<?xml version="1.0" encoding="UTF-8" ?>
<testsuite errors="0" failures="0" hostname="travis-job-405c94fa-75e8-404a-b3e3-8c92d1327ade" name="ptolemy.domains.de.test.junit.JUnitTclTest" skipped="0" tests="101" time="128.33" timestamp="2019-01-08T03:14:15">
  <properties>
    <property name="npm.executable" value="npm" />
    <property name="file.encoding.pkg" value="sun.io" />
    <property name="env.TRAVIS_ROOT" value="/" />
    <property name="ptII.mk.exists" value="true" />
    <property name="env.TRAVIS_APP_HOST" value="build.travis-ci.org" />
    <property name="env.rvm_bin_path" value="/home/travis/.rvm/bin" />
    <property name="java.home" value="/usr/lib/jvm/java-8-oracle/jre" />
    <property name="env.TRAVIS_JOB_NUMBER" value="893.9" />
    <property name="env.TRAVIS_HOME" value="/home/travis" />
    <property name="env.DISPLAY" value=":99.0" />
    <property name="java.net.preferIPv4Stack" value="true" />
    <property name="env.TRAVIS_INIT" value="upstart" />
    <property name="env.SSH_TTY" value="/dev/pts/0" />
    <property name="env.RUN_TESTS" value="false" />
    <property name="timeout.short" value="1000000" />
    <property name="env.TRAVIS_JOB_NAME" value="" />
    <property name="env.TRAVIS_STACK_NODE_ATTRIBUTES" value="/.node-attributes.yml" />
    <property name="junit.formatter" value="xml" />
    <property name="java.endorsed.dirs" value="/usr/lib/jvm/java-8-oracle/jre/lib/endorsed" />
    <property name="env.TRAVIS_SUDO" value="true" />
    <property name="env.LOGNAME" value="travis" />
    <property name="jsdoc.home" value="node_modules/@terraswarm/jsdoc" />
    <property name="debuglevel" value="source,lines,vars" />
    <property name="checkstyle.formatter" value="xml" />
    <property name="bin.vergil.makeable" value="true" />
    <property name="env._system_version" value="14.04" />
    <property name="sun.os.patch.level" value="unknown" />
    <property name="java.vendor.url" value="http://java.oracle.com/" />
    <property name="env.TRAVIS_BUILD_WEB_URL" value="https://travis-ci.org/icyphy/ptII/builds/476655984" />
    <property name="java.version" value="1.8.0_151" />
    <property name="env.TZ" value="UTC" />
    <property name="env.PT_NO_NET" value="true" />
    <property name="env.TRAVIS_PULL_REQUEST_SHA" value="" />
    <property name="env.TRAVIS_SECURE_ENV_VARS" value="true" />
    <property name="env._system_type" value="Linux" />
    <property name="java.vendor.url.bug" value="http://bugreport.sun.com/bugreport/" />
    <property name="env.SSH_CLIENT" value="10.10.4.82 43166 22" />
    <property name="npmjs-org-is-up" value="true" />
    <property name="env.GEM_HOME" value="/home/travis/.rvm/gems/ruby-2.4.1" />
    <property name="env.HAS_ANTARES_THREE_LITTLE_FRONZIES_BADGE" value="true" />
    <property name="env.PS4" value="+" />
    <property name="ant.project.invoked-targets" value="build,test.core2.xml" />
    <property name="env.TRAVIS_PULL_REQUEST_BRANCH" value="" />
    <property name="env.TRAVIS_REPO_SLUG" value="icyphy/ptII" />
    <property name="env.TRAVIS_APT_PROXY" value="http://build-cache.travisci.net" />
    <property name="node.in.path" value="true" />
    <property name="java.maxmemory" value="1400m" />
    <property name="env.RUBY_VERSION" value="ruby-2.4.1" />
    <property name="user.name" value="travis" />
    <property name="env.LANG" value="en_US.UTF-8" />
    <property name="sun.io.unicode.encoding" value="UnicodeLittle" />
    <property name="sun.jnu.encoding" value="UTF-8" />
    <property name="java.runtime.name" value="Java(TM) SE Runtime Environment" />
    <property name="usefile" value="false" />
    <property name="return.code" value="0" />
    <property name="junit.single.formatter" value="plain" />
    <property name="env.DYLD_LIBRARY_PATH" value="/home/travis/pthla/certi-tools/lib:" />
    <property name="env.DEBIAN_FRONTEND" value="noninteractive" />
    <property name="env.SSH_CONNECTION" value="10.10.4.82 43166 10.20.2.151 22" />
    <property name="env.MYSQL_UNIX_PORT" value="/var/run/mysqld/mysqld.sock" />
    <property name="env.TRAVIS_ALLOW_FAILURE" value="false" />
    <property name="env.LC_ALL" value="en_US.UTF-8" />
    <property name="env.TRAVIS_JOB_WEB_URL" value="https://travis-ci.org/icyphy/ptII/jobs/476655993" />
    <property name="java.specification.name" value="Java Platform API Specification" />
    <property name="node.works" value="true" />
    <property name="user.timezone" value="" />
    <property name="path.separator" value=":" />
    <property name="env.TRAVIS_ENABLE_INFRA_DETECTION" value="true" />
    <property name="env.PYTHON_CFLAGS" value="-g -fstack-protector --param=ssp-buffer-size=4 -Wformat -Werror=format-security" />
    <property name="timeout.long" value="4000000" />
    <property name="env.CERTI_HOME" value="/home/travis/pthla/certi-tools" />
    <property name="file.encoding" value="UTF-8" />
    <property name="ant.file.ptII" value="/home/travis/build/icyphy/ptII/build.xml" />
    <property name="javadoc.packagenames" value="com.*,diva.*,lbnl.*,org.hlacerti.*,org.json.*,org.ptolemy.*,org.terraswarm.*,ptolemy.*,ptserver.*" />
    <property name="env.TRAVIS_PULL_REQUEST_SLUG" value="" />
    <property name="ant.project.default-target" value="build" />
    <property name="env.GIT_ASKPASS" value="echo" />
    <property name="env.HOME" value="/home/travis" />
    <property name="sun.java.command" value="org.apache.tools.ant.taskdefs.optional.junit.JUnitTestRunner ptolemy.domains.de.test.junit.JUnitTclTest skipNonTests=false filtertrace=true haltOnError=false haltOnFailure=false formatter=org.apache.tools.ant.taskdefs.optional.junit.OutErrSummaryJUnitResultFormatter showoutput=true outputtoformatters=true logfailedtests=true threadid=0 logtestlistenerevents=false formatter=org.apache.tools.ant.taskdefs.optional.junit.XMLJUnitResultFormatter,/home/travis/build/icyphy/ptII/reports/junit/TEST-ptolemy.domains.de.test.junit.JUnitTclTest.xml crashfile=/home/travis/build/icyphy/ptII/junitvmwatcher6644548357991836870.properties propsfile=/home/travis/build/icyphy/ptII/junit8379134739709401218.properties" />
    <property name="env.MANPATH" value="/home/travis/.nvm/versions/node/v7.10.1/share/man:/home/travis/.kiex/elixirs/elixir-1.4.5/man:/home/travis/.rvm/rubies/ruby-2.4.1/share/man:/usr/local/man:/usr/local/cmake-3.9.2/man:/usr/local/clang-5.0.0/share/man:/usr/local/share/man:/usr/share/man:/home/travis/.rvm/man" />
    <property name="env.COMPOSER_NO_INTERACTION" value="1" />
    <property name="env.JDK_SWITCHER_DEFAULT" value="oraclejdk8" />
    <property name="env.TRAVIS_TIMER_ID" value="004bfb88" />
    <property name="ant.file" value="/home/travis/build/icyphy/ptII/build.xml" />
    <property name="env.TRAVIS_COMMIT_RANGE" value="74ff6bffd10f3bee67a44b19f260dee57b30b71a...66550ec9030b93115c158a8af56f996e01b29da3" />
    <property name="env._system_name" value="Ubuntu" />
    <property name="timeout" value="2400000" />
    <property name="ptII.classpath.optional.property" value="/home/travis/build/icyphy/ptII/lib/bsh-2.0b4.jar:/home/travis/build/icyphy/ptII/lib/ptCal.jar:/home/travis/build/icyphy/ptII/lib/java_cup.jar:/home/travis/build/icyphy/ptII/lib/saxon8.jar:/home/travis/build/icyphy/ptII/lib/saxon8-dom.jar:/home/travis/build/icyphy/ptII/lib/chic.jar:/home/travis/build/icyphy/ptII/lib/ptcolt.jar:/usr/lib/jvm/java-8-oracle/lib/tools.jar:/usr/lib/eclipse/plugins/org.eclipse.jdt.core_3.8.2.dist.jar:/usr/lib/eclipse/plugins/org.eclipse.core.runtime_3.8.0.dist.jar:/usr/lib/eclipse/plugins/org.eclipse.osgi_3.8.1.dist.jar:/usr/lib/eclipse/plugins/org.eclipse.core.resources_3.8.1.dist.jar:/usr/lib/eclipse/plugins/org.eclipse.equinox.common_3.6.100.dist.jar:/usr/lib/eclipse/plugins/org.eclipse.core.jobs_3.5.200.dist.jar:/usr/lib/eclipse/plugins/org.eclipse.core.contenttype_3.4.200.dist.jar:/usr/lib/eclipse/plugins/org.eclipse.equinox.preferences_3.5.0.dist.jar:/usr/lib/eclipse/plugins/org.eclipse.text_3.5.200.dist.jar:/usr/lib/eclipse/plugins/org.eclipse.ui.workbench_3.8.1.dist.jar:/usr/lib/eclipse/plugins/org.eclipse.jface_3.8.0.dist.jar:/usr/lib/eclipse/plugins/org.eclipse.swt_3.8.2.jar:/usr/lib/eclipse/plugins/org.eclipse.jface.text_3.8.1.dist.jar:/usr/lib/eclipse/plugins/org.eclipse.ui.workbench.texteditor_3.8.0.dist.jar:/usr/lib/eclipse/plugins/org.eclipse.ui.editors_3.8.0.dist.jar:/usr/lib/eclipse/plugins/org.eclipse.core.commands_3.6.1.dist.jar:/usr/lib/eclipse/plugins/org.eclipse.equinox.registry_3.5.200.dist.jar:/usr/lib/eclipse/plugins/org.eclipse.ui.console_3.5.100.dist.jar:/usr/lib/eclipse/plugins/org.eclipse.ui.forms_3.5.200.dist.jar:/usr/lib/eclipse/plugins/org.eclipse.ui.ide_3.8.1.dist.jar:/home/travis/build/icyphy/ptII/vendors/oracle/dbxml.jar:/home/travis/build/icyphy/ptII/vendors/oracle/db.jar:/home/travis/build/icyphy/ptII/vendors/misc/itext/iText.jar:/home/travis/build/icyphy/ptII/lib/g4ltl.jar:/home/travis/build/icyphy/ptII/lib/StructuralCoder.jar:/home/travis/build/icyphy/ptII/lib/org-openide-util.jar:/home/travis/build/icyphy/ptII/lib/org-openide-util-lookup.jar:/home/travis/build/icyphy/ptII/lib/org-netbeans-api-visual.jar:/home/travis/build/icyphy/ptII/vendors/jai-1_1_2_01/lib/jai_core.jar:/home/travis/build/icyphy/ptII/vendors/jai-1_1_2_01/lib/jai_codec.jar:/home/travis/build/icyphy/ptII/lib/jcerti.jar:/home/travis/build/icyphy/ptII/lib/smack.jar:/home/travis/build/icyphy/ptII/lib/smackx.jar:/home/travis/build/icyphy/ptII/lib/jetty-all-8.1.5-v20120716.jar:/home/travis/build/icyphy/ptII/lib/javax.servlet-api-3.0.1.jar:/home/travis/build/icyphy/ptII/lib/javax.mail.jar:/home/travis/build/icyphy/ptII/vendors/JMF-2.1.1e/lib/jmf.jar:/home/travis/build/icyphy/ptII/lib/jna-4.0.0-variadic.jar:/home/travis/build/icyphy/ptII/vendors/misc/joystick/Joystick.jar:/home/travis/build/icyphy/ptII/lib/ptjacl.jar:/home/travis/build/icyphy/ptII/lib/jsoup-1.8.2.jar:/home/travis/build/icyphy/ptII/lib/junit-4.8.2.jar:/home/travis/build/icyphy/ptII/lib/JUnitParams-0.4.0.jar:/home/travis/build/icyphy/ptII/ptolemy/actor/lib/excel/jxl.jar:/home/travis/build/icyphy/ptII/lib/jython.jar:/home/travis/build/icyphy/ptII/lib/kieler.jar:/home/travis/build/icyphy/ptII/vendors/opencv/share/OpenCV/java/opencv-341.jar:/home/travis/build/icyphy/ptII/lib/oscP5.jar:/home/travis/build/icyphy/ptII/lib/nrjavaserial-3.11.0.devel.jar:/home/travis/build/icyphy/ptII/vendors/j3d/lib/j3dcore.jar:/home/travis/build/icyphy/ptII/vendors/j3d/lib/j3dutils.jar:/home/travis/build/icyphy/ptII/vendors/j3d/lib/vecmath.jar:/home/travis/build/icyphy/ptII/ptolemy/distributed/jini/jar/jini-core.jar:/home/travis/build/icyphy/ptII/ptolemy/distributed/jini/jar/jini-ext.jar:/home/travis/build/icyphy/ptII/ptolemy/distributed/jini/jar/sun-util.jar:/home/travis/build/icyphy/ptII/lib/protobuf-java-2.4.1.jar:/home/travis/build/icyphy/ptII/lib/org.eclipse.paho.client.mqttv3.jar:/home/travis/build/icyphy/ptII/ptserver/lib/hessian-4.0.7.jar:/home/travis/build/icyphy/ptII/ptserver/lib/wmqtt.jar:/home/travis/build/icyphy/ptII/lib/mapss.jar:/home/travis/build/icyphy/ptII/ptolemy/actor/ptalon/antlr/antlr.jar:/home/travis/build/icyphy/ptII/lib/JRI.jar:/home/travis/build/icyphy/ptII/lib/commons-lang-2.6.jar:/home/travis/build/icyphy/ptII/lib/commons-logging-1.1.1.jar:/home/travis/build/icyphy/ptII/lib/sootclasses.jar:/home/travis/build/icyphy/ptII/ptolemy/actor/lib/database/mysql-connector-java-5.1.6-bin.jar:/home/travis/build/icyphy/ptII/vendors/misc/sphinx4/sphinx4-data-5prealpha.jar:/home/travis/build/icyphy/ptII/vendors/misc/sphinx4/sphinx4-core-5prealpha.jar:/home/travis/build/icyphy/ptII/lib/PDFRenderer.jar:/home/travis/build/icyphy/ptII/lib/svgSalamander.jar:/home/travis/build/icyphy/ptII/lib/rsyntaxtextarea-2.6.0-SNAPSHOT.jar:/home/travis/build/icyphy/ptII/lib/hazelcast-3.8.2.jar:/home/travis/build/icyphy/ptII/lib/jackson-annotations-2.9.0.jar:/home/travis/build/icyphy/ptII/lib/jackson-core-2.9.3.jar:/home/travis/build/icyphy/ptII/lib/jackson-databind-2.9.3.jar:/home/travis/build/icyphy/ptII/lib/netty-buffer-4.1.19.Final.jar:/home/travis/build/icyphy/ptII/lib/netty-codec-4.1.19.Final.jar:/home/travis/build/icyphy/ptII/lib/netty-codec-dns-4.1.19.Final.jar:/home/travis/build/icyphy/ptII/lib/netty-codec-http-4.1.19.Final.jar:/home/travis/build/icyphy/ptII/lib/netty-codec-http2-4.1.19.Final.jar:/home/travis/build/icyphy/ptII/lib/netty-common-4.1.19.Final.jar:/home/travis/build/icyphy/ptII/lib/netty-handler-4.1.19.Final.jar:/home/travis/build/icyphy/ptII/lib/netty-resolver-4.1.19.Final.jar:/home/travis/build/icyphy/ptII/lib/netty-resolver-dns-4.1.19.Final.jar:/home/travis/build/icyphy/ptII/lib/netty-transport-4.1.19.Final.jar:/home/travis/build/icyphy/ptII/lib/vertx-codegen-3.5.1.jar:/home/travis/build/icyphy/ptII/lib/vertx-core-3.5.2-SNAPSHOT.jar:/home/travis/build/icyphy/ptII/lib/vertx-hazelcast-3.5.1.jar:/home/travis/build/icyphy/ptII/lib/vertx-lang-js-3.5.1.jar:/home/travis/build/icyphy/ptII/lib/vertx-service-proxy-3.5.1.jar:/home/travis/build/icyphy/ptII/lib/vertx-web-3.5.1.jar:/home/travis/build/icyphy/ptII/lib/slf4j-api-1.7.13.jar:/home/travis/build/icyphy/ptII/lib/slf4j-simple-1.7.13.jar:/home/travis/build/icyphy/ptII/lib/webcam-capture-0.3.12.jar:/home/travis/build/icyphy/ptII/lib/bridj-0.7.0.jar:/home/travis/build/icyphy/ptII/lib/xbjlib-1.1.0.nrjavaserial.jar" />
    <property name="test.batch" value="**/junit/*.java" />
    <property name="env._" value="/usr/bin/timeout" />
    <property name="java.io.tmpdir" value="/tmp" />
    <property name="env.TRAVIS_INTERNAL_RUBY_REGEX" value="^ruby-(2\.[0-4]\.[0-9]|1\.9\.3)" />
    <property name="user.language" value="en" />
    <property name="env.HISTCONTROL" value="ignoredups:ignorespace" />
    <property name="env.GOROOT" value="/home/travis/.gimme/versions/go1.7.4.linux.amd64" />
    <property name="line.separator" value="&#xa;" />
    <property name="target" value="1.8" />
    <property name="env.TRAVIS_BUILD_DIR" value="/home/travis/build/icyphy/ptII" />
    <property name="env.ANT_OPTS" value="-Xmx2048m" />
    <property name="ant.file.type" value="file" />
    <property name="ptolemy.ptII.batchMode" value="true" />
    <property name="env.HISTSIZE" value="1000" />
    <property name="env.MERB_ENV" value="test" />
    <property name="java.vm.info" value="mixed mode" />
    <property name="source" value="1.8" />
    <property name="java.vm.specification.name" value="Java Virtual Machine Specification" />
    <property name="env.TRAVIS_TEST_RESULT" value="0" />
    <property name="jsdoc.command" value="node_modules/@terraswarm/jsdoc/jsdoc.js" />
    <property name="npm.works" value="true" />
    <property name="cobertura.dir" value="/home/travis/build/icyphy/ptII/vendors/cobertura-2.0.3" />
    <property name="env.rvm_path" value="/home/travis/.rvm" />
    <property name="env.GEM_PATH" value="/home/travis/.rvm/gems/ruby-2.4.1:/home/travis/.rvm/gems/ruby-2.4.1@global" />
    <property name="env.LC_CTYPE" value="en_US.UTF-8" />
    <property name="java.awt.printerjob" value="sun.print.PSPrinterJob" />
    <property name="env.TRAVIS_CMD" value="$PTII/bin/ptIITravisBuild.sh $SECONDS" />
    <property name="env.TRAVIS_STACK_NAME" value="garnet" />
    <property name="env.TRAVIS_TIMER_START_TIME" value="1546916768174690959" />
    <property name="ant.version" value="Apache Ant(TM) version 1.10.1 compiled on February 2 2017" />
    <property name="ptII.reports" value="/home/travis/build/icyphy/ptII/reports" />
    <property name="env.TRAVIS_STACK_TIMESTAMP" value="2017-12-05 19:33:09 UTC" />
    <property name="ant.file.type.ptII" value="file" />
    <property name="env.RBENV_SHELL" value="bash" />
    <property name="os.name" value="Linux" />
    <property name="java.specification.vendor" value="Oracle Corporation" />
    <property name="env.rvm_version" value="1.29.3 (latest)" />
    <property name="env.TRAVIS_INFRA" value="gce" />
    <property name="env.TERM" value="xterm" />
    <property name="java.vm.name" value="Java HotSpot(TM) 64-Bit Server VM" />
    <property name="env.TRAVIS_BUILD_NUMBER" value="893" />
    <property name="env.CI" value="true" />
    <property name="java.library.path" value="/home/travis/pthla/certi-tools/lib:/usr/lib/jni:/usr/local/share/OpenCV/java/:/usr/share/OpenCV/java::/usr/java/packages/lib/amd64:/usr/lib64:/lib64:/lib:/usr/lib" />
    <property name="env.rvm_prefix" value="/home/travis" />
    <property name="env.PATH" value="/home/travis/pthla/certi-tools/share/scripts:/home/travis/.rvm/gems/ruby-2.4.1/bin:/home/travis/.rvm/gems/ruby-2.4.1@global/bin:/home/travis/.rvm/rubies/ruby-2.4.1/bin:/home/travis/.rvm/bin:/home/travis/.nvm/versions/node/v7.10.1/bin:./node_modules/.bin:/home/travis/build/icyphy/ptII/bin:/home/travis/pthla/certi-tools/bin:/home/travis/bin:/home/travis/.local/bin:/opt/pyenv/shims:/home/travis/.phpenv/shims:/home/travis/perl5/perlbrew/bin:/home/travis/.kiex/elixirs/elixir-1.4.5/bin:/home/travis/.kiex/bin:/home/travis/gopath/bin:/home/travis/.gimme/versions/go1.7.4.linux.amd64/bin:/usr/local/phantomjs/bin:/usr/local/phantomjs:/usr/local/neo4j-3.2.7/bin:/usr/local/maven-3.5.2/bin:/usr/local/cmake-3.9.2/bin:/usr/local/clang-5.0.0/bin:/usr/local/sbin:/usr/local/bin:/usr/sbin:/usr/bin:/sbin:/bin:/home/travis/.phpenv/bin:/opt/pyenv/bin:/home/travis/.yarn/bin" />
    <property name="env.TRAVIS_OS_NAME" value="linux" />
    <property name="ant.java.version" value="1.8" />
    <property name="basedir" value="/home/travis/build/icyphy/ptII" />
    <property name="java.class.version" value="52.0" />
    <property name="env.SHLVL" value="3" />
    <property name="env.LD_LIBRARY_PATH" value="/home/travis/pthla/certi-tools/lib:/usr/lib/jni:/usr/local/share/OpenCV/java/:/usr/share/OpenCV/java:" />
    <property name="env.RACK_ENV" value="test" />
    <property name="ant.home" value="/home/travis/build/icyphy/ptII/ant" />
    <property name="env.PERLBREW_BASHRC_VERSION" value="0.80" />
    <property name="env.NVM_DIR" value="/home/travis/.nvm" />
    <property name="env.TRAVIS_BUILD_ID" value="476655984" />
    <property name="env.CERTI_FOM_PATH" value="/home/travis/pthla/certi-tools/share/federations" />
    <property name="env.PYENV_ROOT" value="/opt/pyenv" />
    <property name="env.TRAVIS_UID" value="2000" />
    <property name="env.rvm_pretty_print_flag" value="auto" />
    <property name="env.NVM_BIN" value="/home/travis/.nvm/versions/node/v7.10.1/bin" />
    <property name="env.TRAVIS_COMMIT" value="66550ec9030b93115c158a8af56f996e01b29da3" />
    <property name="env._system_arch" value="x86_64" />
    <property name="node.executable" value="node" />
    <property name="sun.boot.library.path" value="/usr/lib/jvm/java-8-oracle/jre/lib/amd64" />
    <property name="sun.management.compiler" value="HotSpot 64-Bit Tiered Compilers" />
    <property name="env.GOPATH" value="/home/travis/gopath" />
    <property name="java.awt.graphicsenv" value="sun.awt.X11GraphicsEnvironment" />
    <property name="ptolemy.ptII.dir" value="/home/travis/build/icyphy/ptII" />
    <property name="env.USER" value="travis" />
    <property name="env.HISTFILESIZE" value="2000" />
    <property name="timeout.longest" value="19000000" />
    <property name="env.TRAVIS_STACK_FEATURES" value="basic cassandra chromium couchdb disabled-ipv6 docker docker-compose elasticsearch firefox go-toolchain google-chrome jdk memcached mongodb mysql neo4j nodejs_interpreter perl_interpreter perlbrew phantomjs postgresql python_interpreter rabbitmq redis riak ruby_interpreter sqlite xserver" />
    <property name="env.TRAVIS_PULL_REQUEST" value="false" />
    <property name="env.PYENV_SHELL" value="bash" />
    <property name="ant.project.name" value="ptII" />
    <property name="java.vm.specification.version" value="1.8" />
    <property name="env.ANSI_RESET" value="\033[0m" />
    <property name="env.TRAVIS_DIST" value="trusty" />
    <property name="env.CERTI_VERSION" value="4.0.0" />
    <property name="env.NLSPATH" value="/usr/dt/lib/nls/msg/%L/%N.cat" />
    <property name="awt.toolkit" value="sun.awt.X11.XToolkit" />
    <property name="env.CERTI_HOST" value="localhost" />
    <property name="env.MY_RUBY_HOME" value="/home/travis/.rvm/rubies/ruby-2.4.1" />
    <property name="sun.cpu.isalist" value="" />
    <property name="env.TRAVIS_TMPDIR" value="/tmp/tmp.ASTjAQJL76" />
    <property name="java.ext.dirs" value="/usr/lib/jvm/java-8-oracle/jre/lib/ext:/usr/java/packages/lib/ext" />
    <property name="os.version" value="4.4.0-101-generic" />
    <property name="user.home" value="/home/travis" />
    <property name="env.MIX_ARCHIVES" value="/home/travis/.kiex/mix/elixir-1.4.5" />
    <property name="java.vm.vendor" value="Oracle Corporation" />
    <property name="env.TRAVIS_TAG" value="nightly" />
    <property name="env.ANSI_YELLOW" value="\033[33;1m" />
    <property name="env.TRAVIS_FILTERED" value="redirect_io" />
    <property name="env.ANSI_GREEN" value="\033[32;1m" />
    <property name="env.JAVA_HOME" value="/usr/lib/jvm/java-8-oracle" />
    <property name="env.PTII" value="/home/travis/build/icyphy/ptII" />
    <property name="javadoc.excludepackagenames" value="adm.cvs2svn.*,build.*,config.*,doc.coding.templates.*,jni.test.jni.meaningOfLife.*,jni.test.jni.testDeux.*,jni.test.jni.testTrois.*,org.terraswarm.accessor.accessors.web.node_modules.*,org.terraswarm.accessor.accessors.web.hosts.cordova.demo.*,org.terraswarm.accessor.accessors.web.hosts.cordova.plugins.*,org.terraswarm.accessor.accessors-svn.*,pt-modules.*,ptolemy.apps.agilent.*,ptolemy.apps.anytimecontrol.*,ptolemy.apps.apes.*,ptolemy.apps.charon.*,ptolemy.apps.crazyboard.*,ptolemy.apps.eclipse.*,ptolemy.apps.etherealSting.*,ptolemy.apps.fullscreen.*,ptolemy.apps.giotto.*,ptolemy.apps.ia.*,ptolemy.apps.interfaces.*,ptolemy.apps.jmf.*,ptolemy.apps.kurt.*,ptolemy.apps.kvm.*,ptolemy.apps.lego.*,ptolemy.apps.lejos.*,ptolemy.apps.midp.*,ptolemy.apps.mobileCoding.*,ptolemy.apps.pendulum.*,ptolemy.apps.rijndael.*,ptolemy.apps.robot.*,ptolemy.apps.security.*,ptolemy.apps.sobel.*,ptolemy.apps.soot.*,ptolemy.apps.throttle.*,ptolemy.apps.tini.*,ptolemy.apps.transmission.*,ptolemy.apps.vergil.*,ptolemy.apps.waba.*,ptolemy.apps.websensor.*,ptolemy.apps.webstart.*,ptolemy.apps.xsl.*,ptolemy.apps.zaurus.*,ptolemy.backtrack.eclipse.plugin.*,ptolemy.backtrack.test.*,ptolemy.codegen.c.actor.lib.oldJavaFiles.*,ptolemy.codegen.dsp.lib.*,ptolemy.codegen.kernel.newInterfaces.*,ptolemy.codegen.lib.*,ptolemy.copernicus.kernel.fragment.*,ptolemy.copernicus.shallow.cg.*,ptolemy.domains.giotto.demo.Hierarchy.Hierarchy.*,ptolemy.domains.giotto.demo.Multimode.Multimode.*,ptolemy.domains.giotto.demo.Simple.Simple.*,ptolemy.domains.gr.lib.experimental.*,ptolemy.domains.gro.*,ptolemy.domains.pdf.*,ptolemy.domains.ptinyos.demo.Surge.output.*,ptolemy.moml.test.NoPackageActor.java*,ptolemy.plot.adm.*,ptolemy.plot.servlet.*,reports.*,signed.*,src.*,target.*,vendors.*,ptolemy.cg.adapter.generic.program.procedural.c.mbed*,ptolemy.actor.lib.fmi.fmus.omc*,ptolemy.domains.openmodelica*,ptdb.kernel.bl.save.test.*,ptdb.kernel.bl.load.test.*,ptdb.kernel.bl.search.test.*,ptdb.kernel.bl.migration.test.*,ptdb.kernel.database.test.*,ptdb.test.*,ptdb.gui.test.*,org.ptolemy.scala.*,diva.util.java2d.svg.*,ptolemy.domains.ptinyos.*,ptolemy.actor.lib.fmi.fmipp.*,,org.terraswarm.accessor.accessors.web.node_modules.*,org.terraswarm.accessor.accessors-svn,ptolemy.apps.*,ptolemy.actor.ptalon.demo.ptinyos.SendAndReceiveCnt.output,ptolemy.actor.ptalon.demo.ptinyos.SenseToLeds.output,ptolemy.domains.ptinyos.demo.CntToLedsAndRfm.output,ptolemy.domains.ptinyos.demo.RfmToLeds.output,ptolemy.domains.ptinyos.demo.SendAndReceiveCnt.output,ptolemy.domains.ptinyos.demo.SenseToLeds.output,ptolemy.actor.lib.jjs.modules.udpSocket.*" />
    <property name="env.TRAVIS_COMMIT_MESSAGE" value="Complete demo (with comments) for dynamic interface update" />
    <property name="keystore" value="ptKeystore" />
    <property name="env.XDG_SESSION_ID" value="2" />
    <property name="junit.output.dir" value="/home/travis/build/icyphy/ptII/reports/junit" />
    <property name="npm.return.code" value="0" />
    <property name="user.dir" value="/home/travis/build/icyphy/ptII/ptolemy/domains/de/test" />
    <property name="env.TRAVIS_NODE_VERSION" value="7" />
    <property name="env.XFILESEARCHPATH" value="/usr/dt/app-defaults/%L/Dt" />
    <property name="env.TRAVIS_EVENT_TYPE" value="cron" />
    <property name="env.MAIL" value="/var/mail/travis" />
    <property name="env.PWD" value="/home/travis/build/icyphy/ptII" />
    <property name="env.PERLBREW_ROOT" value="/home/travis/perl5/perlbrew" />
    <property name="timeout.npm" value="45000" />
    <property name="env.PT_TRAVIS_TEST_CORE2_XML" value="true" />
    <property name="env.TRAVIS_ARCH" value="amd64" />
    <property name="env.PAGER" value="cat" />
    <property name="sun.cpu.endian" value="little" />
    <property name="env.TRAVIS_BUILD_STAGE_NAME" value="Test" />
    <property name="env.PERLBREW_HOME" value="/home/travis/.perlbrew" />
    <property name="env.RAILS_ENV" value="test" />
    <property name="java.vm.version" value="25.151-b12" />
    <property name="java.class.path" value="/home/travis/build/icyphy/ptII:/home/travis/build/icyphy/ptII/lib/bsh-2.0b4.jar:/home/travis/build/icyphy/ptII/lib/ptCal.jar:/home/travis/build/icyphy/ptII/lib/java_cup.jar:/home/travis/build/icyphy/ptII/lib/saxon8.jar:/home/travis/build/icyphy/ptII/lib/saxon8-dom.jar:/home/travis/build/icyphy/ptII/lib/chic.jar:/home/travis/build/icyphy/ptII/lib/ptcolt.jar:/usr/lib/jvm/java-8-oracle/lib/tools.jar:/usr/lib/eclipse/plugins/org.eclipse.jdt.core_3.8.2.dist.jar:/usr/lib/eclipse/plugins/org.eclipse.core.runtime_3.8.0.dist.jar:/usr/lib/eclipse/plugins/org.eclipse.osgi_3.8.1.dist.jar:/usr/lib/eclipse/plugins/org.eclipse.core.resources_3.8.1.dist.jar:/usr/lib/eclipse/plugins/org.eclipse.equinox.common_3.6.100.dist.jar:/usr/lib/eclipse/plugins/org.eclipse.core.jobs_3.5.200.dist.jar:/usr/lib/eclipse/plugins/org.eclipse.core.contenttype_3.4.200.dist.jar:/usr/lib/eclipse/plugins/org.eclipse.equinox.preferences_3.5.0.dist.jar:/usr/lib/eclipse/plugins/org.eclipse.text_3.5.200.dist.jar:/usr/lib/eclipse/plugins/org.eclipse.ui.workbench_3.8.1.dist.jar:/usr/lib/eclipse/plugins/org.eclipse.jface_3.8.0.dist.jar:/usr/lib/eclipse/plugins/org.eclipse.swt_3.8.2.jar:/usr/lib/eclipse/plugins/org.eclipse.jface.text_3.8.1.dist.jar:/usr/lib/eclipse/plugins/org.eclipse.ui.workbench.texteditor_3.8.0.dist.jar:/usr/lib/eclipse/plugins/org.eclipse.ui.editors_3.8.0.dist.jar:/usr/lib/eclipse/plugins/org.eclipse.core.commands_3.6.1.dist.jar:/usr/lib/eclipse/plugins/org.eclipse.equinox.registry_3.5.200.dist.jar:/usr/lib/eclipse/plugins/org.eclipse.ui.console_3.5.100.dist.jar:/usr/lib/eclipse/plugins/org.eclipse.ui.forms_3.5.200.dist.jar:/usr/lib/eclipse/plugins/org.eclipse.ui.ide_3.8.1.dist.jar:/home/travis/build/icyphy/ptII/vendors/oracle/dbxml.jar:/home/travis/build/icyphy/ptII/vendors/oracle/db.jar:/home/travis/build/icyphy/ptII/vendors/misc/itext/iText.jar:/home/travis/build/icyphy/ptII/lib/g4ltl.jar:/home/travis/build/icyphy/ptII/lib/StructuralCoder.jar:/home/travis/build/icyphy/ptII/lib/org-openide-util.jar:/home/travis/build/icyphy/ptII/lib/org-openide-util-lookup.jar:/home/travis/build/icyphy/ptII/lib/org-netbeans-api-visual.jar:/home/travis/build/icyphy/ptII/vendors/jai-1_1_2_01/lib/jai_core.jar:/home/travis/build/icyphy/ptII/vendors/jai-1_1_2_01/lib/jai_codec.jar:/home/travis/build/icyphy/ptII/lib/jcerti.jar:/home/travis/build/icyphy/ptII/lib/smack.jar:/home/travis/build/icyphy/ptII/lib/smackx.jar:/home/travis/build/icyphy/ptII/lib/jetty-all-8.1.5-v20120716.jar:/home/travis/build/icyphy/ptII/lib/javax.servlet-api-3.0.1.jar:/home/travis/build/icyphy/ptII/lib/javax.mail.jar:/home/travis/build/icyphy/ptII/vendors/JMF-2.1.1e/lib/jmf.jar:/home/travis/build/icyphy/ptII/lib/jna-4.0.0-variadic.jar:/home/travis/build/icyphy/ptII/vendors/misc/joystick/Joystick.jar:/home/travis/build/icyphy/ptII/lib/ptjacl.jar:/home/travis/build/icyphy/ptII/lib/jsoup-1.8.2.jar:/home/travis/build/icyphy/ptII/lib/junit-4.8.2.jar:/home/travis/build/icyphy/ptII/lib/JUnitParams-0.4.0.jar:/home/travis/build/icyphy/ptII/ptolemy/actor/lib/excel/jxl.jar:/home/travis/build/icyphy/ptII/lib/jython.jar:/home/travis/build/icyphy/ptII/lib/kieler.jar:/home/travis/build/icyphy/ptII/vendors/opencv/share/OpenCV/java/opencv-341.jar:/home/travis/build/icyphy/ptII/lib/oscP5.jar:/home/travis/build/icyphy/ptII/lib/nrjavaserial-3.11.0.devel.jar:/home/travis/build/icyphy/ptII/vendors/j3d/lib/j3dcore.jar:/home/travis/build/icyphy/ptII/vendors/j3d/lib/j3dutils.jar:/home/travis/build/icyphy/ptII/vendors/j3d/lib/vecmath.jar:/home/travis/build/icyphy/ptII/ptolemy/distributed/jini/jar/jini-core.jar:/home/travis/build/icyphy/ptII/ptolemy/distributed/jini/jar/jini-ext.jar:/home/travis/build/icyphy/ptII/ptolemy/distributed/jini/jar/sun-util.jar:/home/travis/build/icyphy/ptII/lib/protobuf-java-2.4.1.jar:/home/travis/build/icyphy/ptII/lib/org.eclipse.paho.client.mqttv3.jar:/home/travis/build/icyphy/ptII/ptserver/lib/hessian-4.0.7.jar:/home/travis/build/icyphy/ptII/ptserver/lib/wmqtt.jar:/home/travis/build/icyphy/ptII/lib/mapss.jar:/home/travis/build/icyphy/ptII/ptolemy/actor/ptalon/antlr/antlr.jar:/home/travis/build/icyphy/ptII/lib/JRI.jar:/home/travis/build/icyphy/ptII/lib/commons-lang-2.6.jar:/home/travis/build/icyphy/ptII/lib/commons-logging-1.1.1.jar:/home/travis/build/icyphy/ptII/lib/sootclasses.jar:/home/travis/build/icyphy/ptII/ptolemy/actor/lib/database/mysql-connector-java-5.1.6-bin.jar:/home/travis/build/icyphy/ptII/vendors/misc/sphinx4/sphinx4-data-5prealpha.jar:/home/travis/build/icyphy/ptII/vendors/misc/sphinx4/sphinx4-core-5prealpha.jar:/home/travis/build/icyphy/ptII/lib/PDFRenderer.jar:/home/travis/build/icyphy/ptII/lib/svgSalamander.jar:/home/travis/build/icyphy/ptII/lib/rsyntaxtextarea-2.6.0-SNAPSHOT.jar:/home/travis/build/icyphy/ptII/lib/hazelcast-3.8.2.jar:/home/travis/build/icyphy/ptII/lib/jackson-annotations-2.9.0.jar:/home/travis/build/icyphy/ptII/lib/jackson-core-2.9.3.jar:/home/travis/build/icyphy/ptII/lib/jackson-databind-2.9.3.jar:/home/travis/build/icyphy/ptII/lib/netty-buffer-4.1.19.Final.jar:/home/travis/build/icyphy/ptII/lib/netty-codec-4.1.19.Final.jar:/home/travis/build/icyphy/ptII/lib/netty-codec-dns-4.1.19.Final.jar:/home/travis/build/icyphy/ptII/lib/netty-codec-http-4.1.19.Final.jar:/home/travis/build/icyphy/ptII/lib/netty-codec-http2-4.1.19.Final.jar:/home/travis/build/icyphy/ptII/lib/netty-common-4.1.19.Final.jar:/home/travis/build/icyphy/ptII/lib/netty-handler-4.1.19.Final.jar:/home/travis/build/icyphy/ptII/lib/netty-resolver-4.1.19.Final.jar:/home/travis/build/icyphy/ptII/lib/netty-resolver-dns-4.1.19.Final.jar:/home/travis/build/icyphy/ptII/lib/netty-transport-4.1.19.Final.jar:/home/travis/build/icyphy/ptII/lib/vertx-codegen-3.5.1.jar:/home/travis/build/icyphy/ptII/lib/vertx-core-3.5.2-SNAPSHOT.jar:/home/travis/build/icyphy/ptII/lib/vertx-hazelcast-3.5.1.jar:/home/travis/build/icyphy/ptII/lib/vertx-lang-js-3.5.1.jar:/home/travis/build/icyphy/ptII/lib/vertx-service-proxy-3.5.1.jar:/home/travis/build/icyphy/ptII/lib/vertx-web-3.5.1.jar:/home/travis/build/icyphy/ptII/lib/slf4j-api-1.7.13.jar:/home/travis/build/icyphy/ptII/lib/slf4j-simple-1.7.13.jar:/home/travis/build/icyphy/ptII/lib/webcam-capture-0.3.12.jar:/home/travis/build/icyphy/ptII/lib/bridj-0.7.0.jar:/home/travis/build/icyphy/ptII/lib/xbjlib-1.1.0.nrjavaserial.jar:/home/travis/build/icyphy/ptII/ptolemy/moml/test:/home/travis/build/icyphy/ptII/ant/lib/ant-launcher.jar:/home/travis/build/icyphy/ptII/ant/lib/ant.jar:/home/travis/build/icyphy/ptII/ant/lib/ant-junit.jar:/home/travis/build/icyphy/ptII/ant/lib/ant-junit4.jar" />
    <property name="ant.library.dir" value="/home/travis/build/icyphy/ptII/ant/lib" />
    <property name="os.arch" value="amd64" />
    <property name="env.TRAVIS_LANGUAGE" value="node_js" />
    <property name="env.CONTINUOUS_INTEGRATION" value="true" />
    <property name="env.TRAVIS_STACK_LANGUAGES" value="__garnet__ c c++ clojure cplusplus cpp default go groovy java node_js php pure_java python ruby scala" />
    <property name="test.name" value="ptolemy.actor.lib.test.junit.JUnitTclTest" />
    <property name="sun.java.launcher" value="SUN_STANDARD" />
    <property name="env.PYTHON_CONFIGURE_OPTS" value="--enable-unicode=ucs4 --with-wide-unicode --enable-shared --enable-ipv6 --enable-loadable-sqlite-extensions --with-computed-gotos" />
    <property name="ant.core.lib" value="/home/travis/build/icyphy/ptII/ant/lib/ant.jar" />
    <property name="java.vm.specification.vendor" value="Oracle Corporation" />
    <property name="env.BCVTB_HOME" value="/home/travis/build/icyphy/ptII/lbnl" />
    <property name="file.separator" value="/" />
    <property name="spotbugs.home" value="/home/travis/build/icyphy/ptII/vendors/spotbugs-3.1.1" />
    <property name="java.runtime.version" value="1.8.0_151-b12" />
    <property name="sun.boot.class.path" value="/usr/lib/jvm/java-8-oracle/jre/lib/resources.jar:/usr/lib/jvm/java-8-oracle/jre/lib/rt.jar:/usr/lib/jvm/java-8-oracle/jre/lib/sunrsasign.jar:/usr/lib/jvm/java-8-oracle/jre/lib/jsse.jar:/usr/lib/jvm/java-8-oracle/jre/lib/jce.jar:/usr/lib/jvm/java-8-oracle/jre/lib/charsets.jar:/usr/lib/jvm/java-8-oracle/jre/lib/jfr.jar:/usr/lib/jvm/java-8-oracle/jre/classes" />
    <property name="env.ANSI_CLEAR" value="\033[0K" />
    <property name="env.HAS_JOSH_K_SEAL_OF_APPROVAL" value="true" />
    <property name="env.XDG_RUNTIME_DIR" value="/run/user/2000" />
    <property name="env.TRAVIS_OSX_IMAGE" value="" />
    <property name="env.TRAVIS_BRANCH" value="master" />
    <property name="env.TRAVIS_JOB_ID" value="476655993" />
    <property name="user.country" value="US" />
    <property name="env.CERTI_HOME_TRAVIS" value="/home/travis/pthla/certi-tools" />
    <property name="env.SHELL" value="/bin/bash" />
    <property name="java.maxmemory.large" value="5000m" />
    <property name="model" value="" />
    <property name="env.CASHER_DIR" value="/home/travis/.casher" />
    <property name="env.NVM_CD_FLAGS" value="" />
    <property name="jshint.executable" value="/home/travis/node_modules/jshint/bin/jshint" />
    <property name="java.vendor" value="Oracle Corporation" />
    <property name="env.JRUBY_OPTS" value=" --client -J-XX:+TieredCompilation -J-XX:TieredStopAtLevel=1 -J-Xss2m -Xcompile.invokedynamic=false" />
    <property name="env.TRAVIS_PRE_CHEF_BOOTSTRAP_TIME" value="2017-12-05T19:32:55" />
    <property name="env.TRAVIS_STACK_JOB_BOARD_REGISTER" value="/.job-board-register.yml" />
    <property name="env.ELIXIR_VERSION" value="1.4.5" />
    <property name="env.ANSI_RED" value="\033[31;1m" />
    <property name="java.specification.version" value="1.8" />
    <property name="env.TRAVIS" value="true" />
    <property name="env.IRBRC" value="/home/travis/.rvm/rubies/ruby-2.4.1/.irbrc" />
    <property name="sun.arch.data.model" value="64" />
  </properties>
  <testcase classname="ptolemy.util.test.junit.TclTests" name="[0] /home/travis/build/icyphy/ptII/ptolemy/domains/de/test/DependencyLoop.tcl (RunTclFile)" time="0.627" />
  <testcase classname="ptolemy.util.test.junit.TclTests" name="[1] /home/travis/build/icyphy/ptII/ptolemy/domains/de/test/RunDETestsAsQSS.tcl (RunTclFile)" time="88.627" />
  <testcase classname="ptolemy.util.test.junit.AutoKnownFailedTests" name="[0] /home/travis/build/icyphy/ptII/ptolemy/domains/de/test/auto/knownFailedTests/DESDFClockTest.xml (RunModel)" time="2.034" />
  <testcase classname="ptolemy.util.test.junit.AutoKnownFailedTests" name="[1] /home/travis/build/icyphy/ptII/ptolemy/domains/de/test/auto/knownFailedTests/DirectFeedback.xml (RunModel)" time="0.011" />
  <testcase classname="ptolemy.util.test.junit.AutoKnownFailedTests" name="[2] /home/travis/build/icyphy/ptII/ptolemy/domains/de/test/auto/knownFailedTests/FSMSource.xml (RunModel)" time="0.013" />
  <testcase classname="ptolemy.util.test.junit.AutoKnownFailedTests" name="[3] /home/travis/build/icyphy/ptII/ptolemy/domains/de/test/auto/knownFailedTests/HierarchicalModel.xml (RunModel)" time="0.028" />
  <testcase classname="ptolemy.util.test.junit.AutoKnownFailedTests" name="[4] /home/travis/build/icyphy/ptII/ptolemy/domains/de/test/auto/knownFailedTests/dependencyLoop.xml (RunModel)" time="0.026" />
  <testcase classname="ptolemy.util.test.junit.AutoKnownFailedTests" name="[5] /home/travis/build/icyphy/ptII/ptolemy/domains/de/test/auto/knownFailedTests/dependencyLoop2.xml (RunModel)" time="0.033" />
  <testcase classname="ptolemy.util.test.junit.AutoNameArchTests" name="[0] ThereAreNoAutoArchTests (RunModel)" time="0.0" />
  <testcase classname="ptolemy.util.test.junit.AutoTests" name="[0] /home/travis/build/icyphy/ptII/ptolemy/domains/de/test/auto/ActorDepthCalculation_actorWithoutPorts.xml (RunModel)" time="0.019" />
  <testcase classname="ptolemy.util.test.junit.AutoTests" name="[1] /home/travis/build/icyphy/ptII/ptolemy/domains/de/test/auto/AssemblyLine.xml (RunModel)" time="0.011" />
  <testcase classname="ptolemy.util.test.junit.AutoTests" name="[2] /home/travis/build/icyphy/ptII/ptolemy/domains/de/test/auto/CQBug1.xml (RunModel)" time="0.009" />
  <testcase classname="ptolemy.util.test.junit.AutoTests" name="[3] /home/travis/build/icyphy/ptII/ptolemy/domains/de/test/auto/CancelFireAt.xml (RunModel)" time="0.005" />
  <testcase classname="ptolemy.util.test.junit.AutoTests" name="[4] /home/travis/build/icyphy/ptII/ptolemy/domains/de/test/auto/CausalityAndComposabilityAnalysis.xml (RunModel)" time="0.007" />
  <testcase classname="ptolemy.util.test.junit.AutoTests" name="[5] /home/travis/build/icyphy/ptII/ptolemy/domains/de/test/auto/CausalityInterface1.xml (RunModel)" time="0.008" />
  <testcase classname="ptolemy.util.test.junit.AutoTests" name="[6] /home/travis/build/icyphy/ptII/ptolemy/domains/de/test/auto/CausalityInterface15.xml (RunModel)" time="0.009" />
  <testcase classname="ptolemy.util.test.junit.AutoTests" name="[7] /home/travis/build/icyphy/ptII/ptolemy/domains/de/test/auto/CausalityInterface2.xml (RunModel)" time="0.007" />
  <testcase classname="ptolemy.util.test.junit.AutoTests" name="[8] /home/travis/build/icyphy/ptII/ptolemy/domains/de/test/auto/CausalityInterface3.xml (RunModel)" time="0.008" />
  <testcase classname="ptolemy.util.test.junit.AutoTests" name="[9] /home/travis/build/icyphy/ptII/ptolemy/domains/de/test/auto/ClockDrift.xml (RunModel)" time="0.023" />
  <testcase classname="ptolemy.util.test.junit.AutoTests" name="[10] /home/travis/build/icyphy/ptII/ptolemy/domains/de/test/auto/ClockDriftAndValueChange.xml (RunModel)" time="0.025" />
  <testcase classname="ptolemy.util.test.junit.AutoTests" name="[11] /home/travis/build/icyphy/ptII/ptolemy/domains/de/test/auto/ClockDriftChange.xml (RunModel)" time="0.02" />
  <testcase classname="ptolemy.util.test.junit.AutoTests" name="[12] /home/travis/build/icyphy/ptII/ptolemy/domains/de/test/auto/ComposableCausalityAnalysis.xml (RunModel)" time="0.026" />
  <testcase classname="ptolemy.util.test.junit.AutoTests" name="[13] /home/travis/build/icyphy/ptII/ptolemy/domains/de/test/auto/DEFixedPointLimitation.xml (RunModel)" time="0.011" />
  <testcase classname="ptolemy.util.test.junit.AutoTests" name="[14] /home/travis/build/icyphy/ptII/ptolemy/domains/de/test/auto/DEScheduleTest.xml (RunModel)" time="0.011" />
  <testcase classname="ptolemy.util.test.junit.AutoTests" name="[15] /home/travis/build/icyphy/ptII/ptolemy/domains/de/test/auto/DEinDEwithStartTimes.xml (RunModel)" time="0.014" />
  <testcase classname="ptolemy.util.test.junit.AutoTests" name="[16] /home/travis/build/icyphy/ptII/ptolemy/domains/de/test/auto/DEinDEwithStartTimes2.xml (RunModel)" time="0.016" />
  <testcase classname="ptolemy.util.test.junit.AutoTests" name="[17] /home/travis/build/icyphy/ptII/ptolemy/domains/de/test/auto/DateDemo.xml (RunModel)" time="0.031" />
  <testcase classname="ptolemy.util.test.junit.AutoTests" name="[18] /home/travis/build/icyphy/ptII/ptolemy/domains/de/test/auto/DateToEvent.xml (RunModel)" time="2.042" />
  <testcase classname="ptolemy.util.test.junit.AutoTests" name="[19] /home/travis/build/icyphy/ptII/ptolemy/domains/de/test/auto/DepthTest1.xml (RunModel)" time="0.009" />
  <testcase classname="ptolemy.util.test.junit.AutoTests" name="[20] /home/travis/build/icyphy/ptII/ptolemy/domains/de/test/auto/DepthTest2.xml (RunModel)" time="0.017" />
  <testcase classname="ptolemy.util.test.junit.AutoTests" name="[21] /home/travis/build/icyphy/ptII/ptolemy/domains/de/test/auto/DepthTest3.xml (RunModel)" time="0.008" />
  <testcase classname="ptolemy.util.test.junit.AutoTests" name="[22] /home/travis/build/icyphy/ptII/ptolemy/domains/de/test/auto/DepthTest4.xml (RunModel)" time="0.012" />
  <testcase classname="ptolemy.util.test.junit.AutoTests" name="[23] /home/travis/build/icyphy/ptII/ptolemy/domains/de/test/auto/DepthTest5.xml (RunModel)" time="0.014" />
  <testcase classname="ptolemy.util.test.junit.AutoTests" name="[24] /home/travis/build/icyphy/ptII/ptolemy/domains/de/test/auto/DepthTest6.xml (RunModel)" time="0.015" />
  <testcase classname="ptolemy.util.test.junit.AutoTests" name="[25] /home/travis/build/icyphy/ptII/ptolemy/domains/de/test/auto/DepthTest7.xml (RunModel)" time="0.012" />
  <testcase classname="ptolemy.util.test.junit.AutoTests" name="[26] /home/travis/build/icyphy/ptII/ptolemy/domains/de/test/auto/EventToDate.xml (RunModel)" time="3.037" />
  <testcase classname="ptolemy.util.test.junit.AutoTests" name="[27] /home/travis/build/icyphy/ptII/ptolemy/domains/de/test/auto/FSM1.xml (RunModel)" time="0.037" />
  <testcase classname="ptolemy.util.test.junit.AutoTests" name="[28] /home/travis/build/icyphy/ptII/ptolemy/domains/de/test/auto/FSM7.xml (RunModel)" time="0.046" />
  <testcase classname="ptolemy.util.test.junit.AutoTests" name="[29] /home/travis/build/icyphy/ptII/ptolemy/domains/de/test/auto/Inspection.xml (RunModel)" time="0.049" />
  <testcase classname="ptolemy.util.test.junit.AutoTests" name="[30] /home/travis/build/icyphy/ptII/ptolemy/domains/de/test/auto/Iteration.xml (RunModel)" time="0.02" />
  <testcase classname="ptolemy.util.test.junit.AutoTests" name="[31] /home/travis/build/icyphy/ptII/ptolemy/domains/de/test/auto/LineFault.xml (RunModel)" time="0.5" />
  <testcase classname="ptolemy.util.test.junit.AutoTests" name="[32] /home/travis/build/icyphy/ptII/ptolemy/domains/de/test/auto/MergeModel1Add.xml (RunModel)" time="0.054" />
  <testcase classname="ptolemy.util.test.junit.AutoTests" name="[33] /home/travis/build/icyphy/ptII/ptolemy/domains/de/test/auto/MergeModel2Add.xml (RunModel)" time="0.037" />
  <testcase classname="ptolemy.util.test.junit.AutoTests" name="[34] /home/travis/build/icyphy/ptII/ptolemy/domains/de/test/auto/MergeModel3Add.xml (RunModel)" time="0.04" />
  <testcase classname="ptolemy.util.test.junit.AutoTests" name="[35] /home/travis/build/icyphy/ptII/ptolemy/domains/de/test/auto/MergeWithoutDiscard.xml (RunModel)" time="0.01" />
  <testcase classname="ptolemy.util.test.junit.AutoTests" name="[36] /home/travis/build/icyphy/ptII/ptolemy/domains/de/test/auto/Modal1.xml (RunModel)" time="0.029" />
  <testcase classname="ptolemy.util.test.junit.AutoTests" name="[37] /home/travis/build/icyphy/ptII/ptolemy/domains/de/test/auto/Modal2.xml (RunModel)" time="0.028" />
  <testcase classname="ptolemy.util.test.junit.AutoTests" name="[38] /home/travis/build/icyphy/ptII/ptolemy/domains/de/test/auto/Modal3.xml (RunModel)" time="0.027" />
  <testcase classname="ptolemy.util.test.junit.AutoTests" name="[39] /home/travis/build/icyphy/ptII/ptolemy/domains/de/test/auto/Modal4.xml (RunModel)" time="0.029" />
  <testcase classname="ptolemy.util.test.junit.AutoTests" name="[40] /home/travis/build/icyphy/ptII/ptolemy/domains/de/test/auto/Modal5.xml (RunModel)" time="0.028" />
  <testcase classname="ptolemy.util.test.junit.AutoTests" name="[41] /home/travis/build/icyphy/ptII/ptolemy/domains/de/test/auto/Modal6.xml (RunModel)" time="0.026" />
  <testcase classname="ptolemy.util.test.junit.AutoTests" name="[42] /home/travis/build/icyphy/ptII/ptolemy/domains/de/test/auto/Modal7.xml (RunModel)" time="0.029" />
  <testcase classname="ptolemy.util.test.junit.AutoTests" name="[43] /home/travis/build/icyphy/ptII/ptolemy/domains/de/test/auto/ModalModel.xml (RunModel)" time="0.161" />
  <testcase classname="ptolemy.util.test.junit.AutoTests" name="[44] /home/travis/build/icyphy/ptII/ptolemy/domains/de/test/auto/ModalSource.xml (RunModel)" time="0.02" />
  <testcase classname="ptolemy.util.test.junit.AutoTests" name="[45] /home/travis/build/icyphy/ptII/ptolemy/domains/de/test/auto/NonInterruptibleTimerZeroDelay.xml (RunModel)" time="0.012" />
  <testcase classname="ptolemy.util.test.junit.AutoTests" name="[46] /home/travis/build/icyphy/ptII/ptolemy/domains/de/test/auto/OpenQueueingNetwork.xml (RunModel)" time="2.234" />
  <testcase classname="ptolemy.util.test.junit.AutoTests" name="[47] /home/travis/build/icyphy/ptII/ptolemy/domains/de/test/auto/OpenQueuingNetwork.xml (RunModel)" time="0.263" />
  <testcase classname="ptolemy.util.test.junit.AutoTests" name="[48] /home/travis/build/icyphy/ptII/ptolemy/domains/de/test/auto/PeriodicSampler.xml (RunModel)" time="0.008" />
  <testcase classname="ptolemy.util.test.junit.AutoTests" name="[49] /home/travis/build/icyphy/ptII/ptolemy/domains/de/test/auto/PersistentIO.xml (RunModel)" time="0.02" />
  <testcase classname="ptolemy.util.test.junit.AutoTests" name="[50] /home/travis/build/icyphy/ptII/ptolemy/domains/de/test/auto/PortParameterResetOnInitialize.xml (RunModel)" time="0.008" />
  <testcase classname="ptolemy.util.test.junit.AutoTests" name="[51] /home/travis/build/icyphy/ptII/ptolemy/domains/de/test/auto/PortParameterUpdates.xml (RunModel)" time="0.012" />
  <testcase classname="ptolemy.util.test.junit.AutoTests" name="[52] /home/travis/build/icyphy/ptII/ptolemy/domains/de/test/auto/QueueAndServer.xml (RunModel)" time="0.019" />
  <testcase classname="ptolemy.util.test.junit.AutoTests" name="[53] /home/travis/build/icyphy/ptII/ptolemy/domains/de/test/auto/Records.xml (RunModel)" time="0.013" />
  <testcase classname="ptolemy.util.test.junit.AutoTests" name="[54] /home/travis/build/icyphy/ptII/ptolemy/domains/de/test/auto/ResetTransitionWithStartTime1.xml (RunModel)" time="0.016" />
  <testcase classname="ptolemy.util.test.junit.AutoTests" name="[55] /home/travis/build/icyphy/ptII/ptolemy/domains/de/test/auto/ResetTransitionWithStartTime2.xml (RunModel)" time="0.015" />
  <testcase classname="ptolemy.util.test.junit.AutoTests" name="[56] /home/travis/build/icyphy/ptII/ptolemy/domains/de/test/auto/ResetTransitionWithStartTime3.xml (RunModel)" time="0.015" />
  <testcase classname="ptolemy.util.test.junit.AutoTests" name="[57] /home/travis/build/icyphy/ptII/ptolemy/domains/de/test/auto/ResetTransitionWithStartTime4.xml (RunModel)" time="0.017" />
  <testcase classname="ptolemy.util.test.junit.AutoTests" name="[58] /home/travis/build/icyphy/ptII/ptolemy/domains/de/test/auto/ResettableTimer1.xml (RunModel)" time="0.009" />
  <testcase classname="ptolemy.util.test.junit.AutoTests" name="[59] /home/travis/build/icyphy/ptII/ptolemy/domains/de/test/auto/ResettableTimer2.xml (RunModel)" time="0.009" />
  <testcase classname="ptolemy.util.test.junit.AutoTests" name="[60] /home/travis/build/icyphy/ptII/ptolemy/domains/de/test/auto/ResettableTimer3.xml (RunModel)" time="0.009" />
  <testcase classname="ptolemy.util.test.junit.AutoTests" name="[61] /home/travis/build/icyphy/ptII/ptolemy/domains/de/test/auto/ResettableTimer4.xml (RunModel)" time="0.008" />
  <testcase classname="ptolemy.util.test.junit.AutoTests" name="[62] /home/travis/build/icyphy/ptII/ptolemy/domains/de/test/auto/ResettableTimer5.xml (RunModel)" time="0.008" />
  <testcase classname="ptolemy.util.test.junit.AutoTests" name="[63] /home/travis/build/icyphy/ptII/ptolemy/domains/de/test/auto/ResettableTimer6.xml (RunModel)" time="0.021" />
  <testcase classname="ptolemy.util.test.junit.AutoTests" name="[64] /home/travis/build/icyphy/ptII/ptolemy/domains/de/test/auto/ServerZeroDelay.xml (RunModel)" time="0.01" />
  <testcase classname="ptolemy.util.test.junit.AutoTests" name="[65] /home/travis/build/icyphy/ptII/ptolemy/domains/de/test/auto/SmartSender.xml (RunModel)" time="3.008" />
  <testcase classname="ptolemy.util.test.junit.AutoTests" name="[66] /home/travis/build/icyphy/ptII/ptolemy/domains/de/test/auto/ThreadedComposite.xml (RunModel)" time="0.108" />
  <testcase classname="ptolemy.util.test.junit.AutoTests" name="[67] /home/travis/build/icyphy/ptII/ptolemy/domains/de/test/auto/Time.xml (RunModel)" time="0.422" />
  <testcase classname="ptolemy.util.test.junit.AutoTests" name="[68] /home/travis/build/icyphy/ptII/ptolemy/domains/de/test/auto/TimeDelayZeroDelay.xml (RunModel)" time="0.013" />
  <testcase classname="ptolemy.util.test.junit.AutoTests" name="[69] /home/travis/build/icyphy/ptII/ptolemy/domains/de/test/auto/TimerZeroDelay.xml (RunModel)" time="0.008" />
  <testcase classname="ptolemy.util.test.junit.AutoTests" name="[70] /home/travis/build/icyphy/ptII/ptolemy/domains/de/test/auto/TimingParadox.xml (RunModel)" time="0.326" />
  <testcase classname="ptolemy.util.test.junit.AutoTests" name="[71] /home/travis/build/icyphy/ptII/ptolemy/domains/de/test/auto/TransferInputs.xml (RunModel)" time="0.008" />
  <testcase classname="ptolemy.util.test.junit.AutoTests" name="[72] /home/travis/build/icyphy/ptII/ptolemy/domains/de/test/auto/TransferOutputs2.xml (RunModel)" time="0.014" />
  <testcase classname="ptolemy.util.test.junit.AutoTests" name="[73] /home/travis/build/icyphy/ptII/ptolemy/domains/de/test/auto/Trilateration.xml (RunModel)" time="11.263" />
  <testcase classname="ptolemy.util.test.junit.AutoTests" name="[74] /home/travis/build/icyphy/ptII/ptolemy/domains/de/test/auto/TwoSigmaDelta.xml (RunModel)" time="1.953" />
  <testcase classname="ptolemy.util.test.junit.AutoTests" name="[75] /home/travis/build/icyphy/ptII/ptolemy/domains/de/test/auto/VariableDelay.xml (RunModel)" time="0.01" />
  <testcase classname="ptolemy.util.test.junit.AutoTests" name="[76] /home/travis/build/icyphy/ptII/ptolemy/domains/de/test/auto/VariableDelay2.xml (RunModel)" time="0.008" />
  <testcase classname="ptolemy.util.test.junit.AutoTests" name="[77] /home/travis/build/icyphy/ptII/ptolemy/domains/de/test/auto/VariableDelayZeroDelay.xml (RunModel)" time="0.01" />
  <testcase classname="ptolemy.util.test.junit.AutoTests" name="[78] /home/travis/build/icyphy/ptII/ptolemy/domains/de/test/auto/VariableDelayZeroDelay2.xml (RunModel)" time="0.009" />
  <testcase classname="ptolemy.util.test.junit.AutoTests" name="[79] /home/travis/build/icyphy/ptII/ptolemy/domains/de/test/auto/deInCt.xml (RunModel)" time="0.015" />
  <testcase classname="ptolemy.util.test.junit.AutoTests" name="[80] /home/travis/build/icyphy/ptII/ptolemy/domains/de/test/auto/deInCt2.xml (RunModel)" time="0.012" />
  <testcase classname="ptolemy.util.test.junit.AutoTests" name="[81] /home/travis/build/icyphy/ptII/ptolemy/domains/de/test/auto/dynamicCausalityInterface1.xml (RunModel)" time="0.018" />
  <testcase classname="ptolemy.util.test.junit.AutoTests" name="[82] /home/travis/build/icyphy/ptII/ptolemy/domains/de/test/auto/fsm_de_test.xml (RunModel)" time="0.02" />
  <testcase classname="ptolemy.util.test.junit.AutoTests" name="[83] /home/travis/build/icyphy/ptII/ptolemy/domains/de/test/auto/functionDependencyReconstruction.xml (RunModel)" time="0.031" />
  <testcase classname="ptolemy.util.test.junit.AutoTests" name="[84] /home/travis/build/icyphy/ptII/ptolemy/domains/de/test/auto/multirate.xml (RunModel)" time="0.014" />
  <testcase classname="ptolemy.util.test.junit.AutoTests" name="[85] /home/travis/build/icyphy/ptII/ptolemy/domains/de/test/auto/multirate2.xml (RunModel)" time="0.013" />
  <testcase classname="ptolemy.util.test.junit.AutoTests" name="[86] /home/travis/build/icyphy/ptII/ptolemy/domains/de/test/auto/realtime.xml (RunModel)" time="10.009" />
  <testcase classname="ptolemy.util.test.junit.AutoTests" name="[87] /home/travis/build/icyphy/ptII/ptolemy/domains/de/test/auto/relationGroup.xml (RunModel)" time="0.014" />
  <testcase classname="ptolemy.util.test.junit.AutoTests" name="[88] /home/travis/build/icyphy/ptII/ptolemy/domains/de/test/auto/relationGroup2.xml (RunModel)" time="0.008" />
  <testcase classname="ptolemy.util.test.junit.AutoTests" name="[89] /home/travis/build/icyphy/ptII/ptolemy/domains/de/test/auto/sortWithOpaquePorts.xml (RunModel)" time="0.012" />
  <testcase classname="ptolemy.util.test.junit.AutoTests" name="[90] /home/travis/build/icyphy/ptII/ptolemy/domains/de/test/auto/transferInputsandOutputs.xml (RunModel)" time="0.018" />
  <testcase classname="ptolemy.util.test.junit.AutoTests" name="[91] /home/travis/build/icyphy/ptII/ptolemy/domains/de/test/auto/triggerType.xml (RunModel)" time="0.01" />
  <system-out><![CDATA[/home/travis/build/icyphy/ptII/ptolemy/domains/de/test/DependencyLoop.tcl
testDefs.tcl: setting time out to 9000 seconds at Tue Jan 08 03:14:15 UTC 2019
14 ms. Memory: 116224K Free: 93968K (81%)
6 ms. Memory: 146944K Free: 135080K (92%)
/home/travis/build/icyphy/ptII/ptolemy/domains/de/test/RunDETestsAsQSS.tcl
Run the DE tests using ptolemy.domains.qss.test.QSSDirectorTest, which extends QSSDirector and prints a message in the constructors.
------------------ testing $PTII/ptolemy/domains/de/test/auto/knownFailedTests/dependencyLoop.xml (Known Failure) 
16 ms. Memory: 146944K Free: 131968K (90%)


==== $PTIIhome/travis/build/icyphy/ptII/ptolemy/domains/de/test/../../../../: Auto Automatic test in file $PTII/ptolemy/domains/de/test/auto/knownFailedTests/dependencyLoop.xml
==== Contents of test case:

	    # FIXME: we should use $relativeFilename here, but it
	    # might have backslashes under Windows, which causes no end
	    # of trouble.
	    createAndExecute $file
	    list {}
	
.... Test generated KNOWN error:
    while executing
ptolemy.kernel.util.IllegalActionException: Found a zero delay loop containing .dependencyLoop.original
  in .dependencyLoop and .dependencyLoop.original
	at ptolemy.actor.util.CausalityInterfaceForComposites._computeOutputPortDepth(CausalityInterfaceForComposites.java:759)
	at ptolemy.actor.util.CausalityInterfaceForComposites._computeInputDepth(CausalityInterfaceForComposites.java:696)
	at ptolemy.actor.util.CausalityInterfaceForComposites._computeOutputPortDepth(CausalityInterfaceForComposites.java:765)
	at ptolemy.actor.util.CausalityInterfaceForComposites._computeInputDepth(CausalityInterfaceForComposites.java:696)
	at ptolemy.actor.util.CausalityInterfaceForComposites._computeOutputPortDepth(CausalityInterfaceForComposites.java:765)
	at ptolemy.actor.util.CausalityInterfaceForComposites._computeInputDepth(CausalityInterfaceForComposites.java:696)
	at ptolemy.actor.util.CausalityInterfaceForComposites._computeActorDepth(CausalityInterfaceForComposites.java:532)
	at ptolemy.actor.util.CausalityInterfaceForComposites.checkForCycles(CausalityInterfaceForComposites.java:96)
	at ptolemy.domains.de.kernel.DEDirector.preinitialize(DEDirector.java:1338)
	at ptolemy.actor.CompositeActor.preinitialize(CompositeActor.java:1828)
	at ptolemy.actor.Manager.preinitializeAndResolveTypes(Manager.java:1040)
	at ptolemy.actor.Manager.initialize(Manager.java:710)
	at ptolemy.actor.Manager.execute(Manager.java:356)
	at ptolemy.actor.Manager.run(Manager.java:1263)
	at ptolemy.actor.Manager$PtolemyRunThread.run(Manager.java:1915)

    while executing
ptolemy.kernel.util.IllegalActionException: Found a zero delay loop containing .dependencyLoop.original
  in .dependencyLoop and .dependencyLoop.original
    while executing
"java::new ptolemy.moml.MoMLSimpleApplication $file
"
    (procedure "createAndExecute" line 2)
    invoked from within
"createAndExecute $file"
    ("uplevel" body line 5)
    invoked from within
"uplevel $contents_of_test"
------------------ testing $PTII/ptolemy/domains/de/test/auto/knownFailedTests/DESDFClockTest.xml (Known Failure) 
2058 ms. Memory: 146944K Free: 116534K (79%)


==== $PTIIhome/travis/build/icyphy/ptII/ptolemy/domains/de/test/../../../../: Auto Automatic test in file $PTII/ptolemy/domains/de/test/auto/knownFailedTests/DESDFClockTest.xml
==== Contents of test case:

	    # FIXME: we should use $relativeFilename here, but it
	    # might have backslashes under Windows, which causes no end
	    # of trouble.
	    createAndExecute $file
	    list {}
	
.... Test generated KNOWN error:
    while executing
ptolemy.kernel.util.IllegalActionException: Actor is not ready to fire.  Perhaps UpSample.prefire() returned false? Try debugging the actor by selecting "Listen to Actor".  Also, for SDF check moml for tokenConsumptionRate on input.
  in .DESDFClockTest.Play Bell.Copy1:SDF Director and .DESDFClockTest.Play Bell.UpSample
	at ptolemy.actor.sched.StaticSchedulingDirector.fire(StaticSchedulingDirector.java:227)
	at ptolemy.domains.sdf.kernel.SDFDirector.fire(SDFDirector.java:500)
	at ptolemy.actor.CompositeActor.fire(CompositeActor.java:455)
	at ptolemy.domains.de.kernel.DEDirector._fire(DEDirector.java:1949)
	at ptolemy.domains.de.kernel.DEDirector.fire(DEDirector.java:502)
	at ptolemy.actor.CompositeActor.fire(CompositeActor.java:455)
	at ptolemy.actor.Manager.iterate(Manager.java:851)
	at ptolemy.actor.Manager.execute(Manager.java:369)
	at ptolemy.actor.Manager.run(Manager.java:1263)
	at ptolemy.actor.Manager$PtolemyRunThread.run(Manager.java:1915)

    while executing
ptolemy.kernel.util.IllegalActionException: Actor is not ready to fire.  Perhaps UpSample.prefire() returned false? Try debugging the actor by selecting "Listen to Actor".  Also, for SDF check moml for tokenConsumptionRate on input.
  in .DESDFClockTest.Play Bell.Copy1:SDF Director and .DESDFClockTest.Play Bell.UpSample
    while executing
"java::new ptolemy.moml.MoMLSimpleApplication $file
"
    (procedure "createAndExecute" line 2)
    invoked from within
"createAndExecute $file"
    ("uplevel" body line 5)
    invoked from within
"uplevel $contents_of_test"
------------------ testing $PTII/ptolemy/domains/de/test/auto/knownFailedTests/FSMSource.xml (Known Failure) 
28 ms. Memory: 146944K Free: 107581K (73%)
!!!! Auto was marked as failing, but now passes
------------------ testing $PTII/ptolemy/domains/de/test/auto/knownFailedTests/dependencyLoop2.xml (Known Failure) 
5 ms. Memory: 146944K Free: 105698K (72%)


==== $PTIIhome/travis/build/icyphy/ptII/ptolemy/domains/de/test/../../../../: Auto Automatic test in file $PTII/ptolemy/domains/de/test/auto/knownFailedTests/dependencyLoop2.xml
==== Contents of test case:

	    # FIXME: we should use $relativeFilename here, but it
	    # might have backslashes under Windows, which causes no end
	    # of trouble.
	    createAndExecute $file
	    list {}
	
.... Test generated KNOWN error:
    while executing
ptolemy.kernel.util.IllegalActionException: Found a zero delay loop containing .dependencyLoop2.original
  in .dependencyLoop2 and .dependencyLoop2.original
	at ptolemy.actor.util.CausalityInterfaceForComposites._computeOutputPortDepth(CausalityInterfaceForComposites.java:759)
	at ptolemy.actor.util.CausalityInterfaceForComposites._computeInputDepth(CausalityInterfaceForComposites.java:696)
	at ptolemy.actor.util.CausalityInterfaceForComposites._computeOutputPortDepth(CausalityInterfaceForComposites.java:765)
	at ptolemy.actor.util.CausalityInterfaceForComposites._computeInputDepth(CausalityInterfaceForComposites.java:696)
	at ptolemy.actor.util.CausalityInterfaceForComposites._computeOutputPortDepth(CausalityInterfaceForComposites.java:765)
	at ptolemy.actor.util.CausalityInterfaceForComposites._computeInputDepth(CausalityInterfaceForComposites.java:696)
	at ptolemy.actor.util.CausalityInterfaceForComposites._computeActorDepth(CausalityInterfaceForComposites.java:532)
	at ptolemy.actor.util.CausalityInterfaceForComposites.checkForCycles(CausalityInterfaceForComposites.java:96)
	at ptolemy.domains.de.kernel.DEDirector.preinitialize(DEDirector.java:1338)
	at ptolemy.actor.CompositeActor.preinitialize(CompositeActor.java:1828)
	at ptolemy.actor.Manager.preinitializeAndResolveTypes(Manager.java:1040)
	at ptolemy.actor.Manager.initialize(Manager.java:710)
	at ptolemy.actor.Manager.execute(Manager.java:356)
	at ptolemy.actor.Manager.run(Manager.java:1263)
	at ptolemy.actor.Manager$PtolemyRunThread.run(Manager.java:1915)

    while executing
ptolemy.kernel.util.IllegalActionException: Found a zero delay loop containing .dependencyLoop2.original
  in .dependencyLoop2 and .dependencyLoop2.original
    while executing
"java::new ptolemy.moml.MoMLSimpleApplication $file
"
    (procedure "createAndExecute" line 2)
    invoked from within
"createAndExecute $file"
    ("uplevel" body line 5)
    invoked from within
"uplevel $contents_of_test"
------------------ testing $PTII/ptolemy/domains/de/test/auto/knownFailedTests/HierarchicalModel.xml (Known Failure) 
4 ms. Memory: 146944K Free: 84010K (57%)


==== $PTIIhome/travis/build/icyphy/ptII/ptolemy/domains/de/test/../../../../: Auto Automatic test in file $PTII/ptolemy/domains/de/test/auto/knownFailedTests/HierarchicalModel.xml
==== Contents of test case:

	    # FIXME: we should use $relativeFilename here, but it
	    # might have backslashes under Windows, which causes no end
	    # of trouble.
	    createAndExecute $file
	    list {}
	
.... Test generated KNOWN error:
    while executing
ptolemy.kernel.util.IllegalActionException: Found a zero delay loop containing .HierarchicalModel.A
  in .HierarchicalModel and .HierarchicalModel.A
	at ptolemy.actor.util.CausalityInterfaceForComposites._computeOutputPortDepth(CausalityInterfaceForComposites.java:759)
	at ptolemy.actor.util.CausalityInterfaceForComposites._computeInputDepth(CausalityInterfaceForComposites.java:696)
	at ptolemy.actor.util.CausalityInterfaceForComposites._computeOutputPortDepth(CausalityInterfaceForComposites.java:765)
	at ptolemy.actor.util.CausalityInterfaceForComposites._computeInputDepth(CausalityInterfaceForComposites.java:696)
	at ptolemy.actor.util.CausalityInterfaceForComposites._computeOutputPortDepth(CausalityInterfaceForComposites.java:765)
	at ptolemy.actor.util.CausalityInterfaceForComposites._computeInputDepth(CausalityInterfaceForComposites.java:696)
	at ptolemy.actor.util.CausalityInterfaceForComposites._computeActorDepth(CausalityInterfaceForComposites.java:532)
	at ptolemy.actor.util.CausalityInterfaceForComposites.checkForCycles(CausalityInterfaceForComposites.java:96)
	at ptolemy.domains.de.kernel.DEDirector.preinitialize(DEDirector.java:1338)
	at ptolemy.actor.CompositeActor.preinitialize(CompositeActor.java:1828)
	at ptolemy.actor.Manager.preinitializeAndResolveTypes(Manager.java:1040)
	at ptolemy.actor.Manager.initialize(Manager.java:710)
	at ptolemy.actor.Manager.execute(Manager.java:356)
	at ptolemy.actor.Manager.run(Manager.java:1263)
	at ptolemy.actor.Manager$PtolemyRunThread.run(Manager.java:1915)

    while executing
ptolemy.kernel.util.IllegalActionException: Found a zero delay loop containing .HierarchicalModel.A
  in .HierarchicalModel and .HierarchicalModel.A
    while executing
"java::new ptolemy.moml.MoMLSimpleApplication $file
"
    (procedure "createAndExecute" line 2)
    invoked from within
"createAndExecute $file"
    ("uplevel" body line 5)
    invoked from within
"uplevel $contents_of_test"
------------------ testing $PTII/ptolemy/domains/de/test/auto/knownFailedTests/DirectFeedback.xml (Known Failure) 
4 ms. Memory: 146944K Free: 141154K (96%)


==== $PTIIhome/travis/build/icyphy/ptII/ptolemy/domains/de/test/../../../../: Auto Automatic test in file $PTII/ptolemy/domains/de/test/auto/knownFailedTests/DirectFeedback.xml
==== Contents of test case:

	    # FIXME: we should use $relativeFilename here, but it
	    # might have backslashes under Windows, which causes no end
	    # of trouble.
	    createAndExecute $file
	    list {}
	
.... Test generated KNOWN error:
    while executing
ptolemy.kernel.util.IllegalActionException: Test fails in iteration 1.
Value was: 1.0. Should have been: 2.0
  in .DirectFeedback.Test
	at ptolemy.actor.lib.Test.fire(Test.java:268)
	at ptolemy.domains.de.kernel.DEDirector._fire(DEDirector.java:1949)
	at ptolemy.domains.de.kernel.DEDirector.fire(DEDirector.java:502)
	at ptolemy.actor.CompositeActor.fire(CompositeActor.java:455)
	at ptolemy.actor.Manager.iterate(Manager.java:851)
	at ptolemy.actor.Manager.execute(Manager.java:369)
	at ptolemy.actor.Manager.run(Manager.java:1263)
	at ptolemy.actor.Manager$PtolemyRunThread.run(Manager.java:1915)

    while executing
ptolemy.kernel.util.IllegalActionException: Test fails in iteration 1.
Value was: 1.0. Should have been: 2.0
  in .DirectFeedback.Test
    while executing
"java::new ptolemy.moml.MoMLSimpleApplication $file
"
    (procedure "createAndExecute" line 2)
    invoked from within
"createAndExecute $file"
    ("uplevel" body line 5)
    invoked from within
"uplevel $contents_of_test"
------------------ testing $PTII/ptolemy/domains/de/test/auto/ActorDepthCalculation_actorWithoutPorts.xml
auto.tcl: Setting watchdog for 200 seconds at Tue Jan 08 03:14:18 UTC 2019
3 ms. Memory: 146944K Free: 132401K (90%)
ptolemy.util.test.WatchDog.cancel(): canceling Tue Jan 08 03:14:18 UTC 2019
auto.tcl: Setting watchdog for 200 seconds at Tue Jan 08 03:14:18 UTC 2019
4 ms. Memory: 146944K Free: 131358K (89%)
ptolemy.util.test.WatchDog.cancel(): canceling Tue Jan 08 03:14:18 UTC 2019
------------------ testing $PTII/ptolemy/domains/de/test/auto/AssemblyLine.xml
auto.tcl: Setting watchdog for 200 seconds at Tue Jan 08 03:14:19 UTC 2019
20 ms. Memory: 208384K Free: 182806K (88%)
ptolemy.util.test.WatchDog.cancel(): canceling Tue Jan 08 03:14:19 UTC 2019
auto.tcl: Setting watchdog for 200 seconds at Tue Jan 08 03:14:19 UTC 2019
10 ms. Memory: 208384K Free: 182806K (88%)
ptolemy.util.test.WatchDog.cancel(): canceling Tue Jan 08 03:14:19 UTC 2019
------------------ testing $PTII/ptolemy/domains/de/test/auto/CQBug1.xml
auto.tcl: Setting watchdog for 200 seconds at Tue Jan 08 03:14:19 UTC 2019
3 ms. Memory: 208384K Free: 197695K (95%)
ptolemy.util.test.WatchDog.cancel(): canceling Tue Jan 08 03:14:19 UTC 2019
auto.tcl: Setting watchdog for 200 seconds at Tue Jan 08 03:14:19 UTC 2019
2 ms. Memory: 208384K Free: 197695K (95%)
ptolemy.util.test.WatchDog.cancel(): canceling Tue Jan 08 03:14:19 UTC 2019
------------------ testing $PTII/ptolemy/domains/de/test/auto/CancelFireAt.xml
auto.tcl: Setting watchdog for 200 seconds at Tue Jan 08 03:14:19 UTC 2019
3 ms. Memory: 208384K Free: 201423K (97%)
ptolemy.util.test.WatchDog.cancel(): canceling Tue Jan 08 03:14:19 UTC 2019
auto.tcl: Setting watchdog for 200 seconds at Tue Jan 08 03:14:19 UTC 2019
8 ms. Memory: 208384K Free: 198978K (95%)
ptolemy.util.test.WatchDog.cancel(): canceling Tue Jan 08 03:14:19 UTC 2019
------------------ testing $PTII/ptolemy/domains/de/test/auto/CausalityAndComposabilityAnalysis.xml
auto.tcl: Setting watchdog for 200 seconds at Tue Jan 08 03:14:19 UTC 2019
15 ms. Memory: 208384K Free: 196468K (94%)
ptolemy.util.test.WatchDog.cancel(): canceling Tue Jan 08 03:14:19 UTC 2019
auto.tcl: Setting watchdog for 200 seconds at Tue Jan 08 03:14:19 UTC 2019
6 ms. Memory: 208384K Free: 196468K (94%)
ptolemy.util.test.WatchDog.cancel(): canceling Tue Jan 08 03:14:19 UTC 2019
------------------ testing $PTII/ptolemy/domains/de/test/auto/CausalityInterface1.xml
auto.tcl: Setting watchdog for 200 seconds at Tue Jan 08 03:14:19 UTC 2019
12 ms. Memory: 208384K Free: 196404K (94%)
ptolemy.util.test.WatchDog.cancel(): canceling Tue Jan 08 03:14:19 UTC 2019
auto.tcl: Setting watchdog for 200 seconds at Tue Jan 08 03:14:19 UTC 2019
5 ms. Memory: 208384K Free: 196404K (94%)
ptolemy.util.test.WatchDog.cancel(): canceling Tue Jan 08 03:14:19 UTC 2019
------------------ testing $PTII/ptolemy/domains/de/test/auto/CausalityInterface15.xml
auto.tcl: Setting watchdog for 200 seconds at Tue Jan 08 03:14:19 UTC 2019
7 ms. Memory: 208384K Free: 196395K (94%)
ptolemy.util.test.WatchDog.cancel(): canceling Tue Jan 08 03:14:19 UTC 2019
auto.tcl: Setting watchdog for 200 seconds at Tue Jan 08 03:14:19 UTC 2019
7 ms. Memory: 208384K Free: 196395K (94%)
ptolemy.util.test.WatchDog.cancel(): canceling Tue Jan 08 03:14:19 UTC 2019
------------------ testing $PTII/ptolemy/domains/de/test/auto/CausalityInterface2.xml
auto.tcl: Setting watchdog for 200 seconds at Tue Jan 08 03:14:19 UTC 2019
7 ms. Memory: 208384K Free: 196716K (94%)
ptolemy.util.test.WatchDog.cancel(): canceling Tue Jan 08 03:14:19 UTC 2019
auto.tcl: Setting watchdog for 200 seconds at Tue Jan 08 03:14:19 UTC 2019
2 ms. Memory: 208384K Free: 196378K (94%)
ptolemy.util.test.WatchDog.cancel(): canceling Tue Jan 08 03:14:19 UTC 2019
------------------ testing $PTII/ptolemy/domains/de/test/auto/CausalityInterface3.xml
auto.tcl: Setting watchdog for 200 seconds at Tue Jan 08 03:14:19 UTC 2019
3 ms. Memory: 208384K Free: 196391K (94%)
ptolemy.util.test.WatchDog.cancel(): canceling Tue Jan 08 03:14:20 UTC 2019
auto.tcl: Setting watchdog for 200 seconds at Tue Jan 08 03:14:20 UTC 2019
4 ms. Memory: 208384K Free: 196391K (94%)
ptolemy.util.test.WatchDog.cancel(): canceling Tue Jan 08 03:14:20 UTC 2019
------------------ testing $PTII/ptolemy/domains/de/test/auto/ClockDrift.xml
auto.tcl: Setting watchdog for 200 seconds at Tue Jan 08 03:14:20 UTC 2019
72 ms. Memory: 208384K Free: 187600K (90%)
ptolemy.util.test.WatchDog.cancel(): canceling Tue Jan 08 03:14:20 UTC 2019
auto.tcl: Setting watchdog for 200 seconds at Tue Jan 08 03:14:20 UTC 2019
48 ms. Memory: 208384K Free: 185492K (89%)
ptolemy.util.test.WatchDog.cancel(): canceling Tue Jan 08 03:14:20 UTC 2019
------------------ testing $PTII/ptolemy/domains/de/test/auto/ClockDriftAndValueChange.xml
auto.tcl: Setting watchdog for 200 seconds at Tue Jan 08 03:14:20 UTC 2019
39 ms. Memory: 208384K Free: 187434K (90%)
ptolemy.util.test.WatchDog.cancel(): canceling Tue Jan 08 03:14:20 UTC 2019
auto.tcl: Setting watchdog for 200 seconds at Tue Jan 08 03:14:20 UTC 2019
28 ms. Memory: 208384K Free: 185326K (89%)
ptolemy.util.test.WatchDog.cancel(): canceling Tue Jan 08 03:14:20 UTC 2019
------------------ testing $PTII/ptolemy/domains/de/test/auto/ClockDriftChange.xml
auto.tcl: Setting watchdog for 200 seconds at Tue Jan 08 03:14:20 UTC 2019
39 ms. Memory: 208384K Free: 190513K (91%)
ptolemy.util.test.WatchDog.cancel(): canceling Tue Jan 08 03:14:20 UTC 2019
auto.tcl: Setting watchdog for 200 seconds at Tue Jan 08 03:14:20 UTC 2019
26 ms. Memory: 208384K Free: 188405K (90%)
ptolemy.util.test.WatchDog.cancel(): canceling Tue Jan 08 03:14:20 UTC 2019
------------------ testing $PTII/ptolemy/domains/de/test/auto/ComposableCausalityAnalysis.xml
auto.tcl: Setting watchdog for 200 seconds at Tue Jan 08 03:14:20 UTC 2019
2 ms. Memory: 208384K Free: 195986K (94%)
ptolemy.util.test.WatchDog.cancel(): canceling Tue Jan 08 03:14:20 UTC 2019
auto.tcl: Setting watchdog for 200 seconds at Tue Jan 08 03:14:20 UTC 2019
1 ms. Memory: 208384K Free: 193878K (93%)
ptolemy.util.test.WatchDog.cancel(): canceling Tue Jan 08 03:14:20 UTC 2019
------------------ testing $PTII/ptolemy/domains/de/test/auto/DEFixedPointLimitation.xml
auto.tcl: Setting watchdog for 200 seconds at Tue Jan 08 03:14:20 UTC 2019
2 ms. Memory: 208384K Free: 195863K (94%)
ptolemy.util.test.WatchDog.cancel(): canceling Tue Jan 08 03:14:20 UTC 2019
auto.tcl: Setting watchdog for 200 seconds at Tue Jan 08 03:14:20 UTC 2019
2 ms. Memory: 208384K Free: 195863K (94%)
ptolemy.util.test.WatchDog.cancel(): canceling Tue Jan 08 03:14:20 UTC 2019
------------------ testing $PTII/ptolemy/domains/de/test/auto/DEScheduleTest.xml
auto.tcl: Setting watchdog for 200 seconds at Tue Jan 08 03:14:20 UTC 2019
3 ms. Memory: 208384K Free: 198006K (95%)
ptolemy.util.test.WatchDog.cancel(): canceling Tue Jan 08 03:14:20 UTC 2019
auto.tcl: Setting watchdog for 200 seconds at Tue Jan 08 03:14:20 UTC 2019
6 ms. Memory: 208384K Free: 195898K (94%)
ptolemy.util.test.WatchDog.cancel(): canceling Tue Jan 08 03:14:20 UTC 2019
------------------ testing $PTII/ptolemy/domains/de/test/auto/DEinDEwithStartTimes.xml
auto.tcl: Setting watchdog for 200 seconds at Tue Jan 08 03:14:20 UTC 2019
3 ms. Memory: 208384K Free: 195868K (94%)
ptolemy.util.test.WatchDog.cancel(): canceling Tue Jan 08 03:14:20 UTC 2019
auto.tcl: Setting watchdog for 200 seconds at Tue Jan 08 03:14:20 UTC 2019
4 ms. Memory: 208384K Free: 193760K (93%)
ptolemy.util.test.WatchDog.cancel(): canceling Tue Jan 08 03:14:20 UTC 2019
------------------ testing $PTII/ptolemy/domains/de/test/auto/DEinDEwithStartTimes2.xml
auto.tcl: Setting watchdog for 200 seconds at Tue Jan 08 03:14:20 UTC 2019
9 ms. Memory: 208384K Free: 195848K (94%)
ptolemy.util.test.WatchDog.cancel(): canceling Tue Jan 08 03:14:21 UTC 2019
auto.tcl: Setting watchdog for 200 seconds at Tue Jan 08 03:14:21 UTC 2019
5 ms. Memory: 208384K Free: 193740K (93%)
ptolemy.util.test.WatchDog.cancel(): canceling Tue Jan 08 03:14:21 UTC 2019
------------------ testing $PTII/ptolemy/domains/de/test/auto/DateDemo.xml
auto.tcl: Setting watchdog for 200 seconds at Tue Jan 08 03:14:21 UTC 2019
15 ms. Memory: 208384K Free: 188254K (90%)
ptolemy.util.test.WatchDog.cancel(): canceling Tue Jan 08 03:14:21 UTC 2019
auto.tcl: Setting watchdog for 200 seconds at Tue Jan 08 03:14:21 UTC 2019
6 ms. Memory: 208384K Free: 186146K (89%)
ptolemy.util.test.WatchDog.cancel(): canceling Tue Jan 08 03:14:21 UTC 2019
------------------ testing $PTII/ptolemy/domains/de/test/auto/DateToEvent.xml
auto.tcl: Setting watchdog for 200 seconds at Tue Jan 08 03:14:21 UTC 2019
2019 ms. Memory: 208384K Free: 182938K (88%)
ptolemy.util.test.WatchDog.cancel(): canceling Tue Jan 08 03:14:23 UTC 2019
auto.tcl: Setting watchdog for 200 seconds at Tue Jan 08 03:14:23 UTC 2019
2006 ms. Memory: 208384K Free: 182938K (88%)
ptolemy.util.test.WatchDog.cancel(): canceling Tue Jan 08 03:14:25 UTC 2019
------------------ testing $PTII/ptolemy/domains/de/test/auto/DepthTest1.xml
auto.tcl: Setting watchdog for 200 seconds at Tue Jan 08 03:14:25 UTC 2019
4 ms. Memory: 208384K Free: 195414K (94%)
ptolemy.util.test.WatchDog.cancel(): canceling Tue Jan 08 03:14:25 UTC 2019
auto.tcl: Setting watchdog for 200 seconds at Tue Jan 08 03:14:25 UTC 2019
2 ms. Memory: 208384K Free: 195414K (94%)
ptolemy.util.test.WatchDog.cancel(): canceling Tue Jan 08 03:14:25 UTC 2019
------------------ testing $PTII/ptolemy/domains/de/test/auto/DepthTest2.xml
auto.tcl: Setting watchdog for 200 seconds at Tue Jan 08 03:14:25 UTC 2019
6 ms. Memory: 208384K Free: 193721K (93%)
ptolemy.util.test.WatchDog.cancel(): canceling Tue Jan 08 03:14:25 UTC 2019
auto.tcl: Setting watchdog for 200 seconds at Tue Jan 08 03:14:25 UTC 2019
5 ms. Memory: 208384K Free: 193721K (93%)
ptolemy.util.test.WatchDog.cancel(): canceling Tue Jan 08 03:14:25 UTC 2019
------------------ testing $PTII/ptolemy/domains/de/test/auto/DepthTest3.xml
auto.tcl: Setting watchdog for 200 seconds at Tue Jan 08 03:14:25 UTC 2019
3 ms. Memory: 208384K Free: 197870K (95%)
ptolemy.util.test.WatchDog.cancel(): canceling Tue Jan 08 03:14:25 UTC 2019
auto.tcl: Setting watchdog for 200 seconds at Tue Jan 08 03:14:25 UTC 2019
2 ms. Memory: 208384K Free: 197870K (95%)
ptolemy.util.test.WatchDog.cancel(): canceling Tue Jan 08 03:14:25 UTC 2019
------------------ testing $PTII/ptolemy/domains/de/test/auto/DepthTest4.xml
auto.tcl: Setting watchdog for 200 seconds at Tue Jan 08 03:14:25 UTC 2019
6 ms. Memory: 208384K Free: 195847K (94%)
ptolemy.util.test.WatchDog.cancel(): canceling Tue Jan 08 03:14:25 UTC 2019
auto.tcl: Setting watchdog for 200 seconds at Tue Jan 08 03:14:25 UTC 2019
2 ms. Memory: 208384K Free: 195847K (94%)
ptolemy.util.test.WatchDog.cancel(): canceling Tue Jan 08 03:14:25 UTC 2019
------------------ testing $PTII/ptolemy/domains/de/test/auto/DepthTest5.xml
auto.tcl: Setting watchdog for 200 seconds at Tue Jan 08 03:14:25 UTC 2019
5 ms. Memory: 208384K Free: 196134K (94%)
ptolemy.util.test.WatchDog.cancel(): canceling Tue Jan 08 03:14:25 UTC 2019
auto.tcl: Setting watchdog for 200 seconds at Tue Jan 08 03:14:25 UTC 2019
2 ms. Memory: 208384K Free: 196134K (94%)
ptolemy.util.test.WatchDog.cancel(): canceling Tue Jan 08 03:14:25 UTC 2019
------------------ testing $PTII/ptolemy/domains/de/test/auto/DepthTest6.xml
auto.tcl: Setting watchdog for 200 seconds at Tue Jan 08 03:14:25 UTC 2019
9 ms. Memory: 208384K Free: 196094K (94%)
ptolemy.util.test.WatchDog.cancel(): canceling Tue Jan 08 03:14:25 UTC 2019
auto.tcl: Setting watchdog for 200 seconds at Tue Jan 08 03:14:25 UTC 2019
3 ms. Memory: 208384K Free: 196094K (94%)
ptolemy.util.test.WatchDog.cancel(): canceling Tue Jan 08 03:14:25 UTC 2019
------------------ testing $PTII/ptolemy/domains/de/test/auto/DepthTest7.xml
auto.tcl: Setting watchdog for 200 seconds at Tue Jan 08 03:14:25 UTC 2019
2 ms. Memory: 208384K Free: 194525K (93%)
ptolemy.util.test.WatchDog.cancel(): canceling Tue Jan 08 03:14:25 UTC 2019
auto.tcl: Setting watchdog for 200 seconds at Tue Jan 08 03:14:25 UTC 2019
2 ms. Memory: 208384K Free: 194525K (93%)
ptolemy.util.test.WatchDog.cancel(): canceling Tue Jan 08 03:14:25 UTC 2019
------------------ testing $PTII/ptolemy/domains/de/test/auto/EventToDate.xml
auto.tcl: Setting watchdog for 200 seconds at Tue Jan 08 03:14:25 UTC 2019
3009 ms. Memory: 208384K Free: 185237K (89%)
ptolemy.util.test.WatchDog.cancel(): canceling Tue Jan 08 03:14:28 UTC 2019
auto.tcl: Setting watchdog for 200 seconds at Tue Jan 08 03:14:28 UTC 2019
3003 ms. Memory: 208384K Free: 185237K (89%)
ptolemy.util.test.WatchDog.cancel(): canceling Tue Jan 08 03:14:31 UTC 2019
------------------ testing $PTII/ptolemy/domains/de/test/auto/FSM1.xml
auto.tcl: Setting watchdog for 200 seconds at Tue Jan 08 03:14:31 UTC 2019
15 ms. Memory: 208384K Free: 188791K (91%)
ptolemy.util.test.WatchDog.cancel(): canceling Tue Jan 08 03:14:32 UTC 2019
auto.tcl: Setting watchdog for 200 seconds at Tue Jan 08 03:14:32 UTC 2019
13 ms. Memory: 208384K Free: 184576K (89%)
ptolemy.util.test.WatchDog.cancel(): canceling Tue Jan 08 03:14:32 UTC 2019
------------------ testing $PTII/ptolemy/domains/de/test/auto/FSM7.xml
auto.tcl: Setting watchdog for 200 seconds at Tue Jan 08 03:14:32 UTC 2019
31 ms. Memory: 208384K Free: 186886K (90%)
ptolemy.util.test.WatchDog.cancel(): canceling Tue Jan 08 03:14:32 UTC 2019
auto.tcl: Setting watchdog for 200 seconds at Tue Jan 08 03:14:32 UTC 2019
20 ms. Memory: 208384K Free: 184778K (89%)
ptolemy.util.test.WatchDog.cancel(): canceling Tue Jan 08 03:14:32 UTC 2019
------------------ testing $PTII/ptolemy/domains/de/test/auto/Inspection.xml
auto.tcl: Setting watchdog for 200 seconds at Tue Jan 08 03:14:32 UTC 2019
30 ms. Memory: 208384K Free: 188098K (90%)
ptolemy.util.test.WatchDog.cancel(): canceling Tue Jan 08 03:14:32 UTC 2019
auto.tcl: Setting watchdog for 200 seconds at Tue Jan 08 03:14:32 UTC 2019
21 ms. Memory: 208384K Free: 185991K (89%)
ptolemy.util.test.WatchDog.cancel(): canceling Tue Jan 08 03:14:32 UTC 2019
------------------ testing $PTII/ptolemy/domains/de/test/auto/Iteration.xml
auto.tcl: Setting watchdog for 200 seconds at Tue Jan 08 03:14:32 UTC 2019
8 ms. Memory: 208384K Free: 195896K (94%)
ptolemy.util.test.WatchDog.cancel(): canceling Tue Jan 08 03:14:32 UTC 2019
auto.tcl: Setting watchdog for 200 seconds at Tue Jan 08 03:14:32 UTC 2019
7 ms. Memory: 208384K Free: 193451K (93%)
ptolemy.util.test.WatchDog.cancel(): canceling Tue Jan 08 03:14:32 UTC 2019
------------------ testing $PTII/ptolemy/domains/de/test/auto/LineFault.xml
auto.tcl: Setting watchdog for 200 seconds at Tue Jan 08 03:14:32 UTC 2019
751 ms. Memory: 208384K Free: 195718K (94%)
ptolemy.util.test.WatchDog.cancel(): canceling Tue Jan 08 03:14:33 UTC 2019
auto.tcl: Setting watchdog for 200 seconds at Tue Jan 08 03:14:33 UTC 2019
563 ms. Memory: 208384K Free: 138173K (66%)
ptolemy.util.test.WatchDog.cancel(): canceling Tue Jan 08 03:14:34 UTC 2019
------------------ testing $PTII/ptolemy/domains/de/test/auto/MergeModel1Add.xml
auto.tcl: Setting watchdog for 200 seconds at Tue Jan 08 03:14:34 UTC 2019
29 ms. Memory: 331264K Free: 298396K (90%)
ptolemy.util.test.WatchDog.cancel(): canceling Tue Jan 08 03:14:34 UTC 2019
auto.tcl: Setting watchdog for 200 seconds at Tue Jan 08 03:14:34 UTC 2019
9 ms. Memory: 331264K Free: 298396K (90%)
ptolemy.util.test.WatchDog.cancel(): canceling Tue Jan 08 03:14:34 UTC 2019
------------------ testing $PTII/ptolemy/domains/de/test/auto/MergeModel2Add.xml
auto.tcl: Setting watchdog for 200 seconds at Tue Jan 08 03:14:34 UTC 2019
8 ms. Memory: 331264K Free: 303680K (92%)
ptolemy.util.test.WatchDog.cancel(): canceling Tue Jan 08 03:14:34 UTC 2019
auto.tcl: Setting watchdog for 200 seconds at Tue Jan 08 03:14:34 UTC 2019
11 ms. Memory: 331264K Free: 299733K (90%)
ptolemy.util.test.WatchDog.cancel(): canceling Tue Jan 08 03:14:34 UTC 2019
------------------ testing $PTII/ptolemy/domains/de/test/auto/MergeModel3Add.xml
auto.tcl: Setting watchdog for 200 seconds at Tue Jan 08 03:14:34 UTC 2019
10 ms. Memory: 331264K Free: 303691K (92%)
ptolemy.util.test.WatchDog.cancel(): canceling Tue Jan 08 03:14:34 UTC 2019
auto.tcl: Setting watchdog for 200 seconds at Tue Jan 08 03:14:34 UTC 2019
9 ms. Memory: 331264K Free: 299744K (90%)
ptolemy.util.test.WatchDog.cancel(): canceling Tue Jan 08 03:14:34 UTC 2019
------------------ testing $PTII/ptolemy/domains/de/test/auto/MergeWithoutDiscard.xml
auto.tcl: Setting watchdog for 200 seconds at Tue Jan 08 03:14:34 UTC 2019
4 ms. Memory: 331264K Free: 319762K (97%)
ptolemy.util.test.WatchDog.cancel(): canceling Tue Jan 08 03:14:34 UTC 2019
auto.tcl: Setting watchdog for 200 seconds at Tue Jan 08 03:14:34 UTC 2019
2 ms. Memory: 331264K Free: 315815K (95%)
ptolemy.util.test.WatchDog.cancel(): canceling Tue Jan 08 03:14:34 UTC 2019
------------------ testing $PTII/ptolemy/domains/de/test/auto/Modal1.xml
auto.tcl: Setting watchdog for 200 seconds at Tue Jan 08 03:14:34 UTC 2019
19 ms. Memory: 331264K Free: 309021K (93%)
ptolemy.util.test.WatchDog.cancel(): canceling Tue Jan 08 03:14:34 UTC 2019
auto.tcl: Setting watchdog for 200 seconds at Tue Jan 08 03:14:34 UTC 2019
11 ms. Memory: 331264K Free: 305074K (92%)
ptolemy.util.test.WatchDog.cancel(): canceling Tue Jan 08 03:14:34 UTC 2019
------------------ testing $PTII/ptolemy/domains/de/test/auto/Modal2.xml
auto.tcl: Setting watchdog for 200 seconds at Tue Jan 08 03:14:34 UTC 2019
16 ms. Memory: 331264K Free: 308903K (93%)
ptolemy.util.test.WatchDog.cancel(): canceling Tue Jan 08 03:14:34 UTC 2019
auto.tcl: Setting watchdog for 200 seconds at Tue Jan 08 03:14:34 UTC 2019
19 ms. Memory: 331264K Free: 304955K (92%)
ptolemy.util.test.WatchDog.cancel(): canceling Tue Jan 08 03:14:34 UTC 2019
------------------ testing $PTII/ptolemy/domains/de/test/auto/Modal3.xml
auto.tcl: Setting watchdog for 200 seconds at Tue Jan 08 03:14:34 UTC 2019
12 ms. Memory: 331264K Free: 308893K (93%)
ptolemy.util.test.WatchDog.cancel(): canceling Tue Jan 08 03:14:34 UTC 2019
auto.tcl: Setting watchdog for 200 seconds at Tue Jan 08 03:14:34 UTC 2019
9 ms. Memory: 331264K Free: 304945K (92%)
ptolemy.util.test.WatchDog.cancel(): canceling Tue Jan 08 03:14:34 UTC 2019
------------------ testing $PTII/ptolemy/domains/de/test/auto/Modal4.xml
auto.tcl: Setting watchdog for 200 seconds at Tue Jan 08 03:14:34 UTC 2019
18 ms. Memory: 331264K Free: 308906K (93%)
ptolemy.util.test.WatchDog.cancel(): canceling Tue Jan 08 03:14:34 UTC 2019
auto.tcl: Setting watchdog for 200 seconds at Tue Jan 08 03:14:34 UTC 2019
12 ms. Memory: 331264K Free: 304959K (92%)
ptolemy.util.test.WatchDog.cancel(): canceling Tue Jan 08 03:14:35 UTC 2019
------------------ testing $PTII/ptolemy/domains/de/test/auto/Modal5.xml
auto.tcl: Setting watchdog for 200 seconds at Tue Jan 08 03:14:35 UTC 2019
23 ms. Memory: 331264K Free: 308893K (93%)
ptolemy.util.test.WatchDog.cancel(): canceling Tue Jan 08 03:14:35 UTC 2019
auto.tcl: Setting watchdog for 200 seconds at Tue Jan 08 03:14:35 UTC 2019
14 ms. Memory: 331264K Free: 304946K (92%)
ptolemy.util.test.WatchDog.cancel(): canceling Tue Jan 08 03:14:35 UTC 2019
------------------ testing $PTII/ptolemy/domains/de/test/auto/Modal6.xml
auto.tcl: Setting watchdog for 200 seconds at Tue Jan 08 03:14:35 UTC 2019
17 ms. Memory: 331264K Free: 308890K (93%)
ptolemy.util.test.WatchDog.cancel(): canceling Tue Jan 08 03:14:35 UTC 2019
auto.tcl: Setting watchdog for 200 seconds at Tue Jan 08 03:14:35 UTC 2019
13 ms. Memory: 331264K Free: 304943K (92%)
ptolemy.util.test.WatchDog.cancel(): canceling Tue Jan 08 03:14:35 UTC 2019
------------------ testing $PTII/ptolemy/domains/de/test/auto/Modal7.xml
auto.tcl: Setting watchdog for 200 seconds at Tue Jan 08 03:14:35 UTC 2019
17 ms. Memory: 331264K Free: 308890K (93%)
ptolemy.util.test.WatchDog.cancel(): canceling Tue Jan 08 03:14:35 UTC 2019
auto.tcl: Setting watchdog for 200 seconds at Tue Jan 08 03:14:35 UTC 2019
17 ms. Memory: 331264K Free: 304942K (92%)
ptolemy.util.test.WatchDog.cancel(): canceling Tue Jan 08 03:14:35 UTC 2019
------------------ testing $PTII/ptolemy/domains/de/test/auto/ModalModel.xml
auto.tcl: Setting watchdog for 200 seconds at Tue Jan 08 03:14:35 UTC 2019
192 ms. Memory: 331264K Free: 245406K (74%)
ptolemy.util.test.WatchDog.cancel(): canceling Tue Jan 08 03:14:35 UTC 2019
auto.tcl: Setting watchdog for 200 seconds at Tue Jan 08 03:14:35 UTC 2019
158 ms. Memory: 331264K Free: 190143K (57%)
ptolemy.util.test.WatchDog.cancel(): canceling Tue Jan 08 03:14:35 UTC 2019
------------------ testing $PTII/ptolemy/domains/de/test/auto/ModalSource.xml
auto.tcl: Setting watchdog for 200 seconds at Tue Jan 08 03:14:35 UTC 2019
11 ms. Memory: 331264K Free: 315862K (95%)
ptolemy.util.test.WatchDog.cancel(): canceling Tue Jan 08 03:14:35 UTC 2019
auto.tcl: Setting watchdog for 200 seconds at Tue Jan 08 03:14:35 UTC 2019
5 ms. Memory: 331264K Free: 312347K (94%)
ptolemy.util.test.WatchDog.cancel(): canceling Tue Jan 08 03:14:35 UTC 2019
------------------ testing $PTII/ptolemy/domains/de/test/auto/NonInterruptibleTimerZeroDelay.xml
auto.tcl: Setting watchdog for 200 seconds at Tue Jan 08 03:14:35 UTC 2019
4 ms. Memory: 331264K Free: 320030K (97%)
ptolemy.util.test.WatchDog.cancel(): canceling Tue Jan 08 03:14:35 UTC 2019
auto.tcl: Setting watchdog for 200 seconds at Tue Jan 08 03:14:35 UTC 2019
2 ms. Memory: 331264K Free: 316515K (96%)
ptolemy.util.test.WatchDog.cancel(): canceling Tue Jan 08 03:14:35 UTC 2019
------------------ testing $PTII/ptolemy/domains/de/test/auto/OpenQueueingNetwork.xml
auto.tcl: Setting watchdog for 200 seconds at Tue Jan 08 03:14:35 UTC 2019
2744 ms. Memory: 573952K Free: 408190K (71%)
ptolemy.util.test.WatchDog.cancel(): canceling Tue Jan 08 03:14:38 UTC 2019
auto.tcl: Setting watchdog for 200 seconds at Tue Jan 08 03:14:38 UTC 2019
2485 ms. Memory: 550912K Free: 296217K (54%)
ptolemy.util.test.WatchDog.cancel(): canceling Tue Jan 08 03:14:41 UTC 2019
------------------ testing $PTII/ptolemy/domains/de/test/auto/OpenQueuingNetwork.xml
auto.tcl: Setting watchdog for 200 seconds at Tue Jan 08 03:14:41 UTC 2019
229 ms. Memory: 549888K Free: 443888K (81%)
ptolemy.util.test.WatchDog.cancel(): canceling Tue Jan 08 03:14:41 UTC 2019
auto.tcl: Setting watchdog for 200 seconds at Tue Jan 08 03:14:41 UTC 2019
225 ms. Memory: 549888K Free: 383564K (70%)
ptolemy.util.test.WatchDog.cancel(): canceling Tue Jan 08 03:14:41 UTC 2019
------------------ testing $PTII/ptolemy/domains/de/test/auto/PeriodicSampler.xml
auto.tcl: Setting watchdog for 200 seconds at Tue Jan 08 03:14:42 UTC 2019
2 ms. Memory: 551936K Free: 529998K (96%)
ptolemy.util.test.WatchDog.cancel(): canceling Tue Jan 08 03:14:42 UTC 2019
auto.tcl: Setting watchdog for 200 seconds at Tue Jan 08 03:14:42 UTC 2019
2 ms. Memory: 551936K Free: 529998K (96%)
ptolemy.util.test.WatchDog.cancel(): canceling Tue Jan 08 03:14:42 UTC 2019
------------------ testing $PTII/ptolemy/domains/de/test/auto/PersistentIO.xml
auto.tcl: Setting watchdog for 200 seconds at Tue Jan 08 03:14:42 UTC 2019
5 ms. Memory: 549376K Free: 521335K (95%)
ptolemy.util.test.WatchDog.cancel(): canceling Tue Jan 08 03:14:42 UTC 2019
auto.tcl: Setting watchdog for 200 seconds at Tue Jan 08 03:14:42 UTC 2019
3 ms. Memory: 549376K Free: 521335K (95%)
ptolemy.util.test.WatchDog.cancel(): canceling Tue Jan 08 03:14:42 UTC 2019
------------------ testing $PTII/ptolemy/domains/de/test/auto/PortParameterResetOnInitialize.xml
auto.tcl: Setting watchdog for 200 seconds at Tue Jan 08 03:14:42 UTC 2019
3 ms. Memory: 551424K Free: 529717K (96%)
ptolemy.util.test.WatchDog.cancel(): canceling Tue Jan 08 03:14:42 UTC 2019
auto.tcl: Setting watchdog for 200 seconds at Tue Jan 08 03:14:42 UTC 2019
2 ms. Memory: 551424K Free: 529717K (96%)
ptolemy.util.test.WatchDog.cancel(): canceling Tue Jan 08 03:14:42 UTC 2019
------------------ testing $PTII/ptolemy/domains/de/test/auto/PortParameterUpdates.xml
auto.tcl: Setting watchdog for 200 seconds at Tue Jan 08 03:14:42 UTC 2019
4 ms. Memory: 549376K Free: 528032K (96%)
ptolemy.util.test.WatchDog.cancel(): canceling Tue Jan 08 03:14:42 UTC 2019
auto.tcl: Setting watchdog for 200 seconds at Tue Jan 08 03:14:42 UTC 2019
3 ms. Memory: 549376K Free: 521330K (95%)
ptolemy.util.test.WatchDog.cancel(): canceling Tue Jan 08 03:14:42 UTC 2019
------------------ testing $PTII/ptolemy/domains/de/test/auto/QueueAndServer.xml
auto.tcl: Setting watchdog for 200 seconds at Tue Jan 08 03:14:42 UTC 2019
7 ms. Memory: 551424K Free: 534494K (97%)
ptolemy.util.test.WatchDog.cancel(): canceling Tue Jan 08 03:14:42 UTC 2019
auto.tcl: Setting watchdog for 200 seconds at Tue Jan 08 03:14:42 UTC 2019
6 ms. Memory: 551424K Free: 527775K (96%)
ptolemy.util.test.WatchDog.cancel(): canceling Tue Jan 08 03:14:42 UTC 2019
------------------ testing $PTII/ptolemy/domains/de/test/auto/Records.xml
auto.tcl: Setting watchdog for 200 seconds at Tue Jan 08 03:14:42 UTC 2019
5 ms. Memory: 549376K Free: 532387K (97%)
ptolemy.util.test.WatchDog.cancel(): canceling Tue Jan 08 03:14:42 UTC 2019
auto.tcl: Setting watchdog for 200 seconds at Tue Jan 08 03:14:42 UTC 2019
3 ms. Memory: 549376K Free: 532387K (97%)
ptolemy.util.test.WatchDog.cancel(): canceling Tue Jan 08 03:14:42 UTC 2019
------------------ testing $PTII/ptolemy/domains/de/test/auto/ResetTransitionWithStartTime1.xml
auto.tcl: Setting watchdog for 200 seconds at Tue Jan 08 03:14:42 UTC 2019
12 ms. Memory: 551424K Free: 534461K (97%)
ptolemy.util.test.WatchDog.cancel(): canceling Tue Jan 08 03:14:42 UTC 2019
auto.tcl: Setting watchdog for 200 seconds at Tue Jan 08 03:14:42 UTC 2019
5 ms. Memory: 551424K Free: 527755K (96%)
ptolemy.util.test.WatchDog.cancel(): canceling Tue Jan 08 03:14:42 UTC 2019
------------------ testing $PTII/ptolemy/domains/de/test/auto/ResetTransitionWithStartTime2.xml
auto.tcl: Setting watchdog for 200 seconds at Tue Jan 08 03:14:42 UTC 2019
5 ms. Memory: 549376K Free: 525924K (96%)
ptolemy.util.test.WatchDog.cancel(): canceling Tue Jan 08 03:14:42 UTC 2019
auto.tcl: Setting watchdog for 200 seconds at Tue Jan 08 03:14:42 UTC 2019
5 ms. Memory: 549376K Free: 525924K (96%)
ptolemy.util.test.WatchDog.cancel(): canceling Tue Jan 08 03:14:42 UTC 2019
------------------ testing $PTII/ptolemy/domains/de/test/auto/ResetTransitionWithStartTime3.xml
auto.tcl: Setting watchdog for 200 seconds at Tue Jan 08 03:14:42 UTC 2019
5 ms. Memory: 550912K Free: 533939K (97%)
ptolemy.util.test.WatchDog.cancel(): canceling Tue Jan 08 03:14:42 UTC 2019
auto.tcl: Setting watchdog for 200 seconds at Tue Jan 08 03:14:42 UTC 2019
6 ms. Memory: 550912K Free: 527237K (96%)
ptolemy.util.test.WatchDog.cancel(): canceling Tue Jan 08 03:14:42 UTC 2019
------------------ testing $PTII/ptolemy/domains/de/test/auto/ResetTransitionWithStartTime4.xml
auto.tcl: Setting watchdog for 200 seconds at Tue Jan 08 03:14:42 UTC 2019
5 ms. Memory: 549376K Free: 525683K (96%)
ptolemy.util.test.WatchDog.cancel(): canceling Tue Jan 08 03:14:42 UTC 2019
auto.tcl: Setting watchdog for 200 seconds at Tue Jan 08 03:14:42 UTC 2019
3 ms. Memory: 549376K Free: 525683K (96%)
ptolemy.util.test.WatchDog.cancel(): canceling Tue Jan 08 03:14:42 UTC 2019
------------------ testing $PTII/ptolemy/domains/de/test/auto/ResettableTimer1.xml
auto.tcl: Setting watchdog for 200 seconds at Tue Jan 08 03:14:42 UTC 2019
3 ms. Memory: 550912K Free: 533932K (97%)
ptolemy.util.test.WatchDog.cancel(): canceling Tue Jan 08 03:14:42 UTC 2019
auto.tcl: Setting watchdog for 200 seconds at Tue Jan 08 03:14:42 UTC 2019
2 ms. Memory: 550912K Free: 533932K (97%)
ptolemy.util.test.WatchDog.cancel(): canceling Tue Jan 08 03:14:42 UTC 2019
------------------ testing $PTII/ptolemy/domains/de/test/auto/ResettableTimer2.xml
auto.tcl: Setting watchdog for 200 seconds at Tue Jan 08 03:14:42 UTC 2019
4 ms. Memory: 549376K Free: 532684K (97%)
ptolemy.util.test.WatchDog.cancel(): canceling Tue Jan 08 03:14:42 UTC 2019
auto.tcl: Setting watchdog for 200 seconds at Tue Jan 08 03:14:42 UTC 2019
2 ms. Memory: 549376K Free: 532684K (97%)
ptolemy.util.test.WatchDog.cancel(): canceling Tue Jan 08 03:14:42 UTC 2019
------------------ testing $PTII/ptolemy/domains/de/test/auto/ResettableTimer3.xml
auto.tcl: Setting watchdog for 200 seconds at Tue Jan 08 03:14:42 UTC 2019
1 ms. Memory: 550912K Free: 533991K (97%)
ptolemy.util.test.WatchDog.cancel(): canceling Tue Jan 08 03:14:42 UTC 2019
auto.tcl: Setting watchdog for 200 seconds at Tue Jan 08 03:14:42 UTC 2019
1 ms. Memory: 550912K Free: 533991K (97%)
ptolemy.util.test.WatchDog.cancel(): canceling Tue Jan 08 03:14:42 UTC 2019
------------------ testing $PTII/ptolemy/domains/de/test/auto/ResettableTimer4.xml
auto.tcl: Setting watchdog for 200 seconds at Tue Jan 08 03:14:42 UTC 2019
1 ms. Memory: 549376K Free: 532697K (97%)
ptolemy.util.test.WatchDog.cancel(): canceling Tue Jan 08 03:14:42 UTC 2019
auto.tcl: Setting watchdog for 200 seconds at Tue Jan 08 03:14:42 UTC 2019
2 ms. Memory: 549376K Free: 532697K (97%)
ptolemy.util.test.WatchDog.cancel(): canceling Tue Jan 08 03:14:42 UTC 2019
------------------ testing $PTII/ptolemy/domains/de/test/auto/ResettableTimer5.xml
auto.tcl: Setting watchdog for 200 seconds at Tue Jan 08 03:14:43 UTC 2019
1 ms. Memory: 550400K Free: 529040K (96%)
ptolemy.util.test.WatchDog.cancel(): canceling Tue Jan 08 03:14:43 UTC 2019
auto.tcl: Setting watchdog for 200 seconds at Tue Jan 08 03:14:43 UTC 2019
1 ms. Memory: 550400K Free: 529040K (96%)
ptolemy.util.test.WatchDog.cancel(): canceling Tue Jan 08 03:14:43 UTC 2019
------------------ testing $PTII/ptolemy/domains/de/test/auto/ResettableTimer6.xml
auto.tcl: Setting watchdog for 200 seconds at Tue Jan 08 03:14:43 UTC 2019
2 ms. Memory: 549376K Free: 527736K (96%)
ptolemy.util.test.WatchDog.cancel(): canceling Tue Jan 08 03:14:43 UTC 2019
auto.tcl: Setting watchdog for 200 seconds at Tue Jan 08 03:14:43 UTC 2019
1 ms. Memory: 549376K Free: 527736K (96%)
ptolemy.util.test.WatchDog.cancel(): canceling Tue Jan 08 03:14:43 UTC 2019
------------------ testing $PTII/ptolemy/domains/de/test/auto/ServerZeroDelay.xml
auto.tcl: Setting watchdog for 200 seconds at Tue Jan 08 03:14:43 UTC 2019
2 ms. Memory: 550400K Free: 533660K (97%)
ptolemy.util.test.WatchDog.cancel(): canceling Tue Jan 08 03:14:43 UTC 2019
auto.tcl: Setting watchdog for 200 seconds at Tue Jan 08 03:14:43 UTC 2019
2 ms. Memory: 550400K Free: 533660K (97%)
ptolemy.util.test.WatchDog.cancel(): canceling Tue Jan 08 03:14:43 UTC 2019
------------------ testing $PTII/ptolemy/domains/de/test/auto/SmartSender.xml
auto.tcl: Setting watchdog for 200 seconds at Tue Jan 08 03:14:43 UTC 2019
3001 ms. Memory: 549376K Free: 527951K (96%)
ptolemy.util.test.WatchDog.cancel(): canceling Tue Jan 08 03:14:46 UTC 2019
auto.tcl: Setting watchdog for 200 seconds at Tue Jan 08 03:14:46 UTC 2019
3002 ms. Memory: 549376K Free: 527951K (96%)
ptolemy.util.test.WatchDog.cancel(): canceling Tue Jan 08 03:14:49 UTC 2019
------------------ testing $PTII/ptolemy/domains/de/test/auto/ThreadedComposite.xml
auto.tcl: Setting watchdog for 200 seconds at Tue Jan 08 03:14:49 UTC 2019
183 ms. Memory: 550400K Free: 512697K (93%)
ptolemy.util.test.WatchDog.cancel(): canceling Tue Jan 08 03:14:49 UTC 2019
auto.tcl: Setting watchdog for 200 seconds at Tue Jan 08 03:14:49 UTC 2019
201 ms. Memory: 550400K Free: 487260K (89%)
ptolemy.util.test.WatchDog.cancel(): canceling Tue Jan 08 03:14:49 UTC 2019
------------------ testing $PTII/ptolemy/domains/de/test/auto/Time.xml
auto.tcl: Setting watchdog for 200 seconds at Tue Jan 08 03:14:49 UTC 2019
479 ms. Memory: 549376K Free: 480648K (87%)
ptolemy.util.test.WatchDog.cancel(): canceling Tue Jan 08 03:14:50 UTC 2019
auto.tcl: Setting watchdog for 200 seconds at Tue Jan 08 03:14:50 UTC 2019
463 ms. Memory: 549376K Free: 427027K (78%)
ptolemy.util.test.WatchDog.cancel(): canceling Tue Jan 08 03:14:50 UTC 2019
------------------ testing $PTII/ptolemy/domains/de/test/auto/TimeDelayZeroDelay.xml
auto.tcl: Setting watchdog for 200 seconds at Tue Jan 08 03:14:50 UTC 2019
2 ms. Memory: 550400K Free: 533346K (97%)
ptolemy.util.test.WatchDog.cancel(): canceling Tue Jan 08 03:14:50 UTC 2019
auto.tcl: Setting watchdog for 200 seconds at Tue Jan 08 03:14:50 UTC 2019
1 ms. Memory: 550400K Free: 533346K (97%)
ptolemy.util.test.WatchDog.cancel(): canceling Tue Jan 08 03:14:50 UTC 2019
------------------ testing $PTII/ptolemy/domains/de/test/auto/TimerZeroDelay.xml
auto.tcl: Setting watchdog for 200 seconds at Tue Jan 08 03:14:50 UTC 2019
2 ms. Memory: 549376K Free: 532596K (97%)
ptolemy.util.test.WatchDog.cancel(): canceling Tue Jan 08 03:14:50 UTC 2019
auto.tcl: Setting watchdog for 200 seconds at Tue Jan 08 03:14:50 UTC 2019
2 ms. Memory: 549376K Free: 532596K (97%)
ptolemy.util.test.WatchDog.cancel(): canceling Tue Jan 08 03:14:50 UTC 2019
------------------ testing $PTII/ptolemy/domains/de/test/auto/TimingParadox.xml
auto.tcl: Setting watchdog for 200 seconds at Tue Jan 08 03:14:50 UTC 2019
356 ms. Memory: 549888K Free: 466567K (85%)
ptolemy.util.test.WatchDog.cancel(): canceling Tue Jan 08 03:14:51 UTC 2019
auto.tcl: Setting watchdog for 200 seconds at Tue Jan 08 03:14:51 UTC 2019
349 ms. Memory: 549888K Free: 433054K (79%)
ptolemy.util.test.WatchDog.cancel(): canceling Tue Jan 08 03:14:51 UTC 2019
------------------ testing $PTII/ptolemy/domains/de/test/auto/TransferInputs.xml
auto.tcl: Setting watchdog for 200 seconds at Tue Jan 08 03:14:51 UTC 2019
2 ms. Memory: 549888K Free: 532012K (97%)
ptolemy.util.test.WatchDog.cancel(): canceling Tue Jan 08 03:14:51 UTC 2019
auto.tcl: Setting watchdog for 200 seconds at Tue Jan 08 03:14:51 UTC 2019
2 ms. Memory: 549888K Free: 532012K (97%)
ptolemy.util.test.WatchDog.cancel(): canceling Tue Jan 08 03:14:51 UTC 2019
------------------ testing $PTII/ptolemy/domains/de/test/auto/TransferOutputs2.xml
auto.tcl: Setting watchdog for 200 seconds at Tue Jan 08 03:14:51 UTC 2019
3 ms. Memory: 549376K Free: 521204K (95%)
ptolemy.util.test.WatchDog.cancel(): canceling Tue Jan 08 03:14:51 UTC 2019
auto.tcl: Setting watchdog for 200 seconds at Tue Jan 08 03:14:51 UTC 2019
3 ms. Memory: 549376K Free: 521204K (95%)
ptolemy.util.test.WatchDog.cancel(): canceling Tue Jan 08 03:14:51 UTC 2019
------------------ testing $PTII/ptolemy/domains/de/test/auto/Trilateration.xml
auto.tcl: Setting watchdog for 200 seconds at Tue Jan 08 03:14:51 UTC 2019
14374 ms. Memory: 766976K Free: 157170K (20%)
ptolemy.util.test.WatchDog.cancel(): canceling Tue Jan 08 03:15:07 UTC 2019
auto.tcl: Setting watchdog for 200 seconds at Tue Jan 08 03:15:07 UTC 2019
11291 ms. Memory: 623104K Free: 486471K (78%)
ptolemy.util.test.WatchDog.cancel(): canceling Tue Jan 08 03:15:18 UTC 2019
------------------ testing $PTII/ptolemy/domains/de/test/auto/TwoSigmaDelta.xml
auto.tcl: Setting watchdog for 200 seconds at Tue Jan 08 03:15:18 UTC 2019
2697 ms. Memory: 619520K Free: 303282K (49%)
ptolemy.util.test.WatchDog.cancel(): canceling Tue Jan 08 03:15:21 UTC 2019
auto.tcl: Setting watchdog for 200 seconds at Tue Jan 08 03:15:21 UTC 2019
2155 ms. Memory: 619520K Free: 76175K (12%)
ptolemy.util.test.WatchDog.cancel(): canceling Tue Jan 08 03:15:23 UTC 2019
------------------ testing $PTII/ptolemy/domains/de/test/auto/VariableDelay.xml
auto.tcl: Setting watchdog for 200 seconds at Tue Jan 08 03:15:23 UTC 2019
2 ms. Memory: 623104K Free: 598186K (96%)
ptolemy.util.test.WatchDog.cancel(): canceling Tue Jan 08 03:15:23 UTC 2019
auto.tcl: Setting watchdog for 200 seconds at Tue Jan 08 03:15:23 UTC 2019
2 ms. Memory: 623104K Free: 598186K (96%)
ptolemy.util.test.WatchDog.cancel(): canceling Tue Jan 08 03:15:23 UTC 2019
------------------ testing $PTII/ptolemy/domains/de/test/auto/VariableDelay2.xml
auto.tcl: Setting watchdog for 200 seconds at Tue Jan 08 03:15:23 UTC 2019
7 ms. Memory: 619520K Free: 600427K (97%)
ptolemy.util.test.WatchDog.cancel(): canceling Tue Jan 08 03:15:23 UTC 2019
auto.tcl: Setting watchdog for 200 seconds at Tue Jan 08 03:15:23 UTC 2019
2 ms. Memory: 619520K Free: 600427K (97%)
ptolemy.util.test.WatchDog.cancel(): canceling Tue Jan 08 03:15:23 UTC 2019
------------------ testing $PTII/ptolemy/domains/de/test/auto/VariableDelayZeroDelay.xml
auto.tcl: Setting watchdog for 200 seconds at Tue Jan 08 03:15:23 UTC 2019
2 ms. Memory: 622592K Free: 598117K (96%)
ptolemy.util.test.WatchDog.cancel(): canceling Tue Jan 08 03:15:23 UTC 2019
auto.tcl: Setting watchdog for 200 seconds at Tue Jan 08 03:15:23 UTC 2019
2 ms. Memory: 622592K Free: 598117K (96%)
ptolemy.util.test.WatchDog.cancel(): canceling Tue Jan 08 03:15:23 UTC 2019
------------------ testing $PTII/ptolemy/domains/de/test/auto/VariableDelayZeroDelay2.xml
auto.tcl: Setting watchdog for 200 seconds at Tue Jan 08 03:15:23 UTC 2019
2 ms. Memory: 619520K Free: 595044K (96%)
ptolemy.util.test.WatchDog.cancel(): canceling Tue Jan 08 03:15:23 UTC 2019
auto.tcl: Setting watchdog for 200 seconds at Tue Jan 08 03:15:23 UTC 2019
2 ms. Memory: 619520K Free: 595044K (96%)
ptolemy.util.test.WatchDog.cancel(): canceling Tue Jan 08 03:15:23 UTC 2019
------------------ testing $PTII/ptolemy/domains/de/test/auto/deInCt.xml
auto.tcl: Setting watchdog for 200 seconds at Tue Jan 08 03:15:23 UTC 2019
0
1
1
1
1
0
0
0
0
0
1
1
1
0
0
0
0
1
1
1
1
0
0
0
1
1
1
0
0
0
1
1
1
1
1
11 ms. Memory: 622080K Free: 597570K (96%)
ptolemy.util.test.WatchDog.cancel(): canceling Tue Jan 08 03:15:23 UTC 2019
auto.tcl: Setting watchdog for 200 seconds at Tue Jan 08 03:15:23 UTC 2019
0
1
1
1
0
0
1
1
1
1
0
0
0
1
1
0
0
0
0
0
1
1
1
1
1
0
0
1
1
1
0
0
0
0
4 ms. Memory: 622080K Free: 597570K (96%)
ptolemy.util.test.WatchDog.cancel(): canceling Tue Jan 08 03:15:23 UTC 2019
------------------ testing $PTII/ptolemy/domains/de/test/auto/deInCt2.xml
auto.tcl: Setting watchdog for 200 seconds at Tue Jan 08 03:15:23 UTC 2019
0
1
1
1
0
0
1
1
1
0
0
1
1
1
0
0
1
1
1
0
0
1
1
1
0
0
1
1
1
0
0
1
1
1
0
0
1
1
1
0
0
0
15 ms. Memory: 619520K Free: 595010K (96%)
ptolemy.util.test.WatchDog.cancel(): canceling Tue Jan 08 03:15:23 UTC 2019
auto.tcl: Setting watchdog for 200 seconds at Tue Jan 08 03:15:23 UTC 2019
0
1
1
1
0
0
1
1
1
0
0
1
1
1
0
0
1
1
1
0
0
1
1
1
0
0
1
1
1
0
0
1
1
1
0
0
1
1
1
0
0
0
5 ms. Memory: 619520K Free: 595010K (96%)
ptolemy.util.test.WatchDog.cancel(): canceling Tue Jan 08 03:15:23 UTC 2019
------------------ testing $PTII/ptolemy/domains/de/test/auto/dynamicCausalityInterface1.xml
auto.tcl: Setting watchdog for 200 seconds at Tue Jan 08 03:15:24 UTC 2019
2 ms. Memory: 621568K Free: 594278K (96%)
ptolemy.util.test.WatchDog.cancel(): canceling Tue Jan 08 03:15:24 UTC 2019
auto.tcl: Setting watchdog for 200 seconds at Tue Jan 08 03:15:24 UTC 2019
1 ms. Memory: 621568K Free: 594278K (96%)
ptolemy.util.test.WatchDog.cancel(): canceling Tue Jan 08 03:15:24 UTC 2019
------------------ testing $PTII/ptolemy/domains/de/test/auto/fsm_de_test.xml
auto.tcl: Setting watchdog for 200 seconds at Tue Jan 08 03:15:24 UTC 2019
10 ms. Memory: 619520K Free: 594931K (96%)
ptolemy.util.test.WatchDog.cancel(): canceling Tue Jan 08 03:15:24 UTC 2019
auto.tcl: Setting watchdog for 200 seconds at Tue Jan 08 03:15:24 UTC 2019
6 ms. Memory: 619520K Free: 586729K (95%)
ptolemy.util.test.WatchDog.cancel(): canceling Tue Jan 08 03:15:24 UTC 2019
------------------ testing $PTII/ptolemy/domains/de/test/auto/functionDependencyReconstruction.xml
auto.tcl: Setting watchdog for 200 seconds at Tue Jan 08 03:15:24 UTC 2019
3 ms. Memory: 621568K Free: 588767K (95%)
ptolemy.util.test.WatchDog.cancel(): canceling Tue Jan 08 03:15:24 UTC 2019
auto.tcl: Setting watchdog for 200 seconds at Tue Jan 08 03:15:24 UTC 2019
3 ms. Memory: 621568K Free: 580565K (93%)
ptolemy.util.test.WatchDog.cancel(): canceling Tue Jan 08 03:15:24 UTC 2019
------------------ testing $PTII/ptolemy/domains/de/test/auto/multirate.xml
auto.tcl: Setting watchdog for 200 seconds at Tue Jan 08 03:15:24 UTC 2019
4 ms. Memory: 619520K Free: 594798K (96%)
ptolemy.util.test.WatchDog.cancel(): canceling Tue Jan 08 03:15:24 UTC 2019
auto.tcl: Setting watchdog for 200 seconds at Tue Jan 08 03:15:24 UTC 2019
3 ms. Memory: 619520K Free: 594798K (96%)
ptolemy.util.test.WatchDog.cancel(): canceling Tue Jan 08 03:15:24 UTC 2019
------------------ testing $PTII/ptolemy/domains/de/test/auto/multirate2.xml
auto.tcl: Setting watchdog for 200 seconds at Tue Jan 08 03:15:24 UTC 2019
3 ms. Memory: 621056K Free: 596522K (96%)
ptolemy.util.test.WatchDog.cancel(): canceling Tue Jan 08 03:15:24 UTC 2019
auto.tcl: Setting watchdog for 200 seconds at Tue Jan 08 03:15:24 UTC 2019
2 ms. Memory: 621056K Free: 596522K (96%)
ptolemy.util.test.WatchDog.cancel(): canceling Tue Jan 08 03:15:24 UTC 2019
------------------ testing $PTII/ptolemy/domains/de/test/auto/realtime.xml
auto.tcl: Setting watchdog for 200 seconds at Tue Jan 08 03:15:24 UTC 2019
10002 ms. Memory: 619520K Free: 594954K (96%)
ptolemy.util.test.WatchDog.cancel(): canceling Tue Jan 08 03:15:34 UTC 2019
auto.tcl: Setting watchdog for 200 seconds at Tue Jan 08 03:15:34 UTC 2019
10001 ms. Memory: 619520K Free: 594954K (96%)
ptolemy.util.test.WatchDog.cancel(): canceling Tue Jan 08 03:15:44 UTC 2019
------------------ testing $PTII/ptolemy/domains/de/test/auto/relationGroup.xml
auto.tcl: Setting watchdog for 200 seconds at Tue Jan 08 03:15:44 UTC 2019
2 ms. Memory: 621056K Free: 596546K (96%)
ptolemy.util.test.WatchDog.cancel(): canceling Tue Jan 08 03:15:44 UTC 2019
auto.tcl: Setting watchdog for 200 seconds at Tue Jan 08 03:15:44 UTC 2019
1 ms. Memory: 621056K Free: 596546K (96%)
ptolemy.util.test.WatchDog.cancel(): canceling Tue Jan 08 03:15:44 UTC 2019
------------------ testing $PTII/ptolemy/domains/de/test/auto/relationGroup2.xml
auto.tcl: Setting watchdog for 200 seconds at Tue Jan 08 03:15:44 UTC 2019
1 ms. Memory: 619520K Free: 595037K (96%)
ptolemy.util.test.WatchDog.cancel(): canceling Tue Jan 08 03:15:44 UTC 2019
auto.tcl: Setting watchdog for 200 seconds at Tue Jan 08 03:15:44 UTC 2019
1 ms. Memory: 619520K Free: 595037K (96%)
ptolemy.util.test.WatchDog.cancel(): canceling Tue Jan 08 03:15:44 UTC 2019
------------------ testing $PTII/ptolemy/domains/de/test/auto/sortWithOpaquePorts.xml
auto.tcl: Setting watchdog for 200 seconds at Tue Jan 08 03:15:44 UTC 2019
1 ms. Memory: 620544K Free: 596062K (96%)
ptolemy.util.test.WatchDog.cancel(): canceling Tue Jan 08 03:15:44 UTC 2019
auto.tcl: Setting watchdog for 200 seconds at Tue Jan 08 03:15:44 UTC 2019
1 ms. Memory: 620544K Free: 596062K (96%)
ptolemy.util.test.WatchDog.cancel(): canceling Tue Jan 08 03:15:44 UTC 2019
------------------ testing $PTII/ptolemy/domains/de/test/auto/transferInputsandOutputs.xml
auto.tcl: Setting watchdog for 200 seconds at Tue Jan 08 03:15:44 UTC 2019
2 ms. Memory: 619520K Free: 595025K (96%)
ptolemy.util.test.WatchDog.cancel(): canceling Tue Jan 08 03:15:44 UTC 2019
auto.tcl: Setting watchdog for 200 seconds at Tue Jan 08 03:15:44 UTC 2019
1 ms. Memory: 619520K Free: 595025K (96%)
ptolemy.util.test.WatchDog.cancel(): canceling Tue Jan 08 03:15:44 UTC 2019
------------------ testing $PTII/ptolemy/domains/de/test/auto/triggerType.xml
auto.tcl: Setting watchdog for 200 seconds at Tue Jan 08 03:15:44 UTC 2019
1 ms. Memory: 620544K Free: 596000K (96%)
ptolemy.util.test.WatchDog.cancel(): canceling Tue Jan 08 03:15:44 UTC 2019
auto.tcl: Setting watchdog for 200 seconds at Tue Jan 08 03:15:44 UTC 2019
1 ms. Memory: 620544K Free: 596000K (96%)
ptolemy.util.test.WatchDog.cancel(): canceling Tue Jan 08 03:15:44 UTC 2019
01/08/19 03:15:44
Failed: 0  Total Tests: 192  ((Passed: 187, Newly Passed: 1)  Known Failed: 5) /home/travis/build/icyphy/ptII/ptolemy/domains/de/test
01/08/19 03:15:44
Failed: 0  Total Tests: 192  ((Passed: 187, Newly Passed: 1)  Known Failed: 5) /home/travis/build/icyphy/ptII/ptolemy/domains/de/test
----------------- testing (KnownFailure) /home/travis/build/icyphy/ptII/ptolemy/domains/de/test/auto/knownFailedTests/DESDFClockTest.xml
2013 ms. Memory: 619520K Free: 584237K (94%)
Known Failure: java.lang.reflect.InvocationTargetException
----------------- testing (KnownFailure) /home/travis/build/icyphy/ptII/ptolemy/domains/de/test/auto/knownFailedTests/DirectFeedback.xml
1 ms. Memory: 619520K Free: 541188K (87%)
Known Failure: java.lang.reflect.InvocationTargetException
----------------- testing (KnownFailure) /home/travis/build/icyphy/ptII/ptolemy/domains/de/test/auto/knownFailedTests/FSMSource.xml
5 ms. Memory: 619520K Free: 498138K (80%)
----------------- testing (KnownFailure) /home/travis/build/icyphy/ptII/ptolemy/domains/de/test/auto/knownFailedTests/HierarchicalModel.xml
2 ms. Memory: 619520K Free: 465844K (75%)
Known Failure: java.lang.reflect.InvocationTargetException
----------------- testing (KnownFailure) /home/travis/build/icyphy/ptII/ptolemy/domains/de/test/auto/knownFailedTests/dependencyLoop.xml
2 ms. Memory: 619520K Free: 412016K (67%)
Known Failure: java.lang.reflect.InvocationTargetException
----------------- testing (KnownFailure) /home/travis/build/icyphy/ptII/ptolemy/domains/de/test/auto/knownFailedTests/dependencyLoop2.xml
2 ms. Memory: 619520K Free: 358197K (58%)
Known Failure: java.lang.reflect.InvocationTargetException
No auto/linux-amd64/*.xml tests in /home/travis/build/icyphy/ptII/ptolemy/domains/de/test
AutoTests.java: About to close Vertx.
AutoTests.java: Vertx closed.

===========================================================================================
----------------- testing Tue Jan 08 03:15:47 UTC 2019 /home/travis/build/icyphy/ptII/ptolemy/domains/de/test/auto/ActorDepthCalculation_actorWithoutPorts.xml
----------------- Instantiating /home/travis/build/icyphy/ptII/ptolemy/domains/de/test/auto/ActorDepthCalculation_actorWithoutPorts.xml
2 ms. Memory: 619520K Free: 304385K (49%)
----------------- Invoking toplevel() on ptolemy.moml.MoMLSimpleApplication@501351b9
----------------- Done invoking toplevel() on ptolemy.moml.MoMLSimpleApplication@501351b9
reloadAllAccessors: .ActorDepthCalculation_actorWithoutPorts

===========================================================================================
----------------- testing Tue Jan 08 03:15:47 UTC 2019 /home/travis/build/icyphy/ptII/ptolemy/domains/de/test/auto/AssemblyLine.xml
----------------- Instantiating /home/travis/build/icyphy/ptII/ptolemy/domains/de/test/auto/AssemblyLine.xml
2 ms. Memory: 619520K Free: 282861K (46%)
----------------- Invoking toplevel() on ptolemy.moml.MoMLSimpleApplication@949e2e3
----------------- Done invoking toplevel() on ptolemy.moml.MoMLSimpleApplication@949e2e3
reloadAllAccessors: .AssemblyLine

===========================================================================================
----------------- testing Tue Jan 08 03:15:47 UTC 2019 /home/travis/build/icyphy/ptII/ptolemy/domains/de/test/auto/CQBug1.xml
----------------- Instantiating /home/travis/build/icyphy/ptII/ptolemy/domains/de/test/auto/CQBug1.xml
0 ms. Memory: 619520K Free: 261336K (42%)
----------------- Invoking toplevel() on ptolemy.moml.MoMLSimpleApplication@5fc2729a
----------------- Done invoking toplevel() on ptolemy.moml.MoMLSimpleApplication@5fc2729a
reloadAllAccessors: .CQBug1

===========================================================================================
----------------- testing Tue Jan 08 03:15:47 UTC 2019 /home/travis/build/icyphy/ptII/ptolemy/domains/de/test/auto/CancelFireAt.xml
----------------- Instantiating /home/travis/build/icyphy/ptII/ptolemy/domains/de/test/auto/CancelFireAt.xml
0 ms. Memory: 619520K Free: 239812K (39%)
----------------- Invoking toplevel() on ptolemy.moml.MoMLSimpleApplication@78eaaf79
----------------- Done invoking toplevel() on ptolemy.moml.MoMLSimpleApplication@78eaaf79
reloadAllAccessors: .CancelFireAt

===========================================================================================
----------------- testing Tue Jan 08 03:15:47 UTC 2019 /home/travis/build/icyphy/ptII/ptolemy/domains/de/test/auto/CausalityAndComposabilityAnalysis.xml
----------------- Instantiating /home/travis/build/icyphy/ptII/ptolemy/domains/de/test/auto/CausalityAndComposabilityAnalysis.xml
1 ms. Memory: 619520K Free: 218287K (35%)
----------------- Invoking toplevel() on ptolemy.moml.MoMLSimpleApplication@1b10345
----------------- Done invoking toplevel() on ptolemy.moml.MoMLSimpleApplication@1b10345
reloadAllAccessors: .CausalityAndComposabilityAnalysis

===========================================================================================
----------------- testing Tue Jan 08 03:15:47 UTC 2019 /home/travis/build/icyphy/ptII/ptolemy/domains/de/test/auto/CausalityInterface1.xml
----------------- Instantiating /home/travis/build/icyphy/ptII/ptolemy/domains/de/test/auto/CausalityInterface1.xml
2 ms. Memory: 619520K Free: 196763K (32%)
----------------- Invoking toplevel() on ptolemy.moml.MoMLSimpleApplication@1fa7f428
----------------- Done invoking toplevel() on ptolemy.moml.MoMLSimpleApplication@1fa7f428
reloadAllAccessors: .CausalityInterface1

===========================================================================================
----------------- testing Tue Jan 08 03:15:47 UTC 2019 /home/travis/build/icyphy/ptII/ptolemy/domains/de/test/auto/CausalityInterface15.xml
----------------- Instantiating /home/travis/build/icyphy/ptII/ptolemy/domains/de/test/auto/CausalityInterface15.xml
2 ms. Memory: 619520K Free: 175238K (28%)
----------------- Invoking toplevel() on ptolemy.moml.MoMLSimpleApplication@6def98f8
----------------- Done invoking toplevel() on ptolemy.moml.MoMLSimpleApplication@6def98f8
reloadAllAccessors: .CausalityInterface15

===========================================================================================
----------------- testing Tue Jan 08 03:15:47 UTC 2019 /home/travis/build/icyphy/ptII/ptolemy/domains/de/test/auto/CausalityInterface2.xml
----------------- Instantiating /home/travis/build/icyphy/ptII/ptolemy/domains/de/test/auto/CausalityInterface2.xml
2 ms. Memory: 619520K Free: 153714K (25%)
----------------- Invoking toplevel() on ptolemy.moml.MoMLSimpleApplication@e660f99
----------------- Done invoking toplevel() on ptolemy.moml.MoMLSimpleApplication@e660f99
reloadAllAccessors: .CausalityInterface2

===========================================================================================
----------------- testing Tue Jan 08 03:15:47 UTC 2019 /home/travis/build/icyphy/ptII/ptolemy/domains/de/test/auto/CausalityInterface3.xml
----------------- Instantiating /home/travis/build/icyphy/ptII/ptolemy/domains/de/test/auto/CausalityInterface3.xml
1 ms. Memory: 619520K Free: 132189K (21%)
----------------- Invoking toplevel() on ptolemy.moml.MoMLSimpleApplication@2dbb5e3a
----------------- Done invoking toplevel() on ptolemy.moml.MoMLSimpleApplication@2dbb5e3a
reloadAllAccessors: .CausalityInterface3

===========================================================================================
----------------- testing Tue Jan 08 03:15:47 UTC 2019 /home/travis/build/icyphy/ptII/ptolemy/domains/de/test/auto/ClockDrift.xml
----------------- Instantiating /home/travis/build/icyphy/ptII/ptolemy/domains/de/test/auto/ClockDrift.xml
9 ms. Memory: 619520K Free: 110665K (18%)
----------------- Invoking toplevel() on ptolemy.moml.MoMLSimpleApplication@24222b99
----------------- Done invoking toplevel() on ptolemy.moml.MoMLSimpleApplication@24222b99
reloadAllAccessors: .ClockDrift

===========================================================================================
----------------- testing Tue Jan 08 03:15:47 UTC 2019 /home/travis/build/icyphy/ptII/ptolemy/domains/de/test/auto/ClockDriftAndValueChange.xml
----------------- Instantiating /home/travis/build/icyphy/ptII/ptolemy/domains/de/test/auto/ClockDriftAndValueChange.xml
8 ms. Memory: 619520K Free: 89140K (14%)
----------------- Invoking toplevel() on ptolemy.moml.MoMLSimpleApplication@65665a93
----------------- Done invoking toplevel() on ptolemy.moml.MoMLSimpleApplication@65665a93
reloadAllAccessors: .ClockDriftAndValueChange

===========================================================================================
----------------- testing Tue Jan 08 03:15:47 UTC 2019 /home/travis/build/icyphy/ptII/ptolemy/domains/de/test/auto/ClockDriftChange.xml
----------------- Instantiating /home/travis/build/icyphy/ptII/ptolemy/domains/de/test/auto/ClockDriftChange.xml
8 ms. Memory: 619520K Free: 75867K (12%)
----------------- Invoking toplevel() on ptolemy.moml.MoMLSimpleApplication@6e22547e
----------------- Done invoking toplevel() on ptolemy.moml.MoMLSimpleApplication@6e22547e
reloadAllAccessors: .ClockDriftChange

===========================================================================================
----------------- testing Tue Jan 08 03:15:47 UTC 2019 /home/travis/build/icyphy/ptII/ptolemy/domains/de/test/auto/ComposableCausalityAnalysis.xml
----------------- Instantiating /home/travis/build/icyphy/ptII/ptolemy/domains/de/test/auto/ComposableCausalityAnalysis.xml
1 ms. Memory: 595456K Free: 569137K (96%)
----------------- Invoking toplevel() on ptolemy.moml.MoMLSimpleApplication@6771f8f4
----------------- Done invoking toplevel() on ptolemy.moml.MoMLSimpleApplication@6771f8f4
reloadAllAccessors: .ComposableCausalityAnalysis

===========================================================================================
----------------- testing Tue Jan 08 03:15:47 UTC 2019 /home/travis/build/icyphy/ptII/ptolemy/domains/de/test/auto/DEFixedPointLimitation.xml
----------------- Instantiating /home/travis/build/icyphy/ptII/ptolemy/domains/de/test/auto/DEFixedPointLimitation.xml
1 ms. Memory: 595456K Free: 543542K (91%)
----------------- Invoking toplevel() on ptolemy.moml.MoMLSimpleApplication@12d0d3a0
----------------- Done invoking toplevel() on ptolemy.moml.MoMLSimpleApplication@12d0d3a0
reloadAllAccessors: .DEFixedPointLimitation

===========================================================================================
----------------- testing Tue Jan 08 03:15:47 UTC 2019 /home/travis/build/icyphy/ptII/ptolemy/domains/de/test/auto/DEScheduleTest.xml
----------------- Instantiating /home/travis/build/icyphy/ptII/ptolemy/domains/de/test/auto/DEScheduleTest.xml
2 ms. Memory: 595456K Free: 523021K (88%)
----------------- Invoking toplevel() on ptolemy.moml.MoMLSimpleApplication@66f1ae96
----------------- Done invoking toplevel() on ptolemy.moml.MoMLSimpleApplication@66f1ae96
reloadAllAccessors: .DEScheduleTest

===========================================================================================
----------------- testing Tue Jan 08 03:15:47 UTC 2019 /home/travis/build/icyphy/ptII/ptolemy/domains/de/test/auto/DEinDEwithStartTimes.xml
----------------- Instantiating /home/travis/build/icyphy/ptII/ptolemy/domains/de/test/auto/DEinDEwithStartTimes.xml
2 ms. Memory: 595456K Free: 502500K (84%)
----------------- Invoking toplevel() on ptolemy.moml.MoMLSimpleApplication@52ff69bc
----------------- Done invoking toplevel() on ptolemy.moml.MoMLSimpleApplication@52ff69bc
reloadAllAccessors: .DEinDEwithStartTimes

===========================================================================================
----------------- testing Tue Jan 08 03:15:47 UTC 2019 /home/travis/build/icyphy/ptII/ptolemy/domains/de/test/auto/DEinDEwithStartTimes2.xml
----------------- Instantiating /home/travis/build/icyphy/ptII/ptolemy/domains/de/test/auto/DEinDEwithStartTimes2.xml
3 ms. Memory: 595456K Free: 481960K (81%)
----------------- Invoking toplevel() on ptolemy.moml.MoMLSimpleApplication@1d76f61a
----------------- Done invoking toplevel() on ptolemy.moml.MoMLSimpleApplication@1d76f61a
reloadAllAccessors: .DEinDEwithStartTimes2

===========================================================================================
----------------- testing Tue Jan 08 03:15:47 UTC 2019 /home/travis/build/icyphy/ptII/ptolemy/domains/de/test/auto/DateDemo.xml
----------------- Instantiating /home/travis/build/icyphy/ptII/ptolemy/domains/de/test/auto/DateDemo.xml
4 ms. Memory: 595456K Free: 451163K (76%)
----------------- Invoking toplevel() on ptolemy.moml.MoMLSimpleApplication@4ec2df25
----------------- Done invoking toplevel() on ptolemy.moml.MoMLSimpleApplication@4ec2df25
reloadAllAccessors: .DateDemo

===========================================================================================
----------------- testing Tue Jan 08 03:15:47 UTC 2019 /home/travis/build/icyphy/ptII/ptolemy/domains/de/test/auto/DateToEvent.xml
----------------- Instantiating /home/travis/build/icyphy/ptII/ptolemy/domains/de/test/auto/DateToEvent.xml
2005 ms. Memory: 595456K Free: 420365K (71%)
----------------- Invoking toplevel() on ptolemy.moml.MoMLSimpleApplication@4d1df4f5
----------------- Done invoking toplevel() on ptolemy.moml.MoMLSimpleApplication@4d1df4f5
reloadAllAccessors: .DateToEvent

===========================================================================================
----------------- testing Tue Jan 08 03:15:49 UTC 2019 /home/travis/build/icyphy/ptII/ptolemy/domains/de/test/auto/DepthTest1.xml
----------------- Instantiating /home/travis/build/icyphy/ptII/ptolemy/domains/de/test/auto/DepthTest1.xml
1 ms. Memory: 595456K Free: 399844K (67%)
----------------- Invoking toplevel() on ptolemy.moml.MoMLSimpleApplication@2201727d
----------------- Done invoking toplevel() on ptolemy.moml.MoMLSimpleApplication@2201727d
reloadAllAccessors: .DepthTest1

===========================================================================================
----------------- testing Tue Jan 08 03:15:49 UTC 2019 /home/travis/build/icyphy/ptII/ptolemy/domains/de/test/auto/DepthTest2.xml
----------------- Instantiating /home/travis/build/icyphy/ptII/ptolemy/domains/de/test/auto/DepthTest2.xml
2 ms. Memory: 595456K Free: 379323K (64%)
----------------- Invoking toplevel() on ptolemy.moml.MoMLSimpleApplication@1a27dd67
----------------- Done invoking toplevel() on ptolemy.moml.MoMLSimpleApplication@1a27dd67
reloadAllAccessors: .DepthTest2

===========================================================================================
----------------- testing Tue Jan 08 03:15:49 UTC 2019 /home/travis/build/icyphy/ptII/ptolemy/domains/de/test/auto/DepthTest3.xml
----------------- Instantiating /home/travis/build/icyphy/ptII/ptolemy/domains/de/test/auto/DepthTest3.xml
1 ms. Memory: 595456K Free: 358802K (60%)
----------------- Invoking toplevel() on ptolemy.moml.MoMLSimpleApplication@45caaf1d
----------------- Done invoking toplevel() on ptolemy.moml.MoMLSimpleApplication@45caaf1d
reloadAllAccessors: .DepthTest3

===========================================================================================
----------------- testing Tue Jan 08 03:15:49 UTC 2019 /home/travis/build/icyphy/ptII/ptolemy/domains/de/test/auto/DepthTest4.xml
----------------- Instantiating /home/travis/build/icyphy/ptII/ptolemy/domains/de/test/auto/DepthTest4.xml
2 ms. Memory: 595456K Free: 338281K (57%)
----------------- Invoking toplevel() on ptolemy.moml.MoMLSimpleApplication@622da39b
----------------- Done invoking toplevel() on ptolemy.moml.MoMLSimpleApplication@622da39b
reloadAllAccessors: .DepthTest4

===========================================================================================
----------------- testing Tue Jan 08 03:15:49 UTC 2019 /home/travis/build/icyphy/ptII/ptolemy/domains/de/test/auto/DepthTest5.xml
----------------- Instantiating /home/travis/build/icyphy/ptII/ptolemy/domains/de/test/auto/DepthTest5.xml
2 ms. Memory: 595456K Free: 312687K (53%)
----------------- Invoking toplevel() on ptolemy.moml.MoMLSimpleApplication@26314a92
----------------- Done invoking toplevel() on ptolemy.moml.MoMLSimpleApplication@26314a92
reloadAllAccessors: .DepthTest5

===========================================================================================
----------------- testing Tue Jan 08 03:15:49 UTC 2019 /home/travis/build/icyphy/ptII/ptolemy/domains/de/test/auto/DepthTest6.xml
----------------- Instantiating /home/travis/build/icyphy/ptII/ptolemy/domains/de/test/auto/DepthTest6.xml
2 ms. Memory: 595456K Free: 292166K (49%)
----------------- Invoking toplevel() on ptolemy.moml.MoMLSimpleApplication@56aeaf5
----------------- Done invoking toplevel() on ptolemy.moml.MoMLSimpleApplication@56aeaf5
reloadAllAccessors: .DepthTest6

===========================================================================================
----------------- testing Tue Jan 08 03:15:49 UTC 2019 /home/travis/build/icyphy/ptII/ptolemy/domains/de/test/auto/DepthTest7.xml
----------------- Instantiating /home/travis/build/icyphy/ptII/ptolemy/domains/de/test/auto/DepthTest7.xml
2 ms. Memory: 595456K Free: 271645K (46%)
----------------- Invoking toplevel() on ptolemy.moml.MoMLSimpleApplication@555740c5
----------------- Done invoking toplevel() on ptolemy.moml.MoMLSimpleApplication@555740c5
reloadAllAccessors: .DepthTest7

===========================================================================================
----------------- testing Tue Jan 08 03:15:49 UTC 2019 /home/travis/build/icyphy/ptII/ptolemy/domains/de/test/auto/EventToDate.xml
----------------- Instantiating /home/travis/build/icyphy/ptII/ptolemy/domains/de/test/auto/EventToDate.xml
3005 ms. Memory: 595456K Free: 240848K (40%)
----------------- Invoking toplevel() on ptolemy.moml.MoMLSimpleApplication@9ca1de2
----------------- Done invoking toplevel() on ptolemy.moml.MoMLSimpleApplication@9ca1de2
reloadAllAccessors: .EventToDate

===========================================================================================
----------------- testing Tue Jan 08 03:15:52 UTC 2019 /home/travis/build/icyphy/ptII/ptolemy/domains/de/test/auto/FSM1.xml
----------------- Instantiating /home/travis/build/icyphy/ptII/ptolemy/domains/de/test/auto/FSM1.xml
14 ms. Memory: 595456K Free: 220327K (37%)
----------------- Invoking toplevel() on ptolemy.moml.MoMLSimpleApplication@be3613b
----------------- Done invoking toplevel() on ptolemy.moml.MoMLSimpleApplication@be3613b
reloadAllAccessors: .FSM1

===========================================================================================
----------------- testing Tue Jan 08 03:15:52 UTC 2019 /home/travis/build/icyphy/ptII/ptolemy/domains/de/test/auto/FSM7.xml
----------------- Instantiating /home/travis/build/icyphy/ptII/ptolemy/domains/de/test/auto/FSM7.xml
11 ms. Memory: 595456K Free: 199806K (34%)
----------------- Invoking toplevel() on ptolemy.moml.MoMLSimpleApplication@659dc04c
----------------- Done invoking toplevel() on ptolemy.moml.MoMLSimpleApplication@659dc04c
reloadAllAccessors: .FSM7

===========================================================================================
----------------- testing Tue Jan 08 03:15:52 UTC 2019 /home/travis/build/icyphy/ptII/ptolemy/domains/de/test/auto/Inspection.xml
----------------- Instantiating /home/travis/build/icyphy/ptII/ptolemy/domains/de/test/auto/Inspection.xml
20 ms. Memory: 595456K Free: 169008K (28%)
----------------- Invoking toplevel() on ptolemy.moml.MoMLSimpleApplication@4da6107
----------------- Done invoking toplevel() on ptolemy.moml.MoMLSimpleApplication@4da6107
reloadAllAccessors: .Inspection

===========================================================================================
----------------- testing Tue Jan 08 03:15:52 UTC 2019 /home/travis/build/icyphy/ptII/ptolemy/domains/de/test/auto/Iteration.xml
----------------- Instantiating /home/travis/build/icyphy/ptII/ptolemy/domains/de/test/auto/Iteration.xml
5 ms. Memory: 595456K Free: 148487K (25%)
----------------- Invoking toplevel() on ptolemy.moml.MoMLSimpleApplication@1b3f4dbb
----------------- Done invoking toplevel() on ptolemy.moml.MoMLSimpleApplication@1b3f4dbb
reloadAllAccessors: .Iteration

===========================================================================================
----------------- testing Tue Jan 08 03:15:52 UTC 2019 /home/travis/build/icyphy/ptII/ptolemy/domains/de/test/auto/LineFault.xml
----------------- Instantiating /home/travis/build/icyphy/ptII/ptolemy/domains/de/test/auto/LineFault.xml
367 ms. Memory: 571392K Free: 505182K (88%)
----------------- Invoking toplevel() on ptolemy.moml.MoMLSimpleApplication@49e1b464
----------------- Done invoking toplevel() on ptolemy.moml.MoMLSimpleApplication@49e1b464
reloadAllAccessors: .LineFault

===========================================================================================
----------------- testing Tue Jan 08 03:15:53 UTC 2019 /home/travis/build/icyphy/ptII/ptolemy/domains/de/test/auto/MergeModel1Add.xml
----------------- Instantiating /home/travis/build/icyphy/ptII/ptolemy/domains/de/test/auto/MergeModel1Add.xml
10 ms. Memory: 571392K Free: 472003K (83%)
----------------- Invoking toplevel() on ptolemy.moml.MoMLSimpleApplication@5c66c59
----------------- Done invoking toplevel() on ptolemy.moml.MoMLSimpleApplication@5c66c59
reloadAllAccessors: .MergeModel1Add

===========================================================================================
----------------- testing Tue Jan 08 03:15:53 UTC 2019 /home/travis/build/icyphy/ptII/ptolemy/domains/de/test/auto/MergeModel2Add.xml
----------------- Instantiating /home/travis/build/icyphy/ptII/ptolemy/domains/de/test/auto/MergeModel2Add.xml
5 ms. Memory: 571392K Free: 447523K (78%)
----------------- Invoking toplevel() on ptolemy.moml.MoMLSimpleApplication@5dcce9aa
----------------- Done invoking toplevel() on ptolemy.moml.MoMLSimpleApplication@5dcce9aa
reloadAllAccessors: .MergeModel2Add

===========================================================================================
----------------- testing Tue Jan 08 03:15:53 UTC 2019 /home/travis/build/icyphy/ptII/ptolemy/domains/de/test/auto/MergeModel3Add.xml
----------------- Instantiating /home/travis/build/icyphy/ptII/ptolemy/domains/de/test/auto/MergeModel3Add.xml
4 ms. Memory: 571392K Free: 423043K (74%)
----------------- Invoking toplevel() on ptolemy.moml.MoMLSimpleApplication@2856c375
----------------- Done invoking toplevel() on ptolemy.moml.MoMLSimpleApplication@2856c375
reloadAllAccessors: .MergeModel3Add

===========================================================================================
----------------- testing Tue Jan 08 03:15:53 UTC 2019 /home/travis/build/icyphy/ptII/ptolemy/domains/de/test/auto/MergeWithoutDiscard.xml
----------------- Instantiating /home/travis/build/icyphy/ptII/ptolemy/domains/de/test/auto/MergeWithoutDiscard.xml
0 ms. Memory: 571392K Free: 413264K (72%)
----------------- Invoking toplevel() on ptolemy.moml.MoMLSimpleApplication@ce64f27
----------------- Done invoking toplevel() on ptolemy.moml.MoMLSimpleApplication@ce64f27
reloadAllAccessors: .MergeWithoutDiscard

===========================================================================================
----------------- testing Tue Jan 08 03:15:53 UTC 2019 /home/travis/build/icyphy/ptII/ptolemy/domains/de/test/auto/Modal1.xml
----------------- Instantiating /home/travis/build/icyphy/ptII/ptolemy/domains/de/test/auto/Modal1.xml
8 ms. Memory: 571392K Free: 393661K (69%)
----------------- Invoking toplevel() on ptolemy.moml.MoMLSimpleApplication@112cf1fe
----------------- Done invoking toplevel() on ptolemy.moml.MoMLSimpleApplication@112cf1fe
reloadAllAccessors: .Modal1

===========================================================================================
----------------- testing Tue Jan 08 03:15:53 UTC 2019 /home/travis/build/icyphy/ptII/ptolemy/domains/de/test/auto/Modal2.xml
----------------- Instantiating /home/travis/build/icyphy/ptII/ptolemy/domains/de/test/auto/Modal2.xml
7 ms. Memory: 571392K Free: 374071K (65%)
----------------- Invoking toplevel() on ptolemy.moml.MoMLSimpleApplication@60f407b3
----------------- Done invoking toplevel() on ptolemy.moml.MoMLSimpleApplication@60f407b3
reloadAllAccessors: .Modal2

===========================================================================================
----------------- testing Tue Jan 08 03:15:53 UTC 2019 /home/travis/build/icyphy/ptII/ptolemy/domains/de/test/auto/Modal3.xml
----------------- Instantiating /home/travis/build/icyphy/ptII/ptolemy/domains/de/test/auto/Modal3.xml
6 ms. Memory: 571392K Free: 351274K (61%)
----------------- Invoking toplevel() on ptolemy.moml.MoMLSimpleApplication@aa88755
----------------- Done invoking toplevel() on ptolemy.moml.MoMLSimpleApplication@aa88755
reloadAllAccessors: .Modal3

===========================================================================================
----------------- testing Tue Jan 08 03:15:53 UTC 2019 /home/travis/build/icyphy/ptII/ptolemy/domains/de/test/auto/Modal4.xml
----------------- Instantiating /home/travis/build/icyphy/ptII/ptolemy/domains/de/test/auto/Modal4.xml
8 ms. Memory: 571392K Free: 331684K (58%)
----------------- Invoking toplevel() on ptolemy.moml.MoMLSimpleApplication@254980fd
----------------- Done invoking toplevel() on ptolemy.moml.MoMLSimpleApplication@254980fd
reloadAllAccessors: .Modal4

===========================================================================================
----------------- testing Tue Jan 08 03:15:53 UTC 2019 /home/travis/build/icyphy/ptII/ptolemy/domains/de/test/auto/Modal5.xml
----------------- Instantiating /home/travis/build/icyphy/ptII/ptolemy/domains/de/test/auto/Modal5.xml
7 ms. Memory: 571392K Free: 312109K (55%)
----------------- Invoking toplevel() on ptolemy.moml.MoMLSimpleApplication@617a7596
----------------- Done invoking toplevel() on ptolemy.moml.MoMLSimpleApplication@617a7596
reloadAllAccessors: .Modal5

===========================================================================================
----------------- testing Tue Jan 08 03:15:53 UTC 2019 /home/travis/build/icyphy/ptII/ptolemy/domains/de/test/auto/Modal6.xml
----------------- Instantiating /home/travis/build/icyphy/ptII/ptolemy/domains/de/test/auto/Modal6.xml
8 ms. Memory: 571392K Free: 297439K (52%)
----------------- Invoking toplevel() on ptolemy.moml.MoMLSimpleApplication@442829a4
----------------- Done invoking toplevel() on ptolemy.moml.MoMLSimpleApplication@442829a4
reloadAllAccessors: .Modal6

===========================================================================================
----------------- testing Tue Jan 08 03:15:53 UTC 2019 /home/travis/build/icyphy/ptII/ptolemy/domains/de/test/auto/Modal7.xml
----------------- Instantiating /home/travis/build/icyphy/ptII/ptolemy/domains/de/test/auto/Modal7.xml
7 ms. Memory: 571392K Free: 277865K (49%)
----------------- Invoking toplevel() on ptolemy.moml.MoMLSimpleApplication@69c70a4
----------------- Done invoking toplevel() on ptolemy.moml.MoMLSimpleApplication@69c70a4
reloadAllAccessors: .Modal7

===========================================================================================
----------------- testing Tue Jan 08 03:15:53 UTC 2019 /home/travis/build/icyphy/ptII/ptolemy/domains/de/test/auto/ModalModel.xml
----------------- Instantiating /home/travis/build/icyphy/ptII/ptolemy/domains/de/test/auto/ModalModel.xml
117 ms. Memory: 571392K Free: 204400K (36%)
----------------- Invoking toplevel() on ptolemy.moml.MoMLSimpleApplication@67f76ca7
----------------- Done invoking toplevel() on ptolemy.moml.MoMLSimpleApplication@67f76ca7
reloadAllAccessors: .ModalModel

===========================================================================================
----------------- testing Tue Jan 08 03:15:53 UTC 2019 /home/travis/build/icyphy/ptII/ptolemy/domains/de/test/auto/ModalSource.xml
----------------- Instantiating /home/travis/build/icyphy/ptII/ptolemy/domains/de/test/auto/ModalSource.xml
5 ms. Memory: 571392K Free: 189715K (33%)
----------------- Invoking toplevel() on ptolemy.moml.MoMLSimpleApplication@1c094d9c
----------------- Done invoking toplevel() on ptolemy.moml.MoMLSimpleApplication@1c094d9c
reloadAllAccessors: .ModalSource

===========================================================================================
----------------- testing Tue Jan 08 03:15:53 UTC 2019 /home/travis/build/icyphy/ptII/ptolemy/domains/de/test/auto/NonInterruptibleTimerZeroDelay.xml
----------------- Instantiating /home/travis/build/icyphy/ptII/ptolemy/domains/de/test/auto/NonInterruptibleTimerZeroDelay.xml
2 ms. Memory: 571392K Free: 176714K (31%)
----------------- Invoking toplevel() on ptolemy.moml.MoMLSimpleApplication@5f7ac42a
----------------- Done invoking toplevel() on ptolemy.moml.MoMLSimpleApplication@5f7ac42a
reloadAllAccessors: .NonInterruptibleTimerZeroDelay

===========================================================================================
----------------- testing Tue Jan 08 03:15:53 UTC 2019 /home/travis/build/icyphy/ptII/ptolemy/domains/de/test/auto/OpenQueueingNetwork.xml
----------------- Instantiating /home/travis/build/icyphy/ptII/ptolemy/domains/de/test/auto/OpenQueueingNetwork.xml
2133 ms. Memory: 526336K Free: 457437K (87%)
----------------- Invoking toplevel() on ptolemy.moml.MoMLSimpleApplication@214d9ec1
----------------- Done invoking toplevel() on ptolemy.moml.MoMLSimpleApplication@214d9ec1
reloadAllAccessors: .OpenQueueingNetwork

===========================================================================================
----------------- testing Tue Jan 08 03:15:55 UTC 2019 /home/travis/build/icyphy/ptII/ptolemy/domains/de/test/auto/OpenQueuingNetwork.xml
----------------- Instantiating /home/travis/build/icyphy/ptII/ptolemy/domains/de/test/auto/OpenQueuingNetwork.xml
213 ms. Memory: 526336K Free: 359430K (68%)
----------------- Invoking toplevel() on ptolemy.moml.MoMLSimpleApplication@704b433e
----------------- Done invoking toplevel() on ptolemy.moml.MoMLSimpleApplication@704b433e
reloadAllAccessors: .OpenQueuingNetwork

===========================================================================================
----------------- testing Tue Jan 08 03:15:56 UTC 2019 /home/travis/build/icyphy/ptII/ptolemy/domains/de/test/auto/PeriodicSampler.xml
----------------- Instantiating /home/travis/build/icyphy/ptII/ptolemy/domains/de/test/auto/PeriodicSampler.xml
1 ms. Memory: 526336K Free: 350531K (67%)
----------------- Invoking toplevel() on ptolemy.moml.MoMLSimpleApplication@5a10cd12
----------------- Done invoking toplevel() on ptolemy.moml.MoMLSimpleApplication@5a10cd12
reloadAllAccessors: .PeriodicSampler

===========================================================================================
----------------- testing Tue Jan 08 03:15:56 UTC 2019 /home/travis/build/icyphy/ptII/ptolemy/domains/de/test/auto/PersistentIO.xml
----------------- Instantiating /home/travis/build/icyphy/ptII/ptolemy/domains/de/test/auto/PersistentIO.xml
7 ms. Memory: 526336K Free: 337183K (64%)
----------------- Invoking toplevel() on ptolemy.moml.MoMLSimpleApplication@23650c0b
----------------- Done invoking toplevel() on ptolemy.moml.MoMLSimpleApplication@23650c0b
reloadAllAccessors: .PersistentIO

===========================================================================================
----------------- testing Tue Jan 08 03:15:56 UTC 2019 /home/travis/build/icyphy/ptII/ptolemy/domains/de/test/auto/PortParameterResetOnInitialize.xml
----------------- Instantiating /home/travis/build/icyphy/ptII/ptolemy/domains/de/test/auto/PortParameterResetOnInitialize.xml
1 ms. Memory: 526336K Free: 326313K (62%)
----------------- Invoking toplevel() on ptolemy.moml.MoMLSimpleApplication@183cf14e
----------------- Done invoking toplevel() on ptolemy.moml.MoMLSimpleApplication@183cf14e
reloadAllAccessors: .PortParameterResetOnInitialize

===========================================================================================
----------------- testing Tue Jan 08 03:15:56 UTC 2019 /home/travis/build/icyphy/ptII/ptolemy/domains/de/test/auto/PortParameterUpdates.xml
----------------- Instantiating /home/travis/build/icyphy/ptII/ptolemy/domains/de/test/auto/PortParameterUpdates.xml
2 ms. Memory: 526336K Free: 312965K (59%)
----------------- Invoking toplevel() on ptolemy.moml.MoMLSimpleApplication@5d4fadbd
----------------- Done invoking toplevel() on ptolemy.moml.MoMLSimpleApplication@5d4fadbd
reloadAllAccessors: .PortParameterUpdates

===========================================================================================
----------------- testing Tue Jan 08 03:15:56 UTC 2019 /home/travis/build/icyphy/ptII/ptolemy/domains/de/test/auto/QueueAndServer.xml
----------------- Instantiating /home/travis/build/icyphy/ptII/ptolemy/domains/de/test/auto/QueueAndServer.xml
4 ms. Memory: 526336K Free: 299602K (57%)
----------------- Invoking toplevel() on ptolemy.moml.MoMLSimpleApplication@38b0e9c0
----------------- Done invoking toplevel() on ptolemy.moml.MoMLSimpleApplication@38b0e9c0
reloadAllAccessors: .QueueAndServer

===========================================================================================
----------------- testing Tue Jan 08 03:15:56 UTC 2019 /home/travis/build/icyphy/ptII/ptolemy/domains/de/test/auto/Records.xml
----------------- Instantiating /home/travis/build/icyphy/ptII/ptolemy/domains/de/test/auto/Records.xml
3 ms. Memory: 526336K Free: 286238K (54%)
----------------- Invoking toplevel() on ptolemy.moml.MoMLSimpleApplication@59b1f388
----------------- Done invoking toplevel() on ptolemy.moml.MoMLSimpleApplication@59b1f388
reloadAllAccessors: .Records

===========================================================================================
----------------- testing Tue Jan 08 03:15:56 UTC 2019 /home/travis/build/icyphy/ptII/ptolemy/domains/de/test/auto/ResetTransitionWithStartTime1.xml
----------------- Instantiating /home/travis/build/icyphy/ptII/ptolemy/domains/de/test/auto/ResetTransitionWithStartTime1.xml
4 ms. Memory: 526336K Free: 270903K (51%)
----------------- Invoking toplevel() on ptolemy.moml.MoMLSimpleApplication@754f666c
----------------- Done invoking toplevel() on ptolemy.moml.MoMLSimpleApplication@754f666c
reloadAllAccessors: .ResetTransitionWithStartTime1

===========================================================================================
----------------- testing Tue Jan 08 03:15:56 UTC 2019 /home/travis/build/icyphy/ptII/ptolemy/domains/de/test/auto/ResetTransitionWithStartTime2.xml
----------------- Instantiating /home/travis/build/icyphy/ptII/ptolemy/domains/de/test/auto/ResetTransitionWithStartTime2.xml
3 ms. Memory: 526336K Free: 257539K (49%)
----------------- Invoking toplevel() on ptolemy.moml.MoMLSimpleApplication@7b510b4f
----------------- Done invoking toplevel() on ptolemy.moml.MoMLSimpleApplication@7b510b4f
reloadAllAccessors: .ResetTransitionWithStartTime2

===========================================================================================
----------------- testing Tue Jan 08 03:15:56 UTC 2019 /home/travis/build/icyphy/ptII/ptolemy/domains/de/test/auto/ResetTransitionWithStartTime3.xml
----------------- Instantiating /home/travis/build/icyphy/ptII/ptolemy/domains/de/test/auto/ResetTransitionWithStartTime3.xml
4 ms. Memory: 526336K Free: 244191K (46%)
----------------- Invoking toplevel() on ptolemy.moml.MoMLSimpleApplication@3d2e69a6
----------------- Done invoking toplevel() on ptolemy.moml.MoMLSimpleApplication@3d2e69a6
reloadAllAccessors: .ResetTransitionWithStartTime3

===========================================================================================
----------------- testing Tue Jan 08 03:15:56 UTC 2019 /home/travis/build/icyphy/ptII/ptolemy/domains/de/test/auto/ResetTransitionWithStartTime4.xml
----------------- Instantiating /home/travis/build/icyphy/ptII/ptolemy/domains/de/test/auto/ResetTransitionWithStartTime4.xml
3 ms. Memory: 526336K Free: 230827K (44%)
----------------- Invoking toplevel() on ptolemy.moml.MoMLSimpleApplication@58166831
----------------- Done invoking toplevel() on ptolemy.moml.MoMLSimpleApplication@58166831
reloadAllAccessors: .ResetTransitionWithStartTime4

===========================================================================================
----------------- testing Tue Jan 08 03:15:56 UTC 2019 /home/travis/build/icyphy/ptII/ptolemy/domains/de/test/auto/ResettableTimer1.xml
----------------- Instantiating /home/travis/build/icyphy/ptII/ptolemy/domains/de/test/auto/ResettableTimer1.xml
2 ms. Memory: 526336K Free: 219957K (42%)
----------------- Invoking toplevel() on ptolemy.moml.MoMLSimpleApplication@5d1e1571
----------------- Done invoking toplevel() on ptolemy.moml.MoMLSimpleApplication@5d1e1571
reloadAllAccessors: .ResettableTimer1

===========================================================================================
----------------- testing Tue Jan 08 03:15:56 UTC 2019 /home/travis/build/icyphy/ptII/ptolemy/domains/de/test/auto/ResettableTimer2.xml
----------------- Instantiating /home/travis/build/icyphy/ptII/ptolemy/domains/de/test/auto/ResettableTimer2.xml
1 ms. Memory: 526336K Free: 211058K (40%)
----------------- Invoking toplevel() on ptolemy.moml.MoMLSimpleApplication@2ac59019
----------------- Done invoking toplevel() on ptolemy.moml.MoMLSimpleApplication@2ac59019
reloadAllAccessors: .ResettableTimer2

===========================================================================================
----------------- testing Tue Jan 08 03:15:56 UTC 2019 /home/travis/build/icyphy/ptII/ptolemy/domains/de/test/auto/ResettableTimer3.xml
----------------- Instantiating /home/travis/build/icyphy/ptII/ptolemy/domains/de/test/auto/ResettableTimer3.xml
1 ms. Memory: 526336K Free: 202160K (38%)
----------------- Invoking toplevel() on ptolemy.moml.MoMLSimpleApplication@1258d22a
----------------- Done invoking toplevel() on ptolemy.moml.MoMLSimpleApplication@1258d22a
reloadAllAccessors: .ResettableTimer3

===========================================================================================
----------------- testing Tue Jan 08 03:15:56 UTC 2019 /home/travis/build/icyphy/ptII/ptolemy/domains/de/test/auto/ResettableTimer4.xml
----------------- Instantiating /home/travis/build/icyphy/ptII/ptolemy/domains/de/test/auto/ResettableTimer4.xml
1 ms. Memory: 526336K Free: 193261K (37%)
----------------- Invoking toplevel() on ptolemy.moml.MoMLSimpleApplication@50e1678e
----------------- Done invoking toplevel() on ptolemy.moml.MoMLSimpleApplication@50e1678e
reloadAllAccessors: .ResettableTimer4

===========================================================================================
----------------- testing Tue Jan 08 03:15:56 UTC 2019 /home/travis/build/icyphy/ptII/ptolemy/domains/de/test/auto/ResettableTimer5.xml
----------------- Instantiating /home/travis/build/icyphy/ptII/ptolemy/domains/de/test/auto/ResettableTimer5.xml
1 ms. Memory: 526336K Free: 182391K (35%)
----------------- Invoking toplevel() on ptolemy.moml.MoMLSimpleApplication@2446a35f
----------------- Done invoking toplevel() on ptolemy.moml.MoMLSimpleApplication@2446a35f
reloadAllAccessors: .ResettableTimer5

===========================================================================================
----------------- testing Tue Jan 08 03:15:56 UTC 2019 /home/travis/build/icyphy/ptII/ptolemy/domains/de/test/auto/ResettableTimer6.xml
----------------- Instantiating /home/travis/build/icyphy/ptII/ptolemy/domains/de/test/auto/ResettableTimer6.xml
4 ms. Memory: 526336K Free: 173493K (33%)
----------------- Invoking toplevel() on ptolemy.moml.MoMLSimpleApplication@4949f492
----------------- Done invoking toplevel() on ptolemy.moml.MoMLSimpleApplication@4949f492
reloadAllAccessors: .ResettableTimer6

===========================================================================================
----------------- testing Tue Jan 08 03:15:56 UTC 2019 /home/travis/build/icyphy/ptII/ptolemy/domains/de/test/auto/ServerZeroDelay.xml
----------------- Instantiating /home/travis/build/icyphy/ptII/ptolemy/domains/de/test/auto/ServerZeroDelay.xml
2 ms. Memory: 526336K Free: 164594K (31%)
----------------- Invoking toplevel() on ptolemy.moml.MoMLSimpleApplication@7125279f
----------------- Done invoking toplevel() on ptolemy.moml.MoMLSimpleApplication@7125279f
reloadAllAccessors: .ServerZeroDelay

===========================================================================================
----------------- testing Tue Jan 08 03:15:56 UTC 2019 /home/travis/build/icyphy/ptII/ptolemy/domains/de/test/auto/SmartSender.xml
----------------- Instantiating /home/travis/build/icyphy/ptII/ptolemy/domains/de/test/auto/SmartSender.xml
3002 ms. Memory: 526336K Free: 155696K (30%)
----------------- Invoking toplevel() on ptolemy.moml.MoMLSimpleApplication@6f5fcb16
----------------- Done invoking toplevel() on ptolemy.moml.MoMLSimpleApplication@6f5fcb16
reloadAllAccessors: .SmartSender

===========================================================================================
----------------- testing Tue Jan 08 03:15:59 UTC 2019 /home/travis/build/icyphy/ptII/ptolemy/domains/de/test/auto/ThreadedComposite.xml
----------------- Instantiating /home/travis/build/icyphy/ptII/ptolemy/domains/de/test/auto/ThreadedComposite.xml
85 ms. Memory: 526336K Free: 127004K (24%)
----------------- Invoking toplevel() on ptolemy.moml.MoMLSimpleApplication@3cb27849
----------------- Done invoking toplevel() on ptolemy.moml.MoMLSimpleApplication@3cb27849
reloadAllAccessors: .ThreadedComposite

===========================================================================================
----------------- testing Tue Jan 08 03:15:59 UTC 2019 /home/travis/build/icyphy/ptII/ptolemy/domains/de/test/auto/Time.xml
----------------- Instantiating /home/travis/build/icyphy/ptII/ptolemy/domains/de/test/auto/Time.xml
413 ms. Memory: 526336K Free: 71681K (14%)
----------------- Invoking toplevel() on ptolemy.moml.MoMLSimpleApplication@7bd0db34
----------------- Done invoking toplevel() on ptolemy.moml.MoMLSimpleApplication@7bd0db34
reloadAllAccessors: .Time

===========================================================================================
----------------- testing Tue Jan 08 03:15:59 UTC 2019 /home/travis/build/icyphy/ptII/ptolemy/domains/de/test/auto/TimeDelayZeroDelay.xml
----------------- Instantiating /home/travis/build/icyphy/ptII/ptolemy/domains/de/test/auto/TimeDelayZeroDelay.xml
2 ms. Memory: 508416K Free: 490064K (96%)
----------------- Invoking toplevel() on ptolemy.moml.MoMLSimpleApplication@6dbf7489
----------------- Done invoking toplevel() on ptolemy.moml.MoMLSimpleApplication@6dbf7489
reloadAllAccessors: .TimeDelayZeroDelay

===========================================================================================
----------------- testing Tue Jan 08 03:15:59 UTC 2019 /home/travis/build/icyphy/ptII/ptolemy/domains/de/test/auto/TimerZeroDelay.xml
----------------- Instantiating /home/travis/build/icyphy/ptII/ptolemy/domains/de/test/auto/TimerZeroDelay.xml
2 ms. Memory: 508416K Free: 480287K (94%)
----------------- Invoking toplevel() on ptolemy.moml.MoMLSimpleApplication@779975b7
----------------- Done invoking toplevel() on ptolemy.moml.MoMLSimpleApplication@779975b7
reloadAllAccessors: .TimerZeroDelay

===========================================================================================
----------------- testing Tue Jan 08 03:16:00 UTC 2019 /home/travis/build/icyphy/ptII/ptolemy/domains/de/test/auto/TimingParadox.xml
----------------- Instantiating /home/travis/build/icyphy/ptII/ptolemy/domains/de/test/auto/TimingParadox.xml
271 ms. Memory: 508416K Free: 412295K (81%)
----------------- Invoking toplevel() on ptolemy.moml.MoMLSimpleApplication@27466eba
----------------- Done invoking toplevel() on ptolemy.moml.MoMLSimpleApplication@27466eba
reloadAllAccessors: .TimingParadox

===========================================================================================
----------------- testing Tue Jan 08 03:16:00 UTC 2019 /home/travis/build/icyphy/ptII/ptolemy/domains/de/test/auto/TransferInputs.xml
----------------- Instantiating /home/travis/build/icyphy/ptII/ptolemy/domains/de/test/auto/TransferInputs.xml
1 ms. Memory: 508416K Free: 402518K (79%)
----------------- Invoking toplevel() on ptolemy.moml.MoMLSimpleApplication@25ca7418
----------------- Done invoking toplevel() on ptolemy.moml.MoMLSimpleApplication@25ca7418
reloadAllAccessors: .TransferInputs

===========================================================================================
----------------- testing Tue Jan 08 03:16:00 UTC 2019 /home/travis/build/icyphy/ptII/ptolemy/domains/de/test/auto/TransferOutputs2.xml
----------------- Instantiating /home/travis/build/icyphy/ptII/ptolemy/domains/de/test/auto/TransferOutputs2.xml
2 ms. Memory: 508416K Free: 389768K (77%)
----------------- Invoking toplevel() on ptolemy.moml.MoMLSimpleApplication@1a98172
----------------- Done invoking toplevel() on ptolemy.moml.MoMLSimpleApplication@1a98172
reloadAllAccessors: .TransferOutputs2

===========================================================================================
----------------- testing Tue Jan 08 03:16:00 UTC 2019 /home/travis/build/icyphy/ptII/ptolemy/domains/de/test/auto/Trilateration.xml
----------------- Instantiating /home/travis/build/icyphy/ptII/ptolemy/domains/de/test/auto/Trilateration.xml
10569 ms. Memory: 378880K Free: 276470K (73%)
----------------- Invoking toplevel() on ptolemy.moml.MoMLSimpleApplication@751859b2
----------------- Done invoking toplevel() on ptolemy.moml.MoMLSimpleApplication@751859b2
reloadAllAccessors: .Trilateration

===========================================================================================
----------------- testing Tue Jan 08 03:16:11 UTC 2019 /home/travis/build/icyphy/ptII/ptolemy/domains/de/test/auto/TwoSigmaDelta.xml
----------------- Instantiating /home/travis/build/icyphy/ptII/ptolemy/domains/de/test/auto/TwoSigmaDelta.xml
1914 ms. Memory: 361984K Free: 261116K (72%)
----------------- Invoking toplevel() on ptolemy.moml.MoMLSimpleApplication@3796a86d
----------------- Done invoking toplevel() on ptolemy.moml.MoMLSimpleApplication@3796a86d
reloadAllAccessors: .TwoSigmaDelta

===========================================================================================
----------------- testing Tue Jan 08 03:16:13 UTC 2019 /home/travis/build/icyphy/ptII/ptolemy/domains/de/test/auto/VariableDelay.xml
----------------- Instantiating /home/travis/build/icyphy/ptII/ptolemy/domains/de/test/auto/VariableDelay.xml
1 ms. Memory: 361984K Free: 248987K (69%)
----------------- Invoking toplevel() on ptolemy.moml.MoMLSimpleApplication@7960b374
----------------- Done invoking toplevel() on ptolemy.moml.MoMLSimpleApplication@7960b374
reloadAllAccessors: .VariableDelay

===========================================================================================
----------------- testing Tue Jan 08 03:16:13 UTC 2019 /home/travis/build/icyphy/ptII/ptolemy/domains/de/test/auto/VariableDelay2.xml
----------------- Instantiating /home/travis/build/icyphy/ptII/ptolemy/domains/de/test/auto/VariableDelay2.xml
1 ms. Memory: 361984K Free: 240198K (66%)
----------------- Invoking toplevel() on ptolemy.moml.MoMLSimpleApplication@6ce1b5ca
----------------- Done invoking toplevel() on ptolemy.moml.MoMLSimpleApplication@6ce1b5ca
reloadAllAccessors: .VariableDelay2

===========================================================================================
----------------- testing Tue Jan 08 03:16:13 UTC 2019 /home/travis/build/icyphy/ptII/ptolemy/domains/de/test/auto/VariableDelayZeroDelay.xml
----------------- Instantiating /home/travis/build/icyphy/ptII/ptolemy/domains/de/test/auto/VariableDelayZeroDelay.xml
2 ms. Memory: 361984K Free: 231052K (64%)
----------------- Invoking toplevel() on ptolemy.moml.MoMLSimpleApplication@7d5c9d11
----------------- Done invoking toplevel() on ptolemy.moml.MoMLSimpleApplication@7d5c9d11
reloadAllAccessors: .VariableDelayZeroDelay

===========================================================================================
----------------- testing Tue Jan 08 03:16:13 UTC 2019 /home/travis/build/icyphy/ptII/ptolemy/domains/de/test/auto/VariableDelayZeroDelay2.xml
----------------- Instantiating /home/travis/build/icyphy/ptII/ptolemy/domains/de/test/auto/VariableDelayZeroDelay2.xml
2 ms. Memory: 361984K Free: 222262K (61%)
----------------- Invoking toplevel() on ptolemy.moml.MoMLSimpleApplication@2853a8ba
----------------- Done invoking toplevel() on ptolemy.moml.MoMLSimpleApplication@2853a8ba
reloadAllAccessors: .VariableDelayZeroDelay2

===========================================================================================
----------------- testing Tue Jan 08 03:16:13 UTC 2019 /home/travis/build/icyphy/ptII/ptolemy/domains/de/test/auto/deInCt.xml
----------------- Instantiating /home/travis/build/icyphy/ptII/ptolemy/domains/de/test/auto/deInCt.xml
0
1
1
1
1
0
0
0
1
1
1
0
0
0
1
1
1
1
0
0
0
1
1
1
0
0
0
1
1
1
0
0
0
1
1
1
0
0
0
1
1
1
0
0
0
1
1
1
0
0
1
1
1
1
6 ms. Memory: 361984K Free: 213102K (59%)
----------------- Invoking toplevel() on ptolemy.moml.MoMLSimpleApplication@db85913
----------------- Done invoking toplevel() on ptolemy.moml.MoMLSimpleApplication@db85913
reloadAllAccessors: .deInCt

===========================================================================================
----------------- testing Tue Jan 08 03:16:13 UTC 2019 /home/travis/build/icyphy/ptII/ptolemy/domains/de/test/auto/deInCt2.xml
----------------- Instantiating /home/travis/build/icyphy/ptII/ptolemy/domains/de/test/auto/deInCt2.xml
0
1
1
1
0
0
1
1
1
0
0
1
1
1
0
0
1
1
1
0
0
1
1
1
0
0
1
1
1
0
0
1
1
1
0
0
1
1
1
0
0
0
4 ms. Memory: 361984K Free: 204312K (56%)
----------------- Invoking toplevel() on ptolemy.moml.MoMLSimpleApplication@129f0449
----------------- Done invoking toplevel() on ptolemy.moml.MoMLSimpleApplication@129f0449
reloadAllAccessors: .deInCt2

===========================================================================================
----------------- testing Tue Jan 08 03:16:13 UTC 2019 /home/travis/build/icyphy/ptII/ptolemy/domains/de/test/auto/dynamicCausalityInterface1.xml
----------------- Instantiating /home/travis/build/icyphy/ptII/ptolemy/domains/de/test/auto/dynamicCausalityInterface1.xml
1 ms. Memory: 361984K Free: 189532K (52%)
----------------- Invoking toplevel() on ptolemy.moml.MoMLSimpleApplication@5e27d152
----------------- Done invoking toplevel() on ptolemy.moml.MoMLSimpleApplication@5e27d152
reloadAllAccessors: .dynamicCausalityInterface1

===========================================================================================
----------------- testing Tue Jan 08 03:16:13 UTC 2019 /home/travis/build/icyphy/ptII/ptolemy/domains/de/test/auto/fsm_de_test.xml
----------------- Instantiating /home/travis/build/icyphy/ptII/ptolemy/domains/de/test/auto/fsm_de_test.xml
5 ms. Memory: 361984K Free: 177942K (49%)
----------------- Invoking toplevel() on ptolemy.moml.MoMLSimpleApplication@6f4b76f4
----------------- Done invoking toplevel() on ptolemy.moml.MoMLSimpleApplication@6f4b76f4
reloadAllAccessors: .fsm_de_test

===========================================================================================
----------------- testing Tue Jan 08 03:16:13 UTC 2019 /home/travis/build/icyphy/ptII/ptolemy/domains/de/test/auto/functionDependencyReconstruction.xml
----------------- Instantiating /home/travis/build/icyphy/ptII/ptolemy/domains/de/test/auto/functionDependencyReconstruction.xml
2 ms. Memory: 361984K Free: 157546K (44%)
----------------- Invoking toplevel() on ptolemy.moml.MoMLSimpleApplication@1331e5a8
----------------- Done invoking toplevel() on ptolemy.moml.MoMLSimpleApplication@1331e5a8
reloadAllAccessors: .functionDependencyReconstruction

===========================================================================================
----------------- testing Tue Jan 08 03:16:13 UTC 2019 /home/travis/build/icyphy/ptII/ptolemy/domains/de/test/auto/multirate.xml
----------------- Instantiating /home/travis/build/icyphy/ptII/ptolemy/domains/de/test/auto/multirate.xml
2 ms. Memory: 361984K Free: 148757K (41%)
----------------- Invoking toplevel() on ptolemy.moml.MoMLSimpleApplication@160e8836
----------------- Done invoking toplevel() on ptolemy.moml.MoMLSimpleApplication@160e8836
reloadAllAccessors: .multirate

===========================================================================================
----------------- testing Tue Jan 08 03:16:13 UTC 2019 /home/travis/build/icyphy/ptII/ptolemy/domains/de/test/auto/multirate2.xml
----------------- Instantiating /home/travis/build/icyphy/ptII/ptolemy/domains/de/test/auto/multirate2.xml
2 ms. Memory: 361984K Free: 139612K (39%)
----------------- Invoking toplevel() on ptolemy.moml.MoMLSimpleApplication@1ae99ae5
----------------- Done invoking toplevel() on ptolemy.moml.MoMLSimpleApplication@1ae99ae5
reloadAllAccessors: .multirate2

===========================================================================================
----------------- testing Tue Jan 08 03:16:13 UTC 2019 /home/travis/build/icyphy/ptII/ptolemy/domains/de/test/auto/realtime.xml
----------------- Instantiating /home/travis/build/icyphy/ptII/ptolemy/domains/de/test/auto/realtime.xml
10001 ms. Memory: 361984K Free: 130822K (36%)
----------------- Invoking toplevel() on ptolemy.moml.MoMLSimpleApplication@6620cb89
----------------- Done invoking toplevel() on ptolemy.moml.MoMLSimpleApplication@6620cb89
reloadAllAccessors: .realtime

===========================================================================================
----------------- testing Tue Jan 08 03:16:23 UTC 2019 /home/travis/build/icyphy/ptII/ptolemy/domains/de/test/auto/relationGroup.xml
----------------- Instantiating /home/travis/build/icyphy/ptII/ptolemy/domains/de/test/auto/relationGroup.xml
3 ms. Memory: 361984K Free: 124478K (34%)
----------------- Invoking toplevel() on ptolemy.moml.MoMLSimpleApplication@4368675f
----------------- Done invoking toplevel() on ptolemy.moml.MoMLSimpleApplication@4368675f
reloadAllAccessors: .relationGroup

===========================================================================================
----------------- testing Tue Jan 08 03:16:23 UTC 2019 /home/travis/build/icyphy/ptII/ptolemy/domains/de/test/auto/relationGroup2.xml
----------------- Instantiating /home/travis/build/icyphy/ptII/ptolemy/domains/de/test/auto/relationGroup2.xml
1 ms. Memory: 361984K Free: 118505K (33%)
----------------- Invoking toplevel() on ptolemy.moml.MoMLSimpleApplication@4cbad2a0
----------------- Done invoking toplevel() on ptolemy.moml.MoMLSimpleApplication@4cbad2a0
reloadAllAccessors: .relationGroup2

===========================================================================================
----------------- testing Tue Jan 08 03:16:23 UTC 2019 /home/travis/build/icyphy/ptII/ptolemy/domains/de/test/auto/sortWithOpaquePorts.xml
----------------- Instantiating /home/travis/build/icyphy/ptII/ptolemy/domains/de/test/auto/sortWithOpaquePorts.xml
1 ms. Memory: 361984K Free: 109353K (30%)
----------------- Invoking toplevel() on ptolemy.moml.MoMLSimpleApplication@4e56289a
----------------- Done invoking toplevel() on ptolemy.moml.MoMLSimpleApplication@4e56289a
reloadAllAccessors: .sortWithOpaquePorts

===========================================================================================
----------------- testing Tue Jan 08 03:16:23 UTC 2019 /home/travis/build/icyphy/ptII/ptolemy/domains/de/test/auto/transferInputsandOutputs.xml
----------------- Instantiating /home/travis/build/icyphy/ptII/ptolemy/domains/de/test/auto/transferInputsandOutputs.xml
5 ms. Memory: 361984K Free: 100579K (28%)
----------------- Invoking toplevel() on ptolemy.moml.MoMLSimpleApplication@932141f
----------------- Done invoking toplevel() on ptolemy.moml.MoMLSimpleApplication@932141f
reloadAllAccessors: .transferInputsandOutputs

===========================================================================================
----------------- testing Tue Jan 08 03:16:23 UTC 2019 /home/travis/build/icyphy/ptII/ptolemy/domains/de/test/auto/triggerType.xml
----------------- Instantiating /home/travis/build/icyphy/ptII/ptolemy/domains/de/test/auto/triggerType.xml
2 ms. Memory: 361984K Free: 91434K (25%)
----------------- Invoking toplevel() on ptolemy.moml.MoMLSimpleApplication@126df597
----------------- Done invoking toplevel() on ptolemy.moml.MoMLSimpleApplication@126df597
reloadAllAccessors: .triggerType
AutoTests.java: About to close Vertx.
AutoTests.java: Vertx closed.
]]></system-out>
  <system-err><![CDATA[java.lang.RuntimeException: Execution failed
	at ptolemy.moml.MoMLSimpleApplication$UnloadThread.run(MoMLSimpleApplication.java:402)
Caused by: ptolemy.kernel.util.IllegalActionException: Found a zero delay loop containing .dependencyLoop.original
  in .dependencyLoop and .dependencyLoop.original
	at ptolemy.actor.util.CausalityInterfaceForComposites._computeOutputPortDepth(CausalityInterfaceForComposites.java:759)
	at ptolemy.actor.util.CausalityInterfaceForComposites._computeInputDepth(CausalityInterfaceForComposites.java:696)
	at ptolemy.actor.util.CausalityInterfaceForComposites._computeOutputPortDepth(CausalityInterfaceForComposites.java:765)
	at ptolemy.actor.util.CausalityInterfaceForComposites._computeInputDepth(CausalityInterfaceForComposites.java:696)
	at ptolemy.actor.util.CausalityInterfaceForComposites._computeOutputPortDepth(CausalityInterfaceForComposites.java:765)
	at ptolemy.actor.util.CausalityInterfaceForComposites._computeInputDepth(CausalityInterfaceForComposites.java:696)
	at ptolemy.actor.util.CausalityInterfaceForComposites._computeActorDepth(CausalityInterfaceForComposites.java:532)
	at ptolemy.actor.util.CausalityInterfaceForComposites.checkForCycles(CausalityInterfaceForComposites.java:96)
	at ptolemy.domains.de.kernel.DEDirector.preinitialize(DEDirector.java:1338)
	at ptolemy.actor.CompositeActor.preinitialize(CompositeActor.java:1828)
	at ptolemy.actor.Manager.preinitializeAndResolveTypes(Manager.java:1040)
	at ptolemy.actor.Manager.initialize(Manager.java:710)
	at ptolemy.actor.Manager.execute(Manager.java:356)
	at ptolemy.actor.Manager.run(Manager.java:1263)
	at ptolemy.actor.Manager$PtolemyRunThread.run(Manager.java:1915)
java.lang.RuntimeException: Execution failed
	at ptolemy.moml.MoMLSimpleApplication$UnloadThread.run(MoMLSimpleApplication.java:402)
Caused by: ptolemy.kernel.util.IllegalActionException: Found a zero delay loop containing .dependencyLoop2.original
  in .dependencyLoop2 and .dependencyLoop2.original
	at ptolemy.actor.util.CausalityInterfaceForComposites._computeOutputPortDepth(CausalityInterfaceForComposites.java:759)
	at ptolemy.actor.util.CausalityInterfaceForComposites._computeInputDepth(CausalityInterfaceForComposites.java:696)
	at ptolemy.actor.util.CausalityInterfaceForComposites._computeOutputPortDepth(CausalityInterfaceForComposites.java:765)
	at ptolemy.actor.util.CausalityInterfaceForComposites._computeInputDepth(CausalityInterfaceForComposites.java:696)
	at ptolemy.actor.util.CausalityInterfaceForComposites._computeOutputPortDepth(CausalityInterfaceForComposites.java:765)
	at ptolemy.actor.util.CausalityInterfaceForComposites._computeInputDepth(CausalityInterfaceForComposites.java:696)
	at ptolemy.actor.util.CausalityInterfaceForComposites._computeActorDepth(CausalityInterfaceForComposites.java:532)
	at ptolemy.actor.util.CausalityInterfaceForComposites.checkForCycles(CausalityInterfaceForComposites.java:96)
	at ptolemy.domains.de.kernel.DEDirector.preinitialize(DEDirector.java:1338)
	at ptolemy.actor.CompositeActor.preinitialize(CompositeActor.java:1828)
	at ptolemy.actor.Manager.preinitializeAndResolveTypes(Manager.java:1040)
	at ptolemy.actor.Manager.initialize(Manager.java:710)
	at ptolemy.actor.Manager.execute(Manager.java:356)
	at ptolemy.actor.Manager.run(Manager.java:1263)
	at ptolemy.actor.Manager$PtolemyRunThread.run(Manager.java:1915)
java.lang.RuntimeException: Execution failed
	at ptolemy.moml.MoMLSimpleApplication$UnloadThread.run(MoMLSimpleApplication.java:402)
Caused by: ptolemy.kernel.util.IllegalActionException: Found a zero delay loop containing .dependencyLoop.original
  in .dependencyLoop and .dependencyLoop.original
	at ptolemy.actor.util.CausalityInterfaceForComposites._computeOutputPortDepth(CausalityInterfaceForComposites.java:759)
	at ptolemy.actor.util.CausalityInterfaceForComposites._computeInputDepth(CausalityInterfaceForComposites.java:696)
	at ptolemy.actor.util.CausalityInterfaceForComposites._computeOutputPortDepth(CausalityInterfaceForComposites.java:765)
	at ptolemy.actor.util.CausalityInterfaceForComposites._computeInputDepth(CausalityInterfaceForComposites.java:696)
	at ptolemy.actor.util.CausalityInterfaceForComposites._computeOutputPortDepth(CausalityInterfaceForComposites.java:765)
	at ptolemy.actor.util.CausalityInterfaceForComposites._computeInputDepth(CausalityInterfaceForComposites.java:696)
	at ptolemy.actor.util.CausalityInterfaceForComposites._computeActorDepth(CausalityInterfaceForComposites.java:532)
	at ptolemy.actor.util.CausalityInterfaceForComposites.checkForCycles(CausalityInterfaceForComposites.java:96)
	at ptolemy.domains.de.kernel.DEDirector.preinitialize(DEDirector.java:1338)
	at ptolemy.actor.CompositeActor.preinitialize(CompositeActor.java:1828)
	at ptolemy.actor.Manager.preinitializeAndResolveTypes(Manager.java:1040)
	at ptolemy.actor.Manager.initialize(Manager.java:710)
	at ptolemy.actor.Manager.execute(Manager.java:356)
	at ptolemy.actor.Manager.run(Manager.java:1263)
	at ptolemy.actor.Manager$PtolemyRunThread.run(Manager.java:1915)
java.lang.RuntimeException: Execution failed
	at ptolemy.moml.MoMLSimpleApplication$UnloadThread.run(MoMLSimpleApplication.java:402)
Caused by: ptolemy.kernel.util.IllegalActionException: Actor is not ready to fire.  Perhaps UpSample.prefire() returned false? Try debugging the actor by selecting "Listen to Actor".  Also, for SDF check moml for tokenConsumptionRate on input.
  in .DESDFClockTest.Play Bell.Copy1:SDF Director and .DESDFClockTest.Play Bell.UpSample
	at ptolemy.actor.sched.StaticSchedulingDirector.fire(StaticSchedulingDirector.java:227)
	at ptolemy.domains.sdf.kernel.SDFDirector.fire(SDFDirector.java:500)
	at ptolemy.actor.CompositeActor.fire(CompositeActor.java:455)
	at ptolemy.domains.de.kernel.DEDirector._fire(DEDirector.java:1949)
	at ptolemy.domains.de.kernel.DEDirector.fire(DEDirector.java:502)
	at ptolemy.actor.CompositeActor.fire(CompositeActor.java:455)
	at ptolemy.actor.Manager.iterate(Manager.java:851)
	at ptolemy.actor.Manager.execute(Manager.java:369)
	at ptolemy.actor.Manager.run(Manager.java:1263)
	at ptolemy.actor.Manager$PtolemyRunThread.run(Manager.java:1915)
java.lang.RuntimeException: Execution failed
	at ptolemy.moml.MoMLSimpleApplication$UnloadThread.run(MoMLSimpleApplication.java:402)
Caused by: ptolemy.kernel.util.IllegalActionException: Found a zero delay loop containing .dependencyLoop2.original
  in .dependencyLoop2 and .dependencyLoop2.original
	at ptolemy.actor.util.CausalityInterfaceForComposites._computeOutputPortDepth(CausalityInterfaceForComposites.java:759)
	at ptolemy.actor.util.CausalityInterfaceForComposites._computeInputDepth(CausalityInterfaceForComposites.java:696)
	at ptolemy.actor.util.CausalityInterfaceForComposites._computeOutputPortDepth(CausalityInterfaceForComposites.java:765)
	at ptolemy.actor.util.CausalityInterfaceForComposites._computeInputDepth(CausalityInterfaceForComposites.java:696)
	at ptolemy.actor.util.CausalityInterfaceForComposites._computeOutputPortDepth(CausalityInterfaceForComposites.java:765)
	at ptolemy.actor.util.CausalityInterfaceForComposites._computeInputDepth(CausalityInterfaceForComposites.java:696)
	at ptolemy.actor.util.CausalityInterfaceForComposites._computeActorDepth(CausalityInterfaceForComposites.java:532)
	at ptolemy.actor.util.CausalityInterfaceForComposites.checkForCycles(CausalityInterfaceForComposites.java:96)
	at ptolemy.domains.de.kernel.DEDirector.preinitialize(DEDirector.java:1338)
	at ptolemy.actor.CompositeActor.preinitialize(CompositeActor.java:1828)
	at ptolemy.actor.Manager.preinitializeAndResolveTypes(Manager.java:1040)
	at ptolemy.actor.Manager.initialize(Manager.java:710)
	at ptolemy.actor.Manager.execute(Manager.java:356)
	at ptolemy.actor.Manager.run(Manager.java:1263)
	at ptolemy.actor.Manager$PtolemyRunThread.run(Manager.java:1915)
java.lang.RuntimeException: Execution failed
	at ptolemy.moml.MoMLSimpleApplication$UnloadThread.run(MoMLSimpleApplication.java:402)
Caused by: ptolemy.kernel.util.IllegalActionException: Found a zero delay loop containing .HierarchicalModel.A
  in .HierarchicalModel and .HierarchicalModel.A
	at ptolemy.actor.util.CausalityInterfaceForComposites._computeOutputPortDepth(CausalityInterfaceForComposites.java:759)
	at ptolemy.actor.util.CausalityInterfaceForComposites._computeInputDepth(CausalityInterfaceForComposites.java:696)
	at ptolemy.actor.util.CausalityInterfaceForComposites._computeOutputPortDepth(CausalityInterfaceForComposites.java:765)
	at ptolemy.actor.util.CausalityInterfaceForComposites._computeInputDepth(CausalityInterfaceForComposites.java:696)
	at ptolemy.actor.util.CausalityInterfaceForComposites._computeOutputPortDepth(CausalityInterfaceForComposites.java:765)
	at ptolemy.actor.util.CausalityInterfaceForComposites._computeInputDepth(CausalityInterfaceForComposites.java:696)
	at ptolemy.actor.util.CausalityInterfaceForComposites._computeActorDepth(CausalityInterfaceForComposites.java:532)
	at ptolemy.actor.util.CausalityInterfaceForComposites.checkForCycles(CausalityInterfaceForComposites.java:96)
	at ptolemy.domains.de.kernel.DEDirector.preinitialize(DEDirector.java:1338)
	at ptolemy.actor.CompositeActor.preinitialize(CompositeActor.java:1828)
	at ptolemy.actor.Manager.preinitializeAndResolveTypes(Manager.java:1040)
	at ptolemy.actor.Manager.initialize(Manager.java:710)
	at ptolemy.actor.Manager.execute(Manager.java:356)
	at ptolemy.actor.Manager.run(Manager.java:1263)
	at ptolemy.actor.Manager$PtolemyRunThread.run(Manager.java:1915)
java.lang.RuntimeException: Execution failed
	at ptolemy.moml.MoMLSimpleApplication$UnloadThread.run(MoMLSimpleApplication.java:402)
Caused by: ptolemy.kernel.util.IllegalActionException: Test fails in iteration 1.
Value was: 1.0. Should have been: 2.0
  in .DirectFeedback.Test
	at ptolemy.actor.lib.Test.fire(Test.java:268)
	at ptolemy.domains.de.kernel.DEDirector._fire(DEDirector.java:1949)
	at ptolemy.domains.de.kernel.DEDirector.fire(DEDirector.java:502)
	at ptolemy.actor.CompositeActor.fire(CompositeActor.java:455)
	at ptolemy.actor.Manager.iterate(Manager.java:851)
	at ptolemy.actor.Manager.execute(Manager.java:369)
	at ptolemy.actor.Manager.run(Manager.java:1263)
	at ptolemy.actor.Manager$PtolemyRunThread.run(Manager.java:1915)
java.lang.RuntimeException: Execution failed
	at ptolemy.moml.MoMLSimpleApplication$UnloadThread.run(MoMLSimpleApplication.java:402)
Caused by: ptolemy.kernel.util.IllegalActionException: Actor is not ready to fire.  Perhaps UpSample.prefire() returned false? Try debugging the actor by selecting "Listen to Actor".  Also, for SDF check moml for tokenConsumptionRate on input.
  in .DESDFClockTest.Play Bell.Copy1:SDF Director and .DESDFClockTest.Play Bell.UpSample
	at ptolemy.actor.sched.StaticSchedulingDirector.fire(StaticSchedulingDirector.java:227)
	at ptolemy.domains.sdf.kernel.SDFDirector.fire(SDFDirector.java:500)
	at ptolemy.actor.CompositeActor.fire(CompositeActor.java:455)
	at ptolemy.domains.de.kernel.DEDirector._fire(DEDirector.java:1949)
	at ptolemy.domains.de.kernel.DEDirector.fire(DEDirector.java:502)
	at ptolemy.actor.CompositeActor.fire(CompositeActor.java:455)
	at ptolemy.actor.Manager.iterate(Manager.java:851)
	at ptolemy.actor.Manager.execute(Manager.java:369)
	at ptolemy.actor.Manager.run(Manager.java:1263)
	at ptolemy.actor.Manager$PtolemyRunThread.run(Manager.java:1915)
java.lang.reflect.InvocationTargetException
	at sun.reflect.NativeConstructorAccessorImpl.newInstance0(Native Method)
	at sun.reflect.NativeConstructorAccessorImpl.newInstance(NativeConstructorAccessorImpl.java:62)
	at sun.reflect.DelegatingConstructorAccessorImpl.newInstance(DelegatingConstructorAccessorImpl.java:45)
	at java.lang.reflect.Constructor.newInstance(Constructor.java:423)
	at ptolemy.util.test.junit.AutoKnownFailedTests.RunModel(AutoKnownFailedTests.java:105)
	at sun.reflect.NativeMethodAccessorImpl.invoke0(Native Method)
	at sun.reflect.NativeMethodAccessorImpl.invoke(NativeMethodAccessorImpl.java:62)
	at sun.reflect.DelegatingMethodAccessorImpl.invoke(DelegatingMethodAccessorImpl.java:43)
	at java.lang.reflect.Method.invoke(Method.java:498)
	at org.junit.runners.model.FrameworkMethod$1.runReflectiveCall(FrameworkMethod.java:44)
	at org.junit.internal.runners.model.ReflectiveCallable.run(ReflectiveCallable.java:15)
	at org.junit.runners.model.FrameworkMethod.invokeExplosively(FrameworkMethod.java:41)
	at junitparams.internal.InvokeParameterisedMethod.evaluate(InvokeParameterisedMethod.java:102)
	at org.junit.internal.runners.statements.FailOnTimeout$1.run(FailOnTimeout.java:28)
Caused by: ptolemy.kernel.util.IllegalActionException: Actor is not ready to fire.  Perhaps UpSample.prefire() returned false? Try debugging the actor by selecting "Listen to Actor".  Also, for SDF check moml for tokenConsumptionRate on input.
  in .DESDFClockTest.Play Bell.Copy1:SDF Director and .DESDFClockTest.Play Bell.UpSample
	at ptolemy.actor.sched.StaticSchedulingDirector.fire(StaticSchedulingDirector.java:227)
	at ptolemy.domains.sdf.kernel.SDFDirector.fire(SDFDirector.java:500)
	at ptolemy.actor.CompositeActor.fire(CompositeActor.java:455)
	at ptolemy.domains.de.kernel.DEDirector._fire(DEDirector.java:1949)
	at ptolemy.domains.de.kernel.DEDirector.fire(DEDirector.java:502)
	at ptolemy.actor.CompositeActor.fire(CompositeActor.java:455)
	at ptolemy.actor.Manager.iterate(Manager.java:851)
	at ptolemy.actor.Manager.execute(Manager.java:369)
	at ptolemy.actor.Manager.run(Manager.java:1263)
	at ptolemy.actor.Manager$PtolemyRunThread.run(Manager.java:1915)
java.lang.RuntimeException: Execution failed
	at ptolemy.moml.MoMLSimpleApplication$UnloadThread.run(MoMLSimpleApplication.java:402)
Caused by: ptolemy.kernel.util.IllegalActionException: Test fails in iteration 1.
Value was: 1.0. Should have been: 2.0
  in .DirectFeedback.Test
	at ptolemy.actor.lib.Test.fire(Test.java:268)
	at ptolemy.domains.de.kernel.DEDirector._fire(DEDirector.java:1949)
	at ptolemy.domains.de.kernel.DEDirector.fire(DEDirector.java:502)
	at ptolemy.actor.CompositeActor.fire(CompositeActor.java:455)
	at ptolemy.actor.Manager.iterate(Manager.java:851)
	at ptolemy.actor.Manager.execute(Manager.java:369)
	at ptolemy.actor.Manager.run(Manager.java:1263)
	at ptolemy.actor.Manager$PtolemyRunThread.run(Manager.java:1915)
java.lang.reflect.InvocationTargetException
	at sun.reflect.NativeConstructorAccessorImpl.newInstance0(Native Method)
	at sun.reflect.NativeConstructorAccessorImpl.newInstance(NativeConstructorAccessorImpl.java:62)
	at sun.reflect.DelegatingConstructorAccessorImpl.newInstance(DelegatingConstructorAccessorImpl.java:45)
	at java.lang.reflect.Constructor.newInstance(Constructor.java:423)
	at ptolemy.util.test.junit.AutoKnownFailedTests.RunModel(AutoKnownFailedTests.java:105)
	at sun.reflect.NativeMethodAccessorImpl.invoke0(Native Method)
	at sun.reflect.NativeMethodAccessorImpl.invoke(NativeMethodAccessorImpl.java:62)
	at sun.reflect.DelegatingMethodAccessorImpl.invoke(DelegatingMethodAccessorImpl.java:43)
	at java.lang.reflect.Method.invoke(Method.java:498)
	at org.junit.runners.model.FrameworkMethod$1.runReflectiveCall(FrameworkMethod.java:44)
	at org.junit.internal.runners.model.ReflectiveCallable.run(ReflectiveCallable.java:15)
	at org.junit.runners.model.FrameworkMethod.invokeExplosively(FrameworkMethod.java:41)
	at junitparams.internal.InvokeParameterisedMethod.evaluate(InvokeParameterisedMethod.java:102)
	at org.junit.internal.runners.statements.FailOnTimeout$1.run(FailOnTimeout.java:28)
Caused by: ptolemy.kernel.util.IllegalActionException: Test fails in iteration 1.
Value was: 1.0. Should have been: 2.0
  in .DirectFeedback.Test
	at ptolemy.actor.lib.Test.fire(Test.java:268)
	at ptolemy.domains.de.kernel.DEDirector._fire(DEDirector.java:1949)
	at ptolemy.domains.de.kernel.DEDirector.fire(DEDirector.java:502)
	at ptolemy.actor.CompositeActor.fire(CompositeActor.java:455)
	at ptolemy.actor.Manager.iterate(Manager.java:851)
	at ptolemy.actor.Manager.execute(Manager.java:369)
	at ptolemy.actor.Manager.run(Manager.java:1263)
	at ptolemy.actor.Manager$PtolemyRunThread.run(Manager.java:1915)
java.lang.RuntimeException: Execution failed
	at ptolemy.moml.MoMLSimpleApplication$UnloadThread.run(MoMLSimpleApplication.java:402)
Caused by: ptolemy.kernel.util.IllegalActionException: Found a zero delay loop containing .HierarchicalModel.A
  in .HierarchicalModel and .HierarchicalModel.A
	at ptolemy.actor.util.CausalityInterfaceForComposites._computeOutputPortDepth(CausalityInterfaceForComposites.java:759)
	at ptolemy.actor.util.CausalityInterfaceForComposites._computeInputDepth(CausalityInterfaceForComposites.java:696)
	at ptolemy.actor.util.CausalityInterfaceForComposites._computeOutputPortDepth(CausalityInterfaceForComposites.java:765)
	at ptolemy.actor.util.CausalityInterfaceForComposites._computeInputDepth(CausalityInterfaceForComposites.java:696)
	at ptolemy.actor.util.CausalityInterfaceForComposites._computeOutputPortDepth(CausalityInterfaceForComposites.java:765)
	at ptolemy.actor.util.CausalityInterfaceForComposites._computeInputDepth(CausalityInterfaceForComposites.java:696)
	at ptolemy.actor.util.CausalityInterfaceForComposites._computeActorDepth(CausalityInterfaceForComposites.java:532)
	at ptolemy.actor.util.CausalityInterfaceForComposites.checkForCycles(CausalityInterfaceForComposites.java:96)
	at ptolemy.domains.de.kernel.DEDirector.preinitialize(DEDirector.java:1338)
	at ptolemy.actor.CompositeActor.preinitialize(CompositeActor.java:1828)
	at ptolemy.actor.Manager.preinitializeAndResolveTypes(Manager.java:1040)
	at ptolemy.actor.Manager.initialize(Manager.java:710)
	at ptolemy.actor.Manager.execute(Manager.java:356)
	at ptolemy.actor.Manager.run(Manager.java:1263)
	at ptolemy.actor.Manager$PtolemyRunThread.run(Manager.java:1915)
java.lang.reflect.InvocationTargetException
	at sun.reflect.NativeConstructorAccessorImpl.newInstance0(Native Method)
	at sun.reflect.NativeConstructorAccessorImpl.newInstance(NativeConstructorAccessorImpl.java:62)
	at sun.reflect.DelegatingConstructorAccessorImpl.newInstance(DelegatingConstructorAccessorImpl.java:45)
	at java.lang.reflect.Constructor.newInstance(Constructor.java:423)
	at ptolemy.util.test.junit.AutoKnownFailedTests.RunModel(AutoKnownFailedTests.java:105)
	at sun.reflect.NativeMethodAccessorImpl.invoke0(Native Method)
	at sun.reflect.NativeMethodAccessorImpl.invoke(NativeMethodAccessorImpl.java:62)
	at sun.reflect.DelegatingMethodAccessorImpl.invoke(DelegatingMethodAccessorImpl.java:43)
	at java.lang.reflect.Method.invoke(Method.java:498)
	at org.junit.runners.model.FrameworkMethod$1.runReflectiveCall(FrameworkMethod.java:44)
	at org.junit.internal.runners.model.ReflectiveCallable.run(ReflectiveCallable.java:15)
	at org.junit.runners.model.FrameworkMethod.invokeExplosively(FrameworkMethod.java:41)
	at junitparams.internal.InvokeParameterisedMethod.evaluate(InvokeParameterisedMethod.java:102)
	at org.junit.internal.runners.statements.FailOnTimeout$1.run(FailOnTimeout.java:28)
Caused by: ptolemy.kernel.util.IllegalActionException: Found a zero delay loop containing .HierarchicalModel.A
  in .HierarchicalModel and .HierarchicalModel.A
	at ptolemy.actor.util.CausalityInterfaceForComposites._computeOutputPortDepth(CausalityInterfaceForComposites.java:759)
	at ptolemy.actor.util.CausalityInterfaceForComposites._computeInputDepth(CausalityInterfaceForComposites.java:696)
	at ptolemy.actor.util.CausalityInterfaceForComposites._computeOutputPortDepth(CausalityInterfaceForComposites.java:765)
	at ptolemy.actor.util.CausalityInterfaceForComposites._computeInputDepth(CausalityInterfaceForComposites.java:696)
	at ptolemy.actor.util.CausalityInterfaceForComposites._computeOutputPortDepth(CausalityInterfaceForComposites.java:765)
	at ptolemy.actor.util.CausalityInterfaceForComposites._computeInputDepth(CausalityInterfaceForComposites.java:696)
	at ptolemy.actor.util.CausalityInterfaceForComposites._computeActorDepth(CausalityInterfaceForComposites.java:532)
	at ptolemy.actor.util.CausalityInterfaceForComposites.checkForCycles(CausalityInterfaceForComposites.java:96)
	at ptolemy.domains.de.kernel.DEDirector.preinitialize(DEDirector.java:1338)
	at ptolemy.actor.CompositeActor.preinitialize(CompositeActor.java:1828)
	at ptolemy.actor.Manager.preinitializeAndResolveTypes(Manager.java:1040)
	at ptolemy.actor.Manager.initialize(Manager.java:710)
	at ptolemy.actor.Manager.execute(Manager.java:356)
	at ptolemy.actor.Manager.run(Manager.java:1263)
	at ptolemy.actor.Manager$PtolemyRunThread.run(Manager.java:1915)
java.lang.RuntimeException: Execution failed
	at ptolemy.moml.MoMLSimpleApplication$UnloadThread.run(MoMLSimpleApplication.java:402)
Caused by: ptolemy.kernel.util.IllegalActionException: Found a zero delay loop containing .dependencyLoop.original
  in .dependencyLoop and .dependencyLoop.original
	at ptolemy.actor.util.CausalityInterfaceForComposites._computeOutputPortDepth(CausalityInterfaceForComposites.java:759)
	at ptolemy.actor.util.CausalityInterfaceForComposites._computeInputDepth(CausalityInterfaceForComposites.java:696)
	at ptolemy.actor.util.CausalityInterfaceForComposites._computeOutputPortDepth(CausalityInterfaceForComposites.java:765)
	at ptolemy.actor.util.CausalityInterfaceForComposites._computeInputDepth(CausalityInterfaceForComposites.java:696)
	at ptolemy.actor.util.CausalityInterfaceForComposites._computeOutputPortDepth(CausalityInterfaceForComposites.java:765)
	at ptolemy.actor.util.CausalityInterfaceForComposites._computeInputDepth(CausalityInterfaceForComposites.java:696)
	at ptolemy.actor.util.CausalityInterfaceForComposites._computeActorDepth(CausalityInterfaceForComposites.java:532)
	at ptolemy.actor.util.CausalityInterfaceForComposites.checkForCycles(CausalityInterfaceForComposites.java:96)
	at ptolemy.domains.de.kernel.DEDirector.preinitialize(DEDirector.java:1338)
	at ptolemy.actor.CompositeActor.preinitialize(CompositeActor.java:1828)
	at ptolemy.actor.Manager.preinitializeAndResolveTypes(Manager.java:1040)
	at ptolemy.actor.Manager.initialize(Manager.java:710)
	at ptolemy.actor.Manager.execute(Manager.java:356)
	at ptolemy.actor.Manager.run(Manager.java:1263)
	at ptolemy.actor.Manager$PtolemyRunThread.run(Manager.java:1915)
java.lang.reflect.InvocationTargetException
	at sun.reflect.NativeConstructorAccessorImpl.newInstance0(Native Method)
	at sun.reflect.NativeConstructorAccessorImpl.newInstance(NativeConstructorAccessorImpl.java:62)
	at sun.reflect.DelegatingConstructorAccessorImpl.newInstance(DelegatingConstructorAccessorImpl.java:45)
	at java.lang.reflect.Constructor.newInstance(Constructor.java:423)
	at ptolemy.util.test.junit.AutoKnownFailedTests.RunModel(AutoKnownFailedTests.java:105)
	at sun.reflect.NativeMethodAccessorImpl.invoke0(Native Method)
	at sun.reflect.NativeMethodAccessorImpl.invoke(NativeMethodAccessorImpl.java:62)
	at sun.reflect.DelegatingMethodAccessorImpl.invoke(DelegatingMethodAccessorImpl.java:43)
	at java.lang.reflect.Method.invoke(Method.java:498)
	at org.junit.runners.model.FrameworkMethod$1.runReflectiveCall(FrameworkMethod.java:44)
	at org.junit.internal.runners.model.ReflectiveCallable.run(ReflectiveCallable.java:15)
	at org.junit.runners.model.FrameworkMethod.invokeExplosively(FrameworkMethod.java:41)
	at junitparams.internal.InvokeParameterisedMethod.evaluate(InvokeParameterisedMethod.java:102)
	at org.junit.internal.runners.statements.FailOnTimeout$1.run(FailOnTimeout.java:28)
Caused by: ptolemy.kernel.util.IllegalActionException: Found a zero delay loop containing .dependencyLoop.original
  in .dependencyLoop and .dependencyLoop.original
	at ptolemy.actor.util.CausalityInterfaceForComposites._computeOutputPortDepth(CausalityInterfaceForComposites.java:759)
	at ptolemy.actor.util.CausalityInterfaceForComposites._computeInputDepth(CausalityInterfaceForComposites.java:696)
	at ptolemy.actor.util.CausalityInterfaceForComposites._computeOutputPortDepth(CausalityInterfaceForComposites.java:765)
	at ptolemy.actor.util.CausalityInterfaceForComposites._computeInputDepth(CausalityInterfaceForComposites.java:696)
	at ptolemy.actor.util.CausalityInterfaceForComposites._computeOutputPortDepth(CausalityInterfaceForComposites.java:765)
	at ptolemy.actor.util.CausalityInterfaceForComposites._computeInputDepth(CausalityInterfaceForComposites.java:696)
	at ptolemy.actor.util.CausalityInterfaceForComposites._computeActorDepth(CausalityInterfaceForComposites.java:532)
	at ptolemy.actor.util.CausalityInterfaceForComposites.checkForCycles(CausalityInterfaceForComposites.java:96)
	at ptolemy.domains.de.kernel.DEDirector.preinitialize(DEDirector.java:1338)
	at ptolemy.actor.CompositeActor.preinitialize(CompositeActor.java:1828)
	at ptolemy.actor.Manager.preinitializeAndResolveTypes(Manager.java:1040)
	at ptolemy.actor.Manager.initialize(Manager.java:710)
	at ptolemy.actor.Manager.execute(Manager.java:356)
	at ptolemy.actor.Manager.run(Manager.java:1263)
	at ptolemy.actor.Manager$PtolemyRunThread.run(Manager.java:1915)
java.lang.RuntimeException: Execution failed
	at ptolemy.moml.MoMLSimpleApplication$UnloadThread.run(MoMLSimpleApplication.java:402)
Caused by: ptolemy.kernel.util.IllegalActionException: Found a zero delay loop containing .dependencyLoop2.original
  in .dependencyLoop2 and .dependencyLoop2.original
	at ptolemy.actor.util.CausalityInterfaceForComposites._computeOutputPortDepth(CausalityInterfaceForComposites.java:759)
	at ptolemy.actor.util.CausalityInterfaceForComposites._computeInputDepth(CausalityInterfaceForComposites.java:696)
	at ptolemy.actor.util.CausalityInterfaceForComposites._computeOutputPortDepth(CausalityInterfaceForComposites.java:765)
	at ptolemy.actor.util.CausalityInterfaceForComposites._computeInputDepth(CausalityInterfaceForComposites.java:696)
	at ptolemy.actor.util.CausalityInterfaceForComposites._computeOutputPortDepth(CausalityInterfaceForComposites.java:765)
	at ptolemy.actor.util.CausalityInterfaceForComposites._computeInputDepth(CausalityInterfaceForComposites.java:696)
	at ptolemy.actor.util.CausalityInterfaceForComposites._computeActorDepth(CausalityInterfaceForComposites.java:532)
	at ptolemy.actor.util.CausalityInterfaceForComposites.checkForCycles(CausalityInterfaceForComposites.java:96)
	at ptolemy.domains.de.kernel.DEDirector.preinitialize(DEDirector.java:1338)
	at ptolemy.actor.CompositeActor.preinitialize(CompositeActor.java:1828)
	at ptolemy.actor.Manager.preinitializeAndResolveTypes(Manager.java:1040)
	at ptolemy.actor.Manager.initialize(Manager.java:710)
	at ptolemy.actor.Manager.execute(Manager.java:356)
	at ptolemy.actor.Manager.run(Manager.java:1263)
	at ptolemy.actor.Manager$PtolemyRunThread.run(Manager.java:1915)
java.lang.reflect.InvocationTargetException
	at sun.reflect.NativeConstructorAccessorImpl.newInstance0(Native Method)
	at sun.reflect.NativeConstructorAccessorImpl.newInstance(NativeConstructorAccessorImpl.java:62)
	at sun.reflect.DelegatingConstructorAccessorImpl.newInstance(DelegatingConstructorAccessorImpl.java:45)
	at java.lang.reflect.Constructor.newInstance(Constructor.java:423)
	at ptolemy.util.test.junit.AutoKnownFailedTests.RunModel(AutoKnownFailedTests.java:105)
	at sun.reflect.NativeMethodAccessorImpl.invoke0(Native Method)
	at sun.reflect.NativeMethodAccessorImpl.invoke(NativeMethodAccessorImpl.java:62)
	at sun.reflect.DelegatingMethodAccessorImpl.invoke(DelegatingMethodAccessorImpl.java:43)
	at java.lang.reflect.Method.invoke(Method.java:498)
	at org.junit.runners.model.FrameworkMethod$1.runReflectiveCall(FrameworkMethod.java:44)
	at org.junit.internal.runners.model.ReflectiveCallable.run(ReflectiveCallable.java:15)
	at org.junit.runners.model.FrameworkMethod.invokeExplosively(FrameworkMethod.java:41)
	at junitparams.internal.InvokeParameterisedMethod.evaluate(InvokeParameterisedMethod.java:102)
	at org.junit.internal.runners.statements.FailOnTimeout$1.run(FailOnTimeout.java:28)
Caused by: ptolemy.kernel.util.IllegalActionException: Found a zero delay loop containing .dependencyLoop2.original
  in .dependencyLoop2 and .dependencyLoop2.original
	at ptolemy.actor.util.CausalityInterfaceForComposites._computeOutputPortDepth(CausalityInterfaceForComposites.java:759)
	at ptolemy.actor.util.CausalityInterfaceForComposites._computeInputDepth(CausalityInterfaceForComposites.java:696)
	at ptolemy.actor.util.CausalityInterfaceForComposites._computeOutputPortDepth(CausalityInterfaceForComposites.java:765)
	at ptolemy.actor.util.CausalityInterfaceForComposites._computeInputDepth(CausalityInterfaceForComposites.java:696)
	at ptolemy.actor.util.CausalityInterfaceForComposites._computeOutputPortDepth(CausalityInterfaceForComposites.java:765)
	at ptolemy.actor.util.CausalityInterfaceForComposites._computeInputDepth(CausalityInterfaceForComposites.java:696)
	at ptolemy.actor.util.CausalityInterfaceForComposites._computeActorDepth(CausalityInterfaceForComposites.java:532)
	at ptolemy.actor.util.CausalityInterfaceForComposites.checkForCycles(CausalityInterfaceForComposites.java:96)
	at ptolemy.domains.de.kernel.DEDirector.preinitialize(DEDirector.java:1338)
	at ptolemy.actor.CompositeActor.preinitialize(CompositeActor.java:1828)
	at ptolemy.actor.Manager.preinitializeAndResolveTypes(Manager.java:1040)
	at ptolemy.actor.Manager.initialize(Manager.java:710)
	at ptolemy.actor.Manager.execute(Manager.java:356)
	at ptolemy.actor.Manager.run(Manager.java:1263)
	at ptolemy.actor.Manager$PtolemyRunThread.run(Manager.java:1915)
]]></system-err>
</testsuite>
