<?xml version="1.0" encoding="UTF-8" ?>
<testsuite errors="0" failures="0" hostname="travis-job-1171c0ec-78fc-4211-aec9-b56e85b14c81" name="ptolemy.domains.de.test.junit.JUnitTclTest" skipped="0" tests="101" time="137.576" timestamp="2019-06-28T17:57:15">
  <properties>
    <property name="npm.executable" value="npm" />
    <property name="env.TRAVIS_ROOT" value="/" />
    <property name="ptII.mk.exists" value="true" />
    <property name="env.TRAVIS_APP_HOST" value="build.travis-ci.org" />
    <property name="env.rvm_bin_path" value="/home/travis/.rvm/bin" />
    <property name="java.home" value="/usr/local/lib/jvm/openjdk11" />
    <property name="env.TRAVIS_JOB_NUMBER" value="1187.9" />
    <property name="env.TRAVIS_HOME" value="/home/travis" />
    <property name="env.DISPLAY" value=":99.0" />
    <property name="env.TRAVIS_INIT" value="systemd" />
    <property name="env.SSH_TTY" value="/dev/pts/0" />
    <property name="java.net.preferIPv4Stack" value="true" />
    <property name="env.RUN_TESTS" value="true" />
    <property name="timeout.short" value="1000000" />
    <property name="junit.formatter" value="xml" />
    <property name="env.TRAVIS_SUDO" value="true" />
    <property name="env.TRAVIS_JOB_NAME" value="" />
    <property name="env.TRAVIS_STACK_NODE_ATTRIBUTES" value="/.node-attributes.yml" />
    <property name="env.LOGNAME" value="travis" />
    <property name="jsdoc.home" value="node_modules/@terraswarm/jsdoc" />
    <property name="debuglevel" value="source,lines,vars" />
    <property name="checkstyle.formatter" value="xml" />
    <property name="env._system_version" value="16.04" />
    <property name="bin.vergil.makeable" value="true" />
    <property name="sun.os.patch.level" value="unknown" />
    <property name="java.vendor.url" value="http://java.oracle.com/" />
    <property name="env.TRAVIS_BUILD_WEB_URL" value="https://travis-ci.org/icyphy/ptII/builds/551881324" />
    <property name="java.version" value="11.0.2" />
    <property name="env.TZ" value="UTC" />
    <property name="env.PT_NO_NET" value="true" />
    <property name="env.TRAVIS_PULL_REQUEST_SHA" value="" />
    <property name="env.TRAVIS_SECURE_ENV_VARS" value="true" />
    <property name="env._system_type" value="Linux" />
    <property name="java.vendor.url.bug" value="http://bugreport.java.com/bugreport/" />
    <property name="npmjs-org-is-up" value="true" />
    <property name="env.LANGUAGE" value="en_US.UTF-8" />
    <property name="env.SSH_CLIENT" value="10.10.4.74 35346 22" />
    <property name="env.GEM_HOME" value="/home/travis/.rvm/gems/ruby-2.5.3" />
    <property name="env.HAS_ANTARES_THREE_LITTLE_FRONZIES_BADGE" value="true" />
    <property name="java.version.date" value="2019-01-15" />
    <property name="env.PS4" value="+" />
    <property name="ant.project.invoked-targets" value="build,test.core2.xml" />
    <property name="env.TRAVIS_PULL_REQUEST_BRANCH" value="" />
    <property name="env.TRAVIS_REPO_SLUG" value="icyphy/ptII" />
    <property name="env.XDG_DATA_DIRS" value="/usr/local/share:/usr/share:/var/lib/snapd/desktop" />
    <property name="jdk.debug" value="release" />
    <property name="env.TRAVIS_APT_PROXY" value="http://apt.cache.travis-ci.com" />
    <property name="node.in.path" value="true" />
    <property name="user.name" value="travis" />
    <property name="java.maxmemory" value="1400m" />
    <property name="env.RUBY_VERSION" value="ruby-2.5.3" />
    <property name="env.LANG" value="en_US.UTF-8" />
    <property name="sun.io.unicode.encoding" value="UnicodeLittle" />
    <property name="sun.jnu.encoding" value="UTF-8" />
    <property name="java.runtime.name" value="OpenJDK Runtime Environment" />
    <property name="usefile" value="false" />
    <property name="return.code" value="0" />
    <property name="junit.single.formatter" value="plain" />
    <property name="env.DYLD_LIBRARY_PATH" value="/home/travis/pthla/certi-tools/lib:" />
    <property name="env.DEBIAN_FRONTEND" value="noninteractive" />
    <property name="env.SSH_CONNECTION" value="10.10.4.74 35346 10.20.5.119 22" />
    <property name="env.MYSQL_UNIX_PORT" value="/var/run/mysqld/mysqld.sock" />
    <property name="env.LC_ALL" value="en_US.UTF-8" />
    <property name="env.TRAVIS_ALLOW_FAILURE" value="false" />
    <property name="env.TRAVIS_JOB_WEB_URL" value="https://travis-ci.org/icyphy/ptII/jobs/551881333" />
    <property name="java.specification.name" value="Java Platform API Specification" />
    <property name="node.works" value="true" />
    <property name="user.timezone" value="" />
    <property name="path.separator" value=":" />
    <property name="env.TRAVIS_ENABLE_INFRA_DETECTION" value="true" />
    <property name="env.PYTHON_CFLAGS" value="-g -fstack-protector --param=ssp-buffer-size=4 -Wformat -Werror=format-security" />
    <property name="timeout.long" value="4000000" />
    <property name="env.CERTI_HOME" value="/home/travis/pthla/certi-tools" />
    <property name="ant.file.ptII" value="/home/travis/build/icyphy/ptII/build.xml" />
    <property name="javadoc.packagenames" value="com.*,diva.*,lbnl.*,org.hlacerti.*,org.json.*,org.ptolemy.*,org.terraswarm.*,ptolemy.*,ptserver.*" />
    <property name="file.encoding" value="UTF-8" />
    <property name="env.TRAVIS_PULL_REQUEST_SLUG" value="" />
    <property name="ant.project.default-target" value="build" />
    <property name="env.GIT_ASKPASS" value="echo" />
    <property name="env.HOME" value="/home/travis" />
    <property name="sun.java.command" value="org.apache.tools.ant.taskdefs.optional.junit.JUnitTestRunner ptolemy.domains.de.test.junit.JUnitTclTest skipNonTests=false filtertrace=true haltOnError=false haltOnFailure=false formatter=org.apache.tools.ant.taskdefs.optional.junit.OutErrSummaryJUnitResultFormatter showoutput=true outputtoformatters=true logfailedtests=true threadid=0 logtestlistenerevents=false formatter=org.apache.tools.ant.taskdefs.optional.junit.XMLJUnitResultFormatter,/home/travis/build/icyphy/ptII/reports/junit/TEST-ptolemy.domains.de.test.junit.JUnitTclTest.xml crashfile=/home/travis/build/icyphy/ptII/junitvmwatcher11093547435965706356.properties propsfile=/home/travis/build/icyphy/ptII/junit14814971948907598287.properties" />
    <property name="env.COMPOSER_NO_INTERACTION" value="1" />
    <property name="env.MANPATH" value="/home/travis/.nvm/versions/node/v7.10.1/share/man:/home/travis/.rvm/rubies/ruby-2.5.3/share/man:/usr/local/cmake-3.12.4/man:/usr/local/clang-7.0.0/share/man:/usr/local/man:/usr/local/share/man:/usr/share/man:/home/travis/.rvm/man" />
    <property name="env.TRAVIS_TIMER_ID" value="083fd19b" />
    <property name="ant.file" value="/home/travis/build/icyphy/ptII/build.xml" />
    <property name="env.TRAVIS_COMMIT_RANGE" value="b6de4a29689c...bbbff3adea58" />
    <property name="env._system_name" value="Ubuntu" />
    <property name="ptII.classpath.optional.property" value="/home/travis/build/icyphy/ptII/lib/bsh-2.0b4.jar:/home/travis/build/icyphy/ptII/lib/ptCal.jar:/home/travis/build/icyphy/ptII/lib/java_cup.jar:/home/travis/build/icyphy/ptII/lib/saxon8.jar:/home/travis/build/icyphy/ptII/lib/saxon8-dom.jar:/home/travis/build/icyphy/ptII/lib/chic.jar:/home/travis/build/icyphy/ptII/lib/ptcolt.jar:/home/travis/build/icyphy/ptII/vendors/misc/itext/iText.jar:/home/travis/build/icyphy/ptII/lib/g4ltl.jar:/home/travis/build/icyphy/ptII/lib/StructuralCoder.jar:/home/travis/build/icyphy/ptII/vendors/jai-1_1_2_01/lib/jai_core.jar:/home/travis/build/icyphy/ptII/vendors/jai-1_1_2_01/lib/jai_codec.jar:/home/travis/build/icyphy/ptII/lib/jcerti.jar:/home/travis/build/icyphy/ptII/lib/javax.mail.jar:/home/travis/build/icyphy/ptII/vendors/JMF-2.1.1e/lib/jmf.jar:/home/travis/build/icyphy/ptII/lib/jna-4.0.0-variadic.jar:/home/travis/build/icyphy/ptII/vendors/misc/joystick/Joystick.jar:/home/travis/build/icyphy/ptII/lib/ptjacl.jar:/home/travis/build/icyphy/ptII/lib/jsoup-1.8.2.jar:/home/travis/build/icyphy/ptII/lib/junit-4.8.2.jar:/home/travis/build/icyphy/ptII/lib/JUnitParams-0.4.0.jar:/home/travis/build/icyphy/ptII/ptolemy/actor/lib/excel/jxl.jar:/home/travis/build/icyphy/ptII/lib/jython.jar:/home/travis/build/icyphy/ptII/lib/kieler.jar:/home/travis/build/icyphy/ptII/vendors/opencv/share/OpenCV/java/opencv-341.jar:/home/travis/build/icyphy/ptII/lib/oscP5.jar:/home/travis/build/icyphy/ptII/lib/nrjavaserial-3.11.0.devel.jar:/home/travis/build/icyphy/ptII/vendors/j3d/lib/j3dcore.jar:/home/travis/build/icyphy/ptII/vendors/j3d/lib/j3dutils.jar:/home/travis/build/icyphy/ptII/vendors/j3d/lib/vecmath.jar:/home/travis/build/icyphy/ptII/ptolemy/distributed/jini/jar/jini-core.jar:/home/travis/build/icyphy/ptII/ptolemy/distributed/jini/jar/jini-ext.jar:/home/travis/build/icyphy/ptII/ptolemy/distributed/jini/jar/sun-util.jar:/home/travis/build/icyphy/ptII/lib/protobuf-java-2.4.1.jar:/home/travis/build/icyphy/ptII/lib/org.eclipse.paho.client.mqttv3.jar:/home/travis/build/icyphy/ptII/lib/mapss.jar:/home/travis/build/icyphy/ptII/ptolemy/actor/ptalon/antlr/antlr.jar:/home/travis/build/icyphy/ptII/lib/JRI.jar:/home/travis/build/icyphy/ptII/lib/commons-lang-2.6.jar:/home/travis/build/icyphy/ptII/lib/commons-logging-1.1.1.jar:/home/travis/build/icyphy/ptII/lib/sootclasses.jar:/home/travis/build/icyphy/ptII/ptolemy/actor/lib/database/mysql-connector-java-5.1.6-bin.jar:/home/travis/build/icyphy/ptII/vendors/misc/sphinx4/sphinx4-data-5prealpha.jar:/home/travis/build/icyphy/ptII/vendors/misc/sphinx4/sphinx4-core-5prealpha.jar:/home/travis/build/icyphy/ptII/lib/PDFRenderer.jar:/home/travis/build/icyphy/ptII/lib/svgSalamander.jar:/home/travis/build/icyphy/ptII/lib/rsyntaxtextarea-2.6.0-SNAPSHOT.jar:/home/travis/build/icyphy/ptII/lib/hazelcast-3.8.2.jar:/home/travis/build/icyphy/ptII/lib/jackson-annotations-2.9.0.jar:/home/travis/build/icyphy/ptII/lib/jackson-core-2.9.3.jar:/home/travis/build/icyphy/ptII/lib/jackson-databind-2.9.3.jar:/home/travis/build/icyphy/ptII/lib/netty-buffer-4.1.19.Final.jar:/home/travis/build/icyphy/ptII/lib/netty-codec-4.1.19.Final.jar:/home/travis/build/icyphy/ptII/lib/netty-codec-dns-4.1.19.Final.jar:/home/travis/build/icyphy/ptII/lib/netty-codec-http-4.1.19.Final.jar:/home/travis/build/icyphy/ptII/lib/netty-codec-http2-4.1.19.Final.jar:/home/travis/build/icyphy/ptII/lib/netty-common-4.1.19.Final.jar:/home/travis/build/icyphy/ptII/lib/netty-handler-4.1.19.Final.jar:/home/travis/build/icyphy/ptII/lib/netty-resolver-4.1.19.Final.jar:/home/travis/build/icyphy/ptII/lib/netty-resolver-dns-4.1.19.Final.jar:/home/travis/build/icyphy/ptII/lib/netty-transport-4.1.19.Final.jar:/home/travis/build/icyphy/ptII/lib/vertx-codegen-3.5.1.jar:/home/travis/build/icyphy/ptII/lib/vertx-core-3.5.2-SNAPSHOT.jar:/home/travis/build/icyphy/ptII/lib/vertx-hazelcast-3.5.1.jar:/home/travis/build/icyphy/ptII/lib/vertx-lang-js-3.5.1.jar:/home/travis/build/icyphy/ptII/lib/vertx-service-proxy-3.5.1.jar:/home/travis/build/icyphy/ptII/lib/vertx-web-3.5.1.jar:/home/travis/build/icyphy/ptII/lib/slf4j-api-1.7.13.jar:/home/travis/build/icyphy/ptII/lib/slf4j-simple-1.7.13.jar:/home/travis/build/icyphy/ptII/lib/webcam-capture-0.3.12.jar:/home/travis/build/icyphy/ptII/lib/bridj-0.7.0.jar:/home/travis/build/icyphy/ptII/lib/xbjlib-1.1.0.nrjavaserial.jar" />
    <property name="timeout" value="2400000" />
    <property name="test.batch" value="**/junit/*.java" />
    <property name="env._" value="/usr/bin/timeout" />
    <property name="java.io.tmpdir" value="/tmp" />
    <property name="user.language" value="en" />
    <property name="env.TRAVIS_INTERNAL_RUBY_REGEX" value="^ruby-(2\.[0-4]\.[0-9]|1\.9\.3)" />
    <property name="env.HISTCONTROL" value="ignoredups:ignorespace" />
    <property name="env.GOROOT" value="/home/travis/.gimme/versions/go1.11.1.linux.amd64" />
    <property name="line.separator" value="&#xa;" />
    <property name="target" value="11" />
    <property name="env.TRAVIS_BUILD_DIR" value="/home/travis/build/icyphy/ptII" />
    <property name="env.ANT_OPTS" value="-Xmx2048m" />
    <property name="ant.file.type" value="file" />
    <property name="ptolemy.ptII.batchMode" value="true" />
    <property name="env.HISTSIZE" value="1000" />
    <property name="env.MERB_ENV" value="test" />
    <property name="java.vm.info" value="mixed mode" />
    <property name="source" value="11" />
    <property name="java.vm.specification.name" value="Java Virtual Machine Specification" />
    <property name="env.TRAVIS_TEST_RESULT" value="0" />
    <property name="jsdoc.command" value="node_modules/@terraswarm/jsdoc/jsdoc.js" />
    <property name="npm.works" value="true" />
    <property name="cobertura.dir" value="/home/travis/build/icyphy/ptII/vendors/cobertura-2.0.3" />
    <property name="env.rvm_path" value="/home/travis/.rvm" />
    <property name="env.GEM_PATH" value="/home/travis/.rvm/gems/ruby-2.5.3:/home/travis/.rvm/gems/ruby-2.5.3@global" />
    <property name="env.LC_CTYPE" value="en_US.UTF-8" />
    <property name="env.TRAVIS_CMD" value="$PTII/bin/ptIITravisBuild.sh $SECONDS" />
    <property name="java.awt.printerjob" value="sun.print.PSPrinterJob" />
    <property name="env.TRAVIS_STACK_NAME" value="sardonyx" />
    <property name="env.TRAVIS_TIMER_START_TIME" value="1561744399202604140" />
    <property name="ant.version" value="Apache Ant(TM) version 1.10.1 compiled on February 2 2017" />
    <property name="ptII.reports" value="/home/travis/build/icyphy/ptII/reports" />
    <property name="env.TRAVIS_STACK_TIMESTAMP" value="2019-03-25 16:16:56 UTC" />
    <property name="ant.file.type.ptII" value="file" />
    <property name="env.RBENV_SHELL" value="bash" />
    <property name="os.name" value="Linux" />
    <property name="java.specification.vendor" value="Oracle Corporation" />
    <property name="env.rvm_version" value="1.29.7 (latest)" />
    <property name="env.TRAVIS_INFRA" value="gce" />
    <property name="env.TERM" value="xterm" />
    <property name="java.vm.name" value="OpenJDK 64-Bit Server VM" />
    <property name="env.TRAVIS_BUILD_NUMBER" value="1187" />
    <property name="env.CI" value="true" />
    <property name="java.library.path" value="/home/travis/pthla/certi-tools/lib:/usr/lib/jni:/usr/local/share/OpenCV/java/:/usr/share/OpenCV/java::/usr/java/packages/lib:/usr/lib64:/lib64:/lib:/usr/lib" />
    <property name="env.rvm_prefix" value="/home/travis" />
    <property name="env.PATH" value="/home/travis/pthla/certi-tools/share/scripts:/home/travis/.rvm/gems/ruby-2.5.3/bin:/home/travis/.rvm/gems/ruby-2.5.3@global/bin:/home/travis/.rvm/rubies/ruby-2.5.3/bin:/home/travis/.rvm/bin:/home/travis/.nvm/versions/node/v7.10.1/bin:./node_modules/.bin:/home/travis/build/icyphy/ptII/bin:/home/travis/pthla/certi-tools/bin:/home/travis/bin:/home/travis/.local/bin:/usr/local/lib/jvm/openjdk11/bin:/opt/pyenv/shims:/home/travis/.phpenv/shims:/home/travis/perl5/perlbrew/bin:/home/travis/gopath/bin:/home/travis/.gimme/versions/go1.11.1.linux.amd64/bin:/usr/local/maven-3.6.0/bin:/usr/local/cmake-3.12.4/bin:/usr/local/clang-7.0.0/bin:/usr/local/sbin:/usr/local/bin:/usr/sbin:/usr/bin:/sbin:/bin:/snap/bin:/home/travis/.phpenv/bin:/opt/pyenv/bin:/home/travis/.yarn/bin" />
    <property name="env.TRAVIS_OS_NAME" value="linux" />
    <property name="ant.java.version" value="9" />
    <property name="basedir" value="/home/travis/build/icyphy/ptII" />
    <property name="java.class.version" value="55.0" />
    <property name="env.SHLVL" value="3" />
    <property name="env.LD_LIBRARY_PATH" value="/home/travis/pthla/certi-tools/lib:/usr/lib/jni:/usr/local/share/OpenCV/java/:/usr/share/OpenCV/java:" />
    <property name="env.RACK_ENV" value="test" />
    <property name="ant.home" value="/home/travis/build/icyphy/ptII/ant" />
    <property name="env.NVM_DIR" value="/home/travis/.nvm" />
    <property name="env.CERTI_FOM_PATH" value="/home/travis/pthla/certi-tools/share/federations" />
    <property name="env.TRAVIS_BUILD_ID" value="551881324" />
    <property name="env.PYENV_ROOT" value="/opt/pyenv" />
    <property name="env.TRAVIS_UID" value="2000" />
    <property name="env.NVM_BIN" value="/home/travis/.nvm/versions/node/v7.10.1/bin" />
    <property name="env.TRAVIS_COMMIT" value="bbbff3adea58fb0643306c381462affccc328551" />
    <property name="env._system_arch" value="x86_64" />
    <property name="node.executable" value="node" />
    <property name="sun.boot.library.path" value="/usr/local/lib/jvm/openjdk11/lib" />
    <property name="sun.management.compiler" value="HotSpot 64-Bit Tiered Compilers" />
    <property name="java.awt.graphicsenv" value="sun.awt.X11GraphicsEnvironment" />
    <property name="env.GOPATH" value="/home/travis/gopath" />
    <property name="ptolemy.ptII.dir" value="/home/travis/build/icyphy/ptII" />
    <property name="env.USER" value="travis" />
    <property name="env.HISTFILESIZE" value="2000" />
    <property name="timeout.longest" value="19000000" />
    <property name="env.PERLBREW_SHELLRC_VERSION" value="0.86" />
    <property name="env.TRAVIS_STACK_FEATURES" value="basic couchdb disabled-ipv6 docker docker-compose elasticsearch firefox go-toolchain google-chrome jdk memcached mongodb mysql nodejs_interpreter perl_interpreter perlbrew phantomjs postgresql python_interpreter redis ruby_interpreter sqlite xserver" />
    <property name="env.TRAVIS_PULL_REQUEST" value="false" />
    <property name="env.PYENV_SHELL" value="bash" />
    <property name="ant.project.name" value="ptII" />
    <property name="env.ANSI_RESET" value="\033[0m" />
    <property name="java.vm.specification.version" value="11" />
    <property name="env.TRAVIS_DIST" value="xenial" />
    <property name="env.CERTI_VERSION" value="4.0.0" />
    <property name="env.CERTI_HOST" value="localhost" />
    <property name="awt.toolkit" value="sun.awt.X11.XToolkit" />
    <property name="env.MY_RUBY_HOME" value="/home/travis/.rvm/rubies/ruby-2.5.3" />
    <property name="sun.cpu.isalist" value="" />
    <property name="env.TRAVIS_TMPDIR" value="/tmp/tmp.udlxil2oMs" />
    <property name="java.vm.compressedOopsMode" value="Zero based" />
    <property name="os.version" value="4.15.0-1028-gcp" />
    <property name="user.home" value="/home/travis" />
    <property name="java.vm.vendor" value="Oracle Corporation" />
    <property name="env.TRAVIS_TAG" value="nightly" />
    <property name="env.ANSI_YELLOW" value="\033[33;1m" />
    <property name="env.TRAVIS_FILTERED" value="redirect_io" />
    <property name="env.ANSI_GREEN" value="\033[32;1m" />
    <property name="env.JAVA_HOME" value="/usr/local/lib/jvm/openjdk11" />
    <property name="javadoc.excludepackagenames" value="adm.cvs2svn.*,build.*,config.*,doc.coding.templates.*,jni.test.jni.meaningOfLife.*,jni.test.jni.testDeux.*,jni.test.jni.testTrois.*,org.terraswarm.accessor.accessors.web.node_modules.*,org.terraswarm.accessor.accessors.web.hosts.cordova.demo.*,org.terraswarm.accessor.accessors.web.hosts.cordova.plugins.*,org.terraswarm.accessor.accessors-svn.*,pt-modules.*,ptolemy.apps.agilent.*,ptolemy.apps.anytimecontrol.*,ptolemy.apps.apes.*,ptolemy.apps.charon.*,ptolemy.apps.crazyboard.*,ptolemy.apps.eclipse.*,ptolemy.apps.etherealSting.*,ptolemy.apps.fullscreen.*,ptolemy.apps.giotto.*,ptolemy.apps.ia.*,ptolemy.apps.interfaces.*,ptolemy.apps.jmf.*,ptolemy.apps.kurt.*,ptolemy.apps.kvm.*,ptolemy.apps.lego.*,ptolemy.apps.lejos.*,ptolemy.apps.midp.*,ptolemy.apps.mobileCoding.*,ptolemy.apps.pendulum.*,ptolemy.apps.rijndael.*,ptolemy.apps.robot.*,ptolemy.apps.security.*,ptolemy.apps.sobel.*,ptolemy.apps.soot.*,ptolemy.apps.throttle.*,ptolemy.apps.tini.*,ptolemy.apps.transmission.*,ptolemy.apps.vergil.*,ptolemy.apps.waba.*,ptolemy.apps.websensor.*,ptolemy.apps.webstart.*,ptolemy.apps.xsl.*,ptolemy.apps.zaurus.*,ptolemy.codegen.c.actor.lib.oldJavaFiles.*,ptolemy.codegen.dsp.lib.*,ptolemy.codegen.kernel.newInterfaces.*,ptolemy.codegen.lib.*,ptolemy.copernicus.kernel.fragment.*,ptolemy.copernicus.shallow.cg.*,ptolemy.domains.giotto.demo.Hierarchy.Hierarchy.*,ptolemy.domains.giotto.demo.Multimode.Multimode.*,ptolemy.domains.giotto.demo.Simple.Simple.*,ptolemy.domains.gr.lib.experimental.*,ptolemy.domains.gro.*,ptolemy.domains.pdf.*,ptolemy.domains.ptinyos.demo.Surge.output.*,ptolemy.moml.test.NoPackageActor.java*,ptolemy.plot.adm.*,ptolemy.plot.servlet.*,reports.*,signed.*,src.*,target.*,vendors.*,ptolemy.copernicus.applet.*,ptolemy.media.viewer.*,ptolemy.actor.corba.*,doc.doclets.*,ptolemy.apps.eclipse.awt.*,ptolemy.backtrack.*,ptolemy.backtrack.ast.*,ptolemy.cg.adapter.generic.program.procedural.c.mbed*,ptolemy.homer.*,ptolemy.actor.lib.jjs.modules.audio.*,org.ptolemy.scala.*,diva.util.java2d.svg.*,ptolemy.domains.ptinyos.*,ptolemy.actor.lib.fmi.fmipp.*,,org.terraswarm.accessor.accessors.web.node_modules.*,org.terraswarm.accessor.accessors-svn,ptolemy.apps.*,ptolemy.actor.ptalon.demo.ptinyos.SendAndReceiveCnt.output,ptolemy.actor.ptalon.demo.ptinyos.SenseToLeds.output,ptolemy.domains.ptinyos.demo.CntToLedsAndRfm.output,ptolemy.domains.ptinyos.demo.RfmToLeds.output,ptolemy.domains.ptinyos.demo.SendAndReceiveCnt.output,ptolemy.domains.ptinyos.demo.SenseToLeds.output,ptolemy.actor.lib.jjs.modules.udpSocket.*" />
    <property name="env.PTII" value="/home/travis/build/icyphy/ptII" />
    <property name="env.XDG_SESSION_ID" value="2" />
    <property name="keystore" value="ptKeystore" />
    <property name="env.TRAVIS_COMMIT_MESSAGE" value="Attempt to force xenial distribution, hoping this will make xvfb work." />
    <property name="junit.output.dir" value="/home/travis/build/icyphy/ptII/reports/junit" />
    <property name="npm.return.code" value="0" />
    <property name="user.dir" value="/home/travis/build/icyphy/ptII/ptolemy/domains/de/test" />
    <property name="env.TRAVIS_NODE_VERSION" value="7" />
    <property name="env.TRAVIS_EVENT_TYPE" value="push" />
    <property name="env.MAIL" value="/var/mail/travis" />
    <property name="env.PERLBREW_ROOT" value="/home/travis/perl5/perlbrew" />
    <property name="env.PWD" value="/home/travis/build/icyphy/ptII" />
    <property name="timeout.npm" value="45000" />
    <property name="env.PT_TRAVIS_TEST_CORE2_XML" value="true" />
    <property name="env.TRAVIS_ARCH" value="amd64" />
    <property name="sun.cpu.endian" value="little" />
    <property name="env.PAGER" value="cat" />
    <property name="env.TRAVIS_BUILD_STAGE_NAME" value="Test" />
    <property name="env.PERLBREW_HOME" value="/home/travis/.perlbrew" />
    <property name="java.vm.version" value="11.0.2+9" />
    <property name="env.RAILS_ENV" value="test" />
    <property name="java.class.path" value="/home/travis/build/icyphy/ptII:/home/travis/build/icyphy/ptII/lib/bsh-2.0b4.jar:/home/travis/build/icyphy/ptII/lib/ptCal.jar:/home/travis/build/icyphy/ptII/lib/java_cup.jar:/home/travis/build/icyphy/ptII/lib/saxon8.jar:/home/travis/build/icyphy/ptII/lib/saxon8-dom.jar:/home/travis/build/icyphy/ptII/lib/chic.jar:/home/travis/build/icyphy/ptII/lib/ptcolt.jar:/home/travis/build/icyphy/ptII/vendors/misc/itext/iText.jar:/home/travis/build/icyphy/ptII/lib/g4ltl.jar:/home/travis/build/icyphy/ptII/lib/StructuralCoder.jar:/home/travis/build/icyphy/ptII/vendors/jai-1_1_2_01/lib/jai_core.jar:/home/travis/build/icyphy/ptII/vendors/jai-1_1_2_01/lib/jai_codec.jar:/home/travis/build/icyphy/ptII/lib/jcerti.jar:/home/travis/build/icyphy/ptII/lib/javax.mail.jar:/home/travis/build/icyphy/ptII/vendors/JMF-2.1.1e/lib/jmf.jar:/home/travis/build/icyphy/ptII/lib/jna-4.0.0-variadic.jar:/home/travis/build/icyphy/ptII/vendors/misc/joystick/Joystick.jar:/home/travis/build/icyphy/ptII/lib/ptjacl.jar:/home/travis/build/icyphy/ptII/lib/jsoup-1.8.2.jar:/home/travis/build/icyphy/ptII/lib/junit-4.8.2.jar:/home/travis/build/icyphy/ptII/lib/JUnitParams-0.4.0.jar:/home/travis/build/icyphy/ptII/ptolemy/actor/lib/excel/jxl.jar:/home/travis/build/icyphy/ptII/lib/jython.jar:/home/travis/build/icyphy/ptII/lib/kieler.jar:/home/travis/build/icyphy/ptII/vendors/opencv/share/OpenCV/java/opencv-341.jar:/home/travis/build/icyphy/ptII/lib/oscP5.jar:/home/travis/build/icyphy/ptII/lib/nrjavaserial-3.11.0.devel.jar:/home/travis/build/icyphy/ptII/vendors/j3d/lib/j3dcore.jar:/home/travis/build/icyphy/ptII/vendors/j3d/lib/j3dutils.jar:/home/travis/build/icyphy/ptII/vendors/j3d/lib/vecmath.jar:/home/travis/build/icyphy/ptII/ptolemy/distributed/jini/jar/jini-core.jar:/home/travis/build/icyphy/ptII/ptolemy/distributed/jini/jar/jini-ext.jar:/home/travis/build/icyphy/ptII/ptolemy/distributed/jini/jar/sun-util.jar:/home/travis/build/icyphy/ptII/lib/protobuf-java-2.4.1.jar:/home/travis/build/icyphy/ptII/lib/org.eclipse.paho.client.mqttv3.jar:/home/travis/build/icyphy/ptII/lib/mapss.jar:/home/travis/build/icyphy/ptII/ptolemy/actor/ptalon/antlr/antlr.jar:/home/travis/build/icyphy/ptII/lib/JRI.jar:/home/travis/build/icyphy/ptII/lib/commons-lang-2.6.jar:/home/travis/build/icyphy/ptII/lib/commons-logging-1.1.1.jar:/home/travis/build/icyphy/ptII/lib/sootclasses.jar:/home/travis/build/icyphy/ptII/ptolemy/actor/lib/database/mysql-connector-java-5.1.6-bin.jar:/home/travis/build/icyphy/ptII/vendors/misc/sphinx4/sphinx4-data-5prealpha.jar:/home/travis/build/icyphy/ptII/vendors/misc/sphinx4/sphinx4-core-5prealpha.jar:/home/travis/build/icyphy/ptII/lib/PDFRenderer.jar:/home/travis/build/icyphy/ptII/lib/svgSalamander.jar:/home/travis/build/icyphy/ptII/lib/rsyntaxtextarea-2.6.0-SNAPSHOT.jar:/home/travis/build/icyphy/ptII/lib/hazelcast-3.8.2.jar:/home/travis/build/icyphy/ptII/lib/jackson-annotations-2.9.0.jar:/home/travis/build/icyphy/ptII/lib/jackson-core-2.9.3.jar:/home/travis/build/icyphy/ptII/lib/jackson-databind-2.9.3.jar:/home/travis/build/icyphy/ptII/lib/netty-buffer-4.1.19.Final.jar:/home/travis/build/icyphy/ptII/lib/netty-codec-4.1.19.Final.jar:/home/travis/build/icyphy/ptII/lib/netty-codec-dns-4.1.19.Final.jar:/home/travis/build/icyphy/ptII/lib/netty-codec-http-4.1.19.Final.jar:/home/travis/build/icyphy/ptII/lib/netty-codec-http2-4.1.19.Final.jar:/home/travis/build/icyphy/ptII/lib/netty-common-4.1.19.Final.jar:/home/travis/build/icyphy/ptII/lib/netty-handler-4.1.19.Final.jar:/home/travis/build/icyphy/ptII/lib/netty-resolver-4.1.19.Final.jar:/home/travis/build/icyphy/ptII/lib/netty-resolver-dns-4.1.19.Final.jar:/home/travis/build/icyphy/ptII/lib/netty-transport-4.1.19.Final.jar:/home/travis/build/icyphy/ptII/lib/vertx-codegen-3.5.1.jar:/home/travis/build/icyphy/ptII/lib/vertx-core-3.5.2-SNAPSHOT.jar:/home/travis/build/icyphy/ptII/lib/vertx-hazelcast-3.5.1.jar:/home/travis/build/icyphy/ptII/lib/vertx-lang-js-3.5.1.jar:/home/travis/build/icyphy/ptII/lib/vertx-service-proxy-3.5.1.jar:/home/travis/build/icyphy/ptII/lib/vertx-web-3.5.1.jar:/home/travis/build/icyphy/ptII/lib/slf4j-api-1.7.13.jar:/home/travis/build/icyphy/ptII/lib/slf4j-simple-1.7.13.jar:/home/travis/build/icyphy/ptII/lib/webcam-capture-0.3.12.jar:/home/travis/build/icyphy/ptII/lib/bridj-0.7.0.jar:/home/travis/build/icyphy/ptII/lib/xbjlib-1.1.0.nrjavaserial.jar:/home/travis/build/icyphy/ptII/ptolemy/moml/test:/home/travis/build/icyphy/ptII/ant/lib/ant-launcher.jar:/home/travis/build/icyphy/ptII/ant/lib/ant.jar:/home/travis/build/icyphy/ptII/ant/lib/ant-junit.jar:/home/travis/build/icyphy/ptII/ant/lib/ant-junit4.jar" />
    <property name="ant.library.dir" value="/home/travis/build/icyphy/ptII/ant/lib" />
    <property name="os.arch" value="amd64" />
    <property name="env.CONTINUOUS_INTEGRATION" value="true" />
    <property name="env.TRAVIS_LANGUAGE" value="node_js" />
    <property name="env.TRAVIS_STACK_LANGUAGES" value="__sardonyx__ c c++ clojure cplusplus cpp default generic go groovy java node_js php pure_java python ruby scala" />
    <property name="test.name" value="ptolemy.actor.lib.test.junit.JUnitTclTest" />
    <property name="env.APT_KEY_DONT_WARN_ON_DANGEROUS_USAGE" value="1" />
    <property name="sun.java.launcher" value="SUN_STANDARD" />
    <property name="env.PYTHON_CONFIGURE_OPTS" value="--enable-unicode=ucs4 --with-wide-unicode --enable-shared --enable-ipv6 --enable-loadable-sqlite-extensions --with-computed-gotos" />
    <property name="ant.core.lib" value="/home/travis/build/icyphy/ptII/ant/lib/ant.jar" />
    <property name="java.vm.specification.vendor" value="Oracle Corporation" />
    <property name="env.BCVTB_HOME" value="/home/travis/build/icyphy/ptII/lbnl" />
    <property name="file.separator" value="/" />
    <property name="spotbugs.home" value="/home/travis/build/icyphy/ptII/vendors/spotbugs-3.1.1" />
    <property name="java.runtime.version" value="11.0.2+9" />
    <property name="env.ANSI_CLEAR" value="\033[0K" />
    <property name="env.HAS_JOSH_K_SEAL_OF_APPROVAL" value="true" />
    <property name="env.XDG_RUNTIME_DIR" value="/run/user/2000" />
    <property name="env.TRAVIS_OSX_IMAGE" value="" />
    <property name="env.TRAVIS_JOB_ID" value="551881333" />
    <property name="env.TRAVIS_BRANCH" value="master" />
    <property name="user.country" value="US" />
    <property name="env.CERTI_HOME_TRAVIS" value="/home/travis/pthla/certi-tools" />
    <property name="env.SHELL" value="/bin/bash" />
    <property name="java.maxmemory.large" value="5000m" />
    <property name="model" value="" />
    <property name="env.CASHER_DIR" value="/home/travis/.casher" />
    <property name="env.NVM_CD_FLAGS" value="" />
    <property name="java.vendor.version" value="18.9" />
    <property name="jshint.executable" value="/home/travis/node_modules/jshint/bin/jshint" />
    <property name="env.JRUBY_OPTS" value=" --client -J-XX:+TieredCompilation -J-XX:TieredStopAtLevel=1 -J-Xss2m -Xcompile.invokedynamic=false" />
    <property name="java.vendor" value="Oracle Corporation" />
    <property name="env.TRAVIS_PRE_CHEF_BOOTSTRAP_TIME" value="2019-03-25T16:16:42" />
    <property name="env.TRAVIS_STACK_JOB_BOARD_REGISTER" value="/.job-board-register.yml" />
    <property name="env.ANSI_RED" value="\033[31;1m" />
    <property name="java.specification.version" value="11" />
    <property name="env.IRBRC" value="/home/travis/.rvm/rubies/ruby-2.5.3/.irbrc" />
    <property name="env.TRAVIS" value="true" />
    <property name="sun.arch.data.model" value="64" />
  </properties>
  <testcase classname="ptolemy.util.test.junit.TclTests" name="[0] /home/travis/build/icyphy/ptII/ptolemy/domains/de/test/DependencyLoop.tcl (RunTclFile)" time="1.084" />
  <testcase classname="ptolemy.util.test.junit.TclTests" name="[1] /home/travis/build/icyphy/ptII/ptolemy/domains/de/test/RunDETestsAsQSS.tcl (RunTclFile)" time="94.258" />
  <testcase classname="ptolemy.util.test.junit.AutoKnownFailedTests" name="[0] /home/travis/build/icyphy/ptII/ptolemy/domains/de/test/auto/knownFailedTests/DESDFClockTest.xml (RunModel)" time="2.06" />
  <testcase classname="ptolemy.util.test.junit.AutoKnownFailedTests" name="[1] /home/travis/build/icyphy/ptII/ptolemy/domains/de/test/auto/knownFailedTests/DirectFeedback.xml (RunModel)" time="0.019" />
  <testcase classname="ptolemy.util.test.junit.AutoKnownFailedTests" name="[2] /home/travis/build/icyphy/ptII/ptolemy/domains/de/test/auto/knownFailedTests/FSMSource.xml (RunModel)" time="0.032" />
  <testcase classname="ptolemy.util.test.junit.AutoKnownFailedTests" name="[3] /home/travis/build/icyphy/ptII/ptolemy/domains/de/test/auto/knownFailedTests/HierarchicalModel.xml (RunModel)" time="0.049" />
  <testcase classname="ptolemy.util.test.junit.AutoKnownFailedTests" name="[4] /home/travis/build/icyphy/ptII/ptolemy/domains/de/test/auto/knownFailedTests/dependencyLoop.xml (RunModel)" time="0.048" />
  <testcase classname="ptolemy.util.test.junit.AutoKnownFailedTests" name="[5] /home/travis/build/icyphy/ptII/ptolemy/domains/de/test/auto/knownFailedTests/dependencyLoop2.xml (RunModel)" time="0.047" />
  <testcase classname="ptolemy.util.test.junit.AutoNameArchTests" name="[0] ThereAreNoAutoArchTests (RunModel)" time="0.006" />
  <testcase classname="ptolemy.util.test.junit.AutoTests" name="[0] /home/travis/build/icyphy/ptII/ptolemy/domains/de/test/auto/ActorDepthCalculation_actorWithoutPorts.xml (RunModel)" time="0.026" />
  <testcase classname="ptolemy.util.test.junit.AutoTests" name="[1] /home/travis/build/icyphy/ptII/ptolemy/domains/de/test/auto/AssemblyLine.xml (RunModel)" time="0.029" />
  <testcase classname="ptolemy.util.test.junit.AutoTests" name="[2] /home/travis/build/icyphy/ptII/ptolemy/domains/de/test/auto/CQBug1.xml (RunModel)" time="0.012" />
  <testcase classname="ptolemy.util.test.junit.AutoTests" name="[3] /home/travis/build/icyphy/ptII/ptolemy/domains/de/test/auto/CancelFireAt.xml (RunModel)" time="0.013" />
  <testcase classname="ptolemy.util.test.junit.AutoTests" name="[4] /home/travis/build/icyphy/ptII/ptolemy/domains/de/test/auto/CausalityAndComposabilityAnalysis.xml (RunModel)" time="0.018" />
  <testcase classname="ptolemy.util.test.junit.AutoTests" name="[5] /home/travis/build/icyphy/ptII/ptolemy/domains/de/test/auto/CausalityInterface1.xml (RunModel)" time="0.023" />
  <testcase classname="ptolemy.util.test.junit.AutoTests" name="[6] /home/travis/build/icyphy/ptII/ptolemy/domains/de/test/auto/CausalityInterface15.xml (RunModel)" time="0.026" />
  <testcase classname="ptolemy.util.test.junit.AutoTests" name="[7] /home/travis/build/icyphy/ptII/ptolemy/domains/de/test/auto/CausalityInterface2.xml (RunModel)" time="0.019" />
  <testcase classname="ptolemy.util.test.junit.AutoTests" name="[8] /home/travis/build/icyphy/ptII/ptolemy/domains/de/test/auto/CausalityInterface3.xml (RunModel)" time="0.013" />
  <testcase classname="ptolemy.util.test.junit.AutoTests" name="[9] /home/travis/build/icyphy/ptII/ptolemy/domains/de/test/auto/ClockDrift.xml (RunModel)" time="0.04" />
  <testcase classname="ptolemy.util.test.junit.AutoTests" name="[10] /home/travis/build/icyphy/ptII/ptolemy/domains/de/test/auto/ClockDriftAndValueChange.xml (RunModel)" time="0.043" />
  <testcase classname="ptolemy.util.test.junit.AutoTests" name="[11] /home/travis/build/icyphy/ptII/ptolemy/domains/de/test/auto/ClockDriftChange.xml (RunModel)" time="0.037" />
  <testcase classname="ptolemy.util.test.junit.AutoTests" name="[12] /home/travis/build/icyphy/ptII/ptolemy/domains/de/test/auto/ComposableCausalityAnalysis.xml (RunModel)" time="0.016" />
  <testcase classname="ptolemy.util.test.junit.AutoTests" name="[13] /home/travis/build/icyphy/ptII/ptolemy/domains/de/test/auto/DEFixedPointLimitation.xml (RunModel)" time="0.01" />
  <testcase classname="ptolemy.util.test.junit.AutoTests" name="[14] /home/travis/build/icyphy/ptII/ptolemy/domains/de/test/auto/DEScheduleTest.xml (RunModel)" time="0.02" />
  <testcase classname="ptolemy.util.test.junit.AutoTests" name="[15] /home/travis/build/icyphy/ptII/ptolemy/domains/de/test/auto/DEinDEwithStartTimes.xml (RunModel)" time="0.021" />
  <testcase classname="ptolemy.util.test.junit.AutoTests" name="[16] /home/travis/build/icyphy/ptII/ptolemy/domains/de/test/auto/DEinDEwithStartTimes2.xml (RunModel)" time="0.016" />
  <testcase classname="ptolemy.util.test.junit.AutoTests" name="[17] /home/travis/build/icyphy/ptII/ptolemy/domains/de/test/auto/DateDemo.xml (RunModel)" time="0.038" />
  <testcase classname="ptolemy.util.test.junit.AutoTests" name="[18] /home/travis/build/icyphy/ptII/ptolemy/domains/de/test/auto/DateToEvent.xml (RunModel)" time="2.053" />
  <testcase classname="ptolemy.util.test.junit.AutoTests" name="[19] /home/travis/build/icyphy/ptII/ptolemy/domains/de/test/auto/DepthTest1.xml (RunModel)" time="0.012" />
  <testcase classname="ptolemy.util.test.junit.AutoTests" name="[20] /home/travis/build/icyphy/ptII/ptolemy/domains/de/test/auto/DepthTest2.xml (RunModel)" time="0.022" />
  <testcase classname="ptolemy.util.test.junit.AutoTests" name="[21] /home/travis/build/icyphy/ptII/ptolemy/domains/de/test/auto/DepthTest3.xml (RunModel)" time="0.01" />
  <testcase classname="ptolemy.util.test.junit.AutoTests" name="[22] /home/travis/build/icyphy/ptII/ptolemy/domains/de/test/auto/DepthTest4.xml (RunModel)" time="0.031" />
  <testcase classname="ptolemy.util.test.junit.AutoTests" name="[23] /home/travis/build/icyphy/ptII/ptolemy/domains/de/test/auto/DepthTest5.xml (RunModel)" time="0.033" />
  <testcase classname="ptolemy.util.test.junit.AutoTests" name="[24] /home/travis/build/icyphy/ptII/ptolemy/domains/de/test/auto/DepthTest6.xml (RunModel)" time="0.018" />
  <testcase classname="ptolemy.util.test.junit.AutoTests" name="[25] /home/travis/build/icyphy/ptII/ptolemy/domains/de/test/auto/DepthTest7.xml (RunModel)" time="0.011" />
  <testcase classname="ptolemy.util.test.junit.AutoTests" name="[26] /home/travis/build/icyphy/ptII/ptolemy/domains/de/test/auto/EventToDate.xml (RunModel)" time="3.044" />
  <testcase classname="ptolemy.util.test.junit.AutoTests" name="[27] /home/travis/build/icyphy/ptII/ptolemy/domains/de/test/auto/FSM1.xml (RunModel)" time="0.047" />
  <testcase classname="ptolemy.util.test.junit.AutoTests" name="[28] /home/travis/build/icyphy/ptII/ptolemy/domains/de/test/auto/FSM7.xml (RunModel)" time="0.043" />
  <testcase classname="ptolemy.util.test.junit.AutoTests" name="[29] /home/travis/build/icyphy/ptII/ptolemy/domains/de/test/auto/Inspection.xml (RunModel)" time="0.038" />
  <testcase classname="ptolemy.util.test.junit.AutoTests" name="[30] /home/travis/build/icyphy/ptII/ptolemy/domains/de/test/auto/Iteration.xml (RunModel)" time="0.027" />
  <testcase classname="ptolemy.util.test.junit.AutoTests" name="[31] /home/travis/build/icyphy/ptII/ptolemy/domains/de/test/auto/LineFault.xml (RunModel)" time="0.661" />
  <testcase classname="ptolemy.util.test.junit.AutoTests" name="[32] /home/travis/build/icyphy/ptII/ptolemy/domains/de/test/auto/MergeModel1Add.xml (RunModel)" time="0.048" />
  <testcase classname="ptolemy.util.test.junit.AutoTests" name="[33] /home/travis/build/icyphy/ptII/ptolemy/domains/de/test/auto/MergeModel2Add.xml (RunModel)" time="0.044" />
  <testcase classname="ptolemy.util.test.junit.AutoTests" name="[34] /home/travis/build/icyphy/ptII/ptolemy/domains/de/test/auto/MergeModel3Add.xml (RunModel)" time="0.049" />
  <testcase classname="ptolemy.util.test.junit.AutoTests" name="[35] /home/travis/build/icyphy/ptII/ptolemy/domains/de/test/auto/MergeWithoutDiscard.xml (RunModel)" time="0.012" />
  <testcase classname="ptolemy.util.test.junit.AutoTests" name="[36] /home/travis/build/icyphy/ptII/ptolemy/domains/de/test/auto/Modal1.xml (RunModel)" time="0.038" />
  <testcase classname="ptolemy.util.test.junit.AutoTests" name="[37] /home/travis/build/icyphy/ptII/ptolemy/domains/de/test/auto/Modal2.xml (RunModel)" time="0.039" />
  <testcase classname="ptolemy.util.test.junit.AutoTests" name="[38] /home/travis/build/icyphy/ptII/ptolemy/domains/de/test/auto/Modal3.xml (RunModel)" time="0.037" />
  <testcase classname="ptolemy.util.test.junit.AutoTests" name="[39] /home/travis/build/icyphy/ptII/ptolemy/domains/de/test/auto/Modal4.xml (RunModel)" time="0.033" />
  <testcase classname="ptolemy.util.test.junit.AutoTests" name="[40] /home/travis/build/icyphy/ptII/ptolemy/domains/de/test/auto/Modal5.xml (RunModel)" time="0.037" />
  <testcase classname="ptolemy.util.test.junit.AutoTests" name="[41] /home/travis/build/icyphy/ptII/ptolemy/domains/de/test/auto/Modal6.xml (RunModel)" time="0.029" />
  <testcase classname="ptolemy.util.test.junit.AutoTests" name="[42] /home/travis/build/icyphy/ptII/ptolemy/domains/de/test/auto/Modal7.xml (RunModel)" time="0.033" />
  <testcase classname="ptolemy.util.test.junit.AutoTests" name="[43] /home/travis/build/icyphy/ptII/ptolemy/domains/de/test/auto/ModalModel.xml (RunModel)" time="0.183" />
  <testcase classname="ptolemy.util.test.junit.AutoTests" name="[44] /home/travis/build/icyphy/ptII/ptolemy/domains/de/test/auto/ModalSource.xml (RunModel)" time="0.023" />
  <testcase classname="ptolemy.util.test.junit.AutoTests" name="[45] /home/travis/build/icyphy/ptII/ptolemy/domains/de/test/auto/NonInterruptibleTimerZeroDelay.xml (RunModel)" time="0.01" />
  <testcase classname="ptolemy.util.test.junit.AutoTests" name="[46] /home/travis/build/icyphy/ptII/ptolemy/domains/de/test/auto/OpenQueueingNetwork.xml (RunModel)" time="2.554" />
  <testcase classname="ptolemy.util.test.junit.AutoTests" name="[47] /home/travis/build/icyphy/ptII/ptolemy/domains/de/test/auto/OpenQueuingNetwork.xml (RunModel)" time="0.296" />
  <testcase classname="ptolemy.util.test.junit.AutoTests" name="[48] /home/travis/build/icyphy/ptII/ptolemy/domains/de/test/auto/PeriodicSampler.xml (RunModel)" time="0.009" />
  <testcase classname="ptolemy.util.test.junit.AutoTests" name="[49] /home/travis/build/icyphy/ptII/ptolemy/domains/de/test/auto/PersistentIO.xml (RunModel)" time="0.024" />
  <testcase classname="ptolemy.util.test.junit.AutoTests" name="[50] /home/travis/build/icyphy/ptII/ptolemy/domains/de/test/auto/PortParameterResetOnInitialize.xml (RunModel)" time="0.009" />
  <testcase classname="ptolemy.util.test.junit.AutoTests" name="[51] /home/travis/build/icyphy/ptII/ptolemy/domains/de/test/auto/PortParameterUpdates.xml (RunModel)" time="0.016" />
  <testcase classname="ptolemy.util.test.junit.AutoTests" name="[52] /home/travis/build/icyphy/ptII/ptolemy/domains/de/test/auto/QueueAndServer.xml (RunModel)" time="0.029" />
  <testcase classname="ptolemy.util.test.junit.AutoTests" name="[53] /home/travis/build/icyphy/ptII/ptolemy/domains/de/test/auto/Records.xml (RunModel)" time="0.018" />
  <testcase classname="ptolemy.util.test.junit.AutoTests" name="[54] /home/travis/build/icyphy/ptII/ptolemy/domains/de/test/auto/ResetTransitionWithStartTime1.xml (RunModel)" time="0.024" />
  <testcase classname="ptolemy.util.test.junit.AutoTests" name="[55] /home/travis/build/icyphy/ptII/ptolemy/domains/de/test/auto/ResetTransitionWithStartTime2.xml (RunModel)" time="0.024" />
  <testcase classname="ptolemy.util.test.junit.AutoTests" name="[56] /home/travis/build/icyphy/ptII/ptolemy/domains/de/test/auto/ResetTransitionWithStartTime3.xml (RunModel)" time="0.024" />
  <testcase classname="ptolemy.util.test.junit.AutoTests" name="[57] /home/travis/build/icyphy/ptII/ptolemy/domains/de/test/auto/ResetTransitionWithStartTime4.xml (RunModel)" time="0.019" />
  <testcase classname="ptolemy.util.test.junit.AutoTests" name="[58] /home/travis/build/icyphy/ptII/ptolemy/domains/de/test/auto/ResettableTimer1.xml (RunModel)" time="0.012" />
  <testcase classname="ptolemy.util.test.junit.AutoTests" name="[59] /home/travis/build/icyphy/ptII/ptolemy/domains/de/test/auto/ResettableTimer2.xml (RunModel)" time="0.011" />
  <testcase classname="ptolemy.util.test.junit.AutoTests" name="[60] /home/travis/build/icyphy/ptII/ptolemy/domains/de/test/auto/ResettableTimer3.xml (RunModel)" time="0.009" />
  <testcase classname="ptolemy.util.test.junit.AutoTests" name="[61] /home/travis/build/icyphy/ptII/ptolemy/domains/de/test/auto/ResettableTimer4.xml (RunModel)" time="0.009" />
  <testcase classname="ptolemy.util.test.junit.AutoTests" name="[62] /home/travis/build/icyphy/ptII/ptolemy/domains/de/test/auto/ResettableTimer5.xml (RunModel)" time="0.01" />
  <testcase classname="ptolemy.util.test.junit.AutoTests" name="[63] /home/travis/build/icyphy/ptII/ptolemy/domains/de/test/auto/ResettableTimer6.xml (RunModel)" time="0.017" />
  <testcase classname="ptolemy.util.test.junit.AutoTests" name="[64] /home/travis/build/icyphy/ptII/ptolemy/domains/de/test/auto/ServerZeroDelay.xml (RunModel)" time="0.016" />
  <testcase classname="ptolemy.util.test.junit.AutoTests" name="[65] /home/travis/build/icyphy/ptII/ptolemy/domains/de/test/auto/SmartSender.xml (RunModel)" time="3.01" />
  <testcase classname="ptolemy.util.test.junit.AutoTests" name="[66] /home/travis/build/icyphy/ptII/ptolemy/domains/de/test/auto/ThreadedComposite.xml (RunModel)" time="0.119" />
  <testcase classname="ptolemy.util.test.junit.AutoTests" name="[67] /home/travis/build/icyphy/ptII/ptolemy/domains/de/test/auto/Time.xml (RunModel)" time="0.455" />
  <testcase classname="ptolemy.util.test.junit.AutoTests" name="[68] /home/travis/build/icyphy/ptII/ptolemy/domains/de/test/auto/TimeDelayZeroDelay.xml (RunModel)" time="0.011" />
  <testcase classname="ptolemy.util.test.junit.AutoTests" name="[69] /home/travis/build/icyphy/ptII/ptolemy/domains/de/test/auto/TimerZeroDelay.xml (RunModel)" time="0.01" />
  <testcase classname="ptolemy.util.test.junit.AutoTests" name="[70] /home/travis/build/icyphy/ptII/ptolemy/domains/de/test/auto/TimingParadox.xml (RunModel)" time="0.381" />
  <testcase classname="ptolemy.util.test.junit.AutoTests" name="[71] /home/travis/build/icyphy/ptII/ptolemy/domains/de/test/auto/TransferInputs.xml (RunModel)" time="0.01" />
  <testcase classname="ptolemy.util.test.junit.AutoTests" name="[72] /home/travis/build/icyphy/ptII/ptolemy/domains/de/test/auto/TransferOutputs2.xml (RunModel)" time="0.014" />
  <testcase classname="ptolemy.util.test.junit.AutoTests" name="[73] /home/travis/build/icyphy/ptII/ptolemy/domains/de/test/auto/Trilateration.xml (RunModel)" time="12.867" />
  <testcase classname="ptolemy.util.test.junit.AutoTests" name="[74] /home/travis/build/icyphy/ptII/ptolemy/domains/de/test/auto/TwoSigmaDelta.xml (RunModel)" time="2.189" />
  <testcase classname="ptolemy.util.test.junit.AutoTests" name="[75] /home/travis/build/icyphy/ptII/ptolemy/domains/de/test/auto/VariableDelay.xml (RunModel)" time="0.019" />
  <testcase classname="ptolemy.util.test.junit.AutoTests" name="[76] /home/travis/build/icyphy/ptII/ptolemy/domains/de/test/auto/VariableDelay2.xml (RunModel)" time="0.016" />
  <testcase classname="ptolemy.util.test.junit.AutoTests" name="[77] /home/travis/build/icyphy/ptII/ptolemy/domains/de/test/auto/VariableDelayZeroDelay.xml (RunModel)" time="0.013" />
  <testcase classname="ptolemy.util.test.junit.AutoTests" name="[78] /home/travis/build/icyphy/ptII/ptolemy/domains/de/test/auto/VariableDelayZeroDelay2.xml (RunModel)" time="0.01" />
  <testcase classname="ptolemy.util.test.junit.AutoTests" name="[79] /home/travis/build/icyphy/ptII/ptolemy/domains/de/test/auto/deInCt.xml (RunModel)" time="0.016" />
  <testcase classname="ptolemy.util.test.junit.AutoTests" name="[80] /home/travis/build/icyphy/ptII/ptolemy/domains/de/test/auto/deInCt2.xml (RunModel)" time="0.016" />
  <testcase classname="ptolemy.util.test.junit.AutoTests" name="[81] /home/travis/build/icyphy/ptII/ptolemy/domains/de/test/auto/dynamicCausalityInterface1.xml (RunModel)" time="0.018" />
  <testcase classname="ptolemy.util.test.junit.AutoTests" name="[82] /home/travis/build/icyphy/ptII/ptolemy/domains/de/test/auto/fsm_de_test.xml (RunModel)" time="0.023" />
  <testcase classname="ptolemy.util.test.junit.AutoTests" name="[83] /home/travis/build/icyphy/ptII/ptolemy/domains/de/test/auto/functionDependencyReconstruction.xml (RunModel)" time="0.032" />
  <testcase classname="ptolemy.util.test.junit.AutoTests" name="[84] /home/travis/build/icyphy/ptII/ptolemy/domains/de/test/auto/multirate.xml (RunModel)" time="0.034" />
  <testcase classname="ptolemy.util.test.junit.AutoTests" name="[85] /home/travis/build/icyphy/ptII/ptolemy/domains/de/test/auto/multirate2.xml (RunModel)" time="0.016" />
  <testcase classname="ptolemy.util.test.junit.AutoTests" name="[86] /home/travis/build/icyphy/ptII/ptolemy/domains/de/test/auto/realtime.xml (RunModel)" time="10.012" />
  <testcase classname="ptolemy.util.test.junit.AutoTests" name="[87] /home/travis/build/icyphy/ptII/ptolemy/domains/de/test/auto/relationGroup.xml (RunModel)" time="0.02" />
  <testcase classname="ptolemy.util.test.junit.AutoTests" name="[88] /home/travis/build/icyphy/ptII/ptolemy/domains/de/test/auto/relationGroup2.xml (RunModel)" time="0.007" />
  <testcase classname="ptolemy.util.test.junit.AutoTests" name="[89] /home/travis/build/icyphy/ptII/ptolemy/domains/de/test/auto/sortWithOpaquePorts.xml (RunModel)" time="0.017" />
  <testcase classname="ptolemy.util.test.junit.AutoTests" name="[90] /home/travis/build/icyphy/ptII/ptolemy/domains/de/test/auto/transferInputsandOutputs.xml (RunModel)" time="0.018" />
  <testcase classname="ptolemy.util.test.junit.AutoTests" name="[91] /home/travis/build/icyphy/ptII/ptolemy/domains/de/test/auto/triggerType.xml (RunModel)" time="0.01" />
  <system-out><![CDATA[/home/travis/build/icyphy/ptII/ptolemy/domains/de/test/DependencyLoop.tcl
testDefs.tcl: setting time out to 9000 seconds at Fri Jun 28 17:57:15 UTC 2019
85 ms. Memory: 120832K Free: 99582K (82%)
33 ms. Memory: 150528K Free: 133233K (89%)
/home/travis/build/icyphy/ptII/ptolemy/domains/de/test/RunDETestsAsQSS.tcl
Run the DE tests using ptolemy.domains.qss.test.QSSDirectorTest, which extends QSSDirector and prints a message in the constructors.
------------------ testing $PTII/ptolemy/domains/de/test/auto/knownFailedTests/DirectFeedback.xml (Known Failure) 
34 ms. Memory: 150528K Free: 128151K (85%)


==== $PTIIhome/travis/build/icyphy/ptII/ptolemy/domains/de/test/../../../../: Auto Automatic test in file $PTII/ptolemy/domains/de/test/auto/knownFailedTests/DirectFeedback.xml
==== Contents of test case:

	    # FIXME: we should use $relativeFilename here, but it
	    # might have backslashes under Windows, which causes no end
	    # of trouble.
	    createAndExecute $file
	    list {}
	
.... Test generated KNOWN error:
    while executing
ptolemy.kernel.util.IllegalActionException: Test fails in iteration 1.
Value was: 1.0. Should have been: 2.0
  in .DirectFeedback.Test
	at ptolemy.actor.lib.Test.fire(Test.java:268)
	at ptolemy.domains.de.kernel.DEDirector._fire(DEDirector.java:1949)
	at ptolemy.domains.de.kernel.DEDirector.fire(DEDirector.java:502)
	at ptolemy.actor.CompositeActor.fire(CompositeActor.java:455)
	at ptolemy.actor.Manager.iterate(Manager.java:851)
	at ptolemy.actor.Manager.execute(Manager.java:369)
	at ptolemy.actor.Manager.run(Manager.java:1263)
	at ptolemy.actor.Manager$PtolemyRunThread.run(Manager.java:1915)

    while executing
ptolemy.kernel.util.IllegalActionException: Test fails in iteration 1.
Value was: 1.0. Should have been: 2.0
  in .DirectFeedback.Test
    while executing
"java::new ptolemy.moml.MoMLSimpleApplication $file
"
    (procedure "createAndExecute" line 2)
    invoked from within
"createAndExecute $file"
    ("uplevel" body line 5)
    invoked from within
"uplevel $contents_of_test"
------------------ testing $PTII/ptolemy/domains/de/test/auto/knownFailedTests/dependencyLoop.xml (Known Failure) 
9 ms. Memory: 150528K Free: 125071K (83%)


==== $PTIIhome/travis/build/icyphy/ptII/ptolemy/domains/de/test/../../../../: Auto Automatic test in file $PTII/ptolemy/domains/de/test/auto/knownFailedTests/dependencyLoop.xml
==== Contents of test case:

	    # FIXME: we should use $relativeFilename here, but it
	    # might have backslashes under Windows, which causes no end
	    # of trouble.
	    createAndExecute $file
	    list {}
	
.... Test generated KNOWN error:
    while executing
ptolemy.kernel.util.IllegalActionException: Found a zero delay loop containing .dependencyLoop.original
  in .dependencyLoop and .dependencyLoop.original
	at ptolemy.actor.util.CausalityInterfaceForComposites._computeOutputPortDepth(CausalityInterfaceForComposites.java:759)
	at ptolemy.actor.util.CausalityInterfaceForComposites._computeInputDepth(CausalityInterfaceForComposites.java:696)
	at ptolemy.actor.util.CausalityInterfaceForComposites._computeOutputPortDepth(CausalityInterfaceForComposites.java:765)
	at ptolemy.actor.util.CausalityInterfaceForComposites._computeInputDepth(CausalityInterfaceForComposites.java:696)
	at ptolemy.actor.util.CausalityInterfaceForComposites._computeOutputPortDepth(CausalityInterfaceForComposites.java:765)
	at ptolemy.actor.util.CausalityInterfaceForComposites._computeInputDepth(CausalityInterfaceForComposites.java:696)
	at ptolemy.actor.util.CausalityInterfaceForComposites._computeActorDepth(CausalityInterfaceForComposites.java:532)
	at ptolemy.actor.util.CausalityInterfaceForComposites.checkForCycles(CausalityInterfaceForComposites.java:96)
	at ptolemy.domains.de.kernel.DEDirector.preinitialize(DEDirector.java:1338)
	at ptolemy.actor.CompositeActor.preinitialize(CompositeActor.java:1828)
	at ptolemy.actor.Manager.preinitializeAndResolveTypes(Manager.java:1040)
	at ptolemy.actor.Manager.initialize(Manager.java:710)
	at ptolemy.actor.Manager.execute(Manager.java:356)
	at ptolemy.actor.Manager.run(Manager.java:1263)
	at ptolemy.actor.Manager$PtolemyRunThread.run(Manager.java:1915)

    while executing
ptolemy.kernel.util.IllegalActionException: Found a zero delay loop containing .dependencyLoop.original
  in .dependencyLoop and .dependencyLoop.original
    while executing
"java::new ptolemy.moml.MoMLSimpleApplication $file
"
    (procedure "createAndExecute" line 2)
    invoked from within
"createAndExecute $file"
    ("uplevel" body line 5)
    invoked from within
"uplevel $contents_of_test"
------------------ testing $PTII/ptolemy/domains/de/test/auto/knownFailedTests/FSMSource.xml (Known Failure) 
54 ms. Memory: 150528K Free: 116183K (77%)
!!!! Auto was marked as failing, but now passes
------------------ testing $PTII/ptolemy/domains/de/test/auto/knownFailedTests/HierarchicalModel.xml (Known Failure) 
6 ms. Memory: 150528K Free: 129997K (86%)


==== $PTIIhome/travis/build/icyphy/ptII/ptolemy/domains/de/test/../../../../: Auto Automatic test in file $PTII/ptolemy/domains/de/test/auto/knownFailedTests/HierarchicalModel.xml
==== Contents of test case:

	    # FIXME: we should use $relativeFilename here, but it
	    # might have backslashes under Windows, which causes no end
	    # of trouble.
	    createAndExecute $file
	    list {}
	
.... Test generated KNOWN error:
    while executing
ptolemy.kernel.util.IllegalActionException: Found a zero delay loop containing .HierarchicalModel.A
  in .HierarchicalModel and .HierarchicalModel.A
	at ptolemy.actor.util.CausalityInterfaceForComposites._computeOutputPortDepth(CausalityInterfaceForComposites.java:759)
	at ptolemy.actor.util.CausalityInterfaceForComposites._computeInputDepth(CausalityInterfaceForComposites.java:696)
	at ptolemy.actor.util.CausalityInterfaceForComposites._computeOutputPortDepth(CausalityInterfaceForComposites.java:765)
	at ptolemy.actor.util.CausalityInterfaceForComposites._computeInputDepth(CausalityInterfaceForComposites.java:696)
	at ptolemy.actor.util.CausalityInterfaceForComposites._computeOutputPortDepth(CausalityInterfaceForComposites.java:765)
	at ptolemy.actor.util.CausalityInterfaceForComposites._computeInputDepth(CausalityInterfaceForComposites.java:696)
	at ptolemy.actor.util.CausalityInterfaceForComposites._computeActorDepth(CausalityInterfaceForComposites.java:532)
	at ptolemy.actor.util.CausalityInterfaceForComposites.checkForCycles(CausalityInterfaceForComposites.java:96)
	at ptolemy.domains.de.kernel.DEDirector.preinitialize(DEDirector.java:1338)
	at ptolemy.actor.CompositeActor.preinitialize(CompositeActor.java:1828)
	at ptolemy.actor.Manager.preinitializeAndResolveTypes(Manager.java:1040)
	at ptolemy.actor.Manager.initialize(Manager.java:710)
	at ptolemy.actor.Manager.execute(Manager.java:356)
	at ptolemy.actor.Manager.run(Manager.java:1263)
	at ptolemy.actor.Manager$PtolemyRunThread.run(Manager.java:1915)

    while executing
ptolemy.kernel.util.IllegalActionException: Found a zero delay loop containing .HierarchicalModel.A
  in .HierarchicalModel and .HierarchicalModel.A
    while executing
"java::new ptolemy.moml.MoMLSimpleApplication $file
"
    (procedure "createAndExecute" line 2)
    invoked from within
"createAndExecute $file"
    ("uplevel" body line 5)
    invoked from within
"uplevel $contents_of_test"
------------------ testing $PTII/ptolemy/domains/de/test/auto/knownFailedTests/dependencyLoop2.xml (Known Failure) 
6 ms. Memory: 150528K Free: 113613K (75%)


==== $PTIIhome/travis/build/icyphy/ptII/ptolemy/domains/de/test/../../../../: Auto Automatic test in file $PTII/ptolemy/domains/de/test/auto/knownFailedTests/dependencyLoop2.xml
==== Contents of test case:

	    # FIXME: we should use $relativeFilename here, but it
	    # might have backslashes under Windows, which causes no end
	    # of trouble.
	    createAndExecute $file
	    list {}
	
.... Test generated KNOWN error:
    while executing
ptolemy.kernel.util.IllegalActionException: Found a zero delay loop containing .dependencyLoop2.original
  in .dependencyLoop2 and .dependencyLoop2.original
	at ptolemy.actor.util.CausalityInterfaceForComposites._computeOutputPortDepth(CausalityInterfaceForComposites.java:759)
	at ptolemy.actor.util.CausalityInterfaceForComposites._computeInputDepth(CausalityInterfaceForComposites.java:696)
	at ptolemy.actor.util.CausalityInterfaceForComposites._computeOutputPortDepth(CausalityInterfaceForComposites.java:765)
	at ptolemy.actor.util.CausalityInterfaceForComposites._computeInputDepth(CausalityInterfaceForComposites.java:696)
	at ptolemy.actor.util.CausalityInterfaceForComposites._computeOutputPortDepth(CausalityInterfaceForComposites.java:765)
	at ptolemy.actor.util.CausalityInterfaceForComposites._computeInputDepth(CausalityInterfaceForComposites.java:696)
	at ptolemy.actor.util.CausalityInterfaceForComposites._computeActorDepth(CausalityInterfaceForComposites.java:532)
	at ptolemy.actor.util.CausalityInterfaceForComposites.checkForCycles(CausalityInterfaceForComposites.java:96)
	at ptolemy.domains.de.kernel.DEDirector.preinitialize(DEDirector.java:1338)
	at ptolemy.actor.CompositeActor.preinitialize(CompositeActor.java:1828)
	at ptolemy.actor.Manager.preinitializeAndResolveTypes(Manager.java:1040)
	at ptolemy.actor.Manager.initialize(Manager.java:710)
	at ptolemy.actor.Manager.execute(Manager.java:356)
	at ptolemy.actor.Manager.run(Manager.java:1263)
	at ptolemy.actor.Manager$PtolemyRunThread.run(Manager.java:1915)

    while executing
ptolemy.kernel.util.IllegalActionException: Found a zero delay loop containing .dependencyLoop2.original
  in .dependencyLoop2 and .dependencyLoop2.original
    while executing
"java::new ptolemy.moml.MoMLSimpleApplication $file
"
    (procedure "createAndExecute" line 2)
    invoked from within
"createAndExecute $file"
    ("uplevel" body line 5)
    invoked from within
"uplevel $contents_of_test"
------------------ testing $PTII/ptolemy/domains/de/test/auto/knownFailedTests/DESDFClockTest.xml (Known Failure) 
2077 ms. Memory: 150528K Free: 101325K (67%)


==== $PTIIhome/travis/build/icyphy/ptII/ptolemy/domains/de/test/../../../../: Auto Automatic test in file $PTII/ptolemy/domains/de/test/auto/knownFailedTests/DESDFClockTest.xml
==== Contents of test case:

	    # FIXME: we should use $relativeFilename here, but it
	    # might have backslashes under Windows, which causes no end
	    # of trouble.
	    createAndExecute $file
	    list {}
	
.... Test generated KNOWN error:
    while executing
ptolemy.kernel.util.IllegalActionException: Actor is not ready to fire.  Perhaps UpSample.prefire() returned false? Try debugging the actor by selecting "Listen to Actor".  Also, for SDF check moml for tokenConsumptionRate on input.
  in .DESDFClockTest.Play Bell.Copy1:SDF Director and .DESDFClockTest.Play Bell.UpSample
	at ptolemy.actor.sched.StaticSchedulingDirector.fire(StaticSchedulingDirector.java:227)
	at ptolemy.domains.sdf.kernel.SDFDirector.fire(SDFDirector.java:500)
	at ptolemy.actor.CompositeActor.fire(CompositeActor.java:455)
	at ptolemy.domains.de.kernel.DEDirector._fire(DEDirector.java:1949)
	at ptolemy.domains.de.kernel.DEDirector.fire(DEDirector.java:502)
	at ptolemy.actor.CompositeActor.fire(CompositeActor.java:455)
	at ptolemy.actor.Manager.iterate(Manager.java:851)
	at ptolemy.actor.Manager.execute(Manager.java:369)
	at ptolemy.actor.Manager.run(Manager.java:1263)
	at ptolemy.actor.Manager$PtolemyRunThread.run(Manager.java:1915)

    while executing
ptolemy.kernel.util.IllegalActionException: Actor is not ready to fire.  Perhaps UpSample.prefire() returned false? Try debugging the actor by selecting "Listen to Actor".  Also, for SDF check moml for tokenConsumptionRate on input.
  in .DESDFClockTest.Play Bell.Copy1:SDF Director and .DESDFClockTest.Play Bell.UpSample
    while executing
"java::new ptolemy.moml.MoMLSimpleApplication $file
"
    (procedure "createAndExecute" line 2)
    invoked from within
"createAndExecute $file"
    ("uplevel" body line 5)
    invoked from within
"uplevel $contents_of_test"
------------------ testing $PTII/ptolemy/domains/de/test/auto/ActorDepthCalculation_actorWithoutPorts.xml
auto.tcl: Setting watchdog for 200 seconds at Fri Jun 28 17:57:19 UTC 2019
12 ms. Memory: 150528K Free: 93629K (62%)
ptolemy.util.test.WatchDog.cancel(): canceling Fri Jun 28 17:57:19 UTC 2019
auto.tcl: Setting watchdog for 200 seconds at Fri Jun 28 17:57:19 UTC 2019
6 ms. Memory: 150528K Free: 92109K (61%)
ptolemy.util.test.WatchDog.cancel(): canceling Fri Jun 28 17:57:19 UTC 2019
------------------ testing $PTII/ptolemy/domains/de/test/auto/AssemblyLine.xml
auto.tcl: Setting watchdog for 200 seconds at Fri Jun 28 17:57:19 UTC 2019
26 ms. Memory: 45056K Free: 23412K (52%)
ptolemy.util.test.WatchDog.cancel(): canceling Fri Jun 28 17:57:20 UTC 2019
auto.tcl: Setting watchdog for 200 seconds at Fri Jun 28 17:57:20 UTC 2019
8 ms. Memory: 45056K Free: 22564K (50%)
ptolemy.util.test.WatchDog.cancel(): canceling Fri Jun 28 17:57:20 UTC 2019
------------------ testing $PTII/ptolemy/domains/de/test/auto/CQBug1.xml
auto.tcl: Setting watchdog for 200 seconds at Fri Jun 28 17:57:20 UTC 2019
3 ms. Memory: 45056K Free: 29256K (65%)
ptolemy.util.test.WatchDog.cancel(): canceling Fri Jun 28 17:57:20 UTC 2019
auto.tcl: Setting watchdog for 200 seconds at Fri Jun 28 17:57:20 UTC 2019
2 ms. Memory: 45056K Free: 28915K (64%)
ptolemy.util.test.WatchDog.cancel(): canceling Fri Jun 28 17:57:20 UTC 2019
------------------ testing $PTII/ptolemy/domains/de/test/auto/CancelFireAt.xml
auto.tcl: Setting watchdog for 200 seconds at Fri Jun 28 17:57:20 UTC 2019
4 ms. Memory: 45056K Free: 30011K (67%)
ptolemy.util.test.WatchDog.cancel(): canceling Fri Jun 28 17:57:20 UTC 2019
auto.tcl: Setting watchdog for 200 seconds at Fri Jun 28 17:57:20 UTC 2019
3 ms. Memory: 45056K Free: 29694K (66%)
ptolemy.util.test.WatchDog.cancel(): canceling Fri Jun 28 17:57:20 UTC 2019
------------------ testing $PTII/ptolemy/domains/de/test/auto/CausalityAndComposabilityAnalysis.xml
auto.tcl: Setting watchdog for 200 seconds at Fri Jun 28 17:57:20 UTC 2019
6 ms. Memory: 45056K Free: 28219K (63%)
ptolemy.util.test.WatchDog.cancel(): canceling Fri Jun 28 17:57:20 UTC 2019
auto.tcl: Setting watchdog for 200 seconds at Fri Jun 28 17:57:20 UTC 2019
7 ms. Memory: 45056K Free: 27618K (61%)
ptolemy.util.test.WatchDog.cancel(): canceling Fri Jun 28 17:57:20 UTC 2019
------------------ testing $PTII/ptolemy/domains/de/test/auto/CausalityInterface1.xml
auto.tcl: Setting watchdog for 200 seconds at Fri Jun 28 17:57:20 UTC 2019
39 ms. Memory: 45056K Free: 26744K (59%)
ptolemy.util.test.WatchDog.cancel(): canceling Fri Jun 28 17:57:20 UTC 2019
auto.tcl: Setting watchdog for 200 seconds at Fri Jun 28 17:57:20 UTC 2019
5 ms. Memory: 45056K Free: 25664K (57%)
ptolemy.util.test.WatchDog.cancel(): canceling Fri Jun 28 17:57:20 UTC 2019
------------------ testing $PTII/ptolemy/domains/de/test/auto/CausalityInterface15.xml
auto.tcl: Setting watchdog for 200 seconds at Fri Jun 28 17:57:20 UTC 2019
10 ms. Memory: 45056K Free: 26852K (60%)
ptolemy.util.test.WatchDog.cancel(): canceling Fri Jun 28 17:57:20 UTC 2019
auto.tcl: Setting watchdog for 200 seconds at Fri Jun 28 17:57:20 UTC 2019
6 ms. Memory: 45056K Free: 25966K (58%)
ptolemy.util.test.WatchDog.cancel(): canceling Fri Jun 28 17:57:20 UTC 2019
------------------ testing $PTII/ptolemy/domains/de/test/auto/CausalityInterface2.xml
auto.tcl: Setting watchdog for 200 seconds at Fri Jun 28 17:57:20 UTC 2019
9 ms. Memory: 45056K Free: 27607K (61%)
ptolemy.util.test.WatchDog.cancel(): canceling Fri Jun 28 17:57:20 UTC 2019
auto.tcl: Setting watchdog for 200 seconds at Fri Jun 28 17:57:20 UTC 2019
3 ms. Memory: 45056K Free: 26960K (60%)
ptolemy.util.test.WatchDog.cancel(): canceling Fri Jun 28 17:57:20 UTC 2019
------------------ testing $PTII/ptolemy/domains/de/test/auto/CausalityInterface3.xml
auto.tcl: Setting watchdog for 200 seconds at Fri Jun 28 17:57:20 UTC 2019
5 ms. Memory: 45056K Free: 27077K (60%)
ptolemy.util.test.WatchDog.cancel(): canceling Fri Jun 28 17:57:20 UTC 2019
auto.tcl: Setting watchdog for 200 seconds at Fri Jun 28 17:57:20 UTC 2019
4 ms. Memory: 45056K Free: 26428K (59%)
ptolemy.util.test.WatchDog.cancel(): canceling Fri Jun 28 17:57:20 UTC 2019
------------------ testing $PTII/ptolemy/domains/de/test/auto/ClockDrift.xml
auto.tcl: Setting watchdog for 200 seconds at Fri Jun 28 17:57:20 UTC 2019
123 ms. Memory: 45056K Free: 19719K (44%)
ptolemy.util.test.WatchDog.cancel(): canceling Fri Jun 28 17:57:21 UTC 2019
auto.tcl: Setting watchdog for 200 seconds at Fri Jun 28 17:57:21 UTC 2019
65 ms. Memory: 45056K Free: 16731K (37%)
ptolemy.util.test.WatchDog.cancel(): canceling Fri Jun 28 17:57:21 UTC 2019
------------------ testing $PTII/ptolemy/domains/de/test/auto/ClockDriftAndValueChange.xml
auto.tcl: Setting watchdog for 200 seconds at Fri Jun 28 17:57:21 UTC 2019
28 ms. Memory: 45056K Free: 20219K (45%)
ptolemy.util.test.WatchDog.cancel(): canceling Fri Jun 28 17:57:21 UTC 2019
auto.tcl: Setting watchdog for 200 seconds at Fri Jun 28 17:57:21 UTC 2019
28 ms. Memory: 45056K Free: 17033K (38%)
ptolemy.util.test.WatchDog.cancel(): canceling Fri Jun 28 17:57:21 UTC 2019
------------------ testing $PTII/ptolemy/domains/de/test/auto/ClockDriftChange.xml
auto.tcl: Setting watchdog for 200 seconds at Fri Jun 28 17:57:21 UTC 2019
33 ms. Memory: 45056K Free: 21544K (48%)
ptolemy.util.test.WatchDog.cancel(): canceling Fri Jun 28 17:57:21 UTC 2019
auto.tcl: Setting watchdog for 200 seconds at Fri Jun 28 17:57:21 UTC 2019
30 ms. Memory: 45056K Free: 18785K (42%)
ptolemy.util.test.WatchDog.cancel(): canceling Fri Jun 28 17:57:21 UTC 2019
------------------ testing $PTII/ptolemy/domains/de/test/auto/ComposableCausalityAnalysis.xml
auto.tcl: Setting watchdog for 200 seconds at Fri Jun 28 17:57:21 UTC 2019
2 ms. Memory: 45056K Free: 26023K (58%)
ptolemy.util.test.WatchDog.cancel(): canceling Fri Jun 28 17:57:21 UTC 2019
auto.tcl: Setting watchdog for 200 seconds at Fri Jun 28 17:57:21 UTC 2019
5 ms. Memory: 45056K Free: 25194K (56%)
ptolemy.util.test.WatchDog.cancel(): canceling Fri Jun 28 17:57:21 UTC 2019
------------------ testing $PTII/ptolemy/domains/de/test/auto/DEFixedPointLimitation.xml
auto.tcl: Setting watchdog for 200 seconds at Fri Jun 28 17:57:21 UTC 2019
2 ms. Memory: 45056K Free: 27288K (61%)
ptolemy.util.test.WatchDog.cancel(): canceling Fri Jun 28 17:57:21 UTC 2019
auto.tcl: Setting watchdog for 200 seconds at Fri Jun 28 17:57:21 UTC 2019
1 ms. Memory: 45056K Free: 26641K (59%)
ptolemy.util.test.WatchDog.cancel(): canceling Fri Jun 28 17:57:21 UTC 2019
------------------ testing $PTII/ptolemy/domains/de/test/auto/DEScheduleTest.xml
auto.tcl: Setting watchdog for 200 seconds at Fri Jun 28 17:57:21 UTC 2019
4 ms. Memory: 45056K Free: 27825K (62%)
ptolemy.util.test.WatchDog.cancel(): canceling Fri Jun 28 17:57:21 UTC 2019
auto.tcl: Setting watchdog for 200 seconds at Fri Jun 28 17:57:21 UTC 2019
4 ms. Memory: 45056K Free: 27012K (60%)
ptolemy.util.test.WatchDog.cancel(): canceling Fri Jun 28 17:57:21 UTC 2019
------------------ testing $PTII/ptolemy/domains/de/test/auto/DEinDEwithStartTimes.xml
auto.tcl: Setting watchdog for 200 seconds at Fri Jun 28 17:57:21 UTC 2019
5 ms. Memory: 45056K Free: 26072K (58%)
ptolemy.util.test.WatchDog.cancel(): canceling Fri Jun 28 17:57:21 UTC 2019
auto.tcl: Setting watchdog for 200 seconds at Fri Jun 28 17:57:21 UTC 2019
8 ms. Memory: 45056K Free: 24964K (55%)
ptolemy.util.test.WatchDog.cancel(): canceling Fri Jun 28 17:57:21 UTC 2019
------------------ testing $PTII/ptolemy/domains/de/test/auto/DEinDEwithStartTimes2.xml
auto.tcl: Setting watchdog for 200 seconds at Fri Jun 28 17:57:21 UTC 2019
4 ms. Memory: 45056K Free: 25282K (56%)
ptolemy.util.test.WatchDog.cancel(): canceling Fri Jun 28 17:57:21 UTC 2019
auto.tcl: Setting watchdog for 200 seconds at Fri Jun 28 17:57:21 UTC 2019
5 ms. Memory: 45056K Free: 23982K (53%)
ptolemy.util.test.WatchDog.cancel(): canceling Fri Jun 28 17:57:21 UTC 2019
------------------ testing $PTII/ptolemy/domains/de/test/auto/DateDemo.xml
auto.tcl: Setting watchdog for 200 seconds at Fri Jun 28 17:57:21 UTC 2019
22 ms. Memory: 45056K Free: 19963K (44%)
ptolemy.util.test.WatchDog.cancel(): canceling Fri Jun 28 17:57:22 UTC 2019
auto.tcl: Setting watchdog for 200 seconds at Fri Jun 28 17:57:22 UTC 2019
11 ms. Memory: 45056K Free: 18421K (41%)
ptolemy.util.test.WatchDog.cancel(): canceling Fri Jun 28 17:57:22 UTC 2019
------------------ testing $PTII/ptolemy/domains/de/test/auto/DateToEvent.xml
auto.tcl: Setting watchdog for 200 seconds at Fri Jun 28 17:57:22 UTC 2019
2016 ms. Memory: 45056K Free: 15511K (34%)
ptolemy.util.test.WatchDog.cancel(): canceling Fri Jun 28 17:57:24 UTC 2019
auto.tcl: Setting watchdog for 200 seconds at Fri Jun 28 17:57:24 UTC 2019
2004 ms. Memory: 45056K Free: 14805K (33%)
ptolemy.util.test.WatchDog.cancel(): canceling Fri Jun 28 17:57:26 UTC 2019
------------------ testing $PTII/ptolemy/domains/de/test/auto/DepthTest1.xml
auto.tcl: Setting watchdog for 200 seconds at Fri Jun 28 17:57:26 UTC 2019
5 ms. Memory: 45056K Free: 28618K (64%)
ptolemy.util.test.WatchDog.cancel(): canceling Fri Jun 28 17:57:26 UTC 2019
auto.tcl: Setting watchdog for 200 seconds at Fri Jun 28 17:57:26 UTC 2019
2 ms. Memory: 45056K Free: 28227K (63%)
ptolemy.util.test.WatchDog.cancel(): canceling Fri Jun 28 17:57:26 UTC 2019
------------------ testing $PTII/ptolemy/domains/de/test/auto/DepthTest2.xml
auto.tcl: Setting watchdog for 200 seconds at Fri Jun 28 17:57:26 UTC 2019
7 ms. Memory: 45056K Free: 25544K (57%)
ptolemy.util.test.WatchDog.cancel(): canceling Fri Jun 28 17:57:26 UTC 2019
auto.tcl: Setting watchdog for 200 seconds at Fri Jun 28 17:57:26 UTC 2019
3 ms. Memory: 45056K Free: 24907K (55%)
ptolemy.util.test.WatchDog.cancel(): canceling Fri Jun 28 17:57:26 UTC 2019
------------------ testing $PTII/ptolemy/domains/de/test/auto/DepthTest3.xml
auto.tcl: Setting watchdog for 200 seconds at Fri Jun 28 17:57:26 UTC 2019
4 ms. Memory: 45056K Free: 28979K (64%)
ptolemy.util.test.WatchDog.cancel(): canceling Fri Jun 28 17:57:26 UTC 2019
auto.tcl: Setting watchdog for 200 seconds at Fri Jun 28 17:57:26 UTC 2019
1 ms. Memory: 45056K Free: 28251K (63%)
ptolemy.util.test.WatchDog.cancel(): canceling Fri Jun 28 17:57:26 UTC 2019
------------------ testing $PTII/ptolemy/domains/de/test/auto/DepthTest4.xml
auto.tcl: Setting watchdog for 200 seconds at Fri Jun 28 17:57:26 UTC 2019
11 ms. Memory: 45056K Free: 27279K (61%)
ptolemy.util.test.WatchDog.cancel(): canceling Fri Jun 28 17:57:26 UTC 2019
auto.tcl: Setting watchdog for 200 seconds at Fri Jun 28 17:57:26 UTC 2019
3 ms. Memory: 45056K Free: 26599K (59%)
ptolemy.util.test.WatchDog.cancel(): canceling Fri Jun 28 17:57:26 UTC 2019
------------------ testing $PTII/ptolemy/domains/de/test/auto/DepthTest5.xml
auto.tcl: Setting watchdog for 200 seconds at Fri Jun 28 17:57:26 UTC 2019
4 ms. Memory: 45056K Free: 26456K (59%)
ptolemy.util.test.WatchDog.cancel(): canceling Fri Jun 28 17:57:26 UTC 2019
auto.tcl: Setting watchdog for 200 seconds at Fri Jun 28 17:57:26 UTC 2019
3 ms. Memory: 45056K Free: 25869K (57%)
ptolemy.util.test.WatchDog.cancel(): canceling Fri Jun 28 17:57:26 UTC 2019
------------------ testing $PTII/ptolemy/domains/de/test/auto/DepthTest6.xml
auto.tcl: Setting watchdog for 200 seconds at Fri Jun 28 17:57:26 UTC 2019
6 ms. Memory: 45056K Free: 26394K (59%)
ptolemy.util.test.WatchDog.cancel(): canceling Fri Jun 28 17:57:26 UTC 2019
auto.tcl: Setting watchdog for 200 seconds at Fri Jun 28 17:57:26 UTC 2019
3 ms. Memory: 45056K Free: 25752K (57%)
ptolemy.util.test.WatchDog.cancel(): canceling Fri Jun 28 17:57:26 UTC 2019
------------------ testing $PTII/ptolemy/domains/de/test/auto/DepthTest7.xml
auto.tcl: Setting watchdog for 200 seconds at Fri Jun 28 17:57:26 UTC 2019
3 ms. Memory: 45056K Free: 26998K (60%)
ptolemy.util.test.WatchDog.cancel(): canceling Fri Jun 28 17:57:26 UTC 2019
auto.tcl: Setting watchdog for 200 seconds at Fri Jun 28 17:57:26 UTC 2019
3 ms. Memory: 45056K Free: 26103K (58%)
ptolemy.util.test.WatchDog.cancel(): canceling Fri Jun 28 17:57:26 UTC 2019
------------------ testing $PTII/ptolemy/domains/de/test/auto/EventToDate.xml
auto.tcl: Setting watchdog for 200 seconds at Fri Jun 28 17:57:26 UTC 2019
3007 ms. Memory: 45056K Free: 18035K (40%)
ptolemy.util.test.WatchDog.cancel(): canceling Fri Jun 28 17:57:29 UTC 2019
auto.tcl: Setting watchdog for 200 seconds at Fri Jun 28 17:57:29 UTC 2019
3005 ms. Memory: 45056K Free: 17251K (38%)
ptolemy.util.test.WatchDog.cancel(): canceling Fri Jun 28 17:57:32 UTC 2019
------------------ testing $PTII/ptolemy/domains/de/test/auto/FSM1.xml
auto.tcl: Setting watchdog for 200 seconds at Fri Jun 28 17:57:32 UTC 2019
37 ms. Memory: 45056K Free: 18721K (42%)
ptolemy.util.test.WatchDog.cancel(): canceling Fri Jun 28 17:57:32 UTC 2019
auto.tcl: Setting watchdog for 200 seconds at Fri Jun 28 17:57:32 UTC 2019
27 ms. Memory: 45056K Free: 15545K (35%)
ptolemy.util.test.WatchDog.cancel(): canceling Fri Jun 28 17:57:33 UTC 2019
------------------ testing $PTII/ptolemy/domains/de/test/auto/FSM7.xml
auto.tcl: Setting watchdog for 200 seconds at Fri Jun 28 17:57:33 UTC 2019
16 ms. Memory: 45056K Free: 18953K (42%)
ptolemy.util.test.WatchDog.cancel(): canceling Fri Jun 28 17:57:33 UTC 2019
auto.tcl: Setting watchdog for 200 seconds at Fri Jun 28 17:57:33 UTC 2019
17 ms. Memory: 45056K Free: 15803K (35%)
ptolemy.util.test.WatchDog.cancel(): canceling Fri Jun 28 17:57:33 UTC 2019
------------------ testing $PTII/ptolemy/domains/de/test/auto/Inspection.xml
auto.tcl: Setting watchdog for 200 seconds at Fri Jun 28 17:57:33 UTC 2019
24 ms. Memory: 45056K Free: 18938K (42%)
ptolemy.util.test.WatchDog.cancel(): canceling Fri Jun 28 17:57:33 UTC 2019
auto.tcl: Setting watchdog for 200 seconds at Fri Jun 28 17:57:33 UTC 2019
22 ms. Memory: 45056K Free: 17145K (38%)
ptolemy.util.test.WatchDog.cancel(): canceling Fri Jun 28 17:57:33 UTC 2019
------------------ testing $PTII/ptolemy/domains/de/test/auto/Iteration.xml
auto.tcl: Setting watchdog for 200 seconds at Fri Jun 28 17:57:33 UTC 2019
12 ms. Memory: 45056K Free: 24702K (55%)
ptolemy.util.test.WatchDog.cancel(): canceling Fri Jun 28 17:57:33 UTC 2019
auto.tcl: Setting watchdog for 200 seconds at Fri Jun 28 17:57:33 UTC 2019
7 ms. Memory: 45056K Free: 23591K (52%)
ptolemy.util.test.WatchDog.cancel(): canceling Fri Jun 28 17:57:33 UTC 2019
------------------ testing $PTII/ptolemy/domains/de/test/auto/LineFault.xml
auto.tcl: Setting watchdog for 200 seconds at Fri Jun 28 17:57:33 UTC 2019
662 ms. Memory: 54272K Free: 27885K (51%)
ptolemy.util.test.WatchDog.cancel(): canceling Fri Jun 28 17:57:34 UTC 2019
auto.tcl: Setting watchdog for 200 seconds at Fri Jun 28 17:57:34 UTC 2019
673 ms. Memory: 54272K Free: 19935K (37%)
ptolemy.util.test.WatchDog.cancel(): canceling Fri Jun 28 17:57:34 UTC 2019
------------------ testing $PTII/ptolemy/domains/de/test/auto/MergeModel1Add.xml
auto.tcl: Setting watchdog for 200 seconds at Fri Jun 28 17:57:35 UTC 2019
21 ms. Memory: 51200K Free: 16671K (33%)
ptolemy.util.test.WatchDog.cancel(): canceling Fri Jun 28 17:57:35 UTC 2019
auto.tcl: Setting watchdog for 200 seconds at Fri Jun 28 17:57:35 UTC 2019
21 ms. Memory: 51200K Free: 15086K (29%)
ptolemy.util.test.WatchDog.cancel(): canceling Fri Jun 28 17:57:35 UTC 2019
------------------ testing $PTII/ptolemy/domains/de/test/auto/MergeModel2Add.xml
auto.tcl: Setting watchdog for 200 seconds at Fri Jun 28 17:57:35 UTC 2019
25 ms. Memory: 48128K Free: 16204K (34%)
ptolemy.util.test.WatchDog.cancel(): canceling Fri Jun 28 17:57:35 UTC 2019
auto.tcl: Setting watchdog for 200 seconds at Fri Jun 28 17:57:35 UTC 2019
13 ms. Memory: 48128K Free: 14712K (31%)
ptolemy.util.test.WatchDog.cancel(): canceling Fri Jun 28 17:57:35 UTC 2019
------------------ testing $PTII/ptolemy/domains/de/test/auto/MergeModel3Add.xml
auto.tcl: Setting watchdog for 200 seconds at Fri Jun 28 17:57:35 UTC 2019
11 ms. Memory: 48128K Free: 15678K (33%)
ptolemy.util.test.WatchDog.cancel(): canceling Fri Jun 28 17:57:35 UTC 2019
auto.tcl: Setting watchdog for 200 seconds at Fri Jun 28 17:57:35 UTC 2019
11 ms. Memory: 48128K Free: 14333K (30%)
ptolemy.util.test.WatchDog.cancel(): canceling Fri Jun 28 17:57:35 UTC 2019
------------------ testing $PTII/ptolemy/domains/de/test/auto/MergeWithoutDiscard.xml
auto.tcl: Setting watchdog for 200 seconds at Fri Jun 28 17:57:35 UTC 2019
4 ms. Memory: 48128K Free: 30231K (63%)
ptolemy.util.test.WatchDog.cancel(): canceling Fri Jun 28 17:57:35 UTC 2019
auto.tcl: Setting watchdog for 200 seconds at Fri Jun 28 17:57:35 UTC 2019
1 ms. Memory: 48128K Free: 29801K (62%)
ptolemy.util.test.WatchDog.cancel(): canceling Fri Jun 28 17:57:35 UTC 2019
------------------ testing $PTII/ptolemy/domains/de/test/auto/Modal1.xml
auto.tcl: Setting watchdog for 200 seconds at Fri Jun 28 17:57:35 UTC 2019
16 ms. Memory: 48128K Free: 22387K (47%)
ptolemy.util.test.WatchDog.cancel(): canceling Fri Jun 28 17:57:35 UTC 2019
auto.tcl: Setting watchdog for 200 seconds at Fri Jun 28 17:57:35 UTC 2019
24 ms. Memory: 48128K Free: 19105K (40%)
ptolemy.util.test.WatchDog.cancel(): canceling Fri Jun 28 17:57:35 UTC 2019
------------------ testing $PTII/ptolemy/domains/de/test/auto/Modal2.xml
auto.tcl: Setting watchdog for 200 seconds at Fri Jun 28 17:57:35 UTC 2019
18 ms. Memory: 48128K Free: 22250K (46%)
ptolemy.util.test.WatchDog.cancel(): canceling Fri Jun 28 17:57:35 UTC 2019
auto.tcl: Setting watchdog for 200 seconds at Fri Jun 28 17:57:35 UTC 2019
24 ms. Memory: 48128K Free: 19001K (39%)
ptolemy.util.test.WatchDog.cancel(): canceling Fri Jun 28 17:57:35 UTC 2019
------------------ testing $PTII/ptolemy/domains/de/test/auto/Modal3.xml
auto.tcl: Setting watchdog for 200 seconds at Fri Jun 28 17:57:35 UTC 2019
19 ms. Memory: 48128K Free: 21997K (46%)
ptolemy.util.test.WatchDog.cancel(): canceling Fri Jun 28 17:57:35 UTC 2019
auto.tcl: Setting watchdog for 200 seconds at Fri Jun 28 17:57:35 UTC 2019
16 ms. Memory: 48128K Free: 19044K (40%)
ptolemy.util.test.WatchDog.cancel(): canceling Fri Jun 28 17:57:35 UTC 2019
------------------ testing $PTII/ptolemy/domains/de/test/auto/Modal4.xml
auto.tcl: Setting watchdog for 200 seconds at Fri Jun 28 17:57:35 UTC 2019
13 ms. Memory: 48128K Free: 21206K (44%)
ptolemy.util.test.WatchDog.cancel(): canceling Fri Jun 28 17:57:35 UTC 2019
auto.tcl: Setting watchdog for 200 seconds at Fri Jun 28 17:57:35 UTC 2019
15 ms. Memory: 48128K Free: 17377K (36%)
ptolemy.util.test.WatchDog.cancel(): canceling Fri Jun 28 17:57:36 UTC 2019
------------------ testing $PTII/ptolemy/domains/de/test/auto/Modal5.xml
auto.tcl: Setting watchdog for 200 seconds at Fri Jun 28 17:57:36 UTC 2019
12 ms. Memory: 48128K Free: 21222K (44%)
ptolemy.util.test.WatchDog.cancel(): canceling Fri Jun 28 17:57:36 UTC 2019
auto.tcl: Setting watchdog for 200 seconds at Fri Jun 28 17:57:36 UTC 2019
14 ms. Memory: 48128K Free: 17364K (36%)
ptolemy.util.test.WatchDog.cancel(): canceling Fri Jun 28 17:57:36 UTC 2019
------------------ testing $PTII/ptolemy/domains/de/test/auto/Modal6.xml
auto.tcl: Setting watchdog for 200 seconds at Fri Jun 28 17:57:36 UTC 2019
12 ms. Memory: 48128K Free: 22009K (46%)
ptolemy.util.test.WatchDog.cancel(): canceling Fri Jun 28 17:57:36 UTC 2019
auto.tcl: Setting watchdog for 200 seconds at Fri Jun 28 17:57:36 UTC 2019
16 ms. Memory: 48128K Free: 18006K (37%)
ptolemy.util.test.WatchDog.cancel(): canceling Fri Jun 28 17:57:36 UTC 2019
------------------ testing $PTII/ptolemy/domains/de/test/auto/Modal7.xml
auto.tcl: Setting watchdog for 200 seconds at Fri Jun 28 17:57:36 UTC 2019
20 ms. Memory: 48128K Free: 20948K (44%)
ptolemy.util.test.WatchDog.cancel(): canceling Fri Jun 28 17:57:36 UTC 2019
auto.tcl: Setting watchdog for 200 seconds at Fri Jun 28 17:57:36 UTC 2019
23 ms. Memory: 48128K Free: 17611K (37%)
ptolemy.util.test.WatchDog.cancel(): canceling Fri Jun 28 17:57:36 UTC 2019
------------------ testing $PTII/ptolemy/domains/de/test/auto/ModalModel.xml
auto.tcl: Setting watchdog for 200 seconds at Fri Jun 28 17:57:36 UTC 2019
235 ms. Memory: 48128K Free: 10967K (23%)
ptolemy.util.test.WatchDog.cancel(): canceling Fri Jun 28 17:57:36 UTC 2019
auto.tcl: Setting watchdog for 200 seconds at Fri Jun 28 17:57:36 UTC 2019
215 ms. Memory: 64512K Free: 21747K (34%)
ptolemy.util.test.WatchDog.cancel(): canceling Fri Jun 28 17:57:36 UTC 2019
------------------ testing $PTII/ptolemy/domains/de/test/auto/ModalSource.xml
auto.tcl: Setting watchdog for 200 seconds at Fri Jun 28 17:57:36 UTC 2019
7 ms. Memory: 48128K Free: 26037K (54%)
ptolemy.util.test.WatchDog.cancel(): canceling Fri Jun 28 17:57:37 UTC 2019
auto.tcl: Setting watchdog for 200 seconds at Fri Jun 28 17:57:37 UTC 2019
8 ms. Memory: 48128K Free: 23590K (49%)
ptolemy.util.test.WatchDog.cancel(): canceling Fri Jun 28 17:57:37 UTC 2019
------------------ testing $PTII/ptolemy/domains/de/test/auto/NonInterruptibleTimerZeroDelay.xml
auto.tcl: Setting watchdog for 200 seconds at Fri Jun 28 17:57:37 UTC 2019
3 ms. Memory: 48128K Free: 31218K (65%)
ptolemy.util.test.WatchDog.cancel(): canceling Fri Jun 28 17:57:37 UTC 2019
auto.tcl: Setting watchdog for 200 seconds at Fri Jun 28 17:57:37 UTC 2019
3 ms. Memory: 48128K Free: 30357K (63%)
ptolemy.util.test.WatchDog.cancel(): canceling Fri Jun 28 17:57:37 UTC 2019
------------------ testing $PTII/ptolemy/domains/de/test/auto/OpenQueueingNetwork.xml
auto.tcl: Setting watchdog for 200 seconds at Fri Jun 28 17:57:37 UTC 2019
3745 ms. Memory: 91136K Free: 33102K (36%)
ptolemy.util.test.WatchDog.cancel(): canceling Fri Jun 28 17:57:41 UTC 2019
auto.tcl: Setting watchdog for 200 seconds at Fri Jun 28 17:57:41 UTC 2019
3244 ms. Memory: 109568K Free: 62271K (57%)
ptolemy.util.test.WatchDog.cancel(): canceling Fri Jun 28 17:57:44 UTC 2019
------------------ testing $PTII/ptolemy/domains/de/test/auto/OpenQueuingNetwork.xml
auto.tcl: Setting watchdog for 200 seconds at Fri Jun 28 17:57:44 UTC 2019
298 ms. Memory: 51200K Free: 15570K (30%)
ptolemy.util.test.WatchDog.cancel(): canceling Fri Jun 28 17:57:44 UTC 2019
auto.tcl: Setting watchdog for 200 seconds at Fri Jun 28 17:57:44 UTC 2019
303 ms. Memory: 61440K Free: 29566K (48%)
ptolemy.util.test.WatchDog.cancel(): canceling Fri Jun 28 17:57:45 UTC 2019
------------------ testing $PTII/ptolemy/domains/de/test/auto/PeriodicSampler.xml
auto.tcl: Setting watchdog for 200 seconds at Fri Jun 28 17:57:45 UTC 2019
3 ms. Memory: 48128K Free: 30178K (63%)
ptolemy.util.test.WatchDog.cancel(): canceling Fri Jun 28 17:57:45 UTC 2019
auto.tcl: Setting watchdog for 200 seconds at Fri Jun 28 17:57:45 UTC 2019
2 ms. Memory: 48128K Free: 29691K (62%)
ptolemy.util.test.WatchDog.cancel(): canceling Fri Jun 28 17:57:45 UTC 2019
------------------ testing $PTII/ptolemy/domains/de/test/auto/PersistentIO.xml
auto.tcl: Setting watchdog for 200 seconds at Fri Jun 28 17:57:45 UTC 2019
5 ms. Memory: 48128K Free: 25086K (52%)
ptolemy.util.test.WatchDog.cancel(): canceling Fri Jun 28 17:57:45 UTC 2019
auto.tcl: Setting watchdog for 200 seconds at Fri Jun 28 17:57:45 UTC 2019
5 ms. Memory: 48128K Free: 23640K (49%)
ptolemy.util.test.WatchDog.cancel(): canceling Fri Jun 28 17:57:45 UTC 2019
------------------ testing $PTII/ptolemy/domains/de/test/auto/PortParameterResetOnInitialize.xml
auto.tcl: Setting watchdog for 200 seconds at Fri Jun 28 17:57:45 UTC 2019
3 ms. Memory: 48128K Free: 30087K (63%)
ptolemy.util.test.WatchDog.cancel(): canceling Fri Jun 28 17:57:45 UTC 2019
auto.tcl: Setting watchdog for 200 seconds at Fri Jun 28 17:57:45 UTC 2019
2 ms. Memory: 48128K Free: 29615K (62%)
ptolemy.util.test.WatchDog.cancel(): canceling Fri Jun 28 17:57:45 UTC 2019
------------------ testing $PTII/ptolemy/domains/de/test/auto/PortParameterUpdates.xml
auto.tcl: Setting watchdog for 200 seconds at Fri Jun 28 17:57:45 UTC 2019
4 ms. Memory: 48128K Free: 28185K (59%)
ptolemy.util.test.WatchDog.cancel(): canceling Fri Jun 28 17:57:45 UTC 2019
auto.tcl: Setting watchdog for 200 seconds at Fri Jun 28 17:57:45 UTC 2019
3 ms. Memory: 48128K Free: 26733K (56%)
ptolemy.util.test.WatchDog.cancel(): canceling Fri Jun 28 17:57:45 UTC 2019
------------------ testing $PTII/ptolemy/domains/de/test/auto/QueueAndServer.xml
auto.tcl: Setting watchdog for 200 seconds at Fri Jun 28 17:57:45 UTC 2019
8 ms. Memory: 48128K Free: 27125K (56%)
ptolemy.util.test.WatchDog.cancel(): canceling Fri Jun 28 17:57:45 UTC 2019
auto.tcl: Setting watchdog for 200 seconds at Fri Jun 28 17:57:45 UTC 2019
7 ms. Memory: 48128K Free: 25664K (53%)
ptolemy.util.test.WatchDog.cancel(): canceling Fri Jun 28 17:57:45 UTC 2019
------------------ testing $PTII/ptolemy/domains/de/test/auto/Records.xml
auto.tcl: Setting watchdog for 200 seconds at Fri Jun 28 17:57:45 UTC 2019
3 ms. Memory: 48128K Free: 29363K (61%)
ptolemy.util.test.WatchDog.cancel(): canceling Fri Jun 28 17:57:45 UTC 2019
auto.tcl: Setting watchdog for 200 seconds at Fri Jun 28 17:57:45 UTC 2019
2 ms. Memory: 48128K Free: 28897K (60%)
ptolemy.util.test.WatchDog.cancel(): canceling Fri Jun 28 17:57:45 UTC 2019
------------------ testing $PTII/ptolemy/domains/de/test/auto/ResetTransitionWithStartTime1.xml
auto.tcl: Setting watchdog for 200 seconds at Fri Jun 28 17:57:45 UTC 2019
6 ms. Memory: 48128K Free: 26586K (55%)
ptolemy.util.test.WatchDog.cancel(): canceling Fri Jun 28 17:57:45 UTC 2019
auto.tcl: Setting watchdog for 200 seconds at Fri Jun 28 17:57:45 UTC 2019
7 ms. Memory: 48128K Free: 24081K (50%)
ptolemy.util.test.WatchDog.cancel(): canceling Fri Jun 28 17:57:45 UTC 2019
------------------ testing $PTII/ptolemy/domains/de/test/auto/ResetTransitionWithStartTime2.xml
auto.tcl: Setting watchdog for 200 seconds at Fri Jun 28 17:57:45 UTC 2019
5 ms. Memory: 48128K Free: 26541K (55%)
ptolemy.util.test.WatchDog.cancel(): canceling Fri Jun 28 17:57:45 UTC 2019
auto.tcl: Setting watchdog for 200 seconds at Fri Jun 28 17:57:45 UTC 2019
6 ms. Memory: 48128K Free: 24493K (51%)
ptolemy.util.test.WatchDog.cancel(): canceling Fri Jun 28 17:57:45 UTC 2019
------------------ testing $PTII/ptolemy/domains/de/test/auto/ResetTransitionWithStartTime3.xml
auto.tcl: Setting watchdog for 200 seconds at Fri Jun 28 17:57:45 UTC 2019
9 ms. Memory: 48128K Free: 26539K (55%)
ptolemy.util.test.WatchDog.cancel(): canceling Fri Jun 28 17:57:45 UTC 2019
auto.tcl: Setting watchdog for 200 seconds at Fri Jun 28 17:57:45 UTC 2019
7 ms. Memory: 48128K Free: 24004K (50%)
ptolemy.util.test.WatchDog.cancel(): canceling Fri Jun 28 17:57:45 UTC 2019
------------------ testing $PTII/ptolemy/domains/de/test/auto/ResetTransitionWithStartTime4.xml
auto.tcl: Setting watchdog for 200 seconds at Fri Jun 28 17:57:45 UTC 2019
8 ms. Memory: 48128K Free: 27280K (57%)
ptolemy.util.test.WatchDog.cancel(): canceling Fri Jun 28 17:57:45 UTC 2019
auto.tcl: Setting watchdog for 200 seconds at Fri Jun 28 17:57:45 UTC 2019
3 ms. Memory: 48128K Free: 25625K (53%)
ptolemy.util.test.WatchDog.cancel(): canceling Fri Jun 28 17:57:45 UTC 2019
------------------ testing $PTII/ptolemy/domains/de/test/auto/ResettableTimer1.xml
auto.tcl: Setting watchdog for 200 seconds at Fri Jun 28 17:57:45 UTC 2019
3 ms. Memory: 48128K Free: 30823K (64%)
ptolemy.util.test.WatchDog.cancel(): canceling Fri Jun 28 17:57:45 UTC 2019
auto.tcl: Setting watchdog for 200 seconds at Fri Jun 28 17:57:45 UTC 2019
3 ms. Memory: 48128K Free: 29703K (62%)
ptolemy.util.test.WatchDog.cancel(): canceling Fri Jun 28 17:57:45 UTC 2019
------------------ testing $PTII/ptolemy/domains/de/test/auto/ResettableTimer2.xml
auto.tcl: Setting watchdog for 200 seconds at Fri Jun 28 17:57:46 UTC 2019
3 ms. Memory: 48128K Free: 30866K (64%)
ptolemy.util.test.WatchDog.cancel(): canceling Fri Jun 28 17:57:46 UTC 2019
auto.tcl: Setting watchdog for 200 seconds at Fri Jun 28 17:57:46 UTC 2019
2 ms. Memory: 48128K Free: 29729K (62%)
ptolemy.util.test.WatchDog.cancel(): canceling Fri Jun 28 17:57:46 UTC 2019
------------------ testing $PTII/ptolemy/domains/de/test/auto/ResettableTimer3.xml
auto.tcl: Setting watchdog for 200 seconds at Fri Jun 28 17:57:46 UTC 2019
1 ms. Memory: 48128K Free: 31181K (65%)
ptolemy.util.test.WatchDog.cancel(): canceling Fri Jun 28 17:57:46 UTC 2019
auto.tcl: Setting watchdog for 200 seconds at Fri Jun 28 17:57:46 UTC 2019
4 ms. Memory: 48128K Free: 30726K (64%)
ptolemy.util.test.WatchDog.cancel(): canceling Fri Jun 28 17:57:46 UTC 2019
------------------ testing $PTII/ptolemy/domains/de/test/auto/ResettableTimer4.xml
auto.tcl: Setting watchdog for 200 seconds at Fri Jun 28 17:57:46 UTC 2019
2 ms. Memory: 48128K Free: 31158K (65%)
ptolemy.util.test.WatchDog.cancel(): canceling Fri Jun 28 17:57:46 UTC 2019
auto.tcl: Setting watchdog for 200 seconds at Fri Jun 28 17:57:46 UTC 2019
2 ms. Memory: 48128K Free: 30702K (64%)
ptolemy.util.test.WatchDog.cancel(): canceling Fri Jun 28 17:57:46 UTC 2019
------------------ testing $PTII/ptolemy/domains/de/test/auto/ResettableTimer5.xml
auto.tcl: Setting watchdog for 200 seconds at Fri Jun 28 17:57:46 UTC 2019
2 ms. Memory: 48128K Free: 30155K (63%)
ptolemy.util.test.WatchDog.cancel(): canceling Fri Jun 28 17:57:46 UTC 2019
auto.tcl: Setting watchdog for 200 seconds at Fri Jun 28 17:57:46 UTC 2019
2 ms. Memory: 48128K Free: 29699K (62%)
ptolemy.util.test.WatchDog.cancel(): canceling Fri Jun 28 17:57:46 UTC 2019
------------------ testing $PTII/ptolemy/domains/de/test/auto/ResettableTimer6.xml
auto.tcl: Setting watchdog for 200 seconds at Fri Jun 28 17:57:46 UTC 2019
2 ms. Memory: 48128K Free: 30159K (63%)
ptolemy.util.test.WatchDog.cancel(): canceling Fri Jun 28 17:57:46 UTC 2019
auto.tcl: Setting watchdog for 200 seconds at Fri Jun 28 17:57:46 UTC 2019
1 ms. Memory: 48128K Free: 29671K (62%)
ptolemy.util.test.WatchDog.cancel(): canceling Fri Jun 28 17:57:46 UTC 2019
------------------ testing $PTII/ptolemy/domains/de/test/auto/ServerZeroDelay.xml
auto.tcl: Setting watchdog for 200 seconds at Fri Jun 28 17:57:46 UTC 2019
4 ms. Memory: 48128K Free: 30801K (64%)
ptolemy.util.test.WatchDog.cancel(): canceling Fri Jun 28 17:57:46 UTC 2019
auto.tcl: Setting watchdog for 200 seconds at Fri Jun 28 17:57:46 UTC 2019
3 ms. Memory: 48128K Free: 29721K (62%)
ptolemy.util.test.WatchDog.cancel(): canceling Fri Jun 28 17:57:46 UTC 2019
------------------ testing $PTII/ptolemy/domains/de/test/auto/SmartSender.xml
auto.tcl: Setting watchdog for 200 seconds at Fri Jun 28 17:57:46 UTC 2019
3002 ms. Memory: 48128K Free: 30699K (64%)
ptolemy.util.test.WatchDog.cancel(): canceling Fri Jun 28 17:57:49 UTC 2019
auto.tcl: Setting watchdog for 200 seconds at Fri Jun 28 17:57:49 UTC 2019
3001 ms. Memory: 48128K Free: 30201K (63%)
ptolemy.util.test.WatchDog.cancel(): canceling Fri Jun 28 17:57:52 UTC 2019
------------------ testing $PTII/ptolemy/domains/de/test/auto/ThreadedComposite.xml
auto.tcl: Setting watchdog for 200 seconds at Fri Jun 28 17:57:52 UTC 2019
211 ms. Memory: 48128K Free: 11216K (23%)
ptolemy.util.test.WatchDog.cancel(): canceling Fri Jun 28 17:57:52 UTC 2019
auto.tcl: Setting watchdog for 200 seconds at Fri Jun 28 17:57:52 UTC 2019
134 ms. Memory: 48128K Free: 24128K (50%)
ptolemy.util.test.WatchDog.cancel(): canceling Fri Jun 28 17:57:52 UTC 2019
------------------ testing $PTII/ptolemy/domains/de/test/auto/Time.xml
auto.tcl: Setting watchdog for 200 seconds at Fri Jun 28 17:57:52 UTC 2019
578 ms. Memory: 48128K Free: 25310K (53%)
ptolemy.util.test.WatchDog.cancel(): canceling Fri Jun 28 17:57:53 UTC 2019
auto.tcl: Setting watchdog for 200 seconds at Fri Jun 28 17:57:53 UTC 2019
491 ms. Memory: 48128K Free: 20262K (42%)
ptolemy.util.test.WatchDog.cancel(): canceling Fri Jun 28 17:57:54 UTC 2019
------------------ testing $PTII/ptolemy/domains/de/test/auto/TimeDelayZeroDelay.xml
auto.tcl: Setting watchdog for 200 seconds at Fri Jun 28 17:57:54 UTC 2019
2 ms. Memory: 48128K Free: 30588K (64%)
ptolemy.util.test.WatchDog.cancel(): canceling Fri Jun 28 17:57:54 UTC 2019
auto.tcl: Setting watchdog for 200 seconds at Fri Jun 28 17:57:54 UTC 2019
6 ms. Memory: 48128K Free: 29732K (62%)
ptolemy.util.test.WatchDog.cancel(): canceling Fri Jun 28 17:57:54 UTC 2019
------------------ testing $PTII/ptolemy/domains/de/test/auto/TimerZeroDelay.xml
auto.tcl: Setting watchdog for 200 seconds at Fri Jun 28 17:57:54 UTC 2019
3 ms. Memory: 48128K Free: 30631K (64%)
ptolemy.util.test.WatchDog.cancel(): canceling Fri Jun 28 17:57:54 UTC 2019
auto.tcl: Setting watchdog for 200 seconds at Fri Jun 28 17:57:54 UTC 2019
2 ms. Memory: 48128K Free: 30180K (63%)
ptolemy.util.test.WatchDog.cancel(): canceling Fri Jun 28 17:57:54 UTC 2019
------------------ testing $PTII/ptolemy/domains/de/test/auto/TimingParadox.xml
auto.tcl: Setting watchdog for 200 seconds at Fri Jun 28 17:57:54 UTC 2019
347 ms. Memory: 48128K Free: 11491K (24%)
ptolemy.util.test.WatchDog.cancel(): canceling Fri Jun 28 17:57:54 UTC 2019
auto.tcl: Setting watchdog for 200 seconds at Fri Jun 28 17:57:54 UTC 2019
365 ms. Memory: 60416K Free: 34752K (58%)
ptolemy.util.test.WatchDog.cancel(): canceling Fri Jun 28 17:57:55 UTC 2019
------------------ testing $PTII/ptolemy/domains/de/test/auto/TransferInputs.xml
auto.tcl: Setting watchdog for 200 seconds at Fri Jun 28 17:57:55 UTC 2019
2 ms. Memory: 51200K Free: 32171K (63%)
ptolemy.util.test.WatchDog.cancel(): canceling Fri Jun 28 17:57:55 UTC 2019
auto.tcl: Setting watchdog for 200 seconds at Fri Jun 28 17:57:55 UTC 2019
2 ms. Memory: 51200K Free: 31265K (61%)
ptolemy.util.test.WatchDog.cancel(): canceling Fri Jun 28 17:57:55 UTC 2019
------------------ testing $PTII/ptolemy/domains/de/test/auto/TransferOutputs2.xml
auto.tcl: Setting watchdog for 200 seconds at Fri Jun 28 17:57:55 UTC 2019
3 ms. Memory: 48128K Free: 26541K (55%)
ptolemy.util.test.WatchDog.cancel(): canceling Fri Jun 28 17:57:55 UTC 2019
auto.tcl: Setting watchdog for 200 seconds at Fri Jun 28 17:57:55 UTC 2019
3 ms. Memory: 48128K Free: 25164K (52%)
ptolemy.util.test.WatchDog.cancel(): canceling Fri Jun 28 17:57:55 UTC 2019
------------------ testing $PTII/ptolemy/domains/de/test/auto/Trilateration.xml
auto.tcl: Setting watchdog for 200 seconds at Fri Jun 28 17:57:55 UTC 2019
16308 ms. Memory: 489472K Free: 292153K (60%)
ptolemy.util.test.WatchDog.cancel(): canceling Fri Jun 28 17:58:12 UTC 2019
auto.tcl: Setting watchdog for 200 seconds at Fri Jun 28 17:58:12 UTC 2019
11680 ms. Memory: 489472K Free: 207125K (42%)
ptolemy.util.test.WatchDog.cancel(): canceling Fri Jun 28 17:58:24 UTC 2019
------------------ testing $PTII/ptolemy/domains/de/test/auto/TwoSigmaDelta.xml
auto.tcl: Setting watchdog for 200 seconds at Fri Jun 28 17:58:24 UTC 2019
2787 ms. Memory: 89088K Free: 13405K (15%)
ptolemy.util.test.WatchDog.cancel(): canceling Fri Jun 28 17:58:27 UTC 2019
auto.tcl: Setting watchdog for 200 seconds at Fri Jun 28 17:58:27 UTC 2019
2197 ms. Memory: 89088K Free: 53368K (60%)
ptolemy.util.test.WatchDog.cancel(): canceling Fri Jun 28 17:58:29 UTC 2019
------------------ testing $PTII/ptolemy/domains/de/test/auto/VariableDelay.xml
auto.tcl: Setting watchdog for 200 seconds at Fri Jun 28 17:58:29 UTC 2019
3 ms. Memory: 51200K Free: 32667K (64%)
ptolemy.util.test.WatchDog.cancel(): canceling Fri Jun 28 17:58:29 UTC 2019
auto.tcl: Setting watchdog for 200 seconds at Fri Jun 28 17:58:29 UTC 2019
2 ms. Memory: 51200K Free: 31651K (62%)
ptolemy.util.test.WatchDog.cancel(): canceling Fri Jun 28 17:58:29 UTC 2019
------------------ testing $PTII/ptolemy/domains/de/test/auto/VariableDelay2.xml
auto.tcl: Setting watchdog for 200 seconds at Fri Jun 28 17:58:29 UTC 2019
3 ms. Memory: 48128K Free: 29977K (62%)
ptolemy.util.test.WatchDog.cancel(): canceling Fri Jun 28 17:58:29 UTC 2019
auto.tcl: Setting watchdog for 200 seconds at Fri Jun 28 17:58:29 UTC 2019
2 ms. Memory: 48128K Free: 28969K (60%)
ptolemy.util.test.WatchDog.cancel(): canceling Fri Jun 28 17:58:29 UTC 2019
------------------ testing $PTII/ptolemy/domains/de/test/auto/VariableDelayZeroDelay.xml
auto.tcl: Setting watchdog for 200 seconds at Fri Jun 28 17:58:29 UTC 2019
2 ms. Memory: 48128K Free: 30521K (63%)
ptolemy.util.test.WatchDog.cancel(): canceling Fri Jun 28 17:58:29 UTC 2019
auto.tcl: Setting watchdog for 200 seconds at Fri Jun 28 17:58:29 UTC 2019
2 ms. Memory: 48128K Free: 29993K (62%)
ptolemy.util.test.WatchDog.cancel(): canceling Fri Jun 28 17:58:29 UTC 2019
------------------ testing $PTII/ptolemy/domains/de/test/auto/VariableDelayZeroDelay2.xml
auto.tcl: Setting watchdog for 200 seconds at Fri Jun 28 17:58:29 UTC 2019
2 ms. Memory: 48128K Free: 30520K (63%)
ptolemy.util.test.WatchDog.cancel(): canceling Fri Jun 28 17:58:29 UTC 2019
auto.tcl: Setting watchdog for 200 seconds at Fri Jun 28 17:58:29 UTC 2019
2 ms. Memory: 48128K Free: 29496K (61%)
ptolemy.util.test.WatchDog.cancel(): canceling Fri Jun 28 17:58:29 UTC 2019
------------------ testing $PTII/ptolemy/domains/de/test/auto/deInCt.xml
auto.tcl: Setting watchdog for 200 seconds at Fri Jun 28 17:58:30 UTC 2019
0
1
1
1
0
0
0
0
0
1
1
1
0
0
0
1
1
1
1
1
0
0
1
1
0
0
0
1
1
1
1
0
0
0
0
0
8 ms. Memory: 48128K Free: 29493K (61%)
ptolemy.util.test.WatchDog.cancel(): canceling Fri Jun 28 17:58:30 UTC 2019
auto.tcl: Setting watchdog for 200 seconds at Fri Jun 28 17:58:30 UTC 2019
0
1
1
1
0
0
0
0
0
0
0
1
1
1
1
0
0
0
1
1
1
0
0
0
1
1
1
0
0
0
1
1
1
1
1
6 ms. Memory: 48128K Free: 27941K (58%)
ptolemy.util.test.WatchDog.cancel(): canceling Fri Jun 28 17:58:30 UTC 2019
------------------ testing $PTII/ptolemy/domains/de/test/auto/deInCt2.xml
auto.tcl: Setting watchdog for 200 seconds at Fri Jun 28 17:58:30 UTC 2019
0
1
1
1
0
0
1
1
1
0
0
1
1
1
0
0
1
1
1
0
0
1
1
1
0
0
1
1
1
0
0
1
1
1
0
0
1
1
1
0
0
0
9 ms. Memory: 48128K Free: 29495K (61%)
ptolemy.util.test.WatchDog.cancel(): canceling Fri Jun 28 17:58:30 UTC 2019
auto.tcl: Setting watchdog for 200 seconds at Fri Jun 28 17:58:30 UTC 2019
0
1
1
1
0
0
1
1
1
0
0
1
1
1
0
0
1
1
1
0
0
1
1
1
0
0
1
1
1
0
0
1
1
1
0
0
1
1
1
0
0
0
6 ms. Memory: 48128K Free: 27955K (58%)
ptolemy.util.test.WatchDog.cancel(): canceling Fri Jun 28 17:58:30 UTC 2019
------------------ testing $PTII/ptolemy/domains/de/test/auto/dynamicCausalityInterface1.xml
auto.tcl: Setting watchdog for 200 seconds at Fri Jun 28 17:58:30 UTC 2019
2 ms. Memory: 48128K Free: 25394K (53%)
ptolemy.util.test.WatchDog.cancel(): canceling Fri Jun 28 17:58:30 UTC 2019
auto.tcl: Setting watchdog for 200 seconds at Fri Jun 28 17:58:30 UTC 2019
1 ms. Memory: 48128K Free: 24880K (52%)
ptolemy.util.test.WatchDog.cancel(): canceling Fri Jun 28 17:58:30 UTC 2019
------------------ testing $PTII/ptolemy/domains/de/test/auto/fsm_de_test.xml
auto.tcl: Setting watchdog for 200 seconds at Fri Jun 28 17:58:30 UTC 2019
7 ms. Memory: 48128K Free: 25293K (53%)
ptolemy.util.test.WatchDog.cancel(): canceling Fri Jun 28 17:58:30 UTC 2019
auto.tcl: Setting watchdog for 200 seconds at Fri Jun 28 17:58:30 UTC 2019
5 ms. Memory: 48128K Free: 23245K (48%)
ptolemy.util.test.WatchDog.cancel(): canceling Fri Jun 28 17:58:30 UTC 2019
------------------ testing $PTII/ptolemy/domains/de/test/auto/functionDependencyReconstruction.xml
auto.tcl: Setting watchdog for 200 seconds at Fri Jun 28 17:58:30 UTC 2019
2 ms. Memory: 48128K Free: 19138K (40%)
ptolemy.util.test.WatchDog.cancel(): canceling Fri Jun 28 17:58:30 UTC 2019
auto.tcl: Setting watchdog for 200 seconds at Fri Jun 28 17:58:30 UTC 2019
3 ms. Memory: 48128K Free: 17090K (36%)
ptolemy.util.test.WatchDog.cancel(): canceling Fri Jun 28 17:58:30 UTC 2019
------------------ testing $PTII/ptolemy/domains/de/test/auto/multirate.xml
auto.tcl: Setting watchdog for 200 seconds at Fri Jun 28 17:58:30 UTC 2019
4 ms. Memory: 48128K Free: 27741K (58%)
ptolemy.util.test.WatchDog.cancel(): canceling Fri Jun 28 17:58:30 UTC 2019
auto.tcl: Setting watchdog for 200 seconds at Fri Jun 28 17:58:30 UTC 2019
3 ms. Memory: 48128K Free: 26240K (55%)
ptolemy.util.test.WatchDog.cancel(): canceling Fri Jun 28 17:58:30 UTC 2019
------------------ testing $PTII/ptolemy/domains/de/test/auto/multirate2.xml
auto.tcl: Setting watchdog for 200 seconds at Fri Jun 28 17:58:30 UTC 2019
3 ms. Memory: 48128K Free: 28142K (58%)
ptolemy.util.test.WatchDog.cancel(): canceling Fri Jun 28 17:58:30 UTC 2019
auto.tcl: Setting watchdog for 200 seconds at Fri Jun 28 17:58:30 UTC 2019
3 ms. Memory: 48128K Free: 26906K (56%)
ptolemy.util.test.WatchDog.cancel(): canceling Fri Jun 28 17:58:30 UTC 2019
------------------ testing $PTII/ptolemy/domains/de/test/auto/realtime.xml
auto.tcl: Setting watchdog for 200 seconds at Fri Jun 28 17:58:30 UTC 2019
10003 ms. Memory: 48128K Free: 30218K (63%)
ptolemy.util.test.WatchDog.cancel(): canceling Fri Jun 28 17:58:40 UTC 2019
auto.tcl: Setting watchdog for 200 seconds at Fri Jun 28 17:58:40 UTC 2019
10003 ms. Memory: 48128K Free: 29472K (61%)
ptolemy.util.test.WatchDog.cancel(): canceling Fri Jun 28 17:58:50 UTC 2019
------------------ testing $PTII/ptolemy/domains/de/test/auto/relationGroup.xml
auto.tcl: Setting watchdog for 200 seconds at Fri Jun 28 17:58:50 UTC 2019
10 ms. Memory: 48128K Free: 31268K (65%)
ptolemy.util.test.WatchDog.cancel(): canceling Fri Jun 28 17:58:50 UTC 2019
auto.tcl: Setting watchdog for 200 seconds at Fri Jun 28 17:58:50 UTC 2019
1 ms. Memory: 48128K Free: 30522K (63%)
ptolemy.util.test.WatchDog.cancel(): canceling Fri Jun 28 17:58:50 UTC 2019
------------------ testing $PTII/ptolemy/domains/de/test/auto/relationGroup2.xml
auto.tcl: Setting watchdog for 200 seconds at Fri Jun 28 17:58:50 UTC 2019
2 ms. Memory: 48128K Free: 31294K (65%)
ptolemy.util.test.WatchDog.cancel(): canceling Fri Jun 28 17:58:50 UTC 2019
auto.tcl: Setting watchdog for 200 seconds at Fri Jun 28 17:58:50 UTC 2019
1 ms. Memory: 48128K Free: 30757K (64%)
ptolemy.util.test.WatchDog.cancel(): canceling Fri Jun 28 17:58:50 UTC 2019
------------------ testing $PTII/ptolemy/domains/de/test/auto/sortWithOpaquePorts.xml
auto.tcl: Setting watchdog for 200 seconds at Fri Jun 28 17:58:50 UTC 2019
2 ms. Memory: 48128K Free: 29952K (62%)
ptolemy.util.test.WatchDog.cancel(): canceling Fri Jun 28 17:58:50 UTC 2019
auto.tcl: Setting watchdog for 200 seconds at Fri Jun 28 17:58:50 UTC 2019
2 ms. Memory: 48128K Free: 29036K (60%)
ptolemy.util.test.WatchDog.cancel(): canceling Fri Jun 28 17:58:50 UTC 2019
------------------ testing $PTII/ptolemy/domains/de/test/auto/transferInputsandOutputs.xml
auto.tcl: Setting watchdog for 200 seconds at Fri Jun 28 17:58:50 UTC 2019
2 ms. Memory: 48128K Free: 27465K (57%)
ptolemy.util.test.WatchDog.cancel(): canceling Fri Jun 28 17:58:50 UTC 2019
auto.tcl: Setting watchdog for 200 seconds at Fri Jun 28 17:58:50 UTC 2019
2 ms. Memory: 48128K Free: 26441K (55%)
ptolemy.util.test.WatchDog.cancel(): canceling Fri Jun 28 17:58:50 UTC 2019
------------------ testing $PTII/ptolemy/domains/de/test/auto/triggerType.xml
auto.tcl: Setting watchdog for 200 seconds at Fri Jun 28 17:58:50 UTC 2019
2 ms. Memory: 48128K Free: 30489K (63%)
ptolemy.util.test.WatchDog.cancel(): canceling Fri Jun 28 17:58:50 UTC 2019
auto.tcl: Setting watchdog for 200 seconds at Fri Jun 28 17:58:50 UTC 2019
2 ms. Memory: 48128K Free: 29506K (61%)
ptolemy.util.test.WatchDog.cancel(): canceling Fri Jun 28 17:58:50 UTC 2019
06/28/19 05:58:50
Failed: 0  Total Tests: 192  ((Passed: 187, Newly Passed: 1)  Known Failed: 5) /home/travis/build/icyphy/ptII/ptolemy/domains/de/test
06/28/19 05:58:50
Failed: 0  Total Tests: 192  ((Passed: 187, Newly Passed: 1)  Known Failed: 5) /home/travis/build/icyphy/ptII/ptolemy/domains/de/test
----------------- testing (KnownFailure) /home/travis/build/icyphy/ptII/ptolemy/domains/de/test/auto/knownFailedTests/DESDFClockTest.xml
2012 ms. Memory: 48128K Free: 23374K (49%)
Known Failure: java.lang.reflect.InvocationTargetException
----------------- testing (KnownFailure) /home/travis/build/icyphy/ptII/ptolemy/domains/de/test/auto/knownFailedTests/DirectFeedback.xml
2 ms. Memory: 48128K Free: 19788K (41%)
Known Failure: java.lang.reflect.InvocationTargetException
----------------- testing (KnownFailure) /home/travis/build/icyphy/ptII/ptolemy/domains/de/test/auto/knownFailedTests/FSMSource.xml
12 ms. Memory: 48128K Free: 12110K (25%)
----------------- testing (KnownFailure) /home/travis/build/icyphy/ptII/ptolemy/domains/de/test/auto/knownFailedTests/HierarchicalModel.xml
4 ms. Memory: 48128K Free: 23102K (48%)
Known Failure: java.lang.reflect.InvocationTargetException
----------------- testing (KnownFailure) /home/travis/build/icyphy/ptII/ptolemy/domains/de/test/auto/knownFailedTests/dependencyLoop.xml
2 ms. Memory: 48128K Free: 7688K (16%)
Known Failure: java.lang.reflect.InvocationTargetException
----------------- testing (KnownFailure) /home/travis/build/icyphy/ptII/ptolemy/domains/de/test/auto/knownFailedTests/dependencyLoop2.xml
2 ms. Memory: 48128K Free: 19100K (40%)
Known Failure: java.lang.reflect.InvocationTargetException
No auto/linux-amd64/*.xml tests in /home/travis/build/icyphy/ptII/ptolemy/domains/de/test
AutoTests.java: About to close Vertx.
AutoTests.java: Vertx closed.

===========================================================================================
----------------- testing Fri Jun 28 17:58:53 UTC 2019 /home/travis/build/icyphy/ptII/ptolemy/domains/de/test/auto/ActorDepthCalculation_actorWithoutPorts.xml
----------------- Instantiating /home/travis/build/icyphy/ptII/ptolemy/domains/de/test/auto/ActorDepthCalculation_actorWithoutPorts.xml
2 ms. Memory: 48128K Free: 12793K (27%)
----------------- Invoking toplevel() on ptolemy.moml.MoMLSimpleApplication@169221fc
----------------- Done invoking toplevel() on ptolemy.moml.MoMLSimpleApplication@169221fc
reloadAllAccessors: .ActorDepthCalculation_actorWithoutPorts

===========================================================================================
----------------- testing Fri Jun 28 17:58:53 UTC 2019 /home/travis/build/icyphy/ptII/ptolemy/domains/de/test/auto/AssemblyLine.xml
----------------- Instantiating /home/travis/build/icyphy/ptII/ptolemy/domains/de/test/auto/AssemblyLine.xml
4 ms. Memory: 48128K Free: 32310K (67%)
----------------- Invoking toplevel() on ptolemy.moml.MoMLSimpleApplication@350c4e51
----------------- Done invoking toplevel() on ptolemy.moml.MoMLSimpleApplication@350c4e51
reloadAllAccessors: .AssemblyLine

===========================================================================================
----------------- testing Fri Jun 28 17:58:53 UTC 2019 /home/travis/build/icyphy/ptII/ptolemy/domains/de/test/auto/CQBug1.xml
----------------- Instantiating /home/travis/build/icyphy/ptII/ptolemy/domains/de/test/auto/CQBug1.xml
1 ms. Memory: 48128K Free: 29353K (61%)
----------------- Invoking toplevel() on ptolemy.moml.MoMLSimpleApplication@20440d36
----------------- Done invoking toplevel() on ptolemy.moml.MoMLSimpleApplication@20440d36
reloadAllAccessors: .CQBug1

===========================================================================================
----------------- testing Fri Jun 28 17:58:53 UTC 2019 /home/travis/build/icyphy/ptII/ptolemy/domains/de/test/auto/CancelFireAt.xml
----------------- Instantiating /home/travis/build/icyphy/ptII/ptolemy/domains/de/test/auto/CancelFireAt.xml
2 ms. Memory: 48128K Free: 27055K (56%)
----------------- Invoking toplevel() on ptolemy.moml.MoMLSimpleApplication@58ad2781
----------------- Done invoking toplevel() on ptolemy.moml.MoMLSimpleApplication@58ad2781
reloadAllAccessors: .CancelFireAt

===========================================================================================
----------------- testing Fri Jun 28 17:58:53 UTC 2019 /home/travis/build/icyphy/ptII/ptolemy/domains/de/test/auto/CausalityAndComposabilityAnalysis.xml
----------------- Instantiating /home/travis/build/icyphy/ptII/ptolemy/domains/de/test/auto/CausalityAndComposabilityAnalysis.xml
4 ms. Memory: 48128K Free: 22765K (47%)
----------------- Invoking toplevel() on ptolemy.moml.MoMLSimpleApplication@1b812ab6
----------------- Done invoking toplevel() on ptolemy.moml.MoMLSimpleApplication@1b812ab6
reloadAllAccessors: .CausalityAndComposabilityAnalysis

===========================================================================================
----------------- testing Fri Jun 28 17:58:53 UTC 2019 /home/travis/build/icyphy/ptII/ptolemy/domains/de/test/auto/CausalityInterface1.xml
----------------- Instantiating /home/travis/build/icyphy/ptII/ptolemy/domains/de/test/auto/CausalityInterface1.xml
12 ms. Memory: 48128K Free: 17659K (37%)
----------------- Invoking toplevel() on ptolemy.moml.MoMLSimpleApplication@2c19cbb9
----------------- Done invoking toplevel() on ptolemy.moml.MoMLSimpleApplication@2c19cbb9
reloadAllAccessors: .CausalityInterface1

===========================================================================================
----------------- testing Fri Jun 28 17:58:53 UTC 2019 /home/travis/build/icyphy/ptII/ptolemy/domains/de/test/auto/CausalityInterface15.xml
----------------- Instantiating /home/travis/build/icyphy/ptII/ptolemy/domains/de/test/auto/CausalityInterface15.xml
2 ms. Memory: 48128K Free: 12146K (25%)
----------------- Invoking toplevel() on ptolemy.moml.MoMLSimpleApplication@5f85ad6c
----------------- Done invoking toplevel() on ptolemy.moml.MoMLSimpleApplication@5f85ad6c
reloadAllAccessors: .CausalityInterface15

===========================================================================================
----------------- testing Fri Jun 28 17:58:53 UTC 2019 /home/travis/build/icyphy/ptII/ptolemy/domains/de/test/auto/CausalityInterface2.xml
----------------- Instantiating /home/travis/build/icyphy/ptII/ptolemy/domains/de/test/auto/CausalityInterface2.xml
9 ms. Memory: 48128K Free: 34304K (71%)
----------------- Invoking toplevel() on ptolemy.moml.MoMLSimpleApplication@63a8032f
----------------- Done invoking toplevel() on ptolemy.moml.MoMLSimpleApplication@63a8032f
reloadAllAccessors: .CausalityInterface2

===========================================================================================
----------------- testing Fri Jun 28 17:58:53 UTC 2019 /home/travis/build/icyphy/ptII/ptolemy/domains/de/test/auto/CausalityInterface3.xml
----------------- Instantiating /home/travis/build/icyphy/ptII/ptolemy/domains/de/test/auto/CausalityInterface3.xml
1 ms. Memory: 48128K Free: 29304K (61%)
----------------- Invoking toplevel() on ptolemy.moml.MoMLSimpleApplication@3ff0dc59
----------------- Done invoking toplevel() on ptolemy.moml.MoMLSimpleApplication@3ff0dc59
reloadAllAccessors: .CausalityInterface3

===========================================================================================
----------------- testing Fri Jun 28 17:58:53 UTC 2019 /home/travis/build/icyphy/ptII/ptolemy/domains/de/test/auto/ClockDrift.xml
----------------- Instantiating /home/travis/build/icyphy/ptII/ptolemy/domains/de/test/auto/ClockDrift.xml
17 ms. Memory: 48128K Free: 17305K (36%)
----------------- Invoking toplevel() on ptolemy.moml.MoMLSimpleApplication@3f699473
----------------- Done invoking toplevel() on ptolemy.moml.MoMLSimpleApplication@3f699473
reloadAllAccessors: .ClockDrift

===========================================================================================
----------------- testing Fri Jun 28 17:58:53 UTC 2019 /home/travis/build/icyphy/ptII/ptolemy/domains/de/test/auto/ClockDriftAndValueChange.xml
----------------- Instantiating /home/travis/build/icyphy/ptII/ptolemy/domains/de/test/auto/ClockDriftAndValueChange.xml
19 ms. Memory: 48128K Free: 32021K (67%)
----------------- Invoking toplevel() on ptolemy.moml.MoMLSimpleApplication@1e9689bc
----------------- Done invoking toplevel() on ptolemy.moml.MoMLSimpleApplication@1e9689bc
reloadAllAccessors: .ClockDriftAndValueChange

===========================================================================================
----------------- testing Fri Jun 28 17:58:53 UTC 2019 /home/travis/build/icyphy/ptII/ptolemy/domains/de/test/auto/ClockDriftChange.xml
----------------- Instantiating /home/travis/build/icyphy/ptII/ptolemy/domains/de/test/auto/ClockDriftChange.xml
9 ms. Memory: 48128K Free: 21972K (46%)
----------------- Invoking toplevel() on ptolemy.moml.MoMLSimpleApplication@1675669
----------------- Done invoking toplevel() on ptolemy.moml.MoMLSimpleApplication@1675669
reloadAllAccessors: .ClockDriftChange

===========================================================================================
----------------- testing Fri Jun 28 17:58:53 UTC 2019 /home/travis/build/icyphy/ptII/ptolemy/domains/de/test/auto/ComposableCausalityAnalysis.xml
----------------- Instantiating /home/travis/build/icyphy/ptII/ptolemy/domains/de/test/auto/ComposableCausalityAnalysis.xml
1 ms. Memory: 48128K Free: 16272K (34%)
----------------- Invoking toplevel() on ptolemy.moml.MoMLSimpleApplication@597e379a
----------------- Done invoking toplevel() on ptolemy.moml.MoMLSimpleApplication@597e379a
reloadAllAccessors: .ComposableCausalityAnalysis

===========================================================================================
----------------- testing Fri Jun 28 17:58:53 UTC 2019 /home/travis/build/icyphy/ptII/ptolemy/domains/de/test/auto/DEFixedPointLimitation.xml
----------------- Instantiating /home/travis/build/icyphy/ptII/ptolemy/domains/de/test/auto/DEFixedPointLimitation.xml
1 ms. Memory: 48128K Free: 11756K (24%)
----------------- Invoking toplevel() on ptolemy.moml.MoMLSimpleApplication@53024f49
----------------- Done invoking toplevel() on ptolemy.moml.MoMLSimpleApplication@53024f49
reloadAllAccessors: .DEFixedPointLimitation

===========================================================================================
----------------- testing Fri Jun 28 17:58:53 UTC 2019 /home/travis/build/icyphy/ptII/ptolemy/domains/de/test/auto/DEScheduleTest.xml
----------------- Instantiating /home/travis/build/icyphy/ptII/ptolemy/domains/de/test/auto/DEScheduleTest.xml
7 ms. Memory: 48128K Free: 7636K (16%)
----------------- Invoking toplevel() on ptolemy.moml.MoMLSimpleApplication@17a6c8da
----------------- Done invoking toplevel() on ptolemy.moml.MoMLSimpleApplication@17a6c8da
reloadAllAccessors: .DEScheduleTest

===========================================================================================
----------------- testing Fri Jun 28 17:58:53 UTC 2019 /home/travis/build/icyphy/ptII/ptolemy/domains/de/test/auto/DEinDEwithStartTimes.xml
----------------- Instantiating /home/travis/build/icyphy/ptII/ptolemy/domains/de/test/auto/DEinDEwithStartTimes.xml
2 ms. Memory: 48128K Free: 28480K (59%)
----------------- Invoking toplevel() on ptolemy.moml.MoMLSimpleApplication@6256e02f
----------------- Done invoking toplevel() on ptolemy.moml.MoMLSimpleApplication@6256e02f
reloadAllAccessors: .DEinDEwithStartTimes

===========================================================================================
----------------- testing Fri Jun 28 17:58:53 UTC 2019 /home/travis/build/icyphy/ptII/ptolemy/domains/de/test/auto/DEinDEwithStartTimes2.xml
----------------- Instantiating /home/travis/build/icyphy/ptII/ptolemy/domains/de/test/auto/DEinDEwithStartTimes2.xml
2 ms. Memory: 48128K Free: 21917K (46%)
----------------- Invoking toplevel() on ptolemy.moml.MoMLSimpleApplication@140a44e8
----------------- Done invoking toplevel() on ptolemy.moml.MoMLSimpleApplication@140a44e8
reloadAllAccessors: .DEinDEwithStartTimes2

===========================================================================================
----------------- testing Fri Jun 28 17:58:53 UTC 2019 /home/travis/build/icyphy/ptII/ptolemy/domains/de/test/auto/DateDemo.xml
----------------- Instantiating /home/travis/build/icyphy/ptII/ptolemy/domains/de/test/auto/DateDemo.xml
8 ms. Memory: 48128K Free: 10846K (23%)
----------------- Invoking toplevel() on ptolemy.moml.MoMLSimpleApplication@79e01cae
----------------- Done invoking toplevel() on ptolemy.moml.MoMLSimpleApplication@79e01cae
reloadAllAccessors: .DateDemo

===========================================================================================
----------------- testing Fri Jun 28 17:58:53 UTC 2019 /home/travis/build/icyphy/ptII/ptolemy/domains/de/test/auto/DateToEvent.xml
----------------- Instantiating /home/travis/build/icyphy/ptII/ptolemy/domains/de/test/auto/DateToEvent.xml
2008 ms. Memory: 48128K Free: 21703K (45%)
----------------- Invoking toplevel() on ptolemy.moml.MoMLSimpleApplication@532d195a
----------------- Done invoking toplevel() on ptolemy.moml.MoMLSimpleApplication@532d195a
reloadAllAccessors: .DateToEvent

===========================================================================================
----------------- testing Fri Jun 28 17:58:55 UTC 2019 /home/travis/build/icyphy/ptII/ptolemy/domains/de/test/auto/DepthTest1.xml
----------------- Instantiating /home/travis/build/icyphy/ptII/ptolemy/domains/de/test/auto/DepthTest1.xml
2 ms. Memory: 48128K Free: 18900K (39%)
----------------- Invoking toplevel() on ptolemy.moml.MoMLSimpleApplication@75715afc
----------------- Done invoking toplevel() on ptolemy.moml.MoMLSimpleApplication@75715afc
reloadAllAccessors: .DepthTest1

===========================================================================================
----------------- testing Fri Jun 28 17:58:55 UTC 2019 /home/travis/build/icyphy/ptII/ptolemy/domains/de/test/auto/DepthTest2.xml
----------------- Instantiating /home/travis/build/icyphy/ptII/ptolemy/domains/de/test/auto/DepthTest2.xml
2 ms. Memory: 48128K Free: 12453K (26%)
----------------- Invoking toplevel() on ptolemy.moml.MoMLSimpleApplication@6fdebd50
----------------- Done invoking toplevel() on ptolemy.moml.MoMLSimpleApplication@6fdebd50
reloadAllAccessors: .DepthTest2

===========================================================================================
----------------- testing Fri Jun 28 17:58:55 UTC 2019 /home/travis/build/icyphy/ptII/ptolemy/domains/de/test/auto/DepthTest3.xml
----------------- Instantiating /home/travis/build/icyphy/ptII/ptolemy/domains/de/test/auto/DepthTest3.xml
1 ms. Memory: 48128K Free: 9554K (20%)
----------------- Invoking toplevel() on ptolemy.moml.MoMLSimpleApplication@5f5552d
----------------- Done invoking toplevel() on ptolemy.moml.MoMLSimpleApplication@5f5552d
reloadAllAccessors: .DepthTest3

===========================================================================================
----------------- testing Fri Jun 28 17:58:55 UTC 2019 /home/travis/build/icyphy/ptII/ptolemy/domains/de/test/auto/DepthTest4.xml
----------------- Instantiating /home/travis/build/icyphy/ptII/ptolemy/domains/de/test/auto/DepthTest4.xml
8 ms. Memory: 48128K Free: 30582K (64%)
----------------- Invoking toplevel() on ptolemy.moml.MoMLSimpleApplication@3a2dc4f7
----------------- Done invoking toplevel() on ptolemy.moml.MoMLSimpleApplication@3a2dc4f7
reloadAllAccessors: .DepthTest4

===========================================================================================
----------------- testing Fri Jun 28 17:58:55 UTC 2019 /home/travis/build/icyphy/ptII/ptolemy/domains/de/test/auto/DepthTest5.xml
----------------- Instantiating /home/travis/build/icyphy/ptII/ptolemy/domains/de/test/auto/DepthTest5.xml
3 ms. Memory: 48128K Free: 25261K (52%)
----------------- Invoking toplevel() on ptolemy.moml.MoMLSimpleApplication@605ea425
----------------- Done invoking toplevel() on ptolemy.moml.MoMLSimpleApplication@605ea425
reloadAllAccessors: .DepthTest5

===========================================================================================
----------------- testing Fri Jun 28 17:58:55 UTC 2019 /home/travis/build/icyphy/ptII/ptolemy/domains/de/test/auto/DepthTest6.xml
----------------- Instantiating /home/travis/build/icyphy/ptII/ptolemy/domains/de/test/auto/DepthTest6.xml
2 ms. Memory: 48128K Free: 19977K (42%)
----------------- Invoking toplevel() on ptolemy.moml.MoMLSimpleApplication@2da1dfd1
----------------- Done invoking toplevel() on ptolemy.moml.MoMLSimpleApplication@2da1dfd1
reloadAllAccessors: .DepthTest6

===========================================================================================
----------------- testing Fri Jun 28 17:58:55 UTC 2019 /home/travis/build/icyphy/ptII/ptolemy/domains/de/test/auto/DepthTest7.xml
----------------- Instantiating /home/travis/build/icyphy/ptII/ptolemy/domains/de/test/auto/DepthTest7.xml
1 ms. Memory: 48128K Free: 15037K (31%)
----------------- Invoking toplevel() on ptolemy.moml.MoMLSimpleApplication@57349904
----------------- Done invoking toplevel() on ptolemy.moml.MoMLSimpleApplication@57349904
reloadAllAccessors: .DepthTest7

===========================================================================================
----------------- testing Fri Jun 28 17:58:55 UTC 2019 /home/travis/build/icyphy/ptII/ptolemy/domains/de/test/auto/EventToDate.xml
----------------- Instantiating /home/travis/build/icyphy/ptII/ptolemy/domains/de/test/auto/EventToDate.xml
3004 ms. Memory: 48128K Free: 27178K (56%)
----------------- Invoking toplevel() on ptolemy.moml.MoMLSimpleApplication@4a085ea9
----------------- Done invoking toplevel() on ptolemy.moml.MoMLSimpleApplication@4a085ea9
reloadAllAccessors: .EventToDate

===========================================================================================
----------------- testing Fri Jun 28 17:58:58 UTC 2019 /home/travis/build/icyphy/ptII/ptolemy/domains/de/test/auto/FSM1.xml
----------------- Instantiating /home/travis/build/icyphy/ptII/ptolemy/domains/de/test/auto/FSM1.xml
25 ms. Memory: 48128K Free: 15049K (31%)
----------------- Invoking toplevel() on ptolemy.moml.MoMLSimpleApplication@67019dc0
----------------- Done invoking toplevel() on ptolemy.moml.MoMLSimpleApplication@67019dc0
reloadAllAccessors: .FSM1

===========================================================================================
----------------- testing Fri Jun 28 17:58:59 UTC 2019 /home/travis/build/icyphy/ptII/ptolemy/domains/de/test/auto/FSM7.xml
----------------- Instantiating /home/travis/build/icyphy/ptII/ptolemy/domains/de/test/auto/FSM7.xml
19 ms. Memory: 48128K Free: 28426K (59%)
----------------- Invoking toplevel() on ptolemy.moml.MoMLSimpleApplication@2fa696d0
----------------- Done invoking toplevel() on ptolemy.moml.MoMLSimpleApplication@2fa696d0
reloadAllAccessors: .FSM7

===========================================================================================
----------------- testing Fri Jun 28 17:58:59 UTC 2019 /home/travis/build/icyphy/ptII/ptolemy/domains/de/test/auto/Inspection.xml
----------------- Instantiating /home/travis/build/icyphy/ptII/ptolemy/domains/de/test/auto/Inspection.xml
14 ms. Memory: 48128K Free: 16168K (34%)
----------------- Invoking toplevel() on ptolemy.moml.MoMLSimpleApplication@40c98d92
----------------- Done invoking toplevel() on ptolemy.moml.MoMLSimpleApplication@40c98d92
reloadAllAccessors: .Inspection

===========================================================================================
----------------- testing Fri Jun 28 17:58:59 UTC 2019 /home/travis/build/icyphy/ptII/ptolemy/domains/de/test/auto/Iteration.xml
----------------- Instantiating /home/travis/build/icyphy/ptII/ptolemy/domains/de/test/auto/Iteration.xml
14 ms. Memory: 48128K Free: 9171K (19%)
----------------- Invoking toplevel() on ptolemy.moml.MoMLSimpleApplication@148c62b
----------------- Done invoking toplevel() on ptolemy.moml.MoMLSimpleApplication@148c62b
reloadAllAccessors: .Iteration

===========================================================================================
----------------- testing Fri Jun 28 17:58:59 UTC 2019 /home/travis/build/icyphy/ptII/ptolemy/domains/de/test/auto/LineFault.xml
----------------- Instantiating /home/travis/build/icyphy/ptII/ptolemy/domains/de/test/auto/LineFault.xml
527 ms. Memory: 48128K Free: 17461K (36%)
----------------- Invoking toplevel() on ptolemy.moml.MoMLSimpleApplication@39b991de
----------------- Done invoking toplevel() on ptolemy.moml.MoMLSimpleApplication@39b991de
reloadAllAccessors: .LineFault

===========================================================================================
----------------- testing Fri Jun 28 17:58:59 UTC 2019 /home/travis/build/icyphy/ptII/ptolemy/domains/de/test/auto/MergeModel1Add.xml
----------------- Instantiating /home/travis/build/icyphy/ptII/ptolemy/domains/de/test/auto/MergeModel1Add.xml
5 ms. Memory: 48128K Free: 20713K (43%)
----------------- Invoking toplevel() on ptolemy.moml.MoMLSimpleApplication@44769c2e
----------------- Done invoking toplevel() on ptolemy.moml.MoMLSimpleApplication@44769c2e
reloadAllAccessors: .MergeModel1Add

===========================================================================================
----------------- testing Fri Jun 28 17:58:59 UTC 2019 /home/travis/build/icyphy/ptII/ptolemy/domains/de/test/auto/MergeModel2Add.xml
----------------- Instantiating /home/travis/build/icyphy/ptII/ptolemy/domains/de/test/auto/MergeModel2Add.xml
6 ms. Memory: 48128K Free: 24789K (52%)
----------------- Invoking toplevel() on ptolemy.moml.MoMLSimpleApplication@63707a4a
----------------- Done invoking toplevel() on ptolemy.moml.MoMLSimpleApplication@63707a4a
reloadAllAccessors: .MergeModel2Add

===========================================================================================
----------------- testing Fri Jun 28 17:58:59 UTC 2019 /home/travis/build/icyphy/ptII/ptolemy/domains/de/test/auto/MergeModel3Add.xml
----------------- Instantiating /home/travis/build/icyphy/ptII/ptolemy/domains/de/test/auto/MergeModel3Add.xml
6 ms. Memory: 48128K Free: 28510K (59%)
----------------- Invoking toplevel() on ptolemy.moml.MoMLSimpleApplication@4e317874
----------------- Done invoking toplevel() on ptolemy.moml.MoMLSimpleApplication@4e317874
reloadAllAccessors: .MergeModel3Add

===========================================================================================
----------------- testing Fri Jun 28 17:58:59 UTC 2019 /home/travis/build/icyphy/ptII/ptolemy/domains/de/test/auto/MergeWithoutDiscard.xml
----------------- Instantiating /home/travis/build/icyphy/ptII/ptolemy/domains/de/test/auto/MergeWithoutDiscard.xml
1 ms. Memory: 48128K Free: 24368K (51%)
----------------- Invoking toplevel() on ptolemy.moml.MoMLSimpleApplication@621e9b4
----------------- Done invoking toplevel() on ptolemy.moml.MoMLSimpleApplication@621e9b4
reloadAllAccessors: .MergeWithoutDiscard

===========================================================================================
----------------- testing Fri Jun 28 17:58:59 UTC 2019 /home/travis/build/icyphy/ptII/ptolemy/domains/de/test/auto/Modal1.xml
----------------- Instantiating /home/travis/build/icyphy/ptII/ptolemy/domains/de/test/auto/Modal1.xml
10 ms. Memory: 48128K Free: 12343K (26%)
----------------- Invoking toplevel() on ptolemy.moml.MoMLSimpleApplication@6f81e5a9
----------------- Done invoking toplevel() on ptolemy.moml.MoMLSimpleApplication@6f81e5a9
reloadAllAccessors: .Modal1

===========================================================================================
----------------- testing Fri Jun 28 17:58:59 UTC 2019 /home/travis/build/icyphy/ptII/ptolemy/domains/de/test/auto/Modal2.xml
----------------- Instantiating /home/travis/build/icyphy/ptII/ptolemy/domains/de/test/auto/Modal2.xml
12 ms. Memory: 48128K Free: 21840K (45%)
----------------- Invoking toplevel() on ptolemy.moml.MoMLSimpleApplication@7dcb0402
----------------- Done invoking toplevel() on ptolemy.moml.MoMLSimpleApplication@7dcb0402
reloadAllAccessors: .Modal2

===========================================================================================
----------------- testing Fri Jun 28 17:59:00 UTC 2019 /home/travis/build/icyphy/ptII/ptolemy/domains/de/test/auto/Modal3.xml
----------------- Instantiating /home/travis/build/icyphy/ptII/ptolemy/domains/de/test/auto/Modal3.xml
7 ms. Memory: 48128K Free: 9566K (20%)
----------------- Invoking toplevel() on ptolemy.moml.MoMLSimpleApplication@41e36ab3
----------------- Done invoking toplevel() on ptolemy.moml.MoMLSimpleApplication@41e36ab3
reloadAllAccessors: .Modal3

===========================================================================================
----------------- testing Fri Jun 28 17:59:00 UTC 2019 /home/travis/build/icyphy/ptII/ptolemy/domains/de/test/auto/Modal4.xml
----------------- Instantiating /home/travis/build/icyphy/ptII/ptolemy/domains/de/test/auto/Modal4.xml
11 ms. Memory: 48128K Free: 19089K (40%)
----------------- Invoking toplevel() on ptolemy.moml.MoMLSimpleApplication@7d9363be
----------------- Done invoking toplevel() on ptolemy.moml.MoMLSimpleApplication@7d9363be
reloadAllAccessors: .Modal4

===========================================================================================
----------------- testing Fri Jun 28 17:59:00 UTC 2019 /home/travis/build/icyphy/ptII/ptolemy/domains/de/test/auto/Modal5.xml
----------------- Instantiating /home/travis/build/icyphy/ptII/ptolemy/domains/de/test/auto/Modal5.xml
16 ms. Memory: 48128K Free: 28658K (60%)
----------------- Invoking toplevel() on ptolemy.moml.MoMLSimpleApplication@3cd97208
----------------- Done invoking toplevel() on ptolemy.moml.MoMLSimpleApplication@3cd97208
reloadAllAccessors: .Modal5

===========================================================================================
----------------- testing Fri Jun 28 17:59:00 UTC 2019 /home/travis/build/icyphy/ptII/ptolemy/domains/de/test/auto/Modal6.xml
----------------- Instantiating /home/travis/build/icyphy/ptII/ptolemy/domains/de/test/auto/Modal6.xml
9 ms. Memory: 48128K Free: 16113K (33%)
----------------- Invoking toplevel() on ptolemy.moml.MoMLSimpleApplication@249a11c0
----------------- Done invoking toplevel() on ptolemy.moml.MoMLSimpleApplication@249a11c0
reloadAllAccessors: .Modal6

===========================================================================================
----------------- testing Fri Jun 28 17:59:00 UTC 2019 /home/travis/build/icyphy/ptII/ptolemy/domains/de/test/auto/Modal7.xml
----------------- Instantiating /home/travis/build/icyphy/ptII/ptolemy/domains/de/test/auto/Modal7.xml
6 ms. Memory: 48128K Free: 25421K (53%)
----------------- Invoking toplevel() on ptolemy.moml.MoMLSimpleApplication@315a313d
----------------- Done invoking toplevel() on ptolemy.moml.MoMLSimpleApplication@315a313d
reloadAllAccessors: .Modal7

===========================================================================================
----------------- testing Fri Jun 28 17:59:00 UTC 2019 /home/travis/build/icyphy/ptII/ptolemy/domains/de/test/auto/ModalModel.xml
----------------- Instantiating /home/travis/build/icyphy/ptII/ptolemy/domains/de/test/auto/ModalModel.xml
142 ms. Memory: 62464K Free: 42790K (69%)
----------------- Invoking toplevel() on ptolemy.moml.MoMLSimpleApplication@16a3aed9
----------------- Done invoking toplevel() on ptolemy.moml.MoMLSimpleApplication@16a3aed9
reloadAllAccessors: .ModalModel

===========================================================================================
----------------- testing Fri Jun 28 17:59:00 UTC 2019 /home/travis/build/icyphy/ptII/ptolemy/domains/de/test/auto/ModalSource.xml
----------------- Instantiating /home/travis/build/icyphy/ptII/ptolemy/domains/de/test/auto/ModalSource.xml
5 ms. Memory: 62464K Free: 34659K (55%)
----------------- Invoking toplevel() on ptolemy.moml.MoMLSimpleApplication@2e003ad3
----------------- Done invoking toplevel() on ptolemy.moml.MoMLSimpleApplication@2e003ad3
reloadAllAccessors: .ModalSource

===========================================================================================
----------------- testing Fri Jun 28 17:59:00 UTC 2019 /home/travis/build/icyphy/ptII/ptolemy/domains/de/test/auto/NonInterruptibleTimerZeroDelay.xml
----------------- Instantiating /home/travis/build/icyphy/ptII/ptolemy/domains/de/test/auto/NonInterruptibleTimerZeroDelay.xml
2 ms. Memory: 62464K Free: 30876K (49%)
----------------- Invoking toplevel() on ptolemy.moml.MoMLSimpleApplication@3aaa5dc0
----------------- Done invoking toplevel() on ptolemy.moml.MoMLSimpleApplication@3aaa5dc0
reloadAllAccessors: .NonInterruptibleTimerZeroDelay

===========================================================================================
----------------- testing Fri Jun 28 17:59:00 UTC 2019 /home/travis/build/icyphy/ptII/ptolemy/domains/de/test/auto/OpenQueueingNetwork.xml
----------------- Instantiating /home/travis/build/icyphy/ptII/ptolemy/domains/de/test/auto/OpenQueueingNetwork.xml
2460 ms. Memory: 148480K Free: 69134K (47%)
----------------- Invoking toplevel() on ptolemy.moml.MoMLSimpleApplication@1d3c5ccd
----------------- Done invoking toplevel() on ptolemy.moml.MoMLSimpleApplication@1d3c5ccd
reloadAllAccessors: .OpenQueueingNetwork

===========================================================================================
----------------- testing Fri Jun 28 17:59:02 UTC 2019 /home/travis/build/icyphy/ptII/ptolemy/domains/de/test/auto/OpenQueuingNetwork.xml
----------------- Instantiating /home/travis/build/icyphy/ptII/ptolemy/domains/de/test/auto/OpenQueuingNetwork.xml
240 ms. Memory: 148480K Free: 74035K (50%)
----------------- Invoking toplevel() on ptolemy.moml.MoMLSimpleApplication@68ab183
----------------- Done invoking toplevel() on ptolemy.moml.MoMLSimpleApplication@68ab183
reloadAllAccessors: .OpenQueuingNetwork

===========================================================================================
----------------- testing Fri Jun 28 17:59:03 UTC 2019 /home/travis/build/icyphy/ptII/ptolemy/domains/de/test/auto/PeriodicSampler.xml
----------------- Instantiating /home/travis/build/icyphy/ptII/ptolemy/domains/de/test/auto/PeriodicSampler.xml
2 ms. Memory: 148480K Free: 69939K (47%)
----------------- Invoking toplevel() on ptolemy.moml.MoMLSimpleApplication@34bc3fbc
----------------- Done invoking toplevel() on ptolemy.moml.MoMLSimpleApplication@34bc3fbc
reloadAllAccessors: .PeriodicSampler

===========================================================================================
----------------- testing Fri Jun 28 17:59:03 UTC 2019 /home/travis/build/icyphy/ptII/ptolemy/domains/de/test/auto/PersistentIO.xml
----------------- Instantiating /home/travis/build/icyphy/ptII/ptolemy/domains/de/test/auto/PersistentIO.xml
8 ms. Memory: 148480K Free: 60213K (41%)
----------------- Invoking toplevel() on ptolemy.moml.MoMLSimpleApplication@1f03b24f
----------------- Done invoking toplevel() on ptolemy.moml.MoMLSimpleApplication@1f03b24f
reloadAllAccessors: .PersistentIO

===========================================================================================
----------------- testing Fri Jun 28 17:59:03 UTC 2019 /home/travis/build/icyphy/ptII/ptolemy/domains/de/test/auto/PortParameterResetOnInitialize.xml
----------------- Instantiating /home/travis/build/icyphy/ptII/ptolemy/domains/de/test/auto/PortParameterResetOnInitialize.xml
2 ms. Memory: 148480K Free: 55597K (37%)
----------------- Invoking toplevel() on ptolemy.moml.MoMLSimpleApplication@449cda21
----------------- Done invoking toplevel() on ptolemy.moml.MoMLSimpleApplication@449cda21
reloadAllAccessors: .PortParameterResetOnInitialize

===========================================================================================
----------------- testing Fri Jun 28 17:59:03 UTC 2019 /home/travis/build/icyphy/ptII/ptolemy/domains/de/test/auto/PortParameterUpdates.xml
----------------- Instantiating /home/travis/build/icyphy/ptII/ptolemy/domains/de/test/auto/PortParameterUpdates.xml
6 ms. Memory: 148480K Free: 48949K (33%)
----------------- Invoking toplevel() on ptolemy.moml.MoMLSimpleApplication@1c1b43d0
----------------- Done invoking toplevel() on ptolemy.moml.MoMLSimpleApplication@1c1b43d0
reloadAllAccessors: .PortParameterUpdates

===========================================================================================
----------------- testing Fri Jun 28 17:59:03 UTC 2019 /home/travis/build/icyphy/ptII/ptolemy/domains/de/test/auto/QueueAndServer.xml
----------------- Instantiating /home/travis/build/icyphy/ptII/ptolemy/domains/de/test/auto/QueueAndServer.xml
5 ms. Memory: 178176K Free: 156030K (88%)
----------------- Invoking toplevel() on ptolemy.moml.MoMLSimpleApplication@3feda749
----------------- Done invoking toplevel() on ptolemy.moml.MoMLSimpleApplication@3feda749
reloadAllAccessors: .QueueAndServer

===========================================================================================
----------------- testing Fri Jun 28 17:59:03 UTC 2019 /home/travis/build/icyphy/ptII/ptolemy/domains/de/test/auto/Records.xml
----------------- Instantiating /home/travis/build/icyphy/ptII/ptolemy/domains/de/test/auto/Records.xml
4 ms. Memory: 178176K Free: 150396K (84%)
----------------- Invoking toplevel() on ptolemy.moml.MoMLSimpleApplication@4a322c47
----------------- Done invoking toplevel() on ptolemy.moml.MoMLSimpleApplication@4a322c47
reloadAllAccessors: .Records

===========================================================================================
----------------- testing Fri Jun 28 17:59:03 UTC 2019 /home/travis/build/icyphy/ptII/ptolemy/domains/de/test/auto/ResetTransitionWithStartTime1.xml
----------------- Instantiating /home/travis/build/icyphy/ptII/ptolemy/domains/de/test/auto/ResetTransitionWithStartTime1.xml
9 ms. Memory: 178176K Free: 142190K (80%)
----------------- Invoking toplevel() on ptolemy.moml.MoMLSimpleApplication@735a4cf3
----------------- Done invoking toplevel() on ptolemy.moml.MoMLSimpleApplication@735a4cf3
reloadAllAccessors: .ResetTransitionWithStartTime1

===========================================================================================
----------------- testing Fri Jun 28 17:59:03 UTC 2019 /home/travis/build/icyphy/ptII/ptolemy/domains/de/test/auto/ResetTransitionWithStartTime2.xml
----------------- Instantiating /home/travis/build/icyphy/ptII/ptolemy/domains/de/test/auto/ResetTransitionWithStartTime2.xml
6 ms. Memory: 178176K Free: 134006K (75%)
----------------- Invoking toplevel() on ptolemy.moml.MoMLSimpleApplication@241e306d
----------------- Done invoking toplevel() on ptolemy.moml.MoMLSimpleApplication@241e306d
reloadAllAccessors: .ResetTransitionWithStartTime2

===========================================================================================
----------------- testing Fri Jun 28 17:59:03 UTC 2019 /home/travis/build/icyphy/ptII/ptolemy/domains/de/test/auto/ResetTransitionWithStartTime3.xml
----------------- Instantiating /home/travis/build/icyphy/ptII/ptolemy/domains/de/test/auto/ResetTransitionWithStartTime3.xml
4 ms. Memory: 178176K Free: 125790K (71%)
----------------- Invoking toplevel() on ptolemy.moml.MoMLSimpleApplication@2435ba7
----------------- Done invoking toplevel() on ptolemy.moml.MoMLSimpleApplication@2435ba7
reloadAllAccessors: .ResetTransitionWithStartTime3

===========================================================================================
----------------- testing Fri Jun 28 17:59:03 UTC 2019 /home/travis/build/icyphy/ptII/ptolemy/domains/de/test/auto/ResetTransitionWithStartTime4.xml
----------------- Instantiating /home/travis/build/icyphy/ptII/ptolemy/domains/de/test/auto/ResetTransitionWithStartTime4.xml
3 ms. Memory: 178176K Free: 118142K (66%)
----------------- Invoking toplevel() on ptolemy.moml.MoMLSimpleApplication@7244ba45
----------------- Done invoking toplevel() on ptolemy.moml.MoMLSimpleApplication@7244ba45
reloadAllAccessors: .ResetTransitionWithStartTime4

===========================================================================================
----------------- testing Fri Jun 28 17:59:03 UTC 2019 /home/travis/build/icyphy/ptII/ptolemy/domains/de/test/auto/ResettableTimer1.xml
----------------- Instantiating /home/travis/build/icyphy/ptII/ptolemy/domains/de/test/auto/ResettableTimer1.xml
2 ms. Memory: 178176K Free: 114046K (64%)
----------------- Invoking toplevel() on ptolemy.moml.MoMLSimpleApplication@2759c93a
----------------- Done invoking toplevel() on ptolemy.moml.MoMLSimpleApplication@2759c93a
reloadAllAccessors: .ResettableTimer1

===========================================================================================
----------------- testing Fri Jun 28 17:59:03 UTC 2019 /home/travis/build/icyphy/ptII/ptolemy/domains/de/test/auto/ResettableTimer2.xml
----------------- Instantiating /home/travis/build/icyphy/ptII/ptolemy/domains/de/test/auto/ResettableTimer2.xml
4 ms. Memory: 178176K Free: 109950K (62%)
----------------- Invoking toplevel() on ptolemy.moml.MoMLSimpleApplication@4f3f0854
----------------- Done invoking toplevel() on ptolemy.moml.MoMLSimpleApplication@4f3f0854
reloadAllAccessors: .ResettableTimer2

===========================================================================================
----------------- testing Fri Jun 28 17:59:03 UTC 2019 /home/travis/build/icyphy/ptII/ptolemy/domains/de/test/auto/ResettableTimer3.xml
----------------- Instantiating /home/travis/build/icyphy/ptII/ptolemy/domains/de/test/auto/ResettableTimer3.xml
1 ms. Memory: 178176K Free: 105854K (59%)
----------------- Invoking toplevel() on ptolemy.moml.MoMLSimpleApplication@1b45c68e
----------------- Done invoking toplevel() on ptolemy.moml.MoMLSimpleApplication@1b45c68e
reloadAllAccessors: .ResettableTimer3

===========================================================================================
----------------- testing Fri Jun 28 17:59:03 UTC 2019 /home/travis/build/icyphy/ptII/ptolemy/domains/de/test/auto/ResettableTimer4.xml
----------------- Instantiating /home/travis/build/icyphy/ptII/ptolemy/domains/de/test/auto/ResettableTimer4.xml
1 ms. Memory: 178176K Free: 101758K (57%)
----------------- Invoking toplevel() on ptolemy.moml.MoMLSimpleApplication@a1135c3
----------------- Done invoking toplevel() on ptolemy.moml.MoMLSimpleApplication@a1135c3
reloadAllAccessors: .ResettableTimer4

===========================================================================================
----------------- testing Fri Jun 28 17:59:03 UTC 2019 /home/travis/build/icyphy/ptII/ptolemy/domains/de/test/auto/ResettableTimer5.xml
----------------- Instantiating /home/travis/build/icyphy/ptII/ptolemy/domains/de/test/auto/ResettableTimer5.xml
1 ms. Memory: 178176K Free: 97662K (55%)
----------------- Invoking toplevel() on ptolemy.moml.MoMLSimpleApplication@51e9cd55
----------------- Done invoking toplevel() on ptolemy.moml.MoMLSimpleApplication@51e9cd55
reloadAllAccessors: .ResettableTimer5

===========================================================================================
----------------- testing Fri Jun 28 17:59:03 UTC 2019 /home/travis/build/icyphy/ptII/ptolemy/domains/de/test/auto/ResettableTimer6.xml
----------------- Instantiating /home/travis/build/icyphy/ptII/ptolemy/domains/de/test/auto/ResettableTimer6.xml
7 ms. Memory: 178176K Free: 93052K (52%)
----------------- Invoking toplevel() on ptolemy.moml.MoMLSimpleApplication@55dc5b55
----------------- Done invoking toplevel() on ptolemy.moml.MoMLSimpleApplication@55dc5b55
reloadAllAccessors: .ResettableTimer6

===========================================================================================
----------------- testing Fri Jun 28 17:59:03 UTC 2019 /home/travis/build/icyphy/ptII/ptolemy/domains/de/test/auto/ServerZeroDelay.xml
----------------- Instantiating /home/travis/build/icyphy/ptII/ptolemy/domains/de/test/auto/ServerZeroDelay.xml
2 ms. Memory: 178176K Free: 88942K (50%)
----------------- Invoking toplevel() on ptolemy.moml.MoMLSimpleApplication@792261aa
----------------- Done invoking toplevel() on ptolemy.moml.MoMLSimpleApplication@792261aa
reloadAllAccessors: .ServerZeroDelay

===========================================================================================
----------------- testing Fri Jun 28 17:59:03 UTC 2019 /home/travis/build/icyphy/ptII/ptolemy/domains/de/test/auto/SmartSender.xml
----------------- Instantiating /home/travis/build/icyphy/ptII/ptolemy/domains/de/test/auto/SmartSender.xml
3001 ms. Memory: 178176K Free: 84860K (48%)
----------------- Invoking toplevel() on ptolemy.moml.MoMLSimpleApplication@4a7a59c4
----------------- Done invoking toplevel() on ptolemy.moml.MoMLSimpleApplication@4a7a59c4
reloadAllAccessors: .SmartSender

===========================================================================================
----------------- testing Fri Jun 28 17:59:06 UTC 2019 /home/travis/build/icyphy/ptII/ptolemy/domains/de/test/auto/ThreadedComposite.xml
----------------- Instantiating /home/travis/build/icyphy/ptII/ptolemy/domains/de/test/auto/ThreadedComposite.xml
96 ms. Memory: 178176K Free: 64380K (36%)
----------------- Invoking toplevel() on ptolemy.moml.MoMLSimpleApplication@241c78d4
----------------- Done invoking toplevel() on ptolemy.moml.MoMLSimpleApplication@241c78d4
reloadAllAccessors: .ThreadedComposite

===========================================================================================
----------------- testing Fri Jun 28 17:59:06 UTC 2019 /home/travis/build/icyphy/ptII/ptolemy/domains/de/test/auto/Time.xml
----------------- Instantiating /home/travis/build/icyphy/ptII/ptolemy/domains/de/test/auto/Time.xml
446 ms. Memory: 178176K Free: 112822K (63%)
----------------- Invoking toplevel() on ptolemy.moml.MoMLSimpleApplication@73a537f4
----------------- Done invoking toplevel() on ptolemy.moml.MoMLSimpleApplication@73a537f4
reloadAllAccessors: .Time

===========================================================================================
----------------- testing Fri Jun 28 17:59:07 UTC 2019 /home/travis/build/icyphy/ptII/ptolemy/domains/de/test/auto/TimeDelayZeroDelay.xml
----------------- Instantiating /home/travis/build/icyphy/ptII/ptolemy/domains/de/test/auto/TimeDelayZeroDelay.xml
2 ms. Memory: 178176K Free: 108468K (61%)
----------------- Invoking toplevel() on ptolemy.moml.MoMLSimpleApplication@7f5c7b33
----------------- Done invoking toplevel() on ptolemy.moml.MoMLSimpleApplication@7f5c7b33
reloadAllAccessors: .TimeDelayZeroDelay

===========================================================================================
----------------- testing Fri Jun 28 17:59:07 UTC 2019 /home/travis/build/icyphy/ptII/ptolemy/domains/de/test/auto/TimerZeroDelay.xml
----------------- Instantiating /home/travis/build/icyphy/ptII/ptolemy/domains/de/test/auto/TimerZeroDelay.xml
2 ms. Memory: 178176K Free: 104372K (59%)
----------------- Invoking toplevel() on ptolemy.moml.MoMLSimpleApplication@2a54f515
----------------- Done invoking toplevel() on ptolemy.moml.MoMLSimpleApplication@2a54f515
reloadAllAccessors: .TimerZeroDelay

===========================================================================================
----------------- testing Fri Jun 28 17:59:07 UTC 2019 /home/travis/build/icyphy/ptII/ptolemy/domains/de/test/auto/TimingParadox.xml
----------------- Instantiating /home/travis/build/icyphy/ptII/ptolemy/domains/de/test/auto/TimingParadox.xml
314 ms. Memory: 178176K Free: 141051K (79%)
----------------- Invoking toplevel() on ptolemy.moml.MoMLSimpleApplication@11e09e23
----------------- Done invoking toplevel() on ptolemy.moml.MoMLSimpleApplication@11e09e23
reloadAllAccessors: .TimingParadox

===========================================================================================
----------------- testing Fri Jun 28 17:59:07 UTC 2019 /home/travis/build/icyphy/ptII/ptolemy/domains/de/test/auto/TransferInputs.xml
----------------- Instantiating /home/travis/build/icyphy/ptII/ptolemy/domains/de/test/auto/TransferInputs.xml
1 ms. Memory: 178176K Free: 136209K (76%)
----------------- Invoking toplevel() on ptolemy.moml.MoMLSimpleApplication@3838c567
----------------- Done invoking toplevel() on ptolemy.moml.MoMLSimpleApplication@3838c567
reloadAllAccessors: .TransferInputs

===========================================================================================
----------------- testing Fri Jun 28 17:59:07 UTC 2019 /home/travis/build/icyphy/ptII/ptolemy/domains/de/test/auto/TransferOutputs2.xml
----------------- Instantiating /home/travis/build/icyphy/ptII/ptolemy/domains/de/test/auto/TransferOutputs2.xml
3 ms. Memory: 178176K Free: 128017K (72%)
----------------- Invoking toplevel() on ptolemy.moml.MoMLSimpleApplication@13c05089
----------------- Done invoking toplevel() on ptolemy.moml.MoMLSimpleApplication@13c05089
reloadAllAccessors: .TransferOutputs2

===========================================================================================
----------------- testing Fri Jun 28 17:59:07 UTC 2019 /home/travis/build/icyphy/ptII/ptolemy/domains/de/test/auto/Trilateration.xml
----------------- Instantiating /home/travis/build/icyphy/ptII/ptolemy/domains/de/test/auto/Trilateration.xml
12087 ms. Memory: 430080K Free: 210287K (49%)
----------------- Invoking toplevel() on ptolemy.moml.MoMLSimpleApplication@4e38db40
----------------- Done invoking toplevel() on ptolemy.moml.MoMLSimpleApplication@4e38db40
reloadAllAccessors: .Trilateration

===========================================================================================
----------------- testing Fri Jun 28 17:59:20 UTC 2019 /home/travis/build/icyphy/ptII/ptolemy/domains/de/test/auto/TwoSigmaDelta.xml
----------------- Instantiating /home/travis/build/icyphy/ptII/ptolemy/domains/de/test/auto/TwoSigmaDelta.xml
2137 ms. Memory: 430080K Free: 260406K (61%)
----------------- Invoking toplevel() on ptolemy.moml.MoMLSimpleApplication@3d610df5
----------------- Done invoking toplevel() on ptolemy.moml.MoMLSimpleApplication@3d610df5
reloadAllAccessors: .TwoSigmaDelta

===========================================================================================
----------------- testing Fri Jun 28 17:59:22 UTC 2019 /home/travis/build/icyphy/ptII/ptolemy/domains/de/test/auto/VariableDelay.xml
----------------- Instantiating /home/travis/build/icyphy/ptII/ptolemy/domains/de/test/auto/VariableDelay.xml
3 ms. Memory: 430080K Free: 255272K (59%)
----------------- Invoking toplevel() on ptolemy.moml.MoMLSimpleApplication@41b56429
----------------- Done invoking toplevel() on ptolemy.moml.MoMLSimpleApplication@41b56429
reloadAllAccessors: .VariableDelay

===========================================================================================
----------------- testing Fri Jun 28 17:59:22 UTC 2019 /home/travis/build/icyphy/ptII/ptolemy/domains/de/test/auto/VariableDelay2.xml
----------------- Instantiating /home/travis/build/icyphy/ptII/ptolemy/domains/de/test/auto/VariableDelay2.xml
2 ms. Memory: 430080K Free: 250680K (58%)
----------------- Invoking toplevel() on ptolemy.moml.MoMLSimpleApplication@1bf21209
----------------- Done invoking toplevel() on ptolemy.moml.MoMLSimpleApplication@1bf21209
reloadAllAccessors: .VariableDelay2

===========================================================================================
----------------- testing Fri Jun 28 17:59:22 UTC 2019 /home/travis/build/icyphy/ptII/ptolemy/domains/de/test/auto/VariableDelayZeroDelay.xml
----------------- Instantiating /home/travis/build/icyphy/ptII/ptolemy/domains/de/test/auto/VariableDelayZeroDelay.xml
4 ms. Memory: 430080K Free: 246584K (57%)
----------------- Invoking toplevel() on ptolemy.moml.MoMLSimpleApplication@b2f0efc
----------------- Done invoking toplevel() on ptolemy.moml.MoMLSimpleApplication@b2f0efc
reloadAllAccessors: .VariableDelayZeroDelay

===========================================================================================
----------------- testing Fri Jun 28 17:59:22 UTC 2019 /home/travis/build/icyphy/ptII/ptolemy/domains/de/test/auto/VariableDelayZeroDelay2.xml
----------------- Instantiating /home/travis/build/icyphy/ptII/ptolemy/domains/de/test/auto/VariableDelayZeroDelay2.xml
1 ms. Memory: 430080K Free: 241974K (56%)
----------------- Invoking toplevel() on ptolemy.moml.MoMLSimpleApplication@4a3d5968
----------------- Done invoking toplevel() on ptolemy.moml.MoMLSimpleApplication@4a3d5968
reloadAllAccessors: .VariableDelayZeroDelay2

===========================================================================================
----------------- testing Fri Jun 28 17:59:22 UTC 2019 /home/travis/build/icyphy/ptII/ptolemy/domains/de/test/auto/deInCt.xml
----------------- Instantiating /home/travis/build/icyphy/ptII/ptolemy/domains/de/test/auto/deInCt.xml
0
1
1
1
1
0
0
0
0
0
0
1
1
0
0
0
1
1
1
0
0
0
1
1
1
0
0
0
1
1
0
0
0
0
0
7 ms. Memory: 430080K Free: 236854K (55%)
----------------- Invoking toplevel() on ptolemy.moml.MoMLSimpleApplication@5d56b592
----------------- Done invoking toplevel() on ptolemy.moml.MoMLSimpleApplication@5d56b592
reloadAllAccessors: .deInCt

===========================================================================================
----------------- testing Fri Jun 28 17:59:22 UTC 2019 /home/travis/build/icyphy/ptII/ptolemy/domains/de/test/auto/deInCt2.xml
----------------- Instantiating /home/travis/build/icyphy/ptII/ptolemy/domains/de/test/auto/deInCt2.xml
0
1
1
1
0
0
1
1
1
0
0
1
1
1
0
0
1
1
1
0
0
1
1
1
0
0
1
1
1
0
0
1
1
1
0
0
1
1
1
0
0
0
7 ms. Memory: 430080K Free: 231728K (54%)
----------------- Invoking toplevel() on ptolemy.moml.MoMLSimpleApplication@66b23d8e
----------------- Done invoking toplevel() on ptolemy.moml.MoMLSimpleApplication@66b23d8e
reloadAllAccessors: .deInCt2

===========================================================================================
----------------- testing Fri Jun 28 17:59:22 UTC 2019 /home/travis/build/icyphy/ptII/ptolemy/domains/de/test/auto/dynamicCausalityInterface1.xml
----------------- Instantiating /home/travis/build/icyphy/ptII/ptolemy/domains/de/test/auto/dynamicCausalityInterface1.xml
1 ms. Memory: 430080K Free: 222518K (52%)
----------------- Invoking toplevel() on ptolemy.moml.MoMLSimpleApplication@4f2fd1ef
----------------- Done invoking toplevel() on ptolemy.moml.MoMLSimpleApplication@4f2fd1ef
reloadAllAccessors: .dynamicCausalityInterface1

===========================================================================================
----------------- testing Fri Jun 28 17:59:22 UTC 2019 /home/travis/build/icyphy/ptII/ptolemy/domains/de/test/auto/fsm_de_test.xml
----------------- Instantiating /home/travis/build/icyphy/ptII/ptolemy/domains/de/test/auto/fsm_de_test.xml
5 ms. Memory: 430080K Free: 213272K (50%)
----------------- Invoking toplevel() on ptolemy.moml.MoMLSimpleApplication@36769972
----------------- Done invoking toplevel() on ptolemy.moml.MoMLSimpleApplication@36769972
reloadAllAccessors: .fsm_de_test

===========================================================================================
----------------- testing Fri Jun 28 17:59:22 UTC 2019 /home/travis/build/icyphy/ptII/ptolemy/domains/de/test/auto/functionDependencyReconstruction.xml
----------------- Instantiating /home/travis/build/icyphy/ptII/ptolemy/domains/de/test/auto/functionDependencyReconstruction.xml
3 ms. Memory: 430080K Free: 198456K (46%)
----------------- Invoking toplevel() on ptolemy.moml.MoMLSimpleApplication@8103af6
----------------- Done invoking toplevel() on ptolemy.moml.MoMLSimpleApplication@8103af6
reloadAllAccessors: .functionDependencyReconstruction

===========================================================================================
----------------- testing Fri Jun 28 17:59:22 UTC 2019 /home/travis/build/icyphy/ptII/ptolemy/domains/de/test/auto/multirate.xml
----------------- Instantiating /home/travis/build/icyphy/ptII/ptolemy/domains/de/test/auto/multirate.xml
3 ms. Memory: 430080K Free: 191784K (45%)
----------------- Invoking toplevel() on ptolemy.moml.MoMLSimpleApplication@7a5665c9
----------------- Done invoking toplevel() on ptolemy.moml.MoMLSimpleApplication@7a5665c9
reloadAllAccessors: .multirate

===========================================================================================
----------------- testing Fri Jun 28 17:59:22 UTC 2019 /home/travis/build/icyphy/ptII/ptolemy/domains/de/test/auto/multirate2.xml
----------------- Instantiating /home/travis/build/icyphy/ptII/ptolemy/domains/de/test/auto/multirate2.xml
2 ms. Memory: 430080K Free: 185144K (43%)
----------------- Invoking toplevel() on ptolemy.moml.MoMLSimpleApplication@91be0c1
----------------- Done invoking toplevel() on ptolemy.moml.MoMLSimpleApplication@91be0c1
reloadAllAccessors: .multirate2

===========================================================================================
----------------- testing Fri Jun 28 17:59:22 UTC 2019 /home/travis/build/icyphy/ptII/ptolemy/domains/de/test/auto/realtime.xml
----------------- Instantiating /home/travis/build/icyphy/ptII/ptolemy/domains/de/test/auto/realtime.xml
10002 ms. Memory: 430080K Free: 180534K (42%)
----------------- Invoking toplevel() on ptolemy.moml.MoMLSimpleApplication@5b029174
----------------- Done invoking toplevel() on ptolemy.moml.MoMLSimpleApplication@5b029174
reloadAllAccessors: .realtime

===========================================================================================
----------------- testing Fri Jun 28 17:59:32 UTC 2019 /home/travis/build/icyphy/ptII/ptolemy/domains/de/test/auto/relationGroup.xml
----------------- Instantiating /home/travis/build/icyphy/ptII/ptolemy/domains/de/test/auto/relationGroup.xml
2 ms. Memory: 430080K Free: 176952K (41%)
----------------- Invoking toplevel() on ptolemy.moml.MoMLSimpleApplication@32bf4622
----------------- Done invoking toplevel() on ptolemy.moml.MoMLSimpleApplication@32bf4622
reloadAllAccessors: .relationGroup

===========================================================================================
----------------- testing Fri Jun 28 17:59:32 UTC 2019 /home/travis/build/icyphy/ptII/ptolemy/domains/de/test/auto/relationGroup2.xml
----------------- Instantiating /home/travis/build/icyphy/ptII/ptolemy/domains/de/test/auto/relationGroup2.xml
2 ms. Memory: 430080K Free: 173366K (40%)
----------------- Invoking toplevel() on ptolemy.moml.MoMLSimpleApplication@56f5aa5d
----------------- Done invoking toplevel() on ptolemy.moml.MoMLSimpleApplication@56f5aa5d
reloadAllAccessors: .relationGroup2

===========================================================================================
----------------- testing Fri Jun 28 17:59:32 UTC 2019 /home/travis/build/icyphy/ptII/ptolemy/domains/de/test/auto/sortWithOpaquePorts.xml
----------------- Instantiating /home/travis/build/icyphy/ptII/ptolemy/domains/de/test/auto/sortWithOpaquePorts.xml
1 ms. Memory: 430080K Free: 168760K (39%)
----------------- Invoking toplevel() on ptolemy.moml.MoMLSimpleApplication@ba221f7
----------------- Done invoking toplevel() on ptolemy.moml.MoMLSimpleApplication@ba221f7
reloadAllAccessors: .sortWithOpaquePorts

===========================================================================================
----------------- testing Fri Jun 28 17:59:32 UTC 2019 /home/travis/build/icyphy/ptII/ptolemy/domains/de/test/auto/transferInputsandOutputs.xml
----------------- Instantiating /home/travis/build/icyphy/ptII/ptolemy/domains/de/test/auto/transferInputsandOutputs.xml
2 ms. Memory: 430080K Free: 161592K (38%)
----------------- Invoking toplevel() on ptolemy.moml.MoMLSimpleApplication@19d32df6
----------------- Done invoking toplevel() on ptolemy.moml.MoMLSimpleApplication@19d32df6
reloadAllAccessors: .transferInputsandOutputs

===========================================================================================
----------------- testing Fri Jun 28 17:59:32 UTC 2019 /home/travis/build/icyphy/ptII/ptolemy/domains/de/test/auto/triggerType.xml
----------------- Instantiating /home/travis/build/icyphy/ptII/ptolemy/domains/de/test/auto/triggerType.xml
1 ms. Memory: 430080K Free: 157496K (37%)
----------------- Invoking toplevel() on ptolemy.moml.MoMLSimpleApplication@45992016
----------------- Done invoking toplevel() on ptolemy.moml.MoMLSimpleApplication@45992016
reloadAllAccessors: .triggerType
AutoTests.java: About to close Vertx.
AutoTests.java: Vertx closed.
]]></system-out>
  <system-err><![CDATA[java.lang.RuntimeException: Execution failed
	at ptolemy.moml.MoMLSimpleApplication$UnloadThread.run(MoMLSimpleApplication.java:402)
Caused by: ptolemy.kernel.util.IllegalActionException: Found a zero delay loop containing .dependencyLoop.original
  in .dependencyLoop and .dependencyLoop.original
	at ptolemy.actor.util.CausalityInterfaceForComposites._computeOutputPortDepth(CausalityInterfaceForComposites.java:759)
	at ptolemy.actor.util.CausalityInterfaceForComposites._computeInputDepth(CausalityInterfaceForComposites.java:696)
	at ptolemy.actor.util.CausalityInterfaceForComposites._computeOutputPortDepth(CausalityInterfaceForComposites.java:765)
	at ptolemy.actor.util.CausalityInterfaceForComposites._computeInputDepth(CausalityInterfaceForComposites.java:696)
	at ptolemy.actor.util.CausalityInterfaceForComposites._computeOutputPortDepth(CausalityInterfaceForComposites.java:765)
	at ptolemy.actor.util.CausalityInterfaceForComposites._computeInputDepth(CausalityInterfaceForComposites.java:696)
	at ptolemy.actor.util.CausalityInterfaceForComposites._computeActorDepth(CausalityInterfaceForComposites.java:532)
	at ptolemy.actor.util.CausalityInterfaceForComposites.checkForCycles(CausalityInterfaceForComposites.java:96)
	at ptolemy.domains.de.kernel.DEDirector.preinitialize(DEDirector.java:1338)
	at ptolemy.actor.CompositeActor.preinitialize(CompositeActor.java:1828)
	at ptolemy.actor.Manager.preinitializeAndResolveTypes(Manager.java:1040)
	at ptolemy.actor.Manager.initialize(Manager.java:710)
	at ptolemy.actor.Manager.execute(Manager.java:356)
	at ptolemy.actor.Manager.run(Manager.java:1263)
	at ptolemy.actor.Manager$PtolemyRunThread.run(Manager.java:1915)
java.lang.RuntimeException: Execution failed
	at ptolemy.moml.MoMLSimpleApplication$UnloadThread.run(MoMLSimpleApplication.java:402)
Caused by: ptolemy.kernel.util.IllegalActionException: Found a zero delay loop containing .dependencyLoop2.original
  in .dependencyLoop2 and .dependencyLoop2.original
	at ptolemy.actor.util.CausalityInterfaceForComposites._computeOutputPortDepth(CausalityInterfaceForComposites.java:759)
	at ptolemy.actor.util.CausalityInterfaceForComposites._computeInputDepth(CausalityInterfaceForComposites.java:696)
	at ptolemy.actor.util.CausalityInterfaceForComposites._computeOutputPortDepth(CausalityInterfaceForComposites.java:765)
	at ptolemy.actor.util.CausalityInterfaceForComposites._computeInputDepth(CausalityInterfaceForComposites.java:696)
	at ptolemy.actor.util.CausalityInterfaceForComposites._computeOutputPortDepth(CausalityInterfaceForComposites.java:765)
	at ptolemy.actor.util.CausalityInterfaceForComposites._computeInputDepth(CausalityInterfaceForComposites.java:696)
	at ptolemy.actor.util.CausalityInterfaceForComposites._computeActorDepth(CausalityInterfaceForComposites.java:532)
	at ptolemy.actor.util.CausalityInterfaceForComposites.checkForCycles(CausalityInterfaceForComposites.java:96)
	at ptolemy.domains.de.kernel.DEDirector.preinitialize(DEDirector.java:1338)
	at ptolemy.actor.CompositeActor.preinitialize(CompositeActor.java:1828)
	at ptolemy.actor.Manager.preinitializeAndResolveTypes(Manager.java:1040)
	at ptolemy.actor.Manager.initialize(Manager.java:710)
	at ptolemy.actor.Manager.execute(Manager.java:356)
	at ptolemy.actor.Manager.run(Manager.java:1263)
	at ptolemy.actor.Manager$PtolemyRunThread.run(Manager.java:1915)
java.lang.RuntimeException: Execution failed
	at ptolemy.moml.MoMLSimpleApplication$UnloadThread.run(MoMLSimpleApplication.java:402)
Caused by: ptolemy.kernel.util.IllegalActionException: Test fails in iteration 1.
Value was: 1.0. Should have been: 2.0
  in .DirectFeedback.Test
	at ptolemy.actor.lib.Test.fire(Test.java:268)
	at ptolemy.domains.de.kernel.DEDirector._fire(DEDirector.java:1949)
	at ptolemy.domains.de.kernel.DEDirector.fire(DEDirector.java:502)
	at ptolemy.actor.CompositeActor.fire(CompositeActor.java:455)
	at ptolemy.actor.Manager.iterate(Manager.java:851)
	at ptolemy.actor.Manager.execute(Manager.java:369)
	at ptolemy.actor.Manager.run(Manager.java:1263)
	at ptolemy.actor.Manager$PtolemyRunThread.run(Manager.java:1915)
java.lang.RuntimeException: Execution failed
	at ptolemy.moml.MoMLSimpleApplication$UnloadThread.run(MoMLSimpleApplication.java:402)
Caused by: ptolemy.kernel.util.IllegalActionException: Found a zero delay loop containing .dependencyLoop.original
  in .dependencyLoop and .dependencyLoop.original
	at ptolemy.actor.util.CausalityInterfaceForComposites._computeOutputPortDepth(CausalityInterfaceForComposites.java:759)
	at ptolemy.actor.util.CausalityInterfaceForComposites._computeInputDepth(CausalityInterfaceForComposites.java:696)
	at ptolemy.actor.util.CausalityInterfaceForComposites._computeOutputPortDepth(CausalityInterfaceForComposites.java:765)
	at ptolemy.actor.util.CausalityInterfaceForComposites._computeInputDepth(CausalityInterfaceForComposites.java:696)
	at ptolemy.actor.util.CausalityInterfaceForComposites._computeOutputPortDepth(CausalityInterfaceForComposites.java:765)
	at ptolemy.actor.util.CausalityInterfaceForComposites._computeInputDepth(CausalityInterfaceForComposites.java:696)
	at ptolemy.actor.util.CausalityInterfaceForComposites._computeActorDepth(CausalityInterfaceForComposites.java:532)
	at ptolemy.actor.util.CausalityInterfaceForComposites.checkForCycles(CausalityInterfaceForComposites.java:96)
	at ptolemy.domains.de.kernel.DEDirector.preinitialize(DEDirector.java:1338)
	at ptolemy.actor.CompositeActor.preinitialize(CompositeActor.java:1828)
	at ptolemy.actor.Manager.preinitializeAndResolveTypes(Manager.java:1040)
	at ptolemy.actor.Manager.initialize(Manager.java:710)
	at ptolemy.actor.Manager.execute(Manager.java:356)
	at ptolemy.actor.Manager.run(Manager.java:1263)
	at ptolemy.actor.Manager$PtolemyRunThread.run(Manager.java:1915)
java.lang.RuntimeException: Execution failed
	at ptolemy.moml.MoMLSimpleApplication$UnloadThread.run(MoMLSimpleApplication.java:402)
Caused by: ptolemy.kernel.util.IllegalActionException: Found a zero delay loop containing .HierarchicalModel.A
  in .HierarchicalModel and .HierarchicalModel.A
	at ptolemy.actor.util.CausalityInterfaceForComposites._computeOutputPortDepth(CausalityInterfaceForComposites.java:759)
	at ptolemy.actor.util.CausalityInterfaceForComposites._computeInputDepth(CausalityInterfaceForComposites.java:696)
	at ptolemy.actor.util.CausalityInterfaceForComposites._computeOutputPortDepth(CausalityInterfaceForComposites.java:765)
	at ptolemy.actor.util.CausalityInterfaceForComposites._computeInputDepth(CausalityInterfaceForComposites.java:696)
	at ptolemy.actor.util.CausalityInterfaceForComposites._computeOutputPortDepth(CausalityInterfaceForComposites.java:765)
	at ptolemy.actor.util.CausalityInterfaceForComposites._computeInputDepth(CausalityInterfaceForComposites.java:696)
	at ptolemy.actor.util.CausalityInterfaceForComposites._computeActorDepth(CausalityInterfaceForComposites.java:532)
	at ptolemy.actor.util.CausalityInterfaceForComposites.checkForCycles(CausalityInterfaceForComposites.java:96)
	at ptolemy.domains.de.kernel.DEDirector.preinitialize(DEDirector.java:1338)
	at ptolemy.actor.CompositeActor.preinitialize(CompositeActor.java:1828)
	at ptolemy.actor.Manager.preinitializeAndResolveTypes(Manager.java:1040)
	at ptolemy.actor.Manager.initialize(Manager.java:710)
	at ptolemy.actor.Manager.execute(Manager.java:356)
	at ptolemy.actor.Manager.run(Manager.java:1263)
	at ptolemy.actor.Manager$PtolemyRunThread.run(Manager.java:1915)
java.lang.RuntimeException: Execution failed
	at ptolemy.moml.MoMLSimpleApplication$UnloadThread.run(MoMLSimpleApplication.java:402)
Caused by: ptolemy.kernel.util.IllegalActionException: Found a zero delay loop containing .dependencyLoop2.original
  in .dependencyLoop2 and .dependencyLoop2.original
	at ptolemy.actor.util.CausalityInterfaceForComposites._computeOutputPortDepth(CausalityInterfaceForComposites.java:759)
	at ptolemy.actor.util.CausalityInterfaceForComposites._computeInputDepth(CausalityInterfaceForComposites.java:696)
	at ptolemy.actor.util.CausalityInterfaceForComposites._computeOutputPortDepth(CausalityInterfaceForComposites.java:765)
	at ptolemy.actor.util.CausalityInterfaceForComposites._computeInputDepth(CausalityInterfaceForComposites.java:696)
	at ptolemy.actor.util.CausalityInterfaceForComposites._computeOutputPortDepth(CausalityInterfaceForComposites.java:765)
	at ptolemy.actor.util.CausalityInterfaceForComposites._computeInputDepth(CausalityInterfaceForComposites.java:696)
	at ptolemy.actor.util.CausalityInterfaceForComposites._computeActorDepth(CausalityInterfaceForComposites.java:532)
	at ptolemy.actor.util.CausalityInterfaceForComposites.checkForCycles(CausalityInterfaceForComposites.java:96)
	at ptolemy.domains.de.kernel.DEDirector.preinitialize(DEDirector.java:1338)
	at ptolemy.actor.CompositeActor.preinitialize(CompositeActor.java:1828)
	at ptolemy.actor.Manager.preinitializeAndResolveTypes(Manager.java:1040)
	at ptolemy.actor.Manager.initialize(Manager.java:710)
	at ptolemy.actor.Manager.execute(Manager.java:356)
	at ptolemy.actor.Manager.run(Manager.java:1263)
	at ptolemy.actor.Manager$PtolemyRunThread.run(Manager.java:1915)
java.lang.RuntimeException: Execution failed
	at ptolemy.moml.MoMLSimpleApplication$UnloadThread.run(MoMLSimpleApplication.java:402)
Caused by: ptolemy.kernel.util.IllegalActionException: Actor is not ready to fire.  Perhaps UpSample.prefire() returned false? Try debugging the actor by selecting "Listen to Actor".  Also, for SDF check moml for tokenConsumptionRate on input.
  in .DESDFClockTest.Play Bell.Copy1:SDF Director and .DESDFClockTest.Play Bell.UpSample
	at ptolemy.actor.sched.StaticSchedulingDirector.fire(StaticSchedulingDirector.java:227)
	at ptolemy.domains.sdf.kernel.SDFDirector.fire(SDFDirector.java:500)
	at ptolemy.actor.CompositeActor.fire(CompositeActor.java:455)
	at ptolemy.domains.de.kernel.DEDirector._fire(DEDirector.java:1949)
	at ptolemy.domains.de.kernel.DEDirector.fire(DEDirector.java:502)
	at ptolemy.actor.CompositeActor.fire(CompositeActor.java:455)
	at ptolemy.actor.Manager.iterate(Manager.java:851)
	at ptolemy.actor.Manager.execute(Manager.java:369)
	at ptolemy.actor.Manager.run(Manager.java:1263)
	at ptolemy.actor.Manager$PtolemyRunThread.run(Manager.java:1915)
java.lang.RuntimeException: Execution failed
	at ptolemy.moml.MoMLSimpleApplication$UnloadThread.run(MoMLSimpleApplication.java:402)
Caused by: ptolemy.kernel.util.IllegalActionException: Actor is not ready to fire.  Perhaps UpSample.prefire() returned false? Try debugging the actor by selecting "Listen to Actor".  Also, for SDF check moml for tokenConsumptionRate on input.
  in .DESDFClockTest.Play Bell.Copy1:SDF Director and .DESDFClockTest.Play Bell.UpSample
	at ptolemy.actor.sched.StaticSchedulingDirector.fire(StaticSchedulingDirector.java:227)
	at ptolemy.domains.sdf.kernel.SDFDirector.fire(SDFDirector.java:500)
	at ptolemy.actor.CompositeActor.fire(CompositeActor.java:455)
	at ptolemy.domains.de.kernel.DEDirector._fire(DEDirector.java:1949)
	at ptolemy.domains.de.kernel.DEDirector.fire(DEDirector.java:502)
	at ptolemy.actor.CompositeActor.fire(CompositeActor.java:455)
	at ptolemy.actor.Manager.iterate(Manager.java:851)
	at ptolemy.actor.Manager.execute(Manager.java:369)
	at ptolemy.actor.Manager.run(Manager.java:1263)
	at ptolemy.actor.Manager$PtolemyRunThread.run(Manager.java:1915)
java.lang.reflect.InvocationTargetException
	at java.base/jdk.internal.reflect.NativeConstructorAccessorImpl.newInstance0(Native Method)
	at java.base/jdk.internal.reflect.NativeConstructorAccessorImpl.newInstance(NativeConstructorAccessorImpl.java:62)
	at java.base/jdk.internal.reflect.DelegatingConstructorAccessorImpl.newInstance(DelegatingConstructorAccessorImpl.java:45)
	at java.base/java.lang.reflect.Constructor.newInstance(Constructor.java:490)
	at ptolemy.util.test.junit.AutoKnownFailedTests.RunModel(AutoKnownFailedTests.java:105)
	at java.base/jdk.internal.reflect.NativeMethodAccessorImpl.invoke0(Native Method)
	at java.base/jdk.internal.reflect.NativeMethodAccessorImpl.invoke(NativeMethodAccessorImpl.java:62)
	at java.base/jdk.internal.reflect.DelegatingMethodAccessorImpl.invoke(DelegatingMethodAccessorImpl.java:43)
	at java.base/java.lang.reflect.Method.invoke(Method.java:566)
	at org.junit.runners.model.FrameworkMethod$1.runReflectiveCall(FrameworkMethod.java:44)
	at org.junit.internal.runners.model.ReflectiveCallable.run(ReflectiveCallable.java:15)
	at org.junit.runners.model.FrameworkMethod.invokeExplosively(FrameworkMethod.java:41)
	at junitparams.internal.InvokeParameterisedMethod.evaluate(InvokeParameterisedMethod.java:102)
	at org.junit.internal.runners.statements.FailOnTimeout$1.run(FailOnTimeout.java:28)
Caused by: ptolemy.kernel.util.IllegalActionException: Actor is not ready to fire.  Perhaps UpSample.prefire() returned false? Try debugging the actor by selecting "Listen to Actor".  Also, for SDF check moml for tokenConsumptionRate on input.
  in .DESDFClockTest.Play Bell.Copy1:SDF Director and .DESDFClockTest.Play Bell.UpSample
	at ptolemy.actor.sched.StaticSchedulingDirector.fire(StaticSchedulingDirector.java:227)
	at ptolemy.domains.sdf.kernel.SDFDirector.fire(SDFDirector.java:500)
	at ptolemy.actor.CompositeActor.fire(CompositeActor.java:455)
	at ptolemy.domains.de.kernel.DEDirector._fire(DEDirector.java:1949)
	at ptolemy.domains.de.kernel.DEDirector.fire(DEDirector.java:502)
	at ptolemy.actor.CompositeActor.fire(CompositeActor.java:455)
	at ptolemy.actor.Manager.iterate(Manager.java:851)
	at ptolemy.actor.Manager.execute(Manager.java:369)
	at ptolemy.actor.Manager.run(Manager.java:1263)
	at ptolemy.actor.Manager$PtolemyRunThread.run(Manager.java:1915)
java.lang.RuntimeException: Execution failed
	at ptolemy.moml.MoMLSimpleApplication$UnloadThread.run(MoMLSimpleApplication.java:402)
Caused by: ptolemy.kernel.util.IllegalActionException: Test fails in iteration 1.
Value was: 1.0. Should have been: 2.0
  in .DirectFeedback.Test
	at ptolemy.actor.lib.Test.fire(Test.java:268)
	at ptolemy.domains.de.kernel.DEDirector._fire(DEDirector.java:1949)
	at ptolemy.domains.de.kernel.DEDirector.fire(DEDirector.java:502)
	at ptolemy.actor.CompositeActor.fire(CompositeActor.java:455)
	at ptolemy.actor.Manager.iterate(Manager.java:851)
	at ptolemy.actor.Manager.execute(Manager.java:369)
	at ptolemy.actor.Manager.run(Manager.java:1263)
	at ptolemy.actor.Manager$PtolemyRunThread.run(Manager.java:1915)
java.lang.reflect.InvocationTargetException
	at java.base/jdk.internal.reflect.NativeConstructorAccessorImpl.newInstance0(Native Method)
	at java.base/jdk.internal.reflect.NativeConstructorAccessorImpl.newInstance(NativeConstructorAccessorImpl.java:62)
	at java.base/jdk.internal.reflect.DelegatingConstructorAccessorImpl.newInstance(DelegatingConstructorAccessorImpl.java:45)
	at java.base/java.lang.reflect.Constructor.newInstance(Constructor.java:490)
	at ptolemy.util.test.junit.AutoKnownFailedTests.RunModel(AutoKnownFailedTests.java:105)
	at java.base/jdk.internal.reflect.NativeMethodAccessorImpl.invoke0(Native Method)
	at java.base/jdk.internal.reflect.NativeMethodAccessorImpl.invoke(NativeMethodAccessorImpl.java:62)
	at java.base/jdk.internal.reflect.DelegatingMethodAccessorImpl.invoke(DelegatingMethodAccessorImpl.java:43)
	at java.base/java.lang.reflect.Method.invoke(Method.java:566)
	at org.junit.runners.model.FrameworkMethod$1.runReflectiveCall(FrameworkMethod.java:44)
	at org.junit.internal.runners.model.ReflectiveCallable.run(ReflectiveCallable.java:15)
	at org.junit.runners.model.FrameworkMethod.invokeExplosively(FrameworkMethod.java:41)
	at junitparams.internal.InvokeParameterisedMethod.evaluate(InvokeParameterisedMethod.java:102)
	at org.junit.internal.runners.statements.FailOnTimeout$1.run(FailOnTimeout.java:28)
Caused by: ptolemy.kernel.util.IllegalActionException: Test fails in iteration 1.
Value was: 1.0. Should have been: 2.0
  in .DirectFeedback.Test
	at ptolemy.actor.lib.Test.fire(Test.java:268)
	at ptolemy.domains.de.kernel.DEDirector._fire(DEDirector.java:1949)
	at ptolemy.domains.de.kernel.DEDirector.fire(DEDirector.java:502)
	at ptolemy.actor.CompositeActor.fire(CompositeActor.java:455)
	at ptolemy.actor.Manager.iterate(Manager.java:851)
	at ptolemy.actor.Manager.execute(Manager.java:369)
	at ptolemy.actor.Manager.run(Manager.java:1263)
	at ptolemy.actor.Manager$PtolemyRunThread.run(Manager.java:1915)
java.lang.RuntimeException: Execution failed
	at ptolemy.moml.MoMLSimpleApplication$UnloadThread.run(MoMLSimpleApplication.java:402)
Caused by: ptolemy.kernel.util.IllegalActionException: Found a zero delay loop containing .HierarchicalModel.A
  in .HierarchicalModel and .HierarchicalModel.A
	at ptolemy.actor.util.CausalityInterfaceForComposites._computeOutputPortDepth(CausalityInterfaceForComposites.java:759)
	at ptolemy.actor.util.CausalityInterfaceForComposites._computeInputDepth(CausalityInterfaceForComposites.java:696)
	at ptolemy.actor.util.CausalityInterfaceForComposites._computeOutputPortDepth(CausalityInterfaceForComposites.java:765)
	at ptolemy.actor.util.CausalityInterfaceForComposites._computeInputDepth(CausalityInterfaceForComposites.java:696)
	at ptolemy.actor.util.CausalityInterfaceForComposites._computeOutputPortDepth(CausalityInterfaceForComposites.java:765)
	at ptolemy.actor.util.CausalityInterfaceForComposites._computeInputDepth(CausalityInterfaceForComposites.java:696)
	at ptolemy.actor.util.CausalityInterfaceForComposites._computeActorDepth(CausalityInterfaceForComposites.java:532)
	at ptolemy.actor.util.CausalityInterfaceForComposites.checkForCycles(CausalityInterfaceForComposites.java:96)
	at ptolemy.domains.de.kernel.DEDirector.preinitialize(DEDirector.java:1338)
	at ptolemy.actor.CompositeActor.preinitialize(CompositeActor.java:1828)
	at ptolemy.actor.Manager.preinitializeAndResolveTypes(Manager.java:1040)
	at ptolemy.actor.Manager.initialize(Manager.java:710)
	at ptolemy.actor.Manager.execute(Manager.java:356)
	at ptolemy.actor.Manager.run(Manager.java:1263)
	at ptolemy.actor.Manager$PtolemyRunThread.run(Manager.java:1915)
java.lang.reflect.InvocationTargetException
	at java.base/jdk.internal.reflect.NativeConstructorAccessorImpl.newInstance0(Native Method)
	at java.base/jdk.internal.reflect.NativeConstructorAccessorImpl.newInstance(NativeConstructorAccessorImpl.java:62)
	at java.base/jdk.internal.reflect.DelegatingConstructorAccessorImpl.newInstance(DelegatingConstructorAccessorImpl.java:45)
	at java.base/java.lang.reflect.Constructor.newInstance(Constructor.java:490)
	at ptolemy.util.test.junit.AutoKnownFailedTests.RunModel(AutoKnownFailedTests.java:105)
	at java.base/jdk.internal.reflect.NativeMethodAccessorImpl.invoke0(Native Method)
	at java.base/jdk.internal.reflect.NativeMethodAccessorImpl.invoke(NativeMethodAccessorImpl.java:62)
	at java.base/jdk.internal.reflect.DelegatingMethodAccessorImpl.invoke(DelegatingMethodAccessorImpl.java:43)
	at java.base/java.lang.reflect.Method.invoke(Method.java:566)
	at org.junit.runners.model.FrameworkMethod$1.runReflectiveCall(FrameworkMethod.java:44)
	at org.junit.internal.runners.model.ReflectiveCallable.run(ReflectiveCallable.java:15)
	at org.junit.runners.model.FrameworkMethod.invokeExplosively(FrameworkMethod.java:41)
	at junitparams.internal.InvokeParameterisedMethod.evaluate(InvokeParameterisedMethod.java:102)
	at org.junit.internal.runners.statements.FailOnTimeout$1.run(FailOnTimeout.java:28)
Caused by: ptolemy.kernel.util.IllegalActionException: Found a zero delay loop containing .HierarchicalModel.A
  in .HierarchicalModel and .HierarchicalModel.A
	at ptolemy.actor.util.CausalityInterfaceForComposites._computeOutputPortDepth(CausalityInterfaceForComposites.java:759)
	at ptolemy.actor.util.CausalityInterfaceForComposites._computeInputDepth(CausalityInterfaceForComposites.java:696)
	at ptolemy.actor.util.CausalityInterfaceForComposites._computeOutputPortDepth(CausalityInterfaceForComposites.java:765)
	at ptolemy.actor.util.CausalityInterfaceForComposites._computeInputDepth(CausalityInterfaceForComposites.java:696)
	at ptolemy.actor.util.CausalityInterfaceForComposites._computeOutputPortDepth(CausalityInterfaceForComposites.java:765)
	at ptolemy.actor.util.CausalityInterfaceForComposites._computeInputDepth(CausalityInterfaceForComposites.java:696)
	at ptolemy.actor.util.CausalityInterfaceForComposites._computeActorDepth(CausalityInterfaceForComposites.java:532)
	at ptolemy.actor.util.CausalityInterfaceForComposites.checkForCycles(CausalityInterfaceForComposites.java:96)
	at ptolemy.domains.de.kernel.DEDirector.preinitialize(DEDirector.java:1338)
	at ptolemy.actor.CompositeActor.preinitialize(CompositeActor.java:1828)
	at ptolemy.actor.Manager.preinitializeAndResolveTypes(Manager.java:1040)
	at ptolemy.actor.Manager.initialize(Manager.java:710)
	at ptolemy.actor.Manager.execute(Manager.java:356)
	at ptolemy.actor.Manager.run(Manager.java:1263)
	at ptolemy.actor.Manager$PtolemyRunThread.run(Manager.java:1915)
java.lang.RuntimeException: Execution failed
	at ptolemy.moml.MoMLSimpleApplication$UnloadThread.run(MoMLSimpleApplication.java:402)
Caused by: ptolemy.kernel.util.IllegalActionException: Found a zero delay loop containing .dependencyLoop.original
  in .dependencyLoop and .dependencyLoop.original
	at ptolemy.actor.util.CausalityInterfaceForComposites._computeOutputPortDepth(CausalityInterfaceForComposites.java:759)
	at ptolemy.actor.util.CausalityInterfaceForComposites._computeInputDepth(CausalityInterfaceForComposites.java:696)
	at ptolemy.actor.util.CausalityInterfaceForComposites._computeOutputPortDepth(CausalityInterfaceForComposites.java:765)
	at ptolemy.actor.util.CausalityInterfaceForComposites._computeInputDepth(CausalityInterfaceForComposites.java:696)
	at ptolemy.actor.util.CausalityInterfaceForComposites._computeOutputPortDepth(CausalityInterfaceForComposites.java:765)
	at ptolemy.actor.util.CausalityInterfaceForComposites._computeInputDepth(CausalityInterfaceForComposites.java:696)
	at ptolemy.actor.util.CausalityInterfaceForComposites._computeActorDepth(CausalityInterfaceForComposites.java:532)
	at ptolemy.actor.util.CausalityInterfaceForComposites.checkForCycles(CausalityInterfaceForComposites.java:96)
	at ptolemy.domains.de.kernel.DEDirector.preinitialize(DEDirector.java:1338)
	at ptolemy.actor.CompositeActor.preinitialize(CompositeActor.java:1828)
	at ptolemy.actor.Manager.preinitializeAndResolveTypes(Manager.java:1040)
	at ptolemy.actor.Manager.initialize(Manager.java:710)
	at ptolemy.actor.Manager.execute(Manager.java:356)
	at ptolemy.actor.Manager.run(Manager.java:1263)
	at ptolemy.actor.Manager$PtolemyRunThread.run(Manager.java:1915)
java.lang.reflect.InvocationTargetException
	at java.base/jdk.internal.reflect.NativeConstructorAccessorImpl.newInstance0(Native Method)
	at java.base/jdk.internal.reflect.NativeConstructorAccessorImpl.newInstance(NativeConstructorAccessorImpl.java:62)
	at java.base/jdk.internal.reflect.DelegatingConstructorAccessorImpl.newInstance(DelegatingConstructorAccessorImpl.java:45)
	at java.base/java.lang.reflect.Constructor.newInstance(Constructor.java:490)
	at ptolemy.util.test.junit.AutoKnownFailedTests.RunModel(AutoKnownFailedTests.java:105)
	at java.base/jdk.internal.reflect.NativeMethodAccessorImpl.invoke0(Native Method)
	at java.base/jdk.internal.reflect.NativeMethodAccessorImpl.invoke(NativeMethodAccessorImpl.java:62)
	at java.base/jdk.internal.reflect.DelegatingMethodAccessorImpl.invoke(DelegatingMethodAccessorImpl.java:43)
	at java.base/java.lang.reflect.Method.invoke(Method.java:566)
	at org.junit.runners.model.FrameworkMethod$1.runReflectiveCall(FrameworkMethod.java:44)
	at org.junit.internal.runners.model.ReflectiveCallable.run(ReflectiveCallable.java:15)
	at org.junit.runners.model.FrameworkMethod.invokeExplosively(FrameworkMethod.java:41)
	at junitparams.internal.InvokeParameterisedMethod.evaluate(InvokeParameterisedMethod.java:102)
	at org.junit.internal.runners.statements.FailOnTimeout$1.run(FailOnTimeout.java:28)
Caused by: ptolemy.kernel.util.IllegalActionException: Found a zero delay loop containing .dependencyLoop.original
  in .dependencyLoop and .dependencyLoop.original
	at ptolemy.actor.util.CausalityInterfaceForComposites._computeOutputPortDepth(CausalityInterfaceForComposites.java:759)
	at ptolemy.actor.util.CausalityInterfaceForComposites._computeInputDepth(CausalityInterfaceForComposites.java:696)
	at ptolemy.actor.util.CausalityInterfaceForComposites._computeOutputPortDepth(CausalityInterfaceForComposites.java:765)
	at ptolemy.actor.util.CausalityInterfaceForComposites._computeInputDepth(CausalityInterfaceForComposites.java:696)
	at ptolemy.actor.util.CausalityInterfaceForComposites._computeOutputPortDepth(CausalityInterfaceForComposites.java:765)
	at ptolemy.actor.util.CausalityInterfaceForComposites._computeInputDepth(CausalityInterfaceForComposites.java:696)
	at ptolemy.actor.util.CausalityInterfaceForComposites._computeActorDepth(CausalityInterfaceForComposites.java:532)
	at ptolemy.actor.util.CausalityInterfaceForComposites.checkForCycles(CausalityInterfaceForComposites.java:96)
	at ptolemy.domains.de.kernel.DEDirector.preinitialize(DEDirector.java:1338)
	at ptolemy.actor.CompositeActor.preinitialize(CompositeActor.java:1828)
	at ptolemy.actor.Manager.preinitializeAndResolveTypes(Manager.java:1040)
	at ptolemy.actor.Manager.initialize(Manager.java:710)
	at ptolemy.actor.Manager.execute(Manager.java:356)
	at ptolemy.actor.Manager.run(Manager.java:1263)
	at ptolemy.actor.Manager$PtolemyRunThread.run(Manager.java:1915)
java.lang.RuntimeException: Execution failed
	at ptolemy.moml.MoMLSimpleApplication$UnloadThread.run(MoMLSimpleApplication.java:402)
Caused by: ptolemy.kernel.util.IllegalActionException: Found a zero delay loop containing .dependencyLoop2.original
  in .dependencyLoop2 and .dependencyLoop2.original
	at ptolemy.actor.util.CausalityInterfaceForComposites._computeOutputPortDepth(CausalityInterfaceForComposites.java:759)
	at ptolemy.actor.util.CausalityInterfaceForComposites._computeInputDepth(CausalityInterfaceForComposites.java:696)
	at ptolemy.actor.util.CausalityInterfaceForComposites._computeOutputPortDepth(CausalityInterfaceForComposites.java:765)
	at ptolemy.actor.util.CausalityInterfaceForComposites._computeInputDepth(CausalityInterfaceForComposites.java:696)
	at ptolemy.actor.util.CausalityInterfaceForComposites._computeOutputPortDepth(CausalityInterfaceForComposites.java:765)
	at ptolemy.actor.util.CausalityInterfaceForComposites._computeInputDepth(CausalityInterfaceForComposites.java:696)
	at ptolemy.actor.util.CausalityInterfaceForComposites._computeActorDepth(CausalityInterfaceForComposites.java:532)
	at ptolemy.actor.util.CausalityInterfaceForComposites.checkForCycles(CausalityInterfaceForComposites.java:96)
	at ptolemy.domains.de.kernel.DEDirector.preinitialize(DEDirector.java:1338)
	at ptolemy.actor.CompositeActor.preinitialize(CompositeActor.java:1828)
	at ptolemy.actor.Manager.preinitializeAndResolveTypes(Manager.java:1040)
	at ptolemy.actor.Manager.initialize(Manager.java:710)
	at ptolemy.actor.Manager.execute(Manager.java:356)
	at ptolemy.actor.Manager.run(Manager.java:1263)
	at ptolemy.actor.Manager$PtolemyRunThread.run(Manager.java:1915)
java.lang.reflect.InvocationTargetException
	at java.base/jdk.internal.reflect.NativeConstructorAccessorImpl.newInstance0(Native Method)
	at java.base/jdk.internal.reflect.NativeConstructorAccessorImpl.newInstance(NativeConstructorAccessorImpl.java:62)
	at java.base/jdk.internal.reflect.DelegatingConstructorAccessorImpl.newInstance(DelegatingConstructorAccessorImpl.java:45)
	at java.base/java.lang.reflect.Constructor.newInstance(Constructor.java:490)
	at ptolemy.util.test.junit.AutoKnownFailedTests.RunModel(AutoKnownFailedTests.java:105)
	at java.base/jdk.internal.reflect.NativeMethodAccessorImpl.invoke0(Native Method)
	at java.base/jdk.internal.reflect.NativeMethodAccessorImpl.invoke(NativeMethodAccessorImpl.java:62)
	at java.base/jdk.internal.reflect.DelegatingMethodAccessorImpl.invoke(DelegatingMethodAccessorImpl.java:43)
	at java.base/java.lang.reflect.Method.invoke(Method.java:566)
	at org.junit.runners.model.FrameworkMethod$1.runReflectiveCall(FrameworkMethod.java:44)
	at org.junit.internal.runners.model.ReflectiveCallable.run(ReflectiveCallable.java:15)
	at org.junit.runners.model.FrameworkMethod.invokeExplosively(FrameworkMethod.java:41)
	at junitparams.internal.InvokeParameterisedMethod.evaluate(InvokeParameterisedMethod.java:102)
	at org.junit.internal.runners.statements.FailOnTimeout$1.run(FailOnTimeout.java:28)
Caused by: ptolemy.kernel.util.IllegalActionException: Found a zero delay loop containing .dependencyLoop2.original
  in .dependencyLoop2 and .dependencyLoop2.original
	at ptolemy.actor.util.CausalityInterfaceForComposites._computeOutputPortDepth(CausalityInterfaceForComposites.java:759)
	at ptolemy.actor.util.CausalityInterfaceForComposites._computeInputDepth(CausalityInterfaceForComposites.java:696)
	at ptolemy.actor.util.CausalityInterfaceForComposites._computeOutputPortDepth(CausalityInterfaceForComposites.java:765)
	at ptolemy.actor.util.CausalityInterfaceForComposites._computeInputDepth(CausalityInterfaceForComposites.java:696)
	at ptolemy.actor.util.CausalityInterfaceForComposites._computeOutputPortDepth(CausalityInterfaceForComposites.java:765)
	at ptolemy.actor.util.CausalityInterfaceForComposites._computeInputDepth(CausalityInterfaceForComposites.java:696)
	at ptolemy.actor.util.CausalityInterfaceForComposites._computeActorDepth(CausalityInterfaceForComposites.java:532)
	at ptolemy.actor.util.CausalityInterfaceForComposites.checkForCycles(CausalityInterfaceForComposites.java:96)
	at ptolemy.domains.de.kernel.DEDirector.preinitialize(DEDirector.java:1338)
	at ptolemy.actor.CompositeActor.preinitialize(CompositeActor.java:1828)
	at ptolemy.actor.Manager.preinitializeAndResolveTypes(Manager.java:1040)
	at ptolemy.actor.Manager.initialize(Manager.java:710)
	at ptolemy.actor.Manager.execute(Manager.java:356)
	at ptolemy.actor.Manager.run(Manager.java:1263)
	at ptolemy.actor.Manager$PtolemyRunThread.run(Manager.java:1915)
]]></system-err>
</testsuite>
