<?xml version="1.0" encoding="UTF-8" ?>
<testsuite errors="0" failures="0" hostname="travis-job-057fe1ca-de46-4cd4-bc8f-0f95a3711b0a" name="ptolemy.domains.de.test.junit.JUnitTclTest" skipped="0" tests="101" time="129.569" timestamp="2019-01-16T03:19:53">
  <properties>
    <property name="npm.executable" value="npm" />
    <property name="file.encoding.pkg" value="sun.io" />
    <property name="env.TRAVIS_ROOT" value="/" />
    <property name="ptII.mk.exists" value="true" />
    <property name="env.TRAVIS_APP_HOST" value="build.travis-ci.org" />
    <property name="env.rvm_bin_path" value="/home/travis/.rvm/bin" />
    <property name="java.home" value="/usr/lib/jvm/java-8-oracle/jre" />
    <property name="env.TRAVIS_JOB_NUMBER" value="917.9" />
    <property name="env.TRAVIS_HOME" value="/home/travis" />
    <property name="env.DISPLAY" value=":99.0" />
    <property name="java.net.preferIPv4Stack" value="true" />
    <property name="env.TRAVIS_INIT" value="upstart" />
    <property name="env.SSH_TTY" value="/dev/pts/0" />
    <property name="env.RUN_TESTS" value="false" />
    <property name="timeout.short" value="1000000" />
    <property name="env.TRAVIS_JOB_NAME" value="" />
    <property name="env.TRAVIS_STACK_NODE_ATTRIBUTES" value="/.node-attributes.yml" />
    <property name="junit.formatter" value="xml" />
    <property name="java.endorsed.dirs" value="/usr/lib/jvm/java-8-oracle/jre/lib/endorsed" />
    <property name="env.TRAVIS_SUDO" value="true" />
    <property name="env.LOGNAME" value="travis" />
    <property name="jsdoc.home" value="node_modules/@terraswarm/jsdoc" />
    <property name="debuglevel" value="source,lines,vars" />
    <property name="checkstyle.formatter" value="xml" />
    <property name="bin.vergil.makeable" value="true" />
    <property name="env._system_version" value="14.04" />
    <property name="sun.os.patch.level" value="unknown" />
    <property name="java.vendor.url" value="http://java.oracle.com/" />
    <property name="env.TRAVIS_BUILD_WEB_URL" value="https://travis-ci.org/icyphy/ptII/builds/480189954" />
    <property name="java.version" value="1.8.0_151" />
    <property name="env.TZ" value="UTC" />
    <property name="env.PT_NO_NET" value="true" />
    <property name="env.TRAVIS_PULL_REQUEST_SHA" value="" />
    <property name="env.TRAVIS_SECURE_ENV_VARS" value="true" />
    <property name="env._system_type" value="Linux" />
    <property name="java.vendor.url.bug" value="http://bugreport.sun.com/bugreport/" />
    <property name="env.SSH_CLIENT" value="10.10.4.94 52444 22" />
    <property name="npmjs-org-is-up" value="true" />
    <property name="env.GEM_HOME" value="/home/travis/.rvm/gems/ruby-2.4.1" />
    <property name="env.HAS_ANTARES_THREE_LITTLE_FRONZIES_BADGE" value="true" />
    <property name="env.PS4" value="+" />
    <property name="ant.project.invoked-targets" value="build,test.core2.xml" />
    <property name="env.TRAVIS_PULL_REQUEST_BRANCH" value="" />
    <property name="env.TRAVIS_REPO_SLUG" value="icyphy/ptII" />
    <property name="env.TRAVIS_APT_PROXY" value="http://build-cache.travisci.net" />
    <property name="node.in.path" value="true" />
    <property name="java.maxmemory" value="1400m" />
    <property name="env.RUBY_VERSION" value="ruby-2.4.1" />
    <property name="user.name" value="travis" />
    <property name="env.LANG" value="en_US.UTF-8" />
    <property name="sun.io.unicode.encoding" value="UnicodeLittle" />
    <property name="sun.jnu.encoding" value="UTF-8" />
    <property name="java.runtime.name" value="Java(TM) SE Runtime Environment" />
    <property name="usefile" value="false" />
    <property name="return.code" value="0" />
    <property name="junit.single.formatter" value="plain" />
    <property name="env.DYLD_LIBRARY_PATH" value="/home/travis/pthla/certi-tools/lib:" />
    <property name="env.DEBIAN_FRONTEND" value="noninteractive" />
    <property name="env.SSH_CONNECTION" value="10.10.4.94 52444 10.20.0.190 22" />
    <property name="env.MYSQL_UNIX_PORT" value="/var/run/mysqld/mysqld.sock" />
    <property name="env.TRAVIS_ALLOW_FAILURE" value="false" />
    <property name="env.LC_ALL" value="en_US.UTF-8" />
    <property name="env.TRAVIS_JOB_WEB_URL" value="https://travis-ci.org/icyphy/ptII/jobs/480189963" />
    <property name="java.specification.name" value="Java Platform API Specification" />
    <property name="node.works" value="true" />
    <property name="user.timezone" value="" />
    <property name="path.separator" value=":" />
    <property name="env.TRAVIS_ENABLE_INFRA_DETECTION" value="true" />
    <property name="env.PYTHON_CFLAGS" value="-g -fstack-protector --param=ssp-buffer-size=4 -Wformat -Werror=format-security" />
    <property name="timeout.long" value="4000000" />
    <property name="env.CERTI_HOME" value="/home/travis/pthla/certi-tools" />
    <property name="file.encoding" value="UTF-8" />
    <property name="ant.file.ptII" value="/home/travis/build/icyphy/ptII/build.xml" />
    <property name="javadoc.packagenames" value="com.*,diva.*,lbnl.*,org.hlacerti.*,org.json.*,org.ptolemy.*,org.terraswarm.*,ptolemy.*,ptserver.*" />
    <property name="env.TRAVIS_PULL_REQUEST_SLUG" value="" />
    <property name="ant.project.default-target" value="build" />
    <property name="env.GIT_ASKPASS" value="echo" />
    <property name="env.HOME" value="/home/travis" />
    <property name="sun.java.command" value="org.apache.tools.ant.taskdefs.optional.junit.JUnitTestRunner ptolemy.domains.de.test.junit.JUnitTclTest skipNonTests=false filtertrace=true haltOnError=false haltOnFailure=false formatter=org.apache.tools.ant.taskdefs.optional.junit.OutErrSummaryJUnitResultFormatter showoutput=true outputtoformatters=true logfailedtests=true threadid=0 logtestlistenerevents=false formatter=org.apache.tools.ant.taskdefs.optional.junit.XMLJUnitResultFormatter,/home/travis/build/icyphy/ptII/reports/junit/TEST-ptolemy.domains.de.test.junit.JUnitTclTest.xml crashfile=/home/travis/build/icyphy/ptII/junitvmwatcher5446111292344605424.properties propsfile=/home/travis/build/icyphy/ptII/junit2713939520437085645.properties" />
    <property name="env.MANPATH" value="/home/travis/.nvm/versions/node/v7.10.1/share/man:/home/travis/.kiex/elixirs/elixir-1.4.5/man:/home/travis/.rvm/rubies/ruby-2.4.1/share/man:/usr/local/man:/usr/local/cmake-3.9.2/man:/usr/local/clang-5.0.0/share/man:/usr/local/share/man:/usr/share/man:/home/travis/.rvm/man" />
    <property name="env.COMPOSER_NO_INTERACTION" value="1" />
    <property name="env.JDK_SWITCHER_DEFAULT" value="oraclejdk8" />
    <property name="env.TRAVIS_TIMER_ID" value="093d39ea" />
    <property name="ant.file" value="/home/travis/build/icyphy/ptII/build.xml" />
    <property name="env.TRAVIS_COMMIT_RANGE" value="370090ba316e78e64e0175495d970d940ec9b912...dcf5a7f912139834551273402f1462cfb748366d" />
    <property name="env._system_name" value="Ubuntu" />
    <property name="timeout" value="2400000" />
    <property name="ptII.classpath.optional.property" value="/home/travis/build/icyphy/ptII/lib/bsh-2.0b4.jar:/home/travis/build/icyphy/ptII/lib/ptCal.jar:/home/travis/build/icyphy/ptII/lib/java_cup.jar:/home/travis/build/icyphy/ptII/lib/saxon8.jar:/home/travis/build/icyphy/ptII/lib/saxon8-dom.jar:/home/travis/build/icyphy/ptII/lib/chic.jar:/home/travis/build/icyphy/ptII/lib/ptcolt.jar:/usr/lib/jvm/java-8-oracle/lib/tools.jar:/usr/lib/eclipse/plugins/org.eclipse.jdt.core_3.8.2.dist.jar:/usr/lib/eclipse/plugins/org.eclipse.core.runtime_3.8.0.dist.jar:/usr/lib/eclipse/plugins/org.eclipse.osgi_3.8.1.dist.jar:/usr/lib/eclipse/plugins/org.eclipse.core.resources_3.8.1.dist.jar:/usr/lib/eclipse/plugins/org.eclipse.equinox.common_3.6.100.dist.jar:/usr/lib/eclipse/plugins/org.eclipse.core.jobs_3.5.200.dist.jar:/usr/lib/eclipse/plugins/org.eclipse.core.contenttype_3.4.200.dist.jar:/usr/lib/eclipse/plugins/org.eclipse.equinox.preferences_3.5.0.dist.jar:/usr/lib/eclipse/plugins/org.eclipse.text_3.5.200.dist.jar:/usr/lib/eclipse/plugins/org.eclipse.ui.workbench_3.8.1.dist.jar:/usr/lib/eclipse/plugins/org.eclipse.jface_3.8.0.dist.jar:/usr/lib/eclipse/plugins/org.eclipse.swt_3.8.2.jar:/usr/lib/eclipse/plugins/org.eclipse.jface.text_3.8.1.dist.jar:/usr/lib/eclipse/plugins/org.eclipse.ui.workbench.texteditor_3.8.0.dist.jar:/usr/lib/eclipse/plugins/org.eclipse.ui.editors_3.8.0.dist.jar:/usr/lib/eclipse/plugins/org.eclipse.core.commands_3.6.1.dist.jar:/usr/lib/eclipse/plugins/org.eclipse.equinox.registry_3.5.200.dist.jar:/usr/lib/eclipse/plugins/org.eclipse.ui.console_3.5.100.dist.jar:/usr/lib/eclipse/plugins/org.eclipse.ui.forms_3.5.200.dist.jar:/usr/lib/eclipse/plugins/org.eclipse.ui.ide_3.8.1.dist.jar:/home/travis/build/icyphy/ptII/vendors/oracle/dbxml.jar:/home/travis/build/icyphy/ptII/vendors/oracle/db.jar:/home/travis/build/icyphy/ptII/vendors/misc/itext/iText.jar:/home/travis/build/icyphy/ptII/lib/g4ltl.jar:/home/travis/build/icyphy/ptII/lib/StructuralCoder.jar:/home/travis/build/icyphy/ptII/lib/org-openide-util.jar:/home/travis/build/icyphy/ptII/lib/org-openide-util-lookup.jar:/home/travis/build/icyphy/ptII/lib/org-netbeans-api-visual.jar:/home/travis/build/icyphy/ptII/vendors/jai-1_1_2_01/lib/jai_core.jar:/home/travis/build/icyphy/ptII/vendors/jai-1_1_2_01/lib/jai_codec.jar:/home/travis/build/icyphy/ptII/lib/jcerti.jar:/home/travis/build/icyphy/ptII/lib/smack.jar:/home/travis/build/icyphy/ptII/lib/smackx.jar:/home/travis/build/icyphy/ptII/lib/jetty-all-8.1.5-v20120716.jar:/home/travis/build/icyphy/ptII/lib/javax.servlet-api-3.0.1.jar:/home/travis/build/icyphy/ptII/lib/javax.mail.jar:/home/travis/build/icyphy/ptII/vendors/JMF-2.1.1e/lib/jmf.jar:/home/travis/build/icyphy/ptII/lib/jna-4.0.0-variadic.jar:/home/travis/build/icyphy/ptII/vendors/misc/joystick/Joystick.jar:/home/travis/build/icyphy/ptII/lib/ptjacl.jar:/home/travis/build/icyphy/ptII/lib/jsoup-1.8.2.jar:/home/travis/build/icyphy/ptII/lib/junit-4.8.2.jar:/home/travis/build/icyphy/ptII/lib/JUnitParams-0.4.0.jar:/home/travis/build/icyphy/ptII/ptolemy/actor/lib/excel/jxl.jar:/home/travis/build/icyphy/ptII/lib/jython.jar:/home/travis/build/icyphy/ptII/lib/kieler.jar:/home/travis/build/icyphy/ptII/vendors/opencv/share/OpenCV/java/opencv-341.jar:/home/travis/build/icyphy/ptII/lib/oscP5.jar:/home/travis/build/icyphy/ptII/lib/nrjavaserial-3.11.0.devel.jar:/home/travis/build/icyphy/ptII/vendors/j3d/lib/j3dcore.jar:/home/travis/build/icyphy/ptII/vendors/j3d/lib/j3dutils.jar:/home/travis/build/icyphy/ptII/vendors/j3d/lib/vecmath.jar:/home/travis/build/icyphy/ptII/ptolemy/distributed/jini/jar/jini-core.jar:/home/travis/build/icyphy/ptII/ptolemy/distributed/jini/jar/jini-ext.jar:/home/travis/build/icyphy/ptII/ptolemy/distributed/jini/jar/sun-util.jar:/home/travis/build/icyphy/ptII/lib/protobuf-java-2.4.1.jar:/home/travis/build/icyphy/ptII/lib/org.eclipse.paho.client.mqttv3.jar:/home/travis/build/icyphy/ptII/ptserver/lib/hessian-4.0.7.jar:/home/travis/build/icyphy/ptII/ptserver/lib/wmqtt.jar:/home/travis/build/icyphy/ptII/lib/mapss.jar:/home/travis/build/icyphy/ptII/ptolemy/actor/ptalon/antlr/antlr.jar:/home/travis/build/icyphy/ptII/lib/JRI.jar:/home/travis/build/icyphy/ptII/lib/commons-lang-2.6.jar:/home/travis/build/icyphy/ptII/lib/commons-logging-1.1.1.jar:/home/travis/build/icyphy/ptII/lib/sootclasses.jar:/home/travis/build/icyphy/ptII/ptolemy/actor/lib/database/mysql-connector-java-5.1.6-bin.jar:/home/travis/build/icyphy/ptII/vendors/misc/sphinx4/sphinx4-data-5prealpha.jar:/home/travis/build/icyphy/ptII/vendors/misc/sphinx4/sphinx4-core-5prealpha.jar:/home/travis/build/icyphy/ptII/lib/PDFRenderer.jar:/home/travis/build/icyphy/ptII/lib/svgSalamander.jar:/home/travis/build/icyphy/ptII/lib/rsyntaxtextarea-2.6.0-SNAPSHOT.jar:/home/travis/build/icyphy/ptII/lib/hazelcast-3.8.2.jar:/home/travis/build/icyphy/ptII/lib/jackson-annotations-2.9.0.jar:/home/travis/build/icyphy/ptII/lib/jackson-core-2.9.3.jar:/home/travis/build/icyphy/ptII/lib/jackson-databind-2.9.3.jar:/home/travis/build/icyphy/ptII/lib/netty-buffer-4.1.19.Final.jar:/home/travis/build/icyphy/ptII/lib/netty-codec-4.1.19.Final.jar:/home/travis/build/icyphy/ptII/lib/netty-codec-dns-4.1.19.Final.jar:/home/travis/build/icyphy/ptII/lib/netty-codec-http-4.1.19.Final.jar:/home/travis/build/icyphy/ptII/lib/netty-codec-http2-4.1.19.Final.jar:/home/travis/build/icyphy/ptII/lib/netty-common-4.1.19.Final.jar:/home/travis/build/icyphy/ptII/lib/netty-handler-4.1.19.Final.jar:/home/travis/build/icyphy/ptII/lib/netty-resolver-4.1.19.Final.jar:/home/travis/build/icyphy/ptII/lib/netty-resolver-dns-4.1.19.Final.jar:/home/travis/build/icyphy/ptII/lib/netty-transport-4.1.19.Final.jar:/home/travis/build/icyphy/ptII/lib/vertx-codegen-3.5.1.jar:/home/travis/build/icyphy/ptII/lib/vertx-core-3.5.2-SNAPSHOT.jar:/home/travis/build/icyphy/ptII/lib/vertx-hazelcast-3.5.1.jar:/home/travis/build/icyphy/ptII/lib/vertx-lang-js-3.5.1.jar:/home/travis/build/icyphy/ptII/lib/vertx-service-proxy-3.5.1.jar:/home/travis/build/icyphy/ptII/lib/vertx-web-3.5.1.jar:/home/travis/build/icyphy/ptII/lib/slf4j-api-1.7.13.jar:/home/travis/build/icyphy/ptII/lib/slf4j-simple-1.7.13.jar:/home/travis/build/icyphy/ptII/lib/webcam-capture-0.3.12.jar:/home/travis/build/icyphy/ptII/lib/bridj-0.7.0.jar:/home/travis/build/icyphy/ptII/lib/xbjlib-1.1.0.nrjavaserial.jar" />
    <property name="test.batch" value="**/junit/*.java" />
    <property name="env._" value="/usr/bin/timeout" />
    <property name="java.io.tmpdir" value="/tmp" />
    <property name="env.TRAVIS_INTERNAL_RUBY_REGEX" value="^ruby-(2\.[0-4]\.[0-9]|1\.9\.3)" />
    <property name="user.language" value="en" />
    <property name="env.HISTCONTROL" value="ignoredups:ignorespace" />
    <property name="env.GOROOT" value="/home/travis/.gimme/versions/go1.7.4.linux.amd64" />
    <property name="line.separator" value="&#xa;" />
    <property name="target" value="1.8" />
    <property name="env.TRAVIS_BUILD_DIR" value="/home/travis/build/icyphy/ptII" />
    <property name="env.ANT_OPTS" value="-Xmx2048m" />
    <property name="ant.file.type" value="file" />
    <property name="ptolemy.ptII.batchMode" value="true" />
    <property name="env.HISTSIZE" value="1000" />
    <property name="env.MERB_ENV" value="test" />
    <property name="java.vm.info" value="mixed mode" />
    <property name="source" value="1.8" />
    <property name="java.vm.specification.name" value="Java Virtual Machine Specification" />
    <property name="env.TRAVIS_TEST_RESULT" value="0" />
    <property name="jsdoc.command" value="node_modules/@terraswarm/jsdoc/jsdoc.js" />
    <property name="npm.works" value="true" />
    <property name="cobertura.dir" value="/home/travis/build/icyphy/ptII/vendors/cobertura-2.0.3" />
    <property name="env.rvm_path" value="/home/travis/.rvm" />
    <property name="env.GEM_PATH" value="/home/travis/.rvm/gems/ruby-2.4.1:/home/travis/.rvm/gems/ruby-2.4.1@global" />
    <property name="env.LC_CTYPE" value="en_US.UTF-8" />
    <property name="java.awt.printerjob" value="sun.print.PSPrinterJob" />
    <property name="env.TRAVIS_CMD" value="$PTII/bin/ptIITravisBuild.sh $SECONDS" />
    <property name="env.TRAVIS_STACK_NAME" value="garnet" />
    <property name="env.TRAVIS_TIMER_START_TIME" value="1547608275149631011" />
    <property name="ant.version" value="Apache Ant(TM) version 1.10.1 compiled on February 2 2017" />
    <property name="ptII.reports" value="/home/travis/build/icyphy/ptII/reports" />
    <property name="env.TRAVIS_STACK_TIMESTAMP" value="2017-12-05 19:33:09 UTC" />
    <property name="ant.file.type.ptII" value="file" />
    <property name="env.RBENV_SHELL" value="bash" />
    <property name="os.name" value="Linux" />
    <property name="java.specification.vendor" value="Oracle Corporation" />
    <property name="env.rvm_version" value="1.29.3 (latest)" />
    <property name="env.TRAVIS_INFRA" value="gce" />
    <property name="env.TERM" value="xterm" />
    <property name="java.vm.name" value="Java HotSpot(TM) 64-Bit Server VM" />
    <property name="env.TRAVIS_BUILD_NUMBER" value="917" />
    <property name="env.CI" value="true" />
    <property name="java.library.path" value="/home/travis/pthla/certi-tools/lib:/usr/lib/jni:/usr/local/share/OpenCV/java/:/usr/share/OpenCV/java::/usr/java/packages/lib/amd64:/usr/lib64:/lib64:/lib:/usr/lib" />
    <property name="env.rvm_prefix" value="/home/travis" />
    <property name="env.PATH" value="/home/travis/pthla/certi-tools/share/scripts:/home/travis/.rvm/gems/ruby-2.4.1/bin:/home/travis/.rvm/gems/ruby-2.4.1@global/bin:/home/travis/.rvm/rubies/ruby-2.4.1/bin:/home/travis/.rvm/bin:/home/travis/.nvm/versions/node/v7.10.1/bin:./node_modules/.bin:/home/travis/build/icyphy/ptII/bin:/home/travis/pthla/certi-tools/bin:/home/travis/bin:/home/travis/.local/bin:/opt/pyenv/shims:/home/travis/.phpenv/shims:/home/travis/perl5/perlbrew/bin:/home/travis/.kiex/elixirs/elixir-1.4.5/bin:/home/travis/.kiex/bin:/home/travis/gopath/bin:/home/travis/.gimme/versions/go1.7.4.linux.amd64/bin:/usr/local/phantomjs/bin:/usr/local/phantomjs:/usr/local/neo4j-3.2.7/bin:/usr/local/maven-3.5.2/bin:/usr/local/cmake-3.9.2/bin:/usr/local/clang-5.0.0/bin:/usr/local/sbin:/usr/local/bin:/usr/sbin:/usr/bin:/sbin:/bin:/home/travis/.phpenv/bin:/opt/pyenv/bin:/home/travis/.yarn/bin" />
    <property name="env.TRAVIS_OS_NAME" value="linux" />
    <property name="ant.java.version" value="1.8" />
    <property name="basedir" value="/home/travis/build/icyphy/ptII" />
    <property name="java.class.version" value="52.0" />
    <property name="env.SHLVL" value="3" />
    <property name="env.LD_LIBRARY_PATH" value="/home/travis/pthla/certi-tools/lib:/usr/lib/jni:/usr/local/share/OpenCV/java/:/usr/share/OpenCV/java:" />
    <property name="env.RACK_ENV" value="test" />
    <property name="ant.home" value="/home/travis/build/icyphy/ptII/ant" />
    <property name="env.PERLBREW_BASHRC_VERSION" value="0.80" />
    <property name="env.NVM_DIR" value="/home/travis/.nvm" />
    <property name="env.TRAVIS_BUILD_ID" value="480189954" />
    <property name="env.CERTI_FOM_PATH" value="/home/travis/pthla/certi-tools/share/federations" />
    <property name="env.PYENV_ROOT" value="/opt/pyenv" />
    <property name="env.TRAVIS_UID" value="2000" />
    <property name="env.rvm_pretty_print_flag" value="auto" />
    <property name="env.NVM_BIN" value="/home/travis/.nvm/versions/node/v7.10.1/bin" />
    <property name="env.TRAVIS_COMMIT" value="dcf5a7f912139834551273402f1462cfb748366d" />
    <property name="env._system_arch" value="x86_64" />
    <property name="node.executable" value="node" />
    <property name="sun.boot.library.path" value="/usr/lib/jvm/java-8-oracle/jre/lib/amd64" />
    <property name="sun.management.compiler" value="HotSpot 64-Bit Tiered Compilers" />
    <property name="env.GOPATH" value="/home/travis/gopath" />
    <property name="java.awt.graphicsenv" value="sun.awt.X11GraphicsEnvironment" />
    <property name="ptolemy.ptII.dir" value="/home/travis/build/icyphy/ptII" />
    <property name="env.USER" value="travis" />
    <property name="env.HISTFILESIZE" value="2000" />
    <property name="timeout.longest" value="19000000" />
    <property name="env.TRAVIS_STACK_FEATURES" value="basic cassandra chromium couchdb disabled-ipv6 docker docker-compose elasticsearch firefox go-toolchain google-chrome jdk memcached mongodb mysql neo4j nodejs_interpreter perl_interpreter perlbrew phantomjs postgresql python_interpreter rabbitmq redis riak ruby_interpreter sqlite xserver" />
    <property name="env.TRAVIS_PULL_REQUEST" value="false" />
    <property name="env.PYENV_SHELL" value="bash" />
    <property name="ant.project.name" value="ptII" />
    <property name="java.vm.specification.version" value="1.8" />
    <property name="env.ANSI_RESET" value="\033[0m" />
    <property name="env.TRAVIS_DIST" value="trusty" />
    <property name="env.CERTI_VERSION" value="4.0.0" />
    <property name="env.NLSPATH" value="/usr/dt/lib/nls/msg/%L/%N.cat" />
    <property name="awt.toolkit" value="sun.awt.X11.XToolkit" />
    <property name="env.CERTI_HOST" value="localhost" />
    <property name="env.MY_RUBY_HOME" value="/home/travis/.rvm/rubies/ruby-2.4.1" />
    <property name="sun.cpu.isalist" value="" />
    <property name="env.TRAVIS_TMPDIR" value="/tmp/tmp.5a4x4TGxcu" />
    <property name="java.ext.dirs" value="/usr/lib/jvm/java-8-oracle/jre/lib/ext:/usr/java/packages/lib/ext" />
    <property name="os.version" value="4.4.0-101-generic" />
    <property name="user.home" value="/home/travis" />
    <property name="env.MIX_ARCHIVES" value="/home/travis/.kiex/mix/elixir-1.4.5" />
    <property name="java.vm.vendor" value="Oracle Corporation" />
    <property name="env.TRAVIS_TAG" value="nightly" />
    <property name="env.ANSI_YELLOW" value="\033[33;1m" />
    <property name="env.TRAVIS_FILTERED" value="redirect_io" />
    <property name="env.ANSI_GREEN" value="\033[32;1m" />
    <property name="env.JAVA_HOME" value="/usr/lib/jvm/java-8-oracle" />
    <property name="env.PTII" value="/home/travis/build/icyphy/ptII" />
    <property name="javadoc.excludepackagenames" value="adm.cvs2svn.*,build.*,config.*,doc.coding.templates.*,jni.test.jni.meaningOfLife.*,jni.test.jni.testDeux.*,jni.test.jni.testTrois.*,org.terraswarm.accessor.accessors.web.node_modules.*,org.terraswarm.accessor.accessors.web.hosts.cordova.demo.*,org.terraswarm.accessor.accessors.web.hosts.cordova.plugins.*,org.terraswarm.accessor.accessors-svn.*,pt-modules.*,ptolemy.apps.agilent.*,ptolemy.apps.anytimecontrol.*,ptolemy.apps.apes.*,ptolemy.apps.charon.*,ptolemy.apps.crazyboard.*,ptolemy.apps.eclipse.*,ptolemy.apps.etherealSting.*,ptolemy.apps.fullscreen.*,ptolemy.apps.giotto.*,ptolemy.apps.ia.*,ptolemy.apps.interfaces.*,ptolemy.apps.jmf.*,ptolemy.apps.kurt.*,ptolemy.apps.kvm.*,ptolemy.apps.lego.*,ptolemy.apps.lejos.*,ptolemy.apps.midp.*,ptolemy.apps.mobileCoding.*,ptolemy.apps.pendulum.*,ptolemy.apps.rijndael.*,ptolemy.apps.robot.*,ptolemy.apps.security.*,ptolemy.apps.sobel.*,ptolemy.apps.soot.*,ptolemy.apps.throttle.*,ptolemy.apps.tini.*,ptolemy.apps.transmission.*,ptolemy.apps.vergil.*,ptolemy.apps.waba.*,ptolemy.apps.websensor.*,ptolemy.apps.webstart.*,ptolemy.apps.xsl.*,ptolemy.apps.zaurus.*,ptolemy.backtrack.eclipse.plugin.*,ptolemy.backtrack.test.*,ptolemy.codegen.c.actor.lib.oldJavaFiles.*,ptolemy.codegen.dsp.lib.*,ptolemy.codegen.kernel.newInterfaces.*,ptolemy.codegen.lib.*,ptolemy.copernicus.kernel.fragment.*,ptolemy.copernicus.shallow.cg.*,ptolemy.domains.giotto.demo.Hierarchy.Hierarchy.*,ptolemy.domains.giotto.demo.Multimode.Multimode.*,ptolemy.domains.giotto.demo.Simple.Simple.*,ptolemy.domains.gr.lib.experimental.*,ptolemy.domains.gro.*,ptolemy.domains.pdf.*,ptolemy.domains.ptinyos.demo.Surge.output.*,ptolemy.moml.test.NoPackageActor.java*,ptolemy.plot.adm.*,ptolemy.plot.servlet.*,reports.*,signed.*,src.*,target.*,vendors.*,ptolemy.cg.adapter.generic.program.procedural.c.mbed*,ptolemy.actor.lib.fmi.fmus.omc*,ptolemy.domains.openmodelica*,ptdb.kernel.bl.save.test.*,ptdb.kernel.bl.load.test.*,ptdb.kernel.bl.search.test.*,ptdb.kernel.bl.migration.test.*,ptdb.kernel.database.test.*,ptdb.test.*,ptdb.gui.test.*,org.ptolemy.scala.*,diva.util.java2d.svg.*,ptolemy.domains.ptinyos.*,ptolemy.actor.lib.fmi.fmipp.*,,org.terraswarm.accessor.accessors.web.node_modules.*,org.terraswarm.accessor.accessors-svn,ptolemy.apps.*,ptolemy.actor.ptalon.demo.ptinyos.SendAndReceiveCnt.output,ptolemy.actor.ptalon.demo.ptinyos.SenseToLeds.output,ptolemy.domains.ptinyos.demo.CntToLedsAndRfm.output,ptolemy.domains.ptinyos.demo.RfmToLeds.output,ptolemy.domains.ptinyos.demo.SendAndReceiveCnt.output,ptolemy.domains.ptinyos.demo.SenseToLeds.output,ptolemy.actor.lib.jjs.modules.udpSocket.*" />
    <property name="env.TRAVIS_COMMIT_MESSAGE" value="Retrained test for error message" />
    <property name="keystore" value="ptKeystore" />
    <property name="env.XDG_SESSION_ID" value="2" />
    <property name="junit.output.dir" value="/home/travis/build/icyphy/ptII/reports/junit" />
    <property name="npm.return.code" value="0" />
    <property name="user.dir" value="/home/travis/build/icyphy/ptII/ptolemy/domains/de/test" />
    <property name="env.TRAVIS_NODE_VERSION" value="7" />
    <property name="env.XFILESEARCHPATH" value="/usr/dt/app-defaults/%L/Dt" />
    <property name="env.TRAVIS_EVENT_TYPE" value="cron" />
    <property name="env.MAIL" value="/var/mail/travis" />
    <property name="env.PWD" value="/home/travis/build/icyphy/ptII" />
    <property name="env.PERLBREW_ROOT" value="/home/travis/perl5/perlbrew" />
    <property name="timeout.npm" value="45000" />
    <property name="env.PT_TRAVIS_TEST_CORE2_XML" value="true" />
    <property name="env.TRAVIS_ARCH" value="amd64" />
    <property name="env.PAGER" value="cat" />
    <property name="sun.cpu.endian" value="little" />
    <property name="env.TRAVIS_BUILD_STAGE_NAME" value="Test" />
    <property name="env.PERLBREW_HOME" value="/home/travis/.perlbrew" />
    <property name="env.RAILS_ENV" value="test" />
    <property name="java.vm.version" value="25.151-b12" />
    <property name="java.class.path" value="/home/travis/build/icyphy/ptII:/home/travis/build/icyphy/ptII/lib/bsh-2.0b4.jar:/home/travis/build/icyphy/ptII/lib/ptCal.jar:/home/travis/build/icyphy/ptII/lib/java_cup.jar:/home/travis/build/icyphy/ptII/lib/saxon8.jar:/home/travis/build/icyphy/ptII/lib/saxon8-dom.jar:/home/travis/build/icyphy/ptII/lib/chic.jar:/home/travis/build/icyphy/ptII/lib/ptcolt.jar:/usr/lib/jvm/java-8-oracle/lib/tools.jar:/usr/lib/eclipse/plugins/org.eclipse.jdt.core_3.8.2.dist.jar:/usr/lib/eclipse/plugins/org.eclipse.core.runtime_3.8.0.dist.jar:/usr/lib/eclipse/plugins/org.eclipse.osgi_3.8.1.dist.jar:/usr/lib/eclipse/plugins/org.eclipse.core.resources_3.8.1.dist.jar:/usr/lib/eclipse/plugins/org.eclipse.equinox.common_3.6.100.dist.jar:/usr/lib/eclipse/plugins/org.eclipse.core.jobs_3.5.200.dist.jar:/usr/lib/eclipse/plugins/org.eclipse.core.contenttype_3.4.200.dist.jar:/usr/lib/eclipse/plugins/org.eclipse.equinox.preferences_3.5.0.dist.jar:/usr/lib/eclipse/plugins/org.eclipse.text_3.5.200.dist.jar:/usr/lib/eclipse/plugins/org.eclipse.ui.workbench_3.8.1.dist.jar:/usr/lib/eclipse/plugins/org.eclipse.jface_3.8.0.dist.jar:/usr/lib/eclipse/plugins/org.eclipse.swt_3.8.2.jar:/usr/lib/eclipse/plugins/org.eclipse.jface.text_3.8.1.dist.jar:/usr/lib/eclipse/plugins/org.eclipse.ui.workbench.texteditor_3.8.0.dist.jar:/usr/lib/eclipse/plugins/org.eclipse.ui.editors_3.8.0.dist.jar:/usr/lib/eclipse/plugins/org.eclipse.core.commands_3.6.1.dist.jar:/usr/lib/eclipse/plugins/org.eclipse.equinox.registry_3.5.200.dist.jar:/usr/lib/eclipse/plugins/org.eclipse.ui.console_3.5.100.dist.jar:/usr/lib/eclipse/plugins/org.eclipse.ui.forms_3.5.200.dist.jar:/usr/lib/eclipse/plugins/org.eclipse.ui.ide_3.8.1.dist.jar:/home/travis/build/icyphy/ptII/vendors/oracle/dbxml.jar:/home/travis/build/icyphy/ptII/vendors/oracle/db.jar:/home/travis/build/icyphy/ptII/vendors/misc/itext/iText.jar:/home/travis/build/icyphy/ptII/lib/g4ltl.jar:/home/travis/build/icyphy/ptII/lib/StructuralCoder.jar:/home/travis/build/icyphy/ptII/lib/org-openide-util.jar:/home/travis/build/icyphy/ptII/lib/org-openide-util-lookup.jar:/home/travis/build/icyphy/ptII/lib/org-netbeans-api-visual.jar:/home/travis/build/icyphy/ptII/vendors/jai-1_1_2_01/lib/jai_core.jar:/home/travis/build/icyphy/ptII/vendors/jai-1_1_2_01/lib/jai_codec.jar:/home/travis/build/icyphy/ptII/lib/jcerti.jar:/home/travis/build/icyphy/ptII/lib/smack.jar:/home/travis/build/icyphy/ptII/lib/smackx.jar:/home/travis/build/icyphy/ptII/lib/jetty-all-8.1.5-v20120716.jar:/home/travis/build/icyphy/ptII/lib/javax.servlet-api-3.0.1.jar:/home/travis/build/icyphy/ptII/lib/javax.mail.jar:/home/travis/build/icyphy/ptII/vendors/JMF-2.1.1e/lib/jmf.jar:/home/travis/build/icyphy/ptII/lib/jna-4.0.0-variadic.jar:/home/travis/build/icyphy/ptII/vendors/misc/joystick/Joystick.jar:/home/travis/build/icyphy/ptII/lib/ptjacl.jar:/home/travis/build/icyphy/ptII/lib/jsoup-1.8.2.jar:/home/travis/build/icyphy/ptII/lib/junit-4.8.2.jar:/home/travis/build/icyphy/ptII/lib/JUnitParams-0.4.0.jar:/home/travis/build/icyphy/ptII/ptolemy/actor/lib/excel/jxl.jar:/home/travis/build/icyphy/ptII/lib/jython.jar:/home/travis/build/icyphy/ptII/lib/kieler.jar:/home/travis/build/icyphy/ptII/vendors/opencv/share/OpenCV/java/opencv-341.jar:/home/travis/build/icyphy/ptII/lib/oscP5.jar:/home/travis/build/icyphy/ptII/lib/nrjavaserial-3.11.0.devel.jar:/home/travis/build/icyphy/ptII/vendors/j3d/lib/j3dcore.jar:/home/travis/build/icyphy/ptII/vendors/j3d/lib/j3dutils.jar:/home/travis/build/icyphy/ptII/vendors/j3d/lib/vecmath.jar:/home/travis/build/icyphy/ptII/ptolemy/distributed/jini/jar/jini-core.jar:/home/travis/build/icyphy/ptII/ptolemy/distributed/jini/jar/jini-ext.jar:/home/travis/build/icyphy/ptII/ptolemy/distributed/jini/jar/sun-util.jar:/home/travis/build/icyphy/ptII/lib/protobuf-java-2.4.1.jar:/home/travis/build/icyphy/ptII/lib/org.eclipse.paho.client.mqttv3.jar:/home/travis/build/icyphy/ptII/ptserver/lib/hessian-4.0.7.jar:/home/travis/build/icyphy/ptII/ptserver/lib/wmqtt.jar:/home/travis/build/icyphy/ptII/lib/mapss.jar:/home/travis/build/icyphy/ptII/ptolemy/actor/ptalon/antlr/antlr.jar:/home/travis/build/icyphy/ptII/lib/JRI.jar:/home/travis/build/icyphy/ptII/lib/commons-lang-2.6.jar:/home/travis/build/icyphy/ptII/lib/commons-logging-1.1.1.jar:/home/travis/build/icyphy/ptII/lib/sootclasses.jar:/home/travis/build/icyphy/ptII/ptolemy/actor/lib/database/mysql-connector-java-5.1.6-bin.jar:/home/travis/build/icyphy/ptII/vendors/misc/sphinx4/sphinx4-data-5prealpha.jar:/home/travis/build/icyphy/ptII/vendors/misc/sphinx4/sphinx4-core-5prealpha.jar:/home/travis/build/icyphy/ptII/lib/PDFRenderer.jar:/home/travis/build/icyphy/ptII/lib/svgSalamander.jar:/home/travis/build/icyphy/ptII/lib/rsyntaxtextarea-2.6.0-SNAPSHOT.jar:/home/travis/build/icyphy/ptII/lib/hazelcast-3.8.2.jar:/home/travis/build/icyphy/ptII/lib/jackson-annotations-2.9.0.jar:/home/travis/build/icyphy/ptII/lib/jackson-core-2.9.3.jar:/home/travis/build/icyphy/ptII/lib/jackson-databind-2.9.3.jar:/home/travis/build/icyphy/ptII/lib/netty-buffer-4.1.19.Final.jar:/home/travis/build/icyphy/ptII/lib/netty-codec-4.1.19.Final.jar:/home/travis/build/icyphy/ptII/lib/netty-codec-dns-4.1.19.Final.jar:/home/travis/build/icyphy/ptII/lib/netty-codec-http-4.1.19.Final.jar:/home/travis/build/icyphy/ptII/lib/netty-codec-http2-4.1.19.Final.jar:/home/travis/build/icyphy/ptII/lib/netty-common-4.1.19.Final.jar:/home/travis/build/icyphy/ptII/lib/netty-handler-4.1.19.Final.jar:/home/travis/build/icyphy/ptII/lib/netty-resolver-4.1.19.Final.jar:/home/travis/build/icyphy/ptII/lib/netty-resolver-dns-4.1.19.Final.jar:/home/travis/build/icyphy/ptII/lib/netty-transport-4.1.19.Final.jar:/home/travis/build/icyphy/ptII/lib/vertx-codegen-3.5.1.jar:/home/travis/build/icyphy/ptII/lib/vertx-core-3.5.2-SNAPSHOT.jar:/home/travis/build/icyphy/ptII/lib/vertx-hazelcast-3.5.1.jar:/home/travis/build/icyphy/ptII/lib/vertx-lang-js-3.5.1.jar:/home/travis/build/icyphy/ptII/lib/vertx-service-proxy-3.5.1.jar:/home/travis/build/icyphy/ptII/lib/vertx-web-3.5.1.jar:/home/travis/build/icyphy/ptII/lib/slf4j-api-1.7.13.jar:/home/travis/build/icyphy/ptII/lib/slf4j-simple-1.7.13.jar:/home/travis/build/icyphy/ptII/lib/webcam-capture-0.3.12.jar:/home/travis/build/icyphy/ptII/lib/bridj-0.7.0.jar:/home/travis/build/icyphy/ptII/lib/xbjlib-1.1.0.nrjavaserial.jar:/home/travis/build/icyphy/ptII/ptolemy/moml/test:/home/travis/build/icyphy/ptII/ant/lib/ant-launcher.jar:/home/travis/build/icyphy/ptII/ant/lib/ant.jar:/home/travis/build/icyphy/ptII/ant/lib/ant-junit.jar:/home/travis/build/icyphy/ptII/ant/lib/ant-junit4.jar" />
    <property name="ant.library.dir" value="/home/travis/build/icyphy/ptII/ant/lib" />
    <property name="os.arch" value="amd64" />
    <property name="env.TRAVIS_LANGUAGE" value="node_js" />
    <property name="env.CONTINUOUS_INTEGRATION" value="true" />
    <property name="env.TRAVIS_STACK_LANGUAGES" value="__garnet__ c c++ clojure cplusplus cpp default go groovy java node_js php pure_java python ruby scala" />
    <property name="test.name" value="ptolemy.actor.lib.test.junit.JUnitTclTest" />
    <property name="sun.java.launcher" value="SUN_STANDARD" />
    <property name="env.PYTHON_CONFIGURE_OPTS" value="--enable-unicode=ucs4 --with-wide-unicode --enable-shared --enable-ipv6 --enable-loadable-sqlite-extensions --with-computed-gotos" />
    <property name="ant.core.lib" value="/home/travis/build/icyphy/ptII/ant/lib/ant.jar" />
    <property name="java.vm.specification.vendor" value="Oracle Corporation" />
    <property name="env.BCVTB_HOME" value="/home/travis/build/icyphy/ptII/lbnl" />
    <property name="file.separator" value="/" />
    <property name="spotbugs.home" value="/home/travis/build/icyphy/ptII/vendors/spotbugs-3.1.1" />
    <property name="java.runtime.version" value="1.8.0_151-b12" />
    <property name="sun.boot.class.path" value="/usr/lib/jvm/java-8-oracle/jre/lib/resources.jar:/usr/lib/jvm/java-8-oracle/jre/lib/rt.jar:/usr/lib/jvm/java-8-oracle/jre/lib/sunrsasign.jar:/usr/lib/jvm/java-8-oracle/jre/lib/jsse.jar:/usr/lib/jvm/java-8-oracle/jre/lib/jce.jar:/usr/lib/jvm/java-8-oracle/jre/lib/charsets.jar:/usr/lib/jvm/java-8-oracle/jre/lib/jfr.jar:/usr/lib/jvm/java-8-oracle/jre/classes" />
    <property name="env.ANSI_CLEAR" value="\033[0K" />
    <property name="env.HAS_JOSH_K_SEAL_OF_APPROVAL" value="true" />
    <property name="env.XDG_RUNTIME_DIR" value="/run/user/2000" />
    <property name="env.TRAVIS_OSX_IMAGE" value="" />
    <property name="env.TRAVIS_BRANCH" value="master" />
    <property name="env.TRAVIS_JOB_ID" value="480189963" />
    <property name="user.country" value="US" />
    <property name="env.CERTI_HOME_TRAVIS" value="/home/travis/pthla/certi-tools" />
    <property name="env.SHELL" value="/bin/bash" />
    <property name="java.maxmemory.large" value="5000m" />
    <property name="model" value="" />
    <property name="env.CASHER_DIR" value="/home/travis/.casher" />
    <property name="env.NVM_CD_FLAGS" value="" />
    <property name="jshint.executable" value="/home/travis/node_modules/jshint/bin/jshint" />
    <property name="java.vendor" value="Oracle Corporation" />
    <property name="env.JRUBY_OPTS" value=" --client -J-XX:+TieredCompilation -J-XX:TieredStopAtLevel=1 -J-Xss2m -Xcompile.invokedynamic=false" />
    <property name="env.TRAVIS_PRE_CHEF_BOOTSTRAP_TIME" value="2017-12-05T19:32:55" />
    <property name="env.TRAVIS_STACK_JOB_BOARD_REGISTER" value="/.job-board-register.yml" />
    <property name="env.ELIXIR_VERSION" value="1.4.5" />
    <property name="env.ANSI_RED" value="\033[31;1m" />
    <property name="java.specification.version" value="1.8" />
    <property name="env.TRAVIS" value="true" />
    <property name="env.IRBRC" value="/home/travis/.rvm/rubies/ruby-2.4.1/.irbrc" />
    <property name="sun.arch.data.model" value="64" />
  </properties>
  <testcase classname="ptolemy.util.test.junit.TclTests" name="[0] /home/travis/build/icyphy/ptII/ptolemy/domains/de/test/DependencyLoop.tcl (RunTclFile)" time="0.772" />
  <testcase classname="ptolemy.util.test.junit.TclTests" name="[1] /home/travis/build/icyphy/ptII/ptolemy/domains/de/test/RunDETestsAsQSS.tcl (RunTclFile)" time="89.58" />
  <testcase classname="ptolemy.util.test.junit.AutoKnownFailedTests" name="[0] /home/travis/build/icyphy/ptII/ptolemy/domains/de/test/auto/knownFailedTests/DESDFClockTest.xml (RunModel)" time="2.039" />
  <testcase classname="ptolemy.util.test.junit.AutoKnownFailedTests" name="[1] /home/travis/build/icyphy/ptII/ptolemy/domains/de/test/auto/knownFailedTests/DirectFeedback.xml (RunModel)" time="0.007" />
  <testcase classname="ptolemy.util.test.junit.AutoKnownFailedTests" name="[2] /home/travis/build/icyphy/ptII/ptolemy/domains/de/test/auto/knownFailedTests/FSMSource.xml (RunModel)" time="0.026" />
  <testcase classname="ptolemy.util.test.junit.AutoKnownFailedTests" name="[3] /home/travis/build/icyphy/ptII/ptolemy/domains/de/test/auto/knownFailedTests/HierarchicalModel.xml (RunModel)" time="0.038" />
  <testcase classname="ptolemy.util.test.junit.AutoKnownFailedTests" name="[4] /home/travis/build/icyphy/ptII/ptolemy/domains/de/test/auto/knownFailedTests/dependencyLoop.xml (RunModel)" time="0.031" />
  <testcase classname="ptolemy.util.test.junit.AutoKnownFailedTests" name="[5] /home/travis/build/icyphy/ptII/ptolemy/domains/de/test/auto/knownFailedTests/dependencyLoop2.xml (RunModel)" time="0.036" />
  <testcase classname="ptolemy.util.test.junit.AutoNameArchTests" name="[0] ThereAreNoAutoArchTests (RunModel)" time="0.0" />
  <testcase classname="ptolemy.util.test.junit.AutoTests" name="[0] /home/travis/build/icyphy/ptII/ptolemy/domains/de/test/auto/ActorDepthCalculation_actorWithoutPorts.xml (RunModel)" time="0.019" />
  <testcase classname="ptolemy.util.test.junit.AutoTests" name="[1] /home/travis/build/icyphy/ptII/ptolemy/domains/de/test/auto/AssemblyLine.xml (RunModel)" time="0.02" />
  <testcase classname="ptolemy.util.test.junit.AutoTests" name="[2] /home/travis/build/icyphy/ptII/ptolemy/domains/de/test/auto/CQBug1.xml (RunModel)" time="0.008" />
  <testcase classname="ptolemy.util.test.junit.AutoTests" name="[3] /home/travis/build/icyphy/ptII/ptolemy/domains/de/test/auto/CancelFireAt.xml (RunModel)" time="0.016" />
  <testcase classname="ptolemy.util.test.junit.AutoTests" name="[4] /home/travis/build/icyphy/ptII/ptolemy/domains/de/test/auto/CausalityAndComposabilityAnalysis.xml (RunModel)" time="0.013" />
  <testcase classname="ptolemy.util.test.junit.AutoTests" name="[5] /home/travis/build/icyphy/ptII/ptolemy/domains/de/test/auto/CausalityInterface1.xml (RunModel)" time="0.01" />
  <testcase classname="ptolemy.util.test.junit.AutoTests" name="[6] /home/travis/build/icyphy/ptII/ptolemy/domains/de/test/auto/CausalityInterface15.xml (RunModel)" time="0.01" />
  <testcase classname="ptolemy.util.test.junit.AutoTests" name="[7] /home/travis/build/icyphy/ptII/ptolemy/domains/de/test/auto/CausalityInterface2.xml (RunModel)" time="0.011" />
  <testcase classname="ptolemy.util.test.junit.AutoTests" name="[8] /home/travis/build/icyphy/ptII/ptolemy/domains/de/test/auto/CausalityInterface3.xml (RunModel)" time="0.009" />
  <testcase classname="ptolemy.util.test.junit.AutoTests" name="[9] /home/travis/build/icyphy/ptII/ptolemy/domains/de/test/auto/ClockDrift.xml (RunModel)" time="0.039" />
  <testcase classname="ptolemy.util.test.junit.AutoTests" name="[10] /home/travis/build/icyphy/ptII/ptolemy/domains/de/test/auto/ClockDriftAndValueChange.xml (RunModel)" time="0.024" />
  <testcase classname="ptolemy.util.test.junit.AutoTests" name="[11] /home/travis/build/icyphy/ptII/ptolemy/domains/de/test/auto/ClockDriftChange.xml (RunModel)" time="0.022" />
  <testcase classname="ptolemy.util.test.junit.AutoTests" name="[12] /home/travis/build/icyphy/ptII/ptolemy/domains/de/test/auto/ComposableCausalityAnalysis.xml (RunModel)" time="0.017" />
  <testcase classname="ptolemy.util.test.junit.AutoTests" name="[13] /home/travis/build/icyphy/ptII/ptolemy/domains/de/test/auto/DEFixedPointLimitation.xml (RunModel)" time="0.008" />
  <testcase classname="ptolemy.util.test.junit.AutoTests" name="[14] /home/travis/build/icyphy/ptII/ptolemy/domains/de/test/auto/DEScheduleTest.xml (RunModel)" time="0.013" />
  <testcase classname="ptolemy.util.test.junit.AutoTests" name="[15] /home/travis/build/icyphy/ptII/ptolemy/domains/de/test/auto/DEinDEwithStartTimes.xml (RunModel)" time="0.011" />
  <testcase classname="ptolemy.util.test.junit.AutoTests" name="[16] /home/travis/build/icyphy/ptII/ptolemy/domains/de/test/auto/DEinDEwithStartTimes2.xml (RunModel)" time="0.012" />
  <testcase classname="ptolemy.util.test.junit.AutoTests" name="[17] /home/travis/build/icyphy/ptII/ptolemy/domains/de/test/auto/DateDemo.xml (RunModel)" time="0.021" />
  <testcase classname="ptolemy.util.test.junit.AutoTests" name="[18] /home/travis/build/icyphy/ptII/ptolemy/domains/de/test/auto/DateToEvent.xml (RunModel)" time="2.031" />
  <testcase classname="ptolemy.util.test.junit.AutoTests" name="[19] /home/travis/build/icyphy/ptII/ptolemy/domains/de/test/auto/DepthTest1.xml (RunModel)" time="0.012" />
  <testcase classname="ptolemy.util.test.junit.AutoTests" name="[20] /home/travis/build/icyphy/ptII/ptolemy/domains/de/test/auto/DepthTest2.xml (RunModel)" time="0.024" />
  <testcase classname="ptolemy.util.test.junit.AutoTests" name="[21] /home/travis/build/icyphy/ptII/ptolemy/domains/de/test/auto/DepthTest3.xml (RunModel)" time="0.014" />
  <testcase classname="ptolemy.util.test.junit.AutoTests" name="[22] /home/travis/build/icyphy/ptII/ptolemy/domains/de/test/auto/DepthTest4.xml (RunModel)" time="0.012" />
  <testcase classname="ptolemy.util.test.junit.AutoTests" name="[23] /home/travis/build/icyphy/ptII/ptolemy/domains/de/test/auto/DepthTest5.xml (RunModel)" time="0.013" />
  <testcase classname="ptolemy.util.test.junit.AutoTests" name="[24] /home/travis/build/icyphy/ptII/ptolemy/domains/de/test/auto/DepthTest6.xml (RunModel)" time="0.013" />
  <testcase classname="ptolemy.util.test.junit.AutoTests" name="[25] /home/travis/build/icyphy/ptII/ptolemy/domains/de/test/auto/DepthTest7.xml (RunModel)" time="0.022" />
  <testcase classname="ptolemy.util.test.junit.AutoTests" name="[26] /home/travis/build/icyphy/ptII/ptolemy/domains/de/test/auto/EventToDate.xml (RunModel)" time="3.037" />
  <testcase classname="ptolemy.util.test.junit.AutoTests" name="[27] /home/travis/build/icyphy/ptII/ptolemy/domains/de/test/auto/FSM1.xml (RunModel)" time="0.029" />
  <testcase classname="ptolemy.util.test.junit.AutoTests" name="[28] /home/travis/build/icyphy/ptII/ptolemy/domains/de/test/auto/FSM7.xml (RunModel)" time="0.028" />
  <testcase classname="ptolemy.util.test.junit.AutoTests" name="[29] /home/travis/build/icyphy/ptII/ptolemy/domains/de/test/auto/Inspection.xml (RunModel)" time="0.035" />
  <testcase classname="ptolemy.util.test.junit.AutoTests" name="[30] /home/travis/build/icyphy/ptII/ptolemy/domains/de/test/auto/Iteration.xml (RunModel)" time="0.017" />
  <testcase classname="ptolemy.util.test.junit.AutoTests" name="[31] /home/travis/build/icyphy/ptII/ptolemy/domains/de/test/auto/LineFault.xml (RunModel)" time="0.525" />
  <testcase classname="ptolemy.util.test.junit.AutoTests" name="[32] /home/travis/build/icyphy/ptII/ptolemy/domains/de/test/auto/MergeModel1Add.xml (RunModel)" time="0.036" />
  <testcase classname="ptolemy.util.test.junit.AutoTests" name="[33] /home/travis/build/icyphy/ptII/ptolemy/domains/de/test/auto/MergeModel2Add.xml (RunModel)" time="0.033" />
  <testcase classname="ptolemy.util.test.junit.AutoTests" name="[34] /home/travis/build/icyphy/ptII/ptolemy/domains/de/test/auto/MergeModel3Add.xml (RunModel)" time="0.035" />
  <testcase classname="ptolemy.util.test.junit.AutoTests" name="[35] /home/travis/build/icyphy/ptII/ptolemy/domains/de/test/auto/MergeWithoutDiscard.xml (RunModel)" time="0.009" />
  <testcase classname="ptolemy.util.test.junit.AutoTests" name="[36] /home/travis/build/icyphy/ptII/ptolemy/domains/de/test/auto/Modal1.xml (RunModel)" time="0.026" />
  <testcase classname="ptolemy.util.test.junit.AutoTests" name="[37] /home/travis/build/icyphy/ptII/ptolemy/domains/de/test/auto/Modal2.xml (RunModel)" time="0.026" />
  <testcase classname="ptolemy.util.test.junit.AutoTests" name="[38] /home/travis/build/icyphy/ptII/ptolemy/domains/de/test/auto/Modal3.xml (RunModel)" time="0.026" />
  <testcase classname="ptolemy.util.test.junit.AutoTests" name="[39] /home/travis/build/icyphy/ptII/ptolemy/domains/de/test/auto/Modal4.xml (RunModel)" time="0.026" />
  <testcase classname="ptolemy.util.test.junit.AutoTests" name="[40] /home/travis/build/icyphy/ptII/ptolemy/domains/de/test/auto/Modal5.xml (RunModel)" time="0.025" />
  <testcase classname="ptolemy.util.test.junit.AutoTests" name="[41] /home/travis/build/icyphy/ptII/ptolemy/domains/de/test/auto/Modal6.xml (RunModel)" time="0.025" />
  <testcase classname="ptolemy.util.test.junit.AutoTests" name="[42] /home/travis/build/icyphy/ptII/ptolemy/domains/de/test/auto/Modal7.xml (RunModel)" time="0.028" />
  <testcase classname="ptolemy.util.test.junit.AutoTests" name="[43] /home/travis/build/icyphy/ptII/ptolemy/domains/de/test/auto/ModalModel.xml (RunModel)" time="0.134" />
  <testcase classname="ptolemy.util.test.junit.AutoTests" name="[44] /home/travis/build/icyphy/ptII/ptolemy/domains/de/test/auto/ModalSource.xml (RunModel)" time="0.015" />
  <testcase classname="ptolemy.util.test.junit.AutoTests" name="[45] /home/travis/build/icyphy/ptII/ptolemy/domains/de/test/auto/NonInterruptibleTimerZeroDelay.xml (RunModel)" time="0.01" />
  <testcase classname="ptolemy.util.test.junit.AutoTests" name="[46] /home/travis/build/icyphy/ptII/ptolemy/domains/de/test/auto/OpenQueueingNetwork.xml (RunModel)" time="2.12" />
  <testcase classname="ptolemy.util.test.junit.AutoTests" name="[47] /home/travis/build/icyphy/ptII/ptolemy/domains/de/test/auto/OpenQueuingNetwork.xml (RunModel)" time="0.271" />
  <testcase classname="ptolemy.util.test.junit.AutoTests" name="[48] /home/travis/build/icyphy/ptII/ptolemy/domains/de/test/auto/PeriodicSampler.xml (RunModel)" time="0.013" />
  <testcase classname="ptolemy.util.test.junit.AutoTests" name="[49] /home/travis/build/icyphy/ptII/ptolemy/domains/de/test/auto/PersistentIO.xml (RunModel)" time="0.017" />
  <testcase classname="ptolemy.util.test.junit.AutoTests" name="[50] /home/travis/build/icyphy/ptII/ptolemy/domains/de/test/auto/PortParameterResetOnInitialize.xml (RunModel)" time="0.008" />
  <testcase classname="ptolemy.util.test.junit.AutoTests" name="[51] /home/travis/build/icyphy/ptII/ptolemy/domains/de/test/auto/PortParameterUpdates.xml (RunModel)" time="0.013" />
  <testcase classname="ptolemy.util.test.junit.AutoTests" name="[52] /home/travis/build/icyphy/ptII/ptolemy/domains/de/test/auto/QueueAndServer.xml (RunModel)" time="0.019" />
  <testcase classname="ptolemy.util.test.junit.AutoTests" name="[53] /home/travis/build/icyphy/ptII/ptolemy/domains/de/test/auto/Records.xml (RunModel)" time="0.013" />
  <testcase classname="ptolemy.util.test.junit.AutoTests" name="[54] /home/travis/build/icyphy/ptII/ptolemy/domains/de/test/auto/ResetTransitionWithStartTime1.xml (RunModel)" time="0.017" />
  <testcase classname="ptolemy.util.test.junit.AutoTests" name="[55] /home/travis/build/icyphy/ptII/ptolemy/domains/de/test/auto/ResetTransitionWithStartTime2.xml (RunModel)" time="0.02" />
  <testcase classname="ptolemy.util.test.junit.AutoTests" name="[56] /home/travis/build/icyphy/ptII/ptolemy/domains/de/test/auto/ResetTransitionWithStartTime3.xml (RunModel)" time="0.018" />
  <testcase classname="ptolemy.util.test.junit.AutoTests" name="[57] /home/travis/build/icyphy/ptII/ptolemy/domains/de/test/auto/ResetTransitionWithStartTime4.xml (RunModel)" time="0.018" />
  <testcase classname="ptolemy.util.test.junit.AutoTests" name="[58] /home/travis/build/icyphy/ptII/ptolemy/domains/de/test/auto/ResettableTimer1.xml (RunModel)" time="0.009" />
  <testcase classname="ptolemy.util.test.junit.AutoTests" name="[59] /home/travis/build/icyphy/ptII/ptolemy/domains/de/test/auto/ResettableTimer2.xml (RunModel)" time="0.008" />
  <testcase classname="ptolemy.util.test.junit.AutoTests" name="[60] /home/travis/build/icyphy/ptII/ptolemy/domains/de/test/auto/ResettableTimer3.xml (RunModel)" time="0.008" />
  <testcase classname="ptolemy.util.test.junit.AutoTests" name="[61] /home/travis/build/icyphy/ptII/ptolemy/domains/de/test/auto/ResettableTimer4.xml (RunModel)" time="0.009" />
  <testcase classname="ptolemy.util.test.junit.AutoTests" name="[62] /home/travis/build/icyphy/ptII/ptolemy/domains/de/test/auto/ResettableTimer5.xml (RunModel)" time="0.01" />
  <testcase classname="ptolemy.util.test.junit.AutoTests" name="[63] /home/travis/build/icyphy/ptII/ptolemy/domains/de/test/auto/ResettableTimer6.xml (RunModel)" time="0.017" />
  <testcase classname="ptolemy.util.test.junit.AutoTests" name="[64] /home/travis/build/icyphy/ptII/ptolemy/domains/de/test/auto/ServerZeroDelay.xml (RunModel)" time="0.01" />
  <testcase classname="ptolemy.util.test.junit.AutoTests" name="[65] /home/travis/build/icyphy/ptII/ptolemy/domains/de/test/auto/SmartSender.xml (RunModel)" time="3.008" />
  <testcase classname="ptolemy.util.test.junit.AutoTests" name="[66] /home/travis/build/icyphy/ptII/ptolemy/domains/de/test/auto/ThreadedComposite.xml (RunModel)" time="0.131" />
  <testcase classname="ptolemy.util.test.junit.AutoTests" name="[67] /home/travis/build/icyphy/ptII/ptolemy/domains/de/test/auto/Time.xml (RunModel)" time="0.422" />
  <testcase classname="ptolemy.util.test.junit.AutoTests" name="[68] /home/travis/build/icyphy/ptII/ptolemy/domains/de/test/auto/TimeDelayZeroDelay.xml (RunModel)" time="0.014" />
  <testcase classname="ptolemy.util.test.junit.AutoTests" name="[69] /home/travis/build/icyphy/ptII/ptolemy/domains/de/test/auto/TimerZeroDelay.xml (RunModel)" time="0.009" />
  <testcase classname="ptolemy.util.test.junit.AutoTests" name="[70] /home/travis/build/icyphy/ptII/ptolemy/domains/de/test/auto/TimingParadox.xml (RunModel)" time="0.336" />
  <testcase classname="ptolemy.util.test.junit.AutoTests" name="[71] /home/travis/build/icyphy/ptII/ptolemy/domains/de/test/auto/TransferInputs.xml (RunModel)" time="0.008" />
  <testcase classname="ptolemy.util.test.junit.AutoTests" name="[72] /home/travis/build/icyphy/ptII/ptolemy/domains/de/test/auto/TransferOutputs2.xml (RunModel)" time="0.013" />
  <testcase classname="ptolemy.util.test.junit.AutoTests" name="[73] /home/travis/build/icyphy/ptII/ptolemy/domains/de/test/auto/Trilateration.xml (RunModel)" time="11.335" />
  <testcase classname="ptolemy.util.test.junit.AutoTests" name="[74] /home/travis/build/icyphy/ptII/ptolemy/domains/de/test/auto/TwoSigmaDelta.xml (RunModel)" time="2.076" />
  <testcase classname="ptolemy.util.test.junit.AutoTests" name="[75] /home/travis/build/icyphy/ptII/ptolemy/domains/de/test/auto/VariableDelay.xml (RunModel)" time="0.025" />
  <testcase classname="ptolemy.util.test.junit.AutoTests" name="[76] /home/travis/build/icyphy/ptII/ptolemy/domains/de/test/auto/VariableDelay2.xml (RunModel)" time="0.008" />
  <testcase classname="ptolemy.util.test.junit.AutoTests" name="[77] /home/travis/build/icyphy/ptII/ptolemy/domains/de/test/auto/VariableDelayZeroDelay.xml (RunModel)" time="0.009" />
  <testcase classname="ptolemy.util.test.junit.AutoTests" name="[78] /home/travis/build/icyphy/ptII/ptolemy/domains/de/test/auto/VariableDelayZeroDelay2.xml (RunModel)" time="0.009" />
  <testcase classname="ptolemy.util.test.junit.AutoTests" name="[79] /home/travis/build/icyphy/ptII/ptolemy/domains/de/test/auto/deInCt.xml (RunModel)" time="0.018" />
  <testcase classname="ptolemy.util.test.junit.AutoTests" name="[80] /home/travis/build/icyphy/ptII/ptolemy/domains/de/test/auto/deInCt2.xml (RunModel)" time="0.014" />
  <testcase classname="ptolemy.util.test.junit.AutoTests" name="[81] /home/travis/build/icyphy/ptII/ptolemy/domains/de/test/auto/dynamicCausalityInterface1.xml (RunModel)" time="0.017" />
  <testcase classname="ptolemy.util.test.junit.AutoTests" name="[82] /home/travis/build/icyphy/ptII/ptolemy/domains/de/test/auto/fsm_de_test.xml (RunModel)" time="0.024" />
  <testcase classname="ptolemy.util.test.junit.AutoTests" name="[83] /home/travis/build/icyphy/ptII/ptolemy/domains/de/test/auto/functionDependencyReconstruction.xml (RunModel)" time="0.031" />
  <testcase classname="ptolemy.util.test.junit.AutoTests" name="[84] /home/travis/build/icyphy/ptII/ptolemy/domains/de/test/auto/multirate.xml (RunModel)" time="0.016" />
  <testcase classname="ptolemy.util.test.junit.AutoTests" name="[85] /home/travis/build/icyphy/ptII/ptolemy/domains/de/test/auto/multirate2.xml (RunModel)" time="0.014" />
  <testcase classname="ptolemy.util.test.junit.AutoTests" name="[86] /home/travis/build/icyphy/ptII/ptolemy/domains/de/test/auto/realtime.xml (RunModel)" time="10.012" />
  <testcase classname="ptolemy.util.test.junit.AutoTests" name="[87] /home/travis/build/icyphy/ptII/ptolemy/domains/de/test/auto/relationGroup.xml (RunModel)" time="0.01" />
  <testcase classname="ptolemy.util.test.junit.AutoTests" name="[88] /home/travis/build/icyphy/ptII/ptolemy/domains/de/test/auto/relationGroup2.xml (RunModel)" time="0.008" />
  <testcase classname="ptolemy.util.test.junit.AutoTests" name="[89] /home/travis/build/icyphy/ptII/ptolemy/domains/de/test/auto/sortWithOpaquePorts.xml (RunModel)" time="0.008" />
  <testcase classname="ptolemy.util.test.junit.AutoTests" name="[90] /home/travis/build/icyphy/ptII/ptolemy/domains/de/test/auto/transferInputsandOutputs.xml (RunModel)" time="0.014" />
  <testcase classname="ptolemy.util.test.junit.AutoTests" name="[91] /home/travis/build/icyphy/ptII/ptolemy/domains/de/test/auto/triggerType.xml (RunModel)" time="0.009" />
  <system-out><![CDATA[/home/travis/build/icyphy/ptII/ptolemy/domains/de/test/DependencyLoop.tcl
testDefs.tcl: setting time out to 9000 seconds at Wed Jan 16 03:19:53 UTC 2019
26 ms. Memory: 116224K Free: 93929K (81%)
8 ms. Memory: 146944K Free: 135426K (92%)
/home/travis/build/icyphy/ptII/ptolemy/domains/de/test/RunDETestsAsQSS.tcl
Run the DE tests using ptolemy.domains.qss.test.QSSDirectorTest, which extends QSSDirector and prints a message in the constructors.
------------------ testing $PTII/ptolemy/domains/de/test/auto/knownFailedTests/dependencyLoop.xml (Known Failure) 
11 ms. Memory: 146944K Free: 132314K (90%)


==== $PTIIhome/travis/build/icyphy/ptII/ptolemy/domains/de/test/../../../../: Auto Automatic test in file $PTII/ptolemy/domains/de/test/auto/knownFailedTests/dependencyLoop.xml
==== Contents of test case:

	    # FIXME: we should use $relativeFilename here, but it
	    # might have backslashes under Windows, which causes no end
	    # of trouble.
	    createAndExecute $file
	    list {}
	
.... Test generated KNOWN error:
    while executing
ptolemy.kernel.util.IllegalActionException: Found a zero delay loop containing .dependencyLoop.original
  in .dependencyLoop and .dependencyLoop.original
	at ptolemy.actor.util.CausalityInterfaceForComposites._computeOutputPortDepth(CausalityInterfaceForComposites.java:759)
	at ptolemy.actor.util.CausalityInterfaceForComposites._computeInputDepth(CausalityInterfaceForComposites.java:696)
	at ptolemy.actor.util.CausalityInterfaceForComposites._computeOutputPortDepth(CausalityInterfaceForComposites.java:765)
	at ptolemy.actor.util.CausalityInterfaceForComposites._computeInputDepth(CausalityInterfaceForComposites.java:696)
	at ptolemy.actor.util.CausalityInterfaceForComposites._computeOutputPortDepth(CausalityInterfaceForComposites.java:765)
	at ptolemy.actor.util.CausalityInterfaceForComposites._computeInputDepth(CausalityInterfaceForComposites.java:696)
	at ptolemy.actor.util.CausalityInterfaceForComposites._computeActorDepth(CausalityInterfaceForComposites.java:532)
	at ptolemy.actor.util.CausalityInterfaceForComposites.checkForCycles(CausalityInterfaceForComposites.java:96)
	at ptolemy.domains.de.kernel.DEDirector.preinitialize(DEDirector.java:1338)
	at ptolemy.actor.CompositeActor.preinitialize(CompositeActor.java:1828)
	at ptolemy.actor.Manager.preinitializeAndResolveTypes(Manager.java:1040)
	at ptolemy.actor.Manager.initialize(Manager.java:710)
	at ptolemy.actor.Manager.execute(Manager.java:356)
	at ptolemy.actor.Manager.run(Manager.java:1263)
	at ptolemy.actor.Manager$PtolemyRunThread.run(Manager.java:1915)

    while executing
ptolemy.kernel.util.IllegalActionException: Found a zero delay loop containing .dependencyLoop.original
  in .dependencyLoop and .dependencyLoop.original
    while executing
"java::new ptolemy.moml.MoMLSimpleApplication $file
"
    (procedure "createAndExecute" line 2)
    invoked from within
"createAndExecute $file"
    ("uplevel" body line 5)
    invoked from within
"uplevel $contents_of_test"
------------------ testing $PTII/ptolemy/domains/de/test/auto/knownFailedTests/DESDFClockTest.xml (Known Failure) 
2086 ms. Memory: 146944K Free: 116474K (79%)


==== $PTIIhome/travis/build/icyphy/ptII/ptolemy/domains/de/test/../../../../: Auto Automatic test in file $PTII/ptolemy/domains/de/test/auto/knownFailedTests/DESDFClockTest.xml
==== Contents of test case:

	    # FIXME: we should use $relativeFilename here, but it
	    # might have backslashes under Windows, which causes no end
	    # of trouble.
	    createAndExecute $file
	    list {}
	
.... Test generated KNOWN error:
    while executing
ptolemy.kernel.util.IllegalActionException: Actor is not ready to fire.  Perhaps UpSample.prefire() returned false? Try debugging the actor by selecting "Listen to Actor".  Also, for SDF check moml for tokenConsumptionRate on input.
  in .DESDFClockTest.Play Bell.Copy1:SDF Director and .DESDFClockTest.Play Bell.UpSample
	at ptolemy.actor.sched.StaticSchedulingDirector.fire(StaticSchedulingDirector.java:227)
	at ptolemy.domains.sdf.kernel.SDFDirector.fire(SDFDirector.java:500)
	at ptolemy.actor.CompositeActor.fire(CompositeActor.java:455)
	at ptolemy.domains.de.kernel.DEDirector._fire(DEDirector.java:1949)
	at ptolemy.domains.de.kernel.DEDirector.fire(DEDirector.java:502)
	at ptolemy.actor.CompositeActor.fire(CompositeActor.java:455)
	at ptolemy.actor.Manager.iterate(Manager.java:851)
	at ptolemy.actor.Manager.execute(Manager.java:369)
	at ptolemy.actor.Manager.run(Manager.java:1263)
	at ptolemy.actor.Manager$PtolemyRunThread.run(Manager.java:1915)

    while executing
ptolemy.kernel.util.IllegalActionException: Actor is not ready to fire.  Perhaps UpSample.prefire() returned false? Try debugging the actor by selecting "Listen to Actor".  Also, for SDF check moml for tokenConsumptionRate on input.
  in .DESDFClockTest.Play Bell.Copy1:SDF Director and .DESDFClockTest.Play Bell.UpSample
    while executing
"java::new ptolemy.moml.MoMLSimpleApplication $file
"
    (procedure "createAndExecute" line 2)
    invoked from within
"createAndExecute $file"
    ("uplevel" body line 5)
    invoked from within
"uplevel $contents_of_test"
------------------ testing $PTII/ptolemy/domains/de/test/auto/knownFailedTests/FSMSource.xml (Known Failure) 
20 ms. Memory: 146944K Free: 106885K (73%)
!!!! Auto was marked as failing, but now passes
------------------ testing $PTII/ptolemy/domains/de/test/auto/knownFailedTests/dependencyLoop2.xml (Known Failure) 
7 ms. Memory: 146944K Free: 105001K (71%)


==== $PTIIhome/travis/build/icyphy/ptII/ptolemy/domains/de/test/../../../../: Auto Automatic test in file $PTII/ptolemy/domains/de/test/auto/knownFailedTests/dependencyLoop2.xml
==== Contents of test case:

	    # FIXME: we should use $relativeFilename here, but it
	    # might have backslashes under Windows, which causes no end
	    # of trouble.
	    createAndExecute $file
	    list {}
	
.... Test generated KNOWN error:
    while executing
ptolemy.kernel.util.IllegalActionException: Found a zero delay loop containing .dependencyLoop2.original
  in .dependencyLoop2 and .dependencyLoop2.original
	at ptolemy.actor.util.CausalityInterfaceForComposites._computeOutputPortDepth(CausalityInterfaceForComposites.java:759)
	at ptolemy.actor.util.CausalityInterfaceForComposites._computeInputDepth(CausalityInterfaceForComposites.java:696)
	at ptolemy.actor.util.CausalityInterfaceForComposites._computeOutputPortDepth(CausalityInterfaceForComposites.java:765)
	at ptolemy.actor.util.CausalityInterfaceForComposites._computeInputDepth(CausalityInterfaceForComposites.java:696)
	at ptolemy.actor.util.CausalityInterfaceForComposites._computeOutputPortDepth(CausalityInterfaceForComposites.java:765)
	at ptolemy.actor.util.CausalityInterfaceForComposites._computeInputDepth(CausalityInterfaceForComposites.java:696)
	at ptolemy.actor.util.CausalityInterfaceForComposites._computeActorDepth(CausalityInterfaceForComposites.java:532)
	at ptolemy.actor.util.CausalityInterfaceForComposites.checkForCycles(CausalityInterfaceForComposites.java:96)
	at ptolemy.domains.de.kernel.DEDirector.preinitialize(DEDirector.java:1338)
	at ptolemy.actor.CompositeActor.preinitialize(CompositeActor.java:1828)
	at ptolemy.actor.Manager.preinitializeAndResolveTypes(Manager.java:1040)
	at ptolemy.actor.Manager.initialize(Manager.java:710)
	at ptolemy.actor.Manager.execute(Manager.java:356)
	at ptolemy.actor.Manager.run(Manager.java:1263)
	at ptolemy.actor.Manager$PtolemyRunThread.run(Manager.java:1915)

    while executing
ptolemy.kernel.util.IllegalActionException: Found a zero delay loop containing .dependencyLoop2.original
  in .dependencyLoop2 and .dependencyLoop2.original
    while executing
"java::new ptolemy.moml.MoMLSimpleApplication $file
"
    (procedure "createAndExecute" line 2)
    invoked from within
"createAndExecute $file"
    ("uplevel" body line 5)
    invoked from within
"uplevel $contents_of_test"
------------------ testing $PTII/ptolemy/domains/de/test/auto/knownFailedTests/HierarchicalModel.xml (Known Failure) 
6 ms. Memory: 146944K Free: 84476K (57%)


==== $PTIIhome/travis/build/icyphy/ptII/ptolemy/domains/de/test/../../../../: Auto Automatic test in file $PTII/ptolemy/domains/de/test/auto/knownFailedTests/HierarchicalModel.xml
==== Contents of test case:

	    # FIXME: we should use $relativeFilename here, but it
	    # might have backslashes under Windows, which causes no end
	    # of trouble.
	    createAndExecute $file
	    list {}
	
.... Test generated KNOWN error:
    while executing
ptolemy.kernel.util.IllegalActionException: Found a zero delay loop containing .HierarchicalModel.A
  in .HierarchicalModel and .HierarchicalModel.A
	at ptolemy.actor.util.CausalityInterfaceForComposites._computeOutputPortDepth(CausalityInterfaceForComposites.java:759)
	at ptolemy.actor.util.CausalityInterfaceForComposites._computeInputDepth(CausalityInterfaceForComposites.java:696)
	at ptolemy.actor.util.CausalityInterfaceForComposites._computeOutputPortDepth(CausalityInterfaceForComposites.java:765)
	at ptolemy.actor.util.CausalityInterfaceForComposites._computeInputDepth(CausalityInterfaceForComposites.java:696)
	at ptolemy.actor.util.CausalityInterfaceForComposites._computeOutputPortDepth(CausalityInterfaceForComposites.java:765)
	at ptolemy.actor.util.CausalityInterfaceForComposites._computeInputDepth(CausalityInterfaceForComposites.java:696)
	at ptolemy.actor.util.CausalityInterfaceForComposites._computeActorDepth(CausalityInterfaceForComposites.java:532)
	at ptolemy.actor.util.CausalityInterfaceForComposites.checkForCycles(CausalityInterfaceForComposites.java:96)
	at ptolemy.domains.de.kernel.DEDirector.preinitialize(DEDirector.java:1338)
	at ptolemy.actor.CompositeActor.preinitialize(CompositeActor.java:1828)
	at ptolemy.actor.Manager.preinitializeAndResolveTypes(Manager.java:1040)
	at ptolemy.actor.Manager.initialize(Manager.java:710)
	at ptolemy.actor.Manager.execute(Manager.java:356)
	at ptolemy.actor.Manager.run(Manager.java:1263)
	at ptolemy.actor.Manager$PtolemyRunThread.run(Manager.java:1915)

    while executing
ptolemy.kernel.util.IllegalActionException: Found a zero delay loop containing .HierarchicalModel.A
  in .HierarchicalModel and .HierarchicalModel.A
    while executing
"java::new ptolemy.moml.MoMLSimpleApplication $file
"
    (procedure "createAndExecute" line 2)
    invoked from within
"createAndExecute $file"
    ("uplevel" body line 5)
    invoked from within
"uplevel $contents_of_test"
------------------ testing $PTII/ptolemy/domains/de/test/auto/knownFailedTests/DirectFeedback.xml (Known Failure) 
8 ms. Memory: 146944K Free: 140103K (95%)


==== $PTIIhome/travis/build/icyphy/ptII/ptolemy/domains/de/test/../../../../: Auto Automatic test in file $PTII/ptolemy/domains/de/test/auto/knownFailedTests/DirectFeedback.xml
==== Contents of test case:

	    # FIXME: we should use $relativeFilename here, but it
	    # might have backslashes under Windows, which causes no end
	    # of trouble.
	    createAndExecute $file
	    list {}
	
.... Test generated KNOWN error:
    while executing
ptolemy.kernel.util.IllegalActionException: Test fails in iteration 1.
Value was: 1.0. Should have been: 2.0
  in .DirectFeedback.Test
	at ptolemy.actor.lib.Test.fire(Test.java:268)
	at ptolemy.domains.de.kernel.DEDirector._fire(DEDirector.java:1949)
	at ptolemy.domains.de.kernel.DEDirector.fire(DEDirector.java:502)
	at ptolemy.actor.CompositeActor.fire(CompositeActor.java:455)
	at ptolemy.actor.Manager.iterate(Manager.java:851)
	at ptolemy.actor.Manager.execute(Manager.java:369)
	at ptolemy.actor.Manager.run(Manager.java:1263)
	at ptolemy.actor.Manager$PtolemyRunThread.run(Manager.java:1915)

    while executing
ptolemy.kernel.util.IllegalActionException: Test fails in iteration 1.
Value was: 1.0. Should have been: 2.0
  in .DirectFeedback.Test
    while executing
"java::new ptolemy.moml.MoMLSimpleApplication $file
"
    (procedure "createAndExecute" line 2)
    invoked from within
"createAndExecute $file"
    ("uplevel" body line 5)
    invoked from within
"uplevel $contents_of_test"
------------------ testing $PTII/ptolemy/domains/de/test/auto/ActorDepthCalculation_actorWithoutPorts.xml
auto.tcl: Setting watchdog for 200 seconds at Wed Jan 16 03:19:56 UTC 2019
10 ms. Memory: 146944K Free: 132453K (90%)
ptolemy.util.test.WatchDog.cancel(): canceling Wed Jan 16 03:19:56 UTC 2019
auto.tcl: Setting watchdog for 200 seconds at Wed Jan 16 03:19:56 UTC 2019
4 ms. Memory: 146944K Free: 130383K (89%)
ptolemy.util.test.WatchDog.cancel(): canceling Wed Jan 16 03:19:56 UTC 2019
------------------ testing $PTII/ptolemy/domains/de/test/auto/AssemblyLine.xml
auto.tcl: Setting watchdog for 200 seconds at Wed Jan 16 03:19:57 UTC 2019
16 ms. Memory: 208384K Free: 182835K (88%)
ptolemy.util.test.WatchDog.cancel(): canceling Wed Jan 16 03:19:57 UTC 2019
auto.tcl: Setting watchdog for 200 seconds at Wed Jan 16 03:19:57 UTC 2019
5 ms. Memory: 208384K Free: 182835K (88%)
ptolemy.util.test.WatchDog.cancel(): canceling Wed Jan 16 03:19:57 UTC 2019
------------------ testing $PTII/ptolemy/domains/de/test/auto/CQBug1.xml
auto.tcl: Setting watchdog for 200 seconds at Wed Jan 16 03:19:57 UTC 2019
17 ms. Memory: 208384K Free: 197703K (95%)
ptolemy.util.test.WatchDog.cancel(): canceling Wed Jan 16 03:19:57 UTC 2019
auto.tcl: Setting watchdog for 200 seconds at Wed Jan 16 03:19:57 UTC 2019
2 ms. Memory: 208384K Free: 197703K (95%)
ptolemy.util.test.WatchDog.cancel(): canceling Wed Jan 16 03:19:57 UTC 2019
------------------ testing $PTII/ptolemy/domains/de/test/auto/CancelFireAt.xml
auto.tcl: Setting watchdog for 200 seconds at Wed Jan 16 03:19:57 UTC 2019
5 ms. Memory: 208384K Free: 201422K (97%)
ptolemy.util.test.WatchDog.cancel(): canceling Wed Jan 16 03:19:57 UTC 2019
auto.tcl: Setting watchdog for 200 seconds at Wed Jan 16 03:19:57 UTC 2019
2 ms. Memory: 208384K Free: 199324K (96%)
ptolemy.util.test.WatchDog.cancel(): canceling Wed Jan 16 03:19:57 UTC 2019
------------------ testing $PTII/ptolemy/domains/de/test/auto/CausalityAndComposabilityAnalysis.xml
auto.tcl: Setting watchdog for 200 seconds at Wed Jan 16 03:19:57 UTC 2019
15 ms. Memory: 208384K Free: 197232K (95%)
ptolemy.util.test.WatchDog.cancel(): canceling Wed Jan 16 03:19:57 UTC 2019
auto.tcl: Setting watchdog for 200 seconds at Wed Jan 16 03:19:57 UTC 2019
9 ms. Memory: 208384K Free: 197232K (95%)
ptolemy.util.test.WatchDog.cancel(): canceling Wed Jan 16 03:19:57 UTC 2019
------------------ testing $PTII/ptolemy/domains/de/test/auto/CausalityInterface1.xml
auto.tcl: Setting watchdog for 200 seconds at Wed Jan 16 03:19:57 UTC 2019
15 ms. Memory: 208384K Free: 196424K (94%)
ptolemy.util.test.WatchDog.cancel(): canceling Wed Jan 16 03:19:57 UTC 2019
auto.tcl: Setting watchdog for 200 seconds at Wed Jan 16 03:19:57 UTC 2019
3 ms. Memory: 208384K Free: 196424K (94%)
ptolemy.util.test.WatchDog.cancel(): canceling Wed Jan 16 03:19:57 UTC 2019
------------------ testing $PTII/ptolemy/domains/de/test/auto/CausalityInterface15.xml
auto.tcl: Setting watchdog for 200 seconds at Wed Jan 16 03:19:57 UTC 2019
20 ms. Memory: 208384K Free: 196415K (94%)
ptolemy.util.test.WatchDog.cancel(): canceling Wed Jan 16 03:19:57 UTC 2019
auto.tcl: Setting watchdog for 200 seconds at Wed Jan 16 03:19:57 UTC 2019
9 ms. Memory: 208384K Free: 196415K (94%)
ptolemy.util.test.WatchDog.cancel(): canceling Wed Jan 16 03:19:57 UTC 2019
------------------ testing $PTII/ptolemy/domains/de/test/auto/CausalityInterface2.xml
auto.tcl: Setting watchdog for 200 seconds at Wed Jan 16 03:19:57 UTC 2019
4 ms. Memory: 208384K Free: 196399K (94%)
ptolemy.util.test.WatchDog.cancel(): canceling Wed Jan 16 03:19:57 UTC 2019
auto.tcl: Setting watchdog for 200 seconds at Wed Jan 16 03:19:57 UTC 2019
3 ms. Memory: 208384K Free: 196399K (94%)
ptolemy.util.test.WatchDog.cancel(): canceling Wed Jan 16 03:19:58 UTC 2019
------------------ testing $PTII/ptolemy/domains/de/test/auto/CausalityInterface3.xml
auto.tcl: Setting watchdog for 200 seconds at Wed Jan 16 03:19:58 UTC 2019
9 ms. Memory: 208384K Free: 196412K (94%)
ptolemy.util.test.WatchDog.cancel(): canceling Wed Jan 16 03:19:58 UTC 2019
auto.tcl: Setting watchdog for 200 seconds at Wed Jan 16 03:19:58 UTC 2019
3 ms. Memory: 208384K Free: 196412K (94%)
ptolemy.util.test.WatchDog.cancel(): canceling Wed Jan 16 03:19:58 UTC 2019
------------------ testing $PTII/ptolemy/domains/de/test/auto/ClockDrift.xml
auto.tcl: Setting watchdog for 200 seconds at Wed Jan 16 03:19:58 UTC 2019
86 ms. Memory: 208384K Free: 187648K (90%)
ptolemy.util.test.WatchDog.cancel(): canceling Wed Jan 16 03:19:58 UTC 2019
auto.tcl: Setting watchdog for 200 seconds at Wed Jan 16 03:19:58 UTC 2019
57 ms. Memory: 208384K Free: 185549K (89%)
ptolemy.util.test.WatchDog.cancel(): canceling Wed Jan 16 03:19:58 UTC 2019
------------------ testing $PTII/ptolemy/domains/de/test/auto/ClockDriftAndValueChange.xml
auto.tcl: Setting watchdog for 200 seconds at Wed Jan 16 03:19:58 UTC 2019
43 ms. Memory: 208384K Free: 187481K (90%)
ptolemy.util.test.WatchDog.cancel(): canceling Wed Jan 16 03:19:58 UTC 2019
auto.tcl: Setting watchdog for 200 seconds at Wed Jan 16 03:19:58 UTC 2019
39 ms. Memory: 208384K Free: 185382K (89%)
ptolemy.util.test.WatchDog.cancel(): canceling Wed Jan 16 03:19:58 UTC 2019
------------------ testing $PTII/ptolemy/domains/de/test/auto/ClockDriftChange.xml
auto.tcl: Setting watchdog for 200 seconds at Wed Jan 16 03:19:58 UTC 2019
18 ms. Memory: 208384K Free: 190801K (92%)
ptolemy.util.test.WatchDog.cancel(): canceling Wed Jan 16 03:19:58 UTC 2019
auto.tcl: Setting watchdog for 200 seconds at Wed Jan 16 03:19:58 UTC 2019
22 ms. Memory: 208384K Free: 188703K (91%)
ptolemy.util.test.WatchDog.cancel(): canceling Wed Jan 16 03:19:58 UTC 2019
------------------ testing $PTII/ptolemy/domains/de/test/auto/ComposableCausalityAnalysis.xml
auto.tcl: Setting watchdog for 200 seconds at Wed Jan 16 03:19:58 UTC 2019
1 ms. Memory: 208384K Free: 196603K (94%)
ptolemy.util.test.WatchDog.cancel(): canceling Wed Jan 16 03:19:58 UTC 2019
auto.tcl: Setting watchdog for 200 seconds at Wed Jan 16 03:19:58 UTC 2019
2 ms. Memory: 208384K Free: 194505K (93%)
ptolemy.util.test.WatchDog.cancel(): canceling Wed Jan 16 03:19:58 UTC 2019
------------------ testing $PTII/ptolemy/domains/de/test/auto/DEFixedPointLimitation.xml
auto.tcl: Setting watchdog for 200 seconds at Wed Jan 16 03:19:58 UTC 2019
2 ms. Memory: 208384K Free: 196347K (94%)
ptolemy.util.test.WatchDog.cancel(): canceling Wed Jan 16 03:19:58 UTC 2019
auto.tcl: Setting watchdog for 200 seconds at Wed Jan 16 03:19:58 UTC 2019
2 ms. Memory: 208384K Free: 196347K (94%)
ptolemy.util.test.WatchDog.cancel(): canceling Wed Jan 16 03:19:58 UTC 2019
------------------ testing $PTII/ptolemy/domains/de/test/auto/DEScheduleTest.xml
auto.tcl: Setting watchdog for 200 seconds at Wed Jan 16 03:19:58 UTC 2019
4 ms. Memory: 208384K Free: 198480K (95%)
ptolemy.util.test.WatchDog.cancel(): canceling Wed Jan 16 03:19:58 UTC 2019
auto.tcl: Setting watchdog for 200 seconds at Wed Jan 16 03:19:58 UTC 2019
5 ms. Memory: 208384K Free: 196382K (94%)
ptolemy.util.test.WatchDog.cancel(): canceling Wed Jan 16 03:19:58 UTC 2019
------------------ testing $PTII/ptolemy/domains/de/test/auto/DEinDEwithStartTimes.xml
auto.tcl: Setting watchdog for 200 seconds at Wed Jan 16 03:19:58 UTC 2019
6 ms. Memory: 208384K Free: 196352K (94%)
ptolemy.util.test.WatchDog.cancel(): canceling Wed Jan 16 03:19:59 UTC 2019
auto.tcl: Setting watchdog for 200 seconds at Wed Jan 16 03:19:59 UTC 2019
3 ms. Memory: 208384K Free: 194254K (93%)
ptolemy.util.test.WatchDog.cancel(): canceling Wed Jan 16 03:19:59 UTC 2019
------------------ testing $PTII/ptolemy/domains/de/test/auto/DEinDEwithStartTimes2.xml
auto.tcl: Setting watchdog for 200 seconds at Wed Jan 16 03:19:59 UTC 2019
7 ms. Memory: 208384K Free: 196332K (94%)
ptolemy.util.test.WatchDog.cancel(): canceling Wed Jan 16 03:19:59 UTC 2019
auto.tcl: Setting watchdog for 200 seconds at Wed Jan 16 03:19:59 UTC 2019
4 ms. Memory: 208384K Free: 194233K (93%)
ptolemy.util.test.WatchDog.cancel(): canceling Wed Jan 16 03:19:59 UTC 2019
------------------ testing $PTII/ptolemy/domains/de/test/auto/DateDemo.xml
auto.tcl: Setting watchdog for 200 seconds at Wed Jan 16 03:19:59 UTC 2019
12 ms. Memory: 208384K Free: 188774K (91%)
ptolemy.util.test.WatchDog.cancel(): canceling Wed Jan 16 03:19:59 UTC 2019
auto.tcl: Setting watchdog for 200 seconds at Wed Jan 16 03:19:59 UTC 2019
5 ms. Memory: 208384K Free: 186675K (90%)
ptolemy.util.test.WatchDog.cancel(): canceling Wed Jan 16 03:19:59 UTC 2019
------------------ testing $PTII/ptolemy/domains/de/test/auto/DateToEvent.xml
auto.tcl: Setting watchdog for 200 seconds at Wed Jan 16 03:19:59 UTC 2019
2020 ms. Memory: 208384K Free: 183507K (88%)
ptolemy.util.test.WatchDog.cancel(): canceling Wed Jan 16 03:20:01 UTC 2019
auto.tcl: Setting watchdog for 200 seconds at Wed Jan 16 03:20:01 UTC 2019
2003 ms. Memory: 208384K Free: 181050K (87%)
ptolemy.util.test.WatchDog.cancel(): canceling Wed Jan 16 03:20:03 UTC 2019
------------------ testing $PTII/ptolemy/domains/de/test/auto/DepthTest1.xml
auto.tcl: Setting watchdog for 200 seconds at Wed Jan 16 03:20:03 UTC 2019
3 ms. Memory: 208384K Free: 198346K (95%)
ptolemy.util.test.WatchDog.cancel(): canceling Wed Jan 16 03:20:03 UTC 2019
auto.tcl: Setting watchdog for 200 seconds at Wed Jan 16 03:20:03 UTC 2019
4 ms. Memory: 208384K Free: 198346K (95%)
ptolemy.util.test.WatchDog.cancel(): canceling Wed Jan 16 03:20:03 UTC 2019
------------------ testing $PTII/ptolemy/domains/de/test/auto/DepthTest2.xml
auto.tcl: Setting watchdog for 200 seconds at Wed Jan 16 03:20:03 UTC 2019
3 ms. Memory: 208384K Free: 194213K (93%)
ptolemy.util.test.WatchDog.cancel(): canceling Wed Jan 16 03:20:03 UTC 2019
auto.tcl: Setting watchdog for 200 seconds at Wed Jan 16 03:20:03 UTC 2019
6 ms. Memory: 208384K Free: 194213K (93%)
ptolemy.util.test.WatchDog.cancel(): canceling Wed Jan 16 03:20:03 UTC 2019
------------------ testing $PTII/ptolemy/domains/de/test/auto/DepthTest3.xml
auto.tcl: Setting watchdog for 200 seconds at Wed Jan 16 03:20:03 UTC 2019
4 ms. Memory: 208384K Free: 198682K (95%)
ptolemy.util.test.WatchDog.cancel(): canceling Wed Jan 16 03:20:03 UTC 2019
auto.tcl: Setting watchdog for 200 seconds at Wed Jan 16 03:20:03 UTC 2019
2 ms. Memory: 208384K Free: 198682K (95%)
ptolemy.util.test.WatchDog.cancel(): canceling Wed Jan 16 03:20:03 UTC 2019
------------------ testing $PTII/ptolemy/domains/de/test/auto/DepthTest4.xml
auto.tcl: Setting watchdog for 200 seconds at Wed Jan 16 03:20:03 UTC 2019
5 ms. Memory: 208384K Free: 196333K (94%)
ptolemy.util.test.WatchDog.cancel(): canceling Wed Jan 16 03:20:03 UTC 2019
auto.tcl: Setting watchdog for 200 seconds at Wed Jan 16 03:20:03 UTC 2019
3 ms. Memory: 208384K Free: 196333K (94%)
ptolemy.util.test.WatchDog.cancel(): canceling Wed Jan 16 03:20:03 UTC 2019
------------------ testing $PTII/ptolemy/domains/de/test/auto/DepthTest5.xml
auto.tcl: Setting watchdog for 200 seconds at Wed Jan 16 03:20:03 UTC 2019
7 ms. Memory: 208384K Free: 196618K (94%)
ptolemy.util.test.WatchDog.cancel(): canceling Wed Jan 16 03:20:03 UTC 2019
auto.tcl: Setting watchdog for 200 seconds at Wed Jan 16 03:20:03 UTC 2019
2 ms. Memory: 208384K Free: 196618K (94%)
ptolemy.util.test.WatchDog.cancel(): canceling Wed Jan 16 03:20:03 UTC 2019
------------------ testing $PTII/ptolemy/domains/de/test/auto/DepthTest6.xml
auto.tcl: Setting watchdog for 200 seconds at Wed Jan 16 03:20:03 UTC 2019
9 ms. Memory: 208384K Free: 195019K (94%)
ptolemy.util.test.WatchDog.cancel(): canceling Wed Jan 16 03:20:03 UTC 2019
auto.tcl: Setting watchdog for 200 seconds at Wed Jan 16 03:20:03 UTC 2019
3 ms. Memory: 208384K Free: 195019K (94%)
ptolemy.util.test.WatchDog.cancel(): canceling Wed Jan 16 03:20:03 UTC 2019
------------------ testing $PTII/ptolemy/domains/de/test/auto/DepthTest7.xml
auto.tcl: Setting watchdog for 200 seconds at Wed Jan 16 03:20:03 UTC 2019
3 ms. Memory: 208384K Free: 196238K (94%)
ptolemy.util.test.WatchDog.cancel(): canceling Wed Jan 16 03:20:03 UTC 2019
auto.tcl: Setting watchdog for 200 seconds at Wed Jan 16 03:20:03 UTC 2019
2 ms. Memory: 208384K Free: 196238K (94%)
ptolemy.util.test.WatchDog.cancel(): canceling Wed Jan 16 03:20:03 UTC 2019
------------------ testing $PTII/ptolemy/domains/de/test/auto/EventToDate.xml
auto.tcl: Setting watchdog for 200 seconds at Wed Jan 16 03:20:03 UTC 2019
3010 ms. Memory: 208384K Free: 185766K (89%)
ptolemy.util.test.WatchDog.cancel(): canceling Wed Jan 16 03:20:06 UTC 2019
auto.tcl: Setting watchdog for 200 seconds at Wed Jan 16 03:20:06 UTC 2019
3004 ms. Memory: 208384K Free: 185766K (89%)
ptolemy.util.test.WatchDog.cancel(): canceling Wed Jan 16 03:20:10 UTC 2019
------------------ testing $PTII/ptolemy/domains/de/test/auto/FSM1.xml
auto.tcl: Setting watchdog for 200 seconds at Wed Jan 16 03:20:10 UTC 2019
20 ms. Memory: 208384K Free: 189293K (91%)
ptolemy.util.test.WatchDog.cancel(): canceling Wed Jan 16 03:20:10 UTC 2019
auto.tcl: Setting watchdog for 200 seconds at Wed Jan 16 03:20:10 UTC 2019
23 ms. Memory: 208384K Free: 185096K (89%)
ptolemy.util.test.WatchDog.cancel(): canceling Wed Jan 16 03:20:10 UTC 2019
------------------ testing $PTII/ptolemy/domains/de/test/auto/FSM7.xml
auto.tcl: Setting watchdog for 200 seconds at Wed Jan 16 03:20:10 UTC 2019
18 ms. Memory: 208384K Free: 187396K (90%)
ptolemy.util.test.WatchDog.cancel(): canceling Wed Jan 16 03:20:10 UTC 2019
auto.tcl: Setting watchdog for 200 seconds at Wed Jan 16 03:20:10 UTC 2019
14 ms. Memory: 208384K Free: 185298K (89%)
ptolemy.util.test.WatchDog.cancel(): canceling Wed Jan 16 03:20:10 UTC 2019
------------------ testing $PTII/ptolemy/domains/de/test/auto/Inspection.xml
auto.tcl: Setting watchdog for 200 seconds at Wed Jan 16 03:20:10 UTC 2019
29 ms. Memory: 208384K Free: 188949K (91%)
ptolemy.util.test.WatchDog.cancel(): canceling Wed Jan 16 03:20:10 UTC 2019
auto.tcl: Setting watchdog for 200 seconds at Wed Jan 16 03:20:10 UTC 2019
27 ms. Memory: 208384K Free: 186513K (90%)
ptolemy.util.test.WatchDog.cancel(): canceling Wed Jan 16 03:20:10 UTC 2019
------------------ testing $PTII/ptolemy/domains/de/test/auto/Iteration.xml
auto.tcl: Setting watchdog for 200 seconds at Wed Jan 16 03:20:10 UTC 2019
7 ms. Memory: 208384K Free: 196045K (94%)
ptolemy.util.test.WatchDog.cancel(): canceling Wed Jan 16 03:20:10 UTC 2019
auto.tcl: Setting watchdog for 200 seconds at Wed Jan 16 03:20:10 UTC 2019
6 ms. Memory: 208384K Free: 193946K (93%)
ptolemy.util.test.WatchDog.cancel(): canceling Wed Jan 16 03:20:10 UTC 2019
------------------ testing $PTII/ptolemy/domains/de/test/auto/LineFault.xml
auto.tcl: Setting watchdog for 200 seconds at Wed Jan 16 03:20:10 UTC 2019
781 ms. Memory: 208384K Free: 196217K (94%)
ptolemy.util.test.WatchDog.cancel(): canceling Wed Jan 16 03:20:11 UTC 2019
auto.tcl: Setting watchdog for 200 seconds at Wed Jan 16 03:20:11 UTC 2019
576 ms. Memory: 208384K Free: 138932K (67%)
ptolemy.util.test.WatchDog.cancel(): canceling Wed Jan 16 03:20:12 UTC 2019
------------------ testing $PTII/ptolemy/domains/de/test/auto/MergeModel1Add.xml
auto.tcl: Setting watchdog for 200 seconds at Wed Jan 16 03:20:12 UTC 2019
18 ms. Memory: 331264K Free: 298850K (90%)
ptolemy.util.test.WatchDog.cancel(): canceling Wed Jan 16 03:20:12 UTC 2019
auto.tcl: Setting watchdog for 200 seconds at Wed Jan 16 03:20:12 UTC 2019
13 ms. Memory: 331264K Free: 298850K (90%)
ptolemy.util.test.WatchDog.cancel(): canceling Wed Jan 16 03:20:12 UTC 2019
------------------ testing $PTII/ptolemy/domains/de/test/auto/MergeModel2Add.xml
auto.tcl: Setting watchdog for 200 seconds at Wed Jan 16 03:20:12 UTC 2019
19 ms. Memory: 331264K Free: 304137K (92%)
ptolemy.util.test.WatchDog.cancel(): canceling Wed Jan 16 03:20:12 UTC 2019
auto.tcl: Setting watchdog for 200 seconds at Wed Jan 16 03:20:12 UTC 2019
13 ms. Memory: 331264K Free: 300189K (91%)
ptolemy.util.test.WatchDog.cancel(): canceling Wed Jan 16 03:20:12 UTC 2019
------------------ testing $PTII/ptolemy/domains/de/test/auto/MergeModel3Add.xml
auto.tcl: Setting watchdog for 200 seconds at Wed Jan 16 03:20:12 UTC 2019
8 ms. Memory: 331264K Free: 304146K (92%)
ptolemy.util.test.WatchDog.cancel(): canceling Wed Jan 16 03:20:12 UTC 2019
auto.tcl: Setting watchdog for 200 seconds at Wed Jan 16 03:20:12 UTC 2019
9 ms. Memory: 331264K Free: 300198K (91%)
ptolemy.util.test.WatchDog.cancel(): canceling Wed Jan 16 03:20:12 UTC 2019
------------------ testing $PTII/ptolemy/domains/de/test/auto/MergeWithoutDiscard.xml
auto.tcl: Setting watchdog for 200 seconds at Wed Jan 16 03:20:12 UTC 2019
3 ms. Memory: 331264K Free: 319818K (97%)
ptolemy.util.test.WatchDog.cancel(): canceling Wed Jan 16 03:20:12 UTC 2019
auto.tcl: Setting watchdog for 200 seconds at Wed Jan 16 03:20:12 UTC 2019
1 ms. Memory: 331264K Free: 315871K (95%)
ptolemy.util.test.WatchDog.cancel(): canceling Wed Jan 16 03:20:12 UTC 2019
------------------ testing $PTII/ptolemy/domains/de/test/auto/Modal1.xml
auto.tcl: Setting watchdog for 200 seconds at Wed Jan 16 03:20:12 UTC 2019
16 ms. Memory: 331264K Free: 309477K (93%)
ptolemy.util.test.WatchDog.cancel(): canceling Wed Jan 16 03:20:12 UTC 2019
auto.tcl: Setting watchdog for 200 seconds at Wed Jan 16 03:20:12 UTC 2019
20 ms. Memory: 331264K Free: 305529K (92%)
ptolemy.util.test.WatchDog.cancel(): canceling Wed Jan 16 03:20:12 UTC 2019
------------------ testing $PTII/ptolemy/domains/de/test/auto/Modal2.xml
auto.tcl: Setting watchdog for 200 seconds at Wed Jan 16 03:20:12 UTC 2019
14 ms. Memory: 331264K Free: 309359K (93%)
ptolemy.util.test.WatchDog.cancel(): canceling Wed Jan 16 03:20:12 UTC 2019
auto.tcl: Setting watchdog for 200 seconds at Wed Jan 16 03:20:12 UTC 2019
11 ms. Memory: 331264K Free: 305411K (92%)
ptolemy.util.test.WatchDog.cancel(): canceling Wed Jan 16 03:20:12 UTC 2019
------------------ testing $PTII/ptolemy/domains/de/test/auto/Modal3.xml
auto.tcl: Setting watchdog for 200 seconds at Wed Jan 16 03:20:13 UTC 2019
22 ms. Memory: 331264K Free: 309350K (93%)
ptolemy.util.test.WatchDog.cancel(): canceling Wed Jan 16 03:20:13 UTC 2019
auto.tcl: Setting watchdog for 200 seconds at Wed Jan 16 03:20:13 UTC 2019
14 ms. Memory: 331264K Free: 300487K (91%)
ptolemy.util.test.WatchDog.cancel(): canceling Wed Jan 16 03:20:13 UTC 2019
------------------ testing $PTII/ptolemy/domains/de/test/auto/Modal4.xml
auto.tcl: Setting watchdog for 200 seconds at Wed Jan 16 03:20:13 UTC 2019
24 ms. Memory: 331264K Free: 309363K (93%)
ptolemy.util.test.WatchDog.cancel(): canceling Wed Jan 16 03:20:13 UTC 2019
auto.tcl: Setting watchdog for 200 seconds at Wed Jan 16 03:20:13 UTC 2019
15 ms. Memory: 331264K Free: 305415K (92%)
ptolemy.util.test.WatchDog.cancel(): canceling Wed Jan 16 03:20:13 UTC 2019
------------------ testing $PTII/ptolemy/domains/de/test/auto/Modal5.xml
auto.tcl: Setting watchdog for 200 seconds at Wed Jan 16 03:20:13 UTC 2019
19 ms. Memory: 331264K Free: 309350K (93%)
ptolemy.util.test.WatchDog.cancel(): canceling Wed Jan 16 03:20:13 UTC 2019
auto.tcl: Setting watchdog for 200 seconds at Wed Jan 16 03:20:13 UTC 2019
13 ms. Memory: 331264K Free: 305403K (92%)
ptolemy.util.test.WatchDog.cancel(): canceling Wed Jan 16 03:20:13 UTC 2019
------------------ testing $PTII/ptolemy/domains/de/test/auto/Modal6.xml
auto.tcl: Setting watchdog for 200 seconds at Wed Jan 16 03:20:13 UTC 2019
13 ms. Memory: 331264K Free: 309347K (93%)
ptolemy.util.test.WatchDog.cancel(): canceling Wed Jan 16 03:20:13 UTC 2019
auto.tcl: Setting watchdog for 200 seconds at Wed Jan 16 03:20:13 UTC 2019
16 ms. Memory: 331264K Free: 305399K (92%)
ptolemy.util.test.WatchDog.cancel(): canceling Wed Jan 16 03:20:13 UTC 2019
------------------ testing $PTII/ptolemy/domains/de/test/auto/Modal7.xml
auto.tcl: Setting watchdog for 200 seconds at Wed Jan 16 03:20:13 UTC 2019
17 ms. Memory: 331264K Free: 309347K (93%)
ptolemy.util.test.WatchDog.cancel(): canceling Wed Jan 16 03:20:13 UTC 2019
auto.tcl: Setting watchdog for 200 seconds at Wed Jan 16 03:20:13 UTC 2019
9 ms. Memory: 331264K Free: 305399K (92%)
ptolemy.util.test.WatchDog.cancel(): canceling Wed Jan 16 03:20:13 UTC 2019
------------------ testing $PTII/ptolemy/domains/de/test/auto/ModalModel.xml
auto.tcl: Setting watchdog for 200 seconds at Wed Jan 16 03:20:13 UTC 2019
164 ms. Memory: 331264K Free: 245862K (74%)
ptolemy.util.test.WatchDog.cancel(): canceling Wed Jan 16 03:20:13 UTC 2019
auto.tcl: Setting watchdog for 200 seconds at Wed Jan 16 03:20:13 UTC 2019
160 ms. Memory: 331264K Free: 190595K (58%)
ptolemy.util.test.WatchDog.cancel(): canceling Wed Jan 16 03:20:14 UTC 2019
------------------ testing $PTII/ptolemy/domains/de/test/auto/ModalSource.xml
auto.tcl: Setting watchdog for 200 seconds at Wed Jan 16 03:20:14 UTC 2019
5 ms. Memory: 331264K Free: 316132K (95%)
ptolemy.util.test.WatchDog.cancel(): canceling Wed Jan 16 03:20:14 UTC 2019
auto.tcl: Setting watchdog for 200 seconds at Wed Jan 16 03:20:14 UTC 2019
6 ms. Memory: 331264K Free: 312616K (94%)
ptolemy.util.test.WatchDog.cancel(): canceling Wed Jan 16 03:20:14 UTC 2019
------------------ testing $PTII/ptolemy/domains/de/test/auto/NonInterruptibleTimerZeroDelay.xml
auto.tcl: Setting watchdog for 200 seconds at Wed Jan 16 03:20:14 UTC 2019
3 ms. Memory: 331264K Free: 320486K (97%)
ptolemy.util.test.WatchDog.cancel(): canceling Wed Jan 16 03:20:14 UTC 2019
auto.tcl: Setting watchdog for 200 seconds at Wed Jan 16 03:20:14 UTC 2019
2 ms. Memory: 331264K Free: 316970K (96%)
ptolemy.util.test.WatchDog.cancel(): canceling Wed Jan 16 03:20:14 UTC 2019
------------------ testing $PTII/ptolemy/domains/de/test/auto/OpenQueueingNetwork.xml
auto.tcl: Setting watchdog for 200 seconds at Wed Jan 16 03:20:14 UTC 2019
2790 ms. Memory: 573952K Free: 413854K (72%)
ptolemy.util.test.WatchDog.cancel(): canceling Wed Jan 16 03:20:17 UTC 2019
auto.tcl: Setting watchdog for 200 seconds at Wed Jan 16 03:20:17 UTC 2019
2549 ms. Memory: 550912K Free: 300482K (55%)
ptolemy.util.test.WatchDog.cancel(): canceling Wed Jan 16 03:20:19 UTC 2019
------------------ testing $PTII/ptolemy/domains/de/test/auto/OpenQueuingNetwork.xml
auto.tcl: Setting watchdog for 200 seconds at Wed Jan 16 03:20:19 UTC 2019
211 ms. Memory: 549888K Free: 444228K (81%)
ptolemy.util.test.WatchDog.cancel(): canceling Wed Jan 16 03:20:20 UTC 2019
auto.tcl: Setting watchdog for 200 seconds at Wed Jan 16 03:20:20 UTC 2019
208 ms. Memory: 549888K Free: 383712K (70%)
ptolemy.util.test.WatchDog.cancel(): canceling Wed Jan 16 03:20:20 UTC 2019
------------------ testing $PTII/ptolemy/domains/de/test/auto/PeriodicSampler.xml
auto.tcl: Setting watchdog for 200 seconds at Wed Jan 16 03:20:20 UTC 2019
3 ms. Memory: 551936K Free: 530436K (96%)
ptolemy.util.test.WatchDog.cancel(): canceling Wed Jan 16 03:20:20 UTC 2019
auto.tcl: Setting watchdog for 200 seconds at Wed Jan 16 03:20:20 UTC 2019
1 ms. Memory: 551936K Free: 530436K (96%)
ptolemy.util.test.WatchDog.cancel(): canceling Wed Jan 16 03:20:20 UTC 2019
------------------ testing $PTII/ptolemy/domains/de/test/auto/PersistentIO.xml
auto.tcl: Setting watchdog for 200 seconds at Wed Jan 16 03:20:20 UTC 2019
5 ms. Memory: 549376K Free: 521751K (95%)
ptolemy.util.test.WatchDog.cancel(): canceling Wed Jan 16 03:20:20 UTC 2019
auto.tcl: Setting watchdog for 200 seconds at Wed Jan 16 03:20:20 UTC 2019
4 ms. Memory: 549376K Free: 521751K (95%)
ptolemy.util.test.WatchDog.cancel(): canceling Wed Jan 16 03:20:20 UTC 2019
------------------ testing $PTII/ptolemy/domains/de/test/auto/PortParameterResetOnInitialize.xml
auto.tcl: Setting watchdog for 200 seconds at Wed Jan 16 03:20:20 UTC 2019
2 ms. Memory: 551424K Free: 530385K (96%)
ptolemy.util.test.WatchDog.cancel(): canceling Wed Jan 16 03:20:20 UTC 2019
auto.tcl: Setting watchdog for 200 seconds at Wed Jan 16 03:20:20 UTC 2019
1 ms. Memory: 551424K Free: 530385K (96%)
ptolemy.util.test.WatchDog.cancel(): canceling Wed Jan 16 03:20:20 UTC 2019
------------------ testing $PTII/ptolemy/domains/de/test/auto/PortParameterUpdates.xml
auto.tcl: Setting watchdog for 200 seconds at Wed Jan 16 03:20:20 UTC 2019
3 ms. Memory: 549376K Free: 528470K (96%)
ptolemy.util.test.WatchDog.cancel(): canceling Wed Jan 16 03:20:20 UTC 2019
auto.tcl: Setting watchdog for 200 seconds at Wed Jan 16 03:20:20 UTC 2019
3 ms. Memory: 549376K Free: 528470K (96%)
ptolemy.util.test.WatchDog.cancel(): canceling Wed Jan 16 03:20:20 UTC 2019
------------------ testing $PTII/ptolemy/domains/de/test/auto/QueueAndServer.xml
auto.tcl: Setting watchdog for 200 seconds at Wed Jan 16 03:20:20 UTC 2019
12 ms. Memory: 551424K Free: 530253K (96%)
ptolemy.util.test.WatchDog.cancel(): canceling Wed Jan 16 03:20:20 UTC 2019
auto.tcl: Setting watchdog for 200 seconds at Wed Jan 16 03:20:20 UTC 2019
6 ms. Memory: 551424K Free: 523513K (95%)
ptolemy.util.test.WatchDog.cancel(): canceling Wed Jan 16 03:20:20 UTC 2019
------------------ testing $PTII/ptolemy/domains/de/test/auto/Records.xml
auto.tcl: Setting watchdog for 200 seconds at Wed Jan 16 03:20:20 UTC 2019
5 ms. Memory: 549376K Free: 532826K (97%)
ptolemy.util.test.WatchDog.cancel(): canceling Wed Jan 16 03:20:20 UTC 2019
auto.tcl: Setting watchdog for 200 seconds at Wed Jan 16 03:20:20 UTC 2019
2 ms. Memory: 549376K Free: 532826K (97%)
ptolemy.util.test.WatchDog.cancel(): canceling Wed Jan 16 03:20:20 UTC 2019
------------------ testing $PTII/ptolemy/domains/de/test/auto/ResetTransitionWithStartTime1.xml
auto.tcl: Setting watchdog for 200 seconds at Wed Jan 16 03:20:20 UTC 2019
6 ms. Memory: 551424K Free: 534899K (97%)
ptolemy.util.test.WatchDog.cancel(): canceling Wed Jan 16 03:20:20 UTC 2019
auto.tcl: Setting watchdog for 200 seconds at Wed Jan 16 03:20:20 UTC 2019
5 ms. Memory: 551424K Free: 528175K (96%)
ptolemy.util.test.WatchDog.cancel(): canceling Wed Jan 16 03:20:20 UTC 2019
------------------ testing $PTII/ptolemy/domains/de/test/auto/ResetTransitionWithStartTime2.xml
auto.tcl: Setting watchdog for 200 seconds at Wed Jan 16 03:20:20 UTC 2019
6 ms. Memory: 549376K Free: 533072K (97%)
ptolemy.util.test.WatchDog.cancel(): canceling Wed Jan 16 03:20:20 UTC 2019
auto.tcl: Setting watchdog for 200 seconds at Wed Jan 16 03:20:20 UTC 2019
7 ms. Memory: 549376K Free: 526348K (96%)
ptolemy.util.test.WatchDog.cancel(): canceling Wed Jan 16 03:20:20 UTC 2019
------------------ testing $PTII/ptolemy/domains/de/test/auto/ResetTransitionWithStartTime3.xml
auto.tcl: Setting watchdog for 200 seconds at Wed Jan 16 03:20:20 UTC 2019
8 ms. Memory: 550912K Free: 534377K (97%)
ptolemy.util.test.WatchDog.cancel(): canceling Wed Jan 16 03:20:20 UTC 2019
auto.tcl: Setting watchdog for 200 seconds at Wed Jan 16 03:20:20 UTC 2019
5 ms. Memory: 550912K Free: 527653K (96%)
ptolemy.util.test.WatchDog.cancel(): canceling Wed Jan 16 03:20:20 UTC 2019
------------------ testing $PTII/ptolemy/domains/de/test/auto/ResetTransitionWithStartTime4.xml
auto.tcl: Setting watchdog for 200 seconds at Wed Jan 16 03:20:21 UTC 2019
4 ms. Memory: 549376K Free: 526099K (96%)
ptolemy.util.test.WatchDog.cancel(): canceling Wed Jan 16 03:20:21 UTC 2019
auto.tcl: Setting watchdog for 200 seconds at Wed Jan 16 03:20:21 UTC 2019
3 ms. Memory: 549376K Free: 526099K (96%)
ptolemy.util.test.WatchDog.cancel(): canceling Wed Jan 16 03:20:21 UTC 2019
------------------ testing $PTII/ptolemy/domains/de/test/auto/ResettableTimer1.xml
auto.tcl: Setting watchdog for 200 seconds at Wed Jan 16 03:20:21 UTC 2019
2 ms. Memory: 550912K Free: 534371K (97%)
ptolemy.util.test.WatchDog.cancel(): canceling Wed Jan 16 03:20:21 UTC 2019
auto.tcl: Setting watchdog for 200 seconds at Wed Jan 16 03:20:21 UTC 2019
2 ms. Memory: 550912K Free: 534371K (97%)
ptolemy.util.test.WatchDog.cancel(): canceling Wed Jan 16 03:20:21 UTC 2019
------------------ testing $PTII/ptolemy/domains/de/test/auto/ResettableTimer2.xml
auto.tcl: Setting watchdog for 200 seconds at Wed Jan 16 03:20:21 UTC 2019
3 ms. Memory: 549376K Free: 533123K (97%)
ptolemy.util.test.WatchDog.cancel(): canceling Wed Jan 16 03:20:21 UTC 2019
auto.tcl: Setting watchdog for 200 seconds at Wed Jan 16 03:20:21 UTC 2019
2 ms. Memory: 549376K Free: 533123K (97%)
ptolemy.util.test.WatchDog.cancel(): canceling Wed Jan 16 03:20:21 UTC 2019
------------------ testing $PTII/ptolemy/domains/de/test/auto/ResettableTimer3.xml
auto.tcl: Setting watchdog for 200 seconds at Wed Jan 16 03:20:21 UTC 2019
1 ms. Memory: 550912K Free: 534428K (97%)
ptolemy.util.test.WatchDog.cancel(): canceling Wed Jan 16 03:20:21 UTC 2019
auto.tcl: Setting watchdog for 200 seconds at Wed Jan 16 03:20:21 UTC 2019
1 ms. Memory: 550912K Free: 534428K (97%)
ptolemy.util.test.WatchDog.cancel(): canceling Wed Jan 16 03:20:21 UTC 2019
------------------ testing $PTII/ptolemy/domains/de/test/auto/ResettableTimer4.xml
auto.tcl: Setting watchdog for 200 seconds at Wed Jan 16 03:20:21 UTC 2019
1 ms. Memory: 549376K Free: 533135K (97%)
ptolemy.util.test.WatchDog.cancel(): canceling Wed Jan 16 03:20:21 UTC 2019
auto.tcl: Setting watchdog for 200 seconds at Wed Jan 16 03:20:21 UTC 2019
1 ms. Memory: 549376K Free: 533135K (97%)
ptolemy.util.test.WatchDog.cancel(): canceling Wed Jan 16 03:20:21 UTC 2019
------------------ testing $PTII/ptolemy/domains/de/test/auto/ResettableTimer5.xml
auto.tcl: Setting watchdog for 200 seconds at Wed Jan 16 03:20:21 UTC 2019
1 ms. Memory: 550400K Free: 529477K (96%)
ptolemy.util.test.WatchDog.cancel(): canceling Wed Jan 16 03:20:21 UTC 2019
auto.tcl: Setting watchdog for 200 seconds at Wed Jan 16 03:20:21 UTC 2019
2 ms. Memory: 550400K Free: 529477K (96%)
ptolemy.util.test.WatchDog.cancel(): canceling Wed Jan 16 03:20:21 UTC 2019
------------------ testing $PTII/ptolemy/domains/de/test/auto/ResettableTimer6.xml
auto.tcl: Setting watchdog for 200 seconds at Wed Jan 16 03:20:21 UTC 2019
1 ms. Memory: 549376K Free: 528173K (96%)
ptolemy.util.test.WatchDog.cancel(): canceling Wed Jan 16 03:20:21 UTC 2019
auto.tcl: Setting watchdog for 200 seconds at Wed Jan 16 03:20:21 UTC 2019
2 ms. Memory: 549376K Free: 528173K (96%)
ptolemy.util.test.WatchDog.cancel(): canceling Wed Jan 16 03:20:21 UTC 2019
------------------ testing $PTII/ptolemy/domains/de/test/auto/ServerZeroDelay.xml
auto.tcl: Setting watchdog for 200 seconds at Wed Jan 16 03:20:21 UTC 2019
6 ms. Memory: 550400K Free: 534097K (97%)
ptolemy.util.test.WatchDog.cancel(): canceling Wed Jan 16 03:20:21 UTC 2019
auto.tcl: Setting watchdog for 200 seconds at Wed Jan 16 03:20:21 UTC 2019
3 ms. Memory: 550400K Free: 534097K (97%)
ptolemy.util.test.WatchDog.cancel(): canceling Wed Jan 16 03:20:21 UTC 2019
------------------ testing $PTII/ptolemy/domains/de/test/auto/SmartSender.xml
auto.tcl: Setting watchdog for 200 seconds at Wed Jan 16 03:20:21 UTC 2019
3002 ms. Memory: 549376K Free: 528389K (96%)
ptolemy.util.test.WatchDog.cancel(): canceling Wed Jan 16 03:20:24 UTC 2019
auto.tcl: Setting watchdog for 200 seconds at Wed Jan 16 03:20:24 UTC 2019
3001 ms. Memory: 549376K Free: 528389K (96%)
ptolemy.util.test.WatchDog.cancel(): canceling Wed Jan 16 03:20:27 UTC 2019
------------------ testing $PTII/ptolemy/domains/de/test/auto/ThreadedComposite.xml
auto.tcl: Setting watchdog for 200 seconds at Wed Jan 16 03:20:27 UTC 2019
276 ms. Memory: 550400K Free: 513114K (93%)
ptolemy.util.test.WatchDog.cancel(): canceling Wed Jan 16 03:20:27 UTC 2019
auto.tcl: Setting watchdog for 200 seconds at Wed Jan 16 03:20:27 UTC 2019
282 ms. Memory: 550400K Free: 480939K (87%)
ptolemy.util.test.WatchDog.cancel(): canceling Wed Jan 16 03:20:28 UTC 2019
------------------ testing $PTII/ptolemy/domains/de/test/auto/Time.xml
auto.tcl: Setting watchdog for 200 seconds at Wed Jan 16 03:20:28 UTC 2019
491 ms. Memory: 549376K Free: 476406K (87%)
ptolemy.util.test.WatchDog.cancel(): canceling Wed Jan 16 03:20:28 UTC 2019
auto.tcl: Setting watchdog for 200 seconds at Wed Jan 16 03:20:28 UTC 2019
478 ms. Memory: 549376K Free: 415890K (76%)
ptolemy.util.test.WatchDog.cancel(): canceling Wed Jan 16 03:20:29 UTC 2019
------------------ testing $PTII/ptolemy/domains/de/test/auto/TimeDelayZeroDelay.xml
auto.tcl: Setting watchdog for 200 seconds at Wed Jan 16 03:20:29 UTC 2019
2 ms. Memory: 550400K Free: 533783K (97%)
ptolemy.util.test.WatchDog.cancel(): canceling Wed Jan 16 03:20:29 UTC 2019
auto.tcl: Setting watchdog for 200 seconds at Wed Jan 16 03:20:29 UTC 2019
2 ms. Memory: 550400K Free: 533783K (97%)
ptolemy.util.test.WatchDog.cancel(): canceling Wed Jan 16 03:20:29 UTC 2019
------------------ testing $PTII/ptolemy/domains/de/test/auto/TimerZeroDelay.xml
auto.tcl: Setting watchdog for 200 seconds at Wed Jan 16 03:20:29 UTC 2019
4 ms. Memory: 549376K Free: 533033K (97%)
ptolemy.util.test.WatchDog.cancel(): canceling Wed Jan 16 03:20:29 UTC 2019
auto.tcl: Setting watchdog for 200 seconds at Wed Jan 16 03:20:29 UTC 2019
1 ms. Memory: 549376K Free: 533033K (97%)
ptolemy.util.test.WatchDog.cancel(): canceling Wed Jan 16 03:20:29 UTC 2019
------------------ testing $PTII/ptolemy/domains/de/test/auto/TimingParadox.xml
auto.tcl: Setting watchdog for 200 seconds at Wed Jan 16 03:20:29 UTC 2019
301 ms. Memory: 549888K Free: 462217K (84%)
ptolemy.util.test.WatchDog.cancel(): canceling Wed Jan 16 03:20:29 UTC 2019
auto.tcl: Setting watchdog for 200 seconds at Wed Jan 16 03:20:29 UTC 2019
299 ms. Memory: 549888K Free: 428597K (78%)
ptolemy.util.test.WatchDog.cancel(): canceling Wed Jan 16 03:20:30 UTC 2019
------------------ testing $PTII/ptolemy/domains/de/test/auto/TransferInputs.xml
auto.tcl: Setting watchdog for 200 seconds at Wed Jan 16 03:20:30 UTC 2019
1 ms. Memory: 549888K Free: 532449K (97%)
ptolemy.util.test.WatchDog.cancel(): canceling Wed Jan 16 03:20:30 UTC 2019
auto.tcl: Setting watchdog for 200 seconds at Wed Jan 16 03:20:30 UTC 2019
1 ms. Memory: 549888K Free: 532449K (97%)
ptolemy.util.test.WatchDog.cancel(): canceling Wed Jan 16 03:20:30 UTC 2019
------------------ testing $PTII/ptolemy/domains/de/test/auto/TransferOutputs2.xml
auto.tcl: Setting watchdog for 200 seconds at Wed Jan 16 03:20:30 UTC 2019
3 ms. Memory: 549376K Free: 521619K (95%)
ptolemy.util.test.WatchDog.cancel(): canceling Wed Jan 16 03:20:30 UTC 2019
auto.tcl: Setting watchdog for 200 seconds at Wed Jan 16 03:20:30 UTC 2019
3 ms. Memory: 549376K Free: 521619K (95%)
ptolemy.util.test.WatchDog.cancel(): canceling Wed Jan 16 03:20:30 UTC 2019
------------------ testing $PTII/ptolemy/domains/de/test/auto/Trilateration.xml
auto.tcl: Setting watchdog for 200 seconds at Wed Jan 16 03:20:30 UTC 2019
14477 ms. Memory: 766976K Free: 154437K (20%)
ptolemy.util.test.WatchDog.cancel(): canceling Wed Jan 16 03:20:45 UTC 2019
auto.tcl: Setting watchdog for 200 seconds at Wed Jan 16 03:20:45 UTC 2019
11552 ms. Memory: 623104K Free: 506741K (81%)
ptolemy.util.test.WatchDog.cancel(): canceling Wed Jan 16 03:20:57 UTC 2019
------------------ testing $PTII/ptolemy/domains/de/test/auto/TwoSigmaDelta.xml
auto.tcl: Setting watchdog for 200 seconds at Wed Jan 16 03:20:57 UTC 2019
2708 ms. Memory: 619520K Free: 314519K (51%)
ptolemy.util.test.WatchDog.cancel(): canceling Wed Jan 16 03:21:00 UTC 2019
auto.tcl: Setting watchdog for 200 seconds at Wed Jan 16 03:21:00 UTC 2019
2090 ms. Memory: 619520K Free: 87541K (14%)
ptolemy.util.test.WatchDog.cancel(): canceling Wed Jan 16 03:21:02 UTC 2019
------------------ testing $PTII/ptolemy/domains/de/test/auto/VariableDelay.xml
auto.tcl: Setting watchdog for 200 seconds at Wed Jan 16 03:21:02 UTC 2019
2 ms. Memory: 623104K Free: 598611K (96%)
ptolemy.util.test.WatchDog.cancel(): canceling Wed Jan 16 03:21:02 UTC 2019
auto.tcl: Setting watchdog for 200 seconds at Wed Jan 16 03:21:02 UTC 2019
2 ms. Memory: 623104K Free: 598611K (96%)
ptolemy.util.test.WatchDog.cancel(): canceling Wed Jan 16 03:21:02 UTC 2019
------------------ testing $PTII/ptolemy/domains/de/test/auto/VariableDelay2.xml
auto.tcl: Setting watchdog for 200 seconds at Wed Jan 16 03:21:02 UTC 2019
6 ms. Memory: 619520K Free: 600852K (97%)
ptolemy.util.test.WatchDog.cancel(): canceling Wed Jan 16 03:21:02 UTC 2019
auto.tcl: Setting watchdog for 200 seconds at Wed Jan 16 03:21:02 UTC 2019
1 ms. Memory: 619520K Free: 600852K (97%)
ptolemy.util.test.WatchDog.cancel(): canceling Wed Jan 16 03:21:02 UTC 2019
------------------ testing $PTII/ptolemy/domains/de/test/auto/VariableDelayZeroDelay.xml
auto.tcl: Setting watchdog for 200 seconds at Wed Jan 16 03:21:02 UTC 2019
2 ms. Memory: 622592K Free: 598542K (96%)
ptolemy.util.test.WatchDog.cancel(): canceling Wed Jan 16 03:21:02 UTC 2019
auto.tcl: Setting watchdog for 200 seconds at Wed Jan 16 03:21:02 UTC 2019
2 ms. Memory: 622592K Free: 598542K (96%)
ptolemy.util.test.WatchDog.cancel(): canceling Wed Jan 16 03:21:02 UTC 2019
------------------ testing $PTII/ptolemy/domains/de/test/auto/VariableDelayZeroDelay2.xml
auto.tcl: Setting watchdog for 200 seconds at Wed Jan 16 03:21:02 UTC 2019
2 ms. Memory: 619520K Free: 595468K (96%)
ptolemy.util.test.WatchDog.cancel(): canceling Wed Jan 16 03:21:02 UTC 2019
auto.tcl: Setting watchdog for 200 seconds at Wed Jan 16 03:21:02 UTC 2019
2 ms. Memory: 619520K Free: 595468K (96%)
ptolemy.util.test.WatchDog.cancel(): canceling Wed Jan 16 03:21:02 UTC 2019
------------------ testing $PTII/ptolemy/domains/de/test/auto/deInCt.xml
auto.tcl: Setting watchdog for 200 seconds at Wed Jan 16 03:21:02 UTC 2019
0
1
1
1
1
0
0
1
1
1
0
0
0
0
1
1
1
0
0
0
0
0
1
1
1
0
0
1
1
1
1
1
0
0
0
0
13 ms. Memory: 622080K Free: 597995K (96%)
ptolemy.util.test.WatchDog.cancel(): canceling Wed Jan 16 03:21:02 UTC 2019
auto.tcl: Setting watchdog for 200 seconds at Wed Jan 16 03:21:02 UTC 2019
0
1
1
1
1
0
0
0
0
1
1
1
0
0
0
1
1
1
0
0
0
0
1
1
1
0
0
0
0
0
0
0
12 ms. Memory: 622080K Free: 597995K (96%)
ptolemy.util.test.WatchDog.cancel(): canceling Wed Jan 16 03:21:02 UTC 2019
------------------ testing $PTII/ptolemy/domains/de/test/auto/deInCt2.xml
auto.tcl: Setting watchdog for 200 seconds at Wed Jan 16 03:21:02 UTC 2019
0
1
1
1
0
0
1
1
1
0
0
1
1
1
0
0
1
1
1
0
0
1
1
1
0
0
1
1
1
0
0
1
1
1
0
0
1
1
1
0
0
0
14 ms. Memory: 619520K Free: 595435K (96%)
ptolemy.util.test.WatchDog.cancel(): canceling Wed Jan 16 03:21:02 UTC 2019
auto.tcl: Setting watchdog for 200 seconds at Wed Jan 16 03:21:02 UTC 2019
0
1
1
1
0
0
1
1
1
0
0
1
1
1
0
0
1
1
1
0
0
1
1
1
0
0
1
1
1
0
0
1
1
1
0
0
1
1
1
0
0
0
12 ms. Memory: 619520K Free: 595435K (96%)
ptolemy.util.test.WatchDog.cancel(): canceling Wed Jan 16 03:21:02 UTC 2019
------------------ testing $PTII/ptolemy/domains/de/test/auto/dynamicCausalityInterface1.xml
auto.tcl: Setting watchdog for 200 seconds at Wed Jan 16 03:21:02 UTC 2019
2 ms. Memory: 621568K Free: 594655K (96%)
ptolemy.util.test.WatchDog.cancel(): canceling Wed Jan 16 03:21:02 UTC 2019
auto.tcl: Setting watchdog for 200 seconds at Wed Jan 16 03:21:02 UTC 2019
1 ms. Memory: 621568K Free: 594655K (96%)
ptolemy.util.test.WatchDog.cancel(): canceling Wed Jan 16 03:21:02 UTC 2019
------------------ testing $PTII/ptolemy/domains/de/test/auto/fsm_de_test.xml
auto.tcl: Setting watchdog for 200 seconds at Wed Jan 16 03:21:02 UTC 2019
12 ms. Memory: 619520K Free: 595356K (96%)
ptolemy.util.test.WatchDog.cancel(): canceling Wed Jan 16 03:21:02 UTC 2019
auto.tcl: Setting watchdog for 200 seconds at Wed Jan 16 03:21:02 UTC 2019
4 ms. Memory: 619520K Free: 587136K (95%)
ptolemy.util.test.WatchDog.cancel(): canceling Wed Jan 16 03:21:02 UTC 2019
------------------ testing $PTII/ptolemy/domains/de/test/auto/functionDependencyReconstruction.xml
auto.tcl: Setting watchdog for 200 seconds at Wed Jan 16 03:21:02 UTC 2019
2 ms. Memory: 621568K Free: 589175K (95%)
ptolemy.util.test.WatchDog.cancel(): canceling Wed Jan 16 03:21:03 UTC 2019
auto.tcl: Setting watchdog for 200 seconds at Wed Jan 16 03:21:03 UTC 2019
2 ms. Memory: 621568K Free: 580940K (93%)
ptolemy.util.test.WatchDog.cancel(): canceling Wed Jan 16 03:21:03 UTC 2019
------------------ testing $PTII/ptolemy/domains/de/test/auto/multirate.xml
auto.tcl: Setting watchdog for 200 seconds at Wed Jan 16 03:21:03 UTC 2019
3 ms. Memory: 619520K Free: 595223K (96%)
ptolemy.util.test.WatchDog.cancel(): canceling Wed Jan 16 03:21:03 UTC 2019
auto.tcl: Setting watchdog for 200 seconds at Wed Jan 16 03:21:03 UTC 2019
2 ms. Memory: 619520K Free: 595223K (96%)
ptolemy.util.test.WatchDog.cancel(): canceling Wed Jan 16 03:21:03 UTC 2019
------------------ testing $PTII/ptolemy/domains/de/test/auto/multirate2.xml
auto.tcl: Setting watchdog for 200 seconds at Wed Jan 16 03:21:03 UTC 2019
6 ms. Memory: 621056K Free: 596948K (96%)
ptolemy.util.test.WatchDog.cancel(): canceling Wed Jan 16 03:21:03 UTC 2019
auto.tcl: Setting watchdog for 200 seconds at Wed Jan 16 03:21:03 UTC 2019
3 ms. Memory: 621056K Free: 596948K (96%)
ptolemy.util.test.WatchDog.cancel(): canceling Wed Jan 16 03:21:03 UTC 2019
------------------ testing $PTII/ptolemy/domains/de/test/auto/realtime.xml
auto.tcl: Setting watchdog for 200 seconds at Wed Jan 16 03:21:03 UTC 2019
10001 ms. Memory: 619520K Free: 595379K (96%)
ptolemy.util.test.WatchDog.cancel(): canceling Wed Jan 16 03:21:13 UTC 2019
auto.tcl: Setting watchdog for 200 seconds at Wed Jan 16 03:21:13 UTC 2019
10002 ms. Memory: 619520K Free: 595379K (96%)
ptolemy.util.test.WatchDog.cancel(): canceling Wed Jan 16 03:21:23 UTC 2019
------------------ testing $PTII/ptolemy/domains/de/test/auto/relationGroup.xml
auto.tcl: Setting watchdog for 200 seconds at Wed Jan 16 03:21:23 UTC 2019
4 ms. Memory: 621056K Free: 596971K (96%)
ptolemy.util.test.WatchDog.cancel(): canceling Wed Jan 16 03:21:23 UTC 2019
auto.tcl: Setting watchdog for 200 seconds at Wed Jan 16 03:21:23 UTC 2019
2 ms. Memory: 621056K Free: 596971K (96%)
ptolemy.util.test.WatchDog.cancel(): canceling Wed Jan 16 03:21:23 UTC 2019
------------------ testing $PTII/ptolemy/domains/de/test/auto/relationGroup2.xml
auto.tcl: Setting watchdog for 200 seconds at Wed Jan 16 03:21:23 UTC 2019
1 ms. Memory: 619520K Free: 595462K (96%)
ptolemy.util.test.WatchDog.cancel(): canceling Wed Jan 16 03:21:23 UTC 2019
auto.tcl: Setting watchdog for 200 seconds at Wed Jan 16 03:21:23 UTC 2019
1 ms. Memory: 619520K Free: 595462K (96%)
ptolemy.util.test.WatchDog.cancel(): canceling Wed Jan 16 03:21:23 UTC 2019
------------------ testing $PTII/ptolemy/domains/de/test/auto/sortWithOpaquePorts.xml
auto.tcl: Setting watchdog for 200 seconds at Wed Jan 16 03:21:23 UTC 2019
2 ms. Memory: 620544K Free: 596488K (96%)
ptolemy.util.test.WatchDog.cancel(): canceling Wed Jan 16 03:21:23 UTC 2019
auto.tcl: Setting watchdog for 200 seconds at Wed Jan 16 03:21:23 UTC 2019
2 ms. Memory: 620544K Free: 596488K (96%)
ptolemy.util.test.WatchDog.cancel(): canceling Wed Jan 16 03:21:23 UTC 2019
------------------ testing $PTII/ptolemy/domains/de/test/auto/transferInputsandOutputs.xml
auto.tcl: Setting watchdog for 200 seconds at Wed Jan 16 03:21:23 UTC 2019
2 ms. Memory: 619520K Free: 595450K (96%)
ptolemy.util.test.WatchDog.cancel(): canceling Wed Jan 16 03:21:23 UTC 2019
auto.tcl: Setting watchdog for 200 seconds at Wed Jan 16 03:21:23 UTC 2019
3 ms. Memory: 619520K Free: 595450K (96%)
ptolemy.util.test.WatchDog.cancel(): canceling Wed Jan 16 03:21:23 UTC 2019
------------------ testing $PTII/ptolemy/domains/de/test/auto/triggerType.xml
auto.tcl: Setting watchdog for 200 seconds at Wed Jan 16 03:21:23 UTC 2019
1 ms. Memory: 620544K Free: 596426K (96%)
ptolemy.util.test.WatchDog.cancel(): canceling Wed Jan 16 03:21:23 UTC 2019
auto.tcl: Setting watchdog for 200 seconds at Wed Jan 16 03:21:23 UTC 2019
1 ms. Memory: 620544K Free: 596426K (96%)
ptolemy.util.test.WatchDog.cancel(): canceling Wed Jan 16 03:21:23 UTC 2019
01/16/19 03:21:23
Failed: 0  Total Tests: 192  ((Passed: 187, Newly Passed: 1)  Known Failed: 5) /home/travis/build/icyphy/ptII/ptolemy/domains/de/test
01/16/19 03:21:23
Failed: 0  Total Tests: 192  ((Passed: 187, Newly Passed: 1)  Known Failed: 5) /home/travis/build/icyphy/ptII/ptolemy/domains/de/test
----------------- testing (KnownFailure) /home/travis/build/icyphy/ptII/ptolemy/domains/de/test/auto/knownFailedTests/DESDFClockTest.xml
2009 ms. Memory: 619520K Free: 584661K (94%)
Known Failure: java.lang.reflect.InvocationTargetException
----------------- testing (KnownFailure) /home/travis/build/icyphy/ptII/ptolemy/domains/de/test/auto/knownFailedTests/DirectFeedback.xml
1 ms. Memory: 619520K Free: 541611K (87%)
Known Failure: java.lang.reflect.InvocationTargetException
----------------- testing (KnownFailure) /home/travis/build/icyphy/ptII/ptolemy/domains/de/test/auto/knownFailedTests/FSMSource.xml
11 ms. Memory: 619520K Free: 498562K (80%)
----------------- testing (KnownFailure) /home/travis/build/icyphy/ptII/ptolemy/domains/de/test/auto/knownFailedTests/HierarchicalModel.xml
2 ms. Memory: 619520K Free: 466267K (75%)
Known Failure: java.lang.reflect.InvocationTargetException
----------------- testing (KnownFailure) /home/travis/build/icyphy/ptII/ptolemy/domains/de/test/auto/knownFailedTests/dependencyLoop.xml
2 ms. Memory: 619520K Free: 412440K (67%)
Known Failure: java.lang.reflect.InvocationTargetException
----------------- testing (KnownFailure) /home/travis/build/icyphy/ptII/ptolemy/domains/de/test/auto/knownFailedTests/dependencyLoop2.xml
4 ms. Memory: 619520K Free: 358628K (58%)
Known Failure: java.lang.reflect.InvocationTargetException
No auto/linux-amd64/*.xml tests in /home/travis/build/icyphy/ptII/ptolemy/domains/de/test
AutoTests.java: About to close Vertx.
AutoTests.java: Vertx closed.

===========================================================================================
----------------- testing Wed Jan 16 03:21:25 UTC 2019 /home/travis/build/icyphy/ptII/ptolemy/domains/de/test/auto/ActorDepthCalculation_actorWithoutPorts.xml
----------------- Instantiating /home/travis/build/icyphy/ptII/ptolemy/domains/de/test/auto/ActorDepthCalculation_actorWithoutPorts.xml
2 ms. Memory: 619520K Free: 304816K (49%)
----------------- Invoking toplevel() on ptolemy.moml.MoMLSimpleApplication@769942c5
----------------- Done invoking toplevel() on ptolemy.moml.MoMLSimpleApplication@769942c5
reloadAllAccessors: .ActorDepthCalculation_actorWithoutPorts

===========================================================================================
----------------- testing Wed Jan 16 03:21:25 UTC 2019 /home/travis/build/icyphy/ptII/ptolemy/domains/de/test/auto/AssemblyLine.xml
----------------- Instantiating /home/travis/build/icyphy/ptII/ptolemy/domains/de/test/auto/AssemblyLine.xml
1 ms. Memory: 619520K Free: 283292K (46%)
----------------- Invoking toplevel() on ptolemy.moml.MoMLSimpleApplication@5c7cc40c
----------------- Done invoking toplevel() on ptolemy.moml.MoMLSimpleApplication@5c7cc40c
reloadAllAccessors: .AssemblyLine

===========================================================================================
----------------- testing Wed Jan 16 03:21:25 UTC 2019 /home/travis/build/icyphy/ptII/ptolemy/domains/de/test/auto/CQBug1.xml
----------------- Instantiating /home/travis/build/icyphy/ptII/ptolemy/domains/de/test/auto/CQBug1.xml
1 ms. Memory: 619520K Free: 261767K (42%)
----------------- Invoking toplevel() on ptolemy.moml.MoMLSimpleApplication@6556e2a6
----------------- Done invoking toplevel() on ptolemy.moml.MoMLSimpleApplication@6556e2a6
reloadAllAccessors: .CQBug1

===========================================================================================
----------------- testing Wed Jan 16 03:21:25 UTC 2019 /home/travis/build/icyphy/ptII/ptolemy/domains/de/test/auto/CancelFireAt.xml
----------------- Instantiating /home/travis/build/icyphy/ptII/ptolemy/domains/de/test/auto/CancelFireAt.xml
8 ms. Memory: 619520K Free: 240243K (39%)
----------------- Invoking toplevel() on ptolemy.moml.MoMLSimpleApplication@1078f127
----------------- Done invoking toplevel() on ptolemy.moml.MoMLSimpleApplication@1078f127
reloadAllAccessors: .CancelFireAt

===========================================================================================
----------------- testing Wed Jan 16 03:21:25 UTC 2019 /home/travis/build/icyphy/ptII/ptolemy/domains/de/test/auto/CausalityAndComposabilityAnalysis.xml
----------------- Instantiating /home/travis/build/icyphy/ptII/ptolemy/domains/de/test/auto/CausalityAndComposabilityAnalysis.xml
2 ms. Memory: 619520K Free: 218718K (35%)
----------------- Invoking toplevel() on ptolemy.moml.MoMLSimpleApplication@65928e29
----------------- Done invoking toplevel() on ptolemy.moml.MoMLSimpleApplication@65928e29
reloadAllAccessors: .CausalityAndComposabilityAnalysis

===========================================================================================
----------------- testing Wed Jan 16 03:21:25 UTC 2019 /home/travis/build/icyphy/ptII/ptolemy/domains/de/test/auto/CausalityInterface1.xml
----------------- Instantiating /home/travis/build/icyphy/ptII/ptolemy/domains/de/test/auto/CausalityInterface1.xml
3 ms. Memory: 619520K Free: 197194K (32%)
----------------- Invoking toplevel() on ptolemy.moml.MoMLSimpleApplication@1e985136
----------------- Done invoking toplevel() on ptolemy.moml.MoMLSimpleApplication@1e985136
reloadAllAccessors: .CausalityInterface1

===========================================================================================
----------------- testing Wed Jan 16 03:21:25 UTC 2019 /home/travis/build/icyphy/ptII/ptolemy/domains/de/test/auto/CausalityInterface15.xml
----------------- Instantiating /home/travis/build/icyphy/ptII/ptolemy/domains/de/test/auto/CausalityInterface15.xml
1 ms. Memory: 619520K Free: 175669K (28%)
----------------- Invoking toplevel() on ptolemy.moml.MoMLSimpleApplication@6fa3f872
----------------- Done invoking toplevel() on ptolemy.moml.MoMLSimpleApplication@6fa3f872
reloadAllAccessors: .CausalityInterface15

===========================================================================================
----------------- testing Wed Jan 16 03:21:25 UTC 2019 /home/travis/build/icyphy/ptII/ptolemy/domains/de/test/auto/CausalityInterface2.xml
----------------- Instantiating /home/travis/build/icyphy/ptII/ptolemy/domains/de/test/auto/CausalityInterface2.xml
1 ms. Memory: 619520K Free: 154145K (25%)
----------------- Invoking toplevel() on ptolemy.moml.MoMLSimpleApplication@6f4ca854
----------------- Done invoking toplevel() on ptolemy.moml.MoMLSimpleApplication@6f4ca854
reloadAllAccessors: .CausalityInterface2

===========================================================================================
----------------- testing Wed Jan 16 03:21:25 UTC 2019 /home/travis/build/icyphy/ptII/ptolemy/domains/de/test/auto/CausalityInterface3.xml
----------------- Instantiating /home/travis/build/icyphy/ptII/ptolemy/domains/de/test/auto/CausalityInterface3.xml
0 ms. Memory: 619520K Free: 132620K (21%)
----------------- Invoking toplevel() on ptolemy.moml.MoMLSimpleApplication@740cf6f3
----------------- Done invoking toplevel() on ptolemy.moml.MoMLSimpleApplication@740cf6f3
reloadAllAccessors: .CausalityInterface3

===========================================================================================
----------------- testing Wed Jan 16 03:21:26 UTC 2019 /home/travis/build/icyphy/ptII/ptolemy/domains/de/test/auto/ClockDrift.xml
----------------- Instantiating /home/travis/build/icyphy/ptII/ptolemy/domains/de/test/auto/ClockDrift.xml
15 ms. Memory: 619520K Free: 111096K (18%)
----------------- Invoking toplevel() on ptolemy.moml.MoMLSimpleApplication@476c5501
----------------- Done invoking toplevel() on ptolemy.moml.MoMLSimpleApplication@476c5501
reloadAllAccessors: .ClockDrift

===========================================================================================
----------------- testing Wed Jan 16 03:21:26 UTC 2019 /home/travis/build/icyphy/ptII/ptolemy/domains/de/test/auto/ClockDriftAndValueChange.xml
----------------- Instantiating /home/travis/build/icyphy/ptII/ptolemy/domains/de/test/auto/ClockDriftAndValueChange.xml
7 ms. Memory: 619520K Free: 89571K (14%)
----------------- Invoking toplevel() on ptolemy.moml.MoMLSimpleApplication@32dc089e
----------------- Done invoking toplevel() on ptolemy.moml.MoMLSimpleApplication@32dc089e
reloadAllAccessors: .ClockDriftAndValueChange

===========================================================================================
----------------- testing Wed Jan 16 03:21:26 UTC 2019 /home/travis/build/icyphy/ptII/ptolemy/domains/de/test/auto/ClockDriftChange.xml
----------------- Instantiating /home/travis/build/icyphy/ptII/ptolemy/domains/de/test/auto/ClockDriftChange.xml
7 ms. Memory: 619520K Free: 76323K (12%)
----------------- Invoking toplevel() on ptolemy.moml.MoMLSimpleApplication@47de9765
----------------- Done invoking toplevel() on ptolemy.moml.MoMLSimpleApplication@47de9765
reloadAllAccessors: .ClockDriftChange

===========================================================================================
----------------- testing Wed Jan 16 03:21:26 UTC 2019 /home/travis/build/icyphy/ptII/ptolemy/domains/de/test/auto/ComposableCausalityAnalysis.xml
----------------- Instantiating /home/travis/build/icyphy/ptII/ptolemy/domains/de/test/auto/ComposableCausalityAnalysis.xml
1 ms. Memory: 595456K Free: 569553K (96%)
----------------- Invoking toplevel() on ptolemy.moml.MoMLSimpleApplication@71e60035
----------------- Done invoking toplevel() on ptolemy.moml.MoMLSimpleApplication@71e60035
reloadAllAccessors: .ComposableCausalityAnalysis

===========================================================================================
----------------- testing Wed Jan 16 03:21:26 UTC 2019 /home/travis/build/icyphy/ptII/ptolemy/domains/de/test/auto/DEFixedPointLimitation.xml
----------------- Instantiating /home/travis/build/icyphy/ptII/ptolemy/domains/de/test/auto/DEFixedPointLimitation.xml
1 ms. Memory: 595456K Free: 543939K (91%)
----------------- Invoking toplevel() on ptolemy.moml.MoMLSimpleApplication@2257fe3b
----------------- Done invoking toplevel() on ptolemy.moml.MoMLSimpleApplication@2257fe3b
reloadAllAccessors: .DEFixedPointLimitation

===========================================================================================
----------------- testing Wed Jan 16 03:21:26 UTC 2019 /home/travis/build/icyphy/ptII/ptolemy/domains/de/test/auto/DEScheduleTest.xml
----------------- Instantiating /home/travis/build/icyphy/ptII/ptolemy/domains/de/test/auto/DEScheduleTest.xml
2 ms. Memory: 595456K Free: 523418K (88%)
----------------- Invoking toplevel() on ptolemy.moml.MoMLSimpleApplication@72f2edc4
----------------- Done invoking toplevel() on ptolemy.moml.MoMLSimpleApplication@72f2edc4
reloadAllAccessors: .DEScheduleTest

===========================================================================================
----------------- testing Wed Jan 16 03:21:26 UTC 2019 /home/travis/build/icyphy/ptII/ptolemy/domains/de/test/auto/DEinDEwithStartTimes.xml
----------------- Instantiating /home/travis/build/icyphy/ptII/ptolemy/domains/de/test/auto/DEinDEwithStartTimes.xml
2 ms. Memory: 595456K Free: 502897K (84%)
----------------- Invoking toplevel() on ptolemy.moml.MoMLSimpleApplication@350c2a60
----------------- Done invoking toplevel() on ptolemy.moml.MoMLSimpleApplication@350c2a60
reloadAllAccessors: .DEinDEwithStartTimes

===========================================================================================
----------------- testing Wed Jan 16 03:21:26 UTC 2019 /home/travis/build/icyphy/ptII/ptolemy/domains/de/test/auto/DEinDEwithStartTimes2.xml
----------------- Instantiating /home/travis/build/icyphy/ptII/ptolemy/domains/de/test/auto/DEinDEwithStartTimes2.xml
2 ms. Memory: 595456K Free: 482376K (81%)
----------------- Invoking toplevel() on ptolemy.moml.MoMLSimpleApplication@5901ba7f
----------------- Done invoking toplevel() on ptolemy.moml.MoMLSimpleApplication@5901ba7f
reloadAllAccessors: .DEinDEwithStartTimes2

===========================================================================================
----------------- testing Wed Jan 16 03:21:26 UTC 2019 /home/travis/build/icyphy/ptII/ptolemy/domains/de/test/auto/DateDemo.xml
----------------- Instantiating /home/travis/build/icyphy/ptII/ptolemy/domains/de/test/auto/DateDemo.xml
3 ms. Memory: 595456K Free: 451575K (76%)
----------------- Invoking toplevel() on ptolemy.moml.MoMLSimpleApplication@5407b364
----------------- Done invoking toplevel() on ptolemy.moml.MoMLSimpleApplication@5407b364
reloadAllAccessors: .DateDemo

===========================================================================================
----------------- testing Wed Jan 16 03:21:26 UTC 2019 /home/travis/build/icyphy/ptII/ptolemy/domains/de/test/auto/DateToEvent.xml
----------------- Instantiating /home/travis/build/icyphy/ptII/ptolemy/domains/de/test/auto/DateToEvent.xml
2004 ms. Memory: 595456K Free: 420778K (71%)
----------------- Invoking toplevel() on ptolemy.moml.MoMLSimpleApplication@4c668a1
----------------- Done invoking toplevel() on ptolemy.moml.MoMLSimpleApplication@4c668a1
reloadAllAccessors: .DateToEvent

===========================================================================================
----------------- testing Wed Jan 16 03:21:28 UTC 2019 /home/travis/build/icyphy/ptII/ptolemy/domains/de/test/auto/DepthTest1.xml
----------------- Instantiating /home/travis/build/icyphy/ptII/ptolemy/domains/de/test/auto/DepthTest1.xml
1 ms. Memory: 595456K Free: 400257K (67%)
----------------- Invoking toplevel() on ptolemy.moml.MoMLSimpleApplication@5a7bb7f5
----------------- Done invoking toplevel() on ptolemy.moml.MoMLSimpleApplication@5a7bb7f5
reloadAllAccessors: .DepthTest1

===========================================================================================
----------------- testing Wed Jan 16 03:21:28 UTC 2019 /home/travis/build/icyphy/ptII/ptolemy/domains/de/test/auto/DepthTest2.xml
----------------- Instantiating /home/travis/build/icyphy/ptII/ptolemy/domains/de/test/auto/DepthTest2.xml
5 ms. Memory: 595456K Free: 379736K (64%)
----------------- Invoking toplevel() on ptolemy.moml.MoMLSimpleApplication@1f7ef08d
----------------- Done invoking toplevel() on ptolemy.moml.MoMLSimpleApplication@1f7ef08d
reloadAllAccessors: .DepthTest2

===========================================================================================
----------------- testing Wed Jan 16 03:21:28 UTC 2019 /home/travis/build/icyphy/ptII/ptolemy/domains/de/test/auto/DepthTest3.xml
----------------- Instantiating /home/travis/build/icyphy/ptII/ptolemy/domains/de/test/auto/DepthTest3.xml
1 ms. Memory: 595456K Free: 359215K (60%)
----------------- Invoking toplevel() on ptolemy.moml.MoMLSimpleApplication@14294a89
----------------- Done invoking toplevel() on ptolemy.moml.MoMLSimpleApplication@14294a89
reloadAllAccessors: .DepthTest3

===========================================================================================
----------------- testing Wed Jan 16 03:21:28 UTC 2019 /home/travis/build/icyphy/ptII/ptolemy/domains/de/test/auto/DepthTest4.xml
----------------- Instantiating /home/travis/build/icyphy/ptII/ptolemy/domains/de/test/auto/DepthTest4.xml
2 ms. Memory: 595456K Free: 338694K (57%)
----------------- Invoking toplevel() on ptolemy.moml.MoMLSimpleApplication@64e7ee3
----------------- Done invoking toplevel() on ptolemy.moml.MoMLSimpleApplication@64e7ee3
reloadAllAccessors: .DepthTest4

===========================================================================================
----------------- testing Wed Jan 16 03:21:28 UTC 2019 /home/travis/build/icyphy/ptII/ptolemy/domains/de/test/auto/DepthTest5.xml
----------------- Instantiating /home/travis/build/icyphy/ptII/ptolemy/domains/de/test/auto/DepthTest5.xml
2 ms. Memory: 595456K Free: 313079K (53%)
----------------- Invoking toplevel() on ptolemy.moml.MoMLSimpleApplication@18349d88
----------------- Done invoking toplevel() on ptolemy.moml.MoMLSimpleApplication@18349d88
reloadAllAccessors: .DepthTest5

===========================================================================================
----------------- testing Wed Jan 16 03:21:28 UTC 2019 /home/travis/build/icyphy/ptII/ptolemy/domains/de/test/auto/DepthTest6.xml
----------------- Instantiating /home/travis/build/icyphy/ptII/ptolemy/domains/de/test/auto/DepthTest6.xml
1 ms. Memory: 595456K Free: 292558K (49%)
----------------- Invoking toplevel() on ptolemy.moml.MoMLSimpleApplication@412016c2
----------------- Done invoking toplevel() on ptolemy.moml.MoMLSimpleApplication@412016c2
reloadAllAccessors: .DepthTest6

===========================================================================================
----------------- testing Wed Jan 16 03:21:28 UTC 2019 /home/travis/build/icyphy/ptII/ptolemy/domains/de/test/auto/DepthTest7.xml
----------------- Instantiating /home/travis/build/icyphy/ptII/ptolemy/domains/de/test/auto/DepthTest7.xml
2 ms. Memory: 595456K Free: 272037K (46%)
----------------- Invoking toplevel() on ptolemy.moml.MoMLSimpleApplication@49545ba8
----------------- Done invoking toplevel() on ptolemy.moml.MoMLSimpleApplication@49545ba8
reloadAllAccessors: .DepthTest7

===========================================================================================
----------------- testing Wed Jan 16 03:21:28 UTC 2019 /home/travis/build/icyphy/ptII/ptolemy/domains/de/test/auto/EventToDate.xml
----------------- Instantiating /home/travis/build/icyphy/ptII/ptolemy/domains/de/test/auto/EventToDate.xml
3004 ms. Memory: 595456K Free: 241255K (41%)
----------------- Invoking toplevel() on ptolemy.moml.MoMLSimpleApplication@411c9bea
----------------- Done invoking toplevel() on ptolemy.moml.MoMLSimpleApplication@411c9bea
reloadAllAccessors: .EventToDate

===========================================================================================
----------------- testing Wed Jan 16 03:21:31 UTC 2019 /home/travis/build/icyphy/ptII/ptolemy/domains/de/test/auto/FSM1.xml
----------------- Instantiating /home/travis/build/icyphy/ptII/ptolemy/domains/de/test/auto/FSM1.xml
8 ms. Memory: 595456K Free: 220734K (37%)
----------------- Invoking toplevel() on ptolemy.moml.MoMLSimpleApplication@207d0faa
----------------- Done invoking toplevel() on ptolemy.moml.MoMLSimpleApplication@207d0faa
reloadAllAccessors: .FSM1

===========================================================================================
----------------- testing Wed Jan 16 03:21:31 UTC 2019 /home/travis/build/icyphy/ptII/ptolemy/domains/de/test/auto/FSM7.xml
----------------- Instantiating /home/travis/build/icyphy/ptII/ptolemy/domains/de/test/auto/FSM7.xml
8 ms. Memory: 595456K Free: 200213K (34%)
----------------- Invoking toplevel() on ptolemy.moml.MoMLSimpleApplication@5b89cf3e
----------------- Done invoking toplevel() on ptolemy.moml.MoMLSimpleApplication@5b89cf3e
reloadAllAccessors: .FSM7

===========================================================================================
----------------- testing Wed Jan 16 03:21:31 UTC 2019 /home/travis/build/icyphy/ptII/ptolemy/domains/de/test/auto/Inspection.xml
----------------- Instantiating /home/travis/build/icyphy/ptII/ptolemy/domains/de/test/auto/Inspection.xml
11 ms. Memory: 595456K Free: 169416K (28%)
----------------- Invoking toplevel() on ptolemy.moml.MoMLSimpleApplication@37fdfb53
----------------- Done invoking toplevel() on ptolemy.moml.MoMLSimpleApplication@37fdfb53
reloadAllAccessors: .Inspection

===========================================================================================
----------------- testing Wed Jan 16 03:21:31 UTC 2019 /home/travis/build/icyphy/ptII/ptolemy/domains/de/test/auto/Iteration.xml
----------------- Instantiating /home/travis/build/icyphy/ptII/ptolemy/domains/de/test/auto/Iteration.xml
5 ms. Memory: 595456K Free: 148895K (25%)
----------------- Invoking toplevel() on ptolemy.moml.MoMLSimpleApplication@32aa7f0f
----------------- Done invoking toplevel() on ptolemy.moml.MoMLSimpleApplication@32aa7f0f
reloadAllAccessors: .Iteration

===========================================================================================
----------------- testing Wed Jan 16 03:21:31 UTC 2019 /home/travis/build/icyphy/ptII/ptolemy/domains/de/test/auto/LineFault.xml
----------------- Instantiating /home/travis/build/icyphy/ptII/ptolemy/domains/de/test/auto/LineFault.xml
403 ms. Memory: 571392K Free: 505631K (88%)
----------------- Invoking toplevel() on ptolemy.moml.MoMLSimpleApplication@3656dcf5
----------------- Done invoking toplevel() on ptolemy.moml.MoMLSimpleApplication@3656dcf5
reloadAllAccessors: .LineFault

===========================================================================================
----------------- testing Wed Jan 16 03:21:32 UTC 2019 /home/travis/build/icyphy/ptII/ptolemy/domains/de/test/auto/MergeModel1Add.xml
----------------- Instantiating /home/travis/build/icyphy/ptII/ptolemy/domains/de/test/auto/MergeModel1Add.xml
5 ms. Memory: 571392K Free: 472456K (83%)
----------------- Invoking toplevel() on ptolemy.moml.MoMLSimpleApplication@6586dc8e
----------------- Done invoking toplevel() on ptolemy.moml.MoMLSimpleApplication@6586dc8e
reloadAllAccessors: .MergeModel1Add

===========================================================================================
----------------- testing Wed Jan 16 03:21:32 UTC 2019 /home/travis/build/icyphy/ptII/ptolemy/domains/de/test/auto/MergeModel2Add.xml
----------------- Instantiating /home/travis/build/icyphy/ptII/ptolemy/domains/de/test/auto/MergeModel2Add.xml
5 ms. Memory: 571392K Free: 447975K (78%)
----------------- Invoking toplevel() on ptolemy.moml.MoMLSimpleApplication@3dc8e704
----------------- Done invoking toplevel() on ptolemy.moml.MoMLSimpleApplication@3dc8e704
reloadAllAccessors: .MergeModel2Add

===========================================================================================
----------------- testing Wed Jan 16 03:21:32 UTC 2019 /home/travis/build/icyphy/ptII/ptolemy/domains/de/test/auto/MergeModel3Add.xml
----------------- Instantiating /home/travis/build/icyphy/ptII/ptolemy/domains/de/test/auto/MergeModel3Add.xml
5 ms. Memory: 571392K Free: 423503K (74%)
----------------- Invoking toplevel() on ptolemy.moml.MoMLSimpleApplication@7dfe1ecd
----------------- Done invoking toplevel() on ptolemy.moml.MoMLSimpleApplication@7dfe1ecd
reloadAllAccessors: .MergeModel3Add

===========================================================================================
----------------- testing Wed Jan 16 03:21:32 UTC 2019 /home/travis/build/icyphy/ptII/ptolemy/domains/de/test/auto/MergeWithoutDiscard.xml
----------------- Instantiating /home/travis/build/icyphy/ptII/ptolemy/domains/de/test/auto/MergeWithoutDiscard.xml
1 ms. Memory: 571392K Free: 413724K (72%)
----------------- Invoking toplevel() on ptolemy.moml.MoMLSimpleApplication@ba25fc5
----------------- Done invoking toplevel() on ptolemy.moml.MoMLSimpleApplication@ba25fc5
reloadAllAccessors: .MergeWithoutDiscard

===========================================================================================
----------------- testing Wed Jan 16 03:21:32 UTC 2019 /home/travis/build/icyphy/ptII/ptolemy/domains/de/test/auto/Modal1.xml
----------------- Instantiating /home/travis/build/icyphy/ptII/ptolemy/domains/de/test/auto/Modal1.xml
6 ms. Memory: 571392K Free: 394122K (69%)
----------------- Invoking toplevel() on ptolemy.moml.MoMLSimpleApplication@7989b3ca
----------------- Done invoking toplevel() on ptolemy.moml.MoMLSimpleApplication@7989b3ca
reloadAllAccessors: .Modal1

===========================================================================================
----------------- testing Wed Jan 16 03:21:32 UTC 2019 /home/travis/build/icyphy/ptII/ptolemy/domains/de/test/auto/Modal2.xml
----------------- Instantiating /home/travis/build/icyphy/ptII/ptolemy/domains/de/test/auto/Modal2.xml
6 ms. Memory: 571392K Free: 374531K (66%)
----------------- Invoking toplevel() on ptolemy.moml.MoMLSimpleApplication@73554cc9
----------------- Done invoking toplevel() on ptolemy.moml.MoMLSimpleApplication@73554cc9
reloadAllAccessors: .Modal2

===========================================================================================
----------------- testing Wed Jan 16 03:21:32 UTC 2019 /home/travis/build/icyphy/ptII/ptolemy/domains/de/test/auto/Modal3.xml
----------------- Instantiating /home/travis/build/icyphy/ptII/ptolemy/domains/de/test/auto/Modal3.xml
5 ms. Memory: 571392K Free: 351706K (62%)
----------------- Invoking toplevel() on ptolemy.moml.MoMLSimpleApplication@6c8e2131
----------------- Done invoking toplevel() on ptolemy.moml.MoMLSimpleApplication@6c8e2131
reloadAllAccessors: .Modal3

===========================================================================================
----------------- testing Wed Jan 16 03:21:32 UTC 2019 /home/travis/build/icyphy/ptII/ptolemy/domains/de/test/auto/Modal4.xml
----------------- Instantiating /home/travis/build/icyphy/ptII/ptolemy/domains/de/test/auto/Modal4.xml
8 ms. Memory: 571392K Free: 332115K (58%)
----------------- Invoking toplevel() on ptolemy.moml.MoMLSimpleApplication@421c7b2b
----------------- Done invoking toplevel() on ptolemy.moml.MoMLSimpleApplication@421c7b2b
reloadAllAccessors: .Modal4

===========================================================================================
----------------- testing Wed Jan 16 03:21:32 UTC 2019 /home/travis/build/icyphy/ptII/ptolemy/domains/de/test/auto/Modal5.xml
----------------- Instantiating /home/travis/build/icyphy/ptII/ptolemy/domains/de/test/auto/Modal5.xml
7 ms. Memory: 571392K Free: 312540K (55%)
----------------- Invoking toplevel() on ptolemy.moml.MoMLSimpleApplication@23eb2169
----------------- Done invoking toplevel() on ptolemy.moml.MoMLSimpleApplication@23eb2169
reloadAllAccessors: .Modal5

===========================================================================================
----------------- testing Wed Jan 16 03:21:32 UTC 2019 /home/travis/build/icyphy/ptII/ptolemy/domains/de/test/auto/Modal6.xml
----------------- Instantiating /home/travis/build/icyphy/ptII/ptolemy/domains/de/test/auto/Modal6.xml
7 ms. Memory: 571392K Free: 297856K (52%)
----------------- Invoking toplevel() on ptolemy.moml.MoMLSimpleApplication@2c518c76
----------------- Done invoking toplevel() on ptolemy.moml.MoMLSimpleApplication@2c518c76
reloadAllAccessors: .Modal6

===========================================================================================
----------------- testing Wed Jan 16 03:21:32 UTC 2019 /home/travis/build/icyphy/ptII/ptolemy/domains/de/test/auto/Modal7.xml
----------------- Instantiating /home/travis/build/icyphy/ptII/ptolemy/domains/de/test/auto/Modal7.xml
6 ms. Memory: 571392K Free: 278289K (49%)
----------------- Invoking toplevel() on ptolemy.moml.MoMLSimpleApplication@14e7f31f
----------------- Done invoking toplevel() on ptolemy.moml.MoMLSimpleApplication@14e7f31f
reloadAllAccessors: .Modal7

===========================================================================================
----------------- testing Wed Jan 16 03:21:32 UTC 2019 /home/travis/build/icyphy/ptII/ptolemy/domains/de/test/auto/ModalModel.xml
----------------- Instantiating /home/travis/build/icyphy/ptII/ptolemy/domains/de/test/auto/ModalModel.xml
93 ms. Memory: 571392K Free: 199927K (35%)
----------------- Invoking toplevel() on ptolemy.moml.MoMLSimpleApplication@6f4129b0
----------------- Done invoking toplevel() on ptolemy.moml.MoMLSimpleApplication@6f4129b0
reloadAllAccessors: .ModalModel

===========================================================================================
----------------- testing Wed Jan 16 03:21:32 UTC 2019 /home/travis/build/icyphy/ptII/ptolemy/domains/de/test/auto/ModalSource.xml
----------------- Instantiating /home/travis/build/icyphy/ptII/ptolemy/domains/de/test/auto/ModalSource.xml
3 ms. Memory: 571392K Free: 185242K (32%)
----------------- Invoking toplevel() on ptolemy.moml.MoMLSimpleApplication@2c9b4847
----------------- Done invoking toplevel() on ptolemy.moml.MoMLSimpleApplication@2c9b4847
reloadAllAccessors: .ModalSource

===========================================================================================
----------------- testing Wed Jan 16 03:21:32 UTC 2019 /home/travis/build/icyphy/ptII/ptolemy/domains/de/test/auto/NonInterruptibleTimerZeroDelay.xml
----------------- Instantiating /home/travis/build/icyphy/ptII/ptolemy/domains/de/test/auto/NonInterruptibleTimerZeroDelay.xml
2 ms. Memory: 571392K Free: 172228K (30%)
----------------- Invoking toplevel() on ptolemy.moml.MoMLSimpleApplication@59c6106c
----------------- Done invoking toplevel() on ptolemy.moml.MoMLSimpleApplication@59c6106c
reloadAllAccessors: .NonInterruptibleTimerZeroDelay

===========================================================================================
----------------- testing Wed Jan 16 03:21:32 UTC 2019 /home/travis/build/icyphy/ptII/ptolemy/domains/de/test/auto/OpenQueueingNetwork.xml
----------------- Instantiating /home/travis/build/icyphy/ptII/ptolemy/domains/de/test/auto/OpenQueueingNetwork.xml
2032 ms. Memory: 526336K Free: 482909K (92%)
----------------- Invoking toplevel() on ptolemy.moml.MoMLSimpleApplication@16d4c77a
----------------- Done invoking toplevel() on ptolemy.moml.MoMLSimpleApplication@16d4c77a
reloadAllAccessors: .OpenQueueingNetwork

===========================================================================================
----------------- testing Wed Jan 16 03:21:34 UTC 2019 /home/travis/build/icyphy/ptII/ptolemy/domains/de/test/auto/OpenQueuingNetwork.xml
----------------- Instantiating /home/travis/build/icyphy/ptII/ptolemy/domains/de/test/auto/OpenQueuingNetwork.xml
222 ms. Memory: 526336K Free: 384874K (73%)
----------------- Invoking toplevel() on ptolemy.moml.MoMLSimpleApplication@43869612
----------------- Done invoking toplevel() on ptolemy.moml.MoMLSimpleApplication@43869612
reloadAllAccessors: .OpenQueuingNetwork

===========================================================================================
----------------- testing Wed Jan 16 03:21:34 UTC 2019 /home/travis/build/icyphy/ptII/ptolemy/domains/de/test/auto/PeriodicSampler.xml
----------------- Instantiating /home/travis/build/icyphy/ptII/ptolemy/domains/de/test/auto/PeriodicSampler.xml
4 ms. Memory: 526336K Free: 375975K (71%)
----------------- Invoking toplevel() on ptolemy.moml.MoMLSimpleApplication@4464effd
----------------- Done invoking toplevel() on ptolemy.moml.MoMLSimpleApplication@4464effd
reloadAllAccessors: .PeriodicSampler

===========================================================================================
----------------- testing Wed Jan 16 03:21:34 UTC 2019 /home/travis/build/icyphy/ptII/ptolemy/domains/de/test/auto/PersistentIO.xml
----------------- Instantiating /home/travis/build/icyphy/ptII/ptolemy/domains/de/test/auto/PersistentIO.xml
3 ms. Memory: 526336K Free: 362611K (69%)
----------------- Invoking toplevel() on ptolemy.moml.MoMLSimpleApplication@d931972
----------------- Done invoking toplevel() on ptolemy.moml.MoMLSimpleApplication@d931972
reloadAllAccessors: .PersistentIO

===========================================================================================
----------------- testing Wed Jan 16 03:21:34 UTC 2019 /home/travis/build/icyphy/ptII/ptolemy/domains/de/test/auto/PortParameterResetOnInitialize.xml
----------------- Instantiating /home/travis/build/icyphy/ptII/ptolemy/domains/de/test/auto/PortParameterResetOnInitialize.xml
2 ms. Memory: 526336K Free: 351734K (67%)
----------------- Invoking toplevel() on ptolemy.moml.MoMLSimpleApplication@367cd9d7
----------------- Done invoking toplevel() on ptolemy.moml.MoMLSimpleApplication@367cd9d7
reloadAllAccessors: .PortParameterResetOnInitialize

===========================================================================================
----------------- testing Wed Jan 16 03:21:34 UTC 2019 /home/travis/build/icyphy/ptII/ptolemy/domains/de/test/auto/PortParameterUpdates.xml
----------------- Instantiating /home/travis/build/icyphy/ptII/ptolemy/domains/de/test/auto/PortParameterUpdates.xml
4 ms. Memory: 526336K Free: 338370K (64%)
----------------- Invoking toplevel() on ptolemy.moml.MoMLSimpleApplication@3933200
----------------- Done invoking toplevel() on ptolemy.moml.MoMLSimpleApplication@3933200
reloadAllAccessors: .PortParameterUpdates

===========================================================================================
----------------- testing Wed Jan 16 03:21:34 UTC 2019 /home/travis/build/icyphy/ptII/ptolemy/domains/de/test/auto/QueueAndServer.xml
----------------- Instantiating /home/travis/build/icyphy/ptII/ptolemy/domains/de/test/auto/QueueAndServer.xml
5 ms. Memory: 526336K Free: 325015K (62%)
----------------- Invoking toplevel() on ptolemy.moml.MoMLSimpleApplication@6504c745
----------------- Done invoking toplevel() on ptolemy.moml.MoMLSimpleApplication@6504c745
reloadAllAccessors: .QueueAndServer

===========================================================================================
----------------- testing Wed Jan 16 03:21:34 UTC 2019 /home/travis/build/icyphy/ptII/ptolemy/domains/de/test/auto/Records.xml
----------------- Instantiating /home/travis/build/icyphy/ptII/ptolemy/domains/de/test/auto/Records.xml
3 ms. Memory: 526336K Free: 311651K (59%)
----------------- Invoking toplevel() on ptolemy.moml.MoMLSimpleApplication@7fecce7c
----------------- Done invoking toplevel() on ptolemy.moml.MoMLSimpleApplication@7fecce7c
reloadAllAccessors: .Records

===========================================================================================
----------------- testing Wed Jan 16 03:21:34 UTC 2019 /home/travis/build/icyphy/ptII/ptolemy/domains/de/test/auto/ResetTransitionWithStartTime1.xml
----------------- Instantiating /home/travis/build/icyphy/ptII/ptolemy/domains/de/test/auto/ResetTransitionWithStartTime1.xml
4 ms. Memory: 526336K Free: 296308K (56%)
----------------- Invoking toplevel() on ptolemy.moml.MoMLSimpleApplication@19321fcc
----------------- Done invoking toplevel() on ptolemy.moml.MoMLSimpleApplication@19321fcc
reloadAllAccessors: .ResetTransitionWithStartTime1

===========================================================================================
----------------- testing Wed Jan 16 03:21:35 UTC 2019 /home/travis/build/icyphy/ptII/ptolemy/domains/de/test/auto/ResetTransitionWithStartTime2.xml
----------------- Instantiating /home/travis/build/icyphy/ptII/ptolemy/domains/de/test/auto/ResetTransitionWithStartTime2.xml
4 ms. Memory: 526336K Free: 282944K (54%)
----------------- Invoking toplevel() on ptolemy.moml.MoMLSimpleApplication@695d40bc
----------------- Done invoking toplevel() on ptolemy.moml.MoMLSimpleApplication@695d40bc
reloadAllAccessors: .ResetTransitionWithStartTime2

===========================================================================================
----------------- testing Wed Jan 16 03:21:35 UTC 2019 /home/travis/build/icyphy/ptII/ptolemy/domains/de/test/auto/ResetTransitionWithStartTime3.xml
----------------- Instantiating /home/travis/build/icyphy/ptII/ptolemy/domains/de/test/auto/ResetTransitionWithStartTime3.xml
4 ms. Memory: 526336K Free: 269580K (51%)
----------------- Invoking toplevel() on ptolemy.moml.MoMLSimpleApplication@60b085f8
----------------- Done invoking toplevel() on ptolemy.moml.MoMLSimpleApplication@60b085f8
reloadAllAccessors: .ResetTransitionWithStartTime3

===========================================================================================
----------------- testing Wed Jan 16 03:21:35 UTC 2019 /home/travis/build/icyphy/ptII/ptolemy/domains/de/test/auto/ResetTransitionWithStartTime4.xml
----------------- Instantiating /home/travis/build/icyphy/ptII/ptolemy/domains/de/test/auto/ResetTransitionWithStartTime4.xml
3 ms. Memory: 526336K Free: 256216K (49%)
----------------- Invoking toplevel() on ptolemy.moml.MoMLSimpleApplication@5baffd47
----------------- Done invoking toplevel() on ptolemy.moml.MoMLSimpleApplication@5baffd47
reloadAllAccessors: .ResetTransitionWithStartTime4

===========================================================================================
----------------- testing Wed Jan 16 03:21:35 UTC 2019 /home/travis/build/icyphy/ptII/ptolemy/domains/de/test/auto/ResettableTimer1.xml
----------------- Instantiating /home/travis/build/icyphy/ptII/ptolemy/domains/de/test/auto/ResettableTimer1.xml
2 ms. Memory: 526336K Free: 245339K (47%)
----------------- Invoking toplevel() on ptolemy.moml.MoMLSimpleApplication@1001a678
----------------- Done invoking toplevel() on ptolemy.moml.MoMLSimpleApplication@1001a678
reloadAllAccessors: .ResettableTimer1

===========================================================================================
----------------- testing Wed Jan 16 03:21:35 UTC 2019 /home/travis/build/icyphy/ptII/ptolemy/domains/de/test/auto/ResettableTimer2.xml
----------------- Instantiating /home/travis/build/icyphy/ptII/ptolemy/domains/de/test/auto/ResettableTimer2.xml
2 ms. Memory: 526336K Free: 236440K (45%)
----------------- Invoking toplevel() on ptolemy.moml.MoMLSimpleApplication@2a0593a7
----------------- Done invoking toplevel() on ptolemy.moml.MoMLSimpleApplication@2a0593a7
reloadAllAccessors: .ResettableTimer2

===========================================================================================
----------------- testing Wed Jan 16 03:21:35 UTC 2019 /home/travis/build/icyphy/ptII/ptolemy/domains/de/test/auto/ResettableTimer3.xml
----------------- Instantiating /home/travis/build/icyphy/ptII/ptolemy/domains/de/test/auto/ResettableTimer3.xml
2 ms. Memory: 526336K Free: 227541K (43%)
----------------- Invoking toplevel() on ptolemy.moml.MoMLSimpleApplication@13989479
----------------- Done invoking toplevel() on ptolemy.moml.MoMLSimpleApplication@13989479
reloadAllAccessors: .ResettableTimer3

===========================================================================================
----------------- testing Wed Jan 16 03:21:35 UTC 2019 /home/travis/build/icyphy/ptII/ptolemy/domains/de/test/auto/ResettableTimer4.xml
----------------- Instantiating /home/travis/build/icyphy/ptII/ptolemy/domains/de/test/auto/ResettableTimer4.xml
1 ms. Memory: 526336K Free: 218643K (42%)
----------------- Invoking toplevel() on ptolemy.moml.MoMLSimpleApplication@289a81ef
----------------- Done invoking toplevel() on ptolemy.moml.MoMLSimpleApplication@289a81ef
reloadAllAccessors: .ResettableTimer4

===========================================================================================
----------------- testing Wed Jan 16 03:21:35 UTC 2019 /home/travis/build/icyphy/ptII/ptolemy/domains/de/test/auto/ResettableTimer5.xml
----------------- Instantiating /home/travis/build/icyphy/ptII/ptolemy/domains/de/test/auto/ResettableTimer5.xml
1 ms. Memory: 526336K Free: 207765K (39%)
----------------- Invoking toplevel() on ptolemy.moml.MoMLSimpleApplication@191d7329
----------------- Done invoking toplevel() on ptolemy.moml.MoMLSimpleApplication@191d7329
reloadAllAccessors: .ResettableTimer5

===========================================================================================
----------------- testing Wed Jan 16 03:21:35 UTC 2019 /home/travis/build/icyphy/ptII/ptolemy/domains/de/test/auto/ResettableTimer6.xml
----------------- Instantiating /home/travis/build/icyphy/ptII/ptolemy/domains/de/test/auto/ResettableTimer6.xml
9 ms. Memory: 526336K Free: 198867K (38%)
----------------- Invoking toplevel() on ptolemy.moml.MoMLSimpleApplication@7b6d946b
----------------- Done invoking toplevel() on ptolemy.moml.MoMLSimpleApplication@7b6d946b
reloadAllAccessors: .ResettableTimer6

===========================================================================================
----------------- testing Wed Jan 16 03:21:35 UTC 2019 /home/travis/build/icyphy/ptII/ptolemy/domains/de/test/auto/ServerZeroDelay.xml
----------------- Instantiating /home/travis/build/icyphy/ptII/ptolemy/domains/de/test/auto/ServerZeroDelay.xml
1 ms. Memory: 526336K Free: 189968K (36%)
----------------- Invoking toplevel() on ptolemy.moml.MoMLSimpleApplication@4c2fda84
----------------- Done invoking toplevel() on ptolemy.moml.MoMLSimpleApplication@4c2fda84
reloadAllAccessors: .ServerZeroDelay

===========================================================================================
----------------- testing Wed Jan 16 03:21:35 UTC 2019 /home/travis/build/icyphy/ptII/ptolemy/domains/de/test/auto/SmartSender.xml
----------------- Instantiating /home/travis/build/icyphy/ptII/ptolemy/domains/de/test/auto/SmartSender.xml
3000 ms. Memory: 526336K Free: 181070K (34%)
----------------- Invoking toplevel() on ptolemy.moml.MoMLSimpleApplication@4af2767c
----------------- Done invoking toplevel() on ptolemy.moml.MoMLSimpleApplication@4af2767c
reloadAllAccessors: .SmartSender

===========================================================================================
----------------- testing Wed Jan 16 03:21:38 UTC 2019 /home/travis/build/icyphy/ptII/ptolemy/domains/de/test/auto/ThreadedComposite.xml
----------------- Instantiating /home/travis/build/icyphy/ptII/ptolemy/domains/de/test/auto/ThreadedComposite.xml
110 ms. Memory: 526336K Free: 152363K (29%)
----------------- Invoking toplevel() on ptolemy.moml.MoMLSimpleApplication@13e4b842
----------------- Done invoking toplevel() on ptolemy.moml.MoMLSimpleApplication@13e4b842
reloadAllAccessors: .ThreadedComposite

===========================================================================================
----------------- testing Wed Jan 16 03:21:38 UTC 2019 /home/travis/build/icyphy/ptII/ptolemy/domains/de/test/auto/Time.xml
----------------- Instantiating /home/travis/build/icyphy/ptII/ptolemy/domains/de/test/auto/Time.xml
413 ms. Memory: 526336K Free: 94522K (18%)
----------------- Invoking toplevel() on ptolemy.moml.MoMLSimpleApplication@4c87f617
----------------- Done invoking toplevel() on ptolemy.moml.MoMLSimpleApplication@4c87f617
reloadAllAccessors: .Time

===========================================================================================
----------------- testing Wed Jan 16 03:21:38 UTC 2019 /home/travis/build/icyphy/ptII/ptolemy/domains/de/test/auto/TimeDelayZeroDelay.xml
----------------- Instantiating /home/travis/build/icyphy/ptII/ptolemy/domains/de/test/auto/TimeDelayZeroDelay.xml
3 ms. Memory: 526336K Free: 85623K (16%)
----------------- Invoking toplevel() on ptolemy.moml.MoMLSimpleApplication@35ec2ece
----------------- Done invoking toplevel() on ptolemy.moml.MoMLSimpleApplication@35ec2ece
reloadAllAccessors: .TimeDelayZeroDelay

===========================================================================================
----------------- testing Wed Jan 16 03:21:38 UTC 2019 /home/travis/build/icyphy/ptII/ptolemy/domains/de/test/auto/TimerZeroDelay.xml
----------------- Instantiating /home/travis/build/icyphy/ptII/ptolemy/domains/de/test/auto/TimerZeroDelay.xml
2 ms. Memory: 526336K Free: 74746K (14%)
----------------- Invoking toplevel() on ptolemy.moml.MoMLSimpleApplication@1f132136
----------------- Done invoking toplevel() on ptolemy.moml.MoMLSimpleApplication@1f132136
reloadAllAccessors: .TimerZeroDelay

===========================================================================================
----------------- testing Wed Jan 16 03:21:38 UTC 2019 /home/travis/build/icyphy/ptII/ptolemy/domains/de/test/auto/TimingParadox.xml
----------------- Instantiating /home/travis/build/icyphy/ptII/ptolemy/domains/de/test/auto/TimingParadox.xml
279 ms. Memory: 508416K Free: 428118K (84%)
----------------- Invoking toplevel() on ptolemy.moml.MoMLSimpleApplication@300b9335
----------------- Done invoking toplevel() on ptolemy.moml.MoMLSimpleApplication@300b9335
reloadAllAccessors: .TimingParadox

===========================================================================================
----------------- testing Wed Jan 16 03:21:39 UTC 2019 /home/travis/build/icyphy/ptII/ptolemy/domains/de/test/auto/TransferInputs.xml
----------------- Instantiating /home/travis/build/icyphy/ptII/ptolemy/domains/de/test/auto/TransferInputs.xml
1 ms. Memory: 508416K Free: 418322K (82%)
----------------- Invoking toplevel() on ptolemy.moml.MoMLSimpleApplication@4aa35e90
----------------- Done invoking toplevel() on ptolemy.moml.MoMLSimpleApplication@4aa35e90
reloadAllAccessors: .TransferInputs

===========================================================================================
----------------- testing Wed Jan 16 03:21:39 UTC 2019 /home/travis/build/icyphy/ptII/ptolemy/domains/de/test/auto/TransferOutputs2.xml
----------------- Instantiating /home/travis/build/icyphy/ptII/ptolemy/domains/de/test/auto/TransferOutputs2.xml
2 ms. Memory: 508416K Free: 405589K (80%)
----------------- Invoking toplevel() on ptolemy.moml.MoMLSimpleApplication@16cb1f8e
----------------- Done invoking toplevel() on ptolemy.moml.MoMLSimpleApplication@16cb1f8e
reloadAllAccessors: .TransferOutputs2

===========================================================================================
----------------- testing Wed Jan 16 03:21:39 UTC 2019 /home/travis/build/icyphy/ptII/ptolemy/domains/de/test/auto/Trilateration.xml
----------------- Instantiating /home/travis/build/icyphy/ptII/ptolemy/domains/de/test/auto/Trilateration.xml
10632 ms. Memory: 571904K Free: 222731K (39%)
----------------- Invoking toplevel() on ptolemy.moml.MoMLSimpleApplication@5a2ebe98
----------------- Done invoking toplevel() on ptolemy.moml.MoMLSimpleApplication@5a2ebe98
reloadAllAccessors: .Trilateration

===========================================================================================
----------------- testing Wed Jan 16 03:21:50 UTC 2019 /home/travis/build/icyphy/ptII/ptolemy/domains/de/test/auto/TwoSigmaDelta.xml
----------------- Instantiating /home/travis/build/icyphy/ptII/ptolemy/domains/de/test/auto/TwoSigmaDelta.xml
2032 ms. Memory: 554496K Free: 394815K (71%)
----------------- Invoking toplevel() on ptolemy.moml.MoMLSimpleApplication@74a5e4d3
----------------- Done invoking toplevel() on ptolemy.moml.MoMLSimpleApplication@74a5e4d3
reloadAllAccessors: .TwoSigmaDelta

===========================================================================================
----------------- testing Wed Jan 16 03:21:52 UTC 2019 /home/travis/build/icyphy/ptII/ptolemy/domains/de/test/auto/VariableDelay.xml
----------------- Instantiating /home/travis/build/icyphy/ptII/ptolemy/domains/de/test/auto/VariableDelay.xml
2 ms. Memory: 554496K Free: 379987K (69%)
----------------- Invoking toplevel() on ptolemy.moml.MoMLSimpleApplication@70271f3a
----------------- Done invoking toplevel() on ptolemy.moml.MoMLSimpleApplication@70271f3a
reloadAllAccessors: .VariableDelay

===========================================================================================
----------------- testing Wed Jan 16 03:21:52 UTC 2019 /home/travis/build/icyphy/ptII/ptolemy/domains/de/test/auto/VariableDelay2.xml
----------------- Instantiating /home/travis/build/icyphy/ptII/ptolemy/domains/de/test/auto/VariableDelay2.xml
1 ms. Memory: 554496K Free: 370020K (67%)
----------------- Invoking toplevel() on ptolemy.moml.MoMLSimpleApplication@73687809
----------------- Done invoking toplevel() on ptolemy.moml.MoMLSimpleApplication@73687809
reloadAllAccessors: .VariableDelay2

===========================================================================================
----------------- testing Wed Jan 16 03:21:52 UTC 2019 /home/travis/build/icyphy/ptII/ptolemy/domains/de/test/auto/VariableDelayZeroDelay.xml
----------------- Instantiating /home/travis/build/icyphy/ptII/ptolemy/domains/de/test/auto/VariableDelayZeroDelay.xml
1 ms. Memory: 554496K Free: 360054K (65%)
----------------- Invoking toplevel() on ptolemy.moml.MoMLSimpleApplication@710b5892
----------------- Done invoking toplevel() on ptolemy.moml.MoMLSimpleApplication@710b5892
reloadAllAccessors: .VariableDelayZeroDelay

===========================================================================================
----------------- testing Wed Jan 16 03:21:52 UTC 2019 /home/travis/build/icyphy/ptII/ptolemy/domains/de/test/auto/VariableDelayZeroDelay2.xml
----------------- Instantiating /home/travis/build/icyphy/ptII/ptolemy/domains/de/test/auto/VariableDelayZeroDelay2.xml
1 ms. Memory: 554496K Free: 350088K (63%)
----------------- Invoking toplevel() on ptolemy.moml.MoMLSimpleApplication@5ed0c5b3
----------------- Done invoking toplevel() on ptolemy.moml.MoMLSimpleApplication@5ed0c5b3
reloadAllAccessors: .VariableDelayZeroDelay2

===========================================================================================
----------------- testing Wed Jan 16 03:21:52 UTC 2019 /home/travis/build/icyphy/ptII/ptolemy/domains/de/test/auto/deInCt.xml
----------------- Instantiating /home/travis/build/icyphy/ptII/ptolemy/domains/de/test/auto/deInCt.xml
0
1
1
1
1
0
0
0
1
1
1
1
0
0
0
0
1
1
1
0
0
0
0
1
1
1
1
0
0
0
0
0
5 ms. Memory: 554496K Free: 340121K (61%)
----------------- Invoking toplevel() on ptolemy.moml.MoMLSimpleApplication@7d22622f
----------------- Done invoking toplevel() on ptolemy.moml.MoMLSimpleApplication@7d22622f
reloadAllAccessors: .deInCt

===========================================================================================
----------------- testing Wed Jan 16 03:21:52 UTC 2019 /home/travis/build/icyphy/ptII/ptolemy/domains/de/test/auto/deInCt2.xml
----------------- Instantiating /home/travis/build/icyphy/ptII/ptolemy/domains/de/test/auto/deInCt2.xml
0
1
1
1
0
0
1
1
1
0
0
1
1
1
0
0
1
1
1
0
0
1
1
1
0
0
1
1
1
0
0
1
1
1
0
0
1
1
1
0
0
0
3 ms. Memory: 554496K Free: 330155K (60%)
----------------- Invoking toplevel() on ptolemy.moml.MoMLSimpleApplication@5da3f6f0
----------------- Done invoking toplevel() on ptolemy.moml.MoMLSimpleApplication@5da3f6f0
reloadAllAccessors: .deInCt2

===========================================================================================
----------------- testing Wed Jan 16 03:21:52 UTC 2019 /home/travis/build/icyphy/ptII/ptolemy/domains/de/test/auto/dynamicCausalityInterface1.xml
----------------- Instantiating /home/travis/build/icyphy/ptII/ptolemy/domains/de/test/auto/dynamicCausalityInterface1.xml
0 ms. Memory: 554496K Free: 315498K (57%)
----------------- Invoking toplevel() on ptolemy.moml.MoMLSimpleApplication@424c79ff
----------------- Done invoking toplevel() on ptolemy.moml.MoMLSimpleApplication@424c79ff
reloadAllAccessors: .dynamicCausalityInterface1

===========================================================================================
----------------- testing Wed Jan 16 03:21:52 UTC 2019 /home/travis/build/icyphy/ptII/ptolemy/domains/de/test/auto/fsm_de_test.xml
----------------- Instantiating /home/travis/build/icyphy/ptII/ptolemy/domains/de/test/auto/fsm_de_test.xml
5 ms. Memory: 554496K Free: 300839K (54%)
----------------- Invoking toplevel() on ptolemy.moml.MoMLSimpleApplication@11c650c1
----------------- Done invoking toplevel() on ptolemy.moml.MoMLSimpleApplication@11c650c1
reloadAllAccessors: .fsm_de_test

===========================================================================================
----------------- testing Wed Jan 16 03:21:52 UTC 2019 /home/travis/build/icyphy/ptII/ptolemy/domains/de/test/auto/functionDependencyReconstruction.xml
----------------- Instantiating /home/travis/build/icyphy/ptII/ptolemy/domains/de/test/auto/functionDependencyReconstruction.xml
2 ms. Memory: 554496K Free: 277434K (50%)
----------------- Invoking toplevel() on ptolemy.moml.MoMLSimpleApplication@78d8190e
----------------- Done invoking toplevel() on ptolemy.moml.MoMLSimpleApplication@78d8190e
reloadAllAccessors: .functionDependencyReconstruction

===========================================================================================
----------------- testing Wed Jan 16 03:21:52 UTC 2019 /home/travis/build/icyphy/ptII/ptolemy/domains/de/test/auto/multirate.xml
----------------- Instantiating /home/travis/build/icyphy/ptII/ptolemy/domains/de/test/auto/multirate.xml
3 ms. Memory: 554496K Free: 262793K (47%)
----------------- Invoking toplevel() on ptolemy.moml.MoMLSimpleApplication@5463808c
----------------- Done invoking toplevel() on ptolemy.moml.MoMLSimpleApplication@5463808c
reloadAllAccessors: .multirate

===========================================================================================
----------------- testing Wed Jan 16 03:21:52 UTC 2019 /home/travis/build/icyphy/ptII/ptolemy/domains/de/test/auto/multirate2.xml
----------------- Instantiating /home/travis/build/icyphy/ptII/ptolemy/domains/de/test/auto/multirate2.xml
2 ms. Memory: 554496K Free: 248144K (45%)
----------------- Invoking toplevel() on ptolemy.moml.MoMLSimpleApplication@4a849866
----------------- Done invoking toplevel() on ptolemy.moml.MoMLSimpleApplication@4a849866
reloadAllAccessors: .multirate2

===========================================================================================
----------------- testing Wed Jan 16 03:21:52 UTC 2019 /home/travis/build/icyphy/ptII/ptolemy/domains/de/test/auto/realtime.xml
----------------- Instantiating /home/travis/build/icyphy/ptII/ptolemy/domains/de/test/auto/realtime.xml
10001 ms. Memory: 554496K Free: 238178K (43%)
----------------- Invoking toplevel() on ptolemy.moml.MoMLSimpleApplication@36caef68
----------------- Done invoking toplevel() on ptolemy.moml.MoMLSimpleApplication@36caef68
reloadAllAccessors: .realtime

===========================================================================================
----------------- testing Wed Jan 16 03:22:02 UTC 2019 /home/travis/build/icyphy/ptII/ptolemy/domains/de/test/auto/relationGroup.xml
----------------- Instantiating /home/travis/build/icyphy/ptII/ptolemy/domains/de/test/auto/relationGroup.xml
1 ms. Memory: 554496K Free: 228211K (41%)
----------------- Invoking toplevel() on ptolemy.moml.MoMLSimpleApplication@4b7fb71b
----------------- Done invoking toplevel() on ptolemy.moml.MoMLSimpleApplication@4b7fb71b
reloadAllAccessors: .relationGroup

===========================================================================================
----------------- testing Wed Jan 16 03:22:02 UTC 2019 /home/travis/build/icyphy/ptII/ptolemy/domains/de/test/auto/relationGroup2.xml
----------------- Instantiating /home/travis/build/icyphy/ptII/ptolemy/domains/de/test/auto/relationGroup2.xml
1 ms. Memory: 554496K Free: 218245K (39%)
----------------- Invoking toplevel() on ptolemy.moml.MoMLSimpleApplication@3165f951
----------------- Done invoking toplevel() on ptolemy.moml.MoMLSimpleApplication@3165f951
reloadAllAccessors: .relationGroup2

===========================================================================================
----------------- testing Wed Jan 16 03:22:02 UTC 2019 /home/travis/build/icyphy/ptII/ptolemy/domains/de/test/auto/sortWithOpaquePorts.xml
----------------- Instantiating /home/travis/build/icyphy/ptII/ptolemy/domains/de/test/auto/sortWithOpaquePorts.xml
2 ms. Memory: 554496K Free: 208279K (38%)
----------------- Invoking toplevel() on ptolemy.moml.MoMLSimpleApplication@6d7db22a
----------------- Done invoking toplevel() on ptolemy.moml.MoMLSimpleApplication@6d7db22a
reloadAllAccessors: .sortWithOpaquePorts

===========================================================================================
----------------- testing Wed Jan 16 03:22:02 UTC 2019 /home/travis/build/icyphy/ptII/ptolemy/domains/de/test/auto/transferInputsandOutputs.xml
----------------- Instantiating /home/travis/build/icyphy/ptII/ptolemy/domains/de/test/auto/transferInputsandOutputs.xml
2 ms. Memory: 554496K Free: 193630K (35%)
----------------- Invoking toplevel() on ptolemy.moml.MoMLSimpleApplication@2a6c71d6
----------------- Done invoking toplevel() on ptolemy.moml.MoMLSimpleApplication@2a6c71d6
reloadAllAccessors: .transferInputsandOutputs

===========================================================================================
----------------- testing Wed Jan 16 03:22:02 UTC 2019 /home/travis/build/icyphy/ptII/ptolemy/domains/de/test/auto/triggerType.xml
----------------- Instantiating /home/travis/build/icyphy/ptII/ptolemy/domains/de/test/auto/triggerType.xml
1 ms. Memory: 554496K Free: 183664K (33%)
----------------- Invoking toplevel() on ptolemy.moml.MoMLSimpleApplication@5a3ac574
----------------- Done invoking toplevel() on ptolemy.moml.MoMLSimpleApplication@5a3ac574
reloadAllAccessors: .triggerType
AutoTests.java: About to close Vertx.
AutoTests.java: Vertx closed.
]]></system-out>
  <system-err><![CDATA[java.lang.RuntimeException: Execution failed
	at ptolemy.moml.MoMLSimpleApplication$UnloadThread.run(MoMLSimpleApplication.java:402)
Caused by: ptolemy.kernel.util.IllegalActionException: Found a zero delay loop containing .dependencyLoop.original
  in .dependencyLoop and .dependencyLoop.original
	at ptolemy.actor.util.CausalityInterfaceForComposites._computeOutputPortDepth(CausalityInterfaceForComposites.java:759)
	at ptolemy.actor.util.CausalityInterfaceForComposites._computeInputDepth(CausalityInterfaceForComposites.java:696)
	at ptolemy.actor.util.CausalityInterfaceForComposites._computeOutputPortDepth(CausalityInterfaceForComposites.java:765)
	at ptolemy.actor.util.CausalityInterfaceForComposites._computeInputDepth(CausalityInterfaceForComposites.java:696)
	at ptolemy.actor.util.CausalityInterfaceForComposites._computeOutputPortDepth(CausalityInterfaceForComposites.java:765)
	at ptolemy.actor.util.CausalityInterfaceForComposites._computeInputDepth(CausalityInterfaceForComposites.java:696)
	at ptolemy.actor.util.CausalityInterfaceForComposites._computeActorDepth(CausalityInterfaceForComposites.java:532)
	at ptolemy.actor.util.CausalityInterfaceForComposites.checkForCycles(CausalityInterfaceForComposites.java:96)
	at ptolemy.domains.de.kernel.DEDirector.preinitialize(DEDirector.java:1338)
	at ptolemy.actor.CompositeActor.preinitialize(CompositeActor.java:1828)
	at ptolemy.actor.Manager.preinitializeAndResolveTypes(Manager.java:1040)
	at ptolemy.actor.Manager.initialize(Manager.java:710)
	at ptolemy.actor.Manager.execute(Manager.java:356)
	at ptolemy.actor.Manager.run(Manager.java:1263)
	at ptolemy.actor.Manager$PtolemyRunThread.run(Manager.java:1915)
java.lang.RuntimeException: Execution failed
	at ptolemy.moml.MoMLSimpleApplication$UnloadThread.run(MoMLSimpleApplication.java:402)
Caused by: ptolemy.kernel.util.IllegalActionException: Found a zero delay loop containing .dependencyLoop2.original
  in .dependencyLoop2 and .dependencyLoop2.original
	at ptolemy.actor.util.CausalityInterfaceForComposites._computeOutputPortDepth(CausalityInterfaceForComposites.java:759)
	at ptolemy.actor.util.CausalityInterfaceForComposites._computeInputDepth(CausalityInterfaceForComposites.java:696)
	at ptolemy.actor.util.CausalityInterfaceForComposites._computeOutputPortDepth(CausalityInterfaceForComposites.java:765)
	at ptolemy.actor.util.CausalityInterfaceForComposites._computeInputDepth(CausalityInterfaceForComposites.java:696)
	at ptolemy.actor.util.CausalityInterfaceForComposites._computeOutputPortDepth(CausalityInterfaceForComposites.java:765)
	at ptolemy.actor.util.CausalityInterfaceForComposites._computeInputDepth(CausalityInterfaceForComposites.java:696)
	at ptolemy.actor.util.CausalityInterfaceForComposites._computeActorDepth(CausalityInterfaceForComposites.java:532)
	at ptolemy.actor.util.CausalityInterfaceForComposites.checkForCycles(CausalityInterfaceForComposites.java:96)
	at ptolemy.domains.de.kernel.DEDirector.preinitialize(DEDirector.java:1338)
	at ptolemy.actor.CompositeActor.preinitialize(CompositeActor.java:1828)
	at ptolemy.actor.Manager.preinitializeAndResolveTypes(Manager.java:1040)
	at ptolemy.actor.Manager.initialize(Manager.java:710)
	at ptolemy.actor.Manager.execute(Manager.java:356)
	at ptolemy.actor.Manager.run(Manager.java:1263)
	at ptolemy.actor.Manager$PtolemyRunThread.run(Manager.java:1915)
java.lang.RuntimeException: Execution failed
	at ptolemy.moml.MoMLSimpleApplication$UnloadThread.run(MoMLSimpleApplication.java:402)
Caused by: ptolemy.kernel.util.IllegalActionException: Found a zero delay loop containing .dependencyLoop.original
  in .dependencyLoop and .dependencyLoop.original
	at ptolemy.actor.util.CausalityInterfaceForComposites._computeOutputPortDepth(CausalityInterfaceForComposites.java:759)
	at ptolemy.actor.util.CausalityInterfaceForComposites._computeInputDepth(CausalityInterfaceForComposites.java:696)
	at ptolemy.actor.util.CausalityInterfaceForComposites._computeOutputPortDepth(CausalityInterfaceForComposites.java:765)
	at ptolemy.actor.util.CausalityInterfaceForComposites._computeInputDepth(CausalityInterfaceForComposites.java:696)
	at ptolemy.actor.util.CausalityInterfaceForComposites._computeOutputPortDepth(CausalityInterfaceForComposites.java:765)
	at ptolemy.actor.util.CausalityInterfaceForComposites._computeInputDepth(CausalityInterfaceForComposites.java:696)
	at ptolemy.actor.util.CausalityInterfaceForComposites._computeActorDepth(CausalityInterfaceForComposites.java:532)
	at ptolemy.actor.util.CausalityInterfaceForComposites.checkForCycles(CausalityInterfaceForComposites.java:96)
	at ptolemy.domains.de.kernel.DEDirector.preinitialize(DEDirector.java:1338)
	at ptolemy.actor.CompositeActor.preinitialize(CompositeActor.java:1828)
	at ptolemy.actor.Manager.preinitializeAndResolveTypes(Manager.java:1040)
	at ptolemy.actor.Manager.initialize(Manager.java:710)
	at ptolemy.actor.Manager.execute(Manager.java:356)
	at ptolemy.actor.Manager.run(Manager.java:1263)
	at ptolemy.actor.Manager$PtolemyRunThread.run(Manager.java:1915)
java.lang.RuntimeException: Execution failed
	at ptolemy.moml.MoMLSimpleApplication$UnloadThread.run(MoMLSimpleApplication.java:402)
Caused by: ptolemy.kernel.util.IllegalActionException: Actor is not ready to fire.  Perhaps UpSample.prefire() returned false? Try debugging the actor by selecting "Listen to Actor".  Also, for SDF check moml for tokenConsumptionRate on input.
  in .DESDFClockTest.Play Bell.Copy1:SDF Director and .DESDFClockTest.Play Bell.UpSample
	at ptolemy.actor.sched.StaticSchedulingDirector.fire(StaticSchedulingDirector.java:227)
	at ptolemy.domains.sdf.kernel.SDFDirector.fire(SDFDirector.java:500)
	at ptolemy.actor.CompositeActor.fire(CompositeActor.java:455)
	at ptolemy.domains.de.kernel.DEDirector._fire(DEDirector.java:1949)
	at ptolemy.domains.de.kernel.DEDirector.fire(DEDirector.java:502)
	at ptolemy.actor.CompositeActor.fire(CompositeActor.java:455)
	at ptolemy.actor.Manager.iterate(Manager.java:851)
	at ptolemy.actor.Manager.execute(Manager.java:369)
	at ptolemy.actor.Manager.run(Manager.java:1263)
	at ptolemy.actor.Manager$PtolemyRunThread.run(Manager.java:1915)
java.lang.RuntimeException: Execution failed
	at ptolemy.moml.MoMLSimpleApplication$UnloadThread.run(MoMLSimpleApplication.java:402)
Caused by: ptolemy.kernel.util.IllegalActionException: Found a zero delay loop containing .dependencyLoop2.original
  in .dependencyLoop2 and .dependencyLoop2.original
	at ptolemy.actor.util.CausalityInterfaceForComposites._computeOutputPortDepth(CausalityInterfaceForComposites.java:759)
	at ptolemy.actor.util.CausalityInterfaceForComposites._computeInputDepth(CausalityInterfaceForComposites.java:696)
	at ptolemy.actor.util.CausalityInterfaceForComposites._computeOutputPortDepth(CausalityInterfaceForComposites.java:765)
	at ptolemy.actor.util.CausalityInterfaceForComposites._computeInputDepth(CausalityInterfaceForComposites.java:696)
	at ptolemy.actor.util.CausalityInterfaceForComposites._computeOutputPortDepth(CausalityInterfaceForComposites.java:765)
	at ptolemy.actor.util.CausalityInterfaceForComposites._computeInputDepth(CausalityInterfaceForComposites.java:696)
	at ptolemy.actor.util.CausalityInterfaceForComposites._computeActorDepth(CausalityInterfaceForComposites.java:532)
	at ptolemy.actor.util.CausalityInterfaceForComposites.checkForCycles(CausalityInterfaceForComposites.java:96)
	at ptolemy.domains.de.kernel.DEDirector.preinitialize(DEDirector.java:1338)
	at ptolemy.actor.CompositeActor.preinitialize(CompositeActor.java:1828)
	at ptolemy.actor.Manager.preinitializeAndResolveTypes(Manager.java:1040)
	at ptolemy.actor.Manager.initialize(Manager.java:710)
	at ptolemy.actor.Manager.execute(Manager.java:356)
	at ptolemy.actor.Manager.run(Manager.java:1263)
	at ptolemy.actor.Manager$PtolemyRunThread.run(Manager.java:1915)
java.lang.RuntimeException: Execution failed
	at ptolemy.moml.MoMLSimpleApplication$UnloadThread.run(MoMLSimpleApplication.java:402)
Caused by: ptolemy.kernel.util.IllegalActionException: Found a zero delay loop containing .HierarchicalModel.A
  in .HierarchicalModel and .HierarchicalModel.A
	at ptolemy.actor.util.CausalityInterfaceForComposites._computeOutputPortDepth(CausalityInterfaceForComposites.java:759)
	at ptolemy.actor.util.CausalityInterfaceForComposites._computeInputDepth(CausalityInterfaceForComposites.java:696)
	at ptolemy.actor.util.CausalityInterfaceForComposites._computeOutputPortDepth(CausalityInterfaceForComposites.java:765)
	at ptolemy.actor.util.CausalityInterfaceForComposites._computeInputDepth(CausalityInterfaceForComposites.java:696)
	at ptolemy.actor.util.CausalityInterfaceForComposites._computeOutputPortDepth(CausalityInterfaceForComposites.java:765)
	at ptolemy.actor.util.CausalityInterfaceForComposites._computeInputDepth(CausalityInterfaceForComposites.java:696)
	at ptolemy.actor.util.CausalityInterfaceForComposites._computeActorDepth(CausalityInterfaceForComposites.java:532)
	at ptolemy.actor.util.CausalityInterfaceForComposites.checkForCycles(CausalityInterfaceForComposites.java:96)
	at ptolemy.domains.de.kernel.DEDirector.preinitialize(DEDirector.java:1338)
	at ptolemy.actor.CompositeActor.preinitialize(CompositeActor.java:1828)
	at ptolemy.actor.Manager.preinitializeAndResolveTypes(Manager.java:1040)
	at ptolemy.actor.Manager.initialize(Manager.java:710)
	at ptolemy.actor.Manager.execute(Manager.java:356)
	at ptolemy.actor.Manager.run(Manager.java:1263)
	at ptolemy.actor.Manager$PtolemyRunThread.run(Manager.java:1915)
java.lang.RuntimeException: Execution failed
	at ptolemy.moml.MoMLSimpleApplication$UnloadThread.run(MoMLSimpleApplication.java:402)
Caused by: ptolemy.kernel.util.IllegalActionException: Test fails in iteration 1.
Value was: 1.0. Should have been: 2.0
  in .DirectFeedback.Test
	at ptolemy.actor.lib.Test.fire(Test.java:268)
	at ptolemy.domains.de.kernel.DEDirector._fire(DEDirector.java:1949)
	at ptolemy.domains.de.kernel.DEDirector.fire(DEDirector.java:502)
	at ptolemy.actor.CompositeActor.fire(CompositeActor.java:455)
	at ptolemy.actor.Manager.iterate(Manager.java:851)
	at ptolemy.actor.Manager.execute(Manager.java:369)
	at ptolemy.actor.Manager.run(Manager.java:1263)
	at ptolemy.actor.Manager$PtolemyRunThread.run(Manager.java:1915)
java.lang.RuntimeException: Execution failed
	at ptolemy.moml.MoMLSimpleApplication$UnloadThread.run(MoMLSimpleApplication.java:402)
Caused by: ptolemy.kernel.util.IllegalActionException: Actor is not ready to fire.  Perhaps UpSample.prefire() returned false? Try debugging the actor by selecting "Listen to Actor".  Also, for SDF check moml for tokenConsumptionRate on input.
  in .DESDFClockTest.Play Bell.Copy1:SDF Director and .DESDFClockTest.Play Bell.UpSample
	at ptolemy.actor.sched.StaticSchedulingDirector.fire(StaticSchedulingDirector.java:227)
	at ptolemy.domains.sdf.kernel.SDFDirector.fire(SDFDirector.java:500)
	at ptolemy.actor.CompositeActor.fire(CompositeActor.java:455)
	at ptolemy.domains.de.kernel.DEDirector._fire(DEDirector.java:1949)
	at ptolemy.domains.de.kernel.DEDirector.fire(DEDirector.java:502)
	at ptolemy.actor.CompositeActor.fire(CompositeActor.java:455)
	at ptolemy.actor.Manager.iterate(Manager.java:851)
	at ptolemy.actor.Manager.execute(Manager.java:369)
	at ptolemy.actor.Manager.run(Manager.java:1263)
	at ptolemy.actor.Manager$PtolemyRunThread.run(Manager.java:1915)
java.lang.reflect.InvocationTargetException
	at sun.reflect.NativeConstructorAccessorImpl.newInstance0(Native Method)
	at sun.reflect.NativeConstructorAccessorImpl.newInstance(NativeConstructorAccessorImpl.java:62)
	at sun.reflect.DelegatingConstructorAccessorImpl.newInstance(DelegatingConstructorAccessorImpl.java:45)
	at java.lang.reflect.Constructor.newInstance(Constructor.java:423)
	at ptolemy.util.test.junit.AutoKnownFailedTests.RunModel(AutoKnownFailedTests.java:105)
	at sun.reflect.NativeMethodAccessorImpl.invoke0(Native Method)
	at sun.reflect.NativeMethodAccessorImpl.invoke(NativeMethodAccessorImpl.java:62)
	at sun.reflect.DelegatingMethodAccessorImpl.invoke(DelegatingMethodAccessorImpl.java:43)
	at java.lang.reflect.Method.invoke(Method.java:498)
	at org.junit.runners.model.FrameworkMethod$1.runReflectiveCall(FrameworkMethod.java:44)
	at org.junit.internal.runners.model.ReflectiveCallable.run(ReflectiveCallable.java:15)
	at org.junit.runners.model.FrameworkMethod.invokeExplosively(FrameworkMethod.java:41)
	at junitparams.internal.InvokeParameterisedMethod.evaluate(InvokeParameterisedMethod.java:102)
	at org.junit.internal.runners.statements.FailOnTimeout$1.run(FailOnTimeout.java:28)
Caused by: ptolemy.kernel.util.IllegalActionException: Actor is not ready to fire.  Perhaps UpSample.prefire() returned false? Try debugging the actor by selecting "Listen to Actor".  Also, for SDF check moml for tokenConsumptionRate on input.
  in .DESDFClockTest.Play Bell.Copy1:SDF Director and .DESDFClockTest.Play Bell.UpSample
	at ptolemy.actor.sched.StaticSchedulingDirector.fire(StaticSchedulingDirector.java:227)
	at ptolemy.domains.sdf.kernel.SDFDirector.fire(SDFDirector.java:500)
	at ptolemy.actor.CompositeActor.fire(CompositeActor.java:455)
	at ptolemy.domains.de.kernel.DEDirector._fire(DEDirector.java:1949)
	at ptolemy.domains.de.kernel.DEDirector.fire(DEDirector.java:502)
	at ptolemy.actor.CompositeActor.fire(CompositeActor.java:455)
	at ptolemy.actor.Manager.iterate(Manager.java:851)
	at ptolemy.actor.Manager.execute(Manager.java:369)
	at ptolemy.actor.Manager.run(Manager.java:1263)
	at ptolemy.actor.Manager$PtolemyRunThread.run(Manager.java:1915)
java.lang.RuntimeException: Execution failed
	at ptolemy.moml.MoMLSimpleApplication$UnloadThread.run(MoMLSimpleApplication.java:402)
Caused by: ptolemy.kernel.util.IllegalActionException: Test fails in iteration 1.
Value was: 1.0. Should have been: 2.0
  in .DirectFeedback.Test
	at ptolemy.actor.lib.Test.fire(Test.java:268)
	at ptolemy.domains.de.kernel.DEDirector._fire(DEDirector.java:1949)
	at ptolemy.domains.de.kernel.DEDirector.fire(DEDirector.java:502)
	at ptolemy.actor.CompositeActor.fire(CompositeActor.java:455)
	at ptolemy.actor.Manager.iterate(Manager.java:851)
	at ptolemy.actor.Manager.execute(Manager.java:369)
	at ptolemy.actor.Manager.run(Manager.java:1263)
	at ptolemy.actor.Manager$PtolemyRunThread.run(Manager.java:1915)
java.lang.reflect.InvocationTargetException
	at sun.reflect.NativeConstructorAccessorImpl.newInstance0(Native Method)
	at sun.reflect.NativeConstructorAccessorImpl.newInstance(NativeConstructorAccessorImpl.java:62)
	at sun.reflect.DelegatingConstructorAccessorImpl.newInstance(DelegatingConstructorAccessorImpl.java:45)
	at java.lang.reflect.Constructor.newInstance(Constructor.java:423)
	at ptolemy.util.test.junit.AutoKnownFailedTests.RunModel(AutoKnownFailedTests.java:105)
	at sun.reflect.NativeMethodAccessorImpl.invoke0(Native Method)
	at sun.reflect.NativeMethodAccessorImpl.invoke(NativeMethodAccessorImpl.java:62)
	at sun.reflect.DelegatingMethodAccessorImpl.invoke(DelegatingMethodAccessorImpl.java:43)
	at java.lang.reflect.Method.invoke(Method.java:498)
	at org.junit.runners.model.FrameworkMethod$1.runReflectiveCall(FrameworkMethod.java:44)
	at org.junit.internal.runners.model.ReflectiveCallable.run(ReflectiveCallable.java:15)
	at org.junit.runners.model.FrameworkMethod.invokeExplosively(FrameworkMethod.java:41)
	at junitparams.internal.InvokeParameterisedMethod.evaluate(InvokeParameterisedMethod.java:102)
	at org.junit.internal.runners.statements.FailOnTimeout$1.run(FailOnTimeout.java:28)
Caused by: ptolemy.kernel.util.IllegalActionException: Test fails in iteration 1.
Value was: 1.0. Should have been: 2.0
  in .DirectFeedback.Test
	at ptolemy.actor.lib.Test.fire(Test.java:268)
	at ptolemy.domains.de.kernel.DEDirector._fire(DEDirector.java:1949)
	at ptolemy.domains.de.kernel.DEDirector.fire(DEDirector.java:502)
	at ptolemy.actor.CompositeActor.fire(CompositeActor.java:455)
	at ptolemy.actor.Manager.iterate(Manager.java:851)
	at ptolemy.actor.Manager.execute(Manager.java:369)
	at ptolemy.actor.Manager.run(Manager.java:1263)
	at ptolemy.actor.Manager$PtolemyRunThread.run(Manager.java:1915)
java.lang.RuntimeException: Execution failed
	at ptolemy.moml.MoMLSimpleApplication$UnloadThread.run(MoMLSimpleApplication.java:402)
Caused by: ptolemy.kernel.util.IllegalActionException: Found a zero delay loop containing .HierarchicalModel.A
  in .HierarchicalModel and .HierarchicalModel.A
	at ptolemy.actor.util.CausalityInterfaceForComposites._computeOutputPortDepth(CausalityInterfaceForComposites.java:759)
	at ptolemy.actor.util.CausalityInterfaceForComposites._computeInputDepth(CausalityInterfaceForComposites.java:696)
	at ptolemy.actor.util.CausalityInterfaceForComposites._computeOutputPortDepth(CausalityInterfaceForComposites.java:765)
	at ptolemy.actor.util.CausalityInterfaceForComposites._computeInputDepth(CausalityInterfaceForComposites.java:696)
	at ptolemy.actor.util.CausalityInterfaceForComposites._computeOutputPortDepth(CausalityInterfaceForComposites.java:765)
	at ptolemy.actor.util.CausalityInterfaceForComposites._computeInputDepth(CausalityInterfaceForComposites.java:696)
	at ptolemy.actor.util.CausalityInterfaceForComposites._computeActorDepth(CausalityInterfaceForComposites.java:532)
	at ptolemy.actor.util.CausalityInterfaceForComposites.checkForCycles(CausalityInterfaceForComposites.java:96)
	at ptolemy.domains.de.kernel.DEDirector.preinitialize(DEDirector.java:1338)
	at ptolemy.actor.CompositeActor.preinitialize(CompositeActor.java:1828)
	at ptolemy.actor.Manager.preinitializeAndResolveTypes(Manager.java:1040)
	at ptolemy.actor.Manager.initialize(Manager.java:710)
	at ptolemy.actor.Manager.execute(Manager.java:356)
	at ptolemy.actor.Manager.run(Manager.java:1263)
	at ptolemy.actor.Manager$PtolemyRunThread.run(Manager.java:1915)
java.lang.reflect.InvocationTargetException
	at sun.reflect.NativeConstructorAccessorImpl.newInstance0(Native Method)
	at sun.reflect.NativeConstructorAccessorImpl.newInstance(NativeConstructorAccessorImpl.java:62)
	at sun.reflect.DelegatingConstructorAccessorImpl.newInstance(DelegatingConstructorAccessorImpl.java:45)
	at java.lang.reflect.Constructor.newInstance(Constructor.java:423)
	at ptolemy.util.test.junit.AutoKnownFailedTests.RunModel(AutoKnownFailedTests.java:105)
	at sun.reflect.NativeMethodAccessorImpl.invoke0(Native Method)
	at sun.reflect.NativeMethodAccessorImpl.invoke(NativeMethodAccessorImpl.java:62)
	at sun.reflect.DelegatingMethodAccessorImpl.invoke(DelegatingMethodAccessorImpl.java:43)
	at java.lang.reflect.Method.invoke(Method.java:498)
	at org.junit.runners.model.FrameworkMethod$1.runReflectiveCall(FrameworkMethod.java:44)
	at org.junit.internal.runners.model.ReflectiveCallable.run(ReflectiveCallable.java:15)
	at org.junit.runners.model.FrameworkMethod.invokeExplosively(FrameworkMethod.java:41)
	at junitparams.internal.InvokeParameterisedMethod.evaluate(InvokeParameterisedMethod.java:102)
	at org.junit.internal.runners.statements.FailOnTimeout$1.run(FailOnTimeout.java:28)
Caused by: ptolemy.kernel.util.IllegalActionException: Found a zero delay loop containing .HierarchicalModel.A
  in .HierarchicalModel and .HierarchicalModel.A
	at ptolemy.actor.util.CausalityInterfaceForComposites._computeOutputPortDepth(CausalityInterfaceForComposites.java:759)
	at ptolemy.actor.util.CausalityInterfaceForComposites._computeInputDepth(CausalityInterfaceForComposites.java:696)
	at ptolemy.actor.util.CausalityInterfaceForComposites._computeOutputPortDepth(CausalityInterfaceForComposites.java:765)
	at ptolemy.actor.util.CausalityInterfaceForComposites._computeInputDepth(CausalityInterfaceForComposites.java:696)
	at ptolemy.actor.util.CausalityInterfaceForComposites._computeOutputPortDepth(CausalityInterfaceForComposites.java:765)
	at ptolemy.actor.util.CausalityInterfaceForComposites._computeInputDepth(CausalityInterfaceForComposites.java:696)
	at ptolemy.actor.util.CausalityInterfaceForComposites._computeActorDepth(CausalityInterfaceForComposites.java:532)
	at ptolemy.actor.util.CausalityInterfaceForComposites.checkForCycles(CausalityInterfaceForComposites.java:96)
	at ptolemy.domains.de.kernel.DEDirector.preinitialize(DEDirector.java:1338)
	at ptolemy.actor.CompositeActor.preinitialize(CompositeActor.java:1828)
	at ptolemy.actor.Manager.preinitializeAndResolveTypes(Manager.java:1040)
	at ptolemy.actor.Manager.initialize(Manager.java:710)
	at ptolemy.actor.Manager.execute(Manager.java:356)
	at ptolemy.actor.Manager.run(Manager.java:1263)
	at ptolemy.actor.Manager$PtolemyRunThread.run(Manager.java:1915)
java.lang.RuntimeException: Execution failed
	at ptolemy.moml.MoMLSimpleApplication$UnloadThread.run(MoMLSimpleApplication.java:402)
Caused by: ptolemy.kernel.util.IllegalActionException: Found a zero delay loop containing .dependencyLoop.original
  in .dependencyLoop and .dependencyLoop.original
	at ptolemy.actor.util.CausalityInterfaceForComposites._computeOutputPortDepth(CausalityInterfaceForComposites.java:759)
	at ptolemy.actor.util.CausalityInterfaceForComposites._computeInputDepth(CausalityInterfaceForComposites.java:696)
	at ptolemy.actor.util.CausalityInterfaceForComposites._computeOutputPortDepth(CausalityInterfaceForComposites.java:765)
	at ptolemy.actor.util.CausalityInterfaceForComposites._computeInputDepth(CausalityInterfaceForComposites.java:696)
	at ptolemy.actor.util.CausalityInterfaceForComposites._computeOutputPortDepth(CausalityInterfaceForComposites.java:765)
	at ptolemy.actor.util.CausalityInterfaceForComposites._computeInputDepth(CausalityInterfaceForComposites.java:696)
	at ptolemy.actor.util.CausalityInterfaceForComposites._computeActorDepth(CausalityInterfaceForComposites.java:532)
	at ptolemy.actor.util.CausalityInterfaceForComposites.checkForCycles(CausalityInterfaceForComposites.java:96)
	at ptolemy.domains.de.kernel.DEDirector.preinitialize(DEDirector.java:1338)
	at ptolemy.actor.CompositeActor.preinitialize(CompositeActor.java:1828)
	at ptolemy.actor.Manager.preinitializeAndResolveTypes(Manager.java:1040)
	at ptolemy.actor.Manager.initialize(Manager.java:710)
	at ptolemy.actor.Manager.execute(Manager.java:356)
	at ptolemy.actor.Manager.run(Manager.java:1263)
	at ptolemy.actor.Manager$PtolemyRunThread.run(Manager.java:1915)
java.lang.reflect.InvocationTargetException
	at sun.reflect.NativeConstructorAccessorImpl.newInstance0(Native Method)
	at sun.reflect.NativeConstructorAccessorImpl.newInstance(NativeConstructorAccessorImpl.java:62)
	at sun.reflect.DelegatingConstructorAccessorImpl.newInstance(DelegatingConstructorAccessorImpl.java:45)
	at java.lang.reflect.Constructor.newInstance(Constructor.java:423)
	at ptolemy.util.test.junit.AutoKnownFailedTests.RunModel(AutoKnownFailedTests.java:105)
	at sun.reflect.NativeMethodAccessorImpl.invoke0(Native Method)
	at sun.reflect.NativeMethodAccessorImpl.invoke(NativeMethodAccessorImpl.java:62)
	at sun.reflect.DelegatingMethodAccessorImpl.invoke(DelegatingMethodAccessorImpl.java:43)
	at java.lang.reflect.Method.invoke(Method.java:498)
	at org.junit.runners.model.FrameworkMethod$1.runReflectiveCall(FrameworkMethod.java:44)
	at org.junit.internal.runners.model.ReflectiveCallable.run(ReflectiveCallable.java:15)
	at org.junit.runners.model.FrameworkMethod.invokeExplosively(FrameworkMethod.java:41)
	at junitparams.internal.InvokeParameterisedMethod.evaluate(InvokeParameterisedMethod.java:102)
	at org.junit.internal.runners.statements.FailOnTimeout$1.run(FailOnTimeout.java:28)
Caused by: ptolemy.kernel.util.IllegalActionException: Found a zero delay loop containing .dependencyLoop.original
  in .dependencyLoop and .dependencyLoop.original
	at ptolemy.actor.util.CausalityInterfaceForComposites._computeOutputPortDepth(CausalityInterfaceForComposites.java:759)
	at ptolemy.actor.util.CausalityInterfaceForComposites._computeInputDepth(CausalityInterfaceForComposites.java:696)
	at ptolemy.actor.util.CausalityInterfaceForComposites._computeOutputPortDepth(CausalityInterfaceForComposites.java:765)
	at ptolemy.actor.util.CausalityInterfaceForComposites._computeInputDepth(CausalityInterfaceForComposites.java:696)
	at ptolemy.actor.util.CausalityInterfaceForComposites._computeOutputPortDepth(CausalityInterfaceForComposites.java:765)
	at ptolemy.actor.util.CausalityInterfaceForComposites._computeInputDepth(CausalityInterfaceForComposites.java:696)
	at ptolemy.actor.util.CausalityInterfaceForComposites._computeActorDepth(CausalityInterfaceForComposites.java:532)
	at ptolemy.actor.util.CausalityInterfaceForComposites.checkForCycles(CausalityInterfaceForComposites.java:96)
	at ptolemy.domains.de.kernel.DEDirector.preinitialize(DEDirector.java:1338)
	at ptolemy.actor.CompositeActor.preinitialize(CompositeActor.java:1828)
	at ptolemy.actor.Manager.preinitializeAndResolveTypes(Manager.java:1040)
	at ptolemy.actor.Manager.initialize(Manager.java:710)
	at ptolemy.actor.Manager.execute(Manager.java:356)
	at ptolemy.actor.Manager.run(Manager.java:1263)
	at ptolemy.actor.Manager$PtolemyRunThread.run(Manager.java:1915)
java.lang.RuntimeException: Execution failed
	at ptolemy.moml.MoMLSimpleApplication$UnloadThread.run(MoMLSimpleApplication.java:402)
Caused by: ptolemy.kernel.util.IllegalActionException: Found a zero delay loop containing .dependencyLoop2.original
  in .dependencyLoop2 and .dependencyLoop2.original
	at ptolemy.actor.util.CausalityInterfaceForComposites._computeOutputPortDepth(CausalityInterfaceForComposites.java:759)
	at ptolemy.actor.util.CausalityInterfaceForComposites._computeInputDepth(CausalityInterfaceForComposites.java:696)
	at ptolemy.actor.util.CausalityInterfaceForComposites._computeOutputPortDepth(CausalityInterfaceForComposites.java:765)
	at ptolemy.actor.util.CausalityInterfaceForComposites._computeInputDepth(CausalityInterfaceForComposites.java:696)
	at ptolemy.actor.util.CausalityInterfaceForComposites._computeOutputPortDepth(CausalityInterfaceForComposites.java:765)
	at ptolemy.actor.util.CausalityInterfaceForComposites._computeInputDepth(CausalityInterfaceForComposites.java:696)
	at ptolemy.actor.util.CausalityInterfaceForComposites._computeActorDepth(CausalityInterfaceForComposites.java:532)
	at ptolemy.actor.util.CausalityInterfaceForComposites.checkForCycles(CausalityInterfaceForComposites.java:96)
	at ptolemy.domains.de.kernel.DEDirector.preinitialize(DEDirector.java:1338)
	at ptolemy.actor.CompositeActor.preinitialize(CompositeActor.java:1828)
	at ptolemy.actor.Manager.preinitializeAndResolveTypes(Manager.java:1040)
	at ptolemy.actor.Manager.initialize(Manager.java:710)
	at ptolemy.actor.Manager.execute(Manager.java:356)
	at ptolemy.actor.Manager.run(Manager.java:1263)
	at ptolemy.actor.Manager$PtolemyRunThread.run(Manager.java:1915)
java.lang.reflect.InvocationTargetException
	at sun.reflect.NativeConstructorAccessorImpl.newInstance0(Native Method)
	at sun.reflect.NativeConstructorAccessorImpl.newInstance(NativeConstructorAccessorImpl.java:62)
	at sun.reflect.DelegatingConstructorAccessorImpl.newInstance(DelegatingConstructorAccessorImpl.java:45)
	at java.lang.reflect.Constructor.newInstance(Constructor.java:423)
	at ptolemy.util.test.junit.AutoKnownFailedTests.RunModel(AutoKnownFailedTests.java:105)
	at sun.reflect.NativeMethodAccessorImpl.invoke0(Native Method)
	at sun.reflect.NativeMethodAccessorImpl.invoke(NativeMethodAccessorImpl.java:62)
	at sun.reflect.DelegatingMethodAccessorImpl.invoke(DelegatingMethodAccessorImpl.java:43)
	at java.lang.reflect.Method.invoke(Method.java:498)
	at org.junit.runners.model.FrameworkMethod$1.runReflectiveCall(FrameworkMethod.java:44)
	at org.junit.internal.runners.model.ReflectiveCallable.run(ReflectiveCallable.java:15)
	at org.junit.runners.model.FrameworkMethod.invokeExplosively(FrameworkMethod.java:41)
	at junitparams.internal.InvokeParameterisedMethod.evaluate(InvokeParameterisedMethod.java:102)
	at org.junit.internal.runners.statements.FailOnTimeout$1.run(FailOnTimeout.java:28)
Caused by: ptolemy.kernel.util.IllegalActionException: Found a zero delay loop containing .dependencyLoop2.original
  in .dependencyLoop2 and .dependencyLoop2.original
	at ptolemy.actor.util.CausalityInterfaceForComposites._computeOutputPortDepth(CausalityInterfaceForComposites.java:759)
	at ptolemy.actor.util.CausalityInterfaceForComposites._computeInputDepth(CausalityInterfaceForComposites.java:696)
	at ptolemy.actor.util.CausalityInterfaceForComposites._computeOutputPortDepth(CausalityInterfaceForComposites.java:765)
	at ptolemy.actor.util.CausalityInterfaceForComposites._computeInputDepth(CausalityInterfaceForComposites.java:696)
	at ptolemy.actor.util.CausalityInterfaceForComposites._computeOutputPortDepth(CausalityInterfaceForComposites.java:765)
	at ptolemy.actor.util.CausalityInterfaceForComposites._computeInputDepth(CausalityInterfaceForComposites.java:696)
	at ptolemy.actor.util.CausalityInterfaceForComposites._computeActorDepth(CausalityInterfaceForComposites.java:532)
	at ptolemy.actor.util.CausalityInterfaceForComposites.checkForCycles(CausalityInterfaceForComposites.java:96)
	at ptolemy.domains.de.kernel.DEDirector.preinitialize(DEDirector.java:1338)
	at ptolemy.actor.CompositeActor.preinitialize(CompositeActor.java:1828)
	at ptolemy.actor.Manager.preinitializeAndResolveTypes(Manager.java:1040)
	at ptolemy.actor.Manager.initialize(Manager.java:710)
	at ptolemy.actor.Manager.execute(Manager.java:356)
	at ptolemy.actor.Manager.run(Manager.java:1263)
	at ptolemy.actor.Manager$PtolemyRunThread.run(Manager.java:1915)
]]></system-err>
</testsuite>
