<?xml version="1.0" encoding="UTF-8" ?>
<testsuite errors="1" failures="1" hostname="travis-job-a7200ffc-551c-447b-9996-2d4638c7effc" name="ptolemy.actor.lib.test.junit.JUnitTclTest" skipped="0" tests="517" time="62.029" timestamp="2019-10-10T22:29:38">
  <properties>
    <property name="npm.executable" value="npm" />
    <property name="env.TRAVIS_ROOT" value="/" />
    <property name="ptII.mk.exists" value="true" />
    <property name="env.TRAVIS_APP_HOST" value="build.travis-ci.org" />
    <property name="env.rvm_bin_path" value="/home/travis/.rvm/bin" />
    <property name="java.home" value="/usr/local/lib/jvm/openjdk11" />
    <property name="env.TRAVIS_JOB_NUMBER" value="1359.8" />
    <property name="env.TRAVIS_HOME" value="/home/travis" />
    <property name="env.DISPLAY" value=":99.0" />
    <property name="env.TRAVIS_INIT" value="systemd" />
    <property name="env.SSH_TTY" value="/dev/pts/0" />
    <property name="java.net.preferIPv4Stack" value="true" />
    <property name="env.RUN_TESTS" value="true" />
    <property name="timeout.short" value="1000000" />
    <property name="junit.formatter" value="xml" />
    <property name="env.TRAVIS_SUDO" value="true" />
    <property name="env.TRAVIS_JOB_NAME" value="" />
    <property name="env.TRAVIS_STACK_NODE_ATTRIBUTES" value="/.node-attributes.yml" />
    <property name="env.LOGNAME" value="travis" />
    <property name="env.PT_TRAVIS_TEST_CORE1_XML" value="true" />
    <property name="jsdoc.home" value="node_modules/@terraswarm/jsdoc" />
    <property name="debuglevel" value="source,lines,vars" />
    <property name="checkstyle.formatter" value="xml" />
    <property name="env._system_version" value="16.04" />
    <property name="bin.vergil.makeable" value="true" />
    <property name="sun.os.patch.level" value="unknown" />
    <property name="java.vendor.url" value="http://java.oracle.com/" />
    <property name="env.TRAVIS_BUILD_WEB_URL" value="https://travis-ci.org/icyphy/ptII/builds/596286037" />
    <property name="java.version" value="11.0.2" />
    <property name="env.TZ" value="UTC" />
    <property name="env.TRAVIS_PULL_REQUEST_SHA" value="" />
    <property name="env.PT_NO_NET" value="true" />
    <property name="env.TRAVIS_SECURE_ENV_VARS" value="true" />
    <property name="env._system_type" value="Linux" />
    <property name="java.vendor.url.bug" value="http://bugreport.java.com/bugreport/" />
    <property name="npmjs-org-is-up" value="true" />
    <property name="env.LANGUAGE" value="en_US.UTF-8" />
    <property name="env.SSH_CLIENT" value="10.16.4.23 58752 22" />
    <property name="env.GEM_HOME" value="/home/travis/.rvm/gems/ruby-2.5.3" />
    <property name="env.HAS_ANTARES_THREE_LITTLE_FRONZIES_BADGE" value="true" />
    <property name="java.version.date" value="2019-01-15" />
    <property name="env.PS4" value="+" />
    <property name="ant.project.invoked-targets" value="build,test.core1.xml" />
    <property name="env.TRAVIS_PULL_REQUEST_BRANCH" value="" />
    <property name="env.TRAVIS_REPO_SLUG" value="icyphy/ptII" />
    <property name="env.XDG_DATA_DIRS" value="/usr/local/share:/usr/share:/var/lib/snapd/desktop" />
    <property name="jdk.debug" value="release" />
    <property name="env.TRAVIS_APT_PROXY" value="http://apt.cache.travis-ci.com" />
    <property name="node.in.path" value="true" />
    <property name="user.name" value="travis" />
    <property name="java.maxmemory" value="1400m" />
    <property name="env.RUBY_VERSION" value="ruby-2.5.3" />
    <property name="env.LANG" value="en_US.UTF-8" />
    <property name="sun.io.unicode.encoding" value="UnicodeLittle" />
    <property name="sun.jnu.encoding" value="UTF-8" />
    <property name="java.runtime.name" value="OpenJDK Runtime Environment" />
    <property name="usefile" value="false" />
    <property name="return.code" value="0" />
    <property name="junit.single.formatter" value="plain" />
    <property name="env.DYLD_LIBRARY_PATH" value="/home/travis/pthla/certi-tools/lib:" />
    <property name="env.DEBIAN_FRONTEND" value="noninteractive" />
    <property name="env.SSH_CONNECTION" value="10.16.4.23 58752 10.20.1.211 22" />
    <property name="env.MYSQL_UNIX_PORT" value="/var/run/mysqld/mysqld.sock" />
    <property name="env.LC_ALL" value="en_US.UTF-8" />
    <property name="env.TRAVIS_ALLOW_FAILURE" value="false" />
    <property name="env.TRAVIS_JOB_WEB_URL" value="https://travis-ci.org/icyphy/ptII/jobs/596286045" />
    <property name="java.specification.name" value="Java Platform API Specification" />
    <property name="node.works" value="true" />
    <property name="user.timezone" value="" />
    <property name="path.separator" value=":" />
    <property name="env.TRAVIS_ENABLE_INFRA_DETECTION" value="true" />
    <property name="env.PYTHON_CFLAGS" value="-g -fstack-protector --param=ssp-buffer-size=4 -Wformat -Werror=format-security" />
    <property name="timeout.long" value="4000000" />
    <property name="env.CERTI_HOME" value="/home/travis/pthla/certi-tools" />
    <property name="ant.file.ptII" value="/home/travis/build/icyphy/ptII/build.xml" />
    <property name="javadoc.packagenames" value="com.*,diva.*,lbnl.*,org.hlacerti.*,org.json.*,org.ptolemy.*,org.terraswarm.*,ptolemy.*,ptserver.*" />
    <property name="file.encoding" value="UTF-8" />
    <property name="env.TRAVIS_PULL_REQUEST_SLUG" value="" />
    <property name="ant.project.default-target" value="build" />
    <property name="env.GIT_ASKPASS" value="echo" />
    <property name="env.HOME" value="/home/travis" />
    <property name="sun.java.command" value="org.apache.tools.ant.taskdefs.optional.junit.JUnitTestRunner ptolemy.actor.lib.test.junit.JUnitTclTest skipNonTests=false filtertrace=true haltOnError=false haltOnFailure=false formatter=org.apache.tools.ant.taskdefs.optional.junit.OutErrSummaryJUnitResultFormatter showoutput=true outputtoformatters=true logfailedtests=true threadid=0 logtestlistenerevents=false formatter=org.apache.tools.ant.taskdefs.optional.junit.XMLJUnitResultFormatter,/home/travis/build/icyphy/ptII/reports/junit/TEST-ptolemy.actor.lib.test.junit.JUnitTclTest.xml crashfile=/home/travis/build/icyphy/ptII/junitvmwatcher11807238217558481661.properties propsfile=/home/travis/build/icyphy/ptII/junit3573802940324502116.properties" />
    <property name="env.COMPOSER_NO_INTERACTION" value="1" />
    <property name="env.MANPATH" value="/home/travis/.nvm/versions/node/v7.10.1/share/man:/home/travis/.rvm/rubies/ruby-2.5.3/share/man:/usr/local/cmake-3.12.4/man:/usr/local/clang-7.0.0/share/man:/usr/local/man:/usr/local/share/man:/usr/share/man:/home/travis/.rvm/man" />
    <property name="env.TRAVIS_TIMER_ID" value="2037654c" />
    <property name="ant.file" value="/home/travis/build/icyphy/ptII/build.xml" />
    <property name="env.TRAVIS_COMMIT_RANGE" value="88f03a27763b...948bf656f662" />
    <property name="env._system_name" value="Ubuntu" />
    <property name="ptII.classpath.optional.property" value="/home/travis/build/icyphy/ptII/lib/bsh-2.0b4.jar:/home/travis/build/icyphy/ptII/lib/ptCal.jar:/home/travis/build/icyphy/ptII/lib/java_cup.jar:/home/travis/build/icyphy/ptII/lib/saxon8.jar:/home/travis/build/icyphy/ptII/lib/saxon8-dom.jar:/home/travis/build/icyphy/ptII/lib/chic.jar:/home/travis/build/icyphy/ptII/lib/ptcolt.jar:/home/travis/build/icyphy/ptII/vendors/misc/itext/iText.jar:/home/travis/build/icyphy/ptII/lib/g4ltl.jar:/home/travis/build/icyphy/ptII/lib/StructuralCoder.jar:/home/travis/build/icyphy/ptII/lib/jcerti.jar:/home/travis/build/icyphy/ptII/lib/javax.mail.jar:/home/travis/build/icyphy/ptII/vendors/JMF-2.1.1e/lib/jmf.jar:/home/travis/build/icyphy/ptII/lib/jna-4.0.0-variadic.jar:/home/travis/build/icyphy/ptII/vendors/misc/joystick/Joystick.jar:/home/travis/build/icyphy/ptII/lib/ptjacl.jar:/home/travis/build/icyphy/ptII/lib/jsoup-1.8.2.jar:/home/travis/build/icyphy/ptII/lib/junit-4.8.2.jar:/home/travis/build/icyphy/ptII/lib/JUnitParams-0.4.0.jar:/home/travis/build/icyphy/ptII/ptolemy/actor/lib/excel/jxl.jar:/home/travis/build/icyphy/ptII/lib/jython.jar:/home/travis/build/icyphy/ptII/lib/kieler.jar:/home/travis/build/icyphy/ptII/vendors/opencv/share/OpenCV/java/opencv-341.jar:/home/travis/build/icyphy/ptII/lib/oscP5.jar:/home/travis/build/icyphy/ptII/lib/nrjavaserial-3.11.0.devel.jar:/home/travis/build/icyphy/ptII/vendors/j3d/lib/Linux/j3dcore.jar:/home/travis/build/icyphy/ptII/vendors/j3d/lib/Linux/j3dutils.jar:/home/travis/build/icyphy/ptII/vendors/j3d/lib/Linux/vecmath.jar:/home/travis/build/icyphy/ptII/vendors/jogl/lib/Linux/gluegen-rt-natives-linux-amd64.jar:/home/travis/build/icyphy/ptII/vendors/jogl/lib/Linux/gluegen-rt.jar:/home/travis/build/icyphy/ptII/vendors/jogl/lib/Linux/jogl-all-natives-linux-amd64.jar:/home/travis/build/icyphy/ptII/vendors/jogl/lib/Linux/jogl-all.jar:/home/travis/build/icyphy/ptII/ptolemy/distributed/jini/jar/jini-core.jar:/home/travis/build/icyphy/ptII/ptolemy/distributed/jini/jar/jini-ext.jar:/home/travis/build/icyphy/ptII/ptolemy/distributed/jini/jar/sun-util.jar:/home/travis/build/icyphy/ptII/lib/protobuf-java-2.4.1.jar:/home/travis/build/icyphy/ptII/lib/org.eclipse.paho.client.mqttv3.jar:/home/travis/build/icyphy/ptII/lib/mapss.jar:/home/travis/build/icyphy/ptII/ptolemy/actor/ptalon/antlr/antlr.jar:/home/travis/build/icyphy/ptII/lib/JRI.jar:/home/travis/build/icyphy/ptII/lib/commons-lang-2.6.jar:/home/travis/build/icyphy/ptII/lib/commons-logging-1.1.1.jar:/home/travis/build/icyphy/ptII/lib/sootclasses.jar:/home/travis/build/icyphy/ptII/ptolemy/actor/lib/database/mysql-connector-java-5.1.6-bin.jar:/home/travis/build/icyphy/ptII/vendors/misc/sphinx4/sphinx4-data-5prealpha.jar:/home/travis/build/icyphy/ptII/vendors/misc/sphinx4/sphinx4-core-5prealpha.jar:/home/travis/build/icyphy/ptII/lib/PDFRenderer.jar:/home/travis/build/icyphy/ptII/lib/svgSalamander.jar:/home/travis/build/icyphy/ptII/lib/rsyntaxtextarea-2.6.0-SNAPSHOT.jar:/home/travis/build/icyphy/ptII/lib/hazelcast-3.8.2.jar:/home/travis/build/icyphy/ptII/lib/jackson-annotations-2.9.0.jar:/home/travis/build/icyphy/ptII/lib/jackson-core-2.9.3.jar:/home/travis/build/icyphy/ptII/lib/jackson-databind-2.9.3.jar:/home/travis/build/icyphy/ptII/lib/netty-buffer-4.1.19.Final.jar:/home/travis/build/icyphy/ptII/lib/netty-codec-4.1.19.Final.jar:/home/travis/build/icyphy/ptII/lib/netty-codec-dns-4.1.19.Final.jar:/home/travis/build/icyphy/ptII/lib/netty-codec-http-4.1.19.Final.jar:/home/travis/build/icyphy/ptII/lib/netty-codec-http2-4.1.19.Final.jar:/home/travis/build/icyphy/ptII/lib/netty-common-4.1.19.Final.jar:/home/travis/build/icyphy/ptII/lib/netty-handler-4.1.19.Final.jar:/home/travis/build/icyphy/ptII/lib/netty-resolver-4.1.19.Final.jar:/home/travis/build/icyphy/ptII/lib/netty-resolver-dns-4.1.19.Final.jar:/home/travis/build/icyphy/ptII/lib/netty-transport-4.1.19.Final.jar:/home/travis/build/icyphy/ptII/lib/vertx-codegen-3.5.1.jar:/home/travis/build/icyphy/ptII/lib/vertx-core-3.5.2-SNAPSHOT.jar:/home/travis/build/icyphy/ptII/lib/vertx-hazelcast-3.5.1.jar:/home/travis/build/icyphy/ptII/lib/vertx-lang-js-3.5.1.jar:/home/travis/build/icyphy/ptII/lib/vertx-service-proxy-3.5.1.jar:/home/travis/build/icyphy/ptII/lib/vertx-web-3.5.1.jar:/home/travis/build/icyphy/ptII/lib/slf4j-api-1.7.13.jar:/home/travis/build/icyphy/ptII/lib/slf4j-simple-1.7.13.jar:/home/travis/build/icyphy/ptII/lib/webcam-capture-0.3.12.jar:/home/travis/build/icyphy/ptII/lib/bridj-0.7.0.jar:/home/travis/build/icyphy/ptII/lib/xbjlib-1.1.0.nrjavaserial.jar" />
    <property name="timeout" value="2400000" />
    <property name="test.batch" value="**/junit/*.java" />
    <property name="env._" value="/usr/bin/timeout" />
    <property name="java.io.tmpdir" value="/tmp" />
    <property name="user.language" value="en" />
    <property name="env.TRAVIS_INTERNAL_RUBY_REGEX" value="^ruby-(2\.[0-4]\.[0-9]|1\.9\.3)" />
    <property name="env.HISTCONTROL" value="ignoredups:ignorespace" />
    <property name="env.GOROOT" value="/home/travis/.gimme/versions/go1.11.1.linux.amd64" />
    <property name="line.separator" value="&#xa;" />
    <property name="target" value="11" />
    <property name="env.TRAVIS_BUILD_DIR" value="/home/travis/build/icyphy/ptII" />
    <property name="env.ANT_OPTS" value="-Xmx2048m" />
    <property name="ant.file.type" value="file" />
    <property name="ptolemy.ptII.batchMode" value="true" />
    <property name="env.HISTSIZE" value="1000" />
    <property name="env.MERB_ENV" value="test" />
    <property name="java.vm.info" value="mixed mode" />
    <property name="source" value="11" />
    <property name="java.vm.specification.name" value="Java Virtual Machine Specification" />
    <property name="env.TRAVIS_TEST_RESULT" value="0" />
    <property name="jsdoc.command" value="node_modules/@terraswarm/jsdoc/jsdoc.js" />
    <property name="npm.works" value="true" />
    <property name="cobertura.dir" value="/home/travis/build/icyphy/ptII/vendors/cobertura-2.0.3" />
    <property name="jsdoc.command.exists" value="true" />
    <property name="env.rvm_path" value="/home/travis/.rvm" />
    <property name="env.GEM_PATH" value="/home/travis/.rvm/gems/ruby-2.5.3:/home/travis/.rvm/gems/ruby-2.5.3@global" />
    <property name="env.LC_CTYPE" value="en_US.UTF-8" />
    <property name="env.TRAVIS_CMD" value="$PTII/bin/ptIITravisBuild.sh $SECONDS" />
    <property name="java.awt.printerjob" value="sun.print.PSPrinterJob" />
    <property name="env.TRAVIS_STACK_NAME" value="sardonyx" />
    <property name="env.TRAVIS_TIMER_START_TIME" value="1570745904244731180" />
    <property name="ant.version" value="Apache Ant(TM) version 1.10.1 compiled on February 2 2017" />
    <property name="ptII.reports" value="/home/travis/build/icyphy/ptII/reports" />
    <property name="env.TRAVIS_STACK_TIMESTAMP" value="2019-03-25 16:16:56 UTC" />
    <property name="ant.file.type.ptII" value="file" />
    <property name="env.RBENV_SHELL" value="bash" />
    <property name="os.name" value="Linux" />
    <property name="java.specification.vendor" value="Oracle Corporation" />
    <property name="env.rvm_version" value="1.29.7 (latest)" />
    <property name="env.TRAVIS_INFRA" value="unknown" />
    <property name="env.TERM" value="xterm" />
    <property name="java.vm.name" value="OpenJDK 64-Bit Server VM" />
    <property name="env.TRAVIS_BUILD_NUMBER" value="1359" />
    <property name="env.CI" value="true" />
    <property name="java.library.path" value="/home/travis/pthla/certi-tools/lib:/usr/lib/jni:/usr/local/share/OpenCV/java/:/usr/share/OpenCV/java::/usr/java/packages/lib:/usr/lib64:/lib64:/lib:/usr/lib" />
    <property name="jdk.module.path" value="/home/travis/build/icyphy/ptII/vendors/javafx/javafx-sdk-11.0.2/lib:" />
    <property name="env.rvm_prefix" value="/home/travis" />
    <property name="env.PATH" value="/home/travis/pthla/certi-tools/share/scripts:/home/travis/.rvm/gems/ruby-2.5.3/bin:/home/travis/.rvm/gems/ruby-2.5.3@global/bin:/home/travis/.rvm/rubies/ruby-2.5.3/bin:/home/travis/.rvm/bin:/home/travis/.nvm/versions/node/v7.10.1/bin:./node_modules/.bin:/home/travis/build/icyphy/ptII/bin:/home/travis/pthla/certi-tools/bin:/home/travis/bin:/home/travis/.local/bin:/usr/local/lib/jvm/openjdk11/bin:/opt/pyenv/shims:/home/travis/.phpenv/shims:/home/travis/perl5/perlbrew/bin:/home/travis/gopath/bin:/home/travis/.gimme/versions/go1.11.1.linux.amd64/bin:/usr/local/maven-3.6.0/bin:/usr/local/cmake-3.12.4/bin:/usr/local/clang-7.0.0/bin:/usr/local/sbin:/usr/local/bin:/usr/sbin:/usr/bin:/sbin:/bin:/snap/bin:/home/travis/.phpenv/bin:/opt/pyenv/bin:/home/travis/.yarn/bin" />
    <property name="env.TRAVIS_OS_NAME" value="linux" />
    <property name="ant.java.version" value="9" />
    <property name="basedir" value="/home/travis/build/icyphy/ptII" />
    <property name="java.class.version" value="55.0" />
    <property name="env.SHLVL" value="3" />
    <property name="env.LD_LIBRARY_PATH" value="/home/travis/pthla/certi-tools/lib:/usr/lib/jni:/usr/local/share/OpenCV/java/:/usr/share/OpenCV/java:" />
    <property name="env.RACK_ENV" value="test" />
    <property name="ant.home" value="/home/travis/build/icyphy/ptII/ant" />
    <property name="env.NVM_DIR" value="/home/travis/.nvm" />
    <property name="env.CERTI_FOM_PATH" value="/home/travis/pthla/certi-tools/share/federations" />
    <property name="env.TRAVIS_BUILD_ID" value="596286037" />
    <property name="env.PYENV_ROOT" value="/opt/pyenv" />
    <property name="env.TRAVIS_UID" value="2000" />
    <property name="prism.verbose" value="true" />
    <property name="env.NVM_BIN" value="/home/travis/.nvm/versions/node/v7.10.1/bin" />
    <property name="env.TRAVIS_COMMIT" value="948bf656f66248ff65af09b7e6cc9885ef1f544d" />
    <property name="env._system_arch" value="x86_64" />
    <property name="node.executable" value="node" />
    <property name="sun.boot.library.path" value="/usr/local/lib/jvm/openjdk11/lib" />
    <property name="sun.management.compiler" value="HotSpot 64-Bit Tiered Compilers" />
    <property name="java.awt.graphicsenv" value="sun.awt.X11GraphicsEnvironment" />
    <property name="env.GOPATH" value="/home/travis/gopath" />
    <property name="ptolemy.ptII.dir" value="/home/travis/build/icyphy/ptII" />
    <property name="env.USER" value="travis" />
    <property name="env.HISTFILESIZE" value="2000" />
    <property name="timeout.longest" value="19000000" />
    <property name="env.PERLBREW_SHELLRC_VERSION" value="0.86" />
    <property name="env.TRAVIS_STACK_FEATURES" value="basic couchdb disabled-ipv6 docker docker-compose elasticsearch firefox go-toolchain google-chrome jdk memcached mongodb mysql nodejs_interpreter perl_interpreter perlbrew phantomjs postgresql python_interpreter redis ruby_interpreter sqlite xserver" />
    <property name="env.TRAVIS_PULL_REQUEST" value="false" />
    <property name="env.PYENV_SHELL" value="bash" />
    <property name="ant.project.name" value="ptII" />
    <property name="env.ANSI_RESET" value="\033[0m" />
    <property name="java.vm.specification.version" value="11" />
    <property name="env.TRAVIS_DIST" value="xenial" />
    <property name="env.CERTI_VERSION" value="4.0.0" />
    <property name="env.CERTI_HOST" value="localhost" />
    <property name="awt.toolkit" value="sun.awt.X11.XToolkit" />
    <property name="env.MY_RUBY_HOME" value="/home/travis/.rvm/rubies/ruby-2.5.3" />
    <property name="sun.cpu.isalist" value="" />
    <property name="env.TRAVIS_TMPDIR" value="/tmp/tmp.u8yv240bzS" />
    <property name="java.vm.compressedOopsMode" value="Zero based" />
    <property name="os.version" value="4.15.0-1028-gcp" />
    <property name="user.home" value="/home/travis" />
    <property name="java.vm.vendor" value="Oracle Corporation" />
    <property name="env.TRAVIS_TAG" value="nightly" />
    <property name="env.ANSI_YELLOW" value="\033[33;1m" />
    <property name="env.TRAVIS_FILTERED" value="redirect_io" />
    <property name="env.ANSI_GREEN" value="\033[32;1m" />
    <property name="env.JAVA_HOME" value="/usr/local/lib/jvm/openjdk11" />
    <property name="javadoc.excludepackagenames" value="adm.cvs2svn.*,build.*,config.*,doc.coding.templates.*,jni.test.jni.meaningOfLife.*,jni.test.jni.testDeux.*,jni.test.jni.testTrois.*,org.terraswarm.accessor.accessors.web.node_modules.*,org.terraswarm.accessor.accessors.web.hosts.cordova.demo.*,org.terraswarm.accessor.accessors.web.hosts.cordova.plugins.*,org.terraswarm.accessor.accessors-svn.*,pt-modules.*,ptolemy.apps.agilent.*,ptolemy.apps.anytimecontrol.*,ptolemy.apps.apes.*,ptolemy.apps.charon.*,ptolemy.apps.crazyboard.*,ptolemy.apps.eclipse.*,ptolemy.apps.etherealSting.*,ptolemy.apps.fullscreen.*,ptolemy.apps.giotto.*,ptolemy.apps.ia.*,ptolemy.apps.interfaces.*,ptolemy.apps.jmf.*,ptolemy.apps.kurt.*,ptolemy.apps.kvm.*,ptolemy.apps.lego.*,ptolemy.apps.lejos.*,ptolemy.apps.midp.*,ptolemy.apps.mobileCoding.*,ptolemy.apps.pendulum.*,ptolemy.apps.rijndael.*,ptolemy.apps.robot.*,ptolemy.apps.security.*,ptolemy.apps.sobel.*,ptolemy.apps.soot.*,ptolemy.apps.throttle.*,ptolemy.apps.tini.*,ptolemy.apps.transmission.*,ptolemy.apps.vergil.*,ptolemy.apps.waba.*,ptolemy.apps.websensor.*,ptolemy.apps.webstart.*,ptolemy.apps.xsl.*,ptolemy.apps.zaurus.*,ptolemy.codegen.c.actor.lib.oldJavaFiles.*,ptolemy.codegen.dsp.lib.*,ptolemy.codegen.kernel.newInterfaces.*,ptolemy.codegen.lib.*,ptolemy.copernicus.kernel.fragment.*,ptolemy.copernicus.shallow.cg.*,ptolemy.domains.giotto.demo.Hierarchy.Hierarchy.*,ptolemy.domains.giotto.demo.Multimode.Multimode.*,ptolemy.domains.giotto.demo.Simple.Simple.*,ptolemy.domains.gr.lib.experimental.*,ptolemy.domains.gro.*,ptolemy.domains.pdf.*,ptolemy.domains.ptinyos.demo.Surge.output.*,ptolemy.moml.test.NoPackageActor.java*,ptolemy.plot.adm.*,ptolemy.plot.servlet.*,reports.*,signed.*,src.*,target.*,vendors.*,ptolemy.copernicus.applet.*,ptolemy.media.viewer.*,ptolemy.actor.corba.*,doc.doclets.*,ptolemy.apps.eclipse.awt.*,ptolemy.backtrack.*,ptolemy.backtrack.ast.*,ptolemy.cg.adapter.generic.program.procedural.c.mbed*,ptolemy.homer.*,ptolemy.actor.lib.jai.*,org.ptolemy.scala.*,diva.util.java2d.svg.*,ptolemy.domains.ptinyos.*,ptolemy.actor.lib.fmi.fmipp.*,,org.terraswarm.accessor.accessors.web.node_modules.*,org.terraswarm.accessor.accessors-svn,ptolemy.apps.*,ptolemy.actor.ptalon.demo.ptinyos.SendAndReceiveCnt.output,ptolemy.actor.ptalon.demo.ptinyos.SenseToLeds.output,ptolemy.domains.ptinyos.demo.CntToLedsAndRfm.output,ptolemy.domains.ptinyos.demo.RfmToLeds.output,ptolemy.domains.ptinyos.demo.SendAndReceiveCnt.output,ptolemy.domains.ptinyos.demo.SenseToLeds.output,ptolemy.actor.lib.jjs.modules.udpSocket.*" />
    <property name="env.PTII" value="/home/travis/build/icyphy/ptII" />
    <property name="env.XDG_SESSION_ID" value="2" />
    <property name="keystore" value="ptKeystore" />
    <property name="env.TRAVIS_COMMIT_MESSAGE" value="Updating org.hlacerti.models.StaticMultiInstanceJoker." />
    <property name="junit.output.dir" value="/home/travis/build/icyphy/ptII/reports/junit" />
    <property name="npm.return.code" value="0" />
    <property name="user.dir" value="/home/travis/build/icyphy/ptII/ptolemy/actor/lib/test" />
    <property name="env.TRAVIS_NODE_VERSION" value="7" />
    <property name="env.TRAVIS_EVENT_TYPE" value="push" />
    <property name="env.MAIL" value="/var/mail/travis" />
    <property name="env.PERLBREW_ROOT" value="/home/travis/perl5/perlbrew" />
    <property name="env.PWD" value="/home/travis/build/icyphy/ptII" />
    <property name="timeout.npm" value="45000" />
    <property name="env.TRAVIS_ARCH" value="amd64" />
    <property name="sun.cpu.endian" value="little" />
    <property name="env.PAGER" value="cat" />
    <property name="env.TRAVIS_BUILD_STAGE_NAME" value="Test" />
    <property name="env.PERLBREW_HOME" value="/home/travis/.perlbrew" />
    <property name="java.vm.version" value="11.0.2+9" />
    <property name="env.RAILS_ENV" value="test" />
    <property name="java.class.path" value="/home/travis/.ptolemyII:/home/travis/.ptolemyII/*:/home/travis/build/icyphy/ptII:/home/travis/build/icyphy/ptII/lib/bsh-2.0b4.jar:/home/travis/build/icyphy/ptII/lib/ptCal.jar:/home/travis/build/icyphy/ptII/lib/java_cup.jar:/home/travis/build/icyphy/ptII/lib/saxon8.jar:/home/travis/build/icyphy/ptII/lib/saxon8-dom.jar:/home/travis/build/icyphy/ptII/lib/chic.jar:/home/travis/build/icyphy/ptII/lib/ptcolt.jar:/home/travis/build/icyphy/ptII/vendors/misc/itext/iText.jar:/home/travis/build/icyphy/ptII/lib/g4ltl.jar:/home/travis/build/icyphy/ptII/lib/StructuralCoder.jar:/home/travis/build/icyphy/ptII/lib/jcerti.jar:/home/travis/build/icyphy/ptII/lib/javax.mail.jar:/home/travis/build/icyphy/ptII/vendors/JMF-2.1.1e/lib/jmf.jar:/home/travis/build/icyphy/ptII/lib/jna-4.0.0-variadic.jar:/home/travis/build/icyphy/ptII/vendors/misc/joystick/Joystick.jar:/home/travis/build/icyphy/ptII/lib/ptjacl.jar:/home/travis/build/icyphy/ptII/lib/jsoup-1.8.2.jar:/home/travis/build/icyphy/ptII/lib/junit-4.8.2.jar:/home/travis/build/icyphy/ptII/lib/JUnitParams-0.4.0.jar:/home/travis/build/icyphy/ptII/ptolemy/actor/lib/excel/jxl.jar:/home/travis/build/icyphy/ptII/lib/jython.jar:/home/travis/build/icyphy/ptII/lib/kieler.jar:/home/travis/build/icyphy/ptII/vendors/opencv/share/OpenCV/java/opencv-341.jar:/home/travis/build/icyphy/ptII/lib/oscP5.jar:/home/travis/build/icyphy/ptII/lib/nrjavaserial-3.11.0.devel.jar:/home/travis/build/icyphy/ptII/vendors/j3d/lib/Linux/j3dcore.jar:/home/travis/build/icyphy/ptII/vendors/j3d/lib/Linux/j3dutils.jar:/home/travis/build/icyphy/ptII/vendors/j3d/lib/Linux/vecmath.jar:/home/travis/build/icyphy/ptII/vendors/jogl/lib/Linux/gluegen-rt-natives-linux-amd64.jar:/home/travis/build/icyphy/ptII/vendors/jogl/lib/Linux/gluegen-rt.jar:/home/travis/build/icyphy/ptII/vendors/jogl/lib/Linux/jogl-all-natives-linux-amd64.jar:/home/travis/build/icyphy/ptII/vendors/jogl/lib/Linux/jogl-all.jar:/home/travis/build/icyphy/ptII/ptolemy/distributed/jini/jar/jini-core.jar:/home/travis/build/icyphy/ptII/ptolemy/distributed/jini/jar/jini-ext.jar:/home/travis/build/icyphy/ptII/ptolemy/distributed/jini/jar/sun-util.jar:/home/travis/build/icyphy/ptII/lib/protobuf-java-2.4.1.jar:/home/travis/build/icyphy/ptII/lib/org.eclipse.paho.client.mqttv3.jar:/home/travis/build/icyphy/ptII/lib/mapss.jar:/home/travis/build/icyphy/ptII/ptolemy/actor/ptalon/antlr/antlr.jar:/home/travis/build/icyphy/ptII/lib/JRI.jar:/home/travis/build/icyphy/ptII/lib/commons-lang-2.6.jar:/home/travis/build/icyphy/ptII/lib/commons-logging-1.1.1.jar:/home/travis/build/icyphy/ptII/lib/sootclasses.jar:/home/travis/build/icyphy/ptII/ptolemy/actor/lib/database/mysql-connector-java-5.1.6-bin.jar:/home/travis/build/icyphy/ptII/vendors/misc/sphinx4/sphinx4-data-5prealpha.jar:/home/travis/build/icyphy/ptII/vendors/misc/sphinx4/sphinx4-core-5prealpha.jar:/home/travis/build/icyphy/ptII/lib/PDFRenderer.jar:/home/travis/build/icyphy/ptII/lib/svgSalamander.jar:/home/travis/build/icyphy/ptII/lib/rsyntaxtextarea-2.6.0-SNAPSHOT.jar:/home/travis/build/icyphy/ptII/lib/hazelcast-3.8.2.jar:/home/travis/build/icyphy/ptII/lib/jackson-annotations-2.9.0.jar:/home/travis/build/icyphy/ptII/lib/jackson-core-2.9.3.jar:/home/travis/build/icyphy/ptII/lib/jackson-databind-2.9.3.jar:/home/travis/build/icyphy/ptII/lib/netty-buffer-4.1.19.Final.jar:/home/travis/build/icyphy/ptII/lib/netty-codec-4.1.19.Final.jar:/home/travis/build/icyphy/ptII/lib/netty-codec-dns-4.1.19.Final.jar:/home/travis/build/icyphy/ptII/lib/netty-codec-http-4.1.19.Final.jar:/home/travis/build/icyphy/ptII/lib/netty-codec-http2-4.1.19.Final.jar:/home/travis/build/icyphy/ptII/lib/netty-common-4.1.19.Final.jar:/home/travis/build/icyphy/ptII/lib/netty-handler-4.1.19.Final.jar:/home/travis/build/icyphy/ptII/lib/netty-resolver-4.1.19.Final.jar:/home/travis/build/icyphy/ptII/lib/netty-resolver-dns-4.1.19.Final.jar:/home/travis/build/icyphy/ptII/lib/netty-transport-4.1.19.Final.jar:/home/travis/build/icyphy/ptII/lib/vertx-codegen-3.5.1.jar:/home/travis/build/icyphy/ptII/lib/vertx-core-3.5.2-SNAPSHOT.jar:/home/travis/build/icyphy/ptII/lib/vertx-hazelcast-3.5.1.jar:/home/travis/build/icyphy/ptII/lib/vertx-lang-js-3.5.1.jar:/home/travis/build/icyphy/ptII/lib/vertx-service-proxy-3.5.1.jar:/home/travis/build/icyphy/ptII/lib/vertx-web-3.5.1.jar:/home/travis/build/icyphy/ptII/lib/slf4j-api-1.7.13.jar:/home/travis/build/icyphy/ptII/lib/slf4j-simple-1.7.13.jar:/home/travis/build/icyphy/ptII/lib/webcam-capture-0.3.12.jar:/home/travis/build/icyphy/ptII/lib/bridj-0.7.0.jar:/home/travis/build/icyphy/ptII/lib/xbjlib-1.1.0.nrjavaserial.jar:/home/travis/build/icyphy/ptII/ptolemy/moml/test:/home/travis/build/icyphy/ptII/ant/lib/ant-launcher.jar:/home/travis/build/icyphy/ptII/ant/lib/ant.jar:/home/travis/build/icyphy/ptII/ant/lib/ant-junit.jar:/home/travis/build/icyphy/ptII/ant/lib/ant-junit4.jar" />
    <property name="ant.library.dir" value="/home/travis/build/icyphy/ptII/ant/lib" />
    <property name="os.arch" value="amd64" />
    <property name="env.CONTINUOUS_INTEGRATION" value="true" />
    <property name="env.TRAVIS_LANGUAGE" value="node_js" />
    <property name="env.TRAVIS_STACK_LANGUAGES" value="__sardonyx__ c c++ clojure cplusplus cpp default generic go groovy java node_js php pure_java python ruby scala" />
    <property name="test.name" value="ptolemy.actor.lib.test.junit.JUnitTclTest" />
    <property name="env.APT_KEY_DONT_WARN_ON_DANGEROUS_USAGE" value="1" />
    <property name="sun.java.launcher" value="SUN_STANDARD" />
    <property name="env.PYTHON_CONFIGURE_OPTS" value="--enable-unicode=ucs4 --with-wide-unicode --enable-shared --enable-ipv6 --enable-loadable-sqlite-extensions --with-computed-gotos" />
    <property name="ant.core.lib" value="/home/travis/build/icyphy/ptII/ant/lib/ant.jar" />
    <property name="java.vm.specification.vendor" value="Oracle Corporation" />
    <property name="env.BCVTB_HOME" value="/home/travis/build/icyphy/ptII/lbnl" />
    <property name="file.separator" value="/" />
    <property name="spotbugs.home" value="/home/travis/build/icyphy/ptII/vendors/spotbugs-3.1.1" />
    <property name="java.runtime.version" value="11.0.2+9" />
    <property name="env.ANSI_CLEAR" value="\033[0K" />
    <property name="javafx.verbose" value="true" />
    <property name="env.HAS_JOSH_K_SEAL_OF_APPROVAL" value="true" />
    <property name="env.XDG_RUNTIME_DIR" value="/run/user/2000" />
    <property name="env.TRAVIS_OSX_IMAGE" value="" />
    <property name="env.TRAVIS_JOB_ID" value="596286045" />
    <property name="env.TRAVIS_BRANCH" value="master" />
    <property name="user.country" value="US" />
    <property name="env.CERTI_HOME_TRAVIS" value="/home/travis/pthla/certi-tools" />
    <property name="env.SHELL" value="/bin/bash" />
    <property name="java.maxmemory.large" value="3200m" />
    <property name="model" value="" />
    <property name="env.CASHER_DIR" value="/home/travis/.casher" />
    <property name="env.NVM_CD_FLAGS" value="" />
    <property name="java.vendor.version" value="18.9" />
    <property name="jshint.executable" value="/home/travis/node_modules/jshint/bin/jshint" />
    <property name="env.JRUBY_OPTS" value=" --client -J-XX:+TieredCompilation -J-XX:TieredStopAtLevel=1 -J-Xss2m -Xcompile.invokedynamic=false" />
    <property name="java.vendor" value="Oracle Corporation" />
    <property name="env.TRAVIS_PRE_CHEF_BOOTSTRAP_TIME" value="2019-03-25T16:16:42" />
    <property name="env.TRAVIS_STACK_JOB_BOARD_REGISTER" value="/.job-board-register.yml" />
    <property name="env.ANSI_RED" value="\033[31;1m" />
    <property name="java.specification.version" value="11" />
    <property name="env.IRBRC" value="/home/travis/.rvm/rubies/ruby-2.5.3/.irbrc" />
    <property name="env.TRAVIS" value="true" />
    <property name="sun.arch.data.model" value="64" />
  </properties>
  <testcase classname="ptolemy.util.test.junit.TclTests" name="[0] /home/travis/build/icyphy/ptII/ptolemy/actor/lib/test/AbsoluteValue.tcl (RunTclFile)" time="0.598" />
  <testcase classname="ptolemy.util.test.junit.TclTests" name="[1] /home/travis/build/icyphy/ptII/ptolemy/actor/lib/test/AddSubtract.tcl (RunTclFile)" time="0.211" />
  <testcase classname="ptolemy.util.test.junit.TclTests" name="[2] /home/travis/build/icyphy/ptII/ptolemy/actor/lib/test/Average.tcl (RunTclFile)" time="0.073" />
  <testcase classname="ptolemy.util.test.junit.TclTests" name="[3] /home/travis/build/icyphy/ptII/ptolemy/actor/lib/test/Bernoulli.tcl (RunTclFile)" time="0.037" />
  <testcase classname="ptolemy.util.test.junit.TclTests" name="[4] /home/travis/build/icyphy/ptII/ptolemy/actor/lib/test/Clock.tcl (RunTclFile)" time="0.125" />
  <testcase classname="ptolemy.util.test.junit.TclTests" name="[5] /home/travis/build/icyphy/ptII/ptolemy/actor/lib/test/Commutator.tcl (RunTclFile)" time="0.147" />
  <testcase classname="ptolemy.util.test.junit.TclTests" name="[6] /home/travis/build/icyphy/ptII/ptolemy/actor/lib/test/Const.tcl (RunTclFile)" time="0.11" />
  <testcase classname="ptolemy.util.test.junit.TclTests" name="[7] /home/travis/build/icyphy/ptII/ptolemy/actor/lib/test/CurrentTime.tcl (RunTclFile)" time="0.027" />
  <testcase classname="ptolemy.util.test.junit.TclTests" name="[8] /home/travis/build/icyphy/ptII/ptolemy/actor/lib/test/DB.tcl (RunTclFile)" time="0.068" />
  <testcase classname="ptolemy.util.test.junit.TclTests" name="[9] /home/travis/build/icyphy/ptII/ptolemy/actor/lib/test/DiscreteRandomSource.tcl (RunTclFile)" time="0.024" />
  <testcase classname="ptolemy.util.test.junit.TclTests" name="[10] /home/travis/build/icyphy/ptII/ptolemy/actor/lib/test/Distributor.tcl (RunTclFile)" time="0.036" />
  <testcase classname="ptolemy.util.test.junit.TclTests" name="[11] /home/travis/build/icyphy/ptII/ptolemy/actor/lib/test/Exit.tcl (RunTclFile)" time="0.078" />
  <testcase classname="ptolemy.util.test.junit.TclTests" name="[12] /home/travis/build/icyphy/ptII/ptolemy/actor/lib/test/Expression.tcl (RunTclFile)" time="0.132" />
  <testcase classname="ptolemy.util.test.junit.TclTests" name="[13] /home/travis/build/icyphy/ptII/ptolemy/actor/lib/test/Gaussian.tcl (RunTclFile)" time="0.212" />
  <testcase classname="ptolemy.util.test.junit.TclTests" name="[14] /home/travis/build/icyphy/ptII/ptolemy/actor/lib/test/IIR.tcl (RunTclFile)" time="0.046" />
  <testcase classname="ptolemy.util.test.junit.TclTests" name="[15] /home/travis/build/icyphy/ptII/ptolemy/actor/lib/test/Interpolator.tcl (RunTclFile)" time="0.109" />
  <testcase classname="ptolemy.util.test.junit.TclTests" name="[16] /home/travis/build/icyphy/ptII/ptolemy/actor/lib/test/MathFunction.tcl (RunTclFile)" time="0.043" />
  <testcase classname="ptolemy.util.test.junit.TclTests" name="[17] /home/travis/build/icyphy/ptII/ptolemy/actor/lib/test/Maximum.tcl (RunTclFile)" time="0.024" />
  <testcase classname="ptolemy.util.test.junit.TclTests" name="[18] /home/travis/build/icyphy/ptII/ptolemy/actor/lib/test/Minimum.tcl (RunTclFile)" time="0.02" />
  <testcase classname="ptolemy.util.test.junit.TclTests" name="[19] /home/travis/build/icyphy/ptII/ptolemy/actor/lib/test/MultiplyDivide.tcl (RunTclFile)" time="0.024" />
  <testcase classname="ptolemy.util.test.junit.TclTests" name="[20] /home/travis/build/icyphy/ptII/ptolemy/actor/lib/test/OrderedMerge.tcl (RunTclFile)" time="0.124" />
  <testcase classname="ptolemy.util.test.junit.TclTests" name="[21] /home/travis/build/icyphy/ptII/ptolemy/actor/lib/test/Publisher.tcl (RunTclFile)" time="0.994" />
  <testcase classname="ptolemy.util.test.junit.TclTests" name="[22] /home/travis/build/icyphy/ptII/ptolemy/actor/lib/test/Pulse.tcl (RunTclFile)" time="0.061" />
  <testcase classname="ptolemy.util.test.junit.TclTests" name="[23] /home/travis/build/icyphy/ptII/ptolemy/actor/lib/test/Ramp.tcl (RunTclFile)" time="2.321" />
  <testcase classname="ptolemy.util.test.junit.TclTests" name="[24] /home/travis/build/icyphy/ptII/ptolemy/actor/lib/test/RampContinuous.tcl (RunTclFile)" time="0.017" />
  <testcase classname="ptolemy.util.test.junit.TclTests" name="[25] /home/travis/build/icyphy/ptII/ptolemy/actor/lib/test/RecordAssembler.tcl (RunTclFile)" time="0.014" />
  <testcase classname="ptolemy.util.test.junit.TclTests" name="[26] /home/travis/build/icyphy/ptII/ptolemy/actor/lib/test/RecordDisassembler.tcl (RunTclFile)" time="0.018" />
  <testcase classname="ptolemy.util.test.junit.TclTests" name="[27] /home/travis/build/icyphy/ptII/ptolemy/actor/lib/test/Scale.tcl (RunTclFile)" time="0.017" />
  <testcase classname="ptolemy.util.test.junit.TclTests" name="[28] /home/travis/build/icyphy/ptII/ptolemy/actor/lib/test/SequentialClock.tcl (RunTclFile)" time="0.011" />
  <testcase classname="ptolemy.util.test.junit.TclTests" name="[29] /home/travis/build/icyphy/ptII/ptolemy/actor/lib/test/SetVariable.tcl (RunTclFile)" time="0.022">
    <failure message="Number of failed tests is has increased. expected:&lt;0&gt; but was:&lt;1&gt;" type="junit.framework.AssertionFailedError">junit.framework.AssertionFailedError: Number of failed tests is has increased. expected:&lt;0&gt; but was:&lt;1&gt;
	at ptolemy.util.test.junit.TclTests.RunTclFile(TclTests.java:286)
	at jdk.internal.reflect.GeneratedMethodAccessor19.invoke(Unknown Source)
	at java.base/jdk.internal.reflect.DelegatingMethodAccessorImpl.invoke(DelegatingMethodAccessorImpl.java:43)
	at junitparams.internal.InvokeParameterisedMethod.evaluate(InvokeParameterisedMethod.java:102)
	at junitparams.internal.ParameterisedTestMethodRunner.runMethodInvoker(ParameterisedTestMethodRunner.java:47)
	at junitparams.internal.ParameterisedTestMethodRunner.runTestMethod(ParameterisedTestMethodRunner.java:41)
	at junitparams.internal.ParameterisedTestClassRunner.runParameterisedTest(ParameterisedTestClassRunner.java:143)
	at junitparams.JUnitParamsRunner.runChild(JUnitParamsRunner.java:237)
	at junitparams.JUnitParamsRunner.runChild(JUnitParamsRunner.java:215)
</failure>
  </testcase>
  <testcase classname="ptolemy.util.test.junit.TclTests" name="[30] /home/travis/build/icyphy/ptII/ptolemy/actor/lib/test/Sinewave.tcl (RunTclFile)" time="0.029" />
  <testcase classname="ptolemy.util.test.junit.TclTests" name="[31] /home/travis/build/icyphy/ptII/ptolemy/actor/lib/test/SubscriptionAggregator.tcl (RunTclFile)" time="2.41" />
  <testcase classname="ptolemy.util.test.junit.TclTests" name="[32] /home/travis/build/icyphy/ptII/ptolemy/actor/lib/test/Test.tcl (RunTclFile)" time="0.073" />
  <testcase classname="ptolemy.util.test.junit.TclTests" name="[33] /home/travis/build/icyphy/ptII/ptolemy/actor/lib/test/TestExceptionHandler.tcl (RunTclFile)" time="0.011" />
  <testcase classname="ptolemy.util.test.junit.TclTests" name="[34] /home/travis/build/icyphy/ptII/ptolemy/actor/lib/test/UnionDisassembler.tcl (RunTclFile)" time="0.045" />
  <testcase classname="ptolemy.util.test.junit.TclTests" name="[35] /home/travis/build/icyphy/ptII/ptolemy/actor/lib/test/VariableClock.tcl (RunTclFile)" time="0.014" />
  <testcase classname="ptolemy.util.test.junit.AutoKnownFailedTests" name="[0] /home/travis/build/icyphy/ptII/ptolemy/actor/lib/test/auto/knownFailedTests/PublisherPortToplevelSubscriber.xml (RunModel)" time="0.028" />
  <testcase classname="ptolemy.util.test.junit.AutoKnownFailedTests" name="[1] /home/travis/build/icyphy/ptII/ptolemy/actor/lib/test/auto/knownFailedTests/PublisherSubscriberPortToplevel.xml (RunModel)" time="0.015" />
  <testcase classname="ptolemy.util.test.junit.AutoKnownFailedTests" name="[2] /home/travis/build/icyphy/ptII/ptolemy/actor/lib/test/auto/knownFailedTests/PublisherSubscriptionAggregatorPort.xml (RunModel)" time="0.016" />
  <testcase classname="ptolemy.util.test.junit.AutoKnownFailedTests" name="[3] /home/travis/build/icyphy/ptII/ptolemy/actor/lib/test/auto/knownFailedTests/sizedarray3.xml (RunModel)" time="0.031" />
  <testcase classname="ptolemy.util.test.junit.AutoNameArchTests" name="[0] ThereAreNoAutoArchTests (RunModel)" time="0.004" />
  <testcase classname="ptolemy.util.test.junit.AutoTests" name="[0] /home/travis/build/icyphy/ptII/ptolemy/actor/lib/test/auto/AbsoluteValue.xml (RunModel)" time="0.086" />
  <testcase classname="ptolemy.util.test.junit.AutoTests" name="[1] /home/travis/build/icyphy/ptII/ptolemy/actor/lib/test/auto/AbsoluteValue2.xml (RunModel)" time="0.074" />
  <testcase classname="ptolemy.util.test.junit.AutoTests" name="[2] /home/travis/build/icyphy/ptII/ptolemy/actor/lib/test/auto/Accumulator.xml (RunModel)" time="0.087" />
  <testcase classname="ptolemy.util.test.junit.AutoTests" name="[3] /home/travis/build/icyphy/ptII/ptolemy/actor/lib/test/auto/Accumulator2.xml (RunModel)" time="0.019" />
  <testcase classname="ptolemy.util.test.junit.AutoTests" name="[4] /home/travis/build/icyphy/ptII/ptolemy/actor/lib/test/auto/Accumulator3.xml (RunModel)" time="0.021" />
  <testcase classname="ptolemy.util.test.junit.AutoTests" name="[5] /home/travis/build/icyphy/ptII/ptolemy/actor/lib/test/auto/ArrayAppend.xml (RunModel)" time="0.054" />
  <testcase classname="ptolemy.util.test.junit.AutoTests" name="[6] /home/travis/build/icyphy/ptII/ptolemy/actor/lib/test/auto/ArrayAppend2.xml (RunModel)" time="0.406" />
  <testcase classname="ptolemy.util.test.junit.AutoTests" name="[7] /home/travis/build/icyphy/ptII/ptolemy/actor/lib/test/auto/ArrayAppend3.xml (RunModel)" time="0.041" />
  <testcase classname="ptolemy.util.test.junit.AutoTests" name="[8] /home/travis/build/icyphy/ptII/ptolemy/actor/lib/test/auto/ArrayAppend4.xml (RunModel)" time="0.027" />
  <testcase classname="ptolemy.util.test.junit.AutoTests" name="[9] /home/travis/build/icyphy/ptII/ptolemy/actor/lib/test/auto/ArrayAppend5.xml (RunModel)" time="0.021" />
  <testcase classname="ptolemy.util.test.junit.AutoTests" name="[10] /home/travis/build/icyphy/ptII/ptolemy/actor/lib/test/auto/ArrayAppend6.xml (RunModel)" time="0.018" />
  <testcase classname="ptolemy.util.test.junit.AutoTests" name="[11] /home/travis/build/icyphy/ptII/ptolemy/actor/lib/test/auto/ArrayAppendPerformanceTest.xml (RunModel)" time="0.057" />
  <testcase classname="ptolemy.util.test.junit.AutoTests" name="[12] /home/travis/build/icyphy/ptII/ptolemy/actor/lib/test/auto/ArrayAppendWithEmptyInput.xml (RunModel)" time="0.056" />
  <testcase classname="ptolemy.util.test.junit.AutoTests" name="[13] /home/travis/build/icyphy/ptII/ptolemy/actor/lib/test/auto/ArrayAverage.xml (RunModel)" time="0.032" />
  <testcase classname="ptolemy.util.test.junit.AutoTests" name="[14] /home/travis/build/icyphy/ptII/ptolemy/actor/lib/test/auto/ArrayContains.xml (RunModel)" time="0.03" />
  <testcase classname="ptolemy.util.test.junit.AutoTests" name="[15] /home/travis/build/icyphy/ptII/ptolemy/actor/lib/test/auto/ArrayElement.xml (RunModel)" time="0.064" />
  <testcase classname="ptolemy.util.test.junit.AutoTests" name="[16] /home/travis/build/icyphy/ptII/ptolemy/actor/lib/test/auto/ArrayElementAsMatrix.xml (RunModel)" time="0.067" />
  <testcase classname="ptolemy.util.test.junit.AutoTests" name="[17] /home/travis/build/icyphy/ptII/ptolemy/actor/lib/test/auto/ArrayElementI.xml (RunModel)" time="0.028" />
  <testcase classname="ptolemy.util.test.junit.AutoTests" name="[18] /home/travis/build/icyphy/ptII/ptolemy/actor/lib/test/auto/ArrayExtract.xml (RunModel)" time="0.038" />
  <testcase classname="ptolemy.util.test.junit.AutoTests" name="[19] /home/travis/build/icyphy/ptII/ptolemy/actor/lib/test/auto/ArrayExtract2.xml (RunModel)" time="0.023" />
  <testcase classname="ptolemy.util.test.junit.AutoTests" name="[20] /home/travis/build/icyphy/ptII/ptolemy/actor/lib/test/auto/ArrayLength.xml (RunModel)" time="0.025" />
  <testcase classname="ptolemy.util.test.junit.AutoTests" name="[21] /home/travis/build/icyphy/ptII/ptolemy/actor/lib/test/auto/ArrayLevelCrossing.xml (RunModel)" time="0.038" />
  <testcase classname="ptolemy.util.test.junit.AutoTests" name="[22] /home/travis/build/icyphy/ptII/ptolemy/actor/lib/test/auto/ArrayLevelCrossing2.xml (RunModel)" time="0.03" />
  <testcase classname="ptolemy.util.test.junit.AutoTests" name="[23] /home/travis/build/icyphy/ptII/ptolemy/actor/lib/test/auto/ArrayPeakSearch.xml (RunModel)" time="0.035" />
  <testcase classname="ptolemy.util.test.junit.AutoTests" name="[24] /home/travis/build/icyphy/ptII/ptolemy/actor/lib/test/auto/ArrayPeakSearch2.xml (RunModel)" time="0.038" />
  <testcase classname="ptolemy.util.test.junit.AutoTests" name="[25] /home/travis/build/icyphy/ptII/ptolemy/actor/lib/test/auto/ArrayPeakSearch3.xml (RunModel)" time="0.034" />
  <testcase classname="ptolemy.util.test.junit.AutoTests" name="[26] /home/travis/build/icyphy/ptII/ptolemy/actor/lib/test/auto/ArrayRemoveElement.xml (RunModel)" time="0.03" />
  <testcase classname="ptolemy.util.test.junit.AutoTests" name="[27] /home/travis/build/icyphy/ptII/ptolemy/actor/lib/test/auto/ArraySort.xml (RunModel)" time="0.043" />
  <testcase classname="ptolemy.util.test.junit.AutoTests" name="[28] /home/travis/build/icyphy/ptII/ptolemy/actor/lib/test/auto/ArraySum.xml (RunModel)" time="0.026" />
  <testcase classname="ptolemy.util.test.junit.AutoTests" name="[29] /home/travis/build/icyphy/ptII/ptolemy/actor/lib/test/auto/ArrayToElements.xml (RunModel)" time="0.026" />
  <testcase classname="ptolemy.util.test.junit.AutoTests" name="[30] /home/travis/build/icyphy/ptII/ptolemy/actor/lib/test/auto/ArrayToMatrix.xml (RunModel)" time="0.073" />
  <testcase classname="ptolemy.util.test.junit.AutoTests" name="[31] /home/travis/build/icyphy/ptII/ptolemy/actor/lib/test/auto/ArrayUpdate1.xml (RunModel)" time="0.029" />
  <testcase classname="ptolemy.util.test.junit.AutoTests" name="[32] /home/travis/build/icyphy/ptII/ptolemy/actor/lib/test/auto/ArrayUpdate2.xml (RunModel)" time="0.023" />
  <testcase classname="ptolemy.util.test.junit.AutoTests" name="[33] /home/travis/build/icyphy/ptII/ptolemy/actor/lib/test/auto/ArrayUpdate3.xml (RunModel)" time="0.022" />
  <testcase classname="ptolemy.util.test.junit.AutoTests" name="[34] /home/travis/build/icyphy/ptII/ptolemy/actor/lib/test/auto/Assert1.xml (RunModel)" time="0.027" />
  <testcase classname="ptolemy.util.test.junit.AutoTests" name="[35] /home/travis/build/icyphy/ptII/ptolemy/actor/lib/test/auto/Assert2.xml (RunModel)" time="0.013" />
  <testcase classname="ptolemy.util.test.junit.AutoTests" name="[36] /home/travis/build/icyphy/ptII/ptolemy/actor/lib/test/auto/BooleanMultiplexor.xml (RunModel)" time="0.017" />
  <testcase classname="ptolemy.util.test.junit.AutoTests" name="[37] /home/travis/build/icyphy/ptII/ptolemy/actor/lib/test/auto/BooleanMultiplexor2.xml (RunModel)" time="0.029" />
  <testcase classname="ptolemy.util.test.junit.AutoTests" name="[38] /home/travis/build/icyphy/ptII/ptolemy/actor/lib/test/auto/BooleanMultiplexor3.xml (RunModel)" time="0.021" />
  <testcase classname="ptolemy.util.test.junit.AutoTests" name="[39] /home/travis/build/icyphy/ptII/ptolemy/actor/lib/test/auto/BooleanSelect.xml (RunModel)" time="0.026" />
  <testcase classname="ptolemy.util.test.junit.AutoTests" name="[40] /home/travis/build/icyphy/ptII/ptolemy/actor/lib/test/auto/BooleanSelect2.xml (RunModel)" time="0.017" />
  <testcase classname="ptolemy.util.test.junit.AutoTests" name="[41] /home/travis/build/icyphy/ptII/ptolemy/actor/lib/test/auto/BooleanSwitch.xml (RunModel)" time="0.032" />
  <testcase classname="ptolemy.util.test.junit.AutoTests" name="[42] /home/travis/build/icyphy/ptII/ptolemy/actor/lib/test/auto/BooleanSwitch2.xml (RunModel)" time="0.03" />
  <testcase classname="ptolemy.util.test.junit.AutoTests" name="[43] /home/travis/build/icyphy/ptII/ptolemy/actor/lib/test/auto/BooleanSwitchCloningBugWithClassRelationGroup.xml (RunModel)" time="0.033" />
  <testcase classname="ptolemy.util.test.junit.AutoTests" name="[44] /home/travis/build/icyphy/ptII/ptolemy/actor/lib/test/auto/BusActors.xml (RunModel)" time="0.035" />
  <testcase classname="ptolemy.util.test.junit.AutoTests" name="[45] /home/travis/build/icyphy/ptII/ptolemy/actor/lib/test/auto/ClassWrapper.xml (RunModel)" time="0.061" />
  <testcase classname="ptolemy.util.test.junit.AutoTests" name="[46] /home/travis/build/icyphy/ptII/ptolemy/actor/lib/test/auto/Clock.xml (RunModel)" time="0.01" />
  <testcase classname="ptolemy.util.test.junit.AutoTests" name="[47] /home/travis/build/icyphy/ptII/ptolemy/actor/lib/test/auto/Clock10.xml (RunModel)" time="0.021" />
  <testcase classname="ptolemy.util.test.junit.AutoTests" name="[48] /home/travis/build/icyphy/ptII/ptolemy/actor/lib/test/auto/Clock11.xml (RunModel)" time="0.022" />
  <testcase classname="ptolemy.util.test.junit.AutoTests" name="[49] /home/travis/build/icyphy/ptII/ptolemy/actor/lib/test/auto/Clock12.xml (RunModel)" time="0.021" />
  <testcase classname="ptolemy.util.test.junit.AutoTests" name="[50] /home/travis/build/icyphy/ptII/ptolemy/actor/lib/test/auto/Clock13.xml (RunModel)" time="0.018" />
  <testcase classname="ptolemy.util.test.junit.AutoTests" name="[51] /home/travis/build/icyphy/ptII/ptolemy/actor/lib/test/auto/Clock14.xml (RunModel)" time="0.017" />
  <testcase classname="ptolemy.util.test.junit.AutoTests" name="[52] /home/travis/build/icyphy/ptII/ptolemy/actor/lib/test/auto/Clock15.xml (RunModel)" time="0.018" />
  <testcase classname="ptolemy.util.test.junit.AutoTests" name="[53] /home/travis/build/icyphy/ptII/ptolemy/actor/lib/test/auto/Clock16.xml (RunModel)" time="0.096" />
  <testcase classname="ptolemy.util.test.junit.AutoTests" name="[54] /home/travis/build/icyphy/ptII/ptolemy/actor/lib/test/auto/Clock17.xml (RunModel)" time="0.052" />
  <testcase classname="ptolemy.util.test.junit.AutoTests" name="[55] /home/travis/build/icyphy/ptII/ptolemy/actor/lib/test/auto/Clock18.xml (RunModel)" time="0.051" />
  <testcase classname="ptolemy.util.test.junit.AutoTests" name="[56] /home/travis/build/icyphy/ptII/ptolemy/actor/lib/test/auto/Clock19.xml (RunModel)" time="0.042" />
  <testcase classname="ptolemy.util.test.junit.AutoTests" name="[57] /home/travis/build/icyphy/ptII/ptolemy/actor/lib/test/auto/Clock2.xml (RunModel)" time="0.015" />
  <testcase classname="ptolemy.util.test.junit.AutoTests" name="[58] /home/travis/build/icyphy/ptII/ptolemy/actor/lib/test/auto/Clock20.xml (RunModel)" time="0.022" />
  <testcase classname="ptolemy.util.test.junit.AutoTests" name="[59] /home/travis/build/icyphy/ptII/ptolemy/actor/lib/test/auto/Clock21.xml (RunModel)" time="0.014" />
  <testcase classname="ptolemy.util.test.junit.AutoTests" name="[60] /home/travis/build/icyphy/ptII/ptolemy/actor/lib/test/auto/Clock22.xml (RunModel)" time="0.016" />
  <testcase classname="ptolemy.util.test.junit.AutoTests" name="[61] /home/travis/build/icyphy/ptII/ptolemy/actor/lib/test/auto/Clock23.xml (RunModel)" time="0.016" />
  <testcase classname="ptolemy.util.test.junit.AutoTests" name="[62] /home/travis/build/icyphy/ptII/ptolemy/actor/lib/test/auto/Clock24.xml (RunModel)" time="0.015" />
  <testcase classname="ptolemy.util.test.junit.AutoTests" name="[63] /home/travis/build/icyphy/ptII/ptolemy/actor/lib/test/auto/Clock4.xml (RunModel)" time="0.013" />
  <testcase classname="ptolemy.util.test.junit.AutoTests" name="[64] /home/travis/build/icyphy/ptII/ptolemy/actor/lib/test/auto/Clock5.xml (RunModel)" time="0.013" />
  <testcase classname="ptolemy.util.test.junit.AutoTests" name="[65] /home/travis/build/icyphy/ptII/ptolemy/actor/lib/test/auto/Clock6.xml (RunModel)" time="0.008" />
  <testcase classname="ptolemy.util.test.junit.AutoTests" name="[66] /home/travis/build/icyphy/ptII/ptolemy/actor/lib/test/auto/Clock7.xml (RunModel)" time="0.009" />
  <testcase classname="ptolemy.util.test.junit.AutoTests" name="[67] /home/travis/build/icyphy/ptII/ptolemy/actor/lib/test/auto/Clock8.xml (RunModel)" time="0.012" />
  <testcase classname="ptolemy.util.test.junit.AutoTests" name="[68] /home/travis/build/icyphy/ptII/ptolemy/actor/lib/test/auto/Clock9.xml (RunModel)" time="0.014" />
  <testcase classname="ptolemy.util.test.junit.AutoTests" name="[69] /home/travis/build/icyphy/ptII/ptolemy/actor/lib/test/auto/CommDistDiscard.xml (RunModel)" time="0.018" />
  <testcase classname="ptolemy.util.test.junit.AutoTests" name="[70] /home/travis/build/icyphy/ptII/ptolemy/actor/lib/test/auto/Commutator.xml (RunModel)" time="0.012" />
  <testcase classname="ptolemy.util.test.junit.AutoTests" name="[71] /home/travis/build/icyphy/ptII/ptolemy/actor/lib/test/auto/Commutator2.xml (RunModel)" time="0.01" />
  <testcase classname="ptolemy.util.test.junit.AutoTests" name="[72] /home/travis/build/icyphy/ptII/ptolemy/actor/lib/test/auto/Commutator3.xml (RunModel)" time="0.009" />
  <testcase classname="ptolemy.util.test.junit.AutoTests" name="[73] /home/travis/build/icyphy/ptII/ptolemy/actor/lib/test/auto/Compare.xml (RunModel)" time="0.017" />
  <testcase classname="ptolemy.util.test.junit.AutoTests" name="[74] /home/travis/build/icyphy/ptII/ptolemy/actor/lib/test/auto/CompareDE.xml (RunModel)" time="0.017" />
  <testcase classname="ptolemy.util.test.junit.AutoTests" name="[75] /home/travis/build/icyphy/ptII/ptolemy/actor/lib/test/auto/ComplexDivide.xml (RunModel)" time="0.01" />
  <testcase classname="ptolemy.util.test.junit.AutoTests" name="[76] /home/travis/build/icyphy/ptII/ptolemy/actor/lib/test/auto/ComputeHistogram.xml (RunModel)" time="0.064" />
  <testcase classname="ptolemy.util.test.junit.AutoTests" name="[77] /home/travis/build/icyphy/ptII/ptolemy/actor/lib/test/auto/ConfigurationSelect.xml (RunModel)" time="0.027" />
  <testcase classname="ptolemy.util.test.junit.AutoTests" name="[78] /home/travis/build/icyphy/ptII/ptolemy/actor/lib/test/auto/ConfigurationSelect2.xml (RunModel)" time="0.02" />
  <testcase classname="ptolemy.util.test.junit.AutoTests" name="[79] /home/travis/build/icyphy/ptII/ptolemy/actor/lib/test/auto/ConfigurationSwitch.xml (RunModel)" time="0.032" />
  <testcase classname="ptolemy.util.test.junit.AutoTests" name="[80] /home/travis/build/icyphy/ptII/ptolemy/actor/lib/test/auto/ConfigurationSwitch2.xml (RunModel)" time="0.025" />
  <testcase classname="ptolemy.util.test.junit.AutoTests" name="[81] /home/travis/build/icyphy/ptII/ptolemy/actor/lib/test/auto/ConfigurationSwitchCloningBugWithClassRelationGroup.xml (RunModel)" time="0.024" />
  <testcase classname="ptolemy.util.test.junit.AutoTests" name="[82] /home/travis/build/icyphy/ptII/ptolemy/actor/lib/test/auto/ConfigurationSwitchSelectSDF.xml (RunModel)" time="0.019" />
  <testcase classname="ptolemy.util.test.junit.AutoTests" name="[83] /home/travis/build/icyphy/ptII/ptolemy/actor/lib/test/auto/ConfigurationSwitchSelectSDF2.xml (RunModel)" time="0.02" />
  <testcase classname="ptolemy.util.test.junit.AutoTests" name="[84] /home/travis/build/icyphy/ptII/ptolemy/actor/lib/test/auto/Const.xml (RunModel)" time="0.043" />
  <testcase classname="ptolemy.util.test.junit.AutoTests" name="[85] /home/travis/build/icyphy/ptII/ptolemy/actor/lib/test/auto/Const2.xml (RunModel)" time="0.013" />
  <testcase classname="ptolemy.util.test.junit.AutoTests" name="[86] /home/travis/build/icyphy/ptII/ptolemy/actor/lib/test/auto/Const3.xml (RunModel)" time="0.005" />
  <testcase classname="ptolemy.util.test.junit.AutoTests" name="[87] /home/travis/build/icyphy/ptII/ptolemy/actor/lib/test/auto/ConstantPublisherPort1.xml (RunModel)" time="0.017" />
  <testcase classname="ptolemy.util.test.junit.AutoTests" name="[88] /home/travis/build/icyphy/ptII/ptolemy/actor/lib/test/auto/ConstantPublisherPort2.xml (RunModel)" time="0.015" />
  <testcase classname="ptolemy.util.test.junit.AutoTests" name="[89] /home/travis/build/icyphy/ptII/ptolemy/actor/lib/test/auto/ConstantPublisherPort3.xml (RunModel)" time="0.019" />
  <testcase classname="ptolemy.util.test.junit.AutoTests" name="[90] /home/travis/build/icyphy/ptII/ptolemy/actor/lib/test/auto/ConstantPublisherPort4.xml (RunModel)" time="0.026" />
  <testcase classname="ptolemy.util.test.junit.AutoTests" name="[91] /home/travis/build/icyphy/ptII/ptolemy/actor/lib/test/auto/ConstantPublisherPort5.xml (RunModel)" time="0.047" />
  <testcase classname="ptolemy.util.test.junit.AutoTests" name="[92] /home/travis/build/icyphy/ptII/ptolemy/actor/lib/test/auto/ConstantPublisherPort6.xml (RunModel)" time="0.026" />
  <testcase classname="ptolemy.util.test.junit.AutoTests" name="[93] /home/travis/build/icyphy/ptII/ptolemy/actor/lib/test/auto/ConstantPublisherPort7.xml (RunModel)" time="0.037" />
  <testcase classname="ptolemy.util.test.junit.AutoTests" name="[94] /home/travis/build/icyphy/ptII/ptolemy/actor/lib/test/auto/ConstraintMonitor1.xml (RunModel)" time="0.037" />
  <testcase classname="ptolemy.util.test.junit.AutoTests" name="[95] /home/travis/build/icyphy/ptII/ptolemy/actor/lib/test/auto/ConstraintMonitor2.xml (RunModel)" time="0.016" />
  <testcase classname="ptolemy.util.test.junit.AutoTests" name="[96] /home/travis/build/icyphy/ptII/ptolemy/actor/lib/test/auto/ConstraintMonitor3.xml (RunModel)" time="0.018" />
  <testcase classname="ptolemy.util.test.junit.AutoTests" name="[97] /home/travis/build/icyphy/ptII/ptolemy/actor/lib/test/auto/ConstraintMonitor4.xml (RunModel)" time="0.014" />
  <testcase classname="ptolemy.util.test.junit.AutoTests" name="[98] /home/travis/build/icyphy/ptII/ptolemy/actor/lib/test/auto/ConstraintMonitor5.xml (RunModel)" time="0.013" />
  <testcase classname="ptolemy.util.test.junit.AutoTests" name="[99] /home/travis/build/icyphy/ptII/ptolemy/actor/lib/test/auto/ConstraintMonitor6.xml (RunModel)" time="0.016" />
  <testcase classname="ptolemy.util.test.junit.AutoTests" name="[100] /home/travis/build/icyphy/ptII/ptolemy/actor/lib/test/auto/ConstraintMonitor7.xml (RunModel)" time="0.015" />
  <testcase classname="ptolemy.util.test.junit.AutoTests" name="[101] /home/travis/build/icyphy/ptII/ptolemy/actor/lib/test/auto/ConstraintMonitor8.xml (RunModel)" time="0.023" />
  <testcase classname="ptolemy.util.test.junit.AutoTests" name="[102] /home/travis/build/icyphy/ptII/ptolemy/actor/lib/test/auto/Counter.xml (RunModel)" time="0.019" />
  <testcase classname="ptolemy.util.test.junit.AutoTests" name="[103] /home/travis/build/icyphy/ptII/ptolemy/actor/lib/test/auto/CurrentTimeSDF.xml (RunModel)" time="0.01" />
  <testcase classname="ptolemy.util.test.junit.AutoTests" name="[104] /home/travis/build/icyphy/ptII/ptolemy/actor/lib/test/auto/DB.xml (RunModel)" time="0.014" />
  <testcase classname="ptolemy.util.test.junit.AutoTests" name="[105] /home/travis/build/icyphy/ptII/ptolemy/actor/lib/test/auto/DBDE.xml (RunModel)" time="0.014" />
  <testcase classname="ptolemy.util.test.junit.AutoTests" name="[106] /home/travis/build/icyphy/ptII/ptolemy/actor/lib/test/auto/DateConstructor.xml (RunModel)" time="0.079" />
  <testcase classname="ptolemy.util.test.junit.AutoTests" name="[107] /home/travis/build/icyphy/ptII/ptolemy/actor/lib/test/auto/DelayTime.xml (RunModel)" time="0.019" />
  <testcase classname="ptolemy.util.test.junit.AutoTests" name="[108] /home/travis/build/icyphy/ptII/ptolemy/actor/lib/test/auto/Dictionary1.xml (RunModel)" time="0.021" />
  <testcase classname="ptolemy.util.test.junit.AutoTests" name="[109] /home/travis/build/icyphy/ptII/ptolemy/actor/lib/test/auto/Dictionary2.xml (RunModel)" time="0.014" />
  <testcase classname="ptolemy.util.test.junit.AutoTests" name="[110] /home/travis/build/icyphy/ptII/ptolemy/actor/lib/test/auto/Dictionary3.xml (RunModel)" time="0.014" />
  <testcase classname="ptolemy.util.test.junit.AutoTests" name="[111] /home/travis/build/icyphy/ptII/ptolemy/actor/lib/test/auto/Dictionary4.xml (RunModel)" time="0.025" />
  <testcase classname="ptolemy.util.test.junit.AutoTests" name="[112] /home/travis/build/icyphy/ptII/ptolemy/actor/lib/test/auto/Differential.xml (RunModel)" time="0.012" />
  <testcase classname="ptolemy.util.test.junit.AutoTests" name="[113] /home/travis/build/icyphy/ptII/ptolemy/actor/lib/test/auto/Director.xml (RunModel)" time="0.012" />
  <testcase classname="ptolemy.util.test.junit.AutoTests" name="[114] /home/travis/build/icyphy/ptII/ptolemy/actor/lib/test/auto/DiscreteClock.xml (RunModel)" time="0.007" />
  <testcase classname="ptolemy.util.test.junit.AutoTests" name="[115] /home/travis/build/icyphy/ptII/ptolemy/actor/lib/test/auto/DiscreteClock10.xml (RunModel)" time="0.011" />
  <testcase classname="ptolemy.util.test.junit.AutoTests" name="[116] /home/travis/build/icyphy/ptII/ptolemy/actor/lib/test/auto/DiscreteClock11.xml (RunModel)" time="0.012" />
  <testcase classname="ptolemy.util.test.junit.AutoTests" name="[117] /home/travis/build/icyphy/ptII/ptolemy/actor/lib/test/auto/DiscreteClock12.xml (RunModel)" time="0.014" />
  <testcase classname="ptolemy.util.test.junit.AutoTests" name="[118] /home/travis/build/icyphy/ptII/ptolemy/actor/lib/test/auto/DiscreteClock13.xml (RunModel)" time="0.015" />
  <testcase classname="ptolemy.util.test.junit.AutoTests" name="[119] /home/travis/build/icyphy/ptII/ptolemy/actor/lib/test/auto/DiscreteClock14.xml (RunModel)" time="0.016" />
  <testcase classname="ptolemy.util.test.junit.AutoTests" name="[120] /home/travis/build/icyphy/ptII/ptolemy/actor/lib/test/auto/DiscreteClock15.xml (RunModel)" time="0.017" />
  <testcase classname="ptolemy.util.test.junit.AutoTests" name="[121] /home/travis/build/icyphy/ptII/ptolemy/actor/lib/test/auto/DiscreteClock16.xml (RunModel)" time="0.043" />
  <testcase classname="ptolemy.util.test.junit.AutoTests" name="[122] /home/travis/build/icyphy/ptII/ptolemy/actor/lib/test/auto/DiscreteClock17.xml (RunModel)" time="0.043" />
  <testcase classname="ptolemy.util.test.junit.AutoTests" name="[123] /home/travis/build/icyphy/ptII/ptolemy/actor/lib/test/auto/DiscreteClock18.xml (RunModel)" time="0.039" />
  <testcase classname="ptolemy.util.test.junit.AutoTests" name="[124] /home/travis/build/icyphy/ptII/ptolemy/actor/lib/test/auto/DiscreteClock19.xml (RunModel)" time="0.052" />
  <testcase classname="ptolemy.util.test.junit.AutoTests" name="[125] /home/travis/build/icyphy/ptII/ptolemy/actor/lib/test/auto/DiscreteClock2.xml (RunModel)" time="0.014" />
  <testcase classname="ptolemy.util.test.junit.AutoTests" name="[126] /home/travis/build/icyphy/ptII/ptolemy/actor/lib/test/auto/DiscreteClock20.xml (RunModel)" time="0.072" />
  <testcase classname="ptolemy.util.test.junit.AutoTests" name="[127] /home/travis/build/icyphy/ptII/ptolemy/actor/lib/test/auto/DiscreteClock21.xml (RunModel)" time="0.025" />
  <testcase classname="ptolemy.util.test.junit.AutoTests" name="[128] /home/travis/build/icyphy/ptII/ptolemy/actor/lib/test/auto/DiscreteClock22.xml (RunModel)" time="0.015" />
  <testcase classname="ptolemy.util.test.junit.AutoTests" name="[129] /home/travis/build/icyphy/ptII/ptolemy/actor/lib/test/auto/DiscreteClock23.xml (RunModel)" time="0.02" />
  <testcase classname="ptolemy.util.test.junit.AutoTests" name="[130] /home/travis/build/icyphy/ptII/ptolemy/actor/lib/test/auto/DiscreteClock24.xml (RunModel)" time="0.016" />
  <testcase classname="ptolemy.util.test.junit.AutoTests" name="[131] /home/travis/build/icyphy/ptII/ptolemy/actor/lib/test/auto/DiscreteClock4.xml (RunModel)" time="0.015" />
  <testcase classname="ptolemy.util.test.junit.AutoTests" name="[132] /home/travis/build/icyphy/ptII/ptolemy/actor/lib/test/auto/DiscreteClock5.xml (RunModel)" time="0.011" />
  <testcase classname="ptolemy.util.test.junit.AutoTests" name="[133] /home/travis/build/icyphy/ptII/ptolemy/actor/lib/test/auto/DiscreteClock6.xml (RunModel)" time="0.009" />
  <testcase classname="ptolemy.util.test.junit.AutoTests" name="[134] /home/travis/build/icyphy/ptII/ptolemy/actor/lib/test/auto/DiscreteClock7.xml (RunModel)" time="0.011" />
  <testcase classname="ptolemy.util.test.junit.AutoTests" name="[135] /home/travis/build/icyphy/ptII/ptolemy/actor/lib/test/auto/DiscreteClock8.xml (RunModel)" time="0.014" />
  <testcase classname="ptolemy.util.test.junit.AutoTests" name="[136] /home/travis/build/icyphy/ptII/ptolemy/actor/lib/test/auto/DiscreteClock9.xml (RunModel)" time="0.01" />
  <testcase classname="ptolemy.util.test.junit.AutoTests" name="[137] /home/travis/build/icyphy/ptII/ptolemy/actor/lib/test/auto/DisplayArray.xml (RunModel)" time="0.008" />
  <testcase classname="ptolemy.util.test.junit.AutoTests" name="[138] /home/travis/build/icyphy/ptII/ptolemy/actor/lib/test/auto/Distributor.xml (RunModel)" time="0.009" />
  <testcase classname="ptolemy.util.test.junit.AutoTests" name="[139] /home/travis/build/icyphy/ptII/ptolemy/actor/lib/test/auto/Distributor2.xml (RunModel)" time="0.008" />
  <testcase classname="ptolemy.util.test.junit.AutoTests" name="[140] /home/travis/build/icyphy/ptII/ptolemy/actor/lib/test/auto/DownSample.xml (RunModel)" time="0.012" />
  <testcase classname="ptolemy.util.test.junit.AutoTests" name="[141] /home/travis/build/icyphy/ptII/ptolemy/actor/lib/test/auto/ElectronicUnitBase1.xml (RunModel)" time="0.054" />
  <testcase classname="ptolemy.util.test.junit.AutoTests" name="[142] /home/travis/build/icyphy/ptII/ptolemy/actor/lib/test/auto/ElementsToArray.xml (RunModel)" time="0.01" />
  <testcase classname="ptolemy.util.test.junit.AutoTests" name="[143] /home/travis/build/icyphy/ptII/ptolemy/actor/lib/test/auto/Equals.xml (RunModel)" time="0.011" />
  <testcase classname="ptolemy.util.test.junit.AutoTests" name="[144] /home/travis/build/icyphy/ptII/ptolemy/actor/lib/test/auto/Exec.xml (RunModel)" time="0.028" />
  <testcase classname="ptolemy.util.test.junit.AutoTests" name="[145] /home/travis/build/icyphy/ptII/ptolemy/actor/lib/test/auto/ExecEnvironment.xml (RunModel)" time="0.039" />
  <testcase classname="ptolemy.util.test.junit.AutoTests" name="[146] /home/travis/build/icyphy/ptII/ptolemy/actor/lib/test/auto/ExecNonZeroReturnOutput.xml (RunModel)" time="0.209" />
  <testcase classname="ptolemy.util.test.junit.AutoTests" name="[147] /home/travis/build/icyphy/ptII/ptolemy/actor/lib/test/auto/ExecRunDemos.xml (RunModel)" time="11.322" />
  <testcase classname="ptolemy.util.test.junit.AutoTests" name="[148] /home/travis/build/icyphy/ptII/ptolemy/actor/lib/test/auto/ExecStop.xml (RunModel)" time="5.033" />
  <testcase classname="ptolemy.util.test.junit.AutoTests" name="[149] /home/travis/build/icyphy/ptII/ptolemy/actor/lib/test/auto/ExecutionTimeSDF.xml (RunModel)" time="6.042" />
  <testcase classname="ptolemy.util.test.junit.AutoTests" name="[150] /home/travis/build/icyphy/ptII/ptolemy/actor/lib/test/auto/Expression1.xml (RunModel)" time="0.027" />
  <testcase classname="ptolemy.util.test.junit.AutoTests" name="[151] /home/travis/build/icyphy/ptII/ptolemy/actor/lib/test/auto/Expression10.xml (RunModel)" time="0.019" />
  <testcase classname="ptolemy.util.test.junit.AutoTests" name="[152] /home/travis/build/icyphy/ptII/ptolemy/actor/lib/test/auto/Expression11.xml (RunModel)" time="0.01" />
  <testcase classname="ptolemy.util.test.junit.AutoTests" name="[153] /home/travis/build/icyphy/ptII/ptolemy/actor/lib/test/auto/Expression12.xml (RunModel)" time="0.015" />
  <testcase classname="ptolemy.util.test.junit.AutoTests" name="[154] /home/travis/build/icyphy/ptII/ptolemy/actor/lib/test/auto/Expression13.xml (RunModel)" time="0.013" />
  <testcase classname="ptolemy.util.test.junit.AutoTests" name="[155] /home/travis/build/icyphy/ptII/ptolemy/actor/lib/test/auto/Expression14.xml (RunModel)" time="0.063" />
  <testcase classname="ptolemy.util.test.junit.AutoTests" name="[156] /home/travis/build/icyphy/ptII/ptolemy/actor/lib/test/auto/Expression15.xml (RunModel)" time="0.012" />
  <testcase classname="ptolemy.util.test.junit.AutoTests" name="[157] /home/travis/build/icyphy/ptII/ptolemy/actor/lib/test/auto/Expression16.xml (RunModel)" time="0.016" />
  <testcase classname="ptolemy.util.test.junit.AutoTests" name="[158] /home/travis/build/icyphy/ptII/ptolemy/actor/lib/test/auto/Expression17.xml (RunModel)" time="0.017" />
  <testcase classname="ptolemy.util.test.junit.AutoTests" name="[159] /home/travis/build/icyphy/ptII/ptolemy/actor/lib/test/auto/Expression18.xml (RunModel)" time="0.015" />
  <testcase classname="ptolemy.util.test.junit.AutoTests" name="[160] /home/travis/build/icyphy/ptII/ptolemy/actor/lib/test/auto/Expression2.xml (RunModel)" time="0.013" />
  <testcase classname="ptolemy.util.test.junit.AutoTests" name="[161] /home/travis/build/icyphy/ptII/ptolemy/actor/lib/test/auto/Expression3.xml (RunModel)" time="0.018" />
  <testcase classname="ptolemy.util.test.junit.AutoTests" name="[162] /home/travis/build/icyphy/ptII/ptolemy/actor/lib/test/auto/Expression4.xml (RunModel)" time="0.022" />
  <testcase classname="ptolemy.util.test.junit.AutoTests" name="[163] /home/travis/build/icyphy/ptII/ptolemy/actor/lib/test/auto/Expression5.xml (RunModel)" time="0.017" />
  <testcase classname="ptolemy.util.test.junit.AutoTests" name="[164] /home/travis/build/icyphy/ptII/ptolemy/actor/lib/test/auto/Expression6.xml (RunModel)" time="0.011" />
  <testcase classname="ptolemy.util.test.junit.AutoTests" name="[165] /home/travis/build/icyphy/ptII/ptolemy/actor/lib/test/auto/Expression7.xml (RunModel)" time="0.013" />
  <testcase classname="ptolemy.util.test.junit.AutoTests" name="[166] /home/travis/build/icyphy/ptII/ptolemy/actor/lib/test/auto/Expression8.xml (RunModel)" time="0.017" />
  <testcase classname="ptolemy.util.test.junit.AutoTests" name="[167] /home/travis/build/icyphy/ptII/ptolemy/actor/lib/test/auto/Expression9.xml (RunModel)" time="0.009" />
  <testcase classname="ptolemy.util.test.junit.AutoTests" name="[168] /home/travis/build/icyphy/ptII/ptolemy/actor/lib/test/auto/ExpressionConcatenateArrayType.xml (RunModel)" time="0.032" />
  <testcase classname="ptolemy.util.test.junit.AutoTests" name="[169] /home/travis/build/icyphy/ptII/ptolemy/actor/lib/test/auto/ExpressionConcatenateArrayType2.xml (RunModel)" time="0.028" />
  <testcase classname="ptolemy.util.test.junit.AutoTests" name="[170] /home/travis/build/icyphy/ptII/ptolemy/actor/lib/test/auto/ExpressionFix.xml (RunModel)" time="0.052" />
  <testcase classname="ptolemy.util.test.junit.AutoTests" name="[171] /home/travis/build/icyphy/ptII/ptolemy/actor/lib/test/auto/ExpressionFix2.xml (RunModel)" time="0.011" />
  <testcase classname="ptolemy.util.test.junit.AutoTests" name="[172] /home/travis/build/icyphy/ptII/ptolemy/actor/lib/test/auto/ExpressionFix3.xml (RunModel)" time="0.012" />
  <testcase classname="ptolemy.util.test.junit.AutoTests" name="[173] /home/travis/build/icyphy/ptII/ptolemy/actor/lib/test/auto/FileWriter1.xml (RunModel)" time="0.01" />
  <testcase classname="ptolemy.util.test.junit.AutoTests" name="[174] /home/travis/build/icyphy/ptII/ptolemy/actor/lib/test/auto/FileWriter2.xml (RunModel)" time="0.015" />
  <testcase classname="ptolemy.util.test.junit.AutoTests" name="[175] /home/travis/build/icyphy/ptII/ptolemy/actor/lib/test/auto/FileWriter3.xml (RunModel)" time="0.016" />
  <testcase classname="ptolemy.util.test.junit.AutoTests" name="[176] /home/travis/build/icyphy/ptII/ptolemy/actor/lib/test/auto/Gaussian.xml (RunModel)" time="0.015" />
  <testcase classname="ptolemy.util.test.junit.AutoTests" name="[177] /home/travis/build/icyphy/ptII/ptolemy/actor/lib/test/auto/Gaussian1.xml (RunModel)" time="0.015" />
  <testcase classname="ptolemy.util.test.junit.AutoTests" name="[178] /home/travis/build/icyphy/ptII/ptolemy/actor/lib/test/auto/Gaussian2.xml (RunModel)" time="0.03" />
  <testcase classname="ptolemy.util.test.junit.AutoTests" name="[179] /home/travis/build/icyphy/ptII/ptolemy/actor/lib/test/auto/GradientAdaptiveLattice.xml (RunModel)" time="0.017" />
  <testcase classname="ptolemy.util.test.junit.AutoTests" name="[180] /home/travis/build/icyphy/ptII/ptolemy/actor/lib/test/auto/IIR.xml (RunModel)" time="0.011" />
  <testcase classname="ptolemy.util.test.junit.AutoTests" name="[181] /home/travis/build/icyphy/ptII/ptolemy/actor/lib/test/auto/InputOutputTransparentPorts.xml (RunModel)" time="0.024" />
  <testcase classname="ptolemy.util.test.junit.AutoTests" name="[182] /home/travis/build/icyphy/ptII/ptolemy/actor/lib/test/auto/Interpolator.xml (RunModel)" time="0.018" />
  <testcase classname="ptolemy.util.test.junit.AutoTests" name="[183] /home/travis/build/icyphy/ptII/ptolemy/actor/lib/test/auto/InterpolatorFiringLimitDE.xml (RunModel)" time="0.026" />
  <testcase classname="ptolemy.util.test.junit.AutoTests" name="[184] /home/travis/build/icyphy/ptII/ptolemy/actor/lib/test/auto/Lattice.xml (RunModel)" time="0.009" />
  <testcase classname="ptolemy.util.test.junit.AutoTests" name="[185] /home/travis/build/icyphy/ptII/ptolemy/actor/lib/test/auto/LazyAOCTestLazy.xml (RunModel)" time="0.02" />
  <testcase classname="ptolemy.util.test.junit.AutoTests" name="[186] /home/travis/build/icyphy/ptII/ptolemy/actor/lib/test/auto/LazyAOCTestNonLazy.xml (RunModel)" time="0.046" />
  <testcase classname="ptolemy.util.test.junit.AutoTests" name="[187] /home/travis/build/icyphy/ptII/ptolemy/actor/lib/test/auto/LazyInnerClass.xml (RunModel)" time="0.026" />
  <testcase classname="ptolemy.util.test.junit.AutoTests" name="[188] /home/travis/build/icyphy/ptII/ptolemy/actor/lib/test/auto/LazyPubSub.xml (RunModel)" time="0.022" />
  <testcase classname="ptolemy.util.test.junit.AutoTests" name="[189] /home/travis/build/icyphy/ptII/ptolemy/actor/lib/test/auto/LazyPubSub2.xml (RunModel)" time="0.025" />
  <testcase classname="ptolemy.util.test.junit.AutoTests" name="[190] /home/travis/build/icyphy/ptII/ptolemy/actor/lib/test/auto/LazyPubSub3.xml (RunModel)" time="0.023" />
  <testcase classname="ptolemy.util.test.junit.AutoTests" name="[191] /home/travis/build/icyphy/ptII/ptolemy/actor/lib/test/auto/LazySubClassModel.xml (RunModel)" time="0.036" />
  <testcase classname="ptolemy.util.test.junit.AutoTests" name="[192] /home/travis/build/icyphy/ptII/ptolemy/actor/lib/test/auto/LevelCrossTest1.xml (RunModel)" time="0.009" />
  <testcase classname="ptolemy.util.test.junit.AutoTests" name="[193] /home/travis/build/icyphy/ptII/ptolemy/actor/lib/test/auto/LevelCrossTest10.xml (RunModel)" time="0.014" />
  <testcase classname="ptolemy.util.test.junit.AutoTests" name="[194] /home/travis/build/icyphy/ptII/ptolemy/actor/lib/test/auto/LevelCrossTest11.xml (RunModel)" time="0.011" />
  <testcase classname="ptolemy.util.test.junit.AutoTests" name="[195] /home/travis/build/icyphy/ptII/ptolemy/actor/lib/test/auto/LevelCrossTest12.xml (RunModel)" time="0.012" />
  <testcase classname="ptolemy.util.test.junit.AutoTests" name="[196] /home/travis/build/icyphy/ptII/ptolemy/actor/lib/test/auto/LevelCrossTest13.xml (RunModel)" time="0.016" />
  <testcase classname="ptolemy.util.test.junit.AutoTests" name="[197] /home/travis/build/icyphy/ptII/ptolemy/actor/lib/test/auto/LevelCrossTest2.xml (RunModel)" time="0.01" />
  <testcase classname="ptolemy.util.test.junit.AutoTests" name="[198] /home/travis/build/icyphy/ptII/ptolemy/actor/lib/test/auto/LevelCrossTest3.xml (RunModel)" time="0.012" />
  <testcase classname="ptolemy.util.test.junit.AutoTests" name="[199] /home/travis/build/icyphy/ptII/ptolemy/actor/lib/test/auto/LevelCrossTest4.xml (RunModel)" time="0.011" />
  <testcase classname="ptolemy.util.test.junit.AutoTests" name="[200] /home/travis/build/icyphy/ptII/ptolemy/actor/lib/test/auto/LevelCrossTest5.xml (RunModel)" time="0.011" />
  <testcase classname="ptolemy.util.test.junit.AutoTests" name="[201] /home/travis/build/icyphy/ptII/ptolemy/actor/lib/test/auto/LevelCrossTest6.xml (RunModel)" time="0.012" />
  <testcase classname="ptolemy.util.test.junit.AutoTests" name="[202] /home/travis/build/icyphy/ptII/ptolemy/actor/lib/test/auto/LevelCrossTest7.xml (RunModel)" time="0.015" />
  <testcase classname="ptolemy.util.test.junit.AutoTests" name="[203] /home/travis/build/icyphy/ptII/ptolemy/actor/lib/test/auto/LevelCrossTest8.xml (RunModel)" time="0.012" />
  <testcase classname="ptolemy.util.test.junit.AutoTests" name="[204] /home/travis/build/icyphy/ptII/ptolemy/actor/lib/test/auto/LevelCrossTest9.xml (RunModel)" time="0.013" />
  <testcase classname="ptolemy.util.test.junit.AutoTests" name="[205] /home/travis/build/icyphy/ptII/ptolemy/actor/lib/test/auto/LevinsonDurbin.xml (RunModel)" time="0.02" />
  <testcase classname="ptolemy.util.test.junit.AutoTests" name="[206] /home/travis/build/icyphy/ptII/ptolemy/actor/lib/test/auto/LevinsonDurbin2.xml (RunModel)" time="0.01" />
  <testcase classname="ptolemy.util.test.junit.AutoTests" name="[207] /home/travis/build/icyphy/ptII/ptolemy/actor/lib/test/auto/LevinsonDurbin3.xml (RunModel)" time="0.024" />
  <testcase classname="ptolemy.util.test.junit.AutoTests" name="[208] /home/travis/build/icyphy/ptII/ptolemy/actor/lib/test/auto/Limiter.xml (RunModel)" time="0.043" />
  <testcase classname="ptolemy.util.test.junit.AutoTests" name="[209] /home/travis/build/icyphy/ptII/ptolemy/actor/lib/test/auto/LinearDifferenceEquationSystem.xml (RunModel)" time="0.029" />
  <testcase classname="ptolemy.util.test.junit.AutoTests" name="[210] /home/travis/build/icyphy/ptII/ptolemy/actor/lib/test/auto/LookupTable.xml (RunModel)" time="0.01" />
  <testcase classname="ptolemy.util.test.junit.AutoTests" name="[211] /home/travis/build/icyphy/ptII/ptolemy/actor/lib/test/auto/MathFunction.xml (RunModel)" time="0.019" />
  <testcase classname="ptolemy.util.test.junit.AutoTests" name="[212] /home/travis/build/icyphy/ptII/ptolemy/actor/lib/test/auto/MathFunction2.xml (RunModel)" time="0.01" />
  <testcase classname="ptolemy.util.test.junit.AutoTests" name="[213] /home/travis/build/icyphy/ptII/ptolemy/actor/lib/test/auto/MathFunction3.xml (RunModel)" time="0.017" />
  <testcase classname="ptolemy.util.test.junit.AutoTests" name="[214] /home/travis/build/icyphy/ptII/ptolemy/actor/lib/test/auto/MatrixCropBoolean.xml (RunModel)" time="0.014" />
  <testcase classname="ptolemy.util.test.junit.AutoTests" name="[215] /home/travis/build/icyphy/ptII/ptolemy/actor/lib/test/auto/MatrixCropComplex.xml (RunModel)" time="0.012" />
  <testcase classname="ptolemy.util.test.junit.AutoTests" name="[216] /home/travis/build/icyphy/ptII/ptolemy/actor/lib/test/auto/MatrixCropDouble.xml (RunModel)" time="0.009" />
  <testcase classname="ptolemy.util.test.junit.AutoTests" name="[217] /home/travis/build/icyphy/ptII/ptolemy/actor/lib/test/auto/MatrixCropFix.xml (RunModel)" time="0.016" />
  <testcase classname="ptolemy.util.test.junit.AutoTests" name="[218] /home/travis/build/icyphy/ptII/ptolemy/actor/lib/test/auto/MatrixCropInt.xml (RunModel)" time="0.015" />
  <testcase classname="ptolemy.util.test.junit.AutoTests" name="[219] /home/travis/build/icyphy/ptII/ptolemy/actor/lib/test/auto/MatrixCropLong.xml (RunModel)" time="0.009" />
  <testcase classname="ptolemy.util.test.junit.AutoTests" name="[220] /home/travis/build/icyphy/ptII/ptolemy/actor/lib/test/auto/MatrixToArray.xml (RunModel)" time="0.106" />
  <testcase classname="ptolemy.util.test.junit.AutoTests" name="[221] /home/travis/build/icyphy/ptII/ptolemy/actor/lib/test/auto/MaxIndex.xml (RunModel)" time="0.012" />
  <testcase classname="ptolemy.util.test.junit.AutoTests" name="[222] /home/travis/build/icyphy/ptII/ptolemy/actor/lib/test/auto/Maximum.xml (RunModel)" time="0.016" />
  <testcase classname="ptolemy.util.test.junit.AutoTests" name="[223] /home/travis/build/icyphy/ptII/ptolemy/actor/lib/test/auto/MaximumComplex.xml (RunModel)" time="0.015" />
  <testcase classname="ptolemy.util.test.junit.AutoTests" name="[224] /home/travis/build/icyphy/ptII/ptolemy/actor/lib/test/auto/MethodCallTest.xml (RunModel)" time="0.022" />
  <testcase classname="ptolemy.util.test.junit.AutoTests" name="[225] /home/travis/build/icyphy/ptII/ptolemy/actor/lib/test/auto/Minimum.xml (RunModel)" time="0.015" />
  <testcase classname="ptolemy.util.test.junit.AutoTests" name="[226] /home/travis/build/icyphy/ptII/ptolemy/actor/lib/test/auto/MinimumComplex.xml (RunModel)" time="0.026" />
  <testcase classname="ptolemy.util.test.junit.AutoTests" name="[227] /home/travis/build/icyphy/ptII/ptolemy/actor/lib/test/auto/MinimumMultiports.xml (RunModel)" time="0.021" />
  <testcase classname="ptolemy.util.test.junit.AutoTests" name="[228] /home/travis/build/icyphy/ptII/ptolemy/actor/lib/test/auto/ModifyDate.xml (RunModel)" time="0.042" />
  <testcase classname="ptolemy.util.test.junit.AutoTests" name="[229] /home/travis/build/icyphy/ptII/ptolemy/actor/lib/test/auto/ModifyDate2.xml (RunModel)" time="0.027" />
  <testcase classname="ptolemy.util.test.junit.AutoTests" name="[230] /home/travis/build/icyphy/ptII/ptolemy/actor/lib/test/auto/MovingAverage.xml (RunModel)" time="0.012" />
  <testcase classname="ptolemy.util.test.junit.AutoTests" name="[231] /home/travis/build/icyphy/ptII/ptolemy/actor/lib/test/auto/MovingMaximum.xml (RunModel)" time="0.011" />
  <testcase classname="ptolemy.util.test.junit.AutoTests" name="[232] /home/travis/build/icyphy/ptII/ptolemy/actor/lib/test/auto/MultipleLinksToSameRelation.xml (RunModel)" time="0.008" />
  <testcase classname="ptolemy.util.test.junit.AutoTests" name="[233] /home/travis/build/icyphy/ptII/ptolemy/actor/lib/test/auto/MultipleLinksToSameRelationDE.xml (RunModel)" time="0.01" />
  <testcase classname="ptolemy.util.test.junit.AutoTests" name="[234] /home/travis/build/icyphy/ptII/ptolemy/actor/lib/test/auto/Multiplexor.xml (RunModel)" time="0.01" />
  <testcase classname="ptolemy.util.test.junit.AutoTests" name="[235] /home/travis/build/icyphy/ptII/ptolemy/actor/lib/test/auto/Multiplexor1.xml (RunModel)" time="0.01" />
  <testcase classname="ptolemy.util.test.junit.AutoTests" name="[236] /home/travis/build/icyphy/ptII/ptolemy/actor/lib/test/auto/Multiplexor2.xml (RunModel)" time="0.019" />
  <testcase classname="ptolemy.util.test.junit.AutoTests" name="[237] /home/travis/build/icyphy/ptII/ptolemy/actor/lib/test/auto/Multiplexor3.xml (RunModel)" time="0.008" />
  <testcase classname="ptolemy.util.test.junit.AutoTests" name="[238] /home/travis/build/icyphy/ptII/ptolemy/actor/lib/test/auto/MultiplexorDE.xml (RunModel)" time="0.016" />
  <testcase classname="ptolemy.util.test.junit.AutoTests" name="[239] /home/travis/build/icyphy/ptII/ptolemy/actor/lib/test/auto/MultiportBroadcastTest.xml (RunModel)" time="0.097" />
  <testcase classname="ptolemy.util.test.junit.AutoTests" name="[240] /home/travis/build/icyphy/ptII/ptolemy/actor/lib/test/auto/MultiportOutHangDuringGetWidth.xml (RunModel)" time="0.059" />
  <testcase classname="ptolemy.util.test.junit.AutoTests" name="[241] /home/travis/build/icyphy/ptII/ptolemy/actor/lib/test/auto/NilToken.xml (RunModel)" time="0.015" />
  <testcase classname="ptolemy.util.test.junit.AutoTests" name="[242] /home/travis/build/icyphy/ptII/ptolemy/actor/lib/test/auto/NilTokenNonStrictTest.xml (RunModel)" time="0.017" />
  <testcase classname="ptolemy.util.test.junit.AutoTests" name="[243] /home/travis/build/icyphy/ptII/ptolemy/actor/lib/test/auto/NilTokenRecord.xml (RunModel)" time="0.025" />
  <testcase classname="ptolemy.util.test.junit.AutoTests" name="[244] /home/travis/build/icyphy/ptII/ptolemy/actor/lib/test/auto/NilTokenTypeTest.xml (RunModel)" time="0.037" />
  <testcase classname="ptolemy.util.test.junit.AutoTests" name="[245] /home/travis/build/icyphy/ptII/ptolemy/actor/lib/test/auto/ObjectToken1.xml (RunModel)" time="0.009" />
  <testcase classname="ptolemy.util.test.junit.AutoTests" name="[246] /home/travis/build/icyphy/ptII/ptolemy/actor/lib/test/auto/OrderedMerge.xml (RunModel)" time="0.022" />
  <testcase classname="ptolemy.util.test.junit.AutoTests" name="[247] /home/travis/build/icyphy/ptII/ptolemy/actor/lib/test/auto/OrderedRecordDisassembler.xml (RunModel)" time="0.019" />
  <testcase classname="ptolemy.util.test.junit.AutoTests" name="[248] /home/travis/build/icyphy/ptII/ptolemy/actor/lib/test/auto/OrderedRecordDisassembler2.xml (RunModel)" time="0.022" />
  <testcase classname="ptolemy.util.test.junit.AutoTests" name="[249] /home/travis/build/icyphy/ptII/ptolemy/actor/lib/test/auto/OrderedRecordUpdater.xml (RunModel)" time="0.01" />
  <testcase classname="ptolemy.util.test.junit.AutoTests" name="[250] /home/travis/build/icyphy/ptII/ptolemy/actor/lib/test/auto/OrderedRecordUpdater2.xml (RunModel)" time="0.018" />
  <testcase classname="ptolemy.util.test.junit.AutoTests" name="[251] /home/travis/build/icyphy/ptII/ptolemy/actor/lib/test/auto/PhaseUnwrap.xml (RunModel)" time="0.011" />
  <testcase classname="ptolemy.util.test.junit.AutoTests" name="[252] /home/travis/build/icyphy/ptII/ptolemy/actor/lib/test/auto/PoissonClock.xml (RunModel)" time="0.01" />
  <testcase classname="ptolemy.util.test.junit.AutoTests" name="[253] /home/travis/build/icyphy/ptII/ptolemy/actor/lib/test/auto/PoissonClock2.xml (RunModel)" time="0.006" />
  <testcase classname="ptolemy.util.test.junit.AutoTests" name="[254] /home/travis/build/icyphy/ptII/ptolemy/actor/lib/test/auto/PoissonClock3.xml (RunModel)" time="0.025" />
  <testcase classname="ptolemy.util.test.junit.AutoTests" name="[255] /home/travis/build/icyphy/ptII/ptolemy/actor/lib/test/auto/PubSubWithInitialTokens.xml (RunModel)" time="0.017" />
  <testcase classname="ptolemy.util.test.junit.AutoTests" name="[256] /home/travis/build/icyphy/ptII/ptolemy/actor/lib/test/auto/PubSubWithInitialTokens2.xml (RunModel)" time="0.015" />
  <testcase classname="ptolemy.util.test.junit.AutoTests" name="[257] /home/travis/build/icyphy/ptII/ptolemy/actor/lib/test/auto/PublisherClassNoParameter.xml (RunModel)" time="0.027" />
  <testcase classname="ptolemy.util.test.junit.AutoTests" name="[258] /home/travis/build/icyphy/ptII/ptolemy/actor/lib/test/auto/PublisherClassParameter.xml (RunModel)" time="0.02" />
  <testcase classname="ptolemy.util.test.junit.AutoTests" name="[259] /home/travis/build/icyphy/ptII/ptolemy/actor/lib/test/auto/PublisherNonStrictTest.xml (RunModel)" time="0.016" />
  <testcase classname="ptolemy.util.test.junit.AutoTests" name="[260] /home/travis/build/icyphy/ptII/ptolemy/actor/lib/test/auto/PublisherPort1.xml (RunModel)" time="0.01" />
  <testcase classname="ptolemy.util.test.junit.AutoTests" name="[261] /home/travis/build/icyphy/ptII/ptolemy/actor/lib/test/auto/PublisherPort2.xml (RunModel)" time="0.008" />
  <testcase classname="ptolemy.util.test.junit.AutoTests" name="[262] /home/travis/build/icyphy/ptII/ptolemy/actor/lib/test/auto/PublisherPort3.xml (RunModel)" time="0.023" />
  <testcase classname="ptolemy.util.test.junit.AutoTests" name="[263] /home/travis/build/icyphy/ptII/ptolemy/actor/lib/test/auto/PublisherPort4.xml (RunModel)" time="0.014" />
  <testcase classname="ptolemy.util.test.junit.AutoTests" name="[264] /home/travis/build/icyphy/ptII/ptolemy/actor/lib/test/auto/PublisherPort5.xml (RunModel)" time="0.013" />
  <testcase classname="ptolemy.util.test.junit.AutoTests" name="[265] /home/travis/build/icyphy/ptII/ptolemy/actor/lib/test/auto/PublisherPort5LookAlike.xml (RunModel)" time="0.018" />
  <testcase classname="ptolemy.util.test.junit.AutoTests" name="[266] /home/travis/build/icyphy/ptII/ptolemy/actor/lib/test/auto/PublisherPort6.xml (RunModel)" time="0.011" />
  <testcase classname="ptolemy.util.test.junit.AutoTests" name="[267] /home/travis/build/icyphy/ptII/ptolemy/actor/lib/test/auto/PublisherPort7.xml (RunModel)" time="0.014" />
  <testcase classname="ptolemy.util.test.junit.AutoTests" name="[268] /home/travis/build/icyphy/ptII/ptolemy/actor/lib/test/auto/PublisherPort8.xml (RunModel)" time="0.023" />
  <testcase classname="ptolemy.util.test.junit.AutoTests" name="[269] /home/travis/build/icyphy/ptII/ptolemy/actor/lib/test/auto/PublisherPortSubscriberChannelVariablesAOC2.xml (RunModel)" time="0.033" />
  <testcase classname="ptolemy.util.test.junit.AutoTests" name="[270] /home/travis/build/icyphy/ptII/ptolemy/actor/lib/test/auto/PublisherPortSubscriberOpaqueWidthInference.xml (RunModel)" time="0.015" />
  <testcase classname="ptolemy.util.test.junit.AutoTests" name="[271] /home/travis/build/icyphy/ptII/ptolemy/actor/lib/test/auto/PublisherPortSubscriberPortAdjacent.xml (RunModel)" time="0.017" />
  <testcase classname="ptolemy.util.test.junit.AutoTests" name="[272] /home/travis/build/icyphy/ptII/ptolemy/actor/lib/test/auto/PublisherPortSubscriberPortExpression.xml (RunModel)" time="0.016" />
  <testcase classname="ptolemy.util.test.junit.AutoTests" name="[273] /home/travis/build/icyphy/ptII/ptolemy/actor/lib/test/auto/PublisherPortSubscriberPortOpaqueD3Reverse.xml (RunModel)" time="0.034" />
  <testcase classname="ptolemy.util.test.junit.AutoTests" name="[274] /home/travis/build/icyphy/ptII/ptolemy/actor/lib/test/auto/PublisherPortSubscriberPortOpaqueWidthInference.xml (RunModel)" time="0.018" />
  <testcase classname="ptolemy.util.test.junit.AutoTests" name="[275] /home/travis/build/icyphy/ptII/ptolemy/actor/lib/test/auto/PublisherPortToplevelSubscriberPortAOC.xml (RunModel)" time="0.009" />
  <testcase classname="ptolemy.util.test.junit.AutoTests" name="[276] /home/travis/build/icyphy/ptII/ptolemy/actor/lib/test/auto/PublisherSubscriber.xml (RunModel)" time="0.012" />
  <testcase classname="ptolemy.util.test.junit.AutoTests" name="[277] /home/travis/build/icyphy/ptII/ptolemy/actor/lib/test/auto/PublisherSubscriber10.xml (RunModel)" time="0.026" />
  <testcase classname="ptolemy.util.test.junit.AutoTests" name="[278] /home/travis/build/icyphy/ptII/ptolemy/actor/lib/test/auto/PublisherSubscriber10InitialOutputs.xml (RunModel)" time="0.03" />
  <testcase classname="ptolemy.util.test.junit.AutoTests" name="[279] /home/travis/build/icyphy/ptII/ptolemy/actor/lib/test/auto/PublisherSubscriber11.xml (RunModel)" time="0.026" />
  <testcase classname="ptolemy.util.test.junit.AutoTests" name="[280] /home/travis/build/icyphy/ptII/ptolemy/actor/lib/test/auto/PublisherSubscriber12.xml (RunModel)" time="0.025" />
  <testcase classname="ptolemy.util.test.junit.AutoTests" name="[281] /home/travis/build/icyphy/ptII/ptolemy/actor/lib/test/auto/PublisherSubscriber13.xml (RunModel)" time="0.009" />
  <testcase classname="ptolemy.util.test.junit.AutoTests" name="[282] /home/travis/build/icyphy/ptII/ptolemy/actor/lib/test/auto/PublisherSubscriber14.xml (RunModel)" time="0.016" />
  <testcase classname="ptolemy.util.test.junit.AutoTests" name="[283] /home/travis/build/icyphy/ptII/ptolemy/actor/lib/test/auto/PublisherSubscriber2.xml (RunModel)" time="0.009" />
  <testcase classname="ptolemy.util.test.junit.AutoTests" name="[284] /home/travis/build/icyphy/ptII/ptolemy/actor/lib/test/auto/PublisherSubscriber3.xml (RunModel)" time="0.008" />
  <testcase classname="ptolemy.util.test.junit.AutoTests" name="[285] /home/travis/build/icyphy/ptII/ptolemy/actor/lib/test/auto/PublisherSubscriber4.xml (RunModel)" time="0.008" />
  <testcase classname="ptolemy.util.test.junit.AutoTests" name="[286] /home/travis/build/icyphy/ptII/ptolemy/actor/lib/test/auto/PublisherSubscriber5.xml (RunModel)" time="0.012" />
  <testcase classname="ptolemy.util.test.junit.AutoTests" name="[287] /home/travis/build/icyphy/ptII/ptolemy/actor/lib/test/auto/PublisherSubscriber6.xml (RunModel)" time="0.013" />
  <testcase classname="ptolemy.util.test.junit.AutoTests" name="[288] /home/travis/build/icyphy/ptII/ptolemy/actor/lib/test/auto/PublisherSubscriber7.xml (RunModel)" time="0.022" />
  <testcase classname="ptolemy.util.test.junit.AutoTests" name="[289] /home/travis/build/icyphy/ptII/ptolemy/actor/lib/test/auto/PublisherSubscriber8.xml (RunModel)" time="0.03" />
  <testcase classname="ptolemy.util.test.junit.AutoTests" name="[290] /home/travis/build/icyphy/ptII/ptolemy/actor/lib/test/auto/PublisherSubscriber9.xml (RunModel)" time="0.015" />
  <testcase classname="ptolemy.util.test.junit.AutoTests" name="[291] /home/travis/build/icyphy/ptII/ptolemy/actor/lib/test/auto/PublisherSubscriberAdjacent.xml (RunModel)" time="0.015" />
  <testcase classname="ptolemy.util.test.junit.AutoTests" name="[292] /home/travis/build/icyphy/ptII/ptolemy/actor/lib/test/auto/PublisherSubscriberChannelVariablesAOC2.xml (RunModel)" time="0.039" />
  <testcase classname="ptolemy.util.test.junit.AutoTests" name="[293] /home/travis/build/icyphy/ptII/ptolemy/actor/lib/test/auto/PublisherSubscriberD3.xml (RunModel)" time="0.013" />
  <testcase classname="ptolemy.util.test.junit.AutoTests" name="[294] /home/travis/build/icyphy/ptII/ptolemy/actor/lib/test/auto/PublisherSubscriberD3Reverse.xml (RunModel)" time="0.016" />
  <testcase classname="ptolemy.util.test.junit.AutoTests" name="[295] /home/travis/build/icyphy/ptII/ptolemy/actor/lib/test/auto/PublisherSubscriberExpression.xml (RunModel)" time="0.018" />
  <testcase classname="ptolemy.util.test.junit.AutoTests" name="[296] /home/travis/build/icyphy/ptII/ptolemy/actor/lib/test/auto/PublisherSubscriberOpaque.xml (RunModel)" time="0.019" />
  <testcase classname="ptolemy.util.test.junit.AutoTests" name="[297] /home/travis/build/icyphy/ptII/ptolemy/actor/lib/test/auto/PublisherSubscriberOpaqueD3.xml (RunModel)" time="0.023" />
  <testcase classname="ptolemy.util.test.junit.AutoTests" name="[298] /home/travis/build/icyphy/ptII/ptolemy/actor/lib/test/auto/PublisherSubscriberOpaqueD3Reverse.xml (RunModel)" time="0.023" />
  <testcase classname="ptolemy.util.test.junit.AutoTests" name="[299] /home/travis/build/icyphy/ptII/ptolemy/actor/lib/test/auto/PublisherSubscriberOpaqueWidthInference.xml (RunModel)" time="0.015" />
  <testcase classname="ptolemy.util.test.junit.AutoTests" name="[300] /home/travis/build/icyphy/ptII/ptolemy/actor/lib/test/auto/PublisherTestSubscriber.xml (RunModel)" time="0.017" />
  <testcase classname="ptolemy.util.test.junit.AutoTests" name="[301] /home/travis/build/icyphy/ptII/ptolemy/actor/lib/test/auto/PublisherToplevelSubscriberPortAOC.xml (RunModel)" time="0.016" />
  <testcase classname="ptolemy.util.test.junit.AutoTests" name="[302] /home/travis/build/icyphy/ptII/ptolemy/actor/lib/test/auto/PulseFiringLimitDE.xml (RunModel)" time="0.014" />
  <testcase classname="ptolemy.util.test.junit.AutoTests" name="[303] /home/travis/build/icyphy/ptII/ptolemy/actor/lib/test/auto/Ramp1.xml (RunModel)" time="0.006" />
  <testcase classname="ptolemy.util.test.junit.AutoTests" name="[304] /home/travis/build/icyphy/ptII/ptolemy/actor/lib/test/auto/RampFiringLimitDE.xml (RunModel)" time="0.01" />
  <testcase classname="ptolemy.util.test.junit.AutoTests" name="[305] /home/travis/build/icyphy/ptII/ptolemy/actor/lib/test/auto/RampFiringLimitSDF.xml (RunModel)" time="0.009" />
  <testcase classname="ptolemy.util.test.junit.AutoTests" name="[306] /home/travis/build/icyphy/ptII/ptolemy/actor/lib/test/auto/RandomInteger.xml (RunModel)" time="0.008" />
  <testcase classname="ptolemy.util.test.junit.AutoTests" name="[307] /home/travis/build/icyphy/ptII/ptolemy/actor/lib/test/auto/ReadFile1.xml (RunModel)" time="0.008" />
  <testcase classname="ptolemy.util.test.junit.AutoTests" name="[308] /home/travis/build/icyphy/ptII/ptolemy/actor/lib/test/auto/ReadFile2.xml (RunModel)" time="0.007" />
  <testcase classname="ptolemy.util.test.junit.AutoTests" name="[309] /home/travis/build/icyphy/ptII/ptolemy/actor/lib/test/auto/Reader.xml (RunModel)" time="0.015" />
  <testcase classname="ptolemy.util.test.junit.AutoTests" name="[310] /home/travis/build/icyphy/ptII/ptolemy/actor/lib/test/auto/RecordAssemblerDisplayNameTest.xml (RunModel)" time="3.42" />
  <testcase classname="ptolemy.util.test.junit.AutoTests" name="[311] /home/travis/build/icyphy/ptII/ptolemy/actor/lib/test/auto/RecordAssemblerTypeError.xml (RunModel)" time="0.034" />
  <testcase classname="ptolemy.util.test.junit.AutoTests" name="[312] /home/travis/build/icyphy/ptII/ptolemy/actor/lib/test/auto/RecordDisassember.xml (RunModel)" time="0.017" />
  <testcase classname="ptolemy.util.test.junit.AutoTests" name="[313] /home/travis/build/icyphy/ptII/ptolemy/actor/lib/test/auto/RecordDisassemberDisplayNameTest.xml (RunModel)" time="0.027" />
  <testcase classname="ptolemy.util.test.junit.AutoTests" name="[314] /home/travis/build/icyphy/ptII/ptolemy/actor/lib/test/auto/RecordDisassembler.xml (RunModel)" time="0.015" />
  <testcase classname="ptolemy.util.test.junit.AutoTests" name="[315] /home/travis/build/icyphy/ptII/ptolemy/actor/lib/test/auto/RecordDisassembler2.xml (RunModel)" time="0.009" />
  <testcase classname="ptolemy.util.test.junit.AutoTests" name="[316] /home/travis/build/icyphy/ptII/ptolemy/actor/lib/test/auto/RecordUpdater.xml (RunModel)" time="0.008" />
  <testcase classname="ptolemy.util.test.junit.AutoTests" name="[317] /home/travis/build/icyphy/ptII/ptolemy/actor/lib/test/auto/RecordUpdater2.xml (RunModel)" time="0.008" />
  <testcase classname="ptolemy.util.test.junit.AutoTests" name="[318] /home/travis/build/icyphy/ptII/ptolemy/actor/lib/test/auto/RecursiveLattice.xml (RunModel)" time="0.007" />
  <testcase classname="ptolemy.util.test.junit.AutoTests" name="[319] /home/travis/build/icyphy/ptII/ptolemy/actor/lib/test/auto/Router.xml (RunModel)" time="3.024" />
  <testcase classname="ptolemy.util.test.junit.AutoTests" name="[320] /home/travis/build/icyphy/ptII/ptolemy/actor/lib/test/auto/Router2.xml (RunModel)" time="3.033" />
  <testcase classname="ptolemy.util.test.junit.AutoTests" name="[321] /home/travis/build/icyphy/ptII/ptolemy/actor/lib/test/auto/RunningMaximum.xml (RunModel)" time="0.013" />
  <testcase classname="ptolemy.util.test.junit.AutoTests" name="[322] /home/travis/build/icyphy/ptII/ptolemy/actor/lib/test/auto/RunningMinimum.xml (RunModel)" time="0.02" />
  <testcase classname="ptolemy.util.test.junit.AutoTests" name="[323] /home/travis/build/icyphy/ptII/ptolemy/actor/lib/test/auto/Scale.xml (RunModel)" time="0.014" />
  <testcase classname="ptolemy.util.test.junit.AutoTests" name="[324] /home/travis/build/icyphy/ptII/ptolemy/actor/lib/test/auto/Scale2.xml (RunModel)" time="0.008" />
  <testcase classname="ptolemy.util.test.junit.AutoTests" name="[325] /home/travis/build/icyphy/ptII/ptolemy/actor/lib/test/auto/Scale3.xml (RunModel)" time="0.017" />
  <testcase classname="ptolemy.util.test.junit.AutoTests" name="[326] /home/travis/build/icyphy/ptII/ptolemy/actor/lib/test/auto/ScaleArray.xml (RunModel)" time="0.008" />
  <testcase classname="ptolemy.util.test.junit.AutoTests" name="[327] /home/travis/build/icyphy/ptII/ptolemy/actor/lib/test/auto/ScaleArray2.xml (RunModel)" time="0.008" />
  <testcase classname="ptolemy.util.test.junit.AutoTests" name="[328] /home/travis/build/icyphy/ptII/ptolemy/actor/lib/test/auto/ScaleMatrix.xml (RunModel)" time="0.156" />
  <testcase classname="ptolemy.util.test.junit.AutoTests" name="[329] /home/travis/build/icyphy/ptII/ptolemy/actor/lib/test/auto/Select.xml (RunModel)" time="0.017" />
  <testcase classname="ptolemy.util.test.junit.AutoTests" name="[330] /home/travis/build/icyphy/ptII/ptolemy/actor/lib/test/auto/Select2.xml (RunModel)" time="0.008" />
  <testcase classname="ptolemy.util.test.junit.AutoTests" name="[331] /home/travis/build/icyphy/ptII/ptolemy/actor/lib/test/auto/SequenceToArray2.xml (RunModel)" time="0.127" />
  <testcase classname="ptolemy.util.test.junit.AutoTests" name="[332] /home/travis/build/icyphy/ptII/ptolemy/actor/lib/test/auto/SequentialClock.xml (RunModel)" time="0.006" />
  <testcase classname="ptolemy.util.test.junit.AutoTests" name="[333] /home/travis/build/icyphy/ptII/ptolemy/actor/lib/test/auto/SetVariable.xml (RunModel)" time="0.009" />
  <testcase classname="ptolemy.util.test.junit.AutoTests" name="[334] /home/travis/build/icyphy/ptII/ptolemy/actor/lib/test/auto/SetVariable2.xml (RunModel)" time="0.01" />
  <testcase classname="ptolemy.util.test.junit.AutoTests" name="[335] /home/travis/build/icyphy/ptII/ptolemy/actor/lib/test/auto/SetVariable3.xml (RunModel)" time="0.015" />
  <testcase classname="ptolemy.util.test.junit.AutoTests" name="[336] /home/travis/build/icyphy/ptII/ptolemy/actor/lib/test/auto/SetVariable4.xml (RunModel)" time="0.031" />
  <testcase classname="ptolemy.util.test.junit.AutoTests" name="[337] /home/travis/build/icyphy/ptII/ptolemy/actor/lib/test/auto/SetVariable5.xml (RunModel)" time="0.037" />
  <testcase classname="ptolemy.util.test.junit.AutoTests" name="[338] /home/travis/build/icyphy/ptII/ptolemy/actor/lib/test/auto/Sinewave.xml (RunModel)" time="0.029" />
  <testcase classname="ptolemy.util.test.junit.AutoTests" name="[339] /home/travis/build/icyphy/ptII/ptolemy/actor/lib/test/auto/Sinewave2.xml (RunModel)" time="0.016" />
  <testcase classname="ptolemy.util.test.junit.AutoTests" name="[340] /home/travis/build/icyphy/ptII/ptolemy/actor/lib/test/auto/Sinewave3.xml (RunModel)" time="0.024" />
  <testcase classname="ptolemy.util.test.junit.AutoTests" name="[341] /home/travis/build/icyphy/ptII/ptolemy/actor/lib/test/auto/SingleEvent.xml (RunModel)" time="0.011" />
  <testcase classname="ptolemy.util.test.junit.AutoTests" name="[342] /home/travis/build/icyphy/ptII/ptolemy/actor/lib/test/auto/Sleep.xml (RunModel)" time="6.017" />
  <testcase classname="ptolemy.util.test.junit.AutoTests" name="[343] /home/travis/build/icyphy/ptII/ptolemy/actor/lib/test/auto/SleepMultipleFire.xml (RunModel)" time="1.018" />
  <testcase classname="ptolemy.util.test.junit.AutoTests" name="[344] /home/travis/build/icyphy/ptII/ptolemy/actor/lib/test/auto/StopDE.xml (RunModel)" time="0.011" />
  <testcase classname="ptolemy.util.test.junit.AutoTests" name="[345] /home/travis/build/icyphy/ptII/ptolemy/actor/lib/test/auto/StopSDF.xml (RunModel)" time="0.017" />
  <testcase classname="ptolemy.util.test.junit.AutoTests" name="[346] /home/travis/build/icyphy/ptII/ptolemy/actor/lib/test/auto/StringConstant.xml (RunModel)" time="0.019" />
  <testcase classname="ptolemy.util.test.junit.AutoTests" name="[347] /home/travis/build/icyphy/ptII/ptolemy/actor/lib/test/auto/SubscriberPortInitialValues1.xml (RunModel)" time="0.023" />
  <testcase classname="ptolemy.util.test.junit.AutoTests" name="[348] /home/travis/build/icyphy/ptII/ptolemy/actor/lib/test/auto/SubscriberPortInitialValues13.xml (RunModel)" time="0.027" />
  <testcase classname="ptolemy.util.test.junit.AutoTests" name="[349] /home/travis/build/icyphy/ptII/ptolemy/actor/lib/test/auto/SubscriberPortInitialValues14.xml (RunModel)" time="0.02" />
  <testcase classname="ptolemy.util.test.junit.AutoTests" name="[350] /home/travis/build/icyphy/ptII/ptolemy/actor/lib/test/auto/SubscriberPortInitialValues2.xml (RunModel)" time="0.017" />
  <testcase classname="ptolemy.util.test.junit.AutoTests" name="[351] /home/travis/build/icyphy/ptII/ptolemy/actor/lib/test/auto/SubscriberPortInitialValues3.xml (RunModel)" time="0.018" />
  <testcase classname="ptolemy.util.test.junit.AutoTests" name="[352] /home/travis/build/icyphy/ptII/ptolemy/actor/lib/test/auto/SubscriptionAggregator.xml (RunModel)" time="0.011" />
  <testcase classname="ptolemy.util.test.junit.AutoTests" name="[353] /home/travis/build/icyphy/ptII/ptolemy/actor/lib/test/auto/SubscriptionAggregator2.xml (RunModel)" time="0.011" />
  <testcase classname="ptolemy.util.test.junit.AutoTests" name="[354] /home/travis/build/icyphy/ptII/ptolemy/actor/lib/test/auto/SubscriptionAggregator3.xml (RunModel)" time="0.016" />
  <testcase classname="ptolemy.util.test.junit.AutoTests" name="[355] /home/travis/build/icyphy/ptII/ptolemy/actor/lib/test/auto/SubscriptionAggregatorMultiply.xml (RunModel)" time="0.014" />
  <testcase classname="ptolemy.util.test.junit.AutoTests" name="[356] /home/travis/build/icyphy/ptII/ptolemy/actor/lib/test/auto/SubscriptionAggregatorPortMultiply1.xml (RunModel)" time="0.013" />
  <testcase classname="ptolemy.util.test.junit.AutoTests" name="[357] /home/travis/build/icyphy/ptII/ptolemy/actor/lib/test/auto/Switch.xml (RunModel)" time="0.015" />
  <testcase classname="ptolemy.util.test.junit.AutoTests" name="[358] /home/travis/build/icyphy/ptII/ptolemy/actor/lib/test/auto/Switch2.xml (RunModel)" time="0.012" />
  <testcase classname="ptolemy.util.test.junit.AutoTests" name="[359] /home/travis/build/icyphy/ptII/ptolemy/actor/lib/test/auto/SwitchDE.xml (RunModel)" time="0.011" />
  <testcase classname="ptolemy.util.test.junit.AutoTests" name="[360] /home/travis/build/icyphy/ptII/ptolemy/actor/lib/test/auto/SynchronizerDE.xml (RunModel)" time="0.018" />
  <testcase classname="ptolemy.util.test.junit.AutoTests" name="[361] /home/travis/build/icyphy/ptII/ptolemy/actor/lib/test/auto/Test.xml (RunModel)" time="0.008" />
  <testcase classname="ptolemy.util.test.junit.AutoTests" name="[362] /home/travis/build/icyphy/ptII/ptolemy/actor/lib/test/auto/TestExceptionAttribute1.xml (RunModel)" time="0.007" />
  <testcase classname="ptolemy.util.test.junit.AutoTests" name="[363] /home/travis/build/icyphy/ptII/ptolemy/actor/lib/test/auto/TestExceptionAttribute2.xml (RunModel)" time="0.007" />
  <testcase classname="ptolemy.util.test.junit.AutoTests" name="[364] /home/travis/build/icyphy/ptII/ptolemy/actor/lib/test/auto/TestExceptionAttribute3.xml (RunModel)" time="0.011" />
  <testcase classname="ptolemy.util.test.junit.AutoTests" name="[365] /home/travis/build/icyphy/ptII/ptolemy/actor/lib/test/auto/TestExceptionAttribute4.xml (RunModel)" time="0.007" />
  <testcase classname="ptolemy.util.test.junit.AutoTests" name="[366] /home/travis/build/icyphy/ptII/ptolemy/actor/lib/test/auto/TestExceptionHandler1.xml (RunModel)" time="0.008" />
  <testcase classname="ptolemy.util.test.junit.AutoTests" name="[367] /home/travis/build/icyphy/ptII/ptolemy/actor/lib/test/auto/TestExceptionHandler2.xml (RunModel)" time="0.009" />
  <testcase classname="ptolemy.util.test.junit.AutoTests" name="[368] /home/travis/build/icyphy/ptII/ptolemy/actor/lib/test/auto/TestExceptionHandler3.xml (RunModel)" time="0.006" />
  <testcase classname="ptolemy.util.test.junit.AutoTests" name="[369] /home/travis/build/icyphy/ptII/ptolemy/actor/lib/test/auto/TestExceptionHandler4.xml (RunModel)" time="0.006" />
  <testcase classname="ptolemy.util.test.junit.AutoTests" name="[370] /home/travis/build/icyphy/ptII/ptolemy/actor/lib/test/auto/TestRequireCorrectOrder.xml (RunModel)" time="0.016" />
  <testcase classname="ptolemy.util.test.junit.AutoTests" name="[371] /home/travis/build/icyphy/ptII/ptolemy/actor/lib/test/auto/TestSimple.xml (RunModel)" time="0.006" />
  <testcase classname="ptolemy.util.test.junit.AutoTests" name="[372] /home/travis/build/icyphy/ptII/ptolemy/actor/lib/test/auto/ThrowModelError.xml (RunModel)" time="0.01" />
  <testcase classname="ptolemy.util.test.junit.AutoTests" name="[373] /home/travis/build/icyphy/ptII/ptolemy/actor/lib/test/auto/TimeDelayMicrosteps.xml (RunModel)" time="0.012" />
  <testcase classname="ptolemy.util.test.junit.AutoTests" name="[374] /home/travis/build/icyphy/ptII/ptolemy/actor/lib/test/auto/TimeDelayMicrosteps2.xml (RunModel)" time="0.014" />
  <testcase classname="ptolemy.util.test.junit.AutoTests" name="[375] /home/travis/build/icyphy/ptII/ptolemy/actor/lib/test/auto/TimeDelayMicrosteps3.xml (RunModel)" time="0.012" />
  <testcase classname="ptolemy.util.test.junit.AutoTests" name="[376] /home/travis/build/icyphy/ptII/ptolemy/actor/lib/test/auto/TimeDelayVariableMicrosteps.xml (RunModel)" time="0.011" />
  <testcase classname="ptolemy.util.test.junit.AutoTests" name="[377] /home/travis/build/icyphy/ptII/ptolemy/actor/lib/test/auto/TimeGap.xml (RunModel)" time="0.014" />
  <testcase classname="ptolemy.util.test.junit.AutoTests" name="[378] /home/travis/build/icyphy/ptII/ptolemy/actor/lib/test/auto/TimeGap2.xml (RunModel)" time="0.01" />
  <testcase classname="ptolemy.util.test.junit.AutoTests" name="[379] /home/travis/build/icyphy/ptII/ptolemy/actor/lib/test/auto/TimedSinewave.xml (RunModel)" time="0.054" />
  <testcase classname="ptolemy.util.test.junit.AutoTests" name="[380] /home/travis/build/icyphy/ptII/ptolemy/actor/lib/test/auto/TimedSinewavePhase.xml (RunModel)" time="0.036" />
  <testcase classname="ptolemy.util.test.junit.AutoTests" name="[381] /home/travis/build/icyphy/ptII/ptolemy/actor/lib/test/auto/Timer.xml (RunModel)" time="0.022" />
  <testcase classname="ptolemy.util.test.junit.AutoTests" name="[382] /home/travis/build/icyphy/ptII/ptolemy/actor/lib/test/auto/TriangularDistTestModel.xml (RunModel)" time="0.056" />
  <testcase classname="ptolemy.util.test.junit.AutoTests" name="[383] /home/travis/build/icyphy/ptII/ptolemy/actor/lib/test/auto/TrigFunction.xml (RunModel)" time="0.008" />
  <testcase classname="ptolemy.util.test.junit.AutoTests" name="[384] /home/travis/build/icyphy/ptII/ptolemy/actor/lib/test/auto/TrigFunctionDE.xml (RunModel)" time="0.01" />
  <testcase classname="ptolemy.util.test.junit.AutoTests" name="[385] /home/travis/build/icyphy/ptII/ptolemy/actor/lib/test/auto/TrigFunctionInverse.xml (RunModel)" time="0.009" />
  <testcase classname="ptolemy.util.test.junit.AutoTests" name="[386] /home/travis/build/icyphy/ptII/ptolemy/actor/lib/test/auto/TrigFunctionTan.xml (RunModel)" time="0.006" />
  <testcase classname="ptolemy.util.test.junit.AutoTests" name="[387] /home/travis/build/icyphy/ptII/ptolemy/actor/lib/test/auto/TriggeredClock.xml (RunModel)" time="0.007" />
  <testcase classname="ptolemy.util.test.junit.AutoTests" name="[388] /home/travis/build/icyphy/ptII/ptolemy/actor/lib/test/auto/URLDirectoryReader.xml (RunModel)" time="0.105" />
  <testcase classname="ptolemy.util.test.junit.AutoTests" name="[389] /home/travis/build/icyphy/ptII/ptolemy/actor/lib/test/auto/URLDirectoryReader3.xml (RunModel)" time="0.137">
    <error type="java.lang.reflect.InvocationTargetException">java.lang.reflect.InvocationTargetException
	at jdk.internal.reflect.GeneratedConstructorAccessor36.newInstance(Unknown Source)
	at java.base/jdk.internal.reflect.DelegatingConstructorAccessorImpl.newInstance(DelegatingConstructorAccessorImpl.java:45)
	at java.base/java.lang.reflect.Constructor.newInstance(Constructor.java:490)
	at ptolemy.util.test.junit.AutoTests.RunModel(AutoTests.java:193)
	at jdk.internal.reflect.GeneratedMethodAccessor43.invoke(Unknown Source)
	at java.base/jdk.internal.reflect.DelegatingMethodAccessorImpl.invoke(DelegatingMethodAccessorImpl.java:43)
	at junitparams.internal.InvokeParameterisedMethod.evaluate(InvokeParameterisedMethod.java:102)
Caused by: ptolemy.kernel.util.IllegalActionException: Error evaluating expression:
&quot;http://ptolemy.eecs.berkeley.edu/ptolemyII/ptII1.0/ptII1.0/&quot;
  in .URLDirectoryReader3.URLDirectoryReader.sourceURL
Because:
Failed to evaluate sourceURL &apos;&quot;http://ptolemy.eecs.berkeley.edu/ptolemyII/ptII1.0/ptII1.0/&quot;&apos;
  in .URLDirectoryReader3.URLDirectoryReader
Because:
Server returned HTTP response code: 503 for URL: http://ptolemy.eecs.berkeley.edu/ptolemyII/ptII1.0/ptII1.0/
  in .URLDirectoryReader3.URLDirectoryReader.sourceURL
Because:
Error evaluating expression:
&quot;http://ptolemy.eecs.berkeley.edu/ptolemyII/ptII1.0/ptII1.0/&quot;
  in .URLDirectoryReader3.URLDirectoryReader.sourceURL
Because:
Failed to evaluate sourceURL &apos;&quot;http://ptolemy.eecs.berkeley.edu/ptolemyII/ptII1.0/ptII1.0/&quot;&apos;
  in .URLDirectoryReader3.URLDirectoryReader
Because:
Server returned HTTP response code: 503 for URL: http://ptolemy.eecs.berkeley.edu/ptolemyII/ptII1.0/ptII1.0/
	at ptolemy.data.expr.Variable.validate(Variable.java:1619)
	at ptolemy.moml.MoMLParser.endDocument(MoMLParser.java:867)
	at com.microstar.xml.XmlParser.doParse(XmlParser.java:162)
	at com.microstar.xml.XmlParser.parse(XmlParser.java:132)
	at ptolemy.moml.MoMLParser.parse(MoMLParser.java:1660)
	at ptolemy.moml.MoMLParser.parse(MoMLParser.java:1595)
	at ptolemy.moml.MoMLParser.parse(MoMLParser.java:1537)
	at ptolemy.moml.MoMLSimpleApplication.&lt;init&gt;(MoMLSimpleApplication.java:123)
Caused by: ptolemy.kernel.util.IllegalActionException: Error evaluating expression:
&quot;http://ptolemy.eecs.berkeley.edu/ptolemyII/ptII1.0/ptII1.0/&quot;
  in .URLDirectoryReader3.URLDirectoryReader.sourceURL
Because:
Failed to evaluate sourceURL &apos;&quot;http://ptolemy.eecs.berkeley.edu/ptolemyII/ptII1.0/ptII1.0/&quot;&apos;
  in .URLDirectoryReader3.URLDirectoryReader
Because:
Server returned HTTP response code: 503 for URL: http://ptolemy.eecs.berkeley.edu/ptolemyII/ptII1.0/ptII1.0/
	at ptolemy.data.expr.Variable._evaluate(Variable.java:1891)
	at ptolemy.data.expr.Variable._propagate(Variable.java:1984)
	at ptolemy.data.expr.Variable.validate(Variable.java:1596)
Caused by: ptolemy.kernel.util.IllegalActionException: Failed to evaluate sourceURL &apos;&quot;http://ptolemy.eecs.berkeley.edu/ptolemyII/ptII1.0/ptII1.0/&quot;&apos;
  in .URLDirectoryReader3.URLDirectoryReader
Because:
Server returned HTTP response code: 503 for URL: http://ptolemy.eecs.berkeley.edu/ptolemyII/ptII1.0/ptII1.0/
	at ptolemy.actor.lib.URLReader.attributeChanged(URLReader.java:165)
	at ptolemy.actor.lib.URLDirectoryReader.attributeChanged(URLDirectoryReader.java:153)
	at ptolemy.data.expr.Variable._setTokenAndNotify(Variable.java:2271)
	at ptolemy.data.expr.Variable._evaluate(Variable.java:1873)
Caused by: java.io.IOException: Server returned HTTP response code: 503 for URL: http://ptolemy.eecs.berkeley.edu/ptolemyII/ptII1.0/ptII1.0/
	at java.base/sun.net.www.protocol.http.HttpURLConnection.getInputStream0(HttpURLConnection.java:1913)
	at java.base/sun.net.www.protocol.http.HttpURLConnection.getInputStream(HttpURLConnection.java:1509)
	at java.base/java.net.URL.openStream(URL.java:1117)
	at ptolemy.actor.lib.URLReader.attributeChanged(URLReader.java:160)
</error>
  </testcase>
  <testcase classname="ptolemy.util.test.junit.AutoTests" name="[390] /home/travis/build/icyphy/ptII/ptolemy/actor/lib/test/auto/UnaryMathFunction.xml (RunModel)" time="0.027" />
  <testcase classname="ptolemy.util.test.junit.AutoTests" name="[391] /home/travis/build/icyphy/ptII/ptolemy/actor/lib/test/auto/Uniform.xml (RunModel)" time="0.009" />
  <testcase classname="ptolemy.util.test.junit.AutoTests" name="[392] /home/travis/build/icyphy/ptII/ptolemy/actor/lib/test/auto/UnionDisassemblerTest.xml (RunModel)" time="0.015" />
  <testcase classname="ptolemy.util.test.junit.AutoTests" name="[393] /home/travis/build/icyphy/ptII/ptolemy/actor/lib/test/auto/UtilityFunctions.xml (RunModel)" time="0.01" />
  <testcase classname="ptolemy.util.test.junit.AutoTests" name="[394] /home/travis/build/icyphy/ptII/ptolemy/actor/lib/test/auto/VariableSleep.xml (RunModel)" time="0.517" />
  <testcase classname="ptolemy.util.test.junit.AutoTests" name="[395] /home/travis/build/icyphy/ptII/ptolemy/actor/lib/test/auto/VectorAssemblerDisassemblerCT.xml (RunModel)" time="0.144" />
  <testcase classname="ptolemy.util.test.junit.AutoTests" name="[396] /home/travis/build/icyphy/ptII/ptolemy/actor/lib/test/auto/VectorAssemblerDisassemblerDE.xml (RunModel)" time="0.028" />
  <testcase classname="ptolemy.util.test.junit.AutoTests" name="[397] /home/travis/build/icyphy/ptII/ptolemy/actor/lib/test/auto/VectorAssemblerDisassemblerSDF.xml (RunModel)" time="0.04" />
  <testcase classname="ptolemy.util.test.junit.AutoTests" name="[398] /home/travis/build/icyphy/ptII/ptolemy/actor/lib/test/auto/WallClockTime.xml (RunModel)" time="1.02" />
  <testcase classname="ptolemy.util.test.junit.AutoTests" name="[399] /home/travis/build/icyphy/ptII/ptolemy/actor/lib/test/auto/WidthTestWithSubscriberPublisher.xml (RunModel)" time="0.038" />
  <testcase classname="ptolemy.util.test.junit.AutoTests" name="[400] /home/travis/build/icyphy/ptII/ptolemy/actor/lib/test/auto/WidthTestWithSubscriberPublisher2.xml (RunModel)" time="0.015" />
  <testcase classname="ptolemy.util.test.junit.AutoTests" name="[401] /home/travis/build/icyphy/ptII/ptolemy/actor/lib/test/auto/WidthTestWithSubscriberPublisher3.xml (RunModel)" time="0.01" />
  <testcase classname="ptolemy.util.test.junit.AutoTests" name="[402] /home/travis/build/icyphy/ptII/ptolemy/actor/lib/test/auto/Writer.xml (RunModel)" time="0.007" />
  <testcase classname="ptolemy.util.test.junit.AutoTests" name="[403] /home/travis/build/icyphy/ptII/ptolemy/actor/lib/test/auto/array.xml (RunModel)" time="0.024" />
  <testcase classname="ptolemy.util.test.junit.AutoTests" name="[404] /home/travis/build/icyphy/ptII/ptolemy/actor/lib/test/auto/array2.xml (RunModel)" time="0.014" />
  <testcase classname="ptolemy.util.test.junit.AutoTests" name="[405] /home/travis/build/icyphy/ptII/ptolemy/actor/lib/test/auto/arrayType.xml (RunModel)" time="0.009" />
  <testcase classname="ptolemy.util.test.junit.AutoTests" name="[406] /home/travis/build/icyphy/ptII/ptolemy/actor/lib/test/auto/arrayType10.xml (RunModel)" time="0.008" />
  <testcase classname="ptolemy.util.test.junit.AutoTests" name="[407] /home/travis/build/icyphy/ptII/ptolemy/actor/lib/test/auto/arrayType11.xml (RunModel)" time="0.009" />
  <testcase classname="ptolemy.util.test.junit.AutoTests" name="[408] /home/travis/build/icyphy/ptII/ptolemy/actor/lib/test/auto/arrayType12.xml (RunModel)" time="0.008" />
  <testcase classname="ptolemy.util.test.junit.AutoTests" name="[409] /home/travis/build/icyphy/ptII/ptolemy/actor/lib/test/auto/arrayType13.xml (RunModel)" time="0.009" />
  <testcase classname="ptolemy.util.test.junit.AutoTests" name="[410] /home/travis/build/icyphy/ptII/ptolemy/actor/lib/test/auto/arrayType14.xml (RunModel)" time="0.008" />
  <testcase classname="ptolemy.util.test.junit.AutoTests" name="[411] /home/travis/build/icyphy/ptII/ptolemy/actor/lib/test/auto/arrayType15.xml (RunModel)" time="0.009" />
  <testcase classname="ptolemy.util.test.junit.AutoTests" name="[412] /home/travis/build/icyphy/ptII/ptolemy/actor/lib/test/auto/arrayType16.xml (RunModel)" time="0.007" />
  <testcase classname="ptolemy.util.test.junit.AutoTests" name="[413] /home/travis/build/icyphy/ptII/ptolemy/actor/lib/test/auto/arrayType17.xml (RunModel)" time="0.008" />
  <testcase classname="ptolemy.util.test.junit.AutoTests" name="[414] /home/travis/build/icyphy/ptII/ptolemy/actor/lib/test/auto/arrayType18.xml (RunModel)" time="0.007" />
  <testcase classname="ptolemy.util.test.junit.AutoTests" name="[415] /home/travis/build/icyphy/ptII/ptolemy/actor/lib/test/auto/arrayType19.xml (RunModel)" time="0.008" />
  <testcase classname="ptolemy.util.test.junit.AutoTests" name="[416] /home/travis/build/icyphy/ptII/ptolemy/actor/lib/test/auto/arrayType2.xml (RunModel)" time="0.008" />
  <testcase classname="ptolemy.util.test.junit.AutoTests" name="[417] /home/travis/build/icyphy/ptII/ptolemy/actor/lib/test/auto/arrayType20.xml (RunModel)" time="0.007" />
  <testcase classname="ptolemy.util.test.junit.AutoTests" name="[418] /home/travis/build/icyphy/ptII/ptolemy/actor/lib/test/auto/arrayType21.xml (RunModel)" time="0.007" />
  <testcase classname="ptolemy.util.test.junit.AutoTests" name="[419] /home/travis/build/icyphy/ptII/ptolemy/actor/lib/test/auto/arrayType22.xml (RunModel)" time="0.006" />
  <testcase classname="ptolemy.util.test.junit.AutoTests" name="[420] /home/travis/build/icyphy/ptII/ptolemy/actor/lib/test/auto/arrayType23.xml (RunModel)" time="0.007" />
  <testcase classname="ptolemy.util.test.junit.AutoTests" name="[421] /home/travis/build/icyphy/ptII/ptolemy/actor/lib/test/auto/arrayType24.xml (RunModel)" time="0.011" />
  <testcase classname="ptolemy.util.test.junit.AutoTests" name="[422] /home/travis/build/icyphy/ptII/ptolemy/actor/lib/test/auto/arrayType25.xml (RunModel)" time="0.008" />
  <testcase classname="ptolemy.util.test.junit.AutoTests" name="[423] /home/travis/build/icyphy/ptII/ptolemy/actor/lib/test/auto/arrayType26.xml (RunModel)" time="0.007" />
  <testcase classname="ptolemy.util.test.junit.AutoTests" name="[424] /home/travis/build/icyphy/ptII/ptolemy/actor/lib/test/auto/arrayType27.xml (RunModel)" time="0.009" />
  <testcase classname="ptolemy.util.test.junit.AutoTests" name="[425] /home/travis/build/icyphy/ptII/ptolemy/actor/lib/test/auto/arrayType28.xml (RunModel)" time="0.009" />
  <testcase classname="ptolemy.util.test.junit.AutoTests" name="[426] /home/travis/build/icyphy/ptII/ptolemy/actor/lib/test/auto/arrayType3.xml (RunModel)" time="0.009" />
  <testcase classname="ptolemy.util.test.junit.AutoTests" name="[427] /home/travis/build/icyphy/ptII/ptolemy/actor/lib/test/auto/arrayType4.xml (RunModel)" time="0.02" />
  <testcase classname="ptolemy.util.test.junit.AutoTests" name="[428] /home/travis/build/icyphy/ptII/ptolemy/actor/lib/test/auto/arrayType5.xml (RunModel)" time="0.008" />
  <testcase classname="ptolemy.util.test.junit.AutoTests" name="[429] /home/travis/build/icyphy/ptII/ptolemy/actor/lib/test/auto/arrayType6.xml (RunModel)" time="0.008" />
  <testcase classname="ptolemy.util.test.junit.AutoTests" name="[430] /home/travis/build/icyphy/ptII/ptolemy/actor/lib/test/auto/arrayType7.xml (RunModel)" time="0.008" />
  <testcase classname="ptolemy.util.test.junit.AutoTests" name="[431] /home/travis/build/icyphy/ptII/ptolemy/actor/lib/test/auto/arrayType8.xml (RunModel)" time="0.014" />
  <testcase classname="ptolemy.util.test.junit.AutoTests" name="[432] /home/travis/build/icyphy/ptII/ptolemy/actor/lib/test/auto/arrayType9.xml (RunModel)" time="0.007" />
  <testcase classname="ptolemy.util.test.junit.AutoTests" name="[433] /home/travis/build/icyphy/ptII/ptolemy/actor/lib/test/auto/cast.xml (RunModel)" time="0.009" />
  <testcase classname="ptolemy.util.test.junit.AutoTests" name="[434] /home/travis/build/icyphy/ptII/ptolemy/actor/lib/test/auto/compositeMultiPort.xml (RunModel)" time="0.017" />
  <testcase classname="ptolemy.util.test.junit.AutoTests" name="[435] /home/travis/build/icyphy/ptII/ptolemy/actor/lib/test/auto/expressionCastInference.xml (RunModel)" time="0.008" />
  <testcase classname="ptolemy.util.test.junit.AutoTests" name="[436] /home/travis/build/icyphy/ptII/ptolemy/actor/lib/test/auto/expressionCastInference2.xml (RunModel)" time="0.007" />
  <testcase classname="ptolemy.util.test.junit.AutoTests" name="[437] /home/travis/build/icyphy/ptII/ptolemy/actor/lib/test/auto/expressionInference.xml (RunModel)" time="0.007" />
  <testcase classname="ptolemy.util.test.junit.AutoTests" name="[438] /home/travis/build/icyphy/ptII/ptolemy/actor/lib/test/auto/expression_bug.xml (RunModel)" time="0.007" />
  <testcase classname="ptolemy.util.test.junit.AutoTests" name="[439] /home/travis/build/icyphy/ptII/ptolemy/actor/lib/test/auto/factorial.xml (RunModel)" time="0.053" />
  <testcase classname="ptolemy.util.test.junit.AutoTests" name="[440] /home/travis/build/icyphy/ptII/ptolemy/actor/lib/test/auto/filterTest1.xml (RunModel)" time="0.014" />
  <testcase classname="ptolemy.util.test.junit.AutoTests" name="[441] /home/travis/build/icyphy/ptII/ptolemy/actor/lib/test/auto/funcApplyInConst.xml (RunModel)" time="0.005" />
  <testcase classname="ptolemy.util.test.junit.AutoTests" name="[442] /home/travis/build/icyphy/ptII/ptolemy/actor/lib/test/auto/funcApplyInExpr.xml (RunModel)" time="0.005" />
  <testcase classname="ptolemy.util.test.junit.AutoTests" name="[443] /home/travis/build/icyphy/ptII/ptolemy/actor/lib/test/auto/function.xml (RunModel)" time="0.01" />
  <testcase classname="ptolemy.util.test.junit.AutoTests" name="[444] /home/travis/build/icyphy/ptII/ptolemy/actor/lib/test/auto/function2.xml (RunModel)" time="0.009" />
  <testcase classname="ptolemy.util.test.junit.AutoTests" name="[445] /home/travis/build/icyphy/ptII/ptolemy/actor/lib/test/auto/function3.xml (RunModel)" time="0.007" />
  <testcase classname="ptolemy.util.test.junit.AutoTests" name="[446] /home/travis/build/icyphy/ptII/ptolemy/actor/lib/test/auto/functionClosureTest1.xml (RunModel)" time="0.01" />
  <testcase classname="ptolemy.util.test.junit.AutoTests" name="[447] /home/travis/build/icyphy/ptII/ptolemy/actor/lib/test/auto/functionClosureTest2.xml (RunModel)" time="0.007" />
  <testcase classname="ptolemy.util.test.junit.AutoTests" name="[448] /home/travis/build/icyphy/ptII/ptolemy/actor/lib/test/auto/functionClosureTest3.xml (RunModel)" time="0.009" />
  <testcase classname="ptolemy.util.test.junit.AutoTests" name="[449] /home/travis/build/icyphy/ptII/ptolemy/actor/lib/test/auto/functionClosureTest4.xml (RunModel)" time="0.013" />
  <testcase classname="ptolemy.util.test.junit.AutoTests" name="[450] /home/travis/build/icyphy/ptII/ptolemy/actor/lib/test/auto/functionClosureTest5.xml (RunModel)" time="0.012" />
  <testcase classname="ptolemy.util.test.junit.AutoTests" name="[451] /home/travis/build/icyphy/ptII/ptolemy/actor/lib/test/auto/functionClosureTest6.xml (RunModel)" time="0.047" />
  <testcase classname="ptolemy.util.test.junit.AutoTests" name="[452] /home/travis/build/icyphy/ptII/ptolemy/actor/lib/test/auto/functionsOnArcs.xml (RunModel)" time="0.011" />
  <testcase classname="ptolemy.util.test.junit.AutoTests" name="[453] /home/travis/build/icyphy/ptII/ptolemy/actor/lib/test/auto/functionsOnArcsHOF.xml (RunModel)" time="0.011" />
  <testcase classname="ptolemy.util.test.junit.AutoTests" name="[454] /home/travis/build/icyphy/ptII/ptolemy/actor/lib/test/auto/logic.xml (RunModel)" time="0.016" />
  <testcase classname="ptolemy.util.test.junit.AutoTests" name="[455] /home/travis/build/icyphy/ptII/ptolemy/actor/lib/test/auto/matrixType.xml (RunModel)" time="0.009" />
  <testcase classname="ptolemy.util.test.junit.AutoTests" name="[456] /home/travis/build/icyphy/ptII/ptolemy/actor/lib/test/auto/matrixType10.xml (RunModel)" time="0.008" />
  <testcase classname="ptolemy.util.test.junit.AutoTests" name="[457] /home/travis/build/icyphy/ptII/ptolemy/actor/lib/test/auto/matrixType11.xml (RunModel)" time="0.007" />
  <testcase classname="ptolemy.util.test.junit.AutoTests" name="[458] /home/travis/build/icyphy/ptII/ptolemy/actor/lib/test/auto/matrixType12.xml (RunModel)" time="0.009" />
  <testcase classname="ptolemy.util.test.junit.AutoTests" name="[459] /home/travis/build/icyphy/ptII/ptolemy/actor/lib/test/auto/matrixType13.xml (RunModel)" time="0.007" />
  <testcase classname="ptolemy.util.test.junit.AutoTests" name="[460] /home/travis/build/icyphy/ptII/ptolemy/actor/lib/test/auto/matrixType14.xml (RunModel)" time="0.009" />
  <testcase classname="ptolemy.util.test.junit.AutoTests" name="[461] /home/travis/build/icyphy/ptII/ptolemy/actor/lib/test/auto/matrixType2.xml (RunModel)" time="0.007" />
  <testcase classname="ptolemy.util.test.junit.AutoTests" name="[462] /home/travis/build/icyphy/ptII/ptolemy/actor/lib/test/auto/matrixType3.xml (RunModel)" time="0.007" />
  <testcase classname="ptolemy.util.test.junit.AutoTests" name="[463] /home/travis/build/icyphy/ptII/ptolemy/actor/lib/test/auto/matrixType4.xml (RunModel)" time="0.009" />
  <testcase classname="ptolemy.util.test.junit.AutoTests" name="[464] /home/travis/build/icyphy/ptII/ptolemy/actor/lib/test/auto/matrixType5.xml (RunModel)" time="0.012" />
  <testcase classname="ptolemy.util.test.junit.AutoTests" name="[465] /home/travis/build/icyphy/ptII/ptolemy/actor/lib/test/auto/matrixType6.xml (RunModel)" time="0.009" />
  <testcase classname="ptolemy.util.test.junit.AutoTests" name="[466] /home/travis/build/icyphy/ptII/ptolemy/actor/lib/test/auto/matrixType7.xml (RunModel)" time="0.011" />
  <testcase classname="ptolemy.util.test.junit.AutoTests" name="[467] /home/travis/build/icyphy/ptII/ptolemy/actor/lib/test/auto/matrixType8.xml (RunModel)" time="0.007" />
  <testcase classname="ptolemy.util.test.junit.AutoTests" name="[468] /home/travis/build/icyphy/ptII/ptolemy/actor/lib/test/auto/matrixType9.xml (RunModel)" time="0.007" />
  <testcase classname="ptolemy.util.test.junit.AutoTests" name="[469] /home/travis/build/icyphy/ptII/ptolemy/actor/lib/test/auto/paraFunctest.xml (RunModel)" time="0.007" />
  <testcase classname="ptolemy.util.test.junit.AutoTests" name="[470] /home/travis/build/icyphy/ptII/ptolemy/actor/lib/test/auto/paraFunctest2.xml (RunModel)" time="0.008" />
  <testcase classname="ptolemy.util.test.junit.AutoTests" name="[471] /home/travis/build/icyphy/ptII/ptolemy/actor/lib/test/auto/parameterPassing.xml (RunModel)" time="0.007" />
  <testcase classname="ptolemy.util.test.junit.AutoTests" name="[472] /home/travis/build/icyphy/ptII/ptolemy/actor/lib/test/auto/record.xml (RunModel)" time="0.009" />
  <testcase classname="ptolemy.util.test.junit.AutoTests" name="[473] /home/travis/build/icyphy/ptII/ptolemy/actor/lib/test/auto/sizedarray1.xml (RunModel)" time="0.01" />
  <testcase classname="ptolemy.util.test.junit.AutoTests" name="[474] /home/travis/build/icyphy/ptII/ptolemy/actor/lib/test/auto/sizedarray2.xml (RunModel)" time="0.009" />
  <testcase classname="ptolemy.util.test.junit.AutoTests" name="[475] /home/travis/build/icyphy/ptII/ptolemy/actor/lib/test/auto/twoPublishers.xml (RunModel)" time="0.025" />
  <system-out><![CDATA[/home/travis/build/icyphy/ptII/ptolemy/actor/lib/test/AbsoluteValue.tcl
testDefs.tcl: setting time out to 9000 seconds at Thu Oct 10 22:29:39 UTC 2019
125 ms. Memory: 120832K Free: 85960K (71%)
5 ms. Memory: 120832K Free: 84415K (70%)
5 ms. Memory: 120832K Free: 83398K (69%)
14 ms. Memory: 120832K Free: 82888K (69%)
/home/travis/build/icyphy/ptII/ptolemy/actor/lib/test/AddSubtract.tcl
26 ms. Memory: 120832K Free: 80840K (67%)
13 ms. Memory: 120832K Free: 79816K (66%)
12 ms. Memory: 120832K Free: 79302K (66%)
18 ms. Memory: 120832K Free: 78263K (65%)
73 ms. Memory: 120832K Free: 75720K (63%)
7 ms. Memory: 120832K Free: 74696K (62%)
/home/travis/build/icyphy/ptII/ptolemy/actor/lib/test/Average.tcl
15 ms. Memory: 120832K Free: 73143K (61%)
17 ms. Memory: 120832K Free: 71624K (59%)
/home/travis/build/icyphy/ptII/ptolemy/actor/lib/test/Bernoulli.tcl
5 ms. Memory: 120832K Free: 70071K (58%)
2 ms. Memory: 120832K Free: 70071K (58%)
/home/travis/build/icyphy/ptII/ptolemy/actor/lib/test/Clock.tcl
preinitializing
resolving types
initializing
executing number 1
wrapping up
idle
41 ms. Memory: 120832K Free: 67014K (55%)
Completed execution with 5 iterations
preinitializing
resolving types
initializing
executing number 1
wrapping up
idle
11 ms. Memory: 120832K Free: 66504K (55%)
Completed execution with 5 iterations
preinitializing
resolving types
initializing
executing number 1
wrapping up
idle
9 ms. Memory: 120832K Free: 65990K (55%)
Completed execution with 5 iterations
/home/travis/build/icyphy/ptII/ptolemy/actor/lib/test/Commutator.tcl
14 ms. Memory: 120832K Free: 63942K (53%)
21 ms. Memory: 120832K Free: 62903K (52%)
9 ms. Memory: 120832K Free: 57288K (47%)
/home/travis/build/icyphy/ptII/ptolemy/actor/lib/test/Const.tcl
12 ms. Memory: 120832K Free: 55735K (46%)
5 ms. Memory: 120832K Free: 55240K (46%)
5 ms. Memory: 120832K Free: 54726K (45%)
2 ms. Memory: 120832K Free: 54216K (45%)
2 ms. Memory: 120832K Free: 53192K (44%)
13 ms. Memory: 120832K Free: 51654K (43%)
4 ms. Memory: 120832K Free: 50615K (42%)
3 ms. Memory: 120832K Free: 49591K (41%)
/home/travis/build/icyphy/ptII/ptolemy/actor/lib/test/CurrentTime.tcl
preinitializing
resolving types
initializing
executing number 1
wrapping up
idle
10 ms. Memory: 120832K Free: 48072K (40%)
Completed execution with 11 iterations
/home/travis/build/icyphy/ptII/ptolemy/actor/lib/test/DB.tcl
6 ms. Memory: 120832K Free: 46024K (38%)
36 ms. Memory: 120832K Free: 107094K (89%)
8 ms. Memory: 120832K Free: 106599K (88%)
/home/travis/build/icyphy/ptII/ptolemy/actor/lib/test/DiscreteRandomSource.tcl
preinitializing
resolving types
initializing
executing number 1
wrapping up
idle
4 ms. Memory: 120832K Free: 105030K (87%)
Completed execution with 4 iterations
preinitializing
resolving types
initializing
executing number 1
wrapping up
idle
2 ms. Memory: 120832K Free: 104551K (87%)
Completed execution with 4 iterations
preinitializing
resolving types
initializing
executing number 1
wrapping up
idle
2 ms. Memory: 120832K Free: 104022K (86%)
Completed execution with 4 iterations
preinitializing
resolving types
initializing
executing number 1
wrapping up
idle
3 ms. Memory: 120832K Free: 104022K (86%)
Completed execution with 4 iterations
preinitializing
resolving types
initializing
executing number 1
wrapping up
idle
4 ms. Memory: 120832K Free: 103527K (86%)
Completed execution with 4 iterations
/home/travis/build/icyphy/ptII/ptolemy/actor/lib/test/Distributor.tcl
5 ms. Memory: 120832K Free: 101974K (84%)
3 ms. Memory: 120832K Free: 100965K (84%)
StreamChangeRequest.changeExecuted(): <deleteEntity name="rec2"/> succeeded
StreamChangeRequest.changeExecuted(): <deleteRelation name="r2"/> succeeded
StreamChangeRequest.changeExecuted(): Record firings per iteration succeeded
5 ms. Memory: 120832K Free: 98407K (81%)
/home/travis/build/icyphy/ptII/ptolemy/actor/lib/test/Exit.tcl
Exit.tcl: this will print a message about Manager.exitAfterWrapup, which can be ignored.
4 ms. Memory: 120832K Free: 95335K (79%)
/home/travis/build/icyphy/ptII/ptolemy/actor/lib/test/Expression.tcl
22 ms. Memory: 120832K Free: 92263K (76%)
10 ms. Memory: 120832K Free: 91734K (76%)
3 ms. Memory: 120832K Free: 90694K (75%)
preinitializing
resolving types
initializing
executing number 1
wrapping up
idle
15 ms. Memory: 120832K Free: 89191K (74%)
Completed execution with 6 iterations
8 ms. Memory: 120832K Free: 88677K (73%)
3 ms. Memory: 120832K Free: 87638K (73%)
9 ms. Memory: 120832K Free: 86629K (72%)
5 ms. Memory: 120832K Free: 85095K (70%)
8 ms. Memory: 120832K Free: 84071K (70%)
/home/travis/build/icyphy/ptII/ptolemy/actor/lib/test/Gaussian.tcl
32 ms. Memory: 120832K Free: 106442K (88%)
sleeping 1 seconds: ........................................................................................................................................................................................................................................................................................................................................................................................................................................................................................................................................................................................................................................................................................................................................................................................................................................................................................................................................................................................................................................................................................................................................................................................................................................................................................................................................................................................................................................................................................................................................................................................................................................................................................................................................................................................................................................................................................................................................................................................................................................................................................................................................................................................................................................................................................................................................................................................................................................................................................................................................................................................................................................................................................................................................................................................................................................................................................................................................................................................................................................................................................................................................................................................................................................................................................................................................................................................................................................................................................................................................................................................................................................................................................................................................................................................................................................................................................................................................................................................................................................................................................................................................................................................................................................................................................................................................................................................................................................................................................................................................................................................................................................................................................................................................................................................................................................................................................................................................................................................................................................................................................................................................................................................................................3 ms. Memory: 120832K Free: 83906K (69%)
3 ms. Memory: 120832K Free: 83410K (69%)
3 ms. Memory: 120832K Free: 82866K (69%)
6 ms. Memory: 120832K Free: 81858K (68%)
3 ms. Memory: 120832K Free: 81362K (67%)
/home/travis/build/icyphy/ptII/ptolemy/actor/lib/test/IIR.tcl
/home/travis/build/icyphy/ptII/ptolemy/actor/lib/test/Interpolator.tcl
6 ms. Memory: 120832K Free: 77762K (64%)
2 ms. Memory: 120832K Free: 77266K (64%)
3 ms. Memory: 120832K Free: 76242K (63%)
2 ms. Memory: 120832K Free: 75728K (63%)
8 ms. Memory: 120832K Free: 75218K (62%)
2 ms. Memory: 120832K Free: 74194K (61%)
3 ms. Memory: 120832K Free: 73170K (61%)
2 ms. Memory: 120832K Free: 72146K (60%)
12 ms. Memory: 120832K Free: 71626K (59%)
2 ms. Memory: 120832K Free: 70608K (58%)
/home/travis/build/icyphy/ptII/ptolemy/actor/lib/test/MathFunction.tcl
4 ms. Memory: 120832K Free: 105264K (87%)
2 ms. Memory: 120832K Free: 103760K (86%)
2 ms. Memory: 120832K Free: 102736K (85%)
2 ms. Memory: 120832K Free: 102208K (85%)
3 ms. Memory: 120832K Free: 100688K (83%)
6 ms. Memory: 120832K Free: 98640K (82%)
/home/travis/build/icyphy/ptII/ptolemy/actor/lib/test/Maximum.tcl
4 ms. Memory: 120832K Free: 97088K (80%)
2 ms. Memory: 120832K Free: 96078K (80%)
2 ms. Memory: 120832K Free: 95568K (79%)
2 ms. Memory: 120832K Free: 95040K (79%)
/home/travis/build/icyphy/ptII/ptolemy/actor/lib/test/Minimum.tcl
3 ms. Memory: 120832K Free: 93006K (77%)
2 ms. Memory: 120832K Free: 92496K (77%)
2 ms. Memory: 120832K Free: 91844K (76%)
2 ms. Memory: 120832K Free: 90944K (75%)
/home/travis/build/icyphy/ptII/ptolemy/actor/lib/test/MultiplyDivide.tcl
5 ms. Memory: 120832K Free: 89424K (74%)
2 ms. Memory: 120832K Free: 88400K (73%)
3 ms. Memory: 120832K Free: 87872K (73%)
3 ms. Memory: 120832K Free: 86848K (72%)
2 ms. Memory: 120832K Free: 86352K (71%)
/home/travis/build/icyphy/ptII/ptolemy/actor/lib/test/OrderedMerge.tcl
Connections changed on port: inputA
Connections changed on port: inputB
Connections changed on port: output
Connections changed on port: output
Connections changed on port: output
Connections changed on port: input
.top. Preinitializing ...
Invoking preinitialize():  .top.OrderedMerge
Called preinitialize()
Invoking preinitialize():  .top.Ramp
Called preinitialize()
Invoking preinitialize():  .top.Ramp2
Called preinitialize()
Invoking preinitialize():  .top.Test
Called preinitialize()
Connections changed on port: inputA
Connections changed on port: output
Connections changed on port: output
Connections changed on port: input
Connections changed on port: inputB
Connections changed on port: output
.top. Finished preinitialize().
Called initialize().
Invoking initialize():  .top.OrderedMerge
Initializing actor: .top.OrderedMerge
Adding a thread: .top.OrderedMerge
Invoking initialize():  .top.Ramp
Initializing actor: .top.Ramp
Adding a thread: .top.Ramp
Invoking initialize():  .top.Ramp2
Initializing actor: .top.Ramp2
Adding a thread: .top.Ramp2
Invoking initialize():  .top.Test
Initializing actor: .top.Test
Adding a thread: .top.Test
Called fire().
Checking for deadlock:
-- Starting thread.
Called initialize()
Called prefire()
Called fire()
-- Starting thread.
-- Starting thread.
Called initialize()
Called initialize()
Called prefire()
Called prefire()
Called fire()
Called fire()
-- Starting thread.
Called initialize()
Called prefire()
Called fire()
There are 0 Blocked actors, 0 Stopped actors, and 4 active threads.
Waiting for actors to stop.
Called postfire()
Called postfire()
Called prefire()
Called prefire()
Called fire()
Called fire()
Checking for deadlock:
There are 1 Blocked actors, 0 Stopped actors, and 4 active threads.
Waiting for actors to stop.
Called postfire()
Called prefire()
Called fire()
Read input token from inputA with value 0.0
Next port to read input from is inputB
Called postfire()
Called prefire()
Called fire()
Checking for deadlock:
There are 2 Blocked actors, 0 Stopped actors, and 4 active threads.
Waiting for actors to stop.
Read input token from inputB with value 0.0
Sent output token with value 0.0
Next port to read input from is inputA
Called postfire()
Called prefire()
Called fire()
Read input token from inputA with value 1.0
Called postfire()
Called prefire()
Called fire()
-- Read input: 0.0, which is expected to match: 0.0
Called prefire()
Called fire()
Called postfire()
Called prefire()
Called fire()
Sent output token with value 0.0
Next port to read input from is inputB
Called postfire()
Called prefire()
Called fire()
Read input token from inputB with value 1.5
Checking for deadlock:
There are 2 Blocked actors, 0 Stopped actors, and 4 active threads.
Waiting for actors to stop.
Called postfire()
Called prefire()
Called fire()
-- Read input: 0.0, which is expected to match: 0.0
Called prefire()
Called fire()
Checking for deadlock:
There are 3 Blocked actors, 0 Stopped actors, and 4 active threads.
Waiting for actors to stop.
Checking for deadlock:
-- Read input: 1.0, which is expected to match: 1.0
There are 2 Blocked actors, 0 Stopped actors, and 4 active threads.
Waiting for actors to stop.
Called prefire()
Called fire()
Sent output token with value 1.0
Checking for deadlock:
There are 3 Blocked actors, 0 Stopped actors, and 4 active threads.
Next port to read input from is inputA
Called postfire()
Waiting for actors to stop.
Called prefire()
Called fire()
Checking for deadlock:
There are 2 Blocked actors, 0 Stopped actors, and 4 active threads.
Waiting for actors to stop.
Called postfire()
Called prefire()
Called fire()
Read input token from inputA with value 2.0
Checking for deadlock:
There are 3 Blocked actors, 0 Stopped actors, and 4 active threads.
Waiting for actors to stop.
Checking for deadlock:
There are 2 Blocked actors, 0 Stopped actors, and 4 active threads.
Waiting for actors to stop.
-- Read input: 1.5, which is expected to match: 1.5
Called prefire()
Called fire()
Checking for deadlock:
Sent output token with value 1.5
There are 3 Blocked actors, 0 Stopped actors, and 4 active threads.
Waiting for actors to stop.
Next port to read input from is inputB
Called postfire()
Called prefire()
Called fire()
Checking for deadlock:
There are 2 Blocked actors, 0 Stopped actors, and 4 active threads.
Read input token from inputB with value 3.0
Waiting for actors to stop.
Sent output token with value 2.0
Checking for deadlock:
There are 1 Blocked actors, 0 Stopped actors, and 4 active threads.
Waiting for actors to stop.
Called postfire()
Called prefire()
Called fire()
Checking for deadlock:
-- Read input: 2.0, which is expected to match: 2.0
Called prefire()
Called fire()
Next port to read input from is inputA
Called postfire()
There are 2 Blocked actors, 0 Stopped actors, and 4 active threads.
Called prefire()
Called fire()
Waiting for actors to stop.
Checking for deadlock:
There are 3 Blocked actors, 0 Stopped actors, and 4 active threads.
Waiting for actors to stop.
Checking for deadlock:
There are 2 Blocked actors, 0 Stopped actors, and 4 active threads.
Waiting for actors to stop.
Called postfire()
Called prefire()
Called fire()
Checking for deadlock:
There are 3 Blocked actors, 0 Stopped actors, and 4 active threads.
Waiting for actors to stop.
Read input token from inputA with value 3.0
Checking for deadlock:
There are 2 Blocked actors, 0 Stopped actors, and 4 active threads.
Waiting for actors to stop.
-- Read input: 3.0, which is expected to match: 3.0
Called prefire()
Called fire()
Checking for deadlock:
There are 3 Blocked actors, 0 Stopped actors, and 4 active threads.
Sent output token with value 3.0
Waiting for actors to stop.
Next port to read input from is inputB
Called postfire()
Called prefire()
Called fire()
Called postfire()
Called prefire()
Called fire()
Read input token from inputB with value 4.5
Checking for deadlock:
There are 3 Blocked actors, 0 Stopped actors, and 4 active threads.
Waiting for actors to stop.
Checking for deadlock:
There are 2 Blocked actors, 0 Stopped actors, and 4 active threads.
Waiting for actors to stop.
-- Read input: 3.0, which is expected to match: 3.0
Called prefire()
Called fire()
Checking for deadlock:
There are 3 Blocked actors, 0 Stopped actors, and 4 active threads.
Sent output token with value 3.0
Waiting for actors to stop.
Next port to read input from is inputA
Called postfire()
Called prefire()
Called fire()
Checking for deadlock:
There are 2 Blocked actors, 0 Stopped actors, and 4 active threads.
Waiting for actors to stop.
Read input token from inputA with value 4.0
Called postfire()
Called prefire()
Called fire()
Checking for deadlock:
There are 2 Blocked actors, 0 Stopped actors, and 4 active threads.
Waiting for actors to stop.
-- Read input: 4.0, which is expected to match: 4.0
Called prefire()
Called fire()
Past the end of training data. Read and discard all inputs.
Checking for deadlock:
There are 3 Blocked actors, 0 Stopped actors, and 4 active threads.
Waiting for actors to stop.
Sent output token with value 4.0
Next port to read input from is inputA
Called postfire()
Called prefire()
Called fire()
Checking for deadlock:
There are 2 Blocked actors, 0 Stopped actors, and 4 active threads.
Waiting for actors to stop.
Called postfire()
Called prefire()
Called fire()
Checking for deadlock:
There are 3 Blocked actors, 0 Stopped actors, and 4 active threads.
Read input token from inputA with value 5.0
Waiting for actors to stop.
Checking for deadlock:
There are 2 Blocked actors, 0 Stopped actors, and 4 active threads.
Waiting for actors to stop.
Sent output token with value 4.5
Called prefire()
Called fire()
Past the end of training data. Read and discard all inputs.
Checking for deadlock:
There are 3 Blocked actors, 0 Stopped actors, and 4 active threads.
Waiting for actors to stop.
Next port to read input from is inputB
Called postfire()
Called prefire()
Called fire()
Called postfire()
Called prefire()
Called fire()
Read input token from inputB with value 6.0
Checking for deadlock:
There are 3 Blocked actors, 0 Stopped actors, and 4 active threads.
Waiting for actors to stop.
Checking for deadlock:
Called prefire()
Called fire()
There are 2 Blocked actors, 0 Stopped actors, and 4 active threads.
Waiting for actors to stop.
Past the end of training data. Read and discard all inputs.
Checking for deadlock:
There are 3 Blocked actors, 0 Stopped actors, and 4 active threads.
Sent output token with value 5.0
Waiting for actors to stop.
Next port to read input from is inputA
Called postfire()
Called prefire()
Called fire()
Checking for deadlock:
There are 2 Blocked actors, 0 Stopped actors, and 4 active threads.
Waiting for actors to stop.
Read input token from inputA with value 6.0
Called postfire()
Called prefire()
Called fire()
Checking for deadlock:
There are 2 Blocked actors, 0 Stopped actors, and 4 active threads.
Sent output token with value 6.0
Waiting for actors to stop.
Called prefire()
Called fire()
Past the end of training data. Read and discard all inputs.
Checking for deadlock:
Next port to read input from is inputB
Called postfire()
Called prefire()
There are 3 Blocked actors, 0 Stopped actors, and 4 active threads.
Waiting for actors to stop.
Called fire()
Checking for deadlock:
There are 2 Blocked actors, 0 Stopped actors, and 4 active threads.
Waiting for actors to stop.
Read input token from inputB with value 7.5
Called postfire()
Called prefire()
Called fire()
Checking for deadlock:
There are 3 Blocked actors, 0 Stopped actors, and 4 active threads.
Waiting for actors to stop.
Checking for deadlock:
Sent output token with value 6.0
There are 2 Blocked actors, 0 Stopped actors, and 4 active threads.
Waiting for actors to stop.
Called prefire()
Called fire()
Past the end of training data. Read and discard all inputs.
Checking for deadlock:
There are 3 Blocked actors, 0 Stopped actors, and 4 active threads.
Waiting for actors to stop.
Next port to read input from is inputA
Called postfire()
Called prefire()
Called fire()
Checking for deadlock:
Read input token from inputA with value 7.0
There are 2 Blocked actors, 0 Stopped actors, and 4 active threads.
Waiting for actors to stop.
Called postfire()
Called prefire()
Called fire()
Checking for deadlock:
There are 2 Blocked actors, 0 Stopped actors, and 4 active threads.
Waiting for actors to stop.
Sent output token with value 7.0
Called prefire()
Called fire()
Past the end of training data. Read and discard all inputs.
Checking for deadlock:
Next port to read input from is inputA
Called postfire()
There are 3 Blocked actors, 0 Stopped actors, and 4 active threads.
Waiting for actors to stop.
Called prefire()
Called fire()
Checking for deadlock:
There are 2 Blocked actors, 0 Stopped actors, and 4 active threads.
Waiting for actors to stop.
-- Thread wrapup() called.
Called wrapup()
Thread .top.Ramp is exiting.
-- Thread stopped.
Checking for deadlock:
There are 2 Blocked actors, 0 Stopped actors, and 3 active threads.
Waiting for actors to stop.
Read input token from inputA with value 8.0
Called prefire()
Checking for deadlock:
Called fire()
There are 1 Blocked actors, 0 Stopped actors, and 3 active threads.
Past the end of training data. Read and discard all inputs.
Waiting for actors to stop.
Checking for deadlock:
There are 2 Blocked actors, 0 Stopped actors, and 3 active threads.
Waiting for actors to stop.
Sent output token with value 7.5
Next port to read input from is inputB
Called postfire()
Called prefire()
Called fire()
Checking for deadlock:
There are 1 Blocked actors, 0 Stopped actors, and 3 active threads.
Waiting for actors to stop.
Read input token from inputB with value 9.0
Called postfire()
Called prefire()
Called prefire()
Called fire()
Called fire()
Past the end of training data. Read and discard all inputs.
Checking for deadlock:
There are 1 Blocked actors, 0 Stopped actors, and 3 active threads.
Waiting for actors to stop.
Checking for deadlock:
Sent output token with value 8.0
There are 2 Blocked actors, 0 Stopped actors, and 3 active threads.
Waiting for actors to stop.
Next port to read input from is inputA
Called postfire()
Called prefire()
Called fire()
Read input token from inputA with value 9.0
Checking for deadlock:
Called prefire()
There are 1 Blocked actors, 0 Stopped actors, and 3 active threads.
Called fire()
Past the end of training data. Read and discard all inputs.
Waiting for actors to stop.
Checking for deadlock:
There are 2 Blocked actors, 0 Stopped actors, and 3 active threads.
Sent output token with value 9.0
Waiting for actors to stop.
Next port to read input from is inputB
Called postfire()
Called prefire()
Called fire()
Called postfire()
Called prefire()
Read input token from inputB with value 10.5
Called fire()
Checking for deadlock:
Sent output token with value 9.0
There are 1 Blocked actors, 0 Stopped actors, and 3 active threads.
Waiting for actors to stop.
Called prefire()
Called fire()
Past the end of training data. Read and discard all inputs.
Next port to read input from is inputA
Called postfire()
Called prefire()
Called fire()
Checking for deadlock:
There are 2 Blocked actors, 0 Stopped actors, and 3 active threads.
Waiting for actors to stop.
Checking for deadlock:
There are 3 Blocked actors, 0 Stopped actors, and 3 active threads.
Actors have stopped.
Checking for deadlock:
There are 3 Blocked actors, 0 Stopped actors, and 3 active threads.
Deadlock detected.
Resolving Deadlock
Checking for deadlock:
There are 3 Blocked actors, 0 Stopped actors, and 3 active threads.
Artificial Deadlock - increasing queue capacity.
increasing the capacity of receiver ptolemy.actor.TypedIOPort {.top.OrderedMerge.inputB} to 2
-- Thread wrapup() called.
Called wrapup()
Director: Called postfire().
Thread .top.Ramp2 is exiting.
-- Thread stopped.
Called postfire().
_stopRequested = false
_stopFireRequested = false
Returning from postfire(): true
Called fire().
Checking for deadlock:
There are 2 Blocked actors, 0 Stopped actors, and 2 active threads.
Actors have stopped.
Checking for deadlock:
There are 2 Blocked actors, 0 Stopped actors, and 2 active threads.
Deadlock detected.
Resolving Deadlock
Checking for deadlock:
There are 2 Blocked actors, 0 Stopped actors, and 2 active threads.
Deadlock detected: no processes blocked on write, but some are blocked on read.
Called postfire().
_stopRequested = false
_stopFireRequested = false
Returning from postfire(): false
Finished deactivating branches.
Called wrapup().
-- Thread wrapup() called.
Called wrapup()
Thread .top.Test is exiting.
-- Thread stopped.
-- Blocked Receiver call threw TerminateProcessException.
-- Thread wrapup() called.
Called wrapup()
Thread .top.OrderedMerge is exiting.
-- Thread stopped.
-- Blocked Receiver call threw TerminateProcessException.
75 ms. Memory: 120832K Free: 81742K (68%)
.top. Preinitializing ...
Invoking preinitialize():  .top.OrderedMerge
Called preinitialize()
Invoking preinitialize():  .top.Ramp
Called preinitialize()
Invoking preinitialize():  .top.Ramp2
Called preinitialize()
Invoking preinitialize():  .top.Test
Called preinitialize()
.top. Finished preinitialize().
Called initialize().
Invoking initialize():  .top.OrderedMerge
Initializing actor: .top.OrderedMerge
Adding a thread: .top.OrderedMerge
Invoking initialize():  .top.Ramp
Initializing actor: .top.Ramp
Adding a thread: .top.Ramp
Invoking initialize():  .top.Ramp2
Initializing actor: .top.Ramp2
Adding a thread: .top.Ramp2
Invoking initialize():  .top.Test
Initializing actor: .top.Test
Adding a thread: .top.Test
-- Starting thread.
Called initialize()
Called prefire()
-- Starting thread.
Called fire()
Called initialize()
-- Starting thread.
Called initialize()
Called prefire()
Called fire()
Called postfire()
Called prefire()
Called fire()
Called fire().
Checking for deadlock:
There are 2 Blocked actors, 0 Stopped actors, and 4 active threads.
Waiting for actors to stop.
Called prefire()
Called fire()
Called postfire()
Called prefire()
Called fire()
Checking for deadlock:
There are 3 Blocked actors, 0 Stopped actors, and 4 active threads.
Waiting for actors to stop.
-- Starting thread.
Called initialize()
Called prefire()
Called fire()
Read input token from inputA with value 0.0
Next port to read input from is inputB
Called postfire()
Called prefire()
Called fire()
Read input token from inputB with value 0.0
Sent output token with value 0.0
Next port to read input from is inputA
Called postfire()
Called prefire()
Called fire()
-- Read input: 0.0, which is expected to match: 0.0
Called prefire()
Called fire()
Checking for deadlock:
There are 2 Blocked actors, 0 Stopped actors, and 4 active threads.
Waiting for actors to stop.
Called postfire()
Called prefire()
Called fire()
Checking for deadlock:
There are 3 Blocked actors, 0 Stopped actors, and 4 active threads.
Waiting for actors to stop.
Called postfire()
Called prefire()
Called fire()
Checking for deadlock:
There are 3 Blocked actors, 0 Stopped actors, and 4 active threads.
Waiting for actors to stop.
Read input token from inputA with value 1.0
Sent output token with value 0.0
Next port to read input from is inputB
Called postfire()
Called prefire()
Called fire()
Read input token from inputB with value 1.5
Checking for deadlock:
There are 1 Blocked actors, 0 Stopped actors, and 4 active threads.
Waiting for actors to stop.
-- Read input: 0.0, which is expected to match: 0.0
Called prefire()
Called fire()
Called postfire()
Called prefire()
Called fire()
Called postfire()
Called prefire()
Called fire()
Checking for deadlock:
There are 3 Blocked actors, 0 Stopped actors, and 4 active threads.
Waiting for actors to stop.
Sent output token with value 1.0
Next port to read input from is inputA
Called postfire()
Called prefire()
Called fire()
Read input token from inputA with value 2.0
Checking for deadlock:
There are 2 Blocked actors, 0 Stopped actors, and 4 active threads.
Waiting for actors to stop.
-- Read input: 1.0, which is expected to match: 1.0
Called prefire()
Called fire()
Called postfire()
Called prefire()
Called fire()
Checking for deadlock:
There are 3 Blocked actors, 0 Stopped actors, and 4 active threads.
Waiting for actors to stop.
Sent output token with value 1.5
Checking for deadlock:
There are 2 Blocked actors, 0 Stopped actors, and 4 active threads.
Waiting for actors to stop.
-- Read input: 1.5, which is expected to match: 1.5
Called prefire()
Called fire()
Checking for deadlock:
There are 3 Blocked actors, 0 Stopped actors, and 4 active threads.
Waiting for actors to stop.
Next port to read input from is inputB
Called postfire()
Called prefire()
Called fire()
Checking for deadlock:
There are 2 Blocked actors, 0 Stopped actors, and 4 active threads.
Waiting for actors to stop.
Called postfire()
Called prefire()
Called fire()
Checking for deadlock:
There are 3 Blocked actors, 0 Stopped actors, and 4 active threads.
Waiting for actors to stop.
Read input token from inputB with value 3.0
Checking for deadlock:
There are 2 Blocked actors, 0 Stopped actors, and 4 active threads.
Waiting for actors to stop.
-- Read input: 2.0, which is expected to match: 2.0
Called prefire()
Called fire()
Checking for deadlock:
There are 3 Blocked actors, 0 Stopped actors, and 4 active threads.
Waiting for actors to stop.
Sent output token with value 2.0
Next port to read input from is inputA
Called postfire()
Called prefire()
Called fire()
Checking for deadlock:
There are 2 Blocked actors, 0 Stopped actors, and 4 active threads.
Waiting for actors to stop.
Called postfire()
Called prefire()
Called fire()
Checking for deadlock:
There are 3 Blocked actors, 0 Stopped actors, and 4 active threads.
Waiting for actors to stop.
Read input token from inputA with value 3.0
Sent output token with value 3.0
Next port to read input from is inputB
Called postfire()
Called prefire()
Called fire()
Read input token from inputB with value 4.5
Checking for deadlock:
There are 2 Blocked actors, 0 Stopped actors, and 4 active threads.
Waiting for actors to stop.
-- Read input: 3.0, which is expected to match: 3.0
Called prefire()
Called fire()
Called postfire()
Called prefire()
Called fire()
Checking for deadlock:
There are 3 Blocked actors, 0 Stopped actors, and 4 active threads.
Waiting for actors to stop.
Checking for deadlock:
There are 2 Blocked actors, 0 Stopped actors, and 4 active threads.
Waiting for actors to stop.
-- Read input: 3.0, which is expected to match: 3.0
Called prefire()
Called fire()
Checking for deadlock:
There are 3 Blocked actors, 0 Stopped actors, and 4 active threads.
Waiting for actors to stop.
Sent output token with value 3.0
Next port to read input from is inputA
Called postfire()
Called prefire()
Called fire()
Checking for deadlock:
There are 2 Blocked actors, 0 Stopped actors, and 4 active threads.
Waiting for actors to stop.
Called postfire()
Called prefire()
Called fire()
Checking for deadlock:
There are 3 Blocked actors, 0 Stopped actors, and 4 active threads.
Waiting for actors to stop.
Read input token from inputA with value 4.0
Sent output token with value 4.0
Next port to read input from is inputA
Called postfire()
Called prefire()
Called fire()
Read input token from inputA with value 5.0
Checking for deadlock:
There are 2 Blocked actors, 0 Stopped actors, and 4 active threads.
Waiting for actors to stop.
-- Read input: 4.0, which is expected to match: 4.0
Called prefire()
Called fire()
Past the end of training data. Read and discard all inputs.
Called postfire()
Called prefire()
Called fire()
Checking for deadlock:
There are 3 Blocked actors, 0 Stopped actors, and 4 active threads.
Waiting for actors to stop.
Sent output token with value 4.5
Next port to read input from is inputB
Called postfire()
Called prefire()
Called fire()
Called postfire()
Called prefire()
Called fire()
Checking for deadlock:
There are 2 Blocked actors, 0 Stopped actors, and 4 active threads.
Waiting for actors to stop.
Called prefire()
Called fire()
Past the end of training data. Read and discard all inputs.
Checking for deadlock:
There are 3 Blocked actors, 0 Stopped actors, and 4 active threads.
Waiting for actors to stop.
Read input token from inputB with value 6.0
Called prefire()
Called fire()
Past the end of training data. Read and discard all inputs.
Checking for deadlock:
There are 3 Blocked actors, 0 Stopped actors, and 4 active threads.
Waiting for actors to stop.
Sent output token with value 5.0
Next port to read input from is inputA
Called postfire()
Called prefire()
Called fire()
Checking for deadlock:
There are 2 Blocked actors, 0 Stopped actors, and 4 active threads.
Waiting for actors to stop.
Called postfire()
Called prefire()
Called fire()
Checking for deadlock:
There are 3 Blocked actors, 0 Stopped actors, and 4 active threads.
Waiting for actors to stop.
Read input token from inputA with value 6.0
Sent output token with value 6.0
Next port to read input from is inputB
Called postfire()
Called prefire()
Called fire()
Read input token from inputB with value 7.5
Called postfire()
Called prefire()
Called fire()
Checking for deadlock:
There are 3 Blocked actors, 0 Stopped actors, and 4 active threads.
Waiting for actors to stop.
Called prefire()
Called fire()
Past the end of training data. Read and discard all inputs.
Checking for deadlock:
There are 3 Blocked actors, 0 Stopped actors, and 4 active threads.
Waiting for actors to stop.
Called prefire()
Called fire()
Past the end of training data. Read and discard all inputs.
Checking for deadlock:
There are 3 Blocked actors, 0 Stopped actors, and 4 active threads.
Waiting for actors to stop.
Sent output token with value 6.0
Next port to read input from is inputA
Called postfire()
Called prefire()
Called fire()
Checking for deadlock:
There are 2 Blocked actors, 0 Stopped actors, and 4 active threads.
Waiting for actors to stop.
Called postfire()
Called prefire()
Called fire()
Checking for deadlock:
There are 3 Blocked actors, 0 Stopped actors, and 4 active threads.
Waiting for actors to stop.
Read input token from inputA with value 7.0
Checking for deadlock:
There are 2 Blocked actors, 0 Stopped actors, and 4 active threads.
Waiting for actors to stop.
Called prefire()
Called fire()
Past the end of training data. Read and discard all inputs.
Checking for deadlock:
There are 3 Blocked actors, 0 Stopped actors, and 4 active threads.
Waiting for actors to stop.
Sent output token with value 7.0
Next port to read input from is inputA
Called postfire()
Called prefire()
Called fire()
Checking for deadlock:
There are 2 Blocked actors, 0 Stopped actors, and 4 active threads.
Waiting for actors to stop.
-- Thread wrapup() called.
Called wrapup()
Thread .top.Ramp is exiting.
Checking for deadlock:
There are 2 Blocked actors, 0 Stopped actors, and 3 active threads.
Waiting for actors to stop.
-- Thread stopped.
Read input token from inputA with value 8.0
Called prefire()
Called fire()
Past the end of training data. Read and discard all inputs.
Checking for deadlock:
There are 2 Blocked actors, 0 Stopped actors, and 3 active threads.
Waiting for actors to stop.
Sent output token with value 7.5
Next port to read input from is inputB
Called postfire()
Called prefire()
Called fire()
Checking for deadlock:
There are 1 Blocked actors, 0 Stopped actors, and 3 active threads.
Waiting for actors to stop.
Called postfire()
Called prefire()
Called fire()
Checking for deadlock:
There are 2 Blocked actors, 0 Stopped actors, and 3 active threads.
Waiting for actors to stop.
Read input token from inputB with value 9.0
Checking for deadlock:
There are 1 Blocked actors, 0 Stopped actors, and 3 active threads.
Waiting for actors to stop.
Called prefire()
Called fire()
Past the end of training data. Read and discard all inputs.
Checking for deadlock:
There are 2 Blocked actors, 0 Stopped actors, and 3 active threads.
Waiting for actors to stop.
Sent output token with value 8.0
Next port to read input from is inputA
Called postfire()
Called prefire()
Called fire()
Read input token from inputA with value 9.0
Called prefire()
Called fire()
Past the end of training data. Read and discard all inputs.
Checking for deadlock:
There are 2 Blocked actors, 0 Stopped actors, and 3 active threads.
Waiting for actors to stop.
Sent output token with value 9.0
Next port to read input from is inputB
Called postfire()
Called prefire()
Called fire()
Called postfire()
Called prefire()
Called fire()
Checking for deadlock:
There are 2 Blocked actors, 0 Stopped actors, and 3 active threads.
Waiting for actors to stop.
Read input token from inputB with value 10.5
Called prefire()
Called fire()
Past the end of training data. Read and discard all inputs.
Checking for deadlock:
There are 2 Blocked actors, 0 Stopped actors, and 3 active threads.
Waiting for actors to stop.
Sent output token with value 9.0
Next port to read input from is inputA
Called postfire()
Called prefire()
Called fire()
Checking for deadlock:
There are 3 Blocked actors, 0 Stopped actors, and 3 active threads.
Actors have stopped.
Checking for deadlock:
There are 3 Blocked actors, 0 Stopped actors, and 3 active threads.
Deadlock detected.
Resolving Deadlock
Checking for deadlock:
There are 3 Blocked actors, 0 Stopped actors, and 3 active threads.
Artificial Deadlock - increasing queue capacity.
increasing the capacity of receiver ptolemy.actor.TypedIOPort {.top.OrderedMerge.inputB} to 2
Director: Called postfire().
Called postfire().
_stopRequested = false
_stopFireRequested = false
Returning from postfire(): true
Called fire().
Checking for deadlock:
There are 2 Blocked actors, 0 Stopped actors, and 3 active threads.
Waiting for actors to stop.
-- Thread wrapup() called.
Called wrapup()
Thread .top.Ramp2 is exiting.
-- Thread stopped.
Checking for deadlock:
There are 2 Blocked actors, 0 Stopped actors, and 2 active threads.
Actors have stopped.
Checking for deadlock:
There are 2 Blocked actors, 0 Stopped actors, and 2 active threads.
Deadlock detected.
Resolving Deadlock
Checking for deadlock:
There are 2 Blocked actors, 0 Stopped actors, and 2 active threads.
Deadlock detected: no processes blocked on write, but some are blocked on read.
Called postfire().
_stopRequested = false
_stopFireRequested = false
Returning from postfire(): false
Finished deactivating branches.
Called wrapup().
-- Thread wrapup() called.
Called wrapup()
-- Thread wrapup() called.
Called wrapup()
Thread .top.Test is exiting.
-- Thread stopped.
-- Blocked Receiver call threw TerminateProcessException.
Thread .top.OrderedMerge is exiting.
-- Thread stopped.
-- Blocked Receiver call threw TerminateProcessException.
33 ms. Memory: 120832K Free: 80208K (66%)
/home/travis/build/icyphy/ptII/ptolemy/actor/lib/test/Publisher.tcl
17 ms. Memory: 120832K Free: 74064K (61%)
4 ms. Memory: 120832K Free: 68430K (57%)
3 ms. Memory: 120832K Free: 64848K (54%)
4 ms. Memory: 120832K Free: 63824K (53%)
8 ms. Memory: 120832K Free: 63296K (52%)
13 ms. Memory: 120832K Free: 62272K (52%)
22 ms. Memory: 152576K Free: 137023K (90%)
4 ms. Memory: 152576K Free: 136527K (89%)
27 ms. Memory: 152576K Free: 133619K (88%)
5 ms. Memory: 152576K Free: 130037K (85%)
3 ms. Memory: 152576K Free: 129013K (85%)
4 ms. Memory: 152576K Free: 126965K (83%)
14 ms. Memory: 152576K Free: 119269K (78%)
8 ms. Memory: 152576K Free: 109557K (72%)
6 ms. Memory: 152576K Free: 98789K (65%)
/home/travis/build/icyphy/ptII/ptolemy/actor/lib/test/Pulse.tcl
2 ms. Memory: 152576K Free: 102410K (67%)
1 ms. Memory: 152576K Free: 101914K (67%)
5 ms. Memory: 152576K Free: 101400K (66%)
2 ms. Memory: 152576K Free: 100890K (66%)
1 ms. Memory: 152576K Free: 100376K (66%)
8 ms. Memory: 152576K Free: 99352K (65%)
9 ms. Memory: 152576K Free: 98314K (64%)
1 ms. Memory: 152576K Free: 97290K (64%)
1 ms. Memory: 152576K Free: 96794K (63%)
/home/travis/build/icyphy/ptII/ptolemy/actor/lib/test/Ramp.tcl
5 ms. Memory: 152576K Free: 94746K (62%)
5 ms. Memory: 152576K Free: 94218K (62%)
3 ms. Memory: 152576K Free: 93208K (61%)
2 ms. Memory: 152576K Free: 92698K (61%)
8 ms. Memory: 152576K Free: 91674K (60%)
8 ms. Memory: 152576K Free: 90650K (59%)
6 ms. Memory: 152576K Free: 90122K (59%)
5 actors
13000 microseconds per iteration to create
11 ms. Memory: 152576K Free: 87064K (57%)
4 ms. Memory: 152576K Free: 86554K (57%)
2 ms. Memory: 152576K Free: 86026K (56%)
2 ms. Memory: 152576K Free: 85530K (56%)
50 actors
45000 microseconds per iteration to create
56 ms. Memory: 152576K Free: 123738K (81%)
5 ms. Memory: 152576K Free: 122700K (80%)
12 ms. Memory: 152576K Free: 121676K (80%)
13 ms. Memory: 152576K Free: 120666K (79%)
500 actors
1676000 microseconds per iteration to create
287 ms. Memory: 183296K Free: 130428K (71%)
52 ms. Memory: 183296K Free: 125308K (68%)
37 ms. Memory: 183296K Free: 119674K (65%)
35 ms. Memory: 183296K Free: 114547K (62%)
/home/travis/build/icyphy/ptII/ptolemy/actor/lib/test/RampContinuous.tcl
6 ms. Memory: 183296K Free: 113020K (62%)
/home/travis/build/icyphy/ptII/ptolemy/actor/lib/test/RecordAssembler.tcl
4 ms. Memory: 183296K Free: 111482K (61%)
3 ms. Memory: 183296K Free: 110458K (60%)
/home/travis/build/icyphy/ptII/ptolemy/actor/lib/test/RecordDisassembler.tcl
6 ms. Memory: 183296K Free: 108924K (59%)
3 ms. Memory: 183296K Free: 107900K (59%)
3 ms. Memory: 183296K Free: 106876K (58%)
/home/travis/build/icyphy/ptII/ptolemy/actor/lib/test/Scale.tcl
3 ms. Memory: 183296K Free: 105338K (57%)
1 ms. Memory: 183296K Free: 104299K (57%)
1 ms. Memory: 183296K Free: 103804K (57%)
2 ms. Memory: 183296K Free: 102780K (56%)
2 ms. Memory: 183296K Free: 101756K (56%)
/home/travis/build/icyphy/ptII/ptolemy/actor/lib/test/SequentialClock.tcl
preinitializing
resolving types
initializing
executing number 1
wrapping up
idle
2 ms. Memory: 183296K Free: 100732K (55%)
Completed execution with 5 iterations
preinitializing
resolving types
initializing
executing number 1
wrapping up
idle
1 ms. Memory: 183296K Free: 100218K (55%)
Completed execution with 5 iterations
preinitializing
resolving types
initializing
executing number 1
wrapping up
idle
1 ms. Memory: 183296K Free: 99708K (54%)
Completed execution with 5 iterations
/home/travis/build/icyphy/ptII/ptolemy/actor/lib/test/SetVariable.tcl
4 ms. Memory: 183296K Free: 97660K (53%)


==== $PTII/ptolemy/actor/lib/test/SetVariable.tcl: SetVariable-3.1 changeFailed
==== Contents of test case:

    #Uses 2.1 above
    jdkCaptureErr {
        # This test was failing if we ran Exit.tcl and then this test.
        # MessageHandler.error() now actually throws the Exception.
	catch {$setVariable changeFailed [java::null]  [java::new Exception {Test exception for SetVariable.changeFailed()}]} errMsg
    } results
    list [string range $results 0 89] "\n" $errMsg

==== Result was:
{java.lang.Exception: Test exception for SetVariable.changeFailed()
	at java.base/jdk.inter} {
} {java.lang.RuntimeException: java.lang.Exception: Test exception for SetVariable.changeFailed()}
---- Result should have been:
{Failed to set variable.
java.lang.Exception: Test exception for SetVariable.changeFailed()} {
} {java.lang.RuntimeException: java.lang.Exception: Test exception for SetVariable.changeFailed()}
---- SetVariable-3.1 FAILED
/home/travis/build/icyphy/ptII/ptolemy/actor/lib/test/Sinewave.tcl
/home/travis/build/icyphy/ptII/ptolemy/actor/lib/test/SubscriptionAggregator.tcl
4 ms. Memory: 183296K Free: 85875K (47%)
3 ms. Memory: 183296K Free: 84858K (46%)
1 ms. Memory: 183296K Free: 84348K (46%)
1 ms. Memory: 183296K Free: 84348K (46%)
2 ms. Memory: 183296K Free: 80755K (44%)
18 ms. Memory: 183296K Free: 78714K (43%)
...............................................................1174 ms. Memory: 258048K Free: 171877K (67%)
/home/travis/build/icyphy/ptII/ptolemy/actor/lib/test/Test.tcl
 The next command will produce a warning about training mode,
   which may be ignored.
4 ms. Memory: 258048K Free: 169810K (66%)
3 ms. Memory: 258048K Free: 168817K (65%)
2 ms. Memory: 258048K Free: 168307K (65%)
1 ms. Memory: 258048K Free: 167778K (65%)
1 ms. Memory: 258048K Free: 167283K (65%)
3 ms. Memory: 258048K Free: 165745K (64%)
2 ms. Memory: 258048K Free: 164706K (64%)
 The next command will produce a warning about training mode,
   which may be ignored.
3 ms. Memory: 258048K Free: 162163K (63%)
 The next command will produce a warning about training mode,
   which may be ignored.
2 ms. Memory: 258048K Free: 161139K (62%)
1 ms. Memory: 258048K Free: 160610K (62%)
1 ms. Memory: 258048K Free: 160115K (62%)
1 ms. Memory: 258048K Free: 159586K (62%)
6 ms. Memory: 258048K Free: 158577K (61%)
2 ms. Memory: 258048K Free: 154995K (60%)
/home/travis/build/icyphy/ptII/ptolemy/actor/lib/test/TestExceptionHandler.tcl
 The next command will produce a warning about training mode,
   which may be ignored.
3 ms. Memory: 258048K Free: 153457K (59%)
0 ms. Memory: 258048K Free: 152947K (59%)
1 ms. Memory: 258048K Free: 152426K (59%)
/home/travis/build/icyphy/ptII/ptolemy/actor/lib/test/UnionDisassembler.tcl
13 ms. Memory: 258048K Free: 145250K (56%)
/home/travis/build/icyphy/ptII/ptolemy/actor/lib/test/VariableClock.tcl
preinitializing
resolving types
initializing
executing number 1
wrapping up
idle
3 ms. Memory: 258048K Free: 143210K (55%)
Completed execution with 11 iterations
preinitializing
resolving types
initializing
executing number 1
wrapping up
idle
3 ms. Memory: 258048K Free: 142162K (55%)
Completed execution with 10 iterations
10/10/19 10:29:47
Failed: 1  Total Tests: 234  ((Passed: 233, Newly Passed: 0)  Known Failed: 0) /home/travis/build/icyphy/ptII/ptolemy/actor/lib/test
----------------- testing (KnownFailure) /home/travis/build/icyphy/ptII/ptolemy/actor/lib/test/auto/knownFailedTests/PublisherPortToplevelSubscriber.xml
1 ms. Memory: 258048K Free: 138611K (54%)
Known Failure: java.lang.reflect.InvocationTargetException
----------------- testing (KnownFailure) /home/travis/build/icyphy/ptII/ptolemy/actor/lib/test/auto/knownFailedTests/PublisherSubscriberPortToplevel.xml
1 ms. Memory: 258048K Free: 135025K (52%)
Known Failure: java.lang.reflect.InvocationTargetException
----------------- testing (KnownFailure) /home/travis/build/icyphy/ptII/ptolemy/actor/lib/test/auto/knownFailedTests/PublisherSubscriptionAggregatorPort.xml
1 ms. Memory: 258048K Free: 130929K (51%)
Known Failure: java.lang.reflect.InvocationTargetException
----------------- testing (KnownFailure) /home/travis/build/icyphy/ptII/ptolemy/actor/lib/test/auto/knownFailedTests/sizedarray3.xml
3 ms. Memory: 258048K Free: 126323K (49%)
Known Failure: java.lang.reflect.InvocationTargetException
No auto/linux-amd64/*.xml tests in /home/travis/build/icyphy/ptII/ptolemy/actor/lib/test
AutoTests.java: About to close Vertx.
AutoTests.java: Vertx closed.

===========================================================================================
----------------- testing Thu Oct 10 22:29:48 UTC 2019 /home/travis/build/icyphy/ptII/ptolemy/actor/lib/test/auto/AbsoluteValue.xml
----------------- Instantiating /home/travis/build/icyphy/ptII/ptolemy/actor/lib/test/auto/AbsoluteValue.xml
4 ms. Memory: 258048K Free: 103281K (40%)
----------------- Invoking toplevel() on ptolemy.moml.MoMLSimpleApplication@48e41628
----------------- Done invoking toplevel() on ptolemy.moml.MoMLSimpleApplication@48e41628
reloadAllAccessors: .AbsoluteValue

===========================================================================================
----------------- testing Thu Oct 10 22:29:48 UTC 2019 /home/travis/build/icyphy/ptII/ptolemy/actor/lib/test/auto/AbsoluteValue2.xml
----------------- Instantiating /home/travis/build/icyphy/ptII/ptolemy/actor/lib/test/auto/AbsoluteValue2.xml
5 ms. Memory: 258048K Free: 96627K (37%)
----------------- Invoking toplevel() on ptolemy.moml.MoMLSimpleApplication@7be5fed5
----------------- Done invoking toplevel() on ptolemy.moml.MoMLSimpleApplication@7be5fed5
reloadAllAccessors: .AbsoluteValue2

===========================================================================================
----------------- testing Thu Oct 10 22:29:48 UTC 2019 /home/travis/build/icyphy/ptII/ptolemy/actor/lib/test/auto/Accumulator.xml
----------------- Instantiating /home/travis/build/icyphy/ptII/ptolemy/actor/lib/test/auto/Accumulator.xml
6 ms. Memory: 258048K Free: 89969K (35%)
----------------- Invoking toplevel() on ptolemy.moml.MoMLSimpleApplication@184de287
----------------- Done invoking toplevel() on ptolemy.moml.MoMLSimpleApplication@184de287
reloadAllAccessors: .Accumulator

===========================================================================================
----------------- testing Thu Oct 10 22:29:48 UTC 2019 /home/travis/build/icyphy/ptII/ptolemy/actor/lib/test/auto/Accumulator2.xml
----------------- Instantiating /home/travis/build/icyphy/ptII/ptolemy/actor/lib/test/auto/Accumulator2.xml
3 ms. Memory: 258048K Free: 84849K (33%)
----------------- Invoking toplevel() on ptolemy.moml.MoMLSimpleApplication@5296631a
----------------- Done invoking toplevel() on ptolemy.moml.MoMLSimpleApplication@5296631a
reloadAllAccessors: .Accumulator2

===========================================================================================
----------------- testing Thu Oct 10 22:29:48 UTC 2019 /home/travis/build/icyphy/ptII/ptolemy/actor/lib/test/auto/Accumulator3.xml
----------------- Instantiating /home/travis/build/icyphy/ptII/ptolemy/actor/lib/test/auto/Accumulator3.xml
10 ms. Memory: 258048K Free: 80753K (31%)
----------------- Invoking toplevel() on ptolemy.moml.MoMLSimpleApplication@256fd6b0
----------------- Done invoking toplevel() on ptolemy.moml.MoMLSimpleApplication@256fd6b0
reloadAllAccessors: .Accumulator3

===========================================================================================
----------------- testing Thu Oct 10 22:29:48 UTC 2019 /home/travis/build/icyphy/ptII/ptolemy/actor/lib/test/auto/ArrayAppend.xml
----------------- Instantiating /home/travis/build/icyphy/ptII/ptolemy/actor/lib/test/auto/ArrayAppend.xml
8 ms. Memory: 258048K Free: 205312K (80%)
----------------- Invoking toplevel() on ptolemy.moml.MoMLSimpleApplication@68268b88
----------------- Done invoking toplevel() on ptolemy.moml.MoMLSimpleApplication@68268b88
reloadAllAccessors: .ArrayAppend

===========================================================================================
----------------- testing Thu Oct 10 22:29:48 UTC 2019 /home/travis/build/icyphy/ptII/ptolemy/actor/lib/test/auto/ArrayAppend2.xml
----------------- Instantiating /home/travis/build/icyphy/ptII/ptolemy/actor/lib/test/auto/ArrayAppend2.xml
382 ms. Memory: 258048K Free: 122878K (48%)
----------------- Invoking toplevel() on ptolemy.moml.MoMLSimpleApplication@3aaa1c1d
----------------- Done invoking toplevel() on ptolemy.moml.MoMLSimpleApplication@3aaa1c1d
reloadAllAccessors: .ArrayAppend2

===========================================================================================
----------------- testing Thu Oct 10 22:29:48 UTC 2019 /home/travis/build/icyphy/ptII/ptolemy/actor/lib/test/auto/ArrayAppend3.xml
----------------- Instantiating /home/travis/build/icyphy/ptII/ptolemy/actor/lib/test/auto/ArrayAppend3.xml
3 ms. Memory: 258048K Free: 117758K (46%)
----------------- Invoking toplevel() on ptolemy.moml.MoMLSimpleApplication@b5369e9
----------------- Done invoking toplevel() on ptolemy.moml.MoMLSimpleApplication@b5369e9
reloadAllAccessors: .ArrayAppend3

===========================================================================================
----------------- testing Thu Oct 10 22:29:48 UTC 2019 /home/travis/build/icyphy/ptII/ptolemy/actor/lib/test/auto/ArrayAppend4.xml
----------------- Instantiating /home/travis/build/icyphy/ptII/ptolemy/actor/lib/test/auto/ArrayAppend4.xml
4 ms. Memory: 258048K Free: 112638K (44%)
----------------- Invoking toplevel() on ptolemy.moml.MoMLSimpleApplication@556a82f4
----------------- Done invoking toplevel() on ptolemy.moml.MoMLSimpleApplication@556a82f4
reloadAllAccessors: .ArrayAppend4

===========================================================================================
----------------- testing Thu Oct 10 22:29:48 UTC 2019 /home/travis/build/icyphy/ptII/ptolemy/actor/lib/test/auto/ArrayAppend5.xml
----------------- Instantiating /home/travis/build/icyphy/ptII/ptolemy/actor/lib/test/auto/ArrayAppend5.xml
3 ms. Memory: 258048K Free: 107518K (42%)
----------------- Invoking toplevel() on ptolemy.moml.MoMLSimpleApplication@9429e7e
----------------- Done invoking toplevel() on ptolemy.moml.MoMLSimpleApplication@9429e7e
reloadAllAccessors: .ArrayAppend5

===========================================================================================
----------------- testing Thu Oct 10 22:29:48 UTC 2019 /home/travis/build/icyphy/ptII/ptolemy/actor/lib/test/auto/ArrayAppend6.xml
----------------- Instantiating /home/travis/build/icyphy/ptII/ptolemy/actor/lib/test/auto/ArrayAppend6.xml
3 ms. Memory: 258048K Free: 102398K (40%)
----------------- Invoking toplevel() on ptolemy.moml.MoMLSimpleApplication@559a909b
----------------- Done invoking toplevel() on ptolemy.moml.MoMLSimpleApplication@559a909b
reloadAllAccessors: .ArrayAppend6

===========================================================================================
----------------- testing Thu Oct 10 22:29:48 UTC 2019 /home/travis/build/icyphy/ptII/ptolemy/actor/lib/test/auto/ArrayAppendPerformanceTest.xml
----------------- Instantiating /home/travis/build/icyphy/ptII/ptolemy/actor/lib/test/auto/ArrayAppendPerformanceTest.xml
30 ms. Memory: 258048K Free: 92158K (36%)
----------------- Invoking toplevel() on ptolemy.moml.MoMLSimpleApplication@6a93cb92
----------------- Done invoking toplevel() on ptolemy.moml.MoMLSimpleApplication@6a93cb92
reloadAllAccessors: .ArrayAppendPerformanceTest

===========================================================================================
----------------- testing Thu Oct 10 22:29:49 UTC 2019 /home/travis/build/icyphy/ptII/ptolemy/actor/lib/test/auto/ArrayAppendWithEmptyInput.xml
----------------- Instantiating /home/travis/build/icyphy/ptII/ptolemy/actor/lib/test/auto/ArrayAppendWithEmptyInput.xml
14 ms. Memory: 258048K Free: 83966K (33%)
----------------- Invoking toplevel() on ptolemy.moml.MoMLSimpleApplication@a10bbd7
----------------- Done invoking toplevel() on ptolemy.moml.MoMLSimpleApplication@a10bbd7
reloadAllAccessors: .ArrayAppendWithEmptyInput

===========================================================================================
----------------- testing Thu Oct 10 22:29:49 UTC 2019 /home/travis/build/icyphy/ptII/ptolemy/actor/lib/test/auto/ArrayAverage.xml
----------------- Instantiating /home/travis/build/icyphy/ptII/ptolemy/actor/lib/test/auto/ArrayAverage.xml
5 ms. Memory: 258048K Free: 76288K (30%)
----------------- Invoking toplevel() on ptolemy.moml.MoMLSimpleApplication@2fca6bcb
----------------- Done invoking toplevel() on ptolemy.moml.MoMLSimpleApplication@2fca6bcb
reloadAllAccessors: .ArrayAverage

===========================================================================================
----------------- testing Thu Oct 10 22:29:49 UTC 2019 /home/travis/build/icyphy/ptII/ptolemy/actor/lib/test/auto/ArrayContains.xml
----------------- Instantiating /home/travis/build/icyphy/ptII/ptolemy/actor/lib/test/auto/ArrayContains.xml
2 ms. Memory: 258048K Free: 69630K (27%)
----------------- Invoking toplevel() on ptolemy.moml.MoMLSimpleApplication@740962f2
----------------- Done invoking toplevel() on ptolemy.moml.MoMLSimpleApplication@740962f2
reloadAllAccessors: .ArrayContains

===========================================================================================
----------------- testing Thu Oct 10 22:29:49 UTC 2019 /home/travis/build/icyphy/ptII/ptolemy/actor/lib/test/auto/ArrayElement.xml
----------------- Instantiating /home/travis/build/icyphy/ptII/ptolemy/actor/lib/test/auto/ArrayElement.xml
4 ms. Memory: 516096K Free: 465406K (90%)
----------------- Invoking toplevel() on ptolemy.moml.MoMLSimpleApplication@28841b63
----------------- Done invoking toplevel() on ptolemy.moml.MoMLSimpleApplication@28841b63
reloadAllAccessors: .ArrayElement

===========================================================================================
----------------- testing Thu Oct 10 22:29:49 UTC 2019 /home/travis/build/icyphy/ptII/ptolemy/actor/lib/test/auto/ArrayElementAsMatrix.xml
----------------- Instantiating /home/travis/build/icyphy/ptII/ptolemy/actor/lib/test/auto/ArrayElementAsMatrix.xml
16 ms. Memory: 516096K Free: 455166K (88%)
----------------- Invoking toplevel() on ptolemy.moml.MoMLSimpleApplication@b40bac5
----------------- Done invoking toplevel() on ptolemy.moml.MoMLSimpleApplication@b40bac5
reloadAllAccessors: .ArrayElementAsMatrix

===========================================================================================
----------------- testing Thu Oct 10 22:29:49 UTC 2019 /home/travis/build/icyphy/ptII/ptolemy/actor/lib/test/auto/ArrayElementI.xml
----------------- Instantiating /home/travis/build/icyphy/ptII/ptolemy/actor/lib/test/auto/ArrayElementI.xml
3 ms. Memory: 516096K Free: 450046K (87%)
----------------- Invoking toplevel() on ptolemy.moml.MoMLSimpleApplication@30a88cff
----------------- Done invoking toplevel() on ptolemy.moml.MoMLSimpleApplication@30a88cff
reloadAllAccessors: .ArrayElementI

===========================================================================================
----------------- testing Thu Oct 10 22:29:49 UTC 2019 /home/travis/build/icyphy/ptII/ptolemy/actor/lib/test/auto/ArrayExtract.xml
----------------- Instantiating /home/travis/build/icyphy/ptII/ptolemy/actor/lib/test/auto/ArrayExtract.xml
6 ms. Memory: 516096K Free: 441854K (86%)
----------------- Invoking toplevel() on ptolemy.moml.MoMLSimpleApplication@4d189f93
----------------- Done invoking toplevel() on ptolemy.moml.MoMLSimpleApplication@4d189f93
reloadAllAccessors: .ArrayExtract

===========================================================================================
----------------- testing Thu Oct 10 22:29:49 UTC 2019 /home/travis/build/icyphy/ptII/ptolemy/actor/lib/test/auto/ArrayExtract2.xml
----------------- Instantiating /home/travis/build/icyphy/ptII/ptolemy/actor/lib/test/auto/ArrayExtract2.xml
4 ms. Memory: 516096K Free: 436703K (85%)
----------------- Invoking toplevel() on ptolemy.moml.MoMLSimpleApplication@7a7b597e
----------------- Done invoking toplevel() on ptolemy.moml.MoMLSimpleApplication@7a7b597e
reloadAllAccessors: .ArrayExtract2

===========================================================================================
----------------- testing Thu Oct 10 22:29:49 UTC 2019 /home/travis/build/icyphy/ptII/ptolemy/actor/lib/test/auto/ArrayLength.xml
----------------- Instantiating /home/travis/build/icyphy/ptII/ptolemy/actor/lib/test/auto/ArrayLength.xml
2 ms. Memory: 516096K Free: 432638K (84%)
----------------- Invoking toplevel() on ptolemy.moml.MoMLSimpleApplication@78aa21fc
----------------- Done invoking toplevel() on ptolemy.moml.MoMLSimpleApplication@78aa21fc
reloadAllAccessors: .ArrayLength

===========================================================================================
----------------- testing Thu Oct 10 22:29:49 UTC 2019 /home/travis/build/icyphy/ptII/ptolemy/actor/lib/test/auto/ArrayLevelCrossing.xml
----------------- Instantiating /home/travis/build/icyphy/ptII/ptolemy/actor/lib/test/auto/ArrayLevelCrossing.xml
4 ms. Memory: 516096K Free: 424960K (82%)
----------------- Invoking toplevel() on ptolemy.moml.MoMLSimpleApplication@7f1d9b0
----------------- Done invoking toplevel() on ptolemy.moml.MoMLSimpleApplication@7f1d9b0
reloadAllAccessors: .ArrayLevelCrossing

===========================================================================================
----------------- testing Thu Oct 10 22:29:49 UTC 2019 /home/travis/build/icyphy/ptII/ptolemy/actor/lib/test/auto/ArrayLevelCrossing2.xml
----------------- Instantiating /home/travis/build/icyphy/ptII/ptolemy/actor/lib/test/auto/ArrayLevelCrossing2.xml
3 ms. Memory: 516096K Free: 417792K (81%)
----------------- Invoking toplevel() on ptolemy.moml.MoMLSimpleApplication@7764636c
----------------- Done invoking toplevel() on ptolemy.moml.MoMLSimpleApplication@7764636c
reloadAllAccessors: .ArrayLevelCrossing2

===========================================================================================
----------------- testing Thu Oct 10 22:29:49 UTC 2019 /home/travis/build/icyphy/ptII/ptolemy/actor/lib/test/auto/ArrayPeakSearch.xml
----------------- Instantiating /home/travis/build/icyphy/ptII/ptolemy/actor/lib/test/auto/ArrayPeakSearch.xml
5 ms. Memory: 516096K Free: 409086K (79%)
----------------- Invoking toplevel() on ptolemy.moml.MoMLSimpleApplication@61b4862a
----------------- Done invoking toplevel() on ptolemy.moml.MoMLSimpleApplication@61b4862a
reloadAllAccessors: .ArrayPeakSearch

===========================================================================================
----------------- testing Thu Oct 10 22:29:49 UTC 2019 /home/travis/build/icyphy/ptII/ptolemy/actor/lib/test/auto/ArrayPeakSearch2.xml
----------------- Instantiating /home/travis/build/icyphy/ptII/ptolemy/actor/lib/test/auto/ArrayPeakSearch2.xml
5 ms. Memory: 516096K Free: 398336K (77%)
----------------- Invoking toplevel() on ptolemy.moml.MoMLSimpleApplication@648bae71
----------------- Done invoking toplevel() on ptolemy.moml.MoMLSimpleApplication@648bae71
reloadAllAccessors: .ArrayPeakSearch2

===========================================================================================
----------------- testing Thu Oct 10 22:29:49 UTC 2019 /home/travis/build/icyphy/ptII/ptolemy/actor/lib/test/auto/ArrayPeakSearch3.xml
----------------- Instantiating /home/travis/build/icyphy/ptII/ptolemy/actor/lib/test/auto/ArrayPeakSearch3.xml
4 ms. Memory: 516096K Free: 389630K (75%)
----------------- Invoking toplevel() on ptolemy.moml.MoMLSimpleApplication@6d46ce26
----------------- Done invoking toplevel() on ptolemy.moml.MoMLSimpleApplication@6d46ce26
reloadAllAccessors: .ArrayPeakSearch3

===========================================================================================
----------------- testing Thu Oct 10 22:29:49 UTC 2019 /home/travis/build/icyphy/ptII/ptolemy/actor/lib/test/auto/ArrayRemoveElement.xml
----------------- Instantiating /home/travis/build/icyphy/ptII/ptolemy/actor/lib/test/auto/ArrayRemoveElement.xml
4 ms. Memory: 516096K Free: 381438K (74%)
----------------- Invoking toplevel() on ptolemy.moml.MoMLSimpleApplication@355f892
----------------- Done invoking toplevel() on ptolemy.moml.MoMLSimpleApplication@355f892
reloadAllAccessors: .ArrayRemoveElement

===========================================================================================
----------------- testing Thu Oct 10 22:29:49 UTC 2019 /home/travis/build/icyphy/ptII/ptolemy/actor/lib/test/auto/ArraySort.xml
----------------- Instantiating /home/travis/build/icyphy/ptII/ptolemy/actor/lib/test/auto/ArraySort.xml
9 ms. Memory: 516096K Free: 372736K (72%)
----------------- Invoking toplevel() on ptolemy.moml.MoMLSimpleApplication@77309b87
----------------- Done invoking toplevel() on ptolemy.moml.MoMLSimpleApplication@77309b87
reloadAllAccessors: .ArraySort

===========================================================================================
----------------- testing Thu Oct 10 22:29:49 UTC 2019 /home/travis/build/icyphy/ptII/ptolemy/actor/lib/test/auto/ArraySum.xml
----------------- Instantiating /home/travis/build/icyphy/ptII/ptolemy/actor/lib/test/auto/ArraySum.xml
3 ms. Memory: 516096K Free: 367102K (71%)
----------------- Invoking toplevel() on ptolemy.moml.MoMLSimpleApplication@2624d019
----------------- Done invoking toplevel() on ptolemy.moml.MoMLSimpleApplication@2624d019
reloadAllAccessors: .ArraySum

===========================================================================================
----------------- testing Thu Oct 10 22:29:49 UTC 2019 /home/travis/build/icyphy/ptII/ptolemy/actor/lib/test/auto/ArrayToElements.xml
----------------- Instantiating /home/travis/build/icyphy/ptII/ptolemy/actor/lib/test/auto/ArrayToElements.xml
8 ms. Memory: 516096K Free: 361982K (70%)
----------------- Invoking toplevel() on ptolemy.moml.MoMLSimpleApplication@14cf2e97
----------------- Done invoking toplevel() on ptolemy.moml.MoMLSimpleApplication@14cf2e97
reloadAllAccessors: .ArrayToElements

===========================================================================================
----------------- testing Thu Oct 10 22:29:49 UTC 2019 /home/travis/build/icyphy/ptII/ptolemy/actor/lib/test/auto/ArrayToMatrix.xml
----------------- Instantiating /home/travis/build/icyphy/ptII/ptolemy/actor/lib/test/auto/ArrayToMatrix.xml
21 ms. Memory: 516096K Free: 347646K (67%)
----------------- Invoking toplevel() on ptolemy.moml.MoMLSimpleApplication@7ad81474
----------------- Done invoking toplevel() on ptolemy.moml.MoMLSimpleApplication@7ad81474
reloadAllAccessors: .ArrayToMatrix

===========================================================================================
----------------- testing Thu Oct 10 22:29:49 UTC 2019 /home/travis/build/icyphy/ptII/ptolemy/actor/lib/test/auto/ArrayUpdate1.xml
----------------- Instantiating /home/travis/build/icyphy/ptII/ptolemy/actor/lib/test/auto/ArrayUpdate1.xml
2 ms. Memory: 516096K Free: 343040K (66%)
----------------- Invoking toplevel() on ptolemy.moml.MoMLSimpleApplication@1d1b5bdc
----------------- Done invoking toplevel() on ptolemy.moml.MoMLSimpleApplication@1d1b5bdc
reloadAllAccessors: .ArrayUpdate1

===========================================================================================
----------------- testing Thu Oct 10 22:29:49 UTC 2019 /home/travis/build/icyphy/ptII/ptolemy/actor/lib/test/auto/ArrayUpdate2.xml
----------------- Instantiating /home/travis/build/icyphy/ptII/ptolemy/actor/lib/test/auto/ArrayUpdate2.xml
10 ms. Memory: 516096K Free: 336382K (65%)
----------------- Invoking toplevel() on ptolemy.moml.MoMLSimpleApplication@ab03ced
----------------- Done invoking toplevel() on ptolemy.moml.MoMLSimpleApplication@ab03ced
reloadAllAccessors: .ArrayUpdate2

===========================================================================================
----------------- testing Thu Oct 10 22:29:49 UTC 2019 /home/travis/build/icyphy/ptII/ptolemy/actor/lib/test/auto/ArrayUpdate3.xml
----------------- Instantiating /home/travis/build/icyphy/ptII/ptolemy/actor/lib/test/auto/ArrayUpdate3.xml
7 ms. Memory: 516096K Free: 331776K (64%)
----------------- Invoking toplevel() on ptolemy.moml.MoMLSimpleApplication@1182eaa1
----------------- Done invoking toplevel() on ptolemy.moml.MoMLSimpleApplication@1182eaa1
reloadAllAccessors: .ArrayUpdate3

===========================================================================================
----------------- testing Thu Oct 10 22:29:50 UTC 2019 /home/travis/build/icyphy/ptII/ptolemy/actor/lib/test/auto/Assert1.xml
----------------- Instantiating /home/travis/build/icyphy/ptII/ptolemy/actor/lib/test/auto/Assert1.xml
6 ms. Memory: 516096K Free: 327166K (63%)
----------------- Invoking toplevel() on ptolemy.moml.MoMLSimpleApplication@2aeb68d4
----------------- Done invoking toplevel() on ptolemy.moml.MoMLSimpleApplication@2aeb68d4
reloadAllAccessors: .Assert1

===========================================================================================
----------------- testing Thu Oct 10 22:29:50 UTC 2019 /home/travis/build/icyphy/ptII/ptolemy/actor/lib/test/auto/Assert2.xml
----------------- Instantiating /home/travis/build/icyphy/ptII/ptolemy/actor/lib/test/auto/Assert2.xml
2 ms. Memory: 516096K Free: 322046K (62%)
----------------- Invoking toplevel() on ptolemy.moml.MoMLSimpleApplication@496abde1
----------------- Done invoking toplevel() on ptolemy.moml.MoMLSimpleApplication@496abde1
reloadAllAccessors: .Assert2

===========================================================================================
----------------- testing Thu Oct 10 22:29:50 UTC 2019 /home/travis/build/icyphy/ptII/ptolemy/actor/lib/test/auto/BooleanMultiplexor.xml
----------------- Instantiating /home/travis/build/icyphy/ptII/ptolemy/actor/lib/test/auto/BooleanMultiplexor.xml
3 ms. Memory: 516096K Free: 316416K (61%)
----------------- Invoking toplevel() on ptolemy.moml.MoMLSimpleApplication@642c99f5
----------------- Done invoking toplevel() on ptolemy.moml.MoMLSimpleApplication@642c99f5
reloadAllAccessors: .BooleanMultiplexor

===========================================================================================
----------------- testing Thu Oct 10 22:29:50 UTC 2019 /home/travis/build/icyphy/ptII/ptolemy/actor/lib/test/auto/BooleanMultiplexor2.xml
----------------- Instantiating /home/travis/build/icyphy/ptII/ptolemy/actor/lib/test/auto/BooleanMultiplexor2.xml
13 ms. Memory: 516096K Free: 310272K (60%)
----------------- Invoking toplevel() on ptolemy.moml.MoMLSimpleApplication@3d8b0c72
----------------- Done invoking toplevel() on ptolemy.moml.MoMLSimpleApplication@3d8b0c72
reloadAllAccessors: .BooleanMultiplexor2

===========================================================================================
----------------- testing Thu Oct 10 22:29:50 UTC 2019 /home/travis/build/icyphy/ptII/ptolemy/actor/lib/test/auto/BooleanMultiplexor3.xml
----------------- Instantiating /home/travis/build/icyphy/ptII/ptolemy/actor/lib/test/auto/BooleanMultiplexor3.xml
6 ms. Memory: 516096K Free: 306176K (59%)
----------------- Invoking toplevel() on ptolemy.moml.MoMLSimpleApplication@32c55624
----------------- Done invoking toplevel() on ptolemy.moml.MoMLSimpleApplication@32c55624
reloadAllAccessors: .BooleanMultiplexor3

===========================================================================================
----------------- testing Thu Oct 10 22:29:50 UTC 2019 /home/travis/build/icyphy/ptII/ptolemy/actor/lib/test/auto/BooleanSelect.xml
----------------- Instantiating /home/travis/build/icyphy/ptII/ptolemy/actor/lib/test/auto/BooleanSelect.xml
9 ms. Memory: 516096K Free: 300527K (58%)
----------------- Invoking toplevel() on ptolemy.moml.MoMLSimpleApplication@5fc9cc89
----------------- Done invoking toplevel() on ptolemy.moml.MoMLSimpleApplication@5fc9cc89
reloadAllAccessors: .BooleanSelect

===========================================================================================
----------------- testing Thu Oct 10 22:29:50 UTC 2019 /home/travis/build/icyphy/ptII/ptolemy/actor/lib/test/auto/BooleanSelect2.xml
----------------- Instantiating /home/travis/build/icyphy/ptII/ptolemy/actor/lib/test/auto/BooleanSelect2.xml
2 ms. Memory: 516096K Free: 295936K (57%)
----------------- Invoking toplevel() on ptolemy.moml.MoMLSimpleApplication@26aedf9d
----------------- Done invoking toplevel() on ptolemy.moml.MoMLSimpleApplication@26aedf9d
reloadAllAccessors: .BooleanSelect2

===========================================================================================
----------------- testing Thu Oct 10 22:29:50 UTC 2019 /home/travis/build/icyphy/ptII/ptolemy/actor/lib/test/auto/BooleanSwitch.xml
----------------- Instantiating /home/travis/build/icyphy/ptII/ptolemy/actor/lib/test/auto/BooleanSwitch.xml
15 ms. Memory: 516096K Free: 289792K (56%)
----------------- Invoking toplevel() on ptolemy.moml.MoMLSimpleApplication@3a61437d
----------------- Done invoking toplevel() on ptolemy.moml.MoMLSimpleApplication@3a61437d
reloadAllAccessors: .BooleanSwitch

===========================================================================================
----------------- testing Thu Oct 10 22:29:50 UTC 2019 /home/travis/build/icyphy/ptII/ptolemy/actor/lib/test/auto/BooleanSwitch2.xml
----------------- Instantiating /home/travis/build/icyphy/ptII/ptolemy/actor/lib/test/auto/BooleanSwitch2.xml
3 ms. Memory: 516096K Free: 285182K (55%)
----------------- Invoking toplevel() on ptolemy.moml.MoMLSimpleApplication@78f17d3a
----------------- Done invoking toplevel() on ptolemy.moml.MoMLSimpleApplication@78f17d3a
reloadAllAccessors: .BooleanSwitch2

===========================================================================================
----------------- testing Thu Oct 10 22:29:50 UTC 2019 /home/travis/build/icyphy/ptII/ptolemy/actor/lib/test/auto/BooleanSwitchCloningBugWithClassRelationGroup.xml
----------------- Instantiating /home/travis/build/icyphy/ptII/ptolemy/actor/lib/test/auto/BooleanSwitchCloningBugWithClassRelationGroup.xml
5 ms. Memory: 516096K Free: 279038K (54%)
----------------- Invoking toplevel() on ptolemy.moml.MoMLSimpleApplication@7fc712d5
----------------- Done invoking toplevel() on ptolemy.moml.MoMLSimpleApplication@7fc712d5
reloadAllAccessors: .BooleanSwitchCloningBugWithClassRelationGroup

===========================================================================================
----------------- testing Thu Oct 10 22:29:50 UTC 2019 /home/travis/build/icyphy/ptII/ptolemy/actor/lib/test/auto/BusActors.xml
----------------- Instantiating /home/travis/build/icyphy/ptII/ptolemy/actor/lib/test/auto/BusActors.xml
5 ms. Memory: 516096K Free: 270846K (52%)
----------------- Invoking toplevel() on ptolemy.moml.MoMLSimpleApplication@70d51f18
----------------- Done invoking toplevel() on ptolemy.moml.MoMLSimpleApplication@70d51f18
reloadAllAccessors: .BusActors

===========================================================================================
----------------- testing Thu Oct 10 22:29:50 UTC 2019 /home/travis/build/icyphy/ptII/ptolemy/actor/lib/test/auto/ClassWrapper.xml
----------------- Instantiating /home/travis/build/icyphy/ptII/ptolemy/actor/lib/test/auto/ClassWrapper.xml
4 ms. Memory: 516096K Free: 466415K (90%)
----------------- Invoking toplevel() on ptolemy.moml.MoMLSimpleApplication@77353082
----------------- Done invoking toplevel() on ptolemy.moml.MoMLSimpleApplication@77353082
reloadAllAccessors: .ClassWrapper

===========================================================================================
----------------- testing Thu Oct 10 22:29:50 UTC 2019 /home/travis/build/icyphy/ptII/ptolemy/actor/lib/test/auto/Clock.xml
----------------- Instantiating /home/travis/build/icyphy/ptII/ptolemy/actor/lib/test/auto/Clock.xml
1 ms. Memory: 516096K Free: 462334K (90%)
----------------- Invoking toplevel() on ptolemy.moml.MoMLSimpleApplication@89defe9
----------------- Done invoking toplevel() on ptolemy.moml.MoMLSimpleApplication@89defe9
reloadAllAccessors: .Clock

===========================================================================================
----------------- testing Thu Oct 10 22:29:50 UTC 2019 /home/travis/build/icyphy/ptII/ptolemy/actor/lib/test/auto/Clock10.xml
----------------- Instantiating /home/travis/build/icyphy/ptII/ptolemy/actor/lib/test/auto/Clock10.xml
4 ms. Memory: 516096K Free: 456190K (88%)
----------------- Invoking toplevel() on ptolemy.moml.MoMLSimpleApplication@1ae54516
----------------- Done invoking toplevel() on ptolemy.moml.MoMLSimpleApplication@1ae54516
reloadAllAccessors: .Clock10

===========================================================================================
----------------- testing Thu Oct 10 22:29:50 UTC 2019 /home/travis/build/icyphy/ptII/ptolemy/actor/lib/test/auto/Clock11.xml
----------------- Instantiating /home/travis/build/icyphy/ptII/ptolemy/actor/lib/test/auto/Clock11.xml
8 ms. Memory: 516096K Free: 450560K (87%)
----------------- Invoking toplevel() on ptolemy.moml.MoMLSimpleApplication@1e3180a7
----------------- Done invoking toplevel() on ptolemy.moml.MoMLSimpleApplication@1e3180a7
reloadAllAccessors: .Clock11

===========================================================================================
----------------- testing Thu Oct 10 22:29:50 UTC 2019 /home/travis/build/icyphy/ptII/ptolemy/actor/lib/test/auto/Clock12.xml
----------------- Instantiating /home/travis/build/icyphy/ptII/ptolemy/actor/lib/test/auto/Clock12.xml
6 ms. Memory: 516096K Free: 444416K (86%)
----------------- Invoking toplevel() on ptolemy.moml.MoMLSimpleApplication@34450179
----------------- Done invoking toplevel() on ptolemy.moml.MoMLSimpleApplication@34450179
reloadAllAccessors: .Clock12

===========================================================================================
----------------- testing Thu Oct 10 22:29:50 UTC 2019 /home/travis/build/icyphy/ptII/ptolemy/actor/lib/test/auto/Clock13.xml
----------------- Instantiating /home/travis/build/icyphy/ptII/ptolemy/actor/lib/test/auto/Clock13.xml
6 ms. Memory: 516096K Free: 438751K (85%)
----------------- Invoking toplevel() on ptolemy.moml.MoMLSimpleApplication@220496be
----------------- Done invoking toplevel() on ptolemy.moml.MoMLSimpleApplication@220496be
reloadAllAccessors: .Clock13

===========================================================================================
----------------- testing Thu Oct 10 22:29:50 UTC 2019 /home/travis/build/icyphy/ptII/ptolemy/actor/lib/test/auto/Clock14.xml
----------------- Instantiating /home/travis/build/icyphy/ptII/ptolemy/actor/lib/test/auto/Clock14.xml
3 ms. Memory: 516096K Free: 432631K (84%)
----------------- Invoking toplevel() on ptolemy.moml.MoMLSimpleApplication@4bb4df39
----------------- Done invoking toplevel() on ptolemy.moml.MoMLSimpleApplication@4bb4df39
reloadAllAccessors: .Clock14

===========================================================================================
----------------- testing Thu Oct 10 22:29:50 UTC 2019 /home/travis/build/icyphy/ptII/ptolemy/actor/lib/test/auto/Clock15.xml
----------------- Instantiating /home/travis/build/icyphy/ptII/ptolemy/actor/lib/test/auto/Clock15.xml
3 ms. Memory: 516096K Free: 427008K (83%)
----------------- Invoking toplevel() on ptolemy.moml.MoMLSimpleApplication@6267b5d5
----------------- Done invoking toplevel() on ptolemy.moml.MoMLSimpleApplication@6267b5d5
reloadAllAccessors: .Clock15

===========================================================================================
----------------- testing Thu Oct 10 22:29:50 UTC 2019 /home/travis/build/icyphy/ptII/ptolemy/actor/lib/test/auto/Clock16.xml
----------------- Instantiating /home/travis/build/icyphy/ptII/ptolemy/actor/lib/test/auto/Clock16.xml
37 ms. Memory: 516096K Free: 412151K (80%)
----------------- Invoking toplevel() on ptolemy.moml.MoMLSimpleApplication@4892d0ad
----------------- Done invoking toplevel() on ptolemy.moml.MoMLSimpleApplication@4892d0ad
reloadAllAccessors: .Clock16

===========================================================================================
----------------- testing Thu Oct 10 22:29:50 UTC 2019 /home/travis/build/icyphy/ptII/ptolemy/actor/lib/test/auto/Clock17.xml
----------------- Instantiating /home/travis/build/icyphy/ptII/ptolemy/actor/lib/test/auto/Clock17.xml
15 ms. Memory: 516096K Free: 398336K (77%)
----------------- Invoking toplevel() on ptolemy.moml.MoMLSimpleApplication@6176da24
----------------- Done invoking toplevel() on ptolemy.moml.MoMLSimpleApplication@6176da24
reloadAllAccessors: .Clock17

===========================================================================================
----------------- testing Thu Oct 10 22:29:50 UTC 2019 /home/travis/build/icyphy/ptII/ptolemy/actor/lib/test/auto/Clock18.xml
----------------- Instantiating /home/travis/build/icyphy/ptII/ptolemy/actor/lib/test/auto/Clock18.xml
22 ms. Memory: 516096K Free: 384495K (75%)
----------------- Invoking toplevel() on ptolemy.moml.MoMLSimpleApplication@5eb17d8c
----------------- Done invoking toplevel() on ptolemy.moml.MoMLSimpleApplication@5eb17d8c
reloadAllAccessors: .Clock18

===========================================================================================
----------------- testing Thu Oct 10 22:29:50 UTC 2019 /home/travis/build/icyphy/ptII/ptolemy/actor/lib/test/auto/Clock19.xml
----------------- Instantiating /home/travis/build/icyphy/ptII/ptolemy/actor/lib/test/auto/Clock19.xml
16 ms. Memory: 516096K Free: 371198K (72%)
----------------- Invoking toplevel() on ptolemy.moml.MoMLSimpleApplication@32eff5c0
----------------- Done invoking toplevel() on ptolemy.moml.MoMLSimpleApplication@32eff5c0
reloadAllAccessors: .Clock19

===========================================================================================
----------------- testing Thu Oct 10 22:29:50 UTC 2019 /home/travis/build/icyphy/ptII/ptolemy/actor/lib/test/auto/Clock2.xml
----------------- Instantiating /home/travis/build/icyphy/ptII/ptolemy/actor/lib/test/auto/Clock2.xml
5 ms. Memory: 516096K Free: 366592K (71%)
----------------- Invoking toplevel() on ptolemy.moml.MoMLSimpleApplication@7abe20a3
----------------- Done invoking toplevel() on ptolemy.moml.MoMLSimpleApplication@7abe20a3
reloadAllAccessors: .Clock2

===========================================================================================
----------------- testing Thu Oct 10 22:29:50 UTC 2019 /home/travis/build/icyphy/ptII/ptolemy/actor/lib/test/auto/Clock20.xml
----------------- Instantiating /home/travis/build/icyphy/ptII/ptolemy/actor/lib/test/auto/Clock20.xml
8 ms. Memory: 516096K Free: 360958K (70%)
----------------- Invoking toplevel() on ptolemy.moml.MoMLSimpleApplication@17d678bb
----------------- Done invoking toplevel() on ptolemy.moml.MoMLSimpleApplication@17d678bb
reloadAllAccessors: .Clock20

===========================================================================================
----------------- testing Thu Oct 10 22:29:50 UTC 2019 /home/travis/build/icyphy/ptII/ptolemy/actor/lib/test/auto/Clock21.xml
----------------- Instantiating /home/travis/build/icyphy/ptII/ptolemy/actor/lib/test/auto/Clock21.xml
3 ms. Memory: 516096K Free: 355838K (69%)
----------------- Invoking toplevel() on ptolemy.moml.MoMLSimpleApplication@778a52dc
----------------- Done invoking toplevel() on ptolemy.moml.MoMLSimpleApplication@778a52dc
reloadAllAccessors: .Clock21

===========================================================================================
----------------- testing Thu Oct 10 22:29:50 UTC 2019 /home/travis/build/icyphy/ptII/ptolemy/actor/lib/test/auto/Clock22.xml
----------------- Instantiating /home/travis/build/icyphy/ptII/ptolemy/actor/lib/test/auto/Clock22.xml
2 ms. Memory: 516096K Free: 350208K (68%)
----------------- Invoking toplevel() on ptolemy.moml.MoMLSimpleApplication@16f2b1be
----------------- Done invoking toplevel() on ptolemy.moml.MoMLSimpleApplication@16f2b1be
reloadAllAccessors: .Clock22

===========================================================================================
----------------- testing Thu Oct 10 22:29:50 UTC 2019 /home/travis/build/icyphy/ptII/ptolemy/actor/lib/test/auto/Clock23.xml
----------------- Instantiating /home/travis/build/icyphy/ptII/ptolemy/actor/lib/test/auto/Clock23.xml
3 ms. Memory: 516096K Free: 345088K (67%)
----------------- Invoking toplevel() on ptolemy.moml.MoMLSimpleApplication@12b2672
----------------- Done invoking toplevel() on ptolemy.moml.MoMLSimpleApplication@12b2672
reloadAllAccessors: .Clock23

===========================================================================================
----------------- testing Thu Oct 10 22:29:50 UTC 2019 /home/travis/build/icyphy/ptII/ptolemy/actor/lib/test/auto/Clock24.xml
----------------- Instantiating /home/travis/build/icyphy/ptII/ptolemy/actor/lib/test/auto/Clock24.xml
2 ms. Memory: 516096K Free: 339454K (66%)
----------------- Invoking toplevel() on ptolemy.moml.MoMLSimpleApplication@9b922b9
----------------- Done invoking toplevel() on ptolemy.moml.MoMLSimpleApplication@9b922b9
reloadAllAccessors: .Clock24

===========================================================================================
----------------- testing Thu Oct 10 22:29:50 UTC 2019 /home/travis/build/icyphy/ptII/ptolemy/actor/lib/test/auto/Clock4.xml
----------------- Instantiating /home/travis/build/icyphy/ptII/ptolemy/actor/lib/test/auto/Clock4.xml
1 ms. Memory: 516096K Free: 334303K (65%)
----------------- Invoking toplevel() on ptolemy.moml.MoMLSimpleApplication@fc4456f
----------------- Done invoking toplevel() on ptolemy.moml.MoMLSimpleApplication@fc4456f
reloadAllAccessors: .Clock4

===========================================================================================
----------------- testing Thu Oct 10 22:29:51 UTC 2019 /home/travis/build/icyphy/ptII/ptolemy/actor/lib/test/auto/Clock5.xml
----------------- Instantiating /home/travis/build/icyphy/ptII/ptolemy/actor/lib/test/auto/Clock5.xml
2 ms. Memory: 516096K Free: 329214K (64%)
----------------- Invoking toplevel() on ptolemy.moml.MoMLSimpleApplication@204c32d6
----------------- Done invoking toplevel() on ptolemy.moml.MoMLSimpleApplication@204c32d6
reloadAllAccessors: .Clock5

===========================================================================================
----------------- testing Thu Oct 10 22:29:51 UTC 2019 /home/travis/build/icyphy/ptII/ptolemy/actor/lib/test/auto/Clock6.xml
----------------- Instantiating /home/travis/build/icyphy/ptII/ptolemy/actor/lib/test/auto/Clock6.xml
1 ms. Memory: 516096K Free: 324608K (63%)
----------------- Invoking toplevel() on ptolemy.moml.MoMLSimpleApplication@3639f478
----------------- Done invoking toplevel() on ptolemy.moml.MoMLSimpleApplication@3639f478
reloadAllAccessors: .Clock6

===========================================================================================
----------------- testing Thu Oct 10 22:29:51 UTC 2019 /home/travis/build/icyphy/ptII/ptolemy/actor/lib/test/auto/Clock7.xml
----------------- Instantiating /home/travis/build/icyphy/ptII/ptolemy/actor/lib/test/auto/Clock7.xml
2 ms. Memory: 516096K Free: 319998K (62%)
----------------- Invoking toplevel() on ptolemy.moml.MoMLSimpleApplication@4caed958
----------------- Done invoking toplevel() on ptolemy.moml.MoMLSimpleApplication@4caed958
reloadAllAccessors: .Clock7

===========================================================================================
----------------- testing Thu Oct 10 22:29:51 UTC 2019 /home/travis/build/icyphy/ptII/ptolemy/actor/lib/test/auto/Clock8.xml
----------------- Instantiating /home/travis/build/icyphy/ptII/ptolemy/actor/lib/test/auto/Clock8.xml
3 ms. Memory: 516096K Free: 314368K (61%)
----------------- Invoking toplevel() on ptolemy.moml.MoMLSimpleApplication@24b38a09
----------------- Done invoking toplevel() on ptolemy.moml.MoMLSimpleApplication@24b38a09
reloadAllAccessors: .Clock8

===========================================================================================
----------------- testing Thu Oct 10 22:29:51 UTC 2019 /home/travis/build/icyphy/ptII/ptolemy/actor/lib/test/auto/Clock9.xml
----------------- Instantiating /home/travis/build/icyphy/ptII/ptolemy/actor/lib/test/auto/Clock9.xml
6 ms. Memory: 516096K Free: 308727K (60%)
----------------- Invoking toplevel() on ptolemy.moml.MoMLSimpleApplication@168b15b8
----------------- Done invoking toplevel() on ptolemy.moml.MoMLSimpleApplication@168b15b8
reloadAllAccessors: .Clock9

===========================================================================================
----------------- testing Thu Oct 10 22:29:51 UTC 2019 /home/travis/build/icyphy/ptII/ptolemy/actor/lib/test/auto/CommDistDiscard.xml
----------------- Instantiating /home/travis/build/icyphy/ptII/ptolemy/actor/lib/test/auto/CommDistDiscard.xml
2 ms. Memory: 516096K Free: 303614K (59%)
----------------- Invoking toplevel() on ptolemy.moml.MoMLSimpleApplication@6a17dbe6
----------------- Done invoking toplevel() on ptolemy.moml.MoMLSimpleApplication@6a17dbe6
reloadAllAccessors: .CommDistDiscard

===========================================================================================
----------------- testing Thu Oct 10 22:29:51 UTC 2019 /home/travis/build/icyphy/ptII/ptolemy/actor/lib/test/auto/Commutator.xml
----------------- Instantiating /home/travis/build/icyphy/ptII/ptolemy/actor/lib/test/auto/Commutator.xml
1 ms. Memory: 516096K Free: 299008K (58%)
----------------- Invoking toplevel() on ptolemy.moml.MoMLSimpleApplication@5478b772
----------------- Done invoking toplevel() on ptolemy.moml.MoMLSimpleApplication@5478b772
reloadAllAccessors: .Commutator

===========================================================================================
----------------- testing Thu Oct 10 22:29:51 UTC 2019 /home/travis/build/icyphy/ptII/ptolemy/actor/lib/test/auto/Commutator2.xml
----------------- Instantiating /home/travis/build/icyphy/ptII/ptolemy/actor/lib/test/auto/Commutator2.xml
1 ms. Memory: 516096K Free: 294912K (57%)
----------------- Invoking toplevel() on ptolemy.moml.MoMLSimpleApplication@8ec115c
----------------- Done invoking toplevel() on ptolemy.moml.MoMLSimpleApplication@8ec115c
reloadAllAccessors: .Commutator2

===========================================================================================
----------------- testing Thu Oct 10 22:29:51 UTC 2019 /home/travis/build/icyphy/ptII/ptolemy/actor/lib/test/auto/Commutator3.xml
----------------- Instantiating /home/travis/build/icyphy/ptII/ptolemy/actor/lib/test/auto/Commutator3.xml
1 ms. Memory: 516096K Free: 290302K (56%)
----------------- Invoking toplevel() on ptolemy.moml.MoMLSimpleApplication@15b45f4a
----------------- Done invoking toplevel() on ptolemy.moml.MoMLSimpleApplication@15b45f4a
reloadAllAccessors: .Commutator3

===========================================================================================
----------------- testing Thu Oct 10 22:29:51 UTC 2019 /home/travis/build/icyphy/ptII/ptolemy/actor/lib/test/auto/Compare.xml
----------------- Instantiating /home/travis/build/icyphy/ptII/ptolemy/actor/lib/test/auto/Compare.xml
2 ms. Memory: 516096K Free: 283648K (55%)
----------------- Invoking toplevel() on ptolemy.moml.MoMLSimpleApplication@44897ba3
----------------- Done invoking toplevel() on ptolemy.moml.MoMLSimpleApplication@44897ba3
reloadAllAccessors: .Compare

===========================================================================================
----------------- testing Thu Oct 10 22:29:51 UTC 2019 /home/travis/build/icyphy/ptII/ptolemy/actor/lib/test/auto/CompareDE.xml
----------------- Instantiating /home/travis/build/icyphy/ptII/ptolemy/actor/lib/test/auto/CompareDE.xml
3 ms. Memory: 516096K Free: 276975K (54%)
----------------- Invoking toplevel() on ptolemy.moml.MoMLSimpleApplication@3c4fc5fd
----------------- Done invoking toplevel() on ptolemy.moml.MoMLSimpleApplication@3c4fc5fd
reloadAllAccessors: .CompareDE

===========================================================================================
----------------- testing Thu Oct 10 22:29:51 UTC 2019 /home/travis/build/icyphy/ptII/ptolemy/actor/lib/test/auto/ComplexDivide.xml
----------------- Instantiating /home/travis/build/icyphy/ptII/ptolemy/actor/lib/test/auto/ComplexDivide.xml
1 ms. Memory: 516096K Free: 272894K (53%)
----------------- Invoking toplevel() on ptolemy.moml.MoMLSimpleApplication@3705fd12
----------------- Done invoking toplevel() on ptolemy.moml.MoMLSimpleApplication@3705fd12
reloadAllAccessors: .ComplexDivide

===========================================================================================
----------------- testing Thu Oct 10 22:29:51 UTC 2019 /home/travis/build/icyphy/ptII/ptolemy/actor/lib/test/auto/ComputeHistogram.xml
----------------- Instantiating /home/travis/build/icyphy/ptII/ptolemy/actor/lib/test/auto/ComputeHistogram.xml
32 ms. Memory: 516096K Free: 260606K (50%)
----------------- Invoking toplevel() on ptolemy.moml.MoMLSimpleApplication@4e599465
----------------- Done invoking toplevel() on ptolemy.moml.MoMLSimpleApplication@4e599465
reloadAllAccessors: .ComputeHistogram

===========================================================================================
----------------- testing Thu Oct 10 22:29:51 UTC 2019 /home/travis/build/icyphy/ptII/ptolemy/actor/lib/test/auto/ConfigurationSelect.xml
----------------- Instantiating /home/travis/build/icyphy/ptII/ptolemy/actor/lib/test/auto/ConfigurationSelect.xml
9 ms. Memory: 516096K Free: 254976K (49%)
----------------- Invoking toplevel() on ptolemy.moml.MoMLSimpleApplication@51fd1cb6
----------------- Done invoking toplevel() on ptolemy.moml.MoMLSimpleApplication@51fd1cb6
reloadAllAccessors: .ConfigurationSelect

===========================================================================================
----------------- testing Thu Oct 10 22:29:51 UTC 2019 /home/travis/build/icyphy/ptII/ptolemy/actor/lib/test/auto/ConfigurationSelect2.xml
----------------- Instantiating /home/travis/build/icyphy/ptII/ptolemy/actor/lib/test/auto/ConfigurationSelect2.xml
2 ms. Memory: 516096K Free: 250366K (49%)
----------------- Invoking toplevel() on ptolemy.moml.MoMLSimpleApplication@2bc9d803
----------------- Done invoking toplevel() on ptolemy.moml.MoMLSimpleApplication@2bc9d803
reloadAllAccessors: .ConfigurationSelect2

===========================================================================================
----------------- testing Thu Oct 10 22:29:51 UTC 2019 /home/travis/build/icyphy/ptII/ptolemy/actor/lib/test/auto/ConfigurationSwitch.xml
----------------- Instantiating /home/travis/build/icyphy/ptII/ptolemy/actor/lib/test/auto/ConfigurationSwitch.xml
3 ms. Memory: 516096K Free: 245246K (48%)
----------------- Invoking toplevel() on ptolemy.moml.MoMLSimpleApplication@3e755d63
----------------- Done invoking toplevel() on ptolemy.moml.MoMLSimpleApplication@3e755d63
reloadAllAccessors: .ConfigurationSwitch

===========================================================================================
----------------- testing Thu Oct 10 22:29:51 UTC 2019 /home/travis/build/icyphy/ptII/ptolemy/actor/lib/test/auto/ConfigurationSwitch2.xml
----------------- Instantiating /home/travis/build/icyphy/ptII/ptolemy/actor/lib/test/auto/ConfigurationSwitch2.xml
4 ms. Memory: 516096K Free: 239616K (46%)
----------------- Invoking toplevel() on ptolemy.moml.MoMLSimpleApplication@4764bd7a
----------------- Done invoking toplevel() on ptolemy.moml.MoMLSimpleApplication@4764bd7a
reloadAllAccessors: .ConfigurationSwitch2

===========================================================================================
----------------- testing Thu Oct 10 22:29:51 UTC 2019 /home/travis/build/icyphy/ptII/ptolemy/actor/lib/test/auto/ConfigurationSwitchCloningBugWithClassRelationGroup.xml
----------------- Instantiating /home/travis/build/icyphy/ptII/ptolemy/actor/lib/test/auto/ConfigurationSwitchCloningBugWithClassRelationGroup.xml
2 ms. Memory: 516096K Free: 233472K (45%)
----------------- Invoking toplevel() on ptolemy.moml.MoMLSimpleApplication@4a5ee9cf
----------------- Done invoking toplevel() on ptolemy.moml.MoMLSimpleApplication@4a5ee9cf
reloadAllAccessors: .ConfigurationSwitchCloningBugWithClassRelationGroup

===========================================================================================
----------------- testing Thu Oct 10 22:29:51 UTC 2019 /home/travis/build/icyphy/ptII/ptolemy/actor/lib/test/auto/ConfigurationSwitchSelectSDF.xml
----------------- Instantiating /home/travis/build/icyphy/ptII/ptolemy/actor/lib/test/auto/ConfigurationSwitchSelectSDF.xml
3 ms. Memory: 516096K Free: 227838K (44%)
----------------- Invoking toplevel() on ptolemy.moml.MoMLSimpleApplication@28afa16a
----------------- Done invoking toplevel() on ptolemy.moml.MoMLSimpleApplication@28afa16a
reloadAllAccessors: .ConfigurationSwitchSelectSDF

===========================================================================================
----------------- testing Thu Oct 10 22:29:51 UTC 2019 /home/travis/build/icyphy/ptII/ptolemy/actor/lib/test/auto/ConfigurationSwitchSelectSDF2.xml
----------------- Instantiating /home/travis/build/icyphy/ptII/ptolemy/actor/lib/test/auto/ConfigurationSwitchSelectSDF2.xml
3 ms. Memory: 516096K Free: 221694K (43%)
----------------- Invoking toplevel() on ptolemy.moml.MoMLSimpleApplication@7c55647a
----------------- Done invoking toplevel() on ptolemy.moml.MoMLSimpleApplication@7c55647a
reloadAllAccessors: .ConfigurationSwitchSelectSDF2

===========================================================================================
----------------- testing Thu Oct 10 22:29:51 UTC 2019 /home/travis/build/icyphy/ptII/ptolemy/actor/lib/test/auto/Const.xml
----------------- Instantiating /home/travis/build/icyphy/ptII/ptolemy/actor/lib/test/auto/Const.xml
36 ms. Memory: 516096K Free: 467966K (91%)
----------------- Invoking toplevel() on ptolemy.moml.MoMLSimpleApplication@4b39a602
----------------- Done invoking toplevel() on ptolemy.moml.MoMLSimpleApplication@4b39a602
reloadAllAccessors: .Const

===========================================================================================
----------------- testing Thu Oct 10 22:29:51 UTC 2019 /home/travis/build/icyphy/ptII/ptolemy/actor/lib/test/auto/Const2.xml
----------------- Instantiating /home/travis/build/icyphy/ptII/ptolemy/actor/lib/test/auto/Const2.xml
1 ms. Memory: 516096K Free: 463360K (90%)
----------------- Invoking toplevel() on ptolemy.moml.MoMLSimpleApplication@7d28f6c4
----------------- Done invoking toplevel() on ptolemy.moml.MoMLSimpleApplication@7d28f6c4
reloadAllAccessors: .Const2

===========================================================================================
----------------- testing Thu Oct 10 22:29:51 UTC 2019 /home/travis/build/icyphy/ptII/ptolemy/actor/lib/test/auto/Const3.xml
----------------- Instantiating /home/travis/build/icyphy/ptII/ptolemy/actor/lib/test/auto/Const3.xml
1 ms. Memory: 516096K Free: 460798K (89%)
----------------- Invoking toplevel() on ptolemy.moml.MoMLSimpleApplication@1b26d62c
----------------- Done invoking toplevel() on ptolemy.moml.MoMLSimpleApplication@1b26d62c
reloadAllAccessors: .Const3

===========================================================================================
----------------- testing Thu Oct 10 22:29:51 UTC 2019 /home/travis/build/icyphy/ptII/ptolemy/actor/lib/test/auto/ConstantPublisherPort1.xml
----------------- Instantiating /home/travis/build/icyphy/ptII/ptolemy/actor/lib/test/auto/ConstantPublisherPort1.xml
5 ms. Memory: 516096K Free: 452096K (88%)
----------------- Invoking toplevel() on ptolemy.moml.MoMLSimpleApplication@43c60721
----------------- Done invoking toplevel() on ptolemy.moml.MoMLSimpleApplication@43c60721
reloadAllAccessors: .ConstantPublisherPort1

===========================================================================================
----------------- testing Thu Oct 10 22:29:51 UTC 2019 /home/travis/build/icyphy/ptII/ptolemy/actor/lib/test/auto/ConstantPublisherPort2.xml
----------------- Instantiating /home/travis/build/icyphy/ptII/ptolemy/actor/lib/test/auto/ConstantPublisherPort2.xml
3 ms. Memory: 516096K Free: 444414K (86%)
----------------- Invoking toplevel() on ptolemy.moml.MoMLSimpleApplication@31923139
----------------- Done invoking toplevel() on ptolemy.moml.MoMLSimpleApplication@31923139
reloadAllAccessors: .ConstantPublisherPort2

===========================================================================================
----------------- testing Thu Oct 10 22:29:51 UTC 2019 /home/travis/build/icyphy/ptII/ptolemy/actor/lib/test/auto/ConstantPublisherPort3.xml
----------------- Instantiating /home/travis/build/icyphy/ptII/ptolemy/actor/lib/test/auto/ConstantPublisherPort3.xml
6 ms. Memory: 516096K Free: 436736K (85%)
----------------- Invoking toplevel() on ptolemy.moml.MoMLSimpleApplication@5fb2c3de
----------------- Done invoking toplevel() on ptolemy.moml.MoMLSimpleApplication@5fb2c3de
reloadAllAccessors: .ConstantPublisherPort3

===========================================================================================
----------------- testing Thu Oct 10 22:29:51 UTC 2019 /home/travis/build/icyphy/ptII/ptolemy/actor/lib/test/auto/ConstantPublisherPort4.xml
----------------- Instantiating /home/travis/build/icyphy/ptII/ptolemy/actor/lib/test/auto/ConstantPublisherPort4.xml
3 ms. Memory: 516096K Free: 429568K (83%)
----------------- Invoking toplevel() on ptolemy.moml.MoMLSimpleApplication@64ae26f9
----------------- Done invoking toplevel() on ptolemy.moml.MoMLSimpleApplication@64ae26f9
reloadAllAccessors: .ConstantPublisherPort4

===========================================================================================
----------------- testing Thu Oct 10 22:29:51 UTC 2019 /home/travis/build/icyphy/ptII/ptolemy/actor/lib/test/auto/ConstantPublisherPort5.xml
----------------- Instantiating /home/travis/build/icyphy/ptII/ptolemy/actor/lib/test/auto/ConstantPublisherPort5.xml
33 ms. Memory: 516096K Free: 420352K (81%)
----------------- Invoking toplevel() on ptolemy.moml.MoMLSimpleApplication@37ec5091
----------------- Done invoking toplevel() on ptolemy.moml.MoMLSimpleApplication@37ec5091
reloadAllAccessors: .ConstantPublisherPort5

===========================================================================================
----------------- testing Thu Oct 10 22:29:51 UTC 2019 /home/travis/build/icyphy/ptII/ptolemy/actor/lib/test/auto/ConstantPublisherPort6.xml
----------------- Instantiating /home/travis/build/icyphy/ptII/ptolemy/actor/lib/test/auto/ConstantPublisherPort6.xml
12 ms. Memory: 516096K Free: 411136K (80%)
----------------- Invoking toplevel() on ptolemy.moml.MoMLSimpleApplication@7b200dcd
----------------- Done invoking toplevel() on ptolemy.moml.MoMLSimpleApplication@7b200dcd
reloadAllAccessors: .ConstantPublisherPort6

===========================================================================================
----------------- testing Thu Oct 10 22:29:51 UTC 2019 /home/travis/build/icyphy/ptII/ptolemy/actor/lib/test/auto/ConstantPublisherPort7.xml
----------------- Instantiating /home/travis/build/icyphy/ptII/ptolemy/actor/lib/test/auto/ConstantPublisherPort7.xml
21 ms. Memory: 516096K Free: 401406K (78%)
----------------- Invoking toplevel() on ptolemy.moml.MoMLSimpleApplication@2aba1668
----------------- Done invoking toplevel() on ptolemy.moml.MoMLSimpleApplication@2aba1668
reloadAllAccessors: .ConstantPublisherPort7

===========================================================================================
----------------- testing Thu Oct 10 22:29:51 UTC 2019 /home/travis/build/icyphy/ptII/ptolemy/actor/lib/test/auto/ConstraintMonitor1.xml
----------------- Instantiating /home/travis/build/icyphy/ptII/ptolemy/actor/lib/test/auto/ConstraintMonitor1.xml
2 ms. Memory: 516096K Free: 396800K (77%)
----------------- Invoking toplevel() on ptolemy.moml.MoMLSimpleApplication@5982b437
----------------- Done invoking toplevel() on ptolemy.moml.MoMLSimpleApplication@5982b437
reloadAllAccessors: .ConstraintMonitor1

===========================================================================================
----------------- testing Thu Oct 10 22:29:51 UTC 2019 /home/travis/build/icyphy/ptII/ptolemy/actor/lib/test/auto/ConstraintMonitor2.xml
----------------- Instantiating /home/travis/build/icyphy/ptII/ptolemy/actor/lib/test/auto/ConstraintMonitor2.xml
7 ms. Memory: 516096K Free: 392190K (76%)
----------------- Invoking toplevel() on ptolemy.moml.MoMLSimpleApplication@66947580
----------------- Done invoking toplevel() on ptolemy.moml.MoMLSimpleApplication@66947580
reloadAllAccessors: .ConstraintMonitor2

===========================================================================================
----------------- testing Thu Oct 10 22:29:51 UTC 2019 /home/travis/build/icyphy/ptII/ptolemy/actor/lib/test/auto/ConstraintMonitor3.xml
----------------- Instantiating /home/travis/build/icyphy/ptII/ptolemy/actor/lib/test/auto/ConstraintMonitor3.xml
6 ms. Memory: 516096K Free: 387584K (75%)
----------------- Invoking toplevel() on ptolemy.moml.MoMLSimpleApplication@63d29053
----------------- Done invoking toplevel() on ptolemy.moml.MoMLSimpleApplication@63d29053
reloadAllAccessors: .ConstraintMonitor3

===========================================================================================
----------------- testing Thu Oct 10 22:29:51 UTC 2019 /home/travis/build/icyphy/ptII/ptolemy/actor/lib/test/auto/ConstraintMonitor4.xml
----------------- Instantiating /home/travis/build/icyphy/ptII/ptolemy/actor/lib/test/auto/ConstraintMonitor4.xml
4 ms. Memory: 516096K Free: 382464K (74%)
----------------- Invoking toplevel() on ptolemy.moml.MoMLSimpleApplication@1d965764
----------------- Done invoking toplevel() on ptolemy.moml.MoMLSimpleApplication@1d965764
reloadAllAccessors: .ConstraintMonitor4

===========================================================================================
----------------- testing Thu Oct 10 22:29:51 UTC 2019 /home/travis/build/icyphy/ptII/ptolemy/actor/lib/test/auto/ConstraintMonitor5.xml
----------------- Instantiating /home/travis/build/icyphy/ptII/ptolemy/actor/lib/test/auto/ConstraintMonitor5.xml
4 ms. Memory: 516096K Free: 377344K (73%)
----------------- Invoking toplevel() on ptolemy.moml.MoMLSimpleApplication@7acb73a8
----------------- Done invoking toplevel() on ptolemy.moml.MoMLSimpleApplication@7acb73a8
reloadAllAccessors: .ConstraintMonitor5

===========================================================================================
----------------- testing Thu Oct 10 22:29:51 UTC 2019 /home/travis/build/icyphy/ptII/ptolemy/actor/lib/test/auto/ConstraintMonitor6.xml
----------------- Instantiating /home/travis/build/icyphy/ptII/ptolemy/actor/lib/test/auto/ConstraintMonitor6.xml
6 ms. Memory: 516096K Free: 371200K (72%)
----------------- Invoking toplevel() on ptolemy.moml.MoMLSimpleApplication@b4160a0
----------------- Done invoking toplevel() on ptolemy.moml.MoMLSimpleApplication@b4160a0
reloadAllAccessors: .ConstraintMonitor6

===========================================================================================
----------------- testing Thu Oct 10 22:29:51 UTC 2019 /home/travis/build/icyphy/ptII/ptolemy/actor/lib/test/auto/ConstraintMonitor7.xml
----------------- Instantiating /home/travis/build/icyphy/ptII/ptolemy/actor/lib/test/auto/ConstraintMonitor7.xml
2 ms. Memory: 516096K Free: 365056K (71%)
----------------- Invoking toplevel() on ptolemy.moml.MoMLSimpleApplication@34b4aa59
----------------- Done invoking toplevel() on ptolemy.moml.MoMLSimpleApplication@34b4aa59
reloadAllAccessors: .ConstraintMonitor7

===========================================================================================
----------------- testing Thu Oct 10 22:29:51 UTC 2019 /home/travis/build/icyphy/ptII/ptolemy/actor/lib/test/auto/ConstraintMonitor8.xml
----------------- Instantiating /home/travis/build/icyphy/ptII/ptolemy/actor/lib/test/auto/ConstraintMonitor8.xml
12 ms. Memory: 516096K Free: 357888K (69%)
----------------- Invoking toplevel() on ptolemy.moml.MoMLSimpleApplication@239b3a24
----------------- Done invoking toplevel() on ptolemy.moml.MoMLSimpleApplication@239b3a24
reloadAllAccessors: .ConstraintMonitor8

===========================================================================================
----------------- testing Thu Oct 10 22:29:51 UTC 2019 /home/travis/build/icyphy/ptII/ptolemy/actor/lib/test/auto/Counter.xml
----------------- Instantiating /home/travis/build/icyphy/ptII/ptolemy/actor/lib/test/auto/Counter.xml
2 ms. Memory: 516096K Free: 352768K (68%)
----------------- Invoking toplevel() on ptolemy.moml.MoMLSimpleApplication@7ebf1716
----------------- Done invoking toplevel() on ptolemy.moml.MoMLSimpleApplication@7ebf1716
reloadAllAccessors: .Counter

===========================================================================================
----------------- testing Thu Oct 10 22:29:51 UTC 2019 /home/travis/build/icyphy/ptII/ptolemy/actor/lib/test/auto/CurrentTimeSDF.xml
----------------- Instantiating /home/travis/build/icyphy/ptII/ptolemy/actor/lib/test/auto/CurrentTimeSDF.xml
1 ms. Memory: 516096K Free: 348672K (68%)
----------------- Invoking toplevel() on ptolemy.moml.MoMLSimpleApplication@4c021640
----------------- Done invoking toplevel() on ptolemy.moml.MoMLSimpleApplication@4c021640
reloadAllAccessors: .CurrentTimeSDF

===========================================================================================
----------------- testing Thu Oct 10 22:29:51 UTC 2019 /home/travis/build/icyphy/ptII/ptolemy/actor/lib/test/auto/DB.xml
----------------- Instantiating /home/travis/build/icyphy/ptII/ptolemy/actor/lib/test/auto/DB.xml
1 ms. Memory: 516096K Free: 344062K (67%)
----------------- Invoking toplevel() on ptolemy.moml.MoMLSimpleApplication@4f14a111
----------------- Done invoking toplevel() on ptolemy.moml.MoMLSimpleApplication@4f14a111
reloadAllAccessors: .DB

===========================================================================================
----------------- testing Thu Oct 10 22:29:52 UTC 2019 /home/travis/build/icyphy/ptII/ptolemy/actor/lib/test/auto/DBDE.xml
----------------- Instantiating /home/travis/build/icyphy/ptII/ptolemy/actor/lib/test/auto/DBDE.xml
2 ms. Memory: 516096K Free: 337887K (65%)
----------------- Invoking toplevel() on ptolemy.moml.MoMLSimpleApplication@1a502a95
----------------- Done invoking toplevel() on ptolemy.moml.MoMLSimpleApplication@1a502a95
reloadAllAccessors: .DBDE

===========================================================================================
----------------- testing Thu Oct 10 22:29:52 UTC 2019 /home/travis/build/icyphy/ptII/ptolemy/actor/lib/test/auto/DateConstructor.xml
----------------- Instantiating /home/travis/build/icyphy/ptII/ptolemy/actor/lib/test/auto/DateConstructor.xml
28 ms. Memory: 516096K Free: 319486K (62%)
----------------- Invoking toplevel() on ptolemy.moml.MoMLSimpleApplication@4e21ee76
----------------- Done invoking toplevel() on ptolemy.moml.MoMLSimpleApplication@4e21ee76
reloadAllAccessors: .DateConstructor

===========================================================================================
----------------- testing Thu Oct 10 22:29:52 UTC 2019 /home/travis/build/icyphy/ptII/ptolemy/actor/lib/test/auto/DelayTime.xml
----------------- Instantiating /home/travis/build/icyphy/ptII/ptolemy/actor/lib/test/auto/DelayTime.xml
5 ms. Memory: 516096K Free: 314880K (61%)
----------------- Invoking toplevel() on ptolemy.moml.MoMLSimpleApplication@13ef83f8
----------------- Done invoking toplevel() on ptolemy.moml.MoMLSimpleApplication@13ef83f8
reloadAllAccessors: .DelayTime

===========================================================================================
----------------- testing Thu Oct 10 22:29:52 UTC 2019 /home/travis/build/icyphy/ptII/ptolemy/actor/lib/test/auto/Dictionary1.xml
----------------- Instantiating /home/travis/build/icyphy/ptII/ptolemy/actor/lib/test/auto/Dictionary1.xml
1 ms. Memory: 516096K Free: 309246K (60%)
----------------- Invoking toplevel() on ptolemy.moml.MoMLSimpleApplication@7e02e660
----------------- Done invoking toplevel() on ptolemy.moml.MoMLSimpleApplication@7e02e660
reloadAllAccessors: .Dictionary1

===========================================================================================
----------------- testing Thu Oct 10 22:29:52 UTC 2019 /home/travis/build/icyphy/ptII/ptolemy/actor/lib/test/auto/Dictionary2.xml
----------------- Instantiating /home/travis/build/icyphy/ptII/ptolemy/actor/lib/test/auto/Dictionary2.xml
2 ms. Memory: 516096K Free: 303616K (59%)
----------------- Invoking toplevel() on ptolemy.moml.MoMLSimpleApplication@1e9203de
----------------- Done invoking toplevel() on ptolemy.moml.MoMLSimpleApplication@1e9203de
reloadAllAccessors: .Dictionary2

===========================================================================================
----------------- testing Thu Oct 10 22:29:52 UTC 2019 /home/travis/build/icyphy/ptII/ptolemy/actor/lib/test/auto/Dictionary3.xml
----------------- Instantiating /home/travis/build/icyphy/ptII/ptolemy/actor/lib/test/auto/Dictionary3.xml
2 ms. Memory: 516096K Free: 297982K (58%)
----------------- Invoking toplevel() on ptolemy.moml.MoMLSimpleApplication@1163a8cc
----------------- Done invoking toplevel() on ptolemy.moml.MoMLSimpleApplication@1163a8cc
reloadAllAccessors: .Dictionary3

===========================================================================================
----------------- testing Thu Oct 10 22:29:52 UTC 2019 /home/travis/build/icyphy/ptII/ptolemy/actor/lib/test/auto/Dictionary4.xml
----------------- Instantiating /home/travis/build/icyphy/ptII/ptolemy/actor/lib/test/auto/Dictionary4.xml
10 ms. Memory: 516096K Free: 291328K (56%)
----------------- Invoking toplevel() on ptolemy.moml.MoMLSimpleApplication@21745771
----------------- Done invoking toplevel() on ptolemy.moml.MoMLSimpleApplication@21745771
reloadAllAccessors: .Dictionary4

===========================================================================================
----------------- testing Thu Oct 10 22:29:52 UTC 2019 /home/travis/build/icyphy/ptII/ptolemy/actor/lib/test/auto/Differential.xml
----------------- Instantiating /home/travis/build/icyphy/ptII/ptolemy/actor/lib/test/auto/Differential.xml
3 ms. Memory: 516096K Free: 286718K (56%)
----------------- Invoking toplevel() on ptolemy.moml.MoMLSimpleApplication@3e802adf
----------------- Done invoking toplevel() on ptolemy.moml.MoMLSimpleApplication@3e802adf
reloadAllAccessors: .Differential

===========================================================================================
----------------- testing Thu Oct 10 22:29:52 UTC 2019 /home/travis/build/icyphy/ptII/ptolemy/actor/lib/test/auto/Director.xml
----------------- Instantiating /home/travis/build/icyphy/ptII/ptolemy/actor/lib/test/auto/Director.xml
3 ms. Memory: 516096K Free: 283136K (55%)
----------------- Invoking toplevel() on ptolemy.moml.MoMLSimpleApplication@b13560e
----------------- Done invoking toplevel() on ptolemy.moml.MoMLSimpleApplication@b13560e
reloadAllAccessors: .Director

===========================================================================================
----------------- testing Thu Oct 10 22:29:52 UTC 2019 /home/travis/build/icyphy/ptII/ptolemy/actor/lib/test/auto/DiscreteClock.xml
----------------- Instantiating /home/travis/build/icyphy/ptII/ptolemy/actor/lib/test/auto/DiscreteClock.xml
1 ms. Memory: 516096K Free: 279550K (54%)
----------------- Invoking toplevel() on ptolemy.moml.MoMLSimpleApplication@c35b90b
----------------- Done invoking toplevel() on ptolemy.moml.MoMLSimpleApplication@c35b90b
reloadAllAccessors: .DiscreteClock

===========================================================================================
----------------- testing Thu Oct 10 22:29:52 UTC 2019 /home/travis/build/icyphy/ptII/ptolemy/actor/lib/test/auto/DiscreteClock10.xml
----------------- Instantiating /home/travis/build/icyphy/ptII/ptolemy/actor/lib/test/auto/DiscreteClock10.xml
2 ms. Memory: 516096K Free: 273406K (53%)
----------------- Invoking toplevel() on ptolemy.moml.MoMLSimpleApplication@b970e97
----------------- Done invoking toplevel() on ptolemy.moml.MoMLSimpleApplication@b970e97
reloadAllAccessors: .DiscreteClock10

===========================================================================================
----------------- testing Thu Oct 10 22:29:52 UTC 2019 /home/travis/build/icyphy/ptII/ptolemy/actor/lib/test/auto/DiscreteClock11.xml
----------------- Instantiating /home/travis/build/icyphy/ptII/ptolemy/actor/lib/test/auto/DiscreteClock11.xml
2 ms. Memory: 516096K Free: 267262K (52%)
----------------- Invoking toplevel() on ptolemy.moml.MoMLSimpleApplication@c92e580
----------------- Done invoking toplevel() on ptolemy.moml.MoMLSimpleApplication@c92e580
reloadAllAccessors: .DiscreteClock11

===========================================================================================
----------------- testing Thu Oct 10 22:29:52 UTC 2019 /home/travis/build/icyphy/ptII/ptolemy/actor/lib/test/auto/DiscreteClock12.xml
----------------- Instantiating /home/travis/build/icyphy/ptII/ptolemy/actor/lib/test/auto/DiscreteClock12.xml
2 ms. Memory: 516096K Free: 261118K (51%)
----------------- Invoking toplevel() on ptolemy.moml.MoMLSimpleApplication@7f265130
----------------- Done invoking toplevel() on ptolemy.moml.MoMLSimpleApplication@7f265130
reloadAllAccessors: .DiscreteClock12

===========================================================================================
----------------- testing Thu Oct 10 22:29:52 UTC 2019 /home/travis/build/icyphy/ptII/ptolemy/actor/lib/test/auto/DiscreteClock13.xml
----------------- Instantiating /home/travis/build/icyphy/ptII/ptolemy/actor/lib/test/auto/DiscreteClock13.xml
5 ms. Memory: 516096K Free: 255488K (50%)
----------------- Invoking toplevel() on ptolemy.moml.MoMLSimpleApplication@1e0eb072
----------------- Done invoking toplevel() on ptolemy.moml.MoMLSimpleApplication@1e0eb072
reloadAllAccessors: .DiscreteClock13

===========================================================================================
----------------- testing Thu Oct 10 22:29:52 UTC 2019 /home/travis/build/icyphy/ptII/ptolemy/actor/lib/test/auto/DiscreteClock14.xml
----------------- Instantiating /home/travis/build/icyphy/ptII/ptolemy/actor/lib/test/auto/DiscreteClock14.xml
7 ms. Memory: 516096K Free: 249344K (48%)
----------------- Invoking toplevel() on ptolemy.moml.MoMLSimpleApplication@21285188
----------------- Done invoking toplevel() on ptolemy.moml.MoMLSimpleApplication@21285188
reloadAllAccessors: .DiscreteClock14

===========================================================================================
----------------- testing Thu Oct 10 22:29:52 UTC 2019 /home/travis/build/icyphy/ptII/ptolemy/actor/lib/test/auto/DiscreteClock15.xml
----------------- Instantiating /home/travis/build/icyphy/ptII/ptolemy/actor/lib/test/auto/DiscreteClock15.xml
5 ms. Memory: 516096K Free: 243200K (47%)
----------------- Invoking toplevel() on ptolemy.moml.MoMLSimpleApplication@331dbaa6
----------------- Done invoking toplevel() on ptolemy.moml.MoMLSimpleApplication@331dbaa6
reloadAllAccessors: .DiscreteClock15

===========================================================================================
----------------- testing Thu Oct 10 22:29:52 UTC 2019 /home/travis/build/icyphy/ptII/ptolemy/actor/lib/test/auto/DiscreteClock16.xml
----------------- Instantiating /home/travis/build/icyphy/ptII/ptolemy/actor/lib/test/auto/DiscreteClock16.xml
17 ms. Memory: 516096K Free: 229343K (44%)
----------------- Invoking toplevel() on ptolemy.moml.MoMLSimpleApplication@6e6fd23b
----------------- Done invoking toplevel() on ptolemy.moml.MoMLSimpleApplication@6e6fd23b
reloadAllAccessors: .DiscreteClock16

===========================================================================================
----------------- testing Thu Oct 10 22:29:52 UTC 2019 /home/travis/build/icyphy/ptII/ptolemy/actor/lib/test/auto/DiscreteClock17.xml
----------------- Instantiating /home/travis/build/icyphy/ptII/ptolemy/actor/lib/test/auto/DiscreteClock17.xml
18 ms. Memory: 516096K Free: 215023K (42%)
----------------- Invoking toplevel() on ptolemy.moml.MoMLSimpleApplication@2b796901
----------------- Done invoking toplevel() on ptolemy.moml.MoMLSimpleApplication@2b796901
reloadAllAccessors: .DiscreteClock17

===========================================================================================
----------------- testing Thu Oct 10 22:29:52 UTC 2019 /home/travis/build/icyphy/ptII/ptolemy/actor/lib/test/auto/DiscreteClock18.xml
----------------- Instantiating /home/travis/build/icyphy/ptII/ptolemy/actor/lib/test/auto/DiscreteClock18.xml
17 ms. Memory: 516096K Free: 201216K (39%)
----------------- Invoking toplevel() on ptolemy.moml.MoMLSimpleApplication@9384fe3
----------------- Done invoking toplevel() on ptolemy.moml.MoMLSimpleApplication@9384fe3
reloadAllAccessors: .DiscreteClock18

===========================================================================================
----------------- testing Thu Oct 10 22:29:52 UTC 2019 /home/travis/build/icyphy/ptII/ptolemy/actor/lib/test/auto/DiscreteClock19.xml
----------------- Instantiating /home/travis/build/icyphy/ptII/ptolemy/actor/lib/test/auto/DiscreteClock19.xml
18 ms. Memory: 516096K Free: 187390K (36%)
----------------- Invoking toplevel() on ptolemy.moml.MoMLSimpleApplication@3c10e99b
----------------- Done invoking toplevel() on ptolemy.moml.MoMLSimpleApplication@3c10e99b
reloadAllAccessors: .DiscreteClock19

===========================================================================================
----------------- testing Thu Oct 10 22:29:52 UTC 2019 /home/travis/build/icyphy/ptII/ptolemy/actor/lib/test/auto/DiscreteClock2.xml
----------------- Instantiating /home/travis/build/icyphy/ptII/ptolemy/actor/lib/test/auto/DiscreteClock2.xml
3 ms. Memory: 516096K Free: 182239K (35%)
----------------- Invoking toplevel() on ptolemy.moml.MoMLSimpleApplication@3c639ca2
----------------- Done invoking toplevel() on ptolemy.moml.MoMLSimpleApplication@3c639ca2
reloadAllAccessors: .DiscreteClock2

===========================================================================================
----------------- testing Thu Oct 10 22:29:52 UTC 2019 /home/travis/build/icyphy/ptII/ptolemy/actor/lib/test/auto/DiscreteClock20.xml
----------------- Instantiating /home/travis/build/icyphy/ptII/ptolemy/actor/lib/test/auto/DiscreteClock20.xml
57 ms. Memory: 516096K Free: 468208K (91%)
----------------- Invoking toplevel() on ptolemy.moml.MoMLSimpleApplication@77ecb0e2
----------------- Done invoking toplevel() on ptolemy.moml.MoMLSimpleApplication@77ecb0e2
reloadAllAccessors: .DiscreteClock20

===========================================================================================
----------------- testing Thu Oct 10 22:29:52 UTC 2019 /home/travis/build/icyphy/ptII/ptolemy/actor/lib/test/auto/DiscreteClock21.xml
----------------- Instantiating /home/travis/build/icyphy/ptII/ptolemy/actor/lib/test/auto/DiscreteClock21.xml
7 ms. Memory: 516096K Free: 462336K (90%)
----------------- Invoking toplevel() on ptolemy.moml.MoMLSimpleApplication@7e131312
----------------- Done invoking toplevel() on ptolemy.moml.MoMLSimpleApplication@7e131312
reloadAllAccessors: .DiscreteClock21

===========================================================================================
----------------- testing Thu Oct 10 22:29:52 UTC 2019 /home/travis/build/icyphy/ptII/ptolemy/actor/lib/test/auto/DiscreteClock22.xml
----------------- Instantiating /home/travis/build/icyphy/ptII/ptolemy/actor/lib/test/auto/DiscreteClock22.xml
4 ms. Memory: 516096K Free: 456702K (88%)
----------------- Invoking toplevel() on ptolemy.moml.MoMLSimpleApplication@1c077413
----------------- Done invoking toplevel() on ptolemy.moml.MoMLSimpleApplication@1c077413
reloadAllAccessors: .DiscreteClock22

===========================================================================================
----------------- testing Thu Oct 10 22:29:52 UTC 2019 /home/travis/build/icyphy/ptII/ptolemy/actor/lib/test/auto/DiscreteClock23.xml
----------------- Instantiating /home/travis/build/icyphy/ptII/ptolemy/actor/lib/test/auto/DiscreteClock23.xml
8 ms. Memory: 516096K Free: 451072K (87%)
----------------- Invoking toplevel() on ptolemy.moml.MoMLSimpleApplication@b59da59
----------------- Done invoking toplevel() on ptolemy.moml.MoMLSimpleApplication@b59da59
reloadAllAccessors: .DiscreteClock23

===========================================================================================
----------------- testing Thu Oct 10 22:29:52 UTC 2019 /home/travis/build/icyphy/ptII/ptolemy/actor/lib/test/auto/DiscreteClock24.xml
----------------- Instantiating /home/travis/build/icyphy/ptII/ptolemy/actor/lib/test/auto/DiscreteClock24.xml
5 ms. Memory: 516096K Free: 445438K (86%)
----------------- Invoking toplevel() on ptolemy.moml.MoMLSimpleApplication@1c6ac398
----------------- Done invoking toplevel() on ptolemy.moml.MoMLSimpleApplication@1c6ac398
reloadAllAccessors: .DiscreteClock24

===========================================================================================
----------------- testing Thu Oct 10 22:29:52 UTC 2019 /home/travis/build/icyphy/ptII/ptolemy/actor/lib/test/auto/DiscreteClock4.xml
----------------- Instantiating /home/travis/build/icyphy/ptII/ptolemy/actor/lib/test/auto/DiscreteClock4.xml
4 ms. Memory: 516096K Free: 440303K (85%)
----------------- Invoking toplevel() on ptolemy.moml.MoMLSimpleApplication@76e7059e
----------------- Done invoking toplevel() on ptolemy.moml.MoMLSimpleApplication@76e7059e
reloadAllAccessors: .DiscreteClock4

===========================================================================================
----------------- testing Thu Oct 10 22:29:52 UTC 2019 /home/travis/build/icyphy/ptII/ptolemy/actor/lib/test/auto/DiscreteClock5.xml
----------------- Instantiating /home/travis/build/icyphy/ptII/ptolemy/actor/lib/test/auto/DiscreteClock5.xml
1 ms. Memory: 516096K Free: 434688K (84%)
----------------- Invoking toplevel() on ptolemy.moml.MoMLSimpleApplication@5fd1cb71
----------------- Done invoking toplevel() on ptolemy.moml.MoMLSimpleApplication@5fd1cb71
reloadAllAccessors: .DiscreteClock5

===========================================================================================
----------------- testing Thu Oct 10 22:29:52 UTC 2019 /home/travis/build/icyphy/ptII/ptolemy/actor/lib/test/auto/DiscreteClock6.xml
----------------- Instantiating /home/travis/build/icyphy/ptII/ptolemy/actor/lib/test/auto/DiscreteClock6.xml
1 ms. Memory: 516096K Free: 430078K (83%)
----------------- Invoking toplevel() on ptolemy.moml.MoMLSimpleApplication@518f6e7e
----------------- Done invoking toplevel() on ptolemy.moml.MoMLSimpleApplication@518f6e7e
reloadAllAccessors: .DiscreteClock6

===========================================================================================
----------------- testing Thu Oct 10 22:29:52 UTC 2019 /home/travis/build/icyphy/ptII/ptolemy/actor/lib/test/auto/DiscreteClock7.xml
----------------- Instantiating /home/travis/build/icyphy/ptII/ptolemy/actor/lib/test/auto/DiscreteClock7.xml
2 ms. Memory: 516096K Free: 424958K (82%)
----------------- Invoking toplevel() on ptolemy.moml.MoMLSimpleApplication@398751af
----------------- Done invoking toplevel() on ptolemy.moml.MoMLSimpleApplication@398751af
reloadAllAccessors: .DiscreteClock7

===========================================================================================
----------------- testing Thu Oct 10 22:29:52 UTC 2019 /home/travis/build/icyphy/ptII/ptolemy/actor/lib/test/auto/DiscreteClock8.xml
----------------- Instantiating /home/travis/build/icyphy/ptII/ptolemy/actor/lib/test/auto/DiscreteClock8.xml
7 ms. Memory: 516096K Free: 419328K (81%)
----------------- Invoking toplevel() on ptolemy.moml.MoMLSimpleApplication@3aa67b09
----------------- Done invoking toplevel() on ptolemy.moml.MoMLSimpleApplication@3aa67b09
reloadAllAccessors: .DiscreteClock8

===========================================================================================
----------------- testing Thu Oct 10 22:29:52 UTC 2019 /home/travis/build/icyphy/ptII/ptolemy/actor/lib/test/auto/DiscreteClock9.xml
----------------- Instantiating /home/travis/build/icyphy/ptII/ptolemy/actor/lib/test/auto/DiscreteClock9.xml
2 ms. Memory: 516096K Free: 413663K (80%)
----------------- Invoking toplevel() on ptolemy.moml.MoMLSimpleApplication@5b755860
----------------- Done invoking toplevel() on ptolemy.moml.MoMLSimpleApplication@5b755860
reloadAllAccessors: .DiscreteClock9

===========================================================================================
----------------- testing Thu Oct 10 22:29:52 UTC 2019 /home/travis/build/icyphy/ptII/ptolemy/actor/lib/test/auto/DisplayArray.xml
----------------- Instantiating /home/travis/build/icyphy/ptII/ptolemy/actor/lib/test/auto/DisplayArray.xml
1 ms. Memory: 516096K Free: 410112K (79%)
----------------- Invoking toplevel() on ptolemy.moml.MoMLSimpleApplication@4323c06a
----------------- Done invoking toplevel() on ptolemy.moml.MoMLSimpleApplication@4323c06a
reloadAllAccessors: .DisplayArray

===========================================================================================
----------------- testing Thu Oct 10 22:29:52 UTC 2019 /home/travis/build/icyphy/ptII/ptolemy/actor/lib/test/auto/Distributor.xml
----------------- Instantiating /home/travis/build/icyphy/ptII/ptolemy/actor/lib/test/auto/Distributor.xml
2 ms. Memory: 516096K Free: 405502K (79%)
----------------- Invoking toplevel() on ptolemy.moml.MoMLSimpleApplication@154f0e50
----------------- Done invoking toplevel() on ptolemy.moml.MoMLSimpleApplication@154f0e50
reloadAllAccessors: .Distributor

===========================================================================================
----------------- testing Thu Oct 10 22:29:52 UTC 2019 /home/travis/build/icyphy/ptII/ptolemy/actor/lib/test/auto/Distributor2.xml
----------------- Instantiating /home/travis/build/icyphy/ptII/ptolemy/actor/lib/test/auto/Distributor2.xml
1 ms. Memory: 516096K Free: 400382K (78%)
----------------- Invoking toplevel() on ptolemy.moml.MoMLSimpleApplication@6a2d9ea0
----------------- Done invoking toplevel() on ptolemy.moml.MoMLSimpleApplication@6a2d9ea0
reloadAllAccessors: .Distributor2

===========================================================================================
----------------- testing Thu Oct 10 22:29:52 UTC 2019 /home/travis/build/icyphy/ptII/ptolemy/actor/lib/test/auto/DownSample.xml
----------------- Instantiating /home/travis/build/icyphy/ptII/ptolemy/actor/lib/test/auto/DownSample.xml
1 ms. Memory: 516096K Free: 395776K (77%)
----------------- Invoking toplevel() on ptolemy.moml.MoMLSimpleApplication@7e84c1a2
----------------- Done invoking toplevel() on ptolemy.moml.MoMLSimpleApplication@7e84c1a2
reloadAllAccessors: .DownSample

===========================================================================================
----------------- testing Thu Oct 10 22:29:53 UTC 2019 /home/travis/build/icyphy/ptII/ptolemy/actor/lib/test/auto/ElectronicUnitBase1.xml
----------------- Instantiating /home/travis/build/icyphy/ptII/ptolemy/actor/lib/test/auto/ElectronicUnitBase1.xml
18 ms. Memory: 516096K Free: 379902K (74%)
----------------- Invoking toplevel() on ptolemy.moml.MoMLSimpleApplication@536a7e59
----------------- Done invoking toplevel() on ptolemy.moml.MoMLSimpleApplication@536a7e59
reloadAllAccessors: .ElectronicUnitBase1

===========================================================================================
----------------- testing Thu Oct 10 22:29:53 UTC 2019 /home/travis/build/icyphy/ptII/ptolemy/actor/lib/test/auto/ElementsToArray.xml
----------------- Instantiating /home/travis/build/icyphy/ptII/ptolemy/actor/lib/test/auto/ElementsToArray.xml
2 ms. Memory: 516096K Free: 374782K (73%)
----------------- Invoking toplevel() on ptolemy.moml.MoMLSimpleApplication@588144df
----------------- Done invoking toplevel() on ptolemy.moml.MoMLSimpleApplication@588144df
reloadAllAccessors: .ElementsToArray

===========================================================================================
----------------- testing Thu Oct 10 22:29:53 UTC 2019 /home/travis/build/icyphy/ptII/ptolemy/actor/lib/test/auto/Equals.xml
----------------- Instantiating /home/travis/build/icyphy/ptII/ptolemy/actor/lib/test/auto/Equals.xml
2 ms. Memory: 516096K Free: 370176K (72%)
----------------- Invoking toplevel() on ptolemy.moml.MoMLSimpleApplication@4a732131
----------------- Done invoking toplevel() on ptolemy.moml.MoMLSimpleApplication@4a732131
reloadAllAccessors: .Equals

===========================================================================================
----------------- testing Thu Oct 10 22:29:53 UTC 2019 /home/travis/build/icyphy/ptII/ptolemy/actor/lib/test/auto/Exec.xml
----------------- Instantiating /home/travis/build/icyphy/ptII/ptolemy/actor/lib/test/auto/Exec.xml
18 ms. Memory: 516096K Free: 364542K (71%)
----------------- Invoking toplevel() on ptolemy.moml.MoMLSimpleApplication@71e02d5f
----------------- Done invoking toplevel() on ptolemy.moml.MoMLSimpleApplication@71e02d5f
reloadAllAccessors: .Exec

===========================================================================================
----------------- testing Thu Oct 10 22:29:53 UTC 2019 /home/travis/build/icyphy/ptII/ptolemy/actor/lib/test/auto/ExecEnvironment.xml
----------------- Instantiating /home/travis/build/icyphy/ptII/ptolemy/actor/lib/test/auto/ExecEnvironment.xml
28 ms. Memory: 516096K Free: 358398K (69%)
----------------- Invoking toplevel() on ptolemy.moml.MoMLSimpleApplication@67f009ba
----------------- Done invoking toplevel() on ptolemy.moml.MoMLSimpleApplication@67f009ba
reloadAllAccessors: .ExecEnvironment

===========================================================================================
----------------- testing Thu Oct 10 22:29:53 UTC 2019 /home/travis/build/icyphy/ptII/ptolemy/actor/lib/test/auto/ExecNonZeroReturnOutput.xml
----------------- Instantiating /home/travis/build/icyphy/ptII/ptolemy/actor/lib/test/auto/ExecNonZeroReturnOutput.xml
191 ms. Memory: 516096K Free: 347648K (67%)
----------------- Invoking toplevel() on ptolemy.moml.MoMLSimpleApplication@4c79f653
----------------- Done invoking toplevel() on ptolemy.moml.MoMLSimpleApplication@4c79f653
reloadAllAccessors: .ExecNonZeroReturnOutput

===========================================================================================
----------------- testing Thu Oct 10 22:29:53 UTC 2019 /home/travis/build/icyphy/ptII/ptolemy/actor/lib/test/auto/ExecRunDemos.xml
----------------- Instantiating /home/travis/build/icyphy/ptII/ptolemy/actor/lib/test/auto/ExecRunDemos.xml
Finished: 116 ms. Memory: 120832K Free: 104305K (86%)

Finished: 78 ms. Memory: 120832K Free: 110727K (92%)

Finished: 109 ms. Memory: 120832K Free: 110795K (92%)

Finished: 106 ms. Memory: 120832K Free: 111675K (92%)

Finished: 74 ms. Memory: 120832K Free: 103941K (86%)

11283 ms. Memory: 516096K Free: 326142K (63%)
----------------- Invoking toplevel() on ptolemy.moml.MoMLSimpleApplication@6764b5bc
----------------- Done invoking toplevel() on ptolemy.moml.MoMLSimpleApplication@6764b5bc
reloadAllAccessors: .ExecRunDemos

===========================================================================================
----------------- testing Thu Oct 10 22:30:04 UTC 2019 /home/travis/build/icyphy/ptII/ptolemy/actor/lib/test/auto/ExecStop.xml
----------------- Instantiating /home/travis/build/icyphy/ptII/ptolemy/actor/lib/test/auto/ExecStop.xml
5016 ms. Memory: 516096K Free: 206846K (40%)
----------------- Invoking toplevel() on ptolemy.moml.MoMLSimpleApplication@6fb5d9a2
----------------- Done invoking toplevel() on ptolemy.moml.MoMLSimpleApplication@6fb5d9a2
reloadAllAccessors: .ExecStop

===========================================================================================
----------------- testing Thu Oct 10 22:30:09 UTC 2019 /home/travis/build/icyphy/ptII/ptolemy/actor/lib/test/auto/ExecutionTimeSDF.xml
----------------- Instantiating /home/travis/build/icyphy/ptII/ptolemy/actor/lib/test/auto/ExecutionTimeSDF.xml
Fired ExecutionTime: -1758967296
Fired ExecutionTime: 1063600000
Fired ExecutionTime: -1099767296
6007 ms. Memory: 516096K Free: 194543K (38%)
----------------- Invoking toplevel() on ptolemy.moml.MoMLSimpleApplication@40e32a95
----------------- Done invoking toplevel() on ptolemy.moml.MoMLSimpleApplication@40e32a95
reloadAllAccessors: .ExecutionTimeSDF

===========================================================================================
----------------- testing Thu Oct 10 22:30:15 UTC 2019 /home/travis/build/icyphy/ptII/ptolemy/actor/lib/test/auto/Expression1.xml
----------------- Instantiating /home/travis/build/icyphy/ptII/ptolemy/actor/lib/test/auto/Expression1.xml
2 ms. Memory: 516096K Free: 191486K (37%)
----------------- Invoking toplevel() on ptolemy.moml.MoMLSimpleApplication@6605bd2a
----------------- Done invoking toplevel() on ptolemy.moml.MoMLSimpleApplication@6605bd2a
reloadAllAccessors: .Expression1

===========================================================================================
----------------- testing Thu Oct 10 22:30:15 UTC 2019 /home/travis/build/icyphy/ptII/ptolemy/actor/lib/test/auto/Expression10.xml
----------------- Instantiating /home/travis/build/icyphy/ptII/ptolemy/actor/lib/test/auto/Expression10.xml
5 ms. Memory: 516096K Free: 185856K (36%)
----------------- Invoking toplevel() on ptolemy.moml.MoMLSimpleApplication@3d01fc93
----------------- Done invoking toplevel() on ptolemy.moml.MoMLSimpleApplication@3d01fc93
reloadAllAccessors: .Expression10

===========================================================================================
----------------- testing Thu Oct 10 22:30:15 UTC 2019 /home/travis/build/icyphy/ptII/ptolemy/actor/lib/test/auto/Expression11.xml
----------------- Instantiating /home/travis/build/icyphy/ptII/ptolemy/actor/lib/test/auto/Expression11.xml
3 ms. Memory: 516096K Free: 181246K (35%)
----------------- Invoking toplevel() on ptolemy.moml.MoMLSimpleApplication@7ebce1a4
----------------- Done invoking toplevel() on ptolemy.moml.MoMLSimpleApplication@7ebce1a4
reloadAllAccessors: .Expression11

===========================================================================================
----------------- testing Thu Oct 10 22:30:15 UTC 2019 /home/travis/build/icyphy/ptII/ptolemy/actor/lib/test/auto/Expression12.xml
----------------- Instantiating /home/travis/build/icyphy/ptII/ptolemy/actor/lib/test/auto/Expression12.xml
4 ms. Memory: 516096K Free: 176126K (34%)
----------------- Invoking toplevel() on ptolemy.moml.MoMLSimpleApplication@178af0a4
----------------- Done invoking toplevel() on ptolemy.moml.MoMLSimpleApplication@178af0a4
reloadAllAccessors: .Expression12

===========================================================================================
----------------- testing Thu Oct 10 22:30:15 UTC 2019 /home/travis/build/icyphy/ptII/ptolemy/actor/lib/test/auto/Expression13.xml
----------------- Instantiating /home/travis/build/icyphy/ptII/ptolemy/actor/lib/test/auto/Expression13.xml
4 ms. Memory: 516096K Free: 171006K (33%)
----------------- Invoking toplevel() on ptolemy.moml.MoMLSimpleApplication@7de5245f
----------------- Done invoking toplevel() on ptolemy.moml.MoMLSimpleApplication@7de5245f
reloadAllAccessors: .Expression13

===========================================================================================
----------------- testing Thu Oct 10 22:30:15 UTC 2019 /home/travis/build/icyphy/ptII/ptolemy/actor/lib/test/auto/Expression14.xml
----------------- Instantiating /home/travis/build/icyphy/ptII/ptolemy/actor/lib/test/auto/Expression14.xml
10 ms. Memory: 658432K Free: 607744K (92%)
----------------- Invoking toplevel() on ptolemy.moml.MoMLSimpleApplication@4054f348
----------------- Done invoking toplevel() on ptolemy.moml.MoMLSimpleApplication@4054f348
reloadAllAccessors: .Expression14

===========================================================================================
----------------- testing Thu Oct 10 22:30:15 UTC 2019 /home/travis/build/icyphy/ptII/ptolemy/actor/lib/test/auto/Expression15.xml
----------------- Instantiating /home/travis/build/icyphy/ptII/ptolemy/actor/lib/test/auto/Expression15.xml
2 ms. Memory: 658432K Free: 603648K (92%)
----------------- Invoking toplevel() on ptolemy.moml.MoMLSimpleApplication@132a4e78
----------------- Done invoking toplevel() on ptolemy.moml.MoMLSimpleApplication@132a4e78
reloadAllAccessors: .Expression15

===========================================================================================
----------------- testing Thu Oct 10 22:30:15 UTC 2019 /home/travis/build/icyphy/ptII/ptolemy/actor/lib/test/auto/Expression16.xml
----------------- Instantiating /home/travis/build/icyphy/ptII/ptolemy/actor/lib/test/auto/Expression16.xml
5 ms. Memory: 658432K Free: 598528K (91%)
----------------- Invoking toplevel() on ptolemy.moml.MoMLSimpleApplication@4c5fcffb
----------------- Done invoking toplevel() on ptolemy.moml.MoMLSimpleApplication@4c5fcffb
reloadAllAccessors: .Expression16

===========================================================================================
----------------- testing Thu Oct 10 22:30:16 UTC 2019 /home/travis/build/icyphy/ptII/ptolemy/actor/lib/test/auto/Expression17.xml
----------------- Instantiating /home/travis/build/icyphy/ptII/ptolemy/actor/lib/test/auto/Expression17.xml
10 ms. Memory: 658432K Free: 593918K (90%)
----------------- Invoking toplevel() on ptolemy.moml.MoMLSimpleApplication@2c87ea38
----------------- Done invoking toplevel() on ptolemy.moml.MoMLSimpleApplication@2c87ea38
reloadAllAccessors: .Expression17

===========================================================================================
----------------- testing Thu Oct 10 22:30:16 UTC 2019 /home/travis/build/icyphy/ptII/ptolemy/actor/lib/test/auto/Expression18.xml
----------------- Instantiating /home/travis/build/icyphy/ptII/ptolemy/actor/lib/test/auto/Expression18.xml
3 ms. Memory: 658432K Free: 588798K (89%)
----------------- Invoking toplevel() on ptolemy.moml.MoMLSimpleApplication@68437359
----------------- Done invoking toplevel() on ptolemy.moml.MoMLSimpleApplication@68437359
reloadAllAccessors: .Expression18

===========================================================================================
----------------- testing Thu Oct 10 22:30:16 UTC 2019 /home/travis/build/icyphy/ptII/ptolemy/actor/lib/test/auto/Expression2.xml
----------------- Instantiating /home/travis/build/icyphy/ptII/ptolemy/actor/lib/test/auto/Expression2.xml
3 ms. Memory: 658432K Free: 584192K (89%)
----------------- Invoking toplevel() on ptolemy.moml.MoMLSimpleApplication@5ae539ab
----------------- Done invoking toplevel() on ptolemy.moml.MoMLSimpleApplication@5ae539ab
reloadAllAccessors: .Expression2

===========================================================================================
----------------- testing Thu Oct 10 22:30:16 UTC 2019 /home/travis/build/icyphy/ptII/ptolemy/actor/lib/test/auto/Expression3.xml
----------------- Instantiating /home/travis/build/icyphy/ptII/ptolemy/actor/lib/test/auto/Expression3.xml
7 ms. Memory: 658432K Free: 579072K (88%)
----------------- Invoking toplevel() on ptolemy.moml.MoMLSimpleApplication@1bc8d4c8
----------------- Done invoking toplevel() on ptolemy.moml.MoMLSimpleApplication@1bc8d4c8
reloadAllAccessors: .Expression3

===========================================================================================
----------------- testing Thu Oct 10 22:30:16 UTC 2019 /home/travis/build/icyphy/ptII/ptolemy/actor/lib/test/auto/Expression4.xml
----------------- Instantiating /home/travis/build/icyphy/ptII/ptolemy/actor/lib/test/auto/Expression4.xml
5 ms. Memory: 658432K Free: 571390K (87%)
----------------- Invoking toplevel() on ptolemy.moml.MoMLSimpleApplication@747e190b
----------------- Done invoking toplevel() on ptolemy.moml.MoMLSimpleApplication@747e190b
reloadAllAccessors: .Expression4

===========================================================================================
----------------- testing Thu Oct 10 22:30:16 UTC 2019 /home/travis/build/icyphy/ptII/ptolemy/actor/lib/test/auto/Expression5.xml
----------------- Instantiating /home/travis/build/icyphy/ptII/ptolemy/actor/lib/test/auto/Expression5.xml
7 ms. Memory: 658432K Free: 566784K (86%)
----------------- Invoking toplevel() on ptolemy.moml.MoMLSimpleApplication@5c0ab884
----------------- Done invoking toplevel() on ptolemy.moml.MoMLSimpleApplication@5c0ab884
reloadAllAccessors: .Expression5

===========================================================================================
----------------- testing Thu Oct 10 22:30:16 UTC 2019 /home/travis/build/icyphy/ptII/ptolemy/actor/lib/test/auto/Expression6.xml
----------------- Instantiating /home/travis/build/icyphy/ptII/ptolemy/actor/lib/test/auto/Expression6.xml
2 ms. Memory: 658432K Free: 562174K (85%)
----------------- Invoking toplevel() on ptolemy.moml.MoMLSimpleApplication@5425d4dc
----------------- Done invoking toplevel() on ptolemy.moml.MoMLSimpleApplication@5425d4dc
reloadAllAccessors: .Expression6

===========================================================================================
----------------- testing Thu Oct 10 22:30:16 UTC 2019 /home/travis/build/icyphy/ptII/ptolemy/actor/lib/test/auto/Expression7.xml
----------------- Instantiating /home/travis/build/icyphy/ptII/ptolemy/actor/lib/test/auto/Expression7.xml
2 ms. Memory: 658432K Free: 557054K (85%)
----------------- Invoking toplevel() on ptolemy.moml.MoMLSimpleApplication@7d67c342
----------------- Done invoking toplevel() on ptolemy.moml.MoMLSimpleApplication@7d67c342
reloadAllAccessors: .Expression7

===========================================================================================
----------------- testing Thu Oct 10 22:30:16 UTC 2019 /home/travis/build/icyphy/ptII/ptolemy/actor/lib/test/auto/Expression8.xml
----------------- Instantiating /home/travis/build/icyphy/ptII/ptolemy/actor/lib/test/auto/Expression8.xml
9 ms. Memory: 658432K Free: 552448K (84%)
----------------- Invoking toplevel() on ptolemy.moml.MoMLSimpleApplication@13369f5c
----------------- Done invoking toplevel() on ptolemy.moml.MoMLSimpleApplication@13369f5c
reloadAllAccessors: .Expression8

===========================================================================================
----------------- testing Thu Oct 10 22:30:16 UTC 2019 /home/travis/build/icyphy/ptII/ptolemy/actor/lib/test/auto/Expression9.xml
----------------- Instantiating /home/travis/build/icyphy/ptII/ptolemy/actor/lib/test/auto/Expression9.xml
1 ms. Memory: 658432K Free: 548352K (83%)
----------------- Invoking toplevel() on ptolemy.moml.MoMLSimpleApplication@351e50fd
----------------- Done invoking toplevel() on ptolemy.moml.MoMLSimpleApplication@351e50fd
reloadAllAccessors: .Expression9

===========================================================================================
----------------- testing Thu Oct 10 22:30:16 UTC 2019 /home/travis/build/icyphy/ptII/ptolemy/actor/lib/test/auto/ExpressionConcatenateArrayType.xml
----------------- Instantiating /home/travis/build/icyphy/ptII/ptolemy/actor/lib/test/auto/ExpressionConcatenateArrayType.xml
3 ms. Memory: 658432K Free: 541694K (82%)
----------------- Invoking toplevel() on ptolemy.moml.MoMLSimpleApplication@125ce72d
----------------- Done invoking toplevel() on ptolemy.moml.MoMLSimpleApplication@125ce72d
reloadAllAccessors: .ExpressionConcatenateArrayType

===========================================================================================
----------------- testing Thu Oct 10 22:30:16 UTC 2019 /home/travis/build/icyphy/ptII/ptolemy/actor/lib/test/auto/ExpressionConcatenateArrayType2.xml
----------------- Instantiating /home/travis/build/icyphy/ptII/ptolemy/actor/lib/test/auto/ExpressionConcatenateArrayType2.xml
2 ms. Memory: 658432K Free: 536574K (81%)
----------------- Invoking toplevel() on ptolemy.moml.MoMLSimpleApplication@67f60d1d
----------------- Done invoking toplevel() on ptolemy.moml.MoMLSimpleApplication@67f60d1d
reloadAllAccessors: .ExpressionConcatenateArrayType2

===========================================================================================
----------------- testing Thu Oct 10 22:30:16 UTC 2019 /home/travis/build/icyphy/ptII/ptolemy/actor/lib/test/auto/ExpressionFix.xml
----------------- Instantiating /home/travis/build/icyphy/ptII/ptolemy/actor/lib/test/auto/ExpressionFix.xml
26 ms. Memory: 658432K Free: 529920K (80%)
----------------- Invoking toplevel() on ptolemy.moml.MoMLSimpleApplication@8b0e0e4
----------------- Done invoking toplevel() on ptolemy.moml.MoMLSimpleApplication@8b0e0e4
reloadAllAccessors: .ExpressionFix

===========================================================================================
----------------- testing Thu Oct 10 22:30:16 UTC 2019 /home/travis/build/icyphy/ptII/ptolemy/actor/lib/test/auto/ExpressionFix2.xml
----------------- Instantiating /home/travis/build/icyphy/ptII/ptolemy/actor/lib/test/auto/ExpressionFix2.xml
3 ms. Memory: 658432K Free: 526334K (80%)
----------------- Invoking toplevel() on ptolemy.moml.MoMLSimpleApplication@229eff39
----------------- Done invoking toplevel() on ptolemy.moml.MoMLSimpleApplication@229eff39
reloadAllAccessors: .ExpressionFix2

===========================================================================================
----------------- testing Thu Oct 10 22:30:16 UTC 2019 /home/travis/build/icyphy/ptII/ptolemy/actor/lib/test/auto/ExpressionFix3.xml
----------------- Instantiating /home/travis/build/icyphy/ptII/ptolemy/actor/lib/test/auto/ExpressionFix3.xml
2 ms. Memory: 658432K Free: 521728K (79%)
----------------- Invoking toplevel() on ptolemy.moml.MoMLSimpleApplication@4e1bb3b2
----------------- Done invoking toplevel() on ptolemy.moml.MoMLSimpleApplication@4e1bb3b2
reloadAllAccessors: .ExpressionFix3

===========================================================================================
----------------- testing Thu Oct 10 22:30:16 UTC 2019 /home/travis/build/icyphy/ptII/ptolemy/actor/lib/test/auto/FileWriter1.xml
----------------- Instantiating /home/travis/build/icyphy/ptII/ptolemy/actor/lib/test/auto/FileWriter1.xml
2 ms. Memory: 658432K Free: 517632K (79%)
----------------- Invoking toplevel() on ptolemy.moml.MoMLSimpleApplication@346761a0
----------------- Done invoking toplevel() on ptolemy.moml.MoMLSimpleApplication@346761a0
reloadAllAccessors: .FileWriter1

===========================================================================================
----------------- testing Thu Oct 10 22:30:16 UTC 2019 /home/travis/build/icyphy/ptII/ptolemy/actor/lib/test/auto/FileWriter2.xml
----------------- Instantiating /home/travis/build/icyphy/ptII/ptolemy/actor/lib/test/auto/FileWriter2.xml
6 ms. Memory: 658432K Free: 513536K (78%)
----------------- Invoking toplevel() on ptolemy.moml.MoMLSimpleApplication@77dc096
----------------- Done invoking toplevel() on ptolemy.moml.MoMLSimpleApplication@77dc096
reloadAllAccessors: .FileWriter2

===========================================================================================
----------------- testing Thu Oct 10 22:30:16 UTC 2019 /home/travis/build/icyphy/ptII/ptolemy/actor/lib/test/auto/FileWriter3.xml
----------------- Instantiating /home/travis/build/icyphy/ptII/ptolemy/actor/lib/test/auto/FileWriter3.xml
5 ms. Memory: 658432K Free: 509440K (77%)
----------------- Invoking toplevel() on ptolemy.moml.MoMLSimpleApplication@26196d62
----------------- Done invoking toplevel() on ptolemy.moml.MoMLSimpleApplication@26196d62
reloadAllAccessors: .FileWriter3

===========================================================================================
----------------- testing Thu Oct 10 22:30:16 UTC 2019 /home/travis/build/icyphy/ptII/ptolemy/actor/lib/test/auto/Gaussian.xml
----------------- Instantiating /home/travis/build/icyphy/ptII/ptolemy/actor/lib/test/auto/Gaussian.xml
3 ms. Memory: 658432K Free: 505344K (77%)
----------------- Invoking toplevel() on ptolemy.moml.MoMLSimpleApplication@761c936
----------------- Done invoking toplevel() on ptolemy.moml.MoMLSimpleApplication@761c936
reloadAllAccessors: .Gaussian

===========================================================================================
----------------- testing Thu Oct 10 22:30:16 UTC 2019 /home/travis/build/icyphy/ptII/ptolemy/actor/lib/test/auto/Gaussian1.xml
----------------- Instantiating /home/travis/build/icyphy/ptII/ptolemy/actor/lib/test/auto/Gaussian1.xml
3 ms. Memory: 658432K Free: 499695K (76%)
----------------- Invoking toplevel() on ptolemy.moml.MoMLSimpleApplication@5cf9cffc
----------------- Done invoking toplevel() on ptolemy.moml.MoMLSimpleApplication@5cf9cffc
reloadAllAccessors: .Gaussian1

===========================================================================================
----------------- testing Thu Oct 10 22:30:16 UTC 2019 /home/travis/build/icyphy/ptII/ptolemy/actor/lib/test/auto/Gaussian2.xml
----------------- Instantiating /home/travis/build/icyphy/ptII/ptolemy/actor/lib/test/auto/Gaussian2.xml
11 ms. Memory: 658432K Free: 494080K (75%)
----------------- Invoking toplevel() on ptolemy.moml.MoMLSimpleApplication@699efc44
----------------- Done invoking toplevel() on ptolemy.moml.MoMLSimpleApplication@699efc44
reloadAllAccessors: .Gaussian2

===========================================================================================
----------------- testing Thu Oct 10 22:30:16 UTC 2019 /home/travis/build/icyphy/ptII/ptolemy/actor/lib/test/auto/GradientAdaptiveLattice.xml
----------------- Instantiating /home/travis/build/icyphy/ptII/ptolemy/actor/lib/test/auto/GradientAdaptiveLattice.xml
3 ms. Memory: 658432K Free: 489470K (74%)
----------------- Invoking toplevel() on ptolemy.moml.MoMLSimpleApplication@be8ac23
----------------- Done invoking toplevel() on ptolemy.moml.MoMLSimpleApplication@be8ac23
reloadAllAccessors: .GradientAdaptiveLattice

===========================================================================================
----------------- testing Thu Oct 10 22:30:16 UTC 2019 /home/travis/build/icyphy/ptII/ptolemy/actor/lib/test/auto/IIR.xml
----------------- Instantiating /home/travis/build/icyphy/ptII/ptolemy/actor/lib/test/auto/IIR.xml
1 ms. Memory: 658432K Free: 484864K (74%)
----------------- Invoking toplevel() on ptolemy.moml.MoMLSimpleApplication@badd5e3
----------------- Done invoking toplevel() on ptolemy.moml.MoMLSimpleApplication@badd5e3
reloadAllAccessors: .IIR

===========================================================================================
----------------- testing Thu Oct 10 22:30:16 UTC 2019 /home/travis/build/icyphy/ptII/ptolemy/actor/lib/test/auto/InputOutputTransparentPorts.xml
----------------- Instantiating /home/travis/build/icyphy/ptII/ptolemy/actor/lib/test/auto/InputOutputTransparentPorts.xml
2 ms. Memory: 658432K Free: 477182K (72%)
----------------- Invoking toplevel() on ptolemy.moml.MoMLSimpleApplication@90c44fc
----------------- Done invoking toplevel() on ptolemy.moml.MoMLSimpleApplication@90c44fc
reloadAllAccessors: .InputOutputTransparentPorts

===========================================================================================
----------------- testing Thu Oct 10 22:30:16 UTC 2019 /home/travis/build/icyphy/ptII/ptolemy/actor/lib/test/auto/Interpolator.xml
----------------- Instantiating /home/travis/build/icyphy/ptII/ptolemy/actor/lib/test/auto/Interpolator.xml
9 ms. Memory: 658432K Free: 473086K (72%)
----------------- Invoking toplevel() on ptolemy.moml.MoMLSimpleApplication@4da91310
----------------- Done invoking toplevel() on ptolemy.moml.MoMLSimpleApplication@4da91310
reloadAllAccessors: .Interpolator

===========================================================================================
----------------- testing Thu Oct 10 22:30:16 UTC 2019 /home/travis/build/icyphy/ptII/ptolemy/actor/lib/test/auto/InterpolatorFiringLimitDE.xml
----------------- Instantiating /home/travis/build/icyphy/ptII/ptolemy/actor/lib/test/auto/InterpolatorFiringLimitDE.xml
2 ms. Memory: 658432K Free: 466942K (71%)
----------------- Invoking toplevel() on ptolemy.moml.MoMLSimpleApplication@6228dbd9
----------------- Done invoking toplevel() on ptolemy.moml.MoMLSimpleApplication@6228dbd9
reloadAllAccessors: .InterpolatorFiringLimitDE

===========================================================================================
----------------- testing Thu Oct 10 22:30:16 UTC 2019 /home/travis/build/icyphy/ptII/ptolemy/actor/lib/test/auto/Lattice.xml
----------------- Instantiating /home/travis/build/icyphy/ptII/ptolemy/actor/lib/test/auto/Lattice.xml
1 ms. Memory: 658432K Free: 462846K (70%)
----------------- Invoking toplevel() on ptolemy.moml.MoMLSimpleApplication@1e270afb
----------------- Done invoking toplevel() on ptolemy.moml.MoMLSimpleApplication@1e270afb
reloadAllAccessors: .Lattice

===========================================================================================
----------------- testing Thu Oct 10 22:30:16 UTC 2019 /home/travis/build/icyphy/ptII/ptolemy/actor/lib/test/auto/LazyAOCTestLazy.xml
----------------- Instantiating /home/travis/build/icyphy/ptII/ptolemy/actor/lib/test/auto/LazyAOCTestLazy.xml
8 ms. Memory: 658432K Free: 457216K (69%)
----------------- Invoking toplevel() on ptolemy.moml.MoMLSimpleApplication@f833177
----------------- Done invoking toplevel() on ptolemy.moml.MoMLSimpleApplication@f833177
reloadAllAccessors: .LazyAOCTestLazy

===========================================================================================
----------------- testing Thu Oct 10 22:30:16 UTC 2019 /home/travis/build/icyphy/ptII/ptolemy/actor/lib/test/auto/LazyAOCTestNonLazy.xml
----------------- Instantiating /home/travis/build/icyphy/ptII/ptolemy/actor/lib/test/auto/LazyAOCTestNonLazy.xml
2 ms. Memory: 658432K Free: 450558K (68%)
----------------- Invoking toplevel() on ptolemy.moml.MoMLSimpleApplication@8139472
----------------- Done invoking toplevel() on ptolemy.moml.MoMLSimpleApplication@8139472
reloadAllAccessors: .LazyAOCTestNonLazy

===========================================================================================
----------------- testing Thu Oct 10 22:30:16 UTC 2019 /home/travis/build/icyphy/ptII/ptolemy/actor/lib/test/auto/LazyInnerClass.xml
----------------- Instantiating /home/travis/build/icyphy/ptII/ptolemy/actor/lib/test/auto/LazyInnerClass.xml
10 ms. Memory: 658432K Free: 441856K (67%)
----------------- Invoking toplevel() on ptolemy.moml.MoMLSimpleApplication@246890f7
----------------- Done invoking toplevel() on ptolemy.moml.MoMLSimpleApplication@246890f7
reloadAllAccessors: .LazyInnerClass

===========================================================================================
----------------- testing Thu Oct 10 22:30:16 UTC 2019 /home/travis/build/icyphy/ptII/ptolemy/actor/lib/test/auto/LazyPubSub.xml
----------------- Instantiating /home/travis/build/icyphy/ptII/ptolemy/actor/lib/test/auto/LazyPubSub.xml
12 ms. Memory: 658432K Free: 432126K (66%)
----------------- Invoking toplevel() on ptolemy.moml.MoMLSimpleApplication@3a0391f8
----------------- Done invoking toplevel() on ptolemy.moml.MoMLSimpleApplication@3a0391f8
reloadAllAccessors: .LazyPubSub

===========================================================================================
----------------- testing Thu Oct 10 22:30:16 UTC 2019 /home/travis/build/icyphy/ptII/ptolemy/actor/lib/test/auto/LazyPubSub2.xml
----------------- Instantiating /home/travis/build/icyphy/ptII/ptolemy/actor/lib/test/auto/LazyPubSub2.xml
13 ms. Memory: 658432K Free: 422400K (64%)
----------------- Invoking toplevel() on ptolemy.moml.MoMLSimpleApplication@6b4295e5
----------------- Done invoking toplevel() on ptolemy.moml.MoMLSimpleApplication@6b4295e5
reloadAllAccessors: .LazyPubSub2

===========================================================================================
----------------- testing Thu Oct 10 22:30:16 UTC 2019 /home/travis/build/icyphy/ptII/ptolemy/actor/lib/test/auto/LazyPubSub3.xml
----------------- Instantiating /home/travis/build/icyphy/ptII/ptolemy/actor/lib/test/auto/LazyPubSub3.xml
12 ms. Memory: 658432K Free: 412160K (63%)
----------------- Invoking toplevel() on ptolemy.moml.MoMLSimpleApplication@2b2404d5
----------------- Done invoking toplevel() on ptolemy.moml.MoMLSimpleApplication@2b2404d5
reloadAllAccessors: .LazyPubSub3

===========================================================================================
----------------- testing Thu Oct 10 22:30:16 UTC 2019 /home/travis/build/icyphy/ptII/ptolemy/actor/lib/test/auto/LazySubClassModel.xml
----------------- Instantiating /home/travis/build/icyphy/ptII/ptolemy/actor/lib/test/auto/LazySubClassModel.xml
2 ms. Memory: 658432K Free: 403454K (61%)
----------------- Invoking toplevel() on ptolemy.moml.MoMLSimpleApplication@7ed8948b
----------------- Done invoking toplevel() on ptolemy.moml.MoMLSimpleApplication@7ed8948b
reloadAllAccessors: .LazySubClassModel

===========================================================================================
----------------- testing Thu Oct 10 22:30:16 UTC 2019 /home/travis/build/icyphy/ptII/ptolemy/actor/lib/test/auto/LevelCrossTest1.xml
----------------- Instantiating /home/travis/build/icyphy/ptII/ptolemy/actor/lib/test/auto/LevelCrossTest1.xml
1 ms. Memory: 658432K Free: 397824K (60%)
----------------- Invoking toplevel() on ptolemy.moml.MoMLSimpleApplication@2c21b59a
----------------- Done invoking toplevel() on ptolemy.moml.MoMLSimpleApplication@2c21b59a
reloadAllAccessors: .broken

===========================================================================================
----------------- testing Thu Oct 10 22:30:16 UTC 2019 /home/travis/build/icyphy/ptII/ptolemy/actor/lib/test/auto/LevelCrossTest10.xml
----------------- Instantiating /home/travis/build/icyphy/ptII/ptolemy/actor/lib/test/auto/LevelCrossTest10.xml
1 ms. Memory: 658432K Free: 390142K (59%)
----------------- Invoking toplevel() on ptolemy.moml.MoMLSimpleApplication@7a6e97d8
----------------- Done invoking toplevel() on ptolemy.moml.MoMLSimpleApplication@7a6e97d8
reloadAllAccessors: .LevelCrossTest10

===========================================================================================
----------------- testing Thu Oct 10 22:30:16 UTC 2019 /home/travis/build/icyphy/ptII/ptolemy/actor/lib/test/auto/LevelCrossTest11.xml
----------------- Instantiating /home/travis/build/icyphy/ptII/ptolemy/actor/lib/test/auto/LevelCrossTest11.xml
1 ms. Memory: 658432K Free: 383998K (58%)
----------------- Invoking toplevel() on ptolemy.moml.MoMLSimpleApplication@633a4626
----------------- Done invoking toplevel() on ptolemy.moml.MoMLSimpleApplication@633a4626
reloadAllAccessors: .LevelCrossTest11

===========================================================================================
----------------- testing Thu Oct 10 22:30:16 UTC 2019 /home/travis/build/icyphy/ptII/ptolemy/actor/lib/test/auto/LevelCrossTest12.xml
----------------- Instantiating /home/travis/build/icyphy/ptII/ptolemy/actor/lib/test/auto/LevelCrossTest12.xml
1 ms. Memory: 658432K Free: 376830K (57%)
----------------- Invoking toplevel() on ptolemy.moml.MoMLSimpleApplication@11e4662c
----------------- Done invoking toplevel() on ptolemy.moml.MoMLSimpleApplication@11e4662c
reloadAllAccessors: .LevelCrossTest12

===========================================================================================
----------------- testing Thu Oct 10 22:30:16 UTC 2019 /home/travis/build/icyphy/ptII/ptolemy/actor/lib/test/auto/LevelCrossTest13.xml
----------------- Instantiating /home/travis/build/icyphy/ptII/ptolemy/actor/lib/test/auto/LevelCrossTest13.xml
1 ms. Memory: 658432K Free: 368638K (56%)
----------------- Invoking toplevel() on ptolemy.moml.MoMLSimpleApplication@7bea74d1
----------------- Done invoking toplevel() on ptolemy.moml.MoMLSimpleApplication@7bea74d1
reloadAllAccessors: .LevelCrossTest13

===========================================================================================
----------------- testing Thu Oct 10 22:30:16 UTC 2019 /home/travis/build/icyphy/ptII/ptolemy/actor/lib/test/auto/LevelCrossTest2.xml
----------------- Instantiating /home/travis/build/icyphy/ptII/ptolemy/actor/lib/test/auto/LevelCrossTest2.xml
1 ms. Memory: 658432K Free: 363518K (55%)
----------------- Invoking toplevel() on ptolemy.moml.MoMLSimpleApplication@787d8798
----------------- Done invoking toplevel() on ptolemy.moml.MoMLSimpleApplication@787d8798
reloadAllAccessors: .broken

===========================================================================================
----------------- testing Thu Oct 10 22:30:16 UTC 2019 /home/travis/build/icyphy/ptII/ptolemy/actor/lib/test/auto/LevelCrossTest3.xml
----------------- Instantiating /home/travis/build/icyphy/ptII/ptolemy/actor/lib/test/auto/LevelCrossTest3.xml
1 ms. Memory: 658432K Free: 357374K (54%)
----------------- Invoking toplevel() on ptolemy.moml.MoMLSimpleApplication@1e3f8c36
----------------- Done invoking toplevel() on ptolemy.moml.MoMLSimpleApplication@1e3f8c36
reloadAllAccessors: .LevelCrossTest3

===========================================================================================
----------------- testing Thu Oct 10 22:30:16 UTC 2019 /home/travis/build/icyphy/ptII/ptolemy/actor/lib/test/auto/LevelCrossTest4.xml
----------------- Instantiating /home/travis/build/icyphy/ptII/ptolemy/actor/lib/test/auto/LevelCrossTest4.xml
1 ms. Memory: 658432K Free: 351744K (53%)
----------------- Invoking toplevel() on ptolemy.moml.MoMLSimpleApplication@67e489f6
----------------- Done invoking toplevel() on ptolemy.moml.MoMLSimpleApplication@67e489f6
reloadAllAccessors: .broken

===========================================================================================
----------------- testing Thu Oct 10 22:30:16 UTC 2019 /home/travis/build/icyphy/ptII/ptolemy/actor/lib/test/auto/LevelCrossTest5.xml
----------------- Instantiating /home/travis/build/icyphy/ptII/ptolemy/actor/lib/test/auto/LevelCrossTest5.xml
2 ms. Memory: 658432K Free: 345600K (52%)
----------------- Invoking toplevel() on ptolemy.moml.MoMLSimpleApplication@5bf36fe
----------------- Done invoking toplevel() on ptolemy.moml.MoMLSimpleApplication@5bf36fe
reloadAllAccessors: .LevelCrossTest5

===========================================================================================
----------------- testing Thu Oct 10 22:30:16 UTC 2019 /home/travis/build/icyphy/ptII/ptolemy/actor/lib/test/auto/LevelCrossTest6.xml
----------------- Instantiating /home/travis/build/icyphy/ptII/ptolemy/actor/lib/test/auto/LevelCrossTest6.xml
1 ms. Memory: 658432K Free: 338432K (51%)
----------------- Invoking toplevel() on ptolemy.moml.MoMLSimpleApplication@194d1996
----------------- Done invoking toplevel() on ptolemy.moml.MoMLSimpleApplication@194d1996
reloadAllAccessors: .LevelCrossTest6

===========================================================================================
----------------- testing Thu Oct 10 22:30:16 UTC 2019 /home/travis/build/icyphy/ptII/ptolemy/actor/lib/test/auto/LevelCrossTest7.xml
----------------- Instantiating /home/travis/build/icyphy/ptII/ptolemy/actor/lib/test/auto/LevelCrossTest7.xml
2 ms. Memory: 658432K Free: 330240K (50%)
----------------- Invoking toplevel() on ptolemy.moml.MoMLSimpleApplication@771f4d29
----------------- Done invoking toplevel() on ptolemy.moml.MoMLSimpleApplication@771f4d29
reloadAllAccessors: .LevelCrossTest7

===========================================================================================
----------------- testing Thu Oct 10 22:30:17 UTC 2019 /home/travis/build/icyphy/ptII/ptolemy/actor/lib/test/auto/LevelCrossTest8.xml
----------------- Instantiating /home/travis/build/icyphy/ptII/ptolemy/actor/lib/test/auto/LevelCrossTest8.xml
1 ms. Memory: 658432K Free: 324096K (49%)
----------------- Invoking toplevel() on ptolemy.moml.MoMLSimpleApplication@534b1c7e
----------------- Done invoking toplevel() on ptolemy.moml.MoMLSimpleApplication@534b1c7e
reloadAllAccessors: .LevelCrossTest8

===========================================================================================
----------------- testing Thu Oct 10 22:30:17 UTC 2019 /home/travis/build/icyphy/ptII/ptolemy/actor/lib/test/auto/LevelCrossTest9.xml
----------------- Instantiating /home/travis/build/icyphy/ptII/ptolemy/actor/lib/test/auto/LevelCrossTest9.xml
1 ms. Memory: 658432K Free: 316928K (48%)
----------------- Invoking toplevel() on ptolemy.moml.MoMLSimpleApplication@7d1045da
----------------- Done invoking toplevel() on ptolemy.moml.MoMLSimpleApplication@7d1045da
reloadAllAccessors: .LevelCrossTest9

===========================================================================================
----------------- testing Thu Oct 10 22:30:17 UTC 2019 /home/travis/build/icyphy/ptII/ptolemy/actor/lib/test/auto/LevinsonDurbin.xml
----------------- Instantiating /home/travis/build/icyphy/ptII/ptolemy/actor/lib/test/auto/LevinsonDurbin.xml
8 ms. Memory: 658432K Free: 312832K (48%)
----------------- Invoking toplevel() on ptolemy.moml.MoMLSimpleApplication@3756e8d6
----------------- Done invoking toplevel() on ptolemy.moml.MoMLSimpleApplication@3756e8d6
reloadAllAccessors: .LevinsonDurbin

===========================================================================================
----------------- testing Thu Oct 10 22:30:17 UTC 2019 /home/travis/build/icyphy/ptII/ptolemy/actor/lib/test/auto/LevinsonDurbin2.xml
----------------- Instantiating /home/travis/build/icyphy/ptII/ptolemy/actor/lib/test/auto/LevinsonDurbin2.xml
1 ms. Memory: 658432K Free: 309246K (47%)
----------------- Invoking toplevel() on ptolemy.moml.MoMLSimpleApplication@5e992575
----------------- Done invoking toplevel() on ptolemy.moml.MoMLSimpleApplication@5e992575
reloadAllAccessors: .LevinsonDurbin2

===========================================================================================
----------------- testing Thu Oct 10 22:30:17 UTC 2019 /home/travis/build/icyphy/ptII/ptolemy/actor/lib/test/auto/LevinsonDurbin3.xml
----------------- Instantiating /home/travis/build/icyphy/ptII/ptolemy/actor/lib/test/auto/LevinsonDurbin3.xml
15 ms. Memory: 658432K Free: 305150K (46%)
----------------- Invoking toplevel() on ptolemy.moml.MoMLSimpleApplication@6f6e06d7
----------------- Done invoking toplevel() on ptolemy.moml.MoMLSimpleApplication@6f6e06d7
reloadAllAccessors: .LevinsonDurbin3

===========================================================================================
----------------- testing Thu Oct 10 22:30:17 UTC 2019 /home/travis/build/icyphy/ptII/ptolemy/actor/lib/test/auto/Limiter.xml
----------------- Instantiating /home/travis/build/icyphy/ptII/ptolemy/actor/lib/test/auto/Limiter.xml
4 ms. Memory: 658432K Free: 295927K (45%)
----------------- Invoking toplevel() on ptolemy.moml.MoMLSimpleApplication@54e9c81e
----------------- Done invoking toplevel() on ptolemy.moml.MoMLSimpleApplication@54e9c81e
reloadAllAccessors: .Limiter

===========================================================================================
----------------- testing Thu Oct 10 22:30:17 UTC 2019 /home/travis/build/icyphy/ptII/ptolemy/actor/lib/test/auto/LinearDifferenceEquationSystem.xml
----------------- Instantiating /home/travis/build/icyphy/ptII/ptolemy/actor/lib/test/auto/LinearDifferenceEquationSystem.xml
5 ms. Memory: 658432K Free: 288766K (44%)
----------------- Invoking toplevel() on ptolemy.moml.MoMLSimpleApplication@6d8c2e99
----------------- Done invoking toplevel() on ptolemy.moml.MoMLSimpleApplication@6d8c2e99
reloadAllAccessors: .LinearDifferenceEquationSystem

===========================================================================================
----------------- testing Thu Oct 10 22:30:17 UTC 2019 /home/travis/build/icyphy/ptII/ptolemy/actor/lib/test/auto/LookupTable.xml
----------------- Instantiating /home/travis/build/icyphy/ptII/ptolemy/actor/lib/test/auto/LookupTable.xml
1 ms. Memory: 658432K Free: 284670K (43%)
----------------- Invoking toplevel() on ptolemy.moml.MoMLSimpleApplication@704aa624
----------------- Done invoking toplevel() on ptolemy.moml.MoMLSimpleApplication@704aa624
reloadAllAccessors: .LookupTable

===========================================================================================
----------------- testing Thu Oct 10 22:30:17 UTC 2019 /home/travis/build/icyphy/ptII/ptolemy/actor/lib/test/auto/MathFunction.xml
----------------- Instantiating /home/travis/build/icyphy/ptII/ptolemy/actor/lib/test/auto/MathFunction.xml
2 ms. Memory: 658432K Free: 276478K (42%)
----------------- Invoking toplevel() on ptolemy.moml.MoMLSimpleApplication@fd7b820
----------------- Done invoking toplevel() on ptolemy.moml.MoMLSimpleApplication@fd7b820
reloadAllAccessors: .MathFunction

===========================================================================================
----------------- testing Thu Oct 10 22:30:17 UTC 2019 /home/travis/build/icyphy/ptII/ptolemy/actor/lib/test/auto/MathFunction2.xml
----------------- Instantiating /home/travis/build/icyphy/ptII/ptolemy/actor/lib/test/auto/MathFunction2.xml
1 ms. Memory: 658432K Free: 272382K (41%)
----------------- Invoking toplevel() on ptolemy.moml.MoMLSimpleApplication@dedbef5
----------------- Done invoking toplevel() on ptolemy.moml.MoMLSimpleApplication@dedbef5
reloadAllAccessors: .MathFunction2

===========================================================================================
----------------- testing Thu Oct 10 22:30:17 UTC 2019 /home/travis/build/icyphy/ptII/ptolemy/actor/lib/test/auto/MathFunction3.xml
----------------- Instantiating /home/travis/build/icyphy/ptII/ptolemy/actor/lib/test/auto/MathFunction3.xml
2 ms. Memory: 658432K Free: 265214K (40%)
----------------- Invoking toplevel() on ptolemy.moml.MoMLSimpleApplication@254be496
----------------- Done invoking toplevel() on ptolemy.moml.MoMLSimpleApplication@254be496
reloadAllAccessors: .MathFunction3

===========================================================================================
----------------- testing Thu Oct 10 22:30:17 UTC 2019 /home/travis/build/icyphy/ptII/ptolemy/actor/lib/test/auto/MatrixCropBoolean.xml
----------------- Instantiating /home/travis/build/icyphy/ptII/ptolemy/actor/lib/test/auto/MatrixCropBoolean.xml
1 ms. Memory: 658432K Free: 261118K (40%)
----------------- Invoking toplevel() on ptolemy.moml.MoMLSimpleApplication@3c78eec7
----------------- Done invoking toplevel() on ptolemy.moml.MoMLSimpleApplication@3c78eec7
reloadAllAccessors: .MatrixCropBoolean

===========================================================================================
----------------- testing Thu Oct 10 22:30:17 UTC 2019 /home/travis/build/icyphy/ptII/ptolemy/actor/lib/test/auto/MatrixCropComplex.xml
----------------- Instantiating /home/travis/build/icyphy/ptII/ptolemy/actor/lib/test/auto/MatrixCropComplex.xml
2 ms. Memory: 658432K Free: 255488K (39%)
----------------- Invoking toplevel() on ptolemy.moml.MoMLSimpleApplication@7c3c8344
----------------- Done invoking toplevel() on ptolemy.moml.MoMLSimpleApplication@7c3c8344
reloadAllAccessors: .MatrixCropComplex

===========================================================================================
----------------- testing Thu Oct 10 22:30:17 UTC 2019 /home/travis/build/icyphy/ptII/ptolemy/actor/lib/test/auto/MatrixCropDouble.xml
----------------- Instantiating /home/travis/build/icyphy/ptII/ptolemy/actor/lib/test/auto/MatrixCropDouble.xml
3 ms. Memory: 658432K Free: 250871K (38%)
----------------- Invoking toplevel() on ptolemy.moml.MoMLSimpleApplication@76c21d98
----------------- Done invoking toplevel() on ptolemy.moml.MoMLSimpleApplication@76c21d98
reloadAllAccessors: .MatrixCropDouble

===========================================================================================
----------------- testing Thu Oct 10 22:30:17 UTC 2019 /home/travis/build/icyphy/ptII/ptolemy/actor/lib/test/auto/MatrixCropFix.xml
----------------- Instantiating /home/travis/build/icyphy/ptII/ptolemy/actor/lib/test/auto/MatrixCropFix.xml
2 ms. Memory: 658432K Free: 246272K (37%)
----------------- Invoking toplevel() on ptolemy.moml.MoMLSimpleApplication@7c143aba
----------------- Done invoking toplevel() on ptolemy.moml.MoMLSimpleApplication@7c143aba
reloadAllAccessors: .MatrixCropFix

===========================================================================================
----------------- testing Thu Oct 10 22:30:17 UTC 2019 /home/travis/build/icyphy/ptII/ptolemy/actor/lib/test/auto/MatrixCropInt.xml
----------------- Instantiating /home/travis/build/icyphy/ptII/ptolemy/actor/lib/test/auto/MatrixCropInt.xml
1 ms. Memory: 658432K Free: 241152K (37%)
----------------- Invoking toplevel() on ptolemy.moml.MoMLSimpleApplication@75ac5ef4
----------------- Done invoking toplevel() on ptolemy.moml.MoMLSimpleApplication@75ac5ef4
reloadAllAccessors: .MatrixCropInt

===========================================================================================
----------------- testing Thu Oct 10 22:30:17 UTC 2019 /home/travis/build/icyphy/ptII/ptolemy/actor/lib/test/auto/MatrixCropLong.xml
----------------- Instantiating /home/travis/build/icyphy/ptII/ptolemy/actor/lib/test/auto/MatrixCropLong.xml
1 ms. Memory: 658432K Free: 236032K (36%)
----------------- Invoking toplevel() on ptolemy.moml.MoMLSimpleApplication@445d8874
----------------- Done invoking toplevel() on ptolemy.moml.MoMLSimpleApplication@445d8874
reloadAllAccessors: .MatrixCropLong

===========================================================================================
----------------- testing Thu Oct 10 22:30:17 UTC 2019 /home/travis/build/icyphy/ptII/ptolemy/actor/lib/test/auto/MatrixToArray.xml
----------------- Instantiating /home/travis/build/icyphy/ptII/ptolemy/actor/lib/test/auto/MatrixToArray.xml
8 ms. Memory: 658432K Free: 605184K (92%)
----------------- Invoking toplevel() on ptolemy.moml.MoMLSimpleApplication@18e97fb8
----------------- Done invoking toplevel() on ptolemy.moml.MoMLSimpleApplication@18e97fb8
reloadAllAccessors: .MatrixToArray

===========================================================================================
----------------- testing Thu Oct 10 22:30:17 UTC 2019 /home/travis/build/icyphy/ptII/ptolemy/actor/lib/test/auto/MaxIndex.xml
----------------- Instantiating /home/travis/build/icyphy/ptII/ptolemy/actor/lib/test/auto/MaxIndex.xml
2 ms. Memory: 658432K Free: 600064K (91%)
----------------- Invoking toplevel() on ptolemy.moml.MoMLSimpleApplication@68d229d1
----------------- Done invoking toplevel() on ptolemy.moml.MoMLSimpleApplication@68d229d1
reloadAllAccessors: .MaxIndex

===========================================================================================
----------------- testing Thu Oct 10 22:30:17 UTC 2019 /home/travis/build/icyphy/ptII/ptolemy/actor/lib/test/auto/Maximum.xml
----------------- Instantiating /home/travis/build/icyphy/ptII/ptolemy/actor/lib/test/auto/Maximum.xml
6 ms. Memory: 658432K Free: 593375K (90%)
----------------- Invoking toplevel() on ptolemy.moml.MoMLSimpleApplication@3460e38b
----------------- Done invoking toplevel() on ptolemy.moml.MoMLSimpleApplication@3460e38b
reloadAllAccessors: .Maximum

===========================================================================================
----------------- testing Thu Oct 10 22:30:17 UTC 2019 /home/travis/build/icyphy/ptII/ptolemy/actor/lib/test/auto/MaximumComplex.xml
----------------- Instantiating /home/travis/build/icyphy/ptII/ptolemy/actor/lib/test/auto/MaximumComplex.xml
4 ms. Memory: 658432K Free: 587247K (89%)
----------------- Invoking toplevel() on ptolemy.moml.MoMLSimpleApplication@79f10375
----------------- Done invoking toplevel() on ptolemy.moml.MoMLSimpleApplication@79f10375
reloadAllAccessors: .MaximumComplex

===========================================================================================
----------------- testing Thu Oct 10 22:30:17 UTC 2019 /home/travis/build/icyphy/ptII/ptolemy/actor/lib/test/auto/MethodCallTest.xml
----------------- Instantiating /home/travis/build/icyphy/ptII/ptolemy/actor/lib/test/auto/MethodCallTest.xml
2 ms. Memory: 658432K Free: 580608K (88%)
----------------- Invoking toplevel() on ptolemy.moml.MoMLSimpleApplication@7ee49390
----------------- Done invoking toplevel() on ptolemy.moml.MoMLSimpleApplication@7ee49390
reloadAllAccessors: .MethodCallTest

===========================================================================================
----------------- testing Thu Oct 10 22:30:17 UTC 2019 /home/travis/build/icyphy/ptII/ptolemy/actor/lib/test/auto/Minimum.xml
----------------- Instantiating /home/travis/build/icyphy/ptII/ptolemy/actor/lib/test/auto/Minimum.xml
3 ms. Memory: 658432K Free: 574464K (87%)
----------------- Invoking toplevel() on ptolemy.moml.MoMLSimpleApplication@6d6b842c
----------------- Done invoking toplevel() on ptolemy.moml.MoMLSimpleApplication@6d6b842c
reloadAllAccessors: .Minimum

===========================================================================================
----------------- testing Thu Oct 10 22:30:17 UTC 2019 /home/travis/build/icyphy/ptII/ptolemy/actor/lib/test/auto/MinimumComplex.xml
----------------- Instantiating /home/travis/build/icyphy/ptII/ptolemy/actor/lib/test/auto/MinimumComplex.xml
4 ms. Memory: 658432K Free: 568320K (86%)
----------------- Invoking toplevel() on ptolemy.moml.MoMLSimpleApplication@7101ef13
----------------- Done invoking toplevel() on ptolemy.moml.MoMLSimpleApplication@7101ef13
reloadAllAccessors: .MinimumComplex

===========================================================================================
----------------- testing Thu Oct 10 22:30:17 UTC 2019 /home/travis/build/icyphy/ptII/ptolemy/actor/lib/test/auto/MinimumMultiports.xml
----------------- Instantiating /home/travis/build/icyphy/ptII/ptolemy/actor/lib/test/auto/MinimumMultiports.xml
3 ms. Memory: 658432K Free: 559599K (85%)
----------------- Invoking toplevel() on ptolemy.moml.MoMLSimpleApplication@4332ac41
----------------- Done invoking toplevel() on ptolemy.moml.MoMLSimpleApplication@4332ac41
reloadAllAccessors: .MinimumMultiports

===========================================================================================
----------------- testing Thu Oct 10 22:30:17 UTC 2019 /home/travis/build/icyphy/ptII/ptolemy/actor/lib/test/auto/ModifyDate.xml
----------------- Instantiating /home/travis/build/icyphy/ptII/ptolemy/actor/lib/test/auto/ModifyDate.xml
8 ms. Memory: 658432K Free: 546302K (83%)
----------------- Invoking toplevel() on ptolemy.moml.MoMLSimpleApplication@5aa68a13
----------------- Done invoking toplevel() on ptolemy.moml.MoMLSimpleApplication@5aa68a13
reloadAllAccessors: .ModifyDate

===========================================================================================
----------------- testing Thu Oct 10 22:30:17 UTC 2019 /home/travis/build/icyphy/ptII/ptolemy/actor/lib/test/auto/ModifyDate2.xml
----------------- Instantiating /home/travis/build/icyphy/ptII/ptolemy/actor/lib/test/auto/ModifyDate2.xml
5 ms. Memory: 658432K Free: 538110K (82%)
----------------- Invoking toplevel() on ptolemy.moml.MoMLSimpleApplication@716ed99d
----------------- Done invoking toplevel() on ptolemy.moml.MoMLSimpleApplication@716ed99d
reloadAllAccessors: .ModifyDate2

===========================================================================================
----------------- testing Thu Oct 10 22:30:17 UTC 2019 /home/travis/build/icyphy/ptII/ptolemy/actor/lib/test/auto/MovingAverage.xml
----------------- Instantiating /home/travis/build/icyphy/ptII/ptolemy/actor/lib/test/auto/MovingAverage.xml
2 ms. Memory: 658432K Free: 532990K (81%)
----------------- Invoking toplevel() on ptolemy.moml.MoMLSimpleApplication@46e0de45
----------------- Done invoking toplevel() on ptolemy.moml.MoMLSimpleApplication@46e0de45
reloadAllAccessors: .MovingAverage

===========================================================================================
----------------- testing Thu Oct 10 22:30:17 UTC 2019 /home/travis/build/icyphy/ptII/ptolemy/actor/lib/test/auto/MovingMaximum.xml
----------------- Instantiating /home/travis/build/icyphy/ptII/ptolemy/actor/lib/test/auto/MovingMaximum.xml
1 ms. Memory: 658432K Free: 528384K (80%)
----------------- Invoking toplevel() on ptolemy.moml.MoMLSimpleApplication@2c54f
----------------- Done invoking toplevel() on ptolemy.moml.MoMLSimpleApplication@2c54f
reloadAllAccessors: .MovingMaximum

===========================================================================================
----------------- testing Thu Oct 10 22:30:17 UTC 2019 /home/travis/build/icyphy/ptII/ptolemy/actor/lib/test/auto/MultipleLinksToSameRelation.xml
----------------- Instantiating /home/travis/build/icyphy/ptII/ptolemy/actor/lib/test/auto/MultipleLinksToSameRelation.xml
2 ms. Memory: 658432K Free: 524288K (80%)
----------------- Invoking toplevel() on ptolemy.moml.MoMLSimpleApplication@68759c8f
----------------- Done invoking toplevel() on ptolemy.moml.MoMLSimpleApplication@68759c8f
reloadAllAccessors: .MultipleLinksToSameRelation

===========================================================================================
----------------- testing Thu Oct 10 22:30:17 UTC 2019 /home/travis/build/icyphy/ptII/ptolemy/actor/lib/test/auto/MultipleLinksToSameRelationDE.xml
----------------- Instantiating /home/travis/build/icyphy/ptII/ptolemy/actor/lib/test/auto/MultipleLinksToSameRelationDE.xml
4 ms. Memory: 658432K Free: 519663K (79%)
----------------- Invoking toplevel() on ptolemy.moml.MoMLSimpleApplication@64d2c112
----------------- Done invoking toplevel() on ptolemy.moml.MoMLSimpleApplication@64d2c112
reloadAllAccessors: .MultipleLinksToSameRelationDE

===========================================================================================
----------------- testing Thu Oct 10 22:30:17 UTC 2019 /home/travis/build/icyphy/ptII/ptolemy/actor/lib/test/auto/Multiplexor.xml
----------------- Instantiating /home/travis/build/icyphy/ptII/ptolemy/actor/lib/test/auto/Multiplexor.xml
2 ms. Memory: 658432K Free: 514558K (78%)
----------------- Invoking toplevel() on ptolemy.moml.MoMLSimpleApplication@1c4b49d1
----------------- Done invoking toplevel() on ptolemy.moml.MoMLSimpleApplication@1c4b49d1
reloadAllAccessors: .Multiplexor

===========================================================================================
----------------- testing Thu Oct 10 22:30:17 UTC 2019 /home/travis/build/icyphy/ptII/ptolemy/actor/lib/test/auto/Multiplexor1.xml
----------------- Instantiating /home/travis/build/icyphy/ptII/ptolemy/actor/lib/test/auto/Multiplexor1.xml
1 ms. Memory: 658432K Free: 508928K (77%)
----------------- Invoking toplevel() on ptolemy.moml.MoMLSimpleApplication@17a74208
----------------- Done invoking toplevel() on ptolemy.moml.MoMLSimpleApplication@17a74208
reloadAllAccessors: .Multiplexor1

===========================================================================================
----------------- testing Thu Oct 10 22:30:17 UTC 2019 /home/travis/build/icyphy/ptII/ptolemy/actor/lib/test/auto/Multiplexor2.xml
----------------- Instantiating /home/travis/build/icyphy/ptII/ptolemy/actor/lib/test/auto/Multiplexor2.xml
6 ms. Memory: 658432K Free: 502270K (76%)
----------------- Invoking toplevel() on ptolemy.moml.MoMLSimpleApplication@2c01f41e
----------------- Done invoking toplevel() on ptolemy.moml.MoMLSimpleApplication@2c01f41e
reloadAllAccessors: .Multiplexor2

===========================================================================================
----------------- testing Thu Oct 10 22:30:17 UTC 2019 /home/travis/build/icyphy/ptII/ptolemy/actor/lib/test/auto/Multiplexor3.xml
----------------- Instantiating /home/travis/build/icyphy/ptII/ptolemy/actor/lib/test/auto/Multiplexor3.xml
2 ms. Memory: 658432K Free: 498174K (76%)
----------------- Invoking toplevel() on ptolemy.moml.MoMLSimpleApplication@7dff683b
----------------- Done invoking toplevel() on ptolemy.moml.MoMLSimpleApplication@7dff683b
reloadAllAccessors: .Multiplexor3

===========================================================================================
----------------- testing Thu Oct 10 22:30:17 UTC 2019 /home/travis/build/icyphy/ptII/ptolemy/actor/lib/test/auto/MultiplexorDE.xml
----------------- Instantiating /home/travis/build/icyphy/ptII/ptolemy/actor/lib/test/auto/MultiplexorDE.xml
1 ms. Memory: 658432K Free: 490496K (74%)
----------------- Invoking toplevel() on ptolemy.moml.MoMLSimpleApplication@6b4cf076
----------------- Done invoking toplevel() on ptolemy.moml.MoMLSimpleApplication@6b4cf076
reloadAllAccessors: .MultiplexorDE

===========================================================================================
----------------- testing Thu Oct 10 22:30:17 UTC 2019 /home/travis/build/icyphy/ptII/ptolemy/actor/lib/test/auto/MultiportBroadcastTest.xml
----------------- Instantiating /home/travis/build/icyphy/ptII/ptolemy/actor/lib/test/auto/MultiportBroadcastTest.xml
88 ms. Memory: 658432K Free: 484352K (74%)
----------------- Invoking toplevel() on ptolemy.moml.MoMLSimpleApplication@77fd94e7
----------------- Done invoking toplevel() on ptolemy.moml.MoMLSimpleApplication@77fd94e7
reloadAllAccessors: .MultiportBroadcastTest

===========================================================================================
----------------- testing Thu Oct 10 22:30:17 UTC 2019 /home/travis/build/icyphy/ptII/ptolemy/actor/lib/test/auto/MultiportOutHangDuringGetWidth.xml
----------------- Instantiating /home/travis/build/icyphy/ptII/ptolemy/actor/lib/test/auto/MultiportOutHangDuringGetWidth.xml
9 ms. Memory: 658432K Free: 472559K (72%)
----------------- Invoking toplevel() on ptolemy.moml.MoMLSimpleApplication@17a276af
----------------- Done invoking toplevel() on ptolemy.moml.MoMLSimpleApplication@17a276af
reloadAllAccessors: .MultiportOutHangDuringGetWidth

===========================================================================================
----------------- testing Thu Oct 10 22:30:17 UTC 2019 /home/travis/build/icyphy/ptII/ptolemy/actor/lib/test/auto/NilToken.xml
----------------- Instantiating /home/travis/build/icyphy/ptII/ptolemy/actor/lib/test/auto/NilToken.xml
1 ms. Memory: 658432K Free: 468478K (71%)
----------------- Invoking toplevel() on ptolemy.moml.MoMLSimpleApplication@3ed5c579
----------------- Done invoking toplevel() on ptolemy.moml.MoMLSimpleApplication@3ed5c579
reloadAllAccessors: .NilToken

===========================================================================================
----------------- testing Thu Oct 10 22:30:18 UTC 2019 /home/travis/build/icyphy/ptII/ptolemy/actor/lib/test/auto/NilTokenNonStrictTest.xml
----------------- Instantiating /home/travis/build/icyphy/ptII/ptolemy/actor/lib/test/auto/NilTokenNonStrictTest.xml
1 ms. Memory: 658432K Free: 463358K (70%)
----------------- Invoking toplevel() on ptolemy.moml.MoMLSimpleApplication@4924ec66
----------------- Done invoking toplevel() on ptolemy.moml.MoMLSimpleApplication@4924ec66
reloadAllAccessors: .NilTokenNonStrictTest

===========================================================================================
----------------- testing Thu Oct 10 22:30:18 UTC 2019 /home/travis/build/icyphy/ptII/ptolemy/actor/lib/test/auto/NilTokenRecord.xml
----------------- Instantiating /home/travis/build/icyphy/ptII/ptolemy/actor/lib/test/auto/NilTokenRecord.xml
7 ms. Memory: 658432K Free: 456704K (69%)
----------------- Invoking toplevel() on ptolemy.moml.MoMLSimpleApplication@18290e40
----------------- Done invoking toplevel() on ptolemy.moml.MoMLSimpleApplication@18290e40
reloadAllAccessors: .NilTokenRecord

===========================================================================================
----------------- testing Thu Oct 10 22:30:18 UTC 2019 /home/travis/build/icyphy/ptII/ptolemy/actor/lib/test/auto/NilTokenTypeTest.xml
----------------- Instantiating /home/travis/build/icyphy/ptII/ptolemy/actor/lib/test/auto/NilTokenTypeTest.xml
13 ms. Memory: 658432K Free: 447488K (68%)
----------------- Invoking toplevel() on ptolemy.moml.MoMLSimpleApplication@2aa2eb94
----------------- Done invoking toplevel() on ptolemy.moml.MoMLSimpleApplication@2aa2eb94
reloadAllAccessors: .NilTokenTypeTest

===========================================================================================
----------------- testing Thu Oct 10 22:30:18 UTC 2019 /home/travis/build/icyphy/ptII/ptolemy/actor/lib/test/auto/ObjectToken1.xml
----------------- Instantiating /home/travis/build/icyphy/ptII/ptolemy/actor/lib/test/auto/ObjectToken1.xml
4 ms. Memory: 658432K Free: 443392K (67%)
----------------- Invoking toplevel() on ptolemy.moml.MoMLSimpleApplication@60cdbf9f
----------------- Done invoking toplevel() on ptolemy.moml.MoMLSimpleApplication@60cdbf9f
reloadAllAccessors: .ObjectToken1

===========================================================================================
----------------- testing Thu Oct 10 22:30:18 UTC 2019 /home/travis/build/icyphy/ptII/ptolemy/actor/lib/test/auto/OrderedMerge.xml
----------------- Instantiating /home/travis/build/icyphy/ptII/ptolemy/actor/lib/test/auto/OrderedMerge.xml
12 ms. Memory: 658432K Free: 437758K (66%)
----------------- Invoking toplevel() on ptolemy.moml.MoMLSimpleApplication@115f1620
----------------- Done invoking toplevel() on ptolemy.moml.MoMLSimpleApplication@115f1620
reloadAllAccessors: .OrderedMerge

===========================================================================================
----------------- testing Thu Oct 10 22:30:18 UTC 2019 /home/travis/build/icyphy/ptII/ptolemy/actor/lib/test/auto/OrderedRecordDisassembler.xml
----------------- Instantiating /home/travis/build/icyphy/ptII/ptolemy/actor/lib/test/auto/OrderedRecordDisassembler.xml
3 ms. Memory: 658432K Free: 432631K (66%)
----------------- Invoking toplevel() on ptolemy.moml.MoMLSimpleApplication@7aea89c7
----------------- Done invoking toplevel() on ptolemy.moml.MoMLSimpleApplication@7aea89c7
reloadAllAccessors: .OrderedRecordDisassembler

===========================================================================================
----------------- testing Thu Oct 10 22:30:18 UTC 2019 /home/travis/build/icyphy/ptII/ptolemy/actor/lib/test/auto/OrderedRecordDisassembler2.xml
----------------- Instantiating /home/travis/build/icyphy/ptII/ptolemy/actor/lib/test/auto/OrderedRecordDisassembler2.xml
8 ms. Memory: 658432K Free: 424960K (65%)
----------------- Invoking toplevel() on ptolemy.moml.MoMLSimpleApplication@26c4a703
----------------- Done invoking toplevel() on ptolemy.moml.MoMLSimpleApplication@26c4a703
reloadAllAccessors: .OrderedRecordDisassembler2

===========================================================================================
----------------- testing Thu Oct 10 22:30:18 UTC 2019 /home/travis/build/icyphy/ptII/ptolemy/actor/lib/test/auto/OrderedRecordUpdater.xml
----------------- Instantiating /home/travis/build/icyphy/ptII/ptolemy/actor/lib/test/auto/OrderedRecordUpdater.xml
2 ms. Memory: 658432K Free: 420350K (64%)
----------------- Invoking toplevel() on ptolemy.moml.MoMLSimpleApplication@6e82f142
----------------- Done invoking toplevel() on ptolemy.moml.MoMLSimpleApplication@6e82f142
reloadAllAccessors: .RecordUpdater

===========================================================================================
----------------- testing Thu Oct 10 22:30:18 UTC 2019 /home/travis/build/icyphy/ptII/ptolemy/actor/lib/test/auto/OrderedRecordUpdater2.xml
----------------- Instantiating /home/travis/build/icyphy/ptII/ptolemy/actor/lib/test/auto/OrderedRecordUpdater2.xml
3 ms. Memory: 658432K Free: 415230K (63%)
----------------- Invoking toplevel() on ptolemy.moml.MoMLSimpleApplication@5437ce3a
----------------- Done invoking toplevel() on ptolemy.moml.MoMLSimpleApplication@5437ce3a
reloadAllAccessors: .RecordUpdater2

===========================================================================================
----------------- testing Thu Oct 10 22:30:18 UTC 2019 /home/travis/build/icyphy/ptII/ptolemy/actor/lib/test/auto/PhaseUnwrap.xml
----------------- Instantiating /home/travis/build/icyphy/ptII/ptolemy/actor/lib/test/auto/PhaseUnwrap.xml
2 ms. Memory: 658432K Free: 410624K (62%)
----------------- Invoking toplevel() on ptolemy.moml.MoMLSimpleApplication@2f5018e8
----------------- Done invoking toplevel() on ptolemy.moml.MoMLSimpleApplication@2f5018e8
reloadAllAccessors: .PhaseUnwrap

===========================================================================================
----------------- testing Thu Oct 10 22:30:18 UTC 2019 /home/travis/build/icyphy/ptII/ptolemy/actor/lib/test/auto/PoissonClock.xml
----------------- Instantiating /home/travis/build/icyphy/ptII/ptolemy/actor/lib/test/auto/PoissonClock.xml
2 ms. Memory: 658432K Free: 406528K (62%)
----------------- Invoking toplevel() on ptolemy.moml.MoMLSimpleApplication@bfb870a
----------------- Done invoking toplevel() on ptolemy.moml.MoMLSimpleApplication@bfb870a
reloadAllAccessors: .PoissonClock

===========================================================================================
----------------- testing Thu Oct 10 22:30:18 UTC 2019 /home/travis/build/icyphy/ptII/ptolemy/actor/lib/test/auto/PoissonClock2.xml
----------------- Instantiating /home/travis/build/icyphy/ptII/ptolemy/actor/lib/test/auto/PoissonClock2.xml
1 ms. Memory: 658432K Free: 401918K (61%)
----------------- Invoking toplevel() on ptolemy.moml.MoMLSimpleApplication@108e85a0
----------------- Done invoking toplevel() on ptolemy.moml.MoMLSimpleApplication@108e85a0
reloadAllAccessors: .PoissonClock2

===========================================================================================
----------------- testing Thu Oct 10 22:30:18 UTC 2019 /home/travis/build/icyphy/ptII/ptolemy/actor/lib/test/auto/PoissonClock3.xml
----------------- Instantiating /home/travis/build/icyphy/ptII/ptolemy/actor/lib/test/auto/PoissonClock3.xml
2 ms. Memory: 658432K Free: 397312K (60%)
----------------- Invoking toplevel() on ptolemy.moml.MoMLSimpleApplication@516db782
----------------- Done invoking toplevel() on ptolemy.moml.MoMLSimpleApplication@516db782
reloadAllAccessors: .PoissonClock3

===========================================================================================
----------------- testing Thu Oct 10 22:30:18 UTC 2019 /home/travis/build/icyphy/ptII/ptolemy/actor/lib/test/auto/PubSubWithInitialTokens.xml
----------------- Instantiating /home/travis/build/icyphy/ptII/ptolemy/actor/lib/test/auto/PubSubWithInitialTokens.xml
4 ms. Memory: 658432K Free: 392192K (60%)
----------------- Invoking toplevel() on ptolemy.moml.MoMLSimpleApplication@699b7bfe
----------------- Done invoking toplevel() on ptolemy.moml.MoMLSimpleApplication@699b7bfe
reloadAllAccessors: .PubSubWithInitialTokens

===========================================================================================
----------------- testing Thu Oct 10 22:30:18 UTC 2019 /home/travis/build/icyphy/ptII/ptolemy/actor/lib/test/auto/PubSubWithInitialTokens2.xml
----------------- Instantiating /home/travis/build/icyphy/ptII/ptolemy/actor/lib/test/auto/PubSubWithInitialTokens2.xml
2 ms. Memory: 658432K Free: 386048K (59%)
----------------- Invoking toplevel() on ptolemy.moml.MoMLSimpleApplication@3be5eb35
----------------- Done invoking toplevel() on ptolemy.moml.MoMLSimpleApplication@3be5eb35
reloadAllAccessors: .PubSubWithInitialTokens2

===========================================================================================
----------------- testing Thu Oct 10 22:30:18 UTC 2019 /home/travis/build/icyphy/ptII/ptolemy/actor/lib/test/auto/PublisherClassNoParameter.xml
----------------- Instantiating /home/travis/build/icyphy/ptII/ptolemy/actor/lib/test/auto/PublisherClassNoParameter.xml
2 ms. Memory: 658432K Free: 376318K (57%)
----------------- Invoking toplevel() on ptolemy.moml.MoMLSimpleApplication@2bc61344
----------------- Done invoking toplevel() on ptolemy.moml.MoMLSimpleApplication@2bc61344
reloadAllAccessors: .PublisherClassNoParameter

===========================================================================================
----------------- testing Thu Oct 10 22:30:18 UTC 2019 /home/travis/build/icyphy/ptII/ptolemy/actor/lib/test/auto/PublisherClassParameter.xml
----------------- Instantiating /home/travis/build/icyphy/ptII/ptolemy/actor/lib/test/auto/PublisherClassParameter.xml
2 ms. Memory: 658432K Free: 366078K (56%)
----------------- Invoking toplevel() on ptolemy.moml.MoMLSimpleApplication@6f896bf0
----------------- Done invoking toplevel() on ptolemy.moml.MoMLSimpleApplication@6f896bf0
reloadAllAccessors: .PublisherClassParameter

===========================================================================================
----------------- testing Thu Oct 10 22:30:18 UTC 2019 /home/travis/build/icyphy/ptII/ptolemy/actor/lib/test/auto/PublisherNonStrictTest.xml
----------------- Instantiating /home/travis/build/icyphy/ptII/ptolemy/actor/lib/test/auto/PublisherNonStrictTest.xml
3 ms. Memory: 658432K Free: 358400K (54%)
----------------- Invoking toplevel() on ptolemy.moml.MoMLSimpleApplication@7a73bc2c
----------------- Done invoking toplevel() on ptolemy.moml.MoMLSimpleApplication@7a73bc2c
reloadAllAccessors: .PublisherNonStrictTest

===========================================================================================
----------------- testing Thu Oct 10 22:30:18 UTC 2019 /home/travis/build/icyphy/ptII/ptolemy/actor/lib/test/auto/PublisherPort1.xml
----------------- Instantiating /home/travis/build/icyphy/ptII/ptolemy/actor/lib/test/auto/PublisherPort1.xml
4 ms. Memory: 658432K Free: 352735K (54%)
----------------- Invoking toplevel() on ptolemy.moml.MoMLSimpleApplication@6337be2
----------------- Done invoking toplevel() on ptolemy.moml.MoMLSimpleApplication@6337be2
reloadAllAccessors: .PublisherPort1

===========================================================================================
----------------- testing Thu Oct 10 22:30:18 UTC 2019 /home/travis/build/icyphy/ptII/ptolemy/actor/lib/test/auto/PublisherPort2.xml
----------------- Instantiating /home/travis/build/icyphy/ptII/ptolemy/actor/lib/test/auto/PublisherPort2.xml
1 ms. Memory: 658432K Free: 347646K (53%)
----------------- Invoking toplevel() on ptolemy.moml.MoMLSimpleApplication@113f3479
----------------- Done invoking toplevel() on ptolemy.moml.MoMLSimpleApplication@113f3479
reloadAllAccessors: .PublisherPort2

===========================================================================================
----------------- testing Thu Oct 10 22:30:18 UTC 2019 /home/travis/build/icyphy/ptII/ptolemy/actor/lib/test/auto/PublisherPort3.xml
----------------- Instantiating /home/travis/build/icyphy/ptII/ptolemy/actor/lib/test/auto/PublisherPort3.xml
16 ms. Memory: 658432K Free: 340992K (52%)
----------------- Invoking toplevel() on ptolemy.moml.MoMLSimpleApplication@7f184ee3
----------------- Done invoking toplevel() on ptolemy.moml.MoMLSimpleApplication@7f184ee3
reloadAllAccessors: .PublisherPort3

===========================================================================================
----------------- testing Thu Oct 10 22:30:18 UTC 2019 /home/travis/build/icyphy/ptII/ptolemy/actor/lib/test/auto/PublisherPort4.xml
----------------- Instantiating /home/travis/build/icyphy/ptII/ptolemy/actor/lib/test/auto/PublisherPort4.xml
3 ms. Memory: 658432K Free: 335872K (51%)
----------------- Invoking toplevel() on ptolemy.moml.MoMLSimpleApplication@4b7aedaa
----------------- Done invoking toplevel() on ptolemy.moml.MoMLSimpleApplication@4b7aedaa
reloadAllAccessors: .PublisherPort4

===========================================================================================
----------------- testing Thu Oct 10 22:30:18 UTC 2019 /home/travis/build/icyphy/ptII/ptolemy/actor/lib/test/auto/PublisherPort5.xml
----------------- Instantiating /home/travis/build/icyphy/ptII/ptolemy/actor/lib/test/auto/PublisherPort5.xml
2 ms. Memory: 658432K Free: 328190K (50%)
----------------- Invoking toplevel() on ptolemy.moml.MoMLSimpleApplication@34f08ae1
----------------- Done invoking toplevel() on ptolemy.moml.MoMLSimpleApplication@34f08ae1
reloadAllAccessors: .PublisherPort5

===========================================================================================
----------------- testing Thu Oct 10 22:30:18 UTC 2019 /home/travis/build/icyphy/ptII/ptolemy/actor/lib/test/auto/PublisherPort5LookAlike.xml
----------------- Instantiating /home/travis/build/icyphy/ptII/ptolemy/actor/lib/test/auto/PublisherPort5LookAlike.xml
7 ms. Memory: 658432K Free: 320512K (49%)
----------------- Invoking toplevel() on ptolemy.moml.MoMLSimpleApplication@73abbb0e
----------------- Done invoking toplevel() on ptolemy.moml.MoMLSimpleApplication@73abbb0e
reloadAllAccessors: .PublisherPort5LookAlike

===========================================================================================
----------------- testing Thu Oct 10 22:30:18 UTC 2019 /home/travis/build/icyphy/ptII/ptolemy/actor/lib/test/auto/PublisherPort6.xml
----------------- Instantiating /home/travis/build/icyphy/ptII/ptolemy/actor/lib/test/auto/PublisherPort6.xml
2 ms. Memory: 658432K Free: 313854K (48%)
----------------- Invoking toplevel() on ptolemy.moml.MoMLSimpleApplication@5137038a
----------------- Done invoking toplevel() on ptolemy.moml.MoMLSimpleApplication@5137038a
reloadAllAccessors: .PublisherPort6

===========================================================================================
----------------- testing Thu Oct 10 22:30:18 UTC 2019 /home/travis/build/icyphy/ptII/ptolemy/actor/lib/test/auto/PublisherPort7.xml
----------------- Instantiating /home/travis/build/icyphy/ptII/ptolemy/actor/lib/test/auto/PublisherPort7.xml
3 ms. Memory: 658432K Free: 306176K (47%)
----------------- Invoking toplevel() on ptolemy.moml.MoMLSimpleApplication@6ff11e6e
----------------- Done invoking toplevel() on ptolemy.moml.MoMLSimpleApplication@6ff11e6e
reloadAllAccessors: .PublisherPort7

===========================================================================================
----------------- testing Thu Oct 10 22:30:18 UTC 2019 /home/travis/build/icyphy/ptII/ptolemy/actor/lib/test/auto/PublisherPort8.xml
----------------- Instantiating /home/travis/build/icyphy/ptII/ptolemy/actor/lib/test/auto/PublisherPort8.xml
4 ms. Memory: 658432K Free: 297470K (45%)
----------------- Invoking toplevel() on ptolemy.moml.MoMLSimpleApplication@625a540f
----------------- Done invoking toplevel() on ptolemy.moml.MoMLSimpleApplication@625a540f
reloadAllAccessors: .PublisherPort8

===========================================================================================
----------------- testing Thu Oct 10 22:30:18 UTC 2019 /home/travis/build/icyphy/ptII/ptolemy/actor/lib/test/auto/PublisherPortSubscriberChannelVariablesAOC2.xml
----------------- Instantiating /home/travis/build/icyphy/ptII/ptolemy/actor/lib/test/auto/PublisherPortSubscriberChannelVariablesAOC2.xml
5 ms. Memory: 658432K Free: 280062K (43%)
----------------- Invoking toplevel() on ptolemy.moml.MoMLSimpleApplication@10035105
----------------- Done invoking toplevel() on ptolemy.moml.MoMLSimpleApplication@10035105
reloadAllAccessors: .PublisherPortSubscriberChannelVariablesAOC2

===========================================================================================
----------------- testing Thu Oct 10 22:30:18 UTC 2019 /home/travis/build/icyphy/ptII/ptolemy/actor/lib/test/auto/PublisherPortSubscriberOpaqueWidthInference.xml
----------------- Instantiating /home/travis/build/icyphy/ptII/ptolemy/actor/lib/test/auto/PublisherPortSubscriberOpaqueWidthInference.xml
3 ms. Memory: 658432K Free: 271855K (41%)
----------------- Invoking toplevel() on ptolemy.moml.MoMLSimpleApplication@44fb1389
----------------- Done invoking toplevel() on ptolemy.moml.MoMLSimpleApplication@44fb1389
reloadAllAccessors: .PublisherPortSubscriberOpaqueWidthInference

===========================================================================================
----------------- testing Thu Oct 10 22:30:18 UTC 2019 /home/travis/build/icyphy/ptII/ptolemy/actor/lib/test/auto/PublisherPortSubscriberPortAdjacent.xml
----------------- Instantiating /home/travis/build/icyphy/ptII/ptolemy/actor/lib/test/auto/PublisherPortSubscriberPortAdjacent.xml
3 ms. Memory: 658432K Free: 264192K (40%)
----------------- Invoking toplevel() on ptolemy.moml.MoMLSimpleApplication@34b326ba
----------------- Done invoking toplevel() on ptolemy.moml.MoMLSimpleApplication@34b326ba
reloadAllAccessors: .PublisherPortSubscriberPortAdjacent

===========================================================================================
----------------- testing Thu Oct 10 22:30:18 UTC 2019 /home/travis/build/icyphy/ptII/ptolemy/actor/lib/test/auto/PublisherPortSubscriberPortExpression.xml
----------------- Instantiating /home/travis/build/icyphy/ptII/ptolemy/actor/lib/test/auto/PublisherPortSubscriberPortExpression.xml
4 ms. Memory: 658432K Free: 256503K (39%)
----------------- Invoking toplevel() on ptolemy.moml.MoMLSimpleApplication@4bc92583
----------------- Done invoking toplevel() on ptolemy.moml.MoMLSimpleApplication@4bc92583
reloadAllAccessors: .PublisherPortSubscriberPortExpression

===========================================================================================
----------------- testing Thu Oct 10 22:30:18 UTC 2019 /home/travis/build/icyphy/ptII/ptolemy/actor/lib/test/auto/PublisherPortSubscriberPortOpaqueD3Reverse.xml
----------------- Instantiating /home/travis/build/icyphy/ptII/ptolemy/actor/lib/test/auto/PublisherPortSubscriberPortOpaqueD3Reverse.xml
6 ms. Memory: 658432K Free: 246270K (37%)
----------------- Invoking toplevel() on ptolemy.moml.MoMLSimpleApplication@2aef651a
----------------- Done invoking toplevel() on ptolemy.moml.MoMLSimpleApplication@2aef651a
reloadAllAccessors: .PublisherPortSubscriberPortOpaqueD3Reverse

===========================================================================================
----------------- testing Thu Oct 10 22:30:18 UTC 2019 /home/travis/build/icyphy/ptII/ptolemy/actor/lib/test/auto/PublisherPortSubscriberPortOpaqueWidthInference.xml
----------------- Instantiating /home/travis/build/icyphy/ptII/ptolemy/actor/lib/test/auto/PublisherPortSubscriberPortOpaqueWidthInference.xml
4 ms. Memory: 658432K Free: 238592K (36%)
----------------- Invoking toplevel() on ptolemy.moml.MoMLSimpleApplication@154443c
----------------- Done invoking toplevel() on ptolemy.moml.MoMLSimpleApplication@154443c
reloadAllAccessors: .PublisherPortSubscriberPortOpaqueWidthInference

===========================================================================================
----------------- testing Thu Oct 10 22:30:18 UTC 2019 /home/travis/build/icyphy/ptII/ptolemy/actor/lib/test/auto/PublisherPortToplevelSubscriberPortAOC.xml
----------------- Instantiating /home/travis/build/icyphy/ptII/ptolemy/actor/lib/test/auto/PublisherPortToplevelSubscriberPortAOC.xml
.PublisherPortToplevelSubscriberPortAOC.TestExceptionAttribute: initialize() was not invoked, but wrapup() was.  This is unusual, but not always a problem.  For example, exporting JNLP will do this.
1 ms. Memory: 658432K Free: 232448K (35%)
----------------- Invoking toplevel() on ptolemy.moml.MoMLSimpleApplication@70524557
----------------- Done invoking toplevel() on ptolemy.moml.MoMLSimpleApplication@70524557
reloadAllAccessors: .PublisherPortToplevelSubscriberPortAOC

===========================================================================================
----------------- testing Thu Oct 10 22:30:18 UTC 2019 /home/travis/build/icyphy/ptII/ptolemy/actor/lib/test/auto/PublisherSubscriber.xml
----------------- Instantiating /home/travis/build/icyphy/ptII/ptolemy/actor/lib/test/auto/PublisherSubscriber.xml
2 ms. Memory: 658432K Free: 225280K (34%)
----------------- Invoking toplevel() on ptolemy.moml.MoMLSimpleApplication@74cd4214
----------------- Done invoking toplevel() on ptolemy.moml.MoMLSimpleApplication@74cd4214
reloadAllAccessors: .PublisherSubscriber

===========================================================================================
----------------- testing Thu Oct 10 22:30:18 UTC 2019 /home/travis/build/icyphy/ptII/ptolemy/actor/lib/test/auto/PublisherSubscriber10.xml
----------------- Instantiating /home/travis/build/icyphy/ptII/ptolemy/actor/lib/test/auto/PublisherSubscriber10.xml
6 ms. Memory: 658432K Free: 600062K (91%)
----------------- Invoking toplevel() on ptolemy.moml.MoMLSimpleApplication@5a0c1246
----------------- Done invoking toplevel() on ptolemy.moml.MoMLSimpleApplication@5a0c1246
reloadAllAccessors: .PublisherSubscriber10

===========================================================================================
----------------- testing Thu Oct 10 22:30:18 UTC 2019 /home/travis/build/icyphy/ptII/ptolemy/actor/lib/test/auto/PublisherSubscriber10InitialOutputs.xml
----------------- Instantiating /home/travis/build/icyphy/ptII/ptolemy/actor/lib/test/auto/PublisherSubscriber10InitialOutputs.xml
16 ms. Memory: 658432K Free: 590846K (90%)
----------------- Invoking toplevel() on ptolemy.moml.MoMLSimpleApplication@6e3876e9
----------------- Done invoking toplevel() on ptolemy.moml.MoMLSimpleApplication@6e3876e9
reloadAllAccessors: .PublisherSubscriber10InitialOutputs

===========================================================================================
----------------- testing Thu Oct 10 22:30:18 UTC 2019 /home/travis/build/icyphy/ptII/ptolemy/actor/lib/test/auto/PublisherSubscriber11.xml
----------------- Instantiating /home/travis/build/icyphy/ptII/ptolemy/actor/lib/test/auto/PublisherSubscriber11.xml
3 ms. Memory: 658432K Free: 584671K (89%)
----------------- Invoking toplevel() on ptolemy.moml.MoMLSimpleApplication@7cb57683
----------------- Done invoking toplevel() on ptolemy.moml.MoMLSimpleApplication@7cb57683
reloadAllAccessors: .PublisherSubscriber11

===========================================================================================
----------------- testing Thu Oct 10 22:30:18 UTC 2019 /home/travis/build/icyphy/ptII/ptolemy/actor/lib/test/auto/PublisherSubscriber12.xml
----------------- Instantiating /home/travis/build/icyphy/ptII/ptolemy/actor/lib/test/auto/PublisherSubscriber12.xml
6 ms. Memory: 658432K Free: 578048K (88%)
----------------- Invoking toplevel() on ptolemy.moml.MoMLSimpleApplication@57661ead
----------------- Done invoking toplevel() on ptolemy.moml.MoMLSimpleApplication@57661ead
reloadAllAccessors: .PublisherSubscriber12

===========================================================================================
----------------- testing Thu Oct 10 22:30:18 UTC 2019 /home/travis/build/icyphy/ptII/ptolemy/actor/lib/test/auto/PublisherSubscriber13.xml
----------------- Instantiating /home/travis/build/icyphy/ptII/ptolemy/actor/lib/test/auto/PublisherSubscriber13.xml
2 ms. Memory: 658432K Free: 572383K (87%)
----------------- Invoking toplevel() on ptolemy.moml.MoMLSimpleApplication@5a56b1bc
----------------- Done invoking toplevel() on ptolemy.moml.MoMLSimpleApplication@5a56b1bc
reloadAllAccessors: .PublisherSubscriber13

===========================================================================================
----------------- testing Thu Oct 10 22:30:18 UTC 2019 /home/travis/build/icyphy/ptII/ptolemy/actor/lib/test/auto/PublisherSubscriber14.xml
----------------- Instantiating /home/travis/build/icyphy/ptII/ptolemy/actor/lib/test/auto/PublisherSubscriber14.xml
2 ms. Memory: 658432K Free: 563712K (86%)
----------------- Invoking toplevel() on ptolemy.moml.MoMLSimpleApplication@4fb2e94f
----------------- Done invoking toplevel() on ptolemy.moml.MoMLSimpleApplication@4fb2e94f
reloadAllAccessors: .PublisherSubscriber14

===========================================================================================
----------------- testing Thu Oct 10 22:30:18 UTC 2019 /home/travis/build/icyphy/ptII/ptolemy/actor/lib/test/auto/PublisherSubscriber2.xml
----------------- Instantiating /home/travis/build/icyphy/ptII/ptolemy/actor/lib/test/auto/PublisherSubscriber2.xml
3 ms. Memory: 658432K Free: 558592K (85%)
----------------- Invoking toplevel() on ptolemy.moml.MoMLSimpleApplication@793fd097
----------------- Done invoking toplevel() on ptolemy.moml.MoMLSimpleApplication@793fd097
reloadAllAccessors: .PublisherSubscriber2

===========================================================================================
----------------- testing Thu Oct 10 22:30:18 UTC 2019 /home/travis/build/icyphy/ptII/ptolemy/actor/lib/test/auto/PublisherSubscriber3.xml
----------------- Instantiating /home/travis/build/icyphy/ptII/ptolemy/actor/lib/test/auto/PublisherSubscriber3.xml
2 ms. Memory: 658432K Free: 552943K (84%)
----------------- Invoking toplevel() on ptolemy.moml.MoMLSimpleApplication@6cacc111
----------------- Done invoking toplevel() on ptolemy.moml.MoMLSimpleApplication@6cacc111
reloadAllAccessors: .PublisherSubscriber3

===========================================================================================
----------------- testing Thu Oct 10 22:30:18 UTC 2019 /home/travis/build/icyphy/ptII/ptolemy/actor/lib/test/auto/PublisherSubscriber4.xml
----------------- Instantiating /home/travis/build/icyphy/ptII/ptolemy/actor/lib/test/auto/PublisherSubscriber4.xml
2 ms. Memory: 658432K Free: 547807K (83%)
----------------- Invoking toplevel() on ptolemy.moml.MoMLSimpleApplication@f07c7c1
----------------- Done invoking toplevel() on ptolemy.moml.MoMLSimpleApplication@f07c7c1
reloadAllAccessors: .PublisherSubscriber4

===========================================================================================
----------------- testing Thu Oct 10 22:30:18 UTC 2019 /home/travis/build/icyphy/ptII/ptolemy/actor/lib/test/auto/PublisherSubscriber5.xml
----------------- Instantiating /home/travis/build/icyphy/ptII/ptolemy/actor/lib/test/auto/PublisherSubscriber5.xml
2 ms. Memory: 658432K Free: 541184K (82%)
----------------- Invoking toplevel() on ptolemy.moml.MoMLSimpleApplication@168b23a1
----------------- Done invoking toplevel() on ptolemy.moml.MoMLSimpleApplication@168b23a1
reloadAllAccessors: .PublisherSubscriber5

===========================================================================================
----------------- testing Thu Oct 10 22:30:18 UTC 2019 /home/travis/build/icyphy/ptII/ptolemy/actor/lib/test/auto/PublisherSubscriber6.xml
----------------- Instantiating /home/travis/build/icyphy/ptII/ptolemy/actor/lib/test/auto/PublisherSubscriber6.xml
4 ms. Memory: 658432K Free: 534526K (81%)
----------------- Invoking toplevel() on ptolemy.moml.MoMLSimpleApplication@ab59f74
----------------- Done invoking toplevel() on ptolemy.moml.MoMLSimpleApplication@ab59f74
reloadAllAccessors: .PublisherSubscriber6

===========================================================================================
----------------- testing Thu Oct 10 22:30:19 UTC 2019 /home/travis/build/icyphy/ptII/ptolemy/actor/lib/test/auto/PublisherSubscriber7.xml
----------------- Instantiating /home/travis/build/icyphy/ptII/ptolemy/actor/lib/test/auto/PublisherSubscriber7.xml
8 ms. Memory: 658432K Free: 527872K (80%)
----------------- Invoking toplevel() on ptolemy.moml.MoMLSimpleApplication@410f12cb
----------------- Done invoking toplevel() on ptolemy.moml.MoMLSimpleApplication@410f12cb
reloadAllAccessors: .PublisherSubscriber7

===========================================================================================
----------------- testing Thu Oct 10 22:30:19 UTC 2019 /home/travis/build/icyphy/ptII/ptolemy/actor/lib/test/auto/PublisherSubscriber8.xml
----------------- Instantiating /home/travis/build/icyphy/ptII/ptolemy/actor/lib/test/auto/PublisherSubscriber8.xml
18 ms. Memory: 658432K Free: 516094K (78%)
----------------- Invoking toplevel() on ptolemy.moml.MoMLSimpleApplication@6578fc6f
----------------- Done invoking toplevel() on ptolemy.moml.MoMLSimpleApplication@6578fc6f
reloadAllAccessors: .PublisherSubscriber8

===========================================================================================
----------------- testing Thu Oct 10 22:30:19 UTC 2019 /home/travis/build/icyphy/ptII/ptolemy/actor/lib/test/auto/PublisherSubscriber9.xml
----------------- Instantiating /home/travis/build/icyphy/ptII/ptolemy/actor/lib/test/auto/PublisherSubscriber9.xml
3 ms. Memory: 658432K Free: 508926K (77%)
----------------- Invoking toplevel() on ptolemy.moml.MoMLSimpleApplication@5767485d
----------------- Done invoking toplevel() on ptolemy.moml.MoMLSimpleApplication@5767485d
reloadAllAccessors: .PublisherSubscriber9

===========================================================================================
----------------- testing Thu Oct 10 22:30:19 UTC 2019 /home/travis/build/icyphy/ptII/ptolemy/actor/lib/test/auto/PublisherSubscriberAdjacent.xml
----------------- Instantiating /home/travis/build/icyphy/ptII/ptolemy/actor/lib/test/auto/PublisherSubscriberAdjacent.xml
1 ms. Memory: 658432K Free: 500734K (76%)
----------------- Invoking toplevel() on ptolemy.moml.MoMLSimpleApplication@1c3d8f80
----------------- Done invoking toplevel() on ptolemy.moml.MoMLSimpleApplication@1c3d8f80
reloadAllAccessors: .PublisherSubscriberAdjacent

===========================================================================================
----------------- testing Thu Oct 10 22:30:19 UTC 2019 /home/travis/build/icyphy/ptII/ptolemy/actor/lib/test/auto/PublisherSubscriberChannelVariablesAOC2.xml
----------------- Instantiating /home/travis/build/icyphy/ptII/ptolemy/actor/lib/test/auto/PublisherSubscriberChannelVariablesAOC2.xml
3 ms. Memory: 658432K Free: 486383K (74%)
----------------- Invoking toplevel() on ptolemy.moml.MoMLSimpleApplication@693394ef
----------------- Done invoking toplevel() on ptolemy.moml.MoMLSimpleApplication@693394ef
reloadAllAccessors: .PublisherSubscriberChannelVariablesAOC2

===========================================================================================
----------------- testing Thu Oct 10 22:30:19 UTC 2019 /home/travis/build/icyphy/ptII/ptolemy/actor/lib/test/auto/PublisherSubscriberD3.xml
----------------- Instantiating /home/travis/build/icyphy/ptII/ptolemy/actor/lib/test/auto/PublisherSubscriberD3.xml
1 ms. Memory: 658432K Free: 479230K (73%)
----------------- Invoking toplevel() on ptolemy.moml.MoMLSimpleApplication@56521c70
----------------- Done invoking toplevel() on ptolemy.moml.MoMLSimpleApplication@56521c70
reloadAllAccessors: .PublisherSubscriberD3

===========================================================================================
----------------- testing Thu Oct 10 22:30:19 UTC 2019 /home/travis/build/icyphy/ptII/ptolemy/actor/lib/test/auto/PublisherSubscriberD3Reverse.xml
----------------- Instantiating /home/travis/build/icyphy/ptII/ptolemy/actor/lib/test/auto/PublisherSubscriberD3Reverse.xml
2 ms. Memory: 658432K Free: 473086K (72%)
----------------- Invoking toplevel() on ptolemy.moml.MoMLSimpleApplication@4d7960c8
----------------- Done invoking toplevel() on ptolemy.moml.MoMLSimpleApplication@4d7960c8
reloadAllAccessors: .PublisherSubscriberD3Reverse

===========================================================================================
----------------- testing Thu Oct 10 22:30:19 UTC 2019 /home/travis/build/icyphy/ptII/ptolemy/actor/lib/test/auto/PublisherSubscriberExpression.xml
----------------- Instantiating /home/travis/build/icyphy/ptII/ptolemy/actor/lib/test/auto/PublisherSubscriberExpression.xml
6 ms. Memory: 658432K Free: 464863K (71%)
----------------- Invoking toplevel() on ptolemy.moml.MoMLSimpleApplication@172ce9d9
----------------- Done invoking toplevel() on ptolemy.moml.MoMLSimpleApplication@172ce9d9
reloadAllAccessors: .PublisherSubscriberExpression

===========================================================================================
----------------- testing Thu Oct 10 22:30:19 UTC 2019 /home/travis/build/icyphy/ptII/ptolemy/actor/lib/test/auto/PublisherSubscriberOpaque.xml
----------------- Instantiating /home/travis/build/icyphy/ptII/ptolemy/actor/lib/test/auto/PublisherSubscriberOpaque.xml
4 ms. Memory: 658432K Free: 456702K (69%)
----------------- Invoking toplevel() on ptolemy.moml.MoMLSimpleApplication@229a498c
----------------- Done invoking toplevel() on ptolemy.moml.MoMLSimpleApplication@229a498c
reloadAllAccessors: .PublisherSubscriberOpaque

===========================================================================================
----------------- testing Thu Oct 10 22:30:19 UTC 2019 /home/travis/build/icyphy/ptII/ptolemy/actor/lib/test/auto/PublisherSubscriberOpaqueD3.xml
----------------- Instantiating /home/travis/build/icyphy/ptII/ptolemy/actor/lib/test/auto/PublisherSubscriberOpaqueD3.xml
6 ms. Memory: 658432K Free: 445438K (68%)
----------------- Invoking toplevel() on ptolemy.moml.MoMLSimpleApplication@66925656
----------------- Done invoking toplevel() on ptolemy.moml.MoMLSimpleApplication@66925656
reloadAllAccessors: .PublisherSubscriberOpaqueD3

===========================================================================================
----------------- testing Thu Oct 10 22:30:19 UTC 2019 /home/travis/build/icyphy/ptII/ptolemy/actor/lib/test/auto/PublisherSubscriberOpaqueD3Reverse.xml
----------------- Instantiating /home/travis/build/icyphy/ptII/ptolemy/actor/lib/test/auto/PublisherSubscriberOpaqueD3Reverse.xml
8 ms. Memory: 658432K Free: 434688K (66%)
----------------- Invoking toplevel() on ptolemy.moml.MoMLSimpleApplication@3b2da979
----------------- Done invoking toplevel() on ptolemy.moml.MoMLSimpleApplication@3b2da979
reloadAllAccessors: .PublisherSubscriberOpaqueD3Reverse

===========================================================================================
----------------- testing Thu Oct 10 22:30:19 UTC 2019 /home/travis/build/icyphy/ptII/ptolemy/actor/lib/test/auto/PublisherSubscriberOpaqueWidthInference.xml
----------------- Instantiating /home/travis/build/icyphy/ptII/ptolemy/actor/lib/test/auto/PublisherSubscriberOpaqueWidthInference.xml
4 ms. Memory: 658432K Free: 426496K (65%)
----------------- Invoking toplevel() on ptolemy.moml.MoMLSimpleApplication@1abfbd96
----------------- Done invoking toplevel() on ptolemy.moml.MoMLSimpleApplication@1abfbd96
reloadAllAccessors: .PublisherSubscriberOpaqueWidthInference

===========================================================================================
----------------- testing Thu Oct 10 22:30:19 UTC 2019 /home/travis/build/icyphy/ptII/ptolemy/actor/lib/test/auto/PublisherTestSubscriber.xml
----------------- Instantiating /home/travis/build/icyphy/ptII/ptolemy/actor/lib/test/auto/PublisherTestSubscriber.xml
3 ms. Memory: 658432K Free: 418807K (64%)
----------------- Invoking toplevel() on ptolemy.moml.MoMLSimpleApplication@4f7a1a0d
----------------- Done invoking toplevel() on ptolemy.moml.MoMLSimpleApplication@4f7a1a0d
reloadAllAccessors: .PublisherTestSubscriber

===========================================================================================
----------------- testing Thu Oct 10 22:30:19 UTC 2019 /home/travis/build/icyphy/ptII/ptolemy/actor/lib/test/auto/PublisherToplevelSubscriberPortAOC.xml
----------------- Instantiating /home/travis/build/icyphy/ptII/ptolemy/actor/lib/test/auto/PublisherToplevelSubscriberPortAOC.xml
2 ms. Memory: 658432K Free: 412655K (63%)
----------------- Invoking toplevel() on ptolemy.moml.MoMLSimpleApplication@65ecb429
----------------- Done invoking toplevel() on ptolemy.moml.MoMLSimpleApplication@65ecb429
reloadAllAccessors: .PublisherToplevelSubscriberPortAOC

===========================================================================================
----------------- testing Thu Oct 10 22:30:19 UTC 2019 /home/travis/build/icyphy/ptII/ptolemy/actor/lib/test/auto/PulseFiringLimitDE.xml
----------------- Instantiating /home/travis/build/icyphy/ptII/ptolemy/actor/lib/test/auto/PulseFiringLimitDE.xml
2 ms. Memory: 658432K Free: 406526K (62%)
----------------- Invoking toplevel() on ptolemy.moml.MoMLSimpleApplication@2881124f
----------------- Done invoking toplevel() on ptolemy.moml.MoMLSimpleApplication@2881124f
reloadAllAccessors: .PulseFiringLimitDE

===========================================================================================
----------------- testing Thu Oct 10 22:30:19 UTC 2019 /home/travis/build/icyphy/ptII/ptolemy/actor/lib/test/auto/Ramp1.xml
----------------- Instantiating /home/travis/build/icyphy/ptII/ptolemy/actor/lib/test/auto/Ramp1.xml
1 ms. Memory: 658432K Free: 402423K (61%)
----------------- Invoking toplevel() on ptolemy.moml.MoMLSimpleApplication@74f72067
----------------- Done invoking toplevel() on ptolemy.moml.MoMLSimpleApplication@74f72067
reloadAllAccessors: .Ramp1

===========================================================================================
----------------- testing Thu Oct 10 22:30:19 UTC 2019 /home/travis/build/icyphy/ptII/ptolemy/actor/lib/test/auto/RampFiringLimitDE.xml
----------------- Instantiating /home/travis/build/icyphy/ptII/ptolemy/actor/lib/test/auto/RampFiringLimitDE.xml
2 ms. Memory: 658432K Free: 396271K (60%)
----------------- Invoking toplevel() on ptolemy.moml.MoMLSimpleApplication@61ec6dfb
----------------- Done invoking toplevel() on ptolemy.moml.MoMLSimpleApplication@61ec6dfb
reloadAllAccessors: .RampFiringLimitDE

===========================================================================================
----------------- testing Thu Oct 10 22:30:19 UTC 2019 /home/travis/build/icyphy/ptII/ptolemy/actor/lib/test/auto/RampFiringLimitSDF.xml
----------------- Instantiating /home/travis/build/icyphy/ptII/ptolemy/actor/lib/test/auto/RampFiringLimitSDF.xml
2 ms. Memory: 658432K Free: 391151K (59%)
----------------- Invoking toplevel() on ptolemy.moml.MoMLSimpleApplication@6dbb68f1
----------------- Done invoking toplevel() on ptolemy.moml.MoMLSimpleApplication@6dbb68f1
reloadAllAccessors: .RampFiringLimitSDF

===========================================================================================
----------------- testing Thu Oct 10 22:30:19 UTC 2019 /home/travis/build/icyphy/ptII/ptolemy/actor/lib/test/auto/RandomInteger.xml
----------------- Instantiating /home/travis/build/icyphy/ptII/ptolemy/actor/lib/test/auto/RandomInteger.xml
1 ms. Memory: 658432K Free: 387070K (59%)
----------------- Invoking toplevel() on ptolemy.moml.MoMLSimpleApplication@374a9613
----------------- Done invoking toplevel() on ptolemy.moml.MoMLSimpleApplication@374a9613
reloadAllAccessors: .RandomInteger

===========================================================================================
----------------- testing Thu Oct 10 22:30:19 UTC 2019 /home/travis/build/icyphy/ptII/ptolemy/actor/lib/test/auto/ReadFile1.xml
----------------- Instantiating /home/travis/build/icyphy/ptII/ptolemy/actor/lib/test/auto/ReadFile1.xml
1 ms. Memory: 658432K Free: 382464K (58%)
----------------- Invoking toplevel() on ptolemy.moml.MoMLSimpleApplication@57f1158b
----------------- Done invoking toplevel() on ptolemy.moml.MoMLSimpleApplication@57f1158b
reloadAllAccessors: .ReadFile1

===========================================================================================
----------------- testing Thu Oct 10 22:30:19 UTC 2019 /home/travis/build/icyphy/ptII/ptolemy/actor/lib/test/auto/ReadFile2.xml
----------------- Instantiating /home/travis/build/icyphy/ptII/ptolemy/actor/lib/test/auto/ReadFile2.xml
1 ms. Memory: 658432K Free: 378368K (57%)
----------------- Invoking toplevel() on ptolemy.moml.MoMLSimpleApplication@2d7be770
----------------- Done invoking toplevel() on ptolemy.moml.MoMLSimpleApplication@2d7be770
reloadAllAccessors: .ReadFile2

===========================================================================================
----------------- testing Thu Oct 10 22:30:19 UTC 2019 /home/travis/build/icyphy/ptII/ptolemy/actor/lib/test/auto/Reader.xml
----------------- Instantiating /home/travis/build/icyphy/ptII/ptolemy/actor/lib/test/auto/Reader.xml
actor.lib.Reader is obsolete, use actor.lib.io.ExpressionReader instead
4 ms. Memory: 658432K Free: 374272K (57%)
----------------- Invoking toplevel() on ptolemy.moml.MoMLSimpleApplication@37ff56a6
----------------- Done invoking toplevel() on ptolemy.moml.MoMLSimpleApplication@37ff56a6
reloadAllAccessors: .Reader

===========================================================================================
----------------- testing Thu Oct 10 22:30:19 UTC 2019 /home/travis/build/icyphy/ptII/ptolemy/actor/lib/test/auto/RecordAssemblerDisplayNameTest.xml
----------------- Instantiating /home/travis/build/icyphy/ptII/ptolemy/actor/lib/test/auto/RecordAssemblerDisplayNameTest.xml
3409 ms. Memory: 658432K Free: 322560K (49%)
----------------- Invoking toplevel() on ptolemy.moml.MoMLSimpleApplication@6c7b2c26
----------------- Done invoking toplevel() on ptolemy.moml.MoMLSimpleApplication@6c7b2c26
reloadAllAccessors: .RecordAssemblerDisplayNameTest

===========================================================================================
----------------- testing Thu Oct 10 22:30:22 UTC 2019 /home/travis/build/icyphy/ptII/ptolemy/actor/lib/test/auto/RecordAssemblerTypeError.xml
----------------- Instantiating /home/travis/build/icyphy/ptII/ptolemy/actor/lib/test/auto/RecordAssemblerTypeError.xml
9 ms. Memory: 658432K Free: 312830K (48%)
----------------- Invoking toplevel() on ptolemy.moml.MoMLSimpleApplication@53f8157f
----------------- Done invoking toplevel() on ptolemy.moml.MoMLSimpleApplication@53f8157f
reloadAllAccessors: .RecordAssemblerTypeError

===========================================================================================
----------------- testing Thu Oct 10 22:30:22 UTC 2019 /home/travis/build/icyphy/ptII/ptolemy/actor/lib/test/auto/RecordDisassember.xml
----------------- Instantiating /home/travis/build/icyphy/ptII/ptolemy/actor/lib/test/auto/RecordDisassember.xml
10 ms. Memory: 658432K Free: 308224K (47%)
----------------- Invoking toplevel() on ptolemy.moml.MoMLSimpleApplication@53cda418
----------------- Done invoking toplevel() on ptolemy.moml.MoMLSimpleApplication@53cda418
reloadAllAccessors: .RecordDisassember

===========================================================================================
----------------- testing Thu Oct 10 22:30:22 UTC 2019 /home/travis/build/icyphy/ptII/ptolemy/actor/lib/test/auto/RecordDisassemberDisplayNameTest.xml
----------------- Instantiating /home/travis/build/icyphy/ptII/ptolemy/actor/lib/test/auto/RecordDisassemberDisplayNameTest.xml
10 ms. Memory: 658432K Free: 300542K (46%)
----------------- Invoking toplevel() on ptolemy.moml.MoMLSimpleApplication@6326fd8f
----------------- Done invoking toplevel() on ptolemy.moml.MoMLSimpleApplication@6326fd8f
reloadAllAccessors: .RecordDisassemberDisplayNameTest

===========================================================================================
----------------- testing Thu Oct 10 22:30:22 UTC 2019 /home/travis/build/icyphy/ptII/ptolemy/actor/lib/test/auto/RecordDisassembler.xml
----------------- Instantiating /home/travis/build/icyphy/ptII/ptolemy/actor/lib/test/auto/RecordDisassembler.xml
3 ms. Memory: 658432K Free: 295391K (45%)
----------------- Invoking toplevel() on ptolemy.moml.MoMLSimpleApplication@4275a34c
----------------- Done invoking toplevel() on ptolemy.moml.MoMLSimpleApplication@4275a34c
reloadAllAccessors: .RecordDisassembler

===========================================================================================
----------------- testing Thu Oct 10 22:30:22 UTC 2019 /home/travis/build/icyphy/ptII/ptolemy/actor/lib/test/auto/RecordDisassembler2.xml
----------------- Instantiating /home/travis/build/icyphy/ptII/ptolemy/actor/lib/test/auto/RecordDisassembler2.xml
3 ms. Memory: 658432K Free: 290271K (44%)
----------------- Invoking toplevel() on ptolemy.moml.MoMLSimpleApplication@40ed9840
----------------- Done invoking toplevel() on ptolemy.moml.MoMLSimpleApplication@40ed9840
reloadAllAccessors: .RecordDisassembler2

===========================================================================================
----------------- testing Thu Oct 10 22:30:23 UTC 2019 /home/travis/build/icyphy/ptII/ptolemy/actor/lib/test/auto/RecordUpdater.xml
----------------- Instantiating /home/travis/build/icyphy/ptII/ptolemy/actor/lib/test/auto/RecordUpdater.xml
1 ms. Memory: 658432K Free: 285696K (43%)
----------------- Invoking toplevel() on ptolemy.moml.MoMLSimpleApplication@6581ef3c
----------------- Done invoking toplevel() on ptolemy.moml.MoMLSimpleApplication@6581ef3c
reloadAllAccessors: .RecordUpdater

===========================================================================================
----------------- testing Thu Oct 10 22:30:23 UTC 2019 /home/travis/build/icyphy/ptII/ptolemy/actor/lib/test/auto/RecordUpdater2.xml
----------------- Instantiating /home/travis/build/icyphy/ptII/ptolemy/actor/lib/test/auto/RecordUpdater2.xml
1 ms. Memory: 658432K Free: 280576K (43%)
----------------- Invoking toplevel() on ptolemy.moml.MoMLSimpleApplication@13c941b2
----------------- Done invoking toplevel() on ptolemy.moml.MoMLSimpleApplication@13c941b2
reloadAllAccessors: .RecordUpdater2

===========================================================================================
----------------- testing Thu Oct 10 22:30:23 UTC 2019 /home/travis/build/icyphy/ptII/ptolemy/actor/lib/test/auto/RecursiveLattice.xml
----------------- Instantiating /home/travis/build/icyphy/ptII/ptolemy/actor/lib/test/auto/RecursiveLattice.xml
2 ms. Memory: 658432K Free: 276480K (42%)
----------------- Invoking toplevel() on ptolemy.moml.MoMLSimpleApplication@1a2eac42
----------------- Done invoking toplevel() on ptolemy.moml.MoMLSimpleApplication@1a2eac42
reloadAllAccessors: .RecursiveLattice

===========================================================================================
----------------- testing Thu Oct 10 22:30:23 UTC 2019 /home/travis/build/icyphy/ptII/ptolemy/actor/lib/test/auto/Router.xml
----------------- Instantiating /home/travis/build/icyphy/ptII/ptolemy/actor/lib/test/auto/Router.xml
3004 ms. Memory: 658432K Free: 265726K (40%)
----------------- Invoking toplevel() on ptolemy.moml.MoMLSimpleApplication@43278399
----------------- Done invoking toplevel() on ptolemy.moml.MoMLSimpleApplication@43278399
reloadAllAccessors: .Router

===========================================================================================
----------------- testing Thu Oct 10 22:30:26 UTC 2019 /home/travis/build/icyphy/ptII/ptolemy/actor/lib/test/auto/Router2.xml
----------------- Instantiating /home/travis/build/icyphy/ptII/ptolemy/actor/lib/test/auto/Router2.xml
3003 ms. Memory: 658432K Free: 256000K (39%)
----------------- Invoking toplevel() on ptolemy.moml.MoMLSimpleApplication@7daa3e1e
----------------- Done invoking toplevel() on ptolemy.moml.MoMLSimpleApplication@7daa3e1e
reloadAllAccessors: .Router2

===========================================================================================
----------------- testing Thu Oct 10 22:30:29 UTC 2019 /home/travis/build/icyphy/ptII/ptolemy/actor/lib/test/auto/RunningMaximum.xml
----------------- Instantiating /home/travis/build/icyphy/ptII/ptolemy/actor/lib/test/auto/RunningMaximum.xml
1 ms. Memory: 658432K Free: 251390K (38%)
----------------- Invoking toplevel() on ptolemy.moml.MoMLSimpleApplication@5b9154e7
----------------- Done invoking toplevel() on ptolemy.moml.MoMLSimpleApplication@5b9154e7
reloadAllAccessors: .RunningMaximum

===========================================================================================
----------------- testing Thu Oct 10 22:30:29 UTC 2019 /home/travis/build/icyphy/ptII/ptolemy/actor/lib/test/auto/RunningMinimum.xml
----------------- Instantiating /home/travis/build/icyphy/ptII/ptolemy/actor/lib/test/auto/RunningMinimum.xml
12 ms. Memory: 658432K Free: 246784K (37%)
----------------- Invoking toplevel() on ptolemy.moml.MoMLSimpleApplication@45c176d0
----------------- Done invoking toplevel() on ptolemy.moml.MoMLSimpleApplication@45c176d0
reloadAllAccessors: .RunningMinimum

===========================================================================================
----------------- testing Thu Oct 10 22:30:29 UTC 2019 /home/travis/build/icyphy/ptII/ptolemy/actor/lib/test/auto/Scale.xml
----------------- Instantiating /home/travis/build/icyphy/ptII/ptolemy/actor/lib/test/auto/Scale.xml
1 ms. Memory: 658432K Free: 242174K (37%)
----------------- Invoking toplevel() on ptolemy.moml.MoMLSimpleApplication@593b78d4
----------------- Done invoking toplevel() on ptolemy.moml.MoMLSimpleApplication@593b78d4
reloadAllAccessors: .Scale

===========================================================================================
----------------- testing Thu Oct 10 22:30:29 UTC 2019 /home/travis/build/icyphy/ptII/ptolemy/actor/lib/test/auto/Scale2.xml
----------------- Instantiating /home/travis/build/icyphy/ptII/ptolemy/actor/lib/test/auto/Scale2.xml
2 ms. Memory: 658432K Free: 237568K (36%)
----------------- Invoking toplevel() on ptolemy.moml.MoMLSimpleApplication@20b75275
----------------- Done invoking toplevel() on ptolemy.moml.MoMLSimpleApplication@20b75275
reloadAllAccessors: .Scale2

===========================================================================================
----------------- testing Thu Oct 10 22:30:29 UTC 2019 /home/travis/build/icyphy/ptII/ptolemy/actor/lib/test/auto/Scale3.xml
----------------- Instantiating /home/travis/build/icyphy/ptII/ptolemy/actor/lib/test/auto/Scale3.xml
8 ms. Memory: 658432K Free: 230910K (35%)
----------------- Invoking toplevel() on ptolemy.moml.MoMLSimpleApplication@59857dd3
----------------- Done invoking toplevel() on ptolemy.moml.MoMLSimpleApplication@59857dd3
reloadAllAccessors: .Scale3

===========================================================================================
----------------- testing Thu Oct 10 22:30:29 UTC 2019 /home/travis/build/icyphy/ptII/ptolemy/actor/lib/test/auto/ScaleArray.xml
----------------- Instantiating /home/travis/build/icyphy/ptII/ptolemy/actor/lib/test/auto/ScaleArray.xml
1 ms. Memory: 658432K Free: 226304K (34%)
----------------- Invoking toplevel() on ptolemy.moml.MoMLSimpleApplication@4cf58653
----------------- Done invoking toplevel() on ptolemy.moml.MoMLSimpleApplication@4cf58653
reloadAllAccessors: .ScaleArray

===========================================================================================
----------------- testing Thu Oct 10 22:30:29 UTC 2019 /home/travis/build/icyphy/ptII/ptolemy/actor/lib/test/auto/ScaleArray2.xml
----------------- Instantiating /home/travis/build/icyphy/ptII/ptolemy/actor/lib/test/auto/ScaleArray2.xml
1 ms. Memory: 658432K Free: 605696K (92%)
----------------- Invoking toplevel() on ptolemy.moml.MoMLSimpleApplication@53b76c4c
----------------- Done invoking toplevel() on ptolemy.moml.MoMLSimpleApplication@53b76c4c
reloadAllAccessors: .ScaleArray2

===========================================================================================
----------------- testing Thu Oct 10 22:30:29 UTC 2019 /home/travis/build/icyphy/ptII/ptolemy/actor/lib/test/auto/ScaleMatrix.xml
----------------- Instantiating /home/travis/build/icyphy/ptII/ptolemy/actor/lib/test/auto/ScaleMatrix.xml
150 ms. Memory: 658432K Free: 591870K (90%)
----------------- Invoking toplevel() on ptolemy.moml.MoMLSimpleApplication@67036205
----------------- Done invoking toplevel() on ptolemy.moml.MoMLSimpleApplication@67036205
reloadAllAccessors: .ScaleMatrix

===========================================================================================
----------------- testing Thu Oct 10 22:30:29 UTC 2019 /home/travis/build/icyphy/ptII/ptolemy/actor/lib/test/auto/Select.xml
----------------- Instantiating /home/travis/build/icyphy/ptII/ptolemy/actor/lib/test/auto/Select.xml
2 ms. Memory: 658432K Free: 585711K (89%)
----------------- Invoking toplevel() on ptolemy.moml.MoMLSimpleApplication@2d85fbb5
----------------- Done invoking toplevel() on ptolemy.moml.MoMLSimpleApplication@2d85fbb5
reloadAllAccessors: .Select

===========================================================================================
----------------- testing Thu Oct 10 22:30:29 UTC 2019 /home/travis/build/icyphy/ptII/ptolemy/actor/lib/test/auto/Select2.xml
----------------- Instantiating /home/travis/build/icyphy/ptII/ptolemy/actor/lib/test/auto/Select2.xml
1 ms. Memory: 658432K Free: 581120K (88%)
----------------- Invoking toplevel() on ptolemy.moml.MoMLSimpleApplication@499a1e1
----------------- Done invoking toplevel() on ptolemy.moml.MoMLSimpleApplication@499a1e1
reloadAllAccessors: .Select2

===========================================================================================
----------------- testing Thu Oct 10 22:30:29 UTC 2019 /home/travis/build/icyphy/ptII/ptolemy/actor/lib/test/auto/SequenceToArray2.xml
----------------- Instantiating /home/travis/build/icyphy/ptII/ptolemy/actor/lib/test/auto/SequenceToArray2.xml
89 ms. Memory: 658432K Free: 557039K (85%)
----------------- Invoking toplevel() on ptolemy.moml.MoMLSimpleApplication@5e7956f0
----------------- Done invoking toplevel() on ptolemy.moml.MoMLSimpleApplication@5e7956f0
reloadAllAccessors: .SequenceToArray2

===========================================================================================
----------------- testing Thu Oct 10 22:30:29 UTC 2019 /home/travis/build/icyphy/ptII/ptolemy/actor/lib/test/auto/SequentialClock.xml
----------------- Instantiating /home/travis/build/icyphy/ptII/ptolemy/actor/lib/test/auto/SequentialClock.xml
1 ms. Memory: 658432K Free: 552958K (84%)
----------------- Invoking toplevel() on ptolemy.moml.MoMLSimpleApplication@b49a92d
----------------- Done invoking toplevel() on ptolemy.moml.MoMLSimpleApplication@b49a92d
reloadAllAccessors: .SequentialClock

===========================================================================================
----------------- testing Thu Oct 10 22:30:29 UTC 2019 /home/travis/build/icyphy/ptII/ptolemy/actor/lib/test/auto/SetVariable.xml
----------------- Instantiating /home/travis/build/icyphy/ptII/ptolemy/actor/lib/test/auto/SetVariable.xml
3 ms. Memory: 658432K Free: 548352K (83%)
----------------- Invoking toplevel() on ptolemy.moml.MoMLSimpleApplication@34730287
----------------- Done invoking toplevel() on ptolemy.moml.MoMLSimpleApplication@34730287
reloadAllAccessors: .SetVariable

===========================================================================================
----------------- testing Thu Oct 10 22:30:29 UTC 2019 /home/travis/build/icyphy/ptII/ptolemy/actor/lib/test/auto/SetVariable2.xml
----------------- Instantiating /home/travis/build/icyphy/ptII/ptolemy/actor/lib/test/auto/SetVariable2.xml
4 ms. Memory: 658432K Free: 543232K (83%)
----------------- Invoking toplevel() on ptolemy.moml.MoMLSimpleApplication@1f93e185
----------------- Done invoking toplevel() on ptolemy.moml.MoMLSimpleApplication@1f93e185
reloadAllAccessors: .SetVariable2

===========================================================================================
----------------- testing Thu Oct 10 22:30:29 UTC 2019 /home/travis/build/icyphy/ptII/ptolemy/actor/lib/test/auto/SetVariable3.xml
----------------- Instantiating /home/travis/build/icyphy/ptII/ptolemy/actor/lib/test/auto/SetVariable3.xml
8 ms. Memory: 658432K Free: 538112K (82%)
----------------- Invoking toplevel() on ptolemy.moml.MoMLSimpleApplication@3aec5609
----------------- Done invoking toplevel() on ptolemy.moml.MoMLSimpleApplication@3aec5609
reloadAllAccessors: .SetVariable3

===========================================================================================
----------------- testing Thu Oct 10 22:30:29 UTC 2019 /home/travis/build/icyphy/ptII/ptolemy/actor/lib/test/auto/SetVariable4.xml
----------------- Instantiating /home/travis/build/icyphy/ptII/ptolemy/actor/lib/test/auto/SetVariable4.xml
22 ms. Memory: 658432K Free: 528894K (80%)
----------------- Invoking toplevel() on ptolemy.moml.MoMLSimpleApplication@2610a7a9
----------------- Done invoking toplevel() on ptolemy.moml.MoMLSimpleApplication@2610a7a9
reloadAllAccessors: .SetVariable4

===========================================================================================
----------------- testing Thu Oct 10 22:30:29 UTC 2019 /home/travis/build/icyphy/ptII/ptolemy/actor/lib/test/auto/SetVariable5.xml
----------------- Instantiating /home/travis/build/icyphy/ptII/ptolemy/actor/lib/test/auto/SetVariable5.xml
20 ms. Memory: 658432K Free: 519680K (79%)
----------------- Invoking toplevel() on ptolemy.moml.MoMLSimpleApplication@5b2f1d7d
----------------- Done invoking toplevel() on ptolemy.moml.MoMLSimpleApplication@5b2f1d7d
reloadAllAccessors: .SetVariable5

===========================================================================================
----------------- testing Thu Oct 10 22:30:29 UTC 2019 /home/travis/build/icyphy/ptII/ptolemy/actor/lib/test/auto/Sinewave.xml
----------------- Instantiating /home/travis/build/icyphy/ptII/ptolemy/actor/lib/test/auto/Sinewave.xml
11 ms. Memory: 658432K Free: 509440K (77%)
----------------- Invoking toplevel() on ptolemy.moml.MoMLSimpleApplication@127a889a
----------------- Done invoking toplevel() on ptolemy.moml.MoMLSimpleApplication@127a889a
reloadAllAccessors: .Sinewave

===========================================================================================
----------------- testing Thu Oct 10 22:30:29 UTC 2019 /home/travis/build/icyphy/ptII/ptolemy/actor/lib/test/auto/Sinewave2.xml
----------------- Instantiating /home/travis/build/icyphy/ptII/ptolemy/actor/lib/test/auto/Sinewave2.xml
5 ms. Memory: 658432K Free: 501248K (76%)
----------------- Invoking toplevel() on ptolemy.moml.MoMLSimpleApplication@2d8429c7
----------------- Done invoking toplevel() on ptolemy.moml.MoMLSimpleApplication@2d8429c7
reloadAllAccessors: .Sinewave2

===========================================================================================
----------------- testing Thu Oct 10 22:30:29 UTC 2019 /home/travis/build/icyphy/ptII/ptolemy/actor/lib/test/auto/Sinewave3.xml
----------------- Instantiating /home/travis/build/icyphy/ptII/ptolemy/actor/lib/test/auto/Sinewave3.xml
13 ms. Memory: 658432K Free: 493056K (75%)
----------------- Invoking toplevel() on ptolemy.moml.MoMLSimpleApplication@5ec0ca34
----------------- Done invoking toplevel() on ptolemy.moml.MoMLSimpleApplication@5ec0ca34
reloadAllAccessors: .Sinewave3

===========================================================================================
----------------- testing Thu Oct 10 22:30:29 UTC 2019 /home/travis/build/icyphy/ptII/ptolemy/actor/lib/test/auto/SingleEvent.xml
----------------- Instantiating /home/travis/build/icyphy/ptII/ptolemy/actor/lib/test/auto/SingleEvent.xml
1 ms. Memory: 658432K Free: 488960K (74%)
----------------- Invoking toplevel() on ptolemy.moml.MoMLSimpleApplication@2084e45
----------------- Done invoking toplevel() on ptolemy.moml.MoMLSimpleApplication@2084e45
reloadAllAccessors: .SingleEvent

===========================================================================================
----------------- testing Thu Oct 10 22:30:29 UTC 2019 /home/travis/build/icyphy/ptII/ptolemy/actor/lib/test/auto/Sleep.xml
----------------- Instantiating /home/travis/build/icyphy/ptII/ptolemy/actor/lib/test/auto/Sleep.xml
6004 ms. Memory: 658432K Free: 482302K (73%)
----------------- Invoking toplevel() on ptolemy.moml.MoMLSimpleApplication@56a6e1f0
----------------- Done invoking toplevel() on ptolemy.moml.MoMLSimpleApplication@56a6e1f0
reloadAllAccessors: .Sleep

===========================================================================================
----------------- testing Thu Oct 10 22:30:35 UTC 2019 /home/travis/build/icyphy/ptII/ptolemy/actor/lib/test/auto/SleepMultipleFire.xml
----------------- Instantiating /home/travis/build/icyphy/ptII/ptolemy/actor/lib/test/auto/SleepMultipleFire.xml
1004 ms. Memory: 658432K Free: 476672K (72%)
----------------- Invoking toplevel() on ptolemy.moml.MoMLSimpleApplication@7256a8bb
----------------- Done invoking toplevel() on ptolemy.moml.MoMLSimpleApplication@7256a8bb
reloadAllAccessors: .SleepMultipleFire

===========================================================================================
----------------- testing Thu Oct 10 22:30:36 UTC 2019 /home/travis/build/icyphy/ptII/ptolemy/actor/lib/test/auto/StopDE.xml
----------------- Instantiating /home/travis/build/icyphy/ptII/ptolemy/actor/lib/test/auto/StopDE.xml
2 ms. Memory: 658432K Free: 471038K (72%)
----------------- Invoking toplevel() on ptolemy.moml.MoMLSimpleApplication@3dcd2480
----------------- Done invoking toplevel() on ptolemy.moml.MoMLSimpleApplication@3dcd2480
reloadAllAccessors: .StopDE

===========================================================================================
----------------- testing Thu Oct 10 22:30:36 UTC 2019 /home/travis/build/icyphy/ptII/ptolemy/actor/lib/test/auto/StopSDF.xml
----------------- Instantiating /home/travis/build/icyphy/ptII/ptolemy/actor/lib/test/auto/StopSDF.xml
9 ms. Memory: 658432K Free: 465918K (71%)
----------------- Invoking toplevel() on ptolemy.moml.MoMLSimpleApplication@57277e63
----------------- Done invoking toplevel() on ptolemy.moml.MoMLSimpleApplication@57277e63
reloadAllAccessors: .StopSDF

===========================================================================================
----------------- testing Thu Oct 10 22:30:36 UTC 2019 /home/travis/build/icyphy/ptII/ptolemy/actor/lib/test/auto/StringConstant.xml
----------------- Instantiating /home/travis/build/icyphy/ptII/ptolemy/actor/lib/test/auto/StringConstant.xml
9 ms. Memory: 658432K Free: 461807K (70%)
----------------- Invoking toplevel() on ptolemy.moml.MoMLSimpleApplication@7693271a
----------------- Done invoking toplevel() on ptolemy.moml.MoMLSimpleApplication@7693271a
reloadAllAccessors: .StringConstant

===========================================================================================
----------------- testing Thu Oct 10 22:30:36 UTC 2019 /home/travis/build/icyphy/ptII/ptolemy/actor/lib/test/auto/SubscriberPortInitialValues1.xml
----------------- Instantiating /home/travis/build/icyphy/ptII/ptolemy/actor/lib/test/auto/SubscriberPortInitialValues1.xml
10 ms. Memory: 658432K Free: 453120K (69%)
----------------- Invoking toplevel() on ptolemy.moml.MoMLSimpleApplication@357c087
----------------- Done invoking toplevel() on ptolemy.moml.MoMLSimpleApplication@357c087
reloadAllAccessors: .SubscriberPortInitialValues1

===========================================================================================
----------------- testing Thu Oct 10 22:30:36 UTC 2019 /home/travis/build/icyphy/ptII/ptolemy/actor/lib/test/auto/SubscriberPortInitialValues13.xml
----------------- Instantiating /home/travis/build/icyphy/ptII/ptolemy/actor/lib/test/auto/SubscriberPortInitialValues13.xml
5 ms. Memory: 658432K Free: 440318K (67%)
----------------- Invoking toplevel() on ptolemy.moml.MoMLSimpleApplication@1e47dc9e
----------------- Done invoking toplevel() on ptolemy.moml.MoMLSimpleApplication@1e47dc9e
reloadAllAccessors: .SubscriberPortInitialValues13

===========================================================================================
----------------- testing Thu Oct 10 22:30:36 UTC 2019 /home/travis/build/icyphy/ptII/ptolemy/actor/lib/test/auto/SubscriberPortInitialValues14.xml
----------------- Instantiating /home/travis/build/icyphy/ptII/ptolemy/actor/lib/test/auto/SubscriberPortInitialValues14.xml
10 ms. Memory: 658432K Free: 432126K (66%)
----------------- Invoking toplevel() on ptolemy.moml.MoMLSimpleApplication@197b69e1
----------------- Done invoking toplevel() on ptolemy.moml.MoMLSimpleApplication@197b69e1
reloadAllAccessors: .SubscriberPortInitialValues14

===========================================================================================
----------------- testing Thu Oct 10 22:30:36 UTC 2019 /home/travis/build/icyphy/ptII/ptolemy/actor/lib/test/auto/SubscriberPortInitialValues2.xml
----------------- Instantiating /home/travis/build/icyphy/ptII/ptolemy/actor/lib/test/auto/SubscriberPortInitialValues2.xml
3 ms. Memory: 658432K Free: 424448K (64%)
----------------- Invoking toplevel() on ptolemy.moml.MoMLSimpleApplication@38403256
----------------- Done invoking toplevel() on ptolemy.moml.MoMLSimpleApplication@38403256
reloadAllAccessors: .SubscriberPortInitialValues2

===========================================================================================
----------------- testing Thu Oct 10 22:30:37 UTC 2019 /home/travis/build/icyphy/ptII/ptolemy/actor/lib/test/auto/SubscriberPortInitialValues3.xml
----------------- Instantiating /home/travis/build/icyphy/ptII/ptolemy/actor/lib/test/auto/SubscriberPortInitialValues3.xml
4 ms. Memory: 658432K Free: 413694K (63%)
----------------- Invoking toplevel() on ptolemy.moml.MoMLSimpleApplication@52367bf4
----------------- Done invoking toplevel() on ptolemy.moml.MoMLSimpleApplication@52367bf4
reloadAllAccessors: .SubscriberPortInitialValues3

===========================================================================================
----------------- testing Thu Oct 10 22:30:37 UTC 2019 /home/travis/build/icyphy/ptII/ptolemy/actor/lib/test/auto/SubscriptionAggregator.xml
----------------- Instantiating /home/travis/build/icyphy/ptII/ptolemy/actor/lib/test/auto/SubscriptionAggregator.xml
4 ms. Memory: 658432K Free: 407040K (62%)
----------------- Invoking toplevel() on ptolemy.moml.MoMLSimpleApplication@3068f8cd
----------------- Done invoking toplevel() on ptolemy.moml.MoMLSimpleApplication@3068f8cd
reloadAllAccessors: .SubscriptionAggregator

===========================================================================================
----------------- testing Thu Oct 10 22:30:37 UTC 2019 /home/travis/build/icyphy/ptII/ptolemy/actor/lib/test/auto/SubscriptionAggregator2.xml
----------------- Instantiating /home/travis/build/icyphy/ptII/ptolemy/actor/lib/test/auto/SubscriptionAggregator2.xml
2 ms. Memory: 658432K Free: 399872K (61%)
----------------- Invoking toplevel() on ptolemy.moml.MoMLSimpleApplication@1d2ab3b9
----------------- Done invoking toplevel() on ptolemy.moml.MoMLSimpleApplication@1d2ab3b9
reloadAllAccessors: .SubscriptionAggregator2

===========================================================================================
----------------- testing Thu Oct 10 22:30:37 UTC 2019 /home/travis/build/icyphy/ptII/ptolemy/actor/lib/test/auto/SubscriptionAggregator3.xml
----------------- Instantiating /home/travis/build/icyphy/ptII/ptolemy/actor/lib/test/auto/SubscriptionAggregator3.xml
3 ms. Memory: 658432K Free: 391159K (59%)
----------------- Invoking toplevel() on ptolemy.moml.MoMLSimpleApplication@5269e740
----------------- Done invoking toplevel() on ptolemy.moml.MoMLSimpleApplication@5269e740
reloadAllAccessors: .SubscriptionAggregator3

===========================================================================================
----------------- testing Thu Oct 10 22:30:37 UTC 2019 /home/travis/build/icyphy/ptII/ptolemy/actor/lib/test/auto/SubscriptionAggregatorMultiply.xml
----------------- Instantiating /home/travis/build/icyphy/ptII/ptolemy/actor/lib/test/auto/SubscriptionAggregatorMultiply.xml
2 ms. Memory: 658432K Free: 381950K (58%)
----------------- Invoking toplevel() on ptolemy.moml.MoMLSimpleApplication@2cd8715f
----------------- Done invoking toplevel() on ptolemy.moml.MoMLSimpleApplication@2cd8715f
reloadAllAccessors: .SubscriptionAggregatorMultiply

===========================================================================================
----------------- testing Thu Oct 10 22:30:37 UTC 2019 /home/travis/build/icyphy/ptII/ptolemy/actor/lib/test/auto/SubscriptionAggregatorPortMultiply1.xml
----------------- Instantiating /home/travis/build/icyphy/ptII/ptolemy/actor/lib/test/auto/SubscriptionAggregatorPortMultiply1.xml
3 ms. Memory: 658432K Free: 373758K (57%)
----------------- Invoking toplevel() on ptolemy.moml.MoMLSimpleApplication@6427d027
----------------- Done invoking toplevel() on ptolemy.moml.MoMLSimpleApplication@6427d027
reloadAllAccessors: .SubscriptionAggregatorPortMultiply1

===========================================================================================
----------------- testing Thu Oct 10 22:30:37 UTC 2019 /home/travis/build/icyphy/ptII/ptolemy/actor/lib/test/auto/Switch.xml
----------------- Instantiating /home/travis/build/icyphy/ptII/ptolemy/actor/lib/test/auto/Switch.xml
6 ms. Memory: 658432K Free: 365566K (56%)
----------------- Invoking toplevel() on ptolemy.moml.MoMLSimpleApplication@aacd04e
----------------- Done invoking toplevel() on ptolemy.moml.MoMLSimpleApplication@aacd04e
reloadAllAccessors: .Switch

===========================================================================================
----------------- testing Thu Oct 10 22:30:37 UTC 2019 /home/travis/build/icyphy/ptII/ptolemy/actor/lib/test/auto/Switch2.xml
----------------- Instantiating /home/travis/build/icyphy/ptII/ptolemy/actor/lib/test/auto/Switch2.xml
1 ms. Memory: 658432K Free: 360960K (55%)
----------------- Invoking toplevel() on ptolemy.moml.MoMLSimpleApplication@1d59f838
----------------- Done invoking toplevel() on ptolemy.moml.MoMLSimpleApplication@1d59f838
reloadAllAccessors: .Switch2

===========================================================================================
----------------- testing Thu Oct 10 22:30:37 UTC 2019 /home/travis/build/icyphy/ptII/ptolemy/actor/lib/test/auto/SwitchDE.xml
----------------- Instantiating /home/travis/build/icyphy/ptII/ptolemy/actor/lib/test/auto/SwitchDE.xml
2 ms. Memory: 658432K Free: 354816K (54%)
----------------- Invoking toplevel() on ptolemy.moml.MoMLSimpleApplication@c9cd3e1
----------------- Done invoking toplevel() on ptolemy.moml.MoMLSimpleApplication@c9cd3e1
reloadAllAccessors: .SwitchDE

===========================================================================================
----------------- testing Thu Oct 10 22:30:37 UTC 2019 /home/travis/build/icyphy/ptII/ptolemy/actor/lib/test/auto/SynchronizerDE.xml
----------------- Instantiating /home/travis/build/icyphy/ptII/ptolemy/actor/lib/test/auto/SynchronizerDE.xml
3 ms. Memory: 658432K Free: 346624K (53%)
----------------- Invoking toplevel() on ptolemy.moml.MoMLSimpleApplication@455bfb91
----------------- Done invoking toplevel() on ptolemy.moml.MoMLSimpleApplication@455bfb91
reloadAllAccessors: .SynchronizerDE

===========================================================================================
----------------- testing Thu Oct 10 22:30:37 UTC 2019 /home/travis/build/icyphy/ptII/ptolemy/actor/lib/test/auto/Test.xml
----------------- Instantiating /home/travis/build/icyphy/ptII/ptolemy/actor/lib/test/auto/Test.xml
2 ms. Memory: 658432K Free: 341504K (52%)
----------------- Invoking toplevel() on ptolemy.moml.MoMLSimpleApplication@4315c1e6
----------------- Done invoking toplevel() on ptolemy.moml.MoMLSimpleApplication@4315c1e6
reloadAllAccessors: .Test

===========================================================================================
----------------- testing Thu Oct 10 22:30:37 UTC 2019 /home/travis/build/icyphy/ptII/ptolemy/actor/lib/test/auto/TestExceptionAttribute1.xml
----------------- Instantiating /home/travis/build/icyphy/ptII/ptolemy/actor/lib/test/auto/TestExceptionAttribute1.xml
2 ms. Memory: 658432K Free: 337918K (51%)
----------------- Invoking toplevel() on ptolemy.moml.MoMLSimpleApplication@9339b22
----------------- Done invoking toplevel() on ptolemy.moml.MoMLSimpleApplication@9339b22
reloadAllAccessors: .TestExceptionAttribute1

===========================================================================================
----------------- testing Thu Oct 10 22:30:37 UTC 2019 /home/travis/build/icyphy/ptII/ptolemy/actor/lib/test/auto/TestExceptionAttribute2.xml
----------------- Instantiating /home/travis/build/icyphy/ptII/ptolemy/actor/lib/test/auto/TestExceptionAttribute2.xml
1 ms. Memory: 658432K Free: 334336K (51%)
----------------- Invoking toplevel() on ptolemy.moml.MoMLSimpleApplication@2e500d1e
----------------- Done invoking toplevel() on ptolemy.moml.MoMLSimpleApplication@2e500d1e
reloadAllAccessors: .TestExceptionAttribute2

===========================================================================================
----------------- testing Thu Oct 10 22:30:37 UTC 2019 /home/travis/build/icyphy/ptII/ptolemy/actor/lib/test/auto/TestExceptionAttribute3.xml
----------------- Instantiating /home/travis/build/icyphy/ptII/ptolemy/actor/lib/test/auto/TestExceptionAttribute3.xml
.TestExceptionAttribute3.TestExceptionAttribute: initialize() was not invoked, but wrapup() was.  This is unusual, but not always a problem.  For example, exporting JNLP will do this.
1 ms. Memory: 658432K Free: 330750K (50%)
----------------- Invoking toplevel() on ptolemy.moml.MoMLSimpleApplication@24bf4266
----------------- Done invoking toplevel() on ptolemy.moml.MoMLSimpleApplication@24bf4266
reloadAllAccessors: .TestExceptionAttribute3

===========================================================================================
----------------- testing Thu Oct 10 22:30:37 UTC 2019 /home/travis/build/icyphy/ptII/ptolemy/actor/lib/test/auto/TestExceptionAttribute4.xml
----------------- Instantiating /home/travis/build/icyphy/ptII/ptolemy/actor/lib/test/auto/TestExceptionAttribute4.xml
.TestExceptionAttribute4.TestExceptionAttribute: initialize() was not invoked, but wrapup() was.  This is unusual, but not always a problem.  For example, exporting JNLP will do this.
.TestExceptionAttribute4.TestExceptionAttribute2: initialize() was not invoked, but wrapup() was.  This is unusual, but not always a problem.  For example, exporting JNLP will do this.
0 ms. Memory: 658432K Free: 326654K (50%)
----------------- Invoking toplevel() on ptolemy.moml.MoMLSimpleApplication@56ba1025
----------------- Done invoking toplevel() on ptolemy.moml.MoMLSimpleApplication@56ba1025
reloadAllAccessors: .TestExceptionAttribute4

===========================================================================================
----------------- testing Thu Oct 10 22:30:37 UTC 2019 /home/travis/build/icyphy/ptII/ptolemy/actor/lib/test/auto/TestExceptionHandler1.xml
----------------- Instantiating /home/travis/build/icyphy/ptII/ptolemy/actor/lib/test/auto/TestExceptionHandler1.xml
0 ms. Memory: 658432K Free: 323072K (49%)
----------------- Invoking toplevel() on ptolemy.moml.MoMLSimpleApplication@a91960c
----------------- Done invoking toplevel() on ptolemy.moml.MoMLSimpleApplication@a91960c
reloadAllAccessors: .TestExceptionHandler1

===========================================================================================
----------------- testing Thu Oct 10 22:30:37 UTC 2019 /home/travis/build/icyphy/ptII/ptolemy/actor/lib/test/auto/TestExceptionHandler2.xml
----------------- Instantiating /home/travis/build/icyphy/ptII/ptolemy/actor/lib/test/auto/TestExceptionHandler2.xml
1 ms. Memory: 658432K Free: 319486K (49%)
----------------- Invoking toplevel() on ptolemy.moml.MoMLSimpleApplication@2745fce5
----------------- Done invoking toplevel() on ptolemy.moml.MoMLSimpleApplication@2745fce5
reloadAllAccessors: .TestExceptionHandler2

===========================================================================================
----------------- testing Thu Oct 10 22:30:37 UTC 2019 /home/travis/build/icyphy/ptII/ptolemy/actor/lib/test/auto/TestExceptionHandler3.xml
----------------- Instantiating /home/travis/build/icyphy/ptII/ptolemy/actor/lib/test/auto/TestExceptionHandler3.xml
0 ms. Memory: 658432K Free: 315904K (48%)
----------------- Invoking toplevel() on ptolemy.moml.MoMLSimpleApplication@4d5415f3
----------------- Done invoking toplevel() on ptolemy.moml.MoMLSimpleApplication@4d5415f3
reloadAllAccessors: .TestExceptionHandler3

===========================================================================================
----------------- testing Thu Oct 10 22:30:37 UTC 2019 /home/travis/build/icyphy/ptII/ptolemy/actor/lib/test/auto/TestExceptionHandler4.xml
----------------- Instantiating /home/travis/build/icyphy/ptII/ptolemy/actor/lib/test/auto/TestExceptionHandler4.xml
0 ms. Memory: 658432K Free: 311808K (47%)
----------------- Invoking toplevel() on ptolemy.moml.MoMLSimpleApplication@370f0703
----------------- Done invoking toplevel() on ptolemy.moml.MoMLSimpleApplication@370f0703
reloadAllAccessors: .TestExceptionHandler4

===========================================================================================
----------------- testing Thu Oct 10 22:30:37 UTC 2019 /home/travis/build/icyphy/ptII/ptolemy/actor/lib/test/auto/TestRequireCorrectOrder.xml
----------------- Instantiating /home/travis/build/icyphy/ptII/ptolemy/actor/lib/test/auto/TestRequireCorrectOrder.xml
6 ms. Memory: 658432K Free: 306167K (46%)
----------------- Invoking toplevel() on ptolemy.moml.MoMLSimpleApplication@794c14f3
----------------- Done invoking toplevel() on ptolemy.moml.MoMLSimpleApplication@794c14f3
reloadAllAccessors: .TestRequireCorrectOrder

===========================================================================================
----------------- testing Thu Oct 10 22:30:37 UTC 2019 /home/travis/build/icyphy/ptII/ptolemy/actor/lib/test/auto/TestSimple.xml
----------------- Instantiating /home/travis/build/icyphy/ptII/ptolemy/actor/lib/test/auto/TestSimple.xml
1 ms. Memory: 658432K Free: 301568K (46%)
----------------- Invoking toplevel() on ptolemy.moml.MoMLSimpleApplication@6735d4b0
----------------- Done invoking toplevel() on ptolemy.moml.MoMLSimpleApplication@6735d4b0
reloadAllAccessors: .TestSimple

===========================================================================================
----------------- testing Thu Oct 10 22:30:37 UTC 2019 /home/travis/build/icyphy/ptII/ptolemy/actor/lib/test/auto/ThrowModelError.xml
----------------- Instantiating /home/travis/build/icyphy/ptII/ptolemy/actor/lib/test/auto/ThrowModelError.xml
1 ms. Memory: 658432K Free: 296958K (45%)
----------------- Invoking toplevel() on ptolemy.moml.MoMLSimpleApplication@49f9194a
----------------- Done invoking toplevel() on ptolemy.moml.MoMLSimpleApplication@49f9194a
reloadAllAccessors: .ThrowModelError

===========================================================================================
----------------- testing Thu Oct 10 22:30:37 UTC 2019 /home/travis/build/icyphy/ptII/ptolemy/actor/lib/test/auto/TimeDelayMicrosteps.xml
----------------- Instantiating /home/travis/build/icyphy/ptII/ptolemy/actor/lib/test/auto/TimeDelayMicrosteps.xml
3 ms. Memory: 658432K Free: 290304K (44%)
----------------- Invoking toplevel() on ptolemy.moml.MoMLSimpleApplication@1542b821
----------------- Done invoking toplevel() on ptolemy.moml.MoMLSimpleApplication@1542b821
reloadAllAccessors: .TimeDelayMicrosteps

===========================================================================================
----------------- testing Thu Oct 10 22:30:37 UTC 2019 /home/travis/build/icyphy/ptII/ptolemy/actor/lib/test/auto/TimeDelayMicrosteps2.xml
----------------- Instantiating /home/travis/build/icyphy/ptII/ptolemy/actor/lib/test/auto/TimeDelayMicrosteps2.xml
3 ms. Memory: 658432K Free: 283136K (43%)
----------------- Invoking toplevel() on ptolemy.moml.MoMLSimpleApplication@5db663cc
----------------- Done invoking toplevel() on ptolemy.moml.MoMLSimpleApplication@5db663cc
reloadAllAccessors: .TimeDelayMicrosteps2

===========================================================================================
----------------- testing Thu Oct 10 22:30:37 UTC 2019 /home/travis/build/icyphy/ptII/ptolemy/actor/lib/test/auto/TimeDelayMicrosteps3.xml
----------------- Instantiating /home/travis/build/icyphy/ptII/ptolemy/actor/lib/test/auto/TimeDelayMicrosteps3.xml
4 ms. Memory: 658432K Free: 276471K (42%)
----------------- Invoking toplevel() on ptolemy.moml.MoMLSimpleApplication@5ab20c91
----------------- Done invoking toplevel() on ptolemy.moml.MoMLSimpleApplication@5ab20c91
reloadAllAccessors: .TimeDelayMicrosteps3

===========================================================================================
----------------- testing Thu Oct 10 22:30:37 UTC 2019 /home/travis/build/icyphy/ptII/ptolemy/actor/lib/test/auto/TimeDelayVariableMicrosteps.xml
----------------- Instantiating /home/travis/build/icyphy/ptII/ptolemy/actor/lib/test/auto/TimeDelayVariableMicrosteps.xml
3 ms. Memory: 658432K Free: 270334K (41%)
----------------- Invoking toplevel() on ptolemy.moml.MoMLSimpleApplication@361a6f86
----------------- Done invoking toplevel() on ptolemy.moml.MoMLSimpleApplication@361a6f86
reloadAllAccessors: .TimeDelayVariableMicrosteps

===========================================================================================
----------------- testing Thu Oct 10 22:30:37 UTC 2019 /home/travis/build/icyphy/ptII/ptolemy/actor/lib/test/auto/TimeGap.xml
----------------- Instantiating /home/travis/build/icyphy/ptII/ptolemy/actor/lib/test/auto/TimeGap.xml
3 ms. Memory: 658432K Free: 264704K (40%)
----------------- Invoking toplevel() on ptolemy.moml.MoMLSimpleApplication@7dc3fcf9
----------------- Done invoking toplevel() on ptolemy.moml.MoMLSimpleApplication@7dc3fcf9
reloadAllAccessors: .TimeGap

===========================================================================================
----------------- testing Thu Oct 10 22:30:37 UTC 2019 /home/travis/build/icyphy/ptII/ptolemy/actor/lib/test/auto/TimeGap2.xml
----------------- Instantiating /home/travis/build/icyphy/ptII/ptolemy/actor/lib/test/auto/TimeGap2.xml
2 ms. Memory: 658432K Free: 259039K (39%)
----------------- Invoking toplevel() on ptolemy.moml.MoMLSimpleApplication@38131723
----------------- Done invoking toplevel() on ptolemy.moml.MoMLSimpleApplication@38131723
reloadAllAccessors: .TimeGap2

===========================================================================================
----------------- testing Thu Oct 10 22:30:37 UTC 2019 /home/travis/build/icyphy/ptII/ptolemy/actor/lib/test/auto/TimedSinewave.xml
----------------- Instantiating /home/travis/build/icyphy/ptII/ptolemy/actor/lib/test/auto/TimedSinewave.xml
22 ms. Memory: 658432K Free: 244224K (37%)
----------------- Invoking toplevel() on ptolemy.moml.MoMLSimpleApplication@36b5728
----------------- Done invoking toplevel() on ptolemy.moml.MoMLSimpleApplication@36b5728
reloadAllAccessors: .TimedSinewave

===========================================================================================
----------------- testing Thu Oct 10 22:30:37 UTC 2019 /home/travis/build/icyphy/ptII/ptolemy/actor/lib/test/auto/TimedSinewavePhase.xml
----------------- Instantiating /home/travis/build/icyphy/ptII/ptolemy/actor/lib/test/auto/TimedSinewavePhase.xml
10 ms. Memory: 658432K Free: 234494K (36%)
----------------- Invoking toplevel() on ptolemy.moml.MoMLSimpleApplication@1ba53fd3
----------------- Done invoking toplevel() on ptolemy.moml.MoMLSimpleApplication@1ba53fd3
reloadAllAccessors: .TimedSinewavePhase

===========================================================================================
----------------- testing Thu Oct 10 22:30:37 UTC 2019 /home/travis/build/icyphy/ptII/ptolemy/actor/lib/test/auto/Timer.xml
----------------- Instantiating /home/travis/build/icyphy/ptII/ptolemy/actor/lib/test/auto/Timer.xml
5 ms. Memory: 658432K Free: 228864K (35%)
----------------- Invoking toplevel() on ptolemy.moml.MoMLSimpleApplication@31fea3dd
----------------- Done invoking toplevel() on ptolemy.moml.MoMLSimpleApplication@31fea3dd
reloadAllAccessors: .Timer

===========================================================================================
----------------- testing Thu Oct 10 22:30:37 UTC 2019 /home/travis/build/icyphy/ptII/ptolemy/actor/lib/test/auto/TriangularDistTestModel.xml
----------------- Instantiating /home/travis/build/icyphy/ptII/ptolemy/actor/lib/test/auto/TriangularDistTestModel.xml
2 ms. Memory: 658432K Free: 606703K (92%)
----------------- Invoking toplevel() on ptolemy.moml.MoMLSimpleApplication@37efe59a
----------------- Done invoking toplevel() on ptolemy.moml.MoMLSimpleApplication@37efe59a
reloadAllAccessors: .TriangularDistTestModel

===========================================================================================
----------------- testing Thu Oct 10 22:30:37 UTC 2019 /home/travis/build/icyphy/ptII/ptolemy/actor/lib/test/auto/TrigFunction.xml
----------------- Instantiating /home/travis/build/icyphy/ptII/ptolemy/actor/lib/test/auto/TrigFunction.xml
1 ms. Memory: 658432K Free: 601598K (91%)
----------------- Invoking toplevel() on ptolemy.moml.MoMLSimpleApplication@220bc4c3
----------------- Done invoking toplevel() on ptolemy.moml.MoMLSimpleApplication@220bc4c3
reloadAllAccessors: .TrigFunction

===========================================================================================
----------------- testing Thu Oct 10 22:30:37 UTC 2019 /home/travis/build/icyphy/ptII/ptolemy/actor/lib/test/auto/TrigFunctionDE.xml
----------------- Instantiating /home/travis/build/icyphy/ptII/ptolemy/actor/lib/test/auto/TrigFunctionDE.xml
1 ms. Memory: 658432K Free: 595968K (91%)
----------------- Invoking toplevel() on ptolemy.moml.MoMLSimpleApplication@4b14dbb9
----------------- Done invoking toplevel() on ptolemy.moml.MoMLSimpleApplication@4b14dbb9
reloadAllAccessors: .TrigFunctionDE

===========================================================================================
----------------- testing Thu Oct 10 22:30:37 UTC 2019 /home/travis/build/icyphy/ptII/ptolemy/actor/lib/test/auto/TrigFunctionInverse.xml
----------------- Instantiating /home/travis/build/icyphy/ptII/ptolemy/actor/lib/test/auto/TrigFunctionInverse.xml
1 ms. Memory: 658432K Free: 590848K (90%)
----------------- Invoking toplevel() on ptolemy.moml.MoMLSimpleApplication@261b4798
----------------- Done invoking toplevel() on ptolemy.moml.MoMLSimpleApplication@261b4798
reloadAllAccessors: .TrigFunctionInverse

===========================================================================================
----------------- testing Thu Oct 10 22:30:37 UTC 2019 /home/travis/build/icyphy/ptII/ptolemy/actor/lib/test/auto/TrigFunctionTan.xml
----------------- Instantiating /home/travis/build/icyphy/ptII/ptolemy/actor/lib/test/auto/TrigFunctionTan.xml
2 ms. Memory: 658432K Free: 586752K (89%)
----------------- Invoking toplevel() on ptolemy.moml.MoMLSimpleApplication@2585c4db
----------------- Done invoking toplevel() on ptolemy.moml.MoMLSimpleApplication@2585c4db
reloadAllAccessors: .TrigFunctionTan

===========================================================================================
----------------- testing Thu Oct 10 22:30:37 UTC 2019 /home/travis/build/icyphy/ptII/ptolemy/actor/lib/test/auto/TriggeredClock.xml
----------------- Instantiating /home/travis/build/icyphy/ptII/ptolemy/actor/lib/test/auto/TriggeredClock.xml
1 ms. Memory: 658432K Free: 581632K (88%)
----------------- Invoking toplevel() on ptolemy.moml.MoMLSimpleApplication@7d997524
----------------- Done invoking toplevel() on ptolemy.moml.MoMLSimpleApplication@7d997524
reloadAllAccessors: .TriggeredClock

===========================================================================================
----------------- testing Thu Oct 10 22:30:37 UTC 2019 /home/travis/build/icyphy/ptII/ptolemy/actor/lib/test/auto/URLDirectoryReader.xml
----------------- Instantiating /home/travis/build/icyphy/ptII/ptolemy/actor/lib/test/auto/URLDirectoryReader.xml
32 ms. Memory: 658432K Free: 571902K (87%)
----------------- Invoking toplevel() on ptolemy.moml.MoMLSimpleApplication@7ed5fe55
----------------- Done invoking toplevel() on ptolemy.moml.MoMLSimpleApplication@7ed5fe55
reloadAllAccessors: .URLDirectoryReader

===========================================================================================
----------------- testing Thu Oct 10 22:30:37 UTC 2019 /home/travis/build/icyphy/ptII/ptolemy/actor/lib/test/auto/URLDirectoryReader3.xml
----------------- Instantiating /home/travis/build/icyphy/ptII/ptolemy/actor/lib/test/auto/URLDirectoryReader3.xml

===========================================================================================
----------------- testing Thu Oct 10 22:30:37 UTC 2019 /home/travis/build/icyphy/ptII/ptolemy/actor/lib/test/auto/UnaryMathFunction.xml
----------------- Instantiating /home/travis/build/icyphy/ptII/ptolemy/actor/lib/test/auto/UnaryMathFunction.xml
2 ms. Memory: 658432K Free: 561152K (85%)
----------------- Invoking toplevel() on ptolemy.moml.MoMLSimpleApplication@173e3f81
----------------- Done invoking toplevel() on ptolemy.moml.MoMLSimpleApplication@173e3f81
reloadAllAccessors: .UnaryMathFunction

===========================================================================================
----------------- testing Thu Oct 10 22:30:37 UTC 2019 /home/travis/build/icyphy/ptII/ptolemy/actor/lib/test/auto/Uniform.xml
----------------- Instantiating /home/travis/build/icyphy/ptII/ptolemy/actor/lib/test/auto/Uniform.xml
1 ms. Memory: 658432K Free: 556542K (85%)
----------------- Invoking toplevel() on ptolemy.moml.MoMLSimpleApplication@611baa56
----------------- Done invoking toplevel() on ptolemy.moml.MoMLSimpleApplication@611baa56
reloadAllAccessors: .Uniform

===========================================================================================
----------------- testing Thu Oct 10 22:30:37 UTC 2019 /home/travis/build/icyphy/ptII/ptolemy/actor/lib/test/auto/UnionDisassemblerTest.xml
----------------- Instantiating /home/travis/build/icyphy/ptII/ptolemy/actor/lib/test/auto/UnionDisassemblerTest.xml
14 ms. Memory: 658432K Free: 552960K (84%)
----------------- Invoking toplevel() on ptolemy.moml.MoMLSimpleApplication@44df6856
----------------- Done invoking toplevel() on ptolemy.moml.MoMLSimpleApplication@44df6856
reloadAllAccessors: .UnionDisassemblerTest

===========================================================================================
----------------- testing Thu Oct 10 22:30:37 UTC 2019 /home/travis/build/icyphy/ptII/ptolemy/actor/lib/test/auto/UtilityFunctions.xml
----------------- Instantiating /home/travis/build/icyphy/ptII/ptolemy/actor/lib/test/auto/UtilityFunctions.xml
4 ms. Memory: 658432K Free: 548864K (83%)
----------------- Invoking toplevel() on ptolemy.moml.MoMLSimpleApplication@34cf574b
----------------- Done invoking toplevel() on ptolemy.moml.MoMLSimpleApplication@34cf574b
reloadAllAccessors: .UtilityFunctions

===========================================================================================
----------------- testing Thu Oct 10 22:30:38 UTC 2019 /home/travis/build/icyphy/ptII/ptolemy/actor/lib/test/auto/VariableSleep.xml
----------------- Instantiating /home/travis/build/icyphy/ptII/ptolemy/actor/lib/test/auto/VariableSleep.xml
504 ms. Memory: 658432K Free: 543744K (83%)
----------------- Invoking toplevel() on ptolemy.moml.MoMLSimpleApplication@3b13557f
----------------- Done invoking toplevel() on ptolemy.moml.MoMLSimpleApplication@3b13557f
reloadAllAccessors: .VariableSleep

===========================================================================================
----------------- testing Thu Oct 10 22:30:38 UTC 2019 /home/travis/build/icyphy/ptII/ptolemy/actor/lib/test/auto/VectorAssemblerDisassemblerCT.xml
----------------- Instantiating /home/travis/build/icyphy/ptII/ptolemy/actor/lib/test/auto/VectorAssemblerDisassemblerCT.xml
77 ms. Memory: 658432K Free: 523264K (79%)
----------------- Invoking toplevel() on ptolemy.moml.MoMLSimpleApplication@159ebd4f
----------------- Done invoking toplevel() on ptolemy.moml.MoMLSimpleApplication@159ebd4f
reloadAllAccessors: .VectorAssemblerDisassemblerCT

===========================================================================================
----------------- testing Thu Oct 10 22:30:38 UTC 2019 /home/travis/build/icyphy/ptII/ptolemy/actor/lib/test/auto/VectorAssemblerDisassemblerDE.xml
----------------- Instantiating /home/travis/build/icyphy/ptII/ptolemy/actor/lib/test/auto/VectorAssemblerDisassemblerDE.xml
12 ms. Memory: 658432K Free: 516096K (78%)
----------------- Invoking toplevel() on ptolemy.moml.MoMLSimpleApplication@2e2e5373
----------------- Done invoking toplevel() on ptolemy.moml.MoMLSimpleApplication@2e2e5373
reloadAllAccessors: .VectorAssemblerDisassemblerDE

===========================================================================================
----------------- testing Thu Oct 10 22:30:38 UTC 2019 /home/travis/build/icyphy/ptII/ptolemy/actor/lib/test/auto/VectorAssemblerDisassemblerSDF.xml
----------------- Instantiating /home/travis/build/icyphy/ptII/ptolemy/actor/lib/test/auto/VectorAssemblerDisassemblerSDF.xml
2 ms. Memory: 658432K Free: 509952K (77%)
----------------- Invoking toplevel() on ptolemy.moml.MoMLSimpleApplication@5f0cfec0
----------------- Done invoking toplevel() on ptolemy.moml.MoMLSimpleApplication@5f0cfec0
reloadAllAccessors: .VectorAssemblerDisassemblerSDF

===========================================================================================
----------------- testing Thu Oct 10 22:30:38 UTC 2019 /home/travis/build/icyphy/ptII/ptolemy/actor/lib/test/auto/WallClockTime.xml
----------------- Instantiating /home/travis/build/icyphy/ptII/ptolemy/actor/lib/test/auto/WallClockTime.xml
1005 ms. Memory: 658432K Free: 504832K (77%)
----------------- Invoking toplevel() on ptolemy.moml.MoMLSimpleApplication@28c982f6
----------------- Done invoking toplevel() on ptolemy.moml.MoMLSimpleApplication@28c982f6
reloadAllAccessors: .WallClockTime

===========================================================================================
----------------- testing Thu Oct 10 22:30:39 UTC 2019 /home/travis/build/icyphy/ptII/ptolemy/actor/lib/test/auto/WidthTestWithSubscriberPublisher.xml
----------------- Instantiating /home/travis/build/icyphy/ptII/ptolemy/actor/lib/test/auto/WidthTestWithSubscriberPublisher.xml
8 ms. Memory: 658432K Free: 486910K (74%)
----------------- Invoking toplevel() on ptolemy.moml.MoMLSimpleApplication@58135813
----------------- Done invoking toplevel() on ptolemy.moml.MoMLSimpleApplication@58135813
reloadAllAccessors: .WidthTestWithSubscriberPublisher

===========================================================================================
----------------- testing Thu Oct 10 22:30:39 UTC 2019 /home/travis/build/icyphy/ptII/ptolemy/actor/lib/test/auto/WidthTestWithSubscriberPublisher2.xml
----------------- Instantiating /home/travis/build/icyphy/ptII/ptolemy/actor/lib/test/auto/WidthTestWithSubscriberPublisher2.xml
3 ms. Memory: 658432K Free: 480766K (73%)
----------------- Invoking toplevel() on ptolemy.moml.MoMLSimpleApplication@1ae8dd1d
----------------- Done invoking toplevel() on ptolemy.moml.MoMLSimpleApplication@1ae8dd1d
reloadAllAccessors: .WidthTestWithSubscriberPublisher2

===========================================================================================
----------------- testing Thu Oct 10 22:30:39 UTC 2019 /home/travis/build/icyphy/ptII/ptolemy/actor/lib/test/auto/WidthTestWithSubscriberPublisher3.xml
----------------- Instantiating /home/travis/build/icyphy/ptII/ptolemy/actor/lib/test/auto/WidthTestWithSubscriberPublisher3.xml
2 ms. Memory: 658432K Free: 474622K (72%)
----------------- Invoking toplevel() on ptolemy.moml.MoMLSimpleApplication@2d90bfac
----------------- Done invoking toplevel() on ptolemy.moml.MoMLSimpleApplication@2d90bfac
reloadAllAccessors: .WidthTestWithSubscriberPublisher3

===========================================================================================
----------------- testing Thu Oct 10 22:30:39 UTC 2019 /home/travis/build/icyphy/ptII/ptolemy/actor/lib/test/auto/Writer.xml
----------------- Instantiating /home/travis/build/icyphy/ptII/ptolemy/actor/lib/test/auto/Writer.xml
0
1
2
3
4
1 ms. Memory: 658432K Free: 470511K (71%)
----------------- Invoking toplevel() on ptolemy.moml.MoMLSimpleApplication@2a3048e2
----------------- Done invoking toplevel() on ptolemy.moml.MoMLSimpleApplication@2a3048e2
reloadAllAccessors: .Writer

===========================================================================================
----------------- testing Thu Oct 10 22:30:39 UTC 2019 /home/travis/build/icyphy/ptII/ptolemy/actor/lib/test/auto/array.xml
----------------- Instantiating /home/travis/build/icyphy/ptII/ptolemy/actor/lib/test/auto/array.xml
2 ms. Memory: 658432K Free: 465920K (71%)
----------------- Invoking toplevel() on ptolemy.moml.MoMLSimpleApplication@3d3fb3a2
----------------- Done invoking toplevel() on ptolemy.moml.MoMLSimpleApplication@3d3fb3a2
reloadAllAccessors: .array

===========================================================================================
----------------- testing Thu Oct 10 22:30:39 UTC 2019 /home/travis/build/icyphy/ptII/ptolemy/actor/lib/test/auto/array2.xml
----------------- Instantiating /home/travis/build/icyphy/ptII/ptolemy/actor/lib/test/auto/array2.xml
3 ms. Memory: 658432K Free: 461295K (70%)
----------------- Invoking toplevel() on ptolemy.moml.MoMLSimpleApplication@25bb233c
----------------- Done invoking toplevel() on ptolemy.moml.MoMLSimpleApplication@25bb233c
reloadAllAccessors: .array2

===========================================================================================
----------------- testing Thu Oct 10 22:30:39 UTC 2019 /home/travis/build/icyphy/ptII/ptolemy/actor/lib/test/auto/arrayType.xml
----------------- Instantiating /home/travis/build/icyphy/ptII/ptolemy/actor/lib/test/auto/arrayType.xml
1 ms. Memory: 658432K Free: 456190K (69%)
----------------- Invoking toplevel() on ptolemy.moml.MoMLSimpleApplication@14d42c7f
----------------- Done invoking toplevel() on ptolemy.moml.MoMLSimpleApplication@14d42c7f
reloadAllAccessors: .arrayType

===========================================================================================
----------------- testing Thu Oct 10 22:30:39 UTC 2019 /home/travis/build/icyphy/ptII/ptolemy/actor/lib/test/auto/arrayType10.xml
----------------- Instantiating /home/travis/build/icyphy/ptII/ptolemy/actor/lib/test/auto/arrayType10.xml
1 ms. Memory: 658432K Free: 451070K (69%)
----------------- Invoking toplevel() on ptolemy.moml.MoMLSimpleApplication@4c069f93
----------------- Done invoking toplevel() on ptolemy.moml.MoMLSimpleApplication@4c069f93
reloadAllAccessors: .arrayType10

===========================================================================================
----------------- testing Thu Oct 10 22:30:39 UTC 2019 /home/travis/build/icyphy/ptII/ptolemy/actor/lib/test/auto/arrayType11.xml
----------------- Instantiating /home/travis/build/icyphy/ptII/ptolemy/actor/lib/test/auto/arrayType11.xml
2 ms. Memory: 658432K Free: 445440K (68%)
----------------- Invoking toplevel() on ptolemy.moml.MoMLSimpleApplication@58fef2f1
----------------- Done invoking toplevel() on ptolemy.moml.MoMLSimpleApplication@58fef2f1
reloadAllAccessors: .arrayType11

===========================================================================================
----------------- testing Thu Oct 10 22:30:39 UTC 2019 /home/travis/build/icyphy/ptII/ptolemy/actor/lib/test/auto/arrayType12.xml
----------------- Instantiating /home/travis/build/icyphy/ptII/ptolemy/actor/lib/test/auto/arrayType12.xml
2 ms. Memory: 658432K Free: 440830K (67%)
----------------- Invoking toplevel() on ptolemy.moml.MoMLSimpleApplication@4051e420
----------------- Done invoking toplevel() on ptolemy.moml.MoMLSimpleApplication@4051e420
reloadAllAccessors: .arrayType12

===========================================================================================
----------------- testing Thu Oct 10 22:30:39 UTC 2019 /home/travis/build/icyphy/ptII/ptolemy/actor/lib/test/auto/arrayType13.xml
----------------- Instantiating /home/travis/build/icyphy/ptII/ptolemy/actor/lib/test/auto/arrayType13.xml
2 ms. Memory: 658432K Free: 435710K (66%)
----------------- Invoking toplevel() on ptolemy.moml.MoMLSimpleApplication@4e65e35d
----------------- Done invoking toplevel() on ptolemy.moml.MoMLSimpleApplication@4e65e35d
reloadAllAccessors: .arrayType13

===========================================================================================
----------------- testing Thu Oct 10 22:30:39 UTC 2019 /home/travis/build/icyphy/ptII/ptolemy/actor/lib/test/auto/arrayType14.xml
----------------- Instantiating /home/travis/build/icyphy/ptII/ptolemy/actor/lib/test/auto/arrayType14.xml
1 ms. Memory: 658432K Free: 430590K (65%)
----------------- Invoking toplevel() on ptolemy.moml.MoMLSimpleApplication@3a14fd1a
----------------- Done invoking toplevel() on ptolemy.moml.MoMLSimpleApplication@3a14fd1a
reloadAllAccessors: .arrayType14

===========================================================================================
----------------- testing Thu Oct 10 22:30:39 UTC 2019 /home/travis/build/icyphy/ptII/ptolemy/actor/lib/test/auto/arrayType15.xml
----------------- Instantiating /home/travis/build/icyphy/ptII/ptolemy/actor/lib/test/auto/arrayType15.xml
2 ms. Memory: 658432K Free: 424960K (65%)
----------------- Invoking toplevel() on ptolemy.moml.MoMLSimpleApplication@6d19be5b
----------------- Done invoking toplevel() on ptolemy.moml.MoMLSimpleApplication@6d19be5b
reloadAllAccessors: .arrayType15

===========================================================================================
----------------- testing Thu Oct 10 22:30:39 UTC 2019 /home/travis/build/icyphy/ptII/ptolemy/actor/lib/test/auto/arrayType16.xml
----------------- Instantiating /home/travis/build/icyphy/ptII/ptolemy/actor/lib/test/auto/arrayType16.xml
2 ms. Memory: 658432K Free: 419840K (64%)
----------------- Invoking toplevel() on ptolemy.moml.MoMLSimpleApplication@7e650364
----------------- Done invoking toplevel() on ptolemy.moml.MoMLSimpleApplication@7e650364
reloadAllAccessors: .arrayType16

===========================================================================================
----------------- testing Thu Oct 10 22:30:40 UTC 2019 /home/travis/build/icyphy/ptII/ptolemy/actor/lib/test/auto/arrayType17.xml
----------------- Instantiating /home/travis/build/icyphy/ptII/ptolemy/actor/lib/test/auto/arrayType17.xml
1 ms. Memory: 658432K Free: 414720K (63%)
----------------- Invoking toplevel() on ptolemy.moml.MoMLSimpleApplication@3802a287
----------------- Done invoking toplevel() on ptolemy.moml.MoMLSimpleApplication@3802a287
reloadAllAccessors: .arrayType17

===========================================================================================
----------------- testing Thu Oct 10 22:30:40 UTC 2019 /home/travis/build/icyphy/ptII/ptolemy/actor/lib/test/auto/arrayType18.xml
----------------- Instantiating /home/travis/build/icyphy/ptII/ptolemy/actor/lib/test/auto/arrayType18.xml
1 ms. Memory: 658432K Free: 410110K (62%)
----------------- Invoking toplevel() on ptolemy.moml.MoMLSimpleApplication@5ac5e10a
----------------- Done invoking toplevel() on ptolemy.moml.MoMLSimpleApplication@5ac5e10a
reloadAllAccessors: .arrayType18

===========================================================================================
----------------- testing Thu Oct 10 22:30:40 UTC 2019 /home/travis/build/icyphy/ptII/ptolemy/actor/lib/test/auto/arrayType19.xml
----------------- Instantiating /home/travis/build/icyphy/ptII/ptolemy/actor/lib/test/auto/arrayType19.xml
1 ms. Memory: 658432K Free: 405504K (62%)
----------------- Invoking toplevel() on ptolemy.moml.MoMLSimpleApplication@795f0071
----------------- Done invoking toplevel() on ptolemy.moml.MoMLSimpleApplication@795f0071
reloadAllAccessors: .arrayType19

===========================================================================================
----------------- testing Thu Oct 10 22:30:40 UTC 2019 /home/travis/build/icyphy/ptII/ptolemy/actor/lib/test/auto/arrayType2.xml
----------------- Instantiating /home/travis/build/icyphy/ptII/ptolemy/actor/lib/test/auto/arrayType2.xml
2 ms. Memory: 658432K Free: 399870K (61%)
----------------- Invoking toplevel() on ptolemy.moml.MoMLSimpleApplication@71d50079
----------------- Done invoking toplevel() on ptolemy.moml.MoMLSimpleApplication@71d50079
reloadAllAccessors: .arrayType2

===========================================================================================
----------------- testing Thu Oct 10 22:30:40 UTC 2019 /home/travis/build/icyphy/ptII/ptolemy/actor/lib/test/auto/arrayType20.xml
----------------- Instantiating /home/travis/build/icyphy/ptII/ptolemy/actor/lib/test/auto/arrayType20.xml
1 ms. Memory: 658432K Free: 395264K (60%)
----------------- Invoking toplevel() on ptolemy.moml.MoMLSimpleApplication@a479613
----------------- Done invoking toplevel() on ptolemy.moml.MoMLSimpleApplication@a479613
reloadAllAccessors: .arrayType20

===========================================================================================
----------------- testing Thu Oct 10 22:30:40 UTC 2019 /home/travis/build/icyphy/ptII/ptolemy/actor/lib/test/auto/arrayType21.xml
----------------- Instantiating /home/travis/build/icyphy/ptII/ptolemy/actor/lib/test/auto/arrayType21.xml
1 ms. Memory: 658432K Free: 390654K (59%)
----------------- Invoking toplevel() on ptolemy.moml.MoMLSimpleApplication@49970e28
----------------- Done invoking toplevel() on ptolemy.moml.MoMLSimpleApplication@49970e28
reloadAllAccessors: .arrayType21

===========================================================================================
----------------- testing Thu Oct 10 22:30:40 UTC 2019 /home/travis/build/icyphy/ptII/ptolemy/actor/lib/test/auto/arrayType22.xml
----------------- Instantiating /home/travis/build/icyphy/ptII/ptolemy/actor/lib/test/auto/arrayType22.xml
1 ms. Memory: 658432K Free: 386048K (59%)
----------------- Invoking toplevel() on ptolemy.moml.MoMLSimpleApplication@17beb4d4
----------------- Done invoking toplevel() on ptolemy.moml.MoMLSimpleApplication@17beb4d4
reloadAllAccessors: .arrayType22

===========================================================================================
----------------- testing Thu Oct 10 22:30:40 UTC 2019 /home/travis/build/icyphy/ptII/ptolemy/actor/lib/test/auto/arrayType23.xml
----------------- Instantiating /home/travis/build/icyphy/ptII/ptolemy/actor/lib/test/auto/arrayType23.xml
1 ms. Memory: 658432K Free: 380928K (58%)
----------------- Invoking toplevel() on ptolemy.moml.MoMLSimpleApplication@58e68722
----------------- Done invoking toplevel() on ptolemy.moml.MoMLSimpleApplication@58e68722
reloadAllAccessors: .arrayType23

===========================================================================================
----------------- testing Thu Oct 10 22:30:40 UTC 2019 /home/travis/build/icyphy/ptII/ptolemy/actor/lib/test/auto/arrayType24.xml
----------------- Instantiating /home/travis/build/icyphy/ptII/ptolemy/actor/lib/test/auto/arrayType24.xml
5 ms. Memory: 658432K Free: 376318K (57%)
----------------- Invoking toplevel() on ptolemy.moml.MoMLSimpleApplication@2eb25eb2
----------------- Done invoking toplevel() on ptolemy.moml.MoMLSimpleApplication@2eb25eb2
reloadAllAccessors: .arrayType24

===========================================================================================
----------------- testing Thu Oct 10 22:30:40 UTC 2019 /home/travis/build/icyphy/ptII/ptolemy/actor/lib/test/auto/arrayType25.xml
----------------- Instantiating /home/travis/build/icyphy/ptII/ptolemy/actor/lib/test/auto/arrayType25.xml
1 ms. Memory: 658432K Free: 370688K (56%)
----------------- Invoking toplevel() on ptolemy.moml.MoMLSimpleApplication@45cecfdb
----------------- Done invoking toplevel() on ptolemy.moml.MoMLSimpleApplication@45cecfdb
reloadAllAccessors: .arrayType25

===========================================================================================
----------------- testing Thu Oct 10 22:30:40 UTC 2019 /home/travis/build/icyphy/ptII/ptolemy/actor/lib/test/auto/arrayType26.xml
----------------- Instantiating /home/travis/build/icyphy/ptII/ptolemy/actor/lib/test/auto/arrayType26.xml
1 ms. Memory: 658432K Free: 365568K (56%)
----------------- Invoking toplevel() on ptolemy.moml.MoMLSimpleApplication@56eee43
----------------- Done invoking toplevel() on ptolemy.moml.MoMLSimpleApplication@56eee43
reloadAllAccessors: .arrayType26

===========================================================================================
----------------- testing Thu Oct 10 22:30:40 UTC 2019 /home/travis/build/icyphy/ptII/ptolemy/actor/lib/test/auto/arrayType27.xml
----------------- Instantiating /home/travis/build/icyphy/ptII/ptolemy/actor/lib/test/auto/arrayType27.xml
3 ms. Memory: 658432K Free: 359934K (55%)
----------------- Invoking toplevel() on ptolemy.moml.MoMLSimpleApplication@3c2df5f5
----------------- Done invoking toplevel() on ptolemy.moml.MoMLSimpleApplication@3c2df5f5
reloadAllAccessors: .arrayType27

===========================================================================================
----------------- testing Thu Oct 10 22:30:40 UTC 2019 /home/travis/build/icyphy/ptII/ptolemy/actor/lib/test/auto/arrayType28.xml
----------------- Instantiating /home/travis/build/icyphy/ptII/ptolemy/actor/lib/test/auto/arrayType28.xml
1 ms. Memory: 658432K Free: 354814K (54%)
----------------- Invoking toplevel() on ptolemy.moml.MoMLSimpleApplication@896562
----------------- Done invoking toplevel() on ptolemy.moml.MoMLSimpleApplication@896562
reloadAllAccessors: .arrayType28

===========================================================================================
----------------- testing Thu Oct 10 22:30:40 UTC 2019 /home/travis/build/icyphy/ptII/ptolemy/actor/lib/test/auto/arrayType3.xml
----------------- Instantiating /home/travis/build/icyphy/ptII/ptolemy/actor/lib/test/auto/arrayType3.xml
1 ms. Memory: 658432K Free: 349694K (53%)
----------------- Invoking toplevel() on ptolemy.moml.MoMLSimpleApplication@7c7144b4
----------------- Done invoking toplevel() on ptolemy.moml.MoMLSimpleApplication@7c7144b4
reloadAllAccessors: .arrayType3

===========================================================================================
----------------- testing Thu Oct 10 22:30:40 UTC 2019 /home/travis/build/icyphy/ptII/ptolemy/actor/lib/test/auto/arrayType4.xml
----------------- Instantiating /home/travis/build/icyphy/ptII/ptolemy/actor/lib/test/auto/arrayType4.xml
1 ms. Memory: 658432K Free: 344574K (52%)
----------------- Invoking toplevel() on ptolemy.moml.MoMLSimpleApplication@6253c583
----------------- Done invoking toplevel() on ptolemy.moml.MoMLSimpleApplication@6253c583
reloadAllAccessors: .arrayType4

===========================================================================================
----------------- testing Thu Oct 10 22:30:40 UTC 2019 /home/travis/build/icyphy/ptII/ptolemy/actor/lib/test/auto/arrayType5.xml
----------------- Instantiating /home/travis/build/icyphy/ptII/ptolemy/actor/lib/test/auto/arrayType5.xml
2 ms. Memory: 658432K Free: 338944K (51%)
----------------- Invoking toplevel() on ptolemy.moml.MoMLSimpleApplication@442f949c
----------------- Done invoking toplevel() on ptolemy.moml.MoMLSimpleApplication@442f949c
reloadAllAccessors: .arrayType5

===========================================================================================
----------------- testing Thu Oct 10 22:30:40 UTC 2019 /home/travis/build/icyphy/ptII/ptolemy/actor/lib/test/auto/arrayType6.xml
----------------- Instantiating /home/travis/build/icyphy/ptII/ptolemy/actor/lib/test/auto/arrayType6.xml
1 ms. Memory: 658432K Free: 334334K (51%)
----------------- Invoking toplevel() on ptolemy.moml.MoMLSimpleApplication@78ac085e
----------------- Done invoking toplevel() on ptolemy.moml.MoMLSimpleApplication@78ac085e
reloadAllAccessors: .arrayType6

===========================================================================================
----------------- testing Thu Oct 10 22:30:40 UTC 2019 /home/travis/build/icyphy/ptII/ptolemy/actor/lib/test/auto/arrayType7.xml
----------------- Instantiating /home/travis/build/icyphy/ptII/ptolemy/actor/lib/test/auto/arrayType7.xml
2 ms. Memory: 658432K Free: 329728K (50%)
----------------- Invoking toplevel() on ptolemy.moml.MoMLSimpleApplication@c3db4d2
----------------- Done invoking toplevel() on ptolemy.moml.MoMLSimpleApplication@c3db4d2
reloadAllAccessors: .arrayType7

===========================================================================================
----------------- testing Thu Oct 10 22:30:40 UTC 2019 /home/travis/build/icyphy/ptII/ptolemy/actor/lib/test/auto/arrayType8.xml
----------------- Instantiating /home/travis/build/icyphy/ptII/ptolemy/actor/lib/test/auto/arrayType8.xml
6 ms. Memory: 658432K Free: 325118K (49%)
----------------- Invoking toplevel() on ptolemy.moml.MoMLSimpleApplication@10eaf239
----------------- Done invoking toplevel() on ptolemy.moml.MoMLSimpleApplication@10eaf239
reloadAllAccessors: .arrayType8

===========================================================================================
----------------- testing Thu Oct 10 22:30:40 UTC 2019 /home/travis/build/icyphy/ptII/ptolemy/actor/lib/test/auto/arrayType9.xml
----------------- Instantiating /home/travis/build/icyphy/ptII/ptolemy/actor/lib/test/auto/arrayType9.xml
1 ms. Memory: 658432K Free: 319998K (49%)
----------------- Invoking toplevel() on ptolemy.moml.MoMLSimpleApplication@8ccc8ae
----------------- Done invoking toplevel() on ptolemy.moml.MoMLSimpleApplication@8ccc8ae
reloadAllAccessors: .arrayType9

===========================================================================================
----------------- testing Thu Oct 10 22:30:40 UTC 2019 /home/travis/build/icyphy/ptII/ptolemy/actor/lib/test/auto/cast.xml
----------------- Instantiating /home/travis/build/icyphy/ptII/ptolemy/actor/lib/test/auto/cast.xml
3 ms. Memory: 658432K Free: 315392K (48%)
----------------- Invoking toplevel() on ptolemy.moml.MoMLSimpleApplication@60d35358
----------------- Done invoking toplevel() on ptolemy.moml.MoMLSimpleApplication@60d35358
reloadAllAccessors: .cast

===========================================================================================
----------------- testing Thu Oct 10 22:30:40 UTC 2019 /home/travis/build/icyphy/ptII/ptolemy/actor/lib/test/auto/compositeMultiPort.xml
----------------- Instantiating /home/travis/build/icyphy/ptII/ptolemy/actor/lib/test/auto/compositeMultiPort.xml
4 ms. Memory: 658432K Free: 306671K (47%)
----------------- Invoking toplevel() on ptolemy.moml.MoMLSimpleApplication@310be20a
----------------- Done invoking toplevel() on ptolemy.moml.MoMLSimpleApplication@310be20a
reloadAllAccessors: .compositeMultiPort

===========================================================================================
----------------- testing Thu Oct 10 22:30:40 UTC 2019 /home/travis/build/icyphy/ptII/ptolemy/actor/lib/test/auto/expressionCastInference.xml
----------------- Instantiating /home/travis/build/icyphy/ptII/ptolemy/actor/lib/test/auto/expressionCastInference.xml
2 ms. Memory: 658432K Free: 302080K (46%)
----------------- Invoking toplevel() on ptolemy.moml.MoMLSimpleApplication@c92fd16
----------------- Done invoking toplevel() on ptolemy.moml.MoMLSimpleApplication@c92fd16
reloadAllAccessors: .expressionCastInference

===========================================================================================
----------------- testing Thu Oct 10 22:30:40 UTC 2019 /home/travis/build/icyphy/ptII/ptolemy/actor/lib/test/auto/expressionCastInference2.xml
----------------- Instantiating /home/travis/build/icyphy/ptII/ptolemy/actor/lib/test/auto/expressionCastInference2.xml
1 ms. Memory: 658432K Free: 296960K (45%)
----------------- Invoking toplevel() on ptolemy.moml.MoMLSimpleApplication@5f0a72e2
----------------- Done invoking toplevel() on ptolemy.moml.MoMLSimpleApplication@5f0a72e2
reloadAllAccessors: .expressionCastInference2

===========================================================================================
----------------- testing Thu Oct 10 22:30:40 UTC 2019 /home/travis/build/icyphy/ptII/ptolemy/actor/lib/test/auto/expressionInference.xml
----------------- Instantiating /home/travis/build/icyphy/ptII/ptolemy/actor/lib/test/auto/expressionInference.xml
1 ms. Memory: 658432K Free: 292864K (44%)
----------------- Invoking toplevel() on ptolemy.moml.MoMLSimpleApplication@2a1cd470
----------------- Done invoking toplevel() on ptolemy.moml.MoMLSimpleApplication@2a1cd470
reloadAllAccessors: .expressionInference

===========================================================================================
----------------- testing Thu Oct 10 22:30:40 UTC 2019 /home/travis/build/icyphy/ptII/ptolemy/actor/lib/test/auto/expression_bug.xml
----------------- Instantiating /home/travis/build/icyphy/ptII/ptolemy/actor/lib/test/auto/expression_bug.xml
1 ms. Memory: 658432K Free: 288254K (44%)
----------------- Invoking toplevel() on ptolemy.moml.MoMLSimpleApplication@2151037c
----------------- Done invoking toplevel() on ptolemy.moml.MoMLSimpleApplication@2151037c
reloadAllAccessors: .expression_bug

===========================================================================================
----------------- testing Thu Oct 10 22:30:40 UTC 2019 /home/travis/build/icyphy/ptII/ptolemy/actor/lib/test/auto/factorial.xml
----------------- Instantiating /home/travis/build/icyphy/ptII/ptolemy/actor/lib/test/auto/factorial.xml
39 ms. Memory: 658432K Free: 279552K (42%)
----------------- Invoking toplevel() on ptolemy.moml.MoMLSimpleApplication@34e0d01a
----------------- Done invoking toplevel() on ptolemy.moml.MoMLSimpleApplication@34e0d01a
reloadAllAccessors: .factorial

===========================================================================================
----------------- testing Thu Oct 10 22:30:40 UTC 2019 /home/travis/build/icyphy/ptII/ptolemy/actor/lib/test/auto/filterTest1.xml
----------------- Instantiating /home/travis/build/icyphy/ptII/ptolemy/actor/lib/test/auto/filterTest1.xml
3 ms. Memory: 658432K Free: 273903K (42%)
----------------- Invoking toplevel() on ptolemy.moml.MoMLSimpleApplication@4fb9fa0
----------------- Done invoking toplevel() on ptolemy.moml.MoMLSimpleApplication@4fb9fa0
reloadAllAccessors: .filterTest1

===========================================================================================
----------------- testing Thu Oct 10 22:30:40 UTC 2019 /home/travis/build/icyphy/ptII/ptolemy/actor/lib/test/auto/funcApplyInConst.xml
----------------- Instantiating /home/travis/build/icyphy/ptII/ptolemy/actor/lib/test/auto/funcApplyInConst.xml
1 ms. Memory: 658432K Free: 270336K (41%)
----------------- Invoking toplevel() on ptolemy.moml.MoMLSimpleApplication@6248e2a9
----------------- Done invoking toplevel() on ptolemy.moml.MoMLSimpleApplication@6248e2a9
reloadAllAccessors: .funcApplyInConst

===========================================================================================
----------------- testing Thu Oct 10 22:30:40 UTC 2019 /home/travis/build/icyphy/ptII/ptolemy/actor/lib/test/auto/funcApplyInExpr.xml
----------------- Instantiating /home/travis/build/icyphy/ptII/ptolemy/actor/lib/test/auto/funcApplyInExpr.xml
1 ms. Memory: 658432K Free: 266750K (41%)
----------------- Invoking toplevel() on ptolemy.moml.MoMLSimpleApplication@574c8f8d
----------------- Done invoking toplevel() on ptolemy.moml.MoMLSimpleApplication@574c8f8d
reloadAllAccessors: .funcApplyInExpr

===========================================================================================
----------------- testing Thu Oct 10 22:30:40 UTC 2019 /home/travis/build/icyphy/ptII/ptolemy/actor/lib/test/auto/function.xml
----------------- Instantiating /home/travis/build/icyphy/ptII/ptolemy/actor/lib/test/auto/function.xml
1 ms. Memory: 658432K Free: 261630K (40%)
----------------- Invoking toplevel() on ptolemy.moml.MoMLSimpleApplication@65ce2c0
----------------- Done invoking toplevel() on ptolemy.moml.MoMLSimpleApplication@65ce2c0
reloadAllAccessors: .function

===========================================================================================
----------------- testing Thu Oct 10 22:30:40 UTC 2019 /home/travis/build/icyphy/ptII/ptolemy/actor/lib/test/auto/function2.xml
----------------- Instantiating /home/travis/build/icyphy/ptII/ptolemy/actor/lib/test/auto/function2.xml
3 ms. Memory: 658432K Free: 257024K (39%)
----------------- Invoking toplevel() on ptolemy.moml.MoMLSimpleApplication@4b656408
----------------- Done invoking toplevel() on ptolemy.moml.MoMLSimpleApplication@4b656408
reloadAllAccessors: .function2

===========================================================================================
----------------- testing Thu Oct 10 22:30:40 UTC 2019 /home/travis/build/icyphy/ptII/ptolemy/actor/lib/test/auto/function3.xml
----------------- Instantiating /home/travis/build/icyphy/ptII/ptolemy/actor/lib/test/auto/function3.xml
2 ms. Memory: 658432K Free: 253438K (38%)
----------------- Invoking toplevel() on ptolemy.moml.MoMLSimpleApplication@10351ea1
----------------- Done invoking toplevel() on ptolemy.moml.MoMLSimpleApplication@10351ea1
reloadAllAccessors: .function3

===========================================================================================
----------------- testing Thu Oct 10 22:30:40 UTC 2019 /home/travis/build/icyphy/ptII/ptolemy/actor/lib/test/auto/functionClosureTest1.xml
----------------- Instantiating /home/travis/build/icyphy/ptII/ptolemy/actor/lib/test/auto/functionClosureTest1.xml
1 ms. Memory: 658432K Free: 247294K (38%)
----------------- Invoking toplevel() on ptolemy.moml.MoMLSimpleApplication@3a0e9292
----------------- Done invoking toplevel() on ptolemy.moml.MoMLSimpleApplication@3a0e9292
reloadAllAccessors: .functionClosureTest1

===========================================================================================
----------------- testing Thu Oct 10 22:30:40 UTC 2019 /home/travis/build/icyphy/ptII/ptolemy/actor/lib/test/auto/functionClosureTest2.xml
----------------- Instantiating /home/travis/build/icyphy/ptII/ptolemy/actor/lib/test/auto/functionClosureTest2.xml
1 ms. Memory: 658432K Free: 243712K (37%)
----------------- Invoking toplevel() on ptolemy.moml.MoMLSimpleApplication@1f03928d
----------------- Done invoking toplevel() on ptolemy.moml.MoMLSimpleApplication@1f03928d
reloadAllAccessors: .functionClosureTest2

===========================================================================================
----------------- testing Thu Oct 10 22:30:40 UTC 2019 /home/travis/build/icyphy/ptII/ptolemy/actor/lib/test/auto/functionClosureTest3.xml
----------------- Instantiating /home/travis/build/icyphy/ptII/ptolemy/actor/lib/test/auto/functionClosureTest3.xml
2 ms. Memory: 658432K Free: 238592K (36%)
----------------- Invoking toplevel() on ptolemy.moml.MoMLSimpleApplication@463b8c63
----------------- Done invoking toplevel() on ptolemy.moml.MoMLSimpleApplication@463b8c63
reloadAllAccessors: .functionClosureTest3

===========================================================================================
----------------- testing Thu Oct 10 22:30:40 UTC 2019 /home/travis/build/icyphy/ptII/ptolemy/actor/lib/test/auto/functionClosureTest4.xml
----------------- Instantiating /home/travis/build/icyphy/ptII/ptolemy/actor/lib/test/auto/functionClosureTest4.xml
4 ms. Memory: 658432K Free: 232448K (35%)
----------------- Invoking toplevel() on ptolemy.moml.MoMLSimpleApplication@202fe1f6
----------------- Done invoking toplevel() on ptolemy.moml.MoMLSimpleApplication@202fe1f6
reloadAllAccessors: .functionClosureTest4

===========================================================================================
----------------- testing Thu Oct 10 22:30:40 UTC 2019 /home/travis/build/icyphy/ptII/ptolemy/actor/lib/test/auto/functionClosureTest5.xml
----------------- Instantiating /home/travis/build/icyphy/ptII/ptolemy/actor/lib/test/auto/functionClosureTest5.xml
3 ms. Memory: 658432K Free: 226799K (34%)
----------------- Invoking toplevel() on ptolemy.moml.MoMLSimpleApplication@428b926
----------------- Done invoking toplevel() on ptolemy.moml.MoMLSimpleApplication@428b926
reloadAllAccessors: .functionClosureTest5

===========================================================================================
----------------- testing Thu Oct 10 22:30:40 UTC 2019 /home/travis/build/icyphy/ptII/ptolemy/actor/lib/test/auto/functionClosureTest6.xml
----------------- Instantiating /home/travis/build/icyphy/ptII/ptolemy/actor/lib/test/auto/functionClosureTest6.xml
2 ms. Memory: 658432K Free: 606208K (92%)
----------------- Invoking toplevel() on ptolemy.moml.MoMLSimpleApplication@a7b5978
----------------- Done invoking toplevel() on ptolemy.moml.MoMLSimpleApplication@a7b5978
reloadAllAccessors: .functionClosureTest6

===========================================================================================
----------------- testing Thu Oct 10 22:30:40 UTC 2019 /home/travis/build/icyphy/ptII/ptolemy/actor/lib/test/auto/functionsOnArcs.xml
----------------- Instantiating /home/travis/build/icyphy/ptII/ptolemy/actor/lib/test/auto/functionsOnArcs.xml
3 ms. Memory: 658432K Free: 600574K (91%)
----------------- Invoking toplevel() on ptolemy.moml.MoMLSimpleApplication@78aaefab
----------------- Done invoking toplevel() on ptolemy.moml.MoMLSimpleApplication@78aaefab
reloadAllAccessors: .functionsOnArcs

===========================================================================================
----------------- testing Thu Oct 10 22:30:40 UTC 2019 /home/travis/build/icyphy/ptII/ptolemy/actor/lib/test/auto/functionsOnArcsHOF.xml
----------------- Instantiating /home/travis/build/icyphy/ptII/ptolemy/actor/lib/test/auto/functionsOnArcsHOF.xml
3 ms. Memory: 658432K Free: 594944K (90%)
----------------- Invoking toplevel() on ptolemy.moml.MoMLSimpleApplication@51aa6670
----------------- Done invoking toplevel() on ptolemy.moml.MoMLSimpleApplication@51aa6670
reloadAllAccessors: .functionsOnArcsHOF

===========================================================================================
----------------- testing Thu Oct 10 22:30:40 UTC 2019 /home/travis/build/icyphy/ptII/ptolemy/actor/lib/test/auto/logic.xml
----------------- Instantiating /home/travis/build/icyphy/ptII/ptolemy/actor/lib/test/auto/logic.xml
2 ms. Memory: 658432K Free: 587776K (89%)
----------------- Invoking toplevel() on ptolemy.moml.MoMLSimpleApplication@771933be
----------------- Done invoking toplevel() on ptolemy.moml.MoMLSimpleApplication@771933be
reloadAllAccessors: .logic

===========================================================================================
----------------- testing Thu Oct 10 22:30:40 UTC 2019 /home/travis/build/icyphy/ptII/ptolemy/actor/lib/test/auto/matrixType.xml
----------------- Instantiating /home/travis/build/icyphy/ptII/ptolemy/actor/lib/test/auto/matrixType.xml
1 ms. Memory: 658432K Free: 582142K (88%)
----------------- Invoking toplevel() on ptolemy.moml.MoMLSimpleApplication@4846e81e
----------------- Done invoking toplevel() on ptolemy.moml.MoMLSimpleApplication@4846e81e
reloadAllAccessors: .matrixType

===========================================================================================
----------------- testing Thu Oct 10 22:30:40 UTC 2019 /home/travis/build/icyphy/ptII/ptolemy/actor/lib/test/auto/matrixType10.xml
----------------- Instantiating /home/travis/build/icyphy/ptII/ptolemy/actor/lib/test/auto/matrixType10.xml
2 ms. Memory: 658432K Free: 577536K (88%)
----------------- Invoking toplevel() on ptolemy.moml.MoMLSimpleApplication@5cddc747
----------------- Done invoking toplevel() on ptolemy.moml.MoMLSimpleApplication@5cddc747
reloadAllAccessors: .matrixType10

===========================================================================================
----------------- testing Thu Oct 10 22:30:40 UTC 2019 /home/travis/build/icyphy/ptII/ptolemy/actor/lib/test/auto/matrixType11.xml
----------------- Instantiating /home/travis/build/icyphy/ptII/ptolemy/actor/lib/test/auto/matrixType11.xml
1 ms. Memory: 658432K Free: 572926K (87%)
----------------- Invoking toplevel() on ptolemy.moml.MoMLSimpleApplication@fc10cc5
----------------- Done invoking toplevel() on ptolemy.moml.MoMLSimpleApplication@fc10cc5
reloadAllAccessors: .matrixType11

===========================================================================================
----------------- testing Thu Oct 10 22:30:40 UTC 2019 /home/travis/build/icyphy/ptII/ptolemy/actor/lib/test/auto/matrixType12.xml
----------------- Instantiating /home/travis/build/icyphy/ptII/ptolemy/actor/lib/test/auto/matrixType12.xml
2 ms. Memory: 658432K Free: 567806K (86%)
----------------- Invoking toplevel() on ptolemy.moml.MoMLSimpleApplication@e74a623
----------------- Done invoking toplevel() on ptolemy.moml.MoMLSimpleApplication@e74a623
reloadAllAccessors: .matrixType12

===========================================================================================
----------------- testing Thu Oct 10 22:30:40 UTC 2019 /home/travis/build/icyphy/ptII/ptolemy/actor/lib/test/auto/matrixType13.xml
----------------- Instantiating /home/travis/build/icyphy/ptII/ptolemy/actor/lib/test/auto/matrixType13.xml
1 ms. Memory: 658432K Free: 563200K (86%)
----------------- Invoking toplevel() on ptolemy.moml.MoMLSimpleApplication@33a3876e
----------------- Done invoking toplevel() on ptolemy.moml.MoMLSimpleApplication@33a3876e
reloadAllAccessors: .matrixType13

===========================================================================================
----------------- testing Thu Oct 10 22:30:40 UTC 2019 /home/travis/build/icyphy/ptII/ptolemy/actor/lib/test/auto/matrixType14.xml
----------------- Instantiating /home/travis/build/icyphy/ptII/ptolemy/actor/lib/test/auto/matrixType14.xml
1 ms. Memory: 658432K Free: 558590K (85%)
----------------- Invoking toplevel() on ptolemy.moml.MoMLSimpleApplication@7a6e1d5e
----------------- Done invoking toplevel() on ptolemy.moml.MoMLSimpleApplication@7a6e1d5e
reloadAllAccessors: .matrixType14

===========================================================================================
----------------- testing Thu Oct 10 22:30:40 UTC 2019 /home/travis/build/icyphy/ptII/ptolemy/actor/lib/test/auto/matrixType2.xml
----------------- Instantiating /home/travis/build/icyphy/ptII/ptolemy/actor/lib/test/auto/matrixType2.xml
1 ms. Memory: 658432K Free: 553470K (84%)
----------------- Invoking toplevel() on ptolemy.moml.MoMLSimpleApplication@7a456ebc
----------------- Done invoking toplevel() on ptolemy.moml.MoMLSimpleApplication@7a456ebc
reloadAllAccessors: .matrixType2

===========================================================================================
----------------- testing Thu Oct 10 22:30:40 UTC 2019 /home/travis/build/icyphy/ptII/ptolemy/actor/lib/test/auto/matrixType3.xml
----------------- Instantiating /home/travis/build/icyphy/ptII/ptolemy/actor/lib/test/auto/matrixType3.xml
1 ms. Memory: 658432K Free: 548864K (83%)
----------------- Invoking toplevel() on ptolemy.moml.MoMLSimpleApplication@6cb19ef
----------------- Done invoking toplevel() on ptolemy.moml.MoMLSimpleApplication@6cb19ef
reloadAllAccessors: .matrixType3

===========================================================================================
----------------- testing Thu Oct 10 22:30:40 UTC 2019 /home/travis/build/icyphy/ptII/ptolemy/actor/lib/test/auto/matrixType4.xml
----------------- Instantiating /home/travis/build/icyphy/ptII/ptolemy/actor/lib/test/auto/matrixType4.xml
4 ms. Memory: 658432K Free: 543744K (83%)
----------------- Invoking toplevel() on ptolemy.moml.MoMLSimpleApplication@7bac31e4
----------------- Done invoking toplevel() on ptolemy.moml.MoMLSimpleApplication@7bac31e4
reloadAllAccessors: .matrixType4

===========================================================================================
----------------- testing Thu Oct 10 22:30:40 UTC 2019 /home/travis/build/icyphy/ptII/ptolemy/actor/lib/test/auto/matrixType5.xml
----------------- Instantiating /home/travis/build/icyphy/ptII/ptolemy/actor/lib/test/auto/matrixType5.xml
2 ms. Memory: 658432K Free: 539134K (82%)
----------------- Invoking toplevel() on ptolemy.moml.MoMLSimpleApplication@2e8bd8a7
----------------- Done invoking toplevel() on ptolemy.moml.MoMLSimpleApplication@2e8bd8a7
reloadAllAccessors: .matrixType5

===========================================================================================
----------------- testing Thu Oct 10 22:30:40 UTC 2019 /home/travis/build/icyphy/ptII/ptolemy/actor/lib/test/auto/matrixType6.xml
----------------- Instantiating /home/travis/build/icyphy/ptII/ptolemy/actor/lib/test/auto/matrixType6.xml
1 ms. Memory: 658432K Free: 534528K (81%)
----------------- Invoking toplevel() on ptolemy.moml.MoMLSimpleApplication@1f6c6ee7
----------------- Done invoking toplevel() on ptolemy.moml.MoMLSimpleApplication@1f6c6ee7
reloadAllAccessors: .matrixType6

===========================================================================================
----------------- testing Thu Oct 10 22:30:40 UTC 2019 /home/travis/build/icyphy/ptII/ptolemy/actor/lib/test/auto/matrixType7.xml
----------------- Instantiating /home/travis/build/icyphy/ptII/ptolemy/actor/lib/test/auto/matrixType7.xml
1 ms. Memory: 658432K Free: 529408K (80%)
----------------- Invoking toplevel() on ptolemy.moml.MoMLSimpleApplication@4330a038
----------------- Done invoking toplevel() on ptolemy.moml.MoMLSimpleApplication@4330a038
reloadAllAccessors: .matrixType7

===========================================================================================
----------------- testing Thu Oct 10 22:30:40 UTC 2019 /home/travis/build/icyphy/ptII/ptolemy/actor/lib/test/auto/matrixType8.xml
----------------- Instantiating /home/travis/build/icyphy/ptII/ptolemy/actor/lib/test/auto/matrixType8.xml
1 ms. Memory: 658432K Free: 524798K (80%)
----------------- Invoking toplevel() on ptolemy.moml.MoMLSimpleApplication@f923bf3
----------------- Done invoking toplevel() on ptolemy.moml.MoMLSimpleApplication@f923bf3
reloadAllAccessors: .matrixType8

===========================================================================================
----------------- testing Thu Oct 10 22:30:40 UTC 2019 /home/travis/build/icyphy/ptII/ptolemy/actor/lib/test/auto/matrixType9.xml
----------------- Instantiating /home/travis/build/icyphy/ptII/ptolemy/actor/lib/test/auto/matrixType9.xml
1 ms. Memory: 658432K Free: 520192K (79%)
----------------- Invoking toplevel() on ptolemy.moml.MoMLSimpleApplication@14d6b82c
----------------- Done invoking toplevel() on ptolemy.moml.MoMLSimpleApplication@14d6b82c
reloadAllAccessors: .matrixType9

===========================================================================================
----------------- testing Thu Oct 10 22:30:40 UTC 2019 /home/travis/build/icyphy/ptII/ptolemy/actor/lib/test/auto/paraFunctest.xml
----------------- Instantiating /home/travis/build/icyphy/ptII/ptolemy/actor/lib/test/auto/paraFunctest.xml
2 ms. Memory: 658432K Free: 515582K (78%)
----------------- Invoking toplevel() on ptolemy.moml.MoMLSimpleApplication@2258161d
----------------- Done invoking toplevel() on ptolemy.moml.MoMLSimpleApplication@2258161d
reloadAllAccessors: .paraFunctest

===========================================================================================
----------------- testing Thu Oct 10 22:30:40 UTC 2019 /home/travis/build/icyphy/ptII/ptolemy/actor/lib/test/auto/paraFunctest2.xml
----------------- Instantiating /home/travis/build/icyphy/ptII/ptolemy/actor/lib/test/auto/paraFunctest2.xml
1 ms. Memory: 658432K Free: 511486K (78%)
----------------- Invoking toplevel() on ptolemy.moml.MoMLSimpleApplication@671df504
----------------- Done invoking toplevel() on ptolemy.moml.MoMLSimpleApplication@671df504
reloadAllAccessors: .paraFunctest2

===========================================================================================
----------------- testing Thu Oct 10 22:30:40 UTC 2019 /home/travis/build/icyphy/ptII/ptolemy/actor/lib/test/auto/parameterPassing.xml
----------------- Instantiating /home/travis/build/icyphy/ptII/ptolemy/actor/lib/test/auto/parameterPassing.xml
1 ms. Memory: 658432K Free: 507390K (77%)
----------------- Invoking toplevel() on ptolemy.moml.MoMLSimpleApplication@29b051ec
----------------- Done invoking toplevel() on ptolemy.moml.MoMLSimpleApplication@29b051ec
reloadAllAccessors: .parameterPassing

===========================================================================================
----------------- testing Thu Oct 10 22:30:40 UTC 2019 /home/travis/build/icyphy/ptII/ptolemy/actor/lib/test/auto/record.xml
----------------- Instantiating /home/travis/build/icyphy/ptII/ptolemy/actor/lib/test/auto/record.xml
2 ms. Memory: 658432K Free: 502270K (76%)
----------------- Invoking toplevel() on ptolemy.moml.MoMLSimpleApplication@278c5af3
----------------- Done invoking toplevel() on ptolemy.moml.MoMLSimpleApplication@278c5af3
reloadAllAccessors: .record

===========================================================================================
----------------- testing Thu Oct 10 22:30:40 UTC 2019 /home/travis/build/icyphy/ptII/ptolemy/actor/lib/test/auto/sizedarray1.xml
----------------- Instantiating /home/travis/build/icyphy/ptII/ptolemy/actor/lib/test/auto/sizedarray1.xml
1 ms. Memory: 658432K Free: 497150K (76%)
----------------- Invoking toplevel() on ptolemy.moml.MoMLSimpleApplication@1373566b
----------------- Done invoking toplevel() on ptolemy.moml.MoMLSimpleApplication@1373566b
reloadAllAccessors: .sizedarray1

===========================================================================================
----------------- testing Thu Oct 10 22:30:40 UTC 2019 /home/travis/build/icyphy/ptII/ptolemy/actor/lib/test/auto/sizedarray2.xml
----------------- Instantiating /home/travis/build/icyphy/ptII/ptolemy/actor/lib/test/auto/sizedarray2.xml
2 ms. Memory: 658432K Free: 491006K (75%)
----------------- Invoking toplevel() on ptolemy.moml.MoMLSimpleApplication@37c6382
----------------- Done invoking toplevel() on ptolemy.moml.MoMLSimpleApplication@37c6382
reloadAllAccessors: .sizedarray2

===========================================================================================
----------------- testing Thu Oct 10 22:30:40 UTC 2019 /home/travis/build/icyphy/ptII/ptolemy/actor/lib/test/auto/twoPublishers.xml
----------------- Instantiating /home/travis/build/icyphy/ptII/ptolemy/actor/lib/test/auto/twoPublishers.xml
3 ms. Memory: 658432K Free: 480751K (73%)
----------------- Invoking toplevel() on ptolemy.moml.MoMLSimpleApplication@37d9f3dd
----------------- Done invoking toplevel() on ptolemy.moml.MoMLSimpleApplication@37d9f3dd
reloadAllAccessors: .twoPublishers
AutoTests.java: About to close Vertx.
AutoTests.java: Vertx closed.
]]></system-out>
  <system-err><![CDATA[java.lang.RuntimeException: Execution failed
	at ptolemy.moml.MoMLSimpleApplication$UnloadThread.run(MoMLSimpleApplication.java:402)
Caused by: java.lang.RuntimeException: StringUtilities.exit() was called. Normally, we would exit here because Manager.exitAfterWrapup() was called.  However, because the ptolemy.ptII.exitAfterWrapup property is set, we throw this exception instead.
	at ptolemy.util.StringUtilities.exit(StringUtilities.java:365)
	at ptolemy.actor.Manager.wrapup(Manager.java:1549)
	at ptolemy.actor.Manager.execute(Manager.java:407)
	at ptolemy.actor.Manager.run(Manager.java:1263)
	at ptolemy.actor.Manager$PtolemyRunThread.run(Manager.java:1933)
Warning: '.top.test' is in training mode, set the trainingMode parameter to false before checking in
Warning: '.top.test' is in training mode, set the trainingMode parameter to false before checking in
Warning: '.top.test' is in training mode, set the trainingMode parameter to false before checking in
Warning: '.BooleanSwitch_RegressionTest_WrongTrainingValues.Test' is in training mode, set the trainingMode parameter to false before checking in
Warning: '.BooleanSwitch_RegressionTest_WrongTrainingValues.Test2' is in training mode, set the trainingMode parameter to false before checking in
Warning: '.BooleanSwitch_RegressionTest_WrongTrainingValues.Test2' The test produced 0 tokens.
Warning: '.top.testExceptionHandler' is in training mode, set the trainingMode parameter to false before checking in
java.lang.RuntimeException: Execution failed
	at ptolemy.moml.MoMLSimpleApplication$UnloadThread.run(MoMLSimpleApplication.java:402)
Caused by: ptolemy.kernel.util.IllegalActionException: PublisherPorts cannot be used at the top level, use a Publisher actor instead.
  in .PublisherPortToplevelSubscriber.PublisherPort
	at ptolemy.actor.PublisherPort.preinitialize(PublisherPort.java:403)
	at ptolemy.actor.CompositeActor.preinitialize(CompositeActor.java:1769)
	at ptolemy.actor.Manager.preinitializeAndResolveTypes(Manager.java:1040)
	at ptolemy.actor.Manager.initialize(Manager.java:710)
	at ptolemy.actor.Manager.execute(Manager.java:356)
	at ptolemy.actor.Manager.run(Manager.java:1263)
	at ptolemy.actor.Manager$PtolemyRunThread.run(Manager.java:1933)
java.lang.reflect.InvocationTargetException
	at java.base/jdk.internal.reflect.NativeConstructorAccessorImpl.newInstance0(Native Method)
	at java.base/jdk.internal.reflect.NativeConstructorAccessorImpl.newInstance(NativeConstructorAccessorImpl.java:62)
	at java.base/jdk.internal.reflect.DelegatingConstructorAccessorImpl.newInstance(DelegatingConstructorAccessorImpl.java:45)
	at java.base/java.lang.reflect.Constructor.newInstance(Constructor.java:490)
	at ptolemy.util.test.junit.AutoKnownFailedTests.RunModel(AutoKnownFailedTests.java:105)
	at java.base/jdk.internal.reflect.NativeMethodAccessorImpl.invoke0(Native Method)
	at java.base/jdk.internal.reflect.NativeMethodAccessorImpl.invoke(NativeMethodAccessorImpl.java:62)
	at java.base/jdk.internal.reflect.DelegatingMethodAccessorImpl.invoke(DelegatingMethodAccessorImpl.java:43)
	at java.base/java.lang.reflect.Method.invoke(Method.java:566)
	at org.junit.runners.model.FrameworkMethod$1.runReflectiveCall(FrameworkMethod.java:44)
	at org.junit.internal.runners.model.ReflectiveCallable.run(ReflectiveCallable.java:15)
	at org.junit.runners.model.FrameworkMethod.invokeExplosively(FrameworkMethod.java:41)
	at junitparams.internal.InvokeParameterisedMethod.evaluate(InvokeParameterisedMethod.java:102)
	at org.junit.internal.runners.statements.FailOnTimeout$1.run(FailOnTimeout.java:28)
Caused by: ptolemy.kernel.util.IllegalActionException: PublisherPorts cannot be used at the top level, use a Publisher actor instead.
  in .PublisherPortToplevelSubscriber.PublisherPort
	at ptolemy.actor.PublisherPort.preinitialize(PublisherPort.java:403)
	at ptolemy.actor.CompositeActor.preinitialize(CompositeActor.java:1769)
	at ptolemy.actor.Manager.preinitializeAndResolveTypes(Manager.java:1040)
	at ptolemy.actor.Manager.initialize(Manager.java:710)
	at ptolemy.actor.Manager.execute(Manager.java:356)
	at ptolemy.actor.Manager.run(Manager.java:1263)
	at ptolemy.actor.Manager$PtolemyRunThread.run(Manager.java:1933)
java.lang.RuntimeException: Execution failed
	at ptolemy.moml.MoMLSimpleApplication$UnloadThread.run(MoMLSimpleApplication.java:402)
Caused by: ptolemy.kernel.util.IllegalActionException: SubscriberPorts cannot be used at the top level, use a Subscriber actor instead.
  in .PublisherSubscriberPortToplevel.SubscriberPort
	at ptolemy.actor.SubscriberPort.preinitialize(SubscriberPort.java:328)
	at ptolemy.actor.CompositeActor.preinitialize(CompositeActor.java:1769)
	at ptolemy.actor.Manager.preinitializeAndResolveTypes(Manager.java:1040)
	at ptolemy.actor.Manager.initialize(Manager.java:710)
	at ptolemy.actor.Manager.execute(Manager.java:356)
	at ptolemy.actor.Manager.run(Manager.java:1263)
	at ptolemy.actor.Manager$PtolemyRunThread.run(Manager.java:1933)
java.lang.reflect.InvocationTargetException
	at java.base/jdk.internal.reflect.NativeConstructorAccessorImpl.newInstance0(Native Method)
	at java.base/jdk.internal.reflect.NativeConstructorAccessorImpl.newInstance(NativeConstructorAccessorImpl.java:62)
	at java.base/jdk.internal.reflect.DelegatingConstructorAccessorImpl.newInstance(DelegatingConstructorAccessorImpl.java:45)
	at java.base/java.lang.reflect.Constructor.newInstance(Constructor.java:490)
	at ptolemy.util.test.junit.AutoKnownFailedTests.RunModel(AutoKnownFailedTests.java:105)
	at java.base/jdk.internal.reflect.NativeMethodAccessorImpl.invoke0(Native Method)
	at java.base/jdk.internal.reflect.NativeMethodAccessorImpl.invoke(NativeMethodAccessorImpl.java:62)
	at java.base/jdk.internal.reflect.DelegatingMethodAccessorImpl.invoke(DelegatingMethodAccessorImpl.java:43)
	at java.base/java.lang.reflect.Method.invoke(Method.java:566)
	at org.junit.runners.model.FrameworkMethod$1.runReflectiveCall(FrameworkMethod.java:44)
	at org.junit.internal.runners.model.ReflectiveCallable.run(ReflectiveCallable.java:15)
	at org.junit.runners.model.FrameworkMethod.invokeExplosively(FrameworkMethod.java:41)
	at junitparams.internal.InvokeParameterisedMethod.evaluate(InvokeParameterisedMethod.java:102)
	at org.junit.internal.runners.statements.FailOnTimeout$1.run(FailOnTimeout.java:28)
Caused by: ptolemy.kernel.util.IllegalActionException: SubscriberPorts cannot be used at the top level, use a Subscriber actor instead.
  in .PublisherSubscriberPortToplevel.SubscriberPort
	at ptolemy.actor.SubscriberPort.preinitialize(SubscriberPort.java:328)
	at ptolemy.actor.CompositeActor.preinitialize(CompositeActor.java:1769)
	at ptolemy.actor.Manager.preinitializeAndResolveTypes(Manager.java:1040)
	at ptolemy.actor.Manager.initialize(Manager.java:710)
	at ptolemy.actor.Manager.execute(Manager.java:356)
	at ptolemy.actor.Manager.run(Manager.java:1263)
	at ptolemy.actor.Manager$PtolemyRunThread.run(Manager.java:1933)
java.lang.RuntimeException: Execution failed
	at ptolemy.moml.MoMLSimpleApplication$UnloadThread.run(MoMLSimpleApplication.java:402)
Caused by: ptolemy.kernel.util.IllegalActionException: SubscriptionAggregatorPorts cannot be used at the top level, use a SubscriptionAggregator actor instead.
  in .PublisherSubscriptionAggregatorPort.SubscriptionAggregatorPort
	at ptolemy.actor.SubscriptionAggregatorPort.preinitialize(SubscriptionAggregatorPort.java:353)
	at ptolemy.actor.CompositeActor.preinitialize(CompositeActor.java:1769)
	at ptolemy.actor.Manager.preinitializeAndResolveTypes(Manager.java:1040)
	at ptolemy.actor.Manager.initialize(Manager.java:710)
	at ptolemy.actor.Manager.execute(Manager.java:356)
	at ptolemy.actor.Manager.run(Manager.java:1263)
	at ptolemy.actor.Manager$PtolemyRunThread.run(Manager.java:1933)
java.lang.reflect.InvocationTargetException
	at java.base/jdk.internal.reflect.NativeConstructorAccessorImpl.newInstance0(Native Method)
	at java.base/jdk.internal.reflect.NativeConstructorAccessorImpl.newInstance(NativeConstructorAccessorImpl.java:62)
	at java.base/jdk.internal.reflect.DelegatingConstructorAccessorImpl.newInstance(DelegatingConstructorAccessorImpl.java:45)
	at java.base/java.lang.reflect.Constructor.newInstance(Constructor.java:490)
	at ptolemy.util.test.junit.AutoKnownFailedTests.RunModel(AutoKnownFailedTests.java:105)
	at java.base/jdk.internal.reflect.NativeMethodAccessorImpl.invoke0(Native Method)
	at java.base/jdk.internal.reflect.NativeMethodAccessorImpl.invoke(NativeMethodAccessorImpl.java:62)
	at java.base/jdk.internal.reflect.DelegatingMethodAccessorImpl.invoke(DelegatingMethodAccessorImpl.java:43)
	at java.base/java.lang.reflect.Method.invoke(Method.java:566)
	at org.junit.runners.model.FrameworkMethod$1.runReflectiveCall(FrameworkMethod.java:44)
	at org.junit.internal.runners.model.ReflectiveCallable.run(ReflectiveCallable.java:15)
	at org.junit.runners.model.FrameworkMethod.invokeExplosively(FrameworkMethod.java:41)
	at junitparams.internal.InvokeParameterisedMethod.evaluate(InvokeParameterisedMethod.java:102)
	at org.junit.internal.runners.statements.FailOnTimeout$1.run(FailOnTimeout.java:28)
Caused by: ptolemy.kernel.util.IllegalActionException: SubscriptionAggregatorPorts cannot be used at the top level, use a SubscriptionAggregator actor instead.
  in .PublisherSubscriptionAggregatorPort.SubscriptionAggregatorPort
	at ptolemy.actor.SubscriptionAggregatorPort.preinitialize(SubscriptionAggregatorPort.java:353)
	at ptolemy.actor.CompositeActor.preinitialize(CompositeActor.java:1769)
	at ptolemy.actor.Manager.preinitializeAndResolveTypes(Manager.java:1040)
	at ptolemy.actor.Manager.initialize(Manager.java:710)
	at ptolemy.actor.Manager.execute(Manager.java:356)
	at ptolemy.actor.Manager.run(Manager.java:1263)
	at ptolemy.actor.Manager$PtolemyRunThread.run(Manager.java:1933)
java.lang.RuntimeException: Execution failed
	at ptolemy.moml.MoMLSimpleApplication$UnloadThread.run(MoMLSimpleApplication.java:402)
Caused by: ptolemy.kernel.util.IllegalActionException: TypeTest actor has no training data.
  in .sizedarray3.TypeTest
	at ptolemy.actor.lib.TypeTest.initialize(TypeTest.java:250)
	at ptolemy.actor.Director.initialize(Director.java:938)
	at ptolemy.actor.Director.initialize(Director.java:907)
	at ptolemy.actor.sched.StaticSchedulingDirector.initialize(StaticSchedulingDirector.java:159)
	at ptolemy.domains.sdf.kernel.SDFDirector.initialize(SDFDirector.java:544)
	at ptolemy.actor.CompositeActor.initialize(CompositeActor.java:935)
	at ptolemy.actor.Manager.initialize(Manager.java:724)
	at ptolemy.actor.Manager.execute(Manager.java:356)
	at ptolemy.actor.Manager.run(Manager.java:1263)
	at ptolemy.actor.Manager$PtolemyRunThread.run(Manager.java:1933)
java.lang.reflect.InvocationTargetException
	at java.base/jdk.internal.reflect.NativeConstructorAccessorImpl.newInstance0(Native Method)
	at java.base/jdk.internal.reflect.NativeConstructorAccessorImpl.newInstance(NativeConstructorAccessorImpl.java:62)
	at java.base/jdk.internal.reflect.DelegatingConstructorAccessorImpl.newInstance(DelegatingConstructorAccessorImpl.java:45)
	at java.base/java.lang.reflect.Constructor.newInstance(Constructor.java:490)
	at ptolemy.util.test.junit.AutoKnownFailedTests.RunModel(AutoKnownFailedTests.java:105)
	at java.base/jdk.internal.reflect.NativeMethodAccessorImpl.invoke0(Native Method)
	at java.base/jdk.internal.reflect.NativeMethodAccessorImpl.invoke(NativeMethodAccessorImpl.java:62)
	at java.base/jdk.internal.reflect.DelegatingMethodAccessorImpl.invoke(DelegatingMethodAccessorImpl.java:43)
	at java.base/java.lang.reflect.Method.invoke(Method.java:566)
	at org.junit.runners.model.FrameworkMethod$1.runReflectiveCall(FrameworkMethod.java:44)
	at org.junit.internal.runners.model.ReflectiveCallable.run(ReflectiveCallable.java:15)
	at org.junit.runners.model.FrameworkMethod.invokeExplosively(FrameworkMethod.java:41)
	at junitparams.internal.InvokeParameterisedMethod.evaluate(InvokeParameterisedMethod.java:102)
	at org.junit.internal.runners.statements.FailOnTimeout$1.run(FailOnTimeout.java:28)
Caused by: ptolemy.kernel.util.IllegalActionException: TypeTest actor has no training data.
  in .sizedarray3.TypeTest
	at ptolemy.actor.lib.TypeTest.initialize(TypeTest.java:250)
	at ptolemy.actor.Director.initialize(Director.java:938)
	at ptolemy.actor.Director.initialize(Director.java:907)
	at ptolemy.actor.sched.StaticSchedulingDirector.initialize(StaticSchedulingDirector.java:159)
	at ptolemy.domains.sdf.kernel.SDFDirector.initialize(SDFDirector.java:544)
	at ptolemy.actor.CompositeActor.initialize(CompositeActor.java:935)
	at ptolemy.actor.Manager.initialize(Manager.java:724)
	at ptolemy.actor.Manager.execute(Manager.java:356)
	at ptolemy.actor.Manager.run(Manager.java:1263)
	at ptolemy.actor.Manager$PtolemyRunThread.run(Manager.java:1933)
]]></system-err>
</testsuite>
