<?xml version="1.0" encoding="UTF-8" ?>
<testsuite errors="0" failures="0" hostname="travis-job-0ced6a23-4453-473e-9b92-689b8505c686" name="ptolemy.domains.de.test.junit.JUnitTclTest" skipped="0" tests="101" time="135.606" timestamp="2019-07-10T00:49:48">
  <properties>
    <property name="npm.executable" value="npm" />
    <property name="env.TRAVIS_ROOT" value="/" />
    <property name="ptII.mk.exists" value="true" />
    <property name="env.TRAVIS_APP_HOST" value="build.travis-ci.org" />
    <property name="env.rvm_bin_path" value="/home/travis/.rvm/bin" />
    <property name="java.home" value="/usr/local/lib/jvm/openjdk11" />
    <property name="env.TRAVIS_JOB_NUMBER" value="1203.9" />
    <property name="env.TRAVIS_HOME" value="/home/travis" />
    <property name="env.DISPLAY" value=":99.0" />
    <property name="env.TRAVIS_INIT" value="systemd" />
    <property name="env.SSH_TTY" value="/dev/pts/0" />
    <property name="java.net.preferIPv4Stack" value="true" />
    <property name="env.RUN_TESTS" value="true" />
    <property name="timeout.short" value="1000000" />
    <property name="junit.formatter" value="xml" />
    <property name="env.TRAVIS_SUDO" value="true" />
    <property name="env.TRAVIS_JOB_NAME" value="" />
    <property name="env.TRAVIS_STACK_NODE_ATTRIBUTES" value="/.node-attributes.yml" />
    <property name="env.LOGNAME" value="travis" />
    <property name="jsdoc.home" value="node_modules/@terraswarm/jsdoc" />
    <property name="debuglevel" value="source,lines,vars" />
    <property name="checkstyle.formatter" value="xml" />
    <property name="env._system_version" value="16.04" />
    <property name="bin.vergil.makeable" value="true" />
    <property name="sun.os.patch.level" value="unknown" />
    <property name="java.vendor.url" value="http://java.oracle.com/" />
    <property name="env.TRAVIS_BUILD_WEB_URL" value="https://travis-ci.org/icyphy/ptII/builds/556568185" />
    <property name="java.version" value="11.0.2" />
    <property name="env.TZ" value="UTC" />
    <property name="env.PT_NO_NET" value="true" />
    <property name="env.TRAVIS_PULL_REQUEST_SHA" value="" />
    <property name="env.TRAVIS_SECURE_ENV_VARS" value="true" />
    <property name="env._system_type" value="Linux" />
    <property name="java.vendor.url.bug" value="http://bugreport.java.com/bugreport/" />
    <property name="npmjs-org-is-up" value="true" />
    <property name="env.LANGUAGE" value="en_US.UTF-8" />
    <property name="env.SSH_CLIENT" value="10.10.16.127 45412 22" />
    <property name="env.GEM_HOME" value="/home/travis/.rvm/gems/ruby-2.5.3" />
    <property name="env.HAS_ANTARES_THREE_LITTLE_FRONZIES_BADGE" value="true" />
    <property name="java.version.date" value="2019-01-15" />
    <property name="env.PS4" value="+" />
    <property name="ant.project.invoked-targets" value="build,test.core2.xml" />
    <property name="env.TRAVIS_PULL_REQUEST_BRANCH" value="" />
    <property name="env.TRAVIS_REPO_SLUG" value="icyphy/ptII" />
    <property name="env.XDG_DATA_DIRS" value="/usr/local/share:/usr/share:/var/lib/snapd/desktop" />
    <property name="jdk.debug" value="release" />
    <property name="env.TRAVIS_APT_PROXY" value="http://apt.cache.travis-ci.com" />
    <property name="node.in.path" value="true" />
    <property name="user.name" value="travis" />
    <property name="java.maxmemory" value="1400m" />
    <property name="env.RUBY_VERSION" value="ruby-2.5.3" />
    <property name="env.LANG" value="en_US.UTF-8" />
    <property name="sun.io.unicode.encoding" value="UnicodeLittle" />
    <property name="sun.jnu.encoding" value="UTF-8" />
    <property name="java.runtime.name" value="OpenJDK Runtime Environment" />
    <property name="usefile" value="false" />
    <property name="return.code" value="0" />
    <property name="junit.single.formatter" value="plain" />
    <property name="env.DYLD_LIBRARY_PATH" value="/home/travis/pthla/certi-tools/lib:" />
    <property name="env.DEBIAN_FRONTEND" value="noninteractive" />
    <property name="env.SSH_CONNECTION" value="10.10.16.127 45412 10.20.0.38 22" />
    <property name="env.MYSQL_UNIX_PORT" value="/var/run/mysqld/mysqld.sock" />
    <property name="env.LC_ALL" value="en_US.UTF-8" />
    <property name="env.TRAVIS_ALLOW_FAILURE" value="false" />
    <property name="env.TRAVIS_JOB_WEB_URL" value="https://travis-ci.org/icyphy/ptII/jobs/556568194" />
    <property name="java.specification.name" value="Java Platform API Specification" />
    <property name="node.works" value="true" />
    <property name="user.timezone" value="" />
    <property name="path.separator" value=":" />
    <property name="env.TRAVIS_ENABLE_INFRA_DETECTION" value="true" />
    <property name="env.PYTHON_CFLAGS" value="-g -fstack-protector --param=ssp-buffer-size=4 -Wformat -Werror=format-security" />
    <property name="timeout.long" value="4000000" />
    <property name="env.CERTI_HOME" value="/home/travis/pthla/certi-tools" />
    <property name="ant.file.ptII" value="/home/travis/build/icyphy/ptII/build.xml" />
    <property name="javadoc.packagenames" value="com.*,diva.*,lbnl.*,org.hlacerti.*,org.json.*,org.ptolemy.*,org.terraswarm.*,ptolemy.*,ptserver.*" />
    <property name="file.encoding" value="UTF-8" />
    <property name="env.TRAVIS_PULL_REQUEST_SLUG" value="" />
    <property name="ant.project.default-target" value="build" />
    <property name="env.GIT_ASKPASS" value="echo" />
    <property name="env.HOME" value="/home/travis" />
    <property name="sun.java.command" value="org.apache.tools.ant.taskdefs.optional.junit.JUnitTestRunner ptolemy.domains.de.test.junit.JUnitTclTest skipNonTests=false filtertrace=true haltOnError=false haltOnFailure=false formatter=org.apache.tools.ant.taskdefs.optional.junit.OutErrSummaryJUnitResultFormatter showoutput=true outputtoformatters=true logfailedtests=true threadid=0 logtestlistenerevents=false formatter=org.apache.tools.ant.taskdefs.optional.junit.XMLJUnitResultFormatter,/home/travis/build/icyphy/ptII/reports/junit/TEST-ptolemy.domains.de.test.junit.JUnitTclTest.xml crashfile=/home/travis/build/icyphy/ptII/junitvmwatcher9577087303333438994.properties propsfile=/home/travis/build/icyphy/ptII/junit15518333017282479472.properties" />
    <property name="env.COMPOSER_NO_INTERACTION" value="1" />
    <property name="env.MANPATH" value="/home/travis/.nvm/versions/node/v7.10.1/share/man:/home/travis/.rvm/rubies/ruby-2.5.3/share/man:/usr/local/cmake-3.12.4/man:/usr/local/clang-7.0.0/share/man:/usr/local/man:/usr/local/share/man:/usr/share/man:/home/travis/.rvm/man" />
    <property name="env.TRAVIS_TIMER_ID" value="022da8fa" />
    <property name="ant.file" value="/home/travis/build/icyphy/ptII/build.xml" />
    <property name="env.TRAVIS_COMMIT_RANGE" value="4fa9a2ca2fa9...4e78ed00ce48" />
    <property name="env._system_name" value="Ubuntu" />
    <property name="ptII.classpath.optional.property" value="/home/travis/build/icyphy/ptII/lib/bsh-2.0b4.jar:/home/travis/build/icyphy/ptII/lib/ptCal.jar:/home/travis/build/icyphy/ptII/lib/java_cup.jar:/home/travis/build/icyphy/ptII/lib/saxon8.jar:/home/travis/build/icyphy/ptII/lib/saxon8-dom.jar:/home/travis/build/icyphy/ptII/lib/chic.jar:/home/travis/build/icyphy/ptII/lib/ptcolt.jar:/home/travis/build/icyphy/ptII/vendors/misc/itext/iText.jar:/home/travis/build/icyphy/ptII/lib/g4ltl.jar:/home/travis/build/icyphy/ptII/lib/StructuralCoder.jar:/home/travis/build/icyphy/ptII/vendors/jai-1_1_2_01/lib/jai_core.jar:/home/travis/build/icyphy/ptII/vendors/jai-1_1_2_01/lib/jai_codec.jar:/home/travis/build/icyphy/ptII/lib/jcerti.jar:/home/travis/build/icyphy/ptII/lib/javax.mail.jar:/home/travis/build/icyphy/ptII/vendors/JMF-2.1.1e/lib/jmf.jar:/home/travis/build/icyphy/ptII/lib/jna-4.0.0-variadic.jar:/home/travis/build/icyphy/ptII/vendors/misc/joystick/Joystick.jar:/home/travis/build/icyphy/ptII/lib/ptjacl.jar:/home/travis/build/icyphy/ptII/lib/jsoup-1.8.2.jar:/home/travis/build/icyphy/ptII/lib/junit-4.8.2.jar:/home/travis/build/icyphy/ptII/lib/JUnitParams-0.4.0.jar:/home/travis/build/icyphy/ptII/ptolemy/actor/lib/excel/jxl.jar:/home/travis/build/icyphy/ptII/lib/jython.jar:/home/travis/build/icyphy/ptII/lib/kieler.jar:/home/travis/build/icyphy/ptII/vendors/opencv/share/OpenCV/java/opencv-341.jar:/home/travis/build/icyphy/ptII/lib/oscP5.jar:/home/travis/build/icyphy/ptII/lib/nrjavaserial-3.11.0.devel.jar:/home/travis/build/icyphy/ptII/vendors/j3d/lib/j3dcore.jar:/home/travis/build/icyphy/ptII/vendors/j3d/lib/j3dutils.jar:/home/travis/build/icyphy/ptII/vendors/j3d/lib/vecmath.jar:/home/travis/build/icyphy/ptII/ptolemy/distributed/jini/jar/jini-core.jar:/home/travis/build/icyphy/ptII/ptolemy/distributed/jini/jar/jini-ext.jar:/home/travis/build/icyphy/ptII/ptolemy/distributed/jini/jar/sun-util.jar:/home/travis/build/icyphy/ptII/lib/protobuf-java-2.4.1.jar:/home/travis/build/icyphy/ptII/lib/org.eclipse.paho.client.mqttv3.jar:/home/travis/build/icyphy/ptII/lib/mapss.jar:/home/travis/build/icyphy/ptII/ptolemy/actor/ptalon/antlr/antlr.jar:/home/travis/build/icyphy/ptII/lib/JRI.jar:/home/travis/build/icyphy/ptII/lib/commons-lang-2.6.jar:/home/travis/build/icyphy/ptII/lib/commons-logging-1.1.1.jar:/home/travis/build/icyphy/ptII/lib/sootclasses.jar:/home/travis/build/icyphy/ptII/ptolemy/actor/lib/database/mysql-connector-java-5.1.6-bin.jar:/home/travis/build/icyphy/ptII/vendors/misc/sphinx4/sphinx4-data-5prealpha.jar:/home/travis/build/icyphy/ptII/vendors/misc/sphinx4/sphinx4-core-5prealpha.jar:/home/travis/build/icyphy/ptII/lib/PDFRenderer.jar:/home/travis/build/icyphy/ptII/lib/svgSalamander.jar:/home/travis/build/icyphy/ptII/lib/rsyntaxtextarea-2.6.0-SNAPSHOT.jar:/home/travis/build/icyphy/ptII/lib/hazelcast-3.8.2.jar:/home/travis/build/icyphy/ptII/lib/jackson-annotations-2.9.0.jar:/home/travis/build/icyphy/ptII/lib/jackson-core-2.9.3.jar:/home/travis/build/icyphy/ptII/lib/jackson-databind-2.9.3.jar:/home/travis/build/icyphy/ptII/lib/netty-buffer-4.1.19.Final.jar:/home/travis/build/icyphy/ptII/lib/netty-codec-4.1.19.Final.jar:/home/travis/build/icyphy/ptII/lib/netty-codec-dns-4.1.19.Final.jar:/home/travis/build/icyphy/ptII/lib/netty-codec-http-4.1.19.Final.jar:/home/travis/build/icyphy/ptII/lib/netty-codec-http2-4.1.19.Final.jar:/home/travis/build/icyphy/ptII/lib/netty-common-4.1.19.Final.jar:/home/travis/build/icyphy/ptII/lib/netty-handler-4.1.19.Final.jar:/home/travis/build/icyphy/ptII/lib/netty-resolver-4.1.19.Final.jar:/home/travis/build/icyphy/ptII/lib/netty-resolver-dns-4.1.19.Final.jar:/home/travis/build/icyphy/ptII/lib/netty-transport-4.1.19.Final.jar:/home/travis/build/icyphy/ptII/lib/vertx-codegen-3.5.1.jar:/home/travis/build/icyphy/ptII/lib/vertx-core-3.5.2-SNAPSHOT.jar:/home/travis/build/icyphy/ptII/lib/vertx-hazelcast-3.5.1.jar:/home/travis/build/icyphy/ptII/lib/vertx-lang-js-3.5.1.jar:/home/travis/build/icyphy/ptII/lib/vertx-service-proxy-3.5.1.jar:/home/travis/build/icyphy/ptII/lib/vertx-web-3.5.1.jar:/home/travis/build/icyphy/ptII/lib/slf4j-api-1.7.13.jar:/home/travis/build/icyphy/ptII/lib/slf4j-simple-1.7.13.jar:/home/travis/build/icyphy/ptII/lib/webcam-capture-0.3.12.jar:/home/travis/build/icyphy/ptII/lib/bridj-0.7.0.jar:/home/travis/build/icyphy/ptII/lib/xbjlib-1.1.0.nrjavaserial.jar" />
    <property name="timeout" value="2400000" />
    <property name="test.batch" value="**/junit/*.java" />
    <property name="env._" value="/usr/bin/timeout" />
    <property name="java.io.tmpdir" value="/tmp" />
    <property name="user.language" value="en" />
    <property name="env.TRAVIS_INTERNAL_RUBY_REGEX" value="^ruby-(2\.[0-4]\.[0-9]|1\.9\.3)" />
    <property name="env.HISTCONTROL" value="ignoredups:ignorespace" />
    <property name="env.GOROOT" value="/home/travis/.gimme/versions/go1.11.1.linux.amd64" />
    <property name="line.separator" value="&#xa;" />
    <property name="target" value="11" />
    <property name="env.TRAVIS_BUILD_DIR" value="/home/travis/build/icyphy/ptII" />
    <property name="env.ANT_OPTS" value="-Xmx2048m" />
    <property name="ant.file.type" value="file" />
    <property name="ptolemy.ptII.batchMode" value="true" />
    <property name="env.HISTSIZE" value="1000" />
    <property name="env.MERB_ENV" value="test" />
    <property name="java.vm.info" value="mixed mode" />
    <property name="source" value="11" />
    <property name="java.vm.specification.name" value="Java Virtual Machine Specification" />
    <property name="env.TRAVIS_TEST_RESULT" value="0" />
    <property name="jsdoc.command" value="node_modules/@terraswarm/jsdoc/jsdoc.js" />
    <property name="npm.works" value="true" />
    <property name="cobertura.dir" value="/home/travis/build/icyphy/ptII/vendors/cobertura-2.0.3" />
    <property name="jsdoc.command.exists" value="true" />
    <property name="env.rvm_path" value="/home/travis/.rvm" />
    <property name="env.GEM_PATH" value="/home/travis/.rvm/gems/ruby-2.5.3:/home/travis/.rvm/gems/ruby-2.5.3@global" />
    <property name="env.LC_CTYPE" value="en_US.UTF-8" />
    <property name="env.TRAVIS_CMD" value="$PTII/bin/ptIITravisBuild.sh $SECONDS" />
    <property name="java.awt.printerjob" value="sun.print.PSPrinterJob" />
    <property name="env.TRAVIS_STACK_NAME" value="sardonyx" />
    <property name="env.TRAVIS_TIMER_START_TIME" value="1562719559107413954" />
    <property name="ant.version" value="Apache Ant(TM) version 1.10.1 compiled on February 2 2017" />
    <property name="ptII.reports" value="/home/travis/build/icyphy/ptII/reports" />
    <property name="env.TRAVIS_STACK_TIMESTAMP" value="2019-03-25 16:16:56 UTC" />
    <property name="ant.file.type.ptII" value="file" />
    <property name="env.RBENV_SHELL" value="bash" />
    <property name="os.name" value="Linux" />
    <property name="java.specification.vendor" value="Oracle Corporation" />
    <property name="env.rvm_version" value="1.29.7 (latest)" />
    <property name="env.TRAVIS_INFRA" value="unknown" />
    <property name="env.TERM" value="xterm" />
    <property name="java.vm.name" value="OpenJDK 64-Bit Server VM" />
    <property name="env.TRAVIS_BUILD_NUMBER" value="1203" />
    <property name="env.CI" value="true" />
    <property name="java.library.path" value="/home/travis/pthla/certi-tools/lib:/usr/lib/jni:/usr/local/share/OpenCV/java/:/usr/share/OpenCV/java::/usr/java/packages/lib:/usr/lib64:/lib64:/lib:/usr/lib" />
    <property name="env.rvm_prefix" value="/home/travis" />
    <property name="env.PATH" value="/home/travis/pthla/certi-tools/share/scripts:/home/travis/.rvm/gems/ruby-2.5.3/bin:/home/travis/.rvm/gems/ruby-2.5.3@global/bin:/home/travis/.rvm/rubies/ruby-2.5.3/bin:/home/travis/.rvm/bin:/home/travis/.nvm/versions/node/v7.10.1/bin:./node_modules/.bin:/home/travis/build/icyphy/ptII/bin:/home/travis/pthla/certi-tools/bin:/home/travis/bin:/home/travis/.local/bin:/usr/local/lib/jvm/openjdk11/bin:/opt/pyenv/shims:/home/travis/.phpenv/shims:/home/travis/perl5/perlbrew/bin:/home/travis/gopath/bin:/home/travis/.gimme/versions/go1.11.1.linux.amd64/bin:/usr/local/maven-3.6.0/bin:/usr/local/cmake-3.12.4/bin:/usr/local/clang-7.0.0/bin:/usr/local/sbin:/usr/local/bin:/usr/sbin:/usr/bin:/sbin:/bin:/snap/bin:/home/travis/.phpenv/bin:/opt/pyenv/bin:/home/travis/.yarn/bin" />
    <property name="env.TRAVIS_OS_NAME" value="linux" />
    <property name="ant.java.version" value="9" />
    <property name="basedir" value="/home/travis/build/icyphy/ptII" />
    <property name="java.class.version" value="55.0" />
    <property name="env.SHLVL" value="3" />
    <property name="env.LD_LIBRARY_PATH" value="/home/travis/pthla/certi-tools/lib:/usr/lib/jni:/usr/local/share/OpenCV/java/:/usr/share/OpenCV/java:" />
    <property name="env.RACK_ENV" value="test" />
    <property name="ant.home" value="/home/travis/build/icyphy/ptII/ant" />
    <property name="env.NVM_DIR" value="/home/travis/.nvm" />
    <property name="env.CERTI_FOM_PATH" value="/home/travis/pthla/certi-tools/share/federations" />
    <property name="env.TRAVIS_BUILD_ID" value="556568185" />
    <property name="env.PYENV_ROOT" value="/opt/pyenv" />
    <property name="env.TRAVIS_UID" value="2000" />
    <property name="env.NVM_BIN" value="/home/travis/.nvm/versions/node/v7.10.1/bin" />
    <property name="env.TRAVIS_COMMIT" value="4e78ed00ce487c8b6032cfead01d89898a57a0c9" />
    <property name="env._system_arch" value="x86_64" />
    <property name="node.executable" value="node" />
    <property name="sun.boot.library.path" value="/usr/local/lib/jvm/openjdk11/lib" />
    <property name="sun.management.compiler" value="HotSpot 64-Bit Tiered Compilers" />
    <property name="java.awt.graphicsenv" value="sun.awt.X11GraphicsEnvironment" />
    <property name="env.GOPATH" value="/home/travis/gopath" />
    <property name="ptolemy.ptII.dir" value="/home/travis/build/icyphy/ptII" />
    <property name="env.USER" value="travis" />
    <property name="env.HISTFILESIZE" value="2000" />
    <property name="timeout.longest" value="19000000" />
    <property name="env.PERLBREW_SHELLRC_VERSION" value="0.86" />
    <property name="env.TRAVIS_STACK_FEATURES" value="basic couchdb disabled-ipv6 docker docker-compose elasticsearch firefox go-toolchain google-chrome jdk memcached mongodb mysql nodejs_interpreter perl_interpreter perlbrew phantomjs postgresql python_interpreter redis ruby_interpreter sqlite xserver" />
    <property name="env.TRAVIS_PULL_REQUEST" value="false" />
    <property name="env.PYENV_SHELL" value="bash" />
    <property name="ant.project.name" value="ptII" />
    <property name="env.ANSI_RESET" value="\033[0m" />
    <property name="java.vm.specification.version" value="11" />
    <property name="env.TRAVIS_DIST" value="xenial" />
    <property name="env.CERTI_VERSION" value="4.0.0" />
    <property name="env.CERTI_HOST" value="localhost" />
    <property name="awt.toolkit" value="sun.awt.X11.XToolkit" />
    <property name="env.MY_RUBY_HOME" value="/home/travis/.rvm/rubies/ruby-2.5.3" />
    <property name="sun.cpu.isalist" value="" />
    <property name="env.TRAVIS_TMPDIR" value="/tmp/tmp.uRtnM30sCr" />
    <property name="java.vm.compressedOopsMode" value="Zero based" />
    <property name="os.version" value="4.15.0-1028-gcp" />
    <property name="user.home" value="/home/travis" />
    <property name="java.vm.vendor" value="Oracle Corporation" />
    <property name="env.TRAVIS_TAG" value="nightly" />
    <property name="env.ANSI_YELLOW" value="\033[33;1m" />
    <property name="env.TRAVIS_FILTERED" value="redirect_io" />
    <property name="env.ANSI_GREEN" value="\033[32;1m" />
    <property name="env.JAVA_HOME" value="/usr/local/lib/jvm/openjdk11" />
    <property name="javadoc.excludepackagenames" value="adm.cvs2svn.*,build.*,config.*,doc.coding.templates.*,jni.test.jni.meaningOfLife.*,jni.test.jni.testDeux.*,jni.test.jni.testTrois.*,org.terraswarm.accessor.accessors.web.node_modules.*,org.terraswarm.accessor.accessors.web.hosts.cordova.demo.*,org.terraswarm.accessor.accessors.web.hosts.cordova.plugins.*,org.terraswarm.accessor.accessors-svn.*,pt-modules.*,ptolemy.apps.agilent.*,ptolemy.apps.anytimecontrol.*,ptolemy.apps.apes.*,ptolemy.apps.charon.*,ptolemy.apps.crazyboard.*,ptolemy.apps.eclipse.*,ptolemy.apps.etherealSting.*,ptolemy.apps.fullscreen.*,ptolemy.apps.giotto.*,ptolemy.apps.ia.*,ptolemy.apps.interfaces.*,ptolemy.apps.jmf.*,ptolemy.apps.kurt.*,ptolemy.apps.kvm.*,ptolemy.apps.lego.*,ptolemy.apps.lejos.*,ptolemy.apps.midp.*,ptolemy.apps.mobileCoding.*,ptolemy.apps.pendulum.*,ptolemy.apps.rijndael.*,ptolemy.apps.robot.*,ptolemy.apps.security.*,ptolemy.apps.sobel.*,ptolemy.apps.soot.*,ptolemy.apps.throttle.*,ptolemy.apps.tini.*,ptolemy.apps.transmission.*,ptolemy.apps.vergil.*,ptolemy.apps.waba.*,ptolemy.apps.websensor.*,ptolemy.apps.webstart.*,ptolemy.apps.xsl.*,ptolemy.apps.zaurus.*,ptolemy.codegen.c.actor.lib.oldJavaFiles.*,ptolemy.codegen.dsp.lib.*,ptolemy.codegen.kernel.newInterfaces.*,ptolemy.codegen.lib.*,ptolemy.copernicus.kernel.fragment.*,ptolemy.copernicus.shallow.cg.*,ptolemy.domains.giotto.demo.Hierarchy.Hierarchy.*,ptolemy.domains.giotto.demo.Multimode.Multimode.*,ptolemy.domains.giotto.demo.Simple.Simple.*,ptolemy.domains.gr.lib.experimental.*,ptolemy.domains.gro.*,ptolemy.domains.pdf.*,ptolemy.domains.ptinyos.demo.Surge.output.*,ptolemy.moml.test.NoPackageActor.java*,ptolemy.plot.adm.*,ptolemy.plot.servlet.*,reports.*,signed.*,src.*,target.*,vendors.*,ptolemy.copernicus.applet.*,ptolemy.media.viewer.*,ptolemy.actor.corba.*,doc.doclets.*,ptolemy.apps.eclipse.awt.*,ptolemy.backtrack.*,ptolemy.backtrack.ast.*,ptolemy.cg.adapter.generic.program.procedural.c.mbed*,ptolemy.homer.*,ptolemy.actor.lib.jjs.modules.audio.*,org.ptolemy.scala.*,diva.util.java2d.svg.*,ptolemy.domains.ptinyos.*,ptolemy.actor.lib.fmi.fmipp.*,,org.terraswarm.accessor.accessors.web.node_modules.*,org.terraswarm.accessor.accessors-svn,ptolemy.apps.*,ptolemy.actor.ptalon.demo.ptinyos.SendAndReceiveCnt.output,ptolemy.actor.ptalon.demo.ptinyos.SenseToLeds.output,ptolemy.domains.ptinyos.demo.CntToLedsAndRfm.output,ptolemy.domains.ptinyos.demo.RfmToLeds.output,ptolemy.domains.ptinyos.demo.SendAndReceiveCnt.output,ptolemy.domains.ptinyos.demo.SenseToLeds.output,ptolemy.actor.lib.jjs.modules.udpSocket.*" />
    <property name="env.PTII" value="/home/travis/build/icyphy/ptII" />
    <property name="env.XDG_SESSION_ID" value="2" />
    <property name="keystore" value="ptKeystore" />
    <property name="env.TRAVIS_COMMIT_MESSAGE" value="JDK 11 does not include JavaFX, see https://www.infoworld.com/article/3305073/removed-from-jdk-11-javafx-11-arrives-as-a-standalone-module.html.  So we use JDK 10." />
    <property name="junit.output.dir" value="/home/travis/build/icyphy/ptII/reports/junit" />
    <property name="npm.return.code" value="0" />
    <property name="user.dir" value="/home/travis/build/icyphy/ptII/ptolemy/domains/de/test" />
    <property name="env.TRAVIS_NODE_VERSION" value="7" />
    <property name="env.TRAVIS_EVENT_TYPE" value="push" />
    <property name="env.MAIL" value="/var/mail/travis" />
    <property name="env.PERLBREW_ROOT" value="/home/travis/perl5/perlbrew" />
    <property name="env.PWD" value="/home/travis/build/icyphy/ptII" />
    <property name="timeout.npm" value="45000" />
    <property name="env.PT_TRAVIS_TEST_CORE2_XML" value="true" />
    <property name="env.TRAVIS_ARCH" value="amd64" />
    <property name="sun.cpu.endian" value="little" />
    <property name="env.PAGER" value="cat" />
    <property name="env.TRAVIS_BUILD_STAGE_NAME" value="Test" />
    <property name="env.PERLBREW_HOME" value="/home/travis/.perlbrew" />
    <property name="java.vm.version" value="11.0.2+9" />
    <property name="env.RAILS_ENV" value="test" />
    <property name="java.class.path" value="/home/travis/build/icyphy/ptII:/home/travis/build/icyphy/ptII/lib/bsh-2.0b4.jar:/home/travis/build/icyphy/ptII/lib/ptCal.jar:/home/travis/build/icyphy/ptII/lib/java_cup.jar:/home/travis/build/icyphy/ptII/lib/saxon8.jar:/home/travis/build/icyphy/ptII/lib/saxon8-dom.jar:/home/travis/build/icyphy/ptII/lib/chic.jar:/home/travis/build/icyphy/ptII/lib/ptcolt.jar:/home/travis/build/icyphy/ptII/vendors/misc/itext/iText.jar:/home/travis/build/icyphy/ptII/lib/g4ltl.jar:/home/travis/build/icyphy/ptII/lib/StructuralCoder.jar:/home/travis/build/icyphy/ptII/vendors/jai-1_1_2_01/lib/jai_core.jar:/home/travis/build/icyphy/ptII/vendors/jai-1_1_2_01/lib/jai_codec.jar:/home/travis/build/icyphy/ptII/lib/jcerti.jar:/home/travis/build/icyphy/ptII/lib/javax.mail.jar:/home/travis/build/icyphy/ptII/vendors/JMF-2.1.1e/lib/jmf.jar:/home/travis/build/icyphy/ptII/lib/jna-4.0.0-variadic.jar:/home/travis/build/icyphy/ptII/vendors/misc/joystick/Joystick.jar:/home/travis/build/icyphy/ptII/lib/ptjacl.jar:/home/travis/build/icyphy/ptII/lib/jsoup-1.8.2.jar:/home/travis/build/icyphy/ptII/lib/junit-4.8.2.jar:/home/travis/build/icyphy/ptII/lib/JUnitParams-0.4.0.jar:/home/travis/build/icyphy/ptII/ptolemy/actor/lib/excel/jxl.jar:/home/travis/build/icyphy/ptII/lib/jython.jar:/home/travis/build/icyphy/ptII/lib/kieler.jar:/home/travis/build/icyphy/ptII/vendors/opencv/share/OpenCV/java/opencv-341.jar:/home/travis/build/icyphy/ptII/lib/oscP5.jar:/home/travis/build/icyphy/ptII/lib/nrjavaserial-3.11.0.devel.jar:/home/travis/build/icyphy/ptII/vendors/j3d/lib/j3dcore.jar:/home/travis/build/icyphy/ptII/vendors/j3d/lib/j3dutils.jar:/home/travis/build/icyphy/ptII/vendors/j3d/lib/vecmath.jar:/home/travis/build/icyphy/ptII/ptolemy/distributed/jini/jar/jini-core.jar:/home/travis/build/icyphy/ptII/ptolemy/distributed/jini/jar/jini-ext.jar:/home/travis/build/icyphy/ptII/ptolemy/distributed/jini/jar/sun-util.jar:/home/travis/build/icyphy/ptII/lib/protobuf-java-2.4.1.jar:/home/travis/build/icyphy/ptII/lib/org.eclipse.paho.client.mqttv3.jar:/home/travis/build/icyphy/ptII/lib/mapss.jar:/home/travis/build/icyphy/ptII/ptolemy/actor/ptalon/antlr/antlr.jar:/home/travis/build/icyphy/ptII/lib/JRI.jar:/home/travis/build/icyphy/ptII/lib/commons-lang-2.6.jar:/home/travis/build/icyphy/ptII/lib/commons-logging-1.1.1.jar:/home/travis/build/icyphy/ptII/lib/sootclasses.jar:/home/travis/build/icyphy/ptII/ptolemy/actor/lib/database/mysql-connector-java-5.1.6-bin.jar:/home/travis/build/icyphy/ptII/vendors/misc/sphinx4/sphinx4-data-5prealpha.jar:/home/travis/build/icyphy/ptII/vendors/misc/sphinx4/sphinx4-core-5prealpha.jar:/home/travis/build/icyphy/ptII/lib/PDFRenderer.jar:/home/travis/build/icyphy/ptII/lib/svgSalamander.jar:/home/travis/build/icyphy/ptII/lib/rsyntaxtextarea-2.6.0-SNAPSHOT.jar:/home/travis/build/icyphy/ptII/lib/hazelcast-3.8.2.jar:/home/travis/build/icyphy/ptII/lib/jackson-annotations-2.9.0.jar:/home/travis/build/icyphy/ptII/lib/jackson-core-2.9.3.jar:/home/travis/build/icyphy/ptII/lib/jackson-databind-2.9.3.jar:/home/travis/build/icyphy/ptII/lib/netty-buffer-4.1.19.Final.jar:/home/travis/build/icyphy/ptII/lib/netty-codec-4.1.19.Final.jar:/home/travis/build/icyphy/ptII/lib/netty-codec-dns-4.1.19.Final.jar:/home/travis/build/icyphy/ptII/lib/netty-codec-http-4.1.19.Final.jar:/home/travis/build/icyphy/ptII/lib/netty-codec-http2-4.1.19.Final.jar:/home/travis/build/icyphy/ptII/lib/netty-common-4.1.19.Final.jar:/home/travis/build/icyphy/ptII/lib/netty-handler-4.1.19.Final.jar:/home/travis/build/icyphy/ptII/lib/netty-resolver-4.1.19.Final.jar:/home/travis/build/icyphy/ptII/lib/netty-resolver-dns-4.1.19.Final.jar:/home/travis/build/icyphy/ptII/lib/netty-transport-4.1.19.Final.jar:/home/travis/build/icyphy/ptII/lib/vertx-codegen-3.5.1.jar:/home/travis/build/icyphy/ptII/lib/vertx-core-3.5.2-SNAPSHOT.jar:/home/travis/build/icyphy/ptII/lib/vertx-hazelcast-3.5.1.jar:/home/travis/build/icyphy/ptII/lib/vertx-lang-js-3.5.1.jar:/home/travis/build/icyphy/ptII/lib/vertx-service-proxy-3.5.1.jar:/home/travis/build/icyphy/ptII/lib/vertx-web-3.5.1.jar:/home/travis/build/icyphy/ptII/lib/slf4j-api-1.7.13.jar:/home/travis/build/icyphy/ptII/lib/slf4j-simple-1.7.13.jar:/home/travis/build/icyphy/ptII/lib/webcam-capture-0.3.12.jar:/home/travis/build/icyphy/ptII/lib/bridj-0.7.0.jar:/home/travis/build/icyphy/ptII/lib/xbjlib-1.1.0.nrjavaserial.jar:/home/travis/build/icyphy/ptII/ptolemy/moml/test:/home/travis/build/icyphy/ptII/ant/lib/ant-launcher.jar:/home/travis/build/icyphy/ptII/ant/lib/ant.jar:/home/travis/build/icyphy/ptII/ant/lib/ant-junit.jar:/home/travis/build/icyphy/ptII/ant/lib/ant-junit4.jar" />
    <property name="ant.library.dir" value="/home/travis/build/icyphy/ptII/ant/lib" />
    <property name="os.arch" value="amd64" />
    <property name="env.CONTINUOUS_INTEGRATION" value="true" />
    <property name="env.TRAVIS_LANGUAGE" value="node_js" />
    <property name="env.TRAVIS_STACK_LANGUAGES" value="__sardonyx__ c c++ clojure cplusplus cpp default generic go groovy java node_js php pure_java python ruby scala" />
    <property name="test.name" value="ptolemy.actor.lib.test.junit.JUnitTclTest" />
    <property name="env.APT_KEY_DONT_WARN_ON_DANGEROUS_USAGE" value="1" />
    <property name="sun.java.launcher" value="SUN_STANDARD" />
    <property name="env.PYTHON_CONFIGURE_OPTS" value="--enable-unicode=ucs4 --with-wide-unicode --enable-shared --enable-ipv6 --enable-loadable-sqlite-extensions --with-computed-gotos" />
    <property name="ant.core.lib" value="/home/travis/build/icyphy/ptII/ant/lib/ant.jar" />
    <property name="java.vm.specification.vendor" value="Oracle Corporation" />
    <property name="env.BCVTB_HOME" value="/home/travis/build/icyphy/ptII/lbnl" />
    <property name="file.separator" value="/" />
    <property name="spotbugs.home" value="/home/travis/build/icyphy/ptII/vendors/spotbugs-3.1.1" />
    <property name="java.runtime.version" value="11.0.2+9" />
    <property name="env.ANSI_CLEAR" value="\033[0K" />
    <property name="env.HAS_JOSH_K_SEAL_OF_APPROVAL" value="true" />
    <property name="env.XDG_RUNTIME_DIR" value="/run/user/2000" />
    <property name="env.TRAVIS_OSX_IMAGE" value="" />
    <property name="env.TRAVIS_JOB_ID" value="556568194" />
    <property name="env.TRAVIS_BRANCH" value="master" />
    <property name="user.country" value="US" />
    <property name="env.CERTI_HOME_TRAVIS" value="/home/travis/pthla/certi-tools" />
    <property name="env.SHELL" value="/bin/bash" />
    <property name="java.maxmemory.large" value="5000m" />
    <property name="model" value="" />
    <property name="env.CASHER_DIR" value="/home/travis/.casher" />
    <property name="env.NVM_CD_FLAGS" value="" />
    <property name="java.vendor.version" value="18.9" />
    <property name="jshint.executable" value="/home/travis/node_modules/jshint/bin/jshint" />
    <property name="env.JRUBY_OPTS" value=" --client -J-XX:+TieredCompilation -J-XX:TieredStopAtLevel=1 -J-Xss2m -Xcompile.invokedynamic=false" />
    <property name="java.vendor" value="Oracle Corporation" />
    <property name="env.TRAVIS_PRE_CHEF_BOOTSTRAP_TIME" value="2019-03-25T16:16:42" />
    <property name="env.TRAVIS_STACK_JOB_BOARD_REGISTER" value="/.job-board-register.yml" />
    <property name="env.ANSI_RED" value="\033[31;1m" />
    <property name="java.specification.version" value="11" />
    <property name="env.IRBRC" value="/home/travis/.rvm/rubies/ruby-2.5.3/.irbrc" />
    <property name="env.TRAVIS" value="true" />
    <property name="sun.arch.data.model" value="64" />
  </properties>
  <testcase classname="ptolemy.util.test.junit.TclTests" name="[0] /home/travis/build/icyphy/ptII/ptolemy/domains/de/test/DependencyLoop.tcl (RunTclFile)" time="1.034" />
  <testcase classname="ptolemy.util.test.junit.TclTests" name="[1] /home/travis/build/icyphy/ptII/ptolemy/domains/de/test/RunDETestsAsQSS.tcl (RunTclFile)" time="92.214" />
  <testcase classname="ptolemy.util.test.junit.AutoKnownFailedTests" name="[0] /home/travis/build/icyphy/ptII/ptolemy/domains/de/test/auto/knownFailedTests/DESDFClockTest.xml (RunModel)" time="2.042" />
  <testcase classname="ptolemy.util.test.junit.AutoKnownFailedTests" name="[1] /home/travis/build/icyphy/ptII/ptolemy/domains/de/test/auto/knownFailedTests/DirectFeedback.xml (RunModel)" time="0.027" />
  <testcase classname="ptolemy.util.test.junit.AutoKnownFailedTests" name="[2] /home/travis/build/icyphy/ptII/ptolemy/domains/de/test/auto/knownFailedTests/FSMSource.xml (RunModel)" time="0.019" />
  <testcase classname="ptolemy.util.test.junit.AutoKnownFailedTests" name="[3] /home/travis/build/icyphy/ptII/ptolemy/domains/de/test/auto/knownFailedTests/HierarchicalModel.xml (RunModel)" time="0.056" />
  <testcase classname="ptolemy.util.test.junit.AutoKnownFailedTests" name="[4] /home/travis/build/icyphy/ptII/ptolemy/domains/de/test/auto/knownFailedTests/dependencyLoop.xml (RunModel)" time="0.045" />
  <testcase classname="ptolemy.util.test.junit.AutoKnownFailedTests" name="[5] /home/travis/build/icyphy/ptII/ptolemy/domains/de/test/auto/knownFailedTests/dependencyLoop2.xml (RunModel)" time="0.049" />
  <testcase classname="ptolemy.util.test.junit.AutoNameArchTests" name="[0] ThereAreNoAutoArchTests (RunModel)" time="0.005" />
  <testcase classname="ptolemy.util.test.junit.AutoTests" name="[0] /home/travis/build/icyphy/ptII/ptolemy/domains/de/test/auto/ActorDepthCalculation_actorWithoutPorts.xml (RunModel)" time="0.028" />
  <testcase classname="ptolemy.util.test.junit.AutoTests" name="[1] /home/travis/build/icyphy/ptII/ptolemy/domains/de/test/auto/AssemblyLine.xml (RunModel)" time="0.028" />
  <testcase classname="ptolemy.util.test.junit.AutoTests" name="[2] /home/travis/build/icyphy/ptII/ptolemy/domains/de/test/auto/CQBug1.xml (RunModel)" time="0.013" />
  <testcase classname="ptolemy.util.test.junit.AutoTests" name="[3] /home/travis/build/icyphy/ptII/ptolemy/domains/de/test/auto/CancelFireAt.xml (RunModel)" time="0.025" />
  <testcase classname="ptolemy.util.test.junit.AutoTests" name="[4] /home/travis/build/icyphy/ptII/ptolemy/domains/de/test/auto/CausalityAndComposabilityAnalysis.xml (RunModel)" time="0.025" />
  <testcase classname="ptolemy.util.test.junit.AutoTests" name="[5] /home/travis/build/icyphy/ptII/ptolemy/domains/de/test/auto/CausalityInterface1.xml (RunModel)" time="0.015" />
  <testcase classname="ptolemy.util.test.junit.AutoTests" name="[6] /home/travis/build/icyphy/ptII/ptolemy/domains/de/test/auto/CausalityInterface15.xml (RunModel)" time="0.018" />
  <testcase classname="ptolemy.util.test.junit.AutoTests" name="[7] /home/travis/build/icyphy/ptII/ptolemy/domains/de/test/auto/CausalityInterface2.xml (RunModel)" time="0.015" />
  <testcase classname="ptolemy.util.test.junit.AutoTests" name="[8] /home/travis/build/icyphy/ptII/ptolemy/domains/de/test/auto/CausalityInterface3.xml (RunModel)" time="0.011" />
  <testcase classname="ptolemy.util.test.junit.AutoTests" name="[9] /home/travis/build/icyphy/ptII/ptolemy/domains/de/test/auto/ClockDrift.xml (RunModel)" time="0.051" />
  <testcase classname="ptolemy.util.test.junit.AutoTests" name="[10] /home/travis/build/icyphy/ptII/ptolemy/domains/de/test/auto/ClockDriftAndValueChange.xml (RunModel)" time="0.037" />
  <testcase classname="ptolemy.util.test.junit.AutoTests" name="[11] /home/travis/build/icyphy/ptII/ptolemy/domains/de/test/auto/ClockDriftChange.xml (RunModel)" time="0.032" />
  <testcase classname="ptolemy.util.test.junit.AutoTests" name="[12] /home/travis/build/icyphy/ptII/ptolemy/domains/de/test/auto/ComposableCausalityAnalysis.xml (RunModel)" time="0.017" />
  <testcase classname="ptolemy.util.test.junit.AutoTests" name="[13] /home/travis/build/icyphy/ptII/ptolemy/domains/de/test/auto/DEFixedPointLimitation.xml (RunModel)" time="0.008" />
  <testcase classname="ptolemy.util.test.junit.AutoTests" name="[14] /home/travis/build/icyphy/ptII/ptolemy/domains/de/test/auto/DEScheduleTest.xml (RunModel)" time="0.008" />
  <testcase classname="ptolemy.util.test.junit.AutoTests" name="[15] /home/travis/build/icyphy/ptII/ptolemy/domains/de/test/auto/DEinDEwithStartTimes.xml (RunModel)" time="0.016" />
  <testcase classname="ptolemy.util.test.junit.AutoTests" name="[16] /home/travis/build/icyphy/ptII/ptolemy/domains/de/test/auto/DEinDEwithStartTimes2.xml (RunModel)" time="0.011" />
  <testcase classname="ptolemy.util.test.junit.AutoTests" name="[17] /home/travis/build/icyphy/ptII/ptolemy/domains/de/test/auto/DateDemo.xml (RunModel)" time="0.027" />
  <testcase classname="ptolemy.util.test.junit.AutoTests" name="[18] /home/travis/build/icyphy/ptII/ptolemy/domains/de/test/auto/DateToEvent.xml (RunModel)" time="2.035" />
  <testcase classname="ptolemy.util.test.junit.AutoTests" name="[19] /home/travis/build/icyphy/ptII/ptolemy/domains/de/test/auto/DepthTest1.xml (RunModel)" time="0.013" />
  <testcase classname="ptolemy.util.test.junit.AutoTests" name="[20] /home/travis/build/icyphy/ptII/ptolemy/domains/de/test/auto/DepthTest2.xml (RunModel)" time="0.02" />
  <testcase classname="ptolemy.util.test.junit.AutoTests" name="[21] /home/travis/build/icyphy/ptII/ptolemy/domains/de/test/auto/DepthTest3.xml (RunModel)" time="0.013" />
  <testcase classname="ptolemy.util.test.junit.AutoTests" name="[22] /home/travis/build/icyphy/ptII/ptolemy/domains/de/test/auto/DepthTest4.xml (RunModel)" time="0.019" />
  <testcase classname="ptolemy.util.test.junit.AutoTests" name="[23] /home/travis/build/icyphy/ptII/ptolemy/domains/de/test/auto/DepthTest5.xml (RunModel)" time="0.028" />
  <testcase classname="ptolemy.util.test.junit.AutoTests" name="[24] /home/travis/build/icyphy/ptII/ptolemy/domains/de/test/auto/DepthTest6.xml (RunModel)" time="0.013" />
  <testcase classname="ptolemy.util.test.junit.AutoTests" name="[25] /home/travis/build/icyphy/ptII/ptolemy/domains/de/test/auto/DepthTest7.xml (RunModel)" time="0.022" />
  <testcase classname="ptolemy.util.test.junit.AutoTests" name="[26] /home/travis/build/icyphy/ptII/ptolemy/domains/de/test/auto/EventToDate.xml (RunModel)" time="3.04" />
  <testcase classname="ptolemy.util.test.junit.AutoTests" name="[27] /home/travis/build/icyphy/ptII/ptolemy/domains/de/test/auto/FSM1.xml (RunModel)" time="0.043" />
  <testcase classname="ptolemy.util.test.junit.AutoTests" name="[28] /home/travis/build/icyphy/ptII/ptolemy/domains/de/test/auto/FSM7.xml (RunModel)" time="0.044" />
  <testcase classname="ptolemy.util.test.junit.AutoTests" name="[29] /home/travis/build/icyphy/ptII/ptolemy/domains/de/test/auto/Inspection.xml (RunModel)" time="0.051" />
  <testcase classname="ptolemy.util.test.junit.AutoTests" name="[30] /home/travis/build/icyphy/ptII/ptolemy/domains/de/test/auto/Iteration.xml (RunModel)" time="0.026" />
  <testcase classname="ptolemy.util.test.junit.AutoTests" name="[31] /home/travis/build/icyphy/ptII/ptolemy/domains/de/test/auto/LineFault.xml (RunModel)" time="0.596" />
  <testcase classname="ptolemy.util.test.junit.AutoTests" name="[32] /home/travis/build/icyphy/ptII/ptolemy/domains/de/test/auto/MergeModel1Add.xml (RunModel)" time="0.048" />
  <testcase classname="ptolemy.util.test.junit.AutoTests" name="[33] /home/travis/build/icyphy/ptII/ptolemy/domains/de/test/auto/MergeModel2Add.xml (RunModel)" time="0.042" />
  <testcase classname="ptolemy.util.test.junit.AutoTests" name="[34] /home/travis/build/icyphy/ptII/ptolemy/domains/de/test/auto/MergeModel3Add.xml (RunModel)" time="0.048" />
  <testcase classname="ptolemy.util.test.junit.AutoTests" name="[35] /home/travis/build/icyphy/ptII/ptolemy/domains/de/test/auto/MergeWithoutDiscard.xml (RunModel)" time="0.012" />
  <testcase classname="ptolemy.util.test.junit.AutoTests" name="[36] /home/travis/build/icyphy/ptII/ptolemy/domains/de/test/auto/Modal1.xml (RunModel)" time="0.026" />
  <testcase classname="ptolemy.util.test.junit.AutoTests" name="[37] /home/travis/build/icyphy/ptII/ptolemy/domains/de/test/auto/Modal2.xml (RunModel)" time="0.039" />
  <testcase classname="ptolemy.util.test.junit.AutoTests" name="[38] /home/travis/build/icyphy/ptII/ptolemy/domains/de/test/auto/Modal3.xml (RunModel)" time="0.027" />
  <testcase classname="ptolemy.util.test.junit.AutoTests" name="[39] /home/travis/build/icyphy/ptII/ptolemy/domains/de/test/auto/Modal4.xml (RunModel)" time="0.034" />
  <testcase classname="ptolemy.util.test.junit.AutoTests" name="[40] /home/travis/build/icyphy/ptII/ptolemy/domains/de/test/auto/Modal5.xml (RunModel)" time="0.032" />
  <testcase classname="ptolemy.util.test.junit.AutoTests" name="[41] /home/travis/build/icyphy/ptII/ptolemy/domains/de/test/auto/Modal6.xml (RunModel)" time="0.033" />
  <testcase classname="ptolemy.util.test.junit.AutoTests" name="[42] /home/travis/build/icyphy/ptII/ptolemy/domains/de/test/auto/Modal7.xml (RunModel)" time="0.032" />
  <testcase classname="ptolemy.util.test.junit.AutoTests" name="[43] /home/travis/build/icyphy/ptII/ptolemy/domains/de/test/auto/ModalModel.xml (RunModel)" time="0.197" />
  <testcase classname="ptolemy.util.test.junit.AutoTests" name="[44] /home/travis/build/icyphy/ptII/ptolemy/domains/de/test/auto/ModalSource.xml (RunModel)" time="0.024" />
  <testcase classname="ptolemy.util.test.junit.AutoTests" name="[45] /home/travis/build/icyphy/ptII/ptolemy/domains/de/test/auto/NonInterruptibleTimerZeroDelay.xml (RunModel)" time="0.014" />
  <testcase classname="ptolemy.util.test.junit.AutoTests" name="[46] /home/travis/build/icyphy/ptII/ptolemy/domains/de/test/auto/OpenQueueingNetwork.xml (RunModel)" time="2.406" />
  <testcase classname="ptolemy.util.test.junit.AutoTests" name="[47] /home/travis/build/icyphy/ptII/ptolemy/domains/de/test/auto/OpenQueuingNetwork.xml (RunModel)" time="0.278" />
  <testcase classname="ptolemy.util.test.junit.AutoTests" name="[48] /home/travis/build/icyphy/ptII/ptolemy/domains/de/test/auto/PeriodicSampler.xml (RunModel)" time="0.011" />
  <testcase classname="ptolemy.util.test.junit.AutoTests" name="[49] /home/travis/build/icyphy/ptII/ptolemy/domains/de/test/auto/PersistentIO.xml (RunModel)" time="0.018" />
  <testcase classname="ptolemy.util.test.junit.AutoTests" name="[50] /home/travis/build/icyphy/ptII/ptolemy/domains/de/test/auto/PortParameterResetOnInitialize.xml (RunModel)" time="0.009" />
  <testcase classname="ptolemy.util.test.junit.AutoTests" name="[51] /home/travis/build/icyphy/ptII/ptolemy/domains/de/test/auto/PortParameterUpdates.xml (RunModel)" time="0.015" />
  <testcase classname="ptolemy.util.test.junit.AutoTests" name="[52] /home/travis/build/icyphy/ptII/ptolemy/domains/de/test/auto/QueueAndServer.xml (RunModel)" time="0.023" />
  <testcase classname="ptolemy.util.test.junit.AutoTests" name="[53] /home/travis/build/icyphy/ptII/ptolemy/domains/de/test/auto/Records.xml (RunModel)" time="0.015" />
  <testcase classname="ptolemy.util.test.junit.AutoTests" name="[54] /home/travis/build/icyphy/ptII/ptolemy/domains/de/test/auto/ResetTransitionWithStartTime1.xml (RunModel)" time="0.022" />
  <testcase classname="ptolemy.util.test.junit.AutoTests" name="[55] /home/travis/build/icyphy/ptII/ptolemy/domains/de/test/auto/ResetTransitionWithStartTime2.xml (RunModel)" time="0.02" />
  <testcase classname="ptolemy.util.test.junit.AutoTests" name="[56] /home/travis/build/icyphy/ptII/ptolemy/domains/de/test/auto/ResetTransitionWithStartTime3.xml (RunModel)" time="0.02" />
  <testcase classname="ptolemy.util.test.junit.AutoTests" name="[57] /home/travis/build/icyphy/ptII/ptolemy/domains/de/test/auto/ResetTransitionWithStartTime4.xml (RunModel)" time="0.026" />
  <testcase classname="ptolemy.util.test.junit.AutoTests" name="[58] /home/travis/build/icyphy/ptII/ptolemy/domains/de/test/auto/ResettableTimer1.xml (RunModel)" time="0.011" />
  <testcase classname="ptolemy.util.test.junit.AutoTests" name="[59] /home/travis/build/icyphy/ptII/ptolemy/domains/de/test/auto/ResettableTimer2.xml (RunModel)" time="0.01" />
  <testcase classname="ptolemy.util.test.junit.AutoTests" name="[60] /home/travis/build/icyphy/ptII/ptolemy/domains/de/test/auto/ResettableTimer3.xml (RunModel)" time="0.01" />
  <testcase classname="ptolemy.util.test.junit.AutoTests" name="[61] /home/travis/build/icyphy/ptII/ptolemy/domains/de/test/auto/ResettableTimer4.xml (RunModel)" time="0.009" />
  <testcase classname="ptolemy.util.test.junit.AutoTests" name="[62] /home/travis/build/icyphy/ptII/ptolemy/domains/de/test/auto/ResettableTimer5.xml (RunModel)" time="0.011" />
  <testcase classname="ptolemy.util.test.junit.AutoTests" name="[63] /home/travis/build/icyphy/ptII/ptolemy/domains/de/test/auto/ResettableTimer6.xml (RunModel)" time="0.018" />
  <testcase classname="ptolemy.util.test.junit.AutoTests" name="[64] /home/travis/build/icyphy/ptII/ptolemy/domains/de/test/auto/ServerZeroDelay.xml (RunModel)" time="0.01" />
  <testcase classname="ptolemy.util.test.junit.AutoTests" name="[65] /home/travis/build/icyphy/ptII/ptolemy/domains/de/test/auto/SmartSender.xml (RunModel)" time="3.01" />
  <testcase classname="ptolemy.util.test.junit.AutoTests" name="[66] /home/travis/build/icyphy/ptII/ptolemy/domains/de/test/auto/ThreadedComposite.xml (RunModel)" time="0.122" />
  <testcase classname="ptolemy.util.test.junit.AutoTests" name="[67] /home/travis/build/icyphy/ptII/ptolemy/domains/de/test/auto/Time.xml (RunModel)" time="0.454" />
  <testcase classname="ptolemy.util.test.junit.AutoTests" name="[68] /home/travis/build/icyphy/ptII/ptolemy/domains/de/test/auto/TimeDelayZeroDelay.xml (RunModel)" time="0.014" />
  <testcase classname="ptolemy.util.test.junit.AutoTests" name="[69] /home/travis/build/icyphy/ptII/ptolemy/domains/de/test/auto/TimerZeroDelay.xml (RunModel)" time="0.011" />
  <testcase classname="ptolemy.util.test.junit.AutoTests" name="[70] /home/travis/build/icyphy/ptII/ptolemy/domains/de/test/auto/TimingParadox.xml (RunModel)" time="0.384" />
  <testcase classname="ptolemy.util.test.junit.AutoTests" name="[71] /home/travis/build/icyphy/ptII/ptolemy/domains/de/test/auto/TransferInputs.xml (RunModel)" time="0.016" />
  <testcase classname="ptolemy.util.test.junit.AutoTests" name="[72] /home/travis/build/icyphy/ptII/ptolemy/domains/de/test/auto/TransferOutputs2.xml (RunModel)" time="0.02" />
  <testcase classname="ptolemy.util.test.junit.AutoTests" name="[73] /home/travis/build/icyphy/ptII/ptolemy/domains/de/test/auto/Trilateration.xml (RunModel)" time="13.409" />
  <testcase classname="ptolemy.util.test.junit.AutoTests" name="[74] /home/travis/build/icyphy/ptII/ptolemy/domains/de/test/auto/TwoSigmaDelta.xml (RunModel)" time="2.067" />
  <testcase classname="ptolemy.util.test.junit.AutoTests" name="[75] /home/travis/build/icyphy/ptII/ptolemy/domains/de/test/auto/VariableDelay.xml (RunModel)" time="0.015" />
  <testcase classname="ptolemy.util.test.junit.AutoTests" name="[76] /home/travis/build/icyphy/ptII/ptolemy/domains/de/test/auto/VariableDelay2.xml (RunModel)" time="0.017" />
  <testcase classname="ptolemy.util.test.junit.AutoTests" name="[77] /home/travis/build/icyphy/ptII/ptolemy/domains/de/test/auto/VariableDelayZeroDelay.xml (RunModel)" time="0.032" />
  <testcase classname="ptolemy.util.test.junit.AutoTests" name="[78] /home/travis/build/icyphy/ptII/ptolemy/domains/de/test/auto/VariableDelayZeroDelay2.xml (RunModel)" time="0.02" />
  <testcase classname="ptolemy.util.test.junit.AutoTests" name="[79] /home/travis/build/icyphy/ptII/ptolemy/domains/de/test/auto/deInCt.xml (RunModel)" time="0.017" />
  <testcase classname="ptolemy.util.test.junit.AutoTests" name="[80] /home/travis/build/icyphy/ptII/ptolemy/domains/de/test/auto/deInCt2.xml (RunModel)" time="0.02" />
  <testcase classname="ptolemy.util.test.junit.AutoTests" name="[81] /home/travis/build/icyphy/ptII/ptolemy/domains/de/test/auto/dynamicCausalityInterface1.xml (RunModel)" time="0.019" />
  <testcase classname="ptolemy.util.test.junit.AutoTests" name="[82] /home/travis/build/icyphy/ptII/ptolemy/domains/de/test/auto/fsm_de_test.xml (RunModel)" time="0.025" />
  <testcase classname="ptolemy.util.test.junit.AutoTests" name="[83] /home/travis/build/icyphy/ptII/ptolemy/domains/de/test/auto/functionDependencyReconstruction.xml (RunModel)" time="0.035" />
  <testcase classname="ptolemy.util.test.junit.AutoTests" name="[84] /home/travis/build/icyphy/ptII/ptolemy/domains/de/test/auto/multirate.xml (RunModel)" time="0.016" />
  <testcase classname="ptolemy.util.test.junit.AutoTests" name="[85] /home/travis/build/icyphy/ptII/ptolemy/domains/de/test/auto/multirate2.xml (RunModel)" time="0.019" />
  <testcase classname="ptolemy.util.test.junit.AutoTests" name="[86] /home/travis/build/icyphy/ptII/ptolemy/domains/de/test/auto/realtime.xml (RunModel)" time="10.014" />
  <testcase classname="ptolemy.util.test.junit.AutoTests" name="[87] /home/travis/build/icyphy/ptII/ptolemy/domains/de/test/auto/relationGroup.xml (RunModel)" time="0.01" />
  <testcase classname="ptolemy.util.test.junit.AutoTests" name="[88] /home/travis/build/icyphy/ptII/ptolemy/domains/de/test/auto/relationGroup2.xml (RunModel)" time="0.013" />
  <testcase classname="ptolemy.util.test.junit.AutoTests" name="[89] /home/travis/build/icyphy/ptII/ptolemy/domains/de/test/auto/sortWithOpaquePorts.xml (RunModel)" time="0.016" />
  <testcase classname="ptolemy.util.test.junit.AutoTests" name="[90] /home/travis/build/icyphy/ptII/ptolemy/domains/de/test/auto/transferInputsandOutputs.xml (RunModel)" time="0.016" />
  <testcase classname="ptolemy.util.test.junit.AutoTests" name="[91] /home/travis/build/icyphy/ptII/ptolemy/domains/de/test/auto/triggerType.xml (RunModel)" time="0.01" />
  <system-out><![CDATA[/home/travis/build/icyphy/ptII/ptolemy/domains/de/test/DependencyLoop.tcl
testDefs.tcl: setting time out to 9000 seconds at Wed Jul 10 00:49:48 UTC 2019
78 ms. Memory: 120832K Free: 96740K (80%)
13 ms. Memory: 120832K Free: 80318K (66%)
/home/travis/build/icyphy/ptII/ptolemy/domains/de/test/RunDETestsAsQSS.tcl
Run the DE tests using ptolemy.domains.qss.test.QSSDirectorTest, which extends QSSDirector and prints a message in the constructors.
------------------ testing $PTII/ptolemy/domains/de/test/auto/knownFailedTests/DirectFeedback.xml (Known Failure) 
47 ms. Memory: 120832K Free: 75236K (62%)


==== $PTIIhome/travis/build/icyphy/ptII/ptolemy/domains/de/test/../../../../: Auto Automatic test in file $PTII/ptolemy/domains/de/test/auto/knownFailedTests/DirectFeedback.xml
==== Contents of test case:

	    # FIXME: we should use $relativeFilename here, but it
	    # might have backslashes under Windows, which causes no end
	    # of trouble.
	    createAndExecute $file
	    list {}
	
.... Test generated KNOWN error:
    while executing
ptolemy.kernel.util.IllegalActionException: Test fails in iteration 1.
Value was: 1.0. Should have been: 2.0
  in .DirectFeedback.Test
	at ptolemy.actor.lib.Test.fire(Test.java:268)
	at ptolemy.domains.de.kernel.DEDirector._fire(DEDirector.java:1949)
	at ptolemy.domains.de.kernel.DEDirector.fire(DEDirector.java:502)
	at ptolemy.actor.CompositeActor.fire(CompositeActor.java:455)
	at ptolemy.actor.Manager.iterate(Manager.java:851)
	at ptolemy.actor.Manager.execute(Manager.java:369)
	at ptolemy.actor.Manager.run(Manager.java:1263)
	at ptolemy.actor.Manager$PtolemyRunThread.run(Manager.java:1915)

    while executing
ptolemy.kernel.util.IllegalActionException: Test fails in iteration 1.
Value was: 1.0. Should have been: 2.0
  in .DirectFeedback.Test
    while executing
"java::new ptolemy.moml.MoMLSimpleApplication $file
"
    (procedure "createAndExecute" line 2)
    invoked from within
"createAndExecute $file"
    ("uplevel" body line 5)
    invoked from within
"uplevel $contents_of_test"
------------------ testing $PTII/ptolemy/domains/de/test/auto/knownFailedTests/dependencyLoop.xml (Known Failure) 
10 ms. Memory: 120832K Free: 72142K (60%)


==== $PTIIhome/travis/build/icyphy/ptII/ptolemy/domains/de/test/../../../../: Auto Automatic test in file $PTII/ptolemy/domains/de/test/auto/knownFailedTests/dependencyLoop.xml
==== Contents of test case:

	    # FIXME: we should use $relativeFilename here, but it
	    # might have backslashes under Windows, which causes no end
	    # of trouble.
	    createAndExecute $file
	    list {}
	
.... Test generated KNOWN error:
    while executing
ptolemy.kernel.util.IllegalActionException: Found a zero delay loop containing .dependencyLoop.original
  in .dependencyLoop and .dependencyLoop.original
	at ptolemy.actor.util.CausalityInterfaceForComposites._computeOutputPortDepth(CausalityInterfaceForComposites.java:759)
	at ptolemy.actor.util.CausalityInterfaceForComposites._computeInputDepth(CausalityInterfaceForComposites.java:696)
	at ptolemy.actor.util.CausalityInterfaceForComposites._computeOutputPortDepth(CausalityInterfaceForComposites.java:765)
	at ptolemy.actor.util.CausalityInterfaceForComposites._computeInputDepth(CausalityInterfaceForComposites.java:696)
	at ptolemy.actor.util.CausalityInterfaceForComposites._computeOutputPortDepth(CausalityInterfaceForComposites.java:765)
	at ptolemy.actor.util.CausalityInterfaceForComposites._computeInputDepth(CausalityInterfaceForComposites.java:696)
	at ptolemy.actor.util.CausalityInterfaceForComposites._computeActorDepth(CausalityInterfaceForComposites.java:532)
	at ptolemy.actor.util.CausalityInterfaceForComposites.checkForCycles(CausalityInterfaceForComposites.java:96)
	at ptolemy.domains.de.kernel.DEDirector.preinitialize(DEDirector.java:1338)
	at ptolemy.actor.CompositeActor.preinitialize(CompositeActor.java:1828)
	at ptolemy.actor.Manager.preinitializeAndResolveTypes(Manager.java:1040)
	at ptolemy.actor.Manager.initialize(Manager.java:710)
	at ptolemy.actor.Manager.execute(Manager.java:356)
	at ptolemy.actor.Manager.run(Manager.java:1263)
	at ptolemy.actor.Manager$PtolemyRunThread.run(Manager.java:1915)

    while executing
ptolemy.kernel.util.IllegalActionException: Found a zero delay loop containing .dependencyLoop.original
  in .dependencyLoop and .dependencyLoop.original
    while executing
"java::new ptolemy.moml.MoMLSimpleApplication $file
"
    (procedure "createAndExecute" line 2)
    invoked from within
"createAndExecute $file"
    ("uplevel" body line 5)
    invoked from within
"uplevel $contents_of_test"
------------------ testing $PTII/ptolemy/domains/de/test/auto/knownFailedTests/FSMSource.xml (Known Failure) 
64 ms. Memory: 120832K Free: 63483K (53%)
!!!! Auto was marked as failing, but now passes
------------------ testing $PTII/ptolemy/domains/de/test/auto/knownFailedTests/HierarchicalModel.xml (Known Failure) 
20 ms. Memory: 120832K Free: 46075K (38%)


==== $PTIIhome/travis/build/icyphy/ptII/ptolemy/domains/de/test/../../../../: Auto Automatic test in file $PTII/ptolemy/domains/de/test/auto/knownFailedTests/HierarchicalModel.xml
==== Contents of test case:

	    # FIXME: we should use $relativeFilename here, but it
	    # might have backslashes under Windows, which causes no end
	    # of trouble.
	    createAndExecute $file
	    list {}
	
.... Test generated KNOWN error:
    while executing
ptolemy.kernel.util.IllegalActionException: Found a zero delay loop containing .HierarchicalModel.A
  in .HierarchicalModel and .HierarchicalModel.A
	at ptolemy.actor.util.CausalityInterfaceForComposites._computeOutputPortDepth(CausalityInterfaceForComposites.java:759)
	at ptolemy.actor.util.CausalityInterfaceForComposites._computeInputDepth(CausalityInterfaceForComposites.java:696)
	at ptolemy.actor.util.CausalityInterfaceForComposites._computeOutputPortDepth(CausalityInterfaceForComposites.java:765)
	at ptolemy.actor.util.CausalityInterfaceForComposites._computeInputDepth(CausalityInterfaceForComposites.java:696)
	at ptolemy.actor.util.CausalityInterfaceForComposites._computeOutputPortDepth(CausalityInterfaceForComposites.java:765)
	at ptolemy.actor.util.CausalityInterfaceForComposites._computeInputDepth(CausalityInterfaceForComposites.java:696)
	at ptolemy.actor.util.CausalityInterfaceForComposites._computeActorDepth(CausalityInterfaceForComposites.java:532)
	at ptolemy.actor.util.CausalityInterfaceForComposites.checkForCycles(CausalityInterfaceForComposites.java:96)
	at ptolemy.domains.de.kernel.DEDirector.preinitialize(DEDirector.java:1338)
	at ptolemy.actor.CompositeActor.preinitialize(CompositeActor.java:1828)
	at ptolemy.actor.Manager.preinitializeAndResolveTypes(Manager.java:1040)
	at ptolemy.actor.Manager.initialize(Manager.java:710)
	at ptolemy.actor.Manager.execute(Manager.java:356)
	at ptolemy.actor.Manager.run(Manager.java:1263)
	at ptolemy.actor.Manager$PtolemyRunThread.run(Manager.java:1915)

    while executing
ptolemy.kernel.util.IllegalActionException: Found a zero delay loop containing .HierarchicalModel.A
  in .HierarchicalModel and .HierarchicalModel.A
    while executing
"java::new ptolemy.moml.MoMLSimpleApplication $file
"
    (procedure "createAndExecute" line 2)
    invoked from within
"createAndExecute $file"
    ("uplevel" body line 5)
    invoked from within
"uplevel $contents_of_test"
------------------ testing $PTII/ptolemy/domains/de/test/auto/knownFailedTests/dependencyLoop2.xml (Known Failure) 
19 ms. Memory: 120832K Free: 42987K (36%)


==== $PTIIhome/travis/build/icyphy/ptII/ptolemy/domains/de/test/../../../../: Auto Automatic test in file $PTII/ptolemy/domains/de/test/auto/knownFailedTests/dependencyLoop2.xml
==== Contents of test case:

	    # FIXME: we should use $relativeFilename here, but it
	    # might have backslashes under Windows, which causes no end
	    # of trouble.
	    createAndExecute $file
	    list {}
	
.... Test generated KNOWN error:
    while executing
ptolemy.kernel.util.IllegalActionException: Found a zero delay loop containing .dependencyLoop2.original
  in .dependencyLoop2 and .dependencyLoop2.original
	at ptolemy.actor.util.CausalityInterfaceForComposites._computeOutputPortDepth(CausalityInterfaceForComposites.java:759)
	at ptolemy.actor.util.CausalityInterfaceForComposites._computeInputDepth(CausalityInterfaceForComposites.java:696)
	at ptolemy.actor.util.CausalityInterfaceForComposites._computeOutputPortDepth(CausalityInterfaceForComposites.java:765)
	at ptolemy.actor.util.CausalityInterfaceForComposites._computeInputDepth(CausalityInterfaceForComposites.java:696)
	at ptolemy.actor.util.CausalityInterfaceForComposites._computeOutputPortDepth(CausalityInterfaceForComposites.java:765)
	at ptolemy.actor.util.CausalityInterfaceForComposites._computeInputDepth(CausalityInterfaceForComposites.java:696)
	at ptolemy.actor.util.CausalityInterfaceForComposites._computeActorDepth(CausalityInterfaceForComposites.java:532)
	at ptolemy.actor.util.CausalityInterfaceForComposites.checkForCycles(CausalityInterfaceForComposites.java:96)
	at ptolemy.domains.de.kernel.DEDirector.preinitialize(DEDirector.java:1338)
	at ptolemy.actor.CompositeActor.preinitialize(CompositeActor.java:1828)
	at ptolemy.actor.Manager.preinitializeAndResolveTypes(Manager.java:1040)
	at ptolemy.actor.Manager.initialize(Manager.java:710)
	at ptolemy.actor.Manager.execute(Manager.java:356)
	at ptolemy.actor.Manager.run(Manager.java:1263)
	at ptolemy.actor.Manager$PtolemyRunThread.run(Manager.java:1915)

    while executing
ptolemy.kernel.util.IllegalActionException: Found a zero delay loop containing .dependencyLoop2.original
  in .dependencyLoop2 and .dependencyLoop2.original
    while executing
"java::new ptolemy.moml.MoMLSimpleApplication $file
"
    (procedure "createAndExecute" line 2)
    invoked from within
"createAndExecute $file"
    ("uplevel" body line 5)
    invoked from within
"uplevel $contents_of_test"
------------------ testing $PTII/ptolemy/domains/de/test/auto/knownFailedTests/DESDFClockTest.xml (Known Failure) 
2086 ms. Memory: 162816K Free: 137272K (84%)


==== $PTIIhome/travis/build/icyphy/ptII/ptolemy/domains/de/test/../../../../: Auto Automatic test in file $PTII/ptolemy/domains/de/test/auto/knownFailedTests/DESDFClockTest.xml
==== Contents of test case:

	    # FIXME: we should use $relativeFilename here, but it
	    # might have backslashes under Windows, which causes no end
	    # of trouble.
	    createAndExecute $file
	    list {}
	
.... Test generated KNOWN error:
    while executing
ptolemy.kernel.util.IllegalActionException: Actor is not ready to fire.  Perhaps UpSample.prefire() returned false? Try debugging the actor by selecting "Listen to Actor".  Also, for SDF check moml for tokenConsumptionRate on input.
  in .DESDFClockTest.Play Bell.Copy1:SDF Director and .DESDFClockTest.Play Bell.UpSample
	at ptolemy.actor.sched.StaticSchedulingDirector.fire(StaticSchedulingDirector.java:227)
	at ptolemy.domains.sdf.kernel.SDFDirector.fire(SDFDirector.java:500)
	at ptolemy.actor.CompositeActor.fire(CompositeActor.java:455)
	at ptolemy.domains.de.kernel.DEDirector._fire(DEDirector.java:1949)
	at ptolemy.domains.de.kernel.DEDirector.fire(DEDirector.java:502)
	at ptolemy.actor.CompositeActor.fire(CompositeActor.java:455)
	at ptolemy.actor.Manager.iterate(Manager.java:851)
	at ptolemy.actor.Manager.execute(Manager.java:369)
	at ptolemy.actor.Manager.run(Manager.java:1263)
	at ptolemy.actor.Manager$PtolemyRunThread.run(Manager.java:1915)

    while executing
ptolemy.kernel.util.IllegalActionException: Actor is not ready to fire.  Perhaps UpSample.prefire() returned false? Try debugging the actor by selecting "Listen to Actor".  Also, for SDF check moml for tokenConsumptionRate on input.
  in .DESDFClockTest.Play Bell.Copy1:SDF Director and .DESDFClockTest.Play Bell.UpSample
    while executing
"java::new ptolemy.moml.MoMLSimpleApplication $file
"
    (procedure "createAndExecute" line 2)
    invoked from within
"createAndExecute $file"
    ("uplevel" body line 5)
    invoked from within
"uplevel $contents_of_test"
------------------ testing $PTII/ptolemy/domains/de/test/auto/ActorDepthCalculation_actorWithoutPorts.xml
auto.tcl: Setting watchdog for 200 seconds at Wed Jul 10 00:49:52 UTC 2019
10 ms. Memory: 162816K Free: 129762K (80%)
ptolemy.util.test.WatchDog.cancel(): canceling Wed Jul 10 00:49:52 UTC 2019
auto.tcl: Setting watchdog for 200 seconds at Wed Jul 10 00:49:52 UTC 2019
12 ms. Memory: 162816K Free: 128224K (79%)
ptolemy.util.test.WatchDog.cancel(): canceling Wed Jul 10 00:49:52 UTC 2019
------------------ testing $PTII/ptolemy/domains/de/test/auto/AssemblyLine.xml
auto.tcl: Setting watchdog for 200 seconds at Wed Jul 10 00:49:52 UTC 2019
12 ms. Memory: 48128K Free: 26888K (56%)
ptolemy.util.test.WatchDog.cancel(): canceling Wed Jul 10 00:49:52 UTC 2019
auto.tcl: Setting watchdog for 200 seconds at Wed Jul 10 00:49:52 UTC 2019
15 ms. Memory: 48128K Free: 25928K (54%)
ptolemy.util.test.WatchDog.cancel(): canceling Wed Jul 10 00:49:52 UTC 2019
------------------ testing $PTII/ptolemy/domains/de/test/auto/CQBug1.xml
auto.tcl: Setting watchdog for 200 seconds at Wed Jul 10 00:49:53 UTC 2019
3 ms. Memory: 48128K Free: 32336K (67%)
ptolemy.util.test.WatchDog.cancel(): canceling Wed Jul 10 00:49:53 UTC 2019
auto.tcl: Setting watchdog for 200 seconds at Wed Jul 10 00:49:53 UTC 2019
3 ms. Memory: 48128K Free: 31999K (66%)
ptolemy.util.test.WatchDog.cancel(): canceling Wed Jul 10 00:49:53 UTC 2019
------------------ testing $PTII/ptolemy/domains/de/test/auto/CancelFireAt.xml
auto.tcl: Setting watchdog for 200 seconds at Wed Jul 10 00:49:53 UTC 2019
3 ms. Memory: 45056K Free: 30234K (67%)
ptolemy.util.test.WatchDog.cancel(): canceling Wed Jul 10 00:49:53 UTC 2019
auto.tcl: Setting watchdog for 200 seconds at Wed Jul 10 00:49:53 UTC 2019
2 ms. Memory: 45056K Free: 29664K (66%)
ptolemy.util.test.WatchDog.cancel(): canceling Wed Jul 10 00:49:53 UTC 2019
------------------ testing $PTII/ptolemy/domains/de/test/auto/CausalityAndComposabilityAnalysis.xml
auto.tcl: Setting watchdog for 200 seconds at Wed Jul 10 00:49:53 UTC 2019
14 ms. Memory: 45056K Free: 28228K (63%)
ptolemy.util.test.WatchDog.cancel(): canceling Wed Jul 10 00:49:53 UTC 2019
auto.tcl: Setting watchdog for 200 seconds at Wed Jul 10 00:49:53 UTC 2019
10 ms. Memory: 45056K Free: 27675K (61%)
ptolemy.util.test.WatchDog.cancel(): canceling Wed Jul 10 00:49:53 UTC 2019
------------------ testing $PTII/ptolemy/domains/de/test/auto/CausalityInterface1.xml
auto.tcl: Setting watchdog for 200 seconds at Wed Jul 10 00:49:53 UTC 2019
33 ms. Memory: 45056K Free: 26798K (59%)
ptolemy.util.test.WatchDog.cancel(): canceling Wed Jul 10 00:49:53 UTC 2019
auto.tcl: Setting watchdog for 200 seconds at Wed Jul 10 00:49:53 UTC 2019
5 ms. Memory: 45056K Free: 25998K (58%)
ptolemy.util.test.WatchDog.cancel(): canceling Wed Jul 10 00:49:53 UTC 2019
------------------ testing $PTII/ptolemy/domains/de/test/auto/CausalityInterface15.xml
auto.tcl: Setting watchdog for 200 seconds at Wed Jul 10 00:49:53 UTC 2019
15 ms. Memory: 45056K Free: 27122K (60%)
ptolemy.util.test.WatchDog.cancel(): canceling Wed Jul 10 00:49:53 UTC 2019
auto.tcl: Setting watchdog for 200 seconds at Wed Jul 10 00:49:53 UTC 2019
4 ms. Memory: 45056K Free: 25963K (58%)
ptolemy.util.test.WatchDog.cancel(): canceling Wed Jul 10 00:49:53 UTC 2019
------------------ testing $PTII/ptolemy/domains/de/test/auto/CausalityInterface2.xml
auto.tcl: Setting watchdog for 200 seconds at Wed Jul 10 00:49:53 UTC 2019
4 ms. Memory: 45056K Free: 27700K (61%)
ptolemy.util.test.WatchDog.cancel(): canceling Wed Jul 10 00:49:53 UTC 2019
auto.tcl: Setting watchdog for 200 seconds at Wed Jul 10 00:49:53 UTC 2019
3 ms. Memory: 45056K Free: 26972K (60%)
ptolemy.util.test.WatchDog.cancel(): canceling Wed Jul 10 00:49:53 UTC 2019
------------------ testing $PTII/ptolemy/domains/de/test/auto/CausalityInterface3.xml
auto.tcl: Setting watchdog for 200 seconds at Wed Jul 10 00:49:53 UTC 2019
3 ms. Memory: 45056K Free: 27546K (61%)
ptolemy.util.test.WatchDog.cancel(): canceling Wed Jul 10 00:49:53 UTC 2019
auto.tcl: Setting watchdog for 200 seconds at Wed Jul 10 00:49:53 UTC 2019
3 ms. Memory: 45056K Free: 26678K (59%)
ptolemy.util.test.WatchDog.cancel(): canceling Wed Jul 10 00:49:53 UTC 2019
------------------ testing $PTII/ptolemy/domains/de/test/auto/ClockDrift.xml
auto.tcl: Setting watchdog for 200 seconds at Wed Jul 10 00:49:53 UTC 2019
65 ms. Memory: 45056K Free: 19774K (44%)
ptolemy.util.test.WatchDog.cancel(): canceling Wed Jul 10 00:49:53 UTC 2019
auto.tcl: Setting watchdog for 200 seconds at Wed Jul 10 00:49:53 UTC 2019
57 ms. Memory: 45056K Free: 16493K (37%)
ptolemy.util.test.WatchDog.cancel(): canceling Wed Jul 10 00:49:53 UTC 2019
------------------ testing $PTII/ptolemy/domains/de/test/auto/ClockDriftAndValueChange.xml
auto.tcl: Setting watchdog for 200 seconds at Wed Jul 10 00:49:53 UTC 2019
43 ms. Memory: 45056K Free: 20275K (45%)
ptolemy.util.test.WatchDog.cancel(): canceling Wed Jul 10 00:49:54 UTC 2019
auto.tcl: Setting watchdog for 200 seconds at Wed Jul 10 00:49:54 UTC 2019
21 ms. Memory: 45056K Free: 17066K (38%)
ptolemy.util.test.WatchDog.cancel(): canceling Wed Jul 10 00:49:54 UTC 2019
------------------ testing $PTII/ptolemy/domains/de/test/auto/ClockDriftChange.xml
auto.tcl: Setting watchdog for 200 seconds at Wed Jul 10 00:49:54 UTC 2019
28 ms. Memory: 45056K Free: 21646K (48%)
ptolemy.util.test.WatchDog.cancel(): canceling Wed Jul 10 00:49:54 UTC 2019
auto.tcl: Setting watchdog for 200 seconds at Wed Jul 10 00:49:54 UTC 2019
31 ms. Memory: 45056K Free: 19116K (42%)
ptolemy.util.test.WatchDog.cancel(): canceling Wed Jul 10 00:49:54 UTC 2019
------------------ testing $PTII/ptolemy/domains/de/test/auto/ComposableCausalityAnalysis.xml
auto.tcl: Setting watchdog for 200 seconds at Wed Jul 10 00:49:54 UTC 2019
3 ms. Memory: 45056K Free: 26275K (58%)
ptolemy.util.test.WatchDog.cancel(): canceling Wed Jul 10 00:49:54 UTC 2019
auto.tcl: Setting watchdog for 200 seconds at Wed Jul 10 00:49:54 UTC 2019
3 ms. Memory: 45056K Free: 25249K (56%)
ptolemy.util.test.WatchDog.cancel(): canceling Wed Jul 10 00:49:54 UTC 2019
------------------ testing $PTII/ptolemy/domains/de/test/auto/DEFixedPointLimitation.xml
auto.tcl: Setting watchdog for 200 seconds at Wed Jul 10 00:49:54 UTC 2019
6 ms. Memory: 45056K Free: 27654K (61%)
ptolemy.util.test.WatchDog.cancel(): canceling Wed Jul 10 00:49:54 UTC 2019
auto.tcl: Setting watchdog for 200 seconds at Wed Jul 10 00:49:54 UTC 2019
5 ms. Memory: 45056K Free: 26925K (60%)
ptolemy.util.test.WatchDog.cancel(): canceling Wed Jul 10 00:49:54 UTC 2019
------------------ testing $PTII/ptolemy/domains/de/test/auto/DEScheduleTest.xml
auto.tcl: Setting watchdog for 200 seconds at Wed Jul 10 00:49:54 UTC 2019
7 ms. Memory: 45056K Free: 28108K (62%)
ptolemy.util.test.WatchDog.cancel(): canceling Wed Jul 10 00:49:54 UTC 2019
auto.tcl: Setting watchdog for 200 seconds at Wed Jul 10 00:49:54 UTC 2019
3 ms. Memory: 45056K Free: 27260K (61%)
ptolemy.util.test.WatchDog.cancel(): canceling Wed Jul 10 00:49:54 UTC 2019
------------------ testing $PTII/ptolemy/domains/de/test/auto/DEinDEwithStartTimes.xml
auto.tcl: Setting watchdog for 200 seconds at Wed Jul 10 00:49:54 UTC 2019
7 ms. Memory: 45056K Free: 26499K (59%)
ptolemy.util.test.WatchDog.cancel(): canceling Wed Jul 10 00:49:54 UTC 2019
auto.tcl: Setting watchdog for 200 seconds at Wed Jul 10 00:49:54 UTC 2019
6 ms. Memory: 45056K Free: 25163K (56%)
ptolemy.util.test.WatchDog.cancel(): canceling Wed Jul 10 00:49:54 UTC 2019
------------------ testing $PTII/ptolemy/domains/de/test/auto/DEinDEwithStartTimes2.xml
auto.tcl: Setting watchdog for 200 seconds at Wed Jul 10 00:49:54 UTC 2019
9 ms. Memory: 45056K Free: 25612K (57%)
ptolemy.util.test.WatchDog.cancel(): canceling Wed Jul 10 00:49:54 UTC 2019
auto.tcl: Setting watchdog for 200 seconds at Wed Jul 10 00:49:54 UTC 2019
4 ms. Memory: 45056K Free: 24298K (54%)
ptolemy.util.test.WatchDog.cancel(): canceling Wed Jul 10 00:49:54 UTC 2019
------------------ testing $PTII/ptolemy/domains/de/test/auto/DateDemo.xml
auto.tcl: Setting watchdog for 200 seconds at Wed Jul 10 00:49:54 UTC 2019
18 ms. Memory: 45056K Free: 19943K (44%)
ptolemy.util.test.WatchDog.cancel(): canceling Wed Jul 10 00:49:54 UTC 2019
auto.tcl: Setting watchdog for 200 seconds at Wed Jul 10 00:49:54 UTC 2019
6 ms. Memory: 45056K Free: 18255K (41%)
ptolemy.util.test.WatchDog.cancel(): canceling Wed Jul 10 00:49:54 UTC 2019
------------------ testing $PTII/ptolemy/domains/de/test/auto/DateToEvent.xml
auto.tcl: Setting watchdog for 200 seconds at Wed Jul 10 00:49:54 UTC 2019
2020 ms. Memory: 45056K Free: 30836K (68%)
ptolemy.util.test.WatchDog.cancel(): canceling Wed Jul 10 00:49:56 UTC 2019
auto.tcl: Setting watchdog for 200 seconds at Wed Jul 10 00:49:57 UTC 2019
2005 ms. Memory: 45056K Free: 30180K (67%)
ptolemy.util.test.WatchDog.cancel(): canceling Wed Jul 10 00:49:59 UTC 2019
------------------ testing $PTII/ptolemy/domains/de/test/auto/DepthTest1.xml
auto.tcl: Setting watchdog for 200 seconds at Wed Jul 10 00:49:59 UTC 2019
3 ms. Memory: 45056K Free: 28807K (64%)
ptolemy.util.test.WatchDog.cancel(): canceling Wed Jul 10 00:49:59 UTC 2019
auto.tcl: Setting watchdog for 200 seconds at Wed Jul 10 00:49:59 UTC 2019
2 ms. Memory: 45056K Free: 28379K (63%)
ptolemy.util.test.WatchDog.cancel(): canceling Wed Jul 10 00:49:59 UTC 2019
------------------ testing $PTII/ptolemy/domains/de/test/auto/DepthTest2.xml
auto.tcl: Setting watchdog for 200 seconds at Wed Jul 10 00:49:59 UTC 2019
6 ms. Memory: 45056K Free: 25655K (57%)
ptolemy.util.test.WatchDog.cancel(): canceling Wed Jul 10 00:49:59 UTC 2019
auto.tcl: Setting watchdog for 200 seconds at Wed Jul 10 00:49:59 UTC 2019
3 ms. Memory: 45056K Free: 25037K (56%)
ptolemy.util.test.WatchDog.cancel(): canceling Wed Jul 10 00:49:59 UTC 2019
------------------ testing $PTII/ptolemy/domains/de/test/auto/DepthTest3.xml
auto.tcl: Setting watchdog for 200 seconds at Wed Jul 10 00:49:59 UTC 2019
3 ms. Memory: 45056K Free: 29108K (65%)
ptolemy.util.test.WatchDog.cancel(): canceling Wed Jul 10 00:49:59 UTC 2019
auto.tcl: Setting watchdog for 200 seconds at Wed Jul 10 00:49:59 UTC 2019
1 ms. Memory: 45056K Free: 28685K (64%)
ptolemy.util.test.WatchDog.cancel(): canceling Wed Jul 10 00:49:59 UTC 2019
------------------ testing $PTII/ptolemy/domains/de/test/auto/DepthTest4.xml
auto.tcl: Setting watchdog for 200 seconds at Wed Jul 10 00:49:59 UTC 2019
6 ms. Memory: 45056K Free: 27488K (61%)
ptolemy.util.test.WatchDog.cancel(): canceling Wed Jul 10 00:49:59 UTC 2019
auto.tcl: Setting watchdog for 200 seconds at Wed Jul 10 00:49:59 UTC 2019
2 ms. Memory: 45056K Free: 26736K (59%)
ptolemy.util.test.WatchDog.cancel(): canceling Wed Jul 10 00:49:59 UTC 2019
------------------ testing $PTII/ptolemy/domains/de/test/auto/DepthTest5.xml
auto.tcl: Setting watchdog for 200 seconds at Wed Jul 10 00:49:59 UTC 2019
3 ms. Memory: 45056K Free: 26639K (59%)
ptolemy.util.test.WatchDog.cancel(): canceling Wed Jul 10 00:49:59 UTC 2019
auto.tcl: Setting watchdog for 200 seconds at Wed Jul 10 00:49:59 UTC 2019
5 ms. Memory: 45056K Free: 26001K (58%)
ptolemy.util.test.WatchDog.cancel(): canceling Wed Jul 10 00:49:59 UTC 2019
------------------ testing $PTII/ptolemy/domains/de/test/auto/DepthTest6.xml
auto.tcl: Setting watchdog for 200 seconds at Wed Jul 10 00:49:59 UTC 2019
5 ms. Memory: 45056K Free: 26602K (59%)
ptolemy.util.test.WatchDog.cancel(): canceling Wed Jul 10 00:49:59 UTC 2019
auto.tcl: Setting watchdog for 200 seconds at Wed Jul 10 00:49:59 UTC 2019
2 ms. Memory: 45056K Free: 25979K (58%)
ptolemy.util.test.WatchDog.cancel(): canceling Wed Jul 10 00:49:59 UTC 2019
------------------ testing $PTII/ptolemy/domains/de/test/auto/DepthTest7.xml
auto.tcl: Setting watchdog for 200 seconds at Wed Jul 10 00:49:59 UTC 2019
2 ms. Memory: 45056K Free: 27268K (61%)
ptolemy.util.test.WatchDog.cancel(): canceling Wed Jul 10 00:49:59 UTC 2019
auto.tcl: Setting watchdog for 200 seconds at Wed Jul 10 00:49:59 UTC 2019
2 ms. Memory: 45056K Free: 26321K (58%)
ptolemy.util.test.WatchDog.cancel(): canceling Wed Jul 10 00:49:59 UTC 2019
------------------ testing $PTII/ptolemy/domains/de/test/auto/EventToDate.xml
auto.tcl: Setting watchdog for 200 seconds at Wed Jul 10 00:49:59 UTC 2019
3007 ms. Memory: 45056K Free: 18272K (41%)
ptolemy.util.test.WatchDog.cancel(): canceling Wed Jul 10 00:50:02 UTC 2019
auto.tcl: Setting watchdog for 200 seconds at Wed Jul 10 00:50:02 UTC 2019
3005 ms. Memory: 45056K Free: 17487K (39%)
ptolemy.util.test.WatchDog.cancel(): canceling Wed Jul 10 00:50:05 UTC 2019
------------------ testing $PTII/ptolemy/domains/de/test/auto/FSM1.xml
auto.tcl: Setting watchdog for 200 seconds at Wed Jul 10 00:50:05 UTC 2019
37 ms. Memory: 45056K Free: 19358K (43%)
ptolemy.util.test.WatchDog.cancel(): canceling Wed Jul 10 00:50:05 UTC 2019
auto.tcl: Setting watchdog for 200 seconds at Wed Jul 10 00:50:05 UTC 2019
26 ms. Memory: 45056K Free: 16141K (36%)
ptolemy.util.test.WatchDog.cancel(): canceling Wed Jul 10 00:50:05 UTC 2019
------------------ testing $PTII/ptolemy/domains/de/test/auto/FSM7.xml
auto.tcl: Setting watchdog for 200 seconds at Wed Jul 10 00:50:05 UTC 2019
18 ms. Memory: 45056K Free: 19173K (43%)
ptolemy.util.test.WatchDog.cancel(): canceling Wed Jul 10 00:50:05 UTC 2019
auto.tcl: Setting watchdog for 200 seconds at Wed Jul 10 00:50:05 UTC 2019
20 ms. Memory: 45056K Free: 16025K (36%)
ptolemy.util.test.WatchDog.cancel(): canceling Wed Jul 10 00:50:05 UTC 2019
------------------ testing $PTII/ptolemy/domains/de/test/auto/Inspection.xml
auto.tcl: Setting watchdog for 200 seconds at Wed Jul 10 00:50:05 UTC 2019
46 ms. Memory: 45056K Free: 19142K (42%)
ptolemy.util.test.WatchDog.cancel(): canceling Wed Jul 10 00:50:06 UTC 2019
auto.tcl: Setting watchdog for 200 seconds at Wed Jul 10 00:50:06 UTC 2019
36 ms. Memory: 45056K Free: 17365K (39%)
ptolemy.util.test.WatchDog.cancel(): canceling Wed Jul 10 00:50:06 UTC 2019
------------------ testing $PTII/ptolemy/domains/de/test/auto/Iteration.xml
auto.tcl: Setting watchdog for 200 seconds at Wed Jul 10 00:50:06 UTC 2019
7 ms. Memory: 45056K Free: 24906K (55%)
ptolemy.util.test.WatchDog.cancel(): canceling Wed Jul 10 00:50:06 UTC 2019
auto.tcl: Setting watchdog for 200 seconds at Wed Jul 10 00:50:06 UTC 2019
7 ms. Memory: 45056K Free: 23436K (52%)
ptolemy.util.test.WatchDog.cancel(): canceling Wed Jul 10 00:50:06 UTC 2019
------------------ testing $PTII/ptolemy/domains/de/test/auto/LineFault.xml
auto.tcl: Setting watchdog for 200 seconds at Wed Jul 10 00:50:06 UTC 2019
719 ms. Memory: 54272K Free: 30023K (55%)
ptolemy.util.test.WatchDog.cancel(): canceling Wed Jul 10 00:50:07 UTC 2019
auto.tcl: Setting watchdog for 200 seconds at Wed Jul 10 00:50:07 UTC 2019
552 ms. Memory: 65536K Free: 37439K (57%)
ptolemy.util.test.WatchDog.cancel(): canceling Wed Jul 10 00:50:07 UTC 2019
------------------ testing $PTII/ptolemy/domains/de/test/auto/MergeModel1Add.xml
auto.tcl: Setting watchdog for 200 seconds at Wed Jul 10 00:50:07 UTC 2019
37 ms. Memory: 51200K Free: 17333K (34%)
ptolemy.util.test.WatchDog.cancel(): canceling Wed Jul 10 00:50:07 UTC 2019
auto.tcl: Setting watchdog for 200 seconds at Wed Jul 10 00:50:07 UTC 2019
13 ms. Memory: 51200K Free: 15725K (31%)
ptolemy.util.test.WatchDog.cancel(): canceling Wed Jul 10 00:50:07 UTC 2019
------------------ testing $PTII/ptolemy/domains/de/test/auto/MergeModel2Add.xml
auto.tcl: Setting watchdog for 200 seconds at Wed Jul 10 00:50:08 UTC 2019
8 ms. Memory: 48128K Free: 16404K (34%)
ptolemy.util.test.WatchDog.cancel(): canceling Wed Jul 10 00:50:08 UTC 2019
auto.tcl: Setting watchdog for 200 seconds at Wed Jul 10 00:50:08 UTC 2019
8 ms. Memory: 48128K Free: 14977K (31%)
ptolemy.util.test.WatchDog.cancel(): canceling Wed Jul 10 00:50:08 UTC 2019
------------------ testing $PTII/ptolemy/domains/de/test/auto/MergeModel3Add.xml
auto.tcl: Setting watchdog for 200 seconds at Wed Jul 10 00:50:08 UTC 2019
8 ms. Memory: 48128K Free: 15899K (33%)
ptolemy.util.test.WatchDog.cancel(): canceling Wed Jul 10 00:50:08 UTC 2019
auto.tcl: Setting watchdog for 200 seconds at Wed Jul 10 00:50:08 UTC 2019
8 ms. Memory: 48128K Free: 14545K (30%)
ptolemy.util.test.WatchDog.cancel(): canceling Wed Jul 10 00:50:08 UTC 2019
------------------ testing $PTII/ptolemy/domains/de/test/auto/MergeWithoutDiscard.xml
auto.tcl: Setting watchdog for 200 seconds at Wed Jul 10 00:50:08 UTC 2019
2 ms. Memory: 48128K Free: 30807K (64%)
ptolemy.util.test.WatchDog.cancel(): canceling Wed Jul 10 00:50:08 UTC 2019
auto.tcl: Setting watchdog for 200 seconds at Wed Jul 10 00:50:08 UTC 2019
1 ms. Memory: 48128K Free: 30315K (63%)
ptolemy.util.test.WatchDog.cancel(): canceling Wed Jul 10 00:50:08 UTC 2019
------------------ testing $PTII/ptolemy/domains/de/test/auto/Modal1.xml
auto.tcl: Setting watchdog for 200 seconds at Wed Jul 10 00:50:08 UTC 2019
19 ms. Memory: 48128K Free: 22875K (48%)
ptolemy.util.test.WatchDog.cancel(): canceling Wed Jul 10 00:50:08 UTC 2019
auto.tcl: Setting watchdog for 200 seconds at Wed Jul 10 00:50:08 UTC 2019
20 ms. Memory: 48128K Free: 19331K (40%)
ptolemy.util.test.WatchDog.cancel(): canceling Wed Jul 10 00:50:08 UTC 2019
------------------ testing $PTII/ptolemy/domains/de/test/auto/Modal2.xml
auto.tcl: Setting watchdog for 200 seconds at Wed Jul 10 00:50:08 UTC 2019
15 ms. Memory: 45056K Free: 19424K (43%)
ptolemy.util.test.WatchDog.cancel(): canceling Wed Jul 10 00:50:08 UTC 2019
auto.tcl: Setting watchdog for 200 seconds at Wed Jul 10 00:50:08 UTC 2019
21 ms. Memory: 45056K Free: 16171K (36%)
ptolemy.util.test.WatchDog.cancel(): canceling Wed Jul 10 00:50:08 UTC 2019
------------------ testing $PTII/ptolemy/domains/de/test/auto/Modal3.xml
auto.tcl: Setting watchdog for 200 seconds at Wed Jul 10 00:50:08 UTC 2019
15 ms. Memory: 45056K Free: 19134K (42%)
ptolemy.util.test.WatchDog.cancel(): canceling Wed Jul 10 00:50:08 UTC 2019
auto.tcl: Setting watchdog for 200 seconds at Wed Jul 10 00:50:08 UTC 2019
16 ms. Memory: 45056K Free: 16182K (36%)
ptolemy.util.test.WatchDog.cancel(): canceling Wed Jul 10 00:50:08 UTC 2019
------------------ testing $PTII/ptolemy/domains/de/test/auto/Modal4.xml
auto.tcl: Setting watchdog for 200 seconds at Wed Jul 10 00:50:08 UTC 2019
14 ms. Memory: 45056K Free: 18152K (40%)
ptolemy.util.test.WatchDog.cancel(): canceling Wed Jul 10 00:50:08 UTC 2019
auto.tcl: Setting watchdog for 200 seconds at Wed Jul 10 00:50:08 UTC 2019
16 ms. Memory: 45056K Free: 14166K (31%)
ptolemy.util.test.WatchDog.cancel(): canceling Wed Jul 10 00:50:08 UTC 2019
------------------ testing $PTII/ptolemy/domains/de/test/auto/Modal5.xml
auto.tcl: Setting watchdog for 200 seconds at Wed Jul 10 00:50:08 UTC 2019
14 ms. Memory: 45056K Free: 18157K (40%)
ptolemy.util.test.WatchDog.cancel(): canceling Wed Jul 10 00:50:08 UTC 2019
auto.tcl: Setting watchdog for 200 seconds at Wed Jul 10 00:50:08 UTC 2019
16 ms. Memory: 45056K Free: 14528K (32%)
ptolemy.util.test.WatchDog.cancel(): canceling Wed Jul 10 00:50:08 UTC 2019
------------------ testing $PTII/ptolemy/domains/de/test/auto/Modal6.xml
auto.tcl: Setting watchdog for 200 seconds at Wed Jul 10 00:50:08 UTC 2019
26 ms. Memory: 45056K Free: 19163K (43%)
ptolemy.util.test.WatchDog.cancel(): canceling Wed Jul 10 00:50:08 UTC 2019
auto.tcl: Setting watchdog for 200 seconds at Wed Jul 10 00:50:08 UTC 2019
20 ms. Memory: 45056K Free: 15209K (34%)
ptolemy.util.test.WatchDog.cancel(): canceling Wed Jul 10 00:50:09 UTC 2019
------------------ testing $PTII/ptolemy/domains/de/test/auto/Modal7.xml
auto.tcl: Setting watchdog for 200 seconds at Wed Jul 10 00:50:09 UTC 2019
10 ms. Memory: 45056K Free: 18146K (40%)
ptolemy.util.test.WatchDog.cancel(): canceling Wed Jul 10 00:50:09 UTC 2019
auto.tcl: Setting watchdog for 200 seconds at Wed Jul 10 00:50:09 UTC 2019
11 ms. Memory: 45056K Free: 14879K (33%)
ptolemy.util.test.WatchDog.cancel(): canceling Wed Jul 10 00:50:09 UTC 2019
------------------ testing $PTII/ptolemy/domains/de/test/auto/ModalModel.xml
auto.tcl: Setting watchdog for 200 seconds at Wed Jul 10 00:50:09 UTC 2019
216 ms. Memory: 60416K Free: 42473K (70%)
ptolemy.util.test.WatchDog.cancel(): canceling Wed Jul 10 00:50:09 UTC 2019
auto.tcl: Setting watchdog for 200 seconds at Wed Jul 10 00:50:09 UTC 2019
213 ms. Memory: 60416K Free: 40215K (67%)
ptolemy.util.test.WatchDog.cancel(): canceling Wed Jul 10 00:50:09 UTC 2019
------------------ testing $PTII/ptolemy/domains/de/test/auto/ModalSource.xml
auto.tcl: Setting watchdog for 200 seconds at Wed Jul 10 00:50:09 UTC 2019
11 ms. Memory: 48128K Free: 26278K (55%)
ptolemy.util.test.WatchDog.cancel(): canceling Wed Jul 10 00:50:09 UTC 2019
auto.tcl: Setting watchdog for 200 seconds at Wed Jul 10 00:50:09 UTC 2019
6 ms. Memory: 48128K Free: 24221K (50%)
ptolemy.util.test.WatchDog.cancel(): canceling Wed Jul 10 00:50:09 UTC 2019
------------------ testing $PTII/ptolemy/domains/de/test/auto/NonInterruptibleTimerZeroDelay.xml
auto.tcl: Setting watchdog for 200 seconds at Wed Jul 10 00:50:09 UTC 2019
3 ms. Memory: 45056K Free: 27952K (62%)
ptolemy.util.test.WatchDog.cancel(): canceling Wed Jul 10 00:50:09 UTC 2019
auto.tcl: Setting watchdog for 200 seconds at Wed Jul 10 00:50:09 UTC 2019
2 ms. Memory: 45056K Free: 27068K (60%)
ptolemy.util.test.WatchDog.cancel(): canceling Wed Jul 10 00:50:09 UTC 2019
------------------ testing $PTII/ptolemy/domains/de/test/auto/OpenQueueingNetwork.xml
auto.tcl: Setting watchdog for 200 seconds at Wed Jul 10 00:50:09 UTC 2019
3005 ms. Memory: 97280K Free: 43036K (44%)
ptolemy.util.test.WatchDog.cancel(): canceling Wed Jul 10 00:50:13 UTC 2019
auto.tcl: Setting watchdog for 200 seconds at Wed Jul 10 00:50:13 UTC 2019
2597 ms. Memory: 124928K Free: 78915K (63%)
ptolemy.util.test.WatchDog.cancel(): canceling Wed Jul 10 00:50:15 UTC 2019
------------------ testing $PTII/ptolemy/domains/de/test/auto/OpenQueuingNetwork.xml
auto.tcl: Setting watchdog for 200 seconds at Wed Jul 10 00:50:15 UTC 2019
302 ms. Memory: 55296K Free: 25686K (46%)
ptolemy.util.test.WatchDog.cancel(): canceling Wed Jul 10 00:50:16 UTC 2019
auto.tcl: Setting watchdog for 200 seconds at Wed Jul 10 00:50:16 UTC 2019
269 ms. Memory: 55296K Free: 34916K (63%)
ptolemy.util.test.WatchDog.cancel(): canceling Wed Jul 10 00:50:16 UTC 2019
------------------ testing $PTII/ptolemy/domains/de/test/auto/PeriodicSampler.xml
auto.tcl: Setting watchdog for 200 seconds at Wed Jul 10 00:50:16 UTC 2019
2 ms. Memory: 48128K Free: 30403K (63%)
ptolemy.util.test.WatchDog.cancel(): canceling Wed Jul 10 00:50:16 UTC 2019
auto.tcl: Setting watchdog for 200 seconds at Wed Jul 10 00:50:16 UTC 2019
2 ms. Memory: 48128K Free: 29913K (62%)
ptolemy.util.test.WatchDog.cancel(): canceling Wed Jul 10 00:50:16 UTC 2019
------------------ testing $PTII/ptolemy/domains/de/test/auto/PersistentIO.xml
auto.tcl: Setting watchdog for 200 seconds at Wed Jul 10 00:50:16 UTC 2019
8 ms. Memory: 45056K Free: 22263K (49%)
ptolemy.util.test.WatchDog.cancel(): canceling Wed Jul 10 00:50:16 UTC 2019
auto.tcl: Setting watchdog for 200 seconds at Wed Jul 10 00:50:16 UTC 2019
4 ms. Memory: 45056K Free: 20834K (46%)
ptolemy.util.test.WatchDog.cancel(): canceling Wed Jul 10 00:50:16 UTC 2019
------------------ testing $PTII/ptolemy/domains/de/test/auto/PortParameterResetOnInitialize.xml
auto.tcl: Setting watchdog for 200 seconds at Wed Jul 10 00:50:16 UTC 2019
3 ms. Memory: 45056K Free: 27223K (60%)
ptolemy.util.test.WatchDog.cancel(): canceling Wed Jul 10 00:50:16 UTC 2019
auto.tcl: Setting watchdog for 200 seconds at Wed Jul 10 00:50:16 UTC 2019
2 ms. Memory: 45056K Free: 26753K (59%)
ptolemy.util.test.WatchDog.cancel(): canceling Wed Jul 10 00:50:16 UTC 2019
------------------ testing $PTII/ptolemy/domains/de/test/auto/PortParameterUpdates.xml
auto.tcl: Setting watchdog for 200 seconds at Wed Jul 10 00:50:16 UTC 2019
4 ms. Memory: 45056K Free: 25358K (56%)
ptolemy.util.test.WatchDog.cancel(): canceling Wed Jul 10 00:50:16 UTC 2019
auto.tcl: Setting watchdog for 200 seconds at Wed Jul 10 00:50:16 UTC 2019
6 ms. Memory: 45056K Free: 23959K (53%)
ptolemy.util.test.WatchDog.cancel(): canceling Wed Jul 10 00:50:16 UTC 2019
------------------ testing $PTII/ptolemy/domains/de/test/auto/QueueAndServer.xml
auto.tcl: Setting watchdog for 200 seconds at Wed Jul 10 00:50:16 UTC 2019
16 ms. Memory: 45056K Free: 24298K (54%)
ptolemy.util.test.WatchDog.cancel(): canceling Wed Jul 10 00:50:16 UTC 2019
auto.tcl: Setting watchdog for 200 seconds at Wed Jul 10 00:50:16 UTC 2019
6 ms. Memory: 45056K Free: 22877K (51%)
ptolemy.util.test.WatchDog.cancel(): canceling Wed Jul 10 00:50:16 UTC 2019
------------------ testing $PTII/ptolemy/domains/de/test/auto/Records.xml
auto.tcl: Setting watchdog for 200 seconds at Wed Jul 10 00:50:16 UTC 2019
5 ms. Memory: 45056K Free: 26815K (60%)
ptolemy.util.test.WatchDog.cancel(): canceling Wed Jul 10 00:50:16 UTC 2019
auto.tcl: Setting watchdog for 200 seconds at Wed Jul 10 00:50:16 UTC 2019
2 ms. Memory: 45056K Free: 26339K (58%)
ptolemy.util.test.WatchDog.cancel(): canceling Wed Jul 10 00:50:16 UTC 2019
------------------ testing $PTII/ptolemy/domains/de/test/auto/ResetTransitionWithStartTime1.xml
auto.tcl: Setting watchdog for 200 seconds at Wed Jul 10 00:50:16 UTC 2019
13 ms. Memory: 45056K Free: 23739K (53%)
ptolemy.util.test.WatchDog.cancel(): canceling Wed Jul 10 00:50:16 UTC 2019
auto.tcl: Setting watchdog for 200 seconds at Wed Jul 10 00:50:16 UTC 2019
10 ms. Memory: 45056K Free: 21237K (47%)
ptolemy.util.test.WatchDog.cancel(): canceling Wed Jul 10 00:50:16 UTC 2019
------------------ testing $PTII/ptolemy/domains/de/test/auto/ResetTransitionWithStartTime2.xml
auto.tcl: Setting watchdog for 200 seconds at Wed Jul 10 00:50:16 UTC 2019
6 ms. Memory: 45056K Free: 23694K (53%)
ptolemy.util.test.WatchDog.cancel(): canceling Wed Jul 10 00:50:17 UTC 2019
auto.tcl: Setting watchdog for 200 seconds at Wed Jul 10 00:50:17 UTC 2019
7 ms. Memory: 45056K Free: 21192K (47%)
ptolemy.util.test.WatchDog.cancel(): canceling Wed Jul 10 00:50:17 UTC 2019
------------------ testing $PTII/ptolemy/domains/de/test/auto/ResetTransitionWithStartTime3.xml
auto.tcl: Setting watchdog for 200 seconds at Wed Jul 10 00:50:17 UTC 2019
10 ms. Memory: 45056K Free: 23892K (53%)
ptolemy.util.test.WatchDog.cancel(): canceling Wed Jul 10 00:50:17 UTC 2019
auto.tcl: Setting watchdog for 200 seconds at Wed Jul 10 00:50:17 UTC 2019
6 ms. Memory: 45056K Free: 21645K (48%)
ptolemy.util.test.WatchDog.cancel(): canceling Wed Jul 10 00:50:17 UTC 2019
------------------ testing $PTII/ptolemy/domains/de/test/auto/ResetTransitionWithStartTime4.xml
auto.tcl: Setting watchdog for 200 seconds at Wed Jul 10 00:50:17 UTC 2019
15 ms. Memory: 45056K Free: 24202K (54%)
ptolemy.util.test.WatchDog.cancel(): canceling Wed Jul 10 00:50:17 UTC 2019
auto.tcl: Setting watchdog for 200 seconds at Wed Jul 10 00:50:17 UTC 2019
4 ms. Memory: 45056K Free: 22783K (51%)
ptolemy.util.test.WatchDog.cancel(): canceling Wed Jul 10 00:50:17 UTC 2019
------------------ testing $PTII/ptolemy/domains/de/test/auto/ResettableTimer1.xml
auto.tcl: Setting watchdog for 200 seconds at Wed Jul 10 00:50:17 UTC 2019
2 ms. Memory: 45056K Free: 28017K (62%)
ptolemy.util.test.WatchDog.cancel(): canceling Wed Jul 10 00:50:17 UTC 2019
auto.tcl: Setting watchdog for 200 seconds at Wed Jul 10 00:50:17 UTC 2019
3 ms. Memory: 45056K Free: 27317K (61%)
ptolemy.util.test.WatchDog.cancel(): canceling Wed Jul 10 00:50:17 UTC 2019
------------------ testing $PTII/ptolemy/domains/de/test/auto/ResettableTimer2.xml
auto.tcl: Setting watchdog for 200 seconds at Wed Jul 10 00:50:17 UTC 2019
2 ms. Memory: 45056K Free: 28018K (62%)
ptolemy.util.test.WatchDog.cancel(): canceling Wed Jul 10 00:50:17 UTC 2019
auto.tcl: Setting watchdog for 200 seconds at Wed Jul 10 00:50:17 UTC 2019
2 ms. Memory: 45056K Free: 26918K (60%)
ptolemy.util.test.WatchDog.cancel(): canceling Wed Jul 10 00:50:17 UTC 2019
------------------ testing $PTII/ptolemy/domains/de/test/auto/ResettableTimer3.xml
auto.tcl: Setting watchdog for 200 seconds at Wed Jul 10 00:50:17 UTC 2019
3 ms. Memory: 45056K Free: 28356K (63%)
ptolemy.util.test.WatchDog.cancel(): canceling Wed Jul 10 00:50:17 UTC 2019
auto.tcl: Setting watchdog for 200 seconds at Wed Jul 10 00:50:17 UTC 2019
2 ms. Memory: 45056K Free: 27826K (62%)
ptolemy.util.test.WatchDog.cancel(): canceling Wed Jul 10 00:50:17 UTC 2019
------------------ testing $PTII/ptolemy/domains/de/test/auto/ResettableTimer4.xml
auto.tcl: Setting watchdog for 200 seconds at Wed Jul 10 00:50:17 UTC 2019
2 ms. Memory: 45056K Free: 27949K (62%)
ptolemy.util.test.WatchDog.cancel(): canceling Wed Jul 10 00:50:17 UTC 2019
auto.tcl: Setting watchdog for 200 seconds at Wed Jul 10 00:50:17 UTC 2019
2 ms. Memory: 45056K Free: 27839K (62%)
ptolemy.util.test.WatchDog.cancel(): canceling Wed Jul 10 00:50:17 UTC 2019
------------------ testing $PTII/ptolemy/domains/de/test/auto/ResettableTimer5.xml
auto.tcl: Setting watchdog for 200 seconds at Wed Jul 10 00:50:17 UTC 2019
2 ms. Memory: 45056K Free: 27917K (62%)
ptolemy.util.test.WatchDog.cancel(): canceling Wed Jul 10 00:50:17 UTC 2019
auto.tcl: Setting watchdog for 200 seconds at Wed Jul 10 00:50:17 UTC 2019
2 ms. Memory: 45056K Free: 27414K (61%)
ptolemy.util.test.WatchDog.cancel(): canceling Wed Jul 10 00:50:17 UTC 2019
------------------ testing $PTII/ptolemy/domains/de/test/auto/ResettableTimer6.xml
auto.tcl: Setting watchdog for 200 seconds at Wed Jul 10 00:50:17 UTC 2019
2 ms. Memory: 45056K Free: 27296K (61%)
ptolemy.util.test.WatchDog.cancel(): canceling Wed Jul 10 00:50:17 UTC 2019
auto.tcl: Setting watchdog for 200 seconds at Wed Jul 10 00:50:17 UTC 2019
1 ms. Memory: 45056K Free: 26804K (59%)
ptolemy.util.test.WatchDog.cancel(): canceling Wed Jul 10 00:50:17 UTC 2019
------------------ testing $PTII/ptolemy/domains/de/test/auto/ServerZeroDelay.xml
auto.tcl: Setting watchdog for 200 seconds at Wed Jul 10 00:50:17 UTC 2019
3 ms. Memory: 45056K Free: 27837K (62%)
ptolemy.util.test.WatchDog.cancel(): canceling Wed Jul 10 00:50:17 UTC 2019
auto.tcl: Setting watchdog for 200 seconds at Wed Jul 10 00:50:17 UTC 2019
3 ms. Memory: 45056K Free: 26976K (60%)
ptolemy.util.test.WatchDog.cancel(): canceling Wed Jul 10 00:50:17 UTC 2019
------------------ testing $PTII/ptolemy/domains/de/test/auto/SmartSender.xml
auto.tcl: Setting watchdog for 200 seconds at Wed Jul 10 00:50:17 UTC 2019
3001 ms. Memory: 45056K Free: 27923K (62%)
ptolemy.util.test.WatchDog.cancel(): canceling Wed Jul 10 00:50:20 UTC 2019
auto.tcl: Setting watchdog for 200 seconds at Wed Jul 10 00:50:20 UTC 2019
3002 ms. Memory: 45056K Free: 27377K (61%)
ptolemy.util.test.WatchDog.cancel(): canceling Wed Jul 10 00:50:23 UTC 2019
------------------ testing $PTII/ptolemy/domains/de/test/auto/ThreadedComposite.xml
auto.tcl: Setting watchdog for 200 seconds at Wed Jul 10 00:50:23 UTC 2019
157 ms. Memory: 45056K Free: 8902K (20%)
ptolemy.util.test.WatchDog.cancel(): canceling Wed Jul 10 00:50:23 UTC 2019
auto.tcl: Setting watchdog for 200 seconds at Wed Jul 10 00:50:23 UTC 2019
229 ms. Memory: 54272K Free: 26473K (49%)
ptolemy.util.test.WatchDog.cancel(): canceling Wed Jul 10 00:50:24 UTC 2019
------------------ testing $PTII/ptolemy/domains/de/test/auto/Time.xml
auto.tcl: Setting watchdog for 200 seconds at Wed Jul 10 00:50:24 UTC 2019
578 ms. Memory: 48128K Free: 31680K (66%)
ptolemy.util.test.WatchDog.cancel(): canceling Wed Jul 10 00:50:24 UTC 2019
auto.tcl: Setting watchdog for 200 seconds at Wed Jul 10 00:50:24 UTC 2019
530 ms. Memory: 48128K Free: 33132K (69%)
ptolemy.util.test.WatchDog.cancel(): canceling Wed Jul 10 00:50:25 UTC 2019
------------------ testing $PTII/ptolemy/domains/de/test/auto/TimeDelayZeroDelay.xml
auto.tcl: Setting watchdog for 200 seconds at Wed Jul 10 00:50:25 UTC 2019
2 ms. Memory: 45056K Free: 28248K (63%)
ptolemy.util.test.WatchDog.cancel(): canceling Wed Jul 10 00:50:25 UTC 2019
auto.tcl: Setting watchdog for 200 seconds at Wed Jul 10 00:50:25 UTC 2019
2 ms. Memory: 45056K Free: 27744K (62%)
ptolemy.util.test.WatchDog.cancel(): canceling Wed Jul 10 00:50:25 UTC 2019
------------------ testing $PTII/ptolemy/domains/de/test/auto/TimerZeroDelay.xml
auto.tcl: Setting watchdog for 200 seconds at Wed Jul 10 00:50:25 UTC 2019
4 ms. Memory: 45056K Free: 28279K (63%)
ptolemy.util.test.WatchDog.cancel(): canceling Wed Jul 10 00:50:25 UTC 2019
auto.tcl: Setting watchdog for 200 seconds at Wed Jul 10 00:50:25 UTC 2019
2 ms. Memory: 45056K Free: 27404K (61%)
ptolemy.util.test.WatchDog.cancel(): canceling Wed Jul 10 00:50:25 UTC 2019
------------------ testing $PTII/ptolemy/domains/de/test/auto/TimingParadox.xml
auto.tcl: Setting watchdog for 200 seconds at Wed Jul 10 00:50:25 UTC 2019
401 ms. Memory: 45056K Free: 29339K (65%)
ptolemy.util.test.WatchDog.cancel(): canceling Wed Jul 10 00:50:26 UTC 2019
auto.tcl: Setting watchdog for 200 seconds at Wed Jul 10 00:50:26 UTC 2019
363 ms. Memory: 45056K Free: 15632K (35%)
ptolemy.util.test.WatchDog.cancel(): canceling Wed Jul 10 00:50:26 UTC 2019
------------------ testing $PTII/ptolemy/domains/de/test/auto/TransferInputs.xml
auto.tcl: Setting watchdog for 200 seconds at Wed Jul 10 00:50:26 UTC 2019
3 ms. Memory: 45056K Free: 26316K (58%)
ptolemy.util.test.WatchDog.cancel(): canceling Wed Jul 10 00:50:26 UTC 2019
auto.tcl: Setting watchdog for 200 seconds at Wed Jul 10 00:50:26 UTC 2019
2 ms. Memory: 45056K Free: 25343K (56%)
ptolemy.util.test.WatchDog.cancel(): canceling Wed Jul 10 00:50:26 UTC 2019
------------------ testing $PTII/ptolemy/domains/de/test/auto/TransferOutputs2.xml
auto.tcl: Setting watchdog for 200 seconds at Wed Jul 10 00:50:26 UTC 2019
3 ms. Memory: 45056K Free: 23731K (53%)
ptolemy.util.test.WatchDog.cancel(): canceling Wed Jul 10 00:50:26 UTC 2019
auto.tcl: Setting watchdog for 200 seconds at Wed Jul 10 00:50:26 UTC 2019
3 ms. Memory: 45056K Free: 22247K (49%)
ptolemy.util.test.WatchDog.cancel(): canceling Wed Jul 10 00:50:26 UTC 2019
------------------ testing $PTII/ptolemy/domains/de/test/auto/Trilateration.xml
auto.tcl: Setting watchdog for 200 seconds at Wed Jul 10 00:50:26 UTC 2019
15403 ms. Memory: 515072K Free: 230938K (45%)
ptolemy.util.test.WatchDog.cancel(): canceling Wed Jul 10 00:50:43 UTC 2019
auto.tcl: Setting watchdog for 200 seconds at Wed Jul 10 00:50:43 UTC 2019
11649 ms. Memory: 515072K Free: 338857K (66%)
ptolemy.util.test.WatchDog.cancel(): canceling Wed Jul 10 00:50:54 UTC 2019
------------------ testing $PTII/ptolemy/domains/de/test/auto/TwoSigmaDelta.xml
auto.tcl: Setting watchdog for 200 seconds at Wed Jul 10 00:50:55 UTC 2019
2992 ms. Memory: 86016K Free: 49492K (58%)
ptolemy.util.test.WatchDog.cancel(): canceling Wed Jul 10 00:50:58 UTC 2019
auto.tcl: Setting watchdog for 200 seconds at Wed Jul 10 00:50:58 UTC 2019
2154 ms. Memory: 86016K Free: 39245K (46%)
ptolemy.util.test.WatchDog.cancel(): canceling Wed Jul 10 00:51:00 UTC 2019
------------------ testing $PTII/ptolemy/domains/de/test/auto/VariableDelay.xml
auto.tcl: Setting watchdog for 200 seconds at Wed Jul 10 00:51:00 UTC 2019
6 ms. Memory: 48128K Free: 29814K (62%)
ptolemy.util.test.WatchDog.cancel(): canceling Wed Jul 10 00:51:00 UTC 2019
auto.tcl: Setting watchdog for 200 seconds at Wed Jul 10 00:51:00 UTC 2019
2 ms. Memory: 48128K Free: 29318K (61%)
ptolemy.util.test.WatchDog.cancel(): canceling Wed Jul 10 00:51:00 UTC 2019
------------------ testing $PTII/ptolemy/domains/de/test/auto/VariableDelay2.xml
auto.tcl: Setting watchdog for 200 seconds at Wed Jul 10 00:51:00 UTC 2019
7 ms. Memory: 48128K Free: 30213K (63%)
ptolemy.util.test.WatchDog.cancel(): canceling Wed Jul 10 00:51:00 UTC 2019
auto.tcl: Setting watchdog for 200 seconds at Wed Jul 10 00:51:00 UTC 2019
3 ms. Memory: 48128K Free: 29717K (62%)
ptolemy.util.test.WatchDog.cancel(): canceling Wed Jul 10 00:51:00 UTC 2019
------------------ testing $PTII/ptolemy/domains/de/test/auto/VariableDelayZeroDelay.xml
auto.tcl: Setting watchdog for 200 seconds at Wed Jul 10 00:51:00 UTC 2019
2 ms. Memory: 48128K Free: 30740K (64%)
ptolemy.util.test.WatchDog.cancel(): canceling Wed Jul 10 00:51:00 UTC 2019
auto.tcl: Setting watchdog for 200 seconds at Wed Jul 10 00:51:00 UTC 2019
2 ms. Memory: 48128K Free: 30239K (63%)
ptolemy.util.test.WatchDog.cancel(): canceling Wed Jul 10 00:51:00 UTC 2019
------------------ testing $PTII/ptolemy/domains/de/test/auto/VariableDelayZeroDelay2.xml
auto.tcl: Setting watchdog for 200 seconds at Wed Jul 10 00:51:00 UTC 2019
2 ms. Memory: 48128K Free: 30739K (64%)
ptolemy.util.test.WatchDog.cancel(): canceling Wed Jul 10 00:51:00 UTC 2019
auto.tcl: Setting watchdog for 200 seconds at Wed Jul 10 00:51:00 UTC 2019
2 ms. Memory: 48128K Free: 29731K (62%)
ptolemy.util.test.WatchDog.cancel(): canceling Wed Jul 10 00:51:00 UTC 2019
------------------ testing $PTII/ptolemy/domains/de/test/auto/deInCt.xml
auto.tcl: Setting watchdog for 200 seconds at Wed Jul 10 00:51:00 UTC 2019
0
1
1
1
0
0
1
1
1
0
0
0
1
1
1
0
0
0
1
1
1
0
0
0
0
0
1
1
1
1
1
0
0
1
1
1
1
1
1
11 ms. Memory: 48128K Free: 29712K (62%)
ptolemy.util.test.WatchDog.cancel(): canceling Wed Jul 10 00:51:00 UTC 2019
auto.tcl: Setting watchdog for 200 seconds at Wed Jul 10 00:51:00 UTC 2019
0
1
1
1
1
0
0
0
1
1
1
1
1
0
0
0
1
1
1
1
0
0
0
0
1
1
1
1
0
0
0
1
1
1
1
9 ms. Memory: 48128K Free: 28187K (59%)
ptolemy.util.test.WatchDog.cancel(): canceling Wed Jul 10 00:51:00 UTC 2019
------------------ testing $PTII/ptolemy/domains/de/test/auto/deInCt2.xml
auto.tcl: Setting watchdog for 200 seconds at Wed Jul 10 00:51:00 UTC 2019
0
1
1
1
0
0
1
1
1
0
0
1
1
1
0
0
1
1
1
0
0
1
1
1
0
0
1
1
1
0
0
1
1
1
0
0
1
1
1
0
0
0
12 ms. Memory: 48128K Free: 29714K (62%)
ptolemy.util.test.WatchDog.cancel(): canceling Wed Jul 10 00:51:00 UTC 2019
auto.tcl: Setting watchdog for 200 seconds at Wed Jul 10 00:51:00 UTC 2019
0
1
1
1
0
0
1
1
1
0
0
1
1
1
0
0
1
1
1
0
0
1
1
1
0
0
1
1
1
0
0
1
1
1
0
0
1
1
1
0
0
0
11 ms. Memory: 48128K Free: 28175K (59%)
ptolemy.util.test.WatchDog.cancel(): canceling Wed Jul 10 00:51:00 UTC 2019
------------------ testing $PTII/ptolemy/domains/de/test/auto/dynamicCausalityInterface1.xml
auto.tcl: Setting watchdog for 200 seconds at Wed Jul 10 00:51:00 UTC 2019
2 ms. Memory: 48128K Free: 25613K (53%)
ptolemy.util.test.WatchDog.cancel(): canceling Wed Jul 10 00:51:00 UTC 2019
auto.tcl: Setting watchdog for 200 seconds at Wed Jul 10 00:51:00 UTC 2019
0 ms. Memory: 48128K Free: 25112K (52%)
ptolemy.util.test.WatchDog.cancel(): canceling Wed Jul 10 00:51:00 UTC 2019
------------------ testing $PTII/ptolemy/domains/de/test/auto/fsm_de_test.xml
auto.tcl: Setting watchdog for 200 seconds at Wed Jul 10 00:51:00 UTC 2019
8 ms. Memory: 48128K Free: 25511K (53%)
ptolemy.util.test.WatchDog.cancel(): canceling Wed Jul 10 00:51:00 UTC 2019
auto.tcl: Setting watchdog for 200 seconds at Wed Jul 10 00:51:00 UTC 2019
6 ms. Memory: 48128K Free: 23463K (49%)
ptolemy.util.test.WatchDog.cancel(): canceling Wed Jul 10 00:51:00 UTC 2019
------------------ testing $PTII/ptolemy/domains/de/test/auto/functionDependencyReconstruction.xml
auto.tcl: Setting watchdog for 200 seconds at Wed Jul 10 00:51:00 UTC 2019
2 ms. Memory: 48128K Free: 19357K (40%)
ptolemy.util.test.WatchDog.cancel(): canceling Wed Jul 10 00:51:01 UTC 2019
auto.tcl: Setting watchdog for 200 seconds at Wed Jul 10 00:51:01 UTC 2019
3 ms. Memory: 48128K Free: 17309K (36%)
ptolemy.util.test.WatchDog.cancel(): canceling Wed Jul 10 00:51:01 UTC 2019
------------------ testing $PTII/ptolemy/domains/de/test/auto/multirate.xml
auto.tcl: Setting watchdog for 200 seconds at Wed Jul 10 00:51:01 UTC 2019
3 ms. Memory: 48128K Free: 27935K (58%)
ptolemy.util.test.WatchDog.cancel(): canceling Wed Jul 10 00:51:01 UTC 2019
auto.tcl: Setting watchdog for 200 seconds at Wed Jul 10 00:51:01 UTC 2019
3 ms. Memory: 48128K Free: 26421K (55%)
ptolemy.util.test.WatchDog.cancel(): canceling Wed Jul 10 00:51:01 UTC 2019
------------------ testing $PTII/ptolemy/domains/de/test/auto/multirate2.xml
auto.tcl: Setting watchdog for 200 seconds at Wed Jul 10 00:51:01 UTC 2019
3 ms. Memory: 48128K Free: 28109K (58%)
ptolemy.util.test.WatchDog.cancel(): canceling Wed Jul 10 00:51:01 UTC 2019
auto.tcl: Setting watchdog for 200 seconds at Wed Jul 10 00:51:01 UTC 2019
3 ms. Memory: 48128K Free: 26611K (55%)
ptolemy.util.test.WatchDog.cancel(): canceling Wed Jul 10 00:51:01 UTC 2019
------------------ testing $PTII/ptolemy/domains/de/test/auto/realtime.xml
auto.tcl: Setting watchdog for 200 seconds at Wed Jul 10 00:51:01 UTC 2019
10001 ms. Memory: 48128K Free: 30404K (63%)
ptolemy.util.test.WatchDog.cancel(): canceling Wed Jul 10 00:51:11 UTC 2019
auto.tcl: Setting watchdog for 200 seconds at Wed Jul 10 00:51:11 UTC 2019
10001 ms. Memory: 48128K Free: 29659K (62%)
ptolemy.util.test.WatchDog.cancel(): canceling Wed Jul 10 00:51:21 UTC 2019
------------------ testing $PTII/ptolemy/domains/de/test/auto/relationGroup.xml
auto.tcl: Setting watchdog for 200 seconds at Wed Jul 10 00:51:21 UTC 2019
1 ms. Memory: 48128K Free: 31454K (65%)
ptolemy.util.test.WatchDog.cancel(): canceling Wed Jul 10 00:51:21 UTC 2019
auto.tcl: Setting watchdog for 200 seconds at Wed Jul 10 00:51:21 UTC 2019
1 ms. Memory: 48128K Free: 30957K (64%)
ptolemy.util.test.WatchDog.cancel(): canceling Wed Jul 10 00:51:21 UTC 2019
------------------ testing $PTII/ptolemy/domains/de/test/auto/relationGroup2.xml
auto.tcl: Setting watchdog for 200 seconds at Wed Jul 10 00:51:21 UTC 2019
1 ms. Memory: 48128K Free: 31481K (65%)
ptolemy.util.test.WatchDog.cancel(): canceling Wed Jul 10 00:51:21 UTC 2019
auto.tcl: Setting watchdog for 200 seconds at Wed Jul 10 00:51:21 UTC 2019
1 ms. Memory: 48128K Free: 30735K (64%)
ptolemy.util.test.WatchDog.cancel(): canceling Wed Jul 10 00:51:21 UTC 2019
------------------ testing $PTII/ptolemy/domains/de/test/auto/sortWithOpaquePorts.xml
auto.tcl: Setting watchdog for 200 seconds at Wed Jul 10 00:51:21 UTC 2019
1 ms. Memory: 48128K Free: 30238K (63%)
ptolemy.util.test.WatchDog.cancel(): canceling Wed Jul 10 00:51:21 UTC 2019
auto.tcl: Setting watchdog for 200 seconds at Wed Jul 10 00:51:21 UTC 2019
2 ms. Memory: 48128K Free: 29236K (61%)
ptolemy.util.test.WatchDog.cancel(): canceling Wed Jul 10 00:51:21 UTC 2019
------------------ testing $PTII/ptolemy/domains/de/test/auto/transferInputsandOutputs.xml
auto.tcl: Setting watchdog for 200 seconds at Wed Jul 10 00:51:21 UTC 2019
3 ms. Memory: 48128K Free: 27681K (58%)
ptolemy.util.test.WatchDog.cancel(): canceling Wed Jul 10 00:51:21 UTC 2019
auto.tcl: Setting watchdog for 200 seconds at Wed Jul 10 00:51:21 UTC 2019
3 ms. Memory: 48128K Free: 26694K (55%)
ptolemy.util.test.WatchDog.cancel(): canceling Wed Jul 10 00:51:21 UTC 2019
------------------ testing $PTII/ptolemy/domains/de/test/auto/triggerType.xml
auto.tcl: Setting watchdog for 200 seconds at Wed Jul 10 00:51:21 UTC 2019
2 ms. Memory: 48128K Free: 30706K (64%)
ptolemy.util.test.WatchDog.cancel(): canceling Wed Jul 10 00:51:21 UTC 2019
auto.tcl: Setting watchdog for 200 seconds at Wed Jul 10 00:51:21 UTC 2019
2 ms. Memory: 48128K Free: 29710K (62%)
ptolemy.util.test.WatchDog.cancel(): canceling Wed Jul 10 00:51:21 UTC 2019
07/10/19 12:51:21
Failed: 0  Total Tests: 192  ((Passed: 187, Newly Passed: 1)  Known Failed: 5) /home/travis/build/icyphy/ptII/ptolemy/domains/de/test
07/10/19 12:51:21
Failed: 0  Total Tests: 192  ((Passed: 187, Newly Passed: 1)  Known Failed: 5) /home/travis/build/icyphy/ptII/ptolemy/domains/de/test
----------------- testing (KnownFailure) /home/travis/build/icyphy/ptII/ptolemy/domains/de/test/auto/knownFailedTests/DESDFClockTest.xml
2012 ms. Memory: 48128K Free: 24101K (50%)
Known Failure: java.lang.reflect.InvocationTargetException
----------------- testing (KnownFailure) /home/travis/build/icyphy/ptII/ptolemy/domains/de/test/auto/knownFailedTests/DirectFeedback.xml
2 ms. Memory: 48128K Free: 20005K (42%)
Known Failure: java.lang.reflect.InvocationTargetException
----------------- testing (KnownFailure) /home/travis/build/icyphy/ptII/ptolemy/domains/de/test/auto/knownFailedTests/FSMSource.xml
7 ms. Memory: 48128K Free: 12327K (26%)
----------------- testing (KnownFailure) /home/travis/build/icyphy/ptII/ptolemy/domains/de/test/auto/knownFailedTests/HierarchicalModel.xml
3 ms. Memory: 48128K Free: 23468K (49%)
Known Failure: java.lang.reflect.InvocationTargetException
----------------- testing (KnownFailure) /home/travis/build/icyphy/ptII/ptolemy/domains/de/test/auto/knownFailedTests/dependencyLoop.xml
3 ms. Memory: 48128K Free: 8421K (17%)
Known Failure: java.lang.reflect.InvocationTargetException
----------------- testing (KnownFailure) /home/travis/build/icyphy/ptII/ptolemy/domains/de/test/auto/knownFailedTests/dependencyLoop2.xml
2 ms. Memory: 48128K Free: 20745K (43%)
Known Failure: java.lang.reflect.InvocationTargetException
No auto/linux-amd64/*.xml tests in /home/travis/build/icyphy/ptII/ptolemy/domains/de/test
AutoTests.java: About to close Vertx.
AutoTests.java: Vertx closed.

===========================================================================================
----------------- testing Wed Jul 10 00:51:23 UTC 2019 /home/travis/build/icyphy/ptII/ptolemy/domains/de/test/auto/ActorDepthCalculation_actorWithoutPorts.xml
----------------- Instantiating /home/travis/build/icyphy/ptII/ptolemy/domains/de/test/auto/ActorDepthCalculation_actorWithoutPorts.xml
2 ms. Memory: 48128K Free: 13890K (29%)
----------------- Invoking toplevel() on ptolemy.moml.MoMLSimpleApplication@2bd99dba
----------------- Done invoking toplevel() on ptolemy.moml.MoMLSimpleApplication@2bd99dba
reloadAllAccessors: .ActorDepthCalculation_actorWithoutPorts

===========================================================================================
----------------- testing Wed Jul 10 00:51:23 UTC 2019 /home/travis/build/icyphy/ptII/ptolemy/domains/de/test/auto/AssemblyLine.xml
----------------- Instantiating /home/travis/build/icyphy/ptII/ptolemy/domains/de/test/auto/AssemblyLine.xml
3 ms. Memory: 48128K Free: 33216K (69%)
----------------- Invoking toplevel() on ptolemy.moml.MoMLSimpleApplication@5e0adad2
----------------- Done invoking toplevel() on ptolemy.moml.MoMLSimpleApplication@5e0adad2
reloadAllAccessors: .AssemblyLine

===========================================================================================
----------------- testing Wed Jul 10 00:51:23 UTC 2019 /home/travis/build/icyphy/ptII/ptolemy/domains/de/test/auto/CQBug1.xml
----------------- Instantiating /home/travis/build/icyphy/ptII/ptolemy/domains/de/test/auto/CQBug1.xml
1 ms. Memory: 48128K Free: 30412K (63%)
----------------- Invoking toplevel() on ptolemy.moml.MoMLSimpleApplication@19eb2f0e
----------------- Done invoking toplevel() on ptolemy.moml.MoMLSimpleApplication@19eb2f0e
reloadAllAccessors: .CQBug1

===========================================================================================
----------------- testing Wed Jul 10 00:51:24 UTC 2019 /home/travis/build/icyphy/ptII/ptolemy/domains/de/test/auto/CancelFireAt.xml
----------------- Instantiating /home/travis/build/icyphy/ptII/ptolemy/domains/de/test/auto/CancelFireAt.xml
9 ms. Memory: 48128K Free: 27814K (58%)
----------------- Invoking toplevel() on ptolemy.moml.MoMLSimpleApplication@b500cea
----------------- Done invoking toplevel() on ptolemy.moml.MoMLSimpleApplication@b500cea
reloadAllAccessors: .CancelFireAt

===========================================================================================
----------------- testing Wed Jul 10 00:51:24 UTC 2019 /home/travis/build/icyphy/ptII/ptolemy/domains/de/test/auto/CausalityAndComposabilityAnalysis.xml
----------------- Instantiating /home/travis/build/icyphy/ptII/ptolemy/domains/de/test/auto/CausalityAndComposabilityAnalysis.xml
2 ms. Memory: 48128K Free: 23452K (49%)
----------------- Invoking toplevel() on ptolemy.moml.MoMLSimpleApplication@6d581a7d
----------------- Done invoking toplevel() on ptolemy.moml.MoMLSimpleApplication@6d581a7d
reloadAllAccessors: .CausalityAndComposabilityAnalysis

===========================================================================================
----------------- testing Wed Jul 10 00:51:24 UTC 2019 /home/travis/build/icyphy/ptII/ptolemy/domains/de/test/auto/CausalityInterface1.xml
----------------- Instantiating /home/travis/build/icyphy/ptII/ptolemy/domains/de/test/auto/CausalityInterface1.xml
6 ms. Memory: 48128K Free: 18270K (38%)
----------------- Invoking toplevel() on ptolemy.moml.MoMLSimpleApplication@6e9d30
----------------- Done invoking toplevel() on ptolemy.moml.MoMLSimpleApplication@6e9d30
reloadAllAccessors: .CausalityInterface1

===========================================================================================
----------------- testing Wed Jul 10 00:51:24 UTC 2019 /home/travis/build/icyphy/ptII/ptolemy/domains/de/test/auto/CausalityInterface15.xml
----------------- Instantiating /home/travis/build/icyphy/ptII/ptolemy/domains/de/test/auto/CausalityInterface15.xml
2 ms. Memory: 48128K Free: 12698K (26%)
----------------- Invoking toplevel() on ptolemy.moml.MoMLSimpleApplication@7d723228
----------------- Done invoking toplevel() on ptolemy.moml.MoMLSimpleApplication@7d723228
reloadAllAccessors: .CausalityInterface15

===========================================================================================
----------------- testing Wed Jul 10 00:51:24 UTC 2019 /home/travis/build/icyphy/ptII/ptolemy/domains/de/test/auto/CausalityInterface2.xml
----------------- Instantiating /home/travis/build/icyphy/ptII/ptolemy/domains/de/test/auto/CausalityInterface2.xml
2 ms. Memory: 48128K Free: 8060K (17%)
----------------- Invoking toplevel() on ptolemy.moml.MoMLSimpleApplication@379bc7ae
----------------- Done invoking toplevel() on ptolemy.moml.MoMLSimpleApplication@379bc7ae
reloadAllAccessors: .CausalityInterface2

===========================================================================================
----------------- testing Wed Jul 10 00:51:24 UTC 2019 /home/travis/build/icyphy/ptII/ptolemy/domains/de/test/auto/CausalityInterface3.xml
----------------- Instantiating /home/travis/build/icyphy/ptII/ptolemy/domains/de/test/auto/CausalityInterface3.xml
2 ms. Memory: 48128K Free: 29955K (62%)
----------------- Invoking toplevel() on ptolemy.moml.MoMLSimpleApplication@6c1fa0c7
----------------- Done invoking toplevel() on ptolemy.moml.MoMLSimpleApplication@6c1fa0c7
reloadAllAccessors: .CausalityInterface3

===========================================================================================
----------------- testing Wed Jul 10 00:51:24 UTC 2019 /home/travis/build/icyphy/ptII/ptolemy/domains/de/test/auto/ClockDrift.xml
----------------- Instantiating /home/travis/build/icyphy/ptII/ptolemy/domains/de/test/auto/ClockDrift.xml
18 ms. Memory: 48128K Free: 17697K (37%)
----------------- Invoking toplevel() on ptolemy.moml.MoMLSimpleApplication@49895e96
----------------- Done invoking toplevel() on ptolemy.moml.MoMLSimpleApplication@49895e96
reloadAllAccessors: .ClockDrift

===========================================================================================
----------------- testing Wed Jul 10 00:51:24 UTC 2019 /home/travis/build/icyphy/ptII/ptolemy/domains/de/test/auto/ClockDriftAndValueChange.xml
----------------- Instantiating /home/travis/build/icyphy/ptII/ptolemy/domains/de/test/auto/ClockDriftAndValueChange.xml
17 ms. Memory: 48128K Free: 32862K (68%)
----------------- Invoking toplevel() on ptolemy.moml.MoMLSimpleApplication@1e7363a9
----------------- Done invoking toplevel() on ptolemy.moml.MoMLSimpleApplication@1e7363a9
reloadAllAccessors: .ClockDriftAndValueChange

===========================================================================================
----------------- testing Wed Jul 10 00:51:24 UTC 2019 /home/travis/build/icyphy/ptII/ptolemy/domains/de/test/auto/ClockDriftChange.xml
----------------- Instantiating /home/travis/build/icyphy/ptII/ptolemy/domains/de/test/auto/ClockDriftChange.xml
10 ms. Memory: 48128K Free: 22840K (47%)
----------------- Invoking toplevel() on ptolemy.moml.MoMLSimpleApplication@ec761d
----------------- Done invoking toplevel() on ptolemy.moml.MoMLSimpleApplication@ec761d
reloadAllAccessors: .ClockDriftChange

===========================================================================================
----------------- testing Wed Jul 10 00:51:24 UTC 2019 /home/travis/build/icyphy/ptII/ptolemy/domains/de/test/auto/ComposableCausalityAnalysis.xml
----------------- Instantiating /home/travis/build/icyphy/ptII/ptolemy/domains/de/test/auto/ComposableCausalityAnalysis.xml
1 ms. Memory: 48128K Free: 16851K (35%)
----------------- Invoking toplevel() on ptolemy.moml.MoMLSimpleApplication@6ebe510c
----------------- Done invoking toplevel() on ptolemy.moml.MoMLSimpleApplication@6ebe510c
reloadAllAccessors: .ComposableCausalityAnalysis

===========================================================================================
----------------- testing Wed Jul 10 00:51:24 UTC 2019 /home/travis/build/icyphy/ptII/ptolemy/domains/de/test/auto/DEFixedPointLimitation.xml
----------------- Instantiating /home/travis/build/icyphy/ptII/ptolemy/domains/de/test/auto/DEFixedPointLimitation.xml
1 ms. Memory: 48128K Free: 12272K (25%)
----------------- Invoking toplevel() on ptolemy.moml.MoMLSimpleApplication@37ab4441
----------------- Done invoking toplevel() on ptolemy.moml.MoMLSimpleApplication@37ab4441
reloadAllAccessors: .DEFixedPointLimitation

===========================================================================================
----------------- testing Wed Jul 10 00:51:24 UTC 2019 /home/travis/build/icyphy/ptII/ptolemy/domains/de/test/auto/DEScheduleTest.xml
----------------- Instantiating /home/travis/build/icyphy/ptII/ptolemy/domains/de/test/auto/DEScheduleTest.xml
1 ms. Memory: 48128K Free: 8094K (17%)
----------------- Invoking toplevel() on ptolemy.moml.MoMLSimpleApplication@58b03484
----------------- Done invoking toplevel() on ptolemy.moml.MoMLSimpleApplication@58b03484
reloadAllAccessors: .DEScheduleTest

===========================================================================================
----------------- testing Wed Jul 10 00:51:24 UTC 2019 /home/travis/build/icyphy/ptII/ptolemy/domains/de/test/auto/DEinDEwithStartTimes.xml
----------------- Instantiating /home/travis/build/icyphy/ptII/ptolemy/domains/de/test/auto/DEinDEwithStartTimes.xml
1 ms. Memory: 48128K Free: 29204K (61%)
----------------- Invoking toplevel() on ptolemy.moml.MoMLSimpleApplication@7b28f13f
----------------- Done invoking toplevel() on ptolemy.moml.MoMLSimpleApplication@7b28f13f
reloadAllAccessors: .DEinDEwithStartTimes

===========================================================================================
----------------- testing Wed Jul 10 00:51:24 UTC 2019 /home/travis/build/icyphy/ptII/ptolemy/domains/de/test/auto/DEinDEwithStartTimes2.xml
----------------- Instantiating /home/travis/build/icyphy/ptII/ptolemy/domains/de/test/auto/DEinDEwithStartTimes2.xml
1 ms. Memory: 48128K Free: 22740K (47%)
----------------- Invoking toplevel() on ptolemy.moml.MoMLSimpleApplication@cd35488
----------------- Done invoking toplevel() on ptolemy.moml.MoMLSimpleApplication@cd35488
reloadAllAccessors: .DEinDEwithStartTimes2

===========================================================================================
----------------- testing Wed Jul 10 00:51:24 UTC 2019 /home/travis/build/icyphy/ptII/ptolemy/domains/de/test/auto/DateDemo.xml
----------------- Instantiating /home/travis/build/icyphy/ptII/ptolemy/domains/de/test/auto/DateDemo.xml
7 ms. Memory: 48128K Free: 11452K (24%)
----------------- Invoking toplevel() on ptolemy.moml.MoMLSimpleApplication@2f691aec
----------------- Done invoking toplevel() on ptolemy.moml.MoMLSimpleApplication@2f691aec
reloadAllAccessors: .DateDemo

===========================================================================================
----------------- testing Wed Jul 10 00:51:24 UTC 2019 /home/travis/build/icyphy/ptII/ptolemy/domains/de/test/auto/DateToEvent.xml
----------------- Instantiating /home/travis/build/icyphy/ptII/ptolemy/domains/de/test/auto/DateToEvent.xml
2004 ms. Memory: 48128K Free: 22193K (46%)
----------------- Invoking toplevel() on ptolemy.moml.MoMLSimpleApplication@327ed4da
----------------- Done invoking toplevel() on ptolemy.moml.MoMLSimpleApplication@327ed4da
reloadAllAccessors: .DateToEvent

===========================================================================================
----------------- testing Wed Jul 10 00:51:26 UTC 2019 /home/travis/build/icyphy/ptII/ptolemy/domains/de/test/auto/DepthTest1.xml
----------------- Instantiating /home/travis/build/icyphy/ptII/ptolemy/domains/de/test/auto/DepthTest1.xml
2 ms. Memory: 48128K Free: 19034K (40%)
----------------- Invoking toplevel() on ptolemy.moml.MoMLSimpleApplication@19cea42f
----------------- Done invoking toplevel() on ptolemy.moml.MoMLSimpleApplication@19cea42f
reloadAllAccessors: .DepthTest1

===========================================================================================
----------------- testing Wed Jul 10 00:51:26 UTC 2019 /home/travis/build/icyphy/ptII/ptolemy/domains/de/test/auto/DepthTest2.xml
----------------- Instantiating /home/travis/build/icyphy/ptII/ptolemy/domains/de/test/auto/DepthTest2.xml
1 ms. Memory: 48128K Free: 12467K (26%)
----------------- Invoking toplevel() on ptolemy.moml.MoMLSimpleApplication@44c6b708
----------------- Done invoking toplevel() on ptolemy.moml.MoMLSimpleApplication@44c6b708
reloadAllAccessors: .DepthTest2

===========================================================================================
----------------- testing Wed Jul 10 00:51:26 UTC 2019 /home/travis/build/icyphy/ptII/ptolemy/domains/de/test/auto/DepthTest3.xml
----------------- Instantiating /home/travis/build/icyphy/ptII/ptolemy/domains/de/test/auto/DepthTest3.xml
1 ms. Memory: 48128K Free: 9594K (20%)
----------------- Invoking toplevel() on ptolemy.moml.MoMLSimpleApplication@9a4801c
----------------- Done invoking toplevel() on ptolemy.moml.MoMLSimpleApplication@9a4801c
reloadAllAccessors: .DepthTest3

===========================================================================================
----------------- testing Wed Jul 10 00:51:26 UTC 2019 /home/travis/build/icyphy/ptII/ptolemy/domains/de/test/auto/DepthTest4.xml
----------------- Instantiating /home/travis/build/icyphy/ptII/ptolemy/domains/de/test/auto/DepthTest4.xml
2 ms. Memory: 48128K Free: 30713K (64%)
----------------- Invoking toplevel() on ptolemy.moml.MoMLSimpleApplication@3c1ac086
----------------- Done invoking toplevel() on ptolemy.moml.MoMLSimpleApplication@3c1ac086
reloadAllAccessors: .DepthTest4

===========================================================================================
----------------- testing Wed Jul 10 00:51:26 UTC 2019 /home/travis/build/icyphy/ptII/ptolemy/domains/de/test/auto/DepthTest5.xml
----------------- Instantiating /home/travis/build/icyphy/ptII/ptolemy/domains/de/test/auto/DepthTest5.xml
13 ms. Memory: 48128K Free: 25234K (52%)
----------------- Invoking toplevel() on ptolemy.moml.MoMLSimpleApplication@38b2467e
----------------- Done invoking toplevel() on ptolemy.moml.MoMLSimpleApplication@38b2467e
reloadAllAccessors: .DepthTest5

===========================================================================================
----------------- testing Wed Jul 10 00:51:26 UTC 2019 /home/travis/build/icyphy/ptII/ptolemy/domains/de/test/auto/DepthTest6.xml
----------------- Instantiating /home/travis/build/icyphy/ptII/ptolemy/domains/de/test/auto/DepthTest6.xml
2 ms. Memory: 48128K Free: 19921K (41%)
----------------- Invoking toplevel() on ptolemy.moml.MoMLSimpleApplication@7951dacd
----------------- Done invoking toplevel() on ptolemy.moml.MoMLSimpleApplication@7951dacd
reloadAllAccessors: .DepthTest6

===========================================================================================
----------------- testing Wed Jul 10 00:51:26 UTC 2019 /home/travis/build/icyphy/ptII/ptolemy/domains/de/test/auto/DepthTest7.xml
----------------- Instantiating /home/travis/build/icyphy/ptII/ptolemy/domains/de/test/auto/DepthTest7.xml
3 ms. Memory: 48128K Free: 14994K (31%)
----------------- Invoking toplevel() on ptolemy.moml.MoMLSimpleApplication@45ff292f
----------------- Done invoking toplevel() on ptolemy.moml.MoMLSimpleApplication@45ff292f
reloadAllAccessors: .DepthTest7

===========================================================================================
----------------- testing Wed Jul 10 00:51:26 UTC 2019 /home/travis/build/icyphy/ptII/ptolemy/domains/de/test/auto/EventToDate.xml
----------------- Instantiating /home/travis/build/icyphy/ptII/ptolemy/domains/de/test/auto/EventToDate.xml
3004 ms. Memory: 48128K Free: 27223K (57%)
----------------- Invoking toplevel() on ptolemy.moml.MoMLSimpleApplication@68f94cdf
----------------- Done invoking toplevel() on ptolemy.moml.MoMLSimpleApplication@68f94cdf
reloadAllAccessors: .EventToDate

===========================================================================================
----------------- testing Wed Jul 10 00:51:29 UTC 2019 /home/travis/build/icyphy/ptII/ptolemy/domains/de/test/auto/FSM1.xml
----------------- Instantiating /home/travis/build/icyphy/ptII/ptolemy/domains/de/test/auto/FSM1.xml
23 ms. Memory: 48128K Free: 15076K (31%)
----------------- Invoking toplevel() on ptolemy.moml.MoMLSimpleApplication@67050184
----------------- Done invoking toplevel() on ptolemy.moml.MoMLSimpleApplication@67050184
reloadAllAccessors: .FSM1

===========================================================================================
----------------- testing Wed Jul 10 00:51:29 UTC 2019 /home/travis/build/icyphy/ptII/ptolemy/domains/de/test/auto/FSM7.xml
----------------- Instantiating /home/travis/build/icyphy/ptII/ptolemy/domains/de/test/auto/FSM7.xml
19 ms. Memory: 48128K Free: 28385K (59%)
----------------- Invoking toplevel() on ptolemy.moml.MoMLSimpleApplication@ec9f7fe
----------------- Done invoking toplevel() on ptolemy.moml.MoMLSimpleApplication@ec9f7fe
reloadAllAccessors: .FSM7

===========================================================================================
----------------- testing Wed Jul 10 00:51:29 UTC 2019 /home/travis/build/icyphy/ptII/ptolemy/domains/de/test/auto/Inspection.xml
----------------- Instantiating /home/travis/build/icyphy/ptII/ptolemy/domains/de/test/auto/Inspection.xml
16 ms. Memory: 48128K Free: 16113K (33%)
----------------- Invoking toplevel() on ptolemy.moml.MoMLSimpleApplication@18df9c06
----------------- Done invoking toplevel() on ptolemy.moml.MoMLSimpleApplication@18df9c06
reloadAllAccessors: .Inspection

===========================================================================================
----------------- testing Wed Jul 10 00:51:29 UTC 2019 /home/travis/build/icyphy/ptII/ptolemy/domains/de/test/auto/Iteration.xml
----------------- Instantiating /home/travis/build/icyphy/ptII/ptolemy/domains/de/test/auto/Iteration.xml
13 ms. Memory: 48128K Free: 9272K (19%)
----------------- Invoking toplevel() on ptolemy.moml.MoMLSimpleApplication@7eed6a38
----------------- Done invoking toplevel() on ptolemy.moml.MoMLSimpleApplication@7eed6a38
reloadAllAccessors: .Iteration

===========================================================================================
----------------- testing Wed Jul 10 00:51:29 UTC 2019 /home/travis/build/icyphy/ptII/ptolemy/domains/de/test/auto/LineFault.xml
----------------- Instantiating /home/travis/build/icyphy/ptII/ptolemy/domains/de/test/auto/LineFault.xml
450 ms. Memory: 48128K Free: 20637K (43%)
----------------- Invoking toplevel() on ptolemy.moml.MoMLSimpleApplication@3741bed2
----------------- Done invoking toplevel() on ptolemy.moml.MoMLSimpleApplication@3741bed2
reloadAllAccessors: .LineFault

===========================================================================================
----------------- testing Wed Jul 10 00:51:30 UTC 2019 /home/travis/build/icyphy/ptII/ptolemy/domains/de/test/auto/MergeModel1Add.xml
----------------- Instantiating /home/travis/build/icyphy/ptII/ptolemy/domains/de/test/auto/MergeModel1Add.xml
5 ms. Memory: 48128K Free: 23690K (49%)
----------------- Invoking toplevel() on ptolemy.moml.MoMLSimpleApplication@3837fd51
----------------- Done invoking toplevel() on ptolemy.moml.MoMLSimpleApplication@3837fd51
reloadAllAccessors: .MergeModel1Add

===========================================================================================
----------------- testing Wed Jul 10 00:51:30 UTC 2019 /home/travis/build/icyphy/ptII/ptolemy/domains/de/test/auto/MergeModel2Add.xml
----------------- Instantiating /home/travis/build/icyphy/ptII/ptolemy/domains/de/test/auto/MergeModel2Add.xml
5 ms. Memory: 48128K Free: 27700K (58%)
----------------- Invoking toplevel() on ptolemy.moml.MoMLSimpleApplication@54cb733a
----------------- Done invoking toplevel() on ptolemy.moml.MoMLSimpleApplication@54cb733a
reloadAllAccessors: .MergeModel2Add

===========================================================================================
----------------- testing Wed Jul 10 00:51:30 UTC 2019 /home/travis/build/icyphy/ptII/ptolemy/domains/de/test/auto/MergeModel3Add.xml
----------------- Instantiating /home/travis/build/icyphy/ptII/ptolemy/domains/de/test/auto/MergeModel3Add.xml
12 ms. Memory: 48128K Free: 31615K (66%)
----------------- Invoking toplevel() on ptolemy.moml.MoMLSimpleApplication@56f9d030
----------------- Done invoking toplevel() on ptolemy.moml.MoMLSimpleApplication@56f9d030
reloadAllAccessors: .MergeModel3Add

===========================================================================================
----------------- testing Wed Jul 10 00:51:30 UTC 2019 /home/travis/build/icyphy/ptII/ptolemy/domains/de/test/auto/MergeWithoutDiscard.xml
----------------- Instantiating /home/travis/build/icyphy/ptII/ptolemy/domains/de/test/auto/MergeWithoutDiscard.xml
1 ms. Memory: 48128K Free: 27268K (57%)
----------------- Invoking toplevel() on ptolemy.moml.MoMLSimpleApplication@55574f45
----------------- Done invoking toplevel() on ptolemy.moml.MoMLSimpleApplication@55574f45
reloadAllAccessors: .MergeWithoutDiscard

===========================================================================================
----------------- testing Wed Jul 10 00:51:30 UTC 2019 /home/travis/build/icyphy/ptII/ptolemy/domains/de/test/auto/Modal1.xml
----------------- Instantiating /home/travis/build/icyphy/ptII/ptolemy/domains/de/test/auto/Modal1.xml
7 ms. Memory: 48128K Free: 15042K (31%)
----------------- Invoking toplevel() on ptolemy.moml.MoMLSimpleApplication@6109109e
----------------- Done invoking toplevel() on ptolemy.moml.MoMLSimpleApplication@6109109e
reloadAllAccessors: .Modal1

===========================================================================================
----------------- testing Wed Jul 10 00:51:30 UTC 2019 /home/travis/build/icyphy/ptII/ptolemy/domains/de/test/auto/Modal2.xml
----------------- Instantiating /home/travis/build/icyphy/ptII/ptolemy/domains/de/test/auto/Modal2.xml
11 ms. Memory: 48128K Free: 24948K (52%)
----------------- Invoking toplevel() on ptolemy.moml.MoMLSimpleApplication@250d71c3
----------------- Done invoking toplevel() on ptolemy.moml.MoMLSimpleApplication@250d71c3
reloadAllAccessors: .Modal2

===========================================================================================
----------------- testing Wed Jul 10 00:51:30 UTC 2019 /home/travis/build/icyphy/ptII/ptolemy/domains/de/test/auto/Modal3.xml
----------------- Instantiating /home/travis/build/icyphy/ptII/ptolemy/domains/de/test/auto/Modal3.xml
7 ms. Memory: 48128K Free: 12660K (26%)
----------------- Invoking toplevel() on ptolemy.moml.MoMLSimpleApplication@53926697
----------------- Done invoking toplevel() on ptolemy.moml.MoMLSimpleApplication@53926697
reloadAllAccessors: .Modal3

===========================================================================================
----------------- testing Wed Jul 10 00:51:30 UTC 2019 /home/travis/build/icyphy/ptII/ptolemy/domains/de/test/auto/Modal4.xml
----------------- Instantiating /home/travis/build/icyphy/ptII/ptolemy/domains/de/test/auto/Modal4.xml
10 ms. Memory: 48128K Free: 22115K (46%)
----------------- Invoking toplevel() on ptolemy.moml.MoMLSimpleApplication@6e3052f5
----------------- Done invoking toplevel() on ptolemy.moml.MoMLSimpleApplication@6e3052f5
reloadAllAccessors: .Modal4

===========================================================================================
----------------- testing Wed Jul 10 00:51:30 UTC 2019 /home/travis/build/icyphy/ptII/ptolemy/domains/de/test/auto/Modal5.xml
----------------- Instantiating /home/travis/build/icyphy/ptII/ptolemy/domains/de/test/auto/Modal5.xml
13 ms. Memory: 48128K Free: 31837K (66%)
----------------- Invoking toplevel() on ptolemy.moml.MoMLSimpleApplication@4ddf36d9
----------------- Done invoking toplevel() on ptolemy.moml.MoMLSimpleApplication@4ddf36d9
reloadAllAccessors: .Modal5

===========================================================================================
----------------- testing Wed Jul 10 00:51:30 UTC 2019 /home/travis/build/icyphy/ptII/ptolemy/domains/de/test/auto/Modal6.xml
----------------- Instantiating /home/travis/build/icyphy/ptII/ptolemy/domains/de/test/auto/Modal6.xml
10 ms. Memory: 48128K Free: 19370K (40%)
----------------- Invoking toplevel() on ptolemy.moml.MoMLSimpleApplication@448110d8
----------------- Done invoking toplevel() on ptolemy.moml.MoMLSimpleApplication@448110d8
reloadAllAccessors: .Modal6

===========================================================================================
----------------- testing Wed Jul 10 00:51:30 UTC 2019 /home/travis/build/icyphy/ptII/ptolemy/domains/de/test/auto/Modal7.xml
----------------- Instantiating /home/travis/build/icyphy/ptII/ptolemy/domains/de/test/auto/Modal7.xml
7 ms. Memory: 48128K Free: 28729K (60%)
----------------- Invoking toplevel() on ptolemy.moml.MoMLSimpleApplication@23be9583
----------------- Done invoking toplevel() on ptolemy.moml.MoMLSimpleApplication@23be9583
reloadAllAccessors: .Modal7

===========================================================================================
----------------- testing Wed Jul 10 00:51:30 UTC 2019 /home/travis/build/icyphy/ptII/ptolemy/domains/de/test/auto/ModalModel.xml
----------------- Instantiating /home/travis/build/icyphy/ptII/ptolemy/domains/de/test/auto/ModalModel.xml
157 ms. Memory: 66560K Free: 23216K (35%)
----------------- Invoking toplevel() on ptolemy.moml.MoMLSimpleApplication@63f48743
----------------- Done invoking toplevel() on ptolemy.moml.MoMLSimpleApplication@63f48743
reloadAllAccessors: .ModalModel

===========================================================================================
----------------- testing Wed Jul 10 00:51:30 UTC 2019 /home/travis/build/icyphy/ptII/ptolemy/domains/de/test/auto/ModalSource.xml
----------------- Instantiating /home/travis/build/icyphy/ptII/ptolemy/domains/de/test/auto/ModalSource.xml
4 ms. Memory: 66560K Free: 45295K (68%)
----------------- Invoking toplevel() on ptolemy.moml.MoMLSimpleApplication@198803e5
----------------- Done invoking toplevel() on ptolemy.moml.MoMLSimpleApplication@198803e5
reloadAllAccessors: .ModalSource

===========================================================================================
----------------- testing Wed Jul 10 00:51:30 UTC 2019 /home/travis/build/icyphy/ptII/ptolemy/domains/de/test/auto/NonInterruptibleTimerZeroDelay.xml
----------------- Instantiating /home/travis/build/icyphy/ptII/ptolemy/domains/de/test/auto/NonInterruptibleTimerZeroDelay.xml
2 ms. Memory: 66560K Free: 41245K (62%)
----------------- Invoking toplevel() on ptolemy.moml.MoMLSimpleApplication@7c04fdb0
----------------- Done invoking toplevel() on ptolemy.moml.MoMLSimpleApplication@7c04fdb0
reloadAllAccessors: .NonInterruptibleTimerZeroDelay

===========================================================================================
----------------- testing Wed Jul 10 00:51:30 UTC 2019 /home/travis/build/icyphy/ptII/ptolemy/domains/de/test/auto/OpenQueueingNetwork.xml
----------------- Instantiating /home/travis/build/icyphy/ptII/ptolemy/domains/de/test/auto/OpenQueueingNetwork.xml
2308 ms. Memory: 188416K Free: 114993K (61%)
----------------- Invoking toplevel() on ptolemy.moml.MoMLSimpleApplication@6256b5c0
----------------- Done invoking toplevel() on ptolemy.moml.MoMLSimpleApplication@6256b5c0
reloadAllAccessors: .OpenQueueingNetwork

===========================================================================================
----------------- testing Wed Jul 10 00:51:33 UTC 2019 /home/travis/build/icyphy/ptII/ptolemy/domains/de/test/auto/OpenQueuingNetwork.xml
----------------- Instantiating /home/travis/build/icyphy/ptII/ptolemy/domains/de/test/auto/OpenQueuingNetwork.xml
229 ms. Memory: 188416K Free: 136412K (72%)
----------------- Invoking toplevel() on ptolemy.moml.MoMLSimpleApplication@63a21711
----------------- Done invoking toplevel() on ptolemy.moml.MoMLSimpleApplication@63a21711
reloadAllAccessors: .OpenQueuingNetwork

===========================================================================================
----------------- testing Wed Jul 10 00:51:33 UTC 2019 /home/travis/build/icyphy/ptII/ptolemy/domains/de/test/auto/PeriodicSampler.xml
----------------- Instantiating /home/travis/build/icyphy/ptII/ptolemy/domains/de/test/auto/PeriodicSampler.xml
2 ms. Memory: 188416K Free: 131731K (70%)
----------------- Invoking toplevel() on ptolemy.moml.MoMLSimpleApplication@2070cb24
----------------- Done invoking toplevel() on ptolemy.moml.MoMLSimpleApplication@2070cb24
reloadAllAccessors: .PeriodicSampler

===========================================================================================
----------------- testing Wed Jul 10 00:51:33 UTC 2019 /home/travis/build/icyphy/ptII/ptolemy/domains/de/test/auto/PersistentIO.xml
----------------- Instantiating /home/travis/build/icyphy/ptII/ptolemy/domains/de/test/auto/PersistentIO.xml
3 ms. Memory: 188416K Free: 121971K (65%)
----------------- Invoking toplevel() on ptolemy.moml.MoMLSimpleApplication@3a9c6615
----------------- Done invoking toplevel() on ptolemy.moml.MoMLSimpleApplication@3a9c6615
reloadAllAccessors: .PersistentIO

===========================================================================================
----------------- testing Wed Jul 10 00:51:33 UTC 2019 /home/travis/build/icyphy/ptII/ptolemy/domains/de/test/auto/PortParameterResetOnInitialize.xml
----------------- Instantiating /home/travis/build/icyphy/ptII/ptolemy/domains/de/test/auto/PortParameterResetOnInitialize.xml
1 ms. Memory: 188416K Free: 117395K (62%)
----------------- Invoking toplevel() on ptolemy.moml.MoMLSimpleApplication@cdd9b5c
----------------- Done invoking toplevel() on ptolemy.moml.MoMLSimpleApplication@cdd9b5c
reloadAllAccessors: .PortParameterResetOnInitialize

===========================================================================================
----------------- testing Wed Jul 10 00:51:33 UTC 2019 /home/travis/build/icyphy/ptII/ptolemy/domains/de/test/auto/PortParameterUpdates.xml
----------------- Instantiating /home/travis/build/icyphy/ptII/ptolemy/domains/de/test/auto/PortParameterUpdates.xml
3 ms. Memory: 188416K Free: 111251K (59%)
----------------- Invoking toplevel() on ptolemy.moml.MoMLSimpleApplication@78b343db
----------------- Done invoking toplevel() on ptolemy.moml.MoMLSimpleApplication@78b343db
reloadAllAccessors: .PortParameterUpdates

===========================================================================================
----------------- testing Wed Jul 10 00:51:33 UTC 2019 /home/travis/build/icyphy/ptII/ptolemy/domains/de/test/auto/QueueAndServer.xml
----------------- Instantiating /home/travis/build/icyphy/ptII/ptolemy/domains/de/test/auto/QueueAndServer.xml
5 ms. Memory: 188416K Free: 103569K (55%)
----------------- Invoking toplevel() on ptolemy.moml.MoMLSimpleApplication@39bee7a8
----------------- Done invoking toplevel() on ptolemy.moml.MoMLSimpleApplication@39bee7a8
reloadAllAccessors: .QueueAndServer

===========================================================================================
----------------- testing Wed Jul 10 00:51:33 UTC 2019 /home/travis/build/icyphy/ptII/ptolemy/domains/de/test/auto/Records.xml
----------------- Instantiating /home/travis/build/icyphy/ptII/ptolemy/domains/de/test/auto/Records.xml
3 ms. Memory: 188416K Free: 97939K (52%)
----------------- Invoking toplevel() on ptolemy.moml.MoMLSimpleApplication@347e6208
----------------- Done invoking toplevel() on ptolemy.moml.MoMLSimpleApplication@347e6208
reloadAllAccessors: .Records

===========================================================================================
----------------- testing Wed Jul 10 00:51:33 UTC 2019 /home/travis/build/icyphy/ptII/ptolemy/domains/de/test/auto/ResetTransitionWithStartTime1.xml
----------------- Instantiating /home/travis/build/icyphy/ptII/ptolemy/domains/de/test/auto/ResetTransitionWithStartTime1.xml
8 ms. Memory: 188416K Free: 89747K (48%)
----------------- Invoking toplevel() on ptolemy.moml.MoMLSimpleApplication@16d94da0
----------------- Done invoking toplevel() on ptolemy.moml.MoMLSimpleApplication@16d94da0
reloadAllAccessors: .ResetTransitionWithStartTime1

===========================================================================================
----------------- testing Wed Jul 10 00:51:33 UTC 2019 /home/travis/build/icyphy/ptII/ptolemy/domains/de/test/auto/ResetTransitionWithStartTime2.xml
----------------- Instantiating /home/travis/build/icyphy/ptII/ptolemy/domains/de/test/auto/ResetTransitionWithStartTime2.xml
5 ms. Memory: 188416K Free: 81555K (43%)
----------------- Invoking toplevel() on ptolemy.moml.MoMLSimpleApplication@14a080d2
----------------- Done invoking toplevel() on ptolemy.moml.MoMLSimpleApplication@14a080d2
reloadAllAccessors: .ResetTransitionWithStartTime2

===========================================================================================
----------------- testing Wed Jul 10 00:51:33 UTC 2019 /home/travis/build/icyphy/ptII/ptolemy/domains/de/test/auto/ResetTransitionWithStartTime3.xml
----------------- Instantiating /home/travis/build/icyphy/ptII/ptolemy/domains/de/test/auto/ResetTransitionWithStartTime3.xml
5 ms. Memory: 188416K Free: 73363K (39%)
----------------- Invoking toplevel() on ptolemy.moml.MoMLSimpleApplication@45bb9d06
----------------- Done invoking toplevel() on ptolemy.moml.MoMLSimpleApplication@45bb9d06
reloadAllAccessors: .ResetTransitionWithStartTime3

===========================================================================================
----------------- testing Wed Jul 10 00:51:33 UTC 2019 /home/travis/build/icyphy/ptII/ptolemy/domains/de/test/auto/ResetTransitionWithStartTime4.xml
----------------- Instantiating /home/travis/build/icyphy/ptII/ptolemy/domains/de/test/auto/ResetTransitionWithStartTime4.xml
3 ms. Memory: 188416K Free: 168355K (89%)
----------------- Invoking toplevel() on ptolemy.moml.MoMLSimpleApplication@dcf0bb6
----------------- Done invoking toplevel() on ptolemy.moml.MoMLSimpleApplication@dcf0bb6
reloadAllAccessors: .ResetTransitionWithStartTime4

===========================================================================================
----------------- testing Wed Jul 10 00:51:33 UTC 2019 /home/travis/build/icyphy/ptII/ptolemy/domains/de/test/auto/ResettableTimer1.xml
----------------- Instantiating /home/travis/build/icyphy/ptII/ptolemy/domains/de/test/auto/ResettableTimer1.xml
1 ms. Memory: 188416K Free: 164235K (87%)
----------------- Invoking toplevel() on ptolemy.moml.MoMLSimpleApplication@71140f2f
----------------- Done invoking toplevel() on ptolemy.moml.MoMLSimpleApplication@71140f2f
reloadAllAccessors: .ResettableTimer1

===========================================================================================
----------------- testing Wed Jul 10 00:51:33 UTC 2019 /home/travis/build/icyphy/ptII/ptolemy/domains/de/test/auto/ResettableTimer2.xml
----------------- Instantiating /home/travis/build/icyphy/ptII/ptolemy/domains/de/test/auto/ResettableTimer2.xml
2 ms. Memory: 188416K Free: 160169K (85%)
----------------- Invoking toplevel() on ptolemy.moml.MoMLSimpleApplication@4c77a076
----------------- Done invoking toplevel() on ptolemy.moml.MoMLSimpleApplication@4c77a076
reloadAllAccessors: .ResettableTimer2

===========================================================================================
----------------- testing Wed Jul 10 00:51:33 UTC 2019 /home/travis/build/icyphy/ptII/ptolemy/domains/de/test/auto/ResettableTimer3.xml
----------------- Instantiating /home/travis/build/icyphy/ptII/ptolemy/domains/de/test/auto/ResettableTimer3.xml
2 ms. Memory: 188416K Free: 156587K (83%)
----------------- Invoking toplevel() on ptolemy.moml.MoMLSimpleApplication@7eb104bc
----------------- Done invoking toplevel() on ptolemy.moml.MoMLSimpleApplication@7eb104bc
reloadAllAccessors: .ResettableTimer3

===========================================================================================
----------------- testing Wed Jul 10 00:51:33 UTC 2019 /home/travis/build/icyphy/ptII/ptolemy/domains/de/test/auto/ResettableTimer4.xml
----------------- Instantiating /home/travis/build/icyphy/ptII/ptolemy/domains/de/test/auto/ResettableTimer4.xml
1 ms. Memory: 188416K Free: 152491K (81%)
----------------- Invoking toplevel() on ptolemy.moml.MoMLSimpleApplication@433a1b67
----------------- Done invoking toplevel() on ptolemy.moml.MoMLSimpleApplication@433a1b67
reloadAllAccessors: .ResettableTimer4

===========================================================================================
----------------- testing Wed Jul 10 00:51:33 UTC 2019 /home/travis/build/icyphy/ptII/ptolemy/domains/de/test/auto/ResettableTimer5.xml
----------------- Instantiating /home/travis/build/icyphy/ptII/ptolemy/domains/de/test/auto/ResettableTimer5.xml
1 ms. Memory: 188416K Free: 148395K (79%)
----------------- Invoking toplevel() on ptolemy.moml.MoMLSimpleApplication@7a1ca822
----------------- Done invoking toplevel() on ptolemy.moml.MoMLSimpleApplication@7a1ca822
reloadAllAccessors: .ResettableTimer5

===========================================================================================
----------------- testing Wed Jul 10 00:51:33 UTC 2019 /home/travis/build/icyphy/ptII/ptolemy/domains/de/test/auto/ResettableTimer6.xml
----------------- Instantiating /home/travis/build/icyphy/ptII/ptolemy/domains/de/test/auto/ResettableTimer6.xml
9 ms. Memory: 188416K Free: 143782K (76%)
----------------- Invoking toplevel() on ptolemy.moml.MoMLSimpleApplication@262dc337
----------------- Done invoking toplevel() on ptolemy.moml.MoMLSimpleApplication@262dc337
reloadAllAccessors: .ResettableTimer6

===========================================================================================
----------------- testing Wed Jul 10 00:51:33 UTC 2019 /home/travis/build/icyphy/ptII/ptolemy/domains/de/test/auto/ServerZeroDelay.xml
----------------- Instantiating /home/travis/build/icyphy/ptII/ptolemy/domains/de/test/auto/ServerZeroDelay.xml
2 ms. Memory: 188416K Free: 139675K (74%)
----------------- Invoking toplevel() on ptolemy.moml.MoMLSimpleApplication@6c6e2932
----------------- Done invoking toplevel() on ptolemy.moml.MoMLSimpleApplication@6c6e2932
reloadAllAccessors: .ServerZeroDelay

===========================================================================================
----------------- testing Wed Jul 10 00:51:33 UTC 2019 /home/travis/build/icyphy/ptII/ptolemy/domains/de/test/auto/SmartSender.xml
----------------- Instantiating /home/travis/build/icyphy/ptII/ptolemy/domains/de/test/auto/SmartSender.xml
3001 ms. Memory: 188416K Free: 135593K (72%)
----------------- Invoking toplevel() on ptolemy.moml.MoMLSimpleApplication@49f98705
----------------- Done invoking toplevel() on ptolemy.moml.MoMLSimpleApplication@49f98705
reloadAllAccessors: .SmartSender

===========================================================================================
----------------- testing Wed Jul 10 00:51:36 UTC 2019 /home/travis/build/icyphy/ptII/ptolemy/domains/de/test/auto/ThreadedComposite.xml
----------------- Instantiating /home/travis/build/icyphy/ptII/ptolemy/domains/de/test/auto/ThreadedComposite.xml
99 ms. Memory: 188416K Free: 115113K (61%)
----------------- Invoking toplevel() on ptolemy.moml.MoMLSimpleApplication@1d96c6ac
----------------- Done invoking toplevel() on ptolemy.moml.MoMLSimpleApplication@1d96c6ac
reloadAllAccessors: .ThreadedComposite

===========================================================================================
----------------- testing Wed Jul 10 00:51:37 UTC 2019 /home/travis/build/icyphy/ptII/ptolemy/domains/de/test/auto/Time.xml
----------------- Instantiating /home/travis/build/icyphy/ptII/ptolemy/domains/de/test/auto/Time.xml
445 ms. Memory: 226304K Free: 208417K (92%)
----------------- Invoking toplevel() on ptolemy.moml.MoMLSimpleApplication@1d254aea
----------------- Done invoking toplevel() on ptolemy.moml.MoMLSimpleApplication@1d254aea
reloadAllAccessors: .Time

===========================================================================================
----------------- testing Wed Jul 10 00:51:37 UTC 2019 /home/travis/build/icyphy/ptII/ptolemy/domains/de/test/auto/TimeDelayZeroDelay.xml
----------------- Instantiating /home/travis/build/icyphy/ptII/ptolemy/domains/de/test/auto/TimeDelayZeroDelay.xml
2 ms. Memory: 226304K Free: 203811K (90%)
----------------- Invoking toplevel() on ptolemy.moml.MoMLSimpleApplication@5c99d459
----------------- Done invoking toplevel() on ptolemy.moml.MoMLSimpleApplication@5c99d459
reloadAllAccessors: .TimeDelayZeroDelay

===========================================================================================
----------------- testing Wed Jul 10 00:51:37 UTC 2019 /home/travis/build/icyphy/ptII/ptolemy/domains/de/test/auto/TimerZeroDelay.xml
----------------- Instantiating /home/travis/build/icyphy/ptII/ptolemy/domains/de/test/auto/TimerZeroDelay.xml
2 ms. Memory: 226304K Free: 199715K (88%)
----------------- Invoking toplevel() on ptolemy.moml.MoMLSimpleApplication@4629cb3f
----------------- Done invoking toplevel() on ptolemy.moml.MoMLSimpleApplication@4629cb3f
reloadAllAccessors: .TimerZeroDelay

===========================================================================================
----------------- testing Wed Jul 10 00:51:37 UTC 2019 /home/travis/build/icyphy/ptII/ptolemy/domains/de/test/auto/TimingParadox.xml
----------------- Instantiating /home/travis/build/icyphy/ptII/ptolemy/domains/de/test/auto/TimingParadox.xml
306 ms. Memory: 226304K Free: 132131K (58%)
----------------- Invoking toplevel() on ptolemy.moml.MoMLSimpleApplication@69b8feef
----------------- Done invoking toplevel() on ptolemy.moml.MoMLSimpleApplication@69b8feef
reloadAllAccessors: .TimingParadox

===========================================================================================
----------------- testing Wed Jul 10 00:51:37 UTC 2019 /home/travis/build/icyphy/ptII/ptolemy/domains/de/test/auto/TransferInputs.xml
----------------- Instantiating /home/travis/build/icyphy/ptII/ptolemy/domains/de/test/auto/TransferInputs.xml
3 ms. Memory: 226304K Free: 127521K (56%)
----------------- Invoking toplevel() on ptolemy.moml.MoMLSimpleApplication@5ab1d251
----------------- Done invoking toplevel() on ptolemy.moml.MoMLSimpleApplication@5ab1d251
reloadAllAccessors: .TransferInputs

===========================================================================================
----------------- testing Wed Jul 10 00:51:37 UTC 2019 /home/travis/build/icyphy/ptII/ptolemy/domains/de/test/auto/TransferOutputs2.xml
----------------- Instantiating /home/travis/build/icyphy/ptII/ptolemy/domains/de/test/auto/TransferOutputs2.xml
7 ms. Memory: 226304K Free: 119843K (53%)
----------------- Invoking toplevel() on ptolemy.moml.MoMLSimpleApplication@6cd0118f
----------------- Done invoking toplevel() on ptolemy.moml.MoMLSimpleApplication@6cd0118f
reloadAllAccessors: .TransferOutputs2

===========================================================================================
----------------- testing Wed Jul 10 00:51:37 UTC 2019 /home/travis/build/icyphy/ptII/ptolemy/domains/de/test/auto/Trilateration.xml
----------------- Instantiating /home/travis/build/icyphy/ptII/ptolemy/domains/de/test/auto/Trilateration.xml
12680 ms. Memory: 413696K Free: 220822K (53%)
----------------- Invoking toplevel() on ptolemy.moml.MoMLSimpleApplication@307dc1f6
----------------- Done invoking toplevel() on ptolemy.moml.MoMLSimpleApplication@307dc1f6
reloadAllAccessors: .Trilateration

===========================================================================================
----------------- testing Wed Jul 10 00:51:51 UTC 2019 /home/travis/build/icyphy/ptII/ptolemy/domains/de/test/auto/TwoSigmaDelta.xml
----------------- Instantiating /home/travis/build/icyphy/ptII/ptolemy/domains/de/test/auto/TwoSigmaDelta.xml
2017 ms. Memory: 496640K Free: 339140K (68%)
----------------- Invoking toplevel() on ptolemy.moml.MoMLSimpleApplication@14ebe670
----------------- Done invoking toplevel() on ptolemy.moml.MoMLSimpleApplication@14ebe670
reloadAllAccessors: .TwoSigmaDelta

===========================================================================================
----------------- testing Wed Jul 10 00:51:53 UTC 2019 /home/travis/build/icyphy/ptII/ptolemy/domains/de/test/auto/VariableDelay.xml
----------------- Instantiating /home/travis/build/icyphy/ptII/ptolemy/domains/de/test/auto/VariableDelay.xml
2 ms. Memory: 496640K Free: 334006K (67%)
----------------- Invoking toplevel() on ptolemy.moml.MoMLSimpleApplication@c771e10
----------------- Done invoking toplevel() on ptolemy.moml.MoMLSimpleApplication@c771e10
reloadAllAccessors: .VariableDelay

===========================================================================================
----------------- testing Wed Jul 10 00:51:53 UTC 2019 /home/travis/build/icyphy/ptII/ptolemy/domains/de/test/auto/VariableDelay2.xml
----------------- Instantiating /home/travis/build/icyphy/ptII/ptolemy/domains/de/test/auto/VariableDelay2.xml
2 ms. Memory: 496640K Free: 329414K (66%)
----------------- Invoking toplevel() on ptolemy.moml.MoMLSimpleApplication@549493b1
----------------- Done invoking toplevel() on ptolemy.moml.MoMLSimpleApplication@549493b1
reloadAllAccessors: .VariableDelay2

===========================================================================================
----------------- testing Wed Jul 10 00:51:53 UTC 2019 /home/travis/build/icyphy/ptII/ptolemy/domains/de/test/auto/VariableDelayZeroDelay.xml
----------------- Instantiating /home/travis/build/icyphy/ptII/ptolemy/domains/de/test/auto/VariableDelayZeroDelay.xml
5 ms. Memory: 496640K Free: 325318K (66%)
----------------- Invoking toplevel() on ptolemy.moml.MoMLSimpleApplication@2df920a9
----------------- Done invoking toplevel() on ptolemy.moml.MoMLSimpleApplication@2df920a9
reloadAllAccessors: .VariableDelayZeroDelay

===========================================================================================
----------------- testing Wed Jul 10 00:51:53 UTC 2019 /home/travis/build/icyphy/ptII/ptolemy/domains/de/test/auto/VariableDelayZeroDelay2.xml
----------------- Instantiating /home/travis/build/icyphy/ptII/ptolemy/domains/de/test/auto/VariableDelayZeroDelay2.xml
3 ms. Memory: 496640K Free: 320708K (65%)
----------------- Invoking toplevel() on ptolemy.moml.MoMLSimpleApplication@56e07d8
----------------- Done invoking toplevel() on ptolemy.moml.MoMLSimpleApplication@56e07d8
reloadAllAccessors: .VariableDelayZeroDelay2

===========================================================================================
----------------- testing Wed Jul 10 00:51:53 UTC 2019 /home/travis/build/icyphy/ptII/ptolemy/domains/de/test/auto/deInCt.xml
----------------- Instantiating /home/travis/build/icyphy/ptII/ptolemy/domains/de/test/auto/deInCt.xml
0
1
1
1
0
0
0
1
1
1
0
0
0
1
1
1
0
0
0
0
1
1
1
1
1
1
0
0
0
1
1
1
1
1
1
1
8 ms. Memory: 496640K Free: 315588K (64%)
----------------- Invoking toplevel() on ptolemy.moml.MoMLSimpleApplication@356ac3fc
----------------- Done invoking toplevel() on ptolemy.moml.MoMLSimpleApplication@356ac3fc
reloadAllAccessors: .deInCt

===========================================================================================
----------------- testing Wed Jul 10 00:51:53 UTC 2019 /home/travis/build/icyphy/ptII/ptolemy/domains/de/test/auto/deInCt2.xml
----------------- Instantiating /home/travis/build/icyphy/ptII/ptolemy/domains/de/test/auto/deInCt2.xml
0
1
1
1
0
0
1
1
1
0
0
1
1
1
0
0
1
1
1
0
0
1
1
1
0
0
1
1
1
0
0
1
1
1
0
0
1
1
1
0
0
0
8 ms. Memory: 496640K Free: 310462K (63%)
----------------- Invoking toplevel() on ptolemy.moml.MoMLSimpleApplication@2443a4a3
----------------- Done invoking toplevel() on ptolemy.moml.MoMLSimpleApplication@2443a4a3
reloadAllAccessors: .deInCt2

===========================================================================================
----------------- testing Wed Jul 10 00:51:53 UTC 2019 /home/travis/build/icyphy/ptII/ptolemy/domains/de/test/auto/dynamicCausalityInterface1.xml
----------------- Instantiating /home/travis/build/icyphy/ptII/ptolemy/domains/de/test/auto/dynamicCausalityInterface1.xml
1 ms. Memory: 496640K Free: 301252K (61%)
----------------- Invoking toplevel() on ptolemy.moml.MoMLSimpleApplication@41632a4f
----------------- Done invoking toplevel() on ptolemy.moml.MoMLSimpleApplication@41632a4f
reloadAllAccessors: .dynamicCausalityInterface1

===========================================================================================
----------------- testing Wed Jul 10 00:51:53 UTC 2019 /home/travis/build/icyphy/ptII/ptolemy/domains/de/test/auto/fsm_de_test.xml
----------------- Instantiating /home/travis/build/icyphy/ptII/ptolemy/domains/de/test/auto/fsm_de_test.xml
5 ms. Memory: 496640K Free: 292006K (59%)
----------------- Invoking toplevel() on ptolemy.moml.MoMLSimpleApplication@3ce99a13
----------------- Done invoking toplevel() on ptolemy.moml.MoMLSimpleApplication@3ce99a13
reloadAllAccessors: .fsm_de_test

===========================================================================================
----------------- testing Wed Jul 10 00:51:53 UTC 2019 /home/travis/build/icyphy/ptII/ptolemy/domains/de/test/auto/functionDependencyReconstruction.xml
----------------- Instantiating /home/travis/build/icyphy/ptII/ptolemy/domains/de/test/auto/functionDependencyReconstruction.xml
2 ms. Memory: 496640K Free: 277190K (56%)
----------------- Invoking toplevel() on ptolemy.moml.MoMLSimpleApplication@75a3dd6a
----------------- Done invoking toplevel() on ptolemy.moml.MoMLSimpleApplication@75a3dd6a
reloadAllAccessors: .functionDependencyReconstruction

===========================================================================================
----------------- testing Wed Jul 10 00:51:53 UTC 2019 /home/travis/build/icyphy/ptII/ptolemy/domains/de/test/auto/multirate.xml
----------------- Instantiating /home/travis/build/icyphy/ptII/ptolemy/domains/de/test/auto/multirate.xml
3 ms. Memory: 496640K Free: 270518K (54%)
----------------- Invoking toplevel() on ptolemy.moml.MoMLSimpleApplication@31234e50
----------------- Done invoking toplevel() on ptolemy.moml.MoMLSimpleApplication@31234e50
reloadAllAccessors: .multirate

===========================================================================================
----------------- testing Wed Jul 10 00:51:53 UTC 2019 /home/travis/build/icyphy/ptII/ptolemy/domains/de/test/auto/multirate2.xml
----------------- Instantiating /home/travis/build/icyphy/ptII/ptolemy/domains/de/test/auto/multirate2.xml
3 ms. Memory: 496640K Free: 263878K (53%)
----------------- Invoking toplevel() on ptolemy.moml.MoMLSimpleApplication@100d8128
----------------- Done invoking toplevel() on ptolemy.moml.MoMLSimpleApplication@100d8128
reloadAllAccessors: .multirate2

===========================================================================================
----------------- testing Wed Jul 10 00:51:53 UTC 2019 /home/travis/build/icyphy/ptII/ptolemy/domains/de/test/auto/realtime.xml
----------------- Instantiating /home/travis/build/icyphy/ptII/ptolemy/domains/de/test/auto/realtime.xml
10001 ms. Memory: 496640K Free: 259268K (52%)
----------------- Invoking toplevel() on ptolemy.moml.MoMLSimpleApplication@977de4f
----------------- Done invoking toplevel() on ptolemy.moml.MoMLSimpleApplication@977de4f
reloadAllAccessors: .realtime

===========================================================================================
----------------- testing Wed Jul 10 00:52:03 UTC 2019 /home/travis/build/icyphy/ptII/ptolemy/domains/de/test/auto/relationGroup.xml
----------------- Instantiating /home/travis/build/icyphy/ptII/ptolemy/domains/de/test/auto/relationGroup.xml
2 ms. Memory: 496640K Free: 255686K (51%)
----------------- Invoking toplevel() on ptolemy.moml.MoMLSimpleApplication@5e9c9e58
----------------- Done invoking toplevel() on ptolemy.moml.MoMLSimpleApplication@5e9c9e58
reloadAllAccessors: .relationGroup

===========================================================================================
----------------- testing Wed Jul 10 00:52:03 UTC 2019 /home/travis/build/icyphy/ptII/ptolemy/domains/de/test/auto/relationGroup2.xml
----------------- Instantiating /home/travis/build/icyphy/ptII/ptolemy/domains/de/test/auto/relationGroup2.xml
2 ms. Memory: 496640K Free: 252100K (51%)
----------------- Invoking toplevel() on ptolemy.moml.MoMLSimpleApplication@933b355
----------------- Done invoking toplevel() on ptolemy.moml.MoMLSimpleApplication@933b355
reloadAllAccessors: .relationGroup2

===========================================================================================
----------------- testing Wed Jul 10 00:52:03 UTC 2019 /home/travis/build/icyphy/ptII/ptolemy/domains/de/test/auto/sortWithOpaquePorts.xml
----------------- Instantiating /home/travis/build/icyphy/ptII/ptolemy/domains/de/test/auto/sortWithOpaquePorts.xml
1 ms. Memory: 496640K Free: 247494K (50%)
----------------- Invoking toplevel() on ptolemy.moml.MoMLSimpleApplication@347799e1
----------------- Done invoking toplevel() on ptolemy.moml.MoMLSimpleApplication@347799e1
reloadAllAccessors: .sortWithOpaquePorts

===========================================================================================
----------------- testing Wed Jul 10 00:52:03 UTC 2019 /home/travis/build/icyphy/ptII/ptolemy/domains/de/test/auto/transferInputsandOutputs.xml
----------------- Instantiating /home/travis/build/icyphy/ptII/ptolemy/domains/de/test/auto/transferInputsandOutputs.xml
2 ms. Memory: 496640K Free: 240836K (48%)
----------------- Invoking toplevel() on ptolemy.moml.MoMLSimpleApplication@60e8cfae
----------------- Done invoking toplevel() on ptolemy.moml.MoMLSimpleApplication@60e8cfae
reloadAllAccessors: .transferInputsandOutputs

===========================================================================================
----------------- testing Wed Jul 10 00:52:03 UTC 2019 /home/travis/build/icyphy/ptII/ptolemy/domains/de/test/auto/triggerType.xml
----------------- Instantiating /home/travis/build/icyphy/ptII/ptolemy/domains/de/test/auto/triggerType.xml
1 ms. Memory: 496640K Free: 236230K (48%)
----------------- Invoking toplevel() on ptolemy.moml.MoMLSimpleApplication@1887b480
----------------- Done invoking toplevel() on ptolemy.moml.MoMLSimpleApplication@1887b480
reloadAllAccessors: .triggerType
AutoTests.java: About to close Vertx.
AutoTests.java: Vertx closed.
]]></system-out>
  <system-err><![CDATA[java.lang.RuntimeException: Execution failed
	at ptolemy.moml.MoMLSimpleApplication$UnloadThread.run(MoMLSimpleApplication.java:402)
Caused by: ptolemy.kernel.util.IllegalActionException: Found a zero delay loop containing .dependencyLoop.original
  in .dependencyLoop and .dependencyLoop.original
	at ptolemy.actor.util.CausalityInterfaceForComposites._computeOutputPortDepth(CausalityInterfaceForComposites.java:759)
	at ptolemy.actor.util.CausalityInterfaceForComposites._computeInputDepth(CausalityInterfaceForComposites.java:696)
	at ptolemy.actor.util.CausalityInterfaceForComposites._computeOutputPortDepth(CausalityInterfaceForComposites.java:765)
	at ptolemy.actor.util.CausalityInterfaceForComposites._computeInputDepth(CausalityInterfaceForComposites.java:696)
	at ptolemy.actor.util.CausalityInterfaceForComposites._computeOutputPortDepth(CausalityInterfaceForComposites.java:765)
	at ptolemy.actor.util.CausalityInterfaceForComposites._computeInputDepth(CausalityInterfaceForComposites.java:696)
	at ptolemy.actor.util.CausalityInterfaceForComposites._computeActorDepth(CausalityInterfaceForComposites.java:532)
	at ptolemy.actor.util.CausalityInterfaceForComposites.checkForCycles(CausalityInterfaceForComposites.java:96)
	at ptolemy.domains.de.kernel.DEDirector.preinitialize(DEDirector.java:1338)
	at ptolemy.actor.CompositeActor.preinitialize(CompositeActor.java:1828)
	at ptolemy.actor.Manager.preinitializeAndResolveTypes(Manager.java:1040)
	at ptolemy.actor.Manager.initialize(Manager.java:710)
	at ptolemy.actor.Manager.execute(Manager.java:356)
	at ptolemy.actor.Manager.run(Manager.java:1263)
	at ptolemy.actor.Manager$PtolemyRunThread.run(Manager.java:1915)
java.lang.RuntimeException: Execution failed
	at ptolemy.moml.MoMLSimpleApplication$UnloadThread.run(MoMLSimpleApplication.java:402)
Caused by: ptolemy.kernel.util.IllegalActionException: Found a zero delay loop containing .dependencyLoop2.original
  in .dependencyLoop2 and .dependencyLoop2.original
	at ptolemy.actor.util.CausalityInterfaceForComposites._computeOutputPortDepth(CausalityInterfaceForComposites.java:759)
	at ptolemy.actor.util.CausalityInterfaceForComposites._computeInputDepth(CausalityInterfaceForComposites.java:696)
	at ptolemy.actor.util.CausalityInterfaceForComposites._computeOutputPortDepth(CausalityInterfaceForComposites.java:765)
	at ptolemy.actor.util.CausalityInterfaceForComposites._computeInputDepth(CausalityInterfaceForComposites.java:696)
	at ptolemy.actor.util.CausalityInterfaceForComposites._computeOutputPortDepth(CausalityInterfaceForComposites.java:765)
	at ptolemy.actor.util.CausalityInterfaceForComposites._computeInputDepth(CausalityInterfaceForComposites.java:696)
	at ptolemy.actor.util.CausalityInterfaceForComposites._computeActorDepth(CausalityInterfaceForComposites.java:532)
	at ptolemy.actor.util.CausalityInterfaceForComposites.checkForCycles(CausalityInterfaceForComposites.java:96)
	at ptolemy.domains.de.kernel.DEDirector.preinitialize(DEDirector.java:1338)
	at ptolemy.actor.CompositeActor.preinitialize(CompositeActor.java:1828)
	at ptolemy.actor.Manager.preinitializeAndResolveTypes(Manager.java:1040)
	at ptolemy.actor.Manager.initialize(Manager.java:710)
	at ptolemy.actor.Manager.execute(Manager.java:356)
	at ptolemy.actor.Manager.run(Manager.java:1263)
	at ptolemy.actor.Manager$PtolemyRunThread.run(Manager.java:1915)
java.lang.RuntimeException: Execution failed
	at ptolemy.moml.MoMLSimpleApplication$UnloadThread.run(MoMLSimpleApplication.java:402)
Caused by: ptolemy.kernel.util.IllegalActionException: Test fails in iteration 1.
Value was: 1.0. Should have been: 2.0
  in .DirectFeedback.Test
	at ptolemy.actor.lib.Test.fire(Test.java:268)
	at ptolemy.domains.de.kernel.DEDirector._fire(DEDirector.java:1949)
	at ptolemy.domains.de.kernel.DEDirector.fire(DEDirector.java:502)
	at ptolemy.actor.CompositeActor.fire(CompositeActor.java:455)
	at ptolemy.actor.Manager.iterate(Manager.java:851)
	at ptolemy.actor.Manager.execute(Manager.java:369)
	at ptolemy.actor.Manager.run(Manager.java:1263)
	at ptolemy.actor.Manager$PtolemyRunThread.run(Manager.java:1915)
java.lang.RuntimeException: Execution failed
	at ptolemy.moml.MoMLSimpleApplication$UnloadThread.run(MoMLSimpleApplication.java:402)
Caused by: ptolemy.kernel.util.IllegalActionException: Found a zero delay loop containing .dependencyLoop.original
  in .dependencyLoop and .dependencyLoop.original
	at ptolemy.actor.util.CausalityInterfaceForComposites._computeOutputPortDepth(CausalityInterfaceForComposites.java:759)
	at ptolemy.actor.util.CausalityInterfaceForComposites._computeInputDepth(CausalityInterfaceForComposites.java:696)
	at ptolemy.actor.util.CausalityInterfaceForComposites._computeOutputPortDepth(CausalityInterfaceForComposites.java:765)
	at ptolemy.actor.util.CausalityInterfaceForComposites._computeInputDepth(CausalityInterfaceForComposites.java:696)
	at ptolemy.actor.util.CausalityInterfaceForComposites._computeOutputPortDepth(CausalityInterfaceForComposites.java:765)
	at ptolemy.actor.util.CausalityInterfaceForComposites._computeInputDepth(CausalityInterfaceForComposites.java:696)
	at ptolemy.actor.util.CausalityInterfaceForComposites._computeActorDepth(CausalityInterfaceForComposites.java:532)
	at ptolemy.actor.util.CausalityInterfaceForComposites.checkForCycles(CausalityInterfaceForComposites.java:96)
	at ptolemy.domains.de.kernel.DEDirector.preinitialize(DEDirector.java:1338)
	at ptolemy.actor.CompositeActor.preinitialize(CompositeActor.java:1828)
	at ptolemy.actor.Manager.preinitializeAndResolveTypes(Manager.java:1040)
	at ptolemy.actor.Manager.initialize(Manager.java:710)
	at ptolemy.actor.Manager.execute(Manager.java:356)
	at ptolemy.actor.Manager.run(Manager.java:1263)
	at ptolemy.actor.Manager$PtolemyRunThread.run(Manager.java:1915)
java.lang.RuntimeException: Execution failed
	at ptolemy.moml.MoMLSimpleApplication$UnloadThread.run(MoMLSimpleApplication.java:402)
Caused by: ptolemy.kernel.util.IllegalActionException: Found a zero delay loop containing .HierarchicalModel.A
  in .HierarchicalModel and .HierarchicalModel.A
	at ptolemy.actor.util.CausalityInterfaceForComposites._computeOutputPortDepth(CausalityInterfaceForComposites.java:759)
	at ptolemy.actor.util.CausalityInterfaceForComposites._computeInputDepth(CausalityInterfaceForComposites.java:696)
	at ptolemy.actor.util.CausalityInterfaceForComposites._computeOutputPortDepth(CausalityInterfaceForComposites.java:765)
	at ptolemy.actor.util.CausalityInterfaceForComposites._computeInputDepth(CausalityInterfaceForComposites.java:696)
	at ptolemy.actor.util.CausalityInterfaceForComposites._computeOutputPortDepth(CausalityInterfaceForComposites.java:765)
	at ptolemy.actor.util.CausalityInterfaceForComposites._computeInputDepth(CausalityInterfaceForComposites.java:696)
	at ptolemy.actor.util.CausalityInterfaceForComposites._computeActorDepth(CausalityInterfaceForComposites.java:532)
	at ptolemy.actor.util.CausalityInterfaceForComposites.checkForCycles(CausalityInterfaceForComposites.java:96)
	at ptolemy.domains.de.kernel.DEDirector.preinitialize(DEDirector.java:1338)
	at ptolemy.actor.CompositeActor.preinitialize(CompositeActor.java:1828)
	at ptolemy.actor.Manager.preinitializeAndResolveTypes(Manager.java:1040)
	at ptolemy.actor.Manager.initialize(Manager.java:710)
	at ptolemy.actor.Manager.execute(Manager.java:356)
	at ptolemy.actor.Manager.run(Manager.java:1263)
	at ptolemy.actor.Manager$PtolemyRunThread.run(Manager.java:1915)
java.lang.RuntimeException: Execution failed
	at ptolemy.moml.MoMLSimpleApplication$UnloadThread.run(MoMLSimpleApplication.java:402)
Caused by: ptolemy.kernel.util.IllegalActionException: Found a zero delay loop containing .dependencyLoop2.original
  in .dependencyLoop2 and .dependencyLoop2.original
	at ptolemy.actor.util.CausalityInterfaceForComposites._computeOutputPortDepth(CausalityInterfaceForComposites.java:759)
	at ptolemy.actor.util.CausalityInterfaceForComposites._computeInputDepth(CausalityInterfaceForComposites.java:696)
	at ptolemy.actor.util.CausalityInterfaceForComposites._computeOutputPortDepth(CausalityInterfaceForComposites.java:765)
	at ptolemy.actor.util.CausalityInterfaceForComposites._computeInputDepth(CausalityInterfaceForComposites.java:696)
	at ptolemy.actor.util.CausalityInterfaceForComposites._computeOutputPortDepth(CausalityInterfaceForComposites.java:765)
	at ptolemy.actor.util.CausalityInterfaceForComposites._computeInputDepth(CausalityInterfaceForComposites.java:696)
	at ptolemy.actor.util.CausalityInterfaceForComposites._computeActorDepth(CausalityInterfaceForComposites.java:532)
	at ptolemy.actor.util.CausalityInterfaceForComposites.checkForCycles(CausalityInterfaceForComposites.java:96)
	at ptolemy.domains.de.kernel.DEDirector.preinitialize(DEDirector.java:1338)
	at ptolemy.actor.CompositeActor.preinitialize(CompositeActor.java:1828)
	at ptolemy.actor.Manager.preinitializeAndResolveTypes(Manager.java:1040)
	at ptolemy.actor.Manager.initialize(Manager.java:710)
	at ptolemy.actor.Manager.execute(Manager.java:356)
	at ptolemy.actor.Manager.run(Manager.java:1263)
	at ptolemy.actor.Manager$PtolemyRunThread.run(Manager.java:1915)
java.lang.RuntimeException: Execution failed
	at ptolemy.moml.MoMLSimpleApplication$UnloadThread.run(MoMLSimpleApplication.java:402)
Caused by: ptolemy.kernel.util.IllegalActionException: Actor is not ready to fire.  Perhaps UpSample.prefire() returned false? Try debugging the actor by selecting "Listen to Actor".  Also, for SDF check moml for tokenConsumptionRate on input.
  in .DESDFClockTest.Play Bell.Copy1:SDF Director and .DESDFClockTest.Play Bell.UpSample
	at ptolemy.actor.sched.StaticSchedulingDirector.fire(StaticSchedulingDirector.java:227)
	at ptolemy.domains.sdf.kernel.SDFDirector.fire(SDFDirector.java:500)
	at ptolemy.actor.CompositeActor.fire(CompositeActor.java:455)
	at ptolemy.domains.de.kernel.DEDirector._fire(DEDirector.java:1949)
	at ptolemy.domains.de.kernel.DEDirector.fire(DEDirector.java:502)
	at ptolemy.actor.CompositeActor.fire(CompositeActor.java:455)
	at ptolemy.actor.Manager.iterate(Manager.java:851)
	at ptolemy.actor.Manager.execute(Manager.java:369)
	at ptolemy.actor.Manager.run(Manager.java:1263)
	at ptolemy.actor.Manager$PtolemyRunThread.run(Manager.java:1915)
java.lang.RuntimeException: Execution failed
	at ptolemy.moml.MoMLSimpleApplication$UnloadThread.run(MoMLSimpleApplication.java:402)
Caused by: ptolemy.kernel.util.IllegalActionException: Actor is not ready to fire.  Perhaps UpSample.prefire() returned false? Try debugging the actor by selecting "Listen to Actor".  Also, for SDF check moml for tokenConsumptionRate on input.
  in .DESDFClockTest.Play Bell.Copy1:SDF Director and .DESDFClockTest.Play Bell.UpSample
	at ptolemy.actor.sched.StaticSchedulingDirector.fire(StaticSchedulingDirector.java:227)
	at ptolemy.domains.sdf.kernel.SDFDirector.fire(SDFDirector.java:500)
	at ptolemy.actor.CompositeActor.fire(CompositeActor.java:455)
	at ptolemy.domains.de.kernel.DEDirector._fire(DEDirector.java:1949)
	at ptolemy.domains.de.kernel.DEDirector.fire(DEDirector.java:502)
	at ptolemy.actor.CompositeActor.fire(CompositeActor.java:455)
	at ptolemy.actor.Manager.iterate(Manager.java:851)
	at ptolemy.actor.Manager.execute(Manager.java:369)
	at ptolemy.actor.Manager.run(Manager.java:1263)
	at ptolemy.actor.Manager$PtolemyRunThread.run(Manager.java:1915)
java.lang.reflect.InvocationTargetException
	at java.base/jdk.internal.reflect.NativeConstructorAccessorImpl.newInstance0(Native Method)
	at java.base/jdk.internal.reflect.NativeConstructorAccessorImpl.newInstance(NativeConstructorAccessorImpl.java:62)
	at java.base/jdk.internal.reflect.DelegatingConstructorAccessorImpl.newInstance(DelegatingConstructorAccessorImpl.java:45)
	at java.base/java.lang.reflect.Constructor.newInstance(Constructor.java:490)
	at ptolemy.util.test.junit.AutoKnownFailedTests.RunModel(AutoKnownFailedTests.java:105)
	at java.base/jdk.internal.reflect.NativeMethodAccessorImpl.invoke0(Native Method)
	at java.base/jdk.internal.reflect.NativeMethodAccessorImpl.invoke(NativeMethodAccessorImpl.java:62)
	at java.base/jdk.internal.reflect.DelegatingMethodAccessorImpl.invoke(DelegatingMethodAccessorImpl.java:43)
	at java.base/java.lang.reflect.Method.invoke(Method.java:566)
	at org.junit.runners.model.FrameworkMethod$1.runReflectiveCall(FrameworkMethod.java:44)
	at org.junit.internal.runners.model.ReflectiveCallable.run(ReflectiveCallable.java:15)
	at org.junit.runners.model.FrameworkMethod.invokeExplosively(FrameworkMethod.java:41)
	at junitparams.internal.InvokeParameterisedMethod.evaluate(InvokeParameterisedMethod.java:102)
	at org.junit.internal.runners.statements.FailOnTimeout$1.run(FailOnTimeout.java:28)
Caused by: ptolemy.kernel.util.IllegalActionException: Actor is not ready to fire.  Perhaps UpSample.prefire() returned false? Try debugging the actor by selecting "Listen to Actor".  Also, for SDF check moml for tokenConsumptionRate on input.
  in .DESDFClockTest.Play Bell.Copy1:SDF Director and .DESDFClockTest.Play Bell.UpSample
	at ptolemy.actor.sched.StaticSchedulingDirector.fire(StaticSchedulingDirector.java:227)
	at ptolemy.domains.sdf.kernel.SDFDirector.fire(SDFDirector.java:500)
	at ptolemy.actor.CompositeActor.fire(CompositeActor.java:455)
	at ptolemy.domains.de.kernel.DEDirector._fire(DEDirector.java:1949)
	at ptolemy.domains.de.kernel.DEDirector.fire(DEDirector.java:502)
	at ptolemy.actor.CompositeActor.fire(CompositeActor.java:455)
	at ptolemy.actor.Manager.iterate(Manager.java:851)
	at ptolemy.actor.Manager.execute(Manager.java:369)
	at ptolemy.actor.Manager.run(Manager.java:1263)
	at ptolemy.actor.Manager$PtolemyRunThread.run(Manager.java:1915)
java.lang.RuntimeException: Execution failed
	at ptolemy.moml.MoMLSimpleApplication$UnloadThread.run(MoMLSimpleApplication.java:402)
Caused by: ptolemy.kernel.util.IllegalActionException: Test fails in iteration 1.
Value was: 1.0. Should have been: 2.0
  in .DirectFeedback.Test
	at ptolemy.actor.lib.Test.fire(Test.java:268)
	at ptolemy.domains.de.kernel.DEDirector._fire(DEDirector.java:1949)
	at ptolemy.domains.de.kernel.DEDirector.fire(DEDirector.java:502)
	at ptolemy.actor.CompositeActor.fire(CompositeActor.java:455)
	at ptolemy.actor.Manager.iterate(Manager.java:851)
	at ptolemy.actor.Manager.execute(Manager.java:369)
	at ptolemy.actor.Manager.run(Manager.java:1263)
	at ptolemy.actor.Manager$PtolemyRunThread.run(Manager.java:1915)
java.lang.reflect.InvocationTargetException
	at java.base/jdk.internal.reflect.NativeConstructorAccessorImpl.newInstance0(Native Method)
	at java.base/jdk.internal.reflect.NativeConstructorAccessorImpl.newInstance(NativeConstructorAccessorImpl.java:62)
	at java.base/jdk.internal.reflect.DelegatingConstructorAccessorImpl.newInstance(DelegatingConstructorAccessorImpl.java:45)
	at java.base/java.lang.reflect.Constructor.newInstance(Constructor.java:490)
	at ptolemy.util.test.junit.AutoKnownFailedTests.RunModel(AutoKnownFailedTests.java:105)
	at java.base/jdk.internal.reflect.NativeMethodAccessorImpl.invoke0(Native Method)
	at java.base/jdk.internal.reflect.NativeMethodAccessorImpl.invoke(NativeMethodAccessorImpl.java:62)
	at java.base/jdk.internal.reflect.DelegatingMethodAccessorImpl.invoke(DelegatingMethodAccessorImpl.java:43)
	at java.base/java.lang.reflect.Method.invoke(Method.java:566)
	at org.junit.runners.model.FrameworkMethod$1.runReflectiveCall(FrameworkMethod.java:44)
	at org.junit.internal.runners.model.ReflectiveCallable.run(ReflectiveCallable.java:15)
	at org.junit.runners.model.FrameworkMethod.invokeExplosively(FrameworkMethod.java:41)
	at junitparams.internal.InvokeParameterisedMethod.evaluate(InvokeParameterisedMethod.java:102)
	at org.junit.internal.runners.statements.FailOnTimeout$1.run(FailOnTimeout.java:28)
Caused by: ptolemy.kernel.util.IllegalActionException: Test fails in iteration 1.
Value was: 1.0. Should have been: 2.0
  in .DirectFeedback.Test
	at ptolemy.actor.lib.Test.fire(Test.java:268)
	at ptolemy.domains.de.kernel.DEDirector._fire(DEDirector.java:1949)
	at ptolemy.domains.de.kernel.DEDirector.fire(DEDirector.java:502)
	at ptolemy.actor.CompositeActor.fire(CompositeActor.java:455)
	at ptolemy.actor.Manager.iterate(Manager.java:851)
	at ptolemy.actor.Manager.execute(Manager.java:369)
	at ptolemy.actor.Manager.run(Manager.java:1263)
	at ptolemy.actor.Manager$PtolemyRunThread.run(Manager.java:1915)
java.lang.RuntimeException: Execution failed
	at ptolemy.moml.MoMLSimpleApplication$UnloadThread.run(MoMLSimpleApplication.java:402)
Caused by: ptolemy.kernel.util.IllegalActionException: Found a zero delay loop containing .HierarchicalModel.A
  in .HierarchicalModel and .HierarchicalModel.A
	at ptolemy.actor.util.CausalityInterfaceForComposites._computeOutputPortDepth(CausalityInterfaceForComposites.java:759)
	at ptolemy.actor.util.CausalityInterfaceForComposites._computeInputDepth(CausalityInterfaceForComposites.java:696)
	at ptolemy.actor.util.CausalityInterfaceForComposites._computeOutputPortDepth(CausalityInterfaceForComposites.java:765)
	at ptolemy.actor.util.CausalityInterfaceForComposites._computeInputDepth(CausalityInterfaceForComposites.java:696)
	at ptolemy.actor.util.CausalityInterfaceForComposites._computeOutputPortDepth(CausalityInterfaceForComposites.java:765)
	at ptolemy.actor.util.CausalityInterfaceForComposites._computeInputDepth(CausalityInterfaceForComposites.java:696)
	at ptolemy.actor.util.CausalityInterfaceForComposites._computeActorDepth(CausalityInterfaceForComposites.java:532)
	at ptolemy.actor.util.CausalityInterfaceForComposites.checkForCycles(CausalityInterfaceForComposites.java:96)
	at ptolemy.domains.de.kernel.DEDirector.preinitialize(DEDirector.java:1338)
	at ptolemy.actor.CompositeActor.preinitialize(CompositeActor.java:1828)
	at ptolemy.actor.Manager.preinitializeAndResolveTypes(Manager.java:1040)
	at ptolemy.actor.Manager.initialize(Manager.java:710)
	at ptolemy.actor.Manager.execute(Manager.java:356)
	at ptolemy.actor.Manager.run(Manager.java:1263)
	at ptolemy.actor.Manager$PtolemyRunThread.run(Manager.java:1915)
java.lang.reflect.InvocationTargetException
	at java.base/jdk.internal.reflect.NativeConstructorAccessorImpl.newInstance0(Native Method)
	at java.base/jdk.internal.reflect.NativeConstructorAccessorImpl.newInstance(NativeConstructorAccessorImpl.java:62)
	at java.base/jdk.internal.reflect.DelegatingConstructorAccessorImpl.newInstance(DelegatingConstructorAccessorImpl.java:45)
	at java.base/java.lang.reflect.Constructor.newInstance(Constructor.java:490)
	at ptolemy.util.test.junit.AutoKnownFailedTests.RunModel(AutoKnownFailedTests.java:105)
	at java.base/jdk.internal.reflect.NativeMethodAccessorImpl.invoke0(Native Method)
	at java.base/jdk.internal.reflect.NativeMethodAccessorImpl.invoke(NativeMethodAccessorImpl.java:62)
	at java.base/jdk.internal.reflect.DelegatingMethodAccessorImpl.invoke(DelegatingMethodAccessorImpl.java:43)
	at java.base/java.lang.reflect.Method.invoke(Method.java:566)
	at org.junit.runners.model.FrameworkMethod$1.runReflectiveCall(FrameworkMethod.java:44)
	at org.junit.internal.runners.model.ReflectiveCallable.run(ReflectiveCallable.java:15)
	at org.junit.runners.model.FrameworkMethod.invokeExplosively(FrameworkMethod.java:41)
	at junitparams.internal.InvokeParameterisedMethod.evaluate(InvokeParameterisedMethod.java:102)
	at org.junit.internal.runners.statements.FailOnTimeout$1.run(FailOnTimeout.java:28)
Caused by: ptolemy.kernel.util.IllegalActionException: Found a zero delay loop containing .HierarchicalModel.A
  in .HierarchicalModel and .HierarchicalModel.A
	at ptolemy.actor.util.CausalityInterfaceForComposites._computeOutputPortDepth(CausalityInterfaceForComposites.java:759)
	at ptolemy.actor.util.CausalityInterfaceForComposites._computeInputDepth(CausalityInterfaceForComposites.java:696)
	at ptolemy.actor.util.CausalityInterfaceForComposites._computeOutputPortDepth(CausalityInterfaceForComposites.java:765)
	at ptolemy.actor.util.CausalityInterfaceForComposites._computeInputDepth(CausalityInterfaceForComposites.java:696)
	at ptolemy.actor.util.CausalityInterfaceForComposites._computeOutputPortDepth(CausalityInterfaceForComposites.java:765)
	at ptolemy.actor.util.CausalityInterfaceForComposites._computeInputDepth(CausalityInterfaceForComposites.java:696)
	at ptolemy.actor.util.CausalityInterfaceForComposites._computeActorDepth(CausalityInterfaceForComposites.java:532)
	at ptolemy.actor.util.CausalityInterfaceForComposites.checkForCycles(CausalityInterfaceForComposites.java:96)
	at ptolemy.domains.de.kernel.DEDirector.preinitialize(DEDirector.java:1338)
	at ptolemy.actor.CompositeActor.preinitialize(CompositeActor.java:1828)
	at ptolemy.actor.Manager.preinitializeAndResolveTypes(Manager.java:1040)
	at ptolemy.actor.Manager.initialize(Manager.java:710)
	at ptolemy.actor.Manager.execute(Manager.java:356)
	at ptolemy.actor.Manager.run(Manager.java:1263)
	at ptolemy.actor.Manager$PtolemyRunThread.run(Manager.java:1915)
java.lang.RuntimeException: Execution failed
	at ptolemy.moml.MoMLSimpleApplication$UnloadThread.run(MoMLSimpleApplication.java:402)
Caused by: ptolemy.kernel.util.IllegalActionException: Found a zero delay loop containing .dependencyLoop.original
  in .dependencyLoop and .dependencyLoop.original
	at ptolemy.actor.util.CausalityInterfaceForComposites._computeOutputPortDepth(CausalityInterfaceForComposites.java:759)
	at ptolemy.actor.util.CausalityInterfaceForComposites._computeInputDepth(CausalityInterfaceForComposites.java:696)
	at ptolemy.actor.util.CausalityInterfaceForComposites._computeOutputPortDepth(CausalityInterfaceForComposites.java:765)
	at ptolemy.actor.util.CausalityInterfaceForComposites._computeInputDepth(CausalityInterfaceForComposites.java:696)
	at ptolemy.actor.util.CausalityInterfaceForComposites._computeOutputPortDepth(CausalityInterfaceForComposites.java:765)
	at ptolemy.actor.util.CausalityInterfaceForComposites._computeInputDepth(CausalityInterfaceForComposites.java:696)
	at ptolemy.actor.util.CausalityInterfaceForComposites._computeActorDepth(CausalityInterfaceForComposites.java:532)
	at ptolemy.actor.util.CausalityInterfaceForComposites.checkForCycles(CausalityInterfaceForComposites.java:96)
	at ptolemy.domains.de.kernel.DEDirector.preinitialize(DEDirector.java:1338)
	at ptolemy.actor.CompositeActor.preinitialize(CompositeActor.java:1828)
	at ptolemy.actor.Manager.preinitializeAndResolveTypes(Manager.java:1040)
	at ptolemy.actor.Manager.initialize(Manager.java:710)
	at ptolemy.actor.Manager.execute(Manager.java:356)
	at ptolemy.actor.Manager.run(Manager.java:1263)
	at ptolemy.actor.Manager$PtolemyRunThread.run(Manager.java:1915)
java.lang.reflect.InvocationTargetException
	at java.base/jdk.internal.reflect.NativeConstructorAccessorImpl.newInstance0(Native Method)
	at java.base/jdk.internal.reflect.NativeConstructorAccessorImpl.newInstance(NativeConstructorAccessorImpl.java:62)
	at java.base/jdk.internal.reflect.DelegatingConstructorAccessorImpl.newInstance(DelegatingConstructorAccessorImpl.java:45)
	at java.base/java.lang.reflect.Constructor.newInstance(Constructor.java:490)
	at ptolemy.util.test.junit.AutoKnownFailedTests.RunModel(AutoKnownFailedTests.java:105)
	at java.base/jdk.internal.reflect.NativeMethodAccessorImpl.invoke0(Native Method)
	at java.base/jdk.internal.reflect.NativeMethodAccessorImpl.invoke(NativeMethodAccessorImpl.java:62)
	at java.base/jdk.internal.reflect.DelegatingMethodAccessorImpl.invoke(DelegatingMethodAccessorImpl.java:43)
	at java.base/java.lang.reflect.Method.invoke(Method.java:566)
	at org.junit.runners.model.FrameworkMethod$1.runReflectiveCall(FrameworkMethod.java:44)
	at org.junit.internal.runners.model.ReflectiveCallable.run(ReflectiveCallable.java:15)
	at org.junit.runners.model.FrameworkMethod.invokeExplosively(FrameworkMethod.java:41)
	at junitparams.internal.InvokeParameterisedMethod.evaluate(InvokeParameterisedMethod.java:102)
	at org.junit.internal.runners.statements.FailOnTimeout$1.run(FailOnTimeout.java:28)
Caused by: ptolemy.kernel.util.IllegalActionException: Found a zero delay loop containing .dependencyLoop.original
  in .dependencyLoop and .dependencyLoop.original
	at ptolemy.actor.util.CausalityInterfaceForComposites._computeOutputPortDepth(CausalityInterfaceForComposites.java:759)
	at ptolemy.actor.util.CausalityInterfaceForComposites._computeInputDepth(CausalityInterfaceForComposites.java:696)
	at ptolemy.actor.util.CausalityInterfaceForComposites._computeOutputPortDepth(CausalityInterfaceForComposites.java:765)
	at ptolemy.actor.util.CausalityInterfaceForComposites._computeInputDepth(CausalityInterfaceForComposites.java:696)
	at ptolemy.actor.util.CausalityInterfaceForComposites._computeOutputPortDepth(CausalityInterfaceForComposites.java:765)
	at ptolemy.actor.util.CausalityInterfaceForComposites._computeInputDepth(CausalityInterfaceForComposites.java:696)
	at ptolemy.actor.util.CausalityInterfaceForComposites._computeActorDepth(CausalityInterfaceForComposites.java:532)
	at ptolemy.actor.util.CausalityInterfaceForComposites.checkForCycles(CausalityInterfaceForComposites.java:96)
	at ptolemy.domains.de.kernel.DEDirector.preinitialize(DEDirector.java:1338)
	at ptolemy.actor.CompositeActor.preinitialize(CompositeActor.java:1828)
	at ptolemy.actor.Manager.preinitializeAndResolveTypes(Manager.java:1040)
	at ptolemy.actor.Manager.initialize(Manager.java:710)
	at ptolemy.actor.Manager.execute(Manager.java:356)
	at ptolemy.actor.Manager.run(Manager.java:1263)
	at ptolemy.actor.Manager$PtolemyRunThread.run(Manager.java:1915)
java.lang.RuntimeException: Execution failed
	at ptolemy.moml.MoMLSimpleApplication$UnloadThread.run(MoMLSimpleApplication.java:402)
Caused by: ptolemy.kernel.util.IllegalActionException: Found a zero delay loop containing .dependencyLoop2.original
  in .dependencyLoop2 and .dependencyLoop2.original
	at ptolemy.actor.util.CausalityInterfaceForComposites._computeOutputPortDepth(CausalityInterfaceForComposites.java:759)
	at ptolemy.actor.util.CausalityInterfaceForComposites._computeInputDepth(CausalityInterfaceForComposites.java:696)
	at ptolemy.actor.util.CausalityInterfaceForComposites._computeOutputPortDepth(CausalityInterfaceForComposites.java:765)
	at ptolemy.actor.util.CausalityInterfaceForComposites._computeInputDepth(CausalityInterfaceForComposites.java:696)
	at ptolemy.actor.util.CausalityInterfaceForComposites._computeOutputPortDepth(CausalityInterfaceForComposites.java:765)
	at ptolemy.actor.util.CausalityInterfaceForComposites._computeInputDepth(CausalityInterfaceForComposites.java:696)
	at ptolemy.actor.util.CausalityInterfaceForComposites._computeActorDepth(CausalityInterfaceForComposites.java:532)
	at ptolemy.actor.util.CausalityInterfaceForComposites.checkForCycles(CausalityInterfaceForComposites.java:96)
	at ptolemy.domains.de.kernel.DEDirector.preinitialize(DEDirector.java:1338)
	at ptolemy.actor.CompositeActor.preinitialize(CompositeActor.java:1828)
	at ptolemy.actor.Manager.preinitializeAndResolveTypes(Manager.java:1040)
	at ptolemy.actor.Manager.initialize(Manager.java:710)
	at ptolemy.actor.Manager.execute(Manager.java:356)
	at ptolemy.actor.Manager.run(Manager.java:1263)
	at ptolemy.actor.Manager$PtolemyRunThread.run(Manager.java:1915)
java.lang.reflect.InvocationTargetException
	at java.base/jdk.internal.reflect.NativeConstructorAccessorImpl.newInstance0(Native Method)
	at java.base/jdk.internal.reflect.NativeConstructorAccessorImpl.newInstance(NativeConstructorAccessorImpl.java:62)
	at java.base/jdk.internal.reflect.DelegatingConstructorAccessorImpl.newInstance(DelegatingConstructorAccessorImpl.java:45)
	at java.base/java.lang.reflect.Constructor.newInstance(Constructor.java:490)
	at ptolemy.util.test.junit.AutoKnownFailedTests.RunModel(AutoKnownFailedTests.java:105)
	at java.base/jdk.internal.reflect.NativeMethodAccessorImpl.invoke0(Native Method)
	at java.base/jdk.internal.reflect.NativeMethodAccessorImpl.invoke(NativeMethodAccessorImpl.java:62)
	at java.base/jdk.internal.reflect.DelegatingMethodAccessorImpl.invoke(DelegatingMethodAccessorImpl.java:43)
	at java.base/java.lang.reflect.Method.invoke(Method.java:566)
	at org.junit.runners.model.FrameworkMethod$1.runReflectiveCall(FrameworkMethod.java:44)
	at org.junit.internal.runners.model.ReflectiveCallable.run(ReflectiveCallable.java:15)
	at org.junit.runners.model.FrameworkMethod.invokeExplosively(FrameworkMethod.java:41)
	at junitparams.internal.InvokeParameterisedMethod.evaluate(InvokeParameterisedMethod.java:102)
	at org.junit.internal.runners.statements.FailOnTimeout$1.run(FailOnTimeout.java:28)
Caused by: ptolemy.kernel.util.IllegalActionException: Found a zero delay loop containing .dependencyLoop2.original
  in .dependencyLoop2 and .dependencyLoop2.original
	at ptolemy.actor.util.CausalityInterfaceForComposites._computeOutputPortDepth(CausalityInterfaceForComposites.java:759)
	at ptolemy.actor.util.CausalityInterfaceForComposites._computeInputDepth(CausalityInterfaceForComposites.java:696)
	at ptolemy.actor.util.CausalityInterfaceForComposites._computeOutputPortDepth(CausalityInterfaceForComposites.java:765)
	at ptolemy.actor.util.CausalityInterfaceForComposites._computeInputDepth(CausalityInterfaceForComposites.java:696)
	at ptolemy.actor.util.CausalityInterfaceForComposites._computeOutputPortDepth(CausalityInterfaceForComposites.java:765)
	at ptolemy.actor.util.CausalityInterfaceForComposites._computeInputDepth(CausalityInterfaceForComposites.java:696)
	at ptolemy.actor.util.CausalityInterfaceForComposites._computeActorDepth(CausalityInterfaceForComposites.java:532)
	at ptolemy.actor.util.CausalityInterfaceForComposites.checkForCycles(CausalityInterfaceForComposites.java:96)
	at ptolemy.domains.de.kernel.DEDirector.preinitialize(DEDirector.java:1338)
	at ptolemy.actor.CompositeActor.preinitialize(CompositeActor.java:1828)
	at ptolemy.actor.Manager.preinitializeAndResolveTypes(Manager.java:1040)
	at ptolemy.actor.Manager.initialize(Manager.java:710)
	at ptolemy.actor.Manager.execute(Manager.java:356)
	at ptolemy.actor.Manager.run(Manager.java:1263)
	at ptolemy.actor.Manager$PtolemyRunThread.run(Manager.java:1915)
]]></system-err>
</testsuite>
