<?xml version="1.0" encoding="UTF-8" ?>
<testsuite errors="0" failures="1" hostname="travis-job-94ef61f9-3b3f-485c-b1a7-c848f0effe1c" name="ptolemy.cg.lib.test.junit.JUnitTclTest" skipped="0" tests="37" time="106.164" timestamp="2019-01-18T03:25:12">
  <properties>
    <property name="npm.executable" value="npm" />
    <property name="file.encoding.pkg" value="sun.io" />
    <property name="env.TRAVIS_ROOT" value="/" />
    <property name="ptII.mk.exists" value="true" />
    <property name="env.TRAVIS_APP_HOST" value="build.travis-ci.org" />
    <property name="env.rvm_bin_path" value="/home/travis/.rvm/bin" />
    <property name="java.home" value="/usr/lib/jvm/java-8-oracle/jre" />
    <property name="env.TRAVIS_JOB_NUMBER" value="941.10" />
    <property name="env.TRAVIS_HOME" value="/home/travis" />
    <property name="env.DISPLAY" value=":99.0" />
    <property name="java.net.preferIPv4Stack" value="true" />
    <property name="env.TRAVIS_INIT" value="upstart" />
    <property name="env.SSH_TTY" value="/dev/pts/0" />
    <property name="env.RUN_TESTS" value="false" />
    <property name="timeout.short" value="1000000" />
    <property name="env.TRAVIS_JOB_NAME" value="" />
    <property name="env.TRAVIS_STACK_NODE_ATTRIBUTES" value="/.node-attributes.yml" />
    <property name="junit.formatter" value="xml" />
    <property name="java.endorsed.dirs" value="/usr/lib/jvm/java-8-oracle/jre/lib/endorsed" />
    <property name="env.TRAVIS_SUDO" value="true" />
    <property name="env.LOGNAME" value="travis" />
    <property name="jsdoc.home" value="node_modules/@terraswarm/jsdoc" />
    <property name="debuglevel" value="source,lines,vars" />
    <property name="checkstyle.formatter" value="xml" />
    <property name="bin.vergil.makeable" value="true" />
    <property name="env._system_version" value="14.04" />
    <property name="sun.os.patch.level" value="unknown" />
    <property name="java.vendor.url" value="http://java.oracle.com/" />
    <property name="env.TRAVIS_BUILD_WEB_URL" value="https://travis-ci.org/icyphy/ptII/builds/481176921" />
    <property name="java.version" value="1.8.0_151" />
    <property name="env.TZ" value="UTC" />
    <property name="env.PT_NO_NET" value="true" />
    <property name="env.TRAVIS_PULL_REQUEST_SHA" value="" />
    <property name="env.TRAVIS_SECURE_ENV_VARS" value="true" />
    <property name="env._system_type" value="Linux" />
    <property name="java.vendor.url.bug" value="http://bugreport.sun.com/bugreport/" />
    <property name="env.SSH_CLIENT" value="10.10.4.109 48698 22" />
    <property name="npmjs-org-is-up" value="true" />
    <property name="env.GEM_HOME" value="/home/travis/.rvm/gems/ruby-2.4.1" />
    <property name="env.HAS_ANTARES_THREE_LITTLE_FRONZIES_BADGE" value="true" />
    <property name="env.PS4" value="+" />
    <property name="ant.project.invoked-targets" value="build,test.core3.xml" />
    <property name="env.TRAVIS_PULL_REQUEST_BRANCH" value="" />
    <property name="env.TRAVIS_REPO_SLUG" value="icyphy/ptII" />
    <property name="env.TRAVIS_APT_PROXY" value="http://build-cache.travisci.net" />
    <property name="node.in.path" value="true" />
    <property name="java.maxmemory" value="1400m" />
    <property name="env.RUBY_VERSION" value="ruby-2.4.1" />
    <property name="user.name" value="travis" />
    <property name="env.LANG" value="en_US.UTF-8" />
    <property name="sun.io.unicode.encoding" value="UnicodeLittle" />
    <property name="sun.jnu.encoding" value="UTF-8" />
    <property name="java.runtime.name" value="Java(TM) SE Runtime Environment" />
    <property name="usefile" value="false" />
    <property name="return.code" value="0" />
    <property name="junit.single.formatter" value="plain" />
    <property name="env.DYLD_LIBRARY_PATH" value="/home/travis/pthla/certi-tools/lib:" />
    <property name="env.DEBIAN_FRONTEND" value="noninteractive" />
    <property name="env.SSH_CONNECTION" value="10.10.4.109 48698 10.20.2.83 22" />
    <property name="env.MYSQL_UNIX_PORT" value="/var/run/mysqld/mysqld.sock" />
    <property name="env.TRAVIS_ALLOW_FAILURE" value="false" />
    <property name="env.LC_ALL" value="en_US.UTF-8" />
    <property name="env.TRAVIS_JOB_WEB_URL" value="https://travis-ci.org/icyphy/ptII/jobs/481176931" />
    <property name="java.specification.name" value="Java Platform API Specification" />
    <property name="node.works" value="true" />
    <property name="user.timezone" value="" />
    <property name="path.separator" value=":" />
    <property name="env.TRAVIS_ENABLE_INFRA_DETECTION" value="true" />
    <property name="env.PYTHON_CFLAGS" value="-g -fstack-protector --param=ssp-buffer-size=4 -Wformat -Werror=format-security" />
    <property name="timeout.long" value="4000000" />
    <property name="env.CERTI_HOME" value="/home/travis/pthla/certi-tools" />
    <property name="file.encoding" value="UTF-8" />
    <property name="ant.file.ptII" value="/home/travis/build/icyphy/ptII/build.xml" />
    <property name="javadoc.packagenames" value="com.*,diva.*,lbnl.*,org.hlacerti.*,org.json.*,org.ptolemy.*,org.terraswarm.*,ptolemy.*,ptserver.*" />
    <property name="env.TRAVIS_PULL_REQUEST_SLUG" value="" />
    <property name="ant.project.default-target" value="build" />
    <property name="env.GIT_ASKPASS" value="echo" />
    <property name="env.HOME" value="/home/travis" />
    <property name="sun.java.command" value="org.apache.tools.ant.taskdefs.optional.junit.JUnitTestRunner ptolemy.cg.lib.test.junit.JUnitTclTest skipNonTests=false filtertrace=true haltOnError=false haltOnFailure=false formatter=org.apache.tools.ant.taskdefs.optional.junit.OutErrSummaryJUnitResultFormatter showoutput=true outputtoformatters=true logfailedtests=true threadid=0 logtestlistenerevents=false formatter=org.apache.tools.ant.taskdefs.optional.junit.XMLJUnitResultFormatter,/home/travis/build/icyphy/ptII/reports/junit/TEST-ptolemy.cg.lib.test.junit.JUnitTclTest.xml crashfile=/home/travis/build/icyphy/ptII/junitvmwatcher5748654416301885683.properties propsfile=/home/travis/build/icyphy/ptII/junit7315892641597831448.properties" />
    <property name="env.MANPATH" value="/home/travis/.nvm/versions/node/v7.10.1/share/man:/home/travis/.kiex/elixirs/elixir-1.4.5/man:/home/travis/.rvm/rubies/ruby-2.4.1/share/man:/usr/local/man:/usr/local/cmake-3.9.2/man:/usr/local/clang-5.0.0/share/man:/usr/local/share/man:/usr/share/man:/home/travis/.rvm/man" />
    <property name="env.COMPOSER_NO_INTERACTION" value="1" />
    <property name="env.JDK_SWITCHER_DEFAULT" value="oraclejdk8" />
    <property name="env.TRAVIS_TIMER_ID" value="070cbde2" />
    <property name="ant.file" value="/home/travis/build/icyphy/ptII/build.xml" />
    <property name="env.TRAVIS_COMMIT_RANGE" value="499a2d7241e85a4e639523bef7d00115755da390...468b5c0f3bd04e259f6eea4f73ac1ca045bb1ff9" />
    <property name="env._system_name" value="Ubuntu" />
    <property name="timeout" value="2400000" />
    <property name="ptII.classpath.optional.property" value="/home/travis/build/icyphy/ptII/lib/bsh-2.0b4.jar:/home/travis/build/icyphy/ptII/lib/ptCal.jar:/home/travis/build/icyphy/ptII/lib/java_cup.jar:/home/travis/build/icyphy/ptII/lib/saxon8.jar:/home/travis/build/icyphy/ptII/lib/saxon8-dom.jar:/home/travis/build/icyphy/ptII/lib/chic.jar:/home/travis/build/icyphy/ptII/lib/ptcolt.jar:/usr/lib/jvm/java-8-oracle/lib/tools.jar:/usr/lib/eclipse/plugins/org.eclipse.jdt.core_3.8.2.dist.jar:/usr/lib/eclipse/plugins/org.eclipse.core.runtime_3.8.0.dist.jar:/usr/lib/eclipse/plugins/org.eclipse.osgi_3.8.1.dist.jar:/usr/lib/eclipse/plugins/org.eclipse.core.resources_3.8.1.dist.jar:/usr/lib/eclipse/plugins/org.eclipse.equinox.common_3.6.100.dist.jar:/usr/lib/eclipse/plugins/org.eclipse.core.jobs_3.5.200.dist.jar:/usr/lib/eclipse/plugins/org.eclipse.core.contenttype_3.4.200.dist.jar:/usr/lib/eclipse/plugins/org.eclipse.equinox.preferences_3.5.0.dist.jar:/usr/lib/eclipse/plugins/org.eclipse.text_3.5.200.dist.jar:/usr/lib/eclipse/plugins/org.eclipse.ui.workbench_3.8.1.dist.jar:/usr/lib/eclipse/plugins/org.eclipse.jface_3.8.0.dist.jar:/usr/lib/eclipse/plugins/org.eclipse.swt_3.8.2.jar:/usr/lib/eclipse/plugins/org.eclipse.jface.text_3.8.1.dist.jar:/usr/lib/eclipse/plugins/org.eclipse.ui.workbench.texteditor_3.8.0.dist.jar:/usr/lib/eclipse/plugins/org.eclipse.ui.editors_3.8.0.dist.jar:/usr/lib/eclipse/plugins/org.eclipse.core.commands_3.6.1.dist.jar:/usr/lib/eclipse/plugins/org.eclipse.equinox.registry_3.5.200.dist.jar:/usr/lib/eclipse/plugins/org.eclipse.ui.console_3.5.100.dist.jar:/usr/lib/eclipse/plugins/org.eclipse.ui.forms_3.5.200.dist.jar:/usr/lib/eclipse/plugins/org.eclipse.ui.ide_3.8.1.dist.jar:/home/travis/build/icyphy/ptII/vendors/oracle/dbxml.jar:/home/travis/build/icyphy/ptII/vendors/oracle/db.jar:/home/travis/build/icyphy/ptII/vendors/misc/itext/iText.jar:/home/travis/build/icyphy/ptII/lib/g4ltl.jar:/home/travis/build/icyphy/ptII/lib/StructuralCoder.jar:/home/travis/build/icyphy/ptII/lib/org-openide-util.jar:/home/travis/build/icyphy/ptII/lib/org-openide-util-lookup.jar:/home/travis/build/icyphy/ptII/lib/org-netbeans-api-visual.jar:/home/travis/build/icyphy/ptII/vendors/jai-1_1_2_01/lib/jai_core.jar:/home/travis/build/icyphy/ptII/vendors/jai-1_1_2_01/lib/jai_codec.jar:/home/travis/build/icyphy/ptII/lib/jcerti.jar:/home/travis/build/icyphy/ptII/lib/smack.jar:/home/travis/build/icyphy/ptII/lib/smackx.jar:/home/travis/build/icyphy/ptII/lib/jetty-all-8.1.5-v20120716.jar:/home/travis/build/icyphy/ptII/lib/javax.servlet-api-3.0.1.jar:/home/travis/build/icyphy/ptII/lib/javax.mail.jar:/home/travis/build/icyphy/ptII/vendors/JMF-2.1.1e/lib/jmf.jar:/home/travis/build/icyphy/ptII/lib/jna-4.0.0-variadic.jar:/home/travis/build/icyphy/ptII/vendors/misc/joystick/Joystick.jar:/home/travis/build/icyphy/ptII/lib/ptjacl.jar:/home/travis/build/icyphy/ptII/lib/jsoup-1.8.2.jar:/home/travis/build/icyphy/ptII/lib/junit-4.8.2.jar:/home/travis/build/icyphy/ptII/lib/JUnitParams-0.4.0.jar:/home/travis/build/icyphy/ptII/ptolemy/actor/lib/excel/jxl.jar:/home/travis/build/icyphy/ptII/lib/jython.jar:/home/travis/build/icyphy/ptII/lib/kieler.jar:/home/travis/build/icyphy/ptII/vendors/opencv/share/OpenCV/java/opencv-341.jar:/home/travis/build/icyphy/ptII/lib/oscP5.jar:/home/travis/build/icyphy/ptII/lib/nrjavaserial-3.11.0.devel.jar:/home/travis/build/icyphy/ptII/vendors/j3d/lib/j3dcore.jar:/home/travis/build/icyphy/ptII/vendors/j3d/lib/j3dutils.jar:/home/travis/build/icyphy/ptII/vendors/j3d/lib/vecmath.jar:/home/travis/build/icyphy/ptII/ptolemy/distributed/jini/jar/jini-core.jar:/home/travis/build/icyphy/ptII/ptolemy/distributed/jini/jar/jini-ext.jar:/home/travis/build/icyphy/ptII/ptolemy/distributed/jini/jar/sun-util.jar:/home/travis/build/icyphy/ptII/lib/protobuf-java-2.4.1.jar:/home/travis/build/icyphy/ptII/lib/org.eclipse.paho.client.mqttv3.jar:/home/travis/build/icyphy/ptII/ptserver/lib/hessian-4.0.7.jar:/home/travis/build/icyphy/ptII/ptserver/lib/wmqtt.jar:/home/travis/build/icyphy/ptII/lib/mapss.jar:/home/travis/build/icyphy/ptII/ptolemy/actor/ptalon/antlr/antlr.jar:/home/travis/build/icyphy/ptII/lib/JRI.jar:/home/travis/build/icyphy/ptII/lib/commons-lang-2.6.jar:/home/travis/build/icyphy/ptII/lib/commons-logging-1.1.1.jar:/home/travis/build/icyphy/ptII/lib/sootclasses.jar:/home/travis/build/icyphy/ptII/ptolemy/actor/lib/database/mysql-connector-java-5.1.6-bin.jar:/home/travis/build/icyphy/ptII/vendors/misc/sphinx4/sphinx4-data-5prealpha.jar:/home/travis/build/icyphy/ptII/vendors/misc/sphinx4/sphinx4-core-5prealpha.jar:/home/travis/build/icyphy/ptII/lib/PDFRenderer.jar:/home/travis/build/icyphy/ptII/lib/svgSalamander.jar:/home/travis/build/icyphy/ptII/lib/rsyntaxtextarea-2.6.0-SNAPSHOT.jar:/home/travis/build/icyphy/ptII/lib/hazelcast-3.8.2.jar:/home/travis/build/icyphy/ptII/lib/jackson-annotations-2.9.0.jar:/home/travis/build/icyphy/ptII/lib/jackson-core-2.9.3.jar:/home/travis/build/icyphy/ptII/lib/jackson-databind-2.9.3.jar:/home/travis/build/icyphy/ptII/lib/netty-buffer-4.1.19.Final.jar:/home/travis/build/icyphy/ptII/lib/netty-codec-4.1.19.Final.jar:/home/travis/build/icyphy/ptII/lib/netty-codec-dns-4.1.19.Final.jar:/home/travis/build/icyphy/ptII/lib/netty-codec-http-4.1.19.Final.jar:/home/travis/build/icyphy/ptII/lib/netty-codec-http2-4.1.19.Final.jar:/home/travis/build/icyphy/ptII/lib/netty-common-4.1.19.Final.jar:/home/travis/build/icyphy/ptII/lib/netty-handler-4.1.19.Final.jar:/home/travis/build/icyphy/ptII/lib/netty-resolver-4.1.19.Final.jar:/home/travis/build/icyphy/ptII/lib/netty-resolver-dns-4.1.19.Final.jar:/home/travis/build/icyphy/ptII/lib/netty-transport-4.1.19.Final.jar:/home/travis/build/icyphy/ptII/lib/vertx-codegen-3.5.1.jar:/home/travis/build/icyphy/ptII/lib/vertx-core-3.5.2-SNAPSHOT.jar:/home/travis/build/icyphy/ptII/lib/vertx-hazelcast-3.5.1.jar:/home/travis/build/icyphy/ptII/lib/vertx-lang-js-3.5.1.jar:/home/travis/build/icyphy/ptII/lib/vertx-service-proxy-3.5.1.jar:/home/travis/build/icyphy/ptII/lib/vertx-web-3.5.1.jar:/home/travis/build/icyphy/ptII/lib/slf4j-api-1.7.13.jar:/home/travis/build/icyphy/ptII/lib/slf4j-simple-1.7.13.jar:/home/travis/build/icyphy/ptII/lib/webcam-capture-0.3.12.jar:/home/travis/build/icyphy/ptII/lib/bridj-0.7.0.jar:/home/travis/build/icyphy/ptII/lib/xbjlib-1.1.0.nrjavaserial.jar" />
    <property name="test.batch" value="**/junit/*.java" />
    <property name="env._" value="/usr/bin/timeout" />
    <property name="java.io.tmpdir" value="/tmp" />
    <property name="env.TRAVIS_INTERNAL_RUBY_REGEX" value="^ruby-(2\.[0-4]\.[0-9]|1\.9\.3)" />
    <property name="user.language" value="en" />
    <property name="env.HISTCONTROL" value="ignoredups:ignorespace" />
    <property name="env.GOROOT" value="/home/travis/.gimme/versions/go1.7.4.linux.amd64" />
    <property name="line.separator" value="&#xa;" />
    <property name="target" value="1.8" />
    <property name="env.TRAVIS_BUILD_DIR" value="/home/travis/build/icyphy/ptII" />
    <property name="env.ANT_OPTS" value="-Xmx2048m" />
    <property name="ant.file.type" value="file" />
    <property name="ptolemy.ptII.batchMode" value="true" />
    <property name="env.HISTSIZE" value="1000" />
    <property name="env.MERB_ENV" value="test" />
    <property name="java.vm.info" value="mixed mode" />
    <property name="source" value="1.8" />
    <property name="java.vm.specification.name" value="Java Virtual Machine Specification" />
    <property name="env.TRAVIS_TEST_RESULT" value="0" />
    <property name="jsdoc.command" value="node_modules/@terraswarm/jsdoc/jsdoc.js" />
    <property name="npm.works" value="true" />
    <property name="cobertura.dir" value="/home/travis/build/icyphy/ptII/vendors/cobertura-2.0.3" />
    <property name="env.rvm_path" value="/home/travis/.rvm" />
    <property name="env.GEM_PATH" value="/home/travis/.rvm/gems/ruby-2.4.1:/home/travis/.rvm/gems/ruby-2.4.1@global" />
    <property name="env.LC_CTYPE" value="en_US.UTF-8" />
    <property name="java.awt.printerjob" value="sun.print.PSPrinterJob" />
    <property name="env.TRAVIS_CMD" value="$PTII/bin/ptIITravisBuild.sh $SECONDS" />
    <property name="env.TRAVIS_STACK_NAME" value="garnet" />
    <property name="env.TRAVIS_TIMER_START_TIME" value="1547781380534639335" />
    <property name="ant.version" value="Apache Ant(TM) version 1.10.1 compiled on February 2 2017" />
    <property name="ptII.reports" value="/home/travis/build/icyphy/ptII/reports" />
    <property name="env.TRAVIS_STACK_TIMESTAMP" value="2017-12-05 19:33:09 UTC" />
    <property name="ant.file.type.ptII" value="file" />
    <property name="env.PT_TRAVIS_TEST_CORE3_XML" value="true" />
    <property name="env.RBENV_SHELL" value="bash" />
    <property name="os.name" value="Linux" />
    <property name="java.specification.vendor" value="Oracle Corporation" />
    <property name="env.rvm_version" value="1.29.3 (latest)" />
    <property name="env.TRAVIS_INFRA" value="gce" />
    <property name="env.TERM" value="xterm" />
    <property name="java.vm.name" value="Java HotSpot(TM) 64-Bit Server VM" />
    <property name="env.TRAVIS_BUILD_NUMBER" value="941" />
    <property name="env.CI" value="true" />
    <property name="java.library.path" value="/home/travis/pthla/certi-tools/lib:/usr/lib/jni:/usr/local/share/OpenCV/java/:/usr/share/OpenCV/java::/usr/java/packages/lib/amd64:/usr/lib64:/lib64:/lib:/usr/lib" />
    <property name="env.rvm_prefix" value="/home/travis" />
    <property name="env.PATH" value="/home/travis/pthla/certi-tools/share/scripts:/home/travis/.rvm/gems/ruby-2.4.1/bin:/home/travis/.rvm/gems/ruby-2.4.1@global/bin:/home/travis/.rvm/rubies/ruby-2.4.1/bin:/home/travis/.rvm/bin:/home/travis/.nvm/versions/node/v7.10.1/bin:./node_modules/.bin:/home/travis/build/icyphy/ptII/bin:/home/travis/pthla/certi-tools/bin:/home/travis/bin:/home/travis/.local/bin:/opt/pyenv/shims:/home/travis/.phpenv/shims:/home/travis/perl5/perlbrew/bin:/home/travis/.kiex/elixirs/elixir-1.4.5/bin:/home/travis/.kiex/bin:/home/travis/gopath/bin:/home/travis/.gimme/versions/go1.7.4.linux.amd64/bin:/usr/local/phantomjs/bin:/usr/local/phantomjs:/usr/local/neo4j-3.2.7/bin:/usr/local/maven-3.5.2/bin:/usr/local/cmake-3.9.2/bin:/usr/local/clang-5.0.0/bin:/usr/local/sbin:/usr/local/bin:/usr/sbin:/usr/bin:/sbin:/bin:/home/travis/.phpenv/bin:/opt/pyenv/bin:/home/travis/.yarn/bin" />
    <property name="env.TRAVIS_OS_NAME" value="linux" />
    <property name="ant.java.version" value="1.8" />
    <property name="basedir" value="/home/travis/build/icyphy/ptII" />
    <property name="java.class.version" value="52.0" />
    <property name="env.SHLVL" value="3" />
    <property name="env.LD_LIBRARY_PATH" value="/home/travis/pthla/certi-tools/lib:/usr/lib/jni:/usr/local/share/OpenCV/java/:/usr/share/OpenCV/java:" />
    <property name="env.RACK_ENV" value="test" />
    <property name="ant.home" value="/home/travis/build/icyphy/ptII/ant" />
    <property name="env.PERLBREW_BASHRC_VERSION" value="0.80" />
    <property name="env.NVM_DIR" value="/home/travis/.nvm" />
    <property name="env.TRAVIS_BUILD_ID" value="481176921" />
    <property name="env.CERTI_FOM_PATH" value="/home/travis/pthla/certi-tools/share/federations" />
    <property name="env.PYENV_ROOT" value="/opt/pyenv" />
    <property name="env.TRAVIS_UID" value="2000" />
    <property name="env.rvm_pretty_print_flag" value="auto" />
    <property name="env.NVM_BIN" value="/home/travis/.nvm/versions/node/v7.10.1/bin" />
    <property name="env.TRAVIS_COMMIT" value="468b5c0f3bd04e259f6eea4f73ac1ca045bb1ff9" />
    <property name="env._system_arch" value="x86_64" />
    <property name="node.executable" value="node" />
    <property name="sun.boot.library.path" value="/usr/lib/jvm/java-8-oracle/jre/lib/amd64" />
    <property name="sun.management.compiler" value="HotSpot 64-Bit Tiered Compilers" />
    <property name="env.GOPATH" value="/home/travis/gopath" />
    <property name="java.awt.graphicsenv" value="sun.awt.X11GraphicsEnvironment" />
    <property name="ptolemy.ptII.dir" value="/home/travis/build/icyphy/ptII" />
    <property name="env.USER" value="travis" />
    <property name="env.HISTFILESIZE" value="2000" />
    <property name="timeout.longest" value="19000000" />
    <property name="env.TRAVIS_STACK_FEATURES" value="basic cassandra chromium couchdb disabled-ipv6 docker docker-compose elasticsearch firefox go-toolchain google-chrome jdk memcached mongodb mysql neo4j nodejs_interpreter perl_interpreter perlbrew phantomjs postgresql python_interpreter rabbitmq redis riak ruby_interpreter sqlite xserver" />
    <property name="env.TRAVIS_PULL_REQUEST" value="false" />
    <property name="env.PYENV_SHELL" value="bash" />
    <property name="ant.project.name" value="ptII" />
    <property name="java.vm.specification.version" value="1.8" />
    <property name="env.ANSI_RESET" value="\033[0m" />
    <property name="env.TRAVIS_DIST" value="trusty" />
    <property name="env.CERTI_VERSION" value="4.0.0" />
    <property name="env.NLSPATH" value="/usr/dt/lib/nls/msg/%L/%N.cat" />
    <property name="awt.toolkit" value="sun.awt.X11.XToolkit" />
    <property name="env.CERTI_HOST" value="localhost" />
    <property name="env.MY_RUBY_HOME" value="/home/travis/.rvm/rubies/ruby-2.4.1" />
    <property name="sun.cpu.isalist" value="" />
    <property name="env.TRAVIS_TMPDIR" value="/tmp/tmp.zKevnUcgmb" />
    <property name="java.ext.dirs" value="/usr/lib/jvm/java-8-oracle/jre/lib/ext:/usr/java/packages/lib/ext" />
    <property name="os.version" value="4.4.0-101-generic" />
    <property name="user.home" value="/home/travis" />
    <property name="env.MIX_ARCHIVES" value="/home/travis/.kiex/mix/elixir-1.4.5" />
    <property name="java.vm.vendor" value="Oracle Corporation" />
    <property name="env.TRAVIS_TAG" value="nightly" />
    <property name="env.ANSI_YELLOW" value="\033[33;1m" />
    <property name="env.TRAVIS_FILTERED" value="redirect_io" />
    <property name="env.ANSI_GREEN" value="\033[32;1m" />
    <property name="env.JAVA_HOME" value="/usr/lib/jvm/java-8-oracle" />
    <property name="env.PTII" value="/home/travis/build/icyphy/ptII" />
    <property name="javadoc.excludepackagenames" value="adm.cvs2svn.*,build.*,config.*,doc.coding.templates.*,jni.test.jni.meaningOfLife.*,jni.test.jni.testDeux.*,jni.test.jni.testTrois.*,org.terraswarm.accessor.accessors.web.node_modules.*,org.terraswarm.accessor.accessors.web.hosts.cordova.demo.*,org.terraswarm.accessor.accessors.web.hosts.cordova.plugins.*,org.terraswarm.accessor.accessors-svn.*,pt-modules.*,ptolemy.apps.agilent.*,ptolemy.apps.anytimecontrol.*,ptolemy.apps.apes.*,ptolemy.apps.charon.*,ptolemy.apps.crazyboard.*,ptolemy.apps.eclipse.*,ptolemy.apps.etherealSting.*,ptolemy.apps.fullscreen.*,ptolemy.apps.giotto.*,ptolemy.apps.ia.*,ptolemy.apps.interfaces.*,ptolemy.apps.jmf.*,ptolemy.apps.kurt.*,ptolemy.apps.kvm.*,ptolemy.apps.lego.*,ptolemy.apps.lejos.*,ptolemy.apps.midp.*,ptolemy.apps.mobileCoding.*,ptolemy.apps.pendulum.*,ptolemy.apps.rijndael.*,ptolemy.apps.robot.*,ptolemy.apps.security.*,ptolemy.apps.sobel.*,ptolemy.apps.soot.*,ptolemy.apps.throttle.*,ptolemy.apps.tini.*,ptolemy.apps.transmission.*,ptolemy.apps.vergil.*,ptolemy.apps.waba.*,ptolemy.apps.websensor.*,ptolemy.apps.webstart.*,ptolemy.apps.xsl.*,ptolemy.apps.zaurus.*,ptolemy.backtrack.eclipse.plugin.*,ptolemy.backtrack.test.*,ptolemy.codegen.c.actor.lib.oldJavaFiles.*,ptolemy.codegen.dsp.lib.*,ptolemy.codegen.kernel.newInterfaces.*,ptolemy.codegen.lib.*,ptolemy.copernicus.kernel.fragment.*,ptolemy.copernicus.shallow.cg.*,ptolemy.domains.giotto.demo.Hierarchy.Hierarchy.*,ptolemy.domains.giotto.demo.Multimode.Multimode.*,ptolemy.domains.giotto.demo.Simple.Simple.*,ptolemy.domains.gr.lib.experimental.*,ptolemy.domains.gro.*,ptolemy.domains.pdf.*,ptolemy.domains.ptinyos.demo.Surge.output.*,ptolemy.moml.test.NoPackageActor.java*,ptolemy.plot.adm.*,ptolemy.plot.servlet.*,reports.*,signed.*,src.*,target.*,vendors.*,ptolemy.cg.adapter.generic.program.procedural.c.mbed*,ptolemy.actor.lib.fmi.fmus.omc*,ptolemy.domains.openmodelica*,ptdb.kernel.bl.save.test.*,ptdb.kernel.bl.load.test.*,ptdb.kernel.bl.search.test.*,ptdb.kernel.bl.migration.test.*,ptdb.kernel.database.test.*,ptdb.test.*,ptdb.gui.test.*,org.ptolemy.scala.*,diva.util.java2d.svg.*,ptolemy.domains.ptinyos.*,ptolemy.actor.lib.fmi.fmipp.*,,org.terraswarm.accessor.accessors.web.node_modules.*,org.terraswarm.accessor.accessors-svn,ptolemy.apps.*,ptolemy.actor.ptalon.demo.ptinyos.SendAndReceiveCnt.output,ptolemy.actor.ptalon.demo.ptinyos.SenseToLeds.output,ptolemy.domains.ptinyos.demo.CntToLedsAndRfm.output,ptolemy.domains.ptinyos.demo.RfmToLeds.output,ptolemy.domains.ptinyos.demo.SendAndReceiveCnt.output,ptolemy.domains.ptinyos.demo.SenseToLeds.output,ptolemy.actor.lib.jjs.modules.udpSocket.*" />
    <property name="env.TRAVIS_COMMIT_MESSAGE" value="Avoid another possible model deadlock by using tick() instead of tick2()." />
    <property name="keystore" value="ptKeystore" />
    <property name="env.XDG_SESSION_ID" value="2" />
    <property name="junit.output.dir" value="/home/travis/build/icyphy/ptII/reports/junit" />
    <property name="npm.return.code" value="0" />
    <property name="user.dir" value="/home/travis/build/icyphy/ptII/ptolemy/cg/lib/test" />
    <property name="env.TRAVIS_NODE_VERSION" value="7" />
    <property name="env.XFILESEARCHPATH" value="/usr/dt/app-defaults/%L/Dt" />
    <property name="env.TRAVIS_EVENT_TYPE" value="cron" />
    <property name="env.MAIL" value="/var/mail/travis" />
    <property name="env.PWD" value="/home/travis/build/icyphy/ptII" />
    <property name="env.PERLBREW_ROOT" value="/home/travis/perl5/perlbrew" />
    <property name="timeout.npm" value="45000" />
    <property name="env.TRAVIS_ARCH" value="amd64" />
    <property name="env.PAGER" value="cat" />
    <property name="sun.cpu.endian" value="little" />
    <property name="env.TRAVIS_BUILD_STAGE_NAME" value="Test" />
    <property name="env.PERLBREW_HOME" value="/home/travis/.perlbrew" />
    <property name="env.RAILS_ENV" value="test" />
    <property name="java.vm.version" value="25.151-b12" />
    <property name="java.class.path" value="/home/travis/build/icyphy/ptII:/home/travis/build/icyphy/ptII/lib/bsh-2.0b4.jar:/home/travis/build/icyphy/ptII/lib/ptCal.jar:/home/travis/build/icyphy/ptII/lib/java_cup.jar:/home/travis/build/icyphy/ptII/lib/saxon8.jar:/home/travis/build/icyphy/ptII/lib/saxon8-dom.jar:/home/travis/build/icyphy/ptII/lib/chic.jar:/home/travis/build/icyphy/ptII/lib/ptcolt.jar:/usr/lib/jvm/java-8-oracle/lib/tools.jar:/usr/lib/eclipse/plugins/org.eclipse.jdt.core_3.8.2.dist.jar:/usr/lib/eclipse/plugins/org.eclipse.core.runtime_3.8.0.dist.jar:/usr/lib/eclipse/plugins/org.eclipse.osgi_3.8.1.dist.jar:/usr/lib/eclipse/plugins/org.eclipse.core.resources_3.8.1.dist.jar:/usr/lib/eclipse/plugins/org.eclipse.equinox.common_3.6.100.dist.jar:/usr/lib/eclipse/plugins/org.eclipse.core.jobs_3.5.200.dist.jar:/usr/lib/eclipse/plugins/org.eclipse.core.contenttype_3.4.200.dist.jar:/usr/lib/eclipse/plugins/org.eclipse.equinox.preferences_3.5.0.dist.jar:/usr/lib/eclipse/plugins/org.eclipse.text_3.5.200.dist.jar:/usr/lib/eclipse/plugins/org.eclipse.ui.workbench_3.8.1.dist.jar:/usr/lib/eclipse/plugins/org.eclipse.jface_3.8.0.dist.jar:/usr/lib/eclipse/plugins/org.eclipse.swt_3.8.2.jar:/usr/lib/eclipse/plugins/org.eclipse.jface.text_3.8.1.dist.jar:/usr/lib/eclipse/plugins/org.eclipse.ui.workbench.texteditor_3.8.0.dist.jar:/usr/lib/eclipse/plugins/org.eclipse.ui.editors_3.8.0.dist.jar:/usr/lib/eclipse/plugins/org.eclipse.core.commands_3.6.1.dist.jar:/usr/lib/eclipse/plugins/org.eclipse.equinox.registry_3.5.200.dist.jar:/usr/lib/eclipse/plugins/org.eclipse.ui.console_3.5.100.dist.jar:/usr/lib/eclipse/plugins/org.eclipse.ui.forms_3.5.200.dist.jar:/usr/lib/eclipse/plugins/org.eclipse.ui.ide_3.8.1.dist.jar:/home/travis/build/icyphy/ptII/vendors/oracle/dbxml.jar:/home/travis/build/icyphy/ptII/vendors/oracle/db.jar:/home/travis/build/icyphy/ptII/vendors/misc/itext/iText.jar:/home/travis/build/icyphy/ptII/lib/g4ltl.jar:/home/travis/build/icyphy/ptII/lib/StructuralCoder.jar:/home/travis/build/icyphy/ptII/lib/org-openide-util.jar:/home/travis/build/icyphy/ptII/lib/org-openide-util-lookup.jar:/home/travis/build/icyphy/ptII/lib/org-netbeans-api-visual.jar:/home/travis/build/icyphy/ptII/vendors/jai-1_1_2_01/lib/jai_core.jar:/home/travis/build/icyphy/ptII/vendors/jai-1_1_2_01/lib/jai_codec.jar:/home/travis/build/icyphy/ptII/lib/jcerti.jar:/home/travis/build/icyphy/ptII/lib/smack.jar:/home/travis/build/icyphy/ptII/lib/smackx.jar:/home/travis/build/icyphy/ptII/lib/jetty-all-8.1.5-v20120716.jar:/home/travis/build/icyphy/ptII/lib/javax.servlet-api-3.0.1.jar:/home/travis/build/icyphy/ptII/lib/javax.mail.jar:/home/travis/build/icyphy/ptII/vendors/JMF-2.1.1e/lib/jmf.jar:/home/travis/build/icyphy/ptII/lib/jna-4.0.0-variadic.jar:/home/travis/build/icyphy/ptII/vendors/misc/joystick/Joystick.jar:/home/travis/build/icyphy/ptII/lib/ptjacl.jar:/home/travis/build/icyphy/ptII/lib/jsoup-1.8.2.jar:/home/travis/build/icyphy/ptII/lib/junit-4.8.2.jar:/home/travis/build/icyphy/ptII/lib/JUnitParams-0.4.0.jar:/home/travis/build/icyphy/ptII/ptolemy/actor/lib/excel/jxl.jar:/home/travis/build/icyphy/ptII/lib/jython.jar:/home/travis/build/icyphy/ptII/lib/kieler.jar:/home/travis/build/icyphy/ptII/vendors/opencv/share/OpenCV/java/opencv-341.jar:/home/travis/build/icyphy/ptII/lib/oscP5.jar:/home/travis/build/icyphy/ptII/lib/nrjavaserial-3.11.0.devel.jar:/home/travis/build/icyphy/ptII/vendors/j3d/lib/j3dcore.jar:/home/travis/build/icyphy/ptII/vendors/j3d/lib/j3dutils.jar:/home/travis/build/icyphy/ptII/vendors/j3d/lib/vecmath.jar:/home/travis/build/icyphy/ptII/ptolemy/distributed/jini/jar/jini-core.jar:/home/travis/build/icyphy/ptII/ptolemy/distributed/jini/jar/jini-ext.jar:/home/travis/build/icyphy/ptII/ptolemy/distributed/jini/jar/sun-util.jar:/home/travis/build/icyphy/ptII/lib/protobuf-java-2.4.1.jar:/home/travis/build/icyphy/ptII/lib/org.eclipse.paho.client.mqttv3.jar:/home/travis/build/icyphy/ptII/ptserver/lib/hessian-4.0.7.jar:/home/travis/build/icyphy/ptII/ptserver/lib/wmqtt.jar:/home/travis/build/icyphy/ptII/lib/mapss.jar:/home/travis/build/icyphy/ptII/ptolemy/actor/ptalon/antlr/antlr.jar:/home/travis/build/icyphy/ptII/lib/JRI.jar:/home/travis/build/icyphy/ptII/lib/commons-lang-2.6.jar:/home/travis/build/icyphy/ptII/lib/commons-logging-1.1.1.jar:/home/travis/build/icyphy/ptII/lib/sootclasses.jar:/home/travis/build/icyphy/ptII/ptolemy/actor/lib/database/mysql-connector-java-5.1.6-bin.jar:/home/travis/build/icyphy/ptII/vendors/misc/sphinx4/sphinx4-data-5prealpha.jar:/home/travis/build/icyphy/ptII/vendors/misc/sphinx4/sphinx4-core-5prealpha.jar:/home/travis/build/icyphy/ptII/lib/PDFRenderer.jar:/home/travis/build/icyphy/ptII/lib/svgSalamander.jar:/home/travis/build/icyphy/ptII/lib/rsyntaxtextarea-2.6.0-SNAPSHOT.jar:/home/travis/build/icyphy/ptII/lib/hazelcast-3.8.2.jar:/home/travis/build/icyphy/ptII/lib/jackson-annotations-2.9.0.jar:/home/travis/build/icyphy/ptII/lib/jackson-core-2.9.3.jar:/home/travis/build/icyphy/ptII/lib/jackson-databind-2.9.3.jar:/home/travis/build/icyphy/ptII/lib/netty-buffer-4.1.19.Final.jar:/home/travis/build/icyphy/ptII/lib/netty-codec-4.1.19.Final.jar:/home/travis/build/icyphy/ptII/lib/netty-codec-dns-4.1.19.Final.jar:/home/travis/build/icyphy/ptII/lib/netty-codec-http-4.1.19.Final.jar:/home/travis/build/icyphy/ptII/lib/netty-codec-http2-4.1.19.Final.jar:/home/travis/build/icyphy/ptII/lib/netty-common-4.1.19.Final.jar:/home/travis/build/icyphy/ptII/lib/netty-handler-4.1.19.Final.jar:/home/travis/build/icyphy/ptII/lib/netty-resolver-4.1.19.Final.jar:/home/travis/build/icyphy/ptII/lib/netty-resolver-dns-4.1.19.Final.jar:/home/travis/build/icyphy/ptII/lib/netty-transport-4.1.19.Final.jar:/home/travis/build/icyphy/ptII/lib/vertx-codegen-3.5.1.jar:/home/travis/build/icyphy/ptII/lib/vertx-core-3.5.2-SNAPSHOT.jar:/home/travis/build/icyphy/ptII/lib/vertx-hazelcast-3.5.1.jar:/home/travis/build/icyphy/ptII/lib/vertx-lang-js-3.5.1.jar:/home/travis/build/icyphy/ptII/lib/vertx-service-proxy-3.5.1.jar:/home/travis/build/icyphy/ptII/lib/vertx-web-3.5.1.jar:/home/travis/build/icyphy/ptII/lib/slf4j-api-1.7.13.jar:/home/travis/build/icyphy/ptII/lib/slf4j-simple-1.7.13.jar:/home/travis/build/icyphy/ptII/lib/webcam-capture-0.3.12.jar:/home/travis/build/icyphy/ptII/lib/bridj-0.7.0.jar:/home/travis/build/icyphy/ptII/lib/xbjlib-1.1.0.nrjavaserial.jar:/home/travis/build/icyphy/ptII/ptolemy/moml/test:/home/travis/build/icyphy/ptII/ant/lib/ant-launcher.jar:/home/travis/build/icyphy/ptII/ant/lib/ant.jar:/home/travis/build/icyphy/ptII/ant/lib/ant-junit.jar:/home/travis/build/icyphy/ptII/ant/lib/ant-junit4.jar" />
    <property name="ant.library.dir" value="/home/travis/build/icyphy/ptII/ant/lib" />
    <property name="os.arch" value="amd64" />
    <property name="env.TRAVIS_LANGUAGE" value="node_js" />
    <property name="env.CONTINUOUS_INTEGRATION" value="true" />
    <property name="env.TRAVIS_STACK_LANGUAGES" value="__garnet__ c c++ clojure cplusplus cpp default go groovy java node_js php pure_java python ruby scala" />
    <property name="test.name" value="ptolemy.actor.lib.test.junit.JUnitTclTest" />
    <property name="sun.java.launcher" value="SUN_STANDARD" />
    <property name="env.PYTHON_CONFIGURE_OPTS" value="--enable-unicode=ucs4 --with-wide-unicode --enable-shared --enable-ipv6 --enable-loadable-sqlite-extensions --with-computed-gotos" />
    <property name="ant.core.lib" value="/home/travis/build/icyphy/ptII/ant/lib/ant.jar" />
    <property name="java.vm.specification.vendor" value="Oracle Corporation" />
    <property name="env.BCVTB_HOME" value="/home/travis/build/icyphy/ptII/lbnl" />
    <property name="file.separator" value="/" />
    <property name="spotbugs.home" value="/home/travis/build/icyphy/ptII/vendors/spotbugs-3.1.1" />
    <property name="java.runtime.version" value="1.8.0_151-b12" />
    <property name="sun.boot.class.path" value="/usr/lib/jvm/java-8-oracle/jre/lib/resources.jar:/usr/lib/jvm/java-8-oracle/jre/lib/rt.jar:/usr/lib/jvm/java-8-oracle/jre/lib/sunrsasign.jar:/usr/lib/jvm/java-8-oracle/jre/lib/jsse.jar:/usr/lib/jvm/java-8-oracle/jre/lib/jce.jar:/usr/lib/jvm/java-8-oracle/jre/lib/charsets.jar:/usr/lib/jvm/java-8-oracle/jre/lib/jfr.jar:/usr/lib/jvm/java-8-oracle/jre/classes" />
    <property name="env.ANSI_CLEAR" value="\033[0K" />
    <property name="env.HAS_JOSH_K_SEAL_OF_APPROVAL" value="true" />
    <property name="env.XDG_RUNTIME_DIR" value="/run/user/2000" />
    <property name="env.TRAVIS_OSX_IMAGE" value="" />
    <property name="env.TRAVIS_BRANCH" value="master" />
    <property name="env.TRAVIS_JOB_ID" value="481176931" />
    <property name="user.country" value="US" />
    <property name="env.CERTI_HOME_TRAVIS" value="/home/travis/pthla/certi-tools" />
    <property name="env.SHELL" value="/bin/bash" />
    <property name="java.maxmemory.large" value="5000m" />
    <property name="model" value="" />
    <property name="env.CASHER_DIR" value="/home/travis/.casher" />
    <property name="env.NVM_CD_FLAGS" value="" />
    <property name="jshint.executable" value="/home/travis/node_modules/jshint/bin/jshint" />
    <property name="java.vendor" value="Oracle Corporation" />
    <property name="env.JRUBY_OPTS" value=" --client -J-XX:+TieredCompilation -J-XX:TieredStopAtLevel=1 -J-Xss2m -Xcompile.invokedynamic=false" />
    <property name="env.TRAVIS_PRE_CHEF_BOOTSTRAP_TIME" value="2017-12-05T19:32:55" />
    <property name="env.TRAVIS_STACK_JOB_BOARD_REGISTER" value="/.job-board-register.yml" />
    <property name="env.ELIXIR_VERSION" value="1.4.5" />
    <property name="env.ANSI_RED" value="\033[31;1m" />
    <property name="java.specification.version" value="1.8" />
    <property name="env.TRAVIS" value="true" />
    <property name="env.IRBRC" value="/home/travis/.rvm/rubies/ruby-2.4.1/.irbrc" />
    <property name="sun.arch.data.model" value="64" />
  </properties>
  <testcase classname="ptolemy.util.test.junit.TclTests" name="[0] /home/travis/build/icyphy/ptII/ptolemy/cg/lib/test/ModularCodeGenTypedCompositeActor.tcl (RunTclFile)" time="8.022">
    <failure message="Number of failed tests is has increased. expected:&lt;0&gt; but was:&lt;1&gt;" type="junit.framework.AssertionFailedError">junit.framework.AssertionFailedError: Number of failed tests is has increased. expected:&lt;0&gt; but was:&lt;1&gt;
	at ptolemy.util.test.junit.TclTests.RunTclFile(TclTests.java:286)
	at junitparams.internal.InvokeParameterisedMethod.evaluate(InvokeParameterisedMethod.java:102)
	at junitparams.internal.ParameterisedTestMethodRunner.runMethodInvoker(ParameterisedTestMethodRunner.java:47)
	at junitparams.internal.ParameterisedTestMethodRunner.runTestMethod(ParameterisedTestMethodRunner.java:41)
	at junitparams.internal.ParameterisedTestClassRunner.runParameterisedTest(ParameterisedTestClassRunner.java:143)
	at junitparams.JUnitParamsRunner.runChild(JUnitParamsRunner.java:237)
	at junitparams.JUnitParamsRunner.runChild(JUnitParamsRunner.java:215)
</failure>
  </testcase>
  <testcase classname="ptolemy.util.test.junit.AutoKnownFailedTests" name="[0] ThereAreNoKnowFailedTests (RunModel)" time="0.001" />
  <testcase classname="ptolemy.util.test.junit.AutoNameArchTests" name="[0] ThereAreNoAutoArchTests (RunModel)" time="0.001" />
  <testcase classname="ptolemy.util.test.junit.AutoTests" name="[0] /home/travis/build/icyphy/ptII/ptolemy/cg/lib/test/auto/CompiledCompositeActor.xml (RunModel)" time="1.081" />
  <testcase classname="ptolemy.util.test.junit.AutoTests" name="[1] /home/travis/build/icyphy/ptII/ptolemy/cg/lib/test/auto/DECGClockRamp.xml (RunModel)" time="0.057" />
  <testcase classname="ptolemy.util.test.junit.AutoTests" name="[2] /home/travis/build/icyphy/ptII/ptolemy/cg/lib/test/auto/DECGDelay.xml (RunModel)" time="0.067" />
  <testcase classname="ptolemy.util.test.junit.AutoTests" name="[3] /home/travis/build/icyphy/ptII/ptolemy/cg/lib/test/auto/DECGHelloWorld.xml (RunModel)" time="0.029" />
  <testcase classname="ptolemy.util.test.junit.AutoTests" name="[4] /home/travis/build/icyphy/ptII/ptolemy/cg/lib/test/auto/DECGHeterogeneous.xml (RunModel)" time="0.122" />
  <testcase classname="ptolemy.util.test.junit.AutoTests" name="[5] /home/travis/build/icyphy/ptII/ptolemy/cg/lib/test/auto/DECGHeterogeneousMk2.xml (RunModel)" time="0.16" />
  <testcase classname="ptolemy.util.test.junit.AutoTests" name="[6] /home/travis/build/icyphy/ptII/ptolemy/cg/lib/test/auto/DECGMath.xml (RunModel)" time="0.106" />
  <testcase classname="ptolemy.util.test.junit.AutoTests" name="[7] /home/travis/build/icyphy/ptII/ptolemy/cg/lib/test/auto/DECGPi.xml (RunModel)" time="0.189" />
  <testcase classname="ptolemy.util.test.junit.AutoTests" name="[8] /home/travis/build/icyphy/ptII/ptolemy/cg/lib/test/auto/DECGPiSquare.xml (RunModel)" time="0.224" />
  <testcase classname="ptolemy.util.test.junit.AutoTests" name="[9] /home/travis/build/icyphy/ptII/ptolemy/cg/lib/test/auto/DECGPoisson.xml (RunModel)" time="0.03" />
  <testcase classname="ptolemy.util.test.junit.AutoTests" name="[10] /home/travis/build/icyphy/ptII/ptolemy/cg/lib/test/auto/JavaCompiledCompositeActor5.xml (RunModel)" time="0.914" />
  <testcase classname="ptolemy.util.test.junit.AutoTests" name="[11] /home/travis/build/icyphy/ptII/ptolemy/cg/lib/test/auto/JavaCompiledCompositeTest1.xml (RunModel)" time="0.902" />
  <testcase classname="ptolemy.util.test.junit.AutoTests" name="[12] /home/travis/build/icyphy/ptII/ptolemy/cg/lib/test/auto/JavaCompiledCompositeTest2.xml (RunModel)" time="0.9" />
  <testcase classname="ptolemy.util.test.junit.AutoTests" name="[13] /home/travis/build/icyphy/ptII/ptolemy/cg/lib/test/auto/JavaCompiledCompositeTest3.xml (RunModel)" time="0.872" />
  <testcase classname="ptolemy.util.test.junit.AutoTests" name="[14] /home/travis/build/icyphy/ptII/ptolemy/cg/lib/test/auto/JavaCompiledCompositeTest4.xml (RunModel)" time="0.859" />
  <testcase classname="ptolemy.util.test.junit.AutoTests" name="[15] /home/travis/build/icyphy/ptII/ptolemy/cg/lib/test/auto/ModularCG.xml (RunModel)" time="15.316" />
  <testcase classname="ptolemy.util.test.junit.AutoTests" name="[16] /home/travis/build/icyphy/ptII/ptolemy/cg/lib/test/auto/ModularCGPubSub.xml (RunModel)" time="4.686" />
  <testcase classname="ptolemy.util.test.junit.AutoTests" name="[17] /home/travis/build/icyphy/ptII/ptolemy/cg/lib/test/auto/ModularCodeGen.xml (RunModel)" time="2.416" />
  <testcase classname="ptolemy.util.test.junit.AutoTests" name="[18] /home/travis/build/icyphy/ptII/ptolemy/cg/lib/test/auto/ModularCodeGen2.xml (RunModel)" time="4.548" />
  <testcase classname="ptolemy.util.test.junit.AutoTests" name="[19] /home/travis/build/icyphy/ptII/ptolemy/cg/lib/test/auto/ModularCodeGen3.xml (RunModel)" time="14.593" />
  <testcase classname="ptolemy.util.test.junit.AutoTests" name="[20] /home/travis/build/icyphy/ptII/ptolemy/cg/lib/test/auto/ModularCodeGen4.xml (RunModel)" time="13.563" />
  <testcase classname="ptolemy.util.test.junit.AutoTests" name="[21] /home/travis/build/icyphy/ptII/ptolemy/cg/lib/test/auto/ModularCodeGen5.xml (RunModel)" time="4.918" />
  <testcase classname="ptolemy.util.test.junit.AutoTests" name="[22] /home/travis/build/icyphy/ptII/ptolemy/cg/lib/test/auto/ModularCodeGen6.xml (RunModel)" time="7.23" />
  <testcase classname="ptolemy.util.test.junit.AutoTests" name="[23] /home/travis/build/icyphy/ptII/ptolemy/cg/lib/test/auto/ModularCodeGenLazyPubSub.xml (RunModel)" time="2.146" />
  <testcase classname="ptolemy.util.test.junit.AutoTests" name="[24] /home/travis/build/icyphy/ptII/ptolemy/cg/lib/test/auto/ModularCodeGenLazyPubSubGlobal.xml (RunModel)" time="2.787" />
  <testcase classname="ptolemy.util.test.junit.AutoTests" name="[25] /home/travis/build/icyphy/ptII/ptolemy/cg/lib/test/auto/ModularCodeGenPubSub1.xml (RunModel)" time="2.406" />
  <testcase classname="ptolemy.util.test.junit.AutoTests" name="[26] /home/travis/build/icyphy/ptII/ptolemy/cg/lib/test/auto/ModularCodeGenPubSub2.xml (RunModel)" time="4.636" />
  <testcase classname="ptolemy.util.test.junit.AutoTests" name="[27] /home/travis/build/icyphy/ptII/ptolemy/cg/lib/test/auto/ModularCodeGenPubSub3.xml (RunModel)" time="4.503" />
  <testcase classname="ptolemy.util.test.junit.AutoTests" name="[28] /home/travis/build/icyphy/ptII/ptolemy/cg/lib/test/auto/ModularCodeGenPubSub4.xml (RunModel)" time="4.259" />
  <testcase classname="ptolemy.util.test.junit.AutoTests" name="[29] /home/travis/build/icyphy/ptII/ptolemy/cg/lib/test/auto/PubSubAggLazy.xml (RunModel)" time="0.02" />
  <testcase classname="ptolemy.util.test.junit.AutoTests" name="[30] /home/travis/build/icyphy/ptII/ptolemy/cg/lib/test/auto/PubSubAggModularCodeGen.xml (RunModel)" time="2.337" />
  <testcase classname="ptolemy.util.test.junit.AutoTests" name="[31] /home/travis/build/icyphy/ptII/ptolemy/cg/lib/test/auto/PubSubAggTypedComposite.xml (RunModel)" time="0.021" />
  <testcase classname="ptolemy.util.test.junit.AutoTests" name="[32] /home/travis/build/icyphy/ptII/ptolemy/cg/lib/test/auto/PubSubAggTypedCompositeWidth2.xml (RunModel)" time="0.026" />
  <testcase classname="ptolemy.util.test.junit.AutoTests" name="[33] /home/travis/build/icyphy/ptII/ptolemy/cg/lib/test/auto/ScaleJava.xml (RunModel)" time="0.854" />
  <system-out><![CDATA[/home/travis/build/icyphy/ptII/ptolemy/cg/lib/test/ModularCodeGenTypedCompositeActor.tcl
testDefs.tcl: setting time out to 9000 seconds at Fri Jan 18 03:25:12 UTC 2019
Warning: failed to delete /home/travis/cg: error deleting "/home/travis/cg/node_modules/.bin":  best guess at reason: permission denied
In "/home/travis/cg", about to execute:
    pwd
In "/home/travis/cg", about to execute:
    ls -l
/home/travis/cg
total 844
drwxrwxr-x   3 travis travis 12288 Jan 18 03:20 AbsoluteValue
drwxrwxr-x   3 travis travis 16384 Jan 18 03:20 Case1
drwxrwxr-x   3 travis travis 32768 Jan 18 03:20 Case2
drwxrwxr-x   3 travis travis 24576 Jan 18 03:23 DeScrambler
drwxrwxr-x   3 travis travis 16384 Jan 18 03:24 DotProduct
drwxrwxr-x   3 travis travis 12288 Jan 18 03:21 FileWriter1
In "/home/travis/cg", about to execute:
    javac -classpath
.:/home/travis/build/icyphy/ptII:/home/travis/build/icyphy/ptII/lib/bsh-2.0b4.j
ar:/home/travis/build/icyphy/ptII/lib/ptCal.jar:/home/travis/build/icyphy/ptII/
lib/java_cup.jar:/home/travis/build/icyphy/ptII/lib/saxon8.jar:/home/travis/bui
ld/icyphy/ptII/lib/saxon8-dom.jar:/home/travis/build/icyphy/ptII/lib/chic.jar:/
home/travis/build/icyphy/ptII/lib/ptcolt.jar:/usr/lib/jvm/java-8-oracle/lib/too
ls.jar:/usr/lib/eclipse/plugins/org.eclipse.jdt.core_3.8.2.dist.jar:/usr/lib/ec
lipse/plugins/org.eclipse.core.runtime_3.8.0.dist.jar:/usr/lib/eclipse/plugins/
org.eclipse.osgi_3.8.1.dist.jar:/usr/lib/eclipse/plugins/org.eclipse.core.resou
rces_3.8.1.dist.jar:/usr/lib/eclipse/plugins/org.eclipse.equinox.common_3.6.100
.dist.jar:/usr/lib/eclipse/plugins/org.eclipse.core.jobs_3.5.200.dist.jar:/usr/
lib/eclipse/plugins/org.eclipse.core.contenttype_3.4.200.dist.jar:/usr/lib/ecli
pse/plugins/org.eclipse.equinox.preferences_3.5.0.dist.jar:/usr/lib/eclipse/plu
gins/org.eclipse.text_3.5.200.dist.jar:/usr/lib/eclipse/plugins/org.eclipse.ui.
workbench_3.8.1.dist.jar:/usr/lib/eclipse/plugins/org.eclipse.jface_3.8.0.dist.
jar:/usr/lib/eclipse/plugins/org.eclipse.swt_3.8.2.jar:/usr/lib/eclipse/plugins
/org.eclipse.jface.text_3.8.1.dist.jar:/usr/lib/eclipse/plugins/org.eclipse.ui.
workbench.texteditor_3.8.0.dist.jar:/usr/lib/eclipse/plugins/org.eclipse.ui.edi
tors_3.8.0.dist.jar:/usr/lib/eclipse/plugins/org.eclipse.core.commands_3.6.1.di
st.jar:/usr/lib/eclipse/plugins/org.eclipse.equinox.registry_3.5.200.dist.jar:/
usr/lib/eclipse/plugins/org.eclipse.ui.console_3.5.100.dist.jar:/usr/lib/eclips
e/plugins/org.eclipse.ui.forms_3.5.200.dist.jar:/usr/lib/eclipse/plugins/org.ec
lipse.ui.ide_3.8.1.dist.jar:/home/travis/build/icyphy/ptII/vendors/oracle/dbxml
.jar:/home/travis/build/icyphy/ptII/vendors/oracle/db.jar:/home/travis/build/ic
yphy/ptII/vendors/misc/itext/iText.jar:/home/travis/build/icyphy/ptII/lib/g4ltl
.jar:/home/travis/build/icyphy/ptII/lib/StructuralCoder.jar:/home/travis/build/
icyphy/ptII/lib/org-openide-util.jar:/home/travis/build/icyphy/ptII/lib/org-ope
nide-util-lookup.jar:/home/travis/build/icyphy/ptII/lib/org-netbeans-api-visual
.jar:/home/travis/build/icyphy/ptII/vendors/jai-1_1_2_01/lib/jai_core.jar:/home
/travis/build/icyphy/ptII/vendors/jai-1_1_2_01/lib/jai_codec.jar:/home/travis/b
uild/icyphy/ptII/lib/jcerti.jar:/home/travis/build/icyphy/ptII/lib/smack.jar:/h
ome/travis/build/icyphy/ptII/lib/smackx.jar:/home/travis/build/icyphy/ptII/lib/
jetty-all-8.1.5-v20120716.jar:/home/travis/build/icyphy/ptII/lib/javax.servlet-
api-3.0.1.jar:/home/travis/build/icyphy/ptII/lib/javax.mail.jar:/home/travis/bu
ild/icyphy/ptII/vendors/JMF-2.1.1e/lib/jmf.jar:/home/travis/build/icyphy/ptII/l
ib/jna-4.0.0-variadic.jar:/home/travis/build/icyphy/ptII/vendors/misc/joystick/
Joystick.jar:/home/travis/build/icyphy/ptII/lib/ptjacl.jar:/home/travis/build/i
cyphy/ptII/lib/jsoup-1.8.2.jar:/home/travis/build/icyphy/ptII/lib/junit-4.8.2.j
ar:/home/travis/build/icyphy/ptII/lib/JUnitParams-0.4.0.jar:/home/travis/build/
icyphy/ptII/ptolemy/actor/lib/excel/jxl.jar:/home/travis/build/icyphy/ptII/lib/
jython.jar:/home/travis/build/icyphy/ptII/lib/kieler.jar:/home/travis/build/icy
phy/ptII/vendors/opencv/share/OpenCV/java/opencv-341.jar:/home/travis/build/icy
phy/ptII/lib/oscP5.jar:/home/travis/build/icyphy/ptII/lib/nrjavaserial-3.11.0.d
evel.jar:/home/travis/build/icyphy/ptII/vendors/j3d/lib/j3dcore.jar:/home/travi
s/build/icyphy/ptII/vendors/j3d/lib/j3dutils.jar:/home/travis/build/icyphy/ptII
/vendors/j3d/lib/vecmath.jar:/home/travis/build/icyphy/ptII/ptolemy/distributed
/jini/jar/jini-core.jar:/home/travis/build/icyphy/ptII/ptolemy/distributed/jini
/jar/jini-ext.jar:/home/travis/build/icyphy/ptII/ptolemy/distributed/jini/jar/s
un-util.jar:/home/travis/build/icyphy/ptII/lib/protobuf-java-2.4.1.jar:/home/tr
avis/build/icyphy/ptII/lib/org.eclipse.paho.client.mqttv3.jar:/home/travis/buil
d/icyphy/ptII/ptserver/lib/hessian-4.0.7.jar:/home/travis/build/icyphy/ptII/pts
erver/lib/wmqtt.jar:/home/travis/build/icyphy/ptII/lib/mapss.jar:/home/travis/b
uild/icyphy/ptII/ptolemy/actor/ptalon/antlr/antlr.jar:/home/travis/build/icyphy
/ptII/lib/JRI.jar:/home/travis/build/icyphy/ptII/lib/commons-lang-2.6.jar:/home
/travis/build/icyphy/ptII/lib/commons-logging-1.1.1.jar:/home/travis/build/icyp
hy/ptII/lib/sootclasses.jar:/home/travis/build/icyphy/ptII/ptolemy/actor/lib/da
tabase/mysql-connector-java-5.1.6-bin.jar:/home/travis/build/icyphy/ptII/vendor
s/misc/sphinx4/sphinx4-data-5prealpha.jar:/home/travis/build/icyphy/ptII/vendor
s/misc/sphinx4/sphinx4-core-5prealpha.jar:/home/travis/build/icyphy/ptII/lib/PD
FRenderer.jar:/home/travis/build/icyphy/ptII/lib/svgSalamander.jar:/home/travis
/build/icyphy/ptII/lib/rsyntaxtextarea-2.6.0-SNAPSHOT.jar:/home/travis/build/ic
yphy/ptII/lib/hazelcast-3.8.2.jar:/home/travis/build/icyphy/ptII/lib/jackson-an
notations-2.9.0.jar:/home/travis/build/icyphy/ptII/lib/jackson-core-2.9.3.jar:/
home/travis/build/icyphy/ptII/lib/jackson-databind-2.9.3.jar:/home/travis/build
/icyphy/ptII/lib/netty-buffer-4.1.19.Final.jar:/home/travis/build/icyphy/ptII/l
ib/netty-codec-4.1.19.Final.jar:/home/travis/build/icyphy/ptII/lib/netty-codec-
dns-4.1.19.Final.jar:/home/travis/build/icyphy/ptII/lib/netty-codec-http-4.1.19
.Final.jar:/home/travis/build/icyphy/ptII/lib/netty-codec-http2-4.1.19.Final.ja
r:/home/travis/build/icyphy/ptII/lib/netty-common-4.1.19.Final.jar:/home/travis
/build/icyphy/ptII/lib/netty-handler-4.1.19.Final.jar:/home/travis/build/icyphy
/ptII/lib/netty-resolver-4.1.19.Final.jar:/home/travis/build/icyphy/ptII/lib/ne
tty-resolver-dns-4.1.19.Final.jar:/home/travis/build/icyphy/ptII/lib/netty-tran
sport-4.1.19.Final.jar:/home/travis/build/icyphy/ptII/lib/vertx-codegen-3.5.1.j
ar:/home/travis/build/icyphy/ptII/lib/vertx-core-3.5.2-SNAPSHOT.jar:/home/travi
s/build/icyphy/ptII/lib/vertx-hazelcast-3.5.1.jar:/home/travis/build/icyphy/ptI
I/lib/vertx-lang-js-3.5.1.jar:/home/travis/build/icyphy/ptII/lib/vertx-service-
proxy-3.5.1.jar:/home/travis/build/icyphy/ptII/lib/vertx-web-3.5.1.jar:/home/tr
avis/build/icyphy/ptII/lib/slf4j-api-1.7.13.jar:/home/travis/build/icyphy/ptII/
lib/slf4j-simple-1.7.13.jar:/home/travis/build/icyphy/ptII/lib/webcam-capture-0
.3.12.jar:/home/travis/build/icyphy/ptII/lib/bridj-0.7.0.jar:/home/travis/build
/icyphy/ptII/lib/xbjlib-1.1.0.nrjavaserial.jar:/home/travis/build/icyphy/ptII/p
tolemy/moml/test:/home/travis/build/icyphy/ptII/ant/lib/ant-launcher.jar:/home/
travis/build/icyphy/ptII/ant/lib/ant.jar:/home/travis/build/icyphy/ptII/ant/lib
/ant-junit.jar:/home/travis/build/icyphy/ptII/ant/lib/ant-junit4.jar:/home/trav
is/build/icyphy/ptII ModularCodeGenTest_A1_A2_profile.java
drwxrwxr-x   3 travis travis 20480 Jan 18 03:20 FixToDoubleAndBack
drwxrwxr-x   3 travis travis 16384 Jan 18 03:21 Gaussian1
drwxrwxr-x   3 travis travis 20480 Jan 18 03:21 Gaussian2
drwxrwxr-x   3 travis travis 12288 Jan 18 03:21 LookupTable
drwxrwxr-x   3 travis travis 20480 Jan 18 03:21 MaxIndex
-rw-rw-r--   1 travis travis  1228 Jan 18 03:25 ModularCodeGenTest_A1_A2_profile.java
drwxrwxr-x   3 travis travis 36864 Jan 18 03:25 modulation2
drwxrwxr-x   3 travis travis 20480 Jan 18 03:21 Multiplexor
drwxrwxr-x 249 travis travis 12288 Jan 18 03:25 node_modules
drwxrwxr-x   3 travis travis 20480 Jan 18 03:22 PhaseUnwrap
-rw-rw-r--   1 travis travis   520 Jan 18 03:25 Repeat$_fireFunction_Repeat_Repeat$__f_sL_0.class
-rw-rw-r--   1 travis travis   522 Jan 18 03:25 Repeat$_fireFunction_Repeat_Repeat$__f_sL_10.class
-rw-rw-r--   1 travis travis   666 Jan 18 03:25 Repeat$_fireFunction_Repeat_Repeat$__f_sL_11.class
-rw-rw-r--   1 travis travis   522 Jan 18 03:25 Repeat$_fireFunction_Repeat_Repeat$__f_sL_13.class
-rw-rw-r--   1 travis travis   665 Jan 18 03:25 Repeat$_fireFunction_Repeat_Repeat$__f_sL_1.class
-rw-rw-r--   1 travis travis   520 Jan 18 03:25 Repeat$_fireFunction_Repeat_Repeat$__f_sL_2.class
-rw-rw-r--   1 travis travis   520 Jan 18 03:25 Repeat$_fireFunction_Repeat_Repeat$__f_sL_3.class
-rw-rw-r--   1 travis travis   520 Jan 18 03:25 Repeat$_fireFunction_Repeat_Repeat$__f_sL_5.class
-rw-rw-r--   1 travis travis   671 Jan 18 03:25 Repeat$_fireFunction_Repeat_Repeat$__f_sL_7.class
-rw-rw-r--   1 travis travis   520 Jan 18 03:25 Repeat$_fireFunction_Repeat_Repeat$__f_sL_9.class
-rw-rw-r--   1 travis travis   813 Jan 18 03:25 Repeat$_initialize_Repeat.class
-rw-rw-r--   1 travis travis   475 Jan 18 03:25 Repeat$_initialize_Repeat$__i_sL_0.class
-rw-rw-r--   1 travis travis   519 Jan 18 03:25 Repeat$_initialize_Repeat$__i_sL_3.class
-rw-rw-r--   1 travis travis 39778 Jan 18 03:25 Repeat.java
-rw-rw-r--   1 travis travis  1281 Jan 18 03:25 Repeat.mk
-rw-rw-r--   1 travis travis   520 Jan 18 03:25 Repeat$_preinitializeMethod_Repeat$__p_sL_0.class
-rw-rw-r--   1 travis travis   520 Jan 18 03:25 Repeat$_preinitializeMethod_Repeat$__p_sL_1.class
-rw-rw-r--   1 travis travis  1083 Jan 18 03:25 Repeat$_Repeat$_fireFunction_Repeat_AddSubtract_Repeat.class
-rw-rw-r--   1 travis travis   791 Jan 18 03:25 Repeat$_Repeat$_fireFunction_Repeat_AddSubtract_Repeat$__f_sL_0.class
-rw-rw-r--   1 travis travis   909 Jan 18 03:25 Repeat$_Repeat$_fireFunction_Repeat_AddSubtract_Repeat$__f_sL_1.class
-rw-rw-r--   1 travis travis   915 Jan 18 03:25 Repeat$_Repeat$_fireFunction_Repeat_AddSubtract_Repeat$__f_sL_2.class
-rw-rw-r--   1 travis travis   838 Jan 18 03:25 Repeat$_Repeat$_fireFunction_Repeat_Ramp2_Repeat$__f_sL_1.class
-rw-rw-r--   1 travis travis  1785 Jan 18 03:25 Repeat$_Repeat$_fireFunction_Repeat_Test_Repeat$__f_sL_2.class
-rw-rw-r--   1 travis travis   685 Jan 18 03:25 Repeat$_Repeat_SDF_Director_run_Repeat$__R_sL_0.class
-rw-rw-r--   1 travis travis   540 Jan 18 03:25 Repeat$_Repeat_SDF_Director_run_Repeat$__R_sL_1.class
-rw-rw-r--   1 travis travis   540 Jan 18 03:25 Repeat$_Repeat_SDF_Director_run_Repeat$__R_sL_2.class
-rw-rw-r--   1 travis travis   540 Jan 18 03:25 Repeat$_Repeat_SDF_Director_run_Repeat$__R_sL_4.class
-rw-rw-r--   1 travis travis   540 Jan 18 03:25 Repeat$_Repeat_SDF_Director_run_Repeat$__R_sL_5.class
-rw-rw-r--   1 travis travis   691 Jan 18 03:25 Repeat$_Repeat_SDF_Director_run_Repeat$__R_sL_6.class
-rw-rw-r--   1 travis travis   540 Jan 18 03:25 Repeat$_Repeat_SDF_Director_run_Repeat$__R_sL_7.class
-rw-rw-r--   1 travis travis   863 Jan 18 03:25 Repeat$_varinit_Repeat.class
-rw-rw-r--   1 travis travis   530 Jan 18 03:25 Repeat$_varinit_Repeat$__v_sL_1.class
-rw-rw-r--   1 travis travis   531 Jan 18 03:25 Repeat$_varinit_Repeat$__v_sL_2.class
-rw-rw-r--   1 travis travis   905 Jan 18 03:25 Repeat$_varinit_Repeat$__v_sL_4.class
-rw-rw-r--   1 travis travis   635 Jan 18 03:25 Repeat$_wrapup_Repeat.class
-rw-rw-r--   1 travis travis   965 Jan 18 03:25 Repeat$_wrapup_Repeat$__w_sL_1.class
-rw-rw-r--   1 travis travis   289 Jan 18 03:19 result.csv
drwxrwxr-x   3 travis travis 12288 Jan 18 03:23 Scrambler1
drwxrwxr-x   3 travis travis 20480 Jan 18 03:22 Sinewave2
drwxrwxr-x   3 travis travis 69632 Jan 18 03:23 StringCompare
drwxrwxr-x   3 travis travis 32768 Jan 18 03:23 StringFunction
drwxrwxr-x   3 travis travis 12288 Jan 18 03:23 StringLength
drwxrwxr-x   3 travis travis 57344 Jan 18 03:24 StringSimpleReplace
drwxrwxr-x   3 travis travis 12288 Jan 18 03:24 time2
drwxrwxr-x   3 travis travis 12288 Jan 18 03:25 time5
-rw-rw-r--   1 travis travis   432 Jan 18 03:25 Token.class
-rw-rw-r--   1 travis travis   251 Jan 18 03:25 Token.java
-rw-rw-r--   1 travis travis     0 Jan 18 03:25 top.
-rw-rw-r--   1 travis travis 20502 Jan 18 03:19 top.c
-rw-rw-r--   1 travis travis  3567 Jan 18 03:25 top.class
-rw-rw-r--   1 travis travis   169 Jan 18 03:19 top.html
-rw-rw-r--   1 travis travis  7552 Jan 18 03:25 top.java
-rw-rw-r--   1 travis travis 38888 Jan 18 03:19 top.o
drwxrwxr-x   3 travis travis 57344 Jan 18 03:22 UnaryMathFunction
warning: Supported source version 'RELEASE_6' from annotation processor 'org.netbeans.modules.openide.util.NbBundleProcessor' less than -source '1.8'
warning: Supported source version 'RELEASE_6' from annotation processor 'org.netbeans.modules.openide.util.URLStreamHandlerRegistrationProcessor' less than -source '1.8'
warning: Supported source version 'RELEASE_6' from annotation processor 'org.netbeans.modules.openide.util.ServiceProviderProcessor' less than -source '1.8'
3 warnings
All Done
Writing ModularCodeGenTest_A1_A2.java in file:/home/travis/cg/ (9163 characters)
Reading "ptolemy/cg/kernel/generic/program/procedural/java/modular/makefile.in",
    writing "/home/travis/cg/ModularCodeGenTest_A1_A2.mk"
Using ptolemy/cg/kernel/generic/program/procedural/java/modular/makefile.in
In "/home/travis/cg", about to execute:
    make -f ModularCodeGenTest_A1_A2.mk
javac -classpath ".:.."    ModularCodeGenTest_A1_A2.java
All Done
In "/home/travis/cg", about to execute:
    pwd
/home/travis/cg
In "/home/travis/cg", about to execute:
    ls -l
In "/home/travis/cg", about to execute:
    javac -classpath
.:/home/travis/build/icyphy/ptII:/home/travis/build/icyphy/ptII/lib/bsh-2.0b4.j
ar:/home/travis/build/icyphy/ptII/lib/ptCal.jar:/home/travis/build/icyphy/ptII/
lib/java_cup.jar:/home/travis/build/icyphy/ptII/lib/saxon8.jar:/home/travis/bui
ld/icyphy/ptII/lib/saxon8-dom.jar:/home/travis/build/icyphy/ptII/lib/chic.jar:/
home/travis/build/icyphy/ptII/lib/ptcolt.jar:/usr/lib/jvm/java-8-oracle/lib/too
ls.jar:/usr/lib/eclipse/plugins/org.eclipse.jdt.core_3.8.2.dist.jar:/usr/lib/ec
lipse/plugins/org.eclipse.core.runtime_3.8.0.dist.jar:/usr/lib/eclipse/plugins/
org.eclipse.osgi_3.8.1.dist.jar:/usr/lib/eclipse/plugins/org.eclipse.core.resou
rces_3.8.1.dist.jar:/usr/lib/eclipse/plugins/org.eclipse.equinox.common_3.6.100
.dist.jar:/usr/lib/eclipse/plugins/org.eclipse.core.jobs_3.5.200.dist.jar:/usr/
lib/eclipse/plugins/org.eclipse.core.contenttype_3.4.200.dist.jar:/usr/lib/ecli
pse/plugins/org.eclipse.equinox.preferences_3.5.0.dist.jar:/usr/lib/eclipse/plu
gins/org.eclipse.text_3.5.200.dist.jar:/usr/lib/eclipse/plugins/org.eclipse.ui.
workbench_3.8.1.dist.jar:/usr/lib/eclipse/plugins/org.eclipse.jface_3.8.0.dist.
jar:/usr/lib/eclipse/plugins/org.eclipse.swt_3.8.2.jar:/usr/lib/eclipse/plugins
/org.eclipse.jface.text_3.8.1.dist.jar:/usr/lib/eclipse/plugins/org.eclipse.ui.
workbench.texteditor_3.8.0.dist.jar:/usr/lib/eclipse/plugins/org.eclipse.ui.edi
tors_3.8.0.dist.jar:/usr/lib/eclipse/plugins/org.eclipse.core.commands_3.6.1.di
st.jar:/usr/lib/eclipse/plugins/org.eclipse.equinox.registry_3.5.200.dist.jar:/
usr/lib/eclipse/plugins/org.eclipse.ui.console_3.5.100.dist.jar:/usr/lib/eclips
e/plugins/org.eclipse.ui.forms_3.5.200.dist.jar:/usr/lib/eclipse/plugins/org.ec
lipse.ui.ide_3.8.1.dist.jar:/home/travis/build/icyphy/ptII/vendors/oracle/dbxml
.jar:/home/travis/build/icyphy/ptII/vendors/oracle/db.jar:/home/travis/build/ic
yphy/ptII/vendors/misc/itext/iText.jar:/home/travis/build/icyphy/ptII/lib/g4ltl
.jar:/home/travis/build/icyphy/ptII/lib/StructuralCoder.jar:/home/travis/build/
icyphy/ptII/lib/org-openide-util.jar:/home/travis/build/icyphy/ptII/lib/org-ope
nide-util-lookup.jar:/home/travis/build/icyphy/ptII/lib/org-netbeans-api-visual
.jar:/home/travis/build/icyphy/ptII/vendors/jai-1_1_2_01/lib/jai_core.jar:/home
/travis/build/icyphy/ptII/vendors/jai-1_1_2_01/lib/jai_codec.jar:/home/travis/b
uild/icyphy/ptII/lib/jcerti.jar:/home/travis/build/icyphy/ptII/lib/smack.jar:/h
ome/travis/build/icyphy/ptII/lib/smackx.jar:/home/travis/build/icyphy/ptII/lib/
jetty-all-8.1.5-v20120716.jar:/home/travis/build/icyphy/ptII/lib/javax.servlet-
api-3.0.1.jar:/home/travis/build/icyphy/ptII/lib/javax.mail.jar:/home/travis/bu
ild/icyphy/ptII/vendors/JMF-2.1.1e/lib/jmf.jar:/home/travis/build/icyphy/ptII/l
ib/jna-4.0.0-variadic.jar:/home/travis/build/icyphy/ptII/vendors/misc/joystick/
Joystick.jar:/home/travis/build/icyphy/ptII/lib/ptjacl.jar:/home/travis/build/i
cyphy/ptII/lib/jsoup-1.8.2.jar:/home/travis/build/icyphy/ptII/lib/junit-4.8.2.j
ar:/home/travis/build/icyphy/ptII/lib/JUnitParams-0.4.0.jar:/home/travis/build/
icyphy/ptII/ptolemy/actor/lib/excel/jxl.jar:/home/travis/build/icyphy/ptII/lib/
jython.jar:/home/travis/build/icyphy/ptII/lib/kieler.jar:/home/travis/build/icy
phy/ptII/vendors/opencv/share/OpenCV/java/opencv-341.jar:/home/travis/build/icy
phy/ptII/lib/oscP5.jar:/home/travis/build/icyphy/ptII/lib/nrjavaserial-3.11.0.d
evel.jar:/home/travis/build/icyphy/ptII/vendors/j3d/lib/j3dcore.jar:/home/travi
s/build/icyphy/ptII/vendors/j3d/lib/j3dutils.jar:/home/travis/build/icyphy/ptII
/vendors/j3d/lib/vecmath.jar:/home/travis/build/icyphy/ptII/ptolemy/distributed
/jini/jar/jini-core.jar:/home/travis/build/icyphy/ptII/ptolemy/distributed/jini
/jar/jini-ext.jar:/home/travis/build/icyphy/ptII/ptolemy/distributed/jini/jar/s
un-util.jar:/home/travis/build/icyphy/ptII/lib/protobuf-java-2.4.1.jar:/home/tr
avis/build/icyphy/ptII/lib/org.eclipse.paho.client.mqttv3.jar:/home/travis/buil
d/icyphy/ptII/ptserver/lib/hessian-4.0.7.jar:/home/travis/build/icyphy/ptII/pts
erver/lib/wmqtt.jar:/home/travis/build/icyphy/ptII/lib/mapss.jar:/home/travis/b
uild/icyphy/ptII/ptolemy/actor/ptalon/antlr/antlr.jar:/home/travis/build/icyphy
/ptII/lib/JRI.jar:/home/travis/build/icyphy/ptII/lib/commons-lang-2.6.jar:/home
/travis/build/icyphy/ptII/lib/commons-logging-1.1.1.jar:/home/travis/build/icyp
hy/ptII/lib/sootclasses.jar:/home/travis/build/icyphy/ptII/ptolemy/actor/lib/da
tabase/mysql-connector-java-5.1.6-bin.jar:/home/travis/build/icyphy/ptII/vendor
s/misc/sphinx4/sphinx4-data-5prealpha.jar:/home/travis/build/icyphy/ptII/vendor
s/misc/sphinx4/sphinx4-core-5prealpha.jar:/home/travis/build/icyphy/ptII/lib/PD
FRenderer.jar:/home/travis/build/icyphy/ptII/lib/svgSalamander.jar:/home/travis
/build/icyphy/ptII/lib/rsyntaxtextarea-2.6.0-SNAPSHOT.jar:/home/travis/build/ic
yphy/ptII/lib/hazelcast-3.8.2.jar:/home/travis/build/icyphy/ptII/lib/jackson-an
notations-2.9.0.jar:/home/travis/build/icyphy/ptII/lib/jackson-core-2.9.3.jar:/
home/travis/build/icyphy/ptII/lib/jackson-databind-2.9.3.jar:/home/travis/build
/icyphy/ptII/lib/netty-buffer-4.1.19.Final.jar:/home/travis/build/icyphy/ptII/l
ib/netty-codec-4.1.19.Final.jar:/home/travis/build/icyphy/ptII/lib/netty-codec-
dns-4.1.19.Final.jar:/home/travis/build/icyphy/ptII/lib/netty-codec-http-4.1.19
.Final.jar:/home/travis/build/icyphy/ptII/lib/netty-codec-http2-4.1.19.Final.ja
r:/home/travis/build/icyphy/ptII/lib/netty-common-4.1.19.Final.jar:/home/travis
/build/icyphy/ptII/lib/netty-handler-4.1.19.Final.jar:/home/travis/build/icyphy
/ptII/lib/netty-resolver-4.1.19.Final.jar:/home/travis/build/icyphy/ptII/lib/ne
tty-resolver-dns-4.1.19.Final.jar:/home/travis/build/icyphy/ptII/lib/netty-tran
sport-4.1.19.Final.jar:/home/travis/build/icyphy/ptII/lib/vertx-codegen-3.5.1.j
ar:/home/travis/build/icyphy/ptII/lib/vertx-core-3.5.2-SNAPSHOT.jar:/home/travi
s/build/icyphy/ptII/lib/vertx-hazelcast-3.5.1.jar:/home/travis/build/icyphy/ptI
I/lib/vertx-lang-js-3.5.1.jar:/home/travis/build/icyphy/ptII/lib/vertx-service-
proxy-3.5.1.jar:/home/travis/build/icyphy/ptII/lib/vertx-web-3.5.1.jar:/home/tr
avis/build/icyphy/ptII/lib/slf4j-api-1.7.13.jar:/home/travis/build/icyphy/ptII/
lib/slf4j-simple-1.7.13.jar:/home/travis/build/icyphy/ptII/lib/webcam-capture-0
.3.12.jar:/home/travis/build/icyphy/ptII/lib/bridj-0.7.0.jar:/home/travis/build
/icyphy/ptII/lib/xbjlib-1.1.0.nrjavaserial.jar:/home/travis/build/icyphy/ptII/p
tolemy/moml/test:/home/travis/build/icyphy/ptII/ant/lib/ant-launcher.jar:/home/
travis/build/icyphy/ptII/ant/lib/ant.jar:/home/travis/build/icyphy/ptII/ant/lib
/ant-junit.jar:/home/travis/build/icyphy/ptII/ant/lib/ant-junit4.jar:/home/trav
is/build/icyphy/ptII ModularCodeGenTest_A1_profile.java
total 872
drwxrwxr-x   3 travis travis 12288 Jan 18 03:20 AbsoluteValue
drwxrwxr-x   3 travis travis 16384 Jan 18 03:20 Case1
drwxrwxr-x   3 travis travis 32768 Jan 18 03:20 Case2
drwxrwxr-x   3 travis travis 24576 Jan 18 03:23 DeScrambler
drwxrwxr-x   3 travis travis 16384 Jan 18 03:24 DotProduct
drwxrwxr-x   3 travis travis 12288 Jan 18 03:21 FileWriter1
drwxrwxr-x   3 travis travis 20480 Jan 18 03:20 FixToDoubleAndBack
drwxrwxr-x   3 travis travis 16384 Jan 18 03:21 Gaussian1
drwxrwxr-x   3 travis travis 20480 Jan 18 03:21 Gaussian2
drwxrwxr-x   3 travis travis 12288 Jan 18 03:21 LookupTable
drwxrwxr-x   3 travis travis 20480 Jan 18 03:21 MaxIndex
-rw-rw-r--   1 travis travis  3491 Jan 18 03:25 ModularCodeGenTest_A1_A2.class
-rw-rw-r--   1 travis travis  9163 Jan 18 03:25 ModularCodeGenTest_A1_A2.java
-rw-rw-r--   1 travis travis   904 Jan 18 03:25 ModularCodeGenTest_A1_A2.mk
-rw-rw-r--   1 travis travis  1306 Jan 18 03:25 ModularCodeGenTest_A1_A2_profile.class
-rw-rw-r--   1 travis travis  1228 Jan 18 03:25 ModularCodeGenTest_A1_A2_profile.java
-rw-rw-r--   1 travis travis  1394 Jan 18 03:25 ModularCodeGenTest_A1_profile.java
drwxrwxr-x   3 travis travis 36864 Jan 18 03:25 modulation2
drwxrwxr-x   3 travis travis 20480 Jan 18 03:21 Multiplexor
drwxrwxr-x 249 travis travis 12288 Jan 18 03:25 node_modules
drwxrwxr-x   3 travis travis 20480 Jan 18 03:22 PhaseUnwrap
-rw-rw-r--   1 travis travis   520 Jan 18 03:25 Repeat$_fireFunction_Repeat_Repeat$__f_sL_0.class
-rw-rw-r--   1 travis travis   522 Jan 18 03:25 Repeat$_fireFunction_Repeat_Repeat$__f_sL_10.class
-rw-rw-r--   1 travis travis   666 Jan 18 03:25 Repeat$_fireFunction_Repeat_Repeat$__f_sL_11.class
-rw-rw-r--   1 travis travis   522 Jan 18 03:25 Repeat$_fireFunction_Repeat_Repeat$__f_sL_13.class
-rw-rw-r--   1 travis travis   665 Jan 18 03:25 Repeat$_fireFunction_Repeat_Repeat$__f_sL_1.class
-rw-rw-r--   1 travis travis   520 Jan 18 03:25 Repeat$_fireFunction_Repeat_Repeat$__f_sL_2.class
-rw-rw-r--   1 travis travis   520 Jan 18 03:25 Repeat$_fireFunction_Repeat_Repeat$__f_sL_3.class
-rw-rw-r--   1 travis travis   520 Jan 18 03:25 Repeat$_fireFunction_Repeat_Repeat$__f_sL_5.class
-rw-rw-r--   1 travis travis   671 Jan 18 03:25 Repeat$_fireFunction_Repeat_Repeat$__f_sL_7.class
-rw-rw-r--   1 travis travis   520 Jan 18 03:25 Repeat$_fireFunction_Repeat_Repeat$__f_sL_9.class
-rw-rw-r--   1 travis travis   813 Jan 18 03:25 Repeat$_initialize_Repeat.class
-rw-rw-r--   1 travis travis   475 Jan 18 03:25 Repeat$_initialize_Repeat$__i_sL_0.class
-rw-rw-r--   1 travis travis   519 Jan 18 03:25 Repeat$_initialize_Repeat$__i_sL_3.class
-rw-rw-r--   1 travis travis 39778 Jan 18 03:25 Repeat.java
-rw-rw-r--   1 travis travis  1281 Jan 18 03:25 Repeat.mk
-rw-rw-r--   1 travis travis   520 Jan 18 03:25 Repeat$_preinitializeMethod_Repeat$__p_sL_0.class
-rw-rw-r--   1 travis travis   520 Jan 18 03:25 Repeat$_preinitializeMethod_Repeat$__p_sL_1.class
-rw-rw-r--   1 travis travis  1083 Jan 18 03:25 Repeat$_Repeat$_fireFunction_Repeat_AddSubtract_Repeat.class
-rw-rw-r--   1 travis travis   791 Jan 18 03:25 Repeat$_Repeat$_fireFunction_Repeat_AddSubtract_Repeat$__f_sL_0.class
-rw-rw-r--   1 travis travis   909 Jan 18 03:25 Repeat$_Repeat$_fireFunction_Repeat_AddSubtract_Repeat$__f_sL_1.class
-rw-rw-r--   1 travis travis   915 Jan 18 03:25 Repeat$_Repeat$_fireFunction_Repeat_AddSubtract_Repeat$__f_sL_2.class
-rw-rw-r--   1 travis travis   838 Jan 18 03:25 Repeat$_Repeat$_fireFunction_Repeat_Ramp2_Repeat$__f_sL_1.class
-rw-rw-r--   1 travis travis  1785 Jan 18 03:25 Repeat$_Repeat$_fireFunction_Repeat_Test_Repeat$__f_sL_2.class
-rw-rw-r--   1 travis travis   685 Jan 18 03:25 Repeat$_Repeat_SDF_Director_run_Repeat$__R_sL_0.class
-rw-rw-r--   1 travis travis   540 Jan 18 03:25 Repeat$_Repeat_SDF_Director_run_Repeat$__R_sL_1.class
-rw-rw-r--   1 travis travis   540 Jan 18 03:25 Repeat$_Repeat_SDF_Director_run_Repeat$__R_sL_2.class
-rw-rw-r--   1 travis travis   540 Jan 18 03:25 Repeat$_Repeat_SDF_Director_run_Repeat$__R_sL_4.class
-rw-rw-r--   1 travis travis   540 Jan 18 03:25 Repeat$_Repeat_SDF_Director_run_Repeat$__R_sL_5.class
-rw-rw-r--   1 travis travis   691 Jan 18 03:25 Repeat$_Repeat_SDF_Director_run_Repeat$__R_sL_6.class
-rw-rw-r--   1 travis travis   540 Jan 18 03:25 Repeat$_Repeat_SDF_Director_run_Repeat$__R_sL_7.class
-rw-rw-r--   1 travis travis   863 Jan 18 03:25 Repeat$_varinit_Repeat.class
-rw-rw-r--   1 travis travis   530 Jan 18 03:25 Repeat$_varinit_Repeat$__v_sL_1.class
-rw-rw-r--   1 travis travis   531 Jan 18 03:25 Repeat$_varinit_Repeat$__v_sL_2.class
-rw-rw-r--   1 travis travis   905 Jan 18 03:25 Repeat$_varinit_Repeat$__v_sL_4.class
-rw-rw-r--   1 travis travis   635 Jan 18 03:25 Repeat$_wrapup_Repeat.class
-rw-rw-r--   1 travis travis   965 Jan 18 03:25 Repeat$_wrapup_Repeat$__w_sL_1.class
-rw-rw-r--   1 travis travis   289 Jan 18 03:19 result.csv
drwxrwxr-x   3 travis travis 12288 Jan 18 03:23 Scrambler1
drwxrwxr-x   3 travis travis 20480 Jan 18 03:22 Sinewave2
drwxrwxr-x   3 travis travis 69632 Jan 18 03:23 StringCompare
drwxrwxr-x   3 travis travis 32768 Jan 18 03:23 StringFunction
drwxrwxr-x   3 travis travis 12288 Jan 18 03:23 StringLength
drwxrwxr-x   3 travis travis 57344 Jan 18 03:24 StringSimpleReplace
drwxrwxr-x   3 travis travis 12288 Jan 18 03:24 time2
drwxrwxr-x   3 travis travis 12288 Jan 18 03:25 time5
-rw-rw-r--   1 travis travis   432 Jan 18 03:25 Token.class
-rw-rw-r--   1 travis travis   251 Jan 18 03:25 Token.java
-rw-rw-r--   1 travis travis     0 Jan 18 03:25 top.
-rw-rw-r--   1 travis travis 20502 Jan 18 03:19 top.c
-rw-rw-r--   1 travis travis  3567 Jan 18 03:25 top.class
-rw-rw-r--   1 travis travis   169 Jan 18 03:19 top.html
-rw-rw-r--   1 travis travis  7552 Jan 18 03:25 top.java
-rw-rw-r--   1 travis travis 38888 Jan 18 03:19 top.o
drwxrwxr-x   3 travis travis 57344 Jan 18 03:22 UnaryMathFunction
warning: Supported source version 'RELEASE_6' from annotation processor 'org.netbeans.modules.openide.util.NbBundleProcessor' less than -source '1.8'
warning: Supported source version 'RELEASE_6' from annotation processor 'org.netbeans.modules.openide.util.URLStreamHandlerRegistrationProcessor' less than -source '1.8'
warning: Supported source version 'RELEASE_6' from annotation processor 'org.netbeans.modules.openide.util.ServiceProviderProcessor' less than -source '1.8'
3 warnings
All Done
Writing ModularCodeGenTest_A1.java in file:/home/travis/cg/ (9968 characters)
Reading "ptolemy/cg/kernel/generic/program/procedural/java/modular/makefile.in",
    writing "/home/travis/cg/ModularCodeGenTest_A1.mk"
Using ptolemy/cg/kernel/generic/program/procedural/java/modular/makefile.in
In "/home/travis/cg", about to execute:
    make -f ModularCodeGenTest_A1.mk
javac -classpath ".:.."    ModularCodeGenTest_A1.java
All Done
4703 ms. Memory: 146944K Free: 93736K (64%)
7 ms. Memory: 146944K Free: 91428K (62%)
In "/home/travis/cg", about to execute:
    pwd
In "/home/travis/cg", about to execute:
    ls -l
/home/travis/cg
In "/home/travis/cg", about to execute:
    javac -classpath
.:/home/travis/build/icyphy/ptII:/home/travis/build/icyphy/ptII/lib/bsh-2.0b4.j
ar:/home/travis/build/icyphy/ptII/lib/ptCal.jar:/home/travis/build/icyphy/ptII/
lib/java_cup.jar:/home/travis/build/icyphy/ptII/lib/saxon8.jar:/home/travis/bui
ld/icyphy/ptII/lib/saxon8-dom.jar:/home/travis/build/icyphy/ptII/lib/chic.jar:/
home/travis/build/icyphy/ptII/lib/ptcolt.jar:/usr/lib/jvm/java-8-oracle/lib/too
ls.jar:/usr/lib/eclipse/plugins/org.eclipse.jdt.core_3.8.2.dist.jar:/usr/lib/ec
lipse/plugins/org.eclipse.core.runtime_3.8.0.dist.jar:/usr/lib/eclipse/plugins/
org.eclipse.osgi_3.8.1.dist.jar:/usr/lib/eclipse/plugins/org.eclipse.core.resou
rces_3.8.1.dist.jar:/usr/lib/eclipse/plugins/org.eclipse.equinox.common_3.6.100
.dist.jar:/usr/lib/eclipse/plugins/org.eclipse.core.jobs_3.5.200.dist.jar:/usr/
lib/eclipse/plugins/org.eclipse.core.contenttype_3.4.200.dist.jar:/usr/lib/ecli
pse/plugins/org.eclipse.equinox.preferences_3.5.0.dist.jar:/usr/lib/eclipse/plu
gins/org.eclipse.text_3.5.200.dist.jar:/usr/lib/eclipse/plugins/org.eclipse.ui.
workbench_3.8.1.dist.jar:/usr/lib/eclipse/plugins/org.eclipse.jface_3.8.0.dist.
jar:/usr/lib/eclipse/plugins/org.eclipse.swt_3.8.2.jar:/usr/lib/eclipse/plugins
/org.eclipse.jface.text_3.8.1.dist.jar:/usr/lib/eclipse/plugins/org.eclipse.ui.
workbench.texteditor_3.8.0.dist.jar:/usr/lib/eclipse/plugins/org.eclipse.ui.edi
tors_3.8.0.dist.jar:/usr/lib/eclipse/plugins/org.eclipse.core.commands_3.6.1.di
st.jar:/usr/lib/eclipse/plugins/org.eclipse.equinox.registry_3.5.200.dist.jar:/
usr/lib/eclipse/plugins/org.eclipse.ui.console_3.5.100.dist.jar:/usr/lib/eclips
e/plugins/org.eclipse.ui.forms_3.5.200.dist.jar:/usr/lib/eclipse/plugins/org.ec
lipse.ui.ide_3.8.1.dist.jar:/home/travis/build/icyphy/ptII/vendors/oracle/dbxml
.jar:/home/travis/build/icyphy/ptII/vendors/oracle/db.jar:/home/travis/build/ic
yphy/ptII/vendors/misc/itext/iText.jar:/home/travis/build/icyphy/ptII/lib/g4ltl
.jar:/home/travis/build/icyphy/ptII/lib/StructuralCoder.jar:/home/travis/build/
icyphy/ptII/lib/org-openide-util.jar:/home/travis/build/icyphy/ptII/lib/org-ope
nide-util-lookup.jar:/home/travis/build/icyphy/ptII/lib/org-netbeans-api-visual
.jar:/home/travis/build/icyphy/ptII/vendors/jai-1_1_2_01/lib/jai_core.jar:/home
/travis/build/icyphy/ptII/vendors/jai-1_1_2_01/lib/jai_codec.jar:/home/travis/b
uild/icyphy/ptII/lib/jcerti.jar:/home/travis/build/icyphy/ptII/lib/smack.jar:/h
ome/travis/build/icyphy/ptII/lib/smackx.jar:/home/travis/build/icyphy/ptII/lib/
jetty-all-8.1.5-v20120716.jar:/home/travis/build/icyphy/ptII/lib/javax.servlet-
api-3.0.1.jar:/home/travis/build/icyphy/ptII/lib/javax.mail.jar:/home/travis/bu
ild/icyphy/ptII/vendors/JMF-2.1.1e/lib/jmf.jar:/home/travis/build/icyphy/ptII/l
ib/jna-4.0.0-variadic.jar:/home/travis/build/icyphy/ptII/vendors/misc/joystick/
Joystick.jar:/home/travis/build/icyphy/ptII/lib/ptjacl.jar:/home/travis/build/i
cyphy/ptII/lib/jsoup-1.8.2.jar:/home/travis/build/icyphy/ptII/lib/junit-4.8.2.j
ar:/home/travis/build/icyphy/ptII/lib/JUnitParams-0.4.0.jar:/home/travis/build/
icyphy/ptII/ptolemy/actor/lib/excel/jxl.jar:/home/travis/build/icyphy/ptII/lib/
jython.jar:/home/travis/build/icyphy/ptII/lib/kieler.jar:/home/travis/build/icy
phy/ptII/vendors/opencv/share/OpenCV/java/opencv-341.jar:/home/travis/build/icy
phy/ptII/lib/oscP5.jar:/home/travis/build/icyphy/ptII/lib/nrjavaserial-3.11.0.d
evel.jar:/home/travis/build/icyphy/ptII/vendors/j3d/lib/j3dcore.jar:/home/travi
s/build/icyphy/ptII/vendors/j3d/lib/j3dutils.jar:/home/travis/build/icyphy/ptII
/vendors/j3d/lib/vecmath.jar:/home/travis/build/icyphy/ptII/ptolemy/distributed
/jini/jar/jini-core.jar:/home/travis/build/icyphy/ptII/ptolemy/distributed/jini
/jar/jini-ext.jar:/home/travis/build/icyphy/ptII/ptolemy/distributed/jini/jar/s
un-util.jar:/home/travis/build/icyphy/ptII/lib/protobuf-java-2.4.1.jar:/home/tr
avis/build/icyphy/ptII/lib/org.eclipse.paho.client.mqttv3.jar:/home/travis/buil
d/icyphy/ptII/ptserver/lib/hessian-4.0.7.jar:/home/travis/build/icyphy/ptII/pts
erver/lib/wmqtt.jar:/home/travis/build/icyphy/ptII/lib/mapss.jar:/home/travis/b
uild/icyphy/ptII/ptolemy/actor/ptalon/antlr/antlr.jar:/home/travis/build/icyphy
/ptII/lib/JRI.jar:/home/travis/build/icyphy/ptII/lib/commons-lang-2.6.jar:/home
/travis/build/icyphy/ptII/lib/commons-logging-1.1.1.jar:/home/travis/build/icyp
hy/ptII/lib/sootclasses.jar:/home/travis/build/icyphy/ptII/ptolemy/actor/lib/da
tabase/mysql-connector-java-5.1.6-bin.jar:/home/travis/build/icyphy/ptII/vendor
s/misc/sphinx4/sphinx4-data-5prealpha.jar:/home/travis/build/icyphy/ptII/vendor
s/misc/sphinx4/sphinx4-core-5prealpha.jar:/home/travis/build/icyphy/ptII/lib/PD
FRenderer.jar:/home/travis/build/icyphy/ptII/lib/svgSalamander.jar:/home/travis
/build/icyphy/ptII/lib/rsyntaxtextarea-2.6.0-SNAPSHOT.jar:/home/travis/build/ic
yphy/ptII/lib/hazelcast-3.8.2.jar:/home/travis/build/icyphy/ptII/lib/jackson-an
notations-2.9.0.jar:/home/travis/build/icyphy/ptII/lib/jackson-core-2.9.3.jar:/
home/travis/build/icyphy/ptII/lib/jackson-databind-2.9.3.jar:/home/travis/build
/icyphy/ptII/lib/netty-buffer-4.1.19.Final.jar:/home/travis/build/icyphy/ptII/l
ib/netty-codec-4.1.19.Final.jar:/home/travis/build/icyphy/ptII/lib/netty-codec-
dns-4.1.19.Final.jar:/home/travis/build/icyphy/ptII/lib/netty-codec-http-4.1.19
.Final.jar:/home/travis/build/icyphy/ptII/lib/netty-codec-http2-4.1.19.Final.ja
r:/home/travis/build/icyphy/ptII/lib/netty-common-4.1.19.Final.jar:/home/travis
/build/icyphy/ptII/lib/netty-handler-4.1.19.Final.jar:/home/travis/build/icyphy
/ptII/lib/netty-resolver-4.1.19.Final.jar:/home/travis/build/icyphy/ptII/lib/ne
tty-resolver-dns-4.1.19.Final.jar:/home/travis/build/icyphy/ptII/lib/netty-tran
sport-4.1.19.Final.jar:/home/travis/build/icyphy/ptII/lib/vertx-codegen-3.5.1.j
ar:/home/travis/build/icyphy/ptII/lib/vertx-core-3.5.2-SNAPSHOT.jar:/home/travi
s/build/icyphy/ptII/lib/vertx-hazelcast-3.5.1.jar:/home/travis/build/icyphy/ptI
I/lib/vertx-lang-js-3.5.1.jar:/home/travis/build/icyphy/ptII/lib/vertx-service-
proxy-3.5.1.jar:/home/travis/build/icyphy/ptII/lib/vertx-web-3.5.1.jar:/home/tr
avis/build/icyphy/ptII/lib/slf4j-api-1.7.13.jar:/home/travis/build/icyphy/ptII/
lib/slf4j-simple-1.7.13.jar:/home/travis/build/icyphy/ptII/lib/webcam-capture-0
.3.12.jar:/home/travis/build/icyphy/ptII/lib/bridj-0.7.0.jar:/home/travis/build
/icyphy/ptII/lib/xbjlib-1.1.0.nrjavaserial.jar:/home/travis/build/icyphy/ptII/p
tolemy/moml/test:/home/travis/build/icyphy/ptII/ant/lib/ant-launcher.jar:/home/
travis/build/icyphy/ptII/ant/lib/ant.jar:/home/travis/build/icyphy/ptII/ant/lib
/ant-junit.jar:/home/travis/build/icyphy/ptII/ant/lib/ant-junit4.jar:/home/trav
is/build/icyphy/ptII ModularCodeGenTest_A1_A2_profile.java
total 896
drwxrwxr-x   3 travis travis 12288 Jan 18 03:20 AbsoluteValue
drwxrwxr-x   3 travis travis 16384 Jan 18 03:20 Case1
drwxrwxr-x   3 travis travis 32768 Jan 18 03:20 Case2
drwxrwxr-x   3 travis travis 24576 Jan 18 03:23 DeScrambler
drwxrwxr-x   3 travis travis 16384 Jan 18 03:24 DotProduct
drwxrwxr-x   3 travis travis 12288 Jan 18 03:21 FileWriter1
drwxrwxr-x   3 travis travis 20480 Jan 18 03:20 FixToDoubleAndBack
drwxrwxr-x   3 travis travis 16384 Jan 18 03:21 Gaussian1
drwxrwxr-x   3 travis travis 20480 Jan 18 03:21 Gaussian2
drwxrwxr-x   3 travis travis 12288 Jan 18 03:21 LookupTable
drwxrwxr-x   3 travis travis 20480 Jan 18 03:21 MaxIndex
-rw-rw-r--   1 travis travis  3491 Jan 18 03:25 ModularCodeGenTest_A1_A2.class
-rw-rw-r--   1 travis travis  9163 Jan 18 03:25 ModularCodeGenTest_A1_A2.java
-rw-rw-r--   1 travis travis   904 Jan 18 03:25 ModularCodeGenTest_A1_A2.mk
-rw-rw-r--   1 travis travis  1306 Jan 18 03:25 ModularCodeGenTest_A1_A2_profile.class
-rw-rw-r--   1 travis travis  1228 Jan 18 03:25 ModularCodeGenTest_A1_A2_profile.java
-rw-rw-r--   1 travis travis  3823 Jan 18 03:25 ModularCodeGenTest_A1.class
-rw-rw-r--   1 travis travis  9968 Jan 18 03:25 ModularCodeGenTest_A1.java
-rw-rw-r--   1 travis travis   880 Jan 18 03:25 ModularCodeGenTest_A1.mk
-rw-rw-r--   1 travis travis  1352 Jan 18 03:25 ModularCodeGenTest_A1_profile.class
-rw-rw-r--   1 travis travis  1394 Jan 18 03:25 ModularCodeGenTest_A1_profile.java
drwxrwxr-x   3 travis travis 36864 Jan 18 03:25 modulation2
drwxrwxr-x   3 travis travis 20480 Jan 18 03:21 Multiplexor
drwxrwxr-x 249 travis travis 12288 Jan 18 03:25 node_modules
drwxrwxr-x   3 travis travis 20480 Jan 18 03:22 PhaseUnwrap
-rw-rw-r--   1 travis travis   520 Jan 18 03:25 Repeat$_fireFunction_Repeat_Repeat$__f_sL_0.class
-rw-rw-r--   1 travis travis   522 Jan 18 03:25 Repeat$_fireFunction_Repeat_Repeat$__f_sL_10.class
-rw-rw-r--   1 travis travis   666 Jan 18 03:25 Repeat$_fireFunction_Repeat_Repeat$__f_sL_11.class
-rw-rw-r--   1 travis travis   522 Jan 18 03:25 Repeat$_fireFunction_Repeat_Repeat$__f_sL_13.class
-rw-rw-r--   1 travis travis   665 Jan 18 03:25 Repeat$_fireFunction_Repeat_Repeat$__f_sL_1.class
-rw-rw-r--   1 travis travis   520 Jan 18 03:25 Repeat$_fireFunction_Repeat_Repeat$__f_sL_2.class
-rw-rw-r--   1 travis travis   520 Jan 18 03:25 Repeat$_fireFunction_Repeat_Repeat$__f_sL_3.class
-rw-rw-r--   1 travis travis   520 Jan 18 03:25 Repeat$_fireFunction_Repeat_Repeat$__f_sL_5.class
-rw-rw-r--   1 travis travis   671 Jan 18 03:25 Repeat$_fireFunction_Repeat_Repeat$__f_sL_7.class
-rw-rw-r--   1 travis travis   520 Jan 18 03:25 Repeat$_fireFunction_Repeat_Repeat$__f_sL_9.class
-rw-rw-r--   1 travis travis   813 Jan 18 03:25 Repeat$_initialize_Repeat.class
-rw-rw-r--   1 travis travis   475 Jan 18 03:25 Repeat$_initialize_Repeat$__i_sL_0.class
-rw-rw-r--   1 travis travis   519 Jan 18 03:25 Repeat$_initialize_Repeat$__i_sL_3.class
-rw-rw-r--   1 travis travis 39778 Jan 18 03:25 Repeat.java
-rw-rw-r--   1 travis travis  1281 Jan 18 03:25 Repeat.mk
-rw-rw-r--   1 travis travis   520 Jan 18 03:25 Repeat$_preinitializeMethod_Repeat$__p_sL_0.class
-rw-rw-r--   1 travis travis   520 Jan 18 03:25 Repeat$_preinitializeMethod_Repeat$__p_sL_1.class
-rw-rw-r--   1 travis travis  1083 Jan 18 03:25 Repeat$_Repeat$_fireFunction_Repeat_AddSubtract_Repeat.class
-rw-rw-r--   1 travis travis   791 Jan 18 03:25 Repeat$_Repeat$_fireFunction_Repeat_AddSubtract_Repeat$__f_sL_0.class
-rw-rw-r--   1 travis travis   909 Jan 18 03:25 Repeat$_Repeat$_fireFunction_Repeat_AddSubtract_Repeat$__f_sL_1.class
-rw-rw-r--   1 travis travis   915 Jan 18 03:25 Repeat$_Repeat$_fireFunction_Repeat_AddSubtract_Repeat$__f_sL_2.class
-rw-rw-r--   1 travis travis   838 Jan 18 03:25 Repeat$_Repeat$_fireFunction_Repeat_Ramp2_Repeat$__f_sL_1.class
-rw-rw-r--   1 travis travis  1785 Jan 18 03:25 Repeat$_Repeat$_fireFunction_Repeat_Test_Repeat$__f_sL_2.class
-rw-rw-r--   1 travis travis   685 Jan 18 03:25 Repeat$_Repeat_SDF_Director_run_Repeat$__R_sL_0.class
-rw-rw-r--   1 travis travis   540 Jan 18 03:25 Repeat$_Repeat_SDF_Director_run_Repeat$__R_sL_1.class
-rw-rw-r--   1 travis travis   540 Jan 18 03:25 Repeat$_Repeat_SDF_Director_run_Repeat$__R_sL_2.class
-rw-rw-r--   1 travis travis   540 Jan 18 03:25 Repeat$_Repeat_SDF_Director_run_Repeat$__R_sL_4.class
-rw-rw-r--   1 travis travis   540 Jan 18 03:25 Repeat$_Repeat_SDF_Director_run_Repeat$__R_sL_5.class
-rw-rw-r--   1 travis travis   691 Jan 18 03:25 Repeat$_Repeat_SDF_Director_run_Repeat$__R_sL_6.class
-rw-rw-r--   1 travis travis   540 Jan 18 03:25 Repeat$_Repeat_SDF_Director_run_Repeat$__R_sL_7.class
-rw-rw-r--   1 travis travis   863 Jan 18 03:25 Repeat$_varinit_Repeat.class
-rw-rw-r--   1 travis travis   530 Jan 18 03:25 Repeat$_varinit_Repeat$__v_sL_1.class
-rw-rw-r--   1 travis travis   531 Jan 18 03:25 Repeat$_varinit_Repeat$__v_sL_2.class
-rw-rw-r--   1 travis travis   905 Jan 18 03:25 Repeat$_varinit_Repeat$__v_sL_4.class
-rw-rw-r--   1 travis travis   635 Jan 18 03:25 Repeat$_wrapup_Repeat.class
-rw-rw-r--   1 travis travis   965 Jan 18 03:25 Repeat$_wrapup_Repeat$__w_sL_1.class
-rw-rw-r--   1 travis travis   289 Jan 18 03:19 result.csv
drwxrwxr-x   3 travis travis 12288 Jan 18 03:23 Scrambler1
drwxrwxr-x   3 travis travis 20480 Jan 18 03:22 Sinewave2
drwxrwxr-x   3 travis travis 69632 Jan 18 03:23 StringCompare
drwxrwxr-x   3 travis travis 32768 Jan 18 03:23 StringFunction
drwxrwxr-x   3 travis travis 12288 Jan 18 03:23 StringLength
drwxrwxr-x   3 travis travis 57344 Jan 18 03:24 StringSimpleReplace
drwxrwxr-x   3 travis travis 12288 Jan 18 03:24 time2
drwxrwxr-x   3 travis travis 12288 Jan 18 03:25 time5
-rw-rw-r--   1 travis travis   432 Jan 18 03:25 Token.class
-rw-rw-r--   1 travis travis   251 Jan 18 03:25 Token.java
-rw-rw-r--   1 travis travis     0 Jan 18 03:25 top.
-rw-rw-r--   1 travis travis 20502 Jan 18 03:19 top.c
-rw-rw-r--   1 travis travis  3567 Jan 18 03:25 top.class
-rw-rw-r--   1 travis travis   169 Jan 18 03:19 top.html
-rw-rw-r--   1 travis travis  7552 Jan 18 03:25 top.java
-rw-rw-r--   1 travis travis 38888 Jan 18 03:19 top.o
drwxrwxr-x   3 travis travis 57344 Jan 18 03:22 UnaryMathFunction
warning: Supported source version 'RELEASE_6' from annotation processor 'org.netbeans.modules.openide.util.NbBundleProcessor' less than -source '1.8'
warning: Supported source version 'RELEASE_6' from annotation processor 'org.netbeans.modules.openide.util.URLStreamHandlerRegistrationProcessor' less than -source '1.8'
warning: Supported source version 'RELEASE_6' from annotation processor 'org.netbeans.modules.openide.util.ServiceProviderProcessor' less than -source '1.8'
3 warnings
All Done
Writing ModularCodeGenTest_A1_A2.java in file:/home/travis/cg/ (9164 characters)
Reading "ptolemy/cg/kernel/generic/program/procedural/java/modular/makefile.in",
    writing "/home/travis/cg/ModularCodeGenTest_A1_A2.mk"
Using ptolemy/cg/kernel/generic/program/procedural/java/modular/makefile.in
In "/home/travis/cg", about to execute:
    make -f ModularCodeGenTest_A1_A2.mk
javac -classpath ".:.."    ModularCodeGenTest_A1_A2.java
All Done
2260 ms. Memory: 145408K Free: 134186K (92%)


==== $PTII/ptolemy/cg/lib/test/ModularCodeGenTypedCompositeActor.tcl: ModularCodeGenTypedCompositeActor-1.3 reparse the model and rerun
==== Contents of test case:

    file delete -force $env(HOME)/cg
    set r1 [list  [file exists $env(HOME)/cg/ModularCodeGenPubSub3_A1.class]  [file exists $env(HOME)/cg/ModularCodeGenPubSub3_A1_A2.class]]
    
    
    # Note that not calling anything or calling parser reset here fails, but if we 
    # call parser resetAll, then it works
    #$parser reset
    set toplevel [java::cast ptolemy.actor.TypedCompositeActor  [$parser parseFile ModularCodeGenTest.xml]]

    set manager [java::new ptolemy.actor.Manager  [$toplevel workspace] "manager"]
    $toplevel setManager $manager

    $manager execute

==== Test generated error:
error deleting "/home/travis/cg/node_modules/.bin":  best guess at reason: permission denied
    while executing
"file delete -force $env(HOME)/cg"
    ("uplevel" body line 2)
    invoked from within
"uplevel $contents_of_test"
01/18/19 03:25:20
Failed: 1  Total Tests: 3  ((Passed: 2, Newly Passed: 0)  Known Failed: 0) /home/travis/build/icyphy/ptII/ptolemy/cg/lib/test
No auto/knownFailedTests/*.xml tests in /home/travis/build/icyphy/ptII/ptolemy/cg/lib/test
No auto/linux-amd64/*.xml tests in /home/travis/build/icyphy/ptII/ptolemy/cg/lib/test
AutoTests.java: About to close Vertx.
AutoTests.java: Vertx closed.

===========================================================================================
----------------- testing Fri Jan 18 03:25:21 UTC 2019 /home/travis/build/icyphy/ptII/ptolemy/cg/lib/test/auto/CompiledCompositeActor.xml
----------------- Instantiating /home/travis/build/icyphy/ptII/ptolemy/cg/lib/test/auto/CompiledCompositeActor.xml
CompiledCompositeActor: Building shared object: The sharedObjectFile has a modification time that is earlier than the modelFile modification time.
Writing CompiledCompositeActor_CompiledCompositeActor.java in file:/home/travis/cg/ (13466 characters)
Reading "ptolemy/cg/kernel/generic/program/procedural/java/makefile.in",
    writing "/home/travis/cg/CompiledCompositeActor_CompiledCompositeActor.mk"
Using ptolemy/cg/kernel/generic/program/procedural/java/makefile.in
In "/home/travis/cg", about to execute:
    make -f CompiledCompositeActor_CompiledCompositeActor.mk
javac -classpath ".:."    CompiledCompositeActor_CompiledCompositeActor.java
All Done
977 ms. Memory: 146432K Free: 126924K (87%)
----------------- Invoking toplevel() on ptolemy.moml.MoMLSimpleApplication@78b689ac
----------------- Done invoking toplevel() on ptolemy.moml.MoMLSimpleApplication@78b689ac
reloadAllAccessors: .CompiledCompositeActor

===========================================================================================
----------------- testing Fri Jan 18 03:25:22 UTC 2019 /home/travis/build/icyphy/ptII/ptolemy/cg/lib/test/auto/DECGClockRamp.xml
----------------- Instantiating /home/travis/build/icyphy/ptII/ptolemy/cg/lib/test/auto/DECGClockRamp.xml
17 ms. Memory: 146432K Free: 120493K (82%)
----------------- Invoking toplevel() on ptolemy.moml.MoMLSimpleApplication@53f70e00
----------------- Done invoking toplevel() on ptolemy.moml.MoMLSimpleApplication@53f70e00
reloadAllAccessors: .DECGClockRamp

===========================================================================================
----------------- testing Fri Jan 18 03:25:22 UTC 2019 /home/travis/build/icyphy/ptII/ptolemy/cg/lib/test/auto/DECGDelay.xml
----------------- Instantiating /home/travis/build/icyphy/ptII/ptolemy/cg/lib/test/auto/DECGDelay.xml
13 ms. Memory: 146432K Free: 113446K (77%)
----------------- Invoking toplevel() on ptolemy.moml.MoMLSimpleApplication@3d82dd01
----------------- Done invoking toplevel() on ptolemy.moml.MoMLSimpleApplication@3d82dd01
reloadAllAccessors: .DECGDelay

===========================================================================================
----------------- testing Fri Jan 18 03:25:22 UTC 2019 /home/travis/build/icyphy/ptII/ptolemy/cg/lib/test/auto/DECGHelloWorld.xml
----------------- Instantiating /home/travis/build/icyphy/ptII/ptolemy/cg/lib/test/auto/DECGHelloWorld.xml
2 ms. Memory: 146432K Free: 109205K (75%)
----------------- Invoking toplevel() on ptolemy.moml.MoMLSimpleApplication@344e0046
----------------- Done invoking toplevel() on ptolemy.moml.MoMLSimpleApplication@344e0046
reloadAllAccessors: .DECGHelloWorld

===========================================================================================
----------------- testing Fri Jan 18 03:25:22 UTC 2019 /home/travis/build/icyphy/ptII/ptolemy/cg/lib/test/auto/DECGHeterogeneous.xml
----------------- Instantiating /home/travis/build/icyphy/ptII/ptolemy/cg/lib/test/auto/DECGHeterogeneous.xml
35 ms. Memory: 146432K Free: 94411K (64%)
----------------- Invoking toplevel() on ptolemy.moml.MoMLSimpleApplication@18a1b54a
----------------- Done invoking toplevel() on ptolemy.moml.MoMLSimpleApplication@18a1b54a
reloadAllAccessors: .DECGHeterogeneous

===========================================================================================
----------------- testing Fri Jan 18 03:25:22 UTC 2019 /home/travis/build/icyphy/ptII/ptolemy/cg/lib/test/auto/DECGHeterogeneousMk2.xml
----------------- Instantiating /home/travis/build/icyphy/ptII/ptolemy/cg/lib/test/auto/DECGHeterogeneousMk2.xml
53 ms. Memory: 146432K Free: 79001K (54%)
----------------- Invoking toplevel() on ptolemy.moml.MoMLSimpleApplication@768c71a6
----------------- Done invoking toplevel() on ptolemy.moml.MoMLSimpleApplication@768c71a6
reloadAllAccessors: .DECGHeterogeneousMk2

===========================================================================================
----------------- testing Fri Jan 18 03:25:22 UTC 2019 /home/travis/build/icyphy/ptII/ptolemy/cg/lib/test/auto/DECGMath.xml
----------------- Instantiating /home/travis/build/icyphy/ptII/ptolemy/cg/lib/test/auto/DECGMath.xml
18 ms. Memory: 208896K Free: 194898K (93%)
----------------- Invoking toplevel() on ptolemy.moml.MoMLSimpleApplication@5ad552fa
----------------- Done invoking toplevel() on ptolemy.moml.MoMLSimpleApplication@5ad552fa
reloadAllAccessors: .DECGMath

===========================================================================================
----------------- testing Fri Jan 18 03:25:22 UTC 2019 /home/travis/build/icyphy/ptII/ptolemy/cg/lib/test/auto/DECGPi.xml
----------------- Instantiating /home/travis/build/icyphy/ptII/ptolemy/cg/lib/test/auto/DECGPi.xml
77 ms. Memory: 208896K Free: 179875K (86%)
----------------- Invoking toplevel() on ptolemy.moml.MoMLSimpleApplication@6cd0d9f3
----------------- Done invoking toplevel() on ptolemy.moml.MoMLSimpleApplication@6cd0d9f3
reloadAllAccessors: .DECGPi

===========================================================================================
----------------- testing Fri Jan 18 03:25:23 UTC 2019 /home/travis/build/icyphy/ptII/ptolemy/cg/lib/test/auto/DECGPiSquare.xml
----------------- Instantiating /home/travis/build/icyphy/ptII/ptolemy/cg/lib/test/auto/DECGPiSquare.xml
174 ms. Memory: 208896K Free: 165595K (79%)
----------------- Invoking toplevel() on ptolemy.moml.MoMLSimpleApplication@4bedb040
----------------- Done invoking toplevel() on ptolemy.moml.MoMLSimpleApplication@4bedb040
reloadAllAccessors: .DECGPiSquare

===========================================================================================
----------------- testing Fri Jan 18 03:25:23 UTC 2019 /home/travis/build/icyphy/ptII/ptolemy/cg/lib/test/auto/DECGPoisson.xml
----------------- Instantiating /home/travis/build/icyphy/ptII/ptolemy/cg/lib/test/auto/DECGPoisson.xml
4 ms. Memory: 208896K Free: 161208K (77%)
----------------- Invoking toplevel() on ptolemy.moml.MoMLSimpleApplication@feb158d
----------------- Done invoking toplevel() on ptolemy.moml.MoMLSimpleApplication@feb158d
reloadAllAccessors: .DECGPoisson

===========================================================================================
----------------- testing Fri Jan 18 03:25:23 UTC 2019 /home/travis/build/icyphy/ptII/ptolemy/cg/lib/test/auto/JavaCompiledCompositeActor5.xml
----------------- Instantiating /home/travis/build/icyphy/ptII/ptolemy/cg/lib/test/auto/JavaCompiledCompositeActor5.xml
CompiledCompositeActor: Building shared object: No effigy.  This can happen when CodeGenerator.generateCode() is called from within the test suite.  The code will be recompiled.
Writing CompiledCompositeActor_CompiledCompositeActor.java in file:/home/travis/cg/ (13466 characters)
Reading "ptolemy/cg/kernel/generic/program/procedural/java/makefile.in",
    writing "/home/travis/cg/CompiledCompositeActor_CompiledCompositeActor.mk"
Using ptolemy/cg/kernel/generic/program/procedural/java/makefile.in
In "/home/travis/cg", about to execute:
    make -f CompiledCompositeActor_CompiledCompositeActor.mk
javac -classpath ".:."    CompiledCompositeActor_CompiledCompositeActor.java
All Done
885 ms. Memory: 208896K Free: 122188K (58%)
----------------- Invoking toplevel() on ptolemy.moml.MoMLSimpleApplication@675996d7
----------------- Done invoking toplevel() on ptolemy.moml.MoMLSimpleApplication@675996d7
reloadAllAccessors: .CompiledCompositeActor

===========================================================================================
----------------- testing Fri Jan 18 03:25:24 UTC 2019 /home/travis/build/icyphy/ptII/ptolemy/cg/lib/test/auto/JavaCompiledCompositeTest1.xml
----------------- Instantiating /home/travis/build/icyphy/ptII/ptolemy/cg/lib/test/auto/JavaCompiledCompositeTest1.xml
CompiledCompositeActor: Building shared object: The sharedObjectFile has a modification time that is earlier than the modelFile modification time.
Writing JavaCompiledCompositeTest1_CompiledCompositeActor.java in file:/home/travis/cg/ (11637 characters)
Reading "ptolemy/cg/kernel/generic/program/procedural/java/makefile.in",
    writing "/home/travis/cg/JavaCompiledCompositeTest1_CompiledCompositeActor.mk"
Using ptolemy/cg/kernel/generic/program/procedural/java/makefile.in
In "/home/travis/cg", about to execute:
    make -f JavaCompiledCompositeTest1_CompiledCompositeActor.mk
javac -classpath ".:."    JavaCompiledCompositeTest1_CompiledCompositeActor.java
All Done
863 ms. Memory: 208896K Free: 92449K (44%)
----------------- Invoking toplevel() on ptolemy.moml.MoMLSimpleApplication@6a2b89f7
----------------- Done invoking toplevel() on ptolemy.moml.MoMLSimpleApplication@6a2b89f7
reloadAllAccessors: .JavaCompiledCompositeTest1

===========================================================================================
----------------- testing Fri Jan 18 03:25:25 UTC 2019 /home/travis/build/icyphy/ptII/ptolemy/cg/lib/test/auto/JavaCompiledCompositeTest2.xml
----------------- Instantiating /home/travis/build/icyphy/ptII/ptolemy/cg/lib/test/auto/JavaCompiledCompositeTest2.xml
CompiledCompositeActor: Building shared object: The sharedObjectFile has a modification time that is earlier than the modelFile modification time.
Writing JavaCompiledCompositeTest2_CompiledCompositeActor.java in file:/home/travis/cg/ (14919 characters)
Reading "ptolemy/cg/kernel/generic/program/procedural/java/makefile.in",
    writing "/home/travis/cg/JavaCompiledCompositeTest2_CompiledCompositeActor.mk"
Using ptolemy/cg/kernel/generic/program/procedural/java/makefile.in
In "/home/travis/cg", about to execute:
    make -f JavaCompiledCompositeTest2_CompiledCompositeActor.mk
javac -classpath ".:."    JavaCompiledCompositeTest2_CompiledCompositeActor.java
All Done
881 ms. Memory: 208896K Free: 167746K (80%)
----------------- Invoking toplevel() on ptolemy.moml.MoMLSimpleApplication@69d931a1
----------------- Done invoking toplevel() on ptolemy.moml.MoMLSimpleApplication@69d931a1
reloadAllAccessors: .JavaCompiledCompositeTest2

===========================================================================================
----------------- testing Fri Jan 18 03:25:26 UTC 2019 /home/travis/build/icyphy/ptII/ptolemy/cg/lib/test/auto/JavaCompiledCompositeTest3.xml
----------------- Instantiating /home/travis/build/icyphy/ptII/ptolemy/cg/lib/test/auto/JavaCompiledCompositeTest3.xml
CompiledCompositeActor: Building shared object: The sharedObjectFile has a modification time that is earlier than the modelFile modification time.
Writing JavaCompiledCompositeTest3_CompiledCompositeActor.java in file:/home/travis/cg/ (13080 characters)
Reading "ptolemy/cg/kernel/generic/program/procedural/java/makefile.in",
    writing "/home/travis/cg/JavaCompiledCompositeTest3_CompiledCompositeActor.mk"
Using ptolemy/cg/kernel/generic/program/procedural/java/makefile.in
In "/home/travis/cg", about to execute:
    make -f JavaCompiledCompositeTest3_CompiledCompositeActor.mk
javac -classpath ".:."    JavaCompiledCompositeTest3_CompiledCompositeActor.java
All Done
851 ms. Memory: 208896K Free: 131536K (63%)
----------------- Invoking toplevel() on ptolemy.moml.MoMLSimpleApplication@5ba09365
----------------- Done invoking toplevel() on ptolemy.moml.MoMLSimpleApplication@5ba09365
reloadAllAccessors: .JavaCompiledCompositeTest3

===========================================================================================
----------------- testing Fri Jan 18 03:25:26 UTC 2019 /home/travis/build/icyphy/ptII/ptolemy/cg/lib/test/auto/JavaCompiledCompositeTest4.xml
----------------- Instantiating /home/travis/build/icyphy/ptII/ptolemy/cg/lib/test/auto/JavaCompiledCompositeTest4.xml
CompiledCompositeActor: Building shared object: The sharedObjectFile has a modification time that is earlier than the modelFile modification time.
Writing JavaCompiledCompositeTest4_CompiledCompositeActor.java in file:/home/travis/cg/ (9687 characters)
Reading "ptolemy/cg/kernel/generic/program/procedural/java/makefile.in",
    writing "/home/travis/cg/JavaCompiledCompositeTest4_CompiledCompositeActor.mk"
Using ptolemy/cg/kernel/generic/program/procedural/java/makefile.in
In "/home/travis/cg", about to execute:
    make -f JavaCompiledCompositeTest4_CompiledCompositeActor.mk
javac -classpath ".:."    JavaCompiledCompositeTest4_CompiledCompositeActor.java
All Done
830 ms. Memory: 208896K Free: 106115K (51%)
----------------- Invoking toplevel() on ptolemy.moml.MoMLSimpleApplication@7c649140
----------------- Done invoking toplevel() on ptolemy.moml.MoMLSimpleApplication@7c649140
reloadAllAccessors: .JavaCompiledCompositeTest4

===========================================================================================
----------------- testing Fri Jan 18 03:25:27 UTC 2019 /home/travis/build/icyphy/ptII/ptolemy/cg/lib/test/auto/ModularCG.xml
----------------- Instantiating /home/travis/build/icyphy/ptII/ptolemy/cg/lib/test/auto/ModularCG.xml
In "/home/travis/cg", about to execute:
    pwd
In "/home/travis/cg", about to execute:
    ls -l
/home/travis/cg
In "/home/travis/cg", about to execute:
    javac -classpath
.:/home/travis/build/icyphy/ptII:/home/travis/build/icyphy/ptII/lib/bsh-2.0b4.j
ar:/home/travis/build/icyphy/ptII/lib/ptCal.jar:/home/travis/build/icyphy/ptII/
lib/java_cup.jar:/home/travis/build/icyphy/ptII/lib/saxon8.jar:/home/travis/bui
ld/icyphy/ptII/lib/saxon8-dom.jar:/home/travis/build/icyphy/ptII/lib/chic.jar:/
home/travis/build/icyphy/ptII/lib/ptcolt.jar:/usr/lib/jvm/java-8-oracle/lib/too
ls.jar:/usr/lib/eclipse/plugins/org.eclipse.jdt.core_3.8.2.dist.jar:/usr/lib/ec
lipse/plugins/org.eclipse.core.runtime_3.8.0.dist.jar:/usr/lib/eclipse/plugins/
org.eclipse.osgi_3.8.1.dist.jar:/usr/lib/eclipse/plugins/org.eclipse.core.resou
rces_3.8.1.dist.jar:/usr/lib/eclipse/plugins/org.eclipse.equinox.common_3.6.100
.dist.jar:/usr/lib/eclipse/plugins/org.eclipse.core.jobs_3.5.200.dist.jar:/usr/
lib/eclipse/plugins/org.eclipse.core.contenttype_3.4.200.dist.jar:/usr/lib/ecli
pse/plugins/org.eclipse.equinox.preferences_3.5.0.dist.jar:/usr/lib/eclipse/plu
gins/org.eclipse.text_3.5.200.dist.jar:/usr/lib/eclipse/plugins/org.eclipse.ui.
workbench_3.8.1.dist.jar:/usr/lib/eclipse/plugins/org.eclipse.jface_3.8.0.dist.
jar:/usr/lib/eclipse/plugins/org.eclipse.swt_3.8.2.jar:/usr/lib/eclipse/plugins
/org.eclipse.jface.text_3.8.1.dist.jar:/usr/lib/eclipse/plugins/org.eclipse.ui.
workbench.texteditor_3.8.0.dist.jar:/usr/lib/eclipse/plugins/org.eclipse.ui.edi
tors_3.8.0.dist.jar:/usr/lib/eclipse/plugins/org.eclipse.core.commands_3.6.1.di
st.jar:/usr/lib/eclipse/plugins/org.eclipse.equinox.registry_3.5.200.dist.jar:/
usr/lib/eclipse/plugins/org.eclipse.ui.console_3.5.100.dist.jar:/usr/lib/eclips
e/plugins/org.eclipse.ui.forms_3.5.200.dist.jar:/usr/lib/eclipse/plugins/org.ec
lipse.ui.ide_3.8.1.dist.jar:/home/travis/build/icyphy/ptII/vendors/oracle/dbxml
.jar:/home/travis/build/icyphy/ptII/vendors/oracle/db.jar:/home/travis/build/ic
yphy/ptII/vendors/misc/itext/iText.jar:/home/travis/build/icyphy/ptII/lib/g4ltl
.jar:/home/travis/build/icyphy/ptII/lib/StructuralCoder.jar:/home/travis/build/
icyphy/ptII/lib/org-openide-util.jar:/home/travis/build/icyphy/ptII/lib/org-ope
nide-util-lookup.jar:/home/travis/build/icyphy/ptII/lib/org-netbeans-api-visual
.jar:/home/travis/build/icyphy/ptII/vendors/jai-1_1_2_01/lib/jai_core.jar:/home
/travis/build/icyphy/ptII/vendors/jai-1_1_2_01/lib/jai_codec.jar:/home/travis/b
uild/icyphy/ptII/lib/jcerti.jar:/home/travis/build/icyphy/ptII/lib/smack.jar:/h
ome/travis/build/icyphy/ptII/lib/smackx.jar:/home/travis/build/icyphy/ptII/lib/
jetty-all-8.1.5-v20120716.jar:/home/travis/build/icyphy/ptII/lib/javax.servlet-
api-3.0.1.jar:/home/travis/build/icyphy/ptII/lib/javax.mail.jar:/home/travis/bu
ild/icyphy/ptII/vendors/JMF-2.1.1e/lib/jmf.jar:/home/travis/build/icyphy/ptII/l
ib/jna-4.0.0-variadic.jar:/home/travis/build/icyphy/ptII/vendors/misc/joystick/
Joystick.jar:/home/travis/build/icyphy/ptII/lib/ptjacl.jar:/home/travis/build/i
cyphy/ptII/lib/jsoup-1.8.2.jar:/home/travis/build/icyphy/ptII/lib/junit-4.8.2.j
ar:/home/travis/build/icyphy/ptII/lib/JUnitParams-0.4.0.jar:/home/travis/build/
icyphy/ptII/ptolemy/actor/lib/excel/jxl.jar:/home/travis/build/icyphy/ptII/lib/
jython.jar:/home/travis/build/icyphy/ptII/lib/kieler.jar:/home/travis/build/icy
phy/ptII/vendors/opencv/share/OpenCV/java/opencv-341.jar:/home/travis/build/icy
phy/ptII/lib/oscP5.jar:/home/travis/build/icyphy/ptII/lib/nrjavaserial-3.11.0.d
evel.jar:/home/travis/build/icyphy/ptII/vendors/j3d/lib/j3dcore.jar:/home/travi
s/build/icyphy/ptII/vendors/j3d/lib/j3dutils.jar:/home/travis/build/icyphy/ptII
/vendors/j3d/lib/vecmath.jar:/home/travis/build/icyphy/ptII/ptolemy/distributed
/jini/jar/jini-core.jar:/home/travis/build/icyphy/ptII/ptolemy/distributed/jini
/jar/jini-ext.jar:/home/travis/build/icyphy/ptII/ptolemy/distributed/jini/jar/s
un-util.jar:/home/travis/build/icyphy/ptII/lib/protobuf-java-2.4.1.jar:/home/tr
avis/build/icyphy/ptII/lib/org.eclipse.paho.client.mqttv3.jar:/home/travis/buil
d/icyphy/ptII/ptserver/lib/hessian-4.0.7.jar:/home/travis/build/icyphy/ptII/pts
erver/lib/wmqtt.jar:/home/travis/build/icyphy/ptII/lib/mapss.jar:/home/travis/b
uild/icyphy/ptII/ptolemy/actor/ptalon/antlr/antlr.jar:/home/travis/build/icyphy
/ptII/lib/JRI.jar:/home/travis/build/icyphy/ptII/lib/commons-lang-2.6.jar:/home
/travis/build/icyphy/ptII/lib/commons-logging-1.1.1.jar:/home/travis/build/icyp
hy/ptII/lib/sootclasses.jar:/home/travis/build/icyphy/ptII/ptolemy/actor/lib/da
tabase/mysql-connector-java-5.1.6-bin.jar:/home/travis/build/icyphy/ptII/vendor
s/misc/sphinx4/sphinx4-data-5prealpha.jar:/home/travis/build/icyphy/ptII/vendor
s/misc/sphinx4/sphinx4-core-5prealpha.jar:/home/travis/build/icyphy/ptII/lib/PD
FRenderer.jar:/home/travis/build/icyphy/ptII/lib/svgSalamander.jar:/home/travis
/build/icyphy/ptII/lib/rsyntaxtextarea-2.6.0-SNAPSHOT.jar:/home/travis/build/ic
yphy/ptII/lib/hazelcast-3.8.2.jar:/home/travis/build/icyphy/ptII/lib/jackson-an
notations-2.9.0.jar:/home/travis/build/icyphy/ptII/lib/jackson-core-2.9.3.jar:/
home/travis/build/icyphy/ptII/lib/jackson-databind-2.9.3.jar:/home/travis/build
/icyphy/ptII/lib/netty-buffer-4.1.19.Final.jar:/home/travis/build/icyphy/ptII/l
ib/netty-codec-4.1.19.Final.jar:/home/travis/build/icyphy/ptII/lib/netty-codec-
dns-4.1.19.Final.jar:/home/travis/build/icyphy/ptII/lib/netty-codec-http-4.1.19
.Final.jar:/home/travis/build/icyphy/ptII/lib/netty-codec-http2-4.1.19.Final.ja
r:/home/travis/build/icyphy/ptII/lib/netty-common-4.1.19.Final.jar:/home/travis
/build/icyphy/ptII/lib/netty-handler-4.1.19.Final.jar:/home/travis/build/icyphy
/ptII/lib/netty-resolver-4.1.19.Final.jar:/home/travis/build/icyphy/ptII/lib/ne
tty-resolver-dns-4.1.19.Final.jar:/home/travis/build/icyphy/ptII/lib/netty-tran
sport-4.1.19.Final.jar:/home/travis/build/icyphy/ptII/lib/vertx-codegen-3.5.1.j
ar:/home/travis/build/icyphy/ptII/lib/vertx-core-3.5.2-SNAPSHOT.jar:/home/travi
s/build/icyphy/ptII/lib/vertx-hazelcast-3.5.1.jar:/home/travis/build/icyphy/ptI
I/lib/vertx-lang-js-3.5.1.jar:/home/travis/build/icyphy/ptII/lib/vertx-service-
proxy-3.5.1.jar:/home/travis/build/icyphy/ptII/lib/vertx-web-3.5.1.jar:/home/tr
avis/build/icyphy/ptII/lib/slf4j-api-1.7.13.jar:/home/travis/build/icyphy/ptII/
lib/slf4j-simple-1.7.13.jar:/home/travis/build/icyphy/ptII/lib/webcam-capture-0
.3.12.jar:/home/travis/build/icyphy/ptII/lib/bridj-0.7.0.jar:/home/travis/build
/icyphy/ptII/lib/xbjlib-1.1.0.nrjavaserial.jar:/home/travis/build/icyphy/ptII/p
tolemy/moml/test:/home/travis/build/icyphy/ptII/ant/lib/ant-launcher.jar:/home/
travis/build/icyphy/ptII/ant/lib/ant.jar:/home/travis/build/icyphy/ptII/ant/lib
/ant-junit.jar:/home/travis/build/icyphy/ptII/ant/lib/ant-junit4.jar:/home/trav
is/build/icyphy/ptII ModularCG_A1_B1_profile.java
total 1020
drwxrwxr-x   3 travis travis 12288 Jan 18 03:20 AbsoluteValue
drwxrwxr-x   3 travis travis 16384 Jan 18 03:20 Case1
drwxrwxr-x   3 travis travis 32768 Jan 18 03:20 Case2
-rw-rw-r--   1 travis travis  4895 Jan 18 03:25 CompiledCompositeActor_CompiledCompositeActor.class
-rw-rw-r--   1 travis travis  1592 Jan 18 03:25 CompiledCompositeActor_CompiledCompositeActor$_CompiledCompositeActor_CompiledCompositeActor.class
-rw-rw-r--   1 travis travis 13466 Jan 18 03:25 CompiledCompositeActor_CompiledCompositeActor.java
-rw-rw-r--   1 travis travis  1593 Jan 18 03:25 CompiledCompositeActor_CompiledCompositeActor.mk
drwxrwxr-x   3 travis travis 24576 Jan 18 03:23 DeScrambler
drwxrwxr-x   3 travis travis 16384 Jan 18 03:24 DotProduct
drwxrwxr-x   3 travis travis 12288 Jan 18 03:21 FileWriter1
drwxrwxr-x   3 travis travis 20480 Jan 18 03:20 FixToDoubleAndBack
drwxrwxr-x   3 travis travis 16384 Jan 18 03:21 Gaussian1
drwxrwxr-x   3 travis travis 20480 Jan 18 03:21 Gaussian2
-rw-rw-r--   1 travis travis  4457 Jan 18 03:25 JavaCompiledCompositeTest1_CompiledCompositeActor.class
-rw-rw-r--   1 travis travis 11637 Jan 18 03:25 JavaCompiledCompositeTest1_CompiledCompositeActor.java
-rw-rw-r--   1 travis travis  1198 Jan 18 03:25 JavaCompiledCompositeTest1_CompiledCompositeActor$_JavaCompiledCompositeTest1_CompiledCompositeActor.class
-rw-rw-r--   1 travis travis  1625 Jan 18 03:25 JavaCompiledCompositeTest1_CompiledCompositeActor.mk
-rw-rw-r--   1 travis travis  4888 Jan 18 03:25 JavaCompiledCompositeTest2_CompiledCompositeActor.class
-rw-rw-r--   1 travis travis 14919 Jan 18 03:25 JavaCompiledCompositeTest2_CompiledCompositeActor.java
-rw-rw-r--   1 travis travis  1793 Jan 18 03:25 JavaCompiledCompositeTest2_CompiledCompositeActor$_JavaCompiledCompositeTest2_CompiledCompositeActor.class
-rw-rw-r--   1 travis travis  1625 Jan 18 03:25 JavaCompiledCompositeTest2_CompiledCompositeActor.mk
-rw-rw-r--   1 travis travis  4505 Jan 18 03:25 JavaCompiledCompositeTest3_CompiledCompositeActor.class
-rw-rw-r--   1 travis travis 13080 Jan 18 03:25 JavaCompiledCompositeTest3_CompiledCompositeActor.java
-rw-rw-r--   1 travis travis  1378 Jan 18 03:25 JavaCompiledCompositeTest3_CompiledCompositeActor$_JavaCompiledCompositeTest3_CompiledCompositeActor.class
-rw-rw-r--   1 travis travis  1625 Jan 18 03:25 JavaCompiledCompositeTest3_CompiledCompositeActor.mk
-rw-rw-r--   1 travis travis  3953 Jan 18 03:25 JavaCompiledCompositeTest4_CompiledCompositeActor.class
-rw-rw-r--   1 travis travis  9687 Jan 18 03:25 JavaCompiledCompositeTest4_CompiledCompositeActor.java
-rw-rw-r--   1 travis travis   857 Jan 18 03:25 JavaCompiledCompositeTest4_CompiledCompositeActor$_JavaCompiledCompositeTest4_CompiledCompositeActor.class
-rw-rw-r--   1 travis travis  1625 Jan 18 03:25 JavaCompiledCompositeTest4_CompiledCompositeActor.mk
drwxrwxr-x   3 travis travis 12288 Jan 18 03:21 LookupTable
drwxrwxr-x   3 travis travis 20480 Jan 18 03:21 MaxIndex
-rw-rw-r--   1 travis travis  1262 Jan 18 03:25 ModularCG_A1_B1_profile.java
-rw-rw-r--   1 travis travis  3492 Jan 18 03:25 ModularCodeGenTest_A1_A2.class
-rw-rw-r--   1 travis travis   904 Jan 18 03:25 ModularCodeGenTest_A1_A2.mk
-rw-rw-r--   1 travis travis  1306 Jan 18 03:25 ModularCodeGenTest_A1_A2_profile.class
-rw-rw-r--   1 travis travis  9968 Jan 18 03:25 ModularCodeGenTest_A1.java
-rw-rw-r--   1 travis travis   880 Jan 18 03:25 ModularCodeGenTest_A1.mk
drwxrwxr-x   3 travis travis 36864 Jan 18 03:25 modulation2
drwxrwxr-x   3 travis travis 20480 Jan 18 03:21 Multiplexor
drwxrwxr-x 249 travis travis 12288 Jan 18 03:25 node_modules
drwxrwxr-x   3 travis travis 20480 Jan 18 03:22 PhaseUnwrap
-rw-rw-r--   1 travis travis   520 Jan 18 03:25 Repeat$_fireFunction_Repeat_Repeat$__f_sL_0.class
-rw-rw-r--   1 travis travis   522 Jan 18 03:25 Repeat$_fireFunction_Repeat_Repeat$__f_sL_10.class
-rw-rw-r--   1 travis travis   666 Jan 18 03:25 Repeat$_fireFunction_Repeat_Repeat$__f_sL_11.class
-rw-rw-r--   1 travis travis   522 Jan 18 03:25 Repeat$_fireFunction_Repeat_Repeat$__f_sL_13.class
-rw-rw-r--   1 travis travis   665 Jan 18 03:25 Repeat$_fireFunction_Repeat_Repeat$__f_sL_1.class
-rw-rw-r--   1 travis travis   520 Jan 18 03:25 Repeat$_fireFunction_Repeat_Repeat$__f_sL_2.class
-rw-rw-r--   1 travis travis   520 Jan 18 03:25 Repeat$_fireFunction_Repeat_Repeat$__f_sL_3.class
-rw-rw-r--   1 travis travis   520 Jan 18 03:25 Repeat$_fireFunction_Repeat_Repeat$__f_sL_5.class
-rw-rw-r--   1 travis travis   671 Jan 18 03:25 Repeat$_fireFunction_Repeat_Repeat$__f_sL_7.class
-rw-rw-r--   1 travis travis   520 Jan 18 03:25 Repeat$_fireFunction_Repeat_Repeat$__f_sL_9.class
-rw-rw-r--   1 travis travis   813 Jan 18 03:25 Repeat$_initialize_Repeat.class
-rw-rw-r--   1 travis travis   475 Jan 18 03:25 Repeat$_initialize_Repeat$__i_sL_0.class
-rw-rw-r--   1 travis travis   519 Jan 18 03:25 Repeat$_initialize_Repeat$__i_sL_3.class
-rw-rw-r--   1 travis travis 39778 Jan 18 03:25 Repeat.java
-rw-rw-r--   1 travis travis  1281 Jan 18 03:25 Repeat.mk
-rw-rw-r--   1 travis travis   520 Jan 18 03:25 Repeat$_preinitializeMethod_Repeat$__p_sL_0.class
-rw-rw-r--   1 travis travis   520 Jan 18 03:25 Repeat$_preinitializeMethod_Repeat$__p_sL_1.class
-rw-rw-r--   1 travis travis  1083 Jan 18 03:25 Repeat$_Repeat$_fireFunction_Repeat_AddSubtract_Repeat.class
-rw-rw-r--   1 travis travis   791 Jan 18 03:25 Repeat$_Repeat$_fireFunction_Repeat_AddSubtract_Repeat$__f_sL_0.class
-rw-rw-r--   1 travis travis   909 Jan 18 03:25 Repeat$_Repeat$_fireFunction_Repeat_AddSubtract_Repeat$__f_sL_1.class
-rw-rw-r--   1 travis travis   915 Jan 18 03:25 Repeat$_Repeat$_fireFunction_Repeat_AddSubtract_Repeat$__f_sL_2.class
-rw-rw-r--   1 travis travis   838 Jan 18 03:25 Repeat$_Repeat$_fireFunction_Repeat_Ramp2_Repeat$__f_sL_1.class
-rw-rw-r--   1 travis travis  1785 Jan 18 03:25 Repeat$_Repeat$_fireFunction_Repeat_Test_Repeat$__f_sL_2.class
-rw-rw-r--   1 travis travis   685 Jan 18 03:25 Repeat$_Repeat_SDF_Director_run_Repeat$__R_sL_0.class
-rw-rw-r--   1 travis travis   540 Jan 18 03:25 Repeat$_Repeat_SDF_Director_run_Repeat$__R_sL_1.class
-rw-rw-r--   1 travis travis   540 Jan 18 03:25 Repeat$_Repeat_SDF_Director_run_Repeat$__R_sL_2.class
-rw-rw-r--   1 travis travis   540 Jan 18 03:25 Repeat$_Repeat_SDF_Director_run_Repeat$__R_sL_4.class
-rw-rw-r--   1 travis travis   540 Jan 18 03:25 Repeat$_Repeat_SDF_Director_run_Repeat$__R_sL_5.class
-rw-rw-r--   1 travis travis   691 Jan 18 03:25 Repeat$_Repeat_SDF_Director_run_Repeat$__R_sL_6.class
-rw-rw-r--   1 travis travis   540 Jan 18 03:25 Repeat$_Repeat_SDF_Director_run_Repeat$__R_sL_7.class
-rw-rw-r--   1 travis travis   863 Jan 18 03:25 Repeat$_varinit_Repeat.class
-rw-rw-r--   1 travis travis   530 Jan 18 03:25 Repeat$_varinit_Repeat$__v_sL_1.class
-rw-rw-r--   1 travis travis   531 Jan 18 03:25 Repeat$_varinit_Repeat$__v_sL_2.class
-rw-rw-r--   1 travis travis   905 Jan 18 03:25 Repeat$_varinit_Repeat$__v_sL_4.class
-rw-rw-r--   1 travis travis   635 Jan 18 03:25 Repeat$_wrapup_Repeat.class
-rw-rw-r--   1 travis travis   965 Jan 18 03:25 Repeat$_wrapup_Repeat$__w_sL_1.class
-rw-rw-r--   1 travis travis   289 Jan 18 03:19 result.csv
drwxrwxr-x   3 travis travis 12288 Jan 18 03:23 Scrambler1
drwxrwxr-x   3 travis travis 20480 Jan 18 03:22 Sinewave2
drwxrwxr-x   3 travis travis 69632 Jan 18 03:23 StringCompare
drwxrwxr-x   3 travis travis 32768 Jan 18 03:23 StringFunction
drwxrwxr-x   3 travis travis 12288 Jan 18 03:23 StringLength
drwxrwxr-x   3 travis travis 57344 Jan 18 03:24 StringSimpleReplace
drwxrwxr-x   3 travis travis 12288 Jan 18 03:24 time2
drwxrwxr-x   3 travis travis 12288 Jan 18 03:25 time5
-rw-rw-r--   1 travis travis   432 Jan 18 03:25 Token.class
-rw-rw-r--   1 travis travis   251 Jan 18 03:25 Token.java
-rw-rw-r--   1 travis travis     0 Jan 18 03:25 top.
-rw-rw-r--   1 travis travis 20502 Jan 18 03:19 top.c
-rw-rw-r--   1 travis travis  3567 Jan 18 03:25 top.class
-rw-rw-r--   1 travis travis   169 Jan 18 03:19 top.html
-rw-rw-r--   1 travis travis  7552 Jan 18 03:25 top.java
-rw-rw-r--   1 travis travis 38888 Jan 18 03:19 top.o
drwxrwxr-x   3 travis travis 57344 Jan 18 03:22 UnaryMathFunction
warning: Supported source version 'RELEASE_6' from annotation processor 'org.netbeans.modules.openide.util.NbBundleProcessor' less than -source '1.8'
warning: Supported source version 'RELEASE_6' from annotation processor 'org.netbeans.modules.openide.util.URLStreamHandlerRegistrationProcessor' less than -source '1.8'
warning: Supported source version 'RELEASE_6' from annotation processor 'org.netbeans.modules.openide.util.ServiceProviderProcessor' less than -source '1.8'
3 warnings
All Done
Writing ModularCG_A1_B1.java in file:/home/travis/cg/ (9730 characters)
Reading "ptolemy/cg/kernel/generic/program/procedural/java/modular/makefile.in",
    writing "/home/travis/cg/ModularCG_A1_B1.mk"
Using ptolemy/cg/kernel/generic/program/procedural/java/modular/makefile.in
In "/home/travis/cg", about to execute:
    make -f ModularCG_A1_B1.mk
javac -classpath ".:.."    ModularCG_A1_B1.java
All Done
In "/home/travis/cg", about to execute:
    pwd
In "/home/travis/cg", about to execute:
    ls -l
/home/travis/cg
In "/home/travis/cg", about to execute:
    javac -classpath
.:/home/travis/build/icyphy/ptII:/home/travis/build/icyphy/ptII/lib/bsh-2.0b4.j
ar:/home/travis/build/icyphy/ptII/lib/ptCal.jar:/home/travis/build/icyphy/ptII/
lib/java_cup.jar:/home/travis/build/icyphy/ptII/lib/saxon8.jar:/home/travis/bui
ld/icyphy/ptII/lib/saxon8-dom.jar:/home/travis/build/icyphy/ptII/lib/chic.jar:/
home/travis/build/icyphy/ptII/lib/ptcolt.jar:/usr/lib/jvm/java-8-oracle/lib/too
ls.jar:/usr/lib/eclipse/plugins/org.eclipse.jdt.core_3.8.2.dist.jar:/usr/lib/ec
lipse/plugins/org.eclipse.core.runtime_3.8.0.dist.jar:/usr/lib/eclipse/plugins/
org.eclipse.osgi_3.8.1.dist.jar:/usr/lib/eclipse/plugins/org.eclipse.core.resou
rces_3.8.1.dist.jar:/usr/lib/eclipse/plugins/org.eclipse.equinox.common_3.6.100
.dist.jar:/usr/lib/eclipse/plugins/org.eclipse.core.jobs_3.5.200.dist.jar:/usr/
lib/eclipse/plugins/org.eclipse.core.contenttype_3.4.200.dist.jar:/usr/lib/ecli
pse/plugins/org.eclipse.equinox.preferences_3.5.0.dist.jar:/usr/lib/eclipse/plu
gins/org.eclipse.text_3.5.200.dist.jar:/usr/lib/eclipse/plugins/org.eclipse.ui.
workbench_3.8.1.dist.jar:/usr/lib/eclipse/plugins/org.eclipse.jface_3.8.0.dist.
jar:/usr/lib/eclipse/plugins/org.eclipse.swt_3.8.2.jar:/usr/lib/eclipse/plugins
/org.eclipse.jface.text_3.8.1.dist.jar:/usr/lib/eclipse/plugins/org.eclipse.ui.
workbench.texteditor_3.8.0.dist.jar:/usr/lib/eclipse/plugins/org.eclipse.ui.edi
tors_3.8.0.dist.jar:/usr/lib/eclipse/plugins/org.eclipse.core.commands_3.6.1.di
st.jar:/usr/lib/eclipse/plugins/org.eclipse.equinox.registry_3.5.200.dist.jar:/
usr/lib/eclipse/plugins/org.eclipse.ui.console_3.5.100.dist.jar:/usr/lib/eclips
e/plugins/org.eclipse.ui.forms_3.5.200.dist.jar:/usr/lib/eclipse/plugins/org.ec
lipse.ui.ide_3.8.1.dist.jar:/home/travis/build/icyphy/ptII/vendors/oracle/dbxml
.jar:/home/travis/build/icyphy/ptII/vendors/oracle/db.jar:/home/travis/build/ic
yphy/ptII/vendors/misc/itext/iText.jar:/home/travis/build/icyphy/ptII/lib/g4ltl
.jar:/home/travis/build/icyphy/ptII/lib/StructuralCoder.jar:/home/travis/build/
icyphy/ptII/lib/org-openide-util.jar:/home/travis/build/icyphy/ptII/lib/org-ope
nide-util-lookup.jar:/home/travis/build/icyphy/ptII/lib/org-netbeans-api-visual
.jar:/home/travis/build/icyphy/ptII/vendors/jai-1_1_2_01/lib/jai_core.jar:/home
/travis/build/icyphy/ptII/vendors/jai-1_1_2_01/lib/jai_codec.jar:/home/travis/b
uild/icyphy/ptII/lib/jcerti.jar:/home/travis/build/icyphy/ptII/lib/smack.jar:/h
ome/travis/build/icyphy/ptII/lib/smackx.jar:/home/travis/build/icyphy/ptII/lib/
jetty-all-8.1.5-v20120716.jar:/home/travis/build/icyphy/ptII/lib/javax.servlet-
api-3.0.1.jar:/home/travis/build/icyphy/ptII/lib/javax.mail.jar:/home/travis/bu
ild/icyphy/ptII/vendors/JMF-2.1.1e/lib/jmf.jar:/home/travis/build/icyphy/ptII/l
ib/jna-4.0.0-variadic.jar:/home/travis/build/icyphy/ptII/vendors/misc/joystick/
Joystick.jar:/home/travis/build/icyphy/ptII/lib/ptjacl.jar:/home/travis/build/i
cyphy/ptII/lib/jsoup-1.8.2.jar:/home/travis/build/icyphy/ptII/lib/junit-4.8.2.j
ar:/home/travis/build/icyphy/ptII/lib/JUnitParams-0.4.0.jar:/home/travis/build/
icyphy/ptII/ptolemy/actor/lib/excel/jxl.jar:/home/travis/build/icyphy/ptII/lib/
jython.jar:/home/travis/build/icyphy/ptII/lib/kieler.jar:/home/travis/build/icy
phy/ptII/vendors/opencv/share/OpenCV/java/opencv-341.jar:/home/travis/build/icy
phy/ptII/lib/oscP5.jar:/home/travis/build/icyphy/ptII/lib/nrjavaserial-3.11.0.d
evel.jar:/home/travis/build/icyphy/ptII/vendors/j3d/lib/j3dcore.jar:/home/travi
s/build/icyphy/ptII/vendors/j3d/lib/j3dutils.jar:/home/travis/build/icyphy/ptII
/vendors/j3d/lib/vecmath.jar:/home/travis/build/icyphy/ptII/ptolemy/distributed
/jini/jar/jini-core.jar:/home/travis/build/icyphy/ptII/ptolemy/distributed/jini
/jar/jini-ext.jar:/home/travis/build/icyphy/ptII/ptolemy/distributed/jini/jar/s
un-util.jar:/home/travis/build/icyphy/ptII/lib/protobuf-java-2.4.1.jar:/home/tr
avis/build/icyphy/ptII/lib/org.eclipse.paho.client.mqttv3.jar:/home/travis/buil
d/icyphy/ptII/ptserver/lib/hessian-4.0.7.jar:/home/travis/build/icyphy/ptII/pts
erver/lib/wmqtt.jar:/home/travis/build/icyphy/ptII/lib/mapss.jar:/home/travis/b
uild/icyphy/ptII/ptolemy/actor/ptalon/antlr/antlr.jar:/home/travis/build/icyphy
/ptII/lib/JRI.jar:/home/travis/build/icyphy/ptII/lib/commons-lang-2.6.jar:/home
/travis/build/icyphy/ptII/lib/commons-logging-1.1.1.jar:/home/travis/build/icyp
hy/ptII/lib/sootclasses.jar:/home/travis/build/icyphy/ptII/ptolemy/actor/lib/da
tabase/mysql-connector-java-5.1.6-bin.jar:/home/travis/build/icyphy/ptII/vendor
s/misc/sphinx4/sphinx4-data-5prealpha.jar:/home/travis/build/icyphy/ptII/vendor
s/misc/sphinx4/sphinx4-core-5prealpha.jar:/home/travis/build/icyphy/ptII/lib/PD
FRenderer.jar:/home/travis/build/icyphy/ptII/lib/svgSalamander.jar:/home/travis
/build/icyphy/ptII/lib/rsyntaxtextarea-2.6.0-SNAPSHOT.jar:/home/travis/build/ic
yphy/ptII/lib/hazelcast-3.8.2.jar:/home/travis/build/icyphy/ptII/lib/jackson-an
notations-2.9.0.jar:/home/travis/build/icyphy/ptII/lib/jackson-core-2.9.3.jar:/
home/travis/build/icyphy/ptII/lib/jackson-databind-2.9.3.jar:/home/travis/build
/icyphy/ptII/lib/netty-buffer-4.1.19.Final.jar:/home/travis/build/icyphy/ptII/l
ib/netty-codec-4.1.19.Final.jar:/home/travis/build/icyphy/ptII/lib/netty-codec-
dns-4.1.19.Final.jar:/home/travis/build/icyphy/ptII/lib/netty-codec-http-4.1.19
.Final.jar:/home/travis/build/icyphy/ptII/lib/netty-codec-http2-4.1.19.Final.ja
r:/home/travis/build/icyphy/ptII/lib/netty-common-4.1.19.Final.jar:/home/travis
/build/icyphy/ptII/lib/netty-handler-4.1.19.Final.jar:/home/travis/build/icyphy
/ptII/lib/netty-resolver-4.1.19.Final.jar:/home/travis/build/icyphy/ptII/lib/ne
tty-resolver-dns-4.1.19.Final.jar:/home/travis/build/icyphy/ptII/lib/netty-tran
sport-4.1.19.Final.jar:/home/travis/build/icyphy/ptII/lib/vertx-codegen-3.5.1.j
ar:/home/travis/build/icyphy/ptII/lib/vertx-core-3.5.2-SNAPSHOT.jar:/home/travi
s/build/icyphy/ptII/lib/vertx-hazelcast-3.5.1.jar:/home/travis/build/icyphy/ptI
I/lib/vertx-lang-js-3.5.1.jar:/home/travis/build/icyphy/ptII/lib/vertx-service-
proxy-3.5.1.jar:/home/travis/build/icyphy/ptII/lib/vertx-web-3.5.1.jar:/home/tr
avis/build/icyphy/ptII/lib/slf4j-api-1.7.13.jar:/home/travis/build/icyphy/ptII/
lib/slf4j-simple-1.7.13.jar:/home/travis/build/icyphy/ptII/lib/webcam-capture-0
.3.12.jar:/home/travis/build/icyphy/ptII/lib/bridj-0.7.0.jar:/home/travis/build
/icyphy/ptII/lib/xbjlib-1.1.0.nrjavaserial.jar:/home/travis/build/icyphy/ptII/p
tolemy/moml/test:/home/travis/build/icyphy/ptII/ant/lib/ant-launcher.jar:/home/
travis/build/icyphy/ptII/ant/lib/ant.jar:/home/travis/build/icyphy/ptII/ant/lib
/ant-junit.jar:/home/travis/build/icyphy/ptII/ant/lib/ant-junit4.jar:/home/trav
is/build/icyphy/ptII ModularCG_A1_B2_profile.java
total 1048
drwxrwxr-x   3 travis travis 12288 Jan 18 03:20 AbsoluteValue
drwxrwxr-x   3 travis travis 16384 Jan 18 03:20 Case1
drwxrwxr-x   3 travis travis 32768 Jan 18 03:20 Case2
-rw-rw-r--   1 travis travis  4895 Jan 18 03:25 CompiledCompositeActor_CompiledCompositeActor.class
-rw-rw-r--   1 travis travis  1592 Jan 18 03:25 CompiledCompositeActor_CompiledCompositeActor$_CompiledCompositeActor_CompiledCompositeActor.class
-rw-rw-r--   1 travis travis 13466 Jan 18 03:25 CompiledCompositeActor_CompiledCompositeActor.java
-rw-rw-r--   1 travis travis  1593 Jan 18 03:25 CompiledCompositeActor_CompiledCompositeActor.mk
drwxrwxr-x   3 travis travis 24576 Jan 18 03:23 DeScrambler
drwxrwxr-x   3 travis travis 16384 Jan 18 03:24 DotProduct
drwxrwxr-x   3 travis travis 12288 Jan 18 03:21 FileWriter1
drwxrwxr-x   3 travis travis 20480 Jan 18 03:20 FixToDoubleAndBack
drwxrwxr-x   3 travis travis 16384 Jan 18 03:21 Gaussian1
drwxrwxr-x   3 travis travis 20480 Jan 18 03:21 Gaussian2
-rw-rw-r--   1 travis travis  4457 Jan 18 03:25 JavaCompiledCompositeTest1_CompiledCompositeActor.class
-rw-rw-r--   1 travis travis 11637 Jan 18 03:25 JavaCompiledCompositeTest1_CompiledCompositeActor.java
-rw-rw-r--   1 travis travis  1198 Jan 18 03:25 JavaCompiledCompositeTest1_CompiledCompositeActor$_JavaCompiledCompositeTest1_CompiledCompositeActor.class
-rw-rw-r--   1 travis travis  1625 Jan 18 03:25 JavaCompiledCompositeTest1_CompiledCompositeActor.mk
-rw-rw-r--   1 travis travis  4888 Jan 18 03:25 JavaCompiledCompositeTest2_CompiledCompositeActor.class
-rw-rw-r--   1 travis travis 14919 Jan 18 03:25 JavaCompiledCompositeTest2_CompiledCompositeActor.java
-rw-rw-r--   1 travis travis  1793 Jan 18 03:25 JavaCompiledCompositeTest2_CompiledCompositeActor$_JavaCompiledCompositeTest2_CompiledCompositeActor.class
-rw-rw-r--   1 travis travis  1625 Jan 18 03:25 JavaCompiledCompositeTest2_CompiledCompositeActor.mk
-rw-rw-r--   1 travis travis  4505 Jan 18 03:25 JavaCompiledCompositeTest3_CompiledCompositeActor.class
-rw-rw-r--   1 travis travis 13080 Jan 18 03:25 JavaCompiledCompositeTest3_CompiledCompositeActor.java
-rw-rw-r--   1 travis travis  1378 Jan 18 03:25 JavaCompiledCompositeTest3_CompiledCompositeActor$_JavaCompiledCompositeTest3_CompiledCompositeActor.class
-rw-rw-r--   1 travis travis  1625 Jan 18 03:25 JavaCompiledCompositeTest3_CompiledCompositeActor.mk
-rw-rw-r--   1 travis travis  3953 Jan 18 03:25 JavaCompiledCompositeTest4_CompiledCompositeActor.class
-rw-rw-r--   1 travis travis  9687 Jan 18 03:25 JavaCompiledCompositeTest4_CompiledCompositeActor.java
-rw-rw-r--   1 travis travis   857 Jan 18 03:25 JavaCompiledCompositeTest4_CompiledCompositeActor$_JavaCompiledCompositeTest4_CompiledCompositeActor.class
-rw-rw-r--   1 travis travis  1625 Jan 18 03:25 JavaCompiledCompositeTest4_CompiledCompositeActor.mk
drwxrwxr-x   3 travis travis 12288 Jan 18 03:21 LookupTable
drwxrwxr-x   3 travis travis 20480 Jan 18 03:21 MaxIndex
-rw-rw-r--   1 travis travis  3693 Jan 18 03:25 ModularCG_A1_B1.class
-rw-rw-r--   1 travis travis  9730 Jan 18 03:25 ModularCG_A1_B1.java
-rw-rw-r--   1 travis travis   832 Jan 18 03:25 ModularCG_A1_B1.mk
-rw-rw-r--   1 travis travis  1318 Jan 18 03:25 ModularCG_A1_B1_profile.class
-rw-rw-r--   1 travis travis  1262 Jan 18 03:25 ModularCG_A1_B1_profile.java
-rw-rw-r--   1 travis travis  1262 Jan 18 03:25 ModularCG_A1_B2_profile.java
-rw-rw-r--   1 travis travis  3492 Jan 18 03:25 ModularCodeGenTest_A1_A2.class
-rw-rw-r--   1 travis travis   904 Jan 18 03:25 ModularCodeGenTest_A1_A2.mk
-rw-rw-r--   1 travis travis  1306 Jan 18 03:25 ModularCodeGenTest_A1_A2_profile.class
-rw-rw-r--   1 travis travis  9968 Jan 18 03:25 ModularCodeGenTest_A1.java
-rw-rw-r--   1 travis travis   880 Jan 18 03:25 ModularCodeGenTest_A1.mk
drwxrwxr-x   3 travis travis 36864 Jan 18 03:25 modulation2
drwxrwxr-x   3 travis travis 20480 Jan 18 03:21 Multiplexor
drwxrwxr-x 249 travis travis 12288 Jan 18 03:25 node_modules
drwxrwxr-x   3 travis travis 20480 Jan 18 03:22 PhaseUnwrap
-rw-rw-r--   1 travis travis   520 Jan 18 03:25 Repeat$_fireFunction_Repeat_Repeat$__f_sL_0.class
-rw-rw-r--   1 travis travis   522 Jan 18 03:25 Repeat$_fireFunction_Repeat_Repeat$__f_sL_10.class
-rw-rw-r--   1 travis travis   666 Jan 18 03:25 Repeat$_fireFunction_Repeat_Repeat$__f_sL_11.class
-rw-rw-r--   1 travis travis   522 Jan 18 03:25 Repeat$_fireFunction_Repeat_Repeat$__f_sL_13.class
-rw-rw-r--   1 travis travis   665 Jan 18 03:25 Repeat$_fireFunction_Repeat_Repeat$__f_sL_1.class
-rw-rw-r--   1 travis travis   520 Jan 18 03:25 Repeat$_fireFunction_Repeat_Repeat$__f_sL_2.class
-rw-rw-r--   1 travis travis   520 Jan 18 03:25 Repeat$_fireFunction_Repeat_Repeat$__f_sL_3.class
-rw-rw-r--   1 travis travis   520 Jan 18 03:25 Repeat$_fireFunction_Repeat_Repeat$__f_sL_5.class
-rw-rw-r--   1 travis travis   671 Jan 18 03:25 Repeat$_fireFunction_Repeat_Repeat$__f_sL_7.class
-rw-rw-r--   1 travis travis   520 Jan 18 03:25 Repeat$_fireFunction_Repeat_Repeat$__f_sL_9.class
-rw-rw-r--   1 travis travis   813 Jan 18 03:25 Repeat$_initialize_Repeat.class
-rw-rw-r--   1 travis travis   475 Jan 18 03:25 Repeat$_initialize_Repeat$__i_sL_0.class
-rw-rw-r--   1 travis travis   519 Jan 18 03:25 Repeat$_initialize_Repeat$__i_sL_3.class
-rw-rw-r--   1 travis travis 39778 Jan 18 03:25 Repeat.java
-rw-rw-r--   1 travis travis  1281 Jan 18 03:25 Repeat.mk
-rw-rw-r--   1 travis travis   520 Jan 18 03:25 Repeat$_preinitializeMethod_Repeat$__p_sL_0.class
-rw-rw-r--   1 travis travis   520 Jan 18 03:25 Repeat$_preinitializeMethod_Repeat$__p_sL_1.class
-rw-rw-r--   1 travis travis  1083 Jan 18 03:25 Repeat$_Repeat$_fireFunction_Repeat_AddSubtract_Repeat.class
-rw-rw-r--   1 travis travis   791 Jan 18 03:25 Repeat$_Repeat$_fireFunction_Repeat_AddSubtract_Repeat$__f_sL_0.class
-rw-rw-r--   1 travis travis   909 Jan 18 03:25 Repeat$_Repeat$_fireFunction_Repeat_AddSubtract_Repeat$__f_sL_1.class
-rw-rw-r--   1 travis travis   915 Jan 18 03:25 Repeat$_Repeat$_fireFunction_Repeat_AddSubtract_Repeat$__f_sL_2.class
-rw-rw-r--   1 travis travis   838 Jan 18 03:25 Repeat$_Repeat$_fireFunction_Repeat_Ramp2_Repeat$__f_sL_1.class
-rw-rw-r--   1 travis travis  1785 Jan 18 03:25 Repeat$_Repeat$_fireFunction_Repeat_Test_Repeat$__f_sL_2.class
-rw-rw-r--   1 travis travis   685 Jan 18 03:25 Repeat$_Repeat_SDF_Director_run_Repeat$__R_sL_0.class
-rw-rw-r--   1 travis travis   540 Jan 18 03:25 Repeat$_Repeat_SDF_Director_run_Repeat$__R_sL_1.class
-rw-rw-r--   1 travis travis   540 Jan 18 03:25 Repeat$_Repeat_SDF_Director_run_Repeat$__R_sL_2.class
-rw-rw-r--   1 travis travis   540 Jan 18 03:25 Repeat$_Repeat_SDF_Director_run_Repeat$__R_sL_4.class
-rw-rw-r--   1 travis travis   540 Jan 18 03:25 Repeat$_Repeat_SDF_Director_run_Repeat$__R_sL_5.class
-rw-rw-r--   1 travis travis   691 Jan 18 03:25 Repeat$_Repeat_SDF_Director_run_Repeat$__R_sL_6.class
-rw-rw-r--   1 travis travis   540 Jan 18 03:25 Repeat$_Repeat_SDF_Director_run_Repeat$__R_sL_7.class
-rw-rw-r--   1 travis travis   863 Jan 18 03:25 Repeat$_varinit_Repeat.class
-rw-rw-r--   1 travis travis   530 Jan 18 03:25 Repeat$_varinit_Repeat$__v_sL_1.class
-rw-rw-r--   1 travis travis   531 Jan 18 03:25 Repeat$_varinit_Repeat$__v_sL_2.class
-rw-rw-r--   1 travis travis   905 Jan 18 03:25 Repeat$_varinit_Repeat$__v_sL_4.class
-rw-rw-r--   1 travis travis   635 Jan 18 03:25 Repeat$_wrapup_Repeat.class
-rw-rw-r--   1 travis travis   965 Jan 18 03:25 Repeat$_wrapup_Repeat$__w_sL_1.class
-rw-rw-r--   1 travis travis   289 Jan 18 03:19 result.csv
drwxrwxr-x   3 travis travis 12288 Jan 18 03:23 Scrambler1
drwxrwxr-x   3 travis travis 20480 Jan 18 03:22 Sinewave2
drwxrwxr-x   3 travis travis 69632 Jan 18 03:23 StringCompare
drwxrwxr-x   3 travis travis 32768 Jan 18 03:23 StringFunction
drwxrwxr-x   3 travis travis 12288 Jan 18 03:23 StringLength
drwxrwxr-x   3 travis travis 57344 Jan 18 03:24 StringSimpleReplace
drwxrwxr-x   3 travis travis 12288 Jan 18 03:24 time2
drwxrwxr-x   3 travis travis 12288 Jan 18 03:25 time5
-rw-rw-r--   1 travis travis   432 Jan 18 03:25 Token.class
-rw-rw-r--   1 travis travis   251 Jan 18 03:25 Token.java
-rw-rw-r--   1 travis travis     0 Jan 18 03:25 top.
-rw-rw-r--   1 travis travis 20502 Jan 18 03:19 top.c
-rw-rw-r--   1 travis travis  3567 Jan 18 03:25 top.class
-rw-rw-r--   1 travis travis   169 Jan 18 03:19 top.html
-rw-rw-r--   1 travis travis  7552 Jan 18 03:25 top.java
-rw-rw-r--   1 travis travis 38888 Jan 18 03:19 top.o
drwxrwxr-x   3 travis travis 57344 Jan 18 03:22 UnaryMathFunction
warning: Supported source version 'RELEASE_6' from annotation processor 'org.netbeans.modules.openide.util.NbBundleProcessor' less than -source '1.8'
warning: Supported source version 'RELEASE_6' from annotation processor 'org.netbeans.modules.openide.util.URLStreamHandlerRegistrationProcessor' less than -source '1.8'
warning: Supported source version 'RELEASE_6' from annotation processor 'org.netbeans.modules.openide.util.ServiceProviderProcessor' less than -source '1.8'
3 warnings
All Done
Writing ModularCG_A1_B2.java in file:/home/travis/cg/ (9730 characters)
Reading "ptolemy/cg/kernel/generic/program/procedural/java/modular/makefile.in",
    writing "/home/travis/cg/ModularCG_A1_B2.mk"
Using ptolemy/cg/kernel/generic/program/procedural/java/modular/makefile.in
In "/home/travis/cg", about to execute:
    make -f ModularCG_A1_B2.mk
javac -classpath ".:.."    ModularCG_A1_B2.java
All Done
In "/home/travis/cg", about to execute:
    pwd
In "/home/travis/cg", about to execute:
    ls -l
/home/travis/cg
In "/home/travis/cg", about to execute:
    javac -classpath
.:/home/travis/build/icyphy/ptII:/home/travis/build/icyphy/ptII/lib/bsh-2.0b4.j
ar:/home/travis/build/icyphy/ptII/lib/ptCal.jar:/home/travis/build/icyphy/ptII/
lib/java_cup.jar:/home/travis/build/icyphy/ptII/lib/saxon8.jar:/home/travis/bui
ld/icyphy/ptII/lib/saxon8-dom.jar:/home/travis/build/icyphy/ptII/lib/chic.jar:/
home/travis/build/icyphy/ptII/lib/ptcolt.jar:/usr/lib/jvm/java-8-oracle/lib/too
ls.jar:/usr/lib/eclipse/plugins/org.eclipse.jdt.core_3.8.2.dist.jar:/usr/lib/ec
lipse/plugins/org.eclipse.core.runtime_3.8.0.dist.jar:/usr/lib/eclipse/plugins/
org.eclipse.osgi_3.8.1.dist.jar:/usr/lib/eclipse/plugins/org.eclipse.core.resou
rces_3.8.1.dist.jar:/usr/lib/eclipse/plugins/org.eclipse.equinox.common_3.6.100
.dist.jar:/usr/lib/eclipse/plugins/org.eclipse.core.jobs_3.5.200.dist.jar:/usr/
lib/eclipse/plugins/org.eclipse.core.contenttype_3.4.200.dist.jar:/usr/lib/ecli
pse/plugins/org.eclipse.equinox.preferences_3.5.0.dist.jar:/usr/lib/eclipse/plu
gins/org.eclipse.text_3.5.200.dist.jar:/usr/lib/eclipse/plugins/org.eclipse.ui.
workbench_3.8.1.dist.jar:/usr/lib/eclipse/plugins/org.eclipse.jface_3.8.0.dist.
jar:/usr/lib/eclipse/plugins/org.eclipse.swt_3.8.2.jar:/usr/lib/eclipse/plugins
/org.eclipse.jface.text_3.8.1.dist.jar:/usr/lib/eclipse/plugins/org.eclipse.ui.
workbench.texteditor_3.8.0.dist.jar:/usr/lib/eclipse/plugins/org.eclipse.ui.edi
tors_3.8.0.dist.jar:/usr/lib/eclipse/plugins/org.eclipse.core.commands_3.6.1.di
st.jar:/usr/lib/eclipse/plugins/org.eclipse.equinox.registry_3.5.200.dist.jar:/
usr/lib/eclipse/plugins/org.eclipse.ui.console_3.5.100.dist.jar:/usr/lib/eclips
e/plugins/org.eclipse.ui.forms_3.5.200.dist.jar:/usr/lib/eclipse/plugins/org.ec
lipse.ui.ide_3.8.1.dist.jar:/home/travis/build/icyphy/ptII/vendors/oracle/dbxml
.jar:/home/travis/build/icyphy/ptII/vendors/oracle/db.jar:/home/travis/build/ic
yphy/ptII/vendors/misc/itext/iText.jar:/home/travis/build/icyphy/ptII/lib/g4ltl
.jar:/home/travis/build/icyphy/ptII/lib/StructuralCoder.jar:/home/travis/build/
icyphy/ptII/lib/org-openide-util.jar:/home/travis/build/icyphy/ptII/lib/org-ope
nide-util-lookup.jar:/home/travis/build/icyphy/ptII/lib/org-netbeans-api-visual
.jar:/home/travis/build/icyphy/ptII/vendors/jai-1_1_2_01/lib/jai_core.jar:/home
/travis/build/icyphy/ptII/vendors/jai-1_1_2_01/lib/jai_codec.jar:/home/travis/b
uild/icyphy/ptII/lib/jcerti.jar:/home/travis/build/icyphy/ptII/lib/smack.jar:/h
ome/travis/build/icyphy/ptII/lib/smackx.jar:/home/travis/build/icyphy/ptII/lib/
jetty-all-8.1.5-v20120716.jar:/home/travis/build/icyphy/ptII/lib/javax.servlet-
api-3.0.1.jar:/home/travis/build/icyphy/ptII/lib/javax.mail.jar:/home/travis/bu
ild/icyphy/ptII/vendors/JMF-2.1.1e/lib/jmf.jar:/home/travis/build/icyphy/ptII/l
ib/jna-4.0.0-variadic.jar:/home/travis/build/icyphy/ptII/vendors/misc/joystick/
Joystick.jar:/home/travis/build/icyphy/ptII/lib/ptjacl.jar:/home/travis/build/i
cyphy/ptII/lib/jsoup-1.8.2.jar:/home/travis/build/icyphy/ptII/lib/junit-4.8.2.j
ar:/home/travis/build/icyphy/ptII/lib/JUnitParams-0.4.0.jar:/home/travis/build/
icyphy/ptII/ptolemy/actor/lib/excel/jxl.jar:/home/travis/build/icyphy/ptII/lib/
jython.jar:/home/travis/build/icyphy/ptII/lib/kieler.jar:/home/travis/build/icy
phy/ptII/vendors/opencv/share/OpenCV/java/opencv-341.jar:/home/travis/build/icy
phy/ptII/lib/oscP5.jar:/home/travis/build/icyphy/ptII/lib/nrjavaserial-3.11.0.d
evel.jar:/home/travis/build/icyphy/ptII/vendors/j3d/lib/j3dcore.jar:/home/travi
s/build/icyphy/ptII/vendors/j3d/lib/j3dutils.jar:/home/travis/build/icyphy/ptII
/vendors/j3d/lib/vecmath.jar:/home/travis/build/icyphy/ptII/ptolemy/distributed
/jini/jar/jini-core.jar:/home/travis/build/icyphy/ptII/ptolemy/distributed/jini
/jar/jini-ext.jar:/home/travis/build/icyphy/ptII/ptolemy/distributed/jini/jar/s
un-util.jar:/home/travis/build/icyphy/ptII/lib/protobuf-java-2.4.1.jar:/home/tr
avis/build/icyphy/ptII/lib/org.eclipse.paho.client.mqttv3.jar:/home/travis/buil
d/icyphy/ptII/ptserver/lib/hessian-4.0.7.jar:/home/travis/build/icyphy/ptII/pts
erver/lib/wmqtt.jar:/home/travis/build/icyphy/ptII/lib/mapss.jar:/home/travis/b
uild/icyphy/ptII/ptolemy/actor/ptalon/antlr/antlr.jar:/home/travis/build/icyphy
/ptII/lib/JRI.jar:/home/travis/build/icyphy/ptII/lib/commons-lang-2.6.jar:/home
/travis/build/icyphy/ptII/lib/commons-logging-1.1.1.jar:/home/travis/build/icyp
hy/ptII/lib/sootclasses.jar:/home/travis/build/icyphy/ptII/ptolemy/actor/lib/da
tabase/mysql-connector-java-5.1.6-bin.jar:/home/travis/build/icyphy/ptII/vendor
s/misc/sphinx4/sphinx4-data-5prealpha.jar:/home/travis/build/icyphy/ptII/vendor
s/misc/sphinx4/sphinx4-core-5prealpha.jar:/home/travis/build/icyphy/ptII/lib/PD
FRenderer.jar:/home/travis/build/icyphy/ptII/lib/svgSalamander.jar:/home/travis
/build/icyphy/ptII/lib/rsyntaxtextarea-2.6.0-SNAPSHOT.jar:/home/travis/build/ic
yphy/ptII/lib/hazelcast-3.8.2.jar:/home/travis/build/icyphy/ptII/lib/jackson-an
notations-2.9.0.jar:/home/travis/build/icyphy/ptII/lib/jackson-core-2.9.3.jar:/
home/travis/build/icyphy/ptII/lib/jackson-databind-2.9.3.jar:/home/travis/build
/icyphy/ptII/lib/netty-buffer-4.1.19.Final.jar:/home/travis/build/icyphy/ptII/l
ib/netty-codec-4.1.19.Final.jar:/home/travis/build/icyphy/ptII/lib/netty-codec-
dns-4.1.19.Final.jar:/home/travis/build/icyphy/ptII/lib/netty-codec-http-4.1.19
.Final.jar:/home/travis/build/icyphy/ptII/lib/netty-codec-http2-4.1.19.Final.ja
r:/home/travis/build/icyphy/ptII/lib/netty-common-4.1.19.Final.jar:/home/travis
/build/icyphy/ptII/lib/netty-handler-4.1.19.Final.jar:/home/travis/build/icyphy
/ptII/lib/netty-resolver-4.1.19.Final.jar:/home/travis/build/icyphy/ptII/lib/ne
tty-resolver-dns-4.1.19.Final.jar:/home/travis/build/icyphy/ptII/lib/netty-tran
sport-4.1.19.Final.jar:/home/travis/build/icyphy/ptII/lib/vertx-codegen-3.5.1.j
ar:/home/travis/build/icyphy/ptII/lib/vertx-core-3.5.2-SNAPSHOT.jar:/home/travi
s/build/icyphy/ptII/lib/vertx-hazelcast-3.5.1.jar:/home/travis/build/icyphy/ptI
I/lib/vertx-lang-js-3.5.1.jar:/home/travis/build/icyphy/ptII/lib/vertx-service-
proxy-3.5.1.jar:/home/travis/build/icyphy/ptII/lib/vertx-web-3.5.1.jar:/home/tr
avis/build/icyphy/ptII/lib/slf4j-api-1.7.13.jar:/home/travis/build/icyphy/ptII/
lib/slf4j-simple-1.7.13.jar:/home/travis/build/icyphy/ptII/lib/webcam-capture-0
.3.12.jar:/home/travis/build/icyphy/ptII/lib/bridj-0.7.0.jar:/home/travis/build
/icyphy/ptII/lib/xbjlib-1.1.0.nrjavaserial.jar:/home/travis/build/icyphy/ptII/p
tolemy/moml/test:/home/travis/build/icyphy/ptII/ant/lib/ant-launcher.jar:/home/
travis/build/icyphy/ptII/ant/lib/ant.jar:/home/travis/build/icyphy/ptII/ant/lib
/ant-junit.jar:/home/travis/build/icyphy/ptII/ant/lib/ant-junit4.jar:/home/trav
is/build/icyphy/ptII ModularCG_A1_profile.java
total 1076
drwxrwxr-x   3 travis travis 12288 Jan 18 03:20 AbsoluteValue
drwxrwxr-x   3 travis travis 16384 Jan 18 03:20 Case1
drwxrwxr-x   3 travis travis 32768 Jan 18 03:20 Case2
-rw-rw-r--   1 travis travis  4895 Jan 18 03:25 CompiledCompositeActor_CompiledCompositeActor.class
-rw-rw-r--   1 travis travis  1592 Jan 18 03:25 CompiledCompositeActor_CompiledCompositeActor$_CompiledCompositeActor_CompiledCompositeActor.class
-rw-rw-r--   1 travis travis 13466 Jan 18 03:25 CompiledCompositeActor_CompiledCompositeActor.java
-rw-rw-r--   1 travis travis  1593 Jan 18 03:25 CompiledCompositeActor_CompiledCompositeActor.mk
drwxrwxr-x   3 travis travis 24576 Jan 18 03:23 DeScrambler
drwxrwxr-x   3 travis travis 16384 Jan 18 03:24 DotProduct
drwxrwxr-x   3 travis travis 12288 Jan 18 03:21 FileWriter1
drwxrwxr-x   3 travis travis 20480 Jan 18 03:20 FixToDoubleAndBack
drwxrwxr-x   3 travis travis 16384 Jan 18 03:21 Gaussian1
drwxrwxr-x   3 travis travis 20480 Jan 18 03:21 Gaussian2
-rw-rw-r--   1 travis travis  4457 Jan 18 03:25 JavaCompiledCompositeTest1_CompiledCompositeActor.class
-rw-rw-r--   1 travis travis 11637 Jan 18 03:25 JavaCompiledCompositeTest1_CompiledCompositeActor.java
-rw-rw-r--   1 travis travis  1198 Jan 18 03:25 JavaCompiledCompositeTest1_CompiledCompositeActor$_JavaCompiledCompositeTest1_CompiledCompositeActor.class
-rw-rw-r--   1 travis travis  1625 Jan 18 03:25 JavaCompiledCompositeTest1_CompiledCompositeActor.mk
-rw-rw-r--   1 travis travis  4888 Jan 18 03:25 JavaCompiledCompositeTest2_CompiledCompositeActor.class
-rw-rw-r--   1 travis travis 14919 Jan 18 03:25 JavaCompiledCompositeTest2_CompiledCompositeActor.java
-rw-rw-r--   1 travis travis  1793 Jan 18 03:25 JavaCompiledCompositeTest2_CompiledCompositeActor$_JavaCompiledCompositeTest2_CompiledCompositeActor.class
-rw-rw-r--   1 travis travis  1625 Jan 18 03:25 JavaCompiledCompositeTest2_CompiledCompositeActor.mk
-rw-rw-r--   1 travis travis  4505 Jan 18 03:25 JavaCompiledCompositeTest3_CompiledCompositeActor.class
-rw-rw-r--   1 travis travis 13080 Jan 18 03:25 JavaCompiledCompositeTest3_CompiledCompositeActor.java
-rw-rw-r--   1 travis travis  1378 Jan 18 03:25 JavaCompiledCompositeTest3_CompiledCompositeActor$_JavaCompiledCompositeTest3_CompiledCompositeActor.class
-rw-rw-r--   1 travis travis  1625 Jan 18 03:25 JavaCompiledCompositeTest3_CompiledCompositeActor.mk
-rw-rw-r--   1 travis travis  3953 Jan 18 03:25 JavaCompiledCompositeTest4_CompiledCompositeActor.class
-rw-rw-r--   1 travis travis  9687 Jan 18 03:25 JavaCompiledCompositeTest4_CompiledCompositeActor.java
-rw-rw-r--   1 travis travis   857 Jan 18 03:25 JavaCompiledCompositeTest4_CompiledCompositeActor$_JavaCompiledCompositeTest4_CompiledCompositeActor.class
-rw-rw-r--   1 travis travis  1625 Jan 18 03:25 JavaCompiledCompositeTest4_CompiledCompositeActor.mk
drwxrwxr-x   3 travis travis 12288 Jan 18 03:21 LookupTable
drwxrwxr-x   3 travis travis 20480 Jan 18 03:21 MaxIndex
-rw-rw-r--   1 travis travis  3693 Jan 18 03:25 ModularCG_A1_B1.class
-rw-rw-r--   1 travis travis  9730 Jan 18 03:25 ModularCG_A1_B1.java
-rw-rw-r--   1 travis travis   832 Jan 18 03:25 ModularCG_A1_B1.mk
-rw-rw-r--   1 travis travis  1318 Jan 18 03:25 ModularCG_A1_B1_profile.class
-rw-rw-r--   1 travis travis  1262 Jan 18 03:25 ModularCG_A1_B1_profile.java
-rw-rw-r--   1 travis travis  3693 Jan 18 03:25 ModularCG_A1_B2.class
-rw-rw-r--   1 travis travis  9730 Jan 18 03:25 ModularCG_A1_B2.java
-rw-rw-r--   1 travis travis   832 Jan 18 03:25 ModularCG_A1_B2.mk
-rw-rw-r--   1 travis travis  1318 Jan 18 03:25 ModularCG_A1_B2_profile.class
-rw-rw-r--   1 travis travis  1262 Jan 18 03:25 ModularCG_A1_B2_profile.java
-rw-rw-r--   1 travis travis  1704 Jan 18 03:25 ModularCG_A1_profile.java
-rw-rw-r--   1 travis travis  3492 Jan 18 03:25 ModularCodeGenTest_A1_A2.class
-rw-rw-r--   1 travis travis   904 Jan 18 03:25 ModularCodeGenTest_A1_A2.mk
-rw-rw-r--   1 travis travis  1306 Jan 18 03:25 ModularCodeGenTest_A1_A2_profile.class
-rw-rw-r--   1 travis travis  9968 Jan 18 03:25 ModularCodeGenTest_A1.java
-rw-rw-r--   1 travis travis   880 Jan 18 03:25 ModularCodeGenTest_A1.mk
drwxrwxr-x   3 travis travis 36864 Jan 18 03:25 modulation2
drwxrwxr-x   3 travis travis 20480 Jan 18 03:21 Multiplexor
drwxrwxr-x 249 travis travis 12288 Jan 18 03:25 node_modules
drwxrwxr-x   3 travis travis 20480 Jan 18 03:22 PhaseUnwrap
-rw-rw-r--   1 travis travis   520 Jan 18 03:25 Repeat$_fireFunction_Repeat_Repeat$__f_sL_0.class
-rw-rw-r--   1 travis travis   522 Jan 18 03:25 Repeat$_fireFunction_Repeat_Repeat$__f_sL_10.class
-rw-rw-r--   1 travis travis   666 Jan 18 03:25 Repeat$_fireFunction_Repeat_Repeat$__f_sL_11.class
-rw-rw-r--   1 travis travis   522 Jan 18 03:25 Repeat$_fireFunction_Repeat_Repeat$__f_sL_13.class
-rw-rw-r--   1 travis travis   665 Jan 18 03:25 Repeat$_fireFunction_Repeat_Repeat$__f_sL_1.class
-rw-rw-r--   1 travis travis   520 Jan 18 03:25 Repeat$_fireFunction_Repeat_Repeat$__f_sL_2.class
-rw-rw-r--   1 travis travis   520 Jan 18 03:25 Repeat$_fireFunction_Repeat_Repeat$__f_sL_3.class
-rw-rw-r--   1 travis travis   520 Jan 18 03:25 Repeat$_fireFunction_Repeat_Repeat$__f_sL_5.class
-rw-rw-r--   1 travis travis   671 Jan 18 03:25 Repeat$_fireFunction_Repeat_Repeat$__f_sL_7.class
-rw-rw-r--   1 travis travis   520 Jan 18 03:25 Repeat$_fireFunction_Repeat_Repeat$__f_sL_9.class
-rw-rw-r--   1 travis travis   813 Jan 18 03:25 Repeat$_initialize_Repeat.class
-rw-rw-r--   1 travis travis   475 Jan 18 03:25 Repeat$_initialize_Repeat$__i_sL_0.class
-rw-rw-r--   1 travis travis   519 Jan 18 03:25 Repeat$_initialize_Repeat$__i_sL_3.class
-rw-rw-r--   1 travis travis 39778 Jan 18 03:25 Repeat.java
-rw-rw-r--   1 travis travis  1281 Jan 18 03:25 Repeat.mk
-rw-rw-r--   1 travis travis   520 Jan 18 03:25 Repeat$_preinitializeMethod_Repeat$__p_sL_0.class
-rw-rw-r--   1 travis travis   520 Jan 18 03:25 Repeat$_preinitializeMethod_Repeat$__p_sL_1.class
-rw-rw-r--   1 travis travis  1083 Jan 18 03:25 Repeat$_Repeat$_fireFunction_Repeat_AddSubtract_Repeat.class
-rw-rw-r--   1 travis travis   791 Jan 18 03:25 Repeat$_Repeat$_fireFunction_Repeat_AddSubtract_Repeat$__f_sL_0.class
-rw-rw-r--   1 travis travis   909 Jan 18 03:25 Repeat$_Repeat$_fireFunction_Repeat_AddSubtract_Repeat$__f_sL_1.class
-rw-rw-r--   1 travis travis   915 Jan 18 03:25 Repeat$_Repeat$_fireFunction_Repeat_AddSubtract_Repeat$__f_sL_2.class
-rw-rw-r--   1 travis travis   838 Jan 18 03:25 Repeat$_Repeat$_fireFunction_Repeat_Ramp2_Repeat$__f_sL_1.class
-rw-rw-r--   1 travis travis  1785 Jan 18 03:25 Repeat$_Repeat$_fireFunction_Repeat_Test_Repeat$__f_sL_2.class
-rw-rw-r--   1 travis travis   685 Jan 18 03:25 Repeat$_Repeat_SDF_Director_run_Repeat$__R_sL_0.class
-rw-rw-r--   1 travis travis   540 Jan 18 03:25 Repeat$_Repeat_SDF_Director_run_Repeat$__R_sL_1.class
-rw-rw-r--   1 travis travis   540 Jan 18 03:25 Repeat$_Repeat_SDF_Director_run_Repeat$__R_sL_2.class
-rw-rw-r--   1 travis travis   540 Jan 18 03:25 Repeat$_Repeat_SDF_Director_run_Repeat$__R_sL_4.class
-rw-rw-r--   1 travis travis   540 Jan 18 03:25 Repeat$_Repeat_SDF_Director_run_Repeat$__R_sL_5.class
-rw-rw-r--   1 travis travis   691 Jan 18 03:25 Repeat$_Repeat_SDF_Director_run_Repeat$__R_sL_6.class
-rw-rw-r--   1 travis travis   540 Jan 18 03:25 Repeat$_Repeat_SDF_Director_run_Repeat$__R_sL_7.class
-rw-rw-r--   1 travis travis   863 Jan 18 03:25 Repeat$_varinit_Repeat.class
-rw-rw-r--   1 travis travis   530 Jan 18 03:25 Repeat$_varinit_Repeat$__v_sL_1.class
-rw-rw-r--   1 travis travis   531 Jan 18 03:25 Repeat$_varinit_Repeat$__v_sL_2.class
-rw-rw-r--   1 travis travis   905 Jan 18 03:25 Repeat$_varinit_Repeat$__v_sL_4.class
-rw-rw-r--   1 travis travis   635 Jan 18 03:25 Repeat$_wrapup_Repeat.class
-rw-rw-r--   1 travis travis   965 Jan 18 03:25 Repeat$_wrapup_Repeat$__w_sL_1.class
-rw-rw-r--   1 travis travis   289 Jan 18 03:19 result.csv
drwxrwxr-x   3 travis travis 12288 Jan 18 03:23 Scrambler1
drwxrwxr-x   3 travis travis 20480 Jan 18 03:22 Sinewave2
drwxrwxr-x   3 travis travis 69632 Jan 18 03:23 StringCompare
drwxrwxr-x   3 travis travis 32768 Jan 18 03:23 StringFunction
drwxrwxr-x   3 travis travis 12288 Jan 18 03:23 StringLength
drwxrwxr-x   3 travis travis 57344 Jan 18 03:24 StringSimpleReplace
drwxrwxr-x   3 travis travis 12288 Jan 18 03:24 time2
drwxrwxr-x   3 travis travis 12288 Jan 18 03:25 time5
-rw-rw-r--   1 travis travis   432 Jan 18 03:25 Token.class
-rw-rw-r--   1 travis travis   251 Jan 18 03:25 Token.java
-rw-rw-r--   1 travis travis     0 Jan 18 03:25 top.
-rw-rw-r--   1 travis travis 20502 Jan 18 03:19 top.c
-rw-rw-r--   1 travis travis  3567 Jan 18 03:25 top.class
-rw-rw-r--   1 travis travis   169 Jan 18 03:19 top.html
-rw-rw-r--   1 travis travis  7552 Jan 18 03:25 top.java
-rw-rw-r--   1 travis travis 38888 Jan 18 03:19 top.o
drwxrwxr-x   3 travis travis 57344 Jan 18 03:22 UnaryMathFunction
warning: Supported source version 'RELEASE_6' from annotation processor 'org.netbeans.modules.openide.util.NbBundleProcessor' less than -source '1.8'
warning: Supported source version 'RELEASE_6' from annotation processor 'org.netbeans.modules.openide.util.URLStreamHandlerRegistrationProcessor' less than -source '1.8'
warning: Supported source version 'RELEASE_6' from annotation processor 'org.netbeans.modules.openide.util.ServiceProviderProcessor' less than -source '1.8'
3 warnings
All Done
Writing ModularCG_A1.java in file:/home/travis/cg/ (14742 characters)
Reading "ptolemy/cg/kernel/generic/program/procedural/java/modular/makefile.in",
    writing "/home/travis/cg/ModularCG_A1.mk"
Using ptolemy/cg/kernel/generic/program/procedural/java/modular/makefile.in
In "/home/travis/cg", about to execute:
    make -f ModularCG_A1.mk
javac -classpath ".:.."    ModularCG_A1.java
All Done
In "/home/travis/cg", about to execute:
    pwd
/home/travis/cg
In "/home/travis/cg", about to execute:
    ls -l
In "/home/travis/cg", about to execute:
    javac -classpath
.:/home/travis/build/icyphy/ptII:/home/travis/build/icyphy/ptII/lib/bsh-2.0b4.j
ar:/home/travis/build/icyphy/ptII/lib/ptCal.jar:/home/travis/build/icyphy/ptII/
lib/java_cup.jar:/home/travis/build/icyphy/ptII/lib/saxon8.jar:/home/travis/bui
ld/icyphy/ptII/lib/saxon8-dom.jar:/home/travis/build/icyphy/ptII/lib/chic.jar:/
home/travis/build/icyphy/ptII/lib/ptcolt.jar:/usr/lib/jvm/java-8-oracle/lib/too
ls.jar:/usr/lib/eclipse/plugins/org.eclipse.jdt.core_3.8.2.dist.jar:/usr/lib/ec
lipse/plugins/org.eclipse.core.runtime_3.8.0.dist.jar:/usr/lib/eclipse/plugins/
org.eclipse.osgi_3.8.1.dist.jar:/usr/lib/eclipse/plugins/org.eclipse.core.resou
rces_3.8.1.dist.jar:/usr/lib/eclipse/plugins/org.eclipse.equinox.common_3.6.100
.dist.jar:/usr/lib/eclipse/plugins/org.eclipse.core.jobs_3.5.200.dist.jar:/usr/
lib/eclipse/plugins/org.eclipse.core.contenttype_3.4.200.dist.jar:/usr/lib/ecli
pse/plugins/org.eclipse.equinox.preferences_3.5.0.dist.jar:/usr/lib/eclipse/plu
gins/org.eclipse.text_3.5.200.dist.jar:/usr/lib/eclipse/plugins/org.eclipse.ui.
workbench_3.8.1.dist.jar:/usr/lib/eclipse/plugins/org.eclipse.jface_3.8.0.dist.
jar:/usr/lib/eclipse/plugins/org.eclipse.swt_3.8.2.jar:/usr/lib/eclipse/plugins
/org.eclipse.jface.text_3.8.1.dist.jar:/usr/lib/eclipse/plugins/org.eclipse.ui.
workbench.texteditor_3.8.0.dist.jar:/usr/lib/eclipse/plugins/org.eclipse.ui.edi
tors_3.8.0.dist.jar:/usr/lib/eclipse/plugins/org.eclipse.core.commands_3.6.1.di
st.jar:/usr/lib/eclipse/plugins/org.eclipse.equinox.registry_3.5.200.dist.jar:/
usr/lib/eclipse/plugins/org.eclipse.ui.console_3.5.100.dist.jar:/usr/lib/eclips
e/plugins/org.eclipse.ui.forms_3.5.200.dist.jar:/usr/lib/eclipse/plugins/org.ec
lipse.ui.ide_3.8.1.dist.jar:/home/travis/build/icyphy/ptII/vendors/oracle/dbxml
.jar:/home/travis/build/icyphy/ptII/vendors/oracle/db.jar:/home/travis/build/ic
yphy/ptII/vendors/misc/itext/iText.jar:/home/travis/build/icyphy/ptII/lib/g4ltl
.jar:/home/travis/build/icyphy/ptII/lib/StructuralCoder.jar:/home/travis/build/
icyphy/ptII/lib/org-openide-util.jar:/home/travis/build/icyphy/ptII/lib/org-ope
nide-util-lookup.jar:/home/travis/build/icyphy/ptII/lib/org-netbeans-api-visual
.jar:/home/travis/build/icyphy/ptII/vendors/jai-1_1_2_01/lib/jai_core.jar:/home
/travis/build/icyphy/ptII/vendors/jai-1_1_2_01/lib/jai_codec.jar:/home/travis/b
uild/icyphy/ptII/lib/jcerti.jar:/home/travis/build/icyphy/ptII/lib/smack.jar:/h
ome/travis/build/icyphy/ptII/lib/smackx.jar:/home/travis/build/icyphy/ptII/lib/
jetty-all-8.1.5-v20120716.jar:/home/travis/build/icyphy/ptII/lib/javax.servlet-
api-3.0.1.jar:/home/travis/build/icyphy/ptII/lib/javax.mail.jar:/home/travis/bu
ild/icyphy/ptII/vendors/JMF-2.1.1e/lib/jmf.jar:/home/travis/build/icyphy/ptII/l
ib/jna-4.0.0-variadic.jar:/home/travis/build/icyphy/ptII/vendors/misc/joystick/
Joystick.jar:/home/travis/build/icyphy/ptII/lib/ptjacl.jar:/home/travis/build/i
cyphy/ptII/lib/jsoup-1.8.2.jar:/home/travis/build/icyphy/ptII/lib/junit-4.8.2.j
ar:/home/travis/build/icyphy/ptII/lib/JUnitParams-0.4.0.jar:/home/travis/build/
icyphy/ptII/ptolemy/actor/lib/excel/jxl.jar:/home/travis/build/icyphy/ptII/lib/
jython.jar:/home/travis/build/icyphy/ptII/lib/kieler.jar:/home/travis/build/icy
phy/ptII/vendors/opencv/share/OpenCV/java/opencv-341.jar:/home/travis/build/icy
phy/ptII/lib/oscP5.jar:/home/travis/build/icyphy/ptII/lib/nrjavaserial-3.11.0.d
evel.jar:/home/travis/build/icyphy/ptII/vendors/j3d/lib/j3dcore.jar:/home/travi
s/build/icyphy/ptII/vendors/j3d/lib/j3dutils.jar:/home/travis/build/icyphy/ptII
/vendors/j3d/lib/vecmath.jar:/home/travis/build/icyphy/ptII/ptolemy/distributed
/jini/jar/jini-core.jar:/home/travis/build/icyphy/ptII/ptolemy/distributed/jini
/jar/jini-ext.jar:/home/travis/build/icyphy/ptII/ptolemy/distributed/jini/jar/s
un-util.jar:/home/travis/build/icyphy/ptII/lib/protobuf-java-2.4.1.jar:/home/tr
avis/build/icyphy/ptII/lib/org.eclipse.paho.client.mqttv3.jar:/home/travis/buil
d/icyphy/ptII/ptserver/lib/hessian-4.0.7.jar:/home/travis/build/icyphy/ptII/pts
erver/lib/wmqtt.jar:/home/travis/build/icyphy/ptII/lib/mapss.jar:/home/travis/b
uild/icyphy/ptII/ptolemy/actor/ptalon/antlr/antlr.jar:/home/travis/build/icyphy
/ptII/lib/JRI.jar:/home/travis/build/icyphy/ptII/lib/commons-lang-2.6.jar:/home
/travis/build/icyphy/ptII/lib/commons-logging-1.1.1.jar:/home/travis/build/icyp
hy/ptII/lib/sootclasses.jar:/home/travis/build/icyphy/ptII/ptolemy/actor/lib/da
tabase/mysql-connector-java-5.1.6-bin.jar:/home/travis/build/icyphy/ptII/vendor
s/misc/sphinx4/sphinx4-data-5prealpha.jar:/home/travis/build/icyphy/ptII/vendor
s/misc/sphinx4/sphinx4-core-5prealpha.jar:/home/travis/build/icyphy/ptII/lib/PD
FRenderer.jar:/home/travis/build/icyphy/ptII/lib/svgSalamander.jar:/home/travis
/build/icyphy/ptII/lib/rsyntaxtextarea-2.6.0-SNAPSHOT.jar:/home/travis/build/ic
yphy/ptII/lib/hazelcast-3.8.2.jar:/home/travis/build/icyphy/ptII/lib/jackson-an
notations-2.9.0.jar:/home/travis/build/icyphy/ptII/lib/jackson-core-2.9.3.jar:/
home/travis/build/icyphy/ptII/lib/jackson-databind-2.9.3.jar:/home/travis/build
/icyphy/ptII/lib/netty-buffer-4.1.19.Final.jar:/home/travis/build/icyphy/ptII/l
ib/netty-codec-4.1.19.Final.jar:/home/travis/build/icyphy/ptII/lib/netty-codec-
dns-4.1.19.Final.jar:/home/travis/build/icyphy/ptII/lib/netty-codec-http-4.1.19
.Final.jar:/home/travis/build/icyphy/ptII/lib/netty-codec-http2-4.1.19.Final.ja
r:/home/travis/build/icyphy/ptII/lib/netty-common-4.1.19.Final.jar:/home/travis
/build/icyphy/ptII/lib/netty-handler-4.1.19.Final.jar:/home/travis/build/icyphy
/ptII/lib/netty-resolver-4.1.19.Final.jar:/home/travis/build/icyphy/ptII/lib/ne
tty-resolver-dns-4.1.19.Final.jar:/home/travis/build/icyphy/ptII/lib/netty-tran
sport-4.1.19.Final.jar:/home/travis/build/icyphy/ptII/lib/vertx-codegen-3.5.1.j
ar:/home/travis/build/icyphy/ptII/lib/vertx-core-3.5.2-SNAPSHOT.jar:/home/travi
s/build/icyphy/ptII/lib/vertx-hazelcast-3.5.1.jar:/home/travis/build/icyphy/ptI
I/lib/vertx-lang-js-3.5.1.jar:/home/travis/build/icyphy/ptII/lib/vertx-service-
proxy-3.5.1.jar:/home/travis/build/icyphy/ptII/lib/vertx-web-3.5.1.jar:/home/tr
avis/build/icyphy/ptII/lib/slf4j-api-1.7.13.jar:/home/travis/build/icyphy/ptII/
lib/slf4j-simple-1.7.13.jar:/home/travis/build/icyphy/ptII/lib/webcam-capture-0
.3.12.jar:/home/travis/build/icyphy/ptII/lib/bridj-0.7.0.jar:/home/travis/build
/icyphy/ptII/lib/xbjlib-1.1.0.nrjavaserial.jar:/home/travis/build/icyphy/ptII/p
tolemy/moml/test:/home/travis/build/icyphy/ptII/ant/lib/ant-launcher.jar:/home/
travis/build/icyphy/ptII/ant/lib/ant.jar:/home/travis/build/icyphy/ptII/ant/lib
/ant-junit.jar:/home/travis/build/icyphy/ptII/ant/lib/ant-junit4.jar:/home/trav
is/build/icyphy/ptII ModularCG_A2_B1_profile.java
total 1112
drwxrwxr-x   3 travis travis 12288 Jan 18 03:20 AbsoluteValue
drwxrwxr-x   3 travis travis 16384 Jan 18 03:20 Case1
drwxrwxr-x   3 travis travis 32768 Jan 18 03:20 Case2
-rw-rw-r--   1 travis travis  4895 Jan 18 03:25 CompiledCompositeActor_CompiledCompositeActor.class
-rw-rw-r--   1 travis travis  1592 Jan 18 03:25 CompiledCompositeActor_CompiledCompositeActor$_CompiledCompositeActor_CompiledCompositeActor.class
-rw-rw-r--   1 travis travis 13466 Jan 18 03:25 CompiledCompositeActor_CompiledCompositeActor.java
-rw-rw-r--   1 travis travis  1593 Jan 18 03:25 CompiledCompositeActor_CompiledCompositeActor.mk
drwxrwxr-x   3 travis travis 24576 Jan 18 03:23 DeScrambler
drwxrwxr-x   3 travis travis 16384 Jan 18 03:24 DotProduct
drwxrwxr-x   3 travis travis 12288 Jan 18 03:21 FileWriter1
drwxrwxr-x   3 travis travis 20480 Jan 18 03:20 FixToDoubleAndBack
drwxrwxr-x   3 travis travis 16384 Jan 18 03:21 Gaussian1
drwxrwxr-x   3 travis travis 20480 Jan 18 03:21 Gaussian2
-rw-rw-r--   1 travis travis  4457 Jan 18 03:25 JavaCompiledCompositeTest1_CompiledCompositeActor.class
-rw-rw-r--   1 travis travis 11637 Jan 18 03:25 JavaCompiledCompositeTest1_CompiledCompositeActor.java
-rw-rw-r--   1 travis travis  1198 Jan 18 03:25 JavaCompiledCompositeTest1_CompiledCompositeActor$_JavaCompiledCompositeTest1_CompiledCompositeActor.class
-rw-rw-r--   1 travis travis  1625 Jan 18 03:25 JavaCompiledCompositeTest1_CompiledCompositeActor.mk
-rw-rw-r--   1 travis travis  4888 Jan 18 03:25 JavaCompiledCompositeTest2_CompiledCompositeActor.class
-rw-rw-r--   1 travis travis 14919 Jan 18 03:25 JavaCompiledCompositeTest2_CompiledCompositeActor.java
-rw-rw-r--   1 travis travis  1793 Jan 18 03:25 JavaCompiledCompositeTest2_CompiledCompositeActor$_JavaCompiledCompositeTest2_CompiledCompositeActor.class
-rw-rw-r--   1 travis travis  1625 Jan 18 03:25 JavaCompiledCompositeTest2_CompiledCompositeActor.mk
-rw-rw-r--   1 travis travis  4505 Jan 18 03:25 JavaCompiledCompositeTest3_CompiledCompositeActor.class
-rw-rw-r--   1 travis travis 13080 Jan 18 03:25 JavaCompiledCompositeTest3_CompiledCompositeActor.java
-rw-rw-r--   1 travis travis  1378 Jan 18 03:25 JavaCompiledCompositeTest3_CompiledCompositeActor$_JavaCompiledCompositeTest3_CompiledCompositeActor.class
-rw-rw-r--   1 travis travis  1625 Jan 18 03:25 JavaCompiledCompositeTest3_CompiledCompositeActor.mk
-rw-rw-r--   1 travis travis  3953 Jan 18 03:25 JavaCompiledCompositeTest4_CompiledCompositeActor.class
-rw-rw-r--   1 travis travis  9687 Jan 18 03:25 JavaCompiledCompositeTest4_CompiledCompositeActor.java
-rw-rw-r--   1 travis travis   857 Jan 18 03:25 JavaCompiledCompositeTest4_CompiledCompositeActor$_JavaCompiledCompositeTest4_CompiledCompositeActor.class
-rw-rw-r--   1 travis travis  1625 Jan 18 03:25 JavaCompiledCompositeTest4_CompiledCompositeActor.mk
drwxrwxr-x   3 travis travis 12288 Jan 18 03:21 LookupTable
drwxrwxr-x   3 travis travis 20480 Jan 18 03:21 MaxIndex
-rw-rw-r--   1 travis travis  3693 Jan 18 03:25 ModularCG_A1_B1.class
-rw-rw-r--   1 travis travis  9730 Jan 18 03:25 ModularCG_A1_B1.java
-rw-rw-r--   1 travis travis   832 Jan 18 03:25 ModularCG_A1_B1.mk
-rw-rw-r--   1 travis travis  1318 Jan 18 03:25 ModularCG_A1_B1_profile.class
-rw-rw-r--   1 travis travis  1262 Jan 18 03:25 ModularCG_A1_B1_profile.java
-rw-rw-r--   1 travis travis  3693 Jan 18 03:25 ModularCG_A1_B2.class
-rw-rw-r--   1 travis travis  9730 Jan 18 03:25 ModularCG_A1_B2.java
-rw-rw-r--   1 travis travis   832 Jan 18 03:25 ModularCG_A1_B2.mk
-rw-rw-r--   1 travis travis  1318 Jan 18 03:25 ModularCG_A1_B2_profile.class
-rw-rw-r--   1 travis travis  1262 Jan 18 03:25 ModularCG_A1_B2_profile.java
-rw-rw-r--   1 travis travis  4799 Jan 18 03:25 ModularCG_A1.class
-rw-rw-r--   1 travis travis 14742 Jan 18 03:25 ModularCG_A1.java
-rw-rw-r--   1 travis travis   808 Jan 18 03:25 ModularCG_A1.mk
-rw-rw-r--   1 travis travis  1433 Jan 18 03:25 ModularCG_A1_profile.class
-rw-rw-r--   1 travis travis  1704 Jan 18 03:25 ModularCG_A1_profile.java
-rw-rw-r--   1 travis travis  1446 Jan 18 03:25 ModularCG_A2_B1_profile.java
-rw-rw-r--   1 travis travis  3492 Jan 18 03:25 ModularCodeGenTest_A1_A2.class
-rw-rw-r--   1 travis travis   904 Jan 18 03:25 ModularCodeGenTest_A1_A2.mk
-rw-rw-r--   1 travis travis  1306 Jan 18 03:25 ModularCodeGenTest_A1_A2_profile.class
-rw-rw-r--   1 travis travis  9968 Jan 18 03:25 ModularCodeGenTest_A1.java
-rw-rw-r--   1 travis travis   880 Jan 18 03:25 ModularCodeGenTest_A1.mk
drwxrwxr-x   3 travis travis 36864 Jan 18 03:25 modulation2
drwxrwxr-x   3 travis travis 20480 Jan 18 03:21 Multiplexor
drwxrwxr-x 249 travis travis 12288 Jan 18 03:25 node_modules
drwxrwxr-x   3 travis travis 20480 Jan 18 03:22 PhaseUnwrap
-rw-rw-r--   1 travis travis   520 Jan 18 03:25 Repeat$_fireFunction_Repeat_Repeat$__f_sL_0.class
-rw-rw-r--   1 travis travis   522 Jan 18 03:25 Repeat$_fireFunction_Repeat_Repeat$__f_sL_10.class
-rw-rw-r--   1 travis travis   666 Jan 18 03:25 Repeat$_fireFunction_Repeat_Repeat$__f_sL_11.class
-rw-rw-r--   1 travis travis   522 Jan 18 03:25 Repeat$_fireFunction_Repeat_Repeat$__f_sL_13.class
-rw-rw-r--   1 travis travis   665 Jan 18 03:25 Repeat$_fireFunction_Repeat_Repeat$__f_sL_1.class
-rw-rw-r--   1 travis travis   520 Jan 18 03:25 Repeat$_fireFunction_Repeat_Repeat$__f_sL_2.class
-rw-rw-r--   1 travis travis   520 Jan 18 03:25 Repeat$_fireFunction_Repeat_Repeat$__f_sL_3.class
-rw-rw-r--   1 travis travis   520 Jan 18 03:25 Repeat$_fireFunction_Repeat_Repeat$__f_sL_5.class
-rw-rw-r--   1 travis travis   671 Jan 18 03:25 Repeat$_fireFunction_Repeat_Repeat$__f_sL_7.class
-rw-rw-r--   1 travis travis   520 Jan 18 03:25 Repeat$_fireFunction_Repeat_Repeat$__f_sL_9.class
-rw-rw-r--   1 travis travis   813 Jan 18 03:25 Repeat$_initialize_Repeat.class
-rw-rw-r--   1 travis travis   475 Jan 18 03:25 Repeat$_initialize_Repeat$__i_sL_0.class
-rw-rw-r--   1 travis travis   519 Jan 18 03:25 Repeat$_initialize_Repeat$__i_sL_3.class
-rw-rw-r--   1 travis travis 39778 Jan 18 03:25 Repeat.java
-rw-rw-r--   1 travis travis  1281 Jan 18 03:25 Repeat.mk
-rw-rw-r--   1 travis travis   520 Jan 18 03:25 Repeat$_preinitializeMethod_Repeat$__p_sL_0.class
-rw-rw-r--   1 travis travis   520 Jan 18 03:25 Repeat$_preinitializeMethod_Repeat$__p_sL_1.class
-rw-rw-r--   1 travis travis  1083 Jan 18 03:25 Repeat$_Repeat$_fireFunction_Repeat_AddSubtract_Repeat.class
-rw-rw-r--   1 travis travis   791 Jan 18 03:25 Repeat$_Repeat$_fireFunction_Repeat_AddSubtract_Repeat$__f_sL_0.class
-rw-rw-r--   1 travis travis   909 Jan 18 03:25 Repeat$_Repeat$_fireFunction_Repeat_AddSubtract_Repeat$__f_sL_1.class
-rw-rw-r--   1 travis travis   915 Jan 18 03:25 Repeat$_Repeat$_fireFunction_Repeat_AddSubtract_Repeat$__f_sL_2.class
-rw-rw-r--   1 travis travis   838 Jan 18 03:25 Repeat$_Repeat$_fireFunction_Repeat_Ramp2_Repeat$__f_sL_1.class
-rw-rw-r--   1 travis travis  1785 Jan 18 03:25 Repeat$_Repeat$_fireFunction_Repeat_Test_Repeat$__f_sL_2.class
-rw-rw-r--   1 travis travis   685 Jan 18 03:25 Repeat$_Repeat_SDF_Director_run_Repeat$__R_sL_0.class
-rw-rw-r--   1 travis travis   540 Jan 18 03:25 Repeat$_Repeat_SDF_Director_run_Repeat$__R_sL_1.class
-rw-rw-r--   1 travis travis   540 Jan 18 03:25 Repeat$_Repeat_SDF_Director_run_Repeat$__R_sL_2.class
-rw-rw-r--   1 travis travis   540 Jan 18 03:25 Repeat$_Repeat_SDF_Director_run_Repeat$__R_sL_4.class
-rw-rw-r--   1 travis travis   540 Jan 18 03:25 Repeat$_Repeat_SDF_Director_run_Repeat$__R_sL_5.class
-rw-rw-r--   1 travis travis   691 Jan 18 03:25 Repeat$_Repeat_SDF_Director_run_Repeat$__R_sL_6.class
-rw-rw-r--   1 travis travis   540 Jan 18 03:25 Repeat$_Repeat_SDF_Director_run_Repeat$__R_sL_7.class
-rw-rw-r--   1 travis travis   863 Jan 18 03:25 Repeat$_varinit_Repeat.class
-rw-rw-r--   1 travis travis   530 Jan 18 03:25 Repeat$_varinit_Repeat$__v_sL_1.class
-rw-rw-r--   1 travis travis   531 Jan 18 03:25 Repeat$_varinit_Repeat$__v_sL_2.class
-rw-rw-r--   1 travis travis   905 Jan 18 03:25 Repeat$_varinit_Repeat$__v_sL_4.class
-rw-rw-r--   1 travis travis   635 Jan 18 03:25 Repeat$_wrapup_Repeat.class
-rw-rw-r--   1 travis travis   965 Jan 18 03:25 Repeat$_wrapup_Repeat$__w_sL_1.class
-rw-rw-r--   1 travis travis   289 Jan 18 03:19 result.csv
drwxrwxr-x   3 travis travis 12288 Jan 18 03:23 Scrambler1
drwxrwxr-x   3 travis travis 20480 Jan 18 03:22 Sinewave2
drwxrwxr-x   3 travis travis 69632 Jan 18 03:23 StringCompare
drwxrwxr-x   3 travis travis 32768 Jan 18 03:23 StringFunction
drwxrwxr-x   3 travis travis 12288 Jan 18 03:23 StringLength
drwxrwxr-x   3 travis travis 57344 Jan 18 03:24 StringSimpleReplace
drwxrwxr-x   3 travis travis 12288 Jan 18 03:24 time2
drwxrwxr-x   3 travis travis 12288 Jan 18 03:25 time5
-rw-rw-r--   1 travis travis   432 Jan 18 03:25 Token.class
-rw-rw-r--   1 travis travis   251 Jan 18 03:25 Token.java
-rw-rw-r--   1 travis travis     0 Jan 18 03:25 top.
-rw-rw-r--   1 travis travis 20502 Jan 18 03:19 top.c
-rw-rw-r--   1 travis travis  3567 Jan 18 03:25 top.class
-rw-rw-r--   1 travis travis   169 Jan 18 03:19 top.html
-rw-rw-r--   1 travis travis  7552 Jan 18 03:25 top.java
-rw-rw-r--   1 travis travis 38888 Jan 18 03:19 top.o
drwxrwxr-x   3 travis travis 57344 Jan 18 03:22 UnaryMathFunction
warning: Supported source version 'RELEASE_6' from annotation processor 'org.netbeans.modules.openide.util.NbBundleProcessor' less than -source '1.8'
warning: Supported source version 'RELEASE_6' from annotation processor 'org.netbeans.modules.openide.util.URLStreamHandlerRegistrationProcessor' less than -source '1.8'
warning: Supported source version 'RELEASE_6' from annotation processor 'org.netbeans.modules.openide.util.ServiceProviderProcessor' less than -source '1.8'
3 warnings
All Done
Writing ModularCG_A2_B1.java in file:/home/travis/cg/ (10667 characters)
Reading "ptolemy/cg/kernel/generic/program/procedural/java/modular/makefile.in",
    writing "/home/travis/cg/ModularCG_A2_B1.mk"
Using ptolemy/cg/kernel/generic/program/procedural/java/modular/makefile.in
In "/home/travis/cg", about to execute:
    make -f ModularCG_A2_B1.mk
javac -classpath ".:.."    ModularCG_A2_B1.java
All Done
In "/home/travis/cg", about to execute:
    pwd
/home/travis/cg
In "/home/travis/cg", about to execute:
    ls -l
total 1140
drwxrwxr-x   3 travis travis 12288 Jan 18 03:20 AbsoluteValue
drwxrwxr-x   3 travis travis 16384 Jan 18 03:20 Case1
drwxrwxr-x   3 travis travis 32768 Jan 18 03:20 Case2
-rw-rw-r--   1 travis travis  4895 Jan 18 03:25 CompiledCompositeActor_CompiledCompositeActor.class
-rw-rw-r--   1 travis travis  1592 Jan 18 03:25 CompiledCompositeActor_CompiledCompositeActor$_CompiledCompositeActor_CompiledCompositeActor.class
-rw-rw-r--   1 travis travis 13466 Jan 18 03:25 CompiledCompositeActor_CompiledCompositeActor.java
-rw-rw-r--   1 travis travis  1593 Jan 18 03:25 CompiledCompositeActor_CompiledCompositeActor.mk
drwxrwxr-x   3 travis travis 24576 Jan 18 03:23 DeScrambler
drwxrwxr-x   3 travis travis 16384 Jan 18 03:24 DotProduct
drwxrwxr-x   3 travis travis 12288 Jan 18 03:21 FileWriter1
drwxrwxr-x   3 travis travis 20480 Jan 18 03:20 FixToDoubleAndBack
drwxrwxr-x   3 travis travis 16384 Jan 18 03:21 Gaussian1
drwxrwxr-x   3 travis travis 20480 Jan 18 03:21 Gaussian2
-rw-rw-r--   1 travis travis  4457 Jan 18 03:25 JavaCompiledCompositeTest1_CompiledCompositeActor.class
-rw-rw-r--   1 travis travis 11637 Jan 18 03:25 JavaCompiledCompositeTest1_CompiledCompositeActor.java
-rw-rw-r--   1 travis travis  1198 Jan 18 03:25 JavaCompiledCompositeTest1_CompiledCompositeActor$_JavaCompiledCompositeTest1_CompiledCompositeActor.class
-rw-rw-r--   1 travis travis  1625 Jan 18 03:25 JavaCompiledCompositeTest1_CompiledCompositeActor.mk
-rw-rw-r--   1 travis travis  4888 Jan 18 03:25 JavaCompiledCompositeTest2_CompiledCompositeActor.class
-rw-rw-r--   1 travis travis 14919 Jan 18 03:25 JavaCompiledCompositeTest2_CompiledCompositeActor.java
-rw-rw-r--   1 travis travis  1793 Jan 18 03:25 JavaCompiledCompositeTest2_CompiledCompositeActor$_JavaCompiledCompositeTest2_CompiledCompositeActor.class
-rw-rw-r--   1 travis travis  1625 Jan 18 03:25 JavaCompiledCompositeTest2_CompiledCompositeActor.mk
-rw-rw-r--   1 travis travis  4505 Jan 18 03:25 JavaCompiledCompositeTest3_CompiledCompositeActor.class
-rw-rw-r--   1 travis travis 13080 Jan 18 03:25 JavaCompiledCompositeTest3_CompiledCompositeActor.java
-rw-rw-r--   1 travis travis  1378 Jan 18 03:25 JavaCompiledCompositeTest3_CompiledCompositeActor$_JavaCompiledCompositeTest3_CompiledCompositeActor.class
-rw-rw-r--   1 travis travis  1625 Jan 18 03:25 JavaCompiledCompositeTest3_CompiledCompositeActor.mk
-rw-rw-r--   1 travis travis  3953 Jan 18 03:25 JavaCompiledCompositeTest4_CompiledCompositeActor.class
-rw-rw-r--   1 travis travis  9687 Jan 18 03:25 JavaCompiledCompositeTest4_CompiledCompositeActor.java
-rw-rw-r--   1 travis travis   857 Jan 18 03:25 JavaCompiledCompositeTest4_CompiledCompositeActor$_JavaCompiledCompositeTest4_CompiledCompositeActor.class
-rw-rw-r--   1 travis travis  1625 Jan 18 03:25 JavaCompiledCompositeTest4_CompiledCompositeActor.mk
drwxrwxr-x   3 travis travis 12288 Jan 18 03:21 LookupTable
drwxrwxr-x   3 travis travis 20480 Jan 18 03:21 MaxIndex
-rw-rw-r--   1 travis travis  3693 Jan 18 03:25 ModularCG_A1_B1.class
-rw-rw-r--   1 travis travis  9730 Jan 18 03:25 ModularCG_A1_B1.java
-rw-rw-r--   1 travis travis   832 Jan 18 03:25 ModularCG_A1_B1.mk
-rw-rw-r--   1 travis travis  1318 Jan 18 03:25 ModularCG_A1_B1_profile.class
-rw-rw-r--   1 travis travis  1262 Jan 18 03:25 ModularCG_A1_B1_profile.java
-rw-rw-r--   1 travis travis  3693 Jan 18 03:25 ModularCG_A1_B2.class
-rw-rw-r--   1 travis travis  9730 Jan 18 03:25 ModularCG_A1_B2.java
-rw-rw-r--   1 travis travis   832 Jan 18 03:25 ModularCG_A1_B2.mk
-rw-rw-r--   1 travis travis  1318 Jan 18 03:25 ModularCG_A1_B2_profile.class
-rw-rw-r--   1 travis travis  1262 Jan 18 03:25 ModularCG_A1_B2_profile.java
-rw-rw-r--   1 travis travis  4799 Jan 18 03:25 ModularCG_A1.class
-rw-rw-r--   1 travis travis 14742 Jan 18 03:25 ModularCG_A1.java
-rw-rw-r--   1 travis travis   808 Jan 18 03:25 ModularCG_A1.mk
-rw-rw-r--   1 travis travis  1433 Jan 18 03:25 ModularCG_A1_profile.class
-rw-rw-r--   1 travis travis  1704 Jan 18 03:25 ModularCG_A1_profile.java
-rw-rw-r--   1 travis travis  3827 Jan 18 03:25 ModularCG_A2_B1.class
-rw-rw-r--   1 travis travis 10667 Jan 18 03:25 ModularCG_A2_B1.java
-rw-rw-r--   1 travis travis   832 Jan 18 03:25 ModularCG_A2_B1.mk
-rw-rw-r--   1 travis travis  1381 Jan 18 03:25 ModularCG_A2_B1_profile.class
-rw-rw-r--   1 travis travis  1446 Jan 18 03:25 ModularCG_A2_B1_profile.java
-rw-rw-r--   1 travis travis  1262 Jan 18 03:25 ModularCG_A2_B2_profile.java
-rw-rw-r--   1 travis travis  3492 Jan 18 03:25 ModularCodeGenTest_A1_A2.class
-rw-rw-r--   1 travis travis   904 Jan 18 03:25 ModularCodeGenTest_A1_A2.mk
-rw-rw-r--   1 travis travis  1306 Jan 18 03:25 ModularCodeGenTest_A1_A2_profile.class
-rw-rw-r--   1 travis travis  9968 Jan 18 03:25 ModularCodeGenTest_A1.java
-rw-rw-r--   1 travis travis   880 Jan 18 03:25 ModularCodeGenTest_A1.mk
drwxrwxr-x   3 travis travis 36864 Jan 18 03:25 modulation2
drwxrwxr-x   3 travis travis 20480 Jan 18 03:21 Multiplexor
drwxrwxr-x 249 travis travis 12288 Jan 18 03:25 node_modules
drwxrwxr-x   3 travis travis 20480 Jan 18 03:22 PhaseUnwrap
-rw-rw-r--   1 travis travis   520 Jan 18 03:25 Repeat$_fireFunction_Repeat_Repeat$__f_sL_0.class
-rw-rw-r--   1 travis travis   522 Jan 18 03:25 Repeat$_fireFunction_Repeat_Repeat$__f_sL_10.class
-rw-rw-r--   1 travis travis   666 Jan 18 03:25 Repeat$_fireFunction_Repeat_Repeat$__f_sL_11.class
-rw-rw-r--   1 travis travis   522 Jan 18 03:25 Repeat$_fireFunction_Repeat_Repeat$__f_sL_13.class
-rw-rw-r--   1 travis travis   665 Jan 18 03:25 Repeat$_fireFunction_Repeat_Repeat$__f_sL_1.class
-rw-rw-r--   1 travis travis   520 Jan 18 03:25 Repeat$_fireFunction_Repeat_Repeat$__f_sL_2.class
-rw-rw-r--   1 travis travis   520 Jan 18 03:25 Repeat$_fireFunction_Repeat_Repeat$__f_sL_3.class
-rw-rw-r--   1 travis travis   520 Jan 18 03:25 Repeat$_fireFunction_Repeat_Repeat$__f_sL_5.class
-rw-rw-r--   1 travis travis   671 Jan 18 03:25 Repeat$_fireFunction_Repeat_Repeat$__f_sL_7.class
-rw-rw-r--   1 travis travis   520 Jan 18 03:25 Repeat$_fireFunction_Repeat_Repeat$__f_sL_9.class
-rw-rw-r--   1 travis travis   813 Jan 18 03:25 Repeat$_initialize_Repeat.class
-rw-rw-r--   1 travis travis   475 Jan 18 03:25 Repeat$_initialize_Repeat$__i_sL_0.class
-rw-rw-r--   1 travis travis   519 Jan 18 03:25 Repeat$_initialize_Repeat$__i_sL_3.class
-rw-rw-r--   1 travis travis 39778 Jan 18 03:25 Repeat.java
-rw-rw-r--   1 travis travis  1281 Jan 18 03:25 Repeat.mk
-rw-rw-r--   1 travis travis   520 Jan 18 03:25 Repeat$_preinitializeMethod_Repeat$__p_sL_0.class
-rw-rw-r--   1 travis travis   520 Jan 18 03:25 Repeat$_preinitializeMethod_Repeat$__p_sL_1.class
-rw-rw-r--   1 travis travis  1083 Jan 18 03:25 Repeat$_Repeat$_fireFunction_Repeat_AddSubtract_Repeat.class
-rw-rw-r--   1 travis travis   791 Jan 18 03:25 Repeat$_Repeat$_fireFunction_Repeat_AddSubtract_Repeat$__f_sL_0.class
-rw-rw-r--   1 travis travis   909 Jan 18 03:25 Repeat$_Repeat$_fireFunction_Repeat_AddSubtract_Repeat$__f_sL_1.class
-rw-rw-r--   1 travis travis   915 Jan 18 03:25 Repeat$_Repeat$_fireFunction_Repeat_AddSubtract_Repeat$__f_sL_2.class
-rw-rw-r--   1 travis travis   838 Jan 18 03:25 Repeat$_Repeat$_fireFunction_Repeat_Ramp2_Repeat$__f_sL_1.class
-rw-rw-r--   1 travis travis  1785 Jan 18 03:25 Repeat$_Repeat$_fireFunction_Repeat_Test_Repeat$__f_sL_2.class
-rw-rw-r--   1 travis travis   685 Jan 18 03:25 Repeat$_Repeat_SDF_Director_run_Repeat$__R_sL_0.class
-rw-rw-r--   1 travis travis   540 Jan 18 03:25 Repeat$_Repeat_SDF_Director_run_Repeat$__R_sL_1.class
-rw-rw-r--   1 travis travis   540 Jan 18 03:25 Repeat$_Repeat_SDF_Director_run_Repeat$__R_sL_2.class
-rw-rw-r--   1 travis travis   540 Jan 18 03:25 Repeat$_Repeat_SDF_Director_run_Repeat$__R_sL_4.class
-rw-rw-r--   1 travis travis   540 Jan 18 03:25 Repeat$_Repeat_SDF_Director_run_Repeat$__R_sL_5.class
-rw-rw-r--   1 travis travis   691 Jan 18 03:25 Repeat$_Repeat_SDF_Director_run_Repeat$__R_sL_6.class
-rw-rw-r--   1 travis travis   540 Jan 18 03:25 Repeat$_Repeat_SDF_Director_run_Repeat$__R_sL_7.class
-rw-rw-r--   1 travis travis   863 Jan 18 03:25 Repeat$_varinit_Repeat.class
-rw-rw-r--   1 travis travis   530 Jan 18 03:25 Repeat$_varinit_Repeat$__v_sL_1.class
-rw-rw-r--   1 travis travis   531 Jan 18 03:25 Repeat$_varinit_Repeat$__v_sL_2.class
-rw-rw-r--   1 travis travis   905 Jan 18 03:25 Repeat$_varinit_Repeat$__v_sL_4.class
-rw-rw-r--   1 travis travis   635 Jan 18 03:25 Repeat$_wrapup_Repeat.class
-rw-rw-r--   1 travis travis   965 Jan 18 03:25 Repeat$_wrapup_Repeat$__w_sL_1.class
-rw-rw-r--   1 travis travis   289 Jan 18 03:19 result.csv
drwxrwxr-x   3 travis travis 12288 Jan 18 03:23 Scrambler1
drwxrwxr-x   3 travis travis 20480 Jan 18 03:22 Sinewave2
drwxrwxr-x   3 travis travis 69632 Jan 18 03:23 StringCompare
drwxrwxr-x   3 travis travis 32768 Jan 18 03:23 StringFunction
drwxrwxr-x   3 travis travis 12288 Jan 18 03:23 StringLength
drwxrwxr-x   3 travis travis 57344 Jan 18 03:24 StringSimpleReplace
drwxrwxr-x   3 travis travis 12288 Jan 18 03:24 time2
drwxrwxr-x   3 travis travis 12288 Jan 18 03:25 time5
-rw-rw-r--   1 travis travis   432 Jan 18 03:25 Token.class
-rw-rw-r--   1 travis travis   251 Jan 18 03:25 Token.java
-rw-rw-r--   1 travis travis     0 Jan 18 03:25 top.
-rw-rw-r--   1 travis travis 20502 Jan 18 03:19 top.c
-rw-rw-r--   1 travis travis  3567 Jan 18 03:25 top.class
-rw-rw-r--   1 travis travis   169 Jan 18 03:19 top.html
-rw-rw-r--   1 travis travis  7552 Jan 18 03:25 top.java
-rw-rw-r--   1 travis travis 38888 Jan 18 03:19 top.o
drwxrwxr-x   3 travis travis 57344 Jan 18 03:22 UnaryMathFunction
In "/home/travis/cg", about to execute:
    javac -classpath
.:/home/travis/build/icyphy/ptII:/home/travis/build/icyphy/ptII/lib/bsh-2.0b4.j
ar:/home/travis/build/icyphy/ptII/lib/ptCal.jar:/home/travis/build/icyphy/ptII/
lib/java_cup.jar:/home/travis/build/icyphy/ptII/lib/saxon8.jar:/home/travis/bui
ld/icyphy/ptII/lib/saxon8-dom.jar:/home/travis/build/icyphy/ptII/lib/chic.jar:/
home/travis/build/icyphy/ptII/lib/ptcolt.jar:/usr/lib/jvm/java-8-oracle/lib/too
ls.jar:/usr/lib/eclipse/plugins/org.eclipse.jdt.core_3.8.2.dist.jar:/usr/lib/ec
lipse/plugins/org.eclipse.core.runtime_3.8.0.dist.jar:/usr/lib/eclipse/plugins/
org.eclipse.osgi_3.8.1.dist.jar:/usr/lib/eclipse/plugins/org.eclipse.core.resou
rces_3.8.1.dist.jar:/usr/lib/eclipse/plugins/org.eclipse.equinox.common_3.6.100
.dist.jar:/usr/lib/eclipse/plugins/org.eclipse.core.jobs_3.5.200.dist.jar:/usr/
lib/eclipse/plugins/org.eclipse.core.contenttype_3.4.200.dist.jar:/usr/lib/ecli
pse/plugins/org.eclipse.equinox.preferences_3.5.0.dist.jar:/usr/lib/eclipse/plu
gins/org.eclipse.text_3.5.200.dist.jar:/usr/lib/eclipse/plugins/org.eclipse.ui.
workbench_3.8.1.dist.jar:/usr/lib/eclipse/plugins/org.eclipse.jface_3.8.0.dist.
jar:/usr/lib/eclipse/plugins/org.eclipse.swt_3.8.2.jar:/usr/lib/eclipse/plugins
/org.eclipse.jface.text_3.8.1.dist.jar:/usr/lib/eclipse/plugins/org.eclipse.ui.
workbench.texteditor_3.8.0.dist.jar:/usr/lib/eclipse/plugins/org.eclipse.ui.edi
tors_3.8.0.dist.jar:/usr/lib/eclipse/plugins/org.eclipse.core.commands_3.6.1.di
st.jar:/usr/lib/eclipse/plugins/org.eclipse.equinox.registry_3.5.200.dist.jar:/
usr/lib/eclipse/plugins/org.eclipse.ui.console_3.5.100.dist.jar:/usr/lib/eclips
e/plugins/org.eclipse.ui.forms_3.5.200.dist.jar:/usr/lib/eclipse/plugins/org.ec
lipse.ui.ide_3.8.1.dist.jar:/home/travis/build/icyphy/ptII/vendors/oracle/dbxml
.jar:/home/travis/build/icyphy/ptII/vendors/oracle/db.jar:/home/travis/build/ic
yphy/ptII/vendors/misc/itext/iText.jar:/home/travis/build/icyphy/ptII/lib/g4ltl
.jar:/home/travis/build/icyphy/ptII/lib/StructuralCoder.jar:/home/travis/build/
icyphy/ptII/lib/org-openide-util.jar:/home/travis/build/icyphy/ptII/lib/org-ope
nide-util-lookup.jar:/home/travis/build/icyphy/ptII/lib/org-netbeans-api-visual
.jar:/home/travis/build/icyphy/ptII/vendors/jai-1_1_2_01/lib/jai_core.jar:/home
/travis/build/icyphy/ptII/vendors/jai-1_1_2_01/lib/jai_codec.jar:/home/travis/b
uild/icyphy/ptII/lib/jcerti.jar:/home/travis/build/icyphy/ptII/lib/smack.jar:/h
ome/travis/build/icyphy/ptII/lib/smackx.jar:/home/travis/build/icyphy/ptII/lib/
jetty-all-8.1.5-v20120716.jar:/home/travis/build/icyphy/ptII/lib/javax.servlet-
api-3.0.1.jar:/home/travis/build/icyphy/ptII/lib/javax.mail.jar:/home/travis/bu
ild/icyphy/ptII/vendors/JMF-2.1.1e/lib/jmf.jar:/home/travis/build/icyphy/ptII/l
ib/jna-4.0.0-variadic.jar:/home/travis/build/icyphy/ptII/vendors/misc/joystick/
Joystick.jar:/home/travis/build/icyphy/ptII/lib/ptjacl.jar:/home/travis/build/i
cyphy/ptII/lib/jsoup-1.8.2.jar:/home/travis/build/icyphy/ptII/lib/junit-4.8.2.j
ar:/home/travis/build/icyphy/ptII/lib/JUnitParams-0.4.0.jar:/home/travis/build/
icyphy/ptII/ptolemy/actor/lib/excel/jxl.jar:/home/travis/build/icyphy/ptII/lib/
jython.jar:/home/travis/build/icyphy/ptII/lib/kieler.jar:/home/travis/build/icy
phy/ptII/vendors/opencv/share/OpenCV/java/opencv-341.jar:/home/travis/build/icy
phy/ptII/lib/oscP5.jar:/home/travis/build/icyphy/ptII/lib/nrjavaserial-3.11.0.d
evel.jar:/home/travis/build/icyphy/ptII/vendors/j3d/lib/j3dcore.jar:/home/travi
s/build/icyphy/ptII/vendors/j3d/lib/j3dutils.jar:/home/travis/build/icyphy/ptII
/vendors/j3d/lib/vecmath.jar:/home/travis/build/icyphy/ptII/ptolemy/distributed
/jini/jar/jini-core.jar:/home/travis/build/icyphy/ptII/ptolemy/distributed/jini
/jar/jini-ext.jar:/home/travis/build/icyphy/ptII/ptolemy/distributed/jini/jar/s
un-util.jar:/home/travis/build/icyphy/ptII/lib/protobuf-java-2.4.1.jar:/home/tr
avis/build/icyphy/ptII/lib/org.eclipse.paho.client.mqttv3.jar:/home/travis/buil
d/icyphy/ptII/ptserver/lib/hessian-4.0.7.jar:/home/travis/build/icyphy/ptII/pts
erver/lib/wmqtt.jar:/home/travis/build/icyphy/ptII/lib/mapss.jar:/home/travis/b
uild/icyphy/ptII/ptolemy/actor/ptalon/antlr/antlr.jar:/home/travis/build/icyphy
/ptII/lib/JRI.jar:/home/travis/build/icyphy/ptII/lib/commons-lang-2.6.jar:/home
/travis/build/icyphy/ptII/lib/commons-logging-1.1.1.jar:/home/travis/build/icyp
hy/ptII/lib/sootclasses.jar:/home/travis/build/icyphy/ptII/ptolemy/actor/lib/da
tabase/mysql-connector-java-5.1.6-bin.jar:/home/travis/build/icyphy/ptII/vendor
s/misc/sphinx4/sphinx4-data-5prealpha.jar:/home/travis/build/icyphy/ptII/vendor
s/misc/sphinx4/sphinx4-core-5prealpha.jar:/home/travis/build/icyphy/ptII/lib/PD
FRenderer.jar:/home/travis/build/icyphy/ptII/lib/svgSalamander.jar:/home/travis
/build/icyphy/ptII/lib/rsyntaxtextarea-2.6.0-SNAPSHOT.jar:/home/travis/build/ic
yphy/ptII/lib/hazelcast-3.8.2.jar:/home/travis/build/icyphy/ptII/lib/jackson-an
notations-2.9.0.jar:/home/travis/build/icyphy/ptII/lib/jackson-core-2.9.3.jar:/
home/travis/build/icyphy/ptII/lib/jackson-databind-2.9.3.jar:/home/travis/build
/icyphy/ptII/lib/netty-buffer-4.1.19.Final.jar:/home/travis/build/icyphy/ptII/l
ib/netty-codec-4.1.19.Final.jar:/home/travis/build/icyphy/ptII/lib/netty-codec-
dns-4.1.19.Final.jar:/home/travis/build/icyphy/ptII/lib/netty-codec-http-4.1.19
.Final.jar:/home/travis/build/icyphy/ptII/lib/netty-codec-http2-4.1.19.Final.ja
r:/home/travis/build/icyphy/ptII/lib/netty-common-4.1.19.Final.jar:/home/travis
/build/icyphy/ptII/lib/netty-handler-4.1.19.Final.jar:/home/travis/build/icyphy
/ptII/lib/netty-resolver-4.1.19.Final.jar:/home/travis/build/icyphy/ptII/lib/ne
tty-resolver-dns-4.1.19.Final.jar:/home/travis/build/icyphy/ptII/lib/netty-tran
sport-4.1.19.Final.jar:/home/travis/build/icyphy/ptII/lib/vertx-codegen-3.5.1.j
ar:/home/travis/build/icyphy/ptII/lib/vertx-core-3.5.2-SNAPSHOT.jar:/home/travi
s/build/icyphy/ptII/lib/vertx-hazelcast-3.5.1.jar:/home/travis/build/icyphy/ptI
I/lib/vertx-lang-js-3.5.1.jar:/home/travis/build/icyphy/ptII/lib/vertx-service-
proxy-3.5.1.jar:/home/travis/build/icyphy/ptII/lib/vertx-web-3.5.1.jar:/home/tr
avis/build/icyphy/ptII/lib/slf4j-api-1.7.13.jar:/home/travis/build/icyphy/ptII/
lib/slf4j-simple-1.7.13.jar:/home/travis/build/icyphy/ptII/lib/webcam-capture-0
.3.12.jar:/home/travis/build/icyphy/ptII/lib/bridj-0.7.0.jar:/home/travis/build
/icyphy/ptII/lib/xbjlib-1.1.0.nrjavaserial.jar:/home/travis/build/icyphy/ptII/p
tolemy/moml/test:/home/travis/build/icyphy/ptII/ant/lib/ant-launcher.jar:/home/
travis/build/icyphy/ptII/ant/lib/ant.jar:/home/travis/build/icyphy/ptII/ant/lib
/ant-junit.jar:/home/travis/build/icyphy/ptII/ant/lib/ant-junit4.jar:/home/trav
is/build/icyphy/ptII ModularCG_A2_B2_profile.java
warning: Supported source version 'RELEASE_6' from annotation processor 'org.netbeans.modules.openide.util.NbBundleProcessor' less than -source '1.8'
warning: Supported source version 'RELEASE_6' from annotation processor 'org.netbeans.modules.openide.util.URLStreamHandlerRegistrationProcessor' less than -source '1.8'
warning: Supported source version 'RELEASE_6' from annotation processor 'org.netbeans.modules.openide.util.ServiceProviderProcessor' less than -source '1.8'
3 warnings
All Done
Writing ModularCG_A2_B2.java in file:/home/travis/cg/ (9730 characters)
Reading "ptolemy/cg/kernel/generic/program/procedural/java/modular/makefile.in",
    writing "/home/travis/cg/ModularCG_A2_B2.mk"
Using ptolemy/cg/kernel/generic/program/procedural/java/modular/makefile.in
In "/home/travis/cg", about to execute:
    make -f ModularCG_A2_B2.mk
javac -classpath ".:.."    ModularCG_A2_B2.java
All Done
In "/home/travis/cg", about to execute:
    pwd
/home/travis/cg
In "/home/travis/cg", about to execute:
    ls -l
In "/home/travis/cg", about to execute:
    javac -classpath
.:/home/travis/build/icyphy/ptII:/home/travis/build/icyphy/ptII/lib/bsh-2.0b4.j
ar:/home/travis/build/icyphy/ptII/lib/ptCal.jar:/home/travis/build/icyphy/ptII/
lib/java_cup.jar:/home/travis/build/icyphy/ptII/lib/saxon8.jar:/home/travis/bui
ld/icyphy/ptII/lib/saxon8-dom.jar:/home/travis/build/icyphy/ptII/lib/chic.jar:/
home/travis/build/icyphy/ptII/lib/ptcolt.jar:/usr/lib/jvm/java-8-oracle/lib/too
ls.jar:/usr/lib/eclipse/plugins/org.eclipse.jdt.core_3.8.2.dist.jar:/usr/lib/ec
lipse/plugins/org.eclipse.core.runtime_3.8.0.dist.jar:/usr/lib/eclipse/plugins/
org.eclipse.osgi_3.8.1.dist.jar:/usr/lib/eclipse/plugins/org.eclipse.core.resou
rces_3.8.1.dist.jar:/usr/lib/eclipse/plugins/org.eclipse.equinox.common_3.6.100
.dist.jar:/usr/lib/eclipse/plugins/org.eclipse.core.jobs_3.5.200.dist.jar:/usr/
lib/eclipse/plugins/org.eclipse.core.contenttype_3.4.200.dist.jar:/usr/lib/ecli
pse/plugins/org.eclipse.equinox.preferences_3.5.0.dist.jar:/usr/lib/eclipse/plu
gins/org.eclipse.text_3.5.200.dist.jar:/usr/lib/eclipse/plugins/org.eclipse.ui.
workbench_3.8.1.dist.jar:/usr/lib/eclipse/plugins/org.eclipse.jface_3.8.0.dist.
jar:/usr/lib/eclipse/plugins/org.eclipse.swt_3.8.2.jar:/usr/lib/eclipse/plugins
/org.eclipse.jface.text_3.8.1.dist.jar:/usr/lib/eclipse/plugins/org.eclipse.ui.
workbench.texteditor_3.8.0.dist.jar:/usr/lib/eclipse/plugins/org.eclipse.ui.edi
tors_3.8.0.dist.jar:/usr/lib/eclipse/plugins/org.eclipse.core.commands_3.6.1.di
st.jar:/usr/lib/eclipse/plugins/org.eclipse.equinox.registry_3.5.200.dist.jar:/
usr/lib/eclipse/plugins/org.eclipse.ui.console_3.5.100.dist.jar:/usr/lib/eclips
e/plugins/org.eclipse.ui.forms_3.5.200.dist.jar:/usr/lib/eclipse/plugins/org.ec
lipse.ui.ide_3.8.1.dist.jar:/home/travis/build/icyphy/ptII/vendors/oracle/dbxml
.jar:/home/travis/build/icyphy/ptII/vendors/oracle/db.jar:/home/travis/build/ic
yphy/ptII/vendors/misc/itext/iText.jar:/home/travis/build/icyphy/ptII/lib/g4ltl
.jar:/home/travis/build/icyphy/ptII/lib/StructuralCoder.jar:/home/travis/build/
icyphy/ptII/lib/org-openide-util.jar:/home/travis/build/icyphy/ptII/lib/org-ope
nide-util-lookup.jar:/home/travis/build/icyphy/ptII/lib/org-netbeans-api-visual
.jar:/home/travis/build/icyphy/ptII/vendors/jai-1_1_2_01/lib/jai_core.jar:/home
/travis/build/icyphy/ptII/vendors/jai-1_1_2_01/lib/jai_codec.jar:/home/travis/b
uild/icyphy/ptII/lib/jcerti.jar:/home/travis/build/icyphy/ptII/lib/smack.jar:/h
ome/travis/build/icyphy/ptII/lib/smackx.jar:/home/travis/build/icyphy/ptII/lib/
jetty-all-8.1.5-v20120716.jar:/home/travis/build/icyphy/ptII/lib/javax.servlet-
api-3.0.1.jar:/home/travis/build/icyphy/ptII/lib/javax.mail.jar:/home/travis/bu
ild/icyphy/ptII/vendors/JMF-2.1.1e/lib/jmf.jar:/home/travis/build/icyphy/ptII/l
ib/jna-4.0.0-variadic.jar:/home/travis/build/icyphy/ptII/vendors/misc/joystick/
Joystick.jar:/home/travis/build/icyphy/ptII/lib/ptjacl.jar:/home/travis/build/i
cyphy/ptII/lib/jsoup-1.8.2.jar:/home/travis/build/icyphy/ptII/lib/junit-4.8.2.j
ar:/home/travis/build/icyphy/ptII/lib/JUnitParams-0.4.0.jar:/home/travis/build/
icyphy/ptII/ptolemy/actor/lib/excel/jxl.jar:/home/travis/build/icyphy/ptII/lib/
jython.jar:/home/travis/build/icyphy/ptII/lib/kieler.jar:/home/travis/build/icy
phy/ptII/vendors/opencv/share/OpenCV/java/opencv-341.jar:/home/travis/build/icy
phy/ptII/lib/oscP5.jar:/home/travis/build/icyphy/ptII/lib/nrjavaserial-3.11.0.d
evel.jar:/home/travis/build/icyphy/ptII/vendors/j3d/lib/j3dcore.jar:/home/travi
s/build/icyphy/ptII/vendors/j3d/lib/j3dutils.jar:/home/travis/build/icyphy/ptII
/vendors/j3d/lib/vecmath.jar:/home/travis/build/icyphy/ptII/ptolemy/distributed
/jini/jar/jini-core.jar:/home/travis/build/icyphy/ptII/ptolemy/distributed/jini
/jar/jini-ext.jar:/home/travis/build/icyphy/ptII/ptolemy/distributed/jini/jar/s
un-util.jar:/home/travis/build/icyphy/ptII/lib/protobuf-java-2.4.1.jar:/home/tr
avis/build/icyphy/ptII/lib/org.eclipse.paho.client.mqttv3.jar:/home/travis/buil
d/icyphy/ptII/ptserver/lib/hessian-4.0.7.jar:/home/travis/build/icyphy/ptII/pts
erver/lib/wmqtt.jar:/home/travis/build/icyphy/ptII/lib/mapss.jar:/home/travis/b
uild/icyphy/ptII/ptolemy/actor/ptalon/antlr/antlr.jar:/home/travis/build/icyphy
/ptII/lib/JRI.jar:/home/travis/build/icyphy/ptII/lib/commons-lang-2.6.jar:/home
/travis/build/icyphy/ptII/lib/commons-logging-1.1.1.jar:/home/travis/build/icyp
hy/ptII/lib/sootclasses.jar:/home/travis/build/icyphy/ptII/ptolemy/actor/lib/da
tabase/mysql-connector-java-5.1.6-bin.jar:/home/travis/build/icyphy/ptII/vendor
s/misc/sphinx4/sphinx4-data-5prealpha.jar:/home/travis/build/icyphy/ptII/vendor
s/misc/sphinx4/sphinx4-core-5prealpha.jar:/home/travis/build/icyphy/ptII/lib/PD
FRenderer.jar:/home/travis/build/icyphy/ptII/lib/svgSalamander.jar:/home/travis
/build/icyphy/ptII/lib/rsyntaxtextarea-2.6.0-SNAPSHOT.jar:/home/travis/build/ic
yphy/ptII/lib/hazelcast-3.8.2.jar:/home/travis/build/icyphy/ptII/lib/jackson-an
notations-2.9.0.jar:/home/travis/build/icyphy/ptII/lib/jackson-core-2.9.3.jar:/
home/travis/build/icyphy/ptII/lib/jackson-databind-2.9.3.jar:/home/travis/build
/icyphy/ptII/lib/netty-buffer-4.1.19.Final.jar:/home/travis/build/icyphy/ptII/l
ib/netty-codec-4.1.19.Final.jar:/home/travis/build/icyphy/ptII/lib/netty-codec-
dns-4.1.19.Final.jar:/home/travis/build/icyphy/ptII/lib/netty-codec-http-4.1.19
.Final.jar:/home/travis/build/icyphy/ptII/lib/netty-codec-http2-4.1.19.Final.ja
r:/home/travis/build/icyphy/ptII/lib/netty-common-4.1.19.Final.jar:/home/travis
/build/icyphy/ptII/lib/netty-handler-4.1.19.Final.jar:/home/travis/build/icyphy
/ptII/lib/netty-resolver-4.1.19.Final.jar:/home/travis/build/icyphy/ptII/lib/ne
tty-resolver-dns-4.1.19.Final.jar:/home/travis/build/icyphy/ptII/lib/netty-tran
sport-4.1.19.Final.jar:/home/travis/build/icyphy/ptII/lib/vertx-codegen-3.5.1.j
ar:/home/travis/build/icyphy/ptII/lib/vertx-core-3.5.2-SNAPSHOT.jar:/home/travi
s/build/icyphy/ptII/lib/vertx-hazelcast-3.5.1.jar:/home/travis/build/icyphy/ptI
I/lib/vertx-lang-js-3.5.1.jar:/home/travis/build/icyphy/ptII/lib/vertx-service-
proxy-3.5.1.jar:/home/travis/build/icyphy/ptII/lib/vertx-web-3.5.1.jar:/home/tr
avis/build/icyphy/ptII/lib/slf4j-api-1.7.13.jar:/home/travis/build/icyphy/ptII/
lib/slf4j-simple-1.7.13.jar:/home/travis/build/icyphy/ptII/lib/webcam-capture-0
.3.12.jar:/home/travis/build/icyphy/ptII/lib/bridj-0.7.0.jar:/home/travis/build
/icyphy/ptII/lib/xbjlib-1.1.0.nrjavaserial.jar:/home/travis/build/icyphy/ptII/p
tolemy/moml/test:/home/travis/build/icyphy/ptII/ant/lib/ant-launcher.jar:/home/
travis/build/icyphy/ptII/ant/lib/ant.jar:/home/travis/build/icyphy/ptII/ant/lib
/ant-junit.jar:/home/travis/build/icyphy/ptII/ant/lib/ant-junit4.jar:/home/trav
is/build/icyphy/ptII ModularCG_A2_profile.java
total 1168
drwxrwxr-x   3 travis travis 12288 Jan 18 03:20 AbsoluteValue
drwxrwxr-x   3 travis travis 16384 Jan 18 03:20 Case1
drwxrwxr-x   3 travis travis 32768 Jan 18 03:20 Case2
-rw-rw-r--   1 travis travis  4895 Jan 18 03:25 CompiledCompositeActor_CompiledCompositeActor.class
-rw-rw-r--   1 travis travis  1592 Jan 18 03:25 CompiledCompositeActor_CompiledCompositeActor$_CompiledCompositeActor_CompiledCompositeActor.class
-rw-rw-r--   1 travis travis 13466 Jan 18 03:25 CompiledCompositeActor_CompiledCompositeActor.java
-rw-rw-r--   1 travis travis  1593 Jan 18 03:25 CompiledCompositeActor_CompiledCompositeActor.mk
drwxrwxr-x   3 travis travis 24576 Jan 18 03:23 DeScrambler
drwxrwxr-x   3 travis travis 16384 Jan 18 03:24 DotProduct
drwxrwxr-x   3 travis travis 12288 Jan 18 03:21 FileWriter1
drwxrwxr-x   3 travis travis 20480 Jan 18 03:20 FixToDoubleAndBack
drwxrwxr-x   3 travis travis 16384 Jan 18 03:21 Gaussian1
drwxrwxr-x   3 travis travis 20480 Jan 18 03:21 Gaussian2
-rw-rw-r--   1 travis travis  4457 Jan 18 03:25 JavaCompiledCompositeTest1_CompiledCompositeActor.class
-rw-rw-r--   1 travis travis 11637 Jan 18 03:25 JavaCompiledCompositeTest1_CompiledCompositeActor.java
-rw-rw-r--   1 travis travis  1198 Jan 18 03:25 JavaCompiledCompositeTest1_CompiledCompositeActor$_JavaCompiledCompositeTest1_CompiledCompositeActor.class
-rw-rw-r--   1 travis travis  1625 Jan 18 03:25 JavaCompiledCompositeTest1_CompiledCompositeActor.mk
-rw-rw-r--   1 travis travis  4888 Jan 18 03:25 JavaCompiledCompositeTest2_CompiledCompositeActor.class
-rw-rw-r--   1 travis travis 14919 Jan 18 03:25 JavaCompiledCompositeTest2_CompiledCompositeActor.java
-rw-rw-r--   1 travis travis  1793 Jan 18 03:25 JavaCompiledCompositeTest2_CompiledCompositeActor$_JavaCompiledCompositeTest2_CompiledCompositeActor.class
-rw-rw-r--   1 travis travis  1625 Jan 18 03:25 JavaCompiledCompositeTest2_CompiledCompositeActor.mk
-rw-rw-r--   1 travis travis  4505 Jan 18 03:25 JavaCompiledCompositeTest3_CompiledCompositeActor.class
-rw-rw-r--   1 travis travis 13080 Jan 18 03:25 JavaCompiledCompositeTest3_CompiledCompositeActor.java
-rw-rw-r--   1 travis travis  1378 Jan 18 03:25 JavaCompiledCompositeTest3_CompiledCompositeActor$_JavaCompiledCompositeTest3_CompiledCompositeActor.class
-rw-rw-r--   1 travis travis  1625 Jan 18 03:25 JavaCompiledCompositeTest3_CompiledCompositeActor.mk
-rw-rw-r--   1 travis travis  3953 Jan 18 03:25 JavaCompiledCompositeTest4_CompiledCompositeActor.class
-rw-rw-r--   1 travis travis  9687 Jan 18 03:25 JavaCompiledCompositeTest4_CompiledCompositeActor.java
-rw-rw-r--   1 travis travis   857 Jan 18 03:25 JavaCompiledCompositeTest4_CompiledCompositeActor$_JavaCompiledCompositeTest4_CompiledCompositeActor.class
-rw-rw-r--   1 travis travis  1625 Jan 18 03:25 JavaCompiledCompositeTest4_CompiledCompositeActor.mk
drwxrwxr-x   3 travis travis 12288 Jan 18 03:21 LookupTable
drwxrwxr-x   3 travis travis 20480 Jan 18 03:21 MaxIndex
-rw-rw-r--   1 travis travis  3693 Jan 18 03:25 ModularCG_A1_B1.class
-rw-rw-r--   1 travis travis  9730 Jan 18 03:25 ModularCG_A1_B1.java
-rw-rw-r--   1 travis travis   832 Jan 18 03:25 ModularCG_A1_B1.mk
-rw-rw-r--   1 travis travis  1318 Jan 18 03:25 ModularCG_A1_B1_profile.class
-rw-rw-r--   1 travis travis  1262 Jan 18 03:25 ModularCG_A1_B1_profile.java
-rw-rw-r--   1 travis travis  3693 Jan 18 03:25 ModularCG_A1_B2.class
-rw-rw-r--   1 travis travis  9730 Jan 18 03:25 ModularCG_A1_B2.java
-rw-rw-r--   1 travis travis   832 Jan 18 03:25 ModularCG_A1_B2.mk
-rw-rw-r--   1 travis travis  1318 Jan 18 03:25 ModularCG_A1_B2_profile.class
-rw-rw-r--   1 travis travis  1262 Jan 18 03:25 ModularCG_A1_B2_profile.java
-rw-rw-r--   1 travis travis  4799 Jan 18 03:25 ModularCG_A1.class
-rw-rw-r--   1 travis travis 14742 Jan 18 03:25 ModularCG_A1.java
-rw-rw-r--   1 travis travis   808 Jan 18 03:25 ModularCG_A1.mk
-rw-rw-r--   1 travis travis  1433 Jan 18 03:25 ModularCG_A1_profile.class
-rw-rw-r--   1 travis travis  1704 Jan 18 03:25 ModularCG_A1_profile.java
-rw-rw-r--   1 travis travis  3827 Jan 18 03:25 ModularCG_A2_B1.class
-rw-rw-r--   1 travis travis 10667 Jan 18 03:25 ModularCG_A2_B1.java
-rw-rw-r--   1 travis travis   832 Jan 18 03:25 ModularCG_A2_B1.mk
-rw-rw-r--   1 travis travis  1381 Jan 18 03:25 ModularCG_A2_B1_profile.class
-rw-rw-r--   1 travis travis  1446 Jan 18 03:25 ModularCG_A2_B1_profile.java
-rw-rw-r--   1 travis travis  3693 Jan 18 03:25 ModularCG_A2_B2.class
-rw-rw-r--   1 travis travis  9730 Jan 18 03:25 ModularCG_A2_B2.java
-rw-rw-r--   1 travis travis   832 Jan 18 03:25 ModularCG_A2_B2.mk
-rw-rw-r--   1 travis travis  1318 Jan 18 03:25 ModularCG_A2_B2_profile.class
-rw-rw-r--   1 travis travis  1262 Jan 18 03:25 ModularCG_A2_B2_profile.java
-rw-rw-r--   1 travis travis  1704 Jan 18 03:25 ModularCG_A2_profile.java
-rw-rw-r--   1 travis travis  3492 Jan 18 03:25 ModularCodeGenTest_A1_A2.class
-rw-rw-r--   1 travis travis   904 Jan 18 03:25 ModularCodeGenTest_A1_A2.mk
-rw-rw-r--   1 travis travis  1306 Jan 18 03:25 ModularCodeGenTest_A1_A2_profile.class
-rw-rw-r--   1 travis travis  9968 Jan 18 03:25 ModularCodeGenTest_A1.java
-rw-rw-r--   1 travis travis   880 Jan 18 03:25 ModularCodeGenTest_A1.mk
drwxrwxr-x   3 travis travis 36864 Jan 18 03:25 modulation2
drwxrwxr-x   3 travis travis 20480 Jan 18 03:21 Multiplexor
drwxrwxr-x 249 travis travis 12288 Jan 18 03:25 node_modules
drwxrwxr-x   3 travis travis 20480 Jan 18 03:22 PhaseUnwrap
-rw-rw-r--   1 travis travis   520 Jan 18 03:25 Repeat$_fireFunction_Repeat_Repeat$__f_sL_0.class
-rw-rw-r--   1 travis travis   522 Jan 18 03:25 Repeat$_fireFunction_Repeat_Repeat$__f_sL_10.class
-rw-rw-r--   1 travis travis   666 Jan 18 03:25 Repeat$_fireFunction_Repeat_Repeat$__f_sL_11.class
-rw-rw-r--   1 travis travis   522 Jan 18 03:25 Repeat$_fireFunction_Repeat_Repeat$__f_sL_13.class
-rw-rw-r--   1 travis travis   665 Jan 18 03:25 Repeat$_fireFunction_Repeat_Repeat$__f_sL_1.class
-rw-rw-r--   1 travis travis   520 Jan 18 03:25 Repeat$_fireFunction_Repeat_Repeat$__f_sL_2.class
-rw-rw-r--   1 travis travis   520 Jan 18 03:25 Repeat$_fireFunction_Repeat_Repeat$__f_sL_3.class
-rw-rw-r--   1 travis travis   520 Jan 18 03:25 Repeat$_fireFunction_Repeat_Repeat$__f_sL_5.class
-rw-rw-r--   1 travis travis   671 Jan 18 03:25 Repeat$_fireFunction_Repeat_Repeat$__f_sL_7.class
-rw-rw-r--   1 travis travis   520 Jan 18 03:25 Repeat$_fireFunction_Repeat_Repeat$__f_sL_9.class
-rw-rw-r--   1 travis travis   813 Jan 18 03:25 Repeat$_initialize_Repeat.class
-rw-rw-r--   1 travis travis   475 Jan 18 03:25 Repeat$_initialize_Repeat$__i_sL_0.class
-rw-rw-r--   1 travis travis   519 Jan 18 03:25 Repeat$_initialize_Repeat$__i_sL_3.class
-rw-rw-r--   1 travis travis 39778 Jan 18 03:25 Repeat.java
-rw-rw-r--   1 travis travis  1281 Jan 18 03:25 Repeat.mk
-rw-rw-r--   1 travis travis   520 Jan 18 03:25 Repeat$_preinitializeMethod_Repeat$__p_sL_0.class
-rw-rw-r--   1 travis travis   520 Jan 18 03:25 Repeat$_preinitializeMethod_Repeat$__p_sL_1.class
-rw-rw-r--   1 travis travis  1083 Jan 18 03:25 Repeat$_Repeat$_fireFunction_Repeat_AddSubtract_Repeat.class
-rw-rw-r--   1 travis travis   791 Jan 18 03:25 Repeat$_Repeat$_fireFunction_Repeat_AddSubtract_Repeat$__f_sL_0.class
-rw-rw-r--   1 travis travis   909 Jan 18 03:25 Repeat$_Repeat$_fireFunction_Repeat_AddSubtract_Repeat$__f_sL_1.class
-rw-rw-r--   1 travis travis   915 Jan 18 03:25 Repeat$_Repeat$_fireFunction_Repeat_AddSubtract_Repeat$__f_sL_2.class
-rw-rw-r--   1 travis travis   838 Jan 18 03:25 Repeat$_Repeat$_fireFunction_Repeat_Ramp2_Repeat$__f_sL_1.class
-rw-rw-r--   1 travis travis  1785 Jan 18 03:25 Repeat$_Repeat$_fireFunction_Repeat_Test_Repeat$__f_sL_2.class
-rw-rw-r--   1 travis travis   685 Jan 18 03:25 Repeat$_Repeat_SDF_Director_run_Repeat$__R_sL_0.class
-rw-rw-r--   1 travis travis   540 Jan 18 03:25 Repeat$_Repeat_SDF_Director_run_Repeat$__R_sL_1.class
-rw-rw-r--   1 travis travis   540 Jan 18 03:25 Repeat$_Repeat_SDF_Director_run_Repeat$__R_sL_2.class
-rw-rw-r--   1 travis travis   540 Jan 18 03:25 Repeat$_Repeat_SDF_Director_run_Repeat$__R_sL_4.class
-rw-rw-r--   1 travis travis   540 Jan 18 03:25 Repeat$_Repeat_SDF_Director_run_Repeat$__R_sL_5.class
-rw-rw-r--   1 travis travis   691 Jan 18 03:25 Repeat$_Repeat_SDF_Director_run_Repeat$__R_sL_6.class
-rw-rw-r--   1 travis travis   540 Jan 18 03:25 Repeat$_Repeat_SDF_Director_run_Repeat$__R_sL_7.class
-rw-rw-r--   1 travis travis   863 Jan 18 03:25 Repeat$_varinit_Repeat.class
-rw-rw-r--   1 travis travis   530 Jan 18 03:25 Repeat$_varinit_Repeat$__v_sL_1.class
-rw-rw-r--   1 travis travis   531 Jan 18 03:25 Repeat$_varinit_Repeat$__v_sL_2.class
-rw-rw-r--   1 travis travis   905 Jan 18 03:25 Repeat$_varinit_Repeat$__v_sL_4.class
-rw-rw-r--   1 travis travis   635 Jan 18 03:25 Repeat$_wrapup_Repeat.class
-rw-rw-r--   1 travis travis   965 Jan 18 03:25 Repeat$_wrapup_Repeat$__w_sL_1.class
-rw-rw-r--   1 travis travis   289 Jan 18 03:19 result.csv
drwxrwxr-x   3 travis travis 12288 Jan 18 03:23 Scrambler1
drwxrwxr-x   3 travis travis 20480 Jan 18 03:22 Sinewave2
drwxrwxr-x   3 travis travis 69632 Jan 18 03:23 StringCompare
drwxrwxr-x   3 travis travis 32768 Jan 18 03:23 StringFunction
drwxrwxr-x   3 travis travis 12288 Jan 18 03:23 StringLength
drwxrwxr-x   3 travis travis 57344 Jan 18 03:24 StringSimpleReplace
drwxrwxr-x   3 travis travis 12288 Jan 18 03:24 time2
drwxrwxr-x   3 travis travis 12288 Jan 18 03:25 time5
-rw-rw-r--   1 travis travis   432 Jan 18 03:25 Token.class
-rw-rw-r--   1 travis travis   251 Jan 18 03:25 Token.java
-rw-rw-r--   1 travis travis     0 Jan 18 03:25 top.
-rw-rw-r--   1 travis travis 20502 Jan 18 03:19 top.c
-rw-rw-r--   1 travis travis  3567 Jan 18 03:25 top.class
-rw-rw-r--   1 travis travis   169 Jan 18 03:19 top.html
-rw-rw-r--   1 travis travis  7552 Jan 18 03:25 top.java
-rw-rw-r--   1 travis travis 38888 Jan 18 03:19 top.o
drwxrwxr-x   3 travis travis 57344 Jan 18 03:22 UnaryMathFunction
warning: Supported source version 'RELEASE_6' from annotation processor 'org.netbeans.modules.openide.util.NbBundleProcessor' less than -source '1.8'
warning: Supported source version 'RELEASE_6' from annotation processor 'org.netbeans.modules.openide.util.URLStreamHandlerRegistrationProcessor' less than -source '1.8'
warning: Supported source version 'RELEASE_6' from annotation processor 'org.netbeans.modules.openide.util.ServiceProviderProcessor' less than -source '1.8'
3 warnings
All Done
Writing ModularCG_A2.java in file:/home/travis/cg/ (15129 characters)
Reading "ptolemy/cg/kernel/generic/program/procedural/java/modular/makefile.in",
    writing "/home/travis/cg/ModularCG_A2.mk"
Using ptolemy/cg/kernel/generic/program/procedural/java/modular/makefile.in
In "/home/travis/cg", about to execute:
    make -f ModularCG_A2.mk
javac -classpath ".:.."    ModularCG_A2.java
All Done
Manager.initialize() finished: 15270 ms. Memory: 186368K Free: 160539K (86%)
15273 ms. Memory: 186368K Free: 160539K (86%)
----------------- Invoking toplevel() on ptolemy.moml.MoMLSimpleApplication@5fa255fc
----------------- Done invoking toplevel() on ptolemy.moml.MoMLSimpleApplication@5fa255fc
reloadAllAccessors: .ModularCG

===========================================================================================
----------------- testing Fri Jan 18 03:25:43 UTC 2019 /home/travis/build/icyphy/ptII/ptolemy/cg/lib/test/auto/ModularCGPubSub.xml
----------------- Instantiating /home/travis/build/icyphy/ptII/ptolemy/cg/lib/test/auto/ModularCGPubSub.xml
In "/home/travis/cg", about to execute:
    pwd
In "/home/travis/cg", about to execute:
    ls -l
/home/travis/cg
In "/home/travis/cg", about to execute:
    javac -classpath
.:/home/travis/build/icyphy/ptII:/home/travis/build/icyphy/ptII/lib/bsh-2.0b4.j
ar:/home/travis/build/icyphy/ptII/lib/ptCal.jar:/home/travis/build/icyphy/ptII/
lib/java_cup.jar:/home/travis/build/icyphy/ptII/lib/saxon8.jar:/home/travis/bui
ld/icyphy/ptII/lib/saxon8-dom.jar:/home/travis/build/icyphy/ptII/lib/chic.jar:/
home/travis/build/icyphy/ptII/lib/ptcolt.jar:/usr/lib/jvm/java-8-oracle/lib/too
ls.jar:/usr/lib/eclipse/plugins/org.eclipse.jdt.core_3.8.2.dist.jar:/usr/lib/ec
lipse/plugins/org.eclipse.core.runtime_3.8.0.dist.jar:/usr/lib/eclipse/plugins/
org.eclipse.osgi_3.8.1.dist.jar:/usr/lib/eclipse/plugins/org.eclipse.core.resou
rces_3.8.1.dist.jar:/usr/lib/eclipse/plugins/org.eclipse.equinox.common_3.6.100
.dist.jar:/usr/lib/eclipse/plugins/org.eclipse.core.jobs_3.5.200.dist.jar:/usr/
lib/eclipse/plugins/org.eclipse.core.contenttype_3.4.200.dist.jar:/usr/lib/ecli
pse/plugins/org.eclipse.equinox.preferences_3.5.0.dist.jar:/usr/lib/eclipse/plu
gins/org.eclipse.text_3.5.200.dist.jar:/usr/lib/eclipse/plugins/org.eclipse.ui.
workbench_3.8.1.dist.jar:/usr/lib/eclipse/plugins/org.eclipse.jface_3.8.0.dist.
jar:/usr/lib/eclipse/plugins/org.eclipse.swt_3.8.2.jar:/usr/lib/eclipse/plugins
/org.eclipse.jface.text_3.8.1.dist.jar:/usr/lib/eclipse/plugins/org.eclipse.ui.
workbench.texteditor_3.8.0.dist.jar:/usr/lib/eclipse/plugins/org.eclipse.ui.edi
tors_3.8.0.dist.jar:/usr/lib/eclipse/plugins/org.eclipse.core.commands_3.6.1.di
st.jar:/usr/lib/eclipse/plugins/org.eclipse.equinox.registry_3.5.200.dist.jar:/
usr/lib/eclipse/plugins/org.eclipse.ui.console_3.5.100.dist.jar:/usr/lib/eclips
e/plugins/org.eclipse.ui.forms_3.5.200.dist.jar:/usr/lib/eclipse/plugins/org.ec
lipse.ui.ide_3.8.1.dist.jar:/home/travis/build/icyphy/ptII/vendors/oracle/dbxml
.jar:/home/travis/build/icyphy/ptII/vendors/oracle/db.jar:/home/travis/build/ic
yphy/ptII/vendors/misc/itext/iText.jar:/home/travis/build/icyphy/ptII/lib/g4ltl
.jar:/home/travis/build/icyphy/ptII/lib/StructuralCoder.jar:/home/travis/build/
icyphy/ptII/lib/org-openide-util.jar:/home/travis/build/icyphy/ptII/lib/org-ope
nide-util-lookup.jar:/home/travis/build/icyphy/ptII/lib/org-netbeans-api-visual
.jar:/home/travis/build/icyphy/ptII/vendors/jai-1_1_2_01/lib/jai_core.jar:/home
/travis/build/icyphy/ptII/vendors/jai-1_1_2_01/lib/jai_codec.jar:/home/travis/b
uild/icyphy/ptII/lib/jcerti.jar:/home/travis/build/icyphy/ptII/lib/smack.jar:/h
ome/travis/build/icyphy/ptII/lib/smackx.jar:/home/travis/build/icyphy/ptII/lib/
jetty-all-8.1.5-v20120716.jar:/home/travis/build/icyphy/ptII/lib/javax.servlet-
api-3.0.1.jar:/home/travis/build/icyphy/ptII/lib/javax.mail.jar:/home/travis/bu
ild/icyphy/ptII/vendors/JMF-2.1.1e/lib/jmf.jar:/home/travis/build/icyphy/ptII/l
ib/jna-4.0.0-variadic.jar:/home/travis/build/icyphy/ptII/vendors/misc/joystick/
Joystick.jar:/home/travis/build/icyphy/ptII/lib/ptjacl.jar:/home/travis/build/i
cyphy/ptII/lib/jsoup-1.8.2.jar:/home/travis/build/icyphy/ptII/lib/junit-4.8.2.j
ar:/home/travis/build/icyphy/ptII/lib/JUnitParams-0.4.0.jar:/home/travis/build/
icyphy/ptII/ptolemy/actor/lib/excel/jxl.jar:/home/travis/build/icyphy/ptII/lib/
jython.jar:/home/travis/build/icyphy/ptII/lib/kieler.jar:/home/travis/build/icy
phy/ptII/vendors/opencv/share/OpenCV/java/opencv-341.jar:/home/travis/build/icy
phy/ptII/lib/oscP5.jar:/home/travis/build/icyphy/ptII/lib/nrjavaserial-3.11.0.d
evel.jar:/home/travis/build/icyphy/ptII/vendors/j3d/lib/j3dcore.jar:/home/travi
s/build/icyphy/ptII/vendors/j3d/lib/j3dutils.jar:/home/travis/build/icyphy/ptII
/vendors/j3d/lib/vecmath.jar:/home/travis/build/icyphy/ptII/ptolemy/distributed
/jini/jar/jini-core.jar:/home/travis/build/icyphy/ptII/ptolemy/distributed/jini
/jar/jini-ext.jar:/home/travis/build/icyphy/ptII/ptolemy/distributed/jini/jar/s
un-util.jar:/home/travis/build/icyphy/ptII/lib/protobuf-java-2.4.1.jar:/home/tr
avis/build/icyphy/ptII/lib/org.eclipse.paho.client.mqttv3.jar:/home/travis/buil
d/icyphy/ptII/ptserver/lib/hessian-4.0.7.jar:/home/travis/build/icyphy/ptII/pts
erver/lib/wmqtt.jar:/home/travis/build/icyphy/ptII/lib/mapss.jar:/home/travis/b
uild/icyphy/ptII/ptolemy/actor/ptalon/antlr/antlr.jar:/home/travis/build/icyphy
/ptII/lib/JRI.jar:/home/travis/build/icyphy/ptII/lib/commons-lang-2.6.jar:/home
/travis/build/icyphy/ptII/lib/commons-logging-1.1.1.jar:/home/travis/build/icyp
hy/ptII/lib/sootclasses.jar:/home/travis/build/icyphy/ptII/ptolemy/actor/lib/da
tabase/mysql-connector-java-5.1.6-bin.jar:/home/travis/build/icyphy/ptII/vendor
s/misc/sphinx4/sphinx4-data-5prealpha.jar:/home/travis/build/icyphy/ptII/vendor
s/misc/sphinx4/sphinx4-core-5prealpha.jar:/home/travis/build/icyphy/ptII/lib/PD
FRenderer.jar:/home/travis/build/icyphy/ptII/lib/svgSalamander.jar:/home/travis
/build/icyphy/ptII/lib/rsyntaxtextarea-2.6.0-SNAPSHOT.jar:/home/travis/build/ic
yphy/ptII/lib/hazelcast-3.8.2.jar:/home/travis/build/icyphy/ptII/lib/jackson-an
notations-2.9.0.jar:/home/travis/build/icyphy/ptII/lib/jackson-core-2.9.3.jar:/
home/travis/build/icyphy/ptII/lib/jackson-databind-2.9.3.jar:/home/travis/build
/icyphy/ptII/lib/netty-buffer-4.1.19.Final.jar:/home/travis/build/icyphy/ptII/l
ib/netty-codec-4.1.19.Final.jar:/home/travis/build/icyphy/ptII/lib/netty-codec-
dns-4.1.19.Final.jar:/home/travis/build/icyphy/ptII/lib/netty-codec-http-4.1.19
.Final.jar:/home/travis/build/icyphy/ptII/lib/netty-codec-http2-4.1.19.Final.ja
r:/home/travis/build/icyphy/ptII/lib/netty-common-4.1.19.Final.jar:/home/travis
/build/icyphy/ptII/lib/netty-handler-4.1.19.Final.jar:/home/travis/build/icyphy
/ptII/lib/netty-resolver-4.1.19.Final.jar:/home/travis/build/icyphy/ptII/lib/ne
tty-resolver-dns-4.1.19.Final.jar:/home/travis/build/icyphy/ptII/lib/netty-tran
sport-4.1.19.Final.jar:/home/travis/build/icyphy/ptII/lib/vertx-codegen-3.5.1.j
ar:/home/travis/build/icyphy/ptII/lib/vertx-core-3.5.2-SNAPSHOT.jar:/home/travi
s/build/icyphy/ptII/lib/vertx-hazelcast-3.5.1.jar:/home/travis/build/icyphy/ptI
I/lib/vertx-lang-js-3.5.1.jar:/home/travis/build/icyphy/ptII/lib/vertx-service-
proxy-3.5.1.jar:/home/travis/build/icyphy/ptII/lib/vertx-web-3.5.1.jar:/home/tr
avis/build/icyphy/ptII/lib/slf4j-api-1.7.13.jar:/home/travis/build/icyphy/ptII/
lib/slf4j-simple-1.7.13.jar:/home/travis/build/icyphy/ptII/lib/webcam-capture-0
.3.12.jar:/home/travis/build/icyphy/ptII/lib/bridj-0.7.0.jar:/home/travis/build
/icyphy/ptII/lib/xbjlib-1.1.0.nrjavaserial.jar:/home/travis/build/icyphy/ptII/p
tolemy/moml/test:/home/travis/build/icyphy/ptII/ant/lib/ant-launcher.jar:/home/
travis/build/icyphy/ptII/ant/lib/ant.jar:/home/travis/build/icyphy/ptII/ant/lib
/ant-junit.jar:/home/travis/build/icyphy/ptII/ant/lib/ant-junit4.jar:/home/trav
is/build/icyphy/ptII ModularCGPubSub_A1_A2_profile.java
total 1204
drwxrwxr-x   3 travis travis 12288 Jan 18 03:20 AbsoluteValue
drwxrwxr-x   3 travis travis 16384 Jan 18 03:20 Case1
drwxrwxr-x   3 travis travis 32768 Jan 18 03:20 Case2
-rw-rw-r--   1 travis travis  4895 Jan 18 03:25 CompiledCompositeActor_CompiledCompositeActor.class
-rw-rw-r--   1 travis travis  1592 Jan 18 03:25 CompiledCompositeActor_CompiledCompositeActor$_CompiledCompositeActor_CompiledCompositeActor.class
-rw-rw-r--   1 travis travis 13466 Jan 18 03:25 CompiledCompositeActor_CompiledCompositeActor.java
-rw-rw-r--   1 travis travis  1593 Jan 18 03:25 CompiledCompositeActor_CompiledCompositeActor.mk
drwxrwxr-x   3 travis travis 24576 Jan 18 03:23 DeScrambler
drwxrwxr-x   3 travis travis 16384 Jan 18 03:24 DotProduct
drwxrwxr-x   3 travis travis 12288 Jan 18 03:21 FileWriter1
drwxrwxr-x   3 travis travis 20480 Jan 18 03:20 FixToDoubleAndBack
drwxrwxr-x   3 travis travis 16384 Jan 18 03:21 Gaussian1
drwxrwxr-x   3 travis travis 20480 Jan 18 03:21 Gaussian2
-rw-rw-r--   1 travis travis  4457 Jan 18 03:25 JavaCompiledCompositeTest1_CompiledCompositeActor.class
-rw-rw-r--   1 travis travis 11637 Jan 18 03:25 JavaCompiledCompositeTest1_CompiledCompositeActor.java
-rw-rw-r--   1 travis travis  1198 Jan 18 03:25 JavaCompiledCompositeTest1_CompiledCompositeActor$_JavaCompiledCompositeTest1_CompiledCompositeActor.class
-rw-rw-r--   1 travis travis  1625 Jan 18 03:25 JavaCompiledCompositeTest1_CompiledCompositeActor.mk
-rw-rw-r--   1 travis travis  4888 Jan 18 03:25 JavaCompiledCompositeTest2_CompiledCompositeActor.class
-rw-rw-r--   1 travis travis 14919 Jan 18 03:25 JavaCompiledCompositeTest2_CompiledCompositeActor.java
-rw-rw-r--   1 travis travis  1793 Jan 18 03:25 JavaCompiledCompositeTest2_CompiledCompositeActor$_JavaCompiledCompositeTest2_CompiledCompositeActor.class
-rw-rw-r--   1 travis travis  1625 Jan 18 03:25 JavaCompiledCompositeTest2_CompiledCompositeActor.mk
-rw-rw-r--   1 travis travis  4505 Jan 18 03:25 JavaCompiledCompositeTest3_CompiledCompositeActor.class
-rw-rw-r--   1 travis travis 13080 Jan 18 03:25 JavaCompiledCompositeTest3_CompiledCompositeActor.java
-rw-rw-r--   1 travis travis  1378 Jan 18 03:25 JavaCompiledCompositeTest3_CompiledCompositeActor$_JavaCompiledCompositeTest3_CompiledCompositeActor.class
-rw-rw-r--   1 travis travis  1625 Jan 18 03:25 JavaCompiledCompositeTest3_CompiledCompositeActor.mk
-rw-rw-r--   1 travis travis  3953 Jan 18 03:25 JavaCompiledCompositeTest4_CompiledCompositeActor.class
-rw-rw-r--   1 travis travis  9687 Jan 18 03:25 JavaCompiledCompositeTest4_CompiledCompositeActor.java
-rw-rw-r--   1 travis travis   857 Jan 18 03:25 JavaCompiledCompositeTest4_CompiledCompositeActor$_JavaCompiledCompositeTest4_CompiledCompositeActor.class
-rw-rw-r--   1 travis travis  1625 Jan 18 03:25 JavaCompiledCompositeTest4_CompiledCompositeActor.mk
drwxrwxr-x   3 travis travis 12288 Jan 18 03:21 LookupTable
drwxrwxr-x   3 travis travis 20480 Jan 18 03:21 MaxIndex
-rw-rw-r--   1 travis travis  3693 Jan 18 03:25 ModularCG_A1_B1.class
-rw-rw-r--   1 travis travis  9730 Jan 18 03:25 ModularCG_A1_B1.java
-rw-rw-r--   1 travis travis   832 Jan 18 03:25 ModularCG_A1_B1.mk
-rw-rw-r--   1 travis travis  1318 Jan 18 03:25 ModularCG_A1_B1_profile.class
-rw-rw-r--   1 travis travis  1262 Jan 18 03:25 ModularCG_A1_B1_profile.java
-rw-rw-r--   1 travis travis  3693 Jan 18 03:25 ModularCG_A1_B2.class
-rw-rw-r--   1 travis travis  9730 Jan 18 03:25 ModularCG_A1_B2.java
-rw-rw-r--   1 travis travis   832 Jan 18 03:25 ModularCG_A1_B2.mk
-rw-rw-r--   1 travis travis  1318 Jan 18 03:25 ModularCG_A1_B2_profile.class
-rw-rw-r--   1 travis travis  1262 Jan 18 03:25 ModularCG_A1_B2_profile.java
-rw-rw-r--   1 travis travis  4799 Jan 18 03:25 ModularCG_A1.class
-rw-rw-r--   1 travis travis 14742 Jan 18 03:25 ModularCG_A1.java
-rw-rw-r--   1 travis travis   808 Jan 18 03:25 ModularCG_A1.mk
-rw-rw-r--   1 travis travis  1433 Jan 18 03:25 ModularCG_A1_profile.class
-rw-rw-r--   1 travis travis  1704 Jan 18 03:25 ModularCG_A1_profile.java
-rw-rw-r--   1 travis travis  3827 Jan 18 03:25 ModularCG_A2_B1.class
-rw-rw-r--   1 travis travis 10667 Jan 18 03:25 ModularCG_A2_B1.java
-rw-rw-r--   1 travis travis   832 Jan 18 03:25 ModularCG_A2_B1.mk
-rw-rw-r--   1 travis travis  1381 Jan 18 03:25 ModularCG_A2_B1_profile.class
-rw-rw-r--   1 travis travis  1446 Jan 18 03:25 ModularCG_A2_B1_profile.java
-rw-rw-r--   1 travis travis  3693 Jan 18 03:25 ModularCG_A2_B2.class
-rw-rw-r--   1 travis travis  9730 Jan 18 03:25 ModularCG_A2_B2.java
-rw-rw-r--   1 travis travis   832 Jan 18 03:25 ModularCG_A2_B2.mk
-rw-rw-r--   1 travis travis  1318 Jan 18 03:25 ModularCG_A2_B2_profile.class
-rw-rw-r--   1 travis travis  1262 Jan 18 03:25 ModularCG_A2_B2_profile.java
-rw-rw-r--   1 travis travis  4870 Jan 18 03:25 ModularCG_A2.class
-rw-rw-r--   1 travis travis 15129 Jan 18 03:25 ModularCG_A2.java
-rw-rw-r--   1 travis travis   808 Jan 18 03:25 ModularCG_A2.mk
-rw-rw-r--   1 travis travis  1433 Jan 18 03:25 ModularCG_A2_profile.class
-rw-rw-r--   1 travis travis  1704 Jan 18 03:25 ModularCG_A2_profile.java
-rw-rw-r--   1 travis travis  1222 Jan 18 03:25 ModularCGPubSub_A1_A2_profile.java
-rw-rw-r--   1 travis travis  3492 Jan 18 03:25 ModularCodeGenTest_A1_A2.class
-rw-rw-r--   1 travis travis   904 Jan 18 03:25 ModularCodeGenTest_A1_A2.mk
-rw-rw-r--   1 travis travis  1306 Jan 18 03:25 ModularCodeGenTest_A1_A2_profile.class
-rw-rw-r--   1 travis travis  9968 Jan 18 03:25 ModularCodeGenTest_A1.java
-rw-rw-r--   1 travis travis   880 Jan 18 03:25 ModularCodeGenTest_A1.mk
drwxrwxr-x   3 travis travis 36864 Jan 18 03:25 modulation2
drwxrwxr-x   3 travis travis 20480 Jan 18 03:21 Multiplexor
drwxrwxr-x 249 travis travis 12288 Jan 18 03:25 node_modules
drwxrwxr-x   3 travis travis 20480 Jan 18 03:22 PhaseUnwrap
-rw-rw-r--   1 travis travis   520 Jan 18 03:25 Repeat$_fireFunction_Repeat_Repeat$__f_sL_0.class
-rw-rw-r--   1 travis travis   522 Jan 18 03:25 Repeat$_fireFunction_Repeat_Repeat$__f_sL_10.class
-rw-rw-r--   1 travis travis   666 Jan 18 03:25 Repeat$_fireFunction_Repeat_Repeat$__f_sL_11.class
-rw-rw-r--   1 travis travis   522 Jan 18 03:25 Repeat$_fireFunction_Repeat_Repeat$__f_sL_13.class
-rw-rw-r--   1 travis travis   665 Jan 18 03:25 Repeat$_fireFunction_Repeat_Repeat$__f_sL_1.class
-rw-rw-r--   1 travis travis   520 Jan 18 03:25 Repeat$_fireFunction_Repeat_Repeat$__f_sL_2.class
-rw-rw-r--   1 travis travis   520 Jan 18 03:25 Repeat$_fireFunction_Repeat_Repeat$__f_sL_3.class
-rw-rw-r--   1 travis travis   520 Jan 18 03:25 Repeat$_fireFunction_Repeat_Repeat$__f_sL_5.class
-rw-rw-r--   1 travis travis   671 Jan 18 03:25 Repeat$_fireFunction_Repeat_Repeat$__f_sL_7.class
-rw-rw-r--   1 travis travis   520 Jan 18 03:25 Repeat$_fireFunction_Repeat_Repeat$__f_sL_9.class
-rw-rw-r--   1 travis travis   813 Jan 18 03:25 Repeat$_initialize_Repeat.class
-rw-rw-r--   1 travis travis   475 Jan 18 03:25 Repeat$_initialize_Repeat$__i_sL_0.class
-rw-rw-r--   1 travis travis   519 Jan 18 03:25 Repeat$_initialize_Repeat$__i_sL_3.class
-rw-rw-r--   1 travis travis 39778 Jan 18 03:25 Repeat.java
-rw-rw-r--   1 travis travis  1281 Jan 18 03:25 Repeat.mk
-rw-rw-r--   1 travis travis   520 Jan 18 03:25 Repeat$_preinitializeMethod_Repeat$__p_sL_0.class
-rw-rw-r--   1 travis travis   520 Jan 18 03:25 Repeat$_preinitializeMethod_Repeat$__p_sL_1.class
-rw-rw-r--   1 travis travis  1083 Jan 18 03:25 Repeat$_Repeat$_fireFunction_Repeat_AddSubtract_Repeat.class
-rw-rw-r--   1 travis travis   791 Jan 18 03:25 Repeat$_Repeat$_fireFunction_Repeat_AddSubtract_Repeat$__f_sL_0.class
-rw-rw-r--   1 travis travis   909 Jan 18 03:25 Repeat$_Repeat$_fireFunction_Repeat_AddSubtract_Repeat$__f_sL_1.class
-rw-rw-r--   1 travis travis   915 Jan 18 03:25 Repeat$_Repeat$_fireFunction_Repeat_AddSubtract_Repeat$__f_sL_2.class
-rw-rw-r--   1 travis travis   838 Jan 18 03:25 Repeat$_Repeat$_fireFunction_Repeat_Ramp2_Repeat$__f_sL_1.class
-rw-rw-r--   1 travis travis  1785 Jan 18 03:25 Repeat$_Repeat$_fireFunction_Repeat_Test_Repeat$__f_sL_2.class
-rw-rw-r--   1 travis travis   685 Jan 18 03:25 Repeat$_Repeat_SDF_Director_run_Repeat$__R_sL_0.class
-rw-rw-r--   1 travis travis   540 Jan 18 03:25 Repeat$_Repeat_SDF_Director_run_Repeat$__R_sL_1.class
-rw-rw-r--   1 travis travis   540 Jan 18 03:25 Repeat$_Repeat_SDF_Director_run_Repeat$__R_sL_2.class
-rw-rw-r--   1 travis travis   540 Jan 18 03:25 Repeat$_Repeat_SDF_Director_run_Repeat$__R_sL_4.class
-rw-rw-r--   1 travis travis   540 Jan 18 03:25 Repeat$_Repeat_SDF_Director_run_Repeat$__R_sL_5.class
-rw-rw-r--   1 travis travis   691 Jan 18 03:25 Repeat$_Repeat_SDF_Director_run_Repeat$__R_sL_6.class
-rw-rw-r--   1 travis travis   540 Jan 18 03:25 Repeat$_Repeat_SDF_Director_run_Repeat$__R_sL_7.class
-rw-rw-r--   1 travis travis   863 Jan 18 03:25 Repeat$_varinit_Repeat.class
-rw-rw-r--   1 travis travis   530 Jan 18 03:25 Repeat$_varinit_Repeat$__v_sL_1.class
-rw-rw-r--   1 travis travis   531 Jan 18 03:25 Repeat$_varinit_Repeat$__v_sL_2.class
-rw-rw-r--   1 travis travis   905 Jan 18 03:25 Repeat$_varinit_Repeat$__v_sL_4.class
-rw-rw-r--   1 travis travis   635 Jan 18 03:25 Repeat$_wrapup_Repeat.class
-rw-rw-r--   1 travis travis   965 Jan 18 03:25 Repeat$_wrapup_Repeat$__w_sL_1.class
-rw-rw-r--   1 travis travis   289 Jan 18 03:19 result.csv
drwxrwxr-x   3 travis travis 12288 Jan 18 03:23 Scrambler1
drwxrwxr-x   3 travis travis 20480 Jan 18 03:22 Sinewave2
drwxrwxr-x   3 travis travis 69632 Jan 18 03:23 StringCompare
drwxrwxr-x   3 travis travis 32768 Jan 18 03:23 StringFunction
drwxrwxr-x   3 travis travis 12288 Jan 18 03:23 StringLength
drwxrwxr-x   3 travis travis 57344 Jan 18 03:24 StringSimpleReplace
drwxrwxr-x   3 travis travis 12288 Jan 18 03:24 time2
drwxrwxr-x   3 travis travis 12288 Jan 18 03:25 time5
-rw-rw-r--   1 travis travis   432 Jan 18 03:25 Token.class
-rw-rw-r--   1 travis travis   251 Jan 18 03:25 Token.java
-rw-rw-r--   1 travis travis     0 Jan 18 03:25 top.
-rw-rw-r--   1 travis travis 20502 Jan 18 03:19 top.c
-rw-rw-r--   1 travis travis  3567 Jan 18 03:25 top.class
-rw-rw-r--   1 travis travis   169 Jan 18 03:19 top.html
-rw-rw-r--   1 travis travis  7552 Jan 18 03:25 top.java
-rw-rw-r--   1 travis travis 38888 Jan 18 03:19 top.o
drwxrwxr-x   3 travis travis 57344 Jan 18 03:22 UnaryMathFunction
warning: Supported source version 'RELEASE_6' from annotation processor 'org.netbeans.modules.openide.util.NbBundleProcessor' less than -source '1.8'
warning: Supported source version 'RELEASE_6' from annotation processor 'org.netbeans.modules.openide.util.URLStreamHandlerRegistrationProcessor' less than -source '1.8'
warning: Supported source version 'RELEASE_6' from annotation processor 'org.netbeans.modules.openide.util.ServiceProviderProcessor' less than -source '1.8'
3 warnings
All Done
Writing ModularCGPubSub_A1_A2.java in file:/home/travis/cg/ (9076 characters)
Reading "ptolemy/cg/kernel/generic/program/procedural/java/modular/makefile.in",
    writing "/home/travis/cg/ModularCGPubSub_A1_A2.mk"
Using ptolemy/cg/kernel/generic/program/procedural/java/modular/makefile.in
In "/home/travis/cg", about to execute:
    make -f ModularCGPubSub_A1_A2.mk
javac -classpath ".:.."    ModularCGPubSub_A1_A2.java
All Done
In "/home/travis/cg", about to execute:
    pwd
/home/travis/cg
In "/home/travis/cg", about to execute:
    ls -l
total 1232
drwxrwxr-x   3 travis travis 12288 Jan 18 03:20 AbsoluteValue
drwxrwxr-x   3 travis travis 16384 Jan 18 03:20 Case1
drwxrwxr-x   3 travis travis 32768 Jan 18 03:20 Case2
-rw-rw-r--   1 travis travis  4895 Jan 18 03:25 CompiledCompositeActor_CompiledCompositeActor.class
-rw-rw-r--   1 travis travis  1592 Jan 18 03:25 CompiledCompositeActor_CompiledCompositeActor$_CompiledCompositeActor_CompiledCompositeActor.class
-rw-rw-r--   1 travis travis 13466 Jan 18 03:25 CompiledCompositeActor_CompiledCompositeActor.java
-rw-rw-r--   1 travis travis  1593 Jan 18 03:25 CompiledCompositeActor_CompiledCompositeActor.mk
drwxrwxr-x   3 travis travis 24576 Jan 18 03:23 DeScrambler
drwxrwxr-x   3 travis travis 16384 Jan 18 03:24 DotProduct
drwxrwxr-x   3 travis travis 12288 Jan 18 03:21 FileWriter1
drwxrwxr-x   3 travis travis 20480 Jan 18 03:20 FixToDoubleAndBack
drwxrwxr-x   3 travis travis 16384 Jan 18 03:21 Gaussian1
drwxrwxr-x   3 travis travis 20480 Jan 18 03:21 Gaussian2
-rw-rw-r--   1 travis travis  4457 Jan 18 03:25 JavaCompiledCompositeTest1_CompiledCompositeActor.class
-rw-rw-r--   1 travis travis 11637 Jan 18 03:25 JavaCompiledCompositeTest1_CompiledCompositeActor.java
-rw-rw-r--   1 travis travis  1198 Jan 18 03:25 JavaCompiledCompositeTest1_CompiledCompositeActor$_JavaCompiledCompositeTest1_CompiledCompositeActor.class
-rw-rw-r--   1 travis travis  1625 Jan 18 03:25 JavaCompiledCompositeTest1_CompiledCompositeActor.mk
-rw-rw-r--   1 travis travis  4888 Jan 18 03:25 JavaCompiledCompositeTest2_CompiledCompositeActor.class
-rw-rw-r--   1 travis travis 14919 Jan 18 03:25 JavaCompiledCompositeTest2_CompiledCompositeActor.java
-rw-rw-r--   1 travis travis  1793 Jan 18 03:25 JavaCompiledCompositeTest2_CompiledCompositeActor$_JavaCompiledCompositeTest2_CompiledCompositeActor.class
-rw-rw-r--   1 travis travis  1625 Jan 18 03:25 JavaCompiledCompositeTest2_CompiledCompositeActor.mk
-rw-rw-r--   1 travis travis  4505 Jan 18 03:25 JavaCompiledCompositeTest3_CompiledCompositeActor.class
-rw-rw-r--   1 travis travis 13080 Jan 18 03:25 JavaCompiledCompositeTest3_CompiledCompositeActor.java
-rw-rw-r--   1 travis travis  1378 Jan 18 03:25 JavaCompiledCompositeTest3_CompiledCompositeActor$_JavaCompiledCompositeTest3_CompiledCompositeActor.class
-rw-rw-r--   1 travis travis  1625 Jan 18 03:25 JavaCompiledCompositeTest3_CompiledCompositeActor.mk
-rw-rw-r--   1 travis travis  3953 Jan 18 03:25 JavaCompiledCompositeTest4_CompiledCompositeActor.class
-rw-rw-r--   1 travis travis  9687 Jan 18 03:25 JavaCompiledCompositeTest4_CompiledCompositeActor.java
-rw-rw-r--   1 travis travis   857 Jan 18 03:25 JavaCompiledCompositeTest4_CompiledCompositeActor$_JavaCompiledCompositeTest4_CompiledCompositeActor.class
-rw-rw-r--   1 travis travis  1625 Jan 18 03:25 JavaCompiledCompositeTest4_CompiledCompositeActor.mk
drwxrwxr-x   3 travis travis 12288 Jan 18 03:21 LookupTable
drwxrwxr-x   3 travis travis 20480 Jan 18 03:21 MaxIndex
-rw-rw-r--   1 travis travis  3693 Jan 18 03:25 ModularCG_A1_B1.class
-rw-rw-r--   1 travis travis  9730 Jan 18 03:25 ModularCG_A1_B1.java
-rw-rw-r--   1 travis travis   832 Jan 18 03:25 ModularCG_A1_B1.mk
-rw-rw-r--   1 travis travis  1318 Jan 18 03:25 ModularCG_A1_B1_profile.class
-rw-rw-r--   1 travis travis  1262 Jan 18 03:25 ModularCG_A1_B1_profile.java
-rw-rw-r--   1 travis travis  3693 Jan 18 03:25 ModularCG_A1_B2.class
-rw-rw-r--   1 travis travis  9730 Jan 18 03:25 ModularCG_A1_B2.java
-rw-rw-r--   1 travis travis   832 Jan 18 03:25 ModularCG_A1_B2.mk
-rw-rw-r--   1 travis travis  1318 Jan 18 03:25 ModularCG_A1_B2_profile.class
-rw-rw-r--   1 travis travis  1262 Jan 18 03:25 ModularCG_A1_B2_profile.java
-rw-rw-r--   1 travis travis  4799 Jan 18 03:25 ModularCG_A1.class
-rw-rw-r--   1 travis travis 14742 Jan 18 03:25 ModularCG_A1.java
-rw-rw-r--   1 travis travis   808 Jan 18 03:25 ModularCG_A1.mk
-rw-rw-r--   1 travis travis  1433 Jan 18 03:25 ModularCG_A1_profile.class
-rw-rw-r--   1 travis travis  1704 Jan 18 03:25 ModularCG_A1_profile.java
-rw-rw-r--   1 travis travis  3827 Jan 18 03:25 ModularCG_A2_B1.class
-rw-rw-r--   1 travis travis 10667 Jan 18 03:25 ModularCG_A2_B1.java
-rw-rw-r--   1 travis travis   832 Jan 18 03:25 ModularCG_A2_B1.mk
-rw-rw-r--   1 travis travis  1381 Jan 18 03:25 ModularCG_A2_B1_profile.class
-rw-rw-r--   1 travis travis  1446 Jan 18 03:25 ModularCG_A2_B1_profile.java
-rw-rw-r--   1 travis travis  3693 Jan 18 03:25 ModularCG_A2_B2.class
-rw-rw-r--   1 travis travis  9730 Jan 18 03:25 ModularCG_A2_B2.java
-rw-rw-r--   1 travis travis   832 Jan 18 03:25 ModularCG_A2_B2.mk
-rw-rw-r--   1 travis travis  1318 Jan 18 03:25 ModularCG_A2_B2_profile.class
-rw-rw-r--   1 travis travis  1262 Jan 18 03:25 ModularCG_A2_B2_profile.java
-rw-rw-r--   1 travis travis  4870 Jan 18 03:25 ModularCG_A2.class
-rw-rw-r--   1 travis travis 15129 Jan 18 03:25 ModularCG_A2.java
-rw-rw-r--   1 travis travis   808 Jan 18 03:25 ModularCG_A2.mk
-rw-rw-r--   1 travis travis  1433 Jan 18 03:25 ModularCG_A2_profile.class
-rw-rw-r--   1 travis travis  1704 Jan 18 03:25 ModularCG_A2_profile.java
-rw-rw-r--   1 travis travis  3473 Jan 18 03:25 ModularCGPubSub_A1_A2.class
-rw-rw-r--   1 travis travis  9076 Jan 18 03:25 ModularCGPubSub_A1_A2.java
-rw-rw-r--   1 travis travis   880 Jan 18 03:25 ModularCGPubSub_A1_A2.mk
-rw-rw-r--   1 travis travis  1300 Jan 18 03:25 ModularCGPubSub_A1_A2_profile.class
-rw-rw-r--   1 travis travis  1222 Jan 18 03:25 ModularCGPubSub_A1_A2_profile.java
-rw-rw-r--   1 travis travis  1388 Jan 18 03:25 ModularCGPubSub_A1_profile.java
-rw-rw-r--   1 travis travis  3492 Jan 18 03:25 ModularCodeGenTest_A1_A2.class
-rw-rw-r--   1 travis travis   904 Jan 18 03:25 ModularCodeGenTest_A1_A2.mk
-rw-rw-r--   1 travis travis  1306 Jan 18 03:25 ModularCodeGenTest_A1_A2_profile.class
-rw-rw-r--   1 travis travis  9968 Jan 18 03:25 ModularCodeGenTest_A1.java
-rw-rw-r--   1 travis travis   880 Jan 18 03:25 ModularCodeGenTest_A1.mk
drwxrwxr-x   3 travis travis 36864 Jan 18 03:25 modulation2
drwxrwxr-x   3 travis travis 20480 Jan 18 03:21 Multiplexor
drwxrwxr-x 249 travis travis 12288 Jan 18 03:25 node_modules
drwxrwxr-x   3 travis travis 20480 Jan 18 03:22 PhaseUnwrap
-rw-rw-r--   1 travis travis   520 Jan 18 03:25 Repeat$_fireFunction_Repeat_Repeat$__f_sL_0.class
-rw-rw-r--   1 travis travis   522 Jan 18 03:25 Repeat$_fireFunction_Repeat_Repeat$__f_sL_10.class
-rw-rw-r--   1 travis travis   666 Jan 18 03:25 Repeat$_fireFunction_Repeat_Repeat$__f_sL_11.class
-rw-rw-r--   1 travis travis   522 Jan 18 03:25 Repeat$_fireFunction_Repeat_Repeat$__f_sL_13.class
-rw-rw-r--   1 travis travis   665 Jan 18 03:25 Repeat$_fireFunction_Repeat_Repeat$__f_sL_1.class
-rw-rw-r--   1 travis travis   520 Jan 18 03:25 Repeat$_fireFunction_Repeat_Repeat$__f_sL_2.class
-rw-rw-r--   1 travis travis   520 Jan 18 03:25 Repeat$_fireFunction_Repeat_Repeat$__f_sL_3.class
-rw-rw-r--   1 travis travis   520 Jan 18 03:25 Repeat$_fireFunction_Repeat_Repeat$__f_sL_5.class
-rw-rw-r--   1 travis travis   671 Jan 18 03:25 Repeat$_fireFunction_Repeat_Repeat$__f_sL_7.class
-rw-rw-r--   1 travis travis   520 Jan 18 03:25 Repeat$_fireFunction_Repeat_Repeat$__f_sL_9.class
-rw-rw-r--   1 travis travis   813 Jan 18 03:25 Repeat$_initialize_Repeat.class
-rw-rw-r--   1 travis travis   475 Jan 18 03:25 Repeat$_initialize_Repeat$__i_sL_0.class
-rw-rw-r--   1 travis travis   519 Jan 18 03:25 Repeat$_initialize_Repeat$__i_sL_3.class
-rw-rw-r--   1 travis travis 39778 Jan 18 03:25 Repeat.java
-rw-rw-r--   1 travis travis  1281 Jan 18 03:25 Repeat.mk
-rw-rw-r--   1 travis travis   520 Jan 18 03:25 Repeat$_preinitializeMethod_Repeat$__p_sL_0.class
-rw-rw-r--   1 travis travis   520 Jan 18 03:25 Repeat$_preinitializeMethod_Repeat$__p_sL_1.class
-rw-rw-r--   1 travis travis  1083 Jan 18 03:25 Repeat$_Repeat$_fireFunction_Repeat_AddSubtract_Repeat.class
-rw-rw-r--   1 travis travis   791 Jan 18 03:25 Repeat$_Repeat$_fireFunction_Repeat_AddSubtract_Repeat$__f_sL_0.class
-rw-rw-r--   1 travis travis   909 Jan 18 03:25 Repeat$_Repeat$_fireFunction_Repeat_AddSubtract_Repeat$__f_sL_1.class
-rw-rw-r--   1 travis travis   915 Jan 18 03:25 Repeat$_Repeat$_fireFunction_Repeat_AddSubtract_Repeat$__f_sL_2.class
-rw-rw-r--   1 travis travis   838 Jan 18 03:25 Repeat$_Repeat$_fireFunction_Repeat_Ramp2_Repeat$__f_sL_1.class
-rw-rw-r--   1 travis travis  1785 Jan 18 03:25 Repeat$_Repeat$_fireFunction_Repeat_Test_Repeat$__f_sL_2.class
-rw-rw-r--   1 travis travis   685 Jan 18 03:25 Repeat$_Repeat_SDF_Director_run_Repeat$__R_sL_0.class
-rw-rw-r--   1 travis travis   540 Jan 18 03:25 Repeat$_Repeat_SDF_Director_run_Repeat$__R_sL_1.class
-rw-rw-r--   1 travis travis   540 Jan 18 03:25 Repeat$_Repeat_SDF_Director_run_Repeat$__R_sL_2.class
-rw-rw-r--   1 travis travis   540 Jan 18 03:25 Repeat$_Repeat_SDF_Director_run_Repeat$__R_sL_4.class
-rw-rw-r--   1 travis travis   540 Jan 18 03:25 Repeat$_Repeat_SDF_Director_run_Repeat$__R_sL_5.class
-rw-rw-r--   1 travis travis   691 Jan 18 03:25 Repeat$_Repeat_SDF_Director_run_Repeat$__R_sL_6.class
-rw-rw-r--   1 travis travis   540 Jan 18 03:25 Repeat$_Repeat_SDF_Director_run_Repeat$__R_sL_7.class
-rw-rw-r--   1 travis travis   863 Jan 18 03:25 Repeat$_varinit_Repeat.class
-rw-rw-r--   1 travis travis   530 Jan 18 03:25 Repeat$_varinit_Repeat$__v_sL_1.class
-rw-rw-r--   1 travis travis   531 Jan 18 03:25 Repeat$_varinit_Repeat$__v_sL_2.class
-rw-rw-r--   1 travis travis   905 Jan 18 03:25 Repeat$_varinit_Repeat$__v_sL_4.class
-rw-rw-r--   1 travis travis   635 Jan 18 03:25 Repeat$_wrapup_Repeat.class
-rw-rw-r--   1 travis travis   965 Jan 18 03:25 Repeat$_wrapup_Repeat$__w_sL_1.class
-rw-rw-r--   1 travis travis   289 Jan 18 03:19 result.csv
drwxrwxr-x   3 travis travis 12288 Jan 18 03:23 Scrambler1
drwxrwxr-x   3 travis travis 20480 Jan 18 03:22 Sinewave2
drwxrwxr-x   3 travis travis 69632 Jan 18 03:23 StringCompare
drwxrwxr-x   3 travis travis 32768 Jan 18 03:23 StringFunction
drwxrwxr-x   3 travis travis 12288 Jan 18 03:23 StringLength
drwxrwxr-x   3 travis travis 57344 Jan 18 03:24 StringSimpleReplace
drwxrwxr-x   3 travis travis 12288 Jan 18 03:24 time2
drwxrwxr-x   3 travis travis 12288 Jan 18 03:25 time5
-rw-rw-r--   1 travis travis   432 Jan 18 03:25 Token.class
-rw-rw-r--   1 travis travis   251 Jan 18 03:25 Token.java
-rw-rw-r--   1 travis travis     0 Jan 18 03:25 top.
-rw-rw-r--   1 travis travis 20502 Jan 18 03:19 top.c
-rw-rw-r--   1 travis travis  3567 Jan 18 03:25 top.class
-rw-rw-r--   1 travis travis   169 Jan 18 03:19 top.html
-rw-rw-r--   1 travis travis  7552 Jan 18 03:25 top.java
-rw-rw-r--   1 travis travis 38888 Jan 18 03:19 top.o
drwxrwxr-x   3 travis travis 57344 Jan 18 03:22 UnaryMathFunction
In "/home/travis/cg", about to execute:
    javac -classpath
.:/home/travis/build/icyphy/ptII:/home/travis/build/icyphy/ptII/lib/bsh-2.0b4.j
ar:/home/travis/build/icyphy/ptII/lib/ptCal.jar:/home/travis/build/icyphy/ptII/
lib/java_cup.jar:/home/travis/build/icyphy/ptII/lib/saxon8.jar:/home/travis/bui
ld/icyphy/ptII/lib/saxon8-dom.jar:/home/travis/build/icyphy/ptII/lib/chic.jar:/
home/travis/build/icyphy/ptII/lib/ptcolt.jar:/usr/lib/jvm/java-8-oracle/lib/too
ls.jar:/usr/lib/eclipse/plugins/org.eclipse.jdt.core_3.8.2.dist.jar:/usr/lib/ec
lipse/plugins/org.eclipse.core.runtime_3.8.0.dist.jar:/usr/lib/eclipse/plugins/
org.eclipse.osgi_3.8.1.dist.jar:/usr/lib/eclipse/plugins/org.eclipse.core.resou
rces_3.8.1.dist.jar:/usr/lib/eclipse/plugins/org.eclipse.equinox.common_3.6.100
.dist.jar:/usr/lib/eclipse/plugins/org.eclipse.core.jobs_3.5.200.dist.jar:/usr/
lib/eclipse/plugins/org.eclipse.core.contenttype_3.4.200.dist.jar:/usr/lib/ecli
pse/plugins/org.eclipse.equinox.preferences_3.5.0.dist.jar:/usr/lib/eclipse/plu
gins/org.eclipse.text_3.5.200.dist.jar:/usr/lib/eclipse/plugins/org.eclipse.ui.
workbench_3.8.1.dist.jar:/usr/lib/eclipse/plugins/org.eclipse.jface_3.8.0.dist.
jar:/usr/lib/eclipse/plugins/org.eclipse.swt_3.8.2.jar:/usr/lib/eclipse/plugins
/org.eclipse.jface.text_3.8.1.dist.jar:/usr/lib/eclipse/plugins/org.eclipse.ui.
workbench.texteditor_3.8.0.dist.jar:/usr/lib/eclipse/plugins/org.eclipse.ui.edi
tors_3.8.0.dist.jar:/usr/lib/eclipse/plugins/org.eclipse.core.commands_3.6.1.di
st.jar:/usr/lib/eclipse/plugins/org.eclipse.equinox.registry_3.5.200.dist.jar:/
usr/lib/eclipse/plugins/org.eclipse.ui.console_3.5.100.dist.jar:/usr/lib/eclips
e/plugins/org.eclipse.ui.forms_3.5.200.dist.jar:/usr/lib/eclipse/plugins/org.ec
lipse.ui.ide_3.8.1.dist.jar:/home/travis/build/icyphy/ptII/vendors/oracle/dbxml
.jar:/home/travis/build/icyphy/ptII/vendors/oracle/db.jar:/home/travis/build/ic
yphy/ptII/vendors/misc/itext/iText.jar:/home/travis/build/icyphy/ptII/lib/g4ltl
.jar:/home/travis/build/icyphy/ptII/lib/StructuralCoder.jar:/home/travis/build/
icyphy/ptII/lib/org-openide-util.jar:/home/travis/build/icyphy/ptII/lib/org-ope
nide-util-lookup.jar:/home/travis/build/icyphy/ptII/lib/org-netbeans-api-visual
.jar:/home/travis/build/icyphy/ptII/vendors/jai-1_1_2_01/lib/jai_core.jar:/home
/travis/build/icyphy/ptII/vendors/jai-1_1_2_01/lib/jai_codec.jar:/home/travis/b
uild/icyphy/ptII/lib/jcerti.jar:/home/travis/build/icyphy/ptII/lib/smack.jar:/h
ome/travis/build/icyphy/ptII/lib/smackx.jar:/home/travis/build/icyphy/ptII/lib/
jetty-all-8.1.5-v20120716.jar:/home/travis/build/icyphy/ptII/lib/javax.servlet-
api-3.0.1.jar:/home/travis/build/icyphy/ptII/lib/javax.mail.jar:/home/travis/bu
ild/icyphy/ptII/vendors/JMF-2.1.1e/lib/jmf.jar:/home/travis/build/icyphy/ptII/l
ib/jna-4.0.0-variadic.jar:/home/travis/build/icyphy/ptII/vendors/misc/joystick/
Joystick.jar:/home/travis/build/icyphy/ptII/lib/ptjacl.jar:/home/travis/build/i
cyphy/ptII/lib/jsoup-1.8.2.jar:/home/travis/build/icyphy/ptII/lib/junit-4.8.2.j
ar:/home/travis/build/icyphy/ptII/lib/JUnitParams-0.4.0.jar:/home/travis/build/
icyphy/ptII/ptolemy/actor/lib/excel/jxl.jar:/home/travis/build/icyphy/ptII/lib/
jython.jar:/home/travis/build/icyphy/ptII/lib/kieler.jar:/home/travis/build/icy
phy/ptII/vendors/opencv/share/OpenCV/java/opencv-341.jar:/home/travis/build/icy
phy/ptII/lib/oscP5.jar:/home/travis/build/icyphy/ptII/lib/nrjavaserial-3.11.0.d
evel.jar:/home/travis/build/icyphy/ptII/vendors/j3d/lib/j3dcore.jar:/home/travi
s/build/icyphy/ptII/vendors/j3d/lib/j3dutils.jar:/home/travis/build/icyphy/ptII
/vendors/j3d/lib/vecmath.jar:/home/travis/build/icyphy/ptII/ptolemy/distributed
/jini/jar/jini-core.jar:/home/travis/build/icyphy/ptII/ptolemy/distributed/jini
/jar/jini-ext.jar:/home/travis/build/icyphy/ptII/ptolemy/distributed/jini/jar/s
un-util.jar:/home/travis/build/icyphy/ptII/lib/protobuf-java-2.4.1.jar:/home/tr
avis/build/icyphy/ptII/lib/org.eclipse.paho.client.mqttv3.jar:/home/travis/buil
d/icyphy/ptII/ptserver/lib/hessian-4.0.7.jar:/home/travis/build/icyphy/ptII/pts
erver/lib/wmqtt.jar:/home/travis/build/icyphy/ptII/lib/mapss.jar:/home/travis/b
uild/icyphy/ptII/ptolemy/actor/ptalon/antlr/antlr.jar:/home/travis/build/icyphy
/ptII/lib/JRI.jar:/home/travis/build/icyphy/ptII/lib/commons-lang-2.6.jar:/home
/travis/build/icyphy/ptII/lib/commons-logging-1.1.1.jar:/home/travis/build/icyp
hy/ptII/lib/sootclasses.jar:/home/travis/build/icyphy/ptII/ptolemy/actor/lib/da
tabase/mysql-connector-java-5.1.6-bin.jar:/home/travis/build/icyphy/ptII/vendor
s/misc/sphinx4/sphinx4-data-5prealpha.jar:/home/travis/build/icyphy/ptII/vendor
s/misc/sphinx4/sphinx4-core-5prealpha.jar:/home/travis/build/icyphy/ptII/lib/PD
FRenderer.jar:/home/travis/build/icyphy/ptII/lib/svgSalamander.jar:/home/travis
/build/icyphy/ptII/lib/rsyntaxtextarea-2.6.0-SNAPSHOT.jar:/home/travis/build/ic
yphy/ptII/lib/hazelcast-3.8.2.jar:/home/travis/build/icyphy/ptII/lib/jackson-an
notations-2.9.0.jar:/home/travis/build/icyphy/ptII/lib/jackson-core-2.9.3.jar:/
home/travis/build/icyphy/ptII/lib/jackson-databind-2.9.3.jar:/home/travis/build
/icyphy/ptII/lib/netty-buffer-4.1.19.Final.jar:/home/travis/build/icyphy/ptII/l
ib/netty-codec-4.1.19.Final.jar:/home/travis/build/icyphy/ptII/lib/netty-codec-
dns-4.1.19.Final.jar:/home/travis/build/icyphy/ptII/lib/netty-codec-http-4.1.19
.Final.jar:/home/travis/build/icyphy/ptII/lib/netty-codec-http2-4.1.19.Final.ja
r:/home/travis/build/icyphy/ptII/lib/netty-common-4.1.19.Final.jar:/home/travis
/build/icyphy/ptII/lib/netty-handler-4.1.19.Final.jar:/home/travis/build/icyphy
/ptII/lib/netty-resolver-4.1.19.Final.jar:/home/travis/build/icyphy/ptII/lib/ne
tty-resolver-dns-4.1.19.Final.jar:/home/travis/build/icyphy/ptII/lib/netty-tran
sport-4.1.19.Final.jar:/home/travis/build/icyphy/ptII/lib/vertx-codegen-3.5.1.j
ar:/home/travis/build/icyphy/ptII/lib/vertx-core-3.5.2-SNAPSHOT.jar:/home/travi
s/build/icyphy/ptII/lib/vertx-hazelcast-3.5.1.jar:/home/travis/build/icyphy/ptI
I/lib/vertx-lang-js-3.5.1.jar:/home/travis/build/icyphy/ptII/lib/vertx-service-
proxy-3.5.1.jar:/home/travis/build/icyphy/ptII/lib/vertx-web-3.5.1.jar:/home/tr
avis/build/icyphy/ptII/lib/slf4j-api-1.7.13.jar:/home/travis/build/icyphy/ptII/
lib/slf4j-simple-1.7.13.jar:/home/travis/build/icyphy/ptII/lib/webcam-capture-0
.3.12.jar:/home/travis/build/icyphy/ptII/lib/bridj-0.7.0.jar:/home/travis/build
/icyphy/ptII/lib/xbjlib-1.1.0.nrjavaserial.jar:/home/travis/build/icyphy/ptII/p
tolemy/moml/test:/home/travis/build/icyphy/ptII/ant/lib/ant-launcher.jar:/home/
travis/build/icyphy/ptII/ant/lib/ant.jar:/home/travis/build/icyphy/ptII/ant/lib
/ant-junit.jar:/home/travis/build/icyphy/ptII/ant/lib/ant-junit4.jar:/home/trav
is/build/icyphy/ptII ModularCGPubSub_A1_profile.java
warning: Supported source version 'RELEASE_6' from annotation processor 'org.netbeans.modules.openide.util.NbBundleProcessor' less than -source '1.8'
warning: Supported source version 'RELEASE_6' from annotation processor 'org.netbeans.modules.openide.util.URLStreamHandlerRegistrationProcessor' less than -source '1.8'
warning: Supported source version 'RELEASE_6' from annotation processor 'org.netbeans.modules.openide.util.ServiceProviderProcessor' less than -source '1.8'
3 warnings
All Done
Writing ModularCGPubSub_A1.java in file:/home/travis/cg/ (9836 characters)
Reading "ptolemy/cg/kernel/generic/program/procedural/java/modular/makefile.in",
    writing "/home/travis/cg/ModularCGPubSub_A1.mk"
Using ptolemy/cg/kernel/generic/program/procedural/java/modular/makefile.in
In "/home/travis/cg", about to execute:
    make -f ModularCGPubSub_A1.mk
javac -classpath ".:.."    ModularCGPubSub_A1.java
All Done
4670 ms. Memory: 183296K Free: 152466K (83%)
----------------- Invoking toplevel() on ptolemy.moml.MoMLSimpleApplication@2da94480
----------------- Done invoking toplevel() on ptolemy.moml.MoMLSimpleApplication@2da94480
reloadAllAccessors: .ModularCGPubSub

===========================================================================================
----------------- testing Fri Jan 18 03:25:47 UTC 2019 /home/travis/build/icyphy/ptII/ptolemy/cg/lib/test/auto/ModularCodeGen.xml
----------------- Instantiating /home/travis/build/icyphy/ptII/ptolemy/cg/lib/test/auto/ModularCodeGen.xml
In "/home/travis/cg", about to execute:
    pwd
In "/home/travis/cg", about to execute:
    ls -l
/home/travis/cg
In "/home/travis/cg", about to execute:
    javac -classpath
.:/home/travis/build/icyphy/ptII:/home/travis/build/icyphy/ptII/lib/bsh-2.0b4.j
ar:/home/travis/build/icyphy/ptII/lib/ptCal.jar:/home/travis/build/icyphy/ptII/
lib/java_cup.jar:/home/travis/build/icyphy/ptII/lib/saxon8.jar:/home/travis/bui
ld/icyphy/ptII/lib/saxon8-dom.jar:/home/travis/build/icyphy/ptII/lib/chic.jar:/
home/travis/build/icyphy/ptII/lib/ptcolt.jar:/usr/lib/jvm/java-8-oracle/lib/too
ls.jar:/usr/lib/eclipse/plugins/org.eclipse.jdt.core_3.8.2.dist.jar:/usr/lib/ec
lipse/plugins/org.eclipse.core.runtime_3.8.0.dist.jar:/usr/lib/eclipse/plugins/
org.eclipse.osgi_3.8.1.dist.jar:/usr/lib/eclipse/plugins/org.eclipse.core.resou
rces_3.8.1.dist.jar:/usr/lib/eclipse/plugins/org.eclipse.equinox.common_3.6.100
.dist.jar:/usr/lib/eclipse/plugins/org.eclipse.core.jobs_3.5.200.dist.jar:/usr/
lib/eclipse/plugins/org.eclipse.core.contenttype_3.4.200.dist.jar:/usr/lib/ecli
pse/plugins/org.eclipse.equinox.preferences_3.5.0.dist.jar:/usr/lib/eclipse/plu
gins/org.eclipse.text_3.5.200.dist.jar:/usr/lib/eclipse/plugins/org.eclipse.ui.
workbench_3.8.1.dist.jar:/usr/lib/eclipse/plugins/org.eclipse.jface_3.8.0.dist.
jar:/usr/lib/eclipse/plugins/org.eclipse.swt_3.8.2.jar:/usr/lib/eclipse/plugins
/org.eclipse.jface.text_3.8.1.dist.jar:/usr/lib/eclipse/plugins/org.eclipse.ui.
workbench.texteditor_3.8.0.dist.jar:/usr/lib/eclipse/plugins/org.eclipse.ui.edi
tors_3.8.0.dist.jar:/usr/lib/eclipse/plugins/org.eclipse.core.commands_3.6.1.di
st.jar:/usr/lib/eclipse/plugins/org.eclipse.equinox.registry_3.5.200.dist.jar:/
usr/lib/eclipse/plugins/org.eclipse.ui.console_3.5.100.dist.jar:/usr/lib/eclips
e/plugins/org.eclipse.ui.forms_3.5.200.dist.jar:/usr/lib/eclipse/plugins/org.ec
lipse.ui.ide_3.8.1.dist.jar:/home/travis/build/icyphy/ptII/vendors/oracle/dbxml
.jar:/home/travis/build/icyphy/ptII/vendors/oracle/db.jar:/home/travis/build/ic
yphy/ptII/vendors/misc/itext/iText.jar:/home/travis/build/icyphy/ptII/lib/g4ltl
.jar:/home/travis/build/icyphy/ptII/lib/StructuralCoder.jar:/home/travis/build/
icyphy/ptII/lib/org-openide-util.jar:/home/travis/build/icyphy/ptII/lib/org-ope
nide-util-lookup.jar:/home/travis/build/icyphy/ptII/lib/org-netbeans-api-visual
.jar:/home/travis/build/icyphy/ptII/vendors/jai-1_1_2_01/lib/jai_core.jar:/home
/travis/build/icyphy/ptII/vendors/jai-1_1_2_01/lib/jai_codec.jar:/home/travis/b
uild/icyphy/ptII/lib/jcerti.jar:/home/travis/build/icyphy/ptII/lib/smack.jar:/h
ome/travis/build/icyphy/ptII/lib/smackx.jar:/home/travis/build/icyphy/ptII/lib/
jetty-all-8.1.5-v20120716.jar:/home/travis/build/icyphy/ptII/lib/javax.servlet-
api-3.0.1.jar:/home/travis/build/icyphy/ptII/lib/javax.mail.jar:/home/travis/bu
ild/icyphy/ptII/vendors/JMF-2.1.1e/lib/jmf.jar:/home/travis/build/icyphy/ptII/l
ib/jna-4.0.0-variadic.jar:/home/travis/build/icyphy/ptII/vendors/misc/joystick/
Joystick.jar:/home/travis/build/icyphy/ptII/lib/ptjacl.jar:/home/travis/build/i
cyphy/ptII/lib/jsoup-1.8.2.jar:/home/travis/build/icyphy/ptII/lib/junit-4.8.2.j
ar:/home/travis/build/icyphy/ptII/lib/JUnitParams-0.4.0.jar:/home/travis/build/
icyphy/ptII/ptolemy/actor/lib/excel/jxl.jar:/home/travis/build/icyphy/ptII/lib/
jython.jar:/home/travis/build/icyphy/ptII/lib/kieler.jar:/home/travis/build/icy
phy/ptII/vendors/opencv/share/OpenCV/java/opencv-341.jar:/home/travis/build/icy
phy/ptII/lib/oscP5.jar:/home/travis/build/icyphy/ptII/lib/nrjavaserial-3.11.0.d
evel.jar:/home/travis/build/icyphy/ptII/vendors/j3d/lib/j3dcore.jar:/home/travi
s/build/icyphy/ptII/vendors/j3d/lib/j3dutils.jar:/home/travis/build/icyphy/ptII
/vendors/j3d/lib/vecmath.jar:/home/travis/build/icyphy/ptII/ptolemy/distributed
/jini/jar/jini-core.jar:/home/travis/build/icyphy/ptII/ptolemy/distributed/jini
/jar/jini-ext.jar:/home/travis/build/icyphy/ptII/ptolemy/distributed/jini/jar/s
un-util.jar:/home/travis/build/icyphy/ptII/lib/protobuf-java-2.4.1.jar:/home/tr
avis/build/icyphy/ptII/lib/org.eclipse.paho.client.mqttv3.jar:/home/travis/buil
d/icyphy/ptII/ptserver/lib/hessian-4.0.7.jar:/home/travis/build/icyphy/ptII/pts
erver/lib/wmqtt.jar:/home/travis/build/icyphy/ptII/lib/mapss.jar:/home/travis/b
uild/icyphy/ptII/ptolemy/actor/ptalon/antlr/antlr.jar:/home/travis/build/icyphy
/ptII/lib/JRI.jar:/home/travis/build/icyphy/ptII/lib/commons-lang-2.6.jar:/home
/travis/build/icyphy/ptII/lib/commons-logging-1.1.1.jar:/home/travis/build/icyp
hy/ptII/lib/sootclasses.jar:/home/travis/build/icyphy/ptII/ptolemy/actor/lib/da
tabase/mysql-connector-java-5.1.6-bin.jar:/home/travis/build/icyphy/ptII/vendor
s/misc/sphinx4/sphinx4-data-5prealpha.jar:/home/travis/build/icyphy/ptII/vendor
s/misc/sphinx4/sphinx4-core-5prealpha.jar:/home/travis/build/icyphy/ptII/lib/PD
FRenderer.jar:/home/travis/build/icyphy/ptII/lib/svgSalamander.jar:/home/travis
/build/icyphy/ptII/lib/rsyntaxtextarea-2.6.0-SNAPSHOT.jar:/home/travis/build/ic
yphy/ptII/lib/hazelcast-3.8.2.jar:/home/travis/build/icyphy/ptII/lib/jackson-an
notations-2.9.0.jar:/home/travis/build/icyphy/ptII/lib/jackson-core-2.9.3.jar:/
home/travis/build/icyphy/ptII/lib/jackson-databind-2.9.3.jar:/home/travis/build
/icyphy/ptII/lib/netty-buffer-4.1.19.Final.jar:/home/travis/build/icyphy/ptII/l
ib/netty-codec-4.1.19.Final.jar:/home/travis/build/icyphy/ptII/lib/netty-codec-
dns-4.1.19.Final.jar:/home/travis/build/icyphy/ptII/lib/netty-codec-http-4.1.19
.Final.jar:/home/travis/build/icyphy/ptII/lib/netty-codec-http2-4.1.19.Final.ja
r:/home/travis/build/icyphy/ptII/lib/netty-common-4.1.19.Final.jar:/home/travis
/build/icyphy/ptII/lib/netty-handler-4.1.19.Final.jar:/home/travis/build/icyphy
/ptII/lib/netty-resolver-4.1.19.Final.jar:/home/travis/build/icyphy/ptII/lib/ne
tty-resolver-dns-4.1.19.Final.jar:/home/travis/build/icyphy/ptII/lib/netty-tran
sport-4.1.19.Final.jar:/home/travis/build/icyphy/ptII/lib/vertx-codegen-3.5.1.j
ar:/home/travis/build/icyphy/ptII/lib/vertx-core-3.5.2-SNAPSHOT.jar:/home/travi
s/build/icyphy/ptII/lib/vertx-hazelcast-3.5.1.jar:/home/travis/build/icyphy/ptI
I/lib/vertx-lang-js-3.5.1.jar:/home/travis/build/icyphy/ptII/lib/vertx-service-
proxy-3.5.1.jar:/home/travis/build/icyphy/ptII/lib/vertx-web-3.5.1.jar:/home/tr
avis/build/icyphy/ptII/lib/slf4j-api-1.7.13.jar:/home/travis/build/icyphy/ptII/
lib/slf4j-simple-1.7.13.jar:/home/travis/build/icyphy/ptII/lib/webcam-capture-0
.3.12.jar:/home/travis/build/icyphy/ptII/lib/bridj-0.7.0.jar:/home/travis/build
/icyphy/ptII/lib/xbjlib-1.1.0.nrjavaserial.jar:/home/travis/build/icyphy/ptII/p
tolemy/moml/test:/home/travis/build/icyphy/ptII/ant/lib/ant-launcher.jar:/home/
travis/build/icyphy/ptII/ant/lib/ant.jar:/home/travis/build/icyphy/ptII/ant/lib
/ant-junit.jar:/home/travis/build/icyphy/ptII/ant/lib/ant-junit4.jar:/home/trav
is/build/icyphy/ptII
ModularCodeGen_ModularCodeGenTypedCompositeActor_profile.java
total 1260
drwxrwxr-x   3 travis travis 12288 Jan 18 03:20 AbsoluteValue
drwxrwxr-x   3 travis travis 16384 Jan 18 03:20 Case1
drwxrwxr-x   3 travis travis 32768 Jan 18 03:20 Case2
-rw-rw-r--   1 travis travis  4895 Jan 18 03:25 CompiledCompositeActor_CompiledCompositeActor.class
-rw-rw-r--   1 travis travis  1592 Jan 18 03:25 CompiledCompositeActor_CompiledCompositeActor$_CompiledCompositeActor_CompiledCompositeActor.class
-rw-rw-r--   1 travis travis 13466 Jan 18 03:25 CompiledCompositeActor_CompiledCompositeActor.java
-rw-rw-r--   1 travis travis  1593 Jan 18 03:25 CompiledCompositeActor_CompiledCompositeActor.mk
drwxrwxr-x   3 travis travis 24576 Jan 18 03:23 DeScrambler
drwxrwxr-x   3 travis travis 16384 Jan 18 03:24 DotProduct
drwxrwxr-x   3 travis travis 12288 Jan 18 03:21 FileWriter1
drwxrwxr-x   3 travis travis 20480 Jan 18 03:20 FixToDoubleAndBack
drwxrwxr-x   3 travis travis 16384 Jan 18 03:21 Gaussian1
drwxrwxr-x   3 travis travis 20480 Jan 18 03:21 Gaussian2
-rw-rw-r--   1 travis travis  4457 Jan 18 03:25 JavaCompiledCompositeTest1_CompiledCompositeActor.class
-rw-rw-r--   1 travis travis 11637 Jan 18 03:25 JavaCompiledCompositeTest1_CompiledCompositeActor.java
-rw-rw-r--   1 travis travis  1198 Jan 18 03:25 JavaCompiledCompositeTest1_CompiledCompositeActor$_JavaCompiledCompositeTest1_CompiledCompositeActor.class
-rw-rw-r--   1 travis travis  1625 Jan 18 03:25 JavaCompiledCompositeTest1_CompiledCompositeActor.mk
-rw-rw-r--   1 travis travis  4888 Jan 18 03:25 JavaCompiledCompositeTest2_CompiledCompositeActor.class
-rw-rw-r--   1 travis travis 14919 Jan 18 03:25 JavaCompiledCompositeTest2_CompiledCompositeActor.java
-rw-rw-r--   1 travis travis  1793 Jan 18 03:25 JavaCompiledCompositeTest2_CompiledCompositeActor$_JavaCompiledCompositeTest2_CompiledCompositeActor.class
-rw-rw-r--   1 travis travis  1625 Jan 18 03:25 JavaCompiledCompositeTest2_CompiledCompositeActor.mk
-rw-rw-r--   1 travis travis  4505 Jan 18 03:25 JavaCompiledCompositeTest3_CompiledCompositeActor.class
-rw-rw-r--   1 travis travis 13080 Jan 18 03:25 JavaCompiledCompositeTest3_CompiledCompositeActor.java
-rw-rw-r--   1 travis travis  1378 Jan 18 03:25 JavaCompiledCompositeTest3_CompiledCompositeActor$_JavaCompiledCompositeTest3_CompiledCompositeActor.class
-rw-rw-r--   1 travis travis  1625 Jan 18 03:25 JavaCompiledCompositeTest3_CompiledCompositeActor.mk
-rw-rw-r--   1 travis travis  3953 Jan 18 03:25 JavaCompiledCompositeTest4_CompiledCompositeActor.class
-rw-rw-r--   1 travis travis  9687 Jan 18 03:25 JavaCompiledCompositeTest4_CompiledCompositeActor.java
-rw-rw-r--   1 travis travis   857 Jan 18 03:25 JavaCompiledCompositeTest4_CompiledCompositeActor$_JavaCompiledCompositeTest4_CompiledCompositeActor.class
-rw-rw-r--   1 travis travis  1625 Jan 18 03:25 JavaCompiledCompositeTest4_CompiledCompositeActor.mk
drwxrwxr-x   3 travis travis 12288 Jan 18 03:21 LookupTable
drwxrwxr-x   3 travis travis 20480 Jan 18 03:21 MaxIndex
-rw-rw-r--   1 travis travis  3693 Jan 18 03:25 ModularCG_A1_B1.class
-rw-rw-r--   1 travis travis  9730 Jan 18 03:25 ModularCG_A1_B1.java
-rw-rw-r--   1 travis travis   832 Jan 18 03:25 ModularCG_A1_B1.mk
-rw-rw-r--   1 travis travis  1318 Jan 18 03:25 ModularCG_A1_B1_profile.class
-rw-rw-r--   1 travis travis  1262 Jan 18 03:25 ModularCG_A1_B1_profile.java
-rw-rw-r--   1 travis travis  3693 Jan 18 03:25 ModularCG_A1_B2.class
-rw-rw-r--   1 travis travis  9730 Jan 18 03:25 ModularCG_A1_B2.java
-rw-rw-r--   1 travis travis   832 Jan 18 03:25 ModularCG_A1_B2.mk
-rw-rw-r--   1 travis travis  1318 Jan 18 03:25 ModularCG_A1_B2_profile.class
-rw-rw-r--   1 travis travis  1262 Jan 18 03:25 ModularCG_A1_B2_profile.java
-rw-rw-r--   1 travis travis  4799 Jan 18 03:25 ModularCG_A1.class
-rw-rw-r--   1 travis travis 14742 Jan 18 03:25 ModularCG_A1.java
-rw-rw-r--   1 travis travis   808 Jan 18 03:25 ModularCG_A1.mk
-rw-rw-r--   1 travis travis  1433 Jan 18 03:25 ModularCG_A1_profile.class
-rw-rw-r--   1 travis travis  1704 Jan 18 03:25 ModularCG_A1_profile.java
-rw-rw-r--   1 travis travis  3827 Jan 18 03:25 ModularCG_A2_B1.class
-rw-rw-r--   1 travis travis 10667 Jan 18 03:25 ModularCG_A2_B1.java
-rw-rw-r--   1 travis travis   832 Jan 18 03:25 ModularCG_A2_B1.mk
-rw-rw-r--   1 travis travis  1381 Jan 18 03:25 ModularCG_A2_B1_profile.class
-rw-rw-r--   1 travis travis  1446 Jan 18 03:25 ModularCG_A2_B1_profile.java
-rw-rw-r--   1 travis travis  3693 Jan 18 03:25 ModularCG_A2_B2.class
-rw-rw-r--   1 travis travis  9730 Jan 18 03:25 ModularCG_A2_B2.java
-rw-rw-r--   1 travis travis   832 Jan 18 03:25 ModularCG_A2_B2.mk
-rw-rw-r--   1 travis travis  1318 Jan 18 03:25 ModularCG_A2_B2_profile.class
-rw-rw-r--   1 travis travis  1262 Jan 18 03:25 ModularCG_A2_B2_profile.java
-rw-rw-r--   1 travis travis  4870 Jan 18 03:25 ModularCG_A2.class
-rw-rw-r--   1 travis travis 15129 Jan 18 03:25 ModularCG_A2.java
-rw-rw-r--   1 travis travis   808 Jan 18 03:25 ModularCG_A2.mk
-rw-rw-r--   1 travis travis  1433 Jan 18 03:25 ModularCG_A2_profile.class
-rw-rw-r--   1 travis travis  1704 Jan 18 03:25 ModularCG_A2_profile.java
-rw-rw-r--   1 travis travis  3473 Jan 18 03:25 ModularCGPubSub_A1_A2.class
-rw-rw-r--   1 travis travis  9076 Jan 18 03:25 ModularCGPubSub_A1_A2.java
-rw-rw-r--   1 travis travis   880 Jan 18 03:25 ModularCGPubSub_A1_A2.mk
-rw-rw-r--   1 travis travis  1300 Jan 18 03:25 ModularCGPubSub_A1_A2_profile.class
-rw-rw-r--   1 travis travis  1222 Jan 18 03:25 ModularCGPubSub_A1_A2_profile.java
-rw-rw-r--   1 travis travis  3790 Jan 18 03:25 ModularCGPubSub_A1.class
-rw-rw-r--   1 travis travis  9836 Jan 18 03:25 ModularCGPubSub_A1.java
-rw-rw-r--   1 travis travis   856 Jan 18 03:25 ModularCGPubSub_A1.mk
-rw-rw-r--   1 travis travis  1346 Jan 18 03:25 ModularCGPubSub_A1_profile.class
-rw-rw-r--   1 travis travis  1388 Jan 18 03:25 ModularCGPubSub_A1_profile.java
-rw-rw-r--   1 travis travis  1328 Jan 18 03:25 ModularCodeGen_ModularCodeGenTypedCompositeActor_profile.java
-rw-rw-r--   1 travis travis  3492 Jan 18 03:25 ModularCodeGenTest_A1_A2.class
-rw-rw-r--   1 travis travis   904 Jan 18 03:25 ModularCodeGenTest_A1_A2.mk
-rw-rw-r--   1 travis travis  1306 Jan 18 03:25 ModularCodeGenTest_A1_A2_profile.class
-rw-rw-r--   1 travis travis  9968 Jan 18 03:25 ModularCodeGenTest_A1.java
-rw-rw-r--   1 travis travis   880 Jan 18 03:25 ModularCodeGenTest_A1.mk
drwxrwxr-x   3 travis travis 36864 Jan 18 03:25 modulation2
drwxrwxr-x   3 travis travis 20480 Jan 18 03:21 Multiplexor
drwxrwxr-x 249 travis travis 12288 Jan 18 03:25 node_modules
drwxrwxr-x   3 travis travis 20480 Jan 18 03:22 PhaseUnwrap
-rw-rw-r--   1 travis travis   520 Jan 18 03:25 Repeat$_fireFunction_Repeat_Repeat$__f_sL_0.class
-rw-rw-r--   1 travis travis   522 Jan 18 03:25 Repeat$_fireFunction_Repeat_Repeat$__f_sL_10.class
-rw-rw-r--   1 travis travis   666 Jan 18 03:25 Repeat$_fireFunction_Repeat_Repeat$__f_sL_11.class
-rw-rw-r--   1 travis travis   522 Jan 18 03:25 Repeat$_fireFunction_Repeat_Repeat$__f_sL_13.class
-rw-rw-r--   1 travis travis   665 Jan 18 03:25 Repeat$_fireFunction_Repeat_Repeat$__f_sL_1.class
-rw-rw-r--   1 travis travis   520 Jan 18 03:25 Repeat$_fireFunction_Repeat_Repeat$__f_sL_2.class
-rw-rw-r--   1 travis travis   520 Jan 18 03:25 Repeat$_fireFunction_Repeat_Repeat$__f_sL_3.class
-rw-rw-r--   1 travis travis   520 Jan 18 03:25 Repeat$_fireFunction_Repeat_Repeat$__f_sL_5.class
-rw-rw-r--   1 travis travis   671 Jan 18 03:25 Repeat$_fireFunction_Repeat_Repeat$__f_sL_7.class
-rw-rw-r--   1 travis travis   520 Jan 18 03:25 Repeat$_fireFunction_Repeat_Repeat$__f_sL_9.class
-rw-rw-r--   1 travis travis   813 Jan 18 03:25 Repeat$_initialize_Repeat.class
-rw-rw-r--   1 travis travis   475 Jan 18 03:25 Repeat$_initialize_Repeat$__i_sL_0.class
-rw-rw-r--   1 travis travis   519 Jan 18 03:25 Repeat$_initialize_Repeat$__i_sL_3.class
-rw-rw-r--   1 travis travis 39778 Jan 18 03:25 Repeat.java
-rw-rw-r--   1 travis travis  1281 Jan 18 03:25 Repeat.mk
-rw-rw-r--   1 travis travis   520 Jan 18 03:25 Repeat$_preinitializeMethod_Repeat$__p_sL_0.class
-rw-rw-r--   1 travis travis   520 Jan 18 03:25 Repeat$_preinitializeMethod_Repeat$__p_sL_1.class
-rw-rw-r--   1 travis travis  1083 Jan 18 03:25 Repeat$_Repeat$_fireFunction_Repeat_AddSubtract_Repeat.class
-rw-rw-r--   1 travis travis   791 Jan 18 03:25 Repeat$_Repeat$_fireFunction_Repeat_AddSubtract_Repeat$__f_sL_0.class
-rw-rw-r--   1 travis travis   909 Jan 18 03:25 Repeat$_Repeat$_fireFunction_Repeat_AddSubtract_Repeat$__f_sL_1.class
-rw-rw-r--   1 travis travis   915 Jan 18 03:25 Repeat$_Repeat$_fireFunction_Repeat_AddSubtract_Repeat$__f_sL_2.class
-rw-rw-r--   1 travis travis   838 Jan 18 03:25 Repeat$_Repeat$_fireFunction_Repeat_Ramp2_Repeat$__f_sL_1.class
-rw-rw-r--   1 travis travis  1785 Jan 18 03:25 Repeat$_Repeat$_fireFunction_Repeat_Test_Repeat$__f_sL_2.class
-rw-rw-r--   1 travis travis   685 Jan 18 03:25 Repeat$_Repeat_SDF_Director_run_Repeat$__R_sL_0.class
-rw-rw-r--   1 travis travis   540 Jan 18 03:25 Repeat$_Repeat_SDF_Director_run_Repeat$__R_sL_1.class
-rw-rw-r--   1 travis travis   540 Jan 18 03:25 Repeat$_Repeat_SDF_Director_run_Repeat$__R_sL_2.class
-rw-rw-r--   1 travis travis   540 Jan 18 03:25 Repeat$_Repeat_SDF_Director_run_Repeat$__R_sL_4.class
-rw-rw-r--   1 travis travis   540 Jan 18 03:25 Repeat$_Repeat_SDF_Director_run_Repeat$__R_sL_5.class
-rw-rw-r--   1 travis travis   691 Jan 18 03:25 Repeat$_Repeat_SDF_Director_run_Repeat$__R_sL_6.class
-rw-rw-r--   1 travis travis   540 Jan 18 03:25 Repeat$_Repeat_SDF_Director_run_Repeat$__R_sL_7.class
-rw-rw-r--   1 travis travis   863 Jan 18 03:25 Repeat$_varinit_Repeat.class
-rw-rw-r--   1 travis travis   530 Jan 18 03:25 Repeat$_varinit_Repeat$__v_sL_1.class
-rw-rw-r--   1 travis travis   531 Jan 18 03:25 Repeat$_varinit_Repeat$__v_sL_2.class
-rw-rw-r--   1 travis travis   905 Jan 18 03:25 Repeat$_varinit_Repeat$__v_sL_4.class
-rw-rw-r--   1 travis travis   635 Jan 18 03:25 Repeat$_wrapup_Repeat.class
-rw-rw-r--   1 travis travis   965 Jan 18 03:25 Repeat$_wrapup_Repeat$__w_sL_1.class
-rw-rw-r--   1 travis travis   289 Jan 18 03:19 result.csv
drwxrwxr-x   3 travis travis 12288 Jan 18 03:23 Scrambler1
drwxrwxr-x   3 travis travis 20480 Jan 18 03:22 Sinewave2
drwxrwxr-x   3 travis travis 69632 Jan 18 03:23 StringCompare
drwxrwxr-x   3 travis travis 32768 Jan 18 03:23 StringFunction
drwxrwxr-x   3 travis travis 12288 Jan 18 03:23 StringLength
drwxrwxr-x   3 travis travis 57344 Jan 18 03:24 StringSimpleReplace
drwxrwxr-x   3 travis travis 12288 Jan 18 03:24 time2
drwxrwxr-x   3 travis travis 12288 Jan 18 03:25 time5
-rw-rw-r--   1 travis travis   432 Jan 18 03:25 Token.class
-rw-rw-r--   1 travis travis   251 Jan 18 03:25 Token.java
-rw-rw-r--   1 travis travis     0 Jan 18 03:25 top.
-rw-rw-r--   1 travis travis 20502 Jan 18 03:19 top.c
-rw-rw-r--   1 travis travis  3567 Jan 18 03:25 top.class
-rw-rw-r--   1 travis travis   169 Jan 18 03:19 top.html
-rw-rw-r--   1 travis travis  7552 Jan 18 03:25 top.java
-rw-rw-r--   1 travis travis 38888 Jan 18 03:19 top.o
drwxrwxr-x   3 travis travis 57344 Jan 18 03:22 UnaryMathFunction
warning: Supported source version 'RELEASE_6' from annotation processor 'org.netbeans.modules.openide.util.NbBundleProcessor' less than -source '1.8'
warning: Supported source version 'RELEASE_6' from annotation processor 'org.netbeans.modules.openide.util.URLStreamHandlerRegistrationProcessor' less than -source '1.8'
warning: Supported source version 'RELEASE_6' from annotation processor 'org.netbeans.modules.openide.util.ServiceProviderProcessor' less than -source '1.8'
3 warnings
All Done
Writing ModularCodeGen_ModularCodeGenTypedCompositeActor.java in file:/home/travis/cg/ (10970 characters)
Reading "ptolemy/cg/kernel/generic/program/procedural/java/modular/makefile.in",
    writing "/home/travis/cg/ModularCodeGen_ModularCodeGenTypedCompositeActor.mk"
Using ptolemy/cg/kernel/generic/program/procedural/java/modular/makefile.in
In "/home/travis/cg", about to execute:
    make -f ModularCodeGen_ModularCodeGenTypedCompositeActor.mk
javac -classpath ".:.."    ModularCodeGen_ModularCodeGenTypedCompositeActor.java
All Done
2398 ms. Memory: 183296K Free: 110694K (60%)
----------------- Invoking toplevel() on ptolemy.moml.MoMLSimpleApplication@6ce8b321
----------------- Done invoking toplevel() on ptolemy.moml.MoMLSimpleApplication@6ce8b321
reloadAllAccessors: .ModularCodeGen

===========================================================================================
----------------- testing Fri Jan 18 03:25:50 UTC 2019 /home/travis/build/icyphy/ptII/ptolemy/cg/lib/test/auto/ModularCodeGen2.xml
----------------- Instantiating /home/travis/build/icyphy/ptII/ptolemy/cg/lib/test/auto/ModularCodeGen2.xml
In "/home/travis/cg", about to execute:
    pwd
In "/home/travis/cg", about to execute:
    ls -l
/home/travis/cg
In "/home/travis/cg", about to execute:
    javac -classpath
.:/home/travis/build/icyphy/ptII:/home/travis/build/icyphy/ptII/lib/bsh-2.0b4.j
ar:/home/travis/build/icyphy/ptII/lib/ptCal.jar:/home/travis/build/icyphy/ptII/
lib/java_cup.jar:/home/travis/build/icyphy/ptII/lib/saxon8.jar:/home/travis/bui
ld/icyphy/ptII/lib/saxon8-dom.jar:/home/travis/build/icyphy/ptII/lib/chic.jar:/
home/travis/build/icyphy/ptII/lib/ptcolt.jar:/usr/lib/jvm/java-8-oracle/lib/too
ls.jar:/usr/lib/eclipse/plugins/org.eclipse.jdt.core_3.8.2.dist.jar:/usr/lib/ec
lipse/plugins/org.eclipse.core.runtime_3.8.0.dist.jar:/usr/lib/eclipse/plugins/
org.eclipse.osgi_3.8.1.dist.jar:/usr/lib/eclipse/plugins/org.eclipse.core.resou
rces_3.8.1.dist.jar:/usr/lib/eclipse/plugins/org.eclipse.equinox.common_3.6.100
.dist.jar:/usr/lib/eclipse/plugins/org.eclipse.core.jobs_3.5.200.dist.jar:/usr/
lib/eclipse/plugins/org.eclipse.core.contenttype_3.4.200.dist.jar:/usr/lib/ecli
pse/plugins/org.eclipse.equinox.preferences_3.5.0.dist.jar:/usr/lib/eclipse/plu
gins/org.eclipse.text_3.5.200.dist.jar:/usr/lib/eclipse/plugins/org.eclipse.ui.
workbench_3.8.1.dist.jar:/usr/lib/eclipse/plugins/org.eclipse.jface_3.8.0.dist.
jar:/usr/lib/eclipse/plugins/org.eclipse.swt_3.8.2.jar:/usr/lib/eclipse/plugins
/org.eclipse.jface.text_3.8.1.dist.jar:/usr/lib/eclipse/plugins/org.eclipse.ui.
workbench.texteditor_3.8.0.dist.jar:/usr/lib/eclipse/plugins/org.eclipse.ui.edi
tors_3.8.0.dist.jar:/usr/lib/eclipse/plugins/org.eclipse.core.commands_3.6.1.di
st.jar:/usr/lib/eclipse/plugins/org.eclipse.equinox.registry_3.5.200.dist.jar:/
usr/lib/eclipse/plugins/org.eclipse.ui.console_3.5.100.dist.jar:/usr/lib/eclips
e/plugins/org.eclipse.ui.forms_3.5.200.dist.jar:/usr/lib/eclipse/plugins/org.ec
lipse.ui.ide_3.8.1.dist.jar:/home/travis/build/icyphy/ptII/vendors/oracle/dbxml
.jar:/home/travis/build/icyphy/ptII/vendors/oracle/db.jar:/home/travis/build/ic
yphy/ptII/vendors/misc/itext/iText.jar:/home/travis/build/icyphy/ptII/lib/g4ltl
.jar:/home/travis/build/icyphy/ptII/lib/StructuralCoder.jar:/home/travis/build/
icyphy/ptII/lib/org-openide-util.jar:/home/travis/build/icyphy/ptII/lib/org-ope
nide-util-lookup.jar:/home/travis/build/icyphy/ptII/lib/org-netbeans-api-visual
.jar:/home/travis/build/icyphy/ptII/vendors/jai-1_1_2_01/lib/jai_core.jar:/home
/travis/build/icyphy/ptII/vendors/jai-1_1_2_01/lib/jai_codec.jar:/home/travis/b
uild/icyphy/ptII/lib/jcerti.jar:/home/travis/build/icyphy/ptII/lib/smack.jar:/h
ome/travis/build/icyphy/ptII/lib/smackx.jar:/home/travis/build/icyphy/ptII/lib/
jetty-all-8.1.5-v20120716.jar:/home/travis/build/icyphy/ptII/lib/javax.servlet-
api-3.0.1.jar:/home/travis/build/icyphy/ptII/lib/javax.mail.jar:/home/travis/bu
ild/icyphy/ptII/vendors/JMF-2.1.1e/lib/jmf.jar:/home/travis/build/icyphy/ptII/l
ib/jna-4.0.0-variadic.jar:/home/travis/build/icyphy/ptII/vendors/misc/joystick/
Joystick.jar:/home/travis/build/icyphy/ptII/lib/ptjacl.jar:/home/travis/build/i
cyphy/ptII/lib/jsoup-1.8.2.jar:/home/travis/build/icyphy/ptII/lib/junit-4.8.2.j
ar:/home/travis/build/icyphy/ptII/lib/JUnitParams-0.4.0.jar:/home/travis/build/
icyphy/ptII/ptolemy/actor/lib/excel/jxl.jar:/home/travis/build/icyphy/ptII/lib/
jython.jar:/home/travis/build/icyphy/ptII/lib/kieler.jar:/home/travis/build/icy
phy/ptII/vendors/opencv/share/OpenCV/java/opencv-341.jar:/home/travis/build/icy
phy/ptII/lib/oscP5.jar:/home/travis/build/icyphy/ptII/lib/nrjavaserial-3.11.0.d
evel.jar:/home/travis/build/icyphy/ptII/vendors/j3d/lib/j3dcore.jar:/home/travi
s/build/icyphy/ptII/vendors/j3d/lib/j3dutils.jar:/home/travis/build/icyphy/ptII
/vendors/j3d/lib/vecmath.jar:/home/travis/build/icyphy/ptII/ptolemy/distributed
/jini/jar/jini-core.jar:/home/travis/build/icyphy/ptII/ptolemy/distributed/jini
/jar/jini-ext.jar:/home/travis/build/icyphy/ptII/ptolemy/distributed/jini/jar/s
un-util.jar:/home/travis/build/icyphy/ptII/lib/protobuf-java-2.4.1.jar:/home/tr
avis/build/icyphy/ptII/lib/org.eclipse.paho.client.mqttv3.jar:/home/travis/buil
d/icyphy/ptII/ptserver/lib/hessian-4.0.7.jar:/home/travis/build/icyphy/ptII/pts
erver/lib/wmqtt.jar:/home/travis/build/icyphy/ptII/lib/mapss.jar:/home/travis/b
uild/icyphy/ptII/ptolemy/actor/ptalon/antlr/antlr.jar:/home/travis/build/icyphy
/ptII/lib/JRI.jar:/home/travis/build/icyphy/ptII/lib/commons-lang-2.6.jar:/home
/travis/build/icyphy/ptII/lib/commons-logging-1.1.1.jar:/home/travis/build/icyp
hy/ptII/lib/sootclasses.jar:/home/travis/build/icyphy/ptII/ptolemy/actor/lib/da
tabase/mysql-connector-java-5.1.6-bin.jar:/home/travis/build/icyphy/ptII/vendor
s/misc/sphinx4/sphinx4-data-5prealpha.jar:/home/travis/build/icyphy/ptII/vendor
s/misc/sphinx4/sphinx4-core-5prealpha.jar:/home/travis/build/icyphy/ptII/lib/PD
FRenderer.jar:/home/travis/build/icyphy/ptII/lib/svgSalamander.jar:/home/travis
/build/icyphy/ptII/lib/rsyntaxtextarea-2.6.0-SNAPSHOT.jar:/home/travis/build/ic
yphy/ptII/lib/hazelcast-3.8.2.jar:/home/travis/build/icyphy/ptII/lib/jackson-an
notations-2.9.0.jar:/home/travis/build/icyphy/ptII/lib/jackson-core-2.9.3.jar:/
home/travis/build/icyphy/ptII/lib/jackson-databind-2.9.3.jar:/home/travis/build
/icyphy/ptII/lib/netty-buffer-4.1.19.Final.jar:/home/travis/build/icyphy/ptII/l
ib/netty-codec-4.1.19.Final.jar:/home/travis/build/icyphy/ptII/lib/netty-codec-
dns-4.1.19.Final.jar:/home/travis/build/icyphy/ptII/lib/netty-codec-http-4.1.19
.Final.jar:/home/travis/build/icyphy/ptII/lib/netty-codec-http2-4.1.19.Final.ja
r:/home/travis/build/icyphy/ptII/lib/netty-common-4.1.19.Final.jar:/home/travis
/build/icyphy/ptII/lib/netty-handler-4.1.19.Final.jar:/home/travis/build/icyphy
/ptII/lib/netty-resolver-4.1.19.Final.jar:/home/travis/build/icyphy/ptII/lib/ne
tty-resolver-dns-4.1.19.Final.jar:/home/travis/build/icyphy/ptII/lib/netty-tran
sport-4.1.19.Final.jar:/home/travis/build/icyphy/ptII/lib/vertx-codegen-3.5.1.j
ar:/home/travis/build/icyphy/ptII/lib/vertx-core-3.5.2-SNAPSHOT.jar:/home/travi
s/build/icyphy/ptII/lib/vertx-hazelcast-3.5.1.jar:/home/travis/build/icyphy/ptI
I/lib/vertx-lang-js-3.5.1.jar:/home/travis/build/icyphy/ptII/lib/vertx-service-
proxy-3.5.1.jar:/home/travis/build/icyphy/ptII/lib/vertx-web-3.5.1.jar:/home/tr
avis/build/icyphy/ptII/lib/slf4j-api-1.7.13.jar:/home/travis/build/icyphy/ptII/
lib/slf4j-simple-1.7.13.jar:/home/travis/build/icyphy/ptII/lib/webcam-capture-0
.3.12.jar:/home/travis/build/icyphy/ptII/lib/bridj-0.7.0.jar:/home/travis/build
/icyphy/ptII/lib/xbjlib-1.1.0.nrjavaserial.jar:/home/travis/build/icyphy/ptII/p
tolemy/moml/test:/home/travis/build/icyphy/ptII/ant/lib/ant-launcher.jar:/home/
travis/build/icyphy/ptII/ant/lib/ant.jar:/home/travis/build/icyphy/ptII/ant/lib
/ant-junit.jar:/home/travis/build/icyphy/ptII/ant/lib/ant-junit4.jar:/home/trav
is/build/icyphy/ptII
ModularCodeGen2_ModularCodeGenTypedCompositeActor_ModularCodeGenTypedCompositeA
ctor_profile.java
total 1288
drwxrwxr-x   3 travis travis 12288 Jan 18 03:20 AbsoluteValue
drwxrwxr-x   3 travis travis 16384 Jan 18 03:20 Case1
drwxrwxr-x   3 travis travis 32768 Jan 18 03:20 Case2
-rw-rw-r--   1 travis travis  4895 Jan 18 03:25 CompiledCompositeActor_CompiledCompositeActor.class
-rw-rw-r--   1 travis travis  1592 Jan 18 03:25 CompiledCompositeActor_CompiledCompositeActor$_CompiledCompositeActor_CompiledCompositeActor.class
-rw-rw-r--   1 travis travis 13466 Jan 18 03:25 CompiledCompositeActor_CompiledCompositeActor.java
-rw-rw-r--   1 travis travis  1593 Jan 18 03:25 CompiledCompositeActor_CompiledCompositeActor.mk
drwxrwxr-x   3 travis travis 24576 Jan 18 03:23 DeScrambler
drwxrwxr-x   3 travis travis 16384 Jan 18 03:24 DotProduct
drwxrwxr-x   3 travis travis 12288 Jan 18 03:21 FileWriter1
drwxrwxr-x   3 travis travis 20480 Jan 18 03:20 FixToDoubleAndBack
drwxrwxr-x   3 travis travis 16384 Jan 18 03:21 Gaussian1
drwxrwxr-x   3 travis travis 20480 Jan 18 03:21 Gaussian2
-rw-rw-r--   1 travis travis  4457 Jan 18 03:25 JavaCompiledCompositeTest1_CompiledCompositeActor.class
-rw-rw-r--   1 travis travis 11637 Jan 18 03:25 JavaCompiledCompositeTest1_CompiledCompositeActor.java
-rw-rw-r--   1 travis travis  1198 Jan 18 03:25 JavaCompiledCompositeTest1_CompiledCompositeActor$_JavaCompiledCompositeTest1_CompiledCompositeActor.class
-rw-rw-r--   1 travis travis  1625 Jan 18 03:25 JavaCompiledCompositeTest1_CompiledCompositeActor.mk
-rw-rw-r--   1 travis travis  4888 Jan 18 03:25 JavaCompiledCompositeTest2_CompiledCompositeActor.class
-rw-rw-r--   1 travis travis 14919 Jan 18 03:25 JavaCompiledCompositeTest2_CompiledCompositeActor.java
-rw-rw-r--   1 travis travis  1793 Jan 18 03:25 JavaCompiledCompositeTest2_CompiledCompositeActor$_JavaCompiledCompositeTest2_CompiledCompositeActor.class
-rw-rw-r--   1 travis travis  1625 Jan 18 03:25 JavaCompiledCompositeTest2_CompiledCompositeActor.mk
-rw-rw-r--   1 travis travis  4505 Jan 18 03:25 JavaCompiledCompositeTest3_CompiledCompositeActor.class
-rw-rw-r--   1 travis travis 13080 Jan 18 03:25 JavaCompiledCompositeTest3_CompiledCompositeActor.java
-rw-rw-r--   1 travis travis  1378 Jan 18 03:25 JavaCompiledCompositeTest3_CompiledCompositeActor$_JavaCompiledCompositeTest3_CompiledCompositeActor.class
-rw-rw-r--   1 travis travis  1625 Jan 18 03:25 JavaCompiledCompositeTest3_CompiledCompositeActor.mk
-rw-rw-r--   1 travis travis  3953 Jan 18 03:25 JavaCompiledCompositeTest4_CompiledCompositeActor.class
-rw-rw-r--   1 travis travis  9687 Jan 18 03:25 JavaCompiledCompositeTest4_CompiledCompositeActor.java
-rw-rw-r--   1 travis travis   857 Jan 18 03:25 JavaCompiledCompositeTest4_CompiledCompositeActor$_JavaCompiledCompositeTest4_CompiledCompositeActor.class
-rw-rw-r--   1 travis travis  1625 Jan 18 03:25 JavaCompiledCompositeTest4_CompiledCompositeActor.mk
drwxrwxr-x   3 travis travis 12288 Jan 18 03:21 LookupTable
drwxrwxr-x   3 travis travis 20480 Jan 18 03:21 MaxIndex
-rw-rw-r--   1 travis travis  3693 Jan 18 03:25 ModularCG_A1_B1.class
-rw-rw-r--   1 travis travis  9730 Jan 18 03:25 ModularCG_A1_B1.java
-rw-rw-r--   1 travis travis   832 Jan 18 03:25 ModularCG_A1_B1.mk
-rw-rw-r--   1 travis travis  1318 Jan 18 03:25 ModularCG_A1_B1_profile.class
-rw-rw-r--   1 travis travis  1262 Jan 18 03:25 ModularCG_A1_B1_profile.java
-rw-rw-r--   1 travis travis  3693 Jan 18 03:25 ModularCG_A1_B2.class
-rw-rw-r--   1 travis travis  9730 Jan 18 03:25 ModularCG_A1_B2.java
-rw-rw-r--   1 travis travis   832 Jan 18 03:25 ModularCG_A1_B2.mk
-rw-rw-r--   1 travis travis  1318 Jan 18 03:25 ModularCG_A1_B2_profile.class
-rw-rw-r--   1 travis travis  1262 Jan 18 03:25 ModularCG_A1_B2_profile.java
-rw-rw-r--   1 travis travis  4799 Jan 18 03:25 ModularCG_A1.class
-rw-rw-r--   1 travis travis 14742 Jan 18 03:25 ModularCG_A1.java
-rw-rw-r--   1 travis travis   808 Jan 18 03:25 ModularCG_A1.mk
-rw-rw-r--   1 travis travis  1433 Jan 18 03:25 ModularCG_A1_profile.class
-rw-rw-r--   1 travis travis  1704 Jan 18 03:25 ModularCG_A1_profile.java
-rw-rw-r--   1 travis travis  3827 Jan 18 03:25 ModularCG_A2_B1.class
-rw-rw-r--   1 travis travis 10667 Jan 18 03:25 ModularCG_A2_B1.java
-rw-rw-r--   1 travis travis   832 Jan 18 03:25 ModularCG_A2_B1.mk
-rw-rw-r--   1 travis travis  1381 Jan 18 03:25 ModularCG_A2_B1_profile.class
-rw-rw-r--   1 travis travis  1446 Jan 18 03:25 ModularCG_A2_B1_profile.java
-rw-rw-r--   1 travis travis  3693 Jan 18 03:25 ModularCG_A2_B2.class
-rw-rw-r--   1 travis travis  9730 Jan 18 03:25 ModularCG_A2_B2.java
-rw-rw-r--   1 travis travis   832 Jan 18 03:25 ModularCG_A2_B2.mk
-rw-rw-r--   1 travis travis  1318 Jan 18 03:25 ModularCG_A2_B2_profile.class
-rw-rw-r--   1 travis travis  1262 Jan 18 03:25 ModularCG_A2_B2_profile.java
-rw-rw-r--   1 travis travis  4870 Jan 18 03:25 ModularCG_A2.class
-rw-rw-r--   1 travis travis 15129 Jan 18 03:25 ModularCG_A2.java
-rw-rw-r--   1 travis travis   808 Jan 18 03:25 ModularCG_A2.mk
-rw-rw-r--   1 travis travis  1433 Jan 18 03:25 ModularCG_A2_profile.class
-rw-rw-r--   1 travis travis  1704 Jan 18 03:25 ModularCG_A2_profile.java
-rw-rw-r--   1 travis travis  3473 Jan 18 03:25 ModularCGPubSub_A1_A2.class
-rw-rw-r--   1 travis travis  9076 Jan 18 03:25 ModularCGPubSub_A1_A2.java
-rw-rw-r--   1 travis travis   880 Jan 18 03:25 ModularCGPubSub_A1_A2.mk
-rw-rw-r--   1 travis travis  1300 Jan 18 03:25 ModularCGPubSub_A1_A2_profile.class
-rw-rw-r--   1 travis travis  1222 Jan 18 03:25 ModularCGPubSub_A1_A2_profile.java
-rw-rw-r--   1 travis travis  3790 Jan 18 03:25 ModularCGPubSub_A1.class
-rw-rw-r--   1 travis travis  9836 Jan 18 03:25 ModularCGPubSub_A1.java
-rw-rw-r--   1 travis travis   856 Jan 18 03:25 ModularCGPubSub_A1.mk
-rw-rw-r--   1 travis travis  1346 Jan 18 03:25 ModularCGPubSub_A1_profile.class
-rw-rw-r--   1 travis travis  1388 Jan 18 03:25 ModularCGPubSub_A1_profile.java
-rw-rw-r--   1 travis travis  1294 Jan 18 03:25 ModularCodeGen2_ModularCodeGenTypedCompositeActor_ModularCodeGenTypedCompositeActor_profile.java
-rw-rw-r--   1 travis travis  3954 Jan 18 03:25 ModularCodeGen_ModularCodeGenTypedCompositeActor.class
-rw-rw-r--   1 travis travis 10970 Jan 18 03:25 ModularCodeGen_ModularCodeGenTypedCompositeActor.java
-rw-rw-r--   1 travis travis  1096 Jan 18 03:25 ModularCodeGen_ModularCodeGenTypedCompositeActor.mk
-rw-rw-r--   1 travis travis  1384 Jan 18 03:25 ModularCodeGen_ModularCodeGenTypedCompositeActor_profile.class
-rw-rw-r--   1 travis travis  1328 Jan 18 03:25 ModularCodeGen_ModularCodeGenTypedCompositeActor_profile.java
-rw-rw-r--   1 travis travis  3492 Jan 18 03:25 ModularCodeGenTest_A1_A2.class
-rw-rw-r--   1 travis travis   904 Jan 18 03:25 ModularCodeGenTest_A1_A2.mk
-rw-rw-r--   1 travis travis  1306 Jan 18 03:25 ModularCodeGenTest_A1_A2_profile.class
-rw-rw-r--   1 travis travis  9968 Jan 18 03:25 ModularCodeGenTest_A1.java
-rw-rw-r--   1 travis travis   880 Jan 18 03:25 ModularCodeGenTest_A1.mk
drwxrwxr-x   3 travis travis 36864 Jan 18 03:25 modulation2
drwxrwxr-x   3 travis travis 20480 Jan 18 03:21 Multiplexor
drwxrwxr-x 249 travis travis 12288 Jan 18 03:25 node_modules
drwxrwxr-x   3 travis travis 20480 Jan 18 03:22 PhaseUnwrap
-rw-rw-r--   1 travis travis   520 Jan 18 03:25 Repeat$_fireFunction_Repeat_Repeat$__f_sL_0.class
-rw-rw-r--   1 travis travis   522 Jan 18 03:25 Repeat$_fireFunction_Repeat_Repeat$__f_sL_10.class
-rw-rw-r--   1 travis travis   666 Jan 18 03:25 Repeat$_fireFunction_Repeat_Repeat$__f_sL_11.class
-rw-rw-r--   1 travis travis   522 Jan 18 03:25 Repeat$_fireFunction_Repeat_Repeat$__f_sL_13.class
-rw-rw-r--   1 travis travis   665 Jan 18 03:25 Repeat$_fireFunction_Repeat_Repeat$__f_sL_1.class
-rw-rw-r--   1 travis travis   520 Jan 18 03:25 Repeat$_fireFunction_Repeat_Repeat$__f_sL_2.class
-rw-rw-r--   1 travis travis   520 Jan 18 03:25 Repeat$_fireFunction_Repeat_Repeat$__f_sL_3.class
-rw-rw-r--   1 travis travis   520 Jan 18 03:25 Repeat$_fireFunction_Repeat_Repeat$__f_sL_5.class
-rw-rw-r--   1 travis travis   671 Jan 18 03:25 Repeat$_fireFunction_Repeat_Repeat$__f_sL_7.class
-rw-rw-r--   1 travis travis   520 Jan 18 03:25 Repeat$_fireFunction_Repeat_Repeat$__f_sL_9.class
-rw-rw-r--   1 travis travis   813 Jan 18 03:25 Repeat$_initialize_Repeat.class
-rw-rw-r--   1 travis travis   475 Jan 18 03:25 Repeat$_initialize_Repeat$__i_sL_0.class
-rw-rw-r--   1 travis travis   519 Jan 18 03:25 Repeat$_initialize_Repeat$__i_sL_3.class
-rw-rw-r--   1 travis travis 39778 Jan 18 03:25 Repeat.java
-rw-rw-r--   1 travis travis  1281 Jan 18 03:25 Repeat.mk
-rw-rw-r--   1 travis travis   520 Jan 18 03:25 Repeat$_preinitializeMethod_Repeat$__p_sL_0.class
-rw-rw-r--   1 travis travis   520 Jan 18 03:25 Repeat$_preinitializeMethod_Repeat$__p_sL_1.class
-rw-rw-r--   1 travis travis  1083 Jan 18 03:25 Repeat$_Repeat$_fireFunction_Repeat_AddSubtract_Repeat.class
-rw-rw-r--   1 travis travis   791 Jan 18 03:25 Repeat$_Repeat$_fireFunction_Repeat_AddSubtract_Repeat$__f_sL_0.class
-rw-rw-r--   1 travis travis   909 Jan 18 03:25 Repeat$_Repeat$_fireFunction_Repeat_AddSubtract_Repeat$__f_sL_1.class
-rw-rw-r--   1 travis travis   915 Jan 18 03:25 Repeat$_Repeat$_fireFunction_Repeat_AddSubtract_Repeat$__f_sL_2.class
-rw-rw-r--   1 travis travis   838 Jan 18 03:25 Repeat$_Repeat$_fireFunction_Repeat_Ramp2_Repeat$__f_sL_1.class
-rw-rw-r--   1 travis travis  1785 Jan 18 03:25 Repeat$_Repeat$_fireFunction_Repeat_Test_Repeat$__f_sL_2.class
-rw-rw-r--   1 travis travis   685 Jan 18 03:25 Repeat$_Repeat_SDF_Director_run_Repeat$__R_sL_0.class
-rw-rw-r--   1 travis travis   540 Jan 18 03:25 Repeat$_Repeat_SDF_Director_run_Repeat$__R_sL_1.class
-rw-rw-r--   1 travis travis   540 Jan 18 03:25 Repeat$_Repeat_SDF_Director_run_Repeat$__R_sL_2.class
-rw-rw-r--   1 travis travis   540 Jan 18 03:25 Repeat$_Repeat_SDF_Director_run_Repeat$__R_sL_4.class
-rw-rw-r--   1 travis travis   540 Jan 18 03:25 Repeat$_Repeat_SDF_Director_run_Repeat$__R_sL_5.class
-rw-rw-r--   1 travis travis   691 Jan 18 03:25 Repeat$_Repeat_SDF_Director_run_Repeat$__R_sL_6.class
-rw-rw-r--   1 travis travis   540 Jan 18 03:25 Repeat$_Repeat_SDF_Director_run_Repeat$__R_sL_7.class
-rw-rw-r--   1 travis travis   863 Jan 18 03:25 Repeat$_varinit_Repeat.class
-rw-rw-r--   1 travis travis   530 Jan 18 03:25 Repeat$_varinit_Repeat$__v_sL_1.class
-rw-rw-r--   1 travis travis   531 Jan 18 03:25 Repeat$_varinit_Repeat$__v_sL_2.class
-rw-rw-r--   1 travis travis   905 Jan 18 03:25 Repeat$_varinit_Repeat$__v_sL_4.class
-rw-rw-r--   1 travis travis   635 Jan 18 03:25 Repeat$_wrapup_Repeat.class
-rw-rw-r--   1 travis travis   965 Jan 18 03:25 Repeat$_wrapup_Repeat$__w_sL_1.class
-rw-rw-r--   1 travis travis   289 Jan 18 03:19 result.csv
drwxrwxr-x   3 travis travis 12288 Jan 18 03:23 Scrambler1
drwxrwxr-x   3 travis travis 20480 Jan 18 03:22 Sinewave2
drwxrwxr-x   3 travis travis 69632 Jan 18 03:23 StringCompare
drwxrwxr-x   3 travis travis 32768 Jan 18 03:23 StringFunction
drwxrwxr-x   3 travis travis 12288 Jan 18 03:23 StringLength
drwxrwxr-x   3 travis travis 57344 Jan 18 03:24 StringSimpleReplace
drwxrwxr-x   3 travis travis 12288 Jan 18 03:24 time2
drwxrwxr-x   3 travis travis 12288 Jan 18 03:25 time5
-rw-rw-r--   1 travis travis   432 Jan 18 03:25 Token.class
-rw-rw-r--   1 travis travis   251 Jan 18 03:25 Token.java
-rw-rw-r--   1 travis travis     0 Jan 18 03:25 top.
-rw-rw-r--   1 travis travis 20502 Jan 18 03:19 top.c
-rw-rw-r--   1 travis travis  3567 Jan 18 03:25 top.class
-rw-rw-r--   1 travis travis   169 Jan 18 03:19 top.html
-rw-rw-r--   1 travis travis  7552 Jan 18 03:25 top.java
-rw-rw-r--   1 travis travis 38888 Jan 18 03:19 top.o
drwxrwxr-x   3 travis travis 57344 Jan 18 03:22 UnaryMathFunction
warning: Supported source version 'RELEASE_6' from annotation processor 'org.netbeans.modules.openide.util.NbBundleProcessor' less than -source '1.8'
warning: Supported source version 'RELEASE_6' from annotation processor 'org.netbeans.modules.openide.util.URLStreamHandlerRegistrationProcessor' less than -source '1.8'
warning: Supported source version 'RELEASE_6' from annotation processor 'org.netbeans.modules.openide.util.ServiceProviderProcessor' less than -source '1.8'
3 warnings
All Done
Writing ModularCodeGen2_ModularCodeGenTypedCompositeActor_ModularCodeGenTypedCompositeActor.java in file:/home/travis/cg/ (11790 characters)
Reading "ptolemy/cg/kernel/generic/program/procedural/java/modular/makefile.in",
    writing "/home/travis/cg/ModularCodeGen2_ModularCodeGenTypedCompositeActor_ModularCodeGenTypedCompositeActor.mk"
Using ptolemy/cg/kernel/generic/program/procedural/java/modular/makefile.in
In "/home/travis/cg", about to execute:
    make -f
ModularCodeGen2_ModularCodeGenTypedCompositeActor_ModularCodeGenTypedCompositeA
ctor.mk
javac -classpath ".:.."    ModularCodeGen2_ModularCodeGenTypedCompositeActor_ModularCodeGenTypedCompositeActor.java
All Done
In "/home/travis/cg", about to execute:
    pwd
In "/home/travis/cg", about to execute:
    ls -l
/home/travis/cg
total 1320
drwxrwxr-x   3 travis travis 12288 Jan 18 03:20 AbsoluteValue
drwxrwxr-x   3 travis travis 16384 Jan 18 03:20 Case1
drwxrwxr-x   3 travis travis 32768 Jan 18 03:20 Case2
-rw-rw-r--   1 travis travis  4895 Jan 18 03:25 CompiledCompositeActor_CompiledCompositeActor.class
-rw-rw-r--   1 travis travis  1592 Jan 18 03:25 CompiledCompositeActor_CompiledCompositeActor$_CompiledCompositeActor_CompiledCompositeActor.class
-rw-rw-r--   1 travis travis 13466 Jan 18 03:25 CompiledCompositeActor_CompiledCompositeActor.java
-rw-rw-r--   1 travis travis  1593 Jan 18 03:25 CompiledCompositeActor_CompiledCompositeActor.mk
drwxrwxr-x   3 travis travis 24576 Jan 18 03:23 DeScrambler
drwxrwxr-x   3 travis travis 16384 Jan 18 03:24 DotProduct
drwxrwxr-x   3 travis travis 12288 Jan 18 03:21 FileWriter1
drwxrwxr-x   3 travis travis 20480 Jan 18 03:20 FixToDoubleAndBack
drwxrwxr-x   3 travis travis 16384 Jan 18 03:21 Gaussian1
drwxrwxr-x   3 travis travis 20480 Jan 18 03:21 Gaussian2
-rw-rw-r--   1 travis travis  4457 Jan 18 03:25 JavaCompiledCompositeTest1_CompiledCompositeActor.class
-rw-rw-r--   1 travis travis 11637 Jan 18 03:25 JavaCompiledCompositeTest1_CompiledCompositeActor.java
-rw-rw-r--   1 travis travis  1198 Jan 18 03:25 JavaCompiledCompositeTest1_CompiledCompositeActor$_JavaCompiledCompositeTest1_CompiledCompositeActor.class
-rw-rw-r--   1 travis travis  1625 Jan 18 03:25 JavaCompiledCompositeTest1_CompiledCompositeActor.mk
-rw-rw-r--   1 travis travis  4888 Jan 18 03:25 JavaCompiledCompositeTest2_CompiledCompositeActor.class
-rw-rw-r--   1 travis travis 14919 Jan 18 03:25 JavaCompiledCompositeTest2_CompiledCompositeActor.java
-rw-rw-r--   1 travis travis  1793 Jan 18 03:25 JavaCompiledCompositeTest2_CompiledCompositeActor$_JavaCompiledCompositeTest2_CompiledCompositeActor.class
-rw-rw-r--   1 travis travis  1625 Jan 18 03:25 JavaCompiledCompositeTest2_CompiledCompositeActor.mk
-rw-rw-r--   1 travis travis  4505 Jan 18 03:25 JavaCompiledCompositeTest3_CompiledCompositeActor.class
-rw-rw-r--   1 travis travis 13080 Jan 18 03:25 JavaCompiledCompositeTest3_CompiledCompositeActor.java
-rw-rw-r--   1 travis travis  1378 Jan 18 03:25 JavaCompiledCompositeTest3_CompiledCompositeActor$_JavaCompiledCompositeTest3_CompiledCompositeActor.class
-rw-rw-r--   1 travis travis  1625 Jan 18 03:25 JavaCompiledCompositeTest3_CompiledCompositeActor.mk
-rw-rw-r--   1 travis travis  3953 Jan 18 03:25 JavaCompiledCompositeTest4_CompiledCompositeActor.class
-rw-rw-r--   1 travis travis  9687 Jan 18 03:25 JavaCompiledCompositeTest4_CompiledCompositeActor.java
-rw-rw-r--   1 travis travis   857 Jan 18 03:25 JavaCompiledCompositeTest4_CompiledCompositeActor$_JavaCompiledCompositeTest4_CompiledCompositeActor.class
-rw-rw-r--   1 travis travis  1625 Jan 18 03:25 JavaCompiledCompositeTest4_CompiledCompositeActor.mk
drwxrwxr-x   3 travis travis 12288 Jan 18 03:21 LookupTable
drwxrwxr-x   3 travis travis 20480 Jan 18 03:21 MaxIndex
-rw-rw-r--   1 travis travis  3693 Jan 18 03:25 ModularCG_A1_B1.class
-rw-rw-r--   1 travis travis  9730 Jan 18 03:25 ModularCG_A1_B1.java
-rw-rw-r--   1 travis travis   832 Jan 18 03:25 ModularCG_A1_B1.mk
-rw-rw-r--   1 travis travis  1318 Jan 18 03:25 ModularCG_A1_B1_profile.class
-rw-rw-r--   1 travis travis  1262 Jan 18 03:25 ModularCG_A1_B1_profile.java
-rw-rw-r--   1 travis travis  3693 Jan 18 03:25 ModularCG_A1_B2.class
-rw-rw-r--   1 travis travis  9730 Jan 18 03:25 ModularCG_A1_B2.java
-rw-rw-r--   1 travis travis   832 Jan 18 03:25 ModularCG_A1_B2.mk
-rw-rw-r--   1 travis travis  1318 Jan 18 03:25 ModularCG_A1_B2_profile.class
-rw-rw-r--   1 travis travis  1262 Jan 18 03:25 ModularCG_A1_B2_profile.java
-rw-rw-r--   1 travis travis  4799 Jan 18 03:25 ModularCG_A1.class
-rw-rw-r--   1 travis travis 14742 Jan 18 03:25 ModularCG_A1.java
-rw-rw-r--   1 travis travis   808 Jan 18 03:25 ModularCG_A1.mk
-rw-rw-r--   1 travis travis  1433 Jan 18 03:25 ModularCG_A1_profile.class
-rw-rw-r--   1 travis travis  1704 Jan 18 03:25 ModularCG_A1_profile.java
-rw-rw-r--   1 travis travis  3827 Jan 18 03:25 ModularCG_A2_B1.class
-rw-rw-r--   1 travis travis 10667 Jan 18 03:25 ModularCG_A2_B1.java
-rw-rw-r--   1 travis travis   832 Jan 18 03:25 ModularCG_A2_B1.mk
-rw-rw-r--   1 travis travis  1381 Jan 18 03:25 ModularCG_A2_B1_profile.class
-rw-rw-r--   1 travis travis  1446 Jan 18 03:25 ModularCG_A2_B1_profile.java
-rw-rw-r--   1 travis travis  3693 Jan 18 03:25 ModularCG_A2_B2.class
-rw-rw-r--   1 travis travis  9730 Jan 18 03:25 ModularCG_A2_B2.java
-rw-rw-r--   1 travis travis   832 Jan 18 03:25 ModularCG_A2_B2.mk
-rw-rw-r--   1 travis travis  1318 Jan 18 03:25 ModularCG_A2_B2_profile.class
-rw-rw-r--   1 travis travis  1262 Jan 18 03:25 ModularCG_A2_B2_profile.java
-rw-rw-r--   1 travis travis  4870 Jan 18 03:25 ModularCG_A2.class
-rw-rw-r--   1 travis travis 15129 Jan 18 03:25 ModularCG_A2.java
-rw-rw-r--   1 travis travis   808 Jan 18 03:25 ModularCG_A2.mk
-rw-rw-r--   1 travis travis  1433 Jan 18 03:25 ModularCG_A2_profile.class
-rw-rw-r--   1 travis travis  1704 Jan 18 03:25 ModularCG_A2_profile.java
-rw-rw-r--   1 travis travis  3473 Jan 18 03:25 ModularCGPubSub_A1_A2.class
-rw-rw-r--   1 travis travis  9076 Jan 18 03:25 ModularCGPubSub_A1_A2.java
-rw-rw-r--   1 travis travis   880 Jan 18 03:25 ModularCGPubSub_A1_A2.mk
-rw-rw-r--   1 travis travis  1300 Jan 18 03:25 ModularCGPubSub_A1_A2_profile.class
-rw-rw-r--   1 travis travis  1222 Jan 18 03:25 ModularCGPubSub_A1_A2_profile.java
-rw-rw-r--   1 travis travis  3790 Jan 18 03:25 ModularCGPubSub_A1.class
-rw-rw-r--   1 travis travis  9836 Jan 18 03:25 ModularCGPubSub_A1.java
-rw-rw-r--   1 travis travis   856 Jan 18 03:25 ModularCGPubSub_A1.mk
-rw-rw-r--   1 travis travis  1346 Jan 18 03:25 ModularCGPubSub_A1_profile.class
-rw-rw-r--   1 travis travis  1388 Jan 18 03:25 ModularCGPubSub_A1_profile.java
-rw-rw-r--   1 travis travis  4272 Jan 18 03:25 ModularCodeGen2_ModularCodeGenTypedCompositeActor_ModularCodeGenTypedCompositeActor.class
-rw-rw-r--   1 travis travis 11790 Jan 18 03:25 ModularCodeGen2_ModularCodeGenTypedCompositeActor_ModularCodeGenTypedCompositeActor.java
-rw-rw-r--   1 travis travis  1376 Jan 18 03:25 ModularCodeGen2_ModularCodeGenTypedCompositeActor_ModularCodeGenTypedCompositeActor.mk
-rw-rw-r--   1 travis travis  1421 Jan 18 03:25 ModularCodeGen2_ModularCodeGenTypedCompositeActor_ModularCodeGenTypedCompositeActor_profile.class
-rw-rw-r--   1 travis travis  1294 Jan 18 03:25 ModularCodeGen2_ModularCodeGenTypedCompositeActor_ModularCodeGenTypedCompositeActor_profile.java
-rw-rw-r--   1 travis travis   693 Jan 18 03:25 ModularCodeGen2_ModularCodeGenTypedCompositeActor_profile.java
-rw-rw-r--   1 travis travis  3954 Jan 18 03:25 ModularCodeGen_ModularCodeGenTypedCompositeActor.class
-rw-rw-r--   1 travis travis 10970 Jan 18 03:25 ModularCodeGen_ModularCodeGenTypedCompositeActor.java
-rw-rw-r--   1 travis travis  1096 Jan 18 03:25 ModularCodeGen_ModularCodeGenTypedCompositeActor.mk
-rw-rw-r--   1 travis travis  1384 Jan 18 03:25 ModularCodeGen_ModularCodeGenTypedCompositeActor_profile.class
-rw-rw-r--   1 travis travis  1328 Jan 18 03:25 ModularCodeGen_ModularCodeGenTypedCompositeActor_profile.java
-rw-rw-r--   1 travis travis  3492 Jan 18 03:25 ModularCodeGenTest_A1_A2.class
-rw-rw-r--   1 travis travis   904 Jan 18 03:25 ModularCodeGenTest_A1_A2.mk
-rw-rw-r--   1 travis travis  1306 Jan 18 03:25 ModularCodeGenTest_A1_A2_profile.class
-rw-rw-r--   1 travis travis  9968 Jan 18 03:25 ModularCodeGenTest_A1.java
-rw-rw-r--   1 travis travis   880 Jan 18 03:25 ModularCodeGenTest_A1.mk
drwxrwxr-x   3 travis travis 36864 Jan 18 03:25 modulation2
drwxrwxr-x   3 travis travis 20480 Jan 18 03:21 Multiplexor
drwxrwxr-x 249 travis travis 12288 Jan 18 03:25 node_modules
drwxrwxr-x   3 travis travis 20480 Jan 18 03:22 PhaseUnwrap
-rw-rw-r--   1 travis travis   520 Jan 18 03:25 Repeat$_fireFunction_Repeat_Repeat$__f_sL_0.class
-rw-rw-r--   1 travis travis   522 Jan 18 03:25 Repeat$_fireFunction_Repeat_Repeat$__f_sL_10.class
-rw-rw-r--   1 travis travis   666 Jan 18 03:25 Repeat$_fireFunction_Repeat_Repeat$__f_sL_11.class
-rw-rw-r--   1 travis travis   522 Jan 18 03:25 Repeat$_fireFunction_Repeat_Repeat$__f_sL_13.class
-rw-rw-r--   1 travis travis   665 Jan 18 03:25 Repeat$_fireFunction_Repeat_Repeat$__f_sL_1.class
-rw-rw-r--   1 travis travis   520 Jan 18 03:25 Repeat$_fireFunction_Repeat_Repeat$__f_sL_2.class
-rw-rw-r--   1 travis travis   520 Jan 18 03:25 Repeat$_fireFunction_Repeat_Repeat$__f_sL_3.class
-rw-rw-r--   1 travis travis   520 Jan 18 03:25 Repeat$_fireFunction_Repeat_Repeat$__f_sL_5.class
-rw-rw-r--   1 travis travis   671 Jan 18 03:25 Repeat$_fireFunction_Repeat_Repeat$__f_sL_7.class
-rw-rw-r--   1 travis travis   520 Jan 18 03:25 Repeat$_fireFunction_Repeat_Repeat$__f_sL_9.class
-rw-rw-r--   1 travis travis   813 Jan 18 03:25 Repeat$_initialize_Repeat.class
-rw-rw-r--   1 travis travis   475 Jan 18 03:25 Repeat$_initialize_Repeat$__i_sL_0.class
-rw-rw-r--   1 travis travis   519 Jan 18 03:25 Repeat$_initialize_Repeat$__i_sL_3.class
-rw-rw-r--   1 travis travis 39778 Jan 18 03:25 Repeat.java
-rw-rw-r--   1 travis travis  1281 Jan 18 03:25 Repeat.mk
-rw-rw-r--   1 travis travis   520 Jan 18 03:25 Repeat$_preinitializeMethod_Repeat$__p_sL_0.class
-rw-rw-r--   1 travis travis   520 Jan 18 03:25 Repeat$_preinitializeMethod_Repeat$__p_sL_1.class
-rw-rw-r--   1 travis travis  1083 Jan 18 03:25 Repeat$_Repeat$_fireFunction_Repeat_AddSubtract_Repeat.class
-rw-rw-r--   1 travis travis   791 Jan 18 03:25 Repeat$_Repeat$_fireFunction_Repeat_AddSubtract_Repeat$__f_sL_0.class
-rw-rw-r--   1 travis travis   909 Jan 18 03:25 Repeat$_Repeat$_fireFunction_Repeat_AddSubtract_Repeat$__f_sL_1.class
-rw-rw-r--   1 travis travis   915 Jan 18 03:25 Repeat$_Repeat$_fireFunction_Repeat_AddSubtract_Repeat$__f_sL_2.class
-rw-rw-r--   1 travis travis   838 Jan 18 03:25 Repeat$_Repeat$_fireFunction_Repeat_Ramp2_Repeat$__f_sL_1.class
-rw-rw-r--   1 travis travis  1785 Jan 18 03:25 Repeat$_Repeat$_fireFunction_Repeat_Test_Repeat$__f_sL_2.class
-rw-rw-r--   1 travis travis   685 Jan 18 03:25 Repeat$_Repeat_SDF_Director_run_Repeat$__R_sL_0.class
-rw-rw-r--   1 travis travis   540 Jan 18 03:25 Repeat$_Repeat_SDF_Director_run_Repeat$__R_sL_1.class
-rw-rw-r--   1 travis travis   540 Jan 18 03:25 Repeat$_Repeat_SDF_Director_run_Repeat$__R_sL_2.class
-rw-rw-r--   1 travis travis   540 Jan 18 03:25 Repeat$_Repeat_SDF_Director_run_Repeat$__R_sL_4.class
-rw-rw-r--   1 travis travis   540 Jan 18 03:25 Repeat$_Repeat_SDF_Director_run_Repeat$__R_sL_5.class
-rw-rw-r--   1 travis travis   691 Jan 18 03:25 Repeat$_Repeat_SDF_Director_run_Repeat$__R_sL_6.class
-rw-rw-r--   1 travis travis   540 Jan 18 03:25 Repeat$_Repeat_SDF_Director_run_Repeat$__R_sL_7.class
-rw-rw-r--   1 travis travis   863 Jan 18 03:25 Repeat$_varinit_Repeat.class
-rw-rw-r--   1 travis travis   530 Jan 18 03:25 Repeat$_varinit_Repeat$__v_sL_1.class
-rw-rw-r--   1 travis travis   531 Jan 18 03:25 Repeat$_varinit_Repeat$__v_sL_2.class
-rw-rw-r--   1 travis travis   905 Jan 18 03:25 Repeat$_varinit_Repeat$__v_sL_4.class
-rw-rw-r--   1 travis travis   635 Jan 18 03:25 Repeat$_wrapup_Repeat.class
-rw-rw-r--   1 travis travis   965 Jan 18 03:25 Repeat$_wrapup_Repeat$__w_sL_1.class
-rw-rw-r--   1 travis travis   289 Jan 18 03:19 result.csv
drwxrwxr-x   3 travis travis 12288 Jan 18 03:23 Scrambler1
drwxrwxr-x   3 travis travis 20480 Jan 18 03:22 Sinewave2
drwxrwxr-x   3 travis travis 69632 Jan 18 03:23 StringCompare
drwxrwxr-x   3 travis travis 32768 Jan 18 03:23 StringFunction
drwxrwxr-x   3 travis travis 12288 Jan 18 03:23 StringLength
drwxrwxr-x   3 travis travis 57344 Jan 18 03:24 StringSimpleReplace
drwxrwxr-x   3 travis travis 12288 Jan 18 03:24 time2
drwxrwxr-x   3 travis travis 12288 Jan 18 03:25 time5
-rw-rw-r--   1 travis travis   432 Jan 18 03:25 Token.class
-rw-rw-r--   1 travis travis   251 Jan 18 03:25 Token.java
-rw-rw-r--   1 travis travis     0 Jan 18 03:25 top.
-rw-rw-r--   1 travis travis 20502 Jan 18 03:19 top.c
-rw-rw-r--   1 travis travis  3567 Jan 18 03:25 top.class
-rw-rw-r--   1 travis travis   169 Jan 18 03:19 top.html
-rw-rw-r--   1 travis travis  7552 Jan 18 03:25 top.java
-rw-rw-r--   1 travis travis 38888 Jan 18 03:19 top.o
drwxrwxr-x   3 travis travis 57344 Jan 18 03:22 UnaryMathFunction
In "/home/travis/cg", about to execute:
    javac -classpath
.:/home/travis/build/icyphy/ptII:/home/travis/build/icyphy/ptII/lib/bsh-2.0b4.j
ar:/home/travis/build/icyphy/ptII/lib/ptCal.jar:/home/travis/build/icyphy/ptII/
lib/java_cup.jar:/home/travis/build/icyphy/ptII/lib/saxon8.jar:/home/travis/bui
ld/icyphy/ptII/lib/saxon8-dom.jar:/home/travis/build/icyphy/ptII/lib/chic.jar:/
home/travis/build/icyphy/ptII/lib/ptcolt.jar:/usr/lib/jvm/java-8-oracle/lib/too
ls.jar:/usr/lib/eclipse/plugins/org.eclipse.jdt.core_3.8.2.dist.jar:/usr/lib/ec
lipse/plugins/org.eclipse.core.runtime_3.8.0.dist.jar:/usr/lib/eclipse/plugins/
org.eclipse.osgi_3.8.1.dist.jar:/usr/lib/eclipse/plugins/org.eclipse.core.resou
rces_3.8.1.dist.jar:/usr/lib/eclipse/plugins/org.eclipse.equinox.common_3.6.100
.dist.jar:/usr/lib/eclipse/plugins/org.eclipse.core.jobs_3.5.200.dist.jar:/usr/
lib/eclipse/plugins/org.eclipse.core.contenttype_3.4.200.dist.jar:/usr/lib/ecli
pse/plugins/org.eclipse.equinox.preferences_3.5.0.dist.jar:/usr/lib/eclipse/plu
gins/org.eclipse.text_3.5.200.dist.jar:/usr/lib/eclipse/plugins/org.eclipse.ui.
workbench_3.8.1.dist.jar:/usr/lib/eclipse/plugins/org.eclipse.jface_3.8.0.dist.
jar:/usr/lib/eclipse/plugins/org.eclipse.swt_3.8.2.jar:/usr/lib/eclipse/plugins
/org.eclipse.jface.text_3.8.1.dist.jar:/usr/lib/eclipse/plugins/org.eclipse.ui.
workbench.texteditor_3.8.0.dist.jar:/usr/lib/eclipse/plugins/org.eclipse.ui.edi
tors_3.8.0.dist.jar:/usr/lib/eclipse/plugins/org.eclipse.core.commands_3.6.1.di
st.jar:/usr/lib/eclipse/plugins/org.eclipse.equinox.registry_3.5.200.dist.jar:/
usr/lib/eclipse/plugins/org.eclipse.ui.console_3.5.100.dist.jar:/usr/lib/eclips
e/plugins/org.eclipse.ui.forms_3.5.200.dist.jar:/usr/lib/eclipse/plugins/org.ec
lipse.ui.ide_3.8.1.dist.jar:/home/travis/build/icyphy/ptII/vendors/oracle/dbxml
.jar:/home/travis/build/icyphy/ptII/vendors/oracle/db.jar:/home/travis/build/ic
yphy/ptII/vendors/misc/itext/iText.jar:/home/travis/build/icyphy/ptII/lib/g4ltl
.jar:/home/travis/build/icyphy/ptII/lib/StructuralCoder.jar:/home/travis/build/
icyphy/ptII/lib/org-openide-util.jar:/home/travis/build/icyphy/ptII/lib/org-ope
nide-util-lookup.jar:/home/travis/build/icyphy/ptII/lib/org-netbeans-api-visual
.jar:/home/travis/build/icyphy/ptII/vendors/jai-1_1_2_01/lib/jai_core.jar:/home
/travis/build/icyphy/ptII/vendors/jai-1_1_2_01/lib/jai_codec.jar:/home/travis/b
uild/icyphy/ptII/lib/jcerti.jar:/home/travis/build/icyphy/ptII/lib/smack.jar:/h
ome/travis/build/icyphy/ptII/lib/smackx.jar:/home/travis/build/icyphy/ptII/lib/
jetty-all-8.1.5-v20120716.jar:/home/travis/build/icyphy/ptII/lib/javax.servlet-
api-3.0.1.jar:/home/travis/build/icyphy/ptII/lib/javax.mail.jar:/home/travis/bu
ild/icyphy/ptII/vendors/JMF-2.1.1e/lib/jmf.jar:/home/travis/build/icyphy/ptII/l
ib/jna-4.0.0-variadic.jar:/home/travis/build/icyphy/ptII/vendors/misc/joystick/
Joystick.jar:/home/travis/build/icyphy/ptII/lib/ptjacl.jar:/home/travis/build/i
cyphy/ptII/lib/jsoup-1.8.2.jar:/home/travis/build/icyphy/ptII/lib/junit-4.8.2.j
ar:/home/travis/build/icyphy/ptII/lib/JUnitParams-0.4.0.jar:/home/travis/build/
icyphy/ptII/ptolemy/actor/lib/excel/jxl.jar:/home/travis/build/icyphy/ptII/lib/
jython.jar:/home/travis/build/icyphy/ptII/lib/kieler.jar:/home/travis/build/icy
phy/ptII/vendors/opencv/share/OpenCV/java/opencv-341.jar:/home/travis/build/icy
phy/ptII/lib/oscP5.jar:/home/travis/build/icyphy/ptII/lib/nrjavaserial-3.11.0.d
evel.jar:/home/travis/build/icyphy/ptII/vendors/j3d/lib/j3dcore.jar:/home/travi
s/build/icyphy/ptII/vendors/j3d/lib/j3dutils.jar:/home/travis/build/icyphy/ptII
/vendors/j3d/lib/vecmath.jar:/home/travis/build/icyphy/ptII/ptolemy/distributed
/jini/jar/jini-core.jar:/home/travis/build/icyphy/ptII/ptolemy/distributed/jini
/jar/jini-ext.jar:/home/travis/build/icyphy/ptII/ptolemy/distributed/jini/jar/s
un-util.jar:/home/travis/build/icyphy/ptII/lib/protobuf-java-2.4.1.jar:/home/tr
avis/build/icyphy/ptII/lib/org.eclipse.paho.client.mqttv3.jar:/home/travis/buil
d/icyphy/ptII/ptserver/lib/hessian-4.0.7.jar:/home/travis/build/icyphy/ptII/pts
erver/lib/wmqtt.jar:/home/travis/build/icyphy/ptII/lib/mapss.jar:/home/travis/b
uild/icyphy/ptII/ptolemy/actor/ptalon/antlr/antlr.jar:/home/travis/build/icyphy
/ptII/lib/JRI.jar:/home/travis/build/icyphy/ptII/lib/commons-lang-2.6.jar:/home
/travis/build/icyphy/ptII/lib/commons-logging-1.1.1.jar:/home/travis/build/icyp
hy/ptII/lib/sootclasses.jar:/home/travis/build/icyphy/ptII/ptolemy/actor/lib/da
tabase/mysql-connector-java-5.1.6-bin.jar:/home/travis/build/icyphy/ptII/vendor
s/misc/sphinx4/sphinx4-data-5prealpha.jar:/home/travis/build/icyphy/ptII/vendor
s/misc/sphinx4/sphinx4-core-5prealpha.jar:/home/travis/build/icyphy/ptII/lib/PD
FRenderer.jar:/home/travis/build/icyphy/ptII/lib/svgSalamander.jar:/home/travis
/build/icyphy/ptII/lib/rsyntaxtextarea-2.6.0-SNAPSHOT.jar:/home/travis/build/ic
yphy/ptII/lib/hazelcast-3.8.2.jar:/home/travis/build/icyphy/ptII/lib/jackson-an
notations-2.9.0.jar:/home/travis/build/icyphy/ptII/lib/jackson-core-2.9.3.jar:/
home/travis/build/icyphy/ptII/lib/jackson-databind-2.9.3.jar:/home/travis/build
/icyphy/ptII/lib/netty-buffer-4.1.19.Final.jar:/home/travis/build/icyphy/ptII/l
ib/netty-codec-4.1.19.Final.jar:/home/travis/build/icyphy/ptII/lib/netty-codec-
dns-4.1.19.Final.jar:/home/travis/build/icyphy/ptII/lib/netty-codec-http-4.1.19
.Final.jar:/home/travis/build/icyphy/ptII/lib/netty-codec-http2-4.1.19.Final.ja
r:/home/travis/build/icyphy/ptII/lib/netty-common-4.1.19.Final.jar:/home/travis
/build/icyphy/ptII/lib/netty-handler-4.1.19.Final.jar:/home/travis/build/icyphy
/ptII/lib/netty-resolver-4.1.19.Final.jar:/home/travis/build/icyphy/ptII/lib/ne
tty-resolver-dns-4.1.19.Final.jar:/home/travis/build/icyphy/ptII/lib/netty-tran
sport-4.1.19.Final.jar:/home/travis/build/icyphy/ptII/lib/vertx-codegen-3.5.1.j
ar:/home/travis/build/icyphy/ptII/lib/vertx-core-3.5.2-SNAPSHOT.jar:/home/travi
s/build/icyphy/ptII/lib/vertx-hazelcast-3.5.1.jar:/home/travis/build/icyphy/ptI
I/lib/vertx-lang-js-3.5.1.jar:/home/travis/build/icyphy/ptII/lib/vertx-service-
proxy-3.5.1.jar:/home/travis/build/icyphy/ptII/lib/vertx-web-3.5.1.jar:/home/tr
avis/build/icyphy/ptII/lib/slf4j-api-1.7.13.jar:/home/travis/build/icyphy/ptII/
lib/slf4j-simple-1.7.13.jar:/home/travis/build/icyphy/ptII/lib/webcam-capture-0
.3.12.jar:/home/travis/build/icyphy/ptII/lib/bridj-0.7.0.jar:/home/travis/build
/icyphy/ptII/lib/xbjlib-1.1.0.nrjavaserial.jar:/home/travis/build/icyphy/ptII/p
tolemy/moml/test:/home/travis/build/icyphy/ptII/ant/lib/ant-launcher.jar:/home/
travis/build/icyphy/ptII/ant/lib/ant.jar:/home/travis/build/icyphy/ptII/ant/lib
/ant-junit.jar:/home/travis/build/icyphy/ptII/ant/lib/ant-junit4.jar:/home/trav
is/build/icyphy/ptII
ModularCodeGen2_ModularCodeGenTypedCompositeActor_profile.java
warning: Supported source version 'RELEASE_6' from annotation processor 'org.netbeans.modules.openide.util.NbBundleProcessor' less than -source '1.8'
warning: Supported source version 'RELEASE_6' from annotation processor 'org.netbeans.modules.openide.util.URLStreamHandlerRegistrationProcessor' less than -source '1.8'
warning: Supported source version 'RELEASE_6' from annotation processor 'org.netbeans.modules.openide.util.ServiceProviderProcessor' less than -source '1.8'
3 warnings
All Done
Writing ModularCodeGen2_ModularCodeGenTypedCompositeActor.java in file:/home/travis/cg/ (11690 characters)
Reading "ptolemy/cg/kernel/generic/program/procedural/java/modular/makefile.in",
    writing "/home/travis/cg/ModularCodeGen2_ModularCodeGenTypedCompositeActor.mk"
Using ptolemy/cg/kernel/generic/program/procedural/java/modular/makefile.in
In "/home/travis/cg", about to execute:
    make -f ModularCodeGen2_ModularCodeGenTypedCompositeActor.mk
javac -classpath ".:.."    ModularCodeGen2_ModularCodeGenTypedCompositeActor.java
All Done
4527 ms. Memory: 180224K Free: 127897K (71%)
----------------- Invoking toplevel() on ptolemy.moml.MoMLSimpleApplication@51a0a69d
----------------- Done invoking toplevel() on ptolemy.moml.MoMLSimpleApplication@51a0a69d
reloadAllAccessors: .ModularCodeGen2

===========================================================================================
----------------- testing Fri Jan 18 03:25:54 UTC 2019 /home/travis/build/icyphy/ptII/ptolemy/cg/lib/test/auto/ModularCodeGen3.xml
----------------- Instantiating /home/travis/build/icyphy/ptII/ptolemy/cg/lib/test/auto/ModularCodeGen3.xml
In "/home/travis/cg", about to execute:
    pwd
In "/home/travis/cg", about to execute:
    ls -l
/home/travis/cg
In "/home/travis/cg", about to execute:
    javac -classpath
.:/home/travis/build/icyphy/ptII:/home/travis/build/icyphy/ptII/lib/bsh-2.0b4.j
ar:/home/travis/build/icyphy/ptII/lib/ptCal.jar:/home/travis/build/icyphy/ptII/
lib/java_cup.jar:/home/travis/build/icyphy/ptII/lib/saxon8.jar:/home/travis/bui
ld/icyphy/ptII/lib/saxon8-dom.jar:/home/travis/build/icyphy/ptII/lib/chic.jar:/
home/travis/build/icyphy/ptII/lib/ptcolt.jar:/usr/lib/jvm/java-8-oracle/lib/too
ls.jar:/usr/lib/eclipse/plugins/org.eclipse.jdt.core_3.8.2.dist.jar:/usr/lib/ec
lipse/plugins/org.eclipse.core.runtime_3.8.0.dist.jar:/usr/lib/eclipse/plugins/
org.eclipse.osgi_3.8.1.dist.jar:/usr/lib/eclipse/plugins/org.eclipse.core.resou
rces_3.8.1.dist.jar:/usr/lib/eclipse/plugins/org.eclipse.equinox.common_3.6.100
.dist.jar:/usr/lib/eclipse/plugins/org.eclipse.core.jobs_3.5.200.dist.jar:/usr/
lib/eclipse/plugins/org.eclipse.core.contenttype_3.4.200.dist.jar:/usr/lib/ecli
pse/plugins/org.eclipse.equinox.preferences_3.5.0.dist.jar:/usr/lib/eclipse/plu
gins/org.eclipse.text_3.5.200.dist.jar:/usr/lib/eclipse/plugins/org.eclipse.ui.
workbench_3.8.1.dist.jar:/usr/lib/eclipse/plugins/org.eclipse.jface_3.8.0.dist.
jar:/usr/lib/eclipse/plugins/org.eclipse.swt_3.8.2.jar:/usr/lib/eclipse/plugins
/org.eclipse.jface.text_3.8.1.dist.jar:/usr/lib/eclipse/plugins/org.eclipse.ui.
workbench.texteditor_3.8.0.dist.jar:/usr/lib/eclipse/plugins/org.eclipse.ui.edi
tors_3.8.0.dist.jar:/usr/lib/eclipse/plugins/org.eclipse.core.commands_3.6.1.di
st.jar:/usr/lib/eclipse/plugins/org.eclipse.equinox.registry_3.5.200.dist.jar:/
usr/lib/eclipse/plugins/org.eclipse.ui.console_3.5.100.dist.jar:/usr/lib/eclips
e/plugins/org.eclipse.ui.forms_3.5.200.dist.jar:/usr/lib/eclipse/plugins/org.ec
lipse.ui.ide_3.8.1.dist.jar:/home/travis/build/icyphy/ptII/vendors/oracle/dbxml
.jar:/home/travis/build/icyphy/ptII/vendors/oracle/db.jar:/home/travis/build/ic
yphy/ptII/vendors/misc/itext/iText.jar:/home/travis/build/icyphy/ptII/lib/g4ltl
.jar:/home/travis/build/icyphy/ptII/lib/StructuralCoder.jar:/home/travis/build/
icyphy/ptII/lib/org-openide-util.jar:/home/travis/build/icyphy/ptII/lib/org-ope
nide-util-lookup.jar:/home/travis/build/icyphy/ptII/lib/org-netbeans-api-visual
.jar:/home/travis/build/icyphy/ptII/vendors/jai-1_1_2_01/lib/jai_core.jar:/home
/travis/build/icyphy/ptII/vendors/jai-1_1_2_01/lib/jai_codec.jar:/home/travis/b
uild/icyphy/ptII/lib/jcerti.jar:/home/travis/build/icyphy/ptII/lib/smack.jar:/h
ome/travis/build/icyphy/ptII/lib/smackx.jar:/home/travis/build/icyphy/ptII/lib/
jetty-all-8.1.5-v20120716.jar:/home/travis/build/icyphy/ptII/lib/javax.servlet-
api-3.0.1.jar:/home/travis/build/icyphy/ptII/lib/javax.mail.jar:/home/travis/bu
ild/icyphy/ptII/vendors/JMF-2.1.1e/lib/jmf.jar:/home/travis/build/icyphy/ptII/l
ib/jna-4.0.0-variadic.jar:/home/travis/build/icyphy/ptII/vendors/misc/joystick/
Joystick.jar:/home/travis/build/icyphy/ptII/lib/ptjacl.jar:/home/travis/build/i
cyphy/ptII/lib/jsoup-1.8.2.jar:/home/travis/build/icyphy/ptII/lib/junit-4.8.2.j
ar:/home/travis/build/icyphy/ptII/lib/JUnitParams-0.4.0.jar:/home/travis/build/
icyphy/ptII/ptolemy/actor/lib/excel/jxl.jar:/home/travis/build/icyphy/ptII/lib/
jython.jar:/home/travis/build/icyphy/ptII/lib/kieler.jar:/home/travis/build/icy
phy/ptII/vendors/opencv/share/OpenCV/java/opencv-341.jar:/home/travis/build/icy
phy/ptII/lib/oscP5.jar:/home/travis/build/icyphy/ptII/lib/nrjavaserial-3.11.0.d
evel.jar:/home/travis/build/icyphy/ptII/vendors/j3d/lib/j3dcore.jar:/home/travi
s/build/icyphy/ptII/vendors/j3d/lib/j3dutils.jar:/home/travis/build/icyphy/ptII
/vendors/j3d/lib/vecmath.jar:/home/travis/build/icyphy/ptII/ptolemy/distributed
/jini/jar/jini-core.jar:/home/travis/build/icyphy/ptII/ptolemy/distributed/jini
/jar/jini-ext.jar:/home/travis/build/icyphy/ptII/ptolemy/distributed/jini/jar/s
un-util.jar:/home/travis/build/icyphy/ptII/lib/protobuf-java-2.4.1.jar:/home/tr
avis/build/icyphy/ptII/lib/org.eclipse.paho.client.mqttv3.jar:/home/travis/buil
d/icyphy/ptII/ptserver/lib/hessian-4.0.7.jar:/home/travis/build/icyphy/ptII/pts
erver/lib/wmqtt.jar:/home/travis/build/icyphy/ptII/lib/mapss.jar:/home/travis/b
uild/icyphy/ptII/ptolemy/actor/ptalon/antlr/antlr.jar:/home/travis/build/icyphy
/ptII/lib/JRI.jar:/home/travis/build/icyphy/ptII/lib/commons-lang-2.6.jar:/home
/travis/build/icyphy/ptII/lib/commons-logging-1.1.1.jar:/home/travis/build/icyp
hy/ptII/lib/sootclasses.jar:/home/travis/build/icyphy/ptII/ptolemy/actor/lib/da
tabase/mysql-connector-java-5.1.6-bin.jar:/home/travis/build/icyphy/ptII/vendor
s/misc/sphinx4/sphinx4-data-5prealpha.jar:/home/travis/build/icyphy/ptII/vendor
s/misc/sphinx4/sphinx4-core-5prealpha.jar:/home/travis/build/icyphy/ptII/lib/PD
FRenderer.jar:/home/travis/build/icyphy/ptII/lib/svgSalamander.jar:/home/travis
/build/icyphy/ptII/lib/rsyntaxtextarea-2.6.0-SNAPSHOT.jar:/home/travis/build/ic
yphy/ptII/lib/hazelcast-3.8.2.jar:/home/travis/build/icyphy/ptII/lib/jackson-an
notations-2.9.0.jar:/home/travis/build/icyphy/ptII/lib/jackson-core-2.9.3.jar:/
home/travis/build/icyphy/ptII/lib/jackson-databind-2.9.3.jar:/home/travis/build
/icyphy/ptII/lib/netty-buffer-4.1.19.Final.jar:/home/travis/build/icyphy/ptII/l
ib/netty-codec-4.1.19.Final.jar:/home/travis/build/icyphy/ptII/lib/netty-codec-
dns-4.1.19.Final.jar:/home/travis/build/icyphy/ptII/lib/netty-codec-http-4.1.19
.Final.jar:/home/travis/build/icyphy/ptII/lib/netty-codec-http2-4.1.19.Final.ja
r:/home/travis/build/icyphy/ptII/lib/netty-common-4.1.19.Final.jar:/home/travis
/build/icyphy/ptII/lib/netty-handler-4.1.19.Final.jar:/home/travis/build/icyphy
/ptII/lib/netty-resolver-4.1.19.Final.jar:/home/travis/build/icyphy/ptII/lib/ne
tty-resolver-dns-4.1.19.Final.jar:/home/travis/build/icyphy/ptII/lib/netty-tran
sport-4.1.19.Final.jar:/home/travis/build/icyphy/ptII/lib/vertx-codegen-3.5.1.j
ar:/home/travis/build/icyphy/ptII/lib/vertx-core-3.5.2-SNAPSHOT.jar:/home/travi
s/build/icyphy/ptII/lib/vertx-hazelcast-3.5.1.jar:/home/travis/build/icyphy/ptI
I/lib/vertx-lang-js-3.5.1.jar:/home/travis/build/icyphy/ptII/lib/vertx-service-
proxy-3.5.1.jar:/home/travis/build/icyphy/ptII/lib/vertx-web-3.5.1.jar:/home/tr
avis/build/icyphy/ptII/lib/slf4j-api-1.7.13.jar:/home/travis/build/icyphy/ptII/
lib/slf4j-simple-1.7.13.jar:/home/travis/build/icyphy/ptII/lib/webcam-capture-0
.3.12.jar:/home/travis/build/icyphy/ptII/lib/bridj-0.7.0.jar:/home/travis/build
/icyphy/ptII/lib/xbjlib-1.1.0.nrjavaserial.jar:/home/travis/build/icyphy/ptII/p
tolemy/moml/test:/home/travis/build/icyphy/ptII/ant/lib/ant-launcher.jar:/home/
travis/build/icyphy/ptII/ant/lib/ant.jar:/home/travis/build/icyphy/ptII/ant/lib
/ant-junit.jar:/home/travis/build/icyphy/ptII/ant/lib/ant-junit4.jar:/home/trav
is/build/icyphy/ptII ModularCodeGen3_A1_B1_profile.java
total 1348
drwxrwxr-x   3 travis travis 12288 Jan 18 03:20 AbsoluteValue
drwxrwxr-x   3 travis travis 16384 Jan 18 03:20 Case1
drwxrwxr-x   3 travis travis 32768 Jan 18 03:20 Case2
-rw-rw-r--   1 travis travis  4895 Jan 18 03:25 CompiledCompositeActor_CompiledCompositeActor.class
-rw-rw-r--   1 travis travis  1592 Jan 18 03:25 CompiledCompositeActor_CompiledCompositeActor$_CompiledCompositeActor_CompiledCompositeActor.class
-rw-rw-r--   1 travis travis 13466 Jan 18 03:25 CompiledCompositeActor_CompiledCompositeActor.java
-rw-rw-r--   1 travis travis  1593 Jan 18 03:25 CompiledCompositeActor_CompiledCompositeActor.mk
drwxrwxr-x   3 travis travis 24576 Jan 18 03:23 DeScrambler
drwxrwxr-x   3 travis travis 16384 Jan 18 03:24 DotProduct
drwxrwxr-x   3 travis travis 12288 Jan 18 03:21 FileWriter1
drwxrwxr-x   3 travis travis 20480 Jan 18 03:20 FixToDoubleAndBack
drwxrwxr-x   3 travis travis 16384 Jan 18 03:21 Gaussian1
drwxrwxr-x   3 travis travis 20480 Jan 18 03:21 Gaussian2
-rw-rw-r--   1 travis travis  4457 Jan 18 03:25 JavaCompiledCompositeTest1_CompiledCompositeActor.class
-rw-rw-r--   1 travis travis 11637 Jan 18 03:25 JavaCompiledCompositeTest1_CompiledCompositeActor.java
-rw-rw-r--   1 travis travis  1198 Jan 18 03:25 JavaCompiledCompositeTest1_CompiledCompositeActor$_JavaCompiledCompositeTest1_CompiledCompositeActor.class
-rw-rw-r--   1 travis travis  1625 Jan 18 03:25 JavaCompiledCompositeTest1_CompiledCompositeActor.mk
-rw-rw-r--   1 travis travis  4888 Jan 18 03:25 JavaCompiledCompositeTest2_CompiledCompositeActor.class
-rw-rw-r--   1 travis travis 14919 Jan 18 03:25 JavaCompiledCompositeTest2_CompiledCompositeActor.java
-rw-rw-r--   1 travis travis  1793 Jan 18 03:25 JavaCompiledCompositeTest2_CompiledCompositeActor$_JavaCompiledCompositeTest2_CompiledCompositeActor.class
-rw-rw-r--   1 travis travis  1625 Jan 18 03:25 JavaCompiledCompositeTest2_CompiledCompositeActor.mk
-rw-rw-r--   1 travis travis  4505 Jan 18 03:25 JavaCompiledCompositeTest3_CompiledCompositeActor.class
-rw-rw-r--   1 travis travis 13080 Jan 18 03:25 JavaCompiledCompositeTest3_CompiledCompositeActor.java
-rw-rw-r--   1 travis travis  1378 Jan 18 03:25 JavaCompiledCompositeTest3_CompiledCompositeActor$_JavaCompiledCompositeTest3_CompiledCompositeActor.class
-rw-rw-r--   1 travis travis  1625 Jan 18 03:25 JavaCompiledCompositeTest3_CompiledCompositeActor.mk
-rw-rw-r--   1 travis travis  3953 Jan 18 03:25 JavaCompiledCompositeTest4_CompiledCompositeActor.class
-rw-rw-r--   1 travis travis  9687 Jan 18 03:25 JavaCompiledCompositeTest4_CompiledCompositeActor.java
-rw-rw-r--   1 travis travis   857 Jan 18 03:25 JavaCompiledCompositeTest4_CompiledCompositeActor$_JavaCompiledCompositeTest4_CompiledCompositeActor.class
-rw-rw-r--   1 travis travis  1625 Jan 18 03:25 JavaCompiledCompositeTest4_CompiledCompositeActor.mk
drwxrwxr-x   3 travis travis 12288 Jan 18 03:21 LookupTable
drwxrwxr-x   3 travis travis 20480 Jan 18 03:21 MaxIndex
-rw-rw-r--   1 travis travis  3693 Jan 18 03:25 ModularCG_A1_B1.class
-rw-rw-r--   1 travis travis  9730 Jan 18 03:25 ModularCG_A1_B1.java
-rw-rw-r--   1 travis travis   832 Jan 18 03:25 ModularCG_A1_B1.mk
-rw-rw-r--   1 travis travis  1318 Jan 18 03:25 ModularCG_A1_B1_profile.class
-rw-rw-r--   1 travis travis  1262 Jan 18 03:25 ModularCG_A1_B1_profile.java
-rw-rw-r--   1 travis travis  3693 Jan 18 03:25 ModularCG_A1_B2.class
-rw-rw-r--   1 travis travis  9730 Jan 18 03:25 ModularCG_A1_B2.java
-rw-rw-r--   1 travis travis   832 Jan 18 03:25 ModularCG_A1_B2.mk
-rw-rw-r--   1 travis travis  1318 Jan 18 03:25 ModularCG_A1_B2_profile.class
-rw-rw-r--   1 travis travis  1262 Jan 18 03:25 ModularCG_A1_B2_profile.java
-rw-rw-r--   1 travis travis  4799 Jan 18 03:25 ModularCG_A1.class
-rw-rw-r--   1 travis travis 14742 Jan 18 03:25 ModularCG_A1.java
-rw-rw-r--   1 travis travis   808 Jan 18 03:25 ModularCG_A1.mk
-rw-rw-r--   1 travis travis  1433 Jan 18 03:25 ModularCG_A1_profile.class
-rw-rw-r--   1 travis travis  1704 Jan 18 03:25 ModularCG_A1_profile.java
-rw-rw-r--   1 travis travis  3827 Jan 18 03:25 ModularCG_A2_B1.class
-rw-rw-r--   1 travis travis 10667 Jan 18 03:25 ModularCG_A2_B1.java
-rw-rw-r--   1 travis travis   832 Jan 18 03:25 ModularCG_A2_B1.mk
-rw-rw-r--   1 travis travis  1381 Jan 18 03:25 ModularCG_A2_B1_profile.class
-rw-rw-r--   1 travis travis  1446 Jan 18 03:25 ModularCG_A2_B1_profile.java
-rw-rw-r--   1 travis travis  3693 Jan 18 03:25 ModularCG_A2_B2.class
-rw-rw-r--   1 travis travis  9730 Jan 18 03:25 ModularCG_A2_B2.java
-rw-rw-r--   1 travis travis   832 Jan 18 03:25 ModularCG_A2_B2.mk
-rw-rw-r--   1 travis travis  1318 Jan 18 03:25 ModularCG_A2_B2_profile.class
-rw-rw-r--   1 travis travis  1262 Jan 18 03:25 ModularCG_A2_B2_profile.java
-rw-rw-r--   1 travis travis  4870 Jan 18 03:25 ModularCG_A2.class
-rw-rw-r--   1 travis travis 15129 Jan 18 03:25 ModularCG_A2.java
-rw-rw-r--   1 travis travis   808 Jan 18 03:25 ModularCG_A2.mk
-rw-rw-r--   1 travis travis  1433 Jan 18 03:25 ModularCG_A2_profile.class
-rw-rw-r--   1 travis travis  1704 Jan 18 03:25 ModularCG_A2_profile.java
-rw-rw-r--   1 travis travis  3473 Jan 18 03:25 ModularCGPubSub_A1_A2.class
-rw-rw-r--   1 travis travis  9076 Jan 18 03:25 ModularCGPubSub_A1_A2.java
-rw-rw-r--   1 travis travis   880 Jan 18 03:25 ModularCGPubSub_A1_A2.mk
-rw-rw-r--   1 travis travis  1300 Jan 18 03:25 ModularCGPubSub_A1_A2_profile.class
-rw-rw-r--   1 travis travis  1222 Jan 18 03:25 ModularCGPubSub_A1_A2_profile.java
-rw-rw-r--   1 travis travis  3790 Jan 18 03:25 ModularCGPubSub_A1.class
-rw-rw-r--   1 travis travis  9836 Jan 18 03:25 ModularCGPubSub_A1.java
-rw-rw-r--   1 travis travis   856 Jan 18 03:25 ModularCGPubSub_A1.mk
-rw-rw-r--   1 travis travis  1346 Jan 18 03:25 ModularCGPubSub_A1_profile.class
-rw-rw-r--   1 travis travis  1388 Jan 18 03:25 ModularCGPubSub_A1_profile.java
-rw-rw-r--   1 travis travis  3988 Jan 18 03:25 ModularCodeGen2_ModularCodeGenTypedCompositeActor.class
-rw-rw-r--   1 travis travis 11690 Jan 18 03:25 ModularCodeGen2_ModularCodeGenTypedCompositeActor.java
-rw-rw-r--   1 travis travis  1104 Jan 18 03:25 ModularCodeGen2_ModularCodeGenTypedCompositeActor.mk
-rw-rw-r--   1 travis travis  4272 Jan 18 03:25 ModularCodeGen2_ModularCodeGenTypedCompositeActor_ModularCodeGenTypedCompositeActor.class
-rw-rw-r--   1 travis travis 11790 Jan 18 03:25 ModularCodeGen2_ModularCodeGenTypedCompositeActor_ModularCodeGenTypedCompositeActor.java
-rw-rw-r--   1 travis travis  1376 Jan 18 03:25 ModularCodeGen2_ModularCodeGenTypedCompositeActor_ModularCodeGenTypedCompositeActor.mk
-rw-rw-r--   1 travis travis  1421 Jan 18 03:25 ModularCodeGen2_ModularCodeGenTypedCompositeActor_ModularCodeGenTypedCompositeActor_profile.class
-rw-rw-r--   1 travis travis  1294 Jan 18 03:25 ModularCodeGen2_ModularCodeGenTypedCompositeActor_ModularCodeGenTypedCompositeActor_profile.java
-rw-rw-r--   1 travis travis   820 Jan 18 03:25 ModularCodeGen2_ModularCodeGenTypedCompositeActor_profile.class
-rw-rw-r--   1 travis travis   693 Jan 18 03:25 ModularCodeGen2_ModularCodeGenTypedCompositeActor_profile.java
-rw-rw-r--   1 travis travis  1274 Jan 18 03:25 ModularCodeGen3_A1_B1_profile.java
-rw-rw-r--   1 travis travis  3954 Jan 18 03:25 ModularCodeGen_ModularCodeGenTypedCompositeActor.class
-rw-rw-r--   1 travis travis 10970 Jan 18 03:25 ModularCodeGen_ModularCodeGenTypedCompositeActor.java
-rw-rw-r--   1 travis travis  1096 Jan 18 03:25 ModularCodeGen_ModularCodeGenTypedCompositeActor.mk
-rw-rw-r--   1 travis travis  1384 Jan 18 03:25 ModularCodeGen_ModularCodeGenTypedCompositeActor_profile.class
-rw-rw-r--   1 travis travis  1328 Jan 18 03:25 ModularCodeGen_ModularCodeGenTypedCompositeActor_profile.java
-rw-rw-r--   1 travis travis  3492 Jan 18 03:25 ModularCodeGenTest_A1_A2.class
-rw-rw-r--   1 travis travis   904 Jan 18 03:25 ModularCodeGenTest_A1_A2.mk
-rw-rw-r--   1 travis travis  1306 Jan 18 03:25 ModularCodeGenTest_A1_A2_profile.class
-rw-rw-r--   1 travis travis  9968 Jan 18 03:25 ModularCodeGenTest_A1.java
-rw-rw-r--   1 travis travis   880 Jan 18 03:25 ModularCodeGenTest_A1.mk
drwxrwxr-x   3 travis travis 36864 Jan 18 03:25 modulation2
drwxrwxr-x   3 travis travis 20480 Jan 18 03:21 Multiplexor
drwxrwxr-x 249 travis travis 12288 Jan 18 03:25 node_modules
drwxrwxr-x   3 travis travis 20480 Jan 18 03:22 PhaseUnwrap
-rw-rw-r--   1 travis travis   520 Jan 18 03:25 Repeat$_fireFunction_Repeat_Repeat$__f_sL_0.class
-rw-rw-r--   1 travis travis   522 Jan 18 03:25 Repeat$_fireFunction_Repeat_Repeat$__f_sL_10.class
-rw-rw-r--   1 travis travis   666 Jan 18 03:25 Repeat$_fireFunction_Repeat_Repeat$__f_sL_11.class
-rw-rw-r--   1 travis travis   522 Jan 18 03:25 Repeat$_fireFunction_Repeat_Repeat$__f_sL_13.class
-rw-rw-r--   1 travis travis   665 Jan 18 03:25 Repeat$_fireFunction_Repeat_Repeat$__f_sL_1.class
-rw-rw-r--   1 travis travis   520 Jan 18 03:25 Repeat$_fireFunction_Repeat_Repeat$__f_sL_2.class
-rw-rw-r--   1 travis travis   520 Jan 18 03:25 Repeat$_fireFunction_Repeat_Repeat$__f_sL_3.class
-rw-rw-r--   1 travis travis   520 Jan 18 03:25 Repeat$_fireFunction_Repeat_Repeat$__f_sL_5.class
-rw-rw-r--   1 travis travis   671 Jan 18 03:25 Repeat$_fireFunction_Repeat_Repeat$__f_sL_7.class
-rw-rw-r--   1 travis travis   520 Jan 18 03:25 Repeat$_fireFunction_Repeat_Repeat$__f_sL_9.class
-rw-rw-r--   1 travis travis   813 Jan 18 03:25 Repeat$_initialize_Repeat.class
-rw-rw-r--   1 travis travis   475 Jan 18 03:25 Repeat$_initialize_Repeat$__i_sL_0.class
-rw-rw-r--   1 travis travis   519 Jan 18 03:25 Repeat$_initialize_Repeat$__i_sL_3.class
-rw-rw-r--   1 travis travis 39778 Jan 18 03:25 Repeat.java
-rw-rw-r--   1 travis travis  1281 Jan 18 03:25 Repeat.mk
-rw-rw-r--   1 travis travis   520 Jan 18 03:25 Repeat$_preinitializeMethod_Repeat$__p_sL_0.class
-rw-rw-r--   1 travis travis   520 Jan 18 03:25 Repeat$_preinitializeMethod_Repeat$__p_sL_1.class
-rw-rw-r--   1 travis travis  1083 Jan 18 03:25 Repeat$_Repeat$_fireFunction_Repeat_AddSubtract_Repeat.class
-rw-rw-r--   1 travis travis   791 Jan 18 03:25 Repeat$_Repeat$_fireFunction_Repeat_AddSubtract_Repeat$__f_sL_0.class
-rw-rw-r--   1 travis travis   909 Jan 18 03:25 Repeat$_Repeat$_fireFunction_Repeat_AddSubtract_Repeat$__f_sL_1.class
-rw-rw-r--   1 travis travis   915 Jan 18 03:25 Repeat$_Repeat$_fireFunction_Repeat_AddSubtract_Repeat$__f_sL_2.class
-rw-rw-r--   1 travis travis   838 Jan 18 03:25 Repeat$_Repeat$_fireFunction_Repeat_Ramp2_Repeat$__f_sL_1.class
-rw-rw-r--   1 travis travis  1785 Jan 18 03:25 Repeat$_Repeat$_fireFunction_Repeat_Test_Repeat$__f_sL_2.class
-rw-rw-r--   1 travis travis   685 Jan 18 03:25 Repeat$_Repeat_SDF_Director_run_Repeat$__R_sL_0.class
-rw-rw-r--   1 travis travis   540 Jan 18 03:25 Repeat$_Repeat_SDF_Director_run_Repeat$__R_sL_1.class
-rw-rw-r--   1 travis travis   540 Jan 18 03:25 Repeat$_Repeat_SDF_Director_run_Repeat$__R_sL_2.class
-rw-rw-r--   1 travis travis   540 Jan 18 03:25 Repeat$_Repeat_SDF_Director_run_Repeat$__R_sL_4.class
-rw-rw-r--   1 travis travis   540 Jan 18 03:25 Repeat$_Repeat_SDF_Director_run_Repeat$__R_sL_5.class
-rw-rw-r--   1 travis travis   691 Jan 18 03:25 Repeat$_Repeat_SDF_Director_run_Repeat$__R_sL_6.class
-rw-rw-r--   1 travis travis   540 Jan 18 03:25 Repeat$_Repeat_SDF_Director_run_Repeat$__R_sL_7.class
-rw-rw-r--   1 travis travis   863 Jan 18 03:25 Repeat$_varinit_Repeat.class
-rw-rw-r--   1 travis travis   530 Jan 18 03:25 Repeat$_varinit_Repeat$__v_sL_1.class
-rw-rw-r--   1 travis travis   531 Jan 18 03:25 Repeat$_varinit_Repeat$__v_sL_2.class
-rw-rw-r--   1 travis travis   905 Jan 18 03:25 Repeat$_varinit_Repeat$__v_sL_4.class
-rw-rw-r--   1 travis travis   635 Jan 18 03:25 Repeat$_wrapup_Repeat.class
-rw-rw-r--   1 travis travis   965 Jan 18 03:25 Repeat$_wrapup_Repeat$__w_sL_1.class
-rw-rw-r--   1 travis travis   289 Jan 18 03:19 result.csv
drwxrwxr-x   3 travis travis 12288 Jan 18 03:23 Scrambler1
drwxrwxr-x   3 travis travis 20480 Jan 18 03:22 Sinewave2
drwxrwxr-x   3 travis travis 69632 Jan 18 03:23 StringCompare
drwxrwxr-x   3 travis travis 32768 Jan 18 03:23 StringFunction
drwxrwxr-x   3 travis travis 12288 Jan 18 03:23 StringLength
drwxrwxr-x   3 travis travis 57344 Jan 18 03:24 StringSimpleReplace
drwxrwxr-x   3 travis travis 12288 Jan 18 03:24 time2
drwxrwxr-x   3 travis travis 12288 Jan 18 03:25 time5
-rw-rw-r--   1 travis travis   432 Jan 18 03:25 Token.class
-rw-rw-r--   1 travis travis   251 Jan 18 03:25 Token.java
-rw-rw-r--   1 travis travis     0 Jan 18 03:25 top.
-rw-rw-r--   1 travis travis 20502 Jan 18 03:19 top.c
-rw-rw-r--   1 travis travis  3567 Jan 18 03:25 top.class
-rw-rw-r--   1 travis travis   169 Jan 18 03:19 top.html
-rw-rw-r--   1 travis travis  7552 Jan 18 03:25 top.java
-rw-rw-r--   1 travis travis 38888 Jan 18 03:19 top.o
drwxrwxr-x   3 travis travis 57344 Jan 18 03:22 UnaryMathFunction
warning: Supported source version 'RELEASE_6' from annotation processor 'org.netbeans.modules.openide.util.NbBundleProcessor' less than -source '1.8'
warning: Supported source version 'RELEASE_6' from annotation processor 'org.netbeans.modules.openide.util.URLStreamHandlerRegistrationProcessor' less than -source '1.8'
warning: Supported source version 'RELEASE_6' from annotation processor 'org.netbeans.modules.openide.util.ServiceProviderProcessor' less than -source '1.8'
3 warnings
All Done
Writing ModularCodeGen3_A1_B1.java in file:/home/travis/cg/ (9958 characters)
Reading "ptolemy/cg/kernel/generic/program/procedural/java/modular/makefile.in",
    writing "/home/travis/cg/ModularCodeGen3_A1_B1.mk"
Using ptolemy/cg/kernel/generic/program/procedural/java/modular/makefile.in
In "/home/travis/cg", about to execute:
    make -f ModularCodeGen3_A1_B1.mk
javac -classpath ".:.."    ModularCodeGen3_A1_B1.java
All Done
In "/home/travis/cg", about to execute:
    pwd
/home/travis/cg
In "/home/travis/cg", about to execute:
    ls -l
total 1376
drwxrwxr-x   3 travis travis 12288 Jan 18 03:20 AbsoluteValue
drwxrwxr-x   3 travis travis 16384 Jan 18 03:20 Case1
drwxrwxr-x   3 travis travis 32768 Jan 18 03:20 Case2
-rw-rw-r--   1 travis travis  4895 Jan 18 03:25 CompiledCompositeActor_CompiledCompositeActor.class
-rw-rw-r--   1 travis travis  1592 Jan 18 03:25 CompiledCompositeActor_CompiledCompositeActor$_CompiledCompositeActor_CompiledCompositeActor.class
-rw-rw-r--   1 travis travis 13466 Jan 18 03:25 CompiledCompositeActor_CompiledCompositeActor.java
-rw-rw-r--   1 travis travis  1593 Jan 18 03:25 CompiledCompositeActor_CompiledCompositeActor.mk
drwxrwxr-x   3 travis travis 24576 Jan 18 03:23 DeScrambler
drwxrwxr-x   3 travis travis 16384 Jan 18 03:24 DotProduct
drwxrwxr-x   3 travis travis 12288 Jan 18 03:21 FileWriter1
drwxrwxr-x   3 travis travis 20480 Jan 18 03:20 FixToDoubleAndBack
drwxrwxr-x   3 travis travis 16384 Jan 18 03:21 Gaussian1
drwxrwxr-x   3 travis travis 20480 Jan 18 03:21 Gaussian2
-rw-rw-r--   1 travis travis  4457 Jan 18 03:25 JavaCompiledCompositeTest1_CompiledCompositeActor.class
-rw-rw-r--   1 travis travis 11637 Jan 18 03:25 JavaCompiledCompositeTest1_CompiledCompositeActor.java
-rw-rw-r--   1 travis travis  1198 Jan 18 03:25 JavaCompiledCompositeTest1_CompiledCompositeActor$_JavaCompiledCompositeTest1_CompiledCompositeActor.class
-rw-rw-r--   1 travis travis  1625 Jan 18 03:25 JavaCompiledCompositeTest1_CompiledCompositeActor.mk
-rw-rw-r--   1 travis travis  4888 Jan 18 03:25 JavaCompiledCompositeTest2_CompiledCompositeActor.class
-rw-rw-r--   1 travis travis 14919 Jan 18 03:25 JavaCompiledCompositeTest2_CompiledCompositeActor.java
-rw-rw-r--   1 travis travis  1793 Jan 18 03:25 JavaCompiledCompositeTest2_CompiledCompositeActor$_JavaCompiledCompositeTest2_CompiledCompositeActor.class
-rw-rw-r--   1 travis travis  1625 Jan 18 03:25 JavaCompiledCompositeTest2_CompiledCompositeActor.mk
-rw-rw-r--   1 travis travis  4505 Jan 18 03:25 JavaCompiledCompositeTest3_CompiledCompositeActor.class
-rw-rw-r--   1 travis travis 13080 Jan 18 03:25 JavaCompiledCompositeTest3_CompiledCompositeActor.java
-rw-rw-r--   1 travis travis  1378 Jan 18 03:25 JavaCompiledCompositeTest3_CompiledCompositeActor$_JavaCompiledCompositeTest3_CompiledCompositeActor.class
-rw-rw-r--   1 travis travis  1625 Jan 18 03:25 JavaCompiledCompositeTest3_CompiledCompositeActor.mk
-rw-rw-r--   1 travis travis  3953 Jan 18 03:25 JavaCompiledCompositeTest4_CompiledCompositeActor.class
-rw-rw-r--   1 travis travis  9687 Jan 18 03:25 JavaCompiledCompositeTest4_CompiledCompositeActor.java
-rw-rw-r--   1 travis travis   857 Jan 18 03:25 JavaCompiledCompositeTest4_CompiledCompositeActor$_JavaCompiledCompositeTest4_CompiledCompositeActor.class
-rw-rw-r--   1 travis travis  1625 Jan 18 03:25 JavaCompiledCompositeTest4_CompiledCompositeActor.mk
drwxrwxr-x   3 travis travis 12288 Jan 18 03:21 LookupTable
drwxrwxr-x   3 travis travis 20480 Jan 18 03:21 MaxIndex
-rw-rw-r--   1 travis travis  3693 Jan 18 03:25 ModularCG_A1_B1.class
-rw-rw-r--   1 travis travis  9730 Jan 18 03:25 ModularCG_A1_B1.java
-rw-rw-r--   1 travis travis   832 Jan 18 03:25 ModularCG_A1_B1.mk
-rw-rw-r--   1 travis travis  1318 Jan 18 03:25 ModularCG_A1_B1_profile.class
-rw-rw-r--   1 travis travis  1262 Jan 18 03:25 ModularCG_A1_B1_profile.java
-rw-rw-r--   1 travis travis  3693 Jan 18 03:25 ModularCG_A1_B2.class
-rw-rw-r--   1 travis travis  9730 Jan 18 03:25 ModularCG_A1_B2.java
-rw-rw-r--   1 travis travis   832 Jan 18 03:25 ModularCG_A1_B2.mk
-rw-rw-r--   1 travis travis  1318 Jan 18 03:25 ModularCG_A1_B2_profile.class
-rw-rw-r--   1 travis travis  1262 Jan 18 03:25 ModularCG_A1_B2_profile.java
-rw-rw-r--   1 travis travis  4799 Jan 18 03:25 ModularCG_A1.class
-rw-rw-r--   1 travis travis 14742 Jan 18 03:25 ModularCG_A1.java
-rw-rw-r--   1 travis travis   808 Jan 18 03:25 ModularCG_A1.mk
-rw-rw-r--   1 travis travis  1433 Jan 18 03:25 ModularCG_A1_profile.class
-rw-rw-r--   1 travis travis  1704 Jan 18 03:25 ModularCG_A1_profile.java
-rw-rw-r--   1 travis travis  3827 Jan 18 03:25 ModularCG_A2_B1.class
-rw-rw-r--   1 travis travis 10667 Jan 18 03:25 ModularCG_A2_B1.java
-rw-rw-r--   1 travis travis   832 Jan 18 03:25 ModularCG_A2_B1.mk
-rw-rw-r--   1 travis travis  1381 Jan 18 03:25 ModularCG_A2_B1_profile.class
-rw-rw-r--   1 travis travis  1446 Jan 18 03:25 ModularCG_A2_B1_profile.java
-rw-rw-r--   1 travis travis  3693 Jan 18 03:25 ModularCG_A2_B2.class
-rw-rw-r--   1 travis travis  9730 Jan 18 03:25 ModularCG_A2_B2.java
-rw-rw-r--   1 travis travis   832 Jan 18 03:25 ModularCG_A2_B2.mk
-rw-rw-r--   1 travis travis  1318 Jan 18 03:25 ModularCG_A2_B2_profile.class
-rw-rw-r--   1 travis travis  1262 Jan 18 03:25 ModularCG_A2_B2_profile.java
-rw-rw-r--   1 travis travis  4870 Jan 18 03:25 ModularCG_A2.class
-rw-rw-r--   1 travis travis 15129 Jan 18 03:25 ModularCG_A2.java
-rw-rw-r--   1 travis travis   808 Jan 18 03:25 ModularCG_A2.mk
-rw-rw-r--   1 travis travis  1433 Jan 18 03:25 ModularCG_A2_profile.class
-rw-rw-r--   1 travis travis  1704 Jan 18 03:25 ModularCG_A2_profile.java
-rw-rw-r--   1 travis travis  3473 Jan 18 03:25 ModularCGPubSub_A1_A2.class
-rw-rw-r--   1 travis travis  9076 Jan 18 03:25 ModularCGPubSub_A1_A2.java
-rw-rw-r--   1 travis travis   880 Jan 18 03:25 ModularCGPubSub_A1_A2.mk
-rw-rw-r--   1 travis travis  1300 Jan 18 03:25 ModularCGPubSub_A1_A2_profile.class
-rw-rw-r--   1 travis travis  1222 Jan 18 03:25 ModularCGPubSub_A1_A2_profile.java
-rw-rw-r--   1 travis travis  3790 Jan 18 03:25 ModularCGPubSub_A1.class
-rw-rw-r--   1 travis travis  9836 Jan 18 03:25 ModularCGPubSub_A1.java
-rw-rw-r--   1 travis travis   856 Jan 18 03:25 ModularCGPubSub_A1.mk
-rw-rw-r--   1 travis travis  1346 Jan 18 03:25 ModularCGPubSub_A1_profile.class
-rw-rw-r--   1 travis travis  1388 Jan 18 03:25 ModularCGPubSub_A1_profile.java
-rw-rw-r--   1 travis travis  3988 Jan 18 03:25 ModularCodeGen2_ModularCodeGenTypedCompositeActor.class
-rw-rw-r--   1 travis travis 11690 Jan 18 03:25 ModularCodeGen2_ModularCodeGenTypedCompositeActor.java
-rw-rw-r--   1 travis travis  1104 Jan 18 03:25 ModularCodeGen2_ModularCodeGenTypedCompositeActor.mk
-rw-rw-r--   1 travis travis  4272 Jan 18 03:25 ModularCodeGen2_ModularCodeGenTypedCompositeActor_ModularCodeGenTypedCompositeActor.class
-rw-rw-r--   1 travis travis 11790 Jan 18 03:25 ModularCodeGen2_ModularCodeGenTypedCompositeActor_ModularCodeGenTypedCompositeActor.java
-rw-rw-r--   1 travis travis  1376 Jan 18 03:25 ModularCodeGen2_ModularCodeGenTypedCompositeActor_ModularCodeGenTypedCompositeActor.mk
-rw-rw-r--   1 travis travis  1421 Jan 18 03:25 ModularCodeGen2_ModularCodeGenTypedCompositeActor_ModularCodeGenTypedCompositeActor_profile.class
-rw-rw-r--   1 travis travis  1294 Jan 18 03:25 ModularCodeGen2_ModularCodeGenTypedCompositeActor_ModularCodeGenTypedCompositeActor_profile.java
-rw-rw-r--   1 travis travis   820 Jan 18 03:25 ModularCodeGen2_ModularCodeGenTypedCompositeActor_profile.class
-rw-rw-r--   1 travis travis   693 Jan 18 03:25 ModularCodeGen2_ModularCodeGenTypedCompositeActor_profile.java
-rw-rw-r--   1 travis travis  3741 Jan 18 03:25 ModularCodeGen3_A1_B1.class
-rw-rw-r--   1 travis travis  9958 Jan 18 03:25 ModularCodeGen3_A1_B1.java
-rw-rw-r--   1 travis travis   880 Jan 18 03:25 ModularCodeGen3_A1_B1.mk
-rw-rw-r--   1 travis travis  1330 Jan 18 03:25 ModularCodeGen3_A1_B1_profile.class
-rw-rw-r--   1 travis travis  1274 Jan 18 03:25 ModularCodeGen3_A1_B1_profile.java
-rw-rw-r--   1 travis travis  1274 Jan 18 03:25 ModularCodeGen3_A1_B2_profile.java
-rw-rw-r--   1 travis travis  3954 Jan 18 03:25 ModularCodeGen_ModularCodeGenTypedCompositeActor.class
-rw-rw-r--   1 travis travis 10970 Jan 18 03:25 ModularCodeGen_ModularCodeGenTypedCompositeActor.java
-rw-rw-r--   1 travis travis  1096 Jan 18 03:25 ModularCodeGen_ModularCodeGenTypedCompositeActor.mk
-rw-rw-r--   1 travis travis  1384 Jan 18 03:25 ModularCodeGen_ModularCodeGenTypedCompositeActor_profile.class
-rw-rw-r--   1 travis travis  1328 Jan 18 03:25 ModularCodeGen_ModularCodeGenTypedCompositeActor_profile.java
-rw-rw-r--   1 travis travis  3492 Jan 18 03:25 ModularCodeGenTest_A1_A2.class
-rw-rw-r--   1 travis travis   904 Jan 18 03:25 ModularCodeGenTest_A1_A2.mk
-rw-rw-r--   1 travis travis  1306 Jan 18 03:25 ModularCodeGenTest_A1_A2_profile.class
-rw-rw-r--   1 travis travis  9968 Jan 18 03:25 ModularCodeGenTest_A1.java
-rw-rw-r--   1 travis travis   880 Jan 18 03:25 ModularCodeGenTest_A1.mk
drwxrwxr-x   3 travis travis 36864 Jan 18 03:25 modulation2
drwxrwxr-x   3 travis travis 20480 Jan 18 03:21 Multiplexor
drwxrwxr-x 249 travis travis 12288 Jan 18 03:25 node_modules
drwxrwxr-x   3 travis travis 20480 Jan 18 03:22 PhaseUnwrap
-rw-rw-r--   1 travis travis   520 Jan 18 03:25 Repeat$_fireFunction_Repeat_Repeat$__f_sL_0.class
-rw-rw-r--   1 travis travis   522 Jan 18 03:25 Repeat$_fireFunction_Repeat_Repeat$__f_sL_10.class
-rw-rw-r--   1 travis travis   666 Jan 18 03:25 Repeat$_fireFunction_Repeat_Repeat$__f_sL_11.class
-rw-rw-r--   1 travis travis   522 Jan 18 03:25 Repeat$_fireFunction_Repeat_Repeat$__f_sL_13.class
-rw-rw-r--   1 travis travis   665 Jan 18 03:25 Repeat$_fireFunction_Repeat_Repeat$__f_sL_1.class
-rw-rw-r--   1 travis travis   520 Jan 18 03:25 Repeat$_fireFunction_Repeat_Repeat$__f_sL_2.class
-rw-rw-r--   1 travis travis   520 Jan 18 03:25 Repeat$_fireFunction_Repeat_Repeat$__f_sL_3.class
-rw-rw-r--   1 travis travis   520 Jan 18 03:25 Repeat$_fireFunction_Repeat_Repeat$__f_sL_5.class
-rw-rw-r--   1 travis travis   671 Jan 18 03:25 Repeat$_fireFunction_Repeat_Repeat$__f_sL_7.class
-rw-rw-r--   1 travis travis   520 Jan 18 03:25 Repeat$_fireFunction_Repeat_Repeat$__f_sL_9.class
-rw-rw-r--   1 travis travis   813 Jan 18 03:25 Repeat$_initialize_Repeat.class
-rw-rw-r--   1 travis travis   475 Jan 18 03:25 Repeat$_initialize_Repeat$__i_sL_0.class
-rw-rw-r--   1 travis travis   519 Jan 18 03:25 Repeat$_initialize_Repeat$__i_sL_3.class
-rw-rw-r--   1 travis travis 39778 Jan 18 03:25 Repeat.java
-rw-rw-r--   1 travis travis  1281 Jan 18 03:25 Repeat.mk
-rw-rw-r--   1 travis travis   520 Jan 18 03:25 Repeat$_preinitializeMethod_Repeat$__p_sL_0.class
-rw-rw-r--   1 travis travis   520 Jan 18 03:25 Repeat$_preinitializeMethod_Repeat$__p_sL_1.class
-rw-rw-r--   1 travis travis  1083 Jan 18 03:25 Repeat$_Repeat$_fireFunction_Repeat_AddSubtract_Repeat.class
-rw-rw-r--   1 travis travis   791 Jan 18 03:25 Repeat$_Repeat$_fireFunction_Repeat_AddSubtract_Repeat$__f_sL_0.class
-rw-rw-r--   1 travis travis   909 Jan 18 03:25 Repeat$_Repeat$_fireFunction_Repeat_AddSubtract_Repeat$__f_sL_1.class
-rw-rw-r--   1 travis travis   915 Jan 18 03:25 Repeat$_Repeat$_fireFunction_Repeat_AddSubtract_Repeat$__f_sL_2.class
-rw-rw-r--   1 travis travis   838 Jan 18 03:25 Repeat$_Repeat$_fireFunction_Repeat_Ramp2_Repeat$__f_sL_1.class
-rw-rw-r--   1 travis travis  1785 Jan 18 03:25 Repeat$_Repeat$_fireFunction_Repeat_Test_Repeat$__f_sL_2.class
-rw-rw-r--   1 travis travis   685 Jan 18 03:25 Repeat$_Repeat_SDF_Director_run_Repeat$__R_sL_0.class
-rw-rw-r--   1 travis travis   540 Jan 18 03:25 Repeat$_Repeat_SDF_Director_run_Repeat$__R_sL_1.class
-rw-rw-r--   1 travis travis   540 Jan 18 03:25 Repeat$_Repeat_SDF_Director_run_Repeat$__R_sL_2.class
-rw-rw-r--   1 travis travis   540 Jan 18 03:25 Repeat$_Repeat_SDF_Director_run_Repeat$__R_sL_4.class
-rw-rw-r--   1 travis travis   540 Jan 18 03:25 Repeat$_Repeat_SDF_Director_run_Repeat$__R_sL_5.class
-rw-rw-r--   1 travis travis   691 Jan 18 03:25 Repeat$_Repeat_SDF_Director_run_Repeat$__R_sL_6.class
-rw-rw-r--   1 travis travis   540 Jan 18 03:25 Repeat$_Repeat_SDF_Director_run_Repeat$__R_sL_7.class
-rw-rw-r--   1 travis travis   863 Jan 18 03:25 Repeat$_varinit_Repeat.class
-rw-rw-r--   1 travis travis   530 Jan 18 03:25 Repeat$_varinit_Repeat$__v_sL_1.class
-rw-rw-r--   1 travis travis   531 Jan 18 03:25 Repeat$_varinit_Repeat$__v_sL_2.class
-rw-rw-r--   1 travis travis   905 Jan 18 03:25 Repeat$_varinit_Repeat$__v_sL_4.class
-rw-rw-r--   1 travis travis   635 Jan 18 03:25 Repeat$_wrapup_Repeat.class
-rw-rw-r--   1 travis travis   965 Jan 18 03:25 Repeat$_wrapup_Repeat$__w_sL_1.class
-rw-rw-r--   1 travis travis   289 Jan 18 03:19 result.csv
drwxrwxr-x   3 travis travis 12288 Jan 18 03:23 Scrambler1
drwxrwxr-x   3 travis travis 20480 Jan 18 03:22 Sinewave2
drwxrwxr-x   3 travis travis 69632 Jan 18 03:23 StringCompare
drwxrwxr-x   3 travis travis 32768 Jan 18 03:23 StringFunction
drwxrwxr-x   3 travis travis 12288 Jan 18 03:23 StringLength
drwxrwxr-x   3 travis travis 57344 Jan 18 03:24 StringSimpleReplace
drwxrwxr-x   3 travis travis 12288 Jan 18 03:24 time2
drwxrwxr-x   3 travis travis 12288 Jan 18 03:25 time5
-rw-rw-r--   1 travis travis   432 Jan 18 03:25 Token.class
-rw-rw-r--   1 travis travis   251 Jan 18 03:25 Token.java
-rw-rw-r--   1 travis travis     0 Jan 18 03:25 top.
-rw-rw-r--   1 travis travis 20502 Jan 18 03:19 top.c
-rw-rw-r--   1 travis travis  3567 Jan 18 03:25 top.class
-rw-rw-r--   1 travis travis   169 Jan 18 03:19 top.html
-rw-rw-r--   1 travis travis  7552 Jan 18 03:25 top.java
-rw-rw-r--   1 travis travis 38888 Jan 18 03:19 top.o
drwxrwxr-x   3 travis travis 57344 Jan 18 03:22 UnaryMathFunction
In "/home/travis/cg", about to execute:
    javac -classpath
.:/home/travis/build/icyphy/ptII:/home/travis/build/icyphy/ptII/lib/bsh-2.0b4.j
ar:/home/travis/build/icyphy/ptII/lib/ptCal.jar:/home/travis/build/icyphy/ptII/
lib/java_cup.jar:/home/travis/build/icyphy/ptII/lib/saxon8.jar:/home/travis/bui
ld/icyphy/ptII/lib/saxon8-dom.jar:/home/travis/build/icyphy/ptII/lib/chic.jar:/
home/travis/build/icyphy/ptII/lib/ptcolt.jar:/usr/lib/jvm/java-8-oracle/lib/too
ls.jar:/usr/lib/eclipse/plugins/org.eclipse.jdt.core_3.8.2.dist.jar:/usr/lib/ec
lipse/plugins/org.eclipse.core.runtime_3.8.0.dist.jar:/usr/lib/eclipse/plugins/
org.eclipse.osgi_3.8.1.dist.jar:/usr/lib/eclipse/plugins/org.eclipse.core.resou
rces_3.8.1.dist.jar:/usr/lib/eclipse/plugins/org.eclipse.equinox.common_3.6.100
.dist.jar:/usr/lib/eclipse/plugins/org.eclipse.core.jobs_3.5.200.dist.jar:/usr/
lib/eclipse/plugins/org.eclipse.core.contenttype_3.4.200.dist.jar:/usr/lib/ecli
pse/plugins/org.eclipse.equinox.preferences_3.5.0.dist.jar:/usr/lib/eclipse/plu
gins/org.eclipse.text_3.5.200.dist.jar:/usr/lib/eclipse/plugins/org.eclipse.ui.
workbench_3.8.1.dist.jar:/usr/lib/eclipse/plugins/org.eclipse.jface_3.8.0.dist.
jar:/usr/lib/eclipse/plugins/org.eclipse.swt_3.8.2.jar:/usr/lib/eclipse/plugins
/org.eclipse.jface.text_3.8.1.dist.jar:/usr/lib/eclipse/plugins/org.eclipse.ui.
workbench.texteditor_3.8.0.dist.jar:/usr/lib/eclipse/plugins/org.eclipse.ui.edi
tors_3.8.0.dist.jar:/usr/lib/eclipse/plugins/org.eclipse.core.commands_3.6.1.di
st.jar:/usr/lib/eclipse/plugins/org.eclipse.equinox.registry_3.5.200.dist.jar:/
usr/lib/eclipse/plugins/org.eclipse.ui.console_3.5.100.dist.jar:/usr/lib/eclips
e/plugins/org.eclipse.ui.forms_3.5.200.dist.jar:/usr/lib/eclipse/plugins/org.ec
lipse.ui.ide_3.8.1.dist.jar:/home/travis/build/icyphy/ptII/vendors/oracle/dbxml
.jar:/home/travis/build/icyphy/ptII/vendors/oracle/db.jar:/home/travis/build/ic
yphy/ptII/vendors/misc/itext/iText.jar:/home/travis/build/icyphy/ptII/lib/g4ltl
.jar:/home/travis/build/icyphy/ptII/lib/StructuralCoder.jar:/home/travis/build/
icyphy/ptII/lib/org-openide-util.jar:/home/travis/build/icyphy/ptII/lib/org-ope
nide-util-lookup.jar:/home/travis/build/icyphy/ptII/lib/org-netbeans-api-visual
.jar:/home/travis/build/icyphy/ptII/vendors/jai-1_1_2_01/lib/jai_core.jar:/home
/travis/build/icyphy/ptII/vendors/jai-1_1_2_01/lib/jai_codec.jar:/home/travis/b
uild/icyphy/ptII/lib/jcerti.jar:/home/travis/build/icyphy/ptII/lib/smack.jar:/h
ome/travis/build/icyphy/ptII/lib/smackx.jar:/home/travis/build/icyphy/ptII/lib/
jetty-all-8.1.5-v20120716.jar:/home/travis/build/icyphy/ptII/lib/javax.servlet-
api-3.0.1.jar:/home/travis/build/icyphy/ptII/lib/javax.mail.jar:/home/travis/bu
ild/icyphy/ptII/vendors/JMF-2.1.1e/lib/jmf.jar:/home/travis/build/icyphy/ptII/l
ib/jna-4.0.0-variadic.jar:/home/travis/build/icyphy/ptII/vendors/misc/joystick/
Joystick.jar:/home/travis/build/icyphy/ptII/lib/ptjacl.jar:/home/travis/build/i
cyphy/ptII/lib/jsoup-1.8.2.jar:/home/travis/build/icyphy/ptII/lib/junit-4.8.2.j
ar:/home/travis/build/icyphy/ptII/lib/JUnitParams-0.4.0.jar:/home/travis/build/
icyphy/ptII/ptolemy/actor/lib/excel/jxl.jar:/home/travis/build/icyphy/ptII/lib/
jython.jar:/home/travis/build/icyphy/ptII/lib/kieler.jar:/home/travis/build/icy
phy/ptII/vendors/opencv/share/OpenCV/java/opencv-341.jar:/home/travis/build/icy
phy/ptII/lib/oscP5.jar:/home/travis/build/icyphy/ptII/lib/nrjavaserial-3.11.0.d
evel.jar:/home/travis/build/icyphy/ptII/vendors/j3d/lib/j3dcore.jar:/home/travi
s/build/icyphy/ptII/vendors/j3d/lib/j3dutils.jar:/home/travis/build/icyphy/ptII
/vendors/j3d/lib/vecmath.jar:/home/travis/build/icyphy/ptII/ptolemy/distributed
/jini/jar/jini-core.jar:/home/travis/build/icyphy/ptII/ptolemy/distributed/jini
/jar/jini-ext.jar:/home/travis/build/icyphy/ptII/ptolemy/distributed/jini/jar/s
un-util.jar:/home/travis/build/icyphy/ptII/lib/protobuf-java-2.4.1.jar:/home/tr
avis/build/icyphy/ptII/lib/org.eclipse.paho.client.mqttv3.jar:/home/travis/buil
d/icyphy/ptII/ptserver/lib/hessian-4.0.7.jar:/home/travis/build/icyphy/ptII/pts
erver/lib/wmqtt.jar:/home/travis/build/icyphy/ptII/lib/mapss.jar:/home/travis/b
uild/icyphy/ptII/ptolemy/actor/ptalon/antlr/antlr.jar:/home/travis/build/icyphy
/ptII/lib/JRI.jar:/home/travis/build/icyphy/ptII/lib/commons-lang-2.6.jar:/home
/travis/build/icyphy/ptII/lib/commons-logging-1.1.1.jar:/home/travis/build/icyp
hy/ptII/lib/sootclasses.jar:/home/travis/build/icyphy/ptII/ptolemy/actor/lib/da
tabase/mysql-connector-java-5.1.6-bin.jar:/home/travis/build/icyphy/ptII/vendor
s/misc/sphinx4/sphinx4-data-5prealpha.jar:/home/travis/build/icyphy/ptII/vendor
s/misc/sphinx4/sphinx4-core-5prealpha.jar:/home/travis/build/icyphy/ptII/lib/PD
FRenderer.jar:/home/travis/build/icyphy/ptII/lib/svgSalamander.jar:/home/travis
/build/icyphy/ptII/lib/rsyntaxtextarea-2.6.0-SNAPSHOT.jar:/home/travis/build/ic
yphy/ptII/lib/hazelcast-3.8.2.jar:/home/travis/build/icyphy/ptII/lib/jackson-an
notations-2.9.0.jar:/home/travis/build/icyphy/ptII/lib/jackson-core-2.9.3.jar:/
home/travis/build/icyphy/ptII/lib/jackson-databind-2.9.3.jar:/home/travis/build
/icyphy/ptII/lib/netty-buffer-4.1.19.Final.jar:/home/travis/build/icyphy/ptII/l
ib/netty-codec-4.1.19.Final.jar:/home/travis/build/icyphy/ptII/lib/netty-codec-
dns-4.1.19.Final.jar:/home/travis/build/icyphy/ptII/lib/netty-codec-http-4.1.19
.Final.jar:/home/travis/build/icyphy/ptII/lib/netty-codec-http2-4.1.19.Final.ja
r:/home/travis/build/icyphy/ptII/lib/netty-common-4.1.19.Final.jar:/home/travis
/build/icyphy/ptII/lib/netty-handler-4.1.19.Final.jar:/home/travis/build/icyphy
/ptII/lib/netty-resolver-4.1.19.Final.jar:/home/travis/build/icyphy/ptII/lib/ne
tty-resolver-dns-4.1.19.Final.jar:/home/travis/build/icyphy/ptII/lib/netty-tran
sport-4.1.19.Final.jar:/home/travis/build/icyphy/ptII/lib/vertx-codegen-3.5.1.j
ar:/home/travis/build/icyphy/ptII/lib/vertx-core-3.5.2-SNAPSHOT.jar:/home/travi
s/build/icyphy/ptII/lib/vertx-hazelcast-3.5.1.jar:/home/travis/build/icyphy/ptI
I/lib/vertx-lang-js-3.5.1.jar:/home/travis/build/icyphy/ptII/lib/vertx-service-
proxy-3.5.1.jar:/home/travis/build/icyphy/ptII/lib/vertx-web-3.5.1.jar:/home/tr
avis/build/icyphy/ptII/lib/slf4j-api-1.7.13.jar:/home/travis/build/icyphy/ptII/
lib/slf4j-simple-1.7.13.jar:/home/travis/build/icyphy/ptII/lib/webcam-capture-0
.3.12.jar:/home/travis/build/icyphy/ptII/lib/bridj-0.7.0.jar:/home/travis/build
/icyphy/ptII/lib/xbjlib-1.1.0.nrjavaserial.jar:/home/travis/build/icyphy/ptII/p
tolemy/moml/test:/home/travis/build/icyphy/ptII/ant/lib/ant-launcher.jar:/home/
travis/build/icyphy/ptII/ant/lib/ant.jar:/home/travis/build/icyphy/ptII/ant/lib
/ant-junit.jar:/home/travis/build/icyphy/ptII/ant/lib/ant-junit4.jar:/home/trav
is/build/icyphy/ptII ModularCodeGen3_A1_B2_profile.java
warning: Supported source version 'RELEASE_6' from annotation processor 'org.netbeans.modules.openide.util.NbBundleProcessor' less than -source '1.8'
warning: Supported source version 'RELEASE_6' from annotation processor 'org.netbeans.modules.openide.util.URLStreamHandlerRegistrationProcessor' less than -source '1.8'
warning: Supported source version 'RELEASE_6' from annotation processor 'org.netbeans.modules.openide.util.ServiceProviderProcessor' less than -source '1.8'
3 warnings
All Done
Writing ModularCodeGen3_A1_B2.java in file:/home/travis/cg/ (9958 characters)
Reading "ptolemy/cg/kernel/generic/program/procedural/java/modular/makefile.in",
    writing "/home/travis/cg/ModularCodeGen3_A1_B2.mk"
Using ptolemy/cg/kernel/generic/program/procedural/java/modular/makefile.in
In "/home/travis/cg", about to execute:
    make -f ModularCodeGen3_A1_B2.mk
javac -classpath ".:.."    ModularCodeGen3_A1_B2.java
All Done
In "/home/travis/cg", about to execute:
    pwd
/home/travis/cg
In "/home/travis/cg", about to execute:
    ls -l
In "/home/travis/cg", about to execute:
    javac -classpath
.:/home/travis/build/icyphy/ptII:/home/travis/build/icyphy/ptII/lib/bsh-2.0b4.j
ar:/home/travis/build/icyphy/ptII/lib/ptCal.jar:/home/travis/build/icyphy/ptII/
lib/java_cup.jar:/home/travis/build/icyphy/ptII/lib/saxon8.jar:/home/travis/bui
ld/icyphy/ptII/lib/saxon8-dom.jar:/home/travis/build/icyphy/ptII/lib/chic.jar:/
home/travis/build/icyphy/ptII/lib/ptcolt.jar:/usr/lib/jvm/java-8-oracle/lib/too
ls.jar:/usr/lib/eclipse/plugins/org.eclipse.jdt.core_3.8.2.dist.jar:/usr/lib/ec
lipse/plugins/org.eclipse.core.runtime_3.8.0.dist.jar:/usr/lib/eclipse/plugins/
org.eclipse.osgi_3.8.1.dist.jar:/usr/lib/eclipse/plugins/org.eclipse.core.resou
rces_3.8.1.dist.jar:/usr/lib/eclipse/plugins/org.eclipse.equinox.common_3.6.100
.dist.jar:/usr/lib/eclipse/plugins/org.eclipse.core.jobs_3.5.200.dist.jar:/usr/
lib/eclipse/plugins/org.eclipse.core.contenttype_3.4.200.dist.jar:/usr/lib/ecli
pse/plugins/org.eclipse.equinox.preferences_3.5.0.dist.jar:/usr/lib/eclipse/plu
gins/org.eclipse.text_3.5.200.dist.jar:/usr/lib/eclipse/plugins/org.eclipse.ui.
workbench_3.8.1.dist.jar:/usr/lib/eclipse/plugins/org.eclipse.jface_3.8.0.dist.
jar:/usr/lib/eclipse/plugins/org.eclipse.swt_3.8.2.jar:/usr/lib/eclipse/plugins
/org.eclipse.jface.text_3.8.1.dist.jar:/usr/lib/eclipse/plugins/org.eclipse.ui.
workbench.texteditor_3.8.0.dist.jar:/usr/lib/eclipse/plugins/org.eclipse.ui.edi
tors_3.8.0.dist.jar:/usr/lib/eclipse/plugins/org.eclipse.core.commands_3.6.1.di
st.jar:/usr/lib/eclipse/plugins/org.eclipse.equinox.registry_3.5.200.dist.jar:/
usr/lib/eclipse/plugins/org.eclipse.ui.console_3.5.100.dist.jar:/usr/lib/eclips
e/plugins/org.eclipse.ui.forms_3.5.200.dist.jar:/usr/lib/eclipse/plugins/org.ec
lipse.ui.ide_3.8.1.dist.jar:/home/travis/build/icyphy/ptII/vendors/oracle/dbxml
.jar:/home/travis/build/icyphy/ptII/vendors/oracle/db.jar:/home/travis/build/ic
yphy/ptII/vendors/misc/itext/iText.jar:/home/travis/build/icyphy/ptII/lib/g4ltl
.jar:/home/travis/build/icyphy/ptII/lib/StructuralCoder.jar:/home/travis/build/
icyphy/ptII/lib/org-openide-util.jar:/home/travis/build/icyphy/ptII/lib/org-ope
nide-util-lookup.jar:/home/travis/build/icyphy/ptII/lib/org-netbeans-api-visual
.jar:/home/travis/build/icyphy/ptII/vendors/jai-1_1_2_01/lib/jai_core.jar:/home
/travis/build/icyphy/ptII/vendors/jai-1_1_2_01/lib/jai_codec.jar:/home/travis/b
uild/icyphy/ptII/lib/jcerti.jar:/home/travis/build/icyphy/ptII/lib/smack.jar:/h
ome/travis/build/icyphy/ptII/lib/smackx.jar:/home/travis/build/icyphy/ptII/lib/
jetty-all-8.1.5-v20120716.jar:/home/travis/build/icyphy/ptII/lib/javax.servlet-
api-3.0.1.jar:/home/travis/build/icyphy/ptII/lib/javax.mail.jar:/home/travis/bu
ild/icyphy/ptII/vendors/JMF-2.1.1e/lib/jmf.jar:/home/travis/build/icyphy/ptII/l
ib/jna-4.0.0-variadic.jar:/home/travis/build/icyphy/ptII/vendors/misc/joystick/
Joystick.jar:/home/travis/build/icyphy/ptII/lib/ptjacl.jar:/home/travis/build/i
cyphy/ptII/lib/jsoup-1.8.2.jar:/home/travis/build/icyphy/ptII/lib/junit-4.8.2.j
ar:/home/travis/build/icyphy/ptII/lib/JUnitParams-0.4.0.jar:/home/travis/build/
icyphy/ptII/ptolemy/actor/lib/excel/jxl.jar:/home/travis/build/icyphy/ptII/lib/
jython.jar:/home/travis/build/icyphy/ptII/lib/kieler.jar:/home/travis/build/icy
phy/ptII/vendors/opencv/share/OpenCV/java/opencv-341.jar:/home/travis/build/icy
phy/ptII/lib/oscP5.jar:/home/travis/build/icyphy/ptII/lib/nrjavaserial-3.11.0.d
evel.jar:/home/travis/build/icyphy/ptII/vendors/j3d/lib/j3dcore.jar:/home/travi
s/build/icyphy/ptII/vendors/j3d/lib/j3dutils.jar:/home/travis/build/icyphy/ptII
/vendors/j3d/lib/vecmath.jar:/home/travis/build/icyphy/ptII/ptolemy/distributed
/jini/jar/jini-core.jar:/home/travis/build/icyphy/ptII/ptolemy/distributed/jini
/jar/jini-ext.jar:/home/travis/build/icyphy/ptII/ptolemy/distributed/jini/jar/s
un-util.jar:/home/travis/build/icyphy/ptII/lib/protobuf-java-2.4.1.jar:/home/tr
avis/build/icyphy/ptII/lib/org.eclipse.paho.client.mqttv3.jar:/home/travis/buil
d/icyphy/ptII/ptserver/lib/hessian-4.0.7.jar:/home/travis/build/icyphy/ptII/pts
erver/lib/wmqtt.jar:/home/travis/build/icyphy/ptII/lib/mapss.jar:/home/travis/b
uild/icyphy/ptII/ptolemy/actor/ptalon/antlr/antlr.jar:/home/travis/build/icyphy
/ptII/lib/JRI.jar:/home/travis/build/icyphy/ptII/lib/commons-lang-2.6.jar:/home
/travis/build/icyphy/ptII/lib/commons-logging-1.1.1.jar:/home/travis/build/icyp
hy/ptII/lib/sootclasses.jar:/home/travis/build/icyphy/ptII/ptolemy/actor/lib/da
tabase/mysql-connector-java-5.1.6-bin.jar:/home/travis/build/icyphy/ptII/vendor
s/misc/sphinx4/sphinx4-data-5prealpha.jar:/home/travis/build/icyphy/ptII/vendor
s/misc/sphinx4/sphinx4-core-5prealpha.jar:/home/travis/build/icyphy/ptII/lib/PD
FRenderer.jar:/home/travis/build/icyphy/ptII/lib/svgSalamander.jar:/home/travis
/build/icyphy/ptII/lib/rsyntaxtextarea-2.6.0-SNAPSHOT.jar:/home/travis/build/ic
yphy/ptII/lib/hazelcast-3.8.2.jar:/home/travis/build/icyphy/ptII/lib/jackson-an
notations-2.9.0.jar:/home/travis/build/icyphy/ptII/lib/jackson-core-2.9.3.jar:/
home/travis/build/icyphy/ptII/lib/jackson-databind-2.9.3.jar:/home/travis/build
/icyphy/ptII/lib/netty-buffer-4.1.19.Final.jar:/home/travis/build/icyphy/ptII/l
ib/netty-codec-4.1.19.Final.jar:/home/travis/build/icyphy/ptII/lib/netty-codec-
dns-4.1.19.Final.jar:/home/travis/build/icyphy/ptII/lib/netty-codec-http-4.1.19
.Final.jar:/home/travis/build/icyphy/ptII/lib/netty-codec-http2-4.1.19.Final.ja
r:/home/travis/build/icyphy/ptII/lib/netty-common-4.1.19.Final.jar:/home/travis
/build/icyphy/ptII/lib/netty-handler-4.1.19.Final.jar:/home/travis/build/icyphy
/ptII/lib/netty-resolver-4.1.19.Final.jar:/home/travis/build/icyphy/ptII/lib/ne
tty-resolver-dns-4.1.19.Final.jar:/home/travis/build/icyphy/ptII/lib/netty-tran
sport-4.1.19.Final.jar:/home/travis/build/icyphy/ptII/lib/vertx-codegen-3.5.1.j
ar:/home/travis/build/icyphy/ptII/lib/vertx-core-3.5.2-SNAPSHOT.jar:/home/travi
s/build/icyphy/ptII/lib/vertx-hazelcast-3.5.1.jar:/home/travis/build/icyphy/ptI
I/lib/vertx-lang-js-3.5.1.jar:/home/travis/build/icyphy/ptII/lib/vertx-service-
proxy-3.5.1.jar:/home/travis/build/icyphy/ptII/lib/vertx-web-3.5.1.jar:/home/tr
avis/build/icyphy/ptII/lib/slf4j-api-1.7.13.jar:/home/travis/build/icyphy/ptII/
lib/slf4j-simple-1.7.13.jar:/home/travis/build/icyphy/ptII/lib/webcam-capture-0
.3.12.jar:/home/travis/build/icyphy/ptII/lib/bridj-0.7.0.jar:/home/travis/build
/icyphy/ptII/lib/xbjlib-1.1.0.nrjavaserial.jar:/home/travis/build/icyphy/ptII/p
tolemy/moml/test:/home/travis/build/icyphy/ptII/ant/lib/ant-launcher.jar:/home/
travis/build/icyphy/ptII/ant/lib/ant.jar:/home/travis/build/icyphy/ptII/ant/lib
/ant-junit.jar:/home/travis/build/icyphy/ptII/ant/lib/ant-junit4.jar:/home/trav
is/build/icyphy/ptII ModularCodeGen3_A1_profile.java
total 1404
drwxrwxr-x   3 travis travis 12288 Jan 18 03:20 AbsoluteValue
drwxrwxr-x   3 travis travis 16384 Jan 18 03:20 Case1
drwxrwxr-x   3 travis travis 32768 Jan 18 03:20 Case2
-rw-rw-r--   1 travis travis  4895 Jan 18 03:25 CompiledCompositeActor_CompiledCompositeActor.class
-rw-rw-r--   1 travis travis  1592 Jan 18 03:25 CompiledCompositeActor_CompiledCompositeActor$_CompiledCompositeActor_CompiledCompositeActor.class
-rw-rw-r--   1 travis travis 13466 Jan 18 03:25 CompiledCompositeActor_CompiledCompositeActor.java
-rw-rw-r--   1 travis travis  1593 Jan 18 03:25 CompiledCompositeActor_CompiledCompositeActor.mk
drwxrwxr-x   3 travis travis 24576 Jan 18 03:23 DeScrambler
drwxrwxr-x   3 travis travis 16384 Jan 18 03:24 DotProduct
drwxrwxr-x   3 travis travis 12288 Jan 18 03:21 FileWriter1
drwxrwxr-x   3 travis travis 20480 Jan 18 03:20 FixToDoubleAndBack
drwxrwxr-x   3 travis travis 16384 Jan 18 03:21 Gaussian1
drwxrwxr-x   3 travis travis 20480 Jan 18 03:21 Gaussian2
-rw-rw-r--   1 travis travis  4457 Jan 18 03:25 JavaCompiledCompositeTest1_CompiledCompositeActor.class
-rw-rw-r--   1 travis travis 11637 Jan 18 03:25 JavaCompiledCompositeTest1_CompiledCompositeActor.java
-rw-rw-r--   1 travis travis  1198 Jan 18 03:25 JavaCompiledCompositeTest1_CompiledCompositeActor$_JavaCompiledCompositeTest1_CompiledCompositeActor.class
-rw-rw-r--   1 travis travis  1625 Jan 18 03:25 JavaCompiledCompositeTest1_CompiledCompositeActor.mk
-rw-rw-r--   1 travis travis  4888 Jan 18 03:25 JavaCompiledCompositeTest2_CompiledCompositeActor.class
-rw-rw-r--   1 travis travis 14919 Jan 18 03:25 JavaCompiledCompositeTest2_CompiledCompositeActor.java
-rw-rw-r--   1 travis travis  1793 Jan 18 03:25 JavaCompiledCompositeTest2_CompiledCompositeActor$_JavaCompiledCompositeTest2_CompiledCompositeActor.class
-rw-rw-r--   1 travis travis  1625 Jan 18 03:25 JavaCompiledCompositeTest2_CompiledCompositeActor.mk
-rw-rw-r--   1 travis travis  4505 Jan 18 03:25 JavaCompiledCompositeTest3_CompiledCompositeActor.class
-rw-rw-r--   1 travis travis 13080 Jan 18 03:25 JavaCompiledCompositeTest3_CompiledCompositeActor.java
-rw-rw-r--   1 travis travis  1378 Jan 18 03:25 JavaCompiledCompositeTest3_CompiledCompositeActor$_JavaCompiledCompositeTest3_CompiledCompositeActor.class
-rw-rw-r--   1 travis travis  1625 Jan 18 03:25 JavaCompiledCompositeTest3_CompiledCompositeActor.mk
-rw-rw-r--   1 travis travis  3953 Jan 18 03:25 JavaCompiledCompositeTest4_CompiledCompositeActor.class
-rw-rw-r--   1 travis travis  9687 Jan 18 03:25 JavaCompiledCompositeTest4_CompiledCompositeActor.java
-rw-rw-r--   1 travis travis   857 Jan 18 03:25 JavaCompiledCompositeTest4_CompiledCompositeActor$_JavaCompiledCompositeTest4_CompiledCompositeActor.class
-rw-rw-r--   1 travis travis  1625 Jan 18 03:25 JavaCompiledCompositeTest4_CompiledCompositeActor.mk
drwxrwxr-x   3 travis travis 12288 Jan 18 03:21 LookupTable
drwxrwxr-x   3 travis travis 20480 Jan 18 03:21 MaxIndex
-rw-rw-r--   1 travis travis  3693 Jan 18 03:25 ModularCG_A1_B1.class
-rw-rw-r--   1 travis travis  9730 Jan 18 03:25 ModularCG_A1_B1.java
-rw-rw-r--   1 travis travis   832 Jan 18 03:25 ModularCG_A1_B1.mk
-rw-rw-r--   1 travis travis  1318 Jan 18 03:25 ModularCG_A1_B1_profile.class
-rw-rw-r--   1 travis travis  1262 Jan 18 03:25 ModularCG_A1_B1_profile.java
-rw-rw-r--   1 travis travis  3693 Jan 18 03:25 ModularCG_A1_B2.class
-rw-rw-r--   1 travis travis  9730 Jan 18 03:25 ModularCG_A1_B2.java
-rw-rw-r--   1 travis travis   832 Jan 18 03:25 ModularCG_A1_B2.mk
-rw-rw-r--   1 travis travis  1318 Jan 18 03:25 ModularCG_A1_B2_profile.class
-rw-rw-r--   1 travis travis  1262 Jan 18 03:25 ModularCG_A1_B2_profile.java
-rw-rw-r--   1 travis travis  4799 Jan 18 03:25 ModularCG_A1.class
-rw-rw-r--   1 travis travis 14742 Jan 18 03:25 ModularCG_A1.java
-rw-rw-r--   1 travis travis   808 Jan 18 03:25 ModularCG_A1.mk
-rw-rw-r--   1 travis travis  1433 Jan 18 03:25 ModularCG_A1_profile.class
-rw-rw-r--   1 travis travis  1704 Jan 18 03:25 ModularCG_A1_profile.java
-rw-rw-r--   1 travis travis  3827 Jan 18 03:25 ModularCG_A2_B1.class
-rw-rw-r--   1 travis travis 10667 Jan 18 03:25 ModularCG_A2_B1.java
-rw-rw-r--   1 travis travis   832 Jan 18 03:25 ModularCG_A2_B1.mk
-rw-rw-r--   1 travis travis  1381 Jan 18 03:25 ModularCG_A2_B1_profile.class
-rw-rw-r--   1 travis travis  1446 Jan 18 03:25 ModularCG_A2_B1_profile.java
-rw-rw-r--   1 travis travis  3693 Jan 18 03:25 ModularCG_A2_B2.class
-rw-rw-r--   1 travis travis  9730 Jan 18 03:25 ModularCG_A2_B2.java
-rw-rw-r--   1 travis travis   832 Jan 18 03:25 ModularCG_A2_B2.mk
-rw-rw-r--   1 travis travis  1318 Jan 18 03:25 ModularCG_A2_B2_profile.class
-rw-rw-r--   1 travis travis  1262 Jan 18 03:25 ModularCG_A2_B2_profile.java
-rw-rw-r--   1 travis travis  4870 Jan 18 03:25 ModularCG_A2.class
-rw-rw-r--   1 travis travis 15129 Jan 18 03:25 ModularCG_A2.java
-rw-rw-r--   1 travis travis   808 Jan 18 03:25 ModularCG_A2.mk
-rw-rw-r--   1 travis travis  1433 Jan 18 03:25 ModularCG_A2_profile.class
-rw-rw-r--   1 travis travis  1704 Jan 18 03:25 ModularCG_A2_profile.java
-rw-rw-r--   1 travis travis  3473 Jan 18 03:25 ModularCGPubSub_A1_A2.class
-rw-rw-r--   1 travis travis  9076 Jan 18 03:25 ModularCGPubSub_A1_A2.java
-rw-rw-r--   1 travis travis   880 Jan 18 03:25 ModularCGPubSub_A1_A2.mk
-rw-rw-r--   1 travis travis  1300 Jan 18 03:25 ModularCGPubSub_A1_A2_profile.class
-rw-rw-r--   1 travis travis  1222 Jan 18 03:25 ModularCGPubSub_A1_A2_profile.java
-rw-rw-r--   1 travis travis  3790 Jan 18 03:25 ModularCGPubSub_A1.class
-rw-rw-r--   1 travis travis  9836 Jan 18 03:25 ModularCGPubSub_A1.java
-rw-rw-r--   1 travis travis   856 Jan 18 03:25 ModularCGPubSub_A1.mk
-rw-rw-r--   1 travis travis  1346 Jan 18 03:25 ModularCGPubSub_A1_profile.class
-rw-rw-r--   1 travis travis  1388 Jan 18 03:25 ModularCGPubSub_A1_profile.java
-rw-rw-r--   1 travis travis  3988 Jan 18 03:25 ModularCodeGen2_ModularCodeGenTypedCompositeActor.class
-rw-rw-r--   1 travis travis 11690 Jan 18 03:25 ModularCodeGen2_ModularCodeGenTypedCompositeActor.java
-rw-rw-r--   1 travis travis  1104 Jan 18 03:25 ModularCodeGen2_ModularCodeGenTypedCompositeActor.mk
-rw-rw-r--   1 travis travis  4272 Jan 18 03:25 ModularCodeGen2_ModularCodeGenTypedCompositeActor_ModularCodeGenTypedCompositeActor.class
-rw-rw-r--   1 travis travis 11790 Jan 18 03:25 ModularCodeGen2_ModularCodeGenTypedCompositeActor_ModularCodeGenTypedCompositeActor.java
-rw-rw-r--   1 travis travis  1376 Jan 18 03:25 ModularCodeGen2_ModularCodeGenTypedCompositeActor_ModularCodeGenTypedCompositeActor.mk
-rw-rw-r--   1 travis travis  1421 Jan 18 03:25 ModularCodeGen2_ModularCodeGenTypedCompositeActor_ModularCodeGenTypedCompositeActor_profile.class
-rw-rw-r--   1 travis travis  1294 Jan 18 03:25 ModularCodeGen2_ModularCodeGenTypedCompositeActor_ModularCodeGenTypedCompositeActor_profile.java
-rw-rw-r--   1 travis travis   820 Jan 18 03:25 ModularCodeGen2_ModularCodeGenTypedCompositeActor_profile.class
-rw-rw-r--   1 travis travis   693 Jan 18 03:25 ModularCodeGen2_ModularCodeGenTypedCompositeActor_profile.java
-rw-rw-r--   1 travis travis  3741 Jan 18 03:25 ModularCodeGen3_A1_B1.class
-rw-rw-r--   1 travis travis  9958 Jan 18 03:25 ModularCodeGen3_A1_B1.java
-rw-rw-r--   1 travis travis   880 Jan 18 03:25 ModularCodeGen3_A1_B1.mk
-rw-rw-r--   1 travis travis  1330 Jan 18 03:25 ModularCodeGen3_A1_B1_profile.class
-rw-rw-r--   1 travis travis  1274 Jan 18 03:25 ModularCodeGen3_A1_B1_profile.java
-rw-rw-r--   1 travis travis  3741 Jan 18 03:25 ModularCodeGen3_A1_B2.class
-rw-rw-r--   1 travis travis  9958 Jan 18 03:25 ModularCodeGen3_A1_B2.java
-rw-rw-r--   1 travis travis   880 Jan 18 03:25 ModularCodeGen3_A1_B2.mk
-rw-rw-r--   1 travis travis  1330 Jan 18 03:25 ModularCodeGen3_A1_B2_profile.class
-rw-rw-r--   1 travis travis  1274 Jan 18 03:25 ModularCodeGen3_A1_B2_profile.java
-rw-rw-r--   1 travis travis  1716 Jan 18 03:25 ModularCodeGen3_A1_profile.java
-rw-rw-r--   1 travis travis  3954 Jan 18 03:25 ModularCodeGen_ModularCodeGenTypedCompositeActor.class
-rw-rw-r--   1 travis travis 10970 Jan 18 03:25 ModularCodeGen_ModularCodeGenTypedCompositeActor.java
-rw-rw-r--   1 travis travis  1096 Jan 18 03:25 ModularCodeGen_ModularCodeGenTypedCompositeActor.mk
-rw-rw-r--   1 travis travis  1384 Jan 18 03:25 ModularCodeGen_ModularCodeGenTypedCompositeActor_profile.class
-rw-rw-r--   1 travis travis  1328 Jan 18 03:25 ModularCodeGen_ModularCodeGenTypedCompositeActor_profile.java
-rw-rw-r--   1 travis travis  3492 Jan 18 03:25 ModularCodeGenTest_A1_A2.class
-rw-rw-r--   1 travis travis   904 Jan 18 03:25 ModularCodeGenTest_A1_A2.mk
-rw-rw-r--   1 travis travis  1306 Jan 18 03:25 ModularCodeGenTest_A1_A2_profile.class
-rw-rw-r--   1 travis travis  9968 Jan 18 03:25 ModularCodeGenTest_A1.java
-rw-rw-r--   1 travis travis   880 Jan 18 03:25 ModularCodeGenTest_A1.mk
drwxrwxr-x   3 travis travis 36864 Jan 18 03:25 modulation2
drwxrwxr-x   3 travis travis 20480 Jan 18 03:21 Multiplexor
drwxrwxr-x 249 travis travis 12288 Jan 18 03:25 node_modules
drwxrwxr-x   3 travis travis 20480 Jan 18 03:22 PhaseUnwrap
-rw-rw-r--   1 travis travis   520 Jan 18 03:25 Repeat$_fireFunction_Repeat_Repeat$__f_sL_0.class
-rw-rw-r--   1 travis travis   522 Jan 18 03:25 Repeat$_fireFunction_Repeat_Repeat$__f_sL_10.class
-rw-rw-r--   1 travis travis   666 Jan 18 03:25 Repeat$_fireFunction_Repeat_Repeat$__f_sL_11.class
-rw-rw-r--   1 travis travis   522 Jan 18 03:25 Repeat$_fireFunction_Repeat_Repeat$__f_sL_13.class
-rw-rw-r--   1 travis travis   665 Jan 18 03:25 Repeat$_fireFunction_Repeat_Repeat$__f_sL_1.class
-rw-rw-r--   1 travis travis   520 Jan 18 03:25 Repeat$_fireFunction_Repeat_Repeat$__f_sL_2.class
-rw-rw-r--   1 travis travis   520 Jan 18 03:25 Repeat$_fireFunction_Repeat_Repeat$__f_sL_3.class
-rw-rw-r--   1 travis travis   520 Jan 18 03:25 Repeat$_fireFunction_Repeat_Repeat$__f_sL_5.class
-rw-rw-r--   1 travis travis   671 Jan 18 03:25 Repeat$_fireFunction_Repeat_Repeat$__f_sL_7.class
-rw-rw-r--   1 travis travis   520 Jan 18 03:25 Repeat$_fireFunction_Repeat_Repeat$__f_sL_9.class
-rw-rw-r--   1 travis travis   813 Jan 18 03:25 Repeat$_initialize_Repeat.class
-rw-rw-r--   1 travis travis   475 Jan 18 03:25 Repeat$_initialize_Repeat$__i_sL_0.class
-rw-rw-r--   1 travis travis   519 Jan 18 03:25 Repeat$_initialize_Repeat$__i_sL_3.class
-rw-rw-r--   1 travis travis 39778 Jan 18 03:25 Repeat.java
-rw-rw-r--   1 travis travis  1281 Jan 18 03:25 Repeat.mk
-rw-rw-r--   1 travis travis   520 Jan 18 03:25 Repeat$_preinitializeMethod_Repeat$__p_sL_0.class
-rw-rw-r--   1 travis travis   520 Jan 18 03:25 Repeat$_preinitializeMethod_Repeat$__p_sL_1.class
-rw-rw-r--   1 travis travis  1083 Jan 18 03:25 Repeat$_Repeat$_fireFunction_Repeat_AddSubtract_Repeat.class
-rw-rw-r--   1 travis travis   791 Jan 18 03:25 Repeat$_Repeat$_fireFunction_Repeat_AddSubtract_Repeat$__f_sL_0.class
-rw-rw-r--   1 travis travis   909 Jan 18 03:25 Repeat$_Repeat$_fireFunction_Repeat_AddSubtract_Repeat$__f_sL_1.class
-rw-rw-r--   1 travis travis   915 Jan 18 03:25 Repeat$_Repeat$_fireFunction_Repeat_AddSubtract_Repeat$__f_sL_2.class
-rw-rw-r--   1 travis travis   838 Jan 18 03:25 Repeat$_Repeat$_fireFunction_Repeat_Ramp2_Repeat$__f_sL_1.class
-rw-rw-r--   1 travis travis  1785 Jan 18 03:25 Repeat$_Repeat$_fireFunction_Repeat_Test_Repeat$__f_sL_2.class
-rw-rw-r--   1 travis travis   685 Jan 18 03:25 Repeat$_Repeat_SDF_Director_run_Repeat$__R_sL_0.class
-rw-rw-r--   1 travis travis   540 Jan 18 03:25 Repeat$_Repeat_SDF_Director_run_Repeat$__R_sL_1.class
-rw-rw-r--   1 travis travis   540 Jan 18 03:25 Repeat$_Repeat_SDF_Director_run_Repeat$__R_sL_2.class
-rw-rw-r--   1 travis travis   540 Jan 18 03:25 Repeat$_Repeat_SDF_Director_run_Repeat$__R_sL_4.class
-rw-rw-r--   1 travis travis   540 Jan 18 03:25 Repeat$_Repeat_SDF_Director_run_Repeat$__R_sL_5.class
-rw-rw-r--   1 travis travis   691 Jan 18 03:25 Repeat$_Repeat_SDF_Director_run_Repeat$__R_sL_6.class
-rw-rw-r--   1 travis travis   540 Jan 18 03:25 Repeat$_Repeat_SDF_Director_run_Repeat$__R_sL_7.class
-rw-rw-r--   1 travis travis   863 Jan 18 03:25 Repeat$_varinit_Repeat.class
-rw-rw-r--   1 travis travis   530 Jan 18 03:25 Repeat$_varinit_Repeat$__v_sL_1.class
-rw-rw-r--   1 travis travis   531 Jan 18 03:25 Repeat$_varinit_Repeat$__v_sL_2.class
-rw-rw-r--   1 travis travis   905 Jan 18 03:25 Repeat$_varinit_Repeat$__v_sL_4.class
-rw-rw-r--   1 travis travis   635 Jan 18 03:25 Repeat$_wrapup_Repeat.class
-rw-rw-r--   1 travis travis   965 Jan 18 03:25 Repeat$_wrapup_Repeat$__w_sL_1.class
-rw-rw-r--   1 travis travis   289 Jan 18 03:19 result.csv
drwxrwxr-x   3 travis travis 12288 Jan 18 03:23 Scrambler1
drwxrwxr-x   3 travis travis 20480 Jan 18 03:22 Sinewave2
drwxrwxr-x   3 travis travis 69632 Jan 18 03:23 StringCompare
drwxrwxr-x   3 travis travis 32768 Jan 18 03:23 StringFunction
drwxrwxr-x   3 travis travis 12288 Jan 18 03:23 StringLength
drwxrwxr-x   3 travis travis 57344 Jan 18 03:24 StringSimpleReplace
drwxrwxr-x   3 travis travis 12288 Jan 18 03:24 time2
drwxrwxr-x   3 travis travis 12288 Jan 18 03:25 time5
-rw-rw-r--   1 travis travis   432 Jan 18 03:25 Token.class
-rw-rw-r--   1 travis travis   251 Jan 18 03:25 Token.java
-rw-rw-r--   1 travis travis     0 Jan 18 03:25 top.
-rw-rw-r--   1 travis travis 20502 Jan 18 03:19 top.c
-rw-rw-r--   1 travis travis  3567 Jan 18 03:25 top.class
-rw-rw-r--   1 travis travis   169 Jan 18 03:19 top.html
-rw-rw-r--   1 travis travis  7552 Jan 18 03:25 top.java
-rw-rw-r--   1 travis travis 38888 Jan 18 03:19 top.o
drwxrwxr-x   3 travis travis 57344 Jan 18 03:22 UnaryMathFunction
warning: Supported source version 'RELEASE_6' from annotation processor 'org.netbeans.modules.openide.util.NbBundleProcessor' less than -source '1.8'
warning: Supported source version 'RELEASE_6' from annotation processor 'org.netbeans.modules.openide.util.URLStreamHandlerRegistrationProcessor' less than -source '1.8'
warning: Supported source version 'RELEASE_6' from annotation processor 'org.netbeans.modules.openide.util.ServiceProviderProcessor' less than -source '1.8'
3 warnings
All Done
Writing ModularCodeGen3_A1.java in file:/home/travis/cg/ (15564 characters)
Reading "ptolemy/cg/kernel/generic/program/procedural/java/modular/makefile.in",
    writing "/home/travis/cg/ModularCodeGen3_A1.mk"
Using ptolemy/cg/kernel/generic/program/procedural/java/modular/makefile.in
In "/home/travis/cg", about to execute:
    make -f ModularCodeGen3_A1.mk
javac -classpath ".:.."    ModularCodeGen3_A1.java
All Done
In "/home/travis/cg", about to execute:
    pwd
/home/travis/cg
In "/home/travis/cg", about to execute:
    ls -l
In "/home/travis/cg", about to execute:
    javac -classpath
.:/home/travis/build/icyphy/ptII:/home/travis/build/icyphy/ptII/lib/bsh-2.0b4.j
ar:/home/travis/build/icyphy/ptII/lib/ptCal.jar:/home/travis/build/icyphy/ptII/
lib/java_cup.jar:/home/travis/build/icyphy/ptII/lib/saxon8.jar:/home/travis/bui
ld/icyphy/ptII/lib/saxon8-dom.jar:/home/travis/build/icyphy/ptII/lib/chic.jar:/
home/travis/build/icyphy/ptII/lib/ptcolt.jar:/usr/lib/jvm/java-8-oracle/lib/too
ls.jar:/usr/lib/eclipse/plugins/org.eclipse.jdt.core_3.8.2.dist.jar:/usr/lib/ec
lipse/plugins/org.eclipse.core.runtime_3.8.0.dist.jar:/usr/lib/eclipse/plugins/
org.eclipse.osgi_3.8.1.dist.jar:/usr/lib/eclipse/plugins/org.eclipse.core.resou
rces_3.8.1.dist.jar:/usr/lib/eclipse/plugins/org.eclipse.equinox.common_3.6.100
.dist.jar:/usr/lib/eclipse/plugins/org.eclipse.core.jobs_3.5.200.dist.jar:/usr/
lib/eclipse/plugins/org.eclipse.core.contenttype_3.4.200.dist.jar:/usr/lib/ecli
pse/plugins/org.eclipse.equinox.preferences_3.5.0.dist.jar:/usr/lib/eclipse/plu
gins/org.eclipse.text_3.5.200.dist.jar:/usr/lib/eclipse/plugins/org.eclipse.ui.
workbench_3.8.1.dist.jar:/usr/lib/eclipse/plugins/org.eclipse.jface_3.8.0.dist.
jar:/usr/lib/eclipse/plugins/org.eclipse.swt_3.8.2.jar:/usr/lib/eclipse/plugins
/org.eclipse.jface.text_3.8.1.dist.jar:/usr/lib/eclipse/plugins/org.eclipse.ui.
workbench.texteditor_3.8.0.dist.jar:/usr/lib/eclipse/plugins/org.eclipse.ui.edi
tors_3.8.0.dist.jar:/usr/lib/eclipse/plugins/org.eclipse.core.commands_3.6.1.di
st.jar:/usr/lib/eclipse/plugins/org.eclipse.equinox.registry_3.5.200.dist.jar:/
usr/lib/eclipse/plugins/org.eclipse.ui.console_3.5.100.dist.jar:/usr/lib/eclips
e/plugins/org.eclipse.ui.forms_3.5.200.dist.jar:/usr/lib/eclipse/plugins/org.ec
lipse.ui.ide_3.8.1.dist.jar:/home/travis/build/icyphy/ptII/vendors/oracle/dbxml
.jar:/home/travis/build/icyphy/ptII/vendors/oracle/db.jar:/home/travis/build/ic
yphy/ptII/vendors/misc/itext/iText.jar:/home/travis/build/icyphy/ptII/lib/g4ltl
.jar:/home/travis/build/icyphy/ptII/lib/StructuralCoder.jar:/home/travis/build/
icyphy/ptII/lib/org-openide-util.jar:/home/travis/build/icyphy/ptII/lib/org-ope
nide-util-lookup.jar:/home/travis/build/icyphy/ptII/lib/org-netbeans-api-visual
.jar:/home/travis/build/icyphy/ptII/vendors/jai-1_1_2_01/lib/jai_core.jar:/home
/travis/build/icyphy/ptII/vendors/jai-1_1_2_01/lib/jai_codec.jar:/home/travis/b
uild/icyphy/ptII/lib/jcerti.jar:/home/travis/build/icyphy/ptII/lib/smack.jar:/h
ome/travis/build/icyphy/ptII/lib/smackx.jar:/home/travis/build/icyphy/ptII/lib/
jetty-all-8.1.5-v20120716.jar:/home/travis/build/icyphy/ptII/lib/javax.servlet-
api-3.0.1.jar:/home/travis/build/icyphy/ptII/lib/javax.mail.jar:/home/travis/bu
ild/icyphy/ptII/vendors/JMF-2.1.1e/lib/jmf.jar:/home/travis/build/icyphy/ptII/l
ib/jna-4.0.0-variadic.jar:/home/travis/build/icyphy/ptII/vendors/misc/joystick/
Joystick.jar:/home/travis/build/icyphy/ptII/lib/ptjacl.jar:/home/travis/build/i
cyphy/ptII/lib/jsoup-1.8.2.jar:/home/travis/build/icyphy/ptII/lib/junit-4.8.2.j
ar:/home/travis/build/icyphy/ptII/lib/JUnitParams-0.4.0.jar:/home/travis/build/
icyphy/ptII/ptolemy/actor/lib/excel/jxl.jar:/home/travis/build/icyphy/ptII/lib/
jython.jar:/home/travis/build/icyphy/ptII/lib/kieler.jar:/home/travis/build/icy
phy/ptII/vendors/opencv/share/OpenCV/java/opencv-341.jar:/home/travis/build/icy
phy/ptII/lib/oscP5.jar:/home/travis/build/icyphy/ptII/lib/nrjavaserial-3.11.0.d
evel.jar:/home/travis/build/icyphy/ptII/vendors/j3d/lib/j3dcore.jar:/home/travi
s/build/icyphy/ptII/vendors/j3d/lib/j3dutils.jar:/home/travis/build/icyphy/ptII
/vendors/j3d/lib/vecmath.jar:/home/travis/build/icyphy/ptII/ptolemy/distributed
/jini/jar/jini-core.jar:/home/travis/build/icyphy/ptII/ptolemy/distributed/jini
/jar/jini-ext.jar:/home/travis/build/icyphy/ptII/ptolemy/distributed/jini/jar/s
un-util.jar:/home/travis/build/icyphy/ptII/lib/protobuf-java-2.4.1.jar:/home/tr
avis/build/icyphy/ptII/lib/org.eclipse.paho.client.mqttv3.jar:/home/travis/buil
d/icyphy/ptII/ptserver/lib/hessian-4.0.7.jar:/home/travis/build/icyphy/ptII/pts
erver/lib/wmqtt.jar:/home/travis/build/icyphy/ptII/lib/mapss.jar:/home/travis/b
uild/icyphy/ptII/ptolemy/actor/ptalon/antlr/antlr.jar:/home/travis/build/icyphy
/ptII/lib/JRI.jar:/home/travis/build/icyphy/ptII/lib/commons-lang-2.6.jar:/home
/travis/build/icyphy/ptII/lib/commons-logging-1.1.1.jar:/home/travis/build/icyp
hy/ptII/lib/sootclasses.jar:/home/travis/build/icyphy/ptII/ptolemy/actor/lib/da
tabase/mysql-connector-java-5.1.6-bin.jar:/home/travis/build/icyphy/ptII/vendor
s/misc/sphinx4/sphinx4-data-5prealpha.jar:/home/travis/build/icyphy/ptII/vendor
s/misc/sphinx4/sphinx4-core-5prealpha.jar:/home/travis/build/icyphy/ptII/lib/PD
FRenderer.jar:/home/travis/build/icyphy/ptII/lib/svgSalamander.jar:/home/travis
/build/icyphy/ptII/lib/rsyntaxtextarea-2.6.0-SNAPSHOT.jar:/home/travis/build/ic
yphy/ptII/lib/hazelcast-3.8.2.jar:/home/travis/build/icyphy/ptII/lib/jackson-an
notations-2.9.0.jar:/home/travis/build/icyphy/ptII/lib/jackson-core-2.9.3.jar:/
home/travis/build/icyphy/ptII/lib/jackson-databind-2.9.3.jar:/home/travis/build
/icyphy/ptII/lib/netty-buffer-4.1.19.Final.jar:/home/travis/build/icyphy/ptII/l
ib/netty-codec-4.1.19.Final.jar:/home/travis/build/icyphy/ptII/lib/netty-codec-
dns-4.1.19.Final.jar:/home/travis/build/icyphy/ptII/lib/netty-codec-http-4.1.19
.Final.jar:/home/travis/build/icyphy/ptII/lib/netty-codec-http2-4.1.19.Final.ja
r:/home/travis/build/icyphy/ptII/lib/netty-common-4.1.19.Final.jar:/home/travis
/build/icyphy/ptII/lib/netty-handler-4.1.19.Final.jar:/home/travis/build/icyphy
/ptII/lib/netty-resolver-4.1.19.Final.jar:/home/travis/build/icyphy/ptII/lib/ne
tty-resolver-dns-4.1.19.Final.jar:/home/travis/build/icyphy/ptII/lib/netty-tran
sport-4.1.19.Final.jar:/home/travis/build/icyphy/ptII/lib/vertx-codegen-3.5.1.j
ar:/home/travis/build/icyphy/ptII/lib/vertx-core-3.5.2-SNAPSHOT.jar:/home/travi
s/build/icyphy/ptII/lib/vertx-hazelcast-3.5.1.jar:/home/travis/build/icyphy/ptI
I/lib/vertx-lang-js-3.5.1.jar:/home/travis/build/icyphy/ptII/lib/vertx-service-
proxy-3.5.1.jar:/home/travis/build/icyphy/ptII/lib/vertx-web-3.5.1.jar:/home/tr
avis/build/icyphy/ptII/lib/slf4j-api-1.7.13.jar:/home/travis/build/icyphy/ptII/
lib/slf4j-simple-1.7.13.jar:/home/travis/build/icyphy/ptII/lib/webcam-capture-0
.3.12.jar:/home/travis/build/icyphy/ptII/lib/bridj-0.7.0.jar:/home/travis/build
/icyphy/ptII/lib/xbjlib-1.1.0.nrjavaserial.jar:/home/travis/build/icyphy/ptII/p
tolemy/moml/test:/home/travis/build/icyphy/ptII/ant/lib/ant-launcher.jar:/home/
travis/build/icyphy/ptII/ant/lib/ant.jar:/home/travis/build/icyphy/ptII/ant/lib
/ant-junit.jar:/home/travis/build/icyphy/ptII/ant/lib/ant-junit4.jar:/home/trav
is/build/icyphy/ptII ModularCodeGen3_A2_B1_profile.java
total 1440
drwxrwxr-x   3 travis travis 12288 Jan 18 03:20 AbsoluteValue
drwxrwxr-x   3 travis travis 16384 Jan 18 03:20 Case1
drwxrwxr-x   3 travis travis 32768 Jan 18 03:20 Case2
-rw-rw-r--   1 travis travis  4895 Jan 18 03:25 CompiledCompositeActor_CompiledCompositeActor.class
-rw-rw-r--   1 travis travis  1592 Jan 18 03:25 CompiledCompositeActor_CompiledCompositeActor$_CompiledCompositeActor_CompiledCompositeActor.class
-rw-rw-r--   1 travis travis 13466 Jan 18 03:25 CompiledCompositeActor_CompiledCompositeActor.java
-rw-rw-r--   1 travis travis  1593 Jan 18 03:25 CompiledCompositeActor_CompiledCompositeActor.mk
drwxrwxr-x   3 travis travis 24576 Jan 18 03:23 DeScrambler
drwxrwxr-x   3 travis travis 16384 Jan 18 03:24 DotProduct
drwxrwxr-x   3 travis travis 12288 Jan 18 03:21 FileWriter1
drwxrwxr-x   3 travis travis 20480 Jan 18 03:20 FixToDoubleAndBack
drwxrwxr-x   3 travis travis 16384 Jan 18 03:21 Gaussian1
drwxrwxr-x   3 travis travis 20480 Jan 18 03:21 Gaussian2
-rw-rw-r--   1 travis travis  4457 Jan 18 03:25 JavaCompiledCompositeTest1_CompiledCompositeActor.class
-rw-rw-r--   1 travis travis 11637 Jan 18 03:25 JavaCompiledCompositeTest1_CompiledCompositeActor.java
-rw-rw-r--   1 travis travis  1198 Jan 18 03:25 JavaCompiledCompositeTest1_CompiledCompositeActor$_JavaCompiledCompositeTest1_CompiledCompositeActor.class
-rw-rw-r--   1 travis travis  1625 Jan 18 03:25 JavaCompiledCompositeTest1_CompiledCompositeActor.mk
-rw-rw-r--   1 travis travis  4888 Jan 18 03:25 JavaCompiledCompositeTest2_CompiledCompositeActor.class
-rw-rw-r--   1 travis travis 14919 Jan 18 03:25 JavaCompiledCompositeTest2_CompiledCompositeActor.java
-rw-rw-r--   1 travis travis  1793 Jan 18 03:25 JavaCompiledCompositeTest2_CompiledCompositeActor$_JavaCompiledCompositeTest2_CompiledCompositeActor.class
-rw-rw-r--   1 travis travis  1625 Jan 18 03:25 JavaCompiledCompositeTest2_CompiledCompositeActor.mk
-rw-rw-r--   1 travis travis  4505 Jan 18 03:25 JavaCompiledCompositeTest3_CompiledCompositeActor.class
-rw-rw-r--   1 travis travis 13080 Jan 18 03:25 JavaCompiledCompositeTest3_CompiledCompositeActor.java
-rw-rw-r--   1 travis travis  1378 Jan 18 03:25 JavaCompiledCompositeTest3_CompiledCompositeActor$_JavaCompiledCompositeTest3_CompiledCompositeActor.class
-rw-rw-r--   1 travis travis  1625 Jan 18 03:25 JavaCompiledCompositeTest3_CompiledCompositeActor.mk
-rw-rw-r--   1 travis travis  3953 Jan 18 03:25 JavaCompiledCompositeTest4_CompiledCompositeActor.class
-rw-rw-r--   1 travis travis  9687 Jan 18 03:25 JavaCompiledCompositeTest4_CompiledCompositeActor.java
-rw-rw-r--   1 travis travis   857 Jan 18 03:25 JavaCompiledCompositeTest4_CompiledCompositeActor$_JavaCompiledCompositeTest4_CompiledCompositeActor.class
-rw-rw-r--   1 travis travis  1625 Jan 18 03:25 JavaCompiledCompositeTest4_CompiledCompositeActor.mk
drwxrwxr-x   3 travis travis 12288 Jan 18 03:21 LookupTable
drwxrwxr-x   3 travis travis 20480 Jan 18 03:21 MaxIndex
-rw-rw-r--   1 travis travis  3693 Jan 18 03:25 ModularCG_A1_B1.class
-rw-rw-r--   1 travis travis  9730 Jan 18 03:25 ModularCG_A1_B1.java
-rw-rw-r--   1 travis travis   832 Jan 18 03:25 ModularCG_A1_B1.mk
-rw-rw-r--   1 travis travis  1318 Jan 18 03:25 ModularCG_A1_B1_profile.class
-rw-rw-r--   1 travis travis  1262 Jan 18 03:25 ModularCG_A1_B1_profile.java
-rw-rw-r--   1 travis travis  3693 Jan 18 03:25 ModularCG_A1_B2.class
-rw-rw-r--   1 travis travis  9730 Jan 18 03:25 ModularCG_A1_B2.java
-rw-rw-r--   1 travis travis   832 Jan 18 03:25 ModularCG_A1_B2.mk
-rw-rw-r--   1 travis travis  1318 Jan 18 03:25 ModularCG_A1_B2_profile.class
-rw-rw-r--   1 travis travis  1262 Jan 18 03:25 ModularCG_A1_B2_profile.java
-rw-rw-r--   1 travis travis  4799 Jan 18 03:25 ModularCG_A1.class
-rw-rw-r--   1 travis travis 14742 Jan 18 03:25 ModularCG_A1.java
-rw-rw-r--   1 travis travis   808 Jan 18 03:25 ModularCG_A1.mk
-rw-rw-r--   1 travis travis  1433 Jan 18 03:25 ModularCG_A1_profile.class
-rw-rw-r--   1 travis travis  1704 Jan 18 03:25 ModularCG_A1_profile.java
-rw-rw-r--   1 travis travis  3827 Jan 18 03:25 ModularCG_A2_B1.class
-rw-rw-r--   1 travis travis 10667 Jan 18 03:25 ModularCG_A2_B1.java
-rw-rw-r--   1 travis travis   832 Jan 18 03:25 ModularCG_A2_B1.mk
-rw-rw-r--   1 travis travis  1381 Jan 18 03:25 ModularCG_A2_B1_profile.class
-rw-rw-r--   1 travis travis  1446 Jan 18 03:25 ModularCG_A2_B1_profile.java
-rw-rw-r--   1 travis travis  3693 Jan 18 03:25 ModularCG_A2_B2.class
-rw-rw-r--   1 travis travis  9730 Jan 18 03:25 ModularCG_A2_B2.java
-rw-rw-r--   1 travis travis   832 Jan 18 03:25 ModularCG_A2_B2.mk
-rw-rw-r--   1 travis travis  1318 Jan 18 03:25 ModularCG_A2_B2_profile.class
-rw-rw-r--   1 travis travis  1262 Jan 18 03:25 ModularCG_A2_B2_profile.java
-rw-rw-r--   1 travis travis  4870 Jan 18 03:25 ModularCG_A2.class
-rw-rw-r--   1 travis travis 15129 Jan 18 03:25 ModularCG_A2.java
-rw-rw-r--   1 travis travis   808 Jan 18 03:25 ModularCG_A2.mk
-rw-rw-r--   1 travis travis  1433 Jan 18 03:25 ModularCG_A2_profile.class
-rw-rw-r--   1 travis travis  1704 Jan 18 03:25 ModularCG_A2_profile.java
-rw-rw-r--   1 travis travis  3473 Jan 18 03:25 ModularCGPubSub_A1_A2.class
-rw-rw-r--   1 travis travis  9076 Jan 18 03:25 ModularCGPubSub_A1_A2.java
-rw-rw-r--   1 travis travis   880 Jan 18 03:25 ModularCGPubSub_A1_A2.mk
-rw-rw-r--   1 travis travis  1300 Jan 18 03:25 ModularCGPubSub_A1_A2_profile.class
-rw-rw-r--   1 travis travis  1222 Jan 18 03:25 ModularCGPubSub_A1_A2_profile.java
-rw-rw-r--   1 travis travis  3790 Jan 18 03:25 ModularCGPubSub_A1.class
-rw-rw-r--   1 travis travis  9836 Jan 18 03:25 ModularCGPubSub_A1.java
-rw-rw-r--   1 travis travis   856 Jan 18 03:25 ModularCGPubSub_A1.mk
-rw-rw-r--   1 travis travis  1346 Jan 18 03:25 ModularCGPubSub_A1_profile.class
-rw-rw-r--   1 travis travis  1388 Jan 18 03:25 ModularCGPubSub_A1_profile.java
-rw-rw-r--   1 travis travis  3988 Jan 18 03:25 ModularCodeGen2_ModularCodeGenTypedCompositeActor.class
-rw-rw-r--   1 travis travis 11690 Jan 18 03:25 ModularCodeGen2_ModularCodeGenTypedCompositeActor.java
-rw-rw-r--   1 travis travis  1104 Jan 18 03:25 ModularCodeGen2_ModularCodeGenTypedCompositeActor.mk
-rw-rw-r--   1 travis travis  4272 Jan 18 03:25 ModularCodeGen2_ModularCodeGenTypedCompositeActor_ModularCodeGenTypedCompositeActor.class
-rw-rw-r--   1 travis travis 11790 Jan 18 03:25 ModularCodeGen2_ModularCodeGenTypedCompositeActor_ModularCodeGenTypedCompositeActor.java
-rw-rw-r--   1 travis travis  1376 Jan 18 03:25 ModularCodeGen2_ModularCodeGenTypedCompositeActor_ModularCodeGenTypedCompositeActor.mk
-rw-rw-r--   1 travis travis  1421 Jan 18 03:25 ModularCodeGen2_ModularCodeGenTypedCompositeActor_ModularCodeGenTypedCompositeActor_profile.class
-rw-rw-r--   1 travis travis  1294 Jan 18 03:25 ModularCodeGen2_ModularCodeGenTypedCompositeActor_ModularCodeGenTypedCompositeActor_profile.java
-rw-rw-r--   1 travis travis   820 Jan 18 03:25 ModularCodeGen2_ModularCodeGenTypedCompositeActor_profile.class
-rw-rw-r--   1 travis travis   693 Jan 18 03:25 ModularCodeGen2_ModularCodeGenTypedCompositeActor_profile.java
-rw-rw-r--   1 travis travis  3741 Jan 18 03:25 ModularCodeGen3_A1_B1.class
-rw-rw-r--   1 travis travis  9958 Jan 18 03:25 ModularCodeGen3_A1_B1.java
-rw-rw-r--   1 travis travis   880 Jan 18 03:25 ModularCodeGen3_A1_B1.mk
-rw-rw-r--   1 travis travis  1330 Jan 18 03:25 ModularCodeGen3_A1_B1_profile.class
-rw-rw-r--   1 travis travis  1274 Jan 18 03:25 ModularCodeGen3_A1_B1_profile.java
-rw-rw-r--   1 travis travis  3741 Jan 18 03:25 ModularCodeGen3_A1_B2.class
-rw-rw-r--   1 travis travis  9958 Jan 18 03:25 ModularCodeGen3_A1_B2.java
-rw-rw-r--   1 travis travis   880 Jan 18 03:25 ModularCodeGen3_A1_B2.mk
-rw-rw-r--   1 travis travis  1330 Jan 18 03:25 ModularCodeGen3_A1_B2_profile.class
-rw-rw-r--   1 travis travis  1274 Jan 18 03:25 ModularCodeGen3_A1_B2_profile.java
-rw-rw-r--   1 travis travis  4961 Jan 18 03:26 ModularCodeGen3_A1.class
-rw-rw-r--   1 travis travis 15564 Jan 18 03:26 ModularCodeGen3_A1.java
-rw-rw-r--   1 travis travis   856 Jan 18 03:26 ModularCodeGen3_A1.mk
-rw-rw-r--   1 travis travis  1445 Jan 18 03:26 ModularCodeGen3_A1_profile.class
-rw-rw-r--   1 travis travis  1716 Jan 18 03:25 ModularCodeGen3_A1_profile.java
-rw-rw-r--   1 travis travis  1458 Jan 18 03:26 ModularCodeGen3_A2_B1_profile.java
-rw-rw-r--   1 travis travis  3954 Jan 18 03:25 ModularCodeGen_ModularCodeGenTypedCompositeActor.class
-rw-rw-r--   1 travis travis 10970 Jan 18 03:25 ModularCodeGen_ModularCodeGenTypedCompositeActor.java
-rw-rw-r--   1 travis travis  1096 Jan 18 03:25 ModularCodeGen_ModularCodeGenTypedCompositeActor.mk
-rw-rw-r--   1 travis travis  1384 Jan 18 03:25 ModularCodeGen_ModularCodeGenTypedCompositeActor_profile.class
-rw-rw-r--   1 travis travis  1328 Jan 18 03:25 ModularCodeGen_ModularCodeGenTypedCompositeActor_profile.java
-rw-rw-r--   1 travis travis  3492 Jan 18 03:25 ModularCodeGenTest_A1_A2.class
-rw-rw-r--   1 travis travis   904 Jan 18 03:25 ModularCodeGenTest_A1_A2.mk
-rw-rw-r--   1 travis travis  1306 Jan 18 03:25 ModularCodeGenTest_A1_A2_profile.class
-rw-rw-r--   1 travis travis  9968 Jan 18 03:25 ModularCodeGenTest_A1.java
-rw-rw-r--   1 travis travis   880 Jan 18 03:25 ModularCodeGenTest_A1.mk
drwxrwxr-x   3 travis travis 36864 Jan 18 03:25 modulation2
drwxrwxr-x   3 travis travis 20480 Jan 18 03:21 Multiplexor
drwxrwxr-x 249 travis travis 12288 Jan 18 03:25 node_modules
drwxrwxr-x   3 travis travis 20480 Jan 18 03:22 PhaseUnwrap
-rw-rw-r--   1 travis travis   520 Jan 18 03:25 Repeat$_fireFunction_Repeat_Repeat$__f_sL_0.class
-rw-rw-r--   1 travis travis   522 Jan 18 03:25 Repeat$_fireFunction_Repeat_Repeat$__f_sL_10.class
-rw-rw-r--   1 travis travis   666 Jan 18 03:25 Repeat$_fireFunction_Repeat_Repeat$__f_sL_11.class
-rw-rw-r--   1 travis travis   522 Jan 18 03:25 Repeat$_fireFunction_Repeat_Repeat$__f_sL_13.class
-rw-rw-r--   1 travis travis   665 Jan 18 03:25 Repeat$_fireFunction_Repeat_Repeat$__f_sL_1.class
-rw-rw-r--   1 travis travis   520 Jan 18 03:25 Repeat$_fireFunction_Repeat_Repeat$__f_sL_2.class
-rw-rw-r--   1 travis travis   520 Jan 18 03:25 Repeat$_fireFunction_Repeat_Repeat$__f_sL_3.class
-rw-rw-r--   1 travis travis   520 Jan 18 03:25 Repeat$_fireFunction_Repeat_Repeat$__f_sL_5.class
-rw-rw-r--   1 travis travis   671 Jan 18 03:25 Repeat$_fireFunction_Repeat_Repeat$__f_sL_7.class
-rw-rw-r--   1 travis travis   520 Jan 18 03:25 Repeat$_fireFunction_Repeat_Repeat$__f_sL_9.class
-rw-rw-r--   1 travis travis   813 Jan 18 03:25 Repeat$_initialize_Repeat.class
-rw-rw-r--   1 travis travis   475 Jan 18 03:25 Repeat$_initialize_Repeat$__i_sL_0.class
-rw-rw-r--   1 travis travis   519 Jan 18 03:25 Repeat$_initialize_Repeat$__i_sL_3.class
-rw-rw-r--   1 travis travis 39778 Jan 18 03:25 Repeat.java
-rw-rw-r--   1 travis travis  1281 Jan 18 03:25 Repeat.mk
-rw-rw-r--   1 travis travis   520 Jan 18 03:25 Repeat$_preinitializeMethod_Repeat$__p_sL_0.class
-rw-rw-r--   1 travis travis   520 Jan 18 03:25 Repeat$_preinitializeMethod_Repeat$__p_sL_1.class
-rw-rw-r--   1 travis travis  1083 Jan 18 03:25 Repeat$_Repeat$_fireFunction_Repeat_AddSubtract_Repeat.class
-rw-rw-r--   1 travis travis   791 Jan 18 03:25 Repeat$_Repeat$_fireFunction_Repeat_AddSubtract_Repeat$__f_sL_0.class
-rw-rw-r--   1 travis travis   909 Jan 18 03:25 Repeat$_Repeat$_fireFunction_Repeat_AddSubtract_Repeat$__f_sL_1.class
-rw-rw-r--   1 travis travis   915 Jan 18 03:25 Repeat$_Repeat$_fireFunction_Repeat_AddSubtract_Repeat$__f_sL_2.class
-rw-rw-r--   1 travis travis   838 Jan 18 03:25 Repeat$_Repeat$_fireFunction_Repeat_Ramp2_Repeat$__f_sL_1.class
-rw-rw-r--   1 travis travis  1785 Jan 18 03:25 Repeat$_Repeat$_fireFunction_Repeat_Test_Repeat$__f_sL_2.class
-rw-rw-r--   1 travis travis   685 Jan 18 03:25 Repeat$_Repeat_SDF_Director_run_Repeat$__R_sL_0.class
-rw-rw-r--   1 travis travis   540 Jan 18 03:25 Repeat$_Repeat_SDF_Director_run_Repeat$__R_sL_1.class
-rw-rw-r--   1 travis travis   540 Jan 18 03:25 Repeat$_Repeat_SDF_Director_run_Repeat$__R_sL_2.class
-rw-rw-r--   1 travis travis   540 Jan 18 03:25 Repeat$_Repeat_SDF_Director_run_Repeat$__R_sL_4.class
-rw-rw-r--   1 travis travis   540 Jan 18 03:25 Repeat$_Repeat_SDF_Director_run_Repeat$__R_sL_5.class
-rw-rw-r--   1 travis travis   691 Jan 18 03:25 Repeat$_Repeat_SDF_Director_run_Repeat$__R_sL_6.class
-rw-rw-r--   1 travis travis   540 Jan 18 03:25 Repeat$_Repeat_SDF_Director_run_Repeat$__R_sL_7.class
-rw-rw-r--   1 travis travis   863 Jan 18 03:25 Repeat$_varinit_Repeat.class
-rw-rw-r--   1 travis travis   530 Jan 18 03:25 Repeat$_varinit_Repeat$__v_sL_1.class
-rw-rw-r--   1 travis travis   531 Jan 18 03:25 Repeat$_varinit_Repeat$__v_sL_2.class
-rw-rw-r--   1 travis travis   905 Jan 18 03:25 Repeat$_varinit_Repeat$__v_sL_4.class
-rw-rw-r--   1 travis travis   635 Jan 18 03:25 Repeat$_wrapup_Repeat.class
-rw-rw-r--   1 travis travis   965 Jan 18 03:25 Repeat$_wrapup_Repeat$__w_sL_1.class
-rw-rw-r--   1 travis travis   289 Jan 18 03:19 result.csv
drwxrwxr-x   3 travis travis 12288 Jan 18 03:23 Scrambler1
drwxrwxr-x   3 travis travis 20480 Jan 18 03:22 Sinewave2
drwxrwxr-x   3 travis travis 69632 Jan 18 03:23 StringCompare
drwxrwxr-x   3 travis travis 32768 Jan 18 03:23 StringFunction
drwxrwxr-x   3 travis travis 12288 Jan 18 03:23 StringLength
drwxrwxr-x   3 travis travis 57344 Jan 18 03:24 StringSimpleReplace
drwxrwxr-x   3 travis travis 12288 Jan 18 03:24 time2
drwxrwxr-x   3 travis travis 12288 Jan 18 03:25 time5
-rw-rw-r--   1 travis travis   432 Jan 18 03:26 Token.class
-rw-rw-r--   1 travis travis   251 Jan 18 03:26 Token.java
-rw-rw-r--   1 travis travis     0 Jan 18 03:25 top.
-rw-rw-r--   1 travis travis 20502 Jan 18 03:19 top.c
-rw-rw-r--   1 travis travis  3567 Jan 18 03:25 top.class
-rw-rw-r--   1 travis travis   169 Jan 18 03:19 top.html
-rw-rw-r--   1 travis travis  7552 Jan 18 03:25 top.java
-rw-rw-r--   1 travis travis 38888 Jan 18 03:19 top.o
drwxrwxr-x   3 travis travis 57344 Jan 18 03:22 UnaryMathFunction
warning: Supported source version 'RELEASE_6' from annotation processor 'org.netbeans.modules.openide.util.NbBundleProcessor' less than -source '1.8'
warning: Supported source version 'RELEASE_6' from annotation processor 'org.netbeans.modules.openide.util.URLStreamHandlerRegistrationProcessor' less than -source '1.8'
warning: Supported source version 'RELEASE_6' from annotation processor 'org.netbeans.modules.openide.util.ServiceProviderProcessor' less than -source '1.8'
3 warnings
All Done
Writing ModularCodeGen3_A2_B1.java in file:/home/travis/cg/ (10955 characters)
Reading "ptolemy/cg/kernel/generic/program/procedural/java/modular/makefile.in",
    writing "/home/travis/cg/ModularCodeGen3_A2_B1.mk"
Using ptolemy/cg/kernel/generic/program/procedural/java/modular/makefile.in
In "/home/travis/cg", about to execute:
    make -f ModularCodeGen3_A2_B1.mk
javac -classpath ".:.."    ModularCodeGen3_A2_B1.java
All Done
In "/home/travis/cg", about to execute:
    pwd
/home/travis/cg
In "/home/travis/cg", about to execute:
    ls -l
total 1468
drwxrwxr-x   3 travis travis 12288 Jan 18 03:20 AbsoluteValue
drwxrwxr-x   3 travis travis 16384 Jan 18 03:20 Case1
drwxrwxr-x   3 travis travis 32768 Jan 18 03:20 Case2
-rw-rw-r--   1 travis travis  4895 Jan 18 03:25 CompiledCompositeActor_CompiledCompositeActor.class
-rw-rw-r--   1 travis travis  1592 Jan 18 03:25 CompiledCompositeActor_CompiledCompositeActor$_CompiledCompositeActor_CompiledCompositeActor.class
-rw-rw-r--   1 travis travis 13466 Jan 18 03:25 CompiledCompositeActor_CompiledCompositeActor.java
-rw-rw-r--   1 travis travis  1593 Jan 18 03:25 CompiledCompositeActor_CompiledCompositeActor.mk
drwxrwxr-x   3 travis travis 24576 Jan 18 03:23 DeScrambler
drwxrwxr-x   3 travis travis 16384 Jan 18 03:24 DotProduct
drwxrwxr-x   3 travis travis 12288 Jan 18 03:21 FileWriter1
drwxrwxr-x   3 travis travis 20480 Jan 18 03:20 FixToDoubleAndBack
drwxrwxr-x   3 travis travis 16384 Jan 18 03:21 Gaussian1
drwxrwxr-x   3 travis travis 20480 Jan 18 03:21 Gaussian2
-rw-rw-r--   1 travis travis  4457 Jan 18 03:25 JavaCompiledCompositeTest1_CompiledCompositeActor.class
-rw-rw-r--   1 travis travis 11637 Jan 18 03:25 JavaCompiledCompositeTest1_CompiledCompositeActor.java
-rw-rw-r--   1 travis travis  1198 Jan 18 03:25 JavaCompiledCompositeTest1_CompiledCompositeActor$_JavaCompiledCompositeTest1_CompiledCompositeActor.class
-rw-rw-r--   1 travis travis  1625 Jan 18 03:25 JavaCompiledCompositeTest1_CompiledCompositeActor.mk
-rw-rw-r--   1 travis travis  4888 Jan 18 03:25 JavaCompiledCompositeTest2_CompiledCompositeActor.class
-rw-rw-r--   1 travis travis 14919 Jan 18 03:25 JavaCompiledCompositeTest2_CompiledCompositeActor.java
-rw-rw-r--   1 travis travis  1793 Jan 18 03:25 JavaCompiledCompositeTest2_CompiledCompositeActor$_JavaCompiledCompositeTest2_CompiledCompositeActor.class
-rw-rw-r--   1 travis travis  1625 Jan 18 03:25 JavaCompiledCompositeTest2_CompiledCompositeActor.mk
-rw-rw-r--   1 travis travis  4505 Jan 18 03:25 JavaCompiledCompositeTest3_CompiledCompositeActor.class
-rw-rw-r--   1 travis travis 13080 Jan 18 03:25 JavaCompiledCompositeTest3_CompiledCompositeActor.java
-rw-rw-r--   1 travis travis  1378 Jan 18 03:25 JavaCompiledCompositeTest3_CompiledCompositeActor$_JavaCompiledCompositeTest3_CompiledCompositeActor.class
-rw-rw-r--   1 travis travis  1625 Jan 18 03:25 JavaCompiledCompositeTest3_CompiledCompositeActor.mk
-rw-rw-r--   1 travis travis  3953 Jan 18 03:25 JavaCompiledCompositeTest4_CompiledCompositeActor.class
-rw-rw-r--   1 travis travis  9687 Jan 18 03:25 JavaCompiledCompositeTest4_CompiledCompositeActor.java
-rw-rw-r--   1 travis travis   857 Jan 18 03:25 JavaCompiledCompositeTest4_CompiledCompositeActor$_JavaCompiledCompositeTest4_CompiledCompositeActor.class
-rw-rw-r--   1 travis travis  1625 Jan 18 03:25 JavaCompiledCompositeTest4_CompiledCompositeActor.mk
drwxrwxr-x   3 travis travis 12288 Jan 18 03:21 LookupTable
drwxrwxr-x   3 travis travis 20480 Jan 18 03:21 MaxIndex
-rw-rw-r--   1 travis travis  3693 Jan 18 03:25 ModularCG_A1_B1.class
-rw-rw-r--   1 travis travis  9730 Jan 18 03:25 ModularCG_A1_B1.java
-rw-rw-r--   1 travis travis   832 Jan 18 03:25 ModularCG_A1_B1.mk
-rw-rw-r--   1 travis travis  1318 Jan 18 03:25 ModularCG_A1_B1_profile.class
-rw-rw-r--   1 travis travis  1262 Jan 18 03:25 ModularCG_A1_B1_profile.java
-rw-rw-r--   1 travis travis  3693 Jan 18 03:25 ModularCG_A1_B2.class
-rw-rw-r--   1 travis travis  9730 Jan 18 03:25 ModularCG_A1_B2.java
-rw-rw-r--   1 travis travis   832 Jan 18 03:25 ModularCG_A1_B2.mk
-rw-rw-r--   1 travis travis  1318 Jan 18 03:25 ModularCG_A1_B2_profile.class
-rw-rw-r--   1 travis travis  1262 Jan 18 03:25 ModularCG_A1_B2_profile.java
-rw-rw-r--   1 travis travis  4799 Jan 18 03:25 ModularCG_A1.class
-rw-rw-r--   1 travis travis 14742 Jan 18 03:25 ModularCG_A1.java
-rw-rw-r--   1 travis travis   808 Jan 18 03:25 ModularCG_A1.mk
-rw-rw-r--   1 travis travis  1433 Jan 18 03:25 ModularCG_A1_profile.class
-rw-rw-r--   1 travis travis  1704 Jan 18 03:25 ModularCG_A1_profile.java
-rw-rw-r--   1 travis travis  3827 Jan 18 03:25 ModularCG_A2_B1.class
-rw-rw-r--   1 travis travis 10667 Jan 18 03:25 ModularCG_A2_B1.java
-rw-rw-r--   1 travis travis   832 Jan 18 03:25 ModularCG_A2_B1.mk
-rw-rw-r--   1 travis travis  1381 Jan 18 03:25 ModularCG_A2_B1_profile.class
-rw-rw-r--   1 travis travis  1446 Jan 18 03:25 ModularCG_A2_B1_profile.java
-rw-rw-r--   1 travis travis  3693 Jan 18 03:25 ModularCG_A2_B2.class
-rw-rw-r--   1 travis travis  9730 Jan 18 03:25 ModularCG_A2_B2.java
-rw-rw-r--   1 travis travis   832 Jan 18 03:25 ModularCG_A2_B2.mk
-rw-rw-r--   1 travis travis  1318 Jan 18 03:25 ModularCG_A2_B2_profile.class
-rw-rw-r--   1 travis travis  1262 Jan 18 03:25 ModularCG_A2_B2_profile.java
-rw-rw-r--   1 travis travis  4870 Jan 18 03:25 ModularCG_A2.class
-rw-rw-r--   1 travis travis 15129 Jan 18 03:25 ModularCG_A2.java
-rw-rw-r--   1 travis travis   808 Jan 18 03:25 ModularCG_A2.mk
-rw-rw-r--   1 travis travis  1433 Jan 18 03:25 ModularCG_A2_profile.class
-rw-rw-r--   1 travis travis  1704 Jan 18 03:25 ModularCG_A2_profile.java
-rw-rw-r--   1 travis travis  3473 Jan 18 03:25 ModularCGPubSub_A1_A2.class
-rw-rw-r--   1 travis travis  9076 Jan 18 03:25 ModularCGPubSub_A1_A2.java
-rw-rw-r--   1 travis travis   880 Jan 18 03:25 ModularCGPubSub_A1_A2.mk
-rw-rw-r--   1 travis travis  1300 Jan 18 03:25 ModularCGPubSub_A1_A2_profile.class
-rw-rw-r--   1 travis travis  1222 Jan 18 03:25 ModularCGPubSub_A1_A2_profile.java
-rw-rw-r--   1 travis travis  3790 Jan 18 03:25 ModularCGPubSub_A1.class
-rw-rw-r--   1 travis travis  9836 Jan 18 03:25 ModularCGPubSub_A1.java
-rw-rw-r--   1 travis travis   856 Jan 18 03:25 ModularCGPubSub_A1.mk
-rw-rw-r--   1 travis travis  1346 Jan 18 03:25 ModularCGPubSub_A1_profile.class
-rw-rw-r--   1 travis travis  1388 Jan 18 03:25 ModularCGPubSub_A1_profile.java
-rw-rw-r--   1 travis travis  3988 Jan 18 03:25 ModularCodeGen2_ModularCodeGenTypedCompositeActor.class
-rw-rw-r--   1 travis travis 11690 Jan 18 03:25 ModularCodeGen2_ModularCodeGenTypedCompositeActor.java
-rw-rw-r--   1 travis travis  1104 Jan 18 03:25 ModularCodeGen2_ModularCodeGenTypedCompositeActor.mk
-rw-rw-r--   1 travis travis  4272 Jan 18 03:25 ModularCodeGen2_ModularCodeGenTypedCompositeActor_ModularCodeGenTypedCompositeActor.class
-rw-rw-r--   1 travis travis 11790 Jan 18 03:25 ModularCodeGen2_ModularCodeGenTypedCompositeActor_ModularCodeGenTypedCompositeActor.java
-rw-rw-r--   1 travis travis  1376 Jan 18 03:25 ModularCodeGen2_ModularCodeGenTypedCompositeActor_ModularCodeGenTypedCompositeActor.mk
-rw-rw-r--   1 travis travis  1421 Jan 18 03:25 ModularCodeGen2_ModularCodeGenTypedCompositeActor_ModularCodeGenTypedCompositeActor_profile.class
-rw-rw-r--   1 travis travis  1294 Jan 18 03:25 ModularCodeGen2_ModularCodeGenTypedCompositeActor_ModularCodeGenTypedCompositeActor_profile.java
-rw-rw-r--   1 travis travis   820 Jan 18 03:25 ModularCodeGen2_ModularCodeGenTypedCompositeActor_profile.class
-rw-rw-r--   1 travis travis   693 Jan 18 03:25 ModularCodeGen2_ModularCodeGenTypedCompositeActor_profile.java
-rw-rw-r--   1 travis travis  3741 Jan 18 03:25 ModularCodeGen3_A1_B1.class
-rw-rw-r--   1 travis travis  9958 Jan 18 03:25 ModularCodeGen3_A1_B1.java
-rw-rw-r--   1 travis travis   880 Jan 18 03:25 ModularCodeGen3_A1_B1.mk
-rw-rw-r--   1 travis travis  1330 Jan 18 03:25 ModularCodeGen3_A1_B1_profile.class
-rw-rw-r--   1 travis travis  1274 Jan 18 03:25 ModularCodeGen3_A1_B1_profile.java
-rw-rw-r--   1 travis travis  3741 Jan 18 03:25 ModularCodeGen3_A1_B2.class
-rw-rw-r--   1 travis travis  9958 Jan 18 03:25 ModularCodeGen3_A1_B2.java
-rw-rw-r--   1 travis travis   880 Jan 18 03:25 ModularCodeGen3_A1_B2.mk
-rw-rw-r--   1 travis travis  1330 Jan 18 03:25 ModularCodeGen3_A1_B2_profile.class
-rw-rw-r--   1 travis travis  1274 Jan 18 03:25 ModularCodeGen3_A1_B2_profile.java
-rw-rw-r--   1 travis travis  4961 Jan 18 03:26 ModularCodeGen3_A1.class
-rw-rw-r--   1 travis travis 15564 Jan 18 03:26 ModularCodeGen3_A1.java
-rw-rw-r--   1 travis travis   856 Jan 18 03:26 ModularCodeGen3_A1.mk
-rw-rw-r--   1 travis travis  1445 Jan 18 03:26 ModularCodeGen3_A1_profile.class
-rw-rw-r--   1 travis travis  1716 Jan 18 03:25 ModularCodeGen3_A1_profile.java
-rw-rw-r--   1 travis travis  3887 Jan 18 03:26 ModularCodeGen3_A2_B1.class
-rw-rw-r--   1 travis travis 10955 Jan 18 03:26 ModularCodeGen3_A2_B1.java
-rw-rw-r--   1 travis travis   880 Jan 18 03:26 ModularCodeGen3_A2_B1.mk
-rw-rw-r--   1 travis travis  1393 Jan 18 03:26 ModularCodeGen3_A2_B1_profile.class
-rw-rw-r--   1 travis travis  1458 Jan 18 03:26 ModularCodeGen3_A2_B1_profile.java
-rw-rw-r--   1 travis travis  1274 Jan 18 03:26 ModularCodeGen3_A2_B2_profile.java
-rw-rw-r--   1 travis travis  3954 Jan 18 03:25 ModularCodeGen_ModularCodeGenTypedCompositeActor.class
-rw-rw-r--   1 travis travis 10970 Jan 18 03:25 ModularCodeGen_ModularCodeGenTypedCompositeActor.java
-rw-rw-r--   1 travis travis  1096 Jan 18 03:25 ModularCodeGen_ModularCodeGenTypedCompositeActor.mk
-rw-rw-r--   1 travis travis  1384 Jan 18 03:25 ModularCodeGen_ModularCodeGenTypedCompositeActor_profile.class
-rw-rw-r--   1 travis travis  1328 Jan 18 03:25 ModularCodeGen_ModularCodeGenTypedCompositeActor_profile.java
-rw-rw-r--   1 travis travis  3492 Jan 18 03:25 ModularCodeGenTest_A1_A2.class
-rw-rw-r--   1 travis travis   904 Jan 18 03:25 ModularCodeGenTest_A1_A2.mk
-rw-rw-r--   1 travis travis  1306 Jan 18 03:25 ModularCodeGenTest_A1_A2_profile.class
-rw-rw-r--   1 travis travis  9968 Jan 18 03:25 ModularCodeGenTest_A1.java
-rw-rw-r--   1 travis travis   880 Jan 18 03:25 ModularCodeGenTest_A1.mk
drwxrwxr-x   3 travis travis 36864 Jan 18 03:25 modulation2
drwxrwxr-x   3 travis travis 20480 Jan 18 03:21 Multiplexor
drwxrwxr-x 249 travis travis 12288 Jan 18 03:25 node_modules
drwxrwxr-x   3 travis travis 20480 Jan 18 03:22 PhaseUnwrap
-rw-rw-r--   1 travis travis   520 Jan 18 03:25 Repeat$_fireFunction_Repeat_Repeat$__f_sL_0.class
-rw-rw-r--   1 travis travis   522 Jan 18 03:25 Repeat$_fireFunction_Repeat_Repeat$__f_sL_10.class
-rw-rw-r--   1 travis travis   666 Jan 18 03:25 Repeat$_fireFunction_Repeat_Repeat$__f_sL_11.class
-rw-rw-r--   1 travis travis   522 Jan 18 03:25 Repeat$_fireFunction_Repeat_Repeat$__f_sL_13.class
-rw-rw-r--   1 travis travis   665 Jan 18 03:25 Repeat$_fireFunction_Repeat_Repeat$__f_sL_1.class
-rw-rw-r--   1 travis travis   520 Jan 18 03:25 Repeat$_fireFunction_Repeat_Repeat$__f_sL_2.class
-rw-rw-r--   1 travis travis   520 Jan 18 03:25 Repeat$_fireFunction_Repeat_Repeat$__f_sL_3.class
-rw-rw-r--   1 travis travis   520 Jan 18 03:25 Repeat$_fireFunction_Repeat_Repeat$__f_sL_5.class
-rw-rw-r--   1 travis travis   671 Jan 18 03:25 Repeat$_fireFunction_Repeat_Repeat$__f_sL_7.class
-rw-rw-r--   1 travis travis   520 Jan 18 03:25 Repeat$_fireFunction_Repeat_Repeat$__f_sL_9.class
-rw-rw-r--   1 travis travis   813 Jan 18 03:25 Repeat$_initialize_Repeat.class
-rw-rw-r--   1 travis travis   475 Jan 18 03:25 Repeat$_initialize_Repeat$__i_sL_0.class
-rw-rw-r--   1 travis travis   519 Jan 18 03:25 Repeat$_initialize_Repeat$__i_sL_3.class
-rw-rw-r--   1 travis travis 39778 Jan 18 03:25 Repeat.java
-rw-rw-r--   1 travis travis  1281 Jan 18 03:25 Repeat.mk
-rw-rw-r--   1 travis travis   520 Jan 18 03:25 Repeat$_preinitializeMethod_Repeat$__p_sL_0.class
-rw-rw-r--   1 travis travis   520 Jan 18 03:25 Repeat$_preinitializeMethod_Repeat$__p_sL_1.class
-rw-rw-r--   1 travis travis  1083 Jan 18 03:25 Repeat$_Repeat$_fireFunction_Repeat_AddSubtract_Repeat.class
-rw-rw-r--   1 travis travis   791 Jan 18 03:25 Repeat$_Repeat$_fireFunction_Repeat_AddSubtract_Repeat$__f_sL_0.class
-rw-rw-r--   1 travis travis   909 Jan 18 03:25 Repeat$_Repeat$_fireFunction_Repeat_AddSubtract_Repeat$__f_sL_1.class
-rw-rw-r--   1 travis travis   915 Jan 18 03:25 Repeat$_Repeat$_fireFunction_Repeat_AddSubtract_Repeat$__f_sL_2.class
-rw-rw-r--   1 travis travis   838 Jan 18 03:25 Repeat$_Repeat$_fireFunction_Repeat_Ramp2_Repeat$__f_sL_1.class
-rw-rw-r--   1 travis travis  1785 Jan 18 03:25 Repeat$_Repeat$_fireFunction_Repeat_Test_Repeat$__f_sL_2.class
-rw-rw-r--   1 travis travis   685 Jan 18 03:25 Repeat$_Repeat_SDF_Director_run_Repeat$__R_sL_0.class
-rw-rw-r--   1 travis travis   540 Jan 18 03:25 Repeat$_Repeat_SDF_Director_run_Repeat$__R_sL_1.class
-rw-rw-r--   1 travis travis   540 Jan 18 03:25 Repeat$_Repeat_SDF_Director_run_Repeat$__R_sL_2.class
-rw-rw-r--   1 travis travis   540 Jan 18 03:25 Repeat$_Repeat_SDF_Director_run_Repeat$__R_sL_4.class
-rw-rw-r--   1 travis travis   540 Jan 18 03:25 Repeat$_Repeat_SDF_Director_run_Repeat$__R_sL_5.class
-rw-rw-r--   1 travis travis   691 Jan 18 03:25 Repeat$_Repeat_SDF_Director_run_Repeat$__R_sL_6.class
-rw-rw-r--   1 travis travis   540 Jan 18 03:25 Repeat$_Repeat_SDF_Director_run_Repeat$__R_sL_7.class
-rw-rw-r--   1 travis travis   863 Jan 18 03:25 Repeat$_varinit_Repeat.class
-rw-rw-r--   1 travis travis   530 Jan 18 03:25 Repeat$_varinit_Repeat$__v_sL_1.class
-rw-rw-r--   1 travis travis   531 Jan 18 03:25 Repeat$_varinit_Repeat$__v_sL_2.class
-rw-rw-r--   1 travis travis   905 Jan 18 03:25 Repeat$_varinit_Repeat$__v_sL_4.class
-rw-rw-r--   1 travis travis   635 Jan 18 03:25 Repeat$_wrapup_Repeat.class
-rw-rw-r--   1 travis travis   965 Jan 18 03:25 Repeat$_wrapup_Repeat$__w_sL_1.class
-rw-rw-r--   1 travis travis   289 Jan 18 03:19 result.csv
drwxrwxr-x   3 travis travis 12288 Jan 18 03:23 Scrambler1
drwxrwxr-x   3 travis travis 20480 Jan 18 03:22 Sinewave2
drwxrwxr-x   3 travis travis 69632 Jan 18 03:23 StringCompare
drwxrwxr-x   3 travis travis 32768 Jan 18 03:23 StringFunction
drwxrwxr-x   3 travis travis 12288 Jan 18 03:23 StringLength
drwxrwxr-x   3 travis travis 57344 Jan 18 03:24 StringSimpleReplace
drwxrwxr-x   3 travis travis 12288 Jan 18 03:24 time2
drwxrwxr-x   3 travis travis 12288 Jan 18 03:25 time5
-rw-rw-r--   1 travis travis   432 Jan 18 03:26 Token.class
-rw-rw-r--   1 travis travis   251 Jan 18 03:26 Token.java
-rw-rw-r--   1 travis travis     0 Jan 18 03:25 top.
-rw-rw-r--   1 travis travis 20502 Jan 18 03:19 top.c
-rw-rw-r--   1 travis travis  3567 Jan 18 03:25 top.class
-rw-rw-r--   1 travis travis   169 Jan 18 03:19 top.html
-rw-rw-r--   1 travis travis  7552 Jan 18 03:25 top.java
-rw-rw-r--   1 travis travis 38888 Jan 18 03:19 top.o
drwxrwxr-x   3 travis travis 57344 Jan 18 03:22 UnaryMathFunction
In "/home/travis/cg", about to execute:
    javac -classpath
.:/home/travis/build/icyphy/ptII:/home/travis/build/icyphy/ptII/lib/bsh-2.0b4.j
ar:/home/travis/build/icyphy/ptII/lib/ptCal.jar:/home/travis/build/icyphy/ptII/
lib/java_cup.jar:/home/travis/build/icyphy/ptII/lib/saxon8.jar:/home/travis/bui
ld/icyphy/ptII/lib/saxon8-dom.jar:/home/travis/build/icyphy/ptII/lib/chic.jar:/
home/travis/build/icyphy/ptII/lib/ptcolt.jar:/usr/lib/jvm/java-8-oracle/lib/too
ls.jar:/usr/lib/eclipse/plugins/org.eclipse.jdt.core_3.8.2.dist.jar:/usr/lib/ec
lipse/plugins/org.eclipse.core.runtime_3.8.0.dist.jar:/usr/lib/eclipse/plugins/
org.eclipse.osgi_3.8.1.dist.jar:/usr/lib/eclipse/plugins/org.eclipse.core.resou
rces_3.8.1.dist.jar:/usr/lib/eclipse/plugins/org.eclipse.equinox.common_3.6.100
.dist.jar:/usr/lib/eclipse/plugins/org.eclipse.core.jobs_3.5.200.dist.jar:/usr/
lib/eclipse/plugins/org.eclipse.core.contenttype_3.4.200.dist.jar:/usr/lib/ecli
pse/plugins/org.eclipse.equinox.preferences_3.5.0.dist.jar:/usr/lib/eclipse/plu
gins/org.eclipse.text_3.5.200.dist.jar:/usr/lib/eclipse/plugins/org.eclipse.ui.
workbench_3.8.1.dist.jar:/usr/lib/eclipse/plugins/org.eclipse.jface_3.8.0.dist.
jar:/usr/lib/eclipse/plugins/org.eclipse.swt_3.8.2.jar:/usr/lib/eclipse/plugins
/org.eclipse.jface.text_3.8.1.dist.jar:/usr/lib/eclipse/plugins/org.eclipse.ui.
workbench.texteditor_3.8.0.dist.jar:/usr/lib/eclipse/plugins/org.eclipse.ui.edi
tors_3.8.0.dist.jar:/usr/lib/eclipse/plugins/org.eclipse.core.commands_3.6.1.di
st.jar:/usr/lib/eclipse/plugins/org.eclipse.equinox.registry_3.5.200.dist.jar:/
usr/lib/eclipse/plugins/org.eclipse.ui.console_3.5.100.dist.jar:/usr/lib/eclips
e/plugins/org.eclipse.ui.forms_3.5.200.dist.jar:/usr/lib/eclipse/plugins/org.ec
lipse.ui.ide_3.8.1.dist.jar:/home/travis/build/icyphy/ptII/vendors/oracle/dbxml
.jar:/home/travis/build/icyphy/ptII/vendors/oracle/db.jar:/home/travis/build/ic
yphy/ptII/vendors/misc/itext/iText.jar:/home/travis/build/icyphy/ptII/lib/g4ltl
.jar:/home/travis/build/icyphy/ptII/lib/StructuralCoder.jar:/home/travis/build/
icyphy/ptII/lib/org-openide-util.jar:/home/travis/build/icyphy/ptII/lib/org-ope
nide-util-lookup.jar:/home/travis/build/icyphy/ptII/lib/org-netbeans-api-visual
.jar:/home/travis/build/icyphy/ptII/vendors/jai-1_1_2_01/lib/jai_core.jar:/home
/travis/build/icyphy/ptII/vendors/jai-1_1_2_01/lib/jai_codec.jar:/home/travis/b
uild/icyphy/ptII/lib/jcerti.jar:/home/travis/build/icyphy/ptII/lib/smack.jar:/h
ome/travis/build/icyphy/ptII/lib/smackx.jar:/home/travis/build/icyphy/ptII/lib/
jetty-all-8.1.5-v20120716.jar:/home/travis/build/icyphy/ptII/lib/javax.servlet-
api-3.0.1.jar:/home/travis/build/icyphy/ptII/lib/javax.mail.jar:/home/travis/bu
ild/icyphy/ptII/vendors/JMF-2.1.1e/lib/jmf.jar:/home/travis/build/icyphy/ptII/l
ib/jna-4.0.0-variadic.jar:/home/travis/build/icyphy/ptII/vendors/misc/joystick/
Joystick.jar:/home/travis/build/icyphy/ptII/lib/ptjacl.jar:/home/travis/build/i
cyphy/ptII/lib/jsoup-1.8.2.jar:/home/travis/build/icyphy/ptII/lib/junit-4.8.2.j
ar:/home/travis/build/icyphy/ptII/lib/JUnitParams-0.4.0.jar:/home/travis/build/
icyphy/ptII/ptolemy/actor/lib/excel/jxl.jar:/home/travis/build/icyphy/ptII/lib/
jython.jar:/home/travis/build/icyphy/ptII/lib/kieler.jar:/home/travis/build/icy
phy/ptII/vendors/opencv/share/OpenCV/java/opencv-341.jar:/home/travis/build/icy
phy/ptII/lib/oscP5.jar:/home/travis/build/icyphy/ptII/lib/nrjavaserial-3.11.0.d
evel.jar:/home/travis/build/icyphy/ptII/vendors/j3d/lib/j3dcore.jar:/home/travi
s/build/icyphy/ptII/vendors/j3d/lib/j3dutils.jar:/home/travis/build/icyphy/ptII
/vendors/j3d/lib/vecmath.jar:/home/travis/build/icyphy/ptII/ptolemy/distributed
/jini/jar/jini-core.jar:/home/travis/build/icyphy/ptII/ptolemy/distributed/jini
/jar/jini-ext.jar:/home/travis/build/icyphy/ptII/ptolemy/distributed/jini/jar/s
un-util.jar:/home/travis/build/icyphy/ptII/lib/protobuf-java-2.4.1.jar:/home/tr
avis/build/icyphy/ptII/lib/org.eclipse.paho.client.mqttv3.jar:/home/travis/buil
d/icyphy/ptII/ptserver/lib/hessian-4.0.7.jar:/home/travis/build/icyphy/ptII/pts
erver/lib/wmqtt.jar:/home/travis/build/icyphy/ptII/lib/mapss.jar:/home/travis/b
uild/icyphy/ptII/ptolemy/actor/ptalon/antlr/antlr.jar:/home/travis/build/icyphy
/ptII/lib/JRI.jar:/home/travis/build/icyphy/ptII/lib/commons-lang-2.6.jar:/home
/travis/build/icyphy/ptII/lib/commons-logging-1.1.1.jar:/home/travis/build/icyp
hy/ptII/lib/sootclasses.jar:/home/travis/build/icyphy/ptII/ptolemy/actor/lib/da
tabase/mysql-connector-java-5.1.6-bin.jar:/home/travis/build/icyphy/ptII/vendor
s/misc/sphinx4/sphinx4-data-5prealpha.jar:/home/travis/build/icyphy/ptII/vendor
s/misc/sphinx4/sphinx4-core-5prealpha.jar:/home/travis/build/icyphy/ptII/lib/PD
FRenderer.jar:/home/travis/build/icyphy/ptII/lib/svgSalamander.jar:/home/travis
/build/icyphy/ptII/lib/rsyntaxtextarea-2.6.0-SNAPSHOT.jar:/home/travis/build/ic
yphy/ptII/lib/hazelcast-3.8.2.jar:/home/travis/build/icyphy/ptII/lib/jackson-an
notations-2.9.0.jar:/home/travis/build/icyphy/ptII/lib/jackson-core-2.9.3.jar:/
home/travis/build/icyphy/ptII/lib/jackson-databind-2.9.3.jar:/home/travis/build
/icyphy/ptII/lib/netty-buffer-4.1.19.Final.jar:/home/travis/build/icyphy/ptII/l
ib/netty-codec-4.1.19.Final.jar:/home/travis/build/icyphy/ptII/lib/netty-codec-
dns-4.1.19.Final.jar:/home/travis/build/icyphy/ptII/lib/netty-codec-http-4.1.19
.Final.jar:/home/travis/build/icyphy/ptII/lib/netty-codec-http2-4.1.19.Final.ja
r:/home/travis/build/icyphy/ptII/lib/netty-common-4.1.19.Final.jar:/home/travis
/build/icyphy/ptII/lib/netty-handler-4.1.19.Final.jar:/home/travis/build/icyphy
/ptII/lib/netty-resolver-4.1.19.Final.jar:/home/travis/build/icyphy/ptII/lib/ne
tty-resolver-dns-4.1.19.Final.jar:/home/travis/build/icyphy/ptII/lib/netty-tran
sport-4.1.19.Final.jar:/home/travis/build/icyphy/ptII/lib/vertx-codegen-3.5.1.j
ar:/home/travis/build/icyphy/ptII/lib/vertx-core-3.5.2-SNAPSHOT.jar:/home/travi
s/build/icyphy/ptII/lib/vertx-hazelcast-3.5.1.jar:/home/travis/build/icyphy/ptI
I/lib/vertx-lang-js-3.5.1.jar:/home/travis/build/icyphy/ptII/lib/vertx-service-
proxy-3.5.1.jar:/home/travis/build/icyphy/ptII/lib/vertx-web-3.5.1.jar:/home/tr
avis/build/icyphy/ptII/lib/slf4j-api-1.7.13.jar:/home/travis/build/icyphy/ptII/
lib/slf4j-simple-1.7.13.jar:/home/travis/build/icyphy/ptII/lib/webcam-capture-0
.3.12.jar:/home/travis/build/icyphy/ptII/lib/bridj-0.7.0.jar:/home/travis/build
/icyphy/ptII/lib/xbjlib-1.1.0.nrjavaserial.jar:/home/travis/build/icyphy/ptII/p
tolemy/moml/test:/home/travis/build/icyphy/ptII/ant/lib/ant-launcher.jar:/home/
travis/build/icyphy/ptII/ant/lib/ant.jar:/home/travis/build/icyphy/ptII/ant/lib
/ant-junit.jar:/home/travis/build/icyphy/ptII/ant/lib/ant-junit4.jar:/home/trav
is/build/icyphy/ptII ModularCodeGen3_A2_B2_profile.java
warning: Supported source version 'RELEASE_6' from annotation processor 'org.netbeans.modules.openide.util.NbBundleProcessor' less than -source '1.8'
warning: Supported source version 'RELEASE_6' from annotation processor 'org.netbeans.modules.openide.util.URLStreamHandlerRegistrationProcessor' less than -source '1.8'
warning: Supported source version 'RELEASE_6' from annotation processor 'org.netbeans.modules.openide.util.ServiceProviderProcessor' less than -source '1.8'
3 warnings
All Done
Writing ModularCodeGen3_A2_B2.java in file:/home/travis/cg/ (9958 characters)
Reading "ptolemy/cg/kernel/generic/program/procedural/java/modular/makefile.in",
    writing "/home/travis/cg/ModularCodeGen3_A2_B2.mk"
Using ptolemy/cg/kernel/generic/program/procedural/java/modular/makefile.in
In "/home/travis/cg", about to execute:
    make -f ModularCodeGen3_A2_B2.mk
javac -classpath ".:.."    ModularCodeGen3_A2_B2.java
All Done
In "/home/travis/cg", about to execute:
    pwd
In "/home/travis/cg", about to execute:
    ls -l
/home/travis/cg
total 1496
drwxrwxr-x   3 travis travis 12288 Jan 18 03:20 AbsoluteValue
drwxrwxr-x   3 travis travis 16384 Jan 18 03:20 Case1
drwxrwxr-x   3 travis travis 32768 Jan 18 03:20 Case2
-rw-rw-r--   1 travis travis  4895 Jan 18 03:25 CompiledCompositeActor_CompiledCompositeActor.class
-rw-rw-r--   1 travis travis  1592 Jan 18 03:25 CompiledCompositeActor_CompiledCompositeActor$_CompiledCompositeActor_CompiledCompositeActor.class
-rw-rw-r--   1 travis travis 13466 Jan 18 03:25 CompiledCompositeActor_CompiledCompositeActor.java
-rw-rw-r--   1 travis travis  1593 Jan 18 03:25 CompiledCompositeActor_CompiledCompositeActor.mk
drwxrwxr-x   3 travis travis 24576 Jan 18 03:23 DeScrambler
drwxrwxr-x   3 travis travis 16384 Jan 18 03:24 DotProduct
drwxrwxr-x   3 travis travis 12288 Jan 18 03:21 FileWriter1
drwxrwxr-x   3 travis travis 20480 Jan 18 03:20 FixToDoubleAndBack
drwxrwxr-x   3 travis travis 16384 Jan 18 03:21 Gaussian1
drwxrwxr-x   3 travis travis 20480 Jan 18 03:21 Gaussian2
-rw-rw-r--   1 travis travis  4457 Jan 18 03:25 JavaCompiledCompositeTest1_CompiledCompositeActor.class
-rw-rw-r--   1 travis travis 11637 Jan 18 03:25 JavaCompiledCompositeTest1_CompiledCompositeActor.java
-rw-rw-r--   1 travis travis  1198 Jan 18 03:25 JavaCompiledCompositeTest1_CompiledCompositeActor$_JavaCompiledCompositeTest1_CompiledCompositeActor.class
-rw-rw-r--   1 travis travis  1625 Jan 18 03:25 JavaCompiledCompositeTest1_CompiledCompositeActor.mk
-rw-rw-r--   1 travis travis  4888 Jan 18 03:25 JavaCompiledCompositeTest2_CompiledCompositeActor.class
-rw-rw-r--   1 travis travis 14919 Jan 18 03:25 JavaCompiledCompositeTest2_CompiledCompositeActor.java
-rw-rw-r--   1 travis travis  1793 Jan 18 03:25 JavaCompiledCompositeTest2_CompiledCompositeActor$_JavaCompiledCompositeTest2_CompiledCompositeActor.class
-rw-rw-r--   1 travis travis  1625 Jan 18 03:25 JavaCompiledCompositeTest2_CompiledCompositeActor.mk
-rw-rw-r--   1 travis travis  4505 Jan 18 03:25 JavaCompiledCompositeTest3_CompiledCompositeActor.class
-rw-rw-r--   1 travis travis 13080 Jan 18 03:25 JavaCompiledCompositeTest3_CompiledCompositeActor.java
-rw-rw-r--   1 travis travis  1378 Jan 18 03:25 JavaCompiledCompositeTest3_CompiledCompositeActor$_JavaCompiledCompositeTest3_CompiledCompositeActor.class
-rw-rw-r--   1 travis travis  1625 Jan 18 03:25 JavaCompiledCompositeTest3_CompiledCompositeActor.mk
-rw-rw-r--   1 travis travis  3953 Jan 18 03:25 JavaCompiledCompositeTest4_CompiledCompositeActor.class
-rw-rw-r--   1 travis travis  9687 Jan 18 03:25 JavaCompiledCompositeTest4_CompiledCompositeActor.java
-rw-rw-r--   1 travis travis   857 Jan 18 03:25 JavaCompiledCompositeTest4_CompiledCompositeActor$_JavaCompiledCompositeTest4_CompiledCompositeActor.class
-rw-rw-r--   1 travis travis  1625 Jan 18 03:25 JavaCompiledCompositeTest4_CompiledCompositeActor.mk
drwxrwxr-x   3 travis travis 12288 Jan 18 03:21 LookupTable
drwxrwxr-x   3 travis travis 20480 Jan 18 03:21 MaxIndex
-rw-rw-r--   1 travis travis  3693 Jan 18 03:25 ModularCG_A1_B1.class
-rw-rw-r--   1 travis travis  9730 Jan 18 03:25 ModularCG_A1_B1.java
-rw-rw-r--   1 travis travis   832 Jan 18 03:25 ModularCG_A1_B1.mk
-rw-rw-r--   1 travis travis  1318 Jan 18 03:25 ModularCG_A1_B1_profile.class
-rw-rw-r--   1 travis travis  1262 Jan 18 03:25 ModularCG_A1_B1_profile.java
-rw-rw-r--   1 travis travis  3693 Jan 18 03:25 ModularCG_A1_B2.class
-rw-rw-r--   1 travis travis  9730 Jan 18 03:25 ModularCG_A1_B2.java
-rw-rw-r--   1 travis travis   832 Jan 18 03:25 ModularCG_A1_B2.mk
-rw-rw-r--   1 travis travis  1318 Jan 18 03:25 ModularCG_A1_B2_profile.class
-rw-rw-r--   1 travis travis  1262 Jan 18 03:25 ModularCG_A1_B2_profile.java
-rw-rw-r--   1 travis travis  4799 Jan 18 03:25 ModularCG_A1.class
-rw-rw-r--   1 travis travis 14742 Jan 18 03:25 ModularCG_A1.java
-rw-rw-r--   1 travis travis   808 Jan 18 03:25 ModularCG_A1.mk
-rw-rw-r--   1 travis travis  1433 Jan 18 03:25 ModularCG_A1_profile.class
-rw-rw-r--   1 travis travis  1704 Jan 18 03:25 ModularCG_A1_profile.java
-rw-rw-r--   1 travis travis  3827 Jan 18 03:25 ModularCG_A2_B1.class
-rw-rw-r--   1 travis travis 10667 Jan 18 03:25 ModularCG_A2_B1.java
-rw-rw-r--   1 travis travis   832 Jan 18 03:25 ModularCG_A2_B1.mk
-rw-rw-r--   1 travis travis  1381 Jan 18 03:25 ModularCG_A2_B1_profile.class
-rw-rw-r--   1 travis travis  1446 Jan 18 03:25 ModularCG_A2_B1_profile.java
-rw-rw-r--   1 travis travis  3693 Jan 18 03:25 ModularCG_A2_B2.class
-rw-rw-r--   1 travis travis  9730 Jan 18 03:25 ModularCG_A2_B2.java
-rw-rw-r--   1 travis travis   832 Jan 18 03:25 ModularCG_A2_B2.mk
-rw-rw-r--   1 travis travis  1318 Jan 18 03:25 ModularCG_A2_B2_profile.class
-rw-rw-r--   1 travis travis  1262 Jan 18 03:25 ModularCG_A2_B2_profile.java
-rw-rw-r--   1 travis travis  4870 Jan 18 03:25 ModularCG_A2.class
-rw-rw-r--   1 travis travis 15129 Jan 18 03:25 ModularCG_A2.java
-rw-rw-r--   1 travis travis   808 Jan 18 03:25 ModularCG_A2.mk
-rw-rw-r--   1 travis travis  1433 Jan 18 03:25 ModularCG_A2_profile.class
-rw-rw-r--   1 travis travis  1704 Jan 18 03:25 ModularCG_A2_profile.java
-rw-rw-r--   1 travis travis  3473 Jan 18 03:25 ModularCGPubSub_A1_A2.class
-rw-rw-r--   1 travis travis  9076 Jan 18 03:25 ModularCGPubSub_A1_A2.java
-rw-rw-r--   1 travis travis   880 Jan 18 03:25 ModularCGPubSub_A1_A2.mk
-rw-rw-r--   1 travis travis  1300 Jan 18 03:25 ModularCGPubSub_A1_A2_profile.class
-rw-rw-r--   1 travis travis  1222 Jan 18 03:25 ModularCGPubSub_A1_A2_profile.java
-rw-rw-r--   1 travis travis  3790 Jan 18 03:25 ModularCGPubSub_A1.class
-rw-rw-r--   1 travis travis  9836 Jan 18 03:25 ModularCGPubSub_A1.java
-rw-rw-r--   1 travis travis   856 Jan 18 03:25 ModularCGPubSub_A1.mk
-rw-rw-r--   1 travis travis  1346 Jan 18 03:25 ModularCGPubSub_A1_profile.class
-rw-rw-r--   1 travis travis  1388 Jan 18 03:25 ModularCGPubSub_A1_profile.java
-rw-rw-r--   1 travis travis  3988 Jan 18 03:25 ModularCodeGen2_ModularCodeGenTypedCompositeActor.class
-rw-rw-r--   1 travis travis 11690 Jan 18 03:25 ModularCodeGen2_ModularCodeGenTypedCompositeActor.java
-rw-rw-r--   1 travis travis  1104 Jan 18 03:25 ModularCodeGen2_ModularCodeGenTypedCompositeActor.mk
-rw-rw-r--   1 travis travis  4272 Jan 18 03:25 ModularCodeGen2_ModularCodeGenTypedCompositeActor_ModularCodeGenTypedCompositeActor.class
-rw-rw-r--   1 travis travis 11790 Jan 18 03:25 ModularCodeGen2_ModularCodeGenTypedCompositeActor_ModularCodeGenTypedCompositeActor.java
-rw-rw-r--   1 travis travis  1376 Jan 18 03:25 ModularCodeGen2_ModularCodeGenTypedCompositeActor_ModularCodeGenTypedCompositeActor.mk
-rw-rw-r--   1 travis travis  1421 Jan 18 03:25 ModularCodeGen2_ModularCodeGenTypedCompositeActor_ModularCodeGenTypedCompositeActor_profile.class
-rw-rw-r--   1 travis travis  1294 Jan 18 03:25 ModularCodeGen2_ModularCodeGenTypedCompositeActor_ModularCodeGenTypedCompositeActor_profile.java
-rw-rw-r--   1 travis travis   820 Jan 18 03:25 ModularCodeGen2_ModularCodeGenTypedCompositeActor_profile.class
-rw-rw-r--   1 travis travis   693 Jan 18 03:25 ModularCodeGen2_ModularCodeGenTypedCompositeActor_profile.java
-rw-rw-r--   1 travis travis  3741 Jan 18 03:25 ModularCodeGen3_A1_B1.class
-rw-rw-r--   1 travis travis  9958 Jan 18 03:25 ModularCodeGen3_A1_B1.java
-rw-rw-r--   1 travis travis   880 Jan 18 03:25 ModularCodeGen3_A1_B1.mk
-rw-rw-r--   1 travis travis  1330 Jan 18 03:25 ModularCodeGen3_A1_B1_profile.class
-rw-rw-r--   1 travis travis  1274 Jan 18 03:25 ModularCodeGen3_A1_B1_profile.java
-rw-rw-r--   1 travis travis  3741 Jan 18 03:25 ModularCodeGen3_A1_B2.class
-rw-rw-r--   1 travis travis  9958 Jan 18 03:25 ModularCodeGen3_A1_B2.java
-rw-rw-r--   1 travis travis   880 Jan 18 03:25 ModularCodeGen3_A1_B2.mk
-rw-rw-r--   1 travis travis  1330 Jan 18 03:25 ModularCodeGen3_A1_B2_profile.class
-rw-rw-r--   1 travis travis  1274 Jan 18 03:25 ModularCodeGen3_A1_B2_profile.java
-rw-rw-r--   1 travis travis  4961 Jan 18 03:26 ModularCodeGen3_A1.class
-rw-rw-r--   1 travis travis 15564 Jan 18 03:26 ModularCodeGen3_A1.java
-rw-rw-r--   1 travis travis   856 Jan 18 03:26 ModularCodeGen3_A1.mk
-rw-rw-r--   1 travis travis  1445 Jan 18 03:26 ModularCodeGen3_A1_profile.class
-rw-rw-r--   1 travis travis  1716 Jan 18 03:25 ModularCodeGen3_A1_profile.java
-rw-rw-r--   1 travis travis  3887 Jan 18 03:26 ModularCodeGen3_A2_B1.class
-rw-rw-r--   1 travis travis 10955 Jan 18 03:26 ModularCodeGen3_A2_B1.java
-rw-rw-r--   1 travis travis   880 Jan 18 03:26 ModularCodeGen3_A2_B1.mk
-rw-rw-r--   1 travis travis  1393 Jan 18 03:26 ModularCodeGen3_A2_B1_profile.class
-rw-rw-r--   1 travis travis  1458 Jan 18 03:26 ModularCodeGen3_A2_B1_profile.java
-rw-rw-r--   1 travis travis  3741 Jan 18 03:26 ModularCodeGen3_A2_B2.class
-rw-rw-r--   1 travis travis  9958 Jan 18 03:26 ModularCodeGen3_A2_B2.java
-rw-rw-r--   1 travis travis   880 Jan 18 03:26 ModularCodeGen3_A2_B2.mk
-rw-rw-r--   1 travis travis  1330 Jan 18 03:26 ModularCodeGen3_A2_B2_profile.class
-rw-rw-r--   1 travis travis  1274 Jan 18 03:26 ModularCodeGen3_A2_B2_profile.java
-rw-rw-r--   1 travis travis  1716 Jan 18 03:26 ModularCodeGen3_A2_profile.java
In "/home/travis/cg", about to execute:
    javac -classpath
.:/home/travis/build/icyphy/ptII:/home/travis/build/icyphy/ptII/lib/bsh-2.0b4.j
ar:/home/travis/build/icyphy/ptII/lib/ptCal.jar:/home/travis/build/icyphy/ptII/
lib/java_cup.jar:/home/travis/build/icyphy/ptII/lib/saxon8.jar:/home/travis/bui
ld/icyphy/ptII/lib/saxon8-dom.jar:/home/travis/build/icyphy/ptII/lib/chic.jar:/
home/travis/build/icyphy/ptII/lib/ptcolt.jar:/usr/lib/jvm/java-8-oracle/lib/too
ls.jar:/usr/lib/eclipse/plugins/org.eclipse.jdt.core_3.8.2.dist.jar:/usr/lib/ec
lipse/plugins/org.eclipse.core.runtime_3.8.0.dist.jar:/usr/lib/eclipse/plugins/
org.eclipse.osgi_3.8.1.dist.jar:/usr/lib/eclipse/plugins/org.eclipse.core.resou
rces_3.8.1.dist.jar:/usr/lib/eclipse/plugins/org.eclipse.equinox.common_3.6.100
.dist.jar:/usr/lib/eclipse/plugins/org.eclipse.core.jobs_3.5.200.dist.jar:/usr/
lib/eclipse/plugins/org.eclipse.core.contenttype_3.4.200.dist.jar:/usr/lib/ecli
pse/plugins/org.eclipse.equinox.preferences_3.5.0.dist.jar:/usr/lib/eclipse/plu
gins/org.eclipse.text_3.5.200.dist.jar:/usr/lib/eclipse/plugins/org.eclipse.ui.
workbench_3.8.1.dist.jar:/usr/lib/eclipse/plugins/org.eclipse.jface_3.8.0.dist.
jar:/usr/lib/eclipse/plugins/org.eclipse.swt_3.8.2.jar:/usr/lib/eclipse/plugins
/org.eclipse.jface.text_3.8.1.dist.jar:/usr/lib/eclipse/plugins/org.eclipse.ui.
workbench.texteditor_3.8.0.dist.jar:/usr/lib/eclipse/plugins/org.eclipse.ui.edi
tors_3.8.0.dist.jar:/usr/lib/eclipse/plugins/org.eclipse.core.commands_3.6.1.di
st.jar:/usr/lib/eclipse/plugins/org.eclipse.equinox.registry_3.5.200.dist.jar:/
usr/lib/eclipse/plugins/org.eclipse.ui.console_3.5.100.dist.jar:/usr/lib/eclips
e/plugins/org.eclipse.ui.forms_3.5.200.dist.jar:/usr/lib/eclipse/plugins/org.ec
lipse.ui.ide_3.8.1.dist.jar:/home/travis/build/icyphy/ptII/vendors/oracle/dbxml
.jar:/home/travis/build/icyphy/ptII/vendors/oracle/db.jar:/home/travis/build/ic
yphy/ptII/vendors/misc/itext/iText.jar:/home/travis/build/icyphy/ptII/lib/g4ltl
.jar:/home/travis/build/icyphy/ptII/lib/StructuralCoder.jar:/home/travis/build/
icyphy/ptII/lib/org-openide-util.jar:/home/travis/build/icyphy/ptII/lib/org-ope
nide-util-lookup.jar:/home/travis/build/icyphy/ptII/lib/org-netbeans-api-visual
.jar:/home/travis/build/icyphy/ptII/vendors/jai-1_1_2_01/lib/jai_core.jar:/home
/travis/build/icyphy/ptII/vendors/jai-1_1_2_01/lib/jai_codec.jar:/home/travis/b
uild/icyphy/ptII/lib/jcerti.jar:/home/travis/build/icyphy/ptII/lib/smack.jar:/h
ome/travis/build/icyphy/ptII/lib/smackx.jar:/home/travis/build/icyphy/ptII/lib/
jetty-all-8.1.5-v20120716.jar:/home/travis/build/icyphy/ptII/lib/javax.servlet-
api-3.0.1.jar:/home/travis/build/icyphy/ptII/lib/javax.mail.jar:/home/travis/bu
ild/icyphy/ptII/vendors/JMF-2.1.1e/lib/jmf.jar:/home/travis/build/icyphy/ptII/l
ib/jna-4.0.0-variadic.jar:/home/travis/build/icyphy/ptII/vendors/misc/joystick/
Joystick.jar:/home/travis/build/icyphy/ptII/lib/ptjacl.jar:/home/travis/build/i
cyphy/ptII/lib/jsoup-1.8.2.jar:/home/travis/build/icyphy/ptII/lib/junit-4.8.2.j
ar:/home/travis/build/icyphy/ptII/lib/JUnitParams-0.4.0.jar:/home/travis/build/
icyphy/ptII/ptolemy/actor/lib/excel/jxl.jar:/home/travis/build/icyphy/ptII/lib/
jython.jar:/home/travis/build/icyphy/ptII/lib/kieler.jar:/home/travis/build/icy
phy/ptII/vendors/opencv/share/OpenCV/java/opencv-341.jar:/home/travis/build/icy
phy/ptII/lib/oscP5.jar:/home/travis/build/icyphy/ptII/lib/nrjavaserial-3.11.0.d
evel.jar:/home/travis/build/icyphy/ptII/vendors/j3d/lib/j3dcore.jar:/home/travi
s/build/icyphy/ptII/vendors/j3d/lib/j3dutils.jar:/home/travis/build/icyphy/ptII
/vendors/j3d/lib/vecmath.jar:/home/travis/build/icyphy/ptII/ptolemy/distributed
/jini/jar/jini-core.jar:/home/travis/build/icyphy/ptII/ptolemy/distributed/jini
/jar/jini-ext.jar:/home/travis/build/icyphy/ptII/ptolemy/distributed/jini/jar/s
un-util.jar:/home/travis/build/icyphy/ptII/lib/protobuf-java-2.4.1.jar:/home/tr
avis/build/icyphy/ptII/lib/org.eclipse.paho.client.mqttv3.jar:/home/travis/buil
d/icyphy/ptII/ptserver/lib/hessian-4.0.7.jar:/home/travis/build/icyphy/ptII/pts
erver/lib/wmqtt.jar:/home/travis/build/icyphy/ptII/lib/mapss.jar:/home/travis/b
uild/icyphy/ptII/ptolemy/actor/ptalon/antlr/antlr.jar:/home/travis/build/icyphy
/ptII/lib/JRI.jar:/home/travis/build/icyphy/ptII/lib/commons-lang-2.6.jar:/home
/travis/build/icyphy/ptII/lib/commons-logging-1.1.1.jar:/home/travis/build/icyp
hy/ptII/lib/sootclasses.jar:/home/travis/build/icyphy/ptII/ptolemy/actor/lib/da
tabase/mysql-connector-java-5.1.6-bin.jar:/home/travis/build/icyphy/ptII/vendor
s/misc/sphinx4/sphinx4-data-5prealpha.jar:/home/travis/build/icyphy/ptII/vendor
s/misc/sphinx4/sphinx4-core-5prealpha.jar:/home/travis/build/icyphy/ptII/lib/PD
FRenderer.jar:/home/travis/build/icyphy/ptII/lib/svgSalamander.jar:/home/travis
/build/icyphy/ptII/lib/rsyntaxtextarea-2.6.0-SNAPSHOT.jar:/home/travis/build/ic
yphy/ptII/lib/hazelcast-3.8.2.jar:/home/travis/build/icyphy/ptII/lib/jackson-an
notations-2.9.0.jar:/home/travis/build/icyphy/ptII/lib/jackson-core-2.9.3.jar:/
home/travis/build/icyphy/ptII/lib/jackson-databind-2.9.3.jar:/home/travis/build
/icyphy/ptII/lib/netty-buffer-4.1.19.Final.jar:/home/travis/build/icyphy/ptII/l
ib/netty-codec-4.1.19.Final.jar:/home/travis/build/icyphy/ptII/lib/netty-codec-
dns-4.1.19.Final.jar:/home/travis/build/icyphy/ptII/lib/netty-codec-http-4.1.19
.Final.jar:/home/travis/build/icyphy/ptII/lib/netty-codec-http2-4.1.19.Final.ja
r:/home/travis/build/icyphy/ptII/lib/netty-common-4.1.19.Final.jar:/home/travis
/build/icyphy/ptII/lib/netty-handler-4.1.19.Final.jar:/home/travis/build/icyphy
/ptII/lib/netty-resolver-4.1.19.Final.jar:/home/travis/build/icyphy/ptII/lib/ne
tty-resolver-dns-4.1.19.Final.jar:/home/travis/build/icyphy/ptII/lib/netty-tran
sport-4.1.19.Final.jar:/home/travis/build/icyphy/ptII/lib/vertx-codegen-3.5.1.j
ar:/home/travis/build/icyphy/ptII/lib/vertx-core-3.5.2-SNAPSHOT.jar:/home/travi
s/build/icyphy/ptII/lib/vertx-hazelcast-3.5.1.jar:/home/travis/build/icyphy/ptI
I/lib/vertx-lang-js-3.5.1.jar:/home/travis/build/icyphy/ptII/lib/vertx-service-
proxy-3.5.1.jar:/home/travis/build/icyphy/ptII/lib/vertx-web-3.5.1.jar:/home/tr
avis/build/icyphy/ptII/lib/slf4j-api-1.7.13.jar:/home/travis/build/icyphy/ptII/
lib/slf4j-simple-1.7.13.jar:/home/travis/build/icyphy/ptII/lib/webcam-capture-0
.3.12.jar:/home/travis/build/icyphy/ptII/lib/bridj-0.7.0.jar:/home/travis/build
/icyphy/ptII/lib/xbjlib-1.1.0.nrjavaserial.jar:/home/travis/build/icyphy/ptII/p
tolemy/moml/test:/home/travis/build/icyphy/ptII/ant/lib/ant-launcher.jar:/home/
travis/build/icyphy/ptII/ant/lib/ant.jar:/home/travis/build/icyphy/ptII/ant/lib
/ant-junit.jar:/home/travis/build/icyphy/ptII/ant/lib/ant-junit4.jar:/home/trav
is/build/icyphy/ptII ModularCodeGen3_A2_profile.java
-rw-rw-r--   1 travis travis  3954 Jan 18 03:25 ModularCodeGen_ModularCodeGenTypedCompositeActor.class
-rw-rw-r--   1 travis travis 10970 Jan 18 03:25 ModularCodeGen_ModularCodeGenTypedCompositeActor.java
-rw-rw-r--   1 travis travis  1096 Jan 18 03:25 ModularCodeGen_ModularCodeGenTypedCompositeActor.mk
-rw-rw-r--   1 travis travis  1384 Jan 18 03:25 ModularCodeGen_ModularCodeGenTypedCompositeActor_profile.class
-rw-rw-r--   1 travis travis  1328 Jan 18 03:25 ModularCodeGen_ModularCodeGenTypedCompositeActor_profile.java
-rw-rw-r--   1 travis travis  3492 Jan 18 03:25 ModularCodeGenTest_A1_A2.class
-rw-rw-r--   1 travis travis   904 Jan 18 03:25 ModularCodeGenTest_A1_A2.mk
-rw-rw-r--   1 travis travis  1306 Jan 18 03:25 ModularCodeGenTest_A1_A2_profile.class
-rw-rw-r--   1 travis travis  9968 Jan 18 03:25 ModularCodeGenTest_A1.java
-rw-rw-r--   1 travis travis   880 Jan 18 03:25 ModularCodeGenTest_A1.mk
drwxrwxr-x   3 travis travis 36864 Jan 18 03:25 modulation2
drwxrwxr-x   3 travis travis 20480 Jan 18 03:21 Multiplexor
drwxrwxr-x 249 travis travis 12288 Jan 18 03:25 node_modules
drwxrwxr-x   3 travis travis 20480 Jan 18 03:22 PhaseUnwrap
-rw-rw-r--   1 travis travis   520 Jan 18 03:25 Repeat$_fireFunction_Repeat_Repeat$__f_sL_0.class
-rw-rw-r--   1 travis travis   522 Jan 18 03:25 Repeat$_fireFunction_Repeat_Repeat$__f_sL_10.class
-rw-rw-r--   1 travis travis   666 Jan 18 03:25 Repeat$_fireFunction_Repeat_Repeat$__f_sL_11.class
-rw-rw-r--   1 travis travis   522 Jan 18 03:25 Repeat$_fireFunction_Repeat_Repeat$__f_sL_13.class
-rw-rw-r--   1 travis travis   665 Jan 18 03:25 Repeat$_fireFunction_Repeat_Repeat$__f_sL_1.class
-rw-rw-r--   1 travis travis   520 Jan 18 03:25 Repeat$_fireFunction_Repeat_Repeat$__f_sL_2.class
-rw-rw-r--   1 travis travis   520 Jan 18 03:25 Repeat$_fireFunction_Repeat_Repeat$__f_sL_3.class
-rw-rw-r--   1 travis travis   520 Jan 18 03:25 Repeat$_fireFunction_Repeat_Repeat$__f_sL_5.class
-rw-rw-r--   1 travis travis   671 Jan 18 03:25 Repeat$_fireFunction_Repeat_Repeat$__f_sL_7.class
-rw-rw-r--   1 travis travis   520 Jan 18 03:25 Repeat$_fireFunction_Repeat_Repeat$__f_sL_9.class
-rw-rw-r--   1 travis travis   813 Jan 18 03:25 Repeat$_initialize_Repeat.class
-rw-rw-r--   1 travis travis   475 Jan 18 03:25 Repeat$_initialize_Repeat$__i_sL_0.class
-rw-rw-r--   1 travis travis   519 Jan 18 03:25 Repeat$_initialize_Repeat$__i_sL_3.class
-rw-rw-r--   1 travis travis 39778 Jan 18 03:25 Repeat.java
-rw-rw-r--   1 travis travis  1281 Jan 18 03:25 Repeat.mk
-rw-rw-r--   1 travis travis   520 Jan 18 03:25 Repeat$_preinitializeMethod_Repeat$__p_sL_0.class
-rw-rw-r--   1 travis travis   520 Jan 18 03:25 Repeat$_preinitializeMethod_Repeat$__p_sL_1.class
-rw-rw-r--   1 travis travis  1083 Jan 18 03:25 Repeat$_Repeat$_fireFunction_Repeat_AddSubtract_Repeat.class
-rw-rw-r--   1 travis travis   791 Jan 18 03:25 Repeat$_Repeat$_fireFunction_Repeat_AddSubtract_Repeat$__f_sL_0.class
-rw-rw-r--   1 travis travis   909 Jan 18 03:25 Repeat$_Repeat$_fireFunction_Repeat_AddSubtract_Repeat$__f_sL_1.class
-rw-rw-r--   1 travis travis   915 Jan 18 03:25 Repeat$_Repeat$_fireFunction_Repeat_AddSubtract_Repeat$__f_sL_2.class
-rw-rw-r--   1 travis travis   838 Jan 18 03:25 Repeat$_Repeat$_fireFunction_Repeat_Ramp2_Repeat$__f_sL_1.class
-rw-rw-r--   1 travis travis  1785 Jan 18 03:25 Repeat$_Repeat$_fireFunction_Repeat_Test_Repeat$__f_sL_2.class
-rw-rw-r--   1 travis travis   685 Jan 18 03:25 Repeat$_Repeat_SDF_Director_run_Repeat$__R_sL_0.class
-rw-rw-r--   1 travis travis   540 Jan 18 03:25 Repeat$_Repeat_SDF_Director_run_Repeat$__R_sL_1.class
-rw-rw-r--   1 travis travis   540 Jan 18 03:25 Repeat$_Repeat_SDF_Director_run_Repeat$__R_sL_2.class
-rw-rw-r--   1 travis travis   540 Jan 18 03:25 Repeat$_Repeat_SDF_Director_run_Repeat$__R_sL_4.class
-rw-rw-r--   1 travis travis   540 Jan 18 03:25 Repeat$_Repeat_SDF_Director_run_Repeat$__R_sL_5.class
-rw-rw-r--   1 travis travis   691 Jan 18 03:25 Repeat$_Repeat_SDF_Director_run_Repeat$__R_sL_6.class
-rw-rw-r--   1 travis travis   540 Jan 18 03:25 Repeat$_Repeat_SDF_Director_run_Repeat$__R_sL_7.class
-rw-rw-r--   1 travis travis   863 Jan 18 03:25 Repeat$_varinit_Repeat.class
-rw-rw-r--   1 travis travis   530 Jan 18 03:25 Repeat$_varinit_Repeat$__v_sL_1.class
-rw-rw-r--   1 travis travis   531 Jan 18 03:25 Repeat$_varinit_Repeat$__v_sL_2.class
-rw-rw-r--   1 travis travis   905 Jan 18 03:25 Repeat$_varinit_Repeat$__v_sL_4.class
-rw-rw-r--   1 travis travis   635 Jan 18 03:25 Repeat$_wrapup_Repeat.class
-rw-rw-r--   1 travis travis   965 Jan 18 03:25 Repeat$_wrapup_Repeat$__w_sL_1.class
-rw-rw-r--   1 travis travis   289 Jan 18 03:19 result.csv
drwxrwxr-x   3 travis travis 12288 Jan 18 03:23 Scrambler1
drwxrwxr-x   3 travis travis 20480 Jan 18 03:22 Sinewave2
drwxrwxr-x   3 travis travis 69632 Jan 18 03:23 StringCompare
drwxrwxr-x   3 travis travis 32768 Jan 18 03:23 StringFunction
drwxrwxr-x   3 travis travis 12288 Jan 18 03:23 StringLength
drwxrwxr-x   3 travis travis 57344 Jan 18 03:24 StringSimpleReplace
drwxrwxr-x   3 travis travis 12288 Jan 18 03:24 time2
drwxrwxr-x   3 travis travis 12288 Jan 18 03:25 time5
-rw-rw-r--   1 travis travis   432 Jan 18 03:26 Token.class
-rw-rw-r--   1 travis travis   251 Jan 18 03:26 Token.java
-rw-rw-r--   1 travis travis     0 Jan 18 03:25 top.
-rw-rw-r--   1 travis travis 20502 Jan 18 03:19 top.c
-rw-rw-r--   1 travis travis  3567 Jan 18 03:25 top.class
-rw-rw-r--   1 travis travis   169 Jan 18 03:19 top.html
-rw-rw-r--   1 travis travis  7552 Jan 18 03:25 top.java
-rw-rw-r--   1 travis travis 38888 Jan 18 03:19 top.o
drwxrwxr-x   3 travis travis 57344 Jan 18 03:22 UnaryMathFunction
warning: Supported source version 'RELEASE_6' from annotation processor 'org.netbeans.modules.openide.util.NbBundleProcessor' less than -source '1.8'
warning: Supported source version 'RELEASE_6' from annotation processor 'org.netbeans.modules.openide.util.URLStreamHandlerRegistrationProcessor' less than -source '1.8'
warning: Supported source version 'RELEASE_6' from annotation processor 'org.netbeans.modules.openide.util.ServiceProviderProcessor' less than -source '1.8'
3 warnings
All Done
Writing ModularCodeGen3_A2.java in file:/home/travis/cg/ (15957 characters)
Reading "ptolemy/cg/kernel/generic/program/procedural/java/modular/makefile.in",
    writing "/home/travis/cg/ModularCodeGen3_A2.mk"
Using ptolemy/cg/kernel/generic/program/procedural/java/modular/makefile.in
In "/home/travis/cg", about to execute:
    make -f ModularCodeGen3_A2.mk
javac -classpath ".:.."    ModularCodeGen3_A2.java
All Done
Manager.initialize() finished: 14567 ms. Memory: 171520K Free: 119126K (69%)
14569 ms. Memory: 171520K Free: 119126K (69%)
----------------- Invoking toplevel() on ptolemy.moml.MoMLSimpleApplication@1dd09992
----------------- Done invoking toplevel() on ptolemy.moml.MoMLSimpleApplication@1dd09992
reloadAllAccessors: .ModularCodeGen3

===========================================================================================
----------------- testing Fri Jan 18 03:26:09 UTC 2019 /home/travis/build/icyphy/ptII/ptolemy/cg/lib/test/auto/ModularCodeGen4.xml
----------------- Instantiating /home/travis/build/icyphy/ptII/ptolemy/cg/lib/test/auto/ModularCodeGen4.xml
In "/home/travis/cg", about to execute:
    pwd
In "/home/travis/cg", about to execute:
    ls -l
/home/travis/cg
In "/home/travis/cg", about to execute:
    javac -classpath
.:/home/travis/build/icyphy/ptII:/home/travis/build/icyphy/ptII/lib/bsh-2.0b4.j
ar:/home/travis/build/icyphy/ptII/lib/ptCal.jar:/home/travis/build/icyphy/ptII/
lib/java_cup.jar:/home/travis/build/icyphy/ptII/lib/saxon8.jar:/home/travis/bui
ld/icyphy/ptII/lib/saxon8-dom.jar:/home/travis/build/icyphy/ptII/lib/chic.jar:/
home/travis/build/icyphy/ptII/lib/ptcolt.jar:/usr/lib/jvm/java-8-oracle/lib/too
ls.jar:/usr/lib/eclipse/plugins/org.eclipse.jdt.core_3.8.2.dist.jar:/usr/lib/ec
lipse/plugins/org.eclipse.core.runtime_3.8.0.dist.jar:/usr/lib/eclipse/plugins/
org.eclipse.osgi_3.8.1.dist.jar:/usr/lib/eclipse/plugins/org.eclipse.core.resou
rces_3.8.1.dist.jar:/usr/lib/eclipse/plugins/org.eclipse.equinox.common_3.6.100
.dist.jar:/usr/lib/eclipse/plugins/org.eclipse.core.jobs_3.5.200.dist.jar:/usr/
lib/eclipse/plugins/org.eclipse.core.contenttype_3.4.200.dist.jar:/usr/lib/ecli
pse/plugins/org.eclipse.equinox.preferences_3.5.0.dist.jar:/usr/lib/eclipse/plu
gins/org.eclipse.text_3.5.200.dist.jar:/usr/lib/eclipse/plugins/org.eclipse.ui.
workbench_3.8.1.dist.jar:/usr/lib/eclipse/plugins/org.eclipse.jface_3.8.0.dist.
jar:/usr/lib/eclipse/plugins/org.eclipse.swt_3.8.2.jar:/usr/lib/eclipse/plugins
/org.eclipse.jface.text_3.8.1.dist.jar:/usr/lib/eclipse/plugins/org.eclipse.ui.
workbench.texteditor_3.8.0.dist.jar:/usr/lib/eclipse/plugins/org.eclipse.ui.edi
tors_3.8.0.dist.jar:/usr/lib/eclipse/plugins/org.eclipse.core.commands_3.6.1.di
st.jar:/usr/lib/eclipse/plugins/org.eclipse.equinox.registry_3.5.200.dist.jar:/
usr/lib/eclipse/plugins/org.eclipse.ui.console_3.5.100.dist.jar:/usr/lib/eclips
e/plugins/org.eclipse.ui.forms_3.5.200.dist.jar:/usr/lib/eclipse/plugins/org.ec
lipse.ui.ide_3.8.1.dist.jar:/home/travis/build/icyphy/ptII/vendors/oracle/dbxml
.jar:/home/travis/build/icyphy/ptII/vendors/oracle/db.jar:/home/travis/build/ic
yphy/ptII/vendors/misc/itext/iText.jar:/home/travis/build/icyphy/ptII/lib/g4ltl
.jar:/home/travis/build/icyphy/ptII/lib/StructuralCoder.jar:/home/travis/build/
icyphy/ptII/lib/org-openide-util.jar:/home/travis/build/icyphy/ptII/lib/org-ope
nide-util-lookup.jar:/home/travis/build/icyphy/ptII/lib/org-netbeans-api-visual
.jar:/home/travis/build/icyphy/ptII/vendors/jai-1_1_2_01/lib/jai_core.jar:/home
/travis/build/icyphy/ptII/vendors/jai-1_1_2_01/lib/jai_codec.jar:/home/travis/b
uild/icyphy/ptII/lib/jcerti.jar:/home/travis/build/icyphy/ptII/lib/smack.jar:/h
ome/travis/build/icyphy/ptII/lib/smackx.jar:/home/travis/build/icyphy/ptII/lib/
jetty-all-8.1.5-v20120716.jar:/home/travis/build/icyphy/ptII/lib/javax.servlet-
api-3.0.1.jar:/home/travis/build/icyphy/ptII/lib/javax.mail.jar:/home/travis/bu
ild/icyphy/ptII/vendors/JMF-2.1.1e/lib/jmf.jar:/home/travis/build/icyphy/ptII/l
ib/jna-4.0.0-variadic.jar:/home/travis/build/icyphy/ptII/vendors/misc/joystick/
Joystick.jar:/home/travis/build/icyphy/ptII/lib/ptjacl.jar:/home/travis/build/i
cyphy/ptII/lib/jsoup-1.8.2.jar:/home/travis/build/icyphy/ptII/lib/junit-4.8.2.j
ar:/home/travis/build/icyphy/ptII/lib/JUnitParams-0.4.0.jar:/home/travis/build/
icyphy/ptII/ptolemy/actor/lib/excel/jxl.jar:/home/travis/build/icyphy/ptII/lib/
jython.jar:/home/travis/build/icyphy/ptII/lib/kieler.jar:/home/travis/build/icy
phy/ptII/vendors/opencv/share/OpenCV/java/opencv-341.jar:/home/travis/build/icy
phy/ptII/lib/oscP5.jar:/home/travis/build/icyphy/ptII/lib/nrjavaserial-3.11.0.d
evel.jar:/home/travis/build/icyphy/ptII/vendors/j3d/lib/j3dcore.jar:/home/travi
s/build/icyphy/ptII/vendors/j3d/lib/j3dutils.jar:/home/travis/build/icyphy/ptII
/vendors/j3d/lib/vecmath.jar:/home/travis/build/icyphy/ptII/ptolemy/distributed
/jini/jar/jini-core.jar:/home/travis/build/icyphy/ptII/ptolemy/distributed/jini
/jar/jini-ext.jar:/home/travis/build/icyphy/ptII/ptolemy/distributed/jini/jar/s
un-util.jar:/home/travis/build/icyphy/ptII/lib/protobuf-java-2.4.1.jar:/home/tr
avis/build/icyphy/ptII/lib/org.eclipse.paho.client.mqttv3.jar:/home/travis/buil
d/icyphy/ptII/ptserver/lib/hessian-4.0.7.jar:/home/travis/build/icyphy/ptII/pts
erver/lib/wmqtt.jar:/home/travis/build/icyphy/ptII/lib/mapss.jar:/home/travis/b
uild/icyphy/ptII/ptolemy/actor/ptalon/antlr/antlr.jar:/home/travis/build/icyphy
/ptII/lib/JRI.jar:/home/travis/build/icyphy/ptII/lib/commons-lang-2.6.jar:/home
/travis/build/icyphy/ptII/lib/commons-logging-1.1.1.jar:/home/travis/build/icyp
hy/ptII/lib/sootclasses.jar:/home/travis/build/icyphy/ptII/ptolemy/actor/lib/da
tabase/mysql-connector-java-5.1.6-bin.jar:/home/travis/build/icyphy/ptII/vendor
s/misc/sphinx4/sphinx4-data-5prealpha.jar:/home/travis/build/icyphy/ptII/vendor
s/misc/sphinx4/sphinx4-core-5prealpha.jar:/home/travis/build/icyphy/ptII/lib/PD
FRenderer.jar:/home/travis/build/icyphy/ptII/lib/svgSalamander.jar:/home/travis
/build/icyphy/ptII/lib/rsyntaxtextarea-2.6.0-SNAPSHOT.jar:/home/travis/build/ic
yphy/ptII/lib/hazelcast-3.8.2.jar:/home/travis/build/icyphy/ptII/lib/jackson-an
notations-2.9.0.jar:/home/travis/build/icyphy/ptII/lib/jackson-core-2.9.3.jar:/
home/travis/build/icyphy/ptII/lib/jackson-databind-2.9.3.jar:/home/travis/build
/icyphy/ptII/lib/netty-buffer-4.1.19.Final.jar:/home/travis/build/icyphy/ptII/l
ib/netty-codec-4.1.19.Final.jar:/home/travis/build/icyphy/ptII/lib/netty-codec-
dns-4.1.19.Final.jar:/home/travis/build/icyphy/ptII/lib/netty-codec-http-4.1.19
.Final.jar:/home/travis/build/icyphy/ptII/lib/netty-codec-http2-4.1.19.Final.ja
r:/home/travis/build/icyphy/ptII/lib/netty-common-4.1.19.Final.jar:/home/travis
/build/icyphy/ptII/lib/netty-handler-4.1.19.Final.jar:/home/travis/build/icyphy
/ptII/lib/netty-resolver-4.1.19.Final.jar:/home/travis/build/icyphy/ptII/lib/ne
tty-resolver-dns-4.1.19.Final.jar:/home/travis/build/icyphy/ptII/lib/netty-tran
sport-4.1.19.Final.jar:/home/travis/build/icyphy/ptII/lib/vertx-codegen-3.5.1.j
ar:/home/travis/build/icyphy/ptII/lib/vertx-core-3.5.2-SNAPSHOT.jar:/home/travi
s/build/icyphy/ptII/lib/vertx-hazelcast-3.5.1.jar:/home/travis/build/icyphy/ptI
I/lib/vertx-lang-js-3.5.1.jar:/home/travis/build/icyphy/ptII/lib/vertx-service-
proxy-3.5.1.jar:/home/travis/build/icyphy/ptII/lib/vertx-web-3.5.1.jar:/home/tr
avis/build/icyphy/ptII/lib/slf4j-api-1.7.13.jar:/home/travis/build/icyphy/ptII/
lib/slf4j-simple-1.7.13.jar:/home/travis/build/icyphy/ptII/lib/webcam-capture-0
.3.12.jar:/home/travis/build/icyphy/ptII/lib/bridj-0.7.0.jar:/home/travis/build
/icyphy/ptII/lib/xbjlib-1.1.0.nrjavaserial.jar:/home/travis/build/icyphy/ptII/p
tolemy/moml/test:/home/travis/build/icyphy/ptII/ant/lib/ant-launcher.jar:/home/
travis/build/icyphy/ptII/ant/lib/ant.jar:/home/travis/build/icyphy/ptII/ant/lib
/ant-junit.jar:/home/travis/build/icyphy/ptII/ant/lib/ant-junit4.jar:/home/trav
is/build/icyphy/ptII ModularCodeGen4_A1_B1_profile.java
total 1532
drwxrwxr-x   3 travis travis 12288 Jan 18 03:20 AbsoluteValue
drwxrwxr-x   3 travis travis 16384 Jan 18 03:20 Case1
drwxrwxr-x   3 travis travis 32768 Jan 18 03:20 Case2
-rw-rw-r--   1 travis travis  4895 Jan 18 03:25 CompiledCompositeActor_CompiledCompositeActor.class
-rw-rw-r--   1 travis travis  1592 Jan 18 03:25 CompiledCompositeActor_CompiledCompositeActor$_CompiledCompositeActor_CompiledCompositeActor.class
-rw-rw-r--   1 travis travis 13466 Jan 18 03:25 CompiledCompositeActor_CompiledCompositeActor.java
-rw-rw-r--   1 travis travis  1593 Jan 18 03:25 CompiledCompositeActor_CompiledCompositeActor.mk
drwxrwxr-x   3 travis travis 24576 Jan 18 03:23 DeScrambler
drwxrwxr-x   3 travis travis 16384 Jan 18 03:24 DotProduct
drwxrwxr-x   3 travis travis 12288 Jan 18 03:21 FileWriter1
drwxrwxr-x   3 travis travis 20480 Jan 18 03:20 FixToDoubleAndBack
drwxrwxr-x   3 travis travis 16384 Jan 18 03:21 Gaussian1
drwxrwxr-x   3 travis travis 20480 Jan 18 03:21 Gaussian2
-rw-rw-r--   1 travis travis  4457 Jan 18 03:25 JavaCompiledCompositeTest1_CompiledCompositeActor.class
-rw-rw-r--   1 travis travis 11637 Jan 18 03:25 JavaCompiledCompositeTest1_CompiledCompositeActor.java
-rw-rw-r--   1 travis travis  1198 Jan 18 03:25 JavaCompiledCompositeTest1_CompiledCompositeActor$_JavaCompiledCompositeTest1_CompiledCompositeActor.class
-rw-rw-r--   1 travis travis  1625 Jan 18 03:25 JavaCompiledCompositeTest1_CompiledCompositeActor.mk
-rw-rw-r--   1 travis travis  4888 Jan 18 03:25 JavaCompiledCompositeTest2_CompiledCompositeActor.class
-rw-rw-r--   1 travis travis 14919 Jan 18 03:25 JavaCompiledCompositeTest2_CompiledCompositeActor.java
-rw-rw-r--   1 travis travis  1793 Jan 18 03:25 JavaCompiledCompositeTest2_CompiledCompositeActor$_JavaCompiledCompositeTest2_CompiledCompositeActor.class
-rw-rw-r--   1 travis travis  1625 Jan 18 03:25 JavaCompiledCompositeTest2_CompiledCompositeActor.mk
-rw-rw-r--   1 travis travis  4505 Jan 18 03:25 JavaCompiledCompositeTest3_CompiledCompositeActor.class
-rw-rw-r--   1 travis travis 13080 Jan 18 03:25 JavaCompiledCompositeTest3_CompiledCompositeActor.java
-rw-rw-r--   1 travis travis  1378 Jan 18 03:25 JavaCompiledCompositeTest3_CompiledCompositeActor$_JavaCompiledCompositeTest3_CompiledCompositeActor.class
-rw-rw-r--   1 travis travis  1625 Jan 18 03:25 JavaCompiledCompositeTest3_CompiledCompositeActor.mk
-rw-rw-r--   1 travis travis  3953 Jan 18 03:25 JavaCompiledCompositeTest4_CompiledCompositeActor.class
-rw-rw-r--   1 travis travis  9687 Jan 18 03:25 JavaCompiledCompositeTest4_CompiledCompositeActor.java
-rw-rw-r--   1 travis travis   857 Jan 18 03:25 JavaCompiledCompositeTest4_CompiledCompositeActor$_JavaCompiledCompositeTest4_CompiledCompositeActor.class
-rw-rw-r--   1 travis travis  1625 Jan 18 03:25 JavaCompiledCompositeTest4_CompiledCompositeActor.mk
drwxrwxr-x   3 travis travis 12288 Jan 18 03:21 LookupTable
drwxrwxr-x   3 travis travis 20480 Jan 18 03:21 MaxIndex
-rw-rw-r--   1 travis travis  3693 Jan 18 03:25 ModularCG_A1_B1.class
-rw-rw-r--   1 travis travis  9730 Jan 18 03:25 ModularCG_A1_B1.java
-rw-rw-r--   1 travis travis   832 Jan 18 03:25 ModularCG_A1_B1.mk
-rw-rw-r--   1 travis travis  1318 Jan 18 03:25 ModularCG_A1_B1_profile.class
-rw-rw-r--   1 travis travis  1262 Jan 18 03:25 ModularCG_A1_B1_profile.java
-rw-rw-r--   1 travis travis  3693 Jan 18 03:25 ModularCG_A1_B2.class
-rw-rw-r--   1 travis travis  9730 Jan 18 03:25 ModularCG_A1_B2.java
-rw-rw-r--   1 travis travis   832 Jan 18 03:25 ModularCG_A1_B2.mk
-rw-rw-r--   1 travis travis  1318 Jan 18 03:25 ModularCG_A1_B2_profile.class
-rw-rw-r--   1 travis travis  1262 Jan 18 03:25 ModularCG_A1_B2_profile.java
-rw-rw-r--   1 travis travis  4799 Jan 18 03:25 ModularCG_A1.class
-rw-rw-r--   1 travis travis 14742 Jan 18 03:25 ModularCG_A1.java
-rw-rw-r--   1 travis travis   808 Jan 18 03:25 ModularCG_A1.mk
-rw-rw-r--   1 travis travis  1433 Jan 18 03:25 ModularCG_A1_profile.class
-rw-rw-r--   1 travis travis  1704 Jan 18 03:25 ModularCG_A1_profile.java
-rw-rw-r--   1 travis travis  3827 Jan 18 03:25 ModularCG_A2_B1.class
-rw-rw-r--   1 travis travis 10667 Jan 18 03:25 ModularCG_A2_B1.java
-rw-rw-r--   1 travis travis   832 Jan 18 03:25 ModularCG_A2_B1.mk
-rw-rw-r--   1 travis travis  1381 Jan 18 03:25 ModularCG_A2_B1_profile.class
-rw-rw-r--   1 travis travis  1446 Jan 18 03:25 ModularCG_A2_B1_profile.java
-rw-rw-r--   1 travis travis  3693 Jan 18 03:25 ModularCG_A2_B2.class
-rw-rw-r--   1 travis travis  9730 Jan 18 03:25 ModularCG_A2_B2.java
-rw-rw-r--   1 travis travis   832 Jan 18 03:25 ModularCG_A2_B2.mk
-rw-rw-r--   1 travis travis  1318 Jan 18 03:25 ModularCG_A2_B2_profile.class
-rw-rw-r--   1 travis travis  1262 Jan 18 03:25 ModularCG_A2_B2_profile.java
-rw-rw-r--   1 travis travis  4870 Jan 18 03:25 ModularCG_A2.class
-rw-rw-r--   1 travis travis 15129 Jan 18 03:25 ModularCG_A2.java
-rw-rw-r--   1 travis travis   808 Jan 18 03:25 ModularCG_A2.mk
-rw-rw-r--   1 travis travis  1433 Jan 18 03:25 ModularCG_A2_profile.class
-rw-rw-r--   1 travis travis  1704 Jan 18 03:25 ModularCG_A2_profile.java
-rw-rw-r--   1 travis travis  3473 Jan 18 03:25 ModularCGPubSub_A1_A2.class
-rw-rw-r--   1 travis travis  9076 Jan 18 03:25 ModularCGPubSub_A1_A2.java
-rw-rw-r--   1 travis travis   880 Jan 18 03:25 ModularCGPubSub_A1_A2.mk
-rw-rw-r--   1 travis travis  1300 Jan 18 03:25 ModularCGPubSub_A1_A2_profile.class
-rw-rw-r--   1 travis travis  1222 Jan 18 03:25 ModularCGPubSub_A1_A2_profile.java
-rw-rw-r--   1 travis travis  3790 Jan 18 03:25 ModularCGPubSub_A1.class
-rw-rw-r--   1 travis travis  9836 Jan 18 03:25 ModularCGPubSub_A1.java
-rw-rw-r--   1 travis travis   856 Jan 18 03:25 ModularCGPubSub_A1.mk
-rw-rw-r--   1 travis travis  1346 Jan 18 03:25 ModularCGPubSub_A1_profile.class
-rw-rw-r--   1 travis travis  1388 Jan 18 03:25 ModularCGPubSub_A1_profile.java
-rw-rw-r--   1 travis travis  3988 Jan 18 03:25 ModularCodeGen2_ModularCodeGenTypedCompositeActor.class
-rw-rw-r--   1 travis travis 11690 Jan 18 03:25 ModularCodeGen2_ModularCodeGenTypedCompositeActor.java
-rw-rw-r--   1 travis travis  1104 Jan 18 03:25 ModularCodeGen2_ModularCodeGenTypedCompositeActor.mk
-rw-rw-r--   1 travis travis  4272 Jan 18 03:25 ModularCodeGen2_ModularCodeGenTypedCompositeActor_ModularCodeGenTypedCompositeActor.class
-rw-rw-r--   1 travis travis 11790 Jan 18 03:25 ModularCodeGen2_ModularCodeGenTypedCompositeActor_ModularCodeGenTypedCompositeActor.java
-rw-rw-r--   1 travis travis  1376 Jan 18 03:25 ModularCodeGen2_ModularCodeGenTypedCompositeActor_ModularCodeGenTypedCompositeActor.mk
-rw-rw-r--   1 travis travis  1421 Jan 18 03:25 ModularCodeGen2_ModularCodeGenTypedCompositeActor_ModularCodeGenTypedCompositeActor_profile.class
-rw-rw-r--   1 travis travis  1294 Jan 18 03:25 ModularCodeGen2_ModularCodeGenTypedCompositeActor_ModularCodeGenTypedCompositeActor_profile.java
-rw-rw-r--   1 travis travis   820 Jan 18 03:25 ModularCodeGen2_ModularCodeGenTypedCompositeActor_profile.class
-rw-rw-r--   1 travis travis   693 Jan 18 03:25 ModularCodeGen2_ModularCodeGenTypedCompositeActor_profile.java
-rw-rw-r--   1 travis travis  3741 Jan 18 03:25 ModularCodeGen3_A1_B1.class
-rw-rw-r--   1 travis travis  9958 Jan 18 03:25 ModularCodeGen3_A1_B1.java
-rw-rw-r--   1 travis travis   880 Jan 18 03:25 ModularCodeGen3_A1_B1.mk
-rw-rw-r--   1 travis travis  1330 Jan 18 03:25 ModularCodeGen3_A1_B1_profile.class
-rw-rw-r--   1 travis travis  1274 Jan 18 03:25 ModularCodeGen3_A1_B1_profile.java
-rw-rw-r--   1 travis travis  3741 Jan 18 03:25 ModularCodeGen3_A1_B2.class
-rw-rw-r--   1 travis travis  9958 Jan 18 03:25 ModularCodeGen3_A1_B2.java
-rw-rw-r--   1 travis travis   880 Jan 18 03:25 ModularCodeGen3_A1_B2.mk
-rw-rw-r--   1 travis travis  1330 Jan 18 03:25 ModularCodeGen3_A1_B2_profile.class
-rw-rw-r--   1 travis travis  1274 Jan 18 03:25 ModularCodeGen3_A1_B2_profile.java
-rw-rw-r--   1 travis travis  4961 Jan 18 03:26 ModularCodeGen3_A1.class
-rw-rw-r--   1 travis travis 15564 Jan 18 03:26 ModularCodeGen3_A1.java
-rw-rw-r--   1 travis travis   856 Jan 18 03:26 ModularCodeGen3_A1.mk
-rw-rw-r--   1 travis travis  1445 Jan 18 03:26 ModularCodeGen3_A1_profile.class
-rw-rw-r--   1 travis travis  1716 Jan 18 03:25 ModularCodeGen3_A1_profile.java
-rw-rw-r--   1 travis travis  3887 Jan 18 03:26 ModularCodeGen3_A2_B1.class
-rw-rw-r--   1 travis travis 10955 Jan 18 03:26 ModularCodeGen3_A2_B1.java
-rw-rw-r--   1 travis travis   880 Jan 18 03:26 ModularCodeGen3_A2_B1.mk
-rw-rw-r--   1 travis travis  1393 Jan 18 03:26 ModularCodeGen3_A2_B1_profile.class
-rw-rw-r--   1 travis travis  1458 Jan 18 03:26 ModularCodeGen3_A2_B1_profile.java
-rw-rw-r--   1 travis travis  3741 Jan 18 03:26 ModularCodeGen3_A2_B2.class
-rw-rw-r--   1 travis travis  9958 Jan 18 03:26 ModularCodeGen3_A2_B2.java
-rw-rw-r--   1 travis travis   880 Jan 18 03:26 ModularCodeGen3_A2_B2.mk
-rw-rw-r--   1 travis travis  1330 Jan 18 03:26 ModularCodeGen3_A2_B2_profile.class
-rw-rw-r--   1 travis travis  1274 Jan 18 03:26 ModularCodeGen3_A2_B2_profile.java
-rw-rw-r--   1 travis travis  5038 Jan 18 03:26 ModularCodeGen3_A2.class
-rw-rw-r--   1 travis travis 15957 Jan 18 03:26 ModularCodeGen3_A2.java
-rw-rw-r--   1 travis travis   856 Jan 18 03:26 ModularCodeGen3_A2.mk
-rw-rw-r--   1 travis travis  1445 Jan 18 03:26 ModularCodeGen3_A2_profile.class
-rw-rw-r--   1 travis travis  1716 Jan 18 03:26 ModularCodeGen3_A2_profile.java
-rw-rw-r--   1 travis travis  1273 Jan 18 03:26 ModularCodeGen4_A1_B1_profile.java
-rw-rw-r--   1 travis travis  3954 Jan 18 03:25 ModularCodeGen_ModularCodeGenTypedCompositeActor.class
-rw-rw-r--   1 travis travis 10970 Jan 18 03:25 ModularCodeGen_ModularCodeGenTypedCompositeActor.java
-rw-rw-r--   1 travis travis  1096 Jan 18 03:25 ModularCodeGen_ModularCodeGenTypedCompositeActor.mk
-rw-rw-r--   1 travis travis  1384 Jan 18 03:25 ModularCodeGen_ModularCodeGenTypedCompositeActor_profile.class
-rw-rw-r--   1 travis travis  1328 Jan 18 03:25 ModularCodeGen_ModularCodeGenTypedCompositeActor_profile.java
-rw-rw-r--   1 travis travis  3492 Jan 18 03:25 ModularCodeGenTest_A1_A2.class
-rw-rw-r--   1 travis travis   904 Jan 18 03:25 ModularCodeGenTest_A1_A2.mk
-rw-rw-r--   1 travis travis  1306 Jan 18 03:25 ModularCodeGenTest_A1_A2_profile.class
-rw-rw-r--   1 travis travis  9968 Jan 18 03:25 ModularCodeGenTest_A1.java
-rw-rw-r--   1 travis travis   880 Jan 18 03:25 ModularCodeGenTest_A1.mk
drwxrwxr-x   3 travis travis 36864 Jan 18 03:25 modulation2
drwxrwxr-x   3 travis travis 20480 Jan 18 03:21 Multiplexor
drwxrwxr-x 249 travis travis 12288 Jan 18 03:25 node_modules
drwxrwxr-x   3 travis travis 20480 Jan 18 03:22 PhaseUnwrap
-rw-rw-r--   1 travis travis   520 Jan 18 03:25 Repeat$_fireFunction_Repeat_Repeat$__f_sL_0.class
-rw-rw-r--   1 travis travis   522 Jan 18 03:25 Repeat$_fireFunction_Repeat_Repeat$__f_sL_10.class
-rw-rw-r--   1 travis travis   666 Jan 18 03:25 Repeat$_fireFunction_Repeat_Repeat$__f_sL_11.class
-rw-rw-r--   1 travis travis   522 Jan 18 03:25 Repeat$_fireFunction_Repeat_Repeat$__f_sL_13.class
-rw-rw-r--   1 travis travis   665 Jan 18 03:25 Repeat$_fireFunction_Repeat_Repeat$__f_sL_1.class
-rw-rw-r--   1 travis travis   520 Jan 18 03:25 Repeat$_fireFunction_Repeat_Repeat$__f_sL_2.class
-rw-rw-r--   1 travis travis   520 Jan 18 03:25 Repeat$_fireFunction_Repeat_Repeat$__f_sL_3.class
-rw-rw-r--   1 travis travis   520 Jan 18 03:25 Repeat$_fireFunction_Repeat_Repeat$__f_sL_5.class
-rw-rw-r--   1 travis travis   671 Jan 18 03:25 Repeat$_fireFunction_Repeat_Repeat$__f_sL_7.class
-rw-rw-r--   1 travis travis   520 Jan 18 03:25 Repeat$_fireFunction_Repeat_Repeat$__f_sL_9.class
-rw-rw-r--   1 travis travis   813 Jan 18 03:25 Repeat$_initialize_Repeat.class
-rw-rw-r--   1 travis travis   475 Jan 18 03:25 Repeat$_initialize_Repeat$__i_sL_0.class
-rw-rw-r--   1 travis travis   519 Jan 18 03:25 Repeat$_initialize_Repeat$__i_sL_3.class
-rw-rw-r--   1 travis travis 39778 Jan 18 03:25 Repeat.java
-rw-rw-r--   1 travis travis  1281 Jan 18 03:25 Repeat.mk
-rw-rw-r--   1 travis travis   520 Jan 18 03:25 Repeat$_preinitializeMethod_Repeat$__p_sL_0.class
-rw-rw-r--   1 travis travis   520 Jan 18 03:25 Repeat$_preinitializeMethod_Repeat$__p_sL_1.class
-rw-rw-r--   1 travis travis  1083 Jan 18 03:25 Repeat$_Repeat$_fireFunction_Repeat_AddSubtract_Repeat.class
-rw-rw-r--   1 travis travis   791 Jan 18 03:25 Repeat$_Repeat$_fireFunction_Repeat_AddSubtract_Repeat$__f_sL_0.class
-rw-rw-r--   1 travis travis   909 Jan 18 03:25 Repeat$_Repeat$_fireFunction_Repeat_AddSubtract_Repeat$__f_sL_1.class
-rw-rw-r--   1 travis travis   915 Jan 18 03:25 Repeat$_Repeat$_fireFunction_Repeat_AddSubtract_Repeat$__f_sL_2.class
-rw-rw-r--   1 travis travis   838 Jan 18 03:25 Repeat$_Repeat$_fireFunction_Repeat_Ramp2_Repeat$__f_sL_1.class
-rw-rw-r--   1 travis travis  1785 Jan 18 03:25 Repeat$_Repeat$_fireFunction_Repeat_Test_Repeat$__f_sL_2.class
-rw-rw-r--   1 travis travis   685 Jan 18 03:25 Repeat$_Repeat_SDF_Director_run_Repeat$__R_sL_0.class
-rw-rw-r--   1 travis travis   540 Jan 18 03:25 Repeat$_Repeat_SDF_Director_run_Repeat$__R_sL_1.class
-rw-rw-r--   1 travis travis   540 Jan 18 03:25 Repeat$_Repeat_SDF_Director_run_Repeat$__R_sL_2.class
-rw-rw-r--   1 travis travis   540 Jan 18 03:25 Repeat$_Repeat_SDF_Director_run_Repeat$__R_sL_4.class
-rw-rw-r--   1 travis travis   540 Jan 18 03:25 Repeat$_Repeat_SDF_Director_run_Repeat$__R_sL_5.class
-rw-rw-r--   1 travis travis   691 Jan 18 03:25 Repeat$_Repeat_SDF_Director_run_Repeat$__R_sL_6.class
-rw-rw-r--   1 travis travis   540 Jan 18 03:25 Repeat$_Repeat_SDF_Director_run_Repeat$__R_sL_7.class
-rw-rw-r--   1 travis travis   863 Jan 18 03:25 Repeat$_varinit_Repeat.class
-rw-rw-r--   1 travis travis   530 Jan 18 03:25 Repeat$_varinit_Repeat$__v_sL_1.class
-rw-rw-r--   1 travis travis   531 Jan 18 03:25 Repeat$_varinit_Repeat$__v_sL_2.class
-rw-rw-r--   1 travis travis   905 Jan 18 03:25 Repeat$_varinit_Repeat$__v_sL_4.class
-rw-rw-r--   1 travis travis   635 Jan 18 03:25 Repeat$_wrapup_Repeat.class
-rw-rw-r--   1 travis travis   965 Jan 18 03:25 Repeat$_wrapup_Repeat$__w_sL_1.class
-rw-rw-r--   1 travis travis   289 Jan 18 03:19 result.csv
drwxrwxr-x   3 travis travis 12288 Jan 18 03:23 Scrambler1
drwxrwxr-x   3 travis travis 20480 Jan 18 03:22 Sinewave2
drwxrwxr-x   3 travis travis 69632 Jan 18 03:23 StringCompare
drwxrwxr-x   3 travis travis 32768 Jan 18 03:23 StringFunction
drwxrwxr-x   3 travis travis 12288 Jan 18 03:23 StringLength
drwxrwxr-x   3 travis travis 57344 Jan 18 03:24 StringSimpleReplace
drwxrwxr-x   3 travis travis 12288 Jan 18 03:24 time2
drwxrwxr-x   3 travis travis 12288 Jan 18 03:25 time5
-rw-rw-r--   1 travis travis   432 Jan 18 03:26 Token.class
-rw-rw-r--   1 travis travis   251 Jan 18 03:26 Token.java
-rw-rw-r--   1 travis travis     0 Jan 18 03:25 top.
-rw-rw-r--   1 travis travis 20502 Jan 18 03:19 top.c
-rw-rw-r--   1 travis travis  3567 Jan 18 03:25 top.class
-rw-rw-r--   1 travis travis   169 Jan 18 03:19 top.html
-rw-rw-r--   1 travis travis  7552 Jan 18 03:25 top.java
-rw-rw-r--   1 travis travis 38888 Jan 18 03:19 top.o
drwxrwxr-x   3 travis travis 57344 Jan 18 03:22 UnaryMathFunction
warning: Supported source version 'RELEASE_6' from annotation processor 'org.netbeans.modules.openide.util.NbBundleProcessor' less than -source '1.8'
warning: Supported source version 'RELEASE_6' from annotation processor 'org.netbeans.modules.openide.util.URLStreamHandlerRegistrationProcessor' less than -source '1.8'
warning: Supported source version 'RELEASE_6' from annotation processor 'org.netbeans.modules.openide.util.ServiceProviderProcessor' less than -source '1.8'
3 warnings
All Done
Writing ModularCodeGen4_A1_B1.java in file:/home/travis/cg/ (10312 characters)
Reading "ptolemy/cg/kernel/generic/program/procedural/java/modular/makefile.in",
    writing "/home/travis/cg/ModularCodeGen4_A1_B1.mk"
Using ptolemy/cg/kernel/generic/program/procedural/java/modular/makefile.in
In "/home/travis/cg", about to execute:
    make -f ModularCodeGen4_A1_B1.mk
javac -classpath ".:.."    ModularCodeGen4_A1_B1.java
All Done
In "/home/travis/cg", about to execute:
    pwd
In "/home/travis/cg", about to execute:
    ls -l
/home/travis/cg
total 1560
drwxrwxr-x   3 travis travis 12288 Jan 18 03:20 AbsoluteValue
drwxrwxr-x   3 travis travis 16384 Jan 18 03:20 Case1
drwxrwxr-x   3 travis travis 32768 Jan 18 03:20 Case2
-rw-rw-r--   1 travis travis  4895 Jan 18 03:25 CompiledCompositeActor_CompiledCompositeActor.class
-rw-rw-r--   1 travis travis  1592 Jan 18 03:25 CompiledCompositeActor_CompiledCompositeActor$_CompiledCompositeActor_CompiledCompositeActor.class
-rw-rw-r--   1 travis travis 13466 Jan 18 03:25 CompiledCompositeActor_CompiledCompositeActor.java
-rw-rw-r--   1 travis travis  1593 Jan 18 03:25 CompiledCompositeActor_CompiledCompositeActor.mk
drwxrwxr-x   3 travis travis 24576 Jan 18 03:23 DeScrambler
drwxrwxr-x   3 travis travis 16384 Jan 18 03:24 DotProduct
drwxrwxr-x   3 travis travis 12288 Jan 18 03:21 FileWriter1
drwxrwxr-x   3 travis travis 20480 Jan 18 03:20 FixToDoubleAndBack
drwxrwxr-x   3 travis travis 16384 Jan 18 03:21 Gaussian1
drwxrwxr-x   3 travis travis 20480 Jan 18 03:21 Gaussian2
-rw-rw-r--   1 travis travis  4457 Jan 18 03:25 JavaCompiledCompositeTest1_CompiledCompositeActor.class
-rw-rw-r--   1 travis travis 11637 Jan 18 03:25 JavaCompiledCompositeTest1_CompiledCompositeActor.java
-rw-rw-r--   1 travis travis  1198 Jan 18 03:25 JavaCompiledCompositeTest1_CompiledCompositeActor$_JavaCompiledCompositeTest1_CompiledCompositeActor.class
-rw-rw-r--   1 travis travis  1625 Jan 18 03:25 JavaCompiledCompositeTest1_CompiledCompositeActor.mk
-rw-rw-r--   1 travis travis  4888 Jan 18 03:25 JavaCompiledCompositeTest2_CompiledCompositeActor.class
-rw-rw-r--   1 travis travis 14919 Jan 18 03:25 JavaCompiledCompositeTest2_CompiledCompositeActor.java
-rw-rw-r--   1 travis travis  1793 Jan 18 03:25 JavaCompiledCompositeTest2_CompiledCompositeActor$_JavaCompiledCompositeTest2_CompiledCompositeActor.class
-rw-rw-r--   1 travis travis  1625 Jan 18 03:25 JavaCompiledCompositeTest2_CompiledCompositeActor.mk
-rw-rw-r--   1 travis travis  4505 Jan 18 03:25 JavaCompiledCompositeTest3_CompiledCompositeActor.class
-rw-rw-r--   1 travis travis 13080 Jan 18 03:25 JavaCompiledCompositeTest3_CompiledCompositeActor.java
-rw-rw-r--   1 travis travis  1378 Jan 18 03:25 JavaCompiledCompositeTest3_CompiledCompositeActor$_JavaCompiledCompositeTest3_CompiledCompositeActor.class
-rw-rw-r--   1 travis travis  1625 Jan 18 03:25 JavaCompiledCompositeTest3_CompiledCompositeActor.mk
-rw-rw-r--   1 travis travis  3953 Jan 18 03:25 JavaCompiledCompositeTest4_CompiledCompositeActor.class
-rw-rw-r--   1 travis travis  9687 Jan 18 03:25 JavaCompiledCompositeTest4_CompiledCompositeActor.java
-rw-rw-r--   1 travis travis   857 Jan 18 03:25 JavaCompiledCompositeTest4_CompiledCompositeActor$_JavaCompiledCompositeTest4_CompiledCompositeActor.class
-rw-rw-r--   1 travis travis  1625 Jan 18 03:25 JavaCompiledCompositeTest4_CompiledCompositeActor.mk
drwxrwxr-x   3 travis travis 12288 Jan 18 03:21 LookupTable
drwxrwxr-x   3 travis travis 20480 Jan 18 03:21 MaxIndex
-rw-rw-r--   1 travis travis  3693 Jan 18 03:25 ModularCG_A1_B1.class
In "/home/travis/cg", about to execute:
-rw-rw-r--   1 travis travis  9730 Jan 18 03:25 ModularCG_A1_B1.java
-rw-rw-r--   1 travis travis   832 Jan 18 03:25 ModularCG_A1_B1.mk
-rw-rw-r--   1 travis travis  1318 Jan 18 03:25 ModularCG_A1_B1_profile.class
-rw-rw-r--   1 travis travis  1262 Jan 18 03:25 ModularCG_A1_B1_profile.java
-rw-rw-r--   1 travis travis  3693 Jan 18 03:25 ModularCG_A1_B2.class
-rw-rw-r--   1 travis travis  9730 Jan 18 03:25 ModularCG_A1_B2.java
-rw-rw-r--   1 travis travis   832 Jan 18 03:25 ModularCG_A1_B2.mk
-rw-rw-r--   1 travis travis  1318 Jan 18 03:25 ModularCG_A1_B2_profile.class
-rw-rw-r--   1 travis travis  1262 Jan 18 03:25 ModularCG_A1_B2_profile.java
-rw-rw-r--   1 travis travis  4799 Jan 18 03:25 ModularCG_A1.class
-rw-rw-r--   1 travis travis 14742 Jan 18 03:25 ModularCG_A1.java
-rw-rw-r--   1 travis travis   808 Jan 18 03:25 ModularCG_A1.mk
-rw-rw-r--   1 travis travis  1433 Jan 18 03:25 ModularCG_A1_profile.class
-rw-rw-r--   1 travis travis  1704 Jan 18 03:25 ModularCG_A1_profile.java
-rw-rw-r--   1 travis travis  3827 Jan 18 03:25 ModularCG_A2_B1.class
-rw-rw-r--   1 travis travis 10667 Jan 18 03:25 ModularCG_A2_B1.java
-rw-rw-r--   1 travis travis   832 Jan 18 03:25 ModularCG_A2_B1.mk
-rw-rw-r--   1 travis travis  1381 Jan 18 03:25 ModularCG_A2_B1_profile.class
-rw-rw-r--   1 travis travis  1446 Jan 18 03:25 ModularCG_A2_B1_profile.java
-rw-rw-r--   1 travis travis  3693 Jan 18 03:25 ModularCG_A2_B2.class
-rw-rw-r--   1 travis travis  9730 Jan 18 03:25 ModularCG_A2_B2.java
-rw-rw-r--   1 travis travis   832 Jan 18 03:25 ModularCG_A2_B2.mk
-rw-rw-r--   1 travis travis  1318 Jan 18 03:25 ModularCG_A2_B2_profile.class
-rw-rw-r--   1 travis travis  1262 Jan 18 03:25 ModularCG_A2_B2_profile.java
-rw-rw-r--   1 travis travis  4870 Jan 18 03:25 ModularCG_A2.class
-rw-rw-r--   1 travis travis 15129 Jan 18 03:25 ModularCG_A2.java
-rw-rw-r--   1 travis travis   808 Jan 18 03:25 ModularCG_A2.mk
-rw-rw-r--   1 travis travis  1433 Jan 18 03:25 ModularCG_A2_profile.class
-rw-rw-r--   1 travis travis  1704 Jan 18 03:25 ModularCG_A2_profile.java
-rw-rw-r--   1 travis travis  3473 Jan 18 03:25 ModularCGPubSub_A1_A2.class
-rw-rw-r--   1 travis travis  9076 Jan 18 03:25 ModularCGPubSub_A1_A2.java
-rw-rw-r--   1 travis travis   880 Jan 18 03:25 ModularCGPubSub_A1_A2.mk
-rw-rw-r--   1 travis travis  1300 Jan 18 03:25 ModularCGPubSub_A1_A2_profile.class
    javac -classpath
.:/home/travis/build/icyphy/ptII:/home/travis/build/icyphy/ptII/lib/bsh-2.0b4.j
ar:/home/travis/build/icyphy/ptII/lib/ptCal.jar:/home/travis/build/icyphy/ptII/
lib/java_cup.jar:/home/travis/build/icyphy/ptII/lib/saxon8.jar:/home/travis/bui
ld/icyphy/ptII/lib/saxon8-dom.jar:/home/travis/build/icyphy/ptII/lib/chic.jar:/
home/travis/build/icyphy/ptII/lib/ptcolt.jar:/usr/lib/jvm/java-8-oracle/lib/too
ls.jar:/usr/lib/eclipse/plugins/org.eclipse.jdt.core_3.8.2.dist.jar:/usr/lib/ec
lipse/plugins/org.eclipse.core.runtime_3.8.0.dist.jar:/usr/lib/eclipse/plugins/
org.eclipse.osgi_3.8.1.dist.jar:/usr/lib/eclipse/plugins/org.eclipse.core.resou
rces_3.8.1.dist.jar:/usr/lib/eclipse/plugins/org.eclipse.equinox.common_3.6.100
.dist.jar:/usr/lib/eclipse/plugins/org.eclipse.core.jobs_3.5.200.dist.jar:/usr/
lib/eclipse/plugins/org.eclipse.core.contenttype_3.4.200.dist.jar:/usr/lib/ecli
pse/plugins/org.eclipse.equinox.preferences_3.5.0.dist.jar:/usr/lib/eclipse/plu
gins/org.eclipse.text_3.5.200.dist.jar:/usr/lib/eclipse/plugins/org.eclipse.ui.
workbench_3.8.1.dist.jar:/usr/lib/eclipse/plugins/org.eclipse.jface_3.8.0.dist.
jar:/usr/lib/eclipse/plugins/org.eclipse.swt_3.8.2.jar:/usr/lib/eclipse/plugins
/org.eclipse.jface.text_3.8.1.dist.jar:/usr/lib/eclipse/plugins/org.eclipse.ui.
workbench.texteditor_3.8.0.dist.jar:/usr/lib/eclipse/plugins/org.eclipse.ui.edi
tors_3.8.0.dist.jar:/usr/lib/eclipse/plugins/org.eclipse.core.commands_3.6.1.di
st.jar:/usr/lib/eclipse/plugins/org.eclipse.equinox.registry_3.5.200.dist.jar:/
usr/lib/eclipse/plugins/org.eclipse.ui.console_3.5.100.dist.jar:/usr/lib/eclips
e/plugins/org.eclipse.ui.forms_3.5.200.dist.jar:/usr/lib/eclipse/plugins/org.ec
lipse.ui.ide_3.8.1.dist.jar:/home/travis/build/icyphy/ptII/vendors/oracle/dbxml
.jar:/home/travis/build/icyphy/ptII/vendors/oracle/db.jar:/home/travis/build/ic
yphy/ptII/vendors/misc/itext/iText.jar:/home/travis/build/icyphy/ptII/lib/g4ltl
.jar:/home/travis/build/icyphy/ptII/lib/StructuralCoder.jar:/home/travis/build/
icyphy/ptII/lib/org-openide-util.jar:/home/travis/build/icyphy/ptII/lib/org-ope
nide-util-lookup.jar:/home/travis/build/icyphy/ptII/lib/org-netbeans-api-visual
.jar:/home/travis/build/icyphy/ptII/vendors/jai-1_1_2_01/lib/jai_core.jar:/home
/travis/build/icyphy/ptII/vendors/jai-1_1_2_01/lib/jai_codec.jar:/home/travis/b
uild/icyphy/ptII/lib/jcerti.jar:/home/travis/build/icyphy/ptII/lib/smack.jar:/h
ome/travis/build/icyphy/ptII/lib/smackx.jar:/home/travis/build/icyphy/ptII/lib/
jetty-all-8.1.5-v20120716.jar:/home/travis/build/icyphy/ptII/lib/javax.servlet-
api-3.0.1.jar:/home/travis/build/icyphy/ptII/lib/javax.mail.jar:/home/travis/bu
ild/icyphy/ptII/vendors/JMF-2.1.1e/lib/jmf.jar:/home/travis/build/icyphy/ptII/l
ib/jna-4.0.0-variadic.jar:/home/travis/build/icyphy/ptII/vendors/misc/joystick/
Joystick.jar:/home/travis/build/icyphy/ptII/lib/ptjacl.jar:/home/travis/build/i
cyphy/ptII/lib/jsoup-1.8.2.jar:/home/travis/build/icyphy/ptII/lib/junit-4.8.2.j
ar:/home/travis/build/icyphy/ptII/lib/JUnitParams-0.4.0.jar:/home/travis/build/
icyphy/ptII/ptolemy/actor/lib/excel/jxl.jar:/home/travis/build/icyphy/ptII/lib/
jython.jar:/home/travis/build/icyphy/ptII/lib/kieler.jar:/home/travis/build/icy
phy/ptII/vendors/opencv/share/OpenCV/java/opencv-341.jar:/home/travis/build/icy
phy/ptII/lib/oscP5.jar:/home/travis/build/icyphy/ptII/lib/nrjavaserial-3.11.0.d
evel.jar:/home/travis/build/icyphy/ptII/vendors/j3d/lib/j3dcore.jar:/home/travi
s/build/icyphy/ptII/vendors/j3d/lib/j3dutils.jar:/home/travis/build/icyphy/ptII
/vendors/j3d/lib/vecmath.jar:/home/travis/build/icyphy/ptII/ptolemy/distributed
/jini/jar/jini-core.jar:/home/travis/build/icyphy/ptII/ptolemy/distributed/jini
/jar/jini-ext.jar:/home/travis/build/icyphy/ptII/ptolemy/distributed/jini/jar/s
un-util.jar:/home/travis/build/icyphy/ptII/lib/protobuf-java-2.4.1.jar:/home/tr
avis/build/icyphy/ptII/lib/org.eclipse.paho.client.mqttv3.jar:/home/travis/buil
d/icyphy/ptII/ptserver/lib/hessian-4.0.7.jar:/home/travis/build/icyphy/ptII/pts
erver/lib/wmqtt.jar:/home/travis/build/icyphy/ptII/lib/mapss.jar:/home/travis/b
uild/icyphy/ptII/ptolemy/actor/ptalon/antlr/antlr.jar:/home/travis/build/icyphy
/ptII/lib/JRI.jar:/home/travis/build/icyphy/ptII/lib/commons-lang-2.6.jar:/home
/travis/build/icyphy/ptII/lib/commons-logging-1.1.1.jar:/home/travis/build/icyp
hy/ptII/lib/sootclasses.jar:/home/travis/build/icyphy/ptII/ptolemy/actor/lib/da
tabase/mysql-connector-java-5.1.6-bin.jar:/home/travis/build/icyphy/ptII/vendor
s/misc/sphinx4/sphinx4-data-5prealpha.jar:/home/travis/build/icyphy/ptII/vendor
s/misc/sphinx4/sphinx4-core-5prealpha.jar:/home/travis/build/icyphy/ptII/lib/PD
FRenderer.jar:/home/travis/build/icyphy/ptII/lib/svgSalamander.jar:/home/travis
/build/icyphy/ptII/lib/rsyntaxtextarea-2.6.0-SNAPSHOT.jar:/home/travis/build/ic
yphy/ptII/lib/hazelcast-3.8.2.jar:/home/travis/build/icyphy/ptII/lib/jackson-an
notations-2.9.0.jar:/home/travis/build/icyphy/ptII/lib/jackson-core-2.9.3.jar:/
home/travis/build/icyphy/ptII/lib/jackson-databind-2.9.3.jar:/home/travis/build
/icyphy/ptII/lib/netty-buffer-4.1.19.Final.jar:/home/travis/build/icyphy/ptII/l
ib/netty-codec-4.1.19.Final.jar:/home/travis/build/icyphy/ptII/lib/netty-codec-
dns-4.1.19.Final.jar:/home/travis/build/icyphy/ptII/lib/netty-codec-http-4.1.19
.Final.jar:/home/travis/build/icyphy/ptII/lib/netty-codec-http2-4.1.19.Final.ja
r:/home/travis/build/icyphy/ptII/lib/netty-common-4.1.19.Final.jar:/home/travis
/build/icyphy/ptII/lib/netty-handler-4.1.19.Final.jar:/home/travis/build/icyphy
/ptII/lib/netty-resolver-4.1.19.Final.jar:/home/travis/build/icyphy/ptII/lib/ne
tty-resolver-dns-4.1.19.Final.jar:/home/travis/build/icyphy/ptII/lib/netty-tran
sport-4.1.19.Final.jar:/home/travis/build/icyphy/ptII/lib/vertx-codegen-3.5.1.j
ar:/home/travis/build/icyphy/ptII/lib/vertx-core-3.5.2-SNAPSHOT.jar:/home/travi
s/build/icyphy/ptII/lib/vertx-hazelcast-3.5.1.jar:/home/travis/build/icyphy/ptI
I/lib/vertx-lang-js-3.5.1.jar:/home/travis/build/icyphy/ptII/lib/vertx-service-
proxy-3.5.1.jar:/home/travis/build/icyphy/ptII/lib/vertx-web-3.5.1.jar:/home/tr
avis/build/icyphy/ptII/lib/slf4j-api-1.7.13.jar:/home/travis/build/icyphy/ptII/
lib/slf4j-simple-1.7.13.jar:/home/travis/build/icyphy/ptII/lib/webcam-capture-0
.3.12.jar:/home/travis/build/icyphy/ptII/lib/bridj-0.7.0.jar:/home/travis/build
/icyphy/ptII/lib/xbjlib-1.1.0.nrjavaserial.jar:/home/travis/build/icyphy/ptII/p
tolemy/moml/test:/home/travis/build/icyphy/ptII/ant/lib/ant-launcher.jar:/home/
travis/build/icyphy/ptII/ant/lib/ant.jar:/home/travis/build/icyphy/ptII/ant/lib
/ant-junit.jar:/home/travis/build/icyphy/ptII/ant/lib/ant-junit4.jar:/home/trav
is/build/icyphy/ptII ModularCodeGen4_A1_B2_profile.java
-rw-rw-r--   1 travis travis  1222 Jan 18 03:25 ModularCGPubSub_A1_A2_profile.java
-rw-rw-r--   1 travis travis  3790 Jan 18 03:25 ModularCGPubSub_A1.class
-rw-rw-r--   1 travis travis  9836 Jan 18 03:25 ModularCGPubSub_A1.java
-rw-rw-r--   1 travis travis   856 Jan 18 03:25 ModularCGPubSub_A1.mk
-rw-rw-r--   1 travis travis  1346 Jan 18 03:25 ModularCGPubSub_A1_profile.class
-rw-rw-r--   1 travis travis  1388 Jan 18 03:25 ModularCGPubSub_A1_profile.java
-rw-rw-r--   1 travis travis  3988 Jan 18 03:25 ModularCodeGen2_ModularCodeGenTypedCompositeActor.class
-rw-rw-r--   1 travis travis 11690 Jan 18 03:25 ModularCodeGen2_ModularCodeGenTypedCompositeActor.java
-rw-rw-r--   1 travis travis  1104 Jan 18 03:25 ModularCodeGen2_ModularCodeGenTypedCompositeActor.mk
-rw-rw-r--   1 travis travis  4272 Jan 18 03:25 ModularCodeGen2_ModularCodeGenTypedCompositeActor_ModularCodeGenTypedCompositeActor.class
-rw-rw-r--   1 travis travis 11790 Jan 18 03:25 ModularCodeGen2_ModularCodeGenTypedCompositeActor_ModularCodeGenTypedCompositeActor.java
-rw-rw-r--   1 travis travis  1376 Jan 18 03:25 ModularCodeGen2_ModularCodeGenTypedCompositeActor_ModularCodeGenTypedCompositeActor.mk
-rw-rw-r--   1 travis travis  1421 Jan 18 03:25 ModularCodeGen2_ModularCodeGenTypedCompositeActor_ModularCodeGenTypedCompositeActor_profile.class
-rw-rw-r--   1 travis travis  1294 Jan 18 03:25 ModularCodeGen2_ModularCodeGenTypedCompositeActor_ModularCodeGenTypedCompositeActor_profile.java
-rw-rw-r--   1 travis travis   820 Jan 18 03:25 ModularCodeGen2_ModularCodeGenTypedCompositeActor_profile.class
-rw-rw-r--   1 travis travis   693 Jan 18 03:25 ModularCodeGen2_ModularCodeGenTypedCompositeActor_profile.java
-rw-rw-r--   1 travis travis  3741 Jan 18 03:25 ModularCodeGen3_A1_B1.class
-rw-rw-r--   1 travis travis  9958 Jan 18 03:25 ModularCodeGen3_A1_B1.java
-rw-rw-r--   1 travis travis   880 Jan 18 03:25 ModularCodeGen3_A1_B1.mk
-rw-rw-r--   1 travis travis  1330 Jan 18 03:25 ModularCodeGen3_A1_B1_profile.class
-rw-rw-r--   1 travis travis  1274 Jan 18 03:25 ModularCodeGen3_A1_B1_profile.java
-rw-rw-r--   1 travis travis  3741 Jan 18 03:25 ModularCodeGen3_A1_B2.class
-rw-rw-r--   1 travis travis  9958 Jan 18 03:25 ModularCodeGen3_A1_B2.java
-rw-rw-r--   1 travis travis   880 Jan 18 03:25 ModularCodeGen3_A1_B2.mk
-rw-rw-r--   1 travis travis  1330 Jan 18 03:25 ModularCodeGen3_A1_B2_profile.class
-rw-rw-r--   1 travis travis  1274 Jan 18 03:25 ModularCodeGen3_A1_B2_profile.java
-rw-rw-r--   1 travis travis  4961 Jan 18 03:26 ModularCodeGen3_A1.class
-rw-rw-r--   1 travis travis 15564 Jan 18 03:26 ModularCodeGen3_A1.java
-rw-rw-r--   1 travis travis   856 Jan 18 03:26 ModularCodeGen3_A1.mk
-rw-rw-r--   1 travis travis  1445 Jan 18 03:26 ModularCodeGen3_A1_profile.class
-rw-rw-r--   1 travis travis  1716 Jan 18 03:25 ModularCodeGen3_A1_profile.java
-rw-rw-r--   1 travis travis  3887 Jan 18 03:26 ModularCodeGen3_A2_B1.class
-rw-rw-r--   1 travis travis 10955 Jan 18 03:26 ModularCodeGen3_A2_B1.java
-rw-rw-r--   1 travis travis   880 Jan 18 03:26 ModularCodeGen3_A2_B1.mk
-rw-rw-r--   1 travis travis  1393 Jan 18 03:26 ModularCodeGen3_A2_B1_profile.class
-rw-rw-r--   1 travis travis  1458 Jan 18 03:26 ModularCodeGen3_A2_B1_profile.java
-rw-rw-r--   1 travis travis  3741 Jan 18 03:26 ModularCodeGen3_A2_B2.class
-rw-rw-r--   1 travis travis  9958 Jan 18 03:26 ModularCodeGen3_A2_B2.java
-rw-rw-r--   1 travis travis   880 Jan 18 03:26 ModularCodeGen3_A2_B2.mk
-rw-rw-r--   1 travis travis  1330 Jan 18 03:26 ModularCodeGen3_A2_B2_profile.class
-rw-rw-r--   1 travis travis  1274 Jan 18 03:26 ModularCodeGen3_A2_B2_profile.java
-rw-rw-r--   1 travis travis  5038 Jan 18 03:26 ModularCodeGen3_A2.class
-rw-rw-r--   1 travis travis 15957 Jan 18 03:26 ModularCodeGen3_A2.java
-rw-rw-r--   1 travis travis   856 Jan 18 03:26 ModularCodeGen3_A2.mk
-rw-rw-r--   1 travis travis  1445 Jan 18 03:26 ModularCodeGen3_A2_profile.class
-rw-rw-r--   1 travis travis  1716 Jan 18 03:26 ModularCodeGen3_A2_profile.java
-rw-rw-r--   1 travis travis  3794 Jan 18 03:26 ModularCodeGen4_A1_B1.class
-rw-rw-r--   1 travis travis 10312 Jan 18 03:26 ModularCodeGen4_A1_B1.java
-rw-rw-r--   1 travis travis   880 Jan 18 03:26 ModularCodeGen4_A1_B1.mk
-rw-rw-r--   1 travis travis  1330 Jan 18 03:26 ModularCodeGen4_A1_B1_profile.class
-rw-rw-r--   1 travis travis  1273 Jan 18 03:26 ModularCodeGen4_A1_B1_profile.java
-rw-rw-r--   1 travis travis  1273 Jan 18 03:26 ModularCodeGen4_A1_B2_profile.java
-rw-rw-r--   1 travis travis  3954 Jan 18 03:25 ModularCodeGen_ModularCodeGenTypedCompositeActor.class
-rw-rw-r--   1 travis travis 10970 Jan 18 03:25 ModularCodeGen_ModularCodeGenTypedCompositeActor.java
-rw-rw-r--   1 travis travis  1096 Jan 18 03:25 ModularCodeGen_ModularCodeGenTypedCompositeActor.mk
-rw-rw-r--   1 travis travis  1384 Jan 18 03:25 ModularCodeGen_ModularCodeGenTypedCompositeActor_profile.class
-rw-rw-r--   1 travis travis  1328 Jan 18 03:25 ModularCodeGen_ModularCodeGenTypedCompositeActor_profile.java
-rw-rw-r--   1 travis travis  3492 Jan 18 03:25 ModularCodeGenTest_A1_A2.class
-rw-rw-r--   1 travis travis   904 Jan 18 03:25 ModularCodeGenTest_A1_A2.mk
-rw-rw-r--   1 travis travis  1306 Jan 18 03:25 ModularCodeGenTest_A1_A2_profile.class
-rw-rw-r--   1 travis travis  9968 Jan 18 03:25 ModularCodeGenTest_A1.java
-rw-rw-r--   1 travis travis   880 Jan 18 03:25 ModularCodeGenTest_A1.mk
drwxrwxr-x   3 travis travis 36864 Jan 18 03:25 modulation2
drwxrwxr-x   3 travis travis 20480 Jan 18 03:21 Multiplexor
drwxrwxr-x 249 travis travis 12288 Jan 18 03:25 node_modules
drwxrwxr-x   3 travis travis 20480 Jan 18 03:22 PhaseUnwrap
-rw-rw-r--   1 travis travis   520 Jan 18 03:25 Repeat$_fireFunction_Repeat_Repeat$__f_sL_0.class
-rw-rw-r--   1 travis travis   522 Jan 18 03:25 Repeat$_fireFunction_Repeat_Repeat$__f_sL_10.class
-rw-rw-r--   1 travis travis   666 Jan 18 03:25 Repeat$_fireFunction_Repeat_Repeat$__f_sL_11.class
-rw-rw-r--   1 travis travis   522 Jan 18 03:25 Repeat$_fireFunction_Repeat_Repeat$__f_sL_13.class
-rw-rw-r--   1 travis travis   665 Jan 18 03:25 Repeat$_fireFunction_Repeat_Repeat$__f_sL_1.class
-rw-rw-r--   1 travis travis   520 Jan 18 03:25 Repeat$_fireFunction_Repeat_Repeat$__f_sL_2.class
-rw-rw-r--   1 travis travis   520 Jan 18 03:25 Repeat$_fireFunction_Repeat_Repeat$__f_sL_3.class
-rw-rw-r--   1 travis travis   520 Jan 18 03:25 Repeat$_fireFunction_Repeat_Repeat$__f_sL_5.class
-rw-rw-r--   1 travis travis   671 Jan 18 03:25 Repeat$_fireFunction_Repeat_Repeat$__f_sL_7.class
-rw-rw-r--   1 travis travis   520 Jan 18 03:25 Repeat$_fireFunction_Repeat_Repeat$__f_sL_9.class
-rw-rw-r--   1 travis travis   813 Jan 18 03:25 Repeat$_initialize_Repeat.class
-rw-rw-r--   1 travis travis   475 Jan 18 03:25 Repeat$_initialize_Repeat$__i_sL_0.class
-rw-rw-r--   1 travis travis   519 Jan 18 03:25 Repeat$_initialize_Repeat$__i_sL_3.class
-rw-rw-r--   1 travis travis 39778 Jan 18 03:25 Repeat.java
-rw-rw-r--   1 travis travis  1281 Jan 18 03:25 Repeat.mk
-rw-rw-r--   1 travis travis   520 Jan 18 03:25 Repeat$_preinitializeMethod_Repeat$__p_sL_0.class
-rw-rw-r--   1 travis travis   520 Jan 18 03:25 Repeat$_preinitializeMethod_Repeat$__p_sL_1.class
-rw-rw-r--   1 travis travis  1083 Jan 18 03:25 Repeat$_Repeat$_fireFunction_Repeat_AddSubtract_Repeat.class
-rw-rw-r--   1 travis travis   791 Jan 18 03:25 Repeat$_Repeat$_fireFunction_Repeat_AddSubtract_Repeat$__f_sL_0.class
-rw-rw-r--   1 travis travis   909 Jan 18 03:25 Repeat$_Repeat$_fireFunction_Repeat_AddSubtract_Repeat$__f_sL_1.class
-rw-rw-r--   1 travis travis   915 Jan 18 03:25 Repeat$_Repeat$_fireFunction_Repeat_AddSubtract_Repeat$__f_sL_2.class
-rw-rw-r--   1 travis travis   838 Jan 18 03:25 Repeat$_Repeat$_fireFunction_Repeat_Ramp2_Repeat$__f_sL_1.class
-rw-rw-r--   1 travis travis  1785 Jan 18 03:25 Repeat$_Repeat$_fireFunction_Repeat_Test_Repeat$__f_sL_2.class
-rw-rw-r--   1 travis travis   685 Jan 18 03:25 Repeat$_Repeat_SDF_Director_run_Repeat$__R_sL_0.class
-rw-rw-r--   1 travis travis   540 Jan 18 03:25 Repeat$_Repeat_SDF_Director_run_Repeat$__R_sL_1.class
-rw-rw-r--   1 travis travis   540 Jan 18 03:25 Repeat$_Repeat_SDF_Director_run_Repeat$__R_sL_2.class
-rw-rw-r--   1 travis travis   540 Jan 18 03:25 Repeat$_Repeat_SDF_Director_run_Repeat$__R_sL_4.class
-rw-rw-r--   1 travis travis   540 Jan 18 03:25 Repeat$_Repeat_SDF_Director_run_Repeat$__R_sL_5.class
-rw-rw-r--   1 travis travis   691 Jan 18 03:25 Repeat$_Repeat_SDF_Director_run_Repeat$__R_sL_6.class
-rw-rw-r--   1 travis travis   540 Jan 18 03:25 Repeat$_Repeat_SDF_Director_run_Repeat$__R_sL_7.class
-rw-rw-r--   1 travis travis   863 Jan 18 03:25 Repeat$_varinit_Repeat.class
-rw-rw-r--   1 travis travis   530 Jan 18 03:25 Repeat$_varinit_Repeat$__v_sL_1.class
-rw-rw-r--   1 travis travis   531 Jan 18 03:25 Repeat$_varinit_Repeat$__v_sL_2.class
-rw-rw-r--   1 travis travis   905 Jan 18 03:25 Repeat$_varinit_Repeat$__v_sL_4.class
-rw-rw-r--   1 travis travis   635 Jan 18 03:25 Repeat$_wrapup_Repeat.class
-rw-rw-r--   1 travis travis   965 Jan 18 03:25 Repeat$_wrapup_Repeat$__w_sL_1.class
-rw-rw-r--   1 travis travis   289 Jan 18 03:19 result.csv
drwxrwxr-x   3 travis travis 12288 Jan 18 03:23 Scrambler1
drwxrwxr-x   3 travis travis 20480 Jan 18 03:22 Sinewave2
drwxrwxr-x   3 travis travis 69632 Jan 18 03:23 StringCompare
drwxrwxr-x   3 travis travis 32768 Jan 18 03:23 StringFunction
drwxrwxr-x   3 travis travis 12288 Jan 18 03:23 StringLength
drwxrwxr-x   3 travis travis 57344 Jan 18 03:24 StringSimpleReplace
drwxrwxr-x   3 travis travis 12288 Jan 18 03:24 time2
drwxrwxr-x   3 travis travis 12288 Jan 18 03:25 time5
-rw-rw-r--   1 travis travis   432 Jan 18 03:26 Token.class
-rw-rw-r--   1 travis travis   251 Jan 18 03:26 Token.java
-rw-rw-r--   1 travis travis     0 Jan 18 03:25 top.
-rw-rw-r--   1 travis travis 20502 Jan 18 03:19 top.c
-rw-rw-r--   1 travis travis  3567 Jan 18 03:25 top.class
-rw-rw-r--   1 travis travis   169 Jan 18 03:19 top.html
-rw-rw-r--   1 travis travis  7552 Jan 18 03:25 top.java
-rw-rw-r--   1 travis travis 38888 Jan 18 03:19 top.o
drwxrwxr-x   3 travis travis 57344 Jan 18 03:22 UnaryMathFunction
warning: Supported source version 'RELEASE_6' from annotation processor 'org.netbeans.modules.openide.util.NbBundleProcessor' less than -source '1.8'
warning: Supported source version 'RELEASE_6' from annotation processor 'org.netbeans.modules.openide.util.URLStreamHandlerRegistrationProcessor' less than -source '1.8'
warning: Supported source version 'RELEASE_6' from annotation processor 'org.netbeans.modules.openide.util.ServiceProviderProcessor' less than -source '1.8'
3 warnings
All Done
Writing ModularCodeGen4_A1_B2.java in file:/home/travis/cg/ (10312 characters)
Reading "ptolemy/cg/kernel/generic/program/procedural/java/modular/makefile.in",
    writing "/home/travis/cg/ModularCodeGen4_A1_B2.mk"
Using ptolemy/cg/kernel/generic/program/procedural/java/modular/makefile.in
In "/home/travis/cg", about to execute:
    make -f ModularCodeGen4_A1_B2.mk
javac -classpath ".:.."    ModularCodeGen4_A1_B2.java
All Done
In "/home/travis/cg", about to execute:
    pwd
/home/travis/cg
In "/home/travis/cg", about to execute:
    ls -l
total 1588
drwxrwxr-x   3 travis travis 12288 Jan 18 03:20 AbsoluteValue
drwxrwxr-x   3 travis travis 16384 Jan 18 03:20 Case1
drwxrwxr-x   3 travis travis 32768 Jan 18 03:20 Case2
-rw-rw-r--   1 travis travis  4895 Jan 18 03:25 CompiledCompositeActor_CompiledCompositeActor.class
-rw-rw-r--   1 travis travis  1592 Jan 18 03:25 CompiledCompositeActor_CompiledCompositeActor$_CompiledCompositeActor_CompiledCompositeActor.class
-rw-rw-r--   1 travis travis 13466 Jan 18 03:25 CompiledCompositeActor_CompiledCompositeActor.java
-rw-rw-r--   1 travis travis  1593 Jan 18 03:25 CompiledCompositeActor_CompiledCompositeActor.mk
drwxrwxr-x   3 travis travis 24576 Jan 18 03:23 DeScrambler
drwxrwxr-x   3 travis travis 16384 Jan 18 03:24 DotProduct
drwxrwxr-x   3 travis travis 12288 Jan 18 03:21 FileWriter1
drwxrwxr-x   3 travis travis 20480 Jan 18 03:20 FixToDoubleAndBack
drwxrwxr-x   3 travis travis 16384 Jan 18 03:21 Gaussian1
drwxrwxr-x   3 travis travis 20480 Jan 18 03:21 Gaussian2
-rw-rw-r--   1 travis travis  4457 Jan 18 03:25 JavaCompiledCompositeTest1_CompiledCompositeActor.class
-rw-rw-r--   1 travis travis 11637 Jan 18 03:25 JavaCompiledCompositeTest1_CompiledCompositeActor.java
-rw-rw-r--   1 travis travis  1198 Jan 18 03:25 JavaCompiledCompositeTest1_CompiledCompositeActor$_JavaCompiledCompositeTest1_CompiledCompositeActor.class
-rw-rw-r--   1 travis travis  1625 Jan 18 03:25 JavaCompiledCompositeTest1_CompiledCompositeActor.mk
-rw-rw-r--   1 travis travis  4888 Jan 18 03:25 JavaCompiledCompositeTest2_CompiledCompositeActor.class
-rw-rw-r--   1 travis travis 14919 Jan 18 03:25 JavaCompiledCompositeTest2_CompiledCompositeActor.java
-rw-rw-r--   1 travis travis  1793 Jan 18 03:25 JavaCompiledCompositeTest2_CompiledCompositeActor$_JavaCompiledCompositeTest2_CompiledCompositeActor.class
-rw-rw-r--   1 travis travis  1625 Jan 18 03:25 JavaCompiledCompositeTest2_CompiledCompositeActor.mk
-rw-rw-r--   1 travis travis  4505 Jan 18 03:25 JavaCompiledCompositeTest3_CompiledCompositeActor.class
-rw-rw-r--   1 travis travis 13080 Jan 18 03:25 JavaCompiledCompositeTest3_CompiledCompositeActor.java
-rw-rw-r--   1 travis travis  1378 Jan 18 03:25 JavaCompiledCompositeTest3_CompiledCompositeActor$_JavaCompiledCompositeTest3_CompiledCompositeActor.class
In "/home/travis/cg", about to execute:
    javac -classpath
.:/home/travis/build/icyphy/ptII:/home/travis/build/icyphy/ptII/lib/bsh-2.0b4.j
ar:/home/travis/build/icyphy/ptII/lib/ptCal.jar:/home/travis/build/icyphy/ptII/
lib/java_cup.jar:/home/travis/build/icyphy/ptII/lib/saxon8.jar:/home/travis/bui
ld/icyphy/ptII/lib/saxon8-dom.jar:/home/travis/build/icyphy/ptII/lib/chic.jar:/
home/travis/build/icyphy/ptII/lib/ptcolt.jar:/usr/lib/jvm/java-8-oracle/lib/too
ls.jar:/usr/lib/eclipse/plugins/org.eclipse.jdt.core_3.8.2.dist.jar:/usr/lib/ec
lipse/plugins/org.eclipse.core.runtime_3.8.0.dist.jar:/usr/lib/eclipse/plugins/
org.eclipse.osgi_3.8.1.dist.jar:/usr/lib/eclipse/plugins/org.eclipse.core.resou
rces_3.8.1.dist.jar:/usr/lib/eclipse/plugins/org.eclipse.equinox.common_3.6.100
.dist.jar:/usr/lib/eclipse/plugins/org.eclipse.core.jobs_3.5.200.dist.jar:/usr/
lib/eclipse/plugins/org.eclipse.core.contenttype_3.4.200.dist.jar:/usr/lib/ecli
pse/plugins/org.eclipse.equinox.preferences_3.5.0.dist.jar:/usr/lib/eclipse/plu
gins/org.eclipse.text_3.5.200.dist.jar:/usr/lib/eclipse/plugins/org.eclipse.ui.
workbench_3.8.1.dist.jar:/usr/lib/eclipse/plugins/org.eclipse.jface_3.8.0.dist.
jar:/usr/lib/eclipse/plugins/org.eclipse.swt_3.8.2.jar:/usr/lib/eclipse/plugins
/org.eclipse.jface.text_3.8.1.dist.jar:/usr/lib/eclipse/plugins/org.eclipse.ui.
workbench.texteditor_3.8.0.dist.jar:/usr/lib/eclipse/plugins/org.eclipse.ui.edi
tors_3.8.0.dist.jar:/usr/lib/eclipse/plugins/org.eclipse.core.commands_3.6.1.di
st.jar:/usr/lib/eclipse/plugins/org.eclipse.equinox.registry_3.5.200.dist.jar:/
usr/lib/eclipse/plugins/org.eclipse.ui.console_3.5.100.dist.jar:/usr/lib/eclips
e/plugins/org.eclipse.ui.forms_3.5.200.dist.jar:/usr/lib/eclipse/plugins/org.ec
lipse.ui.ide_3.8.1.dist.jar:/home/travis/build/icyphy/ptII/vendors/oracle/dbxml
.jar:/home/travis/build/icyphy/ptII/vendors/oracle/db.jar:/home/travis/build/ic
yphy/ptII/vendors/misc/itext/iText.jar:/home/travis/build/icyphy/ptII/lib/g4ltl
.jar:/home/travis/build/icyphy/ptII/lib/StructuralCoder.jar:/home/travis/build/
icyphy/ptII/lib/org-openide-util.jar:/home/travis/build/icyphy/ptII/lib/org-ope
nide-util-lookup.jar:/home/travis/build/icyphy/ptII/lib/org-netbeans-api-visual
.jar:/home/travis/build/icyphy/ptII/vendors/jai-1_1_2_01/lib/jai_core.jar:/home
/travis/build/icyphy/ptII/vendors/jai-1_1_2_01/lib/jai_codec.jar:/home/travis/b
uild/icyphy/ptII/lib/jcerti.jar:/home/travis/build/icyphy/ptII/lib/smack.jar:/h
ome/travis/build/icyphy/ptII/lib/smackx.jar:/home/travis/build/icyphy/ptII/lib/
jetty-all-8.1.5-v20120716.jar:/home/travis/build/icyphy/ptII/lib/javax.servlet-
api-3.0.1.jar:/home/travis/build/icyphy/ptII/lib/javax.mail.jar:/home/travis/bu
ild/icyphy/ptII/vendors/JMF-2.1.1e/lib/jmf.jar:/home/travis/build/icyphy/ptII/l
ib/jna-4.0.0-variadic.jar:/home/travis/build/icyphy/ptII/vendors/misc/joystick/
Joystick.jar:/home/travis/build/icyphy/ptII/lib/ptjacl.jar:/home/travis/build/i
cyphy/ptII/lib/jsoup-1.8.2.jar:/home/travis/build/icyphy/ptII/lib/junit-4.8.2.j
ar:/home/travis/build/icyphy/ptII/lib/JUnitParams-0.4.0.jar:/home/travis/build/
icyphy/ptII/ptolemy/actor/lib/excel/jxl.jar:/home/travis/build/icyphy/ptII/lib/
jython.jar:/home/travis/build/icyphy/ptII/lib/kieler.jar:/home/travis/build/icy
phy/ptII/vendors/opencv/share/OpenCV/java/opencv-341.jar:/home/travis/build/icy
phy/ptII/lib/oscP5.jar:/home/travis/build/icyphy/ptII/lib/nrjavaserial-3.11.0.d
evel.jar:/home/travis/build/icyphy/ptII/vendors/j3d/lib/j3dcore.jar:/home/travi
s/build/icyphy/ptII/vendors/j3d/lib/j3dutils.jar:/home/travis/build/icyphy/ptII
/vendors/j3d/lib/vecmath.jar:/home/travis/build/icyphy/ptII/ptolemy/distributed
/jini/jar/jini-core.jar:/home/travis/build/icyphy/ptII/ptolemy/distributed/jini
/jar/jini-ext.jar:/home/travis/build/icyphy/ptII/ptolemy/distributed/jini/jar/s
un-util.jar:/home/travis/build/icyphy/ptII/lib/protobuf-java-2.4.1.jar:/home/tr
avis/build/icyphy/ptII/lib/org.eclipse.paho.client.mqttv3.jar:/home/travis/buil
d/icyphy/ptII/ptserver/lib/hessian-4.0.7.jar:/home/travis/build/icyphy/ptII/pts
erver/lib/wmqtt.jar:/home/travis/build/icyphy/ptII/lib/mapss.jar:/home/travis/b
uild/icyphy/ptII/ptolemy/actor/ptalon/antlr/antlr.jar:/home/travis/build/icyphy
/ptII/lib/JRI.jar:/home/travis/build/icyphy/ptII/lib/commons-lang-2.6.jar:/home
/travis/build/icyphy/ptII/lib/commons-logging-1.1.1.jar:/home/travis/build/icyp
hy/ptII/lib/sootclasses.jar:/home/travis/build/icyphy/ptII/ptolemy/actor/lib/da
tabase/mysql-connector-java-5.1.6-bin.jar:/home/travis/build/icyphy/ptII/vendor
s/misc/sphinx4/sphinx4-data-5prealpha.jar:/home/travis/build/icyphy/ptII/vendor
s/misc/sphinx4/sphinx4-core-5prealpha.jar:/home/travis/build/icyphy/ptII/lib/PD
FRenderer.jar:/home/travis/build/icyphy/ptII/lib/svgSalamander.jar:/home/travis
/build/icyphy/ptII/lib/rsyntaxtextarea-2.6.0-SNAPSHOT.jar:/home/travis/build/ic
yphy/ptII/lib/hazelcast-3.8.2.jar:/home/travis/build/icyphy/ptII/lib/jackson-an
notations-2.9.0.jar:/home/travis/build/icyphy/ptII/lib/jackson-core-2.9.3.jar:/
home/travis/build/icyphy/ptII/lib/jackson-databind-2.9.3.jar:/home/travis/build
/icyphy/ptII/lib/netty-buffer-4.1.19.Final.jar:/home/travis/build/icyphy/ptII/l
ib/netty-codec-4.1.19.Final.jar:/home/travis/build/icyphy/ptII/lib/netty-codec-
dns-4.1.19.Final.jar:/home/travis/build/icyphy/ptII/lib/netty-codec-http-4.1.19
.Final.jar:/home/travis/build/icyphy/ptII/lib/netty-codec-http2-4.1.19.Final.ja
r:/home/travis/build/icyphy/ptII/lib/netty-common-4.1.19.Final.jar:/home/travis
/build/icyphy/ptII/lib/netty-handler-4.1.19.Final.jar:/home/travis/build/icyphy
/ptII/lib/netty-resolver-4.1.19.Final.jar:/home/travis/build/icyphy/ptII/lib/ne
tty-resolver-dns-4.1.19.Final.jar:/home/travis/build/icyphy/ptII/lib/netty-tran
sport-4.1.19.Final.jar:/home/travis/build/icyphy/ptII/lib/vertx-codegen-3.5.1.j
ar:/home/travis/build/icyphy/ptII/lib/vertx-core-3.5.2-SNAPSHOT.jar:/home/travi
s/build/icyphy/ptII/lib/vertx-hazelcast-3.5.1.jar:/home/travis/build/icyphy/ptI
I/lib/vertx-lang-js-3.5.1.jar:/home/travis/build/icyphy/ptII/lib/vertx-service-
proxy-3.5.1.jar:/home/travis/build/icyphy/ptII/lib/vertx-web-3.5.1.jar:/home/tr
avis/build/icyphy/ptII/lib/slf4j-api-1.7.13.jar:/home/travis/build/icyphy/ptII/
lib/slf4j-simple-1.7.13.jar:/home/travis/build/icyphy/ptII/lib/webcam-capture-0
.3.12.jar:/home/travis/build/icyphy/ptII/lib/bridj-0.7.0.jar:/home/travis/build
/icyphy/ptII/lib/xbjlib-1.1.0.nrjavaserial.jar:/home/travis/build/icyphy/ptII/p
tolemy/moml/test:/home/travis/build/icyphy/ptII/ant/lib/ant-launcher.jar:/home/
travis/build/icyphy/ptII/ant/lib/ant.jar:/home/travis/build/icyphy/ptII/ant/lib
/ant-junit.jar:/home/travis/build/icyphy/ptII/ant/lib/ant-junit4.jar:/home/trav
is/build/icyphy/ptII ModularCodeGen4_A1_profile.java
-rw-rw-r--   1 travis travis  1625 Jan 18 03:25 JavaCompiledCompositeTest3_CompiledCompositeActor.mk
-rw-rw-r--   1 travis travis  3953 Jan 18 03:25 JavaCompiledCompositeTest4_CompiledCompositeActor.class
-rw-rw-r--   1 travis travis  9687 Jan 18 03:25 JavaCompiledCompositeTest4_CompiledCompositeActor.java
-rw-rw-r--   1 travis travis   857 Jan 18 03:25 JavaCompiledCompositeTest4_CompiledCompositeActor$_JavaCompiledCompositeTest4_CompiledCompositeActor.class
-rw-rw-r--   1 travis travis  1625 Jan 18 03:25 JavaCompiledCompositeTest4_CompiledCompositeActor.mk
drwxrwxr-x   3 travis travis 12288 Jan 18 03:21 LookupTable
drwxrwxr-x   3 travis travis 20480 Jan 18 03:21 MaxIndex
-rw-rw-r--   1 travis travis  3693 Jan 18 03:25 ModularCG_A1_B1.class
-rw-rw-r--   1 travis travis  9730 Jan 18 03:25 ModularCG_A1_B1.java
-rw-rw-r--   1 travis travis   832 Jan 18 03:25 ModularCG_A1_B1.mk
-rw-rw-r--   1 travis travis  1318 Jan 18 03:25 ModularCG_A1_B1_profile.class
-rw-rw-r--   1 travis travis  1262 Jan 18 03:25 ModularCG_A1_B1_profile.java
-rw-rw-r--   1 travis travis  3693 Jan 18 03:25 ModularCG_A1_B2.class
-rw-rw-r--   1 travis travis  9730 Jan 18 03:25 ModularCG_A1_B2.java
-rw-rw-r--   1 travis travis   832 Jan 18 03:25 ModularCG_A1_B2.mk
-rw-rw-r--   1 travis travis  1318 Jan 18 03:25 ModularCG_A1_B2_profile.class
-rw-rw-r--   1 travis travis  1262 Jan 18 03:25 ModularCG_A1_B2_profile.java
-rw-rw-r--   1 travis travis  4799 Jan 18 03:25 ModularCG_A1.class
-rw-rw-r--   1 travis travis 14742 Jan 18 03:25 ModularCG_A1.java
-rw-rw-r--   1 travis travis   808 Jan 18 03:25 ModularCG_A1.mk
-rw-rw-r--   1 travis travis  1433 Jan 18 03:25 ModularCG_A1_profile.class
-rw-rw-r--   1 travis travis  1704 Jan 18 03:25 ModularCG_A1_profile.java
-rw-rw-r--   1 travis travis  3827 Jan 18 03:25 ModularCG_A2_B1.class
-rw-rw-r--   1 travis travis 10667 Jan 18 03:25 ModularCG_A2_B1.java
-rw-rw-r--   1 travis travis   832 Jan 18 03:25 ModularCG_A2_B1.mk
-rw-rw-r--   1 travis travis  1381 Jan 18 03:25 ModularCG_A2_B1_profile.class
-rw-rw-r--   1 travis travis  1446 Jan 18 03:25 ModularCG_A2_B1_profile.java
-rw-rw-r--   1 travis travis  3693 Jan 18 03:25 ModularCG_A2_B2.class
-rw-rw-r--   1 travis travis  9730 Jan 18 03:25 ModularCG_A2_B2.java
-rw-rw-r--   1 travis travis   832 Jan 18 03:25 ModularCG_A2_B2.mk
-rw-rw-r--   1 travis travis  1318 Jan 18 03:25 ModularCG_A2_B2_profile.class
-rw-rw-r--   1 travis travis  1262 Jan 18 03:25 ModularCG_A2_B2_profile.java
-rw-rw-r--   1 travis travis  4870 Jan 18 03:25 ModularCG_A2.class
-rw-rw-r--   1 travis travis 15129 Jan 18 03:25 ModularCG_A2.java
-rw-rw-r--   1 travis travis   808 Jan 18 03:25 ModularCG_A2.mk
-rw-rw-r--   1 travis travis  1433 Jan 18 03:25 ModularCG_A2_profile.class
-rw-rw-r--   1 travis travis  1704 Jan 18 03:25 ModularCG_A2_profile.java
-rw-rw-r--   1 travis travis  3473 Jan 18 03:25 ModularCGPubSub_A1_A2.class
-rw-rw-r--   1 travis travis  9076 Jan 18 03:25 ModularCGPubSub_A1_A2.java
-rw-rw-r--   1 travis travis   880 Jan 18 03:25 ModularCGPubSub_A1_A2.mk
-rw-rw-r--   1 travis travis  1300 Jan 18 03:25 ModularCGPubSub_A1_A2_profile.class
-rw-rw-r--   1 travis travis  1222 Jan 18 03:25 ModularCGPubSub_A1_A2_profile.java
-rw-rw-r--   1 travis travis  3790 Jan 18 03:25 ModularCGPubSub_A1.class
-rw-rw-r--   1 travis travis  9836 Jan 18 03:25 ModularCGPubSub_A1.java
-rw-rw-r--   1 travis travis   856 Jan 18 03:25 ModularCGPubSub_A1.mk
-rw-rw-r--   1 travis travis  1346 Jan 18 03:25 ModularCGPubSub_A1_profile.class
-rw-rw-r--   1 travis travis  1388 Jan 18 03:25 ModularCGPubSub_A1_profile.java
-rw-rw-r--   1 travis travis  3988 Jan 18 03:25 ModularCodeGen2_ModularCodeGenTypedCompositeActor.class
-rw-rw-r--   1 travis travis 11690 Jan 18 03:25 ModularCodeGen2_ModularCodeGenTypedCompositeActor.java
-rw-rw-r--   1 travis travis  1104 Jan 18 03:25 ModularCodeGen2_ModularCodeGenTypedCompositeActor.mk
-rw-rw-r--   1 travis travis  4272 Jan 18 03:25 ModularCodeGen2_ModularCodeGenTypedCompositeActor_ModularCodeGenTypedCompositeActor.class
-rw-rw-r--   1 travis travis 11790 Jan 18 03:25 ModularCodeGen2_ModularCodeGenTypedCompositeActor_ModularCodeGenTypedCompositeActor.java
-rw-rw-r--   1 travis travis  1376 Jan 18 03:25 ModularCodeGen2_ModularCodeGenTypedCompositeActor_ModularCodeGenTypedCompositeActor.mk
-rw-rw-r--   1 travis travis  1421 Jan 18 03:25 ModularCodeGen2_ModularCodeGenTypedCompositeActor_ModularCodeGenTypedCompositeActor_profile.class
-rw-rw-r--   1 travis travis  1294 Jan 18 03:25 ModularCodeGen2_ModularCodeGenTypedCompositeActor_ModularCodeGenTypedCompositeActor_profile.java
-rw-rw-r--   1 travis travis   820 Jan 18 03:25 ModularCodeGen2_ModularCodeGenTypedCompositeActor_profile.class
-rw-rw-r--   1 travis travis   693 Jan 18 03:25 ModularCodeGen2_ModularCodeGenTypedCompositeActor_profile.java
-rw-rw-r--   1 travis travis  3741 Jan 18 03:25 ModularCodeGen3_A1_B1.class
-rw-rw-r--   1 travis travis  9958 Jan 18 03:25 ModularCodeGen3_A1_B1.java
-rw-rw-r--   1 travis travis   880 Jan 18 03:25 ModularCodeGen3_A1_B1.mk
-rw-rw-r--   1 travis travis  1330 Jan 18 03:25 ModularCodeGen3_A1_B1_profile.class
-rw-rw-r--   1 travis travis  1274 Jan 18 03:25 ModularCodeGen3_A1_B1_profile.java
-rw-rw-r--   1 travis travis  3741 Jan 18 03:25 ModularCodeGen3_A1_B2.class
-rw-rw-r--   1 travis travis  9958 Jan 18 03:25 ModularCodeGen3_A1_B2.java
-rw-rw-r--   1 travis travis   880 Jan 18 03:25 ModularCodeGen3_A1_B2.mk
-rw-rw-r--   1 travis travis  1330 Jan 18 03:25 ModularCodeGen3_A1_B2_profile.class
-rw-rw-r--   1 travis travis  1274 Jan 18 03:25 ModularCodeGen3_A1_B2_profile.java
-rw-rw-r--   1 travis travis  4961 Jan 18 03:26 ModularCodeGen3_A1.class
-rw-rw-r--   1 travis travis 15564 Jan 18 03:26 ModularCodeGen3_A1.java
-rw-rw-r--   1 travis travis   856 Jan 18 03:26 ModularCodeGen3_A1.mk
-rw-rw-r--   1 travis travis  1445 Jan 18 03:26 ModularCodeGen3_A1_profile.class
-rw-rw-r--   1 travis travis  1716 Jan 18 03:25 ModularCodeGen3_A1_profile.java
-rw-rw-r--   1 travis travis  3887 Jan 18 03:26 ModularCodeGen3_A2_B1.class
-rw-rw-r--   1 travis travis 10955 Jan 18 03:26 ModularCodeGen3_A2_B1.java
-rw-rw-r--   1 travis travis   880 Jan 18 03:26 ModularCodeGen3_A2_B1.mk
-rw-rw-r--   1 travis travis  1393 Jan 18 03:26 ModularCodeGen3_A2_B1_profile.class
-rw-rw-r--   1 travis travis  1458 Jan 18 03:26 ModularCodeGen3_A2_B1_profile.java
-rw-rw-r--   1 travis travis  3741 Jan 18 03:26 ModularCodeGen3_A2_B2.class
-rw-rw-r--   1 travis travis  9958 Jan 18 03:26 ModularCodeGen3_A2_B2.java
-rw-rw-r--   1 travis travis   880 Jan 18 03:26 ModularCodeGen3_A2_B2.mk
-rw-rw-r--   1 travis travis  1330 Jan 18 03:26 ModularCodeGen3_A2_B2_profile.class
-rw-rw-r--   1 travis travis  1274 Jan 18 03:26 ModularCodeGen3_A2_B2_profile.java
-rw-rw-r--   1 travis travis  5038 Jan 18 03:26 ModularCodeGen3_A2.class
-rw-rw-r--   1 travis travis 15957 Jan 18 03:26 ModularCodeGen3_A2.java
-rw-rw-r--   1 travis travis   856 Jan 18 03:26 ModularCodeGen3_A2.mk
-rw-rw-r--   1 travis travis  1445 Jan 18 03:26 ModularCodeGen3_A2_profile.class
-rw-rw-r--   1 travis travis  1716 Jan 18 03:26 ModularCodeGen3_A2_profile.java
-rw-rw-r--   1 travis travis  3794 Jan 18 03:26 ModularCodeGen4_A1_B1.class
-rw-rw-r--   1 travis travis 10312 Jan 18 03:26 ModularCodeGen4_A1_B1.java
-rw-rw-r--   1 travis travis   880 Jan 18 03:26 ModularCodeGen4_A1_B1.mk
-rw-rw-r--   1 travis travis  1330 Jan 18 03:26 ModularCodeGen4_A1_B1_profile.class
-rw-rw-r--   1 travis travis  1273 Jan 18 03:26 ModularCodeGen4_A1_B1_profile.java
-rw-rw-r--   1 travis travis  3794 Jan 18 03:26 ModularCodeGen4_A1_B2.class
-rw-rw-r--   1 travis travis 10312 Jan 18 03:26 ModularCodeGen4_A1_B2.java
-rw-rw-r--   1 travis travis   880 Jan 18 03:26 ModularCodeGen4_A1_B2.mk
-rw-rw-r--   1 travis travis  1330 Jan 18 03:26 ModularCodeGen4_A1_B2_profile.class
-rw-rw-r--   1 travis travis  1273 Jan 18 03:26 ModularCodeGen4_A1_B2_profile.java
-rw-rw-r--   1 travis travis  1712 Jan 18 03:26 ModularCodeGen4_A1_profile.java
-rw-rw-r--   1 travis travis  3954 Jan 18 03:25 ModularCodeGen_ModularCodeGenTypedCompositeActor.class
-rw-rw-r--   1 travis travis 10970 Jan 18 03:25 ModularCodeGen_ModularCodeGenTypedCompositeActor.java
-rw-rw-r--   1 travis travis  1096 Jan 18 03:25 ModularCodeGen_ModularCodeGenTypedCompositeActor.mk
-rw-rw-r--   1 travis travis  1384 Jan 18 03:25 ModularCodeGen_ModularCodeGenTypedCompositeActor_profile.class
-rw-rw-r--   1 travis travis  1328 Jan 18 03:25 ModularCodeGen_ModularCodeGenTypedCompositeActor_profile.java
-rw-rw-r--   1 travis travis  3492 Jan 18 03:25 ModularCodeGenTest_A1_A2.class
-rw-rw-r--   1 travis travis   904 Jan 18 03:25 ModularCodeGenTest_A1_A2.mk
-rw-rw-r--   1 travis travis  1306 Jan 18 03:25 ModularCodeGenTest_A1_A2_profile.class
-rw-rw-r--   1 travis travis  9968 Jan 18 03:25 ModularCodeGenTest_A1.java
-rw-rw-r--   1 travis travis   880 Jan 18 03:25 ModularCodeGenTest_A1.mk
drwxrwxr-x   3 travis travis 36864 Jan 18 03:25 modulation2
drwxrwxr-x   3 travis travis 20480 Jan 18 03:21 Multiplexor
drwxrwxr-x 249 travis travis 12288 Jan 18 03:25 node_modules
drwxrwxr-x   3 travis travis 20480 Jan 18 03:22 PhaseUnwrap
-rw-rw-r--   1 travis travis   520 Jan 18 03:25 Repeat$_fireFunction_Repeat_Repeat$__f_sL_0.class
-rw-rw-r--   1 travis travis   522 Jan 18 03:25 Repeat$_fireFunction_Repeat_Repeat$__f_sL_10.class
-rw-rw-r--   1 travis travis   666 Jan 18 03:25 Repeat$_fireFunction_Repeat_Repeat$__f_sL_11.class
-rw-rw-r--   1 travis travis   522 Jan 18 03:25 Repeat$_fireFunction_Repeat_Repeat$__f_sL_13.class
-rw-rw-r--   1 travis travis   665 Jan 18 03:25 Repeat$_fireFunction_Repeat_Repeat$__f_sL_1.class
-rw-rw-r--   1 travis travis   520 Jan 18 03:25 Repeat$_fireFunction_Repeat_Repeat$__f_sL_2.class
-rw-rw-r--   1 travis travis   520 Jan 18 03:25 Repeat$_fireFunction_Repeat_Repeat$__f_sL_3.class
-rw-rw-r--   1 travis travis   520 Jan 18 03:25 Repeat$_fireFunction_Repeat_Repeat$__f_sL_5.class
-rw-rw-r--   1 travis travis   671 Jan 18 03:25 Repeat$_fireFunction_Repeat_Repeat$__f_sL_7.class
-rw-rw-r--   1 travis travis   520 Jan 18 03:25 Repeat$_fireFunction_Repeat_Repeat$__f_sL_9.class
-rw-rw-r--   1 travis travis   813 Jan 18 03:25 Repeat$_initialize_Repeat.class
-rw-rw-r--   1 travis travis   475 Jan 18 03:25 Repeat$_initialize_Repeat$__i_sL_0.class
-rw-rw-r--   1 travis travis   519 Jan 18 03:25 Repeat$_initialize_Repeat$__i_sL_3.class
-rw-rw-r--   1 travis travis 39778 Jan 18 03:25 Repeat.java
-rw-rw-r--   1 travis travis  1281 Jan 18 03:25 Repeat.mk
-rw-rw-r--   1 travis travis   520 Jan 18 03:25 Repeat$_preinitializeMethod_Repeat$__p_sL_0.class
-rw-rw-r--   1 travis travis   520 Jan 18 03:25 Repeat$_preinitializeMethod_Repeat$__p_sL_1.class
-rw-rw-r--   1 travis travis  1083 Jan 18 03:25 Repeat$_Repeat$_fireFunction_Repeat_AddSubtract_Repeat.class
-rw-rw-r--   1 travis travis   791 Jan 18 03:25 Repeat$_Repeat$_fireFunction_Repeat_AddSubtract_Repeat$__f_sL_0.class
-rw-rw-r--   1 travis travis   909 Jan 18 03:25 Repeat$_Repeat$_fireFunction_Repeat_AddSubtract_Repeat$__f_sL_1.class
-rw-rw-r--   1 travis travis   915 Jan 18 03:25 Repeat$_Repeat$_fireFunction_Repeat_AddSubtract_Repeat$__f_sL_2.class
-rw-rw-r--   1 travis travis   838 Jan 18 03:25 Repeat$_Repeat$_fireFunction_Repeat_Ramp2_Repeat$__f_sL_1.class
-rw-rw-r--   1 travis travis  1785 Jan 18 03:25 Repeat$_Repeat$_fireFunction_Repeat_Test_Repeat$__f_sL_2.class
-rw-rw-r--   1 travis travis   685 Jan 18 03:25 Repeat$_Repeat_SDF_Director_run_Repeat$__R_sL_0.class
-rw-rw-r--   1 travis travis   540 Jan 18 03:25 Repeat$_Repeat_SDF_Director_run_Repeat$__R_sL_1.class
-rw-rw-r--   1 travis travis   540 Jan 18 03:25 Repeat$_Repeat_SDF_Director_run_Repeat$__R_sL_2.class
-rw-rw-r--   1 travis travis   540 Jan 18 03:25 Repeat$_Repeat_SDF_Director_run_Repeat$__R_sL_4.class
-rw-rw-r--   1 travis travis   540 Jan 18 03:25 Repeat$_Repeat_SDF_Director_run_Repeat$__R_sL_5.class
-rw-rw-r--   1 travis travis   691 Jan 18 03:25 Repeat$_Repeat_SDF_Director_run_Repeat$__R_sL_6.class
-rw-rw-r--   1 travis travis   540 Jan 18 03:25 Repeat$_Repeat_SDF_Director_run_Repeat$__R_sL_7.class
-rw-rw-r--   1 travis travis   863 Jan 18 03:25 Repeat$_varinit_Repeat.class
-rw-rw-r--   1 travis travis   530 Jan 18 03:25 Repeat$_varinit_Repeat$__v_sL_1.class
-rw-rw-r--   1 travis travis   531 Jan 18 03:25 Repeat$_varinit_Repeat$__v_sL_2.class
-rw-rw-r--   1 travis travis   905 Jan 18 03:25 Repeat$_varinit_Repeat$__v_sL_4.class
-rw-rw-r--   1 travis travis   635 Jan 18 03:25 Repeat$_wrapup_Repeat.class
-rw-rw-r--   1 travis travis   965 Jan 18 03:25 Repeat$_wrapup_Repeat$__w_sL_1.class
-rw-rw-r--   1 travis travis   289 Jan 18 03:19 result.csv
drwxrwxr-x   3 travis travis 12288 Jan 18 03:23 Scrambler1
drwxrwxr-x   3 travis travis 20480 Jan 18 03:22 Sinewave2
drwxrwxr-x   3 travis travis 69632 Jan 18 03:23 StringCompare
drwxrwxr-x   3 travis travis 32768 Jan 18 03:23 StringFunction
drwxrwxr-x   3 travis travis 12288 Jan 18 03:23 StringLength
drwxrwxr-x   3 travis travis 57344 Jan 18 03:24 StringSimpleReplace
drwxrwxr-x   3 travis travis 12288 Jan 18 03:24 time2
drwxrwxr-x   3 travis travis 12288 Jan 18 03:25 time5
-rw-rw-r--   1 travis travis   432 Jan 18 03:26 Token.class
-rw-rw-r--   1 travis travis   251 Jan 18 03:26 Token.java
-rw-rw-r--   1 travis travis     0 Jan 18 03:25 top.
-rw-rw-r--   1 travis travis 20502 Jan 18 03:19 top.c
-rw-rw-r--   1 travis travis  3567 Jan 18 03:25 top.class
-rw-rw-r--   1 travis travis   169 Jan 18 03:19 top.html
-rw-rw-r--   1 travis travis  7552 Jan 18 03:25 top.java
-rw-rw-r--   1 travis travis 38888 Jan 18 03:19 top.o
drwxrwxr-x   3 travis travis 57344 Jan 18 03:22 UnaryMathFunction
warning: Supported source version 'RELEASE_6' from annotation processor 'org.netbeans.modules.openide.util.NbBundleProcessor' less than -source '1.8'
warning: Supported source version 'RELEASE_6' from annotation processor 'org.netbeans.modules.openide.util.URLStreamHandlerRegistrationProcessor' less than -source '1.8'
warning: Supported source version 'RELEASE_6' from annotation processor 'org.netbeans.modules.openide.util.ServiceProviderProcessor' less than -source '1.8'
3 warnings
All Done
Writing ModularCodeGen4_A1.java in file:/home/travis/cg/ (16245 characters)
Reading "ptolemy/cg/kernel/generic/program/procedural/java/modular/makefile.in",
    writing "/home/travis/cg/ModularCodeGen4_A1.mk"
Using ptolemy/cg/kernel/generic/program/procedural/java/modular/makefile.in
In "/home/travis/cg", about to execute:
    make -f ModularCodeGen4_A1.mk
javac -classpath ".:.."    ModularCodeGen4_A1.java
All Done
In "/home/travis/cg", about to execute:
    pwd
/home/travis/cg
In "/home/travis/cg", about to execute:
    ls -l
total 1624
drwxrwxr-x   3 travis travis 12288 Jan 18 03:20 AbsoluteValue
drwxrwxr-x   3 travis travis 16384 Jan 18 03:20 Case1
drwxrwxr-x   3 travis travis 32768 Jan 18 03:20 Case2
-rw-rw-r--   1 travis travis  4895 Jan 18 03:25 CompiledCompositeActor_CompiledCompositeActor.class
-rw-rw-r--   1 travis travis  1592 Jan 18 03:25 CompiledCompositeActor_CompiledCompositeActor$_CompiledCompositeActor_CompiledCompositeActor.class
-rw-rw-r--   1 travis travis 13466 Jan 18 03:25 CompiledCompositeActor_CompiledCompositeActor.java
-rw-rw-r--   1 travis travis  1593 Jan 18 03:25 CompiledCompositeActor_CompiledCompositeActor.mk
drwxrwxr-x   3 travis travis 24576 Jan 18 03:23 DeScrambler
drwxrwxr-x   3 travis travis 16384 Jan 18 03:24 DotProduct
drwxrwxr-x   3 travis travis 12288 Jan 18 03:21 FileWriter1
drwxrwxr-x   3 travis travis 20480 Jan 18 03:20 FixToDoubleAndBack
drwxrwxr-x   3 travis travis 16384 Jan 18 03:21 Gaussian1
drwxrwxr-x   3 travis travis 20480 Jan 18 03:21 Gaussian2
-rw-rw-r--   1 travis travis  4457 Jan 18 03:25 JavaCompiledCompositeTest1_CompiledCompositeActor.class
-rw-rw-r--   1 travis travis 11637 Jan 18 03:25 JavaCompiledCompositeTest1_CompiledCompositeActor.java
-rw-rw-r--   1 travis travis  1198 Jan 18 03:25 JavaCompiledCompositeTest1_CompiledCompositeActor$_JavaCompiledCompositeTest1_CompiledCompositeActor.class
-rw-rw-r--   1 travis travis  1625 Jan 18 03:25 JavaCompiledCompositeTest1_CompiledCompositeActor.mk
-rw-rw-r--   1 travis travis  4888 Jan 18 03:25 JavaCompiledCompositeTest2_CompiledCompositeActor.class
-rw-rw-r--   1 travis travis 14919 Jan 18 03:25 JavaCompiledCompositeTest2_CompiledCompositeActor.java
-rw-rw-r--   1 travis travis  1793 Jan 18 03:25 JavaCompiledCompositeTest2_CompiledCompositeActor$_JavaCompiledCompositeTest2_CompiledCompositeActor.class
-rw-rw-r--   1 travis travis  1625 Jan 18 03:25 JavaCompiledCompositeTest2_CompiledCompositeActor.mk
-rw-rw-r--   1 travis travis  4505 Jan 18 03:25 JavaCompiledCompositeTest3_CompiledCompositeActor.class
-rw-rw-r--   1 travis travis 13080 Jan 18 03:25 JavaCompiledCompositeTest3_CompiledCompositeActor.java
-rw-rw-r--   1 travis travis  1378 Jan 18 03:25 JavaCompiledCompositeTest3_CompiledCompositeActor$_JavaCompiledCompositeTest3_CompiledCompositeActor.class
-rw-rw-r--   1 travis travis  1625 Jan 18 03:25 JavaCompiledCompositeTest3_CompiledCompositeActor.mk
-rw-rw-r--   1 travis travis  3953 Jan 18 03:25 JavaCompiledCompositeTest4_CompiledCompositeActor.class
-rw-rw-r--   1 travis travis  9687 Jan 18 03:25 JavaCompiledCompositeTest4_CompiledCompositeActor.java
-rw-rw-r--   1 travis travis   857 Jan 18 03:25 JavaCompiledCompositeTest4_CompiledCompositeActor$_JavaCompiledCompositeTest4_CompiledCompositeActor.class
-rw-rw-r--   1 travis travis  1625 Jan 18 03:25 JavaCompiledCompositeTest4_CompiledCompositeActor.mk
drwxrwxr-x   3 travis travis 12288 Jan 18 03:21 LookupTable
drwxrwxr-x   3 travis travis 20480 Jan 18 03:21 MaxIndex
-rw-rw-r--   1 travis travis  3693 Jan 18 03:25 ModularCG_A1_B1.class
-rw-rw-r--   1 travis travis  9730 Jan 18 03:25 ModularCG_A1_B1.java
-rw-rw-r--   1 travis travis   832 Jan 18 03:25 ModularCG_A1_B1.mk
-rw-rw-r--   1 travis travis  1318 Jan 18 03:25 ModularCG_A1_B1_profile.class
-rw-rw-r--   1 travis travis  1262 Jan 18 03:25 ModularCG_A1_B1_profile.java
-rw-rw-r--   1 travis travis  3693 Jan 18 03:25 ModularCG_A1_B2.class
-rw-rw-r--   1 travis travis  9730 Jan 18 03:25 ModularCG_A1_B2.java
-rw-rw-r--   1 travis travis   832 Jan 18 03:25 ModularCG_A1_B2.mk
-rw-rw-r--   1 travis travis  1318 Jan 18 03:25 ModularCG_A1_B2_profile.class
-rw-rw-r--   1 travis travis  1262 Jan 18 03:25 ModularCG_A1_B2_profile.java
-rw-rw-r--   1 travis travis  4799 Jan 18 03:25 ModularCG_A1.class
-rw-rw-r--   1 travis travis 14742 Jan 18 03:25 ModularCG_A1.java
-rw-rw-r--   1 travis travis   808 Jan 18 03:25 ModularCG_A1.mk
-rw-rw-r--   1 travis travis  1433 Jan 18 03:25 ModularCG_A1_profile.class
-rw-rw-r--   1 travis travis  1704 Jan 18 03:25 ModularCG_A1_profile.java
-rw-rw-r--   1 travis travis  3827 Jan 18 03:25 ModularCG_A2_B1.class
-rw-rw-r--   1 travis travis 10667 Jan 18 03:25 ModularCG_A2_B1.java
-rw-rw-r--   1 travis travis   832 Jan 18 03:25 ModularCG_A2_B1.mk
-rw-rw-r--   1 travis travis  1381 Jan 18 03:25 ModularCG_A2_B1_profile.class
-rw-rw-r--   1 travis travis  1446 Jan 18 03:25 ModularCG_A2_B1_profile.java
-rw-rw-r--   1 travis travis  3693 Jan 18 03:25 ModularCG_A2_B2.class
-rw-rw-r--   1 travis travis  9730 Jan 18 03:25 ModularCG_A2_B2.java
-rw-rw-r--   1 travis travis   832 Jan 18 03:25 ModularCG_A2_B2.mk
-rw-rw-r--   1 travis travis  1318 Jan 18 03:25 ModularCG_A2_B2_profile.class
-rw-rw-r--   1 travis travis  1262 Jan 18 03:25 ModularCG_A2_B2_profile.java
-rw-rw-r--   1 travis travis  4870 Jan 18 03:25 ModularCG_A2.class
-rw-rw-r--   1 travis travis 15129 Jan 18 03:25 ModularCG_A2.java
-rw-rw-r--   1 travis travis   808 Jan 18 03:25 ModularCG_A2.mk
-rw-rw-r--   1 travis travis  1433 Jan 18 03:25 ModularCG_A2_profile.class
-rw-rw-r--   1 travis travis  1704 Jan 18 03:25 ModularCG_A2_profile.java
-rw-rw-r--   1 travis travis  3473 Jan 18 03:25 ModularCGPubSub_A1_A2.class
-rw-rw-r--   1 travis travis  9076 Jan 18 03:25 ModularCGPubSub_A1_A2.java
-rw-rw-r--   1 travis travis   880 Jan 18 03:25 ModularCGPubSub_A1_A2.mk
-rw-rw-r--   1 travis travis  1300 Jan 18 03:25 ModularCGPubSub_A1_A2_profile.class
-rw-rw-r--   1 travis travis  1222 Jan 18 03:25 ModularCGPubSub_A1_A2_profile.java
-rw-rw-r--   1 travis travis  3790 Jan 18 03:25 ModularCGPubSub_A1.class
-rw-rw-r--   1 travis travis  9836 Jan 18 03:25 ModularCGPubSub_A1.java
-rw-rw-r--   1 travis travis   856 Jan 18 03:25 ModularCGPubSub_A1.mk
-rw-rw-r--   1 travis travis  1346 Jan 18 03:25 ModularCGPubSub_A1_profile.class
-rw-rw-r--   1 travis travis  1388 Jan 18 03:25 ModularCGPubSub_A1_profile.java
-rw-rw-r--   1 travis travis  3988 Jan 18 03:25 ModularCodeGen2_ModularCodeGenTypedCompositeActor.class
-rw-rw-r--   1 travis travis 11690 Jan 18 03:25 ModularCodeGen2_ModularCodeGenTypedCompositeActor.java
-rw-rw-r--   1 travis travis  1104 Jan 18 03:25 ModularCodeGen2_ModularCodeGenTypedCompositeActor.mk
-rw-rw-r--   1 travis travis  4272 Jan 18 03:25 ModularCodeGen2_ModularCodeGenTypedCompositeActor_ModularCodeGenTypedCompositeActor.class
-rw-rw-r--   1 travis travis 11790 Jan 18 03:25 ModularCodeGen2_ModularCodeGenTypedCompositeActor_ModularCodeGenTypedCompositeActor.java
-rw-rw-r--   1 travis travis  1376 Jan 18 03:25 ModularCodeGen2_ModularCodeGenTypedCompositeActor_ModularCodeGenTypedCompositeActor.mk
-rw-rw-r--   1 travis travis  1421 Jan 18 03:25 ModularCodeGen2_ModularCodeGenTypedCompositeActor_ModularCodeGenTypedCompositeActor_profile.class
-rw-rw-r--   1 travis travis  1294 Jan 18 03:25 ModularCodeGen2_ModularCodeGenTypedCompositeActor_ModularCodeGenTypedCompositeActor_profile.java
-rw-rw-r--   1 travis travis   820 Jan 18 03:25 ModularCodeGen2_ModularCodeGenTypedCompositeActor_profile.class
-rw-rw-r--   1 travis travis   693 Jan 18 03:25 ModularCodeGen2_ModularCodeGenTypedCompositeActor_profile.java
-rw-rw-r--   1 travis travis  3741 Jan 18 03:25 ModularCodeGen3_A1_B1.class
-rw-rw-r--   1 travis travis  9958 Jan 18 03:25 ModularCodeGen3_A1_B1.java
-rw-rw-r--   1 travis travis   880 Jan 18 03:25 ModularCodeGen3_A1_B1.mk
-rw-rw-r--   1 travis travis  1330 Jan 18 03:25 ModularCodeGen3_A1_B1_profile.class
-rw-rw-r--   1 travis travis  1274 Jan 18 03:25 ModularCodeGen3_A1_B1_profile.java
-rw-rw-r--   1 travis travis  3741 Jan 18 03:25 ModularCodeGen3_A1_B2.class
-rw-rw-r--   1 travis travis  9958 Jan 18 03:25 ModularCodeGen3_A1_B2.java
-rw-rw-r--   1 travis travis   880 Jan 18 03:25 ModularCodeGen3_A1_B2.mk
-rw-rw-r--   1 travis travis  1330 Jan 18 03:25 ModularCodeGen3_A1_B2_profile.class
-rw-rw-r--   1 travis travis  1274 Jan 18 03:25 ModularCodeGen3_A1_B2_profile.java
-rw-rw-r--   1 travis travis  4961 Jan 18 03:26 ModularCodeGen3_A1.class
-rw-rw-r--   1 travis travis 15564 Jan 18 03:26 ModularCodeGen3_A1.java
-rw-rw-r--   1 travis travis   856 Jan 18 03:26 ModularCodeGen3_A1.mk
-rw-rw-r--   1 travis travis  1445 Jan 18 03:26 ModularCodeGen3_A1_profile.class
-rw-rw-r--   1 travis travis  1716 Jan 18 03:25 ModularCodeGen3_A1_profile.java
-rw-rw-r--   1 travis travis  3887 Jan 18 03:26 ModularCodeGen3_A2_B1.class
-rw-rw-r--   1 travis travis 10955 Jan 18 03:26 ModularCodeGen3_A2_B1.java
-rw-rw-r--   1 travis travis   880 Jan 18 03:26 ModularCodeGen3_A2_B1.mk
-rw-rw-r--   1 travis travis  1393 Jan 18 03:26 ModularCodeGen3_A2_B1_profile.class
-rw-rw-r--   1 travis travis  1458 Jan 18 03:26 ModularCodeGen3_A2_B1_profile.java
-rw-rw-r--   1 travis travis  3741 Jan 18 03:26 ModularCodeGen3_A2_B2.class
-rw-rw-r--   1 travis travis  9958 Jan 18 03:26 ModularCodeGen3_A2_B2.java
-rw-rw-r--   1 travis travis   880 Jan 18 03:26 ModularCodeGen3_A2_B2.mk
-rw-rw-r--   1 travis travis  1330 Jan 18 03:26 ModularCodeGen3_A2_B2_profile.class
-rw-rw-r--   1 travis travis  1274 Jan 18 03:26 ModularCodeGen3_A2_B2_profile.java
-rw-rw-r--   1 travis travis  5038 Jan 18 03:26 ModularCodeGen3_A2.class
-rw-rw-r--   1 travis travis 15957 Jan 18 03:26 ModularCodeGen3_A2.java
-rw-rw-r--   1 travis travis   856 Jan 18 03:26 ModularCodeGen3_A2.mk
-rw-rw-r--   1 travis travis  1445 Jan 18 03:26 ModularCodeGen3_A2_profile.class
-rw-rw-r--   1 travis travis  1716 Jan 18 03:26 ModularCodeGen3_A2_profile.java
-rw-rw-r--   1 travis travis  3794 Jan 18 03:26 ModularCodeGen4_A1_B1.class
-rw-rw-r--   1 travis travis 10312 Jan 18 03:26 ModularCodeGen4_A1_B1.java
-rw-rw-r--   1 travis travis   880 Jan 18 03:26 ModularCodeGen4_A1_B1.mk
-rw-rw-r--   1 travis travis  1330 Jan 18 03:26 ModularCodeGen4_A1_B1_profile.class
-rw-rw-r--   1 travis travis  1273 Jan 18 03:26 ModularCodeGen4_A1_B1_profile.java
-rw-rw-r--   1 travis travis  3794 Jan 18 03:26 ModularCodeGen4_A1_B2.class
-rw-rw-r--   1 travis travis 10312 Jan 18 03:26 ModularCodeGen4_A1_B2.java
-rw-rw-r--   1 travis travis   880 Jan 18 03:26 ModularCodeGen4_A1_B2.mk
-rw-rw-r--   1 travis travis  1330 Jan 18 03:26 ModularCodeGen4_A1_B2_profile.class
-rw-rw-r--   1 travis travis  1273 Jan 18 03:26 ModularCodeGen4_A1_B2_profile.java
-rw-rw-r--   1 travis travis  5101 Jan 18 03:26 ModularCodeGen4_A1.class
-rw-rw-r--   1 travis travis 16245 Jan 18 03:26 ModularCodeGen4_A1.java
-rw-rw-r--   1 travis travis   856 Jan 18 03:26 ModularCodeGen4_A1.mk
-rw-rw-r--   1 travis travis  1445 Jan 18 03:26 ModularCodeGen4_A1_profile.class
-rw-rw-r--   1 travis travis  1712 Jan 18 03:26 ModularCodeGen4_A1_profile.java
-rw-rw-r--   1 travis travis  1454 Jan 18 03:26 ModularCodeGen4_A2_B1_profile.java
-rw-rw-r--   1 travis travis  3954 Jan 18 03:25 ModularCodeGen_ModularCodeGenTypedCompositeActor.class
-rw-rw-r--   1 travis travis 10970 Jan 18 03:25 ModularCodeGen_ModularCodeGenTypedCompositeActor.java
-rw-rw-r--   1 travis travis  1096 Jan 18 03:25 ModularCodeGen_ModularCodeGenTypedCompositeActor.mk
-rw-rw-r--   1 travis travis  1384 Jan 18 03:25 ModularCodeGen_ModularCodeGenTypedCompositeActor_profile.class
-rw-rw-r--   1 travis travis  1328 Jan 18 03:25 ModularCodeGen_ModularCodeGenTypedCompositeActor_profile.java
-rw-rw-r--   1 travis travis  3492 Jan 18 03:25 ModularCodeGenTest_A1_A2.class
-rw-rw-r--   1 travis travis   904 Jan 18 03:25 ModularCodeGenTest_A1_A2.mk
-rw-rw-r--   1 travis travis  1306 Jan 18 03:25 ModularCodeGenTest_A1_A2_profile.class
-rw-rw-r--   1 travis travis  9968 Jan 18 03:25 ModularCodeGenTest_A1.java
-rw-rw-r--   1 travis travis   880 Jan 18 03:25 ModularCodeGenTest_A1.mk
drwxrwxr-x   3 travis travis 36864 Jan 18 03:25 modulation2
drwxrwxr-x   3 travis travis 20480 Jan 18 03:21 Multiplexor
drwxrwxr-x 249 travis travis 12288 Jan 18 03:25 node_modules
drwxrwxr-x   3 travis travis 20480 Jan 18 03:22 PhaseUnwrap
-rw-rw-r--   1 travis travis   520 Jan 18 03:25 Repeat$_fireFunction_Repeat_Repeat$__f_sL_0.class
-rw-rw-r--   1 travis travis   522 Jan 18 03:25 Repeat$_fireFunction_Repeat_Repeat$__f_sL_10.class
-rw-rw-r--   1 travis travis   666 Jan 18 03:25 Repeat$_fireFunction_Repeat_Repeat$__f_sL_11.class
-rw-rw-r--   1 travis travis   522 Jan 18 03:25 Repeat$_fireFunction_Repeat_Repeat$__f_sL_13.class
-rw-rw-r--   1 travis travis   665 Jan 18 03:25 Repeat$_fireFunction_Repeat_Repeat$__f_sL_1.class
-rw-rw-r--   1 travis travis   520 Jan 18 03:25 Repeat$_fireFunction_Repeat_Repeat$__f_sL_2.class
-rw-rw-r--   1 travis travis   520 Jan 18 03:25 Repeat$_fireFunction_Repeat_Repeat$__f_sL_3.class
-rw-rw-r--   1 travis travis   520 Jan 18 03:25 Repeat$_fireFunction_Repeat_Repeat$__f_sL_5.class
-rw-rw-r--   1 travis travis   671 Jan 18 03:25 Repeat$_fireFunction_Repeat_Repeat$__f_sL_7.class
-rw-rw-r--   1 travis travis   520 Jan 18 03:25 Repeat$_fireFunction_Repeat_Repeat$__f_sL_9.class
-rw-rw-r--   1 travis travis   813 Jan 18 03:25 Repeat$_initialize_Repeat.class
-rw-rw-r--   1 travis travis   475 Jan 18 03:25 Repeat$_initialize_Repeat$__i_sL_0.class
-rw-rw-r--   1 travis travis   519 Jan 18 03:25 Repeat$_initialize_Repeat$__i_sL_3.class
-rw-rw-r--   1 travis travis 39778 Jan 18 03:25 Repeat.java
-rw-rw-r--   1 travis travis  1281 Jan 18 03:25 Repeat.mk
-rw-rw-r--   1 travis travis   520 Jan 18 03:25 Repeat$_preinitializeMethod_Repeat$__p_sL_0.class
-rw-rw-r--   1 travis travis   520 Jan 18 03:25 Repeat$_preinitializeMethod_Repeat$__p_sL_1.class
-rw-rw-r--   1 travis travis  1083 Jan 18 03:25 Repeat$_Repeat$_fireFunction_Repeat_AddSubtract_Repeat.class
-rw-rw-r--   1 travis travis   791 Jan 18 03:25 Repeat$_Repeat$_fireFunction_Repeat_AddSubtract_Repeat$__f_sL_0.class
-rw-rw-r--   1 travis travis   909 Jan 18 03:25 Repeat$_Repeat$_fireFunction_Repeat_AddSubtract_Repeat$__f_sL_1.class
-rw-rw-r--   1 travis travis   915 Jan 18 03:25 Repeat$_Repeat$_fireFunction_Repeat_AddSubtract_Repeat$__f_sL_2.class
-rw-rw-r--   1 travis travis   838 Jan 18 03:25 Repeat$_Repeat$_fireFunction_Repeat_Ramp2_Repeat$__f_sL_1.class
-rw-rw-r--   1 travis travis  1785 Jan 18 03:25 Repeat$_Repeat$_fireFunction_Repeat_Test_Repeat$__f_sL_2.class
-rw-rw-r--   1 travis travis   685 Jan 18 03:25 Repeat$_Repeat_SDF_Director_run_Repeat$__R_sL_0.class
-rw-rw-r--   1 travis travis   540 Jan 18 03:25 Repeat$_Repeat_SDF_Director_run_Repeat$__R_sL_1.class
-rw-rw-r--   1 travis travis   540 Jan 18 03:25 Repeat$_Repeat_SDF_Director_run_Repeat$__R_sL_2.class
-rw-rw-r--   1 travis travis   540 Jan 18 03:25 Repeat$_Repeat_SDF_Director_run_Repeat$__R_sL_4.class
-rw-rw-r--   1 travis travis   540 Jan 18 03:25 Repeat$_Repeat_SDF_Director_run_Repeat$__R_sL_5.class
-rw-rw-r--   1 travis travis   691 Jan 18 03:25 Repeat$_Repeat_SDF_Director_run_Repeat$__R_sL_6.class
-rw-rw-r--   1 travis travis   540 Jan 18 03:25 Repeat$_Repeat_SDF_Director_run_Repeat$__R_sL_7.class
-rw-rw-r--   1 travis travis   863 Jan 18 03:25 Repeat$_varinit_Repeat.class
-rw-rw-r--   1 travis travis   530 Jan 18 03:25 Repeat$_varinit_Repeat$__v_sL_1.class
-rw-rw-r--   1 travis travis   531 Jan 18 03:25 Repeat$_varinit_Repeat$__v_sL_2.class
-rw-rw-r--   1 travis travis   905 Jan 18 03:25 Repeat$_varinit_Repeat$__v_sL_4.class
-rw-rw-r--   1 travis travis   635 Jan 18 03:25 Repeat$_wrapup_Repeat.class
-rw-rw-r--   1 travis travis   965 Jan 18 03:25 Repeat$_wrapup_Repeat$__w_sL_1.class
-rw-rw-r--   1 travis travis   289 Jan 18 03:19 result.csv
drwxrwxr-x   3 travis travis 12288 Jan 18 03:23 Scrambler1
drwxrwxr-x   3 travis travis 20480 Jan 18 03:22 Sinewave2
drwxrwxr-x   3 travis travis 69632 Jan 18 03:23 StringCompare
drwxrwxr-x   3 travis travis 32768 Jan 18 03:23 StringFunction
drwxrwxr-x   3 travis travis 12288 Jan 18 03:23 StringLength
drwxrwxr-x   3 travis travis 57344 Jan 18 03:24 StringSimpleReplace
drwxrwxr-x   3 travis travis 12288 Jan 18 03:24 time2
drwxrwxr-x   3 travis travis 12288 Jan 18 03:25 time5
-rw-rw-r--   1 travis travis   432 Jan 18 03:26 Token.class
-rw-rw-r--   1 travis travis   251 Jan 18 03:26 Token.java
-rw-rw-r--   1 travis travis     0 Jan 18 03:25 top.
-rw-rw-r--   1 travis travis 20502 Jan 18 03:19 top.c
-rw-rw-r--   1 travis travis  3567 Jan 18 03:25 top.class
-rw-rw-r--   1 travis travis   169 Jan 18 03:19 top.html
-rw-rw-r--   1 travis travis  7552 Jan 18 03:25 top.java
-rw-rw-r--   1 travis travis 38888 Jan 18 03:19 top.o
drwxrwxr-x   3 travis travis 57344 Jan 18 03:22 UnaryMathFunction
In "/home/travis/cg", about to execute:
    javac -classpath
.:/home/travis/build/icyphy/ptII:/home/travis/build/icyphy/ptII/lib/bsh-2.0b4.j
ar:/home/travis/build/icyphy/ptII/lib/ptCal.jar:/home/travis/build/icyphy/ptII/
lib/java_cup.jar:/home/travis/build/icyphy/ptII/lib/saxon8.jar:/home/travis/bui
ld/icyphy/ptII/lib/saxon8-dom.jar:/home/travis/build/icyphy/ptII/lib/chic.jar:/
home/travis/build/icyphy/ptII/lib/ptcolt.jar:/usr/lib/jvm/java-8-oracle/lib/too
ls.jar:/usr/lib/eclipse/plugins/org.eclipse.jdt.core_3.8.2.dist.jar:/usr/lib/ec
lipse/plugins/org.eclipse.core.runtime_3.8.0.dist.jar:/usr/lib/eclipse/plugins/
org.eclipse.osgi_3.8.1.dist.jar:/usr/lib/eclipse/plugins/org.eclipse.core.resou
rces_3.8.1.dist.jar:/usr/lib/eclipse/plugins/org.eclipse.equinox.common_3.6.100
.dist.jar:/usr/lib/eclipse/plugins/org.eclipse.core.jobs_3.5.200.dist.jar:/usr/
lib/eclipse/plugins/org.eclipse.core.contenttype_3.4.200.dist.jar:/usr/lib/ecli
pse/plugins/org.eclipse.equinox.preferences_3.5.0.dist.jar:/usr/lib/eclipse/plu
gins/org.eclipse.text_3.5.200.dist.jar:/usr/lib/eclipse/plugins/org.eclipse.ui.
workbench_3.8.1.dist.jar:/usr/lib/eclipse/plugins/org.eclipse.jface_3.8.0.dist.
jar:/usr/lib/eclipse/plugins/org.eclipse.swt_3.8.2.jar:/usr/lib/eclipse/plugins
/org.eclipse.jface.text_3.8.1.dist.jar:/usr/lib/eclipse/plugins/org.eclipse.ui.
workbench.texteditor_3.8.0.dist.jar:/usr/lib/eclipse/plugins/org.eclipse.ui.edi
tors_3.8.0.dist.jar:/usr/lib/eclipse/plugins/org.eclipse.core.commands_3.6.1.di
st.jar:/usr/lib/eclipse/plugins/org.eclipse.equinox.registry_3.5.200.dist.jar:/
usr/lib/eclipse/plugins/org.eclipse.ui.console_3.5.100.dist.jar:/usr/lib/eclips
e/plugins/org.eclipse.ui.forms_3.5.200.dist.jar:/usr/lib/eclipse/plugins/org.ec
lipse.ui.ide_3.8.1.dist.jar:/home/travis/build/icyphy/ptII/vendors/oracle/dbxml
.jar:/home/travis/build/icyphy/ptII/vendors/oracle/db.jar:/home/travis/build/ic
yphy/ptII/vendors/misc/itext/iText.jar:/home/travis/build/icyphy/ptII/lib/g4ltl
.jar:/home/travis/build/icyphy/ptII/lib/StructuralCoder.jar:/home/travis/build/
icyphy/ptII/lib/org-openide-util.jar:/home/travis/build/icyphy/ptII/lib/org-ope
nide-util-lookup.jar:/home/travis/build/icyphy/ptII/lib/org-netbeans-api-visual
.jar:/home/travis/build/icyphy/ptII/vendors/jai-1_1_2_01/lib/jai_core.jar:/home
/travis/build/icyphy/ptII/vendors/jai-1_1_2_01/lib/jai_codec.jar:/home/travis/b
uild/icyphy/ptII/lib/jcerti.jar:/home/travis/build/icyphy/ptII/lib/smack.jar:/h
ome/travis/build/icyphy/ptII/lib/smackx.jar:/home/travis/build/icyphy/ptII/lib/
jetty-all-8.1.5-v20120716.jar:/home/travis/build/icyphy/ptII/lib/javax.servlet-
api-3.0.1.jar:/home/travis/build/icyphy/ptII/lib/javax.mail.jar:/home/travis/bu
ild/icyphy/ptII/vendors/JMF-2.1.1e/lib/jmf.jar:/home/travis/build/icyphy/ptII/l
ib/jna-4.0.0-variadic.jar:/home/travis/build/icyphy/ptII/vendors/misc/joystick/
Joystick.jar:/home/travis/build/icyphy/ptII/lib/ptjacl.jar:/home/travis/build/i
cyphy/ptII/lib/jsoup-1.8.2.jar:/home/travis/build/icyphy/ptII/lib/junit-4.8.2.j
ar:/home/travis/build/icyphy/ptII/lib/JUnitParams-0.4.0.jar:/home/travis/build/
icyphy/ptII/ptolemy/actor/lib/excel/jxl.jar:/home/travis/build/icyphy/ptII/lib/
jython.jar:/home/travis/build/icyphy/ptII/lib/kieler.jar:/home/travis/build/icy
phy/ptII/vendors/opencv/share/OpenCV/java/opencv-341.jar:/home/travis/build/icy
phy/ptII/lib/oscP5.jar:/home/travis/build/icyphy/ptII/lib/nrjavaserial-3.11.0.d
evel.jar:/home/travis/build/icyphy/ptII/vendors/j3d/lib/j3dcore.jar:/home/travi
s/build/icyphy/ptII/vendors/j3d/lib/j3dutils.jar:/home/travis/build/icyphy/ptII
/vendors/j3d/lib/vecmath.jar:/home/travis/build/icyphy/ptII/ptolemy/distributed
/jini/jar/jini-core.jar:/home/travis/build/icyphy/ptII/ptolemy/distributed/jini
/jar/jini-ext.jar:/home/travis/build/icyphy/ptII/ptolemy/distributed/jini/jar/s
un-util.jar:/home/travis/build/icyphy/ptII/lib/protobuf-java-2.4.1.jar:/home/tr
avis/build/icyphy/ptII/lib/org.eclipse.paho.client.mqttv3.jar:/home/travis/buil
d/icyphy/ptII/ptserver/lib/hessian-4.0.7.jar:/home/travis/build/icyphy/ptII/pts
erver/lib/wmqtt.jar:/home/travis/build/icyphy/ptII/lib/mapss.jar:/home/travis/b
uild/icyphy/ptII/ptolemy/actor/ptalon/antlr/antlr.jar:/home/travis/build/icyphy
/ptII/lib/JRI.jar:/home/travis/build/icyphy/ptII/lib/commons-lang-2.6.jar:/home
/travis/build/icyphy/ptII/lib/commons-logging-1.1.1.jar:/home/travis/build/icyp
hy/ptII/lib/sootclasses.jar:/home/travis/build/icyphy/ptII/ptolemy/actor/lib/da
tabase/mysql-connector-java-5.1.6-bin.jar:/home/travis/build/icyphy/ptII/vendor
s/misc/sphinx4/sphinx4-data-5prealpha.jar:/home/travis/build/icyphy/ptII/vendor
s/misc/sphinx4/sphinx4-core-5prealpha.jar:/home/travis/build/icyphy/ptII/lib/PD
FRenderer.jar:/home/travis/build/icyphy/ptII/lib/svgSalamander.jar:/home/travis
/build/icyphy/ptII/lib/rsyntaxtextarea-2.6.0-SNAPSHOT.jar:/home/travis/build/ic
yphy/ptII/lib/hazelcast-3.8.2.jar:/home/travis/build/icyphy/ptII/lib/jackson-an
notations-2.9.0.jar:/home/travis/build/icyphy/ptII/lib/jackson-core-2.9.3.jar:/
home/travis/build/icyphy/ptII/lib/jackson-databind-2.9.3.jar:/home/travis/build
/icyphy/ptII/lib/netty-buffer-4.1.19.Final.jar:/home/travis/build/icyphy/ptII/l
ib/netty-codec-4.1.19.Final.jar:/home/travis/build/icyphy/ptII/lib/netty-codec-
dns-4.1.19.Final.jar:/home/travis/build/icyphy/ptII/lib/netty-codec-http-4.1.19
.Final.jar:/home/travis/build/icyphy/ptII/lib/netty-codec-http2-4.1.19.Final.ja
r:/home/travis/build/icyphy/ptII/lib/netty-common-4.1.19.Final.jar:/home/travis
/build/icyphy/ptII/lib/netty-handler-4.1.19.Final.jar:/home/travis/build/icyphy
/ptII/lib/netty-resolver-4.1.19.Final.jar:/home/travis/build/icyphy/ptII/lib/ne
tty-resolver-dns-4.1.19.Final.jar:/home/travis/build/icyphy/ptII/lib/netty-tran
sport-4.1.19.Final.jar:/home/travis/build/icyphy/ptII/lib/vertx-codegen-3.5.1.j
ar:/home/travis/build/icyphy/ptII/lib/vertx-core-3.5.2-SNAPSHOT.jar:/home/travi
s/build/icyphy/ptII/lib/vertx-hazelcast-3.5.1.jar:/home/travis/build/icyphy/ptI
I/lib/vertx-lang-js-3.5.1.jar:/home/travis/build/icyphy/ptII/lib/vertx-service-
proxy-3.5.1.jar:/home/travis/build/icyphy/ptII/lib/vertx-web-3.5.1.jar:/home/tr
avis/build/icyphy/ptII/lib/slf4j-api-1.7.13.jar:/home/travis/build/icyphy/ptII/
lib/slf4j-simple-1.7.13.jar:/home/travis/build/icyphy/ptII/lib/webcam-capture-0
.3.12.jar:/home/travis/build/icyphy/ptII/lib/bridj-0.7.0.jar:/home/travis/build
/icyphy/ptII/lib/xbjlib-1.1.0.nrjavaserial.jar:/home/travis/build/icyphy/ptII/p
tolemy/moml/test:/home/travis/build/icyphy/ptII/ant/lib/ant-launcher.jar:/home/
travis/build/icyphy/ptII/ant/lib/ant.jar:/home/travis/build/icyphy/ptII/ant/lib
/ant-junit.jar:/home/travis/build/icyphy/ptII/ant/lib/ant-junit4.jar:/home/trav
is/build/icyphy/ptII ModularCodeGen4_A2_B1_profile.java
warning: Supported source version 'RELEASE_6' from annotation processor 'org.netbeans.modules.openide.util.NbBundleProcessor' less than -source '1.8'
warning: Supported source version 'RELEASE_6' from annotation processor 'org.netbeans.modules.openide.util.URLStreamHandlerRegistrationProcessor' less than -source '1.8'
warning: Supported source version 'RELEASE_6' from annotation processor 'org.netbeans.modules.openide.util.ServiceProviderProcessor' less than -source '1.8'
3 warnings
All Done
Writing ModularCodeGen4_A2_B1.java in file:/home/travis/cg/ (11375 characters)
Reading "ptolemy/cg/kernel/generic/program/procedural/java/modular/makefile.in",
    writing "/home/travis/cg/ModularCodeGen4_A2_B1.mk"
Using ptolemy/cg/kernel/generic/program/procedural/java/modular/makefile.in
In "/home/travis/cg", about to execute:
    make -f ModularCodeGen4_A2_B1.mk
javac -classpath ".:.."    ModularCodeGen4_A2_B1.java
All Done
In "/home/travis/cg", about to execute:
    pwd
In "/home/travis/cg", about to execute:
    ls -l
/home/travis/cg
In "/home/travis/cg", about to execute:
    javac -classpath
.:/home/travis/build/icyphy/ptII:/home/travis/build/icyphy/ptII/lib/bsh-2.0b4.j
ar:/home/travis/build/icyphy/ptII/lib/ptCal.jar:/home/travis/build/icyphy/ptII/
lib/java_cup.jar:/home/travis/build/icyphy/ptII/lib/saxon8.jar:/home/travis/bui
ld/icyphy/ptII/lib/saxon8-dom.jar:/home/travis/build/icyphy/ptII/lib/chic.jar:/
home/travis/build/icyphy/ptII/lib/ptcolt.jar:/usr/lib/jvm/java-8-oracle/lib/too
ls.jar:/usr/lib/eclipse/plugins/org.eclipse.jdt.core_3.8.2.dist.jar:/usr/lib/ec
lipse/plugins/org.eclipse.core.runtime_3.8.0.dist.jar:/usr/lib/eclipse/plugins/
org.eclipse.osgi_3.8.1.dist.jar:/usr/lib/eclipse/plugins/org.eclipse.core.resou
rces_3.8.1.dist.jar:/usr/lib/eclipse/plugins/org.eclipse.equinox.common_3.6.100
.dist.jar:/usr/lib/eclipse/plugins/org.eclipse.core.jobs_3.5.200.dist.jar:/usr/
lib/eclipse/plugins/org.eclipse.core.contenttype_3.4.200.dist.jar:/usr/lib/ecli
pse/plugins/org.eclipse.equinox.preferences_3.5.0.dist.jar:/usr/lib/eclipse/plu
gins/org.eclipse.text_3.5.200.dist.jar:/usr/lib/eclipse/plugins/org.eclipse.ui.
workbench_3.8.1.dist.jar:/usr/lib/eclipse/plugins/org.eclipse.jface_3.8.0.dist.
jar:/usr/lib/eclipse/plugins/org.eclipse.swt_3.8.2.jar:/usr/lib/eclipse/plugins
/org.eclipse.jface.text_3.8.1.dist.jar:/usr/lib/eclipse/plugins/org.eclipse.ui.
workbench.texteditor_3.8.0.dist.jar:/usr/lib/eclipse/plugins/org.eclipse.ui.edi
tors_3.8.0.dist.jar:/usr/lib/eclipse/plugins/org.eclipse.core.commands_3.6.1.di
st.jar:/usr/lib/eclipse/plugins/org.eclipse.equinox.registry_3.5.200.dist.jar:/
usr/lib/eclipse/plugins/org.eclipse.ui.console_3.5.100.dist.jar:/usr/lib/eclips
e/plugins/org.eclipse.ui.forms_3.5.200.dist.jar:/usr/lib/eclipse/plugins/org.ec
lipse.ui.ide_3.8.1.dist.jar:/home/travis/build/icyphy/ptII/vendors/oracle/dbxml
.jar:/home/travis/build/icyphy/ptII/vendors/oracle/db.jar:/home/travis/build/ic
yphy/ptII/vendors/misc/itext/iText.jar:/home/travis/build/icyphy/ptII/lib/g4ltl
.jar:/home/travis/build/icyphy/ptII/lib/StructuralCoder.jar:/home/travis/build/
icyphy/ptII/lib/org-openide-util.jar:/home/travis/build/icyphy/ptII/lib/org-ope
nide-util-lookup.jar:/home/travis/build/icyphy/ptII/lib/org-netbeans-api-visual
.jar:/home/travis/build/icyphy/ptII/vendors/jai-1_1_2_01/lib/jai_core.jar:/home
/travis/build/icyphy/ptII/vendors/jai-1_1_2_01/lib/jai_codec.jar:/home/travis/b
uild/icyphy/ptII/lib/jcerti.jar:/home/travis/build/icyphy/ptII/lib/smack.jar:/h
ome/travis/build/icyphy/ptII/lib/smackx.jar:/home/travis/build/icyphy/ptII/lib/
jetty-all-8.1.5-v20120716.jar:/home/travis/build/icyphy/ptII/lib/javax.servlet-
api-3.0.1.jar:/home/travis/build/icyphy/ptII/lib/javax.mail.jar:/home/travis/bu
ild/icyphy/ptII/vendors/JMF-2.1.1e/lib/jmf.jar:/home/travis/build/icyphy/ptII/l
ib/jna-4.0.0-variadic.jar:/home/travis/build/icyphy/ptII/vendors/misc/joystick/
Joystick.jar:/home/travis/build/icyphy/ptII/lib/ptjacl.jar:/home/travis/build/i
cyphy/ptII/lib/jsoup-1.8.2.jar:/home/travis/build/icyphy/ptII/lib/junit-4.8.2.j
ar:/home/travis/build/icyphy/ptII/lib/JUnitParams-0.4.0.jar:/home/travis/build/
icyphy/ptII/ptolemy/actor/lib/excel/jxl.jar:/home/travis/build/icyphy/ptII/lib/
jython.jar:/home/travis/build/icyphy/ptII/lib/kieler.jar:/home/travis/build/icy
phy/ptII/vendors/opencv/share/OpenCV/java/opencv-341.jar:/home/travis/build/icy
phy/ptII/lib/oscP5.jar:/home/travis/build/icyphy/ptII/lib/nrjavaserial-3.11.0.d
evel.jar:/home/travis/build/icyphy/ptII/vendors/j3d/lib/j3dcore.jar:/home/travi
s/build/icyphy/ptII/vendors/j3d/lib/j3dutils.jar:/home/travis/build/icyphy/ptII
/vendors/j3d/lib/vecmath.jar:/home/travis/build/icyphy/ptII/ptolemy/distributed
/jini/jar/jini-core.jar:/home/travis/build/icyphy/ptII/ptolemy/distributed/jini
/jar/jini-ext.jar:/home/travis/build/icyphy/ptII/ptolemy/distributed/jini/jar/s
un-util.jar:/home/travis/build/icyphy/ptII/lib/protobuf-java-2.4.1.jar:/home/tr
avis/build/icyphy/ptII/lib/org.eclipse.paho.client.mqttv3.jar:/home/travis/buil
d/icyphy/ptII/ptserver/lib/hessian-4.0.7.jar:/home/travis/build/icyphy/ptII/pts
erver/lib/wmqtt.jar:/home/travis/build/icyphy/ptII/lib/mapss.jar:/home/travis/b
uild/icyphy/ptII/ptolemy/actor/ptalon/antlr/antlr.jar:/home/travis/build/icyphy
/ptII/lib/JRI.jar:/home/travis/build/icyphy/ptII/lib/commons-lang-2.6.jar:/home
/travis/build/icyphy/ptII/lib/commons-logging-1.1.1.jar:/home/travis/build/icyp
hy/ptII/lib/sootclasses.jar:/home/travis/build/icyphy/ptII/ptolemy/actor/lib/da
tabase/mysql-connector-java-5.1.6-bin.jar:/home/travis/build/icyphy/ptII/vendor
s/misc/sphinx4/sphinx4-data-5prealpha.jar:/home/travis/build/icyphy/ptII/vendor
s/misc/sphinx4/sphinx4-core-5prealpha.jar:/home/travis/build/icyphy/ptII/lib/PD
FRenderer.jar:/home/travis/build/icyphy/ptII/lib/svgSalamander.jar:/home/travis
/build/icyphy/ptII/lib/rsyntaxtextarea-2.6.0-SNAPSHOT.jar:/home/travis/build/ic
yphy/ptII/lib/hazelcast-3.8.2.jar:/home/travis/build/icyphy/ptII/lib/jackson-an
notations-2.9.0.jar:/home/travis/build/icyphy/ptII/lib/jackson-core-2.9.3.jar:/
home/travis/build/icyphy/ptII/lib/jackson-databind-2.9.3.jar:/home/travis/build
/icyphy/ptII/lib/netty-buffer-4.1.19.Final.jar:/home/travis/build/icyphy/ptII/l
ib/netty-codec-4.1.19.Final.jar:/home/travis/build/icyphy/ptII/lib/netty-codec-
dns-4.1.19.Final.jar:/home/travis/build/icyphy/ptII/lib/netty-codec-http-4.1.19
.Final.jar:/home/travis/build/icyphy/ptII/lib/netty-codec-http2-4.1.19.Final.ja
r:/home/travis/build/icyphy/ptII/lib/netty-common-4.1.19.Final.jar:/home/travis
/build/icyphy/ptII/lib/netty-handler-4.1.19.Final.jar:/home/travis/build/icyphy
/ptII/lib/netty-resolver-4.1.19.Final.jar:/home/travis/build/icyphy/ptII/lib/ne
tty-resolver-dns-4.1.19.Final.jar:/home/travis/build/icyphy/ptII/lib/netty-tran
sport-4.1.19.Final.jar:/home/travis/build/icyphy/ptII/lib/vertx-codegen-3.5.1.j
ar:/home/travis/build/icyphy/ptII/lib/vertx-core-3.5.2-SNAPSHOT.jar:/home/travi
s/build/icyphy/ptII/lib/vertx-hazelcast-3.5.1.jar:/home/travis/build/icyphy/ptI
I/lib/vertx-lang-js-3.5.1.jar:/home/travis/build/icyphy/ptII/lib/vertx-service-
proxy-3.5.1.jar:/home/travis/build/icyphy/ptII/lib/vertx-web-3.5.1.jar:/home/tr
avis/build/icyphy/ptII/lib/slf4j-api-1.7.13.jar:/home/travis/build/icyphy/ptII/
lib/slf4j-simple-1.7.13.jar:/home/travis/build/icyphy/ptII/lib/webcam-capture-0
.3.12.jar:/home/travis/build/icyphy/ptII/lib/bridj-0.7.0.jar:/home/travis/build
/icyphy/ptII/lib/xbjlib-1.1.0.nrjavaserial.jar:/home/travis/build/icyphy/ptII/p
tolemy/moml/test:/home/travis/build/icyphy/ptII/ant/lib/ant-launcher.jar:/home/
travis/build/icyphy/ptII/ant/lib/ant.jar:/home/travis/build/icyphy/ptII/ant/lib
/ant-junit.jar:/home/travis/build/icyphy/ptII/ant/lib/ant-junit4.jar:/home/trav
is/build/icyphy/ptII ModularCodeGen4_A2_B2_profile.java
total 1652
drwxrwxr-x   3 travis travis 12288 Jan 18 03:20 AbsoluteValue
drwxrwxr-x   3 travis travis 16384 Jan 18 03:20 Case1
drwxrwxr-x   3 travis travis 32768 Jan 18 03:20 Case2
-rw-rw-r--   1 travis travis  4895 Jan 18 03:25 CompiledCompositeActor_CompiledCompositeActor.class
-rw-rw-r--   1 travis travis  1592 Jan 18 03:25 CompiledCompositeActor_CompiledCompositeActor$_CompiledCompositeActor_CompiledCompositeActor.class
-rw-rw-r--   1 travis travis 13466 Jan 18 03:25 CompiledCompositeActor_CompiledCompositeActor.java
-rw-rw-r--   1 travis travis  1593 Jan 18 03:25 CompiledCompositeActor_CompiledCompositeActor.mk
drwxrwxr-x   3 travis travis 24576 Jan 18 03:23 DeScrambler
drwxrwxr-x   3 travis travis 16384 Jan 18 03:24 DotProduct
drwxrwxr-x   3 travis travis 12288 Jan 18 03:21 FileWriter1
drwxrwxr-x   3 travis travis 20480 Jan 18 03:20 FixToDoubleAndBack
drwxrwxr-x   3 travis travis 16384 Jan 18 03:21 Gaussian1
drwxrwxr-x   3 travis travis 20480 Jan 18 03:21 Gaussian2
-rw-rw-r--   1 travis travis  4457 Jan 18 03:25 JavaCompiledCompositeTest1_CompiledCompositeActor.class
-rw-rw-r--   1 travis travis 11637 Jan 18 03:25 JavaCompiledCompositeTest1_CompiledCompositeActor.java
-rw-rw-r--   1 travis travis  1198 Jan 18 03:25 JavaCompiledCompositeTest1_CompiledCompositeActor$_JavaCompiledCompositeTest1_CompiledCompositeActor.class
-rw-rw-r--   1 travis travis  1625 Jan 18 03:25 JavaCompiledCompositeTest1_CompiledCompositeActor.mk
-rw-rw-r--   1 travis travis  4888 Jan 18 03:25 JavaCompiledCompositeTest2_CompiledCompositeActor.class
-rw-rw-r--   1 travis travis 14919 Jan 18 03:25 JavaCompiledCompositeTest2_CompiledCompositeActor.java
-rw-rw-r--   1 travis travis  1793 Jan 18 03:25 JavaCompiledCompositeTest2_CompiledCompositeActor$_JavaCompiledCompositeTest2_CompiledCompositeActor.class
-rw-rw-r--   1 travis travis  1625 Jan 18 03:25 JavaCompiledCompositeTest2_CompiledCompositeActor.mk
-rw-rw-r--   1 travis travis  4505 Jan 18 03:25 JavaCompiledCompositeTest3_CompiledCompositeActor.class
-rw-rw-r--   1 travis travis 13080 Jan 18 03:25 JavaCompiledCompositeTest3_CompiledCompositeActor.java
-rw-rw-r--   1 travis travis  1378 Jan 18 03:25 JavaCompiledCompositeTest3_CompiledCompositeActor$_JavaCompiledCompositeTest3_CompiledCompositeActor.class
-rw-rw-r--   1 travis travis  1625 Jan 18 03:25 JavaCompiledCompositeTest3_CompiledCompositeActor.mk
-rw-rw-r--   1 travis travis  3953 Jan 18 03:25 JavaCompiledCompositeTest4_CompiledCompositeActor.class
-rw-rw-r--   1 travis travis  9687 Jan 18 03:25 JavaCompiledCompositeTest4_CompiledCompositeActor.java
-rw-rw-r--   1 travis travis   857 Jan 18 03:25 JavaCompiledCompositeTest4_CompiledCompositeActor$_JavaCompiledCompositeTest4_CompiledCompositeActor.class
-rw-rw-r--   1 travis travis  1625 Jan 18 03:25 JavaCompiledCompositeTest4_CompiledCompositeActor.mk
drwxrwxr-x   3 travis travis 12288 Jan 18 03:21 LookupTable
drwxrwxr-x   3 travis travis 20480 Jan 18 03:21 MaxIndex
-rw-rw-r--   1 travis travis  3693 Jan 18 03:25 ModularCG_A1_B1.class
-rw-rw-r--   1 travis travis  9730 Jan 18 03:25 ModularCG_A1_B1.java
-rw-rw-r--   1 travis travis   832 Jan 18 03:25 ModularCG_A1_B1.mk
-rw-rw-r--   1 travis travis  1318 Jan 18 03:25 ModularCG_A1_B1_profile.class
-rw-rw-r--   1 travis travis  1262 Jan 18 03:25 ModularCG_A1_B1_profile.java
-rw-rw-r--   1 travis travis  3693 Jan 18 03:25 ModularCG_A1_B2.class
-rw-rw-r--   1 travis travis  9730 Jan 18 03:25 ModularCG_A1_B2.java
-rw-rw-r--   1 travis travis   832 Jan 18 03:25 ModularCG_A1_B2.mk
-rw-rw-r--   1 travis travis  1318 Jan 18 03:25 ModularCG_A1_B2_profile.class
-rw-rw-r--   1 travis travis  1262 Jan 18 03:25 ModularCG_A1_B2_profile.java
-rw-rw-r--   1 travis travis  4799 Jan 18 03:25 ModularCG_A1.class
-rw-rw-r--   1 travis travis 14742 Jan 18 03:25 ModularCG_A1.java
-rw-rw-r--   1 travis travis   808 Jan 18 03:25 ModularCG_A1.mk
-rw-rw-r--   1 travis travis  1433 Jan 18 03:25 ModularCG_A1_profile.class
-rw-rw-r--   1 travis travis  1704 Jan 18 03:25 ModularCG_A1_profile.java
-rw-rw-r--   1 travis travis  3827 Jan 18 03:25 ModularCG_A2_B1.class
-rw-rw-r--   1 travis travis 10667 Jan 18 03:25 ModularCG_A2_B1.java
-rw-rw-r--   1 travis travis   832 Jan 18 03:25 ModularCG_A2_B1.mk
-rw-rw-r--   1 travis travis  1381 Jan 18 03:25 ModularCG_A2_B1_profile.class
-rw-rw-r--   1 travis travis  1446 Jan 18 03:25 ModularCG_A2_B1_profile.java
-rw-rw-r--   1 travis travis  3693 Jan 18 03:25 ModularCG_A2_B2.class
-rw-rw-r--   1 travis travis  9730 Jan 18 03:25 ModularCG_A2_B2.java
-rw-rw-r--   1 travis travis   832 Jan 18 03:25 ModularCG_A2_B2.mk
-rw-rw-r--   1 travis travis  1318 Jan 18 03:25 ModularCG_A2_B2_profile.class
-rw-rw-r--   1 travis travis  1262 Jan 18 03:25 ModularCG_A2_B2_profile.java
-rw-rw-r--   1 travis travis  4870 Jan 18 03:25 ModularCG_A2.class
-rw-rw-r--   1 travis travis 15129 Jan 18 03:25 ModularCG_A2.java
-rw-rw-r--   1 travis travis   808 Jan 18 03:25 ModularCG_A2.mk
-rw-rw-r--   1 travis travis  1433 Jan 18 03:25 ModularCG_A2_profile.class
-rw-rw-r--   1 travis travis  1704 Jan 18 03:25 ModularCG_A2_profile.java
-rw-rw-r--   1 travis travis  3473 Jan 18 03:25 ModularCGPubSub_A1_A2.class
-rw-rw-r--   1 travis travis  9076 Jan 18 03:25 ModularCGPubSub_A1_A2.java
-rw-rw-r--   1 travis travis   880 Jan 18 03:25 ModularCGPubSub_A1_A2.mk
-rw-rw-r--   1 travis travis  1300 Jan 18 03:25 ModularCGPubSub_A1_A2_profile.class
-rw-rw-r--   1 travis travis  1222 Jan 18 03:25 ModularCGPubSub_A1_A2_profile.java
-rw-rw-r--   1 travis travis  3790 Jan 18 03:25 ModularCGPubSub_A1.class
-rw-rw-r--   1 travis travis  9836 Jan 18 03:25 ModularCGPubSub_A1.java
-rw-rw-r--   1 travis travis   856 Jan 18 03:25 ModularCGPubSub_A1.mk
-rw-rw-r--   1 travis travis  1346 Jan 18 03:25 ModularCGPubSub_A1_profile.class
-rw-rw-r--   1 travis travis  1388 Jan 18 03:25 ModularCGPubSub_A1_profile.java
-rw-rw-r--   1 travis travis  3988 Jan 18 03:25 ModularCodeGen2_ModularCodeGenTypedCompositeActor.class
-rw-rw-r--   1 travis travis 11690 Jan 18 03:25 ModularCodeGen2_ModularCodeGenTypedCompositeActor.java
-rw-rw-r--   1 travis travis  1104 Jan 18 03:25 ModularCodeGen2_ModularCodeGenTypedCompositeActor.mk
-rw-rw-r--   1 travis travis  4272 Jan 18 03:25 ModularCodeGen2_ModularCodeGenTypedCompositeActor_ModularCodeGenTypedCompositeActor.class
-rw-rw-r--   1 travis travis 11790 Jan 18 03:25 ModularCodeGen2_ModularCodeGenTypedCompositeActor_ModularCodeGenTypedCompositeActor.java
-rw-rw-r--   1 travis travis  1376 Jan 18 03:25 ModularCodeGen2_ModularCodeGenTypedCompositeActor_ModularCodeGenTypedCompositeActor.mk
-rw-rw-r--   1 travis travis  1421 Jan 18 03:25 ModularCodeGen2_ModularCodeGenTypedCompositeActor_ModularCodeGenTypedCompositeActor_profile.class
-rw-rw-r--   1 travis travis  1294 Jan 18 03:25 ModularCodeGen2_ModularCodeGenTypedCompositeActor_ModularCodeGenTypedCompositeActor_profile.java
-rw-rw-r--   1 travis travis   820 Jan 18 03:25 ModularCodeGen2_ModularCodeGenTypedCompositeActor_profile.class
-rw-rw-r--   1 travis travis   693 Jan 18 03:25 ModularCodeGen2_ModularCodeGenTypedCompositeActor_profile.java
-rw-rw-r--   1 travis travis  3741 Jan 18 03:25 ModularCodeGen3_A1_B1.class
-rw-rw-r--   1 travis travis  9958 Jan 18 03:25 ModularCodeGen3_A1_B1.java
-rw-rw-r--   1 travis travis   880 Jan 18 03:25 ModularCodeGen3_A1_B1.mk
-rw-rw-r--   1 travis travis  1330 Jan 18 03:25 ModularCodeGen3_A1_B1_profile.class
-rw-rw-r--   1 travis travis  1274 Jan 18 03:25 ModularCodeGen3_A1_B1_profile.java
-rw-rw-r--   1 travis travis  3741 Jan 18 03:25 ModularCodeGen3_A1_B2.class
-rw-rw-r--   1 travis travis  9958 Jan 18 03:25 ModularCodeGen3_A1_B2.java
-rw-rw-r--   1 travis travis   880 Jan 18 03:25 ModularCodeGen3_A1_B2.mk
-rw-rw-r--   1 travis travis  1330 Jan 18 03:25 ModularCodeGen3_A1_B2_profile.class
-rw-rw-r--   1 travis travis  1274 Jan 18 03:25 ModularCodeGen3_A1_B2_profile.java
-rw-rw-r--   1 travis travis  4961 Jan 18 03:26 ModularCodeGen3_A1.class
-rw-rw-r--   1 travis travis 15564 Jan 18 03:26 ModularCodeGen3_A1.java
-rw-rw-r--   1 travis travis   856 Jan 18 03:26 ModularCodeGen3_A1.mk
-rw-rw-r--   1 travis travis  1445 Jan 18 03:26 ModularCodeGen3_A1_profile.class
-rw-rw-r--   1 travis travis  1716 Jan 18 03:25 ModularCodeGen3_A1_profile.java
-rw-rw-r--   1 travis travis  3887 Jan 18 03:26 ModularCodeGen3_A2_B1.class
-rw-rw-r--   1 travis travis 10955 Jan 18 03:26 ModularCodeGen3_A2_B1.java
-rw-rw-r--   1 travis travis   880 Jan 18 03:26 ModularCodeGen3_A2_B1.mk
-rw-rw-r--   1 travis travis  1393 Jan 18 03:26 ModularCodeGen3_A2_B1_profile.class
-rw-rw-r--   1 travis travis  1458 Jan 18 03:26 ModularCodeGen3_A2_B1_profile.java
-rw-rw-r--   1 travis travis  3741 Jan 18 03:26 ModularCodeGen3_A2_B2.class
-rw-rw-r--   1 travis travis  9958 Jan 18 03:26 ModularCodeGen3_A2_B2.java
-rw-rw-r--   1 travis travis   880 Jan 18 03:26 ModularCodeGen3_A2_B2.mk
-rw-rw-r--   1 travis travis  1330 Jan 18 03:26 ModularCodeGen3_A2_B2_profile.class
-rw-rw-r--   1 travis travis  1274 Jan 18 03:26 ModularCodeGen3_A2_B2_profile.java
-rw-rw-r--   1 travis travis  5038 Jan 18 03:26 ModularCodeGen3_A2.class
-rw-rw-r--   1 travis travis 15957 Jan 18 03:26 ModularCodeGen3_A2.java
-rw-rw-r--   1 travis travis   856 Jan 18 03:26 ModularCodeGen3_A2.mk
-rw-rw-r--   1 travis travis  1445 Jan 18 03:26 ModularCodeGen3_A2_profile.class
-rw-rw-r--   1 travis travis  1716 Jan 18 03:26 ModularCodeGen3_A2_profile.java
-rw-rw-r--   1 travis travis  3794 Jan 18 03:26 ModularCodeGen4_A1_B1.class
-rw-rw-r--   1 travis travis 10312 Jan 18 03:26 ModularCodeGen4_A1_B1.java
-rw-rw-r--   1 travis travis   880 Jan 18 03:26 ModularCodeGen4_A1_B1.mk
-rw-rw-r--   1 travis travis  1330 Jan 18 03:26 ModularCodeGen4_A1_B1_profile.class
-rw-rw-r--   1 travis travis  1273 Jan 18 03:26 ModularCodeGen4_A1_B1_profile.java
-rw-rw-r--   1 travis travis  3794 Jan 18 03:26 ModularCodeGen4_A1_B2.class
-rw-rw-r--   1 travis travis 10312 Jan 18 03:26 ModularCodeGen4_A1_B2.java
-rw-rw-r--   1 travis travis   880 Jan 18 03:26 ModularCodeGen4_A1_B2.mk
-rw-rw-r--   1 travis travis  1330 Jan 18 03:26 ModularCodeGen4_A1_B2_profile.class
-rw-rw-r--   1 travis travis  1273 Jan 18 03:26 ModularCodeGen4_A1_B2_profile.java
-rw-rw-r--   1 travis travis  5101 Jan 18 03:26 ModularCodeGen4_A1.class
-rw-rw-r--   1 travis travis 16245 Jan 18 03:26 ModularCodeGen4_A1.java
-rw-rw-r--   1 travis travis   856 Jan 18 03:26 ModularCodeGen4_A1.mk
-rw-rw-r--   1 travis travis  1445 Jan 18 03:26 ModularCodeGen4_A1_profile.class
-rw-rw-r--   1 travis travis  1712 Jan 18 03:26 ModularCodeGen4_A1_profile.java
-rw-rw-r--   1 travis travis  3988 Jan 18 03:26 ModularCodeGen4_A2_B1.class
-rw-rw-r--   1 travis travis 11375 Jan 18 03:26 ModularCodeGen4_A2_B1.java
-rw-rw-r--   1 travis travis   880 Jan 18 03:26 ModularCodeGen4_A2_B1.mk
-rw-rw-r--   1 travis travis  1393 Jan 18 03:26 ModularCodeGen4_A2_B1_profile.class
-rw-rw-r--   1 travis travis  1454 Jan 18 03:26 ModularCodeGen4_A2_B1_profile.java
-rw-rw-r--   1 travis travis  1270 Jan 18 03:26 ModularCodeGen4_A2_B2_profile.java
-rw-rw-r--   1 travis travis  3954 Jan 18 03:25 ModularCodeGen_ModularCodeGenTypedCompositeActor.class
-rw-rw-r--   1 travis travis 10970 Jan 18 03:25 ModularCodeGen_ModularCodeGenTypedCompositeActor.java
-rw-rw-r--   1 travis travis  1096 Jan 18 03:25 ModularCodeGen_ModularCodeGenTypedCompositeActor.mk
-rw-rw-r--   1 travis travis  1384 Jan 18 03:25 ModularCodeGen_ModularCodeGenTypedCompositeActor_profile.class
-rw-rw-r--   1 travis travis  1328 Jan 18 03:25 ModularCodeGen_ModularCodeGenTypedCompositeActor_profile.java
-rw-rw-r--   1 travis travis  3492 Jan 18 03:25 ModularCodeGenTest_A1_A2.class
-rw-rw-r--   1 travis travis   904 Jan 18 03:25 ModularCodeGenTest_A1_A2.mk
-rw-rw-r--   1 travis travis  1306 Jan 18 03:25 ModularCodeGenTest_A1_A2_profile.class
-rw-rw-r--   1 travis travis  9968 Jan 18 03:25 ModularCodeGenTest_A1.java
-rw-rw-r--   1 travis travis   880 Jan 18 03:25 ModularCodeGenTest_A1.mk
drwxrwxr-x   3 travis travis 36864 Jan 18 03:25 modulation2
drwxrwxr-x   3 travis travis 20480 Jan 18 03:21 Multiplexor
drwxrwxr-x 249 travis travis 12288 Jan 18 03:25 node_modules
drwxrwxr-x   3 travis travis 20480 Jan 18 03:22 PhaseUnwrap
-rw-rw-r--   1 travis travis   520 Jan 18 03:25 Repeat$_fireFunction_Repeat_Repeat$__f_sL_0.class
-rw-rw-r--   1 travis travis   522 Jan 18 03:25 Repeat$_fireFunction_Repeat_Repeat$__f_sL_10.class
-rw-rw-r--   1 travis travis   666 Jan 18 03:25 Repeat$_fireFunction_Repeat_Repeat$__f_sL_11.class
-rw-rw-r--   1 travis travis   522 Jan 18 03:25 Repeat$_fireFunction_Repeat_Repeat$__f_sL_13.class
-rw-rw-r--   1 travis travis   665 Jan 18 03:25 Repeat$_fireFunction_Repeat_Repeat$__f_sL_1.class
-rw-rw-r--   1 travis travis   520 Jan 18 03:25 Repeat$_fireFunction_Repeat_Repeat$__f_sL_2.class
-rw-rw-r--   1 travis travis   520 Jan 18 03:25 Repeat$_fireFunction_Repeat_Repeat$__f_sL_3.class
-rw-rw-r--   1 travis travis   520 Jan 18 03:25 Repeat$_fireFunction_Repeat_Repeat$__f_sL_5.class
-rw-rw-r--   1 travis travis   671 Jan 18 03:25 Repeat$_fireFunction_Repeat_Repeat$__f_sL_7.class
-rw-rw-r--   1 travis travis   520 Jan 18 03:25 Repeat$_fireFunction_Repeat_Repeat$__f_sL_9.class
-rw-rw-r--   1 travis travis   813 Jan 18 03:25 Repeat$_initialize_Repeat.class
-rw-rw-r--   1 travis travis   475 Jan 18 03:25 Repeat$_initialize_Repeat$__i_sL_0.class
-rw-rw-r--   1 travis travis   519 Jan 18 03:25 Repeat$_initialize_Repeat$__i_sL_3.class
-rw-rw-r--   1 travis travis 39778 Jan 18 03:25 Repeat.java
-rw-rw-r--   1 travis travis  1281 Jan 18 03:25 Repeat.mk
-rw-rw-r--   1 travis travis   520 Jan 18 03:25 Repeat$_preinitializeMethod_Repeat$__p_sL_0.class
-rw-rw-r--   1 travis travis   520 Jan 18 03:25 Repeat$_preinitializeMethod_Repeat$__p_sL_1.class
-rw-rw-r--   1 travis travis  1083 Jan 18 03:25 Repeat$_Repeat$_fireFunction_Repeat_AddSubtract_Repeat.class
-rw-rw-r--   1 travis travis   791 Jan 18 03:25 Repeat$_Repeat$_fireFunction_Repeat_AddSubtract_Repeat$__f_sL_0.class
-rw-rw-r--   1 travis travis   909 Jan 18 03:25 Repeat$_Repeat$_fireFunction_Repeat_AddSubtract_Repeat$__f_sL_1.class
-rw-rw-r--   1 travis travis   915 Jan 18 03:25 Repeat$_Repeat$_fireFunction_Repeat_AddSubtract_Repeat$__f_sL_2.class
-rw-rw-r--   1 travis travis   838 Jan 18 03:25 Repeat$_Repeat$_fireFunction_Repeat_Ramp2_Repeat$__f_sL_1.class
-rw-rw-r--   1 travis travis  1785 Jan 18 03:25 Repeat$_Repeat$_fireFunction_Repeat_Test_Repeat$__f_sL_2.class
-rw-rw-r--   1 travis travis   685 Jan 18 03:25 Repeat$_Repeat_SDF_Director_run_Repeat$__R_sL_0.class
-rw-rw-r--   1 travis travis   540 Jan 18 03:25 Repeat$_Repeat_SDF_Director_run_Repeat$__R_sL_1.class
-rw-rw-r--   1 travis travis   540 Jan 18 03:25 Repeat$_Repeat_SDF_Director_run_Repeat$__R_sL_2.class
-rw-rw-r--   1 travis travis   540 Jan 18 03:25 Repeat$_Repeat_SDF_Director_run_Repeat$__R_sL_4.class
-rw-rw-r--   1 travis travis   540 Jan 18 03:25 Repeat$_Repeat_SDF_Director_run_Repeat$__R_sL_5.class
-rw-rw-r--   1 travis travis   691 Jan 18 03:25 Repeat$_Repeat_SDF_Director_run_Repeat$__R_sL_6.class
-rw-rw-r--   1 travis travis   540 Jan 18 03:25 Repeat$_Repeat_SDF_Director_run_Repeat$__R_sL_7.class
-rw-rw-r--   1 travis travis   863 Jan 18 03:25 Repeat$_varinit_Repeat.class
-rw-rw-r--   1 travis travis   530 Jan 18 03:25 Repeat$_varinit_Repeat$__v_sL_1.class
-rw-rw-r--   1 travis travis   531 Jan 18 03:25 Repeat$_varinit_Repeat$__v_sL_2.class
-rw-rw-r--   1 travis travis   905 Jan 18 03:25 Repeat$_varinit_Repeat$__v_sL_4.class
-rw-rw-r--   1 travis travis   635 Jan 18 03:25 Repeat$_wrapup_Repeat.class
-rw-rw-r--   1 travis travis   965 Jan 18 03:25 Repeat$_wrapup_Repeat$__w_sL_1.class
-rw-rw-r--   1 travis travis   289 Jan 18 03:19 result.csv
drwxrwxr-x   3 travis travis 12288 Jan 18 03:23 Scrambler1
drwxrwxr-x   3 travis travis 20480 Jan 18 03:22 Sinewave2
drwxrwxr-x   3 travis travis 69632 Jan 18 03:23 StringCompare
drwxrwxr-x   3 travis travis 32768 Jan 18 03:23 StringFunction
drwxrwxr-x   3 travis travis 12288 Jan 18 03:23 StringLength
drwxrwxr-x   3 travis travis 57344 Jan 18 03:24 StringSimpleReplace
drwxrwxr-x   3 travis travis 12288 Jan 18 03:24 time2
drwxrwxr-x   3 travis travis 12288 Jan 18 03:25 time5
-rw-rw-r--   1 travis travis   432 Jan 18 03:26 Token.class
-rw-rw-r--   1 travis travis   251 Jan 18 03:26 Token.java
-rw-rw-r--   1 travis travis     0 Jan 18 03:25 top.
-rw-rw-r--   1 travis travis 20502 Jan 18 03:19 top.c
-rw-rw-r--   1 travis travis  3567 Jan 18 03:25 top.class
-rw-rw-r--   1 travis travis   169 Jan 18 03:19 top.html
-rw-rw-r--   1 travis travis  7552 Jan 18 03:25 top.java
-rw-rw-r--   1 travis travis 38888 Jan 18 03:19 top.o
drwxrwxr-x   3 travis travis 57344 Jan 18 03:22 UnaryMathFunction
warning: Supported source version 'RELEASE_6' from annotation processor 'org.netbeans.modules.openide.util.NbBundleProcessor' less than -source '1.8'
warning: Supported source version 'RELEASE_6' from annotation processor 'org.netbeans.modules.openide.util.URLStreamHandlerRegistrationProcessor' less than -source '1.8'
warning: Supported source version 'RELEASE_6' from annotation processor 'org.netbeans.modules.openide.util.ServiceProviderProcessor' less than -source '1.8'
3 warnings
All Done
Writing ModularCodeGen4_A2_B2.java in file:/home/travis/cg/ (10378 characters)
Reading "ptolemy/cg/kernel/generic/program/procedural/java/modular/makefile.in",
    writing "/home/travis/cg/ModularCodeGen4_A2_B2.mk"
Using ptolemy/cg/kernel/generic/program/procedural/java/modular/makefile.in
In "/home/travis/cg", about to execute:
    make -f ModularCodeGen4_A2_B2.mk
javac -classpath ".:.."    ModularCodeGen4_A2_B2.java
All Done
In "/home/travis/cg", about to execute:
    pwd
In "/home/travis/cg", about to execute:
    ls -l
/home/travis/cg
In "/home/travis/cg", about to execute:
    javac -classpath
.:/home/travis/build/icyphy/ptII:/home/travis/build/icyphy/ptII/lib/bsh-2.0b4.j
ar:/home/travis/build/icyphy/ptII/lib/ptCal.jar:/home/travis/build/icyphy/ptII/
lib/java_cup.jar:/home/travis/build/icyphy/ptII/lib/saxon8.jar:/home/travis/bui
ld/icyphy/ptII/lib/saxon8-dom.jar:/home/travis/build/icyphy/ptII/lib/chic.jar:/
home/travis/build/icyphy/ptII/lib/ptcolt.jar:/usr/lib/jvm/java-8-oracle/lib/too
ls.jar:/usr/lib/eclipse/plugins/org.eclipse.jdt.core_3.8.2.dist.jar:/usr/lib/ec
lipse/plugins/org.eclipse.core.runtime_3.8.0.dist.jar:/usr/lib/eclipse/plugins/
org.eclipse.osgi_3.8.1.dist.jar:/usr/lib/eclipse/plugins/org.eclipse.core.resou
rces_3.8.1.dist.jar:/usr/lib/eclipse/plugins/org.eclipse.equinox.common_3.6.100
.dist.jar:/usr/lib/eclipse/plugins/org.eclipse.core.jobs_3.5.200.dist.jar:/usr/
lib/eclipse/plugins/org.eclipse.core.contenttype_3.4.200.dist.jar:/usr/lib/ecli
pse/plugins/org.eclipse.equinox.preferences_3.5.0.dist.jar:/usr/lib/eclipse/plu
gins/org.eclipse.text_3.5.200.dist.jar:/usr/lib/eclipse/plugins/org.eclipse.ui.
workbench_3.8.1.dist.jar:/usr/lib/eclipse/plugins/org.eclipse.jface_3.8.0.dist.
jar:/usr/lib/eclipse/plugins/org.eclipse.swt_3.8.2.jar:/usr/lib/eclipse/plugins
/org.eclipse.jface.text_3.8.1.dist.jar:/usr/lib/eclipse/plugins/org.eclipse.ui.
workbench.texteditor_3.8.0.dist.jar:/usr/lib/eclipse/plugins/org.eclipse.ui.edi
tors_3.8.0.dist.jar:/usr/lib/eclipse/plugins/org.eclipse.core.commands_3.6.1.di
st.jar:/usr/lib/eclipse/plugins/org.eclipse.equinox.registry_3.5.200.dist.jar:/
usr/lib/eclipse/plugins/org.eclipse.ui.console_3.5.100.dist.jar:/usr/lib/eclips
e/plugins/org.eclipse.ui.forms_3.5.200.dist.jar:/usr/lib/eclipse/plugins/org.ec
lipse.ui.ide_3.8.1.dist.jar:/home/travis/build/icyphy/ptII/vendors/oracle/dbxml
.jar:/home/travis/build/icyphy/ptII/vendors/oracle/db.jar:/home/travis/build/ic
yphy/ptII/vendors/misc/itext/iText.jar:/home/travis/build/icyphy/ptII/lib/g4ltl
.jar:/home/travis/build/icyphy/ptII/lib/StructuralCoder.jar:/home/travis/build/
icyphy/ptII/lib/org-openide-util.jar:/home/travis/build/icyphy/ptII/lib/org-ope
nide-util-lookup.jar:/home/travis/build/icyphy/ptII/lib/org-netbeans-api-visual
.jar:/home/travis/build/icyphy/ptII/vendors/jai-1_1_2_01/lib/jai_core.jar:/home
/travis/build/icyphy/ptII/vendors/jai-1_1_2_01/lib/jai_codec.jar:/home/travis/b
uild/icyphy/ptII/lib/jcerti.jar:/home/travis/build/icyphy/ptII/lib/smack.jar:/h
ome/travis/build/icyphy/ptII/lib/smackx.jar:/home/travis/build/icyphy/ptII/lib/
jetty-all-8.1.5-v20120716.jar:/home/travis/build/icyphy/ptII/lib/javax.servlet-
api-3.0.1.jar:/home/travis/build/icyphy/ptII/lib/javax.mail.jar:/home/travis/bu
ild/icyphy/ptII/vendors/JMF-2.1.1e/lib/jmf.jar:/home/travis/build/icyphy/ptII/l
ib/jna-4.0.0-variadic.jar:/home/travis/build/icyphy/ptII/vendors/misc/joystick/
Joystick.jar:/home/travis/build/icyphy/ptII/lib/ptjacl.jar:/home/travis/build/i
cyphy/ptII/lib/jsoup-1.8.2.jar:/home/travis/build/icyphy/ptII/lib/junit-4.8.2.j
ar:/home/travis/build/icyphy/ptII/lib/JUnitParams-0.4.0.jar:/home/travis/build/
icyphy/ptII/ptolemy/actor/lib/excel/jxl.jar:/home/travis/build/icyphy/ptII/lib/
jython.jar:/home/travis/build/icyphy/ptII/lib/kieler.jar:/home/travis/build/icy
phy/ptII/vendors/opencv/share/OpenCV/java/opencv-341.jar:/home/travis/build/icy
phy/ptII/lib/oscP5.jar:/home/travis/build/icyphy/ptII/lib/nrjavaserial-3.11.0.d
evel.jar:/home/travis/build/icyphy/ptII/vendors/j3d/lib/j3dcore.jar:/home/travi
s/build/icyphy/ptII/vendors/j3d/lib/j3dutils.jar:/home/travis/build/icyphy/ptII
/vendors/j3d/lib/vecmath.jar:/home/travis/build/icyphy/ptII/ptolemy/distributed
/jini/jar/jini-core.jar:/home/travis/build/icyphy/ptII/ptolemy/distributed/jini
/jar/jini-ext.jar:/home/travis/build/icyphy/ptII/ptolemy/distributed/jini/jar/s
un-util.jar:/home/travis/build/icyphy/ptII/lib/protobuf-java-2.4.1.jar:/home/tr
avis/build/icyphy/ptII/lib/org.eclipse.paho.client.mqttv3.jar:/home/travis/buil
d/icyphy/ptII/ptserver/lib/hessian-4.0.7.jar:/home/travis/build/icyphy/ptII/pts
erver/lib/wmqtt.jar:/home/travis/build/icyphy/ptII/lib/mapss.jar:/home/travis/b
uild/icyphy/ptII/ptolemy/actor/ptalon/antlr/antlr.jar:/home/travis/build/icyphy
/ptII/lib/JRI.jar:/home/travis/build/icyphy/ptII/lib/commons-lang-2.6.jar:/home
/travis/build/icyphy/ptII/lib/commons-logging-1.1.1.jar:/home/travis/build/icyp
hy/ptII/lib/sootclasses.jar:/home/travis/build/icyphy/ptII/ptolemy/actor/lib/da
tabase/mysql-connector-java-5.1.6-bin.jar:/home/travis/build/icyphy/ptII/vendor
s/misc/sphinx4/sphinx4-data-5prealpha.jar:/home/travis/build/icyphy/ptII/vendor
s/misc/sphinx4/sphinx4-core-5prealpha.jar:/home/travis/build/icyphy/ptII/lib/PD
FRenderer.jar:/home/travis/build/icyphy/ptII/lib/svgSalamander.jar:/home/travis
/build/icyphy/ptII/lib/rsyntaxtextarea-2.6.0-SNAPSHOT.jar:/home/travis/build/ic
yphy/ptII/lib/hazelcast-3.8.2.jar:/home/travis/build/icyphy/ptII/lib/jackson-an
notations-2.9.0.jar:/home/travis/build/icyphy/ptII/lib/jackson-core-2.9.3.jar:/
home/travis/build/icyphy/ptII/lib/jackson-databind-2.9.3.jar:/home/travis/build
/icyphy/ptII/lib/netty-buffer-4.1.19.Final.jar:/home/travis/build/icyphy/ptII/l
ib/netty-codec-4.1.19.Final.jar:/home/travis/build/icyphy/ptII/lib/netty-codec-
dns-4.1.19.Final.jar:/home/travis/build/icyphy/ptII/lib/netty-codec-http-4.1.19
.Final.jar:/home/travis/build/icyphy/ptII/lib/netty-codec-http2-4.1.19.Final.ja
r:/home/travis/build/icyphy/ptII/lib/netty-common-4.1.19.Final.jar:/home/travis
/build/icyphy/ptII/lib/netty-handler-4.1.19.Final.jar:/home/travis/build/icyphy
/ptII/lib/netty-resolver-4.1.19.Final.jar:/home/travis/build/icyphy/ptII/lib/ne
tty-resolver-dns-4.1.19.Final.jar:/home/travis/build/icyphy/ptII/lib/netty-tran
sport-4.1.19.Final.jar:/home/travis/build/icyphy/ptII/lib/vertx-codegen-3.5.1.j
ar:/home/travis/build/icyphy/ptII/lib/vertx-core-3.5.2-SNAPSHOT.jar:/home/travi
s/build/icyphy/ptII/lib/vertx-hazelcast-3.5.1.jar:/home/travis/build/icyphy/ptI
I/lib/vertx-lang-js-3.5.1.jar:/home/travis/build/icyphy/ptII/lib/vertx-service-
proxy-3.5.1.jar:/home/travis/build/icyphy/ptII/lib/vertx-web-3.5.1.jar:/home/tr
avis/build/icyphy/ptII/lib/slf4j-api-1.7.13.jar:/home/travis/build/icyphy/ptII/
lib/slf4j-simple-1.7.13.jar:/home/travis/build/icyphy/ptII/lib/webcam-capture-0
.3.12.jar:/home/travis/build/icyphy/ptII/lib/bridj-0.7.0.jar:/home/travis/build
/icyphy/ptII/lib/xbjlib-1.1.0.nrjavaserial.jar:/home/travis/build/icyphy/ptII/p
tolemy/moml/test:/home/travis/build/icyphy/ptII/ant/lib/ant-launcher.jar:/home/
travis/build/icyphy/ptII/ant/lib/ant.jar:/home/travis/build/icyphy/ptII/ant/lib
/ant-junit.jar:/home/travis/build/icyphy/ptII/ant/lib/ant-junit4.jar:/home/trav
is/build/icyphy/ptII ModularCodeGen4_A2_profile.java
total 1680
drwxrwxr-x   3 travis travis 12288 Jan 18 03:20 AbsoluteValue
drwxrwxr-x   3 travis travis 16384 Jan 18 03:20 Case1
drwxrwxr-x   3 travis travis 32768 Jan 18 03:20 Case2
-rw-rw-r--   1 travis travis  4895 Jan 18 03:25 CompiledCompositeActor_CompiledCompositeActor.class
-rw-rw-r--   1 travis travis  1592 Jan 18 03:25 CompiledCompositeActor_CompiledCompositeActor$_CompiledCompositeActor_CompiledCompositeActor.class
-rw-rw-r--   1 travis travis 13466 Jan 18 03:25 CompiledCompositeActor_CompiledCompositeActor.java
-rw-rw-r--   1 travis travis  1593 Jan 18 03:25 CompiledCompositeActor_CompiledCompositeActor.mk
drwxrwxr-x   3 travis travis 24576 Jan 18 03:23 DeScrambler
drwxrwxr-x   3 travis travis 16384 Jan 18 03:24 DotProduct
drwxrwxr-x   3 travis travis 12288 Jan 18 03:21 FileWriter1
drwxrwxr-x   3 travis travis 20480 Jan 18 03:20 FixToDoubleAndBack
drwxrwxr-x   3 travis travis 16384 Jan 18 03:21 Gaussian1
drwxrwxr-x   3 travis travis 20480 Jan 18 03:21 Gaussian2
-rw-rw-r--   1 travis travis  4457 Jan 18 03:25 JavaCompiledCompositeTest1_CompiledCompositeActor.class
-rw-rw-r--   1 travis travis 11637 Jan 18 03:25 JavaCompiledCompositeTest1_CompiledCompositeActor.java
-rw-rw-r--   1 travis travis  1198 Jan 18 03:25 JavaCompiledCompositeTest1_CompiledCompositeActor$_JavaCompiledCompositeTest1_CompiledCompositeActor.class
-rw-rw-r--   1 travis travis  1625 Jan 18 03:25 JavaCompiledCompositeTest1_CompiledCompositeActor.mk
-rw-rw-r--   1 travis travis  4888 Jan 18 03:25 JavaCompiledCompositeTest2_CompiledCompositeActor.class
-rw-rw-r--   1 travis travis 14919 Jan 18 03:25 JavaCompiledCompositeTest2_CompiledCompositeActor.java
-rw-rw-r--   1 travis travis  1793 Jan 18 03:25 JavaCompiledCompositeTest2_CompiledCompositeActor$_JavaCompiledCompositeTest2_CompiledCompositeActor.class
-rw-rw-r--   1 travis travis  1625 Jan 18 03:25 JavaCompiledCompositeTest2_CompiledCompositeActor.mk
-rw-rw-r--   1 travis travis  4505 Jan 18 03:25 JavaCompiledCompositeTest3_CompiledCompositeActor.class
-rw-rw-r--   1 travis travis 13080 Jan 18 03:25 JavaCompiledCompositeTest3_CompiledCompositeActor.java
-rw-rw-r--   1 travis travis  1378 Jan 18 03:25 JavaCompiledCompositeTest3_CompiledCompositeActor$_JavaCompiledCompositeTest3_CompiledCompositeActor.class
-rw-rw-r--   1 travis travis  1625 Jan 18 03:25 JavaCompiledCompositeTest3_CompiledCompositeActor.mk
-rw-rw-r--   1 travis travis  3953 Jan 18 03:25 JavaCompiledCompositeTest4_CompiledCompositeActor.class
-rw-rw-r--   1 travis travis  9687 Jan 18 03:25 JavaCompiledCompositeTest4_CompiledCompositeActor.java
-rw-rw-r--   1 travis travis   857 Jan 18 03:25 JavaCompiledCompositeTest4_CompiledCompositeActor$_JavaCompiledCompositeTest4_CompiledCompositeActor.class
-rw-rw-r--   1 travis travis  1625 Jan 18 03:25 JavaCompiledCompositeTest4_CompiledCompositeActor.mk
drwxrwxr-x   3 travis travis 12288 Jan 18 03:21 LookupTable
drwxrwxr-x   3 travis travis 20480 Jan 18 03:21 MaxIndex
-rw-rw-r--   1 travis travis  3693 Jan 18 03:25 ModularCG_A1_B1.class
-rw-rw-r--   1 travis travis  9730 Jan 18 03:25 ModularCG_A1_B1.java
-rw-rw-r--   1 travis travis   832 Jan 18 03:25 ModularCG_A1_B1.mk
-rw-rw-r--   1 travis travis  1318 Jan 18 03:25 ModularCG_A1_B1_profile.class
-rw-rw-r--   1 travis travis  1262 Jan 18 03:25 ModularCG_A1_B1_profile.java
-rw-rw-r--   1 travis travis  3693 Jan 18 03:25 ModularCG_A1_B2.class
-rw-rw-r--   1 travis travis  9730 Jan 18 03:25 ModularCG_A1_B2.java
-rw-rw-r--   1 travis travis   832 Jan 18 03:25 ModularCG_A1_B2.mk
-rw-rw-r--   1 travis travis  1318 Jan 18 03:25 ModularCG_A1_B2_profile.class
-rw-rw-r--   1 travis travis  1262 Jan 18 03:25 ModularCG_A1_B2_profile.java
-rw-rw-r--   1 travis travis  4799 Jan 18 03:25 ModularCG_A1.class
-rw-rw-r--   1 travis travis 14742 Jan 18 03:25 ModularCG_A1.java
-rw-rw-r--   1 travis travis   808 Jan 18 03:25 ModularCG_A1.mk
-rw-rw-r--   1 travis travis  1433 Jan 18 03:25 ModularCG_A1_profile.class
-rw-rw-r--   1 travis travis  1704 Jan 18 03:25 ModularCG_A1_profile.java
-rw-rw-r--   1 travis travis  3827 Jan 18 03:25 ModularCG_A2_B1.class
-rw-rw-r--   1 travis travis 10667 Jan 18 03:25 ModularCG_A2_B1.java
-rw-rw-r--   1 travis travis   832 Jan 18 03:25 ModularCG_A2_B1.mk
-rw-rw-r--   1 travis travis  1381 Jan 18 03:25 ModularCG_A2_B1_profile.class
-rw-rw-r--   1 travis travis  1446 Jan 18 03:25 ModularCG_A2_B1_profile.java
-rw-rw-r--   1 travis travis  3693 Jan 18 03:25 ModularCG_A2_B2.class
-rw-rw-r--   1 travis travis  9730 Jan 18 03:25 ModularCG_A2_B2.java
-rw-rw-r--   1 travis travis   832 Jan 18 03:25 ModularCG_A2_B2.mk
-rw-rw-r--   1 travis travis  1318 Jan 18 03:25 ModularCG_A2_B2_profile.class
-rw-rw-r--   1 travis travis  1262 Jan 18 03:25 ModularCG_A2_B2_profile.java
-rw-rw-r--   1 travis travis  4870 Jan 18 03:25 ModularCG_A2.class
-rw-rw-r--   1 travis travis 15129 Jan 18 03:25 ModularCG_A2.java
-rw-rw-r--   1 travis travis   808 Jan 18 03:25 ModularCG_A2.mk
-rw-rw-r--   1 travis travis  1433 Jan 18 03:25 ModularCG_A2_profile.class
-rw-rw-r--   1 travis travis  1704 Jan 18 03:25 ModularCG_A2_profile.java
-rw-rw-r--   1 travis travis  3473 Jan 18 03:25 ModularCGPubSub_A1_A2.class
-rw-rw-r--   1 travis travis  9076 Jan 18 03:25 ModularCGPubSub_A1_A2.java
-rw-rw-r--   1 travis travis   880 Jan 18 03:25 ModularCGPubSub_A1_A2.mk
-rw-rw-r--   1 travis travis  1300 Jan 18 03:25 ModularCGPubSub_A1_A2_profile.class
-rw-rw-r--   1 travis travis  1222 Jan 18 03:25 ModularCGPubSub_A1_A2_profile.java
-rw-rw-r--   1 travis travis  3790 Jan 18 03:25 ModularCGPubSub_A1.class
-rw-rw-r--   1 travis travis  9836 Jan 18 03:25 ModularCGPubSub_A1.java
-rw-rw-r--   1 travis travis   856 Jan 18 03:25 ModularCGPubSub_A1.mk
-rw-rw-r--   1 travis travis  1346 Jan 18 03:25 ModularCGPubSub_A1_profile.class
-rw-rw-r--   1 travis travis  1388 Jan 18 03:25 ModularCGPubSub_A1_profile.java
-rw-rw-r--   1 travis travis  3988 Jan 18 03:25 ModularCodeGen2_ModularCodeGenTypedCompositeActor.class
-rw-rw-r--   1 travis travis 11690 Jan 18 03:25 ModularCodeGen2_ModularCodeGenTypedCompositeActor.java
-rw-rw-r--   1 travis travis  1104 Jan 18 03:25 ModularCodeGen2_ModularCodeGenTypedCompositeActor.mk
-rw-rw-r--   1 travis travis  4272 Jan 18 03:25 ModularCodeGen2_ModularCodeGenTypedCompositeActor_ModularCodeGenTypedCompositeActor.class
-rw-rw-r--   1 travis travis 11790 Jan 18 03:25 ModularCodeGen2_ModularCodeGenTypedCompositeActor_ModularCodeGenTypedCompositeActor.java
-rw-rw-r--   1 travis travis  1376 Jan 18 03:25 ModularCodeGen2_ModularCodeGenTypedCompositeActor_ModularCodeGenTypedCompositeActor.mk
-rw-rw-r--   1 travis travis  1421 Jan 18 03:25 ModularCodeGen2_ModularCodeGenTypedCompositeActor_ModularCodeGenTypedCompositeActor_profile.class
-rw-rw-r--   1 travis travis  1294 Jan 18 03:25 ModularCodeGen2_ModularCodeGenTypedCompositeActor_ModularCodeGenTypedCompositeActor_profile.java
-rw-rw-r--   1 travis travis   820 Jan 18 03:25 ModularCodeGen2_ModularCodeGenTypedCompositeActor_profile.class
-rw-rw-r--   1 travis travis   693 Jan 18 03:25 ModularCodeGen2_ModularCodeGenTypedCompositeActor_profile.java
-rw-rw-r--   1 travis travis  3741 Jan 18 03:25 ModularCodeGen3_A1_B1.class
-rw-rw-r--   1 travis travis  9958 Jan 18 03:25 ModularCodeGen3_A1_B1.java
-rw-rw-r--   1 travis travis   880 Jan 18 03:25 ModularCodeGen3_A1_B1.mk
-rw-rw-r--   1 travis travis  1330 Jan 18 03:25 ModularCodeGen3_A1_B1_profile.class
-rw-rw-r--   1 travis travis  1274 Jan 18 03:25 ModularCodeGen3_A1_B1_profile.java
-rw-rw-r--   1 travis travis  3741 Jan 18 03:25 ModularCodeGen3_A1_B2.class
-rw-rw-r--   1 travis travis  9958 Jan 18 03:25 ModularCodeGen3_A1_B2.java
-rw-rw-r--   1 travis travis   880 Jan 18 03:25 ModularCodeGen3_A1_B2.mk
-rw-rw-r--   1 travis travis  1330 Jan 18 03:25 ModularCodeGen3_A1_B2_profile.class
-rw-rw-r--   1 travis travis  1274 Jan 18 03:25 ModularCodeGen3_A1_B2_profile.java
-rw-rw-r--   1 travis travis  4961 Jan 18 03:26 ModularCodeGen3_A1.class
-rw-rw-r--   1 travis travis 15564 Jan 18 03:26 ModularCodeGen3_A1.java
-rw-rw-r--   1 travis travis   856 Jan 18 03:26 ModularCodeGen3_A1.mk
-rw-rw-r--   1 travis travis  1445 Jan 18 03:26 ModularCodeGen3_A1_profile.class
-rw-rw-r--   1 travis travis  1716 Jan 18 03:25 ModularCodeGen3_A1_profile.java
-rw-rw-r--   1 travis travis  3887 Jan 18 03:26 ModularCodeGen3_A2_B1.class
-rw-rw-r--   1 travis travis 10955 Jan 18 03:26 ModularCodeGen3_A2_B1.java
-rw-rw-r--   1 travis travis   880 Jan 18 03:26 ModularCodeGen3_A2_B1.mk
-rw-rw-r--   1 travis travis  1393 Jan 18 03:26 ModularCodeGen3_A2_B1_profile.class
-rw-rw-r--   1 travis travis  1458 Jan 18 03:26 ModularCodeGen3_A2_B1_profile.java
-rw-rw-r--   1 travis travis  3741 Jan 18 03:26 ModularCodeGen3_A2_B2.class
-rw-rw-r--   1 travis travis  9958 Jan 18 03:26 ModularCodeGen3_A2_B2.java
-rw-rw-r--   1 travis travis   880 Jan 18 03:26 ModularCodeGen3_A2_B2.mk
-rw-rw-r--   1 travis travis  1330 Jan 18 03:26 ModularCodeGen3_A2_B2_profile.class
-rw-rw-r--   1 travis travis  1274 Jan 18 03:26 ModularCodeGen3_A2_B2_profile.java
-rw-rw-r--   1 travis travis  5038 Jan 18 03:26 ModularCodeGen3_A2.class
-rw-rw-r--   1 travis travis 15957 Jan 18 03:26 ModularCodeGen3_A2.java
-rw-rw-r--   1 travis travis   856 Jan 18 03:26 ModularCodeGen3_A2.mk
-rw-rw-r--   1 travis travis  1445 Jan 18 03:26 ModularCodeGen3_A2_profile.class
-rw-rw-r--   1 travis travis  1716 Jan 18 03:26 ModularCodeGen3_A2_profile.java
-rw-rw-r--   1 travis travis  3794 Jan 18 03:26 ModularCodeGen4_A1_B1.class
-rw-rw-r--   1 travis travis 10312 Jan 18 03:26 ModularCodeGen4_A1_B1.java
-rw-rw-r--   1 travis travis   880 Jan 18 03:26 ModularCodeGen4_A1_B1.mk
-rw-rw-r--   1 travis travis  1330 Jan 18 03:26 ModularCodeGen4_A1_B1_profile.class
-rw-rw-r--   1 travis travis  1273 Jan 18 03:26 ModularCodeGen4_A1_B1_profile.java
-rw-rw-r--   1 travis travis  3794 Jan 18 03:26 ModularCodeGen4_A1_B2.class
-rw-rw-r--   1 travis travis 10312 Jan 18 03:26 ModularCodeGen4_A1_B2.java
-rw-rw-r--   1 travis travis   880 Jan 18 03:26 ModularCodeGen4_A1_B2.mk
-rw-rw-r--   1 travis travis  1330 Jan 18 03:26 ModularCodeGen4_A1_B2_profile.class
-rw-rw-r--   1 travis travis  1273 Jan 18 03:26 ModularCodeGen4_A1_B2_profile.java
-rw-rw-r--   1 travis travis  5101 Jan 18 03:26 ModularCodeGen4_A1.class
-rw-rw-r--   1 travis travis 16245 Jan 18 03:26 ModularCodeGen4_A1.java
-rw-rw-r--   1 travis travis   856 Jan 18 03:26 ModularCodeGen4_A1.mk
-rw-rw-r--   1 travis travis  1445 Jan 18 03:26 ModularCodeGen4_A1_profile.class
-rw-rw-r--   1 travis travis  1712 Jan 18 03:26 ModularCodeGen4_A1_profile.java
-rw-rw-r--   1 travis travis  3988 Jan 18 03:26 ModularCodeGen4_A2_B1.class
-rw-rw-r--   1 travis travis 11375 Jan 18 03:26 ModularCodeGen4_A2_B1.java
-rw-rw-r--   1 travis travis   880 Jan 18 03:26 ModularCodeGen4_A2_B1.mk
-rw-rw-r--   1 travis travis  1393 Jan 18 03:26 ModularCodeGen4_A2_B1_profile.class
-rw-rw-r--   1 travis travis  1454 Jan 18 03:26 ModularCodeGen4_A2_B1_profile.java
-rw-rw-r--   1 travis travis  3842 Jan 18 03:26 ModularCodeGen4_A2_B2.class
-rw-rw-r--   1 travis travis 10378 Jan 18 03:26 ModularCodeGen4_A2_B2.java
-rw-rw-r--   1 travis travis   880 Jan 18 03:26 ModularCodeGen4_A2_B2.mk
-rw-rw-r--   1 travis travis  1330 Jan 18 03:26 ModularCodeGen4_A2_B2_profile.class
-rw-rw-r--   1 travis travis  1270 Jan 18 03:26 ModularCodeGen4_A2_B2_profile.java
-rw-rw-r--   1 travis travis  1712 Jan 18 03:26 ModularCodeGen4_A2_profile.java
-rw-rw-r--   1 travis travis  3954 Jan 18 03:25 ModularCodeGen_ModularCodeGenTypedCompositeActor.class
-rw-rw-r--   1 travis travis 10970 Jan 18 03:25 ModularCodeGen_ModularCodeGenTypedCompositeActor.java
-rw-rw-r--   1 travis travis  1096 Jan 18 03:25 ModularCodeGen_ModularCodeGenTypedCompositeActor.mk
-rw-rw-r--   1 travis travis  1384 Jan 18 03:25 ModularCodeGen_ModularCodeGenTypedCompositeActor_profile.class
-rw-rw-r--   1 travis travis  1328 Jan 18 03:25 ModularCodeGen_ModularCodeGenTypedCompositeActor_profile.java
-rw-rw-r--   1 travis travis  3492 Jan 18 03:25 ModularCodeGenTest_A1_A2.class
-rw-rw-r--   1 travis travis   904 Jan 18 03:25 ModularCodeGenTest_A1_A2.mk
-rw-rw-r--   1 travis travis  1306 Jan 18 03:25 ModularCodeGenTest_A1_A2_profile.class
-rw-rw-r--   1 travis travis  9968 Jan 18 03:25 ModularCodeGenTest_A1.java
-rw-rw-r--   1 travis travis   880 Jan 18 03:25 ModularCodeGenTest_A1.mk
drwxrwxr-x   3 travis travis 36864 Jan 18 03:25 modulation2
drwxrwxr-x   3 travis travis 20480 Jan 18 03:21 Multiplexor
drwxrwxr-x 249 travis travis 12288 Jan 18 03:25 node_modules
drwxrwxr-x   3 travis travis 20480 Jan 18 03:22 PhaseUnwrap
-rw-rw-r--   1 travis travis   520 Jan 18 03:25 Repeat$_fireFunction_Repeat_Repeat$__f_sL_0.class
-rw-rw-r--   1 travis travis   522 Jan 18 03:25 Repeat$_fireFunction_Repeat_Repeat$__f_sL_10.class
-rw-rw-r--   1 travis travis   666 Jan 18 03:25 Repeat$_fireFunction_Repeat_Repeat$__f_sL_11.class
-rw-rw-r--   1 travis travis   522 Jan 18 03:25 Repeat$_fireFunction_Repeat_Repeat$__f_sL_13.class
-rw-rw-r--   1 travis travis   665 Jan 18 03:25 Repeat$_fireFunction_Repeat_Repeat$__f_sL_1.class
-rw-rw-r--   1 travis travis   520 Jan 18 03:25 Repeat$_fireFunction_Repeat_Repeat$__f_sL_2.class
-rw-rw-r--   1 travis travis   520 Jan 18 03:25 Repeat$_fireFunction_Repeat_Repeat$__f_sL_3.class
-rw-rw-r--   1 travis travis   520 Jan 18 03:25 Repeat$_fireFunction_Repeat_Repeat$__f_sL_5.class
-rw-rw-r--   1 travis travis   671 Jan 18 03:25 Repeat$_fireFunction_Repeat_Repeat$__f_sL_7.class
-rw-rw-r--   1 travis travis   520 Jan 18 03:25 Repeat$_fireFunction_Repeat_Repeat$__f_sL_9.class
-rw-rw-r--   1 travis travis   813 Jan 18 03:25 Repeat$_initialize_Repeat.class
-rw-rw-r--   1 travis travis   475 Jan 18 03:25 Repeat$_initialize_Repeat$__i_sL_0.class
-rw-rw-r--   1 travis travis   519 Jan 18 03:25 Repeat$_initialize_Repeat$__i_sL_3.class
-rw-rw-r--   1 travis travis 39778 Jan 18 03:25 Repeat.java
-rw-rw-r--   1 travis travis  1281 Jan 18 03:25 Repeat.mk
-rw-rw-r--   1 travis travis   520 Jan 18 03:25 Repeat$_preinitializeMethod_Repeat$__p_sL_0.class
-rw-rw-r--   1 travis travis   520 Jan 18 03:25 Repeat$_preinitializeMethod_Repeat$__p_sL_1.class
-rw-rw-r--   1 travis travis  1083 Jan 18 03:25 Repeat$_Repeat$_fireFunction_Repeat_AddSubtract_Repeat.class
-rw-rw-r--   1 travis travis   791 Jan 18 03:25 Repeat$_Repeat$_fireFunction_Repeat_AddSubtract_Repeat$__f_sL_0.class
-rw-rw-r--   1 travis travis   909 Jan 18 03:25 Repeat$_Repeat$_fireFunction_Repeat_AddSubtract_Repeat$__f_sL_1.class
-rw-rw-r--   1 travis travis   915 Jan 18 03:25 Repeat$_Repeat$_fireFunction_Repeat_AddSubtract_Repeat$__f_sL_2.class
-rw-rw-r--   1 travis travis   838 Jan 18 03:25 Repeat$_Repeat$_fireFunction_Repeat_Ramp2_Repeat$__f_sL_1.class
-rw-rw-r--   1 travis travis  1785 Jan 18 03:25 Repeat$_Repeat$_fireFunction_Repeat_Test_Repeat$__f_sL_2.class
-rw-rw-r--   1 travis travis   685 Jan 18 03:25 Repeat$_Repeat_SDF_Director_run_Repeat$__R_sL_0.class
-rw-rw-r--   1 travis travis   540 Jan 18 03:25 Repeat$_Repeat_SDF_Director_run_Repeat$__R_sL_1.class
-rw-rw-r--   1 travis travis   540 Jan 18 03:25 Repeat$_Repeat_SDF_Director_run_Repeat$__R_sL_2.class
-rw-rw-r--   1 travis travis   540 Jan 18 03:25 Repeat$_Repeat_SDF_Director_run_Repeat$__R_sL_4.class
-rw-rw-r--   1 travis travis   540 Jan 18 03:25 Repeat$_Repeat_SDF_Director_run_Repeat$__R_sL_5.class
-rw-rw-r--   1 travis travis   691 Jan 18 03:25 Repeat$_Repeat_SDF_Director_run_Repeat$__R_sL_6.class
-rw-rw-r--   1 travis travis   540 Jan 18 03:25 Repeat$_Repeat_SDF_Director_run_Repeat$__R_sL_7.class
-rw-rw-r--   1 travis travis   863 Jan 18 03:25 Repeat$_varinit_Repeat.class
-rw-rw-r--   1 travis travis   530 Jan 18 03:25 Repeat$_varinit_Repeat$__v_sL_1.class
-rw-rw-r--   1 travis travis   531 Jan 18 03:25 Repeat$_varinit_Repeat$__v_sL_2.class
-rw-rw-r--   1 travis travis   905 Jan 18 03:25 Repeat$_varinit_Repeat$__v_sL_4.class
-rw-rw-r--   1 travis travis   635 Jan 18 03:25 Repeat$_wrapup_Repeat.class
-rw-rw-r--   1 travis travis   965 Jan 18 03:25 Repeat$_wrapup_Repeat$__w_sL_1.class
-rw-rw-r--   1 travis travis   289 Jan 18 03:19 result.csv
drwxrwxr-x   3 travis travis 12288 Jan 18 03:23 Scrambler1
drwxrwxr-x   3 travis travis 20480 Jan 18 03:22 Sinewave2
drwxrwxr-x   3 travis travis 69632 Jan 18 03:23 StringCompare
drwxrwxr-x   3 travis travis 32768 Jan 18 03:23 StringFunction
drwxrwxr-x   3 travis travis 12288 Jan 18 03:23 StringLength
drwxrwxr-x   3 travis travis 57344 Jan 18 03:24 StringSimpleReplace
drwxrwxr-x   3 travis travis 12288 Jan 18 03:24 time2
drwxrwxr-x   3 travis travis 12288 Jan 18 03:25 time5
-rw-rw-r--   1 travis travis   432 Jan 18 03:26 Token.class
-rw-rw-r--   1 travis travis   251 Jan 18 03:26 Token.java
-rw-rw-r--   1 travis travis     0 Jan 18 03:25 top.
-rw-rw-r--   1 travis travis 20502 Jan 18 03:19 top.c
-rw-rw-r--   1 travis travis  3567 Jan 18 03:25 top.class
-rw-rw-r--   1 travis travis   169 Jan 18 03:19 top.html
-rw-rw-r--   1 travis travis  7552 Jan 18 03:25 top.java
-rw-rw-r--   1 travis travis 38888 Jan 18 03:19 top.o
drwxrwxr-x   3 travis travis 57344 Jan 18 03:22 UnaryMathFunction
warning: Supported source version 'RELEASE_6' from annotation processor 'org.netbeans.modules.openide.util.NbBundleProcessor' less than -source '1.8'
warning: Supported source version 'RELEASE_6' from annotation processor 'org.netbeans.modules.openide.util.URLStreamHandlerRegistrationProcessor' less than -source '1.8'
warning: Supported source version 'RELEASE_6' from annotation processor 'org.netbeans.modules.openide.util.ServiceProviderProcessor' less than -source '1.8'
3 warnings
All Done
Writing ModularCodeGen4_A2.java in file:/home/travis/cg/ (16770 characters)
Reading "ptolemy/cg/kernel/generic/program/procedural/java/modular/makefile.in",
    writing "/home/travis/cg/ModularCodeGen4_A2.mk"
Using ptolemy/cg/kernel/generic/program/procedural/java/modular/makefile.in
In "/home/travis/cg", about to execute:
    make -f ModularCodeGen4_A2.mk
javac -classpath ".:.."    ModularCodeGen4_A2.java
All Done
Manager.initialize() finished: 13535 ms. Memory: 153088K Free: 117814K (77%)
13537 ms. Memory: 153088K Free: 117814K (77%)
----------------- Invoking toplevel() on ptolemy.moml.MoMLSimpleApplication@2e3bbbad
----------------- Done invoking toplevel() on ptolemy.moml.MoMLSimpleApplication@2e3bbbad
reloadAllAccessors: .ModularCodeGen4

===========================================================================================
----------------- testing Fri Jan 18 03:26:22 UTC 2019 /home/travis/build/icyphy/ptII/ptolemy/cg/lib/test/auto/ModularCodeGen5.xml
----------------- Instantiating /home/travis/build/icyphy/ptII/ptolemy/cg/lib/test/auto/ModularCodeGen5.xml
In "/home/travis/cg", about to execute:
    pwd
In "/home/travis/cg", about to execute:
    ls -l
/home/travis/cg
In "/home/travis/cg", about to execute:
    javac -classpath
.:/home/travis/build/icyphy/ptII:/home/travis/build/icyphy/ptII/lib/bsh-2.0b4.j
ar:/home/travis/build/icyphy/ptII/lib/ptCal.jar:/home/travis/build/icyphy/ptII/
lib/java_cup.jar:/home/travis/build/icyphy/ptII/lib/saxon8.jar:/home/travis/bui
ld/icyphy/ptII/lib/saxon8-dom.jar:/home/travis/build/icyphy/ptII/lib/chic.jar:/
home/travis/build/icyphy/ptII/lib/ptcolt.jar:/usr/lib/jvm/java-8-oracle/lib/too
ls.jar:/usr/lib/eclipse/plugins/org.eclipse.jdt.core_3.8.2.dist.jar:/usr/lib/ec
lipse/plugins/org.eclipse.core.runtime_3.8.0.dist.jar:/usr/lib/eclipse/plugins/
org.eclipse.osgi_3.8.1.dist.jar:/usr/lib/eclipse/plugins/org.eclipse.core.resou
rces_3.8.1.dist.jar:/usr/lib/eclipse/plugins/org.eclipse.equinox.common_3.6.100
.dist.jar:/usr/lib/eclipse/plugins/org.eclipse.core.jobs_3.5.200.dist.jar:/usr/
lib/eclipse/plugins/org.eclipse.core.contenttype_3.4.200.dist.jar:/usr/lib/ecli
pse/plugins/org.eclipse.equinox.preferences_3.5.0.dist.jar:/usr/lib/eclipse/plu
gins/org.eclipse.text_3.5.200.dist.jar:/usr/lib/eclipse/plugins/org.eclipse.ui.
workbench_3.8.1.dist.jar:/usr/lib/eclipse/plugins/org.eclipse.jface_3.8.0.dist.
jar:/usr/lib/eclipse/plugins/org.eclipse.swt_3.8.2.jar:/usr/lib/eclipse/plugins
/org.eclipse.jface.text_3.8.1.dist.jar:/usr/lib/eclipse/plugins/org.eclipse.ui.
workbench.texteditor_3.8.0.dist.jar:/usr/lib/eclipse/plugins/org.eclipse.ui.edi
tors_3.8.0.dist.jar:/usr/lib/eclipse/plugins/org.eclipse.core.commands_3.6.1.di
st.jar:/usr/lib/eclipse/plugins/org.eclipse.equinox.registry_3.5.200.dist.jar:/
usr/lib/eclipse/plugins/org.eclipse.ui.console_3.5.100.dist.jar:/usr/lib/eclips
e/plugins/org.eclipse.ui.forms_3.5.200.dist.jar:/usr/lib/eclipse/plugins/org.ec
lipse.ui.ide_3.8.1.dist.jar:/home/travis/build/icyphy/ptII/vendors/oracle/dbxml
.jar:/home/travis/build/icyphy/ptII/vendors/oracle/db.jar:/home/travis/build/ic
yphy/ptII/vendors/misc/itext/iText.jar:/home/travis/build/icyphy/ptII/lib/g4ltl
.jar:/home/travis/build/icyphy/ptII/lib/StructuralCoder.jar:/home/travis/build/
icyphy/ptII/lib/org-openide-util.jar:/home/travis/build/icyphy/ptII/lib/org-ope
nide-util-lookup.jar:/home/travis/build/icyphy/ptII/lib/org-netbeans-api-visual
.jar:/home/travis/build/icyphy/ptII/vendors/jai-1_1_2_01/lib/jai_core.jar:/home
/travis/build/icyphy/ptII/vendors/jai-1_1_2_01/lib/jai_codec.jar:/home/travis/b
uild/icyphy/ptII/lib/jcerti.jar:/home/travis/build/icyphy/ptII/lib/smack.jar:/h
ome/travis/build/icyphy/ptII/lib/smackx.jar:/home/travis/build/icyphy/ptII/lib/
jetty-all-8.1.5-v20120716.jar:/home/travis/build/icyphy/ptII/lib/javax.servlet-
api-3.0.1.jar:/home/travis/build/icyphy/ptII/lib/javax.mail.jar:/home/travis/bu
ild/icyphy/ptII/vendors/JMF-2.1.1e/lib/jmf.jar:/home/travis/build/icyphy/ptII/l
ib/jna-4.0.0-variadic.jar:/home/travis/build/icyphy/ptII/vendors/misc/joystick/
Joystick.jar:/home/travis/build/icyphy/ptII/lib/ptjacl.jar:/home/travis/build/i
cyphy/ptII/lib/jsoup-1.8.2.jar:/home/travis/build/icyphy/ptII/lib/junit-4.8.2.j
ar:/home/travis/build/icyphy/ptII/lib/JUnitParams-0.4.0.jar:/home/travis/build/
icyphy/ptII/ptolemy/actor/lib/excel/jxl.jar:/home/travis/build/icyphy/ptII/lib/
jython.jar:/home/travis/build/icyphy/ptII/lib/kieler.jar:/home/travis/build/icy
phy/ptII/vendors/opencv/share/OpenCV/java/opencv-341.jar:/home/travis/build/icy
phy/ptII/lib/oscP5.jar:/home/travis/build/icyphy/ptII/lib/nrjavaserial-3.11.0.d
evel.jar:/home/travis/build/icyphy/ptII/vendors/j3d/lib/j3dcore.jar:/home/travi
s/build/icyphy/ptII/vendors/j3d/lib/j3dutils.jar:/home/travis/build/icyphy/ptII
/vendors/j3d/lib/vecmath.jar:/home/travis/build/icyphy/ptII/ptolemy/distributed
/jini/jar/jini-core.jar:/home/travis/build/icyphy/ptII/ptolemy/distributed/jini
/jar/jini-ext.jar:/home/travis/build/icyphy/ptII/ptolemy/distributed/jini/jar/s
un-util.jar:/home/travis/build/icyphy/ptII/lib/protobuf-java-2.4.1.jar:/home/tr
avis/build/icyphy/ptII/lib/org.eclipse.paho.client.mqttv3.jar:/home/travis/buil
d/icyphy/ptII/ptserver/lib/hessian-4.0.7.jar:/home/travis/build/icyphy/ptII/pts
erver/lib/wmqtt.jar:/home/travis/build/icyphy/ptII/lib/mapss.jar:/home/travis/b
uild/icyphy/ptII/ptolemy/actor/ptalon/antlr/antlr.jar:/home/travis/build/icyphy
/ptII/lib/JRI.jar:/home/travis/build/icyphy/ptII/lib/commons-lang-2.6.jar:/home
/travis/build/icyphy/ptII/lib/commons-logging-1.1.1.jar:/home/travis/build/icyp
hy/ptII/lib/sootclasses.jar:/home/travis/build/icyphy/ptII/ptolemy/actor/lib/da
tabase/mysql-connector-java-5.1.6-bin.jar:/home/travis/build/icyphy/ptII/vendor
s/misc/sphinx4/sphinx4-data-5prealpha.jar:/home/travis/build/icyphy/ptII/vendor
s/misc/sphinx4/sphinx4-core-5prealpha.jar:/home/travis/build/icyphy/ptII/lib/PD
FRenderer.jar:/home/travis/build/icyphy/ptII/lib/svgSalamander.jar:/home/travis
/build/icyphy/ptII/lib/rsyntaxtextarea-2.6.0-SNAPSHOT.jar:/home/travis/build/ic
yphy/ptII/lib/hazelcast-3.8.2.jar:/home/travis/build/icyphy/ptII/lib/jackson-an
notations-2.9.0.jar:/home/travis/build/icyphy/ptII/lib/jackson-core-2.9.3.jar:/
home/travis/build/icyphy/ptII/lib/jackson-databind-2.9.3.jar:/home/travis/build
/icyphy/ptII/lib/netty-buffer-4.1.19.Final.jar:/home/travis/build/icyphy/ptII/l
ib/netty-codec-4.1.19.Final.jar:/home/travis/build/icyphy/ptII/lib/netty-codec-
dns-4.1.19.Final.jar:/home/travis/build/icyphy/ptII/lib/netty-codec-http-4.1.19
.Final.jar:/home/travis/build/icyphy/ptII/lib/netty-codec-http2-4.1.19.Final.ja
r:/home/travis/build/icyphy/ptII/lib/netty-common-4.1.19.Final.jar:/home/travis
/build/icyphy/ptII/lib/netty-handler-4.1.19.Final.jar:/home/travis/build/icyphy
/ptII/lib/netty-resolver-4.1.19.Final.jar:/home/travis/build/icyphy/ptII/lib/ne
tty-resolver-dns-4.1.19.Final.jar:/home/travis/build/icyphy/ptII/lib/netty-tran
sport-4.1.19.Final.jar:/home/travis/build/icyphy/ptII/lib/vertx-codegen-3.5.1.j
ar:/home/travis/build/icyphy/ptII/lib/vertx-core-3.5.2-SNAPSHOT.jar:/home/travi
s/build/icyphy/ptII/lib/vertx-hazelcast-3.5.1.jar:/home/travis/build/icyphy/ptI
I/lib/vertx-lang-js-3.5.1.jar:/home/travis/build/icyphy/ptII/lib/vertx-service-
proxy-3.5.1.jar:/home/travis/build/icyphy/ptII/lib/vertx-web-3.5.1.jar:/home/tr
avis/build/icyphy/ptII/lib/slf4j-api-1.7.13.jar:/home/travis/build/icyphy/ptII/
lib/slf4j-simple-1.7.13.jar:/home/travis/build/icyphy/ptII/lib/webcam-capture-0
.3.12.jar:/home/travis/build/icyphy/ptII/lib/bridj-0.7.0.jar:/home/travis/build
/icyphy/ptII/lib/xbjlib-1.1.0.nrjavaserial.jar:/home/travis/build/icyphy/ptII/p
tolemy/moml/test:/home/travis/build/icyphy/ptII/ant/lib/ant-launcher.jar:/home/
travis/build/icyphy/ptII/ant/lib/ant.jar:/home/travis/build/icyphy/ptII/ant/lib
/ant-junit.jar:/home/travis/build/icyphy/ptII/ant/lib/ant-junit4.jar:/home/trav
is/build/icyphy/ptII ModularCodeGen5_A_A_profile.java
total 1720
drwxrwxr-x   3 travis travis 12288 Jan 18 03:20 AbsoluteValue
drwxrwxr-x   3 travis travis 16384 Jan 18 03:20 Case1
drwxrwxr-x   3 travis travis 32768 Jan 18 03:20 Case2
-rw-rw-r--   1 travis travis  4895 Jan 18 03:25 CompiledCompositeActor_CompiledCompositeActor.class
-rw-rw-r--   1 travis travis  1592 Jan 18 03:25 CompiledCompositeActor_CompiledCompositeActor$_CompiledCompositeActor_CompiledCompositeActor.class
-rw-rw-r--   1 travis travis 13466 Jan 18 03:25 CompiledCompositeActor_CompiledCompositeActor.java
-rw-rw-r--   1 travis travis  1593 Jan 18 03:25 CompiledCompositeActor_CompiledCompositeActor.mk
drwxrwxr-x   3 travis travis 24576 Jan 18 03:23 DeScrambler
drwxrwxr-x   3 travis travis 16384 Jan 18 03:24 DotProduct
drwxrwxr-x   3 travis travis 12288 Jan 18 03:21 FileWriter1
drwxrwxr-x   3 travis travis 20480 Jan 18 03:20 FixToDoubleAndBack
drwxrwxr-x   3 travis travis 16384 Jan 18 03:21 Gaussian1
drwxrwxr-x   3 travis travis 20480 Jan 18 03:21 Gaussian2
-rw-rw-r--   1 travis travis  4457 Jan 18 03:25 JavaCompiledCompositeTest1_CompiledCompositeActor.class
-rw-rw-r--   1 travis travis 11637 Jan 18 03:25 JavaCompiledCompositeTest1_CompiledCompositeActor.java
-rw-rw-r--   1 travis travis  1198 Jan 18 03:25 JavaCompiledCompositeTest1_CompiledCompositeActor$_JavaCompiledCompositeTest1_CompiledCompositeActor.class
-rw-rw-r--   1 travis travis  1625 Jan 18 03:25 JavaCompiledCompositeTest1_CompiledCompositeActor.mk
-rw-rw-r--   1 travis travis  4888 Jan 18 03:25 JavaCompiledCompositeTest2_CompiledCompositeActor.class
-rw-rw-r--   1 travis travis 14919 Jan 18 03:25 JavaCompiledCompositeTest2_CompiledCompositeActor.java
-rw-rw-r--   1 travis travis  1793 Jan 18 03:25 JavaCompiledCompositeTest2_CompiledCompositeActor$_JavaCompiledCompositeTest2_CompiledCompositeActor.class
-rw-rw-r--   1 travis travis  1625 Jan 18 03:25 JavaCompiledCompositeTest2_CompiledCompositeActor.mk
-rw-rw-r--   1 travis travis  4505 Jan 18 03:25 JavaCompiledCompositeTest3_CompiledCompositeActor.class
-rw-rw-r--   1 travis travis 13080 Jan 18 03:25 JavaCompiledCompositeTest3_CompiledCompositeActor.java
-rw-rw-r--   1 travis travis  1378 Jan 18 03:25 JavaCompiledCompositeTest3_CompiledCompositeActor$_JavaCompiledCompositeTest3_CompiledCompositeActor.class
-rw-rw-r--   1 travis travis  1625 Jan 18 03:25 JavaCompiledCompositeTest3_CompiledCompositeActor.mk
-rw-rw-r--   1 travis travis  3953 Jan 18 03:25 JavaCompiledCompositeTest4_CompiledCompositeActor.class
-rw-rw-r--   1 travis travis  9687 Jan 18 03:25 JavaCompiledCompositeTest4_CompiledCompositeActor.java
-rw-rw-r--   1 travis travis   857 Jan 18 03:25 JavaCompiledCompositeTest4_CompiledCompositeActor$_JavaCompiledCompositeTest4_CompiledCompositeActor.class
-rw-rw-r--   1 travis travis  1625 Jan 18 03:25 JavaCompiledCompositeTest4_CompiledCompositeActor.mk
drwxrwxr-x   3 travis travis 12288 Jan 18 03:21 LookupTable
drwxrwxr-x   3 travis travis 20480 Jan 18 03:21 MaxIndex
-rw-rw-r--   1 travis travis  3693 Jan 18 03:25 ModularCG_A1_B1.class
-rw-rw-r--   1 travis travis  9730 Jan 18 03:25 ModularCG_A1_B1.java
-rw-rw-r--   1 travis travis   832 Jan 18 03:25 ModularCG_A1_B1.mk
-rw-rw-r--   1 travis travis  1318 Jan 18 03:25 ModularCG_A1_B1_profile.class
-rw-rw-r--   1 travis travis  1262 Jan 18 03:25 ModularCG_A1_B1_profile.java
-rw-rw-r--   1 travis travis  3693 Jan 18 03:25 ModularCG_A1_B2.class
-rw-rw-r--   1 travis travis  9730 Jan 18 03:25 ModularCG_A1_B2.java
-rw-rw-r--   1 travis travis   832 Jan 18 03:25 ModularCG_A1_B2.mk
-rw-rw-r--   1 travis travis  1318 Jan 18 03:25 ModularCG_A1_B2_profile.class
-rw-rw-r--   1 travis travis  1262 Jan 18 03:25 ModularCG_A1_B2_profile.java
-rw-rw-r--   1 travis travis  4799 Jan 18 03:25 ModularCG_A1.class
-rw-rw-r--   1 travis travis 14742 Jan 18 03:25 ModularCG_A1.java
-rw-rw-r--   1 travis travis   808 Jan 18 03:25 ModularCG_A1.mk
-rw-rw-r--   1 travis travis  1433 Jan 18 03:25 ModularCG_A1_profile.class
-rw-rw-r--   1 travis travis  1704 Jan 18 03:25 ModularCG_A1_profile.java
-rw-rw-r--   1 travis travis  3827 Jan 18 03:25 ModularCG_A2_B1.class
-rw-rw-r--   1 travis travis 10667 Jan 18 03:25 ModularCG_A2_B1.java
-rw-rw-r--   1 travis travis   832 Jan 18 03:25 ModularCG_A2_B1.mk
-rw-rw-r--   1 travis travis  1381 Jan 18 03:25 ModularCG_A2_B1_profile.class
-rw-rw-r--   1 travis travis  1446 Jan 18 03:25 ModularCG_A2_B1_profile.java
-rw-rw-r--   1 travis travis  3693 Jan 18 03:25 ModularCG_A2_B2.class
-rw-rw-r--   1 travis travis  9730 Jan 18 03:25 ModularCG_A2_B2.java
-rw-rw-r--   1 travis travis   832 Jan 18 03:25 ModularCG_A2_B2.mk
-rw-rw-r--   1 travis travis  1318 Jan 18 03:25 ModularCG_A2_B2_profile.class
-rw-rw-r--   1 travis travis  1262 Jan 18 03:25 ModularCG_A2_B2_profile.java
-rw-rw-r--   1 travis travis  4870 Jan 18 03:25 ModularCG_A2.class
-rw-rw-r--   1 travis travis 15129 Jan 18 03:25 ModularCG_A2.java
-rw-rw-r--   1 travis travis   808 Jan 18 03:25 ModularCG_A2.mk
-rw-rw-r--   1 travis travis  1433 Jan 18 03:25 ModularCG_A2_profile.class
-rw-rw-r--   1 travis travis  1704 Jan 18 03:25 ModularCG_A2_profile.java
-rw-rw-r--   1 travis travis  3473 Jan 18 03:25 ModularCGPubSub_A1_A2.class
-rw-rw-r--   1 travis travis  9076 Jan 18 03:25 ModularCGPubSub_A1_A2.java
-rw-rw-r--   1 travis travis   880 Jan 18 03:25 ModularCGPubSub_A1_A2.mk
-rw-rw-r--   1 travis travis  1300 Jan 18 03:25 ModularCGPubSub_A1_A2_profile.class
-rw-rw-r--   1 travis travis  1222 Jan 18 03:25 ModularCGPubSub_A1_A2_profile.java
-rw-rw-r--   1 travis travis  3790 Jan 18 03:25 ModularCGPubSub_A1.class
-rw-rw-r--   1 travis travis  9836 Jan 18 03:25 ModularCGPubSub_A1.java
-rw-rw-r--   1 travis travis   856 Jan 18 03:25 ModularCGPubSub_A1.mk
-rw-rw-r--   1 travis travis  1346 Jan 18 03:25 ModularCGPubSub_A1_profile.class
-rw-rw-r--   1 travis travis  1388 Jan 18 03:25 ModularCGPubSub_A1_profile.java
-rw-rw-r--   1 travis travis  3988 Jan 18 03:25 ModularCodeGen2_ModularCodeGenTypedCompositeActor.class
-rw-rw-r--   1 travis travis 11690 Jan 18 03:25 ModularCodeGen2_ModularCodeGenTypedCompositeActor.java
-rw-rw-r--   1 travis travis  1104 Jan 18 03:25 ModularCodeGen2_ModularCodeGenTypedCompositeActor.mk
-rw-rw-r--   1 travis travis  4272 Jan 18 03:25 ModularCodeGen2_ModularCodeGenTypedCompositeActor_ModularCodeGenTypedCompositeActor.class
-rw-rw-r--   1 travis travis 11790 Jan 18 03:25 ModularCodeGen2_ModularCodeGenTypedCompositeActor_ModularCodeGenTypedCompositeActor.java
-rw-rw-r--   1 travis travis  1376 Jan 18 03:25 ModularCodeGen2_ModularCodeGenTypedCompositeActor_ModularCodeGenTypedCompositeActor.mk
-rw-rw-r--   1 travis travis  1421 Jan 18 03:25 ModularCodeGen2_ModularCodeGenTypedCompositeActor_ModularCodeGenTypedCompositeActor_profile.class
-rw-rw-r--   1 travis travis  1294 Jan 18 03:25 ModularCodeGen2_ModularCodeGenTypedCompositeActor_ModularCodeGenTypedCompositeActor_profile.java
-rw-rw-r--   1 travis travis   820 Jan 18 03:25 ModularCodeGen2_ModularCodeGenTypedCompositeActor_profile.class
-rw-rw-r--   1 travis travis   693 Jan 18 03:25 ModularCodeGen2_ModularCodeGenTypedCompositeActor_profile.java
-rw-rw-r--   1 travis travis  3741 Jan 18 03:25 ModularCodeGen3_A1_B1.class
-rw-rw-r--   1 travis travis  9958 Jan 18 03:25 ModularCodeGen3_A1_B1.java
-rw-rw-r--   1 travis travis   880 Jan 18 03:25 ModularCodeGen3_A1_B1.mk
-rw-rw-r--   1 travis travis  1330 Jan 18 03:25 ModularCodeGen3_A1_B1_profile.class
-rw-rw-r--   1 travis travis  1274 Jan 18 03:25 ModularCodeGen3_A1_B1_profile.java
-rw-rw-r--   1 travis travis  3741 Jan 18 03:25 ModularCodeGen3_A1_B2.class
-rw-rw-r--   1 travis travis  9958 Jan 18 03:25 ModularCodeGen3_A1_B2.java
-rw-rw-r--   1 travis travis   880 Jan 18 03:25 ModularCodeGen3_A1_B2.mk
-rw-rw-r--   1 travis travis  1330 Jan 18 03:25 ModularCodeGen3_A1_B2_profile.class
-rw-rw-r--   1 travis travis  1274 Jan 18 03:25 ModularCodeGen3_A1_B2_profile.java
-rw-rw-r--   1 travis travis  4961 Jan 18 03:26 ModularCodeGen3_A1.class
-rw-rw-r--   1 travis travis 15564 Jan 18 03:26 ModularCodeGen3_A1.java
-rw-rw-r--   1 travis travis   856 Jan 18 03:26 ModularCodeGen3_A1.mk
-rw-rw-r--   1 travis travis  1445 Jan 18 03:26 ModularCodeGen3_A1_profile.class
-rw-rw-r--   1 travis travis  1716 Jan 18 03:25 ModularCodeGen3_A1_profile.java
-rw-rw-r--   1 travis travis  3887 Jan 18 03:26 ModularCodeGen3_A2_B1.class
-rw-rw-r--   1 travis travis 10955 Jan 18 03:26 ModularCodeGen3_A2_B1.java
-rw-rw-r--   1 travis travis   880 Jan 18 03:26 ModularCodeGen3_A2_B1.mk
-rw-rw-r--   1 travis travis  1393 Jan 18 03:26 ModularCodeGen3_A2_B1_profile.class
-rw-rw-r--   1 travis travis  1458 Jan 18 03:26 ModularCodeGen3_A2_B1_profile.java
-rw-rw-r--   1 travis travis  3741 Jan 18 03:26 ModularCodeGen3_A2_B2.class
-rw-rw-r--   1 travis travis  9958 Jan 18 03:26 ModularCodeGen3_A2_B2.java
-rw-rw-r--   1 travis travis   880 Jan 18 03:26 ModularCodeGen3_A2_B2.mk
-rw-rw-r--   1 travis travis  1330 Jan 18 03:26 ModularCodeGen3_A2_B2_profile.class
-rw-rw-r--   1 travis travis  1274 Jan 18 03:26 ModularCodeGen3_A2_B2_profile.java
-rw-rw-r--   1 travis travis  5038 Jan 18 03:26 ModularCodeGen3_A2.class
-rw-rw-r--   1 travis travis 15957 Jan 18 03:26 ModularCodeGen3_A2.java
-rw-rw-r--   1 travis travis   856 Jan 18 03:26 ModularCodeGen3_A2.mk
-rw-rw-r--   1 travis travis  1445 Jan 18 03:26 ModularCodeGen3_A2_profile.class
-rw-rw-r--   1 travis travis  1716 Jan 18 03:26 ModularCodeGen3_A2_profile.java
-rw-rw-r--   1 travis travis  3794 Jan 18 03:26 ModularCodeGen4_A1_B1.class
-rw-rw-r--   1 travis travis 10312 Jan 18 03:26 ModularCodeGen4_A1_B1.java
-rw-rw-r--   1 travis travis   880 Jan 18 03:26 ModularCodeGen4_A1_B1.mk
-rw-rw-r--   1 travis travis  1330 Jan 18 03:26 ModularCodeGen4_A1_B1_profile.class
-rw-rw-r--   1 travis travis  1273 Jan 18 03:26 ModularCodeGen4_A1_B1_profile.java
-rw-rw-r--   1 travis travis  3794 Jan 18 03:26 ModularCodeGen4_A1_B2.class
-rw-rw-r--   1 travis travis 10312 Jan 18 03:26 ModularCodeGen4_A1_B2.java
-rw-rw-r--   1 travis travis   880 Jan 18 03:26 ModularCodeGen4_A1_B2.mk
-rw-rw-r--   1 travis travis  1330 Jan 18 03:26 ModularCodeGen4_A1_B2_profile.class
-rw-rw-r--   1 travis travis  1273 Jan 18 03:26 ModularCodeGen4_A1_B2_profile.java
-rw-rw-r--   1 travis travis  5101 Jan 18 03:26 ModularCodeGen4_A1.class
-rw-rw-r--   1 travis travis 16245 Jan 18 03:26 ModularCodeGen4_A1.java
-rw-rw-r--   1 travis travis   856 Jan 18 03:26 ModularCodeGen4_A1.mk
-rw-rw-r--   1 travis travis  1445 Jan 18 03:26 ModularCodeGen4_A1_profile.class
-rw-rw-r--   1 travis travis  1712 Jan 18 03:26 ModularCodeGen4_A1_profile.java
-rw-rw-r--   1 travis travis  3988 Jan 18 03:26 ModularCodeGen4_A2_B1.class
-rw-rw-r--   1 travis travis 11375 Jan 18 03:26 ModularCodeGen4_A2_B1.java
-rw-rw-r--   1 travis travis   880 Jan 18 03:26 ModularCodeGen4_A2_B1.mk
-rw-rw-r--   1 travis travis  1393 Jan 18 03:26 ModularCodeGen4_A2_B1_profile.class
-rw-rw-r--   1 travis travis  1454 Jan 18 03:26 ModularCodeGen4_A2_B1_profile.java
-rw-rw-r--   1 travis travis  3842 Jan 18 03:26 ModularCodeGen4_A2_B2.class
-rw-rw-r--   1 travis travis 10378 Jan 18 03:26 ModularCodeGen4_A2_B2.java
-rw-rw-r--   1 travis travis   880 Jan 18 03:26 ModularCodeGen4_A2_B2.mk
-rw-rw-r--   1 travis travis  1330 Jan 18 03:26 ModularCodeGen4_A2_B2_profile.class
-rw-rw-r--   1 travis travis  1270 Jan 18 03:26 ModularCodeGen4_A2_B2_profile.java
-rw-rw-r--   1 travis travis  5274 Jan 18 03:26 ModularCodeGen4_A2.class
-rw-rw-r--   1 travis travis 16770 Jan 18 03:26 ModularCodeGen4_A2.java
-rw-rw-r--   1 travis travis   856 Jan 18 03:26 ModularCodeGen4_A2.mk
-rw-rw-r--   1 travis travis  1445 Jan 18 03:26 ModularCodeGen4_A2_profile.class
-rw-rw-r--   1 travis travis  1712 Jan 18 03:26 ModularCodeGen4_A2_profile.java
-rw-rw-r--   1 travis travis  1815 Jan 18 03:26 ModularCodeGen5_A_A_profile.java
-rw-rw-r--   1 travis travis  3954 Jan 18 03:25 ModularCodeGen_ModularCodeGenTypedCompositeActor.class
-rw-rw-r--   1 travis travis 10970 Jan 18 03:25 ModularCodeGen_ModularCodeGenTypedCompositeActor.java
-rw-rw-r--   1 travis travis  1096 Jan 18 03:25 ModularCodeGen_ModularCodeGenTypedCompositeActor.mk
-rw-rw-r--   1 travis travis  1384 Jan 18 03:25 ModularCodeGen_ModularCodeGenTypedCompositeActor_profile.class
-rw-rw-r--   1 travis travis  1328 Jan 18 03:25 ModularCodeGen_ModularCodeGenTypedCompositeActor_profile.java
-rw-rw-r--   1 travis travis  3492 Jan 18 03:25 ModularCodeGenTest_A1_A2.class
-rw-rw-r--   1 travis travis   904 Jan 18 03:25 ModularCodeGenTest_A1_A2.mk
-rw-rw-r--   1 travis travis  1306 Jan 18 03:25 ModularCodeGenTest_A1_A2_profile.class
-rw-rw-r--   1 travis travis  9968 Jan 18 03:25 ModularCodeGenTest_A1.java
-rw-rw-r--   1 travis travis   880 Jan 18 03:25 ModularCodeGenTest_A1.mk
drwxrwxr-x   3 travis travis 36864 Jan 18 03:25 modulation2
drwxrwxr-x   3 travis travis 20480 Jan 18 03:21 Multiplexor
drwxrwxr-x 249 travis travis 12288 Jan 18 03:25 node_modules
drwxrwxr-x   3 travis travis 20480 Jan 18 03:22 PhaseUnwrap
-rw-rw-r--   1 travis travis   520 Jan 18 03:25 Repeat$_fireFunction_Repeat_Repeat$__f_sL_0.class
-rw-rw-r--   1 travis travis   522 Jan 18 03:25 Repeat$_fireFunction_Repeat_Repeat$__f_sL_10.class
-rw-rw-r--   1 travis travis   666 Jan 18 03:25 Repeat$_fireFunction_Repeat_Repeat$__f_sL_11.class
-rw-rw-r--   1 travis travis   522 Jan 18 03:25 Repeat$_fireFunction_Repeat_Repeat$__f_sL_13.class
-rw-rw-r--   1 travis travis   665 Jan 18 03:25 Repeat$_fireFunction_Repeat_Repeat$__f_sL_1.class
-rw-rw-r--   1 travis travis   520 Jan 18 03:25 Repeat$_fireFunction_Repeat_Repeat$__f_sL_2.class
-rw-rw-r--   1 travis travis   520 Jan 18 03:25 Repeat$_fireFunction_Repeat_Repeat$__f_sL_3.class
-rw-rw-r--   1 travis travis   520 Jan 18 03:25 Repeat$_fireFunction_Repeat_Repeat$__f_sL_5.class
-rw-rw-r--   1 travis travis   671 Jan 18 03:25 Repeat$_fireFunction_Repeat_Repeat$__f_sL_7.class
-rw-rw-r--   1 travis travis   520 Jan 18 03:25 Repeat$_fireFunction_Repeat_Repeat$__f_sL_9.class
-rw-rw-r--   1 travis travis   813 Jan 18 03:25 Repeat$_initialize_Repeat.class
-rw-rw-r--   1 travis travis   475 Jan 18 03:25 Repeat$_initialize_Repeat$__i_sL_0.class
-rw-rw-r--   1 travis travis   519 Jan 18 03:25 Repeat$_initialize_Repeat$__i_sL_3.class
-rw-rw-r--   1 travis travis 39778 Jan 18 03:25 Repeat.java
-rw-rw-r--   1 travis travis  1281 Jan 18 03:25 Repeat.mk
-rw-rw-r--   1 travis travis   520 Jan 18 03:25 Repeat$_preinitializeMethod_Repeat$__p_sL_0.class
-rw-rw-r--   1 travis travis   520 Jan 18 03:25 Repeat$_preinitializeMethod_Repeat$__p_sL_1.class
-rw-rw-r--   1 travis travis  1083 Jan 18 03:25 Repeat$_Repeat$_fireFunction_Repeat_AddSubtract_Repeat.class
-rw-rw-r--   1 travis travis   791 Jan 18 03:25 Repeat$_Repeat$_fireFunction_Repeat_AddSubtract_Repeat$__f_sL_0.class
-rw-rw-r--   1 travis travis   909 Jan 18 03:25 Repeat$_Repeat$_fireFunction_Repeat_AddSubtract_Repeat$__f_sL_1.class
-rw-rw-r--   1 travis travis   915 Jan 18 03:25 Repeat$_Repeat$_fireFunction_Repeat_AddSubtract_Repeat$__f_sL_2.class
-rw-rw-r--   1 travis travis   838 Jan 18 03:25 Repeat$_Repeat$_fireFunction_Repeat_Ramp2_Repeat$__f_sL_1.class
-rw-rw-r--   1 travis travis  1785 Jan 18 03:25 Repeat$_Repeat$_fireFunction_Repeat_Test_Repeat$__f_sL_2.class
-rw-rw-r--   1 travis travis   685 Jan 18 03:25 Repeat$_Repeat_SDF_Director_run_Repeat$__R_sL_0.class
-rw-rw-r--   1 travis travis   540 Jan 18 03:25 Repeat$_Repeat_SDF_Director_run_Repeat$__R_sL_1.class
-rw-rw-r--   1 travis travis   540 Jan 18 03:25 Repeat$_Repeat_SDF_Director_run_Repeat$__R_sL_2.class
-rw-rw-r--   1 travis travis   540 Jan 18 03:25 Repeat$_Repeat_SDF_Director_run_Repeat$__R_sL_4.class
-rw-rw-r--   1 travis travis   540 Jan 18 03:25 Repeat$_Repeat_SDF_Director_run_Repeat$__R_sL_5.class
-rw-rw-r--   1 travis travis   691 Jan 18 03:25 Repeat$_Repeat_SDF_Director_run_Repeat$__R_sL_6.class
-rw-rw-r--   1 travis travis   540 Jan 18 03:25 Repeat$_Repeat_SDF_Director_run_Repeat$__R_sL_7.class
-rw-rw-r--   1 travis travis   863 Jan 18 03:25 Repeat$_varinit_Repeat.class
-rw-rw-r--   1 travis travis   530 Jan 18 03:25 Repeat$_varinit_Repeat$__v_sL_1.class
-rw-rw-r--   1 travis travis   531 Jan 18 03:25 Repeat$_varinit_Repeat$__v_sL_2.class
-rw-rw-r--   1 travis travis   905 Jan 18 03:25 Repeat$_varinit_Repeat$__v_sL_4.class
-rw-rw-r--   1 travis travis   635 Jan 18 03:25 Repeat$_wrapup_Repeat.class
-rw-rw-r--   1 travis travis   965 Jan 18 03:25 Repeat$_wrapup_Repeat$__w_sL_1.class
-rw-rw-r--   1 travis travis   289 Jan 18 03:19 result.csv
drwxrwxr-x   3 travis travis 12288 Jan 18 03:23 Scrambler1
drwxrwxr-x   3 travis travis 20480 Jan 18 03:22 Sinewave2
drwxrwxr-x   3 travis travis 69632 Jan 18 03:23 StringCompare
drwxrwxr-x   3 travis travis 32768 Jan 18 03:23 StringFunction
drwxrwxr-x   3 travis travis 12288 Jan 18 03:23 StringLength
drwxrwxr-x   3 travis travis 57344 Jan 18 03:24 StringSimpleReplace
drwxrwxr-x   3 travis travis 12288 Jan 18 03:24 time2
drwxrwxr-x   3 travis travis 12288 Jan 18 03:25 time5
-rw-rw-r--   1 travis travis   432 Jan 18 03:26 Token.class
-rw-rw-r--   1 travis travis   251 Jan 18 03:26 Token.java
-rw-rw-r--   1 travis travis     0 Jan 18 03:25 top.
-rw-rw-r--   1 travis travis 20502 Jan 18 03:19 top.c
-rw-rw-r--   1 travis travis  3567 Jan 18 03:25 top.class
-rw-rw-r--   1 travis travis   169 Jan 18 03:19 top.html
-rw-rw-r--   1 travis travis  7552 Jan 18 03:25 top.java
-rw-rw-r--   1 travis travis 38888 Jan 18 03:19 top.o
drwxrwxr-x   3 travis travis 57344 Jan 18 03:22 UnaryMathFunction
warning: Supported source version 'RELEASE_6' from annotation processor 'org.netbeans.modules.openide.util.NbBundleProcessor' less than -source '1.8'
warning: Supported source version 'RELEASE_6' from annotation processor 'org.netbeans.modules.openide.util.URLStreamHandlerRegistrationProcessor' less than -source '1.8'
warning: Supported source version 'RELEASE_6' from annotation processor 'org.netbeans.modules.openide.util.ServiceProviderProcessor' less than -source '1.8'
3 warnings
All Done
Writing ModularCodeGen5_A_A.java in file:/home/travis/cg/ (28721 characters)
Reading "ptolemy/cg/kernel/generic/program/procedural/java/modular/makefile.in",
    writing "/home/travis/cg/ModularCodeGen5_A_A.mk"
Using ptolemy/cg/kernel/generic/program/procedural/java/modular/makefile.in
In "/home/travis/cg", about to execute:
    make -f ModularCodeGen5_A_A.mk
javac -classpath ".:.."    ModularCodeGen5_A_A.java
All Done
In "/home/travis/cg", about to execute:
    pwd
In "/home/travis/cg", about to execute:
    ls -l
/home/travis/cg
total 1772
drwxrwxr-x   3 travis travis 12288 Jan 18 03:20 AbsoluteValue
drwxrwxr-x   3 travis travis 16384 Jan 18 03:20 Case1
drwxrwxr-x   3 travis travis 32768 Jan 18 03:20 Case2
-rw-rw-r--   1 travis travis  4895 Jan 18 03:25 CompiledCompositeActor_CompiledCompositeActor.class
-rw-rw-r--   1 travis travis  1592 Jan 18 03:25 CompiledCompositeActor_CompiledCompositeActor$_CompiledCompositeActor_CompiledCompositeActor.class
-rw-rw-r--   1 travis travis 13466 Jan 18 03:25 CompiledCompositeActor_CompiledCompositeActor.java
-rw-rw-r--   1 travis travis  1593 Jan 18 03:25 CompiledCompositeActor_CompiledCompositeActor.mk
drwxrwxr-x   3 travis travis 24576 Jan 18 03:23 DeScrambler
drwxrwxr-x   3 travis travis 16384 Jan 18 03:24 DotProduct
drwxrwxr-x   3 travis travis 12288 Jan 18 03:21 FileWriter1
drwxrwxr-x   3 travis travis 20480 Jan 18 03:20 FixToDoubleAndBack
drwxrwxr-x   3 travis travis 16384 Jan 18 03:21 Gaussian1
drwxrwxr-x   3 travis travis 20480 Jan 18 03:21 Gaussian2
-rw-rw-r--   1 travis travis  4457 Jan 18 03:25 JavaCompiledCompositeTest1_CompiledCompositeActor.class
-rw-rw-r--   1 travis travis 11637 Jan 18 03:25 JavaCompiledCompositeTest1_CompiledCompositeActor.java
-rw-rw-r--   1 travis travis  1198 Jan 18 03:25 JavaCompiledCompositeTest1_CompiledCompositeActor$_JavaCompiledCompositeTest1_CompiledCompositeActor.class
-rw-rw-r--   1 travis travis  1625 Jan 18 03:25 JavaCompiledCompositeTest1_CompiledCompositeActor.mk
-rw-rw-r--   1 travis travis  4888 Jan 18 03:25 JavaCompiledCompositeTest2_CompiledCompositeActor.class
-rw-rw-r--   1 travis travis 14919 Jan 18 03:25 JavaCompiledCompositeTest2_CompiledCompositeActor.java
-rw-rw-r--   1 travis travis  1793 Jan 18 03:25 JavaCompiledCompositeTest2_CompiledCompositeActor$_JavaCompiledCompositeTest2_CompiledCompositeActor.class
-rw-rw-r--   1 travis travis  1625 Jan 18 03:25 JavaCompiledCompositeTest2_CompiledCompositeActor.mk
-rw-rw-r--   1 travis travis  4505 Jan 18 03:25 JavaCompiledCompositeTest3_CompiledCompositeActor.class
-rw-rw-r--   1 travis travis 13080 Jan 18 03:25 JavaCompiledCompositeTest3_CompiledCompositeActor.java
-rw-rw-r--   1 travis travis  1378 Jan 18 03:25 JavaCompiledCompositeTest3_CompiledCompositeActor$_JavaCompiledCompositeTest3_CompiledCompositeActor.class
-rw-rw-r--   1 travis travis  1625 Jan 18 03:25 JavaCompiledCompositeTest3_CompiledCompositeActor.mk
-rw-rw-r--   1 travis travis  3953 Jan 18 03:25 JavaCompiledCompositeTest4_CompiledCompositeActor.class
-rw-rw-r--   1 travis travis  9687 Jan 18 03:25 JavaCompiledCompositeTest4_CompiledCompositeActor.java
-rw-rw-r--   1 travis travis   857 Jan 18 03:25 JavaCompiledCompositeTest4_CompiledCompositeActor$_JavaCompiledCompositeTest4_CompiledCompositeActor.class
-rw-rw-r--   1 travis travis  1625 Jan 18 03:25 JavaCompiledCompositeTest4_CompiledCompositeActor.mk
drwxrwxr-x   3 travis travis 12288 Jan 18 03:21 LookupTable
drwxrwxr-x   3 travis travis 20480 Jan 18 03:21 MaxIndex
-rw-rw-r--   1 travis travis  3693 Jan 18 03:25 ModularCG_A1_B1.class
-rw-rw-r--   1 travis travis  9730 Jan 18 03:25 ModularCG_A1_B1.java
-rw-rw-r--   1 travis travis   832 Jan 18 03:25 ModularCG_A1_B1.mk
-rw-rw-r--   1 travis travis  1318 Jan 18 03:25 ModularCG_A1_B1_profile.class
-rw-rw-r--   1 travis travis  1262 Jan 18 03:25 ModularCG_A1_B1_profile.java
-rw-rw-r--   1 travis travis  3693 Jan 18 03:25 ModularCG_A1_B2.class
-rw-rw-r--   1 travis travis  9730 Jan 18 03:25 ModularCG_A1_B2.java
-rw-rw-r--   1 travis travis   832 Jan 18 03:25 ModularCG_A1_B2.mk
-rw-rw-r--   1 travis travis  1318 Jan 18 03:25 ModularCG_A1_B2_profile.class
-rw-rw-r--   1 travis travis  1262 Jan 18 03:25 ModularCG_A1_B2_profile.java
-rw-rw-r--   1 travis travis  4799 Jan 18 03:25 ModularCG_A1.class
-rw-rw-r--   1 travis travis 14742 Jan 18 03:25 ModularCG_A1.java
-rw-rw-r--   1 travis travis   808 Jan 18 03:25 ModularCG_A1.mk
-rw-rw-r--   1 travis travis  1433 Jan 18 03:25 ModularCG_A1_profile.class
-rw-rw-r--   1 travis travis  1704 Jan 18 03:25 ModularCG_A1_profile.java
-rw-rw-r--   1 travis travis  3827 Jan 18 03:25 ModularCG_A2_B1.class
-rw-rw-r--   1 travis travis 10667 Jan 18 03:25 ModularCG_A2_B1.java
-rw-rw-r--   1 travis travis   832 Jan 18 03:25 ModularCG_A2_B1.mk
-rw-rw-r--   1 travis travis  1381 Jan 18 03:25 ModularCG_A2_B1_profile.class
-rw-rw-r--   1 travis travis  1446 Jan 18 03:25 ModularCG_A2_B1_profile.java
-rw-rw-r--   1 travis travis  3693 Jan 18 03:25 ModularCG_A2_B2.class
-rw-rw-r--   1 travis travis  9730 Jan 18 03:25 ModularCG_A2_B2.java
-rw-rw-r--   1 travis travis   832 Jan 18 03:25 ModularCG_A2_B2.mk
-rw-rw-r--   1 travis travis  1318 Jan 18 03:25 ModularCG_A2_B2_profile.class
-rw-rw-r--   1 travis travis  1262 Jan 18 03:25 ModularCG_A2_B2_profile.java
-rw-rw-r--   1 travis travis  4870 Jan 18 03:25 ModularCG_A2.class
-rw-rw-r--   1 travis travis 15129 Jan 18 03:25 ModularCG_A2.java
-rw-rw-r--   1 travis travis   808 Jan 18 03:25 ModularCG_A2.mk
-rw-rw-r--   1 travis travis  1433 Jan 18 03:25 ModularCG_A2_profile.class
-rw-rw-r--   1 travis travis  1704 Jan 18 03:25 ModularCG_A2_profile.java
-rw-rw-r--   1 travis travis  3473 Jan 18 03:25 ModularCGPubSub_A1_A2.class
-rw-rw-r--   1 travis travis  9076 Jan 18 03:25 ModularCGPubSub_A1_A2.java
-rw-rw-r--   1 travis travis   880 Jan 18 03:25 ModularCGPubSub_A1_A2.mk
-rw-rw-r--   1 travis travis  1300 Jan 18 03:25 ModularCGPubSub_A1_A2_profile.class
-rw-rw-r--   1 travis travis  1222 Jan 18 03:25 ModularCGPubSub_A1_A2_profile.java
-rw-rw-r--   1 travis travis  3790 Jan 18 03:25 ModularCGPubSub_A1.class
-rw-rw-r--   1 travis travis  9836 Jan 18 03:25 ModularCGPubSub_A1.java
-rw-rw-r--   1 travis travis   856 Jan 18 03:25 ModularCGPubSub_A1.mk
-rw-rw-r--   1 travis travis  1346 Jan 18 03:25 ModularCGPubSub_A1_profile.class
-rw-rw-r--   1 travis travis  1388 Jan 18 03:25 ModularCGPubSub_A1_profile.java
-rw-rw-r--   1 travis travis  3988 Jan 18 03:25 ModularCodeGen2_ModularCodeGenTypedCompositeActor.class
-rw-rw-r--   1 travis travis 11690 Jan 18 03:25 ModularCodeGen2_ModularCodeGenTypedCompositeActor.java
-rw-rw-r--   1 travis travis  1104 Jan 18 03:25 ModularCodeGen2_ModularCodeGenTypedCompositeActor.mk
-rw-rw-r--   1 travis travis  4272 Jan 18 03:25 ModularCodeGen2_ModularCodeGenTypedCompositeActor_ModularCodeGenTypedCompositeActor.class
-rw-rw-r--   1 travis travis 11790 Jan 18 03:25 ModularCodeGen2_ModularCodeGenTypedCompositeActor_ModularCodeGenTypedCompositeActor.java
-rw-rw-r--   1 travis travis  1376 Jan 18 03:25 ModularCodeGen2_ModularCodeGenTypedCompositeActor_ModularCodeGenTypedCompositeActor.mk
-rw-rw-r--   1 travis travis  1421 Jan 18 03:25 ModularCodeGen2_ModularCodeGenTypedCompositeActor_ModularCodeGenTypedCompositeActor_profile.class
-rw-rw-r--   1 travis travis  1294 Jan 18 03:25 ModularCodeGen2_ModularCodeGenTypedCompositeActor_ModularCodeGenTypedCompositeActor_profile.java
-rw-rw-r--   1 travis travis   820 Jan 18 03:25 ModularCodeGen2_ModularCodeGenTypedCompositeActor_profile.class
-rw-rw-r--   1 travis travis   693 Jan 18 03:25 ModularCodeGen2_ModularCodeGenTypedCompositeActor_profile.java
-rw-rw-r--   1 travis travis  3741 Jan 18 03:25 ModularCodeGen3_A1_B1.class
-rw-rw-r--   1 travis travis  9958 Jan 18 03:25 ModularCodeGen3_A1_B1.java
-rw-rw-r--   1 travis travis   880 Jan 18 03:25 ModularCodeGen3_A1_B1.mk
-rw-rw-r--   1 travis travis  1330 Jan 18 03:25 ModularCodeGen3_A1_B1_profile.class
-rw-rw-r--   1 travis travis  1274 Jan 18 03:25 ModularCodeGen3_A1_B1_profile.java
-rw-rw-r--   1 travis travis  3741 Jan 18 03:25 ModularCodeGen3_A1_B2.class
-rw-rw-r--   1 travis travis  9958 Jan 18 03:25 ModularCodeGen3_A1_B2.java
-rw-rw-r--   1 travis travis   880 Jan 18 03:25 ModularCodeGen3_A1_B2.mk
-rw-rw-r--   1 travis travis  1330 Jan 18 03:25 ModularCodeGen3_A1_B2_profile.class
-rw-rw-r--   1 travis travis  1274 Jan 18 03:25 ModularCodeGen3_A1_B2_profile.java
-rw-rw-r--   1 travis travis  4961 Jan 18 03:26 ModularCodeGen3_A1.class
-rw-rw-r--   1 travis travis 15564 Jan 18 03:26 ModularCodeGen3_A1.java
-rw-rw-r--   1 travis travis   856 Jan 18 03:26 ModularCodeGen3_A1.mk
-rw-rw-r--   1 travis travis  1445 Jan 18 03:26 ModularCodeGen3_A1_profile.class
-rw-rw-r--   1 travis travis  1716 Jan 18 03:25 ModularCodeGen3_A1_profile.java
-rw-rw-r--   1 travis travis  3887 Jan 18 03:26 ModularCodeGen3_A2_B1.class
-rw-rw-r--   1 travis travis 10955 Jan 18 03:26 ModularCodeGen3_A2_B1.java
-rw-rw-r--   1 travis travis   880 Jan 18 03:26 ModularCodeGen3_A2_B1.mk
-rw-rw-r--   1 travis travis  1393 Jan 18 03:26 ModularCodeGen3_A2_B1_profile.class
-rw-rw-r--   1 travis travis  1458 Jan 18 03:26 ModularCodeGen3_A2_B1_profile.java
-rw-rw-r--   1 travis travis  3741 Jan 18 03:26 ModularCodeGen3_A2_B2.class
-rw-rw-r--   1 travis travis  9958 Jan 18 03:26 ModularCodeGen3_A2_B2.java
-rw-rw-r--   1 travis travis   880 Jan 18 03:26 ModularCodeGen3_A2_B2.mk
-rw-rw-r--   1 travis travis  1330 Jan 18 03:26 ModularCodeGen3_A2_B2_profile.class
-rw-rw-r--   1 travis travis  1274 Jan 18 03:26 ModularCodeGen3_A2_B2_profile.java
-rw-rw-r--   1 travis travis  5038 Jan 18 03:26 ModularCodeGen3_A2.class
-rw-rw-r--   1 travis travis 15957 Jan 18 03:26 ModularCodeGen3_A2.java
-rw-rw-r--   1 travis travis   856 Jan 18 03:26 ModularCodeGen3_A2.mk
-rw-rw-r--   1 travis travis  1445 Jan 18 03:26 ModularCodeGen3_A2_profile.class
-rw-rw-r--   1 travis travis  1716 Jan 18 03:26 ModularCodeGen3_A2_profile.java
-rw-rw-r--   1 travis travis  3794 Jan 18 03:26 ModularCodeGen4_A1_B1.class
-rw-rw-r--   1 travis travis 10312 Jan 18 03:26 ModularCodeGen4_A1_B1.java
-rw-rw-r--   1 travis travis   880 Jan 18 03:26 ModularCodeGen4_A1_B1.mk
-rw-rw-r--   1 travis travis  1330 Jan 18 03:26 ModularCodeGen4_A1_B1_profile.class
-rw-rw-r--   1 travis travis  1273 Jan 18 03:26 ModularCodeGen4_A1_B1_profile.java
-rw-rw-r--   1 travis travis  3794 Jan 18 03:26 ModularCodeGen4_A1_B2.class
-rw-rw-r--   1 travis travis 10312 Jan 18 03:26 ModularCodeGen4_A1_B2.java
-rw-rw-r--   1 travis travis   880 Jan 18 03:26 ModularCodeGen4_A1_B2.mk
-rw-rw-r--   1 travis travis  1330 Jan 18 03:26 ModularCodeGen4_A1_B2_profile.class
-rw-rw-r--   1 travis travis  1273 Jan 18 03:26 ModularCodeGen4_A1_B2_profile.java
-rw-rw-r--   1 travis travis  5101 Jan 18 03:26 ModularCodeGen4_A1.class
-rw-rw-r--   1 travis travis 16245 Jan 18 03:26 ModularCodeGen4_A1.java
-rw-rw-r--   1 travis travis   856 Jan 18 03:26 ModularCodeGen4_A1.mk
-rw-rw-r--   1 travis travis  1445 Jan 18 03:26 ModularCodeGen4_A1_profile.class
-rw-rw-r--   1 travis travis  1712 Jan 18 03:26 ModularCodeGen4_A1_profile.java
-rw-rw-r--   1 travis travis  3988 Jan 18 03:26 ModularCodeGen4_A2_B1.class
-rw-rw-r--   1 travis travis 11375 Jan 18 03:26 ModularCodeGen4_A2_B1.java
-rw-rw-r--   1 travis travis   880 Jan 18 03:26 ModularCodeGen4_A2_B1.mk
-rw-rw-r--   1 travis travis  1393 Jan 18 03:26 ModularCodeGen4_A2_B1_profile.class
-rw-rw-r--   1 travis travis  1454 Jan 18 03:26 ModularCodeGen4_A2_B1_profile.java
-rw-rw-r--   1 travis travis  3842 Jan 18 03:26 ModularCodeGen4_A2_B2.class
-rw-rw-r--   1 travis travis 10378 Jan 18 03:26 ModularCodeGen4_A2_B2.java
-rw-rw-r--   1 travis travis   880 Jan 18 03:26 ModularCodeGen4_A2_B2.mk
-rw-rw-r--   1 travis travis  1330 Jan 18 03:26 ModularCodeGen4_A2_B2_profile.class
-rw-rw-r--   1 travis travis  1270 Jan 18 03:26 ModularCodeGen4_A2_B2_profile.java
-rw-rw-r--   1 travis travis  5274 Jan 18 03:26 ModularCodeGen4_A2.class
-rw-rw-r--   1 travis travis 16770 Jan 18 03:26 ModularCodeGen4_A2.java
-rw-rw-r--   1 travis travis   856 Jan 18 03:26 ModularCodeGen4_A2.mk
-rw-rw-r--   1 travis travis  1445 Jan 18 03:26 ModularCodeGen4_A2_profile.class
-rw-rw-r--   1 travis travis  1712 Jan 18 03:26 ModularCodeGen4_A2_profile.java
-rw-rw-r--   1 travis travis  6838 Jan 18 03:26 ModularCodeGen5_A_A.class
-rw-rw-r--   1 travis travis 28721 Jan 18 03:26 ModularCodeGen5_A_A.java
-rw-rw-r--   1 travis travis   864 Jan 18 03:26 ModularCodeGen5_A_A.mk
-rw-rw-r--   1 travis travis  1520 Jan 18 03:26 ModularCodeGen5_A_A_profile.class
-rw-rw-r--   1 travis travis  1815 Jan 18 03:26 ModularCodeGen5_A_A_profile.java
-rw-rw-r--   1 travis travis  1605 Jan 18 03:26 ModularCodeGen5_A_profile.java
-rw-rw-r--   1 travis travis  3954 Jan 18 03:25 ModularCodeGen_ModularCodeGenTypedCompositeActor.class
-rw-rw-r--   1 travis travis 10970 Jan 18 03:25 ModularCodeGen_ModularCodeGenTypedCompositeActor.java
-rw-rw-r--   1 travis travis  1096 Jan 18 03:25 ModularCodeGen_ModularCodeGenTypedCompositeActor.mk
-rw-rw-r--   1 travis travis  1384 Jan 18 03:25 ModularCodeGen_ModularCodeGenTypedCompositeActor_profile.class
-rw-rw-r--   1 travis travis  1328 Jan 18 03:25 ModularCodeGen_ModularCodeGenTypedCompositeActor_profile.java
-rw-rw-r--   1 travis travis  3492 Jan 18 03:25 ModularCodeGenTest_A1_A2.class
-rw-rw-r--   1 travis travis   904 Jan 18 03:25 ModularCodeGenTest_A1_A2.mk
-rw-rw-r--   1 travis travis  1306 Jan 18 03:25 ModularCodeGenTest_A1_A2_profile.class
-rw-rw-r--   1 travis travis  9968 Jan 18 03:25 ModularCodeGenTest_A1.java
-rw-rw-r--   1 travis travis   880 Jan 18 03:25 ModularCodeGenTest_A1.mk
drwxrwxr-x   3 travis travis 36864 Jan 18 03:25 modulation2
drwxrwxr-x   3 travis travis 20480 Jan 18 03:21 Multiplexor
drwxrwxr-x 249 travis travis 12288 Jan 18 03:25 node_modules
drwxrwxr-x   3 travis travis 20480 Jan 18 03:22 PhaseUnwrap
-rw-rw-r--   1 travis travis   520 Jan 18 03:25 Repeat$_fireFunction_Repeat_Repeat$__f_sL_0.class
-rw-rw-r--   1 travis travis   522 Jan 18 03:25 Repeat$_fireFunction_Repeat_Repeat$__f_sL_10.class
-rw-rw-r--   1 travis travis   666 Jan 18 03:25 Repeat$_fireFunction_Repeat_Repeat$__f_sL_11.class
-rw-rw-r--   1 travis travis   522 Jan 18 03:25 Repeat$_fireFunction_Repeat_Repeat$__f_sL_13.class
-rw-rw-r--   1 travis travis   665 Jan 18 03:25 Repeat$_fireFunction_Repeat_Repeat$__f_sL_1.class
-rw-rw-r--   1 travis travis   520 Jan 18 03:25 Repeat$_fireFunction_Repeat_Repeat$__f_sL_2.class
-rw-rw-r--   1 travis travis   520 Jan 18 03:25 Repeat$_fireFunction_Repeat_Repeat$__f_sL_3.class
-rw-rw-r--   1 travis travis   520 Jan 18 03:25 Repeat$_fireFunction_Repeat_Repeat$__f_sL_5.class
-rw-rw-r--   1 travis travis   671 Jan 18 03:25 Repeat$_fireFunction_Repeat_Repeat$__f_sL_7.class
-rw-rw-r--   1 travis travis   520 Jan 18 03:25 Repeat$_fireFunction_Repeat_Repeat$__f_sL_9.class
-rw-rw-r--   1 travis travis   813 Jan 18 03:25 Repeat$_initialize_Repeat.class
-rw-rw-r--   1 travis travis   475 Jan 18 03:25 Repeat$_initialize_Repeat$__i_sL_0.class
-rw-rw-r--   1 travis travis   519 Jan 18 03:25 Repeat$_initialize_Repeat$__i_sL_3.class
-rw-rw-r--   1 travis travis 39778 Jan 18 03:25 Repeat.java
-rw-rw-r--   1 travis travis  1281 Jan 18 03:25 Repeat.mk
-rw-rw-r--   1 travis travis   520 Jan 18 03:25 Repeat$_preinitializeMethod_Repeat$__p_sL_0.class
-rw-rw-r--   1 travis travis   520 Jan 18 03:25 Repeat$_preinitializeMethod_Repeat$__p_sL_1.class
-rw-rw-r--   1 travis travis  1083 Jan 18 03:25 Repeat$_Repeat$_fireFunction_Repeat_AddSubtract_Repeat.class
-rw-rw-r--   1 travis travis   791 Jan 18 03:25 Repeat$_Repeat$_fireFunction_Repeat_AddSubtract_Repeat$__f_sL_0.class
-rw-rw-r--   1 travis travis   909 Jan 18 03:25 Repeat$_Repeat$_fireFunction_Repeat_AddSubtract_Repeat$__f_sL_1.class
-rw-rw-r--   1 travis travis   915 Jan 18 03:25 Repeat$_Repeat$_fireFunction_Repeat_AddSubtract_Repeat$__f_sL_2.class
-rw-rw-r--   1 travis travis   838 Jan 18 03:25 Repeat$_Repeat$_fireFunction_Repeat_Ramp2_Repeat$__f_sL_1.class
-rw-rw-r--   1 travis travis  1785 Jan 18 03:25 Repeat$_Repeat$_fireFunction_Repeat_Test_Repeat$__f_sL_2.class
-rw-rw-r--   1 travis travis   685 Jan 18 03:25 Repeat$_Repeat_SDF_Director_run_Repeat$__R_sL_0.class
-rw-rw-r--   1 travis travis   540 Jan 18 03:25 Repeat$_Repeat_SDF_Director_run_Repeat$__R_sL_1.class
-rw-rw-r--   1 travis travis   540 Jan 18 03:25 Repeat$_Repeat_SDF_Director_run_Repeat$__R_sL_2.class
-rw-rw-r--   1 travis travis   540 Jan 18 03:25 Repeat$_Repeat_SDF_Director_run_Repeat$__R_sL_4.class
-rw-rw-r--   1 travis travis   540 Jan 18 03:25 Repeat$_Repeat_SDF_Director_run_Repeat$__R_sL_5.class
-rw-rw-r--   1 travis travis   691 Jan 18 03:25 Repeat$_Repeat_SDF_Director_run_Repeat$__R_sL_6.class
-rw-rw-r--   1 travis travis   540 Jan 18 03:25 Repeat$_Repeat_SDF_Director_run_Repeat$__R_sL_7.class
-rw-rw-r--   1 travis travis   863 Jan 18 03:25 Repeat$_varinit_Repeat.class
-rw-rw-r--   1 travis travis   530 Jan 18 03:25 Repeat$_varinit_Repeat$__v_sL_1.class
-rw-rw-r--   1 travis travis   531 Jan 18 03:25 Repeat$_varinit_Repeat$__v_sL_2.class
-rw-rw-r--   1 travis travis   905 Jan 18 03:25 Repeat$_varinit_Repeat$__v_sL_4.class
-rw-rw-r--   1 travis travis   635 Jan 18 03:25 Repeat$_wrapup_Repeat.class
-rw-rw-r--   1 travis travis   965 Jan 18 03:25 Repeat$_wrapup_Repeat$__w_sL_1.class
-rw-rw-r--   1 travis travis   289 Jan 18 03:19 result.csv
drwxrwxr-x   3 travis travis 12288 Jan 18 03:23 Scrambler1
drwxrwxr-x   3 travis travis 20480 Jan 18 03:22 Sinewave2
drwxrwxr-x   3 travis travis 69632 Jan 18 03:23 StringCompare
drwxrwxr-x   3 travis travis 32768 Jan 18 03:23 StringFunction
drwxrwxr-x   3 travis travis 12288 Jan 18 03:23 StringLength
drwxrwxr-x   3 travis travis 57344 Jan 18 03:24 StringSimpleReplace
drwxrwxr-x   3 travis travis 12288 Jan 18 03:24 time2
drwxrwxr-x   3 travis travis 12288 Jan 18 03:25 time5
-rw-rw-r--   1 travis travis   432 Jan 18 03:26 Token.class
-rw-rw-r--   1 travis travis   251 Jan 18 03:26 Token.java
-rw-rw-r--   1 travis travis     0 Jan 18 03:25 top.
-rw-rw-r--   1 travis travis 20502 Jan 18 03:19 top.c
-rw-rw-r--   1 travis travis  3567 Jan 18 03:25 top.class
-rw-rw-r--   1 travis travis   169 Jan 18 03:19 top.html
-rw-rw-r--   1 travis travis  7552 Jan 18 03:25 top.java
-rw-rw-r--   1 travis travis 38888 Jan 18 03:19 top.o
drwxrwxr-x   3 travis travis 57344 Jan 18 03:22 UnaryMathFunction
In "/home/travis/cg", about to execute:
    javac -classpath
.:/home/travis/build/icyphy/ptII:/home/travis/build/icyphy/ptII/lib/bsh-2.0b4.j
ar:/home/travis/build/icyphy/ptII/lib/ptCal.jar:/home/travis/build/icyphy/ptII/
lib/java_cup.jar:/home/travis/build/icyphy/ptII/lib/saxon8.jar:/home/travis/bui
ld/icyphy/ptII/lib/saxon8-dom.jar:/home/travis/build/icyphy/ptII/lib/chic.jar:/
home/travis/build/icyphy/ptII/lib/ptcolt.jar:/usr/lib/jvm/java-8-oracle/lib/too
ls.jar:/usr/lib/eclipse/plugins/org.eclipse.jdt.core_3.8.2.dist.jar:/usr/lib/ec
lipse/plugins/org.eclipse.core.runtime_3.8.0.dist.jar:/usr/lib/eclipse/plugins/
org.eclipse.osgi_3.8.1.dist.jar:/usr/lib/eclipse/plugins/org.eclipse.core.resou
rces_3.8.1.dist.jar:/usr/lib/eclipse/plugins/org.eclipse.equinox.common_3.6.100
.dist.jar:/usr/lib/eclipse/plugins/org.eclipse.core.jobs_3.5.200.dist.jar:/usr/
lib/eclipse/plugins/org.eclipse.core.contenttype_3.4.200.dist.jar:/usr/lib/ecli
pse/plugins/org.eclipse.equinox.preferences_3.5.0.dist.jar:/usr/lib/eclipse/plu
gins/org.eclipse.text_3.5.200.dist.jar:/usr/lib/eclipse/plugins/org.eclipse.ui.
workbench_3.8.1.dist.jar:/usr/lib/eclipse/plugins/org.eclipse.jface_3.8.0.dist.
jar:/usr/lib/eclipse/plugins/org.eclipse.swt_3.8.2.jar:/usr/lib/eclipse/plugins
/org.eclipse.jface.text_3.8.1.dist.jar:/usr/lib/eclipse/plugins/org.eclipse.ui.
workbench.texteditor_3.8.0.dist.jar:/usr/lib/eclipse/plugins/org.eclipse.ui.edi
tors_3.8.0.dist.jar:/usr/lib/eclipse/plugins/org.eclipse.core.commands_3.6.1.di
st.jar:/usr/lib/eclipse/plugins/org.eclipse.equinox.registry_3.5.200.dist.jar:/
usr/lib/eclipse/plugins/org.eclipse.ui.console_3.5.100.dist.jar:/usr/lib/eclips
e/plugins/org.eclipse.ui.forms_3.5.200.dist.jar:/usr/lib/eclipse/plugins/org.ec
lipse.ui.ide_3.8.1.dist.jar:/home/travis/build/icyphy/ptII/vendors/oracle/dbxml
.jar:/home/travis/build/icyphy/ptII/vendors/oracle/db.jar:/home/travis/build/ic
yphy/ptII/vendors/misc/itext/iText.jar:/home/travis/build/icyphy/ptII/lib/g4ltl
.jar:/home/travis/build/icyphy/ptII/lib/StructuralCoder.jar:/home/travis/build/
icyphy/ptII/lib/org-openide-util.jar:/home/travis/build/icyphy/ptII/lib/org-ope
nide-util-lookup.jar:/home/travis/build/icyphy/ptII/lib/org-netbeans-api-visual
.jar:/home/travis/build/icyphy/ptII/vendors/jai-1_1_2_01/lib/jai_core.jar:/home
/travis/build/icyphy/ptII/vendors/jai-1_1_2_01/lib/jai_codec.jar:/home/travis/b
uild/icyphy/ptII/lib/jcerti.jar:/home/travis/build/icyphy/ptII/lib/smack.jar:/h
ome/travis/build/icyphy/ptII/lib/smackx.jar:/home/travis/build/icyphy/ptII/lib/
jetty-all-8.1.5-v20120716.jar:/home/travis/build/icyphy/ptII/lib/javax.servlet-
api-3.0.1.jar:/home/travis/build/icyphy/ptII/lib/javax.mail.jar:/home/travis/bu
ild/icyphy/ptII/vendors/JMF-2.1.1e/lib/jmf.jar:/home/travis/build/icyphy/ptII/l
ib/jna-4.0.0-variadic.jar:/home/travis/build/icyphy/ptII/vendors/misc/joystick/
Joystick.jar:/home/travis/build/icyphy/ptII/lib/ptjacl.jar:/home/travis/build/i
cyphy/ptII/lib/jsoup-1.8.2.jar:/home/travis/build/icyphy/ptII/lib/junit-4.8.2.j
ar:/home/travis/build/icyphy/ptII/lib/JUnitParams-0.4.0.jar:/home/travis/build/
icyphy/ptII/ptolemy/actor/lib/excel/jxl.jar:/home/travis/build/icyphy/ptII/lib/
jython.jar:/home/travis/build/icyphy/ptII/lib/kieler.jar:/home/travis/build/icy
phy/ptII/vendors/opencv/share/OpenCV/java/opencv-341.jar:/home/travis/build/icy
phy/ptII/lib/oscP5.jar:/home/travis/build/icyphy/ptII/lib/nrjavaserial-3.11.0.d
evel.jar:/home/travis/build/icyphy/ptII/vendors/j3d/lib/j3dcore.jar:/home/travi
s/build/icyphy/ptII/vendors/j3d/lib/j3dutils.jar:/home/travis/build/icyphy/ptII
/vendors/j3d/lib/vecmath.jar:/home/travis/build/icyphy/ptII/ptolemy/distributed
/jini/jar/jini-core.jar:/home/travis/build/icyphy/ptII/ptolemy/distributed/jini
/jar/jini-ext.jar:/home/travis/build/icyphy/ptII/ptolemy/distributed/jini/jar/s
un-util.jar:/home/travis/build/icyphy/ptII/lib/protobuf-java-2.4.1.jar:/home/tr
avis/build/icyphy/ptII/lib/org.eclipse.paho.client.mqttv3.jar:/home/travis/buil
d/icyphy/ptII/ptserver/lib/hessian-4.0.7.jar:/home/travis/build/icyphy/ptII/pts
erver/lib/wmqtt.jar:/home/travis/build/icyphy/ptII/lib/mapss.jar:/home/travis/b
uild/icyphy/ptII/ptolemy/actor/ptalon/antlr/antlr.jar:/home/travis/build/icyphy
/ptII/lib/JRI.jar:/home/travis/build/icyphy/ptII/lib/commons-lang-2.6.jar:/home
/travis/build/icyphy/ptII/lib/commons-logging-1.1.1.jar:/home/travis/build/icyp
hy/ptII/lib/sootclasses.jar:/home/travis/build/icyphy/ptII/ptolemy/actor/lib/da
tabase/mysql-connector-java-5.1.6-bin.jar:/home/travis/build/icyphy/ptII/vendor
s/misc/sphinx4/sphinx4-data-5prealpha.jar:/home/travis/build/icyphy/ptII/vendor
s/misc/sphinx4/sphinx4-core-5prealpha.jar:/home/travis/build/icyphy/ptII/lib/PD
FRenderer.jar:/home/travis/build/icyphy/ptII/lib/svgSalamander.jar:/home/travis
/build/icyphy/ptII/lib/rsyntaxtextarea-2.6.0-SNAPSHOT.jar:/home/travis/build/ic
yphy/ptII/lib/hazelcast-3.8.2.jar:/home/travis/build/icyphy/ptII/lib/jackson-an
notations-2.9.0.jar:/home/travis/build/icyphy/ptII/lib/jackson-core-2.9.3.jar:/
home/travis/build/icyphy/ptII/lib/jackson-databind-2.9.3.jar:/home/travis/build
/icyphy/ptII/lib/netty-buffer-4.1.19.Final.jar:/home/travis/build/icyphy/ptII/l
ib/netty-codec-4.1.19.Final.jar:/home/travis/build/icyphy/ptII/lib/netty-codec-
dns-4.1.19.Final.jar:/home/travis/build/icyphy/ptII/lib/netty-codec-http-4.1.19
.Final.jar:/home/travis/build/icyphy/ptII/lib/netty-codec-http2-4.1.19.Final.ja
r:/home/travis/build/icyphy/ptII/lib/netty-common-4.1.19.Final.jar:/home/travis
/build/icyphy/ptII/lib/netty-handler-4.1.19.Final.jar:/home/travis/build/icyphy
/ptII/lib/netty-resolver-4.1.19.Final.jar:/home/travis/build/icyphy/ptII/lib/ne
tty-resolver-dns-4.1.19.Final.jar:/home/travis/build/icyphy/ptII/lib/netty-tran
sport-4.1.19.Final.jar:/home/travis/build/icyphy/ptII/lib/vertx-codegen-3.5.1.j
ar:/home/travis/build/icyphy/ptII/lib/vertx-core-3.5.2-SNAPSHOT.jar:/home/travi
s/build/icyphy/ptII/lib/vertx-hazelcast-3.5.1.jar:/home/travis/build/icyphy/ptI
I/lib/vertx-lang-js-3.5.1.jar:/home/travis/build/icyphy/ptII/lib/vertx-service-
proxy-3.5.1.jar:/home/travis/build/icyphy/ptII/lib/vertx-web-3.5.1.jar:/home/tr
avis/build/icyphy/ptII/lib/slf4j-api-1.7.13.jar:/home/travis/build/icyphy/ptII/
lib/slf4j-simple-1.7.13.jar:/home/travis/build/icyphy/ptII/lib/webcam-capture-0
.3.12.jar:/home/travis/build/icyphy/ptII/lib/bridj-0.7.0.jar:/home/travis/build
/icyphy/ptII/lib/xbjlib-1.1.0.nrjavaserial.jar:/home/travis/build/icyphy/ptII/p
tolemy/moml/test:/home/travis/build/icyphy/ptII/ant/lib/ant-launcher.jar:/home/
travis/build/icyphy/ptII/ant/lib/ant.jar:/home/travis/build/icyphy/ptII/ant/lib
/ant-junit.jar:/home/travis/build/icyphy/ptII/ant/lib/ant-junit4.jar:/home/trav
is/build/icyphy/ptII ModularCodeGen5_A_profile.java
warning: Supported source version 'RELEASE_6' from annotation processor 'org.netbeans.modules.openide.util.NbBundleProcessor' less than -source '1.8'
warning: Supported source version 'RELEASE_6' from annotation processor 'org.netbeans.modules.openide.util.URLStreamHandlerRegistrationProcessor' less than -source '1.8'
warning: Supported source version 'RELEASE_6' from annotation processor 'org.netbeans.modules.openide.util.ServiceProviderProcessor' less than -source '1.8'
3 warnings
All Done
Writing ModularCodeGen5_A.java in file:/home/travis/cg/ (13769 characters)
Reading "ptolemy/cg/kernel/generic/program/procedural/java/modular/makefile.in",
    writing "/home/travis/cg/ModularCodeGen5_A.mk"
Using ptolemy/cg/kernel/generic/program/procedural/java/modular/makefile.in
In "/home/travis/cg", about to execute:
    make -f ModularCodeGen5_A.mk
javac -classpath ".:.."    ModularCodeGen5_A.java
All Done
4893 ms. Memory: 148480K Free: 78465K (53%)
----------------- Invoking toplevel() on ptolemy.moml.MoMLSimpleApplication@6af89305
----------------- Done invoking toplevel() on ptolemy.moml.MoMLSimpleApplication@6af89305
reloadAllAccessors: .ModularCodeGen5

===========================================================================================
----------------- testing Fri Jan 18 03:26:27 UTC 2019 /home/travis/build/icyphy/ptII/ptolemy/cg/lib/test/auto/ModularCodeGen6.xml
----------------- Instantiating /home/travis/build/icyphy/ptII/ptolemy/cg/lib/test/auto/ModularCodeGen6.xml
In "/home/travis/cg", about to execute:
    pwd
In "/home/travis/cg", about to execute:
    ls -l
/home/travis/cg
In "/home/travis/cg", about to execute:
    javac -classpath
.:/home/travis/build/icyphy/ptII:/home/travis/build/icyphy/ptII/lib/bsh-2.0b4.j
ar:/home/travis/build/icyphy/ptII/lib/ptCal.jar:/home/travis/build/icyphy/ptII/
lib/java_cup.jar:/home/travis/build/icyphy/ptII/lib/saxon8.jar:/home/travis/bui
ld/icyphy/ptII/lib/saxon8-dom.jar:/home/travis/build/icyphy/ptII/lib/chic.jar:/
home/travis/build/icyphy/ptII/lib/ptcolt.jar:/usr/lib/jvm/java-8-oracle/lib/too
ls.jar:/usr/lib/eclipse/plugins/org.eclipse.jdt.core_3.8.2.dist.jar:/usr/lib/ec
lipse/plugins/org.eclipse.core.runtime_3.8.0.dist.jar:/usr/lib/eclipse/plugins/
org.eclipse.osgi_3.8.1.dist.jar:/usr/lib/eclipse/plugins/org.eclipse.core.resou
rces_3.8.1.dist.jar:/usr/lib/eclipse/plugins/org.eclipse.equinox.common_3.6.100
.dist.jar:/usr/lib/eclipse/plugins/org.eclipse.core.jobs_3.5.200.dist.jar:/usr/
lib/eclipse/plugins/org.eclipse.core.contenttype_3.4.200.dist.jar:/usr/lib/ecli
pse/plugins/org.eclipse.equinox.preferences_3.5.0.dist.jar:/usr/lib/eclipse/plu
gins/org.eclipse.text_3.5.200.dist.jar:/usr/lib/eclipse/plugins/org.eclipse.ui.
workbench_3.8.1.dist.jar:/usr/lib/eclipse/plugins/org.eclipse.jface_3.8.0.dist.
jar:/usr/lib/eclipse/plugins/org.eclipse.swt_3.8.2.jar:/usr/lib/eclipse/plugins
/org.eclipse.jface.text_3.8.1.dist.jar:/usr/lib/eclipse/plugins/org.eclipse.ui.
workbench.texteditor_3.8.0.dist.jar:/usr/lib/eclipse/plugins/org.eclipse.ui.edi
tors_3.8.0.dist.jar:/usr/lib/eclipse/plugins/org.eclipse.core.commands_3.6.1.di
st.jar:/usr/lib/eclipse/plugins/org.eclipse.equinox.registry_3.5.200.dist.jar:/
usr/lib/eclipse/plugins/org.eclipse.ui.console_3.5.100.dist.jar:/usr/lib/eclips
e/plugins/org.eclipse.ui.forms_3.5.200.dist.jar:/usr/lib/eclipse/plugins/org.ec
lipse.ui.ide_3.8.1.dist.jar:/home/travis/build/icyphy/ptII/vendors/oracle/dbxml
.jar:/home/travis/build/icyphy/ptII/vendors/oracle/db.jar:/home/travis/build/ic
yphy/ptII/vendors/misc/itext/iText.jar:/home/travis/build/icyphy/ptII/lib/g4ltl
.jar:/home/travis/build/icyphy/ptII/lib/StructuralCoder.jar:/home/travis/build/
icyphy/ptII/lib/org-openide-util.jar:/home/travis/build/icyphy/ptII/lib/org-ope
nide-util-lookup.jar:/home/travis/build/icyphy/ptII/lib/org-netbeans-api-visual
.jar:/home/travis/build/icyphy/ptII/vendors/jai-1_1_2_01/lib/jai_core.jar:/home
/travis/build/icyphy/ptII/vendors/jai-1_1_2_01/lib/jai_codec.jar:/home/travis/b
uild/icyphy/ptII/lib/jcerti.jar:/home/travis/build/icyphy/ptII/lib/smack.jar:/h
ome/travis/build/icyphy/ptII/lib/smackx.jar:/home/travis/build/icyphy/ptII/lib/
jetty-all-8.1.5-v20120716.jar:/home/travis/build/icyphy/ptII/lib/javax.servlet-
api-3.0.1.jar:/home/travis/build/icyphy/ptII/lib/javax.mail.jar:/home/travis/bu
ild/icyphy/ptII/vendors/JMF-2.1.1e/lib/jmf.jar:/home/travis/build/icyphy/ptII/l
ib/jna-4.0.0-variadic.jar:/home/travis/build/icyphy/ptII/vendors/misc/joystick/
Joystick.jar:/home/travis/build/icyphy/ptII/lib/ptjacl.jar:/home/travis/build/i
cyphy/ptII/lib/jsoup-1.8.2.jar:/home/travis/build/icyphy/ptII/lib/junit-4.8.2.j
ar:/home/travis/build/icyphy/ptII/lib/JUnitParams-0.4.0.jar:/home/travis/build/
icyphy/ptII/ptolemy/actor/lib/excel/jxl.jar:/home/travis/build/icyphy/ptII/lib/
jython.jar:/home/travis/build/icyphy/ptII/lib/kieler.jar:/home/travis/build/icy
phy/ptII/vendors/opencv/share/OpenCV/java/opencv-341.jar:/home/travis/build/icy
phy/ptII/lib/oscP5.jar:/home/travis/build/icyphy/ptII/lib/nrjavaserial-3.11.0.d
evel.jar:/home/travis/build/icyphy/ptII/vendors/j3d/lib/j3dcore.jar:/home/travi
s/build/icyphy/ptII/vendors/j3d/lib/j3dutils.jar:/home/travis/build/icyphy/ptII
/vendors/j3d/lib/vecmath.jar:/home/travis/build/icyphy/ptII/ptolemy/distributed
/jini/jar/jini-core.jar:/home/travis/build/icyphy/ptII/ptolemy/distributed/jini
/jar/jini-ext.jar:/home/travis/build/icyphy/ptII/ptolemy/distributed/jini/jar/s
un-util.jar:/home/travis/build/icyphy/ptII/lib/protobuf-java-2.4.1.jar:/home/tr
avis/build/icyphy/ptII/lib/org.eclipse.paho.client.mqttv3.jar:/home/travis/buil
d/icyphy/ptII/ptserver/lib/hessian-4.0.7.jar:/home/travis/build/icyphy/ptII/pts
erver/lib/wmqtt.jar:/home/travis/build/icyphy/ptII/lib/mapss.jar:/home/travis/b
uild/icyphy/ptII/ptolemy/actor/ptalon/antlr/antlr.jar:/home/travis/build/icyphy
/ptII/lib/JRI.jar:/home/travis/build/icyphy/ptII/lib/commons-lang-2.6.jar:/home
/travis/build/icyphy/ptII/lib/commons-logging-1.1.1.jar:/home/travis/build/icyp
hy/ptII/lib/sootclasses.jar:/home/travis/build/icyphy/ptII/ptolemy/actor/lib/da
tabase/mysql-connector-java-5.1.6-bin.jar:/home/travis/build/icyphy/ptII/vendor
s/misc/sphinx4/sphinx4-data-5prealpha.jar:/home/travis/build/icyphy/ptII/vendor
s/misc/sphinx4/sphinx4-core-5prealpha.jar:/home/travis/build/icyphy/ptII/lib/PD
FRenderer.jar:/home/travis/build/icyphy/ptII/lib/svgSalamander.jar:/home/travis
/build/icyphy/ptII/lib/rsyntaxtextarea-2.6.0-SNAPSHOT.jar:/home/travis/build/ic
yphy/ptII/lib/hazelcast-3.8.2.jar:/home/travis/build/icyphy/ptII/lib/jackson-an
notations-2.9.0.jar:/home/travis/build/icyphy/ptII/lib/jackson-core-2.9.3.jar:/
home/travis/build/icyphy/ptII/lib/jackson-databind-2.9.3.jar:/home/travis/build
/icyphy/ptII/lib/netty-buffer-4.1.19.Final.jar:/home/travis/build/icyphy/ptII/l
ib/netty-codec-4.1.19.Final.jar:/home/travis/build/icyphy/ptII/lib/netty-codec-
dns-4.1.19.Final.jar:/home/travis/build/icyphy/ptII/lib/netty-codec-http-4.1.19
.Final.jar:/home/travis/build/icyphy/ptII/lib/netty-codec-http2-4.1.19.Final.ja
r:/home/travis/build/icyphy/ptII/lib/netty-common-4.1.19.Final.jar:/home/travis
/build/icyphy/ptII/lib/netty-handler-4.1.19.Final.jar:/home/travis/build/icyphy
/ptII/lib/netty-resolver-4.1.19.Final.jar:/home/travis/build/icyphy/ptII/lib/ne
tty-resolver-dns-4.1.19.Final.jar:/home/travis/build/icyphy/ptII/lib/netty-tran
sport-4.1.19.Final.jar:/home/travis/build/icyphy/ptII/lib/vertx-codegen-3.5.1.j
ar:/home/travis/build/icyphy/ptII/lib/vertx-core-3.5.2-SNAPSHOT.jar:/home/travi
s/build/icyphy/ptII/lib/vertx-hazelcast-3.5.1.jar:/home/travis/build/icyphy/ptI
I/lib/vertx-lang-js-3.5.1.jar:/home/travis/build/icyphy/ptII/lib/vertx-service-
proxy-3.5.1.jar:/home/travis/build/icyphy/ptII/lib/vertx-web-3.5.1.jar:/home/tr
avis/build/icyphy/ptII/lib/slf4j-api-1.7.13.jar:/home/travis/build/icyphy/ptII/
lib/slf4j-simple-1.7.13.jar:/home/travis/build/icyphy/ptII/lib/webcam-capture-0
.3.12.jar:/home/travis/build/icyphy/ptII/lib/bridj-0.7.0.jar:/home/travis/build
/icyphy/ptII/lib/xbjlib-1.1.0.nrjavaserial.jar:/home/travis/build/icyphy/ptII/p
tolemy/moml/test:/home/travis/build/icyphy/ptII/ant/lib/ant-launcher.jar:/home/
travis/build/icyphy/ptII/ant/lib/ant.jar:/home/travis/build/icyphy/ptII/ant/lib
/ant-junit.jar:/home/travis/build/icyphy/ptII/ant/lib/ant-junit4.jar:/home/trav
is/build/icyphy/ptII ModularCodeGen6_A_A_profile.java
total 1808
drwxrwxr-x   3 travis travis 12288 Jan 18 03:20 AbsoluteValue
drwxrwxr-x   3 travis travis 16384 Jan 18 03:20 Case1
drwxrwxr-x   3 travis travis 32768 Jan 18 03:20 Case2
-rw-rw-r--   1 travis travis  4895 Jan 18 03:25 CompiledCompositeActor_CompiledCompositeActor.class
-rw-rw-r--   1 travis travis  1592 Jan 18 03:25 CompiledCompositeActor_CompiledCompositeActor$_CompiledCompositeActor_CompiledCompositeActor.class
-rw-rw-r--   1 travis travis 13466 Jan 18 03:25 CompiledCompositeActor_CompiledCompositeActor.java
-rw-rw-r--   1 travis travis  1593 Jan 18 03:25 CompiledCompositeActor_CompiledCompositeActor.mk
drwxrwxr-x   3 travis travis 24576 Jan 18 03:23 DeScrambler
drwxrwxr-x   3 travis travis 16384 Jan 18 03:24 DotProduct
drwxrwxr-x   3 travis travis 12288 Jan 18 03:21 FileWriter1
drwxrwxr-x   3 travis travis 20480 Jan 18 03:20 FixToDoubleAndBack
drwxrwxr-x   3 travis travis 16384 Jan 18 03:21 Gaussian1
drwxrwxr-x   3 travis travis 20480 Jan 18 03:21 Gaussian2
-rw-rw-r--   1 travis travis  4457 Jan 18 03:25 JavaCompiledCompositeTest1_CompiledCompositeActor.class
-rw-rw-r--   1 travis travis 11637 Jan 18 03:25 JavaCompiledCompositeTest1_CompiledCompositeActor.java
-rw-rw-r--   1 travis travis  1198 Jan 18 03:25 JavaCompiledCompositeTest1_CompiledCompositeActor$_JavaCompiledCompositeTest1_CompiledCompositeActor.class
-rw-rw-r--   1 travis travis  1625 Jan 18 03:25 JavaCompiledCompositeTest1_CompiledCompositeActor.mk
-rw-rw-r--   1 travis travis  4888 Jan 18 03:25 JavaCompiledCompositeTest2_CompiledCompositeActor.class
-rw-rw-r--   1 travis travis 14919 Jan 18 03:25 JavaCompiledCompositeTest2_CompiledCompositeActor.java
-rw-rw-r--   1 travis travis  1793 Jan 18 03:25 JavaCompiledCompositeTest2_CompiledCompositeActor$_JavaCompiledCompositeTest2_CompiledCompositeActor.class
-rw-rw-r--   1 travis travis  1625 Jan 18 03:25 JavaCompiledCompositeTest2_CompiledCompositeActor.mk
-rw-rw-r--   1 travis travis  4505 Jan 18 03:25 JavaCompiledCompositeTest3_CompiledCompositeActor.class
-rw-rw-r--   1 travis travis 13080 Jan 18 03:25 JavaCompiledCompositeTest3_CompiledCompositeActor.java
-rw-rw-r--   1 travis travis  1378 Jan 18 03:25 JavaCompiledCompositeTest3_CompiledCompositeActor$_JavaCompiledCompositeTest3_CompiledCompositeActor.class
-rw-rw-r--   1 travis travis  1625 Jan 18 03:25 JavaCompiledCompositeTest3_CompiledCompositeActor.mk
-rw-rw-r--   1 travis travis  3953 Jan 18 03:25 JavaCompiledCompositeTest4_CompiledCompositeActor.class
-rw-rw-r--   1 travis travis  9687 Jan 18 03:25 JavaCompiledCompositeTest4_CompiledCompositeActor.java
-rw-rw-r--   1 travis travis   857 Jan 18 03:25 JavaCompiledCompositeTest4_CompiledCompositeActor$_JavaCompiledCompositeTest4_CompiledCompositeActor.class
-rw-rw-r--   1 travis travis  1625 Jan 18 03:25 JavaCompiledCompositeTest4_CompiledCompositeActor.mk
drwxrwxr-x   3 travis travis 12288 Jan 18 03:21 LookupTable
drwxrwxr-x   3 travis travis 20480 Jan 18 03:21 MaxIndex
-rw-rw-r--   1 travis travis  3693 Jan 18 03:25 ModularCG_A1_B1.class
-rw-rw-r--   1 travis travis  9730 Jan 18 03:25 ModularCG_A1_B1.java
-rw-rw-r--   1 travis travis   832 Jan 18 03:25 ModularCG_A1_B1.mk
-rw-rw-r--   1 travis travis  1318 Jan 18 03:25 ModularCG_A1_B1_profile.class
-rw-rw-r--   1 travis travis  1262 Jan 18 03:25 ModularCG_A1_B1_profile.java
-rw-rw-r--   1 travis travis  3693 Jan 18 03:25 ModularCG_A1_B2.class
-rw-rw-r--   1 travis travis  9730 Jan 18 03:25 ModularCG_A1_B2.java
-rw-rw-r--   1 travis travis   832 Jan 18 03:25 ModularCG_A1_B2.mk
-rw-rw-r--   1 travis travis  1318 Jan 18 03:25 ModularCG_A1_B2_profile.class
-rw-rw-r--   1 travis travis  1262 Jan 18 03:25 ModularCG_A1_B2_profile.java
-rw-rw-r--   1 travis travis  4799 Jan 18 03:25 ModularCG_A1.class
-rw-rw-r--   1 travis travis 14742 Jan 18 03:25 ModularCG_A1.java
-rw-rw-r--   1 travis travis   808 Jan 18 03:25 ModularCG_A1.mk
-rw-rw-r--   1 travis travis  1433 Jan 18 03:25 ModularCG_A1_profile.class
-rw-rw-r--   1 travis travis  1704 Jan 18 03:25 ModularCG_A1_profile.java
-rw-rw-r--   1 travis travis  3827 Jan 18 03:25 ModularCG_A2_B1.class
-rw-rw-r--   1 travis travis 10667 Jan 18 03:25 ModularCG_A2_B1.java
-rw-rw-r--   1 travis travis   832 Jan 18 03:25 ModularCG_A2_B1.mk
-rw-rw-r--   1 travis travis  1381 Jan 18 03:25 ModularCG_A2_B1_profile.class
-rw-rw-r--   1 travis travis  1446 Jan 18 03:25 ModularCG_A2_B1_profile.java
-rw-rw-r--   1 travis travis  3693 Jan 18 03:25 ModularCG_A2_B2.class
-rw-rw-r--   1 travis travis  9730 Jan 18 03:25 ModularCG_A2_B2.java
-rw-rw-r--   1 travis travis   832 Jan 18 03:25 ModularCG_A2_B2.mk
-rw-rw-r--   1 travis travis  1318 Jan 18 03:25 ModularCG_A2_B2_profile.class
-rw-rw-r--   1 travis travis  1262 Jan 18 03:25 ModularCG_A2_B2_profile.java
-rw-rw-r--   1 travis travis  4870 Jan 18 03:25 ModularCG_A2.class
-rw-rw-r--   1 travis travis 15129 Jan 18 03:25 ModularCG_A2.java
-rw-rw-r--   1 travis travis   808 Jan 18 03:25 ModularCG_A2.mk
-rw-rw-r--   1 travis travis  1433 Jan 18 03:25 ModularCG_A2_profile.class
-rw-rw-r--   1 travis travis  1704 Jan 18 03:25 ModularCG_A2_profile.java
-rw-rw-r--   1 travis travis  3473 Jan 18 03:25 ModularCGPubSub_A1_A2.class
-rw-rw-r--   1 travis travis  9076 Jan 18 03:25 ModularCGPubSub_A1_A2.java
-rw-rw-r--   1 travis travis   880 Jan 18 03:25 ModularCGPubSub_A1_A2.mk
-rw-rw-r--   1 travis travis  1300 Jan 18 03:25 ModularCGPubSub_A1_A2_profile.class
-rw-rw-r--   1 travis travis  1222 Jan 18 03:25 ModularCGPubSub_A1_A2_profile.java
-rw-rw-r--   1 travis travis  3790 Jan 18 03:25 ModularCGPubSub_A1.class
-rw-rw-r--   1 travis travis  9836 Jan 18 03:25 ModularCGPubSub_A1.java
-rw-rw-r--   1 travis travis   856 Jan 18 03:25 ModularCGPubSub_A1.mk
-rw-rw-r--   1 travis travis  1346 Jan 18 03:25 ModularCGPubSub_A1_profile.class
-rw-rw-r--   1 travis travis  1388 Jan 18 03:25 ModularCGPubSub_A1_profile.java
-rw-rw-r--   1 travis travis  3988 Jan 18 03:25 ModularCodeGen2_ModularCodeGenTypedCompositeActor.class
-rw-rw-r--   1 travis travis 11690 Jan 18 03:25 ModularCodeGen2_ModularCodeGenTypedCompositeActor.java
-rw-rw-r--   1 travis travis  1104 Jan 18 03:25 ModularCodeGen2_ModularCodeGenTypedCompositeActor.mk
-rw-rw-r--   1 travis travis  4272 Jan 18 03:25 ModularCodeGen2_ModularCodeGenTypedCompositeActor_ModularCodeGenTypedCompositeActor.class
-rw-rw-r--   1 travis travis 11790 Jan 18 03:25 ModularCodeGen2_ModularCodeGenTypedCompositeActor_ModularCodeGenTypedCompositeActor.java
-rw-rw-r--   1 travis travis  1376 Jan 18 03:25 ModularCodeGen2_ModularCodeGenTypedCompositeActor_ModularCodeGenTypedCompositeActor.mk
-rw-rw-r--   1 travis travis  1421 Jan 18 03:25 ModularCodeGen2_ModularCodeGenTypedCompositeActor_ModularCodeGenTypedCompositeActor_profile.class
-rw-rw-r--   1 travis travis  1294 Jan 18 03:25 ModularCodeGen2_ModularCodeGenTypedCompositeActor_ModularCodeGenTypedCompositeActor_profile.java
-rw-rw-r--   1 travis travis   820 Jan 18 03:25 ModularCodeGen2_ModularCodeGenTypedCompositeActor_profile.class
-rw-rw-r--   1 travis travis   693 Jan 18 03:25 ModularCodeGen2_ModularCodeGenTypedCompositeActor_profile.java
-rw-rw-r--   1 travis travis  3741 Jan 18 03:25 ModularCodeGen3_A1_B1.class
-rw-rw-r--   1 travis travis  9958 Jan 18 03:25 ModularCodeGen3_A1_B1.java
-rw-rw-r--   1 travis travis   880 Jan 18 03:25 ModularCodeGen3_A1_B1.mk
-rw-rw-r--   1 travis travis  1330 Jan 18 03:25 ModularCodeGen3_A1_B1_profile.class
-rw-rw-r--   1 travis travis  1274 Jan 18 03:25 ModularCodeGen3_A1_B1_profile.java
-rw-rw-r--   1 travis travis  3741 Jan 18 03:25 ModularCodeGen3_A1_B2.class
-rw-rw-r--   1 travis travis  9958 Jan 18 03:25 ModularCodeGen3_A1_B2.java
-rw-rw-r--   1 travis travis   880 Jan 18 03:25 ModularCodeGen3_A1_B2.mk
-rw-rw-r--   1 travis travis  1330 Jan 18 03:25 ModularCodeGen3_A1_B2_profile.class
-rw-rw-r--   1 travis travis  1274 Jan 18 03:25 ModularCodeGen3_A1_B2_profile.java
-rw-rw-r--   1 travis travis  4961 Jan 18 03:26 ModularCodeGen3_A1.class
-rw-rw-r--   1 travis travis 15564 Jan 18 03:26 ModularCodeGen3_A1.java
-rw-rw-r--   1 travis travis   856 Jan 18 03:26 ModularCodeGen3_A1.mk
-rw-rw-r--   1 travis travis  1445 Jan 18 03:26 ModularCodeGen3_A1_profile.class
-rw-rw-r--   1 travis travis  1716 Jan 18 03:25 ModularCodeGen3_A1_profile.java
-rw-rw-r--   1 travis travis  3887 Jan 18 03:26 ModularCodeGen3_A2_B1.class
-rw-rw-r--   1 travis travis 10955 Jan 18 03:26 ModularCodeGen3_A2_B1.java
-rw-rw-r--   1 travis travis   880 Jan 18 03:26 ModularCodeGen3_A2_B1.mk
-rw-rw-r--   1 travis travis  1393 Jan 18 03:26 ModularCodeGen3_A2_B1_profile.class
-rw-rw-r--   1 travis travis  1458 Jan 18 03:26 ModularCodeGen3_A2_B1_profile.java
-rw-rw-r--   1 travis travis  3741 Jan 18 03:26 ModularCodeGen3_A2_B2.class
-rw-rw-r--   1 travis travis  9958 Jan 18 03:26 ModularCodeGen3_A2_B2.java
-rw-rw-r--   1 travis travis   880 Jan 18 03:26 ModularCodeGen3_A2_B2.mk
-rw-rw-r--   1 travis travis  1330 Jan 18 03:26 ModularCodeGen3_A2_B2_profile.class
-rw-rw-r--   1 travis travis  1274 Jan 18 03:26 ModularCodeGen3_A2_B2_profile.java
-rw-rw-r--   1 travis travis  5038 Jan 18 03:26 ModularCodeGen3_A2.class
-rw-rw-r--   1 travis travis 15957 Jan 18 03:26 ModularCodeGen3_A2.java
-rw-rw-r--   1 travis travis   856 Jan 18 03:26 ModularCodeGen3_A2.mk
-rw-rw-r--   1 travis travis  1445 Jan 18 03:26 ModularCodeGen3_A2_profile.class
-rw-rw-r--   1 travis travis  1716 Jan 18 03:26 ModularCodeGen3_A2_profile.java
-rw-rw-r--   1 travis travis  3794 Jan 18 03:26 ModularCodeGen4_A1_B1.class
-rw-rw-r--   1 travis travis 10312 Jan 18 03:26 ModularCodeGen4_A1_B1.java
-rw-rw-r--   1 travis travis   880 Jan 18 03:26 ModularCodeGen4_A1_B1.mk
-rw-rw-r--   1 travis travis  1330 Jan 18 03:26 ModularCodeGen4_A1_B1_profile.class
-rw-rw-r--   1 travis travis  1273 Jan 18 03:26 ModularCodeGen4_A1_B1_profile.java
-rw-rw-r--   1 travis travis  3794 Jan 18 03:26 ModularCodeGen4_A1_B2.class
-rw-rw-r--   1 travis travis 10312 Jan 18 03:26 ModularCodeGen4_A1_B2.java
-rw-rw-r--   1 travis travis   880 Jan 18 03:26 ModularCodeGen4_A1_B2.mk
-rw-rw-r--   1 travis travis  1330 Jan 18 03:26 ModularCodeGen4_A1_B2_profile.class
-rw-rw-r--   1 travis travis  1273 Jan 18 03:26 ModularCodeGen4_A1_B2_profile.java
-rw-rw-r--   1 travis travis  5101 Jan 18 03:26 ModularCodeGen4_A1.class
-rw-rw-r--   1 travis travis 16245 Jan 18 03:26 ModularCodeGen4_A1.java
-rw-rw-r--   1 travis travis   856 Jan 18 03:26 ModularCodeGen4_A1.mk
-rw-rw-r--   1 travis travis  1445 Jan 18 03:26 ModularCodeGen4_A1_profile.class
-rw-rw-r--   1 travis travis  1712 Jan 18 03:26 ModularCodeGen4_A1_profile.java
-rw-rw-r--   1 travis travis  3988 Jan 18 03:26 ModularCodeGen4_A2_B1.class
-rw-rw-r--   1 travis travis 11375 Jan 18 03:26 ModularCodeGen4_A2_B1.java
-rw-rw-r--   1 travis travis   880 Jan 18 03:26 ModularCodeGen4_A2_B1.mk
-rw-rw-r--   1 travis travis  1393 Jan 18 03:26 ModularCodeGen4_A2_B1_profile.class
-rw-rw-r--   1 travis travis  1454 Jan 18 03:26 ModularCodeGen4_A2_B1_profile.java
-rw-rw-r--   1 travis travis  3842 Jan 18 03:26 ModularCodeGen4_A2_B2.class
-rw-rw-r--   1 travis travis 10378 Jan 18 03:26 ModularCodeGen4_A2_B2.java
-rw-rw-r--   1 travis travis   880 Jan 18 03:26 ModularCodeGen4_A2_B2.mk
-rw-rw-r--   1 travis travis  1330 Jan 18 03:26 ModularCodeGen4_A2_B2_profile.class
-rw-rw-r--   1 travis travis  1270 Jan 18 03:26 ModularCodeGen4_A2_B2_profile.java
-rw-rw-r--   1 travis travis  5274 Jan 18 03:26 ModularCodeGen4_A2.class
-rw-rw-r--   1 travis travis 16770 Jan 18 03:26 ModularCodeGen4_A2.java
-rw-rw-r--   1 travis travis   856 Jan 18 03:26 ModularCodeGen4_A2.mk
-rw-rw-r--   1 travis travis  1445 Jan 18 03:26 ModularCodeGen4_A2_profile.class
-rw-rw-r--   1 travis travis  1712 Jan 18 03:26 ModularCodeGen4_A2_profile.java
-rw-rw-r--   1 travis travis  6838 Jan 18 03:26 ModularCodeGen5_A_A.class
-rw-rw-r--   1 travis travis 28721 Jan 18 03:26 ModularCodeGen5_A_A.java
-rw-rw-r--   1 travis travis   864 Jan 18 03:26 ModularCodeGen5_A_A.mk
-rw-rw-r--   1 travis travis  1520 Jan 18 03:26 ModularCodeGen5_A_A_profile.class
-rw-rw-r--   1 travis travis  1815 Jan 18 03:26 ModularCodeGen5_A_A_profile.java
-rw-rw-r--   1 travis travis  5115 Jan 18 03:26 ModularCodeGen5_A.class
-rw-rw-r--   1 travis travis 13769 Jan 18 03:26 ModularCodeGen5_A.java
-rw-rw-r--   1 travis travis   848 Jan 18 03:26 ModularCodeGen5_A.mk
-rw-rw-r--   1 travis travis  1422 Jan 18 03:26 ModularCodeGen5_A_profile.class
-rw-rw-r--   1 travis travis  1605 Jan 18 03:26 ModularCodeGen5_A_profile.java
-rw-rw-r--   1 travis travis  1361 Jan 18 03:26 ModularCodeGen6_A_A_profile.java
-rw-rw-r--   1 travis travis  3954 Jan 18 03:25 ModularCodeGen_ModularCodeGenTypedCompositeActor.class
-rw-rw-r--   1 travis travis 10970 Jan 18 03:25 ModularCodeGen_ModularCodeGenTypedCompositeActor.java
-rw-rw-r--   1 travis travis  1096 Jan 18 03:25 ModularCodeGen_ModularCodeGenTypedCompositeActor.mk
-rw-rw-r--   1 travis travis  1384 Jan 18 03:25 ModularCodeGen_ModularCodeGenTypedCompositeActor_profile.class
-rw-rw-r--   1 travis travis  1328 Jan 18 03:25 ModularCodeGen_ModularCodeGenTypedCompositeActor_profile.java
-rw-rw-r--   1 travis travis  3492 Jan 18 03:25 ModularCodeGenTest_A1_A2.class
-rw-rw-r--   1 travis travis   904 Jan 18 03:25 ModularCodeGenTest_A1_A2.mk
-rw-rw-r--   1 travis travis  1306 Jan 18 03:25 ModularCodeGenTest_A1_A2_profile.class
-rw-rw-r--   1 travis travis  9968 Jan 18 03:25 ModularCodeGenTest_A1.java
-rw-rw-r--   1 travis travis   880 Jan 18 03:25 ModularCodeGenTest_A1.mk
drwxrwxr-x   3 travis travis 36864 Jan 18 03:25 modulation2
drwxrwxr-x   3 travis travis 20480 Jan 18 03:21 Multiplexor
drwxrwxr-x 249 travis travis 12288 Jan 18 03:25 node_modules
drwxrwxr-x   3 travis travis 20480 Jan 18 03:22 PhaseUnwrap
-rw-rw-r--   1 travis travis   520 Jan 18 03:25 Repeat$_fireFunction_Repeat_Repeat$__f_sL_0.class
-rw-rw-r--   1 travis travis   522 Jan 18 03:25 Repeat$_fireFunction_Repeat_Repeat$__f_sL_10.class
-rw-rw-r--   1 travis travis   666 Jan 18 03:25 Repeat$_fireFunction_Repeat_Repeat$__f_sL_11.class
-rw-rw-r--   1 travis travis   522 Jan 18 03:25 Repeat$_fireFunction_Repeat_Repeat$__f_sL_13.class
-rw-rw-r--   1 travis travis   665 Jan 18 03:25 Repeat$_fireFunction_Repeat_Repeat$__f_sL_1.class
-rw-rw-r--   1 travis travis   520 Jan 18 03:25 Repeat$_fireFunction_Repeat_Repeat$__f_sL_2.class
-rw-rw-r--   1 travis travis   520 Jan 18 03:25 Repeat$_fireFunction_Repeat_Repeat$__f_sL_3.class
-rw-rw-r--   1 travis travis   520 Jan 18 03:25 Repeat$_fireFunction_Repeat_Repeat$__f_sL_5.class
-rw-rw-r--   1 travis travis   671 Jan 18 03:25 Repeat$_fireFunction_Repeat_Repeat$__f_sL_7.class
-rw-rw-r--   1 travis travis   520 Jan 18 03:25 Repeat$_fireFunction_Repeat_Repeat$__f_sL_9.class
-rw-rw-r--   1 travis travis   813 Jan 18 03:25 Repeat$_initialize_Repeat.class
-rw-rw-r--   1 travis travis   475 Jan 18 03:25 Repeat$_initialize_Repeat$__i_sL_0.class
-rw-rw-r--   1 travis travis   519 Jan 18 03:25 Repeat$_initialize_Repeat$__i_sL_3.class
-rw-rw-r--   1 travis travis 39778 Jan 18 03:25 Repeat.java
-rw-rw-r--   1 travis travis  1281 Jan 18 03:25 Repeat.mk
-rw-rw-r--   1 travis travis   520 Jan 18 03:25 Repeat$_preinitializeMethod_Repeat$__p_sL_0.class
-rw-rw-r--   1 travis travis   520 Jan 18 03:25 Repeat$_preinitializeMethod_Repeat$__p_sL_1.class
-rw-rw-r--   1 travis travis  1083 Jan 18 03:25 Repeat$_Repeat$_fireFunction_Repeat_AddSubtract_Repeat.class
-rw-rw-r--   1 travis travis   791 Jan 18 03:25 Repeat$_Repeat$_fireFunction_Repeat_AddSubtract_Repeat$__f_sL_0.class
-rw-rw-r--   1 travis travis   909 Jan 18 03:25 Repeat$_Repeat$_fireFunction_Repeat_AddSubtract_Repeat$__f_sL_1.class
-rw-rw-r--   1 travis travis   915 Jan 18 03:25 Repeat$_Repeat$_fireFunction_Repeat_AddSubtract_Repeat$__f_sL_2.class
-rw-rw-r--   1 travis travis   838 Jan 18 03:25 Repeat$_Repeat$_fireFunction_Repeat_Ramp2_Repeat$__f_sL_1.class
-rw-rw-r--   1 travis travis  1785 Jan 18 03:25 Repeat$_Repeat$_fireFunction_Repeat_Test_Repeat$__f_sL_2.class
-rw-rw-r--   1 travis travis   685 Jan 18 03:25 Repeat$_Repeat_SDF_Director_run_Repeat$__R_sL_0.class
-rw-rw-r--   1 travis travis   540 Jan 18 03:25 Repeat$_Repeat_SDF_Director_run_Repeat$__R_sL_1.class
-rw-rw-r--   1 travis travis   540 Jan 18 03:25 Repeat$_Repeat_SDF_Director_run_Repeat$__R_sL_2.class
-rw-rw-r--   1 travis travis   540 Jan 18 03:25 Repeat$_Repeat_SDF_Director_run_Repeat$__R_sL_4.class
-rw-rw-r--   1 travis travis   540 Jan 18 03:25 Repeat$_Repeat_SDF_Director_run_Repeat$__R_sL_5.class
-rw-rw-r--   1 travis travis   691 Jan 18 03:25 Repeat$_Repeat_SDF_Director_run_Repeat$__R_sL_6.class
-rw-rw-r--   1 travis travis   540 Jan 18 03:25 Repeat$_Repeat_SDF_Director_run_Repeat$__R_sL_7.class
-rw-rw-r--   1 travis travis   863 Jan 18 03:25 Repeat$_varinit_Repeat.class
-rw-rw-r--   1 travis travis   530 Jan 18 03:25 Repeat$_varinit_Repeat$__v_sL_1.class
-rw-rw-r--   1 travis travis   531 Jan 18 03:25 Repeat$_varinit_Repeat$__v_sL_2.class
-rw-rw-r--   1 travis travis   905 Jan 18 03:25 Repeat$_varinit_Repeat$__v_sL_4.class
-rw-rw-r--   1 travis travis   635 Jan 18 03:25 Repeat$_wrapup_Repeat.class
-rw-rw-r--   1 travis travis   965 Jan 18 03:25 Repeat$_wrapup_Repeat$__w_sL_1.class
-rw-rw-r--   1 travis travis   289 Jan 18 03:19 result.csv
drwxrwxr-x   3 travis travis 12288 Jan 18 03:23 Scrambler1
drwxrwxr-x   3 travis travis 20480 Jan 18 03:22 Sinewave2
drwxrwxr-x   3 travis travis 69632 Jan 18 03:23 StringCompare
drwxrwxr-x   3 travis travis 32768 Jan 18 03:23 StringFunction
drwxrwxr-x   3 travis travis 12288 Jan 18 03:23 StringLength
drwxrwxr-x   3 travis travis 57344 Jan 18 03:24 StringSimpleReplace
drwxrwxr-x   3 travis travis 12288 Jan 18 03:24 time2
drwxrwxr-x   3 travis travis 12288 Jan 18 03:25 time5
-rw-rw-r--   1 travis travis   432 Jan 18 03:26 Token.class
-rw-rw-r--   1 travis travis   251 Jan 18 03:26 Token.java
-rw-rw-r--   1 travis travis     0 Jan 18 03:25 top.
-rw-rw-r--   1 travis travis 20502 Jan 18 03:19 top.c
-rw-rw-r--   1 travis travis  3567 Jan 18 03:25 top.class
-rw-rw-r--   1 travis travis   169 Jan 18 03:19 top.html
-rw-rw-r--   1 travis travis  7552 Jan 18 03:25 top.java
-rw-rw-r--   1 travis travis 38888 Jan 18 03:19 top.o
drwxrwxr-x   3 travis travis 57344 Jan 18 03:22 UnaryMathFunction
warning: Supported source version 'RELEASE_6' from annotation processor 'org.netbeans.modules.openide.util.NbBundleProcessor' less than -source '1.8'
warning: Supported source version 'RELEASE_6' from annotation processor 'org.netbeans.modules.openide.util.URLStreamHandlerRegistrationProcessor' less than -source '1.8'
warning: Supported source version 'RELEASE_6' from annotation processor 'org.netbeans.modules.openide.util.ServiceProviderProcessor' less than -source '1.8'
3 warnings
All Done
Writing ModularCodeGen6_A_A.java in file:/home/travis/cg/ (11221 characters)
Reading "ptolemy/cg/kernel/generic/program/procedural/java/modular/makefile.in",
    writing "/home/travis/cg/ModularCodeGen6_A_A.mk"
Using ptolemy/cg/kernel/generic/program/procedural/java/modular/makefile.in
In "/home/travis/cg", about to execute:
    make -f ModularCodeGen6_A_A.mk
javac -classpath ".:.."    ModularCodeGen6_A_A.java
All Done
In "/home/travis/cg", about to execute:
    pwd
/home/travis/cg
In "/home/travis/cg", about to execute:
    ls -l
total 1840
drwxrwxr-x   3 travis travis 12288 Jan 18 03:20 AbsoluteValue
drwxrwxr-x   3 travis travis 16384 Jan 18 03:20 Case1
drwxrwxr-x   3 travis travis 32768 Jan 18 03:20 Case2
-rw-rw-r--   1 travis travis  4895 Jan 18 03:25 CompiledCompositeActor_CompiledCompositeActor.class
-rw-rw-r--   1 travis travis  1592 Jan 18 03:25 CompiledCompositeActor_CompiledCompositeActor$_CompiledCompositeActor_CompiledCompositeActor.class
-rw-rw-r--   1 travis travis 13466 Jan 18 03:25 CompiledCompositeActor_CompiledCompositeActor.java
-rw-rw-r--   1 travis travis  1593 Jan 18 03:25 CompiledCompositeActor_CompiledCompositeActor.mk
drwxrwxr-x   3 travis travis 24576 Jan 18 03:23 DeScrambler
drwxrwxr-x   3 travis travis 16384 Jan 18 03:24 DotProduct
drwxrwxr-x   3 travis travis 12288 Jan 18 03:21 FileWriter1
drwxrwxr-x   3 travis travis 20480 Jan 18 03:20 FixToDoubleAndBack
drwxrwxr-x   3 travis travis 16384 Jan 18 03:21 Gaussian1
drwxrwxr-x   3 travis travis 20480 Jan 18 03:21 Gaussian2
-rw-rw-r--   1 travis travis  4457 Jan 18 03:25 JavaCompiledCompositeTest1_CompiledCompositeActor.class
-rw-rw-r--   1 travis travis 11637 Jan 18 03:25 JavaCompiledCompositeTest1_CompiledCompositeActor.java
-rw-rw-r--   1 travis travis  1198 Jan 18 03:25 JavaCompiledCompositeTest1_CompiledCompositeActor$_JavaCompiledCompositeTest1_CompiledCompositeActor.class
-rw-rw-r--   1 travis travis  1625 Jan 18 03:25 JavaCompiledCompositeTest1_CompiledCompositeActor.mk
-rw-rw-r--   1 travis travis  4888 Jan 18 03:25 JavaCompiledCompositeTest2_CompiledCompositeActor.class
-rw-rw-r--   1 travis travis 14919 Jan 18 03:25 JavaCompiledCompositeTest2_CompiledCompositeActor.java
-rw-rw-r--   1 travis travis  1793 Jan 18 03:25 JavaCompiledCompositeTest2_CompiledCompositeActor$_JavaCompiledCompositeTest2_CompiledCompositeActor.class
-rw-rw-r--   1 travis travis  1625 Jan 18 03:25 JavaCompiledCompositeTest2_CompiledCompositeActor.mk
-rw-rw-r--   1 travis travis  4505 Jan 18 03:25 JavaCompiledCompositeTest3_CompiledCompositeActor.class
-rw-rw-r--   1 travis travis 13080 Jan 18 03:25 JavaCompiledCompositeTest3_CompiledCompositeActor.java
-rw-rw-r--   1 travis travis  1378 Jan 18 03:25 JavaCompiledCompositeTest3_CompiledCompositeActor$_JavaCompiledCompositeTest3_CompiledCompositeActor.class
-rw-rw-r--   1 travis travis  1625 Jan 18 03:25 JavaCompiledCompositeTest3_CompiledCompositeActor.mk
-rw-rw-r--   1 travis travis  3953 Jan 18 03:25 JavaCompiledCompositeTest4_CompiledCompositeActor.class
-rw-rw-r--   1 travis travis  9687 Jan 18 03:25 JavaCompiledCompositeTest4_CompiledCompositeActor.java
-rw-rw-r--   1 travis travis   857 Jan 18 03:25 JavaCompiledCompositeTest4_CompiledCompositeActor$_JavaCompiledCompositeTest4_CompiledCompositeActor.class
-rw-rw-r--   1 travis travis  1625 Jan 18 03:25 JavaCompiledCompositeTest4_CompiledCompositeActor.mk
drwxrwxr-x   3 travis travis 12288 Jan 18 03:21 LookupTable
drwxrwxr-x   3 travis travis 20480 Jan 18 03:21 MaxIndex
-rw-rw-r--   1 travis travis  3693 Jan 18 03:25 ModularCG_A1_B1.class
-rw-rw-r--   1 travis travis  9730 Jan 18 03:25 ModularCG_A1_B1.java
-rw-rw-r--   1 travis travis   832 Jan 18 03:25 ModularCG_A1_B1.mk
-rw-rw-r--   1 travis travis  1318 Jan 18 03:25 ModularCG_A1_B1_profile.class
-rw-rw-r--   1 travis travis  1262 Jan 18 03:25 ModularCG_A1_B1_profile.java
-rw-rw-r--   1 travis travis  3693 Jan 18 03:25 ModularCG_A1_B2.class
-rw-rw-r--   1 travis travis  9730 Jan 18 03:25 ModularCG_A1_B2.java
-rw-rw-r--   1 travis travis   832 Jan 18 03:25 ModularCG_A1_B2.mk
-rw-rw-r--   1 travis travis  1318 Jan 18 03:25 ModularCG_A1_B2_profile.class
-rw-rw-r--   1 travis travis  1262 Jan 18 03:25 ModularCG_A1_B2_profile.java
-rw-rw-r--   1 travis travis  4799 Jan 18 03:25 ModularCG_A1.class
-rw-rw-r--   1 travis travis 14742 Jan 18 03:25 ModularCG_A1.java
-rw-rw-r--   1 travis travis   808 Jan 18 03:25 ModularCG_A1.mk
-rw-rw-r--   1 travis travis  1433 Jan 18 03:25 ModularCG_A1_profile.class
-rw-rw-r--   1 travis travis  1704 Jan 18 03:25 ModularCG_A1_profile.java
-rw-rw-r--   1 travis travis  3827 Jan 18 03:25 ModularCG_A2_B1.class
-rw-rw-r--   1 travis travis 10667 Jan 18 03:25 ModularCG_A2_B1.java
-rw-rw-r--   1 travis travis   832 Jan 18 03:25 ModularCG_A2_B1.mk
-rw-rw-r--   1 travis travis  1381 Jan 18 03:25 ModularCG_A2_B1_profile.class
-rw-rw-r--   1 travis travis  1446 Jan 18 03:25 ModularCG_A2_B1_profile.java
-rw-rw-r--   1 travis travis  3693 Jan 18 03:25 ModularCG_A2_B2.class
-rw-rw-r--   1 travis travis  9730 Jan 18 03:25 ModularCG_A2_B2.java
-rw-rw-r--   1 travis travis   832 Jan 18 03:25 ModularCG_A2_B2.mk
-rw-rw-r--   1 travis travis  1318 Jan 18 03:25 ModularCG_A2_B2_profile.class
-rw-rw-r--   1 travis travis  1262 Jan 18 03:25 ModularCG_A2_B2_profile.java
-rw-rw-r--   1 travis travis  4870 Jan 18 03:25 ModularCG_A2.class
-rw-rw-r--   1 travis travis 15129 Jan 18 03:25 ModularCG_A2.java
-rw-rw-r--   1 travis travis   808 Jan 18 03:25 ModularCG_A2.mk
-rw-rw-r--   1 travis travis  1433 Jan 18 03:25 ModularCG_A2_profile.class
-rw-rw-r--   1 travis travis  1704 Jan 18 03:25 ModularCG_A2_profile.java
-rw-rw-r--   1 travis travis  3473 Jan 18 03:25 ModularCGPubSub_A1_A2.class
-rw-rw-r--   1 travis travis  9076 Jan 18 03:25 ModularCGPubSub_A1_A2.java
-rw-rw-r--   1 travis travis   880 Jan 18 03:25 ModularCGPubSub_A1_A2.mk
-rw-rw-r--   1 travis travis  1300 Jan 18 03:25 ModularCGPubSub_A1_A2_profile.class
-rw-rw-r--   1 travis travis  1222 Jan 18 03:25 ModularCGPubSub_A1_A2_profile.java
-rw-rw-r--   1 travis travis  3790 Jan 18 03:25 ModularCGPubSub_A1.class
-rw-rw-r--   1 travis travis  9836 Jan 18 03:25 ModularCGPubSub_A1.java
-rw-rw-r--   1 travis travis   856 Jan 18 03:25 ModularCGPubSub_A1.mk
-rw-rw-r--   1 travis travis  1346 Jan 18 03:25 ModularCGPubSub_A1_profile.class
-rw-rw-r--   1 travis travis  1388 Jan 18 03:25 ModularCGPubSub_A1_profile.java
-rw-rw-r--   1 travis travis  3988 Jan 18 03:25 ModularCodeGen2_ModularCodeGenTypedCompositeActor.class
-rw-rw-r--   1 travis travis 11690 Jan 18 03:25 ModularCodeGen2_ModularCodeGenTypedCompositeActor.java
-rw-rw-r--   1 travis travis  1104 Jan 18 03:25 ModularCodeGen2_ModularCodeGenTypedCompositeActor.mk
-rw-rw-r--   1 travis travis  4272 Jan 18 03:25 ModularCodeGen2_ModularCodeGenTypedCompositeActor_ModularCodeGenTypedCompositeActor.class
-rw-rw-r--   1 travis travis 11790 Jan 18 03:25 ModularCodeGen2_ModularCodeGenTypedCompositeActor_ModularCodeGenTypedCompositeActor.java
-rw-rw-r--   1 travis travis  1376 Jan 18 03:25 ModularCodeGen2_ModularCodeGenTypedCompositeActor_ModularCodeGenTypedCompositeActor.mk
-rw-rw-r--   1 travis travis  1421 Jan 18 03:25 ModularCodeGen2_ModularCodeGenTypedCompositeActor_ModularCodeGenTypedCompositeActor_profile.class
-rw-rw-r--   1 travis travis  1294 Jan 18 03:25 ModularCodeGen2_ModularCodeGenTypedCompositeActor_ModularCodeGenTypedCompositeActor_profile.java
-rw-rw-r--   1 travis travis   820 Jan 18 03:25 ModularCodeGen2_ModularCodeGenTypedCompositeActor_profile.class
-rw-rw-r--   1 travis travis   693 Jan 18 03:25 ModularCodeGen2_ModularCodeGenTypedCompositeActor_profile.java
-rw-rw-r--   1 travis travis  3741 Jan 18 03:25 ModularCodeGen3_A1_B1.class
-rw-rw-r--   1 travis travis  9958 Jan 18 03:25 ModularCodeGen3_A1_B1.java
-rw-rw-r--   1 travis travis   880 Jan 18 03:25 ModularCodeGen3_A1_B1.mk
-rw-rw-r--   1 travis travis  1330 Jan 18 03:25 ModularCodeGen3_A1_B1_profile.class
-rw-rw-r--   1 travis travis  1274 Jan 18 03:25 ModularCodeGen3_A1_B1_profile.java
-rw-rw-r--   1 travis travis  3741 Jan 18 03:25 ModularCodeGen3_A1_B2.class
-rw-rw-r--   1 travis travis  9958 Jan 18 03:25 ModularCodeGen3_A1_B2.java
-rw-rw-r--   1 travis travis   880 Jan 18 03:25 ModularCodeGen3_A1_B2.mk
-rw-rw-r--   1 travis travis  1330 Jan 18 03:25 ModularCodeGen3_A1_B2_profile.class
-rw-rw-r--   1 travis travis  1274 Jan 18 03:25 ModularCodeGen3_A1_B2_profile.java
-rw-rw-r--   1 travis travis  4961 Jan 18 03:26 ModularCodeGen3_A1.class
-rw-rw-r--   1 travis travis 15564 Jan 18 03:26 ModularCodeGen3_A1.java
-rw-rw-r--   1 travis travis   856 Jan 18 03:26 ModularCodeGen3_A1.mk
-rw-rw-r--   1 travis travis  1445 Jan 18 03:26 ModularCodeGen3_A1_profile.class
-rw-rw-r--   1 travis travis  1716 Jan 18 03:25 ModularCodeGen3_A1_profile.java
-rw-rw-r--   1 travis travis  3887 Jan 18 03:26 ModularCodeGen3_A2_B1.class
-rw-rw-r--   1 travis travis 10955 Jan 18 03:26 ModularCodeGen3_A2_B1.java
-rw-rw-r--   1 travis travis   880 Jan 18 03:26 ModularCodeGen3_A2_B1.mk
-rw-rw-r--   1 travis travis  1393 Jan 18 03:26 ModularCodeGen3_A2_B1_profile.class
-rw-rw-r--   1 travis travis  1458 Jan 18 03:26 ModularCodeGen3_A2_B1_profile.java
-rw-rw-r--   1 travis travis  3741 Jan 18 03:26 ModularCodeGen3_A2_B2.class
-rw-rw-r--   1 travis travis  9958 Jan 18 03:26 ModularCodeGen3_A2_B2.java
-rw-rw-r--   1 travis travis   880 Jan 18 03:26 ModularCodeGen3_A2_B2.mk
-rw-rw-r--   1 travis travis  1330 Jan 18 03:26 ModularCodeGen3_A2_B2_profile.class
-rw-rw-r--   1 travis travis  1274 Jan 18 03:26 ModularCodeGen3_A2_B2_profile.java
-rw-rw-r--   1 travis travis  5038 Jan 18 03:26 ModularCodeGen3_A2.class
-rw-rw-r--   1 travis travis 15957 Jan 18 03:26 ModularCodeGen3_A2.java
-rw-rw-r--   1 travis travis   856 Jan 18 03:26 ModularCodeGen3_A2.mk
-rw-rw-r--   1 travis travis  1445 Jan 18 03:26 ModularCodeGen3_A2_profile.class
-rw-rw-r--   1 travis travis  1716 Jan 18 03:26 ModularCodeGen3_A2_profile.java
-rw-rw-r--   1 travis travis  3794 Jan 18 03:26 ModularCodeGen4_A1_B1.class
-rw-rw-r--   1 travis travis 10312 Jan 18 03:26 ModularCodeGen4_A1_B1.java
-rw-rw-r--   1 travis travis   880 Jan 18 03:26 ModularCodeGen4_A1_B1.mk
-rw-rw-r--   1 travis travis  1330 Jan 18 03:26 ModularCodeGen4_A1_B1_profile.class
-rw-rw-r--   1 travis travis  1273 Jan 18 03:26 ModularCodeGen4_A1_B1_profile.java
-rw-rw-r--   1 travis travis  3794 Jan 18 03:26 ModularCodeGen4_A1_B2.class
-rw-rw-r--   1 travis travis 10312 Jan 18 03:26 ModularCodeGen4_A1_B2.java
-rw-rw-r--   1 travis travis   880 Jan 18 03:26 ModularCodeGen4_A1_B2.mk
-rw-rw-r--   1 travis travis  1330 Jan 18 03:26 ModularCodeGen4_A1_B2_profile.class
-rw-rw-r--   1 travis travis  1273 Jan 18 03:26 ModularCodeGen4_A1_B2_profile.java
-rw-rw-r--   1 travis travis  5101 Jan 18 03:26 ModularCodeGen4_A1.class
-rw-rw-r--   1 travis travis 16245 Jan 18 03:26 ModularCodeGen4_A1.java
-rw-rw-r--   1 travis travis   856 Jan 18 03:26 ModularCodeGen4_A1.mk
-rw-rw-r--   1 travis travis  1445 Jan 18 03:26 ModularCodeGen4_A1_profile.class
-rw-rw-r--   1 travis travis  1712 Jan 18 03:26 ModularCodeGen4_A1_profile.java
-rw-rw-r--   1 travis travis  3988 Jan 18 03:26 ModularCodeGen4_A2_B1.class
-rw-rw-r--   1 travis travis 11375 Jan 18 03:26 ModularCodeGen4_A2_B1.java
-rw-rw-r--   1 travis travis   880 Jan 18 03:26 ModularCodeGen4_A2_B1.mk
-rw-rw-r--   1 travis travis  1393 Jan 18 03:26 ModularCodeGen4_A2_B1_profile.class
-rw-rw-r--   1 travis travis  1454 Jan 18 03:26 ModularCodeGen4_A2_B1_profile.java
-rw-rw-r--   1 travis travis  3842 Jan 18 03:26 ModularCodeGen4_A2_B2.class
-rw-rw-r--   1 travis travis 10378 Jan 18 03:26 ModularCodeGen4_A2_B2.java
-rw-rw-r--   1 travis travis   880 Jan 18 03:26 ModularCodeGen4_A2_B2.mk
-rw-rw-r--   1 travis travis  1330 Jan 18 03:26 ModularCodeGen4_A2_B2_profile.class
-rw-rw-r--   1 travis travis  1270 Jan 18 03:26 ModularCodeGen4_A2_B2_profile.java
-rw-rw-r--   1 travis travis  5274 Jan 18 03:26 ModularCodeGen4_A2.class
-rw-rw-r--   1 travis travis 16770 Jan 18 03:26 ModularCodeGen4_A2.java
-rw-rw-r--   1 travis travis   856 Jan 18 03:26 ModularCodeGen4_A2.mk
-rw-rw-r--   1 travis travis  1445 Jan 18 03:26 ModularCodeGen4_A2_profile.class
-rw-rw-r--   1 travis travis  1712 Jan 18 03:26 ModularCodeGen4_A2_profile.java
-rw-rw-r--   1 travis travis  6838 Jan 18 03:26 ModularCodeGen5_A_A.class
-rw-rw-r--   1 travis travis 28721 Jan 18 03:26 ModularCodeGen5_A_A.java
-rw-rw-r--   1 travis travis   864 Jan 18 03:26 ModularCodeGen5_A_A.mk
-rw-rw-r--   1 travis travis  1520 Jan 18 03:26 ModularCodeGen5_A_A_profile.class
-rw-rw-r--   1 travis travis  1815 Jan 18 03:26 ModularCodeGen5_A_A_profile.java
-rw-rw-r--   1 travis travis  5115 Jan 18 03:26 ModularCodeGen5_A.class
-rw-rw-r--   1 travis travis 13769 Jan 18 03:26 ModularCodeGen5_A.java
-rw-rw-r--   1 travis travis   848 Jan 18 03:26 ModularCodeGen5_A.mk
-rw-rw-r--   1 travis travis  1422 Jan 18 03:26 ModularCodeGen5_A_profile.class
-rw-rw-r--   1 travis travis  1605 Jan 18 03:26 ModularCodeGen5_A_profile.java
-rw-rw-r--   1 travis travis  1364 Jan 18 03:26 ModularCodeGen6_A_A2_profile.java
-rw-rw-r--   1 travis travis  4108 Jan 18 03:26 ModularCodeGen6_A_A.class
-rw-rw-r--   1 travis travis 11221 Jan 18 03:26 ModularCodeGen6_A_A.java
-rw-rw-r--   1 travis travis   864 Jan 18 03:26 ModularCodeGen6_A_A.mk
-rw-rw-r--   1 travis travis  1348 Jan 18 03:26 ModularCodeGen6_A_A_profile.class
-rw-rw-r--   1 travis travis  1361 Jan 18 03:26 ModularCodeGen6_A_A_profile.java
-rw-rw-r--   1 travis travis  3954 Jan 18 03:25 ModularCodeGen_ModularCodeGenTypedCompositeActor.class
-rw-rw-r--   1 travis travis 10970 Jan 18 03:25 ModularCodeGen_ModularCodeGenTypedCompositeActor.java
-rw-rw-r--   1 travis travis  1096 Jan 18 03:25 ModularCodeGen_ModularCodeGenTypedCompositeActor.mk
-rw-rw-r--   1 travis travis  1384 Jan 18 03:25 ModularCodeGen_ModularCodeGenTypedCompositeActor_profile.class
-rw-rw-r--   1 travis travis  1328 Jan 18 03:25 ModularCodeGen_ModularCodeGenTypedCompositeActor_profile.java
-rw-rw-r--   1 travis travis  3492 Jan 18 03:25 ModularCodeGenTest_A1_A2.class
-rw-rw-r--   1 travis travis   904 Jan 18 03:25 ModularCodeGenTest_A1_A2.mk
-rw-rw-r--   1 travis travis  1306 Jan 18 03:25 ModularCodeGenTest_A1_A2_profile.class
-rw-rw-r--   1 travis travis  9968 Jan 18 03:25 ModularCodeGenTest_A1.java
-rw-rw-r--   1 travis travis   880 Jan 18 03:25 ModularCodeGenTest_A1.mk
drwxrwxr-x   3 travis travis 36864 Jan 18 03:25 modulation2
drwxrwxr-x   3 travis travis 20480 Jan 18 03:21 Multiplexor
In "/home/travis/cg", about to execute:
    javac -classpath
.:/home/travis/build/icyphy/ptII:/home/travis/build/icyphy/ptII/lib/bsh-2.0b4.j
ar:/home/travis/build/icyphy/ptII/lib/ptCal.jar:/home/travis/build/icyphy/ptII/
lib/java_cup.jar:/home/travis/build/icyphy/ptII/lib/saxon8.jar:/home/travis/bui
ld/icyphy/ptII/lib/saxon8-dom.jar:/home/travis/build/icyphy/ptII/lib/chic.jar:/
home/travis/build/icyphy/ptII/lib/ptcolt.jar:/usr/lib/jvm/java-8-oracle/lib/too
ls.jar:/usr/lib/eclipse/plugins/org.eclipse.jdt.core_3.8.2.dist.jar:/usr/lib/ec
lipse/plugins/org.eclipse.core.runtime_3.8.0.dist.jar:/usr/lib/eclipse/plugins/
org.eclipse.osgi_3.8.1.dist.jar:/usr/lib/eclipse/plugins/org.eclipse.core.resou
rces_3.8.1.dist.jar:/usr/lib/eclipse/plugins/org.eclipse.equinox.common_3.6.100
.dist.jar:/usr/lib/eclipse/plugins/org.eclipse.core.jobs_3.5.200.dist.jar:/usr/
lib/eclipse/plugins/org.eclipse.core.contenttype_3.4.200.dist.jar:/usr/lib/ecli
pse/plugins/org.eclipse.equinox.preferences_3.5.0.dist.jar:/usr/lib/eclipse/plu
gins/org.eclipse.text_3.5.200.dist.jar:/usr/lib/eclipse/plugins/org.eclipse.ui.
workbench_3.8.1.dist.jar:/usr/lib/eclipse/plugins/org.eclipse.jface_3.8.0.dist.
jar:/usr/lib/eclipse/plugins/org.eclipse.swt_3.8.2.jar:/usr/lib/eclipse/plugins
/org.eclipse.jface.text_3.8.1.dist.jar:/usr/lib/eclipse/plugins/org.eclipse.ui.
workbench.texteditor_3.8.0.dist.jar:/usr/lib/eclipse/plugins/org.eclipse.ui.edi
tors_3.8.0.dist.jar:/usr/lib/eclipse/plugins/org.eclipse.core.commands_3.6.1.di
st.jar:/usr/lib/eclipse/plugins/org.eclipse.equinox.registry_3.5.200.dist.jar:/
usr/lib/eclipse/plugins/org.eclipse.ui.console_3.5.100.dist.jar:/usr/lib/eclips
e/plugins/org.eclipse.ui.forms_3.5.200.dist.jar:/usr/lib/eclipse/plugins/org.ec
lipse.ui.ide_3.8.1.dist.jar:/home/travis/build/icyphy/ptII/vendors/oracle/dbxml
.jar:/home/travis/build/icyphy/ptII/vendors/oracle/db.jar:/home/travis/build/ic
yphy/ptII/vendors/misc/itext/iText.jar:/home/travis/build/icyphy/ptII/lib/g4ltl
.jar:/home/travis/build/icyphy/ptII/lib/StructuralCoder.jar:/home/travis/build/
icyphy/ptII/lib/org-openide-util.jar:/home/travis/build/icyphy/ptII/lib/org-ope
nide-util-lookup.jar:/home/travis/build/icyphy/ptII/lib/org-netbeans-api-visual
.jar:/home/travis/build/icyphy/ptII/vendors/jai-1_1_2_01/lib/jai_core.jar:/home
/travis/build/icyphy/ptII/vendors/jai-1_1_2_01/lib/jai_codec.jar:/home/travis/b
uild/icyphy/ptII/lib/jcerti.jar:/home/travis/build/icyphy/ptII/lib/smack.jar:/h
ome/travis/build/icyphy/ptII/lib/smackx.jar:/home/travis/build/icyphy/ptII/lib/
jetty-all-8.1.5-v20120716.jar:/home/travis/build/icyphy/ptII/lib/javax.servlet-
api-3.0.1.jar:/home/travis/build/icyphy/ptII/lib/javax.mail.jar:/home/travis/bu
ild/icyphy/ptII/vendors/JMF-2.1.1e/lib/jmf.jar:/home/travis/build/icyphy/ptII/l
ib/jna-4.0.0-variadic.jar:/home/travis/build/icyphy/ptII/vendors/misc/joystick/
Joystick.jar:/home/travis/build/icyphy/ptII/lib/ptjacl.jar:/home/travis/build/i
cyphy/ptII/lib/jsoup-1.8.2.jar:/home/travis/build/icyphy/ptII/lib/junit-4.8.2.j
ar:/home/travis/build/icyphy/ptII/lib/JUnitParams-0.4.0.jar:/home/travis/build/
icyphy/ptII/ptolemy/actor/lib/excel/jxl.jar:/home/travis/build/icyphy/ptII/lib/
jython.jar:/home/travis/build/icyphy/ptII/lib/kieler.jar:/home/travis/build/icy
phy/ptII/vendors/opencv/share/OpenCV/java/opencv-341.jar:/home/travis/build/icy
phy/ptII/lib/oscP5.jar:/home/travis/build/icyphy/ptII/lib/nrjavaserial-3.11.0.d
evel.jar:/home/travis/build/icyphy/ptII/vendors/j3d/lib/j3dcore.jar:/home/travi
s/build/icyphy/ptII/vendors/j3d/lib/j3dutils.jar:/home/travis/build/icyphy/ptII
/vendors/j3d/lib/vecmath.jar:/home/travis/build/icyphy/ptII/ptolemy/distributed
/jini/jar/jini-core.jar:/home/travis/build/icyphy/ptII/ptolemy/distributed/jini
/jar/jini-ext.jar:/home/travis/build/icyphy/ptII/ptolemy/distributed/jini/jar/s
un-util.jar:/home/travis/build/icyphy/ptII/lib/protobuf-java-2.4.1.jar:/home/tr
avis/build/icyphy/ptII/lib/org.eclipse.paho.client.mqttv3.jar:/home/travis/buil
d/icyphy/ptII/ptserver/lib/hessian-4.0.7.jar:/home/travis/build/icyphy/ptII/pts
erver/lib/wmqtt.jar:/home/travis/build/icyphy/ptII/lib/mapss.jar:/home/travis/b
uild/icyphy/ptII/ptolemy/actor/ptalon/antlr/antlr.jar:/home/travis/build/icyphy
/ptII/lib/JRI.jar:/home/travis/build/icyphy/ptII/lib/commons-lang-2.6.jar:/home
/travis/build/icyphy/ptII/lib/commons-logging-1.1.1.jar:/home/travis/build/icyp
hy/ptII/lib/sootclasses.jar:/home/travis/build/icyphy/ptII/ptolemy/actor/lib/da
tabase/mysql-connector-java-5.1.6-bin.jar:/home/travis/build/icyphy/ptII/vendor
s/misc/sphinx4/sphinx4-data-5prealpha.jar:/home/travis/build/icyphy/ptII/vendor
s/misc/sphinx4/sphinx4-core-5prealpha.jar:/home/travis/build/icyphy/ptII/lib/PD
FRenderer.jar:/home/travis/build/icyphy/ptII/lib/svgSalamander.jar:/home/travis
/build/icyphy/ptII/lib/rsyntaxtextarea-2.6.0-SNAPSHOT.jar:/home/travis/build/ic
yphy/ptII/lib/hazelcast-3.8.2.jar:/home/travis/build/icyphy/ptII/lib/jackson-an
notations-2.9.0.jar:/home/travis/build/icyphy/ptII/lib/jackson-core-2.9.3.jar:/
home/travis/build/icyphy/ptII/lib/jackson-databind-2.9.3.jar:/home/travis/build
/icyphy/ptII/lib/netty-buffer-4.1.19.Final.jar:/home/travis/build/icyphy/ptII/l
ib/netty-codec-4.1.19.Final.jar:/home/travis/build/icyphy/ptII/lib/netty-codec-
dns-4.1.19.Final.jar:/home/travis/build/icyphy/ptII/lib/netty-codec-http-4.1.19
.Final.jar:/home/travis/build/icyphy/ptII/lib/netty-codec-http2-4.1.19.Final.ja
r:/home/travis/build/icyphy/ptII/lib/netty-common-4.1.19.Final.jar:/home/travis
/build/icyphy/ptII/lib/netty-handler-4.1.19.Final.jar:/home/travis/build/icyphy
/ptII/lib/netty-resolver-4.1.19.Final.jar:/home/travis/build/icyphy/ptII/lib/ne
tty-resolver-dns-4.1.19.Final.jar:/home/travis/build/icyphy/ptII/lib/netty-tran
sport-4.1.19.Final.jar:/home/travis/build/icyphy/ptII/lib/vertx-codegen-3.5.1.j
ar:/home/travis/build/icyphy/ptII/lib/vertx-core-3.5.2-SNAPSHOT.jar:/home/travi
s/build/icyphy/ptII/lib/vertx-hazelcast-3.5.1.jar:/home/travis/build/icyphy/ptI
I/lib/vertx-lang-js-3.5.1.jar:/home/travis/build/icyphy/ptII/lib/vertx-service-
proxy-3.5.1.jar:/home/travis/build/icyphy/ptII/lib/vertx-web-3.5.1.jar:/home/tr
avis/build/icyphy/ptII/lib/slf4j-api-1.7.13.jar:/home/travis/build/icyphy/ptII/
lib/slf4j-simple-1.7.13.jar:/home/travis/build/icyphy/ptII/lib/webcam-capture-0
.3.12.jar:/home/travis/build/icyphy/ptII/lib/bridj-0.7.0.jar:/home/travis/build
/icyphy/ptII/lib/xbjlib-1.1.0.nrjavaserial.jar:/home/travis/build/icyphy/ptII/p
tolemy/moml/test:/home/travis/build/icyphy/ptII/ant/lib/ant-launcher.jar:/home/
travis/build/icyphy/ptII/ant/lib/ant.jar:/home/travis/build/icyphy/ptII/ant/lib
/ant-junit.jar:/home/travis/build/icyphy/ptII/ant/lib/ant-junit4.jar:/home/trav
is/build/icyphy/ptII ModularCodeGen6_A_A2_profile.java
drwxrwxr-x 249 travis travis 12288 Jan 18 03:25 node_modules
drwxrwxr-x   3 travis travis 20480 Jan 18 03:22 PhaseUnwrap
-rw-rw-r--   1 travis travis   520 Jan 18 03:25 Repeat$_fireFunction_Repeat_Repeat$__f_sL_0.class
-rw-rw-r--   1 travis travis   522 Jan 18 03:25 Repeat$_fireFunction_Repeat_Repeat$__f_sL_10.class
-rw-rw-r--   1 travis travis   666 Jan 18 03:25 Repeat$_fireFunction_Repeat_Repeat$__f_sL_11.class
-rw-rw-r--   1 travis travis   522 Jan 18 03:25 Repeat$_fireFunction_Repeat_Repeat$__f_sL_13.class
-rw-rw-r--   1 travis travis   665 Jan 18 03:25 Repeat$_fireFunction_Repeat_Repeat$__f_sL_1.class
-rw-rw-r--   1 travis travis   520 Jan 18 03:25 Repeat$_fireFunction_Repeat_Repeat$__f_sL_2.class
-rw-rw-r--   1 travis travis   520 Jan 18 03:25 Repeat$_fireFunction_Repeat_Repeat$__f_sL_3.class
-rw-rw-r--   1 travis travis   520 Jan 18 03:25 Repeat$_fireFunction_Repeat_Repeat$__f_sL_5.class
-rw-rw-r--   1 travis travis   671 Jan 18 03:25 Repeat$_fireFunction_Repeat_Repeat$__f_sL_7.class
-rw-rw-r--   1 travis travis   520 Jan 18 03:25 Repeat$_fireFunction_Repeat_Repeat$__f_sL_9.class
-rw-rw-r--   1 travis travis   813 Jan 18 03:25 Repeat$_initialize_Repeat.class
-rw-rw-r--   1 travis travis   475 Jan 18 03:25 Repeat$_initialize_Repeat$__i_sL_0.class
-rw-rw-r--   1 travis travis   519 Jan 18 03:25 Repeat$_initialize_Repeat$__i_sL_3.class
-rw-rw-r--   1 travis travis 39778 Jan 18 03:25 Repeat.java
-rw-rw-r--   1 travis travis  1281 Jan 18 03:25 Repeat.mk
-rw-rw-r--   1 travis travis   520 Jan 18 03:25 Repeat$_preinitializeMethod_Repeat$__p_sL_0.class
-rw-rw-r--   1 travis travis   520 Jan 18 03:25 Repeat$_preinitializeMethod_Repeat$__p_sL_1.class
-rw-rw-r--   1 travis travis  1083 Jan 18 03:25 Repeat$_Repeat$_fireFunction_Repeat_AddSubtract_Repeat.class
-rw-rw-r--   1 travis travis   791 Jan 18 03:25 Repeat$_Repeat$_fireFunction_Repeat_AddSubtract_Repeat$__f_sL_0.class
-rw-rw-r--   1 travis travis   909 Jan 18 03:25 Repeat$_Repeat$_fireFunction_Repeat_AddSubtract_Repeat$__f_sL_1.class
-rw-rw-r--   1 travis travis   915 Jan 18 03:25 Repeat$_Repeat$_fireFunction_Repeat_AddSubtract_Repeat$__f_sL_2.class
-rw-rw-r--   1 travis travis   838 Jan 18 03:25 Repeat$_Repeat$_fireFunction_Repeat_Ramp2_Repeat$__f_sL_1.class
-rw-rw-r--   1 travis travis  1785 Jan 18 03:25 Repeat$_Repeat$_fireFunction_Repeat_Test_Repeat$__f_sL_2.class
-rw-rw-r--   1 travis travis   685 Jan 18 03:25 Repeat$_Repeat_SDF_Director_run_Repeat$__R_sL_0.class
-rw-rw-r--   1 travis travis   540 Jan 18 03:25 Repeat$_Repeat_SDF_Director_run_Repeat$__R_sL_1.class
-rw-rw-r--   1 travis travis   540 Jan 18 03:25 Repeat$_Repeat_SDF_Director_run_Repeat$__R_sL_2.class
-rw-rw-r--   1 travis travis   540 Jan 18 03:25 Repeat$_Repeat_SDF_Director_run_Repeat$__R_sL_4.class
-rw-rw-r--   1 travis travis   540 Jan 18 03:25 Repeat$_Repeat_SDF_Director_run_Repeat$__R_sL_5.class
-rw-rw-r--   1 travis travis   691 Jan 18 03:25 Repeat$_Repeat_SDF_Director_run_Repeat$__R_sL_6.class
-rw-rw-r--   1 travis travis   540 Jan 18 03:25 Repeat$_Repeat_SDF_Director_run_Repeat$__R_sL_7.class
-rw-rw-r--   1 travis travis   863 Jan 18 03:25 Repeat$_varinit_Repeat.class
-rw-rw-r--   1 travis travis   530 Jan 18 03:25 Repeat$_varinit_Repeat$__v_sL_1.class
-rw-rw-r--   1 travis travis   531 Jan 18 03:25 Repeat$_varinit_Repeat$__v_sL_2.class
-rw-rw-r--   1 travis travis   905 Jan 18 03:25 Repeat$_varinit_Repeat$__v_sL_4.class
-rw-rw-r--   1 travis travis   635 Jan 18 03:25 Repeat$_wrapup_Repeat.class
-rw-rw-r--   1 travis travis   965 Jan 18 03:25 Repeat$_wrapup_Repeat$__w_sL_1.class
-rw-rw-r--   1 travis travis   289 Jan 18 03:19 result.csv
drwxrwxr-x   3 travis travis 12288 Jan 18 03:23 Scrambler1
drwxrwxr-x   3 travis travis 20480 Jan 18 03:22 Sinewave2
drwxrwxr-x   3 travis travis 69632 Jan 18 03:23 StringCompare
drwxrwxr-x   3 travis travis 32768 Jan 18 03:23 StringFunction
drwxrwxr-x   3 travis travis 12288 Jan 18 03:23 StringLength
drwxrwxr-x   3 travis travis 57344 Jan 18 03:24 StringSimpleReplace
drwxrwxr-x   3 travis travis 12288 Jan 18 03:24 time2
drwxrwxr-x   3 travis travis 12288 Jan 18 03:25 time5
-rw-rw-r--   1 travis travis   432 Jan 18 03:26 Token.class
-rw-rw-r--   1 travis travis   251 Jan 18 03:26 Token.java
-rw-rw-r--   1 travis travis     0 Jan 18 03:25 top.
-rw-rw-r--   1 travis travis 20502 Jan 18 03:19 top.c
-rw-rw-r--   1 travis travis  3567 Jan 18 03:25 top.class
-rw-rw-r--   1 travis travis   169 Jan 18 03:19 top.html
-rw-rw-r--   1 travis travis  7552 Jan 18 03:25 top.java
-rw-rw-r--   1 travis travis 38888 Jan 18 03:19 top.o
drwxrwxr-x   3 travis travis 57344 Jan 18 03:22 UnaryMathFunction
warning: Supported source version 'RELEASE_6' from annotation processor 'org.netbeans.modules.openide.util.NbBundleProcessor' less than -source '1.8'
warning: Supported source version 'RELEASE_6' from annotation processor 'org.netbeans.modules.openide.util.URLStreamHandlerRegistrationProcessor' less than -source '1.8'
warning: Supported source version 'RELEASE_6' from annotation processor 'org.netbeans.modules.openide.util.ServiceProviderProcessor' less than -source '1.8'
3 warnings
All Done
Writing ModularCodeGen6_A_A2.java in file:/home/travis/cg/ (11329 characters)
Reading "ptolemy/cg/kernel/generic/program/procedural/java/modular/makefile.in",
    writing "/home/travis/cg/ModularCodeGen6_A_A2.mk"
Using ptolemy/cg/kernel/generic/program/procedural/java/modular/makefile.in
In "/home/travis/cg", about to execute:
    make -f ModularCodeGen6_A_A2.mk
javac -classpath ".:.."    ModularCodeGen6_A_A2.java
All Done
In "/home/travis/cg", about to execute:
    pwd
In "/home/travis/cg", about to execute:
    ls -l
/home/travis/cg
total 1872
drwxrwxr-x   3 travis travis 12288 Jan 18 03:20 AbsoluteValue
drwxrwxr-x   3 travis travis 16384 Jan 18 03:20 Case1
drwxrwxr-x   3 travis travis 32768 Jan 18 03:20 Case2
-rw-rw-r--   1 travis travis  4895 Jan 18 03:25 CompiledCompositeActor_CompiledCompositeActor.class
-rw-rw-r--   1 travis travis  1592 Jan 18 03:25 CompiledCompositeActor_CompiledCompositeActor$_CompiledCompositeActor_CompiledCompositeActor.class
-rw-rw-r--   1 travis travis 13466 Jan 18 03:25 CompiledCompositeActor_CompiledCompositeActor.java
-rw-rw-r--   1 travis travis  1593 Jan 18 03:25 CompiledCompositeActor_CompiledCompositeActor.mk
drwxrwxr-x   3 travis travis 24576 Jan 18 03:23 DeScrambler
drwxrwxr-x   3 travis travis 16384 Jan 18 03:24 DotProduct
drwxrwxr-x   3 travis travis 12288 Jan 18 03:21 FileWriter1
drwxrwxr-x   3 travis travis 20480 Jan 18 03:20 FixToDoubleAndBack
drwxrwxr-x   3 travis travis 16384 Jan 18 03:21 Gaussian1
drwxrwxr-x   3 travis travis 20480 Jan 18 03:21 Gaussian2
-rw-rw-r--   1 travis travis  4457 Jan 18 03:25 JavaCompiledCompositeTest1_CompiledCompositeActor.class
-rw-rw-r--   1 travis travis 11637 Jan 18 03:25 JavaCompiledCompositeTest1_CompiledCompositeActor.java
-rw-rw-r--   1 travis travis  1198 Jan 18 03:25 JavaCompiledCompositeTest1_CompiledCompositeActor$_JavaCompiledCompositeTest1_CompiledCompositeActor.class
-rw-rw-r--   1 travis travis  1625 Jan 18 03:25 JavaCompiledCompositeTest1_CompiledCompositeActor.mk
-rw-rw-r--   1 travis travis  4888 Jan 18 03:25 JavaCompiledCompositeTest2_CompiledCompositeActor.class
-rw-rw-r--   1 travis travis 14919 Jan 18 03:25 JavaCompiledCompositeTest2_CompiledCompositeActor.java
-rw-rw-r--   1 travis travis  1793 Jan 18 03:25 JavaCompiledCompositeTest2_CompiledCompositeActor$_JavaCompiledCompositeTest2_CompiledCompositeActor.class
-rw-rw-r--   1 travis travis  1625 Jan 18 03:25 JavaCompiledCompositeTest2_CompiledCompositeActor.mk
-rw-rw-r--   1 travis travis  4505 Jan 18 03:25 JavaCompiledCompositeTest3_CompiledCompositeActor.class
-rw-rw-r--   1 travis travis 13080 Jan 18 03:25 JavaCompiledCompositeTest3_CompiledCompositeActor.java
-rw-rw-r--   1 travis travis  1378 Jan 18 03:25 JavaCompiledCompositeTest3_CompiledCompositeActor$_JavaCompiledCompositeTest3_CompiledCompositeActor.class
-rw-rw-r--   1 travis travis  1625 Jan 18 03:25 JavaCompiledCompositeTest3_CompiledCompositeActor.mk
-rw-rw-r--   1 travis travis  3953 Jan 18 03:25 JavaCompiledCompositeTest4_CompiledCompositeActor.class
-rw-rw-r--   1 travis travis  9687 Jan 18 03:25 JavaCompiledCompositeTest4_CompiledCompositeActor.java
-rw-rw-r--   1 travis travis   857 Jan 18 03:25 JavaCompiledCompositeTest4_CompiledCompositeActor$_JavaCompiledCompositeTest4_CompiledCompositeActor.class
-rw-rw-r--   1 travis travis  1625 Jan 18 03:25 JavaCompiledCompositeTest4_CompiledCompositeActor.mk
drwxrwxr-x   3 travis travis 12288 Jan 18 03:21 LookupTable
drwxrwxr-x   3 travis travis 20480 Jan 18 03:21 MaxIndex
-rw-rw-r--   1 travis travis  3693 Jan 18 03:25 ModularCG_A1_B1.class
-rw-rw-r--   1 travis travis  9730 Jan 18 03:25 ModularCG_A1_B1.java
-rw-rw-r--   1 travis travis   832 Jan 18 03:25 ModularCG_A1_B1.mk
-rw-rw-r--   1 travis travis  1318 Jan 18 03:25 ModularCG_A1_B1_profile.class
-rw-rw-r--   1 travis travis  1262 Jan 18 03:25 ModularCG_A1_B1_profile.java
-rw-rw-r--   1 travis travis  3693 Jan 18 03:25 ModularCG_A1_B2.class
-rw-rw-r--   1 travis travis  9730 Jan 18 03:25 ModularCG_A1_B2.java
-rw-rw-r--   1 travis travis   832 Jan 18 03:25 ModularCG_A1_B2.mk
-rw-rw-r--   1 travis travis  1318 Jan 18 03:25 ModularCG_A1_B2_profile.class
-rw-rw-r--   1 travis travis  1262 Jan 18 03:25 ModularCG_A1_B2_profile.java
-rw-rw-r--   1 travis travis  4799 Jan 18 03:25 ModularCG_A1.class
-rw-rw-r--   1 travis travis 14742 Jan 18 03:25 ModularCG_A1.java
-rw-rw-r--   1 travis travis   808 Jan 18 03:25 ModularCG_A1.mk
-rw-rw-r--   1 travis travis  1433 Jan 18 03:25 ModularCG_A1_profile.class
-rw-rw-r--   1 travis travis  1704 Jan 18 03:25 ModularCG_A1_profile.java
-rw-rw-r--   1 travis travis  3827 Jan 18 03:25 ModularCG_A2_B1.class
-rw-rw-r--   1 travis travis 10667 Jan 18 03:25 ModularCG_A2_B1.java
-rw-rw-r--   1 travis travis   832 Jan 18 03:25 ModularCG_A2_B1.mk
-rw-rw-r--   1 travis travis  1381 Jan 18 03:25 ModularCG_A2_B1_profile.class
-rw-rw-r--   1 travis travis  1446 Jan 18 03:25 ModularCG_A2_B1_profile.java
-rw-rw-r--   1 travis travis  3693 Jan 18 03:25 ModularCG_A2_B2.class
-rw-rw-r--   1 travis travis  9730 Jan 18 03:25 ModularCG_A2_B2.java
-rw-rw-r--   1 travis travis   832 Jan 18 03:25 ModularCG_A2_B2.mk
-rw-rw-r--   1 travis travis  1318 Jan 18 03:25 ModularCG_A2_B2_profile.class
-rw-rw-r--   1 travis travis  1262 Jan 18 03:25 ModularCG_A2_B2_profile.java
-rw-rw-r--   1 travis travis  4870 Jan 18 03:25 ModularCG_A2.class
-rw-rw-r--   1 travis travis 15129 Jan 18 03:25 ModularCG_A2.java
-rw-rw-r--   1 travis travis   808 Jan 18 03:25 ModularCG_A2.mk
-rw-rw-r--   1 travis travis  1433 Jan 18 03:25 ModularCG_A2_profile.class
-rw-rw-r--   1 travis travis  1704 Jan 18 03:25 ModularCG_A2_profile.java
-rw-rw-r--   1 travis travis  3473 Jan 18 03:25 ModularCGPubSub_A1_A2.class
-rw-rw-r--   1 travis travis  9076 Jan 18 03:25 ModularCGPubSub_A1_A2.java
-rw-rw-r--   1 travis travis   880 Jan 18 03:25 ModularCGPubSub_A1_A2.mk
-rw-rw-r--   1 travis travis  1300 Jan 18 03:25 ModularCGPubSub_A1_A2_profile.class
-rw-rw-r--   1 travis travis  1222 Jan 18 03:25 ModularCGPubSub_A1_A2_profile.java
-rw-rw-r--   1 travis travis  3790 Jan 18 03:25 ModularCGPubSub_A1.class
-rw-rw-r--   1 travis travis  9836 Jan 18 03:25 ModularCGPubSub_A1.java
-rw-rw-r--   1 travis travis   856 Jan 18 03:25 ModularCGPubSub_A1.mk
-rw-rw-r--   1 travis travis  1346 Jan 18 03:25 ModularCGPubSub_A1_profile.class
-rw-rw-r--   1 travis travis  1388 Jan 18 03:25 ModularCGPubSub_A1_profile.java
-rw-rw-r--   1 travis travis  3988 Jan 18 03:25 ModularCodeGen2_ModularCodeGenTypedCompositeActor.class
-rw-rw-r--   1 travis travis 11690 Jan 18 03:25 ModularCodeGen2_ModularCodeGenTypedCompositeActor.java
-rw-rw-r--   1 travis travis  1104 Jan 18 03:25 ModularCodeGen2_ModularCodeGenTypedCompositeActor.mk
-rw-rw-r--   1 travis travis  4272 Jan 18 03:25 ModularCodeGen2_ModularCodeGenTypedCompositeActor_ModularCodeGenTypedCompositeActor.class
-rw-rw-r--   1 travis travis 11790 Jan 18 03:25 ModularCodeGen2_ModularCodeGenTypedCompositeActor_ModularCodeGenTypedCompositeActor.java
-rw-rw-r--   1 travis travis  1376 Jan 18 03:25 ModularCodeGen2_ModularCodeGenTypedCompositeActor_ModularCodeGenTypedCompositeActor.mk
-rw-rw-r--   1 travis travis  1421 Jan 18 03:25 ModularCodeGen2_ModularCodeGenTypedCompositeActor_ModularCodeGenTypedCompositeActor_profile.class
-rw-rw-r--   1 travis travis  1294 Jan 18 03:25 ModularCodeGen2_ModularCodeGenTypedCompositeActor_ModularCodeGenTypedCompositeActor_profile.java
-rw-rw-r--   1 travis travis   820 Jan 18 03:25 ModularCodeGen2_ModularCodeGenTypedCompositeActor_profile.class
-rw-rw-r--   1 travis travis   693 Jan 18 03:25 ModularCodeGen2_ModularCodeGenTypedCompositeActor_profile.java
-rw-rw-r--   1 travis travis  3741 Jan 18 03:25 ModularCodeGen3_A1_B1.class
-rw-rw-r--   1 travis travis  9958 Jan 18 03:25 ModularCodeGen3_A1_B1.java
-rw-rw-r--   1 travis travis   880 Jan 18 03:25 ModularCodeGen3_A1_B1.mk
-rw-rw-r--   1 travis travis  1330 Jan 18 03:25 ModularCodeGen3_A1_B1_profile.class
-rw-rw-r--   1 travis travis  1274 Jan 18 03:25 ModularCodeGen3_A1_B1_profile.java
-rw-rw-r--   1 travis travis  3741 Jan 18 03:25 ModularCodeGen3_A1_B2.class
-rw-rw-r--   1 travis travis  9958 Jan 18 03:25 ModularCodeGen3_A1_B2.java
-rw-rw-r--   1 travis travis   880 Jan 18 03:25 ModularCodeGen3_A1_B2.mk
-rw-rw-r--   1 travis travis  1330 Jan 18 03:25 ModularCodeGen3_A1_B2_profile.class
-rw-rw-r--   1 travis travis  1274 Jan 18 03:25 ModularCodeGen3_A1_B2_profile.java
-rw-rw-r--   1 travis travis  4961 Jan 18 03:26 ModularCodeGen3_A1.class
-rw-rw-r--   1 travis travis 15564 Jan 18 03:26 ModularCodeGen3_A1.java
-rw-rw-r--   1 travis travis   856 Jan 18 03:26 ModularCodeGen3_A1.mk
-rw-rw-r--   1 travis travis  1445 Jan 18 03:26 ModularCodeGen3_A1_profile.class
-rw-rw-r--   1 travis travis  1716 Jan 18 03:25 ModularCodeGen3_A1_profile.java
-rw-rw-r--   1 travis travis  3887 Jan 18 03:26 ModularCodeGen3_A2_B1.class
-rw-rw-r--   1 travis travis 10955 Jan 18 03:26 ModularCodeGen3_A2_B1.java
-rw-rw-r--   1 travis travis   880 Jan 18 03:26 ModularCodeGen3_A2_B1.mk
-rw-rw-r--   1 travis travis  1393 Jan 18 03:26 ModularCodeGen3_A2_B1_profile.class
-rw-rw-r--   1 travis travis  1458 Jan 18 03:26 ModularCodeGen3_A2_B1_profile.java
-rw-rw-r--   1 travis travis  3741 Jan 18 03:26 ModularCodeGen3_A2_B2.class
-rw-rw-r--   1 travis travis  9958 Jan 18 03:26 ModularCodeGen3_A2_B2.java
-rw-rw-r--   1 travis travis   880 Jan 18 03:26 ModularCodeGen3_A2_B2.mk
-rw-rw-r--   1 travis travis  1330 Jan 18 03:26 ModularCodeGen3_A2_B2_profile.class
-rw-rw-r--   1 travis travis  1274 Jan 18 03:26 ModularCodeGen3_A2_B2_profile.java
-rw-rw-r--   1 travis travis  5038 Jan 18 03:26 ModularCodeGen3_A2.class
-rw-rw-r--   1 travis travis 15957 Jan 18 03:26 ModularCodeGen3_A2.java
-rw-rw-r--   1 travis travis   856 Jan 18 03:26 ModularCodeGen3_A2.mk
-rw-rw-r--   1 travis travis  1445 Jan 18 03:26 ModularCodeGen3_A2_profile.class
-rw-rw-r--   1 travis travis  1716 Jan 18 03:26 ModularCodeGen3_A2_profile.java
-rw-rw-r--   1 travis travis  3794 Jan 18 03:26 ModularCodeGen4_A1_B1.class
-rw-rw-r--   1 travis travis 10312 Jan 18 03:26 ModularCodeGen4_A1_B1.java
-rw-rw-r--   1 travis travis   880 Jan 18 03:26 ModularCodeGen4_A1_B1.mk
-rw-rw-r--   1 travis travis  1330 Jan 18 03:26 ModularCodeGen4_A1_B1_profile.class
-rw-rw-r--   1 travis travis  1273 Jan 18 03:26 ModularCodeGen4_A1_B1_profile.java
-rw-rw-r--   1 travis travis  3794 Jan 18 03:26 ModularCodeGen4_A1_B2.class
-rw-rw-r--   1 travis travis 10312 Jan 18 03:26 ModularCodeGen4_A1_B2.java
-rw-rw-r--   1 travis travis   880 Jan 18 03:26 ModularCodeGen4_A1_B2.mk
-rw-rw-r--   1 travis travis  1330 Jan 18 03:26 ModularCodeGen4_A1_B2_profile.class
-rw-rw-r--   1 travis travis  1273 Jan 18 03:26 ModularCodeGen4_A1_B2_profile.java
-rw-rw-r--   1 travis travis  5101 Jan 18 03:26 ModularCodeGen4_A1.class
-rw-rw-r--   1 travis travis 16245 Jan 18 03:26 ModularCodeGen4_A1.java
-rw-rw-r--   1 travis travis   856 Jan 18 03:26 ModularCodeGen4_A1.mk
-rw-rw-r--   1 travis travis  1445 Jan 18 03:26 ModularCodeGen4_A1_profile.class
-rw-rw-r--   1 travis travis  1712 Jan 18 03:26 ModularCodeGen4_A1_profile.java
-rw-rw-r--   1 travis travis  3988 Jan 18 03:26 ModularCodeGen4_A2_B1.class
-rw-rw-r--   1 travis travis 11375 Jan 18 03:26 ModularCodeGen4_A2_B1.java
-rw-rw-r--   1 travis travis   880 Jan 18 03:26 ModularCodeGen4_A2_B1.mk
-rw-rw-r--   1 travis travis  1393 Jan 18 03:26 ModularCodeGen4_A2_B1_profile.class
-rw-rw-r--   1 travis travis  1454 Jan 18 03:26 ModularCodeGen4_A2_B1_profile.java
-rw-rw-r--   1 travis travis  3842 Jan 18 03:26 ModularCodeGen4_A2_B2.class
-rw-rw-r--   1 travis travis 10378 Jan 18 03:26 ModularCodeGen4_A2_B2.java
-rw-rw-r--   1 travis travis   880 Jan 18 03:26 ModularCodeGen4_A2_B2.mk
-rw-rw-r--   1 travis travis  1330 Jan 18 03:26 ModularCodeGen4_A2_B2_profile.class
-rw-rw-r--   1 travis travis  1270 Jan 18 03:26 ModularCodeGen4_A2_B2_profile.java
-rw-rw-r--   1 travis travis  5274 Jan 18 03:26 ModularCodeGen4_A2.class
-rw-rw-r--   1 travis travis 16770 Jan 18 03:26 ModularCodeGen4_A2.java
-rw-rw-r--   1 travis travis   856 Jan 18 03:26 ModularCodeGen4_A2.mk
-rw-rw-r--   1 travis travis  1445 Jan 18 03:26 ModularCodeGen4_A2_profile.class
-rw-rw-r--   1 travis travis  1712 Jan 18 03:26 ModularCodeGen4_A2_profile.java
-rw-rw-r--   1 travis travis  6838 Jan 18 03:26 ModularCodeGen5_A_A.class
-rw-rw-r--   1 travis travis 28721 Jan 18 03:26 ModularCodeGen5_A_A.java
-rw-rw-r--   1 travis travis   864 Jan 18 03:26 ModularCodeGen5_A_A.mk
-rw-rw-r--   1 travis travis  1520 Jan 18 03:26 ModularCodeGen5_A_A_profile.class
-rw-rw-r--   1 travis travis  1815 Jan 18 03:26 ModularCodeGen5_A_A_profile.java
-rw-rw-r--   1 travis travis  5115 Jan 18 03:26 ModularCodeGen5_A.class
-rw-rw-r--   1 travis travis 13769 Jan 18 03:26 ModularCodeGen5_A.java
-rw-rw-r--   1 travis travis   848 Jan 18 03:26 ModularCodeGen5_A.mk
-rw-rw-r--   1 travis travis  1422 Jan 18 03:26 ModularCodeGen5_A_profile.class
-rw-rw-r--   1 travis travis  1605 Jan 18 03:26 ModularCodeGen5_A_profile.java
-rw-rw-r--   1 travis travis  4125 Jan 18 03:26 ModularCodeGen6_A_A2.class
-rw-rw-r--   1 travis travis 11329 Jan 18 03:26 ModularCodeGen6_A_A2.java
-rw-rw-r--   1 travis travis   872 Jan 18 03:26 ModularCodeGen6_A_A2.mk
-rw-rw-r--   1 travis travis  1351 Jan 18 03:26 ModularCodeGen6_A_A2_profile.class
-rw-rw-r--   1 travis travis  1364 Jan 18 03:26 ModularCodeGen6_A_A2_profile.java
-rw-rw-r--   1 travis travis  4108 Jan 18 03:26 ModularCodeGen6_A_A.class
-rw-rw-r--   1 travis travis 11221 Jan 18 03:26 ModularCodeGen6_A_A.java
-rw-rw-r--   1 travis travis   864 Jan 18 03:26 ModularCodeGen6_A_A.mk
-rw-rw-r--   1 travis travis  1348 Jan 18 03:26 ModularCodeGen6_A_A_profile.class
-rw-rw-r--   1 travis travis  1361 Jan 18 03:26 ModularCodeGen6_A_A_profile.java
-rw-rw-r--   1 travis travis  1810 Jan 18 03:26 ModularCodeGen6_A_profile.java
-rw-rw-r--   1 travis travis  3954 Jan 18 03:25 ModularCodeGen_ModularCodeGenTypedCompositeActor.class
-rw-rw-r--   1 travis travis 10970 Jan 18 03:25 ModularCodeGen_ModularCodeGenTypedCompositeActor.java
-rw-rw-r--   1 travis travis  1096 Jan 18 03:25 ModularCodeGen_ModularCodeGenTypedCompositeActor.mk
-rw-rw-r--   1 travis travis  1384 Jan 18 03:25 ModularCodeGen_ModularCodeGenTypedCompositeActor_profile.class
-rw-rw-r--   1 travis travis  1328 Jan 18 03:25 ModularCodeGen_ModularCodeGenTypedCompositeActor_profile.java
-rw-rw-r--   1 travis travis  3492 Jan 18 03:25 ModularCodeGenTest_A1_A2.class
-rw-rw-r--   1 travis travis   904 Jan 18 03:25 ModularCodeGenTest_A1_A2.mk
-rw-rw-r--   1 travis travis  1306 Jan 18 03:25 ModularCodeGenTest_A1_A2_profile.class
-rw-rw-r--   1 travis travis  9968 Jan 18 03:25 ModularCodeGenTest_A1.java
-rw-rw-r--   1 travis travis   880 Jan 18 03:25 ModularCodeGenTest_A1.mk
drwxrwxr-x   3 travis travis 36864 Jan 18 03:25 modulation2
drwxrwxr-x   3 travis travis 20480 Jan 18 03:21 Multiplexor
drwxrwxr-x 249 travis travis 12288 Jan 18 03:25 node_modules
drwxrwxr-x   3 travis travis 20480 Jan 18 03:22 PhaseUnwrap
-rw-rw-r--   1 travis travis   520 Jan 18 03:25 Repeat$_fireFunction_Repeat_Repeat$__f_sL_0.class
-rw-rw-r--   1 travis travis   522 Jan 18 03:25 Repeat$_fireFunction_Repeat_Repeat$__f_sL_10.class
-rw-rw-r--   1 travis travis   666 Jan 18 03:25 Repeat$_fireFunction_Repeat_Repeat$__f_sL_11.class
-rw-rw-r--   1 travis travis   522 Jan 18 03:25 Repeat$_fireFunction_Repeat_Repeat$__f_sL_13.class
-rw-rw-r--   1 travis travis   665 Jan 18 03:25 Repeat$_fireFunction_Repeat_Repeat$__f_sL_1.class
-rw-rw-r--   1 travis travis   520 Jan 18 03:25 Repeat$_fireFunction_Repeat_Repeat$__f_sL_2.class
-rw-rw-r--   1 travis travis   520 Jan 18 03:25 Repeat$_fireFunction_Repeat_Repeat$__f_sL_3.class
-rw-rw-r--   1 travis travis   520 Jan 18 03:25 Repeat$_fireFunction_Repeat_Repeat$__f_sL_5.class
-rw-rw-r--   1 travis travis   671 Jan 18 03:25 Repeat$_fireFunction_Repeat_Repeat$__f_sL_7.class
-rw-rw-r--   1 travis travis   520 Jan 18 03:25 Repeat$_fireFunction_Repeat_Repeat$__f_sL_9.class
-rw-rw-r--   1 travis travis   813 Jan 18 03:25 Repeat$_initialize_Repeat.class
-rw-rw-r--   1 travis travis   475 Jan 18 03:25 Repeat$_initialize_Repeat$__i_sL_0.class
-rw-rw-r--   1 travis travis   519 Jan 18 03:25 Repeat$_initialize_Repeat$__i_sL_3.class
-rw-rw-r--   1 travis travis 39778 Jan 18 03:25 Repeat.java
-rw-rw-r--   1 travis travis  1281 Jan 18 03:25 Repeat.mk
-rw-rw-r--   1 travis travis   520 Jan 18 03:25 Repeat$_preinitializeMethod_Repeat$__p_sL_0.class
-rw-rw-r--   1 travis travis   520 Jan 18 03:25 Repeat$_preinitializeMethod_Repeat$__p_sL_1.class
-rw-rw-r--   1 travis travis  1083 Jan 18 03:25 Repeat$_Repeat$_fireFunction_Repeat_AddSubtract_Repeat.class
-rw-rw-r--   1 travis travis   791 Jan 18 03:25 Repeat$_Repeat$_fireFunction_Repeat_AddSubtract_Repeat$__f_sL_0.class
-rw-rw-r--   1 travis travis   909 Jan 18 03:25 Repeat$_Repeat$_fireFunction_Repeat_AddSubtract_Repeat$__f_sL_1.class
-rw-rw-r--   1 travis travis   915 Jan 18 03:25 Repeat$_Repeat$_fireFunction_Repeat_AddSubtract_Repeat$__f_sL_2.class
-rw-rw-r--   1 travis travis   838 Jan 18 03:25 Repeat$_Repeat$_fireFunction_Repeat_Ramp2_Repeat$__f_sL_1.class
-rw-rw-r--   1 travis travis  1785 Jan 18 03:25 Repeat$_Repeat$_fireFunction_Repeat_Test_Repeat$__f_sL_2.class
-rw-rw-r--   1 travis travis   685 Jan 18 03:25 Repeat$_Repeat_SDF_Director_run_Repeat$__R_sL_0.class
-rw-rw-r--   1 travis travis   540 Jan 18 03:25 Repeat$_Repeat_SDF_Director_run_Repeat$__R_sL_1.class
-rw-rw-r--   1 travis travis   540 Jan 18 03:25 Repeat$_Repeat_SDF_Director_run_Repeat$__R_sL_2.class
-rw-rw-r--   1 travis travis   540 Jan 18 03:25 Repeat$_Repeat_SDF_Director_run_Repeat$__R_sL_4.class
-rw-rw-r--   1 travis travis   540 Jan 18 03:25 Repeat$_Repeat_SDF_Director_run_Repeat$__R_sL_5.class
-rw-rw-r--   1 travis travis   691 Jan 18 03:25 Repeat$_Repeat_SDF_Director_run_Repeat$__R_sL_6.class
-rw-rw-r--   1 travis travis   540 Jan 18 03:25 Repeat$_Repeat_SDF_Director_run_Repeat$__R_sL_7.class
-rw-rw-r--   1 travis travis   863 Jan 18 03:25 Repeat$_varinit_Repeat.class
-rw-rw-r--   1 travis travis   530 Jan 18 03:25 Repeat$_varinit_Repeat$__v_sL_1.class
-rw-rw-r--   1 travis travis   531 Jan 18 03:25 Repeat$_varinit_Repeat$__v_sL_2.class
-rw-rw-r--   1 travis travis   905 Jan 18 03:25 Repeat$_varinit_Repeat$__v_sL_4.class
-rw-rw-r--   1 travis travis   635 Jan 18 03:25 Repeat$_wrapup_Repeat.class
-rw-rw-r--   1 travis travis   965 Jan 18 03:25 Repeat$_wrapup_Repeat$__w_sL_1.class
-rw-rw-r--   1 travis travis   289 Jan 18 03:19 result.csv
drwxrwxr-x   3 travis travis 12288 Jan 18 03:23 Scrambler1
drwxrwxr-x   3 travis travis 20480 Jan 18 03:22 Sinewave2
drwxrwxr-x   3 travis travis 69632 Jan 18 03:23 StringCompare
drwxrwxr-x   3 travis travis 32768 Jan 18 03:23 StringFunction
drwxrwxr-x   3 travis travis 12288 Jan 18 03:23 StringLength
In "/home/travis/cg", about to execute:
drwxrwxr-x   3 travis travis 57344 Jan 18 03:24 StringSimpleReplace
drwxrwxr-x   3 travis travis 12288 Jan 18 03:24 time2
drwxrwxr-x   3 travis travis 12288 Jan 18 03:25 time5
-rw-rw-r--   1 travis travis   432 Jan 18 03:26 Token.class
-rw-rw-r--   1 travis travis   251 Jan 18 03:26 Token.java
-rw-rw-r--   1 travis travis     0 Jan 18 03:25 top.
-rw-rw-r--   1 travis travis 20502 Jan 18 03:19 top.c
-rw-rw-r--   1 travis travis  3567 Jan 18 03:25 top.class
-rw-rw-r--   1 travis travis   169 Jan 18 03:19 top.html
-rw-rw-r--   1 travis travis  7552 Jan 18 03:25 top.java
-rw-rw-r--   1 travis travis 38888 Jan 18 03:19 top.o
drwxrwxr-x   3 travis travis 57344 Jan 18 03:22 UnaryMathFunction
    javac -classpath
.:/home/travis/build/icyphy/ptII:/home/travis/build/icyphy/ptII/lib/bsh-2.0b4.j
ar:/home/travis/build/icyphy/ptII/lib/ptCal.jar:/home/travis/build/icyphy/ptII/
lib/java_cup.jar:/home/travis/build/icyphy/ptII/lib/saxon8.jar:/home/travis/bui
ld/icyphy/ptII/lib/saxon8-dom.jar:/home/travis/build/icyphy/ptII/lib/chic.jar:/
home/travis/build/icyphy/ptII/lib/ptcolt.jar:/usr/lib/jvm/java-8-oracle/lib/too
ls.jar:/usr/lib/eclipse/plugins/org.eclipse.jdt.core_3.8.2.dist.jar:/usr/lib/ec
lipse/plugins/org.eclipse.core.runtime_3.8.0.dist.jar:/usr/lib/eclipse/plugins/
org.eclipse.osgi_3.8.1.dist.jar:/usr/lib/eclipse/plugins/org.eclipse.core.resou
rces_3.8.1.dist.jar:/usr/lib/eclipse/plugins/org.eclipse.equinox.common_3.6.100
.dist.jar:/usr/lib/eclipse/plugins/org.eclipse.core.jobs_3.5.200.dist.jar:/usr/
lib/eclipse/plugins/org.eclipse.core.contenttype_3.4.200.dist.jar:/usr/lib/ecli
pse/plugins/org.eclipse.equinox.preferences_3.5.0.dist.jar:/usr/lib/eclipse/plu
gins/org.eclipse.text_3.5.200.dist.jar:/usr/lib/eclipse/plugins/org.eclipse.ui.
workbench_3.8.1.dist.jar:/usr/lib/eclipse/plugins/org.eclipse.jface_3.8.0.dist.
jar:/usr/lib/eclipse/plugins/org.eclipse.swt_3.8.2.jar:/usr/lib/eclipse/plugins
/org.eclipse.jface.text_3.8.1.dist.jar:/usr/lib/eclipse/plugins/org.eclipse.ui.
workbench.texteditor_3.8.0.dist.jar:/usr/lib/eclipse/plugins/org.eclipse.ui.edi
tors_3.8.0.dist.jar:/usr/lib/eclipse/plugins/org.eclipse.core.commands_3.6.1.di
st.jar:/usr/lib/eclipse/plugins/org.eclipse.equinox.registry_3.5.200.dist.jar:/
usr/lib/eclipse/plugins/org.eclipse.ui.console_3.5.100.dist.jar:/usr/lib/eclips
e/plugins/org.eclipse.ui.forms_3.5.200.dist.jar:/usr/lib/eclipse/plugins/org.ec
lipse.ui.ide_3.8.1.dist.jar:/home/travis/build/icyphy/ptII/vendors/oracle/dbxml
.jar:/home/travis/build/icyphy/ptII/vendors/oracle/db.jar:/home/travis/build/ic
yphy/ptII/vendors/misc/itext/iText.jar:/home/travis/build/icyphy/ptII/lib/g4ltl
.jar:/home/travis/build/icyphy/ptII/lib/StructuralCoder.jar:/home/travis/build/
icyphy/ptII/lib/org-openide-util.jar:/home/travis/build/icyphy/ptII/lib/org-ope
nide-util-lookup.jar:/home/travis/build/icyphy/ptII/lib/org-netbeans-api-visual
.jar:/home/travis/build/icyphy/ptII/vendors/jai-1_1_2_01/lib/jai_core.jar:/home
/travis/build/icyphy/ptII/vendors/jai-1_1_2_01/lib/jai_codec.jar:/home/travis/b
uild/icyphy/ptII/lib/jcerti.jar:/home/travis/build/icyphy/ptII/lib/smack.jar:/h
ome/travis/build/icyphy/ptII/lib/smackx.jar:/home/travis/build/icyphy/ptII/lib/
jetty-all-8.1.5-v20120716.jar:/home/travis/build/icyphy/ptII/lib/javax.servlet-
api-3.0.1.jar:/home/travis/build/icyphy/ptII/lib/javax.mail.jar:/home/travis/bu
ild/icyphy/ptII/vendors/JMF-2.1.1e/lib/jmf.jar:/home/travis/build/icyphy/ptII/l
ib/jna-4.0.0-variadic.jar:/home/travis/build/icyphy/ptII/vendors/misc/joystick/
Joystick.jar:/home/travis/build/icyphy/ptII/lib/ptjacl.jar:/home/travis/build/i
cyphy/ptII/lib/jsoup-1.8.2.jar:/home/travis/build/icyphy/ptII/lib/junit-4.8.2.j
ar:/home/travis/build/icyphy/ptII/lib/JUnitParams-0.4.0.jar:/home/travis/build/
icyphy/ptII/ptolemy/actor/lib/excel/jxl.jar:/home/travis/build/icyphy/ptII/lib/
jython.jar:/home/travis/build/icyphy/ptII/lib/kieler.jar:/home/travis/build/icy
phy/ptII/vendors/opencv/share/OpenCV/java/opencv-341.jar:/home/travis/build/icy
phy/ptII/lib/oscP5.jar:/home/travis/build/icyphy/ptII/lib/nrjavaserial-3.11.0.d
evel.jar:/home/travis/build/icyphy/ptII/vendors/j3d/lib/j3dcore.jar:/home/travi
s/build/icyphy/ptII/vendors/j3d/lib/j3dutils.jar:/home/travis/build/icyphy/ptII
/vendors/j3d/lib/vecmath.jar:/home/travis/build/icyphy/ptII/ptolemy/distributed
/jini/jar/jini-core.jar:/home/travis/build/icyphy/ptII/ptolemy/distributed/jini
/jar/jini-ext.jar:/home/travis/build/icyphy/ptII/ptolemy/distributed/jini/jar/s
un-util.jar:/home/travis/build/icyphy/ptII/lib/protobuf-java-2.4.1.jar:/home/tr
avis/build/icyphy/ptII/lib/org.eclipse.paho.client.mqttv3.jar:/home/travis/buil
d/icyphy/ptII/ptserver/lib/hessian-4.0.7.jar:/home/travis/build/icyphy/ptII/pts
erver/lib/wmqtt.jar:/home/travis/build/icyphy/ptII/lib/mapss.jar:/home/travis/b
uild/icyphy/ptII/ptolemy/actor/ptalon/antlr/antlr.jar:/home/travis/build/icyphy
/ptII/lib/JRI.jar:/home/travis/build/icyphy/ptII/lib/commons-lang-2.6.jar:/home
/travis/build/icyphy/ptII/lib/commons-logging-1.1.1.jar:/home/travis/build/icyp
hy/ptII/lib/sootclasses.jar:/home/travis/build/icyphy/ptII/ptolemy/actor/lib/da
tabase/mysql-connector-java-5.1.6-bin.jar:/home/travis/build/icyphy/ptII/vendor
s/misc/sphinx4/sphinx4-data-5prealpha.jar:/home/travis/build/icyphy/ptII/vendor
s/misc/sphinx4/sphinx4-core-5prealpha.jar:/home/travis/build/icyphy/ptII/lib/PD
FRenderer.jar:/home/travis/build/icyphy/ptII/lib/svgSalamander.jar:/home/travis
/build/icyphy/ptII/lib/rsyntaxtextarea-2.6.0-SNAPSHOT.jar:/home/travis/build/ic
yphy/ptII/lib/hazelcast-3.8.2.jar:/home/travis/build/icyphy/ptII/lib/jackson-an
notations-2.9.0.jar:/home/travis/build/icyphy/ptII/lib/jackson-core-2.9.3.jar:/
home/travis/build/icyphy/ptII/lib/jackson-databind-2.9.3.jar:/home/travis/build
/icyphy/ptII/lib/netty-buffer-4.1.19.Final.jar:/home/travis/build/icyphy/ptII/l
ib/netty-codec-4.1.19.Final.jar:/home/travis/build/icyphy/ptII/lib/netty-codec-
dns-4.1.19.Final.jar:/home/travis/build/icyphy/ptII/lib/netty-codec-http-4.1.19
.Final.jar:/home/travis/build/icyphy/ptII/lib/netty-codec-http2-4.1.19.Final.ja
r:/home/travis/build/icyphy/ptII/lib/netty-common-4.1.19.Final.jar:/home/travis
/build/icyphy/ptII/lib/netty-handler-4.1.19.Final.jar:/home/travis/build/icyphy
/ptII/lib/netty-resolver-4.1.19.Final.jar:/home/travis/build/icyphy/ptII/lib/ne
tty-resolver-dns-4.1.19.Final.jar:/home/travis/build/icyphy/ptII/lib/netty-tran
sport-4.1.19.Final.jar:/home/travis/build/icyphy/ptII/lib/vertx-codegen-3.5.1.j
ar:/home/travis/build/icyphy/ptII/lib/vertx-core-3.5.2-SNAPSHOT.jar:/home/travi
s/build/icyphy/ptII/lib/vertx-hazelcast-3.5.1.jar:/home/travis/build/icyphy/ptI
I/lib/vertx-lang-js-3.5.1.jar:/home/travis/build/icyphy/ptII/lib/vertx-service-
proxy-3.5.1.jar:/home/travis/build/icyphy/ptII/lib/vertx-web-3.5.1.jar:/home/tr
avis/build/icyphy/ptII/lib/slf4j-api-1.7.13.jar:/home/travis/build/icyphy/ptII/
lib/slf4j-simple-1.7.13.jar:/home/travis/build/icyphy/ptII/lib/webcam-capture-0
.3.12.jar:/home/travis/build/icyphy/ptII/lib/bridj-0.7.0.jar:/home/travis/build
/icyphy/ptII/lib/xbjlib-1.1.0.nrjavaserial.jar:/home/travis/build/icyphy/ptII/p
tolemy/moml/test:/home/travis/build/icyphy/ptII/ant/lib/ant-launcher.jar:/home/
travis/build/icyphy/ptII/ant/lib/ant.jar:/home/travis/build/icyphy/ptII/ant/lib
/ant-junit.jar:/home/travis/build/icyphy/ptII/ant/lib/ant-junit4.jar:/home/trav
is/build/icyphy/ptII ModularCodeGen6_A_profile.java
warning: Supported source version 'RELEASE_6' from annotation processor 'org.netbeans.modules.openide.util.NbBundleProcessor' less than -source '1.8'
warning: Supported source version 'RELEASE_6' from annotation processor 'org.netbeans.modules.openide.util.URLStreamHandlerRegistrationProcessor' less than -source '1.8'
warning: Supported source version 'RELEASE_6' from annotation processor 'org.netbeans.modules.openide.util.ServiceProviderProcessor' less than -source '1.8'
3 warnings
All Done
Writing ModularCodeGen6_A.java in file:/home/travis/cg/ (26535 characters)
Reading "ptolemy/cg/kernel/generic/program/procedural/java/modular/makefile.in",
    writing "/home/travis/cg/ModularCodeGen6_A.mk"
Using ptolemy/cg/kernel/generic/program/procedural/java/modular/makefile.in
In "/home/travis/cg", about to execute:
    make -f ModularCodeGen6_A.mk
javac -classpath ".:.."    ModularCodeGen6_A.java
All Done
7216 ms. Memory: 116224K Free: 91280K (79%)
----------------- Invoking toplevel() on ptolemy.moml.MoMLSimpleApplication@5324824a
----------------- Done invoking toplevel() on ptolemy.moml.MoMLSimpleApplication@5324824a
reloadAllAccessors: .ModularCodeGen6

===========================================================================================
----------------- testing Fri Jan 18 03:26:35 UTC 2019 /home/travis/build/icyphy/ptII/ptolemy/cg/lib/test/auto/ModularCodeGenLazyPubSub.xml
----------------- Instantiating /home/travis/build/icyphy/ptII/ptolemy/cg/lib/test/auto/ModularCodeGenLazyPubSub.xml
In "/home/travis/cg", about to execute:
    pwd
In "/home/travis/cg", about to execute:
    ls -l
/home/travis/cg
In "/home/travis/cg", about to execute:
    javac -classpath
.:/home/travis/build/icyphy/ptII:/home/travis/build/icyphy/ptII/lib/bsh-2.0b4.j
ar:/home/travis/build/icyphy/ptII/lib/ptCal.jar:/home/travis/build/icyphy/ptII/
lib/java_cup.jar:/home/travis/build/icyphy/ptII/lib/saxon8.jar:/home/travis/bui
ld/icyphy/ptII/lib/saxon8-dom.jar:/home/travis/build/icyphy/ptII/lib/chic.jar:/
home/travis/build/icyphy/ptII/lib/ptcolt.jar:/usr/lib/jvm/java-8-oracle/lib/too
ls.jar:/usr/lib/eclipse/plugins/org.eclipse.jdt.core_3.8.2.dist.jar:/usr/lib/ec
lipse/plugins/org.eclipse.core.runtime_3.8.0.dist.jar:/usr/lib/eclipse/plugins/
org.eclipse.osgi_3.8.1.dist.jar:/usr/lib/eclipse/plugins/org.eclipse.core.resou
rces_3.8.1.dist.jar:/usr/lib/eclipse/plugins/org.eclipse.equinox.common_3.6.100
.dist.jar:/usr/lib/eclipse/plugins/org.eclipse.core.jobs_3.5.200.dist.jar:/usr/
lib/eclipse/plugins/org.eclipse.core.contenttype_3.4.200.dist.jar:/usr/lib/ecli
pse/plugins/org.eclipse.equinox.preferences_3.5.0.dist.jar:/usr/lib/eclipse/plu
gins/org.eclipse.text_3.5.200.dist.jar:/usr/lib/eclipse/plugins/org.eclipse.ui.
workbench_3.8.1.dist.jar:/usr/lib/eclipse/plugins/org.eclipse.jface_3.8.0.dist.
jar:/usr/lib/eclipse/plugins/org.eclipse.swt_3.8.2.jar:/usr/lib/eclipse/plugins
/org.eclipse.jface.text_3.8.1.dist.jar:/usr/lib/eclipse/plugins/org.eclipse.ui.
workbench.texteditor_3.8.0.dist.jar:/usr/lib/eclipse/plugins/org.eclipse.ui.edi
tors_3.8.0.dist.jar:/usr/lib/eclipse/plugins/org.eclipse.core.commands_3.6.1.di
st.jar:/usr/lib/eclipse/plugins/org.eclipse.equinox.registry_3.5.200.dist.jar:/
usr/lib/eclipse/plugins/org.eclipse.ui.console_3.5.100.dist.jar:/usr/lib/eclips
e/plugins/org.eclipse.ui.forms_3.5.200.dist.jar:/usr/lib/eclipse/plugins/org.ec
lipse.ui.ide_3.8.1.dist.jar:/home/travis/build/icyphy/ptII/vendors/oracle/dbxml
.jar:/home/travis/build/icyphy/ptII/vendors/oracle/db.jar:/home/travis/build/ic
yphy/ptII/vendors/misc/itext/iText.jar:/home/travis/build/icyphy/ptII/lib/g4ltl
.jar:/home/travis/build/icyphy/ptII/lib/StructuralCoder.jar:/home/travis/build/
icyphy/ptII/lib/org-openide-util.jar:/home/travis/build/icyphy/ptII/lib/org-ope
nide-util-lookup.jar:/home/travis/build/icyphy/ptII/lib/org-netbeans-api-visual
.jar:/home/travis/build/icyphy/ptII/vendors/jai-1_1_2_01/lib/jai_core.jar:/home
/travis/build/icyphy/ptII/vendors/jai-1_1_2_01/lib/jai_codec.jar:/home/travis/b
uild/icyphy/ptII/lib/jcerti.jar:/home/travis/build/icyphy/ptII/lib/smack.jar:/h
ome/travis/build/icyphy/ptII/lib/smackx.jar:/home/travis/build/icyphy/ptII/lib/
jetty-all-8.1.5-v20120716.jar:/home/travis/build/icyphy/ptII/lib/javax.servlet-
api-3.0.1.jar:/home/travis/build/icyphy/ptII/lib/javax.mail.jar:/home/travis/bu
ild/icyphy/ptII/vendors/JMF-2.1.1e/lib/jmf.jar:/home/travis/build/icyphy/ptII/l
ib/jna-4.0.0-variadic.jar:/home/travis/build/icyphy/ptII/vendors/misc/joystick/
Joystick.jar:/home/travis/build/icyphy/ptII/lib/ptjacl.jar:/home/travis/build/i
cyphy/ptII/lib/jsoup-1.8.2.jar:/home/travis/build/icyphy/ptII/lib/junit-4.8.2.j
ar:/home/travis/build/icyphy/ptII/lib/JUnitParams-0.4.0.jar:/home/travis/build/
icyphy/ptII/ptolemy/actor/lib/excel/jxl.jar:/home/travis/build/icyphy/ptII/lib/
jython.jar:/home/travis/build/icyphy/ptII/lib/kieler.jar:/home/travis/build/icy
phy/ptII/vendors/opencv/share/OpenCV/java/opencv-341.jar:/home/travis/build/icy
phy/ptII/lib/oscP5.jar:/home/travis/build/icyphy/ptII/lib/nrjavaserial-3.11.0.d
evel.jar:/home/travis/build/icyphy/ptII/vendors/j3d/lib/j3dcore.jar:/home/travi
s/build/icyphy/ptII/vendors/j3d/lib/j3dutils.jar:/home/travis/build/icyphy/ptII
/vendors/j3d/lib/vecmath.jar:/home/travis/build/icyphy/ptII/ptolemy/distributed
/jini/jar/jini-core.jar:/home/travis/build/icyphy/ptII/ptolemy/distributed/jini
/jar/jini-ext.jar:/home/travis/build/icyphy/ptII/ptolemy/distributed/jini/jar/s
un-util.jar:/home/travis/build/icyphy/ptII/lib/protobuf-java-2.4.1.jar:/home/tr
avis/build/icyphy/ptII/lib/org.eclipse.paho.client.mqttv3.jar:/home/travis/buil
d/icyphy/ptII/ptserver/lib/hessian-4.0.7.jar:/home/travis/build/icyphy/ptII/pts
erver/lib/wmqtt.jar:/home/travis/build/icyphy/ptII/lib/mapss.jar:/home/travis/b
uild/icyphy/ptII/ptolemy/actor/ptalon/antlr/antlr.jar:/home/travis/build/icyphy
/ptII/lib/JRI.jar:/home/travis/build/icyphy/ptII/lib/commons-lang-2.6.jar:/home
/travis/build/icyphy/ptII/lib/commons-logging-1.1.1.jar:/home/travis/build/icyp
hy/ptII/lib/sootclasses.jar:/home/travis/build/icyphy/ptII/ptolemy/actor/lib/da
tabase/mysql-connector-java-5.1.6-bin.jar:/home/travis/build/icyphy/ptII/vendor
s/misc/sphinx4/sphinx4-data-5prealpha.jar:/home/travis/build/icyphy/ptII/vendor
s/misc/sphinx4/sphinx4-core-5prealpha.jar:/home/travis/build/icyphy/ptII/lib/PD
FRenderer.jar:/home/travis/build/icyphy/ptII/lib/svgSalamander.jar:/home/travis
/build/icyphy/ptII/lib/rsyntaxtextarea-2.6.0-SNAPSHOT.jar:/home/travis/build/ic
yphy/ptII/lib/hazelcast-3.8.2.jar:/home/travis/build/icyphy/ptII/lib/jackson-an
notations-2.9.0.jar:/home/travis/build/icyphy/ptII/lib/jackson-core-2.9.3.jar:/
home/travis/build/icyphy/ptII/lib/jackson-databind-2.9.3.jar:/home/travis/build
/icyphy/ptII/lib/netty-buffer-4.1.19.Final.jar:/home/travis/build/icyphy/ptII/l
ib/netty-codec-4.1.19.Final.jar:/home/travis/build/icyphy/ptII/lib/netty-codec-
dns-4.1.19.Final.jar:/home/travis/build/icyphy/ptII/lib/netty-codec-http-4.1.19
.Final.jar:/home/travis/build/icyphy/ptII/lib/netty-codec-http2-4.1.19.Final.ja
r:/home/travis/build/icyphy/ptII/lib/netty-common-4.1.19.Final.jar:/home/travis
/build/icyphy/ptII/lib/netty-handler-4.1.19.Final.jar:/home/travis/build/icyphy
/ptII/lib/netty-resolver-4.1.19.Final.jar:/home/travis/build/icyphy/ptII/lib/ne
tty-resolver-dns-4.1.19.Final.jar:/home/travis/build/icyphy/ptII/lib/netty-tran
sport-4.1.19.Final.jar:/home/travis/build/icyphy/ptII/lib/vertx-codegen-3.5.1.j
ar:/home/travis/build/icyphy/ptII/lib/vertx-core-3.5.2-SNAPSHOT.jar:/home/travi
s/build/icyphy/ptII/lib/vertx-hazelcast-3.5.1.jar:/home/travis/build/icyphy/ptI
I/lib/vertx-lang-js-3.5.1.jar:/home/travis/build/icyphy/ptII/lib/vertx-service-
proxy-3.5.1.jar:/home/travis/build/icyphy/ptII/lib/vertx-web-3.5.1.jar:/home/tr
avis/build/icyphy/ptII/lib/slf4j-api-1.7.13.jar:/home/travis/build/icyphy/ptII/
lib/slf4j-simple-1.7.13.jar:/home/travis/build/icyphy/ptII/lib/webcam-capture-0
.3.12.jar:/home/travis/build/icyphy/ptII/lib/bridj-0.7.0.jar:/home/travis/build
/icyphy/ptII/lib/xbjlib-1.1.0.nrjavaserial.jar:/home/travis/build/icyphy/ptII/p
tolemy/moml/test:/home/travis/build/icyphy/ptII/ant/lib/ant-launcher.jar:/home/
travis/build/icyphy/ptII/ant/lib/ant.jar:/home/travis/build/icyphy/ptII/ant/lib
/ant-junit.jar:/home/travis/build/icyphy/ptII/ant/lib/ant-junit4.jar:/home/trav
is/build/icyphy/ptII ModularCodeGenLazyPubSub_LazyCompositeActor_profile.java
total 1920
drwxrwxr-x   3 travis travis 12288 Jan 18 03:20 AbsoluteValue
drwxrwxr-x   3 travis travis 16384 Jan 18 03:20 Case1
drwxrwxr-x   3 travis travis 32768 Jan 18 03:20 Case2
-rw-rw-r--   1 travis travis  4895 Jan 18 03:25 CompiledCompositeActor_CompiledCompositeActor.class
-rw-rw-r--   1 travis travis  1592 Jan 18 03:25 CompiledCompositeActor_CompiledCompositeActor$_CompiledCompositeActor_CompiledCompositeActor.class
-rw-rw-r--   1 travis travis 13466 Jan 18 03:25 CompiledCompositeActor_CompiledCompositeActor.java
-rw-rw-r--   1 travis travis  1593 Jan 18 03:25 CompiledCompositeActor_CompiledCompositeActor.mk
drwxrwxr-x   3 travis travis 24576 Jan 18 03:23 DeScrambler
drwxrwxr-x   3 travis travis 16384 Jan 18 03:24 DotProduct
drwxrwxr-x   3 travis travis 12288 Jan 18 03:21 FileWriter1
drwxrwxr-x   3 travis travis 20480 Jan 18 03:20 FixToDoubleAndBack
drwxrwxr-x   3 travis travis 16384 Jan 18 03:21 Gaussian1
drwxrwxr-x   3 travis travis 20480 Jan 18 03:21 Gaussian2
-rw-rw-r--   1 travis travis  4457 Jan 18 03:25 JavaCompiledCompositeTest1_CompiledCompositeActor.class
-rw-rw-r--   1 travis travis 11637 Jan 18 03:25 JavaCompiledCompositeTest1_CompiledCompositeActor.java
-rw-rw-r--   1 travis travis  1198 Jan 18 03:25 JavaCompiledCompositeTest1_CompiledCompositeActor$_JavaCompiledCompositeTest1_CompiledCompositeActor.class
-rw-rw-r--   1 travis travis  1625 Jan 18 03:25 JavaCompiledCompositeTest1_CompiledCompositeActor.mk
-rw-rw-r--   1 travis travis  4888 Jan 18 03:25 JavaCompiledCompositeTest2_CompiledCompositeActor.class
-rw-rw-r--   1 travis travis 14919 Jan 18 03:25 JavaCompiledCompositeTest2_CompiledCompositeActor.java
-rw-rw-r--   1 travis travis  1793 Jan 18 03:25 JavaCompiledCompositeTest2_CompiledCompositeActor$_JavaCompiledCompositeTest2_CompiledCompositeActor.class
-rw-rw-r--   1 travis travis  1625 Jan 18 03:25 JavaCompiledCompositeTest2_CompiledCompositeActor.mk
-rw-rw-r--   1 travis travis  4505 Jan 18 03:25 JavaCompiledCompositeTest3_CompiledCompositeActor.class
-rw-rw-r--   1 travis travis 13080 Jan 18 03:25 JavaCompiledCompositeTest3_CompiledCompositeActor.java
-rw-rw-r--   1 travis travis  1378 Jan 18 03:25 JavaCompiledCompositeTest3_CompiledCompositeActor$_JavaCompiledCompositeTest3_CompiledCompositeActor.class
-rw-rw-r--   1 travis travis  1625 Jan 18 03:25 JavaCompiledCompositeTest3_CompiledCompositeActor.mk
-rw-rw-r--   1 travis travis  3953 Jan 18 03:25 JavaCompiledCompositeTest4_CompiledCompositeActor.class
-rw-rw-r--   1 travis travis  9687 Jan 18 03:25 JavaCompiledCompositeTest4_CompiledCompositeActor.java
-rw-rw-r--   1 travis travis   857 Jan 18 03:25 JavaCompiledCompositeTest4_CompiledCompositeActor$_JavaCompiledCompositeTest4_CompiledCompositeActor.class
-rw-rw-r--   1 travis travis  1625 Jan 18 03:25 JavaCompiledCompositeTest4_CompiledCompositeActor.mk
drwxrwxr-x   3 travis travis 12288 Jan 18 03:21 LookupTable
drwxrwxr-x   3 travis travis 20480 Jan 18 03:21 MaxIndex
-rw-rw-r--   1 travis travis  3693 Jan 18 03:25 ModularCG_A1_B1.class
-rw-rw-r--   1 travis travis  9730 Jan 18 03:25 ModularCG_A1_B1.java
-rw-rw-r--   1 travis travis   832 Jan 18 03:25 ModularCG_A1_B1.mk
-rw-rw-r--   1 travis travis  1318 Jan 18 03:25 ModularCG_A1_B1_profile.class
-rw-rw-r--   1 travis travis  1262 Jan 18 03:25 ModularCG_A1_B1_profile.java
-rw-rw-r--   1 travis travis  3693 Jan 18 03:25 ModularCG_A1_B2.class
-rw-rw-r--   1 travis travis  9730 Jan 18 03:25 ModularCG_A1_B2.java
-rw-rw-r--   1 travis travis   832 Jan 18 03:25 ModularCG_A1_B2.mk
-rw-rw-r--   1 travis travis  1318 Jan 18 03:25 ModularCG_A1_B2_profile.class
-rw-rw-r--   1 travis travis  1262 Jan 18 03:25 ModularCG_A1_B2_profile.java
-rw-rw-r--   1 travis travis  4799 Jan 18 03:25 ModularCG_A1.class
-rw-rw-r--   1 travis travis 14742 Jan 18 03:25 ModularCG_A1.java
-rw-rw-r--   1 travis travis   808 Jan 18 03:25 ModularCG_A1.mk
-rw-rw-r--   1 travis travis  1433 Jan 18 03:25 ModularCG_A1_profile.class
-rw-rw-r--   1 travis travis  1704 Jan 18 03:25 ModularCG_A1_profile.java
-rw-rw-r--   1 travis travis  3827 Jan 18 03:25 ModularCG_A2_B1.class
-rw-rw-r--   1 travis travis 10667 Jan 18 03:25 ModularCG_A2_B1.java
-rw-rw-r--   1 travis travis   832 Jan 18 03:25 ModularCG_A2_B1.mk
-rw-rw-r--   1 travis travis  1381 Jan 18 03:25 ModularCG_A2_B1_profile.class
-rw-rw-r--   1 travis travis  1446 Jan 18 03:25 ModularCG_A2_B1_profile.java
-rw-rw-r--   1 travis travis  3693 Jan 18 03:25 ModularCG_A2_B2.class
-rw-rw-r--   1 travis travis  9730 Jan 18 03:25 ModularCG_A2_B2.java
-rw-rw-r--   1 travis travis   832 Jan 18 03:25 ModularCG_A2_B2.mk
-rw-rw-r--   1 travis travis  1318 Jan 18 03:25 ModularCG_A2_B2_profile.class
-rw-rw-r--   1 travis travis  1262 Jan 18 03:25 ModularCG_A2_B2_profile.java
-rw-rw-r--   1 travis travis  4870 Jan 18 03:25 ModularCG_A2.class
-rw-rw-r--   1 travis travis 15129 Jan 18 03:25 ModularCG_A2.java
-rw-rw-r--   1 travis travis   808 Jan 18 03:25 ModularCG_A2.mk
-rw-rw-r--   1 travis travis  1433 Jan 18 03:25 ModularCG_A2_profile.class
-rw-rw-r--   1 travis travis  1704 Jan 18 03:25 ModularCG_A2_profile.java
-rw-rw-r--   1 travis travis  3473 Jan 18 03:25 ModularCGPubSub_A1_A2.class
-rw-rw-r--   1 travis travis  9076 Jan 18 03:25 ModularCGPubSub_A1_A2.java
-rw-rw-r--   1 travis travis   880 Jan 18 03:25 ModularCGPubSub_A1_A2.mk
-rw-rw-r--   1 travis travis  1300 Jan 18 03:25 ModularCGPubSub_A1_A2_profile.class
-rw-rw-r--   1 travis travis  1222 Jan 18 03:25 ModularCGPubSub_A1_A2_profile.java
-rw-rw-r--   1 travis travis  3790 Jan 18 03:25 ModularCGPubSub_A1.class
-rw-rw-r--   1 travis travis  9836 Jan 18 03:25 ModularCGPubSub_A1.java
-rw-rw-r--   1 travis travis   856 Jan 18 03:25 ModularCGPubSub_A1.mk
-rw-rw-r--   1 travis travis  1346 Jan 18 03:25 ModularCGPubSub_A1_profile.class
-rw-rw-r--   1 travis travis  1388 Jan 18 03:25 ModularCGPubSub_A1_profile.java
-rw-rw-r--   1 travis travis  3988 Jan 18 03:25 ModularCodeGen2_ModularCodeGenTypedCompositeActor.class
-rw-rw-r--   1 travis travis 11690 Jan 18 03:25 ModularCodeGen2_ModularCodeGenTypedCompositeActor.java
-rw-rw-r--   1 travis travis  1104 Jan 18 03:25 ModularCodeGen2_ModularCodeGenTypedCompositeActor.mk
-rw-rw-r--   1 travis travis  4272 Jan 18 03:25 ModularCodeGen2_ModularCodeGenTypedCompositeActor_ModularCodeGenTypedCompositeActor.class
-rw-rw-r--   1 travis travis 11790 Jan 18 03:25 ModularCodeGen2_ModularCodeGenTypedCompositeActor_ModularCodeGenTypedCompositeActor.java
-rw-rw-r--   1 travis travis  1376 Jan 18 03:25 ModularCodeGen2_ModularCodeGenTypedCompositeActor_ModularCodeGenTypedCompositeActor.mk
-rw-rw-r--   1 travis travis  1421 Jan 18 03:25 ModularCodeGen2_ModularCodeGenTypedCompositeActor_ModularCodeGenTypedCompositeActor_profile.class
-rw-rw-r--   1 travis travis  1294 Jan 18 03:25 ModularCodeGen2_ModularCodeGenTypedCompositeActor_ModularCodeGenTypedCompositeActor_profile.java
-rw-rw-r--   1 travis travis   820 Jan 18 03:25 ModularCodeGen2_ModularCodeGenTypedCompositeActor_profile.class
-rw-rw-r--   1 travis travis   693 Jan 18 03:25 ModularCodeGen2_ModularCodeGenTypedCompositeActor_profile.java
-rw-rw-r--   1 travis travis  3741 Jan 18 03:25 ModularCodeGen3_A1_B1.class
-rw-rw-r--   1 travis travis  9958 Jan 18 03:25 ModularCodeGen3_A1_B1.java
-rw-rw-r--   1 travis travis   880 Jan 18 03:25 ModularCodeGen3_A1_B1.mk
-rw-rw-r--   1 travis travis  1330 Jan 18 03:25 ModularCodeGen3_A1_B1_profile.class
-rw-rw-r--   1 travis travis  1274 Jan 18 03:25 ModularCodeGen3_A1_B1_profile.java
-rw-rw-r--   1 travis travis  3741 Jan 18 03:25 ModularCodeGen3_A1_B2.class
-rw-rw-r--   1 travis travis  9958 Jan 18 03:25 ModularCodeGen3_A1_B2.java
-rw-rw-r--   1 travis travis   880 Jan 18 03:25 ModularCodeGen3_A1_B2.mk
-rw-rw-r--   1 travis travis  1330 Jan 18 03:25 ModularCodeGen3_A1_B2_profile.class
-rw-rw-r--   1 travis travis  1274 Jan 18 03:25 ModularCodeGen3_A1_B2_profile.java
-rw-rw-r--   1 travis travis  4961 Jan 18 03:26 ModularCodeGen3_A1.class
-rw-rw-r--   1 travis travis 15564 Jan 18 03:26 ModularCodeGen3_A1.java
-rw-rw-r--   1 travis travis   856 Jan 18 03:26 ModularCodeGen3_A1.mk
-rw-rw-r--   1 travis travis  1445 Jan 18 03:26 ModularCodeGen3_A1_profile.class
-rw-rw-r--   1 travis travis  1716 Jan 18 03:25 ModularCodeGen3_A1_profile.java
-rw-rw-r--   1 travis travis  3887 Jan 18 03:26 ModularCodeGen3_A2_B1.class
-rw-rw-r--   1 travis travis 10955 Jan 18 03:26 ModularCodeGen3_A2_B1.java
-rw-rw-r--   1 travis travis   880 Jan 18 03:26 ModularCodeGen3_A2_B1.mk
-rw-rw-r--   1 travis travis  1393 Jan 18 03:26 ModularCodeGen3_A2_B1_profile.class
-rw-rw-r--   1 travis travis  1458 Jan 18 03:26 ModularCodeGen3_A2_B1_profile.java
-rw-rw-r--   1 travis travis  3741 Jan 18 03:26 ModularCodeGen3_A2_B2.class
-rw-rw-r--   1 travis travis  9958 Jan 18 03:26 ModularCodeGen3_A2_B2.java
-rw-rw-r--   1 travis travis   880 Jan 18 03:26 ModularCodeGen3_A2_B2.mk
-rw-rw-r--   1 travis travis  1330 Jan 18 03:26 ModularCodeGen3_A2_B2_profile.class
-rw-rw-r--   1 travis travis  1274 Jan 18 03:26 ModularCodeGen3_A2_B2_profile.java
-rw-rw-r--   1 travis travis  5038 Jan 18 03:26 ModularCodeGen3_A2.class
-rw-rw-r--   1 travis travis 15957 Jan 18 03:26 ModularCodeGen3_A2.java
-rw-rw-r--   1 travis travis   856 Jan 18 03:26 ModularCodeGen3_A2.mk
-rw-rw-r--   1 travis travis  1445 Jan 18 03:26 ModularCodeGen3_A2_profile.class
-rw-rw-r--   1 travis travis  1716 Jan 18 03:26 ModularCodeGen3_A2_profile.java
-rw-rw-r--   1 travis travis  3794 Jan 18 03:26 ModularCodeGen4_A1_B1.class
-rw-rw-r--   1 travis travis 10312 Jan 18 03:26 ModularCodeGen4_A1_B1.java
-rw-rw-r--   1 travis travis   880 Jan 18 03:26 ModularCodeGen4_A1_B1.mk
-rw-rw-r--   1 travis travis  1330 Jan 18 03:26 ModularCodeGen4_A1_B1_profile.class
-rw-rw-r--   1 travis travis  1273 Jan 18 03:26 ModularCodeGen4_A1_B1_profile.java
-rw-rw-r--   1 travis travis  3794 Jan 18 03:26 ModularCodeGen4_A1_B2.class
-rw-rw-r--   1 travis travis 10312 Jan 18 03:26 ModularCodeGen4_A1_B2.java
-rw-rw-r--   1 travis travis   880 Jan 18 03:26 ModularCodeGen4_A1_B2.mk
-rw-rw-r--   1 travis travis  1330 Jan 18 03:26 ModularCodeGen4_A1_B2_profile.class
-rw-rw-r--   1 travis travis  1273 Jan 18 03:26 ModularCodeGen4_A1_B2_profile.java
-rw-rw-r--   1 travis travis  5101 Jan 18 03:26 ModularCodeGen4_A1.class
-rw-rw-r--   1 travis travis 16245 Jan 18 03:26 ModularCodeGen4_A1.java
-rw-rw-r--   1 travis travis   856 Jan 18 03:26 ModularCodeGen4_A1.mk
-rw-rw-r--   1 travis travis  1445 Jan 18 03:26 ModularCodeGen4_A1_profile.class
-rw-rw-r--   1 travis travis  1712 Jan 18 03:26 ModularCodeGen4_A1_profile.java
-rw-rw-r--   1 travis travis  3988 Jan 18 03:26 ModularCodeGen4_A2_B1.class
-rw-rw-r--   1 travis travis 11375 Jan 18 03:26 ModularCodeGen4_A2_B1.java
-rw-rw-r--   1 travis travis   880 Jan 18 03:26 ModularCodeGen4_A2_B1.mk
-rw-rw-r--   1 travis travis  1393 Jan 18 03:26 ModularCodeGen4_A2_B1_profile.class
-rw-rw-r--   1 travis travis  1454 Jan 18 03:26 ModularCodeGen4_A2_B1_profile.java
-rw-rw-r--   1 travis travis  3842 Jan 18 03:26 ModularCodeGen4_A2_B2.class
-rw-rw-r--   1 travis travis 10378 Jan 18 03:26 ModularCodeGen4_A2_B2.java
-rw-rw-r--   1 travis travis   880 Jan 18 03:26 ModularCodeGen4_A2_B2.mk
-rw-rw-r--   1 travis travis  1330 Jan 18 03:26 ModularCodeGen4_A2_B2_profile.class
-rw-rw-r--   1 travis travis  1270 Jan 18 03:26 ModularCodeGen4_A2_B2_profile.java
-rw-rw-r--   1 travis travis  5274 Jan 18 03:26 ModularCodeGen4_A2.class
-rw-rw-r--   1 travis travis 16770 Jan 18 03:26 ModularCodeGen4_A2.java
-rw-rw-r--   1 travis travis   856 Jan 18 03:26 ModularCodeGen4_A2.mk
-rw-rw-r--   1 travis travis  1445 Jan 18 03:26 ModularCodeGen4_A2_profile.class
-rw-rw-r--   1 travis travis  1712 Jan 18 03:26 ModularCodeGen4_A2_profile.java
-rw-rw-r--   1 travis travis  6838 Jan 18 03:26 ModularCodeGen5_A_A.class
-rw-rw-r--   1 travis travis 28721 Jan 18 03:26 ModularCodeGen5_A_A.java
-rw-rw-r--   1 travis travis   864 Jan 18 03:26 ModularCodeGen5_A_A.mk
-rw-rw-r--   1 travis travis  1520 Jan 18 03:26 ModularCodeGen5_A_A_profile.class
-rw-rw-r--   1 travis travis  1815 Jan 18 03:26 ModularCodeGen5_A_A_profile.java
-rw-rw-r--   1 travis travis  5115 Jan 18 03:26 ModularCodeGen5_A.class
-rw-rw-r--   1 travis travis 13769 Jan 18 03:26 ModularCodeGen5_A.java
-rw-rw-r--   1 travis travis   848 Jan 18 03:26 ModularCodeGen5_A.mk
-rw-rw-r--   1 travis travis  1422 Jan 18 03:26 ModularCodeGen5_A_profile.class
-rw-rw-r--   1 travis travis  1605 Jan 18 03:26 ModularCodeGen5_A_profile.java
-rw-rw-r--   1 travis travis  4125 Jan 18 03:26 ModularCodeGen6_A_A2.class
-rw-rw-r--   1 travis travis 11329 Jan 18 03:26 ModularCodeGen6_A_A2.java
-rw-rw-r--   1 travis travis   872 Jan 18 03:26 ModularCodeGen6_A_A2.mk
-rw-rw-r--   1 travis travis  1351 Jan 18 03:26 ModularCodeGen6_A_A2_profile.class
-rw-rw-r--   1 travis travis  1364 Jan 18 03:26 ModularCodeGen6_A_A2_profile.java
-rw-rw-r--   1 travis travis  4108 Jan 18 03:26 ModularCodeGen6_A_A.class
-rw-rw-r--   1 travis travis 11221 Jan 18 03:26 ModularCodeGen6_A_A.java
-rw-rw-r--   1 travis travis   864 Jan 18 03:26 ModularCodeGen6_A_A.mk
-rw-rw-r--   1 travis travis  1348 Jan 18 03:26 ModularCodeGen6_A_A_profile.class
-rw-rw-r--   1 travis travis  1361 Jan 18 03:26 ModularCodeGen6_A_A_profile.java
-rw-rw-r--   1 travis travis  7237 Jan 18 03:26 ModularCodeGen6_A.class
-rw-rw-r--   1 travis travis 26535 Jan 18 03:26 ModularCodeGen6_A.java
-rw-rw-r--   1 travis travis   848 Jan 18 03:26 ModularCodeGen6_A.mk
-rw-rw-r--   1 travis travis  1483 Jan 18 03:26 ModularCodeGen6_A_profile.class
-rw-rw-r--   1 travis travis  1810 Jan 18 03:26 ModularCodeGen6_A_profile.java
-rw-rw-r--   1 travis travis  1091 Jan 18 03:26 ModularCodeGenLazyPubSub_LazyCompositeActor_profile.java
-rw-rw-r--   1 travis travis  3954 Jan 18 03:25 ModularCodeGen_ModularCodeGenTypedCompositeActor.class
-rw-rw-r--   1 travis travis 10970 Jan 18 03:25 ModularCodeGen_ModularCodeGenTypedCompositeActor.java
-rw-rw-r--   1 travis travis  1096 Jan 18 03:25 ModularCodeGen_ModularCodeGenTypedCompositeActor.mk
-rw-rw-r--   1 travis travis  1384 Jan 18 03:25 ModularCodeGen_ModularCodeGenTypedCompositeActor_profile.class
-rw-rw-r--   1 travis travis  1328 Jan 18 03:25 ModularCodeGen_ModularCodeGenTypedCompositeActor_profile.java
-rw-rw-r--   1 travis travis  3492 Jan 18 03:25 ModularCodeGenTest_A1_A2.class
-rw-rw-r--   1 travis travis   904 Jan 18 03:25 ModularCodeGenTest_A1_A2.mk
-rw-rw-r--   1 travis travis  1306 Jan 18 03:25 ModularCodeGenTest_A1_A2_profile.class
-rw-rw-r--   1 travis travis  9968 Jan 18 03:25 ModularCodeGenTest_A1.java
-rw-rw-r--   1 travis travis   880 Jan 18 03:25 ModularCodeGenTest_A1.mk
drwxrwxr-x   3 travis travis 36864 Jan 18 03:25 modulation2
drwxrwxr-x   3 travis travis 20480 Jan 18 03:21 Multiplexor
drwxrwxr-x 249 travis travis 12288 Jan 18 03:25 node_modules
drwxrwxr-x   3 travis travis 20480 Jan 18 03:22 PhaseUnwrap
-rw-rw-r--   1 travis travis   520 Jan 18 03:25 Repeat$_fireFunction_Repeat_Repeat$__f_sL_0.class
-rw-rw-r--   1 travis travis   522 Jan 18 03:25 Repeat$_fireFunction_Repeat_Repeat$__f_sL_10.class
-rw-rw-r--   1 travis travis   666 Jan 18 03:25 Repeat$_fireFunction_Repeat_Repeat$__f_sL_11.class
-rw-rw-r--   1 travis travis   522 Jan 18 03:25 Repeat$_fireFunction_Repeat_Repeat$__f_sL_13.class
-rw-rw-r--   1 travis travis   665 Jan 18 03:25 Repeat$_fireFunction_Repeat_Repeat$__f_sL_1.class
-rw-rw-r--   1 travis travis   520 Jan 18 03:25 Repeat$_fireFunction_Repeat_Repeat$__f_sL_2.class
-rw-rw-r--   1 travis travis   520 Jan 18 03:25 Repeat$_fireFunction_Repeat_Repeat$__f_sL_3.class
-rw-rw-r--   1 travis travis   520 Jan 18 03:25 Repeat$_fireFunction_Repeat_Repeat$__f_sL_5.class
-rw-rw-r--   1 travis travis   671 Jan 18 03:25 Repeat$_fireFunction_Repeat_Repeat$__f_sL_7.class
-rw-rw-r--   1 travis travis   520 Jan 18 03:25 Repeat$_fireFunction_Repeat_Repeat$__f_sL_9.class
-rw-rw-r--   1 travis travis   813 Jan 18 03:25 Repeat$_initialize_Repeat.class
-rw-rw-r--   1 travis travis   475 Jan 18 03:25 Repeat$_initialize_Repeat$__i_sL_0.class
-rw-rw-r--   1 travis travis   519 Jan 18 03:25 Repeat$_initialize_Repeat$__i_sL_3.class
-rw-rw-r--   1 travis travis 39778 Jan 18 03:25 Repeat.java
-rw-rw-r--   1 travis travis  1281 Jan 18 03:25 Repeat.mk
-rw-rw-r--   1 travis travis   520 Jan 18 03:25 Repeat$_preinitializeMethod_Repeat$__p_sL_0.class
-rw-rw-r--   1 travis travis   520 Jan 18 03:25 Repeat$_preinitializeMethod_Repeat$__p_sL_1.class
-rw-rw-r--   1 travis travis  1083 Jan 18 03:25 Repeat$_Repeat$_fireFunction_Repeat_AddSubtract_Repeat.class
-rw-rw-r--   1 travis travis   791 Jan 18 03:25 Repeat$_Repeat$_fireFunction_Repeat_AddSubtract_Repeat$__f_sL_0.class
-rw-rw-r--   1 travis travis   909 Jan 18 03:25 Repeat$_Repeat$_fireFunction_Repeat_AddSubtract_Repeat$__f_sL_1.class
-rw-rw-r--   1 travis travis   915 Jan 18 03:25 Repeat$_Repeat$_fireFunction_Repeat_AddSubtract_Repeat$__f_sL_2.class
-rw-rw-r--   1 travis travis   838 Jan 18 03:25 Repeat$_Repeat$_fireFunction_Repeat_Ramp2_Repeat$__f_sL_1.class
-rw-rw-r--   1 travis travis  1785 Jan 18 03:25 Repeat$_Repeat$_fireFunction_Repeat_Test_Repeat$__f_sL_2.class
-rw-rw-r--   1 travis travis   685 Jan 18 03:25 Repeat$_Repeat_SDF_Director_run_Repeat$__R_sL_0.class
-rw-rw-r--   1 travis travis   540 Jan 18 03:25 Repeat$_Repeat_SDF_Director_run_Repeat$__R_sL_1.class
-rw-rw-r--   1 travis travis   540 Jan 18 03:25 Repeat$_Repeat_SDF_Director_run_Repeat$__R_sL_2.class
-rw-rw-r--   1 travis travis   540 Jan 18 03:25 Repeat$_Repeat_SDF_Director_run_Repeat$__R_sL_4.class
-rw-rw-r--   1 travis travis   540 Jan 18 03:25 Repeat$_Repeat_SDF_Director_run_Repeat$__R_sL_5.class
-rw-rw-r--   1 travis travis   691 Jan 18 03:25 Repeat$_Repeat_SDF_Director_run_Repeat$__R_sL_6.class
-rw-rw-r--   1 travis travis   540 Jan 18 03:25 Repeat$_Repeat_SDF_Director_run_Repeat$__R_sL_7.class
-rw-rw-r--   1 travis travis   863 Jan 18 03:25 Repeat$_varinit_Repeat.class
-rw-rw-r--   1 travis travis   530 Jan 18 03:25 Repeat$_varinit_Repeat$__v_sL_1.class
-rw-rw-r--   1 travis travis   531 Jan 18 03:25 Repeat$_varinit_Repeat$__v_sL_2.class
-rw-rw-r--   1 travis travis   905 Jan 18 03:25 Repeat$_varinit_Repeat$__v_sL_4.class
-rw-rw-r--   1 travis travis   635 Jan 18 03:25 Repeat$_wrapup_Repeat.class
-rw-rw-r--   1 travis travis   965 Jan 18 03:25 Repeat$_wrapup_Repeat$__w_sL_1.class
-rw-rw-r--   1 travis travis   289 Jan 18 03:19 result.csv
drwxrwxr-x   3 travis travis 12288 Jan 18 03:23 Scrambler1
drwxrwxr-x   3 travis travis 20480 Jan 18 03:22 Sinewave2
drwxrwxr-x   3 travis travis 69632 Jan 18 03:23 StringCompare
drwxrwxr-x   3 travis travis 32768 Jan 18 03:23 StringFunction
drwxrwxr-x   3 travis travis 12288 Jan 18 03:23 StringLength
drwxrwxr-x   3 travis travis 57344 Jan 18 03:24 StringSimpleReplace
drwxrwxr-x   3 travis travis 12288 Jan 18 03:24 time2
drwxrwxr-x   3 travis travis 12288 Jan 18 03:25 time5
-rw-rw-r--   1 travis travis   432 Jan 18 03:26 Token.class
-rw-rw-r--   1 travis travis   251 Jan 18 03:26 Token.java
-rw-rw-r--   1 travis travis     0 Jan 18 03:25 top.
-rw-rw-r--   1 travis travis 20502 Jan 18 03:19 top.c
-rw-rw-r--   1 travis travis  3567 Jan 18 03:25 top.class
-rw-rw-r--   1 travis travis   169 Jan 18 03:19 top.html
-rw-rw-r--   1 travis travis  7552 Jan 18 03:25 top.java
-rw-rw-r--   1 travis travis 38888 Jan 18 03:19 top.o
drwxrwxr-x   3 travis travis 57344 Jan 18 03:22 UnaryMathFunction
warning: Supported source version 'RELEASE_6' from annotation processor 'org.netbeans.modules.openide.util.NbBundleProcessor' less than -source '1.8'
warning: Supported source version 'RELEASE_6' from annotation processor 'org.netbeans.modules.openide.util.URLStreamHandlerRegistrationProcessor' less than -source '1.8'
warning: Supported source version 'RELEASE_6' from annotation processor 'org.netbeans.modules.openide.util.ServiceProviderProcessor' less than -source '1.8'
3 warnings
All Done
Writing ModularCodeGenLazyPubSub_LazyCompositeActor.java in file:/home/travis/cg/ (11122 characters)
Reading "ptolemy/cg/kernel/generic/program/procedural/java/modular/makefile.in",
    writing "/home/travis/cg/ModularCodeGenLazyPubSub_LazyCompositeActor.mk"
Using ptolemy/cg/kernel/generic/program/procedural/java/modular/makefile.in
In "/home/travis/cg", about to execute:
    make -f ModularCodeGenLazyPubSub_LazyCompositeActor.mk
javac -classpath ".:.."    ModularCodeGenLazyPubSub_LazyCompositeActor.java
All Done
2120 ms. Memory: 116224K Free: 34248K (29%)
----------------- Invoking toplevel() on ptolemy.moml.MoMLSimpleApplication@170d7b3a
----------------- Done invoking toplevel() on ptolemy.moml.MoMLSimpleApplication@170d7b3a
reloadAllAccessors: .ModularCodeGenLazyPubSub

===========================================================================================
----------------- testing Fri Jan 18 03:26:37 UTC 2019 /home/travis/build/icyphy/ptII/ptolemy/cg/lib/test/auto/ModularCodeGenLazyPubSubGlobal.xml
----------------- Instantiating /home/travis/build/icyphy/ptII/ptolemy/cg/lib/test/auto/ModularCodeGenLazyPubSubGlobal.xml
In "/home/travis/cg", about to execute:
    pwd
In "/home/travis/cg", about to execute:
    ls -l
/home/travis/cg
In "/home/travis/cg", about to execute:
    javac -classpath
.:/home/travis/build/icyphy/ptII:/home/travis/build/icyphy/ptII/lib/bsh-2.0b4.j
ar:/home/travis/build/icyphy/ptII/lib/ptCal.jar:/home/travis/build/icyphy/ptII/
lib/java_cup.jar:/home/travis/build/icyphy/ptII/lib/saxon8.jar:/home/travis/bui
ld/icyphy/ptII/lib/saxon8-dom.jar:/home/travis/build/icyphy/ptII/lib/chic.jar:/
home/travis/build/icyphy/ptII/lib/ptcolt.jar:/usr/lib/jvm/java-8-oracle/lib/too
ls.jar:/usr/lib/eclipse/plugins/org.eclipse.jdt.core_3.8.2.dist.jar:/usr/lib/ec
lipse/plugins/org.eclipse.core.runtime_3.8.0.dist.jar:/usr/lib/eclipse/plugins/
org.eclipse.osgi_3.8.1.dist.jar:/usr/lib/eclipse/plugins/org.eclipse.core.resou
rces_3.8.1.dist.jar:/usr/lib/eclipse/plugins/org.eclipse.equinox.common_3.6.100
.dist.jar:/usr/lib/eclipse/plugins/org.eclipse.core.jobs_3.5.200.dist.jar:/usr/
lib/eclipse/plugins/org.eclipse.core.contenttype_3.4.200.dist.jar:/usr/lib/ecli
pse/plugins/org.eclipse.equinox.preferences_3.5.0.dist.jar:/usr/lib/eclipse/plu
gins/org.eclipse.text_3.5.200.dist.jar:/usr/lib/eclipse/plugins/org.eclipse.ui.
workbench_3.8.1.dist.jar:/usr/lib/eclipse/plugins/org.eclipse.jface_3.8.0.dist.
jar:/usr/lib/eclipse/plugins/org.eclipse.swt_3.8.2.jar:/usr/lib/eclipse/plugins
/org.eclipse.jface.text_3.8.1.dist.jar:/usr/lib/eclipse/plugins/org.eclipse.ui.
workbench.texteditor_3.8.0.dist.jar:/usr/lib/eclipse/plugins/org.eclipse.ui.edi
tors_3.8.0.dist.jar:/usr/lib/eclipse/plugins/org.eclipse.core.commands_3.6.1.di
st.jar:/usr/lib/eclipse/plugins/org.eclipse.equinox.registry_3.5.200.dist.jar:/
usr/lib/eclipse/plugins/org.eclipse.ui.console_3.5.100.dist.jar:/usr/lib/eclips
e/plugins/org.eclipse.ui.forms_3.5.200.dist.jar:/usr/lib/eclipse/plugins/org.ec
lipse.ui.ide_3.8.1.dist.jar:/home/travis/build/icyphy/ptII/vendors/oracle/dbxml
.jar:/home/travis/build/icyphy/ptII/vendors/oracle/db.jar:/home/travis/build/ic
yphy/ptII/vendors/misc/itext/iText.jar:/home/travis/build/icyphy/ptII/lib/g4ltl
.jar:/home/travis/build/icyphy/ptII/lib/StructuralCoder.jar:/home/travis/build/
icyphy/ptII/lib/org-openide-util.jar:/home/travis/build/icyphy/ptII/lib/org-ope
nide-util-lookup.jar:/home/travis/build/icyphy/ptII/lib/org-netbeans-api-visual
.jar:/home/travis/build/icyphy/ptII/vendors/jai-1_1_2_01/lib/jai_core.jar:/home
/travis/build/icyphy/ptII/vendors/jai-1_1_2_01/lib/jai_codec.jar:/home/travis/b
uild/icyphy/ptII/lib/jcerti.jar:/home/travis/build/icyphy/ptII/lib/smack.jar:/h
ome/travis/build/icyphy/ptII/lib/smackx.jar:/home/travis/build/icyphy/ptII/lib/
jetty-all-8.1.5-v20120716.jar:/home/travis/build/icyphy/ptII/lib/javax.servlet-
api-3.0.1.jar:/home/travis/build/icyphy/ptII/lib/javax.mail.jar:/home/travis/bu
ild/icyphy/ptII/vendors/JMF-2.1.1e/lib/jmf.jar:/home/travis/build/icyphy/ptII/l
ib/jna-4.0.0-variadic.jar:/home/travis/build/icyphy/ptII/vendors/misc/joystick/
Joystick.jar:/home/travis/build/icyphy/ptII/lib/ptjacl.jar:/home/travis/build/i
cyphy/ptII/lib/jsoup-1.8.2.jar:/home/travis/build/icyphy/ptII/lib/junit-4.8.2.j
ar:/home/travis/build/icyphy/ptII/lib/JUnitParams-0.4.0.jar:/home/travis/build/
icyphy/ptII/ptolemy/actor/lib/excel/jxl.jar:/home/travis/build/icyphy/ptII/lib/
jython.jar:/home/travis/build/icyphy/ptII/lib/kieler.jar:/home/travis/build/icy
phy/ptII/vendors/opencv/share/OpenCV/java/opencv-341.jar:/home/travis/build/icy
phy/ptII/lib/oscP5.jar:/home/travis/build/icyphy/ptII/lib/nrjavaserial-3.11.0.d
evel.jar:/home/travis/build/icyphy/ptII/vendors/j3d/lib/j3dcore.jar:/home/travi
s/build/icyphy/ptII/vendors/j3d/lib/j3dutils.jar:/home/travis/build/icyphy/ptII
/vendors/j3d/lib/vecmath.jar:/home/travis/build/icyphy/ptII/ptolemy/distributed
/jini/jar/jini-core.jar:/home/travis/build/icyphy/ptII/ptolemy/distributed/jini
/jar/jini-ext.jar:/home/travis/build/icyphy/ptII/ptolemy/distributed/jini/jar/s
un-util.jar:/home/travis/build/icyphy/ptII/lib/protobuf-java-2.4.1.jar:/home/tr
avis/build/icyphy/ptII/lib/org.eclipse.paho.client.mqttv3.jar:/home/travis/buil
d/icyphy/ptII/ptserver/lib/hessian-4.0.7.jar:/home/travis/build/icyphy/ptII/pts
erver/lib/wmqtt.jar:/home/travis/build/icyphy/ptII/lib/mapss.jar:/home/travis/b
uild/icyphy/ptII/ptolemy/actor/ptalon/antlr/antlr.jar:/home/travis/build/icyphy
/ptII/lib/JRI.jar:/home/travis/build/icyphy/ptII/lib/commons-lang-2.6.jar:/home
/travis/build/icyphy/ptII/lib/commons-logging-1.1.1.jar:/home/travis/build/icyp
hy/ptII/lib/sootclasses.jar:/home/travis/build/icyphy/ptII/ptolemy/actor/lib/da
tabase/mysql-connector-java-5.1.6-bin.jar:/home/travis/build/icyphy/ptII/vendor
s/misc/sphinx4/sphinx4-data-5prealpha.jar:/home/travis/build/icyphy/ptII/vendor
s/misc/sphinx4/sphinx4-core-5prealpha.jar:/home/travis/build/icyphy/ptII/lib/PD
FRenderer.jar:/home/travis/build/icyphy/ptII/lib/svgSalamander.jar:/home/travis
/build/icyphy/ptII/lib/rsyntaxtextarea-2.6.0-SNAPSHOT.jar:/home/travis/build/ic
yphy/ptII/lib/hazelcast-3.8.2.jar:/home/travis/build/icyphy/ptII/lib/jackson-an
notations-2.9.0.jar:/home/travis/build/icyphy/ptII/lib/jackson-core-2.9.3.jar:/
home/travis/build/icyphy/ptII/lib/jackson-databind-2.9.3.jar:/home/travis/build
/icyphy/ptII/lib/netty-buffer-4.1.19.Final.jar:/home/travis/build/icyphy/ptII/l
ib/netty-codec-4.1.19.Final.jar:/home/travis/build/icyphy/ptII/lib/netty-codec-
dns-4.1.19.Final.jar:/home/travis/build/icyphy/ptII/lib/netty-codec-http-4.1.19
.Final.jar:/home/travis/build/icyphy/ptII/lib/netty-codec-http2-4.1.19.Final.ja
r:/home/travis/build/icyphy/ptII/lib/netty-common-4.1.19.Final.jar:/home/travis
/build/icyphy/ptII/lib/netty-handler-4.1.19.Final.jar:/home/travis/build/icyphy
/ptII/lib/netty-resolver-4.1.19.Final.jar:/home/travis/build/icyphy/ptII/lib/ne
tty-resolver-dns-4.1.19.Final.jar:/home/travis/build/icyphy/ptII/lib/netty-tran
sport-4.1.19.Final.jar:/home/travis/build/icyphy/ptII/lib/vertx-codegen-3.5.1.j
ar:/home/travis/build/icyphy/ptII/lib/vertx-core-3.5.2-SNAPSHOT.jar:/home/travi
s/build/icyphy/ptII/lib/vertx-hazelcast-3.5.1.jar:/home/travis/build/icyphy/ptI
I/lib/vertx-lang-js-3.5.1.jar:/home/travis/build/icyphy/ptII/lib/vertx-service-
proxy-3.5.1.jar:/home/travis/build/icyphy/ptII/lib/vertx-web-3.5.1.jar:/home/tr
avis/build/icyphy/ptII/lib/slf4j-api-1.7.13.jar:/home/travis/build/icyphy/ptII/
lib/slf4j-simple-1.7.13.jar:/home/travis/build/icyphy/ptII/lib/webcam-capture-0
.3.12.jar:/home/travis/build/icyphy/ptII/lib/bridj-0.7.0.jar:/home/travis/build
/icyphy/ptII/lib/xbjlib-1.1.0.nrjavaserial.jar:/home/travis/build/icyphy/ptII/p
tolemy/moml/test:/home/travis/build/icyphy/ptII/ant/lib/ant-launcher.jar:/home/
travis/build/icyphy/ptII/ant/lib/ant.jar:/home/travis/build/icyphy/ptII/ant/lib
/ant-junit.jar:/home/travis/build/icyphy/ptII/ant/lib/ant-junit4.jar:/home/trav
is/build/icyphy/ptII
ModularCodeGenLazyPubSubGlobal_CompositeActor_ModularCodeGenTypedComposite_prof
ile.java
total 1948
drwxrwxr-x   3 travis travis 12288 Jan 18 03:20 AbsoluteValue
drwxrwxr-x   3 travis travis 16384 Jan 18 03:20 Case1
drwxrwxr-x   3 travis travis 32768 Jan 18 03:20 Case2
-rw-rw-r--   1 travis travis  4895 Jan 18 03:25 CompiledCompositeActor_CompiledCompositeActor.class
-rw-rw-r--   1 travis travis  1592 Jan 18 03:25 CompiledCompositeActor_CompiledCompositeActor$_CompiledCompositeActor_CompiledCompositeActor.class
-rw-rw-r--   1 travis travis 13466 Jan 18 03:25 CompiledCompositeActor_CompiledCompositeActor.java
-rw-rw-r--   1 travis travis  1593 Jan 18 03:25 CompiledCompositeActor_CompiledCompositeActor.mk
drwxrwxr-x   3 travis travis 24576 Jan 18 03:23 DeScrambler
drwxrwxr-x   3 travis travis 16384 Jan 18 03:24 DotProduct
drwxrwxr-x   3 travis travis 12288 Jan 18 03:21 FileWriter1
drwxrwxr-x   3 travis travis 20480 Jan 18 03:20 FixToDoubleAndBack
drwxrwxr-x   3 travis travis 16384 Jan 18 03:21 Gaussian1
drwxrwxr-x   3 travis travis 20480 Jan 18 03:21 Gaussian2
-rw-rw-r--   1 travis travis  4457 Jan 18 03:25 JavaCompiledCompositeTest1_CompiledCompositeActor.class
-rw-rw-r--   1 travis travis 11637 Jan 18 03:25 JavaCompiledCompositeTest1_CompiledCompositeActor.java
-rw-rw-r--   1 travis travis  1198 Jan 18 03:25 JavaCompiledCompositeTest1_CompiledCompositeActor$_JavaCompiledCompositeTest1_CompiledCompositeActor.class
-rw-rw-r--   1 travis travis  1625 Jan 18 03:25 JavaCompiledCompositeTest1_CompiledCompositeActor.mk
-rw-rw-r--   1 travis travis  4888 Jan 18 03:25 JavaCompiledCompositeTest2_CompiledCompositeActor.class
-rw-rw-r--   1 travis travis 14919 Jan 18 03:25 JavaCompiledCompositeTest2_CompiledCompositeActor.java
-rw-rw-r--   1 travis travis  1793 Jan 18 03:25 JavaCompiledCompositeTest2_CompiledCompositeActor$_JavaCompiledCompositeTest2_CompiledCompositeActor.class
-rw-rw-r--   1 travis travis  1625 Jan 18 03:25 JavaCompiledCompositeTest2_CompiledCompositeActor.mk
-rw-rw-r--   1 travis travis  4505 Jan 18 03:25 JavaCompiledCompositeTest3_CompiledCompositeActor.class
-rw-rw-r--   1 travis travis 13080 Jan 18 03:25 JavaCompiledCompositeTest3_CompiledCompositeActor.java
-rw-rw-r--   1 travis travis  1378 Jan 18 03:25 JavaCompiledCompositeTest3_CompiledCompositeActor$_JavaCompiledCompositeTest3_CompiledCompositeActor.class
-rw-rw-r--   1 travis travis  1625 Jan 18 03:25 JavaCompiledCompositeTest3_CompiledCompositeActor.mk
-rw-rw-r--   1 travis travis  3953 Jan 18 03:25 JavaCompiledCompositeTest4_CompiledCompositeActor.class
-rw-rw-r--   1 travis travis  9687 Jan 18 03:25 JavaCompiledCompositeTest4_CompiledCompositeActor.java
-rw-rw-r--   1 travis travis   857 Jan 18 03:25 JavaCompiledCompositeTest4_CompiledCompositeActor$_JavaCompiledCompositeTest4_CompiledCompositeActor.class
-rw-rw-r--   1 travis travis  1625 Jan 18 03:25 JavaCompiledCompositeTest4_CompiledCompositeActor.mk
drwxrwxr-x   3 travis travis 12288 Jan 18 03:21 LookupTable
drwxrwxr-x   3 travis travis 20480 Jan 18 03:21 MaxIndex
-rw-rw-r--   1 travis travis  3693 Jan 18 03:25 ModularCG_A1_B1.class
-rw-rw-r--   1 travis travis  9730 Jan 18 03:25 ModularCG_A1_B1.java
-rw-rw-r--   1 travis travis   832 Jan 18 03:25 ModularCG_A1_B1.mk
-rw-rw-r--   1 travis travis  1318 Jan 18 03:25 ModularCG_A1_B1_profile.class
-rw-rw-r--   1 travis travis  1262 Jan 18 03:25 ModularCG_A1_B1_profile.java
-rw-rw-r--   1 travis travis  3693 Jan 18 03:25 ModularCG_A1_B2.class
-rw-rw-r--   1 travis travis  9730 Jan 18 03:25 ModularCG_A1_B2.java
-rw-rw-r--   1 travis travis   832 Jan 18 03:25 ModularCG_A1_B2.mk
-rw-rw-r--   1 travis travis  1318 Jan 18 03:25 ModularCG_A1_B2_profile.class
-rw-rw-r--   1 travis travis  1262 Jan 18 03:25 ModularCG_A1_B2_profile.java
-rw-rw-r--   1 travis travis  4799 Jan 18 03:25 ModularCG_A1.class
-rw-rw-r--   1 travis travis 14742 Jan 18 03:25 ModularCG_A1.java
-rw-rw-r--   1 travis travis   808 Jan 18 03:25 ModularCG_A1.mk
-rw-rw-r--   1 travis travis  1433 Jan 18 03:25 ModularCG_A1_profile.class
-rw-rw-r--   1 travis travis  1704 Jan 18 03:25 ModularCG_A1_profile.java
-rw-rw-r--   1 travis travis  3827 Jan 18 03:25 ModularCG_A2_B1.class
-rw-rw-r--   1 travis travis 10667 Jan 18 03:25 ModularCG_A2_B1.java
-rw-rw-r--   1 travis travis   832 Jan 18 03:25 ModularCG_A2_B1.mk
-rw-rw-r--   1 travis travis  1381 Jan 18 03:25 ModularCG_A2_B1_profile.class
-rw-rw-r--   1 travis travis  1446 Jan 18 03:25 ModularCG_A2_B1_profile.java
-rw-rw-r--   1 travis travis  3693 Jan 18 03:25 ModularCG_A2_B2.class
-rw-rw-r--   1 travis travis  9730 Jan 18 03:25 ModularCG_A2_B2.java
-rw-rw-r--   1 travis travis   832 Jan 18 03:25 ModularCG_A2_B2.mk
-rw-rw-r--   1 travis travis  1318 Jan 18 03:25 ModularCG_A2_B2_profile.class
-rw-rw-r--   1 travis travis  1262 Jan 18 03:25 ModularCG_A2_B2_profile.java
-rw-rw-r--   1 travis travis  4870 Jan 18 03:25 ModularCG_A2.class
-rw-rw-r--   1 travis travis 15129 Jan 18 03:25 ModularCG_A2.java
-rw-rw-r--   1 travis travis   808 Jan 18 03:25 ModularCG_A2.mk
-rw-rw-r--   1 travis travis  1433 Jan 18 03:25 ModularCG_A2_profile.class
-rw-rw-r--   1 travis travis  1704 Jan 18 03:25 ModularCG_A2_profile.java
-rw-rw-r--   1 travis travis  3473 Jan 18 03:25 ModularCGPubSub_A1_A2.class
-rw-rw-r--   1 travis travis  9076 Jan 18 03:25 ModularCGPubSub_A1_A2.java
-rw-rw-r--   1 travis travis   880 Jan 18 03:25 ModularCGPubSub_A1_A2.mk
-rw-rw-r--   1 travis travis  1300 Jan 18 03:25 ModularCGPubSub_A1_A2_profile.class
-rw-rw-r--   1 travis travis  1222 Jan 18 03:25 ModularCGPubSub_A1_A2_profile.java
-rw-rw-r--   1 travis travis  3790 Jan 18 03:25 ModularCGPubSub_A1.class
-rw-rw-r--   1 travis travis  9836 Jan 18 03:25 ModularCGPubSub_A1.java
-rw-rw-r--   1 travis travis   856 Jan 18 03:25 ModularCGPubSub_A1.mk
-rw-rw-r--   1 travis travis  1346 Jan 18 03:25 ModularCGPubSub_A1_profile.class
-rw-rw-r--   1 travis travis  1388 Jan 18 03:25 ModularCGPubSub_A1_profile.java
-rw-rw-r--   1 travis travis  3988 Jan 18 03:25 ModularCodeGen2_ModularCodeGenTypedCompositeActor.class
-rw-rw-r--   1 travis travis 11690 Jan 18 03:25 ModularCodeGen2_ModularCodeGenTypedCompositeActor.java
-rw-rw-r--   1 travis travis  1104 Jan 18 03:25 ModularCodeGen2_ModularCodeGenTypedCompositeActor.mk
-rw-rw-r--   1 travis travis  4272 Jan 18 03:25 ModularCodeGen2_ModularCodeGenTypedCompositeActor_ModularCodeGenTypedCompositeActor.class
-rw-rw-r--   1 travis travis 11790 Jan 18 03:25 ModularCodeGen2_ModularCodeGenTypedCompositeActor_ModularCodeGenTypedCompositeActor.java
-rw-rw-r--   1 travis travis  1376 Jan 18 03:25 ModularCodeGen2_ModularCodeGenTypedCompositeActor_ModularCodeGenTypedCompositeActor.mk
-rw-rw-r--   1 travis travis  1421 Jan 18 03:25 ModularCodeGen2_ModularCodeGenTypedCompositeActor_ModularCodeGenTypedCompositeActor_profile.class
-rw-rw-r--   1 travis travis  1294 Jan 18 03:25 ModularCodeGen2_ModularCodeGenTypedCompositeActor_ModularCodeGenTypedCompositeActor_profile.java
-rw-rw-r--   1 travis travis   820 Jan 18 03:25 ModularCodeGen2_ModularCodeGenTypedCompositeActor_profile.class
-rw-rw-r--   1 travis travis   693 Jan 18 03:25 ModularCodeGen2_ModularCodeGenTypedCompositeActor_profile.java
-rw-rw-r--   1 travis travis  3741 Jan 18 03:25 ModularCodeGen3_A1_B1.class
-rw-rw-r--   1 travis travis  9958 Jan 18 03:25 ModularCodeGen3_A1_B1.java
-rw-rw-r--   1 travis travis   880 Jan 18 03:25 ModularCodeGen3_A1_B1.mk
-rw-rw-r--   1 travis travis  1330 Jan 18 03:25 ModularCodeGen3_A1_B1_profile.class
-rw-rw-r--   1 travis travis  1274 Jan 18 03:25 ModularCodeGen3_A1_B1_profile.java
-rw-rw-r--   1 travis travis  3741 Jan 18 03:25 ModularCodeGen3_A1_B2.class
-rw-rw-r--   1 travis travis  9958 Jan 18 03:25 ModularCodeGen3_A1_B2.java
-rw-rw-r--   1 travis travis   880 Jan 18 03:25 ModularCodeGen3_A1_B2.mk
-rw-rw-r--   1 travis travis  1330 Jan 18 03:25 ModularCodeGen3_A1_B2_profile.class
-rw-rw-r--   1 travis travis  1274 Jan 18 03:25 ModularCodeGen3_A1_B2_profile.java
-rw-rw-r--   1 travis travis  4961 Jan 18 03:26 ModularCodeGen3_A1.class
-rw-rw-r--   1 travis travis 15564 Jan 18 03:26 ModularCodeGen3_A1.java
-rw-rw-r--   1 travis travis   856 Jan 18 03:26 ModularCodeGen3_A1.mk
-rw-rw-r--   1 travis travis  1445 Jan 18 03:26 ModularCodeGen3_A1_profile.class
-rw-rw-r--   1 travis travis  1716 Jan 18 03:25 ModularCodeGen3_A1_profile.java
-rw-rw-r--   1 travis travis  3887 Jan 18 03:26 ModularCodeGen3_A2_B1.class
-rw-rw-r--   1 travis travis 10955 Jan 18 03:26 ModularCodeGen3_A2_B1.java
-rw-rw-r--   1 travis travis   880 Jan 18 03:26 ModularCodeGen3_A2_B1.mk
-rw-rw-r--   1 travis travis  1393 Jan 18 03:26 ModularCodeGen3_A2_B1_profile.class
-rw-rw-r--   1 travis travis  1458 Jan 18 03:26 ModularCodeGen3_A2_B1_profile.java
-rw-rw-r--   1 travis travis  3741 Jan 18 03:26 ModularCodeGen3_A2_B2.class
-rw-rw-r--   1 travis travis  9958 Jan 18 03:26 ModularCodeGen3_A2_B2.java
-rw-rw-r--   1 travis travis   880 Jan 18 03:26 ModularCodeGen3_A2_B2.mk
-rw-rw-r--   1 travis travis  1330 Jan 18 03:26 ModularCodeGen3_A2_B2_profile.class
-rw-rw-r--   1 travis travis  1274 Jan 18 03:26 ModularCodeGen3_A2_B2_profile.java
-rw-rw-r--   1 travis travis  5038 Jan 18 03:26 ModularCodeGen3_A2.class
-rw-rw-r--   1 travis travis 15957 Jan 18 03:26 ModularCodeGen3_A2.java
-rw-rw-r--   1 travis travis   856 Jan 18 03:26 ModularCodeGen3_A2.mk
-rw-rw-r--   1 travis travis  1445 Jan 18 03:26 ModularCodeGen3_A2_profile.class
-rw-rw-r--   1 travis travis  1716 Jan 18 03:26 ModularCodeGen3_A2_profile.java
-rw-rw-r--   1 travis travis  3794 Jan 18 03:26 ModularCodeGen4_A1_B1.class
-rw-rw-r--   1 travis travis 10312 Jan 18 03:26 ModularCodeGen4_A1_B1.java
-rw-rw-r--   1 travis travis   880 Jan 18 03:26 ModularCodeGen4_A1_B1.mk
-rw-rw-r--   1 travis travis  1330 Jan 18 03:26 ModularCodeGen4_A1_B1_profile.class
-rw-rw-r--   1 travis travis  1273 Jan 18 03:26 ModularCodeGen4_A1_B1_profile.java
-rw-rw-r--   1 travis travis  3794 Jan 18 03:26 ModularCodeGen4_A1_B2.class
-rw-rw-r--   1 travis travis 10312 Jan 18 03:26 ModularCodeGen4_A1_B2.java
-rw-rw-r--   1 travis travis   880 Jan 18 03:26 ModularCodeGen4_A1_B2.mk
-rw-rw-r--   1 travis travis  1330 Jan 18 03:26 ModularCodeGen4_A1_B2_profile.class
-rw-rw-r--   1 travis travis  1273 Jan 18 03:26 ModularCodeGen4_A1_B2_profile.java
-rw-rw-r--   1 travis travis  5101 Jan 18 03:26 ModularCodeGen4_A1.class
-rw-rw-r--   1 travis travis 16245 Jan 18 03:26 ModularCodeGen4_A1.java
-rw-rw-r--   1 travis travis   856 Jan 18 03:26 ModularCodeGen4_A1.mk
-rw-rw-r--   1 travis travis  1445 Jan 18 03:26 ModularCodeGen4_A1_profile.class
-rw-rw-r--   1 travis travis  1712 Jan 18 03:26 ModularCodeGen4_A1_profile.java
-rw-rw-r--   1 travis travis  3988 Jan 18 03:26 ModularCodeGen4_A2_B1.class
-rw-rw-r--   1 travis travis 11375 Jan 18 03:26 ModularCodeGen4_A2_B1.java
-rw-rw-r--   1 travis travis   880 Jan 18 03:26 ModularCodeGen4_A2_B1.mk
-rw-rw-r--   1 travis travis  1393 Jan 18 03:26 ModularCodeGen4_A2_B1_profile.class
-rw-rw-r--   1 travis travis  1454 Jan 18 03:26 ModularCodeGen4_A2_B1_profile.java
-rw-rw-r--   1 travis travis  3842 Jan 18 03:26 ModularCodeGen4_A2_B2.class
-rw-rw-r--   1 travis travis 10378 Jan 18 03:26 ModularCodeGen4_A2_B2.java
-rw-rw-r--   1 travis travis   880 Jan 18 03:26 ModularCodeGen4_A2_B2.mk
-rw-rw-r--   1 travis travis  1330 Jan 18 03:26 ModularCodeGen4_A2_B2_profile.class
-rw-rw-r--   1 travis travis  1270 Jan 18 03:26 ModularCodeGen4_A2_B2_profile.java
-rw-rw-r--   1 travis travis  5274 Jan 18 03:26 ModularCodeGen4_A2.class
-rw-rw-r--   1 travis travis 16770 Jan 18 03:26 ModularCodeGen4_A2.java
-rw-rw-r--   1 travis travis   856 Jan 18 03:26 ModularCodeGen4_A2.mk
-rw-rw-r--   1 travis travis  1445 Jan 18 03:26 ModularCodeGen4_A2_profile.class
-rw-rw-r--   1 travis travis  1712 Jan 18 03:26 ModularCodeGen4_A2_profile.java
-rw-rw-r--   1 travis travis  6838 Jan 18 03:26 ModularCodeGen5_A_A.class
-rw-rw-r--   1 travis travis 28721 Jan 18 03:26 ModularCodeGen5_A_A.java
-rw-rw-r--   1 travis travis   864 Jan 18 03:26 ModularCodeGen5_A_A.mk
-rw-rw-r--   1 travis travis  1520 Jan 18 03:26 ModularCodeGen5_A_A_profile.class
-rw-rw-r--   1 travis travis  1815 Jan 18 03:26 ModularCodeGen5_A_A_profile.java
-rw-rw-r--   1 travis travis  5115 Jan 18 03:26 ModularCodeGen5_A.class
-rw-rw-r--   1 travis travis 13769 Jan 18 03:26 ModularCodeGen5_A.java
-rw-rw-r--   1 travis travis   848 Jan 18 03:26 ModularCodeGen5_A.mk
-rw-rw-r--   1 travis travis  1422 Jan 18 03:26 ModularCodeGen5_A_profile.class
-rw-rw-r--   1 travis travis  1605 Jan 18 03:26 ModularCodeGen5_A_profile.java
-rw-rw-r--   1 travis travis  4125 Jan 18 03:26 ModularCodeGen6_A_A2.class
-rw-rw-r--   1 travis travis 11329 Jan 18 03:26 ModularCodeGen6_A_A2.java
-rw-rw-r--   1 travis travis   872 Jan 18 03:26 ModularCodeGen6_A_A2.mk
-rw-rw-r--   1 travis travis  1351 Jan 18 03:26 ModularCodeGen6_A_A2_profile.class
-rw-rw-r--   1 travis travis  1364 Jan 18 03:26 ModularCodeGen6_A_A2_profile.java
-rw-rw-r--   1 travis travis  4108 Jan 18 03:26 ModularCodeGen6_A_A.class
-rw-rw-r--   1 travis travis 11221 Jan 18 03:26 ModularCodeGen6_A_A.java
-rw-rw-r--   1 travis travis   864 Jan 18 03:26 ModularCodeGen6_A_A.mk
-rw-rw-r--   1 travis travis  1348 Jan 18 03:26 ModularCodeGen6_A_A_profile.class
-rw-rw-r--   1 travis travis  1361 Jan 18 03:26 ModularCodeGen6_A_A_profile.java
-rw-rw-r--   1 travis travis  7237 Jan 18 03:26 ModularCodeGen6_A.class
-rw-rw-r--   1 travis travis 26535 Jan 18 03:26 ModularCodeGen6_A.java
-rw-rw-r--   1 travis travis   848 Jan 18 03:26 ModularCodeGen6_A.mk
-rw-rw-r--   1 travis travis  1483 Jan 18 03:26 ModularCodeGen6_A_profile.class
-rw-rw-r--   1 travis travis  1810 Jan 18 03:26 ModularCodeGen6_A_profile.java
-rw-rw-r--   1 travis travis  1384 Jan 18 03:26 ModularCodeGenLazyPubSubGlobal_CompositeActor_ModularCodeGenTypedComposite_profile.java
-rw-rw-r--   1 travis travis  3952 Jan 18 03:26 ModularCodeGenLazyPubSub_LazyCompositeActor.class
-rw-rw-r--   1 travis travis 11122 Jan 18 03:26 ModularCodeGenLazyPubSub_LazyCompositeActor.java
-rw-rw-r--   1 travis travis  1056 Jan 18 03:26 ModularCodeGenLazyPubSub_LazyCompositeActor.mk
-rw-rw-r--   1 travis travis  1286 Jan 18 03:26 ModularCodeGenLazyPubSub_LazyCompositeActor_profile.class
-rw-rw-r--   1 travis travis  1091 Jan 18 03:26 ModularCodeGenLazyPubSub_LazyCompositeActor_profile.java
-rw-rw-r--   1 travis travis  3954 Jan 18 03:25 ModularCodeGen_ModularCodeGenTypedCompositeActor.class
-rw-rw-r--   1 travis travis 10970 Jan 18 03:25 ModularCodeGen_ModularCodeGenTypedCompositeActor.java
-rw-rw-r--   1 travis travis  1096 Jan 18 03:25 ModularCodeGen_ModularCodeGenTypedCompositeActor.mk
-rw-rw-r--   1 travis travis  1384 Jan 18 03:25 ModularCodeGen_ModularCodeGenTypedCompositeActor_profile.class
-rw-rw-r--   1 travis travis  1328 Jan 18 03:25 ModularCodeGen_ModularCodeGenTypedCompositeActor_profile.java
-rw-rw-r--   1 travis travis  3492 Jan 18 03:25 ModularCodeGenTest_A1_A2.class
-rw-rw-r--   1 travis travis   904 Jan 18 03:25 ModularCodeGenTest_A1_A2.mk
-rw-rw-r--   1 travis travis  1306 Jan 18 03:25 ModularCodeGenTest_A1_A2_profile.class
-rw-rw-r--   1 travis travis  9968 Jan 18 03:25 ModularCodeGenTest_A1.java
-rw-rw-r--   1 travis travis   880 Jan 18 03:25 ModularCodeGenTest_A1.mk
drwxrwxr-x   3 travis travis 36864 Jan 18 03:25 modulation2
drwxrwxr-x   3 travis travis 20480 Jan 18 03:21 Multiplexor
drwxrwxr-x 249 travis travis 12288 Jan 18 03:25 node_modules
drwxrwxr-x   3 travis travis 20480 Jan 18 03:22 PhaseUnwrap
-rw-rw-r--   1 travis travis   520 Jan 18 03:25 Repeat$_fireFunction_Repeat_Repeat$__f_sL_0.class
-rw-rw-r--   1 travis travis   522 Jan 18 03:25 Repeat$_fireFunction_Repeat_Repeat$__f_sL_10.class
-rw-rw-r--   1 travis travis   666 Jan 18 03:25 Repeat$_fireFunction_Repeat_Repeat$__f_sL_11.class
-rw-rw-r--   1 travis travis   522 Jan 18 03:25 Repeat$_fireFunction_Repeat_Repeat$__f_sL_13.class
-rw-rw-r--   1 travis travis   665 Jan 18 03:25 Repeat$_fireFunction_Repeat_Repeat$__f_sL_1.class
-rw-rw-r--   1 travis travis   520 Jan 18 03:25 Repeat$_fireFunction_Repeat_Repeat$__f_sL_2.class
-rw-rw-r--   1 travis travis   520 Jan 18 03:25 Repeat$_fireFunction_Repeat_Repeat$__f_sL_3.class
-rw-rw-r--   1 travis travis   520 Jan 18 03:25 Repeat$_fireFunction_Repeat_Repeat$__f_sL_5.class
-rw-rw-r--   1 travis travis   671 Jan 18 03:25 Repeat$_fireFunction_Repeat_Repeat$__f_sL_7.class
-rw-rw-r--   1 travis travis   520 Jan 18 03:25 Repeat$_fireFunction_Repeat_Repeat$__f_sL_9.class
-rw-rw-r--   1 travis travis   813 Jan 18 03:25 Repeat$_initialize_Repeat.class
-rw-rw-r--   1 travis travis   475 Jan 18 03:25 Repeat$_initialize_Repeat$__i_sL_0.class
-rw-rw-r--   1 travis travis   519 Jan 18 03:25 Repeat$_initialize_Repeat$__i_sL_3.class
-rw-rw-r--   1 travis travis 39778 Jan 18 03:25 Repeat.java
-rw-rw-r--   1 travis travis  1281 Jan 18 03:25 Repeat.mk
-rw-rw-r--   1 travis travis   520 Jan 18 03:25 Repeat$_preinitializeMethod_Repeat$__p_sL_0.class
-rw-rw-r--   1 travis travis   520 Jan 18 03:25 Repeat$_preinitializeMethod_Repeat$__p_sL_1.class
-rw-rw-r--   1 travis travis  1083 Jan 18 03:25 Repeat$_Repeat$_fireFunction_Repeat_AddSubtract_Repeat.class
-rw-rw-r--   1 travis travis   791 Jan 18 03:25 Repeat$_Repeat$_fireFunction_Repeat_AddSubtract_Repeat$__f_sL_0.class
-rw-rw-r--   1 travis travis   909 Jan 18 03:25 Repeat$_Repeat$_fireFunction_Repeat_AddSubtract_Repeat$__f_sL_1.class
-rw-rw-r--   1 travis travis   915 Jan 18 03:25 Repeat$_Repeat$_fireFunction_Repeat_AddSubtract_Repeat$__f_sL_2.class
-rw-rw-r--   1 travis travis   838 Jan 18 03:25 Repeat$_Repeat$_fireFunction_Repeat_Ramp2_Repeat$__f_sL_1.class
-rw-rw-r--   1 travis travis  1785 Jan 18 03:25 Repeat$_Repeat$_fireFunction_Repeat_Test_Repeat$__f_sL_2.class
-rw-rw-r--   1 travis travis   685 Jan 18 03:25 Repeat$_Repeat_SDF_Director_run_Repeat$__R_sL_0.class
-rw-rw-r--   1 travis travis   540 Jan 18 03:25 Repeat$_Repeat_SDF_Director_run_Repeat$__R_sL_1.class
-rw-rw-r--   1 travis travis   540 Jan 18 03:25 Repeat$_Repeat_SDF_Director_run_Repeat$__R_sL_2.class
-rw-rw-r--   1 travis travis   540 Jan 18 03:25 Repeat$_Repeat_SDF_Director_run_Repeat$__R_sL_4.class
-rw-rw-r--   1 travis travis   540 Jan 18 03:25 Repeat$_Repeat_SDF_Director_run_Repeat$__R_sL_5.class
-rw-rw-r--   1 travis travis   691 Jan 18 03:25 Repeat$_Repeat_SDF_Director_run_Repeat$__R_sL_6.class
-rw-rw-r--   1 travis travis   540 Jan 18 03:25 Repeat$_Repeat_SDF_Director_run_Repeat$__R_sL_7.class
-rw-rw-r--   1 travis travis   863 Jan 18 03:25 Repeat$_varinit_Repeat.class
-rw-rw-r--   1 travis travis   530 Jan 18 03:25 Repeat$_varinit_Repeat$__v_sL_1.class
-rw-rw-r--   1 travis travis   531 Jan 18 03:25 Repeat$_varinit_Repeat$__v_sL_2.class
-rw-rw-r--   1 travis travis   905 Jan 18 03:25 Repeat$_varinit_Repeat$__v_sL_4.class
-rw-rw-r--   1 travis travis   635 Jan 18 03:25 Repeat$_wrapup_Repeat.class
-rw-rw-r--   1 travis travis   965 Jan 18 03:25 Repeat$_wrapup_Repeat$__w_sL_1.class
-rw-rw-r--   1 travis travis   289 Jan 18 03:19 result.csv
drwxrwxr-x   3 travis travis 12288 Jan 18 03:23 Scrambler1
drwxrwxr-x   3 travis travis 20480 Jan 18 03:22 Sinewave2
drwxrwxr-x   3 travis travis 69632 Jan 18 03:23 StringCompare
drwxrwxr-x   3 travis travis 32768 Jan 18 03:23 StringFunction
drwxrwxr-x   3 travis travis 12288 Jan 18 03:23 StringLength
drwxrwxr-x   3 travis travis 57344 Jan 18 03:24 StringSimpleReplace
drwxrwxr-x   3 travis travis 12288 Jan 18 03:24 time2
drwxrwxr-x   3 travis travis 12288 Jan 18 03:25 time5
-rw-rw-r--   1 travis travis   432 Jan 18 03:26 Token.class
-rw-rw-r--   1 travis travis   251 Jan 18 03:26 Token.java
-rw-rw-r--   1 travis travis     0 Jan 18 03:25 top.
-rw-rw-r--   1 travis travis 20502 Jan 18 03:19 top.c
-rw-rw-r--   1 travis travis  3567 Jan 18 03:25 top.class
-rw-rw-r--   1 travis travis   169 Jan 18 03:19 top.html
-rw-rw-r--   1 travis travis  7552 Jan 18 03:25 top.java
-rw-rw-r--   1 travis travis 38888 Jan 18 03:19 top.o
drwxrwxr-x   3 travis travis 57344 Jan 18 03:22 UnaryMathFunction
warning: Supported source version 'RELEASE_6' from annotation processor 'org.netbeans.modules.openide.util.NbBundleProcessor' less than -source '1.8'
warning: Supported source version 'RELEASE_6' from annotation processor 'org.netbeans.modules.openide.util.URLStreamHandlerRegistrationProcessor' less than -source '1.8'
warning: Supported source version 'RELEASE_6' from annotation processor 'org.netbeans.modules.openide.util.ServiceProviderProcessor' less than -source '1.8'
3 warnings
All Done
Writing ModularCodeGenLazyPubSubGlobal_CompositeActor_ModularCodeGenTypedComposite.java in file:/home/travis/cg/ (30161 characters)
Reading "ptolemy/cg/kernel/generic/program/procedural/java/modular/makefile.in",
    writing "/home/travis/cg/ModularCodeGenLazyPubSubGlobal_CompositeActor_ModularCodeGenTypedComposite.mk"
Using ptolemy/cg/kernel/generic/program/procedural/java/modular/makefile.in
In "/home/travis/cg", about to execute:
    make -f
ModularCodeGenLazyPubSubGlobal_CompositeActor_ModularCodeGenTypedComposite.mk
javac -classpath ".:.."    ModularCodeGenLazyPubSubGlobal_CompositeActor_ModularCodeGenTypedComposite.java
All Done
2774 ms. Memory: 113664K Free: 53790K (47%)
----------------- Invoking toplevel() on ptolemy.moml.MoMLSimpleApplication@212bc913
----------------- Done invoking toplevel() on ptolemy.moml.MoMLSimpleApplication@212bc913
reloadAllAccessors: .ModularCodeGenLazyPubSubGlobal

===========================================================================================
----------------- testing Fri Jan 18 03:26:39 UTC 2019 /home/travis/build/icyphy/ptII/ptolemy/cg/lib/test/auto/ModularCodeGenPubSub1.xml
----------------- Instantiating /home/travis/build/icyphy/ptII/ptolemy/cg/lib/test/auto/ModularCodeGenPubSub1.xml
In "/home/travis/cg", about to execute:
    pwd
In "/home/travis/cg", about to execute:
    ls -l
/home/travis/cg
In "/home/travis/cg", about to execute:
    javac -classpath
.:/home/travis/build/icyphy/ptII:/home/travis/build/icyphy/ptII/lib/bsh-2.0b4.j
ar:/home/travis/build/icyphy/ptII/lib/ptCal.jar:/home/travis/build/icyphy/ptII/
lib/java_cup.jar:/home/travis/build/icyphy/ptII/lib/saxon8.jar:/home/travis/bui
ld/icyphy/ptII/lib/saxon8-dom.jar:/home/travis/build/icyphy/ptII/lib/chic.jar:/
home/travis/build/icyphy/ptII/lib/ptcolt.jar:/usr/lib/jvm/java-8-oracle/lib/too
ls.jar:/usr/lib/eclipse/plugins/org.eclipse.jdt.core_3.8.2.dist.jar:/usr/lib/ec
lipse/plugins/org.eclipse.core.runtime_3.8.0.dist.jar:/usr/lib/eclipse/plugins/
org.eclipse.osgi_3.8.1.dist.jar:/usr/lib/eclipse/plugins/org.eclipse.core.resou
rces_3.8.1.dist.jar:/usr/lib/eclipse/plugins/org.eclipse.equinox.common_3.6.100
.dist.jar:/usr/lib/eclipse/plugins/org.eclipse.core.jobs_3.5.200.dist.jar:/usr/
lib/eclipse/plugins/org.eclipse.core.contenttype_3.4.200.dist.jar:/usr/lib/ecli
pse/plugins/org.eclipse.equinox.preferences_3.5.0.dist.jar:/usr/lib/eclipse/plu
gins/org.eclipse.text_3.5.200.dist.jar:/usr/lib/eclipse/plugins/org.eclipse.ui.
workbench_3.8.1.dist.jar:/usr/lib/eclipse/plugins/org.eclipse.jface_3.8.0.dist.
jar:/usr/lib/eclipse/plugins/org.eclipse.swt_3.8.2.jar:/usr/lib/eclipse/plugins
/org.eclipse.jface.text_3.8.1.dist.jar:/usr/lib/eclipse/plugins/org.eclipse.ui.
workbench.texteditor_3.8.0.dist.jar:/usr/lib/eclipse/plugins/org.eclipse.ui.edi
tors_3.8.0.dist.jar:/usr/lib/eclipse/plugins/org.eclipse.core.commands_3.6.1.di
st.jar:/usr/lib/eclipse/plugins/org.eclipse.equinox.registry_3.5.200.dist.jar:/
usr/lib/eclipse/plugins/org.eclipse.ui.console_3.5.100.dist.jar:/usr/lib/eclips
e/plugins/org.eclipse.ui.forms_3.5.200.dist.jar:/usr/lib/eclipse/plugins/org.ec
lipse.ui.ide_3.8.1.dist.jar:/home/travis/build/icyphy/ptII/vendors/oracle/dbxml
.jar:/home/travis/build/icyphy/ptII/vendors/oracle/db.jar:/home/travis/build/ic
yphy/ptII/vendors/misc/itext/iText.jar:/home/travis/build/icyphy/ptII/lib/g4ltl
.jar:/home/travis/build/icyphy/ptII/lib/StructuralCoder.jar:/home/travis/build/
icyphy/ptII/lib/org-openide-util.jar:/home/travis/build/icyphy/ptII/lib/org-ope
nide-util-lookup.jar:/home/travis/build/icyphy/ptII/lib/org-netbeans-api-visual
.jar:/home/travis/build/icyphy/ptII/vendors/jai-1_1_2_01/lib/jai_core.jar:/home
/travis/build/icyphy/ptII/vendors/jai-1_1_2_01/lib/jai_codec.jar:/home/travis/b
uild/icyphy/ptII/lib/jcerti.jar:/home/travis/build/icyphy/ptII/lib/smack.jar:/h
ome/travis/build/icyphy/ptII/lib/smackx.jar:/home/travis/build/icyphy/ptII/lib/
jetty-all-8.1.5-v20120716.jar:/home/travis/build/icyphy/ptII/lib/javax.servlet-
api-3.0.1.jar:/home/travis/build/icyphy/ptII/lib/javax.mail.jar:/home/travis/bu
ild/icyphy/ptII/vendors/JMF-2.1.1e/lib/jmf.jar:/home/travis/build/icyphy/ptII/l
ib/jna-4.0.0-variadic.jar:/home/travis/build/icyphy/ptII/vendors/misc/joystick/
Joystick.jar:/home/travis/build/icyphy/ptII/lib/ptjacl.jar:/home/travis/build/i
cyphy/ptII/lib/jsoup-1.8.2.jar:/home/travis/build/icyphy/ptII/lib/junit-4.8.2.j
ar:/home/travis/build/icyphy/ptII/lib/JUnitParams-0.4.0.jar:/home/travis/build/
icyphy/ptII/ptolemy/actor/lib/excel/jxl.jar:/home/travis/build/icyphy/ptII/lib/
jython.jar:/home/travis/build/icyphy/ptII/lib/kieler.jar:/home/travis/build/icy
phy/ptII/vendors/opencv/share/OpenCV/java/opencv-341.jar:/home/travis/build/icy
phy/ptII/lib/oscP5.jar:/home/travis/build/icyphy/ptII/lib/nrjavaserial-3.11.0.d
evel.jar:/home/travis/build/icyphy/ptII/vendors/j3d/lib/j3dcore.jar:/home/travi
s/build/icyphy/ptII/vendors/j3d/lib/j3dutils.jar:/home/travis/build/icyphy/ptII
/vendors/j3d/lib/vecmath.jar:/home/travis/build/icyphy/ptII/ptolemy/distributed
/jini/jar/jini-core.jar:/home/travis/build/icyphy/ptII/ptolemy/distributed/jini
/jar/jini-ext.jar:/home/travis/build/icyphy/ptII/ptolemy/distributed/jini/jar/s
un-util.jar:/home/travis/build/icyphy/ptII/lib/protobuf-java-2.4.1.jar:/home/tr
avis/build/icyphy/ptII/lib/org.eclipse.paho.client.mqttv3.jar:/home/travis/buil
d/icyphy/ptII/ptserver/lib/hessian-4.0.7.jar:/home/travis/build/icyphy/ptII/pts
erver/lib/wmqtt.jar:/home/travis/build/icyphy/ptII/lib/mapss.jar:/home/travis/b
uild/icyphy/ptII/ptolemy/actor/ptalon/antlr/antlr.jar:/home/travis/build/icyphy
/ptII/lib/JRI.jar:/home/travis/build/icyphy/ptII/lib/commons-lang-2.6.jar:/home
/travis/build/icyphy/ptII/lib/commons-logging-1.1.1.jar:/home/travis/build/icyp
hy/ptII/lib/sootclasses.jar:/home/travis/build/icyphy/ptII/ptolemy/actor/lib/da
tabase/mysql-connector-java-5.1.6-bin.jar:/home/travis/build/icyphy/ptII/vendor
s/misc/sphinx4/sphinx4-data-5prealpha.jar:/home/travis/build/icyphy/ptII/vendor
s/misc/sphinx4/sphinx4-core-5prealpha.jar:/home/travis/build/icyphy/ptII/lib/PD
FRenderer.jar:/home/travis/build/icyphy/ptII/lib/svgSalamander.jar:/home/travis
/build/icyphy/ptII/lib/rsyntaxtextarea-2.6.0-SNAPSHOT.jar:/home/travis/build/ic
yphy/ptII/lib/hazelcast-3.8.2.jar:/home/travis/build/icyphy/ptII/lib/jackson-an
notations-2.9.0.jar:/home/travis/build/icyphy/ptII/lib/jackson-core-2.9.3.jar:/
home/travis/build/icyphy/ptII/lib/jackson-databind-2.9.3.jar:/home/travis/build
/icyphy/ptII/lib/netty-buffer-4.1.19.Final.jar:/home/travis/build/icyphy/ptII/l
ib/netty-codec-4.1.19.Final.jar:/home/travis/build/icyphy/ptII/lib/netty-codec-
dns-4.1.19.Final.jar:/home/travis/build/icyphy/ptII/lib/netty-codec-http-4.1.19
.Final.jar:/home/travis/build/icyphy/ptII/lib/netty-codec-http2-4.1.19.Final.ja
r:/home/travis/build/icyphy/ptII/lib/netty-common-4.1.19.Final.jar:/home/travis
/build/icyphy/ptII/lib/netty-handler-4.1.19.Final.jar:/home/travis/build/icyphy
/ptII/lib/netty-resolver-4.1.19.Final.jar:/home/travis/build/icyphy/ptII/lib/ne
tty-resolver-dns-4.1.19.Final.jar:/home/travis/build/icyphy/ptII/lib/netty-tran
sport-4.1.19.Final.jar:/home/travis/build/icyphy/ptII/lib/vertx-codegen-3.5.1.j
ar:/home/travis/build/icyphy/ptII/lib/vertx-core-3.5.2-SNAPSHOT.jar:/home/travi
s/build/icyphy/ptII/lib/vertx-hazelcast-3.5.1.jar:/home/travis/build/icyphy/ptI
I/lib/vertx-lang-js-3.5.1.jar:/home/travis/build/icyphy/ptII/lib/vertx-service-
proxy-3.5.1.jar:/home/travis/build/icyphy/ptII/lib/vertx-web-3.5.1.jar:/home/tr
avis/build/icyphy/ptII/lib/slf4j-api-1.7.13.jar:/home/travis/build/icyphy/ptII/
lib/slf4j-simple-1.7.13.jar:/home/travis/build/icyphy/ptII/lib/webcam-capture-0
.3.12.jar:/home/travis/build/icyphy/ptII/lib/bridj-0.7.0.jar:/home/travis/build
/icyphy/ptII/lib/xbjlib-1.1.0.nrjavaserial.jar:/home/travis/build/icyphy/ptII/p
tolemy/moml/test:/home/travis/build/icyphy/ptII/ant/lib/ant-launcher.jar:/home/
travis/build/icyphy/ptII/ant/lib/ant.jar:/home/travis/build/icyphy/ptII/ant/lib
/ant-junit.jar:/home/travis/build/icyphy/ptII/ant/lib/ant-junit4.jar:/home/trav
is/build/icyphy/ptII ModularCodeGenPubSub_A1_profile.java
total 2012
drwxrwxr-x   3 travis travis 12288 Jan 18 03:20 AbsoluteValue
-rw-rw-r--   1 travis travis   233 Jan 18 03:26 Array.class
-rw-rw-r--   1 travis travis   459 Jan 18 03:26 Array.java
drwxrwxr-x   3 travis travis 16384 Jan 18 03:20 Case1
drwxrwxr-x   3 travis travis 32768 Jan 18 03:20 Case2
-rw-rw-r--   1 travis travis  4895 Jan 18 03:25 CompiledCompositeActor_CompiledCompositeActor.class
-rw-rw-r--   1 travis travis  1592 Jan 18 03:25 CompiledCompositeActor_CompiledCompositeActor$_CompiledCompositeActor_CompiledCompositeActor.class
-rw-rw-r--   1 travis travis 13466 Jan 18 03:25 CompiledCompositeActor_CompiledCompositeActor.java
-rw-rw-r--   1 travis travis  1593 Jan 18 03:25 CompiledCompositeActor_CompiledCompositeActor.mk
drwxrwxr-x   3 travis travis 24576 Jan 18 03:23 DeScrambler
drwxrwxr-x   3 travis travis 16384 Jan 18 03:24 DotProduct
drwxrwxr-x   3 travis travis 12288 Jan 18 03:21 FileWriter1
drwxrwxr-x   3 travis travis 20480 Jan 18 03:20 FixToDoubleAndBack
drwxrwxr-x   3 travis travis 16384 Jan 18 03:21 Gaussian1
drwxrwxr-x   3 travis travis 20480 Jan 18 03:21 Gaussian2
-rw-rw-r--   1 travis travis  4457 Jan 18 03:25 JavaCompiledCompositeTest1_CompiledCompositeActor.class
-rw-rw-r--   1 travis travis 11637 Jan 18 03:25 JavaCompiledCompositeTest1_CompiledCompositeActor.java
-rw-rw-r--   1 travis travis  1198 Jan 18 03:25 JavaCompiledCompositeTest1_CompiledCompositeActor$_JavaCompiledCompositeTest1_CompiledCompositeActor.class
-rw-rw-r--   1 travis travis  1625 Jan 18 03:25 JavaCompiledCompositeTest1_CompiledCompositeActor.mk
-rw-rw-r--   1 travis travis  4888 Jan 18 03:25 JavaCompiledCompositeTest2_CompiledCompositeActor.class
-rw-rw-r--   1 travis travis 14919 Jan 18 03:25 JavaCompiledCompositeTest2_CompiledCompositeActor.java
-rw-rw-r--   1 travis travis  1793 Jan 18 03:25 JavaCompiledCompositeTest2_CompiledCompositeActor$_JavaCompiledCompositeTest2_CompiledCompositeActor.class
-rw-rw-r--   1 travis travis  1625 Jan 18 03:25 JavaCompiledCompositeTest2_CompiledCompositeActor.mk
-rw-rw-r--   1 travis travis  4505 Jan 18 03:25 JavaCompiledCompositeTest3_CompiledCompositeActor.class
-rw-rw-r--   1 travis travis 13080 Jan 18 03:25 JavaCompiledCompositeTest3_CompiledCompositeActor.java
-rw-rw-r--   1 travis travis  1378 Jan 18 03:25 JavaCompiledCompositeTest3_CompiledCompositeActor$_JavaCompiledCompositeTest3_CompiledCompositeActor.class
-rw-rw-r--   1 travis travis  1625 Jan 18 03:25 JavaCompiledCompositeTest3_CompiledCompositeActor.mk
-rw-rw-r--   1 travis travis  3953 Jan 18 03:25 JavaCompiledCompositeTest4_CompiledCompositeActor.class
-rw-rw-r--   1 travis travis  9687 Jan 18 03:25 JavaCompiledCompositeTest4_CompiledCompositeActor.java
-rw-rw-r--   1 travis travis   857 Jan 18 03:25 JavaCompiledCompositeTest4_CompiledCompositeActor$_JavaCompiledCompositeTest4_CompiledCompositeActor.class
-rw-rw-r--   1 travis travis  1625 Jan 18 03:25 JavaCompiledCompositeTest4_CompiledCompositeActor.mk
drwxrwxr-x   3 travis travis 12288 Jan 18 03:21 LookupTable
drwxrwxr-x   3 travis travis 20480 Jan 18 03:21 MaxIndex
-rw-rw-r--   1 travis travis  3693 Jan 18 03:25 ModularCG_A1_B1.class
-rw-rw-r--   1 travis travis  9730 Jan 18 03:25 ModularCG_A1_B1.java
-rw-rw-r--   1 travis travis   832 Jan 18 03:25 ModularCG_A1_B1.mk
-rw-rw-r--   1 travis travis  1318 Jan 18 03:25 ModularCG_A1_B1_profile.class
-rw-rw-r--   1 travis travis  1262 Jan 18 03:25 ModularCG_A1_B1_profile.java
-rw-rw-r--   1 travis travis  3693 Jan 18 03:25 ModularCG_A1_B2.class
-rw-rw-r--   1 travis travis  9730 Jan 18 03:25 ModularCG_A1_B2.java
-rw-rw-r--   1 travis travis   832 Jan 18 03:25 ModularCG_A1_B2.mk
-rw-rw-r--   1 travis travis  1318 Jan 18 03:25 ModularCG_A1_B2_profile.class
-rw-rw-r--   1 travis travis  1262 Jan 18 03:25 ModularCG_A1_B2_profile.java
-rw-rw-r--   1 travis travis  4799 Jan 18 03:25 ModularCG_A1.class
-rw-rw-r--   1 travis travis 14742 Jan 18 03:25 ModularCG_A1.java
-rw-rw-r--   1 travis travis   808 Jan 18 03:25 ModularCG_A1.mk
-rw-rw-r--   1 travis travis  1433 Jan 18 03:25 ModularCG_A1_profile.class
-rw-rw-r--   1 travis travis  1704 Jan 18 03:25 ModularCG_A1_profile.java
-rw-rw-r--   1 travis travis  3827 Jan 18 03:25 ModularCG_A2_B1.class
-rw-rw-r--   1 travis travis 10667 Jan 18 03:25 ModularCG_A2_B1.java
-rw-rw-r--   1 travis travis   832 Jan 18 03:25 ModularCG_A2_B1.mk
-rw-rw-r--   1 travis travis  1381 Jan 18 03:25 ModularCG_A2_B1_profile.class
-rw-rw-r--   1 travis travis  1446 Jan 18 03:25 ModularCG_A2_B1_profile.java
-rw-rw-r--   1 travis travis  3693 Jan 18 03:25 ModularCG_A2_B2.class
-rw-rw-r--   1 travis travis  9730 Jan 18 03:25 ModularCG_A2_B2.java
-rw-rw-r--   1 travis travis   832 Jan 18 03:25 ModularCG_A2_B2.mk
-rw-rw-r--   1 travis travis  1318 Jan 18 03:25 ModularCG_A2_B2_profile.class
-rw-rw-r--   1 travis travis  1262 Jan 18 03:25 ModularCG_A2_B2_profile.java
-rw-rw-r--   1 travis travis  4870 Jan 18 03:25 ModularCG_A2.class
-rw-rw-r--   1 travis travis 15129 Jan 18 03:25 ModularCG_A2.java
-rw-rw-r--   1 travis travis   808 Jan 18 03:25 ModularCG_A2.mk
-rw-rw-r--   1 travis travis  1433 Jan 18 03:25 ModularCG_A2_profile.class
-rw-rw-r--   1 travis travis  1704 Jan 18 03:25 ModularCG_A2_profile.java
-rw-rw-r--   1 travis travis  3473 Jan 18 03:25 ModularCGPubSub_A1_A2.class
-rw-rw-r--   1 travis travis  9076 Jan 18 03:25 ModularCGPubSub_A1_A2.java
-rw-rw-r--   1 travis travis   880 Jan 18 03:25 ModularCGPubSub_A1_A2.mk
-rw-rw-r--   1 travis travis  1300 Jan 18 03:25 ModularCGPubSub_A1_A2_profile.class
-rw-rw-r--   1 travis travis  1222 Jan 18 03:25 ModularCGPubSub_A1_A2_profile.java
-rw-rw-r--   1 travis travis  3790 Jan 18 03:25 ModularCGPubSub_A1.class
-rw-rw-r--   1 travis travis  9836 Jan 18 03:25 ModularCGPubSub_A1.java
-rw-rw-r--   1 travis travis   856 Jan 18 03:25 ModularCGPubSub_A1.mk
-rw-rw-r--   1 travis travis  1346 Jan 18 03:25 ModularCGPubSub_A1_profile.class
-rw-rw-r--   1 travis travis  1388 Jan 18 03:25 ModularCGPubSub_A1_profile.java
-rw-rw-r--   1 travis travis  3988 Jan 18 03:25 ModularCodeGen2_ModularCodeGenTypedCompositeActor.class
-rw-rw-r--   1 travis travis 11690 Jan 18 03:25 ModularCodeGen2_ModularCodeGenTypedCompositeActor.java
-rw-rw-r--   1 travis travis  1104 Jan 18 03:25 ModularCodeGen2_ModularCodeGenTypedCompositeActor.mk
-rw-rw-r--   1 travis travis  4272 Jan 18 03:25 ModularCodeGen2_ModularCodeGenTypedCompositeActor_ModularCodeGenTypedCompositeActor.class
-rw-rw-r--   1 travis travis 11790 Jan 18 03:25 ModularCodeGen2_ModularCodeGenTypedCompositeActor_ModularCodeGenTypedCompositeActor.java
-rw-rw-r--   1 travis travis  1376 Jan 18 03:25 ModularCodeGen2_ModularCodeGenTypedCompositeActor_ModularCodeGenTypedCompositeActor.mk
-rw-rw-r--   1 travis travis  1421 Jan 18 03:25 ModularCodeGen2_ModularCodeGenTypedCompositeActor_ModularCodeGenTypedCompositeActor_profile.class
-rw-rw-r--   1 travis travis  1294 Jan 18 03:25 ModularCodeGen2_ModularCodeGenTypedCompositeActor_ModularCodeGenTypedCompositeActor_profile.java
-rw-rw-r--   1 travis travis   820 Jan 18 03:25 ModularCodeGen2_ModularCodeGenTypedCompositeActor_profile.class
-rw-rw-r--   1 travis travis   693 Jan 18 03:25 ModularCodeGen2_ModularCodeGenTypedCompositeActor_profile.java
-rw-rw-r--   1 travis travis  3741 Jan 18 03:25 ModularCodeGen3_A1_B1.class
-rw-rw-r--   1 travis travis  9958 Jan 18 03:25 ModularCodeGen3_A1_B1.java
-rw-rw-r--   1 travis travis   880 Jan 18 03:25 ModularCodeGen3_A1_B1.mk
-rw-rw-r--   1 travis travis  1330 Jan 18 03:25 ModularCodeGen3_A1_B1_profile.class
-rw-rw-r--   1 travis travis  1274 Jan 18 03:25 ModularCodeGen3_A1_B1_profile.java
-rw-rw-r--   1 travis travis  3741 Jan 18 03:25 ModularCodeGen3_A1_B2.class
-rw-rw-r--   1 travis travis  9958 Jan 18 03:25 ModularCodeGen3_A1_B2.java
-rw-rw-r--   1 travis travis   880 Jan 18 03:25 ModularCodeGen3_A1_B2.mk
-rw-rw-r--   1 travis travis  1330 Jan 18 03:25 ModularCodeGen3_A1_B2_profile.class
-rw-rw-r--   1 travis travis  1274 Jan 18 03:25 ModularCodeGen3_A1_B2_profile.java
-rw-rw-r--   1 travis travis  4961 Jan 18 03:26 ModularCodeGen3_A1.class
-rw-rw-r--   1 travis travis 15564 Jan 18 03:26 ModularCodeGen3_A1.java
-rw-rw-r--   1 travis travis   856 Jan 18 03:26 ModularCodeGen3_A1.mk
-rw-rw-r--   1 travis travis  1445 Jan 18 03:26 ModularCodeGen3_A1_profile.class
-rw-rw-r--   1 travis travis  1716 Jan 18 03:25 ModularCodeGen3_A1_profile.java
-rw-rw-r--   1 travis travis  3887 Jan 18 03:26 ModularCodeGen3_A2_B1.class
-rw-rw-r--   1 travis travis 10955 Jan 18 03:26 ModularCodeGen3_A2_B1.java
-rw-rw-r--   1 travis travis   880 Jan 18 03:26 ModularCodeGen3_A2_B1.mk
-rw-rw-r--   1 travis travis  1393 Jan 18 03:26 ModularCodeGen3_A2_B1_profile.class
-rw-rw-r--   1 travis travis  1458 Jan 18 03:26 ModularCodeGen3_A2_B1_profile.java
-rw-rw-r--   1 travis travis  3741 Jan 18 03:26 ModularCodeGen3_A2_B2.class
-rw-rw-r--   1 travis travis  9958 Jan 18 03:26 ModularCodeGen3_A2_B2.java
-rw-rw-r--   1 travis travis   880 Jan 18 03:26 ModularCodeGen3_A2_B2.mk
-rw-rw-r--   1 travis travis  1330 Jan 18 03:26 ModularCodeGen3_A2_B2_profile.class
-rw-rw-r--   1 travis travis  1274 Jan 18 03:26 ModularCodeGen3_A2_B2_profile.java
-rw-rw-r--   1 travis travis  5038 Jan 18 03:26 ModularCodeGen3_A2.class
-rw-rw-r--   1 travis travis 15957 Jan 18 03:26 ModularCodeGen3_A2.java
-rw-rw-r--   1 travis travis   856 Jan 18 03:26 ModularCodeGen3_A2.mk
-rw-rw-r--   1 travis travis  1445 Jan 18 03:26 ModularCodeGen3_A2_profile.class
-rw-rw-r--   1 travis travis  1716 Jan 18 03:26 ModularCodeGen3_A2_profile.java
-rw-rw-r--   1 travis travis  3794 Jan 18 03:26 ModularCodeGen4_A1_B1.class
-rw-rw-r--   1 travis travis 10312 Jan 18 03:26 ModularCodeGen4_A1_B1.java
-rw-rw-r--   1 travis travis   880 Jan 18 03:26 ModularCodeGen4_A1_B1.mk
-rw-rw-r--   1 travis travis  1330 Jan 18 03:26 ModularCodeGen4_A1_B1_profile.class
-rw-rw-r--   1 travis travis  1273 Jan 18 03:26 ModularCodeGen4_A1_B1_profile.java
-rw-rw-r--   1 travis travis  3794 Jan 18 03:26 ModularCodeGen4_A1_B2.class
-rw-rw-r--   1 travis travis 10312 Jan 18 03:26 ModularCodeGen4_A1_B2.java
-rw-rw-r--   1 travis travis   880 Jan 18 03:26 ModularCodeGen4_A1_B2.mk
-rw-rw-r--   1 travis travis  1330 Jan 18 03:26 ModularCodeGen4_A1_B2_profile.class
-rw-rw-r--   1 travis travis  1273 Jan 18 03:26 ModularCodeGen4_A1_B2_profile.java
-rw-rw-r--   1 travis travis  5101 Jan 18 03:26 ModularCodeGen4_A1.class
-rw-rw-r--   1 travis travis 16245 Jan 18 03:26 ModularCodeGen4_A1.java
-rw-rw-r--   1 travis travis   856 Jan 18 03:26 ModularCodeGen4_A1.mk
-rw-rw-r--   1 travis travis  1445 Jan 18 03:26 ModularCodeGen4_A1_profile.class
-rw-rw-r--   1 travis travis  1712 Jan 18 03:26 ModularCodeGen4_A1_profile.java
-rw-rw-r--   1 travis travis  3988 Jan 18 03:26 ModularCodeGen4_A2_B1.class
-rw-rw-r--   1 travis travis 11375 Jan 18 03:26 ModularCodeGen4_A2_B1.java
-rw-rw-r--   1 travis travis   880 Jan 18 03:26 ModularCodeGen4_A2_B1.mk
-rw-rw-r--   1 travis travis  1393 Jan 18 03:26 ModularCodeGen4_A2_B1_profile.class
-rw-rw-r--   1 travis travis  1454 Jan 18 03:26 ModularCodeGen4_A2_B1_profile.java
-rw-rw-r--   1 travis travis  3842 Jan 18 03:26 ModularCodeGen4_A2_B2.class
-rw-rw-r--   1 travis travis 10378 Jan 18 03:26 ModularCodeGen4_A2_B2.java
-rw-rw-r--   1 travis travis   880 Jan 18 03:26 ModularCodeGen4_A2_B2.mk
-rw-rw-r--   1 travis travis  1330 Jan 18 03:26 ModularCodeGen4_A2_B2_profile.class
-rw-rw-r--   1 travis travis  1270 Jan 18 03:26 ModularCodeGen4_A2_B2_profile.java
-rw-rw-r--   1 travis travis  5274 Jan 18 03:26 ModularCodeGen4_A2.class
-rw-rw-r--   1 travis travis 16770 Jan 18 03:26 ModularCodeGen4_A2.java
-rw-rw-r--   1 travis travis   856 Jan 18 03:26 ModularCodeGen4_A2.mk
-rw-rw-r--   1 travis travis  1445 Jan 18 03:26 ModularCodeGen4_A2_profile.class
-rw-rw-r--   1 travis travis  1712 Jan 18 03:26 ModularCodeGen4_A2_profile.java
-rw-rw-r--   1 travis travis  6838 Jan 18 03:26 ModularCodeGen5_A_A.class
-rw-rw-r--   1 travis travis 28721 Jan 18 03:26 ModularCodeGen5_A_A.java
-rw-rw-r--   1 travis travis   864 Jan 18 03:26 ModularCodeGen5_A_A.mk
-rw-rw-r--   1 travis travis  1520 Jan 18 03:26 ModularCodeGen5_A_A_profile.class
-rw-rw-r--   1 travis travis  1815 Jan 18 03:26 ModularCodeGen5_A_A_profile.java
-rw-rw-r--   1 travis travis  5115 Jan 18 03:26 ModularCodeGen5_A.class
-rw-rw-r--   1 travis travis 13769 Jan 18 03:26 ModularCodeGen5_A.java
-rw-rw-r--   1 travis travis   848 Jan 18 03:26 ModularCodeGen5_A.mk
-rw-rw-r--   1 travis travis  1422 Jan 18 03:26 ModularCodeGen5_A_profile.class
-rw-rw-r--   1 travis travis  1605 Jan 18 03:26 ModularCodeGen5_A_profile.java
-rw-rw-r--   1 travis travis  4125 Jan 18 03:26 ModularCodeGen6_A_A2.class
-rw-rw-r--   1 travis travis 11329 Jan 18 03:26 ModularCodeGen6_A_A2.java
-rw-rw-r--   1 travis travis   872 Jan 18 03:26 ModularCodeGen6_A_A2.mk
-rw-rw-r--   1 travis travis  1351 Jan 18 03:26 ModularCodeGen6_A_A2_profile.class
-rw-rw-r--   1 travis travis  1364 Jan 18 03:26 ModularCodeGen6_A_A2_profile.java
-rw-rw-r--   1 travis travis  4108 Jan 18 03:26 ModularCodeGen6_A_A.class
-rw-rw-r--   1 travis travis 11221 Jan 18 03:26 ModularCodeGen6_A_A.java
-rw-rw-r--   1 travis travis   864 Jan 18 03:26 ModularCodeGen6_A_A.mk
-rw-rw-r--   1 travis travis  1348 Jan 18 03:26 ModularCodeGen6_A_A_profile.class
-rw-rw-r--   1 travis travis  1361 Jan 18 03:26 ModularCodeGen6_A_A_profile.java
-rw-rw-r--   1 travis travis  7237 Jan 18 03:26 ModularCodeGen6_A.class
-rw-rw-r--   1 travis travis 26535 Jan 18 03:26 ModularCodeGen6_A.java
-rw-rw-r--   1 travis travis   848 Jan 18 03:26 ModularCodeGen6_A.mk
-rw-rw-r--   1 travis travis  1483 Jan 18 03:26 ModularCodeGen6_A_profile.class
-rw-rw-r--   1 travis travis  1810 Jan 18 03:26 ModularCodeGen6_A_profile.java
-rw-rw-r--   1 travis travis  9439 Jan 18 03:26 ModularCodeGenLazyPubSubGlobal_CompositeActor_ModularCodeGenTypedComposite.class
-rw-rw-r--   1 travis travis 30161 Jan 18 03:26 ModularCodeGenLazyPubSubGlobal_CompositeActor_ModularCodeGenTypedComposite.java
-rw-rw-r--   1 travis travis  1304 Jan 18 03:26 ModularCodeGenLazyPubSubGlobal_CompositeActor_ModularCodeGenTypedComposite.mk
-rw-rw-r--   1 travis travis  1438 Jan 18 03:26 ModularCodeGenLazyPubSubGlobal_CompositeActor_ModularCodeGenTypedComposite_profile.class
-rw-rw-r--   1 travis travis  1384 Jan 18 03:26 ModularCodeGenLazyPubSubGlobal_CompositeActor_ModularCodeGenTypedComposite_profile.java
-rw-rw-r--   1 travis travis  3952 Jan 18 03:26 ModularCodeGenLazyPubSub_LazyCompositeActor.class
-rw-rw-r--   1 travis travis 11122 Jan 18 03:26 ModularCodeGenLazyPubSub_LazyCompositeActor.java
-rw-rw-r--   1 travis travis  1056 Jan 18 03:26 ModularCodeGenLazyPubSub_LazyCompositeActor.mk
-rw-rw-r--   1 travis travis  1286 Jan 18 03:26 ModularCodeGenLazyPubSub_LazyCompositeActor_profile.class
-rw-rw-r--   1 travis travis  1091 Jan 18 03:26 ModularCodeGenLazyPubSub_LazyCompositeActor_profile.java
-rw-rw-r--   1 travis travis  3954 Jan 18 03:25 ModularCodeGen_ModularCodeGenTypedCompositeActor.class
-rw-rw-r--   1 travis travis 10970 Jan 18 03:25 ModularCodeGen_ModularCodeGenTypedCompositeActor.java
-rw-rw-r--   1 travis travis  1096 Jan 18 03:25 ModularCodeGen_ModularCodeGenTypedCompositeActor.mk
-rw-rw-r--   1 travis travis  1384 Jan 18 03:25 ModularCodeGen_ModularCodeGenTypedCompositeActor_profile.class
-rw-rw-r--   1 travis travis  1328 Jan 18 03:25 ModularCodeGen_ModularCodeGenTypedCompositeActor_profile.java
-rw-rw-r--   1 travis travis  1195 Jan 18 03:26 ModularCodeGenPubSub_A1_profile.java
-rw-rw-r--   1 travis travis  3492 Jan 18 03:25 ModularCodeGenTest_A1_A2.class
-rw-rw-r--   1 travis travis   904 Jan 18 03:25 ModularCodeGenTest_A1_A2.mk
-rw-rw-r--   1 travis travis  1306 Jan 18 03:25 ModularCodeGenTest_A1_A2_profile.class
-rw-rw-r--   1 travis travis  9968 Jan 18 03:25 ModularCodeGenTest_A1.java
-rw-rw-r--   1 travis travis   880 Jan 18 03:25 ModularCodeGenTest_A1.mk
drwxrwxr-x   3 travis travis 36864 Jan 18 03:25 modulation2
drwxrwxr-x   3 travis travis 20480 Jan 18 03:21 Multiplexor
drwxrwxr-x 249 travis travis 12288 Jan 18 03:25 node_modules
drwxrwxr-x   3 travis travis 20480 Jan 18 03:22 PhaseUnwrap
-rw-rw-r--   1 travis travis   520 Jan 18 03:25 Repeat$_fireFunction_Repeat_Repeat$__f_sL_0.class
-rw-rw-r--   1 travis travis   522 Jan 18 03:25 Repeat$_fireFunction_Repeat_Repeat$__f_sL_10.class
-rw-rw-r--   1 travis travis   666 Jan 18 03:25 Repeat$_fireFunction_Repeat_Repeat$__f_sL_11.class
-rw-rw-r--   1 travis travis   522 Jan 18 03:25 Repeat$_fireFunction_Repeat_Repeat$__f_sL_13.class
-rw-rw-r--   1 travis travis   665 Jan 18 03:25 Repeat$_fireFunction_Repeat_Repeat$__f_sL_1.class
-rw-rw-r--   1 travis travis   520 Jan 18 03:25 Repeat$_fireFunction_Repeat_Repeat$__f_sL_2.class
-rw-rw-r--   1 travis travis   520 Jan 18 03:25 Repeat$_fireFunction_Repeat_Repeat$__f_sL_3.class
-rw-rw-r--   1 travis travis   520 Jan 18 03:25 Repeat$_fireFunction_Repeat_Repeat$__f_sL_5.class
-rw-rw-r--   1 travis travis   671 Jan 18 03:25 Repeat$_fireFunction_Repeat_Repeat$__f_sL_7.class
-rw-rw-r--   1 travis travis   520 Jan 18 03:25 Repeat$_fireFunction_Repeat_Repeat$__f_sL_9.class
-rw-rw-r--   1 travis travis   813 Jan 18 03:25 Repeat$_initialize_Repeat.class
-rw-rw-r--   1 travis travis   475 Jan 18 03:25 Repeat$_initialize_Repeat$__i_sL_0.class
-rw-rw-r--   1 travis travis   519 Jan 18 03:25 Repeat$_initialize_Repeat$__i_sL_3.class
-rw-rw-r--   1 travis travis 39778 Jan 18 03:25 Repeat.java
-rw-rw-r--   1 travis travis  1281 Jan 18 03:25 Repeat.mk
-rw-rw-r--   1 travis travis   520 Jan 18 03:25 Repeat$_preinitializeMethod_Repeat$__p_sL_0.class
-rw-rw-r--   1 travis travis   520 Jan 18 03:25 Repeat$_preinitializeMethod_Repeat$__p_sL_1.class
-rw-rw-r--   1 travis travis  1083 Jan 18 03:25 Repeat$_Repeat$_fireFunction_Repeat_AddSubtract_Repeat.class
-rw-rw-r--   1 travis travis   791 Jan 18 03:25 Repeat$_Repeat$_fireFunction_Repeat_AddSubtract_Repeat$__f_sL_0.class
-rw-rw-r--   1 travis travis   909 Jan 18 03:25 Repeat$_Repeat$_fireFunction_Repeat_AddSubtract_Repeat$__f_sL_1.class
-rw-rw-r--   1 travis travis   915 Jan 18 03:25 Repeat$_Repeat$_fireFunction_Repeat_AddSubtract_Repeat$__f_sL_2.class
-rw-rw-r--   1 travis travis   838 Jan 18 03:25 Repeat$_Repeat$_fireFunction_Repeat_Ramp2_Repeat$__f_sL_1.class
-rw-rw-r--   1 travis travis  1785 Jan 18 03:25 Repeat$_Repeat$_fireFunction_Repeat_Test_Repeat$__f_sL_2.class
-rw-rw-r--   1 travis travis   685 Jan 18 03:25 Repeat$_Repeat_SDF_Director_run_Repeat$__R_sL_0.class
-rw-rw-r--   1 travis travis   540 Jan 18 03:25 Repeat$_Repeat_SDF_Director_run_Repeat$__R_sL_1.class
-rw-rw-r--   1 travis travis   540 Jan 18 03:25 Repeat$_Repeat_SDF_Director_run_Repeat$__R_sL_2.class
-rw-rw-r--   1 travis travis   540 Jan 18 03:25 Repeat$_Repeat_SDF_Director_run_Repeat$__R_sL_4.class
-rw-rw-r--   1 travis travis   540 Jan 18 03:25 Repeat$_Repeat_SDF_Director_run_Repeat$__R_sL_5.class
-rw-rw-r--   1 travis travis   691 Jan 18 03:25 Repeat$_Repeat_SDF_Director_run_Repeat$__R_sL_6.class
-rw-rw-r--   1 travis travis   540 Jan 18 03:25 Repeat$_Repeat_SDF_Director_run_Repeat$__R_sL_7.class
-rw-rw-r--   1 travis travis   863 Jan 18 03:25 Repeat$_varinit_Repeat.class
-rw-rw-r--   1 travis travis   530 Jan 18 03:25 Repeat$_varinit_Repeat$__v_sL_1.class
-rw-rw-r--   1 travis travis   531 Jan 18 03:25 Repeat$_varinit_Repeat$__v_sL_2.class
-rw-rw-r--   1 travis travis   905 Jan 18 03:25 Repeat$_varinit_Repeat$__v_sL_4.class
-rw-rw-r--   1 travis travis   635 Jan 18 03:25 Repeat$_wrapup_Repeat.class
-rw-rw-r--   1 travis travis   965 Jan 18 03:25 Repeat$_wrapup_Repeat$__w_sL_1.class
-rw-rw-r--   1 travis travis   289 Jan 18 03:19 result.csv
drwxrwxr-x   3 travis travis 12288 Jan 18 03:23 Scrambler1
drwxrwxr-x   3 travis travis 20480 Jan 18 03:22 Sinewave2
drwxrwxr-x   3 travis travis 69632 Jan 18 03:23 StringCompare
drwxrwxr-x   3 travis travis 32768 Jan 18 03:23 StringFunction
drwxrwxr-x   3 travis travis 12288 Jan 18 03:23 StringLength
drwxrwxr-x   3 travis travis 57344 Jan 18 03:24 StringSimpleReplace
drwxrwxr-x   3 travis travis 12288 Jan 18 03:24 time2
drwxrwxr-x   3 travis travis 12288 Jan 18 03:25 time5
-rw-rw-r--   1 travis travis   432 Jan 18 03:26 Token.class
-rw-rw-r--   1 travis travis   251 Jan 18 03:26 Token.java
-rw-rw-r--   1 travis travis     0 Jan 18 03:25 top.
-rw-rw-r--   1 travis travis 20502 Jan 18 03:19 top.c
-rw-rw-r--   1 travis travis  3567 Jan 18 03:25 top.class
-rw-rw-r--   1 travis travis   169 Jan 18 03:19 top.html
-rw-rw-r--   1 travis travis  7552 Jan 18 03:25 top.java
-rw-rw-r--   1 travis travis 38888 Jan 18 03:19 top.o
drwxrwxr-x   3 travis travis 57344 Jan 18 03:22 UnaryMathFunction
warning: Supported source version 'RELEASE_6' from annotation processor 'org.netbeans.modules.openide.util.NbBundleProcessor' less than -source '1.8'
warning: Supported source version 'RELEASE_6' from annotation processor 'org.netbeans.modules.openide.util.URLStreamHandlerRegistrationProcessor' less than -source '1.8'
warning: Supported source version 'RELEASE_6' from annotation processor 'org.netbeans.modules.openide.util.ServiceProviderProcessor' less than -source '1.8'
3 warnings
All Done
Writing ModularCodeGenPubSub_A1.java in file:/home/travis/cg/ (9060 characters)
Reading "ptolemy/cg/kernel/generic/program/procedural/java/modular/makefile.in",
    writing "/home/travis/cg/ModularCodeGenPubSub_A1.mk"
Using ptolemy/cg/kernel/generic/program/procedural/java/modular/makefile.in
In "/home/travis/cg", about to execute:
    make -f ModularCodeGenPubSub_A1.mk
javac -classpath ".:.."    ModularCodeGenPubSub_A1.java
All Done
2393 ms. Memory: 115200K Free: 57714K (50%)
----------------- Invoking toplevel() on ptolemy.moml.MoMLSimpleApplication@2ca5e773
----------------- Done invoking toplevel() on ptolemy.moml.MoMLSimpleApplication@2ca5e773
reloadAllAccessors: .ModularCodeGenPubSub

===========================================================================================
----------------- testing Fri Jan 18 03:26:42 UTC 2019 /home/travis/build/icyphy/ptII/ptolemy/cg/lib/test/auto/ModularCodeGenPubSub2.xml
----------------- Instantiating /home/travis/build/icyphy/ptII/ptolemy/cg/lib/test/auto/ModularCodeGenPubSub2.xml
In "/home/travis/cg", about to execute:
    pwd
In "/home/travis/cg", about to execute:
    ls -l
/home/travis/cg
In "/home/travis/cg", about to execute:
    javac -classpath
.:/home/travis/build/icyphy/ptII:/home/travis/build/icyphy/ptII/lib/bsh-2.0b4.j
ar:/home/travis/build/icyphy/ptII/lib/ptCal.jar:/home/travis/build/icyphy/ptII/
lib/java_cup.jar:/home/travis/build/icyphy/ptII/lib/saxon8.jar:/home/travis/bui
ld/icyphy/ptII/lib/saxon8-dom.jar:/home/travis/build/icyphy/ptII/lib/chic.jar:/
home/travis/build/icyphy/ptII/lib/ptcolt.jar:/usr/lib/jvm/java-8-oracle/lib/too
ls.jar:/usr/lib/eclipse/plugins/org.eclipse.jdt.core_3.8.2.dist.jar:/usr/lib/ec
lipse/plugins/org.eclipse.core.runtime_3.8.0.dist.jar:/usr/lib/eclipse/plugins/
org.eclipse.osgi_3.8.1.dist.jar:/usr/lib/eclipse/plugins/org.eclipse.core.resou
rces_3.8.1.dist.jar:/usr/lib/eclipse/plugins/org.eclipse.equinox.common_3.6.100
.dist.jar:/usr/lib/eclipse/plugins/org.eclipse.core.jobs_3.5.200.dist.jar:/usr/
lib/eclipse/plugins/org.eclipse.core.contenttype_3.4.200.dist.jar:/usr/lib/ecli
pse/plugins/org.eclipse.equinox.preferences_3.5.0.dist.jar:/usr/lib/eclipse/plu
gins/org.eclipse.text_3.5.200.dist.jar:/usr/lib/eclipse/plugins/org.eclipse.ui.
workbench_3.8.1.dist.jar:/usr/lib/eclipse/plugins/org.eclipse.jface_3.8.0.dist.
jar:/usr/lib/eclipse/plugins/org.eclipse.swt_3.8.2.jar:/usr/lib/eclipse/plugins
/org.eclipse.jface.text_3.8.1.dist.jar:/usr/lib/eclipse/plugins/org.eclipse.ui.
workbench.texteditor_3.8.0.dist.jar:/usr/lib/eclipse/plugins/org.eclipse.ui.edi
tors_3.8.0.dist.jar:/usr/lib/eclipse/plugins/org.eclipse.core.commands_3.6.1.di
st.jar:/usr/lib/eclipse/plugins/org.eclipse.equinox.registry_3.5.200.dist.jar:/
usr/lib/eclipse/plugins/org.eclipse.ui.console_3.5.100.dist.jar:/usr/lib/eclips
e/plugins/org.eclipse.ui.forms_3.5.200.dist.jar:/usr/lib/eclipse/plugins/org.ec
lipse.ui.ide_3.8.1.dist.jar:/home/travis/build/icyphy/ptII/vendors/oracle/dbxml
.jar:/home/travis/build/icyphy/ptII/vendors/oracle/db.jar:/home/travis/build/ic
yphy/ptII/vendors/misc/itext/iText.jar:/home/travis/build/icyphy/ptII/lib/g4ltl
.jar:/home/travis/build/icyphy/ptII/lib/StructuralCoder.jar:/home/travis/build/
icyphy/ptII/lib/org-openide-util.jar:/home/travis/build/icyphy/ptII/lib/org-ope
nide-util-lookup.jar:/home/travis/build/icyphy/ptII/lib/org-netbeans-api-visual
.jar:/home/travis/build/icyphy/ptII/vendors/jai-1_1_2_01/lib/jai_core.jar:/home
/travis/build/icyphy/ptII/vendors/jai-1_1_2_01/lib/jai_codec.jar:/home/travis/b
uild/icyphy/ptII/lib/jcerti.jar:/home/travis/build/icyphy/ptII/lib/smack.jar:/h
ome/travis/build/icyphy/ptII/lib/smackx.jar:/home/travis/build/icyphy/ptII/lib/
jetty-all-8.1.5-v20120716.jar:/home/travis/build/icyphy/ptII/lib/javax.servlet-
api-3.0.1.jar:/home/travis/build/icyphy/ptII/lib/javax.mail.jar:/home/travis/bu
ild/icyphy/ptII/vendors/JMF-2.1.1e/lib/jmf.jar:/home/travis/build/icyphy/ptII/l
ib/jna-4.0.0-variadic.jar:/home/travis/build/icyphy/ptII/vendors/misc/joystick/
Joystick.jar:/home/travis/build/icyphy/ptII/lib/ptjacl.jar:/home/travis/build/i
cyphy/ptII/lib/jsoup-1.8.2.jar:/home/travis/build/icyphy/ptII/lib/junit-4.8.2.j
ar:/home/travis/build/icyphy/ptII/lib/JUnitParams-0.4.0.jar:/home/travis/build/
icyphy/ptII/ptolemy/actor/lib/excel/jxl.jar:/home/travis/build/icyphy/ptII/lib/
jython.jar:/home/travis/build/icyphy/ptII/lib/kieler.jar:/home/travis/build/icy
phy/ptII/vendors/opencv/share/OpenCV/java/opencv-341.jar:/home/travis/build/icy
phy/ptII/lib/oscP5.jar:/home/travis/build/icyphy/ptII/lib/nrjavaserial-3.11.0.d
evel.jar:/home/travis/build/icyphy/ptII/vendors/j3d/lib/j3dcore.jar:/home/travi
s/build/icyphy/ptII/vendors/j3d/lib/j3dutils.jar:/home/travis/build/icyphy/ptII
/vendors/j3d/lib/vecmath.jar:/home/travis/build/icyphy/ptII/ptolemy/distributed
/jini/jar/jini-core.jar:/home/travis/build/icyphy/ptII/ptolemy/distributed/jini
/jar/jini-ext.jar:/home/travis/build/icyphy/ptII/ptolemy/distributed/jini/jar/s
un-util.jar:/home/travis/build/icyphy/ptII/lib/protobuf-java-2.4.1.jar:/home/tr
avis/build/icyphy/ptII/lib/org.eclipse.paho.client.mqttv3.jar:/home/travis/buil
d/icyphy/ptII/ptserver/lib/hessian-4.0.7.jar:/home/travis/build/icyphy/ptII/pts
erver/lib/wmqtt.jar:/home/travis/build/icyphy/ptII/lib/mapss.jar:/home/travis/b
uild/icyphy/ptII/ptolemy/actor/ptalon/antlr/antlr.jar:/home/travis/build/icyphy
/ptII/lib/JRI.jar:/home/travis/build/icyphy/ptII/lib/commons-lang-2.6.jar:/home
/travis/build/icyphy/ptII/lib/commons-logging-1.1.1.jar:/home/travis/build/icyp
hy/ptII/lib/sootclasses.jar:/home/travis/build/icyphy/ptII/ptolemy/actor/lib/da
tabase/mysql-connector-java-5.1.6-bin.jar:/home/travis/build/icyphy/ptII/vendor
s/misc/sphinx4/sphinx4-data-5prealpha.jar:/home/travis/build/icyphy/ptII/vendor
s/misc/sphinx4/sphinx4-core-5prealpha.jar:/home/travis/build/icyphy/ptII/lib/PD
FRenderer.jar:/home/travis/build/icyphy/ptII/lib/svgSalamander.jar:/home/travis
/build/icyphy/ptII/lib/rsyntaxtextarea-2.6.0-SNAPSHOT.jar:/home/travis/build/ic
yphy/ptII/lib/hazelcast-3.8.2.jar:/home/travis/build/icyphy/ptII/lib/jackson-an
notations-2.9.0.jar:/home/travis/build/icyphy/ptII/lib/jackson-core-2.9.3.jar:/
home/travis/build/icyphy/ptII/lib/jackson-databind-2.9.3.jar:/home/travis/build
/icyphy/ptII/lib/netty-buffer-4.1.19.Final.jar:/home/travis/build/icyphy/ptII/l
ib/netty-codec-4.1.19.Final.jar:/home/travis/build/icyphy/ptII/lib/netty-codec-
dns-4.1.19.Final.jar:/home/travis/build/icyphy/ptII/lib/netty-codec-http-4.1.19
.Final.jar:/home/travis/build/icyphy/ptII/lib/netty-codec-http2-4.1.19.Final.ja
r:/home/travis/build/icyphy/ptII/lib/netty-common-4.1.19.Final.jar:/home/travis
/build/icyphy/ptII/lib/netty-handler-4.1.19.Final.jar:/home/travis/build/icyphy
/ptII/lib/netty-resolver-4.1.19.Final.jar:/home/travis/build/icyphy/ptII/lib/ne
tty-resolver-dns-4.1.19.Final.jar:/home/travis/build/icyphy/ptII/lib/netty-tran
sport-4.1.19.Final.jar:/home/travis/build/icyphy/ptII/lib/vertx-codegen-3.5.1.j
ar:/home/travis/build/icyphy/ptII/lib/vertx-core-3.5.2-SNAPSHOT.jar:/home/travi
s/build/icyphy/ptII/lib/vertx-hazelcast-3.5.1.jar:/home/travis/build/icyphy/ptI
I/lib/vertx-lang-js-3.5.1.jar:/home/travis/build/icyphy/ptII/lib/vertx-service-
proxy-3.5.1.jar:/home/travis/build/icyphy/ptII/lib/vertx-web-3.5.1.jar:/home/tr
avis/build/icyphy/ptII/lib/slf4j-api-1.7.13.jar:/home/travis/build/icyphy/ptII/
lib/slf4j-simple-1.7.13.jar:/home/travis/build/icyphy/ptII/lib/webcam-capture-0
.3.12.jar:/home/travis/build/icyphy/ptII/lib/bridj-0.7.0.jar:/home/travis/build
/icyphy/ptII/lib/xbjlib-1.1.0.nrjavaserial.jar:/home/travis/build/icyphy/ptII/p
tolemy/moml/test:/home/travis/build/icyphy/ptII/ant/lib/ant-launcher.jar:/home/
travis/build/icyphy/ptII/ant/lib/ant.jar:/home/travis/build/icyphy/ptII/ant/lib
/ant-junit.jar:/home/travis/build/icyphy/ptII/ant/lib/ant-junit4.jar:/home/trav
is/build/icyphy/ptII ModularCodeGenPubSub2_A1_A_profile.java
total 2040
drwxrwxr-x   3 travis travis 12288 Jan 18 03:20 AbsoluteValue
-rw-rw-r--   1 travis travis   233 Jan 18 03:26 Array.class
-rw-rw-r--   1 travis travis   459 Jan 18 03:26 Array.java
drwxrwxr-x   3 travis travis 16384 Jan 18 03:20 Case1
drwxrwxr-x   3 travis travis 32768 Jan 18 03:20 Case2
-rw-rw-r--   1 travis travis  4895 Jan 18 03:25 CompiledCompositeActor_CompiledCompositeActor.class
-rw-rw-r--   1 travis travis  1592 Jan 18 03:25 CompiledCompositeActor_CompiledCompositeActor$_CompiledCompositeActor_CompiledCompositeActor.class
-rw-rw-r--   1 travis travis 13466 Jan 18 03:25 CompiledCompositeActor_CompiledCompositeActor.java
-rw-rw-r--   1 travis travis  1593 Jan 18 03:25 CompiledCompositeActor_CompiledCompositeActor.mk
drwxrwxr-x   3 travis travis 24576 Jan 18 03:23 DeScrambler
drwxrwxr-x   3 travis travis 16384 Jan 18 03:24 DotProduct
drwxrwxr-x   3 travis travis 12288 Jan 18 03:21 FileWriter1
drwxrwxr-x   3 travis travis 20480 Jan 18 03:20 FixToDoubleAndBack
drwxrwxr-x   3 travis travis 16384 Jan 18 03:21 Gaussian1
drwxrwxr-x   3 travis travis 20480 Jan 18 03:21 Gaussian2
-rw-rw-r--   1 travis travis  4457 Jan 18 03:25 JavaCompiledCompositeTest1_CompiledCompositeActor.class
-rw-rw-r--   1 travis travis 11637 Jan 18 03:25 JavaCompiledCompositeTest1_CompiledCompositeActor.java
-rw-rw-r--   1 travis travis  1198 Jan 18 03:25 JavaCompiledCompositeTest1_CompiledCompositeActor$_JavaCompiledCompositeTest1_CompiledCompositeActor.class
-rw-rw-r--   1 travis travis  1625 Jan 18 03:25 JavaCompiledCompositeTest1_CompiledCompositeActor.mk
-rw-rw-r--   1 travis travis  4888 Jan 18 03:25 JavaCompiledCompositeTest2_CompiledCompositeActor.class
-rw-rw-r--   1 travis travis 14919 Jan 18 03:25 JavaCompiledCompositeTest2_CompiledCompositeActor.java
-rw-rw-r--   1 travis travis  1793 Jan 18 03:25 JavaCompiledCompositeTest2_CompiledCompositeActor$_JavaCompiledCompositeTest2_CompiledCompositeActor.class
-rw-rw-r--   1 travis travis  1625 Jan 18 03:25 JavaCompiledCompositeTest2_CompiledCompositeActor.mk
-rw-rw-r--   1 travis travis  4505 Jan 18 03:25 JavaCompiledCompositeTest3_CompiledCompositeActor.class
-rw-rw-r--   1 travis travis 13080 Jan 18 03:25 JavaCompiledCompositeTest3_CompiledCompositeActor.java
-rw-rw-r--   1 travis travis  1378 Jan 18 03:25 JavaCompiledCompositeTest3_CompiledCompositeActor$_JavaCompiledCompositeTest3_CompiledCompositeActor.class
-rw-rw-r--   1 travis travis  1625 Jan 18 03:25 JavaCompiledCompositeTest3_CompiledCompositeActor.mk
-rw-rw-r--   1 travis travis  3953 Jan 18 03:25 JavaCompiledCompositeTest4_CompiledCompositeActor.class
-rw-rw-r--   1 travis travis  9687 Jan 18 03:25 JavaCompiledCompositeTest4_CompiledCompositeActor.java
-rw-rw-r--   1 travis travis   857 Jan 18 03:25 JavaCompiledCompositeTest4_CompiledCompositeActor$_JavaCompiledCompositeTest4_CompiledCompositeActor.class
-rw-rw-r--   1 travis travis  1625 Jan 18 03:25 JavaCompiledCompositeTest4_CompiledCompositeActor.mk
drwxrwxr-x   3 travis travis 12288 Jan 18 03:21 LookupTable
drwxrwxr-x   3 travis travis 20480 Jan 18 03:21 MaxIndex
-rw-rw-r--   1 travis travis  3693 Jan 18 03:25 ModularCG_A1_B1.class
-rw-rw-r--   1 travis travis  9730 Jan 18 03:25 ModularCG_A1_B1.java
-rw-rw-r--   1 travis travis   832 Jan 18 03:25 ModularCG_A1_B1.mk
-rw-rw-r--   1 travis travis  1318 Jan 18 03:25 ModularCG_A1_B1_profile.class
-rw-rw-r--   1 travis travis  1262 Jan 18 03:25 ModularCG_A1_B1_profile.java
-rw-rw-r--   1 travis travis  3693 Jan 18 03:25 ModularCG_A1_B2.class
-rw-rw-r--   1 travis travis  9730 Jan 18 03:25 ModularCG_A1_B2.java
-rw-rw-r--   1 travis travis   832 Jan 18 03:25 ModularCG_A1_B2.mk
-rw-rw-r--   1 travis travis  1318 Jan 18 03:25 ModularCG_A1_B2_profile.class
-rw-rw-r--   1 travis travis  1262 Jan 18 03:25 ModularCG_A1_B2_profile.java
-rw-rw-r--   1 travis travis  4799 Jan 18 03:25 ModularCG_A1.class
-rw-rw-r--   1 travis travis 14742 Jan 18 03:25 ModularCG_A1.java
-rw-rw-r--   1 travis travis   808 Jan 18 03:25 ModularCG_A1.mk
-rw-rw-r--   1 travis travis  1433 Jan 18 03:25 ModularCG_A1_profile.class
-rw-rw-r--   1 travis travis  1704 Jan 18 03:25 ModularCG_A1_profile.java
-rw-rw-r--   1 travis travis  3827 Jan 18 03:25 ModularCG_A2_B1.class
-rw-rw-r--   1 travis travis 10667 Jan 18 03:25 ModularCG_A2_B1.java
-rw-rw-r--   1 travis travis   832 Jan 18 03:25 ModularCG_A2_B1.mk
-rw-rw-r--   1 travis travis  1381 Jan 18 03:25 ModularCG_A2_B1_profile.class
-rw-rw-r--   1 travis travis  1446 Jan 18 03:25 ModularCG_A2_B1_profile.java
-rw-rw-r--   1 travis travis  3693 Jan 18 03:25 ModularCG_A2_B2.class
-rw-rw-r--   1 travis travis  9730 Jan 18 03:25 ModularCG_A2_B2.java
-rw-rw-r--   1 travis travis   832 Jan 18 03:25 ModularCG_A2_B2.mk
-rw-rw-r--   1 travis travis  1318 Jan 18 03:25 ModularCG_A2_B2_profile.class
-rw-rw-r--   1 travis travis  1262 Jan 18 03:25 ModularCG_A2_B2_profile.java
-rw-rw-r--   1 travis travis  4870 Jan 18 03:25 ModularCG_A2.class
-rw-rw-r--   1 travis travis 15129 Jan 18 03:25 ModularCG_A2.java
-rw-rw-r--   1 travis travis   808 Jan 18 03:25 ModularCG_A2.mk
-rw-rw-r--   1 travis travis  1433 Jan 18 03:25 ModularCG_A2_profile.class
-rw-rw-r--   1 travis travis  1704 Jan 18 03:25 ModularCG_A2_profile.java
-rw-rw-r--   1 travis travis  3473 Jan 18 03:25 ModularCGPubSub_A1_A2.class
-rw-rw-r--   1 travis travis  9076 Jan 18 03:25 ModularCGPubSub_A1_A2.java
-rw-rw-r--   1 travis travis   880 Jan 18 03:25 ModularCGPubSub_A1_A2.mk
-rw-rw-r--   1 travis travis  1300 Jan 18 03:25 ModularCGPubSub_A1_A2_profile.class
-rw-rw-r--   1 travis travis  1222 Jan 18 03:25 ModularCGPubSub_A1_A2_profile.java
-rw-rw-r--   1 travis travis  3790 Jan 18 03:25 ModularCGPubSub_A1.class
-rw-rw-r--   1 travis travis  9836 Jan 18 03:25 ModularCGPubSub_A1.java
-rw-rw-r--   1 travis travis   856 Jan 18 03:25 ModularCGPubSub_A1.mk
-rw-rw-r--   1 travis travis  1346 Jan 18 03:25 ModularCGPubSub_A1_profile.class
-rw-rw-r--   1 travis travis  1388 Jan 18 03:25 ModularCGPubSub_A1_profile.java
-rw-rw-r--   1 travis travis  3988 Jan 18 03:25 ModularCodeGen2_ModularCodeGenTypedCompositeActor.class
-rw-rw-r--   1 travis travis 11690 Jan 18 03:25 ModularCodeGen2_ModularCodeGenTypedCompositeActor.java
-rw-rw-r--   1 travis travis  1104 Jan 18 03:25 ModularCodeGen2_ModularCodeGenTypedCompositeActor.mk
-rw-rw-r--   1 travis travis  4272 Jan 18 03:25 ModularCodeGen2_ModularCodeGenTypedCompositeActor_ModularCodeGenTypedCompositeActor.class
-rw-rw-r--   1 travis travis 11790 Jan 18 03:25 ModularCodeGen2_ModularCodeGenTypedCompositeActor_ModularCodeGenTypedCompositeActor.java
-rw-rw-r--   1 travis travis  1376 Jan 18 03:25 ModularCodeGen2_ModularCodeGenTypedCompositeActor_ModularCodeGenTypedCompositeActor.mk
-rw-rw-r--   1 travis travis  1421 Jan 18 03:25 ModularCodeGen2_ModularCodeGenTypedCompositeActor_ModularCodeGenTypedCompositeActor_profile.class
-rw-rw-r--   1 travis travis  1294 Jan 18 03:25 ModularCodeGen2_ModularCodeGenTypedCompositeActor_ModularCodeGenTypedCompositeActor_profile.java
-rw-rw-r--   1 travis travis   820 Jan 18 03:25 ModularCodeGen2_ModularCodeGenTypedCompositeActor_profile.class
-rw-rw-r--   1 travis travis   693 Jan 18 03:25 ModularCodeGen2_ModularCodeGenTypedCompositeActor_profile.java
-rw-rw-r--   1 travis travis  3741 Jan 18 03:25 ModularCodeGen3_A1_B1.class
-rw-rw-r--   1 travis travis  9958 Jan 18 03:25 ModularCodeGen3_A1_B1.java
-rw-rw-r--   1 travis travis   880 Jan 18 03:25 ModularCodeGen3_A1_B1.mk
-rw-rw-r--   1 travis travis  1330 Jan 18 03:25 ModularCodeGen3_A1_B1_profile.class
-rw-rw-r--   1 travis travis  1274 Jan 18 03:25 ModularCodeGen3_A1_B1_profile.java
-rw-rw-r--   1 travis travis  3741 Jan 18 03:25 ModularCodeGen3_A1_B2.class
-rw-rw-r--   1 travis travis  9958 Jan 18 03:25 ModularCodeGen3_A1_B2.java
-rw-rw-r--   1 travis travis   880 Jan 18 03:25 ModularCodeGen3_A1_B2.mk
-rw-rw-r--   1 travis travis  1330 Jan 18 03:25 ModularCodeGen3_A1_B2_profile.class
-rw-rw-r--   1 travis travis  1274 Jan 18 03:25 ModularCodeGen3_A1_B2_profile.java
-rw-rw-r--   1 travis travis  4961 Jan 18 03:26 ModularCodeGen3_A1.class
-rw-rw-r--   1 travis travis 15564 Jan 18 03:26 ModularCodeGen3_A1.java
-rw-rw-r--   1 travis travis   856 Jan 18 03:26 ModularCodeGen3_A1.mk
-rw-rw-r--   1 travis travis  1445 Jan 18 03:26 ModularCodeGen3_A1_profile.class
-rw-rw-r--   1 travis travis  1716 Jan 18 03:25 ModularCodeGen3_A1_profile.java
-rw-rw-r--   1 travis travis  3887 Jan 18 03:26 ModularCodeGen3_A2_B1.class
-rw-rw-r--   1 travis travis 10955 Jan 18 03:26 ModularCodeGen3_A2_B1.java
-rw-rw-r--   1 travis travis   880 Jan 18 03:26 ModularCodeGen3_A2_B1.mk
-rw-rw-r--   1 travis travis  1393 Jan 18 03:26 ModularCodeGen3_A2_B1_profile.class
-rw-rw-r--   1 travis travis  1458 Jan 18 03:26 ModularCodeGen3_A2_B1_profile.java
-rw-rw-r--   1 travis travis  3741 Jan 18 03:26 ModularCodeGen3_A2_B2.class
-rw-rw-r--   1 travis travis  9958 Jan 18 03:26 ModularCodeGen3_A2_B2.java
-rw-rw-r--   1 travis travis   880 Jan 18 03:26 ModularCodeGen3_A2_B2.mk
-rw-rw-r--   1 travis travis  1330 Jan 18 03:26 ModularCodeGen3_A2_B2_profile.class
-rw-rw-r--   1 travis travis  1274 Jan 18 03:26 ModularCodeGen3_A2_B2_profile.java
-rw-rw-r--   1 travis travis  5038 Jan 18 03:26 ModularCodeGen3_A2.class
-rw-rw-r--   1 travis travis 15957 Jan 18 03:26 ModularCodeGen3_A2.java
-rw-rw-r--   1 travis travis   856 Jan 18 03:26 ModularCodeGen3_A2.mk
-rw-rw-r--   1 travis travis  1445 Jan 18 03:26 ModularCodeGen3_A2_profile.class
-rw-rw-r--   1 travis travis  1716 Jan 18 03:26 ModularCodeGen3_A2_profile.java
-rw-rw-r--   1 travis travis  3794 Jan 18 03:26 ModularCodeGen4_A1_B1.class
-rw-rw-r--   1 travis travis 10312 Jan 18 03:26 ModularCodeGen4_A1_B1.java
-rw-rw-r--   1 travis travis   880 Jan 18 03:26 ModularCodeGen4_A1_B1.mk
-rw-rw-r--   1 travis travis  1330 Jan 18 03:26 ModularCodeGen4_A1_B1_profile.class
-rw-rw-r--   1 travis travis  1273 Jan 18 03:26 ModularCodeGen4_A1_B1_profile.java
-rw-rw-r--   1 travis travis  3794 Jan 18 03:26 ModularCodeGen4_A1_B2.class
-rw-rw-r--   1 travis travis 10312 Jan 18 03:26 ModularCodeGen4_A1_B2.java
-rw-rw-r--   1 travis travis   880 Jan 18 03:26 ModularCodeGen4_A1_B2.mk
-rw-rw-r--   1 travis travis  1330 Jan 18 03:26 ModularCodeGen4_A1_B2_profile.class
-rw-rw-r--   1 travis travis  1273 Jan 18 03:26 ModularCodeGen4_A1_B2_profile.java
-rw-rw-r--   1 travis travis  5101 Jan 18 03:26 ModularCodeGen4_A1.class
-rw-rw-r--   1 travis travis 16245 Jan 18 03:26 ModularCodeGen4_A1.java
-rw-rw-r--   1 travis travis   856 Jan 18 03:26 ModularCodeGen4_A1.mk
-rw-rw-r--   1 travis travis  1445 Jan 18 03:26 ModularCodeGen4_A1_profile.class
-rw-rw-r--   1 travis travis  1712 Jan 18 03:26 ModularCodeGen4_A1_profile.java
-rw-rw-r--   1 travis travis  3988 Jan 18 03:26 ModularCodeGen4_A2_B1.class
-rw-rw-r--   1 travis travis 11375 Jan 18 03:26 ModularCodeGen4_A2_B1.java
-rw-rw-r--   1 travis travis   880 Jan 18 03:26 ModularCodeGen4_A2_B1.mk
-rw-rw-r--   1 travis travis  1393 Jan 18 03:26 ModularCodeGen4_A2_B1_profile.class
-rw-rw-r--   1 travis travis  1454 Jan 18 03:26 ModularCodeGen4_A2_B1_profile.java
-rw-rw-r--   1 travis travis  3842 Jan 18 03:26 ModularCodeGen4_A2_B2.class
-rw-rw-r--   1 travis travis 10378 Jan 18 03:26 ModularCodeGen4_A2_B2.java
-rw-rw-r--   1 travis travis   880 Jan 18 03:26 ModularCodeGen4_A2_B2.mk
-rw-rw-r--   1 travis travis  1330 Jan 18 03:26 ModularCodeGen4_A2_B2_profile.class
-rw-rw-r--   1 travis travis  1270 Jan 18 03:26 ModularCodeGen4_A2_B2_profile.java
-rw-rw-r--   1 travis travis  5274 Jan 18 03:26 ModularCodeGen4_A2.class
-rw-rw-r--   1 travis travis 16770 Jan 18 03:26 ModularCodeGen4_A2.java
-rw-rw-r--   1 travis travis   856 Jan 18 03:26 ModularCodeGen4_A2.mk
-rw-rw-r--   1 travis travis  1445 Jan 18 03:26 ModularCodeGen4_A2_profile.class
-rw-rw-r--   1 travis travis  1712 Jan 18 03:26 ModularCodeGen4_A2_profile.java
-rw-rw-r--   1 travis travis  6838 Jan 18 03:26 ModularCodeGen5_A_A.class
-rw-rw-r--   1 travis travis 28721 Jan 18 03:26 ModularCodeGen5_A_A.java
-rw-rw-r--   1 travis travis   864 Jan 18 03:26 ModularCodeGen5_A_A.mk
-rw-rw-r--   1 travis travis  1520 Jan 18 03:26 ModularCodeGen5_A_A_profile.class
-rw-rw-r--   1 travis travis  1815 Jan 18 03:26 ModularCodeGen5_A_A_profile.java
-rw-rw-r--   1 travis travis  5115 Jan 18 03:26 ModularCodeGen5_A.class
-rw-rw-r--   1 travis travis 13769 Jan 18 03:26 ModularCodeGen5_A.java
-rw-rw-r--   1 travis travis   848 Jan 18 03:26 ModularCodeGen5_A.mk
-rw-rw-r--   1 travis travis  1422 Jan 18 03:26 ModularCodeGen5_A_profile.class
-rw-rw-r--   1 travis travis  1605 Jan 18 03:26 ModularCodeGen5_A_profile.java
-rw-rw-r--   1 travis travis  4125 Jan 18 03:26 ModularCodeGen6_A_A2.class
-rw-rw-r--   1 travis travis 11329 Jan 18 03:26 ModularCodeGen6_A_A2.java
-rw-rw-r--   1 travis travis   872 Jan 18 03:26 ModularCodeGen6_A_A2.mk
-rw-rw-r--   1 travis travis  1351 Jan 18 03:26 ModularCodeGen6_A_A2_profile.class
-rw-rw-r--   1 travis travis  1364 Jan 18 03:26 ModularCodeGen6_A_A2_profile.java
-rw-rw-r--   1 travis travis  4108 Jan 18 03:26 ModularCodeGen6_A_A.class
-rw-rw-r--   1 travis travis 11221 Jan 18 03:26 ModularCodeGen6_A_A.java
-rw-rw-r--   1 travis travis   864 Jan 18 03:26 ModularCodeGen6_A_A.mk
-rw-rw-r--   1 travis travis  1348 Jan 18 03:26 ModularCodeGen6_A_A_profile.class
-rw-rw-r--   1 travis travis  1361 Jan 18 03:26 ModularCodeGen6_A_A_profile.java
-rw-rw-r--   1 travis travis  7237 Jan 18 03:26 ModularCodeGen6_A.class
-rw-rw-r--   1 travis travis 26535 Jan 18 03:26 ModularCodeGen6_A.java
-rw-rw-r--   1 travis travis   848 Jan 18 03:26 ModularCodeGen6_A.mk
-rw-rw-r--   1 travis travis  1483 Jan 18 03:26 ModularCodeGen6_A_profile.class
-rw-rw-r--   1 travis travis  1810 Jan 18 03:26 ModularCodeGen6_A_profile.java
-rw-rw-r--   1 travis travis  9439 Jan 18 03:26 ModularCodeGenLazyPubSubGlobal_CompositeActor_ModularCodeGenTypedComposite.class
-rw-rw-r--   1 travis travis 30161 Jan 18 03:26 ModularCodeGenLazyPubSubGlobal_CompositeActor_ModularCodeGenTypedComposite.java
-rw-rw-r--   1 travis travis  1304 Jan 18 03:26 ModularCodeGenLazyPubSubGlobal_CompositeActor_ModularCodeGenTypedComposite.mk
-rw-rw-r--   1 travis travis  1438 Jan 18 03:26 ModularCodeGenLazyPubSubGlobal_CompositeActor_ModularCodeGenTypedComposite_profile.class
-rw-rw-r--   1 travis travis  1384 Jan 18 03:26 ModularCodeGenLazyPubSubGlobal_CompositeActor_ModularCodeGenTypedComposite_profile.java
-rw-rw-r--   1 travis travis  3952 Jan 18 03:26 ModularCodeGenLazyPubSub_LazyCompositeActor.class
-rw-rw-r--   1 travis travis 11122 Jan 18 03:26 ModularCodeGenLazyPubSub_LazyCompositeActor.java
-rw-rw-r--   1 travis travis  1056 Jan 18 03:26 ModularCodeGenLazyPubSub_LazyCompositeActor.mk
-rw-rw-r--   1 travis travis  1286 Jan 18 03:26 ModularCodeGenLazyPubSub_LazyCompositeActor_profile.class
-rw-rw-r--   1 travis travis  1091 Jan 18 03:26 ModularCodeGenLazyPubSub_LazyCompositeActor_profile.java
-rw-rw-r--   1 travis travis  3954 Jan 18 03:25 ModularCodeGen_ModularCodeGenTypedCompositeActor.class
-rw-rw-r--   1 travis travis 10970 Jan 18 03:25 ModularCodeGen_ModularCodeGenTypedCompositeActor.java
-rw-rw-r--   1 travis travis  1096 Jan 18 03:25 ModularCodeGen_ModularCodeGenTypedCompositeActor.mk
-rw-rw-r--   1 travis travis  1384 Jan 18 03:25 ModularCodeGen_ModularCodeGenTypedCompositeActor_profile.class
-rw-rw-r--   1 travis travis  1328 Jan 18 03:25 ModularCodeGen_ModularCodeGenTypedCompositeActor_profile.java
-rw-rw-r--   1 travis travis  1128 Jan 18 03:26 ModularCodeGenPubSub2_A1_A_profile.java
-rw-rw-r--   1 travis travis  3475 Jan 18 03:26 ModularCodeGenPubSub_A1.class
-rw-rw-r--   1 travis travis  9060 Jan 18 03:26 ModularCodeGenPubSub_A1.java
-rw-rw-r--   1 travis travis   896 Jan 18 03:26 ModularCodeGenPubSub_A1.mk
-rw-rw-r--   1 travis travis  1278 Jan 18 03:26 ModularCodeGenPubSub_A1_profile.class
-rw-rw-r--   1 travis travis  1195 Jan 18 03:26 ModularCodeGenPubSub_A1_profile.java
-rw-rw-r--   1 travis travis  3492 Jan 18 03:25 ModularCodeGenTest_A1_A2.class
-rw-rw-r--   1 travis travis   904 Jan 18 03:25 ModularCodeGenTest_A1_A2.mk
-rw-rw-r--   1 travis travis  1306 Jan 18 03:25 ModularCodeGenTest_A1_A2_profile.class
-rw-rw-r--   1 travis travis  9968 Jan 18 03:25 ModularCodeGenTest_A1.java
-rw-rw-r--   1 travis travis   880 Jan 18 03:25 ModularCodeGenTest_A1.mk
drwxrwxr-x   3 travis travis 36864 Jan 18 03:25 modulation2
drwxrwxr-x   3 travis travis 20480 Jan 18 03:21 Multiplexor
drwxrwxr-x 249 travis travis 12288 Jan 18 03:25 node_modules
drwxrwxr-x   3 travis travis 20480 Jan 18 03:22 PhaseUnwrap
-rw-rw-r--   1 travis travis   520 Jan 18 03:25 Repeat$_fireFunction_Repeat_Repeat$__f_sL_0.class
-rw-rw-r--   1 travis travis   522 Jan 18 03:25 Repeat$_fireFunction_Repeat_Repeat$__f_sL_10.class
-rw-rw-r--   1 travis travis   666 Jan 18 03:25 Repeat$_fireFunction_Repeat_Repeat$__f_sL_11.class
-rw-rw-r--   1 travis travis   522 Jan 18 03:25 Repeat$_fireFunction_Repeat_Repeat$__f_sL_13.class
-rw-rw-r--   1 travis travis   665 Jan 18 03:25 Repeat$_fireFunction_Repeat_Repeat$__f_sL_1.class
-rw-rw-r--   1 travis travis   520 Jan 18 03:25 Repeat$_fireFunction_Repeat_Repeat$__f_sL_2.class
-rw-rw-r--   1 travis travis   520 Jan 18 03:25 Repeat$_fireFunction_Repeat_Repeat$__f_sL_3.class
-rw-rw-r--   1 travis travis   520 Jan 18 03:25 Repeat$_fireFunction_Repeat_Repeat$__f_sL_5.class
-rw-rw-r--   1 travis travis   671 Jan 18 03:25 Repeat$_fireFunction_Repeat_Repeat$__f_sL_7.class
-rw-rw-r--   1 travis travis   520 Jan 18 03:25 Repeat$_fireFunction_Repeat_Repeat$__f_sL_9.class
-rw-rw-r--   1 travis travis   813 Jan 18 03:25 Repeat$_initialize_Repeat.class
-rw-rw-r--   1 travis travis   475 Jan 18 03:25 Repeat$_initialize_Repeat$__i_sL_0.class
-rw-rw-r--   1 travis travis   519 Jan 18 03:25 Repeat$_initialize_Repeat$__i_sL_3.class
-rw-rw-r--   1 travis travis 39778 Jan 18 03:25 Repeat.java
-rw-rw-r--   1 travis travis  1281 Jan 18 03:25 Repeat.mk
-rw-rw-r--   1 travis travis   520 Jan 18 03:25 Repeat$_preinitializeMethod_Repeat$__p_sL_0.class
-rw-rw-r--   1 travis travis   520 Jan 18 03:25 Repeat$_preinitializeMethod_Repeat$__p_sL_1.class
-rw-rw-r--   1 travis travis  1083 Jan 18 03:25 Repeat$_Repeat$_fireFunction_Repeat_AddSubtract_Repeat.class
-rw-rw-r--   1 travis travis   791 Jan 18 03:25 Repeat$_Repeat$_fireFunction_Repeat_AddSubtract_Repeat$__f_sL_0.class
-rw-rw-r--   1 travis travis   909 Jan 18 03:25 Repeat$_Repeat$_fireFunction_Repeat_AddSubtract_Repeat$__f_sL_1.class
-rw-rw-r--   1 travis travis   915 Jan 18 03:25 Repeat$_Repeat$_fireFunction_Repeat_AddSubtract_Repeat$__f_sL_2.class
-rw-rw-r--   1 travis travis   838 Jan 18 03:25 Repeat$_Repeat$_fireFunction_Repeat_Ramp2_Repeat$__f_sL_1.class
-rw-rw-r--   1 travis travis  1785 Jan 18 03:25 Repeat$_Repeat$_fireFunction_Repeat_Test_Repeat$__f_sL_2.class
-rw-rw-r--   1 travis travis   685 Jan 18 03:25 Repeat$_Repeat_SDF_Director_run_Repeat$__R_sL_0.class
-rw-rw-r--   1 travis travis   540 Jan 18 03:25 Repeat$_Repeat_SDF_Director_run_Repeat$__R_sL_1.class
-rw-rw-r--   1 travis travis   540 Jan 18 03:25 Repeat$_Repeat_SDF_Director_run_Repeat$__R_sL_2.class
-rw-rw-r--   1 travis travis   540 Jan 18 03:25 Repeat$_Repeat_SDF_Director_run_Repeat$__R_sL_4.class
-rw-rw-r--   1 travis travis   540 Jan 18 03:25 Repeat$_Repeat_SDF_Director_run_Repeat$__R_sL_5.class
-rw-rw-r--   1 travis travis   691 Jan 18 03:25 Repeat$_Repeat_SDF_Director_run_Repeat$__R_sL_6.class
-rw-rw-r--   1 travis travis   540 Jan 18 03:25 Repeat$_Repeat_SDF_Director_run_Repeat$__R_sL_7.class
-rw-rw-r--   1 travis travis   863 Jan 18 03:25 Repeat$_varinit_Repeat.class
-rw-rw-r--   1 travis travis   530 Jan 18 03:25 Repeat$_varinit_Repeat$__v_sL_1.class
-rw-rw-r--   1 travis travis   531 Jan 18 03:25 Repeat$_varinit_Repeat$__v_sL_2.class
-rw-rw-r--   1 travis travis   905 Jan 18 03:25 Repeat$_varinit_Repeat$__v_sL_4.class
-rw-rw-r--   1 travis travis   635 Jan 18 03:25 Repeat$_wrapup_Repeat.class
-rw-rw-r--   1 travis travis   965 Jan 18 03:25 Repeat$_wrapup_Repeat$__w_sL_1.class
-rw-rw-r--   1 travis travis   289 Jan 18 03:19 result.csv
drwxrwxr-x   3 travis travis 12288 Jan 18 03:23 Scrambler1
drwxrwxr-x   3 travis travis 20480 Jan 18 03:22 Sinewave2
drwxrwxr-x   3 travis travis 69632 Jan 18 03:23 StringCompare
drwxrwxr-x   3 travis travis 32768 Jan 18 03:23 StringFunction
drwxrwxr-x   3 travis travis 12288 Jan 18 03:23 StringLength
drwxrwxr-x   3 travis travis 57344 Jan 18 03:24 StringSimpleReplace
drwxrwxr-x   3 travis travis 12288 Jan 18 03:24 time2
drwxrwxr-x   3 travis travis 12288 Jan 18 03:25 time5
-rw-rw-r--   1 travis travis   432 Jan 18 03:26 Token.class
-rw-rw-r--   1 travis travis   251 Jan 18 03:26 Token.java
-rw-rw-r--   1 travis travis     0 Jan 18 03:25 top.
-rw-rw-r--   1 travis travis 20502 Jan 18 03:19 top.c
-rw-rw-r--   1 travis travis  3567 Jan 18 03:25 top.class
-rw-rw-r--   1 travis travis   169 Jan 18 03:19 top.html
-rw-rw-r--   1 travis travis  7552 Jan 18 03:25 top.java
-rw-rw-r--   1 travis travis 38888 Jan 18 03:19 top.o
drwxrwxr-x   3 travis travis 57344 Jan 18 03:22 UnaryMathFunction
warning: Supported source version 'RELEASE_6' from annotation processor 'org.netbeans.modules.openide.util.NbBundleProcessor' less than -source '1.8'
warning: Supported source version 'RELEASE_6' from annotation processor 'org.netbeans.modules.openide.util.URLStreamHandlerRegistrationProcessor' less than -source '1.8'
warning: Supported source version 'RELEASE_6' from annotation processor 'org.netbeans.modules.openide.util.ServiceProviderProcessor' less than -source '1.8'
3 warnings
All Done
Writing ModularCodeGenPubSub2_A1_A.java in file:/home/travis/cg/ (8578 characters)
Reading "ptolemy/cg/kernel/generic/program/procedural/java/modular/makefile.in",
    writing "/home/travis/cg/ModularCodeGenPubSub2_A1_A.mk"
Using ptolemy/cg/kernel/generic/program/procedural/java/modular/makefile.in
In "/home/travis/cg", about to execute:
    make -f ModularCodeGenPubSub2_A1_A.mk
javac -classpath ".:.."    ModularCodeGenPubSub2_A1_A.java
All Done
In "/home/travis/cg", about to execute:
    pwd
/home/travis/cg
In "/home/travis/cg", about to execute:
    ls -l
total 2068
drwxrwxr-x   3 travis travis 12288 Jan 18 03:20 AbsoluteValue
-rw-rw-r--   1 travis travis   233 Jan 18 03:26 Array.class
-rw-rw-r--   1 travis travis   459 Jan 18 03:26 Array.java
drwxrwxr-x   3 travis travis 16384 Jan 18 03:20 Case1
drwxrwxr-x   3 travis travis 32768 Jan 18 03:20 Case2
-rw-rw-r--   1 travis travis  4895 Jan 18 03:25 CompiledCompositeActor_CompiledCompositeActor.class
-rw-rw-r--   1 travis travis  1592 Jan 18 03:25 CompiledCompositeActor_CompiledCompositeActor$_CompiledCompositeActor_CompiledCompositeActor.class
-rw-rw-r--   1 travis travis 13466 Jan 18 03:25 CompiledCompositeActor_CompiledCompositeActor.java
-rw-rw-r--   1 travis travis  1593 Jan 18 03:25 CompiledCompositeActor_CompiledCompositeActor.mk
drwxrwxr-x   3 travis travis 24576 Jan 18 03:23 DeScrambler
drwxrwxr-x   3 travis travis 16384 Jan 18 03:24 DotProduct
drwxrwxr-x   3 travis travis 12288 Jan 18 03:21 FileWriter1
drwxrwxr-x   3 travis travis 20480 Jan 18 03:20 FixToDoubleAndBack
drwxrwxr-x   3 travis travis 16384 Jan 18 03:21 Gaussian1
drwxrwxr-x   3 travis travis 20480 Jan 18 03:21 Gaussian2
-rw-rw-r--   1 travis travis  4457 Jan 18 03:25 JavaCompiledCompositeTest1_CompiledCompositeActor.class
-rw-rw-r--   1 travis travis 11637 Jan 18 03:25 JavaCompiledCompositeTest1_CompiledCompositeActor.java
-rw-rw-r--   1 travis travis  1198 Jan 18 03:25 JavaCompiledCompositeTest1_CompiledCompositeActor$_JavaCompiledCompositeTest1_CompiledCompositeActor.class
-rw-rw-r--   1 travis travis  1625 Jan 18 03:25 JavaCompiledCompositeTest1_CompiledCompositeActor.mk
-rw-rw-r--   1 travis travis  4888 Jan 18 03:25 JavaCompiledCompositeTest2_CompiledCompositeActor.class
-rw-rw-r--   1 travis travis 14919 Jan 18 03:25 JavaCompiledCompositeTest2_CompiledCompositeActor.java
-rw-rw-r--   1 travis travis  1793 Jan 18 03:25 JavaCompiledCompositeTest2_CompiledCompositeActor$_JavaCompiledCompositeTest2_CompiledCompositeActor.class
-rw-rw-r--   1 travis travis  1625 Jan 18 03:25 JavaCompiledCompositeTest2_CompiledCompositeActor.mk
-rw-rw-r--   1 travis travis  4505 Jan 18 03:25 JavaCompiledCompositeTest3_CompiledCompositeActor.class
-rw-rw-r--   1 travis travis 13080 Jan 18 03:25 JavaCompiledCompositeTest3_CompiledCompositeActor.java
-rw-rw-r--   1 travis travis  1378 Jan 18 03:25 JavaCompiledCompositeTest3_CompiledCompositeActor$_JavaCompiledCompositeTest3_CompiledCompositeActor.class
-rw-rw-r--   1 travis travis  1625 Jan 18 03:25 JavaCompiledCompositeTest3_CompiledCompositeActor.mk
-rw-rw-r--   1 travis travis  3953 Jan 18 03:25 JavaCompiledCompositeTest4_CompiledCompositeActor.class
-rw-rw-r--   1 travis travis  9687 Jan 18 03:25 JavaCompiledCompositeTest4_CompiledCompositeActor.java
-rw-rw-r--   1 travis travis   857 Jan 18 03:25 JavaCompiledCompositeTest4_CompiledCompositeActor$_JavaCompiledCompositeTest4_CompiledCompositeActor.class
-rw-rw-r--   1 travis travis  1625 Jan 18 03:25 JavaCompiledCompositeTest4_CompiledCompositeActor.mk
drwxrwxr-x   3 travis travis 12288 Jan 18 03:21 LookupTable
drwxrwxr-x   3 travis travis 20480 Jan 18 03:21 MaxIndex
-rw-rw-r--   1 travis travis  3693 Jan 18 03:25 ModularCG_A1_B1.class
-rw-rw-r--   1 travis travis  9730 Jan 18 03:25 ModularCG_A1_B1.java
-rw-rw-r--   1 travis travis   832 Jan 18 03:25 ModularCG_A1_B1.mk
-rw-rw-r--   1 travis travis  1318 Jan 18 03:25 ModularCG_A1_B1_profile.class
-rw-rw-r--   1 travis travis  1262 Jan 18 03:25 ModularCG_A1_B1_profile.java
-rw-rw-r--   1 travis travis  3693 Jan 18 03:25 ModularCG_A1_B2.class
-rw-rw-r--   1 travis travis  9730 Jan 18 03:25 ModularCG_A1_B2.java
-rw-rw-r--   1 travis travis   832 Jan 18 03:25 ModularCG_A1_B2.mk
-rw-rw-r--   1 travis travis  1318 Jan 18 03:25 ModularCG_A1_B2_profile.class
-rw-rw-r--   1 travis travis  1262 Jan 18 03:25 ModularCG_A1_B2_profile.java
-rw-rw-r--   1 travis travis  4799 Jan 18 03:25 ModularCG_A1.class
-rw-rw-r--   1 travis travis 14742 Jan 18 03:25 ModularCG_A1.java
-rw-rw-r--   1 travis travis   808 Jan 18 03:25 ModularCG_A1.mk
-rw-rw-r--   1 travis travis  1433 Jan 18 03:25 ModularCG_A1_profile.class
-rw-rw-r--   1 travis travis  1704 Jan 18 03:25 ModularCG_A1_profile.java
-rw-rw-r--   1 travis travis  3827 Jan 18 03:25 ModularCG_A2_B1.class
-rw-rw-r--   1 travis travis 10667 Jan 18 03:25 ModularCG_A2_B1.java
-rw-rw-r--   1 travis travis   832 Jan 18 03:25 ModularCG_A2_B1.mk
-rw-rw-r--   1 travis travis  1381 Jan 18 03:25 ModularCG_A2_B1_profile.class
-rw-rw-r--   1 travis travis  1446 Jan 18 03:25 ModularCG_A2_B1_profile.java
-rw-rw-r--   1 travis travis  3693 Jan 18 03:25 ModularCG_A2_B2.class
-rw-rw-r--   1 travis travis  9730 Jan 18 03:25 ModularCG_A2_B2.java
-rw-rw-r--   1 travis travis   832 Jan 18 03:25 ModularCG_A2_B2.mk
-rw-rw-r--   1 travis travis  1318 Jan 18 03:25 ModularCG_A2_B2_profile.class
-rw-rw-r--   1 travis travis  1262 Jan 18 03:25 ModularCG_A2_B2_profile.java
-rw-rw-r--   1 travis travis  4870 Jan 18 03:25 ModularCG_A2.class
-rw-rw-r--   1 travis travis 15129 Jan 18 03:25 ModularCG_A2.java
-rw-rw-r--   1 travis travis   808 Jan 18 03:25 ModularCG_A2.mk
-rw-rw-r--   1 travis travis  1433 Jan 18 03:25 ModularCG_A2_profile.class
-rw-rw-r--   1 travis travis  1704 Jan 18 03:25 ModularCG_A2_profile.java
-rw-rw-r--   1 travis travis  3473 Jan 18 03:25 ModularCGPubSub_A1_A2.class
-rw-rw-r--   1 travis travis  9076 Jan 18 03:25 ModularCGPubSub_A1_A2.java
-rw-rw-r--   1 travis travis   880 Jan 18 03:25 ModularCGPubSub_A1_A2.mk
-rw-rw-r--   1 travis travis  1300 Jan 18 03:25 ModularCGPubSub_A1_A2_profile.class
-rw-rw-r--   1 travis travis  1222 Jan 18 03:25 ModularCGPubSub_A1_A2_profile.java
-rw-rw-r--   1 travis travis  3790 Jan 18 03:25 ModularCGPubSub_A1.class
-rw-rw-r--   1 travis travis  9836 Jan 18 03:25 ModularCGPubSub_A1.java
-rw-rw-r--   1 travis travis   856 Jan 18 03:25 ModularCGPubSub_A1.mk
-rw-rw-r--   1 travis travis  1346 Jan 18 03:25 ModularCGPubSub_A1_profile.class
-rw-rw-r--   1 travis travis  1388 Jan 18 03:25 ModularCGPubSub_A1_profile.java
-rw-rw-r--   1 travis travis  3988 Jan 18 03:25 ModularCodeGen2_ModularCodeGenTypedCompositeActor.class
-rw-rw-r--   1 travis travis 11690 Jan 18 03:25 ModularCodeGen2_ModularCodeGenTypedCompositeActor.java
-rw-rw-r--   1 travis travis  1104 Jan 18 03:25 ModularCodeGen2_ModularCodeGenTypedCompositeActor.mk
-rw-rw-r--   1 travis travis  4272 Jan 18 03:25 ModularCodeGen2_ModularCodeGenTypedCompositeActor_ModularCodeGenTypedCompositeActor.class
-rw-rw-r--   1 travis travis 11790 Jan 18 03:25 ModularCodeGen2_ModularCodeGenTypedCompositeActor_ModularCodeGenTypedCompositeActor.java
-rw-rw-r--   1 travis travis  1376 Jan 18 03:25 ModularCodeGen2_ModularCodeGenTypedCompositeActor_ModularCodeGenTypedCompositeActor.mk
-rw-rw-r--   1 travis travis  1421 Jan 18 03:25 ModularCodeGen2_ModularCodeGenTypedCompositeActor_ModularCodeGenTypedCompositeActor_profile.class
-rw-rw-r--   1 travis travis  1294 Jan 18 03:25 ModularCodeGen2_ModularCodeGenTypedCompositeActor_ModularCodeGenTypedCompositeActor_profile.java
-rw-rw-r--   1 travis travis   820 Jan 18 03:25 ModularCodeGen2_ModularCodeGenTypedCompositeActor_profile.class
-rw-rw-r--   1 travis travis   693 Jan 18 03:25 ModularCodeGen2_ModularCodeGenTypedCompositeActor_profile.java
-rw-rw-r--   1 travis travis  3741 Jan 18 03:25 ModularCodeGen3_A1_B1.class
-rw-rw-r--   1 travis travis  9958 Jan 18 03:25 ModularCodeGen3_A1_B1.java
-rw-rw-r--   1 travis travis   880 Jan 18 03:25 ModularCodeGen3_A1_B1.mk
-rw-rw-r--   1 travis travis  1330 Jan 18 03:25 ModularCodeGen3_A1_B1_profile.class
-rw-rw-r--   1 travis travis  1274 Jan 18 03:25 ModularCodeGen3_A1_B1_profile.java
-rw-rw-r--   1 travis travis  3741 Jan 18 03:25 ModularCodeGen3_A1_B2.class
-rw-rw-r--   1 travis travis  9958 Jan 18 03:25 ModularCodeGen3_A1_B2.java
-rw-rw-r--   1 travis travis   880 Jan 18 03:25 ModularCodeGen3_A1_B2.mk
-rw-rw-r--   1 travis travis  1330 Jan 18 03:25 ModularCodeGen3_A1_B2_profile.class
-rw-rw-r--   1 travis travis  1274 Jan 18 03:25 ModularCodeGen3_A1_B2_profile.java
-rw-rw-r--   1 travis travis  4961 Jan 18 03:26 ModularCodeGen3_A1.class
-rw-rw-r--   1 travis travis 15564 Jan 18 03:26 ModularCodeGen3_A1.java
-rw-rw-r--   1 travis travis   856 Jan 18 03:26 ModularCodeGen3_A1.mk
-rw-rw-r--   1 travis travis  1445 Jan 18 03:26 ModularCodeGen3_A1_profile.class
-rw-rw-r--   1 travis travis  1716 Jan 18 03:25 ModularCodeGen3_A1_profile.java
-rw-rw-r--   1 travis travis  3887 Jan 18 03:26 ModularCodeGen3_A2_B1.class
-rw-rw-r--   1 travis travis 10955 Jan 18 03:26 ModularCodeGen3_A2_B1.java
-rw-rw-r--   1 travis travis   880 Jan 18 03:26 ModularCodeGen3_A2_B1.mk
-rw-rw-r--   1 travis travis  1393 Jan 18 03:26 ModularCodeGen3_A2_B1_profile.class
-rw-rw-r--   1 travis travis  1458 Jan 18 03:26 ModularCodeGen3_A2_B1_profile.java
-rw-rw-r--   1 travis travis  3741 Jan 18 03:26 ModularCodeGen3_A2_B2.class
-rw-rw-r--   1 travis travis  9958 Jan 18 03:26 ModularCodeGen3_A2_B2.java
-rw-rw-r--   1 travis travis   880 Jan 18 03:26 ModularCodeGen3_A2_B2.mk
-rw-rw-r--   1 travis travis  1330 Jan 18 03:26 ModularCodeGen3_A2_B2_profile.class
-rw-rw-r--   1 travis travis  1274 Jan 18 03:26 ModularCodeGen3_A2_B2_profile.java
-rw-rw-r--   1 travis travis  5038 Jan 18 03:26 ModularCodeGen3_A2.class
-rw-rw-r--   1 travis travis 15957 Jan 18 03:26 ModularCodeGen3_A2.java
-rw-rw-r--   1 travis travis   856 Jan 18 03:26 ModularCodeGen3_A2.mk
-rw-rw-r--   1 travis travis  1445 Jan 18 03:26 ModularCodeGen3_A2_profile.class
-rw-rw-r--   1 travis travis  1716 Jan 18 03:26 ModularCodeGen3_A2_profile.java
-rw-rw-r--   1 travis travis  3794 Jan 18 03:26 ModularCodeGen4_A1_B1.class
-rw-rw-r--   1 travis travis 10312 Jan 18 03:26 ModularCodeGen4_A1_B1.java
-rw-rw-r--   1 travis travis   880 Jan 18 03:26 ModularCodeGen4_A1_B1.mk
-rw-rw-r--   1 travis travis  1330 Jan 18 03:26 ModularCodeGen4_A1_B1_profile.class
-rw-rw-r--   1 travis travis  1273 Jan 18 03:26 ModularCodeGen4_A1_B1_profile.java
-rw-rw-r--   1 travis travis  3794 Jan 18 03:26 ModularCodeGen4_A1_B2.class
-rw-rw-r--   1 travis travis 10312 Jan 18 03:26 ModularCodeGen4_A1_B2.java
-rw-rw-r--   1 travis travis   880 Jan 18 03:26 ModularCodeGen4_A1_B2.mk
-rw-rw-r--   1 travis travis  1330 Jan 18 03:26 ModularCodeGen4_A1_B2_profile.class
-rw-rw-r--   1 travis travis  1273 Jan 18 03:26 ModularCodeGen4_A1_B2_profile.java
-rw-rw-r--   1 travis travis  5101 Jan 18 03:26 ModularCodeGen4_A1.class
-rw-rw-r--   1 travis travis 16245 Jan 18 03:26 ModularCodeGen4_A1.java
-rw-rw-r--   1 travis travis   856 Jan 18 03:26 ModularCodeGen4_A1.mk
-rw-rw-r--   1 travis travis  1445 Jan 18 03:26 ModularCodeGen4_A1_profile.class
-rw-rw-r--   1 travis travis  1712 Jan 18 03:26 ModularCodeGen4_A1_profile.java
-rw-rw-r--   1 travis travis  3988 Jan 18 03:26 ModularCodeGen4_A2_B1.class
-rw-rw-r--   1 travis travis 11375 Jan 18 03:26 ModularCodeGen4_A2_B1.java
-rw-rw-r--   1 travis travis   880 Jan 18 03:26 ModularCodeGen4_A2_B1.mk
-rw-rw-r--   1 travis travis  1393 Jan 18 03:26 ModularCodeGen4_A2_B1_profile.class
-rw-rw-r--   1 travis travis  1454 Jan 18 03:26 ModularCodeGen4_A2_B1_profile.java
-rw-rw-r--   1 travis travis  3842 Jan 18 03:26 ModularCodeGen4_A2_B2.class
-rw-rw-r--   1 travis travis 10378 Jan 18 03:26 ModularCodeGen4_A2_B2.java
-rw-rw-r--   1 travis travis   880 Jan 18 03:26 ModularCodeGen4_A2_B2.mk
-rw-rw-r--   1 travis travis  1330 Jan 18 03:26 ModularCodeGen4_A2_B2_profile.class
-rw-rw-r--   1 travis travis  1270 Jan 18 03:26 ModularCodeGen4_A2_B2_profile.java
-rw-rw-r--   1 travis travis  5274 Jan 18 03:26 ModularCodeGen4_A2.class
-rw-rw-r--   1 travis travis 16770 Jan 18 03:26 ModularCodeGen4_A2.java
-rw-rw-r--   1 travis travis   856 Jan 18 03:26 ModularCodeGen4_A2.mk
-rw-rw-r--   1 travis travis  1445 Jan 18 03:26 ModularCodeGen4_A2_profile.class
-rw-rw-r--   1 travis travis  1712 Jan 18 03:26 ModularCodeGen4_A2_profile.java
-rw-rw-r--   1 travis travis  6838 Jan 18 03:26 ModularCodeGen5_A_A.class
-rw-rw-r--   1 travis travis 28721 Jan 18 03:26 ModularCodeGen5_A_A.java
-rw-rw-r--   1 travis travis   864 Jan 18 03:26 ModularCodeGen5_A_A.mk
-rw-rw-r--   1 travis travis  1520 Jan 18 03:26 ModularCodeGen5_A_A_profile.class
-rw-rw-r--   1 travis travis  1815 Jan 18 03:26 ModularCodeGen5_A_A_profile.java
-rw-rw-r--   1 travis travis  5115 Jan 18 03:26 ModularCodeGen5_A.class
-rw-rw-r--   1 travis travis 13769 Jan 18 03:26 ModularCodeGen5_A.java
-rw-rw-r--   1 travis travis   848 Jan 18 03:26 ModularCodeGen5_A.mk
-rw-rw-r--   1 travis travis  1422 Jan 18 03:26 ModularCodeGen5_A_profile.class
-rw-rw-r--   1 travis travis  1605 Jan 18 03:26 ModularCodeGen5_A_profile.java
-rw-rw-r--   1 travis travis  4125 Jan 18 03:26 ModularCodeGen6_A_A2.class
-rw-rw-r--   1 travis travis 11329 Jan 18 03:26 ModularCodeGen6_A_A2.java
-rw-rw-r--   1 travis travis   872 Jan 18 03:26 ModularCodeGen6_A_A2.mk
-rw-rw-r--   1 travis travis  1351 Jan 18 03:26 ModularCodeGen6_A_A2_profile.class
-rw-rw-r--   1 travis travis  1364 Jan 18 03:26 ModularCodeGen6_A_A2_profile.java
-rw-rw-r--   1 travis travis  4108 Jan 18 03:26 ModularCodeGen6_A_A.class
-rw-rw-r--   1 travis travis 11221 Jan 18 03:26 ModularCodeGen6_A_A.java
-rw-rw-r--   1 travis travis   864 Jan 18 03:26 ModularCodeGen6_A_A.mk
-rw-rw-r--   1 travis travis  1348 Jan 18 03:26 ModularCodeGen6_A_A_profile.class
-rw-rw-r--   1 travis travis  1361 Jan 18 03:26 ModularCodeGen6_A_A_profile.java
-rw-rw-r--   1 travis travis  7237 Jan 18 03:26 ModularCodeGen6_A.class
-rw-rw-r--   1 travis travis 26535 Jan 18 03:26 ModularCodeGen6_A.java
-rw-rw-r--   1 travis travis   848 Jan 18 03:26 ModularCodeGen6_A.mk
-rw-rw-r--   1 travis travis  1483 Jan 18 03:26 ModularCodeGen6_A_profile.class
-rw-rw-r--   1 travis travis  1810 Jan 18 03:26 ModularCodeGen6_A_profile.java
-rw-rw-r--   1 travis travis  9439 Jan 18 03:26 ModularCodeGenLazyPubSubGlobal_CompositeActor_ModularCodeGenTypedComposite.class
-rw-rw-r--   1 travis travis 30161 Jan 18 03:26 ModularCodeGenLazyPubSubGlobal_CompositeActor_ModularCodeGenTypedComposite.java
-rw-rw-r--   1 travis travis  1304 Jan 18 03:26 ModularCodeGenLazyPubSubGlobal_CompositeActor_ModularCodeGenTypedComposite.mk
-rw-rw-r--   1 travis travis  1438 Jan 18 03:26 ModularCodeGenLazyPubSubGlobal_CompositeActor_ModularCodeGenTypedComposite_profile.class
-rw-rw-r--   1 travis travis  1384 Jan 18 03:26 ModularCodeGenLazyPubSubGlobal_CompositeActor_ModularCodeGenTypedComposite_profile.java
-rw-rw-r--   1 travis travis  3952 Jan 18 03:26 ModularCodeGenLazyPubSub_LazyCompositeActor.class
-rw-rw-r--   1 travis travis 11122 Jan 18 03:26 ModularCodeGenLazyPubSub_LazyCompositeActor.java
-rw-rw-r--   1 travis travis  1056 Jan 18 03:26 ModularCodeGenLazyPubSub_LazyCompositeActor.mk
-rw-rw-r--   1 travis travis  1286 Jan 18 03:26 ModularCodeGenLazyPubSub_LazyCompositeActor_profile.class
-rw-rw-r--   1 travis travis  1091 Jan 18 03:26 ModularCodeGenLazyPubSub_LazyCompositeActor_profile.java
-rw-rw-r--   1 travis travis  3954 Jan 18 03:25 ModularCodeGen_ModularCodeGenTypedCompositeActor.class
-rw-rw-r--   1 travis travis 10970 Jan 18 03:25 ModularCodeGen_ModularCodeGenTypedCompositeActor.java
-rw-rw-r--   1 travis travis  1096 Jan 18 03:25 ModularCodeGen_ModularCodeGenTypedCompositeActor.mk
-rw-rw-r--   1 travis travis  1384 Jan 18 03:25 ModularCodeGen_ModularCodeGenTypedCompositeActor_profile.class
-rw-rw-r--   1 travis travis  1328 Jan 18 03:25 ModularCodeGen_ModularCodeGenTypedCompositeActor_profile.java
-rw-rw-r--   1 travis travis  3441 Jan 18 03:26 ModularCodeGenPubSub2_A1_A.class
-rw-rw-r--   1 travis travis  8578 Jan 18 03:26 ModularCodeGenPubSub2_A1_A.java
-rw-rw-r--   1 travis travis   920 Jan 18 03:26 ModularCodeGenPubSub2_A1_A.mk
-rw-rw-r--   1 travis travis  1274 Jan 18 03:26 ModularCodeGenPubSub2_A1_A_profile.class
-rw-rw-r--   1 travis travis  1128 Jan 18 03:26 ModularCodeGenPubSub2_A1_A_profile.java
-rw-rw-r--   1 travis travis  1196 Jan 18 03:26 ModularCodeGenPubSub2_A1_profile.java
-rw-rw-r--   1 travis travis  3475 Jan 18 03:26 ModularCodeGenPubSub_A1.class
-rw-rw-r--   1 travis travis  9060 Jan 18 03:26 ModularCodeGenPubSub_A1.java
-rw-rw-r--   1 travis travis   896 Jan 18 03:26 ModularCodeGenPubSub_A1.mk
-rw-rw-r--   1 travis travis  1278 Jan 18 03:26 ModularCodeGenPubSub_A1_profile.class
-rw-rw-r--   1 travis travis  1195 Jan 18 03:26 ModularCodeGenPubSub_A1_profile.java
-rw-rw-r--   1 travis travis  3492 Jan 18 03:25 ModularCodeGenTest_A1_A2.class
-rw-rw-r--   1 travis travis   904 Jan 18 03:25 ModularCodeGenTest_A1_A2.mk
-rw-rw-r--   1 travis travis  1306 Jan 18 03:25 ModularCodeGenTest_A1_A2_profile.class
-rw-rw-r--   1 travis travis  9968 Jan 18 03:25 ModularCodeGenTest_A1.java
-rw-rw-r--   1 travis travis   880 Jan 18 03:25 ModularCodeGenTest_A1.mk
drwxrwxr-x   3 travis travis 36864 Jan 18 03:25 modulation2
drwxrwxr-x   3 travis travis 20480 Jan 18 03:21 Multiplexor
drwxrwxr-x 249 travis travis 12288 Jan 18 03:25 node_modules
drwxrwxr-x   3 travis travis 20480 Jan 18 03:22 PhaseUnwrap
-rw-rw-r--   1 travis travis   520 Jan 18 03:25 Repeat$_fireFunction_Repeat_Repeat$__f_sL_0.class
-rw-rw-r--   1 travis travis   522 Jan 18 03:25 Repeat$_fireFunction_Repeat_Repeat$__f_sL_10.class
-rw-rw-r--   1 travis travis   666 Jan 18 03:25 Repeat$_fireFunction_Repeat_Repeat$__f_sL_11.class
-rw-rw-r--   1 travis travis   522 Jan 18 03:25 Repeat$_fireFunction_Repeat_Repeat$__f_sL_13.class
-rw-rw-r--   1 travis travis   665 Jan 18 03:25 Repeat$_fireFunction_Repeat_Repeat$__f_sL_1.class
-rw-rw-r--   1 travis travis   520 Jan 18 03:25 Repeat$_fireFunction_Repeat_Repeat$__f_sL_2.class
-rw-rw-r--   1 travis travis   520 Jan 18 03:25 Repeat$_fireFunction_Repeat_Repeat$__f_sL_3.class
-rw-rw-r--   1 travis travis   520 Jan 18 03:25 Repeat$_fireFunction_Repeat_Repeat$__f_sL_5.class
-rw-rw-r--   1 travis travis   671 Jan 18 03:25 Repeat$_fireFunction_Repeat_Repeat$__f_sL_7.class
-rw-rw-r--   1 travis travis   520 Jan 18 03:25 Repeat$_fireFunction_Repeat_Repeat$__f_sL_9.class
-rw-rw-r--   1 travis travis   813 Jan 18 03:25 Repeat$_initialize_Repeat.class
-rw-rw-r--   1 travis travis   475 Jan 18 03:25 Repeat$_initialize_Repeat$__i_sL_0.class
-rw-rw-r--   1 travis travis   519 Jan 18 03:25 Repeat$_initialize_Repeat$__i_sL_3.class
-rw-rw-r--   1 travis travis 39778 Jan 18 03:25 Repeat.java
-rw-rw-r--   1 travis travis  1281 Jan 18 03:25 Repeat.mk
-rw-rw-r--   1 travis travis   520 Jan 18 03:25 Repeat$_preinitializeMethod_Repeat$__p_sL_0.class
-rw-rw-r--   1 travis travis   520 Jan 18 03:25 Repeat$_preinitializeMethod_Repeat$__p_sL_1.class
-rw-rw-r--   1 travis travis  1083 Jan 18 03:25 Repeat$_Repeat$_fireFunction_Repeat_AddSubtract_Repeat.class
-rw-rw-r--   1 travis travis   791 Jan 18 03:25 Repeat$_Repeat$_fireFunction_Repeat_AddSubtract_Repeat$__f_sL_0.class
-rw-rw-r--   1 travis travis   909 Jan 18 03:25 Repeat$_Repeat$_fireFunction_Repeat_AddSubtract_Repeat$__f_sL_1.class
-rw-rw-r--   1 travis travis   915 Jan 18 03:25 Repeat$_Repeat$_fireFunction_Repeat_AddSubtract_Repeat$__f_sL_2.class
-rw-rw-r--   1 travis travis   838 Jan 18 03:25 Repeat$_Repeat$_fireFunction_Repeat_Ramp2_Repeat$__f_sL_1.class
-rw-rw-r--   1 travis travis  1785 Jan 18 03:25 Repeat$_Repeat$_fireFunction_Repeat_Test_Repeat$__f_sL_2.class
-rw-rw-r--   1 travis travis   685 Jan 18 03:25 Repeat$_Repeat_SDF_Director_run_Repeat$__R_sL_0.class
-rw-rw-r--   1 travis travis   540 Jan 18 03:25 Repeat$_Repeat_SDF_Director_run_Repeat$__R_sL_1.class
-rw-rw-r--   1 travis travis   540 Jan 18 03:25 Repeat$_Repeat_SDF_Director_run_Repeat$__R_sL_2.class
-rw-rw-r--   1 travis travis   540 Jan 18 03:25 Repeat$_Repeat_SDF_Director_run_Repeat$__R_sL_4.class
-rw-rw-r--   1 travis travis   540 Jan 18 03:25 Repeat$_Repeat_SDF_Director_run_Repeat$__R_sL_5.class
-rw-rw-r--   1 travis travis   691 Jan 18 03:25 Repeat$_Repeat_SDF_Director_run_Repeat$__R_sL_6.class
-rw-rw-r--   1 travis travis   540 Jan 18 03:25 Repeat$_Repeat_SDF_Director_run_Repeat$__R_sL_7.class
-rw-rw-r--   1 travis travis   863 Jan 18 03:25 Repeat$_varinit_Repeat.class
-rw-rw-r--   1 travis travis   530 Jan 18 03:25 Repeat$_varinit_Repeat$__v_sL_1.class
-rw-rw-r--   1 travis travis   531 Jan 18 03:25 Repeat$_varinit_Repeat$__v_sL_2.class
-rw-rw-r--   1 travis travis   905 Jan 18 03:25 Repeat$_varinit_Repeat$__v_sL_4.class
-rw-rw-r--   1 travis travis   635 Jan 18 03:25 Repeat$_wrapup_Repeat.class
-rw-rw-r--   1 travis travis   965 Jan 18 03:25 Repeat$_wrapup_Repeat$__w_sL_1.class
-rw-rw-r--   1 travis travis   289 Jan 18 03:19 result.csv
drwxrwxr-x   3 travis travis 12288 Jan 18 03:23 Scrambler1
drwxrwxr-x   3 travis travis 20480 Jan 18 03:22 Sinewave2
drwxrwxr-x   3 travis travis 69632 Jan 18 03:23 StringCompare
drwxrwxr-x   3 travis travis 32768 Jan 18 03:23 StringFunction
drwxrwxr-x   3 travis travis 12288 Jan 18 03:23 StringLength
drwxrwxr-x   3 travis travis 57344 Jan 18 03:24 StringSimpleReplace
drwxrwxr-x   3 travis travis 12288 Jan 18 03:24 time2
drwxrwxr-x   3 travis travis 12288 Jan 18 03:25 time5
-rw-rw-r--   1 travis travis   432 Jan 18 03:26 Token.class
-rw-rw-r--   1 travis travis   251 Jan 18 03:26 Token.java
-rw-rw-r--   1 travis travis     0 Jan 18 03:25 top.
-rw-rw-r--   1 travis travis 20502 Jan 18 03:19 top.c
-rw-rw-r--   1 travis travis  3567 Jan 18 03:25 top.class
-rw-rw-r--   1 travis travis   169 Jan 18 03:19 top.html
-rw-rw-r--   1 travis travis  7552 Jan 18 03:25 top.java
-rw-rw-r--   1 travis travis 38888 Jan 18 03:19 top.o
drwxrwxr-x   3 travis travis 57344 Jan 18 03:22 UnaryMathFunction
In "/home/travis/cg", about to execute:
    javac -classpath
.:/home/travis/build/icyphy/ptII:/home/travis/build/icyphy/ptII/lib/bsh-2.0b4.j
ar:/home/travis/build/icyphy/ptII/lib/ptCal.jar:/home/travis/build/icyphy/ptII/
lib/java_cup.jar:/home/travis/build/icyphy/ptII/lib/saxon8.jar:/home/travis/bui
ld/icyphy/ptII/lib/saxon8-dom.jar:/home/travis/build/icyphy/ptII/lib/chic.jar:/
home/travis/build/icyphy/ptII/lib/ptcolt.jar:/usr/lib/jvm/java-8-oracle/lib/too
ls.jar:/usr/lib/eclipse/plugins/org.eclipse.jdt.core_3.8.2.dist.jar:/usr/lib/ec
lipse/plugins/org.eclipse.core.runtime_3.8.0.dist.jar:/usr/lib/eclipse/plugins/
org.eclipse.osgi_3.8.1.dist.jar:/usr/lib/eclipse/plugins/org.eclipse.core.resou
rces_3.8.1.dist.jar:/usr/lib/eclipse/plugins/org.eclipse.equinox.common_3.6.100
.dist.jar:/usr/lib/eclipse/plugins/org.eclipse.core.jobs_3.5.200.dist.jar:/usr/
lib/eclipse/plugins/org.eclipse.core.contenttype_3.4.200.dist.jar:/usr/lib/ecli
pse/plugins/org.eclipse.equinox.preferences_3.5.0.dist.jar:/usr/lib/eclipse/plu
gins/org.eclipse.text_3.5.200.dist.jar:/usr/lib/eclipse/plugins/org.eclipse.ui.
workbench_3.8.1.dist.jar:/usr/lib/eclipse/plugins/org.eclipse.jface_3.8.0.dist.
jar:/usr/lib/eclipse/plugins/org.eclipse.swt_3.8.2.jar:/usr/lib/eclipse/plugins
/org.eclipse.jface.text_3.8.1.dist.jar:/usr/lib/eclipse/plugins/org.eclipse.ui.
workbench.texteditor_3.8.0.dist.jar:/usr/lib/eclipse/plugins/org.eclipse.ui.edi
tors_3.8.0.dist.jar:/usr/lib/eclipse/plugins/org.eclipse.core.commands_3.6.1.di
st.jar:/usr/lib/eclipse/plugins/org.eclipse.equinox.registry_3.5.200.dist.jar:/
usr/lib/eclipse/plugins/org.eclipse.ui.console_3.5.100.dist.jar:/usr/lib/eclips
e/plugins/org.eclipse.ui.forms_3.5.200.dist.jar:/usr/lib/eclipse/plugins/org.ec
lipse.ui.ide_3.8.1.dist.jar:/home/travis/build/icyphy/ptII/vendors/oracle/dbxml
.jar:/home/travis/build/icyphy/ptII/vendors/oracle/db.jar:/home/travis/build/ic
yphy/ptII/vendors/misc/itext/iText.jar:/home/travis/build/icyphy/ptII/lib/g4ltl
.jar:/home/travis/build/icyphy/ptII/lib/StructuralCoder.jar:/home/travis/build/
icyphy/ptII/lib/org-openide-util.jar:/home/travis/build/icyphy/ptII/lib/org-ope
nide-util-lookup.jar:/home/travis/build/icyphy/ptII/lib/org-netbeans-api-visual
.jar:/home/travis/build/icyphy/ptII/vendors/jai-1_1_2_01/lib/jai_core.jar:/home
/travis/build/icyphy/ptII/vendors/jai-1_1_2_01/lib/jai_codec.jar:/home/travis/b
uild/icyphy/ptII/lib/jcerti.jar:/home/travis/build/icyphy/ptII/lib/smack.jar:/h
ome/travis/build/icyphy/ptII/lib/smackx.jar:/home/travis/build/icyphy/ptII/lib/
jetty-all-8.1.5-v20120716.jar:/home/travis/build/icyphy/ptII/lib/javax.servlet-
api-3.0.1.jar:/home/travis/build/icyphy/ptII/lib/javax.mail.jar:/home/travis/bu
ild/icyphy/ptII/vendors/JMF-2.1.1e/lib/jmf.jar:/home/travis/build/icyphy/ptII/l
ib/jna-4.0.0-variadic.jar:/home/travis/build/icyphy/ptII/vendors/misc/joystick/
Joystick.jar:/home/travis/build/icyphy/ptII/lib/ptjacl.jar:/home/travis/build/i
cyphy/ptII/lib/jsoup-1.8.2.jar:/home/travis/build/icyphy/ptII/lib/junit-4.8.2.j
ar:/home/travis/build/icyphy/ptII/lib/JUnitParams-0.4.0.jar:/home/travis/build/
icyphy/ptII/ptolemy/actor/lib/excel/jxl.jar:/home/travis/build/icyphy/ptII/lib/
jython.jar:/home/travis/build/icyphy/ptII/lib/kieler.jar:/home/travis/build/icy
phy/ptII/vendors/opencv/share/OpenCV/java/opencv-341.jar:/home/travis/build/icy
phy/ptII/lib/oscP5.jar:/home/travis/build/icyphy/ptII/lib/nrjavaserial-3.11.0.d
evel.jar:/home/travis/build/icyphy/ptII/vendors/j3d/lib/j3dcore.jar:/home/travi
s/build/icyphy/ptII/vendors/j3d/lib/j3dutils.jar:/home/travis/build/icyphy/ptII
/vendors/j3d/lib/vecmath.jar:/home/travis/build/icyphy/ptII/ptolemy/distributed
/jini/jar/jini-core.jar:/home/travis/build/icyphy/ptII/ptolemy/distributed/jini
/jar/jini-ext.jar:/home/travis/build/icyphy/ptII/ptolemy/distributed/jini/jar/s
un-util.jar:/home/travis/build/icyphy/ptII/lib/protobuf-java-2.4.1.jar:/home/tr
avis/build/icyphy/ptII/lib/org.eclipse.paho.client.mqttv3.jar:/home/travis/buil
d/icyphy/ptII/ptserver/lib/hessian-4.0.7.jar:/home/travis/build/icyphy/ptII/pts
erver/lib/wmqtt.jar:/home/travis/build/icyphy/ptII/lib/mapss.jar:/home/travis/b
uild/icyphy/ptII/ptolemy/actor/ptalon/antlr/antlr.jar:/home/travis/build/icyphy
/ptII/lib/JRI.jar:/home/travis/build/icyphy/ptII/lib/commons-lang-2.6.jar:/home
/travis/build/icyphy/ptII/lib/commons-logging-1.1.1.jar:/home/travis/build/icyp
hy/ptII/lib/sootclasses.jar:/home/travis/build/icyphy/ptII/ptolemy/actor/lib/da
tabase/mysql-connector-java-5.1.6-bin.jar:/home/travis/build/icyphy/ptII/vendor
s/misc/sphinx4/sphinx4-data-5prealpha.jar:/home/travis/build/icyphy/ptII/vendor
s/misc/sphinx4/sphinx4-core-5prealpha.jar:/home/travis/build/icyphy/ptII/lib/PD
FRenderer.jar:/home/travis/build/icyphy/ptII/lib/svgSalamander.jar:/home/travis
/build/icyphy/ptII/lib/rsyntaxtextarea-2.6.0-SNAPSHOT.jar:/home/travis/build/ic
yphy/ptII/lib/hazelcast-3.8.2.jar:/home/travis/build/icyphy/ptII/lib/jackson-an
notations-2.9.0.jar:/home/travis/build/icyphy/ptII/lib/jackson-core-2.9.3.jar:/
home/travis/build/icyphy/ptII/lib/jackson-databind-2.9.3.jar:/home/travis/build
/icyphy/ptII/lib/netty-buffer-4.1.19.Final.jar:/home/travis/build/icyphy/ptII/l
ib/netty-codec-4.1.19.Final.jar:/home/travis/build/icyphy/ptII/lib/netty-codec-
dns-4.1.19.Final.jar:/home/travis/build/icyphy/ptII/lib/netty-codec-http-4.1.19
.Final.jar:/home/travis/build/icyphy/ptII/lib/netty-codec-http2-4.1.19.Final.ja
r:/home/travis/build/icyphy/ptII/lib/netty-common-4.1.19.Final.jar:/home/travis
/build/icyphy/ptII/lib/netty-handler-4.1.19.Final.jar:/home/travis/build/icyphy
/ptII/lib/netty-resolver-4.1.19.Final.jar:/home/travis/build/icyphy/ptII/lib/ne
tty-resolver-dns-4.1.19.Final.jar:/home/travis/build/icyphy/ptII/lib/netty-tran
sport-4.1.19.Final.jar:/home/travis/build/icyphy/ptII/lib/vertx-codegen-3.5.1.j
ar:/home/travis/build/icyphy/ptII/lib/vertx-core-3.5.2-SNAPSHOT.jar:/home/travi
s/build/icyphy/ptII/lib/vertx-hazelcast-3.5.1.jar:/home/travis/build/icyphy/ptI
I/lib/vertx-lang-js-3.5.1.jar:/home/travis/build/icyphy/ptII/lib/vertx-service-
proxy-3.5.1.jar:/home/travis/build/icyphy/ptII/lib/vertx-web-3.5.1.jar:/home/tr
avis/build/icyphy/ptII/lib/slf4j-api-1.7.13.jar:/home/travis/build/icyphy/ptII/
lib/slf4j-simple-1.7.13.jar:/home/travis/build/icyphy/ptII/lib/webcam-capture-0
.3.12.jar:/home/travis/build/icyphy/ptII/lib/bridj-0.7.0.jar:/home/travis/build
/icyphy/ptII/lib/xbjlib-1.1.0.nrjavaserial.jar:/home/travis/build/icyphy/ptII/p
tolemy/moml/test:/home/travis/build/icyphy/ptII/ant/lib/ant-launcher.jar:/home/
travis/build/icyphy/ptII/ant/lib/ant.jar:/home/travis/build/icyphy/ptII/ant/lib
/ant-junit.jar:/home/travis/build/icyphy/ptII/ant/lib/ant-junit4.jar:/home/trav
is/build/icyphy/ptII ModularCodeGenPubSub2_A1_profile.java
warning: Supported source version 'RELEASE_6' from annotation processor 'org.netbeans.modules.openide.util.NbBundleProcessor' less than -source '1.8'
warning: Supported source version 'RELEASE_6' from annotation processor 'org.netbeans.modules.openide.util.URLStreamHandlerRegistrationProcessor' less than -source '1.8'
warning: Supported source version 'RELEASE_6' from annotation processor 'org.netbeans.modules.openide.util.ServiceProviderProcessor' less than -source '1.8'
3 warnings
All Done
Writing ModularCodeGenPubSub2_A1.java in file:/home/travis/cg/ (9781 characters)
Reading "ptolemy/cg/kernel/generic/program/procedural/java/modular/makefile.in",
    writing "/home/travis/cg/ModularCodeGenPubSub2_A1.mk"
Using ptolemy/cg/kernel/generic/program/procedural/java/modular/makefile.in
In "/home/travis/cg", about to execute:
    make -f ModularCodeGenPubSub2_A1.mk
javac -classpath ".:.."    ModularCodeGenPubSub2_A1.java
All Done
4623 ms. Memory: 110592K Free: 31614K (29%)
----------------- Invoking toplevel() on ptolemy.moml.MoMLSimpleApplication@569a0d12
----------------- Done invoking toplevel() on ptolemy.moml.MoMLSimpleApplication@569a0d12
reloadAllAccessors: .ModularCodeGenPubSub2

===========================================================================================
----------------- testing Fri Jan 18 03:26:47 UTC 2019 /home/travis/build/icyphy/ptII/ptolemy/cg/lib/test/auto/ModularCodeGenPubSub3.xml
----------------- Instantiating /home/travis/build/icyphy/ptII/ptolemy/cg/lib/test/auto/ModularCodeGenPubSub3.xml
In "/home/travis/cg", about to execute:
    pwd
In "/home/travis/cg", about to execute:
    ls -l
/home/travis/cg
In "/home/travis/cg", about to execute:
total 2096
drwxrwxr-x   3 travis travis 12288 Jan 18 03:20 AbsoluteValue
-rw-rw-r--   1 travis travis   233 Jan 18 03:26 Array.class
-rw-rw-r--   1 travis travis   459 Jan 18 03:26 Array.java
drwxrwxr-x   3 travis travis 16384 Jan 18 03:20 Case1
drwxrwxr-x   3 travis travis 32768 Jan 18 03:20 Case2
-rw-rw-r--   1 travis travis  4895 Jan 18 03:25 CompiledCompositeActor_CompiledCompositeActor.class
-rw-rw-r--   1 travis travis  1592 Jan 18 03:25 CompiledCompositeActor_CompiledCompositeActor$_CompiledCompositeActor_CompiledCompositeActor.class
-rw-rw-r--   1 travis travis 13466 Jan 18 03:25 CompiledCompositeActor_CompiledCompositeActor.java
-rw-rw-r--   1 travis travis  1593 Jan 18 03:25 CompiledCompositeActor_CompiledCompositeActor.mk
drwxrwxr-x   3 travis travis 24576 Jan 18 03:23 DeScrambler
drwxrwxr-x   3 travis travis 16384 Jan 18 03:24 DotProduct
drwxrwxr-x   3 travis travis 12288 Jan 18 03:21 FileWriter1
drwxrwxr-x   3 travis travis 20480 Jan 18 03:20 FixToDoubleAndBack
drwxrwxr-x   3 travis travis 16384 Jan 18 03:21 Gaussian1
drwxrwxr-x   3 travis travis 20480 Jan 18 03:21 Gaussian2
-rw-rw-r--   1 travis travis  4457 Jan 18 03:25 JavaCompiledCompositeTest1_CompiledCompositeActor.class
-rw-rw-r--   1 travis travis 11637 Jan 18 03:25 JavaCompiledCompositeTest1_CompiledCompositeActor.java
-rw-rw-r--   1 travis travis  1198 Jan 18 03:25 JavaCompiledCompositeTest1_CompiledCompositeActor$_JavaCompiledCompositeTest1_CompiledCompositeActor.class
-rw-rw-r--   1 travis travis  1625 Jan 18 03:25 JavaCompiledCompositeTest1_CompiledCompositeActor.mk
-rw-rw-r--   1 travis travis  4888 Jan 18 03:25 JavaCompiledCompositeTest2_CompiledCompositeActor.class
-rw-rw-r--   1 travis travis 14919 Jan 18 03:25 JavaCompiledCompositeTest2_CompiledCompositeActor.java
-rw-rw-r--   1 travis travis  1793 Jan 18 03:25 JavaCompiledCompositeTest2_CompiledCompositeActor$_JavaCompiledCompositeTest2_CompiledCompositeActor.class
-rw-rw-r--   1 travis travis  1625 Jan 18 03:25 JavaCompiledCompositeTest2_CompiledCompositeActor.mk
-rw-rw-r--   1 travis travis  4505 Jan 18 03:25 JavaCompiledCompositeTest3_CompiledCompositeActor.class
-rw-rw-r--   1 travis travis 13080 Jan 18 03:25 JavaCompiledCompositeTest3_CompiledCompositeActor.java
-rw-rw-r--   1 travis travis  1378 Jan 18 03:25 JavaCompiledCompositeTest3_CompiledCompositeActor$_JavaCompiledCompositeTest3_CompiledCompositeActor.class
-rw-rw-r--   1 travis travis  1625 Jan 18 03:25 JavaCompiledCompositeTest3_CompiledCompositeActor.mk
-rw-rw-r--   1 travis travis  3953 Jan 18 03:25 JavaCompiledCompositeTest4_CompiledCompositeActor.class
-rw-rw-r--   1 travis travis  9687 Jan 18 03:25 JavaCompiledCompositeTest4_CompiledCompositeActor.java
-rw-rw-r--   1 travis travis   857 Jan 18 03:25 JavaCompiledCompositeTest4_CompiledCompositeActor$_JavaCompiledCompositeTest4_CompiledCompositeActor.class
-rw-rw-r--   1 travis travis  1625 Jan 18 03:25 JavaCompiledCompositeTest4_CompiledCompositeActor.mk
drwxrwxr-x   3 travis travis 12288 Jan 18 03:21 LookupTable
drwxrwxr-x   3 travis travis 20480 Jan 18 03:21 MaxIndex
-rw-rw-r--   1 travis travis  3693 Jan 18 03:25 ModularCG_A1_B1.class
-rw-rw-r--   1 travis travis  9730 Jan 18 03:25 ModularCG_A1_B1.java
-rw-rw-r--   1 travis travis   832 Jan 18 03:25 ModularCG_A1_B1.mk
-rw-rw-r--   1 travis travis  1318 Jan 18 03:25 ModularCG_A1_B1_profile.class
-rw-rw-r--   1 travis travis  1262 Jan 18 03:25 ModularCG_A1_B1_profile.java
-rw-rw-r--   1 travis travis  3693 Jan 18 03:25 ModularCG_A1_B2.class
-rw-rw-r--   1 travis travis  9730 Jan 18 03:25 ModularCG_A1_B2.java
-rw-rw-r--   1 travis travis   832 Jan 18 03:25 ModularCG_A1_B2.mk
-rw-rw-r--   1 travis travis  1318 Jan 18 03:25 ModularCG_A1_B2_profile.class
    javac -classpath
.:/home/travis/build/icyphy/ptII:/home/travis/build/icyphy/ptII/lib/bsh-2.0b4.j
ar:/home/travis/build/icyphy/ptII/lib/ptCal.jar:/home/travis/build/icyphy/ptII/
lib/java_cup.jar:/home/travis/build/icyphy/ptII/lib/saxon8.jar:/home/travis/bui
ld/icyphy/ptII/lib/saxon8-dom.jar:/home/travis/build/icyphy/ptII/lib/chic.jar:/
home/travis/build/icyphy/ptII/lib/ptcolt.jar:/usr/lib/jvm/java-8-oracle/lib/too
ls.jar:/usr/lib/eclipse/plugins/org.eclipse.jdt.core_3.8.2.dist.jar:/usr/lib/ec
lipse/plugins/org.eclipse.core.runtime_3.8.0.dist.jar:/usr/lib/eclipse/plugins/
org.eclipse.osgi_3.8.1.dist.jar:/usr/lib/eclipse/plugins/org.eclipse.core.resou
rces_3.8.1.dist.jar:/usr/lib/eclipse/plugins/org.eclipse.equinox.common_3.6.100
.dist.jar:/usr/lib/eclipse/plugins/org.eclipse.core.jobs_3.5.200.dist.jar:/usr/
lib/eclipse/plugins/org.eclipse.core.contenttype_3.4.200.dist.jar:/usr/lib/ecli
pse/plugins/org.eclipse.equinox.preferences_3.5.0.dist.jar:/usr/lib/eclipse/plu
gins/org.eclipse.text_3.5.200.dist.jar:/usr/lib/eclipse/plugins/org.eclipse.ui.
workbench_3.8.1.dist.jar:/usr/lib/eclipse/plugins/org.eclipse.jface_3.8.0.dist.
jar:/usr/lib/eclipse/plugins/org.eclipse.swt_3.8.2.jar:/usr/lib/eclipse/plugins
/org.eclipse.jface.text_3.8.1.dist.jar:/usr/lib/eclipse/plugins/org.eclipse.ui.
workbench.texteditor_3.8.0.dist.jar:/usr/lib/eclipse/plugins/org.eclipse.ui.edi
tors_3.8.0.dist.jar:/usr/lib/eclipse/plugins/org.eclipse.core.commands_3.6.1.di
st.jar:/usr/lib/eclipse/plugins/org.eclipse.equinox.registry_3.5.200.dist.jar:/
usr/lib/eclipse/plugins/org.eclipse.ui.console_3.5.100.dist.jar:/usr/lib/eclips
e/plugins/org.eclipse.ui.forms_3.5.200.dist.jar:/usr/lib/eclipse/plugins/org.ec
lipse.ui.ide_3.8.1.dist.jar:/home/travis/build/icyphy/ptII/vendors/oracle/dbxml
.jar:/home/travis/build/icyphy/ptII/vendors/oracle/db.jar:/home/travis/build/ic
yphy/ptII/vendors/misc/itext/iText.jar:/home/travis/build/icyphy/ptII/lib/g4ltl
.jar:/home/travis/build/icyphy/ptII/lib/StructuralCoder.jar:/home/travis/build/
icyphy/ptII/lib/org-openide-util.jar:/home/travis/build/icyphy/ptII/lib/org-ope
nide-util-lookup.jar:/home/travis/build/icyphy/ptII/lib/org-netbeans-api-visual
.jar:/home/travis/build/icyphy/ptII/vendors/jai-1_1_2_01/lib/jai_core.jar:/home
/travis/build/icyphy/ptII/vendors/jai-1_1_2_01/lib/jai_codec.jar:/home/travis/b
uild/icyphy/ptII/lib/jcerti.jar:/home/travis/build/icyphy/ptII/lib/smack.jar:/h
ome/travis/build/icyphy/ptII/lib/smackx.jar:/home/travis/build/icyphy/ptII/lib/
jetty-all-8.1.5-v20120716.jar:/home/travis/build/icyphy/ptII/lib/javax.servlet-
api-3.0.1.jar:/home/travis/build/icyphy/ptII/lib/javax.mail.jar:/home/travis/bu
ild/icyphy/ptII/vendors/JMF-2.1.1e/lib/jmf.jar:/home/travis/build/icyphy/ptII/l
ib/jna-4.0.0-variadic.jar:/home/travis/build/icyphy/ptII/vendors/misc/joystick/
Joystick.jar:/home/travis/build/icyphy/ptII/lib/ptjacl.jar:/home/travis/build/i
cyphy/ptII/lib/jsoup-1.8.2.jar:/home/travis/build/icyphy/ptII/lib/junit-4.8.2.j
ar:/home/travis/build/icyphy/ptII/lib/JUnitParams-0.4.0.jar:/home/travis/build/
icyphy/ptII/ptolemy/actor/lib/excel/jxl.jar:/home/travis/build/icyphy/ptII/lib/
jython.jar:/home/travis/build/icyphy/ptII/lib/kieler.jar:/home/travis/build/icy
phy/ptII/vendors/opencv/share/OpenCV/java/opencv-341.jar:/home/travis/build/icy
phy/ptII/lib/oscP5.jar:/home/travis/build/icyphy/ptII/lib/nrjavaserial-3.11.0.d
evel.jar:/home/travis/build/icyphy/ptII/vendors/j3d/lib/j3dcore.jar:/home/travi
s/build/icyphy/ptII/vendors/j3d/lib/j3dutils.jar:/home/travis/build/icyphy/ptII
/vendors/j3d/lib/vecmath.jar:/home/travis/build/icyphy/ptII/ptolemy/distributed
/jini/jar/jini-core.jar:/home/travis/build/icyphy/ptII/ptolemy/distributed/jini
/jar/jini-ext.jar:/home/travis/build/icyphy/ptII/ptolemy/distributed/jini/jar/s
un-util.jar:/home/travis/build/icyphy/ptII/lib/protobuf-java-2.4.1.jar:/home/tr
avis/build/icyphy/ptII/lib/org.eclipse.paho.client.mqttv3.jar:/home/travis/buil
d/icyphy/ptII/ptserver/lib/hessian-4.0.7.jar:/home/travis/build/icyphy/ptII/pts
erver/lib/wmqtt.jar:/home/travis/build/icyphy/ptII/lib/mapss.jar:/home/travis/b
uild/icyphy/ptII/ptolemy/actor/ptalon/antlr/antlr.jar:/home/travis/build/icyphy
/ptII/lib/JRI.jar:/home/travis/build/icyphy/ptII/lib/commons-lang-2.6.jar:/home
/travis/build/icyphy/ptII/lib/commons-logging-1.1.1.jar:/home/travis/build/icyp
hy/ptII/lib/sootclasses.jar:/home/travis/build/icyphy/ptII/ptolemy/actor/lib/da
tabase/mysql-connector-java-5.1.6-bin.jar:/home/travis/build/icyphy/ptII/vendor
s/misc/sphinx4/sphinx4-data-5prealpha.jar:/home/travis/build/icyphy/ptII/vendor
s/misc/sphinx4/sphinx4-core-5prealpha.jar:/home/travis/build/icyphy/ptII/lib/PD
FRenderer.jar:/home/travis/build/icyphy/ptII/lib/svgSalamander.jar:/home/travis
/build/icyphy/ptII/lib/rsyntaxtextarea-2.6.0-SNAPSHOT.jar:/home/travis/build/ic
yphy/ptII/lib/hazelcast-3.8.2.jar:/home/travis/build/icyphy/ptII/lib/jackson-an
notations-2.9.0.jar:/home/travis/build/icyphy/ptII/lib/jackson-core-2.9.3.jar:/
home/travis/build/icyphy/ptII/lib/jackson-databind-2.9.3.jar:/home/travis/build
/icyphy/ptII/lib/netty-buffer-4.1.19.Final.jar:/home/travis/build/icyphy/ptII/l
ib/netty-codec-4.1.19.Final.jar:/home/travis/build/icyphy/ptII/lib/netty-codec-
dns-4.1.19.Final.jar:/home/travis/build/icyphy/ptII/lib/netty-codec-http-4.1.19
.Final.jar:/home/travis/build/icyphy/ptII/lib/netty-codec-http2-4.1.19.Final.ja
r:/home/travis/build/icyphy/ptII/lib/netty-common-4.1.19.Final.jar:/home/travis
/build/icyphy/ptII/lib/netty-handler-4.1.19.Final.jar:/home/travis/build/icyphy
/ptII/lib/netty-resolver-4.1.19.Final.jar:/home/travis/build/icyphy/ptII/lib/ne
tty-resolver-dns-4.1.19.Final.jar:/home/travis/build/icyphy/ptII/lib/netty-tran
sport-4.1.19.Final.jar:/home/travis/build/icyphy/ptII/lib/vertx-codegen-3.5.1.j
ar:/home/travis/build/icyphy/ptII/lib/vertx-core-3.5.2-SNAPSHOT.jar:/home/travi
s/build/icyphy/ptII/lib/vertx-hazelcast-3.5.1.jar:/home/travis/build/icyphy/ptI
I/lib/vertx-lang-js-3.5.1.jar:/home/travis/build/icyphy/ptII/lib/vertx-service-
proxy-3.5.1.jar:/home/travis/build/icyphy/ptII/lib/vertx-web-3.5.1.jar:/home/tr
avis/build/icyphy/ptII/lib/slf4j-api-1.7.13.jar:/home/travis/build/icyphy/ptII/
lib/slf4j-simple-1.7.13.jar:/home/travis/build/icyphy/ptII/lib/webcam-capture-0
.3.12.jar:/home/travis/build/icyphy/ptII/lib/bridj-0.7.0.jar:/home/travis/build
/icyphy/ptII/lib/xbjlib-1.1.0.nrjavaserial.jar:/home/travis/build/icyphy/ptII/p
tolemy/moml/test:/home/travis/build/icyphy/ptII/ant/lib/ant-launcher.jar:/home/
travis/build/icyphy/ptII/ant/lib/ant.jar:/home/travis/build/icyphy/ptII/ant/lib
/ant-junit.jar:/home/travis/build/icyphy/ptII/ant/lib/ant-junit4.jar:/home/trav
is/build/icyphy/ptII ModularCodeGenPubSub3_A1_A2_profile.java
-rw-rw-r--   1 travis travis  1262 Jan 18 03:25 ModularCG_A1_B2_profile.java
-rw-rw-r--   1 travis travis  4799 Jan 18 03:25 ModularCG_A1.class
-rw-rw-r--   1 travis travis 14742 Jan 18 03:25 ModularCG_A1.java
-rw-rw-r--   1 travis travis   808 Jan 18 03:25 ModularCG_A1.mk
-rw-rw-r--   1 travis travis  1433 Jan 18 03:25 ModularCG_A1_profile.class
-rw-rw-r--   1 travis travis  1704 Jan 18 03:25 ModularCG_A1_profile.java
-rw-rw-r--   1 travis travis  3827 Jan 18 03:25 ModularCG_A2_B1.class
-rw-rw-r--   1 travis travis 10667 Jan 18 03:25 ModularCG_A2_B1.java
-rw-rw-r--   1 travis travis   832 Jan 18 03:25 ModularCG_A2_B1.mk
-rw-rw-r--   1 travis travis  1381 Jan 18 03:25 ModularCG_A2_B1_profile.class
-rw-rw-r--   1 travis travis  1446 Jan 18 03:25 ModularCG_A2_B1_profile.java
-rw-rw-r--   1 travis travis  3693 Jan 18 03:25 ModularCG_A2_B2.class
-rw-rw-r--   1 travis travis  9730 Jan 18 03:25 ModularCG_A2_B2.java
-rw-rw-r--   1 travis travis   832 Jan 18 03:25 ModularCG_A2_B2.mk
-rw-rw-r--   1 travis travis  1318 Jan 18 03:25 ModularCG_A2_B2_profile.class
-rw-rw-r--   1 travis travis  1262 Jan 18 03:25 ModularCG_A2_B2_profile.java
-rw-rw-r--   1 travis travis  4870 Jan 18 03:25 ModularCG_A2.class
-rw-rw-r--   1 travis travis 15129 Jan 18 03:25 ModularCG_A2.java
-rw-rw-r--   1 travis travis   808 Jan 18 03:25 ModularCG_A2.mk
-rw-rw-r--   1 travis travis  1433 Jan 18 03:25 ModularCG_A2_profile.class
-rw-rw-r--   1 travis travis  1704 Jan 18 03:25 ModularCG_A2_profile.java
-rw-rw-r--   1 travis travis  3473 Jan 18 03:25 ModularCGPubSub_A1_A2.class
-rw-rw-r--   1 travis travis  9076 Jan 18 03:25 ModularCGPubSub_A1_A2.java
-rw-rw-r--   1 travis travis   880 Jan 18 03:25 ModularCGPubSub_A1_A2.mk
-rw-rw-r--   1 travis travis  1300 Jan 18 03:25 ModularCGPubSub_A1_A2_profile.class
-rw-rw-r--   1 travis travis  1222 Jan 18 03:25 ModularCGPubSub_A1_A2_profile.java
-rw-rw-r--   1 travis travis  3790 Jan 18 03:25 ModularCGPubSub_A1.class
-rw-rw-r--   1 travis travis  9836 Jan 18 03:25 ModularCGPubSub_A1.java
-rw-rw-r--   1 travis travis   856 Jan 18 03:25 ModularCGPubSub_A1.mk
-rw-rw-r--   1 travis travis  1346 Jan 18 03:25 ModularCGPubSub_A1_profile.class
-rw-rw-r--   1 travis travis  1388 Jan 18 03:25 ModularCGPubSub_A1_profile.java
-rw-rw-r--   1 travis travis  3988 Jan 18 03:25 ModularCodeGen2_ModularCodeGenTypedCompositeActor.class
-rw-rw-r--   1 travis travis 11690 Jan 18 03:25 ModularCodeGen2_ModularCodeGenTypedCompositeActor.java
-rw-rw-r--   1 travis travis  1104 Jan 18 03:25 ModularCodeGen2_ModularCodeGenTypedCompositeActor.mk
-rw-rw-r--   1 travis travis  4272 Jan 18 03:25 ModularCodeGen2_ModularCodeGenTypedCompositeActor_ModularCodeGenTypedCompositeActor.class
-rw-rw-r--   1 travis travis 11790 Jan 18 03:25 ModularCodeGen2_ModularCodeGenTypedCompositeActor_ModularCodeGenTypedCompositeActor.java
-rw-rw-r--   1 travis travis  1376 Jan 18 03:25 ModularCodeGen2_ModularCodeGenTypedCompositeActor_ModularCodeGenTypedCompositeActor.mk
-rw-rw-r--   1 travis travis  1421 Jan 18 03:25 ModularCodeGen2_ModularCodeGenTypedCompositeActor_ModularCodeGenTypedCompositeActor_profile.class
-rw-rw-r--   1 travis travis  1294 Jan 18 03:25 ModularCodeGen2_ModularCodeGenTypedCompositeActor_ModularCodeGenTypedCompositeActor_profile.java
-rw-rw-r--   1 travis travis   820 Jan 18 03:25 ModularCodeGen2_ModularCodeGenTypedCompositeActor_profile.class
-rw-rw-r--   1 travis travis   693 Jan 18 03:25 ModularCodeGen2_ModularCodeGenTypedCompositeActor_profile.java
-rw-rw-r--   1 travis travis  3741 Jan 18 03:25 ModularCodeGen3_A1_B1.class
-rw-rw-r--   1 travis travis  9958 Jan 18 03:25 ModularCodeGen3_A1_B1.java
-rw-rw-r--   1 travis travis   880 Jan 18 03:25 ModularCodeGen3_A1_B1.mk
-rw-rw-r--   1 travis travis  1330 Jan 18 03:25 ModularCodeGen3_A1_B1_profile.class
-rw-rw-r--   1 travis travis  1274 Jan 18 03:25 ModularCodeGen3_A1_B1_profile.java
-rw-rw-r--   1 travis travis  3741 Jan 18 03:25 ModularCodeGen3_A1_B2.class
-rw-rw-r--   1 travis travis  9958 Jan 18 03:25 ModularCodeGen3_A1_B2.java
-rw-rw-r--   1 travis travis   880 Jan 18 03:25 ModularCodeGen3_A1_B2.mk
-rw-rw-r--   1 travis travis  1330 Jan 18 03:25 ModularCodeGen3_A1_B2_profile.class
-rw-rw-r--   1 travis travis  1274 Jan 18 03:25 ModularCodeGen3_A1_B2_profile.java
-rw-rw-r--   1 travis travis  4961 Jan 18 03:26 ModularCodeGen3_A1.class
-rw-rw-r--   1 travis travis 15564 Jan 18 03:26 ModularCodeGen3_A1.java
-rw-rw-r--   1 travis travis   856 Jan 18 03:26 ModularCodeGen3_A1.mk
-rw-rw-r--   1 travis travis  1445 Jan 18 03:26 ModularCodeGen3_A1_profile.class
-rw-rw-r--   1 travis travis  1716 Jan 18 03:25 ModularCodeGen3_A1_profile.java
-rw-rw-r--   1 travis travis  3887 Jan 18 03:26 ModularCodeGen3_A2_B1.class
-rw-rw-r--   1 travis travis 10955 Jan 18 03:26 ModularCodeGen3_A2_B1.java
-rw-rw-r--   1 travis travis   880 Jan 18 03:26 ModularCodeGen3_A2_B1.mk
-rw-rw-r--   1 travis travis  1393 Jan 18 03:26 ModularCodeGen3_A2_B1_profile.class
-rw-rw-r--   1 travis travis  1458 Jan 18 03:26 ModularCodeGen3_A2_B1_profile.java
-rw-rw-r--   1 travis travis  3741 Jan 18 03:26 ModularCodeGen3_A2_B2.class
-rw-rw-r--   1 travis travis  9958 Jan 18 03:26 ModularCodeGen3_A2_B2.java
-rw-rw-r--   1 travis travis   880 Jan 18 03:26 ModularCodeGen3_A2_B2.mk
-rw-rw-r--   1 travis travis  1330 Jan 18 03:26 ModularCodeGen3_A2_B2_profile.class
-rw-rw-r--   1 travis travis  1274 Jan 18 03:26 ModularCodeGen3_A2_B2_profile.java
-rw-rw-r--   1 travis travis  5038 Jan 18 03:26 ModularCodeGen3_A2.class
-rw-rw-r--   1 travis travis 15957 Jan 18 03:26 ModularCodeGen3_A2.java
-rw-rw-r--   1 travis travis   856 Jan 18 03:26 ModularCodeGen3_A2.mk
-rw-rw-r--   1 travis travis  1445 Jan 18 03:26 ModularCodeGen3_A2_profile.class
-rw-rw-r--   1 travis travis  1716 Jan 18 03:26 ModularCodeGen3_A2_profile.java
-rw-rw-r--   1 travis travis  3794 Jan 18 03:26 ModularCodeGen4_A1_B1.class
-rw-rw-r--   1 travis travis 10312 Jan 18 03:26 ModularCodeGen4_A1_B1.java
-rw-rw-r--   1 travis travis   880 Jan 18 03:26 ModularCodeGen4_A1_B1.mk
-rw-rw-r--   1 travis travis  1330 Jan 18 03:26 ModularCodeGen4_A1_B1_profile.class
-rw-rw-r--   1 travis travis  1273 Jan 18 03:26 ModularCodeGen4_A1_B1_profile.java
-rw-rw-r--   1 travis travis  3794 Jan 18 03:26 ModularCodeGen4_A1_B2.class
-rw-rw-r--   1 travis travis 10312 Jan 18 03:26 ModularCodeGen4_A1_B2.java
-rw-rw-r--   1 travis travis   880 Jan 18 03:26 ModularCodeGen4_A1_B2.mk
-rw-rw-r--   1 travis travis  1330 Jan 18 03:26 ModularCodeGen4_A1_B2_profile.class
-rw-rw-r--   1 travis travis  1273 Jan 18 03:26 ModularCodeGen4_A1_B2_profile.java
-rw-rw-r--   1 travis travis  5101 Jan 18 03:26 ModularCodeGen4_A1.class
-rw-rw-r--   1 travis travis 16245 Jan 18 03:26 ModularCodeGen4_A1.java
-rw-rw-r--   1 travis travis   856 Jan 18 03:26 ModularCodeGen4_A1.mk
-rw-rw-r--   1 travis travis  1445 Jan 18 03:26 ModularCodeGen4_A1_profile.class
-rw-rw-r--   1 travis travis  1712 Jan 18 03:26 ModularCodeGen4_A1_profile.java
-rw-rw-r--   1 travis travis  3988 Jan 18 03:26 ModularCodeGen4_A2_B1.class
-rw-rw-r--   1 travis travis 11375 Jan 18 03:26 ModularCodeGen4_A2_B1.java
-rw-rw-r--   1 travis travis   880 Jan 18 03:26 ModularCodeGen4_A2_B1.mk
-rw-rw-r--   1 travis travis  1393 Jan 18 03:26 ModularCodeGen4_A2_B1_profile.class
-rw-rw-r--   1 travis travis  1454 Jan 18 03:26 ModularCodeGen4_A2_B1_profile.java
-rw-rw-r--   1 travis travis  3842 Jan 18 03:26 ModularCodeGen4_A2_B2.class
-rw-rw-r--   1 travis travis 10378 Jan 18 03:26 ModularCodeGen4_A2_B2.java
-rw-rw-r--   1 travis travis   880 Jan 18 03:26 ModularCodeGen4_A2_B2.mk
-rw-rw-r--   1 travis travis  1330 Jan 18 03:26 ModularCodeGen4_A2_B2_profile.class
-rw-rw-r--   1 travis travis  1270 Jan 18 03:26 ModularCodeGen4_A2_B2_profile.java
-rw-rw-r--   1 travis travis  5274 Jan 18 03:26 ModularCodeGen4_A2.class
-rw-rw-r--   1 travis travis 16770 Jan 18 03:26 ModularCodeGen4_A2.java
-rw-rw-r--   1 travis travis   856 Jan 18 03:26 ModularCodeGen4_A2.mk
-rw-rw-r--   1 travis travis  1445 Jan 18 03:26 ModularCodeGen4_A2_profile.class
-rw-rw-r--   1 travis travis  1712 Jan 18 03:26 ModularCodeGen4_A2_profile.java
-rw-rw-r--   1 travis travis  6838 Jan 18 03:26 ModularCodeGen5_A_A.class
-rw-rw-r--   1 travis travis 28721 Jan 18 03:26 ModularCodeGen5_A_A.java
-rw-rw-r--   1 travis travis   864 Jan 18 03:26 ModularCodeGen5_A_A.mk
-rw-rw-r--   1 travis travis  1520 Jan 18 03:26 ModularCodeGen5_A_A_profile.class
-rw-rw-r--   1 travis travis  1815 Jan 18 03:26 ModularCodeGen5_A_A_profile.java
-rw-rw-r--   1 travis travis  5115 Jan 18 03:26 ModularCodeGen5_A.class
-rw-rw-r--   1 travis travis 13769 Jan 18 03:26 ModularCodeGen5_A.java
-rw-rw-r--   1 travis travis   848 Jan 18 03:26 ModularCodeGen5_A.mk
-rw-rw-r--   1 travis travis  1422 Jan 18 03:26 ModularCodeGen5_A_profile.class
-rw-rw-r--   1 travis travis  1605 Jan 18 03:26 ModularCodeGen5_A_profile.java
-rw-rw-r--   1 travis travis  4125 Jan 18 03:26 ModularCodeGen6_A_A2.class
-rw-rw-r--   1 travis travis 11329 Jan 18 03:26 ModularCodeGen6_A_A2.java
-rw-rw-r--   1 travis travis   872 Jan 18 03:26 ModularCodeGen6_A_A2.mk
-rw-rw-r--   1 travis travis  1351 Jan 18 03:26 ModularCodeGen6_A_A2_profile.class
-rw-rw-r--   1 travis travis  1364 Jan 18 03:26 ModularCodeGen6_A_A2_profile.java
-rw-rw-r--   1 travis travis  4108 Jan 18 03:26 ModularCodeGen6_A_A.class
-rw-rw-r--   1 travis travis 11221 Jan 18 03:26 ModularCodeGen6_A_A.java
-rw-rw-r--   1 travis travis   864 Jan 18 03:26 ModularCodeGen6_A_A.mk
-rw-rw-r--   1 travis travis  1348 Jan 18 03:26 ModularCodeGen6_A_A_profile.class
-rw-rw-r--   1 travis travis  1361 Jan 18 03:26 ModularCodeGen6_A_A_profile.java
-rw-rw-r--   1 travis travis  7237 Jan 18 03:26 ModularCodeGen6_A.class
-rw-rw-r--   1 travis travis 26535 Jan 18 03:26 ModularCodeGen6_A.java
-rw-rw-r--   1 travis travis   848 Jan 18 03:26 ModularCodeGen6_A.mk
-rw-rw-r--   1 travis travis  1483 Jan 18 03:26 ModularCodeGen6_A_profile.class
-rw-rw-r--   1 travis travis  1810 Jan 18 03:26 ModularCodeGen6_A_profile.java
-rw-rw-r--   1 travis travis  9439 Jan 18 03:26 ModularCodeGenLazyPubSubGlobal_CompositeActor_ModularCodeGenTypedComposite.class
-rw-rw-r--   1 travis travis 30161 Jan 18 03:26 ModularCodeGenLazyPubSubGlobal_CompositeActor_ModularCodeGenTypedComposite.java
-rw-rw-r--   1 travis travis  1304 Jan 18 03:26 ModularCodeGenLazyPubSubGlobal_CompositeActor_ModularCodeGenTypedComposite.mk
-rw-rw-r--   1 travis travis  1438 Jan 18 03:26 ModularCodeGenLazyPubSubGlobal_CompositeActor_ModularCodeGenTypedComposite_profile.class
-rw-rw-r--   1 travis travis  1384 Jan 18 03:26 ModularCodeGenLazyPubSubGlobal_CompositeActor_ModularCodeGenTypedComposite_profile.java
-rw-rw-r--   1 travis travis  3952 Jan 18 03:26 ModularCodeGenLazyPubSub_LazyCompositeActor.class
-rw-rw-r--   1 travis travis 11122 Jan 18 03:26 ModularCodeGenLazyPubSub_LazyCompositeActor.java
-rw-rw-r--   1 travis travis  1056 Jan 18 03:26 ModularCodeGenLazyPubSub_LazyCompositeActor.mk
-rw-rw-r--   1 travis travis  1286 Jan 18 03:26 ModularCodeGenLazyPubSub_LazyCompositeActor_profile.class
-rw-rw-r--   1 travis travis  1091 Jan 18 03:26 ModularCodeGenLazyPubSub_LazyCompositeActor_profile.java
-rw-rw-r--   1 travis travis  3954 Jan 18 03:25 ModularCodeGen_ModularCodeGenTypedCompositeActor.class
-rw-rw-r--   1 travis travis 10970 Jan 18 03:25 ModularCodeGen_ModularCodeGenTypedCompositeActor.java
-rw-rw-r--   1 travis travis  1096 Jan 18 03:25 ModularCodeGen_ModularCodeGenTypedCompositeActor.mk
-rw-rw-r--   1 travis travis  1384 Jan 18 03:25 ModularCodeGen_ModularCodeGenTypedCompositeActor_profile.class
-rw-rw-r--   1 travis travis  1328 Jan 18 03:25 ModularCodeGen_ModularCodeGenTypedCompositeActor_profile.java
-rw-rw-r--   1 travis travis  3441 Jan 18 03:26 ModularCodeGenPubSub2_A1_A.class
-rw-rw-r--   1 travis travis  8578 Jan 18 03:26 ModularCodeGenPubSub2_A1_A.java
-rw-rw-r--   1 travis travis   920 Jan 18 03:26 ModularCodeGenPubSub2_A1_A.mk
-rw-rw-r--   1 travis travis  1274 Jan 18 03:26 ModularCodeGenPubSub2_A1_A_profile.class
-rw-rw-r--   1 travis travis  1128 Jan 18 03:26 ModularCodeGenPubSub2_A1_A_profile.java
-rw-rw-r--   1 travis travis  3733 Jan 18 03:26 ModularCodeGenPubSub2_A1.class
-rw-rw-r--   1 travis travis  9781 Jan 18 03:26 ModularCodeGenPubSub2_A1.java
-rw-rw-r--   1 travis travis   904 Jan 18 03:26 ModularCodeGenPubSub2_A1.mk
-rw-rw-r--   1 travis travis  1268 Jan 18 03:26 ModularCodeGenPubSub2_A1_profile.class
-rw-rw-r--   1 travis travis  1196 Jan 18 03:26 ModularCodeGenPubSub2_A1_profile.java
-rw-rw-r--   1 travis travis  1132 Jan 18 03:26 ModularCodeGenPubSub3_A1_A2_profile.java
-rw-rw-r--   1 travis travis  3475 Jan 18 03:26 ModularCodeGenPubSub_A1.class
-rw-rw-r--   1 travis travis  9060 Jan 18 03:26 ModularCodeGenPubSub_A1.java
-rw-rw-r--   1 travis travis   896 Jan 18 03:26 ModularCodeGenPubSub_A1.mk
-rw-rw-r--   1 travis travis  1278 Jan 18 03:26 ModularCodeGenPubSub_A1_profile.class
-rw-rw-r--   1 travis travis  1195 Jan 18 03:26 ModularCodeGenPubSub_A1_profile.java
-rw-rw-r--   1 travis travis  3492 Jan 18 03:25 ModularCodeGenTest_A1_A2.class
-rw-rw-r--   1 travis travis   904 Jan 18 03:25 ModularCodeGenTest_A1_A2.mk
-rw-rw-r--   1 travis travis  1306 Jan 18 03:25 ModularCodeGenTest_A1_A2_profile.class
-rw-rw-r--   1 travis travis  9968 Jan 18 03:25 ModularCodeGenTest_A1.java
-rw-rw-r--   1 travis travis   880 Jan 18 03:25 ModularCodeGenTest_A1.mk
drwxrwxr-x   3 travis travis 36864 Jan 18 03:25 modulation2
drwxrwxr-x   3 travis travis 20480 Jan 18 03:21 Multiplexor
drwxrwxr-x 249 travis travis 12288 Jan 18 03:25 node_modules
drwxrwxr-x   3 travis travis 20480 Jan 18 03:22 PhaseUnwrap
-rw-rw-r--   1 travis travis   520 Jan 18 03:25 Repeat$_fireFunction_Repeat_Repeat$__f_sL_0.class
-rw-rw-r--   1 travis travis   522 Jan 18 03:25 Repeat$_fireFunction_Repeat_Repeat$__f_sL_10.class
-rw-rw-r--   1 travis travis   666 Jan 18 03:25 Repeat$_fireFunction_Repeat_Repeat$__f_sL_11.class
-rw-rw-r--   1 travis travis   522 Jan 18 03:25 Repeat$_fireFunction_Repeat_Repeat$__f_sL_13.class
-rw-rw-r--   1 travis travis   665 Jan 18 03:25 Repeat$_fireFunction_Repeat_Repeat$__f_sL_1.class
-rw-rw-r--   1 travis travis   520 Jan 18 03:25 Repeat$_fireFunction_Repeat_Repeat$__f_sL_2.class
-rw-rw-r--   1 travis travis   520 Jan 18 03:25 Repeat$_fireFunction_Repeat_Repeat$__f_sL_3.class
-rw-rw-r--   1 travis travis   520 Jan 18 03:25 Repeat$_fireFunction_Repeat_Repeat$__f_sL_5.class
-rw-rw-r--   1 travis travis   671 Jan 18 03:25 Repeat$_fireFunction_Repeat_Repeat$__f_sL_7.class
-rw-rw-r--   1 travis travis   520 Jan 18 03:25 Repeat$_fireFunction_Repeat_Repeat$__f_sL_9.class
-rw-rw-r--   1 travis travis   813 Jan 18 03:25 Repeat$_initialize_Repeat.class
-rw-rw-r--   1 travis travis   475 Jan 18 03:25 Repeat$_initialize_Repeat$__i_sL_0.class
-rw-rw-r--   1 travis travis   519 Jan 18 03:25 Repeat$_initialize_Repeat$__i_sL_3.class
-rw-rw-r--   1 travis travis 39778 Jan 18 03:25 Repeat.java
-rw-rw-r--   1 travis travis  1281 Jan 18 03:25 Repeat.mk
-rw-rw-r--   1 travis travis   520 Jan 18 03:25 Repeat$_preinitializeMethod_Repeat$__p_sL_0.class
-rw-rw-r--   1 travis travis   520 Jan 18 03:25 Repeat$_preinitializeMethod_Repeat$__p_sL_1.class
-rw-rw-r--   1 travis travis  1083 Jan 18 03:25 Repeat$_Repeat$_fireFunction_Repeat_AddSubtract_Repeat.class
-rw-rw-r--   1 travis travis   791 Jan 18 03:25 Repeat$_Repeat$_fireFunction_Repeat_AddSubtract_Repeat$__f_sL_0.class
-rw-rw-r--   1 travis travis   909 Jan 18 03:25 Repeat$_Repeat$_fireFunction_Repeat_AddSubtract_Repeat$__f_sL_1.class
-rw-rw-r--   1 travis travis   915 Jan 18 03:25 Repeat$_Repeat$_fireFunction_Repeat_AddSubtract_Repeat$__f_sL_2.class
-rw-rw-r--   1 travis travis   838 Jan 18 03:25 Repeat$_Repeat$_fireFunction_Repeat_Ramp2_Repeat$__f_sL_1.class
-rw-rw-r--   1 travis travis  1785 Jan 18 03:25 Repeat$_Repeat$_fireFunction_Repeat_Test_Repeat$__f_sL_2.class
-rw-rw-r--   1 travis travis   685 Jan 18 03:25 Repeat$_Repeat_SDF_Director_run_Repeat$__R_sL_0.class
-rw-rw-r--   1 travis travis   540 Jan 18 03:25 Repeat$_Repeat_SDF_Director_run_Repeat$__R_sL_1.class
-rw-rw-r--   1 travis travis   540 Jan 18 03:25 Repeat$_Repeat_SDF_Director_run_Repeat$__R_sL_2.class
-rw-rw-r--   1 travis travis   540 Jan 18 03:25 Repeat$_Repeat_SDF_Director_run_Repeat$__R_sL_4.class
-rw-rw-r--   1 travis travis   540 Jan 18 03:25 Repeat$_Repeat_SDF_Director_run_Repeat$__R_sL_5.class
-rw-rw-r--   1 travis travis   691 Jan 18 03:25 Repeat$_Repeat_SDF_Director_run_Repeat$__R_sL_6.class
-rw-rw-r--   1 travis travis   540 Jan 18 03:25 Repeat$_Repeat_SDF_Director_run_Repeat$__R_sL_7.class
-rw-rw-r--   1 travis travis   863 Jan 18 03:25 Repeat$_varinit_Repeat.class
-rw-rw-r--   1 travis travis   530 Jan 18 03:25 Repeat$_varinit_Repeat$__v_sL_1.class
-rw-rw-r--   1 travis travis   531 Jan 18 03:25 Repeat$_varinit_Repeat$__v_sL_2.class
-rw-rw-r--   1 travis travis   905 Jan 18 03:25 Repeat$_varinit_Repeat$__v_sL_4.class
-rw-rw-r--   1 travis travis   635 Jan 18 03:25 Repeat$_wrapup_Repeat.class
-rw-rw-r--   1 travis travis   965 Jan 18 03:25 Repeat$_wrapup_Repeat$__w_sL_1.class
-rw-rw-r--   1 travis travis   289 Jan 18 03:19 result.csv
drwxrwxr-x   3 travis travis 12288 Jan 18 03:23 Scrambler1
drwxrwxr-x   3 travis travis 20480 Jan 18 03:22 Sinewave2
drwxrwxr-x   3 travis travis 69632 Jan 18 03:23 StringCompare
drwxrwxr-x   3 travis travis 32768 Jan 18 03:23 StringFunction
drwxrwxr-x   3 travis travis 12288 Jan 18 03:23 StringLength
drwxrwxr-x   3 travis travis 57344 Jan 18 03:24 StringSimpleReplace
drwxrwxr-x   3 travis travis 12288 Jan 18 03:24 time2
drwxrwxr-x   3 travis travis 12288 Jan 18 03:25 time5
-rw-rw-r--   1 travis travis   432 Jan 18 03:26 Token.class
-rw-rw-r--   1 travis travis   251 Jan 18 03:26 Token.java
-rw-rw-r--   1 travis travis     0 Jan 18 03:25 top.
-rw-rw-r--   1 travis travis 20502 Jan 18 03:19 top.c
-rw-rw-r--   1 travis travis  3567 Jan 18 03:25 top.class
-rw-rw-r--   1 travis travis   169 Jan 18 03:19 top.html
-rw-rw-r--   1 travis travis  7552 Jan 18 03:25 top.java
-rw-rw-r--   1 travis travis 38888 Jan 18 03:19 top.o
drwxrwxr-x   3 travis travis 57344 Jan 18 03:22 UnaryMathFunction
warning: Supported source version 'RELEASE_6' from annotation processor 'org.netbeans.modules.openide.util.NbBundleProcessor' less than -source '1.8'
warning: Supported source version 'RELEASE_6' from annotation processor 'org.netbeans.modules.openide.util.URLStreamHandlerRegistrationProcessor' less than -source '1.8'
warning: Supported source version 'RELEASE_6' from annotation processor 'org.netbeans.modules.openide.util.ServiceProviderProcessor' less than -source '1.8'
3 warnings
All Done
Writing ModularCodeGenPubSub3_A1_A2.java in file:/home/travis/cg/ (8599 characters)
Reading "ptolemy/cg/kernel/generic/program/procedural/java/modular/makefile.in",
    writing "/home/travis/cg/ModularCodeGenPubSub3_A1_A2.mk"
Using ptolemy/cg/kernel/generic/program/procedural/java/modular/makefile.in
In "/home/travis/cg", about to execute:
    make -f ModularCodeGenPubSub3_A1_A2.mk
javac -classpath ".:.."    ModularCodeGenPubSub3_A1_A2.java
All Done
In "/home/travis/cg", about to execute:
    pwd
/home/travis/cg
In "/home/travis/cg", about to execute:
    ls -l
total 2124
drwxrwxr-x   3 travis travis 12288 Jan 18 03:20 AbsoluteValue
-rw-rw-r--   1 travis travis   233 Jan 18 03:26 Array.class
-rw-rw-r--   1 travis travis   459 Jan 18 03:26 Array.java
drwxrwxr-x   3 travis travis 16384 Jan 18 03:20 Case1
drwxrwxr-x   3 travis travis 32768 Jan 18 03:20 Case2
-rw-rw-r--   1 travis travis  4895 Jan 18 03:25 CompiledCompositeActor_CompiledCompositeActor.class
-rw-rw-r--   1 travis travis  1592 Jan 18 03:25 CompiledCompositeActor_CompiledCompositeActor$_CompiledCompositeActor_CompiledCompositeActor.class
-rw-rw-r--   1 travis travis 13466 Jan 18 03:25 CompiledCompositeActor_CompiledCompositeActor.java
-rw-rw-r--   1 travis travis  1593 Jan 18 03:25 CompiledCompositeActor_CompiledCompositeActor.mk
drwxrwxr-x   3 travis travis 24576 Jan 18 03:23 DeScrambler
drwxrwxr-x   3 travis travis 16384 Jan 18 03:24 DotProduct
drwxrwxr-x   3 travis travis 12288 Jan 18 03:21 FileWriter1
drwxrwxr-x   3 travis travis 20480 Jan 18 03:20 FixToDoubleAndBack
drwxrwxr-x   3 travis travis 16384 Jan 18 03:21 Gaussian1
drwxrwxr-x   3 travis travis 20480 Jan 18 03:21 Gaussian2
-rw-rw-r--   1 travis travis  4457 Jan 18 03:25 JavaCompiledCompositeTest1_CompiledCompositeActor.class
-rw-rw-r--   1 travis travis 11637 Jan 18 03:25 JavaCompiledCompositeTest1_CompiledCompositeActor.java
-rw-rw-r--   1 travis travis  1198 Jan 18 03:25 JavaCompiledCompositeTest1_CompiledCompositeActor$_JavaCompiledCompositeTest1_CompiledCompositeActor.class
-rw-rw-r--   1 travis travis  1625 Jan 18 03:25 JavaCompiledCompositeTest1_CompiledCompositeActor.mk
-rw-rw-r--   1 travis travis  4888 Jan 18 03:25 JavaCompiledCompositeTest2_CompiledCompositeActor.class
-rw-rw-r--   1 travis travis 14919 Jan 18 03:25 JavaCompiledCompositeTest2_CompiledCompositeActor.java
-rw-rw-r--   1 travis travis  1793 Jan 18 03:25 JavaCompiledCompositeTest2_CompiledCompositeActor$_JavaCompiledCompositeTest2_CompiledCompositeActor.class
-rw-rw-r--   1 travis travis  1625 Jan 18 03:25 JavaCompiledCompositeTest2_CompiledCompositeActor.mk
-rw-rw-r--   1 travis travis  4505 Jan 18 03:25 JavaCompiledCompositeTest3_CompiledCompositeActor.class
-rw-rw-r--   1 travis travis 13080 Jan 18 03:25 JavaCompiledCompositeTest3_CompiledCompositeActor.java
-rw-rw-r--   1 travis travis  1378 Jan 18 03:25 JavaCompiledCompositeTest3_CompiledCompositeActor$_JavaCompiledCompositeTest3_CompiledCompositeActor.class
-rw-rw-r--   1 travis travis  1625 Jan 18 03:25 JavaCompiledCompositeTest3_CompiledCompositeActor.mk
-rw-rw-r--   1 travis travis  3953 Jan 18 03:25 JavaCompiledCompositeTest4_CompiledCompositeActor.class
-rw-rw-r--   1 travis travis  9687 Jan 18 03:25 JavaCompiledCompositeTest4_CompiledCompositeActor.java
-rw-rw-r--   1 travis travis   857 Jan 18 03:25 JavaCompiledCompositeTest4_CompiledCompositeActor$_JavaCompiledCompositeTest4_CompiledCompositeActor.class
-rw-rw-r--   1 travis travis  1625 Jan 18 03:25 JavaCompiledCompositeTest4_CompiledCompositeActor.mk
drwxrwxr-x   3 travis travis 12288 Jan 18 03:21 LookupTable
drwxrwxr-x   3 travis travis 20480 Jan 18 03:21 MaxIndex
-rw-rw-r--   1 travis travis  3693 Jan 18 03:25 ModularCG_A1_B1.class
-rw-rw-r--   1 travis travis  9730 Jan 18 03:25 ModularCG_A1_B1.java
-rw-rw-r--   1 travis travis   832 Jan 18 03:25 ModularCG_A1_B1.mk
-rw-rw-r--   1 travis travis  1318 Jan 18 03:25 ModularCG_A1_B1_profile.class
-rw-rw-r--   1 travis travis  1262 Jan 18 03:25 ModularCG_A1_B1_profile.java
-rw-rw-r--   1 travis travis  3693 Jan 18 03:25 ModularCG_A1_B2.class
-rw-rw-r--   1 travis travis  9730 Jan 18 03:25 ModularCG_A1_B2.java
-rw-rw-r--   1 travis travis   832 Jan 18 03:25 ModularCG_A1_B2.mk
-rw-rw-r--   1 travis travis  1318 Jan 18 03:25 ModularCG_A1_B2_profile.class
-rw-rw-r--   1 travis travis  1262 Jan 18 03:25 ModularCG_A1_B2_profile.java
-rw-rw-r--   1 travis travis  4799 Jan 18 03:25 ModularCG_A1.class
-rw-rw-r--   1 travis travis 14742 Jan 18 03:25 ModularCG_A1.java
-rw-rw-r--   1 travis travis   808 Jan 18 03:25 ModularCG_A1.mk
-rw-rw-r--   1 travis travis  1433 Jan 18 03:25 ModularCG_A1_profile.class
-rw-rw-r--   1 travis travis  1704 Jan 18 03:25 ModularCG_A1_profile.java
-rw-rw-r--   1 travis travis  3827 Jan 18 03:25 ModularCG_A2_B1.class
-rw-rw-r--   1 travis travis 10667 Jan 18 03:25 ModularCG_A2_B1.java
-rw-rw-r--   1 travis travis   832 Jan 18 03:25 ModularCG_A2_B1.mk
-rw-rw-r--   1 travis travis  1381 Jan 18 03:25 ModularCG_A2_B1_profile.class
-rw-rw-r--   1 travis travis  1446 Jan 18 03:25 ModularCG_A2_B1_profile.java
-rw-rw-r--   1 travis travis  3693 Jan 18 03:25 ModularCG_A2_B2.class
-rw-rw-r--   1 travis travis  9730 Jan 18 03:25 ModularCG_A2_B2.java
-rw-rw-r--   1 travis travis   832 Jan 18 03:25 ModularCG_A2_B2.mk
-rw-rw-r--   1 travis travis  1318 Jan 18 03:25 ModularCG_A2_B2_profile.class
-rw-rw-r--   1 travis travis  1262 Jan 18 03:25 ModularCG_A2_B2_profile.java
-rw-rw-r--   1 travis travis  4870 Jan 18 03:25 ModularCG_A2.class
-rw-rw-r--   1 travis travis 15129 Jan 18 03:25 ModularCG_A2.java
-rw-rw-r--   1 travis travis   808 Jan 18 03:25 ModularCG_A2.mk
-rw-rw-r--   1 travis travis  1433 Jan 18 03:25 ModularCG_A2_profile.class
-rw-rw-r--   1 travis travis  1704 Jan 18 03:25 ModularCG_A2_profile.java
-rw-rw-r--   1 travis travis  3473 Jan 18 03:25 ModularCGPubSub_A1_A2.class
-rw-rw-r--   1 travis travis  9076 Jan 18 03:25 ModularCGPubSub_A1_A2.java
-rw-rw-r--   1 travis travis   880 Jan 18 03:25 ModularCGPubSub_A1_A2.mk
-rw-rw-r--   1 travis travis  1300 Jan 18 03:25 ModularCGPubSub_A1_A2_profile.class
-rw-rw-r--   1 travis travis  1222 Jan 18 03:25 ModularCGPubSub_A1_A2_profile.java
-rw-rw-r--   1 travis travis  3790 Jan 18 03:25 ModularCGPubSub_A1.class
-rw-rw-r--   1 travis travis  9836 Jan 18 03:25 ModularCGPubSub_A1.java
-rw-rw-r--   1 travis travis   856 Jan 18 03:25 ModularCGPubSub_A1.mk
-rw-rw-r--   1 travis travis  1346 Jan 18 03:25 ModularCGPubSub_A1_profile.class
-rw-rw-r--   1 travis travis  1388 Jan 18 03:25 ModularCGPubSub_A1_profile.java
-rw-rw-r--   1 travis travis  3988 Jan 18 03:25 ModularCodeGen2_ModularCodeGenTypedCompositeActor.class
-rw-rw-r--   1 travis travis 11690 Jan 18 03:25 ModularCodeGen2_ModularCodeGenTypedCompositeActor.java
-rw-rw-r--   1 travis travis  1104 Jan 18 03:25 ModularCodeGen2_ModularCodeGenTypedCompositeActor.mk
-rw-rw-r--   1 travis travis  4272 Jan 18 03:25 ModularCodeGen2_ModularCodeGenTypedCompositeActor_ModularCodeGenTypedCompositeActor.class
-rw-rw-r--   1 travis travis 11790 Jan 18 03:25 ModularCodeGen2_ModularCodeGenTypedCompositeActor_ModularCodeGenTypedCompositeActor.java
-rw-rw-r--   1 travis travis  1376 Jan 18 03:25 ModularCodeGen2_ModularCodeGenTypedCompositeActor_ModularCodeGenTypedCompositeActor.mk
-rw-rw-r--   1 travis travis  1421 Jan 18 03:25 ModularCodeGen2_ModularCodeGenTypedCompositeActor_ModularCodeGenTypedCompositeActor_profile.class
-rw-rw-r--   1 travis travis  1294 Jan 18 03:25 ModularCodeGen2_ModularCodeGenTypedCompositeActor_ModularCodeGenTypedCompositeActor_profile.java
-rw-rw-r--   1 travis travis   820 Jan 18 03:25 ModularCodeGen2_ModularCodeGenTypedCompositeActor_profile.class
-rw-rw-r--   1 travis travis   693 Jan 18 03:25 ModularCodeGen2_ModularCodeGenTypedCompositeActor_profile.java
-rw-rw-r--   1 travis travis  3741 Jan 18 03:25 ModularCodeGen3_A1_B1.class
-rw-rw-r--   1 travis travis  9958 Jan 18 03:25 ModularCodeGen3_A1_B1.java
-rw-rw-r--   1 travis travis   880 Jan 18 03:25 ModularCodeGen3_A1_B1.mk
-rw-rw-r--   1 travis travis  1330 Jan 18 03:25 ModularCodeGen3_A1_B1_profile.class
-rw-rw-r--   1 travis travis  1274 Jan 18 03:25 ModularCodeGen3_A1_B1_profile.java
-rw-rw-r--   1 travis travis  3741 Jan 18 03:25 ModularCodeGen3_A1_B2.class
-rw-rw-r--   1 travis travis  9958 Jan 18 03:25 ModularCodeGen3_A1_B2.java
-rw-rw-r--   1 travis travis   880 Jan 18 03:25 ModularCodeGen3_A1_B2.mk
-rw-rw-r--   1 travis travis  1330 Jan 18 03:25 ModularCodeGen3_A1_B2_profile.class
-rw-rw-r--   1 travis travis  1274 Jan 18 03:25 ModularCodeGen3_A1_B2_profile.java
-rw-rw-r--   1 travis travis  4961 Jan 18 03:26 ModularCodeGen3_A1.class
-rw-rw-r--   1 travis travis 15564 Jan 18 03:26 ModularCodeGen3_A1.java
-rw-rw-r--   1 travis travis   856 Jan 18 03:26 ModularCodeGen3_A1.mk
-rw-rw-r--   1 travis travis  1445 Jan 18 03:26 ModularCodeGen3_A1_profile.class
-rw-rw-r--   1 travis travis  1716 Jan 18 03:25 ModularCodeGen3_A1_profile.java
-rw-rw-r--   1 travis travis  3887 Jan 18 03:26 ModularCodeGen3_A2_B1.class
-rw-rw-r--   1 travis travis 10955 Jan 18 03:26 ModularCodeGen3_A2_B1.java
-rw-rw-r--   1 travis travis   880 Jan 18 03:26 ModularCodeGen3_A2_B1.mk
-rw-rw-r--   1 travis travis  1393 Jan 18 03:26 ModularCodeGen3_A2_B1_profile.class
-rw-rw-r--   1 travis travis  1458 Jan 18 03:26 ModularCodeGen3_A2_B1_profile.java
-rw-rw-r--   1 travis travis  3741 Jan 18 03:26 ModularCodeGen3_A2_B2.class
-rw-rw-r--   1 travis travis  9958 Jan 18 03:26 ModularCodeGen3_A2_B2.java
-rw-rw-r--   1 travis travis   880 Jan 18 03:26 ModularCodeGen3_A2_B2.mk
-rw-rw-r--   1 travis travis  1330 Jan 18 03:26 ModularCodeGen3_A2_B2_profile.class
-rw-rw-r--   1 travis travis  1274 Jan 18 03:26 ModularCodeGen3_A2_B2_profile.java
-rw-rw-r--   1 travis travis  5038 Jan 18 03:26 ModularCodeGen3_A2.class
-rw-rw-r--   1 travis travis 15957 Jan 18 03:26 ModularCodeGen3_A2.java
-rw-rw-r--   1 travis travis   856 Jan 18 03:26 ModularCodeGen3_A2.mk
-rw-rw-r--   1 travis travis  1445 Jan 18 03:26 ModularCodeGen3_A2_profile.class
-rw-rw-r--   1 travis travis  1716 Jan 18 03:26 ModularCodeGen3_A2_profile.java
-rw-rw-r--   1 travis travis  3794 Jan 18 03:26 ModularCodeGen4_A1_B1.class
-rw-rw-r--   1 travis travis 10312 Jan 18 03:26 ModularCodeGen4_A1_B1.java
-rw-rw-r--   1 travis travis   880 Jan 18 03:26 ModularCodeGen4_A1_B1.mk
-rw-rw-r--   1 travis travis  1330 Jan 18 03:26 ModularCodeGen4_A1_B1_profile.class
-rw-rw-r--   1 travis travis  1273 Jan 18 03:26 ModularCodeGen4_A1_B1_profile.java
-rw-rw-r--   1 travis travis  3794 Jan 18 03:26 ModularCodeGen4_A1_B2.class
-rw-rw-r--   1 travis travis 10312 Jan 18 03:26 ModularCodeGen4_A1_B2.java
-rw-rw-r--   1 travis travis   880 Jan 18 03:26 ModularCodeGen4_A1_B2.mk
-rw-rw-r--   1 travis travis  1330 Jan 18 03:26 ModularCodeGen4_A1_B2_profile.class
-rw-rw-r--   1 travis travis  1273 Jan 18 03:26 ModularCodeGen4_A1_B2_profile.java
-rw-rw-r--   1 travis travis  5101 Jan 18 03:26 ModularCodeGen4_A1.class
-rw-rw-r--   1 travis travis 16245 Jan 18 03:26 ModularCodeGen4_A1.java
-rw-rw-r--   1 travis travis   856 Jan 18 03:26 ModularCodeGen4_A1.mk
-rw-rw-r--   1 travis travis  1445 Jan 18 03:26 ModularCodeGen4_A1_profile.class
-rw-rw-r--   1 travis travis  1712 Jan 18 03:26 ModularCodeGen4_A1_profile.java
-rw-rw-r--   1 travis travis  3988 Jan 18 03:26 ModularCodeGen4_A2_B1.class
-rw-rw-r--   1 travis travis 11375 Jan 18 03:26 ModularCodeGen4_A2_B1.java
-rw-rw-r--   1 travis travis   880 Jan 18 03:26 ModularCodeGen4_A2_B1.mk
-rw-rw-r--   1 travis travis  1393 Jan 18 03:26 ModularCodeGen4_A2_B1_profile.class
-rw-rw-r--   1 travis travis  1454 Jan 18 03:26 ModularCodeGen4_A2_B1_profile.java
-rw-rw-r--   1 travis travis  3842 Jan 18 03:26 ModularCodeGen4_A2_B2.class
-rw-rw-r--   1 travis travis 10378 Jan 18 03:26 ModularCodeGen4_A2_B2.java
-rw-rw-r--   1 travis travis   880 Jan 18 03:26 ModularCodeGen4_A2_B2.mk
-rw-rw-r--   1 travis travis  1330 Jan 18 03:26 ModularCodeGen4_A2_B2_profile.class
-rw-rw-r--   1 travis travis  1270 Jan 18 03:26 ModularCodeGen4_A2_B2_profile.java
-rw-rw-r--   1 travis travis  5274 Jan 18 03:26 ModularCodeGen4_A2.class
-rw-rw-r--   1 travis travis 16770 Jan 18 03:26 ModularCodeGen4_A2.java
-rw-rw-r--   1 travis travis   856 Jan 18 03:26 ModularCodeGen4_A2.mk
-rw-rw-r--   1 travis travis  1445 Jan 18 03:26 ModularCodeGen4_A2_profile.class
-rw-rw-r--   1 travis travis  1712 Jan 18 03:26 ModularCodeGen4_A2_profile.java
-rw-rw-r--   1 travis travis  6838 Jan 18 03:26 ModularCodeGen5_A_A.class
-rw-rw-r--   1 travis travis 28721 Jan 18 03:26 ModularCodeGen5_A_A.java
-rw-rw-r--   1 travis travis   864 Jan 18 03:26 ModularCodeGen5_A_A.mk
-rw-rw-r--   1 travis travis  1520 Jan 18 03:26 ModularCodeGen5_A_A_profile.class
-rw-rw-r--   1 travis travis  1815 Jan 18 03:26 ModularCodeGen5_A_A_profile.java
-rw-rw-r--   1 travis travis  5115 Jan 18 03:26 ModularCodeGen5_A.class
-rw-rw-r--   1 travis travis 13769 Jan 18 03:26 ModularCodeGen5_A.java
-rw-rw-r--   1 travis travis   848 Jan 18 03:26 ModularCodeGen5_A.mk
-rw-rw-r--   1 travis travis  1422 Jan 18 03:26 ModularCodeGen5_A_profile.class
-rw-rw-r--   1 travis travis  1605 Jan 18 03:26 ModularCodeGen5_A_profile.java
-rw-rw-r--   1 travis travis  4125 Jan 18 03:26 ModularCodeGen6_A_A2.class
-rw-rw-r--   1 travis travis 11329 Jan 18 03:26 ModularCodeGen6_A_A2.java
-rw-rw-r--   1 travis travis   872 Jan 18 03:26 ModularCodeGen6_A_A2.mk
-rw-rw-r--   1 travis travis  1351 Jan 18 03:26 ModularCodeGen6_A_A2_profile.class
-rw-rw-r--   1 travis travis  1364 Jan 18 03:26 ModularCodeGen6_A_A2_profile.java
-rw-rw-r--   1 travis travis  4108 Jan 18 03:26 ModularCodeGen6_A_A.class
-rw-rw-r--   1 travis travis 11221 Jan 18 03:26 ModularCodeGen6_A_A.java
-rw-rw-r--   1 travis travis   864 Jan 18 03:26 ModularCodeGen6_A_A.mk
-rw-rw-r--   1 travis travis  1348 Jan 18 03:26 ModularCodeGen6_A_A_profile.class
-rw-rw-r--   1 travis travis  1361 Jan 18 03:26 ModularCodeGen6_A_A_profile.java
-rw-rw-r--   1 travis travis  7237 Jan 18 03:26 ModularCodeGen6_A.class
-rw-rw-r--   1 travis travis 26535 Jan 18 03:26 ModularCodeGen6_A.java
-rw-rw-r--   1 travis travis   848 Jan 18 03:26 ModularCodeGen6_A.mk
-rw-rw-r--   1 travis travis  1483 Jan 18 03:26 ModularCodeGen6_A_profile.class
-rw-rw-r--   1 travis travis  1810 Jan 18 03:26 ModularCodeGen6_A_profile.java
-rw-rw-r--   1 travis travis  9439 Jan 18 03:26 ModularCodeGenLazyPubSubGlobal_CompositeActor_ModularCodeGenTypedComposite.class
-rw-rw-r--   1 travis travis 30161 Jan 18 03:26 ModularCodeGenLazyPubSubGlobal_CompositeActor_ModularCodeGenTypedComposite.java
-rw-rw-r--   1 travis travis  1304 Jan 18 03:26 ModularCodeGenLazyPubSubGlobal_CompositeActor_ModularCodeGenTypedComposite.mk
-rw-rw-r--   1 travis travis  1438 Jan 18 03:26 ModularCodeGenLazyPubSubGlobal_CompositeActor_ModularCodeGenTypedComposite_profile.class
-rw-rw-r--   1 travis travis  1384 Jan 18 03:26 ModularCodeGenLazyPubSubGlobal_CompositeActor_ModularCodeGenTypedComposite_profile.java
-rw-rw-r--   1 travis travis  3952 Jan 18 03:26 ModularCodeGenLazyPubSub_LazyCompositeActor.class
-rw-rw-r--   1 travis travis 11122 Jan 18 03:26 ModularCodeGenLazyPubSub_LazyCompositeActor.java
-rw-rw-r--   1 travis travis  1056 Jan 18 03:26 ModularCodeGenLazyPubSub_LazyCompositeActor.mk
-rw-rw-r--   1 travis travis  1286 Jan 18 03:26 ModularCodeGenLazyPubSub_LazyCompositeActor_profile.class
-rw-rw-r--   1 travis travis  1091 Jan 18 03:26 ModularCodeGenLazyPubSub_LazyCompositeActor_profile.java
-rw-rw-r--   1 travis travis  3954 Jan 18 03:25 ModularCodeGen_ModularCodeGenTypedCompositeActor.class
-rw-rw-r--   1 travis travis 10970 Jan 18 03:25 ModularCodeGen_ModularCodeGenTypedCompositeActor.java
-rw-rw-r--   1 travis travis  1096 Jan 18 03:25 ModularCodeGen_ModularCodeGenTypedCompositeActor.mk
-rw-rw-r--   1 travis travis  1384 Jan 18 03:25 ModularCodeGen_ModularCodeGenTypedCompositeActor_profile.class
-rw-rw-r--   1 travis travis  1328 Jan 18 03:25 ModularCodeGen_ModularCodeGenTypedCompositeActor_profile.java
-rw-rw-r--   1 travis travis  3441 Jan 18 03:26 ModularCodeGenPubSub2_A1_A.class
-rw-rw-r--   1 travis travis  8578 Jan 18 03:26 ModularCodeGenPubSub2_A1_A.java
-rw-rw-r--   1 travis travis   920 Jan 18 03:26 ModularCodeGenPubSub2_A1_A.mk
-rw-rw-r--   1 travis travis  1274 Jan 18 03:26 ModularCodeGenPubSub2_A1_A_profile.class
-rw-rw-r--   1 travis travis  1128 Jan 18 03:26 ModularCodeGenPubSub2_A1_A_profile.java
-rw-rw-r--   1 travis travis  3733 Jan 18 03:26 ModularCodeGenPubSub2_A1.class
-rw-rw-r--   1 travis travis  9781 Jan 18 03:26 ModularCodeGenPubSub2_A1.java
-rw-rw-r--   1 travis travis   904 Jan 18 03:26 ModularCodeGenPubSub2_A1.mk
-rw-rw-r--   1 travis travis  1268 Jan 18 03:26 ModularCodeGenPubSub2_A1_profile.class
-rw-rw-r--   1 travis travis  1196 Jan 18 03:26 ModularCodeGenPubSub2_A1_profile.java
-rw-rw-r--   1 travis travis  3437 Jan 18 03:26 ModularCodeGenPubSub3_A1_A2.class
-rw-rw-r--   1 travis travis  8599 Jan 18 03:26 ModularCodeGenPubSub3_A1_A2.java
-rw-rw-r--   1 travis travis   928 Jan 18 03:26 ModularCodeGenPubSub3_A1_A2.mk
-rw-rw-r--   1 travis travis  1287 Jan 18 03:26 ModularCodeGenPubSub3_A1_A2_profile.class
-rw-rw-r--   1 travis travis  1132 Jan 18 03:26 ModularCodeGenPubSub3_A1_A2_profile.java
-rw-rw-r--   1 travis travis  1400 Jan 18 03:26 ModularCodeGenPubSub3_A1_profile.java
-rw-rw-r--   1 travis travis  3475 Jan 18 03:26 ModularCodeGenPubSub_A1.class
-rw-rw-r--   1 travis travis  9060 Jan 18 03:26 ModularCodeGenPubSub_A1.java
-rw-rw-r--   1 travis travis   896 Jan 18 03:26 ModularCodeGenPubSub_A1.mk
-rw-rw-r--   1 travis travis  1278 Jan 18 03:26 ModularCodeGenPubSub_A1_profile.class
-rw-rw-r--   1 travis travis  1195 Jan 18 03:26 ModularCodeGenPubSub_A1_profile.java
-rw-rw-r--   1 travis travis  3492 Jan 18 03:25 ModularCodeGenTest_A1_A2.class
-rw-rw-r--   1 travis travis   904 Jan 18 03:25 ModularCodeGenTest_A1_A2.mk
-rw-rw-r--   1 travis travis  1306 Jan 18 03:25 ModularCodeGenTest_A1_A2_profile.class
-rw-rw-r--   1 travis travis  9968 Jan 18 03:25 ModularCodeGenTest_A1.java
-rw-rw-r--   1 travis travis   880 Jan 18 03:25 ModularCodeGenTest_A1.mk
drwxrwxr-x   3 travis travis 36864 Jan 18 03:25 modulation2
drwxrwxr-x   3 travis travis 20480 Jan 18 03:21 Multiplexor
drwxrwxr-x 249 travis travis 12288 Jan 18 03:25 node_modules
drwxrwxr-x   3 travis travis 20480 Jan 18 03:22 PhaseUnwrap
-rw-rw-r--   1 travis travis   520 Jan 18 03:25 Repeat$_fireFunction_Repeat_Repeat$__f_sL_0.class
-rw-rw-r--   1 travis travis   522 Jan 18 03:25 Repeat$_fireFunction_Repeat_Repeat$__f_sL_10.class
-rw-rw-r--   1 travis travis   666 Jan 18 03:25 Repeat$_fireFunction_Repeat_Repeat$__f_sL_11.class
-rw-rw-r--   1 travis travis   522 Jan 18 03:25 Repeat$_fireFunction_Repeat_Repeat$__f_sL_13.class
-rw-rw-r--   1 travis travis   665 Jan 18 03:25 Repeat$_fireFunction_Repeat_Repeat$__f_sL_1.class
-rw-rw-r--   1 travis travis   520 Jan 18 03:25 Repeat$_fireFunction_Repeat_Repeat$__f_sL_2.class
-rw-rw-r--   1 travis travis   520 Jan 18 03:25 Repeat$_fireFunction_Repeat_Repeat$__f_sL_3.class
-rw-rw-r--   1 travis travis   520 Jan 18 03:25 Repeat$_fireFunction_Repeat_Repeat$__f_sL_5.class
-rw-rw-r--   1 travis travis   671 Jan 18 03:25 Repeat$_fireFunction_Repeat_Repeat$__f_sL_7.class
-rw-rw-r--   1 travis travis   520 Jan 18 03:25 Repeat$_fireFunction_Repeat_Repeat$__f_sL_9.class
-rw-rw-r--   1 travis travis   813 Jan 18 03:25 Repeat$_initialize_Repeat.class
-rw-rw-r--   1 travis travis   475 Jan 18 03:25 Repeat$_initialize_Repeat$__i_sL_0.class
-rw-rw-r--   1 travis travis   519 Jan 18 03:25 Repeat$_initialize_Repeat$__i_sL_3.class
-rw-rw-r--   1 travis travis 39778 Jan 18 03:25 Repeat.java
-rw-rw-r--   1 travis travis  1281 Jan 18 03:25 Repeat.mk
-rw-rw-r--   1 travis travis   520 Jan 18 03:25 Repeat$_preinitializeMethod_Repeat$__p_sL_0.class
-rw-rw-r--   1 travis travis   520 Jan 18 03:25 Repeat$_preinitializeMethod_Repeat$__p_sL_1.class
-rw-rw-r--   1 travis travis  1083 Jan 18 03:25 Repeat$_Repeat$_fireFunction_Repeat_AddSubtract_Repeat.class
-rw-rw-r--   1 travis travis   791 Jan 18 03:25 Repeat$_Repeat$_fireFunction_Repeat_AddSubtract_Repeat$__f_sL_0.class
-rw-rw-r--   1 travis travis   909 Jan 18 03:25 Repeat$_Repeat$_fireFunction_Repeat_AddSubtract_Repeat$__f_sL_1.class
-rw-rw-r--   1 travis travis   915 Jan 18 03:25 Repeat$_Repeat$_fireFunction_Repeat_AddSubtract_Repeat$__f_sL_2.class
-rw-rw-r--   1 travis travis   838 Jan 18 03:25 Repeat$_Repeat$_fireFunction_Repeat_Ramp2_Repeat$__f_sL_1.class
-rw-rw-r--   1 travis travis  1785 Jan 18 03:25 Repeat$_Repeat$_fireFunction_Repeat_Test_Repeat$__f_sL_2.class
-rw-rw-r--   1 travis travis   685 Jan 18 03:25 Repeat$_Repeat_SDF_Director_run_Repeat$__R_sL_0.class
-rw-rw-r--   1 travis travis   540 Jan 18 03:25 Repeat$_Repeat_SDF_Director_run_Repeat$__R_sL_1.class
-rw-rw-r--   1 travis travis   540 Jan 18 03:25 Repeat$_Repeat_SDF_Director_run_Repeat$__R_sL_2.class
-rw-rw-r--   1 travis travis   540 Jan 18 03:25 Repeat$_Repeat_SDF_Director_run_Repeat$__R_sL_4.class
-rw-rw-r--   1 travis travis   540 Jan 18 03:25 Repeat$_Repeat_SDF_Director_run_Repeat$__R_sL_5.class
-rw-rw-r--   1 travis travis   691 Jan 18 03:25 Repeat$_Repeat_SDF_Director_run_Repeat$__R_sL_6.class
-rw-rw-r--   1 travis travis   540 Jan 18 03:25 Repeat$_Repeat_SDF_Director_run_Repeat$__R_sL_7.class
-rw-rw-r--   1 travis travis   863 Jan 18 03:25 Repeat$_varinit_Repeat.class
-rw-rw-r--   1 travis travis   530 Jan 18 03:25 Repeat$_varinit_Repeat$__v_sL_1.class
-rw-rw-r--   1 travis travis   531 Jan 18 03:25 Repeat$_varinit_Repeat$__v_sL_2.class
-rw-rw-r--   1 travis travis   905 Jan 18 03:25 Repeat$_varinit_Repeat$__v_sL_4.class
-rw-rw-r--   1 travis travis   635 Jan 18 03:25 Repeat$_wrapup_Repeat.class
-rw-rw-r--   1 travis travis   965 Jan 18 03:25 Repeat$_wrapup_Repeat$__w_sL_1.class
-rw-rw-r--   1 travis travis   289 Jan 18 03:19 result.csv
drwxrwxr-x   3 travis travis 12288 Jan 18 03:23 Scrambler1
drwxrwxr-x   3 travis travis 20480 Jan 18 03:22 Sinewave2
drwxrwxr-x   3 travis travis 69632 Jan 18 03:23 StringCompare
drwxrwxr-x   3 travis travis 32768 Jan 18 03:23 StringFunction
drwxrwxr-x   3 travis travis 12288 Jan 18 03:23 StringLength
drwxrwxr-x   3 travis travis 57344 Jan 18 03:24 StringSimpleReplace
drwxrwxr-x   3 travis travis 12288 Jan 18 03:24 time2
drwxrwxr-x   3 travis travis 12288 Jan 18 03:25 time5
-rw-rw-r--   1 travis travis   432 Jan 18 03:26 Token.class
-rw-rw-r--   1 travis travis   251 Jan 18 03:26 Token.java
-rw-rw-r--   1 travis travis     0 Jan 18 03:25 top.
-rw-rw-r--   1 travis travis 20502 Jan 18 03:19 top.c
-rw-rw-r--   1 travis travis  3567 Jan 18 03:25 top.class
-rw-rw-r--   1 travis travis   169 Jan 18 03:19 top.html
-rw-rw-r--   1 travis travis  7552 Jan 18 03:25 top.java
-rw-rw-r--   1 travis travis 38888 Jan 18 03:19 top.o
drwxrwxr-x   3 travis travis 57344 Jan 18 03:22 UnaryMathFunction
In "/home/travis/cg", about to execute:
    javac -classpath
.:/home/travis/build/icyphy/ptII:/home/travis/build/icyphy/ptII/lib/bsh-2.0b4.j
ar:/home/travis/build/icyphy/ptII/lib/ptCal.jar:/home/travis/build/icyphy/ptII/
lib/java_cup.jar:/home/travis/build/icyphy/ptII/lib/saxon8.jar:/home/travis/bui
ld/icyphy/ptII/lib/saxon8-dom.jar:/home/travis/build/icyphy/ptII/lib/chic.jar:/
home/travis/build/icyphy/ptII/lib/ptcolt.jar:/usr/lib/jvm/java-8-oracle/lib/too
ls.jar:/usr/lib/eclipse/plugins/org.eclipse.jdt.core_3.8.2.dist.jar:/usr/lib/ec
lipse/plugins/org.eclipse.core.runtime_3.8.0.dist.jar:/usr/lib/eclipse/plugins/
org.eclipse.osgi_3.8.1.dist.jar:/usr/lib/eclipse/plugins/org.eclipse.core.resou
rces_3.8.1.dist.jar:/usr/lib/eclipse/plugins/org.eclipse.equinox.common_3.6.100
.dist.jar:/usr/lib/eclipse/plugins/org.eclipse.core.jobs_3.5.200.dist.jar:/usr/
lib/eclipse/plugins/org.eclipse.core.contenttype_3.4.200.dist.jar:/usr/lib/ecli
pse/plugins/org.eclipse.equinox.preferences_3.5.0.dist.jar:/usr/lib/eclipse/plu
gins/org.eclipse.text_3.5.200.dist.jar:/usr/lib/eclipse/plugins/org.eclipse.ui.
workbench_3.8.1.dist.jar:/usr/lib/eclipse/plugins/org.eclipse.jface_3.8.0.dist.
jar:/usr/lib/eclipse/plugins/org.eclipse.swt_3.8.2.jar:/usr/lib/eclipse/plugins
/org.eclipse.jface.text_3.8.1.dist.jar:/usr/lib/eclipse/plugins/org.eclipse.ui.
workbench.texteditor_3.8.0.dist.jar:/usr/lib/eclipse/plugins/org.eclipse.ui.edi
tors_3.8.0.dist.jar:/usr/lib/eclipse/plugins/org.eclipse.core.commands_3.6.1.di
st.jar:/usr/lib/eclipse/plugins/org.eclipse.equinox.registry_3.5.200.dist.jar:/
usr/lib/eclipse/plugins/org.eclipse.ui.console_3.5.100.dist.jar:/usr/lib/eclips
e/plugins/org.eclipse.ui.forms_3.5.200.dist.jar:/usr/lib/eclipse/plugins/org.ec
lipse.ui.ide_3.8.1.dist.jar:/home/travis/build/icyphy/ptII/vendors/oracle/dbxml
.jar:/home/travis/build/icyphy/ptII/vendors/oracle/db.jar:/home/travis/build/ic
yphy/ptII/vendors/misc/itext/iText.jar:/home/travis/build/icyphy/ptII/lib/g4ltl
.jar:/home/travis/build/icyphy/ptII/lib/StructuralCoder.jar:/home/travis/build/
icyphy/ptII/lib/org-openide-util.jar:/home/travis/build/icyphy/ptII/lib/org-ope
nide-util-lookup.jar:/home/travis/build/icyphy/ptII/lib/org-netbeans-api-visual
.jar:/home/travis/build/icyphy/ptII/vendors/jai-1_1_2_01/lib/jai_core.jar:/home
/travis/build/icyphy/ptII/vendors/jai-1_1_2_01/lib/jai_codec.jar:/home/travis/b
uild/icyphy/ptII/lib/jcerti.jar:/home/travis/build/icyphy/ptII/lib/smack.jar:/h
ome/travis/build/icyphy/ptII/lib/smackx.jar:/home/travis/build/icyphy/ptII/lib/
jetty-all-8.1.5-v20120716.jar:/home/travis/build/icyphy/ptII/lib/javax.servlet-
api-3.0.1.jar:/home/travis/build/icyphy/ptII/lib/javax.mail.jar:/home/travis/bu
ild/icyphy/ptII/vendors/JMF-2.1.1e/lib/jmf.jar:/home/travis/build/icyphy/ptII/l
ib/jna-4.0.0-variadic.jar:/home/travis/build/icyphy/ptII/vendors/misc/joystick/
Joystick.jar:/home/travis/build/icyphy/ptII/lib/ptjacl.jar:/home/travis/build/i
cyphy/ptII/lib/jsoup-1.8.2.jar:/home/travis/build/icyphy/ptII/lib/junit-4.8.2.j
ar:/home/travis/build/icyphy/ptII/lib/JUnitParams-0.4.0.jar:/home/travis/build/
icyphy/ptII/ptolemy/actor/lib/excel/jxl.jar:/home/travis/build/icyphy/ptII/lib/
jython.jar:/home/travis/build/icyphy/ptII/lib/kieler.jar:/home/travis/build/icy
phy/ptII/vendors/opencv/share/OpenCV/java/opencv-341.jar:/home/travis/build/icy
phy/ptII/lib/oscP5.jar:/home/travis/build/icyphy/ptII/lib/nrjavaserial-3.11.0.d
evel.jar:/home/travis/build/icyphy/ptII/vendors/j3d/lib/j3dcore.jar:/home/travi
s/build/icyphy/ptII/vendors/j3d/lib/j3dutils.jar:/home/travis/build/icyphy/ptII
/vendors/j3d/lib/vecmath.jar:/home/travis/build/icyphy/ptII/ptolemy/distributed
/jini/jar/jini-core.jar:/home/travis/build/icyphy/ptII/ptolemy/distributed/jini
/jar/jini-ext.jar:/home/travis/build/icyphy/ptII/ptolemy/distributed/jini/jar/s
un-util.jar:/home/travis/build/icyphy/ptII/lib/protobuf-java-2.4.1.jar:/home/tr
avis/build/icyphy/ptII/lib/org.eclipse.paho.client.mqttv3.jar:/home/travis/buil
d/icyphy/ptII/ptserver/lib/hessian-4.0.7.jar:/home/travis/build/icyphy/ptII/pts
erver/lib/wmqtt.jar:/home/travis/build/icyphy/ptII/lib/mapss.jar:/home/travis/b
uild/icyphy/ptII/ptolemy/actor/ptalon/antlr/antlr.jar:/home/travis/build/icyphy
/ptII/lib/JRI.jar:/home/travis/build/icyphy/ptII/lib/commons-lang-2.6.jar:/home
/travis/build/icyphy/ptII/lib/commons-logging-1.1.1.jar:/home/travis/build/icyp
hy/ptII/lib/sootclasses.jar:/home/travis/build/icyphy/ptII/ptolemy/actor/lib/da
tabase/mysql-connector-java-5.1.6-bin.jar:/home/travis/build/icyphy/ptII/vendor
s/misc/sphinx4/sphinx4-data-5prealpha.jar:/home/travis/build/icyphy/ptII/vendor
s/misc/sphinx4/sphinx4-core-5prealpha.jar:/home/travis/build/icyphy/ptII/lib/PD
FRenderer.jar:/home/travis/build/icyphy/ptII/lib/svgSalamander.jar:/home/travis
/build/icyphy/ptII/lib/rsyntaxtextarea-2.6.0-SNAPSHOT.jar:/home/travis/build/ic
yphy/ptII/lib/hazelcast-3.8.2.jar:/home/travis/build/icyphy/ptII/lib/jackson-an
notations-2.9.0.jar:/home/travis/build/icyphy/ptII/lib/jackson-core-2.9.3.jar:/
home/travis/build/icyphy/ptII/lib/jackson-databind-2.9.3.jar:/home/travis/build
/icyphy/ptII/lib/netty-buffer-4.1.19.Final.jar:/home/travis/build/icyphy/ptII/l
ib/netty-codec-4.1.19.Final.jar:/home/travis/build/icyphy/ptII/lib/netty-codec-
dns-4.1.19.Final.jar:/home/travis/build/icyphy/ptII/lib/netty-codec-http-4.1.19
.Final.jar:/home/travis/build/icyphy/ptII/lib/netty-codec-http2-4.1.19.Final.ja
r:/home/travis/build/icyphy/ptII/lib/netty-common-4.1.19.Final.jar:/home/travis
/build/icyphy/ptII/lib/netty-handler-4.1.19.Final.jar:/home/travis/build/icyphy
/ptII/lib/netty-resolver-4.1.19.Final.jar:/home/travis/build/icyphy/ptII/lib/ne
tty-resolver-dns-4.1.19.Final.jar:/home/travis/build/icyphy/ptII/lib/netty-tran
sport-4.1.19.Final.jar:/home/travis/build/icyphy/ptII/lib/vertx-codegen-3.5.1.j
ar:/home/travis/build/icyphy/ptII/lib/vertx-core-3.5.2-SNAPSHOT.jar:/home/travi
s/build/icyphy/ptII/lib/vertx-hazelcast-3.5.1.jar:/home/travis/build/icyphy/ptI
I/lib/vertx-lang-js-3.5.1.jar:/home/travis/build/icyphy/ptII/lib/vertx-service-
proxy-3.5.1.jar:/home/travis/build/icyphy/ptII/lib/vertx-web-3.5.1.jar:/home/tr
avis/build/icyphy/ptII/lib/slf4j-api-1.7.13.jar:/home/travis/build/icyphy/ptII/
lib/slf4j-simple-1.7.13.jar:/home/travis/build/icyphy/ptII/lib/webcam-capture-0
.3.12.jar:/home/travis/build/icyphy/ptII/lib/bridj-0.7.0.jar:/home/travis/build
/icyphy/ptII/lib/xbjlib-1.1.0.nrjavaserial.jar:/home/travis/build/icyphy/ptII/p
tolemy/moml/test:/home/travis/build/icyphy/ptII/ant/lib/ant-launcher.jar:/home/
travis/build/icyphy/ptII/ant/lib/ant.jar:/home/travis/build/icyphy/ptII/ant/lib
/ant-junit.jar:/home/travis/build/icyphy/ptII/ant/lib/ant-junit4.jar:/home/trav
is/build/icyphy/ptII ModularCodeGenPubSub3_A1_profile.java
warning: Supported source version 'RELEASE_6' from annotation processor 'org.netbeans.modules.openide.util.NbBundleProcessor' less than -source '1.8'
warning: Supported source version 'RELEASE_6' from annotation processor 'org.netbeans.modules.openide.util.URLStreamHandlerRegistrationProcessor' less than -source '1.8'
warning: Supported source version 'RELEASE_6' from annotation processor 'org.netbeans.modules.openide.util.ServiceProviderProcessor' less than -source '1.8'
3 warnings
All Done
Writing ModularCodeGenPubSub3_A1.java in file:/home/travis/cg/ (10100 characters)
Reading "ptolemy/cg/kernel/generic/program/procedural/java/modular/makefile.in",
    writing "/home/travis/cg/ModularCodeGenPubSub3_A1.mk"
Using ptolemy/cg/kernel/generic/program/procedural/java/modular/makefile.in
In "/home/travis/cg", about to execute:
    make -f ModularCodeGenPubSub3_A1.mk
javac -classpath ".:.."    ModularCodeGenPubSub3_A1.java
All Done
4491 ms. Memory: 107520K Free: 56365K (52%)
----------------- Invoking toplevel() on ptolemy.moml.MoMLSimpleApplication@4c8e289e
----------------- Done invoking toplevel() on ptolemy.moml.MoMLSimpleApplication@4c8e289e
reloadAllAccessors: .ModularCodeGenPubSub3

===========================================================================================
----------------- testing Fri Jan 18 03:26:51 UTC 2019 /home/travis/build/icyphy/ptII/ptolemy/cg/lib/test/auto/ModularCodeGenPubSub4.xml
----------------- Instantiating /home/travis/build/icyphy/ptII/ptolemy/cg/lib/test/auto/ModularCodeGenPubSub4.xml
In "/home/travis/cg", about to execute:
    pwd
In "/home/travis/cg", about to execute:
    ls -l
/home/travis/cg
In "/home/travis/cg", about to execute:
    javac -classpath
.:/home/travis/build/icyphy/ptII:/home/travis/build/icyphy/ptII/lib/bsh-2.0b4.j
ar:/home/travis/build/icyphy/ptII/lib/ptCal.jar:/home/travis/build/icyphy/ptII/
lib/java_cup.jar:/home/travis/build/icyphy/ptII/lib/saxon8.jar:/home/travis/bui
ld/icyphy/ptII/lib/saxon8-dom.jar:/home/travis/build/icyphy/ptII/lib/chic.jar:/
home/travis/build/icyphy/ptII/lib/ptcolt.jar:/usr/lib/jvm/java-8-oracle/lib/too
ls.jar:/usr/lib/eclipse/plugins/org.eclipse.jdt.core_3.8.2.dist.jar:/usr/lib/ec
lipse/plugins/org.eclipse.core.runtime_3.8.0.dist.jar:/usr/lib/eclipse/plugins/
org.eclipse.osgi_3.8.1.dist.jar:/usr/lib/eclipse/plugins/org.eclipse.core.resou
rces_3.8.1.dist.jar:/usr/lib/eclipse/plugins/org.eclipse.equinox.common_3.6.100
.dist.jar:/usr/lib/eclipse/plugins/org.eclipse.core.jobs_3.5.200.dist.jar:/usr/
lib/eclipse/plugins/org.eclipse.core.contenttype_3.4.200.dist.jar:/usr/lib/ecli
pse/plugins/org.eclipse.equinox.preferences_3.5.0.dist.jar:/usr/lib/eclipse/plu
gins/org.eclipse.text_3.5.200.dist.jar:/usr/lib/eclipse/plugins/org.eclipse.ui.
workbench_3.8.1.dist.jar:/usr/lib/eclipse/plugins/org.eclipse.jface_3.8.0.dist.
jar:/usr/lib/eclipse/plugins/org.eclipse.swt_3.8.2.jar:/usr/lib/eclipse/plugins
/org.eclipse.jface.text_3.8.1.dist.jar:/usr/lib/eclipse/plugins/org.eclipse.ui.
workbench.texteditor_3.8.0.dist.jar:/usr/lib/eclipse/plugins/org.eclipse.ui.edi
tors_3.8.0.dist.jar:/usr/lib/eclipse/plugins/org.eclipse.core.commands_3.6.1.di
st.jar:/usr/lib/eclipse/plugins/org.eclipse.equinox.registry_3.5.200.dist.jar:/
usr/lib/eclipse/plugins/org.eclipse.ui.console_3.5.100.dist.jar:/usr/lib/eclips
e/plugins/org.eclipse.ui.forms_3.5.200.dist.jar:/usr/lib/eclipse/plugins/org.ec
lipse.ui.ide_3.8.1.dist.jar:/home/travis/build/icyphy/ptII/vendors/oracle/dbxml
.jar:/home/travis/build/icyphy/ptII/vendors/oracle/db.jar:/home/travis/build/ic
yphy/ptII/vendors/misc/itext/iText.jar:/home/travis/build/icyphy/ptII/lib/g4ltl
.jar:/home/travis/build/icyphy/ptII/lib/StructuralCoder.jar:/home/travis/build/
icyphy/ptII/lib/org-openide-util.jar:/home/travis/build/icyphy/ptII/lib/org-ope
nide-util-lookup.jar:/home/travis/build/icyphy/ptII/lib/org-netbeans-api-visual
.jar:/home/travis/build/icyphy/ptII/vendors/jai-1_1_2_01/lib/jai_core.jar:/home
/travis/build/icyphy/ptII/vendors/jai-1_1_2_01/lib/jai_codec.jar:/home/travis/b
uild/icyphy/ptII/lib/jcerti.jar:/home/travis/build/icyphy/ptII/lib/smack.jar:/h
ome/travis/build/icyphy/ptII/lib/smackx.jar:/home/travis/build/icyphy/ptII/lib/
jetty-all-8.1.5-v20120716.jar:/home/travis/build/icyphy/ptII/lib/javax.servlet-
api-3.0.1.jar:/home/travis/build/icyphy/ptII/lib/javax.mail.jar:/home/travis/bu
ild/icyphy/ptII/vendors/JMF-2.1.1e/lib/jmf.jar:/home/travis/build/icyphy/ptII/l
ib/jna-4.0.0-variadic.jar:/home/travis/build/icyphy/ptII/vendors/misc/joystick/
Joystick.jar:/home/travis/build/icyphy/ptII/lib/ptjacl.jar:/home/travis/build/i
cyphy/ptII/lib/jsoup-1.8.2.jar:/home/travis/build/icyphy/ptII/lib/junit-4.8.2.j
ar:/home/travis/build/icyphy/ptII/lib/JUnitParams-0.4.0.jar:/home/travis/build/
icyphy/ptII/ptolemy/actor/lib/excel/jxl.jar:/home/travis/build/icyphy/ptII/lib/
jython.jar:/home/travis/build/icyphy/ptII/lib/kieler.jar:/home/travis/build/icy
phy/ptII/vendors/opencv/share/OpenCV/java/opencv-341.jar:/home/travis/build/icy
phy/ptII/lib/oscP5.jar:/home/travis/build/icyphy/ptII/lib/nrjavaserial-3.11.0.d
evel.jar:/home/travis/build/icyphy/ptII/vendors/j3d/lib/j3dcore.jar:/home/travi
s/build/icyphy/ptII/vendors/j3d/lib/j3dutils.jar:/home/travis/build/icyphy/ptII
/vendors/j3d/lib/vecmath.jar:/home/travis/build/icyphy/ptII/ptolemy/distributed
/jini/jar/jini-core.jar:/home/travis/build/icyphy/ptII/ptolemy/distributed/jini
/jar/jini-ext.jar:/home/travis/build/icyphy/ptII/ptolemy/distributed/jini/jar/s
un-util.jar:/home/travis/build/icyphy/ptII/lib/protobuf-java-2.4.1.jar:/home/tr
avis/build/icyphy/ptII/lib/org.eclipse.paho.client.mqttv3.jar:/home/travis/buil
d/icyphy/ptII/ptserver/lib/hessian-4.0.7.jar:/home/travis/build/icyphy/ptII/pts
erver/lib/wmqtt.jar:/home/travis/build/icyphy/ptII/lib/mapss.jar:/home/travis/b
uild/icyphy/ptII/ptolemy/actor/ptalon/antlr/antlr.jar:/home/travis/build/icyphy
/ptII/lib/JRI.jar:/home/travis/build/icyphy/ptII/lib/commons-lang-2.6.jar:/home
/travis/build/icyphy/ptII/lib/commons-logging-1.1.1.jar:/home/travis/build/icyp
hy/ptII/lib/sootclasses.jar:/home/travis/build/icyphy/ptII/ptolemy/actor/lib/da
tabase/mysql-connector-java-5.1.6-bin.jar:/home/travis/build/icyphy/ptII/vendor
s/misc/sphinx4/sphinx4-data-5prealpha.jar:/home/travis/build/icyphy/ptII/vendor
s/misc/sphinx4/sphinx4-core-5prealpha.jar:/home/travis/build/icyphy/ptII/lib/PD
FRenderer.jar:/home/travis/build/icyphy/ptII/lib/svgSalamander.jar:/home/travis
/build/icyphy/ptII/lib/rsyntaxtextarea-2.6.0-SNAPSHOT.jar:/home/travis/build/ic
yphy/ptII/lib/hazelcast-3.8.2.jar:/home/travis/build/icyphy/ptII/lib/jackson-an
notations-2.9.0.jar:/home/travis/build/icyphy/ptII/lib/jackson-core-2.9.3.jar:/
home/travis/build/icyphy/ptII/lib/jackson-databind-2.9.3.jar:/home/travis/build
/icyphy/ptII/lib/netty-buffer-4.1.19.Final.jar:/home/travis/build/icyphy/ptII/l
ib/netty-codec-4.1.19.Final.jar:/home/travis/build/icyphy/ptII/lib/netty-codec-
dns-4.1.19.Final.jar:/home/travis/build/icyphy/ptII/lib/netty-codec-http-4.1.19
.Final.jar:/home/travis/build/icyphy/ptII/lib/netty-codec-http2-4.1.19.Final.ja
r:/home/travis/build/icyphy/ptII/lib/netty-common-4.1.19.Final.jar:/home/travis
/build/icyphy/ptII/lib/netty-handler-4.1.19.Final.jar:/home/travis/build/icyphy
/ptII/lib/netty-resolver-4.1.19.Final.jar:/home/travis/build/icyphy/ptII/lib/ne
tty-resolver-dns-4.1.19.Final.jar:/home/travis/build/icyphy/ptII/lib/netty-tran
sport-4.1.19.Final.jar:/home/travis/build/icyphy/ptII/lib/vertx-codegen-3.5.1.j
ar:/home/travis/build/icyphy/ptII/lib/vertx-core-3.5.2-SNAPSHOT.jar:/home/travi
s/build/icyphy/ptII/lib/vertx-hazelcast-3.5.1.jar:/home/travis/build/icyphy/ptI
I/lib/vertx-lang-js-3.5.1.jar:/home/travis/build/icyphy/ptII/lib/vertx-service-
proxy-3.5.1.jar:/home/travis/build/icyphy/ptII/lib/vertx-web-3.5.1.jar:/home/tr
avis/build/icyphy/ptII/lib/slf4j-api-1.7.13.jar:/home/travis/build/icyphy/ptII/
lib/slf4j-simple-1.7.13.jar:/home/travis/build/icyphy/ptII/lib/webcam-capture-0
.3.12.jar:/home/travis/build/icyphy/ptII/lib/bridj-0.7.0.jar:/home/travis/build
/icyphy/ptII/lib/xbjlib-1.1.0.nrjavaserial.jar:/home/travis/build/icyphy/ptII/p
tolemy/moml/test:/home/travis/build/icyphy/ptII/ant/lib/ant-launcher.jar:/home/
travis/build/icyphy/ptII/ant/lib/ant.jar:/home/travis/build/icyphy/ptII/ant/lib
/ant-junit.jar:/home/travis/build/icyphy/ptII/ant/lib/ant-junit4.jar:/home/trav
is/build/icyphy/ptII ModularCodeGenPubSub4_A1_A_profile.java
total 2152
drwxrwxr-x   3 travis travis 12288 Jan 18 03:20 AbsoluteValue
-rw-rw-r--   1 travis travis   233 Jan 18 03:26 Array.class
-rw-rw-r--   1 travis travis   459 Jan 18 03:26 Array.java
drwxrwxr-x   3 travis travis 16384 Jan 18 03:20 Case1
drwxrwxr-x   3 travis travis 32768 Jan 18 03:20 Case2
-rw-rw-r--   1 travis travis  4895 Jan 18 03:25 CompiledCompositeActor_CompiledCompositeActor.class
-rw-rw-r--   1 travis travis  1592 Jan 18 03:25 CompiledCompositeActor_CompiledCompositeActor$_CompiledCompositeActor_CompiledCompositeActor.class
-rw-rw-r--   1 travis travis 13466 Jan 18 03:25 CompiledCompositeActor_CompiledCompositeActor.java
-rw-rw-r--   1 travis travis  1593 Jan 18 03:25 CompiledCompositeActor_CompiledCompositeActor.mk
drwxrwxr-x   3 travis travis 24576 Jan 18 03:23 DeScrambler
drwxrwxr-x   3 travis travis 16384 Jan 18 03:24 DotProduct
drwxrwxr-x   3 travis travis 12288 Jan 18 03:21 FileWriter1
drwxrwxr-x   3 travis travis 20480 Jan 18 03:20 FixToDoubleAndBack
drwxrwxr-x   3 travis travis 16384 Jan 18 03:21 Gaussian1
drwxrwxr-x   3 travis travis 20480 Jan 18 03:21 Gaussian2
-rw-rw-r--   1 travis travis  4457 Jan 18 03:25 JavaCompiledCompositeTest1_CompiledCompositeActor.class
-rw-rw-r--   1 travis travis 11637 Jan 18 03:25 JavaCompiledCompositeTest1_CompiledCompositeActor.java
-rw-rw-r--   1 travis travis  1198 Jan 18 03:25 JavaCompiledCompositeTest1_CompiledCompositeActor$_JavaCompiledCompositeTest1_CompiledCompositeActor.class
-rw-rw-r--   1 travis travis  1625 Jan 18 03:25 JavaCompiledCompositeTest1_CompiledCompositeActor.mk
-rw-rw-r--   1 travis travis  4888 Jan 18 03:25 JavaCompiledCompositeTest2_CompiledCompositeActor.class
-rw-rw-r--   1 travis travis 14919 Jan 18 03:25 JavaCompiledCompositeTest2_CompiledCompositeActor.java
-rw-rw-r--   1 travis travis  1793 Jan 18 03:25 JavaCompiledCompositeTest2_CompiledCompositeActor$_JavaCompiledCompositeTest2_CompiledCompositeActor.class
-rw-rw-r--   1 travis travis  1625 Jan 18 03:25 JavaCompiledCompositeTest2_CompiledCompositeActor.mk
-rw-rw-r--   1 travis travis  4505 Jan 18 03:25 JavaCompiledCompositeTest3_CompiledCompositeActor.class
-rw-rw-r--   1 travis travis 13080 Jan 18 03:25 JavaCompiledCompositeTest3_CompiledCompositeActor.java
-rw-rw-r--   1 travis travis  1378 Jan 18 03:25 JavaCompiledCompositeTest3_CompiledCompositeActor$_JavaCompiledCompositeTest3_CompiledCompositeActor.class
-rw-rw-r--   1 travis travis  1625 Jan 18 03:25 JavaCompiledCompositeTest3_CompiledCompositeActor.mk
-rw-rw-r--   1 travis travis  3953 Jan 18 03:25 JavaCompiledCompositeTest4_CompiledCompositeActor.class
-rw-rw-r--   1 travis travis  9687 Jan 18 03:25 JavaCompiledCompositeTest4_CompiledCompositeActor.java
-rw-rw-r--   1 travis travis   857 Jan 18 03:25 JavaCompiledCompositeTest4_CompiledCompositeActor$_JavaCompiledCompositeTest4_CompiledCompositeActor.class
-rw-rw-r--   1 travis travis  1625 Jan 18 03:25 JavaCompiledCompositeTest4_CompiledCompositeActor.mk
drwxrwxr-x   3 travis travis 12288 Jan 18 03:21 LookupTable
drwxrwxr-x   3 travis travis 20480 Jan 18 03:21 MaxIndex
-rw-rw-r--   1 travis travis  3693 Jan 18 03:25 ModularCG_A1_B1.class
-rw-rw-r--   1 travis travis  9730 Jan 18 03:25 ModularCG_A1_B1.java
-rw-rw-r--   1 travis travis   832 Jan 18 03:25 ModularCG_A1_B1.mk
-rw-rw-r--   1 travis travis  1318 Jan 18 03:25 ModularCG_A1_B1_profile.class
-rw-rw-r--   1 travis travis  1262 Jan 18 03:25 ModularCG_A1_B1_profile.java
-rw-rw-r--   1 travis travis  3693 Jan 18 03:25 ModularCG_A1_B2.class
-rw-rw-r--   1 travis travis  9730 Jan 18 03:25 ModularCG_A1_B2.java
-rw-rw-r--   1 travis travis   832 Jan 18 03:25 ModularCG_A1_B2.mk
-rw-rw-r--   1 travis travis  1318 Jan 18 03:25 ModularCG_A1_B2_profile.class
-rw-rw-r--   1 travis travis  1262 Jan 18 03:25 ModularCG_A1_B2_profile.java
-rw-rw-r--   1 travis travis  4799 Jan 18 03:25 ModularCG_A1.class
-rw-rw-r--   1 travis travis 14742 Jan 18 03:25 ModularCG_A1.java
-rw-rw-r--   1 travis travis   808 Jan 18 03:25 ModularCG_A1.mk
-rw-rw-r--   1 travis travis  1433 Jan 18 03:25 ModularCG_A1_profile.class
-rw-rw-r--   1 travis travis  1704 Jan 18 03:25 ModularCG_A1_profile.java
-rw-rw-r--   1 travis travis  3827 Jan 18 03:25 ModularCG_A2_B1.class
-rw-rw-r--   1 travis travis 10667 Jan 18 03:25 ModularCG_A2_B1.java
-rw-rw-r--   1 travis travis   832 Jan 18 03:25 ModularCG_A2_B1.mk
-rw-rw-r--   1 travis travis  1381 Jan 18 03:25 ModularCG_A2_B1_profile.class
-rw-rw-r--   1 travis travis  1446 Jan 18 03:25 ModularCG_A2_B1_profile.java
-rw-rw-r--   1 travis travis  3693 Jan 18 03:25 ModularCG_A2_B2.class
-rw-rw-r--   1 travis travis  9730 Jan 18 03:25 ModularCG_A2_B2.java
-rw-rw-r--   1 travis travis   832 Jan 18 03:25 ModularCG_A2_B2.mk
-rw-rw-r--   1 travis travis  1318 Jan 18 03:25 ModularCG_A2_B2_profile.class
-rw-rw-r--   1 travis travis  1262 Jan 18 03:25 ModularCG_A2_B2_profile.java
-rw-rw-r--   1 travis travis  4870 Jan 18 03:25 ModularCG_A2.class
-rw-rw-r--   1 travis travis 15129 Jan 18 03:25 ModularCG_A2.java
-rw-rw-r--   1 travis travis   808 Jan 18 03:25 ModularCG_A2.mk
-rw-rw-r--   1 travis travis  1433 Jan 18 03:25 ModularCG_A2_profile.class
-rw-rw-r--   1 travis travis  1704 Jan 18 03:25 ModularCG_A2_profile.java
-rw-rw-r--   1 travis travis  3473 Jan 18 03:25 ModularCGPubSub_A1_A2.class
-rw-rw-r--   1 travis travis  9076 Jan 18 03:25 ModularCGPubSub_A1_A2.java
-rw-rw-r--   1 travis travis   880 Jan 18 03:25 ModularCGPubSub_A1_A2.mk
-rw-rw-r--   1 travis travis  1300 Jan 18 03:25 ModularCGPubSub_A1_A2_profile.class
-rw-rw-r--   1 travis travis  1222 Jan 18 03:25 ModularCGPubSub_A1_A2_profile.java
-rw-rw-r--   1 travis travis  3790 Jan 18 03:25 ModularCGPubSub_A1.class
-rw-rw-r--   1 travis travis  9836 Jan 18 03:25 ModularCGPubSub_A1.java
-rw-rw-r--   1 travis travis   856 Jan 18 03:25 ModularCGPubSub_A1.mk
-rw-rw-r--   1 travis travis  1346 Jan 18 03:25 ModularCGPubSub_A1_profile.class
-rw-rw-r--   1 travis travis  1388 Jan 18 03:25 ModularCGPubSub_A1_profile.java
-rw-rw-r--   1 travis travis  3988 Jan 18 03:25 ModularCodeGen2_ModularCodeGenTypedCompositeActor.class
-rw-rw-r--   1 travis travis 11690 Jan 18 03:25 ModularCodeGen2_ModularCodeGenTypedCompositeActor.java
-rw-rw-r--   1 travis travis  1104 Jan 18 03:25 ModularCodeGen2_ModularCodeGenTypedCompositeActor.mk
-rw-rw-r--   1 travis travis  4272 Jan 18 03:25 ModularCodeGen2_ModularCodeGenTypedCompositeActor_ModularCodeGenTypedCompositeActor.class
-rw-rw-r--   1 travis travis 11790 Jan 18 03:25 ModularCodeGen2_ModularCodeGenTypedCompositeActor_ModularCodeGenTypedCompositeActor.java
-rw-rw-r--   1 travis travis  1376 Jan 18 03:25 ModularCodeGen2_ModularCodeGenTypedCompositeActor_ModularCodeGenTypedCompositeActor.mk
-rw-rw-r--   1 travis travis  1421 Jan 18 03:25 ModularCodeGen2_ModularCodeGenTypedCompositeActor_ModularCodeGenTypedCompositeActor_profile.class
-rw-rw-r--   1 travis travis  1294 Jan 18 03:25 ModularCodeGen2_ModularCodeGenTypedCompositeActor_ModularCodeGenTypedCompositeActor_profile.java
-rw-rw-r--   1 travis travis   820 Jan 18 03:25 ModularCodeGen2_ModularCodeGenTypedCompositeActor_profile.class
-rw-rw-r--   1 travis travis   693 Jan 18 03:25 ModularCodeGen2_ModularCodeGenTypedCompositeActor_profile.java
-rw-rw-r--   1 travis travis  3741 Jan 18 03:25 ModularCodeGen3_A1_B1.class
-rw-rw-r--   1 travis travis  9958 Jan 18 03:25 ModularCodeGen3_A1_B1.java
-rw-rw-r--   1 travis travis   880 Jan 18 03:25 ModularCodeGen3_A1_B1.mk
-rw-rw-r--   1 travis travis  1330 Jan 18 03:25 ModularCodeGen3_A1_B1_profile.class
-rw-rw-r--   1 travis travis  1274 Jan 18 03:25 ModularCodeGen3_A1_B1_profile.java
-rw-rw-r--   1 travis travis  3741 Jan 18 03:25 ModularCodeGen3_A1_B2.class
-rw-rw-r--   1 travis travis  9958 Jan 18 03:25 ModularCodeGen3_A1_B2.java
-rw-rw-r--   1 travis travis   880 Jan 18 03:25 ModularCodeGen3_A1_B2.mk
-rw-rw-r--   1 travis travis  1330 Jan 18 03:25 ModularCodeGen3_A1_B2_profile.class
-rw-rw-r--   1 travis travis  1274 Jan 18 03:25 ModularCodeGen3_A1_B2_profile.java
-rw-rw-r--   1 travis travis  4961 Jan 18 03:26 ModularCodeGen3_A1.class
-rw-rw-r--   1 travis travis 15564 Jan 18 03:26 ModularCodeGen3_A1.java
-rw-rw-r--   1 travis travis   856 Jan 18 03:26 ModularCodeGen3_A1.mk
-rw-rw-r--   1 travis travis  1445 Jan 18 03:26 ModularCodeGen3_A1_profile.class
-rw-rw-r--   1 travis travis  1716 Jan 18 03:25 ModularCodeGen3_A1_profile.java
-rw-rw-r--   1 travis travis  3887 Jan 18 03:26 ModularCodeGen3_A2_B1.class
-rw-rw-r--   1 travis travis 10955 Jan 18 03:26 ModularCodeGen3_A2_B1.java
-rw-rw-r--   1 travis travis   880 Jan 18 03:26 ModularCodeGen3_A2_B1.mk
-rw-rw-r--   1 travis travis  1393 Jan 18 03:26 ModularCodeGen3_A2_B1_profile.class
-rw-rw-r--   1 travis travis  1458 Jan 18 03:26 ModularCodeGen3_A2_B1_profile.java
-rw-rw-r--   1 travis travis  3741 Jan 18 03:26 ModularCodeGen3_A2_B2.class
-rw-rw-r--   1 travis travis  9958 Jan 18 03:26 ModularCodeGen3_A2_B2.java
-rw-rw-r--   1 travis travis   880 Jan 18 03:26 ModularCodeGen3_A2_B2.mk
-rw-rw-r--   1 travis travis  1330 Jan 18 03:26 ModularCodeGen3_A2_B2_profile.class
-rw-rw-r--   1 travis travis  1274 Jan 18 03:26 ModularCodeGen3_A2_B2_profile.java
-rw-rw-r--   1 travis travis  5038 Jan 18 03:26 ModularCodeGen3_A2.class
-rw-rw-r--   1 travis travis 15957 Jan 18 03:26 ModularCodeGen3_A2.java
-rw-rw-r--   1 travis travis   856 Jan 18 03:26 ModularCodeGen3_A2.mk
-rw-rw-r--   1 travis travis  1445 Jan 18 03:26 ModularCodeGen3_A2_profile.class
-rw-rw-r--   1 travis travis  1716 Jan 18 03:26 ModularCodeGen3_A2_profile.java
-rw-rw-r--   1 travis travis  3794 Jan 18 03:26 ModularCodeGen4_A1_B1.class
-rw-rw-r--   1 travis travis 10312 Jan 18 03:26 ModularCodeGen4_A1_B1.java
-rw-rw-r--   1 travis travis   880 Jan 18 03:26 ModularCodeGen4_A1_B1.mk
-rw-rw-r--   1 travis travis  1330 Jan 18 03:26 ModularCodeGen4_A1_B1_profile.class
-rw-rw-r--   1 travis travis  1273 Jan 18 03:26 ModularCodeGen4_A1_B1_profile.java
-rw-rw-r--   1 travis travis  3794 Jan 18 03:26 ModularCodeGen4_A1_B2.class
-rw-rw-r--   1 travis travis 10312 Jan 18 03:26 ModularCodeGen4_A1_B2.java
-rw-rw-r--   1 travis travis   880 Jan 18 03:26 ModularCodeGen4_A1_B2.mk
-rw-rw-r--   1 travis travis  1330 Jan 18 03:26 ModularCodeGen4_A1_B2_profile.class
-rw-rw-r--   1 travis travis  1273 Jan 18 03:26 ModularCodeGen4_A1_B2_profile.java
-rw-rw-r--   1 travis travis  5101 Jan 18 03:26 ModularCodeGen4_A1.class
-rw-rw-r--   1 travis travis 16245 Jan 18 03:26 ModularCodeGen4_A1.java
-rw-rw-r--   1 travis travis   856 Jan 18 03:26 ModularCodeGen4_A1.mk
-rw-rw-r--   1 travis travis  1445 Jan 18 03:26 ModularCodeGen4_A1_profile.class
-rw-rw-r--   1 travis travis  1712 Jan 18 03:26 ModularCodeGen4_A1_profile.java
-rw-rw-r--   1 travis travis  3988 Jan 18 03:26 ModularCodeGen4_A2_B1.class
-rw-rw-r--   1 travis travis 11375 Jan 18 03:26 ModularCodeGen4_A2_B1.java
-rw-rw-r--   1 travis travis   880 Jan 18 03:26 ModularCodeGen4_A2_B1.mk
-rw-rw-r--   1 travis travis  1393 Jan 18 03:26 ModularCodeGen4_A2_B1_profile.class
-rw-rw-r--   1 travis travis  1454 Jan 18 03:26 ModularCodeGen4_A2_B1_profile.java
-rw-rw-r--   1 travis travis  3842 Jan 18 03:26 ModularCodeGen4_A2_B2.class
-rw-rw-r--   1 travis travis 10378 Jan 18 03:26 ModularCodeGen4_A2_B2.java
-rw-rw-r--   1 travis travis   880 Jan 18 03:26 ModularCodeGen4_A2_B2.mk
-rw-rw-r--   1 travis travis  1330 Jan 18 03:26 ModularCodeGen4_A2_B2_profile.class
-rw-rw-r--   1 travis travis  1270 Jan 18 03:26 ModularCodeGen4_A2_B2_profile.java
-rw-rw-r--   1 travis travis  5274 Jan 18 03:26 ModularCodeGen4_A2.class
-rw-rw-r--   1 travis travis 16770 Jan 18 03:26 ModularCodeGen4_A2.java
-rw-rw-r--   1 travis travis   856 Jan 18 03:26 ModularCodeGen4_A2.mk
-rw-rw-r--   1 travis travis  1445 Jan 18 03:26 ModularCodeGen4_A2_profile.class
-rw-rw-r--   1 travis travis  1712 Jan 18 03:26 ModularCodeGen4_A2_profile.java
-rw-rw-r--   1 travis travis  6838 Jan 18 03:26 ModularCodeGen5_A_A.class
-rw-rw-r--   1 travis travis 28721 Jan 18 03:26 ModularCodeGen5_A_A.java
-rw-rw-r--   1 travis travis   864 Jan 18 03:26 ModularCodeGen5_A_A.mk
-rw-rw-r--   1 travis travis  1520 Jan 18 03:26 ModularCodeGen5_A_A_profile.class
-rw-rw-r--   1 travis travis  1815 Jan 18 03:26 ModularCodeGen5_A_A_profile.java
-rw-rw-r--   1 travis travis  5115 Jan 18 03:26 ModularCodeGen5_A.class
-rw-rw-r--   1 travis travis 13769 Jan 18 03:26 ModularCodeGen5_A.java
-rw-rw-r--   1 travis travis   848 Jan 18 03:26 ModularCodeGen5_A.mk
-rw-rw-r--   1 travis travis  1422 Jan 18 03:26 ModularCodeGen5_A_profile.class
-rw-rw-r--   1 travis travis  1605 Jan 18 03:26 ModularCodeGen5_A_profile.java
-rw-rw-r--   1 travis travis  4125 Jan 18 03:26 ModularCodeGen6_A_A2.class
-rw-rw-r--   1 travis travis 11329 Jan 18 03:26 ModularCodeGen6_A_A2.java
-rw-rw-r--   1 travis travis   872 Jan 18 03:26 ModularCodeGen6_A_A2.mk
-rw-rw-r--   1 travis travis  1351 Jan 18 03:26 ModularCodeGen6_A_A2_profile.class
-rw-rw-r--   1 travis travis  1364 Jan 18 03:26 ModularCodeGen6_A_A2_profile.java
-rw-rw-r--   1 travis travis  4108 Jan 18 03:26 ModularCodeGen6_A_A.class
-rw-rw-r--   1 travis travis 11221 Jan 18 03:26 ModularCodeGen6_A_A.java
-rw-rw-r--   1 travis travis   864 Jan 18 03:26 ModularCodeGen6_A_A.mk
-rw-rw-r--   1 travis travis  1348 Jan 18 03:26 ModularCodeGen6_A_A_profile.class
-rw-rw-r--   1 travis travis  1361 Jan 18 03:26 ModularCodeGen6_A_A_profile.java
-rw-rw-r--   1 travis travis  7237 Jan 18 03:26 ModularCodeGen6_A.class
-rw-rw-r--   1 travis travis 26535 Jan 18 03:26 ModularCodeGen6_A.java
-rw-rw-r--   1 travis travis   848 Jan 18 03:26 ModularCodeGen6_A.mk
-rw-rw-r--   1 travis travis  1483 Jan 18 03:26 ModularCodeGen6_A_profile.class
-rw-rw-r--   1 travis travis  1810 Jan 18 03:26 ModularCodeGen6_A_profile.java
-rw-rw-r--   1 travis travis  9439 Jan 18 03:26 ModularCodeGenLazyPubSubGlobal_CompositeActor_ModularCodeGenTypedComposite.class
-rw-rw-r--   1 travis travis 30161 Jan 18 03:26 ModularCodeGenLazyPubSubGlobal_CompositeActor_ModularCodeGenTypedComposite.java
-rw-rw-r--   1 travis travis  1304 Jan 18 03:26 ModularCodeGenLazyPubSubGlobal_CompositeActor_ModularCodeGenTypedComposite.mk
-rw-rw-r--   1 travis travis  1438 Jan 18 03:26 ModularCodeGenLazyPubSubGlobal_CompositeActor_ModularCodeGenTypedComposite_profile.class
-rw-rw-r--   1 travis travis  1384 Jan 18 03:26 ModularCodeGenLazyPubSubGlobal_CompositeActor_ModularCodeGenTypedComposite_profile.java
-rw-rw-r--   1 travis travis  3952 Jan 18 03:26 ModularCodeGenLazyPubSub_LazyCompositeActor.class
-rw-rw-r--   1 travis travis 11122 Jan 18 03:26 ModularCodeGenLazyPubSub_LazyCompositeActor.java
-rw-rw-r--   1 travis travis  1056 Jan 18 03:26 ModularCodeGenLazyPubSub_LazyCompositeActor.mk
-rw-rw-r--   1 travis travis  1286 Jan 18 03:26 ModularCodeGenLazyPubSub_LazyCompositeActor_profile.class
-rw-rw-r--   1 travis travis  1091 Jan 18 03:26 ModularCodeGenLazyPubSub_LazyCompositeActor_profile.java
-rw-rw-r--   1 travis travis  3954 Jan 18 03:25 ModularCodeGen_ModularCodeGenTypedCompositeActor.class
-rw-rw-r--   1 travis travis 10970 Jan 18 03:25 ModularCodeGen_ModularCodeGenTypedCompositeActor.java
-rw-rw-r--   1 travis travis  1096 Jan 18 03:25 ModularCodeGen_ModularCodeGenTypedCompositeActor.mk
-rw-rw-r--   1 travis travis  1384 Jan 18 03:25 ModularCodeGen_ModularCodeGenTypedCompositeActor_profile.class
-rw-rw-r--   1 travis travis  1328 Jan 18 03:25 ModularCodeGen_ModularCodeGenTypedCompositeActor_profile.java
-rw-rw-r--   1 travis travis  3441 Jan 18 03:26 ModularCodeGenPubSub2_A1_A.class
-rw-rw-r--   1 travis travis  8578 Jan 18 03:26 ModularCodeGenPubSub2_A1_A.java
-rw-rw-r--   1 travis travis   920 Jan 18 03:26 ModularCodeGenPubSub2_A1_A.mk
-rw-rw-r--   1 travis travis  1274 Jan 18 03:26 ModularCodeGenPubSub2_A1_A_profile.class
-rw-rw-r--   1 travis travis  1128 Jan 18 03:26 ModularCodeGenPubSub2_A1_A_profile.java
-rw-rw-r--   1 travis travis  3733 Jan 18 03:26 ModularCodeGenPubSub2_A1.class
-rw-rw-r--   1 travis travis  9781 Jan 18 03:26 ModularCodeGenPubSub2_A1.java
-rw-rw-r--   1 travis travis   904 Jan 18 03:26 ModularCodeGenPubSub2_A1.mk
-rw-rw-r--   1 travis travis  1268 Jan 18 03:26 ModularCodeGenPubSub2_A1_profile.class
-rw-rw-r--   1 travis travis  1196 Jan 18 03:26 ModularCodeGenPubSub2_A1_profile.java
-rw-rw-r--   1 travis travis  3437 Jan 18 03:26 ModularCodeGenPubSub3_A1_A2.class
-rw-rw-r--   1 travis travis  8599 Jan 18 03:26 ModularCodeGenPubSub3_A1_A2.java
-rw-rw-r--   1 travis travis   928 Jan 18 03:26 ModularCodeGenPubSub3_A1_A2.mk
-rw-rw-r--   1 travis travis  1287 Jan 18 03:26 ModularCodeGenPubSub3_A1_A2_profile.class
-rw-rw-r--   1 travis travis  1132 Jan 18 03:26 ModularCodeGenPubSub3_A1_A2_profile.java
-rw-rw-r--   1 travis travis  3856 Jan 18 03:26 ModularCodeGenPubSub3_A1.class
-rw-rw-r--   1 travis travis 10100 Jan 18 03:26 ModularCodeGenPubSub3_A1.java
-rw-rw-r--   1 travis travis   904 Jan 18 03:26 ModularCodeGenPubSub3_A1.mk
-rw-rw-r--   1 travis travis  1358 Jan 18 03:26 ModularCodeGenPubSub3_A1_profile.class
-rw-rw-r--   1 travis travis  1400 Jan 18 03:26 ModularCodeGenPubSub3_A1_profile.java
-rw-rw-r--   1 travis travis  1128 Jan 18 03:26 ModularCodeGenPubSub4_A1_A_profile.java
-rw-rw-r--   1 travis travis  3475 Jan 18 03:26 ModularCodeGenPubSub_A1.class
-rw-rw-r--   1 travis travis  9060 Jan 18 03:26 ModularCodeGenPubSub_A1.java
-rw-rw-r--   1 travis travis   896 Jan 18 03:26 ModularCodeGenPubSub_A1.mk
-rw-rw-r--   1 travis travis  1278 Jan 18 03:26 ModularCodeGenPubSub_A1_profile.class
-rw-rw-r--   1 travis travis  1195 Jan 18 03:26 ModularCodeGenPubSub_A1_profile.java
-rw-rw-r--   1 travis travis  3492 Jan 18 03:25 ModularCodeGenTest_A1_A2.class
-rw-rw-r--   1 travis travis   904 Jan 18 03:25 ModularCodeGenTest_A1_A2.mk
-rw-rw-r--   1 travis travis  1306 Jan 18 03:25 ModularCodeGenTest_A1_A2_profile.class
-rw-rw-r--   1 travis travis  9968 Jan 18 03:25 ModularCodeGenTest_A1.java
-rw-rw-r--   1 travis travis   880 Jan 18 03:25 ModularCodeGenTest_A1.mk
drwxrwxr-x   3 travis travis 36864 Jan 18 03:25 modulation2
drwxrwxr-x   3 travis travis 20480 Jan 18 03:21 Multiplexor
drwxrwxr-x 249 travis travis 12288 Jan 18 03:25 node_modules
drwxrwxr-x   3 travis travis 20480 Jan 18 03:22 PhaseUnwrap
-rw-rw-r--   1 travis travis   520 Jan 18 03:25 Repeat$_fireFunction_Repeat_Repeat$__f_sL_0.class
-rw-rw-r--   1 travis travis   522 Jan 18 03:25 Repeat$_fireFunction_Repeat_Repeat$__f_sL_10.class
-rw-rw-r--   1 travis travis   666 Jan 18 03:25 Repeat$_fireFunction_Repeat_Repeat$__f_sL_11.class
-rw-rw-r--   1 travis travis   522 Jan 18 03:25 Repeat$_fireFunction_Repeat_Repeat$__f_sL_13.class
-rw-rw-r--   1 travis travis   665 Jan 18 03:25 Repeat$_fireFunction_Repeat_Repeat$__f_sL_1.class
-rw-rw-r--   1 travis travis   520 Jan 18 03:25 Repeat$_fireFunction_Repeat_Repeat$__f_sL_2.class
-rw-rw-r--   1 travis travis   520 Jan 18 03:25 Repeat$_fireFunction_Repeat_Repeat$__f_sL_3.class
-rw-rw-r--   1 travis travis   520 Jan 18 03:25 Repeat$_fireFunction_Repeat_Repeat$__f_sL_5.class
-rw-rw-r--   1 travis travis   671 Jan 18 03:25 Repeat$_fireFunction_Repeat_Repeat$__f_sL_7.class
-rw-rw-r--   1 travis travis   520 Jan 18 03:25 Repeat$_fireFunction_Repeat_Repeat$__f_sL_9.class
-rw-rw-r--   1 travis travis   813 Jan 18 03:25 Repeat$_initialize_Repeat.class
-rw-rw-r--   1 travis travis   475 Jan 18 03:25 Repeat$_initialize_Repeat$__i_sL_0.class
-rw-rw-r--   1 travis travis   519 Jan 18 03:25 Repeat$_initialize_Repeat$__i_sL_3.class
-rw-rw-r--   1 travis travis 39778 Jan 18 03:25 Repeat.java
-rw-rw-r--   1 travis travis  1281 Jan 18 03:25 Repeat.mk
-rw-rw-r--   1 travis travis   520 Jan 18 03:25 Repeat$_preinitializeMethod_Repeat$__p_sL_0.class
-rw-rw-r--   1 travis travis   520 Jan 18 03:25 Repeat$_preinitializeMethod_Repeat$__p_sL_1.class
-rw-rw-r--   1 travis travis  1083 Jan 18 03:25 Repeat$_Repeat$_fireFunction_Repeat_AddSubtract_Repeat.class
-rw-rw-r--   1 travis travis   791 Jan 18 03:25 Repeat$_Repeat$_fireFunction_Repeat_AddSubtract_Repeat$__f_sL_0.class
-rw-rw-r--   1 travis travis   909 Jan 18 03:25 Repeat$_Repeat$_fireFunction_Repeat_AddSubtract_Repeat$__f_sL_1.class
-rw-rw-r--   1 travis travis   915 Jan 18 03:25 Repeat$_Repeat$_fireFunction_Repeat_AddSubtract_Repeat$__f_sL_2.class
-rw-rw-r--   1 travis travis   838 Jan 18 03:25 Repeat$_Repeat$_fireFunction_Repeat_Ramp2_Repeat$__f_sL_1.class
-rw-rw-r--   1 travis travis  1785 Jan 18 03:25 Repeat$_Repeat$_fireFunction_Repeat_Test_Repeat$__f_sL_2.class
-rw-rw-r--   1 travis travis   685 Jan 18 03:25 Repeat$_Repeat_SDF_Director_run_Repeat$__R_sL_0.class
-rw-rw-r--   1 travis travis   540 Jan 18 03:25 Repeat$_Repeat_SDF_Director_run_Repeat$__R_sL_1.class
-rw-rw-r--   1 travis travis   540 Jan 18 03:25 Repeat$_Repeat_SDF_Director_run_Repeat$__R_sL_2.class
-rw-rw-r--   1 travis travis   540 Jan 18 03:25 Repeat$_Repeat_SDF_Director_run_Repeat$__R_sL_4.class
-rw-rw-r--   1 travis travis   540 Jan 18 03:25 Repeat$_Repeat_SDF_Director_run_Repeat$__R_sL_5.class
-rw-rw-r--   1 travis travis   691 Jan 18 03:25 Repeat$_Repeat_SDF_Director_run_Repeat$__R_sL_6.class
-rw-rw-r--   1 travis travis   540 Jan 18 03:25 Repeat$_Repeat_SDF_Director_run_Repeat$__R_sL_7.class
-rw-rw-r--   1 travis travis   863 Jan 18 03:25 Repeat$_varinit_Repeat.class
-rw-rw-r--   1 travis travis   530 Jan 18 03:25 Repeat$_varinit_Repeat$__v_sL_1.class
-rw-rw-r--   1 travis travis   531 Jan 18 03:25 Repeat$_varinit_Repeat$__v_sL_2.class
-rw-rw-r--   1 travis travis   905 Jan 18 03:25 Repeat$_varinit_Repeat$__v_sL_4.class
-rw-rw-r--   1 travis travis   635 Jan 18 03:25 Repeat$_wrapup_Repeat.class
-rw-rw-r--   1 travis travis   965 Jan 18 03:25 Repeat$_wrapup_Repeat$__w_sL_1.class
-rw-rw-r--   1 travis travis   289 Jan 18 03:19 result.csv
drwxrwxr-x   3 travis travis 12288 Jan 18 03:23 Scrambler1
drwxrwxr-x   3 travis travis 20480 Jan 18 03:22 Sinewave2
drwxrwxr-x   3 travis travis 69632 Jan 18 03:23 StringCompare
drwxrwxr-x   3 travis travis 32768 Jan 18 03:23 StringFunction
drwxrwxr-x   3 travis travis 12288 Jan 18 03:23 StringLength
drwxrwxr-x   3 travis travis 57344 Jan 18 03:24 StringSimpleReplace
drwxrwxr-x   3 travis travis 12288 Jan 18 03:24 time2
drwxrwxr-x   3 travis travis 12288 Jan 18 03:25 time5
-rw-rw-r--   1 travis travis   432 Jan 18 03:26 Token.class
-rw-rw-r--   1 travis travis   251 Jan 18 03:26 Token.java
-rw-rw-r--   1 travis travis     0 Jan 18 03:25 top.
-rw-rw-r--   1 travis travis 20502 Jan 18 03:19 top.c
-rw-rw-r--   1 travis travis  3567 Jan 18 03:25 top.class
-rw-rw-r--   1 travis travis   169 Jan 18 03:19 top.html
-rw-rw-r--   1 travis travis  7552 Jan 18 03:25 top.java
-rw-rw-r--   1 travis travis 38888 Jan 18 03:19 top.o
drwxrwxr-x   3 travis travis 57344 Jan 18 03:22 UnaryMathFunction
warning: Supported source version 'RELEASE_6' from annotation processor 'org.netbeans.modules.openide.util.NbBundleProcessor' less than -source '1.8'
warning: Supported source version 'RELEASE_6' from annotation processor 'org.netbeans.modules.openide.util.URLStreamHandlerRegistrationProcessor' less than -source '1.8'
warning: Supported source version 'RELEASE_6' from annotation processor 'org.netbeans.modules.openide.util.ServiceProviderProcessor' less than -source '1.8'
3 warnings
All Done
Writing ModularCodeGenPubSub4_A1_A.java in file:/home/travis/cg/ (8578 characters)
Reading "ptolemy/cg/kernel/generic/program/procedural/java/modular/makefile.in",
    writing "/home/travis/cg/ModularCodeGenPubSub4_A1_A.mk"
Using ptolemy/cg/kernel/generic/program/procedural/java/modular/makefile.in
In "/home/travis/cg", about to execute:
    make -f ModularCodeGenPubSub4_A1_A.mk
javac -classpath ".:.."    ModularCodeGenPubSub4_A1_A.java
All Done
In "/home/travis/cg", about to execute:
    pwd
/home/travis/cg
In "/home/travis/cg", about to execute:
    ls -l
In "/home/travis/cg", about to execute:
    javac -classpath
.:/home/travis/build/icyphy/ptII:/home/travis/build/icyphy/ptII/lib/bsh-2.0b4.j
ar:/home/travis/build/icyphy/ptII/lib/ptCal.jar:/home/travis/build/icyphy/ptII/
lib/java_cup.jar:/home/travis/build/icyphy/ptII/lib/saxon8.jar:/home/travis/bui
ld/icyphy/ptII/lib/saxon8-dom.jar:/home/travis/build/icyphy/ptII/lib/chic.jar:/
home/travis/build/icyphy/ptII/lib/ptcolt.jar:/usr/lib/jvm/java-8-oracle/lib/too
ls.jar:/usr/lib/eclipse/plugins/org.eclipse.jdt.core_3.8.2.dist.jar:/usr/lib/ec
lipse/plugins/org.eclipse.core.runtime_3.8.0.dist.jar:/usr/lib/eclipse/plugins/
org.eclipse.osgi_3.8.1.dist.jar:/usr/lib/eclipse/plugins/org.eclipse.core.resou
rces_3.8.1.dist.jar:/usr/lib/eclipse/plugins/org.eclipse.equinox.common_3.6.100
.dist.jar:/usr/lib/eclipse/plugins/org.eclipse.core.jobs_3.5.200.dist.jar:/usr/
lib/eclipse/plugins/org.eclipse.core.contenttype_3.4.200.dist.jar:/usr/lib/ecli
pse/plugins/org.eclipse.equinox.preferences_3.5.0.dist.jar:/usr/lib/eclipse/plu
gins/org.eclipse.text_3.5.200.dist.jar:/usr/lib/eclipse/plugins/org.eclipse.ui.
workbench_3.8.1.dist.jar:/usr/lib/eclipse/plugins/org.eclipse.jface_3.8.0.dist.
jar:/usr/lib/eclipse/plugins/org.eclipse.swt_3.8.2.jar:/usr/lib/eclipse/plugins
/org.eclipse.jface.text_3.8.1.dist.jar:/usr/lib/eclipse/plugins/org.eclipse.ui.
workbench.texteditor_3.8.0.dist.jar:/usr/lib/eclipse/plugins/org.eclipse.ui.edi
tors_3.8.0.dist.jar:/usr/lib/eclipse/plugins/org.eclipse.core.commands_3.6.1.di
st.jar:/usr/lib/eclipse/plugins/org.eclipse.equinox.registry_3.5.200.dist.jar:/
usr/lib/eclipse/plugins/org.eclipse.ui.console_3.5.100.dist.jar:/usr/lib/eclips
e/plugins/org.eclipse.ui.forms_3.5.200.dist.jar:/usr/lib/eclipse/plugins/org.ec
lipse.ui.ide_3.8.1.dist.jar:/home/travis/build/icyphy/ptII/vendors/oracle/dbxml
.jar:/home/travis/build/icyphy/ptII/vendors/oracle/db.jar:/home/travis/build/ic
yphy/ptII/vendors/misc/itext/iText.jar:/home/travis/build/icyphy/ptII/lib/g4ltl
.jar:/home/travis/build/icyphy/ptII/lib/StructuralCoder.jar:/home/travis/build/
icyphy/ptII/lib/org-openide-util.jar:/home/travis/build/icyphy/ptII/lib/org-ope
nide-util-lookup.jar:/home/travis/build/icyphy/ptII/lib/org-netbeans-api-visual
.jar:/home/travis/build/icyphy/ptII/vendors/jai-1_1_2_01/lib/jai_core.jar:/home
/travis/build/icyphy/ptII/vendors/jai-1_1_2_01/lib/jai_codec.jar:/home/travis/b
uild/icyphy/ptII/lib/jcerti.jar:/home/travis/build/icyphy/ptII/lib/smack.jar:/h
ome/travis/build/icyphy/ptII/lib/smackx.jar:/home/travis/build/icyphy/ptII/lib/
jetty-all-8.1.5-v20120716.jar:/home/travis/build/icyphy/ptII/lib/javax.servlet-
api-3.0.1.jar:/home/travis/build/icyphy/ptII/lib/javax.mail.jar:/home/travis/bu
ild/icyphy/ptII/vendors/JMF-2.1.1e/lib/jmf.jar:/home/travis/build/icyphy/ptII/l
ib/jna-4.0.0-variadic.jar:/home/travis/build/icyphy/ptII/vendors/misc/joystick/
Joystick.jar:/home/travis/build/icyphy/ptII/lib/ptjacl.jar:/home/travis/build/i
cyphy/ptII/lib/jsoup-1.8.2.jar:/home/travis/build/icyphy/ptII/lib/junit-4.8.2.j
ar:/home/travis/build/icyphy/ptII/lib/JUnitParams-0.4.0.jar:/home/travis/build/
icyphy/ptII/ptolemy/actor/lib/excel/jxl.jar:/home/travis/build/icyphy/ptII/lib/
jython.jar:/home/travis/build/icyphy/ptII/lib/kieler.jar:/home/travis/build/icy
phy/ptII/vendors/opencv/share/OpenCV/java/opencv-341.jar:/home/travis/build/icy
phy/ptII/lib/oscP5.jar:/home/travis/build/icyphy/ptII/lib/nrjavaserial-3.11.0.d
evel.jar:/home/travis/build/icyphy/ptII/vendors/j3d/lib/j3dcore.jar:/home/travi
s/build/icyphy/ptII/vendors/j3d/lib/j3dutils.jar:/home/travis/build/icyphy/ptII
/vendors/j3d/lib/vecmath.jar:/home/travis/build/icyphy/ptII/ptolemy/distributed
/jini/jar/jini-core.jar:/home/travis/build/icyphy/ptII/ptolemy/distributed/jini
/jar/jini-ext.jar:/home/travis/build/icyphy/ptII/ptolemy/distributed/jini/jar/s
un-util.jar:/home/travis/build/icyphy/ptII/lib/protobuf-java-2.4.1.jar:/home/tr
avis/build/icyphy/ptII/lib/org.eclipse.paho.client.mqttv3.jar:/home/travis/buil
d/icyphy/ptII/ptserver/lib/hessian-4.0.7.jar:/home/travis/build/icyphy/ptII/pts
erver/lib/wmqtt.jar:/home/travis/build/icyphy/ptII/lib/mapss.jar:/home/travis/b
uild/icyphy/ptII/ptolemy/actor/ptalon/antlr/antlr.jar:/home/travis/build/icyphy
/ptII/lib/JRI.jar:/home/travis/build/icyphy/ptII/lib/commons-lang-2.6.jar:/home
/travis/build/icyphy/ptII/lib/commons-logging-1.1.1.jar:/home/travis/build/icyp
hy/ptII/lib/sootclasses.jar:/home/travis/build/icyphy/ptII/ptolemy/actor/lib/da
tabase/mysql-connector-java-5.1.6-bin.jar:/home/travis/build/icyphy/ptII/vendor
s/misc/sphinx4/sphinx4-data-5prealpha.jar:/home/travis/build/icyphy/ptII/vendor
s/misc/sphinx4/sphinx4-core-5prealpha.jar:/home/travis/build/icyphy/ptII/lib/PD
FRenderer.jar:/home/travis/build/icyphy/ptII/lib/svgSalamander.jar:/home/travis
/build/icyphy/ptII/lib/rsyntaxtextarea-2.6.0-SNAPSHOT.jar:/home/travis/build/ic
yphy/ptII/lib/hazelcast-3.8.2.jar:/home/travis/build/icyphy/ptII/lib/jackson-an
notations-2.9.0.jar:/home/travis/build/icyphy/ptII/lib/jackson-core-2.9.3.jar:/
home/travis/build/icyphy/ptII/lib/jackson-databind-2.9.3.jar:/home/travis/build
/icyphy/ptII/lib/netty-buffer-4.1.19.Final.jar:/home/travis/build/icyphy/ptII/l
ib/netty-codec-4.1.19.Final.jar:/home/travis/build/icyphy/ptII/lib/netty-codec-
dns-4.1.19.Final.jar:/home/travis/build/icyphy/ptII/lib/netty-codec-http-4.1.19
.Final.jar:/home/travis/build/icyphy/ptII/lib/netty-codec-http2-4.1.19.Final.ja
r:/home/travis/build/icyphy/ptII/lib/netty-common-4.1.19.Final.jar:/home/travis
/build/icyphy/ptII/lib/netty-handler-4.1.19.Final.jar:/home/travis/build/icyphy
/ptII/lib/netty-resolver-4.1.19.Final.jar:/home/travis/build/icyphy/ptII/lib/ne
tty-resolver-dns-4.1.19.Final.jar:/home/travis/build/icyphy/ptII/lib/netty-tran
sport-4.1.19.Final.jar:/home/travis/build/icyphy/ptII/lib/vertx-codegen-3.5.1.j
ar:/home/travis/build/icyphy/ptII/lib/vertx-core-3.5.2-SNAPSHOT.jar:/home/travi
s/build/icyphy/ptII/lib/vertx-hazelcast-3.5.1.jar:/home/travis/build/icyphy/ptI
I/lib/vertx-lang-js-3.5.1.jar:/home/travis/build/icyphy/ptII/lib/vertx-service-
proxy-3.5.1.jar:/home/travis/build/icyphy/ptII/lib/vertx-web-3.5.1.jar:/home/tr
avis/build/icyphy/ptII/lib/slf4j-api-1.7.13.jar:/home/travis/build/icyphy/ptII/
lib/slf4j-simple-1.7.13.jar:/home/travis/build/icyphy/ptII/lib/webcam-capture-0
.3.12.jar:/home/travis/build/icyphy/ptII/lib/bridj-0.7.0.jar:/home/travis/build
/icyphy/ptII/lib/xbjlib-1.1.0.nrjavaserial.jar:/home/travis/build/icyphy/ptII/p
tolemy/moml/test:/home/travis/build/icyphy/ptII/ant/lib/ant-launcher.jar:/home/
travis/build/icyphy/ptII/ant/lib/ant.jar:/home/travis/build/icyphy/ptII/ant/lib
/ant-junit.jar:/home/travis/build/icyphy/ptII/ant/lib/ant-junit4.jar:/home/trav
is/build/icyphy/ptII ModularCodeGenPubSub4_A1_profile.java
total 2180
drwxrwxr-x   3 travis travis 12288 Jan 18 03:20 AbsoluteValue
-rw-rw-r--   1 travis travis   233 Jan 18 03:26 Array.class
-rw-rw-r--   1 travis travis   459 Jan 18 03:26 Array.java
drwxrwxr-x   3 travis travis 16384 Jan 18 03:20 Case1
drwxrwxr-x   3 travis travis 32768 Jan 18 03:20 Case2
-rw-rw-r--   1 travis travis  4895 Jan 18 03:25 CompiledCompositeActor_CompiledCompositeActor.class
-rw-rw-r--   1 travis travis  1592 Jan 18 03:25 CompiledCompositeActor_CompiledCompositeActor$_CompiledCompositeActor_CompiledCompositeActor.class
-rw-rw-r--   1 travis travis 13466 Jan 18 03:25 CompiledCompositeActor_CompiledCompositeActor.java
-rw-rw-r--   1 travis travis  1593 Jan 18 03:25 CompiledCompositeActor_CompiledCompositeActor.mk
drwxrwxr-x   3 travis travis 24576 Jan 18 03:23 DeScrambler
drwxrwxr-x   3 travis travis 16384 Jan 18 03:24 DotProduct
drwxrwxr-x   3 travis travis 12288 Jan 18 03:21 FileWriter1
drwxrwxr-x   3 travis travis 20480 Jan 18 03:20 FixToDoubleAndBack
drwxrwxr-x   3 travis travis 16384 Jan 18 03:21 Gaussian1
drwxrwxr-x   3 travis travis 20480 Jan 18 03:21 Gaussian2
-rw-rw-r--   1 travis travis  4457 Jan 18 03:25 JavaCompiledCompositeTest1_CompiledCompositeActor.class
-rw-rw-r--   1 travis travis 11637 Jan 18 03:25 JavaCompiledCompositeTest1_CompiledCompositeActor.java
-rw-rw-r--   1 travis travis  1198 Jan 18 03:25 JavaCompiledCompositeTest1_CompiledCompositeActor$_JavaCompiledCompositeTest1_CompiledCompositeActor.class
-rw-rw-r--   1 travis travis  1625 Jan 18 03:25 JavaCompiledCompositeTest1_CompiledCompositeActor.mk
-rw-rw-r--   1 travis travis  4888 Jan 18 03:25 JavaCompiledCompositeTest2_CompiledCompositeActor.class
-rw-rw-r--   1 travis travis 14919 Jan 18 03:25 JavaCompiledCompositeTest2_CompiledCompositeActor.java
-rw-rw-r--   1 travis travis  1793 Jan 18 03:25 JavaCompiledCompositeTest2_CompiledCompositeActor$_JavaCompiledCompositeTest2_CompiledCompositeActor.class
-rw-rw-r--   1 travis travis  1625 Jan 18 03:25 JavaCompiledCompositeTest2_CompiledCompositeActor.mk
-rw-rw-r--   1 travis travis  4505 Jan 18 03:25 JavaCompiledCompositeTest3_CompiledCompositeActor.class
-rw-rw-r--   1 travis travis 13080 Jan 18 03:25 JavaCompiledCompositeTest3_CompiledCompositeActor.java
-rw-rw-r--   1 travis travis  1378 Jan 18 03:25 JavaCompiledCompositeTest3_CompiledCompositeActor$_JavaCompiledCompositeTest3_CompiledCompositeActor.class
-rw-rw-r--   1 travis travis  1625 Jan 18 03:25 JavaCompiledCompositeTest3_CompiledCompositeActor.mk
-rw-rw-r--   1 travis travis  3953 Jan 18 03:25 JavaCompiledCompositeTest4_CompiledCompositeActor.class
-rw-rw-r--   1 travis travis  9687 Jan 18 03:25 JavaCompiledCompositeTest4_CompiledCompositeActor.java
-rw-rw-r--   1 travis travis   857 Jan 18 03:25 JavaCompiledCompositeTest4_CompiledCompositeActor$_JavaCompiledCompositeTest4_CompiledCompositeActor.class
-rw-rw-r--   1 travis travis  1625 Jan 18 03:25 JavaCompiledCompositeTest4_CompiledCompositeActor.mk
drwxrwxr-x   3 travis travis 12288 Jan 18 03:21 LookupTable
drwxrwxr-x   3 travis travis 20480 Jan 18 03:21 MaxIndex
-rw-rw-r--   1 travis travis  3693 Jan 18 03:25 ModularCG_A1_B1.class
-rw-rw-r--   1 travis travis  9730 Jan 18 03:25 ModularCG_A1_B1.java
-rw-rw-r--   1 travis travis   832 Jan 18 03:25 ModularCG_A1_B1.mk
-rw-rw-r--   1 travis travis  1318 Jan 18 03:25 ModularCG_A1_B1_profile.class
-rw-rw-r--   1 travis travis  1262 Jan 18 03:25 ModularCG_A1_B1_profile.java
-rw-rw-r--   1 travis travis  3693 Jan 18 03:25 ModularCG_A1_B2.class
-rw-rw-r--   1 travis travis  9730 Jan 18 03:25 ModularCG_A1_B2.java
-rw-rw-r--   1 travis travis   832 Jan 18 03:25 ModularCG_A1_B2.mk
-rw-rw-r--   1 travis travis  1318 Jan 18 03:25 ModularCG_A1_B2_profile.class
-rw-rw-r--   1 travis travis  1262 Jan 18 03:25 ModularCG_A1_B2_profile.java
-rw-rw-r--   1 travis travis  4799 Jan 18 03:25 ModularCG_A1.class
-rw-rw-r--   1 travis travis 14742 Jan 18 03:25 ModularCG_A1.java
-rw-rw-r--   1 travis travis   808 Jan 18 03:25 ModularCG_A1.mk
-rw-rw-r--   1 travis travis  1433 Jan 18 03:25 ModularCG_A1_profile.class
-rw-rw-r--   1 travis travis  1704 Jan 18 03:25 ModularCG_A1_profile.java
-rw-rw-r--   1 travis travis  3827 Jan 18 03:25 ModularCG_A2_B1.class
-rw-rw-r--   1 travis travis 10667 Jan 18 03:25 ModularCG_A2_B1.java
-rw-rw-r--   1 travis travis   832 Jan 18 03:25 ModularCG_A2_B1.mk
-rw-rw-r--   1 travis travis  1381 Jan 18 03:25 ModularCG_A2_B1_profile.class
-rw-rw-r--   1 travis travis  1446 Jan 18 03:25 ModularCG_A2_B1_profile.java
-rw-rw-r--   1 travis travis  3693 Jan 18 03:25 ModularCG_A2_B2.class
-rw-rw-r--   1 travis travis  9730 Jan 18 03:25 ModularCG_A2_B2.java
-rw-rw-r--   1 travis travis   832 Jan 18 03:25 ModularCG_A2_B2.mk
-rw-rw-r--   1 travis travis  1318 Jan 18 03:25 ModularCG_A2_B2_profile.class
-rw-rw-r--   1 travis travis  1262 Jan 18 03:25 ModularCG_A2_B2_profile.java
-rw-rw-r--   1 travis travis  4870 Jan 18 03:25 ModularCG_A2.class
-rw-rw-r--   1 travis travis 15129 Jan 18 03:25 ModularCG_A2.java
-rw-rw-r--   1 travis travis   808 Jan 18 03:25 ModularCG_A2.mk
-rw-rw-r--   1 travis travis  1433 Jan 18 03:25 ModularCG_A2_profile.class
-rw-rw-r--   1 travis travis  1704 Jan 18 03:25 ModularCG_A2_profile.java
-rw-rw-r--   1 travis travis  3473 Jan 18 03:25 ModularCGPubSub_A1_A2.class
-rw-rw-r--   1 travis travis  9076 Jan 18 03:25 ModularCGPubSub_A1_A2.java
-rw-rw-r--   1 travis travis   880 Jan 18 03:25 ModularCGPubSub_A1_A2.mk
-rw-rw-r--   1 travis travis  1300 Jan 18 03:25 ModularCGPubSub_A1_A2_profile.class
-rw-rw-r--   1 travis travis  1222 Jan 18 03:25 ModularCGPubSub_A1_A2_profile.java
-rw-rw-r--   1 travis travis  3790 Jan 18 03:25 ModularCGPubSub_A1.class
-rw-rw-r--   1 travis travis  9836 Jan 18 03:25 ModularCGPubSub_A1.java
-rw-rw-r--   1 travis travis   856 Jan 18 03:25 ModularCGPubSub_A1.mk
-rw-rw-r--   1 travis travis  1346 Jan 18 03:25 ModularCGPubSub_A1_profile.class
-rw-rw-r--   1 travis travis  1388 Jan 18 03:25 ModularCGPubSub_A1_profile.java
-rw-rw-r--   1 travis travis  3988 Jan 18 03:25 ModularCodeGen2_ModularCodeGenTypedCompositeActor.class
-rw-rw-r--   1 travis travis 11690 Jan 18 03:25 ModularCodeGen2_ModularCodeGenTypedCompositeActor.java
-rw-rw-r--   1 travis travis  1104 Jan 18 03:25 ModularCodeGen2_ModularCodeGenTypedCompositeActor.mk
-rw-rw-r--   1 travis travis  4272 Jan 18 03:25 ModularCodeGen2_ModularCodeGenTypedCompositeActor_ModularCodeGenTypedCompositeActor.class
-rw-rw-r--   1 travis travis 11790 Jan 18 03:25 ModularCodeGen2_ModularCodeGenTypedCompositeActor_ModularCodeGenTypedCompositeActor.java
-rw-rw-r--   1 travis travis  1376 Jan 18 03:25 ModularCodeGen2_ModularCodeGenTypedCompositeActor_ModularCodeGenTypedCompositeActor.mk
-rw-rw-r--   1 travis travis  1421 Jan 18 03:25 ModularCodeGen2_ModularCodeGenTypedCompositeActor_ModularCodeGenTypedCompositeActor_profile.class
-rw-rw-r--   1 travis travis  1294 Jan 18 03:25 ModularCodeGen2_ModularCodeGenTypedCompositeActor_ModularCodeGenTypedCompositeActor_profile.java
-rw-rw-r--   1 travis travis   820 Jan 18 03:25 ModularCodeGen2_ModularCodeGenTypedCompositeActor_profile.class
-rw-rw-r--   1 travis travis   693 Jan 18 03:25 ModularCodeGen2_ModularCodeGenTypedCompositeActor_profile.java
-rw-rw-r--   1 travis travis  3741 Jan 18 03:25 ModularCodeGen3_A1_B1.class
-rw-rw-r--   1 travis travis  9958 Jan 18 03:25 ModularCodeGen3_A1_B1.java
-rw-rw-r--   1 travis travis   880 Jan 18 03:25 ModularCodeGen3_A1_B1.mk
-rw-rw-r--   1 travis travis  1330 Jan 18 03:25 ModularCodeGen3_A1_B1_profile.class
-rw-rw-r--   1 travis travis  1274 Jan 18 03:25 ModularCodeGen3_A1_B1_profile.java
-rw-rw-r--   1 travis travis  3741 Jan 18 03:25 ModularCodeGen3_A1_B2.class
-rw-rw-r--   1 travis travis  9958 Jan 18 03:25 ModularCodeGen3_A1_B2.java
-rw-rw-r--   1 travis travis   880 Jan 18 03:25 ModularCodeGen3_A1_B2.mk
-rw-rw-r--   1 travis travis  1330 Jan 18 03:25 ModularCodeGen3_A1_B2_profile.class
-rw-rw-r--   1 travis travis  1274 Jan 18 03:25 ModularCodeGen3_A1_B2_profile.java
-rw-rw-r--   1 travis travis  4961 Jan 18 03:26 ModularCodeGen3_A1.class
-rw-rw-r--   1 travis travis 15564 Jan 18 03:26 ModularCodeGen3_A1.java
-rw-rw-r--   1 travis travis   856 Jan 18 03:26 ModularCodeGen3_A1.mk
-rw-rw-r--   1 travis travis  1445 Jan 18 03:26 ModularCodeGen3_A1_profile.class
-rw-rw-r--   1 travis travis  1716 Jan 18 03:25 ModularCodeGen3_A1_profile.java
-rw-rw-r--   1 travis travis  3887 Jan 18 03:26 ModularCodeGen3_A2_B1.class
-rw-rw-r--   1 travis travis 10955 Jan 18 03:26 ModularCodeGen3_A2_B1.java
-rw-rw-r--   1 travis travis   880 Jan 18 03:26 ModularCodeGen3_A2_B1.mk
-rw-rw-r--   1 travis travis  1393 Jan 18 03:26 ModularCodeGen3_A2_B1_profile.class
-rw-rw-r--   1 travis travis  1458 Jan 18 03:26 ModularCodeGen3_A2_B1_profile.java
-rw-rw-r--   1 travis travis  3741 Jan 18 03:26 ModularCodeGen3_A2_B2.class
-rw-rw-r--   1 travis travis  9958 Jan 18 03:26 ModularCodeGen3_A2_B2.java
-rw-rw-r--   1 travis travis   880 Jan 18 03:26 ModularCodeGen3_A2_B2.mk
-rw-rw-r--   1 travis travis  1330 Jan 18 03:26 ModularCodeGen3_A2_B2_profile.class
-rw-rw-r--   1 travis travis  1274 Jan 18 03:26 ModularCodeGen3_A2_B2_profile.java
-rw-rw-r--   1 travis travis  5038 Jan 18 03:26 ModularCodeGen3_A2.class
-rw-rw-r--   1 travis travis 15957 Jan 18 03:26 ModularCodeGen3_A2.java
-rw-rw-r--   1 travis travis   856 Jan 18 03:26 ModularCodeGen3_A2.mk
-rw-rw-r--   1 travis travis  1445 Jan 18 03:26 ModularCodeGen3_A2_profile.class
-rw-rw-r--   1 travis travis  1716 Jan 18 03:26 ModularCodeGen3_A2_profile.java
-rw-rw-r--   1 travis travis  3794 Jan 18 03:26 ModularCodeGen4_A1_B1.class
-rw-rw-r--   1 travis travis 10312 Jan 18 03:26 ModularCodeGen4_A1_B1.java
-rw-rw-r--   1 travis travis   880 Jan 18 03:26 ModularCodeGen4_A1_B1.mk
-rw-rw-r--   1 travis travis  1330 Jan 18 03:26 ModularCodeGen4_A1_B1_profile.class
-rw-rw-r--   1 travis travis  1273 Jan 18 03:26 ModularCodeGen4_A1_B1_profile.java
-rw-rw-r--   1 travis travis  3794 Jan 18 03:26 ModularCodeGen4_A1_B2.class
-rw-rw-r--   1 travis travis 10312 Jan 18 03:26 ModularCodeGen4_A1_B2.java
-rw-rw-r--   1 travis travis   880 Jan 18 03:26 ModularCodeGen4_A1_B2.mk
-rw-rw-r--   1 travis travis  1330 Jan 18 03:26 ModularCodeGen4_A1_B2_profile.class
-rw-rw-r--   1 travis travis  1273 Jan 18 03:26 ModularCodeGen4_A1_B2_profile.java
-rw-rw-r--   1 travis travis  5101 Jan 18 03:26 ModularCodeGen4_A1.class
-rw-rw-r--   1 travis travis 16245 Jan 18 03:26 ModularCodeGen4_A1.java
-rw-rw-r--   1 travis travis   856 Jan 18 03:26 ModularCodeGen4_A1.mk
-rw-rw-r--   1 travis travis  1445 Jan 18 03:26 ModularCodeGen4_A1_profile.class
-rw-rw-r--   1 travis travis  1712 Jan 18 03:26 ModularCodeGen4_A1_profile.java
-rw-rw-r--   1 travis travis  3988 Jan 18 03:26 ModularCodeGen4_A2_B1.class
-rw-rw-r--   1 travis travis 11375 Jan 18 03:26 ModularCodeGen4_A2_B1.java
-rw-rw-r--   1 travis travis   880 Jan 18 03:26 ModularCodeGen4_A2_B1.mk
-rw-rw-r--   1 travis travis  1393 Jan 18 03:26 ModularCodeGen4_A2_B1_profile.class
-rw-rw-r--   1 travis travis  1454 Jan 18 03:26 ModularCodeGen4_A2_B1_profile.java
-rw-rw-r--   1 travis travis  3842 Jan 18 03:26 ModularCodeGen4_A2_B2.class
-rw-rw-r--   1 travis travis 10378 Jan 18 03:26 ModularCodeGen4_A2_B2.java
-rw-rw-r--   1 travis travis   880 Jan 18 03:26 ModularCodeGen4_A2_B2.mk
-rw-rw-r--   1 travis travis  1330 Jan 18 03:26 ModularCodeGen4_A2_B2_profile.class
-rw-rw-r--   1 travis travis  1270 Jan 18 03:26 ModularCodeGen4_A2_B2_profile.java
-rw-rw-r--   1 travis travis  5274 Jan 18 03:26 ModularCodeGen4_A2.class
-rw-rw-r--   1 travis travis 16770 Jan 18 03:26 ModularCodeGen4_A2.java
-rw-rw-r--   1 travis travis   856 Jan 18 03:26 ModularCodeGen4_A2.mk
-rw-rw-r--   1 travis travis  1445 Jan 18 03:26 ModularCodeGen4_A2_profile.class
-rw-rw-r--   1 travis travis  1712 Jan 18 03:26 ModularCodeGen4_A2_profile.java
-rw-rw-r--   1 travis travis  6838 Jan 18 03:26 ModularCodeGen5_A_A.class
-rw-rw-r--   1 travis travis 28721 Jan 18 03:26 ModularCodeGen5_A_A.java
-rw-rw-r--   1 travis travis   864 Jan 18 03:26 ModularCodeGen5_A_A.mk
-rw-rw-r--   1 travis travis  1520 Jan 18 03:26 ModularCodeGen5_A_A_profile.class
-rw-rw-r--   1 travis travis  1815 Jan 18 03:26 ModularCodeGen5_A_A_profile.java
-rw-rw-r--   1 travis travis  5115 Jan 18 03:26 ModularCodeGen5_A.class
-rw-rw-r--   1 travis travis 13769 Jan 18 03:26 ModularCodeGen5_A.java
-rw-rw-r--   1 travis travis   848 Jan 18 03:26 ModularCodeGen5_A.mk
-rw-rw-r--   1 travis travis  1422 Jan 18 03:26 ModularCodeGen5_A_profile.class
-rw-rw-r--   1 travis travis  1605 Jan 18 03:26 ModularCodeGen5_A_profile.java
-rw-rw-r--   1 travis travis  4125 Jan 18 03:26 ModularCodeGen6_A_A2.class
-rw-rw-r--   1 travis travis 11329 Jan 18 03:26 ModularCodeGen6_A_A2.java
-rw-rw-r--   1 travis travis   872 Jan 18 03:26 ModularCodeGen6_A_A2.mk
-rw-rw-r--   1 travis travis  1351 Jan 18 03:26 ModularCodeGen6_A_A2_profile.class
-rw-rw-r--   1 travis travis  1364 Jan 18 03:26 ModularCodeGen6_A_A2_profile.java
-rw-rw-r--   1 travis travis  4108 Jan 18 03:26 ModularCodeGen6_A_A.class
-rw-rw-r--   1 travis travis 11221 Jan 18 03:26 ModularCodeGen6_A_A.java
-rw-rw-r--   1 travis travis   864 Jan 18 03:26 ModularCodeGen6_A_A.mk
-rw-rw-r--   1 travis travis  1348 Jan 18 03:26 ModularCodeGen6_A_A_profile.class
-rw-rw-r--   1 travis travis  1361 Jan 18 03:26 ModularCodeGen6_A_A_profile.java
-rw-rw-r--   1 travis travis  7237 Jan 18 03:26 ModularCodeGen6_A.class
-rw-rw-r--   1 travis travis 26535 Jan 18 03:26 ModularCodeGen6_A.java
-rw-rw-r--   1 travis travis   848 Jan 18 03:26 ModularCodeGen6_A.mk
-rw-rw-r--   1 travis travis  1483 Jan 18 03:26 ModularCodeGen6_A_profile.class
-rw-rw-r--   1 travis travis  1810 Jan 18 03:26 ModularCodeGen6_A_profile.java
-rw-rw-r--   1 travis travis  9439 Jan 18 03:26 ModularCodeGenLazyPubSubGlobal_CompositeActor_ModularCodeGenTypedComposite.class
-rw-rw-r--   1 travis travis 30161 Jan 18 03:26 ModularCodeGenLazyPubSubGlobal_CompositeActor_ModularCodeGenTypedComposite.java
-rw-rw-r--   1 travis travis  1304 Jan 18 03:26 ModularCodeGenLazyPubSubGlobal_CompositeActor_ModularCodeGenTypedComposite.mk
-rw-rw-r--   1 travis travis  1438 Jan 18 03:26 ModularCodeGenLazyPubSubGlobal_CompositeActor_ModularCodeGenTypedComposite_profile.class
-rw-rw-r--   1 travis travis  1384 Jan 18 03:26 ModularCodeGenLazyPubSubGlobal_CompositeActor_ModularCodeGenTypedComposite_profile.java
-rw-rw-r--   1 travis travis  3952 Jan 18 03:26 ModularCodeGenLazyPubSub_LazyCompositeActor.class
-rw-rw-r--   1 travis travis 11122 Jan 18 03:26 ModularCodeGenLazyPubSub_LazyCompositeActor.java
-rw-rw-r--   1 travis travis  1056 Jan 18 03:26 ModularCodeGenLazyPubSub_LazyCompositeActor.mk
-rw-rw-r--   1 travis travis  1286 Jan 18 03:26 ModularCodeGenLazyPubSub_LazyCompositeActor_profile.class
-rw-rw-r--   1 travis travis  1091 Jan 18 03:26 ModularCodeGenLazyPubSub_LazyCompositeActor_profile.java
-rw-rw-r--   1 travis travis  3954 Jan 18 03:25 ModularCodeGen_ModularCodeGenTypedCompositeActor.class
-rw-rw-r--   1 travis travis 10970 Jan 18 03:25 ModularCodeGen_ModularCodeGenTypedCompositeActor.java
-rw-rw-r--   1 travis travis  1096 Jan 18 03:25 ModularCodeGen_ModularCodeGenTypedCompositeActor.mk
-rw-rw-r--   1 travis travis  1384 Jan 18 03:25 ModularCodeGen_ModularCodeGenTypedCompositeActor_profile.class
-rw-rw-r--   1 travis travis  1328 Jan 18 03:25 ModularCodeGen_ModularCodeGenTypedCompositeActor_profile.java
-rw-rw-r--   1 travis travis  3441 Jan 18 03:26 ModularCodeGenPubSub2_A1_A.class
-rw-rw-r--   1 travis travis  8578 Jan 18 03:26 ModularCodeGenPubSub2_A1_A.java
-rw-rw-r--   1 travis travis   920 Jan 18 03:26 ModularCodeGenPubSub2_A1_A.mk
-rw-rw-r--   1 travis travis  1274 Jan 18 03:26 ModularCodeGenPubSub2_A1_A_profile.class
-rw-rw-r--   1 travis travis  1128 Jan 18 03:26 ModularCodeGenPubSub2_A1_A_profile.java
-rw-rw-r--   1 travis travis  3733 Jan 18 03:26 ModularCodeGenPubSub2_A1.class
-rw-rw-r--   1 travis travis  9781 Jan 18 03:26 ModularCodeGenPubSub2_A1.java
-rw-rw-r--   1 travis travis   904 Jan 18 03:26 ModularCodeGenPubSub2_A1.mk
-rw-rw-r--   1 travis travis  1268 Jan 18 03:26 ModularCodeGenPubSub2_A1_profile.class
-rw-rw-r--   1 travis travis  1196 Jan 18 03:26 ModularCodeGenPubSub2_A1_profile.java
-rw-rw-r--   1 travis travis  3437 Jan 18 03:26 ModularCodeGenPubSub3_A1_A2.class
-rw-rw-r--   1 travis travis  8599 Jan 18 03:26 ModularCodeGenPubSub3_A1_A2.java
-rw-rw-r--   1 travis travis   928 Jan 18 03:26 ModularCodeGenPubSub3_A1_A2.mk
-rw-rw-r--   1 travis travis  1287 Jan 18 03:26 ModularCodeGenPubSub3_A1_A2_profile.class
-rw-rw-r--   1 travis travis  1132 Jan 18 03:26 ModularCodeGenPubSub3_A1_A2_profile.java
-rw-rw-r--   1 travis travis  3856 Jan 18 03:26 ModularCodeGenPubSub3_A1.class
-rw-rw-r--   1 travis travis 10100 Jan 18 03:26 ModularCodeGenPubSub3_A1.java
-rw-rw-r--   1 travis travis   904 Jan 18 03:26 ModularCodeGenPubSub3_A1.mk
-rw-rw-r--   1 travis travis  1358 Jan 18 03:26 ModularCodeGenPubSub3_A1_profile.class
-rw-rw-r--   1 travis travis  1400 Jan 18 03:26 ModularCodeGenPubSub3_A1_profile.java
-rw-rw-r--   1 travis travis  3441 Jan 18 03:26 ModularCodeGenPubSub4_A1_A.class
-rw-rw-r--   1 travis travis  8578 Jan 18 03:26 ModularCodeGenPubSub4_A1_A.java
-rw-rw-r--   1 travis travis   920 Jan 18 03:26 ModularCodeGenPubSub4_A1_A.mk
-rw-rw-r--   1 travis travis  1274 Jan 18 03:26 ModularCodeGenPubSub4_A1_A_profile.class
-rw-rw-r--   1 travis travis  1128 Jan 18 03:26 ModularCodeGenPubSub4_A1_A_profile.java
-rw-rw-r--   1 travis travis  1137 Jan 18 03:26 ModularCodeGenPubSub4_A1_profile.java
-rw-rw-r--   1 travis travis  3475 Jan 18 03:26 ModularCodeGenPubSub_A1.class
-rw-rw-r--   1 travis travis  9060 Jan 18 03:26 ModularCodeGenPubSub_A1.java
-rw-rw-r--   1 travis travis   896 Jan 18 03:26 ModularCodeGenPubSub_A1.mk
-rw-rw-r--   1 travis travis  1278 Jan 18 03:26 ModularCodeGenPubSub_A1_profile.class
-rw-rw-r--   1 travis travis  1195 Jan 18 03:26 ModularCodeGenPubSub_A1_profile.java
-rw-rw-r--   1 travis travis  3492 Jan 18 03:25 ModularCodeGenTest_A1_A2.class
-rw-rw-r--   1 travis travis   904 Jan 18 03:25 ModularCodeGenTest_A1_A2.mk
-rw-rw-r--   1 travis travis  1306 Jan 18 03:25 ModularCodeGenTest_A1_A2_profile.class
-rw-rw-r--   1 travis travis  9968 Jan 18 03:25 ModularCodeGenTest_A1.java
-rw-rw-r--   1 travis travis   880 Jan 18 03:25 ModularCodeGenTest_A1.mk
drwxrwxr-x   3 travis travis 36864 Jan 18 03:25 modulation2
drwxrwxr-x   3 travis travis 20480 Jan 18 03:21 Multiplexor
drwxrwxr-x 249 travis travis 12288 Jan 18 03:25 node_modules
drwxrwxr-x   3 travis travis 20480 Jan 18 03:22 PhaseUnwrap
-rw-rw-r--   1 travis travis   520 Jan 18 03:25 Repeat$_fireFunction_Repeat_Repeat$__f_sL_0.class
-rw-rw-r--   1 travis travis   522 Jan 18 03:25 Repeat$_fireFunction_Repeat_Repeat$__f_sL_10.class
-rw-rw-r--   1 travis travis   666 Jan 18 03:25 Repeat$_fireFunction_Repeat_Repeat$__f_sL_11.class
-rw-rw-r--   1 travis travis   522 Jan 18 03:25 Repeat$_fireFunction_Repeat_Repeat$__f_sL_13.class
-rw-rw-r--   1 travis travis   665 Jan 18 03:25 Repeat$_fireFunction_Repeat_Repeat$__f_sL_1.class
-rw-rw-r--   1 travis travis   520 Jan 18 03:25 Repeat$_fireFunction_Repeat_Repeat$__f_sL_2.class
-rw-rw-r--   1 travis travis   520 Jan 18 03:25 Repeat$_fireFunction_Repeat_Repeat$__f_sL_3.class
-rw-rw-r--   1 travis travis   520 Jan 18 03:25 Repeat$_fireFunction_Repeat_Repeat$__f_sL_5.class
-rw-rw-r--   1 travis travis   671 Jan 18 03:25 Repeat$_fireFunction_Repeat_Repeat$__f_sL_7.class
-rw-rw-r--   1 travis travis   520 Jan 18 03:25 Repeat$_fireFunction_Repeat_Repeat$__f_sL_9.class
-rw-rw-r--   1 travis travis   813 Jan 18 03:25 Repeat$_initialize_Repeat.class
-rw-rw-r--   1 travis travis   475 Jan 18 03:25 Repeat$_initialize_Repeat$__i_sL_0.class
-rw-rw-r--   1 travis travis   519 Jan 18 03:25 Repeat$_initialize_Repeat$__i_sL_3.class
-rw-rw-r--   1 travis travis 39778 Jan 18 03:25 Repeat.java
-rw-rw-r--   1 travis travis  1281 Jan 18 03:25 Repeat.mk
-rw-rw-r--   1 travis travis   520 Jan 18 03:25 Repeat$_preinitializeMethod_Repeat$__p_sL_0.class
-rw-rw-r--   1 travis travis   520 Jan 18 03:25 Repeat$_preinitializeMethod_Repeat$__p_sL_1.class
-rw-rw-r--   1 travis travis  1083 Jan 18 03:25 Repeat$_Repeat$_fireFunction_Repeat_AddSubtract_Repeat.class
-rw-rw-r--   1 travis travis   791 Jan 18 03:25 Repeat$_Repeat$_fireFunction_Repeat_AddSubtract_Repeat$__f_sL_0.class
-rw-rw-r--   1 travis travis   909 Jan 18 03:25 Repeat$_Repeat$_fireFunction_Repeat_AddSubtract_Repeat$__f_sL_1.class
-rw-rw-r--   1 travis travis   915 Jan 18 03:25 Repeat$_Repeat$_fireFunction_Repeat_AddSubtract_Repeat$__f_sL_2.class
-rw-rw-r--   1 travis travis   838 Jan 18 03:25 Repeat$_Repeat$_fireFunction_Repeat_Ramp2_Repeat$__f_sL_1.class
-rw-rw-r--   1 travis travis  1785 Jan 18 03:25 Repeat$_Repeat$_fireFunction_Repeat_Test_Repeat$__f_sL_2.class
-rw-rw-r--   1 travis travis   685 Jan 18 03:25 Repeat$_Repeat_SDF_Director_run_Repeat$__R_sL_0.class
-rw-rw-r--   1 travis travis   540 Jan 18 03:25 Repeat$_Repeat_SDF_Director_run_Repeat$__R_sL_1.class
-rw-rw-r--   1 travis travis   540 Jan 18 03:25 Repeat$_Repeat_SDF_Director_run_Repeat$__R_sL_2.class
-rw-rw-r--   1 travis travis   540 Jan 18 03:25 Repeat$_Repeat_SDF_Director_run_Repeat$__R_sL_4.class
-rw-rw-r--   1 travis travis   540 Jan 18 03:25 Repeat$_Repeat_SDF_Director_run_Repeat$__R_sL_5.class
-rw-rw-r--   1 travis travis   691 Jan 18 03:25 Repeat$_Repeat_SDF_Director_run_Repeat$__R_sL_6.class
-rw-rw-r--   1 travis travis   540 Jan 18 03:25 Repeat$_Repeat_SDF_Director_run_Repeat$__R_sL_7.class
-rw-rw-r--   1 travis travis   863 Jan 18 03:25 Repeat$_varinit_Repeat.class
-rw-rw-r--   1 travis travis   530 Jan 18 03:25 Repeat$_varinit_Repeat$__v_sL_1.class
-rw-rw-r--   1 travis travis   531 Jan 18 03:25 Repeat$_varinit_Repeat$__v_sL_2.class
-rw-rw-r--   1 travis travis   905 Jan 18 03:25 Repeat$_varinit_Repeat$__v_sL_4.class
-rw-rw-r--   1 travis travis   635 Jan 18 03:25 Repeat$_wrapup_Repeat.class
-rw-rw-r--   1 travis travis   965 Jan 18 03:25 Repeat$_wrapup_Repeat$__w_sL_1.class
-rw-rw-r--   1 travis travis   289 Jan 18 03:19 result.csv
drwxrwxr-x   3 travis travis 12288 Jan 18 03:23 Scrambler1
drwxrwxr-x   3 travis travis 20480 Jan 18 03:22 Sinewave2
drwxrwxr-x   3 travis travis 69632 Jan 18 03:23 StringCompare
drwxrwxr-x   3 travis travis 32768 Jan 18 03:23 StringFunction
drwxrwxr-x   3 travis travis 12288 Jan 18 03:23 StringLength
drwxrwxr-x   3 travis travis 57344 Jan 18 03:24 StringSimpleReplace
drwxrwxr-x   3 travis travis 12288 Jan 18 03:24 time2
drwxrwxr-x   3 travis travis 12288 Jan 18 03:25 time5
-rw-rw-r--   1 travis travis   432 Jan 18 03:26 Token.class
-rw-rw-r--   1 travis travis   251 Jan 18 03:26 Token.java
-rw-rw-r--   1 travis travis     0 Jan 18 03:25 top.
-rw-rw-r--   1 travis travis 20502 Jan 18 03:19 top.c
-rw-rw-r--   1 travis travis  3567 Jan 18 03:25 top.class
-rw-rw-r--   1 travis travis   169 Jan 18 03:19 top.html
-rw-rw-r--   1 travis travis  7552 Jan 18 03:25 top.java
-rw-rw-r--   1 travis travis 38888 Jan 18 03:19 top.o
drwxrwxr-x   3 travis travis 57344 Jan 18 03:22 UnaryMathFunction
warning: Supported source version 'RELEASE_6' from annotation processor 'org.netbeans.modules.openide.util.NbBundleProcessor' less than -source '1.8'
warning: Supported source version 'RELEASE_6' from annotation processor 'org.netbeans.modules.openide.util.URLStreamHandlerRegistrationProcessor' less than -source '1.8'
warning: Supported source version 'RELEASE_6' from annotation processor 'org.netbeans.modules.openide.util.ServiceProviderProcessor' less than -source '1.8'
3 warnings
All Done
Writing ModularCodeGenPubSub4_A1.java in file:/home/travis/cg/ (9231 characters)
Reading "ptolemy/cg/kernel/generic/program/procedural/java/modular/makefile.in",
    writing "/home/travis/cg/ModularCodeGenPubSub4_A1.mk"
Using ptolemy/cg/kernel/generic/program/procedural/java/modular/makefile.in
In "/home/travis/cg", about to execute:
    make -f ModularCodeGenPubSub4_A1.mk
javac -classpath ".:.."    ModularCodeGenPubSub4_A1.java
All Done
4249 ms. Memory: 105984K Free: 46092K (43%)
----------------- Invoking toplevel() on ptolemy.moml.MoMLSimpleApplication@3839ac81
----------------- Done invoking toplevel() on ptolemy.moml.MoMLSimpleApplication@3839ac81
reloadAllAccessors: .ModularCodeGenPubSub4

===========================================================================================
----------------- testing Fri Jan 18 03:26:55 UTC 2019 /home/travis/build/icyphy/ptII/ptolemy/cg/lib/test/auto/PubSubAggLazy.xml
----------------- Instantiating /home/travis/build/icyphy/ptII/ptolemy/cg/lib/test/auto/PubSubAggLazy.xml
9 ms. Memory: 105984K Free: 39750K (38%)
----------------- Invoking toplevel() on ptolemy.moml.MoMLSimpleApplication@2ff96361
----------------- Done invoking toplevel() on ptolemy.moml.MoMLSimpleApplication@2ff96361
reloadAllAccessors: .PubSubAggLazy

===========================================================================================
----------------- testing Fri Jan 18 03:26:55 UTC 2019 /home/travis/build/icyphy/ptII/ptolemy/cg/lib/test/auto/PubSubAggModularCodeGen.xml
----------------- Instantiating /home/travis/build/icyphy/ptII/ptolemy/cg/lib/test/auto/PubSubAggModularCodeGen.xml
In "/home/travis/cg", about to execute:
    pwd
In "/home/travis/cg", about to execute:
    ls -l
/home/travis/cg
In "/home/travis/cg", about to execute:
    javac -classpath
.:/home/travis/build/icyphy/ptII:/home/travis/build/icyphy/ptII/lib/bsh-2.0b4.j
ar:/home/travis/build/icyphy/ptII/lib/ptCal.jar:/home/travis/build/icyphy/ptII/
lib/java_cup.jar:/home/travis/build/icyphy/ptII/lib/saxon8.jar:/home/travis/bui
ld/icyphy/ptII/lib/saxon8-dom.jar:/home/travis/build/icyphy/ptII/lib/chic.jar:/
home/travis/build/icyphy/ptII/lib/ptcolt.jar:/usr/lib/jvm/java-8-oracle/lib/too
ls.jar:/usr/lib/eclipse/plugins/org.eclipse.jdt.core_3.8.2.dist.jar:/usr/lib/ec
lipse/plugins/org.eclipse.core.runtime_3.8.0.dist.jar:/usr/lib/eclipse/plugins/
org.eclipse.osgi_3.8.1.dist.jar:/usr/lib/eclipse/plugins/org.eclipse.core.resou
rces_3.8.1.dist.jar:/usr/lib/eclipse/plugins/org.eclipse.equinox.common_3.6.100
.dist.jar:/usr/lib/eclipse/plugins/org.eclipse.core.jobs_3.5.200.dist.jar:/usr/
lib/eclipse/plugins/org.eclipse.core.contenttype_3.4.200.dist.jar:/usr/lib/ecli
pse/plugins/org.eclipse.equinox.preferences_3.5.0.dist.jar:/usr/lib/eclipse/plu
gins/org.eclipse.text_3.5.200.dist.jar:/usr/lib/eclipse/plugins/org.eclipse.ui.
workbench_3.8.1.dist.jar:/usr/lib/eclipse/plugins/org.eclipse.jface_3.8.0.dist.
jar:/usr/lib/eclipse/plugins/org.eclipse.swt_3.8.2.jar:/usr/lib/eclipse/plugins
/org.eclipse.jface.text_3.8.1.dist.jar:/usr/lib/eclipse/plugins/org.eclipse.ui.
workbench.texteditor_3.8.0.dist.jar:/usr/lib/eclipse/plugins/org.eclipse.ui.edi
tors_3.8.0.dist.jar:/usr/lib/eclipse/plugins/org.eclipse.core.commands_3.6.1.di
st.jar:/usr/lib/eclipse/plugins/org.eclipse.equinox.registry_3.5.200.dist.jar:/
usr/lib/eclipse/plugins/org.eclipse.ui.console_3.5.100.dist.jar:/usr/lib/eclips
e/plugins/org.eclipse.ui.forms_3.5.200.dist.jar:/usr/lib/eclipse/plugins/org.ec
lipse.ui.ide_3.8.1.dist.jar:/home/travis/build/icyphy/ptII/vendors/oracle/dbxml
.jar:/home/travis/build/icyphy/ptII/vendors/oracle/db.jar:/home/travis/build/ic
yphy/ptII/vendors/misc/itext/iText.jar:/home/travis/build/icyphy/ptII/lib/g4ltl
.jar:/home/travis/build/icyphy/ptII/lib/StructuralCoder.jar:/home/travis/build/
icyphy/ptII/lib/org-openide-util.jar:/home/travis/build/icyphy/ptII/lib/org-ope
nide-util-lookup.jar:/home/travis/build/icyphy/ptII/lib/org-netbeans-api-visual
.jar:/home/travis/build/icyphy/ptII/vendors/jai-1_1_2_01/lib/jai_core.jar:/home
/travis/build/icyphy/ptII/vendors/jai-1_1_2_01/lib/jai_codec.jar:/home/travis/b
uild/icyphy/ptII/lib/jcerti.jar:/home/travis/build/icyphy/ptII/lib/smack.jar:/h
ome/travis/build/icyphy/ptII/lib/smackx.jar:/home/travis/build/icyphy/ptII/lib/
jetty-all-8.1.5-v20120716.jar:/home/travis/build/icyphy/ptII/lib/javax.servlet-
api-3.0.1.jar:/home/travis/build/icyphy/ptII/lib/javax.mail.jar:/home/travis/bu
ild/icyphy/ptII/vendors/JMF-2.1.1e/lib/jmf.jar:/home/travis/build/icyphy/ptII/l
ib/jna-4.0.0-variadic.jar:/home/travis/build/icyphy/ptII/vendors/misc/joystick/
Joystick.jar:/home/travis/build/icyphy/ptII/lib/ptjacl.jar:/home/travis/build/i
cyphy/ptII/lib/jsoup-1.8.2.jar:/home/travis/build/icyphy/ptII/lib/junit-4.8.2.j
ar:/home/travis/build/icyphy/ptII/lib/JUnitParams-0.4.0.jar:/home/travis/build/
icyphy/ptII/ptolemy/actor/lib/excel/jxl.jar:/home/travis/build/icyphy/ptII/lib/
jython.jar:/home/travis/build/icyphy/ptII/lib/kieler.jar:/home/travis/build/icy
phy/ptII/vendors/opencv/share/OpenCV/java/opencv-341.jar:/home/travis/build/icy
phy/ptII/lib/oscP5.jar:/home/travis/build/icyphy/ptII/lib/nrjavaserial-3.11.0.d
evel.jar:/home/travis/build/icyphy/ptII/vendors/j3d/lib/j3dcore.jar:/home/travi
s/build/icyphy/ptII/vendors/j3d/lib/j3dutils.jar:/home/travis/build/icyphy/ptII
/vendors/j3d/lib/vecmath.jar:/home/travis/build/icyphy/ptII/ptolemy/distributed
/jini/jar/jini-core.jar:/home/travis/build/icyphy/ptII/ptolemy/distributed/jini
/jar/jini-ext.jar:/home/travis/build/icyphy/ptII/ptolemy/distributed/jini/jar/s
un-util.jar:/home/travis/build/icyphy/ptII/lib/protobuf-java-2.4.1.jar:/home/tr
avis/build/icyphy/ptII/lib/org.eclipse.paho.client.mqttv3.jar:/home/travis/buil
d/icyphy/ptII/ptserver/lib/hessian-4.0.7.jar:/home/travis/build/icyphy/ptII/pts
erver/lib/wmqtt.jar:/home/travis/build/icyphy/ptII/lib/mapss.jar:/home/travis/b
uild/icyphy/ptII/ptolemy/actor/ptalon/antlr/antlr.jar:/home/travis/build/icyphy
/ptII/lib/JRI.jar:/home/travis/build/icyphy/ptII/lib/commons-lang-2.6.jar:/home
/travis/build/icyphy/ptII/lib/commons-logging-1.1.1.jar:/home/travis/build/icyp
hy/ptII/lib/sootclasses.jar:/home/travis/build/icyphy/ptII/ptolemy/actor/lib/da
tabase/mysql-connector-java-5.1.6-bin.jar:/home/travis/build/icyphy/ptII/vendor
s/misc/sphinx4/sphinx4-data-5prealpha.jar:/home/travis/build/icyphy/ptII/vendor
s/misc/sphinx4/sphinx4-core-5prealpha.jar:/home/travis/build/icyphy/ptII/lib/PD
FRenderer.jar:/home/travis/build/icyphy/ptII/lib/svgSalamander.jar:/home/travis
/build/icyphy/ptII/lib/rsyntaxtextarea-2.6.0-SNAPSHOT.jar:/home/travis/build/ic
yphy/ptII/lib/hazelcast-3.8.2.jar:/home/travis/build/icyphy/ptII/lib/jackson-an
notations-2.9.0.jar:/home/travis/build/icyphy/ptII/lib/jackson-core-2.9.3.jar:/
home/travis/build/icyphy/ptII/lib/jackson-databind-2.9.3.jar:/home/travis/build
/icyphy/ptII/lib/netty-buffer-4.1.19.Final.jar:/home/travis/build/icyphy/ptII/l
ib/netty-codec-4.1.19.Final.jar:/home/travis/build/icyphy/ptII/lib/netty-codec-
dns-4.1.19.Final.jar:/home/travis/build/icyphy/ptII/lib/netty-codec-http-4.1.19
.Final.jar:/home/travis/build/icyphy/ptII/lib/netty-codec-http2-4.1.19.Final.ja
r:/home/travis/build/icyphy/ptII/lib/netty-common-4.1.19.Final.jar:/home/travis
/build/icyphy/ptII/lib/netty-handler-4.1.19.Final.jar:/home/travis/build/icyphy
/ptII/lib/netty-resolver-4.1.19.Final.jar:/home/travis/build/icyphy/ptII/lib/ne
tty-resolver-dns-4.1.19.Final.jar:/home/travis/build/icyphy/ptII/lib/netty-tran
sport-4.1.19.Final.jar:/home/travis/build/icyphy/ptII/lib/vertx-codegen-3.5.1.j
ar:/home/travis/build/icyphy/ptII/lib/vertx-core-3.5.2-SNAPSHOT.jar:/home/travi
s/build/icyphy/ptII/lib/vertx-hazelcast-3.5.1.jar:/home/travis/build/icyphy/ptI
I/lib/vertx-lang-js-3.5.1.jar:/home/travis/build/icyphy/ptII/lib/vertx-service-
proxy-3.5.1.jar:/home/travis/build/icyphy/ptII/lib/vertx-web-3.5.1.jar:/home/tr
avis/build/icyphy/ptII/lib/slf4j-api-1.7.13.jar:/home/travis/build/icyphy/ptII/
lib/slf4j-simple-1.7.13.jar:/home/travis/build/icyphy/ptII/lib/webcam-capture-0
.3.12.jar:/home/travis/build/icyphy/ptII/lib/bridj-0.7.0.jar:/home/travis/build
/icyphy/ptII/lib/xbjlib-1.1.0.nrjavaserial.jar:/home/travis/build/icyphy/ptII/p
tolemy/moml/test:/home/travis/build/icyphy/ptII/ant/lib/ant-launcher.jar:/home/
travis/build/icyphy/ptII/ant/lib/ant.jar:/home/travis/build/icyphy/ptII/ant/lib
/ant-junit.jar:/home/travis/build/icyphy/ptII/ant/lib/ant-junit4.jar:/home/trav
is/build/icyphy/ptII
PubSubAggModularCodeGen_ModularCodeGenTypedComposite_profile.java
total 2208
drwxrwxr-x   3 travis travis 12288 Jan 18 03:20 AbsoluteValue
-rw-rw-r--   1 travis travis   233 Jan 18 03:26 Array.class
-rw-rw-r--   1 travis travis   459 Jan 18 03:26 Array.java
drwxrwxr-x   3 travis travis 16384 Jan 18 03:20 Case1
drwxrwxr-x   3 travis travis 32768 Jan 18 03:20 Case2
-rw-rw-r--   1 travis travis  4895 Jan 18 03:25 CompiledCompositeActor_CompiledCompositeActor.class
-rw-rw-r--   1 travis travis  1592 Jan 18 03:25 CompiledCompositeActor_CompiledCompositeActor$_CompiledCompositeActor_CompiledCompositeActor.class
-rw-rw-r--   1 travis travis 13466 Jan 18 03:25 CompiledCompositeActor_CompiledCompositeActor.java
-rw-rw-r--   1 travis travis  1593 Jan 18 03:25 CompiledCompositeActor_CompiledCompositeActor.mk
drwxrwxr-x   3 travis travis 24576 Jan 18 03:23 DeScrambler
drwxrwxr-x   3 travis travis 16384 Jan 18 03:24 DotProduct
drwxrwxr-x   3 travis travis 12288 Jan 18 03:21 FileWriter1
drwxrwxr-x   3 travis travis 20480 Jan 18 03:20 FixToDoubleAndBack
drwxrwxr-x   3 travis travis 16384 Jan 18 03:21 Gaussian1
drwxrwxr-x   3 travis travis 20480 Jan 18 03:21 Gaussian2
-rw-rw-r--   1 travis travis  4457 Jan 18 03:25 JavaCompiledCompositeTest1_CompiledCompositeActor.class
-rw-rw-r--   1 travis travis 11637 Jan 18 03:25 JavaCompiledCompositeTest1_CompiledCompositeActor.java
-rw-rw-r--   1 travis travis  1198 Jan 18 03:25 JavaCompiledCompositeTest1_CompiledCompositeActor$_JavaCompiledCompositeTest1_CompiledCompositeActor.class
-rw-rw-r--   1 travis travis  1625 Jan 18 03:25 JavaCompiledCompositeTest1_CompiledCompositeActor.mk
-rw-rw-r--   1 travis travis  4888 Jan 18 03:25 JavaCompiledCompositeTest2_CompiledCompositeActor.class
-rw-rw-r--   1 travis travis 14919 Jan 18 03:25 JavaCompiledCompositeTest2_CompiledCompositeActor.java
-rw-rw-r--   1 travis travis  1793 Jan 18 03:25 JavaCompiledCompositeTest2_CompiledCompositeActor$_JavaCompiledCompositeTest2_CompiledCompositeActor.class
-rw-rw-r--   1 travis travis  1625 Jan 18 03:25 JavaCompiledCompositeTest2_CompiledCompositeActor.mk
-rw-rw-r--   1 travis travis  4505 Jan 18 03:25 JavaCompiledCompositeTest3_CompiledCompositeActor.class
-rw-rw-r--   1 travis travis 13080 Jan 18 03:25 JavaCompiledCompositeTest3_CompiledCompositeActor.java
-rw-rw-r--   1 travis travis  1378 Jan 18 03:25 JavaCompiledCompositeTest3_CompiledCompositeActor$_JavaCompiledCompositeTest3_CompiledCompositeActor.class
-rw-rw-r--   1 travis travis  1625 Jan 18 03:25 JavaCompiledCompositeTest3_CompiledCompositeActor.mk
-rw-rw-r--   1 travis travis  3953 Jan 18 03:25 JavaCompiledCompositeTest4_CompiledCompositeActor.class
-rw-rw-r--   1 travis travis  9687 Jan 18 03:25 JavaCompiledCompositeTest4_CompiledCompositeActor.java
-rw-rw-r--   1 travis travis   857 Jan 18 03:25 JavaCompiledCompositeTest4_CompiledCompositeActor$_JavaCompiledCompositeTest4_CompiledCompositeActor.class
-rw-rw-r--   1 travis travis  1625 Jan 18 03:25 JavaCompiledCompositeTest4_CompiledCompositeActor.mk
drwxrwxr-x   3 travis travis 12288 Jan 18 03:21 LookupTable
drwxrwxr-x   3 travis travis 20480 Jan 18 03:21 MaxIndex
-rw-rw-r--   1 travis travis  3693 Jan 18 03:25 ModularCG_A1_B1.class
-rw-rw-r--   1 travis travis  9730 Jan 18 03:25 ModularCG_A1_B1.java
-rw-rw-r--   1 travis travis   832 Jan 18 03:25 ModularCG_A1_B1.mk
-rw-rw-r--   1 travis travis  1318 Jan 18 03:25 ModularCG_A1_B1_profile.class
-rw-rw-r--   1 travis travis  1262 Jan 18 03:25 ModularCG_A1_B1_profile.java
-rw-rw-r--   1 travis travis  3693 Jan 18 03:25 ModularCG_A1_B2.class
-rw-rw-r--   1 travis travis  9730 Jan 18 03:25 ModularCG_A1_B2.java
-rw-rw-r--   1 travis travis   832 Jan 18 03:25 ModularCG_A1_B2.mk
-rw-rw-r--   1 travis travis  1318 Jan 18 03:25 ModularCG_A1_B2_profile.class
-rw-rw-r--   1 travis travis  1262 Jan 18 03:25 ModularCG_A1_B2_profile.java
-rw-rw-r--   1 travis travis  4799 Jan 18 03:25 ModularCG_A1.class
-rw-rw-r--   1 travis travis 14742 Jan 18 03:25 ModularCG_A1.java
-rw-rw-r--   1 travis travis   808 Jan 18 03:25 ModularCG_A1.mk
-rw-rw-r--   1 travis travis  1433 Jan 18 03:25 ModularCG_A1_profile.class
-rw-rw-r--   1 travis travis  1704 Jan 18 03:25 ModularCG_A1_profile.java
-rw-rw-r--   1 travis travis  3827 Jan 18 03:25 ModularCG_A2_B1.class
-rw-rw-r--   1 travis travis 10667 Jan 18 03:25 ModularCG_A2_B1.java
-rw-rw-r--   1 travis travis   832 Jan 18 03:25 ModularCG_A2_B1.mk
-rw-rw-r--   1 travis travis  1381 Jan 18 03:25 ModularCG_A2_B1_profile.class
-rw-rw-r--   1 travis travis  1446 Jan 18 03:25 ModularCG_A2_B1_profile.java
-rw-rw-r--   1 travis travis  3693 Jan 18 03:25 ModularCG_A2_B2.class
-rw-rw-r--   1 travis travis  9730 Jan 18 03:25 ModularCG_A2_B2.java
-rw-rw-r--   1 travis travis   832 Jan 18 03:25 ModularCG_A2_B2.mk
-rw-rw-r--   1 travis travis  1318 Jan 18 03:25 ModularCG_A2_B2_profile.class
-rw-rw-r--   1 travis travis  1262 Jan 18 03:25 ModularCG_A2_B2_profile.java
-rw-rw-r--   1 travis travis  4870 Jan 18 03:25 ModularCG_A2.class
-rw-rw-r--   1 travis travis 15129 Jan 18 03:25 ModularCG_A2.java
-rw-rw-r--   1 travis travis   808 Jan 18 03:25 ModularCG_A2.mk
-rw-rw-r--   1 travis travis  1433 Jan 18 03:25 ModularCG_A2_profile.class
-rw-rw-r--   1 travis travis  1704 Jan 18 03:25 ModularCG_A2_profile.java
-rw-rw-r--   1 travis travis  3473 Jan 18 03:25 ModularCGPubSub_A1_A2.class
-rw-rw-r--   1 travis travis  9076 Jan 18 03:25 ModularCGPubSub_A1_A2.java
-rw-rw-r--   1 travis travis   880 Jan 18 03:25 ModularCGPubSub_A1_A2.mk
-rw-rw-r--   1 travis travis  1300 Jan 18 03:25 ModularCGPubSub_A1_A2_profile.class
-rw-rw-r--   1 travis travis  1222 Jan 18 03:25 ModularCGPubSub_A1_A2_profile.java
-rw-rw-r--   1 travis travis  3790 Jan 18 03:25 ModularCGPubSub_A1.class
-rw-rw-r--   1 travis travis  9836 Jan 18 03:25 ModularCGPubSub_A1.java
-rw-rw-r--   1 travis travis   856 Jan 18 03:25 ModularCGPubSub_A1.mk
-rw-rw-r--   1 travis travis  1346 Jan 18 03:25 ModularCGPubSub_A1_profile.class
-rw-rw-r--   1 travis travis  1388 Jan 18 03:25 ModularCGPubSub_A1_profile.java
-rw-rw-r--   1 travis travis  3988 Jan 18 03:25 ModularCodeGen2_ModularCodeGenTypedCompositeActor.class
-rw-rw-r--   1 travis travis 11690 Jan 18 03:25 ModularCodeGen2_ModularCodeGenTypedCompositeActor.java
-rw-rw-r--   1 travis travis  1104 Jan 18 03:25 ModularCodeGen2_ModularCodeGenTypedCompositeActor.mk
-rw-rw-r--   1 travis travis  4272 Jan 18 03:25 ModularCodeGen2_ModularCodeGenTypedCompositeActor_ModularCodeGenTypedCompositeActor.class
-rw-rw-r--   1 travis travis 11790 Jan 18 03:25 ModularCodeGen2_ModularCodeGenTypedCompositeActor_ModularCodeGenTypedCompositeActor.java
-rw-rw-r--   1 travis travis  1376 Jan 18 03:25 ModularCodeGen2_ModularCodeGenTypedCompositeActor_ModularCodeGenTypedCompositeActor.mk
-rw-rw-r--   1 travis travis  1421 Jan 18 03:25 ModularCodeGen2_ModularCodeGenTypedCompositeActor_ModularCodeGenTypedCompositeActor_profile.class
-rw-rw-r--   1 travis travis  1294 Jan 18 03:25 ModularCodeGen2_ModularCodeGenTypedCompositeActor_ModularCodeGenTypedCompositeActor_profile.java
-rw-rw-r--   1 travis travis   820 Jan 18 03:25 ModularCodeGen2_ModularCodeGenTypedCompositeActor_profile.class
-rw-rw-r--   1 travis travis   693 Jan 18 03:25 ModularCodeGen2_ModularCodeGenTypedCompositeActor_profile.java
-rw-rw-r--   1 travis travis  3741 Jan 18 03:25 ModularCodeGen3_A1_B1.class
-rw-rw-r--   1 travis travis  9958 Jan 18 03:25 ModularCodeGen3_A1_B1.java
-rw-rw-r--   1 travis travis   880 Jan 18 03:25 ModularCodeGen3_A1_B1.mk
-rw-rw-r--   1 travis travis  1330 Jan 18 03:25 ModularCodeGen3_A1_B1_profile.class
-rw-rw-r--   1 travis travis  1274 Jan 18 03:25 ModularCodeGen3_A1_B1_profile.java
-rw-rw-r--   1 travis travis  3741 Jan 18 03:25 ModularCodeGen3_A1_B2.class
-rw-rw-r--   1 travis travis  9958 Jan 18 03:25 ModularCodeGen3_A1_B2.java
-rw-rw-r--   1 travis travis   880 Jan 18 03:25 ModularCodeGen3_A1_B2.mk
-rw-rw-r--   1 travis travis  1330 Jan 18 03:25 ModularCodeGen3_A1_B2_profile.class
-rw-rw-r--   1 travis travis  1274 Jan 18 03:25 ModularCodeGen3_A1_B2_profile.java
-rw-rw-r--   1 travis travis  4961 Jan 18 03:26 ModularCodeGen3_A1.class
-rw-rw-r--   1 travis travis 15564 Jan 18 03:26 ModularCodeGen3_A1.java
-rw-rw-r--   1 travis travis   856 Jan 18 03:26 ModularCodeGen3_A1.mk
-rw-rw-r--   1 travis travis  1445 Jan 18 03:26 ModularCodeGen3_A1_profile.class
-rw-rw-r--   1 travis travis  1716 Jan 18 03:25 ModularCodeGen3_A1_profile.java
-rw-rw-r--   1 travis travis  3887 Jan 18 03:26 ModularCodeGen3_A2_B1.class
-rw-rw-r--   1 travis travis 10955 Jan 18 03:26 ModularCodeGen3_A2_B1.java
-rw-rw-r--   1 travis travis   880 Jan 18 03:26 ModularCodeGen3_A2_B1.mk
-rw-rw-r--   1 travis travis  1393 Jan 18 03:26 ModularCodeGen3_A2_B1_profile.class
-rw-rw-r--   1 travis travis  1458 Jan 18 03:26 ModularCodeGen3_A2_B1_profile.java
-rw-rw-r--   1 travis travis  3741 Jan 18 03:26 ModularCodeGen3_A2_B2.class
-rw-rw-r--   1 travis travis  9958 Jan 18 03:26 ModularCodeGen3_A2_B2.java
-rw-rw-r--   1 travis travis   880 Jan 18 03:26 ModularCodeGen3_A2_B2.mk
-rw-rw-r--   1 travis travis  1330 Jan 18 03:26 ModularCodeGen3_A2_B2_profile.class
-rw-rw-r--   1 travis travis  1274 Jan 18 03:26 ModularCodeGen3_A2_B2_profile.java
-rw-rw-r--   1 travis travis  5038 Jan 18 03:26 ModularCodeGen3_A2.class
-rw-rw-r--   1 travis travis 15957 Jan 18 03:26 ModularCodeGen3_A2.java
-rw-rw-r--   1 travis travis   856 Jan 18 03:26 ModularCodeGen3_A2.mk
-rw-rw-r--   1 travis travis  1445 Jan 18 03:26 ModularCodeGen3_A2_profile.class
-rw-rw-r--   1 travis travis  1716 Jan 18 03:26 ModularCodeGen3_A2_profile.java
-rw-rw-r--   1 travis travis  3794 Jan 18 03:26 ModularCodeGen4_A1_B1.class
-rw-rw-r--   1 travis travis 10312 Jan 18 03:26 ModularCodeGen4_A1_B1.java
-rw-rw-r--   1 travis travis   880 Jan 18 03:26 ModularCodeGen4_A1_B1.mk
-rw-rw-r--   1 travis travis  1330 Jan 18 03:26 ModularCodeGen4_A1_B1_profile.class
-rw-rw-r--   1 travis travis  1273 Jan 18 03:26 ModularCodeGen4_A1_B1_profile.java
-rw-rw-r--   1 travis travis  3794 Jan 18 03:26 ModularCodeGen4_A1_B2.class
-rw-rw-r--   1 travis travis 10312 Jan 18 03:26 ModularCodeGen4_A1_B2.java
-rw-rw-r--   1 travis travis   880 Jan 18 03:26 ModularCodeGen4_A1_B2.mk
-rw-rw-r--   1 travis travis  1330 Jan 18 03:26 ModularCodeGen4_A1_B2_profile.class
-rw-rw-r--   1 travis travis  1273 Jan 18 03:26 ModularCodeGen4_A1_B2_profile.java
-rw-rw-r--   1 travis travis  5101 Jan 18 03:26 ModularCodeGen4_A1.class
-rw-rw-r--   1 travis travis 16245 Jan 18 03:26 ModularCodeGen4_A1.java
-rw-rw-r--   1 travis travis   856 Jan 18 03:26 ModularCodeGen4_A1.mk
-rw-rw-r--   1 travis travis  1445 Jan 18 03:26 ModularCodeGen4_A1_profile.class
-rw-rw-r--   1 travis travis  1712 Jan 18 03:26 ModularCodeGen4_A1_profile.java
-rw-rw-r--   1 travis travis  3988 Jan 18 03:26 ModularCodeGen4_A2_B1.class
-rw-rw-r--   1 travis travis 11375 Jan 18 03:26 ModularCodeGen4_A2_B1.java
-rw-rw-r--   1 travis travis   880 Jan 18 03:26 ModularCodeGen4_A2_B1.mk
-rw-rw-r--   1 travis travis  1393 Jan 18 03:26 ModularCodeGen4_A2_B1_profile.class
-rw-rw-r--   1 travis travis  1454 Jan 18 03:26 ModularCodeGen4_A2_B1_profile.java
-rw-rw-r--   1 travis travis  3842 Jan 18 03:26 ModularCodeGen4_A2_B2.class
-rw-rw-r--   1 travis travis 10378 Jan 18 03:26 ModularCodeGen4_A2_B2.java
-rw-rw-r--   1 travis travis   880 Jan 18 03:26 ModularCodeGen4_A2_B2.mk
-rw-rw-r--   1 travis travis  1330 Jan 18 03:26 ModularCodeGen4_A2_B2_profile.class
-rw-rw-r--   1 travis travis  1270 Jan 18 03:26 ModularCodeGen4_A2_B2_profile.java
-rw-rw-r--   1 travis travis  5274 Jan 18 03:26 ModularCodeGen4_A2.class
-rw-rw-r--   1 travis travis 16770 Jan 18 03:26 ModularCodeGen4_A2.java
-rw-rw-r--   1 travis travis   856 Jan 18 03:26 ModularCodeGen4_A2.mk
-rw-rw-r--   1 travis travis  1445 Jan 18 03:26 ModularCodeGen4_A2_profile.class
-rw-rw-r--   1 travis travis  1712 Jan 18 03:26 ModularCodeGen4_A2_profile.java
-rw-rw-r--   1 travis travis  6838 Jan 18 03:26 ModularCodeGen5_A_A.class
-rw-rw-r--   1 travis travis 28721 Jan 18 03:26 ModularCodeGen5_A_A.java
-rw-rw-r--   1 travis travis   864 Jan 18 03:26 ModularCodeGen5_A_A.mk
-rw-rw-r--   1 travis travis  1520 Jan 18 03:26 ModularCodeGen5_A_A_profile.class
-rw-rw-r--   1 travis travis  1815 Jan 18 03:26 ModularCodeGen5_A_A_profile.java
-rw-rw-r--   1 travis travis  5115 Jan 18 03:26 ModularCodeGen5_A.class
-rw-rw-r--   1 travis travis 13769 Jan 18 03:26 ModularCodeGen5_A.java
-rw-rw-r--   1 travis travis   848 Jan 18 03:26 ModularCodeGen5_A.mk
-rw-rw-r--   1 travis travis  1422 Jan 18 03:26 ModularCodeGen5_A_profile.class
-rw-rw-r--   1 travis travis  1605 Jan 18 03:26 ModularCodeGen5_A_profile.java
-rw-rw-r--   1 travis travis  4125 Jan 18 03:26 ModularCodeGen6_A_A2.class
-rw-rw-r--   1 travis travis 11329 Jan 18 03:26 ModularCodeGen6_A_A2.java
-rw-rw-r--   1 travis travis   872 Jan 18 03:26 ModularCodeGen6_A_A2.mk
-rw-rw-r--   1 travis travis  1351 Jan 18 03:26 ModularCodeGen6_A_A2_profile.class
-rw-rw-r--   1 travis travis  1364 Jan 18 03:26 ModularCodeGen6_A_A2_profile.java
-rw-rw-r--   1 travis travis  4108 Jan 18 03:26 ModularCodeGen6_A_A.class
-rw-rw-r--   1 travis travis 11221 Jan 18 03:26 ModularCodeGen6_A_A.java
-rw-rw-r--   1 travis travis   864 Jan 18 03:26 ModularCodeGen6_A_A.mk
-rw-rw-r--   1 travis travis  1348 Jan 18 03:26 ModularCodeGen6_A_A_profile.class
-rw-rw-r--   1 travis travis  1361 Jan 18 03:26 ModularCodeGen6_A_A_profile.java
-rw-rw-r--   1 travis travis  7237 Jan 18 03:26 ModularCodeGen6_A.class
-rw-rw-r--   1 travis travis 26535 Jan 18 03:26 ModularCodeGen6_A.java
-rw-rw-r--   1 travis travis   848 Jan 18 03:26 ModularCodeGen6_A.mk
-rw-rw-r--   1 travis travis  1483 Jan 18 03:26 ModularCodeGen6_A_profile.class
-rw-rw-r--   1 travis travis  1810 Jan 18 03:26 ModularCodeGen6_A_profile.java
-rw-rw-r--   1 travis travis  9439 Jan 18 03:26 ModularCodeGenLazyPubSubGlobal_CompositeActor_ModularCodeGenTypedComposite.class
-rw-rw-r--   1 travis travis 30161 Jan 18 03:26 ModularCodeGenLazyPubSubGlobal_CompositeActor_ModularCodeGenTypedComposite.java
-rw-rw-r--   1 travis travis  1304 Jan 18 03:26 ModularCodeGenLazyPubSubGlobal_CompositeActor_ModularCodeGenTypedComposite.mk
-rw-rw-r--   1 travis travis  1438 Jan 18 03:26 ModularCodeGenLazyPubSubGlobal_CompositeActor_ModularCodeGenTypedComposite_profile.class
-rw-rw-r--   1 travis travis  1384 Jan 18 03:26 ModularCodeGenLazyPubSubGlobal_CompositeActor_ModularCodeGenTypedComposite_profile.java
-rw-rw-r--   1 travis travis  3952 Jan 18 03:26 ModularCodeGenLazyPubSub_LazyCompositeActor.class
-rw-rw-r--   1 travis travis 11122 Jan 18 03:26 ModularCodeGenLazyPubSub_LazyCompositeActor.java
-rw-rw-r--   1 travis travis  1056 Jan 18 03:26 ModularCodeGenLazyPubSub_LazyCompositeActor.mk
-rw-rw-r--   1 travis travis  1286 Jan 18 03:26 ModularCodeGenLazyPubSub_LazyCompositeActor_profile.class
-rw-rw-r--   1 travis travis  1091 Jan 18 03:26 ModularCodeGenLazyPubSub_LazyCompositeActor_profile.java
-rw-rw-r--   1 travis travis  3954 Jan 18 03:25 ModularCodeGen_ModularCodeGenTypedCompositeActor.class
-rw-rw-r--   1 travis travis 10970 Jan 18 03:25 ModularCodeGen_ModularCodeGenTypedCompositeActor.java
-rw-rw-r--   1 travis travis  1096 Jan 18 03:25 ModularCodeGen_ModularCodeGenTypedCompositeActor.mk
-rw-rw-r--   1 travis travis  1384 Jan 18 03:25 ModularCodeGen_ModularCodeGenTypedCompositeActor_profile.class
-rw-rw-r--   1 travis travis  1328 Jan 18 03:25 ModularCodeGen_ModularCodeGenTypedCompositeActor_profile.java
-rw-rw-r--   1 travis travis  3441 Jan 18 03:26 ModularCodeGenPubSub2_A1_A.class
-rw-rw-r--   1 travis travis  8578 Jan 18 03:26 ModularCodeGenPubSub2_A1_A.java
-rw-rw-r--   1 travis travis   920 Jan 18 03:26 ModularCodeGenPubSub2_A1_A.mk
-rw-rw-r--   1 travis travis  1274 Jan 18 03:26 ModularCodeGenPubSub2_A1_A_profile.class
-rw-rw-r--   1 travis travis  1128 Jan 18 03:26 ModularCodeGenPubSub2_A1_A_profile.java
-rw-rw-r--   1 travis travis  3733 Jan 18 03:26 ModularCodeGenPubSub2_A1.class
-rw-rw-r--   1 travis travis  9781 Jan 18 03:26 ModularCodeGenPubSub2_A1.java
-rw-rw-r--   1 travis travis   904 Jan 18 03:26 ModularCodeGenPubSub2_A1.mk
-rw-rw-r--   1 travis travis  1268 Jan 18 03:26 ModularCodeGenPubSub2_A1_profile.class
-rw-rw-r--   1 travis travis  1196 Jan 18 03:26 ModularCodeGenPubSub2_A1_profile.java
-rw-rw-r--   1 travis travis  3437 Jan 18 03:26 ModularCodeGenPubSub3_A1_A2.class
-rw-rw-r--   1 travis travis  8599 Jan 18 03:26 ModularCodeGenPubSub3_A1_A2.java
-rw-rw-r--   1 travis travis   928 Jan 18 03:26 ModularCodeGenPubSub3_A1_A2.mk
-rw-rw-r--   1 travis travis  1287 Jan 18 03:26 ModularCodeGenPubSub3_A1_A2_profile.class
-rw-rw-r--   1 travis travis  1132 Jan 18 03:26 ModularCodeGenPubSub3_A1_A2_profile.java
-rw-rw-r--   1 travis travis  3856 Jan 18 03:26 ModularCodeGenPubSub3_A1.class
-rw-rw-r--   1 travis travis 10100 Jan 18 03:26 ModularCodeGenPubSub3_A1.java
-rw-rw-r--   1 travis travis   904 Jan 18 03:26 ModularCodeGenPubSub3_A1.mk
-rw-rw-r--   1 travis travis  1358 Jan 18 03:26 ModularCodeGenPubSub3_A1_profile.class
-rw-rw-r--   1 travis travis  1400 Jan 18 03:26 ModularCodeGenPubSub3_A1_profile.java
-rw-rw-r--   1 travis travis  3441 Jan 18 03:26 ModularCodeGenPubSub4_A1_A.class
-rw-rw-r--   1 travis travis  8578 Jan 18 03:26 ModularCodeGenPubSub4_A1_A.java
-rw-rw-r--   1 travis travis   920 Jan 18 03:26 ModularCodeGenPubSub4_A1_A.mk
-rw-rw-r--   1 travis travis  1274 Jan 18 03:26 ModularCodeGenPubSub4_A1_A_profile.class
-rw-rw-r--   1 travis travis  1128 Jan 18 03:26 ModularCodeGenPubSub4_A1_A_profile.java
-rw-rw-r--   1 travis travis  3683 Jan 18 03:26 ModularCodeGenPubSub4_A1.class
-rw-rw-r--   1 travis travis  9231 Jan 18 03:26 ModularCodeGenPubSub4_A1.java
-rw-rw-r--   1 travis travis   904 Jan 18 03:26 ModularCodeGenPubSub4_A1.mk
-rw-rw-r--   1 travis travis  1247 Jan 18 03:26 ModularCodeGenPubSub4_A1_profile.class
-rw-rw-r--   1 travis travis  1137 Jan 18 03:26 ModularCodeGenPubSub4_A1_profile.java
-rw-rw-r--   1 travis travis  3475 Jan 18 03:26 ModularCodeGenPubSub_A1.class
-rw-rw-r--   1 travis travis  9060 Jan 18 03:26 ModularCodeGenPubSub_A1.java
-rw-rw-r--   1 travis travis   896 Jan 18 03:26 ModularCodeGenPubSub_A1.mk
-rw-rw-r--   1 travis travis  1278 Jan 18 03:26 ModularCodeGenPubSub_A1_profile.class
-rw-rw-r--   1 travis travis  1195 Jan 18 03:26 ModularCodeGenPubSub_A1_profile.java
-rw-rw-r--   1 travis travis  3492 Jan 18 03:25 ModularCodeGenTest_A1_A2.class
-rw-rw-r--   1 travis travis   904 Jan 18 03:25 ModularCodeGenTest_A1_A2.mk
-rw-rw-r--   1 travis travis  1306 Jan 18 03:25 ModularCodeGenTest_A1_A2_profile.class
-rw-rw-r--   1 travis travis  9968 Jan 18 03:25 ModularCodeGenTest_A1.java
-rw-rw-r--   1 travis travis   880 Jan 18 03:25 ModularCodeGenTest_A1.mk
drwxrwxr-x   3 travis travis 36864 Jan 18 03:25 modulation2
drwxrwxr-x   3 travis travis 20480 Jan 18 03:21 Multiplexor
drwxrwxr-x 249 travis travis 12288 Jan 18 03:25 node_modules
drwxrwxr-x   3 travis travis 20480 Jan 18 03:22 PhaseUnwrap
-rw-rw-r--   1 travis travis  1007 Jan 18 03:26 PubSubAggModularCodeGen_ModularCodeGenTypedComposite_profile.java
-rw-rw-r--   1 travis travis   520 Jan 18 03:25 Repeat$_fireFunction_Repeat_Repeat$__f_sL_0.class
-rw-rw-r--   1 travis travis   522 Jan 18 03:25 Repeat$_fireFunction_Repeat_Repeat$__f_sL_10.class
-rw-rw-r--   1 travis travis   666 Jan 18 03:25 Repeat$_fireFunction_Repeat_Repeat$__f_sL_11.class
-rw-rw-r--   1 travis travis   522 Jan 18 03:25 Repeat$_fireFunction_Repeat_Repeat$__f_sL_13.class
-rw-rw-r--   1 travis travis   665 Jan 18 03:25 Repeat$_fireFunction_Repeat_Repeat$__f_sL_1.class
-rw-rw-r--   1 travis travis   520 Jan 18 03:25 Repeat$_fireFunction_Repeat_Repeat$__f_sL_2.class
-rw-rw-r--   1 travis travis   520 Jan 18 03:25 Repeat$_fireFunction_Repeat_Repeat$__f_sL_3.class
-rw-rw-r--   1 travis travis   520 Jan 18 03:25 Repeat$_fireFunction_Repeat_Repeat$__f_sL_5.class
-rw-rw-r--   1 travis travis   671 Jan 18 03:25 Repeat$_fireFunction_Repeat_Repeat$__f_sL_7.class
-rw-rw-r--   1 travis travis   520 Jan 18 03:25 Repeat$_fireFunction_Repeat_Repeat$__f_sL_9.class
-rw-rw-r--   1 travis travis   813 Jan 18 03:25 Repeat$_initialize_Repeat.class
-rw-rw-r--   1 travis travis   475 Jan 18 03:25 Repeat$_initialize_Repeat$__i_sL_0.class
-rw-rw-r--   1 travis travis   519 Jan 18 03:25 Repeat$_initialize_Repeat$__i_sL_3.class
-rw-rw-r--   1 travis travis 39778 Jan 18 03:25 Repeat.java
-rw-rw-r--   1 travis travis  1281 Jan 18 03:25 Repeat.mk
-rw-rw-r--   1 travis travis   520 Jan 18 03:25 Repeat$_preinitializeMethod_Repeat$__p_sL_0.class
-rw-rw-r--   1 travis travis   520 Jan 18 03:25 Repeat$_preinitializeMethod_Repeat$__p_sL_1.class
-rw-rw-r--   1 travis travis  1083 Jan 18 03:25 Repeat$_Repeat$_fireFunction_Repeat_AddSubtract_Repeat.class
-rw-rw-r--   1 travis travis   791 Jan 18 03:25 Repeat$_Repeat$_fireFunction_Repeat_AddSubtract_Repeat$__f_sL_0.class
-rw-rw-r--   1 travis travis   909 Jan 18 03:25 Repeat$_Repeat$_fireFunction_Repeat_AddSubtract_Repeat$__f_sL_1.class
-rw-rw-r--   1 travis travis   915 Jan 18 03:25 Repeat$_Repeat$_fireFunction_Repeat_AddSubtract_Repeat$__f_sL_2.class
-rw-rw-r--   1 travis travis   838 Jan 18 03:25 Repeat$_Repeat$_fireFunction_Repeat_Ramp2_Repeat$__f_sL_1.class
-rw-rw-r--   1 travis travis  1785 Jan 18 03:25 Repeat$_Repeat$_fireFunction_Repeat_Test_Repeat$__f_sL_2.class
-rw-rw-r--   1 travis travis   685 Jan 18 03:25 Repeat$_Repeat_SDF_Director_run_Repeat$__R_sL_0.class
-rw-rw-r--   1 travis travis   540 Jan 18 03:25 Repeat$_Repeat_SDF_Director_run_Repeat$__R_sL_1.class
-rw-rw-r--   1 travis travis   540 Jan 18 03:25 Repeat$_Repeat_SDF_Director_run_Repeat$__R_sL_2.class
-rw-rw-r--   1 travis travis   540 Jan 18 03:25 Repeat$_Repeat_SDF_Director_run_Repeat$__R_sL_4.class
-rw-rw-r--   1 travis travis   540 Jan 18 03:25 Repeat$_Repeat_SDF_Director_run_Repeat$__R_sL_5.class
-rw-rw-r--   1 travis travis   691 Jan 18 03:25 Repeat$_Repeat_SDF_Director_run_Repeat$__R_sL_6.class
-rw-rw-r--   1 travis travis   540 Jan 18 03:25 Repeat$_Repeat_SDF_Director_run_Repeat$__R_sL_7.class
-rw-rw-r--   1 travis travis   863 Jan 18 03:25 Repeat$_varinit_Repeat.class
-rw-rw-r--   1 travis travis   530 Jan 18 03:25 Repeat$_varinit_Repeat$__v_sL_1.class
-rw-rw-r--   1 travis travis   531 Jan 18 03:25 Repeat$_varinit_Repeat$__v_sL_2.class
-rw-rw-r--   1 travis travis   905 Jan 18 03:25 Repeat$_varinit_Repeat$__v_sL_4.class
-rw-rw-r--   1 travis travis   635 Jan 18 03:25 Repeat$_wrapup_Repeat.class
-rw-rw-r--   1 travis travis   965 Jan 18 03:25 Repeat$_wrapup_Repeat$__w_sL_1.class
-rw-rw-r--   1 travis travis   289 Jan 18 03:19 result.csv
drwxrwxr-x   3 travis travis 12288 Jan 18 03:23 Scrambler1
drwxrwxr-x   3 travis travis 20480 Jan 18 03:22 Sinewave2
drwxrwxr-x   3 travis travis 69632 Jan 18 03:23 StringCompare
drwxrwxr-x   3 travis travis 32768 Jan 18 03:23 StringFunction
drwxrwxr-x   3 travis travis 12288 Jan 18 03:23 StringLength
drwxrwxr-x   3 travis travis 57344 Jan 18 03:24 StringSimpleReplace
drwxrwxr-x   3 travis travis 12288 Jan 18 03:24 time2
drwxrwxr-x   3 travis travis 12288 Jan 18 03:25 time5
-rw-rw-r--   1 travis travis   432 Jan 18 03:26 Token.class
-rw-rw-r--   1 travis travis   251 Jan 18 03:26 Token.java
-rw-rw-r--   1 travis travis     0 Jan 18 03:25 top.
-rw-rw-r--   1 travis travis 20502 Jan 18 03:19 top.c
-rw-rw-r--   1 travis travis  3567 Jan 18 03:25 top.class
-rw-rw-r--   1 travis travis   169 Jan 18 03:19 top.html
-rw-rw-r--   1 travis travis  7552 Jan 18 03:25 top.java
-rw-rw-r--   1 travis travis 38888 Jan 18 03:19 top.o
drwxrwxr-x   3 travis travis 57344 Jan 18 03:22 UnaryMathFunction
warning: Supported source version 'RELEASE_6' from annotation processor 'org.netbeans.modules.openide.util.NbBundleProcessor' less than -source '1.8'
warning: Supported source version 'RELEASE_6' from annotation processor 'org.netbeans.modules.openide.util.URLStreamHandlerRegistrationProcessor' less than -source '1.8'
warning: Supported source version 'RELEASE_6' from annotation processor 'org.netbeans.modules.openide.util.ServiceProviderProcessor' less than -source '1.8'
3 warnings
All Done
Writing PubSubAggModularCodeGen_ModularCodeGenTypedComposite.java in file:/home/travis/cg/ (27850 characters)
Reading "ptolemy/cg/kernel/generic/program/procedural/java/modular/makefile.in",
    writing "/home/travis/cg/PubSubAggModularCodeGen_ModularCodeGenTypedComposite.mk"
Using ptolemy/cg/kernel/generic/program/procedural/java/modular/makefile.in
In "/home/travis/cg", about to execute:
    make -f PubSubAggModularCodeGen_ModularCodeGenTypedComposite.mk
javac -classpath ".:.."    PubSubAggModularCodeGen_ModularCodeGenTypedComposite.java
All Done
2326 ms. Memory: 104448K Free: 62593K (60%)
----------------- Invoking toplevel() on ptolemy.moml.MoMLSimpleApplication@33ad3399
----------------- Done invoking toplevel() on ptolemy.moml.MoMLSimpleApplication@33ad3399
reloadAllAccessors: .PubSubAggModularCodeGen

===========================================================================================
----------------- testing Fri Jan 18 03:26:58 UTC 2019 /home/travis/build/icyphy/ptII/ptolemy/cg/lib/test/auto/PubSubAggTypedComposite.xml
----------------- Instantiating /home/travis/build/icyphy/ptII/ptolemy/cg/lib/test/auto/PubSubAggTypedComposite.xml
4 ms. Memory: 104448K Free: 54964K (53%)
----------------- Invoking toplevel() on ptolemy.moml.MoMLSimpleApplication@c017350
----------------- Done invoking toplevel() on ptolemy.moml.MoMLSimpleApplication@c017350
reloadAllAccessors: .PubSubAggTypedComposite

===========================================================================================
----------------- testing Fri Jan 18 03:26:58 UTC 2019 /home/travis/build/icyphy/ptII/ptolemy/cg/lib/test/auto/PubSubAggTypedCompositeWidth2.xml
----------------- Instantiating /home/travis/build/icyphy/ptII/ptolemy/cg/lib/test/auto/PubSubAggTypedCompositeWidth2.xml
4 ms. Memory: 104448K Free: 46006K (44%)
----------------- Invoking toplevel() on ptolemy.moml.MoMLSimpleApplication@46506d21
----------------- Done invoking toplevel() on ptolemy.moml.MoMLSimpleApplication@46506d21
reloadAllAccessors: .PubSubAggTypedCompositeWidth2

===========================================================================================
----------------- testing Fri Jan 18 03:26:58 UTC 2019 /home/travis/build/icyphy/ptII/ptolemy/cg/lib/test/auto/ScaleJava.xml
----------------- Instantiating /home/travis/build/icyphy/ptII/ptolemy/cg/lib/test/auto/ScaleJava.xml
CompiledCompositeActor: Building shared object: The sharedObjectFile has a modification time that is earlier than the modelFile modification time.
Writing ScaleJava_EmbeddedActor.java in file:/home/travis/cg/ (9202 characters)
Reading "ptolemy/cg/kernel/generic/program/procedural/java/makefile.in",
    writing "/home/travis/cg/ScaleJava_EmbeddedActor.mk"
Using ptolemy/cg/kernel/generic/program/procedural/java/makefile.in
In "/home/travis/cg", about to execute:
    make -f ScaleJava_EmbeddedActor.mk
javac -classpath ".:."    ScaleJava_EmbeddedActor.java
All Done
822 ms. Memory: 103424K Free: 69572K (67%)
----------------- Invoking toplevel() on ptolemy.moml.MoMLSimpleApplication@4dd4c903
----------------- Done invoking toplevel() on ptolemy.moml.MoMLSimpleApplication@4dd4c903
reloadAllAccessors: .ScaleJava
AutoTests.java: About to close Vertx.
AutoTests.java: Vertx closed.
]]></system-out>
  <system-err><![CDATA[]]></system-err>
</testsuite>
