<?xml version="1.0" encoding="UTF-8" ?>
<testsuite errors="4" failures="1" hostname="travis-job-125c70a0-14f3-462e-afd4-7ef26d61eb18" name="ptolemy.actor.lib.test.junit.JUnitTclTest" skipped="0" tests="517" time="57.356" timestamp="2019-01-15T03:16:54">
  <properties>
    <property name="npm.executable" value="npm" />
    <property name="file.encoding.pkg" value="sun.io" />
    <property name="env.TRAVIS_ROOT" value="/" />
    <property name="ptII.mk.exists" value="true" />
    <property name="env.TRAVIS_APP_HOST" value="build.travis-ci.org" />
    <property name="env.rvm_bin_path" value="/home/travis/.rvm/bin" />
    <property name="java.home" value="/usr/lib/jvm/java-8-oracle/jre" />
    <property name="env.TRAVIS_JOB_NUMBER" value="915.8" />
    <property name="env.TRAVIS_HOME" value="/home/travis" />
    <property name="env.DISPLAY" value=":99.0" />
    <property name="java.net.preferIPv4Stack" value="true" />
    <property name="env.TRAVIS_INIT" value="upstart" />
    <property name="env.SSH_TTY" value="/dev/pts/0" />
    <property name="env.RUN_TESTS" value="false" />
    <property name="timeout.short" value="1000000" />
    <property name="env.TRAVIS_JOB_NAME" value="" />
    <property name="env.TRAVIS_STACK_NODE_ATTRIBUTES" value="/.node-attributes.yml" />
    <property name="junit.formatter" value="xml" />
    <property name="java.endorsed.dirs" value="/usr/lib/jvm/java-8-oracle/jre/lib/endorsed" />
    <property name="env.TRAVIS_SUDO" value="true" />
    <property name="env.LOGNAME" value="travis" />
    <property name="env.PT_TRAVIS_TEST_CORE1_XML" value="true" />
    <property name="jsdoc.home" value="node_modules/@terraswarm/jsdoc" />
    <property name="debuglevel" value="source,lines,vars" />
    <property name="checkstyle.formatter" value="xml" />
    <property name="bin.vergil.makeable" value="true" />
    <property name="env._system_version" value="14.04" />
    <property name="sun.os.patch.level" value="unknown" />
    <property name="java.vendor.url" value="http://java.oracle.com/" />
    <property name="env.TRAVIS_BUILD_WEB_URL" value="https://travis-ci.org/icyphy/ptII/builds/479700356" />
    <property name="java.version" value="1.8.0_151" />
    <property name="env.TZ" value="UTC" />
    <property name="env.PT_NO_NET" value="true" />
    <property name="env.TRAVIS_PULL_REQUEST_SHA" value="" />
    <property name="env.TRAVIS_SECURE_ENV_VARS" value="true" />
    <property name="env._system_type" value="Linux" />
    <property name="java.vendor.url.bug" value="http://bugreport.sun.com/bugreport/" />
    <property name="env.SSH_CLIENT" value="10.10.19.211 34108 22" />
    <property name="npmjs-org-is-up" value="true" />
    <property name="env.GEM_HOME" value="/home/travis/.rvm/gems/ruby-2.4.1" />
    <property name="env.HAS_ANTARES_THREE_LITTLE_FRONZIES_BADGE" value="true" />
    <property name="env.PS4" value="+" />
    <property name="ant.project.invoked-targets" value="build,test.core1.xml" />
    <property name="env.TRAVIS_PULL_REQUEST_BRANCH" value="" />
    <property name="env.TRAVIS_REPO_SLUG" value="icyphy/ptII" />
    <property name="env.TRAVIS_APT_PROXY" value="http://build-cache.travisci.net" />
    <property name="node.in.path" value="true" />
    <property name="java.maxmemory" value="1400m" />
    <property name="env.RUBY_VERSION" value="ruby-2.4.1" />
    <property name="user.name" value="travis" />
    <property name="env.LANG" value="en_US.UTF-8" />
    <property name="sun.io.unicode.encoding" value="UnicodeLittle" />
    <property name="sun.jnu.encoding" value="UTF-8" />
    <property name="java.runtime.name" value="Java(TM) SE Runtime Environment" />
    <property name="usefile" value="false" />
    <property name="return.code" value="0" />
    <property name="junit.single.formatter" value="plain" />
    <property name="env.DYLD_LIBRARY_PATH" value="/home/travis/pthla/certi-tools/lib:" />
    <property name="env.DEBIAN_FRONTEND" value="noninteractive" />
    <property name="env.SSH_CONNECTION" value="10.10.19.211 34108 10.20.0.214 22" />
    <property name="env.MYSQL_UNIX_PORT" value="/var/run/mysqld/mysqld.sock" />
    <property name="env.TRAVIS_ALLOW_FAILURE" value="false" />
    <property name="env.LC_ALL" value="en_US.UTF-8" />
    <property name="env.TRAVIS_JOB_WEB_URL" value="https://travis-ci.org/icyphy/ptII/jobs/479700364" />
    <property name="java.specification.name" value="Java Platform API Specification" />
    <property name="node.works" value="true" />
    <property name="user.timezone" value="" />
    <property name="path.separator" value=":" />
    <property name="env.TRAVIS_ENABLE_INFRA_DETECTION" value="true" />
    <property name="env.PYTHON_CFLAGS" value="-g -fstack-protector --param=ssp-buffer-size=4 -Wformat -Werror=format-security" />
    <property name="timeout.long" value="4000000" />
    <property name="env.CERTI_HOME" value="/home/travis/pthla/certi-tools" />
    <property name="file.encoding" value="UTF-8" />
    <property name="ant.file.ptII" value="/home/travis/build/icyphy/ptII/build.xml" />
    <property name="javadoc.packagenames" value="com.*,diva.*,lbnl.*,org.hlacerti.*,org.json.*,org.ptolemy.*,org.terraswarm.*,ptolemy.*,ptserver.*" />
    <property name="env.TRAVIS_PULL_REQUEST_SLUG" value="" />
    <property name="ant.project.default-target" value="build" />
    <property name="env.GIT_ASKPASS" value="echo" />
    <property name="env.HOME" value="/home/travis" />
    <property name="sun.java.command" value="org.apache.tools.ant.taskdefs.optional.junit.JUnitTestRunner ptolemy.actor.lib.test.junit.JUnitTclTest skipNonTests=false filtertrace=true haltOnError=false haltOnFailure=false formatter=org.apache.tools.ant.taskdefs.optional.junit.OutErrSummaryJUnitResultFormatter showoutput=true outputtoformatters=true logfailedtests=true threadid=0 logtestlistenerevents=false formatter=org.apache.tools.ant.taskdefs.optional.junit.XMLJUnitResultFormatter,/home/travis/build/icyphy/ptII/reports/junit/TEST-ptolemy.actor.lib.test.junit.JUnitTclTest.xml crashfile=/home/travis/build/icyphy/ptII/junitvmwatcher837800427028472073.properties propsfile=/home/travis/build/icyphy/ptII/junit5396956054709310653.properties" />
    <property name="env.MANPATH" value="/home/travis/.nvm/versions/node/v7.10.1/share/man:/home/travis/.kiex/elixirs/elixir-1.4.5/man:/home/travis/.rvm/rubies/ruby-2.4.1/share/man:/usr/local/man:/usr/local/cmake-3.9.2/man:/usr/local/clang-5.0.0/share/man:/usr/local/share/man:/usr/share/man:/home/travis/.rvm/man" />
    <property name="env.COMPOSER_NO_INTERACTION" value="1" />
    <property name="env.JDK_SWITCHER_DEFAULT" value="oraclejdk8" />
    <property name="env.TRAVIS_TIMER_ID" value="0593e060" />
    <property name="ant.file" value="/home/travis/build/icyphy/ptII/build.xml" />
    <property name="env.TRAVIS_COMMIT_RANGE" value="77684dec0c0bbca0ca876b2aaa8a300639566fac...82c4ff591439501b8a3ba00c61bacd5f5b9ad465" />
    <property name="env._system_name" value="Ubuntu" />
    <property name="timeout" value="2400000" />
    <property name="ptII.classpath.optional.property" value="/home/travis/build/icyphy/ptII/lib/bsh-2.0b4.jar:/home/travis/build/icyphy/ptII/lib/ptCal.jar:/home/travis/build/icyphy/ptII/lib/java_cup.jar:/home/travis/build/icyphy/ptII/lib/saxon8.jar:/home/travis/build/icyphy/ptII/lib/saxon8-dom.jar:/home/travis/build/icyphy/ptII/lib/chic.jar:/home/travis/build/icyphy/ptII/lib/ptcolt.jar:/usr/lib/jvm/java-8-oracle/lib/tools.jar:/usr/lib/eclipse/plugins/org.eclipse.jdt.core_3.8.2.dist.jar:/usr/lib/eclipse/plugins/org.eclipse.core.runtime_3.8.0.dist.jar:/usr/lib/eclipse/plugins/org.eclipse.osgi_3.8.1.dist.jar:/usr/lib/eclipse/plugins/org.eclipse.core.resources_3.8.1.dist.jar:/usr/lib/eclipse/plugins/org.eclipse.equinox.common_3.6.100.dist.jar:/usr/lib/eclipse/plugins/org.eclipse.core.jobs_3.5.200.dist.jar:/usr/lib/eclipse/plugins/org.eclipse.core.contenttype_3.4.200.dist.jar:/usr/lib/eclipse/plugins/org.eclipse.equinox.preferences_3.5.0.dist.jar:/usr/lib/eclipse/plugins/org.eclipse.text_3.5.200.dist.jar:/usr/lib/eclipse/plugins/org.eclipse.ui.workbench_3.8.1.dist.jar:/usr/lib/eclipse/plugins/org.eclipse.jface_3.8.0.dist.jar:/usr/lib/eclipse/plugins/org.eclipse.swt_3.8.2.jar:/usr/lib/eclipse/plugins/org.eclipse.jface.text_3.8.1.dist.jar:/usr/lib/eclipse/plugins/org.eclipse.ui.workbench.texteditor_3.8.0.dist.jar:/usr/lib/eclipse/plugins/org.eclipse.ui.editors_3.8.0.dist.jar:/usr/lib/eclipse/plugins/org.eclipse.core.commands_3.6.1.dist.jar:/usr/lib/eclipse/plugins/org.eclipse.equinox.registry_3.5.200.dist.jar:/usr/lib/eclipse/plugins/org.eclipse.ui.console_3.5.100.dist.jar:/usr/lib/eclipse/plugins/org.eclipse.ui.forms_3.5.200.dist.jar:/usr/lib/eclipse/plugins/org.eclipse.ui.ide_3.8.1.dist.jar:/home/travis/build/icyphy/ptII/vendors/oracle/dbxml.jar:/home/travis/build/icyphy/ptII/vendors/oracle/db.jar:/home/travis/build/icyphy/ptII/vendors/misc/itext/iText.jar:/home/travis/build/icyphy/ptII/lib/g4ltl.jar:/home/travis/build/icyphy/ptII/lib/StructuralCoder.jar:/home/travis/build/icyphy/ptII/lib/org-openide-util.jar:/home/travis/build/icyphy/ptII/lib/org-openide-util-lookup.jar:/home/travis/build/icyphy/ptII/lib/org-netbeans-api-visual.jar:/home/travis/build/icyphy/ptII/vendors/jai-1_1_2_01/lib/jai_core.jar:/home/travis/build/icyphy/ptII/vendors/jai-1_1_2_01/lib/jai_codec.jar:/home/travis/build/icyphy/ptII/lib/jcerti.jar:/home/travis/build/icyphy/ptII/lib/smack.jar:/home/travis/build/icyphy/ptII/lib/smackx.jar:/home/travis/build/icyphy/ptII/lib/jetty-all-8.1.5-v20120716.jar:/home/travis/build/icyphy/ptII/lib/javax.servlet-api-3.0.1.jar:/home/travis/build/icyphy/ptII/lib/javax.mail.jar:/home/travis/build/icyphy/ptII/vendors/JMF-2.1.1e/lib/jmf.jar:/home/travis/build/icyphy/ptII/lib/jna-4.0.0-variadic.jar:/home/travis/build/icyphy/ptII/vendors/misc/joystick/Joystick.jar:/home/travis/build/icyphy/ptII/lib/ptjacl.jar:/home/travis/build/icyphy/ptII/lib/jsoup-1.8.2.jar:/home/travis/build/icyphy/ptII/lib/junit-4.8.2.jar:/home/travis/build/icyphy/ptII/lib/JUnitParams-0.4.0.jar:/home/travis/build/icyphy/ptII/ptolemy/actor/lib/excel/jxl.jar:/home/travis/build/icyphy/ptII/lib/jython.jar:/home/travis/build/icyphy/ptII/lib/kieler.jar:/home/travis/build/icyphy/ptII/vendors/opencv/share/OpenCV/java/opencv-341.jar:/home/travis/build/icyphy/ptII/lib/oscP5.jar:/home/travis/build/icyphy/ptII/lib/nrjavaserial-3.11.0.devel.jar:/home/travis/build/icyphy/ptII/vendors/j3d/lib/j3dcore.jar:/home/travis/build/icyphy/ptII/vendors/j3d/lib/j3dutils.jar:/home/travis/build/icyphy/ptII/vendors/j3d/lib/vecmath.jar:/home/travis/build/icyphy/ptII/ptolemy/distributed/jini/jar/jini-core.jar:/home/travis/build/icyphy/ptII/ptolemy/distributed/jini/jar/jini-ext.jar:/home/travis/build/icyphy/ptII/ptolemy/distributed/jini/jar/sun-util.jar:/home/travis/build/icyphy/ptII/lib/protobuf-java-2.4.1.jar:/home/travis/build/icyphy/ptII/lib/org.eclipse.paho.client.mqttv3.jar:/home/travis/build/icyphy/ptII/ptserver/lib/hessian-4.0.7.jar:/home/travis/build/icyphy/ptII/ptserver/lib/wmqtt.jar:/home/travis/build/icyphy/ptII/lib/mapss.jar:/home/travis/build/icyphy/ptII/ptolemy/actor/ptalon/antlr/antlr.jar:/home/travis/build/icyphy/ptII/lib/JRI.jar:/home/travis/build/icyphy/ptII/lib/commons-lang-2.6.jar:/home/travis/build/icyphy/ptII/lib/commons-logging-1.1.1.jar:/home/travis/build/icyphy/ptII/lib/sootclasses.jar:/home/travis/build/icyphy/ptII/ptolemy/actor/lib/database/mysql-connector-java-5.1.6-bin.jar:/home/travis/build/icyphy/ptII/vendors/misc/sphinx4/sphinx4-data-5prealpha.jar:/home/travis/build/icyphy/ptII/vendors/misc/sphinx4/sphinx4-core-5prealpha.jar:/home/travis/build/icyphy/ptII/lib/PDFRenderer.jar:/home/travis/build/icyphy/ptII/lib/svgSalamander.jar:/home/travis/build/icyphy/ptII/lib/rsyntaxtextarea-2.6.0-SNAPSHOT.jar:/home/travis/build/icyphy/ptII/lib/hazelcast-3.8.2.jar:/home/travis/build/icyphy/ptII/lib/jackson-annotations-2.9.0.jar:/home/travis/build/icyphy/ptII/lib/jackson-core-2.9.3.jar:/home/travis/build/icyphy/ptII/lib/jackson-databind-2.9.3.jar:/home/travis/build/icyphy/ptII/lib/netty-buffer-4.1.19.Final.jar:/home/travis/build/icyphy/ptII/lib/netty-codec-4.1.19.Final.jar:/home/travis/build/icyphy/ptII/lib/netty-codec-dns-4.1.19.Final.jar:/home/travis/build/icyphy/ptII/lib/netty-codec-http-4.1.19.Final.jar:/home/travis/build/icyphy/ptII/lib/netty-codec-http2-4.1.19.Final.jar:/home/travis/build/icyphy/ptII/lib/netty-common-4.1.19.Final.jar:/home/travis/build/icyphy/ptII/lib/netty-handler-4.1.19.Final.jar:/home/travis/build/icyphy/ptII/lib/netty-resolver-4.1.19.Final.jar:/home/travis/build/icyphy/ptII/lib/netty-resolver-dns-4.1.19.Final.jar:/home/travis/build/icyphy/ptII/lib/netty-transport-4.1.19.Final.jar:/home/travis/build/icyphy/ptII/lib/vertx-codegen-3.5.1.jar:/home/travis/build/icyphy/ptII/lib/vertx-core-3.5.2-SNAPSHOT.jar:/home/travis/build/icyphy/ptII/lib/vertx-hazelcast-3.5.1.jar:/home/travis/build/icyphy/ptII/lib/vertx-lang-js-3.5.1.jar:/home/travis/build/icyphy/ptII/lib/vertx-service-proxy-3.5.1.jar:/home/travis/build/icyphy/ptII/lib/vertx-web-3.5.1.jar:/home/travis/build/icyphy/ptII/lib/slf4j-api-1.7.13.jar:/home/travis/build/icyphy/ptII/lib/slf4j-simple-1.7.13.jar:/home/travis/build/icyphy/ptII/lib/webcam-capture-0.3.12.jar:/home/travis/build/icyphy/ptII/lib/bridj-0.7.0.jar:/home/travis/build/icyphy/ptII/lib/xbjlib-1.1.0.nrjavaserial.jar" />
    <property name="test.batch" value="**/junit/*.java" />
    <property name="env._" value="/usr/bin/timeout" />
    <property name="java.io.tmpdir" value="/tmp" />
    <property name="env.TRAVIS_INTERNAL_RUBY_REGEX" value="^ruby-(2\.[0-4]\.[0-9]|1\.9\.3)" />
    <property name="user.language" value="en" />
    <property name="env.HISTCONTROL" value="ignoredups:ignorespace" />
    <property name="env.GOROOT" value="/home/travis/.gimme/versions/go1.7.4.linux.amd64" />
    <property name="line.separator" value="&#xa;" />
    <property name="target" value="1.8" />
    <property name="env.TRAVIS_BUILD_DIR" value="/home/travis/build/icyphy/ptII" />
    <property name="env.ANT_OPTS" value="-Xmx2048m" />
    <property name="ant.file.type" value="file" />
    <property name="ptolemy.ptII.batchMode" value="true" />
    <property name="env.HISTSIZE" value="1000" />
    <property name="env.MERB_ENV" value="test" />
    <property name="java.vm.info" value="mixed mode" />
    <property name="source" value="1.8" />
    <property name="java.vm.specification.name" value="Java Virtual Machine Specification" />
    <property name="env.TRAVIS_TEST_RESULT" value="0" />
    <property name="jsdoc.command" value="node_modules/@terraswarm/jsdoc/jsdoc.js" />
    <property name="npm.works" value="true" />
    <property name="cobertura.dir" value="/home/travis/build/icyphy/ptII/vendors/cobertura-2.0.3" />
    <property name="env.rvm_path" value="/home/travis/.rvm" />
    <property name="env.GEM_PATH" value="/home/travis/.rvm/gems/ruby-2.4.1:/home/travis/.rvm/gems/ruby-2.4.1@global" />
    <property name="env.LC_CTYPE" value="en_US.UTF-8" />
    <property name="java.awt.printerjob" value="sun.print.PSPrinterJob" />
    <property name="env.TRAVIS_CMD" value="$PTII/bin/ptIITravisBuild.sh $SECONDS" />
    <property name="env.TRAVIS_STACK_NAME" value="garnet" />
    <property name="env.TRAVIS_TIMER_START_TIME" value="1547521918053882168" />
    <property name="ant.version" value="Apache Ant(TM) version 1.10.1 compiled on February 2 2017" />
    <property name="ptII.reports" value="/home/travis/build/icyphy/ptII/reports" />
    <property name="env.TRAVIS_STACK_TIMESTAMP" value="2017-12-05 19:33:09 UTC" />
    <property name="ant.file.type.ptII" value="file" />
    <property name="env.RBENV_SHELL" value="bash" />
    <property name="os.name" value="Linux" />
    <property name="java.specification.vendor" value="Oracle Corporation" />
    <property name="env.rvm_version" value="1.29.3 (latest)" />
    <property name="env.TRAVIS_INFRA" value="gce" />
    <property name="env.TERM" value="xterm" />
    <property name="java.vm.name" value="Java HotSpot(TM) 64-Bit Server VM" />
    <property name="env.TRAVIS_BUILD_NUMBER" value="915" />
    <property name="env.CI" value="true" />
    <property name="java.library.path" value="/home/travis/pthla/certi-tools/lib:/usr/lib/jni:/usr/local/share/OpenCV/java/:/usr/share/OpenCV/java::/usr/java/packages/lib/amd64:/usr/lib64:/lib64:/lib:/usr/lib" />
    <property name="env.rvm_prefix" value="/home/travis" />
    <property name="env.PATH" value="/home/travis/pthla/certi-tools/share/scripts:/home/travis/.rvm/gems/ruby-2.4.1/bin:/home/travis/.rvm/gems/ruby-2.4.1@global/bin:/home/travis/.rvm/rubies/ruby-2.4.1/bin:/home/travis/.rvm/bin:/home/travis/.nvm/versions/node/v7.10.1/bin:./node_modules/.bin:/home/travis/build/icyphy/ptII/bin:/home/travis/pthla/certi-tools/bin:/home/travis/bin:/home/travis/.local/bin:/opt/pyenv/shims:/home/travis/.phpenv/shims:/home/travis/perl5/perlbrew/bin:/home/travis/.kiex/elixirs/elixir-1.4.5/bin:/home/travis/.kiex/bin:/home/travis/gopath/bin:/home/travis/.gimme/versions/go1.7.4.linux.amd64/bin:/usr/local/phantomjs/bin:/usr/local/phantomjs:/usr/local/neo4j-3.2.7/bin:/usr/local/maven-3.5.2/bin:/usr/local/cmake-3.9.2/bin:/usr/local/clang-5.0.0/bin:/usr/local/sbin:/usr/local/bin:/usr/sbin:/usr/bin:/sbin:/bin:/home/travis/.phpenv/bin:/opt/pyenv/bin:/home/travis/.yarn/bin" />
    <property name="env.TRAVIS_OS_NAME" value="linux" />
    <property name="ant.java.version" value="1.8" />
    <property name="basedir" value="/home/travis/build/icyphy/ptII" />
    <property name="java.class.version" value="52.0" />
    <property name="env.SHLVL" value="3" />
    <property name="env.LD_LIBRARY_PATH" value="/home/travis/pthla/certi-tools/lib:/usr/lib/jni:/usr/local/share/OpenCV/java/:/usr/share/OpenCV/java:" />
    <property name="env.RACK_ENV" value="test" />
    <property name="ant.home" value="/home/travis/build/icyphy/ptII/ant" />
    <property name="env.PERLBREW_BASHRC_VERSION" value="0.80" />
    <property name="env.NVM_DIR" value="/home/travis/.nvm" />
    <property name="env.TRAVIS_BUILD_ID" value="479700356" />
    <property name="env.CERTI_FOM_PATH" value="/home/travis/pthla/certi-tools/share/federations" />
    <property name="env.PYENV_ROOT" value="/opt/pyenv" />
    <property name="env.TRAVIS_UID" value="2000" />
    <property name="env.rvm_pretty_print_flag" value="auto" />
    <property name="env.NVM_BIN" value="/home/travis/.nvm/versions/node/v7.10.1/bin" />
    <property name="env.TRAVIS_COMMIT" value="82c4ff591439501b8a3ba00c61bacd5f5b9ad465" />
    <property name="env._system_arch" value="x86_64" />
    <property name="node.executable" value="node" />
    <property name="sun.boot.library.path" value="/usr/lib/jvm/java-8-oracle/jre/lib/amd64" />
    <property name="sun.management.compiler" value="HotSpot 64-Bit Tiered Compilers" />
    <property name="env.GOPATH" value="/home/travis/gopath" />
    <property name="java.awt.graphicsenv" value="sun.awt.X11GraphicsEnvironment" />
    <property name="ptolemy.ptII.dir" value="/home/travis/build/icyphy/ptII" />
    <property name="env.USER" value="travis" />
    <property name="env.HISTFILESIZE" value="2000" />
    <property name="timeout.longest" value="19000000" />
    <property name="env.TRAVIS_STACK_FEATURES" value="basic cassandra chromium couchdb disabled-ipv6 docker docker-compose elasticsearch firefox go-toolchain google-chrome jdk memcached mongodb mysql neo4j nodejs_interpreter perl_interpreter perlbrew phantomjs postgresql python_interpreter rabbitmq redis riak ruby_interpreter sqlite xserver" />
    <property name="env.TRAVIS_PULL_REQUEST" value="false" />
    <property name="env.PYENV_SHELL" value="bash" />
    <property name="ant.project.name" value="ptII" />
    <property name="java.vm.specification.version" value="1.8" />
    <property name="env.ANSI_RESET" value="\033[0m" />
    <property name="env.TRAVIS_DIST" value="trusty" />
    <property name="env.CERTI_VERSION" value="4.0.0" />
    <property name="env.NLSPATH" value="/usr/dt/lib/nls/msg/%L/%N.cat" />
    <property name="awt.toolkit" value="sun.awt.X11.XToolkit" />
    <property name="env.CERTI_HOST" value="localhost" />
    <property name="env.MY_RUBY_HOME" value="/home/travis/.rvm/rubies/ruby-2.4.1" />
    <property name="sun.cpu.isalist" value="" />
    <property name="env.TRAVIS_TMPDIR" value="/tmp/tmp.5OjdTBREM3" />
    <property name="java.ext.dirs" value="/usr/lib/jvm/java-8-oracle/jre/lib/ext:/usr/java/packages/lib/ext" />
    <property name="os.version" value="4.4.0-101-generic" />
    <property name="user.home" value="/home/travis" />
    <property name="env.MIX_ARCHIVES" value="/home/travis/.kiex/mix/elixir-1.4.5" />
    <property name="java.vm.vendor" value="Oracle Corporation" />
    <property name="env.TRAVIS_TAG" value="nightly" />
    <property name="env.ANSI_YELLOW" value="\033[33;1m" />
    <property name="env.TRAVIS_FILTERED" value="redirect_io" />
    <property name="env.ANSI_GREEN" value="\033[32;1m" />
    <property name="env.JAVA_HOME" value="/usr/lib/jvm/java-8-oracle" />
    <property name="env.PTII" value="/home/travis/build/icyphy/ptII" />
    <property name="javadoc.excludepackagenames" value="adm.cvs2svn.*,build.*,config.*,doc.coding.templates.*,jni.test.jni.meaningOfLife.*,jni.test.jni.testDeux.*,jni.test.jni.testTrois.*,org.terraswarm.accessor.accessors.web.node_modules.*,org.terraswarm.accessor.accessors.web.hosts.cordova.demo.*,org.terraswarm.accessor.accessors.web.hosts.cordova.plugins.*,org.terraswarm.accessor.accessors-svn.*,pt-modules.*,ptolemy.apps.agilent.*,ptolemy.apps.anytimecontrol.*,ptolemy.apps.apes.*,ptolemy.apps.charon.*,ptolemy.apps.crazyboard.*,ptolemy.apps.eclipse.*,ptolemy.apps.etherealSting.*,ptolemy.apps.fullscreen.*,ptolemy.apps.giotto.*,ptolemy.apps.ia.*,ptolemy.apps.interfaces.*,ptolemy.apps.jmf.*,ptolemy.apps.kurt.*,ptolemy.apps.kvm.*,ptolemy.apps.lego.*,ptolemy.apps.lejos.*,ptolemy.apps.midp.*,ptolemy.apps.mobileCoding.*,ptolemy.apps.pendulum.*,ptolemy.apps.rijndael.*,ptolemy.apps.robot.*,ptolemy.apps.security.*,ptolemy.apps.sobel.*,ptolemy.apps.soot.*,ptolemy.apps.throttle.*,ptolemy.apps.tini.*,ptolemy.apps.transmission.*,ptolemy.apps.vergil.*,ptolemy.apps.waba.*,ptolemy.apps.websensor.*,ptolemy.apps.webstart.*,ptolemy.apps.xsl.*,ptolemy.apps.zaurus.*,ptolemy.backtrack.eclipse.plugin.*,ptolemy.backtrack.test.*,ptolemy.codegen.c.actor.lib.oldJavaFiles.*,ptolemy.codegen.dsp.lib.*,ptolemy.codegen.kernel.newInterfaces.*,ptolemy.codegen.lib.*,ptolemy.copernicus.kernel.fragment.*,ptolemy.copernicus.shallow.cg.*,ptolemy.domains.giotto.demo.Hierarchy.Hierarchy.*,ptolemy.domains.giotto.demo.Multimode.Multimode.*,ptolemy.domains.giotto.demo.Simple.Simple.*,ptolemy.domains.gr.lib.experimental.*,ptolemy.domains.gro.*,ptolemy.domains.pdf.*,ptolemy.domains.ptinyos.demo.Surge.output.*,ptolemy.moml.test.NoPackageActor.java*,ptolemy.plot.adm.*,ptolemy.plot.servlet.*,reports.*,signed.*,src.*,target.*,vendors.*,ptolemy.cg.adapter.generic.program.procedural.c.mbed*,ptolemy.actor.lib.fmi.fmus.omc*,ptolemy.domains.openmodelica*,ptdb.kernel.bl.save.test.*,ptdb.kernel.bl.load.test.*,ptdb.kernel.bl.search.test.*,ptdb.kernel.bl.migration.test.*,ptdb.kernel.database.test.*,ptdb.test.*,ptdb.gui.test.*,org.ptolemy.scala.*,diva.util.java2d.svg.*,ptolemy.domains.ptinyos.*,ptolemy.actor.lib.fmi.fmipp.*,,org.terraswarm.accessor.accessors.web.node_modules.*,org.terraswarm.accessor.accessors-svn,ptolemy.apps.*,ptolemy.actor.ptalon.demo.ptinyos.SendAndReceiveCnt.output,ptolemy.actor.ptalon.demo.ptinyos.SenseToLeds.output,ptolemy.domains.ptinyos.demo.CntToLedsAndRfm.output,ptolemy.domains.ptinyos.demo.RfmToLeds.output,ptolemy.domains.ptinyos.demo.SendAndReceiveCnt.output,ptolemy.domains.ptinyos.demo.SenseToLeds.output,ptolemy.actor.lib.jjs.modules.udpSocket.*" />
    <property name="env.TRAVIS_COMMIT_MESSAGE" value="Conform demos (some of them) to HlaManager refactoring" />
    <property name="keystore" value="ptKeystore" />
    <property name="env.XDG_SESSION_ID" value="2" />
    <property name="junit.output.dir" value="/home/travis/build/icyphy/ptII/reports/junit" />
    <property name="npm.return.code" value="0" />
    <property name="user.dir" value="/home/travis/build/icyphy/ptII/ptolemy/actor/lib/test" />
    <property name="env.TRAVIS_NODE_VERSION" value="7" />
    <property name="env.XFILESEARCHPATH" value="/usr/dt/app-defaults/%L/Dt" />
    <property name="env.TRAVIS_EVENT_TYPE" value="cron" />
    <property name="env.MAIL" value="/var/mail/travis" />
    <property name="env.PWD" value="/home/travis/build/icyphy/ptII" />
    <property name="env.PERLBREW_ROOT" value="/home/travis/perl5/perlbrew" />
    <property name="timeout.npm" value="45000" />
    <property name="env.TRAVIS_ARCH" value="amd64" />
    <property name="env.PAGER" value="cat" />
    <property name="sun.cpu.endian" value="little" />
    <property name="env.TRAVIS_BUILD_STAGE_NAME" value="Test" />
    <property name="env.PERLBREW_HOME" value="/home/travis/.perlbrew" />
    <property name="env.RAILS_ENV" value="test" />
    <property name="java.vm.version" value="25.151-b12" />
    <property name="java.class.path" value="/home/travis/.ptolemyII:/home/travis/.ptolemyII/*:/home/travis/build/icyphy/ptII:/home/travis/build/icyphy/ptII/lib/bsh-2.0b4.jar:/home/travis/build/icyphy/ptII/lib/ptCal.jar:/home/travis/build/icyphy/ptII/lib/java_cup.jar:/home/travis/build/icyphy/ptII/lib/saxon8.jar:/home/travis/build/icyphy/ptII/lib/saxon8-dom.jar:/home/travis/build/icyphy/ptII/lib/chic.jar:/home/travis/build/icyphy/ptII/lib/ptcolt.jar:/usr/lib/jvm/java-8-oracle/lib/tools.jar:/usr/lib/eclipse/plugins/org.eclipse.jdt.core_3.8.2.dist.jar:/usr/lib/eclipse/plugins/org.eclipse.core.runtime_3.8.0.dist.jar:/usr/lib/eclipse/plugins/org.eclipse.osgi_3.8.1.dist.jar:/usr/lib/eclipse/plugins/org.eclipse.core.resources_3.8.1.dist.jar:/usr/lib/eclipse/plugins/org.eclipse.equinox.common_3.6.100.dist.jar:/usr/lib/eclipse/plugins/org.eclipse.core.jobs_3.5.200.dist.jar:/usr/lib/eclipse/plugins/org.eclipse.core.contenttype_3.4.200.dist.jar:/usr/lib/eclipse/plugins/org.eclipse.equinox.preferences_3.5.0.dist.jar:/usr/lib/eclipse/plugins/org.eclipse.text_3.5.200.dist.jar:/usr/lib/eclipse/plugins/org.eclipse.ui.workbench_3.8.1.dist.jar:/usr/lib/eclipse/plugins/org.eclipse.jface_3.8.0.dist.jar:/usr/lib/eclipse/plugins/org.eclipse.swt_3.8.2.jar:/usr/lib/eclipse/plugins/org.eclipse.jface.text_3.8.1.dist.jar:/usr/lib/eclipse/plugins/org.eclipse.ui.workbench.texteditor_3.8.0.dist.jar:/usr/lib/eclipse/plugins/org.eclipse.ui.editors_3.8.0.dist.jar:/usr/lib/eclipse/plugins/org.eclipse.core.commands_3.6.1.dist.jar:/usr/lib/eclipse/plugins/org.eclipse.equinox.registry_3.5.200.dist.jar:/usr/lib/eclipse/plugins/org.eclipse.ui.console_3.5.100.dist.jar:/usr/lib/eclipse/plugins/org.eclipse.ui.forms_3.5.200.dist.jar:/usr/lib/eclipse/plugins/org.eclipse.ui.ide_3.8.1.dist.jar:/home/travis/build/icyphy/ptII/vendors/oracle/dbxml.jar:/home/travis/build/icyphy/ptII/vendors/oracle/db.jar:/home/travis/build/icyphy/ptII/vendors/misc/itext/iText.jar:/home/travis/build/icyphy/ptII/lib/g4ltl.jar:/home/travis/build/icyphy/ptII/lib/StructuralCoder.jar:/home/travis/build/icyphy/ptII/lib/org-openide-util.jar:/home/travis/build/icyphy/ptII/lib/org-openide-util-lookup.jar:/home/travis/build/icyphy/ptII/lib/org-netbeans-api-visual.jar:/home/travis/build/icyphy/ptII/vendors/jai-1_1_2_01/lib/jai_core.jar:/home/travis/build/icyphy/ptII/vendors/jai-1_1_2_01/lib/jai_codec.jar:/home/travis/build/icyphy/ptII/lib/jcerti.jar:/home/travis/build/icyphy/ptII/lib/smack.jar:/home/travis/build/icyphy/ptII/lib/smackx.jar:/home/travis/build/icyphy/ptII/lib/jetty-all-8.1.5-v20120716.jar:/home/travis/build/icyphy/ptII/lib/javax.servlet-api-3.0.1.jar:/home/travis/build/icyphy/ptII/lib/javax.mail.jar:/home/travis/build/icyphy/ptII/vendors/JMF-2.1.1e/lib/jmf.jar:/home/travis/build/icyphy/ptII/lib/jna-4.0.0-variadic.jar:/home/travis/build/icyphy/ptII/vendors/misc/joystick/Joystick.jar:/home/travis/build/icyphy/ptII/lib/ptjacl.jar:/home/travis/build/icyphy/ptII/lib/jsoup-1.8.2.jar:/home/travis/build/icyphy/ptII/lib/junit-4.8.2.jar:/home/travis/build/icyphy/ptII/lib/JUnitParams-0.4.0.jar:/home/travis/build/icyphy/ptII/ptolemy/actor/lib/excel/jxl.jar:/home/travis/build/icyphy/ptII/lib/jython.jar:/home/travis/build/icyphy/ptII/lib/kieler.jar:/home/travis/build/icyphy/ptII/vendors/opencv/share/OpenCV/java/opencv-341.jar:/home/travis/build/icyphy/ptII/lib/oscP5.jar:/home/travis/build/icyphy/ptII/lib/nrjavaserial-3.11.0.devel.jar:/home/travis/build/icyphy/ptII/vendors/j3d/lib/j3dcore.jar:/home/travis/build/icyphy/ptII/vendors/j3d/lib/j3dutils.jar:/home/travis/build/icyphy/ptII/vendors/j3d/lib/vecmath.jar:/home/travis/build/icyphy/ptII/ptolemy/distributed/jini/jar/jini-core.jar:/home/travis/build/icyphy/ptII/ptolemy/distributed/jini/jar/jini-ext.jar:/home/travis/build/icyphy/ptII/ptolemy/distributed/jini/jar/sun-util.jar:/home/travis/build/icyphy/ptII/lib/protobuf-java-2.4.1.jar:/home/travis/build/icyphy/ptII/lib/org.eclipse.paho.client.mqttv3.jar:/home/travis/build/icyphy/ptII/ptserver/lib/hessian-4.0.7.jar:/home/travis/build/icyphy/ptII/ptserver/lib/wmqtt.jar:/home/travis/build/icyphy/ptII/lib/mapss.jar:/home/travis/build/icyphy/ptII/ptolemy/actor/ptalon/antlr/antlr.jar:/home/travis/build/icyphy/ptII/lib/JRI.jar:/home/travis/build/icyphy/ptII/lib/commons-lang-2.6.jar:/home/travis/build/icyphy/ptII/lib/commons-logging-1.1.1.jar:/home/travis/build/icyphy/ptII/lib/sootclasses.jar:/home/travis/build/icyphy/ptII/ptolemy/actor/lib/database/mysql-connector-java-5.1.6-bin.jar:/home/travis/build/icyphy/ptII/vendors/misc/sphinx4/sphinx4-data-5prealpha.jar:/home/travis/build/icyphy/ptII/vendors/misc/sphinx4/sphinx4-core-5prealpha.jar:/home/travis/build/icyphy/ptII/lib/PDFRenderer.jar:/home/travis/build/icyphy/ptII/lib/svgSalamander.jar:/home/travis/build/icyphy/ptII/lib/rsyntaxtextarea-2.6.0-SNAPSHOT.jar:/home/travis/build/icyphy/ptII/lib/hazelcast-3.8.2.jar:/home/travis/build/icyphy/ptII/lib/jackson-annotations-2.9.0.jar:/home/travis/build/icyphy/ptII/lib/jackson-core-2.9.3.jar:/home/travis/build/icyphy/ptII/lib/jackson-databind-2.9.3.jar:/home/travis/build/icyphy/ptII/lib/netty-buffer-4.1.19.Final.jar:/home/travis/build/icyphy/ptII/lib/netty-codec-4.1.19.Final.jar:/home/travis/build/icyphy/ptII/lib/netty-codec-dns-4.1.19.Final.jar:/home/travis/build/icyphy/ptII/lib/netty-codec-http-4.1.19.Final.jar:/home/travis/build/icyphy/ptII/lib/netty-codec-http2-4.1.19.Final.jar:/home/travis/build/icyphy/ptII/lib/netty-common-4.1.19.Final.jar:/home/travis/build/icyphy/ptII/lib/netty-handler-4.1.19.Final.jar:/home/travis/build/icyphy/ptII/lib/netty-resolver-4.1.19.Final.jar:/home/travis/build/icyphy/ptII/lib/netty-resolver-dns-4.1.19.Final.jar:/home/travis/build/icyphy/ptII/lib/netty-transport-4.1.19.Final.jar:/home/travis/build/icyphy/ptII/lib/vertx-codegen-3.5.1.jar:/home/travis/build/icyphy/ptII/lib/vertx-core-3.5.2-SNAPSHOT.jar:/home/travis/build/icyphy/ptII/lib/vertx-hazelcast-3.5.1.jar:/home/travis/build/icyphy/ptII/lib/vertx-lang-js-3.5.1.jar:/home/travis/build/icyphy/ptII/lib/vertx-service-proxy-3.5.1.jar:/home/travis/build/icyphy/ptII/lib/vertx-web-3.5.1.jar:/home/travis/build/icyphy/ptII/lib/slf4j-api-1.7.13.jar:/home/travis/build/icyphy/ptII/lib/slf4j-simple-1.7.13.jar:/home/travis/build/icyphy/ptII/lib/webcam-capture-0.3.12.jar:/home/travis/build/icyphy/ptII/lib/bridj-0.7.0.jar:/home/travis/build/icyphy/ptII/lib/xbjlib-1.1.0.nrjavaserial.jar:/home/travis/build/icyphy/ptII/ptolemy/moml/test:/home/travis/build/icyphy/ptII/ant/lib/ant-launcher.jar:/home/travis/build/icyphy/ptII/ant/lib/ant.jar:/home/travis/build/icyphy/ptII/ant/lib/ant-junit.jar:/home/travis/build/icyphy/ptII/ant/lib/ant-junit4.jar" />
    <property name="ant.library.dir" value="/home/travis/build/icyphy/ptII/ant/lib" />
    <property name="os.arch" value="amd64" />
    <property name="env.TRAVIS_LANGUAGE" value="node_js" />
    <property name="env.CONTINUOUS_INTEGRATION" value="true" />
    <property name="env.TRAVIS_STACK_LANGUAGES" value="__garnet__ c c++ clojure cplusplus cpp default go groovy java node_js php pure_java python ruby scala" />
    <property name="test.name" value="ptolemy.actor.lib.test.junit.JUnitTclTest" />
    <property name="sun.java.launcher" value="SUN_STANDARD" />
    <property name="env.PYTHON_CONFIGURE_OPTS" value="--enable-unicode=ucs4 --with-wide-unicode --enable-shared --enable-ipv6 --enable-loadable-sqlite-extensions --with-computed-gotos" />
    <property name="ant.core.lib" value="/home/travis/build/icyphy/ptII/ant/lib/ant.jar" />
    <property name="java.vm.specification.vendor" value="Oracle Corporation" />
    <property name="env.BCVTB_HOME" value="/home/travis/build/icyphy/ptII/lbnl" />
    <property name="file.separator" value="/" />
    <property name="spotbugs.home" value="/home/travis/build/icyphy/ptII/vendors/spotbugs-3.1.1" />
    <property name="java.runtime.version" value="1.8.0_151-b12" />
    <property name="sun.boot.class.path" value="/usr/lib/jvm/java-8-oracle/jre/lib/resources.jar:/usr/lib/jvm/java-8-oracle/jre/lib/rt.jar:/usr/lib/jvm/java-8-oracle/jre/lib/sunrsasign.jar:/usr/lib/jvm/java-8-oracle/jre/lib/jsse.jar:/usr/lib/jvm/java-8-oracle/jre/lib/jce.jar:/usr/lib/jvm/java-8-oracle/jre/lib/charsets.jar:/usr/lib/jvm/java-8-oracle/jre/lib/jfr.jar:/usr/lib/jvm/java-8-oracle/jre/classes" />
    <property name="env.ANSI_CLEAR" value="\033[0K" />
    <property name="env.HAS_JOSH_K_SEAL_OF_APPROVAL" value="true" />
    <property name="env.XDG_RUNTIME_DIR" value="/run/user/2000" />
    <property name="env.TRAVIS_OSX_IMAGE" value="" />
    <property name="env.TRAVIS_BRANCH" value="master" />
    <property name="env.TRAVIS_JOB_ID" value="479700364" />
    <property name="user.country" value="US" />
    <property name="env.CERTI_HOME_TRAVIS" value="/home/travis/pthla/certi-tools" />
    <property name="env.SHELL" value="/bin/bash" />
    <property name="java.maxmemory.large" value="5000m" />
    <property name="model" value="" />
    <property name="env.CASHER_DIR" value="/home/travis/.casher" />
    <property name="env.NVM_CD_FLAGS" value="" />
    <property name="jshint.executable" value="/home/travis/node_modules/jshint/bin/jshint" />
    <property name="java.vendor" value="Oracle Corporation" />
    <property name="env.JRUBY_OPTS" value=" --client -J-XX:+TieredCompilation -J-XX:TieredStopAtLevel=1 -J-Xss2m -Xcompile.invokedynamic=false" />
    <property name="env.TRAVIS_PRE_CHEF_BOOTSTRAP_TIME" value="2017-12-05T19:32:55" />
    <property name="env.TRAVIS_STACK_JOB_BOARD_REGISTER" value="/.job-board-register.yml" />
    <property name="env.ELIXIR_VERSION" value="1.4.5" />
    <property name="env.ANSI_RED" value="\033[31;1m" />
    <property name="java.specification.version" value="1.8" />
    <property name="env.TRAVIS" value="true" />
    <property name="env.IRBRC" value="/home/travis/.rvm/rubies/ruby-2.4.1/.irbrc" />
    <property name="sun.arch.data.model" value="64" />
  </properties>
  <testcase classname="ptolemy.util.test.junit.TclTests" name="[0] /home/travis/build/icyphy/ptII/ptolemy/actor/lib/test/AbsoluteValue.tcl (RunTclFile)" time="0.481" />
  <testcase classname="ptolemy.util.test.junit.TclTests" name="[1] /home/travis/build/icyphy/ptII/ptolemy/actor/lib/test/AddSubtract.tcl (RunTclFile)" time="0.078" />
  <testcase classname="ptolemy.util.test.junit.TclTests" name="[2] /home/travis/build/icyphy/ptII/ptolemy/actor/lib/test/Average.tcl (RunTclFile)" time="0.058" />
  <testcase classname="ptolemy.util.test.junit.TclTests" name="[3] /home/travis/build/icyphy/ptII/ptolemy/actor/lib/test/Bernoulli.tcl (RunTclFile)" time="0.028" />
  <testcase classname="ptolemy.util.test.junit.TclTests" name="[4] /home/travis/build/icyphy/ptII/ptolemy/actor/lib/test/Clock.tcl (RunTclFile)" time="0.069" />
  <testcase classname="ptolemy.util.test.junit.TclTests" name="[5] /home/travis/build/icyphy/ptII/ptolemy/actor/lib/test/Commutator.tcl (RunTclFile)" time="0.14" />
  <testcase classname="ptolemy.util.test.junit.TclTests" name="[6] /home/travis/build/icyphy/ptII/ptolemy/actor/lib/test/Const.tcl (RunTclFile)" time="0.087" />
  <testcase classname="ptolemy.util.test.junit.TclTests" name="[7] /home/travis/build/icyphy/ptII/ptolemy/actor/lib/test/CurrentTime.tcl (RunTclFile)" time="0.039" />
  <testcase classname="ptolemy.util.test.junit.TclTests" name="[8] /home/travis/build/icyphy/ptII/ptolemy/actor/lib/test/DB.tcl (RunTclFile)" time="0.036" />
  <testcase classname="ptolemy.util.test.junit.TclTests" name="[9] /home/travis/build/icyphy/ptII/ptolemy/actor/lib/test/DiscreteRandomSource.tcl (RunTclFile)" time="0.045" />
  <testcase classname="ptolemy.util.test.junit.TclTests" name="[10] /home/travis/build/icyphy/ptII/ptolemy/actor/lib/test/Distributor.tcl (RunTclFile)" time="0.064" />
  <testcase classname="ptolemy.util.test.junit.TclTests" name="[11] /home/travis/build/icyphy/ptII/ptolemy/actor/lib/test/Exit.tcl (RunTclFile)" time="0.053" />
  <testcase classname="ptolemy.util.test.junit.TclTests" name="[12] /home/travis/build/icyphy/ptII/ptolemy/actor/lib/test/Expression.tcl (RunTclFile)" time="0.102" />
  <testcase classname="ptolemy.util.test.junit.TclTests" name="[13] /home/travis/build/icyphy/ptII/ptolemy/actor/lib/test/Gaussian.tcl (RunTclFile)" time="0.158" />
  <testcase classname="ptolemy.util.test.junit.TclTests" name="[14] /home/travis/build/icyphy/ptII/ptolemy/actor/lib/test/IIR.tcl (RunTclFile)" time="0.037" />
  <testcase classname="ptolemy.util.test.junit.TclTests" name="[15] /home/travis/build/icyphy/ptII/ptolemy/actor/lib/test/Interpolator.tcl (RunTclFile)" time="0.089" />
  <testcase classname="ptolemy.util.test.junit.TclTests" name="[16] /home/travis/build/icyphy/ptII/ptolemy/actor/lib/test/MathFunction.tcl (RunTclFile)" time="0.058" />
  <testcase classname="ptolemy.util.test.junit.TclTests" name="[17] /home/travis/build/icyphy/ptII/ptolemy/actor/lib/test/Maximum.tcl (RunTclFile)" time="0.027" />
  <testcase classname="ptolemy.util.test.junit.TclTests" name="[18] /home/travis/build/icyphy/ptII/ptolemy/actor/lib/test/Minimum.tcl (RunTclFile)" time="0.017" />
  <testcase classname="ptolemy.util.test.junit.TclTests" name="[19] /home/travis/build/icyphy/ptII/ptolemy/actor/lib/test/MultiplyDivide.tcl (RunTclFile)" time="0.022" />
  <testcase classname="ptolemy.util.test.junit.TclTests" name="[20] /home/travis/build/icyphy/ptII/ptolemy/actor/lib/test/OrderedMerge.tcl (RunTclFile)" time="0.09" />
  <testcase classname="ptolemy.util.test.junit.TclTests" name="[21] /home/travis/build/icyphy/ptII/ptolemy/actor/lib/test/Publisher.tcl (RunTclFile)" time="0.593" />
  <testcase classname="ptolemy.util.test.junit.TclTests" name="[22] /home/travis/build/icyphy/ptII/ptolemy/actor/lib/test/Pulse.tcl (RunTclFile)" time="0.051" />
  <testcase classname="ptolemy.util.test.junit.TclTests" name="[23] /home/travis/build/icyphy/ptII/ptolemy/actor/lib/test/Ramp.tcl (RunTclFile)" time="1.804" />
  <testcase classname="ptolemy.util.test.junit.TclTests" name="[24] /home/travis/build/icyphy/ptII/ptolemy/actor/lib/test/RampContinuous.tcl (RunTclFile)" time="0.016" />
  <testcase classname="ptolemy.util.test.junit.TclTests" name="[25] /home/travis/build/icyphy/ptII/ptolemy/actor/lib/test/RecordAssembler.tcl (RunTclFile)" time="0.014" />
  <testcase classname="ptolemy.util.test.junit.TclTests" name="[26] /home/travis/build/icyphy/ptII/ptolemy/actor/lib/test/RecordDisassembler.tcl (RunTclFile)" time="0.02" />
  <testcase classname="ptolemy.util.test.junit.TclTests" name="[27] /home/travis/build/icyphy/ptII/ptolemy/actor/lib/test/Scale.tcl (RunTclFile)" time="0.028" />
  <testcase classname="ptolemy.util.test.junit.TclTests" name="[28] /home/travis/build/icyphy/ptII/ptolemy/actor/lib/test/SequentialClock.tcl (RunTclFile)" time="0.016" />
  <testcase classname="ptolemy.util.test.junit.TclTests" name="[29] /home/travis/build/icyphy/ptII/ptolemy/actor/lib/test/SetVariable.tcl (RunTclFile)" time="0.015" />
  <testcase classname="ptolemy.util.test.junit.TclTests" name="[30] /home/travis/build/icyphy/ptII/ptolemy/actor/lib/test/Sinewave.tcl (RunTclFile)" time="0.039" />
  <testcase classname="ptolemy.util.test.junit.TclTests" name="[31] /home/travis/build/icyphy/ptII/ptolemy/actor/lib/test/SubscriptionAggregator.tcl (RunTclFile)" time="1.662" />
  <testcase classname="ptolemy.util.test.junit.TclTests" name="[32] /home/travis/build/icyphy/ptII/ptolemy/actor/lib/test/Test.tcl (RunTclFile)" time="0.087">
    <failure message="Number of failed tests is has increased. expected:&lt;0&gt; but was:&lt;2&gt;" type="junit.framework.AssertionFailedError">junit.framework.AssertionFailedError: Number of failed tests is has increased. expected:&lt;0&gt; but was:&lt;2&gt;
	at ptolemy.util.test.junit.TclTests.RunTclFile(TclTests.java:286)
	at junitparams.internal.InvokeParameterisedMethod.evaluate(InvokeParameterisedMethod.java:102)
	at junitparams.internal.ParameterisedTestMethodRunner.runMethodInvoker(ParameterisedTestMethodRunner.java:47)
	at junitparams.internal.ParameterisedTestMethodRunner.runTestMethod(ParameterisedTestMethodRunner.java:41)
	at junitparams.internal.ParameterisedTestClassRunner.runParameterisedTest(ParameterisedTestClassRunner.java:143)
	at junitparams.JUnitParamsRunner.runChild(JUnitParamsRunner.java:237)
	at junitparams.JUnitParamsRunner.runChild(JUnitParamsRunner.java:215)
</failure>
  </testcase>
  <testcase classname="ptolemy.util.test.junit.TclTests" name="[33] /home/travis/build/icyphy/ptII/ptolemy/actor/lib/test/TestExceptionHandler.tcl (RunTclFile)" time="0.008" />
  <testcase classname="ptolemy.util.test.junit.TclTests" name="[34] /home/travis/build/icyphy/ptII/ptolemy/actor/lib/test/UnionDisassembler.tcl (RunTclFile)" time="0.057" />
  <testcase classname="ptolemy.util.test.junit.TclTests" name="[35] /home/travis/build/icyphy/ptII/ptolemy/actor/lib/test/VariableClock.tcl (RunTclFile)" time="0.025" />
  <testcase classname="ptolemy.util.test.junit.AutoKnownFailedTests" name="[0] /home/travis/build/icyphy/ptII/ptolemy/actor/lib/test/auto/knownFailedTests/PublisherPortToplevelSubscriber.xml (RunModel)" time="0.019" />
  <testcase classname="ptolemy.util.test.junit.AutoKnownFailedTests" name="[1] /home/travis/build/icyphy/ptII/ptolemy/actor/lib/test/auto/knownFailedTests/PublisherSubscriberPortToplevel.xml (RunModel)" time="0.023" />
  <testcase classname="ptolemy.util.test.junit.AutoKnownFailedTests" name="[2] /home/travis/build/icyphy/ptII/ptolemy/actor/lib/test/auto/knownFailedTests/PublisherSubscriptionAggregatorPort.xml (RunModel)" time="0.02" />
  <testcase classname="ptolemy.util.test.junit.AutoKnownFailedTests" name="[3] /home/travis/build/icyphy/ptII/ptolemy/actor/lib/test/auto/knownFailedTests/sizedarray3.xml (RunModel)" time="0.018" />
  <testcase classname="ptolemy.util.test.junit.AutoNameArchTests" name="[0] ThereAreNoAutoArchTests (RunModel)" time="0.005" />
  <testcase classname="ptolemy.util.test.junit.AutoTests" name="[0] /home/travis/build/icyphy/ptII/ptolemy/actor/lib/test/auto/AbsoluteValue.xml (RunModel)" time="0.096" />
  <testcase classname="ptolemy.util.test.junit.AutoTests" name="[1] /home/travis/build/icyphy/ptII/ptolemy/actor/lib/test/auto/AbsoluteValue2.xml (RunModel)" time="0.071" />
  <testcase classname="ptolemy.util.test.junit.AutoTests" name="[2] /home/travis/build/icyphy/ptII/ptolemy/actor/lib/test/auto/Accumulator.xml (RunModel)" time="0.066" />
  <testcase classname="ptolemy.util.test.junit.AutoTests" name="[3] /home/travis/build/icyphy/ptII/ptolemy/actor/lib/test/auto/Accumulator2.xml (RunModel)" time="0.045" />
  <testcase classname="ptolemy.util.test.junit.AutoTests" name="[4] /home/travis/build/icyphy/ptII/ptolemy/actor/lib/test/auto/Accumulator3.xml (RunModel)" time="0.035" />
  <testcase classname="ptolemy.util.test.junit.AutoTests" name="[5] /home/travis/build/icyphy/ptII/ptolemy/actor/lib/test/auto/ArrayAppend.xml (RunModel)" time="0.036" />
  <testcase classname="ptolemy.util.test.junit.AutoTests" name="[6] /home/travis/build/icyphy/ptII/ptolemy/actor/lib/test/auto/ArrayAppend2.xml (RunModel)" time="0.764" />
  <testcase classname="ptolemy.util.test.junit.AutoTests" name="[7] /home/travis/build/icyphy/ptII/ptolemy/actor/lib/test/auto/ArrayAppend3.xml (RunModel)" time="0.021" />
  <testcase classname="ptolemy.util.test.junit.AutoTests" name="[8] /home/travis/build/icyphy/ptII/ptolemy/actor/lib/test/auto/ArrayAppend4.xml (RunModel)" time="0.025" />
  <testcase classname="ptolemy.util.test.junit.AutoTests" name="[9] /home/travis/build/icyphy/ptII/ptolemy/actor/lib/test/auto/ArrayAppend5.xml (RunModel)" time="0.021" />
  <testcase classname="ptolemy.util.test.junit.AutoTests" name="[10] /home/travis/build/icyphy/ptII/ptolemy/actor/lib/test/auto/ArrayAppend6.xml (RunModel)" time="0.024" />
  <testcase classname="ptolemy.util.test.junit.AutoTests" name="[11] /home/travis/build/icyphy/ptII/ptolemy/actor/lib/test/auto/ArrayAppendPerformanceTest.xml (RunModel)" time="0.043" />
  <testcase classname="ptolemy.util.test.junit.AutoTests" name="[12] /home/travis/build/icyphy/ptII/ptolemy/actor/lib/test/auto/ArrayAppendWithEmptyInput.xml (RunModel)" time="0.039" />
  <testcase classname="ptolemy.util.test.junit.AutoTests" name="[13] /home/travis/build/icyphy/ptII/ptolemy/actor/lib/test/auto/ArrayAverage.xml (RunModel)" time="0.051" />
  <testcase classname="ptolemy.util.test.junit.AutoTests" name="[14] /home/travis/build/icyphy/ptII/ptolemy/actor/lib/test/auto/ArrayContains.xml (RunModel)" time="0.032" />
  <testcase classname="ptolemy.util.test.junit.AutoTests" name="[15] /home/travis/build/icyphy/ptII/ptolemy/actor/lib/test/auto/ArrayElement.xml (RunModel)" time="0.031" />
  <testcase classname="ptolemy.util.test.junit.AutoTests" name="[16] /home/travis/build/icyphy/ptII/ptolemy/actor/lib/test/auto/ArrayElementAsMatrix.xml (RunModel)" time="0.048" />
  <testcase classname="ptolemy.util.test.junit.AutoTests" name="[17] /home/travis/build/icyphy/ptII/ptolemy/actor/lib/test/auto/ArrayElementI.xml (RunModel)" time="0.019" />
  <testcase classname="ptolemy.util.test.junit.AutoTests" name="[18] /home/travis/build/icyphy/ptII/ptolemy/actor/lib/test/auto/ArrayExtract.xml (RunModel)" time="0.047" />
  <testcase classname="ptolemy.util.test.junit.AutoTests" name="[19] /home/travis/build/icyphy/ptII/ptolemy/actor/lib/test/auto/ArrayExtract2.xml (RunModel)" time="0.021" />
  <testcase classname="ptolemy.util.test.junit.AutoTests" name="[20] /home/travis/build/icyphy/ptII/ptolemy/actor/lib/test/auto/ArrayLength.xml (RunModel)" time="0.02" />
  <testcase classname="ptolemy.util.test.junit.AutoTests" name="[21] /home/travis/build/icyphy/ptII/ptolemy/actor/lib/test/auto/ArrayLevelCrossing.xml (RunModel)" time="0.028" />
  <testcase classname="ptolemy.util.test.junit.AutoTests" name="[22] /home/travis/build/icyphy/ptII/ptolemy/actor/lib/test/auto/ArrayLevelCrossing2.xml (RunModel)" time="0.021" />
  <testcase classname="ptolemy.util.test.junit.AutoTests" name="[23] /home/travis/build/icyphy/ptII/ptolemy/actor/lib/test/auto/ArrayPeakSearch.xml (RunModel)" time="0.028" />
  <testcase classname="ptolemy.util.test.junit.AutoTests" name="[24] /home/travis/build/icyphy/ptII/ptolemy/actor/lib/test/auto/ArrayPeakSearch2.xml (RunModel)" time="0.031" />
  <testcase classname="ptolemy.util.test.junit.AutoTests" name="[25] /home/travis/build/icyphy/ptII/ptolemy/actor/lib/test/auto/ArrayPeakSearch3.xml (RunModel)" time="0.028" />
  <testcase classname="ptolemy.util.test.junit.AutoTests" name="[26] /home/travis/build/icyphy/ptII/ptolemy/actor/lib/test/auto/ArrayRemoveElement.xml (RunModel)" time="0.024" />
  <testcase classname="ptolemy.util.test.junit.AutoTests" name="[27] /home/travis/build/icyphy/ptII/ptolemy/actor/lib/test/auto/ArraySort.xml (RunModel)" time="0.029" />
  <testcase classname="ptolemy.util.test.junit.AutoTests" name="[28] /home/travis/build/icyphy/ptII/ptolemy/actor/lib/test/auto/ArraySum.xml (RunModel)" time="0.027" />
  <testcase classname="ptolemy.util.test.junit.AutoTests" name="[29] /home/travis/build/icyphy/ptII/ptolemy/actor/lib/test/auto/ArrayToElements.xml (RunModel)" time="0.027" />
  <testcase classname="ptolemy.util.test.junit.AutoTests" name="[30] /home/travis/build/icyphy/ptII/ptolemy/actor/lib/test/auto/ArrayToMatrix.xml (RunModel)" time="0.05" />
  <testcase classname="ptolemy.util.test.junit.AutoTests" name="[31] /home/travis/build/icyphy/ptII/ptolemy/actor/lib/test/auto/ArrayUpdate1.xml (RunModel)" time="0.016" />
  <testcase classname="ptolemy.util.test.junit.AutoTests" name="[32] /home/travis/build/icyphy/ptII/ptolemy/actor/lib/test/auto/ArrayUpdate2.xml (RunModel)" time="0.026" />
  <testcase classname="ptolemy.util.test.junit.AutoTests" name="[33] /home/travis/build/icyphy/ptII/ptolemy/actor/lib/test/auto/ArrayUpdate3.xml (RunModel)" time="0.025" />
  <testcase classname="ptolemy.util.test.junit.AutoTests" name="[34] /home/travis/build/icyphy/ptII/ptolemy/actor/lib/test/auto/Assert1.xml (RunModel)" time="0.021" />
  <testcase classname="ptolemy.util.test.junit.AutoTests" name="[35] /home/travis/build/icyphy/ptII/ptolemy/actor/lib/test/auto/Assert2.xml (RunModel)" time="0.014" />
  <testcase classname="ptolemy.util.test.junit.AutoTests" name="[36] /home/travis/build/icyphy/ptII/ptolemy/actor/lib/test/auto/BooleanMultiplexor.xml (RunModel)" time="0.014" />
  <testcase classname="ptolemy.util.test.junit.AutoTests" name="[37] /home/travis/build/icyphy/ptII/ptolemy/actor/lib/test/auto/BooleanMultiplexor2.xml (RunModel)" time="0.028" />
  <testcase classname="ptolemy.util.test.junit.AutoTests" name="[38] /home/travis/build/icyphy/ptII/ptolemy/actor/lib/test/auto/BooleanMultiplexor3.xml (RunModel)" time="0.02" />
  <testcase classname="ptolemy.util.test.junit.AutoTests" name="[39] /home/travis/build/icyphy/ptII/ptolemy/actor/lib/test/auto/BooleanSelect.xml (RunModel)" time="0.025" />
  <testcase classname="ptolemy.util.test.junit.AutoTests" name="[40] /home/travis/build/icyphy/ptII/ptolemy/actor/lib/test/auto/BooleanSelect2.xml (RunModel)" time="0.014" />
  <testcase classname="ptolemy.util.test.junit.AutoTests" name="[41] /home/travis/build/icyphy/ptII/ptolemy/actor/lib/test/auto/BooleanSwitch.xml (RunModel)" time="0.016" />
  <testcase classname="ptolemy.util.test.junit.AutoTests" name="[42] /home/travis/build/icyphy/ptII/ptolemy/actor/lib/test/auto/BooleanSwitch2.xml (RunModel)" time="0.012" />
  <testcase classname="ptolemy.util.test.junit.AutoTests" name="[43] /home/travis/build/icyphy/ptII/ptolemy/actor/lib/test/auto/BooleanSwitchCloningBugWithClassRelationGroup.xml (RunModel)" time="0.024" />
  <testcase classname="ptolemy.util.test.junit.AutoTests" name="[44] /home/travis/build/icyphy/ptII/ptolemy/actor/lib/test/auto/BusActors.xml (RunModel)" time="0.04" />
  <testcase classname="ptolemy.util.test.junit.AutoTests" name="[45] /home/travis/build/icyphy/ptII/ptolemy/actor/lib/test/auto/ClassWrapper.xml (RunModel)" time="0.01" />
  <testcase classname="ptolemy.util.test.junit.AutoTests" name="[46] /home/travis/build/icyphy/ptII/ptolemy/actor/lib/test/auto/Clock.xml (RunModel)" time="0.012" />
  <testcase classname="ptolemy.util.test.junit.AutoTests" name="[47] /home/travis/build/icyphy/ptII/ptolemy/actor/lib/test/auto/Clock10.xml (RunModel)" time="0.016" />
  <testcase classname="ptolemy.util.test.junit.AutoTests" name="[48] /home/travis/build/icyphy/ptII/ptolemy/actor/lib/test/auto/Clock11.xml (RunModel)" time="0.016" />
  <testcase classname="ptolemy.util.test.junit.AutoTests" name="[49] /home/travis/build/icyphy/ptII/ptolemy/actor/lib/test/auto/Clock12.xml (RunModel)" time="0.067" />
  <testcase classname="ptolemy.util.test.junit.AutoTests" name="[50] /home/travis/build/icyphy/ptII/ptolemy/actor/lib/test/auto/Clock13.xml (RunModel)" time="0.02" />
  <testcase classname="ptolemy.util.test.junit.AutoTests" name="[51] /home/travis/build/icyphy/ptII/ptolemy/actor/lib/test/auto/Clock14.xml (RunModel)" time="0.023" />
  <testcase classname="ptolemy.util.test.junit.AutoTests" name="[52] /home/travis/build/icyphy/ptII/ptolemy/actor/lib/test/auto/Clock15.xml (RunModel)" time="0.015" />
  <testcase classname="ptolemy.util.test.junit.AutoTests" name="[53] /home/travis/build/icyphy/ptII/ptolemy/actor/lib/test/auto/Clock16.xml (RunModel)" time="0.066" />
  <testcase classname="ptolemy.util.test.junit.AutoTests" name="[54] /home/travis/build/icyphy/ptII/ptolemy/actor/lib/test/auto/Clock17.xml (RunModel)" time="0.031" />
  <testcase classname="ptolemy.util.test.junit.AutoTests" name="[55] /home/travis/build/icyphy/ptII/ptolemy/actor/lib/test/auto/Clock18.xml (RunModel)" time="0.05" />
  <testcase classname="ptolemy.util.test.junit.AutoTests" name="[56] /home/travis/build/icyphy/ptII/ptolemy/actor/lib/test/auto/Clock19.xml (RunModel)" time="0.038" />
  <testcase classname="ptolemy.util.test.junit.AutoTests" name="[57] /home/travis/build/icyphy/ptII/ptolemy/actor/lib/test/auto/Clock2.xml (RunModel)" time="0.015" />
  <testcase classname="ptolemy.util.test.junit.AutoTests" name="[58] /home/travis/build/icyphy/ptII/ptolemy/actor/lib/test/auto/Clock20.xml (RunModel)" time="0.02" />
  <testcase classname="ptolemy.util.test.junit.AutoTests" name="[59] /home/travis/build/icyphy/ptII/ptolemy/actor/lib/test/auto/Clock21.xml (RunModel)" time="0.019" />
  <testcase classname="ptolemy.util.test.junit.AutoTests" name="[60] /home/travis/build/icyphy/ptII/ptolemy/actor/lib/test/auto/Clock22.xml (RunModel)" time="0.016" />
  <testcase classname="ptolemy.util.test.junit.AutoTests" name="[61] /home/travis/build/icyphy/ptII/ptolemy/actor/lib/test/auto/Clock23.xml (RunModel)" time="0.015" />
  <testcase classname="ptolemy.util.test.junit.AutoTests" name="[62] /home/travis/build/icyphy/ptII/ptolemy/actor/lib/test/auto/Clock24.xml (RunModel)" time="0.015" />
  <testcase classname="ptolemy.util.test.junit.AutoTests" name="[63] /home/travis/build/icyphy/ptII/ptolemy/actor/lib/test/auto/Clock4.xml (RunModel)" time="0.014" />
  <testcase classname="ptolemy.util.test.junit.AutoTests" name="[64] /home/travis/build/icyphy/ptII/ptolemy/actor/lib/test/auto/Clock5.xml (RunModel)" time="0.013" />
  <testcase classname="ptolemy.util.test.junit.AutoTests" name="[65] /home/travis/build/icyphy/ptII/ptolemy/actor/lib/test/auto/Clock6.xml (RunModel)" time="0.016" />
  <testcase classname="ptolemy.util.test.junit.AutoTests" name="[66] /home/travis/build/icyphy/ptII/ptolemy/actor/lib/test/auto/Clock7.xml (RunModel)" time="0.008" />
  <testcase classname="ptolemy.util.test.junit.AutoTests" name="[67] /home/travis/build/icyphy/ptII/ptolemy/actor/lib/test/auto/Clock8.xml (RunModel)" time="0.014" />
  <testcase classname="ptolemy.util.test.junit.AutoTests" name="[68] /home/travis/build/icyphy/ptII/ptolemy/actor/lib/test/auto/Clock9.xml (RunModel)" time="0.014" />
  <testcase classname="ptolemy.util.test.junit.AutoTests" name="[69] /home/travis/build/icyphy/ptII/ptolemy/actor/lib/test/auto/CommDistDiscard.xml (RunModel)" time="0.021" />
  <testcase classname="ptolemy.util.test.junit.AutoTests" name="[70] /home/travis/build/icyphy/ptII/ptolemy/actor/lib/test/auto/Commutator.xml (RunModel)" time="0.011" />
  <testcase classname="ptolemy.util.test.junit.AutoTests" name="[71] /home/travis/build/icyphy/ptII/ptolemy/actor/lib/test/auto/Commutator2.xml (RunModel)" time="0.009" />
  <testcase classname="ptolemy.util.test.junit.AutoTests" name="[72] /home/travis/build/icyphy/ptII/ptolemy/actor/lib/test/auto/Commutator3.xml (RunModel)" time="0.009" />
  <testcase classname="ptolemy.util.test.junit.AutoTests" name="[73] /home/travis/build/icyphy/ptII/ptolemy/actor/lib/test/auto/Compare.xml (RunModel)" time="0.017" />
  <testcase classname="ptolemy.util.test.junit.AutoTests" name="[74] /home/travis/build/icyphy/ptII/ptolemy/actor/lib/test/auto/CompareDE.xml (RunModel)" time="0.016" />
  <testcase classname="ptolemy.util.test.junit.AutoTests" name="[75] /home/travis/build/icyphy/ptII/ptolemy/actor/lib/test/auto/ComplexDivide.xml (RunModel)" time="0.009" />
  <testcase classname="ptolemy.util.test.junit.AutoTests" name="[76] /home/travis/build/icyphy/ptII/ptolemy/actor/lib/test/auto/ComputeHistogram.xml (RunModel)" time="0.063" />
  <testcase classname="ptolemy.util.test.junit.AutoTests" name="[77] /home/travis/build/icyphy/ptII/ptolemy/actor/lib/test/auto/ConfigurationSelect.xml (RunModel)" time="0.016" />
  <testcase classname="ptolemy.util.test.junit.AutoTests" name="[78] /home/travis/build/icyphy/ptII/ptolemy/actor/lib/test/auto/ConfigurationSelect2.xml (RunModel)" time="0.012" />
  <testcase classname="ptolemy.util.test.junit.AutoTests" name="[79] /home/travis/build/icyphy/ptII/ptolemy/actor/lib/test/auto/ConfigurationSwitch.xml (RunModel)" time="0.018" />
  <testcase classname="ptolemy.util.test.junit.AutoTests" name="[80] /home/travis/build/icyphy/ptII/ptolemy/actor/lib/test/auto/ConfigurationSwitch2.xml (RunModel)" time="0.015" />
  <testcase classname="ptolemy.util.test.junit.AutoTests" name="[81] /home/travis/build/icyphy/ptII/ptolemy/actor/lib/test/auto/ConfigurationSwitchCloningBugWithClassRelationGroup.xml (RunModel)" time="0.019" />
  <testcase classname="ptolemy.util.test.junit.AutoTests" name="[82] /home/travis/build/icyphy/ptII/ptolemy/actor/lib/test/auto/ConfigurationSwitchSelectSDF.xml (RunModel)" time="0.013" />
  <testcase classname="ptolemy.util.test.junit.AutoTests" name="[83] /home/travis/build/icyphy/ptII/ptolemy/actor/lib/test/auto/ConfigurationSwitchSelectSDF2.xml (RunModel)" time="0.019" />
  <testcase classname="ptolemy.util.test.junit.AutoTests" name="[84] /home/travis/build/icyphy/ptII/ptolemy/actor/lib/test/auto/Const.xml (RunModel)" time="0.006" />
  <testcase classname="ptolemy.util.test.junit.AutoTests" name="[85] /home/travis/build/icyphy/ptII/ptolemy/actor/lib/test/auto/Const2.xml (RunModel)" time="0.009" />
  <testcase classname="ptolemy.util.test.junit.AutoTests" name="[86] /home/travis/build/icyphy/ptII/ptolemy/actor/lib/test/auto/Const3.xml (RunModel)" time="0.005" />
  <testcase classname="ptolemy.util.test.junit.AutoTests" name="[87] /home/travis/build/icyphy/ptII/ptolemy/actor/lib/test/auto/ConstantPublisherPort1.xml (RunModel)" time="0.028" />
  <testcase classname="ptolemy.util.test.junit.AutoTests" name="[88] /home/travis/build/icyphy/ptII/ptolemy/actor/lib/test/auto/ConstantPublisherPort2.xml (RunModel)" time="0.02" />
  <testcase classname="ptolemy.util.test.junit.AutoTests" name="[89] /home/travis/build/icyphy/ptII/ptolemy/actor/lib/test/auto/ConstantPublisherPort3.xml (RunModel)" time="0.025" />
  <testcase classname="ptolemy.util.test.junit.AutoTests" name="[90] /home/travis/build/icyphy/ptII/ptolemy/actor/lib/test/auto/ConstantPublisherPort4.xml (RunModel)" time="0.016" />
  <testcase classname="ptolemy.util.test.junit.AutoTests" name="[91] /home/travis/build/icyphy/ptII/ptolemy/actor/lib/test/auto/ConstantPublisherPort5.xml (RunModel)" time="0.044" />
  <testcase classname="ptolemy.util.test.junit.AutoTests" name="[92] /home/travis/build/icyphy/ptII/ptolemy/actor/lib/test/auto/ConstantPublisherPort6.xml (RunModel)" time="0.032" />
  <testcase classname="ptolemy.util.test.junit.AutoTests" name="[93] /home/travis/build/icyphy/ptII/ptolemy/actor/lib/test/auto/ConstantPublisherPort7.xml (RunModel)" time="0.04" />
  <testcase classname="ptolemy.util.test.junit.AutoTests" name="[94] /home/travis/build/icyphy/ptII/ptolemy/actor/lib/test/auto/ConstraintMonitor1.xml (RunModel)" time="0.041" />
  <testcase classname="ptolemy.util.test.junit.AutoTests" name="[95] /home/travis/build/icyphy/ptII/ptolemy/actor/lib/test/auto/ConstraintMonitor2.xml (RunModel)" time="0.013" />
  <testcase classname="ptolemy.util.test.junit.AutoTests" name="[96] /home/travis/build/icyphy/ptII/ptolemy/actor/lib/test/auto/ConstraintMonitor3.xml (RunModel)" time="0.011" />
  <testcase classname="ptolemy.util.test.junit.AutoTests" name="[97] /home/travis/build/icyphy/ptII/ptolemy/actor/lib/test/auto/ConstraintMonitor4.xml (RunModel)" time="0.014" />
  <testcase classname="ptolemy.util.test.junit.AutoTests" name="[98] /home/travis/build/icyphy/ptII/ptolemy/actor/lib/test/auto/ConstraintMonitor5.xml (RunModel)" time="0.012" />
  <testcase classname="ptolemy.util.test.junit.AutoTests" name="[99] /home/travis/build/icyphy/ptII/ptolemy/actor/lib/test/auto/ConstraintMonitor6.xml (RunModel)" time="0.016" />
  <testcase classname="ptolemy.util.test.junit.AutoTests" name="[100] /home/travis/build/icyphy/ptII/ptolemy/actor/lib/test/auto/ConstraintMonitor7.xml (RunModel)" time="0.024" />
  <testcase classname="ptolemy.util.test.junit.AutoTests" name="[101] /home/travis/build/icyphy/ptII/ptolemy/actor/lib/test/auto/ConstraintMonitor8.xml (RunModel)" time="0.016" />
  <testcase classname="ptolemy.util.test.junit.AutoTests" name="[102] /home/travis/build/icyphy/ptII/ptolemy/actor/lib/test/auto/Counter.xml (RunModel)" time="0.018" />
  <testcase classname="ptolemy.util.test.junit.AutoTests" name="[103] /home/travis/build/icyphy/ptII/ptolemy/actor/lib/test/auto/CurrentTimeSDF.xml (RunModel)" time="0.036" />
  <testcase classname="ptolemy.util.test.junit.AutoTests" name="[104] /home/travis/build/icyphy/ptII/ptolemy/actor/lib/test/auto/DB.xml (RunModel)" time="0.01" />
  <testcase classname="ptolemy.util.test.junit.AutoTests" name="[105] /home/travis/build/icyphy/ptII/ptolemy/actor/lib/test/auto/DBDE.xml (RunModel)" time="0.012" />
  <testcase classname="ptolemy.util.test.junit.AutoTests" name="[106] /home/travis/build/icyphy/ptII/ptolemy/actor/lib/test/auto/DateConstructor.xml (RunModel)" time="0.042" />
  <testcase classname="ptolemy.util.test.junit.AutoTests" name="[107] /home/travis/build/icyphy/ptII/ptolemy/actor/lib/test/auto/DelayTime.xml (RunModel)" time="0.011" />
  <testcase classname="ptolemy.util.test.junit.AutoTests" name="[108] /home/travis/build/icyphy/ptII/ptolemy/actor/lib/test/auto/Dictionary1.xml (RunModel)" time="0.436" />
  <testcase classname="ptolemy.util.test.junit.AutoTests" name="[109] /home/travis/build/icyphy/ptII/ptolemy/actor/lib/test/auto/Dictionary2.xml (RunModel)" time="0.017" />
  <testcase classname="ptolemy.util.test.junit.AutoTests" name="[110] /home/travis/build/icyphy/ptII/ptolemy/actor/lib/test/auto/Dictionary3.xml (RunModel)" time="0.011" />
  <testcase classname="ptolemy.util.test.junit.AutoTests" name="[111] /home/travis/build/icyphy/ptII/ptolemy/actor/lib/test/auto/Dictionary4.xml (RunModel)" time="0.015" />
  <testcase classname="ptolemy.util.test.junit.AutoTests" name="[112] /home/travis/build/icyphy/ptII/ptolemy/actor/lib/test/auto/Differential.xml (RunModel)" time="0.009" />
  <testcase classname="ptolemy.util.test.junit.AutoTests" name="[113] /home/travis/build/icyphy/ptII/ptolemy/actor/lib/test/auto/Director.xml (RunModel)" time="0.007" />
  <testcase classname="ptolemy.util.test.junit.AutoTests" name="[114] /home/travis/build/icyphy/ptII/ptolemy/actor/lib/test/auto/DiscreteClock.xml (RunModel)" time="0.007" />
  <testcase classname="ptolemy.util.test.junit.AutoTests" name="[115] /home/travis/build/icyphy/ptII/ptolemy/actor/lib/test/auto/DiscreteClock10.xml (RunModel)" time="0.01" />
  <testcase classname="ptolemy.util.test.junit.AutoTests" name="[116] /home/travis/build/icyphy/ptII/ptolemy/actor/lib/test/auto/DiscreteClock11.xml (RunModel)" time="0.011" />
  <testcase classname="ptolemy.util.test.junit.AutoTests" name="[117] /home/travis/build/icyphy/ptII/ptolemy/actor/lib/test/auto/DiscreteClock12.xml (RunModel)" time="0.011" />
  <testcase classname="ptolemy.util.test.junit.AutoTests" name="[118] /home/travis/build/icyphy/ptII/ptolemy/actor/lib/test/auto/DiscreteClock13.xml (RunModel)" time="0.011" />
  <testcase classname="ptolemy.util.test.junit.AutoTests" name="[119] /home/travis/build/icyphy/ptII/ptolemy/actor/lib/test/auto/DiscreteClock14.xml (RunModel)" time="0.014" />
  <testcase classname="ptolemy.util.test.junit.AutoTests" name="[120] /home/travis/build/icyphy/ptII/ptolemy/actor/lib/test/auto/DiscreteClock15.xml (RunModel)" time="0.014" />
  <testcase classname="ptolemy.util.test.junit.AutoTests" name="[121] /home/travis/build/icyphy/ptII/ptolemy/actor/lib/test/auto/DiscreteClock16.xml (RunModel)" time="0.044" />
  <testcase classname="ptolemy.util.test.junit.AutoTests" name="[122] /home/travis/build/icyphy/ptII/ptolemy/actor/lib/test/auto/DiscreteClock17.xml (RunModel)" time="0.034" />
  <testcase classname="ptolemy.util.test.junit.AutoTests" name="[123] /home/travis/build/icyphy/ptII/ptolemy/actor/lib/test/auto/DiscreteClock18.xml (RunModel)" time="0.043" />
  <testcase classname="ptolemy.util.test.junit.AutoTests" name="[124] /home/travis/build/icyphy/ptII/ptolemy/actor/lib/test/auto/DiscreteClock19.xml (RunModel)" time="0.044" />
  <testcase classname="ptolemy.util.test.junit.AutoTests" name="[125] /home/travis/build/icyphy/ptII/ptolemy/actor/lib/test/auto/DiscreteClock2.xml (RunModel)" time="0.015" />
  <testcase classname="ptolemy.util.test.junit.AutoTests" name="[126] /home/travis/build/icyphy/ptII/ptolemy/actor/lib/test/auto/DiscreteClock20.xml (RunModel)" time="0.01" />
  <testcase classname="ptolemy.util.test.junit.AutoTests" name="[127] /home/travis/build/icyphy/ptII/ptolemy/actor/lib/test/auto/DiscreteClock21.xml (RunModel)" time="0.01" />
  <testcase classname="ptolemy.util.test.junit.AutoTests" name="[128] /home/travis/build/icyphy/ptII/ptolemy/actor/lib/test/auto/DiscreteClock22.xml (RunModel)" time="0.01" />
  <testcase classname="ptolemy.util.test.junit.AutoTests" name="[129] /home/travis/build/icyphy/ptII/ptolemy/actor/lib/test/auto/DiscreteClock23.xml (RunModel)" time="0.014" />
  <testcase classname="ptolemy.util.test.junit.AutoTests" name="[130] /home/travis/build/icyphy/ptII/ptolemy/actor/lib/test/auto/DiscreteClock24.xml (RunModel)" time="0.01" />
  <testcase classname="ptolemy.util.test.junit.AutoTests" name="[131] /home/travis/build/icyphy/ptII/ptolemy/actor/lib/test/auto/DiscreteClock4.xml (RunModel)" time="0.009" />
  <testcase classname="ptolemy.util.test.junit.AutoTests" name="[132] /home/travis/build/icyphy/ptII/ptolemy/actor/lib/test/auto/DiscreteClock5.xml (RunModel)" time="0.011" />
  <testcase classname="ptolemy.util.test.junit.AutoTests" name="[133] /home/travis/build/icyphy/ptII/ptolemy/actor/lib/test/auto/DiscreteClock6.xml (RunModel)" time="0.006" />
  <testcase classname="ptolemy.util.test.junit.AutoTests" name="[134] /home/travis/build/icyphy/ptII/ptolemy/actor/lib/test/auto/DiscreteClock7.xml (RunModel)" time="0.007" />
  <testcase classname="ptolemy.util.test.junit.AutoTests" name="[135] /home/travis/build/icyphy/ptII/ptolemy/actor/lib/test/auto/DiscreteClock8.xml (RunModel)" time="0.009" />
  <testcase classname="ptolemy.util.test.junit.AutoTests" name="[136] /home/travis/build/icyphy/ptII/ptolemy/actor/lib/test/auto/DiscreteClock9.xml (RunModel)" time="0.009" />
  <testcase classname="ptolemy.util.test.junit.AutoTests" name="[137] /home/travis/build/icyphy/ptII/ptolemy/actor/lib/test/auto/DisplayArray.xml (RunModel)" time="0.007" />
  <testcase classname="ptolemy.util.test.junit.AutoTests" name="[138] /home/travis/build/icyphy/ptII/ptolemy/actor/lib/test/auto/Distributor.xml (RunModel)" time="0.009" />
  <testcase classname="ptolemy.util.test.junit.AutoTests" name="[139] /home/travis/build/icyphy/ptII/ptolemy/actor/lib/test/auto/Distributor2.xml (RunModel)" time="0.009" />
  <testcase classname="ptolemy.util.test.junit.AutoTests" name="[140] /home/travis/build/icyphy/ptII/ptolemy/actor/lib/test/auto/DownSample.xml (RunModel)" time="0.008" />
  <testcase classname="ptolemy.util.test.junit.AutoTests" name="[141] /home/travis/build/icyphy/ptII/ptolemy/actor/lib/test/auto/ElectronicUnitBase1.xml (RunModel)" time="0.055" />
  <testcase classname="ptolemy.util.test.junit.AutoTests" name="[142] /home/travis/build/icyphy/ptII/ptolemy/actor/lib/test/auto/ElementsToArray.xml (RunModel)" time="0.009" />
  <testcase classname="ptolemy.util.test.junit.AutoTests" name="[143] /home/travis/build/icyphy/ptII/ptolemy/actor/lib/test/auto/Equals.xml (RunModel)" time="0.009" />
  <testcase classname="ptolemy.util.test.junit.AutoTests" name="[144] /home/travis/build/icyphy/ptII/ptolemy/actor/lib/test/auto/Exec.xml (RunModel)" time="0.016" />
  <testcase classname="ptolemy.util.test.junit.AutoTests" name="[145] /home/travis/build/icyphy/ptII/ptolemy/actor/lib/test/auto/ExecEnvironment.xml (RunModel)" time="0.034" />
  <testcase classname="ptolemy.util.test.junit.AutoTests" name="[146] /home/travis/build/icyphy/ptII/ptolemy/actor/lib/test/auto/ExecNonZeroReturnOutput.xml (RunModel)" time="0.16" />
  <testcase classname="ptolemy.util.test.junit.AutoTests" name="[147] /home/travis/build/icyphy/ptII/ptolemy/actor/lib/test/auto/ExecRunDemos.xml (RunModel)" time="8.853" />
  <testcase classname="ptolemy.util.test.junit.AutoTests" name="[148] /home/travis/build/icyphy/ptII/ptolemy/actor/lib/test/auto/ExecStop.xml (RunModel)" time="5.025" />
  <testcase classname="ptolemy.util.test.junit.AutoTests" name="[149] /home/travis/build/icyphy/ptII/ptolemy/actor/lib/test/auto/ExecutionTimeSDF.xml (RunModel)" time="6.032" />
  <testcase classname="ptolemy.util.test.junit.AutoTests" name="[150] /home/travis/build/icyphy/ptII/ptolemy/actor/lib/test/auto/Expression1.xml (RunModel)" time="0.016" />
  <testcase classname="ptolemy.util.test.junit.AutoTests" name="[151] /home/travis/build/icyphy/ptII/ptolemy/actor/lib/test/auto/Expression10.xml (RunModel)" time="0.012" />
  <testcase classname="ptolemy.util.test.junit.AutoTests" name="[152] /home/travis/build/icyphy/ptII/ptolemy/actor/lib/test/auto/Expression11.xml (RunModel)" time="0.01" />
  <testcase classname="ptolemy.util.test.junit.AutoTests" name="[153] /home/travis/build/icyphy/ptII/ptolemy/actor/lib/test/auto/Expression12.xml (RunModel)" time="0.011" />
  <testcase classname="ptolemy.util.test.junit.AutoTests" name="[154] /home/travis/build/icyphy/ptII/ptolemy/actor/lib/test/auto/Expression13.xml (RunModel)" time="0.01" />
  <testcase classname="ptolemy.util.test.junit.AutoTests" name="[155] /home/travis/build/icyphy/ptII/ptolemy/actor/lib/test/auto/Expression14.xml (RunModel)" time="0.013" />
  <testcase classname="ptolemy.util.test.junit.AutoTests" name="[156] /home/travis/build/icyphy/ptII/ptolemy/actor/lib/test/auto/Expression15.xml (RunModel)" time="0.007" />
  <testcase classname="ptolemy.util.test.junit.AutoTests" name="[157] /home/travis/build/icyphy/ptII/ptolemy/actor/lib/test/auto/Expression16.xml (RunModel)" time="0.009" />
  <testcase classname="ptolemy.util.test.junit.AutoTests" name="[158] /home/travis/build/icyphy/ptII/ptolemy/actor/lib/test/auto/Expression17.xml (RunModel)" time="0.009" />
  <testcase classname="ptolemy.util.test.junit.AutoTests" name="[159] /home/travis/build/icyphy/ptII/ptolemy/actor/lib/test/auto/Expression18.xml (RunModel)" time="0.01" />
  <testcase classname="ptolemy.util.test.junit.AutoTests" name="[160] /home/travis/build/icyphy/ptII/ptolemy/actor/lib/test/auto/Expression2.xml (RunModel)" time="0.01" />
  <testcase classname="ptolemy.util.test.junit.AutoTests" name="[161] /home/travis/build/icyphy/ptII/ptolemy/actor/lib/test/auto/Expression3.xml (RunModel)" time="0.009" />
  <testcase classname="ptolemy.util.test.junit.AutoTests" name="[162] /home/travis/build/icyphy/ptII/ptolemy/actor/lib/test/auto/Expression4.xml (RunModel)" time="0.016" />
  <testcase classname="ptolemy.util.test.junit.AutoTests" name="[163] /home/travis/build/icyphy/ptII/ptolemy/actor/lib/test/auto/Expression5.xml (RunModel)" time="0.01" />
  <testcase classname="ptolemy.util.test.junit.AutoTests" name="[164] /home/travis/build/icyphy/ptII/ptolemy/actor/lib/test/auto/Expression6.xml (RunModel)" time="0.009" />
  <testcase classname="ptolemy.util.test.junit.AutoTests" name="[165] /home/travis/build/icyphy/ptII/ptolemy/actor/lib/test/auto/Expression7.xml (RunModel)" time="0.009" />
  <testcase classname="ptolemy.util.test.junit.AutoTests" name="[166] /home/travis/build/icyphy/ptII/ptolemy/actor/lib/test/auto/Expression8.xml (RunModel)" time="0.01" />
  <testcase classname="ptolemy.util.test.junit.AutoTests" name="[167] /home/travis/build/icyphy/ptII/ptolemy/actor/lib/test/auto/Expression9.xml (RunModel)" time="0.008" />
  <testcase classname="ptolemy.util.test.junit.AutoTests" name="[168] /home/travis/build/icyphy/ptII/ptolemy/actor/lib/test/auto/ExpressionConcatenateArrayType.xml (RunModel)" time="0.022" />
  <testcase classname="ptolemy.util.test.junit.AutoTests" name="[169] /home/travis/build/icyphy/ptII/ptolemy/actor/lib/test/auto/ExpressionConcatenateArrayType2.xml (RunModel)" time="0.02" />
  <testcase classname="ptolemy.util.test.junit.AutoTests" name="[170] /home/travis/build/icyphy/ptII/ptolemy/actor/lib/test/auto/ExpressionFix.xml (RunModel)" time="0.031" />
  <testcase classname="ptolemy.util.test.junit.AutoTests" name="[171] /home/travis/build/icyphy/ptII/ptolemy/actor/lib/test/auto/ExpressionFix2.xml (RunModel)" time="0.012" />
  <testcase classname="ptolemy.util.test.junit.AutoTests" name="[172] /home/travis/build/icyphy/ptII/ptolemy/actor/lib/test/auto/ExpressionFix3.xml (RunModel)" time="0.013" />
  <testcase classname="ptolemy.util.test.junit.AutoTests" name="[173] /home/travis/build/icyphy/ptII/ptolemy/actor/lib/test/auto/FileWriter1.xml (RunModel)" time="0.008" />
  <testcase classname="ptolemy.util.test.junit.AutoTests" name="[174] /home/travis/build/icyphy/ptII/ptolemy/actor/lib/test/auto/FileWriter2.xml (RunModel)" time="0.011" />
  <testcase classname="ptolemy.util.test.junit.AutoTests" name="[175] /home/travis/build/icyphy/ptII/ptolemy/actor/lib/test/auto/FileWriter3.xml (RunModel)" time="0.013" />
  <testcase classname="ptolemy.util.test.junit.AutoTests" name="[176] /home/travis/build/icyphy/ptII/ptolemy/actor/lib/test/auto/Gaussian.xml (RunModel)" time="0.011" />
  <testcase classname="ptolemy.util.test.junit.AutoTests" name="[177] /home/travis/build/icyphy/ptII/ptolemy/actor/lib/test/auto/Gaussian1.xml (RunModel)" time="0.019" />
  <testcase classname="ptolemy.util.test.junit.AutoTests" name="[178] /home/travis/build/icyphy/ptII/ptolemy/actor/lib/test/auto/Gaussian2.xml (RunModel)" time="0.017" />
  <testcase classname="ptolemy.util.test.junit.AutoTests" name="[179] /home/travis/build/icyphy/ptII/ptolemy/actor/lib/test/auto/GradientAdaptiveLattice.xml (RunModel)" time="0.014" />
  <testcase classname="ptolemy.util.test.junit.AutoTests" name="[180] /home/travis/build/icyphy/ptII/ptolemy/actor/lib/test/auto/IIR.xml (RunModel)" time="0.008" />
  <testcase classname="ptolemy.util.test.junit.AutoTests" name="[181] /home/travis/build/icyphy/ptII/ptolemy/actor/lib/test/auto/InputOutputTransparentPorts.xml (RunModel)" time="0.019" />
  <testcase classname="ptolemy.util.test.junit.AutoTests" name="[182] /home/travis/build/icyphy/ptII/ptolemy/actor/lib/test/auto/Interpolator.xml (RunModel)" time="0.01" />
  <testcase classname="ptolemy.util.test.junit.AutoTests" name="[183] /home/travis/build/icyphy/ptII/ptolemy/actor/lib/test/auto/InterpolatorFiringLimitDE.xml (RunModel)" time="0.011" />
  <testcase classname="ptolemy.util.test.junit.AutoTests" name="[184] /home/travis/build/icyphy/ptII/ptolemy/actor/lib/test/auto/Lattice.xml (RunModel)" time="0.007" />
  <testcase classname="ptolemy.util.test.junit.AutoTests" name="[185] /home/travis/build/icyphy/ptII/ptolemy/actor/lib/test/auto/LazyAOCTestLazy.xml (RunModel)" time="0.019" />
  <testcase classname="ptolemy.util.test.junit.AutoTests" name="[186] /home/travis/build/icyphy/ptII/ptolemy/actor/lib/test/auto/LazyAOCTestNonLazy.xml (RunModel)" time="0.045" />
  <testcase classname="ptolemy.util.test.junit.AutoTests" name="[187] /home/travis/build/icyphy/ptII/ptolemy/actor/lib/test/auto/LazyInnerClass.xml (RunModel)" time="0.016" />
  <testcase classname="ptolemy.util.test.junit.AutoTests" name="[188] /home/travis/build/icyphy/ptII/ptolemy/actor/lib/test/auto/LazyPubSub.xml (RunModel)" time="0.025" />
  <testcase classname="ptolemy.util.test.junit.AutoTests" name="[189] /home/travis/build/icyphy/ptII/ptolemy/actor/lib/test/auto/LazyPubSub2.xml (RunModel)" time="0.059" />
  <testcase classname="ptolemy.util.test.junit.AutoTests" name="[190] /home/travis/build/icyphy/ptII/ptolemy/actor/lib/test/auto/LazyPubSub3.xml (RunModel)" time="0.057" />
  <testcase classname="ptolemy.util.test.junit.AutoTests" name="[191] /home/travis/build/icyphy/ptII/ptolemy/actor/lib/test/auto/LazySubClassModel.xml (RunModel)" time="0.024" />
  <testcase classname="ptolemy.util.test.junit.AutoTests" name="[192] /home/travis/build/icyphy/ptII/ptolemy/actor/lib/test/auto/LevelCrossTest1.xml (RunModel)" time="0.013" />
  <testcase classname="ptolemy.util.test.junit.AutoTests" name="[193] /home/travis/build/icyphy/ptII/ptolemy/actor/lib/test/auto/LevelCrossTest10.xml (RunModel)" time="0.016" />
  <testcase classname="ptolemy.util.test.junit.AutoTests" name="[194] /home/travis/build/icyphy/ptII/ptolemy/actor/lib/test/auto/LevelCrossTest11.xml (RunModel)" time="0.011" />
  <testcase classname="ptolemy.util.test.junit.AutoTests" name="[195] /home/travis/build/icyphy/ptII/ptolemy/actor/lib/test/auto/LevelCrossTest12.xml (RunModel)" time="0.012" />
  <testcase classname="ptolemy.util.test.junit.AutoTests" name="[196] /home/travis/build/icyphy/ptII/ptolemy/actor/lib/test/auto/LevelCrossTest13.xml (RunModel)" time="0.013" />
  <testcase classname="ptolemy.util.test.junit.AutoTests" name="[197] /home/travis/build/icyphy/ptII/ptolemy/actor/lib/test/auto/LevelCrossTest2.xml (RunModel)" time="0.009" />
  <testcase classname="ptolemy.util.test.junit.AutoTests" name="[198] /home/travis/build/icyphy/ptII/ptolemy/actor/lib/test/auto/LevelCrossTest3.xml (RunModel)" time="0.012" />
  <testcase classname="ptolemy.util.test.junit.AutoTests" name="[199] /home/travis/build/icyphy/ptII/ptolemy/actor/lib/test/auto/LevelCrossTest4.xml (RunModel)" time="0.011" />
  <testcase classname="ptolemy.util.test.junit.AutoTests" name="[200] /home/travis/build/icyphy/ptII/ptolemy/actor/lib/test/auto/LevelCrossTest5.xml (RunModel)" time="0.013" />
  <testcase classname="ptolemy.util.test.junit.AutoTests" name="[201] /home/travis/build/icyphy/ptII/ptolemy/actor/lib/test/auto/LevelCrossTest6.xml (RunModel)" time="0.015" />
  <testcase classname="ptolemy.util.test.junit.AutoTests" name="[202] /home/travis/build/icyphy/ptII/ptolemy/actor/lib/test/auto/LevelCrossTest7.xml (RunModel)" time="0.013" />
  <testcase classname="ptolemy.util.test.junit.AutoTests" name="[203] /home/travis/build/icyphy/ptII/ptolemy/actor/lib/test/auto/LevelCrossTest8.xml (RunModel)" time="0.012" />
  <testcase classname="ptolemy.util.test.junit.AutoTests" name="[204] /home/travis/build/icyphy/ptII/ptolemy/actor/lib/test/auto/LevelCrossTest9.xml (RunModel)" time="0.015" />
  <testcase classname="ptolemy.util.test.junit.AutoTests" name="[205] /home/travis/build/icyphy/ptII/ptolemy/actor/lib/test/auto/LevinsonDurbin.xml (RunModel)" time="0.009" />
  <testcase classname="ptolemy.util.test.junit.AutoTests" name="[206] /home/travis/build/icyphy/ptII/ptolemy/actor/lib/test/auto/LevinsonDurbin2.xml (RunModel)" time="0.009" />
  <testcase classname="ptolemy.util.test.junit.AutoTests" name="[207] /home/travis/build/icyphy/ptII/ptolemy/actor/lib/test/auto/LevinsonDurbin3.xml (RunModel)" time="0.008" />
  <testcase classname="ptolemy.util.test.junit.AutoTests" name="[208] /home/travis/build/icyphy/ptII/ptolemy/actor/lib/test/auto/Limiter.xml (RunModel)" time="0.024" />
  <testcase classname="ptolemy.util.test.junit.AutoTests" name="[209] /home/travis/build/icyphy/ptII/ptolemy/actor/lib/test/auto/LinearDifferenceEquationSystem.xml (RunModel)" time="0.021" />
  <testcase classname="ptolemy.util.test.junit.AutoTests" name="[210] /home/travis/build/icyphy/ptII/ptolemy/actor/lib/test/auto/LookupTable.xml (RunModel)" time="0.01" />
  <testcase classname="ptolemy.util.test.junit.AutoTests" name="[211] /home/travis/build/icyphy/ptII/ptolemy/actor/lib/test/auto/MathFunction.xml (RunModel)" time="0.019" />
  <testcase classname="ptolemy.util.test.junit.AutoTests" name="[212] /home/travis/build/icyphy/ptII/ptolemy/actor/lib/test/auto/MathFunction2.xml (RunModel)" time="0.008" />
  <testcase classname="ptolemy.util.test.junit.AutoTests" name="[213] /home/travis/build/icyphy/ptII/ptolemy/actor/lib/test/auto/MathFunction3.xml (RunModel)" time="0.018" />
  <testcase classname="ptolemy.util.test.junit.AutoTests" name="[214] /home/travis/build/icyphy/ptII/ptolemy/actor/lib/test/auto/MatrixCropBoolean.xml (RunModel)" time="0.012" />
  <testcase classname="ptolemy.util.test.junit.AutoTests" name="[215] /home/travis/build/icyphy/ptII/ptolemy/actor/lib/test/auto/MatrixCropComplex.xml (RunModel)" time="0.011" />
  <testcase classname="ptolemy.util.test.junit.AutoTests" name="[216] /home/travis/build/icyphy/ptII/ptolemy/actor/lib/test/auto/MatrixCropDouble.xml (RunModel)" time="0.009" />
  <testcase classname="ptolemy.util.test.junit.AutoTests" name="[217] /home/travis/build/icyphy/ptII/ptolemy/actor/lib/test/auto/MatrixCropFix.xml (RunModel)" time="0.012" />
  <testcase classname="ptolemy.util.test.junit.AutoTests" name="[218] /home/travis/build/icyphy/ptII/ptolemy/actor/lib/test/auto/MatrixCropInt.xml (RunModel)" time="0.009" />
  <testcase classname="ptolemy.util.test.junit.AutoTests" name="[219] /home/travis/build/icyphy/ptII/ptolemy/actor/lib/test/auto/MatrixCropLong.xml (RunModel)" time="0.01" />
  <testcase classname="ptolemy.util.test.junit.AutoTests" name="[220] /home/travis/build/icyphy/ptII/ptolemy/actor/lib/test/auto/MatrixToArray.xml (RunModel)" time="0.038" />
  <testcase classname="ptolemy.util.test.junit.AutoTests" name="[221] /home/travis/build/icyphy/ptII/ptolemy/actor/lib/test/auto/MaxIndex.xml (RunModel)" time="0.01" />
  <testcase classname="ptolemy.util.test.junit.AutoTests" name="[222] /home/travis/build/icyphy/ptII/ptolemy/actor/lib/test/auto/Maximum.xml (RunModel)" time="0.011" />
  <testcase classname="ptolemy.util.test.junit.AutoTests" name="[223] /home/travis/build/icyphy/ptII/ptolemy/actor/lib/test/auto/MaximumComplex.xml (RunModel)" time="0.013" />
  <testcase classname="ptolemy.util.test.junit.AutoTests" name="[224] /home/travis/build/icyphy/ptII/ptolemy/actor/lib/test/auto/MethodCallTest.xml (RunModel)" time="0.017" />
  <testcase classname="ptolemy.util.test.junit.AutoTests" name="[225] /home/travis/build/icyphy/ptII/ptolemy/actor/lib/test/auto/Minimum.xml (RunModel)" time="0.012" />
  <testcase classname="ptolemy.util.test.junit.AutoTests" name="[226] /home/travis/build/icyphy/ptII/ptolemy/actor/lib/test/auto/MinimumComplex.xml (RunModel)" time="0.017" />
  <testcase classname="ptolemy.util.test.junit.AutoTests" name="[227] /home/travis/build/icyphy/ptII/ptolemy/actor/lib/test/auto/MinimumMultiports.xml (RunModel)" time="0.015" />
  <testcase classname="ptolemy.util.test.junit.AutoTests" name="[228] /home/travis/build/icyphy/ptII/ptolemy/actor/lib/test/auto/ModifyDate.xml (RunModel)" time="0.034" />
  <testcase classname="ptolemy.util.test.junit.AutoTests" name="[229] /home/travis/build/icyphy/ptII/ptolemy/actor/lib/test/auto/ModifyDate2.xml (RunModel)" time="0.025" />
  <testcase classname="ptolemy.util.test.junit.AutoTests" name="[230] /home/travis/build/icyphy/ptII/ptolemy/actor/lib/test/auto/MovingAverage.xml (RunModel)" time="0.015" />
  <testcase classname="ptolemy.util.test.junit.AutoTests" name="[231] /home/travis/build/icyphy/ptII/ptolemy/actor/lib/test/auto/MovingMaximum.xml (RunModel)" time="0.007" />
  <testcase classname="ptolemy.util.test.junit.AutoTests" name="[232] /home/travis/build/icyphy/ptII/ptolemy/actor/lib/test/auto/MultipleLinksToSameRelation.xml (RunModel)" time="0.005" />
  <testcase classname="ptolemy.util.test.junit.AutoTests" name="[233] /home/travis/build/icyphy/ptII/ptolemy/actor/lib/test/auto/MultipleLinksToSameRelationDE.xml (RunModel)" time="0.007" />
  <testcase classname="ptolemy.util.test.junit.AutoTests" name="[234] /home/travis/build/icyphy/ptII/ptolemy/actor/lib/test/auto/Multiplexor.xml (RunModel)" time="0.009" />
  <testcase classname="ptolemy.util.test.junit.AutoTests" name="[235] /home/travis/build/icyphy/ptII/ptolemy/actor/lib/test/auto/Multiplexor1.xml (RunModel)" time="0.009" />
  <testcase classname="ptolemy.util.test.junit.AutoTests" name="[236] /home/travis/build/icyphy/ptII/ptolemy/actor/lib/test/auto/Multiplexor2.xml (RunModel)" time="0.01" />
  <testcase classname="ptolemy.util.test.junit.AutoTests" name="[237] /home/travis/build/icyphy/ptII/ptolemy/actor/lib/test/auto/Multiplexor3.xml (RunModel)" time="0.006" />
  <testcase classname="ptolemy.util.test.junit.AutoTests" name="[238] /home/travis/build/icyphy/ptII/ptolemy/actor/lib/test/auto/MultiplexorDE.xml (RunModel)" time="0.014" />
  <testcase classname="ptolemy.util.test.junit.AutoTests" name="[239] /home/travis/build/icyphy/ptII/ptolemy/actor/lib/test/auto/MultiportBroadcastTest.xml (RunModel)" time="0.056" />
  <testcase classname="ptolemy.util.test.junit.AutoTests" name="[240] /home/travis/build/icyphy/ptII/ptolemy/actor/lib/test/auto/MultiportOutHangDuringGetWidth.xml (RunModel)" time="0.029" />
  <testcase classname="ptolemy.util.test.junit.AutoTests" name="[241] /home/travis/build/icyphy/ptII/ptolemy/actor/lib/test/auto/NilToken.xml (RunModel)" time="0.016" />
  <testcase classname="ptolemy.util.test.junit.AutoTests" name="[242] /home/travis/build/icyphy/ptII/ptolemy/actor/lib/test/auto/NilTokenNonStrictTest.xml (RunModel)" time="0.012" />
  <testcase classname="ptolemy.util.test.junit.AutoTests" name="[243] /home/travis/build/icyphy/ptII/ptolemy/actor/lib/test/auto/NilTokenRecord.xml (RunModel)" time="0.018" />
  <testcase classname="ptolemy.util.test.junit.AutoTests" name="[244] /home/travis/build/icyphy/ptII/ptolemy/actor/lib/test/auto/NilTokenTypeTest.xml (RunModel)" time="0.027" />
  <testcase classname="ptolemy.util.test.junit.AutoTests" name="[245] /home/travis/build/icyphy/ptII/ptolemy/actor/lib/test/auto/ObjectToken1.xml (RunModel)" time="0.006" />
  <testcase classname="ptolemy.util.test.junit.AutoTests" name="[246] /home/travis/build/icyphy/ptII/ptolemy/actor/lib/test/auto/OrderedMerge.xml (RunModel)" time="0.012" />
  <testcase classname="ptolemy.util.test.junit.AutoTests" name="[247] /home/travis/build/icyphy/ptII/ptolemy/actor/lib/test/auto/OrderedRecordDisassembler.xml (RunModel)" time="0.016" />
  <testcase classname="ptolemy.util.test.junit.AutoTests" name="[248] /home/travis/build/icyphy/ptII/ptolemy/actor/lib/test/auto/OrderedRecordDisassembler2.xml (RunModel)" time="0.016" />
  <testcase classname="ptolemy.util.test.junit.AutoTests" name="[249] /home/travis/build/icyphy/ptII/ptolemy/actor/lib/test/auto/OrderedRecordUpdater.xml (RunModel)" time="0.008" />
  <testcase classname="ptolemy.util.test.junit.AutoTests" name="[250] /home/travis/build/icyphy/ptII/ptolemy/actor/lib/test/auto/OrderedRecordUpdater2.xml (RunModel)" time="0.015" />
  <testcase classname="ptolemy.util.test.junit.AutoTests" name="[251] /home/travis/build/icyphy/ptII/ptolemy/actor/lib/test/auto/PhaseUnwrap.xml (RunModel)" time="0.01" />
  <testcase classname="ptolemy.util.test.junit.AutoTests" name="[252] /home/travis/build/icyphy/ptII/ptolemy/actor/lib/test/auto/PoissonClock.xml (RunModel)" time="0.008" />
  <testcase classname="ptolemy.util.test.junit.AutoTests" name="[253] /home/travis/build/icyphy/ptII/ptolemy/actor/lib/test/auto/PoissonClock2.xml (RunModel)" time="0.006" />
  <testcase classname="ptolemy.util.test.junit.AutoTests" name="[254] /home/travis/build/icyphy/ptII/ptolemy/actor/lib/test/auto/PoissonClock3.xml (RunModel)" time="0.013" />
  <testcase classname="ptolemy.util.test.junit.AutoTests" name="[255] /home/travis/build/icyphy/ptII/ptolemy/actor/lib/test/auto/PubSubWithInitialTokens.xml (RunModel)" time="0.012" />
  <testcase classname="ptolemy.util.test.junit.AutoTests" name="[256] /home/travis/build/icyphy/ptII/ptolemy/actor/lib/test/auto/PubSubWithInitialTokens2.xml (RunModel)" time="0.012" />
  <testcase classname="ptolemy.util.test.junit.AutoTests" name="[257] /home/travis/build/icyphy/ptII/ptolemy/actor/lib/test/auto/PublisherClassNoParameter.xml (RunModel)" time="0.023" />
  <testcase classname="ptolemy.util.test.junit.AutoTests" name="[258] /home/travis/build/icyphy/ptII/ptolemy/actor/lib/test/auto/PublisherClassParameter.xml (RunModel)" time="0.019" />
  <testcase classname="ptolemy.util.test.junit.AutoTests" name="[259] /home/travis/build/icyphy/ptII/ptolemy/actor/lib/test/auto/PublisherNonStrictTest.xml (RunModel)" time="0.014" />
  <testcase classname="ptolemy.util.test.junit.AutoTests" name="[260] /home/travis/build/icyphy/ptII/ptolemy/actor/lib/test/auto/PublisherPort1.xml (RunModel)" time="0.008" />
  <testcase classname="ptolemy.util.test.junit.AutoTests" name="[261] /home/travis/build/icyphy/ptII/ptolemy/actor/lib/test/auto/PublisherPort2.xml (RunModel)" time="0.007" />
  <testcase classname="ptolemy.util.test.junit.AutoTests" name="[262] /home/travis/build/icyphy/ptII/ptolemy/actor/lib/test/auto/PublisherPort3.xml (RunModel)" time="0.019" />
  <testcase classname="ptolemy.util.test.junit.AutoTests" name="[263] /home/travis/build/icyphy/ptII/ptolemy/actor/lib/test/auto/PublisherPort4.xml (RunModel)" time="0.017" />
  <testcase classname="ptolemy.util.test.junit.AutoTests" name="[264] /home/travis/build/icyphy/ptII/ptolemy/actor/lib/test/auto/PublisherPort5.xml (RunModel)" time="0.013" />
  <testcase classname="ptolemy.util.test.junit.AutoTests" name="[265] /home/travis/build/icyphy/ptII/ptolemy/actor/lib/test/auto/PublisherPort5LookAlike.xml (RunModel)" time="0.018" />
  <testcase classname="ptolemy.util.test.junit.AutoTests" name="[266] /home/travis/build/icyphy/ptII/ptolemy/actor/lib/test/auto/PublisherPort6.xml (RunModel)" time="0.014" />
  <testcase classname="ptolemy.util.test.junit.AutoTests" name="[267] /home/travis/build/icyphy/ptII/ptolemy/actor/lib/test/auto/PublisherPort7.xml (RunModel)" time="0.013" />
  <testcase classname="ptolemy.util.test.junit.AutoTests" name="[268] /home/travis/build/icyphy/ptII/ptolemy/actor/lib/test/auto/PublisherPort8.xml (RunModel)" time="0.016" />
  <testcase classname="ptolemy.util.test.junit.AutoTests" name="[269] /home/travis/build/icyphy/ptII/ptolemy/actor/lib/test/auto/PublisherPortSubscriberChannelVariablesAOC2.xml (RunModel)" time="0.03" />
  <testcase classname="ptolemy.util.test.junit.AutoTests" name="[270] /home/travis/build/icyphy/ptII/ptolemy/actor/lib/test/auto/PublisherPortSubscriberOpaqueWidthInference.xml (RunModel)" time="0.014" />
  <testcase classname="ptolemy.util.test.junit.AutoTests" name="[271] /home/travis/build/icyphy/ptII/ptolemy/actor/lib/test/auto/PublisherPortSubscriberPortAdjacent.xml (RunModel)" time="0.017" />
  <testcase classname="ptolemy.util.test.junit.AutoTests" name="[272] /home/travis/build/icyphy/ptII/ptolemy/actor/lib/test/auto/PublisherPortSubscriberPortExpression.xml (RunModel)" time="0.015" />
  <testcase classname="ptolemy.util.test.junit.AutoTests" name="[273] /home/travis/build/icyphy/ptII/ptolemy/actor/lib/test/auto/PublisherPortSubscriberPortOpaqueD3Reverse.xml (RunModel)" time="0.017" />
  <testcase classname="ptolemy.util.test.junit.AutoTests" name="[274] /home/travis/build/icyphy/ptII/ptolemy/actor/lib/test/auto/PublisherPortSubscriberPortOpaqueWidthInference.xml (RunModel)" time="0.018" />
  <testcase classname="ptolemy.util.test.junit.AutoTests" name="[275] /home/travis/build/icyphy/ptII/ptolemy/actor/lib/test/auto/PublisherPortToplevelSubscriberPortAOC.xml (RunModel)" time="0.009" />
  <testcase classname="ptolemy.util.test.junit.AutoTests" name="[276] /home/travis/build/icyphy/ptII/ptolemy/actor/lib/test/auto/PublisherSubscriber.xml (RunModel)" time="0.016" />
  <testcase classname="ptolemy.util.test.junit.AutoTests" name="[277] /home/travis/build/icyphy/ptII/ptolemy/actor/lib/test/auto/PublisherSubscriber10.xml (RunModel)" time="0.021" />
  <testcase classname="ptolemy.util.test.junit.AutoTests" name="[278] /home/travis/build/icyphy/ptII/ptolemy/actor/lib/test/auto/PublisherSubscriber10InitialOutputs.xml (RunModel)" time="0.029" />
  <testcase classname="ptolemy.util.test.junit.AutoTests" name="[279] /home/travis/build/icyphy/ptII/ptolemy/actor/lib/test/auto/PublisherSubscriber11.xml (RunModel)" time="0.014" />
  <testcase classname="ptolemy.util.test.junit.AutoTests" name="[280] /home/travis/build/icyphy/ptII/ptolemy/actor/lib/test/auto/PublisherSubscriber12.xml (RunModel)" time="0.009" />
  <testcase classname="ptolemy.util.test.junit.AutoTests" name="[281] /home/travis/build/icyphy/ptII/ptolemy/actor/lib/test/auto/PublisherSubscriber13.xml (RunModel)" time="0.008" />
  <testcase classname="ptolemy.util.test.junit.AutoTests" name="[282] /home/travis/build/icyphy/ptII/ptolemy/actor/lib/test/auto/PublisherSubscriber14.xml (RunModel)" time="0.015" />
  <testcase classname="ptolemy.util.test.junit.AutoTests" name="[283] /home/travis/build/icyphy/ptII/ptolemy/actor/lib/test/auto/PublisherSubscriber2.xml (RunModel)" time="0.009" />
  <testcase classname="ptolemy.util.test.junit.AutoTests" name="[284] /home/travis/build/icyphy/ptII/ptolemy/actor/lib/test/auto/PublisherSubscriber3.xml (RunModel)" time="0.012" />
  <testcase classname="ptolemy.util.test.junit.AutoTests" name="[285] /home/travis/build/icyphy/ptII/ptolemy/actor/lib/test/auto/PublisherSubscriber4.xml (RunModel)" time="0.01" />
  <testcase classname="ptolemy.util.test.junit.AutoTests" name="[286] /home/travis/build/icyphy/ptII/ptolemy/actor/lib/test/auto/PublisherSubscriber5.xml (RunModel)" time="0.014" />
  <testcase classname="ptolemy.util.test.junit.AutoTests" name="[287] /home/travis/build/icyphy/ptII/ptolemy/actor/lib/test/auto/PublisherSubscriber6.xml (RunModel)" time="0.014" />
  <testcase classname="ptolemy.util.test.junit.AutoTests" name="[288] /home/travis/build/icyphy/ptII/ptolemy/actor/lib/test/auto/PublisherSubscriber7.xml (RunModel)" time="0.017" />
  <testcase classname="ptolemy.util.test.junit.AutoTests" name="[289] /home/travis/build/icyphy/ptII/ptolemy/actor/lib/test/auto/PublisherSubscriber8.xml (RunModel)" time="0.037" />
  <testcase classname="ptolemy.util.test.junit.AutoTests" name="[290] /home/travis/build/icyphy/ptII/ptolemy/actor/lib/test/auto/PublisherSubscriber9.xml (RunModel)" time="0.012" />
  <testcase classname="ptolemy.util.test.junit.AutoTests" name="[291] /home/travis/build/icyphy/ptII/ptolemy/actor/lib/test/auto/PublisherSubscriberAdjacent.xml (RunModel)" time="0.014" />
  <testcase classname="ptolemy.util.test.junit.AutoTests" name="[292] /home/travis/build/icyphy/ptII/ptolemy/actor/lib/test/auto/PublisherSubscriberChannelVariablesAOC2.xml (RunModel)" time="0.023" />
  <testcase classname="ptolemy.util.test.junit.AutoTests" name="[293] /home/travis/build/icyphy/ptII/ptolemy/actor/lib/test/auto/PublisherSubscriberD3.xml (RunModel)" time="0.012" />
  <testcase classname="ptolemy.util.test.junit.AutoTests" name="[294] /home/travis/build/icyphy/ptII/ptolemy/actor/lib/test/auto/PublisherSubscriberD3Reverse.xml (RunModel)" time="0.009" />
  <testcase classname="ptolemy.util.test.junit.AutoTests" name="[295] /home/travis/build/icyphy/ptII/ptolemy/actor/lib/test/auto/PublisherSubscriberExpression.xml (RunModel)" time="0.014" />
  <testcase classname="ptolemy.util.test.junit.AutoTests" name="[296] /home/travis/build/icyphy/ptII/ptolemy/actor/lib/test/auto/PublisherSubscriberOpaque.xml (RunModel)" time="0.015" />
  <testcase classname="ptolemy.util.test.junit.AutoTests" name="[297] /home/travis/build/icyphy/ptII/ptolemy/actor/lib/test/auto/PublisherSubscriberOpaqueD3.xml (RunModel)" time="0.018" />
  <testcase classname="ptolemy.util.test.junit.AutoTests" name="[298] /home/travis/build/icyphy/ptII/ptolemy/actor/lib/test/auto/PublisherSubscriberOpaqueD3Reverse.xml (RunModel)" time="0.016" />
  <testcase classname="ptolemy.util.test.junit.AutoTests" name="[299] /home/travis/build/icyphy/ptII/ptolemy/actor/lib/test/auto/PublisherSubscriberOpaqueWidthInference.xml (RunModel)" time="0.013" />
  <testcase classname="ptolemy.util.test.junit.AutoTests" name="[300] /home/travis/build/icyphy/ptII/ptolemy/actor/lib/test/auto/PublisherTestSubscriber.xml (RunModel)" time="0.012" />
  <testcase classname="ptolemy.util.test.junit.AutoTests" name="[301] /home/travis/build/icyphy/ptII/ptolemy/actor/lib/test/auto/PublisherToplevelSubscriberPortAOC.xml (RunModel)" time="0.013" />
  <testcase classname="ptolemy.util.test.junit.AutoTests" name="[302] /home/travis/build/icyphy/ptII/ptolemy/actor/lib/test/auto/PulseFiringLimitDE.xml (RunModel)" time="0.01" />
  <testcase classname="ptolemy.util.test.junit.AutoTests" name="[303] /home/travis/build/icyphy/ptII/ptolemy/actor/lib/test/auto/Ramp1.xml (RunModel)" time="0.005" />
  <testcase classname="ptolemy.util.test.junit.AutoTests" name="[304] /home/travis/build/icyphy/ptII/ptolemy/actor/lib/test/auto/RampFiringLimitDE.xml (RunModel)" time="0.008" />
  <testcase classname="ptolemy.util.test.junit.AutoTests" name="[305] /home/travis/build/icyphy/ptII/ptolemy/actor/lib/test/auto/RampFiringLimitSDF.xml (RunModel)" time="0.008" />
  <testcase classname="ptolemy.util.test.junit.AutoTests" name="[306] /home/travis/build/icyphy/ptII/ptolemy/actor/lib/test/auto/RandomInteger.xml (RunModel)" time="0.006" />
  <testcase classname="ptolemy.util.test.junit.AutoTests" name="[307] /home/travis/build/icyphy/ptII/ptolemy/actor/lib/test/auto/ReadFile1.xml (RunModel)" time="0.007" />
  <testcase classname="ptolemy.util.test.junit.AutoTests" name="[308] /home/travis/build/icyphy/ptII/ptolemy/actor/lib/test/auto/ReadFile2.xml (RunModel)" time="0.006" />
  <testcase classname="ptolemy.util.test.junit.AutoTests" name="[309] /home/travis/build/icyphy/ptII/ptolemy/actor/lib/test/auto/Reader.xml (RunModel)" time="0.011" />
  <testcase classname="ptolemy.util.test.junit.AutoTests" name="[310] /home/travis/build/icyphy/ptII/ptolemy/actor/lib/test/auto/RecordAssemblerDisplayNameTest.xml (RunModel)" time="3.024" />
  <testcase classname="ptolemy.util.test.junit.AutoTests" name="[311] /home/travis/build/icyphy/ptII/ptolemy/actor/lib/test/auto/RecordAssemblerTypeError.xml (RunModel)" time="0.039" />
  <testcase classname="ptolemy.util.test.junit.AutoTests" name="[312] /home/travis/build/icyphy/ptII/ptolemy/actor/lib/test/auto/RecordDisassember.xml (RunModel)" time="0.008" />
  <testcase classname="ptolemy.util.test.junit.AutoTests" name="[313] /home/travis/build/icyphy/ptII/ptolemy/actor/lib/test/auto/RecordDisassemberDisplayNameTest.xml (RunModel)" time="0.015" />
  <testcase classname="ptolemy.util.test.junit.AutoTests" name="[314] /home/travis/build/icyphy/ptII/ptolemy/actor/lib/test/auto/RecordDisassembler.xml (RunModel)" time="0.007" />
  <testcase classname="ptolemy.util.test.junit.AutoTests" name="[315] /home/travis/build/icyphy/ptII/ptolemy/actor/lib/test/auto/RecordDisassembler2.xml (RunModel)" time="0.009" />
  <testcase classname="ptolemy.util.test.junit.AutoTests" name="[316] /home/travis/build/icyphy/ptII/ptolemy/actor/lib/test/auto/RecordUpdater.xml (RunModel)" time="0.01" />
  <testcase classname="ptolemy.util.test.junit.AutoTests" name="[317] /home/travis/build/icyphy/ptII/ptolemy/actor/lib/test/auto/RecordUpdater2.xml (RunModel)" time="0.007" />
  <testcase classname="ptolemy.util.test.junit.AutoTests" name="[318] /home/travis/build/icyphy/ptII/ptolemy/actor/lib/test/auto/RecursiveLattice.xml (RunModel)" time="0.007" />
  <testcase classname="ptolemy.util.test.junit.AutoTests" name="[319] /home/travis/build/icyphy/ptII/ptolemy/actor/lib/test/auto/Router.xml (RunModel)" time="3.022" />
  <testcase classname="ptolemy.util.test.junit.AutoTests" name="[320] /home/travis/build/icyphy/ptII/ptolemy/actor/lib/test/auto/Router2.xml (RunModel)" time="3.022" />
  <testcase classname="ptolemy.util.test.junit.AutoTests" name="[321] /home/travis/build/icyphy/ptII/ptolemy/actor/lib/test/auto/RunningMaximum.xml (RunModel)" time="0.015" />
  <testcase classname="ptolemy.util.test.junit.AutoTests" name="[322] /home/travis/build/icyphy/ptII/ptolemy/actor/lib/test/auto/RunningMinimum.xml (RunModel)" time="0.011" />
  <testcase classname="ptolemy.util.test.junit.AutoTests" name="[323] /home/travis/build/icyphy/ptII/ptolemy/actor/lib/test/auto/Scale.xml (RunModel)" time="0.009" />
  <testcase classname="ptolemy.util.test.junit.AutoTests" name="[324] /home/travis/build/icyphy/ptII/ptolemy/actor/lib/test/auto/Scale2.xml (RunModel)" time="0.009" />
  <testcase classname="ptolemy.util.test.junit.AutoTests" name="[325] /home/travis/build/icyphy/ptII/ptolemy/actor/lib/test/auto/Scale3.xml (RunModel)" time="0.012" />
  <testcase classname="ptolemy.util.test.junit.AutoTests" name="[326] /home/travis/build/icyphy/ptII/ptolemy/actor/lib/test/auto/ScaleArray.xml (RunModel)" time="0.012" />
  <testcase classname="ptolemy.util.test.junit.AutoTests" name="[327] /home/travis/build/icyphy/ptII/ptolemy/actor/lib/test/auto/ScaleArray2.xml (RunModel)" time="0.014" />
  <testcase classname="ptolemy.util.test.junit.AutoTests" name="[328] /home/travis/build/icyphy/ptII/ptolemy/actor/lib/test/auto/ScaleMatrix.xml (RunModel)" time="0.083" />
  <testcase classname="ptolemy.util.test.junit.AutoTests" name="[329] /home/travis/build/icyphy/ptII/ptolemy/actor/lib/test/auto/Select.xml (RunModel)" time="0.008" />
  <testcase classname="ptolemy.util.test.junit.AutoTests" name="[330] /home/travis/build/icyphy/ptII/ptolemy/actor/lib/test/auto/Select2.xml (RunModel)" time="0.005" />
  <testcase classname="ptolemy.util.test.junit.AutoTests" name="[331] /home/travis/build/icyphy/ptII/ptolemy/actor/lib/test/auto/SequenceToArray2.xml (RunModel)" time="0.087" />
  <testcase classname="ptolemy.util.test.junit.AutoTests" name="[332] /home/travis/build/icyphy/ptII/ptolemy/actor/lib/test/auto/SequentialClock.xml (RunModel)" time="0.007" />
  <testcase classname="ptolemy.util.test.junit.AutoTests" name="[333] /home/travis/build/icyphy/ptII/ptolemy/actor/lib/test/auto/SetVariable.xml (RunModel)" time="0.009" />
  <testcase classname="ptolemy.util.test.junit.AutoTests" name="[334] /home/travis/build/icyphy/ptII/ptolemy/actor/lib/test/auto/SetVariable2.xml (RunModel)" time="0.009" />
  <testcase classname="ptolemy.util.test.junit.AutoTests" name="[335] /home/travis/build/icyphy/ptII/ptolemy/actor/lib/test/auto/SetVariable3.xml (RunModel)" time="0.009" />
  <testcase classname="ptolemy.util.test.junit.AutoTests" name="[336] /home/travis/build/icyphy/ptII/ptolemy/actor/lib/test/auto/SetVariable4.xml (RunModel)" time="0.028" />
  <testcase classname="ptolemy.util.test.junit.AutoTests" name="[337] /home/travis/build/icyphy/ptII/ptolemy/actor/lib/test/auto/SetVariable5.xml (RunModel)" time="0.034" />
  <testcase classname="ptolemy.util.test.junit.AutoTests" name="[338] /home/travis/build/icyphy/ptII/ptolemy/actor/lib/test/auto/Sinewave.xml (RunModel)" time="0.025" />
  <testcase classname="ptolemy.util.test.junit.AutoTests" name="[339] /home/travis/build/icyphy/ptII/ptolemy/actor/lib/test/auto/Sinewave2.xml (RunModel)" time="0.022" />
  <testcase classname="ptolemy.util.test.junit.AutoTests" name="[340] /home/travis/build/icyphy/ptII/ptolemy/actor/lib/test/auto/Sinewave3.xml (RunModel)" time="0.018" />
  <testcase classname="ptolemy.util.test.junit.AutoTests" name="[341] /home/travis/build/icyphy/ptII/ptolemy/actor/lib/test/auto/SingleEvent.xml (RunModel)" time="0.007" />
  <testcase classname="ptolemy.util.test.junit.AutoTests" name="[342] /home/travis/build/icyphy/ptII/ptolemy/actor/lib/test/auto/Sleep.xml (RunModel)" time="6.018" />
  <testcase classname="ptolemy.util.test.junit.AutoTests" name="[343] /home/travis/build/icyphy/ptII/ptolemy/actor/lib/test/auto/SleepMultipleFire.xml (RunModel)" time="1.015" />
  <testcase classname="ptolemy.util.test.junit.AutoTests" name="[344] /home/travis/build/icyphy/ptII/ptolemy/actor/lib/test/auto/StopDE.xml (RunModel)" time="0.011" />
  <testcase classname="ptolemy.util.test.junit.AutoTests" name="[345] /home/travis/build/icyphy/ptII/ptolemy/actor/lib/test/auto/StopSDF.xml (RunModel)" time="0.01" />
  <testcase classname="ptolemy.util.test.junit.AutoTests" name="[346] /home/travis/build/icyphy/ptII/ptolemy/actor/lib/test/auto/StringConstant.xml (RunModel)" time="0.007" />
  <testcase classname="ptolemy.util.test.junit.AutoTests" name="[347] /home/travis/build/icyphy/ptII/ptolemy/actor/lib/test/auto/SubscriberPortInitialValues1.xml (RunModel)" time="0.015" />
  <testcase classname="ptolemy.util.test.junit.AutoTests" name="[348] /home/travis/build/icyphy/ptII/ptolemy/actor/lib/test/auto/SubscriberPortInitialValues13.xml (RunModel)" time="0.027" />
  <testcase classname="ptolemy.util.test.junit.AutoTests" name="[349] /home/travis/build/icyphy/ptII/ptolemy/actor/lib/test/auto/SubscriberPortInitialValues14.xml (RunModel)" time="0.014" />
  <testcase classname="ptolemy.util.test.junit.AutoTests" name="[350] /home/travis/build/icyphy/ptII/ptolemy/actor/lib/test/auto/SubscriberPortInitialValues2.xml (RunModel)" time="0.013" />
  <testcase classname="ptolemy.util.test.junit.AutoTests" name="[351] /home/travis/build/icyphy/ptII/ptolemy/actor/lib/test/auto/SubscriberPortInitialValues3.xml (RunModel)" time="0.017" />
  <testcase classname="ptolemy.util.test.junit.AutoTests" name="[352] /home/travis/build/icyphy/ptII/ptolemy/actor/lib/test/auto/SubscriptionAggregator.xml (RunModel)" time="0.012" />
  <testcase classname="ptolemy.util.test.junit.AutoTests" name="[353] /home/travis/build/icyphy/ptII/ptolemy/actor/lib/test/auto/SubscriptionAggregator2.xml (RunModel)" time="0.011" />
  <testcase classname="ptolemy.util.test.junit.AutoTests" name="[354] /home/travis/build/icyphy/ptII/ptolemy/actor/lib/test/auto/SubscriptionAggregator3.xml (RunModel)" time="0.014" />
  <testcase classname="ptolemy.util.test.junit.AutoTests" name="[355] /home/travis/build/icyphy/ptII/ptolemy/actor/lib/test/auto/SubscriptionAggregatorMultiply.xml (RunModel)" time="0.013" />
  <testcase classname="ptolemy.util.test.junit.AutoTests" name="[356] /home/travis/build/icyphy/ptII/ptolemy/actor/lib/test/auto/SubscriptionAggregatorPortMultiply1.xml (RunModel)" time="0.012" />
  <testcase classname="ptolemy.util.test.junit.AutoTests" name="[357] /home/travis/build/icyphy/ptII/ptolemy/actor/lib/test/auto/Switch.xml (RunModel)" time="0.012" />
  <testcase classname="ptolemy.util.test.junit.AutoTests" name="[358] /home/travis/build/icyphy/ptII/ptolemy/actor/lib/test/auto/Switch2.xml (RunModel)" time="0.012" />
  <testcase classname="ptolemy.util.test.junit.AutoTests" name="[359] /home/travis/build/icyphy/ptII/ptolemy/actor/lib/test/auto/SwitchDE.xml (RunModel)" time="0.011" />
  <testcase classname="ptolemy.util.test.junit.AutoTests" name="[360] /home/travis/build/icyphy/ptII/ptolemy/actor/lib/test/auto/SynchronizerDE.xml (RunModel)" time="0.016" />
  <testcase classname="ptolemy.util.test.junit.AutoTests" name="[361] /home/travis/build/icyphy/ptII/ptolemy/actor/lib/test/auto/Test.xml (RunModel)" time="0.008" />
  <testcase classname="ptolemy.util.test.junit.AutoTests" name="[362] /home/travis/build/icyphy/ptII/ptolemy/actor/lib/test/auto/TestExceptionAttribute1.xml (RunModel)" time="0.007">
    <error type="java.lang.reflect.InvocationTargetException">java.lang.reflect.InvocationTargetException
	at java.lang.reflect.Constructor.newInstance(Constructor.java:423)
	at ptolemy.util.test.junit.AutoTests.RunModel(AutoTests.java:193)
	at junitparams.internal.InvokeParameterisedMethod.evaluate(InvokeParameterisedMethod.java:102)
Caused by: ptolemy.kernel.util.IllegalActionException: Expected:
 was initialized and should have handled an exception but did not see any.
  in .TestExceptionAttribute1.TestExceptionAttribute
But got:
Exception(s) thrown during wrapup:
ptolemy.kernel.util.IllegalActionException:  was initialized and should have handled an exception but did not see any.
  in .TestExceptionAttribute1.TestExceptionAttribute========

  in .TestExceptionAttribute1
Because:
 was initialized and should have handled an exception but did not see any.
  in .TestExceptionAttribute1.TestExceptionAttribute
  in .TestExceptionAttribute1.TestExceptionAttribute
Because:
Exception(s) thrown during wrapup:
ptolemy.kernel.util.IllegalActionException:  was initialized and should have handled an exception but did not see any.
  in .TestExceptionAttribute1.TestExceptionAttribute========

  in .TestExceptionAttribute1
Because:
 was initialized and should have handled an exception but did not see any.
  in .TestExceptionAttribute1.TestExceptionAttribute
	at ptolemy.actor.lib.TestExceptionAttribute.handleException(TestExceptionAttribute.java:174)
	at ptolemy.actor.Manager.execute(Manager.java:476)
	at ptolemy.actor.Manager.run(Manager.java:1263)
	at ptolemy.actor.Manager$PtolemyRunThread.run(Manager.java:1915)
Caused by: ptolemy.kernel.util.IllegalActionException: Exception(s) thrown during wrapup:
ptolemy.kernel.util.IllegalActionException:  was initialized and should have handled an exception but did not see any.
  in .TestExceptionAttribute1.TestExceptionAttribute========

  in .TestExceptionAttribute1
Because:
 was initialized and should have handled an exception but did not see any.
  in .TestExceptionAttribute1.TestExceptionAttribute
	at ptolemy.actor.CompositeActor.wrapup(CompositeActor.java:2780)
	at ptolemy.actor.Manager.wrapup(Manager.java:1512)
	at ptolemy.actor.Manager.execute(Manager.java:407)
Caused by: ptolemy.kernel.util.IllegalActionException:  was initialized and should have handled an exception but did not see any.
  in .TestExceptionAttribute1.TestExceptionAttribute
	at ptolemy.actor.lib.TestExceptionAttribute.wrapup(TestExceptionAttribute.java:213)
	at ptolemy.actor.CompositeActor.wrapup(CompositeActor.java:2705)
</error>
  </testcase>
  <testcase classname="ptolemy.util.test.junit.AutoTests" name="[363] /home/travis/build/icyphy/ptII/ptolemy/actor/lib/test/auto/TestExceptionAttribute2.xml (RunModel)" time="0.012">
    <error type="java.lang.reflect.InvocationTargetException">java.lang.reflect.InvocationTargetException
	at java.lang.reflect.Constructor.newInstance(Constructor.java:423)
	at ptolemy.util.test.junit.AutoTests.RunModel(AutoTests.java:193)
	at junitparams.internal.InvokeParameterisedMethod.evaluate(InvokeParameterisedMethod.java:102)
Caused by: ptolemy.kernel.util.IllegalActionException: Expected:
 was initialized and should have handled an exception but did not see any.
  in .TestExceptionAttribute2.TestExceptionAttribute
But got:
Exception(s) thrown during wrapup:
ptolemy.kernel.util.IllegalActionException:  was initialized and should have handled an exception but did not see any.
  in .TestExceptionAttribute2.TestExceptionAttribute========
ptolemy.kernel.util.IllegalActionException:  was initialized and should have handled an exception but did not see any.
  in .TestExceptionAttribute2.TestExceptionAttribute2========

  in .TestExceptionAttribute2
Because:
 was initialized and should have handled an exception but did not see any.
  in .TestExceptionAttribute2.TestExceptionAttribute
  in .TestExceptionAttribute2.TestExceptionAttribute
Because:
Exception(s) thrown during wrapup:
ptolemy.kernel.util.IllegalActionException:  was initialized and should have handled an exception but did not see any.
  in .TestExceptionAttribute2.TestExceptionAttribute========
ptolemy.kernel.util.IllegalActionException:  was initialized and should have handled an exception but did not see any.
  in .TestExceptionAttribute2.TestExceptionAttribute2========

  in .TestExceptionAttribute2
Because:
 was initialized and should have handled an exception but did not see any.
  in .TestExceptionAttribute2.TestExceptionAttribute
	at ptolemy.actor.lib.TestExceptionAttribute.handleException(TestExceptionAttribute.java:174)
	at ptolemy.actor.Manager.execute(Manager.java:476)
	at ptolemy.actor.Manager.run(Manager.java:1263)
	at ptolemy.actor.Manager$PtolemyRunThread.run(Manager.java:1915)
Caused by: ptolemy.kernel.util.IllegalActionException: Exception(s) thrown during wrapup:
ptolemy.kernel.util.IllegalActionException:  was initialized and should have handled an exception but did not see any.
  in .TestExceptionAttribute2.TestExceptionAttribute========
ptolemy.kernel.util.IllegalActionException:  was initialized and should have handled an exception but did not see any.
  in .TestExceptionAttribute2.TestExceptionAttribute2========

  in .TestExceptionAttribute2
Because:
 was initialized and should have handled an exception but did not see any.
  in .TestExceptionAttribute2.TestExceptionAttribute
	at ptolemy.actor.CompositeActor.wrapup(CompositeActor.java:2780)
	at ptolemy.actor.Manager.wrapup(Manager.java:1512)
	at ptolemy.actor.Manager.execute(Manager.java:407)
Caused by: ptolemy.kernel.util.IllegalActionException:  was initialized and should have handled an exception but did not see any.
  in .TestExceptionAttribute2.TestExceptionAttribute
	at ptolemy.actor.lib.TestExceptionAttribute.wrapup(TestExceptionAttribute.java:213)
	at ptolemy.actor.CompositeActor.wrapup(CompositeActor.java:2705)
</error>
  </testcase>
  <testcase classname="ptolemy.util.test.junit.AutoTests" name="[364] /home/travis/build/icyphy/ptII/ptolemy/actor/lib/test/auto/TestExceptionAttribute3.xml (RunModel)" time="0.017" />
  <testcase classname="ptolemy.util.test.junit.AutoTests" name="[365] /home/travis/build/icyphy/ptII/ptolemy/actor/lib/test/auto/TestExceptionAttribute4.xml (RunModel)" time="0.009" />
  <testcase classname="ptolemy.util.test.junit.AutoTests" name="[366] /home/travis/build/icyphy/ptII/ptolemy/actor/lib/test/auto/TestExceptionHandler1.xml (RunModel)" time="0.013">
    <error type="java.lang.reflect.InvocationTargetException">java.lang.reflect.InvocationTargetException
	at java.lang.reflect.Constructor.newInstance(Constructor.java:423)
	at ptolemy.util.test.junit.AutoTests.RunModel(AutoTests.java:193)
	at junitparams.internal.InvokeParameterisedMethod.evaluate(InvokeParameterisedMethod.java:102)
Caused by: ptolemy.kernel.util.IllegalActionException: Expected:
Exceptions occurred during wrapup:
ptolemy.kernel.util.IllegalActionException:  should have handled an exception but did not see any.
  in .TestExceptionHandler1.TestExceptionHandler

  in .TestExceptionHandler1.DE Director
Because:
 should have handled an exception but did not see any.
  in .TestExceptionHandler1.TestExceptionHandler
But got:
Exception(s) thrown during wrapup:
ptolemy.kernel.util.IllegalActionException: Exceptions occurred during wrapup:
ptolemy.kernel.util.IllegalActionException:  should have handled an exception but did not see any.
  in .TestExceptionHandler1.TestExceptionHandler

  in .TestExceptionHandler1.DE Director
Because:
 should have handled an exception but did not see any.
  in .TestExceptionHandler1.TestExceptionHandler========

  in .TestExceptionHandler1
Because:
Exceptions occurred during wrapup:
ptolemy.kernel.util.IllegalActionException:  should have handled an exception but did not see any.
  in .TestExceptionHandler1.TestExceptionHandler

  in .TestExceptionHandler1.DE Director
Because:
 should have handled an exception but did not see any.
  in .TestExceptionHandler1.TestExceptionHandler
  in .TestExceptionHandler1.TestExceptionHandler
Because:
Exception(s) thrown during wrapup:
ptolemy.kernel.util.IllegalActionException: Exceptions occurred during wrapup:
ptolemy.kernel.util.IllegalActionException:  should have handled an exception but did not see any.
  in .TestExceptionHandler1.TestExceptionHandler

  in .TestExceptionHandler1.DE Director
Because:
 should have handled an exception but did not see any.
  in .TestExceptionHandler1.TestExceptionHandler========

  in .TestExceptionHandler1
Because:
Exceptions occurred during wrapup:
ptolemy.kernel.util.IllegalActionException:  should have handled an exception but did not see any.
  in .TestExceptionHandler1.TestExceptionHandler

  in .TestExceptionHandler1.DE Director
Because:
 should have handled an exception but did not see any.
  in .TestExceptionHandler1.TestExceptionHandler
	at ptolemy.actor.lib.TestExceptionHandler.handleException(TestExceptionHandler.java:142)
	at ptolemy.actor.Manager.execute(Manager.java:476)
	at ptolemy.actor.Manager.run(Manager.java:1263)
	at ptolemy.actor.Manager$PtolemyRunThread.run(Manager.java:1915)
Caused by: ptolemy.kernel.util.IllegalActionException: Exception(s) thrown during wrapup:
ptolemy.kernel.util.IllegalActionException: Exceptions occurred during wrapup:
ptolemy.kernel.util.IllegalActionException:  should have handled an exception but did not see any.
  in .TestExceptionHandler1.TestExceptionHandler

  in .TestExceptionHandler1.DE Director
Because:
 should have handled an exception but did not see any.
  in .TestExceptionHandler1.TestExceptionHandler========

  in .TestExceptionHandler1
Because:
Exceptions occurred during wrapup:
ptolemy.kernel.util.IllegalActionException:  should have handled an exception but did not see any.
  in .TestExceptionHandler1.TestExceptionHandler

  in .TestExceptionHandler1.DE Director
Because:
 should have handled an exception but did not see any.
  in .TestExceptionHandler1.TestExceptionHandler
	at ptolemy.actor.CompositeActor.wrapup(CompositeActor.java:2780)
	at ptolemy.actor.Manager.wrapup(Manager.java:1512)
	at ptolemy.actor.Manager.execute(Manager.java:407)
Caused by: ptolemy.kernel.util.IllegalActionException: Exceptions occurred during wrapup:
ptolemy.kernel.util.IllegalActionException:  should have handled an exception but did not see any.
  in .TestExceptionHandler1.TestExceptionHandler

  in .TestExceptionHandler1.DE Director
Because:
 should have handled an exception but did not see any.
  in .TestExceptionHandler1.TestExceptionHandler
	at ptolemy.actor.Director.wrapup(Director.java:1736)
	at ptolemy.domains.de.kernel.DEDirector.wrapup(DEDirector.java:1527)
	at ptolemy.actor.CompositeActor.wrapup(CompositeActor.java:2768)
Caused by: ptolemy.kernel.util.IllegalActionException:  should have handled an exception but did not see any.
  in .TestExceptionHandler1.TestExceptionHandler
	at ptolemy.actor.lib.TestExceptionHandler.wrapup(TestExceptionHandler.java:168)
	at ptolemy.actor.Director.wrapup(Director.java:1722)
</error>
  </testcase>
  <testcase classname="ptolemy.util.test.junit.AutoTests" name="[367] /home/travis/build/icyphy/ptII/ptolemy/actor/lib/test/auto/TestExceptionHandler2.xml (RunModel)" time="0.023">
    <error type="java.lang.reflect.InvocationTargetException">java.lang.reflect.InvocationTargetException
	at java.lang.reflect.Constructor.newInstance(Constructor.java:423)
	at ptolemy.util.test.junit.AutoTests.RunModel(AutoTests.java:193)
	at junitparams.internal.InvokeParameterisedMethod.evaluate(InvokeParameterisedMethod.java:102)
Caused by: ptolemy.kernel.util.IllegalActionException: Expected:
Exceptions occurred during wrapup:
ptolemy.kernel.util.IllegalActionException:  should have handled an exception but did not see any.
  in .TestExceptionHandler2.TestExceptionHandler
ptolemy.kernel.util.IllegalActionException:  should have handled an exception but did not see any.
  in .TestExceptionHandler2.TestExceptionHandler2

  in .TestExceptionHandler2.DE Director
Because:
 should have handled an exception but did not see any.
  in .TestExceptionHandler2.TestExceptionHandler
But got:
Exception(s) thrown during wrapup:
ptolemy.kernel.util.IllegalActionException: Exceptions occurred during wrapup:
ptolemy.kernel.util.IllegalActionException:  should have handled an exception but did not see any.
  in .TestExceptionHandler2.TestExceptionHandler
ptolemy.kernel.util.IllegalActionException:  should have handled an exception but did not see any.
  in .TestExceptionHandler2.TestExceptionHandler2

  in .TestExceptionHandler2.DE Director
Because:
 should have handled an exception but did not see any.
  in .TestExceptionHandler2.TestExceptionHandler========

  in .TestExceptionHandler2
Because:
Exceptions occurred during wrapup:
ptolemy.kernel.util.IllegalActionException:  should have handled an exception but did not see any.
  in .TestExceptionHandler2.TestExceptionHandler
ptolemy.kernel.util.IllegalActionException:  should have handled an exception but did not see any.
  in .TestExceptionHandler2.TestExceptionHandler2

  in .TestExceptionHandler2.DE Director
Because:
 should have handled an exception but did not see any.
  in .TestExceptionHandler2.TestExceptionHandler
  in .TestExceptionHandler2.TestExceptionHandler
Because:
Exception(s) thrown during wrapup:
ptolemy.kernel.util.IllegalActionException: Exceptions occurred during wrapup:
ptolemy.kernel.util.IllegalActionException:  should have handled an exception but did not see any.
  in .TestExceptionHandler2.TestExceptionHandler
ptolemy.kernel.util.IllegalActionException:  should have handled an exception but did not see any.
  in .TestExceptionHandler2.TestExceptionHandler2

  in .TestExceptionHandler2.DE Director
Because:
 should have handled an exception but did not see any.
  in .TestExceptionHandler2.TestExceptionHandler========

  in .TestExceptionHandler2
Because:
Exceptions occurred during wrapup:
ptolemy.kernel.util.IllegalActionException:  should have handled an exception but did not see any.
  in .TestExceptionHandler2.TestExceptionHandler
ptolemy.kernel.util.IllegalActionException:  should have handled an exception but did not see any.
  in .TestExceptionHandler2.TestExceptionHandler2

  in .TestExceptionHandler2.DE Director
Because:
 should have handled an exception but did not see any.
  in .TestExceptionHandler2.TestExceptionHandler
	at ptolemy.actor.lib.TestExceptionHandler.handleException(TestExceptionHandler.java:142)
	at ptolemy.actor.Manager.execute(Manager.java:476)
	at ptolemy.actor.Manager.run(Manager.java:1263)
	at ptolemy.actor.Manager$PtolemyRunThread.run(Manager.java:1915)
Caused by: ptolemy.kernel.util.IllegalActionException: Exception(s) thrown during wrapup:
ptolemy.kernel.util.IllegalActionException: Exceptions occurred during wrapup:
ptolemy.kernel.util.IllegalActionException:  should have handled an exception but did not see any.
  in .TestExceptionHandler2.TestExceptionHandler
ptolemy.kernel.util.IllegalActionException:  should have handled an exception but did not see any.
  in .TestExceptionHandler2.TestExceptionHandler2

  in .TestExceptionHandler2.DE Director
Because:
 should have handled an exception but did not see any.
  in .TestExceptionHandler2.TestExceptionHandler========

  in .TestExceptionHandler2
Because:
Exceptions occurred during wrapup:
ptolemy.kernel.util.IllegalActionException:  should have handled an exception but did not see any.
  in .TestExceptionHandler2.TestExceptionHandler
ptolemy.kernel.util.IllegalActionException:  should have handled an exception but did not see any.
  in .TestExceptionHandler2.TestExceptionHandler2

  in .TestExceptionHandler2.DE Director
Because:
 should have handled an exception but did not see any.
  in .TestExceptionHandler2.TestExceptionHandler
	at ptolemy.actor.CompositeActor.wrapup(CompositeActor.java:2780)
	at ptolemy.actor.Manager.wrapup(Manager.java:1512)
	at ptolemy.actor.Manager.execute(Manager.java:407)
Caused by: ptolemy.kernel.util.IllegalActionException: Exceptions occurred during wrapup:
ptolemy.kernel.util.IllegalActionException:  should have handled an exception but did not see any.
  in .TestExceptionHandler2.TestExceptionHandler
ptolemy.kernel.util.IllegalActionException:  should have handled an exception but did not see any.
  in .TestExceptionHandler2.TestExceptionHandler2

  in .TestExceptionHandler2.DE Director
Because:
 should have handled an exception but did not see any.
  in .TestExceptionHandler2.TestExceptionHandler
	at ptolemy.actor.Director.wrapup(Director.java:1736)
	at ptolemy.domains.de.kernel.DEDirector.wrapup(DEDirector.java:1527)
	at ptolemy.actor.CompositeActor.wrapup(CompositeActor.java:2768)
Caused by: ptolemy.kernel.util.IllegalActionException:  should have handled an exception but did not see any.
  in .TestExceptionHandler2.TestExceptionHandler
	at ptolemy.actor.lib.TestExceptionHandler.wrapup(TestExceptionHandler.java:168)
	at ptolemy.actor.Director.wrapup(Director.java:1722)
</error>
  </testcase>
  <testcase classname="ptolemy.util.test.junit.AutoTests" name="[368] /home/travis/build/icyphy/ptII/ptolemy/actor/lib/test/auto/TestExceptionHandler3.xml (RunModel)" time="0.009" />
  <testcase classname="ptolemy.util.test.junit.AutoTests" name="[369] /home/travis/build/icyphy/ptII/ptolemy/actor/lib/test/auto/TestExceptionHandler4.xml (RunModel)" time="0.042" />
  <testcase classname="ptolemy.util.test.junit.AutoTests" name="[370] /home/travis/build/icyphy/ptII/ptolemy/actor/lib/test/auto/TestRequireCorrectOrder.xml (RunModel)" time="0.022" />
  <testcase classname="ptolemy.util.test.junit.AutoTests" name="[371] /home/travis/build/icyphy/ptII/ptolemy/actor/lib/test/auto/TestSimple.xml (RunModel)" time="0.005" />
  <testcase classname="ptolemy.util.test.junit.AutoTests" name="[372] /home/travis/build/icyphy/ptII/ptolemy/actor/lib/test/auto/ThrowModelError.xml (RunModel)" time="0.01" />
  <testcase classname="ptolemy.util.test.junit.AutoTests" name="[373] /home/travis/build/icyphy/ptII/ptolemy/actor/lib/test/auto/TimeDelayMicrosteps.xml (RunModel)" time="0.012" />
  <testcase classname="ptolemy.util.test.junit.AutoTests" name="[374] /home/travis/build/icyphy/ptII/ptolemy/actor/lib/test/auto/TimeDelayMicrosteps2.xml (RunModel)" time="0.014" />
  <testcase classname="ptolemy.util.test.junit.AutoTests" name="[375] /home/travis/build/icyphy/ptII/ptolemy/actor/lib/test/auto/TimeDelayMicrosteps3.xml (RunModel)" time="0.011" />
  <testcase classname="ptolemy.util.test.junit.AutoTests" name="[376] /home/travis/build/icyphy/ptII/ptolemy/actor/lib/test/auto/TimeDelayVariableMicrosteps.xml (RunModel)" time="0.011" />
  <testcase classname="ptolemy.util.test.junit.AutoTests" name="[377] /home/travis/build/icyphy/ptII/ptolemy/actor/lib/test/auto/TimeGap.xml (RunModel)" time="0.011" />
  <testcase classname="ptolemy.util.test.junit.AutoTests" name="[378] /home/travis/build/icyphy/ptII/ptolemy/actor/lib/test/auto/TimeGap2.xml (RunModel)" time="0.011" />
  <testcase classname="ptolemy.util.test.junit.AutoTests" name="[379] /home/travis/build/icyphy/ptII/ptolemy/actor/lib/test/auto/TimedSinewave.xml (RunModel)" time="0.037" />
  <testcase classname="ptolemy.util.test.junit.AutoTests" name="[380] /home/travis/build/icyphy/ptII/ptolemy/actor/lib/test/auto/TimedSinewavePhase.xml (RunModel)" time="0.038" />
  <testcase classname="ptolemy.util.test.junit.AutoTests" name="[381] /home/travis/build/icyphy/ptII/ptolemy/actor/lib/test/auto/Timer.xml (RunModel)" time="0.019" />
  <testcase classname="ptolemy.util.test.junit.AutoTests" name="[382] /home/travis/build/icyphy/ptII/ptolemy/actor/lib/test/auto/TriangularDistTestModel.xml (RunModel)" time="0.015" />
  <testcase classname="ptolemy.util.test.junit.AutoTests" name="[383] /home/travis/build/icyphy/ptII/ptolemy/actor/lib/test/auto/TrigFunction.xml (RunModel)" time="0.007" />
  <testcase classname="ptolemy.util.test.junit.AutoTests" name="[384] /home/travis/build/icyphy/ptII/ptolemy/actor/lib/test/auto/TrigFunctionDE.xml (RunModel)" time="0.011" />
  <testcase classname="ptolemy.util.test.junit.AutoTests" name="[385] /home/travis/build/icyphy/ptII/ptolemy/actor/lib/test/auto/TrigFunctionInverse.xml (RunModel)" time="0.009" />
  <testcase classname="ptolemy.util.test.junit.AutoTests" name="[386] /home/travis/build/icyphy/ptII/ptolemy/actor/lib/test/auto/TrigFunctionTan.xml (RunModel)" time="0.006" />
  <testcase classname="ptolemy.util.test.junit.AutoTests" name="[387] /home/travis/build/icyphy/ptII/ptolemy/actor/lib/test/auto/TriggeredClock.xml (RunModel)" time="0.009" />
  <testcase classname="ptolemy.util.test.junit.AutoTests" name="[388] /home/travis/build/icyphy/ptII/ptolemy/actor/lib/test/auto/URLDirectoryReader.xml (RunModel)" time="0.111" />
  <testcase classname="ptolemy.util.test.junit.AutoTests" name="[389] /home/travis/build/icyphy/ptII/ptolemy/actor/lib/test/auto/URLDirectoryReader3.xml (RunModel)" time="1.271" />
  <testcase classname="ptolemy.util.test.junit.AutoTests" name="[390] /home/travis/build/icyphy/ptII/ptolemy/actor/lib/test/auto/UnaryMathFunction.xml (RunModel)" time="0.029" />
  <testcase classname="ptolemy.util.test.junit.AutoTests" name="[391] /home/travis/build/icyphy/ptII/ptolemy/actor/lib/test/auto/Uniform.xml (RunModel)" time="0.011" />
  <testcase classname="ptolemy.util.test.junit.AutoTests" name="[392] /home/travis/build/icyphy/ptII/ptolemy/actor/lib/test/auto/UnionDisassemblerTest.xml (RunModel)" time="0.007" />
  <testcase classname="ptolemy.util.test.junit.AutoTests" name="[393] /home/travis/build/icyphy/ptII/ptolemy/actor/lib/test/auto/UtilityFunctions.xml (RunModel)" time="0.006" />
  <testcase classname="ptolemy.util.test.junit.AutoTests" name="[394] /home/travis/build/icyphy/ptII/ptolemy/actor/lib/test/auto/VariableSleep.xml (RunModel)" time="0.51" />
  <testcase classname="ptolemy.util.test.junit.AutoTests" name="[395] /home/travis/build/icyphy/ptII/ptolemy/actor/lib/test/auto/VectorAssemblerDisassemblerCT.xml (RunModel)" time="0.12" />
  <testcase classname="ptolemy.util.test.junit.AutoTests" name="[396] /home/travis/build/icyphy/ptII/ptolemy/actor/lib/test/auto/VectorAssemblerDisassemblerDE.xml (RunModel)" time="0.013" />
  <testcase classname="ptolemy.util.test.junit.AutoTests" name="[397] /home/travis/build/icyphy/ptII/ptolemy/actor/lib/test/auto/VectorAssemblerDisassemblerSDF.xml (RunModel)" time="0.011" />
  <testcase classname="ptolemy.util.test.junit.AutoTests" name="[398] /home/travis/build/icyphy/ptII/ptolemy/actor/lib/test/auto/WallClockTime.xml (RunModel)" time="1.012" />
  <testcase classname="ptolemy.util.test.junit.AutoTests" name="[399] /home/travis/build/icyphy/ptII/ptolemy/actor/lib/test/auto/WidthTestWithSubscriberPublisher.xml (RunModel)" time="0.038" />
  <testcase classname="ptolemy.util.test.junit.AutoTests" name="[400] /home/travis/build/icyphy/ptII/ptolemy/actor/lib/test/auto/WidthTestWithSubscriberPublisher2.xml (RunModel)" time="0.012" />
  <testcase classname="ptolemy.util.test.junit.AutoTests" name="[401] /home/travis/build/icyphy/ptII/ptolemy/actor/lib/test/auto/WidthTestWithSubscriberPublisher3.xml (RunModel)" time="0.025" />
  <testcase classname="ptolemy.util.test.junit.AutoTests" name="[402] /home/travis/build/icyphy/ptII/ptolemy/actor/lib/test/auto/Writer.xml (RunModel)" time="0.007" />
  <testcase classname="ptolemy.util.test.junit.AutoTests" name="[403] /home/travis/build/icyphy/ptII/ptolemy/actor/lib/test/auto/array.xml (RunModel)" time="0.01" />
  <testcase classname="ptolemy.util.test.junit.AutoTests" name="[404] /home/travis/build/icyphy/ptII/ptolemy/actor/lib/test/auto/array2.xml (RunModel)" time="0.016" />
  <testcase classname="ptolemy.util.test.junit.AutoTests" name="[405] /home/travis/build/icyphy/ptII/ptolemy/actor/lib/test/auto/arrayType.xml (RunModel)" time="0.013" />
  <testcase classname="ptolemy.util.test.junit.AutoTests" name="[406] /home/travis/build/icyphy/ptII/ptolemy/actor/lib/test/auto/arrayType10.xml (RunModel)" time="0.008" />
  <testcase classname="ptolemy.util.test.junit.AutoTests" name="[407] /home/travis/build/icyphy/ptII/ptolemy/actor/lib/test/auto/arrayType11.xml (RunModel)" time="0.007" />
  <testcase classname="ptolemy.util.test.junit.AutoTests" name="[408] /home/travis/build/icyphy/ptII/ptolemy/actor/lib/test/auto/arrayType12.xml (RunModel)" time="0.009" />
  <testcase classname="ptolemy.util.test.junit.AutoTests" name="[409] /home/travis/build/icyphy/ptII/ptolemy/actor/lib/test/auto/arrayType13.xml (RunModel)" time="0.009" />
  <testcase classname="ptolemy.util.test.junit.AutoTests" name="[410] /home/travis/build/icyphy/ptII/ptolemy/actor/lib/test/auto/arrayType14.xml (RunModel)" time="0.009" />
  <testcase classname="ptolemy.util.test.junit.AutoTests" name="[411] /home/travis/build/icyphy/ptII/ptolemy/actor/lib/test/auto/arrayType15.xml (RunModel)" time="0.008" />
  <testcase classname="ptolemy.util.test.junit.AutoTests" name="[412] /home/travis/build/icyphy/ptII/ptolemy/actor/lib/test/auto/arrayType16.xml (RunModel)" time="0.009" />
  <testcase classname="ptolemy.util.test.junit.AutoTests" name="[413] /home/travis/build/icyphy/ptII/ptolemy/actor/lib/test/auto/arrayType17.xml (RunModel)" time="0.008" />
  <testcase classname="ptolemy.util.test.junit.AutoTests" name="[414] /home/travis/build/icyphy/ptII/ptolemy/actor/lib/test/auto/arrayType18.xml (RunModel)" time="0.008" />
  <testcase classname="ptolemy.util.test.junit.AutoTests" name="[415] /home/travis/build/icyphy/ptII/ptolemy/actor/lib/test/auto/arrayType19.xml (RunModel)" time="0.007" />
  <testcase classname="ptolemy.util.test.junit.AutoTests" name="[416] /home/travis/build/icyphy/ptII/ptolemy/actor/lib/test/auto/arrayType2.xml (RunModel)" time="0.012" />
  <testcase classname="ptolemy.util.test.junit.AutoTests" name="[417] /home/travis/build/icyphy/ptII/ptolemy/actor/lib/test/auto/arrayType20.xml (RunModel)" time="0.008" />
  <testcase classname="ptolemy.util.test.junit.AutoTests" name="[418] /home/travis/build/icyphy/ptII/ptolemy/actor/lib/test/auto/arrayType21.xml (RunModel)" time="0.009" />
  <testcase classname="ptolemy.util.test.junit.AutoTests" name="[419] /home/travis/build/icyphy/ptII/ptolemy/actor/lib/test/auto/arrayType22.xml (RunModel)" time="0.008" />
  <testcase classname="ptolemy.util.test.junit.AutoTests" name="[420] /home/travis/build/icyphy/ptII/ptolemy/actor/lib/test/auto/arrayType23.xml (RunModel)" time="0.009" />
  <testcase classname="ptolemy.util.test.junit.AutoTests" name="[421] /home/travis/build/icyphy/ptII/ptolemy/actor/lib/test/auto/arrayType24.xml (RunModel)" time="0.008" />
  <testcase classname="ptolemy.util.test.junit.AutoTests" name="[422] /home/travis/build/icyphy/ptII/ptolemy/actor/lib/test/auto/arrayType25.xml (RunModel)" time="0.007" />
  <testcase classname="ptolemy.util.test.junit.AutoTests" name="[423] /home/travis/build/icyphy/ptII/ptolemy/actor/lib/test/auto/arrayType26.xml (RunModel)" time="0.007" />
  <testcase classname="ptolemy.util.test.junit.AutoTests" name="[424] /home/travis/build/icyphy/ptII/ptolemy/actor/lib/test/auto/arrayType27.xml (RunModel)" time="0.008" />
  <testcase classname="ptolemy.util.test.junit.AutoTests" name="[425] /home/travis/build/icyphy/ptII/ptolemy/actor/lib/test/auto/arrayType28.xml (RunModel)" time="0.008" />
  <testcase classname="ptolemy.util.test.junit.AutoTests" name="[426] /home/travis/build/icyphy/ptII/ptolemy/actor/lib/test/auto/arrayType3.xml (RunModel)" time="0.008" />
  <testcase classname="ptolemy.util.test.junit.AutoTests" name="[427] /home/travis/build/icyphy/ptII/ptolemy/actor/lib/test/auto/arrayType4.xml (RunModel)" time="0.007" />
  <testcase classname="ptolemy.util.test.junit.AutoTests" name="[428] /home/travis/build/icyphy/ptII/ptolemy/actor/lib/test/auto/arrayType5.xml (RunModel)" time="0.009" />
  <testcase classname="ptolemy.util.test.junit.AutoTests" name="[429] /home/travis/build/icyphy/ptII/ptolemy/actor/lib/test/auto/arrayType6.xml (RunModel)" time="0.02" />
  <testcase classname="ptolemy.util.test.junit.AutoTests" name="[430] /home/travis/build/icyphy/ptII/ptolemy/actor/lib/test/auto/arrayType7.xml (RunModel)" time="0.007" />
  <testcase classname="ptolemy.util.test.junit.AutoTests" name="[431] /home/travis/build/icyphy/ptII/ptolemy/actor/lib/test/auto/arrayType8.xml (RunModel)" time="0.01" />
  <testcase classname="ptolemy.util.test.junit.AutoTests" name="[432] /home/travis/build/icyphy/ptII/ptolemy/actor/lib/test/auto/arrayType9.xml (RunModel)" time="0.007" />
  <testcase classname="ptolemy.util.test.junit.AutoTests" name="[433] /home/travis/build/icyphy/ptII/ptolemy/actor/lib/test/auto/cast.xml (RunModel)" time="0.009" />
  <testcase classname="ptolemy.util.test.junit.AutoTests" name="[434] /home/travis/build/icyphy/ptII/ptolemy/actor/lib/test/auto/compositeMultiPort.xml (RunModel)" time="0.016" />
  <testcase classname="ptolemy.util.test.junit.AutoTests" name="[435] /home/travis/build/icyphy/ptII/ptolemy/actor/lib/test/auto/expressionCastInference.xml (RunModel)" time="0.011" />
  <testcase classname="ptolemy.util.test.junit.AutoTests" name="[436] /home/travis/build/icyphy/ptII/ptolemy/actor/lib/test/auto/expressionCastInference2.xml (RunModel)" time="0.007" />
  <testcase classname="ptolemy.util.test.junit.AutoTests" name="[437] /home/travis/build/icyphy/ptII/ptolemy/actor/lib/test/auto/expressionInference.xml (RunModel)" time="0.006" />
  <testcase classname="ptolemy.util.test.junit.AutoTests" name="[438] /home/travis/build/icyphy/ptII/ptolemy/actor/lib/test/auto/expression_bug.xml (RunModel)" time="0.005" />
  <testcase classname="ptolemy.util.test.junit.AutoTests" name="[439] /home/travis/build/icyphy/ptII/ptolemy/actor/lib/test/auto/factorial.xml (RunModel)" time="0.047" />
  <testcase classname="ptolemy.util.test.junit.AutoTests" name="[440] /home/travis/build/icyphy/ptII/ptolemy/actor/lib/test/auto/filterTest1.xml (RunModel)" time="0.011" />
  <testcase classname="ptolemy.util.test.junit.AutoTests" name="[441] /home/travis/build/icyphy/ptII/ptolemy/actor/lib/test/auto/funcApplyInConst.xml (RunModel)" time="0.007" />
  <testcase classname="ptolemy.util.test.junit.AutoTests" name="[442] /home/travis/build/icyphy/ptII/ptolemy/actor/lib/test/auto/funcApplyInExpr.xml (RunModel)" time="0.005" />
  <testcase classname="ptolemy.util.test.junit.AutoTests" name="[443] /home/travis/build/icyphy/ptII/ptolemy/actor/lib/test/auto/function.xml (RunModel)" time="0.008" />
  <testcase classname="ptolemy.util.test.junit.AutoTests" name="[444] /home/travis/build/icyphy/ptII/ptolemy/actor/lib/test/auto/function2.xml (RunModel)" time="0.008" />
  <testcase classname="ptolemy.util.test.junit.AutoTests" name="[445] /home/travis/build/icyphy/ptII/ptolemy/actor/lib/test/auto/function3.xml (RunModel)" time="0.009" />
  <testcase classname="ptolemy.util.test.junit.AutoTests" name="[446] /home/travis/build/icyphy/ptII/ptolemy/actor/lib/test/auto/functionClosureTest1.xml (RunModel)" time="0.012" />
  <testcase classname="ptolemy.util.test.junit.AutoTests" name="[447] /home/travis/build/icyphy/ptII/ptolemy/actor/lib/test/auto/functionClosureTest2.xml (RunModel)" time="0.019" />
  <testcase classname="ptolemy.util.test.junit.AutoTests" name="[448] /home/travis/build/icyphy/ptII/ptolemy/actor/lib/test/auto/functionClosureTest3.xml (RunModel)" time="0.013" />
  <testcase classname="ptolemy.util.test.junit.AutoTests" name="[449] /home/travis/build/icyphy/ptII/ptolemy/actor/lib/test/auto/functionClosureTest4.xml (RunModel)" time="0.026" />
  <testcase classname="ptolemy.util.test.junit.AutoTests" name="[450] /home/travis/build/icyphy/ptII/ptolemy/actor/lib/test/auto/functionClosureTest5.xml (RunModel)" time="0.025" />
  <testcase classname="ptolemy.util.test.junit.AutoTests" name="[451] /home/travis/build/icyphy/ptII/ptolemy/actor/lib/test/auto/functionClosureTest6.xml (RunModel)" time="0.027" />
  <testcase classname="ptolemy.util.test.junit.AutoTests" name="[452] /home/travis/build/icyphy/ptII/ptolemy/actor/lib/test/auto/functionsOnArcs.xml (RunModel)" time="0.015" />
  <testcase classname="ptolemy.util.test.junit.AutoTests" name="[453] /home/travis/build/icyphy/ptII/ptolemy/actor/lib/test/auto/functionsOnArcsHOF.xml (RunModel)" time="0.01" />
  <testcase classname="ptolemy.util.test.junit.AutoTests" name="[454] /home/travis/build/icyphy/ptII/ptolemy/actor/lib/test/auto/logic.xml (RunModel)" time="0.015" />
  <testcase classname="ptolemy.util.test.junit.AutoTests" name="[455] /home/travis/build/icyphy/ptII/ptolemy/actor/lib/test/auto/matrixType.xml (RunModel)" time="0.011" />
  <testcase classname="ptolemy.util.test.junit.AutoTests" name="[456] /home/travis/build/icyphy/ptII/ptolemy/actor/lib/test/auto/matrixType10.xml (RunModel)" time="0.008" />
  <testcase classname="ptolemy.util.test.junit.AutoTests" name="[457] /home/travis/build/icyphy/ptII/ptolemy/actor/lib/test/auto/matrixType11.xml (RunModel)" time="0.007" />
  <testcase classname="ptolemy.util.test.junit.AutoTests" name="[458] /home/travis/build/icyphy/ptII/ptolemy/actor/lib/test/auto/matrixType12.xml (RunModel)" time="0.009" />
  <testcase classname="ptolemy.util.test.junit.AutoTests" name="[459] /home/travis/build/icyphy/ptII/ptolemy/actor/lib/test/auto/matrixType13.xml (RunModel)" time="0.007" />
  <testcase classname="ptolemy.util.test.junit.AutoTests" name="[460] /home/travis/build/icyphy/ptII/ptolemy/actor/lib/test/auto/matrixType14.xml (RunModel)" time="0.008" />
  <testcase classname="ptolemy.util.test.junit.AutoTests" name="[461] /home/travis/build/icyphy/ptII/ptolemy/actor/lib/test/auto/matrixType2.xml (RunModel)" time="0.008" />
  <testcase classname="ptolemy.util.test.junit.AutoTests" name="[462] /home/travis/build/icyphy/ptII/ptolemy/actor/lib/test/auto/matrixType3.xml (RunModel)" time="0.009" />
  <testcase classname="ptolemy.util.test.junit.AutoTests" name="[463] /home/travis/build/icyphy/ptII/ptolemy/actor/lib/test/auto/matrixType4.xml (RunModel)" time="0.007" />
  <testcase classname="ptolemy.util.test.junit.AutoTests" name="[464] /home/travis/build/icyphy/ptII/ptolemy/actor/lib/test/auto/matrixType5.xml (RunModel)" time="0.007" />
  <testcase classname="ptolemy.util.test.junit.AutoTests" name="[465] /home/travis/build/icyphy/ptII/ptolemy/actor/lib/test/auto/matrixType6.xml (RunModel)" time="0.008" />
  <testcase classname="ptolemy.util.test.junit.AutoTests" name="[466] /home/travis/build/icyphy/ptII/ptolemy/actor/lib/test/auto/matrixType7.xml (RunModel)" time="0.007" />
  <testcase classname="ptolemy.util.test.junit.AutoTests" name="[467] /home/travis/build/icyphy/ptII/ptolemy/actor/lib/test/auto/matrixType8.xml (RunModel)" time="0.008" />
  <testcase classname="ptolemy.util.test.junit.AutoTests" name="[468] /home/travis/build/icyphy/ptII/ptolemy/actor/lib/test/auto/matrixType9.xml (RunModel)" time="0.007" />
  <testcase classname="ptolemy.util.test.junit.AutoTests" name="[469] /home/travis/build/icyphy/ptII/ptolemy/actor/lib/test/auto/paraFunctest.xml (RunModel)" time="0.006" />
  <testcase classname="ptolemy.util.test.junit.AutoTests" name="[470] /home/travis/build/icyphy/ptII/ptolemy/actor/lib/test/auto/paraFunctest2.xml (RunModel)" time="0.01" />
  <testcase classname="ptolemy.util.test.junit.AutoTests" name="[471] /home/travis/build/icyphy/ptII/ptolemy/actor/lib/test/auto/parameterPassing.xml (RunModel)" time="0.009" />
  <testcase classname="ptolemy.util.test.junit.AutoTests" name="[472] /home/travis/build/icyphy/ptII/ptolemy/actor/lib/test/auto/record.xml (RunModel)" time="0.007" />
  <testcase classname="ptolemy.util.test.junit.AutoTests" name="[473] /home/travis/build/icyphy/ptII/ptolemy/actor/lib/test/auto/sizedarray1.xml (RunModel)" time="0.008" />
  <testcase classname="ptolemy.util.test.junit.AutoTests" name="[474] /home/travis/build/icyphy/ptII/ptolemy/actor/lib/test/auto/sizedarray2.xml (RunModel)" time="0.008" />
  <testcase classname="ptolemy.util.test.junit.AutoTests" name="[475] /home/travis/build/icyphy/ptII/ptolemy/actor/lib/test/auto/twoPublishers.xml (RunModel)" time="0.015" />
  <system-out><![CDATA[/home/travis/build/icyphy/ptII/ptolemy/actor/lib/test/AbsoluteValue.tcl
testDefs.tcl: setting time out to 9000 seconds at Tue Jan 15 03:16:54 UTC 2019
85 ms. Memory: 116224K Free: 106740K (92%)
8 ms. Memory: 116224K Free: 105522K (91%)
4 ms. Memory: 116224K Free: 104920K (90%)
3 ms. Memory: 116224K Free: 103710K (89%)
/home/travis/build/icyphy/ptII/ptolemy/actor/lib/test/AddSubtract.tcl
15 ms. Memory: 116224K Free: 101891K (88%)
4 ms. Memory: 116224K Free: 101274K (87%)
4 ms. Memory: 116224K Free: 100056K (86%)
5 ms. Memory: 116224K Free: 99454K (86%)
4 ms. Memory: 116224K Free: 98837K (85%)
6 ms. Memory: 116224K Free: 98236K (85%)
/home/travis/build/icyphy/ptII/ptolemy/actor/lib/test/Average.tcl
18 ms. Memory: 116224K Free: 96385K (83%)
10 ms. Memory: 116224K Free: 95182K (82%)
/home/travis/build/icyphy/ptII/ptolemy/actor/lib/test/Bernoulli.tcl
3 ms. Memory: 116224K Free: 93355K (80%)
1 ms. Memory: 116224K Free: 92738K (80%)
/home/travis/build/icyphy/ptII/ptolemy/actor/lib/test/Clock.tcl
preinitializing
resolving types
initializing
executing number 1
wrapping up
idle
13 ms. Memory: 116224K Free: 90887K (78%)
Completed execution with 5 iterations
preinitializing
resolving types
initializing
executing number 1
wrapping up
idle
5 ms. Memory: 116224K Free: 89685K (77%)
Completed execution with 5 iterations
preinitializing
resolving types
initializing
executing number 1
wrapping up
idle
3 ms. Memory: 116224K Free: 89084K (77%)
Completed execution with 5 iterations
/home/travis/build/icyphy/ptII/ptolemy/actor/lib/test/Commutator.tcl
16 ms. Memory: 116224K Free: 86634K (75%)
5 ms. Memory: 116224K Free: 85416K (73%)
16 ms. Memory: 116224K Free: 81194K (70%)
/home/travis/build/icyphy/ptII/ptolemy/actor/lib/test/Const.tcl
4 ms. Memory: 146944K Free: 139191K (95%)
1 ms. Memory: 146944K Free: 139191K (95%)
2 ms. Memory: 146944K Free: 137969K (94%)
2 ms. Memory: 146944K Free: 137969K (94%)
2 ms. Memory: 146944K Free: 136763K (93%)
19 ms. Memory: 146944K Free: 135149K (92%)
8 ms. Memory: 146944K Free: 133927K (91%)
11 ms. Memory: 146944K Free: 132721K (90%)
/home/travis/build/icyphy/ptII/ptolemy/actor/lib/test/CurrentTime.tcl
preinitializing
resolving types
initializing
executing number 1
wrapping up
idle
14 ms. Memory: 146944K Free: 131515K (90%)
Completed execution with 11 iterations
/home/travis/build/icyphy/ptII/ptolemy/actor/lib/test/DB.tcl
7 ms. Memory: 146944K Free: 129103K (88%)
2 ms. Memory: 146944K Free: 129103K (88%)
2 ms. Memory: 146944K Free: 127881K (87%)
/home/travis/build/icyphy/ptII/ptolemy/actor/lib/test/DiscreteRandomSource.tcl
preinitializing
resolving types
initializing
executing number 1
wrapping up
idle
8 ms. Memory: 146944K Free: 126659K (86%)
Completed execution with 4 iterations
preinitializing
resolving types
initializing
executing number 1
wrapping up
idle
4 ms. Memory: 146944K Free: 126659K (86%)
Completed execution with 4 iterations
preinitializing
resolving types
initializing
executing number 1
wrapping up
idle
8 ms. Memory: 146944K Free: 125453K (85%)
Completed execution with 4 iterations
preinitializing
resolving types
initializing
executing number 1
wrapping up
idle
3 ms. Memory: 146944K Free: 125453K (85%)
Completed execution with 4 iterations
preinitializing
resolving types
initializing
executing number 1
wrapping up
idle
11 ms. Memory: 146944K Free: 125453K (85%)
Completed execution with 4 iterations
/home/travis/build/icyphy/ptII/ptolemy/actor/lib/test/Distributor.tcl
3 ms. Memory: 146944K Free: 123025K (84%)
12 ms. Memory: 146944K Free: 123025K (84%)
StreamChangeRequest.changeExecuted(): <deleteEntity name="rec2"/> succeeded
StreamChangeRequest.changeExecuted(): <deleteRelation name="r2"/> succeeded
StreamChangeRequest.changeExecuted(): Record firings per iteration succeeded
12 ms. Memory: 146944K Free: 120613K (82%)
/home/travis/build/icyphy/ptII/ptolemy/actor/lib/test/Exit.tcl
Exit.tcl: this will print a message about Manager.exitAfterWrapup, which can be ignored.
5 ms. Memory: 146944K Free: 116372K (79%)
/home/travis/build/icyphy/ptII/ptolemy/actor/lib/test/Expression.tcl
5 ms. Memory: 146944K Free: 113937K (78%)
3 ms. Memory: 146944K Free: 112715K (77%)
11 ms. Memory: 146944K Free: 112715K (77%)
preinitializing
resolving types
initializing
executing number 1
wrapping up
idle
12 ms. Memory: 146944K Free: 110303K (75%)
Completed execution with 6 iterations
15 ms. Memory: 146944K Free: 110303K (75%)
7 ms. Memory: 146944K Free: 109081K (74%)
3 ms. Memory: 146944K Free: 107859K (73%)
4 ms. Memory: 146944K Free: 106653K (73%)
3 ms. Memory: 146944K Free: 105447K (72%)
/home/travis/build/icyphy/ptII/ptolemy/actor/lib/test/Gaussian.tcl
8 ms. Memory: 146944K Free: 104241K (71%)
sleeping 1 seconds: .......................................................................................................................................................................................................................................................................................................................................................................................................................................................................................................................................................................................................................................................................................................................................................................................................................................................................................................................................................................................................................................................................................................................................................................................................................................................................................................................................................................................................................................................................................................................................................................................................................................................................................................................................................................................................................................................................................................................................................................................................................................................................................................................................................................................................................................................................................................................................................................................................................................................................................................................................................................................................................................................................................................................................................................................................................................................................................................................................................................................................................................................................................................................................................................................................................................................................................................................................................................................................................................................................................................................................................................................................................................................................................................................................................................................................................................................................................................................................................................................................................................................................................................................................................................................................................................................................................................................................................................................................................................................................................................................................................................................................................................................................................................................................................................................................................................................................3 ms. Memory: 146944K Free: 83739K (57%)
6 ms. Memory: 146944K Free: 82533K (56%)
2 ms. Memory: 146944K Free: 81407K (55%)
4 ms. Memory: 146944K Free: 81407K (55%)
12 ms. Memory: 146944K Free: 140646K (96%)
/home/travis/build/icyphy/ptII/ptolemy/actor/lib/test/IIR.tcl
/home/travis/build/icyphy/ptII/ptolemy/actor/lib/test/Interpolator.tcl
2 ms. Memory: 146944K Free: 136739K (93%)
2 ms. Memory: 146944K Free: 136739K (93%)
4 ms. Memory: 146944K Free: 135533K (92%)
2 ms. Memory: 146944K Free: 135533K (92%)
1 ms. Memory: 146944K Free: 134328K (91%)
5 ms. Memory: 146944K Free: 133123K (91%)
2 ms. Memory: 146944K Free: 133123K (91%)
1 ms. Memory: 146944K Free: 131918K (90%)
7 ms. Memory: 146944K Free: 130713K (89%)
2 ms. Memory: 146944K Free: 129508K (88%)
/home/travis/build/icyphy/ptII/ptolemy/actor/lib/test/MathFunction.tcl
4 ms. Memory: 146944K Free: 128302K (87%)
2 ms. Memory: 146944K Free: 127097K (86%)
1 ms. Memory: 146944K Free: 125892K (86%)
5 ms. Memory: 146944K Free: 124687K (85%)
3 ms. Memory: 146944K Free: 123482K (84%)
5 ms. Memory: 146944K Free: 121071K (82%)
/home/travis/build/icyphy/ptII/ptolemy/actor/lib/test/Maximum.tcl
4 ms. Memory: 146944K Free: 119866K (82%)
1 ms. Memory: 146944K Free: 118661K (81%)
2 ms. Memory: 146944K Free: 118661K (81%)
2 ms. Memory: 146944K Free: 117456K (80%)
/home/travis/build/icyphy/ptII/ptolemy/actor/lib/test/Minimum.tcl
2 ms. Memory: 146944K Free: 116251K (79%)
1 ms. Memory: 146944K Free: 115045K (78%)
2 ms. Memory: 146944K Free: 115045K (78%)
1 ms. Memory: 146944K Free: 113840K (77%)
/home/travis/build/icyphy/ptII/ptolemy/actor/lib/test/MultiplyDivide.tcl
5 ms. Memory: 146944K Free: 111430K (76%)
2 ms. Memory: 146944K Free: 111430K (76%)
2 ms. Memory: 146944K Free: 110225K (75%)
2 ms. Memory: 146944K Free: 110225K (75%)
1 ms. Memory: 146944K Free: 109019K (74%)
/home/travis/build/icyphy/ptII/ptolemy/actor/lib/test/OrderedMerge.tcl
Connections changed on port: inputA
Connections changed on port: inputB
Connections changed on port: output
Connections changed on port: output
Connections changed on port: output
Connections changed on port: input
.top. Preinitializing ...
Invoking preinitialize():  .top.OrderedMerge
Called preinitialize()
Invoking preinitialize():  .top.Ramp
Called preinitialize()
Invoking preinitialize():  .top.Ramp2
Called preinitialize()
Invoking preinitialize():  .top.Test
Called preinitialize()
Connections changed on port: inputA
Connections changed on port: output
Connections changed on port: inputB
Connections changed on port: output
Connections changed on port: output
Connections changed on port: input
.top. Finished preinitialize().
Called initialize().
Invoking initialize():  .top.OrderedMerge
Initializing actor: .top.OrderedMerge
Adding a thread: .top.OrderedMerge
Invoking initialize():  .top.Ramp
Initializing actor: .top.Ramp
Adding a thread: .top.Ramp
Invoking initialize():  .top.Ramp2
Initializing actor: .top.Ramp2
Adding a thread: .top.Ramp2
Invoking initialize():  .top.Test
Initializing actor: .top.Test
Adding a thread: .top.Test
-- Starting thread.
Called initialize()
Called prefire()
Called fire()
-- Starting thread.
Called initialize()
Called prefire()
Called fire()
Called postfire()
Called prefire()
Called fire()
-- Starting thread.
Called initialize()
Called prefire()
Called fire()
Called postfire()
Called prefire()
Called fire()
Called fire().
Checking for deadlock:
There are 3 Blocked actors, 0 Stopped actors, and 4 active threads.
Waiting for actors to stop.
-- Starting thread.
Called initialize()
Called prefire()
Called fire()
Checking for deadlock:
There are 2 Blocked actors, 0 Stopped actors, and 4 active threads.
Waiting for actors to stop.
Called postfire()
Called prefire()
Called fire()
Checking for deadlock:
There are 3 Blocked actors, 0 Stopped actors, and 4 active threads.
Waiting for actors to stop.
Read input token from inputA with value 0.0
Next port to read input from is inputB
Called postfire()
Called prefire()
Called fire()
Checking for deadlock:
There are 2 Blocked actors, 0 Stopped actors, and 4 active threads.
Waiting for actors to stop.
Called postfire()
Called prefire()
Called fire()
Checking for deadlock:
There are 3 Blocked actors, 0 Stopped actors, and 4 active threads.
Waiting for actors to stop.
Read input token from inputB with value 0.0
Checking for deadlock:
There are 2 Blocked actors, 0 Stopped actors, and 4 active threads.
Waiting for actors to stop.
-- Read input: 0.0, which is expected to match: 0.0
Called prefire()
Called fire()
Checking for deadlock:
There are 3 Blocked actors, 0 Stopped actors, and 4 active threads.
Waiting for actors to stop.
Sent output token with value 0.0
Next port to read input from is inputA
Called postfire()
Called prefire()
Called fire()
Called postfire()
Called prefire()
Called fire()
Checking for deadlock:
There are 3 Blocked actors, 0 Stopped actors, and 4 active threads.
Waiting for actors to stop.
Read input token from inputA with value 1.0
-- Read input: 0.0, which is expected to match: 0.0
Called prefire()
Called fire()
Checking for deadlock:
There are 3 Blocked actors, 0 Stopped actors, and 4 active threads.
Waiting for actors to stop.
Sent output token with value 0.0
Next port to read input from is inputB
Called postfire()
Called prefire()
Called fire()
Checking for deadlock:
There are 2 Blocked actors, 0 Stopped actors, and 4 active threads.
Waiting for actors to stop.
Called postfire()
Called prefire()
Called fire()
Checking for deadlock:
There are 3 Blocked actors, 0 Stopped actors, and 4 active threads.
Waiting for actors to stop.
Read input token from inputB with value 1.5
Checking for deadlock:
There are 2 Blocked actors, 0 Stopped actors, and 4 active threads.
Waiting for actors to stop.
-- Read input: 1.0, which is expected to match: 1.0
Called prefire()
Called fire()
Checking for deadlock:
There are 3 Blocked actors, 0 Stopped actors, and 4 active threads.
Waiting for actors to stop.
Sent output token with value 1.0
Next port to read input from is inputA
Called postfire()
Called prefire()
Called fire()
Called postfire()
Called prefire()
Called fire()
Checking for deadlock:
There are 3 Blocked actors, 0 Stopped actors, and 4 active threads.
Waiting for actors to stop.
Read input token from inputA with value 2.0
-- Read input: 1.5, which is expected to match: 1.5
Called prefire()
Called fire()
Checking for deadlock:
There are 3 Blocked actors, 0 Stopped actors, and 4 active threads.
Waiting for actors to stop.
Sent output token with value 1.5
Next port to read input from is inputB
Called postfire()
Called prefire()
Called fire()
Checking for deadlock:
There are 2 Blocked actors, 0 Stopped actors, and 4 active threads.
Waiting for actors to stop.
Called postfire()
Called prefire()
Called fire()
Checking for deadlock:
There are 3 Blocked actors, 0 Stopped actors, and 4 active threads.
Waiting for actors to stop.
Read input token from inputB with value 3.0
Checking for deadlock:
There are 2 Blocked actors, 0 Stopped actors, and 4 active threads.
Waiting for actors to stop.
-- Read input: 2.0, which is expected to match: 2.0
Called prefire()
Called fire()
Checking for deadlock:
There are 3 Blocked actors, 0 Stopped actors, and 4 active threads.
Waiting for actors to stop.
Sent output token with value 2.0
Next port to read input from is inputA
Called postfire()
Called prefire()
Called fire()
Called postfire()
Called prefire()
Called fire()
Checking for deadlock:
There are 3 Blocked actors, 0 Stopped actors, and 4 active threads.
Waiting for actors to stop.
Read input token from inputA with value 3.0
-- Read input: 3.0, which is expected to match: 3.0
Called prefire()
Called fire()
Checking for deadlock:
There are 3 Blocked actors, 0 Stopped actors, and 4 active threads.
Waiting for actors to stop.
Sent output token with value 3.0
Next port to read input from is inputB
Called postfire()
Called prefire()
Called fire()
Checking for deadlock:
There are 2 Blocked actors, 0 Stopped actors, and 4 active threads.
Waiting for actors to stop.
Called postfire()
Called prefire()
Called fire()
Checking for deadlock:
There are 3 Blocked actors, 0 Stopped actors, and 4 active threads.
Waiting for actors to stop.
Read input token from inputB with value 4.5
Checking for deadlock:
There are 2 Blocked actors, 0 Stopped actors, and 4 active threads.
Waiting for actors to stop.
-- Read input: 3.0, which is expected to match: 3.0
Called prefire()
Called fire()
Checking for deadlock:
There are 3 Blocked actors, 0 Stopped actors, and 4 active threads.
Waiting for actors to stop.
Sent output token with value 3.0
Next port to read input from is inputA
Called postfire()
Called prefire()
Called fire()
Called postfire()
Called prefire()
Called fire()
Checking for deadlock:
There are 3 Blocked actors, 0 Stopped actors, and 4 active threads.
Waiting for actors to stop.
Read input token from inputA with value 4.0
-- Read input: 4.0, which is expected to match: 4.0
Called prefire()
Called fire()
Past the end of training data. Read and discard all inputs.
Checking for deadlock:
There are 3 Blocked actors, 0 Stopped actors, and 4 active threads.
Waiting for actors to stop.
Sent output token with value 4.0
Next port to read input from is inputA
Called postfire()
Called prefire()
Called fire()
Called postfire()
Called prefire()
Called fire()
Checking for deadlock:
There are 3 Blocked actors, 0 Stopped actors, and 4 active threads.
Waiting for actors to stop.
Read input token from inputA with value 5.0
Called prefire()
Called fire()
Past the end of training data. Read and discard all inputs.
Checking for deadlock:
There are 3 Blocked actors, 0 Stopped actors, and 4 active threads.
Waiting for actors to stop.
Sent output token with value 4.5
Next port to read input from is inputB
Called postfire()
Called prefire()
Called fire()
Checking for deadlock:
There are 2 Blocked actors, 0 Stopped actors, and 4 active threads.
Waiting for actors to stop.
Called postfire()
Called prefire()
Called fire()
Checking for deadlock:
There are 3 Blocked actors, 0 Stopped actors, and 4 active threads.
Waiting for actors to stop.
Read input token from inputB with value 6.0
Checking for deadlock:
There are 2 Blocked actors, 0 Stopped actors, and 4 active threads.
Waiting for actors to stop.
Called prefire()
Called fire()
Past the end of training data. Read and discard all inputs.
Checking for deadlock:
There are 3 Blocked actors, 0 Stopped actors, and 4 active threads.
Waiting for actors to stop.
Sent output token with value 5.0
Next port to read input from is inputA
Called postfire()
Called prefire()
Called fire()
Called postfire()
Called prefire()
Called fire()
Checking for deadlock:
There are 3 Blocked actors, 0 Stopped actors, and 4 active threads.
Waiting for actors to stop.
Read input token from inputA with value 6.0
Called prefire()
Called fire()
Past the end of training data. Read and discard all inputs.
Checking for deadlock:
There are 3 Blocked actors, 0 Stopped actors, and 4 active threads.
Waiting for actors to stop.
Sent output token with value 6.0
Next port to read input from is inputB
Called postfire()
Called prefire()
Called fire()
Checking for deadlock:
There are 2 Blocked actors, 0 Stopped actors, and 4 active threads.
Waiting for actors to stop.
Called postfire()
Called prefire()
Called fire()
Checking for deadlock:
There are 3 Blocked actors, 0 Stopped actors, and 4 active threads.
Waiting for actors to stop.
Read input token from inputB with value 7.5
Checking for deadlock:
There are 2 Blocked actors, 0 Stopped actors, and 4 active threads.
Waiting for actors to stop.
Called prefire()
Called fire()
Past the end of training data. Read and discard all inputs.
Checking for deadlock:
There are 3 Blocked actors, 0 Stopped actors, and 4 active threads.
Waiting for actors to stop.
Sent output token with value 6.0
Next port to read input from is inputA
Called postfire()
Called prefire()
Called fire()
Called postfire()
Called prefire()
Called fire()
Checking for deadlock:
There are 3 Blocked actors, 0 Stopped actors, and 4 active threads.
Waiting for actors to stop.
Read input token from inputA with value 7.0
Called prefire()
Called fire()
Past the end of training data. Read and discard all inputs.
Checking for deadlock:
There are 3 Blocked actors, 0 Stopped actors, and 4 active threads.
Waiting for actors to stop.
Sent output token with value 7.0
Next port to read input from is inputA
Called postfire()
Called prefire()
Called fire()
-- Thread wrapup() called.
Called wrapup()
Thread .top.Ramp is exiting.
-- Thread stopped.
Checking for deadlock:
There are 2 Blocked actors, 0 Stopped actors, and 3 active threads.
Waiting for actors to stop.
Read input token from inputA with value 8.0
Called prefire()
Called fire()
Past the end of training data. Read and discard all inputs.
Checking for deadlock:
There are 2 Blocked actors, 0 Stopped actors, and 3 active threads.
Waiting for actors to stop.
Sent output token with value 7.5
Next port to read input from is inputB
Called postfire()
Called prefire()
Called fire()
Checking for deadlock:
There are 1 Blocked actors, 0 Stopped actors, and 3 active threads.
Waiting for actors to stop.
Called postfire()
Called prefire()
Called fire()
Checking for deadlock:
There are 2 Blocked actors, 0 Stopped actors, and 3 active threads.
Waiting for actors to stop.
Read input token from inputB with value 9.0
Checking for deadlock:
There are 1 Blocked actors, 0 Stopped actors, and 3 active threads.
Waiting for actors to stop.
Called prefire()
Called fire()
Past the end of training data. Read and discard all inputs.
Checking for deadlock:
There are 2 Blocked actors, 0 Stopped actors, and 3 active threads.
Waiting for actors to stop.
Sent output token with value 8.0
Next port to read input from is inputA
Called postfire()
Called prefire()
Called fire()
Read input token from inputA with value 9.0
Checking for deadlock:
There are 1 Blocked actors, 0 Stopped actors, and 3 active threads.
Waiting for actors to stop.
Called prefire()
Called fire()
Past the end of training data. Read and discard all inputs.
Checking for deadlock:
There are 2 Blocked actors, 0 Stopped actors, and 3 active threads.
Waiting for actors to stop.
Sent output token with value 9.0
Next port to read input from is inputB
Called postfire()
Called prefire()
Called fire()
Checking for deadlock:
There are 1 Blocked actors, 0 Stopped actors, and 3 active threads.
Waiting for actors to stop.
Called postfire()
Called prefire()
Called fire()
Checking for deadlock:
There are 2 Blocked actors, 0 Stopped actors, and 3 active threads.
Waiting for actors to stop.
Read input token from inputB with value 10.5
Checking for deadlock:
There are 1 Blocked actors, 0 Stopped actors, and 3 active threads.
Waiting for actors to stop.
Called prefire()
Called fire()
Past the end of training data. Read and discard all inputs.
Checking for deadlock:
There are 2 Blocked actors, 0 Stopped actors, and 3 active threads.
Waiting for actors to stop.
Sent output token with value 9.0
Next port to read input from is inputA
Called postfire()
Called prefire()
Called fire()
Checking for deadlock:
There are 3 Blocked actors, 0 Stopped actors, and 3 active threads.
Actors have stopped.
Checking for deadlock:
There are 3 Blocked actors, 0 Stopped actors, and 3 active threads.
Deadlock detected.
Resolving Deadlock
Checking for deadlock:
There are 3 Blocked actors, 0 Stopped actors, and 3 active threads.
Artificial Deadlock - increasing queue capacity.
increasing the capacity of receiver ptolemy.actor.TypedIOPort {.top.OrderedMerge.inputB} to 2
Director: Called postfire().
Called postfire().
_stopRequested = false
_stopFireRequested = false
Returning from postfire(): true
Called fire().
Checking for deadlock:
There are 2 Blocked actors, 0 Stopped actors, and 3 active threads.
Waiting for actors to stop.
-- Thread wrapup() called.
Called wrapup()
Thread .top.Ramp2 is exiting.
-- Thread stopped.
Checking for deadlock:
There are 2 Blocked actors, 0 Stopped actors, and 2 active threads.
Actors have stopped.
Checking for deadlock:
There are 2 Blocked actors, 0 Stopped actors, and 2 active threads.
Deadlock detected.
Resolving Deadlock
Checking for deadlock:
There are 2 Blocked actors, 0 Stopped actors, and 2 active threads.
Deadlock detected: no processes blocked on write, but some are blocked on read.
Called postfire().
_stopRequested = false
_stopFireRequested = false
Returning from postfire(): false
Finished deactivating branches.
Called wrapup().
-- Thread wrapup() called.
Called wrapup()
Thread .top.Test is exiting.
-- Thread stopped.
-- Blocked Receiver call threw TerminateProcessException.
-- Thread wrapup() called.
Called wrapup()
Thread .top.OrderedMerge is exiting.
28 ms. Memory: 146944K Free: 104970K (71%)
.top. Preinitializing ...
Invoking preinitialize():  .top.OrderedMerge
Called preinitialize()
Invoking preinitialize():  .top.Ramp
Called preinitialize()
Invoking preinitialize():  .top.Ramp2
Called preinitialize()
Invoking preinitialize():  .top.Test
Called preinitialize()
.top. Finished preinitialize().
Called initialize().
Invoking initialize():  .top.OrderedMerge
Initializing actor: .top.OrderedMerge
Adding a thread: .top.OrderedMerge
Invoking initialize():  .top.Ramp
Initializing actor: .top.Ramp
Adding a thread: .top.Ramp
Invoking initialize():  .top.Ramp2
Initializing actor: .top.Ramp2
Adding a thread: .top.Ramp2
Invoking initialize():  .top.Test
Initializing actor: .top.Test
Adding a thread: .top.Test
-- Thread stopped.
-- Blocked Receiver call threw TerminateProcessException.
-- Starting thread.
Called initialize()
Called prefire()
Called fire()
-- Starting thread.
Called initialize()
Called prefire()
Called fire()
Called postfire()
Called prefire()
Called fire()
-- Starting thread.
Called initialize()
Called prefire()
Called fire()
Called postfire()
Called prefire()
Called fire()
Called fire().
Checking for deadlock:
There are 3 Blocked actors, 0 Stopped actors, and 4 active threads.
Waiting for actors to stop.
-- Starting thread.
Called initialize()
Called prefire()
Called fire()
Checking for deadlock:
There are 2 Blocked actors, 0 Stopped actors, and 4 active threads.
Waiting for actors to stop.
Called postfire()
Called prefire()
Called fire()
Checking for deadlock:
There are 3 Blocked actors, 0 Stopped actors, and 4 active threads.
Waiting for actors to stop.
Read input token from inputA with value 0.0
Next port to read input from is inputB
Called postfire()
Called prefire()
Called fire()
Checking for deadlock:
There are 2 Blocked actors, 0 Stopped actors, and 4 active threads.
Waiting for actors to stop.
Called postfire()
Called prefire()
Called fire()
Checking for deadlock:
There are 3 Blocked actors, 0 Stopped actors, and 4 active threads.
Waiting for actors to stop.
Read input token from inputB with value 0.0
Checking for deadlock:
There are 2 Blocked actors, 0 Stopped actors, and 4 active threads.
Waiting for actors to stop.
-- Read input: 0.0, which is expected to match: 0.0
Called prefire()
Called fire()
Sent output token with value 0.0
Checking for deadlock:
There are 3 Blocked actors, 0 Stopped actors, and 4 active threads.
Waiting for actors to stop.
Next port to read input from is inputA
Called postfire()
Called prefire()
Called fire()
Checking for deadlock:
There are 2 Blocked actors, 0 Stopped actors, and 4 active threads.
Waiting for actors to stop.
Called postfire()
Called prefire()
Read input token from inputA with value 1.0
Called fire()
Checking for deadlock:
There are 2 Blocked actors, 0 Stopped actors, and 4 active threads.
Waiting for actors to stop.
-- Read input: 0.0, which is expected to match: 0.0
Called prefire()
Called fire()
Checking for deadlock:
There are 3 Blocked actors, 0 Stopped actors, and 4 active threads.
Waiting for actors to stop.
Sent output token with value 0.0
Next port to read input from is inputB
Called postfire()
Called prefire()
Called fire()
Checking for deadlock:
There are 2 Blocked actors, 0 Stopped actors, and 4 active threads.
Read input token from inputB with value 1.5
Waiting for actors to stop.
Called postfire()
Called prefire()
Called fire()
Checking for deadlock:
There are 2 Blocked actors, 0 Stopped actors, and 4 active threads.
Waiting for actors to stop.
Sent output token with value 1.0
Next port to read input from is inputA
Called postfire()
-- Read input: 1.0, which is expected to match: 1.0
Called prefire()
Called fire()
Called prefire()
Called fire()
Checking for deadlock:
There are 2 Blocked actors, 0 Stopped actors, and 4 active threads.
Waiting for actors to stop.
Read input token from inputA with value 2.0
Called postfire()
Called prefire()
Called fire()
Checking for deadlock:
There are 3 Blocked actors, 0 Stopped actors, and 4 active threads.
Waiting for actors to stop.
Checking for deadlock:
There are 2 Blocked actors, 0 Stopped actors, and 4 active threads.
Waiting for actors to stop.
-- Read input: 1.5, which is expected to match: 1.5
Called prefire()
Called fire()
Checking for deadlock:
There are 3 Blocked actors, 0 Stopped actors, and 4 active threads.
Waiting for actors to stop.
Sent output token with value 1.5
Next port to read input from is inputB
Called postfire()
Called prefire()
Called fire()
Called postfire()
Called prefire()
Called fire()
Checking for deadlock:
There are 3 Blocked actors, 0 Stopped actors, and 4 active threads.
Waiting for actors to stop.
Read input token from inputB with value 3.0
Sent output token with value 2.0
-- Read input: 2.0, which is expected to match: 2.0
Called prefire()
Called fire()
Checking for deadlock:
There are 3 Blocked actors, 0 Stopped actors, and 4 active threads.
Waiting for actors to stop.
Next port to read input from is inputA
Called postfire()
Called prefire()
Called fire()
Called postfire()
Called prefire()
Called fire()
Checking for deadlock:
There are 3 Blocked actors, 0 Stopped actors, and 4 active threads.
Waiting for actors to stop.
Read input token from inputA with value 3.0
Sent output token with value 3.0
-- Read input: 3.0, which is expected to match: 3.0
Next port to read input from is inputB
Called postfire()
Called prefire()
Called prefire()
Called fire()
Called fire()
Checking for deadlock:
There are 3 Blocked actors, 0 Stopped actors, and 4 active threads.
Waiting for actors to stop.
Checking for deadlock:
There are 2 Blocked actors, 0 Stopped actors, and 4 active threads.
Called postfire()
Waiting for actors to stop.
Called prefire()
Called fire()
Checking for deadlock:
There are 3 Blocked actors, 0 Stopped actors, and 4 active threads.
Waiting for actors to stop.
Read input token from inputB with value 4.5
Checking for deadlock:
There are 2 Blocked actors, 0 Stopped actors, and 4 active threads.
Waiting for actors to stop.
-- Read input: 3.0, which is expected to match: 3.0
Called prefire()
Called fire()
Checking for deadlock:
There are 3 Blocked actors, 0 Stopped actors, and 4 active threads.
Waiting for actors to stop.
Sent output token with value 3.0
Next port to read input from is inputA
Called postfire()
Called prefire()
Called fire()
Called postfire()
Called prefire()
Called fire()
Checking for deadlock:
There are 3 Blocked actors, 0 Stopped actors, and 4 active threads.
Waiting for actors to stop.
Read input token from inputA with value 4.0
Sent output token with value 4.0
Next port to read input from is inputA
Called postfire()
-- Read input: 4.0, which is expected to match: 4.0
Called prefire()
Called fire()
Called prefire()
Called fire()
Past the end of training data. Read and discard all inputs.
Read input token from inputA with value 5.0
Checking for deadlock:
There are 2 Blocked actors, 0 Stopped actors, and 4 active threads.
Waiting for actors to stop.
Checking for deadlock:
There are 1 Blocked actors, 0 Stopped actors, and 4 active threads.
Waiting for actors to stop.
Sent output token with value 4.5
Called prefire()
Called fire()
Past the end of training data. Read and discard all inputs.
Next port to read input from is inputB
Called postfire()
Called prefire()
Called fire()
Called postfire()
Called prefire()
Called fire()
Read input token from inputB with value 6.0
Checking for deadlock:
There are 1 Blocked actors, 0 Stopped actors, and 4 active threads.
Sent output token with value 5.0
Waiting for actors to stop.
Called postfire()
Called prefire()
Called fire()
Called prefire()
Called fire()
Past the end of training data. Read and discard all inputs.
Checking for deadlock:
There are 3 Blocked actors, 0 Stopped actors, and 4 active threads.
Waiting for actors to stop.
Next port to read input from is inputA
Called postfire()
Called prefire()
Called fire()
Checking for deadlock:
Called postfire()
There are 2 Blocked actors, 0 Stopped actors, and 4 active threads.
Called prefire()
Waiting for actors to stop.
Called fire()
Read input token from inputA with value 6.0
Checking for deadlock:
There are 2 Blocked actors, 0 Stopped actors, and 4 active threads.
Waiting for actors to stop.
Called prefire()
Called fire()
Past the end of training data. Read and discard all inputs.
Checking for deadlock:
There are 3 Blocked actors, 0 Stopped actors, and 4 active threads.
Waiting for actors to stop.
Sent output token with value 6.0
Next port to read input from is inputB
Called postfire()
Called prefire()
Called fire()
Called postfire()
Checking for deadlock:
Called prefire()
There are 2 Blocked actors, 0 Stopped actors, and 4 active threads.
Called fire()
Waiting for actors to stop.
Checking for deadlock:
There are 3 Blocked actors, 0 Stopped actors, and 4 active threads.
Read input token from inputB with value 7.5
Waiting for actors to stop.
Checking for deadlock:
Sent output token with value 6.0
There are 2 Blocked actors, 0 Stopped actors, and 4 active threads.
Waiting for actors to stop.
Next port to read input from is inputA
Called postfire()
Called prefire()
Called fire()
Called prefire()
Past the end of training data. Read and discard all inputs.
Called fire()
Checking for deadlock:
There are 3 Blocked actors, 0 Stopped actors, and 4 active threads.
Waiting for actors to stop.
Called postfire()
Read input token from inputA with value 7.0
Called prefire()
Called fire()
Sent output token with value 7.0
Checking for deadlock:
Next port to read input from is inputA
There are 2 Blocked actors, 0 Stopped actors, and 4 active threads.
Called postfire()
Waiting for actors to stop.
Called prefire()
Called prefire()
Called fire()
Past the end of training data. Read and discard all inputs.
Checking for deadlock:
Called fire()
There are 3 Blocked actors, 0 Stopped actors, and 4 active threads.
Waiting for actors to stop.
-- Thread wrapup() called.
Read input token from inputA with value 8.0
Called wrapup()
Thread .top.Ramp is exiting.
-- Thread stopped.
Sent output token with value 7.5
Next port to read input from is inputB
Called postfire()
Called prefire()
Called fire()
Read input token from inputB with value 9.0
Called postfire()
Called prefire()
Called fire()
Checking for deadlock:
There are 2 Blocked actors, 0 Stopped actors, and 3 active threads.
Waiting for actors to stop.
Called prefire()
Called fire()
Past the end of training data. Read and discard all inputs.
Sent output token with value 8.0
Next port to read input from is inputA
Called postfire()
Called prefire()
Called fire()
Read input token from inputA with value 9.0
Checking for deadlock:
There are 2 Blocked actors, 0 Stopped actors, and 3 active threads.
Waiting for actors to stop.
Checking for deadlock:
Called prefire()
There are 1 Blocked actors, 0 Stopped actors, and 3 active threads.
Called fire()
Waiting for actors to stop.
Past the end of training data. Read and discard all inputs.
Checking for deadlock:
There are 2 Blocked actors, 0 Stopped actors, and 3 active threads.
Waiting for actors to stop.
Checking for deadlock:
There are 1 Blocked actors, 0 Stopped actors, and 3 active threads.
Waiting for actors to stop.
Sent output token with value 9.0
Called prefire()
Called fire()
Past the end of training data. Read and discard all inputs.
Checking for deadlock:
There are 2 Blocked actors, 0 Stopped actors, and 3 active threads.
Waiting for actors to stop.
Next port to read input from is inputB
Called postfire()
Called prefire()
Called fire()
Called postfire()
Read input token from inputB with value 10.5
Called prefire()
Called fire()
Sent output token with value 9.0
Checking for deadlock:
There are 1 Blocked actors, 0 Stopped actors, and 3 active threads.
Waiting for actors to stop.
Next port to read input from is inputA
Called prefire()
Called fire()
Past the end of training data. Read and discard all inputs.
Called postfire()
Checking for deadlock:
There are 2 Blocked actors, 0 Stopped actors, and 3 active threads.
Called prefire()
Waiting for actors to stop.
Called fire()
Checking for deadlock:
There are 3 Blocked actors, 0 Stopped actors, and 3 active threads.
Actors have stopped.
Checking for deadlock:
There are 3 Blocked actors, 0 Stopped actors, and 3 active threads.
Deadlock detected.
Resolving Deadlock
Checking for deadlock:
There are 3 Blocked actors, 0 Stopped actors, and 3 active threads.
Artificial Deadlock - increasing queue capacity.
increasing the capacity of receiver ptolemy.actor.TypedIOPort {.top.OrderedMerge.inputB} to 2
Director: Called postfire().
Called postfire().
_stopRequested = false
_stopFireRequested = false
Returning from postfire(): true
Called fire().
Checking for deadlock:
There are 2 Blocked actors, 0 Stopped actors, and 3 active threads.
Waiting for actors to stop.
-- Thread wrapup() called.
Called wrapup()
Thread .top.Ramp2 is exiting.
-- Thread stopped.
Checking for deadlock:
There are 2 Blocked actors, 0 Stopped actors, and 2 active threads.
Actors have stopped.
Checking for deadlock:
There are 2 Blocked actors, 0 Stopped actors, and 2 active threads.
Deadlock detected.
Resolving Deadlock
Checking for deadlock:
There are 2 Blocked actors, 0 Stopped actors, and 2 active threads.
Deadlock detected: no processes blocked on write, but some are blocked on read.
Called postfire().
_stopRequested = false
_stopFireRequested = false
Returning from postfire(): false
Finished deactivating branches.
Called wrapup().
-- Thread wrapup() called.
Called wrapup()
Thread .top.Test is exiting.
-- Thread stopped.
-- Blocked Receiver call threw TerminateProcessException.
-- Thread wrapup() called.
Called wrapup()
Thread .top.OrderedMerge is exiting.
-- Thread stopped.
-- Blocked Receiver call threw TerminateProcessException.
40 ms. Memory: 146944K Free: 103331K (70%)
/home/travis/build/icyphy/ptII/ptolemy/actor/lib/test/Publisher.tcl
5 ms. Memory: 146944K Free: 96015K (65%)
3 ms. Memory: 146944K Free: 91195K (62%)
3 ms. Memory: 146944K Free: 86374K (59%)
3 ms. Memory: 146944K Free: 86374K (59%)
2 ms. Memory: 146944K Free: 85153K (58%)
3 ms. Memory: 146944K Free: 83948K (57%)
2 ms. Memory: 146944K Free: 83948K (57%)
2 ms. Memory: 146944K Free: 82738K (56%)
1 ms. Memory: 208384K Free: 194481K (93%)
3 ms. Memory: 208384K Free: 189666K (91%)
7 ms. Memory: 208384K Free: 189666K (91%)
1 ms. Memory: 208384K Free: 187258K (90%)
5 ms. Memory: 208384K Free: 180036K (86%)
17 ms. Memory: 208384K Free: 167999K (81%)
5 ms. Memory: 208384K Free: 155929K (75%)
/home/travis/build/icyphy/ptII/ptolemy/actor/lib/test/Pulse.tcl
4 ms. Memory: 208384K Free: 114922K (55%)
12 ms. Memory: 208384K Free: 114922K (55%)
1 ms. Memory: 208384K Free: 112515K (54%)
1 ms. Memory: 208384K Free: 112515K (54%)
4 ms. Memory: 208384K Free: 112515K (54%)
2 ms. Memory: 208384K Free: 112515K (54%)
6 ms. Memory: 208384K Free: 110107K (53%)
1 ms. Memory: 208384K Free: 110107K (53%)
1 ms. Memory: 208384K Free: 110107K (53%)
/home/travis/build/icyphy/ptII/ptolemy/actor/lib/test/Ramp.tcl
9 ms. Memory: 208384K Free: 107700K (52%)
1 ms. Memory: 208384K Free: 105276K (51%)
1 ms. Memory: 208384K Free: 105276K (51%)
9 ms. Memory: 208384K Free: 105276K (51%)
5 ms. Memory: 208384K Free: 102869K (49%)
8 ms. Memory: 208384K Free: 102869K (49%)
4 ms. Memory: 208384K Free: 102869K (49%)
5 actors
10000 microseconds per iteration to create
9 ms. Memory: 208384K Free: 100461K (48%)
2 ms. Memory: 208384K Free: 98054K (47%)
4 ms. Memory: 208384K Free: 98054K (47%)
2 ms. Memory: 208384K Free: 98054K (47%)
50 actors
29000 microseconds per iteration to create
37 ms. Memory: 208384K Free: 81154K (39%)
5 ms. Memory: 208384K Free: 81154K (39%)
5 ms. Memory: 208384K Free: 79177K (38%)
4 ms. Memory: 208384K Free: 79177K (38%)
500 actors
1301000 microseconds per iteration to create
216 ms. Memory: 332800K Free: 272583K (82%)
35 ms. Memory: 332800K Free: 267740K (80%)
36 ms. Memory: 332800K Free: 262893K (79%)
39 ms. Memory: 332800K Free: 253184K (76%)
/home/travis/build/icyphy/ptII/ptolemy/actor/lib/test/RampContinuous.tcl
6 ms. Memory: 332800K Free: 253184K (76%)
/home/travis/build/icyphy/ptII/ptolemy/actor/lib/test/RecordAssembler.tcl
4 ms. Memory: 332800K Free: 253184K (76%)
4 ms. Memory: 332800K Free: 253184K (76%)
/home/travis/build/icyphy/ptII/ptolemy/actor/lib/test/RecordDisassembler.tcl
4 ms. Memory: 332800K Free: 248341K (75%)
3 ms. Memory: 332800K Free: 248341K (75%)
5 ms. Memory: 332800K Free: 248341K (75%)
/home/travis/build/icyphy/ptII/ptolemy/actor/lib/test/Scale.tcl
2 ms. Memory: 332800K Free: 243483K (73%)
2 ms. Memory: 332800K Free: 243483K (73%)
2 ms. Memory: 332800K Free: 243483K (73%)
2 ms. Memory: 332800K Free: 243483K (73%)
2 ms. Memory: 332800K Free: 243483K (73%)
/home/travis/build/icyphy/ptII/ptolemy/actor/lib/test/SequentialClock.tcl
preinitializing
resolving types
initializing
executing number 1
wrapping up
idle
2 ms. Memory: 332800K Free: 238640K (72%)
Completed execution with 5 iterations
preinitializing
resolving types
initializing
executing number 1
wrapping up
idle
2 ms. Memory: 332800K Free: 238640K (72%)
Completed execution with 5 iterations
preinitializing
resolving types
initializing
executing number 1
wrapping up
idle
1 ms. Memory: 332800K Free: 238640K (72%)
Completed execution with 5 iterations
/home/travis/build/icyphy/ptII/ptolemy/actor/lib/test/SetVariable.tcl
4 ms. Memory: 332800K Free: 238640K (72%)
/home/travis/build/icyphy/ptII/ptolemy/actor/lib/test/Sinewave.tcl
/home/travis/build/icyphy/ptII/ptolemy/actor/lib/test/SubscriptionAggregator.tcl
4 ms. Memory: 332800K Free: 224104K (67%)
6 ms. Memory: 332800K Free: 224104K (67%)
1 ms. Memory: 332800K Free: 224104K (67%)
1 ms. Memory: 332800K Free: 224104K (67%)
1 ms. Memory: 332800K Free: 219261K (66%)
3 ms. Memory: 332800K Free: 219261K (66%)
...............................................................768 ms. Memory: 582656K Free: 423825K (73%)
/home/travis/build/icyphy/ptII/ptolemy/actor/lib/test/Test.tcl
 The next command will produce a warning about training mode,
   which may be ignored.
3 ms. Memory: 582656K Free: 414083K (71%)
1 ms. Memory: 582656K Free: 414083K (71%)
1 ms. Memory: 582656K Free: 414083K (71%)
1 ms. Memory: 582656K Free: 414083K (71%)
1 ms. Memory: 582656K Free: 414083K (71%)
2 ms. Memory: 582656K Free: 414083K (71%)
2 ms. Memory: 582656K Free: 414083K (71%)


==== $PTII/ptolemy/actor/lib/test/Test.tcl: Test-1.4.1 If fire() is not called, throw an Exception
==== Contents of test case:

    # It turns out that we can't easily do this in SDF, so we use DE

    # Create a model that has an unconnected test actor 
    set e5 [deModel 5]

    set clock5 [java::new ptolemy.actor.lib.Clock $e5 clock5]
    set test5 [java::new ptolemy.actor.lib.Test $e5 test5]
    catch {[$e5 getManager] execute} errMsg

    list [string range $errMsg 0 176]

==== Result was:
{ptolemy.kernel.util.IllegalActionException: Exception(s) thrown during wrapup:
ptolemy.kernel.util.IllegalActionException: Exceptions occurred during wrapup:
ptolemy.kernel.util}
---- Result should have been:
{ptolemy.kernel.util.IllegalActionException: Exceptions occurred during wrapup:
ptolemy.kernel.util.IllegalActionException: The fire() method of this actor was never called. Usua}
---- Test-1.4.1 FAILED
 The next command will produce a warning about training mode,
   which may be ignored.
3 ms. Memory: 582656K Free: 414083K (71%)
 The next command will produce a warning about training mode,
   which may be ignored.
2 ms. Memory: 582656K Free: 404358K (69%)
1 ms. Memory: 582656K Free: 404358K (69%)
1 ms. Memory: 582656K Free: 404358K (69%)
1 ms. Memory: 582656K Free: 404358K (69%)


==== $PTII/ptolemy/actor/lib/test/Test.tcl: Test-2.2.3 Fail the array test with insufficient data
==== Contents of test case:

    # Uses 2.2 above
    set value [getParameter $const value]
    $value setToken [java::new ptolemy.data.ArrayToken "{1.0, 2.0, 3.0}"]
   
    set correctValues [getParameter $test correctValues]
    $correctValues setExpression "{{{1.0, 2.0, 3.0}}, {{1.0, 2.0, 3.0}}, {{1.0, 2.0, 3.0}}}"
    set requireAllCorrectValues [getParameter $test requireAllCorrectValues]
    $requireAllCorrectValues setExpression "true" 
    #puts [$e22 exportMoML]
    catch {[$e22 getManager] execute} errMsg
    list $errMsg

==== Result was:
{ptolemy.kernel.util.IllegalActionException: Exception(s) thrown during wrapup:
ptolemy.kernel.util.IllegalActionException: Exceptions occurred during wrapup:
ptolemy.kernel.util.IllegalActionException: The test produced only 2 tokens, yet the correctValues parameter was expecting 3 tokens.
  in .top.test

  in .top.<Unnamed Object>
Because:
The test produced only 2 tokens, yet the correctValues parameter was expecting 3 tokens.
  in .top.test========

  in .top
Because:
Exceptions occurred during wrapup:
ptolemy.kernel.util.IllegalActionException: The test produced only 2 tokens, yet the correctValues parameter was expecting 3 tokens.
  in .top.test

  in .top.<Unnamed Object>
Because:
The test produced only 2 tokens, yet the correctValues parameter was expecting 3 tokens.
  in .top.test}
---- Result should have been:
{ptolemy.kernel.util.IllegalActionException: Exceptions occurred during wrapup:
ptolemy.kernel.util.IllegalActionException: The test produced only 2 tokens, yet the correctValues parameter was expecting 3 tokens.
  in .top.test

  in .top.<Unnamed Object>
Because:
The test produced only 2 tokens, yet the correctValues parameter was expecting 3 tokens.
  in .top.test}
@@@@@ known results is more than 7 lines long, so we run diff
1c1,13
< {ptolemy.kernel.util.IllegalActionException: Exceptions occurred during wrapup:
---
> {ptolemy.kernel.util.IllegalActionException: Exception(s) thrown during wrapup:
> ptolemy.kernel.util.IllegalActionException: Exceptions occurred during wrapup:
> ptolemy.kernel.util.IllegalActionException: The test produced only 2 tokens, yet the correctValues parameter was expecting 3 tokens.
>   in .top.test
> 
>   in .top.<Unnamed Object>
> Because:
> The test produced only 2 tokens, yet the correctValues parameter was expecting 3 tokens.
>   in .top.test========
> 
>   in .top
> Because:
> Exceptions occurred during wrapup:
@@@@@ Done running diffText
---- Test-2.2.3 FAILED
2 ms. Memory: 582656K Free: 389672K (67%)
5 ms. Memory: 582656K Free: 389672K (67%)
/home/travis/build/icyphy/ptII/ptolemy/actor/lib/test/TestExceptionHandler.tcl
 The next command will produce a warning about training mode,
   which may be ignored.
1 ms. Memory: 582656K Free: 389672K (67%)
0 ms. Memory: 582656K Free: 389672K (67%)
0 ms. Memory: 582656K Free: 389672K (67%)
/home/travis/build/icyphy/ptII/ptolemy/actor/lib/test/UnionDisassembler.tcl
20 ms. Memory: 582656K Free: 379946K (65%)
/home/travis/build/icyphy/ptII/ptolemy/actor/lib/test/VariableClock.tcl
preinitializing
resolving types
initializing
executing number 1
wrapping up
idle
8 ms. Memory: 582656K Free: 370205K (64%)
Completed execution with 11 iterations
preinitializing
resolving types
initializing
executing number 1
wrapping up
idle
8 ms. Memory: 582656K Free: 370205K (64%)
Completed execution with 10 iterations
01/15/19 03:17:00
Failed: 2  Total Tests: 234  ((Passed: 232, Newly Passed: 0)  Known Failed: 0) /home/travis/build/icyphy/ptII/ptolemy/actor/lib/test
----------------- testing (KnownFailure) /home/travis/build/icyphy/ptII/ptolemy/actor/lib/test/auto/knownFailedTests/PublisherPortToplevelSubscriber.xml
0 ms. Memory: 582656K Free: 360425K (62%)
Known Failure: java.lang.reflect.InvocationTargetException
----------------- testing (KnownFailure) /home/travis/build/icyphy/ptII/ptolemy/actor/lib/test/auto/knownFailedTests/PublisherSubscriberPortToplevel.xml
0 ms. Memory: 582656K Free: 340867K (59%)
Known Failure: java.lang.reflect.InvocationTargetException
----------------- testing (KnownFailure) /home/travis/build/icyphy/ptII/ptolemy/actor/lib/test/auto/knownFailedTests/PublisherSubscriptionAggregatorPort.xml
4 ms. Memory: 582656K Free: 321308K (55%)
Known Failure: java.lang.reflect.InvocationTargetException
----------------- testing (KnownFailure) /home/travis/build/icyphy/ptII/ptolemy/actor/lib/test/auto/knownFailedTests/sizedarray3.xml
7 ms. Memory: 582656K Free: 301750K (52%)
Known Failure: java.lang.reflect.InvocationTargetException
No auto/linux-amd64/*.xml tests in /home/travis/build/icyphy/ptII/ptolemy/actor/lib/test
AutoTests.java: About to close Vertx.
AutoTests.java: Vertx closed.

===========================================================================================
----------------- testing Tue Jan 15 03:17:01 UTC 2019 /home/travis/build/icyphy/ptII/ptolemy/actor/lib/test/auto/AbsoluteValue.xml
----------------- Instantiating /home/travis/build/icyphy/ptII/ptolemy/actor/lib/test/auto/AbsoluteValue.xml
18 ms. Memory: 582656K Free: 223622K (38%)
----------------- Invoking toplevel() on ptolemy.moml.MoMLSimpleApplication@5809849
----------------- Done invoking toplevel() on ptolemy.moml.MoMLSimpleApplication@5809849
reloadAllAccessors: .AbsoluteValue

===========================================================================================
----------------- testing Tue Jan 15 03:17:01 UTC 2019 /home/travis/build/icyphy/ptII/ptolemy/actor/lib/test/auto/AbsoluteValue2.xml
----------------- Instantiating /home/travis/build/icyphy/ptII/ptolemy/actor/lib/test/auto/AbsoluteValue2.xml
10 ms. Memory: 582656K Free: 199212K (34%)
----------------- Invoking toplevel() on ptolemy.moml.MoMLSimpleApplication@7eeb9208
----------------- Done invoking toplevel() on ptolemy.moml.MoMLSimpleApplication@7eeb9208
reloadAllAccessors: .AbsoluteValue2

===========================================================================================
----------------- testing Tue Jan 15 03:17:01 UTC 2019 /home/travis/build/icyphy/ptII/ptolemy/actor/lib/test/auto/Accumulator.xml
----------------- Instantiating /home/travis/build/icyphy/ptII/ptolemy/actor/lib/test/auto/Accumulator.xml
6 ms. Memory: 582656K Free: 189433K (33%)
----------------- Invoking toplevel() on ptolemy.moml.MoMLSimpleApplication@399d8aba
----------------- Done invoking toplevel() on ptolemy.moml.MoMLSimpleApplication@399d8aba
reloadAllAccessors: .Accumulator

===========================================================================================
----------------- testing Tue Jan 15 03:17:01 UTC 2019 /home/travis/build/icyphy/ptII/ptolemy/actor/lib/test/auto/Accumulator2.xml
----------------- Instantiating /home/travis/build/icyphy/ptII/ptolemy/actor/lib/test/auto/Accumulator2.xml
15 ms. Memory: 582656K Free: 179653K (31%)
----------------- Invoking toplevel() on ptolemy.moml.MoMLSimpleApplication@2068e2b2
----------------- Done invoking toplevel() on ptolemy.moml.MoMLSimpleApplication@2068e2b2
reloadAllAccessors: .Accumulator2

===========================================================================================
----------------- testing Tue Jan 15 03:17:01 UTC 2019 /home/travis/build/icyphy/ptII/ptolemy/actor/lib/test/auto/Accumulator3.xml
----------------- Instantiating /home/travis/build/icyphy/ptII/ptolemy/actor/lib/test/auto/Accumulator3.xml
2 ms. Memory: 582656K Free: 169874K (29%)
----------------- Invoking toplevel() on ptolemy.moml.MoMLSimpleApplication@4b7e795c
----------------- Done invoking toplevel() on ptolemy.moml.MoMLSimpleApplication@4b7e795c
reloadAllAccessors: .Accumulator3

===========================================================================================
----------------- testing Tue Jan 15 03:17:01 UTC 2019 /home/travis/build/icyphy/ptII/ptolemy/actor/lib/test/auto/ArrayAppend.xml
----------------- Instantiating /home/travis/build/icyphy/ptII/ptolemy/actor/lib/test/auto/ArrayAppend.xml
9 ms. Memory: 582656K Free: 150369K (26%)
----------------- Invoking toplevel() on ptolemy.moml.MoMLSimpleApplication@228530cd
----------------- Done invoking toplevel() on ptolemy.moml.MoMLSimpleApplication@228530cd
reloadAllAccessors: .ArrayAppend

===========================================================================================
----------------- testing Tue Jan 15 03:17:01 UTC 2019 /home/travis/build/icyphy/ptII/ptolemy/actor/lib/test/auto/ArrayAppend2.xml
----------------- Instantiating /home/travis/build/icyphy/ptII/ptolemy/actor/lib/test/auto/ArrayAppend2.xml
740 ms. Memory: 583168K Free: 532118K (91%)
----------------- Invoking toplevel() on ptolemy.moml.MoMLSimpleApplication@62f29d7d
----------------- Done invoking toplevel() on ptolemy.moml.MoMLSimpleApplication@62f29d7d
reloadAllAccessors: .ArrayAppend2

===========================================================================================
----------------- testing Tue Jan 15 03:17:02 UTC 2019 /home/travis/build/icyphy/ptII/ptolemy/actor/lib/test/auto/ArrayAppend3.xml
----------------- Instantiating /home/travis/build/icyphy/ptII/ptolemy/actor/lib/test/auto/ArrayAppend3.xml
4 ms. Memory: 583168K Free: 515162K (88%)
----------------- Invoking toplevel() on ptolemy.moml.MoMLSimpleApplication@403188e
----------------- Done invoking toplevel() on ptolemy.moml.MoMLSimpleApplication@403188e
reloadAllAccessors: .ArrayAppend3

===========================================================================================
----------------- testing Tue Jan 15 03:17:02 UTC 2019 /home/travis/build/icyphy/ptII/ptolemy/actor/lib/test/auto/ArrayAppend4.xml
----------------- Instantiating /home/travis/build/icyphy/ptII/ptolemy/actor/lib/test/auto/ArrayAppend4.xml
2 ms. Memory: 583168K Free: 508642K (87%)
----------------- Invoking toplevel() on ptolemy.moml.MoMLSimpleApplication@2cf35261
----------------- Done invoking toplevel() on ptolemy.moml.MoMLSimpleApplication@2cf35261
reloadAllAccessors: .ArrayAppend4

===========================================================================================
----------------- testing Tue Jan 15 03:17:02 UTC 2019 /home/travis/build/icyphy/ptII/ptolemy/actor/lib/test/auto/ArrayAppend5.xml
----------------- Instantiating /home/travis/build/icyphy/ptII/ptolemy/actor/lib/test/auto/ArrayAppend5.xml
2 ms. Memory: 583168K Free: 502123K (86%)
----------------- Invoking toplevel() on ptolemy.moml.MoMLSimpleApplication@268850a3
----------------- Done invoking toplevel() on ptolemy.moml.MoMLSimpleApplication@268850a3
reloadAllAccessors: .ArrayAppend5

===========================================================================================
----------------- testing Tue Jan 15 03:17:02 UTC 2019 /home/travis/build/icyphy/ptII/ptolemy/actor/lib/test/auto/ArrayAppend6.xml
----------------- Instantiating /home/travis/build/icyphy/ptII/ptolemy/actor/lib/test/auto/ArrayAppend6.xml
3 ms. Memory: 583168K Free: 487852K (84%)
----------------- Invoking toplevel() on ptolemy.moml.MoMLSimpleApplication@3b14a8f2
----------------- Done invoking toplevel() on ptolemy.moml.MoMLSimpleApplication@3b14a8f2
reloadAllAccessors: .ArrayAppend6

===========================================================================================
----------------- testing Tue Jan 15 03:17:02 UTC 2019 /home/travis/build/icyphy/ptII/ptolemy/actor/lib/test/auto/ArrayAppendPerformanceTest.xml
----------------- Instantiating /home/travis/build/icyphy/ptII/ptolemy/actor/lib/test/auto/ArrayAppendPerformanceTest.xml
19 ms. Memory: 583168K Free: 474781K (81%)
----------------- Invoking toplevel() on ptolemy.moml.MoMLSimpleApplication@6c1d5bf
----------------- Done invoking toplevel() on ptolemy.moml.MoMLSimpleApplication@6c1d5bf
reloadAllAccessors: .ArrayAppendPerformanceTest

===========================================================================================
----------------- testing Tue Jan 15 03:17:02 UTC 2019 /home/travis/build/icyphy/ptII/ptolemy/actor/lib/test/auto/ArrayAppendWithEmptyInput.xml
----------------- Instantiating /home/travis/build/icyphy/ptII/ptolemy/actor/lib/test/auto/ArrayAppendWithEmptyInput.xml
11 ms. Memory: 583168K Free: 465001K (80%)
----------------- Invoking toplevel() on ptolemy.moml.MoMLSimpleApplication@6630eb18
----------------- Done invoking toplevel() on ptolemy.moml.MoMLSimpleApplication@6630eb18
reloadAllAccessors: .ArrayAppendWithEmptyInput

===========================================================================================
----------------- testing Tue Jan 15 03:17:02 UTC 2019 /home/travis/build/icyphy/ptII/ptolemy/actor/lib/test/auto/ArrayAverage.xml
----------------- Instantiating /home/travis/build/icyphy/ptII/ptolemy/actor/lib/test/auto/ArrayAverage.xml
9 ms. Memory: 583168K Free: 455221K (78%)
----------------- Invoking toplevel() on ptolemy.moml.MoMLSimpleApplication@e3c2d87
----------------- Done invoking toplevel() on ptolemy.moml.MoMLSimpleApplication@e3c2d87
reloadAllAccessors: .ArrayAverage

===========================================================================================
----------------- testing Tue Jan 15 03:17:02 UTC 2019 /home/travis/build/icyphy/ptII/ptolemy/actor/lib/test/auto/ArrayContains.xml
----------------- Instantiating /home/travis/build/icyphy/ptII/ptolemy/actor/lib/test/auto/ArrayContains.xml
6 ms. Memory: 583168K Free: 437674K (75%)
----------------- Invoking toplevel() on ptolemy.moml.MoMLSimpleApplication@1dea358f
----------------- Done invoking toplevel() on ptolemy.moml.MoMLSimpleApplication@1dea358f
reloadAllAccessors: .ArrayContains

===========================================================================================
----------------- testing Tue Jan 15 03:17:02 UTC 2019 /home/travis/build/icyphy/ptII/ptolemy/actor/lib/test/auto/ArrayElement.xml
----------------- Instantiating /home/travis/build/icyphy/ptII/ptolemy/actor/lib/test/auto/ArrayElement.xml
8 ms. Memory: 583168K Free: 431155K (74%)
----------------- Invoking toplevel() on ptolemy.moml.MoMLSimpleApplication@68bdc99a
----------------- Done invoking toplevel() on ptolemy.moml.MoMLSimpleApplication@68bdc99a
reloadAllAccessors: .ArrayElement

===========================================================================================
----------------- testing Tue Jan 15 03:17:02 UTC 2019 /home/travis/build/icyphy/ptII/ptolemy/actor/lib/test/auto/ArrayElementAsMatrix.xml
----------------- Instantiating /home/travis/build/icyphy/ptII/ptolemy/actor/lib/test/auto/ArrayElementAsMatrix.xml
17 ms. Memory: 583168K Free: 421368K (72%)
----------------- Invoking toplevel() on ptolemy.moml.MoMLSimpleApplication@5af09bd2
----------------- Done invoking toplevel() on ptolemy.moml.MoMLSimpleApplication@5af09bd2
reloadAllAccessors: .ArrayElementAsMatrix

===========================================================================================
----------------- testing Tue Jan 15 03:17:02 UTC 2019 /home/travis/build/icyphy/ptII/ptolemy/actor/lib/test/auto/ArrayElementI.xml
----------------- Instantiating /home/travis/build/icyphy/ptII/ptolemy/actor/lib/test/auto/ArrayElementI.xml
3 ms. Memory: 583168K Free: 407096K (70%)
----------------- Invoking toplevel() on ptolemy.moml.MoMLSimpleApplication@d44f867
----------------- Done invoking toplevel() on ptolemy.moml.MoMLSimpleApplication@d44f867
reloadAllAccessors: .ArrayElementI

===========================================================================================
----------------- testing Tue Jan 15 03:17:02 UTC 2019 /home/travis/build/icyphy/ptII/ptolemy/actor/lib/test/auto/ArrayExtract.xml
----------------- Instantiating /home/travis/build/icyphy/ptII/ptolemy/actor/lib/test/auto/ArrayExtract.xml
8 ms. Memory: 583168K Free: 397301K (68%)
----------------- Invoking toplevel() on ptolemy.moml.MoMLSimpleApplication@7230946b
----------------- Done invoking toplevel() on ptolemy.moml.MoMLSimpleApplication@7230946b
reloadAllAccessors: .ArrayExtract

===========================================================================================
----------------- testing Tue Jan 15 03:17:02 UTC 2019 /home/travis/build/icyphy/ptII/ptolemy/actor/lib/test/auto/ArrayExtract2.xml
----------------- Instantiating /home/travis/build/icyphy/ptII/ptolemy/actor/lib/test/auto/ArrayExtract2.xml
1 ms. Memory: 583168K Free: 390782K (67%)
----------------- Invoking toplevel() on ptolemy.moml.MoMLSimpleApplication@31ac3938
----------------- Done invoking toplevel() on ptolemy.moml.MoMLSimpleApplication@31ac3938
reloadAllAccessors: .ArrayExtract2

===========================================================================================
----------------- testing Tue Jan 15 03:17:02 UTC 2019 /home/travis/build/icyphy/ptII/ptolemy/actor/lib/test/auto/ArrayLength.xml
----------------- Instantiating /home/travis/build/icyphy/ptII/ptolemy/actor/lib/test/auto/ArrayLength.xml
1 ms. Memory: 583168K Free: 384262K (66%)
----------------- Invoking toplevel() on ptolemy.moml.MoMLSimpleApplication@6f2e05d7
----------------- Done invoking toplevel() on ptolemy.moml.MoMLSimpleApplication@6f2e05d7
reloadAllAccessors: .ArrayLength

===========================================================================================
----------------- testing Tue Jan 15 03:17:02 UTC 2019 /home/travis/build/icyphy/ptII/ptolemy/actor/lib/test/auto/ArrayLevelCrossing.xml
----------------- Instantiating /home/travis/build/icyphy/ptII/ptolemy/actor/lib/test/auto/ArrayLevelCrossing.xml
7 ms. Memory: 583168K Free: 366731K (63%)
----------------- Invoking toplevel() on ptolemy.moml.MoMLSimpleApplication@2bce9ec2
----------------- Done invoking toplevel() on ptolemy.moml.MoMLSimpleApplication@2bce9ec2
reloadAllAccessors: .ArrayLevelCrossing

===========================================================================================
----------------- testing Tue Jan 15 03:17:02 UTC 2019 /home/travis/build/icyphy/ptII/ptolemy/actor/lib/test/auto/ArrayLevelCrossing2.xml
----------------- Instantiating /home/travis/build/icyphy/ptII/ptolemy/actor/lib/test/auto/ArrayLevelCrossing2.xml
2 ms. Memory: 583168K Free: 356936K (61%)
----------------- Invoking toplevel() on ptolemy.moml.MoMLSimpleApplication@2bf1ab5a
----------------- Done invoking toplevel() on ptolemy.moml.MoMLSimpleApplication@2bf1ab5a
reloadAllAccessors: .ArrayLevelCrossing2

===========================================================================================
----------------- testing Tue Jan 15 03:17:02 UTC 2019 /home/travis/build/icyphy/ptII/ptolemy/actor/lib/test/auto/ArrayPeakSearch.xml
----------------- Instantiating /home/travis/build/icyphy/ptII/ptolemy/actor/lib/test/auto/ArrayPeakSearch.xml
4 ms. Memory: 583168K Free: 343888K (59%)
----------------- Invoking toplevel() on ptolemy.moml.MoMLSimpleApplication@6fbe5df
----------------- Done invoking toplevel() on ptolemy.moml.MoMLSimpleApplication@6fbe5df
reloadAllAccessors: .ArrayPeakSearch

===========================================================================================
----------------- testing Tue Jan 15 03:17:02 UTC 2019 /home/travis/build/icyphy/ptII/ptolemy/actor/lib/test/auto/ArrayPeakSearch2.xml
----------------- Instantiating /home/travis/build/icyphy/ptII/ptolemy/actor/lib/test/auto/ArrayPeakSearch2.xml
4 ms. Memory: 583168K Free: 323074K (55%)
----------------- Invoking toplevel() on ptolemy.moml.MoMLSimpleApplication@34417c82
----------------- Done invoking toplevel() on ptolemy.moml.MoMLSimpleApplication@34417c82
reloadAllAccessors: .ArrayPeakSearch2

===========================================================================================
----------------- testing Tue Jan 15 03:17:03 UTC 2019 /home/travis/build/icyphy/ptII/ptolemy/actor/lib/test/auto/ArrayPeakSearch3.xml
----------------- Instantiating /home/travis/build/icyphy/ptII/ptolemy/actor/lib/test/auto/ArrayPeakSearch3.xml
3 ms. Memory: 583168K Free: 310018K (53%)
----------------- Invoking toplevel() on ptolemy.moml.MoMLSimpleApplication@11095fb9
----------------- Done invoking toplevel() on ptolemy.moml.MoMLSimpleApplication@11095fb9
reloadAllAccessors: .ArrayPeakSearch3

===========================================================================================
----------------- testing Tue Jan 15 03:17:03 UTC 2019 /home/travis/build/icyphy/ptII/ptolemy/actor/lib/test/auto/ArrayRemoveElement.xml
----------------- Instantiating /home/travis/build/icyphy/ptII/ptolemy/actor/lib/test/auto/ArrayRemoveElement.xml
3 ms. Memory: 583168K Free: 300223K (51%)
----------------- Invoking toplevel() on ptolemy.moml.MoMLSimpleApplication@42192b44
----------------- Done invoking toplevel() on ptolemy.moml.MoMLSimpleApplication@42192b44
reloadAllAccessors: .ArrayRemoveElement

===========================================================================================
----------------- testing Tue Jan 15 03:17:03 UTC 2019 /home/travis/build/icyphy/ptII/ptolemy/actor/lib/test/auto/ArraySort.xml
----------------- Instantiating /home/travis/build/icyphy/ptII/ptolemy/actor/lib/test/auto/ArraySort.xml
3 ms. Memory: 583168K Free: 287168K (49%)
----------------- Invoking toplevel() on ptolemy.moml.MoMLSimpleApplication@34f59105
----------------- Done invoking toplevel() on ptolemy.moml.MoMLSimpleApplication@34f59105
reloadAllAccessors: .ArraySort

===========================================================================================
----------------- testing Tue Jan 15 03:17:03 UTC 2019 /home/travis/build/icyphy/ptII/ptolemy/actor/lib/test/auto/ArraySum.xml
----------------- Instantiating /home/travis/build/icyphy/ptII/ptolemy/actor/lib/test/auto/ArraySum.xml
2 ms. Memory: 583168K Free: 272897K (47%)
----------------- Invoking toplevel() on ptolemy.moml.MoMLSimpleApplication@3cf861b1
----------------- Done invoking toplevel() on ptolemy.moml.MoMLSimpleApplication@3cf861b1
reloadAllAccessors: .ArraySum

===========================================================================================
----------------- testing Tue Jan 15 03:17:03 UTC 2019 /home/travis/build/icyphy/ptII/ptolemy/actor/lib/test/auto/ArrayToElements.xml
----------------- Instantiating /home/travis/build/icyphy/ptII/ptolemy/actor/lib/test/auto/ArrayToElements.xml
8 ms. Memory: 583168K Free: 263102K (45%)
----------------- Invoking toplevel() on ptolemy.moml.MoMLSimpleApplication@20d4503a
----------------- Done invoking toplevel() on ptolemy.moml.MoMLSimpleApplication@20d4503a
reloadAllAccessors: .ArrayToElements

===========================================================================================
----------------- testing Tue Jan 15 03:17:03 UTC 2019 /home/travis/build/icyphy/ptII/ptolemy/actor/lib/test/auto/ArrayToMatrix.xml
----------------- Instantiating /home/travis/build/icyphy/ptII/ptolemy/actor/lib/test/auto/ArrayToMatrix.xml
7 ms. Memory: 583168K Free: 243519K (42%)
----------------- Invoking toplevel() on ptolemy.moml.MoMLSimpleApplication@2fed7d76
----------------- Done invoking toplevel() on ptolemy.moml.MoMLSimpleApplication@2fed7d76
reloadAllAccessors: .ArrayToMatrix

===========================================================================================
----------------- testing Tue Jan 15 03:17:03 UTC 2019 /home/travis/build/icyphy/ptII/ptolemy/actor/lib/test/auto/ArrayUpdate1.xml
----------------- Instantiating /home/travis/build/icyphy/ptII/ptolemy/actor/lib/test/auto/ArrayUpdate1.xml
2 ms. Memory: 583168K Free: 229248K (39%)
----------------- Invoking toplevel() on ptolemy.moml.MoMLSimpleApplication@db1df3f
----------------- Done invoking toplevel() on ptolemy.moml.MoMLSimpleApplication@db1df3f
reloadAllAccessors: .ArrayUpdate1

===========================================================================================
----------------- testing Tue Jan 15 03:17:03 UTC 2019 /home/travis/build/icyphy/ptII/ptolemy/actor/lib/test/auto/ArrayUpdate2.xml
----------------- Instantiating /home/travis/build/icyphy/ptII/ptolemy/actor/lib/test/auto/ArrayUpdate2.xml
4 ms. Memory: 583168K Free: 219469K (38%)
----------------- Invoking toplevel() on ptolemy.moml.MoMLSimpleApplication@2beae38a
----------------- Done invoking toplevel() on ptolemy.moml.MoMLSimpleApplication@2beae38a
reloadAllAccessors: .ArrayUpdate2

===========================================================================================
----------------- testing Tue Jan 15 03:17:03 UTC 2019 /home/travis/build/icyphy/ptII/ptolemy/actor/lib/test/auto/ArrayUpdate3.xml
----------------- Instantiating /home/travis/build/icyphy/ptII/ptolemy/actor/lib/test/auto/ArrayUpdate3.xml
2 ms. Memory: 583168K Free: 212949K (37%)
----------------- Invoking toplevel() on ptolemy.moml.MoMLSimpleApplication@4a17699
----------------- Done invoking toplevel() on ptolemy.moml.MoMLSimpleApplication@4a17699
reloadAllAccessors: .ArrayUpdate3

===========================================================================================
----------------- testing Tue Jan 15 03:17:03 UTC 2019 /home/travis/build/icyphy/ptII/ptolemy/actor/lib/test/auto/Assert1.xml
----------------- Instantiating /home/travis/build/icyphy/ptII/ptolemy/actor/lib/test/auto/Assert1.xml
2 ms. Memory: 583168K Free: 206430K (35%)
----------------- Invoking toplevel() on ptolemy.moml.MoMLSimpleApplication@62cb75b3
----------------- Done invoking toplevel() on ptolemy.moml.MoMLSimpleApplication@62cb75b3
reloadAllAccessors: .Assert1

===========================================================================================
----------------- testing Tue Jan 15 03:17:03 UTC 2019 /home/travis/build/icyphy/ptII/ptolemy/actor/lib/test/auto/Assert2.xml
----------------- Instantiating /home/travis/build/icyphy/ptII/ptolemy/actor/lib/test/auto/Assert2.xml
5 ms. Memory: 583168K Free: 192158K (33%)
----------------- Invoking toplevel() on ptolemy.moml.MoMLSimpleApplication@5c0b525f
----------------- Done invoking toplevel() on ptolemy.moml.MoMLSimpleApplication@5c0b525f
reloadAllAccessors: .Assert2

===========================================================================================
----------------- testing Tue Jan 15 03:17:03 UTC 2019 /home/travis/build/icyphy/ptII/ptolemy/actor/lib/test/auto/BooleanMultiplexor.xml
----------------- Instantiating /home/travis/build/icyphy/ptII/ptolemy/actor/lib/test/auto/BooleanMultiplexor.xml
1 ms. Memory: 583168K Free: 182371K (31%)
----------------- Invoking toplevel() on ptolemy.moml.MoMLSimpleApplication@3d5bef18
----------------- Done invoking toplevel() on ptolemy.moml.MoMLSimpleApplication@3d5bef18
reloadAllAccessors: .BooleanMultiplexor

===========================================================================================
----------------- testing Tue Jan 15 03:17:03 UTC 2019 /home/travis/build/icyphy/ptII/ptolemy/actor/lib/test/auto/BooleanMultiplexor2.xml
----------------- Instantiating /home/travis/build/icyphy/ptII/ptolemy/actor/lib/test/auto/BooleanMultiplexor2.xml
15 ms. Memory: 583168K Free: 172592K (30%)
----------------- Invoking toplevel() on ptolemy.moml.MoMLSimpleApplication@2612b1c
----------------- Done invoking toplevel() on ptolemy.moml.MoMLSimpleApplication@2612b1c
reloadAllAccessors: .BooleanMultiplexor2

===========================================================================================
----------------- testing Tue Jan 15 03:17:03 UTC 2019 /home/travis/build/icyphy/ptII/ptolemy/actor/lib/test/auto/BooleanMultiplexor3.xml
----------------- Instantiating /home/travis/build/icyphy/ptII/ptolemy/actor/lib/test/auto/BooleanMultiplexor3.xml
4 ms. Memory: 583168K Free: 158321K (27%)
----------------- Invoking toplevel() on ptolemy.moml.MoMLSimpleApplication@38a01d9e
----------------- Done invoking toplevel() on ptolemy.moml.MoMLSimpleApplication@38a01d9e
reloadAllAccessors: .BooleanMultiplexor3

===========================================================================================
----------------- testing Tue Jan 15 03:17:03 UTC 2019 /home/travis/build/icyphy/ptII/ptolemy/actor/lib/test/auto/BooleanSelect.xml
----------------- Instantiating /home/travis/build/icyphy/ptII/ptolemy/actor/lib/test/auto/BooleanSelect.xml
6 ms. Memory: 583168K Free: 148542K (25%)
----------------- Invoking toplevel() on ptolemy.moml.MoMLSimpleApplication@55f8fb44
----------------- Done invoking toplevel() on ptolemy.moml.MoMLSimpleApplication@55f8fb44
reloadAllAccessors: .BooleanSelect

===========================================================================================
----------------- testing Tue Jan 15 03:17:03 UTC 2019 /home/travis/build/icyphy/ptII/ptolemy/actor/lib/test/auto/BooleanSelect2.xml
----------------- Instantiating /home/travis/build/icyphy/ptII/ptolemy/actor/lib/test/auto/BooleanSelect2.xml
1 ms. Memory: 583168K Free: 142022K (24%)
----------------- Invoking toplevel() on ptolemy.moml.MoMLSimpleApplication@6c37b49b
----------------- Done invoking toplevel() on ptolemy.moml.MoMLSimpleApplication@6c37b49b
reloadAllAccessors: .BooleanSelect2

===========================================================================================
----------------- testing Tue Jan 15 03:17:03 UTC 2019 /home/travis/build/icyphy/ptII/ptolemy/actor/lib/test/auto/BooleanSwitch.xml
----------------- Instantiating /home/travis/build/icyphy/ptII/ptolemy/actor/lib/test/auto/BooleanSwitch.xml
4 ms. Memory: 583168K Free: 132227K (23%)
----------------- Invoking toplevel() on ptolemy.moml.MoMLSimpleApplication@4bf50f73
----------------- Done invoking toplevel() on ptolemy.moml.MoMLSimpleApplication@4bf50f73
reloadAllAccessors: .BooleanSwitch

===========================================================================================
----------------- testing Tue Jan 15 03:17:03 UTC 2019 /home/travis/build/icyphy/ptII/ptolemy/actor/lib/test/auto/BooleanSwitch2.xml
----------------- Instantiating /home/travis/build/icyphy/ptII/ptolemy/actor/lib/test/auto/BooleanSwitch2.xml
1 ms. Memory: 583168K Free: 117955K (20%)
----------------- Invoking toplevel() on ptolemy.moml.MoMLSimpleApplication@45e3856
----------------- Done invoking toplevel() on ptolemy.moml.MoMLSimpleApplication@45e3856
reloadAllAccessors: .BooleanSwitch2

===========================================================================================
----------------- testing Tue Jan 15 03:17:03 UTC 2019 /home/travis/build/icyphy/ptII/ptolemy/actor/lib/test/auto/BooleanSwitchCloningBugWithClassRelationGroup.xml
----------------- Instantiating /home/travis/build/icyphy/ptII/ptolemy/actor/lib/test/auto/BooleanSwitchCloningBugWithClassRelationGroup.xml
2 ms. Memory: 583168K Free: 108160K (19%)
----------------- Invoking toplevel() on ptolemy.moml.MoMLSimpleApplication@29a1a1fc
----------------- Done invoking toplevel() on ptolemy.moml.MoMLSimpleApplication@29a1a1fc
reloadAllAccessors: .BooleanSwitchCloningBugWithClassRelationGroup

===========================================================================================
----------------- testing Tue Jan 15 03:17:03 UTC 2019 /home/travis/build/icyphy/ptII/ptolemy/actor/lib/test/auto/BusActors.xml
----------------- Instantiating /home/travis/build/icyphy/ptII/ptolemy/actor/lib/test/auto/BusActors.xml
3 ms. Memory: 583168K Free: 98381K (17%)
----------------- Invoking toplevel() on ptolemy.moml.MoMLSimpleApplication@114cc219
----------------- Done invoking toplevel() on ptolemy.moml.MoMLSimpleApplication@114cc219
reloadAllAccessors: .BusActors

===========================================================================================
----------------- testing Tue Jan 15 03:17:03 UTC 2019 /home/travis/build/icyphy/ptII/ptolemy/actor/lib/test/auto/ClassWrapper.xml
----------------- Instantiating /home/travis/build/icyphy/ptII/ptolemy/actor/lib/test/auto/ClassWrapper.xml
2 ms. Memory: 583168K Free: 84110K (14%)
----------------- Invoking toplevel() on ptolemy.moml.MoMLSimpleApplication@1e8e4c58
----------------- Done invoking toplevel() on ptolemy.moml.MoMLSimpleApplication@1e8e4c58
reloadAllAccessors: .ClassWrapper

===========================================================================================
----------------- testing Tue Jan 15 03:17:03 UTC 2019 /home/travis/build/icyphy/ptII/ptolemy/actor/lib/test/auto/Clock.xml
----------------- Instantiating /home/travis/build/icyphy/ptII/ptolemy/actor/lib/test/auto/Clock.xml
3 ms. Memory: 583168K Free: 77590K (13%)
----------------- Invoking toplevel() on ptolemy.moml.MoMLSimpleApplication@5b2eaae8
----------------- Done invoking toplevel() on ptolemy.moml.MoMLSimpleApplication@5b2eaae8
reloadAllAccessors: .Clock

===========================================================================================
----------------- testing Tue Jan 15 03:17:03 UTC 2019 /home/travis/build/icyphy/ptII/ptolemy/actor/lib/test/auto/Clock10.xml
----------------- Instantiating /home/travis/build/icyphy/ptII/ptolemy/actor/lib/test/auto/Clock10.xml
6 ms. Memory: 583168K Free: 67810K (12%)
----------------- Invoking toplevel() on ptolemy.moml.MoMLSimpleApplication@493b760
----------------- Done invoking toplevel() on ptolemy.moml.MoMLSimpleApplication@493b760
reloadAllAccessors: .Clock10

===========================================================================================
----------------- testing Tue Jan 15 03:17:03 UTC 2019 /home/travis/build/icyphy/ptII/ptolemy/actor/lib/test/auto/Clock11.xml
----------------- Instantiating /home/travis/build/icyphy/ptII/ptolemy/actor/lib/test/auto/Clock11.xml
5 ms. Memory: 583168K Free: 58031K (10%)
----------------- Invoking toplevel() on ptolemy.moml.MoMLSimpleApplication@57b5f006
----------------- Done invoking toplevel() on ptolemy.moml.MoMLSimpleApplication@57b5f006
reloadAllAccessors: .Clock11

===========================================================================================
----------------- testing Tue Jan 15 03:17:03 UTC 2019 /home/travis/build/icyphy/ptII/ptolemy/actor/lib/test/auto/Clock12.xml
----------------- Instantiating /home/travis/build/icyphy/ptII/ptolemy/actor/lib/test/auto/Clock12.xml
5 ms. Memory: 881664K Free: 830811K (94%)
----------------- Invoking toplevel() on ptolemy.moml.MoMLSimpleApplication@42180527
----------------- Done invoking toplevel() on ptolemy.moml.MoMLSimpleApplication@42180527
reloadAllAccessors: .Clock12

===========================================================================================
----------------- testing Tue Jan 15 03:17:03 UTC 2019 /home/travis/build/icyphy/ptII/ptolemy/actor/lib/test/auto/Clock13.xml
----------------- Instantiating /home/travis/build/icyphy/ptII/ptolemy/actor/lib/test/auto/Clock13.xml
8 ms. Memory: 881664K Free: 811161K (92%)
----------------- Invoking toplevel() on ptolemy.moml.MoMLSimpleApplication@6de2dbe9
----------------- Done invoking toplevel() on ptolemy.moml.MoMLSimpleApplication@6de2dbe9
reloadAllAccessors: .Clock13

===========================================================================================
----------------- testing Tue Jan 15 03:17:03 UTC 2019 /home/travis/build/icyphy/ptII/ptolemy/actor/lib/test/auto/Clock14.xml
----------------- Instantiating /home/travis/build/icyphy/ptII/ptolemy/actor/lib/test/auto/Clock14.xml
5 ms. Memory: 881664K Free: 800480K (91%)
----------------- Invoking toplevel() on ptolemy.moml.MoMLSimpleApplication@3438f50
----------------- Done invoking toplevel() on ptolemy.moml.MoMLSimpleApplication@3438f50
reloadAllAccessors: .Clock14

===========================================================================================
----------------- testing Tue Jan 15 03:17:03 UTC 2019 /home/travis/build/icyphy/ptII/ptolemy/actor/lib/test/auto/Clock15.xml
----------------- Instantiating /home/travis/build/icyphy/ptII/ptolemy/actor/lib/test/auto/Clock15.xml
5 ms. Memory: 881664K Free: 790049K (90%)
----------------- Invoking toplevel() on ptolemy.moml.MoMLSimpleApplication@62d8e144
----------------- Done invoking toplevel() on ptolemy.moml.MoMLSimpleApplication@62d8e144
reloadAllAccessors: .Clock15

===========================================================================================
----------------- testing Tue Jan 15 03:17:03 UTC 2019 /home/travis/build/icyphy/ptII/ptolemy/actor/lib/test/auto/Clock16.xml
----------------- Instantiating /home/travis/build/icyphy/ptII/ptolemy/actor/lib/test/auto/Clock16.xml
13 ms. Memory: 881664K Free: 769155K (87%)
----------------- Invoking toplevel() on ptolemy.moml.MoMLSimpleApplication@4d61a422
----------------- Done invoking toplevel() on ptolemy.moml.MoMLSimpleApplication@4d61a422
reloadAllAccessors: .Clock16

===========================================================================================
----------------- testing Tue Jan 15 03:17:03 UTC 2019 /home/travis/build/icyphy/ptII/ptolemy/actor/lib/test/auto/Clock17.xml
----------------- Instantiating /home/travis/build/icyphy/ptII/ptolemy/actor/lib/test/auto/Clock17.xml
9 ms. Memory: 881664K Free: 744289K (84%)
----------------- Invoking toplevel() on ptolemy.moml.MoMLSimpleApplication@306194ab
----------------- Done invoking toplevel() on ptolemy.moml.MoMLSimpleApplication@306194ab
reloadAllAccessors: .Clock17

===========================================================================================
----------------- testing Tue Jan 15 03:17:03 UTC 2019 /home/travis/build/icyphy/ptII/ptolemy/actor/lib/test/auto/Clock18.xml
----------------- Instantiating /home/travis/build/icyphy/ptII/ptolemy/actor/lib/test/auto/Clock18.xml
22 ms. Memory: 881664K Free: 728627K (83%)
----------------- Invoking toplevel() on ptolemy.moml.MoMLSimpleApplication@3f792b35
----------------- Done invoking toplevel() on ptolemy.moml.MoMLSimpleApplication@3f792b35
reloadAllAccessors: .Clock18

===========================================================================================
----------------- testing Tue Jan 15 03:17:04 UTC 2019 /home/travis/build/icyphy/ptII/ptolemy/actor/lib/test/auto/Clock19.xml
----------------- Instantiating /home/travis/build/icyphy/ptII/ptolemy/actor/lib/test/auto/Clock19.xml
14 ms. Memory: 881664K Free: 712964K (81%)
----------------- Invoking toplevel() on ptolemy.moml.MoMLSimpleApplication@7ba1dcc4
----------------- Done invoking toplevel() on ptolemy.moml.MoMLSimpleApplication@7ba1dcc4
reloadAllAccessors: .Clock19

===========================================================================================
----------------- testing Tue Jan 15 03:17:04 UTC 2019 /home/travis/build/icyphy/ptII/ptolemy/actor/lib/test/auto/Clock2.xml
----------------- Instantiating /home/travis/build/icyphy/ptII/ptolemy/actor/lib/test/auto/Clock2.xml
8 ms. Memory: 881664K Free: 702533K (80%)
----------------- Invoking toplevel() on ptolemy.moml.MoMLSimpleApplication@264483c4
----------------- Done invoking toplevel() on ptolemy.moml.MoMLSimpleApplication@264483c4
reloadAllAccessors: .Clock2

===========================================================================================
----------------- testing Tue Jan 15 03:17:04 UTC 2019 /home/travis/build/icyphy/ptII/ptolemy/actor/lib/test/auto/Clock20.xml
----------------- Instantiating /home/travis/build/icyphy/ptII/ptolemy/actor/lib/test/auto/Clock20.xml
6 ms. Memory: 881664K Free: 682883K (77%)
----------------- Invoking toplevel() on ptolemy.moml.MoMLSimpleApplication@725d912f
----------------- Done invoking toplevel() on ptolemy.moml.MoMLSimpleApplication@725d912f
reloadAllAccessors: .Clock20

===========================================================================================
----------------- testing Tue Jan 15 03:17:04 UTC 2019 /home/travis/build/icyphy/ptII/ptolemy/actor/lib/test/auto/Clock21.xml
----------------- Instantiating /home/travis/build/icyphy/ptII/ptolemy/actor/lib/test/auto/Clock21.xml
9 ms. Memory: 881664K Free: 672452K (76%)
----------------- Invoking toplevel() on ptolemy.moml.MoMLSimpleApplication@29f5b489
----------------- Done invoking toplevel() on ptolemy.moml.MoMLSimpleApplication@29f5b489
reloadAllAccessors: .Clock21

===========================================================================================
----------------- testing Tue Jan 15 03:17:04 UTC 2019 /home/travis/build/icyphy/ptII/ptolemy/actor/lib/test/auto/Clock22.xml
----------------- Instantiating /home/travis/build/icyphy/ptII/ptolemy/actor/lib/test/auto/Clock22.xml
8 ms. Memory: 881664K Free: 662021K (75%)
----------------- Invoking toplevel() on ptolemy.moml.MoMLSimpleApplication@48d32b78
----------------- Done invoking toplevel() on ptolemy.moml.MoMLSimpleApplication@48d32b78
reloadAllAccessors: .Clock22

===========================================================================================
----------------- testing Tue Jan 15 03:17:04 UTC 2019 /home/travis/build/icyphy/ptII/ptolemy/actor/lib/test/auto/Clock23.xml
----------------- Instantiating /home/travis/build/icyphy/ptII/ptolemy/actor/lib/test/auto/Clock23.xml
5 ms. Memory: 881664K Free: 651590K (74%)
----------------- Invoking toplevel() on ptolemy.moml.MoMLSimpleApplication@5c46108e
----------------- Done invoking toplevel() on ptolemy.moml.MoMLSimpleApplication@5c46108e
reloadAllAccessors: .Clock23

===========================================================================================
----------------- testing Tue Jan 15 03:17:04 UTC 2019 /home/travis/build/icyphy/ptII/ptolemy/actor/lib/test/auto/Clock24.xml
----------------- Instantiating /home/travis/build/icyphy/ptII/ptolemy/actor/lib/test/auto/Clock24.xml
6 ms. Memory: 881664K Free: 631940K (72%)
----------------- Invoking toplevel() on ptolemy.moml.MoMLSimpleApplication@4fcb1e28
----------------- Done invoking toplevel() on ptolemy.moml.MoMLSimpleApplication@4fcb1e28
reloadAllAccessors: .Clock24

===========================================================================================
----------------- testing Tue Jan 15 03:17:04 UTC 2019 /home/travis/build/icyphy/ptII/ptolemy/actor/lib/test/auto/Clock4.xml
----------------- Instantiating /home/travis/build/icyphy/ptII/ptolemy/actor/lib/test/auto/Clock4.xml
6 ms. Memory: 881664K Free: 621509K (70%)
----------------- Invoking toplevel() on ptolemy.moml.MoMLSimpleApplication@5042c9ca
----------------- Done invoking toplevel() on ptolemy.moml.MoMLSimpleApplication@5042c9ca
reloadAllAccessors: .Clock4

===========================================================================================
----------------- testing Tue Jan 15 03:17:04 UTC 2019 /home/travis/build/icyphy/ptII/ptolemy/actor/lib/test/auto/Clock5.xml
----------------- Instantiating /home/travis/build/icyphy/ptII/ptolemy/actor/lib/test/auto/Clock5.xml
2 ms. Memory: 881664K Free: 611078K (69%)
----------------- Invoking toplevel() on ptolemy.moml.MoMLSimpleApplication@24ecf191
----------------- Done invoking toplevel() on ptolemy.moml.MoMLSimpleApplication@24ecf191
reloadAllAccessors: .Clock5

===========================================================================================
----------------- testing Tue Jan 15 03:17:04 UTC 2019 /home/travis/build/icyphy/ptII/ptolemy/actor/lib/test/auto/Clock6.xml
----------------- Instantiating /home/travis/build/icyphy/ptII/ptolemy/actor/lib/test/auto/Clock6.xml
1 ms. Memory: 881664K Free: 600647K (68%)
----------------- Invoking toplevel() on ptolemy.moml.MoMLSimpleApplication@21c98eef
----------------- Done invoking toplevel() on ptolemy.moml.MoMLSimpleApplication@21c98eef
reloadAllAccessors: .Clock6

===========================================================================================
----------------- testing Tue Jan 15 03:17:04 UTC 2019 /home/travis/build/icyphy/ptII/ptolemy/actor/lib/test/auto/Clock7.xml
----------------- Instantiating /home/travis/build/icyphy/ptII/ptolemy/actor/lib/test/auto/Clock7.xml
2 ms. Memory: 881664K Free: 580997K (66%)
----------------- Invoking toplevel() on ptolemy.moml.MoMLSimpleApplication@325ba81f
----------------- Done invoking toplevel() on ptolemy.moml.MoMLSimpleApplication@325ba81f
reloadAllAccessors: .Clock7

===========================================================================================
----------------- testing Tue Jan 15 03:17:04 UTC 2019 /home/travis/build/icyphy/ptII/ptolemy/actor/lib/test/auto/Clock8.xml
----------------- Instantiating /home/travis/build/icyphy/ptII/ptolemy/actor/lib/test/auto/Clock8.xml
7 ms. Memory: 881664K Free: 570566K (65%)
----------------- Invoking toplevel() on ptolemy.moml.MoMLSimpleApplication@4d50802f
----------------- Done invoking toplevel() on ptolemy.moml.MoMLSimpleApplication@4d50802f
reloadAllAccessors: .Clock8

===========================================================================================
----------------- testing Tue Jan 15 03:17:04 UTC 2019 /home/travis/build/icyphy/ptII/ptolemy/actor/lib/test/auto/Clock9.xml
----------------- Instantiating /home/travis/build/icyphy/ptII/ptolemy/actor/lib/test/auto/Clock9.xml
6 ms. Memory: 881664K Free: 560135K (64%)
----------------- Invoking toplevel() on ptolemy.moml.MoMLSimpleApplication@2439c6ca
----------------- Done invoking toplevel() on ptolemy.moml.MoMLSimpleApplication@2439c6ca
reloadAllAccessors: .Clock9

===========================================================================================
----------------- testing Tue Jan 15 03:17:04 UTC 2019 /home/travis/build/icyphy/ptII/ptolemy/actor/lib/test/auto/CommDistDiscard.xml
----------------- Instantiating /home/travis/build/icyphy/ptII/ptolemy/actor/lib/test/auto/CommDistDiscard.xml
3 ms. Memory: 881664K Free: 549703K (62%)
----------------- Invoking toplevel() on ptolemy.moml.MoMLSimpleApplication@6d76a549
----------------- Done invoking toplevel() on ptolemy.moml.MoMLSimpleApplication@6d76a549
reloadAllAccessors: .CommDistDiscard

===========================================================================================
----------------- testing Tue Jan 15 03:17:04 UTC 2019 /home/travis/build/icyphy/ptII/ptolemy/actor/lib/test/auto/Commutator.xml
----------------- Instantiating /home/travis/build/icyphy/ptII/ptolemy/actor/lib/test/auto/Commutator.xml
1 ms. Memory: 881664K Free: 530053K (60%)
----------------- Invoking toplevel() on ptolemy.moml.MoMLSimpleApplication@27547a6a
----------------- Done invoking toplevel() on ptolemy.moml.MoMLSimpleApplication@27547a6a
reloadAllAccessors: .Commutator

===========================================================================================
----------------- testing Tue Jan 15 03:17:04 UTC 2019 /home/travis/build/icyphy/ptII/ptolemy/actor/lib/test/auto/Commutator2.xml
----------------- Instantiating /home/travis/build/icyphy/ptII/ptolemy/actor/lib/test/auto/Commutator2.xml
2 ms. Memory: 881664K Free: 519622K (59%)
----------------- Invoking toplevel() on ptolemy.moml.MoMLSimpleApplication@31127dee
----------------- Done invoking toplevel() on ptolemy.moml.MoMLSimpleApplication@31127dee
reloadAllAccessors: .Commutator2

===========================================================================================
----------------- testing Tue Jan 15 03:17:04 UTC 2019 /home/travis/build/icyphy/ptII/ptolemy/actor/lib/test/auto/Commutator3.xml
----------------- Instantiating /home/travis/build/icyphy/ptII/ptolemy/actor/lib/test/auto/Commutator3.xml
1 ms. Memory: 881664K Free: 509191K (58%)
----------------- Invoking toplevel() on ptolemy.moml.MoMLSimpleApplication@6c60c05a
----------------- Done invoking toplevel() on ptolemy.moml.MoMLSimpleApplication@6c60c05a
reloadAllAccessors: .Commutator3

===========================================================================================
----------------- testing Tue Jan 15 03:17:04 UTC 2019 /home/travis/build/icyphy/ptII/ptolemy/actor/lib/test/auto/Compare.xml
----------------- Instantiating /home/travis/build/icyphy/ptII/ptolemy/actor/lib/test/auto/Compare.xml
2 ms. Memory: 881664K Free: 498760K (57%)
----------------- Invoking toplevel() on ptolemy.moml.MoMLSimpleApplication@43b4ac84
----------------- Done invoking toplevel() on ptolemy.moml.MoMLSimpleApplication@43b4ac84
reloadAllAccessors: .Compare

===========================================================================================
----------------- testing Tue Jan 15 03:17:04 UTC 2019 /home/travis/build/icyphy/ptII/ptolemy/actor/lib/test/auto/CompareDE.xml
----------------- Instantiating /home/travis/build/icyphy/ptII/ptolemy/actor/lib/test/auto/CompareDE.xml
4 ms. Memory: 881664K Free: 479110K (54%)
----------------- Invoking toplevel() on ptolemy.moml.MoMLSimpleApplication@655ac436
----------------- Done invoking toplevel() on ptolemy.moml.MoMLSimpleApplication@655ac436
reloadAllAccessors: .CompareDE

===========================================================================================
----------------- testing Tue Jan 15 03:17:04 UTC 2019 /home/travis/build/icyphy/ptII/ptolemy/actor/lib/test/auto/ComplexDivide.xml
----------------- Instantiating /home/travis/build/icyphy/ptII/ptolemy/actor/lib/test/auto/ComplexDivide.xml
2 ms. Memory: 881664K Free: 468679K (53%)
----------------- Invoking toplevel() on ptolemy.moml.MoMLSimpleApplication@5f3a25f6
----------------- Done invoking toplevel() on ptolemy.moml.MoMLSimpleApplication@5f3a25f6
reloadAllAccessors: .ComplexDivide

===========================================================================================
----------------- testing Tue Jan 15 03:17:04 UTC 2019 /home/travis/build/icyphy/ptII/ptolemy/actor/lib/test/auto/ComputeHistogram.xml
----------------- Instantiating /home/travis/build/icyphy/ptII/ptolemy/actor/lib/test/auto/ComputeHistogram.xml
34 ms. Memory: 881664K Free: 453032K (51%)
----------------- Invoking toplevel() on ptolemy.moml.MoMLSimpleApplication@2bf32d6e
----------------- Done invoking toplevel() on ptolemy.moml.MoMLSimpleApplication@2bf32d6e
reloadAllAccessors: .ComputeHistogram

===========================================================================================
----------------- testing Tue Jan 15 03:17:04 UTC 2019 /home/travis/build/icyphy/ptII/ptolemy/actor/lib/test/auto/ConfigurationSelect.xml
----------------- Instantiating /home/travis/build/icyphy/ptII/ptolemy/actor/lib/test/auto/ConfigurationSelect.xml
4 ms. Memory: 881664K Free: 442601K (50%)
----------------- Invoking toplevel() on ptolemy.moml.MoMLSimpleApplication@6383030d
----------------- Done invoking toplevel() on ptolemy.moml.MoMLSimpleApplication@6383030d
reloadAllAccessors: .ConfigurationSelect

===========================================================================================
----------------- testing Tue Jan 15 03:17:04 UTC 2019 /home/travis/build/icyphy/ptII/ptolemy/actor/lib/test/auto/ConfigurationSelect2.xml
----------------- Instantiating /home/travis/build/icyphy/ptII/ptolemy/actor/lib/test/auto/ConfigurationSelect2.xml
2 ms. Memory: 881664K Free: 422952K (48%)
----------------- Invoking toplevel() on ptolemy.moml.MoMLSimpleApplication@7f6a3566
----------------- Done invoking toplevel() on ptolemy.moml.MoMLSimpleApplication@7f6a3566
reloadAllAccessors: .ConfigurationSelect2

===========================================================================================
----------------- testing Tue Jan 15 03:17:04 UTC 2019 /home/travis/build/icyphy/ptII/ptolemy/actor/lib/test/auto/ConfigurationSwitch.xml
----------------- Instantiating /home/travis/build/icyphy/ptII/ptolemy/actor/lib/test/auto/ConfigurationSwitch.xml
1 ms. Memory: 881664K Free: 412521K (47%)
----------------- Invoking toplevel() on ptolemy.moml.MoMLSimpleApplication@30a38f17
----------------- Done invoking toplevel() on ptolemy.moml.MoMLSimpleApplication@30a38f17
reloadAllAccessors: .ConfigurationSwitch

===========================================================================================
----------------- testing Tue Jan 15 03:17:04 UTC 2019 /home/travis/build/icyphy/ptII/ptolemy/actor/lib/test/auto/ConfigurationSwitch2.xml
----------------- Instantiating /home/travis/build/icyphy/ptII/ptolemy/actor/lib/test/auto/ConfigurationSwitch2.xml
2 ms. Memory: 881664K Free: 402089K (46%)
----------------- Invoking toplevel() on ptolemy.moml.MoMLSimpleApplication@69cd111a
----------------- Done invoking toplevel() on ptolemy.moml.MoMLSimpleApplication@69cd111a
reloadAllAccessors: .ConfigurationSwitch2

===========================================================================================
----------------- testing Tue Jan 15 03:17:04 UTC 2019 /home/travis/build/icyphy/ptII/ptolemy/actor/lib/test/auto/ConfigurationSwitchCloningBugWithClassRelationGroup.xml
----------------- Instantiating /home/travis/build/icyphy/ptII/ptolemy/actor/lib/test/auto/ConfigurationSwitchCloningBugWithClassRelationGroup.xml
1 ms. Memory: 881664K Free: 391658K (44%)
----------------- Invoking toplevel() on ptolemy.moml.MoMLSimpleApplication@2e3ca51c
----------------- Done invoking toplevel() on ptolemy.moml.MoMLSimpleApplication@2e3ca51c
reloadAllAccessors: .ConfigurationSwitchCloningBugWithClassRelationGroup

===========================================================================================
----------------- testing Tue Jan 15 03:17:04 UTC 2019 /home/travis/build/icyphy/ptII/ptolemy/actor/lib/test/auto/ConfigurationSwitchSelectSDF.xml
----------------- Instantiating /home/travis/build/icyphy/ptII/ptolemy/actor/lib/test/auto/ConfigurationSwitchSelectSDF.xml
2 ms. Memory: 881664K Free: 372009K (42%)
----------------- Invoking toplevel() on ptolemy.moml.MoMLSimpleApplication@3c286959
----------------- Done invoking toplevel() on ptolemy.moml.MoMLSimpleApplication@3c286959
reloadAllAccessors: .ConfigurationSwitchSelectSDF

===========================================================================================
----------------- testing Tue Jan 15 03:17:04 UTC 2019 /home/travis/build/icyphy/ptII/ptolemy/actor/lib/test/auto/ConfigurationSwitchSelectSDF2.xml
----------------- Instantiating /home/travis/build/icyphy/ptII/ptolemy/actor/lib/test/auto/ConfigurationSwitchSelectSDF2.xml
7 ms. Memory: 881664K Free: 361577K (41%)
----------------- Invoking toplevel() on ptolemy.moml.MoMLSimpleApplication@61742972
----------------- Done invoking toplevel() on ptolemy.moml.MoMLSimpleApplication@61742972
reloadAllAccessors: .ConfigurationSwitchSelectSDF2

===========================================================================================
----------------- testing Tue Jan 15 03:17:04 UTC 2019 /home/travis/build/icyphy/ptII/ptolemy/actor/lib/test/auto/Const.xml
----------------- Instantiating /home/travis/build/icyphy/ptII/ptolemy/actor/lib/test/auto/Const.xml
1 ms. Memory: 881664K Free: 351146K (40%)
----------------- Invoking toplevel() on ptolemy.moml.MoMLSimpleApplication@6906e513
----------------- Done invoking toplevel() on ptolemy.moml.MoMLSimpleApplication@6906e513
reloadAllAccessors: .Const

===========================================================================================
----------------- testing Tue Jan 15 03:17:04 UTC 2019 /home/travis/build/icyphy/ptII/ptolemy/actor/lib/test/auto/Const2.xml
----------------- Instantiating /home/travis/build/icyphy/ptII/ptolemy/actor/lib/test/auto/Const2.xml
1 ms. Memory: 881664K Free: 340715K (39%)
----------------- Invoking toplevel() on ptolemy.moml.MoMLSimpleApplication@32e60818
----------------- Done invoking toplevel() on ptolemy.moml.MoMLSimpleApplication@32e60818
reloadAllAccessors: .Const2

===========================================================================================
----------------- testing Tue Jan 15 03:17:04 UTC 2019 /home/travis/build/icyphy/ptII/ptolemy/actor/lib/test/auto/Const3.xml
----------------- Instantiating /home/travis/build/icyphy/ptII/ptolemy/actor/lib/test/auto/Const3.xml
1 ms. Memory: 881664K Free: 321065K (36%)
----------------- Invoking toplevel() on ptolemy.moml.MoMLSimpleApplication@449ecb7d
----------------- Done invoking toplevel() on ptolemy.moml.MoMLSimpleApplication@449ecb7d
reloadAllAccessors: .Const3

===========================================================================================
----------------- testing Tue Jan 15 03:17:04 UTC 2019 /home/travis/build/icyphy/ptII/ptolemy/actor/lib/test/auto/ConstantPublisherPort1.xml
----------------- Instantiating /home/travis/build/icyphy/ptII/ptolemy/actor/lib/test/auto/ConstantPublisherPort1.xml
7 ms. Memory: 881664K Free: 305402K (35%)
----------------- Invoking toplevel() on ptolemy.moml.MoMLSimpleApplication@31b2af08
----------------- Done invoking toplevel() on ptolemy.moml.MoMLSimpleApplication@31b2af08
reloadAllAccessors: .ConstantPublisherPort1

===========================================================================================
----------------- testing Tue Jan 15 03:17:04 UTC 2019 /home/travis/build/icyphy/ptII/ptolemy/actor/lib/test/auto/ConstantPublisherPort2.xml
----------------- Instantiating /home/travis/build/icyphy/ptII/ptolemy/actor/lib/test/auto/ConstantPublisherPort2.xml
8 ms. Memory: 881664K Free: 294971K (33%)
----------------- Invoking toplevel() on ptolemy.moml.MoMLSimpleApplication@55e90e23
----------------- Done invoking toplevel() on ptolemy.moml.MoMLSimpleApplication@55e90e23
reloadAllAccessors: .ConstantPublisherPort2

===========================================================================================
----------------- testing Tue Jan 15 03:17:04 UTC 2019 /home/travis/build/icyphy/ptII/ptolemy/actor/lib/test/auto/ConstantPublisherPort3.xml
----------------- Instantiating /home/travis/build/icyphy/ptII/ptolemy/actor/lib/test/auto/ConstantPublisherPort3.xml
6 ms. Memory: 881664K Free: 284540K (32%)
----------------- Invoking toplevel() on ptolemy.moml.MoMLSimpleApplication@6245f8b
----------------- Done invoking toplevel() on ptolemy.moml.MoMLSimpleApplication@6245f8b
reloadAllAccessors: .ConstantPublisherPort3

===========================================================================================
----------------- testing Tue Jan 15 03:17:04 UTC 2019 /home/travis/build/icyphy/ptII/ptolemy/actor/lib/test/auto/ConstantPublisherPort4.xml
----------------- Instantiating /home/travis/build/icyphy/ptII/ptolemy/actor/lib/test/auto/ConstantPublisherPort4.xml
3 ms. Memory: 881664K Free: 264890K (30%)
----------------- Invoking toplevel() on ptolemy.moml.MoMLSimpleApplication@763b458b
----------------- Done invoking toplevel() on ptolemy.moml.MoMLSimpleApplication@763b458b
reloadAllAccessors: .ConstantPublisherPort4

===========================================================================================
----------------- testing Tue Jan 15 03:17:04 UTC 2019 /home/travis/build/icyphy/ptII/ptolemy/actor/lib/test/auto/ConstantPublisherPort5.xml
----------------- Instantiating /home/travis/build/icyphy/ptII/ptolemy/actor/lib/test/auto/ConstantPublisherPort5.xml
30 ms. Memory: 881664K Free: 238804K (27%)
----------------- Invoking toplevel() on ptolemy.moml.MoMLSimpleApplication@148d7de3
----------------- Done invoking toplevel() on ptolemy.moml.MoMLSimpleApplication@148d7de3
reloadAllAccessors: .ConstantPublisherPort5

===========================================================================================
----------------- testing Tue Jan 15 03:17:04 UTC 2019 /home/travis/build/icyphy/ptII/ptolemy/actor/lib/test/auto/ConstantPublisherPort6.xml
----------------- Instantiating /home/travis/build/icyphy/ptII/ptolemy/actor/lib/test/auto/ConstantPublisherPort6.xml
19 ms. Memory: 881664K Free: 212726K (24%)
----------------- Invoking toplevel() on ptolemy.moml.MoMLSimpleApplication@58810c7f
----------------- Done invoking toplevel() on ptolemy.moml.MoMLSimpleApplication@58810c7f
reloadAllAccessors: .ConstantPublisherPort6

===========================================================================================
----------------- testing Tue Jan 15 03:17:04 UTC 2019 /home/travis/build/icyphy/ptII/ptolemy/actor/lib/test/auto/ConstantPublisherPort7.xml
----------------- Instantiating /home/travis/build/icyphy/ptII/ptolemy/actor/lib/test/auto/ConstantPublisherPort7.xml
20 ms. Memory: 881664K Free: 178825K (20%)
----------------- Invoking toplevel() on ptolemy.moml.MoMLSimpleApplication@1e16b46e
----------------- Done invoking toplevel() on ptolemy.moml.MoMLSimpleApplication@1e16b46e
reloadAllAccessors: .ConstantPublisherPort7

===========================================================================================
----------------- testing Tue Jan 15 03:17:04 UTC 2019 /home/travis/build/icyphy/ptII/ptolemy/actor/lib/test/auto/ConstraintMonitor1.xml
----------------- Instantiating /home/travis/build/icyphy/ptII/ptolemy/actor/lib/test/auto/ConstraintMonitor1.xml
7 ms. Memory: 881664K Free: 159175K (18%)
----------------- Invoking toplevel() on ptolemy.moml.MoMLSimpleApplication@3ad8f322
----------------- Done invoking toplevel() on ptolemy.moml.MoMLSimpleApplication@3ad8f322
reloadAllAccessors: .ConstraintMonitor1

===========================================================================================
----------------- testing Tue Jan 15 03:17:05 UTC 2019 /home/travis/build/icyphy/ptII/ptolemy/actor/lib/test/auto/ConstraintMonitor2.xml
----------------- Instantiating /home/travis/build/icyphy/ptII/ptolemy/actor/lib/test/auto/ConstraintMonitor2.xml
2 ms. Memory: 881664K Free: 148744K (17%)
----------------- Invoking toplevel() on ptolemy.moml.MoMLSimpleApplication@7b3ae4b0
----------------- Done invoking toplevel() on ptolemy.moml.MoMLSimpleApplication@7b3ae4b0
reloadAllAccessors: .ConstraintMonitor2

===========================================================================================
----------------- testing Tue Jan 15 03:17:05 UTC 2019 /home/travis/build/icyphy/ptII/ptolemy/actor/lib/test/auto/ConstraintMonitor3.xml
----------------- Instantiating /home/travis/build/icyphy/ptII/ptolemy/actor/lib/test/auto/ConstraintMonitor3.xml
3 ms. Memory: 881664K Free: 138313K (16%)
----------------- Invoking toplevel() on ptolemy.moml.MoMLSimpleApplication@c259ef2
----------------- Done invoking toplevel() on ptolemy.moml.MoMLSimpleApplication@c259ef2
reloadAllAccessors: .ConstraintMonitor3

===========================================================================================
----------------- testing Tue Jan 15 03:17:05 UTC 2019 /home/travis/build/icyphy/ptII/ptolemy/actor/lib/test/auto/ConstraintMonitor4.xml
----------------- Instantiating /home/travis/build/icyphy/ptII/ptolemy/actor/lib/test/auto/ConstraintMonitor4.xml
1 ms. Memory: 881664K Free: 127882K (15%)
----------------- Invoking toplevel() on ptolemy.moml.MoMLSimpleApplication@291fec54
----------------- Done invoking toplevel() on ptolemy.moml.MoMLSimpleApplication@291fec54
reloadAllAccessors: .ConstraintMonitor4

===========================================================================================
----------------- testing Tue Jan 15 03:17:05 UTC 2019 /home/travis/build/icyphy/ptII/ptolemy/actor/lib/test/auto/ConstraintMonitor5.xml
----------------- Instantiating /home/travis/build/icyphy/ptII/ptolemy/actor/lib/test/auto/ConstraintMonitor5.xml
2 ms. Memory: 881664K Free: 108232K (12%)
----------------- Invoking toplevel() on ptolemy.moml.MoMLSimpleApplication@10d87022
----------------- Done invoking toplevel() on ptolemy.moml.MoMLSimpleApplication@10d87022
reloadAllAccessors: .ConstraintMonitor5

===========================================================================================
----------------- testing Tue Jan 15 03:17:05 UTC 2019 /home/travis/build/icyphy/ptII/ptolemy/actor/lib/test/auto/ConstraintMonitor6.xml
----------------- Instantiating /home/travis/build/icyphy/ptII/ptolemy/actor/lib/test/auto/ConstraintMonitor6.xml
7 ms. Memory: 881664K Free: 97801K (11%)
----------------- Invoking toplevel() on ptolemy.moml.MoMLSimpleApplication@412559b2
----------------- Done invoking toplevel() on ptolemy.moml.MoMLSimpleApplication@412559b2
reloadAllAccessors: .ConstraintMonitor6

===========================================================================================
----------------- testing Tue Jan 15 03:17:05 UTC 2019 /home/travis/build/icyphy/ptII/ptolemy/actor/lib/test/auto/ConstraintMonitor7.xml
----------------- Instantiating /home/travis/build/icyphy/ptII/ptolemy/actor/lib/test/auto/ConstraintMonitor7.xml
7 ms. Memory: 881664K Free: 87370K (10%)
----------------- Invoking toplevel() on ptolemy.moml.MoMLSimpleApplication@2b40f770
----------------- Done invoking toplevel() on ptolemy.moml.MoMLSimpleApplication@2b40f770
reloadAllAccessors: .ConstraintMonitor7

===========================================================================================
----------------- testing Tue Jan 15 03:17:05 UTC 2019 /home/travis/build/icyphy/ptII/ptolemy/actor/lib/test/auto/ConstraintMonitor8.xml
----------------- Instantiating /home/travis/build/icyphy/ptII/ptolemy/actor/lib/test/auto/ConstraintMonitor8.xml
2 ms. Memory: 881664K Free: 76939K (9%)
----------------- Invoking toplevel() on ptolemy.moml.MoMLSimpleApplication@26c8680d
----------------- Done invoking toplevel() on ptolemy.moml.MoMLSimpleApplication@26c8680d
reloadAllAccessors: .ConstraintMonitor8

===========================================================================================
----------------- testing Tue Jan 15 03:17:05 UTC 2019 /home/travis/build/icyphy/ptII/ptolemy/actor/lib/test/auto/Counter.xml
----------------- Instantiating /home/travis/build/icyphy/ptII/ptolemy/actor/lib/test/auto/Counter.xml
3 ms. Memory: 881664K Free: 58906K (7%)
----------------- Invoking toplevel() on ptolemy.moml.MoMLSimpleApplication@52ee2544
----------------- Done invoking toplevel() on ptolemy.moml.MoMLSimpleApplication@52ee2544
reloadAllAccessors: .Counter

===========================================================================================
----------------- testing Tue Jan 15 03:17:05 UTC 2019 /home/travis/build/icyphy/ptII/ptolemy/actor/lib/test/auto/CurrentTimeSDF.xml
----------------- Instantiating /home/travis/build/icyphy/ptII/ptolemy/actor/lib/test/auto/CurrentTimeSDF.xml
2 ms. Memory: 882688K Free: 826396K (94%)
----------------- Invoking toplevel() on ptolemy.moml.MoMLSimpleApplication@5cf7d53b
----------------- Done invoking toplevel() on ptolemy.moml.MoMLSimpleApplication@5cf7d53b
reloadAllAccessors: .CurrentTimeSDF

===========================================================================================
----------------- testing Tue Jan 15 03:17:05 UTC 2019 /home/travis/build/icyphy/ptII/ptolemy/actor/lib/test/auto/DB.xml
----------------- Instantiating /home/travis/build/icyphy/ptII/ptolemy/actor/lib/test/auto/DB.xml
1 ms. Memory: 882688K Free: 809120K (92%)
----------------- Invoking toplevel() on ptolemy.moml.MoMLSimpleApplication@7e3b6c2c
----------------- Done invoking toplevel() on ptolemy.moml.MoMLSimpleApplication@7e3b6c2c
reloadAllAccessors: .DB

===========================================================================================
----------------- testing Tue Jan 15 03:17:05 UTC 2019 /home/travis/build/icyphy/ptII/ptolemy/actor/lib/test/auto/DBDE.xml
----------------- Instantiating /home/travis/build/icyphy/ptII/ptolemy/actor/lib/test/auto/DBDE.xml
2 ms. Memory: 882688K Free: 798689K (90%)
----------------- Invoking toplevel() on ptolemy.moml.MoMLSimpleApplication@47a89a4
----------------- Done invoking toplevel() on ptolemy.moml.MoMLSimpleApplication@47a89a4
reloadAllAccessors: .DBDE

===========================================================================================
----------------- testing Tue Jan 15 03:17:05 UTC 2019 /home/travis/build/icyphy/ptII/ptolemy/actor/lib/test/auto/DateConstructor.xml
----------------- Instantiating /home/travis/build/icyphy/ptII/ptolemy/actor/lib/test/auto/DateConstructor.xml
10 ms. Memory: 882688K Free: 770974K (87%)
----------------- Invoking toplevel() on ptolemy.moml.MoMLSimpleApplication@47904558
----------------- Done invoking toplevel() on ptolemy.moml.MoMLSimpleApplication@47904558
reloadAllAccessors: .DateConstructor

===========================================================================================
----------------- testing Tue Jan 15 03:17:05 UTC 2019 /home/travis/build/icyphy/ptII/ptolemy/actor/lib/test/auto/DelayTime.xml
----------------- Instantiating /home/travis/build/icyphy/ptII/ptolemy/actor/lib/test/auto/DelayTime.xml
2 ms. Memory: 882688K Free: 760543K (86%)
----------------- Invoking toplevel() on ptolemy.moml.MoMLSimpleApplication@4f7315d1
----------------- Done invoking toplevel() on ptolemy.moml.MoMLSimpleApplication@4f7315d1
reloadAllAccessors: .DelayTime

===========================================================================================
----------------- testing Tue Jan 15 03:17:05 UTC 2019 /home/travis/build/icyphy/ptII/ptolemy/actor/lib/test/auto/Dictionary1.xml
----------------- Instantiating /home/travis/build/icyphy/ptII/ptolemy/actor/lib/test/auto/Dictionary1.xml
2 ms. Memory: 1366528K Free: 1312859K (96%)
----------------- Invoking toplevel() on ptolemy.moml.MoMLSimpleApplication@78e658ed
----------------- Done invoking toplevel() on ptolemy.moml.MoMLSimpleApplication@78e658ed
reloadAllAccessors: .Dictionary1

===========================================================================================
----------------- testing Tue Jan 15 03:17:05 UTC 2019 /home/travis/build/icyphy/ptII/ptolemy/actor/lib/test/auto/Dictionary2.xml
----------------- Instantiating /home/travis/build/icyphy/ptII/ptolemy/actor/lib/test/auto/Dictionary2.xml
1 ms. Memory: 1366528K Free: 1285216K (94%)
----------------- Invoking toplevel() on ptolemy.moml.MoMLSimpleApplication@537d5ddf
----------------- Done invoking toplevel() on ptolemy.moml.MoMLSimpleApplication@537d5ddf
reloadAllAccessors: .Dictionary2

===========================================================================================
----------------- testing Tue Jan 15 03:17:05 UTC 2019 /home/travis/build/icyphy/ptII/ptolemy/actor/lib/test/auto/Dictionary3.xml
----------------- Instantiating /home/travis/build/icyphy/ptII/ptolemy/actor/lib/test/auto/Dictionary3.xml
1 ms. Memory: 1366528K Free: 1268524K (93%)
----------------- Invoking toplevel() on ptolemy.moml.MoMLSimpleApplication@139ccb3
----------------- Done invoking toplevel() on ptolemy.moml.MoMLSimpleApplication@139ccb3
reloadAllAccessors: .Dictionary3

===========================================================================================
----------------- testing Tue Jan 15 03:17:05 UTC 2019 /home/travis/build/icyphy/ptII/ptolemy/actor/lib/test/auto/Dictionary4.xml
----------------- Instantiating /home/travis/build/icyphy/ptII/ptolemy/actor/lib/test/auto/Dictionary4.xml
2 ms. Memory: 1366528K Free: 1251833K (92%)
----------------- Invoking toplevel() on ptolemy.moml.MoMLSimpleApplication@330d995
----------------- Done invoking toplevel() on ptolemy.moml.MoMLSimpleApplication@330d995
reloadAllAccessors: .Dictionary4

===========================================================================================
----------------- testing Tue Jan 15 03:17:05 UTC 2019 /home/travis/build/icyphy/ptII/ptolemy/actor/lib/test/auto/Differential.xml
----------------- Instantiating /home/travis/build/icyphy/ptII/ptolemy/actor/lib/test/auto/Differential.xml
2 ms. Memory: 1366528K Free: 1235142K (90%)
----------------- Invoking toplevel() on ptolemy.moml.MoMLSimpleApplication@8cee260
----------------- Done invoking toplevel() on ptolemy.moml.MoMLSimpleApplication@8cee260
reloadAllAccessors: .Differential

===========================================================================================
----------------- testing Tue Jan 15 03:17:05 UTC 2019 /home/travis/build/icyphy/ptII/ptolemy/actor/lib/test/auto/Director.xml
----------------- Instantiating /home/travis/build/icyphy/ptII/ptolemy/actor/lib/test/auto/Director.xml
1 ms. Memory: 1366528K Free: 1207238K (88%)
----------------- Invoking toplevel() on ptolemy.moml.MoMLSimpleApplication@1a41541e
----------------- Done invoking toplevel() on ptolemy.moml.MoMLSimpleApplication@1a41541e
reloadAllAccessors: .Director

===========================================================================================
----------------- testing Tue Jan 15 03:17:05 UTC 2019 /home/travis/build/icyphy/ptII/ptolemy/actor/lib/test/auto/DiscreteClock.xml
----------------- Instantiating /home/travis/build/icyphy/ptII/ptolemy/actor/lib/test/auto/DiscreteClock.xml
1 ms. Memory: 1366528K Free: 1190547K (87%)
----------------- Invoking toplevel() on ptolemy.moml.MoMLSimpleApplication@e39371c
----------------- Done invoking toplevel() on ptolemy.moml.MoMLSimpleApplication@e39371c
reloadAllAccessors: .DiscreteClock

===========================================================================================
----------------- testing Tue Jan 15 03:17:05 UTC 2019 /home/travis/build/icyphy/ptII/ptolemy/actor/lib/test/auto/DiscreteClock10.xml
----------------- Instantiating /home/travis/build/icyphy/ptII/ptolemy/actor/lib/test/auto/DiscreteClock10.xml
2 ms. Memory: 1366528K Free: 1173856K (86%)
----------------- Invoking toplevel() on ptolemy.moml.MoMLSimpleApplication@4a23c518
----------------- Done invoking toplevel() on ptolemy.moml.MoMLSimpleApplication@4a23c518
reloadAllAccessors: .DiscreteClock10

===========================================================================================
----------------- testing Tue Jan 15 03:17:05 UTC 2019 /home/travis/build/icyphy/ptII/ptolemy/actor/lib/test/auto/DiscreteClock11.xml
----------------- Instantiating /home/travis/build/icyphy/ptII/ptolemy/actor/lib/test/auto/DiscreteClock11.xml
1 ms. Memory: 1366528K Free: 1157164K (85%)
----------------- Invoking toplevel() on ptolemy.moml.MoMLSimpleApplication@1f1f3f04
----------------- Done invoking toplevel() on ptolemy.moml.MoMLSimpleApplication@1f1f3f04
reloadAllAccessors: .DiscreteClock11

===========================================================================================
----------------- testing Tue Jan 15 03:17:05 UTC 2019 /home/travis/build/icyphy/ptII/ptolemy/actor/lib/test/auto/DiscreteClock12.xml
----------------- Instantiating /home/travis/build/icyphy/ptII/ptolemy/actor/lib/test/auto/DiscreteClock12.xml
2 ms. Memory: 1366528K Free: 1140473K (83%)
----------------- Invoking toplevel() on ptolemy.moml.MoMLSimpleApplication@791276f0
----------------- Done invoking toplevel() on ptolemy.moml.MoMLSimpleApplication@791276f0
reloadAllAccessors: .DiscreteClock12

===========================================================================================
----------------- testing Tue Jan 15 03:17:05 UTC 2019 /home/travis/build/icyphy/ptII/ptolemy/actor/lib/test/auto/DiscreteClock13.xml
----------------- Instantiating /home/travis/build/icyphy/ptII/ptolemy/actor/lib/test/auto/DiscreteClock13.xml
2 ms. Memory: 1366528K Free: 1112830K (81%)
----------------- Invoking toplevel() on ptolemy.moml.MoMLSimpleApplication@44333b69
----------------- Done invoking toplevel() on ptolemy.moml.MoMLSimpleApplication@44333b69
reloadAllAccessors: .DiscreteClock13

===========================================================================================
----------------- testing Tue Jan 15 03:17:05 UTC 2019 /home/travis/build/icyphy/ptII/ptolemy/actor/lib/test/auto/DiscreteClock14.xml
----------------- Instantiating /home/travis/build/icyphy/ptII/ptolemy/actor/lib/test/auto/DiscreteClock14.xml
5 ms. Memory: 1366528K Free: 1096138K (80%)
----------------- Invoking toplevel() on ptolemy.moml.MoMLSimpleApplication@7fcbe91f
----------------- Done invoking toplevel() on ptolemy.moml.MoMLSimpleApplication@7fcbe91f
reloadAllAccessors: .DiscreteClock14

===========================================================================================
----------------- testing Tue Jan 15 03:17:05 UTC 2019 /home/travis/build/icyphy/ptII/ptolemy/actor/lib/test/auto/DiscreteClock15.xml
----------------- Instantiating /home/travis/build/icyphy/ptII/ptolemy/actor/lib/test/auto/DiscreteClock15.xml
7 ms. Memory: 1366528K Free: 1079447K (79%)
----------------- Invoking toplevel() on ptolemy.moml.MoMLSimpleApplication@3803dcf7
----------------- Done invoking toplevel() on ptolemy.moml.MoMLSimpleApplication@3803dcf7
reloadAllAccessors: .DiscreteClock15

===========================================================================================
----------------- testing Tue Jan 15 03:17:05 UTC 2019 /home/travis/build/icyphy/ptII/ptolemy/actor/lib/test/auto/DiscreteClock16.xml
----------------- Instantiating /home/travis/build/icyphy/ptII/ptolemy/actor/lib/test/auto/DiscreteClock16.xml
18 ms. Memory: 1366528K Free: 1054394K (77%)
----------------- Invoking toplevel() on ptolemy.moml.MoMLSimpleApplication@2d53ec27
----------------- Done invoking toplevel() on ptolemy.moml.MoMLSimpleApplication@2d53ec27
reloadAllAccessors: .DiscreteClock16

===========================================================================================
----------------- testing Tue Jan 15 03:17:06 UTC 2019 /home/travis/build/icyphy/ptII/ptolemy/actor/lib/test/auto/DiscreteClock17.xml
----------------- Instantiating /home/travis/build/icyphy/ptII/ptolemy/actor/lib/test/auto/DiscreteClock17.xml
14 ms. Memory: 1366528K Free: 1029342K (75%)
----------------- Invoking toplevel() on ptolemy.moml.MoMLSimpleApplication@535b49ce
----------------- Done invoking toplevel() on ptolemy.moml.MoMLSimpleApplication@535b49ce
reloadAllAccessors: .DiscreteClock17

===========================================================================================
----------------- testing Tue Jan 15 03:17:06 UTC 2019 /home/travis/build/icyphy/ptII/ptolemy/actor/lib/test/auto/DiscreteClock18.xml
----------------- Instantiating /home/travis/build/icyphy/ptII/ptolemy/actor/lib/test/auto/DiscreteClock18.xml
21 ms. Memory: 1366528K Free: 993336K (73%)
----------------- Invoking toplevel() on ptolemy.moml.MoMLSimpleApplication@1718c781
----------------- Done invoking toplevel() on ptolemy.moml.MoMLSimpleApplication@1718c781
reloadAllAccessors: .DiscreteClock18

===========================================================================================
----------------- testing Tue Jan 15 03:17:06 UTC 2019 /home/travis/build/icyphy/ptII/ptolemy/actor/lib/test/auto/DiscreteClock19.xml
----------------- Instantiating /home/travis/build/icyphy/ptII/ptolemy/actor/lib/test/auto/DiscreteClock19.xml
18 ms. Memory: 1366528K Free: 968299K (71%)
----------------- Invoking toplevel() on ptolemy.moml.MoMLSimpleApplication@331ee85d
----------------- Done invoking toplevel() on ptolemy.moml.MoMLSimpleApplication@331ee85d
reloadAllAccessors: .DiscreteClock19

===========================================================================================
----------------- testing Tue Jan 15 03:17:06 UTC 2019 /home/travis/build/icyphy/ptII/ptolemy/actor/lib/test/auto/DiscreteClock2.xml
----------------- Instantiating /home/travis/build/icyphy/ptII/ptolemy/actor/lib/test/auto/DiscreteClock2.xml
6 ms. Memory: 1366528K Free: 951608K (70%)
----------------- Invoking toplevel() on ptolemy.moml.MoMLSimpleApplication@6790678f
----------------- Done invoking toplevel() on ptolemy.moml.MoMLSimpleApplication@6790678f
reloadAllAccessors: .DiscreteClock2

===========================================================================================
----------------- testing Tue Jan 15 03:17:06 UTC 2019 /home/travis/build/icyphy/ptII/ptolemy/actor/lib/test/auto/DiscreteClock20.xml
----------------- Instantiating /home/travis/build/icyphy/ptII/ptolemy/actor/lib/test/auto/DiscreteClock20.xml
3 ms. Memory: 1366528K Free: 934917K (68%)
----------------- Invoking toplevel() on ptolemy.moml.MoMLSimpleApplication@48b3a537
----------------- Done invoking toplevel() on ptolemy.moml.MoMLSimpleApplication@48b3a537
reloadAllAccessors: .DiscreteClock20

===========================================================================================
----------------- testing Tue Jan 15 03:17:06 UTC 2019 /home/travis/build/icyphy/ptII/ptolemy/actor/lib/test/auto/DiscreteClock21.xml
----------------- Instantiating /home/travis/build/icyphy/ptII/ptolemy/actor/lib/test/auto/DiscreteClock21.xml
2 ms. Memory: 1366528K Free: 907273K (66%)
----------------- Invoking toplevel() on ptolemy.moml.MoMLSimpleApplication@33dba55b
----------------- Done invoking toplevel() on ptolemy.moml.MoMLSimpleApplication@33dba55b
reloadAllAccessors: .DiscreteClock21

===========================================================================================
----------------- testing Tue Jan 15 03:17:06 UTC 2019 /home/travis/build/icyphy/ptII/ptolemy/actor/lib/test/auto/DiscreteClock22.xml
----------------- Instantiating /home/travis/build/icyphy/ptII/ptolemy/actor/lib/test/auto/DiscreteClock22.xml
1 ms. Memory: 1366528K Free: 890582K (65%)
----------------- Invoking toplevel() on ptolemy.moml.MoMLSimpleApplication@2866a38
----------------- Done invoking toplevel() on ptolemy.moml.MoMLSimpleApplication@2866a38
reloadAllAccessors: .DiscreteClock22

===========================================================================================
----------------- testing Tue Jan 15 03:17:06 UTC 2019 /home/travis/build/icyphy/ptII/ptolemy/actor/lib/test/auto/DiscreteClock23.xml
----------------- Instantiating /home/travis/build/icyphy/ptII/ptolemy/actor/lib/test/auto/DiscreteClock23.xml
2 ms. Memory: 1366528K Free: 873890K (64%)
----------------- Invoking toplevel() on ptolemy.moml.MoMLSimpleApplication@9084379
----------------- Done invoking toplevel() on ptolemy.moml.MoMLSimpleApplication@9084379
reloadAllAccessors: .DiscreteClock23

===========================================================================================
----------------- testing Tue Jan 15 03:17:06 UTC 2019 /home/travis/build/icyphy/ptII/ptolemy/actor/lib/test/auto/DiscreteClock24.xml
----------------- Instantiating /home/travis/build/icyphy/ptII/ptolemy/actor/lib/test/auto/DiscreteClock24.xml
2 ms. Memory: 1366528K Free: 857199K (63%)
----------------- Invoking toplevel() on ptolemy.moml.MoMLSimpleApplication@4c71d16f
----------------- Done invoking toplevel() on ptolemy.moml.MoMLSimpleApplication@4c71d16f
reloadAllAccessors: .DiscreteClock24

===========================================================================================
----------------- testing Tue Jan 15 03:17:06 UTC 2019 /home/travis/build/icyphy/ptII/ptolemy/actor/lib/test/auto/DiscreteClock4.xml
----------------- Instantiating /home/travis/build/icyphy/ptII/ptolemy/actor/lib/test/auto/DiscreteClock4.xml
1 ms. Memory: 1366528K Free: 840508K (62%)
----------------- Invoking toplevel() on ptolemy.moml.MoMLSimpleApplication@664bdc0e
----------------- Done invoking toplevel() on ptolemy.moml.MoMLSimpleApplication@664bdc0e
reloadAllAccessors: .DiscreteClock4

===========================================================================================
----------------- testing Tue Jan 15 03:17:06 UTC 2019 /home/travis/build/icyphy/ptII/ptolemy/actor/lib/test/auto/DiscreteClock5.xml
----------------- Instantiating /home/travis/build/icyphy/ptII/ptolemy/actor/lib/test/auto/DiscreteClock5.xml
2 ms. Memory: 1366528K Free: 812864K (59%)
----------------- Invoking toplevel() on ptolemy.moml.MoMLSimpleApplication@5fd5efae
----------------- Done invoking toplevel() on ptolemy.moml.MoMLSimpleApplication@5fd5efae
reloadAllAccessors: .DiscreteClock5

===========================================================================================
----------------- testing Tue Jan 15 03:17:06 UTC 2019 /home/travis/build/icyphy/ptII/ptolemy/actor/lib/test/auto/DiscreteClock6.xml
----------------- Instantiating /home/travis/build/icyphy/ptII/ptolemy/actor/lib/test/auto/DiscreteClock6.xml
1 ms. Memory: 1366528K Free: 796173K (58%)
----------------- Invoking toplevel() on ptolemy.moml.MoMLSimpleApplication@7642ebc1
----------------- Done invoking toplevel() on ptolemy.moml.MoMLSimpleApplication@7642ebc1
reloadAllAccessors: .DiscreteClock6

===========================================================================================
----------------- testing Tue Jan 15 03:17:06 UTC 2019 /home/travis/build/icyphy/ptII/ptolemy/actor/lib/test/auto/DiscreteClock7.xml
----------------- Instantiating /home/travis/build/icyphy/ptII/ptolemy/actor/lib/test/auto/DiscreteClock7.xml
1 ms. Memory: 1366528K Free: 779482K (57%)
----------------- Invoking toplevel() on ptolemy.moml.MoMLSimpleApplication@43e95011
----------------- Done invoking toplevel() on ptolemy.moml.MoMLSimpleApplication@43e95011
reloadAllAccessors: .DiscreteClock7

===========================================================================================
----------------- testing Tue Jan 15 03:17:06 UTC 2019 /home/travis/build/icyphy/ptII/ptolemy/actor/lib/test/auto/DiscreteClock8.xml
----------------- Instantiating /home/travis/build/icyphy/ptII/ptolemy/actor/lib/test/auto/DiscreteClock8.xml
2 ms. Memory: 1366528K Free: 762791K (56%)
----------------- Invoking toplevel() on ptolemy.moml.MoMLSimpleApplication@57996f7e
----------------- Done invoking toplevel() on ptolemy.moml.MoMLSimpleApplication@57996f7e
reloadAllAccessors: .DiscreteClock8

===========================================================================================
----------------- testing Tue Jan 15 03:17:06 UTC 2019 /home/travis/build/icyphy/ptII/ptolemy/actor/lib/test/auto/DiscreteClock9.xml
----------------- Instantiating /home/travis/build/icyphy/ptII/ptolemy/actor/lib/test/auto/DiscreteClock9.xml
2 ms. Memory: 1366528K Free: 746099K (55%)
----------------- Invoking toplevel() on ptolemy.moml.MoMLSimpleApplication@21229d8
----------------- Done invoking toplevel() on ptolemy.moml.MoMLSimpleApplication@21229d8
reloadAllAccessors: .DiscreteClock9

===========================================================================================
----------------- testing Tue Jan 15 03:17:06 UTC 2019 /home/travis/build/icyphy/ptII/ptolemy/actor/lib/test/auto/DisplayArray.xml
----------------- Instantiating /home/travis/build/icyphy/ptII/ptolemy/actor/lib/test/auto/DisplayArray.xml
1 ms. Memory: 1366528K Free: 718456K (53%)
----------------- Invoking toplevel() on ptolemy.moml.MoMLSimpleApplication@7afdab9d
----------------- Done invoking toplevel() on ptolemy.moml.MoMLSimpleApplication@7afdab9d
reloadAllAccessors: .DisplayArray

===========================================================================================
----------------- testing Tue Jan 15 03:17:06 UTC 2019 /home/travis/build/icyphy/ptII/ptolemy/actor/lib/test/auto/Distributor.xml
----------------- Instantiating /home/travis/build/icyphy/ptII/ptolemy/actor/lib/test/auto/Distributor.xml
2 ms. Memory: 1366528K Free: 701765K (51%)
----------------- Invoking toplevel() on ptolemy.moml.MoMLSimpleApplication@331e6313
----------------- Done invoking toplevel() on ptolemy.moml.MoMLSimpleApplication@331e6313
reloadAllAccessors: .Distributor

===========================================================================================
----------------- testing Tue Jan 15 03:17:06 UTC 2019 /home/travis/build/icyphy/ptII/ptolemy/actor/lib/test/auto/Distributor2.xml
----------------- Instantiating /home/travis/build/icyphy/ptII/ptolemy/actor/lib/test/auto/Distributor2.xml
1 ms. Memory: 1366528K Free: 685073K (50%)
----------------- Invoking toplevel() on ptolemy.moml.MoMLSimpleApplication@34b4ed89
----------------- Done invoking toplevel() on ptolemy.moml.MoMLSimpleApplication@34b4ed89
reloadAllAccessors: .Distributor2

===========================================================================================
----------------- testing Tue Jan 15 03:17:06 UTC 2019 /home/travis/build/icyphy/ptII/ptolemy/actor/lib/test/auto/DownSample.xml
----------------- Instantiating /home/travis/build/icyphy/ptII/ptolemy/actor/lib/test/auto/DownSample.xml
1 ms. Memory: 1366528K Free: 668382K (49%)
----------------- Invoking toplevel() on ptolemy.moml.MoMLSimpleApplication@3895d5d3
----------------- Done invoking toplevel() on ptolemy.moml.MoMLSimpleApplication@3895d5d3
reloadAllAccessors: .DownSample

===========================================================================================
----------------- testing Tue Jan 15 03:17:06 UTC 2019 /home/travis/build/icyphy/ptII/ptolemy/actor/lib/test/auto/ElectronicUnitBase1.xml
----------------- Instantiating /home/travis/build/icyphy/ptII/ptolemy/actor/lib/test/auto/ElectronicUnitBase1.xml
18 ms. Memory: 1366528K Free: 632393K (46%)
----------------- Invoking toplevel() on ptolemy.moml.MoMLSimpleApplication@4049b53d
----------------- Done invoking toplevel() on ptolemy.moml.MoMLSimpleApplication@4049b53d
reloadAllAccessors: .ElectronicUnitBase1

===========================================================================================
----------------- testing Tue Jan 15 03:17:06 UTC 2019 /home/travis/build/icyphy/ptII/ptolemy/actor/lib/test/auto/ElementsToArray.xml
----------------- Instantiating /home/travis/build/icyphy/ptII/ptolemy/actor/lib/test/auto/ElementsToArray.xml
2 ms. Memory: 1366528K Free: 615702K (45%)
----------------- Invoking toplevel() on ptolemy.moml.MoMLSimpleApplication@613bc9be
----------------- Done invoking toplevel() on ptolemy.moml.MoMLSimpleApplication@613bc9be
reloadAllAccessors: .ElementsToArray

===========================================================================================
----------------- testing Tue Jan 15 03:17:06 UTC 2019 /home/travis/build/icyphy/ptII/ptolemy/actor/lib/test/auto/Equals.xml
----------------- Instantiating /home/travis/build/icyphy/ptII/ptolemy/actor/lib/test/auto/Equals.xml
1 ms. Memory: 1366528K Free: 599010K (44%)
----------------- Invoking toplevel() on ptolemy.moml.MoMLSimpleApplication@3366c74a
----------------- Done invoking toplevel() on ptolemy.moml.MoMLSimpleApplication@3366c74a
reloadAllAccessors: .Equals

===========================================================================================
----------------- testing Tue Jan 15 03:17:06 UTC 2019 /home/travis/build/icyphy/ptII/ptolemy/actor/lib/test/auto/Exec.xml
----------------- Instantiating /home/travis/build/icyphy/ptII/ptolemy/actor/lib/test/auto/Exec.xml
9 ms. Memory: 1366528K Free: 565837K (41%)
----------------- Invoking toplevel() on ptolemy.moml.MoMLSimpleApplication@15b376ef
----------------- Done invoking toplevel() on ptolemy.moml.MoMLSimpleApplication@15b376ef
reloadAllAccessors: .Exec

===========================================================================================
----------------- testing Tue Jan 15 03:17:06 UTC 2019 /home/travis/build/icyphy/ptII/ptolemy/actor/lib/test/auto/ExecEnvironment.xml
----------------- Instantiating /home/travis/build/icyphy/ptII/ptolemy/actor/lib/test/auto/ExecEnvironment.xml
22 ms. Memory: 1366528K Free: 524108K (38%)
----------------- Invoking toplevel() on ptolemy.moml.MoMLSimpleApplication@2ae822b3
----------------- Done invoking toplevel() on ptolemy.moml.MoMLSimpleApplication@2ae822b3
reloadAllAccessors: .ExecEnvironment

===========================================================================================
----------------- testing Tue Jan 15 03:17:06 UTC 2019 /home/travis/build/icyphy/ptII/ptolemy/actor/lib/test/auto/ExecNonZeroReturnOutput.xml
----------------- Instantiating /home/travis/build/icyphy/ptII/ptolemy/actor/lib/test/auto/ExecNonZeroReturnOutput.xml
127 ms. Memory: 1366528K Free: 387971K (28%)
----------------- Invoking toplevel() on ptolemy.moml.MoMLSimpleApplication@6c597136
----------------- Done invoking toplevel() on ptolemy.moml.MoMLSimpleApplication@6c597136
reloadAllAccessors: .ExecNonZeroReturnOutput

===========================================================================================
----------------- testing Tue Jan 15 03:17:06 UTC 2019 /home/travis/build/icyphy/ptII/ptolemy/actor/lib/test/auto/ExecRunDemos.xml
----------------- Instantiating /home/travis/build/icyphy/ptII/ptolemy/actor/lib/test/auto/ExecRunDemos.xml
Finished: 34 ms. Memory: 116224K Free: 100103K (86%)

Finished: 26 ms. Memory: 116224K Free: 96358K (83%)

Finished: 51 ms. Memory: 116224K Free: 96933K (83%)

Finished: 44 ms. Memory: 116224K Free: 98268K (85%)

Finished: 34 ms. Memory: 116224K Free: 99453K (86%)

8796 ms. Memory: 1366528K Free: 279460K (20%)
----------------- Invoking toplevel() on ptolemy.moml.MoMLSimpleApplication@376a384a
----------------- Done invoking toplevel() on ptolemy.moml.MoMLSimpleApplication@376a384a
reloadAllAccessors: .ExecRunDemos

===========================================================================================
----------------- testing Tue Jan 15 03:17:15 UTC 2019 /home/travis/build/icyphy/ptII/ptolemy/actor/lib/test/auto/ExecStop.xml
----------------- Instantiating /home/travis/build/icyphy/ptII/ptolemy/actor/lib/test/auto/ExecStop.xml
5005 ms. Memory: 1366528K Free: 87511K (6%)
----------------- Invoking toplevel() on ptolemy.moml.MoMLSimpleApplication@34901e9f
----------------- Done invoking toplevel() on ptolemy.moml.MoMLSimpleApplication@34901e9f
reloadAllAccessors: .ExecStop

===========================================================================================
----------------- testing Tue Jan 15 03:17:20 UTC 2019 /home/travis/build/icyphy/ptII/ptolemy/actor/lib/test/auto/ExecutionTimeSDF.xml
----------------- Instantiating /home/travis/build/icyphy/ptII/ptolemy/actor/lib/test/auto/ExecutionTimeSDF.xml
Fired ExecutionTime: -531367296
Fired ExecutionTime: 962000000
Fired ExecutionTime: 1002000000
6009 ms. Memory: 1366528K Free: 1324320K (97%)
----------------- Invoking toplevel() on ptolemy.moml.MoMLSimpleApplication@125434f0
----------------- Done invoking toplevel() on ptolemy.moml.MoMLSimpleApplication@125434f0
reloadAllAccessors: .ExecutionTimeSDF

===========================================================================================
----------------- testing Tue Jan 15 03:17:26 UTC 2019 /home/travis/build/icyphy/ptII/ptolemy/actor/lib/test/auto/Expression1.xml
----------------- Instantiating /home/travis/build/icyphy/ptII/ptolemy/actor/lib/test/auto/Expression1.xml
1 ms. Memory: 1366528K Free: 1299730K (95%)
----------------- Invoking toplevel() on ptolemy.moml.MoMLSimpleApplication@25b1ea73
----------------- Done invoking toplevel() on ptolemy.moml.MoMLSimpleApplication@25b1ea73
reloadAllAccessors: .Expression1

===========================================================================================
----------------- testing Tue Jan 15 03:17:26 UTC 2019 /home/travis/build/icyphy/ptII/ptolemy/actor/lib/test/auto/Expression10.xml
----------------- Instantiating /home/travis/build/icyphy/ptII/ptolemy/actor/lib/test/auto/Expression10.xml
4 ms. Memory: 1366528K Free: 1287212K (94%)
----------------- Invoking toplevel() on ptolemy.moml.MoMLSimpleApplication@4098505c
----------------- Done invoking toplevel() on ptolemy.moml.MoMLSimpleApplication@4098505c
reloadAllAccessors: .Expression10

===========================================================================================
----------------- testing Tue Jan 15 03:17:26 UTC 2019 /home/travis/build/icyphy/ptII/ptolemy/actor/lib/test/auto/Expression11.xml
----------------- Instantiating /home/travis/build/icyphy/ptII/ptolemy/actor/lib/test/auto/Expression11.xml
1 ms. Memory: 1366528K Free: 1274693K (93%)
----------------- Invoking toplevel() on ptolemy.moml.MoMLSimpleApplication@60b372d3
----------------- Done invoking toplevel() on ptolemy.moml.MoMLSimpleApplication@60b372d3
reloadAllAccessors: .Expression11

===========================================================================================
----------------- testing Tue Jan 15 03:17:26 UTC 2019 /home/travis/build/icyphy/ptII/ptolemy/actor/lib/test/auto/Expression12.xml
----------------- Instantiating /home/travis/build/icyphy/ptII/ptolemy/actor/lib/test/auto/Expression12.xml
2 ms. Memory: 1366528K Free: 1254442K (92%)
----------------- Invoking toplevel() on ptolemy.moml.MoMLSimpleApplication@17e96a1d
----------------- Done invoking toplevel() on ptolemy.moml.MoMLSimpleApplication@17e96a1d
reloadAllAccessors: .Expression12

===========================================================================================
----------------- testing Tue Jan 15 03:17:26 UTC 2019 /home/travis/build/icyphy/ptII/ptolemy/actor/lib/test/auto/Expression13.xml
----------------- Instantiating /home/travis/build/icyphy/ptII/ptolemy/actor/lib/test/auto/Expression13.xml
3 ms. Memory: 1366528K Free: 1241924K (91%)
----------------- Invoking toplevel() on ptolemy.moml.MoMLSimpleApplication@6fca48a9
----------------- Done invoking toplevel() on ptolemy.moml.MoMLSimpleApplication@6fca48a9
reloadAllAccessors: .Expression13

===========================================================================================
----------------- testing Tue Jan 15 03:17:26 UTC 2019 /home/travis/build/icyphy/ptII/ptolemy/actor/lib/test/auto/Expression14.xml
----------------- Instantiating /home/travis/build/icyphy/ptII/ptolemy/actor/lib/test/auto/Expression14.xml
3 ms. Memory: 1366528K Free: 1229405K (90%)
----------------- Invoking toplevel() on ptolemy.moml.MoMLSimpleApplication@464970de
----------------- Done invoking toplevel() on ptolemy.moml.MoMLSimpleApplication@464970de
reloadAllAccessors: .Expression14

===========================================================================================
----------------- testing Tue Jan 15 03:17:26 UTC 2019 /home/travis/build/icyphy/ptII/ptolemy/actor/lib/test/auto/Expression15.xml
----------------- Instantiating /home/travis/build/icyphy/ptII/ptolemy/actor/lib/test/auto/Expression15.xml
1 ms. Memory: 1366528K Free: 1209155K (88%)
----------------- Invoking toplevel() on ptolemy.moml.MoMLSimpleApplication@fd3b30b
----------------- Done invoking toplevel() on ptolemy.moml.MoMLSimpleApplication@fd3b30b
reloadAllAccessors: .Expression15

===========================================================================================
----------------- testing Tue Jan 15 03:17:26 UTC 2019 /home/travis/build/icyphy/ptII/ptolemy/actor/lib/test/auto/Expression16.xml
----------------- Instantiating /home/travis/build/icyphy/ptII/ptolemy/actor/lib/test/auto/Expression16.xml
2 ms. Memory: 1366528K Free: 1196636K (88%)
----------------- Invoking toplevel() on ptolemy.moml.MoMLSimpleApplication@7fb3fef6
----------------- Done invoking toplevel() on ptolemy.moml.MoMLSimpleApplication@7fb3fef6
reloadAllAccessors: .Expression16

===========================================================================================
----------------- testing Tue Jan 15 03:17:26 UTC 2019 /home/travis/build/icyphy/ptII/ptolemy/actor/lib/test/auto/Expression17.xml
----------------- Instantiating /home/travis/build/icyphy/ptII/ptolemy/actor/lib/test/auto/Expression17.xml
2 ms. Memory: 1366528K Free: 1184118K (87%)
----------------- Invoking toplevel() on ptolemy.moml.MoMLSimpleApplication@772813d9
----------------- Done invoking toplevel() on ptolemy.moml.MoMLSimpleApplication@772813d9
reloadAllAccessors: .Expression17

===========================================================================================
----------------- testing Tue Jan 15 03:17:26 UTC 2019 /home/travis/build/icyphy/ptII/ptolemy/actor/lib/test/auto/Expression18.xml
----------------- Instantiating /home/travis/build/icyphy/ptII/ptolemy/actor/lib/test/auto/Expression18.xml
1 ms. Memory: 1366528K Free: 1163867K (85%)
----------------- Invoking toplevel() on ptolemy.moml.MoMLSimpleApplication@30c17d3e
----------------- Done invoking toplevel() on ptolemy.moml.MoMLSimpleApplication@30c17d3e
reloadAllAccessors: .Expression18

===========================================================================================
----------------- testing Tue Jan 15 03:17:26 UTC 2019 /home/travis/build/icyphy/ptII/ptolemy/actor/lib/test/auto/Expression2.xml
----------------- Instantiating /home/travis/build/icyphy/ptII/ptolemy/actor/lib/test/auto/Expression2.xml
3 ms. Memory: 1366528K Free: 1151348K (84%)
----------------- Invoking toplevel() on ptolemy.moml.MoMLSimpleApplication@1dd1b312
----------------- Done invoking toplevel() on ptolemy.moml.MoMLSimpleApplication@1dd1b312
reloadAllAccessors: .Expression2

===========================================================================================
----------------- testing Tue Jan 15 03:17:26 UTC 2019 /home/travis/build/icyphy/ptII/ptolemy/actor/lib/test/auto/Expression3.xml
----------------- Instantiating /home/travis/build/icyphy/ptII/ptolemy/actor/lib/test/auto/Expression3.xml
1 ms. Memory: 1366528K Free: 1138830K (83%)
----------------- Invoking toplevel() on ptolemy.moml.MoMLSimpleApplication@5c2c5409
----------------- Done invoking toplevel() on ptolemy.moml.MoMLSimpleApplication@5c2c5409
reloadAllAccessors: .Expression3

===========================================================================================
----------------- testing Tue Jan 15 03:17:26 UTC 2019 /home/travis/build/icyphy/ptII/ptolemy/actor/lib/test/auto/Expression4.xml
----------------- Instantiating /home/travis/build/icyphy/ptII/ptolemy/actor/lib/test/auto/Expression4.xml
3 ms. Memory: 1366528K Free: 1126312K (82%)
----------------- Invoking toplevel() on ptolemy.moml.MoMLSimpleApplication@2f1e6bdc
----------------- Done invoking toplevel() on ptolemy.moml.MoMLSimpleApplication@2f1e6bdc
reloadAllAccessors: .Expression4

===========================================================================================
----------------- testing Tue Jan 15 03:17:26 UTC 2019 /home/travis/build/icyphy/ptII/ptolemy/actor/lib/test/auto/Expression5.xml
----------------- Instantiating /home/travis/build/icyphy/ptII/ptolemy/actor/lib/test/auto/Expression5.xml
2 ms. Memory: 1366528K Free: 1106061K (81%)
----------------- Invoking toplevel() on ptolemy.moml.MoMLSimpleApplication@40ebbc87
----------------- Done invoking toplevel() on ptolemy.moml.MoMLSimpleApplication@40ebbc87
reloadAllAccessors: .Expression5

===========================================================================================
----------------- testing Tue Jan 15 03:17:26 UTC 2019 /home/travis/build/icyphy/ptII/ptolemy/actor/lib/test/auto/Expression6.xml
----------------- Instantiating /home/travis/build/icyphy/ptII/ptolemy/actor/lib/test/auto/Expression6.xml
1 ms. Memory: 1366528K Free: 1093542K (80%)
----------------- Invoking toplevel() on ptolemy.moml.MoMLSimpleApplication@3a8249f3
----------------- Done invoking toplevel() on ptolemy.moml.MoMLSimpleApplication@3a8249f3
reloadAllAccessors: .Expression6

===========================================================================================
----------------- testing Tue Jan 15 03:17:26 UTC 2019 /home/travis/build/icyphy/ptII/ptolemy/actor/lib/test/auto/Expression7.xml
----------------- Instantiating /home/travis/build/icyphy/ptII/ptolemy/actor/lib/test/auto/Expression7.xml
2 ms. Memory: 1366528K Free: 1081024K (79%)
----------------- Invoking toplevel() on ptolemy.moml.MoMLSimpleApplication@6eae5f0d
----------------- Done invoking toplevel() on ptolemy.moml.MoMLSimpleApplication@6eae5f0d
reloadAllAccessors: .Expression7

===========================================================================================
----------------- testing Tue Jan 15 03:17:26 UTC 2019 /home/travis/build/icyphy/ptII/ptolemy/actor/lib/test/auto/Expression8.xml
----------------- Instantiating /home/travis/build/icyphy/ptII/ptolemy/actor/lib/test/auto/Expression8.xml
3 ms. Memory: 1366528K Free: 1060773K (78%)
----------------- Invoking toplevel() on ptolemy.moml.MoMLSimpleApplication@1dc11e23
----------------- Done invoking toplevel() on ptolemy.moml.MoMLSimpleApplication@1dc11e23
reloadAllAccessors: .Expression8

===========================================================================================
----------------- testing Tue Jan 15 03:17:26 UTC 2019 /home/travis/build/icyphy/ptII/ptolemy/actor/lib/test/auto/Expression9.xml
----------------- Instantiating /home/travis/build/icyphy/ptII/ptolemy/actor/lib/test/auto/Expression9.xml
0 ms. Memory: 1366528K Free: 1048255K (77%)
----------------- Invoking toplevel() on ptolemy.moml.MoMLSimpleApplication@4dd6c157
----------------- Done invoking toplevel() on ptolemy.moml.MoMLSimpleApplication@4dd6c157
reloadAllAccessors: .Expression9

===========================================================================================
----------------- testing Tue Jan 15 03:17:26 UTC 2019 /home/travis/build/icyphy/ptII/ptolemy/actor/lib/test/auto/ExpressionConcatenateArrayType.xml
----------------- Instantiating /home/travis/build/icyphy/ptII/ptolemy/actor/lib/test/auto/ExpressionConcatenateArrayType.xml
2 ms. Memory: 1366528K Free: 1035736K (76%)
----------------- Invoking toplevel() on ptolemy.moml.MoMLSimpleApplication@56ea840
----------------- Done invoking toplevel() on ptolemy.moml.MoMLSimpleApplication@56ea840
reloadAllAccessors: .ExpressionConcatenateArrayType

===========================================================================================
----------------- testing Tue Jan 15 03:17:26 UTC 2019 /home/travis/build/icyphy/ptII/ptolemy/actor/lib/test/auto/ExpressionConcatenateArrayType2.xml
----------------- Instantiating /home/travis/build/icyphy/ptII/ptolemy/actor/lib/test/auto/ExpressionConcatenateArrayType2.xml
1 ms. Memory: 1366528K Free: 1015485K (74%)
----------------- Invoking toplevel() on ptolemy.moml.MoMLSimpleApplication@aae5665
----------------- Done invoking toplevel() on ptolemy.moml.MoMLSimpleApplication@aae5665
reloadAllAccessors: .ExpressionConcatenateArrayType2

===========================================================================================
----------------- testing Tue Jan 15 03:17:26 UTC 2019 /home/travis/build/icyphy/ptII/ptolemy/actor/lib/test/auto/ExpressionFix.xml
----------------- Instantiating /home/travis/build/icyphy/ptII/ptolemy/actor/lib/test/auto/ExpressionFix.xml
13 ms. Memory: 1366528K Free: 1002967K (73%)
----------------- Invoking toplevel() on ptolemy.moml.MoMLSimpleApplication@cca6130
----------------- Done invoking toplevel() on ptolemy.moml.MoMLSimpleApplication@cca6130
reloadAllAccessors: .ExpressionFix

===========================================================================================
----------------- testing Tue Jan 15 03:17:26 UTC 2019 /home/travis/build/icyphy/ptII/ptolemy/actor/lib/test/auto/ExpressionFix2.xml
----------------- Instantiating /home/travis/build/icyphy/ptII/ptolemy/actor/lib/test/auto/ExpressionFix2.xml
3 ms. Memory: 1366528K Free: 990448K (72%)
----------------- Invoking toplevel() on ptolemy.moml.MoMLSimpleApplication@3d967313
----------------- Done invoking toplevel() on ptolemy.moml.MoMLSimpleApplication@3d967313
reloadAllAccessors: .ExpressionFix2

===========================================================================================
----------------- testing Tue Jan 15 03:17:26 UTC 2019 /home/travis/build/icyphy/ptII/ptolemy/actor/lib/test/auto/ExpressionFix3.xml
----------------- Instantiating /home/travis/build/icyphy/ptII/ptolemy/actor/lib/test/auto/ExpressionFix3.xml
3 ms. Memory: 1366528K Free: 970198K (71%)
----------------- Invoking toplevel() on ptolemy.moml.MoMLSimpleApplication@42197c14
----------------- Done invoking toplevel() on ptolemy.moml.MoMLSimpleApplication@42197c14
reloadAllAccessors: .ExpressionFix3

===========================================================================================
----------------- testing Tue Jan 15 03:17:27 UTC 2019 /home/travis/build/icyphy/ptII/ptolemy/actor/lib/test/auto/FileWriter1.xml
----------------- Instantiating /home/travis/build/icyphy/ptII/ptolemy/actor/lib/test/auto/FileWriter1.xml
1 ms. Memory: 1366528K Free: 957679K (70%)
----------------- Invoking toplevel() on ptolemy.moml.MoMLSimpleApplication@5e640aac
----------------- Done invoking toplevel() on ptolemy.moml.MoMLSimpleApplication@5e640aac
reloadAllAccessors: .FileWriter1

===========================================================================================
----------------- testing Tue Jan 15 03:17:27 UTC 2019 /home/travis/build/icyphy/ptII/ptolemy/actor/lib/test/auto/FileWriter2.xml
----------------- Instantiating /home/travis/build/icyphy/ptII/ptolemy/actor/lib/test/auto/FileWriter2.xml
5 ms. Memory: 1366528K Free: 945161K (69%)
----------------- Invoking toplevel() on ptolemy.moml.MoMLSimpleApplication@53b107d2
----------------- Done invoking toplevel() on ptolemy.moml.MoMLSimpleApplication@53b107d2
reloadAllAccessors: .FileWriter2

===========================================================================================
----------------- testing Tue Jan 15 03:17:27 UTC 2019 /home/travis/build/icyphy/ptII/ptolemy/actor/lib/test/auto/FileWriter3.xml
----------------- Instantiating /home/travis/build/icyphy/ptII/ptolemy/actor/lib/test/auto/FileWriter3.xml
5 ms. Memory: 1366528K Free: 932642K (68%)
----------------- Invoking toplevel() on ptolemy.moml.MoMLSimpleApplication@7b3e2da6
----------------- Done invoking toplevel() on ptolemy.moml.MoMLSimpleApplication@7b3e2da6
reloadAllAccessors: .FileWriter3

===========================================================================================
----------------- testing Tue Jan 15 03:17:27 UTC 2019 /home/travis/build/icyphy/ptII/ptolemy/actor/lib/test/auto/Gaussian.xml
----------------- Instantiating /home/travis/build/icyphy/ptII/ptolemy/actor/lib/test/auto/Gaussian.xml
3 ms. Memory: 1366528K Free: 912391K (67%)
----------------- Invoking toplevel() on ptolemy.moml.MoMLSimpleApplication@17630b01
----------------- Done invoking toplevel() on ptolemy.moml.MoMLSimpleApplication@17630b01
reloadAllAccessors: .Gaussian

===========================================================================================
----------------- testing Tue Jan 15 03:17:27 UTC 2019 /home/travis/build/icyphy/ptII/ptolemy/actor/lib/test/auto/Gaussian1.xml
----------------- Instantiating /home/travis/build/icyphy/ptII/ptolemy/actor/lib/test/auto/Gaussian1.xml
6 ms. Memory: 1366528K Free: 899873K (66%)
----------------- Invoking toplevel() on ptolemy.moml.MoMLSimpleApplication@51baa134
----------------- Done invoking toplevel() on ptolemy.moml.MoMLSimpleApplication@51baa134
reloadAllAccessors: .Gaussian1

===========================================================================================
----------------- testing Tue Jan 15 03:17:27 UTC 2019 /home/travis/build/icyphy/ptII/ptolemy/actor/lib/test/auto/Gaussian2.xml
----------------- Instantiating /home/travis/build/icyphy/ptII/ptolemy/actor/lib/test/auto/Gaussian2.xml
2 ms. Memory: 1366528K Free: 887355K (65%)
----------------- Invoking toplevel() on ptolemy.moml.MoMLSimpleApplication@6787b143
----------------- Done invoking toplevel() on ptolemy.moml.MoMLSimpleApplication@6787b143
reloadAllAccessors: .Gaussian2

===========================================================================================
----------------- testing Tue Jan 15 03:17:27 UTC 2019 /home/travis/build/icyphy/ptII/ptolemy/actor/lib/test/auto/GradientAdaptiveLattice.xml
----------------- Instantiating /home/travis/build/icyphy/ptII/ptolemy/actor/lib/test/auto/GradientAdaptiveLattice.xml
3 ms. Memory: 1366528K Free: 867104K (63%)
----------------- Invoking toplevel() on ptolemy.moml.MoMLSimpleApplication@37100fa2
----------------- Done invoking toplevel() on ptolemy.moml.MoMLSimpleApplication@37100fa2
reloadAllAccessors: .GradientAdaptiveLattice

===========================================================================================
----------------- testing Tue Jan 15 03:17:27 UTC 2019 /home/travis/build/icyphy/ptII/ptolemy/actor/lib/test/auto/IIR.xml
----------------- Instantiating /home/travis/build/icyphy/ptII/ptolemy/actor/lib/test/auto/IIR.xml
1 ms. Memory: 1366528K Free: 854585K (63%)
----------------- Invoking toplevel() on ptolemy.moml.MoMLSimpleApplication@4d578174
----------------- Done invoking toplevel() on ptolemy.moml.MoMLSimpleApplication@4d578174
reloadAllAccessors: .IIR

===========================================================================================
----------------- testing Tue Jan 15 03:17:27 UTC 2019 /home/travis/build/icyphy/ptII/ptolemy/actor/lib/test/auto/InputOutputTransparentPorts.xml
----------------- Instantiating /home/travis/build/icyphy/ptII/ptolemy/actor/lib/test/auto/InputOutputTransparentPorts.xml
3 ms. Memory: 1366528K Free: 842067K (62%)
----------------- Invoking toplevel() on ptolemy.moml.MoMLSimpleApplication@167bffa4
----------------- Done invoking toplevel() on ptolemy.moml.MoMLSimpleApplication@167bffa4
reloadAllAccessors: .InputOutputTransparentPorts

===========================================================================================
----------------- testing Tue Jan 15 03:17:27 UTC 2019 /home/travis/build/icyphy/ptII/ptolemy/actor/lib/test/auto/Interpolator.xml
----------------- Instantiating /home/travis/build/icyphy/ptII/ptolemy/actor/lib/test/auto/Interpolator.xml
3 ms. Memory: 1366528K Free: 821816K (60%)
----------------- Invoking toplevel() on ptolemy.moml.MoMLSimpleApplication@4fe09dc
----------------- Done invoking toplevel() on ptolemy.moml.MoMLSimpleApplication@4fe09dc
reloadAllAccessors: .Interpolator

===========================================================================================
----------------- testing Tue Jan 15 03:17:27 UTC 2019 /home/travis/build/icyphy/ptII/ptolemy/actor/lib/test/auto/InterpolatorFiringLimitDE.xml
----------------- Instantiating /home/travis/build/icyphy/ptII/ptolemy/actor/lib/test/auto/InterpolatorFiringLimitDE.xml
2 ms. Memory: 1366528K Free: 809298K (59%)
----------------- Invoking toplevel() on ptolemy.moml.MoMLSimpleApplication@65cd8320
----------------- Done invoking toplevel() on ptolemy.moml.MoMLSimpleApplication@65cd8320
reloadAllAccessors: .InterpolatorFiringLimitDE

===========================================================================================
----------------- testing Tue Jan 15 03:17:27 UTC 2019 /home/travis/build/icyphy/ptII/ptolemy/actor/lib/test/auto/Lattice.xml
----------------- Instantiating /home/travis/build/icyphy/ptII/ptolemy/actor/lib/test/auto/Lattice.xml
1 ms. Memory: 1366528K Free: 796779K (58%)
----------------- Invoking toplevel() on ptolemy.moml.MoMLSimpleApplication@1b2c63
----------------- Done invoking toplevel() on ptolemy.moml.MoMLSimpleApplication@1b2c63
reloadAllAccessors: .Lattice

===========================================================================================
----------------- testing Tue Jan 15 03:17:27 UTC 2019 /home/travis/build/icyphy/ptII/ptolemy/actor/lib/test/auto/LazyAOCTestLazy.xml
----------------- Instantiating /home/travis/build/icyphy/ptII/ptolemy/actor/lib/test/auto/LazyAOCTestLazy.xml
8 ms. Memory: 1366528K Free: 776528K (57%)
----------------- Invoking toplevel() on ptolemy.moml.MoMLSimpleApplication@4b5bb470
----------------- Done invoking toplevel() on ptolemy.moml.MoMLSimpleApplication@4b5bb470
reloadAllAccessors: .LazyAOCTestLazy

===========================================================================================
----------------- testing Tue Jan 15 03:17:27 UTC 2019 /home/travis/build/icyphy/ptII/ptolemy/actor/lib/test/auto/LazyAOCTestNonLazy.xml
----------------- Instantiating /home/travis/build/icyphy/ptII/ptolemy/actor/lib/test/auto/LazyAOCTestNonLazy.xml
1 ms. Memory: 1366528K Free: 764010K (56%)
----------------- Invoking toplevel() on ptolemy.moml.MoMLSimpleApplication@7fdf4779
----------------- Done invoking toplevel() on ptolemy.moml.MoMLSimpleApplication@7fdf4779
reloadAllAccessors: .LazyAOCTestNonLazy

===========================================================================================
----------------- testing Tue Jan 15 03:17:27 UTC 2019 /home/travis/build/icyphy/ptII/ptolemy/actor/lib/test/auto/LazyInnerClass.xml
----------------- Instantiating /home/travis/build/icyphy/ptII/ptolemy/actor/lib/test/auto/LazyInnerClass.xml
9 ms. Memory: 1366528K Free: 751491K (55%)
----------------- Invoking toplevel() on ptolemy.moml.MoMLSimpleApplication@6631e515
----------------- Done invoking toplevel() on ptolemy.moml.MoMLSimpleApplication@6631e515
reloadAllAccessors: .LazyInnerClass

===========================================================================================
----------------- testing Tue Jan 15 03:17:27 UTC 2019 /home/travis/build/icyphy/ptII/ptolemy/actor/lib/test/auto/LazyPubSub.xml
----------------- Instantiating /home/travis/build/icyphy/ptII/ptolemy/actor/lib/test/auto/LazyPubSub.xml
14 ms. Memory: 1366528K Free: 731240K (54%)
----------------- Invoking toplevel() on ptolemy.moml.MoMLSimpleApplication@6fae9a3b
----------------- Done invoking toplevel() on ptolemy.moml.MoMLSimpleApplication@6fae9a3b
reloadAllAccessors: .LazyPubSub

===========================================================================================
----------------- testing Tue Jan 15 03:17:27 UTC 2019 /home/travis/build/icyphy/ptII/ptolemy/actor/lib/test/auto/LazyPubSub2.xml
----------------- Instantiating /home/travis/build/icyphy/ptII/ptolemy/actor/lib/test/auto/LazyPubSub2.xml
18 ms. Memory: 1366528K Free: 718722K (53%)
----------------- Invoking toplevel() on ptolemy.moml.MoMLSimpleApplication@768b8508
----------------- Done invoking toplevel() on ptolemy.moml.MoMLSimpleApplication@768b8508
reloadAllAccessors: .LazyPubSub2

===========================================================================================
----------------- testing Tue Jan 15 03:17:27 UTC 2019 /home/travis/build/icyphy/ptII/ptolemy/actor/lib/test/auto/LazyPubSub3.xml
----------------- Instantiating /home/travis/build/icyphy/ptII/ptolemy/actor/lib/test/auto/LazyPubSub3.xml
13 ms. Memory: 1366528K Free: 706204K (52%)
----------------- Invoking toplevel() on ptolemy.moml.MoMLSimpleApplication@7b6e0031
----------------- Done invoking toplevel() on ptolemy.moml.MoMLSimpleApplication@7b6e0031
reloadAllAccessors: .LazyPubSub3

===========================================================================================
----------------- testing Tue Jan 15 03:17:27 UTC 2019 /home/travis/build/icyphy/ptII/ptolemy/actor/lib/test/auto/LazySubClassModel.xml
----------------- Instantiating /home/travis/build/icyphy/ptII/ptolemy/actor/lib/test/auto/LazySubClassModel.xml
2 ms. Memory: 1366528K Free: 687410K (50%)
----------------- Invoking toplevel() on ptolemy.moml.MoMLSimpleApplication@8ebd24
----------------- Done invoking toplevel() on ptolemy.moml.MoMLSimpleApplication@8ebd24
reloadAllAccessors: .LazySubClassModel

===========================================================================================
----------------- testing Tue Jan 15 03:17:27 UTC 2019 /home/travis/build/icyphy/ptII/ptolemy/actor/lib/test/auto/LevelCrossTest1.xml
----------------- Instantiating /home/travis/build/icyphy/ptII/ptolemy/actor/lib/test/auto/LevelCrossTest1.xml
1 ms. Memory: 1366528K Free: 667159K (49%)
----------------- Invoking toplevel() on ptolemy.moml.MoMLSimpleApplication@56db8deb
----------------- Done invoking toplevel() on ptolemy.moml.MoMLSimpleApplication@56db8deb
reloadAllAccessors: .broken

===========================================================================================
----------------- testing Tue Jan 15 03:17:27 UTC 2019 /home/travis/build/icyphy/ptII/ptolemy/actor/lib/test/auto/LevelCrossTest10.xml
----------------- Instantiating /home/travis/build/icyphy/ptII/ptolemy/actor/lib/test/auto/LevelCrossTest10.xml
1 ms. Memory: 1366528K Free: 654641K (48%)
----------------- Invoking toplevel() on ptolemy.moml.MoMLSimpleApplication@3ce880aa
----------------- Done invoking toplevel() on ptolemy.moml.MoMLSimpleApplication@3ce880aa
reloadAllAccessors: .LevelCrossTest10

===========================================================================================
----------------- testing Tue Jan 15 03:17:27 UTC 2019 /home/travis/build/icyphy/ptII/ptolemy/actor/lib/test/auto/LevelCrossTest11.xml
----------------- Instantiating /home/travis/build/icyphy/ptII/ptolemy/actor/lib/test/auto/LevelCrossTest11.xml
1 ms. Memory: 1366528K Free: 642122K (47%)
----------------- Invoking toplevel() on ptolemy.moml.MoMLSimpleApplication@7a518d5a
----------------- Done invoking toplevel() on ptolemy.moml.MoMLSimpleApplication@7a518d5a
reloadAllAccessors: .LevelCrossTest11

===========================================================================================
----------------- testing Tue Jan 15 03:17:27 UTC 2019 /home/travis/build/icyphy/ptII/ptolemy/actor/lib/test/auto/LevelCrossTest12.xml
----------------- Instantiating /home/travis/build/icyphy/ptII/ptolemy/actor/lib/test/auto/LevelCrossTest12.xml
0 ms. Memory: 1366528K Free: 621871K (46%)
----------------- Invoking toplevel() on ptolemy.moml.MoMLSimpleApplication@24452bee
----------------- Done invoking toplevel() on ptolemy.moml.MoMLSimpleApplication@24452bee
reloadAllAccessors: .LevelCrossTest12

===========================================================================================
----------------- testing Tue Jan 15 03:17:27 UTC 2019 /home/travis/build/icyphy/ptII/ptolemy/actor/lib/test/auto/LevelCrossTest13.xml
----------------- Instantiating /home/travis/build/icyphy/ptII/ptolemy/actor/lib/test/auto/LevelCrossTest13.xml
1 ms. Memory: 1366528K Free: 609353K (45%)
----------------- Invoking toplevel() on ptolemy.moml.MoMLSimpleApplication@6c29292c
----------------- Done invoking toplevel() on ptolemy.moml.MoMLSimpleApplication@6c29292c
reloadAllAccessors: .LevelCrossTest13

===========================================================================================
----------------- testing Tue Jan 15 03:17:27 UTC 2019 /home/travis/build/icyphy/ptII/ptolemy/actor/lib/test/auto/LevelCrossTest2.xml
----------------- Instantiating /home/travis/build/icyphy/ptII/ptolemy/actor/lib/test/auto/LevelCrossTest2.xml
1 ms. Memory: 1366528K Free: 596834K (44%)
----------------- Invoking toplevel() on ptolemy.moml.MoMLSimpleApplication@42dde30f
----------------- Done invoking toplevel() on ptolemy.moml.MoMLSimpleApplication@42dde30f
reloadAllAccessors: .broken

===========================================================================================
----------------- testing Tue Jan 15 03:17:27 UTC 2019 /home/travis/build/icyphy/ptII/ptolemy/actor/lib/test/auto/LevelCrossTest3.xml
----------------- Instantiating /home/travis/build/icyphy/ptII/ptolemy/actor/lib/test/auto/LevelCrossTest3.xml
1 ms. Memory: 1366528K Free: 576583K (42%)
----------------- Invoking toplevel() on ptolemy.moml.MoMLSimpleApplication@37f21aaf
----------------- Done invoking toplevel() on ptolemy.moml.MoMLSimpleApplication@37f21aaf
reloadAllAccessors: .LevelCrossTest3

===========================================================================================
----------------- testing Tue Jan 15 03:17:27 UTC 2019 /home/travis/build/icyphy/ptII/ptolemy/actor/lib/test/auto/LevelCrossTest4.xml
----------------- Instantiating /home/travis/build/icyphy/ptII/ptolemy/actor/lib/test/auto/LevelCrossTest4.xml
1 ms. Memory: 1366528K Free: 564065K (41%)
----------------- Invoking toplevel() on ptolemy.moml.MoMLSimpleApplication@6c1dc88f
----------------- Done invoking toplevel() on ptolemy.moml.MoMLSimpleApplication@6c1dc88f
reloadAllAccessors: .broken

===========================================================================================
----------------- testing Tue Jan 15 03:17:27 UTC 2019 /home/travis/build/icyphy/ptII/ptolemy/actor/lib/test/auto/LevelCrossTest5.xml
----------------- Instantiating /home/travis/build/icyphy/ptII/ptolemy/actor/lib/test/auto/LevelCrossTest5.xml
1 ms. Memory: 1366528K Free: 551547K (40%)
----------------- Invoking toplevel() on ptolemy.moml.MoMLSimpleApplication@2d985e92
----------------- Done invoking toplevel() on ptolemy.moml.MoMLSimpleApplication@2d985e92
reloadAllAccessors: .LevelCrossTest5

===========================================================================================
----------------- testing Tue Jan 15 03:17:27 UTC 2019 /home/travis/build/icyphy/ptII/ptolemy/actor/lib/test/auto/LevelCrossTest6.xml
----------------- Instantiating /home/travis/build/icyphy/ptII/ptolemy/actor/lib/test/auto/LevelCrossTest6.xml
1 ms. Memory: 1366528K Free: 531296K (39%)
----------------- Invoking toplevel() on ptolemy.moml.MoMLSimpleApplication@1c28371
----------------- Done invoking toplevel() on ptolemy.moml.MoMLSimpleApplication@1c28371
reloadAllAccessors: .LevelCrossTest6

===========================================================================================
----------------- testing Tue Jan 15 03:17:27 UTC 2019 /home/travis/build/icyphy/ptII/ptolemy/actor/lib/test/auto/LevelCrossTest7.xml
----------------- Instantiating /home/travis/build/icyphy/ptII/ptolemy/actor/lib/test/auto/LevelCrossTest7.xml
1 ms. Memory: 1366528K Free: 518777K (38%)
----------------- Invoking toplevel() on ptolemy.moml.MoMLSimpleApplication@a7f7e1
----------------- Done invoking toplevel() on ptolemy.moml.MoMLSimpleApplication@a7f7e1
reloadAllAccessors: .LevelCrossTest7

===========================================================================================
----------------- testing Tue Jan 15 03:17:27 UTC 2019 /home/travis/build/icyphy/ptII/ptolemy/actor/lib/test/auto/LevelCrossTest8.xml
----------------- Instantiating /home/travis/build/icyphy/ptII/ptolemy/actor/lib/test/auto/LevelCrossTest8.xml
1 ms. Memory: 1366528K Free: 506259K (37%)
----------------- Invoking toplevel() on ptolemy.moml.MoMLSimpleApplication@2a2ee9f3
----------------- Done invoking toplevel() on ptolemy.moml.MoMLSimpleApplication@2a2ee9f3
reloadAllAccessors: .LevelCrossTest8

===========================================================================================
----------------- testing Tue Jan 15 03:17:27 UTC 2019 /home/travis/build/icyphy/ptII/ptolemy/actor/lib/test/auto/LevelCrossTest9.xml
----------------- Instantiating /home/travis/build/icyphy/ptII/ptolemy/actor/lib/test/auto/LevelCrossTest9.xml
2 ms. Memory: 1366528K Free: 486008K (36%)
----------------- Invoking toplevel() on ptolemy.moml.MoMLSimpleApplication@406739e3
----------------- Done invoking toplevel() on ptolemy.moml.MoMLSimpleApplication@406739e3
reloadAllAccessors: .LevelCrossTest9

===========================================================================================
----------------- testing Tue Jan 15 03:17:27 UTC 2019 /home/travis/build/icyphy/ptII/ptolemy/actor/lib/test/auto/LevinsonDurbin.xml
----------------- Instantiating /home/travis/build/icyphy/ptII/ptolemy/actor/lib/test/auto/LevinsonDurbin.xml
1 ms. Memory: 1366528K Free: 473489K (35%)
----------------- Invoking toplevel() on ptolemy.moml.MoMLSimpleApplication@4bfbd675
----------------- Done invoking toplevel() on ptolemy.moml.MoMLSimpleApplication@4bfbd675
reloadAllAccessors: .LevinsonDurbin

===========================================================================================
----------------- testing Tue Jan 15 03:17:27 UTC 2019 /home/travis/build/icyphy/ptII/ptolemy/actor/lib/test/auto/LevinsonDurbin2.xml
----------------- Instantiating /home/travis/build/icyphy/ptII/ptolemy/actor/lib/test/auto/LevinsonDurbin2.xml
2 ms. Memory: 1366528K Free: 460971K (34%)
----------------- Invoking toplevel() on ptolemy.moml.MoMLSimpleApplication@246145af
----------------- Done invoking toplevel() on ptolemy.moml.MoMLSimpleApplication@246145af
reloadAllAccessors: .LevinsonDurbin2

===========================================================================================
----------------- testing Tue Jan 15 03:17:27 UTC 2019 /home/travis/build/icyphy/ptII/ptolemy/actor/lib/test/auto/LevinsonDurbin3.xml
----------------- Instantiating /home/travis/build/icyphy/ptII/ptolemy/actor/lib/test/auto/LevinsonDurbin3.xml
2 ms. Memory: 1366528K Free: 448452K (33%)
----------------- Invoking toplevel() on ptolemy.moml.MoMLSimpleApplication@412a1462
----------------- Done invoking toplevel() on ptolemy.moml.MoMLSimpleApplication@412a1462
reloadAllAccessors: .LevinsonDurbin3

===========================================================================================
----------------- testing Tue Jan 15 03:17:27 UTC 2019 /home/travis/build/icyphy/ptII/ptolemy/actor/lib/test/auto/Limiter.xml
----------------- Instantiating /home/travis/build/icyphy/ptII/ptolemy/actor/lib/test/auto/Limiter.xml
4 ms. Memory: 1366528K Free: 421926K (31%)
----------------- Invoking toplevel() on ptolemy.moml.MoMLSimpleApplication@425b1af1
----------------- Done invoking toplevel() on ptolemy.moml.MoMLSimpleApplication@425b1af1
reloadAllAccessors: .Limiter

===========================================================================================
----------------- testing Tue Jan 15 03:17:27 UTC 2019 /home/travis/build/icyphy/ptII/ptolemy/actor/lib/test/auto/LinearDifferenceEquationSystem.xml
----------------- Instantiating /home/travis/build/icyphy/ptII/ptolemy/actor/lib/test/auto/LinearDifferenceEquationSystem.xml
2 ms. Memory: 1366528K Free: 409408K (30%)
----------------- Invoking toplevel() on ptolemy.moml.MoMLSimpleApplication@3eec2ca5
----------------- Done invoking toplevel() on ptolemy.moml.MoMLSimpleApplication@3eec2ca5
reloadAllAccessors: .LinearDifferenceEquationSystem

===========================================================================================
----------------- testing Tue Jan 15 03:17:27 UTC 2019 /home/travis/build/icyphy/ptII/ptolemy/actor/lib/test/auto/LookupTable.xml
----------------- Instantiating /home/travis/build/icyphy/ptII/ptolemy/actor/lib/test/auto/LookupTable.xml
1 ms. Memory: 1366528K Free: 396889K (29%)
----------------- Invoking toplevel() on ptolemy.moml.MoMLSimpleApplication@49eb475a
----------------- Done invoking toplevel() on ptolemy.moml.MoMLSimpleApplication@49eb475a
reloadAllAccessors: .LookupTable

===========================================================================================
----------------- testing Tue Jan 15 03:17:27 UTC 2019 /home/travis/build/icyphy/ptII/ptolemy/actor/lib/test/auto/MathFunction.xml
----------------- Instantiating /home/travis/build/icyphy/ptII/ptolemy/actor/lib/test/auto/MathFunction.xml
1 ms. Memory: 1366528K Free: 368501K (27%)
----------------- Invoking toplevel() on ptolemy.moml.MoMLSimpleApplication@47a5f5cb
----------------- Done invoking toplevel() on ptolemy.moml.MoMLSimpleApplication@47a5f5cb
reloadAllAccessors: .MathFunction

===========================================================================================
----------------- testing Tue Jan 15 03:17:27 UTC 2019 /home/travis/build/icyphy/ptII/ptolemy/actor/lib/test/auto/MathFunction2.xml
----------------- Instantiating /home/travis/build/icyphy/ptII/ptolemy/actor/lib/test/auto/MathFunction2.xml
1 ms. Memory: 1366528K Free: 355983K (26%)
----------------- Invoking toplevel() on ptolemy.moml.MoMLSimpleApplication@6ac0f804
----------------- Done invoking toplevel() on ptolemy.moml.MoMLSimpleApplication@6ac0f804
reloadAllAccessors: .MathFunction2

===========================================================================================
----------------- testing Tue Jan 15 03:17:27 UTC 2019 /home/travis/build/icyphy/ptII/ptolemy/actor/lib/test/auto/MathFunction3.xml
----------------- Instantiating /home/travis/build/icyphy/ptII/ptolemy/actor/lib/test/auto/MathFunction3.xml
3 ms. Memory: 1366528K Free: 343464K (25%)
----------------- Invoking toplevel() on ptolemy.moml.MoMLSimpleApplication@3f0ae428
----------------- Done invoking toplevel() on ptolemy.moml.MoMLSimpleApplication@3f0ae428
reloadAllAccessors: .MathFunction3

===========================================================================================
----------------- testing Tue Jan 15 03:17:27 UTC 2019 /home/travis/build/icyphy/ptII/ptolemy/actor/lib/test/auto/MatrixCropBoolean.xml
----------------- Instantiating /home/travis/build/icyphy/ptII/ptolemy/actor/lib/test/auto/MatrixCropBoolean.xml
2 ms. Memory: 1366528K Free: 323214K (24%)
----------------- Invoking toplevel() on ptolemy.moml.MoMLSimpleApplication@54f1aaf8
----------------- Done invoking toplevel() on ptolemy.moml.MoMLSimpleApplication@54f1aaf8
reloadAllAccessors: .MatrixCropBoolean

===========================================================================================
----------------- testing Tue Jan 15 03:17:27 UTC 2019 /home/travis/build/icyphy/ptII/ptolemy/actor/lib/test/auto/MatrixCropComplex.xml
----------------- Instantiating /home/travis/build/icyphy/ptII/ptolemy/actor/lib/test/auto/MatrixCropComplex.xml
3 ms. Memory: 1366528K Free: 310695K (23%)
----------------- Invoking toplevel() on ptolemy.moml.MoMLSimpleApplication@29352977
----------------- Done invoking toplevel() on ptolemy.moml.MoMLSimpleApplication@29352977
reloadAllAccessors: .MatrixCropComplex

===========================================================================================
----------------- testing Tue Jan 15 03:17:27 UTC 2019 /home/travis/build/icyphy/ptII/ptolemy/actor/lib/test/auto/MatrixCropDouble.xml
----------------- Instantiating /home/travis/build/icyphy/ptII/ptolemy/actor/lib/test/auto/MatrixCropDouble.xml
3 ms. Memory: 1366528K Free: 298177K (22%)
----------------- Invoking toplevel() on ptolemy.moml.MoMLSimpleApplication@60c0b947
----------------- Done invoking toplevel() on ptolemy.moml.MoMLSimpleApplication@60c0b947
reloadAllAccessors: .MatrixCropDouble

===========================================================================================
----------------- testing Tue Jan 15 03:17:27 UTC 2019 /home/travis/build/icyphy/ptII/ptolemy/actor/lib/test/auto/MatrixCropFix.xml
----------------- Instantiating /home/travis/build/icyphy/ptII/ptolemy/actor/lib/test/auto/MatrixCropFix.xml
3 ms. Memory: 1366528K Free: 277926K (20%)
----------------- Invoking toplevel() on ptolemy.moml.MoMLSimpleApplication@6c4745f3
----------------- Done invoking toplevel() on ptolemy.moml.MoMLSimpleApplication@6c4745f3
reloadAllAccessors: .MatrixCropFix

===========================================================================================
----------------- testing Tue Jan 15 03:17:27 UTC 2019 /home/travis/build/icyphy/ptII/ptolemy/actor/lib/test/auto/MatrixCropInt.xml
----------------- Instantiating /home/travis/build/icyphy/ptII/ptolemy/actor/lib/test/auto/MatrixCropInt.xml
3 ms. Memory: 1366528K Free: 265408K (19%)
----------------- Invoking toplevel() on ptolemy.moml.MoMLSimpleApplication@10a2271a
----------------- Done invoking toplevel() on ptolemy.moml.MoMLSimpleApplication@10a2271a
reloadAllAccessors: .MatrixCropInt

===========================================================================================
----------------- testing Tue Jan 15 03:17:27 UTC 2019 /home/travis/build/icyphy/ptII/ptolemy/actor/lib/test/auto/MatrixCropLong.xml
----------------- Instantiating /home/travis/build/icyphy/ptII/ptolemy/actor/lib/test/auto/MatrixCropLong.xml
1 ms. Memory: 1366528K Free: 252889K (19%)
----------------- Invoking toplevel() on ptolemy.moml.MoMLSimpleApplication@9641cb9
----------------- Done invoking toplevel() on ptolemy.moml.MoMLSimpleApplication@9641cb9
reloadAllAccessors: .MatrixCropLong

===========================================================================================
----------------- testing Tue Jan 15 03:17:27 UTC 2019 /home/travis/build/icyphy/ptII/ptolemy/actor/lib/test/auto/MatrixToArray.xml
----------------- Instantiating /home/travis/build/icyphy/ptII/ptolemy/actor/lib/test/auto/MatrixToArray.xml
5 ms. Memory: 1366528K Free: 220120K (16%)
----------------- Invoking toplevel() on ptolemy.moml.MoMLSimpleApplication@6bdaa2ac
----------------- Done invoking toplevel() on ptolemy.moml.MoMLSimpleApplication@6bdaa2ac
reloadAllAccessors: .MatrixToArray

===========================================================================================
----------------- testing Tue Jan 15 03:17:28 UTC 2019 /home/travis/build/icyphy/ptII/ptolemy/actor/lib/test/auto/MaxIndex.xml
----------------- Instantiating /home/travis/build/icyphy/ptII/ptolemy/actor/lib/test/auto/MaxIndex.xml
1 ms. Memory: 1366528K Free: 207601K (15%)
----------------- Invoking toplevel() on ptolemy.moml.MoMLSimpleApplication@60dc3910
----------------- Done invoking toplevel() on ptolemy.moml.MoMLSimpleApplication@60dc3910
reloadAllAccessors: .MaxIndex

===========================================================================================
----------------- testing Tue Jan 15 03:17:28 UTC 2019 /home/travis/build/icyphy/ptII/ptolemy/actor/lib/test/auto/Maximum.xml
----------------- Instantiating /home/travis/build/icyphy/ptII/ptolemy/actor/lib/test/auto/Maximum.xml
1 ms. Memory: 1366528K Free: 195083K (14%)
----------------- Invoking toplevel() on ptolemy.moml.MoMLSimpleApplication@503a7158
----------------- Done invoking toplevel() on ptolemy.moml.MoMLSimpleApplication@503a7158
reloadAllAccessors: .Maximum

===========================================================================================
----------------- testing Tue Jan 15 03:17:28 UTC 2019 /home/travis/build/icyphy/ptII/ptolemy/actor/lib/test/auto/MaximumComplex.xml
----------------- Instantiating /home/travis/build/icyphy/ptII/ptolemy/actor/lib/test/auto/MaximumComplex.xml
3 ms. Memory: 1366528K Free: 174832K (13%)
----------------- Invoking toplevel() on ptolemy.moml.MoMLSimpleApplication@5f5ee0ef
----------------- Done invoking toplevel() on ptolemy.moml.MoMLSimpleApplication@5f5ee0ef
reloadAllAccessors: .MaximumComplex

===========================================================================================
----------------- testing Tue Jan 15 03:17:28 UTC 2019 /home/travis/build/icyphy/ptII/ptolemy/actor/lib/test/auto/MethodCallTest.xml
----------------- Instantiating /home/travis/build/icyphy/ptII/ptolemy/actor/lib/test/auto/MethodCallTest.xml
2 ms. Memory: 1366528K Free: 162314K (12%)
----------------- Invoking toplevel() on ptolemy.moml.MoMLSimpleApplication@42561697
----------------- Done invoking toplevel() on ptolemy.moml.MoMLSimpleApplication@42561697
reloadAllAccessors: .MethodCallTest

===========================================================================================
----------------- testing Tue Jan 15 03:17:28 UTC 2019 /home/travis/build/icyphy/ptII/ptolemy/actor/lib/test/auto/Minimum.xml
----------------- Instantiating /home/travis/build/icyphy/ptII/ptolemy/actor/lib/test/auto/Minimum.xml
2 ms. Memory: 1366528K Free: 149795K (11%)
----------------- Invoking toplevel() on ptolemy.moml.MoMLSimpleApplication@10c575ef
----------------- Done invoking toplevel() on ptolemy.moml.MoMLSimpleApplication@10c575ef
reloadAllAccessors: .Minimum

===========================================================================================
----------------- testing Tue Jan 15 03:17:28 UTC 2019 /home/travis/build/icyphy/ptII/ptolemy/actor/lib/test/auto/MinimumComplex.xml
----------------- Instantiating /home/travis/build/icyphy/ptII/ptolemy/actor/lib/test/auto/MinimumComplex.xml
2 ms. Memory: 1366528K Free: 129544K (9%)
----------------- Invoking toplevel() on ptolemy.moml.MoMLSimpleApplication@34ced966
----------------- Done invoking toplevel() on ptolemy.moml.MoMLSimpleApplication@34ced966
reloadAllAccessors: .MinimumComplex

===========================================================================================
----------------- testing Tue Jan 15 03:17:28 UTC 2019 /home/travis/build/icyphy/ptII/ptolemy/actor/lib/test/auto/MinimumMultiports.xml
----------------- Instantiating /home/travis/build/icyphy/ptII/ptolemy/actor/lib/test/auto/MinimumMultiports.xml
3 ms. Memory: 1366528K Free: 117026K (9%)
----------------- Invoking toplevel() on ptolemy.moml.MoMLSimpleApplication@34ca329
----------------- Done invoking toplevel() on ptolemy.moml.MoMLSimpleApplication@34ca329
reloadAllAccessors: .MinimumMultiports

===========================================================================================
----------------- testing Tue Jan 15 03:17:28 UTC 2019 /home/travis/build/icyphy/ptII/ptolemy/actor/lib/test/auto/ModifyDate.xml
----------------- Instantiating /home/travis/build/icyphy/ptII/ptolemy/actor/lib/test/auto/ModifyDate.xml
4 ms. Memory: 1366528K Free: 98232K (7%)
----------------- Invoking toplevel() on ptolemy.moml.MoMLSimpleApplication@5522a3f9
----------------- Done invoking toplevel() on ptolemy.moml.MoMLSimpleApplication@5522a3f9
reloadAllAccessors: .ModifyDate

===========================================================================================
----------------- testing Tue Jan 15 03:17:28 UTC 2019 /home/travis/build/icyphy/ptII/ptolemy/actor/lib/test/auto/ModifyDate2.xml
----------------- Instantiating /home/travis/build/icyphy/ptII/ptolemy/actor/lib/test/auto/ModifyDate2.xml
2 ms. Memory: 1366528K Free: 79455K (6%)
----------------- Invoking toplevel() on ptolemy.moml.MoMLSimpleApplication@7330895e
----------------- Done invoking toplevel() on ptolemy.moml.MoMLSimpleApplication@7330895e
reloadAllAccessors: .ModifyDate2

===========================================================================================
----------------- testing Tue Jan 15 03:17:28 UTC 2019 /home/travis/build/icyphy/ptII/ptolemy/actor/lib/test/auto/MovingAverage.xml
----------------- Instantiating /home/travis/build/icyphy/ptII/ptolemy/actor/lib/test/auto/MovingAverage.xml
2 ms. Memory: 1599488K Free: 1543425K (96%)
----------------- Invoking toplevel() on ptolemy.moml.MoMLSimpleApplication@4b7ab39a
----------------- Done invoking toplevel() on ptolemy.moml.MoMLSimpleApplication@4b7ab39a
reloadAllAccessors: .MovingAverage

===========================================================================================
----------------- testing Tue Jan 15 03:17:28 UTC 2019 /home/travis/build/icyphy/ptII/ptolemy/actor/lib/test/auto/MovingMaximum.xml
----------------- Instantiating /home/travis/build/icyphy/ptII/ptolemy/actor/lib/test/auto/MovingMaximum.xml
1 ms. Memory: 1599488K Free: 1515586K (95%)
----------------- Invoking toplevel() on ptolemy.moml.MoMLSimpleApplication@38d85185
----------------- Done invoking toplevel() on ptolemy.moml.MoMLSimpleApplication@38d85185
reloadAllAccessors: .MovingMaximum

===========================================================================================
----------------- testing Tue Jan 15 03:17:28 UTC 2019 /home/travis/build/icyphy/ptII/ptolemy/actor/lib/test/auto/MultipleLinksToSameRelation.xml
----------------- Instantiating /home/travis/build/icyphy/ptII/ptolemy/actor/lib/test/auto/MultipleLinksToSameRelation.xml
1 ms. Memory: 1599488K Free: 1495543K (94%)
----------------- Invoking toplevel() on ptolemy.moml.MoMLSimpleApplication@3a371027
----------------- Done invoking toplevel() on ptolemy.moml.MoMLSimpleApplication@3a371027
reloadAllAccessors: .MultipleLinksToSameRelation

===========================================================================================
----------------- testing Tue Jan 15 03:17:28 UTC 2019 /home/travis/build/icyphy/ptII/ptolemy/actor/lib/test/auto/MultipleLinksToSameRelationDE.xml
----------------- Instantiating /home/travis/build/icyphy/ptII/ptolemy/actor/lib/test/auto/MultipleLinksToSameRelationDE.xml
1 ms. Memory: 1599488K Free: 1475368K (92%)
----------------- Invoking toplevel() on ptolemy.moml.MoMLSimpleApplication@7eafa6fc
----------------- Done invoking toplevel() on ptolemy.moml.MoMLSimpleApplication@7eafa6fc
reloadAllAccessors: .MultipleLinksToSameRelationDE

===========================================================================================
----------------- testing Tue Jan 15 03:17:28 UTC 2019 /home/travis/build/icyphy/ptII/ptolemy/actor/lib/test/auto/Multiplexor.xml
----------------- Instantiating /home/travis/build/icyphy/ptII/ptolemy/actor/lib/test/auto/Multiplexor.xml
1 ms. Memory: 1599488K Free: 1447529K (90%)
----------------- Invoking toplevel() on ptolemy.moml.MoMLSimpleApplication@7cc04cab
----------------- Done invoking toplevel() on ptolemy.moml.MoMLSimpleApplication@7cc04cab
reloadAllAccessors: .Multiplexor

===========================================================================================
----------------- testing Tue Jan 15 03:17:28 UTC 2019 /home/travis/build/icyphy/ptII/ptolemy/actor/lib/test/auto/Multiplexor1.xml
----------------- Instantiating /home/travis/build/icyphy/ptII/ptolemy/actor/lib/test/auto/Multiplexor1.xml
1 ms. Memory: 1599488K Free: 1427486K (89%)
----------------- Invoking toplevel() on ptolemy.moml.MoMLSimpleApplication@1650acb6
----------------- Done invoking toplevel() on ptolemy.moml.MoMLSimpleApplication@1650acb6
reloadAllAccessors: .Multiplexor1

===========================================================================================
----------------- testing Tue Jan 15 03:17:28 UTC 2019 /home/travis/build/icyphy/ptII/ptolemy/actor/lib/test/auto/Multiplexor2.xml
----------------- Instantiating /home/travis/build/icyphy/ptII/ptolemy/actor/lib/test/auto/Multiplexor2.xml
2 ms. Memory: 1599488K Free: 1407443K (88%)
----------------- Invoking toplevel() on ptolemy.moml.MoMLSimpleApplication@107ba818
----------------- Done invoking toplevel() on ptolemy.moml.MoMLSimpleApplication@107ba818
reloadAllAccessors: .Multiplexor2

===========================================================================================
----------------- testing Tue Jan 15 03:17:28 UTC 2019 /home/travis/build/icyphy/ptII/ptolemy/actor/lib/test/auto/Multiplexor3.xml
----------------- Instantiating /home/travis/build/icyphy/ptII/ptolemy/actor/lib/test/auto/Multiplexor3.xml
1 ms. Memory: 1599488K Free: 1379604K (86%)
----------------- Invoking toplevel() on ptolemy.moml.MoMLSimpleApplication@56474e78
----------------- Done invoking toplevel() on ptolemy.moml.MoMLSimpleApplication@56474e78
reloadAllAccessors: .Multiplexor3

===========================================================================================
----------------- testing Tue Jan 15 03:17:28 UTC 2019 /home/travis/build/icyphy/ptII/ptolemy/actor/lib/test/auto/MultiplexorDE.xml
----------------- Instantiating /home/travis/build/icyphy/ptII/ptolemy/actor/lib/test/auto/MultiplexorDE.xml
1 ms. Memory: 1599488K Free: 1359561K (85%)
----------------- Invoking toplevel() on ptolemy.moml.MoMLSimpleApplication@65c4f51f
----------------- Done invoking toplevel() on ptolemy.moml.MoMLSimpleApplication@65c4f51f
reloadAllAccessors: .MultiplexorDE

===========================================================================================
----------------- testing Tue Jan 15 03:17:28 UTC 2019 /home/travis/build/icyphy/ptII/ptolemy/actor/lib/test/auto/MultiportBroadcastTest.xml
----------------- Instantiating /home/travis/build/icyphy/ptII/ptolemy/actor/lib/test/auto/MultiportBroadcastTest.xml
48 ms. Memory: 1599488K Free: 1339518K (84%)
----------------- Invoking toplevel() on ptolemy.moml.MoMLSimpleApplication@1bd58785
----------------- Done invoking toplevel() on ptolemy.moml.MoMLSimpleApplication@1bd58785
reloadAllAccessors: .MultiportBroadcastTest

===========================================================================================
----------------- testing Tue Jan 15 03:17:28 UTC 2019 /home/travis/build/icyphy/ptII/ptolemy/actor/lib/test/auto/MultiportOutHangDuringGetWidth.xml
----------------- Instantiating /home/travis/build/icyphy/ptII/ptolemy/actor/lib/test/auto/MultiportOutHangDuringGetWidth.xml
4 ms. Memory: 1599488K Free: 1301658K (81%)
----------------- Invoking toplevel() on ptolemy.moml.MoMLSimpleApplication@236f9a06
----------------- Done invoking toplevel() on ptolemy.moml.MoMLSimpleApplication@236f9a06
reloadAllAccessors: .MultiportOutHangDuringGetWidth

===========================================================================================
----------------- testing Tue Jan 15 03:17:28 UTC 2019 /home/travis/build/icyphy/ptII/ptolemy/actor/lib/test/auto/NilToken.xml
----------------- Instantiating /home/travis/build/icyphy/ptII/ptolemy/actor/lib/test/auto/NilToken.xml
1 ms. Memory: 1599488K Free: 1281615K (80%)
----------------- Invoking toplevel() on ptolemy.moml.MoMLSimpleApplication@69889cc6
----------------- Done invoking toplevel() on ptolemy.moml.MoMLSimpleApplication@69889cc6
reloadAllAccessors: .NilToken

===========================================================================================
----------------- testing Tue Jan 15 03:17:28 UTC 2019 /home/travis/build/icyphy/ptII/ptolemy/actor/lib/test/auto/NilTokenNonStrictTest.xml
----------------- Instantiating /home/travis/build/icyphy/ptII/ptolemy/actor/lib/test/auto/NilTokenNonStrictTest.xml
3 ms. Memory: 1599488K Free: 1261572K (79%)
----------------- Invoking toplevel() on ptolemy.moml.MoMLSimpleApplication@32ec299b
----------------- Done invoking toplevel() on ptolemy.moml.MoMLSimpleApplication@32ec299b
reloadAllAccessors: .NilTokenNonStrictTest

===========================================================================================
----------------- testing Tue Jan 15 03:17:28 UTC 2019 /home/travis/build/icyphy/ptII/ptolemy/actor/lib/test/auto/NilTokenRecord.xml
----------------- Instantiating /home/travis/build/icyphy/ptII/ptolemy/actor/lib/test/auto/NilTokenRecord.xml
5 ms. Memory: 1599488K Free: 1233733K (77%)
----------------- Invoking toplevel() on ptolemy.moml.MoMLSimpleApplication@1254a887
----------------- Done invoking toplevel() on ptolemy.moml.MoMLSimpleApplication@1254a887
reloadAllAccessors: .NilTokenRecord

===========================================================================================
----------------- testing Tue Jan 15 03:17:28 UTC 2019 /home/travis/build/icyphy/ptII/ptolemy/actor/lib/test/auto/NilTokenTypeTest.xml
----------------- Instantiating /home/travis/build/icyphy/ptII/ptolemy/actor/lib/test/auto/NilTokenTypeTest.xml
6 ms. Memory: 1599488K Free: 1213690K (76%)
----------------- Invoking toplevel() on ptolemy.moml.MoMLSimpleApplication@2a13edae
----------------- Done invoking toplevel() on ptolemy.moml.MoMLSimpleApplication@2a13edae
reloadAllAccessors: .NilTokenTypeTest

===========================================================================================
----------------- testing Tue Jan 15 03:17:28 UTC 2019 /home/travis/build/icyphy/ptII/ptolemy/actor/lib/test/auto/ObjectToken1.xml
----------------- Instantiating /home/travis/build/icyphy/ptII/ptolemy/actor/lib/test/auto/ObjectToken1.xml
1 ms. Memory: 1599488K Free: 1193647K (75%)
----------------- Invoking toplevel() on ptolemy.moml.MoMLSimpleApplication@2c451f1
----------------- Done invoking toplevel() on ptolemy.moml.MoMLSimpleApplication@2c451f1
reloadAllAccessors: .ObjectToken1

===========================================================================================
----------------- testing Tue Jan 15 03:17:28 UTC 2019 /home/travis/build/icyphy/ptII/ptolemy/actor/lib/test/auto/OrderedMerge.xml
----------------- Instantiating /home/travis/build/icyphy/ptII/ptolemy/actor/lib/test/auto/OrderedMerge.xml
5 ms. Memory: 1599488K Free: 1125722K (70%)
----------------- Invoking toplevel() on ptolemy.moml.MoMLSimpleApplication@19eae2a4
----------------- Done invoking toplevel() on ptolemy.moml.MoMLSimpleApplication@19eae2a4
reloadAllAccessors: .OrderedMerge

===========================================================================================
----------------- testing Tue Jan 15 03:17:28 UTC 2019 /home/travis/build/icyphy/ptII/ptolemy/actor/lib/test/auto/OrderedRecordDisassembler.xml
----------------- Instantiating /home/travis/build/icyphy/ptII/ptolemy/actor/lib/test/auto/OrderedRecordDisassembler.xml
2 ms. Memory: 1599488K Free: 1105679K (69%)
----------------- Invoking toplevel() on ptolemy.moml.MoMLSimpleApplication@24384d90
----------------- Done invoking toplevel() on ptolemy.moml.MoMLSimpleApplication@24384d90
reloadAllAccessors: .OrderedRecordDisassembler

===========================================================================================
----------------- testing Tue Jan 15 03:17:28 UTC 2019 /home/travis/build/icyphy/ptII/ptolemy/actor/lib/test/auto/OrderedRecordDisassembler2.xml
----------------- Instantiating /home/travis/build/icyphy/ptII/ptolemy/actor/lib/test/auto/OrderedRecordDisassembler2.xml
3 ms. Memory: 1599488K Free: 1085635K (68%)
----------------- Invoking toplevel() on ptolemy.moml.MoMLSimpleApplication@666f85dc
----------------- Done invoking toplevel() on ptolemy.moml.MoMLSimpleApplication@666f85dc
reloadAllAccessors: .OrderedRecordDisassembler2

===========================================================================================
----------------- testing Tue Jan 15 03:17:28 UTC 2019 /home/travis/build/icyphy/ptII/ptolemy/actor/lib/test/auto/OrderedRecordUpdater.xml
----------------- Instantiating /home/travis/build/icyphy/ptII/ptolemy/actor/lib/test/auto/OrderedRecordUpdater.xml
1 ms. Memory: 1599488K Free: 1057797K (66%)
----------------- Invoking toplevel() on ptolemy.moml.MoMLSimpleApplication@21860b09
----------------- Done invoking toplevel() on ptolemy.moml.MoMLSimpleApplication@21860b09
reloadAllAccessors: .RecordUpdater

===========================================================================================
----------------- testing Tue Jan 15 03:17:28 UTC 2019 /home/travis/build/icyphy/ptII/ptolemy/actor/lib/test/auto/OrderedRecordUpdater2.xml
----------------- Instantiating /home/travis/build/icyphy/ptII/ptolemy/actor/lib/test/auto/OrderedRecordUpdater2.xml
3 ms. Memory: 1599488K Free: 1037754K (65%)
----------------- Invoking toplevel() on ptolemy.moml.MoMLSimpleApplication@232d2638
----------------- Done invoking toplevel() on ptolemy.moml.MoMLSimpleApplication@232d2638
reloadAllAccessors: .RecordUpdater2

===========================================================================================
----------------- testing Tue Jan 15 03:17:28 UTC 2019 /home/travis/build/icyphy/ptII/ptolemy/actor/lib/test/auto/PhaseUnwrap.xml
----------------- Instantiating /home/travis/build/icyphy/ptII/ptolemy/actor/lib/test/auto/PhaseUnwrap.xml
1 ms. Memory: 1599488K Free: 1017711K (64%)
----------------- Invoking toplevel() on ptolemy.moml.MoMLSimpleApplication@61c8760b
----------------- Done invoking toplevel() on ptolemy.moml.MoMLSimpleApplication@61c8760b
reloadAllAccessors: .PhaseUnwrap

===========================================================================================
----------------- testing Tue Jan 15 03:17:28 UTC 2019 /home/travis/build/icyphy/ptII/ptolemy/actor/lib/test/auto/PoissonClock.xml
----------------- Instantiating /home/travis/build/icyphy/ptII/ptolemy/actor/lib/test/auto/PoissonClock.xml
1 ms. Memory: 1599488K Free: 989872K (62%)
----------------- Invoking toplevel() on ptolemy.moml.MoMLSimpleApplication@6092597c
----------------- Done invoking toplevel() on ptolemy.moml.MoMLSimpleApplication@6092597c
reloadAllAccessors: .PoissonClock

===========================================================================================
----------------- testing Tue Jan 15 03:17:28 UTC 2019 /home/travis/build/icyphy/ptII/ptolemy/actor/lib/test/auto/PoissonClock2.xml
----------------- Instantiating /home/travis/build/icyphy/ptII/ptolemy/actor/lib/test/auto/PoissonClock2.xml
1 ms. Memory: 1599488K Free: 969829K (61%)
----------------- Invoking toplevel() on ptolemy.moml.MoMLSimpleApplication@476d0ecc
----------------- Done invoking toplevel() on ptolemy.moml.MoMLSimpleApplication@476d0ecc
reloadAllAccessors: .PoissonClock2

===========================================================================================
----------------- testing Tue Jan 15 03:17:28 UTC 2019 /home/travis/build/icyphy/ptII/ptolemy/actor/lib/test/auto/PoissonClock3.xml
----------------- Instantiating /home/travis/build/icyphy/ptII/ptolemy/actor/lib/test/auto/PoissonClock3.xml
1 ms. Memory: 1599488K Free: 949786K (59%)
----------------- Invoking toplevel() on ptolemy.moml.MoMLSimpleApplication@586ea4b8
----------------- Done invoking toplevel() on ptolemy.moml.MoMLSimpleApplication@586ea4b8
reloadAllAccessors: .PoissonClock3

===========================================================================================
----------------- testing Tue Jan 15 03:17:28 UTC 2019 /home/travis/build/icyphy/ptII/ptolemy/actor/lib/test/auto/PubSubWithInitialTokens.xml
----------------- Instantiating /home/travis/build/icyphy/ptII/ptolemy/actor/lib/test/auto/PubSubWithInitialTokens.xml
1 ms. Memory: 1599488K Free: 929743K (58%)
----------------- Invoking toplevel() on ptolemy.moml.MoMLSimpleApplication@2d8b9219
----------------- Done invoking toplevel() on ptolemy.moml.MoMLSimpleApplication@2d8b9219
reloadAllAccessors: .PubSubWithInitialTokens

===========================================================================================
----------------- testing Tue Jan 15 03:17:28 UTC 2019 /home/travis/build/icyphy/ptII/ptolemy/actor/lib/test/auto/PubSubWithInitialTokens2.xml
----------------- Instantiating /home/travis/build/icyphy/ptII/ptolemy/actor/lib/test/auto/PubSubWithInitialTokens2.xml
2 ms. Memory: 1599488K Free: 901904K (56%)
----------------- Invoking toplevel() on ptolemy.moml.MoMLSimpleApplication@6dcc9971
----------------- Done invoking toplevel() on ptolemy.moml.MoMLSimpleApplication@6dcc9971
reloadAllAccessors: .PubSubWithInitialTokens2

===========================================================================================
----------------- testing Tue Jan 15 03:17:28 UTC 2019 /home/travis/build/icyphy/ptII/ptolemy/actor/lib/test/auto/PublisherClassNoParameter.xml
----------------- Instantiating /home/travis/build/icyphy/ptII/ptolemy/actor/lib/test/auto/PublisherClassNoParameter.xml
2 ms. Memory: 1599488K Free: 881861K (55%)
----------------- Invoking toplevel() on ptolemy.moml.MoMLSimpleApplication@2db4617f
----------------- Done invoking toplevel() on ptolemy.moml.MoMLSimpleApplication@2db4617f
reloadAllAccessors: .PublisherClassNoParameter

===========================================================================================
----------------- testing Tue Jan 15 03:17:28 UTC 2019 /home/travis/build/icyphy/ptII/ptolemy/actor/lib/test/auto/PublisherClassParameter.xml
----------------- Instantiating /home/travis/build/icyphy/ptII/ptolemy/actor/lib/test/auto/PublisherClassParameter.xml
2 ms. Memory: 1599488K Free: 861818K (54%)
----------------- Invoking toplevel() on ptolemy.moml.MoMLSimpleApplication@5f5b077a
----------------- Done invoking toplevel() on ptolemy.moml.MoMLSimpleApplication@5f5b077a
reloadAllAccessors: .PublisherClassParameter

===========================================================================================
----------------- testing Tue Jan 15 03:17:28 UTC 2019 /home/travis/build/icyphy/ptII/ptolemy/actor/lib/test/auto/PublisherNonStrictTest.xml
----------------- Instantiating /home/travis/build/icyphy/ptII/ptolemy/actor/lib/test/auto/PublisherNonStrictTest.xml
3 ms. Memory: 1599488K Free: 833980K (52%)
----------------- Invoking toplevel() on ptolemy.moml.MoMLSimpleApplication@1080b543
----------------- Done invoking toplevel() on ptolemy.moml.MoMLSimpleApplication@1080b543
reloadAllAccessors: .PublisherNonStrictTest

===========================================================================================
----------------- testing Tue Jan 15 03:17:28 UTC 2019 /home/travis/build/icyphy/ptII/ptolemy/actor/lib/test/auto/PublisherPort1.xml
----------------- Instantiating /home/travis/build/icyphy/ptII/ptolemy/actor/lib/test/auto/PublisherPort1.xml
2 ms. Memory: 1599488K Free: 813936K (51%)
----------------- Invoking toplevel() on ptolemy.moml.MoMLSimpleApplication@3961d3c7
----------------- Done invoking toplevel() on ptolemy.moml.MoMLSimpleApplication@3961d3c7
reloadAllAccessors: .PublisherPort1

===========================================================================================
----------------- testing Tue Jan 15 03:17:28 UTC 2019 /home/travis/build/icyphy/ptII/ptolemy/actor/lib/test/auto/PublisherPort2.xml
----------------- Instantiating /home/travis/build/icyphy/ptII/ptolemy/actor/lib/test/auto/PublisherPort2.xml
1 ms. Memory: 1599488K Free: 793893K (50%)
----------------- Invoking toplevel() on ptolemy.moml.MoMLSimpleApplication@7682a321
----------------- Done invoking toplevel() on ptolemy.moml.MoMLSimpleApplication@7682a321
reloadAllAccessors: .PublisherPort2

===========================================================================================
----------------- testing Tue Jan 15 03:17:28 UTC 2019 /home/travis/build/icyphy/ptII/ptolemy/actor/lib/test/auto/PublisherPort3.xml
----------------- Instantiating /home/travis/build/icyphy/ptII/ptolemy/actor/lib/test/auto/PublisherPort3.xml
7 ms. Memory: 1599488K Free: 766054K (48%)
----------------- Invoking toplevel() on ptolemy.moml.MoMLSimpleApplication@39925a99
----------------- Done invoking toplevel() on ptolemy.moml.MoMLSimpleApplication@39925a99
reloadAllAccessors: .PublisherPort3

===========================================================================================
----------------- testing Tue Jan 15 03:17:28 UTC 2019 /home/travis/build/icyphy/ptII/ptolemy/actor/lib/test/auto/PublisherPort4.xml
----------------- Instantiating /home/travis/build/icyphy/ptII/ptolemy/actor/lib/test/auto/PublisherPort4.xml
1 ms. Memory: 1599488K Free: 746011K (47%)
----------------- Invoking toplevel() on ptolemy.moml.MoMLSimpleApplication@14926f4e
----------------- Done invoking toplevel() on ptolemy.moml.MoMLSimpleApplication@14926f4e
reloadAllAccessors: .PublisherPort4

===========================================================================================
----------------- testing Tue Jan 15 03:17:28 UTC 2019 /home/travis/build/icyphy/ptII/ptolemy/actor/lib/test/auto/PublisherPort5.xml
----------------- Instantiating /home/travis/build/icyphy/ptII/ptolemy/actor/lib/test/auto/PublisherPort5.xml
3 ms. Memory: 1599488K Free: 725968K (45%)
----------------- Invoking toplevel() on ptolemy.moml.MoMLSimpleApplication@caf0e3d
----------------- Done invoking toplevel() on ptolemy.moml.MoMLSimpleApplication@caf0e3d
reloadAllAccessors: .PublisherPort5

===========================================================================================
----------------- testing Tue Jan 15 03:17:28 UTC 2019 /home/travis/build/icyphy/ptII/ptolemy/actor/lib/test/auto/PublisherPort5LookAlike.xml
----------------- Instantiating /home/travis/build/icyphy/ptII/ptolemy/actor/lib/test/auto/PublisherPort5LookAlike.xml
7 ms. Memory: 1599488K Free: 698130K (44%)
----------------- Invoking toplevel() on ptolemy.moml.MoMLSimpleApplication@4837d9b1
----------------- Done invoking toplevel() on ptolemy.moml.MoMLSimpleApplication@4837d9b1
reloadAllAccessors: .PublisherPort5LookAlike

===========================================================================================
----------------- testing Tue Jan 15 03:17:28 UTC 2019 /home/travis/build/icyphy/ptII/ptolemy/actor/lib/test/auto/PublisherPort6.xml
----------------- Instantiating /home/travis/build/icyphy/ptII/ptolemy/actor/lib/test/auto/PublisherPort6.xml
2 ms. Memory: 1599488K Free: 678087K (42%)
----------------- Invoking toplevel() on ptolemy.moml.MoMLSimpleApplication@4cb8a4b2
----------------- Done invoking toplevel() on ptolemy.moml.MoMLSimpleApplication@4cb8a4b2
reloadAllAccessors: .PublisherPort6

===========================================================================================
----------------- testing Tue Jan 15 03:17:28 UTC 2019 /home/travis/build/icyphy/ptII/ptolemy/actor/lib/test/auto/PublisherPort7.xml
----------------- Instantiating /home/travis/build/icyphy/ptII/ptolemy/actor/lib/test/auto/PublisherPort7.xml
3 ms. Memory: 1599488K Free: 658043K (41%)
----------------- Invoking toplevel() on ptolemy.moml.MoMLSimpleApplication@149dcd16
----------------- Done invoking toplevel() on ptolemy.moml.MoMLSimpleApplication@149dcd16
reloadAllAccessors: .PublisherPort7

===========================================================================================
----------------- testing Tue Jan 15 03:17:28 UTC 2019 /home/travis/build/icyphy/ptII/ptolemy/actor/lib/test/auto/PublisherPort8.xml
----------------- Instantiating /home/travis/build/icyphy/ptII/ptolemy/actor/lib/test/auto/PublisherPort8.xml
5 ms. Memory: 1599488K Free: 630205K (39%)
----------------- Invoking toplevel() on ptolemy.moml.MoMLSimpleApplication@751b9ccc
----------------- Done invoking toplevel() on ptolemy.moml.MoMLSimpleApplication@751b9ccc
reloadAllAccessors: .PublisherPort8

===========================================================================================
----------------- testing Tue Jan 15 03:17:28 UTC 2019 /home/travis/build/icyphy/ptII/ptolemy/actor/lib/test/auto/PublisherPortSubscriberChannelVariablesAOC2.xml
----------------- Instantiating /home/travis/build/icyphy/ptII/ptolemy/actor/lib/test/auto/PublisherPortSubscriberChannelVariablesAOC2.xml
3 ms. Memory: 1599488K Free: 600140K (38%)
----------------- Invoking toplevel() on ptolemy.moml.MoMLSimpleApplication@6610ec53
----------------- Done invoking toplevel() on ptolemy.moml.MoMLSimpleApplication@6610ec53
reloadAllAccessors: .PublisherPortSubscriberChannelVariablesAOC2

===========================================================================================
----------------- testing Tue Jan 15 03:17:28 UTC 2019 /home/travis/build/icyphy/ptII/ptolemy/actor/lib/test/auto/PublisherPortSubscriberOpaqueWidthInference.xml
----------------- Instantiating /home/travis/build/icyphy/ptII/ptolemy/actor/lib/test/auto/PublisherPortSubscriberOpaqueWidthInference.xml
4 ms. Memory: 1599488K Free: 580097K (36%)
----------------- Invoking toplevel() on ptolemy.moml.MoMLSimpleApplication@78451bf9
----------------- Done invoking toplevel() on ptolemy.moml.MoMLSimpleApplication@78451bf9
reloadAllAccessors: .PublisherPortSubscriberOpaqueWidthInference

===========================================================================================
----------------- testing Tue Jan 15 03:17:29 UTC 2019 /home/travis/build/icyphy/ptII/ptolemy/actor/lib/test/auto/PublisherPortSubscriberPortAdjacent.xml
----------------- Instantiating /home/travis/build/icyphy/ptII/ptolemy/actor/lib/test/auto/PublisherPortSubscriberPortAdjacent.xml
1 ms. Memory: 1599488K Free: 552258K (35%)
----------------- Invoking toplevel() on ptolemy.moml.MoMLSimpleApplication@3c8a3eb
----------------- Done invoking toplevel() on ptolemy.moml.MoMLSimpleApplication@3c8a3eb
reloadAllAccessors: .PublisherPortSubscriberPortAdjacent

===========================================================================================
----------------- testing Tue Jan 15 03:17:29 UTC 2019 /home/travis/build/icyphy/ptII/ptolemy/actor/lib/test/auto/PublisherPortSubscriberPortExpression.xml
----------------- Instantiating /home/travis/build/icyphy/ptII/ptolemy/actor/lib/test/auto/PublisherPortSubscriberPortExpression.xml
3 ms. Memory: 1599488K Free: 532215K (33%)
----------------- Invoking toplevel() on ptolemy.moml.MoMLSimpleApplication@20e14577
----------------- Done invoking toplevel() on ptolemy.moml.MoMLSimpleApplication@20e14577
reloadAllAccessors: .PublisherPortSubscriberPortExpression

===========================================================================================
----------------- testing Tue Jan 15 03:17:29 UTC 2019 /home/travis/build/icyphy/ptII/ptolemy/actor/lib/test/auto/PublisherPortSubscriberPortOpaqueD3Reverse.xml
----------------- Instantiating /home/travis/build/icyphy/ptII/ptolemy/actor/lib/test/auto/PublisherPortSubscriberPortOpaqueD3Reverse.xml
4 ms. Memory: 1599488K Free: 512172K (32%)
----------------- Invoking toplevel() on ptolemy.moml.MoMLSimpleApplication@6dbd0a41
----------------- Done invoking toplevel() on ptolemy.moml.MoMLSimpleApplication@6dbd0a41
reloadAllAccessors: .PublisherPortSubscriberPortOpaqueD3Reverse

===========================================================================================
----------------- testing Tue Jan 15 03:17:29 UTC 2019 /home/travis/build/icyphy/ptII/ptolemy/actor/lib/test/auto/PublisherPortSubscriberPortOpaqueWidthInference.xml
----------------- Instantiating /home/travis/build/icyphy/ptII/ptolemy/actor/lib/test/auto/PublisherPortSubscriberPortOpaqueWidthInference.xml
3 ms. Memory: 1599488K Free: 484334K (30%)
----------------- Invoking toplevel() on ptolemy.moml.MoMLSimpleApplication@611b9f7e
----------------- Done invoking toplevel() on ptolemy.moml.MoMLSimpleApplication@611b9f7e
reloadAllAccessors: .PublisherPortSubscriberPortOpaqueWidthInference

===========================================================================================
----------------- testing Tue Jan 15 03:17:29 UTC 2019 /home/travis/build/icyphy/ptII/ptolemy/actor/lib/test/auto/PublisherPortToplevelSubscriberPortAOC.xml
----------------- Instantiating /home/travis/build/icyphy/ptII/ptolemy/actor/lib/test/auto/PublisherPortToplevelSubscriberPortAOC.xml
.PublisherPortToplevelSubscriberPortAOC.TestExceptionAttribute: initialize() was not invoked, but wrapup() was.  This is unusual, but not always a problem.  For example, exporting JNLP will do this.
1 ms. Memory: 1599488K Free: 464291K (29%)
----------------- Invoking toplevel() on ptolemy.moml.MoMLSimpleApplication@32480a30
----------------- Done invoking toplevel() on ptolemy.moml.MoMLSimpleApplication@32480a30
reloadAllAccessors: .PublisherPortToplevelSubscriberPortAOC

===========================================================================================
----------------- testing Tue Jan 15 03:17:29 UTC 2019 /home/travis/build/icyphy/ptII/ptolemy/actor/lib/test/auto/PublisherSubscriber.xml
----------------- Instantiating /home/travis/build/icyphy/ptII/ptolemy/actor/lib/test/auto/PublisherSubscriber.xml
2 ms. Memory: 1599488K Free: 444247K (28%)
----------------- Invoking toplevel() on ptolemy.moml.MoMLSimpleApplication@1c162ba1
----------------- Done invoking toplevel() on ptolemy.moml.MoMLSimpleApplication@1c162ba1
reloadAllAccessors: .PublisherSubscriber

===========================================================================================
----------------- testing Tue Jan 15 03:17:29 UTC 2019 /home/travis/build/icyphy/ptII/ptolemy/actor/lib/test/auto/PublisherSubscriber10.xml
----------------- Instantiating /home/travis/build/icyphy/ptII/ptolemy/actor/lib/test/auto/PublisherSubscriber10.xml
5 ms. Memory: 1599488K Free: 416409K (26%)
----------------- Invoking toplevel() on ptolemy.moml.MoMLSimpleApplication@6f5fc12d
----------------- Done invoking toplevel() on ptolemy.moml.MoMLSimpleApplication@6f5fc12d
reloadAllAccessors: .PublisherSubscriber10

===========================================================================================
----------------- testing Tue Jan 15 03:17:29 UTC 2019 /home/travis/build/icyphy/ptII/ptolemy/actor/lib/test/auto/PublisherSubscriber10InitialOutputs.xml
----------------- Instantiating /home/travis/build/icyphy/ptII/ptolemy/actor/lib/test/auto/PublisherSubscriber10InitialOutputs.xml
13 ms. Memory: 1599488K Free: 396366K (25%)
----------------- Invoking toplevel() on ptolemy.moml.MoMLSimpleApplication@4090842a
----------------- Done invoking toplevel() on ptolemy.moml.MoMLSimpleApplication@4090842a
reloadAllAccessors: .PublisherSubscriber10InitialOutputs

===========================================================================================
----------------- testing Tue Jan 15 03:17:29 UTC 2019 /home/travis/build/icyphy/ptII/ptolemy/actor/lib/test/auto/PublisherSubscriber11.xml
----------------- Instantiating /home/travis/build/icyphy/ptII/ptolemy/actor/lib/test/auto/PublisherSubscriber11.xml
2 ms. Memory: 1599488K Free: 376323K (24%)
----------------- Invoking toplevel() on ptolemy.moml.MoMLSimpleApplication@73286b9a
----------------- Done invoking toplevel() on ptolemy.moml.MoMLSimpleApplication@73286b9a
reloadAllAccessors: .PublisherSubscriber11

===========================================================================================
----------------- testing Tue Jan 15 03:17:29 UTC 2019 /home/travis/build/icyphy/ptII/ptolemy/actor/lib/test/auto/PublisherSubscriber12.xml
----------------- Instantiating /home/travis/build/icyphy/ptII/ptolemy/actor/lib/test/auto/PublisherSubscriber12.xml
2 ms. Memory: 1599488K Free: 348484K (22%)
----------------- Invoking toplevel() on ptolemy.moml.MoMLSimpleApplication@359440cf
----------------- Done invoking toplevel() on ptolemy.moml.MoMLSimpleApplication@359440cf
reloadAllAccessors: .PublisherSubscriber12

===========================================================================================
----------------- testing Tue Jan 15 03:17:29 UTC 2019 /home/travis/build/icyphy/ptII/ptolemy/actor/lib/test/auto/PublisherSubscriber13.xml
----------------- Instantiating /home/travis/build/icyphy/ptII/ptolemy/actor/lib/test/auto/PublisherSubscriber13.xml
1 ms. Memory: 1599488K Free: 328441K (21%)
----------------- Invoking toplevel() on ptolemy.moml.MoMLSimpleApplication@59dd30ac
----------------- Done invoking toplevel() on ptolemy.moml.MoMLSimpleApplication@59dd30ac
reloadAllAccessors: .PublisherSubscriber13

===========================================================================================
----------------- testing Tue Jan 15 03:17:29 UTC 2019 /home/travis/build/icyphy/ptII/ptolemy/actor/lib/test/auto/PublisherSubscriber14.xml
----------------- Instantiating /home/travis/build/icyphy/ptII/ptolemy/actor/lib/test/auto/PublisherSubscriber14.xml
2 ms. Memory: 1599488K Free: 308398K (19%)
----------------- Invoking toplevel() on ptolemy.moml.MoMLSimpleApplication@33f42331
----------------- Done invoking toplevel() on ptolemy.moml.MoMLSimpleApplication@33f42331
reloadAllAccessors: .PublisherSubscriber14

===========================================================================================
----------------- testing Tue Jan 15 03:17:29 UTC 2019 /home/travis/build/icyphy/ptII/ptolemy/actor/lib/test/auto/PublisherSubscriber2.xml
----------------- Instantiating /home/travis/build/icyphy/ptII/ptolemy/actor/lib/test/auto/PublisherSubscriber2.xml
1 ms. Memory: 1599488K Free: 280559K (18%)
----------------- Invoking toplevel() on ptolemy.moml.MoMLSimpleApplication@50a54d52
----------------- Done invoking toplevel() on ptolemy.moml.MoMLSimpleApplication@50a54d52
reloadAllAccessors: .PublisherSubscriber2

===========================================================================================
----------------- testing Tue Jan 15 03:17:29 UTC 2019 /home/travis/build/icyphy/ptII/ptolemy/actor/lib/test/auto/PublisherSubscriber3.xml
----------------- Instantiating /home/travis/build/icyphy/ptII/ptolemy/actor/lib/test/auto/PublisherSubscriber3.xml
3 ms. Memory: 1599488K Free: 260516K (16%)
----------------- Invoking toplevel() on ptolemy.moml.MoMLSimpleApplication@3b80087
----------------- Done invoking toplevel() on ptolemy.moml.MoMLSimpleApplication@3b80087
reloadAllAccessors: .PublisherSubscriber3

===========================================================================================
----------------- testing Tue Jan 15 03:17:29 UTC 2019 /home/travis/build/icyphy/ptII/ptolemy/actor/lib/test/auto/PublisherSubscriber4.xml
----------------- Instantiating /home/travis/build/icyphy/ptII/ptolemy/actor/lib/test/auto/PublisherSubscriber4.xml
2 ms. Memory: 1599488K Free: 240473K (15%)
----------------- Invoking toplevel() on ptolemy.moml.MoMLSimpleApplication@61ed2106
----------------- Done invoking toplevel() on ptolemy.moml.MoMLSimpleApplication@61ed2106
reloadAllAccessors: .PublisherSubscriber4

===========================================================================================
----------------- testing Tue Jan 15 03:17:29 UTC 2019 /home/travis/build/icyphy/ptII/ptolemy/actor/lib/test/auto/PublisherSubscriber5.xml
----------------- Instantiating /home/travis/build/icyphy/ptII/ptolemy/actor/lib/test/auto/PublisherSubscriber5.xml
3 ms. Memory: 1599488K Free: 212634K (13%)
----------------- Invoking toplevel() on ptolemy.moml.MoMLSimpleApplication@3c2a5882
----------------- Done invoking toplevel() on ptolemy.moml.MoMLSimpleApplication@3c2a5882
reloadAllAccessors: .PublisherSubscriber5

===========================================================================================
----------------- testing Tue Jan 15 03:17:29 UTC 2019 /home/travis/build/icyphy/ptII/ptolemy/actor/lib/test/auto/PublisherSubscriber6.xml
----------------- Instantiating /home/travis/build/icyphy/ptII/ptolemy/actor/lib/test/auto/PublisherSubscriber6.xml
2 ms. Memory: 1599488K Free: 192591K (12%)
----------------- Invoking toplevel() on ptolemy.moml.MoMLSimpleApplication@807b5c5
----------------- Done invoking toplevel() on ptolemy.moml.MoMLSimpleApplication@807b5c5
reloadAllAccessors: .PublisherSubscriber6

===========================================================================================
----------------- testing Tue Jan 15 03:17:29 UTC 2019 /home/travis/build/icyphy/ptII/ptolemy/actor/lib/test/auto/PublisherSubscriber7.xml
----------------- Instantiating /home/travis/build/icyphy/ptII/ptolemy/actor/lib/test/auto/PublisherSubscriber7.xml
4 ms. Memory: 1599488K Free: 172548K (11%)
----------------- Invoking toplevel() on ptolemy.moml.MoMLSimpleApplication@1ac124ff
----------------- Done invoking toplevel() on ptolemy.moml.MoMLSimpleApplication@1ac124ff
reloadAllAccessors: .PublisherSubscriber7

===========================================================================================
----------------- testing Tue Jan 15 03:17:29 UTC 2019 /home/travis/build/icyphy/ptII/ptolemy/actor/lib/test/auto/PublisherSubscriber8.xml
----------------- Instantiating /home/travis/build/icyphy/ptII/ptolemy/actor/lib/test/auto/PublisherSubscriber8.xml
22 ms. Memory: 1599488K Free: 57730K (4%)
----------------- Invoking toplevel() on ptolemy.moml.MoMLSimpleApplication@6144cafe
----------------- Done invoking toplevel() on ptolemy.moml.MoMLSimpleApplication@6144cafe
reloadAllAccessors: .PublisherSubscriber8

===========================================================================================
----------------- testing Tue Jan 15 03:17:29 UTC 2019 /home/travis/build/icyphy/ptII/ptolemy/actor/lib/test/auto/PublisherSubscriber9.xml
----------------- Instantiating /home/travis/build/icyphy/ptII/ptolemy/actor/lib/test/auto/PublisherSubscriber9.xml
2 ms. Memory: 1648128K Free: 1577635K (96%)
----------------- Invoking toplevel() on ptolemy.moml.MoMLSimpleApplication@57825a9b
----------------- Done invoking toplevel() on ptolemy.moml.MoMLSimpleApplication@57825a9b
reloadAllAccessors: .PublisherSubscriber9

===========================================================================================
----------------- testing Tue Jan 15 03:17:29 UTC 2019 /home/travis/build/icyphy/ptII/ptolemy/actor/lib/test/auto/PublisherSubscriberAdjacent.xml
----------------- Instantiating /home/travis/build/icyphy/ptII/ptolemy/actor/lib/test/auto/PublisherSubscriberAdjacent.xml
1 ms. Memory: 1648128K Free: 1557189K (94%)
----------------- Invoking toplevel() on ptolemy.moml.MoMLSimpleApplication@408c3aa8
----------------- Done invoking toplevel() on ptolemy.moml.MoMLSimpleApplication@408c3aa8
reloadAllAccessors: .PublisherSubscriberAdjacent

===========================================================================================
----------------- testing Tue Jan 15 03:17:29 UTC 2019 /home/travis/build/icyphy/ptII/ptolemy/actor/lib/test/auto/PublisherSubscriberChannelVariablesAOC2.xml
----------------- Instantiating /home/travis/build/icyphy/ptII/ptolemy/actor/lib/test/auto/PublisherSubscriberChannelVariablesAOC2.xml
3 ms. Memory: 1648128K Free: 1520261K (92%)
----------------- Invoking toplevel() on ptolemy.moml.MoMLSimpleApplication@5fc998b4
----------------- Done invoking toplevel() on ptolemy.moml.MoMLSimpleApplication@5fc998b4
reloadAllAccessors: .PublisherSubscriberChannelVariablesAOC2

===========================================================================================
----------------- testing Tue Jan 15 03:17:29 UTC 2019 /home/travis/build/icyphy/ptII/ptolemy/actor/lib/test/auto/PublisherSubscriberD3.xml
----------------- Instantiating /home/travis/build/icyphy/ptII/ptolemy/actor/lib/test/auto/PublisherSubscriberD3.xml
2 ms. Memory: 1648128K Free: 1499815K (91%)
----------------- Invoking toplevel() on ptolemy.moml.MoMLSimpleApplication@22e8e6e5
----------------- Done invoking toplevel() on ptolemy.moml.MoMLSimpleApplication@22e8e6e5
reloadAllAccessors: .PublisherSubscriberD3

===========================================================================================
----------------- testing Tue Jan 15 03:17:29 UTC 2019 /home/travis/build/icyphy/ptII/ptolemy/actor/lib/test/auto/PublisherSubscriberD3Reverse.xml
----------------- Instantiating /home/travis/build/icyphy/ptII/ptolemy/actor/lib/test/auto/PublisherSubscriberD3Reverse.xml
1 ms. Memory: 1648128K Free: 1473127K (89%)
----------------- Invoking toplevel() on ptolemy.moml.MoMLSimpleApplication@7f424ac
----------------- Done invoking toplevel() on ptolemy.moml.MoMLSimpleApplication@7f424ac
reloadAllAccessors: .PublisherSubscriberD3Reverse

===========================================================================================
----------------- testing Tue Jan 15 03:17:29 UTC 2019 /home/travis/build/icyphy/ptII/ptolemy/actor/lib/test/auto/PublisherSubscriberExpression.xml
----------------- Instantiating /home/travis/build/icyphy/ptII/ptolemy/actor/lib/test/auto/PublisherSubscriberExpression.xml
3 ms. Memory: 1648128K Free: 1452681K (88%)
----------------- Invoking toplevel() on ptolemy.moml.MoMLSimpleApplication@75b4a951
----------------- Done invoking toplevel() on ptolemy.moml.MoMLSimpleApplication@75b4a951
reloadAllAccessors: .PublisherSubscriberExpression

===========================================================================================
----------------- testing Tue Jan 15 03:17:29 UTC 2019 /home/travis/build/icyphy/ptII/ptolemy/actor/lib/test/auto/PublisherSubscriberOpaque.xml
----------------- Instantiating /home/travis/build/icyphy/ptII/ptolemy/actor/lib/test/auto/PublisherSubscriberOpaque.xml
4 ms. Memory: 1648128K Free: 1432235K (87%)
----------------- Invoking toplevel() on ptolemy.moml.MoMLSimpleApplication@158480cd
----------------- Done invoking toplevel() on ptolemy.moml.MoMLSimpleApplication@158480cd
reloadAllAccessors: .PublisherSubscriberOpaque

===========================================================================================
----------------- testing Tue Jan 15 03:17:29 UTC 2019 /home/travis/build/icyphy/ptII/ptolemy/actor/lib/test/auto/PublisherSubscriberOpaqueD3.xml
----------------- Instantiating /home/travis/build/icyphy/ptII/ptolemy/actor/lib/test/auto/PublisherSubscriberOpaqueD3.xml
5 ms. Memory: 1648128K Free: 1405547K (85%)
----------------- Invoking toplevel() on ptolemy.moml.MoMLSimpleApplication@11a0b926
----------------- Done invoking toplevel() on ptolemy.moml.MoMLSimpleApplication@11a0b926
reloadAllAccessors: .PublisherSubscriberOpaqueD3

===========================================================================================
----------------- testing Tue Jan 15 03:17:29 UTC 2019 /home/travis/build/icyphy/ptII/ptolemy/actor/lib/test/auto/PublisherSubscriberOpaqueD3Reverse.xml
----------------- Instantiating /home/travis/build/icyphy/ptII/ptolemy/actor/lib/test/auto/PublisherSubscriberOpaqueD3Reverse.xml
4 ms. Memory: 1648128K Free: 1385014K (84%)
----------------- Invoking toplevel() on ptolemy.moml.MoMLSimpleApplication@67ada0e0
----------------- Done invoking toplevel() on ptolemy.moml.MoMLSimpleApplication@67ada0e0
reloadAllAccessors: .PublisherSubscriberOpaqueD3Reverse

===========================================================================================
----------------- testing Tue Jan 15 03:17:29 UTC 2019 /home/travis/build/icyphy/ptII/ptolemy/actor/lib/test/auto/PublisherSubscriberOpaqueWidthInference.xml
----------------- Instantiating /home/travis/build/icyphy/ptII/ptolemy/actor/lib/test/auto/PublisherSubscriberOpaqueWidthInference.xml
3 ms. Memory: 1648128K Free: 1358325K (82%)
----------------- Invoking toplevel() on ptolemy.moml.MoMLSimpleApplication@65345d7c
----------------- Done invoking toplevel() on ptolemy.moml.MoMLSimpleApplication@65345d7c
reloadAllAccessors: .PublisherSubscriberOpaqueWidthInference

===========================================================================================
----------------- testing Tue Jan 15 03:17:29 UTC 2019 /home/travis/build/icyphy/ptII/ptolemy/actor/lib/test/auto/PublisherTestSubscriber.xml
----------------- Instantiating /home/travis/build/icyphy/ptII/ptolemy/actor/lib/test/auto/PublisherTestSubscriber.xml
3 ms. Memory: 1648128K Free: 1337879K (81%)
----------------- Invoking toplevel() on ptolemy.moml.MoMLSimpleApplication@3223a037
----------------- Done invoking toplevel() on ptolemy.moml.MoMLSimpleApplication@3223a037
reloadAllAccessors: .PublisherTestSubscriber

===========================================================================================
----------------- testing Tue Jan 15 03:17:29 UTC 2019 /home/travis/build/icyphy/ptII/ptolemy/actor/lib/test/auto/PublisherToplevelSubscriberPortAOC.xml
----------------- Instantiating /home/travis/build/icyphy/ptII/ptolemy/actor/lib/test/auto/PublisherToplevelSubscriberPortAOC.xml
2 ms. Memory: 1648128K Free: 1317433K (80%)
----------------- Invoking toplevel() on ptolemy.moml.MoMLSimpleApplication@91f5403
----------------- Done invoking toplevel() on ptolemy.moml.MoMLSimpleApplication@91f5403
reloadAllAccessors: .PublisherToplevelSubscriberPortAOC

===========================================================================================
----------------- testing Tue Jan 15 03:17:29 UTC 2019 /home/travis/build/icyphy/ptII/ptolemy/actor/lib/test/auto/PulseFiringLimitDE.xml
----------------- Instantiating /home/travis/build/icyphy/ptII/ptolemy/actor/lib/test/auto/PulseFiringLimitDE.xml
2 ms. Memory: 1648128K Free: 1290745K (78%)
----------------- Invoking toplevel() on ptolemy.moml.MoMLSimpleApplication@41f14ea0
----------------- Done invoking toplevel() on ptolemy.moml.MoMLSimpleApplication@41f14ea0
reloadAllAccessors: .PulseFiringLimitDE

===========================================================================================
----------------- testing Tue Jan 15 03:17:29 UTC 2019 /home/travis/build/icyphy/ptII/ptolemy/actor/lib/test/auto/Ramp1.xml
----------------- Instantiating /home/travis/build/icyphy/ptII/ptolemy/actor/lib/test/auto/Ramp1.xml
1 ms. Memory: 1648128K Free: 1270299K (77%)
----------------- Invoking toplevel() on ptolemy.moml.MoMLSimpleApplication@15e11c70
----------------- Done invoking toplevel() on ptolemy.moml.MoMLSimpleApplication@15e11c70
reloadAllAccessors: .Ramp1

===========================================================================================
----------------- testing Tue Jan 15 03:17:29 UTC 2019 /home/travis/build/icyphy/ptII/ptolemy/actor/lib/test/auto/RampFiringLimitDE.xml
----------------- Instantiating /home/travis/build/icyphy/ptII/ptolemy/actor/lib/test/auto/RampFiringLimitDE.xml
2 ms. Memory: 1648128K Free: 1243611K (75%)
----------------- Invoking toplevel() on ptolemy.moml.MoMLSimpleApplication@41204f39
----------------- Done invoking toplevel() on ptolemy.moml.MoMLSimpleApplication@41204f39
reloadAllAccessors: .RampFiringLimitDE

===========================================================================================
----------------- testing Tue Jan 15 03:17:29 UTC 2019 /home/travis/build/icyphy/ptII/ptolemy/actor/lib/test/auto/RampFiringLimitSDF.xml
----------------- Instantiating /home/travis/build/icyphy/ptII/ptolemy/actor/lib/test/auto/RampFiringLimitSDF.xml
2 ms. Memory: 1648128K Free: 1223165K (74%)
----------------- Invoking toplevel() on ptolemy.moml.MoMLSimpleApplication@63841db7
----------------- Done invoking toplevel() on ptolemy.moml.MoMLSimpleApplication@63841db7
reloadAllAccessors: .RampFiringLimitSDF

===========================================================================================
----------------- testing Tue Jan 15 03:17:29 UTC 2019 /home/travis/build/icyphy/ptII/ptolemy/actor/lib/test/auto/RandomInteger.xml
----------------- Instantiating /home/travis/build/icyphy/ptII/ptolemy/actor/lib/test/auto/RandomInteger.xml
1 ms. Memory: 1648128K Free: 1202719K (73%)
----------------- Invoking toplevel() on ptolemy.moml.MoMLSimpleApplication@7128bc9
----------------- Done invoking toplevel() on ptolemy.moml.MoMLSimpleApplication@7128bc9
reloadAllAccessors: .RandomInteger

===========================================================================================
----------------- testing Tue Jan 15 03:17:29 UTC 2019 /home/travis/build/icyphy/ptII/ptolemy/actor/lib/test/auto/ReadFile1.xml
----------------- Instantiating /home/travis/build/icyphy/ptII/ptolemy/actor/lib/test/auto/ReadFile1.xml
1 ms. Memory: 1648128K Free: 1176031K (71%)
----------------- Invoking toplevel() on ptolemy.moml.MoMLSimpleApplication@25cd6cdc
----------------- Done invoking toplevel() on ptolemy.moml.MoMLSimpleApplication@25cd6cdc
reloadAllAccessors: .ReadFile1

===========================================================================================
----------------- testing Tue Jan 15 03:17:29 UTC 2019 /home/travis/build/icyphy/ptII/ptolemy/actor/lib/test/auto/ReadFile2.xml
----------------- Instantiating /home/travis/build/icyphy/ptII/ptolemy/actor/lib/test/auto/ReadFile2.xml
1 ms. Memory: 1648128K Free: 1155585K (70%)
----------------- Invoking toplevel() on ptolemy.moml.MoMLSimpleApplication@54c218dc
----------------- Done invoking toplevel() on ptolemy.moml.MoMLSimpleApplication@54c218dc
reloadAllAccessors: .ReadFile2

===========================================================================================
----------------- testing Tue Jan 15 03:17:29 UTC 2019 /home/travis/build/icyphy/ptII/ptolemy/actor/lib/test/auto/Reader.xml
----------------- Instantiating /home/travis/build/icyphy/ptII/ptolemy/actor/lib/test/auto/Reader.xml
actor.lib.Reader is obsolete, use actor.lib.io.ExpressionReader instead
5 ms. Memory: 1648128K Free: 1128897K (68%)
----------------- Invoking toplevel() on ptolemy.moml.MoMLSimpleApplication@2448565d
----------------- Done invoking toplevel() on ptolemy.moml.MoMLSimpleApplication@2448565d
reloadAllAccessors: .Reader

===========================================================================================
----------------- testing Tue Jan 15 03:17:29 UTC 2019 /home/travis/build/icyphy/ptII/ptolemy/actor/lib/test/auto/RecordAssemblerDisplayNameTest.xml
----------------- Instantiating /home/travis/build/icyphy/ptII/ptolemy/actor/lib/test/auto/RecordAssemblerDisplayNameTest.xml
3016 ms. Memory: 1778688K Free: 1503317K (85%)
----------------- Invoking toplevel() on ptolemy.moml.MoMLSimpleApplication@7f7eb89
----------------- Done invoking toplevel() on ptolemy.moml.MoMLSimpleApplication@7f7eb89
reloadAllAccessors: .RecordAssemblerDisplayNameTest

===========================================================================================
----------------- testing Tue Jan 15 03:17:32 UTC 2019 /home/travis/build/icyphy/ptII/ptolemy/actor/lib/test/auto/RecordAssemblerTypeError.xml
----------------- Instantiating /home/travis/build/icyphy/ptII/ptolemy/actor/lib/test/auto/RecordAssemblerTypeError.xml
15 ms. Memory: 1778688K Free: 1467901K (83%)
----------------- Invoking toplevel() on ptolemy.moml.MoMLSimpleApplication@2086e22e
----------------- Done invoking toplevel() on ptolemy.moml.MoMLSimpleApplication@2086e22e
reloadAllAccessors: .RecordAssemblerTypeError

===========================================================================================
----------------- testing Tue Jan 15 03:17:32 UTC 2019 /home/travis/build/icyphy/ptII/ptolemy/actor/lib/test/auto/RecordDisassember.xml
----------------- Instantiating /home/travis/build/icyphy/ptII/ptolemy/actor/lib/test/auto/RecordDisassember.xml
2 ms. Memory: 1778688K Free: 1446439K (81%)
----------------- Invoking toplevel() on ptolemy.moml.MoMLSimpleApplication@60f3cce6
----------------- Done invoking toplevel() on ptolemy.moml.MoMLSimpleApplication@60f3cce6
reloadAllAccessors: .RecordDisassember

===========================================================================================
----------------- testing Tue Jan 15 03:17:32 UTC 2019 /home/travis/build/icyphy/ptII/ptolemy/actor/lib/test/auto/RecordDisassemberDisplayNameTest.xml
----------------- Instantiating /home/travis/build/icyphy/ptII/ptolemy/actor/lib/test/auto/RecordDisassemberDisplayNameTest.xml
4 ms. Memory: 1778688K Free: 1429768K (80%)
----------------- Invoking toplevel() on ptolemy.moml.MoMLSimpleApplication@5ccf88b6
----------------- Done invoking toplevel() on ptolemy.moml.MoMLSimpleApplication@5ccf88b6
reloadAllAccessors: .RecordDisassemberDisplayNameTest

===========================================================================================
----------------- testing Tue Jan 15 03:17:32 UTC 2019 /home/travis/build/icyphy/ptII/ptolemy/actor/lib/test/auto/RecordDisassembler.xml
----------------- Instantiating /home/travis/build/icyphy/ptII/ptolemy/actor/lib/test/auto/RecordDisassembler.xml
2 ms. Memory: 1778688K Free: 1408306K (79%)
----------------- Invoking toplevel() on ptolemy.moml.MoMLSimpleApplication@6ada215b
----------------- Done invoking toplevel() on ptolemy.moml.MoMLSimpleApplication@6ada215b
reloadAllAccessors: .RecordDisassembler

===========================================================================================
----------------- testing Tue Jan 15 03:17:32 UTC 2019 /home/travis/build/icyphy/ptII/ptolemy/actor/lib/test/auto/RecordDisassembler2.xml
----------------- Instantiating /home/travis/build/icyphy/ptII/ptolemy/actor/lib/test/auto/RecordDisassembler2.xml
2 ms. Memory: 1778688K Free: 1391636K (78%)
----------------- Invoking toplevel() on ptolemy.moml.MoMLSimpleApplication@2bc90dcc
----------------- Done invoking toplevel() on ptolemy.moml.MoMLSimpleApplication@2bc90dcc
reloadAllAccessors: .RecordDisassembler2

===========================================================================================
----------------- testing Tue Jan 15 03:17:32 UTC 2019 /home/travis/build/icyphy/ptII/ptolemy/actor/lib/test/auto/RecordUpdater.xml
----------------- Instantiating /home/travis/build/icyphy/ptII/ptolemy/actor/lib/test/auto/RecordUpdater.xml
1 ms. Memory: 1778688K Free: 1370173K (77%)
----------------- Invoking toplevel() on ptolemy.moml.MoMLSimpleApplication@55bec95d
----------------- Done invoking toplevel() on ptolemy.moml.MoMLSimpleApplication@55bec95d
reloadAllAccessors: .RecordUpdater

===========================================================================================
----------------- testing Tue Jan 15 03:17:32 UTC 2019 /home/travis/build/icyphy/ptII/ptolemy/actor/lib/test/auto/RecordUpdater2.xml
----------------- Instantiating /home/travis/build/icyphy/ptII/ptolemy/actor/lib/test/auto/RecordUpdater2.xml
1 ms. Memory: 1778688K Free: 1353503K (76%)
----------------- Invoking toplevel() on ptolemy.moml.MoMLSimpleApplication@2da7c978
----------------- Done invoking toplevel() on ptolemy.moml.MoMLSimpleApplication@2da7c978
reloadAllAccessors: .RecordUpdater2

===========================================================================================
----------------- testing Tue Jan 15 03:17:32 UTC 2019 /home/travis/build/icyphy/ptII/ptolemy/actor/lib/test/auto/RecursiveLattice.xml
----------------- Instantiating /home/travis/build/icyphy/ptII/ptolemy/actor/lib/test/auto/RecursiveLattice.xml
1 ms. Memory: 1778688K Free: 1332041K (75%)
----------------- Invoking toplevel() on ptolemy.moml.MoMLSimpleApplication@4530ee23
----------------- Done invoking toplevel() on ptolemy.moml.MoMLSimpleApplication@4530ee23
reloadAllAccessors: .RecursiveLattice

===========================================================================================
----------------- testing Tue Jan 15 03:17:32 UTC 2019 /home/travis/build/icyphy/ptII/ptolemy/actor/lib/test/auto/Router.xml
----------------- Instantiating /home/travis/build/icyphy/ptII/ptolemy/actor/lib/test/auto/Router.xml
3002 ms. Memory: 1778688K Free: 1315370K (74%)
----------------- Invoking toplevel() on ptolemy.moml.MoMLSimpleApplication@23ae840a
----------------- Done invoking toplevel() on ptolemy.moml.MoMLSimpleApplication@23ae840a
reloadAllAccessors: .Router

===========================================================================================
----------------- testing Tue Jan 15 03:17:35 UTC 2019 /home/travis/build/icyphy/ptII/ptolemy/actor/lib/test/auto/Router2.xml
----------------- Instantiating /home/travis/build/icyphy/ptII/ptolemy/actor/lib/test/auto/Router2.xml
3003 ms. Memory: 1778688K Free: 1293908K (73%)
----------------- Invoking toplevel() on ptolemy.moml.MoMLSimpleApplication@65794d37
----------------- Done invoking toplevel() on ptolemy.moml.MoMLSimpleApplication@65794d37
reloadAllAccessors: .Router2

===========================================================================================
----------------- testing Tue Jan 15 03:17:38 UTC 2019 /home/travis/build/icyphy/ptII/ptolemy/actor/lib/test/auto/RunningMaximum.xml
----------------- Instantiating /home/travis/build/icyphy/ptII/ptolemy/actor/lib/test/auto/RunningMaximum.xml
1 ms. Memory: 1778688K Free: 1277238K (72%)
----------------- Invoking toplevel() on ptolemy.moml.MoMLSimpleApplication@4d50887
----------------- Done invoking toplevel() on ptolemy.moml.MoMLSimpleApplication@4d50887
reloadAllAccessors: .RunningMaximum

===========================================================================================
----------------- testing Tue Jan 15 03:17:38 UTC 2019 /home/travis/build/icyphy/ptII/ptolemy/actor/lib/test/auto/RunningMinimum.xml
----------------- Instantiating /home/travis/build/icyphy/ptII/ptolemy/actor/lib/test/auto/RunningMinimum.xml
1 ms. Memory: 1778688K Free: 1255775K (71%)
----------------- Invoking toplevel() on ptolemy.moml.MoMLSimpleApplication@66ba66fe
----------------- Done invoking toplevel() on ptolemy.moml.MoMLSimpleApplication@66ba66fe
reloadAllAccessors: .RunningMinimum

===========================================================================================
----------------- testing Tue Jan 15 03:17:39 UTC 2019 /home/travis/build/icyphy/ptII/ptolemy/actor/lib/test/auto/Scale.xml
----------------- Instantiating /home/travis/build/icyphy/ptII/ptolemy/actor/lib/test/auto/Scale.xml
1 ms. Memory: 1778688K Free: 1234313K (69%)
----------------- Invoking toplevel() on ptolemy.moml.MoMLSimpleApplication@333dcc9c
----------------- Done invoking toplevel() on ptolemy.moml.MoMLSimpleApplication@333dcc9c
reloadAllAccessors: .Scale

===========================================================================================
----------------- testing Tue Jan 15 03:17:39 UTC 2019 /home/travis/build/icyphy/ptII/ptolemy/actor/lib/test/auto/Scale2.xml
----------------- Instantiating /home/travis/build/icyphy/ptII/ptolemy/actor/lib/test/auto/Scale2.xml
1 ms. Memory: 1778688K Free: 1217643K (68%)
----------------- Invoking toplevel() on ptolemy.moml.MoMLSimpleApplication@3faeb473
----------------- Done invoking toplevel() on ptolemy.moml.MoMLSimpleApplication@3faeb473
reloadAllAccessors: .Scale2

===========================================================================================
----------------- testing Tue Jan 15 03:17:39 UTC 2019 /home/travis/build/icyphy/ptII/ptolemy/actor/lib/test/auto/Scale3.xml
----------------- Instantiating /home/travis/build/icyphy/ptII/ptolemy/actor/lib/test/auto/Scale3.xml
3 ms. Memory: 1778688K Free: 1196181K (67%)
----------------- Invoking toplevel() on ptolemy.moml.MoMLSimpleApplication@3e247f84
----------------- Done invoking toplevel() on ptolemy.moml.MoMLSimpleApplication@3e247f84
reloadAllAccessors: .Scale3

===========================================================================================
----------------- testing Tue Jan 15 03:17:39 UTC 2019 /home/travis/build/icyphy/ptII/ptolemy/actor/lib/test/auto/ScaleArray.xml
----------------- Instantiating /home/travis/build/icyphy/ptII/ptolemy/actor/lib/test/auto/ScaleArray.xml
7 ms. Memory: 1778688K Free: 1179510K (66%)
----------------- Invoking toplevel() on ptolemy.moml.MoMLSimpleApplication@195f0a28
----------------- Done invoking toplevel() on ptolemy.moml.MoMLSimpleApplication@195f0a28
reloadAllAccessors: .ScaleArray

===========================================================================================
----------------- testing Tue Jan 15 03:17:39 UTC 2019 /home/travis/build/icyphy/ptII/ptolemy/actor/lib/test/auto/ScaleArray2.xml
----------------- Instantiating /home/travis/build/icyphy/ptII/ptolemy/actor/lib/test/auto/ScaleArray2.xml
1 ms. Memory: 1778688K Free: 1158048K (65%)
----------------- Invoking toplevel() on ptolemy.moml.MoMLSimpleApplication@1275ada1
----------------- Done invoking toplevel() on ptolemy.moml.MoMLSimpleApplication@1275ada1
reloadAllAccessors: .ScaleArray2

===========================================================================================
----------------- testing Tue Jan 15 03:17:39 UTC 2019 /home/travis/build/icyphy/ptII/ptolemy/actor/lib/test/auto/ScaleMatrix.xml
----------------- Instantiating /home/travis/build/icyphy/ptII/ptolemy/actor/lib/test/auto/ScaleMatrix.xml
77 ms. Memory: 1778688K Free: 1133042K (64%)
----------------- Invoking toplevel() on ptolemy.moml.MoMLSimpleApplication@6c59b054
----------------- Done invoking toplevel() on ptolemy.moml.MoMLSimpleApplication@6c59b054
reloadAllAccessors: .ScaleMatrix

===========================================================================================
----------------- testing Tue Jan 15 03:17:39 UTC 2019 /home/travis/build/icyphy/ptII/ptolemy/actor/lib/test/auto/Select.xml
----------------- Instantiating /home/travis/build/icyphy/ptII/ptolemy/actor/lib/test/auto/Select.xml
1 ms. Memory: 1778688K Free: 1111580K (62%)
----------------- Invoking toplevel() on ptolemy.moml.MoMLSimpleApplication@11d35730
----------------- Done invoking toplevel() on ptolemy.moml.MoMLSimpleApplication@11d35730
reloadAllAccessors: .Select

===========================================================================================
----------------- testing Tue Jan 15 03:17:39 UTC 2019 /home/travis/build/icyphy/ptII/ptolemy/actor/lib/test/auto/Select2.xml
----------------- Instantiating /home/travis/build/icyphy/ptII/ptolemy/actor/lib/test/auto/Select2.xml
1 ms. Memory: 1778688K Free: 1094909K (62%)
----------------- Invoking toplevel() on ptolemy.moml.MoMLSimpleApplication@6dc8f7fc
----------------- Done invoking toplevel() on ptolemy.moml.MoMLSimpleApplication@6dc8f7fc
reloadAllAccessors: .Select2

===========================================================================================
----------------- testing Tue Jan 15 03:17:39 UTC 2019 /home/travis/build/icyphy/ptII/ptolemy/actor/lib/test/auto/SequenceToArray2.xml
----------------- Instantiating /home/travis/build/icyphy/ptII/ptolemy/actor/lib/test/auto/SequenceToArray2.xml
58 ms. Memory: 1778688K Free: 990085K (56%)
----------------- Invoking toplevel() on ptolemy.moml.MoMLSimpleApplication@15b3a9b2
----------------- Done invoking toplevel() on ptolemy.moml.MoMLSimpleApplication@15b3a9b2
reloadAllAccessors: .SequenceToArray2

===========================================================================================
----------------- testing Tue Jan 15 03:17:39 UTC 2019 /home/travis/build/icyphy/ptII/ptolemy/actor/lib/test/auto/SequentialClock.xml
----------------- Instantiating /home/travis/build/icyphy/ptII/ptolemy/actor/lib/test/auto/SequentialClock.xml
1 ms. Memory: 1778688K Free: 973414K (55%)
----------------- Invoking toplevel() on ptolemy.moml.MoMLSimpleApplication@3caaa299
----------------- Done invoking toplevel() on ptolemy.moml.MoMLSimpleApplication@3caaa299
reloadAllAccessors: .SequentialClock

===========================================================================================
----------------- testing Tue Jan 15 03:17:39 UTC 2019 /home/travis/build/icyphy/ptII/ptolemy/actor/lib/test/auto/SetVariable.xml
----------------- Instantiating /home/travis/build/icyphy/ptII/ptolemy/actor/lib/test/auto/SetVariable.xml
2 ms. Memory: 1778688K Free: 951952K (54%)
----------------- Invoking toplevel() on ptolemy.moml.MoMLSimpleApplication@239de144
----------------- Done invoking toplevel() on ptolemy.moml.MoMLSimpleApplication@239de144
reloadAllAccessors: .SetVariable

===========================================================================================
----------------- testing Tue Jan 15 03:17:39 UTC 2019 /home/travis/build/icyphy/ptII/ptolemy/actor/lib/test/auto/SetVariable2.xml
----------------- Instantiating /home/travis/build/icyphy/ptII/ptolemy/actor/lib/test/auto/SetVariable2.xml
2 ms. Memory: 1778688K Free: 935282K (53%)
----------------- Invoking toplevel() on ptolemy.moml.MoMLSimpleApplication@79ee1fa1
----------------- Done invoking toplevel() on ptolemy.moml.MoMLSimpleApplication@79ee1fa1
reloadAllAccessors: .SetVariable2

===========================================================================================
----------------- testing Tue Jan 15 03:17:39 UTC 2019 /home/travis/build/icyphy/ptII/ptolemy/actor/lib/test/auto/SetVariable3.xml
----------------- Instantiating /home/travis/build/icyphy/ptII/ptolemy/actor/lib/test/auto/SetVariable3.xml
2 ms. Memory: 1778688K Free: 913820K (51%)
----------------- Invoking toplevel() on ptolemy.moml.MoMLSimpleApplication@1a0ebe24
----------------- Done invoking toplevel() on ptolemy.moml.MoMLSimpleApplication@1a0ebe24
reloadAllAccessors: .SetVariable3

===========================================================================================
----------------- testing Tue Jan 15 03:17:39 UTC 2019 /home/travis/build/icyphy/ptII/ptolemy/actor/lib/test/auto/SetVariable4.xml
----------------- Instantiating /home/travis/build/icyphy/ptII/ptolemy/actor/lib/test/auto/SetVariable4.xml
16 ms. Memory: 1778688K Free: 834010K (47%)
----------------- Invoking toplevel() on ptolemy.moml.MoMLSimpleApplication@7d34461e
----------------- Done invoking toplevel() on ptolemy.moml.MoMLSimpleApplication@7d34461e
reloadAllAccessors: .SetVariable4

===========================================================================================
----------------- testing Tue Jan 15 03:17:39 UTC 2019 /home/travis/build/icyphy/ptII/ptolemy/actor/lib/test/auto/SetVariable5.xml
----------------- Instantiating /home/travis/build/icyphy/ptII/ptolemy/actor/lib/test/auto/SetVariable5.xml
15 ms. Memory: 1778688K Free: 817339K (46%)
----------------- Invoking toplevel() on ptolemy.moml.MoMLSimpleApplication@25f29b8d
----------------- Done invoking toplevel() on ptolemy.moml.MoMLSimpleApplication@25f29b8d
reloadAllAccessors: .SetVariable5

===========================================================================================
----------------- testing Tue Jan 15 03:17:39 UTC 2019 /home/travis/build/icyphy/ptII/ptolemy/actor/lib/test/auto/Sinewave.xml
----------------- Instantiating /home/travis/build/icyphy/ptII/ptolemy/actor/lib/test/auto/Sinewave.xml
6 ms. Memory: 1778688K Free: 787542K (44%)
----------------- Invoking toplevel() on ptolemy.moml.MoMLSimpleApplication@5e7b9c27
----------------- Done invoking toplevel() on ptolemy.moml.MoMLSimpleApplication@5e7b9c27
reloadAllAccessors: .Sinewave

===========================================================================================
----------------- testing Tue Jan 15 03:17:39 UTC 2019 /home/travis/build/icyphy/ptII/ptolemy/actor/lib/test/auto/Sinewave2.xml
----------------- Instantiating /home/travis/build/icyphy/ptII/ptolemy/actor/lib/test/auto/Sinewave2.xml
11 ms. Memory: 1778688K Free: 770871K (43%)
----------------- Invoking toplevel() on ptolemy.moml.MoMLSimpleApplication@50250c3f
----------------- Done invoking toplevel() on ptolemy.moml.MoMLSimpleApplication@50250c3f
reloadAllAccessors: .Sinewave2

===========================================================================================
----------------- testing Tue Jan 15 03:17:39 UTC 2019 /home/travis/build/icyphy/ptII/ptolemy/actor/lib/test/auto/Sinewave3.xml
----------------- Instantiating /home/travis/build/icyphy/ptII/ptolemy/actor/lib/test/auto/Sinewave3.xml
5 ms. Memory: 1778688K Free: 749409K (42%)
----------------- Invoking toplevel() on ptolemy.moml.MoMLSimpleApplication@340f769d
----------------- Done invoking toplevel() on ptolemy.moml.MoMLSimpleApplication@340f769d
reloadAllAccessors: .Sinewave3

===========================================================================================
----------------- testing Tue Jan 15 03:17:39 UTC 2019 /home/travis/build/icyphy/ptII/ptolemy/actor/lib/test/auto/SingleEvent.xml
----------------- Instantiating /home/travis/build/icyphy/ptII/ptolemy/actor/lib/test/auto/SingleEvent.xml
1 ms. Memory: 1778688K Free: 732739K (41%)
----------------- Invoking toplevel() on ptolemy.moml.MoMLSimpleApplication@365d5514
----------------- Done invoking toplevel() on ptolemy.moml.MoMLSimpleApplication@365d5514
reloadAllAccessors: .SingleEvent

===========================================================================================
----------------- testing Tue Jan 15 03:17:39 UTC 2019 /home/travis/build/icyphy/ptII/ptolemy/actor/lib/test/auto/Sleep.xml
----------------- Instantiating /home/travis/build/icyphy/ptII/ptolemy/actor/lib/test/auto/Sleep.xml
6003 ms. Memory: 1778688K Free: 711277K (40%)
----------------- Invoking toplevel() on ptolemy.moml.MoMLSimpleApplication@771bf281
----------------- Done invoking toplevel() on ptolemy.moml.MoMLSimpleApplication@771bf281
reloadAllAccessors: .Sleep

===========================================================================================
----------------- testing Tue Jan 15 03:17:45 UTC 2019 /home/travis/build/icyphy/ptII/ptolemy/actor/lib/test/auto/SleepMultipleFire.xml
----------------- Instantiating /home/travis/build/icyphy/ptII/ptolemy/actor/lib/test/auto/SleepMultipleFire.xml
1005 ms. Memory: 1778688K Free: 694606K (39%)
----------------- Invoking toplevel() on ptolemy.moml.MoMLSimpleApplication@77604e32
----------------- Done invoking toplevel() on ptolemy.moml.MoMLSimpleApplication@77604e32
reloadAllAccessors: .SleepMultipleFire

===========================================================================================
----------------- testing Tue Jan 15 03:17:46 UTC 2019 /home/travis/build/icyphy/ptII/ptolemy/actor/lib/test/auto/StopDE.xml
----------------- Instantiating /home/travis/build/icyphy/ptII/ptolemy/actor/lib/test/auto/StopDE.xml
2 ms. Memory: 1778688K Free: 673144K (38%)
----------------- Invoking toplevel() on ptolemy.moml.MoMLSimpleApplication@6c7355a0
----------------- Done invoking toplevel() on ptolemy.moml.MoMLSimpleApplication@6c7355a0
reloadAllAccessors: .StopDE

===========================================================================================
----------------- testing Tue Jan 15 03:17:46 UTC 2019 /home/travis/build/icyphy/ptII/ptolemy/actor/lib/test/auto/StopSDF.xml
----------------- Instantiating /home/travis/build/icyphy/ptII/ptolemy/actor/lib/test/auto/StopSDF.xml
2 ms. Memory: 1778688K Free: 656473K (37%)
----------------- Invoking toplevel() on ptolemy.moml.MoMLSimpleApplication@cab1d5d
----------------- Done invoking toplevel() on ptolemy.moml.MoMLSimpleApplication@cab1d5d
reloadAllAccessors: .StopSDF

===========================================================================================
----------------- testing Tue Jan 15 03:17:46 UTC 2019 /home/travis/build/icyphy/ptII/ptolemy/actor/lib/test/auto/StringConstant.xml
----------------- Instantiating /home/travis/build/icyphy/ptII/ptolemy/actor/lib/test/auto/StringConstant.xml
1 ms. Memory: 1778688K Free: 635011K (36%)
----------------- Invoking toplevel() on ptolemy.moml.MoMLSimpleApplication@166d1ac
----------------- Done invoking toplevel() on ptolemy.moml.MoMLSimpleApplication@166d1ac
reloadAllAccessors: .StringConstant

===========================================================================================
----------------- testing Tue Jan 15 03:17:46 UTC 2019 /home/travis/build/icyphy/ptII/ptolemy/actor/lib/test/auto/SubscriberPortInitialValues1.xml
----------------- Instantiating /home/travis/build/icyphy/ptII/ptolemy/actor/lib/test/auto/SubscriberPortInitialValues1.xml
5 ms. Memory: 1778688K Free: 613549K (34%)
----------------- Invoking toplevel() on ptolemy.moml.MoMLSimpleApplication@55a0ec68
----------------- Done invoking toplevel() on ptolemy.moml.MoMLSimpleApplication@55a0ec68
reloadAllAccessors: .SubscriberPortInitialValues1

===========================================================================================
----------------- testing Tue Jan 15 03:17:46 UTC 2019 /home/travis/build/icyphy/ptII/ptolemy/actor/lib/test/auto/SubscriberPortInitialValues13.xml
----------------- Instantiating /home/travis/build/icyphy/ptII/ptolemy/actor/lib/test/auto/SubscriberPortInitialValues13.xml
9 ms. Memory: 1778688K Free: 588527K (33%)
----------------- Invoking toplevel() on ptolemy.moml.MoMLSimpleApplication@43c350fb
----------------- Done invoking toplevel() on ptolemy.moml.MoMLSimpleApplication@43c350fb
reloadAllAccessors: .SubscriberPortInitialValues13

===========================================================================================
----------------- testing Tue Jan 15 03:17:46 UTC 2019 /home/travis/build/icyphy/ptII/ptolemy/actor/lib/test/auto/SubscriberPortInitialValues14.xml
----------------- Instantiating /home/travis/build/icyphy/ptII/ptolemy/actor/lib/test/auto/SubscriberPortInitialValues14.xml
5 ms. Memory: 1778688K Free: 567065K (32%)
----------------- Invoking toplevel() on ptolemy.moml.MoMLSimpleApplication@353cbdf9
----------------- Done invoking toplevel() on ptolemy.moml.MoMLSimpleApplication@353cbdf9
reloadAllAccessors: .SubscriberPortInitialValues14

===========================================================================================
----------------- testing Tue Jan 15 03:17:46 UTC 2019 /home/travis/build/icyphy/ptII/ptolemy/actor/lib/test/auto/SubscriberPortInitialValues2.xml
----------------- Instantiating /home/travis/build/icyphy/ptII/ptolemy/actor/lib/test/auto/SubscriberPortInitialValues2.xml
3 ms. Memory: 1778688K Free: 550395K (31%)
----------------- Invoking toplevel() on ptolemy.moml.MoMLSimpleApplication@410ec323
----------------- Done invoking toplevel() on ptolemy.moml.MoMLSimpleApplication@410ec323
reloadAllAccessors: .SubscriberPortInitialValues2

===========================================================================================
----------------- testing Tue Jan 15 03:17:46 UTC 2019 /home/travis/build/icyphy/ptII/ptolemy/actor/lib/test/auto/SubscriberPortInitialValues3.xml
----------------- Instantiating /home/travis/build/icyphy/ptII/ptolemy/actor/lib/test/auto/SubscriberPortInitialValues3.xml
3 ms. Memory: 1778688K Free: 528932K (30%)
----------------- Invoking toplevel() on ptolemy.moml.MoMLSimpleApplication@49315dd8
----------------- Done invoking toplevel() on ptolemy.moml.MoMLSimpleApplication@49315dd8
reloadAllAccessors: .SubscriberPortInitialValues3

===========================================================================================
----------------- testing Tue Jan 15 03:17:46 UTC 2019 /home/travis/build/icyphy/ptII/ptolemy/actor/lib/test/auto/SubscriptionAggregator.xml
----------------- Instantiating /home/travis/build/icyphy/ptII/ptolemy/actor/lib/test/auto/SubscriptionAggregator.xml
2 ms. Memory: 1778688K Free: 512262K (29%)
----------------- Invoking toplevel() on ptolemy.moml.MoMLSimpleApplication@7cc6f655
----------------- Done invoking toplevel() on ptolemy.moml.MoMLSimpleApplication@7cc6f655
reloadAllAccessors: .SubscriptionAggregator

===========================================================================================
----------------- testing Tue Jan 15 03:17:46 UTC 2019 /home/travis/build/icyphy/ptII/ptolemy/actor/lib/test/auto/SubscriptionAggregator2.xml
----------------- Instantiating /home/travis/build/icyphy/ptII/ptolemy/actor/lib/test/auto/SubscriptionAggregator2.xml
2 ms. Memory: 1778688K Free: 490800K (28%)
----------------- Invoking toplevel() on ptolemy.moml.MoMLSimpleApplication@3a600460
----------------- Done invoking toplevel() on ptolemy.moml.MoMLSimpleApplication@3a600460
reloadAllAccessors: .SubscriptionAggregator2

===========================================================================================
----------------- testing Tue Jan 15 03:17:46 UTC 2019 /home/travis/build/icyphy/ptII/ptolemy/actor/lib/test/auto/SubscriptionAggregator3.xml
----------------- Instantiating /home/travis/build/icyphy/ptII/ptolemy/actor/lib/test/auto/SubscriptionAggregator3.xml
3 ms. Memory: 1778688K Free: 474129K (27%)
----------------- Invoking toplevel() on ptolemy.moml.MoMLSimpleApplication@79e19a5c
----------------- Done invoking toplevel() on ptolemy.moml.MoMLSimpleApplication@79e19a5c
reloadAllAccessors: .SubscriptionAggregator3

===========================================================================================
----------------- testing Tue Jan 15 03:17:46 UTC 2019 /home/travis/build/icyphy/ptII/ptolemy/actor/lib/test/auto/SubscriptionAggregatorMultiply.xml
----------------- Instantiating /home/travis/build/icyphy/ptII/ptolemy/actor/lib/test/auto/SubscriptionAggregatorMultiply.xml
3 ms. Memory: 1778688K Free: 452667K (25%)
----------------- Invoking toplevel() on ptolemy.moml.MoMLSimpleApplication@6750aa74
----------------- Done invoking toplevel() on ptolemy.moml.MoMLSimpleApplication@6750aa74
reloadAllAccessors: .SubscriptionAggregatorMultiply

===========================================================================================
----------------- testing Tue Jan 15 03:17:46 UTC 2019 /home/travis/build/icyphy/ptII/ptolemy/actor/lib/test/auto/SubscriptionAggregatorPortMultiply1.xml
----------------- Instantiating /home/travis/build/icyphy/ptII/ptolemy/actor/lib/test/auto/SubscriptionAggregatorPortMultiply1.xml
3 ms. Memory: 1778688K Free: 435996K (25%)
----------------- Invoking toplevel() on ptolemy.moml.MoMLSimpleApplication@3d175eab
----------------- Done invoking toplevel() on ptolemy.moml.MoMLSimpleApplication@3d175eab
reloadAllAccessors: .SubscriptionAggregatorPortMultiply1

===========================================================================================
----------------- testing Tue Jan 15 03:17:46 UTC 2019 /home/travis/build/icyphy/ptII/ptolemy/actor/lib/test/auto/Switch.xml
----------------- Instantiating /home/travis/build/icyphy/ptII/ptolemy/actor/lib/test/auto/Switch.xml
3 ms. Memory: 1778688K Free: 364522K (20%)
----------------- Invoking toplevel() on ptolemy.moml.MoMLSimpleApplication@7990e69
----------------- Done invoking toplevel() on ptolemy.moml.MoMLSimpleApplication@7990e69
reloadAllAccessors: .Switch

===========================================================================================
----------------- testing Tue Jan 15 03:17:46 UTC 2019 /home/travis/build/icyphy/ptII/ptolemy/actor/lib/test/auto/Switch2.xml
----------------- Instantiating /home/travis/build/icyphy/ptII/ptolemy/actor/lib/test/auto/Switch2.xml
1 ms. Memory: 1778688K Free: 343060K (19%)
----------------- Invoking toplevel() on ptolemy.moml.MoMLSimpleApplication@6cc79a31
----------------- Done invoking toplevel() on ptolemy.moml.MoMLSimpleApplication@6cc79a31
reloadAllAccessors: .Switch2

===========================================================================================
----------------- testing Tue Jan 15 03:17:46 UTC 2019 /home/travis/build/icyphy/ptII/ptolemy/actor/lib/test/auto/SwitchDE.xml
----------------- Instantiating /home/travis/build/icyphy/ptII/ptolemy/actor/lib/test/auto/SwitchDE.xml
2 ms. Memory: 1778688K Free: 326389K (18%)
----------------- Invoking toplevel() on ptolemy.moml.MoMLSimpleApplication@2a674a4
----------------- Done invoking toplevel() on ptolemy.moml.MoMLSimpleApplication@2a674a4
reloadAllAccessors: .SwitchDE

===========================================================================================
----------------- testing Tue Jan 15 03:17:46 UTC 2019 /home/travis/build/icyphy/ptII/ptolemy/actor/lib/test/auto/SynchronizerDE.xml
----------------- Instantiating /home/travis/build/icyphy/ptII/ptolemy/actor/lib/test/auto/SynchronizerDE.xml
3 ms. Memory: 1778688K Free: 304927K (17%)
----------------- Invoking toplevel() on ptolemy.moml.MoMLSimpleApplication@6daab4f1
----------------- Done invoking toplevel() on ptolemy.moml.MoMLSimpleApplication@6daab4f1
reloadAllAccessors: .SynchronizerDE

===========================================================================================
----------------- testing Tue Jan 15 03:17:46 UTC 2019 /home/travis/build/icyphy/ptII/ptolemy/actor/lib/test/auto/Test.xml
----------------- Instantiating /home/travis/build/icyphy/ptII/ptolemy/actor/lib/test/auto/Test.xml
1 ms. Memory: 1778688K Free: 288257K (16%)
----------------- Invoking toplevel() on ptolemy.moml.MoMLSimpleApplication@581bdb16
----------------- Done invoking toplevel() on ptolemy.moml.MoMLSimpleApplication@581bdb16
reloadAllAccessors: .Test

===========================================================================================
----------------- testing Tue Jan 15 03:17:46 UTC 2019 /home/travis/build/icyphy/ptII/ptolemy/actor/lib/test/auto/TestExceptionAttribute1.xml
----------------- Instantiating /home/travis/build/icyphy/ptII/ptolemy/actor/lib/test/auto/TestExceptionAttribute1.xml
1 ms. Memory: 1778688K Free: 266795K (15%)

===========================================================================================
----------------- testing Tue Jan 15 03:17:46 UTC 2019 /home/travis/build/icyphy/ptII/ptolemy/actor/lib/test/auto/TestExceptionAttribute2.xml
----------------- Instantiating /home/travis/build/icyphy/ptII/ptolemy/actor/lib/test/auto/TestExceptionAttribute2.xml
1 ms. Memory: 1778688K Free: 233453K (13%)

===========================================================================================
----------------- testing Tue Jan 15 03:17:46 UTC 2019 /home/travis/build/icyphy/ptII/ptolemy/actor/lib/test/auto/TestExceptionAttribute3.xml
----------------- Instantiating /home/travis/build/icyphy/ptII/ptolemy/actor/lib/test/auto/TestExceptionAttribute3.xml
.TestExceptionAttribute3.TestExceptionAttribute: initialize() was not invoked, but wrapup() was.  This is unusual, but not always a problem.  For example, exporting JNLP will do this.
1 ms. Memory: 1778688K Free: 195320K (11%)
----------------- Invoking toplevel() on ptolemy.moml.MoMLSimpleApplication@3f9b1e09
----------------- Done invoking toplevel() on ptolemy.moml.MoMLSimpleApplication@3f9b1e09
reloadAllAccessors: .TestExceptionAttribute3

===========================================================================================
----------------- testing Tue Jan 15 03:17:46 UTC 2019 /home/travis/build/icyphy/ptII/ptolemy/actor/lib/test/auto/TestExceptionAttribute4.xml
----------------- Instantiating /home/travis/build/icyphy/ptII/ptolemy/actor/lib/test/auto/TestExceptionAttribute4.xml
.TestExceptionAttribute4.TestExceptionAttribute: initialize() was not invoked, but wrapup() was.  This is unusual, but not always a problem.  For example, exporting JNLP will do this.
.TestExceptionAttribute4.TestExceptionAttribute2: initialize() was not invoked, but wrapup() was.  This is unusual, but not always a problem.  For example, exporting JNLP will do this.
3 ms. Memory: 1778688K Free: 178650K (10%)
----------------- Invoking toplevel() on ptolemy.moml.MoMLSimpleApplication@5f1d7e
----------------- Done invoking toplevel() on ptolemy.moml.MoMLSimpleApplication@5f1d7e
reloadAllAccessors: .TestExceptionAttribute4

===========================================================================================
----------------- testing Tue Jan 15 03:17:46 UTC 2019 /home/travis/build/icyphy/ptII/ptolemy/actor/lib/test/auto/TestExceptionHandler1.xml
----------------- Instantiating /home/travis/build/icyphy/ptII/ptolemy/actor/lib/test/auto/TestExceptionHandler1.xml
2 ms. Memory: 1778688K Free: 157188K (9%)

===========================================================================================
----------------- testing Tue Jan 15 03:17:46 UTC 2019 /home/travis/build/icyphy/ptII/ptolemy/actor/lib/test/auto/TestExceptionHandler2.xml
----------------- Instantiating /home/travis/build/icyphy/ptII/ptolemy/actor/lib/test/auto/TestExceptionHandler2.xml
2 ms. Memory: 1778688K Free: 119055K (7%)

===========================================================================================
----------------- testing Tue Jan 15 03:17:46 UTC 2019 /home/travis/build/icyphy/ptII/ptolemy/actor/lib/test/auto/TestExceptionHandler3.xml
----------------- Instantiating /home/travis/build/icyphy/ptII/ptolemy/actor/lib/test/auto/TestExceptionHandler3.xml
2 ms. Memory: 1778688K Free: 85713K (5%)
----------------- Invoking toplevel() on ptolemy.moml.MoMLSimpleApplication@6efa431e
----------------- Done invoking toplevel() on ptolemy.moml.MoMLSimpleApplication@6efa431e
reloadAllAccessors: .TestExceptionHandler3

===========================================================================================
----------------- testing Tue Jan 15 03:17:46 UTC 2019 /home/travis/build/icyphy/ptII/ptolemy/actor/lib/test/auto/TestExceptionHandler4.xml
----------------- Instantiating /home/travis/build/icyphy/ptII/ptolemy/actor/lib/test/auto/TestExceptionHandler4.xml
26 ms. Memory: 1780224K Free: 1736396K (98%)
----------------- Invoking toplevel() on ptolemy.moml.MoMLSimpleApplication@59f97449
----------------- Done invoking toplevel() on ptolemy.moml.MoMLSimpleApplication@59f97449
reloadAllAccessors: .TestExceptionHandler4

===========================================================================================
----------------- testing Tue Jan 15 03:17:47 UTC 2019 /home/travis/build/icyphy/ptII/ptolemy/actor/lib/test/auto/TestRequireCorrectOrder.xml
----------------- Instantiating /home/travis/build/icyphy/ptII/ptolemy/actor/lib/test/auto/TestRequireCorrectOrder.xml
4 ms. Memory: 1780224K Free: 1711344K (96%)
----------------- Invoking toplevel() on ptolemy.moml.MoMLSimpleApplication@625c748
----------------- Done invoking toplevel() on ptolemy.moml.MoMLSimpleApplication@625c748
reloadAllAccessors: .TestRequireCorrectOrder

===========================================================================================
----------------- testing Tue Jan 15 03:17:47 UTC 2019 /home/travis/build/icyphy/ptII/ptolemy/actor/lib/test/auto/TestSimple.xml
----------------- Instantiating /home/travis/build/icyphy/ptII/ptolemy/actor/lib/test/auto/TestSimple.xml
1 ms. Memory: 1780224K Free: 1690459K (95%)
----------------- Invoking toplevel() on ptolemy.moml.MoMLSimpleApplication@29ddd79e
----------------- Done invoking toplevel() on ptolemy.moml.MoMLSimpleApplication@29ddd79e
reloadAllAccessors: .TestSimple

===========================================================================================
----------------- testing Tue Jan 15 03:17:47 UTC 2019 /home/travis/build/icyphy/ptII/ptolemy/actor/lib/test/auto/ThrowModelError.xml
----------------- Instantiating /home/travis/build/icyphy/ptII/ptolemy/actor/lib/test/auto/ThrowModelError.xml
1 ms. Memory: 1780224K Free: 1673788K (94%)
----------------- Invoking toplevel() on ptolemy.moml.MoMLSimpleApplication@6cf26125
----------------- Done invoking toplevel() on ptolemy.moml.MoMLSimpleApplication@6cf26125
reloadAllAccessors: .ThrowModelError

===========================================================================================
----------------- testing Tue Jan 15 03:17:47 UTC 2019 /home/travis/build/icyphy/ptII/ptolemy/actor/lib/test/auto/TimeDelayMicrosteps.xml
----------------- Instantiating /home/travis/build/icyphy/ptII/ptolemy/actor/lib/test/auto/TimeDelayMicrosteps.xml
3 ms. Memory: 1780224K Free: 1652904K (93%)
----------------- Invoking toplevel() on ptolemy.moml.MoMLSimpleApplication@5f49d144
----------------- Done invoking toplevel() on ptolemy.moml.MoMLSimpleApplication@5f49d144
reloadAllAccessors: .TimeDelayMicrosteps

===========================================================================================
----------------- testing Tue Jan 15 03:17:47 UTC 2019 /home/travis/build/icyphy/ptII/ptolemy/actor/lib/test/auto/TimeDelayMicrosteps2.xml
----------------- Instantiating /home/travis/build/icyphy/ptII/ptolemy/actor/lib/test/auto/TimeDelayMicrosteps2.xml
3 ms. Memory: 1780224K Free: 1632019K (92%)
----------------- Invoking toplevel() on ptolemy.moml.MoMLSimpleApplication@2e7640c2
----------------- Done invoking toplevel() on ptolemy.moml.MoMLSimpleApplication@2e7640c2
reloadAllAccessors: .TimeDelayMicrosteps2

===========================================================================================
----------------- testing Tue Jan 15 03:17:47 UTC 2019 /home/travis/build/icyphy/ptII/ptolemy/actor/lib/test/auto/TimeDelayMicrosteps3.xml
----------------- Instantiating /home/travis/build/icyphy/ptII/ptolemy/actor/lib/test/auto/TimeDelayMicrosteps3.xml
2 ms. Memory: 1780224K Free: 1615348K (91%)
----------------- Invoking toplevel() on ptolemy.moml.MoMLSimpleApplication@3ed297a6
----------------- Done invoking toplevel() on ptolemy.moml.MoMLSimpleApplication@3ed297a6
reloadAllAccessors: .TimeDelayMicrosteps3

===========================================================================================
----------------- testing Tue Jan 15 03:17:47 UTC 2019 /home/travis/build/icyphy/ptII/ptolemy/actor/lib/test/auto/TimeDelayVariableMicrosteps.xml
----------------- Instantiating /home/travis/build/icyphy/ptII/ptolemy/actor/lib/test/auto/TimeDelayVariableMicrosteps.xml
2 ms. Memory: 1780224K Free: 1594464K (90%)
----------------- Invoking toplevel() on ptolemy.moml.MoMLSimpleApplication@428a37a2
----------------- Done invoking toplevel() on ptolemy.moml.MoMLSimpleApplication@428a37a2
reloadAllAccessors: .TimeDelayVariableMicrosteps

===========================================================================================
----------------- testing Tue Jan 15 03:17:47 UTC 2019 /home/travis/build/icyphy/ptII/ptolemy/actor/lib/test/auto/TimeGap.xml
----------------- Instantiating /home/travis/build/icyphy/ptII/ptolemy/actor/lib/test/auto/TimeGap.xml
2 ms. Memory: 1780224K Free: 1577753K (89%)
----------------- Invoking toplevel() on ptolemy.moml.MoMLSimpleApplication@75170423
----------------- Done invoking toplevel() on ptolemy.moml.MoMLSimpleApplication@75170423
reloadAllAccessors: .TimeGap

===========================================================================================
----------------- testing Tue Jan 15 03:17:47 UTC 2019 /home/travis/build/icyphy/ptII/ptolemy/actor/lib/test/auto/TimeGap2.xml
----------------- Instantiating /home/travis/build/icyphy/ptII/ptolemy/actor/lib/test/auto/TimeGap2.xml
2 ms. Memory: 1780224K Free: 1556868K (87%)
----------------- Invoking toplevel() on ptolemy.moml.MoMLSimpleApplication@508b45c0
----------------- Done invoking toplevel() on ptolemy.moml.MoMLSimpleApplication@508b45c0
reloadAllAccessors: .TimeGap2

===========================================================================================
----------------- testing Tue Jan 15 03:17:47 UTC 2019 /home/travis/build/icyphy/ptII/ptolemy/actor/lib/test/auto/TimedSinewave.xml
----------------- Instantiating /home/travis/build/icyphy/ptII/ptolemy/actor/lib/test/auto/TimedSinewave.xml
13 ms. Memory: 1780224K Free: 1527632K (86%)
----------------- Invoking toplevel() on ptolemy.moml.MoMLSimpleApplication@22e843e
----------------- Done invoking toplevel() on ptolemy.moml.MoMLSimpleApplication@22e843e
reloadAllAccessors: .TimedSinewave

===========================================================================================
----------------- testing Tue Jan 15 03:17:47 UTC 2019 /home/travis/build/icyphy/ptII/ptolemy/actor/lib/test/auto/TimedSinewavePhase.xml
----------------- Instantiating /home/travis/build/icyphy/ptII/ptolemy/actor/lib/test/auto/TimedSinewavePhase.xml
10 ms. Memory: 1780224K Free: 1510961K (85%)
----------------- Invoking toplevel() on ptolemy.moml.MoMLSimpleApplication@285e9bf6
----------------- Done invoking toplevel() on ptolemy.moml.MoMLSimpleApplication@285e9bf6
reloadAllAccessors: .TimedSinewavePhase

===========================================================================================
----------------- testing Tue Jan 15 03:17:47 UTC 2019 /home/travis/build/icyphy/ptII/ptolemy/actor/lib/test/auto/Timer.xml
----------------- Instantiating /home/travis/build/icyphy/ptII/ptolemy/actor/lib/test/auto/Timer.xml
3 ms. Memory: 1780224K Free: 1490077K (84%)
----------------- Invoking toplevel() on ptolemy.moml.MoMLSimpleApplication@424eb727
----------------- Done invoking toplevel() on ptolemy.moml.MoMLSimpleApplication@424eb727
reloadAllAccessors: .Timer

===========================================================================================
----------------- testing Tue Jan 15 03:17:47 UTC 2019 /home/travis/build/icyphy/ptII/ptolemy/actor/lib/test/auto/TriangularDistTestModel.xml
----------------- Instantiating /home/travis/build/icyphy/ptII/ptolemy/actor/lib/test/auto/TriangularDistTestModel.xml
2 ms. Memory: 1780224K Free: 1469192K (83%)
----------------- Invoking toplevel() on ptolemy.moml.MoMLSimpleApplication@417a7f64
----------------- Done invoking toplevel() on ptolemy.moml.MoMLSimpleApplication@417a7f64
reloadAllAccessors: .TriangularDistTestModel

===========================================================================================
----------------- testing Tue Jan 15 03:17:47 UTC 2019 /home/travis/build/icyphy/ptII/ptolemy/actor/lib/test/auto/TrigFunction.xml
----------------- Instantiating /home/travis/build/icyphy/ptII/ptolemy/actor/lib/test/auto/TrigFunction.xml
1 ms. Memory: 1780224K Free: 1452522K (82%)
----------------- Invoking toplevel() on ptolemy.moml.MoMLSimpleApplication@6b5bd297
----------------- Done invoking toplevel() on ptolemy.moml.MoMLSimpleApplication@6b5bd297
reloadAllAccessors: .TrigFunction

===========================================================================================
----------------- testing Tue Jan 15 03:17:47 UTC 2019 /home/travis/build/icyphy/ptII/ptolemy/actor/lib/test/auto/TrigFunctionDE.xml
----------------- Instantiating /home/travis/build/icyphy/ptII/ptolemy/actor/lib/test/auto/TrigFunctionDE.xml
2 ms. Memory: 1780224K Free: 1431637K (80%)
----------------- Invoking toplevel() on ptolemy.moml.MoMLSimpleApplication@6cac0c25
----------------- Done invoking toplevel() on ptolemy.moml.MoMLSimpleApplication@6cac0c25
reloadAllAccessors: .TrigFunctionDE

===========================================================================================
----------------- testing Tue Jan 15 03:17:47 UTC 2019 /home/travis/build/icyphy/ptII/ptolemy/actor/lib/test/auto/TrigFunctionInverse.xml
----------------- Instantiating /home/travis/build/icyphy/ptII/ptolemy/actor/lib/test/auto/TrigFunctionInverse.xml
2 ms. Memory: 1780224K Free: 1414966K (79%)
----------------- Invoking toplevel() on ptolemy.moml.MoMLSimpleApplication@288d75cf
----------------- Done invoking toplevel() on ptolemy.moml.MoMLSimpleApplication@288d75cf
reloadAllAccessors: .TrigFunctionInverse

===========================================================================================
----------------- testing Tue Jan 15 03:17:47 UTC 2019 /home/travis/build/icyphy/ptII/ptolemy/actor/lib/test/auto/TrigFunctionTan.xml
----------------- Instantiating /home/travis/build/icyphy/ptII/ptolemy/actor/lib/test/auto/TrigFunctionTan.xml
1 ms. Memory: 1780224K Free: 1394082K (78%)
----------------- Invoking toplevel() on ptolemy.moml.MoMLSimpleApplication@39b77e3b
----------------- Done invoking toplevel() on ptolemy.moml.MoMLSimpleApplication@39b77e3b
reloadAllAccessors: .TrigFunctionTan

===========================================================================================
----------------- testing Tue Jan 15 03:17:47 UTC 2019 /home/travis/build/icyphy/ptII/ptolemy/actor/lib/test/auto/TriggeredClock.xml
----------------- Instantiating /home/travis/build/icyphy/ptII/ptolemy/actor/lib/test/auto/TriggeredClock.xml
2 ms. Memory: 1780224K Free: 1373197K (77%)
----------------- Invoking toplevel() on ptolemy.moml.MoMLSimpleApplication@3d1e197f
----------------- Done invoking toplevel() on ptolemy.moml.MoMLSimpleApplication@3d1e197f
reloadAllAccessors: .TriggeredClock

===========================================================================================
----------------- testing Tue Jan 15 03:17:47 UTC 2019 /home/travis/build/icyphy/ptII/ptolemy/actor/lib/test/auto/URLDirectoryReader.xml
----------------- Instantiating /home/travis/build/icyphy/ptII/ptolemy/actor/lib/test/auto/URLDirectoryReader.xml
40 ms. Memory: 1780224K Free: 1356527K (76%)
----------------- Invoking toplevel() on ptolemy.moml.MoMLSimpleApplication@438eca5d
----------------- Done invoking toplevel() on ptolemy.moml.MoMLSimpleApplication@438eca5d
reloadAllAccessors: .URLDirectoryReader

===========================================================================================
----------------- testing Tue Jan 15 03:17:47 UTC 2019 /home/travis/build/icyphy/ptII/ptolemy/actor/lib/test/auto/URLDirectoryReader3.xml
----------------- Instantiating /home/travis/build/icyphy/ptII/ptolemy/actor/lib/test/auto/URLDirectoryReader3.xml
1052 ms. Memory: 1780224K Free: 1293965K (73%)
----------------- Invoking toplevel() on ptolemy.moml.MoMLSimpleApplication@781ebd68
----------------- Done invoking toplevel() on ptolemy.moml.MoMLSimpleApplication@781ebd68
reloadAllAccessors: .URLDirectoryReader3

===========================================================================================
----------------- testing Tue Jan 15 03:17:48 UTC 2019 /home/travis/build/icyphy/ptII/ptolemy/actor/lib/test/auto/UnaryMathFunction.xml
----------------- Instantiating /home/travis/build/icyphy/ptII/ptolemy/actor/lib/test/auto/UnaryMathFunction.xml
2 ms. Memory: 1780224K Free: 1273081K (72%)
----------------- Invoking toplevel() on ptolemy.moml.MoMLSimpleApplication@13a5f277
----------------- Done invoking toplevel() on ptolemy.moml.MoMLSimpleApplication@13a5f277
reloadAllAccessors: .UnaryMathFunction

===========================================================================================
----------------- testing Tue Jan 15 03:17:48 UTC 2019 /home/travis/build/icyphy/ptII/ptolemy/actor/lib/test/auto/Uniform.xml
----------------- Instantiating /home/travis/build/icyphy/ptII/ptolemy/actor/lib/test/auto/Uniform.xml
1 ms. Memory: 1780224K Free: 1256410K (71%)
----------------- Invoking toplevel() on ptolemy.moml.MoMLSimpleApplication@59207017
----------------- Done invoking toplevel() on ptolemy.moml.MoMLSimpleApplication@59207017
reloadAllAccessors: .Uniform

===========================================================================================
----------------- testing Tue Jan 15 03:17:48 UTC 2019 /home/travis/build/icyphy/ptII/ptolemy/actor/lib/test/auto/UnionDisassemblerTest.xml
----------------- Instantiating /home/travis/build/icyphy/ptII/ptolemy/actor/lib/test/auto/UnionDisassemblerTest.xml
6 ms. Memory: 1780224K Free: 1235525K (69%)
----------------- Invoking toplevel() on ptolemy.moml.MoMLSimpleApplication@2b82c5fe
----------------- Done invoking toplevel() on ptolemy.moml.MoMLSimpleApplication@2b82c5fe
reloadAllAccessors: .UnionDisassemblerTest

===========================================================================================
----------------- testing Tue Jan 15 03:17:48 UTC 2019 /home/travis/build/icyphy/ptII/ptolemy/actor/lib/test/auto/UtilityFunctions.xml
----------------- Instantiating /home/travis/build/icyphy/ptII/ptolemy/actor/lib/test/auto/UtilityFunctions.xml
1 ms. Memory: 1780224K Free: 1218855K (68%)
----------------- Invoking toplevel() on ptolemy.moml.MoMLSimpleApplication@32dc55ec
----------------- Done invoking toplevel() on ptolemy.moml.MoMLSimpleApplication@32dc55ec
reloadAllAccessors: .UtilityFunctions

===========================================================================================
----------------- testing Tue Jan 15 03:17:48 UTC 2019 /home/travis/build/icyphy/ptII/ptolemy/actor/lib/test/auto/VariableSleep.xml
----------------- Instantiating /home/travis/build/icyphy/ptII/ptolemy/actor/lib/test/auto/VariableSleep.xml
502 ms. Memory: 1780224K Free: 1197970K (67%)
----------------- Invoking toplevel() on ptolemy.moml.MoMLSimpleApplication@7831aa7e
----------------- Done invoking toplevel() on ptolemy.moml.MoMLSimpleApplication@7831aa7e
reloadAllAccessors: .VariableSleep

===========================================================================================
----------------- testing Tue Jan 15 03:17:49 UTC 2019 /home/travis/build/icyphy/ptII/ptolemy/actor/lib/test/auto/VectorAssemblerDisassemblerCT.xml
----------------- Instantiating /home/travis/build/icyphy/ptII/ptolemy/actor/lib/test/auto/VectorAssemblerDisassemblerCT.xml
72 ms. Memory: 1780224K Free: 1160406K (65%)
----------------- Invoking toplevel() on ptolemy.moml.MoMLSimpleApplication@410841b3
----------------- Done invoking toplevel() on ptolemy.moml.MoMLSimpleApplication@410841b3
reloadAllAccessors: .VectorAssemblerDisassemblerCT

===========================================================================================
----------------- testing Tue Jan 15 03:17:49 UTC 2019 /home/travis/build/icyphy/ptII/ptolemy/actor/lib/test/auto/VectorAssemblerDisassemblerDE.xml
----------------- Instantiating /home/travis/build/icyphy/ptII/ptolemy/actor/lib/test/auto/VectorAssemblerDisassemblerDE.xml
2 ms. Memory: 1780224K Free: 1143736K (64%)
----------------- Invoking toplevel() on ptolemy.moml.MoMLSimpleApplication@2c5f4b25
----------------- Done invoking toplevel() on ptolemy.moml.MoMLSimpleApplication@2c5f4b25
reloadAllAccessors: .VectorAssemblerDisassemblerDE

===========================================================================================
----------------- testing Tue Jan 15 03:17:49 UTC 2019 /home/travis/build/icyphy/ptII/ptolemy/actor/lib/test/auto/VectorAssemblerDisassemblerSDF.xml
----------------- Instantiating /home/travis/build/icyphy/ptII/ptolemy/actor/lib/test/auto/VectorAssemblerDisassemblerSDF.xml
2 ms. Memory: 1780224K Free: 1122851K (63%)
----------------- Invoking toplevel() on ptolemy.moml.MoMLSimpleApplication@35b28c4a
----------------- Done invoking toplevel() on ptolemy.moml.MoMLSimpleApplication@35b28c4a
reloadAllAccessors: .VectorAssemblerDisassemblerSDF

===========================================================================================
----------------- testing Tue Jan 15 03:17:49 UTC 2019 /home/travis/build/icyphy/ptII/ptolemy/actor/lib/test/auto/WallClockTime.xml
----------------- Instantiating /home/travis/build/icyphy/ptII/ptolemy/actor/lib/test/auto/WallClockTime.xml
1003 ms. Memory: 1780224K Free: 1101966K (62%)
----------------- Invoking toplevel() on ptolemy.moml.MoMLSimpleApplication@7a741b3
----------------- Done invoking toplevel() on ptolemy.moml.MoMLSimpleApplication@7a741b3
reloadAllAccessors: .WallClockTime

===========================================================================================
----------------- testing Tue Jan 15 03:17:50 UTC 2019 /home/travis/build/icyphy/ptII/ptolemy/actor/lib/test/auto/WidthTestWithSubscriberPublisher.xml
----------------- Instantiating /home/travis/build/icyphy/ptII/ptolemy/actor/lib/test/auto/WidthTestWithSubscriberPublisher.xml
6 ms. Memory: 1780224K Free: 1076944K (60%)
----------------- Invoking toplevel() on ptolemy.moml.MoMLSimpleApplication@63b72a69
----------------- Done invoking toplevel() on ptolemy.moml.MoMLSimpleApplication@63b72a69
reloadAllAccessors: .WidthTestWithSubscriberPublisher

===========================================================================================
----------------- testing Tue Jan 15 03:17:50 UTC 2019 /home/travis/build/icyphy/ptII/ptolemy/actor/lib/test/auto/WidthTestWithSubscriberPublisher2.xml
----------------- Instantiating /home/travis/build/icyphy/ptII/ptolemy/actor/lib/test/auto/WidthTestWithSubscriberPublisher2.xml
2 ms. Memory: 1780224K Free: 1056060K (59%)
----------------- Invoking toplevel() on ptolemy.moml.MoMLSimpleApplication@61848c3e
----------------- Done invoking toplevel() on ptolemy.moml.MoMLSimpleApplication@61848c3e
reloadAllAccessors: .WidthTestWithSubscriberPublisher2

===========================================================================================
----------------- testing Tue Jan 15 03:17:50 UTC 2019 /home/travis/build/icyphy/ptII/ptolemy/actor/lib/test/auto/WidthTestWithSubscriberPublisher3.xml
----------------- Instantiating /home/travis/build/icyphy/ptII/ptolemy/actor/lib/test/auto/WidthTestWithSubscriberPublisher3.xml
1 ms. Memory: 1780224K Free: 1035175K (58%)
----------------- Invoking toplevel() on ptolemy.moml.MoMLSimpleApplication@5eacb9ba
----------------- Done invoking toplevel() on ptolemy.moml.MoMLSimpleApplication@5eacb9ba
reloadAllAccessors: .WidthTestWithSubscriberPublisher3

===========================================================================================
----------------- testing Tue Jan 15 03:17:50 UTC 2019 /home/travis/build/icyphy/ptII/ptolemy/actor/lib/test/auto/Writer.xml
----------------- Instantiating /home/travis/build/icyphy/ptII/ptolemy/actor/lib/test/auto/Writer.xml
0
1
2
3
4
1 ms. Memory: 1780224K Free: 1018504K (57%)
----------------- Invoking toplevel() on ptolemy.moml.MoMLSimpleApplication@2ec2d551
----------------- Done invoking toplevel() on ptolemy.moml.MoMLSimpleApplication@2ec2d551
reloadAllAccessors: .Writer

===========================================================================================
----------------- testing Tue Jan 15 03:17:50 UTC 2019 /home/travis/build/icyphy/ptII/ptolemy/actor/lib/test/auto/array.xml
----------------- Instantiating /home/travis/build/icyphy/ptII/ptolemy/actor/lib/test/auto/array.xml
1 ms. Memory: 1780224K Free: 997620K (56%)
----------------- Invoking toplevel() on ptolemy.moml.MoMLSimpleApplication@260b765e
----------------- Done invoking toplevel() on ptolemy.moml.MoMLSimpleApplication@260b765e
reloadAllAccessors: .array

===========================================================================================
----------------- testing Tue Jan 15 03:17:50 UTC 2019 /home/travis/build/icyphy/ptII/ptolemy/actor/lib/test/auto/array2.xml
----------------- Instantiating /home/travis/build/icyphy/ptII/ptolemy/actor/lib/test/auto/array2.xml
10 ms. Memory: 1780224K Free: 980949K (55%)
----------------- Invoking toplevel() on ptolemy.moml.MoMLSimpleApplication@3b7b01c6
----------------- Done invoking toplevel() on ptolemy.moml.MoMLSimpleApplication@3b7b01c6
reloadAllAccessors: .array2

===========================================================================================
----------------- testing Tue Jan 15 03:17:50 UTC 2019 /home/travis/build/icyphy/ptII/ptolemy/actor/lib/test/auto/arrayType.xml
----------------- Instantiating /home/travis/build/icyphy/ptII/ptolemy/actor/lib/test/auto/arrayType.xml
5 ms. Memory: 1780224K Free: 960064K (54%)
----------------- Invoking toplevel() on ptolemy.moml.MoMLSimpleApplication@10473c9f
----------------- Done invoking toplevel() on ptolemy.moml.MoMLSimpleApplication@10473c9f
reloadAllAccessors: .arrayType

===========================================================================================
----------------- testing Tue Jan 15 03:17:50 UTC 2019 /home/travis/build/icyphy/ptII/ptolemy/actor/lib/test/auto/arrayType10.xml
----------------- Instantiating /home/travis/build/icyphy/ptII/ptolemy/actor/lib/test/auto/arrayType10.xml
2 ms. Memory: 1780224K Free: 939180K (53%)
----------------- Invoking toplevel() on ptolemy.moml.MoMLSimpleApplication@46d2bdc8
----------------- Done invoking toplevel() on ptolemy.moml.MoMLSimpleApplication@46d2bdc8
reloadAllAccessors: .arrayType10

===========================================================================================
----------------- testing Tue Jan 15 03:17:50 UTC 2019 /home/travis/build/icyphy/ptII/ptolemy/actor/lib/test/auto/arrayType11.xml
----------------- Instantiating /home/travis/build/icyphy/ptII/ptolemy/actor/lib/test/auto/arrayType11.xml
1 ms. Memory: 1780224K Free: 922509K (52%)
----------------- Invoking toplevel() on ptolemy.moml.MoMLSimpleApplication@6cd64d21
----------------- Done invoking toplevel() on ptolemy.moml.MoMLSimpleApplication@6cd64d21
reloadAllAccessors: .arrayType11

===========================================================================================
----------------- testing Tue Jan 15 03:17:50 UTC 2019 /home/travis/build/icyphy/ptII/ptolemy/actor/lib/test/auto/arrayType12.xml
----------------- Instantiating /home/travis/build/icyphy/ptII/ptolemy/actor/lib/test/auto/arrayType12.xml
2 ms. Memory: 1780224K Free: 901624K (51%)
----------------- Invoking toplevel() on ptolemy.moml.MoMLSimpleApplication@5626a1ab
----------------- Done invoking toplevel() on ptolemy.moml.MoMLSimpleApplication@5626a1ab
reloadAllAccessors: .arrayType12

===========================================================================================
----------------- testing Tue Jan 15 03:17:50 UTC 2019 /home/travis/build/icyphy/ptII/ptolemy/actor/lib/test/auto/arrayType13.xml
----------------- Instantiating /home/travis/build/icyphy/ptII/ptolemy/actor/lib/test/auto/arrayType13.xml
1 ms. Memory: 1780224K Free: 880740K (49%)
----------------- Invoking toplevel() on ptolemy.moml.MoMLSimpleApplication@5ba4a46
----------------- Done invoking toplevel() on ptolemy.moml.MoMLSimpleApplication@5ba4a46
reloadAllAccessors: .arrayType13

===========================================================================================
----------------- testing Tue Jan 15 03:17:50 UTC 2019 /home/travis/build/icyphy/ptII/ptolemy/actor/lib/test/auto/arrayType14.xml
----------------- Instantiating /home/travis/build/icyphy/ptII/ptolemy/actor/lib/test/auto/arrayType14.xml
2 ms. Memory: 1780224K Free: 864069K (49%)
----------------- Invoking toplevel() on ptolemy.moml.MoMLSimpleApplication@230446ef
----------------- Done invoking toplevel() on ptolemy.moml.MoMLSimpleApplication@230446ef
reloadAllAccessors: .arrayType14

===========================================================================================
----------------- testing Tue Jan 15 03:17:50 UTC 2019 /home/travis/build/icyphy/ptII/ptolemy/actor/lib/test/auto/arrayType15.xml
----------------- Instantiating /home/travis/build/icyphy/ptII/ptolemy/actor/lib/test/auto/arrayType15.xml
2 ms. Memory: 1780224K Free: 843184K (47%)
----------------- Invoking toplevel() on ptolemy.moml.MoMLSimpleApplication@6f5c6185
----------------- Done invoking toplevel() on ptolemy.moml.MoMLSimpleApplication@6f5c6185
reloadAllAccessors: .arrayType15

===========================================================================================
----------------- testing Tue Jan 15 03:17:50 UTC 2019 /home/travis/build/icyphy/ptII/ptolemy/actor/lib/test/auto/arrayType16.xml
----------------- Instantiating /home/travis/build/icyphy/ptII/ptolemy/actor/lib/test/auto/arrayType16.xml
1 ms. Memory: 1780224K Free: 826514K (46%)
----------------- Invoking toplevel() on ptolemy.moml.MoMLSimpleApplication@4278122f
----------------- Done invoking toplevel() on ptolemy.moml.MoMLSimpleApplication@4278122f
reloadAllAccessors: .arrayType16

===========================================================================================
----------------- testing Tue Jan 15 03:17:50 UTC 2019 /home/travis/build/icyphy/ptII/ptolemy/actor/lib/test/auto/arrayType17.xml
----------------- Instantiating /home/travis/build/icyphy/ptII/ptolemy/actor/lib/test/auto/arrayType17.xml
1 ms. Memory: 1780224K Free: 805629K (45%)
----------------- Invoking toplevel() on ptolemy.moml.MoMLSimpleApplication@42c0a3d8
----------------- Done invoking toplevel() on ptolemy.moml.MoMLSimpleApplication@42c0a3d8
reloadAllAccessors: .arrayType17

===========================================================================================
----------------- testing Tue Jan 15 03:17:50 UTC 2019 /home/travis/build/icyphy/ptII/ptolemy/actor/lib/test/auto/arrayType18.xml
----------------- Instantiating /home/travis/build/icyphy/ptII/ptolemy/actor/lib/test/auto/arrayType18.xml
2 ms. Memory: 1780224K Free: 784745K (44%)
----------------- Invoking toplevel() on ptolemy.moml.MoMLSimpleApplication@3ac13590
----------------- Done invoking toplevel() on ptolemy.moml.MoMLSimpleApplication@3ac13590
reloadAllAccessors: .arrayType18

===========================================================================================
----------------- testing Tue Jan 15 03:17:50 UTC 2019 /home/travis/build/icyphy/ptII/ptolemy/actor/lib/test/auto/arrayType19.xml
----------------- Instantiating /home/travis/build/icyphy/ptII/ptolemy/actor/lib/test/auto/arrayType19.xml
1 ms. Memory: 1780224K Free: 768074K (43%)
----------------- Invoking toplevel() on ptolemy.moml.MoMLSimpleApplication@e779c8b
----------------- Done invoking toplevel() on ptolemy.moml.MoMLSimpleApplication@e779c8b
reloadAllAccessors: .arrayType19

===========================================================================================
----------------- testing Tue Jan 15 03:17:50 UTC 2019 /home/travis/build/icyphy/ptII/ptolemy/actor/lib/test/auto/arrayType2.xml
----------------- Instantiating /home/travis/build/icyphy/ptII/ptolemy/actor/lib/test/auto/arrayType2.xml
1 ms. Memory: 1780224K Free: 747189K (42%)
----------------- Invoking toplevel() on ptolemy.moml.MoMLSimpleApplication@17d48555
----------------- Done invoking toplevel() on ptolemy.moml.MoMLSimpleApplication@17d48555
reloadAllAccessors: .arrayType2

===========================================================================================
----------------- testing Tue Jan 15 03:17:50 UTC 2019 /home/travis/build/icyphy/ptII/ptolemy/actor/lib/test/auto/arrayType20.xml
----------------- Instantiating /home/travis/build/icyphy/ptII/ptolemy/actor/lib/test/auto/arrayType20.xml
1 ms. Memory: 1780224K Free: 726305K (41%)
----------------- Invoking toplevel() on ptolemy.moml.MoMLSimpleApplication@137af874
----------------- Done invoking toplevel() on ptolemy.moml.MoMLSimpleApplication@137af874
reloadAllAccessors: .arrayType20

===========================================================================================
----------------- testing Tue Jan 15 03:17:50 UTC 2019 /home/travis/build/icyphy/ptII/ptolemy/actor/lib/test/auto/arrayType21.xml
----------------- Instantiating /home/travis/build/icyphy/ptII/ptolemy/actor/lib/test/auto/arrayType21.xml
1 ms. Memory: 1780224K Free: 709634K (40%)
----------------- Invoking toplevel() on ptolemy.moml.MoMLSimpleApplication@6b701894
----------------- Done invoking toplevel() on ptolemy.moml.MoMLSimpleApplication@6b701894
reloadAllAccessors: .arrayType21

===========================================================================================
----------------- testing Tue Jan 15 03:17:50 UTC 2019 /home/travis/build/icyphy/ptII/ptolemy/actor/lib/test/auto/arrayType22.xml
----------------- Instantiating /home/travis/build/icyphy/ptII/ptolemy/actor/lib/test/auto/arrayType22.xml
1 ms. Memory: 1780224K Free: 688749K (39%)
----------------- Invoking toplevel() on ptolemy.moml.MoMLSimpleApplication@320f930d
----------------- Done invoking toplevel() on ptolemy.moml.MoMLSimpleApplication@320f930d
reloadAllAccessors: .arrayType22

===========================================================================================
----------------- testing Tue Jan 15 03:17:50 UTC 2019 /home/travis/build/icyphy/ptII/ptolemy/actor/lib/test/auto/arrayType23.xml
----------------- Instantiating /home/travis/build/icyphy/ptII/ptolemy/actor/lib/test/auto/arrayType23.xml
3 ms. Memory: 1780224K Free: 667865K (38%)
----------------- Invoking toplevel() on ptolemy.moml.MoMLSimpleApplication@5c4c3ca3
----------------- Done invoking toplevel() on ptolemy.moml.MoMLSimpleApplication@5c4c3ca3
reloadAllAccessors: .arrayType23

===========================================================================================
----------------- testing Tue Jan 15 03:17:50 UTC 2019 /home/travis/build/icyphy/ptII/ptolemy/actor/lib/test/auto/arrayType24.xml
----------------- Instantiating /home/travis/build/icyphy/ptII/ptolemy/actor/lib/test/auto/arrayType24.xml
2 ms. Memory: 1780224K Free: 651194K (37%)
----------------- Invoking toplevel() on ptolemy.moml.MoMLSimpleApplication@59f5da89
----------------- Done invoking toplevel() on ptolemy.moml.MoMLSimpleApplication@59f5da89
reloadAllAccessors: .arrayType24

===========================================================================================
----------------- testing Tue Jan 15 03:17:50 UTC 2019 /home/travis/build/icyphy/ptII/ptolemy/actor/lib/test/auto/arrayType25.xml
----------------- Instantiating /home/travis/build/icyphy/ptII/ptolemy/actor/lib/test/auto/arrayType25.xml
1 ms. Memory: 1780224K Free: 630310K (35%)
----------------- Invoking toplevel() on ptolemy.moml.MoMLSimpleApplication@36f47a43
----------------- Done invoking toplevel() on ptolemy.moml.MoMLSimpleApplication@36f47a43
reloadAllAccessors: .arrayType25

===========================================================================================
----------------- testing Tue Jan 15 03:17:50 UTC 2019 /home/travis/build/icyphy/ptII/ptolemy/actor/lib/test/auto/arrayType26.xml
----------------- Instantiating /home/travis/build/icyphy/ptII/ptolemy/actor/lib/test/auto/arrayType26.xml
1 ms. Memory: 1780224K Free: 613639K (34%)
----------------- Invoking toplevel() on ptolemy.moml.MoMLSimpleApplication@451c007f
----------------- Done invoking toplevel() on ptolemy.moml.MoMLSimpleApplication@451c007f
reloadAllAccessors: .arrayType26

===========================================================================================
----------------- testing Tue Jan 15 03:17:50 UTC 2019 /home/travis/build/icyphy/ptII/ptolemy/actor/lib/test/auto/arrayType27.xml
----------------- Instantiating /home/travis/build/icyphy/ptII/ptolemy/actor/lib/test/auto/arrayType27.xml
1 ms. Memory: 1780224K Free: 592754K (33%)
----------------- Invoking toplevel() on ptolemy.moml.MoMLSimpleApplication@1c167e84
----------------- Done invoking toplevel() on ptolemy.moml.MoMLSimpleApplication@1c167e84
reloadAllAccessors: .arrayType27

===========================================================================================
----------------- testing Tue Jan 15 03:17:50 UTC 2019 /home/travis/build/icyphy/ptII/ptolemy/actor/lib/test/auto/arrayType28.xml
----------------- Instantiating /home/travis/build/icyphy/ptII/ptolemy/actor/lib/test/auto/arrayType28.xml
1 ms. Memory: 1780224K Free: 571870K (32%)
----------------- Invoking toplevel() on ptolemy.moml.MoMLSimpleApplication@201965eb
----------------- Done invoking toplevel() on ptolemy.moml.MoMLSimpleApplication@201965eb
reloadAllAccessors: .arrayType28

===========================================================================================
----------------- testing Tue Jan 15 03:17:50 UTC 2019 /home/travis/build/icyphy/ptII/ptolemy/actor/lib/test/auto/arrayType3.xml
----------------- Instantiating /home/travis/build/icyphy/ptII/ptolemy/actor/lib/test/auto/arrayType3.xml
1 ms. Memory: 1780224K Free: 555199K (31%)
----------------- Invoking toplevel() on ptolemy.moml.MoMLSimpleApplication@24dd595d
----------------- Done invoking toplevel() on ptolemy.moml.MoMLSimpleApplication@24dd595d
reloadAllAccessors: .arrayType3

===========================================================================================
----------------- testing Tue Jan 15 03:17:50 UTC 2019 /home/travis/build/icyphy/ptII/ptolemy/actor/lib/test/auto/arrayType4.xml
----------------- Instantiating /home/travis/build/icyphy/ptII/ptolemy/actor/lib/test/auto/arrayType4.xml
1 ms. Memory: 1780224K Free: 534314K (30%)
----------------- Invoking toplevel() on ptolemy.moml.MoMLSimpleApplication@1b662313
----------------- Done invoking toplevel() on ptolemy.moml.MoMLSimpleApplication@1b662313
reloadAllAccessors: .arrayType4

===========================================================================================
----------------- testing Tue Jan 15 03:17:50 UTC 2019 /home/travis/build/icyphy/ptII/ptolemy/actor/lib/test/auto/arrayType5.xml
----------------- Instantiating /home/travis/build/icyphy/ptII/ptolemy/actor/lib/test/auto/arrayType5.xml
3 ms. Memory: 1780224K Free: 513430K (29%)
----------------- Invoking toplevel() on ptolemy.moml.MoMLSimpleApplication@7d34f4aa
----------------- Done invoking toplevel() on ptolemy.moml.MoMLSimpleApplication@7d34f4aa
reloadAllAccessors: .arrayType5

===========================================================================================
----------------- testing Tue Jan 15 03:17:51 UTC 2019 /home/travis/build/icyphy/ptII/ptolemy/actor/lib/test/auto/arrayType6.xml
----------------- Instantiating /home/travis/build/icyphy/ptII/ptolemy/actor/lib/test/auto/arrayType6.xml
1 ms. Memory: 1780224K Free: 496759K (28%)
----------------- Invoking toplevel() on ptolemy.moml.MoMLSimpleApplication@486d2dc3
----------------- Done invoking toplevel() on ptolemy.moml.MoMLSimpleApplication@486d2dc3
reloadAllAccessors: .arrayType6

===========================================================================================
----------------- testing Tue Jan 15 03:17:51 UTC 2019 /home/travis/build/icyphy/ptII/ptolemy/actor/lib/test/auto/arrayType7.xml
----------------- Instantiating /home/travis/build/icyphy/ptII/ptolemy/actor/lib/test/auto/arrayType7.xml
1 ms. Memory: 1780224K Free: 475875K (27%)
----------------- Invoking toplevel() on ptolemy.moml.MoMLSimpleApplication@7407afcc
----------------- Done invoking toplevel() on ptolemy.moml.MoMLSimpleApplication@7407afcc
reloadAllAccessors: .arrayType7

===========================================================================================
----------------- testing Tue Jan 15 03:17:51 UTC 2019 /home/travis/build/icyphy/ptII/ptolemy/actor/lib/test/auto/arrayType8.xml
----------------- Instantiating /home/travis/build/icyphy/ptII/ptolemy/actor/lib/test/auto/arrayType8.xml
3 ms. Memory: 1780224K Free: 454990K (26%)
----------------- Invoking toplevel() on ptolemy.moml.MoMLSimpleApplication@67dd58da
----------------- Done invoking toplevel() on ptolemy.moml.MoMLSimpleApplication@67dd58da
reloadAllAccessors: .arrayType8

===========================================================================================
----------------- testing Tue Jan 15 03:17:51 UTC 2019 /home/travis/build/icyphy/ptII/ptolemy/actor/lib/test/auto/arrayType9.xml
----------------- Instantiating /home/travis/build/icyphy/ptII/ptolemy/actor/lib/test/auto/arrayType9.xml
1 ms. Memory: 1780224K Free: 438320K (25%)
----------------- Invoking toplevel() on ptolemy.moml.MoMLSimpleApplication@6b3a2949
----------------- Done invoking toplevel() on ptolemy.moml.MoMLSimpleApplication@6b3a2949
reloadAllAccessors: .arrayType9

===========================================================================================
----------------- testing Tue Jan 15 03:17:51 UTC 2019 /home/travis/build/icyphy/ptII/ptolemy/actor/lib/test/auto/cast.xml
----------------- Instantiating /home/travis/build/icyphy/ptII/ptolemy/actor/lib/test/auto/cast.xml
2 ms. Memory: 1780224K Free: 417435K (23%)
----------------- Invoking toplevel() on ptolemy.moml.MoMLSimpleApplication@1a092245
----------------- Done invoking toplevel() on ptolemy.moml.MoMLSimpleApplication@1a092245
reloadAllAccessors: .cast

===========================================================================================
----------------- testing Tue Jan 15 03:17:51 UTC 2019 /home/travis/build/icyphy/ptII/ptolemy/actor/lib/test/auto/compositeMultiPort.xml
----------------- Instantiating /home/travis/build/icyphy/ptII/ptolemy/actor/lib/test/auto/compositeMultiPort.xml
3 ms. Memory: 1780224K Free: 400764K (23%)
----------------- Invoking toplevel() on ptolemy.moml.MoMLSimpleApplication@5aff5919
----------------- Done invoking toplevel() on ptolemy.moml.MoMLSimpleApplication@5aff5919
reloadAllAccessors: .compositeMultiPort

===========================================================================================
----------------- testing Tue Jan 15 03:17:51 UTC 2019 /home/travis/build/icyphy/ptII/ptolemy/actor/lib/test/auto/expressionCastInference.xml
----------------- Instantiating /home/travis/build/icyphy/ptII/ptolemy/actor/lib/test/auto/expressionCastInference.xml
2 ms. Memory: 1780224K Free: 379880K (21%)
----------------- Invoking toplevel() on ptolemy.moml.MoMLSimpleApplication@515b47eb
----------------- Done invoking toplevel() on ptolemy.moml.MoMLSimpleApplication@515b47eb
reloadAllAccessors: .expressionCastInference

===========================================================================================
----------------- testing Tue Jan 15 03:17:51 UTC 2019 /home/travis/build/icyphy/ptII/ptolemy/actor/lib/test/auto/expressionCastInference2.xml
----------------- Instantiating /home/travis/build/icyphy/ptII/ptolemy/actor/lib/test/auto/expressionCastInference2.xml
1 ms. Memory: 1780224K Free: 358995K (20%)
----------------- Invoking toplevel() on ptolemy.moml.MoMLSimpleApplication@3ba4438a
----------------- Done invoking toplevel() on ptolemy.moml.MoMLSimpleApplication@3ba4438a
reloadAllAccessors: .expressionCastInference2

===========================================================================================
----------------- testing Tue Jan 15 03:17:51 UTC 2019 /home/travis/build/icyphy/ptII/ptolemy/actor/lib/test/auto/expressionInference.xml
----------------- Instantiating /home/travis/build/icyphy/ptII/ptolemy/actor/lib/test/auto/expressionInference.xml
1 ms. Memory: 1780224K Free: 342325K (19%)
----------------- Invoking toplevel() on ptolemy.moml.MoMLSimpleApplication@6eb99b8c
----------------- Done invoking toplevel() on ptolemy.moml.MoMLSimpleApplication@6eb99b8c
reloadAllAccessors: .expressionInference

===========================================================================================
----------------- testing Tue Jan 15 03:17:51 UTC 2019 /home/travis/build/icyphy/ptII/ptolemy/actor/lib/test/auto/expression_bug.xml
----------------- Instantiating /home/travis/build/icyphy/ptII/ptolemy/actor/lib/test/auto/expression_bug.xml
1 ms. Memory: 1780224K Free: 321440K (18%)
----------------- Invoking toplevel() on ptolemy.moml.MoMLSimpleApplication@63b05648
----------------- Done invoking toplevel() on ptolemy.moml.MoMLSimpleApplication@63b05648
reloadAllAccessors: .expression_bug

===========================================================================================
----------------- testing Tue Jan 15 03:17:51 UTC 2019 /home/travis/build/icyphy/ptII/ptolemy/actor/lib/test/auto/factorial.xml
----------------- Instantiating /home/travis/build/icyphy/ptII/ptolemy/actor/lib/test/auto/factorial.xml
36 ms. Memory: 1780224K Free: 300555K (17%)
----------------- Invoking toplevel() on ptolemy.moml.MoMLSimpleApplication@39e189ac
----------------- Done invoking toplevel() on ptolemy.moml.MoMLSimpleApplication@39e189ac
reloadAllAccessors: .factorial

===========================================================================================
----------------- testing Tue Jan 15 03:17:51 UTC 2019 /home/travis/build/icyphy/ptII/ptolemy/actor/lib/test/auto/filterTest1.xml
----------------- Instantiating /home/travis/build/icyphy/ptII/ptolemy/actor/lib/test/auto/filterTest1.xml
3 ms. Memory: 1780224K Free: 283885K (16%)
----------------- Invoking toplevel() on ptolemy.moml.MoMLSimpleApplication@6ca36b03
----------------- Done invoking toplevel() on ptolemy.moml.MoMLSimpleApplication@6ca36b03
reloadAllAccessors: .filterTest1

===========================================================================================
----------------- testing Tue Jan 15 03:17:51 UTC 2019 /home/travis/build/icyphy/ptII/ptolemy/actor/lib/test/auto/funcApplyInConst.xml
----------------- Instantiating /home/travis/build/icyphy/ptII/ptolemy/actor/lib/test/auto/funcApplyInConst.xml
1 ms. Memory: 1780224K Free: 263000K (15%)
----------------- Invoking toplevel() on ptolemy.moml.MoMLSimpleApplication@7aa99b20
----------------- Done invoking toplevel() on ptolemy.moml.MoMLSimpleApplication@7aa99b20
reloadAllAccessors: .funcApplyInConst

===========================================================================================
----------------- testing Tue Jan 15 03:17:51 UTC 2019 /home/travis/build/icyphy/ptII/ptolemy/actor/lib/test/auto/funcApplyInExpr.xml
----------------- Instantiating /home/travis/build/icyphy/ptII/ptolemy/actor/lib/test/auto/funcApplyInExpr.xml
1 ms. Memory: 1780224K Free: 242116K (14%)
----------------- Invoking toplevel() on ptolemy.moml.MoMLSimpleApplication@12061567
----------------- Done invoking toplevel() on ptolemy.moml.MoMLSimpleApplication@12061567
reloadAllAccessors: .funcApplyInExpr

===========================================================================================
----------------- testing Tue Jan 15 03:17:51 UTC 2019 /home/travis/build/icyphy/ptII/ptolemy/actor/lib/test/auto/function.xml
----------------- Instantiating /home/travis/build/icyphy/ptII/ptolemy/actor/lib/test/auto/function.xml
1 ms. Memory: 1780224K Free: 225445K (13%)
----------------- Invoking toplevel() on ptolemy.moml.MoMLSimpleApplication@588f2969
----------------- Done invoking toplevel() on ptolemy.moml.MoMLSimpleApplication@588f2969
reloadAllAccessors: .function

===========================================================================================
----------------- testing Tue Jan 15 03:17:51 UTC 2019 /home/travis/build/icyphy/ptII/ptolemy/actor/lib/test/auto/function2.xml
----------------- Instantiating /home/travis/build/icyphy/ptII/ptolemy/actor/lib/test/auto/function2.xml
1 ms. Memory: 1780224K Free: 204560K (11%)
----------------- Invoking toplevel() on ptolemy.moml.MoMLSimpleApplication@d4fe59f
----------------- Done invoking toplevel() on ptolemy.moml.MoMLSimpleApplication@d4fe59f
reloadAllAccessors: .function2

===========================================================================================
----------------- testing Tue Jan 15 03:17:51 UTC 2019 /home/travis/build/icyphy/ptII/ptolemy/actor/lib/test/auto/function3.xml
----------------- Instantiating /home/travis/build/icyphy/ptII/ptolemy/actor/lib/test/auto/function3.xml
3 ms. Memory: 1780224K Free: 183676K (10%)
----------------- Invoking toplevel() on ptolemy.moml.MoMLSimpleApplication@47f35efc
----------------- Done invoking toplevel() on ptolemy.moml.MoMLSimpleApplication@47f35efc
reloadAllAccessors: .function3

===========================================================================================
----------------- testing Tue Jan 15 03:17:51 UTC 2019 /home/travis/build/icyphy/ptII/ptolemy/actor/lib/test/auto/functionClosureTest1.xml
----------------- Instantiating /home/travis/build/icyphy/ptII/ptolemy/actor/lib/test/auto/functionClosureTest1.xml
1 ms. Memory: 1780224K Free: 167005K (9%)
----------------- Invoking toplevel() on ptolemy.moml.MoMLSimpleApplication@3eb84784
----------------- Done invoking toplevel() on ptolemy.moml.MoMLSimpleApplication@3eb84784
reloadAllAccessors: .functionClosureTest1

===========================================================================================
----------------- testing Tue Jan 15 03:17:51 UTC 2019 /home/travis/build/icyphy/ptII/ptolemy/actor/lib/test/auto/functionClosureTest2.xml
----------------- Instantiating /home/travis/build/icyphy/ptII/ptolemy/actor/lib/test/auto/functionClosureTest2.xml
6 ms. Memory: 1780224K Free: 146121K (8%)
----------------- Invoking toplevel() on ptolemy.moml.MoMLSimpleApplication@3b5f1662
----------------- Done invoking toplevel() on ptolemy.moml.MoMLSimpleApplication@3b5f1662
reloadAllAccessors: .functionClosureTest2

===========================================================================================
----------------- testing Tue Jan 15 03:17:51 UTC 2019 /home/travis/build/icyphy/ptII/ptolemy/actor/lib/test/auto/functionClosureTest3.xml
----------------- Instantiating /home/travis/build/icyphy/ptII/ptolemy/actor/lib/test/auto/functionClosureTest3.xml
2 ms. Memory: 1780224K Free: 129450K (7%)
----------------- Invoking toplevel() on ptolemy.moml.MoMLSimpleApplication@68f3818b
----------------- Done invoking toplevel() on ptolemy.moml.MoMLSimpleApplication@68f3818b
reloadAllAccessors: .functionClosureTest3

===========================================================================================
----------------- testing Tue Jan 15 03:17:51 UTC 2019 /home/travis/build/icyphy/ptII/ptolemy/actor/lib/test/auto/functionClosureTest4.xml
----------------- Instantiating /home/travis/build/icyphy/ptII/ptolemy/actor/lib/test/auto/functionClosureTest4.xml
4 ms. Memory: 1780224K Free: 108565K (6%)
----------------- Invoking toplevel() on ptolemy.moml.MoMLSimpleApplication@4c675be
----------------- Done invoking toplevel() on ptolemy.moml.MoMLSimpleApplication@4c675be
reloadAllAccessors: .functionClosureTest4

===========================================================================================
----------------- testing Tue Jan 15 03:17:51 UTC 2019 /home/travis/build/icyphy/ptII/ptolemy/actor/lib/test/auto/functionClosureTest5.xml
----------------- Instantiating /home/travis/build/icyphy/ptII/ptolemy/actor/lib/test/auto/functionClosureTest5.xml
13 ms. Memory: 1780224K Free: 87681K (5%)
----------------- Invoking toplevel() on ptolemy.moml.MoMLSimpleApplication@72e42810
----------------- Done invoking toplevel() on ptolemy.moml.MoMLSimpleApplication@72e42810
reloadAllAccessors: .functionClosureTest5

===========================================================================================
----------------- testing Tue Jan 15 03:17:51 UTC 2019 /home/travis/build/icyphy/ptII/ptolemy/actor/lib/test/auto/functionClosureTest6.xml
----------------- Instantiating /home/travis/build/icyphy/ptII/ptolemy/actor/lib/test/auto/functionClosureTest6.xml
8 ms. Memory: 1780224K Free: 73491K (4%)
----------------- Invoking toplevel() on ptolemy.moml.MoMLSimpleApplication@7c3fd749
----------------- Done invoking toplevel() on ptolemy.moml.MoMLSimpleApplication@7c3fd749
reloadAllAccessors: .functionClosureTest6

===========================================================================================
----------------- testing Tue Jan 15 03:17:51 UTC 2019 /home/travis/build/icyphy/ptII/ptolemy/actor/lib/test/auto/functionsOnArcs.xml
----------------- Instantiating /home/travis/build/icyphy/ptII/ptolemy/actor/lib/test/auto/functionsOnArcs.xml
2 ms. Memory: 1781248K Free: 1699850K (95%)
----------------- Invoking toplevel() on ptolemy.moml.MoMLSimpleApplication@264a6a51
----------------- Done invoking toplevel() on ptolemy.moml.MoMLSimpleApplication@264a6a51
reloadAllAccessors: .functionsOnArcs

===========================================================================================
----------------- testing Tue Jan 15 03:17:51 UTC 2019 /home/travis/build/icyphy/ptII/ptolemy/actor/lib/test/auto/functionsOnArcsHOF.xml
----------------- Instantiating /home/travis/build/icyphy/ptII/ptolemy/actor/lib/test/auto/functionsOnArcsHOF.xml
3 ms. Memory: 1781248K Free: 1673296K (94%)
----------------- Invoking toplevel() on ptolemy.moml.MoMLSimpleApplication@73f56dec
----------------- Done invoking toplevel() on ptolemy.moml.MoMLSimpleApplication@73f56dec
reloadAllAccessors: .functionsOnArcsHOF

===========================================================================================
----------------- testing Tue Jan 15 03:17:51 UTC 2019 /home/travis/build/icyphy/ptII/ptolemy/actor/lib/test/auto/logic.xml
----------------- Instantiating /home/travis/build/icyphy/ptII/ptolemy/actor/lib/test/auto/logic.xml
1 ms. Memory: 1781248K Free: 1651027K (93%)
----------------- Invoking toplevel() on ptolemy.moml.MoMLSimpleApplication@73077b28
----------------- Done invoking toplevel() on ptolemy.moml.MoMLSimpleApplication@73077b28
reloadAllAccessors: .logic

===========================================================================================
----------------- testing Tue Jan 15 03:17:51 UTC 2019 /home/travis/build/icyphy/ptII/ptolemy/actor/lib/test/auto/matrixType.xml
----------------- Instantiating /home/travis/build/icyphy/ptII/ptolemy/actor/lib/test/auto/matrixType.xml
1 ms. Memory: 1781248K Free: 1624472K (91%)
----------------- Invoking toplevel() on ptolemy.moml.MoMLSimpleApplication@405198c6
----------------- Done invoking toplevel() on ptolemy.moml.MoMLSimpleApplication@405198c6
reloadAllAccessors: .matrixType

===========================================================================================
----------------- testing Tue Jan 15 03:17:51 UTC 2019 /home/travis/build/icyphy/ptII/ptolemy/actor/lib/test/auto/matrixType10.xml
----------------- Instantiating /home/travis/build/icyphy/ptII/ptolemy/actor/lib/test/auto/matrixType10.xml
2 ms. Memory: 1781248K Free: 1597917K (90%)
----------------- Invoking toplevel() on ptolemy.moml.MoMLSimpleApplication@127f463c
----------------- Done invoking toplevel() on ptolemy.moml.MoMLSimpleApplication@127f463c
reloadAllAccessors: .matrixType10

===========================================================================================
----------------- testing Tue Jan 15 03:17:51 UTC 2019 /home/travis/build/icyphy/ptII/ptolemy/actor/lib/test/auto/matrixType11.xml
----------------- Instantiating /home/travis/build/icyphy/ptII/ptolemy/actor/lib/test/auto/matrixType11.xml
1 ms. Memory: 1781248K Free: 1575648K (88%)
----------------- Invoking toplevel() on ptolemy.moml.MoMLSimpleApplication@5729a8c
----------------- Done invoking toplevel() on ptolemy.moml.MoMLSimpleApplication@5729a8c
reloadAllAccessors: .matrixType11

===========================================================================================
----------------- testing Tue Jan 15 03:17:51 UTC 2019 /home/travis/build/icyphy/ptII/ptolemy/actor/lib/test/auto/matrixType12.xml
----------------- Instantiating /home/travis/build/icyphy/ptII/ptolemy/actor/lib/test/auto/matrixType12.xml
1 ms. Memory: 1781248K Free: 1549093K (87%)
----------------- Invoking toplevel() on ptolemy.moml.MoMLSimpleApplication@1b2d834e
----------------- Done invoking toplevel() on ptolemy.moml.MoMLSimpleApplication@1b2d834e
reloadAllAccessors: .matrixType12

===========================================================================================
----------------- testing Tue Jan 15 03:17:51 UTC 2019 /home/travis/build/icyphy/ptII/ptolemy/actor/lib/test/auto/matrixType13.xml
----------------- Instantiating /home/travis/build/icyphy/ptII/ptolemy/actor/lib/test/auto/matrixType13.xml
1 ms. Memory: 1781248K Free: 1526825K (86%)
----------------- Invoking toplevel() on ptolemy.moml.MoMLSimpleApplication@21e18cb0
----------------- Done invoking toplevel() on ptolemy.moml.MoMLSimpleApplication@21e18cb0
reloadAllAccessors: .matrixType13

===========================================================================================
----------------- testing Tue Jan 15 03:17:51 UTC 2019 /home/travis/build/icyphy/ptII/ptolemy/actor/lib/test/auto/matrixType14.xml
----------------- Instantiating /home/travis/build/icyphy/ptII/ptolemy/actor/lib/test/auto/matrixType14.xml
1 ms. Memory: 1781248K Free: 1500269K (84%)
----------------- Invoking toplevel() on ptolemy.moml.MoMLSimpleApplication@3e1bb920
----------------- Done invoking toplevel() on ptolemy.moml.MoMLSimpleApplication@3e1bb920
reloadAllAccessors: .matrixType14

===========================================================================================
----------------- testing Tue Jan 15 03:17:51 UTC 2019 /home/travis/build/icyphy/ptII/ptolemy/actor/lib/test/auto/matrixType2.xml
----------------- Instantiating /home/travis/build/icyphy/ptII/ptolemy/actor/lib/test/auto/matrixType2.xml
1 ms. Memory: 1781248K Free: 1473714K (83%)
----------------- Invoking toplevel() on ptolemy.moml.MoMLSimpleApplication@62a7b84b
----------------- Done invoking toplevel() on ptolemy.moml.MoMLSimpleApplication@62a7b84b
reloadAllAccessors: .matrixType2

===========================================================================================
----------------- testing Tue Jan 15 03:17:51 UTC 2019 /home/travis/build/icyphy/ptII/ptolemy/actor/lib/test/auto/matrixType3.xml
----------------- Instantiating /home/travis/build/icyphy/ptII/ptolemy/actor/lib/test/auto/matrixType3.xml
3 ms. Memory: 1781248K Free: 1451446K (81%)
----------------- Invoking toplevel() on ptolemy.moml.MoMLSimpleApplication@410513cb
----------------- Done invoking toplevel() on ptolemy.moml.MoMLSimpleApplication@410513cb
reloadAllAccessors: .matrixType3

===========================================================================================
----------------- testing Tue Jan 15 03:17:51 UTC 2019 /home/travis/build/icyphy/ptII/ptolemy/actor/lib/test/auto/matrixType4.xml
----------------- Instantiating /home/travis/build/icyphy/ptII/ptolemy/actor/lib/test/auto/matrixType4.xml
1 ms. Memory: 1781248K Free: 1424891K (80%)
----------------- Invoking toplevel() on ptolemy.moml.MoMLSimpleApplication@4198c7bf
----------------- Done invoking toplevel() on ptolemy.moml.MoMLSimpleApplication@4198c7bf
reloadAllAccessors: .matrixType4

===========================================================================================
----------------- testing Tue Jan 15 03:17:51 UTC 2019 /home/travis/build/icyphy/ptII/ptolemy/actor/lib/test/auto/matrixType5.xml
----------------- Instantiating /home/travis/build/icyphy/ptII/ptolemy/actor/lib/test/auto/matrixType5.xml
1 ms. Memory: 1781248K Free: 1398336K (79%)
----------------- Invoking toplevel() on ptolemy.moml.MoMLSimpleApplication@47b92c6e
----------------- Done invoking toplevel() on ptolemy.moml.MoMLSimpleApplication@47b92c6e
reloadAllAccessors: .matrixType5

===========================================================================================
----------------- testing Tue Jan 15 03:17:51 UTC 2019 /home/travis/build/icyphy/ptII/ptolemy/actor/lib/test/auto/matrixType6.xml
----------------- Instantiating /home/travis/build/icyphy/ptII/ptolemy/actor/lib/test/auto/matrixType6.xml
1 ms. Memory: 1781248K Free: 1376067K (77%)
----------------- Invoking toplevel() on ptolemy.moml.MoMLSimpleApplication@58bb5ffc
----------------- Done invoking toplevel() on ptolemy.moml.MoMLSimpleApplication@58bb5ffc
reloadAllAccessors: .matrixType6

===========================================================================================
----------------- testing Tue Jan 15 03:17:51 UTC 2019 /home/travis/build/icyphy/ptII/ptolemy/actor/lib/test/auto/matrixType7.xml
----------------- Instantiating /home/travis/build/icyphy/ptII/ptolemy/actor/lib/test/auto/matrixType7.xml
1 ms. Memory: 1781248K Free: 1349512K (76%)
----------------- Invoking toplevel() on ptolemy.moml.MoMLSimpleApplication@2e6f584d
----------------- Done invoking toplevel() on ptolemy.moml.MoMLSimpleApplication@2e6f584d
reloadAllAccessors: .matrixType7

===========================================================================================
----------------- testing Tue Jan 15 03:17:51 UTC 2019 /home/travis/build/icyphy/ptII/ptolemy/actor/lib/test/auto/matrixType8.xml
----------------- Instantiating /home/travis/build/icyphy/ptII/ptolemy/actor/lib/test/auto/matrixType8.xml
1 ms. Memory: 1781248K Free: 1322957K (74%)
----------------- Invoking toplevel() on ptolemy.moml.MoMLSimpleApplication@16e7c062
----------------- Done invoking toplevel() on ptolemy.moml.MoMLSimpleApplication@16e7c062
reloadAllAccessors: .matrixType8

===========================================================================================
----------------- testing Tue Jan 15 03:17:51 UTC 2019 /home/travis/build/icyphy/ptII/ptolemy/actor/lib/test/auto/matrixType9.xml
----------------- Instantiating /home/travis/build/icyphy/ptII/ptolemy/actor/lib/test/auto/matrixType9.xml
1 ms. Memory: 1781248K Free: 1300689K (73%)
----------------- Invoking toplevel() on ptolemy.moml.MoMLSimpleApplication@43be7fe
----------------- Done invoking toplevel() on ptolemy.moml.MoMLSimpleApplication@43be7fe
reloadAllAccessors: .matrixType9

===========================================================================================
----------------- testing Tue Jan 15 03:17:51 UTC 2019 /home/travis/build/icyphy/ptII/ptolemy/actor/lib/test/auto/paraFunctest.xml
----------------- Instantiating /home/travis/build/icyphy/ptII/ptolemy/actor/lib/test/auto/paraFunctest.xml
2 ms. Memory: 1781248K Free: 1274134K (72%)
----------------- Invoking toplevel() on ptolemy.moml.MoMLSimpleApplication@6c977ac1
----------------- Done invoking toplevel() on ptolemy.moml.MoMLSimpleApplication@6c977ac1
reloadAllAccessors: .paraFunctest

===========================================================================================
----------------- testing Tue Jan 15 03:17:51 UTC 2019 /home/travis/build/icyphy/ptII/ptolemy/actor/lib/test/auto/paraFunctest2.xml
----------------- Instantiating /home/travis/build/icyphy/ptII/ptolemy/actor/lib/test/auto/paraFunctest2.xml
2 ms. Memory: 1781248K Free: 1251865K (70%)
----------------- Invoking toplevel() on ptolemy.moml.MoMLSimpleApplication@1067df9a
----------------- Done invoking toplevel() on ptolemy.moml.MoMLSimpleApplication@1067df9a
reloadAllAccessors: .paraFunctest2

===========================================================================================
----------------- testing Tue Jan 15 03:17:51 UTC 2019 /home/travis/build/icyphy/ptII/ptolemy/actor/lib/test/auto/parameterPassing.xml
----------------- Instantiating /home/travis/build/icyphy/ptII/ptolemy/actor/lib/test/auto/parameterPassing.xml
1 ms. Memory: 1781248K Free: 1225310K (69%)
----------------- Invoking toplevel() on ptolemy.moml.MoMLSimpleApplication@26779f79
----------------- Done invoking toplevel() on ptolemy.moml.MoMLSimpleApplication@26779f79
reloadAllAccessors: .parameterPassing

===========================================================================================
----------------- testing Tue Jan 15 03:17:51 UTC 2019 /home/travis/build/icyphy/ptII/ptolemy/actor/lib/test/auto/record.xml
----------------- Instantiating /home/travis/build/icyphy/ptII/ptolemy/actor/lib/test/auto/record.xml
2 ms. Memory: 1781248K Free: 1198755K (67%)
----------------- Invoking toplevel() on ptolemy.moml.MoMLSimpleApplication@31c63169
----------------- Done invoking toplevel() on ptolemy.moml.MoMLSimpleApplication@31c63169
reloadAllAccessors: .record

===========================================================================================
----------------- testing Tue Jan 15 03:17:51 UTC 2019 /home/travis/build/icyphy/ptII/ptolemy/actor/lib/test/auto/sizedarray1.xml
----------------- Instantiating /home/travis/build/icyphy/ptII/ptolemy/actor/lib/test/auto/sizedarray1.xml
1 ms. Memory: 1781248K Free: 1176487K (66%)
----------------- Invoking toplevel() on ptolemy.moml.MoMLSimpleApplication@2d4cadb4
----------------- Done invoking toplevel() on ptolemy.moml.MoMLSimpleApplication@2d4cadb4
reloadAllAccessors: .sizedarray1

===========================================================================================
----------------- testing Tue Jan 15 03:17:51 UTC 2019 /home/travis/build/icyphy/ptII/ptolemy/actor/lib/test/auto/sizedarray2.xml
----------------- Instantiating /home/travis/build/icyphy/ptII/ptolemy/actor/lib/test/auto/sizedarray2.xml
1 ms. Memory: 1781248K Free: 1149932K (65%)
----------------- Invoking toplevel() on ptolemy.moml.MoMLSimpleApplication@55307878
----------------- Done invoking toplevel() on ptolemy.moml.MoMLSimpleApplication@55307878
reloadAllAccessors: .sizedarray2

===========================================================================================
----------------- testing Tue Jan 15 03:17:51 UTC 2019 /home/travis/build/icyphy/ptII/ptolemy/actor/lib/test/auto/twoPublishers.xml
----------------- Instantiating /home/travis/build/icyphy/ptII/ptolemy/actor/lib/test/auto/twoPublishers.xml
2 ms. Memory: 1781248K Free: 1123376K (63%)
----------------- Invoking toplevel() on ptolemy.moml.MoMLSimpleApplication@6164fc11
----------------- Done invoking toplevel() on ptolemy.moml.MoMLSimpleApplication@6164fc11
reloadAllAccessors: .twoPublishers
AutoTests.java: About to close Vertx.
AutoTests.java: Vertx closed.
]]></system-out>
  <system-err><![CDATA[java.lang.RuntimeException: Execution failed
	at ptolemy.moml.MoMLSimpleApplication$UnloadThread.run(MoMLSimpleApplication.java:402)
Caused by: java.lang.RuntimeException: Normally, we would exit here because Manager.exitAfterWrapup() was called.  However, because the ptolemy.ptII.exitAfterWrapup property is set, we throw this exception instead.
	at ptolemy.util.StringUtilities.exit(StringUtilities.java:363)
	at ptolemy.actor.Manager.wrapup(Manager.java:1531)
	at ptolemy.actor.Manager.execute(Manager.java:407)
	at ptolemy.actor.Manager.run(Manager.java:1263)
	at ptolemy.actor.Manager$PtolemyRunThread.run(Manager.java:1915)
Warning: '.top.test' is in training mode, set the trainingMode parameter to false before checking in
Warning: '.top.test' is in training mode, set the trainingMode parameter to false before checking in
Warning: '.top.test' is in training mode, set the trainingMode parameter to false before checking in
Warning: '.BooleanSwitch_RegressionTest_WrongTrainingValues.Test' is in training mode, set the trainingMode parameter to false before checking in
Warning: '.BooleanSwitch_RegressionTest_WrongTrainingValues.Test2' is in training mode, set the trainingMode parameter to false before checking in
Warning: '.BooleanSwitch_RegressionTest_WrongTrainingValues.Test2' The test produced 0 tokens.
Warning: '.top.testExceptionHandler' is in training mode, set the trainingMode parameter to false before checking in
java.lang.RuntimeException: Execution failed
	at ptolemy.moml.MoMLSimpleApplication$UnloadThread.run(MoMLSimpleApplication.java:402)
Caused by: ptolemy.kernel.util.IllegalActionException: PublisherPorts cannot be used at the top level, use a Publisher actor instead.
  in .PublisherPortToplevelSubscriber.PublisherPort
	at ptolemy.actor.PublisherPort.preinitialize(PublisherPort.java:403)
	at ptolemy.actor.CompositeActor.preinitialize(CompositeActor.java:1769)
	at ptolemy.actor.Manager.preinitializeAndResolveTypes(Manager.java:1040)
	at ptolemy.actor.Manager.initialize(Manager.java:710)
	at ptolemy.actor.Manager.execute(Manager.java:356)
	at ptolemy.actor.Manager.run(Manager.java:1263)
	at ptolemy.actor.Manager$PtolemyRunThread.run(Manager.java:1915)
java.lang.reflect.InvocationTargetException
	at sun.reflect.NativeConstructorAccessorImpl.newInstance0(Native Method)
	at sun.reflect.NativeConstructorAccessorImpl.newInstance(NativeConstructorAccessorImpl.java:62)
	at sun.reflect.DelegatingConstructorAccessorImpl.newInstance(DelegatingConstructorAccessorImpl.java:45)
	at java.lang.reflect.Constructor.newInstance(Constructor.java:423)
	at ptolemy.util.test.junit.AutoKnownFailedTests.RunModel(AutoKnownFailedTests.java:105)
	at sun.reflect.NativeMethodAccessorImpl.invoke0(Native Method)
	at sun.reflect.NativeMethodAccessorImpl.invoke(NativeMethodAccessorImpl.java:62)
	at sun.reflect.DelegatingMethodAccessorImpl.invoke(DelegatingMethodAccessorImpl.java:43)
	at java.lang.reflect.Method.invoke(Method.java:498)
	at org.junit.runners.model.FrameworkMethod$1.runReflectiveCall(FrameworkMethod.java:44)
	at org.junit.internal.runners.model.ReflectiveCallable.run(ReflectiveCallable.java:15)
	at org.junit.runners.model.FrameworkMethod.invokeExplosively(FrameworkMethod.java:41)
	at junitparams.internal.InvokeParameterisedMethod.evaluate(InvokeParameterisedMethod.java:102)
	at org.junit.internal.runners.statements.FailOnTimeout$1.run(FailOnTimeout.java:28)
Caused by: ptolemy.kernel.util.IllegalActionException: PublisherPorts cannot be used at the top level, use a Publisher actor instead.
  in .PublisherPortToplevelSubscriber.PublisherPort
	at ptolemy.actor.PublisherPort.preinitialize(PublisherPort.java:403)
	at ptolemy.actor.CompositeActor.preinitialize(CompositeActor.java:1769)
	at ptolemy.actor.Manager.preinitializeAndResolveTypes(Manager.java:1040)
	at ptolemy.actor.Manager.initialize(Manager.java:710)
	at ptolemy.actor.Manager.execute(Manager.java:356)
	at ptolemy.actor.Manager.run(Manager.java:1263)
	at ptolemy.actor.Manager$PtolemyRunThread.run(Manager.java:1915)
java.lang.RuntimeException: Execution failed
	at ptolemy.moml.MoMLSimpleApplication$UnloadThread.run(MoMLSimpleApplication.java:402)
Caused by: ptolemy.kernel.util.IllegalActionException: SubscriberPorts cannot be used at the top level, use a Subscriber actor instead.
  in .PublisherSubscriberPortToplevel.SubscriberPort
	at ptolemy.actor.SubscriberPort.preinitialize(SubscriberPort.java:328)
	at ptolemy.actor.CompositeActor.preinitialize(CompositeActor.java:1769)
	at ptolemy.actor.Manager.preinitializeAndResolveTypes(Manager.java:1040)
	at ptolemy.actor.Manager.initialize(Manager.java:710)
	at ptolemy.actor.Manager.execute(Manager.java:356)
	at ptolemy.actor.Manager.run(Manager.java:1263)
	at ptolemy.actor.Manager$PtolemyRunThread.run(Manager.java:1915)
java.lang.reflect.InvocationTargetException
	at sun.reflect.NativeConstructorAccessorImpl.newInstance0(Native Method)
	at sun.reflect.NativeConstructorAccessorImpl.newInstance(NativeConstructorAccessorImpl.java:62)
	at sun.reflect.DelegatingConstructorAccessorImpl.newInstance(DelegatingConstructorAccessorImpl.java:45)
	at java.lang.reflect.Constructor.newInstance(Constructor.java:423)
	at ptolemy.util.test.junit.AutoKnownFailedTests.RunModel(AutoKnownFailedTests.java:105)
	at sun.reflect.NativeMethodAccessorImpl.invoke0(Native Method)
	at sun.reflect.NativeMethodAccessorImpl.invoke(NativeMethodAccessorImpl.java:62)
	at sun.reflect.DelegatingMethodAccessorImpl.invoke(DelegatingMethodAccessorImpl.java:43)
	at java.lang.reflect.Method.invoke(Method.java:498)
	at org.junit.runners.model.FrameworkMethod$1.runReflectiveCall(FrameworkMethod.java:44)
	at org.junit.internal.runners.model.ReflectiveCallable.run(ReflectiveCallable.java:15)
	at org.junit.runners.model.FrameworkMethod.invokeExplosively(FrameworkMethod.java:41)
	at junitparams.internal.InvokeParameterisedMethod.evaluate(InvokeParameterisedMethod.java:102)
	at org.junit.internal.runners.statements.FailOnTimeout$1.run(FailOnTimeout.java:28)
Caused by: ptolemy.kernel.util.IllegalActionException: SubscriberPorts cannot be used at the top level, use a Subscriber actor instead.
  in .PublisherSubscriberPortToplevel.SubscriberPort
	at ptolemy.actor.SubscriberPort.preinitialize(SubscriberPort.java:328)
	at ptolemy.actor.CompositeActor.preinitialize(CompositeActor.java:1769)
	at ptolemy.actor.Manager.preinitializeAndResolveTypes(Manager.java:1040)
	at ptolemy.actor.Manager.initialize(Manager.java:710)
	at ptolemy.actor.Manager.execute(Manager.java:356)
	at ptolemy.actor.Manager.run(Manager.java:1263)
	at ptolemy.actor.Manager$PtolemyRunThread.run(Manager.java:1915)
java.lang.RuntimeException: Execution failed
	at ptolemy.moml.MoMLSimpleApplication$UnloadThread.run(MoMLSimpleApplication.java:402)
Caused by: ptolemy.kernel.util.IllegalActionException: SubscriptionAggregatorPorts cannot be used at the top level, use a SubscriptionAggregator actor instead.
  in .PublisherSubscriptionAggregatorPort.SubscriptionAggregatorPort
	at ptolemy.actor.SubscriptionAggregatorPort.preinitialize(SubscriptionAggregatorPort.java:353)
	at ptolemy.actor.CompositeActor.preinitialize(CompositeActor.java:1769)
	at ptolemy.actor.Manager.preinitializeAndResolveTypes(Manager.java:1040)
	at ptolemy.actor.Manager.initialize(Manager.java:710)
	at ptolemy.actor.Manager.execute(Manager.java:356)
	at ptolemy.actor.Manager.run(Manager.java:1263)
	at ptolemy.actor.Manager$PtolemyRunThread.run(Manager.java:1915)
java.lang.reflect.InvocationTargetException
	at sun.reflect.NativeConstructorAccessorImpl.newInstance0(Native Method)
	at sun.reflect.NativeConstructorAccessorImpl.newInstance(NativeConstructorAccessorImpl.java:62)
	at sun.reflect.DelegatingConstructorAccessorImpl.newInstance(DelegatingConstructorAccessorImpl.java:45)
	at java.lang.reflect.Constructor.newInstance(Constructor.java:423)
	at ptolemy.util.test.junit.AutoKnownFailedTests.RunModel(AutoKnownFailedTests.java:105)
	at sun.reflect.NativeMethodAccessorImpl.invoke0(Native Method)
	at sun.reflect.NativeMethodAccessorImpl.invoke(NativeMethodAccessorImpl.java:62)
	at sun.reflect.DelegatingMethodAccessorImpl.invoke(DelegatingMethodAccessorImpl.java:43)
	at java.lang.reflect.Method.invoke(Method.java:498)
	at org.junit.runners.model.FrameworkMethod$1.runReflectiveCall(FrameworkMethod.java:44)
	at org.junit.internal.runners.model.ReflectiveCallable.run(ReflectiveCallable.java:15)
	at org.junit.runners.model.FrameworkMethod.invokeExplosively(FrameworkMethod.java:41)
	at junitparams.internal.InvokeParameterisedMethod.evaluate(InvokeParameterisedMethod.java:102)
	at org.junit.internal.runners.statements.FailOnTimeout$1.run(FailOnTimeout.java:28)
Caused by: ptolemy.kernel.util.IllegalActionException: SubscriptionAggregatorPorts cannot be used at the top level, use a SubscriptionAggregator actor instead.
  in .PublisherSubscriptionAggregatorPort.SubscriptionAggregatorPort
	at ptolemy.actor.SubscriptionAggregatorPort.preinitialize(SubscriptionAggregatorPort.java:353)
	at ptolemy.actor.CompositeActor.preinitialize(CompositeActor.java:1769)
	at ptolemy.actor.Manager.preinitializeAndResolveTypes(Manager.java:1040)
	at ptolemy.actor.Manager.initialize(Manager.java:710)
	at ptolemy.actor.Manager.execute(Manager.java:356)
	at ptolemy.actor.Manager.run(Manager.java:1263)
	at ptolemy.actor.Manager$PtolemyRunThread.run(Manager.java:1915)
java.lang.RuntimeException: Execution failed
	at ptolemy.moml.MoMLSimpleApplication$UnloadThread.run(MoMLSimpleApplication.java:402)
Caused by: ptolemy.kernel.util.IllegalActionException: TypeTest actor has no training data.
  in .sizedarray3.TypeTest
	at ptolemy.actor.lib.TypeTest.initialize(TypeTest.java:250)
	at ptolemy.actor.Director.initialize(Director.java:938)
	at ptolemy.actor.Director.initialize(Director.java:907)
	at ptolemy.actor.sched.StaticSchedulingDirector.initialize(StaticSchedulingDirector.java:159)
	at ptolemy.domains.sdf.kernel.SDFDirector.initialize(SDFDirector.java:544)
	at ptolemy.actor.CompositeActor.initialize(CompositeActor.java:935)
	at ptolemy.actor.Manager.initialize(Manager.java:724)
	at ptolemy.actor.Manager.execute(Manager.java:356)
	at ptolemy.actor.Manager.run(Manager.java:1263)
	at ptolemy.actor.Manager$PtolemyRunThread.run(Manager.java:1915)
java.lang.reflect.InvocationTargetException
	at sun.reflect.NativeConstructorAccessorImpl.newInstance0(Native Method)
	at sun.reflect.NativeConstructorAccessorImpl.newInstance(NativeConstructorAccessorImpl.java:62)
	at sun.reflect.DelegatingConstructorAccessorImpl.newInstance(DelegatingConstructorAccessorImpl.java:45)
	at java.lang.reflect.Constructor.newInstance(Constructor.java:423)
	at ptolemy.util.test.junit.AutoKnownFailedTests.RunModel(AutoKnownFailedTests.java:105)
	at sun.reflect.NativeMethodAccessorImpl.invoke0(Native Method)
	at sun.reflect.NativeMethodAccessorImpl.invoke(NativeMethodAccessorImpl.java:62)
	at sun.reflect.DelegatingMethodAccessorImpl.invoke(DelegatingMethodAccessorImpl.java:43)
	at java.lang.reflect.Method.invoke(Method.java:498)
	at org.junit.runners.model.FrameworkMethod$1.runReflectiveCall(FrameworkMethod.java:44)
	at org.junit.internal.runners.model.ReflectiveCallable.run(ReflectiveCallable.java:15)
	at org.junit.runners.model.FrameworkMethod.invokeExplosively(FrameworkMethod.java:41)
	at junitparams.internal.InvokeParameterisedMethod.evaluate(InvokeParameterisedMethod.java:102)
	at org.junit.internal.runners.statements.FailOnTimeout$1.run(FailOnTimeout.java:28)
Caused by: ptolemy.kernel.util.IllegalActionException: TypeTest actor has no training data.
  in .sizedarray3.TypeTest
	at ptolemy.actor.lib.TypeTest.initialize(TypeTest.java:250)
	at ptolemy.actor.Director.initialize(Director.java:938)
	at ptolemy.actor.Director.initialize(Director.java:907)
	at ptolemy.actor.sched.StaticSchedulingDirector.initialize(StaticSchedulingDirector.java:159)
	at ptolemy.domains.sdf.kernel.SDFDirector.initialize(SDFDirector.java:544)
	at ptolemy.actor.CompositeActor.initialize(CompositeActor.java:935)
	at ptolemy.actor.Manager.initialize(Manager.java:724)
	at ptolemy.actor.Manager.execute(Manager.java:356)
	at ptolemy.actor.Manager.run(Manager.java:1263)
	at ptolemy.actor.Manager$PtolemyRunThread.run(Manager.java:1915)
java.lang.RuntimeException: Execution failed
	at ptolemy.moml.MoMLSimpleApplication$UnloadThread.run(MoMLSimpleApplication.java:402)
Caused by: ptolemy.kernel.util.IllegalActionException: Expected:
 was initialized and should have handled an exception but did not see any.
  in .TestExceptionAttribute1.TestExceptionAttribute
But got:
Exception(s) thrown during wrapup:
ptolemy.kernel.util.IllegalActionException:  was initialized and should have handled an exception but did not see any.
  in .TestExceptionAttribute1.TestExceptionAttribute========

  in .TestExceptionAttribute1
Because:
 was initialized and should have handled an exception but did not see any.
  in .TestExceptionAttribute1.TestExceptionAttribute
  in .TestExceptionAttribute1.TestExceptionAttribute
Because:
Exception(s) thrown during wrapup:
ptolemy.kernel.util.IllegalActionException:  was initialized and should have handled an exception but did not see any.
  in .TestExceptionAttribute1.TestExceptionAttribute========

  in .TestExceptionAttribute1
Because:
 was initialized and should have handled an exception but did not see any.
  in .TestExceptionAttribute1.TestExceptionAttribute
	at ptolemy.actor.lib.TestExceptionAttribute.handleException(TestExceptionAttribute.java:174)
	at ptolemy.actor.Manager.execute(Manager.java:476)
	at ptolemy.actor.Manager.run(Manager.java:1263)
	at ptolemy.actor.Manager$PtolemyRunThread.run(Manager.java:1915)
Caused by: ptolemy.kernel.util.IllegalActionException: Exception(s) thrown during wrapup:
ptolemy.kernel.util.IllegalActionException:  was initialized and should have handled an exception but did not see any.
  in .TestExceptionAttribute1.TestExceptionAttribute========

  in .TestExceptionAttribute1
Because:
 was initialized and should have handled an exception but did not see any.
  in .TestExceptionAttribute1.TestExceptionAttribute
	at ptolemy.actor.CompositeActor.wrapup(CompositeActor.java:2780)
	at ptolemy.actor.Manager.wrapup(Manager.java:1512)
	at ptolemy.actor.Manager.execute(Manager.java:407)
	... 2 more
Caused by: ptolemy.kernel.util.IllegalActionException:  was initialized and should have handled an exception but did not see any.
  in .TestExceptionAttribute1.TestExceptionAttribute
	at ptolemy.actor.lib.TestExceptionAttribute.wrapup(TestExceptionAttribute.java:213)
	at ptolemy.actor.CompositeActor.wrapup(CompositeActor.java:2705)
	... 4 more
java.lang.RuntimeException: Execution failed
	at ptolemy.moml.MoMLSimpleApplication$UnloadThread.run(MoMLSimpleApplication.java:402)
Caused by: ptolemy.kernel.util.IllegalActionException: Expected:
 was initialized and should have handled an exception but did not see any.
  in .TestExceptionAttribute2.TestExceptionAttribute
But got:
Exception(s) thrown during wrapup:
ptolemy.kernel.util.IllegalActionException:  was initialized and should have handled an exception but did not see any.
  in .TestExceptionAttribute2.TestExceptionAttribute========
ptolemy.kernel.util.IllegalActionException:  was initialized and should have handled an exception but did not see any.
  in .TestExceptionAttribute2.TestExceptionAttribute2========

  in .TestExceptionAttribute2
Because:
 was initialized and should have handled an exception but did not see any.
  in .TestExceptionAttribute2.TestExceptionAttribute
  in .TestExceptionAttribute2.TestExceptionAttribute
Because:
Exception(s) thrown during wrapup:
ptolemy.kernel.util.IllegalActionException:  was initialized and should have handled an exception but did not see any.
  in .TestExceptionAttribute2.TestExceptionAttribute========
ptolemy.kernel.util.IllegalActionException:  was initialized and should have handled an exception but did not see any.
  in .TestExceptionAttribute2.TestExceptionAttribute2========

  in .TestExceptionAttribute2
Because:
 was initialized and should have handled an exception but did not see any.
  in .TestExceptionAttribute2.TestExceptionAttribute
	at ptolemy.actor.lib.TestExceptionAttribute.handleException(TestExceptionAttribute.java:174)
	at ptolemy.actor.Manager.execute(Manager.java:476)
	at ptolemy.actor.Manager.run(Manager.java:1263)
	at ptolemy.actor.Manager$PtolemyRunThread.run(Manager.java:1915)
Caused by: ptolemy.kernel.util.IllegalActionException: Exception(s) thrown during wrapup:
ptolemy.kernel.util.IllegalActionException:  was initialized and should have handled an exception but did not see any.
  in .TestExceptionAttribute2.TestExceptionAttribute========
ptolemy.kernel.util.IllegalActionException:  was initialized and should have handled an exception but did not see any.
  in .TestExceptionAttribute2.TestExceptionAttribute2========

  in .TestExceptionAttribute2
Because:
 was initialized and should have handled an exception but did not see any.
  in .TestExceptionAttribute2.TestExceptionAttribute
	at ptolemy.actor.CompositeActor.wrapup(CompositeActor.java:2780)
	at ptolemy.actor.Manager.wrapup(Manager.java:1512)
	at ptolemy.actor.Manager.execute(Manager.java:407)
	... 2 more
Caused by: ptolemy.kernel.util.IllegalActionException:  was initialized and should have handled an exception but did not see any.
  in .TestExceptionAttribute2.TestExceptionAttribute
	at ptolemy.actor.lib.TestExceptionAttribute.wrapup(TestExceptionAttribute.java:213)
	at ptolemy.actor.CompositeActor.wrapup(CompositeActor.java:2705)
	... 4 more
java.lang.RuntimeException: Execution failed
	at ptolemy.moml.MoMLSimpleApplication$UnloadThread.run(MoMLSimpleApplication.java:402)
Caused by: ptolemy.kernel.util.IllegalActionException: Expected:
Exceptions occurred during wrapup:
ptolemy.kernel.util.IllegalActionException:  should have handled an exception but did not see any.
  in .TestExceptionHandler1.TestExceptionHandler

  in .TestExceptionHandler1.DE Director
Because:
 should have handled an exception but did not see any.
  in .TestExceptionHandler1.TestExceptionHandler
But got:
Exception(s) thrown during wrapup:
ptolemy.kernel.util.IllegalActionException: Exceptions occurred during wrapup:
ptolemy.kernel.util.IllegalActionException:  should have handled an exception but did not see any.
  in .TestExceptionHandler1.TestExceptionHandler

  in .TestExceptionHandler1.DE Director
Because:
 should have handled an exception but did not see any.
  in .TestExceptionHandler1.TestExceptionHandler========

  in .TestExceptionHandler1
Because:
Exceptions occurred during wrapup:
ptolemy.kernel.util.IllegalActionException:  should have handled an exception but did not see any.
  in .TestExceptionHandler1.TestExceptionHandler

  in .TestExceptionHandler1.DE Director
Because:
 should have handled an exception but did not see any.
  in .TestExceptionHandler1.TestExceptionHandler
  in .TestExceptionHandler1.TestExceptionHandler
Because:
Exception(s) thrown during wrapup:
ptolemy.kernel.util.IllegalActionException: Exceptions occurred during wrapup:
ptolemy.kernel.util.IllegalActionException:  should have handled an exception but did not see any.
  in .TestExceptionHandler1.TestExceptionHandler

  in .TestExceptionHandler1.DE Director
Because:
 should have handled an exception but did not see any.
  in .TestExceptionHandler1.TestExceptionHandler========

  in .TestExceptionHandler1
Because:
Exceptions occurred during wrapup:
ptolemy.kernel.util.IllegalActionException:  should have handled an exception but did not see any.
  in .TestExceptionHandler1.TestExceptionHandler

  in .TestExceptionHandler1.DE Director
Because:
 should have handled an exception but did not see any.
  in .TestExceptionHandler1.TestExceptionHandler
	at ptolemy.actor.lib.TestExceptionHandler.handleException(TestExceptionHandler.java:142)
	at ptolemy.actor.Manager.execute(Manager.java:476)
	at ptolemy.actor.Manager.run(Manager.java:1263)
	at ptolemy.actor.Manager$PtolemyRunThread.run(Manager.java:1915)
Caused by: ptolemy.kernel.util.IllegalActionException: Exception(s) thrown during wrapup:
ptolemy.kernel.util.IllegalActionException: Exceptions occurred during wrapup:
ptolemy.kernel.util.IllegalActionException:  should have handled an exception but did not see any.
  in .TestExceptionHandler1.TestExceptionHandler

  in .TestExceptionHandler1.DE Director
Because:
 should have handled an exception but did not see any.
  in .TestExceptionHandler1.TestExceptionHandler========

  in .TestExceptionHandler1
Because:
Exceptions occurred during wrapup:
ptolemy.kernel.util.IllegalActionException:  should have handled an exception but did not see any.
  in .TestExceptionHandler1.TestExceptionHandler

  in .TestExceptionHandler1.DE Director
Because:
 should have handled an exception but did not see any.
  in .TestExceptionHandler1.TestExceptionHandler
	at ptolemy.actor.CompositeActor.wrapup(CompositeActor.java:2780)
	at ptolemy.actor.Manager.wrapup(Manager.java:1512)
	at ptolemy.actor.Manager.execute(Manager.java:407)
	... 2 more
Caused by: ptolemy.kernel.util.IllegalActionException: Exceptions occurred during wrapup:
ptolemy.kernel.util.IllegalActionException:  should have handled an exception but did not see any.
  in .TestExceptionHandler1.TestExceptionHandler

  in .TestExceptionHandler1.DE Director
Because:
 should have handled an exception but did not see any.
  in .TestExceptionHandler1.TestExceptionHandler
	at ptolemy.actor.Director.wrapup(Director.java:1736)
	at ptolemy.domains.de.kernel.DEDirector.wrapup(DEDirector.java:1527)
	at ptolemy.actor.CompositeActor.wrapup(CompositeActor.java:2768)
	... 4 more
Caused by: ptolemy.kernel.util.IllegalActionException:  should have handled an exception but did not see any.
  in .TestExceptionHandler1.TestExceptionHandler
	at ptolemy.actor.lib.TestExceptionHandler.wrapup(TestExceptionHandler.java:168)
	at ptolemy.actor.Director.wrapup(Director.java:1722)
	... 6 more
java.lang.RuntimeException: Execution failed
	at ptolemy.moml.MoMLSimpleApplication$UnloadThread.run(MoMLSimpleApplication.java:402)
Caused by: ptolemy.kernel.util.IllegalActionException: Expected:
Exceptions occurred during wrapup:
ptolemy.kernel.util.IllegalActionException:  should have handled an exception but did not see any.
  in .TestExceptionHandler2.TestExceptionHandler
ptolemy.kernel.util.IllegalActionException:  should have handled an exception but did not see any.
  in .TestExceptionHandler2.TestExceptionHandler2

  in .TestExceptionHandler2.DE Director
Because:
 should have handled an exception but did not see any.
  in .TestExceptionHandler2.TestExceptionHandler
But got:
Exception(s) thrown during wrapup:
ptolemy.kernel.util.IllegalActionException: Exceptions occurred during wrapup:
ptolemy.kernel.util.IllegalActionException:  should have handled an exception but did not see any.
  in .TestExceptionHandler2.TestExceptionHandler
ptolemy.kernel.util.IllegalActionException:  should have handled an exception but did not see any.
  in .TestExceptionHandler2.TestExceptionHandler2

  in .TestExceptionHandler2.DE Director
Because:
 should have handled an exception but did not see any.
  in .TestExceptionHandler2.TestExceptionHandler========

  in .TestExceptionHandler2
Because:
Exceptions occurred during wrapup:
ptolemy.kernel.util.IllegalActionException:  should have handled an exception but did not see any.
  in .TestExceptionHandler2.TestExceptionHandler
ptolemy.kernel.util.IllegalActionException:  should have handled an exception but did not see any.
  in .TestExceptionHandler2.TestExceptionHandler2

  in .TestExceptionHandler2.DE Director
Because:
 should have handled an exception but did not see any.
  in .TestExceptionHandler2.TestExceptionHandler
  in .TestExceptionHandler2.TestExceptionHandler
Because:
Exception(s) thrown during wrapup:
ptolemy.kernel.util.IllegalActionException: Exceptions occurred during wrapup:
ptolemy.kernel.util.IllegalActionException:  should have handled an exception but did not see any.
  in .TestExceptionHandler2.TestExceptionHandler
ptolemy.kernel.util.IllegalActionException:  should have handled an exception but did not see any.
  in .TestExceptionHandler2.TestExceptionHandler2

  in .TestExceptionHandler2.DE Director
Because:
 should have handled an exception but did not see any.
  in .TestExceptionHandler2.TestExceptionHandler========

  in .TestExceptionHandler2
Because:
Exceptions occurred during wrapup:
ptolemy.kernel.util.IllegalActionException:  should have handled an exception but did not see any.
  in .TestExceptionHandler2.TestExceptionHandler
ptolemy.kernel.util.IllegalActionException:  should have handled an exception but did not see any.
  in .TestExceptionHandler2.TestExceptionHandler2

  in .TestExceptionHandler2.DE Director
Because:
 should have handled an exception but did not see any.
  in .TestExceptionHandler2.TestExceptionHandler
	at ptolemy.actor.lib.TestExceptionHandler.handleException(TestExceptionHandler.java:142)
	at ptolemy.actor.Manager.execute(Manager.java:476)
	at ptolemy.actor.Manager.run(Manager.java:1263)
	at ptolemy.actor.Manager$PtolemyRunThread.run(Manager.java:1915)
Caused by: ptolemy.kernel.util.IllegalActionException: Exception(s) thrown during wrapup:
ptolemy.kernel.util.IllegalActionException: Exceptions occurred during wrapup:
ptolemy.kernel.util.IllegalActionException:  should have handled an exception but did not see any.
  in .TestExceptionHandler2.TestExceptionHandler
ptolemy.kernel.util.IllegalActionException:  should have handled an exception but did not see any.
  in .TestExceptionHandler2.TestExceptionHandler2

  in .TestExceptionHandler2.DE Director
Because:
 should have handled an exception but did not see any.
  in .TestExceptionHandler2.TestExceptionHandler========

  in .TestExceptionHandler2
Because:
Exceptions occurred during wrapup:
ptolemy.kernel.util.IllegalActionException:  should have handled an exception but did not see any.
  in .TestExceptionHandler2.TestExceptionHandler
ptolemy.kernel.util.IllegalActionException:  should have handled an exception but did not see any.
  in .TestExceptionHandler2.TestExceptionHandler2

  in .TestExceptionHandler2.DE Director
Because:
 should have handled an exception but did not see any.
  in .TestExceptionHandler2.TestExceptionHandler
	at ptolemy.actor.CompositeActor.wrapup(CompositeActor.java:2780)
	at ptolemy.actor.Manager.wrapup(Manager.java:1512)
	at ptolemy.actor.Manager.execute(Manager.java:407)
	... 2 more
Caused by: ptolemy.kernel.util.IllegalActionException: Exceptions occurred during wrapup:
ptolemy.kernel.util.IllegalActionException:  should have handled an exception but did not see any.
  in .TestExceptionHandler2.TestExceptionHandler
ptolemy.kernel.util.IllegalActionException:  should have handled an exception but did not see any.
  in .TestExceptionHandler2.TestExceptionHandler2

  in .TestExceptionHandler2.DE Director
Because:
 should have handled an exception but did not see any.
  in .TestExceptionHandler2.TestExceptionHandler
	at ptolemy.actor.Director.wrapup(Director.java:1736)
	at ptolemy.domains.de.kernel.DEDirector.wrapup(DEDirector.java:1527)
	at ptolemy.actor.CompositeActor.wrapup(CompositeActor.java:2768)
	... 4 more
Caused by: ptolemy.kernel.util.IllegalActionException:  should have handled an exception but did not see any.
  in .TestExceptionHandler2.TestExceptionHandler
	at ptolemy.actor.lib.TestExceptionHandler.wrapup(TestExceptionHandler.java:168)
	at ptolemy.actor.Director.wrapup(Director.java:1722)
	... 6 more
]]></system-err>
</testsuite>
