<?xml version="1.0" encoding="UTF-8" ?>
<testsuite errors="0" failures="0" hostname="travis-job-cb1aaad6-a080-4bfc-9e4f-8a0bf491cff7" name="ptolemy.actor.lib.test.junit.JUnitTclTest" skipped="0" tests="517" time="63.85" timestamp="2020-03-23T13:36:37">
  <properties>
    <property name="npm.executable" value="npm" />
    <property name="env.TRAVIS_ROOT" value="/" />
    <property name="ptII.mk.exists" value="true" />
    <property name="env.TRAVIS_APP_HOST" value="build.travis-ci.org" />
    <property name="env.rvm_bin_path" value="/home/travis/.rvm/bin" />
    <property name="java.home" value="/usr/local/lib/jvm/openjdk11" />
    <property name="env.TRAVIS_JOB_NUMBER" value="1579.8" />
    <property name="env.TRAVIS_HOME" value="/home/travis" />
    <property name="env.DISPLAY" value=":99.0" />
    <property name="env.TRAVIS_INIT" value="systemd" />
    <property name="env.SSH_TTY" value="/dev/pts/0" />
    <property name="java.net.preferIPv4Stack" value="true" />
    <property name="env.RUN_TESTS" value="true" />
    <property name="timeout.short" value="1000000" />
    <property name="junit.formatter" value="xml" />
    <property name="env.TRAVIS_SUDO" value="true" />
    <property name="env.TRAVIS_JOB_NAME" value="" />
    <property name="env.TRAVIS_STACK_NODE_ATTRIBUTES" value="/.node-attributes.yml" />
    <property name="env.LOGNAME" value="travis" />
    <property name="env.PT_TRAVIS_TEST_CORE1_XML" value="true" />
    <property name="jsdoc.home" value="node_modules/@terraswarm/jsdoc" />
    <property name="debuglevel" value="source,lines,vars" />
    <property name="checkstyle.formatter" value="xml" />
    <property name="env._system_version" value="16.04" />
    <property name="bin.vergil.makeable" value="true" />
    <property name="sun.os.patch.level" value="unknown" />
    <property name="java.vendor.url" value="http://java.oracle.com/" />
    <property name="env.TRAVIS_BUILD_WEB_URL" value="https://travis-ci.org/icyphy/ptII/builds/665859386" />
    <property name="java.version" value="11.0.2" />
    <property name="env.TZ" value="UTC" />
    <property name="env.TRAVIS_PULL_REQUEST_SHA" value="" />
    <property name="env.PT_NO_NET" value="true" />
    <property name="env.TRAVIS_SECURE_ENV_VARS" value="true" />
    <property name="env._system_type" value="Linux" />
    <property name="java.vendor.url.bug" value="http://bugreport.java.com/bugreport/" />
    <property name="npmjs-org-is-up" value="true" />
    <property name="env.LANGUAGE" value="en_US.UTF-8" />
    <property name="env.SSH_CLIENT" value="10.44.1.107 57096 22" />
    <property name="env.GEM_HOME" value="/home/travis/.rvm/gems/ruby-2.5.3" />
    <property name="env.HAS_ANTARES_THREE_LITTLE_FRONZIES_BADGE" value="true" />
    <property name="java.version.date" value="2019-01-15" />
    <property name="env.PS4" value="+" />
    <property name="ant.project.invoked-targets" value="build,test.core1.xml" />
    <property name="env.TRAVIS_PULL_REQUEST_BRANCH" value="" />
    <property name="env.TRAVIS_REPO_SLUG" value="icyphy/ptII" />
    <property name="env.XDG_DATA_DIRS" value="/usr/local/share:/usr/share:/var/lib/snapd/desktop" />
    <property name="jdk.debug" value="release" />
    <property name="env.TRAVIS_APT_PROXY" value="http://build-cache.travisci.net" />
    <property name="env.TRAVIS_CPU_ARCH" value="amd64" />
    <property name="node.in.path" value="true" />
    <property name="user.name" value="travis" />
    <property name="java.maxmemory" value="1400m" />
    <property name="env.RUBY_VERSION" value="ruby-2.5.3" />
    <property name="env.LANG" value="en_US.UTF-8" />
    <property name="sun.io.unicode.encoding" value="UnicodeLittle" />
    <property name="sun.jnu.encoding" value="UTF-8" />
    <property name="java.runtime.name" value="OpenJDK Runtime Environment" />
    <property name="usefile" value="false" />
    <property name="return.code" value="0" />
    <property name="junit.single.formatter" value="plain" />
    <property name="env.DYLD_LIBRARY_PATH" value="/home/travis/pthla/certi-tools/lib:" />
    <property name="env.DEBIAN_FRONTEND" value="noninteractive" />
    <property name="env.SSH_CONNECTION" value="10.44.1.107 57096 10.20.1.44 22" />
    <property name="env.MYSQL_UNIX_PORT" value="/var/run/mysqld/mysqld.sock" />
    <property name="env.LC_ALL" value="en_US.UTF-8" />
    <property name="env.TRAVIS_ALLOW_FAILURE" value="false" />
    <property name="env.TRAVIS_JOB_WEB_URL" value="https://travis-ci.org/icyphy/ptII/jobs/665859396" />
    <property name="java.specification.name" value="Java Platform API Specification" />
    <property name="node.works" value="true" />
    <property name="user.timezone" value="" />
    <property name="path.separator" value=":" />
    <property name="env.TRAVIS_ENABLE_INFRA_DETECTION" value="true" />
    <property name="env.PYTHON_CFLAGS" value="-g -fstack-protector --param=ssp-buffer-size=4 -Wformat -Werror=format-security" />
    <property name="timeout.long" value="4000000" />
    <property name="env.CERTI_HOME" value="/home/travis/pthla/certi-tools" />
    <property name="ant.file.ptII" value="/home/travis/build/icyphy/ptII/build.xml" />
    <property name="javadoc.packagenames" value="com.*,diva.*,lbnl.*,org.hlacerti.*,org.json.*,org.ptolemy.*,org.terraswarm.*,ptolemy.*,ptserver.*" />
    <property name="file.encoding" value="UTF-8" />
    <property name="env.TRAVIS_PULL_REQUEST_SLUG" value="" />
    <property name="ant.project.default-target" value="build" />
    <property name="env.GIT_ASKPASS" value="echo" />
    <property name="env.HOME" value="/home/travis" />
    <property name="sun.java.command" value="org.apache.tools.ant.taskdefs.optional.junit.JUnitTestRunner ptolemy.actor.lib.test.junit.JUnitTclTest skipNonTests=false filtertrace=true haltOnError=false haltOnFailure=false formatter=org.apache.tools.ant.taskdefs.optional.junit.OutErrSummaryJUnitResultFormatter showoutput=true outputtoformatters=true logfailedtests=true threadid=0 logtestlistenerevents=false formatter=org.apache.tools.ant.taskdefs.optional.junit.XMLJUnitResultFormatter,/home/travis/build/icyphy/ptII/reports/junit/TEST-ptolemy.actor.lib.test.junit.JUnitTclTest.xml crashfile=/home/travis/build/icyphy/ptII/junitvmwatcher8842723006357483889.properties propsfile=/home/travis/build/icyphy/ptII/junit1950482333530810141.properties" />
    <property name="env.COMPOSER_NO_INTERACTION" value="1" />
    <property name="env.MANPATH" value="/home/travis/.nvm/versions/node/v7.10.1/share/man:/home/travis/.rvm/rubies/ruby-2.5.3/share/man:/usr/local/cmake-3.12.4/man:/usr/local/clang-7.0.0/share/man:/usr/local/man:/usr/local/share/man:/usr/share/man:/home/travis/.rvm/man" />
    <property name="env.TRAVIS_TIMER_ID" value="279c28ee" />
    <property name="ant.file" value="/home/travis/build/icyphy/ptII/build.xml" />
    <property name="env.TRAVIS_COMMIT_RANGE" value="3e950cfe0f3c004454147d0a7dfedd7f8d8e77cc...52bfcaaec950ad6b43d11ffdb9cd3f924b0c1f76" />
    <property name="env._system_name" value="Ubuntu" />
    <property name="ptII.classpath.optional.property" value="/home/travis/build/icyphy/ptII/lib/bsh-2.0b4.jar:/home/travis/build/icyphy/ptII/lib/ptCal.jar:/home/travis/build/icyphy/ptII/lib/java_cup.jar:/home/travis/build/icyphy/ptII/lib/saxon8.jar:/home/travis/build/icyphy/ptII/lib/saxon8-dom.jar:/home/travis/build/icyphy/ptII/lib/chic.jar:/home/travis/build/icyphy/ptII/lib/ptcolt.jar:/home/travis/build/icyphy/ptII/vendors/misc/itext/iText.jar:/home/travis/build/icyphy/ptII/lib/g4ltl.jar:/home/travis/build/icyphy/ptII/lib/StructuralCoder.jar:/home/travis/build/icyphy/ptII/lib/jcerti.jar:/home/travis/build/icyphy/ptII/lib/javax.mail.jar:/home/travis/build/icyphy/ptII/vendors/JMF-2.1.1e/lib/jmf.jar:/home/travis/build/icyphy/ptII/lib/jna-4.0.0-variadic.jar:/home/travis/build/icyphy/ptII/vendors/misc/joystick/Joystick.jar:/home/travis/build/icyphy/ptII/lib/ptjacl.jar:/home/travis/build/icyphy/ptII/lib/jsoup-1.8.2.jar:/home/travis/build/icyphy/ptII/lib/junit-4.8.2.jar:/home/travis/build/icyphy/ptII/lib/JUnitParams-0.4.0.jar:/home/travis/build/icyphy/ptII/ptolemy/actor/lib/excel/jxl.jar:/home/travis/build/icyphy/ptII/lib/jython.jar:/home/travis/build/icyphy/ptII/lib/kieler.jar:/home/travis/build/icyphy/ptII/vendors/opencv/share/OpenCV/java/opencv-341.jar:/home/travis/build/icyphy/ptII/lib/oscP5.jar:/home/travis/build/icyphy/ptII/lib/nrjavaserial-3.11.0.devel.jar:/home/travis/build/icyphy/ptII/vendors/j3d/lib/Linux/j3dcore.jar:/home/travis/build/icyphy/ptII/vendors/j3d/lib/Linux/j3dutils.jar:/home/travis/build/icyphy/ptII/vendors/j3d/lib/Linux/vecmath.jar:/home/travis/build/icyphy/ptII/vendors/jogl/lib/Linux/gluegen-rt-natives-linux-amd64.jar:/home/travis/build/icyphy/ptII/vendors/jogl/lib/Linux/gluegen-rt.jar:/home/travis/build/icyphy/ptII/vendors/jogl/lib/Linux/jogl-all-natives-linux-amd64.jar:/home/travis/build/icyphy/ptII/vendors/jogl/lib/Linux/jogl-all.jar:/home/travis/build/icyphy/ptII/ptolemy/distributed/jini/jar/jini-core.jar:/home/travis/build/icyphy/ptII/ptolemy/distributed/jini/jar/jini-ext.jar:/home/travis/build/icyphy/ptII/ptolemy/distributed/jini/jar/sun-util.jar:/home/travis/build/icyphy/ptII/lib/protobuf-java-2.4.1.jar:/home/travis/build/icyphy/ptII/lib/org.eclipse.paho.client.mqttv3.jar:/home/travis/build/icyphy/ptII/lib/mapss.jar:/home/travis/build/icyphy/ptII/ptolemy/actor/ptalon/antlr/antlr.jar:/home/travis/build/icyphy/ptII/lib/JRI.jar:/home/travis/build/icyphy/ptII/lib/commons-lang-2.6.jar:/home/travis/build/icyphy/ptII/lib/commons-logging-1.1.1.jar:/home/travis/build/icyphy/ptII/lib/sootclasses.jar:/home/travis/build/icyphy/ptII/ptolemy/actor/lib/database/mysql-connector-java-5.1.6-bin.jar:/home/travis/build/icyphy/ptII/vendors/misc/sphinx4/sphinx4-data-5prealpha.jar:/home/travis/build/icyphy/ptII/vendors/misc/sphinx4/sphinx4-core-5prealpha.jar:/home/travis/build/icyphy/ptII/lib/PDFRenderer.jar:/home/travis/build/icyphy/ptII/lib/svgSalamander.jar:/home/travis/build/icyphy/ptII/lib/rsyntaxtextarea-2.6.0-SNAPSHOT.jar:/home/travis/build/icyphy/ptII/lib/hazelcast-3.8.2.jar:/home/travis/build/icyphy/ptII/lib/jackson-annotations-2.9.0.jar:/home/travis/build/icyphy/ptII/lib/jackson-core-2.9.3.jar:/home/travis/build/icyphy/ptII/lib/jackson-databind-2.9.3.jar:/home/travis/build/icyphy/ptII/lib/netty-buffer-4.1.19.Final.jar:/home/travis/build/icyphy/ptII/lib/netty-codec-4.1.19.Final.jar:/home/travis/build/icyphy/ptII/lib/netty-codec-dns-4.1.19.Final.jar:/home/travis/build/icyphy/ptII/lib/netty-codec-http-4.1.19.Final.jar:/home/travis/build/icyphy/ptII/lib/netty-codec-http2-4.1.19.Final.jar:/home/travis/build/icyphy/ptII/lib/netty-common-4.1.19.Final.jar:/home/travis/build/icyphy/ptII/lib/netty-handler-4.1.19.Final.jar:/home/travis/build/icyphy/ptII/lib/netty-resolver-4.1.19.Final.jar:/home/travis/build/icyphy/ptII/lib/netty-resolver-dns-4.1.19.Final.jar:/home/travis/build/icyphy/ptII/lib/netty-transport-4.1.19.Final.jar:/home/travis/build/icyphy/ptII/lib/vertx-codegen-3.5.1.jar:/home/travis/build/icyphy/ptII/lib/vertx-core-3.5.2-SNAPSHOT.jar:/home/travis/build/icyphy/ptII/lib/vertx-hazelcast-3.5.1.jar:/home/travis/build/icyphy/ptII/lib/vertx-lang-js-3.5.1.jar:/home/travis/build/icyphy/ptII/lib/vertx-service-proxy-3.5.1.jar:/home/travis/build/icyphy/ptII/lib/vertx-web-3.5.1.jar:/home/travis/build/icyphy/ptII/lib/slf4j-api-1.7.13.jar:/home/travis/build/icyphy/ptII/lib/slf4j-simple-1.7.13.jar:/home/travis/build/icyphy/ptII/lib/webcam-capture-0.3.12.jar:/home/travis/build/icyphy/ptII/lib/bridj-0.7.0.jar:/home/travis/build/icyphy/ptII/lib/xbjlib-1.1.0.nrjavaserial.jar" />
    <property name="timeout" value="2400000" />
    <property name="test.batch" value="**/junit/*.java" />
    <property name="env._" value="/usr/bin/timeout" />
    <property name="java.io.tmpdir" value="/tmp" />
    <property name="user.language" value="en" />
    <property name="env.TRAVIS_INTERNAL_RUBY_REGEX" value="^ruby-(2\.[0-4]\.[0-9]|1\.9\.3)" />
    <property name="env.HISTCONTROL" value="ignoredups:ignorespace" />
    <property name="env.GOROOT" value="/home/travis/.gimme/versions/go1.11.1.linux.amd64" />
    <property name="line.separator" value="&#xa;" />
    <property name="target" value="11" />
    <property name="env.TRAVIS_BUILD_DIR" value="/home/travis/build/icyphy/ptII" />
    <property name="env.ANT_OPTS" value="-Xmx2048m" />
    <property name="ant.file.type" value="file" />
    <property name="ptolemy.ptII.batchMode" value="true" />
    <property name="env.HISTSIZE" value="1000" />
    <property name="env.MERB_ENV" value="test" />
    <property name="java.vm.info" value="mixed mode" />
    <property name="source" value="11" />
    <property name="java.vm.specification.name" value="Java Virtual Machine Specification" />
    <property name="env.TRAVIS_TEST_RESULT" value="0" />
    <property name="jsdoc.command" value="node_modules/@terraswarm/jsdoc/jsdoc.js" />
    <property name="npm.works" value="true" />
    <property name="cobertura.dir" value="/home/travis/build/icyphy/ptII/vendors/cobertura-2.0.3" />
    <property name="jsdoc.command.exists" value="true" />
    <property name="env.rvm_path" value="/home/travis/.rvm" />
    <property name="env.GEM_PATH" value="/home/travis/.rvm/gems/ruby-2.5.3:/home/travis/.rvm/gems/ruby-2.5.3@global" />
    <property name="env.LC_CTYPE" value="en_US.UTF-8" />
    <property name="env.TRAVIS_CMD" value="$PTII/bin/ptIITravisBuild.sh $SECONDS" />
    <property name="java.awt.printerjob" value="sun.print.PSPrinterJob" />
    <property name="env.TRAVIS_STACK_NAME" value="sardonyx" />
    <property name="env.TRAVIS_TIMER_START_TIME" value="1584969932606378469" />
    <property name="ant.version" value="Apache Ant(TM) version 1.10.1 compiled on February 2 2017" />
    <property name="ptII.reports" value="/home/travis/build/icyphy/ptII/reports" />
    <property name="env.TRAVIS_STACK_TIMESTAMP" value="2019-03-25 16:16:56 UTC" />
    <property name="ant.file.type.ptII" value="file" />
    <property name="env.RBENV_SHELL" value="bash" />
    <property name="os.name" value="Linux" />
    <property name="java.specification.vendor" value="Oracle Corporation" />
    <property name="env.rvm_version" value="1.29.7 (latest)" />
    <property name="env.TRAVIS_INFRA" value="unknown" />
    <property name="env.TERM" value="xterm" />
    <property name="java.vm.name" value="OpenJDK 64-Bit Server VM" />
    <property name="env.TRAVIS_BUILD_NUMBER" value="1579" />
    <property name="env.CI" value="true" />
    <property name="java.library.path" value="/home/travis/pthla/certi-tools/lib:/usr/lib/jni:/usr/local/share/OpenCV/java/:/usr/share/OpenCV/java::/usr/java/packages/lib:/usr/lib64:/lib64:/lib:/usr/lib" />
    <property name="jdk.module.path" value="/home/travis/build/icyphy/ptII/vendors/javafx/javafx-sdk-11.0.2/lib:" />
    <property name="env.rvm_prefix" value="/home/travis" />
    <property name="env.PATH" value="/home/travis/pthla/certi-tools/share/scripts:/home/travis/.rvm/gems/ruby-2.5.3/bin:/home/travis/.rvm/gems/ruby-2.5.3@global/bin:/home/travis/.rvm/rubies/ruby-2.5.3/bin:/home/travis/.rvm/bin:/home/travis/.nvm/versions/node/v7.10.1/bin:./node_modules/.bin:/home/travis/build/icyphy/ptII/bin:/home/travis/pthla/certi-tools/bin:/home/travis/bin:/home/travis/.local/bin:/usr/local/lib/jvm/openjdk11/bin:/opt/pyenv/shims:/home/travis/.phpenv/shims:/home/travis/perl5/perlbrew/bin:/home/travis/gopath/bin:/home/travis/.gimme/versions/go1.11.1.linux.amd64/bin:/usr/local/maven-3.6.0/bin:/usr/local/cmake-3.12.4/bin:/usr/local/clang-7.0.0/bin:/usr/local/sbin:/usr/local/bin:/usr/sbin:/usr/bin:/sbin:/bin:/snap/bin:/home/travis/.phpenv/bin:/opt/pyenv/bin:/home/travis/.yarn/bin" />
    <property name="env.TRAVIS_OS_NAME" value="linux" />
    <property name="ant.java.version" value="9" />
    <property name="basedir" value="/home/travis/build/icyphy/ptII" />
    <property name="java.class.version" value="55.0" />
    <property name="env.SHLVL" value="3" />
    <property name="env.LD_LIBRARY_PATH" value="/home/travis/pthla/certi-tools/lib:/usr/lib/jni:/usr/local/share/OpenCV/java/:/usr/share/OpenCV/java:" />
    <property name="env.RACK_ENV" value="test" />
    <property name="ant.home" value="/home/travis/build/icyphy/ptII/ant" />
    <property name="env.NVM_DIR" value="/home/travis/.nvm" />
    <property name="env.CERTI_FOM_PATH" value="/home/travis/pthla/certi-tools/share/federations" />
    <property name="env.TRAVIS_BUILD_ID" value="665859386" />
    <property name="env.PYENV_ROOT" value="/opt/pyenv" />
    <property name="env.TRAVIS_UID" value="2000" />
    <property name="prism.verbose" value="true" />
    <property name="env.NVM_BIN" value="/home/travis/.nvm/versions/node/v7.10.1/bin" />
    <property name="env.TRAVIS_COMMIT" value="52bfcaaec950ad6b43d11ffdb9cd3f924b0c1f76" />
    <property name="env._system_arch" value="x86_64" />
    <property name="node.executable" value="node" />
    <property name="sun.boot.library.path" value="/usr/local/lib/jvm/openjdk11/lib" />
    <property name="sun.management.compiler" value="HotSpot 64-Bit Tiered Compilers" />
    <property name="java.awt.graphicsenv" value="sun.awt.X11GraphicsEnvironment" />
    <property name="env.GOPATH" value="/home/travis/gopath" />
    <property name="ptolemy.ptII.dir" value="/home/travis/build/icyphy/ptII" />
    <property name="env.USER" value="travis" />
    <property name="env.HISTFILESIZE" value="2000" />
    <property name="env.NVM_INC" value="/home/travis/.nvm/versions/node/v7.10.1/include/node" />
    <property name="timeout.longest" value="19000000" />
    <property name="env.PERLBREW_SHELLRC_VERSION" value="0.86" />
    <property name="env.TRAVIS_STACK_FEATURES" value="basic couchdb disabled-ipv6 docker docker-compose elasticsearch firefox go-toolchain google-chrome jdk memcached mongodb mysql nodejs_interpreter perl_interpreter perlbrew phantomjs postgresql python_interpreter redis ruby_interpreter sqlite xserver" />
    <property name="env.TRAVIS_PULL_REQUEST" value="false" />
    <property name="env.PYENV_SHELL" value="bash" />
    <property name="ant.project.name" value="ptII" />
    <property name="env.ANSI_RESET" value="\033[0m" />
    <property name="java.vm.specification.version" value="11" />
    <property name="env.TRAVIS_DIST" value="xenial" />
    <property name="env.CERTI_VERSION" value="4.0.0" />
    <property name="env.CERTI_HOST" value="localhost" />
    <property name="awt.toolkit" value="sun.awt.X11.XToolkit" />
    <property name="env.MY_RUBY_HOME" value="/home/travis/.rvm/rubies/ruby-2.5.3" />
    <property name="sun.cpu.isalist" value="" />
    <property name="env.TRAVIS_TMPDIR" value="/tmp/tmp.q3XIl8lJu3" />
    <property name="java.vm.compressedOopsMode" value="Zero based" />
    <property name="os.version" value="4.15.0-1028-gcp" />
    <property name="user.home" value="/home/travis" />
    <property name="java.vm.vendor" value="Oracle Corporation" />
    <property name="env.TRAVIS_TAG" value="nightly" />
    <property name="env.ANSI_YELLOW" value="\033[33;1m" />
    <property name="env.TRAVIS_FILTERED" value="redirect_io" />
    <property name="env.ANSI_GREEN" value="\033[32;1m" />
    <property name="env.JAVA_HOME" value="/usr/local/lib/jvm/openjdk11" />
    <property name="javadoc.excludepackagenames" value="adm.cvs2svn.*,build.*,config.*,doc.coding.templates.*,jni.test.jni.meaningOfLife.*,jni.test.jni.testDeux.*,jni.test.jni.testTrois.*,org.terraswarm.accessor.accessors.web.node_modules.*,org.terraswarm.accessor.accessors.web.hosts.cordova.demo.*,org.terraswarm.accessor.accessors.web.hosts.cordova.plugins.*,org.terraswarm.accessor.accessors-svn.*,pt-modules.*,ptolemy.apps.agilent.*,ptolemy.apps.anytimecontrol.*,ptolemy.apps.apes.*,ptolemy.apps.charon.*,ptolemy.apps.crazyboard.*,ptolemy.apps.eclipse.*,ptolemy.apps.etherealSting.*,ptolemy.apps.fullscreen.*,ptolemy.apps.giotto.*,ptolemy.apps.ia.*,ptolemy.apps.interfaces.*,ptolemy.apps.jmf.*,ptolemy.apps.kurt.*,ptolemy.apps.kvm.*,ptolemy.apps.lego.*,ptolemy.apps.lejos.*,ptolemy.apps.midp.*,ptolemy.apps.mobileCoding.*,ptolemy.apps.pendulum.*,ptolemy.apps.rijndael.*,ptolemy.apps.robot.*,ptolemy.apps.security.*,ptolemy.apps.sobel.*,ptolemy.apps.soot.*,ptolemy.apps.throttle.*,ptolemy.apps.tini.*,ptolemy.apps.transmission.*,ptolemy.apps.vergil.*,ptolemy.apps.waba.*,ptolemy.apps.websensor.*,ptolemy.apps.webstart.*,ptolemy.apps.xsl.*,ptolemy.apps.zaurus.*,ptolemy.codegen.c.actor.lib.oldJavaFiles.*,ptolemy.codegen.dsp.lib.*,ptolemy.codegen.kernel.newInterfaces.*,ptolemy.codegen.lib.*,ptolemy.copernicus.kernel.fragment.*,ptolemy.copernicus.shallow.cg.*,ptolemy.domains.giotto.demo.Hierarchy.Hierarchy.*,ptolemy.domains.giotto.demo.Multimode.Multimode.*,ptolemy.domains.giotto.demo.Simple.Simple.*,ptolemy.domains.gr.lib.experimental.*,ptolemy.domains.gro.*,ptolemy.domains.pdf.*,ptolemy.domains.ptinyos.demo.Surge.output.*,ptolemy.moml.test.NoPackageActor.java*,ptolemy.plot.adm.*,ptolemy.plot.servlet.*,reports.*,signed.*,src.*,target.*,vendors.*,ptolemy.copernicus.applet.*,ptolemy.media.viewer.*,ptolemy.actor.corba.*,doc.doclets.*,ptolemy.apps.eclipse.awt.*,ptolemy.backtrack.*,ptolemy.backtrack.ast.*,ptolemy.cg.adapter.generic.program.procedural.c.mbed*,ptolemy.homer.*,ptolemy.actor.lib.jai.*,org.ptolemy.scala.*,diva.util.java2d.svg.*,ptolemy.domains.ptinyos.*,ptolemy.actor.lib.fmi.fmipp.*,,org.terraswarm.accessor.accessors.web.node_modules.*,org.terraswarm.accessor.accessors-svn,ptolemy.apps.*,ptolemy.actor.ptalon.demo.ptinyos.SendAndReceiveCnt.output,ptolemy.actor.ptalon.demo.ptinyos.SenseToLeds.output,ptolemy.domains.ptinyos.demo.CntToLedsAndRfm.output,ptolemy.domains.ptinyos.demo.RfmToLeds.output,ptolemy.domains.ptinyos.demo.SendAndReceiveCnt.output,ptolemy.domains.ptinyos.demo.SenseToLeds.output,ptolemy.actor.lib.jjs.modules.udpSocket.*" />
    <property name="env.PTII" value="/home/travis/build/icyphy/ptII" />
    <property name="env.XDG_SESSION_ID" value="2" />
    <property name="keystore" value="ptKeystore" />
    <property name="env.TRAVIS_COMMIT_MESSAGE" value="Updating models using array data type." />
    <property name="junit.output.dir" value="/home/travis/build/icyphy/ptII/reports/junit" />
    <property name="npm.return.code" value="0" />
    <property name="user.dir" value="/home/travis/build/icyphy/ptII/ptolemy/actor/lib/test" />
    <property name="env.TRAVIS_NODE_VERSION" value="7" />
    <property name="env.TRAVIS_EVENT_TYPE" value="cron" />
    <property name="env.MAIL" value="/var/mail/travis" />
    <property name="env.PERLBREW_ROOT" value="/home/travis/perl5/perlbrew" />
    <property name="env.PWD" value="/home/travis/build/icyphy/ptII" />
    <property name="timeout.npm" value="45000" />
    <property name="env.TRAVIS_ARCH" value="amd64" />
    <property name="sun.cpu.endian" value="little" />
    <property name="env.PAGER" value="cat" />
    <property name="env.TRAVIS_BUILD_STAGE_NAME" value="Test" />
    <property name="env.PERLBREW_HOME" value="/home/travis/.perlbrew" />
    <property name="java.vm.version" value="11.0.2+9" />
    <property name="env.RAILS_ENV" value="test" />
    <property name="java.class.path" value="/home/travis/.ptolemyII:/home/travis/.ptolemyII/*:/home/travis/build/icyphy/ptII:/home/travis/build/icyphy/ptII/lib/bsh-2.0b4.jar:/home/travis/build/icyphy/ptII/lib/ptCal.jar:/home/travis/build/icyphy/ptII/lib/java_cup.jar:/home/travis/build/icyphy/ptII/lib/saxon8.jar:/home/travis/build/icyphy/ptII/lib/saxon8-dom.jar:/home/travis/build/icyphy/ptII/lib/chic.jar:/home/travis/build/icyphy/ptII/lib/ptcolt.jar:/home/travis/build/icyphy/ptII/vendors/misc/itext/iText.jar:/home/travis/build/icyphy/ptII/lib/g4ltl.jar:/home/travis/build/icyphy/ptII/lib/StructuralCoder.jar:/home/travis/build/icyphy/ptII/lib/jcerti.jar:/home/travis/build/icyphy/ptII/lib/javax.mail.jar:/home/travis/build/icyphy/ptII/vendors/JMF-2.1.1e/lib/jmf.jar:/home/travis/build/icyphy/ptII/lib/jna-4.0.0-variadic.jar:/home/travis/build/icyphy/ptII/vendors/misc/joystick/Joystick.jar:/home/travis/build/icyphy/ptII/lib/ptjacl.jar:/home/travis/build/icyphy/ptII/lib/jsoup-1.8.2.jar:/home/travis/build/icyphy/ptII/lib/junit-4.8.2.jar:/home/travis/build/icyphy/ptII/lib/JUnitParams-0.4.0.jar:/home/travis/build/icyphy/ptII/ptolemy/actor/lib/excel/jxl.jar:/home/travis/build/icyphy/ptII/lib/jython.jar:/home/travis/build/icyphy/ptII/lib/kieler.jar:/home/travis/build/icyphy/ptII/vendors/opencv/share/OpenCV/java/opencv-341.jar:/home/travis/build/icyphy/ptII/lib/oscP5.jar:/home/travis/build/icyphy/ptII/lib/nrjavaserial-3.11.0.devel.jar:/home/travis/build/icyphy/ptII/vendors/j3d/lib/Linux/j3dcore.jar:/home/travis/build/icyphy/ptII/vendors/j3d/lib/Linux/j3dutils.jar:/home/travis/build/icyphy/ptII/vendors/j3d/lib/Linux/vecmath.jar:/home/travis/build/icyphy/ptII/vendors/jogl/lib/Linux/gluegen-rt-natives-linux-amd64.jar:/home/travis/build/icyphy/ptII/vendors/jogl/lib/Linux/gluegen-rt.jar:/home/travis/build/icyphy/ptII/vendors/jogl/lib/Linux/jogl-all-natives-linux-amd64.jar:/home/travis/build/icyphy/ptII/vendors/jogl/lib/Linux/jogl-all.jar:/home/travis/build/icyphy/ptII/ptolemy/distributed/jini/jar/jini-core.jar:/home/travis/build/icyphy/ptII/ptolemy/distributed/jini/jar/jini-ext.jar:/home/travis/build/icyphy/ptII/ptolemy/distributed/jini/jar/sun-util.jar:/home/travis/build/icyphy/ptII/lib/protobuf-java-2.4.1.jar:/home/travis/build/icyphy/ptII/lib/org.eclipse.paho.client.mqttv3.jar:/home/travis/build/icyphy/ptII/lib/mapss.jar:/home/travis/build/icyphy/ptII/ptolemy/actor/ptalon/antlr/antlr.jar:/home/travis/build/icyphy/ptII/lib/JRI.jar:/home/travis/build/icyphy/ptII/lib/commons-lang-2.6.jar:/home/travis/build/icyphy/ptII/lib/commons-logging-1.1.1.jar:/home/travis/build/icyphy/ptII/lib/sootclasses.jar:/home/travis/build/icyphy/ptII/ptolemy/actor/lib/database/mysql-connector-java-5.1.6-bin.jar:/home/travis/build/icyphy/ptII/vendors/misc/sphinx4/sphinx4-data-5prealpha.jar:/home/travis/build/icyphy/ptII/vendors/misc/sphinx4/sphinx4-core-5prealpha.jar:/home/travis/build/icyphy/ptII/lib/PDFRenderer.jar:/home/travis/build/icyphy/ptII/lib/svgSalamander.jar:/home/travis/build/icyphy/ptII/lib/rsyntaxtextarea-2.6.0-SNAPSHOT.jar:/home/travis/build/icyphy/ptII/lib/hazelcast-3.8.2.jar:/home/travis/build/icyphy/ptII/lib/jackson-annotations-2.9.0.jar:/home/travis/build/icyphy/ptII/lib/jackson-core-2.9.3.jar:/home/travis/build/icyphy/ptII/lib/jackson-databind-2.9.3.jar:/home/travis/build/icyphy/ptII/lib/netty-buffer-4.1.19.Final.jar:/home/travis/build/icyphy/ptII/lib/netty-codec-4.1.19.Final.jar:/home/travis/build/icyphy/ptII/lib/netty-codec-dns-4.1.19.Final.jar:/home/travis/build/icyphy/ptII/lib/netty-codec-http-4.1.19.Final.jar:/home/travis/build/icyphy/ptII/lib/netty-codec-http2-4.1.19.Final.jar:/home/travis/build/icyphy/ptII/lib/netty-common-4.1.19.Final.jar:/home/travis/build/icyphy/ptII/lib/netty-handler-4.1.19.Final.jar:/home/travis/build/icyphy/ptII/lib/netty-resolver-4.1.19.Final.jar:/home/travis/build/icyphy/ptII/lib/netty-resolver-dns-4.1.19.Final.jar:/home/travis/build/icyphy/ptII/lib/netty-transport-4.1.19.Final.jar:/home/travis/build/icyphy/ptII/lib/vertx-codegen-3.5.1.jar:/home/travis/build/icyphy/ptII/lib/vertx-core-3.5.2-SNAPSHOT.jar:/home/travis/build/icyphy/ptII/lib/vertx-hazelcast-3.5.1.jar:/home/travis/build/icyphy/ptII/lib/vertx-lang-js-3.5.1.jar:/home/travis/build/icyphy/ptII/lib/vertx-service-proxy-3.5.1.jar:/home/travis/build/icyphy/ptII/lib/vertx-web-3.5.1.jar:/home/travis/build/icyphy/ptII/lib/slf4j-api-1.7.13.jar:/home/travis/build/icyphy/ptII/lib/slf4j-simple-1.7.13.jar:/home/travis/build/icyphy/ptII/lib/webcam-capture-0.3.12.jar:/home/travis/build/icyphy/ptII/lib/bridj-0.7.0.jar:/home/travis/build/icyphy/ptII/lib/xbjlib-1.1.0.nrjavaserial.jar:/home/travis/build/icyphy/ptII/ptolemy/moml/test:/home/travis/build/icyphy/ptII/ant/lib/ant-launcher.jar:/home/travis/build/icyphy/ptII/ant/lib/ant.jar:/home/travis/build/icyphy/ptII/ant/lib/ant-junit.jar:/home/travis/build/icyphy/ptII/ant/lib/ant-junit4.jar" />
    <property name="ant.library.dir" value="/home/travis/build/icyphy/ptII/ant/lib" />
    <property name="os.arch" value="amd64" />
    <property name="env.CONTINUOUS_INTEGRATION" value="true" />
    <property name="env.TRAVIS_LANGUAGE" value="node_js" />
    <property name="env.TRAVIS_STACK_LANGUAGES" value="__sardonyx__ c c++ clojure cplusplus cpp default generic go groovy java node_js php pure_java python ruby scala" />
    <property name="test.name" value="ptolemy.actor.lib.test.junit.JUnitTclTest" />
    <property name="env.APT_KEY_DONT_WARN_ON_DANGEROUS_USAGE" value="1" />
    <property name="sun.java.launcher" value="SUN_STANDARD" />
    <property name="env.PYTHON_CONFIGURE_OPTS" value="--enable-unicode=ucs4 --with-wide-unicode --enable-shared --enable-ipv6 --enable-loadable-sqlite-extensions --with-computed-gotos" />
    <property name="ant.core.lib" value="/home/travis/build/icyphy/ptII/ant/lib/ant.jar" />
    <property name="java.vm.specification.vendor" value="Oracle Corporation" />
    <property name="env.BCVTB_HOME" value="/home/travis/build/icyphy/ptII/lbnl" />
    <property name="file.separator" value="/" />
    <property name="spotbugs.home" value="/home/travis/build/icyphy/ptII/vendors/spotbugs-3.1.1" />
    <property name="java.runtime.version" value="11.0.2+9" />
    <property name="env.ANSI_CLEAR" value="\033[0K" />
    <property name="javafx.verbose" value="true" />
    <property name="env.HAS_JOSH_K_SEAL_OF_APPROVAL" value="true" />
    <property name="env.XDG_RUNTIME_DIR" value="/run/user/2000" />
    <property name="env.TRAVIS_OSX_IMAGE" value="" />
    <property name="env.TRAVIS_JOB_ID" value="665859396" />
    <property name="env.TRAVIS_BRANCH" value="master" />
    <property name="user.country" value="US" />
    <property name="env.CERTI_HOME_TRAVIS" value="/home/travis/pthla/certi-tools" />
    <property name="env.SHELL" value="/bin/bash" />
    <property name="java.maxmemory.large" value="3200m" />
    <property name="model" value="" />
    <property name="env.CASHER_DIR" value="/home/travis/.casher" />
    <property name="env.NVM_CD_FLAGS" value="" />
    <property name="java.vendor.version" value="18.9" />
    <property name="jshint.executable" value="/home/travis/node_modules/jshint/bin/jshint" />
    <property name="env.JRUBY_OPTS" value=" --client -J-XX:+TieredCompilation -J-XX:TieredStopAtLevel=1 -J-Xss2m -Xcompile.invokedynamic=false" />
    <property name="java.vendor" value="Oracle Corporation" />
    <property name="env.TRAVIS_PRE_CHEF_BOOTSTRAP_TIME" value="2019-03-25T16:16:42" />
    <property name="env.TRAVIS_STACK_JOB_BOARD_REGISTER" value="/.job-board-register.yml" />
    <property name="env.ANSI_RED" value="\033[31;1m" />
    <property name="java.specification.version" value="11" />
    <property name="env.IRBRC" value="/home/travis/.rvm/rubies/ruby-2.5.3/.irbrc" />
    <property name="env.TRAVIS" value="true" />
    <property name="sun.arch.data.model" value="64" />
  </properties>
  <testcase classname="ptolemy.util.test.junit.TclTests" name="[0] /home/travis/build/icyphy/ptII/ptolemy/actor/lib/test/AbsoluteValue.tcl (RunTclFile)" time="0.514" />
  <testcase classname="ptolemy.util.test.junit.TclTests" name="[1] /home/travis/build/icyphy/ptII/ptolemy/actor/lib/test/AddSubtract.tcl (RunTclFile)" time="0.157" />
  <testcase classname="ptolemy.util.test.junit.TclTests" name="[2] /home/travis/build/icyphy/ptII/ptolemy/actor/lib/test/Average.tcl (RunTclFile)" time="0.076" />
  <testcase classname="ptolemy.util.test.junit.TclTests" name="[3] /home/travis/build/icyphy/ptII/ptolemy/actor/lib/test/Bernoulli.tcl (RunTclFile)" time="0.047" />
  <testcase classname="ptolemy.util.test.junit.TclTests" name="[4] /home/travis/build/icyphy/ptII/ptolemy/actor/lib/test/Clock.tcl (RunTclFile)" time="0.105" />
  <testcase classname="ptolemy.util.test.junit.TclTests" name="[5] /home/travis/build/icyphy/ptII/ptolemy/actor/lib/test/Commutator.tcl (RunTclFile)" time="0.14" />
  <testcase classname="ptolemy.util.test.junit.TclTests" name="[6] /home/travis/build/icyphy/ptII/ptolemy/actor/lib/test/Const.tcl (RunTclFile)" time="0.119" />
  <testcase classname="ptolemy.util.test.junit.TclTests" name="[7] /home/travis/build/icyphy/ptII/ptolemy/actor/lib/test/CurrentTime.tcl (RunTclFile)" time="0.022" />
  <testcase classname="ptolemy.util.test.junit.TclTests" name="[8] /home/travis/build/icyphy/ptII/ptolemy/actor/lib/test/DB.tcl (RunTclFile)" time="0.023" />
  <testcase classname="ptolemy.util.test.junit.TclTests" name="[9] /home/travis/build/icyphy/ptII/ptolemy/actor/lib/test/DiscreteRandomSource.tcl (RunTclFile)" time="0.042" />
  <testcase classname="ptolemy.util.test.junit.TclTests" name="[10] /home/travis/build/icyphy/ptII/ptolemy/actor/lib/test/Distributor.tcl (RunTclFile)" time="0.1" />
  <testcase classname="ptolemy.util.test.junit.TclTests" name="[11] /home/travis/build/icyphy/ptII/ptolemy/actor/lib/test/Exit.tcl (RunTclFile)" time="0.12" />
  <testcase classname="ptolemy.util.test.junit.TclTests" name="[12] /home/travis/build/icyphy/ptII/ptolemy/actor/lib/test/Expression.tcl (RunTclFile)" time="0.108" />
  <testcase classname="ptolemy.util.test.junit.TclTests" name="[13] /home/travis/build/icyphy/ptII/ptolemy/actor/lib/test/Gaussian.tcl (RunTclFile)" time="1.006" />
  <testcase classname="ptolemy.util.test.junit.TclTests" name="[14] /home/travis/build/icyphy/ptII/ptolemy/actor/lib/test/IIR.tcl (RunTclFile)" time="0.023" />
  <testcase classname="ptolemy.util.test.junit.TclTests" name="[15] /home/travis/build/icyphy/ptII/ptolemy/actor/lib/test/Interpolator.tcl (RunTclFile)" time="0.078" />
  <testcase classname="ptolemy.util.test.junit.TclTests" name="[16] /home/travis/build/icyphy/ptII/ptolemy/actor/lib/test/MathFunction.tcl (RunTclFile)" time="0.056" />
  <testcase classname="ptolemy.util.test.junit.TclTests" name="[17] /home/travis/build/icyphy/ptII/ptolemy/actor/lib/test/Maximum.tcl (RunTclFile)" time="0.051" />
  <testcase classname="ptolemy.util.test.junit.TclTests" name="[18] /home/travis/build/icyphy/ptII/ptolemy/actor/lib/test/Minimum.tcl (RunTclFile)" time="0.033" />
  <testcase classname="ptolemy.util.test.junit.TclTests" name="[19] /home/travis/build/icyphy/ptII/ptolemy/actor/lib/test/MultiplyDivide.tcl (RunTclFile)" time="0.055" />
  <testcase classname="ptolemy.util.test.junit.TclTests" name="[20] /home/travis/build/icyphy/ptII/ptolemy/actor/lib/test/OrderedMerge.tcl (RunTclFile)" time="0.139" />
  <testcase classname="ptolemy.util.test.junit.TclTests" name="[21] /home/travis/build/icyphy/ptII/ptolemy/actor/lib/test/Publisher.tcl (RunTclFile)" time="0.868" />
  <testcase classname="ptolemy.util.test.junit.TclTests" name="[22] /home/travis/build/icyphy/ptII/ptolemy/actor/lib/test/Pulse.tcl (RunTclFile)" time="0.07" />
  <testcase classname="ptolemy.util.test.junit.TclTests" name="[23] /home/travis/build/icyphy/ptII/ptolemy/actor/lib/test/Ramp.tcl (RunTclFile)" time="2.24" />
  <testcase classname="ptolemy.util.test.junit.TclTests" name="[24] /home/travis/build/icyphy/ptII/ptolemy/actor/lib/test/RampContinuous.tcl (RunTclFile)" time="0.017" />
  <testcase classname="ptolemy.util.test.junit.TclTests" name="[25] /home/travis/build/icyphy/ptII/ptolemy/actor/lib/test/RecordAssembler.tcl (RunTclFile)" time="0.017" />
  <testcase classname="ptolemy.util.test.junit.TclTests" name="[26] /home/travis/build/icyphy/ptII/ptolemy/actor/lib/test/RecordDisassembler.tcl (RunTclFile)" time="0.022" />
  <testcase classname="ptolemy.util.test.junit.TclTests" name="[27] /home/travis/build/icyphy/ptII/ptolemy/actor/lib/test/Scale.tcl (RunTclFile)" time="0.02" />
  <testcase classname="ptolemy.util.test.junit.TclTests" name="[28] /home/travis/build/icyphy/ptII/ptolemy/actor/lib/test/SequentialClock.tcl (RunTclFile)" time="0.019" />
  <testcase classname="ptolemy.util.test.junit.TclTests" name="[29] /home/travis/build/icyphy/ptII/ptolemy/actor/lib/test/SetVariable.tcl (RunTclFile)" time="0.014" />
  <testcase classname="ptolemy.util.test.junit.TclTests" name="[30] /home/travis/build/icyphy/ptII/ptolemy/actor/lib/test/Sinewave.tcl (RunTclFile)" time="0.064" />
  <testcase classname="ptolemy.util.test.junit.TclTests" name="[31] /home/travis/build/icyphy/ptII/ptolemy/actor/lib/test/SubscriptionAggregator.tcl (RunTclFile)" time="2.106" />
  <testcase classname="ptolemy.util.test.junit.TclTests" name="[32] /home/travis/build/icyphy/ptII/ptolemy/actor/lib/test/Test.tcl (RunTclFile)" time="0.094" />
  <testcase classname="ptolemy.util.test.junit.TclTests" name="[33] /home/travis/build/icyphy/ptII/ptolemy/actor/lib/test/TestExceptionHandler.tcl (RunTclFile)" time="0.013" />
  <testcase classname="ptolemy.util.test.junit.TclTests" name="[34] /home/travis/build/icyphy/ptII/ptolemy/actor/lib/test/UnionDisassembler.tcl (RunTclFile)" time="0.071" />
  <testcase classname="ptolemy.util.test.junit.TclTests" name="[35] /home/travis/build/icyphy/ptII/ptolemy/actor/lib/test/VariableClock.tcl (RunTclFile)" time="0.025" />
  <testcase classname="ptolemy.util.test.junit.AutoKnownFailedTests" name="[0] /home/travis/build/icyphy/ptII/ptolemy/actor/lib/test/auto/knownFailedTests/PublisherPortToplevelSubscriber.xml (RunModel)" time="0.026" />
  <testcase classname="ptolemy.util.test.junit.AutoKnownFailedTests" name="[1] /home/travis/build/icyphy/ptII/ptolemy/actor/lib/test/auto/knownFailedTests/PublisherSubscriberPortToplevel.xml (RunModel)" time="0.019" />
  <testcase classname="ptolemy.util.test.junit.AutoKnownFailedTests" name="[2] /home/travis/build/icyphy/ptII/ptolemy/actor/lib/test/auto/knownFailedTests/PublisherSubscriptionAggregatorPort.xml (RunModel)" time="0.02" />
  <testcase classname="ptolemy.util.test.junit.AutoKnownFailedTests" name="[3] /home/travis/build/icyphy/ptII/ptolemy/actor/lib/test/auto/knownFailedTests/sizedarray3.xml (RunModel)" time="0.025" />
  <testcase classname="ptolemy.util.test.junit.AutoNameArchTests" name="[0] ThereAreNoAutoArchTests (RunModel)" time="0.005" />
  <testcase classname="ptolemy.util.test.junit.AutoTests" name="[0] /home/travis/build/icyphy/ptII/ptolemy/actor/lib/test/auto/AbsoluteValue.xml (RunModel)" time="0.087" />
  <testcase classname="ptolemy.util.test.junit.AutoTests" name="[1] /home/travis/build/icyphy/ptII/ptolemy/actor/lib/test/auto/AbsoluteValue2.xml (RunModel)" time="0.069" />
  <testcase classname="ptolemy.util.test.junit.AutoTests" name="[2] /home/travis/build/icyphy/ptII/ptolemy/actor/lib/test/auto/Accumulator.xml (RunModel)" time="0.072" />
  <testcase classname="ptolemy.util.test.junit.AutoTests" name="[3] /home/travis/build/icyphy/ptII/ptolemy/actor/lib/test/auto/Accumulator2.xml (RunModel)" time="0.031" />
  <testcase classname="ptolemy.util.test.junit.AutoTests" name="[4] /home/travis/build/icyphy/ptII/ptolemy/actor/lib/test/auto/Accumulator3.xml (RunModel)" time="0.014" />
  <testcase classname="ptolemy.util.test.junit.AutoTests" name="[5] /home/travis/build/icyphy/ptII/ptolemy/actor/lib/test/auto/ArrayAppend.xml (RunModel)" time="0.028" />
  <testcase classname="ptolemy.util.test.junit.AutoTests" name="[6] /home/travis/build/icyphy/ptII/ptolemy/actor/lib/test/auto/ArrayAppend2.xml (RunModel)" time="0.33" />
  <testcase classname="ptolemy.util.test.junit.AutoTests" name="[7] /home/travis/build/icyphy/ptII/ptolemy/actor/lib/test/auto/ArrayAppend3.xml (RunModel)" time="0.031" />
  <testcase classname="ptolemy.util.test.junit.AutoTests" name="[8] /home/travis/build/icyphy/ptII/ptolemy/actor/lib/test/auto/ArrayAppend4.xml (RunModel)" time="0.016" />
  <testcase classname="ptolemy.util.test.junit.AutoTests" name="[9] /home/travis/build/icyphy/ptII/ptolemy/actor/lib/test/auto/ArrayAppend5.xml (RunModel)" time="0.023" />
  <testcase classname="ptolemy.util.test.junit.AutoTests" name="[10] /home/travis/build/icyphy/ptII/ptolemy/actor/lib/test/auto/ArrayAppend6.xml (RunModel)" time="0.021" />
  <testcase classname="ptolemy.util.test.junit.AutoTests" name="[11] /home/travis/build/icyphy/ptII/ptolemy/actor/lib/test/auto/ArrayAppendPerformanceTest.xml (RunModel)" time="0.068" />
  <testcase classname="ptolemy.util.test.junit.AutoTests" name="[12] /home/travis/build/icyphy/ptII/ptolemy/actor/lib/test/auto/ArrayAppendWithEmptyInput.xml (RunModel)" time="0.06" />
  <testcase classname="ptolemy.util.test.junit.AutoTests" name="[13] /home/travis/build/icyphy/ptII/ptolemy/actor/lib/test/auto/ArrayAverage.xml (RunModel)" time="0.053" />
  <testcase classname="ptolemy.util.test.junit.AutoTests" name="[14] /home/travis/build/icyphy/ptII/ptolemy/actor/lib/test/auto/ArrayContains.xml (RunModel)" time="0.039" />
  <testcase classname="ptolemy.util.test.junit.AutoTests" name="[15] /home/travis/build/icyphy/ptII/ptolemy/actor/lib/test/auto/ArrayElement.xml (RunModel)" time="0.04" />
  <testcase classname="ptolemy.util.test.junit.AutoTests" name="[16] /home/travis/build/icyphy/ptII/ptolemy/actor/lib/test/auto/ArrayElementAsMatrix.xml (RunModel)" time="0.065" />
  <testcase classname="ptolemy.util.test.junit.AutoTests" name="[17] /home/travis/build/icyphy/ptII/ptolemy/actor/lib/test/auto/ArrayElementI.xml (RunModel)" time="0.023" />
  <testcase classname="ptolemy.util.test.junit.AutoTests" name="[18] /home/travis/build/icyphy/ptII/ptolemy/actor/lib/test/auto/ArrayExtract.xml (RunModel)" time="0.02" />
  <testcase classname="ptolemy.util.test.junit.AutoTests" name="[19] /home/travis/build/icyphy/ptII/ptolemy/actor/lib/test/auto/ArrayExtract2.xml (RunModel)" time="0.015" />
  <testcase classname="ptolemy.util.test.junit.AutoTests" name="[20] /home/travis/build/icyphy/ptII/ptolemy/actor/lib/test/auto/ArrayLength.xml (RunModel)" time="0.013" />
  <testcase classname="ptolemy.util.test.junit.AutoTests" name="[21] /home/travis/build/icyphy/ptII/ptolemy/actor/lib/test/auto/ArrayLevelCrossing.xml (RunModel)" time="0.028" />
  <testcase classname="ptolemy.util.test.junit.AutoTests" name="[22] /home/travis/build/icyphy/ptII/ptolemy/actor/lib/test/auto/ArrayLevelCrossing2.xml (RunModel)" time="0.022" />
  <testcase classname="ptolemy.util.test.junit.AutoTests" name="[23] /home/travis/build/icyphy/ptII/ptolemy/actor/lib/test/auto/ArrayPeakSearch.xml (RunModel)" time="0.028" />
  <testcase classname="ptolemy.util.test.junit.AutoTests" name="[24] /home/travis/build/icyphy/ptII/ptolemy/actor/lib/test/auto/ArrayPeakSearch2.xml (RunModel)" time="0.031" />
  <testcase classname="ptolemy.util.test.junit.AutoTests" name="[25] /home/travis/build/icyphy/ptII/ptolemy/actor/lib/test/auto/ArrayPeakSearch3.xml (RunModel)" time="0.03" />
  <testcase classname="ptolemy.util.test.junit.AutoTests" name="[26] /home/travis/build/icyphy/ptII/ptolemy/actor/lib/test/auto/ArrayRemoveElement.xml (RunModel)" time="0.026" />
  <testcase classname="ptolemy.util.test.junit.AutoTests" name="[27] /home/travis/build/icyphy/ptII/ptolemy/actor/lib/test/auto/ArraySort.xml (RunModel)" time="0.027" />
  <testcase classname="ptolemy.util.test.junit.AutoTests" name="[28] /home/travis/build/icyphy/ptII/ptolemy/actor/lib/test/auto/ArraySum.xml (RunModel)" time="0.02" />
  <testcase classname="ptolemy.util.test.junit.AutoTests" name="[29] /home/travis/build/icyphy/ptII/ptolemy/actor/lib/test/auto/ArrayToElements.xml (RunModel)" time="0.016" />
  <testcase classname="ptolemy.util.test.junit.AutoTests" name="[30] /home/travis/build/icyphy/ptII/ptolemy/actor/lib/test/auto/ArrayToMatrix.xml (RunModel)" time="0.046" />
  <testcase classname="ptolemy.util.test.junit.AutoTests" name="[31] /home/travis/build/icyphy/ptII/ptolemy/actor/lib/test/auto/ArrayUpdate1.xml (RunModel)" time="0.016" />
  <testcase classname="ptolemy.util.test.junit.AutoTests" name="[32] /home/travis/build/icyphy/ptII/ptolemy/actor/lib/test/auto/ArrayUpdate2.xml (RunModel)" time="0.02" />
  <testcase classname="ptolemy.util.test.junit.AutoTests" name="[33] /home/travis/build/icyphy/ptII/ptolemy/actor/lib/test/auto/ArrayUpdate3.xml (RunModel)" time="0.024" />
  <testcase classname="ptolemy.util.test.junit.AutoTests" name="[34] /home/travis/build/icyphy/ptII/ptolemy/actor/lib/test/auto/Assert1.xml (RunModel)" time="0.021" />
  <testcase classname="ptolemy.util.test.junit.AutoTests" name="[35] /home/travis/build/icyphy/ptII/ptolemy/actor/lib/test/auto/Assert2.xml (RunModel)" time="0.015" />
  <testcase classname="ptolemy.util.test.junit.AutoTests" name="[36] /home/travis/build/icyphy/ptII/ptolemy/actor/lib/test/auto/BooleanMultiplexor.xml (RunModel)" time="0.017" />
  <testcase classname="ptolemy.util.test.junit.AutoTests" name="[37] /home/travis/build/icyphy/ptII/ptolemy/actor/lib/test/auto/BooleanMultiplexor2.xml (RunModel)" time="0.036" />
  <testcase classname="ptolemy.util.test.junit.AutoTests" name="[38] /home/travis/build/icyphy/ptII/ptolemy/actor/lib/test/auto/BooleanMultiplexor3.xml (RunModel)" time="0.018" />
  <testcase classname="ptolemy.util.test.junit.AutoTests" name="[39] /home/travis/build/icyphy/ptII/ptolemy/actor/lib/test/auto/BooleanSelect.xml (RunModel)" time="0.025" />
  <testcase classname="ptolemy.util.test.junit.AutoTests" name="[40] /home/travis/build/icyphy/ptII/ptolemy/actor/lib/test/auto/BooleanSelect2.xml (RunModel)" time="0.017" />
  <testcase classname="ptolemy.util.test.junit.AutoTests" name="[41] /home/travis/build/icyphy/ptII/ptolemy/actor/lib/test/auto/BooleanSwitch.xml (RunModel)" time="0.027" />
  <testcase classname="ptolemy.util.test.junit.AutoTests" name="[42] /home/travis/build/icyphy/ptII/ptolemy/actor/lib/test/auto/BooleanSwitch2.xml (RunModel)" time="0.014" />
  <testcase classname="ptolemy.util.test.junit.AutoTests" name="[43] /home/travis/build/icyphy/ptII/ptolemy/actor/lib/test/auto/BooleanSwitchCloningBugWithClassRelationGroup.xml (RunModel)" time="0.026" />
  <testcase classname="ptolemy.util.test.junit.AutoTests" name="[44] /home/travis/build/icyphy/ptII/ptolemy/actor/lib/test/auto/BusActors.xml (RunModel)" time="0.036" />
  <testcase classname="ptolemy.util.test.junit.AutoTests" name="[45] /home/travis/build/icyphy/ptII/ptolemy/actor/lib/test/auto/ClassWrapper.xml (RunModel)" time="0.011" />
  <testcase classname="ptolemy.util.test.junit.AutoTests" name="[46] /home/travis/build/icyphy/ptII/ptolemy/actor/lib/test/auto/Clock.xml (RunModel)" time="0.008" />
  <testcase classname="ptolemy.util.test.junit.AutoTests" name="[47] /home/travis/build/icyphy/ptII/ptolemy/actor/lib/test/auto/Clock10.xml (RunModel)" time="0.019" />
  <testcase classname="ptolemy.util.test.junit.AutoTests" name="[48] /home/travis/build/icyphy/ptII/ptolemy/actor/lib/test/auto/Clock11.xml (RunModel)" time="0.024" />
  <testcase classname="ptolemy.util.test.junit.AutoTests" name="[49] /home/travis/build/icyphy/ptII/ptolemy/actor/lib/test/auto/Clock12.xml (RunModel)" time="0.02" />
  <testcase classname="ptolemy.util.test.junit.AutoTests" name="[50] /home/travis/build/icyphy/ptII/ptolemy/actor/lib/test/auto/Clock13.xml (RunModel)" time="0.017" />
  <testcase classname="ptolemy.util.test.junit.AutoTests" name="[51] /home/travis/build/icyphy/ptII/ptolemy/actor/lib/test/auto/Clock14.xml (RunModel)" time="0.023" />
  <testcase classname="ptolemy.util.test.junit.AutoTests" name="[52] /home/travis/build/icyphy/ptII/ptolemy/actor/lib/test/auto/Clock15.xml (RunModel)" time="0.014" />
  <testcase classname="ptolemy.util.test.junit.AutoTests" name="[53] /home/travis/build/icyphy/ptII/ptolemy/actor/lib/test/auto/Clock16.xml (RunModel)" time="0.093" />
  <testcase classname="ptolemy.util.test.junit.AutoTests" name="[54] /home/travis/build/icyphy/ptII/ptolemy/actor/lib/test/auto/Clock17.xml (RunModel)" time="0.073" />
  <testcase classname="ptolemy.util.test.junit.AutoTests" name="[55] /home/travis/build/icyphy/ptII/ptolemy/actor/lib/test/auto/Clock18.xml (RunModel)" time="0.047" />
  <testcase classname="ptolemy.util.test.junit.AutoTests" name="[56] /home/travis/build/icyphy/ptII/ptolemy/actor/lib/test/auto/Clock19.xml (RunModel)" time="0.042" />
  <testcase classname="ptolemy.util.test.junit.AutoTests" name="[57] /home/travis/build/icyphy/ptII/ptolemy/actor/lib/test/auto/Clock2.xml (RunModel)" time="0.016" />
  <testcase classname="ptolemy.util.test.junit.AutoTests" name="[58] /home/travis/build/icyphy/ptII/ptolemy/actor/lib/test/auto/Clock20.xml (RunModel)" time="0.026" />
  <testcase classname="ptolemy.util.test.junit.AutoTests" name="[59] /home/travis/build/icyphy/ptII/ptolemy/actor/lib/test/auto/Clock21.xml (RunModel)" time="0.024" />
  <testcase classname="ptolemy.util.test.junit.AutoTests" name="[60] /home/travis/build/icyphy/ptII/ptolemy/actor/lib/test/auto/Clock22.xml (RunModel)" time="0.018" />
  <testcase classname="ptolemy.util.test.junit.AutoTests" name="[61] /home/travis/build/icyphy/ptII/ptolemy/actor/lib/test/auto/Clock23.xml (RunModel)" time="0.023" />
  <testcase classname="ptolemy.util.test.junit.AutoTests" name="[62] /home/travis/build/icyphy/ptII/ptolemy/actor/lib/test/auto/Clock24.xml (RunModel)" time="0.016" />
  <testcase classname="ptolemy.util.test.junit.AutoTests" name="[63] /home/travis/build/icyphy/ptII/ptolemy/actor/lib/test/auto/Clock4.xml (RunModel)" time="0.014" />
  <testcase classname="ptolemy.util.test.junit.AutoTests" name="[64] /home/travis/build/icyphy/ptII/ptolemy/actor/lib/test/auto/Clock5.xml (RunModel)" time="0.013" />
  <testcase classname="ptolemy.util.test.junit.AutoTests" name="[65] /home/travis/build/icyphy/ptII/ptolemy/actor/lib/test/auto/Clock6.xml (RunModel)" time="0.011" />
  <testcase classname="ptolemy.util.test.junit.AutoTests" name="[66] /home/travis/build/icyphy/ptII/ptolemy/actor/lib/test/auto/Clock7.xml (RunModel)" time="0.012" />
  <testcase classname="ptolemy.util.test.junit.AutoTests" name="[67] /home/travis/build/icyphy/ptII/ptolemy/actor/lib/test/auto/Clock8.xml (RunModel)" time="0.018" />
  <testcase classname="ptolemy.util.test.junit.AutoTests" name="[68] /home/travis/build/icyphy/ptII/ptolemy/actor/lib/test/auto/Clock9.xml (RunModel)" time="0.021" />
  <testcase classname="ptolemy.util.test.junit.AutoTests" name="[69] /home/travis/build/icyphy/ptII/ptolemy/actor/lib/test/auto/CommDistDiscard.xml (RunModel)" time="0.028" />
  <testcase classname="ptolemy.util.test.junit.AutoTests" name="[70] /home/travis/build/icyphy/ptII/ptolemy/actor/lib/test/auto/Commutator.xml (RunModel)" time="0.024" />
  <testcase classname="ptolemy.util.test.junit.AutoTests" name="[71] /home/travis/build/icyphy/ptII/ptolemy/actor/lib/test/auto/Commutator2.xml (RunModel)" time="0.012" />
  <testcase classname="ptolemy.util.test.junit.AutoTests" name="[72] /home/travis/build/icyphy/ptII/ptolemy/actor/lib/test/auto/Commutator3.xml (RunModel)" time="0.016" />
  <testcase classname="ptolemy.util.test.junit.AutoTests" name="[73] /home/travis/build/icyphy/ptII/ptolemy/actor/lib/test/auto/Compare.xml (RunModel)" time="0.024" />
  <testcase classname="ptolemy.util.test.junit.AutoTests" name="[74] /home/travis/build/icyphy/ptII/ptolemy/actor/lib/test/auto/CompareDE.xml (RunModel)" time="0.024" />
  <testcase classname="ptolemy.util.test.junit.AutoTests" name="[75] /home/travis/build/icyphy/ptII/ptolemy/actor/lib/test/auto/ComplexDivide.xml (RunModel)" time="0.01" />
  <testcase classname="ptolemy.util.test.junit.AutoTests" name="[76] /home/travis/build/icyphy/ptII/ptolemy/actor/lib/test/auto/ComputeHistogram.xml (RunModel)" time="0.078" />
  <testcase classname="ptolemy.util.test.junit.AutoTests" name="[77] /home/travis/build/icyphy/ptII/ptolemy/actor/lib/test/auto/ConfigurationSelect.xml (RunModel)" time="0.027" />
  <testcase classname="ptolemy.util.test.junit.AutoTests" name="[78] /home/travis/build/icyphy/ptII/ptolemy/actor/lib/test/auto/ConfigurationSelect2.xml (RunModel)" time="0.018" />
  <testcase classname="ptolemy.util.test.junit.AutoTests" name="[79] /home/travis/build/icyphy/ptII/ptolemy/actor/lib/test/auto/ConfigurationSwitch.xml (RunModel)" time="0.027" />
  <testcase classname="ptolemy.util.test.junit.AutoTests" name="[80] /home/travis/build/icyphy/ptII/ptolemy/actor/lib/test/auto/ConfigurationSwitch2.xml (RunModel)" time="0.023" />
  <testcase classname="ptolemy.util.test.junit.AutoTests" name="[81] /home/travis/build/icyphy/ptII/ptolemy/actor/lib/test/auto/ConfigurationSwitchCloningBugWithClassRelationGroup.xml (RunModel)" time="0.023" />
  <testcase classname="ptolemy.util.test.junit.AutoTests" name="[82] /home/travis/build/icyphy/ptII/ptolemy/actor/lib/test/auto/ConfigurationSwitchSelectSDF.xml (RunModel)" time="0.02" />
  <testcase classname="ptolemy.util.test.junit.AutoTests" name="[83] /home/travis/build/icyphy/ptII/ptolemy/actor/lib/test/auto/ConfigurationSwitchSelectSDF2.xml (RunModel)" time="0.016" />
  <testcase classname="ptolemy.util.test.junit.AutoTests" name="[84] /home/travis/build/icyphy/ptII/ptolemy/actor/lib/test/auto/Const.xml (RunModel)" time="0.013" />
  <testcase classname="ptolemy.util.test.junit.AutoTests" name="[85] /home/travis/build/icyphy/ptII/ptolemy/actor/lib/test/auto/Const2.xml (RunModel)" time="0.015" />
  <testcase classname="ptolemy.util.test.junit.AutoTests" name="[86] /home/travis/build/icyphy/ptII/ptolemy/actor/lib/test/auto/Const3.xml (RunModel)" time="0.009" />
  <testcase classname="ptolemy.util.test.junit.AutoTests" name="[87] /home/travis/build/icyphy/ptII/ptolemy/actor/lib/test/auto/ConstantPublisherPort1.xml (RunModel)" time="0.026" />
  <testcase classname="ptolemy.util.test.junit.AutoTests" name="[88] /home/travis/build/icyphy/ptII/ptolemy/actor/lib/test/auto/ConstantPublisherPort2.xml (RunModel)" time="0.022" />
  <testcase classname="ptolemy.util.test.junit.AutoTests" name="[89] /home/travis/build/icyphy/ptII/ptolemy/actor/lib/test/auto/ConstantPublisherPort3.xml (RunModel)" time="0.025" />
  <testcase classname="ptolemy.util.test.junit.AutoTests" name="[90] /home/travis/build/icyphy/ptII/ptolemy/actor/lib/test/auto/ConstantPublisherPort4.xml (RunModel)" time="0.021" />
  <testcase classname="ptolemy.util.test.junit.AutoTests" name="[91] /home/travis/build/icyphy/ptII/ptolemy/actor/lib/test/auto/ConstantPublisherPort5.xml (RunModel)" time="0.049" />
  <testcase classname="ptolemy.util.test.junit.AutoTests" name="[92] /home/travis/build/icyphy/ptII/ptolemy/actor/lib/test/auto/ConstantPublisherPort6.xml (RunModel)" time="0.034" />
  <testcase classname="ptolemy.util.test.junit.AutoTests" name="[93] /home/travis/build/icyphy/ptII/ptolemy/actor/lib/test/auto/ConstantPublisherPort7.xml (RunModel)" time="0.032" />
  <testcase classname="ptolemy.util.test.junit.AutoTests" name="[94] /home/travis/build/icyphy/ptII/ptolemy/actor/lib/test/auto/ConstraintMonitor1.xml (RunModel)" time="0.045" />
  <testcase classname="ptolemy.util.test.junit.AutoTests" name="[95] /home/travis/build/icyphy/ptII/ptolemy/actor/lib/test/auto/ConstraintMonitor2.xml (RunModel)" time="0.015" />
  <testcase classname="ptolemy.util.test.junit.AutoTests" name="[96] /home/travis/build/icyphy/ptII/ptolemy/actor/lib/test/auto/ConstraintMonitor3.xml (RunModel)" time="0.021" />
  <testcase classname="ptolemy.util.test.junit.AutoTests" name="[97] /home/travis/build/icyphy/ptII/ptolemy/actor/lib/test/auto/ConstraintMonitor4.xml (RunModel)" time="0.014" />
  <testcase classname="ptolemy.util.test.junit.AutoTests" name="[98] /home/travis/build/icyphy/ptII/ptolemy/actor/lib/test/auto/ConstraintMonitor5.xml (RunModel)" time="0.013" />
  <testcase classname="ptolemy.util.test.junit.AutoTests" name="[99] /home/travis/build/icyphy/ptII/ptolemy/actor/lib/test/auto/ConstraintMonitor6.xml (RunModel)" time="0.019" />
  <testcase classname="ptolemy.util.test.junit.AutoTests" name="[100] /home/travis/build/icyphy/ptII/ptolemy/actor/lib/test/auto/ConstraintMonitor7.xml (RunModel)" time="0.023" />
  <testcase classname="ptolemy.util.test.junit.AutoTests" name="[101] /home/travis/build/icyphy/ptII/ptolemy/actor/lib/test/auto/ConstraintMonitor8.xml (RunModel)" time="0.023" />
  <testcase classname="ptolemy.util.test.junit.AutoTests" name="[102] /home/travis/build/icyphy/ptII/ptolemy/actor/lib/test/auto/Counter.xml (RunModel)" time="0.018" />
  <testcase classname="ptolemy.util.test.junit.AutoTests" name="[103] /home/travis/build/icyphy/ptII/ptolemy/actor/lib/test/auto/CurrentTimeSDF.xml (RunModel)" time="0.011" />
  <testcase classname="ptolemy.util.test.junit.AutoTests" name="[104] /home/travis/build/icyphy/ptII/ptolemy/actor/lib/test/auto/DB.xml (RunModel)" time="0.015" />
  <testcase classname="ptolemy.util.test.junit.AutoTests" name="[105] /home/travis/build/icyphy/ptII/ptolemy/actor/lib/test/auto/DBDE.xml (RunModel)" time="0.034" />
  <testcase classname="ptolemy.util.test.junit.AutoTests" name="[106] /home/travis/build/icyphy/ptII/ptolemy/actor/lib/test/auto/DateConstructor.xml (RunModel)" time="0.083" />
  <testcase classname="ptolemy.util.test.junit.AutoTests" name="[107] /home/travis/build/icyphy/ptII/ptolemy/actor/lib/test/auto/DelayTime.xml (RunModel)" time="0.038" />
  <testcase classname="ptolemy.util.test.junit.AutoTests" name="[108] /home/travis/build/icyphy/ptII/ptolemy/actor/lib/test/auto/Dictionary1.xml (RunModel)" time="0.023" />
  <testcase classname="ptolemy.util.test.junit.AutoTests" name="[109] /home/travis/build/icyphy/ptII/ptolemy/actor/lib/test/auto/Dictionary2.xml (RunModel)" time="0.016" />
  <testcase classname="ptolemy.util.test.junit.AutoTests" name="[110] /home/travis/build/icyphy/ptII/ptolemy/actor/lib/test/auto/Dictionary3.xml (RunModel)" time="0.013" />
  <testcase classname="ptolemy.util.test.junit.AutoTests" name="[111] /home/travis/build/icyphy/ptII/ptolemy/actor/lib/test/auto/Dictionary4.xml (RunModel)" time="0.017" />
  <testcase classname="ptolemy.util.test.junit.AutoTests" name="[112] /home/travis/build/icyphy/ptII/ptolemy/actor/lib/test/auto/Differential.xml (RunModel)" time="0.012" />
  <testcase classname="ptolemy.util.test.junit.AutoTests" name="[113] /home/travis/build/icyphy/ptII/ptolemy/actor/lib/test/auto/Director.xml (RunModel)" time="0.018" />
  <testcase classname="ptolemy.util.test.junit.AutoTests" name="[114] /home/travis/build/icyphy/ptII/ptolemy/actor/lib/test/auto/DiscreteClock.xml (RunModel)" time="0.01" />
  <testcase classname="ptolemy.util.test.junit.AutoTests" name="[115] /home/travis/build/icyphy/ptII/ptolemy/actor/lib/test/auto/DiscreteClock10.xml (RunModel)" time="0.013" />
  <testcase classname="ptolemy.util.test.junit.AutoTests" name="[116] /home/travis/build/icyphy/ptII/ptolemy/actor/lib/test/auto/DiscreteClock11.xml (RunModel)" time="0.012" />
  <testcase classname="ptolemy.util.test.junit.AutoTests" name="[117] /home/travis/build/icyphy/ptII/ptolemy/actor/lib/test/auto/DiscreteClock12.xml (RunModel)" time="0.015" />
  <testcase classname="ptolemy.util.test.junit.AutoTests" name="[118] /home/travis/build/icyphy/ptII/ptolemy/actor/lib/test/auto/DiscreteClock13.xml (RunModel)" time="0.013" />
  <testcase classname="ptolemy.util.test.junit.AutoTests" name="[119] /home/travis/build/icyphy/ptII/ptolemy/actor/lib/test/auto/DiscreteClock14.xml (RunModel)" time="0.013" />
  <testcase classname="ptolemy.util.test.junit.AutoTests" name="[120] /home/travis/build/icyphy/ptII/ptolemy/actor/lib/test/auto/DiscreteClock15.xml (RunModel)" time="0.013" />
  <testcase classname="ptolemy.util.test.junit.AutoTests" name="[121] /home/travis/build/icyphy/ptII/ptolemy/actor/lib/test/auto/DiscreteClock16.xml (RunModel)" time="0.048" />
  <testcase classname="ptolemy.util.test.junit.AutoTests" name="[122] /home/travis/build/icyphy/ptII/ptolemy/actor/lib/test/auto/DiscreteClock17.xml (RunModel)" time="0.043" />
  <testcase classname="ptolemy.util.test.junit.AutoTests" name="[123] /home/travis/build/icyphy/ptII/ptolemy/actor/lib/test/auto/DiscreteClock18.xml (RunModel)" time="0.045" />
  <testcase classname="ptolemy.util.test.junit.AutoTests" name="[124] /home/travis/build/icyphy/ptII/ptolemy/actor/lib/test/auto/DiscreteClock19.xml (RunModel)" time="0.056" />
  <testcase classname="ptolemy.util.test.junit.AutoTests" name="[125] /home/travis/build/icyphy/ptII/ptolemy/actor/lib/test/auto/DiscreteClock2.xml (RunModel)" time="0.01" />
  <testcase classname="ptolemy.util.test.junit.AutoTests" name="[126] /home/travis/build/icyphy/ptII/ptolemy/actor/lib/test/auto/DiscreteClock20.xml (RunModel)" time="0.018" />
  <testcase classname="ptolemy.util.test.junit.AutoTests" name="[127] /home/travis/build/icyphy/ptII/ptolemy/actor/lib/test/auto/DiscreteClock21.xml (RunModel)" time="0.019" />
  <testcase classname="ptolemy.util.test.junit.AutoTests" name="[128] /home/travis/build/icyphy/ptII/ptolemy/actor/lib/test/auto/DiscreteClock22.xml (RunModel)" time="0.014" />
  <testcase classname="ptolemy.util.test.junit.AutoTests" name="[129] /home/travis/build/icyphy/ptII/ptolemy/actor/lib/test/auto/DiscreteClock23.xml (RunModel)" time="0.014" />
  <testcase classname="ptolemy.util.test.junit.AutoTests" name="[130] /home/travis/build/icyphy/ptII/ptolemy/actor/lib/test/auto/DiscreteClock24.xml (RunModel)" time="0.014" />
  <testcase classname="ptolemy.util.test.junit.AutoTests" name="[131] /home/travis/build/icyphy/ptII/ptolemy/actor/lib/test/auto/DiscreteClock4.xml (RunModel)" time="0.012" />
  <testcase classname="ptolemy.util.test.junit.AutoTests" name="[132] /home/travis/build/icyphy/ptII/ptolemy/actor/lib/test/auto/DiscreteClock5.xml (RunModel)" time="0.014" />
  <testcase classname="ptolemy.util.test.junit.AutoTests" name="[133] /home/travis/build/icyphy/ptII/ptolemy/actor/lib/test/auto/DiscreteClock6.xml (RunModel)" time="0.012" />
  <testcase classname="ptolemy.util.test.junit.AutoTests" name="[134] /home/travis/build/icyphy/ptII/ptolemy/actor/lib/test/auto/DiscreteClock7.xml (RunModel)" time="0.012" />
  <testcase classname="ptolemy.util.test.junit.AutoTests" name="[135] /home/travis/build/icyphy/ptII/ptolemy/actor/lib/test/auto/DiscreteClock8.xml (RunModel)" time="0.025" />
  <testcase classname="ptolemy.util.test.junit.AutoTests" name="[136] /home/travis/build/icyphy/ptII/ptolemy/actor/lib/test/auto/DiscreteClock9.xml (RunModel)" time="0.014" />
  <testcase classname="ptolemy.util.test.junit.AutoTests" name="[137] /home/travis/build/icyphy/ptII/ptolemy/actor/lib/test/auto/DisplayArray.xml (RunModel)" time="0.01" />
  <testcase classname="ptolemy.util.test.junit.AutoTests" name="[138] /home/travis/build/icyphy/ptII/ptolemy/actor/lib/test/auto/Distributor.xml (RunModel)" time="0.011" />
  <testcase classname="ptolemy.util.test.junit.AutoTests" name="[139] /home/travis/build/icyphy/ptII/ptolemy/actor/lib/test/auto/Distributor2.xml (RunModel)" time="0.013" />
  <testcase classname="ptolemy.util.test.junit.AutoTests" name="[140] /home/travis/build/icyphy/ptII/ptolemy/actor/lib/test/auto/DownSample.xml (RunModel)" time="0.01" />
  <testcase classname="ptolemy.util.test.junit.AutoTests" name="[141] /home/travis/build/icyphy/ptII/ptolemy/actor/lib/test/auto/ElectronicUnitBase1.xml (RunModel)" time="0.068" />
  <testcase classname="ptolemy.util.test.junit.AutoTests" name="[142] /home/travis/build/icyphy/ptII/ptolemy/actor/lib/test/auto/ElementsToArray.xml (RunModel)" time="0.011" />
  <testcase classname="ptolemy.util.test.junit.AutoTests" name="[143] /home/travis/build/icyphy/ptII/ptolemy/actor/lib/test/auto/Equals.xml (RunModel)" time="0.013" />
  <testcase classname="ptolemy.util.test.junit.AutoTests" name="[144] /home/travis/build/icyphy/ptII/ptolemy/actor/lib/test/auto/Exec.xml (RunModel)" time="0.028" />
  <testcase classname="ptolemy.util.test.junit.AutoTests" name="[145] /home/travis/build/icyphy/ptII/ptolemy/actor/lib/test/auto/ExecEnvironment.xml (RunModel)" time="0.038" />
  <testcase classname="ptolemy.util.test.junit.AutoTests" name="[146] /home/travis/build/icyphy/ptII/ptolemy/actor/lib/test/auto/ExecNonZeroReturnOutput.xml (RunModel)" time="0.195" />
  <testcase classname="ptolemy.util.test.junit.AutoTests" name="[147] /home/travis/build/icyphy/ptII/ptolemy/actor/lib/test/auto/ExecRunDemos.xml (RunModel)" time="11.124" />
  <testcase classname="ptolemy.util.test.junit.AutoTests" name="[148] /home/travis/build/icyphy/ptII/ptolemy/actor/lib/test/auto/ExecStop.xml (RunModel)" time="5.045" />
  <testcase classname="ptolemy.util.test.junit.AutoTests" name="[149] /home/travis/build/icyphy/ptII/ptolemy/actor/lib/test/auto/ExecutionTimeSDF.xml (RunModel)" time="6.038" />
  <testcase classname="ptolemy.util.test.junit.AutoTests" name="[150] /home/travis/build/icyphy/ptII/ptolemy/actor/lib/test/auto/Expression1.xml (RunModel)" time="0.008" />
  <testcase classname="ptolemy.util.test.junit.AutoTests" name="[151] /home/travis/build/icyphy/ptII/ptolemy/actor/lib/test/auto/Expression10.xml (RunModel)" time="0.026" />
  <testcase classname="ptolemy.util.test.junit.AutoTests" name="[152] /home/travis/build/icyphy/ptII/ptolemy/actor/lib/test/auto/Expression11.xml (RunModel)" time="0.011" />
  <testcase classname="ptolemy.util.test.junit.AutoTests" name="[153] /home/travis/build/icyphy/ptII/ptolemy/actor/lib/test/auto/Expression12.xml (RunModel)" time="0.012" />
  <testcase classname="ptolemy.util.test.junit.AutoTests" name="[154] /home/travis/build/icyphy/ptII/ptolemy/actor/lib/test/auto/Expression13.xml (RunModel)" time="0.012" />
  <testcase classname="ptolemy.util.test.junit.AutoTests" name="[155] /home/travis/build/icyphy/ptII/ptolemy/actor/lib/test/auto/Expression14.xml (RunModel)" time="0.015" />
  <testcase classname="ptolemy.util.test.junit.AutoTests" name="[156] /home/travis/build/icyphy/ptII/ptolemy/actor/lib/test/auto/Expression15.xml (RunModel)" time="0.008" />
  <testcase classname="ptolemy.util.test.junit.AutoTests" name="[157] /home/travis/build/icyphy/ptII/ptolemy/actor/lib/test/auto/Expression16.xml (RunModel)" time="0.012" />
  <testcase classname="ptolemy.util.test.junit.AutoTests" name="[158] /home/travis/build/icyphy/ptII/ptolemy/actor/lib/test/auto/Expression17.xml (RunModel)" time="0.012" />
  <testcase classname="ptolemy.util.test.junit.AutoTests" name="[159] /home/travis/build/icyphy/ptII/ptolemy/actor/lib/test/auto/Expression18.xml (RunModel)" time="0.013" />
  <testcase classname="ptolemy.util.test.junit.AutoTests" name="[160] /home/travis/build/icyphy/ptII/ptolemy/actor/lib/test/auto/Expression2.xml (RunModel)" time="0.011" />
  <testcase classname="ptolemy.util.test.junit.AutoTests" name="[161] /home/travis/build/icyphy/ptII/ptolemy/actor/lib/test/auto/Expression3.xml (RunModel)" time="0.013" />
  <testcase classname="ptolemy.util.test.junit.AutoTests" name="[162] /home/travis/build/icyphy/ptII/ptolemy/actor/lib/test/auto/Expression4.xml (RunModel)" time="0.018" />
  <testcase classname="ptolemy.util.test.junit.AutoTests" name="[163] /home/travis/build/icyphy/ptII/ptolemy/actor/lib/test/auto/Expression5.xml (RunModel)" time="0.014" />
  <testcase classname="ptolemy.util.test.junit.AutoTests" name="[164] /home/travis/build/icyphy/ptII/ptolemy/actor/lib/test/auto/Expression6.xml (RunModel)" time="0.009" />
  <testcase classname="ptolemy.util.test.junit.AutoTests" name="[165] /home/travis/build/icyphy/ptII/ptolemy/actor/lib/test/auto/Expression7.xml (RunModel)" time="0.012" />
  <testcase classname="ptolemy.util.test.junit.AutoTests" name="[166] /home/travis/build/icyphy/ptII/ptolemy/actor/lib/test/auto/Expression8.xml (RunModel)" time="0.014" />
  <testcase classname="ptolemy.util.test.junit.AutoTests" name="[167] /home/travis/build/icyphy/ptII/ptolemy/actor/lib/test/auto/Expression9.xml (RunModel)" time="0.008" />
  <testcase classname="ptolemy.util.test.junit.AutoTests" name="[168] /home/travis/build/icyphy/ptII/ptolemy/actor/lib/test/auto/ExpressionConcatenateArrayType.xml (RunModel)" time="0.038" />
  <testcase classname="ptolemy.util.test.junit.AutoTests" name="[169] /home/travis/build/icyphy/ptII/ptolemy/actor/lib/test/auto/ExpressionConcatenateArrayType2.xml (RunModel)" time="0.023" />
  <testcase classname="ptolemy.util.test.junit.AutoTests" name="[170] /home/travis/build/icyphy/ptII/ptolemy/actor/lib/test/auto/ExpressionFix.xml (RunModel)" time="0.041" />
  <testcase classname="ptolemy.util.test.junit.AutoTests" name="[171] /home/travis/build/icyphy/ptII/ptolemy/actor/lib/test/auto/ExpressionFix2.xml (RunModel)" time="0.011" />
  <testcase classname="ptolemy.util.test.junit.AutoTests" name="[172] /home/travis/build/icyphy/ptII/ptolemy/actor/lib/test/auto/ExpressionFix3.xml (RunModel)" time="0.01" />
  <testcase classname="ptolemy.util.test.junit.AutoTests" name="[173] /home/travis/build/icyphy/ptII/ptolemy/actor/lib/test/auto/FileWriter1.xml (RunModel)" time="0.01" />
  <testcase classname="ptolemy.util.test.junit.AutoTests" name="[174] /home/travis/build/icyphy/ptII/ptolemy/actor/lib/test/auto/FileWriter2.xml (RunModel)" time="0.016" />
  <testcase classname="ptolemy.util.test.junit.AutoTests" name="[175] /home/travis/build/icyphy/ptII/ptolemy/actor/lib/test/auto/FileWriter3.xml (RunModel)" time="0.013" />
  <testcase classname="ptolemy.util.test.junit.AutoTests" name="[176] /home/travis/build/icyphy/ptII/ptolemy/actor/lib/test/auto/Gaussian.xml (RunModel)" time="0.014" />
  <testcase classname="ptolemy.util.test.junit.AutoTests" name="[177] /home/travis/build/icyphy/ptII/ptolemy/actor/lib/test/auto/Gaussian1.xml (RunModel)" time="0.014" />
  <testcase classname="ptolemy.util.test.junit.AutoTests" name="[178] /home/travis/build/icyphy/ptII/ptolemy/actor/lib/test/auto/Gaussian2.xml (RunModel)" time="0.031" />
  <testcase classname="ptolemy.util.test.junit.AutoTests" name="[179] /home/travis/build/icyphy/ptII/ptolemy/actor/lib/test/auto/GradientAdaptiveLattice.xml (RunModel)" time="0.016" />
  <testcase classname="ptolemy.util.test.junit.AutoTests" name="[180] /home/travis/build/icyphy/ptII/ptolemy/actor/lib/test/auto/IIR.xml (RunModel)" time="0.01" />
  <testcase classname="ptolemy.util.test.junit.AutoTests" name="[181] /home/travis/build/icyphy/ptII/ptolemy/actor/lib/test/auto/InputOutputTransparentPorts.xml (RunModel)" time="0.018" />
  <testcase classname="ptolemy.util.test.junit.AutoTests" name="[182] /home/travis/build/icyphy/ptII/ptolemy/actor/lib/test/auto/Interpolator.xml (RunModel)" time="0.011" />
  <testcase classname="ptolemy.util.test.junit.AutoTests" name="[183] /home/travis/build/icyphy/ptII/ptolemy/actor/lib/test/auto/InterpolatorFiringLimitDE.xml (RunModel)" time="0.012" />
  <testcase classname="ptolemy.util.test.junit.AutoTests" name="[184] /home/travis/build/icyphy/ptII/ptolemy/actor/lib/test/auto/Lattice.xml (RunModel)" time="0.009" />
  <testcase classname="ptolemy.util.test.junit.AutoTests" name="[185] /home/travis/build/icyphy/ptII/ptolemy/actor/lib/test/auto/LazyAOCTestLazy.xml (RunModel)" time="0.027" />
  <testcase classname="ptolemy.util.test.junit.AutoTests" name="[186] /home/travis/build/icyphy/ptII/ptolemy/actor/lib/test/auto/LazyAOCTestNonLazy.xml (RunModel)" time="0.014" />
  <testcase classname="ptolemy.util.test.junit.AutoTests" name="[187] /home/travis/build/icyphy/ptII/ptolemy/actor/lib/test/auto/LazyInnerClass.xml (RunModel)" time="0.04" />
  <testcase classname="ptolemy.util.test.junit.AutoTests" name="[188] /home/travis/build/icyphy/ptII/ptolemy/actor/lib/test/auto/LazyPubSub.xml (RunModel)" time="0.059" />
  <testcase classname="ptolemy.util.test.junit.AutoTests" name="[189] /home/travis/build/icyphy/ptII/ptolemy/actor/lib/test/auto/LazyPubSub2.xml (RunModel)" time="0.06" />
  <testcase classname="ptolemy.util.test.junit.AutoTests" name="[190] /home/travis/build/icyphy/ptII/ptolemy/actor/lib/test/auto/LazyPubSub3.xml (RunModel)" time="0.027" />
  <testcase classname="ptolemy.util.test.junit.AutoTests" name="[191] /home/travis/build/icyphy/ptII/ptolemy/actor/lib/test/auto/LazySubClassModel.xml (RunModel)" time="0.024" />
  <testcase classname="ptolemy.util.test.junit.AutoTests" name="[192] /home/travis/build/icyphy/ptII/ptolemy/actor/lib/test/auto/LevelCrossTest1.xml (RunModel)" time="0.01" />
  <testcase classname="ptolemy.util.test.junit.AutoTests" name="[193] /home/travis/build/icyphy/ptII/ptolemy/actor/lib/test/auto/LevelCrossTest10.xml (RunModel)" time="0.015" />
  <testcase classname="ptolemy.util.test.junit.AutoTests" name="[194] /home/travis/build/icyphy/ptII/ptolemy/actor/lib/test/auto/LevelCrossTest11.xml (RunModel)" time="0.012" />
  <testcase classname="ptolemy.util.test.junit.AutoTests" name="[195] /home/travis/build/icyphy/ptII/ptolemy/actor/lib/test/auto/LevelCrossTest12.xml (RunModel)" time="0.017" />
  <testcase classname="ptolemy.util.test.junit.AutoTests" name="[196] /home/travis/build/icyphy/ptII/ptolemy/actor/lib/test/auto/LevelCrossTest13.xml (RunModel)" time="0.018" />
  <testcase classname="ptolemy.util.test.junit.AutoTests" name="[197] /home/travis/build/icyphy/ptII/ptolemy/actor/lib/test/auto/LevelCrossTest2.xml (RunModel)" time="0.012" />
  <testcase classname="ptolemy.util.test.junit.AutoTests" name="[198] /home/travis/build/icyphy/ptII/ptolemy/actor/lib/test/auto/LevelCrossTest3.xml (RunModel)" time="0.011" />
  <testcase classname="ptolemy.util.test.junit.AutoTests" name="[199] /home/travis/build/icyphy/ptII/ptolemy/actor/lib/test/auto/LevelCrossTest4.xml (RunModel)" time="0.01" />
  <testcase classname="ptolemy.util.test.junit.AutoTests" name="[200] /home/travis/build/icyphy/ptII/ptolemy/actor/lib/test/auto/LevelCrossTest5.xml (RunModel)" time="0.014" />
  <testcase classname="ptolemy.util.test.junit.AutoTests" name="[201] /home/travis/build/icyphy/ptII/ptolemy/actor/lib/test/auto/LevelCrossTest6.xml (RunModel)" time="0.013" />
  <testcase classname="ptolemy.util.test.junit.AutoTests" name="[202] /home/travis/build/icyphy/ptII/ptolemy/actor/lib/test/auto/LevelCrossTest7.xml (RunModel)" time="0.02" />
  <testcase classname="ptolemy.util.test.junit.AutoTests" name="[203] /home/travis/build/icyphy/ptII/ptolemy/actor/lib/test/auto/LevelCrossTest8.xml (RunModel)" time="0.012" />
  <testcase classname="ptolemy.util.test.junit.AutoTests" name="[204] /home/travis/build/icyphy/ptII/ptolemy/actor/lib/test/auto/LevelCrossTest9.xml (RunModel)" time="0.025" />
  <testcase classname="ptolemy.util.test.junit.AutoTests" name="[205] /home/travis/build/icyphy/ptII/ptolemy/actor/lib/test/auto/LevinsonDurbin.xml (RunModel)" time="0.013" />
  <testcase classname="ptolemy.util.test.junit.AutoTests" name="[206] /home/travis/build/icyphy/ptII/ptolemy/actor/lib/test/auto/LevinsonDurbin2.xml (RunModel)" time="0.009" />
  <testcase classname="ptolemy.util.test.junit.AutoTests" name="[207] /home/travis/build/icyphy/ptII/ptolemy/actor/lib/test/auto/LevinsonDurbin3.xml (RunModel)" time="0.009" />
  <testcase classname="ptolemy.util.test.junit.AutoTests" name="[208] /home/travis/build/icyphy/ptII/ptolemy/actor/lib/test/auto/Limiter.xml (RunModel)" time="0.037" />
  <testcase classname="ptolemy.util.test.junit.AutoTests" name="[209] /home/travis/build/icyphy/ptII/ptolemy/actor/lib/test/auto/LinearDifferenceEquationSystem.xml (RunModel)" time="0.021" />
  <testcase classname="ptolemy.util.test.junit.AutoTests" name="[210] /home/travis/build/icyphy/ptII/ptolemy/actor/lib/test/auto/LookupTable.xml (RunModel)" time="0.011" />
  <testcase classname="ptolemy.util.test.junit.AutoTests" name="[211] /home/travis/build/icyphy/ptII/ptolemy/actor/lib/test/auto/MathFunction.xml (RunModel)" time="0.019" />
  <testcase classname="ptolemy.util.test.junit.AutoTests" name="[212] /home/travis/build/icyphy/ptII/ptolemy/actor/lib/test/auto/MathFunction2.xml (RunModel)" time="0.017" />
  <testcase classname="ptolemy.util.test.junit.AutoTests" name="[213] /home/travis/build/icyphy/ptII/ptolemy/actor/lib/test/auto/MathFunction3.xml (RunModel)" time="0.017" />
  <testcase classname="ptolemy.util.test.junit.AutoTests" name="[214] /home/travis/build/icyphy/ptII/ptolemy/actor/lib/test/auto/MatrixCropBoolean.xml (RunModel)" time="0.013" />
  <testcase classname="ptolemy.util.test.junit.AutoTests" name="[215] /home/travis/build/icyphy/ptII/ptolemy/actor/lib/test/auto/MatrixCropComplex.xml (RunModel)" time="0.015" />
  <testcase classname="ptolemy.util.test.junit.AutoTests" name="[216] /home/travis/build/icyphy/ptII/ptolemy/actor/lib/test/auto/MatrixCropDouble.xml (RunModel)" time="0.01" />
  <testcase classname="ptolemy.util.test.junit.AutoTests" name="[217] /home/travis/build/icyphy/ptII/ptolemy/actor/lib/test/auto/MatrixCropFix.xml (RunModel)" time="0.014" />
  <testcase classname="ptolemy.util.test.junit.AutoTests" name="[218] /home/travis/build/icyphy/ptII/ptolemy/actor/lib/test/auto/MatrixCropInt.xml (RunModel)" time="0.011" />
  <testcase classname="ptolemy.util.test.junit.AutoTests" name="[219] /home/travis/build/icyphy/ptII/ptolemy/actor/lib/test/auto/MatrixCropLong.xml (RunModel)" time="0.01" />
  <testcase classname="ptolemy.util.test.junit.AutoTests" name="[220] /home/travis/build/icyphy/ptII/ptolemy/actor/lib/test/auto/MatrixToArray.xml (RunModel)" time="0.053" />
  <testcase classname="ptolemy.util.test.junit.AutoTests" name="[221] /home/travis/build/icyphy/ptII/ptolemy/actor/lib/test/auto/MaxIndex.xml (RunModel)" time="0.013" />
  <testcase classname="ptolemy.util.test.junit.AutoTests" name="[222] /home/travis/build/icyphy/ptII/ptolemy/actor/lib/test/auto/Maximum.xml (RunModel)" time="0.012" />
  <testcase classname="ptolemy.util.test.junit.AutoTests" name="[223] /home/travis/build/icyphy/ptII/ptolemy/actor/lib/test/auto/MaximumComplex.xml (RunModel)" time="0.018" />
  <testcase classname="ptolemy.util.test.junit.AutoTests" name="[224] /home/travis/build/icyphy/ptII/ptolemy/actor/lib/test/auto/MethodCallTest.xml (RunModel)" time="0.022" />
  <testcase classname="ptolemy.util.test.junit.AutoTests" name="[225] /home/travis/build/icyphy/ptII/ptolemy/actor/lib/test/auto/Minimum.xml (RunModel)" time="0.015" />
  <testcase classname="ptolemy.util.test.junit.AutoTests" name="[226] /home/travis/build/icyphy/ptII/ptolemy/actor/lib/test/auto/MinimumComplex.xml (RunModel)" time="0.025" />
  <testcase classname="ptolemy.util.test.junit.AutoTests" name="[227] /home/travis/build/icyphy/ptII/ptolemy/actor/lib/test/auto/MinimumMultiports.xml (RunModel)" time="0.017" />
  <testcase classname="ptolemy.util.test.junit.AutoTests" name="[228] /home/travis/build/icyphy/ptII/ptolemy/actor/lib/test/auto/ModifyDate.xml (RunModel)" time="0.052" />
  <testcase classname="ptolemy.util.test.junit.AutoTests" name="[229] /home/travis/build/icyphy/ptII/ptolemy/actor/lib/test/auto/ModifyDate2.xml (RunModel)" time="0.029" />
  <testcase classname="ptolemy.util.test.junit.AutoTests" name="[230] /home/travis/build/icyphy/ptII/ptolemy/actor/lib/test/auto/MovingAverage.xml (RunModel)" time="0.012" />
  <testcase classname="ptolemy.util.test.junit.AutoTests" name="[231] /home/travis/build/icyphy/ptII/ptolemy/actor/lib/test/auto/MovingMaximum.xml (RunModel)" time="0.012" />
  <testcase classname="ptolemy.util.test.junit.AutoTests" name="[232] /home/travis/build/icyphy/ptII/ptolemy/actor/lib/test/auto/MultipleLinksToSameRelation.xml (RunModel)" time="0.018" />
  <testcase classname="ptolemy.util.test.junit.AutoTests" name="[233] /home/travis/build/icyphy/ptII/ptolemy/actor/lib/test/auto/MultipleLinksToSameRelationDE.xml (RunModel)" time="0.013" />
  <testcase classname="ptolemy.util.test.junit.AutoTests" name="[234] /home/travis/build/icyphy/ptII/ptolemy/actor/lib/test/auto/Multiplexor.xml (RunModel)" time="0.013" />
  <testcase classname="ptolemy.util.test.junit.AutoTests" name="[235] /home/travis/build/icyphy/ptII/ptolemy/actor/lib/test/auto/Multiplexor1.xml (RunModel)" time="0.014" />
  <testcase classname="ptolemy.util.test.junit.AutoTests" name="[236] /home/travis/build/icyphy/ptII/ptolemy/actor/lib/test/auto/Multiplexor2.xml (RunModel)" time="0.022" />
  <testcase classname="ptolemy.util.test.junit.AutoTests" name="[237] /home/travis/build/icyphy/ptII/ptolemy/actor/lib/test/auto/Multiplexor3.xml (RunModel)" time="0.01" />
  <testcase classname="ptolemy.util.test.junit.AutoTests" name="[238] /home/travis/build/icyphy/ptII/ptolemy/actor/lib/test/auto/MultiplexorDE.xml (RunModel)" time="0.017" />
  <testcase classname="ptolemy.util.test.junit.AutoTests" name="[239] /home/travis/build/icyphy/ptII/ptolemy/actor/lib/test/auto/MultiportBroadcastTest.xml (RunModel)" time="0.117" />
  <testcase classname="ptolemy.util.test.junit.AutoTests" name="[240] /home/travis/build/icyphy/ptII/ptolemy/actor/lib/test/auto/MultiportOutHangDuringGetWidth.xml (RunModel)" time="0.035" />
  <testcase classname="ptolemy.util.test.junit.AutoTests" name="[241] /home/travis/build/icyphy/ptII/ptolemy/actor/lib/test/auto/NilToken.xml (RunModel)" time="0.012" />
  <testcase classname="ptolemy.util.test.junit.AutoTests" name="[242] /home/travis/build/icyphy/ptII/ptolemy/actor/lib/test/auto/NilTokenNonStrictTest.xml (RunModel)" time="0.011" />
  <testcase classname="ptolemy.util.test.junit.AutoTests" name="[243] /home/travis/build/icyphy/ptII/ptolemy/actor/lib/test/auto/NilTokenRecord.xml (RunModel)" time="0.029" />
  <testcase classname="ptolemy.util.test.junit.AutoTests" name="[244] /home/travis/build/icyphy/ptII/ptolemy/actor/lib/test/auto/NilTokenTypeTest.xml (RunModel)" time="0.029" />
  <testcase classname="ptolemy.util.test.junit.AutoTests" name="[245] /home/travis/build/icyphy/ptII/ptolemy/actor/lib/test/auto/ObjectToken1.xml (RunModel)" time="0.008" />
  <testcase classname="ptolemy.util.test.junit.AutoTests" name="[246] /home/travis/build/icyphy/ptII/ptolemy/actor/lib/test/auto/OrderedMerge.xml (RunModel)" time="0.02" />
  <testcase classname="ptolemy.util.test.junit.AutoTests" name="[247] /home/travis/build/icyphy/ptII/ptolemy/actor/lib/test/auto/OrderedRecordDisassembler.xml (RunModel)" time="0.018" />
  <testcase classname="ptolemy.util.test.junit.AutoTests" name="[248] /home/travis/build/icyphy/ptII/ptolemy/actor/lib/test/auto/OrderedRecordDisassembler2.xml (RunModel)" time="0.018" />
  <testcase classname="ptolemy.util.test.junit.AutoTests" name="[249] /home/travis/build/icyphy/ptII/ptolemy/actor/lib/test/auto/OrderedRecordUpdater.xml (RunModel)" time="0.011" />
  <testcase classname="ptolemy.util.test.junit.AutoTests" name="[250] /home/travis/build/icyphy/ptII/ptolemy/actor/lib/test/auto/OrderedRecordUpdater2.xml (RunModel)" time="0.018" />
  <testcase classname="ptolemy.util.test.junit.AutoTests" name="[251] /home/travis/build/icyphy/ptII/ptolemy/actor/lib/test/auto/PhaseUnwrap.xml (RunModel)" time="0.014" />
  <testcase classname="ptolemy.util.test.junit.AutoTests" name="[252] /home/travis/build/icyphy/ptII/ptolemy/actor/lib/test/auto/PoissonClock.xml (RunModel)" time="0.016" />
  <testcase classname="ptolemy.util.test.junit.AutoTests" name="[253] /home/travis/build/icyphy/ptII/ptolemy/actor/lib/test/auto/PoissonClock2.xml (RunModel)" time="0.01" />
  <testcase classname="ptolemy.util.test.junit.AutoTests" name="[254] /home/travis/build/icyphy/ptII/ptolemy/actor/lib/test/auto/PoissonClock3.xml (RunModel)" time="0.024" />
  <testcase classname="ptolemy.util.test.junit.AutoTests" name="[255] /home/travis/build/icyphy/ptII/ptolemy/actor/lib/test/auto/PubSubWithInitialTokens.xml (RunModel)" time="0.018" />
  <testcase classname="ptolemy.util.test.junit.AutoTests" name="[256] /home/travis/build/icyphy/ptII/ptolemy/actor/lib/test/auto/PubSubWithInitialTokens2.xml (RunModel)" time="0.015" />
  <testcase classname="ptolemy.util.test.junit.AutoTests" name="[257] /home/travis/build/icyphy/ptII/ptolemy/actor/lib/test/auto/PublisherClassNoParameter.xml (RunModel)" time="0.026" />
  <testcase classname="ptolemy.util.test.junit.AutoTests" name="[258] /home/travis/build/icyphy/ptII/ptolemy/actor/lib/test/auto/PublisherClassParameter.xml (RunModel)" time="0.022" />
  <testcase classname="ptolemy.util.test.junit.AutoTests" name="[259] /home/travis/build/icyphy/ptII/ptolemy/actor/lib/test/auto/PublisherNonStrictTest.xml (RunModel)" time="0.015" />
  <testcase classname="ptolemy.util.test.junit.AutoTests" name="[260] /home/travis/build/icyphy/ptII/ptolemy/actor/lib/test/auto/PublisherPort1.xml (RunModel)" time="0.017" />
  <testcase classname="ptolemy.util.test.junit.AutoTests" name="[261] /home/travis/build/icyphy/ptII/ptolemy/actor/lib/test/auto/PublisherPort2.xml (RunModel)" time="0.01" />
  <testcase classname="ptolemy.util.test.junit.AutoTests" name="[262] /home/travis/build/icyphy/ptII/ptolemy/actor/lib/test/auto/PublisherPort3.xml (RunModel)" time="0.025" />
  <testcase classname="ptolemy.util.test.junit.AutoTests" name="[263] /home/travis/build/icyphy/ptII/ptolemy/actor/lib/test/auto/PublisherPort4.xml (RunModel)" time="0.026" />
  <testcase classname="ptolemy.util.test.junit.AutoTests" name="[264] /home/travis/build/icyphy/ptII/ptolemy/actor/lib/test/auto/PublisherPort5.xml (RunModel)" time="0.015" />
  <testcase classname="ptolemy.util.test.junit.AutoTests" name="[265] /home/travis/build/icyphy/ptII/ptolemy/actor/lib/test/auto/PublisherPort5LookAlike.xml (RunModel)" time="0.018" />
  <testcase classname="ptolemy.util.test.junit.AutoTests" name="[266] /home/travis/build/icyphy/ptII/ptolemy/actor/lib/test/auto/PublisherPort6.xml (RunModel)" time="0.016" />
  <testcase classname="ptolemy.util.test.junit.AutoTests" name="[267] /home/travis/build/icyphy/ptII/ptolemy/actor/lib/test/auto/PublisherPort7.xml (RunModel)" time="0.017" />
  <testcase classname="ptolemy.util.test.junit.AutoTests" name="[268] /home/travis/build/icyphy/ptII/ptolemy/actor/lib/test/auto/PublisherPort8.xml (RunModel)" time="0.017" />
  <testcase classname="ptolemy.util.test.junit.AutoTests" name="[269] /home/travis/build/icyphy/ptII/ptolemy/actor/lib/test/auto/PublisherPortSubscriberChannelVariablesAOC2.xml (RunModel)" time="0.033" />
  <testcase classname="ptolemy.util.test.junit.AutoTests" name="[270] /home/travis/build/icyphy/ptII/ptolemy/actor/lib/test/auto/PublisherPortSubscriberOpaqueWidthInference.xml (RunModel)" time="0.017" />
  <testcase classname="ptolemy.util.test.junit.AutoTests" name="[271] /home/travis/build/icyphy/ptII/ptolemy/actor/lib/test/auto/PublisherPortSubscriberPortAdjacent.xml (RunModel)" time="0.022" />
  <testcase classname="ptolemy.util.test.junit.AutoTests" name="[272] /home/travis/build/icyphy/ptII/ptolemy/actor/lib/test/auto/PublisherPortSubscriberPortExpression.xml (RunModel)" time="0.028" />
  <testcase classname="ptolemy.util.test.junit.AutoTests" name="[273] /home/travis/build/icyphy/ptII/ptolemy/actor/lib/test/auto/PublisherPortSubscriberPortOpaqueD3Reverse.xml (RunModel)" time="0.021" />
  <testcase classname="ptolemy.util.test.junit.AutoTests" name="[274] /home/travis/build/icyphy/ptII/ptolemy/actor/lib/test/auto/PublisherPortSubscriberPortOpaqueWidthInference.xml (RunModel)" time="0.016" />
  <testcase classname="ptolemy.util.test.junit.AutoTests" name="[275] /home/travis/build/icyphy/ptII/ptolemy/actor/lib/test/auto/PublisherPortToplevelSubscriberPortAOC.xml (RunModel)" time="0.013" />
  <testcase classname="ptolemy.util.test.junit.AutoTests" name="[276] /home/travis/build/icyphy/ptII/ptolemy/actor/lib/test/auto/PublisherSubscriber.xml (RunModel)" time="0.014" />
  <testcase classname="ptolemy.util.test.junit.AutoTests" name="[277] /home/travis/build/icyphy/ptII/ptolemy/actor/lib/test/auto/PublisherSubscriber10.xml (RunModel)" time="0.03" />
  <testcase classname="ptolemy.util.test.junit.AutoTests" name="[278] /home/travis/build/icyphy/ptII/ptolemy/actor/lib/test/auto/PublisherSubscriber10InitialOutputs.xml (RunModel)" time="0.034" />
  <testcase classname="ptolemy.util.test.junit.AutoTests" name="[279] /home/travis/build/icyphy/ptII/ptolemy/actor/lib/test/auto/PublisherSubscriber11.xml (RunModel)" time="0.022" />
  <testcase classname="ptolemy.util.test.junit.AutoTests" name="[280] /home/travis/build/icyphy/ptII/ptolemy/actor/lib/test/auto/PublisherSubscriber12.xml (RunModel)" time="0.015" />
  <testcase classname="ptolemy.util.test.junit.AutoTests" name="[281] /home/travis/build/icyphy/ptII/ptolemy/actor/lib/test/auto/PublisherSubscriber13.xml (RunModel)" time="0.01" />
  <testcase classname="ptolemy.util.test.junit.AutoTests" name="[282] /home/travis/build/icyphy/ptII/ptolemy/actor/lib/test/auto/PublisherSubscriber14.xml (RunModel)" time="0.023" />
  <testcase classname="ptolemy.util.test.junit.AutoTests" name="[283] /home/travis/build/icyphy/ptII/ptolemy/actor/lib/test/auto/PublisherSubscriber2.xml (RunModel)" time="0.012" />
  <testcase classname="ptolemy.util.test.junit.AutoTests" name="[284] /home/travis/build/icyphy/ptII/ptolemy/actor/lib/test/auto/PublisherSubscriber3.xml (RunModel)" time="0.01" />
  <testcase classname="ptolemy.util.test.junit.AutoTests" name="[285] /home/travis/build/icyphy/ptII/ptolemy/actor/lib/test/auto/PublisherSubscriber4.xml (RunModel)" time="0.01" />
  <testcase classname="ptolemy.util.test.junit.AutoTests" name="[286] /home/travis/build/icyphy/ptII/ptolemy/actor/lib/test/auto/PublisherSubscriber5.xml (RunModel)" time="0.012" />
  <testcase classname="ptolemy.util.test.junit.AutoTests" name="[287] /home/travis/build/icyphy/ptII/ptolemy/actor/lib/test/auto/PublisherSubscriber6.xml (RunModel)" time="0.015" />
  <testcase classname="ptolemy.util.test.junit.AutoTests" name="[288] /home/travis/build/icyphy/ptII/ptolemy/actor/lib/test/auto/PublisherSubscriber7.xml (RunModel)" time="0.018" />
  <testcase classname="ptolemy.util.test.junit.AutoTests" name="[289] /home/travis/build/icyphy/ptII/ptolemy/actor/lib/test/auto/PublisherSubscriber8.xml (RunModel)" time="0.037" />
  <testcase classname="ptolemy.util.test.junit.AutoTests" name="[290] /home/travis/build/icyphy/ptII/ptolemy/actor/lib/test/auto/PublisherSubscriber9.xml (RunModel)" time="0.02" />
  <testcase classname="ptolemy.util.test.junit.AutoTests" name="[291] /home/travis/build/icyphy/ptII/ptolemy/actor/lib/test/auto/PublisherSubscriberAdjacent.xml (RunModel)" time="0.016" />
  <testcase classname="ptolemy.util.test.junit.AutoTests" name="[292] /home/travis/build/icyphy/ptII/ptolemy/actor/lib/test/auto/PublisherSubscriberChannelVariablesAOC2.xml (RunModel)" time="0.029" />
  <testcase classname="ptolemy.util.test.junit.AutoTests" name="[293] /home/travis/build/icyphy/ptII/ptolemy/actor/lib/test/auto/PublisherSubscriberD3.xml (RunModel)" time="0.013" />
  <testcase classname="ptolemy.util.test.junit.AutoTests" name="[294] /home/travis/build/icyphy/ptII/ptolemy/actor/lib/test/auto/PublisherSubscriberD3Reverse.xml (RunModel)" time="0.015" />
  <testcase classname="ptolemy.util.test.junit.AutoTests" name="[295] /home/travis/build/icyphy/ptII/ptolemy/actor/lib/test/auto/PublisherSubscriberExpression.xml (RunModel)" time="0.02" />
  <testcase classname="ptolemy.util.test.junit.AutoTests" name="[296] /home/travis/build/icyphy/ptII/ptolemy/actor/lib/test/auto/PublisherSubscriberOpaque.xml (RunModel)" time="0.017" />
  <testcase classname="ptolemy.util.test.junit.AutoTests" name="[297] /home/travis/build/icyphy/ptII/ptolemy/actor/lib/test/auto/PublisherSubscriberOpaqueD3.xml (RunModel)" time="0.024" />
  <testcase classname="ptolemy.util.test.junit.AutoTests" name="[298] /home/travis/build/icyphy/ptII/ptolemy/actor/lib/test/auto/PublisherSubscriberOpaqueD3Reverse.xml (RunModel)" time="0.033" />
  <testcase classname="ptolemy.util.test.junit.AutoTests" name="[299] /home/travis/build/icyphy/ptII/ptolemy/actor/lib/test/auto/PublisherSubscriberOpaqueWidthInference.xml (RunModel)" time="0.018" />
  <testcase classname="ptolemy.util.test.junit.AutoTests" name="[300] /home/travis/build/icyphy/ptII/ptolemy/actor/lib/test/auto/PublisherTestSubscriber.xml (RunModel)" time="0.016" />
  <testcase classname="ptolemy.util.test.junit.AutoTests" name="[301] /home/travis/build/icyphy/ptII/ptolemy/actor/lib/test/auto/PublisherToplevelSubscriberPortAOC.xml (RunModel)" time="0.01" />
  <testcase classname="ptolemy.util.test.junit.AutoTests" name="[302] /home/travis/build/icyphy/ptII/ptolemy/actor/lib/test/auto/PulseFiringLimitDE.xml (RunModel)" time="0.015" />
  <testcase classname="ptolemy.util.test.junit.AutoTests" name="[303] /home/travis/build/icyphy/ptII/ptolemy/actor/lib/test/auto/Ramp1.xml (RunModel)" time="0.008" />
  <testcase classname="ptolemy.util.test.junit.AutoTests" name="[304] /home/travis/build/icyphy/ptII/ptolemy/actor/lib/test/auto/RampFiringLimitDE.xml (RunModel)" time="0.011" />
  <testcase classname="ptolemy.util.test.junit.AutoTests" name="[305] /home/travis/build/icyphy/ptII/ptolemy/actor/lib/test/auto/RampFiringLimitSDF.xml (RunModel)" time="0.01" />
  <testcase classname="ptolemy.util.test.junit.AutoTests" name="[306] /home/travis/build/icyphy/ptII/ptolemy/actor/lib/test/auto/RandomInteger.xml (RunModel)" time="0.008" />
  <testcase classname="ptolemy.util.test.junit.AutoTests" name="[307] /home/travis/build/icyphy/ptII/ptolemy/actor/lib/test/auto/ReadFile1.xml (RunModel)" time="0.008" />
  <testcase classname="ptolemy.util.test.junit.AutoTests" name="[308] /home/travis/build/icyphy/ptII/ptolemy/actor/lib/test/auto/ReadFile2.xml (RunModel)" time="0.008" />
  <testcase classname="ptolemy.util.test.junit.AutoTests" name="[309] /home/travis/build/icyphy/ptII/ptolemy/actor/lib/test/auto/Reader.xml (RunModel)" time="0.012" />
  <testcase classname="ptolemy.util.test.junit.AutoTests" name="[310] /home/travis/build/icyphy/ptII/ptolemy/actor/lib/test/auto/RecordAssemblerDisplayNameTest.xml (RunModel)" time="3.507" />
  <testcase classname="ptolemy.util.test.junit.AutoTests" name="[311] /home/travis/build/icyphy/ptII/ptolemy/actor/lib/test/auto/RecordAssemblerTypeError.xml (RunModel)" time="0.03" />
  <testcase classname="ptolemy.util.test.junit.AutoTests" name="[312] /home/travis/build/icyphy/ptII/ptolemy/actor/lib/test/auto/RecordDisassember.xml (RunModel)" time="0.022" />
  <testcase classname="ptolemy.util.test.junit.AutoTests" name="[313] /home/travis/build/icyphy/ptII/ptolemy/actor/lib/test/auto/RecordDisassemberDisplayNameTest.xml (RunModel)" time="0.022" />
  <testcase classname="ptolemy.util.test.junit.AutoTests" name="[314] /home/travis/build/icyphy/ptII/ptolemy/actor/lib/test/auto/RecordDisassembler.xml (RunModel)" time="0.012" />
  <testcase classname="ptolemy.util.test.junit.AutoTests" name="[315] /home/travis/build/icyphy/ptII/ptolemy/actor/lib/test/auto/RecordDisassembler2.xml (RunModel)" time="0.009" />
  <testcase classname="ptolemy.util.test.junit.AutoTests" name="[316] /home/travis/build/icyphy/ptII/ptolemy/actor/lib/test/auto/RecordUpdater.xml (RunModel)" time="0.009" />
  <testcase classname="ptolemy.util.test.junit.AutoTests" name="[317] /home/travis/build/icyphy/ptII/ptolemy/actor/lib/test/auto/RecordUpdater2.xml (RunModel)" time="0.008" />
  <testcase classname="ptolemy.util.test.junit.AutoTests" name="[318] /home/travis/build/icyphy/ptII/ptolemy/actor/lib/test/auto/RecursiveLattice.xml (RunModel)" time="0.009" />
  <testcase classname="ptolemy.util.test.junit.AutoTests" name="[319] /home/travis/build/icyphy/ptII/ptolemy/actor/lib/test/auto/Router.xml (RunModel)" time="3.027" />
  <testcase classname="ptolemy.util.test.junit.AutoTests" name="[320] /home/travis/build/icyphy/ptII/ptolemy/actor/lib/test/auto/Router2.xml (RunModel)" time="3.033" />
  <testcase classname="ptolemy.util.test.junit.AutoTests" name="[321] /home/travis/build/icyphy/ptII/ptolemy/actor/lib/test/auto/RunningMaximum.xml (RunModel)" time="0.023" />
  <testcase classname="ptolemy.util.test.junit.AutoTests" name="[322] /home/travis/build/icyphy/ptII/ptolemy/actor/lib/test/auto/RunningMinimum.xml (RunModel)" time="0.035" />
  <testcase classname="ptolemy.util.test.junit.AutoTests" name="[323] /home/travis/build/icyphy/ptII/ptolemy/actor/lib/test/auto/Scale.xml (RunModel)" time="0.011" />
  <testcase classname="ptolemy.util.test.junit.AutoTests" name="[324] /home/travis/build/icyphy/ptII/ptolemy/actor/lib/test/auto/Scale2.xml (RunModel)" time="0.01" />
  <testcase classname="ptolemy.util.test.junit.AutoTests" name="[325] /home/travis/build/icyphy/ptII/ptolemy/actor/lib/test/auto/Scale3.xml (RunModel)" time="0.021" />
  <testcase classname="ptolemy.util.test.junit.AutoTests" name="[326] /home/travis/build/icyphy/ptII/ptolemy/actor/lib/test/auto/ScaleArray.xml (RunModel)" time="0.012" />
  <testcase classname="ptolemy.util.test.junit.AutoTests" name="[327] /home/travis/build/icyphy/ptII/ptolemy/actor/lib/test/auto/ScaleArray2.xml (RunModel)" time="0.008" />
  <testcase classname="ptolemy.util.test.junit.AutoTests" name="[328] /home/travis/build/icyphy/ptII/ptolemy/actor/lib/test/auto/ScaleMatrix.xml (RunModel)" time="0.132" />
  <testcase classname="ptolemy.util.test.junit.AutoTests" name="[329] /home/travis/build/icyphy/ptII/ptolemy/actor/lib/test/auto/Select.xml (RunModel)" time="0.013" />
  <testcase classname="ptolemy.util.test.junit.AutoTests" name="[330] /home/travis/build/icyphy/ptII/ptolemy/actor/lib/test/auto/Select2.xml (RunModel)" time="0.008" />
  <testcase classname="ptolemy.util.test.junit.AutoTests" name="[331] /home/travis/build/icyphy/ptII/ptolemy/actor/lib/test/auto/SequenceToArray2.xml (RunModel)" time="0.133" />
  <testcase classname="ptolemy.util.test.junit.AutoTests" name="[332] /home/travis/build/icyphy/ptII/ptolemy/actor/lib/test/auto/SequentialClock.xml (RunModel)" time="0.01" />
  <testcase classname="ptolemy.util.test.junit.AutoTests" name="[333] /home/travis/build/icyphy/ptII/ptolemy/actor/lib/test/auto/SetVariable.xml (RunModel)" time="0.01" />
  <testcase classname="ptolemy.util.test.junit.AutoTests" name="[334] /home/travis/build/icyphy/ptII/ptolemy/actor/lib/test/auto/SetVariable2.xml (RunModel)" time="0.013" />
  <testcase classname="ptolemy.util.test.junit.AutoTests" name="[335] /home/travis/build/icyphy/ptII/ptolemy/actor/lib/test/auto/SetVariable3.xml (RunModel)" time="0.016" />
  <testcase classname="ptolemy.util.test.junit.AutoTests" name="[336] /home/travis/build/icyphy/ptII/ptolemy/actor/lib/test/auto/SetVariable4.xml (RunModel)" time="0.03" />
  <testcase classname="ptolemy.util.test.junit.AutoTests" name="[337] /home/travis/build/icyphy/ptII/ptolemy/actor/lib/test/auto/SetVariable5.xml (RunModel)" time="0.034" />
  <testcase classname="ptolemy.util.test.junit.AutoTests" name="[338] /home/travis/build/icyphy/ptII/ptolemy/actor/lib/test/auto/Sinewave.xml (RunModel)" time="0.052" />
  <testcase classname="ptolemy.util.test.junit.AutoTests" name="[339] /home/travis/build/icyphy/ptII/ptolemy/actor/lib/test/auto/Sinewave2.xml (RunModel)" time="0.018" />
  <testcase classname="ptolemy.util.test.junit.AutoTests" name="[340] /home/travis/build/icyphy/ptII/ptolemy/actor/lib/test/auto/Sinewave3.xml (RunModel)" time="0.02" />
  <testcase classname="ptolemy.util.test.junit.AutoTests" name="[341] /home/travis/build/icyphy/ptII/ptolemy/actor/lib/test/auto/SingleEvent.xml (RunModel)" time="0.007" />
  <testcase classname="ptolemy.util.test.junit.AutoTests" name="[342] /home/travis/build/icyphy/ptII/ptolemy/actor/lib/test/auto/Sleep.xml (RunModel)" time="6.022" />
  <testcase classname="ptolemy.util.test.junit.AutoTests" name="[343] /home/travis/build/icyphy/ptII/ptolemy/actor/lib/test/auto/SleepMultipleFire.xml (RunModel)" time="1.02" />
  <testcase classname="ptolemy.util.test.junit.AutoTests" name="[344] /home/travis/build/icyphy/ptII/ptolemy/actor/lib/test/auto/StopDE.xml (RunModel)" time="0.012" />
  <testcase classname="ptolemy.util.test.junit.AutoTests" name="[345] /home/travis/build/icyphy/ptII/ptolemy/actor/lib/test/auto/StopSDF.xml (RunModel)" time="0.01" />
  <testcase classname="ptolemy.util.test.junit.AutoTests" name="[346] /home/travis/build/icyphy/ptII/ptolemy/actor/lib/test/auto/StringConstant.xml (RunModel)" time="0.016" />
  <testcase classname="ptolemy.util.test.junit.AutoTests" name="[347] /home/travis/build/icyphy/ptII/ptolemy/actor/lib/test/auto/SubscriberPortInitialValues1.xml (RunModel)" time="0.026" />
  <testcase classname="ptolemy.util.test.junit.AutoTests" name="[348] /home/travis/build/icyphy/ptII/ptolemy/actor/lib/test/auto/SubscriberPortInitialValues13.xml (RunModel)" time="0.026" />
  <testcase classname="ptolemy.util.test.junit.AutoTests" name="[349] /home/travis/build/icyphy/ptII/ptolemy/actor/lib/test/auto/SubscriberPortInitialValues14.xml (RunModel)" time="0.014" />
  <testcase classname="ptolemy.util.test.junit.AutoTests" name="[350] /home/travis/build/icyphy/ptII/ptolemy/actor/lib/test/auto/SubscriberPortInitialValues2.xml (RunModel)" time="0.015" />
  <testcase classname="ptolemy.util.test.junit.AutoTests" name="[351] /home/travis/build/icyphy/ptII/ptolemy/actor/lib/test/auto/SubscriberPortInitialValues3.xml (RunModel)" time="0.021" />
  <testcase classname="ptolemy.util.test.junit.AutoTests" name="[352] /home/travis/build/icyphy/ptII/ptolemy/actor/lib/test/auto/SubscriptionAggregator.xml (RunModel)" time="0.011" />
  <testcase classname="ptolemy.util.test.junit.AutoTests" name="[353] /home/travis/build/icyphy/ptII/ptolemy/actor/lib/test/auto/SubscriptionAggregator2.xml (RunModel)" time="0.011" />
  <testcase classname="ptolemy.util.test.junit.AutoTests" name="[354] /home/travis/build/icyphy/ptII/ptolemy/actor/lib/test/auto/SubscriptionAggregator3.xml (RunModel)" time="0.015" />
  <testcase classname="ptolemy.util.test.junit.AutoTests" name="[355] /home/travis/build/icyphy/ptII/ptolemy/actor/lib/test/auto/SubscriptionAggregatorMultiply.xml (RunModel)" time="0.024" />
  <testcase classname="ptolemy.util.test.junit.AutoTests" name="[356] /home/travis/build/icyphy/ptII/ptolemy/actor/lib/test/auto/SubscriptionAggregatorPortMultiply1.xml (RunModel)" time="0.012" />
  <testcase classname="ptolemy.util.test.junit.AutoTests" name="[357] /home/travis/build/icyphy/ptII/ptolemy/actor/lib/test/auto/Switch.xml (RunModel)" time="0.018" />
  <testcase classname="ptolemy.util.test.junit.AutoTests" name="[358] /home/travis/build/icyphy/ptII/ptolemy/actor/lib/test/auto/Switch2.xml (RunModel)" time="0.012" />
  <testcase classname="ptolemy.util.test.junit.AutoTests" name="[359] /home/travis/build/icyphy/ptII/ptolemy/actor/lib/test/auto/SwitchDE.xml (RunModel)" time="0.013" />
  <testcase classname="ptolemy.util.test.junit.AutoTests" name="[360] /home/travis/build/icyphy/ptII/ptolemy/actor/lib/test/auto/SynchronizerDE.xml (RunModel)" time="0.019" />
  <testcase classname="ptolemy.util.test.junit.AutoTests" name="[361] /home/travis/build/icyphy/ptII/ptolemy/actor/lib/test/auto/Test.xml (RunModel)" time="0.009" />
  <testcase classname="ptolemy.util.test.junit.AutoTests" name="[362] /home/travis/build/icyphy/ptII/ptolemy/actor/lib/test/auto/TestExceptionAttribute1.xml (RunModel)" time="0.008" />
  <testcase classname="ptolemy.util.test.junit.AutoTests" name="[363] /home/travis/build/icyphy/ptII/ptolemy/actor/lib/test/auto/TestExceptionAttribute2.xml (RunModel)" time="0.011" />
  <testcase classname="ptolemy.util.test.junit.AutoTests" name="[364] /home/travis/build/icyphy/ptII/ptolemy/actor/lib/test/auto/TestExceptionAttribute3.xml (RunModel)" time="0.01" />
  <testcase classname="ptolemy.util.test.junit.AutoTests" name="[365] /home/travis/build/icyphy/ptII/ptolemy/actor/lib/test/auto/TestExceptionAttribute4.xml (RunModel)" time="0.007" />
  <testcase classname="ptolemy.util.test.junit.AutoTests" name="[366] /home/travis/build/icyphy/ptII/ptolemy/actor/lib/test/auto/TestExceptionHandler1.xml (RunModel)" time="0.007" />
  <testcase classname="ptolemy.util.test.junit.AutoTests" name="[367] /home/travis/build/icyphy/ptII/ptolemy/actor/lib/test/auto/TestExceptionHandler2.xml (RunModel)" time="0.011" />
  <testcase classname="ptolemy.util.test.junit.AutoTests" name="[368] /home/travis/build/icyphy/ptII/ptolemy/actor/lib/test/auto/TestExceptionHandler3.xml (RunModel)" time="0.006" />
  <testcase classname="ptolemy.util.test.junit.AutoTests" name="[369] /home/travis/build/icyphy/ptII/ptolemy/actor/lib/test/auto/TestExceptionHandler4.xml (RunModel)" time="0.006" />
  <testcase classname="ptolemy.util.test.junit.AutoTests" name="[370] /home/travis/build/icyphy/ptII/ptolemy/actor/lib/test/auto/TestRequireCorrectOrder.xml (RunModel)" time="0.017" />
  <testcase classname="ptolemy.util.test.junit.AutoTests" name="[371] /home/travis/build/icyphy/ptII/ptolemy/actor/lib/test/auto/TestSimple.xml (RunModel)" time="0.009" />
  <testcase classname="ptolemy.util.test.junit.AutoTests" name="[372] /home/travis/build/icyphy/ptII/ptolemy/actor/lib/test/auto/ThrowModelError.xml (RunModel)" time="0.01" />
  <testcase classname="ptolemy.util.test.junit.AutoTests" name="[373] /home/travis/build/icyphy/ptII/ptolemy/actor/lib/test/auto/TimeDelayMicrosteps.xml (RunModel)" time="0.012" />
  <testcase classname="ptolemy.util.test.junit.AutoTests" name="[374] /home/travis/build/icyphy/ptII/ptolemy/actor/lib/test/auto/TimeDelayMicrosteps2.xml (RunModel)" time="0.012" />
  <testcase classname="ptolemy.util.test.junit.AutoTests" name="[375] /home/travis/build/icyphy/ptII/ptolemy/actor/lib/test/auto/TimeDelayMicrosteps3.xml (RunModel)" time="0.012" />
  <testcase classname="ptolemy.util.test.junit.AutoTests" name="[376] /home/travis/build/icyphy/ptII/ptolemy/actor/lib/test/auto/TimeDelayVariableMicrosteps.xml (RunModel)" time="0.011" />
  <testcase classname="ptolemy.util.test.junit.AutoTests" name="[377] /home/travis/build/icyphy/ptII/ptolemy/actor/lib/test/auto/TimeGap.xml (RunModel)" time="0.016" />
  <testcase classname="ptolemy.util.test.junit.AutoTests" name="[378] /home/travis/build/icyphy/ptII/ptolemy/actor/lib/test/auto/TimeGap2.xml (RunModel)" time="0.011" />
  <testcase classname="ptolemy.util.test.junit.AutoTests" name="[379] /home/travis/build/icyphy/ptII/ptolemy/actor/lib/test/auto/TimedSinewave.xml (RunModel)" time="0.087" />
  <testcase classname="ptolemy.util.test.junit.AutoTests" name="[380] /home/travis/build/icyphy/ptII/ptolemy/actor/lib/test/auto/TimedSinewavePhase.xml (RunModel)" time="0.03" />
  <testcase classname="ptolemy.util.test.junit.AutoTests" name="[381] /home/travis/build/icyphy/ptII/ptolemy/actor/lib/test/auto/Timer.xml (RunModel)" time="0.015" />
  <testcase classname="ptolemy.util.test.junit.AutoTests" name="[382] /home/travis/build/icyphy/ptII/ptolemy/actor/lib/test/auto/TriangularDistTestModel.xml (RunModel)" time="0.016" />
  <testcase classname="ptolemy.util.test.junit.AutoTests" name="[383] /home/travis/build/icyphy/ptII/ptolemy/actor/lib/test/auto/TrigFunction.xml (RunModel)" time="0.008" />
  <testcase classname="ptolemy.util.test.junit.AutoTests" name="[384] /home/travis/build/icyphy/ptII/ptolemy/actor/lib/test/auto/TrigFunctionDE.xml (RunModel)" time="0.012" />
  <testcase classname="ptolemy.util.test.junit.AutoTests" name="[385] /home/travis/build/icyphy/ptII/ptolemy/actor/lib/test/auto/TrigFunctionInverse.xml (RunModel)" time="0.009" />
  <testcase classname="ptolemy.util.test.junit.AutoTests" name="[386] /home/travis/build/icyphy/ptII/ptolemy/actor/lib/test/auto/TrigFunctionTan.xml (RunModel)" time="0.007" />
  <testcase classname="ptolemy.util.test.junit.AutoTests" name="[387] /home/travis/build/icyphy/ptII/ptolemy/actor/lib/test/auto/TriggeredClock.xml (RunModel)" time="0.008" />
  <testcase classname="ptolemy.util.test.junit.AutoTests" name="[388] /home/travis/build/icyphy/ptII/ptolemy/actor/lib/test/auto/URLDirectoryReader.xml (RunModel)" time="0.149" />
  <testcase classname="ptolemy.util.test.junit.AutoTests" name="[389] /home/travis/build/icyphy/ptII/ptolemy/actor/lib/test/auto/URLDirectoryReader3.xml (RunModel)" time="1.87" />
  <testcase classname="ptolemy.util.test.junit.AutoTests" name="[390] /home/travis/build/icyphy/ptII/ptolemy/actor/lib/test/auto/UnaryMathFunction.xml (RunModel)" time="0.041" />
  <testcase classname="ptolemy.util.test.junit.AutoTests" name="[391] /home/travis/build/icyphy/ptII/ptolemy/actor/lib/test/auto/Uniform.xml (RunModel)" time="0.016" />
  <testcase classname="ptolemy.util.test.junit.AutoTests" name="[392] /home/travis/build/icyphy/ptII/ptolemy/actor/lib/test/auto/UnionDisassemblerTest.xml (RunModel)" time="0.018" />
  <testcase classname="ptolemy.util.test.junit.AutoTests" name="[393] /home/travis/build/icyphy/ptII/ptolemy/actor/lib/test/auto/UtilityFunctions.xml (RunModel)" time="0.008" />
  <testcase classname="ptolemy.util.test.junit.AutoTests" name="[394] /home/travis/build/icyphy/ptII/ptolemy/actor/lib/test/auto/VariableSleep.xml (RunModel)" time="0.515" />
  <testcase classname="ptolemy.util.test.junit.AutoTests" name="[395] /home/travis/build/icyphy/ptII/ptolemy/actor/lib/test/auto/VectorAssemblerDisassemblerCT.xml (RunModel)" time="0.122" />
  <testcase classname="ptolemy.util.test.junit.AutoTests" name="[396] /home/travis/build/icyphy/ptII/ptolemy/actor/lib/test/auto/VectorAssemblerDisassemblerDE.xml (RunModel)" time="0.013" />
  <testcase classname="ptolemy.util.test.junit.AutoTests" name="[397] /home/travis/build/icyphy/ptII/ptolemy/actor/lib/test/auto/VectorAssemblerDisassemblerSDF.xml (RunModel)" time="0.013" />
  <testcase classname="ptolemy.util.test.junit.AutoTests" name="[398] /home/travis/build/icyphy/ptII/ptolemy/actor/lib/test/auto/WallClockTime.xml (RunModel)" time="1.015" />
  <testcase classname="ptolemy.util.test.junit.AutoTests" name="[399] /home/travis/build/icyphy/ptII/ptolemy/actor/lib/test/auto/WidthTestWithSubscriberPublisher.xml (RunModel)" time="0.042" />
  <testcase classname="ptolemy.util.test.junit.AutoTests" name="[400] /home/travis/build/icyphy/ptII/ptolemy/actor/lib/test/auto/WidthTestWithSubscriberPublisher2.xml (RunModel)" time="0.015" />
  <testcase classname="ptolemy.util.test.junit.AutoTests" name="[401] /home/travis/build/icyphy/ptII/ptolemy/actor/lib/test/auto/WidthTestWithSubscriberPublisher3.xml (RunModel)" time="0.013" />
  <testcase classname="ptolemy.util.test.junit.AutoTests" name="[402] /home/travis/build/icyphy/ptII/ptolemy/actor/lib/test/auto/Writer.xml (RunModel)" time="0.009" />
  <testcase classname="ptolemy.util.test.junit.AutoTests" name="[403] /home/travis/build/icyphy/ptII/ptolemy/actor/lib/test/auto/array.xml (RunModel)" time="0.009" />
  <testcase classname="ptolemy.util.test.junit.AutoTests" name="[404] /home/travis/build/icyphy/ptII/ptolemy/actor/lib/test/auto/array2.xml (RunModel)" time="0.014" />
  <testcase classname="ptolemy.util.test.junit.AutoTests" name="[405] /home/travis/build/icyphy/ptII/ptolemy/actor/lib/test/auto/arrayType.xml (RunModel)" time="0.013" />
  <testcase classname="ptolemy.util.test.junit.AutoTests" name="[406] /home/travis/build/icyphy/ptII/ptolemy/actor/lib/test/auto/arrayType10.xml (RunModel)" time="0.008" />
  <testcase classname="ptolemy.util.test.junit.AutoTests" name="[407] /home/travis/build/icyphy/ptII/ptolemy/actor/lib/test/auto/arrayType11.xml (RunModel)" time="0.008" />
  <testcase classname="ptolemy.util.test.junit.AutoTests" name="[408] /home/travis/build/icyphy/ptII/ptolemy/actor/lib/test/auto/arrayType12.xml (RunModel)" time="0.008" />
  <testcase classname="ptolemy.util.test.junit.AutoTests" name="[409] /home/travis/build/icyphy/ptII/ptolemy/actor/lib/test/auto/arrayType13.xml (RunModel)" time="0.009" />
  <testcase classname="ptolemy.util.test.junit.AutoTests" name="[410] /home/travis/build/icyphy/ptII/ptolemy/actor/lib/test/auto/arrayType14.xml (RunModel)" time="0.009" />
  <testcase classname="ptolemy.util.test.junit.AutoTests" name="[411] /home/travis/build/icyphy/ptII/ptolemy/actor/lib/test/auto/arrayType15.xml (RunModel)" time="0.01" />
  <testcase classname="ptolemy.util.test.junit.AutoTests" name="[412] /home/travis/build/icyphy/ptII/ptolemy/actor/lib/test/auto/arrayType16.xml (RunModel)" time="0.01" />
  <testcase classname="ptolemy.util.test.junit.AutoTests" name="[413] /home/travis/build/icyphy/ptII/ptolemy/actor/lib/test/auto/arrayType17.xml (RunModel)" time="0.01" />
  <testcase classname="ptolemy.util.test.junit.AutoTests" name="[414] /home/travis/build/icyphy/ptII/ptolemy/actor/lib/test/auto/arrayType18.xml (RunModel)" time="0.008" />
  <testcase classname="ptolemy.util.test.junit.AutoTests" name="[415] /home/travis/build/icyphy/ptII/ptolemy/actor/lib/test/auto/arrayType19.xml (RunModel)" time="0.008" />
  <testcase classname="ptolemy.util.test.junit.AutoTests" name="[416] /home/travis/build/icyphy/ptII/ptolemy/actor/lib/test/auto/arrayType2.xml (RunModel)" time="0.009" />
  <testcase classname="ptolemy.util.test.junit.AutoTests" name="[417] /home/travis/build/icyphy/ptII/ptolemy/actor/lib/test/auto/arrayType20.xml (RunModel)" time="0.008" />
  <testcase classname="ptolemy.util.test.junit.AutoTests" name="[418] /home/travis/build/icyphy/ptII/ptolemy/actor/lib/test/auto/arrayType21.xml (RunModel)" time="0.008" />
  <testcase classname="ptolemy.util.test.junit.AutoTests" name="[419] /home/travis/build/icyphy/ptII/ptolemy/actor/lib/test/auto/arrayType22.xml (RunModel)" time="0.007" />
  <testcase classname="ptolemy.util.test.junit.AutoTests" name="[420] /home/travis/build/icyphy/ptII/ptolemy/actor/lib/test/auto/arrayType23.xml (RunModel)" time="0.007" />
  <testcase classname="ptolemy.util.test.junit.AutoTests" name="[421] /home/travis/build/icyphy/ptII/ptolemy/actor/lib/test/auto/arrayType24.xml (RunModel)" time="0.008" />
  <testcase classname="ptolemy.util.test.junit.AutoTests" name="[422] /home/travis/build/icyphy/ptII/ptolemy/actor/lib/test/auto/arrayType25.xml (RunModel)" time="0.009" />
  <testcase classname="ptolemy.util.test.junit.AutoTests" name="[423] /home/travis/build/icyphy/ptII/ptolemy/actor/lib/test/auto/arrayType26.xml (RunModel)" time="0.009" />
  <testcase classname="ptolemy.util.test.junit.AutoTests" name="[424] /home/travis/build/icyphy/ptII/ptolemy/actor/lib/test/auto/arrayType27.xml (RunModel)" time="0.007" />
  <testcase classname="ptolemy.util.test.junit.AutoTests" name="[425] /home/travis/build/icyphy/ptII/ptolemy/actor/lib/test/auto/arrayType28.xml (RunModel)" time="0.011" />
  <testcase classname="ptolemy.util.test.junit.AutoTests" name="[426] /home/travis/build/icyphy/ptII/ptolemy/actor/lib/test/auto/arrayType3.xml (RunModel)" time="0.013" />
  <testcase classname="ptolemy.util.test.junit.AutoTests" name="[427] /home/travis/build/icyphy/ptII/ptolemy/actor/lib/test/auto/arrayType4.xml (RunModel)" time="0.008" />
  <testcase classname="ptolemy.util.test.junit.AutoTests" name="[428] /home/travis/build/icyphy/ptII/ptolemy/actor/lib/test/auto/arrayType5.xml (RunModel)" time="0.009" />
  <testcase classname="ptolemy.util.test.junit.AutoTests" name="[429] /home/travis/build/icyphy/ptII/ptolemy/actor/lib/test/auto/arrayType6.xml (RunModel)" time="0.007" />
  <testcase classname="ptolemy.util.test.junit.AutoTests" name="[430] /home/travis/build/icyphy/ptII/ptolemy/actor/lib/test/auto/arrayType7.xml (RunModel)" time="0.013" />
  <testcase classname="ptolemy.util.test.junit.AutoTests" name="[431] /home/travis/build/icyphy/ptII/ptolemy/actor/lib/test/auto/arrayType8.xml (RunModel)" time="0.019" />
  <testcase classname="ptolemy.util.test.junit.AutoTests" name="[432] /home/travis/build/icyphy/ptII/ptolemy/actor/lib/test/auto/arrayType9.xml (RunModel)" time="0.007" />
  <testcase classname="ptolemy.util.test.junit.AutoTests" name="[433] /home/travis/build/icyphy/ptII/ptolemy/actor/lib/test/auto/cast.xml (RunModel)" time="0.008" />
  <testcase classname="ptolemy.util.test.junit.AutoTests" name="[434] /home/travis/build/icyphy/ptII/ptolemy/actor/lib/test/auto/compositeMultiPort.xml (RunModel)" time="0.016" />
  <testcase classname="ptolemy.util.test.junit.AutoTests" name="[435] /home/travis/build/icyphy/ptII/ptolemy/actor/lib/test/auto/expressionCastInference.xml (RunModel)" time="0.008" />
  <testcase classname="ptolemy.util.test.junit.AutoTests" name="[436] /home/travis/build/icyphy/ptII/ptolemy/actor/lib/test/auto/expressionCastInference2.xml (RunModel)" time="0.007" />
  <testcase classname="ptolemy.util.test.junit.AutoTests" name="[437] /home/travis/build/icyphy/ptII/ptolemy/actor/lib/test/auto/expressionInference.xml (RunModel)" time="0.007" />
  <testcase classname="ptolemy.util.test.junit.AutoTests" name="[438] /home/travis/build/icyphy/ptII/ptolemy/actor/lib/test/auto/expression_bug.xml (RunModel)" time="0.007" />
  <testcase classname="ptolemy.util.test.junit.AutoTests" name="[439] /home/travis/build/icyphy/ptII/ptolemy/actor/lib/test/auto/factorial.xml (RunModel)" time="0.049" />
  <testcase classname="ptolemy.util.test.junit.AutoTests" name="[440] /home/travis/build/icyphy/ptII/ptolemy/actor/lib/test/auto/filterTest1.xml (RunModel)" time="0.016" />
  <testcase classname="ptolemy.util.test.junit.AutoTests" name="[441] /home/travis/build/icyphy/ptII/ptolemy/actor/lib/test/auto/funcApplyInConst.xml (RunModel)" time="0.006" />
  <testcase classname="ptolemy.util.test.junit.AutoTests" name="[442] /home/travis/build/icyphy/ptII/ptolemy/actor/lib/test/auto/funcApplyInExpr.xml (RunModel)" time="0.005" />
  <testcase classname="ptolemy.util.test.junit.AutoTests" name="[443] /home/travis/build/icyphy/ptII/ptolemy/actor/lib/test/auto/function.xml (RunModel)" time="0.012" />
  <testcase classname="ptolemy.util.test.junit.AutoTests" name="[444] /home/travis/build/icyphy/ptII/ptolemy/actor/lib/test/auto/function2.xml (RunModel)" time="0.01" />
  <testcase classname="ptolemy.util.test.junit.AutoTests" name="[445] /home/travis/build/icyphy/ptII/ptolemy/actor/lib/test/auto/function3.xml (RunModel)" time="0.007" />
  <testcase classname="ptolemy.util.test.junit.AutoTests" name="[446] /home/travis/build/icyphy/ptII/ptolemy/actor/lib/test/auto/functionClosureTest1.xml (RunModel)" time="0.01" />
  <testcase classname="ptolemy.util.test.junit.AutoTests" name="[447] /home/travis/build/icyphy/ptII/ptolemy/actor/lib/test/auto/functionClosureTest2.xml (RunModel)" time="0.007" />
  <testcase classname="ptolemy.util.test.junit.AutoTests" name="[448] /home/travis/build/icyphy/ptII/ptolemy/actor/lib/test/auto/functionClosureTest3.xml (RunModel)" time="0.011" />
  <testcase classname="ptolemy.util.test.junit.AutoTests" name="[449] /home/travis/build/icyphy/ptII/ptolemy/actor/lib/test/auto/functionClosureTest4.xml (RunModel)" time="0.017" />
  <testcase classname="ptolemy.util.test.junit.AutoTests" name="[450] /home/travis/build/icyphy/ptII/ptolemy/actor/lib/test/auto/functionClosureTest5.xml (RunModel)" time="0.05" />
  <testcase classname="ptolemy.util.test.junit.AutoTests" name="[451] /home/travis/build/icyphy/ptII/ptolemy/actor/lib/test/auto/functionClosureTest6.xml (RunModel)" time="0.021" />
  <testcase classname="ptolemy.util.test.junit.AutoTests" name="[452] /home/travis/build/icyphy/ptII/ptolemy/actor/lib/test/auto/functionsOnArcs.xml (RunModel)" time="0.04" />
  <testcase classname="ptolemy.util.test.junit.AutoTests" name="[453] /home/travis/build/icyphy/ptII/ptolemy/actor/lib/test/auto/functionsOnArcsHOF.xml (RunModel)" time="0.038" />
  <testcase classname="ptolemy.util.test.junit.AutoTests" name="[454] /home/travis/build/icyphy/ptII/ptolemy/actor/lib/test/auto/logic.xml (RunModel)" time="0.071" />
  <testcase classname="ptolemy.util.test.junit.AutoTests" name="[455] /home/travis/build/icyphy/ptII/ptolemy/actor/lib/test/auto/matrixType.xml (RunModel)" time="0.032" />
  <testcase classname="ptolemy.util.test.junit.AutoTests" name="[456] /home/travis/build/icyphy/ptII/ptolemy/actor/lib/test/auto/matrixType10.xml (RunModel)" time="0.038" />
  <testcase classname="ptolemy.util.test.junit.AutoTests" name="[457] /home/travis/build/icyphy/ptII/ptolemy/actor/lib/test/auto/matrixType11.xml (RunModel)" time="0.012" />
  <testcase classname="ptolemy.util.test.junit.AutoTests" name="[458] /home/travis/build/icyphy/ptII/ptolemy/actor/lib/test/auto/matrixType12.xml (RunModel)" time="0.011" />
  <testcase classname="ptolemy.util.test.junit.AutoTests" name="[459] /home/travis/build/icyphy/ptII/ptolemy/actor/lib/test/auto/matrixType13.xml (RunModel)" time="0.008" />
  <testcase classname="ptolemy.util.test.junit.AutoTests" name="[460] /home/travis/build/icyphy/ptII/ptolemy/actor/lib/test/auto/matrixType14.xml (RunModel)" time="0.01" />
  <testcase classname="ptolemy.util.test.junit.AutoTests" name="[461] /home/travis/build/icyphy/ptII/ptolemy/actor/lib/test/auto/matrixType2.xml (RunModel)" time="0.008" />
  <testcase classname="ptolemy.util.test.junit.AutoTests" name="[462] /home/travis/build/icyphy/ptII/ptolemy/actor/lib/test/auto/matrixType3.xml (RunModel)" time="0.01" />
  <testcase classname="ptolemy.util.test.junit.AutoTests" name="[463] /home/travis/build/icyphy/ptII/ptolemy/actor/lib/test/auto/matrixType4.xml (RunModel)" time="0.008" />
  <testcase classname="ptolemy.util.test.junit.AutoTests" name="[464] /home/travis/build/icyphy/ptII/ptolemy/actor/lib/test/auto/matrixType5.xml (RunModel)" time="0.009" />
  <testcase classname="ptolemy.util.test.junit.AutoTests" name="[465] /home/travis/build/icyphy/ptII/ptolemy/actor/lib/test/auto/matrixType6.xml (RunModel)" time="0.009" />
  <testcase classname="ptolemy.util.test.junit.AutoTests" name="[466] /home/travis/build/icyphy/ptII/ptolemy/actor/lib/test/auto/matrixType7.xml (RunModel)" time="0.011" />
  <testcase classname="ptolemy.util.test.junit.AutoTests" name="[467] /home/travis/build/icyphy/ptII/ptolemy/actor/lib/test/auto/matrixType8.xml (RunModel)" time="0.008" />
  <testcase classname="ptolemy.util.test.junit.AutoTests" name="[468] /home/travis/build/icyphy/ptII/ptolemy/actor/lib/test/auto/matrixType9.xml (RunModel)" time="0.008" />
  <testcase classname="ptolemy.util.test.junit.AutoTests" name="[469] /home/travis/build/icyphy/ptII/ptolemy/actor/lib/test/auto/paraFunctest.xml (RunModel)" time="0.007" />
  <testcase classname="ptolemy.util.test.junit.AutoTests" name="[470] /home/travis/build/icyphy/ptII/ptolemy/actor/lib/test/auto/paraFunctest2.xml (RunModel)" time="0.014" />
  <testcase classname="ptolemy.util.test.junit.AutoTests" name="[471] /home/travis/build/icyphy/ptII/ptolemy/actor/lib/test/auto/parameterPassing.xml (RunModel)" time="0.012" />
  <testcase classname="ptolemy.util.test.junit.AutoTests" name="[472] /home/travis/build/icyphy/ptII/ptolemy/actor/lib/test/auto/record.xml (RunModel)" time="0.01" />
  <testcase classname="ptolemy.util.test.junit.AutoTests" name="[473] /home/travis/build/icyphy/ptII/ptolemy/actor/lib/test/auto/sizedarray1.xml (RunModel)" time="0.009" />
  <testcase classname="ptolemy.util.test.junit.AutoTests" name="[474] /home/travis/build/icyphy/ptII/ptolemy/actor/lib/test/auto/sizedarray2.xml (RunModel)" time="0.009" />
  <testcase classname="ptolemy.util.test.junit.AutoTests" name="[475] /home/travis/build/icyphy/ptII/ptolemy/actor/lib/test/auto/twoPublishers.xml (RunModel)" time="0.031" />
  <system-out><![CDATA[/home/travis/build/icyphy/ptII/ptolemy/actor/lib/test/AbsoluteValue.tcl
testDefs.tcl: setting time out to 9000 seconds at Mon Mar 23 13:36:37 UTC 2020
95 ms. Memory: 129024K Free: 93124K (72%)
5 ms. Memory: 129024K Free: 91076K (71%)
6 ms. Memory: 129024K Free: 90547K (70%)
5 ms. Memory: 129024K Free: 89538K (69%)
/home/travis/build/icyphy/ptII/ptolemy/actor/lib/test/AddSubtract.tcl
21 ms. Memory: 129024K Free: 87490K (68%)
13 ms. Memory: 129024K Free: 86980K (67%)
11 ms. Memory: 129024K Free: 85956K (67%)
8 ms. Memory: 129024K Free: 85427K (66%)
55 ms. Memory: 129024K Free: 82370K (64%)
9 ms. Memory: 129024K Free: 81860K (63%)
/home/travis/build/icyphy/ptII/ptolemy/actor/lib/test/Average.tcl
14 ms. Memory: 129024K Free: 80307K (62%)
18 ms. Memory: 129024K Free: 78788K (61%)
/home/travis/build/icyphy/ptII/ptolemy/actor/lib/test/Bernoulli.tcl
10 ms. Memory: 129024K Free: 77250K (60%)
3 ms. Memory: 129024K Free: 76740K (59%)
/home/travis/build/icyphy/ptII/ptolemy/actor/lib/test/Clock.tcl
preinitializing
resolving types
initializing
executing number 1
wrapping up
idle
31 ms. Memory: 129024K Free: 74178K (57%)
Completed execution with 5 iterations
preinitializing
resolving types
initializing
executing number 1
wrapping up
idle
4 ms. Memory: 129024K Free: 73154K (57%)
Completed execution with 5 iterations
preinitializing
resolving types
initializing
executing number 1
wrapping up
idle
4 ms. Memory: 129024K Free: 72644K (56%)
Completed execution with 5 iterations
/home/travis/build/icyphy/ptII/ptolemy/actor/lib/test/Commutator.tcl
13 ms. Memory: 129024K Free: 70596K (55%)
6 ms. Memory: 129024K Free: 69572K (54%)
26 ms. Memory: 129024K Free: 63923K (50%)
/home/travis/build/icyphy/ptII/ptolemy/actor/lib/test/Const.tcl
13 ms. Memory: 129024K Free: 62404K (48%)
5 ms. Memory: 129024K Free: 61875K (48%)
7 ms. Memory: 129024K Free: 61380K (48%)
7 ms. Memory: 129024K Free: 60835K (47%)
2 ms. Memory: 129024K Free: 60356K (47%)
12 ms. Memory: 129024K Free: 58818K (46%)
5 ms. Memory: 129024K Free: 57787K (45%)
3 ms. Memory: 129024K Free: 56755K (44%)
/home/travis/build/icyphy/ptII/ptolemy/actor/lib/test/CurrentTime.tcl
preinitializing
resolving types
initializing
executing number 1
wrapping up
idle
8 ms. Memory: 129024K Free: 54722K (42%)
Completed execution with 11 iterations
/home/travis/build/icyphy/ptII/ptolemy/actor/lib/test/DB.tcl
4 ms. Memory: 129024K Free: 53188K (41%)
2 ms. Memory: 129024K Free: 52674K (41%)
1 ms. Memory: 129024K Free: 52164K (40%)
/home/travis/build/icyphy/ptII/ptolemy/actor/lib/test/DiscreteRandomSource.tcl
preinitializing
resolving types
initializing
executing number 1
wrapping up
idle
4 ms. Memory: 129024K Free: 50626K (39%)
Completed execution with 4 iterations
preinitializing
resolving types
initializing
executing number 1
wrapping up
idle
5 ms. Memory: 129024K Free: 50116K (39%)
Completed execution with 4 iterations
preinitializing
resolving types
initializing
executing number 1
wrapping up
idle
3 ms. Memory: 129024K Free: 49571K (38%)
Completed execution with 4 iterations
preinitializing
resolving types
initializing
executing number 1
wrapping up
idle
2 ms. Memory: 129024K Free: 49092K (38%)
Completed execution with 4 iterations
preinitializing
resolving types
initializing
executing number 1
wrapping up
idle
12 ms. Memory: 129024K Free: 48578K (38%)
Completed execution with 4 iterations
/home/travis/build/icyphy/ptII/ptolemy/actor/lib/test/Distributor.tcl
29 ms. Memory: 129024K Free: 113783K (88%)
7 ms. Memory: 129024K Free: 113266K (88%)
StreamChangeRequest.changeExecuted(): <deleteEntity name="rec2"/> succeeded
StreamChangeRequest.changeExecuted(): <deleteRelation name="r2"/> succeeded
StreamChangeRequest.changeExecuted(): Record firings per iteration succeeded
14 ms. Memory: 129024K Free: 110718K (86%)
/home/travis/build/icyphy/ptII/ptolemy/actor/lib/test/Exit.tcl
Exit.tcl: this will print a message about Manager.exitAfterWrapup, which can be ignored.
9 ms. Memory: 129024K Free: 107656K (83%)
/home/travis/build/icyphy/ptII/ptolemy/actor/lib/test/Expression.tcl
13 ms. Memory: 129024K Free: 104068K (81%)
4 ms. Memory: 129024K Free: 103551K (80%)
3 ms. Memory: 129024K Free: 103034K (80%)
preinitializing
resolving types
initializing
executing number 1
wrapping up
idle
5 ms. Memory: 129024K Free: 101495K (79%)
Completed execution with 6 iterations
11 ms. Memory: 129024K Free: 100524K (78%)
12 ms. Memory: 129024K Free: 99970K (77%)
11 ms. Memory: 129024K Free: 98430K (76%)
8 ms. Memory: 129024K Free: 97406K (75%)
4 ms. Memory: 129024K Free: 95860K (74%)
/home/travis/build/icyphy/ptII/ptolemy/actor/lib/test/Gaussian.tcl
5 ms. Memory: 129024K Free: 94367K (73%)
sleeping 1 seconds: .......................................................................................................................................................................................................................................................................................................................................................................................................................................................................................................................................................................................................................................................................................................................................................................................................................................................................................................................................................................................................................................................................................................................................................................................................................................................................................................................................................................................................................................................................................................................................................................................................................................................................................................................................................................................................................................................................................................................................................................................................................................................................................................................................................................................................................................................................................................................................................................................................................................................................................................................................................................................................................................................................................................................................................................................................................................................................................................................................................................................................................................................................................................................................................................................................................................................................................................................................................................................................................................................................................................................................................................................................................................................................................................................................................................................................................................................................................................................................................................................................................................................................................................................................................................................................................................................................................................................................................................................................................................................................................................................................................................................................................................................................................................................................................................................................................................................................................................................................................................................................................................................................................................................................................................................................................................................................................................................................................................................................................................................................................................................................................................................................................................................................................................................................................................................................................................................................................................................................................................................................................................................................................................................................................................................................................................................................................................................................................................................................................................................................................................................................................................................................................................................................................................................................................................................................................................................................................................................................................................................................................................................................................................................................................................................................................................................................................................................................................................................................................................................................................................................................................................................................................................................................................................................................................................................................................................................................................................................................................................................................................................................................................................................................................................................................................................................................................................................................................................................................................................................................................................................................................................................................................................................................................................................................................................................................................................................................................................................................................................................................................................................................................................................................................................................................................................................................................................................................................................................................................................................................................................................................................................................................................................................................................................................................................................................................................................................................................................................................................................................................................................................................................................................................................................................................................................................................................................................................................................................................................................................................................................................................................................................................................................................................................................................................................................................................................................................................................................................................................................................................................................................................................................................................................................................................................................................................................................................................................................................................................................................................................................................................................................................................................................................................................................................................................................................................................................................................................................................................................................................................................................................................................................................................................................................................................................................................................................................................................................................................................................................................................................................................................................................................................................................................................................................................................................................................................................................................................................................................................................................................................................................................................................................................................................................................................................................................................................................................................................................................................................................................................................................................................................................................................................................................................................................................................................................................................................................................................................................................................................................................................................................................................................................................................................................................................................................................................................................................................................................................................................................................................................................................................................................................................................................................................................................................................................................................................................................................................................................................................................................................................................................................................................................................................................................................................................................................................................................................................................................................................................................................................................................................................................................................................................................................................................................................................................................................................................................................................................................................................................................................................................................................................................................................................................................................................................................................................................................................................................................................................................................................................................................................................................................................................................................................................................................................................................................................................................................................................................................................................................................................................................................................................................................................................................................................................................................................................................................................................................................................................................................................................................................................................................................................................................................................................................................................................................................................................................................................................................................................................................................................................................................................................................................................................................................................................................................................................................................................................................................................................................................................................................................................................................................................................................................................................................................................................................................................................................................................................................................................................................................................................................................................................................................................................................................................................................................................................................................................................................................................................................................................................................................................................................................................................................................................................................................................................................................................................................................................................................................................................................................................................................................................................................................................................................................................................................................................................................................................................................................................................................................................................................................................................................................................................................................................................................................................................................................................................................................................................................................................................................................................................................................................................................................................................................................................................................................................................................................................................................................................................................................................................................................................................................................................................................................................................................................................................................................................................................................................................................................................................................................................................................................................................................................................................................................................................................................................................................................................................................................................................................................................................................................................................................................................................................................................................................................................................................................................................................................................................................................................................................................................................................................................................................................................................................................................................................................................................................................................................................................................................................................................................................................................................................................................................................................................................................................................................................................................................................................................................................................................................................................................................................................................................................................................................................................................................................................................................................................................................................................................................................................................................................................................................................................................................................................................................................................................................................................................................................................................................................................................................................................................................................................................................................................................................................................................................................................................................................................................................................................................................................................................................................................................................................................................................................................................................................................................................................................................................................................................................................................................................................................................................................................................................................................................................................................................................................................................................................................................................................................................................................................................................................................................................................................................................................................................................................................................................................................................................................................................................................................................................................................................................................................................................................................................................................................................................................................................................................................................................................................................................................................................................................................................................................................................................................................................................................................................................................................................................................................................................................................................................................................................................................................................................................................................................................................................................................................................................................................................................................................................................................................................................................................................................................................................................................................................................................................................................................................................................................................................................................................................................................................................................................................................................................................................................................................................................................................................................................................................................................................................................................................................................................................................................................................................................................................................................................................................................................................................................................................................................................................................................................................................................................................................................................................................................................................................................................................................................................................................................................................................................................................................................................................................................................................................................................................................................................................................................................................................................................................................................................................................................................................................................................................................................................................................................................................................................................................................................................................................................................................................................................................................................................................................................................................................................................................................................................................................................................................................................................................................................................................................................................................................................................................................................................................................................................................................................................................................................................................................................................................................................................................................................................................................................................................................................................................................................................................................................................................................................................................................................................................................................................................................................................................................................................................................................................................................................................................................................................................................................................................................................................................................................................................................................................................................................................................................................................................................................................................................................................................................................................................................................................................................................................................................................................................................................................................................................................................................................................................................................................................................................................................................................................................................................................................................................................................................................................................................................................................................................................................................................................................................................................................................................................................................................................................................................................................................................................................................................................................................................................................................................................................................................................................................................................................................................................................................................................................................................................................................................................................................................................................................................................................................................................................................................................................................................................................................................................................................................................................................................................................................................................................................................................................................................................................................................................................................................................................................................................................................................................................................................................................................................................................................................................................................................................................................................................................................................................................................................................................................................................................................................................................................................................................................................................................................................................................................................................................................................................................................................................................................................................................................................................................................................................................................................................................................................................................................................................................................................................................................................................................................................................................................................................................................................................................................................................................................................................................................................................................................................................................................................................................................................................................................................................................................................................................................................................................................................................................................................................................................................................................................................................................................................................................................................................................................................................................................................................................................................................................................................................................................................................................................................................................................................................................................................................................................................................................................................................................................................................................................................................................................................................................................................................................................................................................................................................................................................................................................................................................................................................................................................................................................................................................................................................................................................................................................................................................................................................................................................................................................................................................................................................................................................................................................................................................................................................................................................................................................................................................................................................................................................................................................................................................................................................................................................................................................................................................................................................................................................................................................................................................................................................................................................................................................................................................................................................................................................................................................................................................................................................................................................................................................................................................................................................................................................................................................................................................................................................................................................................................................................................................................................................................................................................................................................................................................................................................................................................................................................................................................................................................................................................................................................................................................................................................................................................................................................................................................................................................................................................................................................................................................................................................................................................................................................................................................................................................................................................................................................................................................................................................................................................................................................................................................................................................................................................................................................................................................................................................................................................................................................................................................................................................................................................................................................................................................................................................................................................................................................................................................................................................................................................................................................................................................................................................................................................................................................................................................................................................................................................................................................................................................................................................................................................................................................................................................................................................................................................................................................................................................................................................................................................................................................................................................................................................................................................................................................................................................................................................................................................................................................................................................................................................................................................................................................................................................................................................................................................................................................................................................................................................................................................................................................................................................................................................................................................................................................................................................................................................................................................................................................................................................................................................................................................................................................................................................................................................................................................................................................................................................................................................................................................................................................................................................................................................................................................................................................................................................................................................................................................................................................................................................................................................................................................................................................................................................................................................................................................................................................................................................................................................................................................................................................................................................................................................................................................................................................................................................................................................................................................................................................................................................................................................................................................................................................................................................................................................................................................................................................................................................................................................................................................................................................................................................................................................................................................................................................................................................................................................................................................................................................................................................................................................................................................................................................................................................................................................................................................................................................................................................................................................................................................................................................................................................................................................................................................................................................................................................................................................................................................................................................................................................................................................................................................................................................................................................................................................................................................................................................................................................................................................................................................................................................................................................................................................................................................................................................................................................................................................................................................................................................................................................................................................................................................................................................................................................................................................................................................................................................................................................................................................................................................................................................................................................................................................................................................................................................................................................................................................................................................................................................................................................................................................................................................................................................................................................................................................................................................................................................................................................................................................................................................................................................................................................................................................................................................................................................................................................................................................................................................................................................................................................................................................................................................................................................................................................................................................................................................................................................................................................................................................................................................................................................................................................................................................................................................................................................................................................................................................................................................................................................................................................................................................................................................................................................................................................................................................................................................................................................................................................................................................................................................................................................................................................................................................................................................................................................................................................................................................................................................................................................................................................................................................................................................................................................................................................................................................................................................................................................................................................................................................................................................................................................................................................................................................................................................................................................................................................................................................................................................................................................................................................................................................................................................................................................................................................................................................................................................................................................................................................................................................................................................................................................................................................................................................................................................................................................................................................................................................................................................................................................................................................................................................................................................................................................................................................................................................................................................................................................................................................................................................................................................................................................................................................................................................................................................................................................................................................................................................................................................................................................................................................................................................................................................................................................................................................................................................................................................................................................................................................................................................................................................................................................................................................................................................................................................................................................................................................................................................................................................................................................................................................................................................................................................................................................................................................................................................................................................................................................................................................................................................................................................................................................................................................................................................................................................................................................................................................................................................................................................................................................................................................................................................................................................................................................................................................................................................................................................................................................................................................................................................................................................................................................................................................................................................................................................................................................................................................................................................................................................................................................................................................................................................................................................................................................................................................................................................................................................................................2 ms. Memory: 129024K Free: 85444K (66%)
2 ms. Memory: 129024K Free: 84420K (65%)
2 ms. Memory: 129024K Free: 83892K (65%)
2 ms. Memory: 129024K Free: 83396K (65%)
2 ms. Memory: 129024K Free: 82868K (64%)
/home/travis/build/icyphy/ptII/ptolemy/actor/lib/test/IIR.tcl
/home/travis/build/icyphy/ptII/ptolemy/actor/lib/test/Interpolator.tcl
3 ms. Memory: 129024K Free: 78772K (61%)
2 ms. Memory: 129024K Free: 78276K (61%)
2 ms. Memory: 129024K Free: 77748K (60%)
2 ms. Memory: 129024K Free: 77252K (60%)
3 ms. Memory: 129024K Free: 76228K (59%)
7 ms. Memory: 129024K Free: 75708K (59%)
7 ms. Memory: 129024K Free: 74676K (58%)
3 ms. Memory: 129024K Free: 73635K (57%)
2 ms. Memory: 129024K Free: 72642K (56%)
2 ms. Memory: 129024K Free: 72132K (56%)
/home/travis/build/icyphy/ptII/ptolemy/actor/lib/test/MathFunction.tcl
5 ms. Memory: 129024K Free: 70084K (54%)
3 ms. Memory: 129024K Free: 68546K (53%)
2 ms. Memory: 129024K Free: 67508K (52%)
2 ms. Memory: 129024K Free: 67012K (52%)
3 ms. Memory: 129024K Free: 65474K (51%)
9 ms. Memory: 129024K Free: 63426K (49%)
/home/travis/build/icyphy/ptII/ptolemy/actor/lib/test/Maximum.tcl
5 ms. Memory: 129024K Free: 61892K (48%)
4 ms. Memory: 129024K Free: 60868K (47%)
5 ms. Memory: 129024K Free: 60354K (47%)
8 ms. Memory: 129024K Free: 59844K (46%)
/home/travis/build/icyphy/ptII/ptolemy/actor/lib/test/Minimum.tcl
7 ms. Memory: 129024K Free: 58306K (45%)
4 ms. Memory: 129024K Free: 57268K (44%)
3 ms. Memory: 129024K Free: 56772K (44%)
3 ms. Memory: 129024K Free: 56244K (44%)
/home/travis/build/icyphy/ptII/ptolemy/actor/lib/test/MultiplyDivide.tcl
10 ms. Memory: 129024K Free: 54196K (42%)
8 ms. Memory: 129024K Free: 53172K (41%)
3 ms. Memory: 129024K Free: 52676K (41%)
9 ms. Memory: 129024K Free: 52148K (40%)
5 ms. Memory: 129024K Free: 51124K (40%)
/home/travis/build/icyphy/ptII/ptolemy/actor/lib/test/OrderedMerge.tcl
Connections changed on port: inputA
Connections changed on port: inputB
Connections changed on port: output
Connections changed on port: output
Connections changed on port: output
Connections changed on port: input
.top. Preinitializing ...
Invoking preinitialize():  .top.OrderedMerge
Called preinitialize()
Invoking preinitialize():  .top.Ramp
Called preinitialize()
Invoking preinitialize():  .top.Ramp2
Called preinitialize()
Invoking preinitialize():  .top.Test
Called preinitialize()
Connections changed on port: inputA
Connections changed on port: output
Connections changed on port: output
Connections changed on port: input
Connections changed on port: inputB
Connections changed on port: output
.top. Finished preinitialize().
Called initialize().
Invoking initialize():  .top.OrderedMerge
Initializing actor: .top.OrderedMerge
Adding a thread: .top.OrderedMerge
Invoking initialize():  .top.Ramp
Initializing actor: .top.Ramp
Adding a thread: .top.Ramp
Invoking initialize():  .top.Ramp2
Initializing actor: .top.Ramp2
Adding a thread: .top.Ramp2
Invoking initialize():  .top.Test
Initializing actor: .top.Test
Adding a thread: .top.Test
Called fire().
Checking for deadlock:
-- Starting thread.
Called initialize()
Called prefire()
Called fire()
-- Starting thread.
Called initialize()
Called prefire()
Called fire()
There are 0 Blocked actors, 0 Stopped actors, and 4 active threads.
Waiting for actors to stop.
-- Starting thread.
-- Starting thread.
Called initialize()
Called postfire()
Called prefire()
Called fire()
Called prefire()
Called fire()
Called postfire()
Called prefire()
Called fire()
Called initialize()
Called prefire()
Called fire()
Read input token from inputA with value 0.0
Next port to read input from is inputB
Called postfire()
Called prefire()
Called fire()
Checking for deadlock:
There are 1 Blocked actors, 0 Stopped actors, and 4 active threads.
Waiting for actors to stop.
Called postfire()
Called prefire()
Called fire()
Called postfire()
Called prefire()
Called fire()
Read input token from inputB with value 0.0
Sent output token with value 0.0
Next port to read input from is inputA
Called postfire()
Called prefire()
Called fire()
Read input token from inputA with value 1.0
Checking for deadlock:
There are 2 Blocked actors, 0 Stopped actors, and 4 active threads.
Waiting for actors to stop.
-- Read input: 0.0, which is expected to match: 0.0
Called prefire()
Called fire()
Called postfire()
Called prefire()
Called fire()
Checking for deadlock:
There are 3 Blocked actors, 0 Stopped actors, and 4 active threads.
Waiting for actors to stop.
-- Read input: 0.0, which is expected to match: 0.0
Called prefire()
Called fire()
Checking for deadlock:
There are 3 Blocked actors, 0 Stopped actors, and 4 active threads.
Waiting for actors to stop.
Sent output token with value 0.0
Next port to read input from is inputB
Called postfire()
Called prefire()
Called fire()
Checking for deadlock:
There are 2 Blocked actors, 0 Stopped actors, and 4 active threads.
Waiting for actors to stop.
Called postfire()
Called prefire()
Called fire()
Checking for deadlock:
There are 3 Blocked actors, 0 Stopped actors, and 4 active threads.
Waiting for actors to stop.
Read input token from inputB with value 1.5
Checking for deadlock:
There are 2 Blocked actors, 0 Stopped actors, and 4 active threads.
Waiting for actors to stop.
Sent output token with value 1.0
Next port to read input from is inputA
Called postfire()
Called prefire()
-- Read input: 1.0, which is expected to match: 1.0
Called prefire()
Called fire()
Checking for deadlock:
There are 3 Blocked actors, 0 Stopped actors, and 4 active threads.
Waiting for actors to stop.
Called fire()
Called postfire()
Called prefire()
Called fire()
Checking for deadlock:
There are 3 Blocked actors, 0 Stopped actors, and 4 active threads.
Waiting for actors to stop.
Read input token from inputA with value 2.0
-- Read input: 1.5, which is expected to match: 1.5
Called prefire()
Called fire()
Checking for deadlock:
There are 3 Blocked actors, 0 Stopped actors, and 4 active threads.
Waiting for actors to stop.
Sent output token with value 1.5
Next port to read input from is inputB
Called postfire()
Called prefire()
Called fire()
Checking for deadlock:
There are 2 Blocked actors, 0 Stopped actors, and 4 active threads.
Waiting for actors to stop.
Called postfire()
Called prefire()
Called fire()
Checking for deadlock:
There are 3 Blocked actors, 0 Stopped actors, and 4 active threads.
Waiting for actors to stop.
Read input token from inputB with value 3.0
Checking for deadlock:
There are 2 Blocked actors, 0 Stopped actors, and 4 active threads.
Waiting for actors to stop.
-- Read input: 2.0, which is expected to match: 2.0
Called prefire()
Called fire()
Checking for deadlock:
There are 3 Blocked actors, 0 Stopped actors, and 4 active threads.
Waiting for actors to stop.
Sent output token with value 2.0
Next port to read input from is inputA
Called postfire()
Called prefire()
Called fire()
Called postfire()
Called prefire()
Called fire()
Checking for deadlock:
There are 3 Blocked actors, 0 Stopped actors, and 4 active threads.
Waiting for actors to stop.
Read input token from inputA with value 3.0
-- Read input: 3.0, which is expected to match: 3.0
Called prefire()
Called fire()
Checking for deadlock:
There are 3 Blocked actors, 0 Stopped actors, and 4 active threads.
Waiting for actors to stop.
Sent output token with value 3.0
Next port to read input from is inputB
Called postfire()
Called prefire()
Called fire()
Checking for deadlock:
There are 2 Blocked actors, 0 Stopped actors, and 4 active threads.
Waiting for actors to stop.
Called postfire()
Called prefire()
Called fire()
Checking for deadlock:
There are 3 Blocked actors, 0 Stopped actors, and 4 active threads.
Waiting for actors to stop.
Read input token from inputB with value 4.5
Checking for deadlock:
There are 2 Blocked actors, 0 Stopped actors, and 4 active threads.
Waiting for actors to stop.
-- Read input: 3.0, which is expected to match: 3.0
Called prefire()
Called fire()
Checking for deadlock:
There are 3 Blocked actors, 0 Stopped actors, and 4 active threads.
Waiting for actors to stop.
Sent output token with value 3.0
Next port to read input from is inputA
Called postfire()
Called prefire()
Called fire()
Called postfire()
Called prefire()
Called fire()
Checking for deadlock:
There are 3 Blocked actors, 0 Stopped actors, and 4 active threads.
Waiting for actors to stop.
Read input token from inputA with value 4.0
-- Read input: 4.0, which is expected to match: 4.0
Called prefire()
Called fire()
Past the end of training data. Read and discard all inputs.
Checking for deadlock:
There are 3 Blocked actors, 0 Stopped actors, and 4 active threads.
Waiting for actors to stop.
Sent output token with value 4.0
Next port to read input from is inputA
Called postfire()
Called prefire()
Called fire()
Called postfire()
Called prefire()
Called fire()
Checking for deadlock:
There are 3 Blocked actors, 0 Stopped actors, and 4 active threads.
Waiting for actors to stop.
Read input token from inputA with value 5.0
Called prefire()
Called fire()
Past the end of training data. Read and discard all inputs.
Checking for deadlock:
There are 3 Blocked actors, 0 Stopped actors, and 4 active threads.
Waiting for actors to stop.
Sent output token with value 4.5
Next port to read input from is inputB
Called postfire()
Called prefire()
Called fire()
Checking for deadlock:
There are 2 Blocked actors, 0 Stopped actors, and 4 active threads.
Waiting for actors to stop.
Called postfire()
Called prefire()
Called fire()
Checking for deadlock:
There are 3 Blocked actors, 0 Stopped actors, and 4 active threads.
Waiting for actors to stop.
Read input token from inputB with value 6.0
Checking for deadlock:
There are 2 Blocked actors, 0 Stopped actors, and 4 active threads.
Waiting for actors to stop.
Called prefire()
Called fire()
Past the end of training data. Read and discard all inputs.
Checking for deadlock:
There are 3 Blocked actors, 0 Stopped actors, and 4 active threads.
Waiting for actors to stop.
Sent output token with value 5.0
Next port to read input from is inputA
Called postfire()
Called prefire()
Called fire()
Called postfire()
Called prefire()
Called fire()
Checking for deadlock:
There are 3 Blocked actors, 0 Stopped actors, and 4 active threads.
Waiting for actors to stop.
Read input token from inputA with value 6.0
Called prefire()
Called fire()
Past the end of training data. Read and discard all inputs.
Checking for deadlock:
There are 3 Blocked actors, 0 Stopped actors, and 4 active threads.
Waiting for actors to stop.
Sent output token with value 6.0
Next port to read input from is inputB
Called postfire()
Called prefire()
Called fire()
Checking for deadlock:
There are 2 Blocked actors, 0 Stopped actors, and 4 active threads.
Waiting for actors to stop.
Called postfire()
Called prefire()
Called fire()
Checking for deadlock:
There are 3 Blocked actors, 0 Stopped actors, and 4 active threads.
Waiting for actors to stop.
Read input token from inputB with value 7.5
Checking for deadlock:
There are 2 Blocked actors, 0 Stopped actors, and 4 active threads.
Waiting for actors to stop.
Called prefire()
Called fire()
Past the end of training data. Read and discard all inputs.
Checking for deadlock:
There are 3 Blocked actors, 0 Stopped actors, and 4 active threads.
Waiting for actors to stop.
Sent output token with value 6.0
Next port to read input from is inputA
Called postfire()
Called prefire()
Called fire()
Called postfire()
Called prefire()
Called fire()
Checking for deadlock:
There are 3 Blocked actors, 0 Stopped actors, and 4 active threads.
Waiting for actors to stop.
Read input token from inputA with value 7.0
Called prefire()
Called fire()
Past the end of training data. Read and discard all inputs.
Checking for deadlock:
There are 3 Blocked actors, 0 Stopped actors, and 4 active threads.
Waiting for actors to stop.
Sent output token with value 7.0
Next port to read input from is inputA
Called postfire()
Called prefire()
Called fire()
-- Thread wrapup() called.
Called wrapup()
Thread .top.Ramp is exiting.
-- Thread stopped.
Checking for deadlock:
There are 2 Blocked actors, 0 Stopped actors, and 3 active threads.
Waiting for actors to stop.
Read input token from inputA with value 8.0
Checking for deadlock:
There are 1 Blocked actors, 0 Stopped actors, and 3 active threads.
Waiting for actors to stop.
Called prefire()
Called fire()
Past the end of training data. Read and discard all inputs.
Checking for deadlock:
There are 2 Blocked actors, 0 Stopped actors, and 3 active threads.
Waiting for actors to stop.
Sent output token with value 7.5
Next port to read input from is inputB
Called postfire()
Called prefire()
Called fire()
Checking for deadlock:
There are 1 Blocked actors, 0 Stopped actors, and 3 active threads.
Waiting for actors to stop.
Called postfire()
Called prefire()
Called fire()
Checking for deadlock:
There are 2 Blocked actors, 0 Stopped actors, and 3 active threads.
Waiting for actors to stop.
Read input token from inputB with value 9.0
Checking for deadlock:
There are 1 Blocked actors, 0 Stopped actors, and 3 active threads.
Waiting for actors to stop.
Called prefire()
Called fire()
Past the end of training data. Read and discard all inputs.
Checking for deadlock:
There are 2 Blocked actors, 0 Stopped actors, and 3 active threads.
Waiting for actors to stop.
Sent output token with value 8.0
Next port to read input from is inputA
Called postfire()
Called prefire()
Called fire()
Read input token from inputA with value 9.0
Called prefire()
Called fire()
Checking for deadlock:
There are 1 Blocked actors, 0 Stopped actors, and 3 active threads.
Waiting for actors to stop.
Sent output token with value 9.0
Next port to read input from is inputB
Called postfire()
Called prefire()
Called fire()
Checking for deadlock:
There are 0 Blocked actors, 0 Stopped actors, and 3 active threads.
Waiting for actors to stop.
Called postfire()
Called prefire()
Called fire()
Checking for deadlock:
There are 1 Blocked actors, 0 Stopped actors, and 3 active threads.
Waiting for actors to stop.
Read input token from inputB with value 10.5
Sent output token with value 9.0
Past the end of training data. Read and discard all inputs.
Called prefire()
Called fire()
Past the end of training data. Read and discard all inputs.
Checking for deadlock:
There are 2 Blocked actors, 0 Stopped actors, and 3 active threads.
Waiting for actors to stop.
Next port to read input from is inputA
Called postfire()
Called prefire()
Called fire()
Checking for deadlock:
There are 3 Blocked actors, 0 Stopped actors, and 3 active threads.
Actors have stopped.
Checking for deadlock:
There are 3 Blocked actors, 0 Stopped actors, and 3 active threads.
Deadlock detected.
Resolving Deadlock
Checking for deadlock:
There are 3 Blocked actors, 0 Stopped actors, and 3 active threads.
Artificial Deadlock - increasing queue capacity.
increasing the capacity of receiver ptolemy.actor.TypedIOPort {.top.OrderedMerge.inputB} to 2
-- Thread wrapup() called.
Called wrapup()
Thread .top.Ramp2 is exiting.
-- Thread stopped.
Director: Called postfire().
Called postfire().
_stopRequested = false
_stopFireRequested = false
Returning from postfire(): true
Called fire().
Checking for deadlock:
There are 2 Blocked actors, 0 Stopped actors, and 2 active threads.
Actors have stopped.
Checking for deadlock:
There are 2 Blocked actors, 0 Stopped actors, and 2 active threads.
Deadlock detected.
Resolving Deadlock
Checking for deadlock:
There are 2 Blocked actors, 0 Stopped actors, and 2 active threads.
Deadlock detected: no processes blocked on write, but some are blocked on read.
Called postfire().
_stopRequested = false
_stopFireRequested = false
Returning from postfire(): false
Finished deactivating branches.
Called wrapup().
-- Thread wrapup() called.
Called wrapup()
Thread .top.Test is exiting.
-- Thread stopped.
-- Blocked Receiver call threw TerminateProcessException.
-- Thread wrapup() called.
Called wrapup()
Thread .top.OrderedMerge is exiting.
-- Thread stopped.
-- Blocked Receiver call threw TerminateProcessException.
64 ms. Memory: 129024K Free: 46532K (36%)
.top. Preinitializing ...
Invoking preinitialize():  .top.OrderedMerge
Called preinitialize()
Invoking preinitialize():  .top.Ramp
Called preinitialize()
Invoking preinitialize():  .top.Ramp2
Called preinitialize()
Invoking preinitialize():  .top.Test
Called preinitialize()
.top. Finished preinitialize().
Called initialize().
Invoking initialize():  .top.OrderedMerge
Initializing actor: .top.OrderedMerge
Adding a thread: .top.OrderedMerge
Invoking initialize():  .top.Ramp
Initializing actor: .top.Ramp
Adding a thread: .top.Ramp
Invoking initialize():  .top.Ramp2
Initializing actor: .top.Ramp2
Adding a thread: .top.Ramp2
Invoking initialize():  .top.Test
Initializing actor: .top.Test
Adding a thread: .top.Test
-- Starting thread.
Called initialize()
Called prefire()
Called fire()
-- Starting thread.
Called initialize()
Called prefire()
Called fire()
Called postfire()
Called prefire()
Called fire()
-- Starting thread.
Called initialize()
Called prefire()
Called fire()
Called postfire()
Called prefire()
Called fire()
Called fire().
Checking for deadlock:
There are 3 Blocked actors, 0 Stopped actors, and 4 active threads.
Waiting for actors to stop.
-- Starting thread.
Called initialize()
Called prefire()
Called fire()
Checking for deadlock:
There are 2 Blocked actors, 0 Stopped actors, and 4 active threads.
Waiting for actors to stop.
Called postfire()
Called prefire()
Called fire()
Checking for deadlock:
There are 3 Blocked actors, 0 Stopped actors, and 4 active threads.
Waiting for actors to stop.
Read input token from inputA with value 0.0
Next port to read input from is inputB
Called postfire()
Called prefire()
Called fire()
Checking for deadlock:
There are 2 Blocked actors, 0 Stopped actors, and 4 active threads.
Waiting for actors to stop.
Called postfire()
Called prefire()
Called fire()
Checking for deadlock:
There are 3 Blocked actors, 0 Stopped actors, and 4 active threads.
Waiting for actors to stop.
Read input token from inputB with value 0.0
-- Read input: 0.0, which is expected to match: 0.0
Called prefire()
Called fire()
Checking for deadlock:
There are 3 Blocked actors, 0 Stopped actors, and 4 active threads.
Waiting for actors to stop.
Sent output token with value 0.0
Next port to read input from is inputA
Called postfire()
Called prefire()
Called fire()
Called postfire()
Called prefire()
Called fire()
Checking for deadlock:
There are 3 Blocked actors, 0 Stopped actors, and 4 active threads.
Waiting for actors to stop.
Read input token from inputA with value 1.0
-- Read input: 0.0, which is expected to match: 0.0
Called prefire()
Called fire()
Checking for deadlock:
There are 3 Blocked actors, 0 Stopped actors, and 4 active threads.
Waiting for actors to stop.
Sent output token with value 0.0
Next port to read input from is inputB
Called postfire()
Called prefire()
Called fire()
Checking for deadlock:
There are 2 Blocked actors, 0 Stopped actors, and 4 active threads.
Waiting for actors to stop.
Called postfire()
Called prefire()
Called fire()
Checking for deadlock:
There are 3 Blocked actors, 0 Stopped actors, and 4 active threads.
Waiting for actors to stop.
Read input token from inputB with value 1.5
Checking for deadlock:
There are 2 Blocked actors, 0 Stopped actors, and 4 active threads.
Waiting for actors to stop.
-- Read input: 1.0, which is expected to match: 1.0
Called prefire()
Called fire()
Checking for deadlock:
There are 3 Blocked actors, 0 Stopped actors, and 4 active threads.
Waiting for actors to stop.
Sent output token with value 1.0
Next port to read input from is inputA
Called postfire()
Called prefire()
Called fire()
Called postfire()
Called prefire()
Called fire()
Checking for deadlock:
There are 3 Blocked actors, 0 Stopped actors, and 4 active threads.
Waiting for actors to stop.
Read input token from inputA with value 2.0
-- Read input: 1.5, which is expected to match: 1.5
Called prefire()
Called fire()
Checking for deadlock:
There are 3 Blocked actors, 0 Stopped actors, and 4 active threads.
Waiting for actors to stop.
Sent output token with value 1.5
Next port to read input from is inputB
Called postfire()
Called prefire()
Called fire()
Checking for deadlock:
There are 2 Blocked actors, 0 Stopped actors, and 4 active threads.
Waiting for actors to stop.
Called postfire()
Called prefire()
Called fire()
Checking for deadlock:
There are 3 Blocked actors, 0 Stopped actors, and 4 active threads.
Waiting for actors to stop.
Read input token from inputB with value 3.0
Checking for deadlock:
There are 2 Blocked actors, 0 Stopped actors, and 4 active threads.
Waiting for actors to stop.
-- Read input: 2.0, which is expected to match: 2.0
Called prefire()
Called fire()
Checking for deadlock:
There are 3 Blocked actors, 0 Stopped actors, and 4 active threads.
Waiting for actors to stop.
Sent output token with value 2.0
Next port to read input from is inputA
Called postfire()
Called prefire()
Called fire()
Called postfire()
Called prefire()
Called fire()
Checking for deadlock:
There are 3 Blocked actors, 0 Stopped actors, and 4 active threads.
Waiting for actors to stop.
Read input token from inputA with value 3.0
-- Read input: 3.0, which is expected to match: 3.0
Called prefire()
Called fire()
Checking for deadlock:
There are 3 Blocked actors, 0 Stopped actors, and 4 active threads.
Waiting for actors to stop.
Sent output token with value 3.0
Next port to read input from is inputB
Called postfire()
Called prefire()
Called fire()
Checking for deadlock:
There are 2 Blocked actors, 0 Stopped actors, and 4 active threads.
Waiting for actors to stop.
Read input token from inputB with value 4.5
-- Read input: 3.0, which is expected to match: 3.0
Called prefire()
Called fire()
Checking for deadlock:
There are 2 Blocked actors, 0 Stopped actors, and 4 active threads.
Waiting for actors to stop.
Sent output token with value 3.0
Next port to read input from is inputA
Called postfire()
Called prefire()
Called fire()
Read input token from inputA with value 4.0
Called postfire()
Called prefire()
Called fire()
Checking for deadlock:
There are 2 Blocked actors, 0 Stopped actors, and 4 active threads.
Waiting for actors to stop.
Called postfire()
Called prefire()
Called fire()
Checking for deadlock:
There are 3 Blocked actors, 0 Stopped actors, and 4 active threads.
Waiting for actors to stop.
Sent output token with value 4.0
Next port to read input from is inputA
Called postfire()
Called prefire()
Called fire()
Read input token from inputA with value 5.0
Called postfire()
Called prefire()
Called fire()
Checking for deadlock:
There are 3 Blocked actors, 0 Stopped actors, and 4 active threads.
Waiting for actors to stop.
-- Read input: 4.0, which is expected to match: 4.0
Called prefire()
Called fire()
Past the end of training data. Read and discard all inputs.
Checking for deadlock:
There are 3 Blocked actors, 0 Stopped actors, and 4 active threads.
Waiting for actors to stop.
Called prefire()
Called fire()
Past the end of training data. Read and discard all inputs.
Checking for deadlock:
There are 3 Blocked actors, 0 Stopped actors, and 4 active threads.
Waiting for actors to stop.
Sent output token with value 4.5
Next port to read input from is inputB
Called postfire()
Called prefire()
Called fire()
Checking for deadlock:
There are 2 Blocked actors, 0 Stopped actors, and 4 active threads.
Waiting for actors to stop.
Called postfire()
Called prefire()
Called fire()
Checking for deadlock:
There are 3 Blocked actors, 0 Stopped actors, and 4 active threads.
Waiting for actors to stop.
Read input token from inputB with value 6.0
Checking for deadlock:
There are 2 Blocked actors, 0 Stopped actors, and 4 active threads.
Waiting for actors to stop.
Called prefire()
Called fire()
Past the end of training data. Read and discard all inputs.
Checking for deadlock:
There are 3 Blocked actors, 0 Stopped actors, and 4 active threads.
Waiting for actors to stop.
Sent output token with value 5.0
Next port to read input from is inputA
Called postfire()
Called prefire()
Called fire()
Called postfire()
Called prefire()
Called fire()
Checking for deadlock:
There are 3 Blocked actors, 0 Stopped actors, and 4 active threads.
Waiting for actors to stop.
Read input token from inputA with value 6.0
Called prefire()
Called fire()
Past the end of training data. Read and discard all inputs.
Checking for deadlock:
There are 3 Blocked actors, 0 Stopped actors, and 4 active threads.
Waiting for actors to stop.
Sent output token with value 6.0
Next port to read input from is inputB
Called postfire()
Called prefire()
Called fire()
Checking for deadlock:
There are 2 Blocked actors, 0 Stopped actors, and 4 active threads.
Waiting for actors to stop.
Called postfire()
Called prefire()
Called fire()
Checking for deadlock:
There are 3 Blocked actors, 0 Stopped actors, and 4 active threads.
Waiting for actors to stop.
Read input token from inputB with value 7.5
Checking for deadlock:
There are 2 Blocked actors, 0 Stopped actors, and 4 active threads.
Waiting for actors to stop.
Called prefire()
Called fire()
Past the end of training data. Read and discard all inputs.
Checking for deadlock:
There are 3 Blocked actors, 0 Stopped actors, and 4 active threads.
Waiting for actors to stop.
Sent output token with value 6.0
Next port to read input from is inputA
Called postfire()
Called prefire()
Called fire()
Called postfire()
Called prefire()
Called fire()
Checking for deadlock:
There are 3 Blocked actors, 0 Stopped actors, and 4 active threads.
Waiting for actors to stop.
Read input token from inputA with value 7.0
Called prefire()
Called fire()
Past the end of training data. Read and discard all inputs.
Checking for deadlock:
There are 3 Blocked actors, 0 Stopped actors, and 4 active threads.
Waiting for actors to stop.
Sent output token with value 7.0
Next port to read input from is inputA
Called postfire()
Called prefire()
Called fire()
-- Thread wrapup() called.
Called wrapup()
Thread .top.Ramp is exiting.
-- Thread stopped.
Checking for deadlock:
There are 2 Blocked actors, 0 Stopped actors, and 3 active threads.
Waiting for actors to stop.
Read input token from inputA with value 8.0
Called prefire()
Called fire()
Past the end of training data. Read and discard all inputs.
Checking for deadlock:
There are 2 Blocked actors, 0 Stopped actors, and 3 active threads.
Waiting for actors to stop.
Sent output token with value 7.5
Next port to read input from is inputB
Called postfire()
Called prefire()
Called fire()
Called postfire()
Called prefire()
Called fire()
Checking for deadlock:
There are 2 Blocked actors, 0 Stopped actors, and 3 active threads.
Waiting for actors to stop.
Read input token from inputB with value 9.0
Called prefire()
Called fire()
Past the end of training data. Read and discard all inputs.
Checking for deadlock:
There are 2 Blocked actors, 0 Stopped actors, and 3 active threads.
Waiting for actors to stop.
Sent output token with value 8.0
Next port to read input from is inputA
Called postfire()
Called prefire()
Called fire()
Read input token from inputA with value 9.0
Called prefire()
Called fire()
Past the end of training data. Read and discard all inputs.
Checking for deadlock:
There are 2 Blocked actors, 0 Stopped actors, and 3 active threads.
Waiting for actors to stop.
Sent output token with value 9.0
Next port to read input from is inputB
Called postfire()
Called prefire()
Called fire()
Checking for deadlock:
There are 1 Blocked actors, 0 Stopped actors, and 3 active threads.
Waiting for actors to stop.
Called postfire()
Called prefire()
Called fire()
Checking for deadlock:
There are 2 Blocked actors, 0 Stopped actors, and 3 active threads.
Waiting for actors to stop.
Read input token from inputB with value 10.5
Checking for deadlock:
There are 1 Blocked actors, 0 Stopped actors, and 3 active threads.
Waiting for actors to stop.
Called prefire()
Called fire()
Past the end of training data. Read and discard all inputs.
Checking for deadlock:
There are 2 Blocked actors, 0 Stopped actors, and 3 active threads.
Waiting for actors to stop.
Sent output token with value 9.0
Next port to read input from is inputA
Called postfire()
Called prefire()
Called fire()
Checking for deadlock:
There are 3 Blocked actors, 0 Stopped actors, and 3 active threads.
Actors have stopped.
Checking for deadlock:
There are 3 Blocked actors, 0 Stopped actors, and 3 active threads.
Deadlock detected.
Resolving Deadlock
Checking for deadlock:
There are 3 Blocked actors, 0 Stopped actors, and 3 active threads.
Artificial Deadlock - increasing queue capacity.
increasing the capacity of receiver ptolemy.actor.TypedIOPort {.top.OrderedMerge.inputB} to 2
Director: Called postfire().
Called postfire().
_stopRequested = false
_stopFireRequested = false
Returning from postfire(): true
Called fire().
Checking for deadlock:
There are 2 Blocked actors, 0 Stopped actors, and 3 active threads.
Waiting for actors to stop.
-- Thread wrapup() called.
Called wrapup()
Thread .top.Ramp2 is exiting.
-- Thread stopped.
Checking for deadlock:
There are 2 Blocked actors, 0 Stopped actors, and 2 active threads.
Actors have stopped.
Checking for deadlock:
There are 2 Blocked actors, 0 Stopped actors, and 2 active threads.
Deadlock detected.
Resolving Deadlock
Checking for deadlock:
There are 2 Blocked actors, 0 Stopped actors, and 2 active threads.
Deadlock detected: no processes blocked on write, but some are blocked on read.
Called postfire().
_stopRequested = false
_stopFireRequested = false
Returning from postfire(): false
Finished deactivating branches.
Called wrapup().
-- Thread wrapup() called.
Called wrapup()
-- Thread wrapup() called.
Called wrapup()
Thread .top.Test is exiting.
-- Thread stopped.
-- Blocked Receiver call threw TerminateProcessException.
Thread .top.OrderedMerge is exiting.
-- Thread stopped.
-- Blocked Receiver call threw TerminateProcessException.
50 ms. Memory: 129024K Free: 111239K (86%)
/home/travis/build/icyphy/ptII/ptolemy/actor/lib/test/Publisher.tcl
16 ms. Memory: 129024K Free: 105486K (82%)
5 ms. Memory: 155648K Free: 134179K (86%)
3 ms. Memory: 155648K Free: 130593K (84%)
4 ms. Memory: 155648K Free: 129569K (83%)
3 ms. Memory: 155648K Free: 129059K (83%)
3 ms. Memory: 155648K Free: 128035K (82%)
3 ms. Memory: 155648K Free: 127011K (82%)
3 ms. Memory: 155648K Free: 126483K (81%)
47 ms. Memory: 155648K Free: 116257K (75%)
16 ms. Memory: 155648K Free: 112675K (72%)
2 ms. Memory: 155648K Free: 111651K (72%)
12 ms. Memory: 155648K Free: 109603K (70%)
7 ms. Memory: 155648K Free: 101907K (65%)
6 ms. Memory: 155648K Free: 92705K (60%)
6 ms. Memory: 155648K Free: 81441K (52%)
/home/travis/build/icyphy/ptII/ptolemy/actor/lib/test/Pulse.tcl
5 ms. Memory: 155648K Free: 112833K (72%)
8 ms. Memory: 155648K Free: 112305K (72%)
3 ms. Memory: 155648K Free: 111809K (72%)
2 ms. Memory: 155648K Free: 111281K (71%)
4 ms. Memory: 155648K Free: 110785K (71%)
7 ms. Memory: 155648K Free: 109761K (71%)
5 ms. Memory: 155648K Free: 108737K (70%)
5 ms. Memory: 155648K Free: 108223K (70%)
2 ms. Memory: 155648K Free: 107199K (69%)
/home/travis/build/icyphy/ptII/ptolemy/actor/lib/test/Ramp.tcl
5 ms. Memory: 155648K Free: 105137K (68%)
4 ms. Memory: 155648K Free: 104641K (67%)
3 ms. Memory: 155648K Free: 104113K (67%)
2 ms. Memory: 155648K Free: 103089K (66%)
6 ms. Memory: 155648K Free: 102593K (66%)
8 ms. Memory: 155648K Free: 101569K (65%)
6 ms. Memory: 155648K Free: 100545K (65%)
5 actors
5000 microseconds per iteration to create
11 ms. Memory: 155648K Free: 97983K (63%)
2 ms. Memory: 155648K Free: 96945K (62%)
6 ms. Memory: 155648K Free: 96449K (62%)
2 ms. Memory: 155648K Free: 95921K (62%)
50 actors
48000 microseconds per iteration to create
38 ms. Memory: 155648K Free: 80575K (52%)
19 ms. Memory: 155648K Free: 79551K (51%)
5 ms. Memory: 155648K Free: 78527K (50%)
5 ms. Memory: 155648K Free: 77503K (50%)
500 actors
1558000 microseconds per iteration to create
217 ms. Memory: 155648K Free: 69360K (45%)
78 ms. Memory: 155648K Free: 63730K (41%)
91 ms. Memory: 155648K Free: 58610K (38%)
86 ms. Memory: 187392K Free: 161768K (86%)
/home/travis/build/icyphy/ptII/ptolemy/actor/lib/test/RampContinuous.tcl
7 ms. Memory: 187392K Free: 160172K (85%)
/home/travis/build/icyphy/ptII/ptolemy/actor/lib/test/RecordAssembler.tcl
5 ms. Memory: 187392K Free: 158696K (85%)
3 ms. Memory: 187392K Free: 157672K (84%)
/home/travis/build/icyphy/ptII/ptolemy/actor/lib/test/RecordDisassembler.tcl
7 ms. Memory: 187392K Free: 156119K (83%)
3 ms. Memory: 187392K Free: 155095K (83%)
4 ms. Memory: 187392K Free: 154071K (82%)
/home/travis/build/icyphy/ptII/ptolemy/actor/lib/test/Scale.tcl
3 ms. Memory: 187392K Free: 152038K (81%)
2 ms. Memory: 187392K Free: 151528K (81%)
2 ms. Memory: 187392K Free: 151007K (81%)
3 ms. Memory: 187392K Free: 149975K (80%)
3 ms. Memory: 187392K Free: 148951K (79%)
/home/travis/build/icyphy/ptII/ptolemy/actor/lib/test/SequentialClock.tcl
preinitializing
resolving types
initializing
executing number 1
wrapping up
idle
4 ms. Memory: 187392K Free: 147927K (79%)
Completed execution with 5 iterations
preinitializing
resolving types
initializing
executing number 1
wrapping up
idle
2 ms. Memory: 187392K Free: 147432K (79%)
Completed execution with 5 iterations
preinitializing
resolving types
initializing
executing number 1
wrapping up
idle
2 ms. Memory: 187392K Free: 146918K (78%)
Completed execution with 5 iterations
/home/travis/build/icyphy/ptII/ptolemy/actor/lib/test/SetVariable.tcl
4 ms. Memory: 187392K Free: 144855K (77%)
/home/travis/build/icyphy/ptII/ptolemy/actor/lib/test/Sinewave.tcl
/home/travis/build/icyphy/ptII/ptolemy/actor/lib/test/SubscriptionAggregator.tcl
5 ms. Memory: 187392K Free: 133606K (71%)
3 ms. Memory: 187392K Free: 133096K (71%)
1 ms. Memory: 187392K Free: 132582K (71%)
1 ms. Memory: 187392K Free: 132072K (70%)
2 ms. Memory: 187392K Free: 128471K (69%)
9 ms. Memory: 187392K Free: 126438K (67%)
...............................................................991 ms. Memory: 313344K Free: 255508K (82%)
/home/travis/build/icyphy/ptII/ptolemy/actor/lib/test/Test.tcl
 The next command will produce a warning about training mode,
   which may be ignored.
4 ms. Memory: 313344K Free: 253462K (81%)
3 ms. Memory: 313344K Free: 252438K (81%)
1 ms. Memory: 313344K Free: 251910K (80%)
1 ms. Memory: 313344K Free: 251414K (80%)
2 ms. Memory: 313344K Free: 250894K (80%)
2 ms. Memory: 313344K Free: 249366K (80%)
2 ms. Memory: 313344K Free: 248342K (79%)
 The next command will produce a warning about training mode,
   which may be ignored.
4 ms. Memory: 313344K Free: 245774K (78%)
 The next command will produce a warning about training mode,
   which may be ignored.
11 ms. Memory: 313344K Free: 244756K (78%)
1 ms. Memory: 313344K Free: 244246K (78%)
1 ms. Memory: 313344K Free: 243718K (78%)
1 ms. Memory: 313344K Free: 243222K (78%)
5 ms. Memory: 313344K Free: 242198K (77%)
5 ms. Memory: 313344K Free: 238598K (76%)
/home/travis/build/icyphy/ptII/ptolemy/actor/lib/test/TestExceptionHandler.tcl
 The next command will produce a warning about training mode,
   which may be ignored.
3 ms. Memory: 313344K Free: 237078K (76%)
1 ms. Memory: 313344K Free: 236550K (75%)
1 ms. Memory: 313344K Free: 236054K (75%)
/home/travis/build/icyphy/ptII/ptolemy/actor/lib/test/UnionDisassembler.tcl
28 ms. Memory: 313344K Free: 228886K (73%)
/home/travis/build/icyphy/ptII/ptolemy/actor/lib/test/VariableClock.tcl
preinitializing
resolving types
initializing
executing number 1
wrapping up
idle
11 ms. Memory: 313344K Free: 226838K (72%)
Completed execution with 11 iterations
preinitializing
resolving types
initializing
executing number 1
wrapping up
idle
4 ms. Memory: 313344K Free: 225300K (72%)
Completed execution with 10 iterations
03/23/20 01:36:46
Failed: 0  Total Tests: 233  ((Passed: 233, Newly Passed: 0)  Known Failed: 0) /home/travis/build/icyphy/ptII/ptolemy/actor/lib/test
----------------- testing (KnownFailure) /home/travis/build/icyphy/ptII/ptolemy/actor/lib/test/auto/knownFailedTests/PublisherPortToplevelSubscriber.xml
1 ms. Memory: 313344K Free: 222228K (71%)
Known Failure: java.lang.reflect.InvocationTargetException
----------------- testing (KnownFailure) /home/travis/build/icyphy/ptII/ptolemy/actor/lib/test/auto/knownFailedTests/PublisherSubscriberPortToplevel.xml
1 ms. Memory: 313344K Free: 218132K (70%)
Known Failure: java.lang.reflect.InvocationTargetException
----------------- testing (KnownFailure) /home/travis/build/icyphy/ptII/ptolemy/actor/lib/test/auto/knownFailedTests/PublisherSubscriptionAggregatorPort.xml
0 ms. Memory: 313344K Free: 214036K (68%)
Known Failure: java.lang.reflect.InvocationTargetException
----------------- testing (KnownFailure) /home/travis/build/icyphy/ptII/ptolemy/actor/lib/test/auto/knownFailedTests/sizedarray3.xml
10 ms. Memory: 313344K Free: 209940K (67%)
Known Failure: java.lang.reflect.InvocationTargetException
No auto/linux-amd64/*.xml tests in /home/travis/build/icyphy/ptII/ptolemy/actor/lib/test
AutoTests.java: About to close Vertx.
AutoTests.java: Vertx closed.

===========================================================================================
----------------- testing Mon Mar 23 13:36:46 UTC 2020 /home/travis/build/icyphy/ptII/ptolemy/actor/lib/test/auto/AbsoluteValue.xml
----------------- Instantiating /home/travis/build/icyphy/ptII/ptolemy/actor/lib/test/auto/AbsoluteValue.xml
4 ms. Memory: 313344K Free: 186902K (60%)
----------------- Invoking toplevel() on ptolemy.moml.MoMLSimpleApplication@43beab56
----------------- Done invoking toplevel() on ptolemy.moml.MoMLSimpleApplication@43beab56
reloadAllAccessors: .AbsoluteValue

===========================================================================================
----------------- testing Mon Mar 23 13:36:46 UTC 2020 /home/travis/build/icyphy/ptII/ptolemy/actor/lib/test/auto/AbsoluteValue2.xml
----------------- Instantiating /home/travis/build/icyphy/ptII/ptolemy/actor/lib/test/auto/AbsoluteValue2.xml
5 ms. Memory: 313344K Free: 179734K (57%)
----------------- Invoking toplevel() on ptolemy.moml.MoMLSimpleApplication@37ba9154
----------------- Done invoking toplevel() on ptolemy.moml.MoMLSimpleApplication@37ba9154
reloadAllAccessors: .AbsoluteValue2

===========================================================================================
----------------- testing Mon Mar 23 13:36:46 UTC 2020 /home/travis/build/icyphy/ptII/ptolemy/actor/lib/test/auto/Accumulator.xml
----------------- Instantiating /home/travis/build/icyphy/ptII/ptolemy/actor/lib/test/auto/Accumulator.xml
6 ms. Memory: 313344K Free: 173590K (55%)
----------------- Invoking toplevel() on ptolemy.moml.MoMLSimpleApplication@6df7dcb6
----------------- Done invoking toplevel() on ptolemy.moml.MoMLSimpleApplication@6df7dcb6
reloadAllAccessors: .Accumulator

===========================================================================================
----------------- testing Mon Mar 23 13:36:46 UTC 2020 /home/travis/build/icyphy/ptII/ptolemy/actor/lib/test/auto/Accumulator2.xml
----------------- Instantiating /home/travis/build/icyphy/ptII/ptolemy/actor/lib/test/auto/Accumulator2.xml
3 ms. Memory: 313344K Free: 168470K (54%)
----------------- Invoking toplevel() on ptolemy.moml.MoMLSimpleApplication@266cae8d
----------------- Done invoking toplevel() on ptolemy.moml.MoMLSimpleApplication@266cae8d
reloadAllAccessors: .Accumulator2

===========================================================================================
----------------- testing Mon Mar 23 13:36:46 UTC 2020 /home/travis/build/icyphy/ptII/ptolemy/actor/lib/test/auto/Accumulator3.xml
----------------- Instantiating /home/travis/build/icyphy/ptII/ptolemy/actor/lib/test/auto/Accumulator3.xml
3 ms. Memory: 313344K Free: 163860K (52%)
----------------- Invoking toplevel() on ptolemy.moml.MoMLSimpleApplication@2e7dcb84
----------------- Done invoking toplevel() on ptolemy.moml.MoMLSimpleApplication@2e7dcb84
reloadAllAccessors: .Accumulator3

===========================================================================================
----------------- testing Mon Mar 23 13:36:46 UTC 2020 /home/travis/build/icyphy/ptII/ptolemy/actor/lib/test/auto/ArrayAppend.xml
----------------- Instantiating /home/travis/build/icyphy/ptII/ptolemy/actor/lib/test/auto/ArrayAppend.xml
5 ms. Memory: 313344K Free: 158230K (50%)
----------------- Invoking toplevel() on ptolemy.moml.MoMLSimpleApplication@359a15cf
----------------- Done invoking toplevel() on ptolemy.moml.MoMLSimpleApplication@359a15cf
reloadAllAccessors: .ArrayAppend

===========================================================================================
----------------- testing Mon Mar 23 13:36:46 UTC 2020 /home/travis/build/icyphy/ptII/ptolemy/actor/lib/test/auto/ArrayAppend2.xml
----------------- Instantiating /home/travis/build/icyphy/ptII/ptolemy/actor/lib/test/auto/ArrayAppend2.xml
297 ms. Memory: 313344K Free: 98838K (32%)
----------------- Invoking toplevel() on ptolemy.moml.MoMLSimpleApplication@7205a00b
----------------- Done invoking toplevel() on ptolemy.moml.MoMLSimpleApplication@7205a00b
reloadAllAccessors: .ArrayAppend2

===========================================================================================
----------------- testing Mon Mar 23 13:36:47 UTC 2020 /home/travis/build/icyphy/ptII/ptolemy/actor/lib/test/auto/ArrayAppend3.xml
----------------- Instantiating /home/travis/build/icyphy/ptII/ptolemy/actor/lib/test/auto/ArrayAppend3.xml
5 ms. Memory: 313344K Free: 260307K (83%)
----------------- Invoking toplevel() on ptolemy.moml.MoMLSimpleApplication@5616a772
----------------- Done invoking toplevel() on ptolemy.moml.MoMLSimpleApplication@5616a772
reloadAllAccessors: .ArrayAppend3

===========================================================================================
----------------- testing Mon Mar 23 13:36:47 UTC 2020 /home/travis/build/icyphy/ptII/ptolemy/actor/lib/test/auto/ArrayAppend4.xml
----------------- Instantiating /home/travis/build/icyphy/ptII/ptolemy/actor/lib/test/auto/ArrayAppend4.xml
2 ms. Memory: 313344K Free: 255187K (81%)
----------------- Invoking toplevel() on ptolemy.moml.MoMLSimpleApplication@53b44af5
----------------- Done invoking toplevel() on ptolemy.moml.MoMLSimpleApplication@53b44af5
reloadAllAccessors: .ArrayAppend4

===========================================================================================
----------------- testing Mon Mar 23 13:36:47 UTC 2020 /home/travis/build/icyphy/ptII/ptolemy/actor/lib/test/auto/ArrayAppend5.xml
----------------- Instantiating /home/travis/build/icyphy/ptII/ptolemy/actor/lib/test/auto/ArrayAppend5.xml
3 ms. Memory: 313344K Free: 250067K (80%)
----------------- Invoking toplevel() on ptolemy.moml.MoMLSimpleApplication@2a918a6a
----------------- Done invoking toplevel() on ptolemy.moml.MoMLSimpleApplication@2a918a6a
reloadAllAccessors: .ArrayAppend5

===========================================================================================
----------------- testing Mon Mar 23 13:36:47 UTC 2020 /home/travis/build/icyphy/ptII/ptolemy/actor/lib/test/auto/ArrayAppend6.xml
----------------- Instantiating /home/travis/build/icyphy/ptII/ptolemy/actor/lib/test/auto/ArrayAppend6.xml
3 ms. Memory: 313344K Free: 244933K (78%)
----------------- Invoking toplevel() on ptolemy.moml.MoMLSimpleApplication@458cd38f
----------------- Done invoking toplevel() on ptolemy.moml.MoMLSimpleApplication@458cd38f
reloadAllAccessors: .ArrayAppend6

===========================================================================================
----------------- testing Mon Mar 23 13:36:47 UTC 2020 /home/travis/build/icyphy/ptII/ptolemy/actor/lib/test/auto/ArrayAppendPerformanceTest.xml
----------------- Instantiating /home/travis/build/icyphy/ptII/ptolemy/actor/lib/test/auto/ArrayAppendPerformanceTest.xml
37 ms. Memory: 313344K Free: 233683K (75%)
----------------- Invoking toplevel() on ptolemy.moml.MoMLSimpleApplication@2898f74b
----------------- Done invoking toplevel() on ptolemy.moml.MoMLSimpleApplication@2898f74b
reloadAllAccessors: .ArrayAppendPerformanceTest

===========================================================================================
----------------- testing Mon Mar 23 13:36:47 UTC 2020 /home/travis/build/icyphy/ptII/ptolemy/actor/lib/test/auto/ArrayAppendWithEmptyInput.xml
----------------- Instantiating /home/travis/build/icyphy/ptII/ptolemy/actor/lib/test/auto/ArrayAppendWithEmptyInput.xml
18 ms. Memory: 313344K Free: 226005K (72%)
----------------- Invoking toplevel() on ptolemy.moml.MoMLSimpleApplication@3d61922d
----------------- Done invoking toplevel() on ptolemy.moml.MoMLSimpleApplication@3d61922d
reloadAllAccessors: .ArrayAppendWithEmptyInput

===========================================================================================
----------------- testing Mon Mar 23 13:36:47 UTC 2020 /home/travis/build/icyphy/ptII/ptolemy/actor/lib/test/auto/ArrayAverage.xml
----------------- Instantiating /home/travis/build/icyphy/ptII/ptolemy/actor/lib/test/auto/ArrayAverage.xml
12 ms. Memory: 313344K Free: 217813K (70%)
----------------- Invoking toplevel() on ptolemy.moml.MoMLSimpleApplication@7e22fe4b
----------------- Done invoking toplevel() on ptolemy.moml.MoMLSimpleApplication@7e22fe4b
reloadAllAccessors: .ArrayAverage

===========================================================================================
----------------- testing Mon Mar 23 13:36:47 UTC 2020 /home/travis/build/icyphy/ptII/ptolemy/actor/lib/test/auto/ArrayContains.xml
----------------- Instantiating /home/travis/build/icyphy/ptII/ptolemy/actor/lib/test/auto/ArrayContains.xml
7 ms. Memory: 313344K Free: 212179K (68%)
----------------- Invoking toplevel() on ptolemy.moml.MoMLSimpleApplication@77f626f9
----------------- Done invoking toplevel() on ptolemy.moml.MoMLSimpleApplication@77f626f9
reloadAllAccessors: .ArrayContains

===========================================================================================
----------------- testing Mon Mar 23 13:36:47 UTC 2020 /home/travis/build/icyphy/ptII/ptolemy/actor/lib/test/auto/ArrayElement.xml
----------------- Instantiating /home/travis/build/icyphy/ptII/ptolemy/actor/lib/test/auto/ArrayElement.xml
5 ms. Memory: 313344K Free: 206035K (66%)
----------------- Invoking toplevel() on ptolemy.moml.MoMLSimpleApplication@19f54317
----------------- Done invoking toplevel() on ptolemy.moml.MoMLSimpleApplication@19f54317
reloadAllAccessors: .ArrayElement

===========================================================================================
----------------- testing Mon Mar 23 13:36:47 UTC 2020 /home/travis/build/icyphy/ptII/ptolemy/actor/lib/test/auto/ArrayElementAsMatrix.xml
----------------- Instantiating /home/travis/build/icyphy/ptII/ptolemy/actor/lib/test/auto/ArrayElementAsMatrix.xml
22 ms. Memory: 313344K Free: 196309K (63%)
----------------- Invoking toplevel() on ptolemy.moml.MoMLSimpleApplication@351e04b6
----------------- Done invoking toplevel() on ptolemy.moml.MoMLSimpleApplication@351e04b6
reloadAllAccessors: .ArrayElementAsMatrix

===========================================================================================
----------------- testing Mon Mar 23 13:36:47 UTC 2020 /home/travis/build/icyphy/ptII/ptolemy/actor/lib/test/auto/ArrayElementI.xml
----------------- Instantiating /home/travis/build/icyphy/ptII/ptolemy/actor/lib/test/auto/ArrayElementI.xml
5 ms. Memory: 313344K Free: 191189K (61%)
----------------- Invoking toplevel() on ptolemy.moml.MoMLSimpleApplication@3328c83
----------------- Done invoking toplevel() on ptolemy.moml.MoMLSimpleApplication@3328c83
reloadAllAccessors: .ArrayElementI

===========================================================================================
----------------- testing Mon Mar 23 13:36:47 UTC 2020 /home/travis/build/icyphy/ptII/ptolemy/actor/lib/test/auto/ArrayExtract.xml
----------------- Instantiating /home/travis/build/icyphy/ptII/ptolemy/actor/lib/test/auto/ArrayExtract.xml
3 ms. Memory: 313344K Free: 182483K (58%)
----------------- Invoking toplevel() on ptolemy.moml.MoMLSimpleApplication@220a0d08
----------------- Done invoking toplevel() on ptolemy.moml.MoMLSimpleApplication@220a0d08
reloadAllAccessors: .ArrayExtract

===========================================================================================
----------------- testing Mon Mar 23 13:36:47 UTC 2020 /home/travis/build/icyphy/ptII/ptolemy/actor/lib/test/auto/ArrayExtract2.xml
----------------- Instantiating /home/travis/build/icyphy/ptII/ptolemy/actor/lib/test/auto/ArrayExtract2.xml
2 ms. Memory: 313344K Free: 177333K (57%)
----------------- Invoking toplevel() on ptolemy.moml.MoMLSimpleApplication@6c4e21cb
----------------- Done invoking toplevel() on ptolemy.moml.MoMLSimpleApplication@6c4e21cb
reloadAllAccessors: .ArrayExtract2

===========================================================================================
----------------- testing Mon Mar 23 13:36:47 UTC 2020 /home/travis/build/icyphy/ptII/ptolemy/actor/lib/test/auto/ArrayLength.xml
----------------- Instantiating /home/travis/build/icyphy/ptII/ptolemy/actor/lib/test/auto/ArrayLength.xml
2 ms. Memory: 313344K Free: 173267K (55%)
----------------- Invoking toplevel() on ptolemy.moml.MoMLSimpleApplication@45b636fb
----------------- Done invoking toplevel() on ptolemy.moml.MoMLSimpleApplication@45b636fb
reloadAllAccessors: .ArrayLength

===========================================================================================
----------------- testing Mon Mar 23 13:36:47 UTC 2020 /home/travis/build/icyphy/ptII/ptolemy/actor/lib/test/auto/ArrayLevelCrossing.xml
----------------- Instantiating /home/travis/build/icyphy/ptII/ptolemy/actor/lib/test/auto/ArrayLevelCrossing.xml
4 ms. Memory: 313344K Free: 165589K (53%)
----------------- Invoking toplevel() on ptolemy.moml.MoMLSimpleApplication@28c5ee69
----------------- Done invoking toplevel() on ptolemy.moml.MoMLSimpleApplication@28c5ee69
reloadAllAccessors: .ArrayLevelCrossing

===========================================================================================
----------------- testing Mon Mar 23 13:36:47 UTC 2020 /home/travis/build/icyphy/ptII/ptolemy/actor/lib/test/auto/ArrayLevelCrossing2.xml
----------------- Instantiating /home/travis/build/icyphy/ptII/ptolemy/actor/lib/test/auto/ArrayLevelCrossing2.xml
3 ms. Memory: 313344K Free: 158421K (51%)
----------------- Invoking toplevel() on ptolemy.moml.MoMLSimpleApplication@5ce89b20
----------------- Done invoking toplevel() on ptolemy.moml.MoMLSimpleApplication@5ce89b20
reloadAllAccessors: .ArrayLevelCrossing2

===========================================================================================
----------------- testing Mon Mar 23 13:36:47 UTC 2020 /home/travis/build/icyphy/ptII/ptolemy/actor/lib/test/auto/ArrayPeakSearch.xml
----------------- Instantiating /home/travis/build/icyphy/ptII/ptolemy/actor/lib/test/auto/ArrayPeakSearch.xml
4 ms. Memory: 313344K Free: 149715K (48%)
----------------- Invoking toplevel() on ptolemy.moml.MoMLSimpleApplication@728120c4
----------------- Done invoking toplevel() on ptolemy.moml.MoMLSimpleApplication@728120c4
reloadAllAccessors: .ArrayPeakSearch

===========================================================================================
----------------- testing Mon Mar 23 13:36:48 UTC 2020 /home/travis/build/icyphy/ptII/ptolemy/actor/lib/test/auto/ArrayPeakSearch2.xml
----------------- Instantiating /home/travis/build/icyphy/ptII/ptolemy/actor/lib/test/auto/ArrayPeakSearch2.xml
5 ms. Memory: 313344K Free: 138965K (44%)
----------------- Invoking toplevel() on ptolemy.moml.MoMLSimpleApplication@79970016
----------------- Done invoking toplevel() on ptolemy.moml.MoMLSimpleApplication@79970016
reloadAllAccessors: .ArrayPeakSearch2

===========================================================================================
----------------- testing Mon Mar 23 13:36:48 UTC 2020 /home/travis/build/icyphy/ptII/ptolemy/actor/lib/test/auto/ArrayPeakSearch3.xml
----------------- Instantiating /home/travis/build/icyphy/ptII/ptolemy/actor/lib/test/auto/ArrayPeakSearch3.xml
4 ms. Memory: 313344K Free: 130259K (42%)
----------------- Invoking toplevel() on ptolemy.moml.MoMLSimpleApplication@1957e6ac
----------------- Done invoking toplevel() on ptolemy.moml.MoMLSimpleApplication@1957e6ac
reloadAllAccessors: .ArrayPeakSearch3

===========================================================================================
----------------- testing Mon Mar 23 13:36:48 UTC 2020 /home/travis/build/icyphy/ptII/ptolemy/actor/lib/test/auto/ArrayRemoveElement.xml
----------------- Instantiating /home/travis/build/icyphy/ptII/ptolemy/actor/lib/test/auto/ArrayRemoveElement.xml
3 ms. Memory: 313344K Free: 122067K (39%)
----------------- Invoking toplevel() on ptolemy.moml.MoMLSimpleApplication@4d63e73c
----------------- Done invoking toplevel() on ptolemy.moml.MoMLSimpleApplication@4d63e73c
reloadAllAccessors: .ArrayRemoveElement

===========================================================================================
----------------- testing Mon Mar 23 13:36:48 UTC 2020 /home/travis/build/icyphy/ptII/ptolemy/actor/lib/test/auto/ArraySort.xml
----------------- Instantiating /home/travis/build/icyphy/ptII/ptolemy/actor/lib/test/auto/ArraySort.xml
4 ms. Memory: 313344K Free: 113365K (36%)
----------------- Invoking toplevel() on ptolemy.moml.MoMLSimpleApplication@7bb6f07
----------------- Done invoking toplevel() on ptolemy.moml.MoMLSimpleApplication@7bb6f07
reloadAllAccessors: .ArraySort

===========================================================================================
----------------- testing Mon Mar 23 13:36:48 UTC 2020 /home/travis/build/icyphy/ptII/ptolemy/actor/lib/test/auto/ArraySum.xml
----------------- Instantiating /home/travis/build/icyphy/ptII/ptolemy/actor/lib/test/auto/ArraySum.xml
5 ms. Memory: 313344K Free: 107731K (34%)
----------------- Invoking toplevel() on ptolemy.moml.MoMLSimpleApplication@6ac67008
----------------- Done invoking toplevel() on ptolemy.moml.MoMLSimpleApplication@6ac67008
reloadAllAccessors: .ArraySum

===========================================================================================
----------------- testing Mon Mar 23 13:36:48 UTC 2020 /home/travis/build/icyphy/ptII/ptolemy/actor/lib/test/auto/ArrayToElements.xml
----------------- Instantiating /home/travis/build/icyphy/ptII/ptolemy/actor/lib/test/auto/ArrayToElements.xml
6 ms. Memory: 313344K Free: 102611K (33%)
----------------- Invoking toplevel() on ptolemy.moml.MoMLSimpleApplication@9407540
----------------- Done invoking toplevel() on ptolemy.moml.MoMLSimpleApplication@9407540
reloadAllAccessors: .ArrayToElements

===========================================================================================
----------------- testing Mon Mar 23 13:36:48 UTC 2020 /home/travis/build/icyphy/ptII/ptolemy/actor/lib/test/auto/ArrayToMatrix.xml
----------------- Instantiating /home/travis/build/icyphy/ptII/ptolemy/actor/lib/test/auto/ArrayToMatrix.xml
8 ms. Memory: 313344K Free: 88275K (28%)
----------------- Invoking toplevel() on ptolemy.moml.MoMLSimpleApplication@7eba4cd7
----------------- Done invoking toplevel() on ptolemy.moml.MoMLSimpleApplication@7eba4cd7
reloadAllAccessors: .ArrayToMatrix

===========================================================================================
----------------- testing Mon Mar 23 13:36:48 UTC 2020 /home/travis/build/icyphy/ptII/ptolemy/actor/lib/test/auto/ArrayUpdate1.xml
----------------- Instantiating /home/travis/build/icyphy/ptII/ptolemy/actor/lib/test/auto/ArrayUpdate1.xml
5 ms. Memory: 313344K Free: 261333K (83%)
----------------- Invoking toplevel() on ptolemy.moml.MoMLSimpleApplication@cbf844e
----------------- Done invoking toplevel() on ptolemy.moml.MoMLSimpleApplication@cbf844e
reloadAllAccessors: .ArrayUpdate1

===========================================================================================
----------------- testing Mon Mar 23 13:36:48 UTC 2020 /home/travis/build/icyphy/ptII/ptolemy/actor/lib/test/auto/ArrayUpdate2.xml
----------------- Instantiating /home/travis/build/icyphy/ptII/ptolemy/actor/lib/test/auto/ArrayUpdate2.xml
7 ms. Memory: 313344K Free: 254675K (81%)
----------------- Invoking toplevel() on ptolemy.moml.MoMLSimpleApplication@620b817d
----------------- Done invoking toplevel() on ptolemy.moml.MoMLSimpleApplication@620b817d
reloadAllAccessors: .ArrayUpdate2

===========================================================================================
----------------- testing Mon Mar 23 13:36:48 UTC 2020 /home/travis/build/icyphy/ptII/ptolemy/actor/lib/test/auto/ArrayUpdate3.xml
----------------- Instantiating /home/travis/build/icyphy/ptII/ptolemy/actor/lib/test/auto/ArrayUpdate3.xml
2 ms. Memory: 313344K Free: 250069K (80%)
----------------- Invoking toplevel() on ptolemy.moml.MoMLSimpleApplication@75f68097
----------------- Done invoking toplevel() on ptolemy.moml.MoMLSimpleApplication@75f68097
reloadAllAccessors: .ArrayUpdate3

===========================================================================================
----------------- testing Mon Mar 23 13:36:48 UTC 2020 /home/travis/build/icyphy/ptII/ptolemy/actor/lib/test/auto/Assert1.xml
----------------- Instantiating /home/travis/build/icyphy/ptII/ptolemy/actor/lib/test/auto/Assert1.xml
6 ms. Memory: 313344K Free: 245459K (78%)
----------------- Invoking toplevel() on ptolemy.moml.MoMLSimpleApplication@1156078
----------------- Done invoking toplevel() on ptolemy.moml.MoMLSimpleApplication@1156078
reloadAllAccessors: .Assert1

===========================================================================================
----------------- testing Mon Mar 23 13:36:48 UTC 2020 /home/travis/build/icyphy/ptII/ptolemy/actor/lib/test/auto/Assert2.xml
----------------- Instantiating /home/travis/build/icyphy/ptII/ptolemy/actor/lib/test/auto/Assert2.xml
3 ms. Memory: 313344K Free: 241363K (77%)
----------------- Invoking toplevel() on ptolemy.moml.MoMLSimpleApplication@36d59598
----------------- Done invoking toplevel() on ptolemy.moml.MoMLSimpleApplication@36d59598
reloadAllAccessors: .Assert2

===========================================================================================
----------------- testing Mon Mar 23 13:36:48 UTC 2020 /home/travis/build/icyphy/ptII/ptolemy/actor/lib/test/auto/BooleanMultiplexor.xml
----------------- Instantiating /home/travis/build/icyphy/ptII/ptolemy/actor/lib/test/auto/BooleanMultiplexor.xml
3 ms. Memory: 313344K Free: 235733K (75%)
----------------- Invoking toplevel() on ptolemy.moml.MoMLSimpleApplication@5c72f565
----------------- Done invoking toplevel() on ptolemy.moml.MoMLSimpleApplication@5c72f565
reloadAllAccessors: .BooleanMultiplexor

===========================================================================================
----------------- testing Mon Mar 23 13:36:48 UTC 2020 /home/travis/build/icyphy/ptII/ptolemy/actor/lib/test/auto/BooleanMultiplexor2.xml
----------------- Instantiating /home/travis/build/icyphy/ptII/ptolemy/actor/lib/test/auto/BooleanMultiplexor2.xml
13 ms. Memory: 313344K Free: 229589K (73%)
----------------- Invoking toplevel() on ptolemy.moml.MoMLSimpleApplication@25177c7c
----------------- Done invoking toplevel() on ptolemy.moml.MoMLSimpleApplication@25177c7c
reloadAllAccessors: .BooleanMultiplexor2

===========================================================================================
----------------- testing Mon Mar 23 13:36:48 UTC 2020 /home/travis/build/icyphy/ptII/ptolemy/actor/lib/test/auto/BooleanMultiplexor3.xml
----------------- Instantiating /home/travis/build/icyphy/ptII/ptolemy/actor/lib/test/auto/BooleanMultiplexor3.xml
1 ms. Memory: 313344K Free: 225493K (72%)
----------------- Invoking toplevel() on ptolemy.moml.MoMLSimpleApplication@6d9d6309
----------------- Done invoking toplevel() on ptolemy.moml.MoMLSimpleApplication@6d9d6309
reloadAllAccessors: .BooleanMultiplexor3

===========================================================================================
----------------- testing Mon Mar 23 13:36:48 UTC 2020 /home/travis/build/icyphy/ptII/ptolemy/actor/lib/test/auto/BooleanSelect.xml
----------------- Instantiating /home/travis/build/icyphy/ptII/ptolemy/actor/lib/test/auto/BooleanSelect.xml
3 ms. Memory: 313344K Free: 219829K (70%)
----------------- Invoking toplevel() on ptolemy.moml.MoMLSimpleApplication@49501aa2
----------------- Done invoking toplevel() on ptolemy.moml.MoMLSimpleApplication@49501aa2
reloadAllAccessors: .BooleanSelect

===========================================================================================
----------------- testing Mon Mar 23 13:36:48 UTC 2020 /home/travis/build/icyphy/ptII/ptolemy/actor/lib/test/auto/BooleanSelect2.xml
----------------- Instantiating /home/travis/build/icyphy/ptII/ptolemy/actor/lib/test/auto/BooleanSelect2.xml
2 ms. Memory: 313344K Free: 215253K (69%)
----------------- Invoking toplevel() on ptolemy.moml.MoMLSimpleApplication@6a3793f9
----------------- Done invoking toplevel() on ptolemy.moml.MoMLSimpleApplication@6a3793f9
reloadAllAccessors: .BooleanSelect2

===========================================================================================
----------------- testing Mon Mar 23 13:36:48 UTC 2020 /home/travis/build/icyphy/ptII/ptolemy/actor/lib/test/auto/BooleanSwitch.xml
----------------- Instantiating /home/travis/build/icyphy/ptII/ptolemy/actor/lib/test/auto/BooleanSwitch.xml
5 ms. Memory: 313344K Free: 209619K (67%)
----------------- Invoking toplevel() on ptolemy.moml.MoMLSimpleApplication@6582e118
----------------- Done invoking toplevel() on ptolemy.moml.MoMLSimpleApplication@6582e118
reloadAllAccessors: .BooleanSwitch

===========================================================================================
----------------- testing Mon Mar 23 13:36:48 UTC 2020 /home/travis/build/icyphy/ptII/ptolemy/actor/lib/test/auto/BooleanSwitch2.xml
----------------- Instantiating /home/travis/build/icyphy/ptII/ptolemy/actor/lib/test/auto/BooleanSwitch2.xml
1 ms. Memory: 313344K Free: 205013K (65%)
----------------- Invoking toplevel() on ptolemy.moml.MoMLSimpleApplication@3b1912f2
----------------- Done invoking toplevel() on ptolemy.moml.MoMLSimpleApplication@3b1912f2
reloadAllAccessors: .BooleanSwitch2

===========================================================================================
----------------- testing Mon Mar 23 13:36:48 UTC 2020 /home/travis/build/icyphy/ptII/ptolemy/actor/lib/test/auto/BooleanSwitchCloningBugWithClassRelationGroup.xml
----------------- Instantiating /home/travis/build/icyphy/ptII/ptolemy/actor/lib/test/auto/BooleanSwitchCloningBugWithClassRelationGroup.xml
4 ms. Memory: 313344K Free: 198869K (63%)
----------------- Invoking toplevel() on ptolemy.moml.MoMLSimpleApplication@53971930
----------------- Done invoking toplevel() on ptolemy.moml.MoMLSimpleApplication@53971930
reloadAllAccessors: .BooleanSwitchCloningBugWithClassRelationGroup

===========================================================================================
----------------- testing Mon Mar 23 13:36:48 UTC 2020 /home/travis/build/icyphy/ptII/ptolemy/actor/lib/test/auto/BusActors.xml
----------------- Instantiating /home/travis/build/icyphy/ptII/ptolemy/actor/lib/test/auto/BusActors.xml
5 ms. Memory: 313344K Free: 191187K (61%)
----------------- Invoking toplevel() on ptolemy.moml.MoMLSimpleApplication@6316d77
----------------- Done invoking toplevel() on ptolemy.moml.MoMLSimpleApplication@6316d77
reloadAllAccessors: .BusActors

===========================================================================================
----------------- testing Mon Mar 23 13:36:48 UTC 2020 /home/travis/build/icyphy/ptII/ptolemy/actor/lib/test/auto/ClassWrapper.xml
----------------- Instantiating /home/travis/build/icyphy/ptII/ptolemy/actor/lib/test/auto/ClassWrapper.xml
3 ms. Memory: 313344K Free: 187091K (60%)
----------------- Invoking toplevel() on ptolemy.moml.MoMLSimpleApplication@126b51ae
----------------- Done invoking toplevel() on ptolemy.moml.MoMLSimpleApplication@126b51ae
reloadAllAccessors: .ClassWrapper

===========================================================================================
----------------- testing Mon Mar 23 13:36:48 UTC 2020 /home/travis/build/icyphy/ptII/ptolemy/actor/lib/test/auto/Clock.xml
----------------- Instantiating /home/travis/build/icyphy/ptII/ptolemy/actor/lib/test/auto/Clock.xml
1 ms. Memory: 313344K Free: 182995K (58%)
----------------- Invoking toplevel() on ptolemy.moml.MoMLSimpleApplication@63d4d583
----------------- Done invoking toplevel() on ptolemy.moml.MoMLSimpleApplication@63d4d583
reloadAllAccessors: .Clock

===========================================================================================
----------------- testing Mon Mar 23 13:36:48 UTC 2020 /home/travis/build/icyphy/ptII/ptolemy/actor/lib/test/auto/Clock10.xml
----------------- Instantiating /home/travis/build/icyphy/ptII/ptolemy/actor/lib/test/auto/Clock10.xml
5 ms. Memory: 313344K Free: 177365K (57%)
----------------- Invoking toplevel() on ptolemy.moml.MoMLSimpleApplication@86488e2
----------------- Done invoking toplevel() on ptolemy.moml.MoMLSimpleApplication@86488e2
reloadAllAccessors: .Clock10

===========================================================================================
----------------- testing Mon Mar 23 13:36:48 UTC 2020 /home/travis/build/icyphy/ptII/ptolemy/actor/lib/test/auto/Clock11.xml
----------------- Instantiating /home/travis/build/icyphy/ptII/ptolemy/actor/lib/test/auto/Clock11.xml
3 ms. Memory: 313344K Free: 171221K (55%)
----------------- Invoking toplevel() on ptolemy.moml.MoMLSimpleApplication@48a22976
----------------- Done invoking toplevel() on ptolemy.moml.MoMLSimpleApplication@48a22976
reloadAllAccessors: .Clock11

===========================================================================================
----------------- testing Mon Mar 23 13:36:48 UTC 2020 /home/travis/build/icyphy/ptII/ptolemy/actor/lib/test/auto/Clock12.xml
----------------- Instantiating /home/travis/build/icyphy/ptII/ptolemy/actor/lib/test/auto/Clock12.xml
5 ms. Memory: 313344K Free: 165587K (53%)
----------------- Invoking toplevel() on ptolemy.moml.MoMLSimpleApplication@57dd632b
----------------- Done invoking toplevel() on ptolemy.moml.MoMLSimpleApplication@57dd632b
reloadAllAccessors: .Clock12

===========================================================================================
----------------- testing Mon Mar 23 13:36:48 UTC 2020 /home/travis/build/icyphy/ptII/ptolemy/actor/lib/test/auto/Clock13.xml
----------------- Instantiating /home/travis/build/icyphy/ptII/ptolemy/actor/lib/test/auto/Clock13.xml
3 ms. Memory: 313344K Free: 159413K (51%)
----------------- Invoking toplevel() on ptolemy.moml.MoMLSimpleApplication@3a1c1ed
----------------- Done invoking toplevel() on ptolemy.moml.MoMLSimpleApplication@3a1c1ed
reloadAllAccessors: .Clock13

===========================================================================================
----------------- testing Mon Mar 23 13:36:48 UTC 2020 /home/travis/build/icyphy/ptII/ptolemy/actor/lib/test/auto/Clock14.xml
----------------- Instantiating /home/travis/build/icyphy/ptII/ptolemy/actor/lib/test/auto/Clock14.xml
5 ms. Memory: 313344K Free: 153285K (49%)
----------------- Invoking toplevel() on ptolemy.moml.MoMLSimpleApplication@605d660
----------------- Done invoking toplevel() on ptolemy.moml.MoMLSimpleApplication@605d660
reloadAllAccessors: .Clock14

===========================================================================================
----------------- testing Mon Mar 23 13:36:48 UTC 2020 /home/travis/build/icyphy/ptII/ptolemy/actor/lib/test/auto/Clock15.xml
----------------- Instantiating /home/travis/build/icyphy/ptII/ptolemy/actor/lib/test/auto/Clock15.xml
4 ms. Memory: 313344K Free: 147669K (47%)
----------------- Invoking toplevel() on ptolemy.moml.MoMLSimpleApplication@3b4083c0
----------------- Done invoking toplevel() on ptolemy.moml.MoMLSimpleApplication@3b4083c0
reloadAllAccessors: .Clock15

===========================================================================================
----------------- testing Mon Mar 23 13:36:48 UTC 2020 /home/travis/build/icyphy/ptII/ptolemy/actor/lib/test/auto/Clock16.xml
----------------- Instantiating /home/travis/build/icyphy/ptII/ptolemy/actor/lib/test/auto/Clock16.xml
40 ms. Memory: 313344K Free: 132813K (42%)
----------------- Invoking toplevel() on ptolemy.moml.MoMLSimpleApplication@7af278f9
----------------- Done invoking toplevel() on ptolemy.moml.MoMLSimpleApplication@7af278f9
reloadAllAccessors: .Clock16

===========================================================================================
----------------- testing Mon Mar 23 13:36:48 UTC 2020 /home/travis/build/icyphy/ptII/ptolemy/actor/lib/test/auto/Clock17.xml
----------------- Instantiating /home/travis/build/icyphy/ptII/ptolemy/actor/lib/test/auto/Clock17.xml
26 ms. Memory: 313344K Free: 118997K (38%)
----------------- Invoking toplevel() on ptolemy.moml.MoMLSimpleApplication@2bde27e
----------------- Done invoking toplevel() on ptolemy.moml.MoMLSimpleApplication@2bde27e
reloadAllAccessors: .Clock17

===========================================================================================
----------------- testing Mon Mar 23 13:36:48 UTC 2020 /home/travis/build/icyphy/ptII/ptolemy/actor/lib/test/auto/Clock18.xml
----------------- Instantiating /home/travis/build/icyphy/ptII/ptolemy/actor/lib/test/auto/Clock18.xml
16 ms. Memory: 313344K Free: 105157K (34%)
----------------- Invoking toplevel() on ptolemy.moml.MoMLSimpleApplication@731a4979
----------------- Done invoking toplevel() on ptolemy.moml.MoMLSimpleApplication@731a4979
reloadAllAccessors: .Clock18

===========================================================================================
----------------- testing Mon Mar 23 13:36:49 UTC 2020 /home/travis/build/icyphy/ptII/ptolemy/actor/lib/test/auto/Clock19.xml
----------------- Instantiating /home/travis/build/icyphy/ptII/ptolemy/actor/lib/test/auto/Clock19.xml
14 ms. Memory: 313344K Free: 92373K (29%)
----------------- Invoking toplevel() on ptolemy.moml.MoMLSimpleApplication@67d2db27
----------------- Done invoking toplevel() on ptolemy.moml.MoMLSimpleApplication@67d2db27
reloadAllAccessors: .Clock19

===========================================================================================
----------------- testing Mon Mar 23 13:36:49 UTC 2020 /home/travis/build/icyphy/ptII/ptolemy/actor/lib/test/auto/Clock2.xml
----------------- Instantiating /home/travis/build/icyphy/ptII/ptolemy/actor/lib/test/auto/Clock2.xml
5 ms. Memory: 313344K Free: 87757K (28%)
----------------- Invoking toplevel() on ptolemy.moml.MoMLSimpleApplication@47747b87
----------------- Done invoking toplevel() on ptolemy.moml.MoMLSimpleApplication@47747b87
reloadAllAccessors: .Clock2

===========================================================================================
----------------- testing Mon Mar 23 13:36:49 UTC 2020 /home/travis/build/icyphy/ptII/ptolemy/actor/lib/test/auto/Clock20.xml
----------------- Instantiating /home/travis/build/icyphy/ptII/ptolemy/actor/lib/test/auto/Clock20.xml
7 ms. Memory: 313344K Free: 82133K (26%)
----------------- Invoking toplevel() on ptolemy.moml.MoMLSimpleApplication@28c6b2a5
----------------- Done invoking toplevel() on ptolemy.moml.MoMLSimpleApplication@28c6b2a5
reloadAllAccessors: .Clock20

===========================================================================================
----------------- testing Mon Mar 23 13:36:49 UTC 2020 /home/travis/build/icyphy/ptII/ptolemy/actor/lib/test/auto/Clock21.xml
----------------- Instantiating /home/travis/build/icyphy/ptII/ptolemy/actor/lib/test/auto/Clock21.xml
6 ms. Memory: 591872K Free: 538957K (91%)
----------------- Invoking toplevel() on ptolemy.moml.MoMLSimpleApplication@2f89cca7
----------------- Done invoking toplevel() on ptolemy.moml.MoMLSimpleApplication@2f89cca7
reloadAllAccessors: .Clock21

===========================================================================================
----------------- testing Mon Mar 23 13:36:49 UTC 2020 /home/travis/build/icyphy/ptII/ptolemy/actor/lib/test/auto/Clock22.xml
----------------- Instantiating /home/travis/build/icyphy/ptII/ptolemy/actor/lib/test/auto/Clock22.xml
6 ms. Memory: 591872K Free: 533323K (90%)
----------------- Invoking toplevel() on ptolemy.moml.MoMLSimpleApplication@2d0caea7
----------------- Done invoking toplevel() on ptolemy.moml.MoMLSimpleApplication@2d0caea7
reloadAllAccessors: .Clock22

===========================================================================================
----------------- testing Mon Mar 23 13:36:49 UTC 2020 /home/travis/build/icyphy/ptII/ptolemy/actor/lib/test/auto/Clock23.xml
----------------- Instantiating /home/travis/build/icyphy/ptII/ptolemy/actor/lib/test/auto/Clock23.xml
5 ms. Memory: 591872K Free: 528203K (89%)
----------------- Invoking toplevel() on ptolemy.moml.MoMLSimpleApplication@4806429c
----------------- Done invoking toplevel() on ptolemy.moml.MoMLSimpleApplication@4806429c
reloadAllAccessors: .Clock23

===========================================================================================
----------------- testing Mon Mar 23 13:36:49 UTC 2020 /home/travis/build/icyphy/ptII/ptolemy/actor/lib/test/auto/Clock24.xml
----------------- Instantiating /home/travis/build/icyphy/ptII/ptolemy/actor/lib/test/auto/Clock24.xml
3 ms. Memory: 591872K Free: 522573K (88%)
----------------- Invoking toplevel() on ptolemy.moml.MoMLSimpleApplication@7b9f8c06
----------------- Done invoking toplevel() on ptolemy.moml.MoMLSimpleApplication@7b9f8c06
reloadAllAccessors: .Clock24

===========================================================================================
----------------- testing Mon Mar 23 13:36:49 UTC 2020 /home/travis/build/icyphy/ptII/ptolemy/actor/lib/test/auto/Clock4.xml
----------------- Instantiating /home/travis/build/icyphy/ptII/ptolemy/actor/lib/test/auto/Clock4.xml
2 ms. Memory: 591872K Free: 517933K (88%)
----------------- Invoking toplevel() on ptolemy.moml.MoMLSimpleApplication@623fca86
----------------- Done invoking toplevel() on ptolemy.moml.MoMLSimpleApplication@623fca86
reloadAllAccessors: .Clock4

===========================================================================================
----------------- testing Mon Mar 23 13:36:49 UTC 2020 /home/travis/build/icyphy/ptII/ptolemy/actor/lib/test/auto/Clock5.xml
----------------- Instantiating /home/travis/build/icyphy/ptII/ptolemy/actor/lib/test/auto/Clock5.xml
2 ms. Memory: 591872K Free: 512333K (87%)
----------------- Invoking toplevel() on ptolemy.moml.MoMLSimpleApplication@7a5a4a59
----------------- Done invoking toplevel() on ptolemy.moml.MoMLSimpleApplication@7a5a4a59
reloadAllAccessors: .Clock5

===========================================================================================
----------------- testing Mon Mar 23 13:36:49 UTC 2020 /home/travis/build/icyphy/ptII/ptolemy/actor/lib/test/auto/Clock6.xml
----------------- Instantiating /home/travis/build/icyphy/ptII/ptolemy/actor/lib/test/auto/Clock6.xml
2 ms. Memory: 591872K Free: 507709K (86%)
----------------- Invoking toplevel() on ptolemy.moml.MoMLSimpleApplication@2b1ae42
----------------- Done invoking toplevel() on ptolemy.moml.MoMLSimpleApplication@2b1ae42
reloadAllAccessors: .Clock6

===========================================================================================
----------------- testing Mon Mar 23 13:36:49 UTC 2020 /home/travis/build/icyphy/ptII/ptolemy/actor/lib/test/auto/Clock7.xml
----------------- Instantiating /home/travis/build/icyphy/ptII/ptolemy/actor/lib/test/auto/Clock7.xml
2 ms. Memory: 591872K Free: 503115K (85%)
----------------- Invoking toplevel() on ptolemy.moml.MoMLSimpleApplication@6a3b83c5
----------------- Done invoking toplevel() on ptolemy.moml.MoMLSimpleApplication@6a3b83c5
reloadAllAccessors: .Clock7

===========================================================================================
----------------- testing Mon Mar 23 13:36:49 UTC 2020 /home/travis/build/icyphy/ptII/ptolemy/actor/lib/test/auto/Clock8.xml
----------------- Instantiating /home/travis/build/icyphy/ptII/ptolemy/actor/lib/test/auto/Clock8.xml
5 ms. Memory: 591872K Free: 497453K (84%)
----------------- Invoking toplevel() on ptolemy.moml.MoMLSimpleApplication@139ef645
----------------- Done invoking toplevel() on ptolemy.moml.MoMLSimpleApplication@139ef645
reloadAllAccessors: .Clock8

===========================================================================================
----------------- testing Mon Mar 23 13:36:49 UTC 2020 /home/travis/build/icyphy/ptII/ptolemy/actor/lib/test/auto/Clock9.xml
----------------- Instantiating /home/travis/build/icyphy/ptII/ptolemy/actor/lib/test/auto/Clock9.xml
6 ms. Memory: 591872K Free: 492333K (83%)
----------------- Invoking toplevel() on ptolemy.moml.MoMLSimpleApplication@1402fecf
----------------- Done invoking toplevel() on ptolemy.moml.MoMLSimpleApplication@1402fecf
reloadAllAccessors: .Clock9

===========================================================================================
----------------- testing Mon Mar 23 13:36:49 UTC 2020 /home/travis/build/icyphy/ptII/ptolemy/actor/lib/test/auto/CommDistDiscard.xml
----------------- Instantiating /home/travis/build/icyphy/ptII/ptolemy/actor/lib/test/auto/CommDistDiscard.xml
6 ms. Memory: 591872K Free: 486733K (82%)
----------------- Invoking toplevel() on ptolemy.moml.MoMLSimpleApplication@78721399
----------------- Done invoking toplevel() on ptolemy.moml.MoMLSimpleApplication@78721399
reloadAllAccessors: .CommDistDiscard

===========================================================================================
----------------- testing Mon Mar 23 13:36:49 UTC 2020 /home/travis/build/icyphy/ptII/ptolemy/actor/lib/test/auto/Commutator.xml
----------------- Instantiating /home/travis/build/icyphy/ptII/ptolemy/actor/lib/test/auto/Commutator.xml
4 ms. Memory: 591872K Free: 482123K (81%)
----------------- Invoking toplevel() on ptolemy.moml.MoMLSimpleApplication@1dbf0df
----------------- Done invoking toplevel() on ptolemy.moml.MoMLSimpleApplication@1dbf0df
reloadAllAccessors: .Commutator

===========================================================================================
----------------- testing Mon Mar 23 13:36:49 UTC 2020 /home/travis/build/icyphy/ptII/ptolemy/actor/lib/test/auto/Commutator2.xml
----------------- Instantiating /home/travis/build/icyphy/ptII/ptolemy/actor/lib/test/auto/Commutator2.xml
2 ms. Memory: 591872K Free: 478027K (81%)
----------------- Invoking toplevel() on ptolemy.moml.MoMLSimpleApplication@5ccaea23
----------------- Done invoking toplevel() on ptolemy.moml.MoMLSimpleApplication@5ccaea23
reloadAllAccessors: .Commutator2

===========================================================================================
----------------- testing Mon Mar 23 13:36:49 UTC 2020 /home/travis/build/icyphy/ptII/ptolemy/actor/lib/test/auto/Commutator3.xml
----------------- Instantiating /home/travis/build/icyphy/ptII/ptolemy/actor/lib/test/auto/Commutator3.xml
2 ms. Memory: 591872K Free: 473421K (80%)
----------------- Invoking toplevel() on ptolemy.moml.MoMLSimpleApplication@6622c7b2
----------------- Done invoking toplevel() on ptolemy.moml.MoMLSimpleApplication@6622c7b2
reloadAllAccessors: .Commutator3

===========================================================================================
----------------- testing Mon Mar 23 13:36:49 UTC 2020 /home/travis/build/icyphy/ptII/ptolemy/actor/lib/test/auto/Compare.xml
----------------- Instantiating /home/travis/build/icyphy/ptII/ptolemy/actor/lib/test/auto/Compare.xml
3 ms. Memory: 591872K Free: 466763K (79%)
----------------- Invoking toplevel() on ptolemy.moml.MoMLSimpleApplication@be415e3
----------------- Done invoking toplevel() on ptolemy.moml.MoMLSimpleApplication@be415e3
reloadAllAccessors: .Compare

===========================================================================================
----------------- testing Mon Mar 23 13:36:49 UTC 2020 /home/travis/build/icyphy/ptII/ptolemy/actor/lib/test/auto/CompareDE.xml
----------------- Instantiating /home/travis/build/icyphy/ptII/ptolemy/actor/lib/test/auto/CompareDE.xml
5 ms. Memory: 591872K Free: 459581K (78%)
----------------- Invoking toplevel() on ptolemy.moml.MoMLSimpleApplication@5fabaf5f
----------------- Done invoking toplevel() on ptolemy.moml.MoMLSimpleApplication@5fabaf5f
reloadAllAccessors: .CompareDE

===========================================================================================
----------------- testing Mon Mar 23 13:36:49 UTC 2020 /home/travis/build/icyphy/ptII/ptolemy/actor/lib/test/auto/ComplexDivide.xml
----------------- Instantiating /home/travis/build/icyphy/ptII/ptolemy/actor/lib/test/auto/ComplexDivide.xml
1 ms. Memory: 591872K Free: 456013K (77%)
----------------- Invoking toplevel() on ptolemy.moml.MoMLSimpleApplication@73f2ea97
----------------- Done invoking toplevel() on ptolemy.moml.MoMLSimpleApplication@73f2ea97
reloadAllAccessors: .ComplexDivide

===========================================================================================
----------------- testing Mon Mar 23 13:36:49 UTC 2020 /home/travis/build/icyphy/ptII/ptolemy/actor/lib/test/auto/ComputeHistogram.xml
----------------- Instantiating /home/travis/build/icyphy/ptII/ptolemy/actor/lib/test/auto/ComputeHistogram.xml
35 ms. Memory: 591872K Free: 443211K (75%)
----------------- Invoking toplevel() on ptolemy.moml.MoMLSimpleApplication@62c1388c
----------------- Done invoking toplevel() on ptolemy.moml.MoMLSimpleApplication@62c1388c
reloadAllAccessors: .ComputeHistogram

===========================================================================================
----------------- testing Mon Mar 23 13:36:49 UTC 2020 /home/travis/build/icyphy/ptII/ptolemy/actor/lib/test/auto/ConfigurationSelect.xml
----------------- Instantiating /home/travis/build/icyphy/ptII/ptolemy/actor/lib/test/auto/ConfigurationSelect.xml
10 ms. Memory: 591872K Free: 437581K (74%)
----------------- Invoking toplevel() on ptolemy.moml.MoMLSimpleApplication@41fe96d0
----------------- Done invoking toplevel() on ptolemy.moml.MoMLSimpleApplication@41fe96d0
reloadAllAccessors: .ConfigurationSelect

===========================================================================================
----------------- testing Mon Mar 23 13:36:49 UTC 2020 /home/travis/build/icyphy/ptII/ptolemy/actor/lib/test/auto/ConfigurationSelect2.xml
----------------- Instantiating /home/travis/build/icyphy/ptII/ptolemy/actor/lib/test/auto/ConfigurationSelect2.xml
2 ms. Memory: 591872K Free: 433485K (73%)
----------------- Invoking toplevel() on ptolemy.moml.MoMLSimpleApplication@467a4dcd
----------------- Done invoking toplevel() on ptolemy.moml.MoMLSimpleApplication@467a4dcd
reloadAllAccessors: .ConfigurationSelect2

===========================================================================================
----------------- testing Mon Mar 23 13:36:49 UTC 2020 /home/travis/build/icyphy/ptII/ptolemy/actor/lib/test/auto/ConfigurationSwitch.xml
----------------- Instantiating /home/travis/build/icyphy/ptII/ptolemy/actor/lib/test/auto/ConfigurationSwitch.xml
2 ms. Memory: 591872K Free: 427851K (72%)
----------------- Invoking toplevel() on ptolemy.moml.MoMLSimpleApplication@67ec41e5
----------------- Done invoking toplevel() on ptolemy.moml.MoMLSimpleApplication@67ec41e5
reloadAllAccessors: .ConfigurationSwitch

===========================================================================================
----------------- testing Mon Mar 23 13:36:49 UTC 2020 /home/travis/build/icyphy/ptII/ptolemy/actor/lib/test/auto/ConfigurationSwitch2.xml
----------------- Instantiating /home/travis/build/icyphy/ptII/ptolemy/actor/lib/test/auto/ConfigurationSwitch2.xml
2 ms. Memory: 591872K Free: 422731K (71%)
----------------- Invoking toplevel() on ptolemy.moml.MoMLSimpleApplication@46637a95
----------------- Done invoking toplevel() on ptolemy.moml.MoMLSimpleApplication@46637a95
reloadAllAccessors: .ConfigurationSwitch2

===========================================================================================
----------------- testing Mon Mar 23 13:36:49 UTC 2020 /home/travis/build/icyphy/ptII/ptolemy/actor/lib/test/auto/ConfigurationSwitchCloningBugWithClassRelationGroup.xml
----------------- Instantiating /home/travis/build/icyphy/ptII/ptolemy/actor/lib/test/auto/ConfigurationSwitchCloningBugWithClassRelationGroup.xml
2 ms. Memory: 591872K Free: 416077K (70%)
----------------- Invoking toplevel() on ptolemy.moml.MoMLSimpleApplication@442ba57
----------------- Done invoking toplevel() on ptolemy.moml.MoMLSimpleApplication@442ba57
reloadAllAccessors: .ConfigurationSwitchCloningBugWithClassRelationGroup

===========================================================================================
----------------- testing Mon Mar 23 13:36:49 UTC 2020 /home/travis/build/icyphy/ptII/ptolemy/actor/lib/test/auto/ConfigurationSwitchSelectSDF.xml
----------------- Instantiating /home/travis/build/icyphy/ptII/ptolemy/actor/lib/test/auto/ConfigurationSwitchSelectSDF.xml
3 ms. Memory: 591872K Free: 410443K (69%)
----------------- Invoking toplevel() on ptolemy.moml.MoMLSimpleApplication@c27c64f
----------------- Done invoking toplevel() on ptolemy.moml.MoMLSimpleApplication@c27c64f
reloadAllAccessors: .ConfigurationSwitchSelectSDF

===========================================================================================
----------------- testing Mon Mar 23 13:36:49 UTC 2020 /home/travis/build/icyphy/ptII/ptolemy/actor/lib/test/auto/ConfigurationSwitchSelectSDF2.xml
----------------- Instantiating /home/travis/build/icyphy/ptII/ptolemy/actor/lib/test/auto/ConfigurationSwitchSelectSDF2.xml
2 ms. Memory: 591872K Free: 404813K (68%)
----------------- Invoking toplevel() on ptolemy.moml.MoMLSimpleApplication@3c2423f9
----------------- Done invoking toplevel() on ptolemy.moml.MoMLSimpleApplication@3c2423f9
reloadAllAccessors: .ConfigurationSwitchSelectSDF2

===========================================================================================
----------------- testing Mon Mar 23 13:36:49 UTC 2020 /home/travis/build/icyphy/ptII/ptolemy/actor/lib/test/auto/Const.xml
----------------- Instantiating /home/travis/build/icyphy/ptII/ptolemy/actor/lib/test/auto/Const.xml
6 ms. Memory: 591872K Free: 401227K (68%)
----------------- Invoking toplevel() on ptolemy.moml.MoMLSimpleApplication@5155346f
----------------- Done invoking toplevel() on ptolemy.moml.MoMLSimpleApplication@5155346f
reloadAllAccessors: .Const

===========================================================================================
----------------- testing Mon Mar 23 13:36:49 UTC 2020 /home/travis/build/icyphy/ptII/ptolemy/actor/lib/test/auto/Const2.xml
----------------- Instantiating /home/travis/build/icyphy/ptII/ptolemy/actor/lib/test/auto/Const2.xml
2 ms. Memory: 591872K Free: 397131K (67%)
----------------- Invoking toplevel() on ptolemy.moml.MoMLSimpleApplication@421fe4e9
----------------- Done invoking toplevel() on ptolemy.moml.MoMLSimpleApplication@421fe4e9
reloadAllAccessors: .Const2

===========================================================================================
----------------- testing Mon Mar 23 13:36:49 UTC 2020 /home/travis/build/icyphy/ptII/ptolemy/actor/lib/test/auto/Const3.xml
----------------- Instantiating /home/travis/build/icyphy/ptII/ptolemy/actor/lib/test/auto/Const3.xml
1 ms. Memory: 591872K Free: 394573K (67%)
----------------- Invoking toplevel() on ptolemy.moml.MoMLSimpleApplication@ad85a4f
----------------- Done invoking toplevel() on ptolemy.moml.MoMLSimpleApplication@ad85a4f
reloadAllAccessors: .Const3

===========================================================================================
----------------- testing Mon Mar 23 13:36:49 UTC 2020 /home/travis/build/icyphy/ptII/ptolemy/actor/lib/test/auto/ConstantPublisherPort1.xml
----------------- Instantiating /home/travis/build/icyphy/ptII/ptolemy/actor/lib/test/auto/ConstantPublisherPort1.xml
7 ms. Memory: 591872K Free: 385357K (65%)
----------------- Invoking toplevel() on ptolemy.moml.MoMLSimpleApplication@342000c8
----------------- Done invoking toplevel() on ptolemy.moml.MoMLSimpleApplication@342000c8
reloadAllAccessors: .ConstantPublisherPort1

===========================================================================================
----------------- testing Mon Mar 23 13:36:49 UTC 2020 /home/travis/build/icyphy/ptII/ptolemy/actor/lib/test/auto/ConstantPublisherPort2.xml
----------------- Instantiating /home/travis/build/icyphy/ptII/ptolemy/actor/lib/test/auto/ConstantPublisherPort2.xml
5 ms. Memory: 591872K Free: 377675K (64%)
----------------- Invoking toplevel() on ptolemy.moml.MoMLSimpleApplication@33ffa625
----------------- Done invoking toplevel() on ptolemy.moml.MoMLSimpleApplication@33ffa625
reloadAllAccessors: .ConstantPublisherPort2

===========================================================================================
----------------- testing Mon Mar 23 13:36:49 UTC 2020 /home/travis/build/icyphy/ptII/ptolemy/actor/lib/test/auto/ConstantPublisherPort3.xml
----------------- Instantiating /home/travis/build/icyphy/ptII/ptolemy/actor/lib/test/auto/ConstantPublisherPort3.xml
9 ms. Memory: 591872K Free: 370507K (63%)
----------------- Invoking toplevel() on ptolemy.moml.MoMLSimpleApplication@737395df
----------------- Done invoking toplevel() on ptolemy.moml.MoMLSimpleApplication@737395df
reloadAllAccessors: .ConstantPublisherPort3

===========================================================================================
----------------- testing Mon Mar 23 13:36:50 UTC 2020 /home/travis/build/icyphy/ptII/ptolemy/actor/lib/test/auto/ConstantPublisherPort4.xml
----------------- Instantiating /home/travis/build/icyphy/ptII/ptolemy/actor/lib/test/auto/ConstantPublisherPort4.xml
3 ms. Memory: 591872K Free: 363325K (61%)
----------------- Invoking toplevel() on ptolemy.moml.MoMLSimpleApplication@77d67666
----------------- Done invoking toplevel() on ptolemy.moml.MoMLSimpleApplication@77d67666
reloadAllAccessors: .ConstantPublisherPort4

===========================================================================================
----------------- testing Mon Mar 23 13:36:50 UTC 2020 /home/travis/build/icyphy/ptII/ptolemy/actor/lib/test/auto/ConstantPublisherPort5.xml
----------------- Instantiating /home/travis/build/icyphy/ptII/ptolemy/actor/lib/test/auto/ConstantPublisherPort5.xml
29 ms. Memory: 591872K Free: 353613K (60%)
----------------- Invoking toplevel() on ptolemy.moml.MoMLSimpleApplication@1c0388f6
----------------- Done invoking toplevel() on ptolemy.moml.MoMLSimpleApplication@1c0388f6
reloadAllAccessors: .ConstantPublisherPort5

===========================================================================================
----------------- testing Mon Mar 23 13:36:50 UTC 2020 /home/travis/build/icyphy/ptII/ptolemy/actor/lib/test/auto/ConstantPublisherPort6.xml
----------------- Instantiating /home/travis/build/icyphy/ptII/ptolemy/actor/lib/test/auto/ConstantPublisherPort6.xml
14 ms. Memory: 591872K Free: 344907K (58%)
----------------- Invoking toplevel() on ptolemy.moml.MoMLSimpleApplication@5b16535b
----------------- Done invoking toplevel() on ptolemy.moml.MoMLSimpleApplication@5b16535b
reloadAllAccessors: .ConstantPublisherPort6

===========================================================================================
----------------- testing Mon Mar 23 13:36:50 UTC 2020 /home/travis/build/icyphy/ptII/ptolemy/actor/lib/test/auto/ConstantPublisherPort7.xml
----------------- Instantiating /home/travis/build/icyphy/ptII/ptolemy/actor/lib/test/auto/ConstantPublisherPort7.xml
14 ms. Memory: 591872K Free: 335691K (57%)
----------------- Invoking toplevel() on ptolemy.moml.MoMLSimpleApplication@1eac8829
----------------- Done invoking toplevel() on ptolemy.moml.MoMLSimpleApplication@1eac8829
reloadAllAccessors: .ConstantPublisherPort7

===========================================================================================
----------------- testing Mon Mar 23 13:36:50 UTC 2020 /home/travis/build/icyphy/ptII/ptolemy/actor/lib/test/auto/ConstraintMonitor1.xml
----------------- Instantiating /home/travis/build/icyphy/ptII/ptolemy/actor/lib/test/auto/ConstraintMonitor1.xml
3 ms. Memory: 591872K Free: 330571K (56%)
----------------- Invoking toplevel() on ptolemy.moml.MoMLSimpleApplication@231021b
----------------- Done invoking toplevel() on ptolemy.moml.MoMLSimpleApplication@231021b
reloadAllAccessors: .ConstraintMonitor1

===========================================================================================
----------------- testing Mon Mar 23 13:36:50 UTC 2020 /home/travis/build/icyphy/ptII/ptolemy/actor/lib/test/auto/ConstraintMonitor2.xml
----------------- Instantiating /home/travis/build/icyphy/ptII/ptolemy/actor/lib/test/auto/ConstraintMonitor2.xml
4 ms. Memory: 591872K Free: 325965K (55%)
----------------- Invoking toplevel() on ptolemy.moml.MoMLSimpleApplication@3b0857a4
----------------- Done invoking toplevel() on ptolemy.moml.MoMLSimpleApplication@3b0857a4
reloadAllAccessors: .ConstraintMonitor2

===========================================================================================
----------------- testing Mon Mar 23 13:36:50 UTC 2020 /home/travis/build/icyphy/ptII/ptolemy/actor/lib/test/auto/ConstraintMonitor3.xml
----------------- Instantiating /home/travis/build/icyphy/ptII/ptolemy/actor/lib/test/auto/ConstraintMonitor3.xml
6 ms. Memory: 591872K Free: 321355K (54%)
----------------- Invoking toplevel() on ptolemy.moml.MoMLSimpleApplication@78a4bc3e
----------------- Done invoking toplevel() on ptolemy.moml.MoMLSimpleApplication@78a4bc3e
reloadAllAccessors: .ConstraintMonitor3

===========================================================================================
----------------- testing Mon Mar 23 13:36:50 UTC 2020 /home/travis/build/icyphy/ptII/ptolemy/actor/lib/test/auto/ConstraintMonitor4.xml
----------------- Instantiating /home/travis/build/icyphy/ptII/ptolemy/actor/lib/test/auto/ConstraintMonitor4.xml
1 ms. Memory: 591872K Free: 316235K (53%)
----------------- Invoking toplevel() on ptolemy.moml.MoMLSimpleApplication@4af0ab9a
----------------- Done invoking toplevel() on ptolemy.moml.MoMLSimpleApplication@4af0ab9a
reloadAllAccessors: .ConstraintMonitor4

===========================================================================================
----------------- testing Mon Mar 23 13:36:50 UTC 2020 /home/travis/build/icyphy/ptII/ptolemy/actor/lib/test/auto/ConstraintMonitor5.xml
----------------- Instantiating /home/travis/build/icyphy/ptII/ptolemy/actor/lib/test/auto/ConstraintMonitor5.xml
2 ms. Memory: 591872K Free: 311629K (53%)
----------------- Invoking toplevel() on ptolemy.moml.MoMLSimpleApplication@1299b8f4
----------------- Done invoking toplevel() on ptolemy.moml.MoMLSimpleApplication@1299b8f4
reloadAllAccessors: .ConstraintMonitor5

===========================================================================================
----------------- testing Mon Mar 23 13:36:50 UTC 2020 /home/travis/build/icyphy/ptII/ptolemy/actor/lib/test/auto/ConstraintMonitor6.xml
----------------- Instantiating /home/travis/build/icyphy/ptII/ptolemy/actor/lib/test/auto/ConstraintMonitor6.xml
4 ms. Memory: 591872K Free: 305485K (52%)
----------------- Invoking toplevel() on ptolemy.moml.MoMLSimpleApplication@6ab5c929
----------------- Done invoking toplevel() on ptolemy.moml.MoMLSimpleApplication@6ab5c929
reloadAllAccessors: .ConstraintMonitor6

===========================================================================================
----------------- testing Mon Mar 23 13:36:50 UTC 2020 /home/travis/build/icyphy/ptII/ptolemy/actor/lib/test/auto/ConstraintMonitor7.xml
----------------- Instantiating /home/travis/build/icyphy/ptII/ptolemy/actor/lib/test/auto/ConstraintMonitor7.xml
3 ms. Memory: 591872K Free: 298797K (50%)
----------------- Invoking toplevel() on ptolemy.moml.MoMLSimpleApplication@3ada1e4a
----------------- Done invoking toplevel() on ptolemy.moml.MoMLSimpleApplication@3ada1e4a
reloadAllAccessors: .ConstraintMonitor7

===========================================================================================
----------------- testing Mon Mar 23 13:36:50 UTC 2020 /home/travis/build/icyphy/ptII/ptolemy/actor/lib/test/auto/ConstraintMonitor8.xml
----------------- Instantiating /home/travis/build/icyphy/ptII/ptolemy/actor/lib/test/auto/ConstraintMonitor8.xml
7 ms. Memory: 591872K Free: 291659K (49%)
----------------- Invoking toplevel() on ptolemy.moml.MoMLSimpleApplication@70e72db4
----------------- Done invoking toplevel() on ptolemy.moml.MoMLSimpleApplication@70e72db4
reloadAllAccessors: .ConstraintMonitor8

===========================================================================================
----------------- testing Mon Mar 23 13:36:50 UTC 2020 /home/travis/build/icyphy/ptII/ptolemy/actor/lib/test/auto/Counter.xml
----------------- Instantiating /home/travis/build/icyphy/ptII/ptolemy/actor/lib/test/auto/Counter.xml
4 ms. Memory: 591872K Free: 286539K (48%)
----------------- Invoking toplevel() on ptolemy.moml.MoMLSimpleApplication@65e830d1
----------------- Done invoking toplevel() on ptolemy.moml.MoMLSimpleApplication@65e830d1
reloadAllAccessors: .Counter

===========================================================================================
----------------- testing Mon Mar 23 13:36:50 UTC 2020 /home/travis/build/icyphy/ptII/ptolemy/actor/lib/test/auto/CurrentTimeSDF.xml
----------------- Instantiating /home/travis/build/icyphy/ptII/ptolemy/actor/lib/test/auto/CurrentTimeSDF.xml
1 ms. Memory: 591872K Free: 282443K (48%)
----------------- Invoking toplevel() on ptolemy.moml.MoMLSimpleApplication@49afd069
----------------- Done invoking toplevel() on ptolemy.moml.MoMLSimpleApplication@49afd069
reloadAllAccessors: .CurrentTimeSDF

===========================================================================================
----------------- testing Mon Mar 23 13:36:50 UTC 2020 /home/travis/build/icyphy/ptII/ptolemy/actor/lib/test/auto/DB.xml
----------------- Instantiating /home/travis/build/icyphy/ptII/ptolemy/actor/lib/test/auto/DB.xml
2 ms. Memory: 591872K Free: 277323K (47%)
----------------- Invoking toplevel() on ptolemy.moml.MoMLSimpleApplication@2c87248b
----------------- Done invoking toplevel() on ptolemy.moml.MoMLSimpleApplication@2c87248b
reloadAllAccessors: .DB

===========================================================================================
----------------- testing Mon Mar 23 13:36:50 UTC 2020 /home/travis/build/icyphy/ptII/ptolemy/actor/lib/test/auto/DBDE.xml
----------------- Instantiating /home/travis/build/icyphy/ptII/ptolemy/actor/lib/test/auto/DBDE.xml
3 ms. Memory: 591872K Free: 271165K (46%)
----------------- Invoking toplevel() on ptolemy.moml.MoMLSimpleApplication@228f5335
----------------- Done invoking toplevel() on ptolemy.moml.MoMLSimpleApplication@228f5335
reloadAllAccessors: .DBDE

===========================================================================================
----------------- testing Mon Mar 23 13:36:50 UTC 2020 /home/travis/build/icyphy/ptII/ptolemy/actor/lib/test/auto/DateConstructor.xml
----------------- Instantiating /home/travis/build/icyphy/ptII/ptolemy/actor/lib/test/auto/DateConstructor.xml
29 ms. Memory: 591872K Free: 253771K (43%)
----------------- Invoking toplevel() on ptolemy.moml.MoMLSimpleApplication@705a1ec2
----------------- Done invoking toplevel() on ptolemy.moml.MoMLSimpleApplication@705a1ec2
reloadAllAccessors: .DateConstructor

===========================================================================================
----------------- testing Mon Mar 23 13:36:50 UTC 2020 /home/travis/build/icyphy/ptII/ptolemy/actor/lib/test/auto/DelayTime.xml
----------------- Instantiating /home/travis/build/icyphy/ptII/ptolemy/actor/lib/test/auto/DelayTime.xml
6 ms. Memory: 591872K Free: 539916K (91%)
----------------- Invoking toplevel() on ptolemy.moml.MoMLSimpleApplication@4eb35fab
----------------- Done invoking toplevel() on ptolemy.moml.MoMLSimpleApplication@4eb35fab
reloadAllAccessors: .DelayTime

===========================================================================================
----------------- testing Mon Mar 23 13:36:50 UTC 2020 /home/travis/build/icyphy/ptII/ptolemy/actor/lib/test/auto/Dictionary1.xml
----------------- Instantiating /home/travis/build/icyphy/ptII/ptolemy/actor/lib/test/auto/Dictionary1.xml
2 ms. Memory: 591872K Free: 534286K (90%)
----------------- Invoking toplevel() on ptolemy.moml.MoMLSimpleApplication@6645f5d4
----------------- Done invoking toplevel() on ptolemy.moml.MoMLSimpleApplication@6645f5d4
reloadAllAccessors: .Dictionary1

===========================================================================================
----------------- testing Mon Mar 23 13:36:50 UTC 2020 /home/travis/build/icyphy/ptII/ptolemy/actor/lib/test/auto/Dictionary2.xml
----------------- Instantiating /home/travis/build/icyphy/ptII/ptolemy/actor/lib/test/auto/Dictionary2.xml
2 ms. Memory: 591872K Free: 528652K (89%)
----------------- Invoking toplevel() on ptolemy.moml.MoMLSimpleApplication@3e93543e
----------------- Done invoking toplevel() on ptolemy.moml.MoMLSimpleApplication@3e93543e
reloadAllAccessors: .Dictionary2

===========================================================================================
----------------- testing Mon Mar 23 13:36:50 UTC 2020 /home/travis/build/icyphy/ptII/ptolemy/actor/lib/test/auto/Dictionary3.xml
----------------- Instantiating /home/travis/build/icyphy/ptII/ptolemy/actor/lib/test/auto/Dictionary3.xml
2 ms. Memory: 591872K Free: 523022K (88%)
----------------- Invoking toplevel() on ptolemy.moml.MoMLSimpleApplication@ca11cc8
----------------- Done invoking toplevel() on ptolemy.moml.MoMLSimpleApplication@ca11cc8
reloadAllAccessors: .Dictionary3

===========================================================================================
----------------- testing Mon Mar 23 13:36:50 UTC 2020 /home/travis/build/icyphy/ptII/ptolemy/actor/lib/test/auto/Dictionary4.xml
----------------- Instantiating /home/travis/build/icyphy/ptII/ptolemy/actor/lib/test/auto/Dictionary4.xml
3 ms. Memory: 591872K Free: 516364K (87%)
----------------- Invoking toplevel() on ptolemy.moml.MoMLSimpleApplication@5e1ca00a
----------------- Done invoking toplevel() on ptolemy.moml.MoMLSimpleApplication@5e1ca00a
reloadAllAccessors: .Dictionary4

===========================================================================================
----------------- testing Mon Mar 23 13:36:50 UTC 2020 /home/travis/build/icyphy/ptII/ptolemy/actor/lib/test/auto/Differential.xml
----------------- Instantiating /home/travis/build/icyphy/ptII/ptolemy/actor/lib/test/auto/Differential.xml
2 ms. Memory: 591872K Free: 511758K (86%)
----------------- Invoking toplevel() on ptolemy.moml.MoMLSimpleApplication@4227c332
----------------- Done invoking toplevel() on ptolemy.moml.MoMLSimpleApplication@4227c332
reloadAllAccessors: .Differential

===========================================================================================
----------------- testing Mon Mar 23 13:36:50 UTC 2020 /home/travis/build/icyphy/ptII/ptolemy/actor/lib/test/auto/Director.xml
----------------- Instantiating /home/travis/build/icyphy/ptII/ptolemy/actor/lib/test/auto/Director.xml
4 ms. Memory: 591872K Free: 508172K (86%)
----------------- Invoking toplevel() on ptolemy.moml.MoMLSimpleApplication@1d5df7ef
----------------- Done invoking toplevel() on ptolemy.moml.MoMLSimpleApplication@1d5df7ef
reloadAllAccessors: .Director

===========================================================================================
----------------- testing Mon Mar 23 13:36:50 UTC 2020 /home/travis/build/icyphy/ptII/ptolemy/actor/lib/test/auto/DiscreteClock.xml
----------------- Instantiating /home/travis/build/icyphy/ptII/ptolemy/actor/lib/test/auto/DiscreteClock.xml
1 ms. Memory: 591872K Free: 504590K (85%)
----------------- Invoking toplevel() on ptolemy.moml.MoMLSimpleApplication@4feffd72
----------------- Done invoking toplevel() on ptolemy.moml.MoMLSimpleApplication@4feffd72
reloadAllAccessors: .DiscreteClock

===========================================================================================
----------------- testing Mon Mar 23 13:36:50 UTC 2020 /home/travis/build/icyphy/ptII/ptolemy/actor/lib/test/auto/DiscreteClock10.xml
----------------- Instantiating /home/travis/build/icyphy/ptII/ptolemy/actor/lib/test/auto/DiscreteClock10.xml
2 ms. Memory: 591872K Free: 498446K (84%)
----------------- Invoking toplevel() on ptolemy.moml.MoMLSimpleApplication@588c2cbb
----------------- Done invoking toplevel() on ptolemy.moml.MoMLSimpleApplication@588c2cbb
reloadAllAccessors: .DiscreteClock10

===========================================================================================
----------------- testing Mon Mar 23 13:36:50 UTC 2020 /home/travis/build/icyphy/ptII/ptolemy/actor/lib/test/auto/DiscreteClock11.xml
----------------- Instantiating /home/travis/build/icyphy/ptII/ptolemy/actor/lib/test/auto/DiscreteClock11.xml
2 ms. Memory: 591872K Free: 492302K (83%)
----------------- Invoking toplevel() on ptolemy.moml.MoMLSimpleApplication@39570b19
----------------- Done invoking toplevel() on ptolemy.moml.MoMLSimpleApplication@39570b19
reloadAllAccessors: .DiscreteClock11

===========================================================================================
----------------- testing Mon Mar 23 13:36:50 UTC 2020 /home/travis/build/icyphy/ptII/ptolemy/actor/lib/test/auto/DiscreteClock12.xml
----------------- Instantiating /home/travis/build/icyphy/ptII/ptolemy/actor/lib/test/auto/DiscreteClock12.xml
3 ms. Memory: 591872K Free: 486158K (82%)
----------------- Invoking toplevel() on ptolemy.moml.MoMLSimpleApplication@600bf96a
----------------- Done invoking toplevel() on ptolemy.moml.MoMLSimpleApplication@600bf96a
reloadAllAccessors: .DiscreteClock12

===========================================================================================
----------------- testing Mon Mar 23 13:36:50 UTC 2020 /home/travis/build/icyphy/ptII/ptolemy/actor/lib/test/auto/DiscreteClock13.xml
----------------- Instantiating /home/travis/build/icyphy/ptII/ptolemy/actor/lib/test/auto/DiscreteClock13.xml
2 ms. Memory: 591872K Free: 480494K (81%)
----------------- Invoking toplevel() on ptolemy.moml.MoMLSimpleApplication@66e87b6e
----------------- Done invoking toplevel() on ptolemy.moml.MoMLSimpleApplication@66e87b6e
reloadAllAccessors: .DiscreteClock13

===========================================================================================
----------------- testing Mon Mar 23 13:36:50 UTC 2020 /home/travis/build/icyphy/ptII/ptolemy/actor/lib/test/auto/DiscreteClock14.xml
----------------- Instantiating /home/travis/build/icyphy/ptII/ptolemy/actor/lib/test/auto/DiscreteClock14.xml
3 ms. Memory: 591872K Free: 474366K (80%)
----------------- Invoking toplevel() on ptolemy.moml.MoMLSimpleApplication@266ba160
----------------- Done invoking toplevel() on ptolemy.moml.MoMLSimpleApplication@266ba160
reloadAllAccessors: .DiscreteClock14

===========================================================================================
----------------- testing Mon Mar 23 13:36:50 UTC 2020 /home/travis/build/icyphy/ptII/ptolemy/actor/lib/test/auto/DiscreteClock15.xml
----------------- Instantiating /home/travis/build/icyphy/ptII/ptolemy/actor/lib/test/auto/DiscreteClock15.xml
3 ms. Memory: 591872K Free: 468206K (79%)
----------------- Invoking toplevel() on ptolemy.moml.MoMLSimpleApplication@6efd99c5
----------------- Done invoking toplevel() on ptolemy.moml.MoMLSimpleApplication@6efd99c5
reloadAllAccessors: .DiscreteClock15

===========================================================================================
----------------- testing Mon Mar 23 13:36:50 UTC 2020 /home/travis/build/icyphy/ptII/ptolemy/actor/lib/test/auto/DiscreteClock16.xml
----------------- Instantiating /home/travis/build/icyphy/ptII/ptolemy/actor/lib/test/auto/DiscreteClock16.xml
16 ms. Memory: 591872K Free: 454414K (77%)
----------------- Invoking toplevel() on ptolemy.moml.MoMLSimpleApplication@29830b5c
----------------- Done invoking toplevel() on ptolemy.moml.MoMLSimpleApplication@29830b5c
reloadAllAccessors: .DiscreteClock16

===========================================================================================
----------------- testing Mon Mar 23 13:36:50 UTC 2020 /home/travis/build/icyphy/ptII/ptolemy/actor/lib/test/auto/DiscreteClock17.xml
----------------- Instantiating /home/travis/build/icyphy/ptII/ptolemy/actor/lib/test/auto/DiscreteClock17.xml
20 ms. Memory: 591872K Free: 440582K (74%)
----------------- Invoking toplevel() on ptolemy.moml.MoMLSimpleApplication@4ba220a6
----------------- Done invoking toplevel() on ptolemy.moml.MoMLSimpleApplication@4ba220a6
reloadAllAccessors: .DiscreteClock17

===========================================================================================
----------------- testing Mon Mar 23 13:36:50 UTC 2020 /home/travis/build/icyphy/ptII/ptolemy/actor/lib/test/auto/DiscreteClock18.xml
----------------- Instantiating /home/travis/build/icyphy/ptII/ptolemy/actor/lib/test/auto/DiscreteClock18.xml
23 ms. Memory: 591872K Free: 426766K (72%)
----------------- Invoking toplevel() on ptolemy.moml.MoMLSimpleApplication@6503c0ac
----------------- Done invoking toplevel() on ptolemy.moml.MoMLSimpleApplication@6503c0ac
reloadAllAccessors: .DiscreteClock18

===========================================================================================
----------------- testing Mon Mar 23 13:36:51 UTC 2020 /home/travis/build/icyphy/ptII/ptolemy/actor/lib/test/auto/DiscreteClock19.xml
----------------- Instantiating /home/travis/build/icyphy/ptII/ptolemy/actor/lib/test/auto/DiscreteClock19.xml
23 ms. Memory: 591872K Free: 412940K (70%)
----------------- Invoking toplevel() on ptolemy.moml.MoMLSimpleApplication@3b836a5f
----------------- Done invoking toplevel() on ptolemy.moml.MoMLSimpleApplication@3b836a5f
reloadAllAccessors: .DiscreteClock19

===========================================================================================
----------------- testing Mon Mar 23 13:36:51 UTC 2020 /home/travis/build/icyphy/ptII/ptolemy/actor/lib/test/auto/DiscreteClock2.xml
----------------- Instantiating /home/travis/build/icyphy/ptII/ptolemy/actor/lib/test/auto/DiscreteClock2.xml
2 ms. Memory: 591872K Free: 407806K (69%)
----------------- Invoking toplevel() on ptolemy.moml.MoMLSimpleApplication@24a3db74
----------------- Done invoking toplevel() on ptolemy.moml.MoMLSimpleApplication@24a3db74
reloadAllAccessors: .DiscreteClock2

===========================================================================================
----------------- testing Mon Mar 23 13:36:51 UTC 2020 /home/travis/build/icyphy/ptII/ptolemy/actor/lib/test/auto/DiscreteClock20.xml
----------------- Instantiating /home/travis/build/icyphy/ptII/ptolemy/actor/lib/test/auto/DiscreteClock20.xml
4 ms. Memory: 591872K Free: 402190K (68%)
----------------- Invoking toplevel() on ptolemy.moml.MoMLSimpleApplication@536af5e1
----------------- Done invoking toplevel() on ptolemy.moml.MoMLSimpleApplication@536af5e1
reloadAllAccessors: .DiscreteClock20

===========================================================================================
----------------- testing Mon Mar 23 13:36:51 UTC 2020 /home/travis/build/icyphy/ptII/ptolemy/actor/lib/test/auto/DiscreteClock21.xml
----------------- Instantiating /home/travis/build/icyphy/ptII/ptolemy/actor/lib/test/auto/DiscreteClock21.xml
6 ms. Memory: 591872K Free: 397070K (67%)
----------------- Invoking toplevel() on ptolemy.moml.MoMLSimpleApplication@792616d
----------------- Done invoking toplevel() on ptolemy.moml.MoMLSimpleApplication@792616d
reloadAllAccessors: .DiscreteClock21

===========================================================================================
----------------- testing Mon Mar 23 13:36:51 UTC 2020 /home/travis/build/icyphy/ptII/ptolemy/actor/lib/test/auto/DiscreteClock22.xml
----------------- Instantiating /home/travis/build/icyphy/ptII/ptolemy/actor/lib/test/auto/DiscreteClock22.xml
4 ms. Memory: 591872K Free: 391436K (66%)
----------------- Invoking toplevel() on ptolemy.moml.MoMLSimpleApplication@5ea71a79
----------------- Done invoking toplevel() on ptolemy.moml.MoMLSimpleApplication@5ea71a79
reloadAllAccessors: .DiscreteClock22

===========================================================================================
----------------- testing Mon Mar 23 13:36:51 UTC 2020 /home/travis/build/icyphy/ptII/ptolemy/actor/lib/test/auto/DiscreteClock23.xml
----------------- Instantiating /home/travis/build/icyphy/ptII/ptolemy/actor/lib/test/auto/DiscreteClock23.xml
5 ms. Memory: 591872K Free: 385806K (65%)
----------------- Invoking toplevel() on ptolemy.moml.MoMLSimpleApplication@43d2116d
----------------- Done invoking toplevel() on ptolemy.moml.MoMLSimpleApplication@43d2116d
reloadAllAccessors: .DiscreteClock23

===========================================================================================
----------------- testing Mon Mar 23 13:36:51 UTC 2020 /home/travis/build/icyphy/ptII/ptolemy/actor/lib/test/auto/DiscreteClock24.xml
----------------- Instantiating /home/travis/build/icyphy/ptII/ptolemy/actor/lib/test/auto/DiscreteClock24.xml
5 ms. Memory: 591872K Free: 380686K (64%)
----------------- Invoking toplevel() on ptolemy.moml.MoMLSimpleApplication@4b1b537d
----------------- Done invoking toplevel() on ptolemy.moml.MoMLSimpleApplication@4b1b537d
reloadAllAccessors: .DiscreteClock24

===========================================================================================
----------------- testing Mon Mar 23 13:36:51 UTC 2020 /home/travis/build/icyphy/ptII/ptolemy/actor/lib/test/auto/DiscreteClock4.xml
----------------- Instantiating /home/travis/build/icyphy/ptII/ptolemy/actor/lib/test/auto/DiscreteClock4.xml
1 ms. Memory: 591872K Free: 375038K (63%)
----------------- Invoking toplevel() on ptolemy.moml.MoMLSimpleApplication@593831f4
----------------- Done invoking toplevel() on ptolemy.moml.MoMLSimpleApplication@593831f4
reloadAllAccessors: .DiscreteClock4

===========================================================================================
----------------- testing Mon Mar 23 13:36:51 UTC 2020 /home/travis/build/icyphy/ptII/ptolemy/actor/lib/test/auto/DiscreteClock5.xml
----------------- Instantiating /home/travis/build/icyphy/ptII/ptolemy/actor/lib/test/auto/DiscreteClock5.xml
2 ms. Memory: 591872K Free: 369422K (62%)
----------------- Invoking toplevel() on ptolemy.moml.MoMLSimpleApplication@719ff233
----------------- Done invoking toplevel() on ptolemy.moml.MoMLSimpleApplication@719ff233
reloadAllAccessors: .DiscreteClock5

===========================================================================================
----------------- testing Mon Mar 23 13:36:51 UTC 2020 /home/travis/build/icyphy/ptII/ptolemy/actor/lib/test/auto/DiscreteClock6.xml
----------------- Instantiating /home/travis/build/icyphy/ptII/ptolemy/actor/lib/test/auto/DiscreteClock6.xml
2 ms. Memory: 591872K Free: 365326K (62%)
----------------- Invoking toplevel() on ptolemy.moml.MoMLSimpleApplication@58660ee5
----------------- Done invoking toplevel() on ptolemy.moml.MoMLSimpleApplication@58660ee5
reloadAllAccessors: .DiscreteClock6

===========================================================================================
----------------- testing Mon Mar 23 13:36:51 UTC 2020 /home/travis/build/icyphy/ptII/ptolemy/actor/lib/test/auto/DiscreteClock7.xml
----------------- Instantiating /home/travis/build/icyphy/ptII/ptolemy/actor/lib/test/auto/DiscreteClock7.xml
1 ms. Memory: 591872K Free: 360716K (61%)
----------------- Invoking toplevel() on ptolemy.moml.MoMLSimpleApplication@56a046f1
----------------- Done invoking toplevel() on ptolemy.moml.MoMLSimpleApplication@56a046f1
reloadAllAccessors: .DiscreteClock7

===========================================================================================
----------------- testing Mon Mar 23 13:36:51 UTC 2020 /home/travis/build/icyphy/ptII/ptolemy/actor/lib/test/auto/DiscreteClock8.xml
----------------- Instantiating /home/travis/build/icyphy/ptII/ptolemy/actor/lib/test/auto/DiscreteClock8.xml
2 ms. Memory: 591872K Free: 355086K (60%)
----------------- Invoking toplevel() on ptolemy.moml.MoMLSimpleApplication@6d1eee8d
----------------- Done invoking toplevel() on ptolemy.moml.MoMLSimpleApplication@6d1eee8d
reloadAllAccessors: .DiscreteClock8

===========================================================================================
----------------- testing Mon Mar 23 13:36:51 UTC 2020 /home/travis/build/icyphy/ptII/ptolemy/actor/lib/test/auto/DiscreteClock9.xml
----------------- Instantiating /home/travis/build/icyphy/ptII/ptolemy/actor/lib/test/auto/DiscreteClock9.xml
4 ms. Memory: 591872K Free: 349446K (59%)
----------------- Invoking toplevel() on ptolemy.moml.MoMLSimpleApplication@5acdb849
----------------- Done invoking toplevel() on ptolemy.moml.MoMLSimpleApplication@5acdb849
reloadAllAccessors: .DiscreteClock9

===========================================================================================
----------------- testing Mon Mar 23 13:36:51 UTC 2020 /home/travis/build/icyphy/ptII/ptolemy/actor/lib/test/auto/DisplayArray.xml
----------------- Instantiating /home/travis/build/icyphy/ptII/ptolemy/actor/lib/test/auto/DisplayArray.xml
1 ms. Memory: 591872K Free: 345870K (58%)
----------------- Invoking toplevel() on ptolemy.moml.MoMLSimpleApplication@def8bca
----------------- Done invoking toplevel() on ptolemy.moml.MoMLSimpleApplication@def8bca
reloadAllAccessors: .DisplayArray

===========================================================================================
----------------- testing Mon Mar 23 13:36:51 UTC 2020 /home/travis/build/icyphy/ptII/ptolemy/actor/lib/test/auto/Distributor.xml
----------------- Instantiating /home/travis/build/icyphy/ptII/ptolemy/actor/lib/test/auto/Distributor.xml
2 ms. Memory: 591872K Free: 341774K (58%)
----------------- Invoking toplevel() on ptolemy.moml.MoMLSimpleApplication@41ee12fd
----------------- Done invoking toplevel() on ptolemy.moml.MoMLSimpleApplication@41ee12fd
reloadAllAccessors: .Distributor

===========================================================================================
----------------- testing Mon Mar 23 13:36:51 UTC 2020 /home/travis/build/icyphy/ptII/ptolemy/actor/lib/test/auto/Distributor2.xml
----------------- Instantiating /home/travis/build/icyphy/ptII/ptolemy/actor/lib/test/auto/Distributor2.xml
1 ms. Memory: 591872K Free: 336654K (57%)
----------------- Invoking toplevel() on ptolemy.moml.MoMLSimpleApplication@52f20e41
----------------- Done invoking toplevel() on ptolemy.moml.MoMLSimpleApplication@52f20e41
reloadAllAccessors: .Distributor2

===========================================================================================
----------------- testing Mon Mar 23 13:36:51 UTC 2020 /home/travis/build/icyphy/ptII/ptolemy/actor/lib/test/auto/DownSample.xml
----------------- Instantiating /home/travis/build/icyphy/ptII/ptolemy/actor/lib/test/auto/DownSample.xml
1 ms. Memory: 591872K Free: 332044K (56%)
----------------- Invoking toplevel() on ptolemy.moml.MoMLSimpleApplication@35afd73b
----------------- Done invoking toplevel() on ptolemy.moml.MoMLSimpleApplication@35afd73b
reloadAllAccessors: .DownSample

===========================================================================================
----------------- testing Mon Mar 23 13:36:51 UTC 2020 /home/travis/build/icyphy/ptII/ptolemy/actor/lib/test/auto/ElectronicUnitBase1.xml
----------------- Instantiating /home/travis/build/icyphy/ptII/ptolemy/actor/lib/test/auto/ElectronicUnitBase1.xml
19 ms. Memory: 591872K Free: 316174K (53%)
----------------- Invoking toplevel() on ptolemy.moml.MoMLSimpleApplication@54673c14
----------------- Done invoking toplevel() on ptolemy.moml.MoMLSimpleApplication@54673c14
reloadAllAccessors: .ElectronicUnitBase1

===========================================================================================
----------------- testing Mon Mar 23 13:36:51 UTC 2020 /home/travis/build/icyphy/ptII/ptolemy/actor/lib/test/auto/ElementsToArray.xml
----------------- Instantiating /home/travis/build/icyphy/ptII/ptolemy/actor/lib/test/auto/ElementsToArray.xml
4 ms. Memory: 591872K Free: 311054K (53%)
----------------- Invoking toplevel() on ptolemy.moml.MoMLSimpleApplication@18526a41
----------------- Done invoking toplevel() on ptolemy.moml.MoMLSimpleApplication@18526a41
reloadAllAccessors: .ElementsToArray

===========================================================================================
----------------- testing Mon Mar 23 13:36:51 UTC 2020 /home/travis/build/icyphy/ptII/ptolemy/actor/lib/test/auto/Equals.xml
----------------- Instantiating /home/travis/build/icyphy/ptII/ptolemy/actor/lib/test/auto/Equals.xml
3 ms. Memory: 591872K Free: 306958K (52%)
----------------- Invoking toplevel() on ptolemy.moml.MoMLSimpleApplication@63b9ce84
----------------- Done invoking toplevel() on ptolemy.moml.MoMLSimpleApplication@63b9ce84
reloadAllAccessors: .Equals

===========================================================================================
----------------- testing Mon Mar 23 13:36:51 UTC 2020 /home/travis/build/icyphy/ptII/ptolemy/actor/lib/test/auto/Exec.xml
----------------- Instantiating /home/travis/build/icyphy/ptII/ptolemy/actor/lib/test/auto/Exec.xml
17 ms. Memory: 591872K Free: 301324K (51%)
----------------- Invoking toplevel() on ptolemy.moml.MoMLSimpleApplication@77bc90e5
----------------- Done invoking toplevel() on ptolemy.moml.MoMLSimpleApplication@77bc90e5
reloadAllAccessors: .Exec

===========================================================================================
----------------- testing Mon Mar 23 13:36:51 UTC 2020 /home/travis/build/icyphy/ptII/ptolemy/actor/lib/test/auto/ExecEnvironment.xml
----------------- Instantiating /home/travis/build/icyphy/ptII/ptolemy/actor/lib/test/auto/ExecEnvironment.xml
23 ms. Memory: 591872K Free: 296190K (50%)
----------------- Invoking toplevel() on ptolemy.moml.MoMLSimpleApplication@76ba69e5
----------------- Done invoking toplevel() on ptolemy.moml.MoMLSimpleApplication@76ba69e5
reloadAllAccessors: .ExecEnvironment

===========================================================================================
----------------- testing Mon Mar 23 13:36:51 UTC 2020 /home/travis/build/icyphy/ptII/ptolemy/actor/lib/test/auto/ExecNonZeroReturnOutput.xml
----------------- Instantiating /home/travis/build/icyphy/ptII/ptolemy/actor/lib/test/auto/ExecNonZeroReturnOutput.xml
170 ms. Memory: 591872K Free: 284940K (48%)
----------------- Invoking toplevel() on ptolemy.moml.MoMLSimpleApplication@52223f98
----------------- Done invoking toplevel() on ptolemy.moml.MoMLSimpleApplication@52223f98
reloadAllAccessors: .ExecNonZeroReturnOutput

===========================================================================================
----------------- testing Mon Mar 23 13:36:51 UTC 2020 /home/travis/build/icyphy/ptII/ptolemy/actor/lib/test/auto/ExecRunDemos.xml
----------------- Instantiating /home/travis/build/icyphy/ptII/ptolemy/actor/lib/test/auto/ExecRunDemos.xml
Finished: 129 ms. Memory: 129024K Free: 112202K (87%)

Finished: 44 ms. Memory: 129024K Free: 109689K (85%)

Finished: 86 ms. Memory: 129024K Free: 109547K (85%)

Finished: 116 ms. Memory: 129024K Free: 111069K (86%)

Finished: 96 ms. Memory: 129024K Free: 111825K (87%)

11067 ms. Memory: 591872K Free: 263948K (45%)
----------------- Invoking toplevel() on ptolemy.moml.MoMLSimpleApplication@1d0c350e
----------------- Done invoking toplevel() on ptolemy.moml.MoMLSimpleApplication@1d0c350e
reloadAllAccessors: .ExecRunDemos

===========================================================================================
----------------- testing Mon Mar 23 13:37:02 UTC 2020 /home/travis/build/icyphy/ptII/ptolemy/actor/lib/test/auto/ExecStop.xml
----------------- Instantiating /home/travis/build/icyphy/ptII/ptolemy/actor/lib/test/auto/ExecStop.xml
5027 ms. Memory: 591872K Free: 466794K (79%)
----------------- Invoking toplevel() on ptolemy.moml.MoMLSimpleApplication@36e85a79
----------------- Done invoking toplevel() on ptolemy.moml.MoMLSimpleApplication@36e85a79
reloadAllAccessors: .ExecStop

===========================================================================================
----------------- testing Mon Mar 23 13:37:07 UTC 2020 /home/travis/build/icyphy/ptII/ptolemy/actor/lib/test/auto/ExecutionTimeSDF.xml
----------------- Instantiating /home/travis/build/icyphy/ptII/ptolemy/actor/lib/test/auto/ExecutionTimeSDF.xml
Fired ExecutionTime: -366167296
Fired ExecutionTime: 1334000000
Fired ExecutionTime: 1344000000
6007 ms. Memory: 591872K Free: 454490K (77%)
----------------- Invoking toplevel() on ptolemy.moml.MoMLSimpleApplication@5a33fd63
----------------- Done invoking toplevel() on ptolemy.moml.MoMLSimpleApplication@5a33fd63
reloadAllAccessors: .ExecutionTimeSDF

===========================================================================================
----------------- testing Mon Mar 23 13:37:13 UTC 2020 /home/travis/build/icyphy/ptII/ptolemy/actor/lib/test/auto/Expression1.xml
----------------- Instantiating /home/travis/build/icyphy/ptII/ptolemy/actor/lib/test/auto/Expression1.xml
1 ms. Memory: 591872K Free: 451432K (76%)
----------------- Invoking toplevel() on ptolemy.moml.MoMLSimpleApplication@67ea00a6
----------------- Done invoking toplevel() on ptolemy.moml.MoMLSimpleApplication@67ea00a6
reloadAllAccessors: .Expression1

===========================================================================================
----------------- testing Mon Mar 23 13:37:13 UTC 2020 /home/travis/build/icyphy/ptII/ptolemy/actor/lib/test/auto/Expression10.xml
----------------- Instantiating /home/travis/build/icyphy/ptII/ptolemy/actor/lib/test/auto/Expression10.xml
5 ms. Memory: 591872K Free: 445802K (75%)
----------------- Invoking toplevel() on ptolemy.moml.MoMLSimpleApplication@53bac5e7
----------------- Done invoking toplevel() on ptolemy.moml.MoMLSimpleApplication@53bac5e7
reloadAllAccessors: .Expression10

===========================================================================================
----------------- testing Mon Mar 23 13:37:14 UTC 2020 /home/travis/build/icyphy/ptII/ptolemy/actor/lib/test/auto/Expression11.xml
----------------- Instantiating /home/travis/build/icyphy/ptII/ptolemy/actor/lib/test/auto/Expression11.xml
2 ms. Memory: 591872K Free: 441192K (75%)
----------------- Invoking toplevel() on ptolemy.moml.MoMLSimpleApplication@186d383e
----------------- Done invoking toplevel() on ptolemy.moml.MoMLSimpleApplication@186d383e
reloadAllAccessors: .Expression11

===========================================================================================
----------------- testing Mon Mar 23 13:37:14 UTC 2020 /home/travis/build/icyphy/ptII/ptolemy/actor/lib/test/auto/Expression12.xml
----------------- Instantiating /home/travis/build/icyphy/ptII/ptolemy/actor/lib/test/auto/Expression12.xml
3 ms. Memory: 591872K Free: 436072K (74%)
----------------- Invoking toplevel() on ptolemy.moml.MoMLSimpleApplication@3e467a3a
----------------- Done invoking toplevel() on ptolemy.moml.MoMLSimpleApplication@3e467a3a
reloadAllAccessors: .Expression12

===========================================================================================
----------------- testing Mon Mar 23 13:37:14 UTC 2020 /home/travis/build/icyphy/ptII/ptolemy/actor/lib/test/auto/Expression13.xml
----------------- Instantiating /home/travis/build/icyphy/ptII/ptolemy/actor/lib/test/auto/Expression13.xml
4 ms. Memory: 591872K Free: 430952K (73%)
----------------- Invoking toplevel() on ptolemy.moml.MoMLSimpleApplication@47050d8b
----------------- Done invoking toplevel() on ptolemy.moml.MoMLSimpleApplication@47050d8b
reloadAllAccessors: .Expression13

===========================================================================================
----------------- testing Mon Mar 23 13:37:14 UTC 2020 /home/travis/build/icyphy/ptII/ptolemy/actor/lib/test/auto/Expression14.xml
----------------- Instantiating /home/travis/build/icyphy/ptII/ptolemy/actor/lib/test/auto/Expression14.xml
4 ms. Memory: 591872K Free: 425322K (72%)
----------------- Invoking toplevel() on ptolemy.moml.MoMLSimpleApplication@b142a73
----------------- Done invoking toplevel() on ptolemy.moml.MoMLSimpleApplication@b142a73
reloadAllAccessors: .Expression14

===========================================================================================
----------------- testing Mon Mar 23 13:37:14 UTC 2020 /home/travis/build/icyphy/ptII/ptolemy/actor/lib/test/auto/Expression15.xml
----------------- Instantiating /home/travis/build/icyphy/ptII/ptolemy/actor/lib/test/auto/Expression15.xml
1 ms. Memory: 591872K Free: 421226K (71%)
----------------- Invoking toplevel() on ptolemy.moml.MoMLSimpleApplication@148c3851
----------------- Done invoking toplevel() on ptolemy.moml.MoMLSimpleApplication@148c3851
reloadAllAccessors: .Expression15

===========================================================================================
----------------- testing Mon Mar 23 13:37:14 UTC 2020 /home/travis/build/icyphy/ptII/ptolemy/actor/lib/test/auto/Expression16.xml
----------------- Instantiating /home/travis/build/icyphy/ptII/ptolemy/actor/lib/test/auto/Expression16.xml
2 ms. Memory: 591872K Free: 416106K (70%)
----------------- Invoking toplevel() on ptolemy.moml.MoMLSimpleApplication@68a4ccf9
----------------- Done invoking toplevel() on ptolemy.moml.MoMLSimpleApplication@68a4ccf9
reloadAllAccessors: .Expression16

===========================================================================================
----------------- testing Mon Mar 23 13:37:14 UTC 2020 /home/travis/build/icyphy/ptII/ptolemy/actor/lib/test/auto/Expression17.xml
----------------- Instantiating /home/travis/build/icyphy/ptII/ptolemy/actor/lib/test/auto/Expression17.xml
4 ms. Memory: 591872K Free: 411496K (70%)
----------------- Invoking toplevel() on ptolemy.moml.MoMLSimpleApplication@723e6259
----------------- Done invoking toplevel() on ptolemy.moml.MoMLSimpleApplication@723e6259
reloadAllAccessors: .Expression17

===========================================================================================
----------------- testing Mon Mar 23 13:37:14 UTC 2020 /home/travis/build/icyphy/ptII/ptolemy/actor/lib/test/auto/Expression18.xml
----------------- Instantiating /home/travis/build/icyphy/ptII/ptolemy/actor/lib/test/auto/Expression18.xml
3 ms. Memory: 591872K Free: 406376K (69%)
----------------- Invoking toplevel() on ptolemy.moml.MoMLSimpleApplication@6e09f5c
----------------- Done invoking toplevel() on ptolemy.moml.MoMLSimpleApplication@6e09f5c
reloadAllAccessors: .Expression18

===========================================================================================
----------------- testing Mon Mar 23 13:37:14 UTC 2020 /home/travis/build/icyphy/ptII/ptolemy/actor/lib/test/auto/Expression2.xml
----------------- Instantiating /home/travis/build/icyphy/ptII/ptolemy/actor/lib/test/auto/Expression2.xml
3 ms. Memory: 591872K Free: 401770K (68%)
----------------- Invoking toplevel() on ptolemy.moml.MoMLSimpleApplication@67039619
----------------- Done invoking toplevel() on ptolemy.moml.MoMLSimpleApplication@67039619
reloadAllAccessors: .Expression2

===========================================================================================
----------------- testing Mon Mar 23 13:37:14 UTC 2020 /home/travis/build/icyphy/ptII/ptolemy/actor/lib/test/auto/Expression3.xml
----------------- Instantiating /home/travis/build/icyphy/ptII/ptolemy/actor/lib/test/auto/Expression3.xml
6 ms. Memory: 591872K Free: 396650K (67%)
----------------- Invoking toplevel() on ptolemy.moml.MoMLSimpleApplication@4df4eed7
----------------- Done invoking toplevel() on ptolemy.moml.MoMLSimpleApplication@4df4eed7
reloadAllAccessors: .Expression3

===========================================================================================
----------------- testing Mon Mar 23 13:37:14 UTC 2020 /home/travis/build/icyphy/ptII/ptolemy/actor/lib/test/auto/Expression4.xml
----------------- Instantiating /home/travis/build/icyphy/ptII/ptolemy/actor/lib/test/auto/Expression4.xml
5 ms. Memory: 591872K Free: 389482K (66%)
----------------- Invoking toplevel() on ptolemy.moml.MoMLSimpleApplication@22b1a32f
----------------- Done invoking toplevel() on ptolemy.moml.MoMLSimpleApplication@22b1a32f
reloadAllAccessors: .Expression4

===========================================================================================
----------------- testing Mon Mar 23 13:37:14 UTC 2020 /home/travis/build/icyphy/ptII/ptolemy/actor/lib/test/auto/Expression5.xml
----------------- Instantiating /home/travis/build/icyphy/ptII/ptolemy/actor/lib/test/auto/Expression5.xml
5 ms. Memory: 591872K Free: 384362K (65%)
----------------- Invoking toplevel() on ptolemy.moml.MoMLSimpleApplication@5e7b4ab
----------------- Done invoking toplevel() on ptolemy.moml.MoMLSimpleApplication@5e7b4ab
reloadAllAccessors: .Expression5

===========================================================================================
----------------- testing Mon Mar 23 13:37:14 UTC 2020 /home/travis/build/icyphy/ptII/ptolemy/actor/lib/test/auto/Expression6.xml
----------------- Instantiating /home/travis/build/icyphy/ptII/ptolemy/actor/lib/test/auto/Expression6.xml
2 ms. Memory: 591872K Free: 379752K (64%)
----------------- Invoking toplevel() on ptolemy.moml.MoMLSimpleApplication@208a6cd2
----------------- Done invoking toplevel() on ptolemy.moml.MoMLSimpleApplication@208a6cd2
reloadAllAccessors: .Expression6

===========================================================================================
----------------- testing Mon Mar 23 13:37:14 UTC 2020 /home/travis/build/icyphy/ptII/ptolemy/actor/lib/test/auto/Expression7.xml
----------------- Instantiating /home/travis/build/icyphy/ptII/ptolemy/actor/lib/test/auto/Expression7.xml
2 ms. Memory: 591872K Free: 375146K (63%)
----------------- Invoking toplevel() on ptolemy.moml.MoMLSimpleApplication@38dc43b5
----------------- Done invoking toplevel() on ptolemy.moml.MoMLSimpleApplication@38dc43b5
reloadAllAccessors: .Expression7

===========================================================================================
----------------- testing Mon Mar 23 13:37:14 UTC 2020 /home/travis/build/icyphy/ptII/ptolemy/actor/lib/test/auto/Expression8.xml
----------------- Instantiating /home/travis/build/icyphy/ptII/ptolemy/actor/lib/test/auto/Expression8.xml
7 ms. Memory: 591872K Free: 370026K (63%)
----------------- Invoking toplevel() on ptolemy.moml.MoMLSimpleApplication@19cdf9bd
----------------- Done invoking toplevel() on ptolemy.moml.MoMLSimpleApplication@19cdf9bd
reloadAllAccessors: .Expression8

===========================================================================================
----------------- testing Mon Mar 23 13:37:14 UTC 2020 /home/travis/build/icyphy/ptII/ptolemy/actor/lib/test/auto/Expression9.xml
----------------- Instantiating /home/travis/build/icyphy/ptII/ptolemy/actor/lib/test/auto/Expression9.xml
1 ms. Memory: 591872K Free: 365930K (62%)
----------------- Invoking toplevel() on ptolemy.moml.MoMLSimpleApplication@b842599
----------------- Done invoking toplevel() on ptolemy.moml.MoMLSimpleApplication@b842599
reloadAllAccessors: .Expression9

===========================================================================================
----------------- testing Mon Mar 23 13:37:14 UTC 2020 /home/travis/build/icyphy/ptII/ptolemy/actor/lib/test/auto/ExpressionConcatenateArrayType.xml
----------------- Instantiating /home/travis/build/icyphy/ptII/ptolemy/actor/lib/test/auto/ExpressionConcatenateArrayType.xml
3 ms. Memory: 591872K Free: 359786K (61%)
----------------- Invoking toplevel() on ptolemy.moml.MoMLSimpleApplication@73148ec6
----------------- Done invoking toplevel() on ptolemy.moml.MoMLSimpleApplication@73148ec6
reloadAllAccessors: .ExpressionConcatenateArrayType

===========================================================================================
----------------- testing Mon Mar 23 13:37:14 UTC 2020 /home/travis/build/icyphy/ptII/ptolemy/actor/lib/test/auto/ExpressionConcatenateArrayType2.xml
----------------- Instantiating /home/travis/build/icyphy/ptII/ptolemy/actor/lib/test/auto/ExpressionConcatenateArrayType2.xml
3 ms. Memory: 591872K Free: 354152K (60%)
----------------- Invoking toplevel() on ptolemy.moml.MoMLSimpleApplication@507cd19e
----------------- Done invoking toplevel() on ptolemy.moml.MoMLSimpleApplication@507cd19e
reloadAllAccessors: .ExpressionConcatenateArrayType2

===========================================================================================
----------------- testing Mon Mar 23 13:37:14 UTC 2020 /home/travis/build/icyphy/ptII/ptolemy/actor/lib/test/auto/ExpressionFix.xml
----------------- Instantiating /home/travis/build/icyphy/ptII/ptolemy/actor/lib/test/auto/ExpressionFix.xml
20 ms. Memory: 591872K Free: 348008K (59%)
----------------- Invoking toplevel() on ptolemy.moml.MoMLSimpleApplication@6aa6dacc
----------------- Done invoking toplevel() on ptolemy.moml.MoMLSimpleApplication@6aa6dacc
reloadAllAccessors: .ExpressionFix

===========================================================================================
----------------- testing Mon Mar 23 13:37:14 UTC 2020 /home/travis/build/icyphy/ptII/ptolemy/actor/lib/test/auto/ExpressionFix2.xml
----------------- Instantiating /home/travis/build/icyphy/ptII/ptolemy/actor/lib/test/auto/ExpressionFix2.xml
2 ms. Memory: 591872K Free: 343912K (58%)
----------------- Invoking toplevel() on ptolemy.moml.MoMLSimpleApplication@7328f594
----------------- Done invoking toplevel() on ptolemy.moml.MoMLSimpleApplication@7328f594
reloadAllAccessors: .ExpressionFix2

===========================================================================================
----------------- testing Mon Mar 23 13:37:14 UTC 2020 /home/travis/build/icyphy/ptII/ptolemy/actor/lib/test/auto/ExpressionFix3.xml
----------------- Instantiating /home/travis/build/icyphy/ptII/ptolemy/actor/lib/test/auto/ExpressionFix3.xml
2 ms. Memory: 591872K Free: 339306K (57%)
----------------- Invoking toplevel() on ptolemy.moml.MoMLSimpleApplication@7e008906
----------------- Done invoking toplevel() on ptolemy.moml.MoMLSimpleApplication@7e008906
reloadAllAccessors: .ExpressionFix3

===========================================================================================
----------------- testing Mon Mar 23 13:37:14 UTC 2020 /home/travis/build/icyphy/ptII/ptolemy/actor/lib/test/auto/FileWriter1.xml
----------------- Instantiating /home/travis/build/icyphy/ptII/ptolemy/actor/lib/test/auto/FileWriter1.xml
2 ms. Memory: 591872K Free: 335720K (57%)
----------------- Invoking toplevel() on ptolemy.moml.MoMLSimpleApplication@a16781d
----------------- Done invoking toplevel() on ptolemy.moml.MoMLSimpleApplication@a16781d
reloadAllAccessors: .FileWriter1

===========================================================================================
----------------- testing Mon Mar 23 13:37:14 UTC 2020 /home/travis/build/icyphy/ptII/ptolemy/actor/lib/test/auto/FileWriter2.xml
----------------- Instantiating /home/travis/build/icyphy/ptII/ptolemy/actor/lib/test/auto/FileWriter2.xml
5 ms. Memory: 591872K Free: 331114K (56%)
----------------- Invoking toplevel() on ptolemy.moml.MoMLSimpleApplication@d187614
----------------- Done invoking toplevel() on ptolemy.moml.MoMLSimpleApplication@d187614
reloadAllAccessors: .FileWriter2

===========================================================================================
----------------- testing Mon Mar 23 13:37:14 UTC 2020 /home/travis/build/icyphy/ptII/ptolemy/actor/lib/test/auto/FileWriter3.xml
----------------- Instantiating /home/travis/build/icyphy/ptII/ptolemy/actor/lib/test/auto/FileWriter3.xml
4 ms. Memory: 591872K Free: 327018K (55%)
----------------- Invoking toplevel() on ptolemy.moml.MoMLSimpleApplication@2bae7d75
----------------- Done invoking toplevel() on ptolemy.moml.MoMLSimpleApplication@2bae7d75
reloadAllAccessors: .FileWriter3

===========================================================================================
----------------- testing Mon Mar 23 13:37:14 UTC 2020 /home/travis/build/icyphy/ptII/ptolemy/actor/lib/test/auto/Gaussian.xml
----------------- Instantiating /home/travis/build/icyphy/ptII/ptolemy/actor/lib/test/auto/Gaussian.xml
3 ms. Memory: 591872K Free: 322922K (55%)
----------------- Invoking toplevel() on ptolemy.moml.MoMLSimpleApplication@24b75698
----------------- Done invoking toplevel() on ptolemy.moml.MoMLSimpleApplication@24b75698
reloadAllAccessors: .Gaussian

===========================================================================================
----------------- testing Mon Mar 23 13:37:14 UTC 2020 /home/travis/build/icyphy/ptII/ptolemy/actor/lib/test/auto/Gaussian1.xml
----------------- Instantiating /home/travis/build/icyphy/ptII/ptolemy/actor/lib/test/auto/Gaussian1.xml
3 ms. Memory: 591872K Free: 317282K (54%)
----------------- Invoking toplevel() on ptolemy.moml.MoMLSimpleApplication@19cdd717
----------------- Done invoking toplevel() on ptolemy.moml.MoMLSimpleApplication@19cdd717
reloadAllAccessors: .Gaussian1

===========================================================================================
----------------- testing Mon Mar 23 13:37:14 UTC 2020 /home/travis/build/icyphy/ptII/ptolemy/actor/lib/test/auto/Gaussian2.xml
----------------- Instantiating /home/travis/build/icyphy/ptII/ptolemy/actor/lib/test/auto/Gaussian2.xml
9 ms. Memory: 591872K Free: 311658K (53%)
----------------- Invoking toplevel() on ptolemy.moml.MoMLSimpleApplication@7b38508f
----------------- Done invoking toplevel() on ptolemy.moml.MoMLSimpleApplication@7b38508f
reloadAllAccessors: .Gaussian2

===========================================================================================
----------------- testing Mon Mar 23 13:37:14 UTC 2020 /home/travis/build/icyphy/ptII/ptolemy/actor/lib/test/auto/GradientAdaptiveLattice.xml
----------------- Instantiating /home/travis/build/icyphy/ptII/ptolemy/actor/lib/test/auto/GradientAdaptiveLattice.xml
4 ms. Memory: 591872K Free: 307048K (52%)
----------------- Invoking toplevel() on ptolemy.moml.MoMLSimpleApplication@7296f3a9
----------------- Done invoking toplevel() on ptolemy.moml.MoMLSimpleApplication@7296f3a9
reloadAllAccessors: .GradientAdaptiveLattice

===========================================================================================
----------------- testing Mon Mar 23 13:37:14 UTC 2020 /home/travis/build/icyphy/ptII/ptolemy/actor/lib/test/auto/IIR.xml
----------------- Instantiating /home/travis/build/icyphy/ptII/ptolemy/actor/lib/test/auto/IIR.xml
1 ms. Memory: 591872K Free: 302442K (51%)
----------------- Invoking toplevel() on ptolemy.moml.MoMLSimpleApplication@6b6beaf7
----------------- Done invoking toplevel() on ptolemy.moml.MoMLSimpleApplication@6b6beaf7
reloadAllAccessors: .IIR

===========================================================================================
----------------- testing Mon Mar 23 13:37:14 UTC 2020 /home/travis/build/icyphy/ptII/ptolemy/actor/lib/test/auto/InputOutputTransparentPorts.xml
----------------- Instantiating /home/travis/build/icyphy/ptII/ptolemy/actor/lib/test/auto/InputOutputTransparentPorts.xml
2 ms. Memory: 591872K Free: 295274K (50%)
----------------- Invoking toplevel() on ptolemy.moml.MoMLSimpleApplication@23f22783
----------------- Done invoking toplevel() on ptolemy.moml.MoMLSimpleApplication@23f22783
reloadAllAccessors: .InputOutputTransparentPorts

===========================================================================================
----------------- testing Mon Mar 23 13:37:14 UTC 2020 /home/travis/build/icyphy/ptII/ptolemy/actor/lib/test/auto/Interpolator.xml
----------------- Instantiating /home/travis/build/icyphy/ptII/ptolemy/actor/lib/test/auto/Interpolator.xml
3 ms. Memory: 591872K Free: 291688K (49%)
----------------- Invoking toplevel() on ptolemy.moml.MoMLSimpleApplication@3ff905bf
----------------- Done invoking toplevel() on ptolemy.moml.MoMLSimpleApplication@3ff905bf
reloadAllAccessors: .Interpolator

===========================================================================================
----------------- testing Mon Mar 23 13:37:14 UTC 2020 /home/travis/build/icyphy/ptII/ptolemy/actor/lib/test/auto/InterpolatorFiringLimitDE.xml
----------------- Instantiating /home/travis/build/icyphy/ptII/ptolemy/actor/lib/test/auto/InterpolatorFiringLimitDE.xml
2 ms. Memory: 591872K Free: 285034K (48%)
----------------- Invoking toplevel() on ptolemy.moml.MoMLSimpleApplication@458052e6
----------------- Done invoking toplevel() on ptolemy.moml.MoMLSimpleApplication@458052e6
reloadAllAccessors: .InterpolatorFiringLimitDE

===========================================================================================
----------------- testing Mon Mar 23 13:37:14 UTC 2020 /home/travis/build/icyphy/ptII/ptolemy/actor/lib/test/auto/Lattice.xml
----------------- Instantiating /home/travis/build/icyphy/ptII/ptolemy/actor/lib/test/auto/Lattice.xml
1 ms. Memory: 591872K Free: 281448K (48%)
----------------- Invoking toplevel() on ptolemy.moml.MoMLSimpleApplication@3747f98a
----------------- Done invoking toplevel() on ptolemy.moml.MoMLSimpleApplication@3747f98a
reloadAllAccessors: .Lattice

===========================================================================================
----------------- testing Mon Mar 23 13:37:14 UTC 2020 /home/travis/build/icyphy/ptII/ptolemy/actor/lib/test/auto/LazyAOCTestLazy.xml
----------------- Instantiating /home/travis/build/icyphy/ptII/ptolemy/actor/lib/test/auto/LazyAOCTestLazy.xml
16 ms. Memory: 591872K Free: 275290K (47%)
----------------- Invoking toplevel() on ptolemy.moml.MoMLSimpleApplication@252f10a5
----------------- Done invoking toplevel() on ptolemy.moml.MoMLSimpleApplication@252f10a5
reloadAllAccessors: .LazyAOCTestLazy

===========================================================================================
----------------- testing Mon Mar 23 13:37:14 UTC 2020 /home/travis/build/icyphy/ptII/ptolemy/actor/lib/test/auto/LazyAOCTestNonLazy.xml
----------------- Instantiating /home/travis/build/icyphy/ptII/ptolemy/actor/lib/test/auto/LazyAOCTestNonLazy.xml
1 ms. Memory: 591872K Free: 268650K (45%)
----------------- Invoking toplevel() on ptolemy.moml.MoMLSimpleApplication@38c862cc
----------------- Done invoking toplevel() on ptolemy.moml.MoMLSimpleApplication@38c862cc
reloadAllAccessors: .LazyAOCTestNonLazy

===========================================================================================
----------------- testing Mon Mar 23 13:37:14 UTC 2020 /home/travis/build/icyphy/ptII/ptolemy/actor/lib/test/auto/LazyInnerClass.xml
----------------- Instantiating /home/travis/build/icyphy/ptII/ptolemy/actor/lib/test/auto/LazyInnerClass.xml
11 ms. Memory: 591872K Free: 259930K (44%)
----------------- Invoking toplevel() on ptolemy.moml.MoMLSimpleApplication@44387e40
----------------- Done invoking toplevel() on ptolemy.moml.MoMLSimpleApplication@44387e40
reloadAllAccessors: .LazyInnerClass

===========================================================================================
----------------- testing Mon Mar 23 13:37:14 UTC 2020 /home/travis/build/icyphy/ptII/ptolemy/actor/lib/test/auto/LazyPubSub.xml
----------------- Instantiating /home/travis/build/icyphy/ptII/ptolemy/actor/lib/test/auto/LazyPubSub.xml
21 ms. Memory: 591872K Free: 250218K (42%)
----------------- Invoking toplevel() on ptolemy.moml.MoMLSimpleApplication@6f6ee28a
----------------- Done invoking toplevel() on ptolemy.moml.MoMLSimpleApplication@6f6ee28a
reloadAllAccessors: .LazyPubSub

===========================================================================================
----------------- testing Mon Mar 23 13:37:14 UTC 2020 /home/travis/build/icyphy/ptII/ptolemy/actor/lib/test/auto/LazyPubSub2.xml
----------------- Instantiating /home/travis/build/icyphy/ptII/ptolemy/actor/lib/test/auto/LazyPubSub2.xml
19 ms. Memory: 591872K Free: 240488K (41%)
----------------- Invoking toplevel() on ptolemy.moml.MoMLSimpleApplication@5f0d27f2
----------------- Done invoking toplevel() on ptolemy.moml.MoMLSimpleApplication@5f0d27f2
reloadAllAccessors: .LazyPubSub2

===========================================================================================
----------------- testing Mon Mar 23 13:37:14 UTC 2020 /home/travis/build/icyphy/ptII/ptolemy/actor/lib/test/auto/LazyPubSub3.xml
----------------- Instantiating /home/travis/build/icyphy/ptII/ptolemy/actor/lib/test/auto/LazyPubSub3.xml
13 ms. Memory: 591872K Free: 230248K (39%)
----------------- Invoking toplevel() on ptolemy.moml.MoMLSimpleApplication@4170c0b
----------------- Done invoking toplevel() on ptolemy.moml.MoMLSimpleApplication@4170c0b
reloadAllAccessors: .LazyPubSub3

===========================================================================================
----------------- testing Mon Mar 23 13:37:14 UTC 2020 /home/travis/build/icyphy/ptII/ptolemy/actor/lib/test/auto/LazySubClassModel.xml
----------------- Instantiating /home/travis/build/icyphy/ptII/ptolemy/actor/lib/test/auto/LazySubClassModel.xml
2 ms. Memory: 591872K Free: 221546K (37%)
----------------- Invoking toplevel() on ptolemy.moml.MoMLSimpleApplication@5a3c12fa
----------------- Done invoking toplevel() on ptolemy.moml.MoMLSimpleApplication@5a3c12fa
reloadAllAccessors: .LazySubClassModel

===========================================================================================
----------------- testing Mon Mar 23 13:37:14 UTC 2020 /home/travis/build/icyphy/ptII/ptolemy/actor/lib/test/auto/LevelCrossTest1.xml
----------------- Instantiating /home/travis/build/icyphy/ptII/ptolemy/actor/lib/test/auto/LevelCrossTest1.xml
1 ms. Memory: 591872K Free: 215912K (36%)
----------------- Invoking toplevel() on ptolemy.moml.MoMLSimpleApplication@20a374b3
----------------- Done invoking toplevel() on ptolemy.moml.MoMLSimpleApplication@20a374b3
reloadAllAccessors: .broken

===========================================================================================
----------------- testing Mon Mar 23 13:37:14 UTC 2020 /home/travis/build/icyphy/ptII/ptolemy/actor/lib/test/auto/LevelCrossTest10.xml
----------------- Instantiating /home/travis/build/icyphy/ptII/ptolemy/actor/lib/test/auto/LevelCrossTest10.xml
2 ms. Memory: 591872K Free: 207720K (35%)
----------------- Invoking toplevel() on ptolemy.moml.MoMLSimpleApplication@7ade7562
----------------- Done invoking toplevel() on ptolemy.moml.MoMLSimpleApplication@7ade7562
reloadAllAccessors: .LevelCrossTest10

===========================================================================================
----------------- testing Mon Mar 23 13:37:14 UTC 2020 /home/travis/build/icyphy/ptII/ptolemy/actor/lib/test/auto/LevelCrossTest11.xml
----------------- Instantiating /home/travis/build/icyphy/ptII/ptolemy/actor/lib/test/auto/LevelCrossTest11.xml
1 ms. Memory: 591872K Free: 201576K (34%)
----------------- Invoking toplevel() on ptolemy.moml.MoMLSimpleApplication@43dc1cab
----------------- Done invoking toplevel() on ptolemy.moml.MoMLSimpleApplication@43dc1cab
reloadAllAccessors: .LevelCrossTest11

===========================================================================================
----------------- testing Mon Mar 23 13:37:14 UTC 2020 /home/travis/build/icyphy/ptII/ptolemy/actor/lib/test/auto/LevelCrossTest12.xml
----------------- Instantiating /home/travis/build/icyphy/ptII/ptolemy/actor/lib/test/auto/LevelCrossTest12.xml
1 ms. Memory: 591872K Free: 193898K (33%)
----------------- Invoking toplevel() on ptolemy.moml.MoMLSimpleApplication@1c4c3539
----------------- Done invoking toplevel() on ptolemy.moml.MoMLSimpleApplication@1c4c3539
reloadAllAccessors: .LevelCrossTest12

===========================================================================================
----------------- testing Mon Mar 23 13:37:14 UTC 2020 /home/travis/build/icyphy/ptII/ptolemy/actor/lib/test/auto/LevelCrossTest13.xml
----------------- Instantiating /home/travis/build/icyphy/ptII/ptolemy/actor/lib/test/auto/LevelCrossTest13.xml
1 ms. Memory: 591872K Free: 534960K (90%)
----------------- Invoking toplevel() on ptolemy.moml.MoMLSimpleApplication@40dc1f6a
----------------- Done invoking toplevel() on ptolemy.moml.MoMLSimpleApplication@40dc1f6a
reloadAllAccessors: .LevelCrossTest13

===========================================================================================
----------------- testing Mon Mar 23 13:37:15 UTC 2020 /home/travis/build/icyphy/ptII/ptolemy/actor/lib/test/auto/LevelCrossTest2.xml
----------------- Instantiating /home/travis/build/icyphy/ptII/ptolemy/actor/lib/test/auto/LevelCrossTest2.xml
1 ms. Memory: 591872K Free: 529330K (89%)
----------------- Invoking toplevel() on ptolemy.moml.MoMLSimpleApplication@7b29b570
----------------- Done invoking toplevel() on ptolemy.moml.MoMLSimpleApplication@7b29b570
reloadAllAccessors: .broken

===========================================================================================
----------------- testing Mon Mar 23 13:37:15 UTC 2020 /home/travis/build/icyphy/ptII/ptolemy/actor/lib/test/auto/LevelCrossTest3.xml
----------------- Instantiating /home/travis/build/icyphy/ptII/ptolemy/actor/lib/test/auto/LevelCrossTest3.xml
1 ms. Memory: 591872K Free: 523186K (88%)
----------------- Invoking toplevel() on ptolemy.moml.MoMLSimpleApplication@1be221ba
----------------- Done invoking toplevel() on ptolemy.moml.MoMLSimpleApplication@1be221ba
reloadAllAccessors: .LevelCrossTest3

===========================================================================================
----------------- testing Mon Mar 23 13:37:15 UTC 2020 /home/travis/build/icyphy/ptII/ptolemy/actor/lib/test/auto/LevelCrossTest4.xml
----------------- Instantiating /home/travis/build/icyphy/ptII/ptolemy/actor/lib/test/auto/LevelCrossTest4.xml
1 ms. Memory: 591872K Free: 517552K (87%)
----------------- Invoking toplevel() on ptolemy.moml.MoMLSimpleApplication@76ef330d
----------------- Done invoking toplevel() on ptolemy.moml.MoMLSimpleApplication@76ef330d
reloadAllAccessors: .broken

===========================================================================================
----------------- testing Mon Mar 23 13:37:15 UTC 2020 /home/travis/build/icyphy/ptII/ptolemy/actor/lib/test/auto/LevelCrossTest5.xml
----------------- Instantiating /home/travis/build/icyphy/ptII/ptolemy/actor/lib/test/auto/LevelCrossTest5.xml
4 ms. Memory: 591872K Free: 511408K (86%)
----------------- Invoking toplevel() on ptolemy.moml.MoMLSimpleApplication@5be9303d
----------------- Done invoking toplevel() on ptolemy.moml.MoMLSimpleApplication@5be9303d
reloadAllAccessors: .LevelCrossTest5

===========================================================================================
----------------- testing Mon Mar 23 13:37:15 UTC 2020 /home/travis/build/icyphy/ptII/ptolemy/actor/lib/test/auto/LevelCrossTest6.xml
----------------- Instantiating /home/travis/build/icyphy/ptII/ptolemy/actor/lib/test/auto/LevelCrossTest6.xml
2 ms. Memory: 591872K Free: 505264K (85%)
----------------- Invoking toplevel() on ptolemy.moml.MoMLSimpleApplication@5a0089aa
----------------- Done invoking toplevel() on ptolemy.moml.MoMLSimpleApplication@5a0089aa
reloadAllAccessors: .LevelCrossTest6

===========================================================================================
----------------- testing Mon Mar 23 13:37:15 UTC 2020 /home/travis/build/icyphy/ptII/ptolemy/actor/lib/test/auto/LevelCrossTest7.xml
----------------- Instantiating /home/travis/build/icyphy/ptII/ptolemy/actor/lib/test/auto/LevelCrossTest7.xml
2 ms. Memory: 591872K Free: 497072K (84%)
----------------- Invoking toplevel() on ptolemy.moml.MoMLSimpleApplication@9d7da3a
----------------- Done invoking toplevel() on ptolemy.moml.MoMLSimpleApplication@9d7da3a
reloadAllAccessors: .LevelCrossTest7

===========================================================================================
----------------- testing Mon Mar 23 13:37:15 UTC 2020 /home/travis/build/icyphy/ptII/ptolemy/actor/lib/test/auto/LevelCrossTest8.xml
----------------- Instantiating /home/travis/build/icyphy/ptII/ptolemy/actor/lib/test/auto/LevelCrossTest8.xml
1 ms. Memory: 591872K Free: 490418K (83%)
----------------- Invoking toplevel() on ptolemy.moml.MoMLSimpleApplication@ba5b87b
----------------- Done invoking toplevel() on ptolemy.moml.MoMLSimpleApplication@ba5b87b
reloadAllAccessors: .LevelCrossTest8

===========================================================================================
----------------- testing Mon Mar 23 13:37:15 UTC 2020 /home/travis/build/icyphy/ptII/ptolemy/actor/lib/test/auto/LevelCrossTest9.xml
----------------- Instantiating /home/travis/build/icyphy/ptII/ptolemy/actor/lib/test/auto/LevelCrossTest9.xml
15 ms. Memory: 591872K Free: 484274K (82%)
----------------- Invoking toplevel() on ptolemy.moml.MoMLSimpleApplication@78d25aa
----------------- Done invoking toplevel() on ptolemy.moml.MoMLSimpleApplication@78d25aa
reloadAllAccessors: .LevelCrossTest9

===========================================================================================
----------------- testing Mon Mar 23 13:37:15 UTC 2020 /home/travis/build/icyphy/ptII/ptolemy/actor/lib/test/auto/LevinsonDurbin.xml
----------------- Instantiating /home/travis/build/icyphy/ptII/ptolemy/actor/lib/test/auto/LevinsonDurbin.xml
1 ms. Memory: 591872K Free: 480178K (81%)
----------------- Invoking toplevel() on ptolemy.moml.MoMLSimpleApplication@41432de6
----------------- Done invoking toplevel() on ptolemy.moml.MoMLSimpleApplication@41432de6
reloadAllAccessors: .LevinsonDurbin

===========================================================================================
----------------- testing Mon Mar 23 13:37:15 UTC 2020 /home/travis/build/icyphy/ptII/ptolemy/actor/lib/test/auto/LevinsonDurbin2.xml
----------------- Instantiating /home/travis/build/icyphy/ptII/ptolemy/actor/lib/test/auto/LevinsonDurbin2.xml
1 ms. Memory: 591872K Free: 476082K (80%)
----------------- Invoking toplevel() on ptolemy.moml.MoMLSimpleApplication@2ded177e
----------------- Done invoking toplevel() on ptolemy.moml.MoMLSimpleApplication@2ded177e
reloadAllAccessors: .LevinsonDurbin2

===========================================================================================
----------------- testing Mon Mar 23 13:37:15 UTC 2020 /home/travis/build/icyphy/ptII/ptolemy/actor/lib/test/auto/LevinsonDurbin3.xml
----------------- Instantiating /home/travis/build/icyphy/ptII/ptolemy/actor/lib/test/auto/LevinsonDurbin3.xml
1 ms. Memory: 591872K Free: 471986K (80%)
----------------- Invoking toplevel() on ptolemy.moml.MoMLSimpleApplication@5e484878
----------------- Done invoking toplevel() on ptolemy.moml.MoMLSimpleApplication@5e484878
reloadAllAccessors: .LevinsonDurbin3

===========================================================================================
----------------- testing Mon Mar 23 13:37:15 UTC 2020 /home/travis/build/icyphy/ptII/ptolemy/actor/lib/test/auto/Limiter.xml
----------------- Instantiating /home/travis/build/icyphy/ptII/ptolemy/actor/lib/test/auto/Limiter.xml
6 ms. Memory: 591872K Free: 463266K (78%)
----------------- Invoking toplevel() on ptolemy.moml.MoMLSimpleApplication@75ea6f3a
----------------- Done invoking toplevel() on ptolemy.moml.MoMLSimpleApplication@75ea6f3a
reloadAllAccessors: .Limiter

===========================================================================================
----------------- testing Mon Mar 23 13:37:15 UTC 2020 /home/travis/build/icyphy/ptII/ptolemy/actor/lib/test/auto/LinearDifferenceEquationSystem.xml
----------------- Instantiating /home/travis/build/icyphy/ptII/ptolemy/actor/lib/test/auto/LinearDifferenceEquationSystem.xml
4 ms. Memory: 591872K Free: 456112K (77%)
----------------- Invoking toplevel() on ptolemy.moml.MoMLSimpleApplication@71bb9a8b
----------------- Done invoking toplevel() on ptolemy.moml.MoMLSimpleApplication@71bb9a8b
reloadAllAccessors: .LinearDifferenceEquationSystem

===========================================================================================
----------------- testing Mon Mar 23 13:37:15 UTC 2020 /home/travis/build/icyphy/ptII/ptolemy/actor/lib/test/auto/LookupTable.xml
----------------- Instantiating /home/travis/build/icyphy/ptII/ptolemy/actor/lib/test/auto/LookupTable.xml
2 ms. Memory: 591872K Free: 451506K (76%)
----------------- Invoking toplevel() on ptolemy.moml.MoMLSimpleApplication@911bd13
----------------- Done invoking toplevel() on ptolemy.moml.MoMLSimpleApplication@911bd13
reloadAllAccessors: .LookupTable

===========================================================================================
----------------- testing Mon Mar 23 13:37:15 UTC 2020 /home/travis/build/icyphy/ptII/ptolemy/actor/lib/test/auto/MathFunction.xml
----------------- Instantiating /home/travis/build/icyphy/ptII/ptolemy/actor/lib/test/auto/MathFunction.xml
1 ms. Memory: 591872K Free: 443314K (75%)
----------------- Invoking toplevel() on ptolemy.moml.MoMLSimpleApplication@42b4062f
----------------- Done invoking toplevel() on ptolemy.moml.MoMLSimpleApplication@42b4062f
reloadAllAccessors: .MathFunction

===========================================================================================
----------------- testing Mon Mar 23 13:37:15 UTC 2020 /home/travis/build/icyphy/ptII/ptolemy/actor/lib/test/auto/MathFunction2.xml
----------------- Instantiating /home/travis/build/icyphy/ptII/ptolemy/actor/lib/test/auto/MathFunction2.xml
8 ms. Memory: 591872K Free: 439728K (74%)
----------------- Invoking toplevel() on ptolemy.moml.MoMLSimpleApplication@44c0ac42
----------------- Done invoking toplevel() on ptolemy.moml.MoMLSimpleApplication@44c0ac42
reloadAllAccessors: .MathFunction2

===========================================================================================
----------------- testing Mon Mar 23 13:37:15 UTC 2020 /home/travis/build/icyphy/ptII/ptolemy/actor/lib/test/auto/MathFunction3.xml
----------------- Instantiating /home/travis/build/icyphy/ptII/ptolemy/actor/lib/test/auto/MathFunction3.xml
2 ms. Memory: 591872K Free: 432560K (73%)
----------------- Invoking toplevel() on ptolemy.moml.MoMLSimpleApplication@627bfd6e
----------------- Done invoking toplevel() on ptolemy.moml.MoMLSimpleApplication@627bfd6e
reloadAllAccessors: .MathFunction3

===========================================================================================
----------------- testing Mon Mar 23 13:37:15 UTC 2020 /home/travis/build/icyphy/ptII/ptolemy/actor/lib/test/auto/MatrixCropBoolean.xml
----------------- Instantiating /home/travis/build/icyphy/ptII/ptolemy/actor/lib/test/auto/MatrixCropBoolean.xml
2 ms. Memory: 591872K Free: 427410K (72%)
----------------- Invoking toplevel() on ptolemy.moml.MoMLSimpleApplication@2ccae57e
----------------- Done invoking toplevel() on ptolemy.moml.MoMLSimpleApplication@2ccae57e
reloadAllAccessors: .MatrixCropBoolean

===========================================================================================
----------------- testing Mon Mar 23 13:37:15 UTC 2020 /home/travis/build/icyphy/ptII/ptolemy/actor/lib/test/auto/MatrixCropComplex.xml
----------------- Instantiating /home/travis/build/icyphy/ptII/ptolemy/actor/lib/test/auto/MatrixCropComplex.xml
2 ms. Memory: 591872K Free: 422290K (71%)
----------------- Invoking toplevel() on ptolemy.moml.MoMLSimpleApplication@729e31ce
----------------- Done invoking toplevel() on ptolemy.moml.MoMLSimpleApplication@729e31ce
reloadAllAccessors: .MatrixCropComplex

===========================================================================================
----------------- testing Mon Mar 23 13:37:15 UTC 2020 /home/travis/build/icyphy/ptII/ptolemy/actor/lib/test/auto/MatrixCropDouble.xml
----------------- Instantiating /home/travis/build/icyphy/ptII/ptolemy/actor/lib/test/auto/MatrixCropDouble.xml
2 ms. Memory: 591872K Free: 418194K (71%)
----------------- Invoking toplevel() on ptolemy.moml.MoMLSimpleApplication@7bb58f68
----------------- Done invoking toplevel() on ptolemy.moml.MoMLSimpleApplication@7bb58f68
reloadAllAccessors: .MatrixCropDouble

===========================================================================================
----------------- testing Mon Mar 23 13:37:15 UTC 2020 /home/travis/build/icyphy/ptII/ptolemy/actor/lib/test/auto/MatrixCropFix.xml
----------------- Instantiating /home/travis/build/icyphy/ptII/ptolemy/actor/lib/test/auto/MatrixCropFix.xml
1 ms. Memory: 591872K Free: 413074K (70%)
----------------- Invoking toplevel() on ptolemy.moml.MoMLSimpleApplication@3cb94b49
----------------- Done invoking toplevel() on ptolemy.moml.MoMLSimpleApplication@3cb94b49
reloadAllAccessors: .MatrixCropFix

===========================================================================================
----------------- testing Mon Mar 23 13:37:15 UTC 2020 /home/travis/build/icyphy/ptII/ptolemy/actor/lib/test/auto/MatrixCropInt.xml
----------------- Instantiating /home/travis/build/icyphy/ptII/ptolemy/actor/lib/test/auto/MatrixCropInt.xml
2 ms. Memory: 591872K Free: 407970K (69%)
----------------- Invoking toplevel() on ptolemy.moml.MoMLSimpleApplication@139b1c8b
----------------- Done invoking toplevel() on ptolemy.moml.MoMLSimpleApplication@139b1c8b
reloadAllAccessors: .MatrixCropInt

===========================================================================================
----------------- testing Mon Mar 23 13:37:15 UTC 2020 /home/travis/build/icyphy/ptII/ptolemy/actor/lib/test/auto/MatrixCropLong.xml
----------------- Instantiating /home/travis/build/icyphy/ptII/ptolemy/actor/lib/test/auto/MatrixCropLong.xml
2 ms. Memory: 591872K Free: 402850K (68%)
----------------- Invoking toplevel() on ptolemy.moml.MoMLSimpleApplication@5a6bba94
----------------- Done invoking toplevel() on ptolemy.moml.MoMLSimpleApplication@5a6bba94
reloadAllAccessors: .MatrixCropLong

===========================================================================================
----------------- testing Mon Mar 23 13:37:15 UTC 2020 /home/travis/build/icyphy/ptII/ptolemy/actor/lib/test/auto/MatrixToArray.xml
----------------- Instantiating /home/travis/build/icyphy/ptII/ptolemy/actor/lib/test/auto/MatrixToArray.xml
7 ms. Memory: 591872K Free: 387504K (65%)
----------------- Invoking toplevel() on ptolemy.moml.MoMLSimpleApplication@23b26449
----------------- Done invoking toplevel() on ptolemy.moml.MoMLSimpleApplication@23b26449
reloadAllAccessors: .MatrixToArray

===========================================================================================
----------------- testing Mon Mar 23 13:37:15 UTC 2020 /home/travis/build/icyphy/ptII/ptolemy/actor/lib/test/auto/MaxIndex.xml
----------------- Instantiating /home/travis/build/icyphy/ptII/ptolemy/actor/lib/test/auto/MaxIndex.xml
2 ms. Memory: 591872K Free: 382898K (65%)
----------------- Invoking toplevel() on ptolemy.moml.MoMLSimpleApplication@4dec621d
----------------- Done invoking toplevel() on ptolemy.moml.MoMLSimpleApplication@4dec621d
reloadAllAccessors: .MaxIndex

===========================================================================================
----------------- testing Mon Mar 23 13:37:15 UTC 2020 /home/travis/build/icyphy/ptII/ptolemy/actor/lib/test/auto/Maximum.xml
----------------- Instantiating /home/travis/build/icyphy/ptII/ptolemy/actor/lib/test/auto/Maximum.xml
3 ms. Memory: 591872K Free: 376210K (64%)
----------------- Invoking toplevel() on ptolemy.moml.MoMLSimpleApplication@4b8f6d23
----------------- Done invoking toplevel() on ptolemy.moml.MoMLSimpleApplication@4b8f6d23
reloadAllAccessors: .Maximum

===========================================================================================
----------------- testing Mon Mar 23 13:37:15 UTC 2020 /home/travis/build/icyphy/ptII/ptolemy/actor/lib/test/auto/MaximumComplex.xml
----------------- Instantiating /home/travis/build/icyphy/ptII/ptolemy/actor/lib/test/auto/MaximumComplex.xml
5 ms. Memory: 591872K Free: 370082K (63%)
----------------- Invoking toplevel() on ptolemy.moml.MoMLSimpleApplication@13361732
----------------- Done invoking toplevel() on ptolemy.moml.MoMLSimpleApplication@13361732
reloadAllAccessors: .MaximumComplex

===========================================================================================
----------------- testing Mon Mar 23 13:37:15 UTC 2020 /home/travis/build/icyphy/ptII/ptolemy/actor/lib/test/auto/MethodCallTest.xml
----------------- Instantiating /home/travis/build/icyphy/ptII/ptolemy/actor/lib/test/auto/MethodCallTest.xml
3 ms. Memory: 591872K Free: 363442K (61%)
----------------- Invoking toplevel() on ptolemy.moml.MoMLSimpleApplication@337eb782
----------------- Done invoking toplevel() on ptolemy.moml.MoMLSimpleApplication@337eb782
reloadAllAccessors: .MethodCallTest

===========================================================================================
----------------- testing Mon Mar 23 13:37:15 UTC 2020 /home/travis/build/icyphy/ptII/ptolemy/actor/lib/test/auto/Minimum.xml
----------------- Instantiating /home/travis/build/icyphy/ptII/ptolemy/actor/lib/test/auto/Minimum.xml
3 ms. Memory: 591872K Free: 357298K (60%)
----------------- Invoking toplevel() on ptolemy.moml.MoMLSimpleApplication@41f17775
----------------- Done invoking toplevel() on ptolemy.moml.MoMLSimpleApplication@41f17775
reloadAllAccessors: .Minimum

===========================================================================================
----------------- testing Mon Mar 23 13:37:15 UTC 2020 /home/travis/build/icyphy/ptII/ptolemy/actor/lib/test/auto/MinimumComplex.xml
----------------- Instantiating /home/travis/build/icyphy/ptII/ptolemy/actor/lib/test/auto/MinimumComplex.xml
3 ms. Memory: 591872K Free: 351650K (59%)
----------------- Invoking toplevel() on ptolemy.moml.MoMLSimpleApplication@24ad3808
----------------- Done invoking toplevel() on ptolemy.moml.MoMLSimpleApplication@24ad3808
reloadAllAccessors: .MinimumComplex

===========================================================================================
----------------- testing Mon Mar 23 13:37:15 UTC 2020 /home/travis/build/icyphy/ptII/ptolemy/actor/lib/test/auto/MinimumMultiports.xml
----------------- Instantiating /home/travis/build/icyphy/ptII/ptolemy/actor/lib/test/auto/MinimumMultiports.xml
3 ms. Memory: 591872K Free: 342962K (58%)
----------------- Invoking toplevel() on ptolemy.moml.MoMLSimpleApplication@588e1771
----------------- Done invoking toplevel() on ptolemy.moml.MoMLSimpleApplication@588e1771
reloadAllAccessors: .MinimumMultiports

===========================================================================================
----------------- testing Mon Mar 23 13:37:15 UTC 2020 /home/travis/build/icyphy/ptII/ptolemy/actor/lib/test/auto/ModifyDate.xml
----------------- Instantiating /home/travis/build/icyphy/ptII/ptolemy/actor/lib/test/auto/ModifyDate.xml
9 ms. Memory: 591872K Free: 330160K (56%)
----------------- Invoking toplevel() on ptolemy.moml.MoMLSimpleApplication@e2af076
----------------- Done invoking toplevel() on ptolemy.moml.MoMLSimpleApplication@e2af076
reloadAllAccessors: .ModifyDate

===========================================================================================
----------------- testing Mon Mar 23 13:37:15 UTC 2020 /home/travis/build/icyphy/ptII/ptolemy/actor/lib/test/auto/ModifyDate2.xml
----------------- Instantiating /home/travis/build/icyphy/ptII/ptolemy/actor/lib/test/auto/ModifyDate2.xml
3 ms. Memory: 591872K Free: 321458K (54%)
----------------- Invoking toplevel() on ptolemy.moml.MoMLSimpleApplication@53f1357
----------------- Done invoking toplevel() on ptolemy.moml.MoMLSimpleApplication@53f1357
reloadAllAccessors: .ModifyDate2

===========================================================================================
----------------- testing Mon Mar 23 13:37:15 UTC 2020 /home/travis/build/icyphy/ptII/ptolemy/actor/lib/test/auto/MovingAverage.xml
----------------- Instantiating /home/travis/build/icyphy/ptII/ptolemy/actor/lib/test/auto/MovingAverage.xml
2 ms. Memory: 591872K Free: 316338K (53%)
----------------- Invoking toplevel() on ptolemy.moml.MoMLSimpleApplication@5eb0c866
----------------- Done invoking toplevel() on ptolemy.moml.MoMLSimpleApplication@5eb0c866
reloadAllAccessors: .MovingAverage

===========================================================================================
----------------- testing Mon Mar 23 13:37:15 UTC 2020 /home/travis/build/icyphy/ptII/ptolemy/actor/lib/test/auto/MovingMaximum.xml
----------------- Instantiating /home/travis/build/icyphy/ptII/ptolemy/actor/lib/test/auto/MovingMaximum.xml
2 ms. Memory: 591872K Free: 312242K (53%)
----------------- Invoking toplevel() on ptolemy.moml.MoMLSimpleApplication@7e49aed
----------------- Done invoking toplevel() on ptolemy.moml.MoMLSimpleApplication@7e49aed
reloadAllAccessors: .MovingMaximum

===========================================================================================
----------------- testing Mon Mar 23 13:37:15 UTC 2020 /home/travis/build/icyphy/ptII/ptolemy/actor/lib/test/auto/MultipleLinksToSameRelation.xml
----------------- Instantiating /home/travis/build/icyphy/ptII/ptolemy/actor/lib/test/auto/MultipleLinksToSameRelation.xml
9 ms. Memory: 591872K Free: 308146K (52%)
----------------- Invoking toplevel() on ptolemy.moml.MoMLSimpleApplication@21c7c8a3
----------------- Done invoking toplevel() on ptolemy.moml.MoMLSimpleApplication@21c7c8a3
reloadAllAccessors: .MultipleLinksToSameRelation

===========================================================================================
----------------- testing Mon Mar 23 13:37:15 UTC 2020 /home/travis/build/icyphy/ptII/ptolemy/actor/lib/test/auto/MultipleLinksToSameRelationDE.xml
----------------- Instantiating /home/travis/build/icyphy/ptII/ptolemy/actor/lib/test/auto/MultipleLinksToSameRelationDE.xml
5 ms. Memory: 591872K Free: 303506K (51%)
----------------- Invoking toplevel() on ptolemy.moml.MoMLSimpleApplication@4ad7b99a
----------------- Done invoking toplevel() on ptolemy.moml.MoMLSimpleApplication@4ad7b99a
reloadAllAccessors: .MultipleLinksToSameRelationDE

===========================================================================================
----------------- testing Mon Mar 23 13:37:15 UTC 2020 /home/travis/build/icyphy/ptII/ptolemy/actor/lib/test/auto/Multiplexor.xml
----------------- Instantiating /home/travis/build/icyphy/ptII/ptolemy/actor/lib/test/auto/Multiplexor.xml
2 ms. Memory: 591872K Free: 297906K (50%)
----------------- Invoking toplevel() on ptolemy.moml.MoMLSimpleApplication@7f498f32
----------------- Done invoking toplevel() on ptolemy.moml.MoMLSimpleApplication@7f498f32
reloadAllAccessors: .Multiplexor

===========================================================================================
----------------- testing Mon Mar 23 13:37:15 UTC 2020 /home/travis/build/icyphy/ptII/ptolemy/actor/lib/test/auto/Multiplexor1.xml
----------------- Instantiating /home/travis/build/icyphy/ptII/ptolemy/actor/lib/test/auto/Multiplexor1.xml
2 ms. Memory: 591872K Free: 292242K (49%)
----------------- Invoking toplevel() on ptolemy.moml.MoMLSimpleApplication@322ea50c
----------------- Done invoking toplevel() on ptolemy.moml.MoMLSimpleApplication@322ea50c
reloadAllAccessors: .Multiplexor1

===========================================================================================
----------------- testing Mon Mar 23 13:37:15 UTC 2020 /home/travis/build/icyphy/ptII/ptolemy/actor/lib/test/auto/Multiplexor2.xml
----------------- Instantiating /home/travis/build/icyphy/ptII/ptolemy/actor/lib/test/auto/Multiplexor2.xml
6 ms. Memory: 591872K Free: 285618K (48%)
----------------- Invoking toplevel() on ptolemy.moml.MoMLSimpleApplication@676d01fb
----------------- Done invoking toplevel() on ptolemy.moml.MoMLSimpleApplication@676d01fb
reloadAllAccessors: .Multiplexor2

===========================================================================================
----------------- testing Mon Mar 23 13:37:15 UTC 2020 /home/travis/build/icyphy/ptII/ptolemy/actor/lib/test/auto/Multiplexor3.xml
----------------- Instantiating /home/travis/build/icyphy/ptII/ptolemy/actor/lib/test/auto/Multiplexor3.xml
2 ms. Memory: 591872K Free: 282032K (48%)
----------------- Invoking toplevel() on ptolemy.moml.MoMLSimpleApplication@48a9641d
----------------- Done invoking toplevel() on ptolemy.moml.MoMLSimpleApplication@48a9641d
reloadAllAccessors: .Multiplexor3

===========================================================================================
----------------- testing Mon Mar 23 13:37:15 UTC 2020 /home/travis/build/icyphy/ptII/ptolemy/actor/lib/test/auto/MultiplexorDE.xml
----------------- Instantiating /home/travis/build/icyphy/ptII/ptolemy/actor/lib/test/auto/MultiplexorDE.xml
3 ms. Memory: 591872K Free: 274354K (46%)
----------------- Invoking toplevel() on ptolemy.moml.MoMLSimpleApplication@7c74b3c2
----------------- Done invoking toplevel() on ptolemy.moml.MoMLSimpleApplication@7c74b3c2
reloadAllAccessors: .MultiplexorDE

===========================================================================================
----------------- testing Mon Mar 23 13:37:15 UTC 2020 /home/travis/build/icyphy/ptII/ptolemy/actor/lib/test/auto/MultiportBroadcastTest.xml
----------------- Instantiating /home/travis/build/icyphy/ptII/ptolemy/actor/lib/test/auto/MultiportBroadcastTest.xml
106 ms. Memory: 591872K Free: 268210K (45%)
----------------- Invoking toplevel() on ptolemy.moml.MoMLSimpleApplication@78adbf2a
----------------- Done invoking toplevel() on ptolemy.moml.MoMLSimpleApplication@78adbf2a
reloadAllAccessors: .MultiportBroadcastTest

===========================================================================================
----------------- testing Mon Mar 23 13:37:15 UTC 2020 /home/travis/build/icyphy/ptII/ptolemy/actor/lib/test/auto/MultiportOutHangDuringGetWidth.xml
----------------- Instantiating /home/travis/build/icyphy/ptII/ptolemy/actor/lib/test/auto/MultiportOutHangDuringGetWidth.xml
6 ms. Memory: 591872K Free: 256418K (43%)
----------------- Invoking toplevel() on ptolemy.moml.MoMLSimpleApplication@206a841a
----------------- Done invoking toplevel() on ptolemy.moml.MoMLSimpleApplication@206a841a
reloadAllAccessors: .MultiportOutHangDuringGetWidth

===========================================================================================
----------------- testing Mon Mar 23 13:37:16 UTC 2020 /home/travis/build/icyphy/ptII/ptolemy/actor/lib/test/auto/NilToken.xml
----------------- Instantiating /home/travis/build/icyphy/ptII/ptolemy/actor/lib/test/auto/NilToken.xml
1 ms. Memory: 591872K Free: 252336K (43%)
----------------- Invoking toplevel() on ptolemy.moml.MoMLSimpleApplication@3a46150d
----------------- Done invoking toplevel() on ptolemy.moml.MoMLSimpleApplication@3a46150d
reloadAllAccessors: .NilToken

===========================================================================================
----------------- testing Mon Mar 23 13:37:16 UTC 2020 /home/travis/build/icyphy/ptII/ptolemy/actor/lib/test/auto/NilTokenNonStrictTest.xml
----------------- Instantiating /home/travis/build/icyphy/ptII/ptolemy/actor/lib/test/auto/NilTokenNonStrictTest.xml
1 ms. Memory: 591872K Free: 247216K (42%)
----------------- Invoking toplevel() on ptolemy.moml.MoMLSimpleApplication@221e6a9f
----------------- Done invoking toplevel() on ptolemy.moml.MoMLSimpleApplication@221e6a9f
reloadAllAccessors: .NilTokenNonStrictTest

===========================================================================================
----------------- testing Mon Mar 23 13:37:16 UTC 2020 /home/travis/build/icyphy/ptII/ptolemy/actor/lib/test/auto/NilTokenRecord.xml
----------------- Instantiating /home/travis/build/icyphy/ptII/ptolemy/actor/lib/test/auto/NilTokenRecord.xml
11 ms. Memory: 591872K Free: 241072K (41%)
----------------- Invoking toplevel() on ptolemy.moml.MoMLSimpleApplication@369a9a87
----------------- Done invoking toplevel() on ptolemy.moml.MoMLSimpleApplication@369a9a87
reloadAllAccessors: .NilTokenRecord

===========================================================================================
----------------- testing Mon Mar 23 13:37:16 UTC 2020 /home/travis/build/icyphy/ptII/ptolemy/actor/lib/test/auto/NilTokenTypeTest.xml
----------------- Instantiating /home/travis/build/icyphy/ptII/ptolemy/actor/lib/test/auto/NilTokenTypeTest.xml
5 ms. Memory: 591872K Free: 231346K (39%)
----------------- Invoking toplevel() on ptolemy.moml.MoMLSimpleApplication@329b3647
----------------- Done invoking toplevel() on ptolemy.moml.MoMLSimpleApplication@329b3647
reloadAllAccessors: .NilTokenTypeTest

===========================================================================================
----------------- testing Mon Mar 23 13:37:16 UTC 2020 /home/travis/build/icyphy/ptII/ptolemy/actor/lib/test/auto/ObjectToken1.xml
----------------- Instantiating /home/travis/build/icyphy/ptII/ptolemy/actor/lib/test/auto/ObjectToken1.xml
2 ms. Memory: 591872K Free: 227250K (38%)
----------------- Invoking toplevel() on ptolemy.moml.MoMLSimpleApplication@44f25437
----------------- Done invoking toplevel() on ptolemy.moml.MoMLSimpleApplication@44f25437
reloadAllAccessors: .ObjectToken1

===========================================================================================
----------------- testing Mon Mar 23 13:37:16 UTC 2020 /home/travis/build/icyphy/ptII/ptolemy/actor/lib/test/auto/OrderedMerge.xml
----------------- Instantiating /home/travis/build/icyphy/ptII/ptolemy/actor/lib/test/auto/OrderedMerge.xml
11 ms. Memory: 591872K Free: 221616K (37%)
----------------- Invoking toplevel() on ptolemy.moml.MoMLSimpleApplication@5c9ac7e4
----------------- Done invoking toplevel() on ptolemy.moml.MoMLSimpleApplication@5c9ac7e4
reloadAllAccessors: .OrderedMerge

===========================================================================================
----------------- testing Mon Mar 23 13:37:16 UTC 2020 /home/travis/build/icyphy/ptII/ptolemy/actor/lib/test/auto/OrderedRecordDisassembler.xml
----------------- Instantiating /home/travis/build/icyphy/ptII/ptolemy/actor/lib/test/auto/OrderedRecordDisassembler.xml
3 ms. Memory: 591872K Free: 216482K (37%)
----------------- Invoking toplevel() on ptolemy.moml.MoMLSimpleApplication@2bdf4207
----------------- Done invoking toplevel() on ptolemy.moml.MoMLSimpleApplication@2bdf4207
reloadAllAccessors: .OrderedRecordDisassembler

===========================================================================================
----------------- testing Mon Mar 23 13:37:16 UTC 2020 /home/travis/build/icyphy/ptII/ptolemy/actor/lib/test/auto/OrderedRecordDisassembler2.xml
----------------- Instantiating /home/travis/build/icyphy/ptII/ptolemy/actor/lib/test/auto/OrderedRecordDisassembler2.xml
4 ms. Memory: 591872K Free: 208818K (35%)
----------------- Invoking toplevel() on ptolemy.moml.MoMLSimpleApplication@38d820d3
----------------- Done invoking toplevel() on ptolemy.moml.MoMLSimpleApplication@38d820d3
reloadAllAccessors: .OrderedRecordDisassembler2

===========================================================================================
----------------- testing Mon Mar 23 13:37:16 UTC 2020 /home/travis/build/icyphy/ptII/ptolemy/actor/lib/test/auto/OrderedRecordUpdater.xml
----------------- Instantiating /home/travis/build/icyphy/ptII/ptolemy/actor/lib/test/auto/OrderedRecordUpdater.xml
1 ms. Memory: 591872K Free: 204208K (35%)
----------------- Invoking toplevel() on ptolemy.moml.MoMLSimpleApplication@15e8a300
----------------- Done invoking toplevel() on ptolemy.moml.MoMLSimpleApplication@15e8a300
reloadAllAccessors: .RecordUpdater

===========================================================================================
----------------- testing Mon Mar 23 13:37:16 UTC 2020 /home/travis/build/icyphy/ptII/ptolemy/actor/lib/test/auto/OrderedRecordUpdater2.xml
----------------- Instantiating /home/travis/build/icyphy/ptII/ptolemy/actor/lib/test/auto/OrderedRecordUpdater2.xml
2 ms. Memory: 591872K Free: 199088K (34%)
----------------- Invoking toplevel() on ptolemy.moml.MoMLSimpleApplication@6004a99f
----------------- Done invoking toplevel() on ptolemy.moml.MoMLSimpleApplication@6004a99f
reloadAllAccessors: .RecordUpdater2

===========================================================================================
----------------- testing Mon Mar 23 13:37:16 UTC 2020 /home/travis/build/icyphy/ptII/ptolemy/actor/lib/test/auto/PhaseUnwrap.xml
----------------- Instantiating /home/travis/build/icyphy/ptII/ptolemy/actor/lib/test/auto/PhaseUnwrap.xml
2 ms. Memory: 591872K Free: 194482K (33%)
----------------- Invoking toplevel() on ptolemy.moml.MoMLSimpleApplication@3bb9a947
----------------- Done invoking toplevel() on ptolemy.moml.MoMLSimpleApplication@3bb9a947
reloadAllAccessors: .PhaseUnwrap

===========================================================================================
----------------- testing Mon Mar 23 13:37:16 UTC 2020 /home/travis/build/icyphy/ptII/ptolemy/actor/lib/test/auto/PoissonClock.xml
----------------- Instantiating /home/travis/build/icyphy/ptII/ptolemy/actor/lib/test/auto/PoissonClock.xml
2 ms. Memory: 591872K Free: 539595K (91%)
----------------- Invoking toplevel() on ptolemy.moml.MoMLSimpleApplication@33de5011
----------------- Done invoking toplevel() on ptolemy.moml.MoMLSimpleApplication@33de5011
reloadAllAccessors: .PoissonClock

===========================================================================================
----------------- testing Mon Mar 23 13:37:16 UTC 2020 /home/travis/build/icyphy/ptII/ptolemy/actor/lib/test/auto/PoissonClock2.xml
----------------- Instantiating /home/travis/build/icyphy/ptII/ptolemy/actor/lib/test/auto/PoissonClock2.xml
1 ms. Memory: 591872K Free: 535499K (90%)
----------------- Invoking toplevel() on ptolemy.moml.MoMLSimpleApplication@3c4c2b4f
----------------- Done invoking toplevel() on ptolemy.moml.MoMLSimpleApplication@3c4c2b4f
reloadAllAccessors: .PoissonClock2

===========================================================================================
----------------- testing Mon Mar 23 13:37:16 UTC 2020 /home/travis/build/icyphy/ptII/ptolemy/actor/lib/test/auto/PoissonClock3.xml
----------------- Instantiating /home/travis/build/icyphy/ptII/ptolemy/actor/lib/test/auto/PoissonClock3.xml
1 ms. Memory: 591872K Free: 530889K (90%)
----------------- Invoking toplevel() on ptolemy.moml.MoMLSimpleApplication@2f9d9e7e
----------------- Done invoking toplevel() on ptolemy.moml.MoMLSimpleApplication@2f9d9e7e
reloadAllAccessors: .PoissonClock3

===========================================================================================
----------------- testing Mon Mar 23 13:37:16 UTC 2020 /home/travis/build/icyphy/ptII/ptolemy/actor/lib/test/auto/PubSubWithInitialTokens.xml
----------------- Instantiating /home/travis/build/icyphy/ptII/ptolemy/actor/lib/test/auto/PubSubWithInitialTokens.xml
2 ms. Memory: 591872K Free: 525259K (89%)
----------------- Invoking toplevel() on ptolemy.moml.MoMLSimpleApplication@30cf09a8
----------------- Done invoking toplevel() on ptolemy.moml.MoMLSimpleApplication@30cf09a8
reloadAllAccessors: .PubSubWithInitialTokens

===========================================================================================
----------------- testing Mon Mar 23 13:37:16 UTC 2020 /home/travis/build/icyphy/ptII/ptolemy/actor/lib/test/auto/PubSubWithInitialTokens2.xml
----------------- Instantiating /home/travis/build/icyphy/ptII/ptolemy/actor/lib/test/auto/PubSubWithInitialTokens2.xml
4 ms. Memory: 591872K Free: 519618K (88%)
----------------- Invoking toplevel() on ptolemy.moml.MoMLSimpleApplication@491bb903
----------------- Done invoking toplevel() on ptolemy.moml.MoMLSimpleApplication@491bb903
reloadAllAccessors: .PubSubWithInitialTokens2

===========================================================================================
----------------- testing Mon Mar 23 13:37:16 UTC 2020 /home/travis/build/icyphy/ptII/ptolemy/actor/lib/test/auto/PublisherClassNoParameter.xml
----------------- Instantiating /home/travis/build/icyphy/ptII/ptolemy/actor/lib/test/auto/PublisherClassNoParameter.xml
2 ms. Memory: 591872K Free: 509899K (86%)
----------------- Invoking toplevel() on ptolemy.moml.MoMLSimpleApplication@27089649
----------------- Done invoking toplevel() on ptolemy.moml.MoMLSimpleApplication@27089649
reloadAllAccessors: .PublisherClassNoParameter

===========================================================================================
----------------- testing Mon Mar 23 13:37:16 UTC 2020 /home/travis/build/icyphy/ptII/ptolemy/actor/lib/test/auto/PublisherClassParameter.xml
----------------- Instantiating /home/travis/build/icyphy/ptII/ptolemy/actor/lib/test/auto/PublisherClassParameter.xml
3 ms. Memory: 591872K Free: 499659K (84%)
----------------- Invoking toplevel() on ptolemy.moml.MoMLSimpleApplication@4c86c7d8
----------------- Done invoking toplevel() on ptolemy.moml.MoMLSimpleApplication@4c86c7d8
reloadAllAccessors: .PublisherClassParameter

===========================================================================================
----------------- testing Mon Mar 23 13:37:16 UTC 2020 /home/travis/build/icyphy/ptII/ptolemy/actor/lib/test/auto/PublisherNonStrictTest.xml
----------------- Instantiating /home/travis/build/icyphy/ptII/ptolemy/actor/lib/test/auto/PublisherNonStrictTest.xml
3 ms. Memory: 591872K Free: 491970K (83%)
----------------- Invoking toplevel() on ptolemy.moml.MoMLSimpleApplication@185423a3
----------------- Done invoking toplevel() on ptolemy.moml.MoMLSimpleApplication@185423a3
reloadAllAccessors: .PublisherNonStrictTest

===========================================================================================
----------------- testing Mon Mar 23 13:37:16 UTC 2020 /home/travis/build/icyphy/ptII/ptolemy/actor/lib/test/auto/PublisherPort1.xml
----------------- Instantiating /home/travis/build/icyphy/ptII/ptolemy/actor/lib/test/auto/PublisherPort1.xml
8 ms. Memory: 591872K Free: 486347K (82%)
----------------- Invoking toplevel() on ptolemy.moml.MoMLSimpleApplication@32e3812
----------------- Done invoking toplevel() on ptolemy.moml.MoMLSimpleApplication@32e3812
reloadAllAccessors: .PublisherPort1

===========================================================================================
----------------- testing Mon Mar 23 13:37:16 UTC 2020 /home/travis/build/icyphy/ptII/ptolemy/actor/lib/test/auto/PublisherPort2.xml
----------------- Instantiating /home/travis/build/icyphy/ptII/ptolemy/actor/lib/test/auto/PublisherPort2.xml
1 ms. Memory: 591872K Free: 481227K (81%)
----------------- Invoking toplevel() on ptolemy.moml.MoMLSimpleApplication@7f85085f
----------------- Done invoking toplevel() on ptolemy.moml.MoMLSimpleApplication@7f85085f
reloadAllAccessors: .PublisherPort2

===========================================================================================
----------------- testing Mon Mar 23 13:37:16 UTC 2020 /home/travis/build/icyphy/ptII/ptolemy/actor/lib/test/auto/PublisherPort3.xml
----------------- Instantiating /home/travis/build/icyphy/ptII/ptolemy/actor/lib/test/auto/PublisherPort3.xml
15 ms. Memory: 591872K Free: 474538K (80%)
----------------- Invoking toplevel() on ptolemy.moml.MoMLSimpleApplication@1a8ae664
----------------- Done invoking toplevel() on ptolemy.moml.MoMLSimpleApplication@1a8ae664
reloadAllAccessors: .PublisherPort3

===========================================================================================
----------------- testing Mon Mar 23 13:37:16 UTC 2020 /home/travis/build/icyphy/ptII/ptolemy/actor/lib/test/auto/PublisherPort4.xml
----------------- Instantiating /home/travis/build/icyphy/ptII/ptolemy/actor/lib/test/auto/PublisherPort4.xml
3 ms. Memory: 591872K Free: 468939K (79%)
----------------- Invoking toplevel() on ptolemy.moml.MoMLSimpleApplication@2d94086d
----------------- Done invoking toplevel() on ptolemy.moml.MoMLSimpleApplication@2d94086d
reloadAllAccessors: .PublisherPort4

===========================================================================================
----------------- testing Mon Mar 23 13:37:16 UTC 2020 /home/travis/build/icyphy/ptII/ptolemy/actor/lib/test/auto/PublisherPort5.xml
----------------- Instantiating /home/travis/build/icyphy/ptII/ptolemy/actor/lib/test/auto/PublisherPort5.xml
4 ms. Memory: 591872K Free: 461257K (78%)
----------------- Invoking toplevel() on ptolemy.moml.MoMLSimpleApplication@4872d200
----------------- Done invoking toplevel() on ptolemy.moml.MoMLSimpleApplication@4872d200
reloadAllAccessors: .PublisherPort5

===========================================================================================
----------------- testing Mon Mar 23 13:37:16 UTC 2020 /home/travis/build/icyphy/ptII/ptolemy/actor/lib/test/auto/PublisherPort5LookAlike.xml
----------------- Instantiating /home/travis/build/icyphy/ptII/ptolemy/actor/lib/test/auto/PublisherPort5LookAlike.xml
8 ms. Memory: 591872K Free: 454082K (77%)
----------------- Invoking toplevel() on ptolemy.moml.MoMLSimpleApplication@2ef3d56b
----------------- Done invoking toplevel() on ptolemy.moml.MoMLSimpleApplication@2ef3d56b
reloadAllAccessors: .PublisherPort5LookAlike

===========================================================================================
----------------- testing Mon Mar 23 13:37:16 UTC 2020 /home/travis/build/icyphy/ptII/ptolemy/actor/lib/test/auto/PublisherPort6.xml
----------------- Instantiating /home/travis/build/icyphy/ptII/ptolemy/actor/lib/test/auto/PublisherPort6.xml
2 ms. Memory: 591872K Free: 447435K (76%)
----------------- Invoking toplevel() on ptolemy.moml.MoMLSimpleApplication@44854ce9
----------------- Done invoking toplevel() on ptolemy.moml.MoMLSimpleApplication@44854ce9
reloadAllAccessors: .PublisherPort6

===========================================================================================
----------------- testing Mon Mar 23 13:37:16 UTC 2020 /home/travis/build/icyphy/ptII/ptolemy/actor/lib/test/auto/PublisherPort7.xml
----------------- Instantiating /home/travis/build/icyphy/ptII/ptolemy/actor/lib/test/auto/PublisherPort7.xml
4 ms. Memory: 591872K Free: 439753K (74%)
----------------- Invoking toplevel() on ptolemy.moml.MoMLSimpleApplication@b698595
----------------- Done invoking toplevel() on ptolemy.moml.MoMLSimpleApplication@b698595
reloadAllAccessors: .PublisherPort7

===========================================================================================
----------------- testing Mon Mar 23 13:37:16 UTC 2020 /home/travis/build/icyphy/ptII/ptolemy/actor/lib/test/auto/PublisherPort8.xml
----------------- Instantiating /home/travis/build/icyphy/ptII/ptolemy/actor/lib/test/auto/PublisherPort8.xml
4 ms. Memory: 591872K Free: 431051K (73%)
----------------- Invoking toplevel() on ptolemy.moml.MoMLSimpleApplication@735a8f53
----------------- Done invoking toplevel() on ptolemy.moml.MoMLSimpleApplication@735a8f53
reloadAllAccessors: .PublisherPort8

===========================================================================================
----------------- testing Mon Mar 23 13:37:16 UTC 2020 /home/travis/build/icyphy/ptII/ptolemy/actor/lib/test/auto/PublisherPortSubscriberChannelVariablesAOC2.xml
----------------- Instantiating /home/travis/build/icyphy/ptII/ptolemy/actor/lib/test/auto/PublisherPortSubscriberChannelVariablesAOC2.xml
3 ms. Memory: 591872K Free: 413643K (70%)
----------------- Invoking toplevel() on ptolemy.moml.MoMLSimpleApplication@26745309
----------------- Done invoking toplevel() on ptolemy.moml.MoMLSimpleApplication@26745309
reloadAllAccessors: .PublisherPortSubscriberChannelVariablesAOC2

===========================================================================================
----------------- testing Mon Mar 23 13:37:16 UTC 2020 /home/travis/build/icyphy/ptII/ptolemy/actor/lib/test/auto/PublisherPortSubscriberOpaqueWidthInference.xml
----------------- Instantiating /home/travis/build/icyphy/ptII/ptolemy/actor/lib/test/auto/PublisherPortSubscriberOpaqueWidthInference.xml
4 ms. Memory: 591872K Free: 405946K (69%)
----------------- Invoking toplevel() on ptolemy.moml.MoMLSimpleApplication@160899f6
----------------- Done invoking toplevel() on ptolemy.moml.MoMLSimpleApplication@160899f6
reloadAllAccessors: .PublisherPortSubscriberOpaqueWidthInference

===========================================================================================
----------------- testing Mon Mar 23 13:37:16 UTC 2020 /home/travis/build/icyphy/ptII/ptolemy/actor/lib/test/auto/PublisherPortSubscriberPortAdjacent.xml
----------------- Instantiating /home/travis/build/icyphy/ptII/ptolemy/actor/lib/test/auto/PublisherPortSubscriberPortAdjacent.xml
6 ms. Memory: 591872K Free: 397769K (67%)
----------------- Invoking toplevel() on ptolemy.moml.MoMLSimpleApplication@5b65fa1e
----------------- Done invoking toplevel() on ptolemy.moml.MoMLSimpleApplication@5b65fa1e
reloadAllAccessors: .PublisherPortSubscriberPortAdjacent

===========================================================================================
----------------- testing Mon Mar 23 13:37:16 UTC 2020 /home/travis/build/icyphy/ptII/ptolemy/actor/lib/test/auto/PublisherPortSubscriberPortExpression.xml
----------------- Instantiating /home/travis/build/icyphy/ptII/ptolemy/actor/lib/test/auto/PublisherPortSubscriberPortExpression.xml
7 ms. Memory: 591872K Free: 390091K (66%)
----------------- Invoking toplevel() on ptolemy.moml.MoMLSimpleApplication@6c111fc7
----------------- Done invoking toplevel() on ptolemy.moml.MoMLSimpleApplication@6c111fc7
reloadAllAccessors: .PublisherPortSubscriberPortExpression

===========================================================================================
----------------- testing Mon Mar 23 13:37:16 UTC 2020 /home/travis/build/icyphy/ptII/ptolemy/actor/lib/test/auto/PublisherPortSubscriberPortOpaqueD3Reverse.xml
----------------- Instantiating /home/travis/build/icyphy/ptII/ptolemy/actor/lib/test/auto/PublisherPortSubscriberPortOpaqueD3Reverse.xml
6 ms. Memory: 591872K Free: 379851K (64%)
----------------- Invoking toplevel() on ptolemy.moml.MoMLSimpleApplication@524dfb4f
----------------- Done invoking toplevel() on ptolemy.moml.MoMLSimpleApplication@524dfb4f
reloadAllAccessors: .PublisherPortSubscriberPortOpaqueD3Reverse

===========================================================================================
----------------- testing Mon Mar 23 13:37:16 UTC 2020 /home/travis/build/icyphy/ptII/ptolemy/actor/lib/test/auto/PublisherPortSubscriberPortOpaqueWidthInference.xml
----------------- Instantiating /home/travis/build/icyphy/ptII/ptolemy/actor/lib/test/auto/PublisherPortSubscriberPortOpaqueWidthInference.xml
4 ms. Memory: 591872K Free: 372154K (63%)
----------------- Invoking toplevel() on ptolemy.moml.MoMLSimpleApplication@57dca179
----------------- Done invoking toplevel() on ptolemy.moml.MoMLSimpleApplication@57dca179
reloadAllAccessors: .PublisherPortSubscriberPortOpaqueWidthInference

===========================================================================================
----------------- testing Mon Mar 23 13:37:16 UTC 2020 /home/travis/build/icyphy/ptII/ptolemy/actor/lib/test/auto/PublisherPortToplevelSubscriberPortAOC.xml
----------------- Instantiating /home/travis/build/icyphy/ptII/ptolemy/actor/lib/test/auto/PublisherPortToplevelSubscriberPortAOC.xml
.PublisherPortToplevelSubscriberPortAOC.TestExceptionAttribute: initialize() was not invoked, but wrapup() was.  This is unusual, but not always a problem.  For example, exporting JNLP will do this.
1 ms. Memory: 591872K Free: 366539K (62%)
----------------- Invoking toplevel() on ptolemy.moml.MoMLSimpleApplication@4b9427cf
----------------- Done invoking toplevel() on ptolemy.moml.MoMLSimpleApplication@4b9427cf
reloadAllAccessors: .PublisherPortToplevelSubscriberPortAOC

===========================================================================================
----------------- testing Mon Mar 23 13:37:16 UTC 2020 /home/travis/build/icyphy/ptII/ptolemy/actor/lib/test/auto/PublisherSubscriber.xml
----------------- Instantiating /home/travis/build/icyphy/ptII/ptolemy/actor/lib/test/auto/PublisherSubscriber.xml
3 ms. Memory: 591872K Free: 358826K (61%)
----------------- Invoking toplevel() on ptolemy.moml.MoMLSimpleApplication@9761322
----------------- Done invoking toplevel() on ptolemy.moml.MoMLSimpleApplication@9761322
reloadAllAccessors: .PublisherSubscriber

===========================================================================================
----------------- testing Mon Mar 23 13:37:16 UTC 2020 /home/travis/build/icyphy/ptII/ptolemy/actor/lib/test/auto/PublisherSubscriber10.xml
----------------- Instantiating /home/travis/build/icyphy/ptII/ptolemy/actor/lib/test/auto/PublisherSubscriber10.xml
7 ms. Memory: 591872K Free: 349641K (59%)
----------------- Invoking toplevel() on ptolemy.moml.MoMLSimpleApplication@557e280c
----------------- Done invoking toplevel() on ptolemy.moml.MoMLSimpleApplication@557e280c
reloadAllAccessors: .PublisherSubscriber10

===========================================================================================
----------------- testing Mon Mar 23 13:37:16 UTC 2020 /home/travis/build/icyphy/ptII/ptolemy/actor/lib/test/auto/PublisherSubscriber10InitialOutputs.xml
----------------- Instantiating /home/travis/build/icyphy/ptII/ptolemy/actor/lib/test/auto/PublisherSubscriber10InitialOutputs.xml
17 ms. Memory: 591872K Free: 340425K (58%)
----------------- Invoking toplevel() on ptolemy.moml.MoMLSimpleApplication@2d2e044e
----------------- Done invoking toplevel() on ptolemy.moml.MoMLSimpleApplication@2d2e044e
reloadAllAccessors: .PublisherSubscriber10InitialOutputs

===========================================================================================
----------------- testing Mon Mar 23 13:37:16 UTC 2020 /home/travis/build/icyphy/ptII/ptolemy/actor/lib/test/auto/PublisherSubscriber11.xml
----------------- Instantiating /home/travis/build/icyphy/ptII/ptolemy/actor/lib/test/auto/PublisherSubscriber11.xml
6 ms. Memory: 591872K Free: 334250K (56%)
----------------- Invoking toplevel() on ptolemy.moml.MoMLSimpleApplication@268ccae2
----------------- Done invoking toplevel() on ptolemy.moml.MoMLSimpleApplication@268ccae2
reloadAllAccessors: .PublisherSubscriber11

===========================================================================================
----------------- testing Mon Mar 23 13:37:16 UTC 2020 /home/travis/build/icyphy/ptII/ptolemy/actor/lib/test/auto/PublisherSubscriber12.xml
----------------- Instantiating /home/travis/build/icyphy/ptII/ptolemy/actor/lib/test/auto/PublisherSubscriber12.xml
6 ms. Memory: 591872K Free: 327627K (55%)
----------------- Invoking toplevel() on ptolemy.moml.MoMLSimpleApplication@54d45ce
----------------- Done invoking toplevel() on ptolemy.moml.MoMLSimpleApplication@54d45ce
reloadAllAccessors: .PublisherSubscriber12

===========================================================================================
----------------- testing Mon Mar 23 13:37:16 UTC 2020 /home/travis/build/icyphy/ptII/ptolemy/actor/lib/test/auto/PublisherSubscriber13.xml
----------------- Instantiating /home/travis/build/icyphy/ptII/ptolemy/actor/lib/test/auto/PublisherSubscriber13.xml
2 ms. Memory: 591872K Free: 321978K (54%)
----------------- Invoking toplevel() on ptolemy.moml.MoMLSimpleApplication@1cac7c5e
----------------- Done invoking toplevel() on ptolemy.moml.MoMLSimpleApplication@1cac7c5e
reloadAllAccessors: .PublisherSubscriber13

===========================================================================================
----------------- testing Mon Mar 23 13:37:16 UTC 2020 /home/travis/build/icyphy/ptII/ptolemy/actor/lib/test/auto/PublisherSubscriber14.xml
----------------- Instantiating /home/travis/build/icyphy/ptII/ptolemy/actor/lib/test/auto/PublisherSubscriber14.xml
2 ms. Memory: 591872K Free: 313291K (53%)
----------------- Invoking toplevel() on ptolemy.moml.MoMLSimpleApplication@1e714609
----------------- Done invoking toplevel() on ptolemy.moml.MoMLSimpleApplication@1e714609
reloadAllAccessors: .PublisherSubscriber14

===========================================================================================
----------------- testing Mon Mar 23 13:37:16 UTC 2020 /home/travis/build/icyphy/ptII/ptolemy/actor/lib/test/auto/PublisherSubscriber2.xml
----------------- Instantiating /home/travis/build/icyphy/ptII/ptolemy/actor/lib/test/auto/PublisherSubscriber2.xml
4 ms. Memory: 591872K Free: 307642K (52%)
----------------- Invoking toplevel() on ptolemy.moml.MoMLSimpleApplication@3971be22
----------------- Done invoking toplevel() on ptolemy.moml.MoMLSimpleApplication@3971be22
reloadAllAccessors: .PublisherSubscriber2

===========================================================================================
----------------- testing Mon Mar 23 13:37:17 UTC 2020 /home/travis/build/icyphy/ptII/ptolemy/actor/lib/test/auto/PublisherSubscriber3.xml
----------------- Instantiating /home/travis/build/icyphy/ptII/ptolemy/actor/lib/test/auto/PublisherSubscriber3.xml
1 ms. Memory: 591872K Free: 302027K (51%)
----------------- Invoking toplevel() on ptolemy.moml.MoMLSimpleApplication@d8777bd
----------------- Done invoking toplevel() on ptolemy.moml.MoMLSimpleApplication@d8777bd
reloadAllAccessors: .PublisherSubscriber3

===========================================================================================
----------------- testing Mon Mar 23 13:37:17 UTC 2020 /home/travis/build/icyphy/ptII/ptolemy/actor/lib/test/auto/PublisherSubscriber4.xml
----------------- Instantiating /home/travis/build/icyphy/ptII/ptolemy/actor/lib/test/auto/PublisherSubscriber4.xml
2 ms. Memory: 591872K Free: 296907K (50%)
----------------- Invoking toplevel() on ptolemy.moml.MoMLSimpleApplication@3ba2a3cb
----------------- Done invoking toplevel() on ptolemy.moml.MoMLSimpleApplication@3ba2a3cb
reloadAllAccessors: .PublisherSubscriber4

===========================================================================================
----------------- testing Mon Mar 23 13:37:17 UTC 2020 /home/travis/build/icyphy/ptII/ptolemy/actor/lib/test/auto/PublisherSubscriber5.xml
----------------- Instantiating /home/travis/build/icyphy/ptII/ptolemy/actor/lib/test/auto/PublisherSubscriber5.xml
2 ms. Memory: 591872K Free: 290234K (49%)
----------------- Invoking toplevel() on ptolemy.moml.MoMLSimpleApplication@5f7d7121
----------------- Done invoking toplevel() on ptolemy.moml.MoMLSimpleApplication@5f7d7121
reloadAllAccessors: .PublisherSubscriber5

===========================================================================================
----------------- testing Mon Mar 23 13:37:17 UTC 2020 /home/travis/build/icyphy/ptII/ptolemy/actor/lib/test/auto/PublisherSubscriber6.xml
----------------- Instantiating /home/travis/build/icyphy/ptII/ptolemy/actor/lib/test/auto/PublisherSubscriber6.xml
4 ms. Memory: 591872K Free: 283595K (48%)
----------------- Invoking toplevel() on ptolemy.moml.MoMLSimpleApplication@4761cbef
----------------- Done invoking toplevel() on ptolemy.moml.MoMLSimpleApplication@4761cbef
reloadAllAccessors: .PublisherSubscriber6

===========================================================================================
----------------- testing Mon Mar 23 13:37:17 UTC 2020 /home/travis/build/icyphy/ptII/ptolemy/actor/lib/test/auto/PublisherSubscriber7.xml
----------------- Instantiating /home/travis/build/icyphy/ptII/ptolemy/actor/lib/test/auto/PublisherSubscriber7.xml
7 ms. Memory: 591872K Free: 276937K (47%)
----------------- Invoking toplevel() on ptolemy.moml.MoMLSimpleApplication@14dafde0
----------------- Done invoking toplevel() on ptolemy.moml.MoMLSimpleApplication@14dafde0
reloadAllAccessors: .PublisherSubscriber7

===========================================================================================
----------------- testing Mon Mar 23 13:37:17 UTC 2020 /home/travis/build/icyphy/ptII/ptolemy/actor/lib/test/auto/PublisherSubscriber8.xml
----------------- Instantiating /home/travis/build/icyphy/ptII/ptolemy/actor/lib/test/auto/PublisherSubscriber8.xml
17 ms. Memory: 591872K Free: 265163K (45%)
----------------- Invoking toplevel() on ptolemy.moml.MoMLSimpleApplication@3647bd99
----------------- Done invoking toplevel() on ptolemy.moml.MoMLSimpleApplication@3647bd99
reloadAllAccessors: .PublisherSubscriber8

===========================================================================================
----------------- testing Mon Mar 23 13:37:17 UTC 2020 /home/travis/build/icyphy/ptII/ptolemy/actor/lib/test/auto/PublisherSubscriber9.xml
----------------- Instantiating /home/travis/build/icyphy/ptII/ptolemy/actor/lib/test/auto/PublisherSubscriber9.xml
3 ms. Memory: 591872K Free: 257995K (44%)
----------------- Invoking toplevel() on ptolemy.moml.MoMLSimpleApplication@2ec5a88d
----------------- Done invoking toplevel() on ptolemy.moml.MoMLSimpleApplication@2ec5a88d
reloadAllAccessors: .PublisherSubscriber9

===========================================================================================
----------------- testing Mon Mar 23 13:37:17 UTC 2020 /home/travis/build/icyphy/ptII/ptolemy/actor/lib/test/auto/PublisherSubscriberAdjacent.xml
----------------- Instantiating /home/travis/build/icyphy/ptII/ptolemy/actor/lib/test/auto/PublisherSubscriberAdjacent.xml
2 ms. Memory: 591872K Free: 249289K (42%)
----------------- Invoking toplevel() on ptolemy.moml.MoMLSimpleApplication@359c0cca
----------------- Done invoking toplevel() on ptolemy.moml.MoMLSimpleApplication@359c0cca
reloadAllAccessors: .PublisherSubscriberAdjacent

===========================================================================================
----------------- testing Mon Mar 23 13:37:17 UTC 2020 /home/travis/build/icyphy/ptII/ptolemy/actor/lib/test/auto/PublisherSubscriberChannelVariablesAOC2.xml
----------------- Instantiating /home/travis/build/icyphy/ptII/ptolemy/actor/lib/test/auto/PublisherSubscriberChannelVariablesAOC2.xml
4 ms. Memory: 591872K Free: 234953K (40%)
----------------- Invoking toplevel() on ptolemy.moml.MoMLSimpleApplication@1324fb5b
----------------- Done invoking toplevel() on ptolemy.moml.MoMLSimpleApplication@1324fb5b
reloadAllAccessors: .PublisherSubscriberChannelVariablesAOC2

===========================================================================================
----------------- testing Mon Mar 23 13:37:17 UTC 2020 /home/travis/build/icyphy/ptII/ptolemy/actor/lib/test/auto/PublisherSubscriberD3.xml
----------------- Instantiating /home/travis/build/icyphy/ptII/ptolemy/actor/lib/test/auto/PublisherSubscriberD3.xml
2 ms. Memory: 591872K Free: 227785K (38%)
----------------- Invoking toplevel() on ptolemy.moml.MoMLSimpleApplication@68d193cd
----------------- Done invoking toplevel() on ptolemy.moml.MoMLSimpleApplication@68d193cd
reloadAllAccessors: .PublisherSubscriberD3

===========================================================================================
----------------- testing Mon Mar 23 13:37:17 UTC 2020 /home/travis/build/icyphy/ptII/ptolemy/actor/lib/test/auto/PublisherSubscriberD3Reverse.xml
----------------- Instantiating /home/travis/build/icyphy/ptII/ptolemy/actor/lib/test/auto/PublisherSubscriberD3Reverse.xml
2 ms. Memory: 591872K Free: 221641K (37%)
----------------- Invoking toplevel() on ptolemy.moml.MoMLSimpleApplication@71386a9f
----------------- Done invoking toplevel() on ptolemy.moml.MoMLSimpleApplication@71386a9f
reloadAllAccessors: .PublisherSubscriberD3Reverse

===========================================================================================
----------------- testing Mon Mar 23 13:37:17 UTC 2020 /home/travis/build/icyphy/ptII/ptolemy/actor/lib/test/auto/PublisherSubscriberExpression.xml
----------------- Instantiating /home/travis/build/icyphy/ptII/ptolemy/actor/lib/test/auto/PublisherSubscriberExpression.xml
3 ms. Memory: 591872K Free: 213449K (36%)
----------------- Invoking toplevel() on ptolemy.moml.MoMLSimpleApplication@7e1b8067
----------------- Done invoking toplevel() on ptolemy.moml.MoMLSimpleApplication@7e1b8067
reloadAllAccessors: .PublisherSubscriberExpression

===========================================================================================
----------------- testing Mon Mar 23 13:37:17 UTC 2020 /home/travis/build/icyphy/ptII/ptolemy/actor/lib/test/auto/PublisherSubscriberOpaque.xml
----------------- Instantiating /home/travis/build/icyphy/ptII/ptolemy/actor/lib/test/auto/PublisherSubscriberOpaque.xml
4 ms. Memory: 591872K Free: 205257K (35%)
----------------- Invoking toplevel() on ptolemy.moml.MoMLSimpleApplication@19eb933b
----------------- Done invoking toplevel() on ptolemy.moml.MoMLSimpleApplication@19eb933b
reloadAllAccessors: .PublisherSubscriberOpaque

===========================================================================================
----------------- testing Mon Mar 23 13:37:17 UTC 2020 /home/travis/build/icyphy/ptII/ptolemy/actor/lib/test/auto/PublisherSubscriberOpaqueD3.xml
----------------- Instantiating /home/travis/build/icyphy/ptII/ptolemy/actor/lib/test/auto/PublisherSubscriberOpaqueD3.xml
5 ms. Memory: 591872K Free: 193993K (33%)
----------------- Invoking toplevel() on ptolemy.moml.MoMLSimpleApplication@7fb36433
----------------- Done invoking toplevel() on ptolemy.moml.MoMLSimpleApplication@7fb36433
reloadAllAccessors: .PublisherSubscriberOpaqueD3

===========================================================================================
----------------- testing Mon Mar 23 13:37:17 UTC 2020 /home/travis/build/icyphy/ptII/ptolemy/actor/lib/test/auto/PublisherSubscriberOpaqueD3Reverse.xml
----------------- Instantiating /home/travis/build/icyphy/ptII/ptolemy/actor/lib/test/auto/PublisherSubscriberOpaqueD3Reverse.xml
9 ms. Memory: 591872K Free: 531667K (90%)
----------------- Invoking toplevel() on ptolemy.moml.MoMLSimpleApplication@44e46e3b
----------------- Done invoking toplevel() on ptolemy.moml.MoMLSimpleApplication@44e46e3b
reloadAllAccessors: .PublisherSubscriberOpaqueD3Reverse

===========================================================================================
----------------- testing Mon Mar 23 13:37:17 UTC 2020 /home/travis/build/icyphy/ptII/ptolemy/actor/lib/test/auto/PublisherSubscriberOpaqueWidthInference.xml
----------------- Instantiating /home/travis/build/icyphy/ptII/ptolemy/actor/lib/test/auto/PublisherSubscriberOpaqueWidthInference.xml
6 ms. Memory: 591872K Free: 523461K (88%)
----------------- Invoking toplevel() on ptolemy.moml.MoMLSimpleApplication@5ba6c61
----------------- Done invoking toplevel() on ptolemy.moml.MoMLSimpleApplication@5ba6c61
reloadAllAccessors: .PublisherSubscriberOpaqueWidthInference

===========================================================================================
----------------- testing Mon Mar 23 13:37:17 UTC 2020 /home/travis/build/icyphy/ptII/ptolemy/actor/lib/test/auto/PublisherTestSubscriber.xml
----------------- Instantiating /home/travis/build/icyphy/ptII/ptolemy/actor/lib/test/auto/PublisherTestSubscriber.xml
2 ms. Memory: 591872K Free: 515797K (87%)
----------------- Invoking toplevel() on ptolemy.moml.MoMLSimpleApplication@22c3d30b
----------------- Done invoking toplevel() on ptolemy.moml.MoMLSimpleApplication@22c3d30b
reloadAllAccessors: .PublisherTestSubscriber

===========================================================================================
----------------- testing Mon Mar 23 13:37:17 UTC 2020 /home/travis/build/icyphy/ptII/ptolemy/actor/lib/test/auto/PublisherToplevelSubscriberPortAOC.xml
----------------- Instantiating /home/travis/build/icyphy/ptII/ptolemy/actor/lib/test/auto/PublisherToplevelSubscriberPortAOC.xml
2 ms. Memory: 591872K Free: 509653K (86%)
----------------- Invoking toplevel() on ptolemy.moml.MoMLSimpleApplication@2ae5982b
----------------- Done invoking toplevel() on ptolemy.moml.MoMLSimpleApplication@2ae5982b
reloadAllAccessors: .PublisherToplevelSubscriberPortAOC

===========================================================================================
----------------- testing Mon Mar 23 13:37:17 UTC 2020 /home/travis/build/icyphy/ptII/ptolemy/actor/lib/test/auto/PulseFiringLimitDE.xml
----------------- Instantiating /home/travis/build/icyphy/ptII/ptolemy/actor/lib/test/auto/PulseFiringLimitDE.xml
2 ms. Memory: 591872K Free: 502995K (85%)
----------------- Invoking toplevel() on ptolemy.moml.MoMLSimpleApplication@2bf910e4
----------------- Done invoking toplevel() on ptolemy.moml.MoMLSimpleApplication@2bf910e4
reloadAllAccessors: .PulseFiringLimitDE

===========================================================================================
----------------- testing Mon Mar 23 13:37:17 UTC 2020 /home/travis/build/icyphy/ptII/ptolemy/actor/lib/test/auto/Ramp1.xml
----------------- Instantiating /home/travis/build/icyphy/ptII/ptolemy/actor/lib/test/auto/Ramp1.xml
2 ms. Memory: 591872K Free: 498885K (84%)
----------------- Invoking toplevel() on ptolemy.moml.MoMLSimpleApplication@4ba26b66
----------------- Done invoking toplevel() on ptolemy.moml.MoMLSimpleApplication@4ba26b66
reloadAllAccessors: .Ramp1

===========================================================================================
----------------- testing Mon Mar 23 13:37:17 UTC 2020 /home/travis/build/icyphy/ptII/ptolemy/actor/lib/test/auto/RampFiringLimitDE.xml
----------------- Instantiating /home/travis/build/icyphy/ptII/ptolemy/actor/lib/test/auto/RampFiringLimitDE.xml
2 ms. Memory: 591872K Free: 492741K (83%)
----------------- Invoking toplevel() on ptolemy.moml.MoMLSimpleApplication@49a69fd1
----------------- Done invoking toplevel() on ptolemy.moml.MoMLSimpleApplication@49a69fd1
reloadAllAccessors: .RampFiringLimitDE

===========================================================================================
----------------- testing Mon Mar 23 13:37:17 UTC 2020 /home/travis/build/icyphy/ptII/ptolemy/actor/lib/test/auto/RampFiringLimitSDF.xml
----------------- Instantiating /home/travis/build/icyphy/ptII/ptolemy/actor/lib/test/auto/RampFiringLimitSDF.xml
2 ms. Memory: 591872K Free: 487629K (82%)
----------------- Invoking toplevel() on ptolemy.moml.MoMLSimpleApplication@59f4ae91
----------------- Done invoking toplevel() on ptolemy.moml.MoMLSimpleApplication@59f4ae91
reloadAllAccessors: .RampFiringLimitSDF

===========================================================================================
----------------- testing Mon Mar 23 13:37:17 UTC 2020 /home/travis/build/icyphy/ptII/ptolemy/actor/lib/test/auto/RandomInteger.xml
----------------- Instantiating /home/travis/build/icyphy/ptII/ptolemy/actor/lib/test/auto/RandomInteger.xml
1 ms. Memory: 591872K Free: 483539K (82%)
----------------- Invoking toplevel() on ptolemy.moml.MoMLSimpleApplication@60bc7344
----------------- Done invoking toplevel() on ptolemy.moml.MoMLSimpleApplication@60bc7344
reloadAllAccessors: .RandomInteger

===========================================================================================
----------------- testing Mon Mar 23 13:37:17 UTC 2020 /home/travis/build/icyphy/ptII/ptolemy/actor/lib/test/auto/ReadFile1.xml
----------------- Instantiating /home/travis/build/icyphy/ptII/ptolemy/actor/lib/test/auto/ReadFile1.xml
1 ms. Memory: 591872K Free: 478933K (81%)
----------------- Invoking toplevel() on ptolemy.moml.MoMLSimpleApplication@5afcc730
----------------- Done invoking toplevel() on ptolemy.moml.MoMLSimpleApplication@5afcc730
reloadAllAccessors: .ReadFile1

===========================================================================================
----------------- testing Mon Mar 23 13:37:17 UTC 2020 /home/travis/build/icyphy/ptII/ptolemy/actor/lib/test/auto/ReadFile2.xml
----------------- Instantiating /home/travis/build/icyphy/ptII/ptolemy/actor/lib/test/auto/ReadFile2.xml
1 ms. Memory: 591872K Free: 474837K (80%)
----------------- Invoking toplevel() on ptolemy.moml.MoMLSimpleApplication@2e5ee57b
----------------- Done invoking toplevel() on ptolemy.moml.MoMLSimpleApplication@2e5ee57b
reloadAllAccessors: .ReadFile2

===========================================================================================
----------------- testing Mon Mar 23 13:37:17 UTC 2020 /home/travis/build/icyphy/ptII/ptolemy/actor/lib/test/auto/Reader.xml
----------------- Instantiating /home/travis/build/icyphy/ptII/ptolemy/actor/lib/test/auto/Reader.xml
actor.lib.Reader is obsolete, use actor.lib.io.ExpressionReader instead
4 ms. Memory: 591872K Free: 470741K (80%)
----------------- Invoking toplevel() on ptolemy.moml.MoMLSimpleApplication@26839ea6
----------------- Done invoking toplevel() on ptolemy.moml.MoMLSimpleApplication@26839ea6
reloadAllAccessors: .Reader

===========================================================================================
----------------- testing Mon Mar 23 13:37:17 UTC 2020 /home/travis/build/icyphy/ptII/ptolemy/actor/lib/test/auto/RecordAssemblerDisplayNameTest.xml
----------------- Instantiating /home/travis/build/icyphy/ptII/ptolemy/actor/lib/test/auto/RecordAssemblerDisplayNameTest.xml
3497 ms. Memory: 591872K Free: 300757K (51%)
----------------- Invoking toplevel() on ptolemy.moml.MoMLSimpleApplication@333e9ff4
----------------- Done invoking toplevel() on ptolemy.moml.MoMLSimpleApplication@333e9ff4
reloadAllAccessors: .RecordAssemblerDisplayNameTest

===========================================================================================
----------------- testing Mon Mar 23 13:37:21 UTC 2020 /home/travis/build/icyphy/ptII/ptolemy/actor/lib/test/auto/RecordAssemblerTypeError.xml
----------------- Instantiating /home/travis/build/icyphy/ptII/ptolemy/actor/lib/test/auto/RecordAssemblerTypeError.xml
10 ms. Memory: 591872K Free: 291027K (49%)
----------------- Invoking toplevel() on ptolemy.moml.MoMLSimpleApplication@7cc47388
----------------- Done invoking toplevel() on ptolemy.moml.MoMLSimpleApplication@7cc47388
reloadAllAccessors: .RecordAssemblerTypeError

===========================================================================================
----------------- testing Mon Mar 23 13:37:21 UTC 2020 /home/travis/build/icyphy/ptII/ptolemy/actor/lib/test/auto/RecordDisassember.xml
----------------- Instantiating /home/travis/build/icyphy/ptII/ptolemy/actor/lib/test/auto/RecordDisassember.xml
11 ms. Memory: 591872K Free: 286421K (48%)
----------------- Invoking toplevel() on ptolemy.moml.MoMLSimpleApplication@1cd8e17e
----------------- Done invoking toplevel() on ptolemy.moml.MoMLSimpleApplication@1cd8e17e
reloadAllAccessors: .RecordDisassember

===========================================================================================
----------------- testing Mon Mar 23 13:37:21 UTC 2020 /home/travis/build/icyphy/ptII/ptolemy/actor/lib/test/auto/RecordDisassemberDisplayNameTest.xml
----------------- Instantiating /home/travis/build/icyphy/ptII/ptolemy/actor/lib/test/auto/RecordDisassemberDisplayNameTest.xml
6 ms. Memory: 591872K Free: 278739K (47%)
----------------- Invoking toplevel() on ptolemy.moml.MoMLSimpleApplication@5320d2b
----------------- Done invoking toplevel() on ptolemy.moml.MoMLSimpleApplication@5320d2b
reloadAllAccessors: .RecordDisassemberDisplayNameTest

===========================================================================================
----------------- testing Mon Mar 23 13:37:21 UTC 2020 /home/travis/build/icyphy/ptII/ptolemy/actor/lib/test/auto/RecordDisassembler.xml
----------------- Instantiating /home/travis/build/icyphy/ptII/ptolemy/actor/lib/test/auto/RecordDisassembler.xml
3 ms. Memory: 591872K Free: 273605K (46%)
----------------- Invoking toplevel() on ptolemy.moml.MoMLSimpleApplication@2bcb05db
----------------- Done invoking toplevel() on ptolemy.moml.MoMLSimpleApplication@2bcb05db
reloadAllAccessors: .RecordDisassembler

===========================================================================================
----------------- testing Mon Mar 23 13:37:21 UTC 2020 /home/travis/build/icyphy/ptII/ptolemy/actor/lib/test/auto/RecordDisassembler2.xml
----------------- Instantiating /home/travis/build/icyphy/ptII/ptolemy/actor/lib/test/auto/RecordDisassembler2.xml
2 ms. Memory: 591872K Free: 267445K (45%)
----------------- Invoking toplevel() on ptolemy.moml.MoMLSimpleApplication@16d21830
----------------- Done invoking toplevel() on ptolemy.moml.MoMLSimpleApplication@16d21830
reloadAllAccessors: .RecordDisassembler2

===========================================================================================
----------------- testing Mon Mar 23 13:37:21 UTC 2020 /home/travis/build/icyphy/ptII/ptolemy/actor/lib/test/auto/RecordUpdater.xml
----------------- Instantiating /home/travis/build/icyphy/ptII/ptolemy/actor/lib/test/auto/RecordUpdater.xml
2 ms. Memory: 591872K Free: 262355K (44%)
----------------- Invoking toplevel() on ptolemy.moml.MoMLSimpleApplication@6453cf7
----------------- Done invoking toplevel() on ptolemy.moml.MoMLSimpleApplication@6453cf7
reloadAllAccessors: .RecordUpdater

===========================================================================================
----------------- testing Mon Mar 23 13:37:21 UTC 2020 /home/travis/build/icyphy/ptII/ptolemy/actor/lib/test/auto/RecordUpdater2.xml
----------------- Instantiating /home/travis/build/icyphy/ptII/ptolemy/actor/lib/test/auto/RecordUpdater2.xml
2 ms. Memory: 591872K Free: 257235K (43%)
----------------- Invoking toplevel() on ptolemy.moml.MoMLSimpleApplication@4dc7771e
----------------- Done invoking toplevel() on ptolemy.moml.MoMLSimpleApplication@4dc7771e
reloadAllAccessors: .RecordUpdater2

===========================================================================================
----------------- testing Mon Mar 23 13:37:21 UTC 2020 /home/travis/build/icyphy/ptII/ptolemy/actor/lib/test/auto/RecursiveLattice.xml
----------------- Instantiating /home/travis/build/icyphy/ptII/ptolemy/actor/lib/test/auto/RecursiveLattice.xml
1 ms. Memory: 591872K Free: 253125K (43%)
----------------- Invoking toplevel() on ptolemy.moml.MoMLSimpleApplication@545c0bb1
----------------- Done invoking toplevel() on ptolemy.moml.MoMLSimpleApplication@545c0bb1
reloadAllAccessors: .RecursiveLattice

===========================================================================================
----------------- testing Mon Mar 23 13:37:21 UTC 2020 /home/travis/build/icyphy/ptII/ptolemy/actor/lib/test/auto/Router.xml
----------------- Instantiating /home/travis/build/icyphy/ptII/ptolemy/actor/lib/test/auto/Router.xml
3004 ms. Memory: 591872K Free: 241875K (41%)
----------------- Invoking toplevel() on ptolemy.moml.MoMLSimpleApplication@4e0d549b
----------------- Done invoking toplevel() on ptolemy.moml.MoMLSimpleApplication@4e0d549b
reloadAllAccessors: .Router

===========================================================================================
----------------- testing Mon Mar 23 13:37:24 UTC 2020 /home/travis/build/icyphy/ptII/ptolemy/actor/lib/test/auto/Router2.xml
----------------- Instantiating /home/travis/build/icyphy/ptII/ptolemy/actor/lib/test/auto/Router2.xml
3004 ms. Memory: 591872K Free: 232149K (39%)
----------------- Invoking toplevel() on ptolemy.moml.MoMLSimpleApplication@58f91563
----------------- Done invoking toplevel() on ptolemy.moml.MoMLSimpleApplication@58f91563
reloadAllAccessors: .Router2

===========================================================================================
----------------- testing Mon Mar 23 13:37:27 UTC 2020 /home/travis/build/icyphy/ptII/ptolemy/actor/lib/test/auto/RunningMaximum.xml
----------------- Instantiating /home/travis/build/icyphy/ptII/ptolemy/actor/lib/test/auto/RunningMaximum.xml
6 ms. Memory: 591872K Free: 227029K (38%)
----------------- Invoking toplevel() on ptolemy.moml.MoMLSimpleApplication@419e2203
----------------- Done invoking toplevel() on ptolemy.moml.MoMLSimpleApplication@419e2203
reloadAllAccessors: .RunningMaximum

===========================================================================================
----------------- testing Mon Mar 23 13:37:27 UTC 2020 /home/travis/build/icyphy/ptII/ptolemy/actor/lib/test/auto/RunningMinimum.xml
----------------- Instantiating /home/travis/build/icyphy/ptII/ptolemy/actor/lib/test/auto/RunningMinimum.xml
15 ms. Memory: 591872K Free: 222419K (38%)
----------------- Invoking toplevel() on ptolemy.moml.MoMLSimpleApplication@51583dbe
----------------- Done invoking toplevel() on ptolemy.moml.MoMLSimpleApplication@51583dbe
reloadAllAccessors: .RunningMinimum

===========================================================================================
----------------- testing Mon Mar 23 13:37:27 UTC 2020 /home/travis/build/icyphy/ptII/ptolemy/actor/lib/test/auto/Scale.xml
----------------- Instantiating /home/travis/build/icyphy/ptII/ptolemy/actor/lib/test/auto/Scale.xml
1 ms. Memory: 591872K Free: 217813K (37%)
----------------- Invoking toplevel() on ptolemy.moml.MoMLSimpleApplication@30d03552
----------------- Done invoking toplevel() on ptolemy.moml.MoMLSimpleApplication@30d03552
reloadAllAccessors: .Scale

===========================================================================================
----------------- testing Mon Mar 23 13:37:27 UTC 2020 /home/travis/build/icyphy/ptII/ptolemy/actor/lib/test/auto/Scale2.xml
----------------- Instantiating /home/travis/build/icyphy/ptII/ptolemy/actor/lib/test/auto/Scale2.xml
1 ms. Memory: 591872K Free: 213203K (36%)
----------------- Invoking toplevel() on ptolemy.moml.MoMLSimpleApplication@a06b46a
----------------- Done invoking toplevel() on ptolemy.moml.MoMLSimpleApplication@a06b46a
reloadAllAccessors: .Scale2

===========================================================================================
----------------- testing Mon Mar 23 13:37:27 UTC 2020 /home/travis/build/icyphy/ptII/ptolemy/actor/lib/test/auto/Scale3.xml
----------------- Instantiating /home/travis/build/icyphy/ptII/ptolemy/actor/lib/test/auto/Scale3.xml
9 ms. Memory: 591872K Free: 206549K (35%)
----------------- Invoking toplevel() on ptolemy.moml.MoMLSimpleApplication@4e02dad
----------------- Done invoking toplevel() on ptolemy.moml.MoMLSimpleApplication@4e02dad
reloadAllAccessors: .Scale3

===========================================================================================
----------------- testing Mon Mar 23 13:37:27 UTC 2020 /home/travis/build/icyphy/ptII/ptolemy/actor/lib/test/auto/ScaleArray.xml
----------------- Instantiating /home/travis/build/icyphy/ptII/ptolemy/actor/lib/test/auto/ScaleArray.xml
2 ms. Memory: 591872K Free: 201939K (34%)
----------------- Invoking toplevel() on ptolemy.moml.MoMLSimpleApplication@6d3312ee
----------------- Done invoking toplevel() on ptolemy.moml.MoMLSimpleApplication@6d3312ee
reloadAllAccessors: .ScaleArray

===========================================================================================
----------------- testing Mon Mar 23 13:37:27 UTC 2020 /home/travis/build/icyphy/ptII/ptolemy/actor/lib/test/auto/ScaleArray2.xml
----------------- Instantiating /home/travis/build/icyphy/ptII/ptolemy/actor/lib/test/auto/ScaleArray2.xml
1 ms. Memory: 591872K Free: 197829K (33%)
----------------- Invoking toplevel() on ptolemy.moml.MoMLSimpleApplication@11501c26
----------------- Done invoking toplevel() on ptolemy.moml.MoMLSimpleApplication@11501c26
reloadAllAccessors: .ScaleArray2

===========================================================================================
----------------- testing Mon Mar 23 13:37:27 UTC 2020 /home/travis/build/icyphy/ptII/ptolemy/actor/lib/test/auto/ScaleMatrix.xml
----------------- Instantiating /home/travis/build/icyphy/ptII/ptolemy/actor/lib/test/auto/ScaleMatrix.xml
125 ms. Memory: 591872K Free: 532987K (90%)
----------------- Invoking toplevel() on ptolemy.moml.MoMLSimpleApplication@6cf2f8e4
----------------- Done invoking toplevel() on ptolemy.moml.MoMLSimpleApplication@6cf2f8e4
reloadAllAccessors: .ScaleMatrix

===========================================================================================
----------------- testing Mon Mar 23 13:37:27 UTC 2020 /home/travis/build/icyphy/ptII/ptolemy/actor/lib/test/auto/Select.xml
----------------- Instantiating /home/travis/build/icyphy/ptII/ptolemy/actor/lib/test/auto/Select.xml
3 ms. Memory: 591872K Free: 526091K (89%)
----------------- Invoking toplevel() on ptolemy.moml.MoMLSimpleApplication@34258457
----------------- Done invoking toplevel() on ptolemy.moml.MoMLSimpleApplication@34258457
reloadAllAccessors: .Select

===========================================================================================
----------------- testing Mon Mar 23 13:37:27 UTC 2020 /home/travis/build/icyphy/ptII/ptolemy/actor/lib/test/auto/Select2.xml
----------------- Instantiating /home/travis/build/icyphy/ptII/ptolemy/actor/lib/test/auto/Select2.xml
1 ms. Memory: 591872K Free: 521515K (88%)
----------------- Invoking toplevel() on ptolemy.moml.MoMLSimpleApplication@58123583
----------------- Done invoking toplevel() on ptolemy.moml.MoMLSimpleApplication@58123583
reloadAllAccessors: .Select2

===========================================================================================
----------------- testing Mon Mar 23 13:37:27 UTC 2020 /home/travis/build/icyphy/ptII/ptolemy/actor/lib/test/auto/SequenceToArray2.xml
----------------- Instantiating /home/travis/build/icyphy/ptII/ptolemy/actor/lib/test/auto/SequenceToArray2.xml
102 ms. Memory: 591872K Free: 497963K (84%)
----------------- Invoking toplevel() on ptolemy.moml.MoMLSimpleApplication@5921b124
----------------- Done invoking toplevel() on ptolemy.moml.MoMLSimpleApplication@5921b124
reloadAllAccessors: .SequenceToArray2

===========================================================================================
----------------- testing Mon Mar 23 13:37:27 UTC 2020 /home/travis/build/icyphy/ptII/ptolemy/actor/lib/test/auto/SequentialClock.xml
----------------- Instantiating /home/travis/build/icyphy/ptII/ptolemy/actor/lib/test/auto/SequentialClock.xml
2 ms. Memory: 591872K Free: 493867K (83%)
----------------- Invoking toplevel() on ptolemy.moml.MoMLSimpleApplication@601060ce
----------------- Done invoking toplevel() on ptolemy.moml.MoMLSimpleApplication@601060ce
reloadAllAccessors: .SequentialClock

===========================================================================================
----------------- testing Mon Mar 23 13:37:27 UTC 2020 /home/travis/build/icyphy/ptII/ptolemy/actor/lib/test/auto/SetVariable.xml
----------------- Instantiating /home/travis/build/icyphy/ptII/ptolemy/actor/lib/test/auto/SetVariable.xml
2 ms. Memory: 591872K Free: 489257K (83%)
----------------- Invoking toplevel() on ptolemy.moml.MoMLSimpleApplication@651a227f
----------------- Done invoking toplevel() on ptolemy.moml.MoMLSimpleApplication@651a227f
reloadAllAccessors: .SetVariable

===========================================================================================
----------------- testing Mon Mar 23 13:37:27 UTC 2020 /home/travis/build/icyphy/ptII/ptolemy/actor/lib/test/auto/SetVariable2.xml
----------------- Instantiating /home/travis/build/icyphy/ptII/ptolemy/actor/lib/test/auto/SetVariable2.xml
5 ms. Memory: 591872K Free: 484137K (82%)
----------------- Invoking toplevel() on ptolemy.moml.MoMLSimpleApplication@6e33419a
----------------- Done invoking toplevel() on ptolemy.moml.MoMLSimpleApplication@6e33419a
reloadAllAccessors: .SetVariable2

===========================================================================================
----------------- testing Mon Mar 23 13:37:27 UTC 2020 /home/travis/build/icyphy/ptII/ptolemy/actor/lib/test/auto/SetVariable3.xml
----------------- Instantiating /home/travis/build/icyphy/ptII/ptolemy/actor/lib/test/auto/SetVariable3.xml
7 ms. Memory: 591872K Free: 479017K (81%)
----------------- Invoking toplevel() on ptolemy.moml.MoMLSimpleApplication@539fb713
----------------- Done invoking toplevel() on ptolemy.moml.MoMLSimpleApplication@539fb713
reloadAllAccessors: .SetVariable3

===========================================================================================
----------------- testing Mon Mar 23 13:37:27 UTC 2020 /home/travis/build/icyphy/ptII/ptolemy/actor/lib/test/auto/SetVariable4.xml
----------------- Instantiating /home/travis/build/icyphy/ptII/ptolemy/actor/lib/test/auto/SetVariable4.xml
20 ms. Memory: 591872K Free: 469289K (79%)
----------------- Invoking toplevel() on ptolemy.moml.MoMLSimpleApplication@2910e252
----------------- Done invoking toplevel() on ptolemy.moml.MoMLSimpleApplication@2910e252
reloadAllAccessors: .SetVariable4

===========================================================================================
----------------- testing Mon Mar 23 13:37:27 UTC 2020 /home/travis/build/icyphy/ptII/ptolemy/actor/lib/test/auto/SetVariable5.xml
----------------- Instantiating /home/travis/build/icyphy/ptII/ptolemy/actor/lib/test/auto/SetVariable5.xml
17 ms. Memory: 591872K Free: 460075K (78%)
----------------- Invoking toplevel() on ptolemy.moml.MoMLSimpleApplication@43418aee
----------------- Done invoking toplevel() on ptolemy.moml.MoMLSimpleApplication@43418aee
reloadAllAccessors: .SetVariable5

===========================================================================================
----------------- testing Mon Mar 23 13:37:27 UTC 2020 /home/travis/build/icyphy/ptII/ptolemy/actor/lib/test/auto/Sinewave.xml
----------------- Instantiating /home/travis/build/icyphy/ptII/ptolemy/actor/lib/test/auto/Sinewave.xml
13 ms. Memory: 591872K Free: 449835K (76%)
----------------- Invoking toplevel() on ptolemy.moml.MoMLSimpleApplication@392c5d88
----------------- Done invoking toplevel() on ptolemy.moml.MoMLSimpleApplication@392c5d88
reloadAllAccessors: .Sinewave

===========================================================================================
----------------- testing Mon Mar 23 13:37:27 UTC 2020 /home/travis/build/icyphy/ptII/ptolemy/actor/lib/test/auto/Sinewave2.xml
----------------- Instantiating /home/travis/build/icyphy/ptII/ptolemy/actor/lib/test/auto/Sinewave2.xml
6 ms. Memory: 591872K Free: 441643K (75%)
----------------- Invoking toplevel() on ptolemy.moml.MoMLSimpleApplication@6920e202
----------------- Done invoking toplevel() on ptolemy.moml.MoMLSimpleApplication@6920e202
reloadAllAccessors: .Sinewave2

===========================================================================================
----------------- testing Mon Mar 23 13:37:27 UTC 2020 /home/travis/build/icyphy/ptII/ptolemy/actor/lib/test/auto/Sinewave3.xml
----------------- Instantiating /home/travis/build/icyphy/ptII/ptolemy/actor/lib/test/auto/Sinewave3.xml
8 ms. Memory: 591872K Free: 432923K (73%)
----------------- Invoking toplevel() on ptolemy.moml.MoMLSimpleApplication@1299338e
----------------- Done invoking toplevel() on ptolemy.moml.MoMLSimpleApplication@1299338e
reloadAllAccessors: .Sinewave3

===========================================================================================
----------------- testing Mon Mar 23 13:37:27 UTC 2020 /home/travis/build/icyphy/ptII/ptolemy/actor/lib/test/auto/SingleEvent.xml
----------------- Instantiating /home/travis/build/icyphy/ptII/ptolemy/actor/lib/test/auto/SingleEvent.xml
1 ms. Memory: 591872K Free: 428841K (72%)
----------------- Invoking toplevel() on ptolemy.moml.MoMLSimpleApplication@57df4b48
----------------- Done invoking toplevel() on ptolemy.moml.MoMLSimpleApplication@57df4b48
reloadAllAccessors: .SingleEvent

===========================================================================================
----------------- testing Mon Mar 23 13:37:27 UTC 2020 /home/travis/build/icyphy/ptII/ptolemy/actor/lib/test/auto/Sleep.xml
----------------- Instantiating /home/travis/build/icyphy/ptII/ptolemy/actor/lib/test/auto/Sleep.xml
6003 ms. Memory: 591872K Free: 423707K (72%)
----------------- Invoking toplevel() on ptolemy.moml.MoMLSimpleApplication@34ba2a3f
----------------- Done invoking toplevel() on ptolemy.moml.MoMLSimpleApplication@34ba2a3f
reloadAllAccessors: .Sleep

===========================================================================================
----------------- testing Mon Mar 23 13:37:33 UTC 2020 /home/travis/build/icyphy/ptII/ptolemy/actor/lib/test/auto/SleepMultipleFire.xml
----------------- Instantiating /home/travis/build/icyphy/ptII/ptolemy/actor/lib/test/auto/SleepMultipleFire.xml
1005 ms. Memory: 591872K Free: 418091K (71%)
----------------- Invoking toplevel() on ptolemy.moml.MoMLSimpleApplication@786ac2c1
----------------- Done invoking toplevel() on ptolemy.moml.MoMLSimpleApplication@786ac2c1
reloadAllAccessors: .SleepMultipleFire

===========================================================================================
----------------- testing Mon Mar 23 13:37:35 UTC 2020 /home/travis/build/icyphy/ptII/ptolemy/actor/lib/test/auto/StopDE.xml
----------------- Instantiating /home/travis/build/icyphy/ptII/ptolemy/actor/lib/test/auto/StopDE.xml
3 ms. Memory: 591872K Free: 412457K (70%)
----------------- Invoking toplevel() on ptolemy.moml.MoMLSimpleApplication@7cc0a9de
----------------- Done invoking toplevel() on ptolemy.moml.MoMLSimpleApplication@7cc0a9de
reloadAllAccessors: .StopDE

===========================================================================================
----------------- testing Mon Mar 23 13:37:35 UTC 2020 /home/travis/build/icyphy/ptII/ptolemy/actor/lib/test/auto/StopSDF.xml
----------------- Instantiating /home/travis/build/icyphy/ptII/ptolemy/actor/lib/test/auto/StopSDF.xml
2 ms. Memory: 591872K Free: 407337K (69%)
----------------- Invoking toplevel() on ptolemy.moml.MoMLSimpleApplication@1ab0d2d8
----------------- Done invoking toplevel() on ptolemy.moml.MoMLSimpleApplication@1ab0d2d8
reloadAllAccessors: .StopSDF

===========================================================================================
----------------- testing Mon Mar 23 13:37:35 UTC 2020 /home/travis/build/icyphy/ptII/ptolemy/actor/lib/test/auto/StringConstant.xml
----------------- Instantiating /home/travis/build/icyphy/ptII/ptolemy/actor/lib/test/auto/StringConstant.xml
9 ms. Memory: 591872K Free: 403241K (68%)
----------------- Invoking toplevel() on ptolemy.moml.MoMLSimpleApplication@6bb4260d
----------------- Done invoking toplevel() on ptolemy.moml.MoMLSimpleApplication@6bb4260d
reloadAllAccessors: .StringConstant

===========================================================================================
----------------- testing Mon Mar 23 13:37:35 UTC 2020 /home/travis/build/icyphy/ptII/ptolemy/actor/lib/test/auto/SubscriberPortInitialValues1.xml
----------------- Instantiating /home/travis/build/icyphy/ptII/ptolemy/actor/lib/test/auto/SubscriberPortInitialValues1.xml
7 ms. Memory: 591872K Free: 394539K (67%)
----------------- Invoking toplevel() on ptolemy.moml.MoMLSimpleApplication@1f1bd4f1
----------------- Done invoking toplevel() on ptolemy.moml.MoMLSimpleApplication@1f1bd4f1
reloadAllAccessors: .SubscriberPortInitialValues1

===========================================================================================
----------------- testing Mon Mar 23 13:37:35 UTC 2020 /home/travis/build/icyphy/ptII/ptolemy/actor/lib/test/auto/SubscriberPortInitialValues13.xml
----------------- Instantiating /home/travis/build/icyphy/ptII/ptolemy/actor/lib/test/auto/SubscriberPortInitialValues13.xml
5 ms. Memory: 591872K Free: 381737K (64%)
----------------- Invoking toplevel() on ptolemy.moml.MoMLSimpleApplication@30f6918b
----------------- Done invoking toplevel() on ptolemy.moml.MoMLSimpleApplication@30f6918b
reloadAllAccessors: .SubscriberPortInitialValues13

===========================================================================================
----------------- testing Mon Mar 23 13:37:35 UTC 2020 /home/travis/build/icyphy/ptII/ptolemy/actor/lib/test/auto/SubscriberPortInitialValues14.xml
----------------- Instantiating /home/travis/build/icyphy/ptII/ptolemy/actor/lib/test/auto/SubscriberPortInitialValues14.xml
4 ms. Memory: 591872K Free: 374059K (63%)
----------------- Invoking toplevel() on ptolemy.moml.MoMLSimpleApplication@741e54c1
----------------- Done invoking toplevel() on ptolemy.moml.MoMLSimpleApplication@741e54c1
reloadAllAccessors: .SubscriberPortInitialValues14

===========================================================================================
----------------- testing Mon Mar 23 13:37:35 UTC 2020 /home/travis/build/icyphy/ptII/ptolemy/actor/lib/test/auto/SubscriberPortInitialValues2.xml
----------------- Instantiating /home/travis/build/icyphy/ptII/ptolemy/actor/lib/test/auto/SubscriberPortInitialValues2.xml
4 ms. Memory: 591872K Free: 366377K (62%)
----------------- Invoking toplevel() on ptolemy.moml.MoMLSimpleApplication@b60ea27
----------------- Done invoking toplevel() on ptolemy.moml.MoMLSimpleApplication@b60ea27
reloadAllAccessors: .SubscriberPortInitialValues2

===========================================================================================
----------------- testing Mon Mar 23 13:37:35 UTC 2020 /home/travis/build/icyphy/ptII/ptolemy/actor/lib/test/auto/SubscriberPortInitialValues3.xml
----------------- Instantiating /home/travis/build/icyphy/ptII/ptolemy/actor/lib/test/auto/SubscriberPortInitialValues3.xml
5 ms. Memory: 591872K Free: 355113K (60%)
----------------- Invoking toplevel() on ptolemy.moml.MoMLSimpleApplication@2272b52c
----------------- Done invoking toplevel() on ptolemy.moml.MoMLSimpleApplication@2272b52c
reloadAllAccessors: .SubscriberPortInitialValues3

===========================================================================================
----------------- testing Mon Mar 23 13:37:35 UTC 2020 /home/travis/build/icyphy/ptII/ptolemy/actor/lib/test/auto/SubscriptionAggregator.xml
----------------- Instantiating /home/travis/build/icyphy/ptII/ptolemy/actor/lib/test/auto/SubscriptionAggregator.xml
3 ms. Memory: 591872K Free: 348459K (59%)
----------------- Invoking toplevel() on ptolemy.moml.MoMLSimpleApplication@2b3b964f
----------------- Done invoking toplevel() on ptolemy.moml.MoMLSimpleApplication@2b3b964f
reloadAllAccessors: .SubscriptionAggregator

===========================================================================================
----------------- testing Mon Mar 23 13:37:35 UTC 2020 /home/travis/build/icyphy/ptII/ptolemy/actor/lib/test/auto/SubscriptionAggregator2.xml
----------------- Instantiating /home/travis/build/icyphy/ptII/ptolemy/actor/lib/test/auto/SubscriptionAggregator2.xml
3 ms. Memory: 591872K Free: 341795K (58%)
----------------- Invoking toplevel() on ptolemy.moml.MoMLSimpleApplication@1489e796
----------------- Done invoking toplevel() on ptolemy.moml.MoMLSimpleApplication@1489e796
reloadAllAccessors: .SubscriptionAggregator2

===========================================================================================
----------------- testing Mon Mar 23 13:37:35 UTC 2020 /home/travis/build/icyphy/ptII/ptolemy/actor/lib/test/auto/SubscriptionAggregator3.xml
----------------- Instantiating /home/travis/build/icyphy/ptII/ptolemy/actor/lib/test/auto/SubscriptionAggregator3.xml
4 ms. Memory: 591872K Free: 333099K (56%)
----------------- Invoking toplevel() on ptolemy.moml.MoMLSimpleApplication@28657d20
----------------- Done invoking toplevel() on ptolemy.moml.MoMLSimpleApplication@28657d20
reloadAllAccessors: .SubscriptionAggregator3

===========================================================================================
----------------- testing Mon Mar 23 13:37:35 UTC 2020 /home/travis/build/icyphy/ptII/ptolemy/actor/lib/test/auto/SubscriptionAggregatorMultiply.xml
----------------- Instantiating /home/travis/build/icyphy/ptII/ptolemy/actor/lib/test/auto/SubscriptionAggregatorMultiply.xml
13 ms. Memory: 591872K Free: 324387K (55%)
----------------- Invoking toplevel() on ptolemy.moml.MoMLSimpleApplication@41c7f9d8
----------------- Done invoking toplevel() on ptolemy.moml.MoMLSimpleApplication@41c7f9d8
reloadAllAccessors: .SubscriptionAggregatorMultiply

===========================================================================================
----------------- testing Mon Mar 23 13:37:35 UTC 2020 /home/travis/build/icyphy/ptII/ptolemy/actor/lib/test/auto/SubscriptionAggregatorPortMultiply1.xml
----------------- Instantiating /home/travis/build/icyphy/ptII/ptolemy/actor/lib/test/auto/SubscriptionAggregatorPortMultiply1.xml
3 ms. Memory: 591872K Free: 316715K (54%)
----------------- Invoking toplevel() on ptolemy.moml.MoMLSimpleApplication@7805f58
----------------- Done invoking toplevel() on ptolemy.moml.MoMLSimpleApplication@7805f58
reloadAllAccessors: .SubscriptionAggregatorPortMultiply1

===========================================================================================
----------------- testing Mon Mar 23 13:37:35 UTC 2020 /home/travis/build/icyphy/ptII/ptolemy/actor/lib/test/auto/Switch.xml
----------------- Instantiating /home/travis/build/icyphy/ptII/ptolemy/actor/lib/test/auto/Switch.xml
9 ms. Memory: 591872K Free: 308523K (52%)
----------------- Invoking toplevel() on ptolemy.moml.MoMLSimpleApplication@6180c745
----------------- Done invoking toplevel() on ptolemy.moml.MoMLSimpleApplication@6180c745
reloadAllAccessors: .Switch

===========================================================================================
----------------- testing Mon Mar 23 13:37:35 UTC 2020 /home/travis/build/icyphy/ptII/ptolemy/actor/lib/test/auto/Switch2.xml
----------------- Instantiating /home/travis/build/icyphy/ptII/ptolemy/actor/lib/test/auto/Switch2.xml
1 ms. Memory: 591872K Free: 303913K (51%)
----------------- Invoking toplevel() on ptolemy.moml.MoMLSimpleApplication@1dd3faf6
----------------- Done invoking toplevel() on ptolemy.moml.MoMLSimpleApplication@1dd3faf6
reloadAllAccessors: .Switch2

===========================================================================================
----------------- testing Mon Mar 23 13:37:35 UTC 2020 /home/travis/build/icyphy/ptII/ptolemy/actor/lib/test/auto/SwitchDE.xml
----------------- Instantiating /home/travis/build/icyphy/ptII/ptolemy/actor/lib/test/auto/SwitchDE.xml
4 ms. Memory: 591872K Free: 297739K (50%)
----------------- Invoking toplevel() on ptolemy.moml.MoMLSimpleApplication@3dcd2480
----------------- Done invoking toplevel() on ptolemy.moml.MoMLSimpleApplication@3dcd2480
reloadAllAccessors: .SwitchDE

===========================================================================================
----------------- testing Mon Mar 23 13:37:35 UTC 2020 /home/travis/build/icyphy/ptII/ptolemy/actor/lib/test/auto/SynchronizerDE.xml
----------------- Instantiating /home/travis/build/icyphy/ptII/ptolemy/actor/lib/test/auto/SynchronizerDE.xml
6 ms. Memory: 591872K Free: 289547K (49%)
----------------- Invoking toplevel() on ptolemy.moml.MoMLSimpleApplication@1a84bcd3
----------------- Done invoking toplevel() on ptolemy.moml.MoMLSimpleApplication@1a84bcd3
reloadAllAccessors: .SynchronizerDE

===========================================================================================
----------------- testing Mon Mar 23 13:37:35 UTC 2020 /home/travis/build/icyphy/ptII/ptolemy/actor/lib/test/auto/Test.xml
----------------- Instantiating /home/travis/build/icyphy/ptII/ptolemy/actor/lib/test/auto/Test.xml
2 ms. Memory: 591872K Free: 283947K (48%)
----------------- Invoking toplevel() on ptolemy.moml.MoMLSimpleApplication@7304b6c
----------------- Done invoking toplevel() on ptolemy.moml.MoMLSimpleApplication@7304b6c
reloadAllAccessors: .Test

===========================================================================================
----------------- testing Mon Mar 23 13:37:35 UTC 2020 /home/travis/build/icyphy/ptII/ptolemy/actor/lib/test/auto/TestExceptionAttribute1.xml
----------------- Instantiating /home/travis/build/icyphy/ptII/ptolemy/actor/lib/test/auto/TestExceptionAttribute1.xml
1 ms. Memory: 591872K Free: 280361K (47%)
----------------- Invoking toplevel() on ptolemy.moml.MoMLSimpleApplication@460a4655
----------------- Done invoking toplevel() on ptolemy.moml.MoMLSimpleApplication@460a4655
reloadAllAccessors: .TestExceptionAttribute1

===========================================================================================
----------------- testing Mon Mar 23 13:37:35 UTC 2020 /home/travis/build/icyphy/ptII/ptolemy/actor/lib/test/auto/TestExceptionAttribute2.xml
----------------- Instantiating /home/travis/build/icyphy/ptII/ptolemy/actor/lib/test/auto/TestExceptionAttribute2.xml
1 ms. Memory: 591872K Free: 276779K (47%)
----------------- Invoking toplevel() on ptolemy.moml.MoMLSimpleApplication@22ab5c83
----------------- Done invoking toplevel() on ptolemy.moml.MoMLSimpleApplication@22ab5c83
reloadAllAccessors: .TestExceptionAttribute2

===========================================================================================
----------------- testing Mon Mar 23 13:37:35 UTC 2020 /home/travis/build/icyphy/ptII/ptolemy/actor/lib/test/auto/TestExceptionAttribute3.xml
----------------- Instantiating /home/travis/build/icyphy/ptII/ptolemy/actor/lib/test/auto/TestExceptionAttribute3.xml
.TestExceptionAttribute3.TestExceptionAttribute: initialize() was not invoked, but wrapup() was.  This is unusual, but not always a problem.  For example, exporting JNLP will do this.
0 ms. Memory: 591872K Free: 273193K (46%)
----------------- Invoking toplevel() on ptolemy.moml.MoMLSimpleApplication@9a76121
----------------- Done invoking toplevel() on ptolemy.moml.MoMLSimpleApplication@9a76121
reloadAllAccessors: .TestExceptionAttribute3

===========================================================================================
----------------- testing Mon Mar 23 13:37:35 UTC 2020 /home/travis/build/icyphy/ptII/ptolemy/actor/lib/test/auto/TestExceptionAttribute4.xml
----------------- Instantiating /home/travis/build/icyphy/ptII/ptolemy/actor/lib/test/auto/TestExceptionAttribute4.xml
.TestExceptionAttribute4.TestExceptionAttribute: initialize() was not invoked, but wrapup() was.  This is unusual, but not always a problem.  For example, exporting JNLP will do this.
.TestExceptionAttribute4.TestExceptionAttribute2: initialize() was not invoked, but wrapup() was.  This is unusual, but not always a problem.  For example, exporting JNLP will do this.
1 ms. Memory: 591872K Free: 269097K (45%)
----------------- Invoking toplevel() on ptolemy.moml.MoMLSimpleApplication@fb52af5
----------------- Done invoking toplevel() on ptolemy.moml.MoMLSimpleApplication@fb52af5
reloadAllAccessors: .TestExceptionAttribute4

===========================================================================================
----------------- testing Mon Mar 23 13:37:35 UTC 2020 /home/travis/build/icyphy/ptII/ptolemy/actor/lib/test/auto/TestExceptionHandler1.xml
----------------- Instantiating /home/travis/build/icyphy/ptII/ptolemy/actor/lib/test/auto/TestExceptionHandler1.xml
1 ms. Memory: 591872K Free: 265515K (45%)
----------------- Invoking toplevel() on ptolemy.moml.MoMLSimpleApplication@4fe41907
----------------- Done invoking toplevel() on ptolemy.moml.MoMLSimpleApplication@4fe41907
reloadAllAccessors: .TestExceptionHandler1

===========================================================================================
----------------- testing Mon Mar 23 13:37:35 UTC 2020 /home/travis/build/icyphy/ptII/ptolemy/actor/lib/test/auto/TestExceptionHandler2.xml
----------------- Instantiating /home/travis/build/icyphy/ptII/ptolemy/actor/lib/test/auto/TestExceptionHandler2.xml
2 ms. Memory: 591872K Free: 261929K (44%)
----------------- Invoking toplevel() on ptolemy.moml.MoMLSimpleApplication@eab98d2
----------------- Done invoking toplevel() on ptolemy.moml.MoMLSimpleApplication@eab98d2
reloadAllAccessors: .TestExceptionHandler2

===========================================================================================
----------------- testing Mon Mar 23 13:37:35 UTC 2020 /home/travis/build/icyphy/ptII/ptolemy/actor/lib/test/auto/TestExceptionHandler3.xml
----------------- Instantiating /home/travis/build/icyphy/ptII/ptolemy/actor/lib/test/auto/TestExceptionHandler3.xml
0 ms. Memory: 591872K Free: 258347K (44%)
----------------- Invoking toplevel() on ptolemy.moml.MoMLSimpleApplication@439cf58a
----------------- Done invoking toplevel() on ptolemy.moml.MoMLSimpleApplication@439cf58a
reloadAllAccessors: .TestExceptionHandler3

===========================================================================================
----------------- testing Mon Mar 23 13:37:35 UTC 2020 /home/travis/build/icyphy/ptII/ptolemy/actor/lib/test/auto/TestExceptionHandler4.xml
----------------- Instantiating /home/travis/build/icyphy/ptII/ptolemy/actor/lib/test/auto/TestExceptionHandler4.xml
1 ms. Memory: 591872K Free: 254251K (43%)
----------------- Invoking toplevel() on ptolemy.moml.MoMLSimpleApplication@1200a775
----------------- Done invoking toplevel() on ptolemy.moml.MoMLSimpleApplication@1200a775
reloadAllAccessors: .TestExceptionHandler4

===========================================================================================
----------------- testing Mon Mar 23 13:37:35 UTC 2020 /home/travis/build/icyphy/ptII/ptolemy/actor/lib/test/auto/TestRequireCorrectOrder.xml
----------------- Instantiating /home/travis/build/icyphy/ptII/ptolemy/actor/lib/test/auto/TestRequireCorrectOrder.xml
10 ms. Memory: 591872K Free: 248587K (42%)
----------------- Invoking toplevel() on ptolemy.moml.MoMLSimpleApplication@75c2fa66
----------------- Done invoking toplevel() on ptolemy.moml.MoMLSimpleApplication@75c2fa66
reloadAllAccessors: .TestRequireCorrectOrder

===========================================================================================
----------------- testing Mon Mar 23 13:37:35 UTC 2020 /home/travis/build/icyphy/ptII/ptolemy/actor/lib/test/auto/TestSimple.xml
----------------- Instantiating /home/travis/build/icyphy/ptII/ptolemy/actor/lib/test/auto/TestSimple.xml
2 ms. Memory: 591872K Free: 244011K (41%)
----------------- Invoking toplevel() on ptolemy.moml.MoMLSimpleApplication@74ac69b3
----------------- Done invoking toplevel() on ptolemy.moml.MoMLSimpleApplication@74ac69b3
reloadAllAccessors: .TestSimple

===========================================================================================
----------------- testing Mon Mar 23 13:37:35 UTC 2020 /home/travis/build/icyphy/ptII/ptolemy/actor/lib/test/auto/ThrowModelError.xml
----------------- Instantiating /home/travis/build/icyphy/ptII/ptolemy/actor/lib/test/auto/ThrowModelError.xml
1 ms. Memory: 591872K Free: 239401K (40%)
----------------- Invoking toplevel() on ptolemy.moml.MoMLSimpleApplication@100b568
----------------- Done invoking toplevel() on ptolemy.moml.MoMLSimpleApplication@100b568
reloadAllAccessors: .ThrowModelError

===========================================================================================
----------------- testing Mon Mar 23 13:37:35 UTC 2020 /home/travis/build/icyphy/ptII/ptolemy/actor/lib/test/auto/TimeDelayMicrosteps.xml
----------------- Instantiating /home/travis/build/icyphy/ptII/ptolemy/actor/lib/test/auto/TimeDelayMicrosteps.xml
3 ms. Memory: 591872K Free: 232747K (39%)
----------------- Invoking toplevel() on ptolemy.moml.MoMLSimpleApplication@30ce4939
----------------- Done invoking toplevel() on ptolemy.moml.MoMLSimpleApplication@30ce4939
reloadAllAccessors: .TimeDelayMicrosteps

===========================================================================================
----------------- testing Mon Mar 23 13:37:35 UTC 2020 /home/travis/build/icyphy/ptII/ptolemy/actor/lib/test/auto/TimeDelayMicrosteps2.xml
----------------- Instantiating /home/travis/build/icyphy/ptII/ptolemy/actor/lib/test/auto/TimeDelayMicrosteps2.xml
3 ms. Memory: 591872K Free: 225579K (38%)
----------------- Invoking toplevel() on ptolemy.moml.MoMLSimpleApplication@31a94f9e
----------------- Done invoking toplevel() on ptolemy.moml.MoMLSimpleApplication@31a94f9e
reloadAllAccessors: .TimeDelayMicrosteps2

===========================================================================================
----------------- testing Mon Mar 23 13:37:35 UTC 2020 /home/travis/build/icyphy/ptII/ptolemy/actor/lib/test/auto/TimeDelayMicrosteps3.xml
----------------- Instantiating /home/travis/build/icyphy/ptII/ptolemy/actor/lib/test/auto/TimeDelayMicrosteps3.xml
2 ms. Memory: 591872K Free: 218915K (37%)
----------------- Invoking toplevel() on ptolemy.moml.MoMLSimpleApplication@6cb5c39c
----------------- Done invoking toplevel() on ptolemy.moml.MoMLSimpleApplication@6cb5c39c
reloadAllAccessors: .TimeDelayMicrosteps3

===========================================================================================
----------------- testing Mon Mar 23 13:37:35 UTC 2020 /home/travis/build/icyphy/ptII/ptolemy/actor/lib/test/auto/TimeDelayVariableMicrosteps.xml
----------------- Instantiating /home/travis/build/icyphy/ptII/ptolemy/actor/lib/test/auto/TimeDelayVariableMicrosteps.xml
3 ms. Memory: 591872K Free: 212267K (36%)
----------------- Invoking toplevel() on ptolemy.moml.MoMLSimpleApplication@c67cf37
----------------- Done invoking toplevel() on ptolemy.moml.MoMLSimpleApplication@c67cf37
reloadAllAccessors: .TimeDelayVariableMicrosteps

===========================================================================================
----------------- testing Mon Mar 23 13:37:35 UTC 2020 /home/travis/build/icyphy/ptII/ptolemy/actor/lib/test/auto/TimeGap.xml
----------------- Instantiating /home/travis/build/icyphy/ptII/ptolemy/actor/lib/test/auto/TimeGap.xml
3 ms. Memory: 591872K Free: 207147K (35%)
----------------- Invoking toplevel() on ptolemy.moml.MoMLSimpleApplication@5bdf677a
----------------- Done invoking toplevel() on ptolemy.moml.MoMLSimpleApplication@5bdf677a
reloadAllAccessors: .TimeGap

===========================================================================================
----------------- testing Mon Mar 23 13:37:35 UTC 2020 /home/travis/build/icyphy/ptII/ptolemy/actor/lib/test/auto/TimeGap2.xml
----------------- Instantiating /home/travis/build/icyphy/ptII/ptolemy/actor/lib/test/auto/TimeGap2.xml
2 ms. Memory: 591872K Free: 201003K (34%)
----------------- Invoking toplevel() on ptolemy.moml.MoMLSimpleApplication@79790d15
----------------- Done invoking toplevel() on ptolemy.moml.MoMLSimpleApplication@79790d15
reloadAllAccessors: .TimeGap2

===========================================================================================
----------------- testing Mon Mar 23 13:37:35 UTC 2020 /home/travis/build/icyphy/ptII/ptolemy/actor/lib/test/auto/TimedSinewave.xml
----------------- Instantiating /home/travis/build/icyphy/ptII/ptolemy/actor/lib/test/auto/TimedSinewave.xml
22 ms. Memory: 591872K Free: 535325K (90%)
----------------- Invoking toplevel() on ptolemy.moml.MoMLSimpleApplication@30575f3f
----------------- Done invoking toplevel() on ptolemy.moml.MoMLSimpleApplication@30575f3f
reloadAllAccessors: .TimedSinewave

===========================================================================================
----------------- testing Mon Mar 23 13:37:35 UTC 2020 /home/travis/build/icyphy/ptII/ptolemy/actor/lib/test/auto/TimedSinewavePhase.xml
----------------- Instantiating /home/travis/build/icyphy/ptII/ptolemy/actor/lib/test/auto/TimedSinewavePhase.xml
9 ms. Memory: 591872K Free: 525085K (89%)
----------------- Invoking toplevel() on ptolemy.moml.MoMLSimpleApplication@9c48282
----------------- Done invoking toplevel() on ptolemy.moml.MoMLSimpleApplication@9c48282
reloadAllAccessors: .TimedSinewavePhase

===========================================================================================
----------------- testing Mon Mar 23 13:37:35 UTC 2020 /home/travis/build/icyphy/ptII/ptolemy/actor/lib/test/auto/Timer.xml
----------------- Instantiating /home/travis/build/icyphy/ptII/ptolemy/actor/lib/test/auto/Timer.xml
2 ms. Memory: 591872K Free: 519455K (88%)
----------------- Invoking toplevel() on ptolemy.moml.MoMLSimpleApplication@94fc978
----------------- Done invoking toplevel() on ptolemy.moml.MoMLSimpleApplication@94fc978
reloadAllAccessors: .Timer

===========================================================================================
----------------- testing Mon Mar 23 13:37:35 UTC 2020 /home/travis/build/icyphy/ptII/ptolemy/actor/lib/test/auto/TriangularDistTestModel.xml
----------------- Instantiating /home/travis/build/icyphy/ptII/ptolemy/actor/lib/test/auto/TriangularDistTestModel.xml
2 ms. Memory: 591872K Free: 513807K (87%)
----------------- Invoking toplevel() on ptolemy.moml.MoMLSimpleApplication@2b349b48
----------------- Done invoking toplevel() on ptolemy.moml.MoMLSimpleApplication@2b349b48
reloadAllAccessors: .TriangularDistTestModel

===========================================================================================
----------------- testing Mon Mar 23 13:37:35 UTC 2020 /home/travis/build/icyphy/ptII/ptolemy/actor/lib/test/auto/TrigFunction.xml
----------------- Instantiating /home/travis/build/icyphy/ptII/ptolemy/actor/lib/test/auto/TrigFunction.xml
1 ms. Memory: 591872K Free: 509215K (86%)
----------------- Invoking toplevel() on ptolemy.moml.MoMLSimpleApplication@700e331c
----------------- Done invoking toplevel() on ptolemy.moml.MoMLSimpleApplication@700e331c
reloadAllAccessors: .TrigFunction

===========================================================================================
----------------- testing Mon Mar 23 13:37:35 UTC 2020 /home/travis/build/icyphy/ptII/ptolemy/actor/lib/test/auto/TrigFunctionDE.xml
----------------- Instantiating /home/travis/build/icyphy/ptII/ptolemy/actor/lib/test/auto/TrigFunctionDE.xml
2 ms. Memory: 591872K Free: 503575K (85%)
----------------- Invoking toplevel() on ptolemy.moml.MoMLSimpleApplication@4d214e3a
----------------- Done invoking toplevel() on ptolemy.moml.MoMLSimpleApplication@4d214e3a
reloadAllAccessors: .TrigFunctionDE

===========================================================================================
----------------- testing Mon Mar 23 13:37:35 UTC 2020 /home/travis/build/icyphy/ptII/ptolemy/actor/lib/test/auto/TrigFunctionInverse.xml
----------------- Instantiating /home/travis/build/icyphy/ptII/ptolemy/actor/lib/test/auto/TrigFunctionInverse.xml
2 ms. Memory: 591872K Free: 498461K (84%)
----------------- Invoking toplevel() on ptolemy.moml.MoMLSimpleApplication@52d4b18a
----------------- Done invoking toplevel() on ptolemy.moml.MoMLSimpleApplication@52d4b18a
reloadAllAccessors: .TrigFunctionInverse

===========================================================================================
----------------- testing Mon Mar 23 13:37:35 UTC 2020 /home/travis/build/icyphy/ptII/ptolemy/actor/lib/test/auto/TrigFunctionTan.xml
----------------- Instantiating /home/travis/build/icyphy/ptII/ptolemy/actor/lib/test/auto/TrigFunctionTan.xml
2 ms. Memory: 591872K Free: 493855K (83%)
----------------- Invoking toplevel() on ptolemy.moml.MoMLSimpleApplication@58c53e7b
----------------- Done invoking toplevel() on ptolemy.moml.MoMLSimpleApplication@58c53e7b
reloadAllAccessors: .TrigFunctionTan

===========================================================================================
----------------- testing Mon Mar 23 13:37:35 UTC 2020 /home/travis/build/icyphy/ptII/ptolemy/actor/lib/test/auto/TriggeredClock.xml
----------------- Instantiating /home/travis/build/icyphy/ptII/ptolemy/actor/lib/test/auto/TriggeredClock.xml
1 ms. Memory: 591872K Free: 488735K (83%)
----------------- Invoking toplevel() on ptolemy.moml.MoMLSimpleApplication@11a6f118
----------------- Done invoking toplevel() on ptolemy.moml.MoMLSimpleApplication@11a6f118
reloadAllAccessors: .TriggeredClock

===========================================================================================
----------------- testing Mon Mar 23 13:37:35 UTC 2020 /home/travis/build/icyphy/ptII/ptolemy/actor/lib/test/auto/URLDirectoryReader.xml
----------------- Instantiating /home/travis/build/icyphy/ptII/ptolemy/actor/lib/test/auto/URLDirectoryReader.xml
53 ms. Memory: 591872K Free: 480029K (81%)
----------------- Invoking toplevel() on ptolemy.moml.MoMLSimpleApplication@683aec30
----------------- Done invoking toplevel() on ptolemy.moml.MoMLSimpleApplication@683aec30
reloadAllAccessors: .URLDirectoryReader

===========================================================================================
----------------- testing Mon Mar 23 13:37:35 UTC 2020 /home/travis/build/icyphy/ptII/ptolemy/actor/lib/test/auto/URLDirectoryReader3.xml
----------------- Instantiating /home/travis/build/icyphy/ptII/ptolemy/actor/lib/test/auto/URLDirectoryReader3.xml
1532 ms. Memory: 591872K Free: 532220K (90%)
----------------- Invoking toplevel() on ptolemy.moml.MoMLSimpleApplication@6545a107
----------------- Done invoking toplevel() on ptolemy.moml.MoMLSimpleApplication@6545a107
reloadAllAccessors: .URLDirectoryReader3

===========================================================================================
----------------- testing Mon Mar 23 13:37:37 UTC 2020 /home/travis/build/icyphy/ptII/ptolemy/actor/lib/test/auto/UnaryMathFunction.xml
----------------- Instantiating /home/travis/build/icyphy/ptII/ptolemy/actor/lib/test/auto/UnaryMathFunction.xml
3 ms. Memory: 591872K Free: 524030K (89%)
----------------- Invoking toplevel() on ptolemy.moml.MoMLSimpleApplication@3f59eb8d
----------------- Done invoking toplevel() on ptolemy.moml.MoMLSimpleApplication@3f59eb8d
reloadAllAccessors: .UnaryMathFunction

===========================================================================================
----------------- testing Mon Mar 23 13:37:37 UTC 2020 /home/travis/build/icyphy/ptII/ptolemy/actor/lib/test/auto/Uniform.xml
----------------- Instantiating /home/travis/build/icyphy/ptII/ptolemy/actor/lib/test/auto/Uniform.xml
6 ms. Memory: 591872K Free: 519420K (88%)
----------------- Invoking toplevel() on ptolemy.moml.MoMLSimpleApplication@63a6466b
----------------- Done invoking toplevel() on ptolemy.moml.MoMLSimpleApplication@63a6466b
reloadAllAccessors: .Uniform

===========================================================================================
----------------- testing Mon Mar 23 13:37:37 UTC 2020 /home/travis/build/icyphy/ptII/ptolemy/actor/lib/test/auto/UnionDisassemblerTest.xml
----------------- Instantiating /home/travis/build/icyphy/ptII/ptolemy/actor/lib/test/auto/UnionDisassemblerTest.xml
17 ms. Memory: 591872K Free: 515838K (87%)
----------------- Invoking toplevel() on ptolemy.moml.MoMLSimpleApplication@4993443a
----------------- Done invoking toplevel() on ptolemy.moml.MoMLSimpleApplication@4993443a
reloadAllAccessors: .UnionDisassemblerTest

===========================================================================================
----------------- testing Mon Mar 23 13:37:37 UTC 2020 /home/travis/build/icyphy/ptII/ptolemy/actor/lib/test/auto/UtilityFunctions.xml
----------------- Instantiating /home/travis/build/icyphy/ptII/ptolemy/actor/lib/test/auto/UtilityFunctions.xml
1 ms. Memory: 591872K Free: 511742K (86%)
----------------- Invoking toplevel() on ptolemy.moml.MoMLSimpleApplication@5377fd79
----------------- Done invoking toplevel() on ptolemy.moml.MoMLSimpleApplication@5377fd79
reloadAllAccessors: .UtilityFunctions

===========================================================================================
----------------- testing Mon Mar 23 13:37:37 UTC 2020 /home/travis/build/icyphy/ptII/ptolemy/actor/lib/test/auto/VariableSleep.xml
----------------- Instantiating /home/travis/build/icyphy/ptII/ptolemy/actor/lib/test/auto/VariableSleep.xml
503 ms. Memory: 591872K Free: 506622K (86%)
----------------- Invoking toplevel() on ptolemy.moml.MoMLSimpleApplication@1621e141
----------------- Done invoking toplevel() on ptolemy.moml.MoMLSimpleApplication@1621e141
reloadAllAccessors: .VariableSleep

===========================================================================================
----------------- testing Mon Mar 23 13:37:38 UTC 2020 /home/travis/build/icyphy/ptII/ptolemy/actor/lib/test/auto/VectorAssemblerDisassemblerCT.xml
----------------- Instantiating /home/travis/build/icyphy/ptII/ptolemy/actor/lib/test/auto/VectorAssemblerDisassemblerCT.xml
82 ms. Memory: 591872K Free: 486652K (82%)
----------------- Invoking toplevel() on ptolemy.moml.MoMLSimpleApplication@587f7ea8
----------------- Done invoking toplevel() on ptolemy.moml.MoMLSimpleApplication@587f7ea8
reloadAllAccessors: .VectorAssemblerDisassemblerCT

===========================================================================================
----------------- testing Mon Mar 23 13:37:38 UTC 2020 /home/travis/build/icyphy/ptII/ptolemy/actor/lib/test/auto/VectorAssemblerDisassemblerDE.xml
----------------- Instantiating /home/travis/build/icyphy/ptII/ptolemy/actor/lib/test/auto/VectorAssemblerDisassemblerDE.xml
3 ms. Memory: 591872K Free: 478974K (81%)
----------------- Invoking toplevel() on ptolemy.moml.MoMLSimpleApplication@4d65ffec
----------------- Done invoking toplevel() on ptolemy.moml.MoMLSimpleApplication@4d65ffec
reloadAllAccessors: .VectorAssemblerDisassemblerDE

===========================================================================================
----------------- testing Mon Mar 23 13:37:38 UTC 2020 /home/travis/build/icyphy/ptII/ptolemy/actor/lib/test/auto/VectorAssemblerDisassemblerSDF.xml
----------------- Instantiating /home/travis/build/icyphy/ptII/ptolemy/actor/lib/test/auto/VectorAssemblerDisassemblerSDF.xml
3 ms. Memory: 591872K Free: 472830K (80%)
----------------- Invoking toplevel() on ptolemy.moml.MoMLSimpleApplication@b8865cf
----------------- Done invoking toplevel() on ptolemy.moml.MoMLSimpleApplication@b8865cf
reloadAllAccessors: .VectorAssemblerDisassemblerSDF

===========================================================================================
----------------- testing Mon Mar 23 13:37:38 UTC 2020 /home/travis/build/icyphy/ptII/ptolemy/actor/lib/test/auto/WallClockTime.xml
----------------- Instantiating /home/travis/build/icyphy/ptII/ptolemy/actor/lib/test/auto/WallClockTime.xml
1005 ms. Memory: 591872K Free: 467710K (79%)
----------------- Invoking toplevel() on ptolemy.moml.MoMLSimpleApplication@224e6647
----------------- Done invoking toplevel() on ptolemy.moml.MoMLSimpleApplication@224e6647
reloadAllAccessors: .WallClockTime

===========================================================================================
----------------- testing Mon Mar 23 13:37:39 UTC 2020 /home/travis/build/icyphy/ptII/ptolemy/actor/lib/test/auto/WidthTestWithSubscriberPublisher.xml
----------------- Instantiating /home/travis/build/icyphy/ptII/ptolemy/actor/lib/test/auto/WidthTestWithSubscriberPublisher.xml
10 ms. Memory: 591872K Free: 449788K (76%)
----------------- Invoking toplevel() on ptolemy.moml.MoMLSimpleApplication@67787331
----------------- Done invoking toplevel() on ptolemy.moml.MoMLSimpleApplication@67787331
reloadAllAccessors: .WidthTestWithSubscriberPublisher

===========================================================================================
----------------- testing Mon Mar 23 13:37:39 UTC 2020 /home/travis/build/icyphy/ptII/ptolemy/actor/lib/test/auto/WidthTestWithSubscriberPublisher2.xml
----------------- Instantiating /home/travis/build/icyphy/ptII/ptolemy/actor/lib/test/auto/WidthTestWithSubscriberPublisher2.xml
3 ms. Memory: 591872K Free: 443644K (75%)
----------------- Invoking toplevel() on ptolemy.moml.MoMLSimpleApplication@4b647154
----------------- Done invoking toplevel() on ptolemy.moml.MoMLSimpleApplication@4b647154
reloadAllAccessors: .WidthTestWithSubscriberPublisher2

===========================================================================================
----------------- testing Mon Mar 23 13:37:39 UTC 2020 /home/travis/build/icyphy/ptII/ptolemy/actor/lib/test/auto/WidthTestWithSubscriberPublisher3.xml
----------------- Instantiating /home/travis/build/icyphy/ptII/ptolemy/actor/lib/test/auto/WidthTestWithSubscriberPublisher3.xml
2 ms. Memory: 591872K Free: 437500K (74%)
----------------- Invoking toplevel() on ptolemy.moml.MoMLSimpleApplication@711db700
----------------- Done invoking toplevel() on ptolemy.moml.MoMLSimpleApplication@711db700
reloadAllAccessors: .WidthTestWithSubscriberPublisher3

===========================================================================================
----------------- testing Mon Mar 23 13:37:39 UTC 2020 /home/travis/build/icyphy/ptII/ptolemy/actor/lib/test/auto/Writer.xml
----------------- Instantiating /home/travis/build/icyphy/ptII/ptolemy/actor/lib/test/auto/Writer.xml
0
1
2
3
4
2 ms. Memory: 591872K Free: 433398K (73%)
----------------- Invoking toplevel() on ptolemy.moml.MoMLSimpleApplication@7d7a68f8
----------------- Done invoking toplevel() on ptolemy.moml.MoMLSimpleApplication@7d7a68f8
reloadAllAccessors: .Writer

===========================================================================================
----------------- testing Mon Mar 23 13:37:39 UTC 2020 /home/travis/build/icyphy/ptII/ptolemy/actor/lib/test/auto/array.xml
----------------- Instantiating /home/travis/build/icyphy/ptII/ptolemy/actor/lib/test/auto/array.xml
2 ms. Memory: 591872K Free: 428798K (72%)
----------------- Invoking toplevel() on ptolemy.moml.MoMLSimpleApplication@688319c4
----------------- Done invoking toplevel() on ptolemy.moml.MoMLSimpleApplication@688319c4
reloadAllAccessors: .array

===========================================================================================
----------------- testing Mon Mar 23 13:37:39 UTC 2020 /home/travis/build/icyphy/ptII/ptolemy/actor/lib/test/auto/array2.xml
----------------- Instantiating /home/travis/build/icyphy/ptII/ptolemy/actor/lib/test/auto/array2.xml
7 ms. Memory: 591872K Free: 424174K (72%)
----------------- Invoking toplevel() on ptolemy.moml.MoMLSimpleApplication@339b5188
----------------- Done invoking toplevel() on ptolemy.moml.MoMLSimpleApplication@339b5188
reloadAllAccessors: .array2

===========================================================================================
----------------- testing Mon Mar 23 13:37:39 UTC 2020 /home/travis/build/icyphy/ptII/ptolemy/actor/lib/test/auto/arrayType.xml
----------------- Instantiating /home/travis/build/icyphy/ptII/ptolemy/actor/lib/test/auto/arrayType.xml
1 ms. Memory: 591872K Free: 418558K (71%)
----------------- Invoking toplevel() on ptolemy.moml.MoMLSimpleApplication@2a6f43e0
----------------- Done invoking toplevel() on ptolemy.moml.MoMLSimpleApplication@2a6f43e0
reloadAllAccessors: .arrayType

===========================================================================================
----------------- testing Mon Mar 23 13:37:39 UTC 2020 /home/travis/build/icyphy/ptII/ptolemy/actor/lib/test/auto/arrayType10.xml
----------------- Instantiating /home/travis/build/icyphy/ptII/ptolemy/actor/lib/test/auto/arrayType10.xml
2 ms. Memory: 591872K Free: 413948K (70%)
----------------- Invoking toplevel() on ptolemy.moml.MoMLSimpleApplication@4b35e235
----------------- Done invoking toplevel() on ptolemy.moml.MoMLSimpleApplication@4b35e235
reloadAllAccessors: .arrayType10

===========================================================================================
----------------- testing Mon Mar 23 13:37:39 UTC 2020 /home/travis/build/icyphy/ptII/ptolemy/actor/lib/test/auto/arrayType11.xml
----------------- Instantiating /home/travis/build/icyphy/ptII/ptolemy/actor/lib/test/auto/arrayType11.xml
1 ms. Memory: 591872K Free: 409342K (69%)
----------------- Invoking toplevel() on ptolemy.moml.MoMLSimpleApplication@3261ddc1
----------------- Done invoking toplevel() on ptolemy.moml.MoMLSimpleApplication@3261ddc1
reloadAllAccessors: .arrayType11

===========================================================================================
----------------- testing Mon Mar 23 13:37:39 UTC 2020 /home/travis/build/icyphy/ptII/ptolemy/actor/lib/test/auto/arrayType12.xml
----------------- Instantiating /home/travis/build/icyphy/ptII/ptolemy/actor/lib/test/auto/arrayType12.xml
1 ms. Memory: 591872K Free: 404732K (68%)
----------------- Invoking toplevel() on ptolemy.moml.MoMLSimpleApplication@d5b70a
----------------- Done invoking toplevel() on ptolemy.moml.MoMLSimpleApplication@d5b70a
reloadAllAccessors: .arrayType12

===========================================================================================
----------------- testing Mon Mar 23 13:37:39 UTC 2020 /home/travis/build/icyphy/ptII/ptolemy/actor/lib/test/auto/arrayType13.xml
----------------- Instantiating /home/travis/build/icyphy/ptII/ptolemy/actor/lib/test/auto/arrayType13.xml
1 ms. Memory: 591872K Free: 399612K (68%)
----------------- Invoking toplevel() on ptolemy.moml.MoMLSimpleApplication@7eee3fd5
----------------- Done invoking toplevel() on ptolemy.moml.MoMLSimpleApplication@7eee3fd5
reloadAllAccessors: .arrayType13

===========================================================================================
----------------- testing Mon Mar 23 13:37:39 UTC 2020 /home/travis/build/icyphy/ptII/ptolemy/actor/lib/test/auto/arrayType14.xml
----------------- Instantiating /home/travis/build/icyphy/ptII/ptolemy/actor/lib/test/auto/arrayType14.xml
1 ms. Memory: 591872K Free: 393982K (67%)
----------------- Invoking toplevel() on ptolemy.moml.MoMLSimpleApplication@468cb880
----------------- Done invoking toplevel() on ptolemy.moml.MoMLSimpleApplication@468cb880
reloadAllAccessors: .arrayType14

===========================================================================================
----------------- testing Mon Mar 23 13:37:39 UTC 2020 /home/travis/build/icyphy/ptII/ptolemy/actor/lib/test/auto/arrayType15.xml
----------------- Instantiating /home/travis/build/icyphy/ptII/ptolemy/actor/lib/test/auto/arrayType15.xml
2 ms. Memory: 591872K Free: 388862K (66%)
----------------- Invoking toplevel() on ptolemy.moml.MoMLSimpleApplication@4a313f40
----------------- Done invoking toplevel() on ptolemy.moml.MoMLSimpleApplication@4a313f40
reloadAllAccessors: .arrayType15

===========================================================================================
----------------- testing Mon Mar 23 13:37:39 UTC 2020 /home/travis/build/icyphy/ptII/ptolemy/actor/lib/test/auto/arrayType16.xml
----------------- Instantiating /home/travis/build/icyphy/ptII/ptolemy/actor/lib/test/auto/arrayType16.xml
2 ms. Memory: 591872K Free: 383742K (65%)
----------------- Invoking toplevel() on ptolemy.moml.MoMLSimpleApplication@57d1b6dd
----------------- Done invoking toplevel() on ptolemy.moml.MoMLSimpleApplication@57d1b6dd
reloadAllAccessors: .arrayType16

===========================================================================================
----------------- testing Mon Mar 23 13:37:39 UTC 2020 /home/travis/build/icyphy/ptII/ptolemy/actor/lib/test/auto/arrayType17.xml
----------------- Instantiating /home/travis/build/icyphy/ptII/ptolemy/actor/lib/test/auto/arrayType17.xml
2 ms. Memory: 591872K Free: 378622K (64%)
----------------- Invoking toplevel() on ptolemy.moml.MoMLSimpleApplication@581b1c49
----------------- Done invoking toplevel() on ptolemy.moml.MoMLSimpleApplication@581b1c49
reloadAllAccessors: .arrayType17

===========================================================================================
----------------- testing Mon Mar 23 13:37:39 UTC 2020 /home/travis/build/icyphy/ptII/ptolemy/actor/lib/test/auto/arrayType18.xml
----------------- Instantiating /home/travis/build/icyphy/ptII/ptolemy/actor/lib/test/auto/arrayType18.xml
1 ms. Memory: 591872K Free: 374012K (63%)
----------------- Invoking toplevel() on ptolemy.moml.MoMLSimpleApplication@54d8a6a0
----------------- Done invoking toplevel() on ptolemy.moml.MoMLSimpleApplication@54d8a6a0
reloadAllAccessors: .arrayType18

===========================================================================================
----------------- testing Mon Mar 23 13:37:39 UTC 2020 /home/travis/build/icyphy/ptII/ptolemy/actor/lib/test/auto/arrayType19.xml
----------------- Instantiating /home/travis/build/icyphy/ptII/ptolemy/actor/lib/test/auto/arrayType19.xml
2 ms. Memory: 591872K Free: 368892K (62%)
----------------- Invoking toplevel() on ptolemy.moml.MoMLSimpleApplication@3e4104e5
----------------- Done invoking toplevel() on ptolemy.moml.MoMLSimpleApplication@3e4104e5
reloadAllAccessors: .arrayType19

===========================================================================================
----------------- testing Mon Mar 23 13:37:39 UTC 2020 /home/travis/build/icyphy/ptII/ptolemy/actor/lib/test/auto/arrayType2.xml
----------------- Instantiating /home/travis/build/icyphy/ptII/ptolemy/actor/lib/test/auto/arrayType2.xml
1 ms. Memory: 591872K Free: 363772K (61%)
----------------- Invoking toplevel() on ptolemy.moml.MoMLSimpleApplication@1a39d1db
----------------- Done invoking toplevel() on ptolemy.moml.MoMLSimpleApplication@1a39d1db
reloadAllAccessors: .arrayType2

===========================================================================================
----------------- testing Mon Mar 23 13:37:39 UTC 2020 /home/travis/build/icyphy/ptII/ptolemy/actor/lib/test/auto/arrayType20.xml
----------------- Instantiating /home/travis/build/icyphy/ptII/ptolemy/actor/lib/test/auto/arrayType20.xml
1 ms. Memory: 591872K Free: 359166K (61%)
----------------- Invoking toplevel() on ptolemy.moml.MoMLSimpleApplication@4709325f
----------------- Done invoking toplevel() on ptolemy.moml.MoMLSimpleApplication@4709325f
reloadAllAccessors: .arrayType20

===========================================================================================
----------------- testing Mon Mar 23 13:37:39 UTC 2020 /home/travis/build/icyphy/ptII/ptolemy/actor/lib/test/auto/arrayType21.xml
----------------- Instantiating /home/travis/build/icyphy/ptII/ptolemy/actor/lib/test/auto/arrayType21.xml
2 ms. Memory: 591872K Free: 354556K (60%)
----------------- Invoking toplevel() on ptolemy.moml.MoMLSimpleApplication@5b3f2f14
----------------- Done invoking toplevel() on ptolemy.moml.MoMLSimpleApplication@5b3f2f14
reloadAllAccessors: .arrayType21

===========================================================================================
----------------- testing Mon Mar 23 13:37:39 UTC 2020 /home/travis/build/icyphy/ptII/ptolemy/actor/lib/test/auto/arrayType22.xml
----------------- Instantiating /home/travis/build/icyphy/ptII/ptolemy/actor/lib/test/auto/arrayType22.xml
1 ms. Memory: 591872K Free: 349436K (59%)
----------------- Invoking toplevel() on ptolemy.moml.MoMLSimpleApplication@2261e
----------------- Done invoking toplevel() on ptolemy.moml.MoMLSimpleApplication@2261e
reloadAllAccessors: .arrayType22

===========================================================================================
----------------- testing Mon Mar 23 13:37:39 UTC 2020 /home/travis/build/icyphy/ptII/ptolemy/actor/lib/test/auto/arrayType23.xml
----------------- Instantiating /home/travis/build/icyphy/ptII/ptolemy/actor/lib/test/auto/arrayType23.xml
2 ms. Memory: 591872K Free: 344830K (58%)
----------------- Invoking toplevel() on ptolemy.moml.MoMLSimpleApplication@22b38875
----------------- Done invoking toplevel() on ptolemy.moml.MoMLSimpleApplication@22b38875
reloadAllAccessors: .arrayType23

===========================================================================================
----------------- testing Mon Mar 23 13:37:39 UTC 2020 /home/travis/build/icyphy/ptII/ptolemy/actor/lib/test/auto/arrayType24.xml
----------------- Instantiating /home/travis/build/icyphy/ptII/ptolemy/actor/lib/test/auto/arrayType24.xml
1 ms. Memory: 591872K Free: 340220K (57%)
----------------- Invoking toplevel() on ptolemy.moml.MoMLSimpleApplication@5505dedf
----------------- Done invoking toplevel() on ptolemy.moml.MoMLSimpleApplication@5505dedf
reloadAllAccessors: .arrayType24

===========================================================================================
----------------- testing Mon Mar 23 13:37:39 UTC 2020 /home/travis/build/icyphy/ptII/ptolemy/actor/lib/test/auto/arrayType25.xml
----------------- Instantiating /home/travis/build/icyphy/ptII/ptolemy/actor/lib/test/auto/arrayType25.xml
1 ms. Memory: 591872K Free: 335100K (57%)
----------------- Invoking toplevel() on ptolemy.moml.MoMLSimpleApplication@4b46bc41
----------------- Done invoking toplevel() on ptolemy.moml.MoMLSimpleApplication@4b46bc41
reloadAllAccessors: .arrayType25

===========================================================================================
----------------- testing Mon Mar 23 13:37:39 UTC 2020 /home/travis/build/icyphy/ptII/ptolemy/actor/lib/test/auto/arrayType26.xml
----------------- Instantiating /home/travis/build/icyphy/ptII/ptolemy/actor/lib/test/auto/arrayType26.xml
2 ms. Memory: 591872K Free: 329470K (56%)
----------------- Invoking toplevel() on ptolemy.moml.MoMLSimpleApplication@65ef322e
----------------- Done invoking toplevel() on ptolemy.moml.MoMLSimpleApplication@65ef322e
reloadAllAccessors: .arrayType26

===========================================================================================
----------------- testing Mon Mar 23 13:37:40 UTC 2020 /home/travis/build/icyphy/ptII/ptolemy/actor/lib/test/auto/arrayType27.xml
----------------- Instantiating /home/travis/build/icyphy/ptII/ptolemy/actor/lib/test/auto/arrayType27.xml
1 ms. Memory: 591872K Free: 324350K (55%)
----------------- Invoking toplevel() on ptolemy.moml.MoMLSimpleApplication@37e8e70a
----------------- Done invoking toplevel() on ptolemy.moml.MoMLSimpleApplication@37e8e70a
reloadAllAccessors: .arrayType27

===========================================================================================
----------------- testing Mon Mar 23 13:37:40 UTC 2020 /home/travis/build/icyphy/ptII/ptolemy/actor/lib/test/auto/arrayType28.xml
----------------- Instantiating /home/travis/build/icyphy/ptII/ptolemy/actor/lib/test/auto/arrayType28.xml
2 ms. Memory: 591872K Free: 319230K (54%)
----------------- Invoking toplevel() on ptolemy.moml.MoMLSimpleApplication@46de0a37
----------------- Done invoking toplevel() on ptolemy.moml.MoMLSimpleApplication@46de0a37
reloadAllAccessors: .arrayType28

===========================================================================================
----------------- testing Mon Mar 23 13:37:40 UTC 2020 /home/travis/build/icyphy/ptII/ptolemy/actor/lib/test/auto/arrayType3.xml
----------------- Instantiating /home/travis/build/icyphy/ptII/ptolemy/actor/lib/test/auto/arrayType3.xml
1 ms. Memory: 591872K Free: 313596K (53%)
----------------- Invoking toplevel() on ptolemy.moml.MoMLSimpleApplication@98f7878
----------------- Done invoking toplevel() on ptolemy.moml.MoMLSimpleApplication@98f7878
reloadAllAccessors: .arrayType3

===========================================================================================
----------------- testing Mon Mar 23 13:37:40 UTC 2020 /home/travis/build/icyphy/ptII/ptolemy/actor/lib/test/auto/arrayType4.xml
----------------- Instantiating /home/travis/build/icyphy/ptII/ptolemy/actor/lib/test/auto/arrayType4.xml
2 ms. Memory: 591872K Free: 308476K (52%)
----------------- Invoking toplevel() on ptolemy.moml.MoMLSimpleApplication@6d53da63
----------------- Done invoking toplevel() on ptolemy.moml.MoMLSimpleApplication@6d53da63
reloadAllAccessors: .arrayType4

===========================================================================================
----------------- testing Mon Mar 23 13:37:40 UTC 2020 /home/travis/build/icyphy/ptII/ptolemy/actor/lib/test/auto/arrayType5.xml
----------------- Instantiating /home/travis/build/icyphy/ptII/ptolemy/actor/lib/test/auto/arrayType5.xml
1 ms. Memory: 591872K Free: 303356K (51%)
----------------- Invoking toplevel() on ptolemy.moml.MoMLSimpleApplication@11e63501
----------------- Done invoking toplevel() on ptolemy.moml.MoMLSimpleApplication@11e63501
reloadAllAccessors: .arrayType5

===========================================================================================
----------------- testing Mon Mar 23 13:37:40 UTC 2020 /home/travis/build/icyphy/ptII/ptolemy/actor/lib/test/auto/arrayType6.xml
----------------- Instantiating /home/travis/build/icyphy/ptII/ptolemy/actor/lib/test/auto/arrayType6.xml
1 ms. Memory: 591872K Free: 298750K (50%)
----------------- Invoking toplevel() on ptolemy.moml.MoMLSimpleApplication@616f54c7
----------------- Done invoking toplevel() on ptolemy.moml.MoMLSimpleApplication@616f54c7
reloadAllAccessors: .arrayType6

===========================================================================================
----------------- testing Mon Mar 23 13:37:40 UTC 2020 /home/travis/build/icyphy/ptII/ptolemy/actor/lib/test/auto/arrayType7.xml
----------------- Instantiating /home/travis/build/icyphy/ptII/ptolemy/actor/lib/test/auto/arrayType7.xml
6 ms. Memory: 591872K Free: 293630K (50%)
----------------- Invoking toplevel() on ptolemy.moml.MoMLSimpleApplication@315d9bcc
----------------- Done invoking toplevel() on ptolemy.moml.MoMLSimpleApplication@315d9bcc
reloadAllAccessors: .arrayType7

===========================================================================================
----------------- testing Mon Mar 23 13:37:40 UTC 2020 /home/travis/build/icyphy/ptII/ptolemy/actor/lib/test/auto/arrayType8.xml
----------------- Instantiating /home/travis/build/icyphy/ptII/ptolemy/actor/lib/test/auto/arrayType8.xml
1 ms. Memory: 591872K Free: 289020K (49%)
----------------- Invoking toplevel() on ptolemy.moml.MoMLSimpleApplication@3dd52a41
----------------- Done invoking toplevel() on ptolemy.moml.MoMLSimpleApplication@3dd52a41
reloadAllAccessors: .arrayType8

===========================================================================================
----------------- testing Mon Mar 23 13:37:40 UTC 2020 /home/travis/build/icyphy/ptII/ptolemy/actor/lib/test/auto/arrayType9.xml
----------------- Instantiating /home/travis/build/icyphy/ptII/ptolemy/actor/lib/test/auto/arrayType9.xml
1 ms. Memory: 591872K Free: 284414K (48%)
----------------- Invoking toplevel() on ptolemy.moml.MoMLSimpleApplication@6c27c45d
----------------- Done invoking toplevel() on ptolemy.moml.MoMLSimpleApplication@6c27c45d
reloadAllAccessors: .arrayType9

===========================================================================================
----------------- testing Mon Mar 23 13:37:40 UTC 2020 /home/travis/build/icyphy/ptII/ptolemy/actor/lib/test/auto/cast.xml
----------------- Instantiating /home/travis/build/icyphy/ptII/ptolemy/actor/lib/test/auto/cast.xml
2 ms. Memory: 591872K Free: 279804K (47%)
----------------- Invoking toplevel() on ptolemy.moml.MoMLSimpleApplication@3c13bc06
----------------- Done invoking toplevel() on ptolemy.moml.MoMLSimpleApplication@3c13bc06
reloadAllAccessors: .cast

===========================================================================================
----------------- testing Mon Mar 23 13:37:40 UTC 2020 /home/travis/build/icyphy/ptII/ptolemy/actor/lib/test/auto/compositeMultiPort.xml
----------------- Instantiating /home/travis/build/icyphy/ptII/ptolemy/actor/lib/test/auto/compositeMultiPort.xml
3 ms. Memory: 591872K Free: 270574K (46%)
----------------- Invoking toplevel() on ptolemy.moml.MoMLSimpleApplication@6b380e1f
----------------- Done invoking toplevel() on ptolemy.moml.MoMLSimpleApplication@6b380e1f
reloadAllAccessors: .compositeMultiPort

===========================================================================================
----------------- testing Mon Mar 23 13:37:40 UTC 2020 /home/travis/build/icyphy/ptII/ptolemy/actor/lib/test/auto/expressionCastInference.xml
----------------- Instantiating /home/travis/build/icyphy/ptII/ptolemy/actor/lib/test/auto/expressionCastInference.xml
2 ms. Memory: 591872K Free: 265982K (45%)
----------------- Invoking toplevel() on ptolemy.moml.MoMLSimpleApplication@276edba4
----------------- Done invoking toplevel() on ptolemy.moml.MoMLSimpleApplication@276edba4
reloadAllAccessors: .expressionCastInference

===========================================================================================
----------------- testing Mon Mar 23 13:37:40 UTC 2020 /home/travis/build/icyphy/ptII/ptolemy/actor/lib/test/auto/expressionCastInference2.xml
----------------- Instantiating /home/travis/build/icyphy/ptII/ptolemy/actor/lib/test/auto/expressionCastInference2.xml
2 ms. Memory: 591872K Free: 261372K (44%)
----------------- Invoking toplevel() on ptolemy.moml.MoMLSimpleApplication@5b422048
----------------- Done invoking toplevel() on ptolemy.moml.MoMLSimpleApplication@5b422048
reloadAllAccessors: .expressionCastInference2

===========================================================================================
----------------- testing Mon Mar 23 13:37:40 UTC 2020 /home/travis/build/icyphy/ptII/ptolemy/actor/lib/test/auto/expressionInference.xml
----------------- Instantiating /home/travis/build/icyphy/ptII/ptolemy/actor/lib/test/auto/expressionInference.xml
1 ms. Memory: 591872K Free: 256766K (43%)
----------------- Invoking toplevel() on ptolemy.moml.MoMLSimpleApplication@47aa9d02
----------------- Done invoking toplevel() on ptolemy.moml.MoMLSimpleApplication@47aa9d02
reloadAllAccessors: .expressionInference

===========================================================================================
----------------- testing Mon Mar 23 13:37:40 UTC 2020 /home/travis/build/icyphy/ptII/ptolemy/actor/lib/test/auto/expression_bug.xml
----------------- Instantiating /home/travis/build/icyphy/ptII/ptolemy/actor/lib/test/auto/expression_bug.xml
1 ms. Memory: 591872K Free: 252670K (43%)
----------------- Invoking toplevel() on ptolemy.moml.MoMLSimpleApplication@6cefd34
----------------- Done invoking toplevel() on ptolemy.moml.MoMLSimpleApplication@6cefd34
reloadAllAccessors: .expression_bug

===========================================================================================
----------------- testing Mon Mar 23 13:37:40 UTC 2020 /home/travis/build/icyphy/ptII/ptolemy/actor/lib/test/auto/factorial.xml
----------------- Instantiating /home/travis/build/icyphy/ptII/ptolemy/actor/lib/test/auto/factorial.xml
38 ms. Memory: 591872K Free: 244478K (41%)
----------------- Invoking toplevel() on ptolemy.moml.MoMLSimpleApplication@f565985
----------------- Done invoking toplevel() on ptolemy.moml.MoMLSimpleApplication@f565985
reloadAllAccessors: .factorial

===========================================================================================
----------------- testing Mon Mar 23 13:37:40 UTC 2020 /home/travis/build/icyphy/ptII/ptolemy/actor/lib/test/auto/filterTest1.xml
----------------- Instantiating /home/travis/build/icyphy/ptII/ptolemy/actor/lib/test/auto/filterTest1.xml
3 ms. Memory: 591872K Free: 238334K (40%)
----------------- Invoking toplevel() on ptolemy.moml.MoMLSimpleApplication@16e0d507
----------------- Done invoking toplevel() on ptolemy.moml.MoMLSimpleApplication@16e0d507
reloadAllAccessors: .filterTest1

===========================================================================================
----------------- testing Mon Mar 23 13:37:40 UTC 2020 /home/travis/build/icyphy/ptII/ptolemy/actor/lib/test/auto/funcApplyInConst.xml
----------------- Instantiating /home/travis/build/icyphy/ptII/ptolemy/actor/lib/test/auto/funcApplyInConst.xml
1 ms. Memory: 591872K Free: 234748K (40%)
----------------- Invoking toplevel() on ptolemy.moml.MoMLSimpleApplication@38e5c20b
----------------- Done invoking toplevel() on ptolemy.moml.MoMLSimpleApplication@38e5c20b
reloadAllAccessors: .funcApplyInConst

===========================================================================================
----------------- testing Mon Mar 23 13:37:40 UTC 2020 /home/travis/build/icyphy/ptII/ptolemy/actor/lib/test/auto/funcApplyInExpr.xml
----------------- Instantiating /home/travis/build/icyphy/ptII/ptolemy/actor/lib/test/auto/funcApplyInExpr.xml
2 ms. Memory: 591872K Free: 231166K (39%)
----------------- Invoking toplevel() on ptolemy.moml.MoMLSimpleApplication@2e691baa
----------------- Done invoking toplevel() on ptolemy.moml.MoMLSimpleApplication@2e691baa
reloadAllAccessors: .funcApplyInExpr

===========================================================================================
----------------- testing Mon Mar 23 13:37:40 UTC 2020 /home/travis/build/icyphy/ptII/ptolemy/actor/lib/test/auto/function.xml
----------------- Instantiating /home/travis/build/icyphy/ptII/ptolemy/actor/lib/test/auto/function.xml
2 ms. Memory: 591872K Free: 226046K (38%)
----------------- Invoking toplevel() on ptolemy.moml.MoMLSimpleApplication@7a3689fa
----------------- Done invoking toplevel() on ptolemy.moml.MoMLSimpleApplication@7a3689fa
reloadAllAccessors: .function

===========================================================================================
----------------- testing Mon Mar 23 13:37:40 UTC 2020 /home/travis/build/icyphy/ptII/ptolemy/actor/lib/test/auto/function2.xml
----------------- Instantiating /home/travis/build/icyphy/ptII/ptolemy/actor/lib/test/auto/function2.xml
2 ms. Memory: 591872K Free: 221436K (37%)
----------------- Invoking toplevel() on ptolemy.moml.MoMLSimpleApplication@3eb8e4f7
----------------- Done invoking toplevel() on ptolemy.moml.MoMLSimpleApplication@3eb8e4f7
reloadAllAccessors: .function2

===========================================================================================
----------------- testing Mon Mar 23 13:37:40 UTC 2020 /home/travis/build/icyphy/ptII/ptolemy/actor/lib/test/auto/function3.xml
----------------- Instantiating /home/travis/build/icyphy/ptII/ptolemy/actor/lib/test/auto/function3.xml
2 ms. Memory: 591872K Free: 217854K (37%)
----------------- Invoking toplevel() on ptolemy.moml.MoMLSimpleApplication@4518aa18
----------------- Done invoking toplevel() on ptolemy.moml.MoMLSimpleApplication@4518aa18
reloadAllAccessors: .function3

===========================================================================================
----------------- testing Mon Mar 23 13:37:40 UTC 2020 /home/travis/build/icyphy/ptII/ptolemy/actor/lib/test/auto/functionClosureTest1.xml
----------------- Instantiating /home/travis/build/icyphy/ptII/ptolemy/actor/lib/test/auto/functionClosureTest1.xml
1 ms. Memory: 591872K Free: 212214K (36%)
----------------- Invoking toplevel() on ptolemy.moml.MoMLSimpleApplication@3ab4200f
----------------- Done invoking toplevel() on ptolemy.moml.MoMLSimpleApplication@3ab4200f
reloadAllAccessors: .functionClosureTest1

===========================================================================================
----------------- testing Mon Mar 23 13:37:40 UTC 2020 /home/travis/build/icyphy/ptII/ptolemy/actor/lib/test/auto/functionClosureTest2.xml
----------------- Instantiating /home/travis/build/icyphy/ptII/ptolemy/actor/lib/test/auto/functionClosureTest2.xml
1 ms. Memory: 591872K Free: 208124K (35%)
----------------- Invoking toplevel() on ptolemy.moml.MoMLSimpleApplication@69437bf9
----------------- Done invoking toplevel() on ptolemy.moml.MoMLSimpleApplication@69437bf9
reloadAllAccessors: .functionClosureTest2

===========================================================================================
----------------- testing Mon Mar 23 13:37:40 UTC 2020 /home/travis/build/icyphy/ptII/ptolemy/actor/lib/test/auto/functionClosureTest3.xml
----------------- Instantiating /home/travis/build/icyphy/ptII/ptolemy/actor/lib/test/auto/functionClosureTest3.xml
2 ms. Memory: 591872K Free: 202974K (34%)
----------------- Invoking toplevel() on ptolemy.moml.MoMLSimpleApplication@573e8aa
----------------- Done invoking toplevel() on ptolemy.moml.MoMLSimpleApplication@573e8aa
reloadAllAccessors: .functionClosureTest3

===========================================================================================
----------------- testing Mon Mar 23 13:37:40 UTC 2020 /home/travis/build/icyphy/ptII/ptolemy/actor/lib/test/auto/functionClosureTest4.xml
----------------- Instantiating /home/travis/build/icyphy/ptII/ptolemy/actor/lib/test/auto/functionClosureTest4.xml
4 ms. Memory: 591872K Free: 196350K (33%)
----------------- Invoking toplevel() on ptolemy.moml.MoMLSimpleApplication@18864102
----------------- Done invoking toplevel() on ptolemy.moml.MoMLSimpleApplication@18864102
reloadAllAccessors: .functionClosureTest4

===========================================================================================
----------------- testing Mon Mar 23 13:37:40 UTC 2020 /home/travis/build/icyphy/ptII/ptolemy/actor/lib/test/auto/functionClosureTest5.xml
----------------- Instantiating /home/travis/build/icyphy/ptII/ptolemy/actor/lib/test/auto/functionClosureTest5.xml
41 ms. Memory: 591872K Free: 537813K (91%)
----------------- Invoking toplevel() on ptolemy.moml.MoMLSimpleApplication@41245a7d
----------------- Done invoking toplevel() on ptolemy.moml.MoMLSimpleApplication@41245a7d
reloadAllAccessors: .functionClosureTest5

===========================================================================================
----------------- testing Mon Mar 23 13:37:40 UTC 2020 /home/travis/build/icyphy/ptII/ptolemy/actor/lib/test/auto/functionClosureTest6.xml
----------------- Instantiating /home/travis/build/icyphy/ptII/ptolemy/actor/lib/test/auto/functionClosureTest6.xml
2 ms. Memory: 591872K Free: 532693K (90%)
----------------- Invoking toplevel() on ptolemy.moml.MoMLSimpleApplication@763ab560
----------------- Done invoking toplevel() on ptolemy.moml.MoMLSimpleApplication@763ab560
reloadAllAccessors: .functionClosureTest6

===========================================================================================
----------------- testing Mon Mar 23 13:37:40 UTC 2020 /home/travis/build/icyphy/ptII/ptolemy/actor/lib/test/auto/functionsOnArcs.xml
----------------- Instantiating /home/travis/build/icyphy/ptII/ptolemy/actor/lib/test/auto/functionsOnArcs.xml
5 ms. Memory: 591872K Free: 527059K (89%)
----------------- Invoking toplevel() on ptolemy.moml.MoMLSimpleApplication@304b9116
----------------- Done invoking toplevel() on ptolemy.moml.MoMLSimpleApplication@304b9116
reloadAllAccessors: .functionsOnArcs

===========================================================================================
----------------- testing Mon Mar 23 13:37:40 UTC 2020 /home/travis/build/icyphy/ptII/ptolemy/actor/lib/test/auto/functionsOnArcsHOF.xml
----------------- Instantiating /home/travis/build/icyphy/ptII/ptolemy/actor/lib/test/auto/functionsOnArcsHOF.xml
4 ms. Memory: 591872K Free: 521429K (88%)
----------------- Invoking toplevel() on ptolemy.moml.MoMLSimpleApplication@3e06d46e
----------------- Done invoking toplevel() on ptolemy.moml.MoMLSimpleApplication@3e06d46e
reloadAllAccessors: .functionsOnArcsHOF

===========================================================================================
----------------- testing Mon Mar 23 13:37:40 UTC 2020 /home/travis/build/icyphy/ptII/ptolemy/actor/lib/test/auto/logic.xml
----------------- Instantiating /home/travis/build/icyphy/ptII/ptolemy/actor/lib/test/auto/logic.xml
2 ms. Memory: 591872K Free: 514261K (87%)
----------------- Invoking toplevel() on ptolemy.moml.MoMLSimpleApplication@20b91427
----------------- Done invoking toplevel() on ptolemy.moml.MoMLSimpleApplication@20b91427
reloadAllAccessors: .logic

===========================================================================================
----------------- testing Mon Mar 23 13:37:40 UTC 2020 /home/travis/build/icyphy/ptII/ptolemy/actor/lib/test/auto/matrixType.xml
----------------- Instantiating /home/travis/build/icyphy/ptII/ptolemy/actor/lib/test/auto/matrixType.xml
2 ms. Memory: 591872K Free: 509139K (86%)
----------------- Invoking toplevel() on ptolemy.moml.MoMLSimpleApplication@49e9901e
----------------- Done invoking toplevel() on ptolemy.moml.MoMLSimpleApplication@49e9901e
reloadAllAccessors: .matrixType

===========================================================================================
----------------- testing Mon Mar 23 13:37:40 UTC 2020 /home/travis/build/icyphy/ptII/ptolemy/actor/lib/test/auto/matrixType10.xml
----------------- Instantiating /home/travis/build/icyphy/ptII/ptolemy/actor/lib/test/auto/matrixType10.xml
10 ms. Memory: 591872K Free: 504531K (85%)
----------------- Invoking toplevel() on ptolemy.moml.MoMLSimpleApplication@7c84387b
----------------- Done invoking toplevel() on ptolemy.moml.MoMLSimpleApplication@7c84387b
reloadAllAccessors: .matrixType10

===========================================================================================
----------------- testing Mon Mar 23 13:37:40 UTC 2020 /home/travis/build/icyphy/ptII/ptolemy/actor/lib/test/auto/matrixType11.xml
----------------- Instantiating /home/travis/build/icyphy/ptII/ptolemy/actor/lib/test/auto/matrixType11.xml
1 ms. Memory: 591872K Free: 499925K (84%)
----------------- Invoking toplevel() on ptolemy.moml.MoMLSimpleApplication@604f80f8
----------------- Done invoking toplevel() on ptolemy.moml.MoMLSimpleApplication@604f80f8
reloadAllAccessors: .matrixType11

===========================================================================================
----------------- testing Mon Mar 23 13:37:40 UTC 2020 /home/travis/build/icyphy/ptII/ptolemy/actor/lib/test/auto/matrixType12.xml
----------------- Instantiating /home/travis/build/icyphy/ptII/ptolemy/actor/lib/test/auto/matrixType12.xml
1 ms. Memory: 591872K Free: 494805K (84%)
----------------- Invoking toplevel() on ptolemy.moml.MoMLSimpleApplication@7f3c023d
----------------- Done invoking toplevel() on ptolemy.moml.MoMLSimpleApplication@7f3c023d
reloadAllAccessors: .matrixType12

===========================================================================================
----------------- testing Mon Mar 23 13:37:40 UTC 2020 /home/travis/build/icyphy/ptII/ptolemy/actor/lib/test/auto/matrixType13.xml
----------------- Instantiating /home/travis/build/icyphy/ptII/ptolemy/actor/lib/test/auto/matrixType13.xml
1 ms. Memory: 591872K Free: 490195K (83%)
----------------- Invoking toplevel() on ptolemy.moml.MoMLSimpleApplication@13021c0
----------------- Done invoking toplevel() on ptolemy.moml.MoMLSimpleApplication@13021c0
reloadAllAccessors: .matrixType13

===========================================================================================
----------------- testing Mon Mar 23 13:37:40 UTC 2020 /home/travis/build/icyphy/ptII/ptolemy/actor/lib/test/auto/matrixType14.xml
----------------- Instantiating /home/travis/build/icyphy/ptII/ptolemy/actor/lib/test/auto/matrixType14.xml
1 ms. Memory: 591872K Free: 485075K (82%)
----------------- Invoking toplevel() on ptolemy.moml.MoMLSimpleApplication@53c52fde
----------------- Done invoking toplevel() on ptolemy.moml.MoMLSimpleApplication@53c52fde
reloadAllAccessors: .matrixType14

===========================================================================================
----------------- testing Mon Mar 23 13:37:40 UTC 2020 /home/travis/build/icyphy/ptII/ptolemy/actor/lib/test/auto/matrixType2.xml
----------------- Instantiating /home/travis/build/icyphy/ptII/ptolemy/actor/lib/test/auto/matrixType2.xml
1 ms. Memory: 591872K Free: 480467K (81%)
----------------- Invoking toplevel() on ptolemy.moml.MoMLSimpleApplication@b41b180
----------------- Done invoking toplevel() on ptolemy.moml.MoMLSimpleApplication@b41b180
reloadAllAccessors: .matrixType2

===========================================================================================
----------------- testing Mon Mar 23 13:37:40 UTC 2020 /home/travis/build/icyphy/ptII/ptolemy/actor/lib/test/auto/matrixType3.xml
----------------- Instantiating /home/travis/build/icyphy/ptII/ptolemy/actor/lib/test/auto/matrixType3.xml
4 ms. Memory: 591872K Free: 475859K (80%)
----------------- Invoking toplevel() on ptolemy.moml.MoMLSimpleApplication@774b7f66
----------------- Done invoking toplevel() on ptolemy.moml.MoMLSimpleApplication@774b7f66
reloadAllAccessors: .matrixType3

===========================================================================================
----------------- testing Mon Mar 23 13:37:40 UTC 2020 /home/travis/build/icyphy/ptII/ptolemy/actor/lib/test/auto/matrixType4.xml
----------------- Instantiating /home/travis/build/icyphy/ptII/ptolemy/actor/lib/test/auto/matrixType4.xml
2 ms. Memory: 591872K Free: 470739K (80%)
----------------- Invoking toplevel() on ptolemy.moml.MoMLSimpleApplication@12d7d88b
----------------- Done invoking toplevel() on ptolemy.moml.MoMLSimpleApplication@12d7d88b
reloadAllAccessors: .matrixType4

===========================================================================================
----------------- testing Mon Mar 23 13:37:40 UTC 2020 /home/travis/build/icyphy/ptII/ptolemy/actor/lib/test/auto/matrixType5.xml
----------------- Instantiating /home/travis/build/icyphy/ptII/ptolemy/actor/lib/test/auto/matrixType5.xml
1 ms. Memory: 591872K Free: 466133K (79%)
----------------- Invoking toplevel() on ptolemy.moml.MoMLSimpleApplication@71c1471a
----------------- Done invoking toplevel() on ptolemy.moml.MoMLSimpleApplication@71c1471a
reloadAllAccessors: .matrixType5

===========================================================================================
----------------- testing Mon Mar 23 13:37:40 UTC 2020 /home/travis/build/icyphy/ptII/ptolemy/actor/lib/test/auto/matrixType6.xml
----------------- Instantiating /home/travis/build/icyphy/ptII/ptolemy/actor/lib/test/auto/matrixType6.xml
1 ms. Memory: 591872K Free: 461523K (78%)
----------------- Invoking toplevel() on ptolemy.moml.MoMLSimpleApplication@25afda99
----------------- Done invoking toplevel() on ptolemy.moml.MoMLSimpleApplication@25afda99
reloadAllAccessors: .matrixType6

===========================================================================================
----------------- testing Mon Mar 23 13:37:40 UTC 2020 /home/travis/build/icyphy/ptII/ptolemy/actor/lib/test/auto/matrixType7.xml
----------------- Instantiating /home/travis/build/icyphy/ptII/ptolemy/actor/lib/test/auto/matrixType7.xml
2 ms. Memory: 591872K Free: 456403K (77%)
----------------- Invoking toplevel() on ptolemy.moml.MoMLSimpleApplication@9503ca0
----------------- Done invoking toplevel() on ptolemy.moml.MoMLSimpleApplication@9503ca0
reloadAllAccessors: .matrixType7

===========================================================================================
----------------- testing Mon Mar 23 13:37:40 UTC 2020 /home/travis/build/icyphy/ptII/ptolemy/actor/lib/test/auto/matrixType8.xml
----------------- Instantiating /home/travis/build/icyphy/ptII/ptolemy/actor/lib/test/auto/matrixType8.xml
1 ms. Memory: 591872K Free: 451795K (76%)
----------------- Invoking toplevel() on ptolemy.moml.MoMLSimpleApplication@1c99bf7a
----------------- Done invoking toplevel() on ptolemy.moml.MoMLSimpleApplication@1c99bf7a
reloadAllAccessors: .matrixType8

===========================================================================================
----------------- testing Mon Mar 23 13:37:40 UTC 2020 /home/travis/build/icyphy/ptII/ptolemy/actor/lib/test/auto/matrixType9.xml
----------------- Instantiating /home/travis/build/icyphy/ptII/ptolemy/actor/lib/test/auto/matrixType9.xml
2 ms. Memory: 591872K Free: 446677K (75%)
----------------- Invoking toplevel() on ptolemy.moml.MoMLSimpleApplication@517a7bf3
----------------- Done invoking toplevel() on ptolemy.moml.MoMLSimpleApplication@517a7bf3
reloadAllAccessors: .matrixType9

===========================================================================================
----------------- testing Mon Mar 23 13:37:40 UTC 2020 /home/travis/build/icyphy/ptII/ptolemy/actor/lib/test/auto/paraFunctest.xml
----------------- Instantiating /home/travis/build/icyphy/ptII/ptolemy/actor/lib/test/auto/paraFunctest.xml
2 ms. Memory: 591872K Free: 443077K (75%)
----------------- Invoking toplevel() on ptolemy.moml.MoMLSimpleApplication@60ef2843
----------------- Done invoking toplevel() on ptolemy.moml.MoMLSimpleApplication@60ef2843
reloadAllAccessors: .paraFunctest

===========================================================================================
----------------- testing Mon Mar 23 13:37:40 UTC 2020 /home/travis/build/icyphy/ptII/ptolemy/actor/lib/test/auto/paraFunctest2.xml
----------------- Instantiating /home/travis/build/icyphy/ptII/ptolemy/actor/lib/test/auto/paraFunctest2.xml
2 ms. Memory: 591872K Free: 437971K (74%)
----------------- Invoking toplevel() on ptolemy.moml.MoMLSimpleApplication@4c2954c
----------------- Done invoking toplevel() on ptolemy.moml.MoMLSimpleApplication@4c2954c
reloadAllAccessors: .paraFunctest2

===========================================================================================
----------------- testing Mon Mar 23 13:37:40 UTC 2020 /home/travis/build/icyphy/ptII/ptolemy/actor/lib/test/auto/parameterPassing.xml
----------------- Instantiating /home/travis/build/icyphy/ptII/ptolemy/actor/lib/test/auto/parameterPassing.xml
1 ms. Memory: 591872K Free: 433365K (73%)
----------------- Invoking toplevel() on ptolemy.moml.MoMLSimpleApplication@3e2f6b44
----------------- Done invoking toplevel() on ptolemy.moml.MoMLSimpleApplication@3e2f6b44
reloadAllAccessors: .parameterPassing

===========================================================================================
----------------- testing Mon Mar 23 13:37:40 UTC 2020 /home/travis/build/icyphy/ptII/ptolemy/actor/lib/test/auto/record.xml
----------------- Instantiating /home/travis/build/icyphy/ptII/ptolemy/actor/lib/test/auto/record.xml
3 ms. Memory: 591872K Free: 428755K (72%)
----------------- Invoking toplevel() on ptolemy.moml.MoMLSimpleApplication@345f8f19
----------------- Done invoking toplevel() on ptolemy.moml.MoMLSimpleApplication@345f8f19
reloadAllAccessors: .record

===========================================================================================
----------------- testing Mon Mar 23 13:37:40 UTC 2020 /home/travis/build/icyphy/ptII/ptolemy/actor/lib/test/auto/sizedarray1.xml
----------------- Instantiating /home/travis/build/icyphy/ptII/ptolemy/actor/lib/test/auto/sizedarray1.xml
2 ms. Memory: 591872K Free: 423635K (72%)
----------------- Invoking toplevel() on ptolemy.moml.MoMLSimpleApplication@1a43f6a8
----------------- Done invoking toplevel() on ptolemy.moml.MoMLSimpleApplication@1a43f6a8
reloadAllAccessors: .sizedarray1

===========================================================================================
----------------- testing Mon Mar 23 13:37:40 UTC 2020 /home/travis/build/icyphy/ptII/ptolemy/actor/lib/test/auto/sizedarray2.xml
----------------- Instantiating /home/travis/build/icyphy/ptII/ptolemy/actor/lib/test/auto/sizedarray2.xml
3 ms. Memory: 591872K Free: 418005K (71%)
----------------- Invoking toplevel() on ptolemy.moml.MoMLSimpleApplication@738f40
----------------- Done invoking toplevel() on ptolemy.moml.MoMLSimpleApplication@738f40
reloadAllAccessors: .sizedarray2

===========================================================================================
----------------- testing Mon Mar 23 13:37:40 UTC 2020 /home/travis/build/icyphy/ptII/ptolemy/actor/lib/test/auto/twoPublishers.xml
----------------- Instantiating /home/travis/build/icyphy/ptII/ptolemy/actor/lib/test/auto/twoPublishers.xml
6 ms. Memory: 591872K Free: 407765K (69%)
----------------- Invoking toplevel() on ptolemy.moml.MoMLSimpleApplication@39977661
----------------- Done invoking toplevel() on ptolemy.moml.MoMLSimpleApplication@39977661
reloadAllAccessors: .twoPublishers
AutoTests.java: About to close Vertx.
AutoTests.java: Vertx closed.
]]></system-out>
  <system-err><![CDATA[java.lang.RuntimeException: Execution failed
	at ptolemy.moml.MoMLSimpleApplication$UnloadThread.run(MoMLSimpleApplication.java:402)
Caused by: java.lang.RuntimeException: StringUtilities.exit() was called. Normally, we would exit here because Manager.exitAfterWrapup() was called.  However, because the ptolemy.ptII.exitAfterWrapup property is set, we throw this exception instead.
	at ptolemy.util.StringUtilities.exit(StringUtilities.java:365)
	at ptolemy.actor.Manager.wrapup(Manager.java:1549)
	at ptolemy.actor.Manager.execute(Manager.java:407)
	at ptolemy.actor.Manager.run(Manager.java:1263)
	at ptolemy.actor.Manager$PtolemyRunThread.run(Manager.java:1933)
Warning: '.top.test' is in training mode, set the trainingMode parameter to false before checking in
Warning: '.top.test' is in training mode, set the trainingMode parameter to false before checking in
Warning: '.top.test' is in training mode, set the trainingMode parameter to false before checking in
Warning: '.BooleanSwitch_RegressionTest_WrongTrainingValues.Test' is in training mode, set the trainingMode parameter to false before checking in
Warning: '.BooleanSwitch_RegressionTest_WrongTrainingValues.Test2' is in training mode, set the trainingMode parameter to false before checking in
Warning: '.BooleanSwitch_RegressionTest_WrongTrainingValues.Test2' The test produced 0 tokens.
Warning: '.top.testExceptionHandler' is in training mode, set the trainingMode parameter to false before checking in
java.lang.RuntimeException: Execution failed
	at ptolemy.moml.MoMLSimpleApplication$UnloadThread.run(MoMLSimpleApplication.java:402)
Caused by: ptolemy.kernel.util.IllegalActionException: PublisherPorts cannot be used at the top level, use a Publisher actor instead.
  in .PublisherPortToplevelSubscriber.PublisherPort
	at ptolemy.actor.PublisherPort.preinitialize(PublisherPort.java:403)
	at ptolemy.actor.CompositeActor.preinitialize(CompositeActor.java:1769)
	at ptolemy.actor.Manager.preinitializeAndResolveTypes(Manager.java:1040)
	at ptolemy.actor.Manager.initialize(Manager.java:710)
	at ptolemy.actor.Manager.execute(Manager.java:356)
	at ptolemy.actor.Manager.run(Manager.java:1263)
	at ptolemy.actor.Manager$PtolemyRunThread.run(Manager.java:1933)
java.lang.reflect.InvocationTargetException
	at java.base/jdk.internal.reflect.NativeConstructorAccessorImpl.newInstance0(Native Method)
	at java.base/jdk.internal.reflect.NativeConstructorAccessorImpl.newInstance(NativeConstructorAccessorImpl.java:62)
	at java.base/jdk.internal.reflect.DelegatingConstructorAccessorImpl.newInstance(DelegatingConstructorAccessorImpl.java:45)
	at java.base/java.lang.reflect.Constructor.newInstance(Constructor.java:490)
	at ptolemy.util.test.junit.AutoKnownFailedTests.RunModel(AutoKnownFailedTests.java:105)
	at java.base/jdk.internal.reflect.NativeMethodAccessorImpl.invoke0(Native Method)
	at java.base/jdk.internal.reflect.NativeMethodAccessorImpl.invoke(NativeMethodAccessorImpl.java:62)
	at java.base/jdk.internal.reflect.DelegatingMethodAccessorImpl.invoke(DelegatingMethodAccessorImpl.java:43)
	at java.base/java.lang.reflect.Method.invoke(Method.java:566)
	at org.junit.runners.model.FrameworkMethod$1.runReflectiveCall(FrameworkMethod.java:44)
	at org.junit.internal.runners.model.ReflectiveCallable.run(ReflectiveCallable.java:15)
	at org.junit.runners.model.FrameworkMethod.invokeExplosively(FrameworkMethod.java:41)
	at junitparams.internal.InvokeParameterisedMethod.evaluate(InvokeParameterisedMethod.java:102)
	at org.junit.internal.runners.statements.FailOnTimeout$1.run(FailOnTimeout.java:28)
Caused by: ptolemy.kernel.util.IllegalActionException: PublisherPorts cannot be used at the top level, use a Publisher actor instead.
  in .PublisherPortToplevelSubscriber.PublisherPort
	at ptolemy.actor.PublisherPort.preinitialize(PublisherPort.java:403)
	at ptolemy.actor.CompositeActor.preinitialize(CompositeActor.java:1769)
	at ptolemy.actor.Manager.preinitializeAndResolveTypes(Manager.java:1040)
	at ptolemy.actor.Manager.initialize(Manager.java:710)
	at ptolemy.actor.Manager.execute(Manager.java:356)
	at ptolemy.actor.Manager.run(Manager.java:1263)
	at ptolemy.actor.Manager$PtolemyRunThread.run(Manager.java:1933)
java.lang.RuntimeException: Execution failed
	at ptolemy.moml.MoMLSimpleApplication$UnloadThread.run(MoMLSimpleApplication.java:402)
Caused by: ptolemy.kernel.util.IllegalActionException: SubscriberPorts cannot be used at the top level, use a Subscriber actor instead.
  in .PublisherSubscriberPortToplevel.SubscriberPort
	at ptolemy.actor.SubscriberPort.preinitialize(SubscriberPort.java:328)
	at ptolemy.actor.CompositeActor.preinitialize(CompositeActor.java:1769)
	at ptolemy.actor.Manager.preinitializeAndResolveTypes(Manager.java:1040)
	at ptolemy.actor.Manager.initialize(Manager.java:710)
	at ptolemy.actor.Manager.execute(Manager.java:356)
	at ptolemy.actor.Manager.run(Manager.java:1263)
	at ptolemy.actor.Manager$PtolemyRunThread.run(Manager.java:1933)
java.lang.reflect.InvocationTargetException
	at java.base/jdk.internal.reflect.NativeConstructorAccessorImpl.newInstance0(Native Method)
	at java.base/jdk.internal.reflect.NativeConstructorAccessorImpl.newInstance(NativeConstructorAccessorImpl.java:62)
	at java.base/jdk.internal.reflect.DelegatingConstructorAccessorImpl.newInstance(DelegatingConstructorAccessorImpl.java:45)
	at java.base/java.lang.reflect.Constructor.newInstance(Constructor.java:490)
	at ptolemy.util.test.junit.AutoKnownFailedTests.RunModel(AutoKnownFailedTests.java:105)
	at java.base/jdk.internal.reflect.NativeMethodAccessorImpl.invoke0(Native Method)
	at java.base/jdk.internal.reflect.NativeMethodAccessorImpl.invoke(NativeMethodAccessorImpl.java:62)
	at java.base/jdk.internal.reflect.DelegatingMethodAccessorImpl.invoke(DelegatingMethodAccessorImpl.java:43)
	at java.base/java.lang.reflect.Method.invoke(Method.java:566)
	at org.junit.runners.model.FrameworkMethod$1.runReflectiveCall(FrameworkMethod.java:44)
	at org.junit.internal.runners.model.ReflectiveCallable.run(ReflectiveCallable.java:15)
	at org.junit.runners.model.FrameworkMethod.invokeExplosively(FrameworkMethod.java:41)
	at junitparams.internal.InvokeParameterisedMethod.evaluate(InvokeParameterisedMethod.java:102)
	at org.junit.internal.runners.statements.FailOnTimeout$1.run(FailOnTimeout.java:28)
Caused by: ptolemy.kernel.util.IllegalActionException: SubscriberPorts cannot be used at the top level, use a Subscriber actor instead.
  in .PublisherSubscriberPortToplevel.SubscriberPort
	at ptolemy.actor.SubscriberPort.preinitialize(SubscriberPort.java:328)
	at ptolemy.actor.CompositeActor.preinitialize(CompositeActor.java:1769)
	at ptolemy.actor.Manager.preinitializeAndResolveTypes(Manager.java:1040)
	at ptolemy.actor.Manager.initialize(Manager.java:710)
	at ptolemy.actor.Manager.execute(Manager.java:356)
	at ptolemy.actor.Manager.run(Manager.java:1263)
	at ptolemy.actor.Manager$PtolemyRunThread.run(Manager.java:1933)
java.lang.RuntimeException: Execution failed
	at ptolemy.moml.MoMLSimpleApplication$UnloadThread.run(MoMLSimpleApplication.java:402)
Caused by: ptolemy.kernel.util.IllegalActionException: SubscriptionAggregatorPorts cannot be used at the top level, use a SubscriptionAggregator actor instead.
  in .PublisherSubscriptionAggregatorPort.SubscriptionAggregatorPort
	at ptolemy.actor.SubscriptionAggregatorPort.preinitialize(SubscriptionAggregatorPort.java:353)
	at ptolemy.actor.CompositeActor.preinitialize(CompositeActor.java:1769)
	at ptolemy.actor.Manager.preinitializeAndResolveTypes(Manager.java:1040)
	at ptolemy.actor.Manager.initialize(Manager.java:710)
	at ptolemy.actor.Manager.execute(Manager.java:356)
	at ptolemy.actor.Manager.run(Manager.java:1263)
	at ptolemy.actor.Manager$PtolemyRunThread.run(Manager.java:1933)
java.lang.reflect.InvocationTargetException
	at java.base/jdk.internal.reflect.NativeConstructorAccessorImpl.newInstance0(Native Method)
	at java.base/jdk.internal.reflect.NativeConstructorAccessorImpl.newInstance(NativeConstructorAccessorImpl.java:62)
	at java.base/jdk.internal.reflect.DelegatingConstructorAccessorImpl.newInstance(DelegatingConstructorAccessorImpl.java:45)
	at java.base/java.lang.reflect.Constructor.newInstance(Constructor.java:490)
	at ptolemy.util.test.junit.AutoKnownFailedTests.RunModel(AutoKnownFailedTests.java:105)
	at java.base/jdk.internal.reflect.NativeMethodAccessorImpl.invoke0(Native Method)
	at java.base/jdk.internal.reflect.NativeMethodAccessorImpl.invoke(NativeMethodAccessorImpl.java:62)
	at java.base/jdk.internal.reflect.DelegatingMethodAccessorImpl.invoke(DelegatingMethodAccessorImpl.java:43)
	at java.base/java.lang.reflect.Method.invoke(Method.java:566)
	at org.junit.runners.model.FrameworkMethod$1.runReflectiveCall(FrameworkMethod.java:44)
	at org.junit.internal.runners.model.ReflectiveCallable.run(ReflectiveCallable.java:15)
	at org.junit.runners.model.FrameworkMethod.invokeExplosively(FrameworkMethod.java:41)
	at junitparams.internal.InvokeParameterisedMethod.evaluate(InvokeParameterisedMethod.java:102)
	at org.junit.internal.runners.statements.FailOnTimeout$1.run(FailOnTimeout.java:28)
Caused by: ptolemy.kernel.util.IllegalActionException: SubscriptionAggregatorPorts cannot be used at the top level, use a SubscriptionAggregator actor instead.
  in .PublisherSubscriptionAggregatorPort.SubscriptionAggregatorPort
	at ptolemy.actor.SubscriptionAggregatorPort.preinitialize(SubscriptionAggregatorPort.java:353)
	at ptolemy.actor.CompositeActor.preinitialize(CompositeActor.java:1769)
	at ptolemy.actor.Manager.preinitializeAndResolveTypes(Manager.java:1040)
	at ptolemy.actor.Manager.initialize(Manager.java:710)
	at ptolemy.actor.Manager.execute(Manager.java:356)
	at ptolemy.actor.Manager.run(Manager.java:1263)
	at ptolemy.actor.Manager$PtolemyRunThread.run(Manager.java:1933)
java.lang.RuntimeException: Execution failed
	at ptolemy.moml.MoMLSimpleApplication$UnloadThread.run(MoMLSimpleApplication.java:402)
Caused by: ptolemy.kernel.util.IllegalActionException: TypeTest actor has no training data.
  in .sizedarray3.TypeTest
	at ptolemy.actor.lib.TypeTest.initialize(TypeTest.java:250)
	at ptolemy.actor.Director.initialize(Director.java:938)
	at ptolemy.actor.Director.initialize(Director.java:907)
	at ptolemy.actor.sched.StaticSchedulingDirector.initialize(StaticSchedulingDirector.java:159)
	at ptolemy.domains.sdf.kernel.SDFDirector.initialize(SDFDirector.java:544)
	at ptolemy.actor.CompositeActor.initialize(CompositeActor.java:935)
	at ptolemy.actor.Manager.initialize(Manager.java:724)
	at ptolemy.actor.Manager.execute(Manager.java:356)
	at ptolemy.actor.Manager.run(Manager.java:1263)
	at ptolemy.actor.Manager$PtolemyRunThread.run(Manager.java:1933)
java.lang.reflect.InvocationTargetException
	at java.base/jdk.internal.reflect.NativeConstructorAccessorImpl.newInstance0(Native Method)
	at java.base/jdk.internal.reflect.NativeConstructorAccessorImpl.newInstance(NativeConstructorAccessorImpl.java:62)
	at java.base/jdk.internal.reflect.DelegatingConstructorAccessorImpl.newInstance(DelegatingConstructorAccessorImpl.java:45)
	at java.base/java.lang.reflect.Constructor.newInstance(Constructor.java:490)
	at ptolemy.util.test.junit.AutoKnownFailedTests.RunModel(AutoKnownFailedTests.java:105)
	at java.base/jdk.internal.reflect.NativeMethodAccessorImpl.invoke0(Native Method)
	at java.base/jdk.internal.reflect.NativeMethodAccessorImpl.invoke(NativeMethodAccessorImpl.java:62)
	at java.base/jdk.internal.reflect.DelegatingMethodAccessorImpl.invoke(DelegatingMethodAccessorImpl.java:43)
	at java.base/java.lang.reflect.Method.invoke(Method.java:566)
	at org.junit.runners.model.FrameworkMethod$1.runReflectiveCall(FrameworkMethod.java:44)
	at org.junit.internal.runners.model.ReflectiveCallable.run(ReflectiveCallable.java:15)
	at org.junit.runners.model.FrameworkMethod.invokeExplosively(FrameworkMethod.java:41)
	at junitparams.internal.InvokeParameterisedMethod.evaluate(InvokeParameterisedMethod.java:102)
	at org.junit.internal.runners.statements.FailOnTimeout$1.run(FailOnTimeout.java:28)
Caused by: ptolemy.kernel.util.IllegalActionException: TypeTest actor has no training data.
  in .sizedarray3.TypeTest
	at ptolemy.actor.lib.TypeTest.initialize(TypeTest.java:250)
	at ptolemy.actor.Director.initialize(Director.java:938)
	at ptolemy.actor.Director.initialize(Director.java:907)
	at ptolemy.actor.sched.StaticSchedulingDirector.initialize(StaticSchedulingDirector.java:159)
	at ptolemy.domains.sdf.kernel.SDFDirector.initialize(SDFDirector.java:544)
	at ptolemy.actor.CompositeActor.initialize(CompositeActor.java:935)
	at ptolemy.actor.Manager.initialize(Manager.java:724)
	at ptolemy.actor.Manager.execute(Manager.java:356)
	at ptolemy.actor.Manager.run(Manager.java:1263)
	at ptolemy.actor.Manager$PtolemyRunThread.run(Manager.java:1933)
]]></system-err>
</testsuite>
