<?xml version="1.0" encoding="UTF-8" ?>
<testsuite errors="0" failures="0" hostname="travis-job-14265a54-5103-4641-9252-9114c11b4e9e" name="ptolemy.actor.lib.test.junit.JUnitTclTest" skipped="0" tests="517" time="57.284" timestamp="2018-12-13T02:57:15">
  <properties>
    <property name="npm.executable" value="npm" />
    <property name="file.encoding.pkg" value="sun.io" />
    <property name="env.TRAVIS_ROOT" value="/" />
    <property name="ptII.mk.exists" value="true" />
    <property name="env.TRAVIS_APP_HOST" value="build.travis-ci.org" />
    <property name="env.rvm_bin_path" value="/home/travis/.rvm/bin" />
    <property name="java.home" value="/usr/lib/jvm/java-8-oracle/jre" />
    <property name="env.TRAVIS_JOB_NUMBER" value="865.8" />
    <property name="env.TRAVIS_HOME" value="/home/travis" />
    <property name="env.DISPLAY" value=":99.0" />
    <property name="java.net.preferIPv4Stack" value="true" />
    <property name="env.TRAVIS_INIT" value="upstart" />
    <property name="env.SSH_TTY" value="/dev/pts/0" />
    <property name="env.RUN_TESTS" value="false" />
    <property name="timeout.short" value="1000000" />
    <property name="env.TRAVIS_JOB_NAME" value="" />
    <property name="env.TRAVIS_STACK_NODE_ATTRIBUTES" value="/.node-attributes.yml" />
    <property name="junit.formatter" value="xml" />
    <property name="java.endorsed.dirs" value="/usr/lib/jvm/java-8-oracle/jre/lib/endorsed" />
    <property name="env.TRAVIS_SUDO" value="true" />
    <property name="env.LOGNAME" value="travis" />
    <property name="env.PT_TRAVIS_TEST_CORE1_XML" value="true" />
    <property name="jsdoc.home" value="node_modules/@terraswarm/jsdoc" />
    <property name="debuglevel" value="source,lines,vars" />
    <property name="checkstyle.formatter" value="xml" />
    <property name="bin.vergil.makeable" value="true" />
    <property name="env._system_version" value="14.04" />
    <property name="sun.os.patch.level" value="unknown" />
    <property name="java.vendor.url" value="http://java.oracle.com/" />
    <property name="env.TRAVIS_BUILD_WEB_URL" value="https://travis-ci.org/icyphy/ptII/builds/467312772" />
    <property name="java.version" value="1.8.0_151" />
    <property name="env.TZ" value="UTC" />
    <property name="env.PT_NO_NET" value="true" />
    <property name="env.TRAVIS_PULL_REQUEST_SHA" value="" />
    <property name="env.TRAVIS_SECURE_ENV_VARS" value="true" />
    <property name="env._system_type" value="Linux" />
    <property name="java.vendor.url.bug" value="http://bugreport.sun.com/bugreport/" />
    <property name="env.SSH_CLIENT" value="10.10.4.99 57664 22" />
    <property name="npmjs-org-is-up" value="true" />
    <property name="env.GEM_HOME" value="/home/travis/.rvm/gems/ruby-2.4.1" />
    <property name="env.HAS_ANTARES_THREE_LITTLE_FRONZIES_BADGE" value="true" />
    <property name="env.PS4" value="+" />
    <property name="ant.project.invoked-targets" value="build,test.core1.xml" />
    <property name="env.TRAVIS_PULL_REQUEST_BRANCH" value="" />
    <property name="env.TRAVIS_REPO_SLUG" value="icyphy/ptII" />
    <property name="env.TRAVIS_APT_PROXY" value="http://build-cache.travisci.net" />
    <property name="node.in.path" value="true" />
    <property name="java.maxmemory" value="1400m" />
    <property name="env.RUBY_VERSION" value="ruby-2.4.1" />
    <property name="user.name" value="travis" />
    <property name="env.LANG" value="en_US.UTF-8" />
    <property name="sun.io.unicode.encoding" value="UnicodeLittle" />
    <property name="sun.jnu.encoding" value="UTF-8" />
    <property name="java.runtime.name" value="Java(TM) SE Runtime Environment" />
    <property name="usefile" value="false" />
    <property name="return.code" value="0" />
    <property name="junit.single.formatter" value="plain" />
    <property name="env.DYLD_LIBRARY_PATH" value="/home/travis/pthla/certi-tools/lib:" />
    <property name="env.DEBIAN_FRONTEND" value="noninteractive" />
    <property name="env.SSH_CONNECTION" value="10.10.4.99 57664 10.20.0.89 22" />
    <property name="env.MYSQL_UNIX_PORT" value="/var/run/mysqld/mysqld.sock" />
    <property name="env.TRAVIS_ALLOW_FAILURE" value="false" />
    <property name="env.LC_ALL" value="en_US.UTF-8" />
    <property name="env.TRAVIS_JOB_WEB_URL" value="https://travis-ci.org/icyphy/ptII/jobs/467312780" />
    <property name="java.specification.name" value="Java Platform API Specification" />
    <property name="node.works" value="true" />
    <property name="user.timezone" value="" />
    <property name="path.separator" value=":" />
    <property name="env.TRAVIS_ENABLE_INFRA_DETECTION" value="true" />
    <property name="env.PYTHON_CFLAGS" value="-g -fstack-protector --param=ssp-buffer-size=4 -Wformat -Werror=format-security" />
    <property name="timeout.long" value="4000000" />
    <property name="env.CERTI_HOME" value="/home/travis/pthla/certi-tools" />
    <property name="file.encoding" value="UTF-8" />
    <property name="ant.file.ptII" value="/home/travis/build/icyphy/ptII/build.xml" />
    <property name="javadoc.packagenames" value="com.*,diva.*,lbnl.*,org.hlacerti.*,org.json.*,org.ptolemy.*,org.terraswarm.*,ptolemy.*,ptserver.*" />
    <property name="env.TRAVIS_PULL_REQUEST_SLUG" value="" />
    <property name="ant.project.default-target" value="build" />
    <property name="env.GIT_ASKPASS" value="echo" />
    <property name="env.HOME" value="/home/travis" />
    <property name="sun.java.command" value="org.apache.tools.ant.taskdefs.optional.junit.JUnitTestRunner ptolemy.actor.lib.test.junit.JUnitTclTest skipNonTests=false filtertrace=true haltOnError=false haltOnFailure=false formatter=org.apache.tools.ant.taskdefs.optional.junit.OutErrSummaryJUnitResultFormatter showoutput=true outputtoformatters=true logfailedtests=true threadid=0 logtestlistenerevents=false formatter=org.apache.tools.ant.taskdefs.optional.junit.XMLJUnitResultFormatter,/home/travis/build/icyphy/ptII/reports/junit/TEST-ptolemy.actor.lib.test.junit.JUnitTclTest.xml crashfile=/home/travis/build/icyphy/ptII/junitvmwatcher792532069302206352.properties propsfile=/home/travis/build/icyphy/ptII/junit4523281270936945211.properties" />
    <property name="env.MANPATH" value="/home/travis/.nvm/versions/node/v7.10.1/share/man:/home/travis/.kiex/elixirs/elixir-1.4.5/man:/home/travis/.rvm/rubies/ruby-2.4.1/share/man:/usr/local/man:/usr/local/cmake-3.9.2/man:/usr/local/clang-5.0.0/share/man:/usr/local/share/man:/usr/share/man:/home/travis/.rvm/man" />
    <property name="env.COMPOSER_NO_INTERACTION" value="1" />
    <property name="env.JDK_SWITCHER_DEFAULT" value="oraclejdk8" />
    <property name="env.TRAVIS_TIMER_ID" value="17745678" />
    <property name="ant.file" value="/home/travis/build/icyphy/ptII/build.xml" />
    <property name="env.TRAVIS_COMMIT_RANGE" value="75513823451bc508c80d81c488e68b4ef806ca15...2aab4bde3fee2a25a2bd6be7846641f9b4410aa2" />
    <property name="env._system_name" value="Ubuntu" />
    <property name="timeout" value="2400000" />
    <property name="ptII.classpath.optional.property" value="/home/travis/build/icyphy/ptII/lib/bsh-2.0b4.jar:/home/travis/build/icyphy/ptII/lib/ptCal.jar:/home/travis/build/icyphy/ptII/lib/java_cup.jar:/home/travis/build/icyphy/ptII/lib/saxon8.jar:/home/travis/build/icyphy/ptII/lib/saxon8-dom.jar:/home/travis/build/icyphy/ptII/lib/chic.jar:/home/travis/build/icyphy/ptII/lib/ptcolt.jar:/usr/lib/jvm/java-8-oracle/lib/tools.jar:/usr/lib/eclipse/plugins/org.eclipse.jdt.core_3.8.2.dist.jar:/usr/lib/eclipse/plugins/org.eclipse.core.runtime_3.8.0.dist.jar:/usr/lib/eclipse/plugins/org.eclipse.osgi_3.8.1.dist.jar:/usr/lib/eclipse/plugins/org.eclipse.core.resources_3.8.1.dist.jar:/usr/lib/eclipse/plugins/org.eclipse.equinox.common_3.6.100.dist.jar:/usr/lib/eclipse/plugins/org.eclipse.core.jobs_3.5.200.dist.jar:/usr/lib/eclipse/plugins/org.eclipse.core.contenttype_3.4.200.dist.jar:/usr/lib/eclipse/plugins/org.eclipse.equinox.preferences_3.5.0.dist.jar:/usr/lib/eclipse/plugins/org.eclipse.text_3.5.200.dist.jar:/usr/lib/eclipse/plugins/org.eclipse.ui.workbench_3.8.1.dist.jar:/usr/lib/eclipse/plugins/org.eclipse.jface_3.8.0.dist.jar:/usr/lib/eclipse/plugins/org.eclipse.swt_3.8.2.jar:/usr/lib/eclipse/plugins/org.eclipse.jface.text_3.8.1.dist.jar:/usr/lib/eclipse/plugins/org.eclipse.ui.workbench.texteditor_3.8.0.dist.jar:/usr/lib/eclipse/plugins/org.eclipse.ui.editors_3.8.0.dist.jar:/usr/lib/eclipse/plugins/org.eclipse.core.commands_3.6.1.dist.jar:/usr/lib/eclipse/plugins/org.eclipse.equinox.registry_3.5.200.dist.jar:/usr/lib/eclipse/plugins/org.eclipse.ui.console_3.5.100.dist.jar:/usr/lib/eclipse/plugins/org.eclipse.ui.forms_3.5.200.dist.jar:/usr/lib/eclipse/plugins/org.eclipse.ui.ide_3.8.1.dist.jar:/home/travis/build/icyphy/ptII/vendors/oracle/dbxml.jar:/home/travis/build/icyphy/ptII/vendors/oracle/db.jar:/home/travis/build/icyphy/ptII/vendors/misc/itext/iText.jar:/home/travis/build/icyphy/ptII/lib/g4ltl.jar:/home/travis/build/icyphy/ptII/lib/StructuralCoder.jar:/home/travis/build/icyphy/ptII/lib/org-openide-util.jar:/home/travis/build/icyphy/ptII/lib/org-openide-util-lookup.jar:/home/travis/build/icyphy/ptII/lib/org-netbeans-api-visual.jar:/home/travis/build/icyphy/ptII/vendors/jai-1_1_2_01/lib/jai_core.jar:/home/travis/build/icyphy/ptII/vendors/jai-1_1_2_01/lib/jai_codec.jar:/home/travis/build/icyphy/ptII/lib/jcerti.jar:/home/travis/build/icyphy/ptII/lib/smack.jar:/home/travis/build/icyphy/ptII/lib/smackx.jar:/home/travis/build/icyphy/ptII/lib/jetty-all-8.1.5-v20120716.jar:/home/travis/build/icyphy/ptII/lib/javax.servlet-api-3.0.1.jar:/home/travis/build/icyphy/ptII/lib/javax.mail.jar:/home/travis/build/icyphy/ptII/vendors/JMF-2.1.1e/lib/jmf.jar:/home/travis/build/icyphy/ptII/lib/jna-4.0.0-variadic.jar:/home/travis/build/icyphy/ptII/vendors/misc/joystick/Joystick.jar:/home/travis/build/icyphy/ptII/lib/ptjacl.jar:/home/travis/build/icyphy/ptII/lib/jsoup-1.8.2.jar:/home/travis/build/icyphy/ptII/lib/junit-4.8.2.jar:/home/travis/build/icyphy/ptII/lib/JUnitParams-0.4.0.jar:/home/travis/build/icyphy/ptII/ptolemy/actor/lib/excel/jxl.jar:/home/travis/build/icyphy/ptII/lib/jython.jar:/home/travis/build/icyphy/ptII/lib/kieler.jar:/home/travis/build/icyphy/ptII/vendors/opencv/share/OpenCV/java/opencv-341.jar:/home/travis/build/icyphy/ptII/lib/oscP5.jar:/home/travis/build/icyphy/ptII/lib/nrjavaserial-3.11.0.devel.jar:/home/travis/build/icyphy/ptII/vendors/j3d/lib/j3dcore.jar:/home/travis/build/icyphy/ptII/vendors/j3d/lib/j3dutils.jar:/home/travis/build/icyphy/ptII/vendors/j3d/lib/vecmath.jar:/home/travis/build/icyphy/ptII/ptolemy/distributed/jini/jar/jini-core.jar:/home/travis/build/icyphy/ptII/ptolemy/distributed/jini/jar/jini-ext.jar:/home/travis/build/icyphy/ptII/ptolemy/distributed/jini/jar/sun-util.jar:/home/travis/build/icyphy/ptII/lib/protobuf-java-2.4.1.jar:/home/travis/build/icyphy/ptII/lib/org.eclipse.paho.client.mqttv3.jar:/home/travis/build/icyphy/ptII/ptserver/lib/hessian-4.0.7.jar:/home/travis/build/icyphy/ptII/ptserver/lib/wmqtt.jar:/home/travis/build/icyphy/ptII/lib/mapss.jar:/home/travis/build/icyphy/ptII/ptolemy/actor/ptalon/antlr/antlr.jar:/home/travis/build/icyphy/ptII/lib/JRI.jar:/home/travis/build/icyphy/ptII/lib/commons-lang-2.6.jar:/home/travis/build/icyphy/ptII/lib/commons-logging-1.1.1.jar:/home/travis/build/icyphy/ptII/lib/sootclasses.jar:/home/travis/build/icyphy/ptII/ptolemy/actor/lib/database/mysql-connector-java-5.1.6-bin.jar:/home/travis/build/icyphy/ptII/vendors/misc/sphinx4/sphinx4-data-5prealpha.jar:/home/travis/build/icyphy/ptII/vendors/misc/sphinx4/sphinx4-core-5prealpha.jar:/home/travis/build/icyphy/ptII/lib/PDFRenderer.jar:/home/travis/build/icyphy/ptII/lib/svgSalamander.jar:/home/travis/build/icyphy/ptII/lib/rsyntaxtextarea-2.6.0-SNAPSHOT.jar:/home/travis/build/icyphy/ptII/lib/hazelcast-3.8.2.jar:/home/travis/build/icyphy/ptII/lib/jackson-annotations-2.9.0.jar:/home/travis/build/icyphy/ptII/lib/jackson-core-2.9.3.jar:/home/travis/build/icyphy/ptII/lib/jackson-databind-2.9.3.jar:/home/travis/build/icyphy/ptII/lib/netty-buffer-4.1.19.Final.jar:/home/travis/build/icyphy/ptII/lib/netty-codec-4.1.19.Final.jar:/home/travis/build/icyphy/ptII/lib/netty-codec-dns-4.1.19.Final.jar:/home/travis/build/icyphy/ptII/lib/netty-codec-http-4.1.19.Final.jar:/home/travis/build/icyphy/ptII/lib/netty-codec-http2-4.1.19.Final.jar:/home/travis/build/icyphy/ptII/lib/netty-common-4.1.19.Final.jar:/home/travis/build/icyphy/ptII/lib/netty-handler-4.1.19.Final.jar:/home/travis/build/icyphy/ptII/lib/netty-resolver-4.1.19.Final.jar:/home/travis/build/icyphy/ptII/lib/netty-resolver-dns-4.1.19.Final.jar:/home/travis/build/icyphy/ptII/lib/netty-transport-4.1.19.Final.jar:/home/travis/build/icyphy/ptII/lib/vertx-codegen-3.5.1.jar:/home/travis/build/icyphy/ptII/lib/vertx-core-3.5.2-SNAPSHOT.jar:/home/travis/build/icyphy/ptII/lib/vertx-hazelcast-3.5.1.jar:/home/travis/build/icyphy/ptII/lib/vertx-lang-js-3.5.1.jar:/home/travis/build/icyphy/ptII/lib/vertx-service-proxy-3.5.1.jar:/home/travis/build/icyphy/ptII/lib/vertx-web-3.5.1.jar:/home/travis/build/icyphy/ptII/lib/slf4j-api-1.7.13.jar:/home/travis/build/icyphy/ptII/lib/slf4j-simple-1.7.13.jar:/home/travis/build/icyphy/ptII/lib/webcam-capture-0.3.12.jar:/home/travis/build/icyphy/ptII/lib/bridj-0.7.0.jar:/home/travis/build/icyphy/ptII/lib/xbjlib-1.1.0.nrjavaserial.jar" />
    <property name="test.batch" value="**/junit/*.java" />
    <property name="env._" value="/usr/bin/timeout" />
    <property name="java.io.tmpdir" value="/tmp" />
    <property name="env.TRAVIS_INTERNAL_RUBY_REGEX" value="^ruby-(2\.[0-4]\.[0-9]|1\.9\.3)" />
    <property name="user.language" value="en" />
    <property name="env.HISTCONTROL" value="ignoredups:ignorespace" />
    <property name="env.GOROOT" value="/home/travis/.gimme/versions/go1.7.4.linux.amd64" />
    <property name="line.separator" value="&#xa;" />
    <property name="target" value="1.8" />
    <property name="env.TRAVIS_BUILD_DIR" value="/home/travis/build/icyphy/ptII" />
    <property name="env.ANT_OPTS" value="-Xmx2048m" />
    <property name="ant.file.type" value="file" />
    <property name="ptolemy.ptII.batchMode" value="true" />
    <property name="env.HISTSIZE" value="1000" />
    <property name="env.MERB_ENV" value="test" />
    <property name="java.vm.info" value="mixed mode" />
    <property name="source" value="1.8" />
    <property name="java.vm.specification.name" value="Java Virtual Machine Specification" />
    <property name="env.TRAVIS_TEST_RESULT" value="0" />
    <property name="jsdoc.command" value="node_modules/@terraswarm/jsdoc/jsdoc.js" />
    <property name="npm.works" value="true" />
    <property name="cobertura.dir" value="/home/travis/build/icyphy/ptII/vendors/cobertura-2.0.3" />
    <property name="env.rvm_path" value="/home/travis/.rvm" />
    <property name="env.GEM_PATH" value="/home/travis/.rvm/gems/ruby-2.4.1:/home/travis/.rvm/gems/ruby-2.4.1@global" />
    <property name="env.LC_CTYPE" value="en_US.UTF-8" />
    <property name="java.awt.printerjob" value="sun.print.PSPrinterJob" />
    <property name="env.TRAVIS_CMD" value="$PTII/bin/ptIITravisBuild.sh $SECONDS" />
    <property name="env.TRAVIS_STACK_NAME" value="garnet" />
    <property name="env.TRAVIS_TIMER_START_TIME" value="1544669497373711294" />
    <property name="ant.version" value="Apache Ant(TM) version 1.10.1 compiled on February 2 2017" />
    <property name="ptII.reports" value="/home/travis/build/icyphy/ptII/reports" />
    <property name="env.TRAVIS_STACK_TIMESTAMP" value="2017-12-05 19:33:09 UTC" />
    <property name="ant.file.type.ptII" value="file" />
    <property name="env.RBENV_SHELL" value="bash" />
    <property name="os.name" value="Linux" />
    <property name="java.specification.vendor" value="Oracle Corporation" />
    <property name="env.rvm_version" value="1.29.3 (latest)" />
    <property name="env.TRAVIS_INFRA" value="gce" />
    <property name="env.TERM" value="xterm" />
    <property name="java.vm.name" value="Java HotSpot(TM) 64-Bit Server VM" />
    <property name="env.TRAVIS_BUILD_NUMBER" value="865" />
    <property name="env.CI" value="true" />
    <property name="java.library.path" value="/home/travis/pthla/certi-tools/lib:/usr/lib/jni:/usr/local/share/OpenCV/java/:/usr/share/OpenCV/java::/usr/java/packages/lib/amd64:/usr/lib64:/lib64:/lib:/usr/lib" />
    <property name="env.rvm_prefix" value="/home/travis" />
    <property name="env.PATH" value="/home/travis/pthla/certi-tools/share/scripts:/home/travis/.rvm/gems/ruby-2.4.1/bin:/home/travis/.rvm/gems/ruby-2.4.1@global/bin:/home/travis/.rvm/rubies/ruby-2.4.1/bin:/home/travis/.rvm/bin:/home/travis/.nvm/versions/node/v7.10.1/bin:./node_modules/.bin:/home/travis/build/icyphy/ptII/bin:/home/travis/pthla/certi-tools/bin:/home/travis/bin:/home/travis/.local/bin:/opt/pyenv/shims:/home/travis/.phpenv/shims:/home/travis/perl5/perlbrew/bin:/home/travis/.kiex/elixirs/elixir-1.4.5/bin:/home/travis/.kiex/bin:/home/travis/gopath/bin:/home/travis/.gimme/versions/go1.7.4.linux.amd64/bin:/usr/local/phantomjs/bin:/usr/local/phantomjs:/usr/local/neo4j-3.2.7/bin:/usr/local/maven-3.5.2/bin:/usr/local/cmake-3.9.2/bin:/usr/local/clang-5.0.0/bin:/usr/local/sbin:/usr/local/bin:/usr/sbin:/usr/bin:/sbin:/bin:/home/travis/.phpenv/bin:/opt/pyenv/bin:/home/travis/.yarn/bin" />
    <property name="env.TRAVIS_OS_NAME" value="linux" />
    <property name="ant.java.version" value="1.8" />
    <property name="basedir" value="/home/travis/build/icyphy/ptII" />
    <property name="java.class.version" value="52.0" />
    <property name="env.SHLVL" value="3" />
    <property name="env.LD_LIBRARY_PATH" value="/home/travis/pthla/certi-tools/lib:/usr/lib/jni:/usr/local/share/OpenCV/java/:/usr/share/OpenCV/java:" />
    <property name="env.RACK_ENV" value="test" />
    <property name="ant.home" value="/home/travis/build/icyphy/ptII/ant" />
    <property name="env.PERLBREW_BASHRC_VERSION" value="0.80" />
    <property name="env.NVM_DIR" value="/home/travis/.nvm" />
    <property name="env.TRAVIS_BUILD_ID" value="467312772" />
    <property name="env.CERTI_FOM_PATH" value="/home/travis/pthla/certi-tools/share/federations" />
    <property name="env.PYENV_ROOT" value="/opt/pyenv" />
    <property name="env.TRAVIS_UID" value="2000" />
    <property name="env.rvm_pretty_print_flag" value="auto" />
    <property name="env.NVM_BIN" value="/home/travis/.nvm/versions/node/v7.10.1/bin" />
    <property name="env.TRAVIS_COMMIT" value="2aab4bde3fee2a25a2bd6be7846641f9b4410aa2" />
    <property name="env._system_arch" value="x86_64" />
    <property name="node.executable" value="node" />
    <property name="sun.boot.library.path" value="/usr/lib/jvm/java-8-oracle/jre/lib/amd64" />
    <property name="sun.management.compiler" value="HotSpot 64-Bit Tiered Compilers" />
    <property name="env.GOPATH" value="/home/travis/gopath" />
    <property name="java.awt.graphicsenv" value="sun.awt.X11GraphicsEnvironment" />
    <property name="ptolemy.ptII.dir" value="/home/travis/build/icyphy/ptII" />
    <property name="env.USER" value="travis" />
    <property name="env.HISTFILESIZE" value="2000" />
    <property name="timeout.longest" value="19000000" />
    <property name="env.TRAVIS_STACK_FEATURES" value="basic cassandra chromium couchdb disabled-ipv6 docker docker-compose elasticsearch firefox go-toolchain google-chrome jdk memcached mongodb mysql neo4j nodejs_interpreter perl_interpreter perlbrew phantomjs postgresql python_interpreter rabbitmq redis riak ruby_interpreter sqlite xserver" />
    <property name="env.TRAVIS_PULL_REQUEST" value="false" />
    <property name="env.PYENV_SHELL" value="bash" />
    <property name="ant.project.name" value="ptII" />
    <property name="java.vm.specification.version" value="1.8" />
    <property name="env.ANSI_RESET" value="\033[0m" />
    <property name="env.TRAVIS_DIST" value="trusty" />
    <property name="env.CERTI_VERSION" value="4.0.0" />
    <property name="env.NLSPATH" value="/usr/dt/lib/nls/msg/%L/%N.cat" />
    <property name="awt.toolkit" value="sun.awt.X11.XToolkit" />
    <property name="env.CERTI_HOST" value="localhost" />
    <property name="env.MY_RUBY_HOME" value="/home/travis/.rvm/rubies/ruby-2.4.1" />
    <property name="sun.cpu.isalist" value="" />
    <property name="env.TRAVIS_TMPDIR" value="/tmp/tmp.ReQVLkpDVS" />
    <property name="java.ext.dirs" value="/usr/lib/jvm/java-8-oracle/jre/lib/ext:/usr/java/packages/lib/ext" />
    <property name="os.version" value="4.4.0-101-generic" />
    <property name="user.home" value="/home/travis" />
    <property name="env.MIX_ARCHIVES" value="/home/travis/.kiex/mix/elixir-1.4.5" />
    <property name="java.vm.vendor" value="Oracle Corporation" />
    <property name="env.TRAVIS_TAG" value="nightly" />
    <property name="env.ANSI_YELLOW" value="\033[33;1m" />
    <property name="env.TRAVIS_FILTERED" value="redirect_io" />
    <property name="env.ANSI_GREEN" value="\033[32;1m" />
    <property name="env.JAVA_HOME" value="/usr/lib/jvm/java-8-oracle" />
    <property name="env.PTII" value="/home/travis/build/icyphy/ptII" />
    <property name="javadoc.excludepackagenames" value="adm.cvs2svn.*,build.*,config.*,doc.coding.templates.*,jni.test.jni.meaningOfLife.*,jni.test.jni.testDeux.*,jni.test.jni.testTrois.*,org.terraswarm.accessor.accessors.web.node_modules.*,org.terraswarm.accessor.accessors.web.hosts.cordova.demo.*,org.terraswarm.accessor.accessors.web.hosts.cordova.plugins.*,org.terraswarm.accessor.accessors-svn.*,pt-modules.*,ptolemy.apps.agilent.*,ptolemy.apps.anytimecontrol.*,ptolemy.apps.apes.*,ptolemy.apps.charon.*,ptolemy.apps.crazyboard.*,ptolemy.apps.eclipse.*,ptolemy.apps.etherealSting.*,ptolemy.apps.fullscreen.*,ptolemy.apps.giotto.*,ptolemy.apps.ia.*,ptolemy.apps.interfaces.*,ptolemy.apps.jmf.*,ptolemy.apps.kurt.*,ptolemy.apps.kvm.*,ptolemy.apps.lego.*,ptolemy.apps.lejos.*,ptolemy.apps.midp.*,ptolemy.apps.mobileCoding.*,ptolemy.apps.pendulum.*,ptolemy.apps.rijndael.*,ptolemy.apps.robot.*,ptolemy.apps.security.*,ptolemy.apps.sobel.*,ptolemy.apps.soot.*,ptolemy.apps.throttle.*,ptolemy.apps.tini.*,ptolemy.apps.transmission.*,ptolemy.apps.vergil.*,ptolemy.apps.waba.*,ptolemy.apps.websensor.*,ptolemy.apps.webstart.*,ptolemy.apps.xsl.*,ptolemy.apps.zaurus.*,ptolemy.backtrack.eclipse.plugin.*,ptolemy.backtrack.test.*,ptolemy.codegen.c.actor.lib.oldJavaFiles.*,ptolemy.codegen.dsp.lib.*,ptolemy.codegen.kernel.newInterfaces.*,ptolemy.codegen.lib.*,ptolemy.copernicus.kernel.fragment.*,ptolemy.copernicus.shallow.cg.*,ptolemy.domains.giotto.demo.Hierarchy.Hierarchy.*,ptolemy.domains.giotto.demo.Multimode.Multimode.*,ptolemy.domains.giotto.demo.Simple.Simple.*,ptolemy.domains.gr.lib.experimental.*,ptolemy.domains.gro.*,ptolemy.domains.pdf.*,ptolemy.domains.ptinyos.demo.Surge.output.*,ptolemy.moml.test.NoPackageActor.java*,ptolemy.plot.adm.*,ptolemy.plot.servlet.*,reports.*,signed.*,src.*,target.*,vendors.*,ptolemy.cg.adapter.generic.program.procedural.c.mbed*,ptolemy.actor.lib.fmi.fmus.omc*,ptolemy.domains.openmodelica*,ptdb.kernel.bl.save.test.*,ptdb.kernel.bl.load.test.*,ptdb.kernel.bl.search.test.*,ptdb.kernel.bl.migration.test.*,ptdb.kernel.database.test.*,ptdb.test.*,ptdb.gui.test.*,org.ptolemy.scala.*,diva.util.java2d.svg.*,ptolemy.domains.ptinyos.*,ptolemy.actor.lib.fmi.fmipp.*,,org.terraswarm.accessor.accessors.web.node_modules.*,org.terraswarm.accessor.accessors-svn,ptolemy.apps.*,ptolemy.actor.ptalon.demo.ptinyos.SendAndReceiveCnt.output,ptolemy.actor.ptalon.demo.ptinyos.SenseToLeds.output,ptolemy.domains.ptinyos.demo.CntToLedsAndRfm.output,ptolemy.domains.ptinyos.demo.RfmToLeds.output,ptolemy.domains.ptinyos.demo.SendAndReceiveCnt.output,ptolemy.domains.ptinyos.demo.SenseToLeds.output,ptolemy.actor.lib.jjs.modules.udpSocket.*" />
    <property name="env.TRAVIS_COMMIT_MESSAGE" value="demo of a dynamically changing topology of an accessor" />
    <property name="keystore" value="ptKeystore" />
    <property name="env.XDG_SESSION_ID" value="2" />
    <property name="junit.output.dir" value="/home/travis/build/icyphy/ptII/reports/junit" />
    <property name="npm.return.code" value="0" />
    <property name="user.dir" value="/home/travis/build/icyphy/ptII/ptolemy/actor/lib/test" />
    <property name="env.TRAVIS_NODE_VERSION" value="7" />
    <property name="env.XFILESEARCHPATH" value="/usr/dt/app-defaults/%L/Dt" />
    <property name="env.TRAVIS_EVENT_TYPE" value="cron" />
    <property name="env.MAIL" value="/var/mail/travis" />
    <property name="env.PWD" value="/home/travis/build/icyphy/ptII" />
    <property name="env.PERLBREW_ROOT" value="/home/travis/perl5/perlbrew" />
    <property name="timeout.npm" value="45000" />
    <property name="env.TRAVIS_ARCH" value="amd64" />
    <property name="env.PAGER" value="cat" />
    <property name="sun.cpu.endian" value="little" />
    <property name="env.TRAVIS_BUILD_STAGE_NAME" value="Test" />
    <property name="env.PERLBREW_HOME" value="/home/travis/.perlbrew" />
    <property name="env.RAILS_ENV" value="test" />
    <property name="java.vm.version" value="25.151-b12" />
    <property name="java.class.path" value="/home/travis/.ptolemyII:/home/travis/.ptolemyII/*:/home/travis/build/icyphy/ptII:/home/travis/build/icyphy/ptII/lib/bsh-2.0b4.jar:/home/travis/build/icyphy/ptII/lib/ptCal.jar:/home/travis/build/icyphy/ptII/lib/java_cup.jar:/home/travis/build/icyphy/ptII/lib/saxon8.jar:/home/travis/build/icyphy/ptII/lib/saxon8-dom.jar:/home/travis/build/icyphy/ptII/lib/chic.jar:/home/travis/build/icyphy/ptII/lib/ptcolt.jar:/usr/lib/jvm/java-8-oracle/lib/tools.jar:/usr/lib/eclipse/plugins/org.eclipse.jdt.core_3.8.2.dist.jar:/usr/lib/eclipse/plugins/org.eclipse.core.runtime_3.8.0.dist.jar:/usr/lib/eclipse/plugins/org.eclipse.osgi_3.8.1.dist.jar:/usr/lib/eclipse/plugins/org.eclipse.core.resources_3.8.1.dist.jar:/usr/lib/eclipse/plugins/org.eclipse.equinox.common_3.6.100.dist.jar:/usr/lib/eclipse/plugins/org.eclipse.core.jobs_3.5.200.dist.jar:/usr/lib/eclipse/plugins/org.eclipse.core.contenttype_3.4.200.dist.jar:/usr/lib/eclipse/plugins/org.eclipse.equinox.preferences_3.5.0.dist.jar:/usr/lib/eclipse/plugins/org.eclipse.text_3.5.200.dist.jar:/usr/lib/eclipse/plugins/org.eclipse.ui.workbench_3.8.1.dist.jar:/usr/lib/eclipse/plugins/org.eclipse.jface_3.8.0.dist.jar:/usr/lib/eclipse/plugins/org.eclipse.swt_3.8.2.jar:/usr/lib/eclipse/plugins/org.eclipse.jface.text_3.8.1.dist.jar:/usr/lib/eclipse/plugins/org.eclipse.ui.workbench.texteditor_3.8.0.dist.jar:/usr/lib/eclipse/plugins/org.eclipse.ui.editors_3.8.0.dist.jar:/usr/lib/eclipse/plugins/org.eclipse.core.commands_3.6.1.dist.jar:/usr/lib/eclipse/plugins/org.eclipse.equinox.registry_3.5.200.dist.jar:/usr/lib/eclipse/plugins/org.eclipse.ui.console_3.5.100.dist.jar:/usr/lib/eclipse/plugins/org.eclipse.ui.forms_3.5.200.dist.jar:/usr/lib/eclipse/plugins/org.eclipse.ui.ide_3.8.1.dist.jar:/home/travis/build/icyphy/ptII/vendors/oracle/dbxml.jar:/home/travis/build/icyphy/ptII/vendors/oracle/db.jar:/home/travis/build/icyphy/ptII/vendors/misc/itext/iText.jar:/home/travis/build/icyphy/ptII/lib/g4ltl.jar:/home/travis/build/icyphy/ptII/lib/StructuralCoder.jar:/home/travis/build/icyphy/ptII/lib/org-openide-util.jar:/home/travis/build/icyphy/ptII/lib/org-openide-util-lookup.jar:/home/travis/build/icyphy/ptII/lib/org-netbeans-api-visual.jar:/home/travis/build/icyphy/ptII/vendors/jai-1_1_2_01/lib/jai_core.jar:/home/travis/build/icyphy/ptII/vendors/jai-1_1_2_01/lib/jai_codec.jar:/home/travis/build/icyphy/ptII/lib/jcerti.jar:/home/travis/build/icyphy/ptII/lib/smack.jar:/home/travis/build/icyphy/ptII/lib/smackx.jar:/home/travis/build/icyphy/ptII/lib/jetty-all-8.1.5-v20120716.jar:/home/travis/build/icyphy/ptII/lib/javax.servlet-api-3.0.1.jar:/home/travis/build/icyphy/ptII/lib/javax.mail.jar:/home/travis/build/icyphy/ptII/vendors/JMF-2.1.1e/lib/jmf.jar:/home/travis/build/icyphy/ptII/lib/jna-4.0.0-variadic.jar:/home/travis/build/icyphy/ptII/vendors/misc/joystick/Joystick.jar:/home/travis/build/icyphy/ptII/lib/ptjacl.jar:/home/travis/build/icyphy/ptII/lib/jsoup-1.8.2.jar:/home/travis/build/icyphy/ptII/lib/junit-4.8.2.jar:/home/travis/build/icyphy/ptII/lib/JUnitParams-0.4.0.jar:/home/travis/build/icyphy/ptII/ptolemy/actor/lib/excel/jxl.jar:/home/travis/build/icyphy/ptII/lib/jython.jar:/home/travis/build/icyphy/ptII/lib/kieler.jar:/home/travis/build/icyphy/ptII/vendors/opencv/share/OpenCV/java/opencv-341.jar:/home/travis/build/icyphy/ptII/lib/oscP5.jar:/home/travis/build/icyphy/ptII/lib/nrjavaserial-3.11.0.devel.jar:/home/travis/build/icyphy/ptII/vendors/j3d/lib/j3dcore.jar:/home/travis/build/icyphy/ptII/vendors/j3d/lib/j3dutils.jar:/home/travis/build/icyphy/ptII/vendors/j3d/lib/vecmath.jar:/home/travis/build/icyphy/ptII/ptolemy/distributed/jini/jar/jini-core.jar:/home/travis/build/icyphy/ptII/ptolemy/distributed/jini/jar/jini-ext.jar:/home/travis/build/icyphy/ptII/ptolemy/distributed/jini/jar/sun-util.jar:/home/travis/build/icyphy/ptII/lib/protobuf-java-2.4.1.jar:/home/travis/build/icyphy/ptII/lib/org.eclipse.paho.client.mqttv3.jar:/home/travis/build/icyphy/ptII/ptserver/lib/hessian-4.0.7.jar:/home/travis/build/icyphy/ptII/ptserver/lib/wmqtt.jar:/home/travis/build/icyphy/ptII/lib/mapss.jar:/home/travis/build/icyphy/ptII/ptolemy/actor/ptalon/antlr/antlr.jar:/home/travis/build/icyphy/ptII/lib/JRI.jar:/home/travis/build/icyphy/ptII/lib/commons-lang-2.6.jar:/home/travis/build/icyphy/ptII/lib/commons-logging-1.1.1.jar:/home/travis/build/icyphy/ptII/lib/sootclasses.jar:/home/travis/build/icyphy/ptII/ptolemy/actor/lib/database/mysql-connector-java-5.1.6-bin.jar:/home/travis/build/icyphy/ptII/vendors/misc/sphinx4/sphinx4-data-5prealpha.jar:/home/travis/build/icyphy/ptII/vendors/misc/sphinx4/sphinx4-core-5prealpha.jar:/home/travis/build/icyphy/ptII/lib/PDFRenderer.jar:/home/travis/build/icyphy/ptII/lib/svgSalamander.jar:/home/travis/build/icyphy/ptII/lib/rsyntaxtextarea-2.6.0-SNAPSHOT.jar:/home/travis/build/icyphy/ptII/lib/hazelcast-3.8.2.jar:/home/travis/build/icyphy/ptII/lib/jackson-annotations-2.9.0.jar:/home/travis/build/icyphy/ptII/lib/jackson-core-2.9.3.jar:/home/travis/build/icyphy/ptII/lib/jackson-databind-2.9.3.jar:/home/travis/build/icyphy/ptII/lib/netty-buffer-4.1.19.Final.jar:/home/travis/build/icyphy/ptII/lib/netty-codec-4.1.19.Final.jar:/home/travis/build/icyphy/ptII/lib/netty-codec-dns-4.1.19.Final.jar:/home/travis/build/icyphy/ptII/lib/netty-codec-http-4.1.19.Final.jar:/home/travis/build/icyphy/ptII/lib/netty-codec-http2-4.1.19.Final.jar:/home/travis/build/icyphy/ptII/lib/netty-common-4.1.19.Final.jar:/home/travis/build/icyphy/ptII/lib/netty-handler-4.1.19.Final.jar:/home/travis/build/icyphy/ptII/lib/netty-resolver-4.1.19.Final.jar:/home/travis/build/icyphy/ptII/lib/netty-resolver-dns-4.1.19.Final.jar:/home/travis/build/icyphy/ptII/lib/netty-transport-4.1.19.Final.jar:/home/travis/build/icyphy/ptII/lib/vertx-codegen-3.5.1.jar:/home/travis/build/icyphy/ptII/lib/vertx-core-3.5.2-SNAPSHOT.jar:/home/travis/build/icyphy/ptII/lib/vertx-hazelcast-3.5.1.jar:/home/travis/build/icyphy/ptII/lib/vertx-lang-js-3.5.1.jar:/home/travis/build/icyphy/ptII/lib/vertx-service-proxy-3.5.1.jar:/home/travis/build/icyphy/ptII/lib/vertx-web-3.5.1.jar:/home/travis/build/icyphy/ptII/lib/slf4j-api-1.7.13.jar:/home/travis/build/icyphy/ptII/lib/slf4j-simple-1.7.13.jar:/home/travis/build/icyphy/ptII/lib/webcam-capture-0.3.12.jar:/home/travis/build/icyphy/ptII/lib/bridj-0.7.0.jar:/home/travis/build/icyphy/ptII/lib/xbjlib-1.1.0.nrjavaserial.jar:/home/travis/build/icyphy/ptII/ptolemy/moml/test:/home/travis/build/icyphy/ptII/ant/lib/ant-launcher.jar:/home/travis/build/icyphy/ptII/ant/lib/ant.jar:/home/travis/build/icyphy/ptII/ant/lib/ant-junit.jar:/home/travis/build/icyphy/ptII/ant/lib/ant-junit4.jar" />
    <property name="ant.library.dir" value="/home/travis/build/icyphy/ptII/ant/lib" />
    <property name="os.arch" value="amd64" />
    <property name="env.TRAVIS_LANGUAGE" value="node_js" />
    <property name="env.CONTINUOUS_INTEGRATION" value="true" />
    <property name="env.TRAVIS_STACK_LANGUAGES" value="__garnet__ c c++ clojure cplusplus cpp default go groovy java node_js php pure_java python ruby scala" />
    <property name="test.name" value="ptolemy.actor.lib.test.junit.JUnitTclTest" />
    <property name="sun.java.launcher" value="SUN_STANDARD" />
    <property name="env.PYTHON_CONFIGURE_OPTS" value="--enable-unicode=ucs4 --with-wide-unicode --enable-shared --enable-ipv6 --enable-loadable-sqlite-extensions --with-computed-gotos" />
    <property name="ant.core.lib" value="/home/travis/build/icyphy/ptII/ant/lib/ant.jar" />
    <property name="java.vm.specification.vendor" value="Oracle Corporation" />
    <property name="env.BCVTB_HOME" value="/home/travis/build/icyphy/ptII/lbnl" />
    <property name="file.separator" value="/" />
    <property name="spotbugs.home" value="/home/travis/build/icyphy/ptII/vendors/spotbugs-3.1.1" />
    <property name="java.runtime.version" value="1.8.0_151-b12" />
    <property name="sun.boot.class.path" value="/usr/lib/jvm/java-8-oracle/jre/lib/resources.jar:/usr/lib/jvm/java-8-oracle/jre/lib/rt.jar:/usr/lib/jvm/java-8-oracle/jre/lib/sunrsasign.jar:/usr/lib/jvm/java-8-oracle/jre/lib/jsse.jar:/usr/lib/jvm/java-8-oracle/jre/lib/jce.jar:/usr/lib/jvm/java-8-oracle/jre/lib/charsets.jar:/usr/lib/jvm/java-8-oracle/jre/lib/jfr.jar:/usr/lib/jvm/java-8-oracle/jre/classes" />
    <property name="env.ANSI_CLEAR" value="\033[0K" />
    <property name="env.HAS_JOSH_K_SEAL_OF_APPROVAL" value="true" />
    <property name="env.XDG_RUNTIME_DIR" value="/run/user/2000" />
    <property name="env.TRAVIS_OSX_IMAGE" value="" />
    <property name="env.TRAVIS_BRANCH" value="master" />
    <property name="env.TRAVIS_JOB_ID" value="467312780" />
    <property name="user.country" value="US" />
    <property name="env.CERTI_HOME_TRAVIS" value="/home/travis/pthla/certi-tools" />
    <property name="env.SHELL" value="/bin/bash" />
    <property name="java.maxmemory.large" value="5000m" />
    <property name="model" value="" />
    <property name="env.CASHER_DIR" value="/home/travis/.casher" />
    <property name="env.NVM_CD_FLAGS" value="" />
    <property name="jshint.executable" value="/home/travis/node_modules/jshint/bin/jshint" />
    <property name="java.vendor" value="Oracle Corporation" />
    <property name="env.JRUBY_OPTS" value=" --client -J-XX:+TieredCompilation -J-XX:TieredStopAtLevel=1 -J-Xss2m -Xcompile.invokedynamic=false" />
    <property name="env.TRAVIS_PRE_CHEF_BOOTSTRAP_TIME" value="2017-12-05T19:32:55" />
    <property name="env.TRAVIS_STACK_JOB_BOARD_REGISTER" value="/.job-board-register.yml" />
    <property name="env.ELIXIR_VERSION" value="1.4.5" />
    <property name="env.ANSI_RED" value="\033[31;1m" />
    <property name="java.specification.version" value="1.8" />
    <property name="env.TRAVIS" value="true" />
    <property name="env.IRBRC" value="/home/travis/.rvm/rubies/ruby-2.4.1/.irbrc" />
    <property name="sun.arch.data.model" value="64" />
  </properties>
  <testcase classname="ptolemy.util.test.junit.TclTests" name="[0] /home/travis/build/icyphy/ptII/ptolemy/actor/lib/test/AbsoluteValue.tcl (RunTclFile)" time="0.408" />
  <testcase classname="ptolemy.util.test.junit.TclTests" name="[1] /home/travis/build/icyphy/ptII/ptolemy/actor/lib/test/AddSubtract.tcl (RunTclFile)" time="0.083" />
  <testcase classname="ptolemy.util.test.junit.TclTests" name="[2] /home/travis/build/icyphy/ptII/ptolemy/actor/lib/test/Average.tcl (RunTclFile)" time="0.026" />
  <testcase classname="ptolemy.util.test.junit.TclTests" name="[3] /home/travis/build/icyphy/ptII/ptolemy/actor/lib/test/Bernoulli.tcl (RunTclFile)" time="0.026" />
  <testcase classname="ptolemy.util.test.junit.TclTests" name="[4] /home/travis/build/icyphy/ptII/ptolemy/actor/lib/test/Clock.tcl (RunTclFile)" time="0.102" />
  <testcase classname="ptolemy.util.test.junit.TclTests" name="[5] /home/travis/build/icyphy/ptII/ptolemy/actor/lib/test/Commutator.tcl (RunTclFile)" time="0.13" />
  <testcase classname="ptolemy.util.test.junit.TclTests" name="[6] /home/travis/build/icyphy/ptII/ptolemy/actor/lib/test/Const.tcl (RunTclFile)" time="0.124" />
  <testcase classname="ptolemy.util.test.junit.TclTests" name="[7] /home/travis/build/icyphy/ptII/ptolemy/actor/lib/test/CurrentTime.tcl (RunTclFile)" time="0.019" />
  <testcase classname="ptolemy.util.test.junit.TclTests" name="[8] /home/travis/build/icyphy/ptII/ptolemy/actor/lib/test/DB.tcl (RunTclFile)" time="0.017" />
  <testcase classname="ptolemy.util.test.junit.TclTests" name="[9] /home/travis/build/icyphy/ptII/ptolemy/actor/lib/test/DiscreteRandomSource.tcl (RunTclFile)" time="0.022" />
  <testcase classname="ptolemy.util.test.junit.TclTests" name="[10] /home/travis/build/icyphy/ptII/ptolemy/actor/lib/test/Distributor.tcl (RunTclFile)" time="0.046" />
  <testcase classname="ptolemy.util.test.junit.TclTests" name="[11] /home/travis/build/icyphy/ptII/ptolemy/actor/lib/test/Exit.tcl (RunTclFile)" time="0.065" />
  <testcase classname="ptolemy.util.test.junit.TclTests" name="[12] /home/travis/build/icyphy/ptII/ptolemy/actor/lib/test/Expression.tcl (RunTclFile)" time="0.113" />
  <testcase classname="ptolemy.util.test.junit.TclTests" name="[13] /home/travis/build/icyphy/ptII/ptolemy/actor/lib/test/Gaussian.tcl (RunTclFile)" time="0.183" />
  <testcase classname="ptolemy.util.test.junit.TclTests" name="[14] /home/travis/build/icyphy/ptII/ptolemy/actor/lib/test/IIR.tcl (RunTclFile)" time="0.055" />
  <testcase classname="ptolemy.util.test.junit.TclTests" name="[15] /home/travis/build/icyphy/ptII/ptolemy/actor/lib/test/Interpolator.tcl (RunTclFile)" time="0.091" />
  <testcase classname="ptolemy.util.test.junit.TclTests" name="[16] /home/travis/build/icyphy/ptII/ptolemy/actor/lib/test/MathFunction.tcl (RunTclFile)" time="0.068" />
  <testcase classname="ptolemy.util.test.junit.TclTests" name="[17] /home/travis/build/icyphy/ptII/ptolemy/actor/lib/test/Maximum.tcl (RunTclFile)" time="0.039" />
  <testcase classname="ptolemy.util.test.junit.TclTests" name="[18] /home/travis/build/icyphy/ptII/ptolemy/actor/lib/test/Minimum.tcl (RunTclFile)" time="0.028" />
  <testcase classname="ptolemy.util.test.junit.TclTests" name="[19] /home/travis/build/icyphy/ptII/ptolemy/actor/lib/test/MultiplyDivide.tcl (RunTclFile)" time="0.024" />
  <testcase classname="ptolemy.util.test.junit.TclTests" name="[20] /home/travis/build/icyphy/ptII/ptolemy/actor/lib/test/OrderedMerge.tcl (RunTclFile)" time="0.089" />
  <testcase classname="ptolemy.util.test.junit.TclTests" name="[21] /home/travis/build/icyphy/ptII/ptolemy/actor/lib/test/Publisher.tcl (RunTclFile)" time="0.515" />
  <testcase classname="ptolemy.util.test.junit.TclTests" name="[22] /home/travis/build/icyphy/ptII/ptolemy/actor/lib/test/Pulse.tcl (RunTclFile)" time="0.028" />
  <testcase classname="ptolemy.util.test.junit.TclTests" name="[23] /home/travis/build/icyphy/ptII/ptolemy/actor/lib/test/Ramp.tcl (RunTclFile)" time="1.697" />
  <testcase classname="ptolemy.util.test.junit.TclTests" name="[24] /home/travis/build/icyphy/ptII/ptolemy/actor/lib/test/RampContinuous.tcl (RunTclFile)" time="0.018" />
  <testcase classname="ptolemy.util.test.junit.TclTests" name="[25] /home/travis/build/icyphy/ptII/ptolemy/actor/lib/test/RecordAssembler.tcl (RunTclFile)" time="0.014" />
  <testcase classname="ptolemy.util.test.junit.TclTests" name="[26] /home/travis/build/icyphy/ptII/ptolemy/actor/lib/test/RecordDisassembler.tcl (RunTclFile)" time="0.016" />
  <testcase classname="ptolemy.util.test.junit.TclTests" name="[27] /home/travis/build/icyphy/ptII/ptolemy/actor/lib/test/Scale.tcl (RunTclFile)" time="0.016" />
  <testcase classname="ptolemy.util.test.junit.TclTests" name="[28] /home/travis/build/icyphy/ptII/ptolemy/actor/lib/test/SequentialClock.tcl (RunTclFile)" time="0.012" />
  <testcase classname="ptolemy.util.test.junit.TclTests" name="[29] /home/travis/build/icyphy/ptII/ptolemy/actor/lib/test/SetVariable.tcl (RunTclFile)" time="0.012" />
  <testcase classname="ptolemy.util.test.junit.TclTests" name="[30] /home/travis/build/icyphy/ptII/ptolemy/actor/lib/test/Sinewave.tcl (RunTclFile)" time="0.024" />
  <testcase classname="ptolemy.util.test.junit.TclTests" name="[31] /home/travis/build/icyphy/ptII/ptolemy/actor/lib/test/SubscriptionAggregator.tcl (RunTclFile)" time="1.938" />
  <testcase classname="ptolemy.util.test.junit.TclTests" name="[32] /home/travis/build/icyphy/ptII/ptolemy/actor/lib/test/Test.tcl (RunTclFile)" time="0.092" />
  <testcase classname="ptolemy.util.test.junit.TclTests" name="[33] /home/travis/build/icyphy/ptII/ptolemy/actor/lib/test/TestExceptionHandler.tcl (RunTclFile)" time="0.009" />
  <testcase classname="ptolemy.util.test.junit.TclTests" name="[34] /home/travis/build/icyphy/ptII/ptolemy/actor/lib/test/UnionDisassembler.tcl (RunTclFile)" time="0.068" />
  <testcase classname="ptolemy.util.test.junit.TclTests" name="[35] /home/travis/build/icyphy/ptII/ptolemy/actor/lib/test/VariableClock.tcl (RunTclFile)" time="0.02" />
  <testcase classname="ptolemy.util.test.junit.AutoKnownFailedTests" name="[0] /home/travis/build/icyphy/ptII/ptolemy/actor/lib/test/auto/knownFailedTests/PublisherPortToplevelSubscriber.xml (RunModel)" time="0.02" />
  <testcase classname="ptolemy.util.test.junit.AutoKnownFailedTests" name="[1] /home/travis/build/icyphy/ptII/ptolemy/actor/lib/test/auto/knownFailedTests/PublisherSubscriberPortToplevel.xml (RunModel)" time="0.019" />
  <testcase classname="ptolemy.util.test.junit.AutoKnownFailedTests" name="[2] /home/travis/build/icyphy/ptII/ptolemy/actor/lib/test/auto/knownFailedTests/PublisherSubscriptionAggregatorPort.xml (RunModel)" time="0.022" />
  <testcase classname="ptolemy.util.test.junit.AutoKnownFailedTests" name="[3] /home/travis/build/icyphy/ptII/ptolemy/actor/lib/test/auto/knownFailedTests/sizedarray3.xml (RunModel)" time="0.023" />
  <testcase classname="ptolemy.util.test.junit.AutoNameArchTests" name="[0] ThereAreNoAutoArchTests (RunModel)" time="0.002" />
  <testcase classname="ptolemy.util.test.junit.AutoTests" name="[0] /home/travis/build/icyphy/ptII/ptolemy/actor/lib/test/auto/AbsoluteValue.xml (RunModel)" time="0.095" />
  <testcase classname="ptolemy.util.test.junit.AutoTests" name="[1] /home/travis/build/icyphy/ptII/ptolemy/actor/lib/test/auto/AbsoluteValue2.xml (RunModel)" time="0.072" />
  <testcase classname="ptolemy.util.test.junit.AutoTests" name="[2] /home/travis/build/icyphy/ptII/ptolemy/actor/lib/test/auto/Accumulator.xml (RunModel)" time="0.044" />
  <testcase classname="ptolemy.util.test.junit.AutoTests" name="[3] /home/travis/build/icyphy/ptII/ptolemy/actor/lib/test/auto/Accumulator2.xml (RunModel)" time="0.043" />
  <testcase classname="ptolemy.util.test.junit.AutoTests" name="[4] /home/travis/build/icyphy/ptII/ptolemy/actor/lib/test/auto/Accumulator3.xml (RunModel)" time="0.042" />
  <testcase classname="ptolemy.util.test.junit.AutoTests" name="[5] /home/travis/build/icyphy/ptII/ptolemy/actor/lib/test/auto/ArrayAppend.xml (RunModel)" time="0.036" />
  <testcase classname="ptolemy.util.test.junit.AutoTests" name="[6] /home/travis/build/icyphy/ptII/ptolemy/actor/lib/test/auto/ArrayAppend2.xml (RunModel)" time="0.508" />
  <testcase classname="ptolemy.util.test.junit.AutoTests" name="[7] /home/travis/build/icyphy/ptII/ptolemy/actor/lib/test/auto/ArrayAppend3.xml (RunModel)" time="0.033" />
  <testcase classname="ptolemy.util.test.junit.AutoTests" name="[8] /home/travis/build/icyphy/ptII/ptolemy/actor/lib/test/auto/ArrayAppend4.xml (RunModel)" time="0.03" />
  <testcase classname="ptolemy.util.test.junit.AutoTests" name="[9] /home/travis/build/icyphy/ptII/ptolemy/actor/lib/test/auto/ArrayAppend5.xml (RunModel)" time="0.021" />
  <testcase classname="ptolemy.util.test.junit.AutoTests" name="[10] /home/travis/build/icyphy/ptII/ptolemy/actor/lib/test/auto/ArrayAppend6.xml (RunModel)" time="0.022" />
  <testcase classname="ptolemy.util.test.junit.AutoTests" name="[11] /home/travis/build/icyphy/ptII/ptolemy/actor/lib/test/auto/ArrayAppendPerformanceTest.xml (RunModel)" time="0.041" />
  <testcase classname="ptolemy.util.test.junit.AutoTests" name="[12] /home/travis/build/icyphy/ptII/ptolemy/actor/lib/test/auto/ArrayAppendWithEmptyInput.xml (RunModel)" time="0.052" />
  <testcase classname="ptolemy.util.test.junit.AutoTests" name="[13] /home/travis/build/icyphy/ptII/ptolemy/actor/lib/test/auto/ArrayAverage.xml (RunModel)" time="0.03" />
  <testcase classname="ptolemy.util.test.junit.AutoTests" name="[14] /home/travis/build/icyphy/ptII/ptolemy/actor/lib/test/auto/ArrayContains.xml (RunModel)" time="0.046" />
  <testcase classname="ptolemy.util.test.junit.AutoTests" name="[15] /home/travis/build/icyphy/ptII/ptolemy/actor/lib/test/auto/ArrayElement.xml (RunModel)" time="0.037" />
  <testcase classname="ptolemy.util.test.junit.AutoTests" name="[16] /home/travis/build/icyphy/ptII/ptolemy/actor/lib/test/auto/ArrayElementAsMatrix.xml (RunModel)" time="0.045" />
  <testcase classname="ptolemy.util.test.junit.AutoTests" name="[17] /home/travis/build/icyphy/ptII/ptolemy/actor/lib/test/auto/ArrayElementI.xml (RunModel)" time="0.02" />
  <testcase classname="ptolemy.util.test.junit.AutoTests" name="[18] /home/travis/build/icyphy/ptII/ptolemy/actor/lib/test/auto/ArrayExtract.xml (RunModel)" time="0.038" />
  <testcase classname="ptolemy.util.test.junit.AutoTests" name="[19] /home/travis/build/icyphy/ptII/ptolemy/actor/lib/test/auto/ArrayExtract2.xml (RunModel)" time="0.019" />
  <testcase classname="ptolemy.util.test.junit.AutoTests" name="[20] /home/travis/build/icyphy/ptII/ptolemy/actor/lib/test/auto/ArrayLength.xml (RunModel)" time="0.02" />
  <testcase classname="ptolemy.util.test.junit.AutoTests" name="[21] /home/travis/build/icyphy/ptII/ptolemy/actor/lib/test/auto/ArrayLevelCrossing.xml (RunModel)" time="0.032" />
  <testcase classname="ptolemy.util.test.junit.AutoTests" name="[22] /home/travis/build/icyphy/ptII/ptolemy/actor/lib/test/auto/ArrayLevelCrossing2.xml (RunModel)" time="0.027" />
  <testcase classname="ptolemy.util.test.junit.AutoTests" name="[23] /home/travis/build/icyphy/ptII/ptolemy/actor/lib/test/auto/ArrayPeakSearch.xml (RunModel)" time="0.041" />
  <testcase classname="ptolemy.util.test.junit.AutoTests" name="[24] /home/travis/build/icyphy/ptII/ptolemy/actor/lib/test/auto/ArrayPeakSearch2.xml (RunModel)" time="0.034" />
  <testcase classname="ptolemy.util.test.junit.AutoTests" name="[25] /home/travis/build/icyphy/ptII/ptolemy/actor/lib/test/auto/ArrayPeakSearch3.xml (RunModel)" time="0.026" />
  <testcase classname="ptolemy.util.test.junit.AutoTests" name="[26] /home/travis/build/icyphy/ptII/ptolemy/actor/lib/test/auto/ArrayRemoveElement.xml (RunModel)" time="0.035" />
  <testcase classname="ptolemy.util.test.junit.AutoTests" name="[27] /home/travis/build/icyphy/ptII/ptolemy/actor/lib/test/auto/ArraySort.xml (RunModel)" time="0.044" />
  <testcase classname="ptolemy.util.test.junit.AutoTests" name="[28] /home/travis/build/icyphy/ptII/ptolemy/actor/lib/test/auto/ArraySum.xml (RunModel)" time="0.018" />
  <testcase classname="ptolemy.util.test.junit.AutoTests" name="[29] /home/travis/build/icyphy/ptII/ptolemy/actor/lib/test/auto/ArrayToElements.xml (RunModel)" time="0.022" />
  <testcase classname="ptolemy.util.test.junit.AutoTests" name="[30] /home/travis/build/icyphy/ptII/ptolemy/actor/lib/test/auto/ArrayToMatrix.xml (RunModel)" time="0.062" />
  <testcase classname="ptolemy.util.test.junit.AutoTests" name="[31] /home/travis/build/icyphy/ptII/ptolemy/actor/lib/test/auto/ArrayUpdate1.xml (RunModel)" time="0.02" />
  <testcase classname="ptolemy.util.test.junit.AutoTests" name="[32] /home/travis/build/icyphy/ptII/ptolemy/actor/lib/test/auto/ArrayUpdate2.xml (RunModel)" time="0.023" />
  <testcase classname="ptolemy.util.test.junit.AutoTests" name="[33] /home/travis/build/icyphy/ptII/ptolemy/actor/lib/test/auto/ArrayUpdate3.xml (RunModel)" time="0.016" />
  <testcase classname="ptolemy.util.test.junit.AutoTests" name="[34] /home/travis/build/icyphy/ptII/ptolemy/actor/lib/test/auto/Assert1.xml (RunModel)" time="0.023" />
  <testcase classname="ptolemy.util.test.junit.AutoTests" name="[35] /home/travis/build/icyphy/ptII/ptolemy/actor/lib/test/auto/Assert2.xml (RunModel)" time="0.017" />
  <testcase classname="ptolemy.util.test.junit.AutoTests" name="[36] /home/travis/build/icyphy/ptII/ptolemy/actor/lib/test/auto/BooleanMultiplexor.xml (RunModel)" time="0.022" />
  <testcase classname="ptolemy.util.test.junit.AutoTests" name="[37] /home/travis/build/icyphy/ptII/ptolemy/actor/lib/test/auto/BooleanMultiplexor2.xml (RunModel)" time="0.029" />
  <testcase classname="ptolemy.util.test.junit.AutoTests" name="[38] /home/travis/build/icyphy/ptII/ptolemy/actor/lib/test/auto/BooleanMultiplexor3.xml (RunModel)" time="0.019" />
  <testcase classname="ptolemy.util.test.junit.AutoTests" name="[39] /home/travis/build/icyphy/ptII/ptolemy/actor/lib/test/auto/BooleanSelect.xml (RunModel)" time="0.025" />
  <testcase classname="ptolemy.util.test.junit.AutoTests" name="[40] /home/travis/build/icyphy/ptII/ptolemy/actor/lib/test/auto/BooleanSelect2.xml (RunModel)" time="0.015" />
  <testcase classname="ptolemy.util.test.junit.AutoTests" name="[41] /home/travis/build/icyphy/ptII/ptolemy/actor/lib/test/auto/BooleanSwitch.xml (RunModel)" time="0.024" />
  <testcase classname="ptolemy.util.test.junit.AutoTests" name="[42] /home/travis/build/icyphy/ptII/ptolemy/actor/lib/test/auto/BooleanSwitch2.xml (RunModel)" time="0.014" />
  <testcase classname="ptolemy.util.test.junit.AutoTests" name="[43] /home/travis/build/icyphy/ptII/ptolemy/actor/lib/test/auto/BooleanSwitchCloningBugWithClassRelationGroup.xml (RunModel)" time="0.034" />
  <testcase classname="ptolemy.util.test.junit.AutoTests" name="[44] /home/travis/build/icyphy/ptII/ptolemy/actor/lib/test/auto/BusActors.xml (RunModel)" time="0.035" />
  <testcase classname="ptolemy.util.test.junit.AutoTests" name="[45] /home/travis/build/icyphy/ptII/ptolemy/actor/lib/test/auto/ClassWrapper.xml (RunModel)" time="0.009" />
  <testcase classname="ptolemy.util.test.junit.AutoTests" name="[46] /home/travis/build/icyphy/ptII/ptolemy/actor/lib/test/auto/Clock.xml (RunModel)" time="0.018" />
  <testcase classname="ptolemy.util.test.junit.AutoTests" name="[47] /home/travis/build/icyphy/ptII/ptolemy/actor/lib/test/auto/Clock10.xml (RunModel)" time="0.017" />
  <testcase classname="ptolemy.util.test.junit.AutoTests" name="[48] /home/travis/build/icyphy/ptII/ptolemy/actor/lib/test/auto/Clock11.xml (RunModel)" time="0.019" />
  <testcase classname="ptolemy.util.test.junit.AutoTests" name="[49] /home/travis/build/icyphy/ptII/ptolemy/actor/lib/test/auto/Clock12.xml (RunModel)" time="0.016" />
  <testcase classname="ptolemy.util.test.junit.AutoTests" name="[50] /home/travis/build/icyphy/ptII/ptolemy/actor/lib/test/auto/Clock13.xml (RunModel)" time="0.017" />
  <testcase classname="ptolemy.util.test.junit.AutoTests" name="[51] /home/travis/build/icyphy/ptII/ptolemy/actor/lib/test/auto/Clock14.xml (RunModel)" time="0.019" />
  <testcase classname="ptolemy.util.test.junit.AutoTests" name="[52] /home/travis/build/icyphy/ptII/ptolemy/actor/lib/test/auto/Clock15.xml (RunModel)" time="0.014" />
  <testcase classname="ptolemy.util.test.junit.AutoTests" name="[53] /home/travis/build/icyphy/ptII/ptolemy/actor/lib/test/auto/Clock16.xml (RunModel)" time="0.077" />
  <testcase classname="ptolemy.util.test.junit.AutoTests" name="[54] /home/travis/build/icyphy/ptII/ptolemy/actor/lib/test/auto/Clock17.xml (RunModel)" time="0.055" />
  <testcase classname="ptolemy.util.test.junit.AutoTests" name="[55] /home/travis/build/icyphy/ptII/ptolemy/actor/lib/test/auto/Clock18.xml (RunModel)" time="0.036" />
  <testcase classname="ptolemy.util.test.junit.AutoTests" name="[56] /home/travis/build/icyphy/ptII/ptolemy/actor/lib/test/auto/Clock19.xml (RunModel)" time="0.045" />
  <testcase classname="ptolemy.util.test.junit.AutoTests" name="[57] /home/travis/build/icyphy/ptII/ptolemy/actor/lib/test/auto/Clock2.xml (RunModel)" time="0.014" />
  <testcase classname="ptolemy.util.test.junit.AutoTests" name="[58] /home/travis/build/icyphy/ptII/ptolemy/actor/lib/test/auto/Clock20.xml (RunModel)" time="0.027" />
  <testcase classname="ptolemy.util.test.junit.AutoTests" name="[59] /home/travis/build/icyphy/ptII/ptolemy/actor/lib/test/auto/Clock21.xml (RunModel)" time="0.016" />
  <testcase classname="ptolemy.util.test.junit.AutoTests" name="[60] /home/travis/build/icyphy/ptII/ptolemy/actor/lib/test/auto/Clock22.xml (RunModel)" time="0.015" />
  <testcase classname="ptolemy.util.test.junit.AutoTests" name="[61] /home/travis/build/icyphy/ptII/ptolemy/actor/lib/test/auto/Clock23.xml (RunModel)" time="0.018" />
  <testcase classname="ptolemy.util.test.junit.AutoTests" name="[62] /home/travis/build/icyphy/ptII/ptolemy/actor/lib/test/auto/Clock24.xml (RunModel)" time="0.016" />
  <testcase classname="ptolemy.util.test.junit.AutoTests" name="[63] /home/travis/build/icyphy/ptII/ptolemy/actor/lib/test/auto/Clock4.xml (RunModel)" time="0.015" />
  <testcase classname="ptolemy.util.test.junit.AutoTests" name="[64] /home/travis/build/icyphy/ptII/ptolemy/actor/lib/test/auto/Clock5.xml (RunModel)" time="0.015" />
  <testcase classname="ptolemy.util.test.junit.AutoTests" name="[65] /home/travis/build/icyphy/ptII/ptolemy/actor/lib/test/auto/Clock6.xml (RunModel)" time="0.007" />
  <testcase classname="ptolemy.util.test.junit.AutoTests" name="[66] /home/travis/build/icyphy/ptII/ptolemy/actor/lib/test/auto/Clock7.xml (RunModel)" time="0.01" />
  <testcase classname="ptolemy.util.test.junit.AutoTests" name="[67] /home/travis/build/icyphy/ptII/ptolemy/actor/lib/test/auto/Clock8.xml (RunModel)" time="0.017" />
  <testcase classname="ptolemy.util.test.junit.AutoTests" name="[68] /home/travis/build/icyphy/ptII/ptolemy/actor/lib/test/auto/Clock9.xml (RunModel)" time="0.015" />
  <testcase classname="ptolemy.util.test.junit.AutoTests" name="[69] /home/travis/build/icyphy/ptII/ptolemy/actor/lib/test/auto/CommDistDiscard.xml (RunModel)" time="0.021" />
  <testcase classname="ptolemy.util.test.junit.AutoTests" name="[70] /home/travis/build/icyphy/ptII/ptolemy/actor/lib/test/auto/Commutator.xml (RunModel)" time="0.013" />
  <testcase classname="ptolemy.util.test.junit.AutoTests" name="[71] /home/travis/build/icyphy/ptII/ptolemy/actor/lib/test/auto/Commutator2.xml (RunModel)" time="0.01" />
  <testcase classname="ptolemy.util.test.junit.AutoTests" name="[72] /home/travis/build/icyphy/ptII/ptolemy/actor/lib/test/auto/Commutator3.xml (RunModel)" time="0.011" />
  <testcase classname="ptolemy.util.test.junit.AutoTests" name="[73] /home/travis/build/icyphy/ptII/ptolemy/actor/lib/test/auto/Compare.xml (RunModel)" time="0.02" />
  <testcase classname="ptolemy.util.test.junit.AutoTests" name="[74] /home/travis/build/icyphy/ptII/ptolemy/actor/lib/test/auto/CompareDE.xml (RunModel)" time="0.038" />
  <testcase classname="ptolemy.util.test.junit.AutoTests" name="[75] /home/travis/build/icyphy/ptII/ptolemy/actor/lib/test/auto/ComplexDivide.xml (RunModel)" time="0.01" />
  <testcase classname="ptolemy.util.test.junit.AutoTests" name="[76] /home/travis/build/icyphy/ptII/ptolemy/actor/lib/test/auto/ComputeHistogram.xml (RunModel)" time="0.058" />
  <testcase classname="ptolemy.util.test.junit.AutoTests" name="[77] /home/travis/build/icyphy/ptII/ptolemy/actor/lib/test/auto/ConfigurationSelect.xml (RunModel)" time="0.012" />
  <testcase classname="ptolemy.util.test.junit.AutoTests" name="[78] /home/travis/build/icyphy/ptII/ptolemy/actor/lib/test/auto/ConfigurationSelect2.xml (RunModel)" time="0.011" />
  <testcase classname="ptolemy.util.test.junit.AutoTests" name="[79] /home/travis/build/icyphy/ptII/ptolemy/actor/lib/test/auto/ConfigurationSwitch.xml (RunModel)" time="0.011" />
  <testcase classname="ptolemy.util.test.junit.AutoTests" name="[80] /home/travis/build/icyphy/ptII/ptolemy/actor/lib/test/auto/ConfigurationSwitch2.xml (RunModel)" time="0.011" />
  <testcase classname="ptolemy.util.test.junit.AutoTests" name="[81] /home/travis/build/icyphy/ptII/ptolemy/actor/lib/test/auto/ConfigurationSwitchCloningBugWithClassRelationGroup.xml (RunModel)" time="0.019" />
  <testcase classname="ptolemy.util.test.junit.AutoTests" name="[82] /home/travis/build/icyphy/ptII/ptolemy/actor/lib/test/auto/ConfigurationSwitchSelectSDF.xml (RunModel)" time="0.015" />
  <testcase classname="ptolemy.util.test.junit.AutoTests" name="[83] /home/travis/build/icyphy/ptII/ptolemy/actor/lib/test/auto/ConfigurationSwitchSelectSDF2.xml (RunModel)" time="0.013" />
  <testcase classname="ptolemy.util.test.junit.AutoTests" name="[84] /home/travis/build/icyphy/ptII/ptolemy/actor/lib/test/auto/Const.xml (RunModel)" time="0.01" />
  <testcase classname="ptolemy.util.test.junit.AutoTests" name="[85] /home/travis/build/icyphy/ptII/ptolemy/actor/lib/test/auto/Const2.xml (RunModel)" time="0.01" />
  <testcase classname="ptolemy.util.test.junit.AutoTests" name="[86] /home/travis/build/icyphy/ptII/ptolemy/actor/lib/test/auto/Const3.xml (RunModel)" time="0.006" />
  <testcase classname="ptolemy.util.test.junit.AutoTests" name="[87] /home/travis/build/icyphy/ptII/ptolemy/actor/lib/test/auto/ConstantPublisherPort1.xml (RunModel)" time="0.023" />
  <testcase classname="ptolemy.util.test.junit.AutoTests" name="[88] /home/travis/build/icyphy/ptII/ptolemy/actor/lib/test/auto/ConstantPublisherPort2.xml (RunModel)" time="0.03" />
  <testcase classname="ptolemy.util.test.junit.AutoTests" name="[89] /home/travis/build/icyphy/ptII/ptolemy/actor/lib/test/auto/ConstantPublisherPort3.xml (RunModel)" time="0.019" />
  <testcase classname="ptolemy.util.test.junit.AutoTests" name="[90] /home/travis/build/icyphy/ptII/ptolemy/actor/lib/test/auto/ConstantPublisherPort4.xml (RunModel)" time="0.018" />
  <testcase classname="ptolemy.util.test.junit.AutoTests" name="[91] /home/travis/build/icyphy/ptII/ptolemy/actor/lib/test/auto/ConstantPublisherPort5.xml (RunModel)" time="0.042" />
  <testcase classname="ptolemy.util.test.junit.AutoTests" name="[92] /home/travis/build/icyphy/ptII/ptolemy/actor/lib/test/auto/ConstantPublisherPort6.xml (RunModel)" time="0.039" />
  <testcase classname="ptolemy.util.test.junit.AutoTests" name="[93] /home/travis/build/icyphy/ptII/ptolemy/actor/lib/test/auto/ConstantPublisherPort7.xml (RunModel)" time="0.037" />
  <testcase classname="ptolemy.util.test.junit.AutoTests" name="[94] /home/travis/build/icyphy/ptII/ptolemy/actor/lib/test/auto/ConstraintMonitor1.xml (RunModel)" time="0.034" />
  <testcase classname="ptolemy.util.test.junit.AutoTests" name="[95] /home/travis/build/icyphy/ptII/ptolemy/actor/lib/test/auto/ConstraintMonitor2.xml (RunModel)" time="0.011" />
  <testcase classname="ptolemy.util.test.junit.AutoTests" name="[96] /home/travis/build/icyphy/ptII/ptolemy/actor/lib/test/auto/ConstraintMonitor3.xml (RunModel)" time="0.046" />
  <testcase classname="ptolemy.util.test.junit.AutoTests" name="[97] /home/travis/build/icyphy/ptII/ptolemy/actor/lib/test/auto/ConstraintMonitor4.xml (RunModel)" time="0.01" />
  <testcase classname="ptolemy.util.test.junit.AutoTests" name="[98] /home/travis/build/icyphy/ptII/ptolemy/actor/lib/test/auto/ConstraintMonitor5.xml (RunModel)" time="0.01" />
  <testcase classname="ptolemy.util.test.junit.AutoTests" name="[99] /home/travis/build/icyphy/ptII/ptolemy/actor/lib/test/auto/ConstraintMonitor6.xml (RunModel)" time="0.015" />
  <testcase classname="ptolemy.util.test.junit.AutoTests" name="[100] /home/travis/build/icyphy/ptII/ptolemy/actor/lib/test/auto/ConstraintMonitor7.xml (RunModel)" time="0.015" />
  <testcase classname="ptolemy.util.test.junit.AutoTests" name="[101] /home/travis/build/icyphy/ptII/ptolemy/actor/lib/test/auto/ConstraintMonitor8.xml (RunModel)" time="0.019" />
  <testcase classname="ptolemy.util.test.junit.AutoTests" name="[102] /home/travis/build/icyphy/ptII/ptolemy/actor/lib/test/auto/Counter.xml (RunModel)" time="0.013" />
  <testcase classname="ptolemy.util.test.junit.AutoTests" name="[103] /home/travis/build/icyphy/ptII/ptolemy/actor/lib/test/auto/CurrentTimeSDF.xml (RunModel)" time="0.008" />
  <testcase classname="ptolemy.util.test.junit.AutoTests" name="[104] /home/travis/build/icyphy/ptII/ptolemy/actor/lib/test/auto/DB.xml (RunModel)" time="0.013" />
  <testcase classname="ptolemy.util.test.junit.AutoTests" name="[105] /home/travis/build/icyphy/ptII/ptolemy/actor/lib/test/auto/DBDE.xml (RunModel)" time="0.012" />
  <testcase classname="ptolemy.util.test.junit.AutoTests" name="[106] /home/travis/build/icyphy/ptII/ptolemy/actor/lib/test/auto/DateConstructor.xml (RunModel)" time="0.056" />
  <testcase classname="ptolemy.util.test.junit.AutoTests" name="[107] /home/travis/build/icyphy/ptII/ptolemy/actor/lib/test/auto/DelayTime.xml (RunModel)" time="0.014" />
  <testcase classname="ptolemy.util.test.junit.AutoTests" name="[108] /home/travis/build/icyphy/ptII/ptolemy/actor/lib/test/auto/Dictionary1.xml (RunModel)" time="0.016" />
  <testcase classname="ptolemy.util.test.junit.AutoTests" name="[109] /home/travis/build/icyphy/ptII/ptolemy/actor/lib/test/auto/Dictionary2.xml (RunModel)" time="0.018" />
  <testcase classname="ptolemy.util.test.junit.AutoTests" name="[110] /home/travis/build/icyphy/ptII/ptolemy/actor/lib/test/auto/Dictionary3.xml (RunModel)" time="0.015" />
  <testcase classname="ptolemy.util.test.junit.AutoTests" name="[111] /home/travis/build/icyphy/ptII/ptolemy/actor/lib/test/auto/Dictionary4.xml (RunModel)" time="0.016" />
  <testcase classname="ptolemy.util.test.junit.AutoTests" name="[112] /home/travis/build/icyphy/ptII/ptolemy/actor/lib/test/auto/Differential.xml (RunModel)" time="0.01" />
  <testcase classname="ptolemy.util.test.junit.AutoTests" name="[113] /home/travis/build/icyphy/ptII/ptolemy/actor/lib/test/auto/Director.xml (RunModel)" time="0.01" />
  <testcase classname="ptolemy.util.test.junit.AutoTests" name="[114] /home/travis/build/icyphy/ptII/ptolemy/actor/lib/test/auto/DiscreteClock.xml (RunModel)" time="0.007" />
  <testcase classname="ptolemy.util.test.junit.AutoTests" name="[115] /home/travis/build/icyphy/ptII/ptolemy/actor/lib/test/auto/DiscreteClock10.xml (RunModel)" time="0.015" />
  <testcase classname="ptolemy.util.test.junit.AutoTests" name="[116] /home/travis/build/icyphy/ptII/ptolemy/actor/lib/test/auto/DiscreteClock11.xml (RunModel)" time="0.01" />
  <testcase classname="ptolemy.util.test.junit.AutoTests" name="[117] /home/travis/build/icyphy/ptII/ptolemy/actor/lib/test/auto/DiscreteClock12.xml (RunModel)" time="0.012" />
  <testcase classname="ptolemy.util.test.junit.AutoTests" name="[118] /home/travis/build/icyphy/ptII/ptolemy/actor/lib/test/auto/DiscreteClock13.xml (RunModel)" time="0.021" />
  <testcase classname="ptolemy.util.test.junit.AutoTests" name="[119] /home/travis/build/icyphy/ptII/ptolemy/actor/lib/test/auto/DiscreteClock14.xml (RunModel)" time="0.015" />
  <testcase classname="ptolemy.util.test.junit.AutoTests" name="[120] /home/travis/build/icyphy/ptII/ptolemy/actor/lib/test/auto/DiscreteClock15.xml (RunModel)" time="0.014" />
  <testcase classname="ptolemy.util.test.junit.AutoTests" name="[121] /home/travis/build/icyphy/ptII/ptolemy/actor/lib/test/auto/DiscreteClock16.xml (RunModel)" time="0.044" />
  <testcase classname="ptolemy.util.test.junit.AutoTests" name="[122] /home/travis/build/icyphy/ptII/ptolemy/actor/lib/test/auto/DiscreteClock17.xml (RunModel)" time="0.04" />
  <testcase classname="ptolemy.util.test.junit.AutoTests" name="[123] /home/travis/build/icyphy/ptII/ptolemy/actor/lib/test/auto/DiscreteClock18.xml (RunModel)" time="0.042" />
  <testcase classname="ptolemy.util.test.junit.AutoTests" name="[124] /home/travis/build/icyphy/ptII/ptolemy/actor/lib/test/auto/DiscreteClock19.xml (RunModel)" time="0.047" />
  <testcase classname="ptolemy.util.test.junit.AutoTests" name="[125] /home/travis/build/icyphy/ptII/ptolemy/actor/lib/test/auto/DiscreteClock2.xml (RunModel)" time="0.013" />
  <testcase classname="ptolemy.util.test.junit.AutoTests" name="[126] /home/travis/build/icyphy/ptII/ptolemy/actor/lib/test/auto/DiscreteClock20.xml (RunModel)" time="0.021" />
  <testcase classname="ptolemy.util.test.junit.AutoTests" name="[127] /home/travis/build/icyphy/ptII/ptolemy/actor/lib/test/auto/DiscreteClock21.xml (RunModel)" time="0.018" />
  <testcase classname="ptolemy.util.test.junit.AutoTests" name="[128] /home/travis/build/icyphy/ptII/ptolemy/actor/lib/test/auto/DiscreteClock22.xml (RunModel)" time="0.019" />
  <testcase classname="ptolemy.util.test.junit.AutoTests" name="[129] /home/travis/build/icyphy/ptII/ptolemy/actor/lib/test/auto/DiscreteClock23.xml (RunModel)" time="0.018" />
  <testcase classname="ptolemy.util.test.junit.AutoTests" name="[130] /home/travis/build/icyphy/ptII/ptolemy/actor/lib/test/auto/DiscreteClock24.xml (RunModel)" time="0.58" />
  <testcase classname="ptolemy.util.test.junit.AutoTests" name="[131] /home/travis/build/icyphy/ptII/ptolemy/actor/lib/test/auto/DiscreteClock4.xml (RunModel)" time="0.012" />
  <testcase classname="ptolemy.util.test.junit.AutoTests" name="[132] /home/travis/build/icyphy/ptII/ptolemy/actor/lib/test/auto/DiscreteClock5.xml (RunModel)" time="0.009" />
  <testcase classname="ptolemy.util.test.junit.AutoTests" name="[133] /home/travis/build/icyphy/ptII/ptolemy/actor/lib/test/auto/DiscreteClock6.xml (RunModel)" time="0.007" />
  <testcase classname="ptolemy.util.test.junit.AutoTests" name="[134] /home/travis/build/icyphy/ptII/ptolemy/actor/lib/test/auto/DiscreteClock7.xml (RunModel)" time="0.008" />
  <testcase classname="ptolemy.util.test.junit.AutoTests" name="[135] /home/travis/build/icyphy/ptII/ptolemy/actor/lib/test/auto/DiscreteClock8.xml (RunModel)" time="0.01" />
  <testcase classname="ptolemy.util.test.junit.AutoTests" name="[136] /home/travis/build/icyphy/ptII/ptolemy/actor/lib/test/auto/DiscreteClock9.xml (RunModel)" time="0.01" />
  <testcase classname="ptolemy.util.test.junit.AutoTests" name="[137] /home/travis/build/icyphy/ptII/ptolemy/actor/lib/test/auto/DisplayArray.xml (RunModel)" time="0.007" />
  <testcase classname="ptolemy.util.test.junit.AutoTests" name="[138] /home/travis/build/icyphy/ptII/ptolemy/actor/lib/test/auto/Distributor.xml (RunModel)" time="0.011" />
  <testcase classname="ptolemy.util.test.junit.AutoTests" name="[139] /home/travis/build/icyphy/ptII/ptolemy/actor/lib/test/auto/Distributor2.xml (RunModel)" time="0.008" />
  <testcase classname="ptolemy.util.test.junit.AutoTests" name="[140] /home/travis/build/icyphy/ptII/ptolemy/actor/lib/test/auto/DownSample.xml (RunModel)" time="0.009" />
  <testcase classname="ptolemy.util.test.junit.AutoTests" name="[141] /home/travis/build/icyphy/ptII/ptolemy/actor/lib/test/auto/ElectronicUnitBase1.xml (RunModel)" time="0.054" />
  <testcase classname="ptolemy.util.test.junit.AutoTests" name="[142] /home/travis/build/icyphy/ptII/ptolemy/actor/lib/test/auto/ElementsToArray.xml (RunModel)" time="0.01" />
  <testcase classname="ptolemy.util.test.junit.AutoTests" name="[143] /home/travis/build/icyphy/ptII/ptolemy/actor/lib/test/auto/Equals.xml (RunModel)" time="0.01" />
  <testcase classname="ptolemy.util.test.junit.AutoTests" name="[144] /home/travis/build/icyphy/ptII/ptolemy/actor/lib/test/auto/Exec.xml (RunModel)" time="0.014" />
  <testcase classname="ptolemy.util.test.junit.AutoTests" name="[145] /home/travis/build/icyphy/ptII/ptolemy/actor/lib/test/auto/ExecEnvironment.xml (RunModel)" time="0.039" />
  <testcase classname="ptolemy.util.test.junit.AutoTests" name="[146] /home/travis/build/icyphy/ptII/ptolemy/actor/lib/test/auto/ExecNonZeroReturnOutput.xml (RunModel)" time="0.137" />
  <testcase classname="ptolemy.util.test.junit.AutoTests" name="[147] /home/travis/build/icyphy/ptII/ptolemy/actor/lib/test/auto/ExecRunDemos.xml (RunModel)" time="9.132" />
  <testcase classname="ptolemy.util.test.junit.AutoTests" name="[148] /home/travis/build/icyphy/ptII/ptolemy/actor/lib/test/auto/ExecStop.xml (RunModel)" time="5.036" />
  <testcase classname="ptolemy.util.test.junit.AutoTests" name="[149] /home/travis/build/icyphy/ptII/ptolemy/actor/lib/test/auto/ExecutionTimeSDF.xml (RunModel)" time="6.027" />
  <testcase classname="ptolemy.util.test.junit.AutoTests" name="[150] /home/travis/build/icyphy/ptII/ptolemy/actor/lib/test/auto/Expression1.xml (RunModel)" time="0.013" />
  <testcase classname="ptolemy.util.test.junit.AutoTests" name="[151] /home/travis/build/icyphy/ptII/ptolemy/actor/lib/test/auto/Expression10.xml (RunModel)" time="0.013" />
  <testcase classname="ptolemy.util.test.junit.AutoTests" name="[152] /home/travis/build/icyphy/ptII/ptolemy/actor/lib/test/auto/Expression11.xml (RunModel)" time="0.01" />
  <testcase classname="ptolemy.util.test.junit.AutoTests" name="[153] /home/travis/build/icyphy/ptII/ptolemy/actor/lib/test/auto/Expression12.xml (RunModel)" time="0.012" />
  <testcase classname="ptolemy.util.test.junit.AutoTests" name="[154] /home/travis/build/icyphy/ptII/ptolemy/actor/lib/test/auto/Expression13.xml (RunModel)" time="0.011" />
  <testcase classname="ptolemy.util.test.junit.AutoTests" name="[155] /home/travis/build/icyphy/ptII/ptolemy/actor/lib/test/auto/Expression14.xml (RunModel)" time="0.013" />
  <testcase classname="ptolemy.util.test.junit.AutoTests" name="[156] /home/travis/build/icyphy/ptII/ptolemy/actor/lib/test/auto/Expression15.xml (RunModel)" time="0.006" />
  <testcase classname="ptolemy.util.test.junit.AutoTests" name="[157] /home/travis/build/icyphy/ptII/ptolemy/actor/lib/test/auto/Expression16.xml (RunModel)" time="0.01" />
  <testcase classname="ptolemy.util.test.junit.AutoTests" name="[158] /home/travis/build/icyphy/ptII/ptolemy/actor/lib/test/auto/Expression17.xml (RunModel)" time="0.009" />
  <testcase classname="ptolemy.util.test.junit.AutoTests" name="[159] /home/travis/build/icyphy/ptII/ptolemy/actor/lib/test/auto/Expression18.xml (RunModel)" time="0.011" />
  <testcase classname="ptolemy.util.test.junit.AutoTests" name="[160] /home/travis/build/icyphy/ptII/ptolemy/actor/lib/test/auto/Expression2.xml (RunModel)" time="0.011" />
  <testcase classname="ptolemy.util.test.junit.AutoTests" name="[161] /home/travis/build/icyphy/ptII/ptolemy/actor/lib/test/auto/Expression3.xml (RunModel)" time="0.009" />
  <testcase classname="ptolemy.util.test.junit.AutoTests" name="[162] /home/travis/build/icyphy/ptII/ptolemy/actor/lib/test/auto/Expression4.xml (RunModel)" time="0.015" />
  <testcase classname="ptolemy.util.test.junit.AutoTests" name="[163] /home/travis/build/icyphy/ptII/ptolemy/actor/lib/test/auto/Expression5.xml (RunModel)" time="0.011" />
  <testcase classname="ptolemy.util.test.junit.AutoTests" name="[164] /home/travis/build/icyphy/ptII/ptolemy/actor/lib/test/auto/Expression6.xml (RunModel)" time="0.009" />
  <testcase classname="ptolemy.util.test.junit.AutoTests" name="[165] /home/travis/build/icyphy/ptII/ptolemy/actor/lib/test/auto/Expression7.xml (RunModel)" time="0.009" />
  <testcase classname="ptolemy.util.test.junit.AutoTests" name="[166] /home/travis/build/icyphy/ptII/ptolemy/actor/lib/test/auto/Expression8.xml (RunModel)" time="0.01" />
  <testcase classname="ptolemy.util.test.junit.AutoTests" name="[167] /home/travis/build/icyphy/ptII/ptolemy/actor/lib/test/auto/Expression9.xml (RunModel)" time="0.008" />
  <testcase classname="ptolemy.util.test.junit.AutoTests" name="[168] /home/travis/build/icyphy/ptII/ptolemy/actor/lib/test/auto/ExpressionConcatenateArrayType.xml (RunModel)" time="0.021" />
  <testcase classname="ptolemy.util.test.junit.AutoTests" name="[169] /home/travis/build/icyphy/ptII/ptolemy/actor/lib/test/auto/ExpressionConcatenateArrayType2.xml (RunModel)" time="0.013" />
  <testcase classname="ptolemy.util.test.junit.AutoTests" name="[170] /home/travis/build/icyphy/ptII/ptolemy/actor/lib/test/auto/ExpressionFix.xml (RunModel)" time="0.023" />
  <testcase classname="ptolemy.util.test.junit.AutoTests" name="[171] /home/travis/build/icyphy/ptII/ptolemy/actor/lib/test/auto/ExpressionFix2.xml (RunModel)" time="0.011" />
  <testcase classname="ptolemy.util.test.junit.AutoTests" name="[172] /home/travis/build/icyphy/ptII/ptolemy/actor/lib/test/auto/ExpressionFix3.xml (RunModel)" time="0.008" />
  <testcase classname="ptolemy.util.test.junit.AutoTests" name="[173] /home/travis/build/icyphy/ptII/ptolemy/actor/lib/test/auto/FileWriter1.xml (RunModel)" time="0.007" />
  <testcase classname="ptolemy.util.test.junit.AutoTests" name="[174] /home/travis/build/icyphy/ptII/ptolemy/actor/lib/test/auto/FileWriter2.xml (RunModel)" time="0.008" />
  <testcase classname="ptolemy.util.test.junit.AutoTests" name="[175] /home/travis/build/icyphy/ptII/ptolemy/actor/lib/test/auto/FileWriter3.xml (RunModel)" time="0.008" />
  <testcase classname="ptolemy.util.test.junit.AutoTests" name="[176] /home/travis/build/icyphy/ptII/ptolemy/actor/lib/test/auto/Gaussian.xml (RunModel)" time="0.01" />
  <testcase classname="ptolemy.util.test.junit.AutoTests" name="[177] /home/travis/build/icyphy/ptII/ptolemy/actor/lib/test/auto/Gaussian1.xml (RunModel)" time="0.01" />
  <testcase classname="ptolemy.util.test.junit.AutoTests" name="[178] /home/travis/build/icyphy/ptII/ptolemy/actor/lib/test/auto/Gaussian2.xml (RunModel)" time="0.011" />
  <testcase classname="ptolemy.util.test.junit.AutoTests" name="[179] /home/travis/build/icyphy/ptII/ptolemy/actor/lib/test/auto/GradientAdaptiveLattice.xml (RunModel)" time="0.025" />
  <testcase classname="ptolemy.util.test.junit.AutoTests" name="[180] /home/travis/build/icyphy/ptII/ptolemy/actor/lib/test/auto/IIR.xml (RunModel)" time="0.008" />
  <testcase classname="ptolemy.util.test.junit.AutoTests" name="[181] /home/travis/build/icyphy/ptII/ptolemy/actor/lib/test/auto/InputOutputTransparentPorts.xml (RunModel)" time="0.016" />
  <testcase classname="ptolemy.util.test.junit.AutoTests" name="[182] /home/travis/build/icyphy/ptII/ptolemy/actor/lib/test/auto/Interpolator.xml (RunModel)" time="0.009" />
  <testcase classname="ptolemy.util.test.junit.AutoTests" name="[183] /home/travis/build/icyphy/ptII/ptolemy/actor/lib/test/auto/InterpolatorFiringLimitDE.xml (RunModel)" time="0.01" />
  <testcase classname="ptolemy.util.test.junit.AutoTests" name="[184] /home/travis/build/icyphy/ptII/ptolemy/actor/lib/test/auto/Lattice.xml (RunModel)" time="0.006" />
  <testcase classname="ptolemy.util.test.junit.AutoTests" name="[185] /home/travis/build/icyphy/ptII/ptolemy/actor/lib/test/auto/LazyAOCTestLazy.xml (RunModel)" time="0.017" />
  <testcase classname="ptolemy.util.test.junit.AutoTests" name="[186] /home/travis/build/icyphy/ptII/ptolemy/actor/lib/test/auto/LazyAOCTestNonLazy.xml (RunModel)" time="0.013" />
  <testcase classname="ptolemy.util.test.junit.AutoTests" name="[187] /home/travis/build/icyphy/ptII/ptolemy/actor/lib/test/auto/LazyInnerClass.xml (RunModel)" time="0.018" />
  <testcase classname="ptolemy.util.test.junit.AutoTests" name="[188] /home/travis/build/icyphy/ptII/ptolemy/actor/lib/test/auto/LazyPubSub.xml (RunModel)" time="0.06" />
  <testcase classname="ptolemy.util.test.junit.AutoTests" name="[189] /home/travis/build/icyphy/ptII/ptolemy/actor/lib/test/auto/LazyPubSub2.xml (RunModel)" time="0.05" />
  <testcase classname="ptolemy.util.test.junit.AutoTests" name="[190] /home/travis/build/icyphy/ptII/ptolemy/actor/lib/test/auto/LazyPubSub3.xml (RunModel)" time="0.046" />
  <testcase classname="ptolemy.util.test.junit.AutoTests" name="[191] /home/travis/build/icyphy/ptII/ptolemy/actor/lib/test/auto/LazySubClassModel.xml (RunModel)" time="0.026" />
  <testcase classname="ptolemy.util.test.junit.AutoTests" name="[192] /home/travis/build/icyphy/ptII/ptolemy/actor/lib/test/auto/LevelCrossTest1.xml (RunModel)" time="0.009" />
  <testcase classname="ptolemy.util.test.junit.AutoTests" name="[193] /home/travis/build/icyphy/ptII/ptolemy/actor/lib/test/auto/LevelCrossTest10.xml (RunModel)" time="0.016" />
  <testcase classname="ptolemy.util.test.junit.AutoTests" name="[194] /home/travis/build/icyphy/ptII/ptolemy/actor/lib/test/auto/LevelCrossTest11.xml (RunModel)" time="0.011" />
  <testcase classname="ptolemy.util.test.junit.AutoTests" name="[195] /home/travis/build/icyphy/ptII/ptolemy/actor/lib/test/auto/LevelCrossTest12.xml (RunModel)" time="0.015" />
  <testcase classname="ptolemy.util.test.junit.AutoTests" name="[196] /home/travis/build/icyphy/ptII/ptolemy/actor/lib/test/auto/LevelCrossTest13.xml (RunModel)" time="0.011" />
  <testcase classname="ptolemy.util.test.junit.AutoTests" name="[197] /home/travis/build/icyphy/ptII/ptolemy/actor/lib/test/auto/LevelCrossTest2.xml (RunModel)" time="0.011" />
  <testcase classname="ptolemy.util.test.junit.AutoTests" name="[198] /home/travis/build/icyphy/ptII/ptolemy/actor/lib/test/auto/LevelCrossTest3.xml (RunModel)" time="0.027" />
  <testcase classname="ptolemy.util.test.junit.AutoTests" name="[199] /home/travis/build/icyphy/ptII/ptolemy/actor/lib/test/auto/LevelCrossTest4.xml (RunModel)" time="0.011" />
  <testcase classname="ptolemy.util.test.junit.AutoTests" name="[200] /home/travis/build/icyphy/ptII/ptolemy/actor/lib/test/auto/LevelCrossTest5.xml (RunModel)" time="0.013" />
  <testcase classname="ptolemy.util.test.junit.AutoTests" name="[201] /home/travis/build/icyphy/ptII/ptolemy/actor/lib/test/auto/LevelCrossTest6.xml (RunModel)" time="0.018" />
  <testcase classname="ptolemy.util.test.junit.AutoTests" name="[202] /home/travis/build/icyphy/ptII/ptolemy/actor/lib/test/auto/LevelCrossTest7.xml (RunModel)" time="0.016" />
  <testcase classname="ptolemy.util.test.junit.AutoTests" name="[203] /home/travis/build/icyphy/ptII/ptolemy/actor/lib/test/auto/LevelCrossTest8.xml (RunModel)" time="0.013" />
  <testcase classname="ptolemy.util.test.junit.AutoTests" name="[204] /home/travis/build/icyphy/ptII/ptolemy/actor/lib/test/auto/LevelCrossTest9.xml (RunModel)" time="0.012" />
  <testcase classname="ptolemy.util.test.junit.AutoTests" name="[205] /home/travis/build/icyphy/ptII/ptolemy/actor/lib/test/auto/LevinsonDurbin.xml (RunModel)" time="0.007" />
  <testcase classname="ptolemy.util.test.junit.AutoTests" name="[206] /home/travis/build/icyphy/ptII/ptolemy/actor/lib/test/auto/LevinsonDurbin2.xml (RunModel)" time="0.006" />
  <testcase classname="ptolemy.util.test.junit.AutoTests" name="[207] /home/travis/build/icyphy/ptII/ptolemy/actor/lib/test/auto/LevinsonDurbin3.xml (RunModel)" time="0.01" />
  <testcase classname="ptolemy.util.test.junit.AutoTests" name="[208] /home/travis/build/icyphy/ptII/ptolemy/actor/lib/test/auto/Limiter.xml (RunModel)" time="0.036" />
  <testcase classname="ptolemy.util.test.junit.AutoTests" name="[209] /home/travis/build/icyphy/ptII/ptolemy/actor/lib/test/auto/LinearDifferenceEquationSystem.xml (RunModel)" time="0.024" />
  <testcase classname="ptolemy.util.test.junit.AutoTests" name="[210] /home/travis/build/icyphy/ptII/ptolemy/actor/lib/test/auto/LookupTable.xml (RunModel)" time="0.024" />
  <testcase classname="ptolemy.util.test.junit.AutoTests" name="[211] /home/travis/build/icyphy/ptII/ptolemy/actor/lib/test/auto/MathFunction.xml (RunModel)" time="0.018" />
  <testcase classname="ptolemy.util.test.junit.AutoTests" name="[212] /home/travis/build/icyphy/ptII/ptolemy/actor/lib/test/auto/MathFunction2.xml (RunModel)" time="0.008" />
  <testcase classname="ptolemy.util.test.junit.AutoTests" name="[213] /home/travis/build/icyphy/ptII/ptolemy/actor/lib/test/auto/MathFunction3.xml (RunModel)" time="0.016" />
  <testcase classname="ptolemy.util.test.junit.AutoTests" name="[214] /home/travis/build/icyphy/ptII/ptolemy/actor/lib/test/auto/MatrixCropBoolean.xml (RunModel)" time="0.011" />
  <testcase classname="ptolemy.util.test.junit.AutoTests" name="[215] /home/travis/build/icyphy/ptII/ptolemy/actor/lib/test/auto/MatrixCropComplex.xml (RunModel)" time="0.007" />
  <testcase classname="ptolemy.util.test.junit.AutoTests" name="[216] /home/travis/build/icyphy/ptII/ptolemy/actor/lib/test/auto/MatrixCropDouble.xml (RunModel)" time="0.008" />
  <testcase classname="ptolemy.util.test.junit.AutoTests" name="[217] /home/travis/build/icyphy/ptII/ptolemy/actor/lib/test/auto/MatrixCropFix.xml (RunModel)" time="0.009" />
  <testcase classname="ptolemy.util.test.junit.AutoTests" name="[218] /home/travis/build/icyphy/ptII/ptolemy/actor/lib/test/auto/MatrixCropInt.xml (RunModel)" time="0.008" />
  <testcase classname="ptolemy.util.test.junit.AutoTests" name="[219] /home/travis/build/icyphy/ptII/ptolemy/actor/lib/test/auto/MatrixCropLong.xml (RunModel)" time="0.007" />
  <testcase classname="ptolemy.util.test.junit.AutoTests" name="[220] /home/travis/build/icyphy/ptII/ptolemy/actor/lib/test/auto/MatrixToArray.xml (RunModel)" time="0.036" />
  <testcase classname="ptolemy.util.test.junit.AutoTests" name="[221] /home/travis/build/icyphy/ptII/ptolemy/actor/lib/test/auto/MaxIndex.xml (RunModel)" time="0.009" />
  <testcase classname="ptolemy.util.test.junit.AutoTests" name="[222] /home/travis/build/icyphy/ptII/ptolemy/actor/lib/test/auto/Maximum.xml (RunModel)" time="0.01" />
  <testcase classname="ptolemy.util.test.junit.AutoTests" name="[223] /home/travis/build/icyphy/ptII/ptolemy/actor/lib/test/auto/MaximumComplex.xml (RunModel)" time="0.01" />
  <testcase classname="ptolemy.util.test.junit.AutoTests" name="[224] /home/travis/build/icyphy/ptII/ptolemy/actor/lib/test/auto/MethodCallTest.xml (RunModel)" time="0.016" />
  <testcase classname="ptolemy.util.test.junit.AutoTests" name="[225] /home/travis/build/icyphy/ptII/ptolemy/actor/lib/test/auto/Minimum.xml (RunModel)" time="0.01" />
  <testcase classname="ptolemy.util.test.junit.AutoTests" name="[226] /home/travis/build/icyphy/ptII/ptolemy/actor/lib/test/auto/MinimumComplex.xml (RunModel)" time="0.011" />
  <testcase classname="ptolemy.util.test.junit.AutoTests" name="[227] /home/travis/build/icyphy/ptII/ptolemy/actor/lib/test/auto/MinimumMultiports.xml (RunModel)" time="0.017" />
  <testcase classname="ptolemy.util.test.junit.AutoTests" name="[228] /home/travis/build/icyphy/ptII/ptolemy/actor/lib/test/auto/ModifyDate.xml (RunModel)" time="0.034" />
  <testcase classname="ptolemy.util.test.junit.AutoTests" name="[229] /home/travis/build/icyphy/ptII/ptolemy/actor/lib/test/auto/ModifyDate2.xml (RunModel)" time="0.027" />
  <testcase classname="ptolemy.util.test.junit.AutoTests" name="[230] /home/travis/build/icyphy/ptII/ptolemy/actor/lib/test/auto/MovingAverage.xml (RunModel)" time="0.01" />
  <testcase classname="ptolemy.util.test.junit.AutoTests" name="[231] /home/travis/build/icyphy/ptII/ptolemy/actor/lib/test/auto/MovingMaximum.xml (RunModel)" time="0.009" />
  <testcase classname="ptolemy.util.test.junit.AutoTests" name="[232] /home/travis/build/icyphy/ptII/ptolemy/actor/lib/test/auto/MultipleLinksToSameRelation.xml (RunModel)" time="0.007" />
  <testcase classname="ptolemy.util.test.junit.AutoTests" name="[233] /home/travis/build/icyphy/ptII/ptolemy/actor/lib/test/auto/MultipleLinksToSameRelationDE.xml (RunModel)" time="0.008" />
  <testcase classname="ptolemy.util.test.junit.AutoTests" name="[234] /home/travis/build/icyphy/ptII/ptolemy/actor/lib/test/auto/Multiplexor.xml (RunModel)" time="0.01" />
  <testcase classname="ptolemy.util.test.junit.AutoTests" name="[235] /home/travis/build/icyphy/ptII/ptolemy/actor/lib/test/auto/Multiplexor1.xml (RunModel)" time="0.009" />
  <testcase classname="ptolemy.util.test.junit.AutoTests" name="[236] /home/travis/build/icyphy/ptII/ptolemy/actor/lib/test/auto/Multiplexor2.xml (RunModel)" time="0.011" />
  <testcase classname="ptolemy.util.test.junit.AutoTests" name="[237] /home/travis/build/icyphy/ptII/ptolemy/actor/lib/test/auto/Multiplexor3.xml (RunModel)" time="0.008" />
  <testcase classname="ptolemy.util.test.junit.AutoTests" name="[238] /home/travis/build/icyphy/ptII/ptolemy/actor/lib/test/auto/MultiplexorDE.xml (RunModel)" time="0.015" />
  <testcase classname="ptolemy.util.test.junit.AutoTests" name="[239] /home/travis/build/icyphy/ptII/ptolemy/actor/lib/test/auto/MultiportBroadcastTest.xml (RunModel)" time="0.067" />
  <testcase classname="ptolemy.util.test.junit.AutoTests" name="[240] /home/travis/build/icyphy/ptII/ptolemy/actor/lib/test/auto/MultiportOutHangDuringGetWidth.xml (RunModel)" time="0.025" />
  <testcase classname="ptolemy.util.test.junit.AutoTests" name="[241] /home/travis/build/icyphy/ptII/ptolemy/actor/lib/test/auto/NilToken.xml (RunModel)" time="0.006" />
  <testcase classname="ptolemy.util.test.junit.AutoTests" name="[242] /home/travis/build/icyphy/ptII/ptolemy/actor/lib/test/auto/NilTokenNonStrictTest.xml (RunModel)" time="0.009" />
  <testcase classname="ptolemy.util.test.junit.AutoTests" name="[243] /home/travis/build/icyphy/ptII/ptolemy/actor/lib/test/auto/NilTokenRecord.xml (RunModel)" time="0.015" />
  <testcase classname="ptolemy.util.test.junit.AutoTests" name="[244] /home/travis/build/icyphy/ptII/ptolemy/actor/lib/test/auto/NilTokenTypeTest.xml (RunModel)" time="0.024" />
  <testcase classname="ptolemy.util.test.junit.AutoTests" name="[245] /home/travis/build/icyphy/ptII/ptolemy/actor/lib/test/auto/ObjectToken1.xml (RunModel)" time="0.006" />
  <testcase classname="ptolemy.util.test.junit.AutoTests" name="[246] /home/travis/build/icyphy/ptII/ptolemy/actor/lib/test/auto/OrderedMerge.xml (RunModel)" time="0.01" />
  <testcase classname="ptolemy.util.test.junit.AutoTests" name="[247] /home/travis/build/icyphy/ptII/ptolemy/actor/lib/test/auto/OrderedRecordDisassembler.xml (RunModel)" time="0.014" />
  <testcase classname="ptolemy.util.test.junit.AutoTests" name="[248] /home/travis/build/icyphy/ptII/ptolemy/actor/lib/test/auto/OrderedRecordDisassembler2.xml (RunModel)" time="0.014" />
  <testcase classname="ptolemy.util.test.junit.AutoTests" name="[249] /home/travis/build/icyphy/ptII/ptolemy/actor/lib/test/auto/OrderedRecordUpdater.xml (RunModel)" time="0.007" />
  <testcase classname="ptolemy.util.test.junit.AutoTests" name="[250] /home/travis/build/icyphy/ptII/ptolemy/actor/lib/test/auto/OrderedRecordUpdater2.xml (RunModel)" time="0.018" />
  <testcase classname="ptolemy.util.test.junit.AutoTests" name="[251] /home/travis/build/icyphy/ptII/ptolemy/actor/lib/test/auto/PhaseUnwrap.xml (RunModel)" time="0.01" />
  <testcase classname="ptolemy.util.test.junit.AutoTests" name="[252] /home/travis/build/icyphy/ptII/ptolemy/actor/lib/test/auto/PoissonClock.xml (RunModel)" time="0.007" />
  <testcase classname="ptolemy.util.test.junit.AutoTests" name="[253] /home/travis/build/icyphy/ptII/ptolemy/actor/lib/test/auto/PoissonClock2.xml (RunModel)" time="0.006" />
  <testcase classname="ptolemy.util.test.junit.AutoTests" name="[254] /home/travis/build/icyphy/ptII/ptolemy/actor/lib/test/auto/PoissonClock3.xml (RunModel)" time="0.007" />
  <testcase classname="ptolemy.util.test.junit.AutoTests" name="[255] /home/travis/build/icyphy/ptII/ptolemy/actor/lib/test/auto/PubSubWithInitialTokens.xml (RunModel)" time="0.014" />
  <testcase classname="ptolemy.util.test.junit.AutoTests" name="[256] /home/travis/build/icyphy/ptII/ptolemy/actor/lib/test/auto/PubSubWithInitialTokens2.xml (RunModel)" time="0.012" />
  <testcase classname="ptolemy.util.test.junit.AutoTests" name="[257] /home/travis/build/icyphy/ptII/ptolemy/actor/lib/test/auto/PublisherClassNoParameter.xml (RunModel)" time="0.019" />
  <testcase classname="ptolemy.util.test.junit.AutoTests" name="[258] /home/travis/build/icyphy/ptII/ptolemy/actor/lib/test/auto/PublisherClassParameter.xml (RunModel)" time="0.02" />
  <testcase classname="ptolemy.util.test.junit.AutoTests" name="[259] /home/travis/build/icyphy/ptII/ptolemy/actor/lib/test/auto/PublisherNonStrictTest.xml (RunModel)" time="0.012" />
  <testcase classname="ptolemy.util.test.junit.AutoTests" name="[260] /home/travis/build/icyphy/ptII/ptolemy/actor/lib/test/auto/PublisherPort1.xml (RunModel)" time="0.016" />
  <testcase classname="ptolemy.util.test.junit.AutoTests" name="[261] /home/travis/build/icyphy/ptII/ptolemy/actor/lib/test/auto/PublisherPort2.xml (RunModel)" time="0.013" />
  <testcase classname="ptolemy.util.test.junit.AutoTests" name="[262] /home/travis/build/icyphy/ptII/ptolemy/actor/lib/test/auto/PublisherPort3.xml (RunModel)" time="0.01" />
  <testcase classname="ptolemy.util.test.junit.AutoTests" name="[263] /home/travis/build/icyphy/ptII/ptolemy/actor/lib/test/auto/PublisherPort4.xml (RunModel)" time="0.01" />
  <testcase classname="ptolemy.util.test.junit.AutoTests" name="[264] /home/travis/build/icyphy/ptII/ptolemy/actor/lib/test/auto/PublisherPort5.xml (RunModel)" time="0.011" />
  <testcase classname="ptolemy.util.test.junit.AutoTests" name="[265] /home/travis/build/icyphy/ptII/ptolemy/actor/lib/test/auto/PublisherPort5LookAlike.xml (RunModel)" time="0.014" />
  <testcase classname="ptolemy.util.test.junit.AutoTests" name="[266] /home/travis/build/icyphy/ptII/ptolemy/actor/lib/test/auto/PublisherPort6.xml (RunModel)" time="0.01" />
  <testcase classname="ptolemy.util.test.junit.AutoTests" name="[267] /home/travis/build/icyphy/ptII/ptolemy/actor/lib/test/auto/PublisherPort7.xml (RunModel)" time="0.012" />
  <testcase classname="ptolemy.util.test.junit.AutoTests" name="[268] /home/travis/build/icyphy/ptII/ptolemy/actor/lib/test/auto/PublisherPort8.xml (RunModel)" time="0.013" />
  <testcase classname="ptolemy.util.test.junit.AutoTests" name="[269] /home/travis/build/icyphy/ptII/ptolemy/actor/lib/test/auto/PublisherPortSubscriberChannelVariablesAOC2.xml (RunModel)" time="0.029" />
  <testcase classname="ptolemy.util.test.junit.AutoTests" name="[270] /home/travis/build/icyphy/ptII/ptolemy/actor/lib/test/auto/PublisherPortSubscriberOpaqueWidthInference.xml (RunModel)" time="0.012" />
  <testcase classname="ptolemy.util.test.junit.AutoTests" name="[271] /home/travis/build/icyphy/ptII/ptolemy/actor/lib/test/auto/PublisherPortSubscriberPortAdjacent.xml (RunModel)" time="0.015" />
  <testcase classname="ptolemy.util.test.junit.AutoTests" name="[272] /home/travis/build/icyphy/ptII/ptolemy/actor/lib/test/auto/PublisherPortSubscriberPortExpression.xml (RunModel)" time="0.013" />
  <testcase classname="ptolemy.util.test.junit.AutoTests" name="[273] /home/travis/build/icyphy/ptII/ptolemy/actor/lib/test/auto/PublisherPortSubscriberPortOpaqueD3Reverse.xml (RunModel)" time="0.033" />
  <testcase classname="ptolemy.util.test.junit.AutoTests" name="[274] /home/travis/build/icyphy/ptII/ptolemy/actor/lib/test/auto/PublisherPortSubscriberPortOpaqueWidthInference.xml (RunModel)" time="0.012" />
  <testcase classname="ptolemy.util.test.junit.AutoTests" name="[275] /home/travis/build/icyphy/ptII/ptolemy/actor/lib/test/auto/PublisherPortToplevelSubscriberPortAOC.xml (RunModel)" time="0.009" />
  <testcase classname="ptolemy.util.test.junit.AutoTests" name="[276] /home/travis/build/icyphy/ptII/ptolemy/actor/lib/test/auto/PublisherSubscriber.xml (RunModel)" time="0.017" />
  <testcase classname="ptolemy.util.test.junit.AutoTests" name="[277] /home/travis/build/icyphy/ptII/ptolemy/actor/lib/test/auto/PublisherSubscriber10.xml (RunModel)" time="0.017" />
  <testcase classname="ptolemy.util.test.junit.AutoTests" name="[278] /home/travis/build/icyphy/ptII/ptolemy/actor/lib/test/auto/PublisherSubscriber10InitialOutputs.xml (RunModel)" time="0.035" />
  <testcase classname="ptolemy.util.test.junit.AutoTests" name="[279] /home/travis/build/icyphy/ptII/ptolemy/actor/lib/test/auto/PublisherSubscriber11.xml (RunModel)" time="0.013" />
  <testcase classname="ptolemy.util.test.junit.AutoTests" name="[280] /home/travis/build/icyphy/ptII/ptolemy/actor/lib/test/auto/PublisherSubscriber12.xml (RunModel)" time="0.018" />
  <testcase classname="ptolemy.util.test.junit.AutoTests" name="[281] /home/travis/build/icyphy/ptII/ptolemy/actor/lib/test/auto/PublisherSubscriber13.xml (RunModel)" time="0.017" />
  <testcase classname="ptolemy.util.test.junit.AutoTests" name="[282] /home/travis/build/icyphy/ptII/ptolemy/actor/lib/test/auto/PublisherSubscriber14.xml (RunModel)" time="0.018" />
  <testcase classname="ptolemy.util.test.junit.AutoTests" name="[283] /home/travis/build/icyphy/ptII/ptolemy/actor/lib/test/auto/PublisherSubscriber2.xml (RunModel)" time="0.009" />
  <testcase classname="ptolemy.util.test.junit.AutoTests" name="[284] /home/travis/build/icyphy/ptII/ptolemy/actor/lib/test/auto/PublisherSubscriber3.xml (RunModel)" time="0.009" />
  <testcase classname="ptolemy.util.test.junit.AutoTests" name="[285] /home/travis/build/icyphy/ptII/ptolemy/actor/lib/test/auto/PublisherSubscriber4.xml (RunModel)" time="0.007" />
  <testcase classname="ptolemy.util.test.junit.AutoTests" name="[286] /home/travis/build/icyphy/ptII/ptolemy/actor/lib/test/auto/PublisherSubscriber5.xml (RunModel)" time="0.01" />
  <testcase classname="ptolemy.util.test.junit.AutoTests" name="[287] /home/travis/build/icyphy/ptII/ptolemy/actor/lib/test/auto/PublisherSubscriber6.xml (RunModel)" time="0.013" />
  <testcase classname="ptolemy.util.test.junit.AutoTests" name="[288] /home/travis/build/icyphy/ptII/ptolemy/actor/lib/test/auto/PublisherSubscriber7.xml (RunModel)" time="0.018" />
  <testcase classname="ptolemy.util.test.junit.AutoTests" name="[289] /home/travis/build/icyphy/ptII/ptolemy/actor/lib/test/auto/PublisherSubscriber8.xml (RunModel)" time="0.043" />
  <testcase classname="ptolemy.util.test.junit.AutoTests" name="[290] /home/travis/build/icyphy/ptII/ptolemy/actor/lib/test/auto/PublisherSubscriber9.xml (RunModel)" time="0.019" />
  <testcase classname="ptolemy.util.test.junit.AutoTests" name="[291] /home/travis/build/icyphy/ptII/ptolemy/actor/lib/test/auto/PublisherSubscriberAdjacent.xml (RunModel)" time="0.015" />
  <testcase classname="ptolemy.util.test.junit.AutoTests" name="[292] /home/travis/build/icyphy/ptII/ptolemy/actor/lib/test/auto/PublisherSubscriberChannelVariablesAOC2.xml (RunModel)" time="0.023" />
  <testcase classname="ptolemy.util.test.junit.AutoTests" name="[293] /home/travis/build/icyphy/ptII/ptolemy/actor/lib/test/auto/PublisherSubscriberD3.xml (RunModel)" time="0.014" />
  <testcase classname="ptolemy.util.test.junit.AutoTests" name="[294] /home/travis/build/icyphy/ptII/ptolemy/actor/lib/test/auto/PublisherSubscriberD3Reverse.xml (RunModel)" time="0.01" />
  <testcase classname="ptolemy.util.test.junit.AutoTests" name="[295] /home/travis/build/icyphy/ptII/ptolemy/actor/lib/test/auto/PublisherSubscriberExpression.xml (RunModel)" time="0.015" />
  <testcase classname="ptolemy.util.test.junit.AutoTests" name="[296] /home/travis/build/icyphy/ptII/ptolemy/actor/lib/test/auto/PublisherSubscriberOpaque.xml (RunModel)" time="0.013" />
  <testcase classname="ptolemy.util.test.junit.AutoTests" name="[297] /home/travis/build/icyphy/ptII/ptolemy/actor/lib/test/auto/PublisherSubscriberOpaqueD3.xml (RunModel)" time="0.02" />
  <testcase classname="ptolemy.util.test.junit.AutoTests" name="[298] /home/travis/build/icyphy/ptII/ptolemy/actor/lib/test/auto/PublisherSubscriberOpaqueD3Reverse.xml (RunModel)" time="0.019" />
  <testcase classname="ptolemy.util.test.junit.AutoTests" name="[299] /home/travis/build/icyphy/ptII/ptolemy/actor/lib/test/auto/PublisherSubscriberOpaqueWidthInference.xml (RunModel)" time="0.014" />
  <testcase classname="ptolemy.util.test.junit.AutoTests" name="[300] /home/travis/build/icyphy/ptII/ptolemy/actor/lib/test/auto/PublisherTestSubscriber.xml (RunModel)" time="0.013" />
  <testcase classname="ptolemy.util.test.junit.AutoTests" name="[301] /home/travis/build/icyphy/ptII/ptolemy/actor/lib/test/auto/PublisherToplevelSubscriberPortAOC.xml (RunModel)" time="0.01" />
  <testcase classname="ptolemy.util.test.junit.AutoTests" name="[302] /home/travis/build/icyphy/ptII/ptolemy/actor/lib/test/auto/PulseFiringLimitDE.xml (RunModel)" time="0.014" />
  <testcase classname="ptolemy.util.test.junit.AutoTests" name="[303] /home/travis/build/icyphy/ptII/ptolemy/actor/lib/test/auto/Ramp1.xml (RunModel)" time="0.007" />
  <testcase classname="ptolemy.util.test.junit.AutoTests" name="[304] /home/travis/build/icyphy/ptII/ptolemy/actor/lib/test/auto/RampFiringLimitDE.xml (RunModel)" time="0.01" />
  <testcase classname="ptolemy.util.test.junit.AutoTests" name="[305] /home/travis/build/icyphy/ptII/ptolemy/actor/lib/test/auto/RampFiringLimitSDF.xml (RunModel)" time="0.01" />
  <testcase classname="ptolemy.util.test.junit.AutoTests" name="[306] /home/travis/build/icyphy/ptII/ptolemy/actor/lib/test/auto/RandomInteger.xml (RunModel)" time="0.009" />
  <testcase classname="ptolemy.util.test.junit.AutoTests" name="[307] /home/travis/build/icyphy/ptII/ptolemy/actor/lib/test/auto/ReadFile1.xml (RunModel)" time="0.008" />
  <testcase classname="ptolemy.util.test.junit.AutoTests" name="[308] /home/travis/build/icyphy/ptII/ptolemy/actor/lib/test/auto/ReadFile2.xml (RunModel)" time="0.018" />
  <testcase classname="ptolemy.util.test.junit.AutoTests" name="[309] /home/travis/build/icyphy/ptII/ptolemy/actor/lib/test/auto/Reader.xml (RunModel)" time="0.009" />
  <testcase classname="ptolemy.util.test.junit.AutoTests" name="[310] /home/travis/build/icyphy/ptII/ptolemy/actor/lib/test/auto/RecordAssemblerDisplayNameTest.xml (RunModel)" time="2.942" />
  <testcase classname="ptolemy.util.test.junit.AutoTests" name="[311] /home/travis/build/icyphy/ptII/ptolemy/actor/lib/test/auto/RecordAssemblerTypeError.xml (RunModel)" time="0.037" />
  <testcase classname="ptolemy.util.test.junit.AutoTests" name="[312] /home/travis/build/icyphy/ptII/ptolemy/actor/lib/test/auto/RecordDisassember.xml (RunModel)" time="0.016" />
  <testcase classname="ptolemy.util.test.junit.AutoTests" name="[313] /home/travis/build/icyphy/ptII/ptolemy/actor/lib/test/auto/RecordDisassemberDisplayNameTest.xml (RunModel)" time="0.017" />
  <testcase classname="ptolemy.util.test.junit.AutoTests" name="[314] /home/travis/build/icyphy/ptII/ptolemy/actor/lib/test/auto/RecordDisassembler.xml (RunModel)" time="0.009" />
  <testcase classname="ptolemy.util.test.junit.AutoTests" name="[315] /home/travis/build/icyphy/ptII/ptolemy/actor/lib/test/auto/RecordDisassembler2.xml (RunModel)" time="0.013" />
  <testcase classname="ptolemy.util.test.junit.AutoTests" name="[316] /home/travis/build/icyphy/ptII/ptolemy/actor/lib/test/auto/RecordUpdater.xml (RunModel)" time="0.009" />
  <testcase classname="ptolemy.util.test.junit.AutoTests" name="[317] /home/travis/build/icyphy/ptII/ptolemy/actor/lib/test/auto/RecordUpdater2.xml (RunModel)" time="0.008" />
  <testcase classname="ptolemy.util.test.junit.AutoTests" name="[318] /home/travis/build/icyphy/ptII/ptolemy/actor/lib/test/auto/RecursiveLattice.xml (RunModel)" time="0.007" />
  <testcase classname="ptolemy.util.test.junit.AutoTests" name="[319] /home/travis/build/icyphy/ptII/ptolemy/actor/lib/test/auto/Router.xml (RunModel)" time="3.023" />
  <testcase classname="ptolemy.util.test.junit.AutoTests" name="[320] /home/travis/build/icyphy/ptII/ptolemy/actor/lib/test/auto/Router2.xml (RunModel)" time="3.02" />
  <testcase classname="ptolemy.util.test.junit.AutoTests" name="[321] /home/travis/build/icyphy/ptII/ptolemy/actor/lib/test/auto/RunningMaximum.xml (RunModel)" time="0.011" />
  <testcase classname="ptolemy.util.test.junit.AutoTests" name="[322] /home/travis/build/icyphy/ptII/ptolemy/actor/lib/test/auto/RunningMinimum.xml (RunModel)" time="0.01" />
  <testcase classname="ptolemy.util.test.junit.AutoTests" name="[323] /home/travis/build/icyphy/ptII/ptolemy/actor/lib/test/auto/Scale.xml (RunModel)" time="0.014" />
  <testcase classname="ptolemy.util.test.junit.AutoTests" name="[324] /home/travis/build/icyphy/ptII/ptolemy/actor/lib/test/auto/Scale2.xml (RunModel)" time="0.01" />
  <testcase classname="ptolemy.util.test.junit.AutoTests" name="[325] /home/travis/build/icyphy/ptII/ptolemy/actor/lib/test/auto/Scale3.xml (RunModel)" time="0.011" />
  <testcase classname="ptolemy.util.test.junit.AutoTests" name="[326] /home/travis/build/icyphy/ptII/ptolemy/actor/lib/test/auto/ScaleArray.xml (RunModel)" time="0.006" />
  <testcase classname="ptolemy.util.test.junit.AutoTests" name="[327] /home/travis/build/icyphy/ptII/ptolemy/actor/lib/test/auto/ScaleArray2.xml (RunModel)" time="0.008" />
  <testcase classname="ptolemy.util.test.junit.AutoTests" name="[328] /home/travis/build/icyphy/ptII/ptolemy/actor/lib/test/auto/ScaleMatrix.xml (RunModel)" time="0.127" />
  <testcase classname="ptolemy.util.test.junit.AutoTests" name="[329] /home/travis/build/icyphy/ptII/ptolemy/actor/lib/test/auto/Select.xml (RunModel)" time="0.011" />
  <testcase classname="ptolemy.util.test.junit.AutoTests" name="[330] /home/travis/build/icyphy/ptII/ptolemy/actor/lib/test/auto/Select2.xml (RunModel)" time="0.008" />
  <testcase classname="ptolemy.util.test.junit.AutoTests" name="[331] /home/travis/build/icyphy/ptII/ptolemy/actor/lib/test/auto/SequenceToArray2.xml (RunModel)" time="0.089" />
  <testcase classname="ptolemy.util.test.junit.AutoTests" name="[332] /home/travis/build/icyphy/ptII/ptolemy/actor/lib/test/auto/SequentialClock.xml (RunModel)" time="0.011" />
  <testcase classname="ptolemy.util.test.junit.AutoTests" name="[333] /home/travis/build/icyphy/ptII/ptolemy/actor/lib/test/auto/SetVariable.xml (RunModel)" time="0.009" />
  <testcase classname="ptolemy.util.test.junit.AutoTests" name="[334] /home/travis/build/icyphy/ptII/ptolemy/actor/lib/test/auto/SetVariable2.xml (RunModel)" time="0.007" />
  <testcase classname="ptolemy.util.test.junit.AutoTests" name="[335] /home/travis/build/icyphy/ptII/ptolemy/actor/lib/test/auto/SetVariable3.xml (RunModel)" time="0.009" />
  <testcase classname="ptolemy.util.test.junit.AutoTests" name="[336] /home/travis/build/icyphy/ptII/ptolemy/actor/lib/test/auto/SetVariable4.xml (RunModel)" time="0.023" />
  <testcase classname="ptolemy.util.test.junit.AutoTests" name="[337] /home/travis/build/icyphy/ptII/ptolemy/actor/lib/test/auto/SetVariable5.xml (RunModel)" time="0.026" />
  <testcase classname="ptolemy.util.test.junit.AutoTests" name="[338] /home/travis/build/icyphy/ptII/ptolemy/actor/lib/test/auto/Sinewave.xml (RunModel)" time="0.024" />
  <testcase classname="ptolemy.util.test.junit.AutoTests" name="[339] /home/travis/build/icyphy/ptII/ptolemy/actor/lib/test/auto/Sinewave2.xml (RunModel)" time="0.014" />
  <testcase classname="ptolemy.util.test.junit.AutoTests" name="[340] /home/travis/build/icyphy/ptII/ptolemy/actor/lib/test/auto/Sinewave3.xml (RunModel)" time="0.013" />
  <testcase classname="ptolemy.util.test.junit.AutoTests" name="[341] /home/travis/build/icyphy/ptII/ptolemy/actor/lib/test/auto/SingleEvent.xml (RunModel)" time="0.005" />
  <testcase classname="ptolemy.util.test.junit.AutoTests" name="[342] /home/travis/build/icyphy/ptII/ptolemy/actor/lib/test/auto/Sleep.xml (RunModel)" time="6.01" />
  <testcase classname="ptolemy.util.test.junit.AutoTests" name="[343] /home/travis/build/icyphy/ptII/ptolemy/actor/lib/test/auto/SleepMultipleFire.xml (RunModel)" time="1.015" />
  <testcase classname="ptolemy.util.test.junit.AutoTests" name="[344] /home/travis/build/icyphy/ptII/ptolemy/actor/lib/test/auto/StopDE.xml (RunModel)" time="0.011" />
  <testcase classname="ptolemy.util.test.junit.AutoTests" name="[345] /home/travis/build/icyphy/ptII/ptolemy/actor/lib/test/auto/StopSDF.xml (RunModel)" time="0.01" />
  <testcase classname="ptolemy.util.test.junit.AutoTests" name="[346] /home/travis/build/icyphy/ptII/ptolemy/actor/lib/test/auto/StringConstant.xml (RunModel)" time="0.007" />
  <testcase classname="ptolemy.util.test.junit.AutoTests" name="[347] /home/travis/build/icyphy/ptII/ptolemy/actor/lib/test/auto/SubscriberPortInitialValues1.xml (RunModel)" time="0.014" />
  <testcase classname="ptolemy.util.test.junit.AutoTests" name="[348] /home/travis/build/icyphy/ptII/ptolemy/actor/lib/test/auto/SubscriberPortInitialValues13.xml (RunModel)" time="0.02" />
  <testcase classname="ptolemy.util.test.junit.AutoTests" name="[349] /home/travis/build/icyphy/ptII/ptolemy/actor/lib/test/auto/SubscriberPortInitialValues14.xml (RunModel)" time="0.013" />
  <testcase classname="ptolemy.util.test.junit.AutoTests" name="[350] /home/travis/build/icyphy/ptII/ptolemy/actor/lib/test/auto/SubscriberPortInitialValues2.xml (RunModel)" time="0.012" />
  <testcase classname="ptolemy.util.test.junit.AutoTests" name="[351] /home/travis/build/icyphy/ptII/ptolemy/actor/lib/test/auto/SubscriberPortInitialValues3.xml (RunModel)" time="0.015" />
  <testcase classname="ptolemy.util.test.junit.AutoTests" name="[352] /home/travis/build/icyphy/ptII/ptolemy/actor/lib/test/auto/SubscriptionAggregator.xml (RunModel)" time="0.01" />
  <testcase classname="ptolemy.util.test.junit.AutoTests" name="[353] /home/travis/build/icyphy/ptII/ptolemy/actor/lib/test/auto/SubscriptionAggregator2.xml (RunModel)" time="0.009" />
  <testcase classname="ptolemy.util.test.junit.AutoTests" name="[354] /home/travis/build/icyphy/ptII/ptolemy/actor/lib/test/auto/SubscriptionAggregator3.xml (RunModel)" time="0.013" />
  <testcase classname="ptolemy.util.test.junit.AutoTests" name="[355] /home/travis/build/icyphy/ptII/ptolemy/actor/lib/test/auto/SubscriptionAggregatorMultiply.xml (RunModel)" time="0.014" />
  <testcase classname="ptolemy.util.test.junit.AutoTests" name="[356] /home/travis/build/icyphy/ptII/ptolemy/actor/lib/test/auto/SubscriptionAggregatorPortMultiply1.xml (RunModel)" time="0.011" />
  <testcase classname="ptolemy.util.test.junit.AutoTests" name="[357] /home/travis/build/icyphy/ptII/ptolemy/actor/lib/test/auto/Switch.xml (RunModel)" time="0.01" />
  <testcase classname="ptolemy.util.test.junit.AutoTests" name="[358] /home/travis/build/icyphy/ptII/ptolemy/actor/lib/test/auto/Switch2.xml (RunModel)" time="0.01" />
  <testcase classname="ptolemy.util.test.junit.AutoTests" name="[359] /home/travis/build/icyphy/ptII/ptolemy/actor/lib/test/auto/SwitchDE.xml (RunModel)" time="0.011" />
  <testcase classname="ptolemy.util.test.junit.AutoTests" name="[360] /home/travis/build/icyphy/ptII/ptolemy/actor/lib/test/auto/SynchronizerDE.xml (RunModel)" time="0.016" />
  <testcase classname="ptolemy.util.test.junit.AutoTests" name="[361] /home/travis/build/icyphy/ptII/ptolemy/actor/lib/test/auto/Test.xml (RunModel)" time="0.008" />
  <testcase classname="ptolemy.util.test.junit.AutoTests" name="[362] /home/travis/build/icyphy/ptII/ptolemy/actor/lib/test/auto/TestExceptionAttribute1.xml (RunModel)" time="0.004" />
  <testcase classname="ptolemy.util.test.junit.AutoTests" name="[363] /home/travis/build/icyphy/ptII/ptolemy/actor/lib/test/auto/TestExceptionAttribute2.xml (RunModel)" time="0.005" />
  <testcase classname="ptolemy.util.test.junit.AutoTests" name="[364] /home/travis/build/icyphy/ptII/ptolemy/actor/lib/test/auto/TestExceptionAttribute3.xml (RunModel)" time="0.005" />
  <testcase classname="ptolemy.util.test.junit.AutoTests" name="[365] /home/travis/build/icyphy/ptII/ptolemy/actor/lib/test/auto/TestExceptionAttribute4.xml (RunModel)" time="0.005" />
  <testcase classname="ptolemy.util.test.junit.AutoTests" name="[366] /home/travis/build/icyphy/ptII/ptolemy/actor/lib/test/auto/TestExceptionHandler1.xml (RunModel)" time="0.004" />
  <testcase classname="ptolemy.util.test.junit.AutoTests" name="[367] /home/travis/build/icyphy/ptII/ptolemy/actor/lib/test/auto/TestExceptionHandler2.xml (RunModel)" time="0.005" />
  <testcase classname="ptolemy.util.test.junit.AutoTests" name="[368] /home/travis/build/icyphy/ptII/ptolemy/actor/lib/test/auto/TestExceptionHandler3.xml (RunModel)" time="0.005" />
  <testcase classname="ptolemy.util.test.junit.AutoTests" name="[369] /home/travis/build/icyphy/ptII/ptolemy/actor/lib/test/auto/TestExceptionHandler4.xml (RunModel)" time="0.005" />
  <testcase classname="ptolemy.util.test.junit.AutoTests" name="[370] /home/travis/build/icyphy/ptII/ptolemy/actor/lib/test/auto/TestRequireCorrectOrder.xml (RunModel)" time="0.008" />
  <testcase classname="ptolemy.util.test.junit.AutoTests" name="[371] /home/travis/build/icyphy/ptII/ptolemy/actor/lib/test/auto/TestSimple.xml (RunModel)" time="0.005" />
  <testcase classname="ptolemy.util.test.junit.AutoTests" name="[372] /home/travis/build/icyphy/ptII/ptolemy/actor/lib/test/auto/ThrowModelError.xml (RunModel)" time="0.009" />
  <testcase classname="ptolemy.util.test.junit.AutoTests" name="[373] /home/travis/build/icyphy/ptII/ptolemy/actor/lib/test/auto/TimeDelayMicrosteps.xml (RunModel)" time="0.01" />
  <testcase classname="ptolemy.util.test.junit.AutoTests" name="[374] /home/travis/build/icyphy/ptII/ptolemy/actor/lib/test/auto/TimeDelayMicrosteps2.xml (RunModel)" time="0.012" />
  <testcase classname="ptolemy.util.test.junit.AutoTests" name="[375] /home/travis/build/icyphy/ptII/ptolemy/actor/lib/test/auto/TimeDelayMicrosteps3.xml (RunModel)" time="0.01" />
  <testcase classname="ptolemy.util.test.junit.AutoTests" name="[376] /home/travis/build/icyphy/ptII/ptolemy/actor/lib/test/auto/TimeDelayVariableMicrosteps.xml (RunModel)" time="0.01" />
  <testcase classname="ptolemy.util.test.junit.AutoTests" name="[377] /home/travis/build/icyphy/ptII/ptolemy/actor/lib/test/auto/TimeGap.xml (RunModel)" time="0.01" />
  <testcase classname="ptolemy.util.test.junit.AutoTests" name="[378] /home/travis/build/icyphy/ptII/ptolemy/actor/lib/test/auto/TimeGap2.xml (RunModel)" time="0.009" />
  <testcase classname="ptolemy.util.test.junit.AutoTests" name="[379] /home/travis/build/icyphy/ptII/ptolemy/actor/lib/test/auto/TimedSinewave.xml (RunModel)" time="0.036" />
  <testcase classname="ptolemy.util.test.junit.AutoTests" name="[380] /home/travis/build/icyphy/ptII/ptolemy/actor/lib/test/auto/TimedSinewavePhase.xml (RunModel)" time="0.02" />
  <testcase classname="ptolemy.util.test.junit.AutoTests" name="[381] /home/travis/build/icyphy/ptII/ptolemy/actor/lib/test/auto/Timer.xml (RunModel)" time="0.011" />
  <testcase classname="ptolemy.util.test.junit.AutoTests" name="[382] /home/travis/build/icyphy/ptII/ptolemy/actor/lib/test/auto/TriangularDistTestModel.xml (RunModel)" time="0.013" />
  <testcase classname="ptolemy.util.test.junit.AutoTests" name="[383] /home/travis/build/icyphy/ptII/ptolemy/actor/lib/test/auto/TrigFunction.xml (RunModel)" time="0.007" />
  <testcase classname="ptolemy.util.test.junit.AutoTests" name="[384] /home/travis/build/icyphy/ptII/ptolemy/actor/lib/test/auto/TrigFunctionDE.xml (RunModel)" time="0.009" />
  <testcase classname="ptolemy.util.test.junit.AutoTests" name="[385] /home/travis/build/icyphy/ptII/ptolemy/actor/lib/test/auto/TrigFunctionInverse.xml (RunModel)" time="0.008" />
  <testcase classname="ptolemy.util.test.junit.AutoTests" name="[386] /home/travis/build/icyphy/ptII/ptolemy/actor/lib/test/auto/TrigFunctionTan.xml (RunModel)" time="0.006" />
  <testcase classname="ptolemy.util.test.junit.AutoTests" name="[387] /home/travis/build/icyphy/ptII/ptolemy/actor/lib/test/auto/TriggeredClock.xml (RunModel)" time="0.007" />
  <testcase classname="ptolemy.util.test.junit.AutoTests" name="[388] /home/travis/build/icyphy/ptII/ptolemy/actor/lib/test/auto/URLDirectoryReader.xml (RunModel)" time="0.064" />
  <testcase classname="ptolemy.util.test.junit.AutoTests" name="[389] /home/travis/build/icyphy/ptII/ptolemy/actor/lib/test/auto/URLDirectoryReader3.xml (RunModel)" time="1.24" />
  <testcase classname="ptolemy.util.test.junit.AutoTests" name="[390] /home/travis/build/icyphy/ptII/ptolemy/actor/lib/test/auto/UnaryMathFunction.xml (RunModel)" time="0.047" />
  <testcase classname="ptolemy.util.test.junit.AutoTests" name="[391] /home/travis/build/icyphy/ptII/ptolemy/actor/lib/test/auto/Uniform.xml (RunModel)" time="0.011" />
  <testcase classname="ptolemy.util.test.junit.AutoTests" name="[392] /home/travis/build/icyphy/ptII/ptolemy/actor/lib/test/auto/UnionDisassemblerTest.xml (RunModel)" time="0.007" />
  <testcase classname="ptolemy.util.test.junit.AutoTests" name="[393] /home/travis/build/icyphy/ptII/ptolemy/actor/lib/test/auto/UtilityFunctions.xml (RunModel)" time="0.008" />
  <testcase classname="ptolemy.util.test.junit.AutoTests" name="[394] /home/travis/build/icyphy/ptII/ptolemy/actor/lib/test/auto/VariableSleep.xml (RunModel)" time="0.514" />
  <testcase classname="ptolemy.util.test.junit.AutoTests" name="[395] /home/travis/build/icyphy/ptII/ptolemy/actor/lib/test/auto/VectorAssemblerDisassemblerCT.xml (RunModel)" time="0.11" />
  <testcase classname="ptolemy.util.test.junit.AutoTests" name="[396] /home/travis/build/icyphy/ptII/ptolemy/actor/lib/test/auto/VectorAssemblerDisassemblerDE.xml (RunModel)" time="0.012" />
  <testcase classname="ptolemy.util.test.junit.AutoTests" name="[397] /home/travis/build/icyphy/ptII/ptolemy/actor/lib/test/auto/VectorAssemblerDisassemblerSDF.xml (RunModel)" time="0.011" />
  <testcase classname="ptolemy.util.test.junit.AutoTests" name="[398] /home/travis/build/icyphy/ptII/ptolemy/actor/lib/test/auto/WallClockTime.xml (RunModel)" time="1.013" />
  <testcase classname="ptolemy.util.test.junit.AutoTests" name="[399] /home/travis/build/icyphy/ptII/ptolemy/actor/lib/test/auto/WidthTestWithSubscriberPublisher.xml (RunModel)" time="0.038" />
  <testcase classname="ptolemy.util.test.junit.AutoTests" name="[400] /home/travis/build/icyphy/ptII/ptolemy/actor/lib/test/auto/WidthTestWithSubscriberPublisher2.xml (RunModel)" time="0.013" />
  <testcase classname="ptolemy.util.test.junit.AutoTests" name="[401] /home/travis/build/icyphy/ptII/ptolemy/actor/lib/test/auto/WidthTestWithSubscriberPublisher3.xml (RunModel)" time="0.009" />
  <testcase classname="ptolemy.util.test.junit.AutoTests" name="[402] /home/travis/build/icyphy/ptII/ptolemy/actor/lib/test/auto/Writer.xml (RunModel)" time="0.007" />
  <testcase classname="ptolemy.util.test.junit.AutoTests" name="[403] /home/travis/build/icyphy/ptII/ptolemy/actor/lib/test/auto/array.xml (RunModel)" time="0.008" />
  <testcase classname="ptolemy.util.test.junit.AutoTests" name="[404] /home/travis/build/icyphy/ptII/ptolemy/actor/lib/test/auto/array2.xml (RunModel)" time="0.008" />
  <testcase classname="ptolemy.util.test.junit.AutoTests" name="[405] /home/travis/build/icyphy/ptII/ptolemy/actor/lib/test/auto/arrayType.xml (RunModel)" time="0.007" />
  <testcase classname="ptolemy.util.test.junit.AutoTests" name="[406] /home/travis/build/icyphy/ptII/ptolemy/actor/lib/test/auto/arrayType10.xml (RunModel)" time="0.007" />
  <testcase classname="ptolemy.util.test.junit.AutoTests" name="[407] /home/travis/build/icyphy/ptII/ptolemy/actor/lib/test/auto/arrayType11.xml (RunModel)" time="0.007" />
  <testcase classname="ptolemy.util.test.junit.AutoTests" name="[408] /home/travis/build/icyphy/ptII/ptolemy/actor/lib/test/auto/arrayType12.xml (RunModel)" time="0.008" />
  <testcase classname="ptolemy.util.test.junit.AutoTests" name="[409] /home/travis/build/icyphy/ptII/ptolemy/actor/lib/test/auto/arrayType13.xml (RunModel)" time="0.007" />
  <testcase classname="ptolemy.util.test.junit.AutoTests" name="[410] /home/travis/build/icyphy/ptII/ptolemy/actor/lib/test/auto/arrayType14.xml (RunModel)" time="0.006" />
  <testcase classname="ptolemy.util.test.junit.AutoTests" name="[411] /home/travis/build/icyphy/ptII/ptolemy/actor/lib/test/auto/arrayType15.xml (RunModel)" time="0.007" />
  <testcase classname="ptolemy.util.test.junit.AutoTests" name="[412] /home/travis/build/icyphy/ptII/ptolemy/actor/lib/test/auto/arrayType16.xml (RunModel)" time="0.007" />
  <testcase classname="ptolemy.util.test.junit.AutoTests" name="[413] /home/travis/build/icyphy/ptII/ptolemy/actor/lib/test/auto/arrayType17.xml (RunModel)" time="0.007" />
  <testcase classname="ptolemy.util.test.junit.AutoTests" name="[414] /home/travis/build/icyphy/ptII/ptolemy/actor/lib/test/auto/arrayType18.xml (RunModel)" time="0.006" />
  <testcase classname="ptolemy.util.test.junit.AutoTests" name="[415] /home/travis/build/icyphy/ptII/ptolemy/actor/lib/test/auto/arrayType19.xml (RunModel)" time="0.006" />
  <testcase classname="ptolemy.util.test.junit.AutoTests" name="[416] /home/travis/build/icyphy/ptII/ptolemy/actor/lib/test/auto/arrayType2.xml (RunModel)" time="0.007" />
  <testcase classname="ptolemy.util.test.junit.AutoTests" name="[417] /home/travis/build/icyphy/ptII/ptolemy/actor/lib/test/auto/arrayType20.xml (RunModel)" time="0.008" />
  <testcase classname="ptolemy.util.test.junit.AutoTests" name="[418] /home/travis/build/icyphy/ptII/ptolemy/actor/lib/test/auto/arrayType21.xml (RunModel)" time="0.006" />
  <testcase classname="ptolemy.util.test.junit.AutoTests" name="[419] /home/travis/build/icyphy/ptII/ptolemy/actor/lib/test/auto/arrayType22.xml (RunModel)" time="0.006" />
  <testcase classname="ptolemy.util.test.junit.AutoTests" name="[420] /home/travis/build/icyphy/ptII/ptolemy/actor/lib/test/auto/arrayType23.xml (RunModel)" time="0.006" />
  <testcase classname="ptolemy.util.test.junit.AutoTests" name="[421] /home/travis/build/icyphy/ptII/ptolemy/actor/lib/test/auto/arrayType24.xml (RunModel)" time="0.007" />
  <testcase classname="ptolemy.util.test.junit.AutoTests" name="[422] /home/travis/build/icyphy/ptII/ptolemy/actor/lib/test/auto/arrayType25.xml (RunModel)" time="0.006" />
  <testcase classname="ptolemy.util.test.junit.AutoTests" name="[423] /home/travis/build/icyphy/ptII/ptolemy/actor/lib/test/auto/arrayType26.xml (RunModel)" time="0.007" />
  <testcase classname="ptolemy.util.test.junit.AutoTests" name="[424] /home/travis/build/icyphy/ptII/ptolemy/actor/lib/test/auto/arrayType27.xml (RunModel)" time="0.007" />
  <testcase classname="ptolemy.util.test.junit.AutoTests" name="[425] /home/travis/build/icyphy/ptII/ptolemy/actor/lib/test/auto/arrayType28.xml (RunModel)" time="0.007" />
  <testcase classname="ptolemy.util.test.junit.AutoTests" name="[426] /home/travis/build/icyphy/ptII/ptolemy/actor/lib/test/auto/arrayType3.xml (RunModel)" time="0.007" />
  <testcase classname="ptolemy.util.test.junit.AutoTests" name="[427] /home/travis/build/icyphy/ptII/ptolemy/actor/lib/test/auto/arrayType4.xml (RunModel)" time="0.006" />
  <testcase classname="ptolemy.util.test.junit.AutoTests" name="[428] /home/travis/build/icyphy/ptII/ptolemy/actor/lib/test/auto/arrayType5.xml (RunModel)" time="0.007" />
  <testcase classname="ptolemy.util.test.junit.AutoTests" name="[429] /home/travis/build/icyphy/ptII/ptolemy/actor/lib/test/auto/arrayType6.xml (RunModel)" time="0.007" />
  <testcase classname="ptolemy.util.test.junit.AutoTests" name="[430] /home/travis/build/icyphy/ptII/ptolemy/actor/lib/test/auto/arrayType7.xml (RunModel)" time="0.006" />
  <testcase classname="ptolemy.util.test.junit.AutoTests" name="[431] /home/travis/build/icyphy/ptII/ptolemy/actor/lib/test/auto/arrayType8.xml (RunModel)" time="0.007" />
  <testcase classname="ptolemy.util.test.junit.AutoTests" name="[432] /home/travis/build/icyphy/ptII/ptolemy/actor/lib/test/auto/arrayType9.xml (RunModel)" time="0.006" />
  <testcase classname="ptolemy.util.test.junit.AutoTests" name="[433] /home/travis/build/icyphy/ptII/ptolemy/actor/lib/test/auto/cast.xml (RunModel)" time="0.006" />
  <testcase classname="ptolemy.util.test.junit.AutoTests" name="[434] /home/travis/build/icyphy/ptII/ptolemy/actor/lib/test/auto/compositeMultiPort.xml (RunModel)" time="0.013" />
  <testcase classname="ptolemy.util.test.junit.AutoTests" name="[435] /home/travis/build/icyphy/ptII/ptolemy/actor/lib/test/auto/expressionCastInference.xml (RunModel)" time="0.006" />
  <testcase classname="ptolemy.util.test.junit.AutoTests" name="[436] /home/travis/build/icyphy/ptII/ptolemy/actor/lib/test/auto/expressionCastInference2.xml (RunModel)" time="0.006" />
  <testcase classname="ptolemy.util.test.junit.AutoTests" name="[437] /home/travis/build/icyphy/ptII/ptolemy/actor/lib/test/auto/expressionInference.xml (RunModel)" time="0.006" />
  <testcase classname="ptolemy.util.test.junit.AutoTests" name="[438] /home/travis/build/icyphy/ptII/ptolemy/actor/lib/test/auto/expression_bug.xml (RunModel)" time="0.006" />
  <testcase classname="ptolemy.util.test.junit.AutoTests" name="[439] /home/travis/build/icyphy/ptII/ptolemy/actor/lib/test/auto/factorial.xml (RunModel)" time="0.035" />
  <testcase classname="ptolemy.util.test.junit.AutoTests" name="[440] /home/travis/build/icyphy/ptII/ptolemy/actor/lib/test/auto/filterTest1.xml (RunModel)" time="0.011" />
  <testcase classname="ptolemy.util.test.junit.AutoTests" name="[441] /home/travis/build/icyphy/ptII/ptolemy/actor/lib/test/auto/funcApplyInConst.xml (RunModel)" time="0.004" />
  <testcase classname="ptolemy.util.test.junit.AutoTests" name="[442] /home/travis/build/icyphy/ptII/ptolemy/actor/lib/test/auto/funcApplyInExpr.xml (RunModel)" time="0.004" />
  <testcase classname="ptolemy.util.test.junit.AutoTests" name="[443] /home/travis/build/icyphy/ptII/ptolemy/actor/lib/test/auto/function.xml (RunModel)" time="0.006" />
  <testcase classname="ptolemy.util.test.junit.AutoTests" name="[444] /home/travis/build/icyphy/ptII/ptolemy/actor/lib/test/auto/function2.xml (RunModel)" time="0.007" />
  <testcase classname="ptolemy.util.test.junit.AutoTests" name="[445] /home/travis/build/icyphy/ptII/ptolemy/actor/lib/test/auto/function3.xml (RunModel)" time="0.005" />
  <testcase classname="ptolemy.util.test.junit.AutoTests" name="[446] /home/travis/build/icyphy/ptII/ptolemy/actor/lib/test/auto/functionClosureTest1.xml (RunModel)" time="0.008" />
  <testcase classname="ptolemy.util.test.junit.AutoTests" name="[447] /home/travis/build/icyphy/ptII/ptolemy/actor/lib/test/auto/functionClosureTest2.xml (RunModel)" time="0.005" />
  <testcase classname="ptolemy.util.test.junit.AutoTests" name="[448] /home/travis/build/icyphy/ptII/ptolemy/actor/lib/test/auto/functionClosureTest3.xml (RunModel)" time="0.008" />
  <testcase classname="ptolemy.util.test.junit.AutoTests" name="[449] /home/travis/build/icyphy/ptII/ptolemy/actor/lib/test/auto/functionClosureTest4.xml (RunModel)" time="0.011" />
  <testcase classname="ptolemy.util.test.junit.AutoTests" name="[450] /home/travis/build/icyphy/ptII/ptolemy/actor/lib/test/auto/functionClosureTest5.xml (RunModel)" time="0.009" />
  <testcase classname="ptolemy.util.test.junit.AutoTests" name="[451] /home/travis/build/icyphy/ptII/ptolemy/actor/lib/test/auto/functionClosureTest6.xml (RunModel)" time="0.006" />
  <testcase classname="ptolemy.util.test.junit.AutoTests" name="[452] /home/travis/build/icyphy/ptII/ptolemy/actor/lib/test/auto/functionsOnArcs.xml (RunModel)" time="0.009" />
  <testcase classname="ptolemy.util.test.junit.AutoTests" name="[453] /home/travis/build/icyphy/ptII/ptolemy/actor/lib/test/auto/functionsOnArcsHOF.xml (RunModel)" time="0.009" />
  <testcase classname="ptolemy.util.test.junit.AutoTests" name="[454] /home/travis/build/icyphy/ptII/ptolemy/actor/lib/test/auto/logic.xml (RunModel)" time="0.015" />
  <testcase classname="ptolemy.util.test.junit.AutoTests" name="[455] /home/travis/build/icyphy/ptII/ptolemy/actor/lib/test/auto/matrixType.xml (RunModel)" time="0.007" />
  <testcase classname="ptolemy.util.test.junit.AutoTests" name="[456] /home/travis/build/icyphy/ptII/ptolemy/actor/lib/test/auto/matrixType10.xml (RunModel)" time="0.006" />
  <testcase classname="ptolemy.util.test.junit.AutoTests" name="[457] /home/travis/build/icyphy/ptII/ptolemy/actor/lib/test/auto/matrixType11.xml (RunModel)" time="0.007" />
  <testcase classname="ptolemy.util.test.junit.AutoTests" name="[458] /home/travis/build/icyphy/ptII/ptolemy/actor/lib/test/auto/matrixType12.xml (RunModel)" time="0.007" />
  <testcase classname="ptolemy.util.test.junit.AutoTests" name="[459] /home/travis/build/icyphy/ptII/ptolemy/actor/lib/test/auto/matrixType13.xml (RunModel)" time="0.006" />
  <testcase classname="ptolemy.util.test.junit.AutoTests" name="[460] /home/travis/build/icyphy/ptII/ptolemy/actor/lib/test/auto/matrixType14.xml (RunModel)" time="0.007" />
  <testcase classname="ptolemy.util.test.junit.AutoTests" name="[461] /home/travis/build/icyphy/ptII/ptolemy/actor/lib/test/auto/matrixType2.xml (RunModel)" time="0.007" />
  <testcase classname="ptolemy.util.test.junit.AutoTests" name="[462] /home/travis/build/icyphy/ptII/ptolemy/actor/lib/test/auto/matrixType3.xml (RunModel)" time="0.007" />
  <testcase classname="ptolemy.util.test.junit.AutoTests" name="[463] /home/travis/build/icyphy/ptII/ptolemy/actor/lib/test/auto/matrixType4.xml (RunModel)" time="0.007" />
  <testcase classname="ptolemy.util.test.junit.AutoTests" name="[464] /home/travis/build/icyphy/ptII/ptolemy/actor/lib/test/auto/matrixType5.xml (RunModel)" time="0.006" />
  <testcase classname="ptolemy.util.test.junit.AutoTests" name="[465] /home/travis/build/icyphy/ptII/ptolemy/actor/lib/test/auto/matrixType6.xml (RunModel)" time="0.006" />
  <testcase classname="ptolemy.util.test.junit.AutoTests" name="[466] /home/travis/build/icyphy/ptII/ptolemy/actor/lib/test/auto/matrixType7.xml (RunModel)" time="0.007" />
  <testcase classname="ptolemy.util.test.junit.AutoTests" name="[467] /home/travis/build/icyphy/ptII/ptolemy/actor/lib/test/auto/matrixType8.xml (RunModel)" time="0.007" />
  <testcase classname="ptolemy.util.test.junit.AutoTests" name="[468] /home/travis/build/icyphy/ptII/ptolemy/actor/lib/test/auto/matrixType9.xml (RunModel)" time="0.007" />
  <testcase classname="ptolemy.util.test.junit.AutoTests" name="[469] /home/travis/build/icyphy/ptII/ptolemy/actor/lib/test/auto/paraFunctest.xml (RunModel)" time="0.006" />
  <testcase classname="ptolemy.util.test.junit.AutoTests" name="[470] /home/travis/build/icyphy/ptII/ptolemy/actor/lib/test/auto/paraFunctest2.xml (RunModel)" time="0.005" />
  <testcase classname="ptolemy.util.test.junit.AutoTests" name="[471] /home/travis/build/icyphy/ptII/ptolemy/actor/lib/test/auto/parameterPassing.xml (RunModel)" time="0.007" />
  <testcase classname="ptolemy.util.test.junit.AutoTests" name="[472] /home/travis/build/icyphy/ptII/ptolemy/actor/lib/test/auto/record.xml (RunModel)" time="0.007" />
  <testcase classname="ptolemy.util.test.junit.AutoTests" name="[473] /home/travis/build/icyphy/ptII/ptolemy/actor/lib/test/auto/sizedarray1.xml (RunModel)" time="0.008" />
  <testcase classname="ptolemy.util.test.junit.AutoTests" name="[474] /home/travis/build/icyphy/ptII/ptolemy/actor/lib/test/auto/sizedarray2.xml (RunModel)" time="0.007" />
  <testcase classname="ptolemy.util.test.junit.AutoTests" name="[475] /home/travis/build/icyphy/ptII/ptolemy/actor/lib/test/auto/twoPublishers.xml (RunModel)" time="0.017" />
  <system-out><![CDATA[/home/travis/build/icyphy/ptII/ptolemy/actor/lib/test/AbsoluteValue.tcl
testDefs.tcl: setting time out to 9000 seconds at Thu Dec 13 02:57:15 UTC 2018
72 ms. Memory: 116224K Free: 106709K (92%)
4 ms. Memory: 116224K Free: 105512K (91%)
4 ms. Memory: 116224K Free: 104916K (90%)
3 ms. Memory: 116224K Free: 103727K (89%)
/home/travis/build/icyphy/ptII/ptolemy/actor/lib/test/AddSubtract.tcl
7 ms. Memory: 116224K Free: 101926K (88%)
5 ms. Memory: 116224K Free: 100713K (87%)
12 ms. Memory: 116224K Free: 100118K (86%)
13 ms. Memory: 116224K Free: 99523K (86%)
16 ms. Memory: 116224K Free: 98889K (85%)
6 ms. Memory: 116224K Free: 98254K (85%)
/home/travis/build/icyphy/ptII/ptolemy/actor/lib/test/Average.tcl
6 ms. Memory: 116224K Free: 96438K (83%)
5 ms. Memory: 116224K Free: 95232K (82%)
/home/travis/build/icyphy/ptII/ptolemy/actor/lib/test/Bernoulli.tcl
4 ms. Memory: 116224K Free: 93416K (80%)
7 ms. Memory: 116224K Free: 92821K (80%)
/home/travis/build/icyphy/ptII/ptolemy/actor/lib/test/Clock.tcl
preinitializing
resolving types
initializing
executing number 1
wrapping up
idle
18 ms. Memory: 116224K Free: 90442K (78%)
Completed execution with 5 iterations
preinitializing
resolving types
initializing
executing number 1
wrapping up
idle
3 ms. Memory: 116224K Free: 89823K (77%)
Completed execution with 5 iterations
preinitializing
resolving types
initializing
executing number 1
wrapping up
idle
3 ms. Memory: 116224K Free: 89220K (77%)
Completed execution with 5 iterations
/home/travis/build/icyphy/ptII/ptolemy/actor/lib/test/Commutator.tcl
9 ms. Memory: 116224K Free: 87394K (75%)
9 ms. Memory: 116224K Free: 86188K (74%)
17 ms. Memory: 116224K Free: 81883K (70%)
/home/travis/build/icyphy/ptII/ptolemy/actor/lib/test/Const.tcl
3 ms. Memory: 146944K Free: 138769K (94%)
3 ms. Memory: 146944K Free: 138769K (94%)
2 ms. Memory: 146944K Free: 138769K (94%)
9 ms. Memory: 146944K Free: 137581K (94%)
1 ms. Memory: 146944K Free: 137581K (94%)
16 ms. Memory: 146944K Free: 135205K (92%)
13 ms. Memory: 146944K Free: 134017K (91%)
3 ms. Memory: 146944K Free: 134017K (91%)
/home/travis/build/icyphy/ptII/ptolemy/actor/lib/test/CurrentTime.tcl
preinitializing
resolving types
initializing
executing number 1
wrapping up
idle
6 ms. Memory: 146944K Free: 131625K (90%)
Completed execution with 11 iterations
/home/travis/build/icyphy/ptII/ptolemy/actor/lib/test/DB.tcl
3 ms. Memory: 146944K Free: 129233K (88%)
2 ms. Memory: 146944K Free: 129233K (88%)
1 ms. Memory: 146944K Free: 129233K (88%)
/home/travis/build/icyphy/ptII/ptolemy/actor/lib/test/DiscreteRandomSource.tcl
preinitializing
resolving types
initializing
executing number 1
wrapping up
idle
3 ms. Memory: 146944K Free: 126841K (86%)
Completed execution with 4 iterations
preinitializing
resolving types
initializing
executing number 1
wrapping up
idle
2 ms. Memory: 146944K Free: 126841K (86%)
Completed execution with 4 iterations
preinitializing
resolving types
initializing
executing number 1
wrapping up
idle
2 ms. Memory: 146944K Free: 126841K (86%)
Completed execution with 4 iterations
preinitializing
resolving types
initializing
executing number 1
wrapping up
idle
2 ms. Memory: 146944K Free: 125653K (86%)
Completed execution with 4 iterations
preinitializing
resolving types
initializing
executing number 1
wrapping up
idle
3 ms. Memory: 146944K Free: 125653K (86%)
Completed execution with 4 iterations
/home/travis/build/icyphy/ptII/ptolemy/actor/lib/test/Distributor.tcl
4 ms. Memory: 146944K Free: 123277K (84%)
6 ms. Memory: 146944K Free: 123277K (84%)
StreamChangeRequest.changeExecuted(): <deleteEntity name="rec2"/> succeeded
StreamChangeRequest.changeExecuted(): <deleteRelation name="r2"/> succeeded
StreamChangeRequest.changeExecuted(): Record firings per iteration succeeded
5 ms. Memory: 146944K Free: 120901K (82%)
/home/travis/build/icyphy/ptII/ptolemy/actor/lib/test/Exit.tcl
Exit.tcl: this will print a message about Manager.exitAfterWrapup, which can be ignored.
7 ms. Memory: 146944K Free: 116715K (79%)
/home/travis/build/icyphy/ptII/ptolemy/actor/lib/test/Expression.tcl
3 ms. Memory: 146944K Free: 114282K (78%)
3 ms. Memory: 146944K Free: 113094K (77%)
2 ms. Memory: 146944K Free: 113094K (77%)
preinitializing
resolving types
initializing
executing number 1
wrapping up
idle
5 ms. Memory: 146944K Free: 111906K (76%)
Completed execution with 6 iterations
3 ms. Memory: 146944K Free: 110718K (75%)
2 ms. Memory: 146944K Free: 109530K (75%)
10 ms. Memory: 146944K Free: 108342K (74%)
7 ms. Memory: 146944K Free: 107155K (73%)
8 ms. Memory: 146944K Free: 105967K (72%)
/home/travis/build/icyphy/ptII/ptolemy/actor/lib/test/Gaussian.tcl
8 ms. Memory: 146944K Free: 104779K (71%)
sleeping 1 seconds: ...................................................................................................................................................................................................................................................................................................................................................................................................................................................................................................................................................................................................................................................................................................................................................................................................................................................................................................................................................................................................................................................................................................................................................................................................................................................................................................................................................................................................................................................................................................................................................................................................................................................................................................................................................................................................................................................................................................................................................................................................................................................................................................................................................................................................................................................................................................................................................................................................................................................................................................................................................................................................................................................................................................................................................................................................................................................................................................................................................................................................................................................................................................................................................................................................................................................................................................................................................................................................................................................................................................................................................................................................................................................................................................................................................................................................................................................................................................................................................................................................................................................................................................................................................................................................................................................................................................................................................................................................................................................................................................................................................................4 ms. Memory: 146944K Free: 84584K (58%)
8 ms. Memory: 146944K Free: 84584K (58%)
2 ms. Memory: 146944K Free: 83396K (57%)
8 ms. Memory: 146944K Free: 83396K (57%)
4 ms. Memory: 146944K Free: 82208K (56%)
/home/travis/build/icyphy/ptII/ptolemy/actor/lib/test/IIR.tcl
/home/travis/build/icyphy/ptII/ptolemy/actor/lib/test/Interpolator.tcl
3 ms. Memory: 146944K Free: 139257K (95%)
2 ms. Memory: 146944K Free: 138061K (94%)
11 ms. Memory: 146944K Free: 137802K (94%)
2 ms. Memory: 146944K Free: 136606K (93%)
4 ms. Memory: 146944K Free: 135410K (92%)
1 ms. Memory: 146944K Free: 135410K (92%)
5 ms. Memory: 146944K Free: 134214K (91%)
2 ms. Memory: 146944K Free: 133018K (91%)
2 ms. Memory: 146944K Free: 133018K (91%)
9 ms. Memory: 146944K Free: 131822K (90%)
/home/travis/build/icyphy/ptII/ptolemy/actor/lib/test/MathFunction.tcl
7 ms. Memory: 146944K Free: 129430K (88%)
2 ms. Memory: 146944K Free: 128234K (87%)
2 ms. Memory: 146944K Free: 127038K (86%)
5 ms. Memory: 146944K Free: 127038K (86%)
3 ms. Memory: 146944K Free: 124647K (85%)
4 ms. Memory: 146944K Free: 123451K (84%)
/home/travis/build/icyphy/ptII/ptolemy/actor/lib/test/Maximum.tcl
5 ms. Memory: 146944K Free: 121059K (82%)
5 ms. Memory: 146944K Free: 121059K (82%)
7 ms. Memory: 146944K Free: 119863K (82%)
4 ms. Memory: 146944K Free: 118667K (81%)
/home/travis/build/icyphy/ptII/ptolemy/actor/lib/test/Minimum.tcl
3 ms. Memory: 146944K Free: 117471K (80%)
3 ms. Memory: 146944K Free: 116275K (79%)
2 ms. Memory: 146944K Free: 116275K (79%)
3 ms. Memory: 146944K Free: 115079K (78%)
/home/travis/build/icyphy/ptII/ptolemy/actor/lib/test/MultiplyDivide.tcl
4 ms. Memory: 146944K Free: 113884K (78%)
2 ms. Memory: 146944K Free: 112688K (77%)
2 ms. Memory: 146944K Free: 111492K (76%)
2 ms. Memory: 146944K Free: 111492K (76%)
1 ms. Memory: 146944K Free: 110296K (75%)
/home/travis/build/icyphy/ptII/ptolemy/actor/lib/test/OrderedMerge.tcl
Connections changed on port: inputA
Connections changed on port: inputB
Connections changed on port: output
Connections changed on port: output
Connections changed on port: output
Connections changed on port: input
.top. Preinitializing ...
Invoking preinitialize():  .top.OrderedMerge
Called preinitialize()
Invoking preinitialize():  .top.Ramp
Called preinitialize()
Invoking preinitialize():  .top.Ramp2
Called preinitialize()
Invoking preinitialize():  .top.Test
Called preinitialize()
Connections changed on port: inputA
Connections changed on port: output
Connections changed on port: inputB
Connections changed on port: output
Connections changed on port: output
Connections changed on port: input
.top. Finished preinitialize().
Called initialize().
Invoking initialize():  .top.OrderedMerge
Initializing actor: .top.OrderedMerge
Adding a thread: .top.OrderedMerge
Invoking initialize():  .top.Ramp
Initializing actor: .top.Ramp
Adding a thread: .top.Ramp
Invoking initialize():  .top.Ramp2
Initializing actor: .top.Ramp2
Adding a thread: .top.Ramp2
Invoking initialize():  .top.Test
Initializing actor: .top.Test
Adding a thread: .top.Test
-- Starting thread.
Called initialize()
Called prefire()
Called fire()
-- Starting thread.
Called initialize()
Called prefire()
Called fire()
Called postfire()
Called prefire()
Called fire()
-- Starting thread.
Called initialize()
Called prefire()
Called fire()
Called postfire()
Called prefire()
Called fire()
Called fire().
Checking for deadlock:
There are 3 Blocked actors, 0 Stopped actors, and 4 active threads.
Waiting for actors to stop.
-- Starting thread.
Called initialize()
Called prefire()
Called fire()
Checking for deadlock:
There are 2 Blocked actors, 0 Stopped actors, and 4 active threads.
Waiting for actors to stop.
Called postfire()
Called prefire()
Called fire()
Checking for deadlock:
There are 3 Blocked actors, 0 Stopped actors, and 4 active threads.
Waiting for actors to stop.
Read input token from inputA with value 0.0
Next port to read input from is inputB
Called postfire()
Called prefire()
Called fire()
Checking for deadlock:
There are 2 Blocked actors, 0 Stopped actors, and 4 active threads.
Waiting for actors to stop.
Called postfire()
Called prefire()
Called fire()
Checking for deadlock:
There are 3 Blocked actors, 0 Stopped actors, and 4 active threads.
Waiting for actors to stop.
Read input token from inputB with value 0.0
Checking for deadlock:
There are 2 Blocked actors, 0 Stopped actors, and 4 active threads.
Waiting for actors to stop.
-- Read input: 0.0, which is expected to match: 0.0
Called prefire()
Called fire()
Checking for deadlock:
There are 3 Blocked actors, 0 Stopped actors, and 4 active threads.
Waiting for actors to stop.
Sent output token with value 0.0
Next port to read input from is inputA
Called postfire()
Called prefire()
Called fire()
Checking for deadlock:
There are 2 Blocked actors, 0 Stopped actors, and 4 active threads.
Waiting for actors to stop.
Called postfire()
Called prefire()
Called fire()
Checking for deadlock:
There are 3 Blocked actors, 0 Stopped actors, and 4 active threads.
Waiting for actors to stop.
Read input token from inputA with value 1.0
Checking for deadlock:
There are 2 Blocked actors, 0 Stopped actors, and 4 active threads.
Waiting for actors to stop.
-- Read input: 0.0, which is expected to match: 0.0
Called prefire()
Called fire()
Checking for deadlock:
There are 3 Blocked actors, 0 Stopped actors, and 4 active threads.
Waiting for actors to stop.
Sent output token with value 0.0
Next port to read input from is inputB
Called postfire()
Called prefire()
Called fire()
Checking for deadlock:
There are 2 Blocked actors, 0 Stopped actors, and 4 active threads.
Waiting for actors to stop.
Called postfire()
Called prefire()
Called fire()
Checking for deadlock:
There are 3 Blocked actors, 0 Stopped actors, and 4 active threads.
Waiting for actors to stop.
Read input token from inputB with value 1.5
Checking for deadlock:
There are 2 Blocked actors, 0 Stopped actors, and 4 active threads.
Waiting for actors to stop.
-- Read input: 1.0, which is expected to match: 1.0
Called prefire()
Called fire()
Checking for deadlock:
There are 3 Blocked actors, 0 Stopped actors, and 4 active threads.
Waiting for actors to stop.
Sent output token with value 1.0
Next port to read input from is inputA
Called postfire()
Called prefire()
Called fire()
Checking for deadlock:
There are 2 Blocked actors, 0 Stopped actors, and 4 active threads.
Waiting for actors to stop.
Called postfire()
Called prefire()
Called fire()
Checking for deadlock:
There are 3 Blocked actors, 0 Stopped actors, and 4 active threads.
Waiting for actors to stop.
Read input token from inputA with value 2.0
Checking for deadlock:
There are 2 Blocked actors, 0 Stopped actors, and 4 active threads.
Waiting for actors to stop.
-- Read input: 1.5, which is expected to match: 1.5
Called prefire()
Called fire()
Checking for deadlock:
There are 3 Blocked actors, 0 Stopped actors, and 4 active threads.
Waiting for actors to stop.
Sent output token with value 1.5
Next port to read input from is inputB
Called postfire()
Called prefire()
Called fire()
Checking for deadlock:
There are 2 Blocked actors, 0 Stopped actors, and 4 active threads.
Waiting for actors to stop.
Called postfire()
Called prefire()
Called fire()
Checking for deadlock:
There are 3 Blocked actors, 0 Stopped actors, and 4 active threads.
Waiting for actors to stop.
Read input token from inputB with value 3.0
Checking for deadlock:
There are 2 Blocked actors, 0 Stopped actors, and 4 active threads.
Waiting for actors to stop.
-- Read input: 2.0, which is expected to match: 2.0
Called prefire()
Called fire()
Checking for deadlock:
There are 3 Blocked actors, 0 Stopped actors, and 4 active threads.
Waiting for actors to stop.
Sent output token with value 2.0
Next port to read input from is inputA
Called postfire()
Called prefire()
Called fire()
Checking for deadlock:
There are 2 Blocked actors, 0 Stopped actors, and 4 active threads.
Waiting for actors to stop.
Called postfire()
Called prefire()
Called fire()
Checking for deadlock:
There are 3 Blocked actors, 0 Stopped actors, and 4 active threads.
Waiting for actors to stop.
Read input token from inputA with value 3.0
Checking for deadlock:
There are 2 Blocked actors, 0 Stopped actors, and 4 active threads.
Waiting for actors to stop.
-- Read input: 3.0, which is expected to match: 3.0
Called prefire()
Called fire()
Checking for deadlock:
There are 3 Blocked actors, 0 Stopped actors, and 4 active threads.
Waiting for actors to stop.
Sent output token with value 3.0
Next port to read input from is inputB
Called postfire()
Called prefire()
Called fire()
Checking for deadlock:
There are 2 Blocked actors, 0 Stopped actors, and 4 active threads.
Waiting for actors to stop.
Called postfire()
Called prefire()
Called fire()
Checking for deadlock:
There are 3 Blocked actors, 0 Stopped actors, and 4 active threads.
Waiting for actors to stop.
Read input token from inputB with value 4.5
Checking for deadlock:
There are 2 Blocked actors, 0 Stopped actors, and 4 active threads.
Waiting for actors to stop.
-- Read input: 3.0, which is expected to match: 3.0
Called prefire()
Called fire()
Checking for deadlock:
There are 3 Blocked actors, 0 Stopped actors, and 4 active threads.
Waiting for actors to stop.
Sent output token with value 3.0
Next port to read input from is inputA
Called postfire()
Called prefire()
Called fire()
Checking for deadlock:
There are 2 Blocked actors, 0 Stopped actors, and 4 active threads.
Waiting for actors to stop.
Called postfire()
Called prefire()
Called fire()
Checking for deadlock:
There are 3 Blocked actors, 0 Stopped actors, and 4 active threads.
Waiting for actors to stop.
Read input token from inputA with value 4.0
Checking for deadlock:
There are 2 Blocked actors, 0 Stopped actors, and 4 active threads.
Waiting for actors to stop.
-- Read input: 4.0, which is expected to match: 4.0
Called prefire()
Called fire()
Past the end of training data. Read and discard all inputs.
Checking for deadlock:
There are 3 Blocked actors, 0 Stopped actors, and 4 active threads.
Waiting for actors to stop.
Sent output token with value 4.0
Next port to read input from is inputA
Called postfire()
Called prefire()
Called fire()
Checking for deadlock:
There are 2 Blocked actors, 0 Stopped actors, and 4 active threads.
Waiting for actors to stop.
Called postfire()
Called prefire()
Called fire()
Checking for deadlock:
There are 3 Blocked actors, 0 Stopped actors, and 4 active threads.
Waiting for actors to stop.
Read input token from inputA with value 5.0
Checking for deadlock:
There are 2 Blocked actors, 0 Stopped actors, and 4 active threads.
Waiting for actors to stop.
Called prefire()
Called fire()
Past the end of training data. Read and discard all inputs.
Checking for deadlock:
There are 3 Blocked actors, 0 Stopped actors, and 4 active threads.
Waiting for actors to stop.
Sent output token with value 4.5
Next port to read input from is inputB
Called postfire()
Called prefire()
Called fire()
Checking for deadlock:
There are 2 Blocked actors, 0 Stopped actors, and 4 active threads.
Waiting for actors to stop.
Called postfire()
Called prefire()
Called fire()
Checking for deadlock:
There are 3 Blocked actors, 0 Stopped actors, and 4 active threads.
Waiting for actors to stop.
Read input token from inputB with value 6.0
Checking for deadlock:
There are 2 Blocked actors, 0 Stopped actors, and 4 active threads.
Waiting for actors to stop.
Called prefire()
Called fire()
Past the end of training data. Read and discard all inputs.
Checking for deadlock:
There are 3 Blocked actors, 0 Stopped actors, and 4 active threads.
Waiting for actors to stop.
Sent output token with value 5.0
Next port to read input from is inputA
Called postfire()
Called prefire()
Called fire()
Checking for deadlock:
There are 2 Blocked actors, 0 Stopped actors, and 4 active threads.
Waiting for actors to stop.
Called postfire()
Called prefire()
Called fire()
Checking for deadlock:
There are 3 Blocked actors, 0 Stopped actors, and 4 active threads.
Waiting for actors to stop.
Read input token from inputA with value 6.0
Checking for deadlock:
There are 2 Blocked actors, 0 Stopped actors, and 4 active threads.
Waiting for actors to stop.
Called prefire()
Called fire()
Past the end of training data. Read and discard all inputs.
Checking for deadlock:
There are 3 Blocked actors, 0 Stopped actors, and 4 active threads.
Waiting for actors to stop.
Sent output token with value 6.0
Next port to read input from is inputB
Called postfire()
Called prefire()
Called fire()
Checking for deadlock:
There are 2 Blocked actors, 0 Stopped actors, and 4 active threads.
Waiting for actors to stop.
Called postfire()
Called prefire()
Called fire()
Checking for deadlock:
There are 3 Blocked actors, 0 Stopped actors, and 4 active threads.
Waiting for actors to stop.
Read input token from inputB with value 7.5
Checking for deadlock:
There are 2 Blocked actors, 0 Stopped actors, and 4 active threads.
Waiting for actors to stop.
Called prefire()
Called fire()
Past the end of training data. Read and discard all inputs.
Checking for deadlock:
There are 3 Blocked actors, 0 Stopped actors, and 4 active threads.
Waiting for actors to stop.
Sent output token with value 6.0
Next port to read input from is inputA
Called postfire()
Called prefire()
Called fire()
Checking for deadlock:
There are 2 Blocked actors, 0 Stopped actors, and 4 active threads.
Waiting for actors to stop.
Called postfire()
Called prefire()
Called fire()
Checking for deadlock:
There are 3 Blocked actors, 0 Stopped actors, and 4 active threads.
Waiting for actors to stop.
Read input token from inputA with value 7.0
Checking for deadlock:
There are 2 Blocked actors, 0 Stopped actors, and 4 active threads.
Waiting for actors to stop.
Called prefire()
Called fire()
Past the end of training data. Read and discard all inputs.
Checking for deadlock:
There are 3 Blocked actors, 0 Stopped actors, and 4 active threads.
Waiting for actors to stop.
Sent output token with value 7.0
Next port to read input from is inputA
Called postfire()
Called prefire()
Called fire()
Checking for deadlock:
There are 2 Blocked actors, 0 Stopped actors, and 4 active threads.
Waiting for actors to stop.
-- Thread wrapup() called.
Called wrapup()
Thread .top.Ramp is exiting.
-- Thread stopped.
Checking for deadlock:
There are 2 Blocked actors, 0 Stopped actors, and 3 active threads.
Waiting for actors to stop.
Read input token from inputA with value 8.0
Checking for deadlock:
There are 1 Blocked actors, 0 Stopped actors, and 3 active threads.
Waiting for actors to stop.
Called prefire()
Called fire()
Past the end of training data. Read and discard all inputs.
Checking for deadlock:
There are 2 Blocked actors, 0 Stopped actors, and 3 active threads.
Waiting for actors to stop.
Sent output token with value 7.5
Next port to read input from is inputB
Called postfire()
Called prefire()
Called fire()
Checking for deadlock:
There are 1 Blocked actors, 0 Stopped actors, and 3 active threads.
Waiting for actors to stop.
Called postfire()
Called prefire()
Called fire()
Checking for deadlock:
There are 2 Blocked actors, 0 Stopped actors, and 3 active threads.
Waiting for actors to stop.
Read input token from inputB with value 9.0
Checking for deadlock:
There are 1 Blocked actors, 0 Stopped actors, and 3 active threads.
Waiting for actors to stop.
Called prefire()
Called fire()
Past the end of training data. Read and discard all inputs.
Checking for deadlock:
There are 2 Blocked actors, 0 Stopped actors, and 3 active threads.
Waiting for actors to stop.
Sent output token with value 8.0
Next port to read input from is inputA
Called postfire()
Called prefire()
Called fire()
Read input token from inputA with value 9.0
Checking for deadlock:
There are 1 Blocked actors, 0 Stopped actors, and 3 active threads.
Waiting for actors to stop.
Called prefire()
Called fire()
Past the end of training data. Read and discard all inputs.
Checking for deadlock:
There are 2 Blocked actors, 0 Stopped actors, and 3 active threads.
Waiting for actors to stop.
Sent output token with value 9.0
Next port to read input from is inputB
Called postfire()
Called prefire()
Called fire()
Checking for deadlock:
There are 1 Blocked actors, 0 Stopped actors, and 3 active threads.
Waiting for actors to stop.
Called postfire()
Called prefire()
Called fire()
Checking for deadlock:
There are 2 Blocked actors, 0 Stopped actors, and 3 active threads.
Waiting for actors to stop.
Read input token from inputB with value 10.5
Checking for deadlock:
There are 1 Blocked actors, 0 Stopped actors, and 3 active threads.
Waiting for actors to stop.
Called prefire()
Called fire()
Past the end of training data. Read and discard all inputs.
Checking for deadlock:
There are 2 Blocked actors, 0 Stopped actors, and 3 active threads.
Waiting for actors to stop.
Sent output token with value 9.0
Next port to read input from is inputA
Called postfire()
Called prefire()
Called fire()
Checking for deadlock:
There are 3 Blocked actors, 0 Stopped actors, and 3 active threads.
Actors have stopped.
Checking for deadlock:
There are 3 Blocked actors, 0 Stopped actors, and 3 active threads.
Deadlock detected.
Resolving Deadlock
Checking for deadlock:
There are 3 Blocked actors, 0 Stopped actors, and 3 active threads.
Artificial Deadlock - increasing queue capacity.
increasing the capacity of receiver ptolemy.actor.TypedIOPort {.top.OrderedMerge.inputB} to 2
Director: Called postfire().
Called postfire().
_stopRequested = false
_stopFireRequested = false
Returning from postfire(): true
Called fire().
Checking for deadlock:
There are 2 Blocked actors, 0 Stopped actors, and 3 active threads.
Waiting for actors to stop.
-- Thread wrapup() called.
Called wrapup()
Thread .top.Ramp2 is exiting.
-- Thread stopped.
Checking for deadlock:
There are 2 Blocked actors, 0 Stopped actors, and 2 active threads.
Actors have stopped.
Checking for deadlock:
There are 2 Blocked actors, 0 Stopped actors, and 2 active threads.
Deadlock detected.
Resolving Deadlock
Checking for deadlock:
There are 2 Blocked actors, 0 Stopped actors, and 2 active threads.
Deadlock detected: no processes blocked on write, but some are blocked on read.
Called postfire().
_stopRequested = false
_stopFireRequested = false
Returning from postfire(): false
Finished deactivating branches.
Called wrapup().
-- Thread wrapup() called.
Called wrapup()
Thread .top.OrderedMerge is exiting.
-- Thread wrapup() called.
Called wrapup()
Thread .top.Test is exiting.
-- Thread stopped.
-- Blocked Receiver call threw TerminateProcessException.
28 ms. Memory: 146944K Free: 106266K (72%)
.top. Preinitializing ...
Invoking preinitialize():  .top.OrderedMerge
Called preinitialize()
Invoking preinitialize():  .top.Ramp
Called preinitialize()
Invoking preinitialize():  .top.Ramp2
Called preinitialize()
Invoking preinitialize():  .top.Test
Called preinitialize()
.top. Finished preinitialize().
Called initialize().
Invoking initialize():  .top.OrderedMerge
Initializing actor: .top.OrderedMerge
Adding a thread: .top.OrderedMerge
Invoking initialize():  .top.Ramp
Initializing actor: .top.Ramp
Adding a thread: .top.Ramp
Invoking initialize():  .top.Ramp2
Initializing actor: .top.Ramp2
Adding a thread: .top.Ramp2
Invoking initialize():  .top.Test
Initializing actor: .top.Test
Adding a thread: .top.Test
-- Starting thread.
Called initialize()
Called prefire()
Called fire()
-- Thread stopped.
-- Blocked Receiver call threw TerminateProcessException.
-- Starting thread.
Called initialize()
Called prefire()
Called fire()
Called postfire()
Called prefire()
Called fire()
-- Starting thread.
Called initialize()
Called prefire()
Called fire()
Called postfire()
Called prefire()
Called fire()
Called fire().
Checking for deadlock:
There are 3 Blocked actors, 0 Stopped actors, and 4 active threads.
Waiting for actors to stop.
-- Starting thread.
Called initialize()
Called prefire()
Called fire()
Checking for deadlock:
There are 2 Blocked actors, 0 Stopped actors, and 4 active threads.
Read input token from inputA with value 0.0
Waiting for actors to stop.
Called postfire()
Next port to read input from is inputB
Called prefire()
Called fire()
Called postfire()
Called prefire()
Called fire()
Checking for deadlock:
There are 3 Blocked actors, 0 Stopped actors, and 4 active threads.
Waiting for actors to stop.
Checking for deadlock:
There are 2 Blocked actors, 0 Stopped actors, and 4 active threads.
Waiting for actors to stop.
Called postfire()
Called prefire()
Called fire()
Read input token from inputB with value 0.0
Checking for deadlock:
There are 3 Blocked actors, 0 Stopped actors, and 4 active threads.
Waiting for actors to stop.
Checking for deadlock:
There are 2 Blocked actors, 0 Stopped actors, and 4 active threads.
Sent output token with value 0.0
Waiting for actors to stop.
Next port to read input from is inputA
Called postfire()
-- Read input: 0.0, which is expected to match: 0.0
Called prefire()
Called fire()
Called prefire()
Called fire()
Read input token from inputA with value 1.0
Checking for deadlock:
There are 2 Blocked actors, 0 Stopped actors, and 4 active threads.
Waiting for actors to stop.
Checking for deadlock:
Called postfire()
There are 1 Blocked actors, 0 Stopped actors, and 4 active threads.
Called prefire()
Waiting for actors to stop.
Called fire()
Sent output token with value 0.0
-- Read input: 0.0, which is expected to match: 0.0
Called prefire()
Called fire()
Next port to read input from is inputB
Called postfire()
Called prefire()
Called fire()
Checking for deadlock:
There are 3 Blocked actors, 0 Stopped actors, and 4 active threads.
Waiting for actors to stop.
Called postfire()
Read input token from inputB with value 1.5
Called prefire()
Called fire()
Sent output token with value 1.0
Checking for deadlock:
There are 2 Blocked actors, 0 Stopped actors, and 4 active threads.
Waiting for actors to stop.
Next port to read input from is inputA
Called postfire()
Called prefire()
Called fire()
-- Read input: 1.0, which is expected to match: 1.0
Checking for deadlock:
There are 1 Blocked actors, 0 Stopped actors, and 4 active threads.
Called prefire()
Called fire()
Waiting for actors to stop.
Read input token from inputA with value 2.0
Sent output token with value 1.5
Next port to read input from is inputB
Called postfire()
Called prefire()
Called fire()
Read input token from inputB with value 3.0
Called postfire()
Called prefire()
Called fire()
Called postfire()
Called prefire()
Called fire()
-- Read input: 1.5, which is expected to match: 1.5
Checking for deadlock:
Called prefire()
Called fire()
There are 1 Blocked actors, 0 Stopped actors, and 4 active threads.
Waiting for actors to stop.
Checking for deadlock:
There are 2 Blocked actors, 0 Stopped actors, and 4 active threads.
Waiting for actors to stop.
Sent output token with value 2.0
-- Read input: 2.0, which is expected to match: 2.0
Called prefire()
Called fire()
Next port to read input from is inputA
Called postfire()
Called prefire()
Checking for deadlock:
Called fire()
There are 3 Blocked actors, 0 Stopped actors, and 4 active threads.
Waiting for actors to stop.
Checking for deadlock:
Called postfire()
There are 2 Blocked actors, 0 Stopped actors, and 4 active threads.
Called prefire()
Waiting for actors to stop.
Called fire()
Read input token from inputA with value 3.0
Checking for deadlock:
There are 3 Blocked actors, 0 Stopped actors, and 4 active threads.
Waiting for actors to stop.
Checking for deadlock:
There are 2 Blocked actors, 0 Stopped actors, and 4 active threads.
Waiting for actors to stop.
Sent output token with value 3.0
-- Read input: 3.0, which is expected to match: 3.0
Called prefire()
Called fire()
Next port to read input from is inputB
Called postfire()
Called prefire()
Called fire()
Checking for deadlock:
There are 3 Blocked actors, 0 Stopped actors, and 4 active threads.
Waiting for actors to stop.
Checking for deadlock:
There are 2 Blocked actors, 0 Stopped actors, and 4 active threads.
Waiting for actors to stop.
Called postfire()
Called prefire()
Called fire()
Checking for deadlock:
There are 3 Blocked actors, 0 Stopped actors, and 4 active threads.
Waiting for actors to stop.
Read input token from inputB with value 4.5
Checking for deadlock:
There are 2 Blocked actors, 0 Stopped actors, and 4 active threads.
Waiting for actors to stop.
Sent output token with value 3.0
-- Read input: 3.0, which is expected to match: 3.0
Called prefire()
Called fire()
Next port to read input from is inputA
Called postfire()
Called prefire()
Called fire()
Read input token from inputA with value 4.0
Sent output token with value 4.0
Next port to read input from is inputA
Called postfire()
Called prefire()
Called fire()
Checking for deadlock:
There are 1 Blocked actors, 0 Stopped actors, and 4 active threads.
Called postfire()
Called prefire()
Waiting for actors to stop.
Called fire()
Read input token from inputA with value 5.0
Called postfire()
Called prefire()
Called fire()
-- Read input: 4.0, which is expected to match: 4.0
Called prefire()
Called fire()
Past the end of training data. Read and discard all inputs.
Checking for deadlock:
There are 3 Blocked actors, 0 Stopped actors, and 4 active threads.
Waiting for actors to stop.
Sent output token with value 4.5
Next port to read input from is inputB
Called postfire()
Called prefire()
Called fire()
Read input token from inputB with value 6.0
Checking for deadlock:
There are 2 Blocked actors, 0 Stopped actors, and 4 active threads.
Waiting for actors to stop.
Called prefire()
Called fire()
Called postfire()
Called prefire()
Past the end of training data. Read and discard all inputs.
Called fire()
Checking for deadlock:
There are 3 Blocked actors, 0 Stopped actors, and 4 active threads.
Waiting for actors to stop.
Sent output token with value 5.0
Checking for deadlock:
There are 2 Blocked actors, 0 Stopped actors, and 4 active threads.
Called prefire()
Called fire()
Waiting for actors to stop.
Past the end of training data. Read and discard all inputs.
Checking for deadlock:
There are 3 Blocked actors, 0 Stopped actors, and 4 active threads.
Waiting for actors to stop.
Next port to read input from is inputA
Called postfire()
Called prefire()
Called fire()
Checking for deadlock:
There are 2 Blocked actors, 0 Stopped actors, and 4 active threads.
Waiting for actors to stop.
Called postfire()
Called prefire()
Called fire()
Read input token from inputA with value 6.0
Checking for deadlock:
There are 3 Blocked actors, 0 Stopped actors, and 4 active threads.
Waiting for actors to stop.
Checking for deadlock:
There are 2 Blocked actors, 0 Stopped actors, and 4 active threads.
Waiting for actors to stop.
Sent output token with value 6.0
Called prefire()
Called fire()
Past the end of training data. Read and discard all inputs.
Next port to read input from is inputB
Called postfire()
Called prefire()
Checking for deadlock:
There are 3 Blocked actors, 0 Stopped actors, and 4 active threads.
Waiting for actors to stop.
Called fire()
Checking for deadlock:
There are 2 Blocked actors, 0 Stopped actors, and 4 active threads.
Waiting for actors to stop.
Called postfire()
Called prefire()
Called fire()
Checking for deadlock:
There are 3 Blocked actors, 0 Stopped actors, and 4 active threads.
Waiting for actors to stop.
Read input token from inputB with value 7.5
Checking for deadlock:
There are 2 Blocked actors, 0 Stopped actors, and 4 active threads.
Waiting for actors to stop.
Called prefire()
Sent output token with value 6.0
Called fire()
Past the end of training data. Read and discard all inputs.
Next port to read input from is inputA
Called postfire()
Called prefire()
Called fire()
Checking for deadlock:
There are 3 Blocked actors, 0 Stopped actors, and 4 active threads.
Waiting for actors to stop.
Checking for deadlock:
There are 2 Blocked actors, 0 Stopped actors, and 4 active threads.
Waiting for actors to stop.
Called postfire()
Read input token from inputA with value 7.0
Called prefire()
Called fire()
Sent output token with value 7.0
Checking for deadlock:
There are 2 Blocked actors, 0 Stopped actors, and 4 active threads.
Called prefire()
Called fire()
Waiting for actors to stop.
Past the end of training data. Read and discard all inputs.
Checking for deadlock:
There are 3 Blocked actors, 0 Stopped actors, and 4 active threads.
Waiting for actors to stop.
Next port to read input from is inputA
Called postfire()
Called prefire()
Called fire()
Checking for deadlock:
-- Thread wrapup() called.
Called wrapup()
There are 2 Blocked actors, 0 Stopped actors, and 4 active threads.
Waiting for actors to stop.
Read input token from inputA with value 8.0
Thread .top.Ramp is exiting.
-- Thread stopped.
Sent output token with value 7.5
Next port to read input from is inputB
Called postfire()
Called prefire()
Called fire()
Read input token from inputB with value 9.0
Checking for deadlock:
There are 0 Blocked actors, 0 Stopped actors, and 3 active threads.
Called prefire()
Called fire()
Past the end of training data. Read and discard all inputs.
Waiting for actors to stop.
Called postfire()
Called prefire()
Called fire()
Checking for deadlock:
There are 2 Blocked actors, 0 Stopped actors, and 3 active threads.
Waiting for actors to stop.
Sent output token with value 8.0
Called prefire()
Called fire()
Past the end of training data. Read and discard all inputs.
Next port to read input from is inputA
Called postfire()
Called prefire()
Called fire()
Checking for deadlock:
There are 2 Blocked actors, 0 Stopped actors, and 3 active threads.
Waiting for actors to stop.
Read input token from inputA with value 9.0
Checking for deadlock:
There are 1 Blocked actors, 0 Stopped actors, and 3 active threads.
Sent output token with value 9.0
Waiting for actors to stop.
Called prefire()
Called fire()
Next port to read input from is inputB
Past the end of training data. Read and discard all inputs.
Called postfire()
Checking for deadlock:
There are 2 Blocked actors, 0 Stopped actors, and 3 active threads.
Waiting for actors to stop.
Called prefire()
Called fire()
Checking for deadlock:
There are 1 Blocked actors, 0 Stopped actors, and 3 active threads.
Waiting for actors to stop.
Read input token from inputB with value 10.5
Called postfire()
Called prefire()
Called fire()
Checking for deadlock:
There are 2 Blocked actors, 0 Stopped actors, and 3 active threads.
Waiting for actors to stop.
Checking for deadlock:
Sent output token with value 9.0
There are 1 Blocked actors, 0 Stopped actors, and 3 active threads.
Waiting for actors to stop.
Called prefire()
Called fire()
Next port to read input from is inputA
Past the end of training data. Read and discard all inputs.
Called postfire()
Called prefire()
Called fire()
Checking for deadlock:
There are 2 Blocked actors, 0 Stopped actors, and 3 active threads.
Waiting for actors to stop.
Checking for deadlock:
There are 3 Blocked actors, 0 Stopped actors, and 3 active threads.
Actors have stopped.
Checking for deadlock:
There are 3 Blocked actors, 0 Stopped actors, and 3 active threads.
Deadlock detected.
Resolving Deadlock
Checking for deadlock:
There are 3 Blocked actors, 0 Stopped actors, and 3 active threads.
Artificial Deadlock - increasing queue capacity.
increasing the capacity of receiver ptolemy.actor.TypedIOPort {.top.OrderedMerge.inputB} to 2
Director: Called postfire().
Called postfire().
_stopRequested = false
_stopFireRequested = false
Returning from postfire(): true
Called fire().
Checking for deadlock:
There are 2 Blocked actors, 0 Stopped actors, and 3 active threads.
Waiting for actors to stop.
-- Thread wrapup() called.
Called wrapup()
Thread .top.Ramp2 is exiting.
-- Thread stopped.
Checking for deadlock:
There are 2 Blocked actors, 0 Stopped actors, and 2 active threads.
Actors have stopped.
Checking for deadlock:
There are 2 Blocked actors, 0 Stopped actors, and 2 active threads.
Deadlock detected.
Resolving Deadlock
Checking for deadlock:
There are 2 Blocked actors, 0 Stopped actors, and 2 active threads.
Deadlock detected: no processes blocked on write, but some are blocked on read.
Called postfire().
_stopRequested = false
_stopFireRequested = false
Returning from postfire(): false
Finished deactivating branches.
Called wrapup().
-- Thread wrapup() called.
Called wrapup()
Thread .top.OrderedMerge is exiting.
-- Thread stopped.
-- Blocked Receiver call threw TerminateProcessException.
-- Thread wrapup() called.
Called wrapup()
Thread .top.Test is exiting.
-- Thread stopped.
-- Blocked Receiver call threw TerminateProcessException.
36 ms. Memory: 146944K Free: 104627K (71%)
/home/travis/build/icyphy/ptII/ptolemy/actor/lib/test/Publisher.tcl
5 ms. Memory: 146944K Free: 97444K (66%)
3 ms. Memory: 146944K Free: 92660K (63%)
2 ms. Memory: 146944K Free: 87877K (60%)
3 ms. Memory: 146944K Free: 87877K (60%)
2 ms. Memory: 146944K Free: 86665K (59%)
2 ms. Memory: 146944K Free: 85469K (58%)
2 ms. Memory: 146944K Free: 85469K (58%)
2 ms. Memory: 146944K Free: 84241K (57%)
1 ms. Memory: 208384K Free: 196952K (95%)
4 ms. Memory: 208384K Free: 192214K (92%)
2 ms. Memory: 208384K Free: 192214K (92%)
4 ms. Memory: 208384K Free: 189845K (91%)
10 ms. Memory: 208384K Free: 180362K (87%)
5 ms. Memory: 208384K Free: 170886K (82%)
5 ms. Memory: 208384K Free: 159010K (76%)
/home/travis/build/icyphy/ptII/ptolemy/actor/lib/test/Pulse.tcl
3 ms. Memory: 208384K Free: 116370K (56%)
1 ms. Memory: 208384K Free: 116370K (56%)
1 ms. Memory: 208384K Free: 114001K (55%)
1 ms. Memory: 208384K Free: 114001K (55%)
1 ms. Memory: 208384K Free: 114001K (55%)
1 ms. Memory: 208384K Free: 114001K (55%)
3 ms. Memory: 208384K Free: 111632K (54%)
1 ms. Memory: 208384K Free: 111632K (54%)
1 ms. Memory: 208384K Free: 111632K (54%)
/home/travis/build/icyphy/ptII/ptolemy/actor/lib/test/Ramp.tcl
2 ms. Memory: 208384K Free: 109263K (52%)
5 ms. Memory: 208384K Free: 106894K (51%)
2 ms. Memory: 208384K Free: 106894K (51%)
1 ms. Memory: 208384K Free: 106894K (51%)
3 ms. Memory: 208384K Free: 106894K (51%)
3 ms. Memory: 208384K Free: 104526K (50%)
4 ms. Memory: 208384K Free: 104526K (50%)
5 actors
5000 microseconds per iteration to create
5 ms. Memory: 208384K Free: 102157K (49%)
1 ms. Memory: 208384K Free: 99788K (48%)
1 ms. Memory: 208384K Free: 99788K (48%)
1 ms. Memory: 208384K Free: 99788K (48%)
50 actors
24000 microseconds per iteration to create
24 ms. Memory: 208384K Free: 83206K (40%)
5 ms. Memory: 208384K Free: 83206K (40%)
5 ms. Memory: 208384K Free: 80837K (39%)
4 ms. Memory: 208384K Free: 80837K (39%)
500 actors
1210000 microseconds per iteration to create
252 ms. Memory: 332288K Free: 272309K (82%)
35 ms. Memory: 332288K Free: 267504K (81%)
38 ms. Memory: 332288K Free: 262699K (79%)
41 ms. Memory: 332288K Free: 257893K (78%)
/home/travis/build/icyphy/ptII/ptolemy/actor/lib/test/RampContinuous.tcl
7 ms. Memory: 332288K Free: 253088K (76%)
/home/travis/build/icyphy/ptII/ptolemy/actor/lib/test/RecordAssembler.tcl
4 ms. Memory: 332288K Free: 253088K (76%)
2 ms. Memory: 332288K Free: 253088K (76%)
/home/travis/build/icyphy/ptII/ptolemy/actor/lib/test/RecordDisassembler.tcl
4 ms. Memory: 332288K Free: 248267K (75%)
2 ms. Memory: 332288K Free: 248267K (75%)
3 ms. Memory: 332288K Free: 248267K (75%)
/home/travis/build/icyphy/ptII/ptolemy/actor/lib/test/Scale.tcl
2 ms. Memory: 332288K Free: 243461K (73%)
1 ms. Memory: 332288K Free: 243461K (73%)
1 ms. Memory: 332288K Free: 243461K (73%)
2 ms. Memory: 332288K Free: 243461K (73%)
2 ms. Memory: 332288K Free: 243461K (73%)
/home/travis/build/icyphy/ptII/ptolemy/actor/lib/test/SequentialClock.tcl
preinitializing
resolving types
initializing
executing number 1
wrapping up
idle
2 ms. Memory: 332288K Free: 243461K (73%)
Completed execution with 5 iterations
preinitializing
resolving types
initializing
executing number 1
wrapping up
idle
1 ms. Memory: 332288K Free: 238640K (72%)
Completed execution with 5 iterations
preinitializing
resolving types
initializing
executing number 1
wrapping up
idle
1 ms. Memory: 332288K Free: 238640K (72%)
Completed execution with 5 iterations
/home/travis/build/icyphy/ptII/ptolemy/actor/lib/test/SetVariable.tcl
3 ms. Memory: 332288K Free: 238640K (72%)
/home/travis/build/icyphy/ptII/ptolemy/actor/lib/test/Sinewave.tcl
/home/travis/build/icyphy/ptII/ptolemy/actor/lib/test/SubscriptionAggregator.tcl
5 ms. Memory: 332288K Free: 224208K (67%)
2 ms. Memory: 332288K Free: 224208K (67%)
4 ms. Memory: 332288K Free: 224208K (67%)
1 ms. Memory: 332288K Free: 224208K (67%)
1 ms. Memory: 332288K Free: 219403K (66%)
4 ms. Memory: 332288K Free: 219403K (66%)
...............................................................950 ms. Memory: 582144K Free: 345651K (59%)
/home/travis/build/icyphy/ptII/ptolemy/actor/lib/test/Test.tcl
 The next command will produce a warning about training mode,
   which may be ignored.
3 ms. Memory: 582144K Free: 345651K (59%)
1 ms. Memory: 582144K Free: 345651K (59%)
1 ms. Memory: 582144K Free: 345651K (59%)
2 ms. Memory: 582144K Free: 335972K (58%)
2 ms. Memory: 582144K Free: 335972K (58%)
1 ms. Memory: 582144K Free: 335972K (58%)
2 ms. Memory: 582144K Free: 335972K (58%)
 The next command will produce a warning about training mode,
   which may be ignored.
3 ms. Memory: 582144K Free: 335972K (58%)
 The next command will produce a warning about training mode,
   which may be ignored.
7 ms. Memory: 582144K Free: 335972K (58%)
2 ms. Memory: 582144K Free: 335972K (58%)
1 ms. Memory: 582144K Free: 335972K (58%)
1 ms. Memory: 582144K Free: 335972K (58%)
1 ms. Memory: 582144K Free: 335972K (58%)
5 ms. Memory: 582144K Free: 326293K (56%)
/home/travis/build/icyphy/ptII/ptolemy/actor/lib/test/TestExceptionHandler.tcl
 The next command will produce a warning about training mode,
   which may be ignored.
1 ms. Memory: 582144K Free: 326293K (56%)
1 ms. Memory: 582144K Free: 326293K (56%)
1 ms. Memory: 582144K Free: 326293K (56%)
/home/travis/build/icyphy/ptII/ptolemy/actor/lib/test/UnionDisassembler.tcl
20 ms. Memory: 582144K Free: 316598K (54%)
/home/travis/build/icyphy/ptII/ptolemy/actor/lib/test/VariableClock.tcl
preinitializing
resolving types
initializing
executing number 1
wrapping up
idle
7 ms. Memory: 582144K Free: 316598K (54%)
Completed execution with 11 iterations
preinitializing
resolving types
initializing
executing number 1
wrapping up
idle
2 ms. Memory: 582144K Free: 316598K (54%)
Completed execution with 10 iterations
12/13/18 02:57:21
Failed: 0  Total Tests: 234  ((Passed: 234, Newly Passed: 0)  Known Failed: 0) /home/travis/build/icyphy/ptII/ptolemy/actor/lib/test
----------------- testing (KnownFailure) /home/travis/build/icyphy/ptII/ptolemy/actor/lib/test/auto/knownFailedTests/PublisherPortToplevelSubscriber.xml
1 ms. Memory: 582144K Free: 306839K (53%)
Known Failure: java.lang.reflect.InvocationTargetException
----------------- testing (KnownFailure) /home/travis/build/icyphy/ptII/ptolemy/actor/lib/test/auto/knownFailedTests/PublisherSubscriberPortToplevel.xml
1 ms. Memory: 582144K Free: 287321K (49%)
Known Failure: java.lang.reflect.InvocationTargetException
----------------- testing (KnownFailure) /home/travis/build/icyphy/ptII/ptolemy/actor/lib/test/auto/knownFailedTests/PublisherSubscriptionAggregatorPort.xml
0 ms. Memory: 582144K Free: 267803K (46%)
Known Failure: java.lang.reflect.InvocationTargetException
----------------- testing (KnownFailure) /home/travis/build/icyphy/ptII/ptolemy/actor/lib/test/auto/knownFailedTests/sizedarray3.xml
3 ms. Memory: 582144K Free: 248286K (43%)
Known Failure: java.lang.reflect.InvocationTargetException
No auto/linux-amd64/*.xml tests in /home/travis/build/icyphy/ptII/ptolemy/actor/lib/test
AutoTests.java: About to close Vertx.
AutoTests.java: Vertx closed.

===========================================================================================
----------------- testing Thu Dec 13 02:57:22 UTC 2018 /home/travis/build/icyphy/ptII/ptolemy/actor/lib/test/auto/AbsoluteValue.xml
----------------- Instantiating /home/travis/build/icyphy/ptII/ptolemy/actor/lib/test/auto/AbsoluteValue.xml
8 ms. Memory: 582144K Free: 160695K (28%)
----------------- Invoking toplevel() on ptolemy.moml.MoMLSimpleApplication@6bdd72d1
----------------- Done invoking toplevel() on ptolemy.moml.MoMLSimpleApplication@6bdd72d1
reloadAllAccessors: .AbsoluteValue

===========================================================================================
----------------- testing Thu Dec 13 02:57:22 UTC 2018 /home/travis/build/icyphy/ptII/ptolemy/actor/lib/test/auto/AbsoluteValue2.xml
----------------- Instantiating /home/travis/build/icyphy/ptII/ptolemy/actor/lib/test/auto/AbsoluteValue2.xml
5 ms. Memory: 582144K Free: 146041K (25%)
----------------- Invoking toplevel() on ptolemy.moml.MoMLSimpleApplication@2dcc2b23
----------------- Done invoking toplevel() on ptolemy.moml.MoMLSimpleApplication@2dcc2b23
reloadAllAccessors: .AbsoluteValue2

===========================================================================================
----------------- testing Thu Dec 13 02:57:22 UTC 2018 /home/travis/build/icyphy/ptII/ptolemy/actor/lib/test/auto/Accumulator.xml
----------------- Instantiating /home/travis/build/icyphy/ptII/ptolemy/actor/lib/test/auto/Accumulator.xml
6 ms. Memory: 582144K Free: 126603K (22%)
----------------- Invoking toplevel() on ptolemy.moml.MoMLSimpleApplication@3c246abd
----------------- Done invoking toplevel() on ptolemy.moml.MoMLSimpleApplication@3c246abd
reloadAllAccessors: .Accumulator

===========================================================================================
----------------- testing Thu Dec 13 02:57:22 UTC 2018 /home/travis/build/icyphy/ptII/ptolemy/actor/lib/test/auto/Accumulator2.xml
----------------- Instantiating /home/travis/build/icyphy/ptII/ptolemy/actor/lib/test/auto/Accumulator2.xml
4 ms. Memory: 582144K Free: 116844K (20%)
----------------- Invoking toplevel() on ptolemy.moml.MoMLSimpleApplication@7a5b1ee8
----------------- Done invoking toplevel() on ptolemy.moml.MoMLSimpleApplication@7a5b1ee8
reloadAllAccessors: .Accumulator2

===========================================================================================
----------------- testing Thu Dec 13 02:57:22 UTC 2018 /home/travis/build/icyphy/ptII/ptolemy/actor/lib/test/auto/Accumulator3.xml
----------------- Instantiating /home/travis/build/icyphy/ptII/ptolemy/actor/lib/test/auto/Accumulator3.xml
3 ms. Memory: 582144K Free: 107085K (18%)
----------------- Invoking toplevel() on ptolemy.moml.MoMLSimpleApplication@28b6182b
----------------- Done invoking toplevel() on ptolemy.moml.MoMLSimpleApplication@28b6182b
reloadAllAccessors: .Accumulator3

===========================================================================================
----------------- testing Thu Dec 13 02:57:22 UTC 2018 /home/travis/build/icyphy/ptII/ptolemy/actor/lib/test/auto/ArrayAppend.xml
----------------- Instantiating /home/travis/build/icyphy/ptII/ptolemy/actor/lib/test/auto/ArrayAppend.xml
6 ms. Memory: 582144K Free: 97327K (17%)
----------------- Invoking toplevel() on ptolemy.moml.MoMLSimpleApplication@7e081a11
----------------- Done invoking toplevel() on ptolemy.moml.MoMLSimpleApplication@7e081a11
reloadAllAccessors: .ArrayAppend

===========================================================================================
----------------- testing Thu Dec 13 02:57:22 UTC 2018 /home/travis/build/icyphy/ptII/ptolemy/actor/lib/test/auto/ArrayAppend2.xml
----------------- Instantiating /home/travis/build/icyphy/ptII/ptolemy/actor/lib/test/auto/ArrayAppend2.xml
487 ms. Memory: 582656K Free: 482190K (83%)
----------------- Invoking toplevel() on ptolemy.moml.MoMLSimpleApplication@144ff510
----------------- Done invoking toplevel() on ptolemy.moml.MoMLSimpleApplication@144ff510
reloadAllAccessors: .ArrayAppend2

===========================================================================================
----------------- testing Thu Dec 13 02:57:23 UTC 2018 /home/travis/build/icyphy/ptII/ptolemy/actor/lib/test/auto/ArrayAppend3.xml
----------------- Instantiating /home/travis/build/icyphy/ptII/ptolemy/actor/lib/test/auto/ArrayAppend3.xml
4 ms. Memory: 582656K Free: 464900K (80%)
----------------- Invoking toplevel() on ptolemy.moml.MoMLSimpleApplication@4239c2f
----------------- Done invoking toplevel() on ptolemy.moml.MoMLSimpleApplication@4239c2f
reloadAllAccessors: .ArrayAppend3

===========================================================================================
----------------- testing Thu Dec 13 02:57:23 UTC 2018 /home/travis/build/icyphy/ptII/ptolemy/actor/lib/test/auto/ArrayAppend4.xml
----------------- Instantiating /home/travis/build/icyphy/ptII/ptolemy/actor/lib/test/auto/ArrayAppend4.xml
13 ms. Memory: 582656K Free: 458394K (79%)
----------------- Invoking toplevel() on ptolemy.moml.MoMLSimpleApplication@7e1ccd4c
----------------- Done invoking toplevel() on ptolemy.moml.MoMLSimpleApplication@7e1ccd4c
reloadAllAccessors: .ArrayAppend4

===========================================================================================
----------------- testing Thu Dec 13 02:57:23 UTC 2018 /home/travis/build/icyphy/ptII/ptolemy/actor/lib/test/auto/ArrayAppend5.xml
----------------- Instantiating /home/travis/build/icyphy/ptII/ptolemy/actor/lib/test/auto/ArrayAppend5.xml
2 ms. Memory: 582656K Free: 451888K (78%)
----------------- Invoking toplevel() on ptolemy.moml.MoMLSimpleApplication@4f716f84
----------------- Done invoking toplevel() on ptolemy.moml.MoMLSimpleApplication@4f716f84
reloadAllAccessors: .ArrayAppend5

===========================================================================================
----------------- testing Thu Dec 13 02:57:23 UTC 2018 /home/travis/build/icyphy/ptII/ptolemy/actor/lib/test/auto/ArrayAppend6.xml
----------------- Instantiating /home/travis/build/icyphy/ptII/ptolemy/actor/lib/test/auto/ArrayAppend6.xml
2 ms. Memory: 582656K Free: 437194K (75%)
----------------- Invoking toplevel() on ptolemy.moml.MoMLSimpleApplication@5c3d1c83
----------------- Done invoking toplevel() on ptolemy.moml.MoMLSimpleApplication@5c3d1c83
reloadAllAccessors: .ArrayAppend6

===========================================================================================
----------------- testing Thu Dec 13 02:57:23 UTC 2018 /home/travis/build/icyphy/ptII/ptolemy/actor/lib/test/auto/ArrayAppendPerformanceTest.xml
----------------- Instantiating /home/travis/build/icyphy/ptII/ptolemy/actor/lib/test/auto/ArrayAppendPerformanceTest.xml
19 ms. Memory: 582656K Free: 420905K (72%)
----------------- Invoking toplevel() on ptolemy.moml.MoMLSimpleApplication@2ca78ae6
----------------- Done invoking toplevel() on ptolemy.moml.MoMLSimpleApplication@2ca78ae6
reloadAllAccessors: .ArrayAppendPerformanceTest

===========================================================================================
----------------- testing Thu Dec 13 02:57:23 UTC 2018 /home/travis/build/icyphy/ptII/ptolemy/actor/lib/test/auto/ArrayAppendWithEmptyInput.xml
----------------- Instantiating /home/travis/build/icyphy/ptII/ptolemy/actor/lib/test/auto/ArrayAppendWithEmptyInput.xml
18 ms. Memory: 582656K Free: 411138K (71%)
----------------- Invoking toplevel() on ptolemy.moml.MoMLSimpleApplication@5197b514
----------------- Done invoking toplevel() on ptolemy.moml.MoMLSimpleApplication@5197b514
reloadAllAccessors: .ArrayAppendWithEmptyInput

===========================================================================================
----------------- testing Thu Dec 13 02:57:23 UTC 2018 /home/travis/build/icyphy/ptII/ptolemy/actor/lib/test/auto/ArrayAverage.xml
----------------- Instantiating /home/travis/build/icyphy/ptII/ptolemy/actor/lib/test/auto/ArrayAverage.xml
7 ms. Memory: 582656K Free: 401363K (69%)
----------------- Invoking toplevel() on ptolemy.moml.MoMLSimpleApplication@1ad138bf
----------------- Done invoking toplevel() on ptolemy.moml.MoMLSimpleApplication@1ad138bf
reloadAllAccessors: .ArrayAverage

===========================================================================================
----------------- testing Thu Dec 13 02:57:23 UTC 2018 /home/travis/build/icyphy/ptII/ptolemy/actor/lib/test/auto/ArrayContains.xml
----------------- Instantiating /home/travis/build/icyphy/ptII/ptolemy/actor/lib/test/auto/ArrayContains.xml
3 ms. Memory: 582656K Free: 383416K (66%)
----------------- Invoking toplevel() on ptolemy.moml.MoMLSimpleApplication@1f1b9799
----------------- Done invoking toplevel() on ptolemy.moml.MoMLSimpleApplication@1f1b9799
reloadAllAccessors: .ArrayContains

===========================================================================================
----------------- testing Thu Dec 13 02:57:23 UTC 2018 /home/travis/build/icyphy/ptII/ptolemy/actor/lib/test/auto/ArrayElement.xml
----------------- Instantiating /home/travis/build/icyphy/ptII/ptolemy/actor/lib/test/auto/ArrayElement.xml
6 ms. Memory: 582656K Free: 376910K (65%)
----------------- Invoking toplevel() on ptolemy.moml.MoMLSimpleApplication@2501d0f0
----------------- Done invoking toplevel() on ptolemy.moml.MoMLSimpleApplication@2501d0f0
reloadAllAccessors: .ArrayElement

===========================================================================================
----------------- testing Thu Dec 13 02:57:23 UTC 2018 /home/travis/build/icyphy/ptII/ptolemy/actor/lib/test/auto/ArrayElementAsMatrix.xml
----------------- Instantiating /home/travis/build/icyphy/ptII/ptolemy/actor/lib/test/auto/ArrayElementAsMatrix.xml
18 ms. Memory: 582656K Free: 363866K (62%)
----------------- Invoking toplevel() on ptolemy.moml.MoMLSimpleApplication@2ff37e6c
----------------- Done invoking toplevel() on ptolemy.moml.MoMLSimpleApplication@2ff37e6c
reloadAllAccessors: .ArrayElementAsMatrix

===========================================================================================
----------------- testing Thu Dec 13 02:57:23 UTC 2018 /home/travis/build/icyphy/ptII/ptolemy/actor/lib/test/auto/ArrayElementI.xml
----------------- Instantiating /home/travis/build/icyphy/ptII/ptolemy/actor/lib/test/auto/ArrayElementI.xml
4 ms. Memory: 582656K Free: 357360K (61%)
----------------- Invoking toplevel() on ptolemy.moml.MoMLSimpleApplication@458af258
----------------- Done invoking toplevel() on ptolemy.moml.MoMLSimpleApplication@458af258
reloadAllAccessors: .ArrayElementI

===========================================================================================
----------------- testing Thu Dec 13 02:57:23 UTC 2018 /home/travis/build/icyphy/ptII/ptolemy/actor/lib/test/auto/ArrayExtract.xml
----------------- Instantiating /home/travis/build/icyphy/ptII/ptolemy/actor/lib/test/auto/ArrayExtract.xml
4 ms. Memory: 582656K Free: 339397K (58%)
----------------- Invoking toplevel() on ptolemy.moml.MoMLSimpleApplication@c89399e
----------------- Done invoking toplevel() on ptolemy.moml.MoMLSimpleApplication@c89399e
reloadAllAccessors: .ArrayExtract

===========================================================================================
----------------- testing Thu Dec 13 02:57:23 UTC 2018 /home/travis/build/icyphy/ptII/ptolemy/actor/lib/test/auto/ArrayExtract2.xml
----------------- Instantiating /home/travis/build/icyphy/ptII/ptolemy/actor/lib/test/auto/ArrayExtract2.xml
2 ms. Memory: 582656K Free: 332891K (57%)
----------------- Invoking toplevel() on ptolemy.moml.MoMLSimpleApplication@7f81cc96
----------------- Done invoking toplevel() on ptolemy.moml.MoMLSimpleApplication@7f81cc96
reloadAllAccessors: .ArrayExtract2

===========================================================================================
----------------- testing Thu Dec 13 02:57:23 UTC 2018 /home/travis/build/icyphy/ptII/ptolemy/actor/lib/test/auto/ArrayLength.xml
----------------- Instantiating /home/travis/build/icyphy/ptII/ptolemy/actor/lib/test/auto/ArrayLength.xml
2 ms. Memory: 582656K Free: 326385K (56%)
----------------- Invoking toplevel() on ptolemy.moml.MoMLSimpleApplication@424d5804
----------------- Done invoking toplevel() on ptolemy.moml.MoMLSimpleApplication@424d5804
reloadAllAccessors: .ArrayLength

===========================================================================================
----------------- testing Thu Dec 13 02:57:23 UTC 2018 /home/travis/build/icyphy/ptII/ptolemy/actor/lib/test/auto/ArrayLevelCrossing.xml
----------------- Instantiating /home/travis/build/icyphy/ptII/ptolemy/actor/lib/test/auto/ArrayLevelCrossing.xml
4 ms. Memory: 582656K Free: 308437K (53%)
----------------- Invoking toplevel() on ptolemy.moml.MoMLSimpleApplication@1c0c2492
----------------- Done invoking toplevel() on ptolemy.moml.MoMLSimpleApplication@1c0c2492
reloadAllAccessors: .ArrayLevelCrossing

===========================================================================================
----------------- testing Thu Dec 13 02:57:23 UTC 2018 /home/travis/build/icyphy/ptII/ptolemy/actor/lib/test/auto/ArrayLevelCrossing2.xml
----------------- Instantiating /home/travis/build/icyphy/ptII/ptolemy/actor/lib/test/auto/ArrayLevelCrossing2.xml
2 ms. Memory: 582656K Free: 298662K (51%)
----------------- Invoking toplevel() on ptolemy.moml.MoMLSimpleApplication@6bdfc563
----------------- Done invoking toplevel() on ptolemy.moml.MoMLSimpleApplication@6bdfc563
reloadAllAccessors: .ArrayLevelCrossing2

===========================================================================================
----------------- testing Thu Dec 13 02:57:23 UTC 2018 /home/travis/build/icyphy/ptII/ptolemy/actor/lib/test/auto/ArrayPeakSearch.xml
----------------- Instantiating /home/travis/build/icyphy/ptII/ptolemy/actor/lib/test/auto/ArrayPeakSearch.xml
5 ms. Memory: 582656K Free: 285635K (49%)
----------------- Invoking toplevel() on ptolemy.moml.MoMLSimpleApplication@705d9768
----------------- Done invoking toplevel() on ptolemy.moml.MoMLSimpleApplication@705d9768
reloadAllAccessors: .ArrayPeakSearch

===========================================================================================
----------------- testing Thu Dec 13 02:57:23 UTC 2018 /home/travis/build/icyphy/ptII/ptolemy/actor/lib/test/auto/ArrayPeakSearch2.xml
----------------- Instantiating /home/travis/build/icyphy/ptII/ptolemy/actor/lib/test/auto/ArrayPeakSearch2.xml
4 ms. Memory: 582656K Free: 272607K (47%)
----------------- Invoking toplevel() on ptolemy.moml.MoMLSimpleApplication@1d8132bd
----------------- Done invoking toplevel() on ptolemy.moml.MoMLSimpleApplication@1d8132bd
reloadAllAccessors: .ArrayPeakSearch2

===========================================================================================
----------------- testing Thu Dec 13 02:57:23 UTC 2018 /home/travis/build/icyphy/ptII/ptolemy/actor/lib/test/auto/ArrayPeakSearch3.xml
----------------- Instantiating /home/travis/build/icyphy/ptII/ptolemy/actor/lib/test/auto/ArrayPeakSearch3.xml
3 ms. Memory: 582656K Free: 251390K (43%)
----------------- Invoking toplevel() on ptolemy.moml.MoMLSimpleApplication@790588cd
----------------- Done invoking toplevel() on ptolemy.moml.MoMLSimpleApplication@790588cd
reloadAllAccessors: .ArrayPeakSearch3

===========================================================================================
----------------- testing Thu Dec 13 02:57:23 UTC 2018 /home/travis/build/icyphy/ptII/ptolemy/actor/lib/test/auto/ArrayRemoveElement.xml
----------------- Instantiating /home/travis/build/icyphy/ptII/ptolemy/actor/lib/test/auto/ArrayRemoveElement.xml
6 ms. Memory: 582656K Free: 241623K (41%)
----------------- Invoking toplevel() on ptolemy.moml.MoMLSimpleApplication@91669d6
----------------- Done invoking toplevel() on ptolemy.moml.MoMLSimpleApplication@91669d6
reloadAllAccessors: .ArrayRemoveElement

===========================================================================================
----------------- testing Thu Dec 13 02:57:24 UTC 2018 /home/travis/build/icyphy/ptII/ptolemy/actor/lib/test/auto/ArraySort.xml
----------------- Instantiating /home/travis/build/icyphy/ptII/ptolemy/actor/lib/test/auto/ArraySort.xml
7 ms. Memory: 582656K Free: 228596K (39%)
----------------- Invoking toplevel() on ptolemy.moml.MoMLSimpleApplication@354b2263
----------------- Done invoking toplevel() on ptolemy.moml.MoMLSimpleApplication@354b2263
reloadAllAccessors: .ArraySort

===========================================================================================
----------------- testing Thu Dec 13 02:57:24 UTC 2018 /home/travis/build/icyphy/ptII/ptolemy/actor/lib/test/auto/ArraySum.xml
----------------- Instantiating /home/travis/build/icyphy/ptII/ptolemy/actor/lib/test/auto/ArraySum.xml
2 ms. Memory: 582656K Free: 218837K (38%)
----------------- Invoking toplevel() on ptolemy.moml.MoMLSimpleApplication@698aec14
----------------- Done invoking toplevel() on ptolemy.moml.MoMLSimpleApplication@698aec14
reloadAllAccessors: .ArraySum

===========================================================================================
----------------- testing Thu Dec 13 02:57:24 UTC 2018 /home/travis/build/icyphy/ptII/ptolemy/actor/lib/test/auto/ArrayToElements.xml
----------------- Instantiating /home/travis/build/icyphy/ptII/ptolemy/actor/lib/test/auto/ArrayToElements.xml
2 ms. Memory: 582656K Free: 200881K (34%)
----------------- Invoking toplevel() on ptolemy.moml.MoMLSimpleApplication@1ebbc0f4
----------------- Done invoking toplevel() on ptolemy.moml.MoMLSimpleApplication@1ebbc0f4
reloadAllAccessors: .ArrayToElements

===========================================================================================
----------------- testing Thu Dec 13 02:57:24 UTC 2018 /home/travis/build/icyphy/ptII/ptolemy/actor/lib/test/auto/ArrayToMatrix.xml
----------------- Instantiating /home/travis/build/icyphy/ptII/ptolemy/actor/lib/test/auto/ArrayToMatrix.xml
13 ms. Memory: 582656K Free: 181347K (31%)
----------------- Invoking toplevel() on ptolemy.moml.MoMLSimpleApplication@81017f7
----------------- Done invoking toplevel() on ptolemy.moml.MoMLSimpleApplication@81017f7
reloadAllAccessors: .ArrayToMatrix

===========================================================================================
----------------- testing Thu Dec 13 02:57:24 UTC 2018 /home/travis/build/icyphy/ptII/ptolemy/actor/lib/test/auto/ArrayUpdate1.xml
----------------- Instantiating /home/travis/build/icyphy/ptII/ptolemy/actor/lib/test/auto/ArrayUpdate1.xml
2 ms. Memory: 582656K Free: 174841K (30%)
----------------- Invoking toplevel() on ptolemy.moml.MoMLSimpleApplication@5e9d16c0
----------------- Done invoking toplevel() on ptolemy.moml.MoMLSimpleApplication@5e9d16c0
reloadAllAccessors: .ArrayUpdate1

===========================================================================================
----------------- testing Thu Dec 13 02:57:24 UTC 2018 /home/travis/build/icyphy/ptII/ptolemy/actor/lib/test/auto/ArrayUpdate2.xml
----------------- Instantiating /home/travis/build/icyphy/ptII/ptolemy/actor/lib/test/auto/ArrayUpdate2.xml
4 ms. Memory: 582656K Free: 165067K (28%)
----------------- Invoking toplevel() on ptolemy.moml.MoMLSimpleApplication@ab24f75
----------------- Done invoking toplevel() on ptolemy.moml.MoMLSimpleApplication@ab24f75
reloadAllAccessors: .ArrayUpdate2

===========================================================================================
----------------- testing Thu Dec 13 02:57:24 UTC 2018 /home/travis/build/icyphy/ptII/ptolemy/actor/lib/test/auto/ArrayUpdate3.xml
----------------- Instantiating /home/travis/build/icyphy/ptII/ptolemy/actor/lib/test/auto/ArrayUpdate3.xml
3 ms. Memory: 582656K Free: 150372K (26%)
----------------- Invoking toplevel() on ptolemy.moml.MoMLSimpleApplication@874776a
----------------- Done invoking toplevel() on ptolemy.moml.MoMLSimpleApplication@874776a
reloadAllAccessors: .ArrayUpdate3

===========================================================================================
----------------- testing Thu Dec 13 02:57:24 UTC 2018 /home/travis/build/icyphy/ptII/ptolemy/actor/lib/test/auto/Assert1.xml
----------------- Instantiating /home/travis/build/icyphy/ptII/ptolemy/actor/lib/test/auto/Assert1.xml
3 ms. Memory: 582656K Free: 143866K (25%)
----------------- Invoking toplevel() on ptolemy.moml.MoMLSimpleApplication@75151508
----------------- Done invoking toplevel() on ptolemy.moml.MoMLSimpleApplication@75151508
reloadAllAccessors: .Assert1

===========================================================================================
----------------- testing Thu Dec 13 02:57:24 UTC 2018 /home/travis/build/icyphy/ptII/ptolemy/actor/lib/test/auto/Assert2.xml
----------------- Instantiating /home/travis/build/icyphy/ptII/ptolemy/actor/lib/test/auto/Assert2.xml
5 ms. Memory: 582656K Free: 137360K (24%)
----------------- Invoking toplevel() on ptolemy.moml.MoMLSimpleApplication@346e9c67
----------------- Done invoking toplevel() on ptolemy.moml.MoMLSimpleApplication@346e9c67
reloadAllAccessors: .Assert2

===========================================================================================
----------------- testing Thu Dec 13 02:57:24 UTC 2018 /home/travis/build/icyphy/ptII/ptolemy/actor/lib/test/auto/BooleanMultiplexor.xml
----------------- Instantiating /home/travis/build/icyphy/ptII/ptolemy/actor/lib/test/auto/BooleanMultiplexor.xml
2 ms. Memory: 582656K Free: 119396K (20%)
----------------- Invoking toplevel() on ptolemy.moml.MoMLSimpleApplication@7f460817
----------------- Done invoking toplevel() on ptolemy.moml.MoMLSimpleApplication@7f460817
reloadAllAccessors: .BooleanMultiplexor

===========================================================================================
----------------- testing Thu Dec 13 02:57:24 UTC 2018 /home/travis/build/icyphy/ptII/ptolemy/actor/lib/test/auto/BooleanMultiplexor2.xml
----------------- Instantiating /home/travis/build/icyphy/ptII/ptolemy/actor/lib/test/auto/BooleanMultiplexor2.xml
8 ms. Memory: 582656K Free: 109622K (19%)
----------------- Invoking toplevel() on ptolemy.moml.MoMLSimpleApplication@722e9bce
----------------- Done invoking toplevel() on ptolemy.moml.MoMLSimpleApplication@722e9bce
reloadAllAccessors: .BooleanMultiplexor2

===========================================================================================
----------------- testing Thu Dec 13 02:57:24 UTC 2018 /home/travis/build/icyphy/ptII/ptolemy/actor/lib/test/auto/BooleanMultiplexor3.xml
----------------- Instantiating /home/travis/build/icyphy/ptII/ptolemy/actor/lib/test/auto/BooleanMultiplexor3.xml
6 ms. Memory: 582656K Free: 103116K (18%)
----------------- Invoking toplevel() on ptolemy.moml.MoMLSimpleApplication@5896d2bc
----------------- Done invoking toplevel() on ptolemy.moml.MoMLSimpleApplication@5896d2bc
reloadAllAccessors: .BooleanMultiplexor3

===========================================================================================
----------------- testing Thu Dec 13 02:57:24 UTC 2018 /home/travis/build/icyphy/ptII/ptolemy/actor/lib/test/auto/BooleanSelect.xml
----------------- Instantiating /home/travis/build/icyphy/ptII/ptolemy/actor/lib/test/auto/BooleanSelect.xml
6 ms. Memory: 582656K Free: 93357K (16%)
----------------- Invoking toplevel() on ptolemy.moml.MoMLSimpleApplication@141cdbff
----------------- Done invoking toplevel() on ptolemy.moml.MoMLSimpleApplication@141cdbff
reloadAllAccessors: .BooleanSelect

===========================================================================================
----------------- testing Thu Dec 13 02:57:24 UTC 2018 /home/travis/build/icyphy/ptII/ptolemy/actor/lib/test/auto/BooleanSelect2.xml
----------------- Instantiating /home/travis/build/icyphy/ptII/ptolemy/actor/lib/test/auto/BooleanSelect2.xml
2 ms. Memory: 582656K Free: 78662K (14%)
----------------- Invoking toplevel() on ptolemy.moml.MoMLSimpleApplication@1e987d91
----------------- Done invoking toplevel() on ptolemy.moml.MoMLSimpleApplication@1e987d91
reloadAllAccessors: .BooleanSelect2

===========================================================================================
----------------- testing Thu Dec 13 02:57:24 UTC 2018 /home/travis/build/icyphy/ptII/ptolemy/actor/lib/test/auto/BooleanSwitch.xml
----------------- Instantiating /home/travis/build/icyphy/ptII/ptolemy/actor/lib/test/auto/BooleanSwitch.xml
11 ms. Memory: 582656K Free: 68887K (12%)
----------------- Invoking toplevel() on ptolemy.moml.MoMLSimpleApplication@46246412
----------------- Done invoking toplevel() on ptolemy.moml.MoMLSimpleApplication@46246412
reloadAllAccessors: .BooleanSwitch

===========================================================================================
----------------- testing Thu Dec 13 02:57:24 UTC 2018 /home/travis/build/icyphy/ptII/ptolemy/actor/lib/test/auto/BooleanSwitch2.xml
----------------- Instantiating /home/travis/build/icyphy/ptII/ptolemy/actor/lib/test/auto/BooleanSwitch2.xml
2 ms. Memory: 582656K Free: 62382K (11%)
----------------- Invoking toplevel() on ptolemy.moml.MoMLSimpleApplication@5ffcbac2
----------------- Done invoking toplevel() on ptolemy.moml.MoMLSimpleApplication@5ffcbac2
reloadAllAccessors: .BooleanSwitch2

===========================================================================================
----------------- testing Thu Dec 13 02:57:24 UTC 2018 /home/travis/build/icyphy/ptII/ptolemy/actor/lib/test/auto/BooleanSwitchCloningBugWithClassRelationGroup.xml
----------------- Instantiating /home/travis/build/icyphy/ptII/ptolemy/actor/lib/test/auto/BooleanSwitchCloningBugWithClassRelationGroup.xml
2 ms. Memory: 582656K Free: 54174K (9%)
----------------- Invoking toplevel() on ptolemy.moml.MoMLSimpleApplication@1b9e8336
----------------- Done invoking toplevel() on ptolemy.moml.MoMLSimpleApplication@1b9e8336
reloadAllAccessors: .BooleanSwitchCloningBugWithClassRelationGroup

===========================================================================================
----------------- testing Thu Dec 13 02:57:24 UTC 2018 /home/travis/build/icyphy/ptII/ptolemy/actor/lib/test/auto/BusActors.xml
----------------- Instantiating /home/travis/build/icyphy/ptII/ptolemy/actor/lib/test/auto/BusActors.xml
4 ms. Memory: 881152K Free: 814699K (92%)
----------------- Invoking toplevel() on ptolemy.moml.MoMLSimpleApplication@49651359
----------------- Done invoking toplevel() on ptolemy.moml.MoMLSimpleApplication@49651359
reloadAllAccessors: .BusActors

===========================================================================================
----------------- testing Thu Dec 13 02:57:24 UTC 2018 /home/travis/build/icyphy/ptII/ptolemy/actor/lib/test/auto/ClassWrapper.xml
----------------- Instantiating /home/travis/build/icyphy/ptII/ptolemy/actor/lib/test/auto/ClassWrapper.xml
2 ms. Memory: 881152K Free: 804289K (91%)
----------------- Invoking toplevel() on ptolemy.moml.MoMLSimpleApplication@3941b780
----------------- Done invoking toplevel() on ptolemy.moml.MoMLSimpleApplication@3941b780
reloadAllAccessors: .ClassWrapper

===========================================================================================
----------------- testing Thu Dec 13 02:57:24 UTC 2018 /home/travis/build/icyphy/ptII/ptolemy/actor/lib/test/auto/Clock.xml
----------------- Instantiating /home/travis/build/icyphy/ptII/ptolemy/actor/lib/test/auto/Clock.xml
1 ms. Memory: 881152K Free: 793716K (90%)
----------------- Invoking toplevel() on ptolemy.moml.MoMLSimpleApplication@1a610022
----------------- Done invoking toplevel() on ptolemy.moml.MoMLSimpleApplication@1a610022
reloadAllAccessors: .Clock

===========================================================================================
----------------- testing Thu Dec 13 02:57:24 UTC 2018 /home/travis/build/icyphy/ptII/ptolemy/actor/lib/test/auto/Clock10.xml
----------------- Instantiating /home/travis/build/icyphy/ptII/ptolemy/actor/lib/test/auto/Clock10.xml
3 ms. Memory: 881152K Free: 783305K (89%)
----------------- Invoking toplevel() on ptolemy.moml.MoMLSimpleApplication@69d06774
----------------- Done invoking toplevel() on ptolemy.moml.MoMLSimpleApplication@69d06774
reloadAllAccessors: .Clock10

===========================================================================================
----------------- testing Thu Dec 13 02:57:24 UTC 2018 /home/travis/build/icyphy/ptII/ptolemy/actor/lib/test/auto/Clock11.xml
----------------- Instantiating /home/travis/build/icyphy/ptII/ptolemy/actor/lib/test/auto/Clock11.xml
4 ms. Memory: 881152K Free: 763266K (87%)
----------------- Invoking toplevel() on ptolemy.moml.MoMLSimpleApplication@62022235
----------------- Done invoking toplevel() on ptolemy.moml.MoMLSimpleApplication@62022235
reloadAllAccessors: .Clock11

===========================================================================================
----------------- testing Thu Dec 13 02:57:24 UTC 2018 /home/travis/build/icyphy/ptII/ptolemy/actor/lib/test/auto/Clock12.xml
----------------- Instantiating /home/travis/build/icyphy/ptII/ptolemy/actor/lib/test/auto/Clock12.xml
3 ms. Memory: 881152K Free: 752855K (85%)
----------------- Invoking toplevel() on ptolemy.moml.MoMLSimpleApplication@4585f8d1
----------------- Done invoking toplevel() on ptolemy.moml.MoMLSimpleApplication@4585f8d1
reloadAllAccessors: .Clock12

===========================================================================================
----------------- testing Thu Dec 13 02:57:24 UTC 2018 /home/travis/build/icyphy/ptII/ptolemy/actor/lib/test/auto/Clock13.xml
----------------- Instantiating /home/travis/build/icyphy/ptII/ptolemy/actor/lib/test/auto/Clock13.xml
7 ms. Memory: 881152K Free: 742445K (84%)
----------------- Invoking toplevel() on ptolemy.moml.MoMLSimpleApplication@36257e3a
----------------- Done invoking toplevel() on ptolemy.moml.MoMLSimpleApplication@36257e3a
reloadAllAccessors: .Clock13

===========================================================================================
----------------- testing Thu Dec 13 02:57:24 UTC 2018 /home/travis/build/icyphy/ptII/ptolemy/actor/lib/test/auto/Clock14.xml
----------------- Instantiating /home/travis/build/icyphy/ptII/ptolemy/actor/lib/test/auto/Clock14.xml
7 ms. Memory: 881152K Free: 732034K (83%)
----------------- Invoking toplevel() on ptolemy.moml.MoMLSimpleApplication@1911c251
----------------- Done invoking toplevel() on ptolemy.moml.MoMLSimpleApplication@1911c251
reloadAllAccessors: .Clock14

===========================================================================================
----------------- testing Thu Dec 13 02:57:24 UTC 2018 /home/travis/build/icyphy/ptII/ptolemy/actor/lib/test/auto/Clock15.xml
----------------- Instantiating /home/travis/build/icyphy/ptII/ptolemy/actor/lib/test/auto/Clock15.xml
6 ms. Memory: 881152K Free: 711995K (81%)
----------------- Invoking toplevel() on ptolemy.moml.MoMLSimpleApplication@43c23171
----------------- Done invoking toplevel() on ptolemy.moml.MoMLSimpleApplication@43c23171
reloadAllAccessors: .Clock15

===========================================================================================
----------------- testing Thu Dec 13 02:57:24 UTC 2018 /home/travis/build/icyphy/ptII/ptolemy/actor/lib/test/auto/Clock16.xml
----------------- Instantiating /home/travis/build/icyphy/ptII/ptolemy/actor/lib/test/auto/Clock16.xml
25 ms. Memory: 881152K Free: 691149K (78%)
----------------- Invoking toplevel() on ptolemy.moml.MoMLSimpleApplication@43cc75de
----------------- Done invoking toplevel() on ptolemy.moml.MoMLSimpleApplication@43cc75de
reloadAllAccessors: .Clock16

===========================================================================================
----------------- testing Thu Dec 13 02:57:24 UTC 2018 /home/travis/build/icyphy/ptII/ptolemy/actor/lib/test/auto/Clock17.xml
----------------- Instantiating /home/travis/build/icyphy/ptII/ptolemy/actor/lib/test/auto/Clock17.xml
14 ms. Memory: 881152K Free: 675517K (77%)
----------------- Invoking toplevel() on ptolemy.moml.MoMLSimpleApplication@437739aa
----------------- Done invoking toplevel() on ptolemy.moml.MoMLSimpleApplication@437739aa
reloadAllAccessors: .Clock17

===========================================================================================
----------------- testing Thu Dec 13 02:57:24 UTC 2018 /home/travis/build/icyphy/ptII/ptolemy/actor/lib/test/auto/Clock18.xml
----------------- Instantiating /home/travis/build/icyphy/ptII/ptolemy/actor/lib/test/auto/Clock18.xml
13 ms. Memory: 881152K Free: 659893K (75%)
----------------- Invoking toplevel() on ptolemy.moml.MoMLSimpleApplication@6d6b1f63
----------------- Done invoking toplevel() on ptolemy.moml.MoMLSimpleApplication@6d6b1f63
reloadAllAccessors: .Clock18

===========================================================================================
----------------- testing Thu Dec 13 02:57:25 UTC 2018 /home/travis/build/icyphy/ptII/ptolemy/actor/lib/test/auto/Clock19.xml
----------------- Instantiating /home/travis/build/icyphy/ptII/ptolemy/actor/lib/test/auto/Clock19.xml
15 ms. Memory: 881152K Free: 644261K (73%)
----------------- Invoking toplevel() on ptolemy.moml.MoMLSimpleApplication@23e31732
----------------- Done invoking toplevel() on ptolemy.moml.MoMLSimpleApplication@23e31732
reloadAllAccessors: .Clock19

===========================================================================================
----------------- testing Thu Dec 13 02:57:25 UTC 2018 /home/travis/build/icyphy/ptII/ptolemy/actor/lib/test/auto/Clock2.xml
----------------- Instantiating /home/travis/build/icyphy/ptII/ptolemy/actor/lib/test/auto/Clock2.xml
8 ms. Memory: 881152K Free: 624222K (71%)
----------------- Invoking toplevel() on ptolemy.moml.MoMLSimpleApplication@6d8b99a2
----------------- Done invoking toplevel() on ptolemy.moml.MoMLSimpleApplication@6d8b99a2
reloadAllAccessors: .Clock2

===========================================================================================
----------------- testing Thu Dec 13 02:57:25 UTC 2018 /home/travis/build/icyphy/ptII/ptolemy/actor/lib/test/auto/Clock20.xml
----------------- Instantiating /home/travis/build/icyphy/ptII/ptolemy/actor/lib/test/auto/Clock20.xml
11 ms. Memory: 881152K Free: 613812K (70%)
----------------- Invoking toplevel() on ptolemy.moml.MoMLSimpleApplication@4169fc1e
----------------- Done invoking toplevel() on ptolemy.moml.MoMLSimpleApplication@4169fc1e
reloadAllAccessors: .Clock20

===========================================================================================
----------------- testing Thu Dec 13 02:57:25 UTC 2018 /home/travis/build/icyphy/ptII/ptolemy/actor/lib/test/auto/Clock21.xml
----------------- Instantiating /home/travis/build/icyphy/ptII/ptolemy/actor/lib/test/auto/Clock21.xml
7 ms. Memory: 881152K Free: 603401K (68%)
----------------- Invoking toplevel() on ptolemy.moml.MoMLSimpleApplication@30d88864
----------------- Done invoking toplevel() on ptolemy.moml.MoMLSimpleApplication@30d88864
reloadAllAccessors: .Clock21

===========================================================================================
----------------- testing Thu Dec 13 02:57:25 UTC 2018 /home/travis/build/icyphy/ptII/ptolemy/actor/lib/test/auto/Clock22.xml
----------------- Instantiating /home/travis/build/icyphy/ptII/ptolemy/actor/lib/test/auto/Clock22.xml
6 ms. Memory: 881152K Free: 592990K (67%)
----------------- Invoking toplevel() on ptolemy.moml.MoMLSimpleApplication@7bd1e4b4
----------------- Done invoking toplevel() on ptolemy.moml.MoMLSimpleApplication@7bd1e4b4
reloadAllAccessors: .Clock22

===========================================================================================
----------------- testing Thu Dec 13 02:57:25 UTC 2018 /home/travis/build/icyphy/ptII/ptolemy/actor/lib/test/auto/Clock23.xml
----------------- Instantiating /home/travis/build/icyphy/ptII/ptolemy/actor/lib/test/auto/Clock23.xml
8 ms. Memory: 881152K Free: 572951K (65%)
----------------- Invoking toplevel() on ptolemy.moml.MoMLSimpleApplication@6d6b4a5e
----------------- Done invoking toplevel() on ptolemy.moml.MoMLSimpleApplication@6d6b4a5e
reloadAllAccessors: .Clock23

===========================================================================================
----------------- testing Thu Dec 13 02:57:25 UTC 2018 /home/travis/build/icyphy/ptII/ptolemy/actor/lib/test/auto/Clock24.xml
----------------- Instantiating /home/travis/build/icyphy/ptII/ptolemy/actor/lib/test/auto/Clock24.xml
6 ms. Memory: 881152K Free: 562541K (64%)
----------------- Invoking toplevel() on ptolemy.moml.MoMLSimpleApplication@44cc2ee4
----------------- Done invoking toplevel() on ptolemy.moml.MoMLSimpleApplication@44cc2ee4
reloadAllAccessors: .Clock24

===========================================================================================
----------------- testing Thu Dec 13 02:57:25 UTC 2018 /home/travis/build/icyphy/ptII/ptolemy/actor/lib/test/auto/Clock4.xml
----------------- Instantiating /home/travis/build/icyphy/ptII/ptolemy/actor/lib/test/auto/Clock4.xml
3 ms. Memory: 881152K Free: 552130K (63%)
----------------- Invoking toplevel() on ptolemy.moml.MoMLSimpleApplication@334f75e5
----------------- Done invoking toplevel() on ptolemy.moml.MoMLSimpleApplication@334f75e5
reloadAllAccessors: .Clock4

===========================================================================================
----------------- testing Thu Dec 13 02:57:25 UTC 2018 /home/travis/build/icyphy/ptII/ptolemy/actor/lib/test/auto/Clock5.xml
----------------- Instantiating /home/travis/build/icyphy/ptII/ptolemy/actor/lib/test/auto/Clock5.xml
1 ms. Memory: 881152K Free: 541719K (61%)
----------------- Invoking toplevel() on ptolemy.moml.MoMLSimpleApplication@42f5002e
----------------- Done invoking toplevel() on ptolemy.moml.MoMLSimpleApplication@42f5002e
reloadAllAccessors: .Clock5

===========================================================================================
----------------- testing Thu Dec 13 02:57:25 UTC 2018 /home/travis/build/icyphy/ptII/ptolemy/actor/lib/test/auto/Clock6.xml
----------------- Instantiating /home/travis/build/icyphy/ptII/ptolemy/actor/lib/test/auto/Clock6.xml
1 ms. Memory: 881152K Free: 521680K (59%)
----------------- Invoking toplevel() on ptolemy.moml.MoMLSimpleApplication@4b717c8
----------------- Done invoking toplevel() on ptolemy.moml.MoMLSimpleApplication@4b717c8
reloadAllAccessors: .Clock6

===========================================================================================
----------------- testing Thu Dec 13 02:57:25 UTC 2018 /home/travis/build/icyphy/ptII/ptolemy/actor/lib/test/auto/Clock7.xml
----------------- Instantiating /home/travis/build/icyphy/ptII/ptolemy/actor/lib/test/auto/Clock7.xml
1 ms. Memory: 881152K Free: 511270K (58%)
----------------- Invoking toplevel() on ptolemy.moml.MoMLSimpleApplication@2e43b771
----------------- Done invoking toplevel() on ptolemy.moml.MoMLSimpleApplication@2e43b771
reloadAllAccessors: .Clock7

===========================================================================================
----------------- testing Thu Dec 13 02:57:25 UTC 2018 /home/travis/build/icyphy/ptII/ptolemy/actor/lib/test/auto/Clock8.xml
----------------- Instantiating /home/travis/build/icyphy/ptII/ptolemy/actor/lib/test/auto/Clock8.xml
8 ms. Memory: 881152K Free: 500859K (57%)
----------------- Invoking toplevel() on ptolemy.moml.MoMLSimpleApplication@21c764b0
----------------- Done invoking toplevel() on ptolemy.moml.MoMLSimpleApplication@21c764b0
reloadAllAccessors: .Clock8

===========================================================================================
----------------- testing Thu Dec 13 02:57:25 UTC 2018 /home/travis/build/icyphy/ptII/ptolemy/actor/lib/test/auto/Clock9.xml
----------------- Instantiating /home/travis/build/icyphy/ptII/ptolemy/actor/lib/test/auto/Clock9.xml
7 ms. Memory: 881152K Free: 482640K (55%)
----------------- Invoking toplevel() on ptolemy.moml.MoMLSimpleApplication@15afe2ca
----------------- Done invoking toplevel() on ptolemy.moml.MoMLSimpleApplication@15afe2ca
reloadAllAccessors: .Clock9

===========================================================================================
----------------- testing Thu Dec 13 02:57:25 UTC 2018 /home/travis/build/icyphy/ptII/ptolemy/actor/lib/test/auto/CommDistDiscard.xml
----------------- Instantiating /home/travis/build/icyphy/ptII/ptolemy/actor/lib/test/auto/CommDistDiscard.xml
4 ms. Memory: 881152K Free: 462601K (52%)
----------------- Invoking toplevel() on ptolemy.moml.MoMLSimpleApplication@2cc751c2
----------------- Done invoking toplevel() on ptolemy.moml.MoMLSimpleApplication@2cc751c2
reloadAllAccessors: .CommDistDiscard

===========================================================================================
----------------- testing Thu Dec 13 02:57:25 UTC 2018 /home/travis/build/icyphy/ptII/ptolemy/actor/lib/test/auto/Commutator.xml
----------------- Instantiating /home/travis/build/icyphy/ptII/ptolemy/actor/lib/test/auto/Commutator.xml
2 ms. Memory: 881152K Free: 452191K (51%)
----------------- Invoking toplevel() on ptolemy.moml.MoMLSimpleApplication@ed24004
----------------- Done invoking toplevel() on ptolemy.moml.MoMLSimpleApplication@ed24004
reloadAllAccessors: .Commutator

===========================================================================================
----------------- testing Thu Dec 13 02:57:25 UTC 2018 /home/travis/build/icyphy/ptII/ptolemy/actor/lib/test/auto/Commutator2.xml
----------------- Instantiating /home/travis/build/icyphy/ptII/ptolemy/actor/lib/test/auto/Commutator2.xml
1 ms. Memory: 881152K Free: 441780K (50%)
----------------- Invoking toplevel() on ptolemy.moml.MoMLSimpleApplication@e8d2044
----------------- Done invoking toplevel() on ptolemy.moml.MoMLSimpleApplication@e8d2044
reloadAllAccessors: .Commutator2

===========================================================================================
----------------- testing Thu Dec 13 02:57:25 UTC 2018 /home/travis/build/icyphy/ptII/ptolemy/actor/lib/test/auto/Commutator3.xml
----------------- Instantiating /home/travis/build/icyphy/ptII/ptolemy/actor/lib/test/auto/Commutator3.xml
1 ms. Memory: 881152K Free: 431369K (49%)
----------------- Invoking toplevel() on ptolemy.moml.MoMLSimpleApplication@7de2bcb4
----------------- Done invoking toplevel() on ptolemy.moml.MoMLSimpleApplication@7de2bcb4
reloadAllAccessors: .Commutator3

===========================================================================================
----------------- testing Thu Dec 13 02:57:25 UTC 2018 /home/travis/build/icyphy/ptII/ptolemy/actor/lib/test/auto/Compare.xml
----------------- Instantiating /home/travis/build/icyphy/ptII/ptolemy/actor/lib/test/auto/Compare.xml
2 ms. Memory: 881152K Free: 420959K (48%)
----------------- Invoking toplevel() on ptolemy.moml.MoMLSimpleApplication@1d451edb
----------------- Done invoking toplevel() on ptolemy.moml.MoMLSimpleApplication@1d451edb
reloadAllAccessors: .Compare

===========================================================================================
----------------- testing Thu Dec 13 02:57:25 UTC 2018 /home/travis/build/icyphy/ptII/ptolemy/actor/lib/test/auto/CompareDE.xml
----------------- Instantiating /home/travis/build/icyphy/ptII/ptolemy/actor/lib/test/auto/CompareDE.xml
3 ms. Memory: 881152K Free: 400919K (45%)
----------------- Invoking toplevel() on ptolemy.moml.MoMLSimpleApplication@3aaf15d8
----------------- Done invoking toplevel() on ptolemy.moml.MoMLSimpleApplication@3aaf15d8
reloadAllAccessors: .CompareDE

===========================================================================================
----------------- testing Thu Dec 13 02:57:25 UTC 2018 /home/travis/build/icyphy/ptII/ptolemy/actor/lib/test/auto/ComplexDivide.xml
----------------- Instantiating /home/travis/build/icyphy/ptII/ptolemy/actor/lib/test/auto/ComplexDivide.xml
1 ms. Memory: 881152K Free: 390509K (44%)
----------------- Invoking toplevel() on ptolemy.moml.MoMLSimpleApplication@1130482e
----------------- Done invoking toplevel() on ptolemy.moml.MoMLSimpleApplication@1130482e
reloadAllAccessors: .ComplexDivide

===========================================================================================
----------------- testing Thu Dec 13 02:57:25 UTC 2018 /home/travis/build/icyphy/ptII/ptolemy/actor/lib/test/auto/ComputeHistogram.xml
----------------- Instantiating /home/travis/build/icyphy/ptII/ptolemy/actor/lib/test/auto/ComputeHistogram.xml
28 ms. Memory: 881152K Free: 374893K (43%)
----------------- Invoking toplevel() on ptolemy.moml.MoMLSimpleApplication@722a8ff1
----------------- Done invoking toplevel() on ptolemy.moml.MoMLSimpleApplication@722a8ff1
reloadAllAccessors: .ComputeHistogram

===========================================================================================
----------------- testing Thu Dec 13 02:57:25 UTC 2018 /home/travis/build/icyphy/ptII/ptolemy/actor/lib/test/auto/ConfigurationSelect.xml
----------------- Instantiating /home/travis/build/icyphy/ptII/ptolemy/actor/lib/test/auto/ConfigurationSelect.xml
2 ms. Memory: 881152K Free: 364482K (41%)
----------------- Invoking toplevel() on ptolemy.moml.MoMLSimpleApplication@7be06190
----------------- Done invoking toplevel() on ptolemy.moml.MoMLSimpleApplication@7be06190
reloadAllAccessors: .ConfigurationSelect

===========================================================================================
----------------- testing Thu Dec 13 02:57:25 UTC 2018 /home/travis/build/icyphy/ptII/ptolemy/actor/lib/test/auto/ConfigurationSelect2.xml
----------------- Instantiating /home/travis/build/icyphy/ptII/ptolemy/actor/lib/test/auto/ConfigurationSelect2.xml
1 ms. Memory: 881152K Free: 344443K (39%)
----------------- Invoking toplevel() on ptolemy.moml.MoMLSimpleApplication@2ebc7db7
----------------- Done invoking toplevel() on ptolemy.moml.MoMLSimpleApplication@2ebc7db7
reloadAllAccessors: .ConfigurationSelect2

===========================================================================================
----------------- testing Thu Dec 13 02:57:25 UTC 2018 /home/travis/build/icyphy/ptII/ptolemy/actor/lib/test/auto/ConfigurationSwitch.xml
----------------- Instantiating /home/travis/build/icyphy/ptII/ptolemy/actor/lib/test/auto/ConfigurationSwitch.xml
2 ms. Memory: 881152K Free: 334032K (38%)
----------------- Invoking toplevel() on ptolemy.moml.MoMLSimpleApplication@44dbb36d
----------------- Done invoking toplevel() on ptolemy.moml.MoMLSimpleApplication@44dbb36d
reloadAllAccessors: .ConfigurationSwitch

===========================================================================================
----------------- testing Thu Dec 13 02:57:25 UTC 2018 /home/travis/build/icyphy/ptII/ptolemy/actor/lib/test/auto/ConfigurationSwitch2.xml
----------------- Instantiating /home/travis/build/icyphy/ptII/ptolemy/actor/lib/test/auto/ConfigurationSwitch2.xml
1 ms. Memory: 881152K Free: 323622K (37%)
----------------- Invoking toplevel() on ptolemy.moml.MoMLSimpleApplication@65680800
----------------- Done invoking toplevel() on ptolemy.moml.MoMLSimpleApplication@65680800
reloadAllAccessors: .ConfigurationSwitch2

===========================================================================================
----------------- testing Thu Dec 13 02:57:25 UTC 2018 /home/travis/build/icyphy/ptII/ptolemy/actor/lib/test/auto/ConfigurationSwitchCloningBugWithClassRelationGroup.xml
----------------- Instantiating /home/travis/build/icyphy/ptII/ptolemy/actor/lib/test/auto/ConfigurationSwitchCloningBugWithClassRelationGroup.xml
2 ms. Memory: 881152K Free: 307990K (35%)
----------------- Invoking toplevel() on ptolemy.moml.MoMLSimpleApplication@59881171
----------------- Done invoking toplevel() on ptolemy.moml.MoMLSimpleApplication@59881171
reloadAllAccessors: .ConfigurationSwitchCloningBugWithClassRelationGroup

===========================================================================================
----------------- testing Thu Dec 13 02:57:25 UTC 2018 /home/travis/build/icyphy/ptII/ptolemy/actor/lib/test/auto/ConfigurationSwitchSelectSDF.xml
----------------- Instantiating /home/travis/build/icyphy/ptII/ptolemy/actor/lib/test/auto/ConfigurationSwitchSelectSDF.xml
3 ms. Memory: 881152K Free: 287951K (33%)
----------------- Invoking toplevel() on ptolemy.moml.MoMLSimpleApplication@52a4e929
----------------- Done invoking toplevel() on ptolemy.moml.MoMLSimpleApplication@52a4e929
reloadAllAccessors: .ConfigurationSwitchSelectSDF

===========================================================================================
----------------- testing Thu Dec 13 02:57:25 UTC 2018 /home/travis/build/icyphy/ptII/ptolemy/actor/lib/test/auto/ConfigurationSwitchSelectSDF2.xml
----------------- Instantiating /home/travis/build/icyphy/ptII/ptolemy/actor/lib/test/auto/ConfigurationSwitchSelectSDF2.xml
2 ms. Memory: 881152K Free: 277540K (31%)
----------------- Invoking toplevel() on ptolemy.moml.MoMLSimpleApplication@6ebb9b5
----------------- Done invoking toplevel() on ptolemy.moml.MoMLSimpleApplication@6ebb9b5
reloadAllAccessors: .ConfigurationSwitchSelectSDF2

===========================================================================================
----------------- testing Thu Dec 13 02:57:25 UTC 2018 /home/travis/build/icyphy/ptII/ptolemy/actor/lib/test/auto/Const.xml
----------------- Instantiating /home/travis/build/icyphy/ptII/ptolemy/actor/lib/test/auto/Const.xml
1 ms. Memory: 881152K Free: 267129K (30%)
----------------- Invoking toplevel() on ptolemy.moml.MoMLSimpleApplication@5f6efdc5
----------------- Done invoking toplevel() on ptolemy.moml.MoMLSimpleApplication@5f6efdc5
reloadAllAccessors: .Const

===========================================================================================
----------------- testing Thu Dec 13 02:57:25 UTC 2018 /home/travis/build/icyphy/ptII/ptolemy/actor/lib/test/auto/Const2.xml
----------------- Instantiating /home/travis/build/icyphy/ptII/ptolemy/actor/lib/test/auto/Const2.xml
2 ms. Memory: 881152K Free: 256719K (29%)
----------------- Invoking toplevel() on ptolemy.moml.MoMLSimpleApplication@5aeeeb6c
----------------- Done invoking toplevel() on ptolemy.moml.MoMLSimpleApplication@5aeeeb6c
reloadAllAccessors: .Const2

===========================================================================================
----------------- testing Thu Dec 13 02:57:25 UTC 2018 /home/travis/build/icyphy/ptII/ptolemy/actor/lib/test/auto/Const3.xml
----------------- Instantiating /home/travis/build/icyphy/ptII/ptolemy/actor/lib/test/auto/Const3.xml
1 ms. Memory: 881152K Free: 236680K (27%)
----------------- Invoking toplevel() on ptolemy.moml.MoMLSimpleApplication@2f863586
----------------- Done invoking toplevel() on ptolemy.moml.MoMLSimpleApplication@2f863586
reloadAllAccessors: .Const3

===========================================================================================
----------------- testing Thu Dec 13 02:57:25 UTC 2018 /home/travis/build/icyphy/ptII/ptolemy/actor/lib/test/auto/ConstantPublisherPort1.xml
----------------- Instantiating /home/travis/build/icyphy/ptII/ptolemy/actor/lib/test/auto/ConstantPublisherPort1.xml
7 ms. Memory: 881152K Free: 221048K (25%)
----------------- Invoking toplevel() on ptolemy.moml.MoMLSimpleApplication@43f95bda
----------------- Done invoking toplevel() on ptolemy.moml.MoMLSimpleApplication@43f95bda
reloadAllAccessors: .ConstantPublisherPort1

===========================================================================================
----------------- testing Thu Dec 13 02:57:25 UTC 2018 /home/travis/build/icyphy/ptII/ptolemy/actor/lib/test/auto/ConstantPublisherPort2.xml
----------------- Instantiating /home/travis/build/icyphy/ptII/ptolemy/actor/lib/test/auto/ConstantPublisherPort2.xml
7 ms. Memory: 881152K Free: 205424K (23%)
----------------- Invoking toplevel() on ptolemy.moml.MoMLSimpleApplication@1cc818c2
----------------- Done invoking toplevel() on ptolemy.moml.MoMLSimpleApplication@1cc818c2
reloadAllAccessors: .ConstantPublisherPort2

===========================================================================================
----------------- testing Thu Dec 13 02:57:25 UTC 2018 /home/travis/build/icyphy/ptII/ptolemy/actor/lib/test/auto/ConstantPublisherPort3.xml
----------------- Instantiating /home/travis/build/icyphy/ptII/ptolemy/actor/lib/test/auto/ConstantPublisherPort3.xml
4 ms. Memory: 881152K Free: 195013K (22%)
----------------- Invoking toplevel() on ptolemy.moml.MoMLSimpleApplication@a17ff89
----------------- Done invoking toplevel() on ptolemy.moml.MoMLSimpleApplication@a17ff89
reloadAllAccessors: .ConstantPublisherPort3

===========================================================================================
----------------- testing Thu Dec 13 02:57:25 UTC 2018 /home/travis/build/icyphy/ptII/ptolemy/actor/lib/test/auto/ConstantPublisherPort4.xml
----------------- Instantiating /home/travis/build/icyphy/ptII/ptolemy/actor/lib/test/auto/ConstantPublisherPort4.xml
3 ms. Memory: 881152K Free: 169769K (19%)
----------------- Invoking toplevel() on ptolemy.moml.MoMLSimpleApplication@7403b75a
----------------- Done invoking toplevel() on ptolemy.moml.MoMLSimpleApplication@7403b75a
reloadAllAccessors: .ConstantPublisherPort4

===========================================================================================
----------------- testing Thu Dec 13 02:57:25 UTC 2018 /home/travis/build/icyphy/ptII/ptolemy/actor/lib/test/auto/ConstantPublisherPort5.xml
----------------- Instantiating /home/travis/build/icyphy/ptII/ptolemy/actor/lib/test/auto/ConstantPublisherPort5.xml
26 ms. Memory: 881152K Free: 143726K (16%)
----------------- Invoking toplevel() on ptolemy.moml.MoMLSimpleApplication@b610bf5
----------------- Done invoking toplevel() on ptolemy.moml.MoMLSimpleApplication@b610bf5
reloadAllAccessors: .ConstantPublisherPort5

===========================================================================================
----------------- testing Thu Dec 13 02:57:25 UTC 2018 /home/travis/build/icyphy/ptII/ptolemy/actor/lib/test/auto/ConstantPublisherPort6.xml
----------------- Instantiating /home/travis/build/icyphy/ptII/ptolemy/actor/lib/test/auto/ConstantPublisherPort6.xml
21 ms. Memory: 881152K Free: 117699K (13%)
----------------- Invoking toplevel() on ptolemy.moml.MoMLSimpleApplication@11ec85b4
----------------- Done invoking toplevel() on ptolemy.moml.MoMLSimpleApplication@11ec85b4
reloadAllAccessors: .ConstantPublisherPort6

===========================================================================================
----------------- testing Thu Dec 13 02:57:25 UTC 2018 /home/travis/build/icyphy/ptII/ptolemy/actor/lib/test/auto/ConstantPublisherPort7.xml
----------------- Instantiating /home/travis/build/icyphy/ptII/ptolemy/actor/lib/test/auto/ConstantPublisherPort7.xml
20 ms. Memory: 881152K Free: 91672K (10%)
----------------- Invoking toplevel() on ptolemy.moml.MoMLSimpleApplication@2aa29337
----------------- Done invoking toplevel() on ptolemy.moml.MoMLSimpleApplication@2aa29337
reloadAllAccessors: .ConstantPublisherPort7

===========================================================================================
----------------- testing Thu Dec 13 02:57:25 UTC 2018 /home/travis/build/icyphy/ptII/ptolemy/actor/lib/test/auto/ConstraintMonitor1.xml
----------------- Instantiating /home/travis/build/icyphy/ptII/ptolemy/actor/lib/test/auto/ConstraintMonitor1.xml
4 ms. Memory: 881152K Free: 81262K (9%)
----------------- Invoking toplevel() on ptolemy.moml.MoMLSimpleApplication@600cc543
----------------- Done invoking toplevel() on ptolemy.moml.MoMLSimpleApplication@600cc543
reloadAllAccessors: .ConstraintMonitor1

===========================================================================================
----------------- testing Thu Dec 13 02:57:26 UTC 2018 /home/travis/build/icyphy/ptII/ptolemy/actor/lib/test/auto/ConstraintMonitor2.xml
----------------- Instantiating /home/travis/build/icyphy/ptII/ptolemy/actor/lib/test/auto/ConstraintMonitor2.xml
1 ms. Memory: 881152K Free: 61223K (7%)
----------------- Invoking toplevel() on ptolemy.moml.MoMLSimpleApplication@c4ce6a4
----------------- Done invoking toplevel() on ptolemy.moml.MoMLSimpleApplication@c4ce6a4
reloadAllAccessors: .ConstraintMonitor2

===========================================================================================
----------------- testing Thu Dec 13 02:57:26 UTC 2018 /home/travis/build/icyphy/ptII/ptolemy/actor/lib/test/auto/ConstraintMonitor3.xml
----------------- Instantiating /home/travis/build/icyphy/ptII/ptolemy/actor/lib/test/auto/ConstraintMonitor3.xml
1 ms. Memory: 882176K Free: 824633K (93%)
----------------- Invoking toplevel() on ptolemy.moml.MoMLSimpleApplication@3acd9142
----------------- Done invoking toplevel() on ptolemy.moml.MoMLSimpleApplication@3acd9142
reloadAllAccessors: .ConstraintMonitor3

===========================================================================================
----------------- testing Thu Dec 13 02:57:26 UTC 2018 /home/travis/build/icyphy/ptII/ptolemy/actor/lib/test/auto/ConstraintMonitor4.xml
----------------- Instantiating /home/travis/build/icyphy/ptII/ptolemy/actor/lib/test/auto/ConstraintMonitor4.xml
1 ms. Memory: 882176K Free: 807155K (91%)
----------------- Invoking toplevel() on ptolemy.moml.MoMLSimpleApplication@166ff97f
----------------- Done invoking toplevel() on ptolemy.moml.MoMLSimpleApplication@166ff97f
reloadAllAccessors: .ConstraintMonitor4

===========================================================================================
----------------- testing Thu Dec 13 02:57:26 UTC 2018 /home/travis/build/icyphy/ptII/ptolemy/actor/lib/test/auto/ConstraintMonitor5.xml
----------------- Instantiating /home/travis/build/icyphy/ptII/ptolemy/actor/lib/test/auto/ConstraintMonitor5.xml
1 ms. Memory: 882176K Free: 796744K (90%)
----------------- Invoking toplevel() on ptolemy.moml.MoMLSimpleApplication@76c04f25
----------------- Done invoking toplevel() on ptolemy.moml.MoMLSimpleApplication@76c04f25
reloadAllAccessors: .ConstraintMonitor5

===========================================================================================
----------------- testing Thu Dec 13 02:57:26 UTC 2018 /home/travis/build/icyphy/ptII/ptolemy/actor/lib/test/auto/ConstraintMonitor6.xml
----------------- Instantiating /home/travis/build/icyphy/ptII/ptolemy/actor/lib/test/auto/ConstraintMonitor6.xml
6 ms. Memory: 882176K Free: 786334K (89%)
----------------- Invoking toplevel() on ptolemy.moml.MoMLSimpleApplication@28cb3d03
----------------- Done invoking toplevel() on ptolemy.moml.MoMLSimpleApplication@28cb3d03
reloadAllAccessors: .ConstraintMonitor6

===========================================================================================
----------------- testing Thu Dec 13 02:57:26 UTC 2018 /home/travis/build/icyphy/ptII/ptolemy/actor/lib/test/auto/ConstraintMonitor7.xml
----------------- Instantiating /home/travis/build/icyphy/ptII/ptolemy/actor/lib/test/auto/ConstraintMonitor7.xml
2 ms. Memory: 882176K Free: 768750K (87%)
----------------- Invoking toplevel() on ptolemy.moml.MoMLSimpleApplication@1b674c71
----------------- Done invoking toplevel() on ptolemy.moml.MoMLSimpleApplication@1b674c71
reloadAllAccessors: .ConstraintMonitor7

===========================================================================================
----------------- testing Thu Dec 13 02:57:26 UTC 2018 /home/travis/build/icyphy/ptII/ptolemy/actor/lib/test/auto/ConstraintMonitor8.xml
----------------- Instantiating /home/travis/build/icyphy/ptII/ptolemy/actor/lib/test/auto/ConstraintMonitor8.xml
8 ms. Memory: 882176K Free: 753118K (85%)
----------------- Invoking toplevel() on ptolemy.moml.MoMLSimpleApplication@78509667
----------------- Done invoking toplevel() on ptolemy.moml.MoMLSimpleApplication@78509667
reloadAllAccessors: .ConstraintMonitor8

===========================================================================================
----------------- testing Thu Dec 13 02:57:26 UTC 2018 /home/travis/build/icyphy/ptII/ptolemy/actor/lib/test/auto/Counter.xml
----------------- Instantiating /home/travis/build/icyphy/ptII/ptolemy/actor/lib/test/auto/Counter.xml
2 ms. Memory: 882176K Free: 742707K (84%)
----------------- Invoking toplevel() on ptolemy.moml.MoMLSimpleApplication@780fcfe6
----------------- Done invoking toplevel() on ptolemy.moml.MoMLSimpleApplication@780fcfe6
reloadAllAccessors: .Counter

===========================================================================================
----------------- testing Thu Dec 13 02:57:26 UTC 2018 /home/travis/build/icyphy/ptII/ptolemy/actor/lib/test/auto/CurrentTimeSDF.xml
----------------- Instantiating /home/travis/build/icyphy/ptII/ptolemy/actor/lib/test/auto/CurrentTimeSDF.xml
1 ms. Memory: 882176K Free: 725229K (82%)
----------------- Invoking toplevel() on ptolemy.moml.MoMLSimpleApplication@2f59106b
----------------- Done invoking toplevel() on ptolemy.moml.MoMLSimpleApplication@2f59106b
reloadAllAccessors: .CurrentTimeSDF

===========================================================================================
----------------- testing Thu Dec 13 02:57:26 UTC 2018 /home/travis/build/icyphy/ptII/ptolemy/actor/lib/test/auto/DB.xml
----------------- Instantiating /home/travis/build/icyphy/ptII/ptolemy/actor/lib/test/auto/DB.xml
1 ms. Memory: 882176K Free: 714819K (81%)
----------------- Invoking toplevel() on ptolemy.moml.MoMLSimpleApplication@26f776ec
----------------- Done invoking toplevel() on ptolemy.moml.MoMLSimpleApplication@26f776ec
reloadAllAccessors: .DB

===========================================================================================
----------------- testing Thu Dec 13 02:57:26 UTC 2018 /home/travis/build/icyphy/ptII/ptolemy/actor/lib/test/auto/DBDE.xml
----------------- Instantiating /home/travis/build/icyphy/ptII/ptolemy/actor/lib/test/auto/DBDE.xml
2 ms. Memory: 882176K Free: 704408K (80%)
----------------- Invoking toplevel() on ptolemy.moml.MoMLSimpleApplication@6c83f007
----------------- Done invoking toplevel() on ptolemy.moml.MoMLSimpleApplication@6c83f007
reloadAllAccessors: .DBDE

===========================================================================================
----------------- testing Thu Dec 13 02:57:26 UTC 2018 /home/travis/build/icyphy/ptII/ptolemy/actor/lib/test/auto/DateConstructor.xml
----------------- Instantiating /home/travis/build/icyphy/ptII/ptolemy/actor/lib/test/auto/DateConstructor.xml
17 ms. Memory: 882176K Free: 676519K (77%)
----------------- Invoking toplevel() on ptolemy.moml.MoMLSimpleApplication@7aeca57d
----------------- Done invoking toplevel() on ptolemy.moml.MoMLSimpleApplication@7aeca57d
reloadAllAccessors: .DateConstructor

===========================================================================================
----------------- testing Thu Dec 13 02:57:26 UTC 2018 /home/travis/build/icyphy/ptII/ptolemy/actor/lib/test/auto/DelayTime.xml
----------------- Instantiating /home/travis/build/icyphy/ptII/ptolemy/actor/lib/test/auto/DelayTime.xml
2 ms. Memory: 882176K Free: 666109K (76%)
----------------- Invoking toplevel() on ptolemy.moml.MoMLSimpleApplication@3f75ab1d
----------------- Done invoking toplevel() on ptolemy.moml.MoMLSimpleApplication@3f75ab1d
reloadAllAccessors: .DelayTime

===========================================================================================
----------------- testing Thu Dec 13 02:57:26 UTC 2018 /home/travis/build/icyphy/ptII/ptolemy/actor/lib/test/auto/Dictionary1.xml
----------------- Instantiating /home/travis/build/icyphy/ptII/ptolemy/actor/lib/test/auto/Dictionary1.xml
2 ms. Memory: 882176K Free: 655698K (74%)
----------------- Invoking toplevel() on ptolemy.moml.MoMLSimpleApplication@585ee558
----------------- Done invoking toplevel() on ptolemy.moml.MoMLSimpleApplication@585ee558
reloadAllAccessors: .Dictionary1

===========================================================================================
----------------- testing Thu Dec 13 02:57:26 UTC 2018 /home/travis/build/icyphy/ptII/ptolemy/actor/lib/test/auto/Dictionary2.xml
----------------- Instantiating /home/travis/build/icyphy/ptII/ptolemy/actor/lib/test/auto/Dictionary2.xml
3 ms. Memory: 882176K Free: 638220K (72%)
----------------- Invoking toplevel() on ptolemy.moml.MoMLSimpleApplication@75745d40
----------------- Done invoking toplevel() on ptolemy.moml.MoMLSimpleApplication@75745d40
reloadAllAccessors: .Dictionary2

===========================================================================================
----------------- testing Thu Dec 13 02:57:26 UTC 2018 /home/travis/build/icyphy/ptII/ptolemy/actor/lib/test/auto/Dictionary3.xml
----------------- Instantiating /home/travis/build/icyphy/ptII/ptolemy/actor/lib/test/auto/Dictionary3.xml
2 ms. Memory: 882176K Free: 627810K (71%)
----------------- Invoking toplevel() on ptolemy.moml.MoMLSimpleApplication@42b56f5e
----------------- Done invoking toplevel() on ptolemy.moml.MoMLSimpleApplication@42b56f5e
reloadAllAccessors: .Dictionary3

===========================================================================================
----------------- testing Thu Dec 13 02:57:26 UTC 2018 /home/travis/build/icyphy/ptII/ptolemy/actor/lib/test/auto/Dictionary4.xml
----------------- Instantiating /home/travis/build/icyphy/ptII/ptolemy/actor/lib/test/auto/Dictionary4.xml
2 ms. Memory: 882176K Free: 617399K (70%)
----------------- Invoking toplevel() on ptolemy.moml.MoMLSimpleApplication@419d0fdb
----------------- Done invoking toplevel() on ptolemy.moml.MoMLSimpleApplication@419d0fdb
reloadAllAccessors: .Dictionary4

===========================================================================================
----------------- testing Thu Dec 13 02:57:26 UTC 2018 /home/travis/build/icyphy/ptII/ptolemy/actor/lib/test/auto/Differential.xml
----------------- Instantiating /home/travis/build/icyphy/ptII/ptolemy/actor/lib/test/auto/Differential.xml
3 ms. Memory: 882176K Free: 599921K (68%)
----------------- Invoking toplevel() on ptolemy.moml.MoMLSimpleApplication@47cc9912
----------------- Done invoking toplevel() on ptolemy.moml.MoMLSimpleApplication@47cc9912
reloadAllAccessors: .Differential

===========================================================================================
----------------- testing Thu Dec 13 02:57:26 UTC 2018 /home/travis/build/icyphy/ptII/ptolemy/actor/lib/test/auto/Director.xml
----------------- Instantiating /home/travis/build/icyphy/ptII/ptolemy/actor/lib/test/auto/Director.xml
3 ms. Memory: 882176K Free: 589510K (67%)
----------------- Invoking toplevel() on ptolemy.moml.MoMLSimpleApplication@22d18185
----------------- Done invoking toplevel() on ptolemy.moml.MoMLSimpleApplication@22d18185
reloadAllAccessors: .Director

===========================================================================================
----------------- testing Thu Dec 13 02:57:26 UTC 2018 /home/travis/build/icyphy/ptII/ptolemy/actor/lib/test/auto/DiscreteClock.xml
----------------- Instantiating /home/travis/build/icyphy/ptII/ptolemy/actor/lib/test/auto/DiscreteClock.xml
1 ms. Memory: 882176K Free: 579100K (66%)
----------------- Invoking toplevel() on ptolemy.moml.MoMLSimpleApplication@21913ae1
----------------- Done invoking toplevel() on ptolemy.moml.MoMLSimpleApplication@21913ae1
reloadAllAccessors: .DiscreteClock

===========================================================================================
----------------- testing Thu Dec 13 02:57:26 UTC 2018 /home/travis/build/icyphy/ptII/ptolemy/actor/lib/test/auto/DiscreteClock10.xml
----------------- Instantiating /home/travis/build/icyphy/ptII/ptolemy/actor/lib/test/auto/DiscreteClock10.xml
4 ms. Memory: 882176K Free: 561622K (64%)
----------------- Invoking toplevel() on ptolemy.moml.MoMLSimpleApplication@743d1d5d
----------------- Done invoking toplevel() on ptolemy.moml.MoMLSimpleApplication@743d1d5d
reloadAllAccessors: .DiscreteClock10

===========================================================================================
----------------- testing Thu Dec 13 02:57:26 UTC 2018 /home/travis/build/icyphy/ptII/ptolemy/actor/lib/test/auto/DiscreteClock11.xml
----------------- Instantiating /home/travis/build/icyphy/ptII/ptolemy/actor/lib/test/auto/DiscreteClock11.xml
2 ms. Memory: 882176K Free: 551211K (62%)
----------------- Invoking toplevel() on ptolemy.moml.MoMLSimpleApplication@6d634dad
----------------- Done invoking toplevel() on ptolemy.moml.MoMLSimpleApplication@6d634dad
reloadAllAccessors: .DiscreteClock11

===========================================================================================
----------------- testing Thu Dec 13 02:57:26 UTC 2018 /home/travis/build/icyphy/ptII/ptolemy/actor/lib/test/auto/DiscreteClock12.xml
----------------- Instantiating /home/travis/build/icyphy/ptII/ptolemy/actor/lib/test/auto/DiscreteClock12.xml
2 ms. Memory: 882176K Free: 540801K (61%)
----------------- Invoking toplevel() on ptolemy.moml.MoMLSimpleApplication@33efa5fb
----------------- Done invoking toplevel() on ptolemy.moml.MoMLSimpleApplication@33efa5fb
reloadAllAccessors: .DiscreteClock12

===========================================================================================
----------------- testing Thu Dec 13 02:57:26 UTC 2018 /home/travis/build/icyphy/ptII/ptolemy/actor/lib/test/auto/DiscreteClock13.xml
----------------- Instantiating /home/travis/build/icyphy/ptII/ptolemy/actor/lib/test/auto/DiscreteClock13.xml
13 ms. Memory: 882176K Free: 523323K (59%)
----------------- Invoking toplevel() on ptolemy.moml.MoMLSimpleApplication@ac2931c
----------------- Done invoking toplevel() on ptolemy.moml.MoMLSimpleApplication@ac2931c
reloadAllAccessors: .DiscreteClock13

===========================================================================================
----------------- testing Thu Dec 13 02:57:26 UTC 2018 /home/travis/build/icyphy/ptII/ptolemy/actor/lib/test/auto/DiscreteClock14.xml
----------------- Instantiating /home/travis/build/icyphy/ptII/ptolemy/actor/lib/test/auto/DiscreteClock14.xml
7 ms. Memory: 882176K Free: 512912K (58%)
----------------- Invoking toplevel() on ptolemy.moml.MoMLSimpleApplication@6c9e1fd3
----------------- Done invoking toplevel() on ptolemy.moml.MoMLSimpleApplication@6c9e1fd3
reloadAllAccessors: .DiscreteClock14

===========================================================================================
----------------- testing Thu Dec 13 02:57:26 UTC 2018 /home/travis/build/icyphy/ptII/ptolemy/actor/lib/test/auto/DiscreteClock15.xml
----------------- Instantiating /home/travis/build/icyphy/ptII/ptolemy/actor/lib/test/auto/DiscreteClock15.xml
6 ms. Memory: 882176K Free: 502501K (57%)
----------------- Invoking toplevel() on ptolemy.moml.MoMLSimpleApplication@10fd08d6
----------------- Done invoking toplevel() on ptolemy.moml.MoMLSimpleApplication@10fd08d6
reloadAllAccessors: .DiscreteClock15

===========================================================================================
----------------- testing Thu Dec 13 02:57:26 UTC 2018 /home/travis/build/icyphy/ptII/ptolemy/actor/lib/test/auto/DiscreteClock16.xml
----------------- Instantiating /home/travis/build/icyphy/ptII/ptolemy/actor/lib/test/auto/DiscreteClock16.xml
19 ms. Memory: 882176K Free: 479802K (54%)
----------------- Invoking toplevel() on ptolemy.moml.MoMLSimpleApplication@bd37c35
----------------- Done invoking toplevel() on ptolemy.moml.MoMLSimpleApplication@bd37c35
reloadAllAccessors: .DiscreteClock16

===========================================================================================
----------------- testing Thu Dec 13 02:57:26 UTC 2018 /home/travis/build/icyphy/ptII/ptolemy/actor/lib/test/auto/DiscreteClock17.xml
----------------- Instantiating /home/travis/build/icyphy/ptII/ptolemy/actor/lib/test/auto/DiscreteClock17.xml
15 ms. Memory: 882176K Free: 464178K (53%)
----------------- Invoking toplevel() on ptolemy.moml.MoMLSimpleApplication@763f1cf2
----------------- Done invoking toplevel() on ptolemy.moml.MoMLSimpleApplication@763f1cf2
reloadAllAccessors: .DiscreteClock17

===========================================================================================
----------------- testing Thu Dec 13 02:57:26 UTC 2018 /home/travis/build/icyphy/ptII/ptolemy/actor/lib/test/auto/DiscreteClock18.xml
----------------- Instantiating /home/travis/build/icyphy/ptII/ptolemy/actor/lib/test/auto/DiscreteClock18.xml
19 ms. Memory: 882176K Free: 448546K (51%)
----------------- Invoking toplevel() on ptolemy.moml.MoMLSimpleApplication@29b3be63
----------------- Done invoking toplevel() on ptolemy.moml.MoMLSimpleApplication@29b3be63
reloadAllAccessors: .DiscreteClock18

===========================================================================================
----------------- testing Thu Dec 13 02:57:26 UTC 2018 /home/travis/build/icyphy/ptII/ptolemy/actor/lib/test/auto/DiscreteClock19.xml
----------------- Instantiating /home/travis/build/icyphy/ptII/ptolemy/actor/lib/test/auto/DiscreteClock19.xml
19 ms. Memory: 882176K Free: 425847K (48%)
----------------- Invoking toplevel() on ptolemy.moml.MoMLSimpleApplication@5577248c
----------------- Done invoking toplevel() on ptolemy.moml.MoMLSimpleApplication@5577248c
reloadAllAccessors: .DiscreteClock19

===========================================================================================
----------------- testing Thu Dec 13 02:57:26 UTC 2018 /home/travis/build/icyphy/ptII/ptolemy/actor/lib/test/auto/DiscreteClock2.xml
----------------- Instantiating /home/travis/build/icyphy/ptII/ptolemy/actor/lib/test/auto/DiscreteClock2.xml
4 ms. Memory: 882176K Free: 415436K (47%)
----------------- Invoking toplevel() on ptolemy.moml.MoMLSimpleApplication@21c60a42
----------------- Done invoking toplevel() on ptolemy.moml.MoMLSimpleApplication@21c60a42
reloadAllAccessors: .DiscreteClock2

===========================================================================================
----------------- testing Thu Dec 13 02:57:26 UTC 2018 /home/travis/build/icyphy/ptII/ptolemy/actor/lib/test/auto/DiscreteClock20.xml
----------------- Instantiating /home/travis/build/icyphy/ptII/ptolemy/actor/lib/test/auto/DiscreteClock20.xml
8 ms. Memory: 882176K Free: 405025K (46%)
----------------- Invoking toplevel() on ptolemy.moml.MoMLSimpleApplication@34744944
----------------- Done invoking toplevel() on ptolemy.moml.MoMLSimpleApplication@34744944
reloadAllAccessors: .DiscreteClock20

===========================================================================================
----------------- testing Thu Dec 13 02:57:26 UTC 2018 /home/travis/build/icyphy/ptII/ptolemy/actor/lib/test/auto/DiscreteClock21.xml
----------------- Instantiating /home/travis/build/icyphy/ptII/ptolemy/actor/lib/test/auto/DiscreteClock21.xml
6 ms. Memory: 882176K Free: 387548K (44%)
----------------- Invoking toplevel() on ptolemy.moml.MoMLSimpleApplication@17bd2c8c
----------------- Done invoking toplevel() on ptolemy.moml.MoMLSimpleApplication@17bd2c8c
reloadAllAccessors: .DiscreteClock21

===========================================================================================
----------------- testing Thu Dec 13 02:57:26 UTC 2018 /home/travis/build/icyphy/ptII/ptolemy/actor/lib/test/auto/DiscreteClock22.xml
----------------- Instantiating /home/travis/build/icyphy/ptII/ptolemy/actor/lib/test/auto/DiscreteClock22.xml
7 ms. Memory: 882176K Free: 377137K (43%)
----------------- Invoking toplevel() on ptolemy.moml.MoMLSimpleApplication@3161ea7b
----------------- Done invoking toplevel() on ptolemy.moml.MoMLSimpleApplication@3161ea7b
reloadAllAccessors: .DiscreteClock22

===========================================================================================
----------------- testing Thu Dec 13 02:57:26 UTC 2018 /home/travis/build/icyphy/ptII/ptolemy/actor/lib/test/auto/DiscreteClock23.xml
----------------- Instantiating /home/travis/build/icyphy/ptII/ptolemy/actor/lib/test/auto/DiscreteClock23.xml
9 ms. Memory: 882176K Free: 366726K (42%)
----------------- Invoking toplevel() on ptolemy.moml.MoMLSimpleApplication@78ffc525
----------------- Done invoking toplevel() on ptolemy.moml.MoMLSimpleApplication@78ffc525
reloadAllAccessors: .DiscreteClock23

===========================================================================================
----------------- testing Thu Dec 13 02:57:26 UTC 2018 /home/travis/build/icyphy/ptII/ptolemy/actor/lib/test/auto/DiscreteClock24.xml
----------------- Instantiating /home/travis/build/icyphy/ptII/ptolemy/actor/lib/test/auto/DiscreteClock24.xml
2 ms. Memory: 1370624K Free: 1311230K (96%)
----------------- Invoking toplevel() on ptolemy.moml.MoMLSimpleApplication@1e019b42
----------------- Done invoking toplevel() on ptolemy.moml.MoMLSimpleApplication@1e019b42
reloadAllAccessors: .DiscreteClock24

===========================================================================================
----------------- testing Thu Dec 13 02:57:27 UTC 2018 /home/travis/build/icyphy/ptII/ptolemy/actor/lib/test/auto/DiscreteClock4.xml
----------------- Instantiating /home/travis/build/icyphy/ptII/ptolemy/actor/lib/test/auto/DiscreteClock4.xml
1 ms. Memory: 1370624K Free: 1285748K (94%)
----------------- Invoking toplevel() on ptolemy.moml.MoMLSimpleApplication@cfc343c
----------------- Done invoking toplevel() on ptolemy.moml.MoMLSimpleApplication@cfc343c
reloadAllAccessors: .DiscreteClock4

===========================================================================================
----------------- testing Thu Dec 13 02:57:27 UTC 2018 /home/travis/build/icyphy/ptII/ptolemy/actor/lib/test/auto/DiscreteClock5.xml
----------------- Instantiating /home/travis/build/icyphy/ptII/ptolemy/actor/lib/test/auto/DiscreteClock5.xml
1 ms. Memory: 1370624K Free: 1269091K (93%)
----------------- Invoking toplevel() on ptolemy.moml.MoMLSimpleApplication@21798b71
----------------- Done invoking toplevel() on ptolemy.moml.MoMLSimpleApplication@21798b71
reloadAllAccessors: .DiscreteClock5

===========================================================================================
----------------- testing Thu Dec 13 02:57:27 UTC 2018 /home/travis/build/icyphy/ptII/ptolemy/actor/lib/test/auto/DiscreteClock6.xml
----------------- Instantiating /home/travis/build/icyphy/ptII/ptolemy/actor/lib/test/auto/DiscreteClock6.xml
1 ms. Memory: 1370624K Free: 1252434K (91%)
----------------- Invoking toplevel() on ptolemy.moml.MoMLSimpleApplication@23d9d1c4
----------------- Done invoking toplevel() on ptolemy.moml.MoMLSimpleApplication@23d9d1c4
reloadAllAccessors: .DiscreteClock6

===========================================================================================
----------------- testing Thu Dec 13 02:57:27 UTC 2018 /home/travis/build/icyphy/ptII/ptolemy/actor/lib/test/auto/DiscreteClock7.xml
----------------- Instantiating /home/travis/build/icyphy/ptII/ptolemy/actor/lib/test/auto/DiscreteClock7.xml
1 ms. Memory: 1370624K Free: 1226952K (90%)
----------------- Invoking toplevel() on ptolemy.moml.MoMLSimpleApplication@68a3dabb
----------------- Done invoking toplevel() on ptolemy.moml.MoMLSimpleApplication@68a3dabb
reloadAllAccessors: .DiscreteClock7

===========================================================================================
----------------- testing Thu Dec 13 02:57:27 UTC 2018 /home/travis/build/icyphy/ptII/ptolemy/actor/lib/test/auto/DiscreteClock8.xml
----------------- Instantiating /home/travis/build/icyphy/ptII/ptolemy/actor/lib/test/auto/DiscreteClock8.xml
1 ms. Memory: 1370624K Free: 1210295K (88%)
----------------- Invoking toplevel() on ptolemy.moml.MoMLSimpleApplication@17f55e15
----------------- Done invoking toplevel() on ptolemy.moml.MoMLSimpleApplication@17f55e15
reloadAllAccessors: .DiscreteClock8

===========================================================================================
----------------- testing Thu Dec 13 02:57:27 UTC 2018 /home/travis/build/icyphy/ptII/ptolemy/actor/lib/test/auto/DiscreteClock9.xml
----------------- Instantiating /home/travis/build/icyphy/ptII/ptolemy/actor/lib/test/auto/DiscreteClock9.xml
2 ms. Memory: 1370624K Free: 1193638K (87%)
----------------- Invoking toplevel() on ptolemy.moml.MoMLSimpleApplication@542d01ec
----------------- Done invoking toplevel() on ptolemy.moml.MoMLSimpleApplication@542d01ec
reloadAllAccessors: .DiscreteClock9

===========================================================================================
----------------- testing Thu Dec 13 02:57:27 UTC 2018 /home/travis/build/icyphy/ptII/ptolemy/actor/lib/test/auto/DisplayArray.xml
----------------- Instantiating /home/travis/build/icyphy/ptII/ptolemy/actor/lib/test/auto/DisplayArray.xml
1 ms. Memory: 1370624K Free: 1176980K (86%)
----------------- Invoking toplevel() on ptolemy.moml.MoMLSimpleApplication@45bf89a9
----------------- Done invoking toplevel() on ptolemy.moml.MoMLSimpleApplication@45bf89a9
reloadAllAccessors: .DisplayArray

===========================================================================================
----------------- testing Thu Dec 13 02:57:27 UTC 2018 /home/travis/build/icyphy/ptII/ptolemy/actor/lib/test/auto/Distributor.xml
----------------- Instantiating /home/travis/build/icyphy/ptII/ptolemy/actor/lib/test/auto/Distributor.xml
1 ms. Memory: 1370624K Free: 1151499K (84%)
----------------- Invoking toplevel() on ptolemy.moml.MoMLSimpleApplication@435f8de7
----------------- Done invoking toplevel() on ptolemy.moml.MoMLSimpleApplication@435f8de7
reloadAllAccessors: .Distributor

===========================================================================================
----------------- testing Thu Dec 13 02:57:27 UTC 2018 /home/travis/build/icyphy/ptII/ptolemy/actor/lib/test/auto/Distributor2.xml
----------------- Instantiating /home/travis/build/icyphy/ptII/ptolemy/actor/lib/test/auto/Distributor2.xml
1 ms. Memory: 1370624K Free: 1134841K (83%)
----------------- Invoking toplevel() on ptolemy.moml.MoMLSimpleApplication@6ed239d6
----------------- Done invoking toplevel() on ptolemy.moml.MoMLSimpleApplication@6ed239d6
reloadAllAccessors: .Distributor2

===========================================================================================
----------------- testing Thu Dec 13 02:57:27 UTC 2018 /home/travis/build/icyphy/ptII/ptolemy/actor/lib/test/auto/DownSample.xml
----------------- Instantiating /home/travis/build/icyphy/ptII/ptolemy/actor/lib/test/auto/DownSample.xml
1 ms. Memory: 1370624K Free: 1118184K (82%)
----------------- Invoking toplevel() on ptolemy.moml.MoMLSimpleApplication@6524cb15
----------------- Done invoking toplevel() on ptolemy.moml.MoMLSimpleApplication@6524cb15
reloadAllAccessors: .DownSample

===========================================================================================
----------------- testing Thu Dec 13 02:57:27 UTC 2018 /home/travis/build/icyphy/ptII/ptolemy/actor/lib/test/auto/ElectronicUnitBase1.xml
----------------- Instantiating /home/travis/build/icyphy/ptII/ptolemy/actor/lib/test/auto/ElectronicUnitBase1.xml
16 ms. Memory: 1370624K Free: 1093191K (80%)
----------------- Invoking toplevel() on ptolemy.moml.MoMLSimpleApplication@634280dd
----------------- Done invoking toplevel() on ptolemy.moml.MoMLSimpleApplication@634280dd
reloadAllAccessors: .ElectronicUnitBase1

===========================================================================================
----------------- testing Thu Dec 13 02:57:27 UTC 2018 /home/travis/build/icyphy/ptII/ptolemy/actor/lib/test/auto/ElementsToArray.xml
----------------- Instantiating /home/travis/build/icyphy/ptII/ptolemy/actor/lib/test/auto/ElementsToArray.xml
2 ms. Memory: 1370624K Free: 1067709K (78%)
----------------- Invoking toplevel() on ptolemy.moml.MoMLSimpleApplication@569e5e2a
----------------- Done invoking toplevel() on ptolemy.moml.MoMLSimpleApplication@569e5e2a
reloadAllAccessors: .ElementsToArray

===========================================================================================
----------------- testing Thu Dec 13 02:57:27 UTC 2018 /home/travis/build/icyphy/ptII/ptolemy/actor/lib/test/auto/Equals.xml
----------------- Instantiating /home/travis/build/icyphy/ptII/ptolemy/actor/lib/test/auto/Equals.xml
1 ms. Memory: 1370624K Free: 1051052K (77%)
----------------- Invoking toplevel() on ptolemy.moml.MoMLSimpleApplication@4c1b9efa
----------------- Done invoking toplevel() on ptolemy.moml.MoMLSimpleApplication@4c1b9efa
reloadAllAccessors: .Equals

===========================================================================================
----------------- testing Thu Dec 13 02:57:27 UTC 2018 /home/travis/build/icyphy/ptII/ptolemy/actor/lib/test/auto/Exec.xml
----------------- Instantiating /home/travis/build/icyphy/ptII/ptolemy/actor/lib/test/auto/Exec.xml
6 ms. Memory: 1370624K Free: 1013573K (74%)
----------------- Invoking toplevel() on ptolemy.moml.MoMLSimpleApplication@11305d87
----------------- Done invoking toplevel() on ptolemy.moml.MoMLSimpleApplication@11305d87
reloadAllAccessors: .Exec

===========================================================================================
----------------- testing Thu Dec 13 02:57:27 UTC 2018 /home/travis/build/icyphy/ptII/ptolemy/actor/lib/test/auto/ExecEnvironment.xml
----------------- Instantiating /home/travis/build/icyphy/ptII/ptolemy/actor/lib/test/auto/ExecEnvironment.xml
26 ms. Memory: 1370624K Free: 971434K (71%)
----------------- Invoking toplevel() on ptolemy.moml.MoMLSimpleApplication@734d319c
----------------- Done invoking toplevel() on ptolemy.moml.MoMLSimpleApplication@734d319c
reloadAllAccessors: .ExecEnvironment

===========================================================================================
----------------- testing Thu Dec 13 02:57:27 UTC 2018 /home/travis/build/icyphy/ptII/ptolemy/actor/lib/test/auto/ExecNonZeroReturnOutput.xml
----------------- Instantiating /home/travis/build/icyphy/ptII/ptolemy/actor/lib/test/auto/ExecNonZeroReturnOutput.xml
121 ms. Memory: 1370624K Free: 846505K (62%)
----------------- Invoking toplevel() on ptolemy.moml.MoMLSimpleApplication@542b9686
----------------- Done invoking toplevel() on ptolemy.moml.MoMLSimpleApplication@542b9686
reloadAllAccessors: .ExecNonZeroReturnOutput

===========================================================================================
----------------- testing Thu Dec 13 02:57:27 UTC 2018 /home/travis/build/icyphy/ptII/ptolemy/actor/lib/test/auto/ExecRunDemos.xml
----------------- Instantiating /home/travis/build/icyphy/ptII/ptolemy/actor/lib/test/auto/ExecRunDemos.xml
Finished: 90 ms. Memory: 116224K Free: 100104K (86%)

Finished: 32 ms. Memory: 116224K Free: 96359K (83%)

Finished: 38 ms. Memory: 116224K Free: 96999K (83%)

Finished: 35 ms. Memory: 116224K Free: 98268K (85%)

Finished: 41 ms. Memory: 116224K Free: 99505K (86%)

9088 ms. Memory: 1370624K Free: 738216K (54%)
----------------- Invoking toplevel() on ptolemy.moml.MoMLSimpleApplication@f9babac
----------------- Done invoking toplevel() on ptolemy.moml.MoMLSimpleApplication@f9babac
reloadAllAccessors: .ExecRunDemos

===========================================================================================
----------------- testing Thu Dec 13 02:57:37 UTC 2018 /home/travis/build/icyphy/ptII/ptolemy/actor/lib/test/auto/ExecStop.xml
----------------- Instantiating /home/travis/build/icyphy/ptII/ptolemy/actor/lib/test/auto/ExecStop.xml
5018 ms. Memory: 1370624K Free: 505016K (37%)
----------------- Invoking toplevel() on ptolemy.moml.MoMLSimpleApplication@4406bbec
----------------- Done invoking toplevel() on ptolemy.moml.MoMLSimpleApplication@4406bbec
reloadAllAccessors: .ExecStop

===========================================================================================
----------------- testing Thu Dec 13 02:57:42 UTC 2018 /home/travis/build/icyphy/ptII/ptolemy/actor/lib/test/auto/ExecutionTimeSDF.xml
----------------- Instantiating /home/travis/build/icyphy/ptII/ptolemy/actor/lib/test/auto/ExecutionTimeSDF.xml
Fired ExecutionTime: -2023367296
Fired ExecutionTime: 978400000
Fired ExecutionTime: -1652167296
6004 ms. Memory: 1370624K Free: 471190K (34%)
----------------- Invoking toplevel() on ptolemy.moml.MoMLSimpleApplication@5481ecb2
----------------- Done invoking toplevel() on ptolemy.moml.MoMLSimpleApplication@5481ecb2
reloadAllAccessors: .ExecutionTimeSDF

===========================================================================================
----------------- testing Thu Dec 13 02:57:48 UTC 2018 /home/travis/build/icyphy/ptII/ptolemy/actor/lib/test/auto/Expression1.xml
----------------- Instantiating /home/travis/build/icyphy/ptII/ptolemy/actor/lib/test/auto/Expression1.xml
2 ms. Memory: 1370624K Free: 454533K (33%)
----------------- Invoking toplevel() on ptolemy.moml.MoMLSimpleApplication@3e8652db
----------------- Done invoking toplevel() on ptolemy.moml.MoMLSimpleApplication@3e8652db
reloadAllAccessors: .Expression1

===========================================================================================
----------------- testing Thu Dec 13 02:57:48 UTC 2018 /home/travis/build/icyphy/ptII/ptolemy/actor/lib/test/auto/Expression10.xml
----------------- Instantiating /home/travis/build/icyphy/ptII/ptolemy/actor/lib/test/auto/Expression10.xml
4 ms. Memory: 1370624K Free: 437876K (32%)
----------------- Invoking toplevel() on ptolemy.moml.MoMLSimpleApplication@1c0cd266
----------------- Done invoking toplevel() on ptolemy.moml.MoMLSimpleApplication@1c0cd266
reloadAllAccessors: .Expression10

===========================================================================================
----------------- testing Thu Dec 13 02:57:48 UTC 2018 /home/travis/build/icyphy/ptII/ptolemy/actor/lib/test/auto/Expression11.xml
----------------- Instantiating /home/travis/build/icyphy/ptII/ptolemy/actor/lib/test/auto/Expression11.xml
2 ms. Memory: 1370624K Free: 421218K (31%)
----------------- Invoking toplevel() on ptolemy.moml.MoMLSimpleApplication@77a0ebf0
----------------- Done invoking toplevel() on ptolemy.moml.MoMLSimpleApplication@77a0ebf0
reloadAllAccessors: .Expression11

===========================================================================================
----------------- testing Thu Dec 13 02:57:48 UTC 2018 /home/travis/build/icyphy/ptII/ptolemy/actor/lib/test/auto/Expression12.xml
----------------- Instantiating /home/travis/build/icyphy/ptII/ptolemy/actor/lib/test/auto/Expression12.xml
3 ms. Memory: 1370624K Free: 395737K (29%)
----------------- Invoking toplevel() on ptolemy.moml.MoMLSimpleApplication@71be56c5
----------------- Done invoking toplevel() on ptolemy.moml.MoMLSimpleApplication@71be56c5
reloadAllAccessors: .Expression12

===========================================================================================
----------------- testing Thu Dec 13 02:57:48 UTC 2018 /home/travis/build/icyphy/ptII/ptolemy/actor/lib/test/auto/Expression13.xml
----------------- Instantiating /home/travis/build/icyphy/ptII/ptolemy/actor/lib/test/auto/Expression13.xml
4 ms. Memory: 1370624K Free: 379079K (28%)
----------------- Invoking toplevel() on ptolemy.moml.MoMLSimpleApplication@514e862e
----------------- Done invoking toplevel() on ptolemy.moml.MoMLSimpleApplication@514e862e
reloadAllAccessors: .Expression13

===========================================================================================
----------------- testing Thu Dec 13 02:57:48 UTC 2018 /home/travis/build/icyphy/ptII/ptolemy/actor/lib/test/auto/Expression14.xml
----------------- Instantiating /home/travis/build/icyphy/ptII/ptolemy/actor/lib/test/auto/Expression14.xml
3 ms. Memory: 1370624K Free: 362422K (26%)
----------------- Invoking toplevel() on ptolemy.moml.MoMLSimpleApplication@75386a99
----------------- Done invoking toplevel() on ptolemy.moml.MoMLSimpleApplication@75386a99
reloadAllAccessors: .Expression14

===========================================================================================
----------------- testing Thu Dec 13 02:57:48 UTC 2018 /home/travis/build/icyphy/ptII/ptolemy/actor/lib/test/auto/Expression15.xml
----------------- Instantiating /home/travis/build/icyphy/ptII/ptolemy/actor/lib/test/auto/Expression15.xml
1 ms. Memory: 1370624K Free: 345765K (25%)
----------------- Invoking toplevel() on ptolemy.moml.MoMLSimpleApplication@3a26ec1
----------------- Done invoking toplevel() on ptolemy.moml.MoMLSimpleApplication@3a26ec1
reloadAllAccessors: .Expression15

===========================================================================================
----------------- testing Thu Dec 13 02:57:48 UTC 2018 /home/travis/build/icyphy/ptII/ptolemy/actor/lib/test/auto/Expression16.xml
----------------- Instantiating /home/travis/build/icyphy/ptII/ptolemy/actor/lib/test/auto/Expression16.xml
3 ms. Memory: 1370624K Free: 320283K (23%)
----------------- Invoking toplevel() on ptolemy.moml.MoMLSimpleApplication@661eaa36
----------------- Done invoking toplevel() on ptolemy.moml.MoMLSimpleApplication@661eaa36
reloadAllAccessors: .Expression16

===========================================================================================
----------------- testing Thu Dec 13 02:57:48 UTC 2018 /home/travis/build/icyphy/ptII/ptolemy/actor/lib/test/auto/Expression17.xml
----------------- Instantiating /home/travis/build/icyphy/ptII/ptolemy/actor/lib/test/auto/Expression17.xml
3 ms. Memory: 1370624K Free: 303626K (22%)
----------------- Invoking toplevel() on ptolemy.moml.MoMLSimpleApplication@9149ff6
----------------- Done invoking toplevel() on ptolemy.moml.MoMLSimpleApplication@9149ff6
reloadAllAccessors: .Expression17

===========================================================================================
----------------- testing Thu Dec 13 02:57:48 UTC 2018 /home/travis/build/icyphy/ptII/ptolemy/actor/lib/test/auto/Expression18.xml
----------------- Instantiating /home/travis/build/icyphy/ptII/ptolemy/actor/lib/test/auto/Expression18.xml
2 ms. Memory: 1370624K Free: 286969K (21%)
----------------- Invoking toplevel() on ptolemy.moml.MoMLSimpleApplication@3a12fdc9
----------------- Done invoking toplevel() on ptolemy.moml.MoMLSimpleApplication@3a12fdc9
reloadAllAccessors: .Expression18

===========================================================================================
----------------- testing Thu Dec 13 02:57:48 UTC 2018 /home/travis/build/icyphy/ptII/ptolemy/actor/lib/test/auto/Expression2.xml
----------------- Instantiating /home/travis/build/icyphy/ptII/ptolemy/actor/lib/test/auto/Expression2.xml
3 ms. Memory: 1370624K Free: 270312K (20%)
----------------- Invoking toplevel() on ptolemy.moml.MoMLSimpleApplication@5fc0324d
----------------- Done invoking toplevel() on ptolemy.moml.MoMLSimpleApplication@5fc0324d
reloadAllAccessors: .Expression2

===========================================================================================
----------------- testing Thu Dec 13 02:57:48 UTC 2018 /home/travis/build/icyphy/ptII/ptolemy/actor/lib/test/auto/Expression3.xml
----------------- Instantiating /home/travis/build/icyphy/ptII/ptolemy/actor/lib/test/auto/Expression3.xml
2 ms. Memory: 1370624K Free: 244830K (18%)
----------------- Invoking toplevel() on ptolemy.moml.MoMLSimpleApplication@7d1a7103
----------------- Done invoking toplevel() on ptolemy.moml.MoMLSimpleApplication@7d1a7103
reloadAllAccessors: .Expression3

===========================================================================================
----------------- testing Thu Dec 13 02:57:48 UTC 2018 /home/travis/build/icyphy/ptII/ptolemy/actor/lib/test/auto/Expression4.xml
----------------- Instantiating /home/travis/build/icyphy/ptII/ptolemy/actor/lib/test/auto/Expression4.xml
3 ms. Memory: 1370624K Free: 228173K (17%)
----------------- Invoking toplevel() on ptolemy.moml.MoMLSimpleApplication@4c4e7b07
----------------- Done invoking toplevel() on ptolemy.moml.MoMLSimpleApplication@4c4e7b07
reloadAllAccessors: .Expression4

===========================================================================================
----------------- testing Thu Dec 13 02:57:48 UTC 2018 /home/travis/build/icyphy/ptII/ptolemy/actor/lib/test/auto/Expression5.xml
----------------- Instantiating /home/travis/build/icyphy/ptII/ptolemy/actor/lib/test/auto/Expression5.xml
3 ms. Memory: 1370624K Free: 211516K (15%)
----------------- Invoking toplevel() on ptolemy.moml.MoMLSimpleApplication@7654f78
----------------- Done invoking toplevel() on ptolemy.moml.MoMLSimpleApplication@7654f78
reloadAllAccessors: .Expression5

===========================================================================================
----------------- testing Thu Dec 13 02:57:48 UTC 2018 /home/travis/build/icyphy/ptII/ptolemy/actor/lib/test/auto/Expression6.xml
----------------- Instantiating /home/travis/build/icyphy/ptII/ptolemy/actor/lib/test/auto/Expression6.xml
2 ms. Memory: 1370624K Free: 194859K (14%)
----------------- Invoking toplevel() on ptolemy.moml.MoMLSimpleApplication@254e867
----------------- Done invoking toplevel() on ptolemy.moml.MoMLSimpleApplication@254e867
reloadAllAccessors: .Expression6

===========================================================================================
----------------- testing Thu Dec 13 02:57:48 UTC 2018 /home/travis/build/icyphy/ptII/ptolemy/actor/lib/test/auto/Expression7.xml
----------------- Instantiating /home/travis/build/icyphy/ptII/ptolemy/actor/lib/test/auto/Expression7.xml
2 ms. Memory: 1370624K Free: 169377K (12%)
----------------- Invoking toplevel() on ptolemy.moml.MoMLSimpleApplication@1190c4a0
----------------- Done invoking toplevel() on ptolemy.moml.MoMLSimpleApplication@1190c4a0
reloadAllAccessors: .Expression7

===========================================================================================
----------------- testing Thu Dec 13 02:57:48 UTC 2018 /home/travis/build/icyphy/ptII/ptolemy/actor/lib/test/auto/Expression8.xml
----------------- Instantiating /home/travis/build/icyphy/ptII/ptolemy/actor/lib/test/auto/Expression8.xml
3 ms. Memory: 1370624K Free: 152719K (11%)
----------------- Invoking toplevel() on ptolemy.moml.MoMLSimpleApplication@50ffb42d
----------------- Done invoking toplevel() on ptolemy.moml.MoMLSimpleApplication@50ffb42d
reloadAllAccessors: .Expression8

===========================================================================================
----------------- testing Thu Dec 13 02:57:48 UTC 2018 /home/travis/build/icyphy/ptII/ptolemy/actor/lib/test/auto/Expression9.xml
----------------- Instantiating /home/travis/build/icyphy/ptII/ptolemy/actor/lib/test/auto/Expression9.xml
1 ms. Memory: 1370624K Free: 136062K (10%)
----------------- Invoking toplevel() on ptolemy.moml.MoMLSimpleApplication@a4b77d9
----------------- Done invoking toplevel() on ptolemy.moml.MoMLSimpleApplication@a4b77d9
reloadAllAccessors: .Expression9

===========================================================================================
----------------- testing Thu Dec 13 02:57:48 UTC 2018 /home/travis/build/icyphy/ptII/ptolemy/actor/lib/test/auto/ExpressionConcatenateArrayType.xml
----------------- Instantiating /home/travis/build/icyphy/ptII/ptolemy/actor/lib/test/auto/ExpressionConcatenateArrayType.xml
3 ms. Memory: 1370624K Free: 119405K (9%)
----------------- Invoking toplevel() on ptolemy.moml.MoMLSimpleApplication@1428ba6b
----------------- Done invoking toplevel() on ptolemy.moml.MoMLSimpleApplication@1428ba6b
reloadAllAccessors: .ExpressionConcatenateArrayType

===========================================================================================
----------------- testing Thu Dec 13 02:57:48 UTC 2018 /home/travis/build/icyphy/ptII/ptolemy/actor/lib/test/auto/ExpressionConcatenateArrayType2.xml
----------------- Instantiating /home/travis/build/icyphy/ptII/ptolemy/actor/lib/test/auto/ExpressionConcatenateArrayType2.xml
2 ms. Memory: 1370624K Free: 93923K (7%)
----------------- Invoking toplevel() on ptolemy.moml.MoMLSimpleApplication@7efdf976
----------------- Done invoking toplevel() on ptolemy.moml.MoMLSimpleApplication@7efdf976
reloadAllAccessors: .ExpressionConcatenateArrayType2

===========================================================================================
----------------- testing Thu Dec 13 02:57:48 UTC 2018 /home/travis/build/icyphy/ptII/ptolemy/actor/lib/test/auto/ExpressionFix.xml
----------------- Instantiating /home/travis/build/icyphy/ptII/ptolemy/actor/lib/test/auto/ExpressionFix.xml
8 ms. Memory: 1370624K Free: 82673K (6%)
----------------- Invoking toplevel() on ptolemy.moml.MoMLSimpleApplication@2721615e
----------------- Done invoking toplevel() on ptolemy.moml.MoMLSimpleApplication@2721615e
reloadAllAccessors: .ExpressionFix

===========================================================================================
----------------- testing Thu Dec 13 02:57:48 UTC 2018 /home/travis/build/icyphy/ptII/ptolemy/actor/lib/test/auto/ExpressionFix2.xml
----------------- Instantiating /home/travis/build/icyphy/ptII/ptolemy/actor/lib/test/auto/ExpressionFix2.xml
2 ms. Memory: 1370624K Free: 1316334K (96%)
----------------- Invoking toplevel() on ptolemy.moml.MoMLSimpleApplication@38c72e40
----------------- Done invoking toplevel() on ptolemy.moml.MoMLSimpleApplication@38c72e40
reloadAllAccessors: .ExpressionFix2

===========================================================================================
----------------- testing Thu Dec 13 02:57:48 UTC 2018 /home/travis/build/icyphy/ptII/ptolemy/actor/lib/test/auto/ExpressionFix3.xml
----------------- Instantiating /home/travis/build/icyphy/ptII/ptolemy/actor/lib/test/auto/ExpressionFix3.xml
2 ms. Memory: 1370624K Free: 1297416K (95%)
----------------- Invoking toplevel() on ptolemy.moml.MoMLSimpleApplication@33799dd8
----------------- Done invoking toplevel() on ptolemy.moml.MoMLSimpleApplication@33799dd8
reloadAllAccessors: .ExpressionFix3

===========================================================================================
----------------- testing Thu Dec 13 02:57:48 UTC 2018 /home/travis/build/icyphy/ptII/ptolemy/actor/lib/test/auto/FileWriter1.xml
----------------- Instantiating /home/travis/build/icyphy/ptII/ptolemy/actor/lib/test/auto/FileWriter1.xml
1 ms. Memory: 1370624K Free: 1284923K (94%)
----------------- Invoking toplevel() on ptolemy.moml.MoMLSimpleApplication@41edab1a
----------------- Done invoking toplevel() on ptolemy.moml.MoMLSimpleApplication@41edab1a
reloadAllAccessors: .FileWriter1

===========================================================================================
----------------- testing Thu Dec 13 02:57:48 UTC 2018 /home/travis/build/icyphy/ptII/ptolemy/actor/lib/test/auto/FileWriter2.xml
----------------- Instantiating /home/travis/build/icyphy/ptII/ptolemy/actor/lib/test/auto/FileWriter2.xml
2 ms. Memory: 1370624K Free: 1266076K (92%)
----------------- Invoking toplevel() on ptolemy.moml.MoMLSimpleApplication@6cb4fe3d
----------------- Done invoking toplevel() on ptolemy.moml.MoMLSimpleApplication@6cb4fe3d
reloadAllAccessors: .FileWriter2

===========================================================================================
----------------- testing Thu Dec 13 02:57:48 UTC 2018 /home/travis/build/icyphy/ptII/ptolemy/actor/lib/test/auto/FileWriter3.xml
----------------- Instantiating /home/travis/build/icyphy/ptII/ptolemy/actor/lib/test/auto/FileWriter3.xml
2 ms. Memory: 1370624K Free: 1253583K (91%)
----------------- Invoking toplevel() on ptolemy.moml.MoMLSimpleApplication@1117666f
----------------- Done invoking toplevel() on ptolemy.moml.MoMLSimpleApplication@1117666f
reloadAllAccessors: .FileWriter3

===========================================================================================
----------------- testing Thu Dec 13 02:57:48 UTC 2018 /home/travis/build/icyphy/ptII/ptolemy/actor/lib/test/auto/Gaussian.xml
----------------- Instantiating /home/travis/build/icyphy/ptII/ptolemy/actor/lib/test/auto/Gaussian.xml
1 ms. Memory: 1370624K Free: 1241090K (91%)
----------------- Invoking toplevel() on ptolemy.moml.MoMLSimpleApplication@2581d1ce
----------------- Done invoking toplevel() on ptolemy.moml.MoMLSimpleApplication@2581d1ce
reloadAllAccessors: .Gaussian

===========================================================================================
----------------- testing Thu Dec 13 02:57:48 UTC 2018 /home/travis/build/icyphy/ptII/ptolemy/actor/lib/test/auto/Gaussian1.xml
----------------- Instantiating /home/travis/build/icyphy/ptII/ptolemy/actor/lib/test/auto/Gaussian1.xml
1 ms. Memory: 1370624K Free: 1222244K (89%)
----------------- Invoking toplevel() on ptolemy.moml.MoMLSimpleApplication@5718192d
----------------- Done invoking toplevel() on ptolemy.moml.MoMLSimpleApplication@5718192d
reloadAllAccessors: .Gaussian1

===========================================================================================
----------------- testing Thu Dec 13 02:57:48 UTC 2018 /home/travis/build/icyphy/ptII/ptolemy/actor/lib/test/auto/Gaussian2.xml
----------------- Instantiating /home/travis/build/icyphy/ptII/ptolemy/actor/lib/test/auto/Gaussian2.xml
1 ms. Memory: 1370624K Free: 1209751K (88%)
----------------- Invoking toplevel() on ptolemy.moml.MoMLSimpleApplication@41ae953
----------------- Done invoking toplevel() on ptolemy.moml.MoMLSimpleApplication@41ae953
reloadAllAccessors: .Gaussian2

===========================================================================================
----------------- testing Thu Dec 13 02:57:48 UTC 2018 /home/travis/build/icyphy/ptII/ptolemy/actor/lib/test/auto/GradientAdaptiveLattice.xml
----------------- Instantiating /home/travis/build/icyphy/ptII/ptolemy/actor/lib/test/auto/GradientAdaptiveLattice.xml
4 ms. Memory: 1370624K Free: 1197258K (87%)
----------------- Invoking toplevel() on ptolemy.moml.MoMLSimpleApplication@724710f8
----------------- Done invoking toplevel() on ptolemy.moml.MoMLSimpleApplication@724710f8
reloadAllAccessors: .GradientAdaptiveLattice

===========================================================================================
----------------- testing Thu Dec 13 02:57:48 UTC 2018 /home/travis/build/icyphy/ptII/ptolemy/actor/lib/test/auto/IIR.xml
----------------- Instantiating /home/travis/build/icyphy/ptII/ptolemy/actor/lib/test/auto/IIR.xml
1 ms. Memory: 1370624K Free: 1178411K (86%)
----------------- Invoking toplevel() on ptolemy.moml.MoMLSimpleApplication@781bea0e
----------------- Done invoking toplevel() on ptolemy.moml.MoMLSimpleApplication@781bea0e
reloadAllAccessors: .IIR

===========================================================================================
----------------- testing Thu Dec 13 02:57:48 UTC 2018 /home/travis/build/icyphy/ptII/ptolemy/actor/lib/test/auto/InputOutputTransparentPorts.xml
----------------- Instantiating /home/travis/build/icyphy/ptII/ptolemy/actor/lib/test/auto/InputOutputTransparentPorts.xml
1 ms. Memory: 1370624K Free: 1165918K (85%)
----------------- Invoking toplevel() on ptolemy.moml.MoMLSimpleApplication@5ebfe71
----------------- Done invoking toplevel() on ptolemy.moml.MoMLSimpleApplication@5ebfe71
reloadAllAccessors: .InputOutputTransparentPorts

===========================================================================================
----------------- testing Thu Dec 13 02:57:48 UTC 2018 /home/travis/build/icyphy/ptII/ptolemy/actor/lib/test/auto/Interpolator.xml
----------------- Instantiating /home/travis/build/icyphy/ptII/ptolemy/actor/lib/test/auto/Interpolator.xml
2 ms. Memory: 1370624K Free: 1153426K (84%)
----------------- Invoking toplevel() on ptolemy.moml.MoMLSimpleApplication@6169949
----------------- Done invoking toplevel() on ptolemy.moml.MoMLSimpleApplication@6169949
reloadAllAccessors: .Interpolator

===========================================================================================
----------------- testing Thu Dec 13 02:57:48 UTC 2018 /home/travis/build/icyphy/ptII/ptolemy/actor/lib/test/auto/InterpolatorFiringLimitDE.xml
----------------- Instantiating /home/travis/build/icyphy/ptII/ptolemy/actor/lib/test/auto/InterpolatorFiringLimitDE.xml
2 ms. Memory: 1370624K Free: 1134579K (83%)
----------------- Invoking toplevel() on ptolemy.moml.MoMLSimpleApplication@1f2f0268
----------------- Done invoking toplevel() on ptolemy.moml.MoMLSimpleApplication@1f2f0268
reloadAllAccessors: .InterpolatorFiringLimitDE

===========================================================================================
----------------- testing Thu Dec 13 02:57:48 UTC 2018 /home/travis/build/icyphy/ptII/ptolemy/actor/lib/test/auto/Lattice.xml
----------------- Instantiating /home/travis/build/icyphy/ptII/ptolemy/actor/lib/test/auto/Lattice.xml
1 ms. Memory: 1370624K Free: 1122086K (82%)
----------------- Invoking toplevel() on ptolemy.moml.MoMLSimpleApplication@2496da45
----------------- Done invoking toplevel() on ptolemy.moml.MoMLSimpleApplication@2496da45
reloadAllAccessors: .Lattice

===========================================================================================
----------------- testing Thu Dec 13 02:57:48 UTC 2018 /home/travis/build/icyphy/ptII/ptolemy/actor/lib/test/auto/LazyAOCTestLazy.xml
----------------- Instantiating /home/travis/build/icyphy/ptII/ptolemy/actor/lib/test/auto/LazyAOCTestLazy.xml
6 ms. Memory: 1370624K Free: 1103239K (80%)
----------------- Invoking toplevel() on ptolemy.moml.MoMLSimpleApplication@52d4be86
----------------- Done invoking toplevel() on ptolemy.moml.MoMLSimpleApplication@52d4be86
reloadAllAccessors: .LazyAOCTestLazy

===========================================================================================
----------------- testing Thu Dec 13 02:57:48 UTC 2018 /home/travis/build/icyphy/ptII/ptolemy/actor/lib/test/auto/LazyAOCTestNonLazy.xml
----------------- Instantiating /home/travis/build/icyphy/ptII/ptolemy/actor/lib/test/auto/LazyAOCTestNonLazy.xml
2 ms. Memory: 1370624K Free: 1090746K (80%)
----------------- Invoking toplevel() on ptolemy.moml.MoMLSimpleApplication@31bee854
----------------- Done invoking toplevel() on ptolemy.moml.MoMLSimpleApplication@31bee854
reloadAllAccessors: .LazyAOCTestNonLazy

===========================================================================================
----------------- testing Thu Dec 13 02:57:48 UTC 2018 /home/travis/build/icyphy/ptII/ptolemy/actor/lib/test/auto/LazyInnerClass.xml
----------------- Instantiating /home/travis/build/icyphy/ptII/ptolemy/actor/lib/test/auto/LazyInnerClass.xml
10 ms. Memory: 1370624K Free: 1078253K (79%)
----------------- Invoking toplevel() on ptolemy.moml.MoMLSimpleApplication@2fa5864b
----------------- Done invoking toplevel() on ptolemy.moml.MoMLSimpleApplication@2fa5864b
reloadAllAccessors: .LazyInnerClass

===========================================================================================
----------------- testing Thu Dec 13 02:57:48 UTC 2018 /home/travis/build/icyphy/ptII/ptolemy/actor/lib/test/auto/LazyPubSub.xml
----------------- Instantiating /home/travis/build/icyphy/ptII/ptolemy/actor/lib/test/auto/LazyPubSub.xml
27 ms. Memory: 1370624K Free: 1059407K (77%)
----------------- Invoking toplevel() on ptolemy.moml.MoMLSimpleApplication@467485e3
----------------- Done invoking toplevel() on ptolemy.moml.MoMLSimpleApplication@467485e3
reloadAllAccessors: .LazyPubSub

===========================================================================================
----------------- testing Thu Dec 13 02:57:48 UTC 2018 /home/travis/build/icyphy/ptII/ptolemy/actor/lib/test/auto/LazyPubSub2.xml
----------------- Instantiating /home/travis/build/icyphy/ptII/ptolemy/actor/lib/test/auto/LazyPubSub2.xml
18 ms. Memory: 1370624K Free: 1046914K (76%)
----------------- Invoking toplevel() on ptolemy.moml.MoMLSimpleApplication@48ded9da
----------------- Done invoking toplevel() on ptolemy.moml.MoMLSimpleApplication@48ded9da
reloadAllAccessors: .LazyPubSub2

===========================================================================================
----------------- testing Thu Dec 13 02:57:48 UTC 2018 /home/travis/build/icyphy/ptII/ptolemy/actor/lib/test/auto/LazyPubSub3.xml
----------------- Instantiating /home/travis/build/icyphy/ptII/ptolemy/actor/lib/test/auto/LazyPubSub3.xml
20 ms. Memory: 1370624K Free: 1034421K (75%)
----------------- Invoking toplevel() on ptolemy.moml.MoMLSimpleApplication@6f7631ab
----------------- Done invoking toplevel() on ptolemy.moml.MoMLSimpleApplication@6f7631ab
reloadAllAccessors: .LazyPubSub3

===========================================================================================
----------------- testing Thu Dec 13 02:57:48 UTC 2018 /home/travis/build/icyphy/ptII/ptolemy/actor/lib/test/auto/LazySubClassModel.xml
----------------- Instantiating /home/travis/build/icyphy/ptII/ptolemy/actor/lib/test/auto/LazySubClassModel.xml
2 ms. Memory: 1370624K Free: 1009328K (74%)
----------------- Invoking toplevel() on ptolemy.moml.MoMLSimpleApplication@4814b2f9
----------------- Done invoking toplevel() on ptolemy.moml.MoMLSimpleApplication@4814b2f9
reloadAllAccessors: .LazySubClassModel

===========================================================================================
----------------- testing Thu Dec 13 02:57:49 UTC 2018 /home/travis/build/icyphy/ptII/ptolemy/actor/lib/test/auto/LevelCrossTest1.xml
----------------- Instantiating /home/travis/build/icyphy/ptII/ptolemy/actor/lib/test/auto/LevelCrossTest1.xml
1 ms. Memory: 1370624K Free: 996835K (73%)
----------------- Invoking toplevel() on ptolemy.moml.MoMLSimpleApplication@4d5323be
----------------- Done invoking toplevel() on ptolemy.moml.MoMLSimpleApplication@4d5323be
reloadAllAccessors: .broken

===========================================================================================
----------------- testing Thu Dec 13 02:57:49 UTC 2018 /home/travis/build/icyphy/ptII/ptolemy/actor/lib/test/auto/LevelCrossTest10.xml
----------------- Instantiating /home/travis/build/icyphy/ptII/ptolemy/actor/lib/test/auto/LevelCrossTest10.xml
1 ms. Memory: 1370624K Free: 984342K (72%)
----------------- Invoking toplevel() on ptolemy.moml.MoMLSimpleApplication@fa3b100
----------------- Done invoking toplevel() on ptolemy.moml.MoMLSimpleApplication@fa3b100
reloadAllAccessors: .LevelCrossTest10

===========================================================================================
----------------- testing Thu Dec 13 02:57:49 UTC 2018 /home/travis/build/icyphy/ptII/ptolemy/actor/lib/test/auto/LevelCrossTest11.xml
----------------- Instantiating /home/travis/build/icyphy/ptII/ptolemy/actor/lib/test/auto/LevelCrossTest11.xml
1 ms. Memory: 1370624K Free: 965495K (70%)
----------------- Invoking toplevel() on ptolemy.moml.MoMLSimpleApplication@31e14ad4
----------------- Done invoking toplevel() on ptolemy.moml.MoMLSimpleApplication@31e14ad4
reloadAllAccessors: .LevelCrossTest11

===========================================================================================
----------------- testing Thu Dec 13 02:57:49 UTC 2018 /home/travis/build/icyphy/ptII/ptolemy/actor/lib/test/auto/LevelCrossTest12.xml
----------------- Instantiating /home/travis/build/icyphy/ptII/ptolemy/actor/lib/test/auto/LevelCrossTest12.xml
1 ms. Memory: 1370624K Free: 953002K (70%)
----------------- Invoking toplevel() on ptolemy.moml.MoMLSimpleApplication@55365213
----------------- Done invoking toplevel() on ptolemy.moml.MoMLSimpleApplication@55365213
reloadAllAccessors: .LevelCrossTest12

===========================================================================================
----------------- testing Thu Dec 13 02:57:49 UTC 2018 /home/travis/build/icyphy/ptII/ptolemy/actor/lib/test/auto/LevelCrossTest13.xml
----------------- Instantiating /home/travis/build/icyphy/ptII/ptolemy/actor/lib/test/auto/LevelCrossTest13.xml
1 ms. Memory: 1370624K Free: 934155K (68%)
----------------- Invoking toplevel() on ptolemy.moml.MoMLSimpleApplication@4b3b7472
----------------- Done invoking toplevel() on ptolemy.moml.MoMLSimpleApplication@4b3b7472
reloadAllAccessors: .LevelCrossTest13

===========================================================================================
----------------- testing Thu Dec 13 02:57:49 UTC 2018 /home/travis/build/icyphy/ptII/ptolemy/actor/lib/test/auto/LevelCrossTest2.xml
----------------- Instantiating /home/travis/build/icyphy/ptII/ptolemy/actor/lib/test/auto/LevelCrossTest2.xml
1 ms. Memory: 1370624K Free: 921663K (67%)
----------------- Invoking toplevel() on ptolemy.moml.MoMLSimpleApplication@143d5ecf
----------------- Done invoking toplevel() on ptolemy.moml.MoMLSimpleApplication@143d5ecf
reloadAllAccessors: .broken

===========================================================================================
----------------- testing Thu Dec 13 02:57:49 UTC 2018 /home/travis/build/icyphy/ptII/ptolemy/actor/lib/test/auto/LevelCrossTest3.xml
----------------- Instantiating /home/travis/build/icyphy/ptII/ptolemy/actor/lib/test/auto/LevelCrossTest3.xml
0 ms. Memory: 1370624K Free: 909170K (66%)
----------------- Invoking toplevel() on ptolemy.moml.MoMLSimpleApplication@4ba12111
----------------- Done invoking toplevel() on ptolemy.moml.MoMLSimpleApplication@4ba12111
reloadAllAccessors: .LevelCrossTest3

===========================================================================================
----------------- testing Thu Dec 13 02:57:49 UTC 2018 /home/travis/build/icyphy/ptII/ptolemy/actor/lib/test/auto/LevelCrossTest4.xml
----------------- Instantiating /home/travis/build/icyphy/ptII/ptolemy/actor/lib/test/auto/LevelCrossTest4.xml
1 ms. Memory: 1370624K Free: 890323K (65%)
----------------- Invoking toplevel() on ptolemy.moml.MoMLSimpleApplication@6a3d26b6
----------------- Done invoking toplevel() on ptolemy.moml.MoMLSimpleApplication@6a3d26b6
reloadAllAccessors: .broken

===========================================================================================
----------------- testing Thu Dec 13 02:57:49 UTC 2018 /home/travis/build/icyphy/ptII/ptolemy/actor/lib/test/auto/LevelCrossTest5.xml
----------------- Instantiating /home/travis/build/icyphy/ptII/ptolemy/actor/lib/test/auto/LevelCrossTest5.xml
1 ms. Memory: 1370624K Free: 877830K (64%)
----------------- Invoking toplevel() on ptolemy.moml.MoMLSimpleApplication@555016b
----------------- Done invoking toplevel() on ptolemy.moml.MoMLSimpleApplication@555016b
reloadAllAccessors: .LevelCrossTest5

===========================================================================================
----------------- testing Thu Dec 13 02:57:49 UTC 2018 /home/travis/build/icyphy/ptII/ptolemy/actor/lib/test/auto/LevelCrossTest6.xml
----------------- Instantiating /home/travis/build/icyphy/ptII/ptolemy/actor/lib/test/auto/LevelCrossTest6.xml
1 ms. Memory: 1370624K Free: 865338K (63%)
----------------- Invoking toplevel() on ptolemy.moml.MoMLSimpleApplication@5060c5d
----------------- Done invoking toplevel() on ptolemy.moml.MoMLSimpleApplication@5060c5d
reloadAllAccessors: .LevelCrossTest6

===========================================================================================
----------------- testing Thu Dec 13 02:57:49 UTC 2018 /home/travis/build/icyphy/ptII/ptolemy/actor/lib/test/auto/LevelCrossTest7.xml
----------------- Instantiating /home/travis/build/icyphy/ptII/ptolemy/actor/lib/test/auto/LevelCrossTest7.xml
4 ms. Memory: 1370624K Free: 846491K (62%)
----------------- Invoking toplevel() on ptolemy.moml.MoMLSimpleApplication@34a773d2
----------------- Done invoking toplevel() on ptolemy.moml.MoMLSimpleApplication@34a773d2
reloadAllAccessors: .LevelCrossTest7

===========================================================================================
----------------- testing Thu Dec 13 02:57:49 UTC 2018 /home/travis/build/icyphy/ptII/ptolemy/actor/lib/test/auto/LevelCrossTest8.xml
----------------- Instantiating /home/travis/build/icyphy/ptII/ptolemy/actor/lib/test/auto/LevelCrossTest8.xml
1 ms. Memory: 1370624K Free: 833998K (61%)
----------------- Invoking toplevel() on ptolemy.moml.MoMLSimpleApplication@64a9cf1
----------------- Done invoking toplevel() on ptolemy.moml.MoMLSimpleApplication@64a9cf1
reloadAllAccessors: .LevelCrossTest8

===========================================================================================
----------------- testing Thu Dec 13 02:57:49 UTC 2018 /home/travis/build/icyphy/ptII/ptolemy/actor/lib/test/auto/LevelCrossTest9.xml
----------------- Instantiating /home/travis/build/icyphy/ptII/ptolemy/actor/lib/test/auto/LevelCrossTest9.xml
1 ms. Memory: 1370624K Free: 821505K (60%)
----------------- Invoking toplevel() on ptolemy.moml.MoMLSimpleApplication@180ef28d
----------------- Done invoking toplevel() on ptolemy.moml.MoMLSimpleApplication@180ef28d
reloadAllAccessors: .LevelCrossTest9

===========================================================================================
----------------- testing Thu Dec 13 02:57:49 UTC 2018 /home/travis/build/icyphy/ptII/ptolemy/actor/lib/test/auto/LevinsonDurbin.xml
----------------- Instantiating /home/travis/build/icyphy/ptII/ptolemy/actor/lib/test/auto/LevinsonDurbin.xml
1 ms. Memory: 1370624K Free: 802658K (59%)
----------------- Invoking toplevel() on ptolemy.moml.MoMLSimpleApplication@6648f3e8
----------------- Done invoking toplevel() on ptolemy.moml.MoMLSimpleApplication@6648f3e8
reloadAllAccessors: .LevinsonDurbin

===========================================================================================
----------------- testing Thu Dec 13 02:57:49 UTC 2018 /home/travis/build/icyphy/ptII/ptolemy/actor/lib/test/auto/LevinsonDurbin2.xml
----------------- Instantiating /home/travis/build/icyphy/ptII/ptolemy/actor/lib/test/auto/LevinsonDurbin2.xml
1 ms. Memory: 1370624K Free: 790166K (58%)
----------------- Invoking toplevel() on ptolemy.moml.MoMLSimpleApplication@5055508
----------------- Done invoking toplevel() on ptolemy.moml.MoMLSimpleApplication@5055508
reloadAllAccessors: .LevinsonDurbin2

===========================================================================================
----------------- testing Thu Dec 13 02:57:49 UTC 2018 /home/travis/build/icyphy/ptII/ptolemy/actor/lib/test/auto/LevinsonDurbin3.xml
----------------- Instantiating /home/travis/build/icyphy/ptII/ptolemy/actor/lib/test/auto/LevinsonDurbin3.xml
3 ms. Memory: 1370624K Free: 771319K (56%)
----------------- Invoking toplevel() on ptolemy.moml.MoMLSimpleApplication@1cba37b1
----------------- Done invoking toplevel() on ptolemy.moml.MoMLSimpleApplication@1cba37b1
reloadAllAccessors: .LevinsonDurbin3

===========================================================================================
----------------- testing Thu Dec 13 02:57:49 UTC 2018 /home/travis/build/icyphy/ptII/ptolemy/actor/lib/test/auto/Limiter.xml
----------------- Instantiating /home/travis/build/icyphy/ptII/ptolemy/actor/lib/test/auto/Limiter.xml
4 ms. Memory: 1370624K Free: 752580K (55%)
----------------- Invoking toplevel() on ptolemy.moml.MoMLSimpleApplication@59cc5da1
----------------- Done invoking toplevel() on ptolemy.moml.MoMLSimpleApplication@59cc5da1
reloadAllAccessors: .Limiter

===========================================================================================
----------------- testing Thu Dec 13 02:57:49 UTC 2018 /home/travis/build/icyphy/ptII/ptolemy/actor/lib/test/auto/LinearDifferenceEquationSystem.xml
----------------- Instantiating /home/travis/build/icyphy/ptII/ptolemy/actor/lib/test/auto/LinearDifferenceEquationSystem.xml
6 ms. Memory: 1370624K Free: 740087K (54%)
----------------- Invoking toplevel() on ptolemy.moml.MoMLSimpleApplication@179e59a1
----------------- Done invoking toplevel() on ptolemy.moml.MoMLSimpleApplication@179e59a1
reloadAllAccessors: .LinearDifferenceEquationSystem

===========================================================================================
----------------- testing Thu Dec 13 02:57:49 UTC 2018 /home/travis/build/icyphy/ptII/ptolemy/actor/lib/test/auto/LookupTable.xml
----------------- Instantiating /home/travis/build/icyphy/ptII/ptolemy/actor/lib/test/auto/LookupTable.xml
6 ms. Memory: 1370624K Free: 721240K (53%)
----------------- Invoking toplevel() on ptolemy.moml.MoMLSimpleApplication@13776759
----------------- Done invoking toplevel() on ptolemy.moml.MoMLSimpleApplication@13776759
reloadAllAccessors: .LookupTable

===========================================================================================
----------------- testing Thu Dec 13 02:57:49 UTC 2018 /home/travis/build/icyphy/ptII/ptolemy/actor/lib/test/auto/MathFunction.xml
----------------- Instantiating /home/travis/build/icyphy/ptII/ptolemy/actor/lib/test/auto/MathFunction.xml
2 ms. Memory: 1370624K Free: 708747K (52%)
----------------- Invoking toplevel() on ptolemy.moml.MoMLSimpleApplication@4980bcc3
----------------- Done invoking toplevel() on ptolemy.moml.MoMLSimpleApplication@4980bcc3
reloadAllAccessors: .MathFunction

===========================================================================================
----------------- testing Thu Dec 13 02:57:49 UTC 2018 /home/travis/build/icyphy/ptII/ptolemy/actor/lib/test/auto/MathFunction2.xml
----------------- Instantiating /home/travis/build/icyphy/ptII/ptolemy/actor/lib/test/auto/MathFunction2.xml
1 ms. Memory: 1370624K Free: 696254K (51%)
----------------- Invoking toplevel() on ptolemy.moml.MoMLSimpleApplication@5cd94875
----------------- Done invoking toplevel() on ptolemy.moml.MoMLSimpleApplication@5cd94875
reloadAllAccessors: .MathFunction2

===========================================================================================
----------------- testing Thu Dec 13 02:57:49 UTC 2018 /home/travis/build/icyphy/ptII/ptolemy/actor/lib/test/auto/MathFunction3.xml
----------------- Instantiating /home/travis/build/icyphy/ptII/ptolemy/actor/lib/test/auto/MathFunction3.xml
2 ms. Memory: 1370624K Free: 677407K (49%)
----------------- Invoking toplevel() on ptolemy.moml.MoMLSimpleApplication@2d8b0bb4
----------------- Done invoking toplevel() on ptolemy.moml.MoMLSimpleApplication@2d8b0bb4
reloadAllAccessors: .MathFunction3

===========================================================================================
----------------- testing Thu Dec 13 02:57:49 UTC 2018 /home/travis/build/icyphy/ptII/ptolemy/actor/lib/test/auto/MatrixCropBoolean.xml
----------------- Instantiating /home/travis/build/icyphy/ptII/ptolemy/actor/lib/test/auto/MatrixCropBoolean.xml
1 ms. Memory: 1370624K Free: 664915K (49%)
----------------- Invoking toplevel() on ptolemy.moml.MoMLSimpleApplication@10a354ef
----------------- Done invoking toplevel() on ptolemy.moml.MoMLSimpleApplication@10a354ef
reloadAllAccessors: .MatrixCropBoolean

===========================================================================================
----------------- testing Thu Dec 13 02:57:49 UTC 2018 /home/travis/build/icyphy/ptII/ptolemy/actor/lib/test/auto/MatrixCropComplex.xml
----------------- Instantiating /home/travis/build/icyphy/ptII/ptolemy/actor/lib/test/auto/MatrixCropComplex.xml
1 ms. Memory: 1370624K Free: 652422K (48%)
----------------- Invoking toplevel() on ptolemy.moml.MoMLSimpleApplication@18a683fc
----------------- Done invoking toplevel() on ptolemy.moml.MoMLSimpleApplication@18a683fc
reloadAllAccessors: .MatrixCropComplex

===========================================================================================
----------------- testing Thu Dec 13 02:57:49 UTC 2018 /home/travis/build/icyphy/ptII/ptolemy/actor/lib/test/auto/MatrixCropDouble.xml
----------------- Instantiating /home/travis/build/icyphy/ptII/ptolemy/actor/lib/test/auto/MatrixCropDouble.xml
2 ms. Memory: 1370624K Free: 633575K (46%)
----------------- Invoking toplevel() on ptolemy.moml.MoMLSimpleApplication@612c774f
----------------- Done invoking toplevel() on ptolemy.moml.MoMLSimpleApplication@612c774f
reloadAllAccessors: .MatrixCropDouble

===========================================================================================
----------------- testing Thu Dec 13 02:57:49 UTC 2018 /home/travis/build/icyphy/ptII/ptolemy/actor/lib/test/auto/MatrixCropFix.xml
----------------- Instantiating /home/travis/build/icyphy/ptII/ptolemy/actor/lib/test/auto/MatrixCropFix.xml
2 ms. Memory: 1370624K Free: 621082K (45%)
----------------- Invoking toplevel() on ptolemy.moml.MoMLSimpleApplication@13a2b697
----------------- Done invoking toplevel() on ptolemy.moml.MoMLSimpleApplication@13a2b697
reloadAllAccessors: .MatrixCropFix

===========================================================================================
----------------- testing Thu Dec 13 02:57:49 UTC 2018 /home/travis/build/icyphy/ptII/ptolemy/actor/lib/test/auto/MatrixCropInt.xml
----------------- Instantiating /home/travis/build/icyphy/ptII/ptolemy/actor/lib/test/auto/MatrixCropInt.xml
2 ms. Memory: 1370624K Free: 602235K (44%)
----------------- Invoking toplevel() on ptolemy.moml.MoMLSimpleApplication@1df241b3
----------------- Done invoking toplevel() on ptolemy.moml.MoMLSimpleApplication@1df241b3
reloadAllAccessors: .MatrixCropInt

===========================================================================================
----------------- testing Thu Dec 13 02:57:49 UTC 2018 /home/travis/build/icyphy/ptII/ptolemy/actor/lib/test/auto/MatrixCropLong.xml
----------------- Instantiating /home/travis/build/icyphy/ptII/ptolemy/actor/lib/test/auto/MatrixCropLong.xml
1 ms. Memory: 1370624K Free: 589743K (43%)
----------------- Invoking toplevel() on ptolemy.moml.MoMLSimpleApplication@3eec8c6f
----------------- Done invoking toplevel() on ptolemy.moml.MoMLSimpleApplication@3eec8c6f
reloadAllAccessors: .MatrixCropLong

===========================================================================================
----------------- testing Thu Dec 13 02:57:49 UTC 2018 /home/travis/build/icyphy/ptII/ptolemy/actor/lib/test/auto/MatrixToArray.xml
----------------- Instantiating /home/travis/build/icyphy/ptII/ptolemy/actor/lib/test/auto/MatrixToArray.xml
5 ms. Memory: 1370624K Free: 564741K (41%)
----------------- Invoking toplevel() on ptolemy.moml.MoMLSimpleApplication@5f1fda3a
----------------- Done invoking toplevel() on ptolemy.moml.MoMLSimpleApplication@5f1fda3a
reloadAllAccessors: .MatrixToArray

===========================================================================================
----------------- testing Thu Dec 13 02:57:49 UTC 2018 /home/travis/build/icyphy/ptII/ptolemy/actor/lib/test/auto/MaxIndex.xml
----------------- Instantiating /home/travis/build/icyphy/ptII/ptolemy/actor/lib/test/auto/MaxIndex.xml
2 ms. Memory: 1370624K Free: 545894K (40%)
----------------- Invoking toplevel() on ptolemy.moml.MoMLSimpleApplication@65836264
----------------- Done invoking toplevel() on ptolemy.moml.MoMLSimpleApplication@65836264
reloadAllAccessors: .MaxIndex

===========================================================================================
----------------- testing Thu Dec 13 02:57:49 UTC 2018 /home/travis/build/icyphy/ptII/ptolemy/actor/lib/test/auto/Maximum.xml
----------------- Instantiating /home/travis/build/icyphy/ptII/ptolemy/actor/lib/test/auto/Maximum.xml
2 ms. Memory: 1370624K Free: 533402K (39%)
----------------- Invoking toplevel() on ptolemy.moml.MoMLSimpleApplication@66b4a01e
----------------- Done invoking toplevel() on ptolemy.moml.MoMLSimpleApplication@66b4a01e
reloadAllAccessors: .Maximum

===========================================================================================
----------------- testing Thu Dec 13 02:57:49 UTC 2018 /home/travis/build/icyphy/ptII/ptolemy/actor/lib/test/auto/MaximumComplex.xml
----------------- Instantiating /home/travis/build/icyphy/ptII/ptolemy/actor/lib/test/auto/MaximumComplex.xml
2 ms. Memory: 1370624K Free: 520909K (38%)
----------------- Invoking toplevel() on ptolemy.moml.MoMLSimpleApplication@62ff4e11
----------------- Done invoking toplevel() on ptolemy.moml.MoMLSimpleApplication@62ff4e11
reloadAllAccessors: .MaximumComplex

===========================================================================================
----------------- testing Thu Dec 13 02:57:49 UTC 2018 /home/travis/build/icyphy/ptII/ptolemy/actor/lib/test/auto/MethodCallTest.xml
----------------- Instantiating /home/travis/build/icyphy/ptII/ptolemy/actor/lib/test/auto/MethodCallTest.xml
2 ms. Memory: 1370624K Free: 502062K (37%)
----------------- Invoking toplevel() on ptolemy.moml.MoMLSimpleApplication@257ac0bb
----------------- Done invoking toplevel() on ptolemy.moml.MoMLSimpleApplication@257ac0bb
reloadAllAccessors: .MethodCallTest

===========================================================================================
----------------- testing Thu Dec 13 02:57:49 UTC 2018 /home/travis/build/icyphy/ptII/ptolemy/actor/lib/test/auto/Minimum.xml
----------------- Instantiating /home/travis/build/icyphy/ptII/ptolemy/actor/lib/test/auto/Minimum.xml
2 ms. Memory: 1370624K Free: 489569K (36%)
----------------- Invoking toplevel() on ptolemy.moml.MoMLSimpleApplication@421e4947
----------------- Done invoking toplevel() on ptolemy.moml.MoMLSimpleApplication@421e4947
reloadAllAccessors: .Minimum

===========================================================================================
----------------- testing Thu Dec 13 02:57:49 UTC 2018 /home/travis/build/icyphy/ptII/ptolemy/actor/lib/test/auto/MinimumComplex.xml
----------------- Instantiating /home/travis/build/icyphy/ptII/ptolemy/actor/lib/test/auto/MinimumComplex.xml
3 ms. Memory: 1370624K Free: 477076K (35%)
----------------- Invoking toplevel() on ptolemy.moml.MoMLSimpleApplication@6f9eb425
----------------- Done invoking toplevel() on ptolemy.moml.MoMLSimpleApplication@6f9eb425
reloadAllAccessors: .MinimumComplex

===========================================================================================
----------------- testing Thu Dec 13 02:57:49 UTC 2018 /home/travis/build/icyphy/ptII/ptolemy/actor/lib/test/auto/MinimumMultiports.xml
----------------- Instantiating /home/travis/build/icyphy/ptII/ptolemy/actor/lib/test/auto/MinimumMultiports.xml
3 ms. Memory: 1370624K Free: 458230K (33%)
----------------- Invoking toplevel() on ptolemy.moml.MoMLSimpleApplication@2d5ccb80
----------------- Done invoking toplevel() on ptolemy.moml.MoMLSimpleApplication@2d5ccb80
reloadAllAccessors: .MinimumMultiports

===========================================================================================
----------------- testing Thu Dec 13 02:57:49 UTC 2018 /home/travis/build/icyphy/ptII/ptolemy/actor/lib/test/auto/ModifyDate.xml
----------------- Instantiating /home/travis/build/icyphy/ptII/ptolemy/actor/lib/test/auto/ModifyDate.xml
4 ms. Memory: 1370624K Free: 439482K (32%)
----------------- Invoking toplevel() on ptolemy.moml.MoMLSimpleApplication@3dc9485f
----------------- Done invoking toplevel() on ptolemy.moml.MoMLSimpleApplication@3dc9485f
reloadAllAccessors: .ModifyDate

===========================================================================================
----------------- testing Thu Dec 13 02:57:49 UTC 2018 /home/travis/build/icyphy/ptII/ptolemy/actor/lib/test/auto/ModifyDate2.xml
----------------- Instantiating /home/travis/build/icyphy/ptII/ptolemy/actor/lib/test/auto/ModifyDate2.xml
2 ms. Memory: 1370624K Free: 414389K (30%)
----------------- Invoking toplevel() on ptolemy.moml.MoMLSimpleApplication@5dd0ca59
----------------- Done invoking toplevel() on ptolemy.moml.MoMLSimpleApplication@5dd0ca59
reloadAllAccessors: .ModifyDate2

===========================================================================================
----------------- testing Thu Dec 13 02:57:49 UTC 2018 /home/travis/build/icyphy/ptII/ptolemy/actor/lib/test/auto/MovingAverage.xml
----------------- Instantiating /home/travis/build/icyphy/ptII/ptolemy/actor/lib/test/auto/MovingAverage.xml
2 ms. Memory: 1370624K Free: 401896K (29%)
----------------- Invoking toplevel() on ptolemy.moml.MoMLSimpleApplication@1dfceec5
----------------- Done invoking toplevel() on ptolemy.moml.MoMLSimpleApplication@1dfceec5
reloadAllAccessors: .MovingAverage

===========================================================================================
----------------- testing Thu Dec 13 02:57:49 UTC 2018 /home/travis/build/icyphy/ptII/ptolemy/actor/lib/test/auto/MovingMaximum.xml
----------------- Instantiating /home/travis/build/icyphy/ptII/ptolemy/actor/lib/test/auto/MovingMaximum.xml
1 ms. Memory: 1370624K Free: 389404K (28%)
----------------- Invoking toplevel() on ptolemy.moml.MoMLSimpleApplication@7cef5c5a
----------------- Done invoking toplevel() on ptolemy.moml.MoMLSimpleApplication@7cef5c5a
reloadAllAccessors: .MovingMaximum

===========================================================================================
----------------- testing Thu Dec 13 02:57:49 UTC 2018 /home/travis/build/icyphy/ptII/ptolemy/actor/lib/test/auto/MultipleLinksToSameRelation.xml
----------------- Instantiating /home/travis/build/icyphy/ptII/ptolemy/actor/lib/test/auto/MultipleLinksToSameRelation.xml
1 ms. Memory: 1370624K Free: 370557K (27%)
----------------- Invoking toplevel() on ptolemy.moml.MoMLSimpleApplication@4f5a7dc2
----------------- Done invoking toplevel() on ptolemy.moml.MoMLSimpleApplication@4f5a7dc2
reloadAllAccessors: .MultipleLinksToSameRelation

===========================================================================================
----------------- testing Thu Dec 13 02:57:49 UTC 2018 /home/travis/build/icyphy/ptII/ptolemy/actor/lib/test/auto/MultipleLinksToSameRelationDE.xml
----------------- Instantiating /home/travis/build/icyphy/ptII/ptolemy/actor/lib/test/auto/MultipleLinksToSameRelationDE.xml
2 ms. Memory: 1370624K Free: 358064K (26%)
----------------- Invoking toplevel() on ptolemy.moml.MoMLSimpleApplication@386684e1
----------------- Done invoking toplevel() on ptolemy.moml.MoMLSimpleApplication@386684e1
reloadAllAccessors: .MultipleLinksToSameRelationDE

===========================================================================================
----------------- testing Thu Dec 13 02:57:49 UTC 2018 /home/travis/build/icyphy/ptII/ptolemy/actor/lib/test/auto/Multiplexor.xml
----------------- Instantiating /home/travis/build/icyphy/ptII/ptolemy/actor/lib/test/auto/Multiplexor.xml
2 ms. Memory: 1370624K Free: 345571K (25%)
----------------- Invoking toplevel() on ptolemy.moml.MoMLSimpleApplication@2d70e805
----------------- Done invoking toplevel() on ptolemy.moml.MoMLSimpleApplication@2d70e805
reloadAllAccessors: .Multiplexor

===========================================================================================
----------------- testing Thu Dec 13 02:57:49 UTC 2018 /home/travis/build/icyphy/ptII/ptolemy/actor/lib/test/auto/Multiplexor1.xml
----------------- Instantiating /home/travis/build/icyphy/ptII/ptolemy/actor/lib/test/auto/Multiplexor1.xml
2 ms. Memory: 1370624K Free: 326725K (24%)
----------------- Invoking toplevel() on ptolemy.moml.MoMLSimpleApplication@5adb1ed
----------------- Done invoking toplevel() on ptolemy.moml.MoMLSimpleApplication@5adb1ed
reloadAllAccessors: .Multiplexor1

===========================================================================================
----------------- testing Thu Dec 13 02:57:49 UTC 2018 /home/travis/build/icyphy/ptII/ptolemy/actor/lib/test/auto/Multiplexor2.xml
----------------- Instantiating /home/travis/build/icyphy/ptII/ptolemy/actor/lib/test/auto/Multiplexor2.xml
2 ms. Memory: 1370624K Free: 314232K (23%)
----------------- Invoking toplevel() on ptolemy.moml.MoMLSimpleApplication@5fb5d378
----------------- Done invoking toplevel() on ptolemy.moml.MoMLSimpleApplication@5fb5d378
reloadAllAccessors: .Multiplexor2

===========================================================================================
----------------- testing Thu Dec 13 02:57:49 UTC 2018 /home/travis/build/icyphy/ptII/ptolemy/actor/lib/test/auto/Multiplexor3.xml
----------------- Instantiating /home/travis/build/icyphy/ptII/ptolemy/actor/lib/test/auto/Multiplexor3.xml
1 ms. Memory: 1370624K Free: 295385K (22%)
----------------- Invoking toplevel() on ptolemy.moml.MoMLSimpleApplication@15746c51
----------------- Done invoking toplevel() on ptolemy.moml.MoMLSimpleApplication@15746c51
reloadAllAccessors: .Multiplexor3

===========================================================================================
----------------- testing Thu Dec 13 02:57:49 UTC 2018 /home/travis/build/icyphy/ptII/ptolemy/actor/lib/test/auto/MultiplexorDE.xml
----------------- Instantiating /home/travis/build/icyphy/ptII/ptolemy/actor/lib/test/auto/MultiplexorDE.xml
2 ms. Memory: 1370624K Free: 282892K (21%)
----------------- Invoking toplevel() on ptolemy.moml.MoMLSimpleApplication@63d9f941
----------------- Done invoking toplevel() on ptolemy.moml.MoMLSimpleApplication@63d9f941
reloadAllAccessors: .MultiplexorDE

===========================================================================================
----------------- testing Thu Dec 13 02:57:49 UTC 2018 /home/travis/build/icyphy/ptII/ptolemy/actor/lib/test/auto/MultiportBroadcastTest.xml
----------------- Instantiating /home/travis/build/icyphy/ptII/ptolemy/actor/lib/test/auto/MultiportBroadcastTest.xml
58 ms. Memory: 1370624K Free: 270399K (20%)
----------------- Invoking toplevel() on ptolemy.moml.MoMLSimpleApplication@5b0d2871
----------------- Done invoking toplevel() on ptolemy.moml.MoMLSimpleApplication@5b0d2871
reloadAllAccessors: .MultiportBroadcastTest

===========================================================================================
----------------- testing Thu Dec 13 02:57:49 UTC 2018 /home/travis/build/icyphy/ptII/ptolemy/actor/lib/test/auto/MultiportOutHangDuringGetWidth.xml
----------------- Instantiating /home/travis/build/icyphy/ptII/ptolemy/actor/lib/test/auto/MultiportOutHangDuringGetWidth.xml
4 ms. Memory: 1370624K Free: 245306K (18%)
----------------- Invoking toplevel() on ptolemy.moml.MoMLSimpleApplication@5de041f4
----------------- Done invoking toplevel() on ptolemy.moml.MoMLSimpleApplication@5de041f4
reloadAllAccessors: .MultiportOutHangDuringGetWidth

===========================================================================================
----------------- testing Thu Dec 13 02:57:49 UTC 2018 /home/travis/build/icyphy/ptII/ptolemy/actor/lib/test/auto/NilToken.xml
----------------- Instantiating /home/travis/build/icyphy/ptII/ptolemy/actor/lib/test/auto/NilToken.xml
1 ms. Memory: 1370624K Free: 232813K (17%)
----------------- Invoking toplevel() on ptolemy.moml.MoMLSimpleApplication@641104ba
----------------- Done invoking toplevel() on ptolemy.moml.MoMLSimpleApplication@641104ba
reloadAllAccessors: .NilToken

===========================================================================================
----------------- testing Thu Dec 13 02:57:49 UTC 2018 /home/travis/build/icyphy/ptII/ptolemy/actor/lib/test/auto/NilTokenNonStrictTest.xml
----------------- Instantiating /home/travis/build/icyphy/ptII/ptolemy/actor/lib/test/auto/NilTokenNonStrictTest.xml
1 ms. Memory: 1370624K Free: 220321K (16%)
----------------- Invoking toplevel() on ptolemy.moml.MoMLSimpleApplication@688a0f74
----------------- Done invoking toplevel() on ptolemy.moml.MoMLSimpleApplication@688a0f74
reloadAllAccessors: .NilTokenNonStrictTest

===========================================================================================
----------------- testing Thu Dec 13 02:57:49 UTC 2018 /home/travis/build/icyphy/ptII/ptolemy/actor/lib/test/auto/NilTokenRecord.xml
----------------- Instantiating /home/travis/build/icyphy/ptII/ptolemy/actor/lib/test/auto/NilTokenRecord.xml
4 ms. Memory: 1370624K Free: 201474K (15%)
----------------- Invoking toplevel() on ptolemy.moml.MoMLSimpleApplication@371baf4e
----------------- Done invoking toplevel() on ptolemy.moml.MoMLSimpleApplication@371baf4e
reloadAllAccessors: .NilTokenRecord

===========================================================================================
----------------- testing Thu Dec 13 02:57:50 UTC 2018 /home/travis/build/icyphy/ptII/ptolemy/actor/lib/test/auto/NilTokenTypeTest.xml
----------------- Instantiating /home/travis/build/icyphy/ptII/ptolemy/actor/lib/test/auto/NilTokenTypeTest.xml
7 ms. Memory: 1370624K Free: 182735K (13%)
----------------- Invoking toplevel() on ptolemy.moml.MoMLSimpleApplication@bb1621b
----------------- Done invoking toplevel() on ptolemy.moml.MoMLSimpleApplication@bb1621b
reloadAllAccessors: .NilTokenTypeTest

===========================================================================================
----------------- testing Thu Dec 13 02:57:50 UTC 2018 /home/travis/build/icyphy/ptII/ptolemy/actor/lib/test/auto/ObjectToken1.xml
----------------- Instantiating /home/travis/build/icyphy/ptII/ptolemy/actor/lib/test/auto/ObjectToken1.xml
1 ms. Memory: 1370624K Free: 163888K (12%)
----------------- Invoking toplevel() on ptolemy.moml.MoMLSimpleApplication@160bc8c2
----------------- Done invoking toplevel() on ptolemy.moml.MoMLSimpleApplication@160bc8c2
reloadAllAccessors: .ObjectToken1

===========================================================================================
----------------- testing Thu Dec 13 02:57:50 UTC 2018 /home/travis/build/icyphy/ptII/ptolemy/actor/lib/test/auto/OrderedMerge.xml
----------------- Instantiating /home/travis/build/icyphy/ptII/ptolemy/actor/lib/test/auto/OrderedMerge.xml
5 ms. Memory: 1370624K Free: 126409K (9%)
----------------- Invoking toplevel() on ptolemy.moml.MoMLSimpleApplication@5409d0dd
----------------- Done invoking toplevel() on ptolemy.moml.MoMLSimpleApplication@5409d0dd
reloadAllAccessors: .OrderedMerge

===========================================================================================
----------------- testing Thu Dec 13 02:57:50 UTC 2018 /home/travis/build/icyphy/ptII/ptolemy/actor/lib/test/auto/OrderedRecordDisassembler.xml
----------------- Instantiating /home/travis/build/icyphy/ptII/ptolemy/actor/lib/test/auto/OrderedRecordDisassembler.xml
3 ms. Memory: 1370624K Free: 113916K (8%)
----------------- Invoking toplevel() on ptolemy.moml.MoMLSimpleApplication@6f569fb2
----------------- Done invoking toplevel() on ptolemy.moml.MoMLSimpleApplication@6f569fb2
reloadAllAccessors: .OrderedRecordDisassembler

===========================================================================================
----------------- testing Thu Dec 13 02:57:50 UTC 2018 /home/travis/build/icyphy/ptII/ptolemy/actor/lib/test/auto/OrderedRecordDisassembler2.xml
----------------- Instantiating /home/travis/build/icyphy/ptII/ptolemy/actor/lib/test/auto/OrderedRecordDisassembler2.xml
3 ms. Memory: 1370624K Free: 95069K (7%)
----------------- Invoking toplevel() on ptolemy.moml.MoMLSimpleApplication@4b33b2de
----------------- Done invoking toplevel() on ptolemy.moml.MoMLSimpleApplication@4b33b2de
reloadAllAccessors: .OrderedRecordDisassembler2

===========================================================================================
----------------- testing Thu Dec 13 02:57:50 UTC 2018 /home/travis/build/icyphy/ptII/ptolemy/actor/lib/test/auto/OrderedRecordUpdater.xml
----------------- Instantiating /home/travis/build/icyphy/ptII/ptolemy/actor/lib/test/auto/OrderedRecordUpdater.xml
1 ms. Memory: 1370624K Free: 82577K (6%)
----------------- Invoking toplevel() on ptolemy.moml.MoMLSimpleApplication@71973357
----------------- Done invoking toplevel() on ptolemy.moml.MoMLSimpleApplication@71973357
reloadAllAccessors: .RecordUpdater

===========================================================================================
----------------- testing Thu Dec 13 02:57:50 UTC 2018 /home/travis/build/icyphy/ptII/ptolemy/actor/lib/test/auto/OrderedRecordUpdater2.xml
----------------- Instantiating /home/travis/build/icyphy/ptII/ptolemy/actor/lib/test/auto/OrderedRecordUpdater2.xml
6 ms. Memory: 1540096K Free: 1486447K (97%)
----------------- Invoking toplevel() on ptolemy.moml.MoMLSimpleApplication@478479e3
----------------- Done invoking toplevel() on ptolemy.moml.MoMLSimpleApplication@478479e3
reloadAllAccessors: .RecordUpdater2

===========================================================================================
----------------- testing Thu Dec 13 02:57:50 UTC 2018 /home/travis/build/icyphy/ptII/ptolemy/actor/lib/test/auto/PhaseUnwrap.xml
----------------- Instantiating /home/travis/build/icyphy/ptII/ptolemy/actor/lib/test/auto/PhaseUnwrap.xml
1 ms. Memory: 1540096K Free: 1461041K (95%)
----------------- Invoking toplevel() on ptolemy.moml.MoMLSimpleApplication@3da55f1f
----------------- Done invoking toplevel() on ptolemy.moml.MoMLSimpleApplication@3da55f1f
reloadAllAccessors: .PhaseUnwrap

===========================================================================================
----------------- testing Thu Dec 13 02:57:50 UTC 2018 /home/travis/build/icyphy/ptII/ptolemy/actor/lib/test/auto/PoissonClock.xml
----------------- Instantiating /home/travis/build/icyphy/ptII/ptolemy/actor/lib/test/auto/PoissonClock.xml
1 ms. Memory: 1540096K Free: 1441872K (94%)
----------------- Invoking toplevel() on ptolemy.moml.MoMLSimpleApplication@5ef111af
----------------- Done invoking toplevel() on ptolemy.moml.MoMLSimpleApplication@5ef111af
reloadAllAccessors: .PoissonClock

===========================================================================================
----------------- testing Thu Dec 13 02:57:50 UTC 2018 /home/travis/build/icyphy/ptII/ptolemy/actor/lib/test/auto/PoissonClock2.xml
----------------- Instantiating /home/travis/build/icyphy/ptII/ptolemy/actor/lib/test/auto/PoissonClock2.xml
1 ms. Memory: 1540096K Free: 1416466K (92%)
----------------- Invoking toplevel() on ptolemy.moml.MoMLSimpleApplication@2d406119
----------------- Done invoking toplevel() on ptolemy.moml.MoMLSimpleApplication@2d406119
reloadAllAccessors: .PoissonClock2

===========================================================================================
----------------- testing Thu Dec 13 02:57:50 UTC 2018 /home/travis/build/icyphy/ptII/ptolemy/actor/lib/test/auto/PoissonClock3.xml
----------------- Instantiating /home/travis/build/icyphy/ptII/ptolemy/actor/lib/test/auto/PoissonClock3.xml
1 ms. Memory: 1540096K Free: 1397243K (91%)
----------------- Invoking toplevel() on ptolemy.moml.MoMLSimpleApplication@36677e90
----------------- Done invoking toplevel() on ptolemy.moml.MoMLSimpleApplication@36677e90
reloadAllAccessors: .PoissonClock3

===========================================================================================
----------------- testing Thu Dec 13 02:57:50 UTC 2018 /home/travis/build/icyphy/ptII/ptolemy/actor/lib/test/auto/PubSubWithInitialTokens.xml
----------------- Instantiating /home/travis/build/icyphy/ptII/ptolemy/actor/lib/test/auto/PubSubWithInitialTokens.xml
4 ms. Memory: 1540096K Free: 1378074K (89%)
----------------- Invoking toplevel() on ptolemy.moml.MoMLSimpleApplication@4f72bdac
----------------- Done invoking toplevel() on ptolemy.moml.MoMLSimpleApplication@4f72bdac
reloadAllAccessors: .PubSubWithInitialTokens

===========================================================================================
----------------- testing Thu Dec 13 02:57:50 UTC 2018 /home/travis/build/icyphy/ptII/ptolemy/actor/lib/test/auto/PubSubWithInitialTokens2.xml
----------------- Instantiating /home/travis/build/icyphy/ptII/ptolemy/actor/lib/test/auto/PubSubWithInitialTokens2.xml
2 ms. Memory: 1540096K Free: 1352668K (88%)
----------------- Invoking toplevel() on ptolemy.moml.MoMLSimpleApplication@4bbbf0d1
----------------- Done invoking toplevel() on ptolemy.moml.MoMLSimpleApplication@4bbbf0d1
reloadAllAccessors: .PubSubWithInitialTokens2

===========================================================================================
----------------- testing Thu Dec 13 02:57:50 UTC 2018 /home/travis/build/icyphy/ptII/ptolemy/actor/lib/test/auto/PublisherClassNoParameter.xml
----------------- Instantiating /home/travis/build/icyphy/ptII/ptolemy/actor/lib/test/auto/PublisherClassNoParameter.xml
2 ms. Memory: 1540096K Free: 1333499K (87%)
----------------- Invoking toplevel() on ptolemy.moml.MoMLSimpleApplication@7f39c6c4
----------------- Done invoking toplevel() on ptolemy.moml.MoMLSimpleApplication@7f39c6c4
reloadAllAccessors: .PublisherClassNoParameter

===========================================================================================
----------------- testing Thu Dec 13 02:57:50 UTC 2018 /home/travis/build/icyphy/ptII/ptolemy/actor/lib/test/auto/PublisherClassParameter.xml
----------------- Instantiating /home/travis/build/icyphy/ptII/ptolemy/actor/lib/test/auto/PublisherClassParameter.xml
1 ms. Memory: 1540096K Free: 1308093K (85%)
----------------- Invoking toplevel() on ptolemy.moml.MoMLSimpleApplication@14d0c7e2
----------------- Done invoking toplevel() on ptolemy.moml.MoMLSimpleApplication@14d0c7e2
reloadAllAccessors: .PublisherClassParameter

===========================================================================================
----------------- testing Thu Dec 13 02:57:50 UTC 2018 /home/travis/build/icyphy/ptII/ptolemy/actor/lib/test/auto/PublisherNonStrictTest.xml
----------------- Instantiating /home/travis/build/icyphy/ptII/ptolemy/actor/lib/test/auto/PublisherNonStrictTest.xml
3 ms. Memory: 1540096K Free: 1288923K (84%)
----------------- Invoking toplevel() on ptolemy.moml.MoMLSimpleApplication@5c2c33e1
----------------- Done invoking toplevel() on ptolemy.moml.MoMLSimpleApplication@5c2c33e1
reloadAllAccessors: .PublisherNonStrictTest

===========================================================================================
----------------- testing Thu Dec 13 02:57:50 UTC 2018 /home/travis/build/icyphy/ptII/ptolemy/actor/lib/test/auto/PublisherPort1.xml
----------------- Instantiating /home/travis/build/icyphy/ptII/ptolemy/actor/lib/test/auto/PublisherPort1.xml
10 ms. Memory: 1540096K Free: 1269754K (82%)
----------------- Invoking toplevel() on ptolemy.moml.MoMLSimpleApplication@95b38f1
----------------- Done invoking toplevel() on ptolemy.moml.MoMLSimpleApplication@95b38f1
reloadAllAccessors: .PublisherPort1

===========================================================================================
----------------- testing Thu Dec 13 02:57:50 UTC 2018 /home/travis/build/icyphy/ptII/ptolemy/actor/lib/test/auto/PublisherPort2.xml
----------------- Instantiating /home/travis/build/icyphy/ptII/ptolemy/actor/lib/test/auto/PublisherPort2.xml
1 ms. Memory: 1540096K Free: 1244348K (81%)
----------------- Invoking toplevel() on ptolemy.moml.MoMLSimpleApplication@53078bc
----------------- Done invoking toplevel() on ptolemy.moml.MoMLSimpleApplication@53078bc
reloadAllAccessors: .PublisherPort2

===========================================================================================
----------------- testing Thu Dec 13 02:57:50 UTC 2018 /home/travis/build/icyphy/ptII/ptolemy/actor/lib/test/auto/PublisherPort3.xml
----------------- Instantiating /home/travis/build/icyphy/ptII/ptolemy/actor/lib/test/auto/PublisherPort3.xml
3 ms. Memory: 1540096K Free: 1225179K (80%)
----------------- Invoking toplevel() on ptolemy.moml.MoMLSimpleApplication@236f5f15
----------------- Done invoking toplevel() on ptolemy.moml.MoMLSimpleApplication@236f5f15
reloadAllAccessors: .PublisherPort3

===========================================================================================
----------------- testing Thu Dec 13 02:57:50 UTC 2018 /home/travis/build/icyphy/ptII/ptolemy/actor/lib/test/auto/PublisherPort4.xml
----------------- Instantiating /home/travis/build/icyphy/ptII/ptolemy/actor/lib/test/auto/PublisherPort4.xml
2 ms. Memory: 1540096K Free: 1206010K (78%)
----------------- Invoking toplevel() on ptolemy.moml.MoMLSimpleApplication@28c3a003
----------------- Done invoking toplevel() on ptolemy.moml.MoMLSimpleApplication@28c3a003
reloadAllAccessors: .PublisherPort4

===========================================================================================
----------------- testing Thu Dec 13 02:57:50 UTC 2018 /home/travis/build/icyphy/ptII/ptolemy/actor/lib/test/auto/PublisherPort5.xml
----------------- Instantiating /home/travis/build/icyphy/ptII/ptolemy/actor/lib/test/auto/PublisherPort5.xml
3 ms. Memory: 1540096K Free: 1180604K (77%)
----------------- Invoking toplevel() on ptolemy.moml.MoMLSimpleApplication@66bba2ed
----------------- Done invoking toplevel() on ptolemy.moml.MoMLSimpleApplication@66bba2ed
reloadAllAccessors: .PublisherPort5

===========================================================================================
----------------- testing Thu Dec 13 02:57:50 UTC 2018 /home/travis/build/icyphy/ptII/ptolemy/actor/lib/test/auto/PublisherPort5LookAlike.xml
----------------- Instantiating /home/travis/build/icyphy/ptII/ptolemy/actor/lib/test/auto/PublisherPort5LookAlike.xml
6 ms. Memory: 1540096K Free: 1161434K (75%)
----------------- Invoking toplevel() on ptolemy.moml.MoMLSimpleApplication@1859bcf5
----------------- Done invoking toplevel() on ptolemy.moml.MoMLSimpleApplication@1859bcf5
reloadAllAccessors: .PublisherPort5LookAlike

===========================================================================================
----------------- testing Thu Dec 13 02:57:50 UTC 2018 /home/travis/build/icyphy/ptII/ptolemy/actor/lib/test/auto/PublisherPort6.xml
----------------- Instantiating /home/travis/build/icyphy/ptII/ptolemy/actor/lib/test/auto/PublisherPort6.xml
2 ms. Memory: 1540096K Free: 1136028K (74%)
----------------- Invoking toplevel() on ptolemy.moml.MoMLSimpleApplication@ea48419
----------------- Done invoking toplevel() on ptolemy.moml.MoMLSimpleApplication@ea48419
reloadAllAccessors: .PublisherPort6

===========================================================================================
----------------- testing Thu Dec 13 02:57:50 UTC 2018 /home/travis/build/icyphy/ptII/ptolemy/actor/lib/test/auto/PublisherPort7.xml
----------------- Instantiating /home/travis/build/icyphy/ptII/ptolemy/actor/lib/test/auto/PublisherPort7.xml
2 ms. Memory: 1540096K Free: 1116859K (73%)
----------------- Invoking toplevel() on ptolemy.moml.MoMLSimpleApplication@54ef11
----------------- Done invoking toplevel() on ptolemy.moml.MoMLSimpleApplication@54ef11
reloadAllAccessors: .PublisherPort7

===========================================================================================
----------------- testing Thu Dec 13 02:57:50 UTC 2018 /home/travis/build/icyphy/ptII/ptolemy/actor/lib/test/auto/PublisherPort8.xml
----------------- Instantiating /home/travis/build/icyphy/ptII/ptolemy/actor/lib/test/auto/PublisherPort8.xml
3 ms. Memory: 1540096K Free: 1097690K (71%)
----------------- Invoking toplevel() on ptolemy.moml.MoMLSimpleApplication@3e64c4ac
----------------- Done invoking toplevel() on ptolemy.moml.MoMLSimpleApplication@3e64c4ac
reloadAllAccessors: .PublisherPort8

===========================================================================================
----------------- testing Thu Dec 13 02:57:50 UTC 2018 /home/travis/build/icyphy/ptII/ptolemy/actor/lib/test/auto/PublisherPortSubscriberChannelVariablesAOC2.xml
----------------- Instantiating /home/travis/build/icyphy/ptII/ptolemy/actor/lib/test/auto/PublisherPortSubscriberChannelVariablesAOC2.xml
2 ms. Memory: 1540096K Free: 1062683K (69%)
----------------- Invoking toplevel() on ptolemy.moml.MoMLSimpleApplication@c7f7d02
----------------- Done invoking toplevel() on ptolemy.moml.MoMLSimpleApplication@c7f7d02
reloadAllAccessors: .PublisherPortSubscriberChannelVariablesAOC2

===========================================================================================
----------------- testing Thu Dec 13 02:57:50 UTC 2018 /home/travis/build/icyphy/ptII/ptolemy/actor/lib/test/auto/PublisherPortSubscriberOpaqueWidthInference.xml
----------------- Instantiating /home/travis/build/icyphy/ptII/ptolemy/actor/lib/test/auto/PublisherPortSubscriberOpaqueWidthInference.xml
3 ms. Memory: 1540096K Free: 1043514K (68%)
----------------- Invoking toplevel() on ptolemy.moml.MoMLSimpleApplication@12bba8e3
----------------- Done invoking toplevel() on ptolemy.moml.MoMLSimpleApplication@12bba8e3
reloadAllAccessors: .PublisherPortSubscriberOpaqueWidthInference

===========================================================================================
----------------- testing Thu Dec 13 02:57:50 UTC 2018 /home/travis/build/icyphy/ptII/ptolemy/actor/lib/test/auto/PublisherPortSubscriberPortAdjacent.xml
----------------- Instantiating /home/travis/build/icyphy/ptII/ptolemy/actor/lib/test/auto/PublisherPortSubscriberPortAdjacent.xml
2 ms. Memory: 1540096K Free: 1018108K (66%)
----------------- Invoking toplevel() on ptolemy.moml.MoMLSimpleApplication@a02e632
----------------- Done invoking toplevel() on ptolemy.moml.MoMLSimpleApplication@a02e632
reloadAllAccessors: .PublisherPortSubscriberPortAdjacent

===========================================================================================
----------------- testing Thu Dec 13 02:57:50 UTC 2018 /home/travis/build/icyphy/ptII/ptolemy/actor/lib/test/auto/PublisherPortSubscriberPortExpression.xml
----------------- Instantiating /home/travis/build/icyphy/ptII/ptolemy/actor/lib/test/auto/PublisherPortSubscriberPortExpression.xml
3 ms. Memory: 1540096K Free: 998939K (65%)
----------------- Invoking toplevel() on ptolemy.moml.MoMLSimpleApplication@29978b5d
----------------- Done invoking toplevel() on ptolemy.moml.MoMLSimpleApplication@29978b5d
reloadAllAccessors: .PublisherPortSubscriberPortExpression

===========================================================================================
----------------- testing Thu Dec 13 02:57:50 UTC 2018 /home/travis/build/icyphy/ptII/ptolemy/actor/lib/test/auto/PublisherPortSubscriberPortOpaqueD3Reverse.xml
----------------- Instantiating /home/travis/build/icyphy/ptII/ptolemy/actor/lib/test/auto/PublisherPortSubscriberPortOpaqueD3Reverse.xml
7 ms. Memory: 1540096K Free: 979769K (64%)
----------------- Invoking toplevel() on ptolemy.moml.MoMLSimpleApplication@78ac6279
----------------- Done invoking toplevel() on ptolemy.moml.MoMLSimpleApplication@78ac6279
reloadAllAccessors: .PublisherPortSubscriberPortOpaqueD3Reverse

===========================================================================================
----------------- testing Thu Dec 13 02:57:50 UTC 2018 /home/travis/build/icyphy/ptII/ptolemy/actor/lib/test/auto/PublisherPortSubscriberPortOpaqueWidthInference.xml
----------------- Instantiating /home/travis/build/icyphy/ptII/ptolemy/actor/lib/test/auto/PublisherPortSubscriberPortOpaqueWidthInference.xml
3 ms. Memory: 1540096K Free: 954363K (62%)
----------------- Invoking toplevel() on ptolemy.moml.MoMLSimpleApplication@2edcf49d
----------------- Done invoking toplevel() on ptolemy.moml.MoMLSimpleApplication@2edcf49d
reloadAllAccessors: .PublisherPortSubscriberPortOpaqueWidthInference

===========================================================================================
----------------- testing Thu Dec 13 02:57:50 UTC 2018 /home/travis/build/icyphy/ptII/ptolemy/actor/lib/test/auto/PublisherPortToplevelSubscriberPortAOC.xml
----------------- Instantiating /home/travis/build/icyphy/ptII/ptolemy/actor/lib/test/auto/PublisherPortToplevelSubscriberPortAOC.xml
.PublisherPortToplevelSubscriberPortAOC.TestExceptionAttribute: initialize() was not invoked, but wrapup() was.  This is unusual, but not always a problem.  For example, exporting JNLP will do this.
1 ms. Memory: 1540096K Free: 935194K (61%)
----------------- Invoking toplevel() on ptolemy.moml.MoMLSimpleApplication@59981542
----------------- Done invoking toplevel() on ptolemy.moml.MoMLSimpleApplication@59981542
reloadAllAccessors: .PublisherPortToplevelSubscriberPortAOC

===========================================================================================
----------------- testing Thu Dec 13 02:57:50 UTC 2018 /home/travis/build/icyphy/ptII/ptolemy/actor/lib/test/auto/PublisherSubscriber.xml
----------------- Instantiating /home/travis/build/icyphy/ptII/ptolemy/actor/lib/test/auto/PublisherSubscriber.xml
2 ms. Memory: 1540096K Free: 916025K (59%)
----------------- Invoking toplevel() on ptolemy.moml.MoMLSimpleApplication@2044061d
----------------- Done invoking toplevel() on ptolemy.moml.MoMLSimpleApplication@2044061d
reloadAllAccessors: .PublisherSubscriber

===========================================================================================
----------------- testing Thu Dec 13 02:57:50 UTC 2018 /home/travis/build/icyphy/ptII/ptolemy/actor/lib/test/auto/PublisherSubscriber10.xml
----------------- Instantiating /home/travis/build/icyphy/ptII/ptolemy/actor/lib/test/auto/PublisherSubscriber10.xml
5 ms. Memory: 1540096K Free: 890619K (58%)
----------------- Invoking toplevel() on ptolemy.moml.MoMLSimpleApplication@69190ddb
----------------- Done invoking toplevel() on ptolemy.moml.MoMLSimpleApplication@69190ddb
reloadAllAccessors: .PublisherSubscriber10

===========================================================================================
----------------- testing Thu Dec 13 02:57:50 UTC 2018 /home/travis/build/icyphy/ptII/ptolemy/actor/lib/test/auto/PublisherSubscriber10InitialOutputs.xml
----------------- Instantiating /home/travis/build/icyphy/ptII/ptolemy/actor/lib/test/auto/PublisherSubscriber10InitialOutputs.xml
15 ms. Memory: 1540096K Free: 871450K (57%)
----------------- Invoking toplevel() on ptolemy.moml.MoMLSimpleApplication@37aaa45d
----------------- Done invoking toplevel() on ptolemy.moml.MoMLSimpleApplication@37aaa45d
reloadAllAccessors: .PublisherSubscriber10InitialOutputs

===========================================================================================
----------------- testing Thu Dec 13 02:57:50 UTC 2018 /home/travis/build/icyphy/ptII/ptolemy/actor/lib/test/auto/PublisherSubscriber11.xml
----------------- Instantiating /home/travis/build/icyphy/ptII/ptolemy/actor/lib/test/auto/PublisherSubscriber11.xml
3 ms. Memory: 1540096K Free: 846044K (55%)
----------------- Invoking toplevel() on ptolemy.moml.MoMLSimpleApplication@51766e21
----------------- Done invoking toplevel() on ptolemy.moml.MoMLSimpleApplication@51766e21
reloadAllAccessors: .PublisherSubscriber11

===========================================================================================
----------------- testing Thu Dec 13 02:57:50 UTC 2018 /home/travis/build/icyphy/ptII/ptolemy/actor/lib/test/auto/PublisherSubscriber12.xml
----------------- Instantiating /home/travis/build/icyphy/ptII/ptolemy/actor/lib/test/auto/PublisherSubscriber12.xml
4 ms. Memory: 1540096K Free: 826874K (54%)
----------------- Invoking toplevel() on ptolemy.moml.MoMLSimpleApplication@6a5b5eea
----------------- Done invoking toplevel() on ptolemy.moml.MoMLSimpleApplication@6a5b5eea
reloadAllAccessors: .PublisherSubscriber12

===========================================================================================
----------------- testing Thu Dec 13 02:57:50 UTC 2018 /home/travis/build/icyphy/ptII/ptolemy/actor/lib/test/auto/PublisherSubscriber13.xml
----------------- Instantiating /home/travis/build/icyphy/ptII/ptolemy/actor/lib/test/auto/PublisherSubscriber13.xml
2 ms. Memory: 1540096K Free: 807705K (52%)
----------------- Invoking toplevel() on ptolemy.moml.MoMLSimpleApplication@771eea00
----------------- Done invoking toplevel() on ptolemy.moml.MoMLSimpleApplication@771eea00
reloadAllAccessors: .PublisherSubscriber13

===========================================================================================
----------------- testing Thu Dec 13 02:57:50 UTC 2018 /home/travis/build/icyphy/ptII/ptolemy/actor/lib/test/auto/PublisherSubscriber14.xml
----------------- Instantiating /home/travis/build/icyphy/ptII/ptolemy/actor/lib/test/auto/PublisherSubscriber14.xml
2 ms. Memory: 1540096K Free: 782299K (51%)
----------------- Invoking toplevel() on ptolemy.moml.MoMLSimpleApplication@5e8cb2f7
----------------- Done invoking toplevel() on ptolemy.moml.MoMLSimpleApplication@5e8cb2f7
reloadAllAccessors: .PublisherSubscriber14

===========================================================================================
----------------- testing Thu Dec 13 02:57:50 UTC 2018 /home/travis/build/icyphy/ptII/ptolemy/actor/lib/test/auto/PublisherSubscriber2.xml
----------------- Instantiating /home/travis/build/icyphy/ptII/ptolemy/actor/lib/test/auto/PublisherSubscriber2.xml
3 ms. Memory: 1540096K Free: 763130K (50%)
----------------- Invoking toplevel() on ptolemy.moml.MoMLSimpleApplication@36e747ef
----------------- Done invoking toplevel() on ptolemy.moml.MoMLSimpleApplication@36e747ef
reloadAllAccessors: .PublisherSubscriber2

===========================================================================================
----------------- testing Thu Dec 13 02:57:50 UTC 2018 /home/travis/build/icyphy/ptII/ptolemy/actor/lib/test/auto/PublisherSubscriber3.xml
----------------- Instantiating /home/travis/build/icyphy/ptII/ptolemy/actor/lib/test/auto/PublisherSubscriber3.xml
1 ms. Memory: 1540096K Free: 737724K (48%)
----------------- Invoking toplevel() on ptolemy.moml.MoMLSimpleApplication@227f31fb
----------------- Done invoking toplevel() on ptolemy.moml.MoMLSimpleApplication@227f31fb
reloadAllAccessors: .PublisherSubscriber3

===========================================================================================
----------------- testing Thu Dec 13 02:57:50 UTC 2018 /home/travis/build/icyphy/ptII/ptolemy/actor/lib/test/auto/PublisherSubscriber4.xml
----------------- Instantiating /home/travis/build/icyphy/ptII/ptolemy/actor/lib/test/auto/PublisherSubscriber4.xml
2 ms. Memory: 1540096K Free: 718555K (47%)
----------------- Invoking toplevel() on ptolemy.moml.MoMLSimpleApplication@a27fd36
----------------- Done invoking toplevel() on ptolemy.moml.MoMLSimpleApplication@a27fd36
reloadAllAccessors: .PublisherSubscriber4

===========================================================================================
----------------- testing Thu Dec 13 02:57:50 UTC 2018 /home/travis/build/icyphy/ptII/ptolemy/actor/lib/test/auto/PublisherSubscriber5.xml
----------------- Instantiating /home/travis/build/icyphy/ptII/ptolemy/actor/lib/test/auto/PublisherSubscriber5.xml
2 ms. Memory: 1540096K Free: 699385K (45%)
----------------- Invoking toplevel() on ptolemy.moml.MoMLSimpleApplication@2b4eaf91
----------------- Done invoking toplevel() on ptolemy.moml.MoMLSimpleApplication@2b4eaf91
reloadAllAccessors: .PublisherSubscriber5

===========================================================================================
----------------- testing Thu Dec 13 02:57:50 UTC 2018 /home/travis/build/icyphy/ptII/ptolemy/actor/lib/test/auto/PublisherSubscriber6.xml
----------------- Instantiating /home/travis/build/icyphy/ptII/ptolemy/actor/lib/test/auto/PublisherSubscriber6.xml
4 ms. Memory: 1540096K Free: 673979K (44%)
----------------- Invoking toplevel() on ptolemy.moml.MoMLSimpleApplication@1e2bfb02
----------------- Done invoking toplevel() on ptolemy.moml.MoMLSimpleApplication@1e2bfb02
reloadAllAccessors: .PublisherSubscriber6

===========================================================================================
----------------- testing Thu Dec 13 02:57:50 UTC 2018 /home/travis/build/icyphy/ptII/ptolemy/actor/lib/test/auto/PublisherSubscriber7.xml
----------------- Instantiating /home/travis/build/icyphy/ptII/ptolemy/actor/lib/test/auto/PublisherSubscriber7.xml
6 ms. Memory: 1540096K Free: 654810K (43%)
----------------- Invoking toplevel() on ptolemy.moml.MoMLSimpleApplication@118a919f
----------------- Done invoking toplevel() on ptolemy.moml.MoMLSimpleApplication@118a919f
reloadAllAccessors: .PublisherSubscriber7

===========================================================================================
----------------- testing Thu Dec 13 02:57:50 UTC 2018 /home/travis/build/icyphy/ptII/ptolemy/actor/lib/test/auto/PublisherSubscriber8.xml
----------------- Instantiating /home/travis/build/icyphy/ptII/ptolemy/actor/lib/test/auto/PublisherSubscriber8.xml
27 ms. Memory: 1540096K Free: 533558K (35%)
----------------- Invoking toplevel() on ptolemy.moml.MoMLSimpleApplication@33154229
----------------- Done invoking toplevel() on ptolemy.moml.MoMLSimpleApplication@33154229
reloadAllAccessors: .PublisherSubscriber8

===========================================================================================
----------------- testing Thu Dec 13 02:57:50 UTC 2018 /home/travis/build/icyphy/ptII/ptolemy/actor/lib/test/auto/PublisherSubscriber9.xml
----------------- Instantiating /home/travis/build/icyphy/ptII/ptolemy/actor/lib/test/auto/PublisherSubscriber9.xml
2 ms. Memory: 1540096K Free: 514388K (33%)
----------------- Invoking toplevel() on ptolemy.moml.MoMLSimpleApplication@63b75d6
----------------- Done invoking toplevel() on ptolemy.moml.MoMLSimpleApplication@63b75d6
reloadAllAccessors: .PublisherSubscriber9

===========================================================================================
----------------- testing Thu Dec 13 02:57:50 UTC 2018 /home/travis/build/icyphy/ptII/ptolemy/actor/lib/test/auto/PublisherSubscriberAdjacent.xml
----------------- Instantiating /home/travis/build/icyphy/ptII/ptolemy/actor/lib/test/auto/PublisherSubscriberAdjacent.xml
1 ms. Memory: 1540096K Free: 495219K (32%)
----------------- Invoking toplevel() on ptolemy.moml.MoMLSimpleApplication@6a8e9228
----------------- Done invoking toplevel() on ptolemy.moml.MoMLSimpleApplication@6a8e9228
reloadAllAccessors: .PublisherSubscriberAdjacent

===========================================================================================
----------------- testing Thu Dec 13 02:57:50 UTC 2018 /home/travis/build/icyphy/ptII/ptolemy/actor/lib/test/auto/PublisherSubscriberChannelVariablesAOC2.xml
----------------- Instantiating /home/travis/build/icyphy/ptII/ptolemy/actor/lib/test/auto/PublisherSubscriberChannelVariablesAOC2.xml
3 ms. Memory: 1540096K Free: 460212K (30%)
----------------- Invoking toplevel() on ptolemy.moml.MoMLSimpleApplication@29a33533
----------------- Done invoking toplevel() on ptolemy.moml.MoMLSimpleApplication@29a33533
reloadAllAccessors: .PublisherSubscriberChannelVariablesAOC2

===========================================================================================
----------------- testing Thu Dec 13 02:57:50 UTC 2018 /home/travis/build/icyphy/ptII/ptolemy/actor/lib/test/auto/PublisherSubscriberD3.xml
----------------- Instantiating /home/travis/build/icyphy/ptII/ptolemy/actor/lib/test/auto/PublisherSubscriberD3.xml
2 ms. Memory: 1540096K Free: 441043K (29%)
----------------- Invoking toplevel() on ptolemy.moml.MoMLSimpleApplication@65bc2568
----------------- Done invoking toplevel() on ptolemy.moml.MoMLSimpleApplication@65bc2568
reloadAllAccessors: .PublisherSubscriberD3

===========================================================================================
----------------- testing Thu Dec 13 02:57:51 UTC 2018 /home/travis/build/icyphy/ptII/ptolemy/actor/lib/test/auto/PublisherSubscriberD3Reverse.xml
----------------- Instantiating /home/travis/build/icyphy/ptII/ptolemy/actor/lib/test/auto/PublisherSubscriberD3Reverse.xml
1 ms. Memory: 1540096K Free: 415637K (27%)
----------------- Invoking toplevel() on ptolemy.moml.MoMLSimpleApplication@258689f7
----------------- Done invoking toplevel() on ptolemy.moml.MoMLSimpleApplication@258689f7
reloadAllAccessors: .PublisherSubscriberD3Reverse

===========================================================================================
----------------- testing Thu Dec 13 02:57:51 UTC 2018 /home/travis/build/icyphy/ptII/ptolemy/actor/lib/test/auto/PublisherSubscriberExpression.xml
----------------- Instantiating /home/travis/build/icyphy/ptII/ptolemy/actor/lib/test/auto/PublisherSubscriberExpression.xml
3 ms. Memory: 1540096K Free: 396468K (26%)
----------------- Invoking toplevel() on ptolemy.moml.MoMLSimpleApplication@4ad0944a
----------------- Done invoking toplevel() on ptolemy.moml.MoMLSimpleApplication@4ad0944a
reloadAllAccessors: .PublisherSubscriberExpression

===========================================================================================
----------------- testing Thu Dec 13 02:57:51 UTC 2018 /home/travis/build/icyphy/ptII/ptolemy/actor/lib/test/auto/PublisherSubscriberOpaque.xml
----------------- Instantiating /home/travis/build/icyphy/ptII/ptolemy/actor/lib/test/auto/PublisherSubscriberOpaque.xml
3 ms. Memory: 1540096K Free: 377299K (24%)
----------------- Invoking toplevel() on ptolemy.moml.MoMLSimpleApplication@3199539
----------------- Done invoking toplevel() on ptolemy.moml.MoMLSimpleApplication@3199539
reloadAllAccessors: .PublisherSubscriberOpaque

===========================================================================================
----------------- testing Thu Dec 13 02:57:51 UTC 2018 /home/travis/build/icyphy/ptII/ptolemy/actor/lib/test/auto/PublisherSubscriberOpaqueD3.xml
----------------- Instantiating /home/travis/build/icyphy/ptII/ptolemy/actor/lib/test/auto/PublisherSubscriberOpaqueD3.xml
4 ms. Memory: 1540096K Free: 351892K (23%)
----------------- Invoking toplevel() on ptolemy.moml.MoMLSimpleApplication@3f8653db
----------------- Done invoking toplevel() on ptolemy.moml.MoMLSimpleApplication@3f8653db
reloadAllAccessors: .PublisherSubscriberOpaqueD3

===========================================================================================
----------------- testing Thu Dec 13 02:57:51 UTC 2018 /home/travis/build/icyphy/ptII/ptolemy/actor/lib/test/auto/PublisherSubscriberOpaqueD3Reverse.xml
----------------- Instantiating /home/travis/build/icyphy/ptII/ptolemy/actor/lib/test/auto/PublisherSubscriberOpaqueD3Reverse.xml
7 ms. Memory: 1540096K Free: 332723K (22%)
----------------- Invoking toplevel() on ptolemy.moml.MoMLSimpleApplication@3d2a66a8
----------------- Done invoking toplevel() on ptolemy.moml.MoMLSimpleApplication@3d2a66a8
reloadAllAccessors: .PublisherSubscriberOpaqueD3Reverse

===========================================================================================
----------------- testing Thu Dec 13 02:57:51 UTC 2018 /home/travis/build/icyphy/ptII/ptolemy/actor/lib/test/auto/PublisherSubscriberOpaqueWidthInference.xml
----------------- Instantiating /home/travis/build/icyphy/ptII/ptolemy/actor/lib/test/auto/PublisherSubscriberOpaqueWidthInference.xml
3 ms. Memory: 1540096K Free: 313554K (20%)
----------------- Invoking toplevel() on ptolemy.moml.MoMLSimpleApplication@502c58ef
----------------- Done invoking toplevel() on ptolemy.moml.MoMLSimpleApplication@502c58ef
reloadAllAccessors: .PublisherSubscriberOpaqueWidthInference

===========================================================================================
----------------- testing Thu Dec 13 02:57:51 UTC 2018 /home/travis/build/icyphy/ptII/ptolemy/actor/lib/test/auto/PublisherTestSubscriber.xml
----------------- Instantiating /home/travis/build/icyphy/ptII/ptolemy/actor/lib/test/auto/PublisherTestSubscriber.xml
3 ms. Memory: 1540096K Free: 288148K (19%)
----------------- Invoking toplevel() on ptolemy.moml.MoMLSimpleApplication@3eca26eb
----------------- Done invoking toplevel() on ptolemy.moml.MoMLSimpleApplication@3eca26eb
reloadAllAccessors: .PublisherTestSubscriber

===========================================================================================
----------------- testing Thu Dec 13 02:57:51 UTC 2018 /home/travis/build/icyphy/ptII/ptolemy/actor/lib/test/auto/PublisherToplevelSubscriberPortAOC.xml
----------------- Instantiating /home/travis/build/icyphy/ptII/ptolemy/actor/lib/test/auto/PublisherToplevelSubscriberPortAOC.xml
1 ms. Memory: 1540096K Free: 268979K (17%)
----------------- Invoking toplevel() on ptolemy.moml.MoMLSimpleApplication@330a1cbd
----------------- Done invoking toplevel() on ptolemy.moml.MoMLSimpleApplication@330a1cbd
reloadAllAccessors: .PublisherToplevelSubscriberPortAOC

===========================================================================================
----------------- testing Thu Dec 13 02:57:51 UTC 2018 /home/travis/build/icyphy/ptII/ptolemy/actor/lib/test/auto/PulseFiringLimitDE.xml
----------------- Instantiating /home/travis/build/icyphy/ptII/ptolemy/actor/lib/test/auto/PulseFiringLimitDE.xml
1 ms. Memory: 1540096K Free: 243572K (16%)
----------------- Invoking toplevel() on ptolemy.moml.MoMLSimpleApplication@7bfcec7a
----------------- Done invoking toplevel() on ptolemy.moml.MoMLSimpleApplication@7bfcec7a
reloadAllAccessors: .PulseFiringLimitDE

===========================================================================================
----------------- testing Thu Dec 13 02:57:51 UTC 2018 /home/travis/build/icyphy/ptII/ptolemy/actor/lib/test/auto/Ramp1.xml
----------------- Instantiating /home/travis/build/icyphy/ptII/ptolemy/actor/lib/test/auto/Ramp1.xml
2 ms. Memory: 1540096K Free: 224403K (15%)
----------------- Invoking toplevel() on ptolemy.moml.MoMLSimpleApplication@fe0b650
----------------- Done invoking toplevel() on ptolemy.moml.MoMLSimpleApplication@fe0b650
reloadAllAccessors: .Ramp1

===========================================================================================
----------------- testing Thu Dec 13 02:57:51 UTC 2018 /home/travis/build/icyphy/ptII/ptolemy/actor/lib/test/auto/RampFiringLimitDE.xml
----------------- Instantiating /home/travis/build/icyphy/ptII/ptolemy/actor/lib/test/auto/RampFiringLimitDE.xml
2 ms. Memory: 1540096K Free: 205234K (13%)
----------------- Invoking toplevel() on ptolemy.moml.MoMLSimpleApplication@21542d18
----------------- Done invoking toplevel() on ptolemy.moml.MoMLSimpleApplication@21542d18
reloadAllAccessors: .RampFiringLimitDE

===========================================================================================
----------------- testing Thu Dec 13 02:57:51 UTC 2018 /home/travis/build/icyphy/ptII/ptolemy/actor/lib/test/auto/RampFiringLimitSDF.xml
----------------- Instantiating /home/travis/build/icyphy/ptII/ptolemy/actor/lib/test/auto/RampFiringLimitSDF.xml
2 ms. Memory: 1540096K Free: 179828K (12%)
----------------- Invoking toplevel() on ptolemy.moml.MoMLSimpleApplication@7fe73185
----------------- Done invoking toplevel() on ptolemy.moml.MoMLSimpleApplication@7fe73185
reloadAllAccessors: .RampFiringLimitSDF

===========================================================================================
----------------- testing Thu Dec 13 02:57:51 UTC 2018 /home/travis/build/icyphy/ptII/ptolemy/actor/lib/test/auto/RandomInteger.xml
----------------- Instantiating /home/travis/build/icyphy/ptII/ptolemy/actor/lib/test/auto/RandomInteger.xml
1 ms. Memory: 1540096K Free: 160658K (10%)
----------------- Invoking toplevel() on ptolemy.moml.MoMLSimpleApplication@2a9d4465
----------------- Done invoking toplevel() on ptolemy.moml.MoMLSimpleApplication@2a9d4465
reloadAllAccessors: .RandomInteger

===========================================================================================
----------------- testing Thu Dec 13 02:57:51 UTC 2018 /home/travis/build/icyphy/ptII/ptolemy/actor/lib/test/auto/ReadFile1.xml
----------------- Instantiating /home/travis/build/icyphy/ptII/ptolemy/actor/lib/test/auto/ReadFile1.xml
2 ms. Memory: 1540096K Free: 135252K (9%)
----------------- Invoking toplevel() on ptolemy.moml.MoMLSimpleApplication@2c45bdf0
----------------- Done invoking toplevel() on ptolemy.moml.MoMLSimpleApplication@2c45bdf0
reloadAllAccessors: .ReadFile1

===========================================================================================
----------------- testing Thu Dec 13 02:57:51 UTC 2018 /home/travis/build/icyphy/ptII/ptolemy/actor/lib/test/auto/ReadFile2.xml
----------------- Instantiating /home/travis/build/icyphy/ptII/ptolemy/actor/lib/test/auto/ReadFile2.xml
2 ms. Memory: 1540096K Free: 116083K (8%)
----------------- Invoking toplevel() on ptolemy.moml.MoMLSimpleApplication@7b9f04e0
----------------- Done invoking toplevel() on ptolemy.moml.MoMLSimpleApplication@7b9f04e0
reloadAllAccessors: .ReadFile2

===========================================================================================
----------------- testing Thu Dec 13 02:57:51 UTC 2018 /home/travis/build/icyphy/ptII/ptolemy/actor/lib/test/auto/Reader.xml
----------------- Instantiating /home/travis/build/icyphy/ptII/ptolemy/actor/lib/test/auto/Reader.xml
actor.lib.Reader is obsolete, use actor.lib.io.ExpressionReader instead
2 ms. Memory: 1540096K Free: 96914K (6%)
----------------- Invoking toplevel() on ptolemy.moml.MoMLSimpleApplication@2412350e
----------------- Done invoking toplevel() on ptolemy.moml.MoMLSimpleApplication@2412350e
reloadAllAccessors: .Reader

===========================================================================================
----------------- testing Thu Dec 13 02:57:51 UTC 2018 /home/travis/build/icyphy/ptII/ptolemy/actor/lib/test/auto/RecordAssemblerDisplayNameTest.xml
----------------- Instantiating /home/travis/build/icyphy/ptII/ptolemy/actor/lib/test/auto/RecordAssemblerDisplayNameTest.xml
2933 ms. Memory: 1575936K Free: 309711K (20%)
----------------- Invoking toplevel() on ptolemy.moml.MoMLSimpleApplication@46f29bb3
----------------- Done invoking toplevel() on ptolemy.moml.MoMLSimpleApplication@46f29bb3
reloadAllAccessors: .RecordAssemblerDisplayNameTest

===========================================================================================
----------------- testing Thu Dec 13 02:57:54 UTC 2018 /home/travis/build/icyphy/ptII/ptolemy/actor/lib/test/auto/RecordAssemblerTypeError.xml
----------------- Instantiating /home/travis/build/icyphy/ptII/ptolemy/actor/lib/test/auto/RecordAssemblerTypeError.xml
11 ms. Memory: 1575936K Free: 277838K (18%)
----------------- Invoking toplevel() on ptolemy.moml.MoMLSimpleApplication@2690c725
----------------- Done invoking toplevel() on ptolemy.moml.MoMLSimpleApplication@2690c725
reloadAllAccessors: .RecordAssemblerTypeError

===========================================================================================
----------------- testing Thu Dec 13 02:57:54 UTC 2018 /home/travis/build/icyphy/ptII/ptolemy/actor/lib/test/auto/RecordDisassember.xml
----------------- Instantiating /home/travis/build/icyphy/ptII/ptolemy/actor/lib/test/auto/RecordDisassember.xml
4 ms. Memory: 1575936K Free: 263287K (17%)
----------------- Invoking toplevel() on ptolemy.moml.MoMLSimpleApplication@241400f
----------------- Done invoking toplevel() on ptolemy.moml.MoMLSimpleApplication@241400f
reloadAllAccessors: .RecordDisassember

===========================================================================================
----------------- testing Thu Dec 13 02:57:54 UTC 2018 /home/travis/build/icyphy/ptII/ptolemy/actor/lib/test/auto/RecordDisassemberDisplayNameTest.xml
----------------- Instantiating /home/travis/build/icyphy/ptII/ptolemy/actor/lib/test/auto/RecordDisassemberDisplayNameTest.xml
3 ms. Memory: 1575936K Free: 243575K (15%)
----------------- Invoking toplevel() on ptolemy.moml.MoMLSimpleApplication@5c5d77f1
----------------- Done invoking toplevel() on ptolemy.moml.MoMLSimpleApplication@5c5d77f1
reloadAllAccessors: .RecordDisassemberDisplayNameTest

===========================================================================================
----------------- testing Thu Dec 13 02:57:54 UTC 2018 /home/travis/build/icyphy/ptII/ptolemy/actor/lib/test/auto/RecordDisassembler.xml
----------------- Instantiating /home/travis/build/icyphy/ptII/ptolemy/actor/lib/test/auto/RecordDisassembler.xml
2 ms. Memory: 1575936K Free: 229024K (15%)
----------------- Invoking toplevel() on ptolemy.moml.MoMLSimpleApplication@66936f95
----------------- Done invoking toplevel() on ptolemy.moml.MoMLSimpleApplication@66936f95
reloadAllAccessors: .RecordDisassembler

===========================================================================================
----------------- testing Thu Dec 13 02:57:54 UTC 2018 /home/travis/build/icyphy/ptII/ptolemy/actor/lib/test/auto/RecordDisassembler2.xml
----------------- Instantiating /home/travis/build/icyphy/ptII/ptolemy/actor/lib/test/auto/RecordDisassembler2.xml
2 ms. Memory: 1575936K Free: 209312K (13%)
----------------- Invoking toplevel() on ptolemy.moml.MoMLSimpleApplication@36682f3
----------------- Done invoking toplevel() on ptolemy.moml.MoMLSimpleApplication@36682f3
reloadAllAccessors: .RecordDisassembler2

===========================================================================================
----------------- testing Thu Dec 13 02:57:54 UTC 2018 /home/travis/build/icyphy/ptII/ptolemy/actor/lib/test/auto/RecordUpdater.xml
----------------- Instantiating /home/travis/build/icyphy/ptII/ptolemy/actor/lib/test/auto/RecordUpdater.xml
3 ms. Memory: 1575936K Free: 194761K (12%)
----------------- Invoking toplevel() on ptolemy.moml.MoMLSimpleApplication@52b50a45
----------------- Done invoking toplevel() on ptolemy.moml.MoMLSimpleApplication@52b50a45
reloadAllAccessors: .RecordUpdater

===========================================================================================
----------------- testing Thu Dec 13 02:57:54 UTC 2018 /home/travis/build/icyphy/ptII/ptolemy/actor/lib/test/auto/RecordUpdater2.xml
----------------- Instantiating /home/travis/build/icyphy/ptII/ptolemy/actor/lib/test/auto/RecordUpdater2.xml
2 ms. Memory: 1575936K Free: 175049K (11%)
----------------- Invoking toplevel() on ptolemy.moml.MoMLSimpleApplication@579e164a
----------------- Done invoking toplevel() on ptolemy.moml.MoMLSimpleApplication@579e164a
reloadAllAccessors: .RecordUpdater2

===========================================================================================
----------------- testing Thu Dec 13 02:57:54 UTC 2018 /home/travis/build/icyphy/ptII/ptolemy/actor/lib/test/auto/RecursiveLattice.xml
----------------- Instantiating /home/travis/build/icyphy/ptII/ptolemy/actor/lib/test/auto/RecursiveLattice.xml
1 ms. Memory: 1575936K Free: 160498K (10%)
----------------- Invoking toplevel() on ptolemy.moml.MoMLSimpleApplication@22e9a3fb
----------------- Done invoking toplevel() on ptolemy.moml.MoMLSimpleApplication@22e9a3fb
reloadAllAccessors: .RecursiveLattice

===========================================================================================
----------------- testing Thu Dec 13 02:57:54 UTC 2018 /home/travis/build/icyphy/ptII/ptolemy/actor/lib/test/auto/Router.xml
----------------- Instantiating /home/travis/build/icyphy/ptII/ptolemy/actor/lib/test/auto/Router.xml
3004 ms. Memory: 1575936K Free: 140786K (9%)
----------------- Invoking toplevel() on ptolemy.moml.MoMLSimpleApplication@2c74cc6e
----------------- Done invoking toplevel() on ptolemy.moml.MoMLSimpleApplication@2c74cc6e
reloadAllAccessors: .Router

===========================================================================================
----------------- testing Thu Dec 13 02:57:57 UTC 2018 /home/travis/build/icyphy/ptII/ptolemy/actor/lib/test/auto/Router2.xml
----------------- Instantiating /home/travis/build/icyphy/ptII/ptolemy/actor/lib/test/auto/Router2.xml
3003 ms. Memory: 1575936K Free: 126235K (8%)
----------------- Invoking toplevel() on ptolemy.moml.MoMLSimpleApplication@58368c42
----------------- Done invoking toplevel() on ptolemy.moml.MoMLSimpleApplication@58368c42
reloadAllAccessors: .Router2

===========================================================================================
----------------- testing Thu Dec 13 02:58:00 UTC 2018 /home/travis/build/icyphy/ptII/ptolemy/actor/lib/test/auto/RunningMaximum.xml
----------------- Instantiating /home/travis/build/icyphy/ptII/ptolemy/actor/lib/test/auto/RunningMaximum.xml
2 ms. Memory: 1575936K Free: 106523K (7%)
----------------- Invoking toplevel() on ptolemy.moml.MoMLSimpleApplication@5bf64aab
----------------- Done invoking toplevel() on ptolemy.moml.MoMLSimpleApplication@5bf64aab
reloadAllAccessors: .RunningMaximum

===========================================================================================
----------------- testing Thu Dec 13 02:58:00 UTC 2018 /home/travis/build/icyphy/ptII/ptolemy/actor/lib/test/auto/RunningMinimum.xml
----------------- Instantiating /home/travis/build/icyphy/ptII/ptolemy/actor/lib/test/auto/RunningMinimum.xml
2 ms. Memory: 1575936K Free: 91972K (6%)
----------------- Invoking toplevel() on ptolemy.moml.MoMLSimpleApplication@4c1a615c
----------------- Done invoking toplevel() on ptolemy.moml.MoMLSimpleApplication@4c1a615c
reloadAllAccessors: .RunningMinimum

===========================================================================================
----------------- testing Thu Dec 13 02:58:00 UTC 2018 /home/travis/build/icyphy/ptII/ptolemy/actor/lib/test/auto/Scale.xml
----------------- Instantiating /home/travis/build/icyphy/ptII/ptolemy/actor/lib/test/auto/Scale.xml
8 ms. Memory: 1712640K Free: 1668171K (97%)
----------------- Invoking toplevel() on ptolemy.moml.MoMLSimpleApplication@25c7b53
----------------- Done invoking toplevel() on ptolemy.moml.MoMLSimpleApplication@25c7b53
reloadAllAccessors: .Scale

===========================================================================================
----------------- testing Thu Dec 13 02:58:00 UTC 2018 /home/travis/build/icyphy/ptII/ptolemy/actor/lib/test/auto/Scale2.xml
----------------- Instantiating /home/travis/build/icyphy/ptII/ptolemy/actor/lib/test/auto/Scale2.xml
1 ms. Memory: 1712640K Free: 1644077K (96%)
----------------- Invoking toplevel() on ptolemy.moml.MoMLSimpleApplication@4156f0a4
----------------- Done invoking toplevel() on ptolemy.moml.MoMLSimpleApplication@4156f0a4
reloadAllAccessors: .Scale2

===========================================================================================
----------------- testing Thu Dec 13 02:58:00 UTC 2018 /home/travis/build/icyphy/ptII/ptolemy/actor/lib/test/auto/Scale3.xml
----------------- Instantiating /home/travis/build/icyphy/ptII/ptolemy/actor/lib/test/auto/Scale3.xml
2 ms. Memory: 1712640K Free: 1624009K (95%)
----------------- Invoking toplevel() on ptolemy.moml.MoMLSimpleApplication@393b80a3
----------------- Done invoking toplevel() on ptolemy.moml.MoMLSimpleApplication@393b80a3
reloadAllAccessors: .Scale3

===========================================================================================
----------------- testing Thu Dec 13 02:58:00 UTC 2018 /home/travis/build/icyphy/ptII/ptolemy/actor/lib/test/auto/ScaleArray.xml
----------------- Instantiating /home/travis/build/icyphy/ptII/ptolemy/actor/lib/test/auto/ScaleArray.xml
2 ms. Memory: 1712640K Free: 1607907K (94%)
----------------- Invoking toplevel() on ptolemy.moml.MoMLSimpleApplication@6e0a3510
----------------- Done invoking toplevel() on ptolemy.moml.MoMLSimpleApplication@6e0a3510
reloadAllAccessors: .ScaleArray

===========================================================================================
----------------- testing Thu Dec 13 02:58:00 UTC 2018 /home/travis/build/icyphy/ptII/ptolemy/actor/lib/test/auto/ScaleArray2.xml
----------------- Instantiating /home/travis/build/icyphy/ptII/ptolemy/actor/lib/test/auto/ScaleArray2.xml
3 ms. Memory: 1712640K Free: 1587838K (93%)
----------------- Invoking toplevel() on ptolemy.moml.MoMLSimpleApplication@59ead1db
----------------- Done invoking toplevel() on ptolemy.moml.MoMLSimpleApplication@59ead1db
reloadAllAccessors: .ScaleArray2

===========================================================================================
----------------- testing Thu Dec 13 02:58:00 UTC 2018 /home/travis/build/icyphy/ptII/ptolemy/actor/lib/test/auto/ScaleMatrix.xml
----------------- Instantiating /home/travis/build/icyphy/ptII/ptolemy/actor/lib/test/auto/ScaleMatrix.xml
121 ms. Memory: 1712640K Free: 1559693K (91%)
----------------- Invoking toplevel() on ptolemy.moml.MoMLSimpleApplication@5dfdda6d
----------------- Done invoking toplevel() on ptolemy.moml.MoMLSimpleApplication@5dfdda6d
reloadAllAccessors: .ScaleMatrix

===========================================================================================
----------------- testing Thu Dec 13 02:58:00 UTC 2018 /home/travis/build/icyphy/ptII/ptolemy/actor/lib/test/auto/Select.xml
----------------- Instantiating /home/travis/build/icyphy/ptII/ptolemy/actor/lib/test/auto/Select.xml
2 ms. Memory: 1712640K Free: 1543590K (90%)
----------------- Invoking toplevel() on ptolemy.moml.MoMLSimpleApplication@15d62e9e
----------------- Done invoking toplevel() on ptolemy.moml.MoMLSimpleApplication@15d62e9e
reloadAllAccessors: .Select

===========================================================================================
----------------- testing Thu Dec 13 02:58:00 UTC 2018 /home/travis/build/icyphy/ptII/ptolemy/actor/lib/test/auto/Select2.xml
----------------- Instantiating /home/travis/build/icyphy/ptII/ptolemy/actor/lib/test/auto/Select2.xml
1 ms. Memory: 1712640K Free: 1523522K (89%)
----------------- Invoking toplevel() on ptolemy.moml.MoMLSimpleApplication@1b42bb85
----------------- Done invoking toplevel() on ptolemy.moml.MoMLSimpleApplication@1b42bb85
reloadAllAccessors: .Select2

===========================================================================================
----------------- testing Thu Dec 13 02:58:00 UTC 2018 /home/travis/build/icyphy/ptII/ptolemy/actor/lib/test/auto/SequenceToArray2.xml
----------------- Instantiating /home/travis/build/icyphy/ptII/ptolemy/actor/lib/test/auto/SequenceToArray2.xml
58 ms. Memory: 1712640K Free: 1422925K (83%)
----------------- Invoking toplevel() on ptolemy.moml.MoMLSimpleApplication@29f46402
----------------- Done invoking toplevel() on ptolemy.moml.MoMLSimpleApplication@29f46402
reloadAllAccessors: .SequenceToArray2

===========================================================================================
----------------- testing Thu Dec 13 02:58:00 UTC 2018 /home/travis/build/icyphy/ptII/ptolemy/actor/lib/test/auto/SequentialClock.xml
----------------- Instantiating /home/travis/build/icyphy/ptII/ptolemy/actor/lib/test/auto/SequentialClock.xml
1 ms. Memory: 1712640K Free: 1406823K (82%)
----------------- Invoking toplevel() on ptolemy.moml.MoMLSimpleApplication@2d37977f
----------------- Done invoking toplevel() on ptolemy.moml.MoMLSimpleApplication@2d37977f
reloadAllAccessors: .SequentialClock

===========================================================================================
----------------- testing Thu Dec 13 02:58:00 UTC 2018 /home/travis/build/icyphy/ptII/ptolemy/actor/lib/test/auto/SetVariable.xml
----------------- Instantiating /home/travis/build/icyphy/ptII/ptolemy/actor/lib/test/auto/SetVariable.xml
2 ms. Memory: 1712640K Free: 1386754K (81%)
----------------- Invoking toplevel() on ptolemy.moml.MoMLSimpleApplication@66e801d0
----------------- Done invoking toplevel() on ptolemy.moml.MoMLSimpleApplication@66e801d0
reloadAllAccessors: .SetVariable

===========================================================================================
----------------- testing Thu Dec 13 02:58:00 UTC 2018 /home/travis/build/icyphy/ptII/ptolemy/actor/lib/test/auto/SetVariable2.xml
----------------- Instantiating /home/travis/build/icyphy/ptII/ptolemy/actor/lib/test/auto/SetVariable2.xml
2 ms. Memory: 1712640K Free: 1370652K (80%)
----------------- Invoking toplevel() on ptolemy.moml.MoMLSimpleApplication@5017f4e3
----------------- Done invoking toplevel() on ptolemy.moml.MoMLSimpleApplication@5017f4e3
reloadAllAccessors: .SetVariable2

===========================================================================================
----------------- testing Thu Dec 13 02:58:00 UTC 2018 /home/travis/build/icyphy/ptII/ptolemy/actor/lib/test/auto/SetVariable3.xml
----------------- Instantiating /home/travis/build/icyphy/ptII/ptolemy/actor/lib/test/auto/SetVariable3.xml
2 ms. Memory: 1712640K Free: 1350583K (79%)
----------------- Invoking toplevel() on ptolemy.moml.MoMLSimpleApplication@6d0e7a87
----------------- Done invoking toplevel() on ptolemy.moml.MoMLSimpleApplication@6d0e7a87
reloadAllAccessors: .SetVariable3

===========================================================================================
----------------- testing Thu Dec 13 02:58:00 UTC 2018 /home/travis/build/icyphy/ptII/ptolemy/actor/lib/test/auto/SetVariable4.xml
----------------- Instantiating /home/travis/build/icyphy/ptII/ptolemy/actor/lib/test/auto/SetVariable4.xml
14 ms. Memory: 1712640K Free: 1274156K (74%)
----------------- Invoking toplevel() on ptolemy.moml.MoMLSimpleApplication@19226e5a
----------------- Done invoking toplevel() on ptolemy.moml.MoMLSimpleApplication@19226e5a
reloadAllAccessors: .SetVariable4

===========================================================================================
----------------- testing Thu Dec 13 02:58:00 UTC 2018 /home/travis/build/icyphy/ptII/ptolemy/actor/lib/test/auto/SetVariable5.xml
----------------- Instantiating /home/travis/build/icyphy/ptII/ptolemy/actor/lib/test/auto/SetVariable5.xml
11 ms. Memory: 1712640K Free: 1258054K (73%)
----------------- Invoking toplevel() on ptolemy.moml.MoMLSimpleApplication@504736c
----------------- Done invoking toplevel() on ptolemy.moml.MoMLSimpleApplication@504736c
reloadAllAccessors: .SetVariable5

===========================================================================================
----------------- testing Thu Dec 13 02:58:00 UTC 2018 /home/travis/build/icyphy/ptII/ptolemy/actor/lib/test/auto/Sinewave.xml
----------------- Instantiating /home/travis/build/icyphy/ptII/ptolemy/actor/lib/test/auto/Sinewave.xml
5 ms. Memory: 1712640K Free: 1229926K (72%)
----------------- Invoking toplevel() on ptolemy.moml.MoMLSimpleApplication@33e9a5a9
----------------- Done invoking toplevel() on ptolemy.moml.MoMLSimpleApplication@33e9a5a9
reloadAllAccessors: .Sinewave

===========================================================================================
----------------- testing Thu Dec 13 02:58:00 UTC 2018 /home/travis/build/icyphy/ptII/ptolemy/actor/lib/test/auto/Sinewave2.xml
----------------- Instantiating /home/travis/build/icyphy/ptII/ptolemy/actor/lib/test/auto/Sinewave2.xml
6 ms. Memory: 1712640K Free: 1209858K (71%)
----------------- Invoking toplevel() on ptolemy.moml.MoMLSimpleApplication@32b5a1b9
----------------- Done invoking toplevel() on ptolemy.moml.MoMLSimpleApplication@32b5a1b9
reloadAllAccessors: .Sinewave2

===========================================================================================
----------------- testing Thu Dec 13 02:58:00 UTC 2018 /home/travis/build/icyphy/ptII/ptolemy/actor/lib/test/auto/Sinewave3.xml
----------------- Instantiating /home/travis/build/icyphy/ptII/ptolemy/actor/lib/test/auto/Sinewave3.xml
4 ms. Memory: 1712640K Free: 1193755K (70%)
----------------- Invoking toplevel() on ptolemy.moml.MoMLSimpleApplication@70636548
----------------- Done invoking toplevel() on ptolemy.moml.MoMLSimpleApplication@70636548
reloadAllAccessors: .Sinewave3

===========================================================================================
----------------- testing Thu Dec 13 02:58:00 UTC 2018 /home/travis/build/icyphy/ptII/ptolemy/actor/lib/test/auto/SingleEvent.xml
----------------- Instantiating /home/travis/build/icyphy/ptII/ptolemy/actor/lib/test/auto/SingleEvent.xml
1 ms. Memory: 1712640K Free: 1173687K (69%)
----------------- Invoking toplevel() on ptolemy.moml.MoMLSimpleApplication@3c8ba5b5
----------------- Done invoking toplevel() on ptolemy.moml.MoMLSimpleApplication@3c8ba5b5
reloadAllAccessors: .SingleEvent

===========================================================================================
----------------- testing Thu Dec 13 02:58:00 UTC 2018 /home/travis/build/icyphy/ptII/ptolemy/actor/lib/test/auto/Sleep.xml
----------------- Instantiating /home/travis/build/icyphy/ptII/ptolemy/actor/lib/test/auto/Sleep.xml
6002 ms. Memory: 1712640K Free: 1157585K (68%)
----------------- Invoking toplevel() on ptolemy.moml.MoMLSimpleApplication@5fd9155b
----------------- Done invoking toplevel() on ptolemy.moml.MoMLSimpleApplication@5fd9155b
reloadAllAccessors: .Sleep

===========================================================================================
----------------- testing Thu Dec 13 02:58:07 UTC 2018 /home/travis/build/icyphy/ptII/ptolemy/actor/lib/test/auto/SleepMultipleFire.xml
----------------- Instantiating /home/travis/build/icyphy/ptII/ptolemy/actor/lib/test/auto/SleepMultipleFire.xml
1004 ms. Memory: 1712640K Free: 1137516K (66%)
----------------- Invoking toplevel() on ptolemy.moml.MoMLSimpleApplication@1643b589
----------------- Done invoking toplevel() on ptolemy.moml.MoMLSimpleApplication@1643b589
reloadAllAccessors: .SleepMultipleFire

===========================================================================================
----------------- testing Thu Dec 13 02:58:08 UTC 2018 /home/travis/build/icyphy/ptII/ptolemy/actor/lib/test/auto/StopDE.xml
----------------- Instantiating /home/travis/build/icyphy/ptII/ptolemy/actor/lib/test/auto/StopDE.xml
2 ms. Memory: 1712640K Free: 1117448K (65%)
----------------- Invoking toplevel() on ptolemy.moml.MoMLSimpleApplication@4d440169
----------------- Done invoking toplevel() on ptolemy.moml.MoMLSimpleApplication@4d440169
reloadAllAccessors: .StopDE

===========================================================================================
----------------- testing Thu Dec 13 02:58:08 UTC 2018 /home/travis/build/icyphy/ptII/ptolemy/actor/lib/test/auto/StopSDF.xml
----------------- Instantiating /home/travis/build/icyphy/ptII/ptolemy/actor/lib/test/auto/StopSDF.xml
2 ms. Memory: 1712640K Free: 1101346K (64%)
----------------- Invoking toplevel() on ptolemy.moml.MoMLSimpleApplication@6b2e2d03
----------------- Done invoking toplevel() on ptolemy.moml.MoMLSimpleApplication@6b2e2d03
reloadAllAccessors: .StopSDF

===========================================================================================
----------------- testing Thu Dec 13 02:58:08 UTC 2018 /home/travis/build/icyphy/ptII/ptolemy/actor/lib/test/auto/StringConstant.xml
----------------- Instantiating /home/travis/build/icyphy/ptII/ptolemy/actor/lib/test/auto/StringConstant.xml
1 ms. Memory: 1712640K Free: 1081277K (63%)
----------------- Invoking toplevel() on ptolemy.moml.MoMLSimpleApplication@2b1e1835
----------------- Done invoking toplevel() on ptolemy.moml.MoMLSimpleApplication@2b1e1835
reloadAllAccessors: .StringConstant

===========================================================================================
----------------- testing Thu Dec 13 02:58:08 UTC 2018 /home/travis/build/icyphy/ptII/ptolemy/actor/lib/test/auto/SubscriberPortInitialValues1.xml
----------------- Instantiating /home/travis/build/icyphy/ptII/ptolemy/actor/lib/test/auto/SubscriberPortInitialValues1.xml
5 ms. Memory: 1712640K Free: 1061209K (62%)
----------------- Invoking toplevel() on ptolemy.moml.MoMLSimpleApplication@4de48842
----------------- Done invoking toplevel() on ptolemy.moml.MoMLSimpleApplication@4de48842
reloadAllAccessors: .SubscriberPortInitialValues1

===========================================================================================
----------------- testing Thu Dec 13 02:58:08 UTC 2018 /home/travis/build/icyphy/ptII/ptolemy/actor/lib/test/auto/SubscriberPortInitialValues13.xml
----------------- Instantiating /home/travis/build/icyphy/ptII/ptolemy/actor/lib/test/auto/SubscriberPortInitialValues13.xml
4 ms. Memory: 1712640K Free: 1037039K (61%)
----------------- Invoking toplevel() on ptolemy.moml.MoMLSimpleApplication@455190dd
----------------- Done invoking toplevel() on ptolemy.moml.MoMLSimpleApplication@455190dd
reloadAllAccessors: .SubscriberPortInitialValues13

===========================================================================================
----------------- testing Thu Dec 13 02:58:08 UTC 2018 /home/travis/build/icyphy/ptII/ptolemy/actor/lib/test/auto/SubscriberPortInitialValues14.xml
----------------- Instantiating /home/travis/build/icyphy/ptII/ptolemy/actor/lib/test/auto/SubscriberPortInitialValues14.xml
3 ms. Memory: 1712640K Free: 1016971K (59%)
----------------- Invoking toplevel() on ptolemy.moml.MoMLSimpleApplication@bc4e254
----------------- Done invoking toplevel() on ptolemy.moml.MoMLSimpleApplication@bc4e254
reloadAllAccessors: .SubscriberPortInitialValues14

===========================================================================================
----------------- testing Thu Dec 13 02:58:08 UTC 2018 /home/travis/build/icyphy/ptII/ptolemy/actor/lib/test/auto/SubscriberPortInitialValues2.xml
----------------- Instantiating /home/travis/build/icyphy/ptII/ptolemy/actor/lib/test/auto/SubscriberPortInitialValues2.xml
3 ms. Memory: 1712640K Free: 1000868K (58%)
----------------- Invoking toplevel() on ptolemy.moml.MoMLSimpleApplication@7bfce5f9
----------------- Done invoking toplevel() on ptolemy.moml.MoMLSimpleApplication@7bfce5f9
reloadAllAccessors: .SubscriberPortInitialValues2

===========================================================================================
----------------- testing Thu Dec 13 02:58:08 UTC 2018 /home/travis/build/icyphy/ptII/ptolemy/actor/lib/test/auto/SubscriberPortInitialValues3.xml
----------------- Instantiating /home/travis/build/icyphy/ptII/ptolemy/actor/lib/test/auto/SubscriberPortInitialValues3.xml
3 ms. Memory: 1712640K Free: 980800K (57%)
----------------- Invoking toplevel() on ptolemy.moml.MoMLSimpleApplication@2aa526b2
----------------- Done invoking toplevel() on ptolemy.moml.MoMLSimpleApplication@2aa526b2
reloadAllAccessors: .SubscriberPortInitialValues3

===========================================================================================
----------------- testing Thu Dec 13 02:58:08 UTC 2018 /home/travis/build/icyphy/ptII/ptolemy/actor/lib/test/auto/SubscriptionAggregator.xml
----------------- Instantiating /home/travis/build/icyphy/ptII/ptolemy/actor/lib/test/auto/SubscriptionAggregator.xml
2 ms. Memory: 1712640K Free: 960731K (56%)
----------------- Invoking toplevel() on ptolemy.moml.MoMLSimpleApplication@48b81794
----------------- Done invoking toplevel() on ptolemy.moml.MoMLSimpleApplication@48b81794
reloadAllAccessors: .SubscriptionAggregator

===========================================================================================
----------------- testing Thu Dec 13 02:58:08 UTC 2018 /home/travis/build/icyphy/ptII/ptolemy/actor/lib/test/auto/SubscriptionAggregator2.xml
----------------- Instantiating /home/travis/build/icyphy/ptII/ptolemy/actor/lib/test/auto/SubscriptionAggregator2.xml
2 ms. Memory: 1712640K Free: 944629K (55%)
----------------- Invoking toplevel() on ptolemy.moml.MoMLSimpleApplication@73e8191c
----------------- Done invoking toplevel() on ptolemy.moml.MoMLSimpleApplication@73e8191c
reloadAllAccessors: .SubscriptionAggregator2

===========================================================================================
----------------- testing Thu Dec 13 02:58:08 UTC 2018 /home/travis/build/icyphy/ptII/ptolemy/actor/lib/test/auto/SubscriptionAggregator3.xml
----------------- Instantiating /home/travis/build/icyphy/ptII/ptolemy/actor/lib/test/auto/SubscriptionAggregator3.xml
2 ms. Memory: 1712640K Free: 924561K (54%)
----------------- Invoking toplevel() on ptolemy.moml.MoMLSimpleApplication@24a4e482
----------------- Done invoking toplevel() on ptolemy.moml.MoMLSimpleApplication@24a4e482
reloadAllAccessors: .SubscriptionAggregator3

===========================================================================================
----------------- testing Thu Dec 13 02:58:08 UTC 2018 /home/travis/build/icyphy/ptII/ptolemy/actor/lib/test/auto/SubscriptionAggregatorMultiply.xml
----------------- Instantiating /home/travis/build/icyphy/ptII/ptolemy/actor/lib/test/auto/SubscriptionAggregatorMultiply.xml
3 ms. Memory: 1712640K Free: 904492K (53%)
----------------- Invoking toplevel() on ptolemy.moml.MoMLSimpleApplication@73a3a8f
----------------- Done invoking toplevel() on ptolemy.moml.MoMLSimpleApplication@73a3a8f
reloadAllAccessors: .SubscriptionAggregatorMultiply

===========================================================================================
----------------- testing Thu Dec 13 02:58:08 UTC 2018 /home/travis/build/icyphy/ptII/ptolemy/actor/lib/test/auto/SubscriptionAggregatorPortMultiply1.xml
----------------- Instantiating /home/travis/build/icyphy/ptII/ptolemy/actor/lib/test/auto/SubscriptionAggregatorPortMultiply1.xml
3 ms. Memory: 1712640K Free: 888390K (52%)
----------------- Invoking toplevel() on ptolemy.moml.MoMLSimpleApplication@6dd67ba8
----------------- Done invoking toplevel() on ptolemy.moml.MoMLSimpleApplication@6dd67ba8
reloadAllAccessors: .SubscriptionAggregatorPortMultiply1

===========================================================================================
----------------- testing Thu Dec 13 02:58:08 UTC 2018 /home/travis/build/icyphy/ptII/ptolemy/actor/lib/test/auto/Switch.xml
----------------- Instantiating /home/travis/build/icyphy/ptII/ptolemy/actor/lib/test/auto/Switch.xml
3 ms. Memory: 1712640K Free: 820014K (48%)
----------------- Invoking toplevel() on ptolemy.moml.MoMLSimpleApplication@3a0be78e
----------------- Done invoking toplevel() on ptolemy.moml.MoMLSimpleApplication@3a0be78e
reloadAllAccessors: .Switch

===========================================================================================
----------------- testing Thu Dec 13 02:58:08 UTC 2018 /home/travis/build/icyphy/ptII/ptolemy/actor/lib/test/auto/Switch2.xml
----------------- Instantiating /home/travis/build/icyphy/ptII/ptolemy/actor/lib/test/auto/Switch2.xml
1 ms. Memory: 1712640K Free: 803912K (47%)
----------------- Invoking toplevel() on ptolemy.moml.MoMLSimpleApplication@6080daad
----------------- Done invoking toplevel() on ptolemy.moml.MoMLSimpleApplication@6080daad
reloadAllAccessors: .Switch2

===========================================================================================
----------------- testing Thu Dec 13 02:58:08 UTC 2018 /home/travis/build/icyphy/ptII/ptolemy/actor/lib/test/auto/SwitchDE.xml
----------------- Instantiating /home/travis/build/icyphy/ptII/ptolemy/actor/lib/test/auto/SwitchDE.xml
2 ms. Memory: 1712640K Free: 783843K (46%)
----------------- Invoking toplevel() on ptolemy.moml.MoMLSimpleApplication@3b6c2712
----------------- Done invoking toplevel() on ptolemy.moml.MoMLSimpleApplication@3b6c2712
reloadAllAccessors: .SwitchDE

===========================================================================================
----------------- testing Thu Dec 13 02:58:08 UTC 2018 /home/travis/build/icyphy/ptII/ptolemy/actor/lib/test/auto/SynchronizerDE.xml
----------------- Instantiating /home/travis/build/icyphy/ptII/ptolemy/actor/lib/test/auto/SynchronizerDE.xml
3 ms. Memory: 1712640K Free: 763775K (45%)
----------------- Invoking toplevel() on ptolemy.moml.MoMLSimpleApplication@4fa48f71
----------------- Done invoking toplevel() on ptolemy.moml.MoMLSimpleApplication@4fa48f71
reloadAllAccessors: .SynchronizerDE

===========================================================================================
----------------- testing Thu Dec 13 02:58:08 UTC 2018 /home/travis/build/icyphy/ptII/ptolemy/actor/lib/test/auto/Test.xml
----------------- Instantiating /home/travis/build/icyphy/ptII/ptolemy/actor/lib/test/auto/Test.xml
2 ms. Memory: 1712640K Free: 747672K (44%)
----------------- Invoking toplevel() on ptolemy.moml.MoMLSimpleApplication@33513a25
----------------- Done invoking toplevel() on ptolemy.moml.MoMLSimpleApplication@33513a25
reloadAllAccessors: .Test

===========================================================================================
----------------- testing Thu Dec 13 02:58:08 UTC 2018 /home/travis/build/icyphy/ptII/ptolemy/actor/lib/test/auto/TestExceptionAttribute1.xml
----------------- Instantiating /home/travis/build/icyphy/ptII/ptolemy/actor/lib/test/auto/TestExceptionAttribute1.xml
1 ms. Memory: 1712640K Free: 727604K (42%)
----------------- Invoking toplevel() on ptolemy.moml.MoMLSimpleApplication@39752953
----------------- Done invoking toplevel() on ptolemy.moml.MoMLSimpleApplication@39752953
reloadAllAccessors: .TestExceptionAttribute1

===========================================================================================
----------------- testing Thu Dec 13 02:58:08 UTC 2018 /home/travis/build/icyphy/ptII/ptolemy/actor/lib/test/auto/TestExceptionAttribute2.xml
----------------- Instantiating /home/travis/build/icyphy/ptII/ptolemy/actor/lib/test/auto/TestExceptionAttribute2.xml
0 ms. Memory: 1712640K Free: 707535K (41%)
----------------- Invoking toplevel() on ptolemy.moml.MoMLSimpleApplication@4171da32
----------------- Done invoking toplevel() on ptolemy.moml.MoMLSimpleApplication@4171da32
reloadAllAccessors: .TestExceptionAttribute2

===========================================================================================
----------------- testing Thu Dec 13 02:58:08 UTC 2018 /home/travis/build/icyphy/ptII/ptolemy/actor/lib/test/auto/TestExceptionAttribute3.xml
----------------- Instantiating /home/travis/build/icyphy/ptII/ptolemy/actor/lib/test/auto/TestExceptionAttribute3.xml
.TestExceptionAttribute3.TestExceptionAttribute: initialize() was not invoked, but wrapup() was.  This is unusual, but not always a problem.  For example, exporting JNLP will do this.
0 ms. Memory: 1712640K Free: 691433K (40%)
----------------- Invoking toplevel() on ptolemy.moml.MoMLSimpleApplication@4e2f5055
----------------- Done invoking toplevel() on ptolemy.moml.MoMLSimpleApplication@4e2f5055
reloadAllAccessors: .TestExceptionAttribute3

===========================================================================================
----------------- testing Thu Dec 13 02:58:08 UTC 2018 /home/travis/build/icyphy/ptII/ptolemy/actor/lib/test/auto/TestExceptionAttribute4.xml
----------------- Instantiating /home/travis/build/icyphy/ptII/ptolemy/actor/lib/test/auto/TestExceptionAttribute4.xml
.TestExceptionAttribute4.TestExceptionAttribute: initialize() was not invoked, but wrapup() was.  This is unusual, but not always a problem.  For example, exporting JNLP will do this.
.TestExceptionAttribute4.TestExceptionAttribute2: initialize() was not invoked, but wrapup() was.  This is unusual, but not always a problem.  For example, exporting JNLP will do this.
1 ms. Memory: 1712640K Free: 671365K (39%)
----------------- Invoking toplevel() on ptolemy.moml.MoMLSimpleApplication@b3a1cdf
----------------- Done invoking toplevel() on ptolemy.moml.MoMLSimpleApplication@b3a1cdf
reloadAllAccessors: .TestExceptionAttribute4

===========================================================================================
----------------- testing Thu Dec 13 02:58:08 UTC 2018 /home/travis/build/icyphy/ptII/ptolemy/actor/lib/test/auto/TestExceptionHandler1.xml
----------------- Instantiating /home/travis/build/icyphy/ptII/ptolemy/actor/lib/test/auto/TestExceptionHandler1.xml
0 ms. Memory: 1712640K Free: 651296K (38%)
----------------- Invoking toplevel() on ptolemy.moml.MoMLSimpleApplication@5c6429b
----------------- Done invoking toplevel() on ptolemy.moml.MoMLSimpleApplication@5c6429b
reloadAllAccessors: .TestExceptionHandler1

===========================================================================================
----------------- testing Thu Dec 13 02:58:08 UTC 2018 /home/travis/build/icyphy/ptII/ptolemy/actor/lib/test/auto/TestExceptionHandler2.xml
----------------- Instantiating /home/travis/build/icyphy/ptII/ptolemy/actor/lib/test/auto/TestExceptionHandler2.xml
1 ms. Memory: 1712640K Free: 635194K (37%)
----------------- Invoking toplevel() on ptolemy.moml.MoMLSimpleApplication@1acea2fd
----------------- Done invoking toplevel() on ptolemy.moml.MoMLSimpleApplication@1acea2fd
reloadAllAccessors: .TestExceptionHandler2

===========================================================================================
----------------- testing Thu Dec 13 02:58:08 UTC 2018 /home/travis/build/icyphy/ptII/ptolemy/actor/lib/test/auto/TestExceptionHandler3.xml
----------------- Instantiating /home/travis/build/icyphy/ptII/ptolemy/actor/lib/test/auto/TestExceptionHandler3.xml
1 ms. Memory: 1712640K Free: 615126K (36%)
----------------- Invoking toplevel() on ptolemy.moml.MoMLSimpleApplication@6cc3c522
----------------- Done invoking toplevel() on ptolemy.moml.MoMLSimpleApplication@6cc3c522
reloadAllAccessors: .TestExceptionHandler3

===========================================================================================
----------------- testing Thu Dec 13 02:58:08 UTC 2018 /home/travis/build/icyphy/ptII/ptolemy/actor/lib/test/auto/TestExceptionHandler4.xml
----------------- Instantiating /home/travis/build/icyphy/ptII/ptolemy/actor/lib/test/auto/TestExceptionHandler4.xml
1 ms. Memory: 1712640K Free: 599023K (35%)
----------------- Invoking toplevel() on ptolemy.moml.MoMLSimpleApplication@4bf1a89
----------------- Done invoking toplevel() on ptolemy.moml.MoMLSimpleApplication@4bf1a89
reloadAllAccessors: .TestExceptionHandler4

===========================================================================================
----------------- testing Thu Dec 13 02:58:08 UTC 2018 /home/travis/build/icyphy/ptII/ptolemy/actor/lib/test/auto/TestRequireCorrectOrder.xml
----------------- Instantiating /home/travis/build/icyphy/ptII/ptolemy/actor/lib/test/auto/TestRequireCorrectOrder.xml
2 ms. Memory: 1712640K Free: 578955K (34%)
----------------- Invoking toplevel() on ptolemy.moml.MoMLSimpleApplication@372bf301
----------------- Done invoking toplevel() on ptolemy.moml.MoMLSimpleApplication@372bf301
reloadAllAccessors: .TestRequireCorrectOrder

===========================================================================================
----------------- testing Thu Dec 13 02:58:08 UTC 2018 /home/travis/build/icyphy/ptII/ptolemy/actor/lib/test/auto/TestSimple.xml
----------------- Instantiating /home/travis/build/icyphy/ptII/ptolemy/actor/lib/test/auto/TestSimple.xml
1 ms. Memory: 1712640K Free: 558886K (33%)
----------------- Invoking toplevel() on ptolemy.moml.MoMLSimpleApplication@202e1bd8
----------------- Done invoking toplevel() on ptolemy.moml.MoMLSimpleApplication@202e1bd8
reloadAllAccessors: .TestSimple

===========================================================================================
----------------- testing Thu Dec 13 02:58:08 UTC 2018 /home/travis/build/icyphy/ptII/ptolemy/actor/lib/test/auto/ThrowModelError.xml
----------------- Instantiating /home/travis/build/icyphy/ptII/ptolemy/actor/lib/test/auto/ThrowModelError.xml
1 ms. Memory: 1712640K Free: 542784K (32%)
----------------- Invoking toplevel() on ptolemy.moml.MoMLSimpleApplication@6bae6526
----------------- Done invoking toplevel() on ptolemy.moml.MoMLSimpleApplication@6bae6526
reloadAllAccessors: .ThrowModelError

===========================================================================================
----------------- testing Thu Dec 13 02:58:08 UTC 2018 /home/travis/build/icyphy/ptII/ptolemy/actor/lib/test/auto/TimeDelayMicrosteps.xml
----------------- Instantiating /home/travis/build/icyphy/ptII/ptolemy/actor/lib/test/auto/TimeDelayMicrosteps.xml
2 ms. Memory: 1712640K Free: 522715K (31%)
----------------- Invoking toplevel() on ptolemy.moml.MoMLSimpleApplication@591ddba7
----------------- Done invoking toplevel() on ptolemy.moml.MoMLSimpleApplication@591ddba7
reloadAllAccessors: .TimeDelayMicrosteps

===========================================================================================
----------------- testing Thu Dec 13 02:58:08 UTC 2018 /home/travis/build/icyphy/ptII/ptolemy/actor/lib/test/auto/TimeDelayMicrosteps2.xml
----------------- Instantiating /home/travis/build/icyphy/ptII/ptolemy/actor/lib/test/auto/TimeDelayMicrosteps2.xml
2 ms. Memory: 1712640K Free: 502647K (29%)
----------------- Invoking toplevel() on ptolemy.moml.MoMLSimpleApplication@25264b98
----------------- Done invoking toplevel() on ptolemy.moml.MoMLSimpleApplication@25264b98
reloadAllAccessors: .TimeDelayMicrosteps2

===========================================================================================
----------------- testing Thu Dec 13 02:58:08 UTC 2018 /home/travis/build/icyphy/ptII/ptolemy/actor/lib/test/auto/TimeDelayMicrosteps3.xml
----------------- Instantiating /home/travis/build/icyphy/ptII/ptolemy/actor/lib/test/auto/TimeDelayMicrosteps3.xml
2 ms. Memory: 1712640K Free: 486544K (28%)
----------------- Invoking toplevel() on ptolemy.moml.MoMLSimpleApplication@861b6ba
----------------- Done invoking toplevel() on ptolemy.moml.MoMLSimpleApplication@861b6ba
reloadAllAccessors: .TimeDelayMicrosteps3

===========================================================================================
----------------- testing Thu Dec 13 02:58:08 UTC 2018 /home/travis/build/icyphy/ptII/ptolemy/actor/lib/test/auto/TimeDelayVariableMicrosteps.xml
----------------- Instantiating /home/travis/build/icyphy/ptII/ptolemy/actor/lib/test/auto/TimeDelayVariableMicrosteps.xml
2 ms. Memory: 1712640K Free: 466476K (27%)
----------------- Invoking toplevel() on ptolemy.moml.MoMLSimpleApplication@33f0c888
----------------- Done invoking toplevel() on ptolemy.moml.MoMLSimpleApplication@33f0c888
reloadAllAccessors: .TimeDelayVariableMicrosteps

===========================================================================================
----------------- testing Thu Dec 13 02:58:08 UTC 2018 /home/travis/build/icyphy/ptII/ptolemy/actor/lib/test/auto/TimeGap.xml
----------------- Instantiating /home/travis/build/icyphy/ptII/ptolemy/actor/lib/test/auto/TimeGap.xml
2 ms. Memory: 1712640K Free: 450373K (26%)
----------------- Invoking toplevel() on ptolemy.moml.MoMLSimpleApplication@19a807b3
----------------- Done invoking toplevel() on ptolemy.moml.MoMLSimpleApplication@19a807b3
reloadAllAccessors: .TimeGap

===========================================================================================
----------------- testing Thu Dec 13 02:58:08 UTC 2018 /home/travis/build/icyphy/ptII/ptolemy/actor/lib/test/auto/TimeGap2.xml
----------------- Instantiating /home/travis/build/icyphy/ptII/ptolemy/actor/lib/test/auto/TimeGap2.xml
2 ms. Memory: 1712640K Free: 430305K (25%)
----------------- Invoking toplevel() on ptolemy.moml.MoMLSimpleApplication@73db1904
----------------- Done invoking toplevel() on ptolemy.moml.MoMLSimpleApplication@73db1904
reloadAllAccessors: .TimeGap2

===========================================================================================
----------------- testing Thu Dec 13 02:58:08 UTC 2018 /home/travis/build/icyphy/ptII/ptolemy/actor/lib/test/auto/TimedSinewave.xml
----------------- Instantiating /home/travis/build/icyphy/ptII/ptolemy/actor/lib/test/auto/TimedSinewave.xml
13 ms. Memory: 1712640K Free: 402169K (23%)
----------------- Invoking toplevel() on ptolemy.moml.MoMLSimpleApplication@6677fa25
----------------- Done invoking toplevel() on ptolemy.moml.MoMLSimpleApplication@6677fa25
reloadAllAccessors: .TimedSinewave

===========================================================================================
----------------- testing Thu Dec 13 02:58:08 UTC 2018 /home/travis/build/icyphy/ptII/ptolemy/actor/lib/test/auto/TimedSinewavePhase.xml
----------------- Instantiating /home/travis/build/icyphy/ptII/ptolemy/actor/lib/test/auto/TimedSinewavePhase.xml
7 ms. Memory: 1712640K Free: 386067K (23%)
----------------- Invoking toplevel() on ptolemy.moml.MoMLSimpleApplication@7bd01644
----------------- Done invoking toplevel() on ptolemy.moml.MoMLSimpleApplication@7bd01644
reloadAllAccessors: .TimedSinewavePhase

===========================================================================================
----------------- testing Thu Dec 13 02:58:08 UTC 2018 /home/travis/build/icyphy/ptII/ptolemy/actor/lib/test/auto/Timer.xml
----------------- Instantiating /home/travis/build/icyphy/ptII/ptolemy/actor/lib/test/auto/Timer.xml
1 ms. Memory: 1712640K Free: 365999K (21%)
----------------- Invoking toplevel() on ptolemy.moml.MoMLSimpleApplication@11c44d9b
----------------- Done invoking toplevel() on ptolemy.moml.MoMLSimpleApplication@11c44d9b
reloadAllAccessors: .Timer

===========================================================================================
----------------- testing Thu Dec 13 02:58:08 UTC 2018 /home/travis/build/icyphy/ptII/ptolemy/actor/lib/test/auto/TriangularDistTestModel.xml
----------------- Instantiating /home/travis/build/icyphy/ptII/ptolemy/actor/lib/test/auto/TriangularDistTestModel.xml
1 ms. Memory: 1712640K Free: 345930K (20%)
----------------- Invoking toplevel() on ptolemy.moml.MoMLSimpleApplication@212988de
----------------- Done invoking toplevel() on ptolemy.moml.MoMLSimpleApplication@212988de
reloadAllAccessors: .TriangularDistTestModel

===========================================================================================
----------------- testing Thu Dec 13 02:58:08 UTC 2018 /home/travis/build/icyphy/ptII/ptolemy/actor/lib/test/auto/TrigFunction.xml
----------------- Instantiating /home/travis/build/icyphy/ptII/ptolemy/actor/lib/test/auto/TrigFunction.xml
2 ms. Memory: 1712640K Free: 329828K (19%)
----------------- Invoking toplevel() on ptolemy.moml.MoMLSimpleApplication@55fb6658
----------------- Done invoking toplevel() on ptolemy.moml.MoMLSimpleApplication@55fb6658
reloadAllAccessors: .TrigFunction

===========================================================================================
----------------- testing Thu Dec 13 02:58:08 UTC 2018 /home/travis/build/icyphy/ptII/ptolemy/actor/lib/test/auto/TrigFunctionDE.xml
----------------- Instantiating /home/travis/build/icyphy/ptII/ptolemy/actor/lib/test/auto/TrigFunctionDE.xml
1 ms. Memory: 1712640K Free: 309759K (18%)
----------------- Invoking toplevel() on ptolemy.moml.MoMLSimpleApplication@18cb2be8
----------------- Done invoking toplevel() on ptolemy.moml.MoMLSimpleApplication@18cb2be8
reloadAllAccessors: .TrigFunctionDE

===========================================================================================
----------------- testing Thu Dec 13 02:58:08 UTC 2018 /home/travis/build/icyphy/ptII/ptolemy/actor/lib/test/auto/TrigFunctionInverse.xml
----------------- Instantiating /home/travis/build/icyphy/ptII/ptolemy/actor/lib/test/auto/TrigFunctionInverse.xml
2 ms. Memory: 1712640K Free: 289691K (17%)
----------------- Invoking toplevel() on ptolemy.moml.MoMLSimpleApplication@1ef1ecaa
----------------- Done invoking toplevel() on ptolemy.moml.MoMLSimpleApplication@1ef1ecaa
reloadAllAccessors: .TrigFunctionInverse

===========================================================================================
----------------- testing Thu Dec 13 02:58:08 UTC 2018 /home/travis/build/icyphy/ptII/ptolemy/actor/lib/test/auto/TrigFunctionTan.xml
----------------- Instantiating /home/travis/build/icyphy/ptII/ptolemy/actor/lib/test/auto/TrigFunctionTan.xml
1 ms. Memory: 1712640K Free: 273589K (16%)
----------------- Invoking toplevel() on ptolemy.moml.MoMLSimpleApplication@5443203c
----------------- Done invoking toplevel() on ptolemy.moml.MoMLSimpleApplication@5443203c
reloadAllAccessors: .TrigFunctionTan

===========================================================================================
----------------- testing Thu Dec 13 02:58:08 UTC 2018 /home/travis/build/icyphy/ptII/ptolemy/actor/lib/test/auto/TriggeredClock.xml
----------------- Instantiating /home/travis/build/icyphy/ptII/ptolemy/actor/lib/test/auto/TriggeredClock.xml
1 ms. Memory: 1712640K Free: 253520K (15%)
----------------- Invoking toplevel() on ptolemy.moml.MoMLSimpleApplication@218fdbae
----------------- Done invoking toplevel() on ptolemy.moml.MoMLSimpleApplication@218fdbae
reloadAllAccessors: .TriggeredClock

===========================================================================================
----------------- testing Thu Dec 13 02:58:08 UTC 2018 /home/travis/build/icyphy/ptII/ptolemy/actor/lib/test/auto/URLDirectoryReader.xml
----------------- Instantiating /home/travis/build/icyphy/ptII/ptolemy/actor/lib/test/auto/URLDirectoryReader.xml
28 ms. Memory: 1712640K Free: 237418K (14%)
----------------- Invoking toplevel() on ptolemy.moml.MoMLSimpleApplication@44e6fc11
----------------- Done invoking toplevel() on ptolemy.moml.MoMLSimpleApplication@44e6fc11
reloadAllAccessors: .URLDirectoryReader

===========================================================================================
----------------- testing Thu Dec 13 02:58:08 UTC 2018 /home/travis/build/icyphy/ptII/ptolemy/actor/lib/test/auto/URLDirectoryReader3.xml
----------------- Instantiating /home/travis/build/icyphy/ptII/ptolemy/actor/lib/test/auto/URLDirectoryReader3.xml
1021 ms. Memory: 1712640K Free: 177093K (10%)
----------------- Invoking toplevel() on ptolemy.moml.MoMLSimpleApplication@24feb646
----------------- Done invoking toplevel() on ptolemy.moml.MoMLSimpleApplication@24feb646
reloadAllAccessors: .URLDirectoryReader3

===========================================================================================
----------------- testing Thu Dec 13 02:58:10 UTC 2018 /home/travis/build/icyphy/ptII/ptolemy/actor/lib/test/auto/UnaryMathFunction.xml
----------------- Instantiating /home/travis/build/icyphy/ptII/ptolemy/actor/lib/test/auto/UnaryMathFunction.xml
10 ms. Memory: 1712640K Free: 157025K (9%)
----------------- Invoking toplevel() on ptolemy.moml.MoMLSimpleApplication@45aeb694
----------------- Done invoking toplevel() on ptolemy.moml.MoMLSimpleApplication@45aeb694
reloadAllAccessors: .UnaryMathFunction

===========================================================================================
----------------- testing Thu Dec 13 02:58:10 UTC 2018 /home/travis/build/icyphy/ptII/ptolemy/actor/lib/test/auto/Uniform.xml
----------------- Instantiating /home/travis/build/icyphy/ptII/ptolemy/actor/lib/test/auto/Uniform.xml
1 ms. Memory: 1712640K Free: 140922K (8%)
----------------- Invoking toplevel() on ptolemy.moml.MoMLSimpleApplication@561a6a0b
----------------- Done invoking toplevel() on ptolemy.moml.MoMLSimpleApplication@561a6a0b
reloadAllAccessors: .Uniform

===========================================================================================
----------------- testing Thu Dec 13 02:58:10 UTC 2018 /home/travis/build/icyphy/ptII/ptolemy/actor/lib/test/auto/UnionDisassemblerTest.xml
----------------- Instantiating /home/travis/build/icyphy/ptII/ptolemy/actor/lib/test/auto/UnionDisassemblerTest.xml
6 ms. Memory: 1712640K Free: 120854K (7%)
----------------- Invoking toplevel() on ptolemy.moml.MoMLSimpleApplication@37cb42d5
----------------- Done invoking toplevel() on ptolemy.moml.MoMLSimpleApplication@37cb42d5
reloadAllAccessors: .UnionDisassemblerTest

===========================================================================================
----------------- testing Thu Dec 13 02:58:10 UTC 2018 /home/travis/build/icyphy/ptII/ptolemy/actor/lib/test/auto/UtilityFunctions.xml
----------------- Instantiating /home/travis/build/icyphy/ptII/ptolemy/actor/lib/test/auto/UtilityFunctions.xml
1 ms. Memory: 1712640K Free: 100785K (6%)
----------------- Invoking toplevel() on ptolemy.moml.MoMLSimpleApplication@3020dc80
----------------- Done invoking toplevel() on ptolemy.moml.MoMLSimpleApplication@3020dc80
reloadAllAccessors: .UtilityFunctions

===========================================================================================
----------------- testing Thu Dec 13 02:58:10 UTC 2018 /home/travis/build/icyphy/ptII/ptolemy/actor/lib/test/auto/VariableSleep.xml
----------------- Instantiating /home/travis/build/icyphy/ptII/ptolemy/actor/lib/test/auto/VariableSleep.xml
503 ms. Memory: 1712640K Free: 84683K (5%)
----------------- Invoking toplevel() on ptolemy.moml.MoMLSimpleApplication@7d48e8c9
----------------- Done invoking toplevel() on ptolemy.moml.MoMLSimpleApplication@7d48e8c9
reloadAllAccessors: .VariableSleep

===========================================================================================
----------------- testing Thu Dec 13 02:58:10 UTC 2018 /home/travis/build/icyphy/ptII/ptolemy/actor/lib/test/auto/VectorAssemblerDisassemblerCT.xml
----------------- Instantiating /home/travis/build/icyphy/ptII/ptolemy/actor/lib/test/auto/VectorAssemblerDisassemblerCT.xml
66 ms. Memory: 1732096K Free: 1671763K (97%)
----------------- Invoking toplevel() on ptolemy.moml.MoMLSimpleApplication@50adb49d
----------------- Done invoking toplevel() on ptolemy.moml.MoMLSimpleApplication@50adb49d
reloadAllAccessors: .VectorAssemblerDisassemblerCT

===========================================================================================
----------------- testing Thu Dec 13 02:58:10 UTC 2018 /home/travis/build/icyphy/ptII/ptolemy/actor/lib/test/auto/VectorAssemblerDisassemblerDE.xml
----------------- Instantiating /home/travis/build/icyphy/ptII/ptolemy/actor/lib/test/auto/VectorAssemblerDisassemblerDE.xml
2 ms. Memory: 1732096K Free: 1647608K (95%)
----------------- Invoking toplevel() on ptolemy.moml.MoMLSimpleApplication@3fdf43ee
----------------- Done invoking toplevel() on ptolemy.moml.MoMLSimpleApplication@3fdf43ee
reloadAllAccessors: .VectorAssemblerDisassemblerDE

===========================================================================================
----------------- testing Thu Dec 13 02:58:10 UTC 2018 /home/travis/build/icyphy/ptII/ptolemy/actor/lib/test/auto/VectorAssemblerDisassemblerSDF.xml
----------------- Instantiating /home/travis/build/icyphy/ptII/ptolemy/actor/lib/test/auto/VectorAssemblerDisassemblerSDF.xml
2 ms. Memory: 1732096K Free: 1627645K (94%)
----------------- Invoking toplevel() on ptolemy.moml.MoMLSimpleApplication@11b5fe0f
----------------- Done invoking toplevel() on ptolemy.moml.MoMLSimpleApplication@11b5fe0f
reloadAllAccessors: .VectorAssemblerDisassemblerSDF

===========================================================================================
----------------- testing Thu Dec 13 02:58:10 UTC 2018 /home/travis/build/icyphy/ptII/ptolemy/actor/lib/test/auto/WallClockTime.xml
----------------- Instantiating /home/travis/build/icyphy/ptII/ptolemy/actor/lib/test/auto/WallClockTime.xml
1006 ms. Memory: 1732096K Free: 1611522K (93%)
----------------- Invoking toplevel() on ptolemy.moml.MoMLSimpleApplication@1b30388c
----------------- Done invoking toplevel() on ptolemy.moml.MoMLSimpleApplication@1b30388c
reloadAllAccessors: .WallClockTime

===========================================================================================
----------------- testing Thu Dec 13 02:58:11 UTC 2018 /home/travis/build/icyphy/ptII/ptolemy/actor/lib/test/auto/WidthTestWithSubscriberPublisher.xml
----------------- Instantiating /home/travis/build/icyphy/ptII/ptolemy/actor/lib/test/auto/WidthTestWithSubscriberPublisher.xml
6 ms. Memory: 1732096K Free: 1583482K (91%)
----------------- Invoking toplevel() on ptolemy.moml.MoMLSimpleApplication@77aea76c
----------------- Done invoking toplevel() on ptolemy.moml.MoMLSimpleApplication@77aea76c
reloadAllAccessors: .WidthTestWithSubscriberPublisher

===========================================================================================
----------------- testing Thu Dec 13 02:58:11 UTC 2018 /home/travis/build/icyphy/ptII/ptolemy/actor/lib/test/auto/WidthTestWithSubscriberPublisher2.xml
----------------- Instantiating /home/travis/build/icyphy/ptII/ptolemy/actor/lib/test/auto/WidthTestWithSubscriberPublisher2.xml
2 ms. Memory: 1732096K Free: 1563519K (90%)
----------------- Invoking toplevel() on ptolemy.moml.MoMLSimpleApplication@4cf2f13b
----------------- Done invoking toplevel() on ptolemy.moml.MoMLSimpleApplication@4cf2f13b
reloadAllAccessors: .WidthTestWithSubscriberPublisher2

===========================================================================================
----------------- testing Thu Dec 13 02:58:11 UTC 2018 /home/travis/build/icyphy/ptII/ptolemy/actor/lib/test/auto/WidthTestWithSubscriberPublisher3.xml
----------------- Instantiating /home/travis/build/icyphy/ptII/ptolemy/actor/lib/test/auto/WidthTestWithSubscriberPublisher3.xml
1 ms. Memory: 1732096K Free: 1547396K (89%)
----------------- Invoking toplevel() on ptolemy.moml.MoMLSimpleApplication@2131902f
----------------- Done invoking toplevel() on ptolemy.moml.MoMLSimpleApplication@2131902f
reloadAllAccessors: .WidthTestWithSubscriberPublisher3

===========================================================================================
----------------- testing Thu Dec 13 02:58:11 UTC 2018 /home/travis/build/icyphy/ptII/ptolemy/actor/lib/test/auto/Writer.xml
----------------- Instantiating /home/travis/build/icyphy/ptII/ptolemy/actor/lib/test/auto/Writer.xml
0
1
2
3
4
1 ms. Memory: 1732096K Free: 1527433K (88%)
----------------- Invoking toplevel() on ptolemy.moml.MoMLSimpleApplication@2846ef13
----------------- Done invoking toplevel() on ptolemy.moml.MoMLSimpleApplication@2846ef13
reloadAllAccessors: .Writer

===========================================================================================
----------------- testing Thu Dec 13 02:58:11 UTC 2018 /home/travis/build/icyphy/ptII/ptolemy/actor/lib/test/auto/array.xml
----------------- Instantiating /home/travis/build/icyphy/ptII/ptolemy/actor/lib/test/auto/array.xml
1 ms. Memory: 1732096K Free: 1507470K (87%)
----------------- Invoking toplevel() on ptolemy.moml.MoMLSimpleApplication@41193a9f
----------------- Done invoking toplevel() on ptolemy.moml.MoMLSimpleApplication@41193a9f
reloadAllAccessors: .array

===========================================================================================
----------------- testing Thu Dec 13 02:58:11 UTC 2018 /home/travis/build/icyphy/ptII/ptolemy/actor/lib/test/auto/array2.xml
----------------- Instantiating /home/travis/build/icyphy/ptII/ptolemy/actor/lib/test/auto/array2.xml
2 ms. Memory: 1732096K Free: 1491347K (86%)
----------------- Invoking toplevel() on ptolemy.moml.MoMLSimpleApplication@273ed910
----------------- Done invoking toplevel() on ptolemy.moml.MoMLSimpleApplication@273ed910
reloadAllAccessors: .array2

===========================================================================================
----------------- testing Thu Dec 13 02:58:11 UTC 2018 /home/travis/build/icyphy/ptII/ptolemy/actor/lib/test/auto/arrayType.xml
----------------- Instantiating /home/travis/build/icyphy/ptII/ptolemy/actor/lib/test/auto/arrayType.xml
1 ms. Memory: 1732096K Free: 1471384K (85%)
----------------- Invoking toplevel() on ptolemy.moml.MoMLSimpleApplication@4730ba10
----------------- Done invoking toplevel() on ptolemy.moml.MoMLSimpleApplication@4730ba10
reloadAllAccessors: .arrayType

===========================================================================================
----------------- testing Thu Dec 13 02:58:11 UTC 2018 /home/travis/build/icyphy/ptII/ptolemy/actor/lib/test/auto/arrayType10.xml
----------------- Instantiating /home/travis/build/icyphy/ptII/ptolemy/actor/lib/test/auto/arrayType10.xml
1 ms. Memory: 1732096K Free: 1451421K (84%)
----------------- Invoking toplevel() on ptolemy.moml.MoMLSimpleApplication@4f2e636
----------------- Done invoking toplevel() on ptolemy.moml.MoMLSimpleApplication@4f2e636
reloadAllAccessors: .arrayType10

===========================================================================================
----------------- testing Thu Dec 13 02:58:11 UTC 2018 /home/travis/build/icyphy/ptII/ptolemy/actor/lib/test/auto/arrayType11.xml
----------------- Instantiating /home/travis/build/icyphy/ptII/ptolemy/actor/lib/test/auto/arrayType11.xml
1 ms. Memory: 1732096K Free: 1435298K (83%)
----------------- Invoking toplevel() on ptolemy.moml.MoMLSimpleApplication@6af4ddea
----------------- Done invoking toplevel() on ptolemy.moml.MoMLSimpleApplication@6af4ddea
reloadAllAccessors: .arrayType11

===========================================================================================
----------------- testing Thu Dec 13 02:58:11 UTC 2018 /home/travis/build/icyphy/ptII/ptolemy/actor/lib/test/auto/arrayType12.xml
----------------- Instantiating /home/travis/build/icyphy/ptII/ptolemy/actor/lib/test/auto/arrayType12.xml
1 ms. Memory: 1732096K Free: 1415335K (82%)
----------------- Invoking toplevel() on ptolemy.moml.MoMLSimpleApplication@449e433e
----------------- Done invoking toplevel() on ptolemy.moml.MoMLSimpleApplication@449e433e
reloadAllAccessors: .arrayType12

===========================================================================================
----------------- testing Thu Dec 13 02:58:11 UTC 2018 /home/travis/build/icyphy/ptII/ptolemy/actor/lib/test/auto/arrayType13.xml
----------------- Instantiating /home/travis/build/icyphy/ptII/ptolemy/actor/lib/test/auto/arrayType13.xml
2 ms. Memory: 1732096K Free: 1395372K (81%)
----------------- Invoking toplevel() on ptolemy.moml.MoMLSimpleApplication@435d6c95
----------------- Done invoking toplevel() on ptolemy.moml.MoMLSimpleApplication@435d6c95
reloadAllAccessors: .arrayType13

===========================================================================================
----------------- testing Thu Dec 13 02:58:11 UTC 2018 /home/travis/build/icyphy/ptII/ptolemy/actor/lib/test/auto/arrayType14.xml
----------------- Instantiating /home/travis/build/icyphy/ptII/ptolemy/actor/lib/test/auto/arrayType14.xml
1 ms. Memory: 1732096K Free: 1379249K (80%)
----------------- Invoking toplevel() on ptolemy.moml.MoMLSimpleApplication@4cf8e13
----------------- Done invoking toplevel() on ptolemy.moml.MoMLSimpleApplication@4cf8e13
reloadAllAccessors: .arrayType14

===========================================================================================
----------------- testing Thu Dec 13 02:58:11 UTC 2018 /home/travis/build/icyphy/ptII/ptolemy/actor/lib/test/auto/arrayType15.xml
----------------- Instantiating /home/travis/build/icyphy/ptII/ptolemy/actor/lib/test/auto/arrayType15.xml
1 ms. Memory: 1732096K Free: 1359286K (78%)
----------------- Invoking toplevel() on ptolemy.moml.MoMLSimpleApplication@1bc92bc6
----------------- Done invoking toplevel() on ptolemy.moml.MoMLSimpleApplication@1bc92bc6
reloadAllAccessors: .arrayType15

===========================================================================================
----------------- testing Thu Dec 13 02:58:12 UTC 2018 /home/travis/build/icyphy/ptII/ptolemy/actor/lib/test/auto/arrayType16.xml
----------------- Instantiating /home/travis/build/icyphy/ptII/ptolemy/actor/lib/test/auto/arrayType16.xml
2 ms. Memory: 1732096K Free: 1339323K (77%)
----------------- Invoking toplevel() on ptolemy.moml.MoMLSimpleApplication@1d7f1f0c
----------------- Done invoking toplevel() on ptolemy.moml.MoMLSimpleApplication@1d7f1f0c
reloadAllAccessors: .arrayType16

===========================================================================================
----------------- testing Thu Dec 13 02:58:12 UTC 2018 /home/travis/build/icyphy/ptII/ptolemy/actor/lib/test/auto/arrayType17.xml
----------------- Instantiating /home/travis/build/icyphy/ptII/ptolemy/actor/lib/test/auto/arrayType17.xml
1 ms. Memory: 1732096K Free: 1323200K (76%)
----------------- Invoking toplevel() on ptolemy.moml.MoMLSimpleApplication@3b9733b0
----------------- Done invoking toplevel() on ptolemy.moml.MoMLSimpleApplication@3b9733b0
reloadAllAccessors: .arrayType17

===========================================================================================
----------------- testing Thu Dec 13 02:58:12 UTC 2018 /home/travis/build/icyphy/ptII/ptolemy/actor/lib/test/auto/arrayType18.xml
----------------- Instantiating /home/travis/build/icyphy/ptII/ptolemy/actor/lib/test/auto/arrayType18.xml
1 ms. Memory: 1732096K Free: 1303237K (75%)
----------------- Invoking toplevel() on ptolemy.moml.MoMLSimpleApplication@e211346
----------------- Done invoking toplevel() on ptolemy.moml.MoMLSimpleApplication@e211346
reloadAllAccessors: .arrayType18

===========================================================================================
----------------- testing Thu Dec 13 02:58:12 UTC 2018 /home/travis/build/icyphy/ptII/ptolemy/actor/lib/test/auto/arrayType19.xml
----------------- Instantiating /home/travis/build/icyphy/ptII/ptolemy/actor/lib/test/auto/arrayType19.xml
1 ms. Memory: 1732096K Free: 1283274K (74%)
----------------- Invoking toplevel() on ptolemy.moml.MoMLSimpleApplication@59ba6150
----------------- Done invoking toplevel() on ptolemy.moml.MoMLSimpleApplication@59ba6150
reloadAllAccessors: .arrayType19

===========================================================================================
----------------- testing Thu Dec 13 02:58:12 UTC 2018 /home/travis/build/icyphy/ptII/ptolemy/actor/lib/test/auto/arrayType2.xml
----------------- Instantiating /home/travis/build/icyphy/ptII/ptolemy/actor/lib/test/auto/arrayType2.xml
1 ms. Memory: 1732096K Free: 1267151K (73%)
----------------- Invoking toplevel() on ptolemy.moml.MoMLSimpleApplication@16aa3692
----------------- Done invoking toplevel() on ptolemy.moml.MoMLSimpleApplication@16aa3692
reloadAllAccessors: .arrayType2

===========================================================================================
----------------- testing Thu Dec 13 02:58:12 UTC 2018 /home/travis/build/icyphy/ptII/ptolemy/actor/lib/test/auto/arrayType20.xml
----------------- Instantiating /home/travis/build/icyphy/ptII/ptolemy/actor/lib/test/auto/arrayType20.xml
1 ms. Memory: 1732096K Free: 1247188K (72%)
----------------- Invoking toplevel() on ptolemy.moml.MoMLSimpleApplication@2801fa4a
----------------- Done invoking toplevel() on ptolemy.moml.MoMLSimpleApplication@2801fa4a
reloadAllAccessors: .arrayType20

===========================================================================================
----------------- testing Thu Dec 13 02:58:12 UTC 2018 /home/travis/build/icyphy/ptII/ptolemy/actor/lib/test/auto/arrayType21.xml
----------------- Instantiating /home/travis/build/icyphy/ptII/ptolemy/actor/lib/test/auto/arrayType21.xml
1 ms. Memory: 1732096K Free: 1227225K (71%)
----------------- Invoking toplevel() on ptolemy.moml.MoMLSimpleApplication@51c167d3
----------------- Done invoking toplevel() on ptolemy.moml.MoMLSimpleApplication@51c167d3
reloadAllAccessors: .arrayType21

===========================================================================================
----------------- testing Thu Dec 13 02:58:12 UTC 2018 /home/travis/build/icyphy/ptII/ptolemy/actor/lib/test/auto/arrayType22.xml
----------------- Instantiating /home/travis/build/icyphy/ptII/ptolemy/actor/lib/test/auto/arrayType22.xml
1 ms. Memory: 1732096K Free: 1211102K (70%)
----------------- Invoking toplevel() on ptolemy.moml.MoMLSimpleApplication@515ef8c
----------------- Done invoking toplevel() on ptolemy.moml.MoMLSimpleApplication@515ef8c
reloadAllAccessors: .arrayType22

===========================================================================================
----------------- testing Thu Dec 13 02:58:12 UTC 2018 /home/travis/build/icyphy/ptII/ptolemy/actor/lib/test/auto/arrayType23.xml
----------------- Instantiating /home/travis/build/icyphy/ptII/ptolemy/actor/lib/test/auto/arrayType23.xml
1 ms. Memory: 1732096K Free: 1191139K (69%)
----------------- Invoking toplevel() on ptolemy.moml.MoMLSimpleApplication@260b765e
----------------- Done invoking toplevel() on ptolemy.moml.MoMLSimpleApplication@260b765e
reloadAllAccessors: .arrayType23

===========================================================================================
----------------- testing Thu Dec 13 02:58:12 UTC 2018 /home/travis/build/icyphy/ptII/ptolemy/actor/lib/test/auto/arrayType24.xml
----------------- Instantiating /home/travis/build/icyphy/ptII/ptolemy/actor/lib/test/auto/arrayType24.xml
1 ms. Memory: 1732096K Free: 1171176K (68%)
----------------- Invoking toplevel() on ptolemy.moml.MoMLSimpleApplication@a82d6df
----------------- Done invoking toplevel() on ptolemy.moml.MoMLSimpleApplication@a82d6df
reloadAllAccessors: .arrayType24

===========================================================================================
----------------- testing Thu Dec 13 02:58:12 UTC 2018 /home/travis/build/icyphy/ptII/ptolemy/actor/lib/test/auto/arrayType25.xml
----------------- Instantiating /home/travis/build/icyphy/ptII/ptolemy/actor/lib/test/auto/arrayType25.xml
1 ms. Memory: 1732096K Free: 1155053K (67%)
----------------- Invoking toplevel() on ptolemy.moml.MoMLSimpleApplication@3c007d3b
----------------- Done invoking toplevel() on ptolemy.moml.MoMLSimpleApplication@3c007d3b
reloadAllAccessors: .arrayType25

===========================================================================================
----------------- testing Thu Dec 13 02:58:12 UTC 2018 /home/travis/build/icyphy/ptII/ptolemy/actor/lib/test/auto/arrayType26.xml
----------------- Instantiating /home/travis/build/icyphy/ptII/ptolemy/actor/lib/test/auto/arrayType26.xml
1 ms. Memory: 1732096K Free: 1135090K (66%)
----------------- Invoking toplevel() on ptolemy.moml.MoMLSimpleApplication@36e4748e
----------------- Done invoking toplevel() on ptolemy.moml.MoMLSimpleApplication@36e4748e
reloadAllAccessors: .arrayType26

===========================================================================================
----------------- testing Thu Dec 13 02:58:12 UTC 2018 /home/travis/build/icyphy/ptII/ptolemy/actor/lib/test/auto/arrayType27.xml
----------------- Instantiating /home/travis/build/icyphy/ptII/ptolemy/actor/lib/test/auto/arrayType27.xml
1 ms. Memory: 1732096K Free: 1115127K (64%)
----------------- Invoking toplevel() on ptolemy.moml.MoMLSimpleApplication@17818955
----------------- Done invoking toplevel() on ptolemy.moml.MoMLSimpleApplication@17818955
reloadAllAccessors: .arrayType27

===========================================================================================
----------------- testing Thu Dec 13 02:58:12 UTC 2018 /home/travis/build/icyphy/ptII/ptolemy/actor/lib/test/auto/arrayType28.xml
----------------- Instantiating /home/travis/build/icyphy/ptII/ptolemy/actor/lib/test/auto/arrayType28.xml
2 ms. Memory: 1732096K Free: 1099004K (63%)
----------------- Invoking toplevel() on ptolemy.moml.MoMLSimpleApplication@71f4d78e
----------------- Done invoking toplevel() on ptolemy.moml.MoMLSimpleApplication@71f4d78e
reloadAllAccessors: .arrayType28

===========================================================================================
----------------- testing Thu Dec 13 02:58:12 UTC 2018 /home/travis/build/icyphy/ptII/ptolemy/actor/lib/test/auto/arrayType3.xml
----------------- Instantiating /home/travis/build/icyphy/ptII/ptolemy/actor/lib/test/auto/arrayType3.xml
2 ms. Memory: 1732096K Free: 1079041K (62%)
----------------- Invoking toplevel() on ptolemy.moml.MoMLSimpleApplication@50c26f7c
----------------- Done invoking toplevel() on ptolemy.moml.MoMLSimpleApplication@50c26f7c
reloadAllAccessors: .arrayType3

===========================================================================================
----------------- testing Thu Dec 13 02:58:12 UTC 2018 /home/travis/build/icyphy/ptII/ptolemy/actor/lib/test/auto/arrayType4.xml
----------------- Instantiating /home/travis/build/icyphy/ptII/ptolemy/actor/lib/test/auto/arrayType4.xml
1 ms. Memory: 1732096K Free: 1059078K (61%)
----------------- Invoking toplevel() on ptolemy.moml.MoMLSimpleApplication@2f0374b1
----------------- Done invoking toplevel() on ptolemy.moml.MoMLSimpleApplication@2f0374b1
reloadAllAccessors: .arrayType4

===========================================================================================
----------------- testing Thu Dec 13 02:58:12 UTC 2018 /home/travis/build/icyphy/ptII/ptolemy/actor/lib/test/auto/arrayType5.xml
----------------- Instantiating /home/travis/build/icyphy/ptII/ptolemy/actor/lib/test/auto/arrayType5.xml
1 ms. Memory: 1732096K Free: 1042955K (60%)
----------------- Invoking toplevel() on ptolemy.moml.MoMLSimpleApplication@4051e286
----------------- Done invoking toplevel() on ptolemy.moml.MoMLSimpleApplication@4051e286
reloadAllAccessors: .arrayType5

===========================================================================================
----------------- testing Thu Dec 13 02:58:12 UTC 2018 /home/travis/build/icyphy/ptII/ptolemy/actor/lib/test/auto/arrayType6.xml
----------------- Instantiating /home/travis/build/icyphy/ptII/ptolemy/actor/lib/test/auto/arrayType6.xml
1 ms. Memory: 1732096K Free: 1022992K (59%)
----------------- Invoking toplevel() on ptolemy.moml.MoMLSimpleApplication@7a8ce1d3
----------------- Done invoking toplevel() on ptolemy.moml.MoMLSimpleApplication@7a8ce1d3
reloadAllAccessors: .arrayType6

===========================================================================================
----------------- testing Thu Dec 13 02:58:12 UTC 2018 /home/travis/build/icyphy/ptII/ptolemy/actor/lib/test/auto/arrayType7.xml
----------------- Instantiating /home/travis/build/icyphy/ptII/ptolemy/actor/lib/test/auto/arrayType7.xml
1 ms. Memory: 1732096K Free: 1003029K (58%)
----------------- Invoking toplevel() on ptolemy.moml.MoMLSimpleApplication@13f7de97
----------------- Done invoking toplevel() on ptolemy.moml.MoMLSimpleApplication@13f7de97
reloadAllAccessors: .arrayType7

===========================================================================================
----------------- testing Thu Dec 13 02:58:12 UTC 2018 /home/travis/build/icyphy/ptII/ptolemy/actor/lib/test/auto/arrayType8.xml
----------------- Instantiating /home/travis/build/icyphy/ptII/ptolemy/actor/lib/test/auto/arrayType8.xml
1 ms. Memory: 1732096K Free: 986906K (57%)
----------------- Invoking toplevel() on ptolemy.moml.MoMLSimpleApplication@24f7a79d
----------------- Done invoking toplevel() on ptolemy.moml.MoMLSimpleApplication@24f7a79d
reloadAllAccessors: .arrayType8

===========================================================================================
----------------- testing Thu Dec 13 02:58:12 UTC 2018 /home/travis/build/icyphy/ptII/ptolemy/actor/lib/test/auto/arrayType9.xml
----------------- Instantiating /home/travis/build/icyphy/ptII/ptolemy/actor/lib/test/auto/arrayType9.xml
1 ms. Memory: 1732096K Free: 966943K (56%)
----------------- Invoking toplevel() on ptolemy.moml.MoMLSimpleApplication@22e0f72b
----------------- Done invoking toplevel() on ptolemy.moml.MoMLSimpleApplication@22e0f72b
reloadAllAccessors: .arrayType9

===========================================================================================
----------------- testing Thu Dec 13 02:58:12 UTC 2018 /home/travis/build/icyphy/ptII/ptolemy/actor/lib/test/auto/cast.xml
----------------- Instantiating /home/travis/build/icyphy/ptII/ptolemy/actor/lib/test/auto/cast.xml
1 ms. Memory: 1732096K Free: 946980K (55%)
----------------- Invoking toplevel() on ptolemy.moml.MoMLSimpleApplication@547cdc39
----------------- Done invoking toplevel() on ptolemy.moml.MoMLSimpleApplication@547cdc39
reloadAllAccessors: .cast

===========================================================================================
----------------- testing Thu Dec 13 02:58:12 UTC 2018 /home/travis/build/icyphy/ptII/ptolemy/actor/lib/test/auto/compositeMultiPort.xml
----------------- Instantiating /home/travis/build/icyphy/ptII/ptolemy/actor/lib/test/auto/compositeMultiPort.xml
3 ms. Memory: 1732096K Free: 930857K (54%)
----------------- Invoking toplevel() on ptolemy.moml.MoMLSimpleApplication@1f10790e
----------------- Done invoking toplevel() on ptolemy.moml.MoMLSimpleApplication@1f10790e
reloadAllAccessors: .compositeMultiPort

===========================================================================================
----------------- testing Thu Dec 13 02:58:12 UTC 2018 /home/travis/build/icyphy/ptII/ptolemy/actor/lib/test/auto/expressionCastInference.xml
----------------- Instantiating /home/travis/build/icyphy/ptII/ptolemy/actor/lib/test/auto/expressionCastInference.xml
2 ms. Memory: 1732096K Free: 910895K (53%)
----------------- Invoking toplevel() on ptolemy.moml.MoMLSimpleApplication@6fc4e0b5
----------------- Done invoking toplevel() on ptolemy.moml.MoMLSimpleApplication@6fc4e0b5
reloadAllAccessors: .expressionCastInference

===========================================================================================
----------------- testing Thu Dec 13 02:58:12 UTC 2018 /home/travis/build/icyphy/ptII/ptolemy/actor/lib/test/auto/expressionCastInference2.xml
----------------- Instantiating /home/travis/build/icyphy/ptII/ptolemy/actor/lib/test/auto/expressionCastInference2.xml
1 ms. Memory: 1732096K Free: 890932K (51%)
----------------- Invoking toplevel() on ptolemy.moml.MoMLSimpleApplication@54939845
----------------- Done invoking toplevel() on ptolemy.moml.MoMLSimpleApplication@54939845
reloadAllAccessors: .expressionCastInference2

===========================================================================================
----------------- testing Thu Dec 13 02:58:12 UTC 2018 /home/travis/build/icyphy/ptII/ptolemy/actor/lib/test/auto/expressionInference.xml
----------------- Instantiating /home/travis/build/icyphy/ptII/ptolemy/actor/lib/test/auto/expressionInference.xml
0 ms. Memory: 1732096K Free: 874809K (51%)
----------------- Invoking toplevel() on ptolemy.moml.MoMLSimpleApplication@32a7eef7
----------------- Done invoking toplevel() on ptolemy.moml.MoMLSimpleApplication@32a7eef7
reloadAllAccessors: .expressionInference

===========================================================================================
----------------- testing Thu Dec 13 02:58:12 UTC 2018 /home/travis/build/icyphy/ptII/ptolemy/actor/lib/test/auto/expression_bug.xml
----------------- Instantiating /home/travis/build/icyphy/ptII/ptolemy/actor/lib/test/auto/expression_bug.xml
1 ms. Memory: 1732096K Free: 854846K (49%)
----------------- Invoking toplevel() on ptolemy.moml.MoMLSimpleApplication@195a0818
----------------- Done invoking toplevel() on ptolemy.moml.MoMLSimpleApplication@195a0818
reloadAllAccessors: .expression_bug

===========================================================================================
----------------- testing Thu Dec 13 02:58:12 UTC 2018 /home/travis/build/icyphy/ptII/ptolemy/actor/lib/test/auto/factorial.xml
----------------- Instantiating /home/travis/build/icyphy/ptII/ptolemy/actor/lib/test/auto/factorial.xml
24 ms. Memory: 1732096K Free: 834883K (48%)
----------------- Invoking toplevel() on ptolemy.moml.MoMLSimpleApplication@79972c15
----------------- Done invoking toplevel() on ptolemy.moml.MoMLSimpleApplication@79972c15
reloadAllAccessors: .factorial

===========================================================================================
----------------- testing Thu Dec 13 02:58:12 UTC 2018 /home/travis/build/icyphy/ptII/ptolemy/actor/lib/test/auto/filterTest1.xml
----------------- Instantiating /home/travis/build/icyphy/ptII/ptolemy/actor/lib/test/auto/filterTest1.xml
2 ms. Memory: 1732096K Free: 818760K (47%)
----------------- Invoking toplevel() on ptolemy.moml.MoMLSimpleApplication@51012a79
----------------- Done invoking toplevel() on ptolemy.moml.MoMLSimpleApplication@51012a79
reloadAllAccessors: .filterTest1

===========================================================================================
----------------- testing Thu Dec 13 02:58:12 UTC 2018 /home/travis/build/icyphy/ptII/ptolemy/actor/lib/test/auto/funcApplyInConst.xml
----------------- Instantiating /home/travis/build/icyphy/ptII/ptolemy/actor/lib/test/auto/funcApplyInConst.xml
0 ms. Memory: 1732096K Free: 798797K (46%)
----------------- Invoking toplevel() on ptolemy.moml.MoMLSimpleApplication@75a0d8b1
----------------- Done invoking toplevel() on ptolemy.moml.MoMLSimpleApplication@75a0d8b1
reloadAllAccessors: .funcApplyInConst

===========================================================================================
----------------- testing Thu Dec 13 02:58:12 UTC 2018 /home/travis/build/icyphy/ptII/ptolemy/actor/lib/test/auto/funcApplyInExpr.xml
----------------- Instantiating /home/travis/build/icyphy/ptII/ptolemy/actor/lib/test/auto/funcApplyInExpr.xml
1 ms. Memory: 1732096K Free: 778834K (45%)
----------------- Invoking toplevel() on ptolemy.moml.MoMLSimpleApplication@2e4ff9dc
----------------- Done invoking toplevel() on ptolemy.moml.MoMLSimpleApplication@2e4ff9dc
reloadAllAccessors: .funcApplyInExpr

===========================================================================================
----------------- testing Thu Dec 13 02:58:12 UTC 2018 /home/travis/build/icyphy/ptII/ptolemy/actor/lib/test/auto/function.xml
----------------- Instantiating /home/travis/build/icyphy/ptII/ptolemy/actor/lib/test/auto/function.xml
1 ms. Memory: 1732096K Free: 758871K (44%)
----------------- Invoking toplevel() on ptolemy.moml.MoMLSimpleApplication@4a373f28
----------------- Done invoking toplevel() on ptolemy.moml.MoMLSimpleApplication@4a373f28
reloadAllAccessors: .function

===========================================================================================
----------------- testing Thu Dec 13 02:58:12 UTC 2018 /home/travis/build/icyphy/ptII/ptolemy/actor/lib/test/auto/function2.xml
----------------- Instantiating /home/travis/build/icyphy/ptII/ptolemy/actor/lib/test/auto/function2.xml
2 ms. Memory: 1732096K Free: 742748K (43%)
----------------- Invoking toplevel() on ptolemy.moml.MoMLSimpleApplication@d5ed216
----------------- Done invoking toplevel() on ptolemy.moml.MoMLSimpleApplication@d5ed216
reloadAllAccessors: .function2

===========================================================================================
----------------- testing Thu Dec 13 02:58:12 UTC 2018 /home/travis/build/icyphy/ptII/ptolemy/actor/lib/test/auto/function3.xml
----------------- Instantiating /home/travis/build/icyphy/ptII/ptolemy/actor/lib/test/auto/function3.xml
1 ms. Memory: 1732096K Free: 722785K (42%)
----------------- Invoking toplevel() on ptolemy.moml.MoMLSimpleApplication@31154e54
----------------- Done invoking toplevel() on ptolemy.moml.MoMLSimpleApplication@31154e54
reloadAllAccessors: .function3

===========================================================================================
----------------- testing Thu Dec 13 02:58:12 UTC 2018 /home/travis/build/icyphy/ptII/ptolemy/actor/lib/test/auto/functionClosureTest1.xml
----------------- Instantiating /home/travis/build/icyphy/ptII/ptolemy/actor/lib/test/auto/functionClosureTest1.xml
1 ms. Memory: 1732096K Free: 702822K (41%)
----------------- Invoking toplevel() on ptolemy.moml.MoMLSimpleApplication@4a9ba0c4
----------------- Done invoking toplevel() on ptolemy.moml.MoMLSimpleApplication@4a9ba0c4
reloadAllAccessors: .functionClosureTest1

===========================================================================================
----------------- testing Thu Dec 13 02:58:12 UTC 2018 /home/travis/build/icyphy/ptII/ptolemy/actor/lib/test/auto/functionClosureTest2.xml
----------------- Instantiating /home/travis/build/icyphy/ptII/ptolemy/actor/lib/test/auto/functionClosureTest2.xml
1 ms. Memory: 1732096K Free: 686699K (40%)
----------------- Invoking toplevel() on ptolemy.moml.MoMLSimpleApplication@7f2b1b9f
----------------- Done invoking toplevel() on ptolemy.moml.MoMLSimpleApplication@7f2b1b9f
reloadAllAccessors: .functionClosureTest2

===========================================================================================
----------------- testing Thu Dec 13 02:58:12 UTC 2018 /home/travis/build/icyphy/ptII/ptolemy/actor/lib/test/auto/functionClosureTest3.xml
----------------- Instantiating /home/travis/build/icyphy/ptII/ptolemy/actor/lib/test/auto/functionClosureTest3.xml
2 ms. Memory: 1732096K Free: 666736K (38%)
----------------- Invoking toplevel() on ptolemy.moml.MoMLSimpleApplication@1b2baedb
----------------- Done invoking toplevel() on ptolemy.moml.MoMLSimpleApplication@1b2baedb
reloadAllAccessors: .functionClosureTest3

===========================================================================================
----------------- testing Thu Dec 13 02:58:12 UTC 2018 /home/travis/build/icyphy/ptII/ptolemy/actor/lib/test/auto/functionClosureTest4.xml
----------------- Instantiating /home/travis/build/icyphy/ptII/ptolemy/actor/lib/test/auto/functionClosureTest4.xml
2 ms. Memory: 1732096K Free: 646773K (37%)
----------------- Invoking toplevel() on ptolemy.moml.MoMLSimpleApplication@70683d4f
----------------- Done invoking toplevel() on ptolemy.moml.MoMLSimpleApplication@70683d4f
reloadAllAccessors: .functionClosureTest4

===========================================================================================
----------------- testing Thu Dec 13 02:58:12 UTC 2018 /home/travis/build/icyphy/ptII/ptolemy/actor/lib/test/auto/functionClosureTest5.xml
----------------- Instantiating /home/travis/build/icyphy/ptII/ptolemy/actor/lib/test/auto/functionClosureTest5.xml
2 ms. Memory: 1732096K Free: 630650K (36%)
----------------- Invoking toplevel() on ptolemy.moml.MoMLSimpleApplication@24ff50e7
----------------- Done invoking toplevel() on ptolemy.moml.MoMLSimpleApplication@24ff50e7
reloadAllAccessors: .functionClosureTest5

===========================================================================================
----------------- testing Thu Dec 13 02:58:12 UTC 2018 /home/travis/build/icyphy/ptII/ptolemy/actor/lib/test/auto/functionClosureTest6.xml
----------------- Instantiating /home/travis/build/icyphy/ptII/ptolemy/actor/lib/test/auto/functionClosureTest6.xml
2 ms. Memory: 1732096K Free: 610687K (35%)
----------------- Invoking toplevel() on ptolemy.moml.MoMLSimpleApplication@1aa4e701
----------------- Done invoking toplevel() on ptolemy.moml.MoMLSimpleApplication@1aa4e701
reloadAllAccessors: .functionClosureTest6

===========================================================================================
----------------- testing Thu Dec 13 02:58:12 UTC 2018 /home/travis/build/icyphy/ptII/ptolemy/actor/lib/test/auto/functionsOnArcs.xml
----------------- Instantiating /home/travis/build/icyphy/ptII/ptolemy/actor/lib/test/auto/functionsOnArcs.xml
1 ms. Memory: 1732096K Free: 590724K (34%)
----------------- Invoking toplevel() on ptolemy.moml.MoMLSimpleApplication@4ac8a12b
----------------- Done invoking toplevel() on ptolemy.moml.MoMLSimpleApplication@4ac8a12b
reloadAllAccessors: .functionsOnArcs

===========================================================================================
----------------- testing Thu Dec 13 02:58:12 UTC 2018 /home/travis/build/icyphy/ptII/ptolemy/actor/lib/test/auto/functionsOnArcsHOF.xml
----------------- Instantiating /home/travis/build/icyphy/ptII/ptolemy/actor/lib/test/auto/functionsOnArcsHOF.xml
2 ms. Memory: 1732096K Free: 574601K (33%)
----------------- Invoking toplevel() on ptolemy.moml.MoMLSimpleApplication@3ca8182e
----------------- Done invoking toplevel() on ptolemy.moml.MoMLSimpleApplication@3ca8182e
reloadAllAccessors: .functionsOnArcsHOF

===========================================================================================
----------------- testing Thu Dec 13 02:58:12 UTC 2018 /home/travis/build/icyphy/ptII/ptolemy/actor/lib/test/auto/logic.xml
----------------- Instantiating /home/travis/build/icyphy/ptII/ptolemy/actor/lib/test/auto/logic.xml
2 ms. Memory: 1732096K Free: 554638K (32%)
----------------- Invoking toplevel() on ptolemy.moml.MoMLSimpleApplication@41160736
----------------- Done invoking toplevel() on ptolemy.moml.MoMLSimpleApplication@41160736
reloadAllAccessors: .logic

===========================================================================================
----------------- testing Thu Dec 13 02:58:12 UTC 2018 /home/travis/build/icyphy/ptII/ptolemy/actor/lib/test/auto/matrixType.xml
----------------- Instantiating /home/travis/build/icyphy/ptII/ptolemy/actor/lib/test/auto/matrixType.xml
1 ms. Memory: 1732096K Free: 534675K (31%)
----------------- Invoking toplevel() on ptolemy.moml.MoMLSimpleApplication@77b3b00d
----------------- Done invoking toplevel() on ptolemy.moml.MoMLSimpleApplication@77b3b00d
reloadAllAccessors: .matrixType

===========================================================================================
----------------- testing Thu Dec 13 02:58:12 UTC 2018 /home/travis/build/icyphy/ptII/ptolemy/actor/lib/test/auto/matrixType10.xml
----------------- Instantiating /home/travis/build/icyphy/ptII/ptolemy/actor/lib/test/auto/matrixType10.xml
1 ms. Memory: 1732096K Free: 518552K (30%)
----------------- Invoking toplevel() on ptolemy.moml.MoMLSimpleApplication@4819ae6f
----------------- Done invoking toplevel() on ptolemy.moml.MoMLSimpleApplication@4819ae6f
reloadAllAccessors: .matrixType10

===========================================================================================
----------------- testing Thu Dec 13 02:58:12 UTC 2018 /home/travis/build/icyphy/ptII/ptolemy/actor/lib/test/auto/matrixType11.xml
----------------- Instantiating /home/travis/build/icyphy/ptII/ptolemy/actor/lib/test/auto/matrixType11.xml
1 ms. Memory: 1732096K Free: 498590K (29%)
----------------- Invoking toplevel() on ptolemy.moml.MoMLSimpleApplication@382d56c8
----------------- Done invoking toplevel() on ptolemy.moml.MoMLSimpleApplication@382d56c8
reloadAllAccessors: .matrixType11

===========================================================================================
----------------- testing Thu Dec 13 02:58:12 UTC 2018 /home/travis/build/icyphy/ptII/ptolemy/actor/lib/test/auto/matrixType12.xml
----------------- Instantiating /home/travis/build/icyphy/ptII/ptolemy/actor/lib/test/auto/matrixType12.xml
1 ms. Memory: 1732096K Free: 478627K (28%)
----------------- Invoking toplevel() on ptolemy.moml.MoMLSimpleApplication@18fff936
----------------- Done invoking toplevel() on ptolemy.moml.MoMLSimpleApplication@18fff936
reloadAllAccessors: .matrixType12

===========================================================================================
----------------- testing Thu Dec 13 02:58:12 UTC 2018 /home/travis/build/icyphy/ptII/ptolemy/actor/lib/test/auto/matrixType13.xml
----------------- Instantiating /home/travis/build/icyphy/ptII/ptolemy/actor/lib/test/auto/matrixType13.xml
1 ms. Memory: 1732096K Free: 462504K (27%)
----------------- Invoking toplevel() on ptolemy.moml.MoMLSimpleApplication@4b2f4e4c
----------------- Done invoking toplevel() on ptolemy.moml.MoMLSimpleApplication@4b2f4e4c
reloadAllAccessors: .matrixType13

===========================================================================================
----------------- testing Thu Dec 13 02:58:12 UTC 2018 /home/travis/build/icyphy/ptII/ptolemy/actor/lib/test/auto/matrixType14.xml
----------------- Instantiating /home/travis/build/icyphy/ptII/ptolemy/actor/lib/test/auto/matrixType14.xml
1 ms. Memory: 1732096K Free: 442541K (26%)
----------------- Invoking toplevel() on ptolemy.moml.MoMLSimpleApplication@3a7ee656
----------------- Done invoking toplevel() on ptolemy.moml.MoMLSimpleApplication@3a7ee656
reloadAllAccessors: .matrixType14

===========================================================================================
----------------- testing Thu Dec 13 02:58:12 UTC 2018 /home/travis/build/icyphy/ptII/ptolemy/actor/lib/test/auto/matrixType2.xml
----------------- Instantiating /home/travis/build/icyphy/ptII/ptolemy/actor/lib/test/auto/matrixType2.xml
2 ms. Memory: 1732096K Free: 422578K (24%)
----------------- Invoking toplevel() on ptolemy.moml.MoMLSimpleApplication@4c4c5ec0
----------------- Done invoking toplevel() on ptolemy.moml.MoMLSimpleApplication@4c4c5ec0
reloadAllAccessors: .matrixType2

===========================================================================================
----------------- testing Thu Dec 13 02:58:12 UTC 2018 /home/travis/build/icyphy/ptII/ptolemy/actor/lib/test/auto/matrixType3.xml
----------------- Instantiating /home/travis/build/icyphy/ptII/ptolemy/actor/lib/test/auto/matrixType3.xml
1 ms. Memory: 1732096K Free: 406455K (23%)
----------------- Invoking toplevel() on ptolemy.moml.MoMLSimpleApplication@5bef27
----------------- Done invoking toplevel() on ptolemy.moml.MoMLSimpleApplication@5bef27
reloadAllAccessors: .matrixType3

===========================================================================================
----------------- testing Thu Dec 13 02:58:12 UTC 2018 /home/travis/build/icyphy/ptII/ptolemy/actor/lib/test/auto/matrixType4.xml
----------------- Instantiating /home/travis/build/icyphy/ptII/ptolemy/actor/lib/test/auto/matrixType4.xml
1 ms. Memory: 1732096K Free: 386492K (22%)
----------------- Invoking toplevel() on ptolemy.moml.MoMLSimpleApplication@6078ae04
----------------- Done invoking toplevel() on ptolemy.moml.MoMLSimpleApplication@6078ae04
reloadAllAccessors: .matrixType4

===========================================================================================
----------------- testing Thu Dec 13 02:58:12 UTC 2018 /home/travis/build/icyphy/ptII/ptolemy/actor/lib/test/auto/matrixType5.xml
----------------- Instantiating /home/travis/build/icyphy/ptII/ptolemy/actor/lib/test/auto/matrixType5.xml
1 ms. Memory: 1732096K Free: 366529K (21%)
----------------- Invoking toplevel() on ptolemy.moml.MoMLSimpleApplication@5232f33
----------------- Done invoking toplevel() on ptolemy.moml.MoMLSimpleApplication@5232f33
reloadAllAccessors: .matrixType5

===========================================================================================
----------------- testing Thu Dec 13 02:58:12 UTC 2018 /home/travis/build/icyphy/ptII/ptolemy/actor/lib/test/auto/matrixType6.xml
----------------- Instantiating /home/travis/build/icyphy/ptII/ptolemy/actor/lib/test/auto/matrixType6.xml
1 ms. Memory: 1732096K Free: 350406K (20%)
----------------- Invoking toplevel() on ptolemy.moml.MoMLSimpleApplication@52e05c0b
----------------- Done invoking toplevel() on ptolemy.moml.MoMLSimpleApplication@52e05c0b
reloadAllAccessors: .matrixType6

===========================================================================================
----------------- testing Thu Dec 13 02:58:12 UTC 2018 /home/travis/build/icyphy/ptII/ptolemy/actor/lib/test/auto/matrixType7.xml
----------------- Instantiating /home/travis/build/icyphy/ptII/ptolemy/actor/lib/test/auto/matrixType7.xml
2 ms. Memory: 1732096K Free: 330443K (19%)
----------------- Invoking toplevel() on ptolemy.moml.MoMLSimpleApplication@1360dc20
----------------- Done invoking toplevel() on ptolemy.moml.MoMLSimpleApplication@1360dc20
reloadAllAccessors: .matrixType7

===========================================================================================
----------------- testing Thu Dec 13 02:58:12 UTC 2018 /home/travis/build/icyphy/ptII/ptolemy/actor/lib/test/auto/matrixType8.xml
----------------- Instantiating /home/travis/build/icyphy/ptII/ptolemy/actor/lib/test/auto/matrixType8.xml
1 ms. Memory: 1732096K Free: 310480K (18%)
----------------- Invoking toplevel() on ptolemy.moml.MoMLSimpleApplication@74ef1f1a
----------------- Done invoking toplevel() on ptolemy.moml.MoMLSimpleApplication@74ef1f1a
reloadAllAccessors: .matrixType8

===========================================================================================
----------------- testing Thu Dec 13 02:58:12 UTC 2018 /home/travis/build/icyphy/ptII/ptolemy/actor/lib/test/auto/matrixType9.xml
----------------- Instantiating /home/travis/build/icyphy/ptII/ptolemy/actor/lib/test/auto/matrixType9.xml
1 ms. Memory: 1732096K Free: 290518K (17%)
----------------- Invoking toplevel() on ptolemy.moml.MoMLSimpleApplication@734f7844
----------------- Done invoking toplevel() on ptolemy.moml.MoMLSimpleApplication@734f7844
reloadAllAccessors: .matrixType9

===========================================================================================
----------------- testing Thu Dec 13 02:58:12 UTC 2018 /home/travis/build/icyphy/ptII/ptolemy/actor/lib/test/auto/paraFunctest.xml
----------------- Instantiating /home/travis/build/icyphy/ptII/ptolemy/actor/lib/test/auto/paraFunctest.xml
1 ms. Memory: 1732096K Free: 274395K (16%)
----------------- Invoking toplevel() on ptolemy.moml.MoMLSimpleApplication@471919f9
----------------- Done invoking toplevel() on ptolemy.moml.MoMLSimpleApplication@471919f9
reloadAllAccessors: .paraFunctest

===========================================================================================
----------------- testing Thu Dec 13 02:58:12 UTC 2018 /home/travis/build/icyphy/ptII/ptolemy/actor/lib/test/auto/paraFunctest2.xml
----------------- Instantiating /home/travis/build/icyphy/ptII/ptolemy/actor/lib/test/auto/paraFunctest2.xml
1 ms. Memory: 1732096K Free: 254432K (15%)
----------------- Invoking toplevel() on ptolemy.moml.MoMLSimpleApplication@4bb6704f
----------------- Done invoking toplevel() on ptolemy.moml.MoMLSimpleApplication@4bb6704f
reloadAllAccessors: .paraFunctest2

===========================================================================================
----------------- testing Thu Dec 13 02:58:12 UTC 2018 /home/travis/build/icyphy/ptII/ptolemy/actor/lib/test/auto/parameterPassing.xml
----------------- Instantiating /home/travis/build/icyphy/ptII/ptolemy/actor/lib/test/auto/parameterPassing.xml
1 ms. Memory: 1732096K Free: 234469K (14%)
----------------- Invoking toplevel() on ptolemy.moml.MoMLSimpleApplication@4f6bc56f
----------------- Done invoking toplevel() on ptolemy.moml.MoMLSimpleApplication@4f6bc56f
reloadAllAccessors: .parameterPassing

===========================================================================================
----------------- testing Thu Dec 13 02:58:12 UTC 2018 /home/travis/build/icyphy/ptII/ptolemy/actor/lib/test/auto/record.xml
----------------- Instantiating /home/travis/build/icyphy/ptII/ptolemy/actor/lib/test/auto/record.xml
2 ms. Memory: 1732096K Free: 218346K (13%)
----------------- Invoking toplevel() on ptolemy.moml.MoMLSimpleApplication@196cd744
----------------- Done invoking toplevel() on ptolemy.moml.MoMLSimpleApplication@196cd744
reloadAllAccessors: .record

===========================================================================================
----------------- testing Thu Dec 13 02:58:12 UTC 2018 /home/travis/build/icyphy/ptII/ptolemy/actor/lib/test/auto/sizedarray1.xml
----------------- Instantiating /home/travis/build/icyphy/ptII/ptolemy/actor/lib/test/auto/sizedarray1.xml
1 ms. Memory: 1732096K Free: 198383K (11%)
----------------- Invoking toplevel() on ptolemy.moml.MoMLSimpleApplication@6c38653e
----------------- Done invoking toplevel() on ptolemy.moml.MoMLSimpleApplication@6c38653e
reloadAllAccessors: .sizedarray1

===========================================================================================
----------------- testing Thu Dec 13 02:58:12 UTC 2018 /home/travis/build/icyphy/ptII/ptolemy/actor/lib/test/auto/sizedarray2.xml
----------------- Instantiating /home/travis/build/icyphy/ptII/ptolemy/actor/lib/test/auto/sizedarray2.xml
1 ms. Memory: 1732096K Free: 178420K (10%)
----------------- Invoking toplevel() on ptolemy.moml.MoMLSimpleApplication@6bd612e7
----------------- Done invoking toplevel() on ptolemy.moml.MoMLSimpleApplication@6bd612e7
reloadAllAccessors: .sizedarray2

===========================================================================================
----------------- testing Thu Dec 13 02:58:12 UTC 2018 /home/travis/build/icyphy/ptII/ptolemy/actor/lib/test/auto/twoPublishers.xml
----------------- Instantiating /home/travis/build/icyphy/ptII/ptolemy/actor/lib/test/auto/twoPublishers.xml
2 ms. Memory: 1732096K Free: 154220K (9%)
----------------- Invoking toplevel() on ptolemy.moml.MoMLSimpleApplication@2ada64ad
----------------- Done invoking toplevel() on ptolemy.moml.MoMLSimpleApplication@2ada64ad
reloadAllAccessors: .twoPublishers
AutoTests.java: About to close Vertx.
AutoTests.java: Vertx closed.
]]></system-out>
  <system-err><![CDATA[java.lang.RuntimeException: Execution failed
	at ptolemy.moml.MoMLSimpleApplication$UnloadThread.run(MoMLSimpleApplication.java:402)
Caused by: java.lang.RuntimeException: Normally, we would exit here because Manager.exitAfterWrapup() was called.  However, because the ptolemy.ptII.exitAfterWrapup property is set, we throw this exception instead.
	at ptolemy.util.StringUtilities.exit(StringUtilities.java:363)
	at ptolemy.actor.Manager.wrapup(Manager.java:1531)
	at ptolemy.actor.Manager.execute(Manager.java:407)
	at ptolemy.actor.Manager.run(Manager.java:1263)
	at ptolemy.actor.Manager$PtolemyRunThread.run(Manager.java:1915)
Warning: '.top.test' is in training mode, set the trainingMode parameter to false before checking in
Warning: '.top.test' is in training mode, set the trainingMode parameter to false before checking in
Warning: '.top.test' is in training mode, set the trainingMode parameter to false before checking in
Warning: '.BooleanSwitch_RegressionTest_WrongTrainingValues.Test' is in training mode, set the trainingMode parameter to false before checking in
Warning: '.BooleanSwitch_RegressionTest_WrongTrainingValues.Test2' is in training mode, set the trainingMode parameter to false before checking in
Warning: '.BooleanSwitch_RegressionTest_WrongTrainingValues.Test2' The test produced 0 tokens.
Warning: '.top.testExceptionHandler' is in training mode, set the trainingMode parameter to false before checking in
java.lang.RuntimeException: Execution failed
	at ptolemy.moml.MoMLSimpleApplication$UnloadThread.run(MoMLSimpleApplication.java:402)
Caused by: ptolemy.kernel.util.IllegalActionException: PublisherPorts cannot be used at the top level, use a Publisher actor instead.
  in .PublisherPortToplevelSubscriber.PublisherPort
	at ptolemy.actor.PublisherPort.preinitialize(PublisherPort.java:403)
	at ptolemy.actor.CompositeActor.preinitialize(CompositeActor.java:1769)
	at ptolemy.actor.Manager.preinitializeAndResolveTypes(Manager.java:1040)
	at ptolemy.actor.Manager.initialize(Manager.java:710)
	at ptolemy.actor.Manager.execute(Manager.java:356)
	at ptolemy.actor.Manager.run(Manager.java:1263)
	at ptolemy.actor.Manager$PtolemyRunThread.run(Manager.java:1915)
java.lang.reflect.InvocationTargetException
	at sun.reflect.NativeConstructorAccessorImpl.newInstance0(Native Method)
	at sun.reflect.NativeConstructorAccessorImpl.newInstance(NativeConstructorAccessorImpl.java:62)
	at sun.reflect.DelegatingConstructorAccessorImpl.newInstance(DelegatingConstructorAccessorImpl.java:45)
	at java.lang.reflect.Constructor.newInstance(Constructor.java:423)
	at ptolemy.util.test.junit.AutoKnownFailedTests.RunModel(AutoKnownFailedTests.java:105)
	at sun.reflect.NativeMethodAccessorImpl.invoke0(Native Method)
	at sun.reflect.NativeMethodAccessorImpl.invoke(NativeMethodAccessorImpl.java:62)
	at sun.reflect.DelegatingMethodAccessorImpl.invoke(DelegatingMethodAccessorImpl.java:43)
	at java.lang.reflect.Method.invoke(Method.java:498)
	at org.junit.runners.model.FrameworkMethod$1.runReflectiveCall(FrameworkMethod.java:44)
	at org.junit.internal.runners.model.ReflectiveCallable.run(ReflectiveCallable.java:15)
	at org.junit.runners.model.FrameworkMethod.invokeExplosively(FrameworkMethod.java:41)
	at junitparams.internal.InvokeParameterisedMethod.evaluate(InvokeParameterisedMethod.java:102)
	at org.junit.internal.runners.statements.FailOnTimeout$1.run(FailOnTimeout.java:28)
Caused by: ptolemy.kernel.util.IllegalActionException: PublisherPorts cannot be used at the top level, use a Publisher actor instead.
  in .PublisherPortToplevelSubscriber.PublisherPort
	at ptolemy.actor.PublisherPort.preinitialize(PublisherPort.java:403)
	at ptolemy.actor.CompositeActor.preinitialize(CompositeActor.java:1769)
	at ptolemy.actor.Manager.preinitializeAndResolveTypes(Manager.java:1040)
	at ptolemy.actor.Manager.initialize(Manager.java:710)
	at ptolemy.actor.Manager.execute(Manager.java:356)
	at ptolemy.actor.Manager.run(Manager.java:1263)
	at ptolemy.actor.Manager$PtolemyRunThread.run(Manager.java:1915)
java.lang.RuntimeException: Execution failed
	at ptolemy.moml.MoMLSimpleApplication$UnloadThread.run(MoMLSimpleApplication.java:402)
Caused by: ptolemy.kernel.util.IllegalActionException: SubscriberPorts cannot be used at the top level, use a Subscriber actor instead.
  in .PublisherSubscriberPortToplevel.SubscriberPort
	at ptolemy.actor.SubscriberPort.preinitialize(SubscriberPort.java:328)
	at ptolemy.actor.CompositeActor.preinitialize(CompositeActor.java:1769)
	at ptolemy.actor.Manager.preinitializeAndResolveTypes(Manager.java:1040)
	at ptolemy.actor.Manager.initialize(Manager.java:710)
	at ptolemy.actor.Manager.execute(Manager.java:356)
	at ptolemy.actor.Manager.run(Manager.java:1263)
	at ptolemy.actor.Manager$PtolemyRunThread.run(Manager.java:1915)
java.lang.reflect.InvocationTargetException
	at sun.reflect.NativeConstructorAccessorImpl.newInstance0(Native Method)
	at sun.reflect.NativeConstructorAccessorImpl.newInstance(NativeConstructorAccessorImpl.java:62)
	at sun.reflect.DelegatingConstructorAccessorImpl.newInstance(DelegatingConstructorAccessorImpl.java:45)
	at java.lang.reflect.Constructor.newInstance(Constructor.java:423)
	at ptolemy.util.test.junit.AutoKnownFailedTests.RunModel(AutoKnownFailedTests.java:105)
	at sun.reflect.NativeMethodAccessorImpl.invoke0(Native Method)
	at sun.reflect.NativeMethodAccessorImpl.invoke(NativeMethodAccessorImpl.java:62)
	at sun.reflect.DelegatingMethodAccessorImpl.invoke(DelegatingMethodAccessorImpl.java:43)
	at java.lang.reflect.Method.invoke(Method.java:498)
	at org.junit.runners.model.FrameworkMethod$1.runReflectiveCall(FrameworkMethod.java:44)
	at org.junit.internal.runners.model.ReflectiveCallable.run(ReflectiveCallable.java:15)
	at org.junit.runners.model.FrameworkMethod.invokeExplosively(FrameworkMethod.java:41)
	at junitparams.internal.InvokeParameterisedMethod.evaluate(InvokeParameterisedMethod.java:102)
	at org.junit.internal.runners.statements.FailOnTimeout$1.run(FailOnTimeout.java:28)
Caused by: ptolemy.kernel.util.IllegalActionException: SubscriberPorts cannot be used at the top level, use a Subscriber actor instead.
  in .PublisherSubscriberPortToplevel.SubscriberPort
	at ptolemy.actor.SubscriberPort.preinitialize(SubscriberPort.java:328)
	at ptolemy.actor.CompositeActor.preinitialize(CompositeActor.java:1769)
	at ptolemy.actor.Manager.preinitializeAndResolveTypes(Manager.java:1040)
	at ptolemy.actor.Manager.initialize(Manager.java:710)
	at ptolemy.actor.Manager.execute(Manager.java:356)
	at ptolemy.actor.Manager.run(Manager.java:1263)
	at ptolemy.actor.Manager$PtolemyRunThread.run(Manager.java:1915)
java.lang.RuntimeException: Execution failed
	at ptolemy.moml.MoMLSimpleApplication$UnloadThread.run(MoMLSimpleApplication.java:402)
Caused by: ptolemy.kernel.util.IllegalActionException: SubscriptionAggregatorPorts cannot be used at the top level, use a SubscriptionAggregator actor instead.
  in .PublisherSubscriptionAggregatorPort.SubscriptionAggregatorPort
	at ptolemy.actor.SubscriptionAggregatorPort.preinitialize(SubscriptionAggregatorPort.java:353)
	at ptolemy.actor.CompositeActor.preinitialize(CompositeActor.java:1769)
	at ptolemy.actor.Manager.preinitializeAndResolveTypes(Manager.java:1040)
	at ptolemy.actor.Manager.initialize(Manager.java:710)
	at ptolemy.actor.Manager.execute(Manager.java:356)
	at ptolemy.actor.Manager.run(Manager.java:1263)
	at ptolemy.actor.Manager$PtolemyRunThread.run(Manager.java:1915)
java.lang.reflect.InvocationTargetException
	at sun.reflect.NativeConstructorAccessorImpl.newInstance0(Native Method)
	at sun.reflect.NativeConstructorAccessorImpl.newInstance(NativeConstructorAccessorImpl.java:62)
	at sun.reflect.DelegatingConstructorAccessorImpl.newInstance(DelegatingConstructorAccessorImpl.java:45)
	at java.lang.reflect.Constructor.newInstance(Constructor.java:423)
	at ptolemy.util.test.junit.AutoKnownFailedTests.RunModel(AutoKnownFailedTests.java:105)
	at sun.reflect.NativeMethodAccessorImpl.invoke0(Native Method)
	at sun.reflect.NativeMethodAccessorImpl.invoke(NativeMethodAccessorImpl.java:62)
	at sun.reflect.DelegatingMethodAccessorImpl.invoke(DelegatingMethodAccessorImpl.java:43)
	at java.lang.reflect.Method.invoke(Method.java:498)
	at org.junit.runners.model.FrameworkMethod$1.runReflectiveCall(FrameworkMethod.java:44)
	at org.junit.internal.runners.model.ReflectiveCallable.run(ReflectiveCallable.java:15)
	at org.junit.runners.model.FrameworkMethod.invokeExplosively(FrameworkMethod.java:41)
	at junitparams.internal.InvokeParameterisedMethod.evaluate(InvokeParameterisedMethod.java:102)
	at org.junit.internal.runners.statements.FailOnTimeout$1.run(FailOnTimeout.java:28)
Caused by: ptolemy.kernel.util.IllegalActionException: SubscriptionAggregatorPorts cannot be used at the top level, use a SubscriptionAggregator actor instead.
  in .PublisherSubscriptionAggregatorPort.SubscriptionAggregatorPort
	at ptolemy.actor.SubscriptionAggregatorPort.preinitialize(SubscriptionAggregatorPort.java:353)
	at ptolemy.actor.CompositeActor.preinitialize(CompositeActor.java:1769)
	at ptolemy.actor.Manager.preinitializeAndResolveTypes(Manager.java:1040)
	at ptolemy.actor.Manager.initialize(Manager.java:710)
	at ptolemy.actor.Manager.execute(Manager.java:356)
	at ptolemy.actor.Manager.run(Manager.java:1263)
	at ptolemy.actor.Manager$PtolemyRunThread.run(Manager.java:1915)
java.lang.RuntimeException: Execution failed
	at ptolemy.moml.MoMLSimpleApplication$UnloadThread.run(MoMLSimpleApplication.java:402)
Caused by: ptolemy.kernel.util.IllegalActionException: TypeTest actor has no training data.
  in .sizedarray3.TypeTest
	at ptolemy.actor.lib.TypeTest.initialize(TypeTest.java:250)
	at ptolemy.actor.Director.initialize(Director.java:938)
	at ptolemy.actor.Director.initialize(Director.java:907)
	at ptolemy.actor.sched.StaticSchedulingDirector.initialize(StaticSchedulingDirector.java:159)
	at ptolemy.domains.sdf.kernel.SDFDirector.initialize(SDFDirector.java:544)
	at ptolemy.actor.CompositeActor.initialize(CompositeActor.java:935)
	at ptolemy.actor.Manager.initialize(Manager.java:724)
	at ptolemy.actor.Manager.execute(Manager.java:356)
	at ptolemy.actor.Manager.run(Manager.java:1263)
	at ptolemy.actor.Manager$PtolemyRunThread.run(Manager.java:1915)
java.lang.reflect.InvocationTargetException
	at sun.reflect.NativeConstructorAccessorImpl.newInstance0(Native Method)
	at sun.reflect.NativeConstructorAccessorImpl.newInstance(NativeConstructorAccessorImpl.java:62)
	at sun.reflect.DelegatingConstructorAccessorImpl.newInstance(DelegatingConstructorAccessorImpl.java:45)
	at java.lang.reflect.Constructor.newInstance(Constructor.java:423)
	at ptolemy.util.test.junit.AutoKnownFailedTests.RunModel(AutoKnownFailedTests.java:105)
	at sun.reflect.NativeMethodAccessorImpl.invoke0(Native Method)
	at sun.reflect.NativeMethodAccessorImpl.invoke(NativeMethodAccessorImpl.java:62)
	at sun.reflect.DelegatingMethodAccessorImpl.invoke(DelegatingMethodAccessorImpl.java:43)
	at java.lang.reflect.Method.invoke(Method.java:498)
	at org.junit.runners.model.FrameworkMethod$1.runReflectiveCall(FrameworkMethod.java:44)
	at org.junit.internal.runners.model.ReflectiveCallable.run(ReflectiveCallable.java:15)
	at org.junit.runners.model.FrameworkMethod.invokeExplosively(FrameworkMethod.java:41)
	at junitparams.internal.InvokeParameterisedMethod.evaluate(InvokeParameterisedMethod.java:102)
	at org.junit.internal.runners.statements.FailOnTimeout$1.run(FailOnTimeout.java:28)
Caused by: ptolemy.kernel.util.IllegalActionException: TypeTest actor has no training data.
  in .sizedarray3.TypeTest
	at ptolemy.actor.lib.TypeTest.initialize(TypeTest.java:250)
	at ptolemy.actor.Director.initialize(Director.java:938)
	at ptolemy.actor.Director.initialize(Director.java:907)
	at ptolemy.actor.sched.StaticSchedulingDirector.initialize(StaticSchedulingDirector.java:159)
	at ptolemy.domains.sdf.kernel.SDFDirector.initialize(SDFDirector.java:544)
	at ptolemy.actor.CompositeActor.initialize(CompositeActor.java:935)
	at ptolemy.actor.Manager.initialize(Manager.java:724)
	at ptolemy.actor.Manager.execute(Manager.java:356)
	at ptolemy.actor.Manager.run(Manager.java:1263)
	at ptolemy.actor.Manager$PtolemyRunThread.run(Manager.java:1915)
]]></system-err>
</testsuite>
