<?xml version="1.0" encoding="UTF-8" ?>
<testsuite errors="0" failures="0" hostname="travis-job-33acfb09-3c38-42e6-a228-1f6aa6a37027" name="ptolemy.cg.lib.test.junit.JUnitTclTest" skipped="0" tests="37" time="97.912" timestamp="2019-04-09T04:04:31">
  <properties>
    <property name="npm.executable" value="npm" />
    <property name="file.encoding.pkg" value="sun.io" />
    <property name="env.TRAVIS_ROOT" value="/" />
    <property name="ptII.mk.exists" value="true" />
    <property name="env.TRAVIS_APP_HOST" value="build.travis-ci.org" />
    <property name="env.rvm_bin_path" value="/home/travis/.rvm/bin" />
    <property name="java.home" value="/usr/lib/jvm/java-8-oracle/jre" />
    <property name="env.TRAVIS_JOB_NUMBER" value="1079.10" />
    <property name="env.TRAVIS_HOME" value="/home/travis" />
    <property name="env.DISPLAY" value=":99.0" />
    <property name="java.net.preferIPv4Stack" value="true" />
    <property name="env.TRAVIS_INIT" value="upstart" />
    <property name="env.SSH_TTY" value="/dev/pts/0" />
    <property name="env.RUN_TESTS" value="true" />
    <property name="timeout.short" value="1000000" />
    <property name="env.TRAVIS_JOB_NAME" value="" />
    <property name="env.TRAVIS_STACK_NODE_ATTRIBUTES" value="/.node-attributes.yml" />
    <property name="junit.formatter" value="xml" />
    <property name="java.endorsed.dirs" value="/usr/lib/jvm/java-8-oracle/jre/lib/endorsed" />
    <property name="env.TRAVIS_SUDO" value="true" />
    <property name="env.LOGNAME" value="travis" />
    <property name="jsdoc.home" value="node_modules/@terraswarm/jsdoc" />
    <property name="debuglevel" value="source,lines,vars" />
    <property name="checkstyle.formatter" value="xml" />
    <property name="bin.vergil.makeable" value="true" />
    <property name="env._system_version" value="14.04" />
    <property name="sun.os.patch.level" value="unknown" />
    <property name="java.vendor.url" value="http://java.oracle.com/" />
    <property name="env.TRAVIS_BUILD_WEB_URL" value="https://travis-ci.org/icyphy/ptII/builds/517591963" />
    <property name="java.version" value="1.8.0_151" />
    <property name="env.TZ" value="UTC" />
    <property name="env.PT_NO_NET" value="true" />
    <property name="env.TRAVIS_PULL_REQUEST_SHA" value="" />
    <property name="env.TRAVIS_SECURE_ENV_VARS" value="true" />
    <property name="env._system_type" value="Linux" />
    <property name="java.vendor.url.bug" value="http://bugreport.sun.com/bugreport/" />
    <property name="env.SSH_CLIENT" value="10.10.16.20 52604 22" />
    <property name="npmjs-org-is-up" value="true" />
    <property name="env.GEM_HOME" value="/home/travis/.rvm/gems/ruby-2.4.1" />
    <property name="env.HAS_ANTARES_THREE_LITTLE_FRONZIES_BADGE" value="true" />
    <property name="env.PS4" value="+" />
    <property name="ant.project.invoked-targets" value="build,test.core3.xml" />
    <property name="env.TRAVIS_PULL_REQUEST_BRANCH" value="" />
    <property name="env.TRAVIS_REPO_SLUG" value="icyphy/ptII" />
    <property name="env.TRAVIS_APT_PROXY" value="http://build-cache.travisci.net" />
    <property name="node.in.path" value="true" />
    <property name="java.maxmemory" value="1400m" />
    <property name="env.RUBY_VERSION" value="ruby-2.4.1" />
    <property name="user.name" value="travis" />
    <property name="env.LANG" value="en_US.UTF-8" />
    <property name="sun.io.unicode.encoding" value="UnicodeLittle" />
    <property name="sun.jnu.encoding" value="UTF-8" />
    <property name="java.runtime.name" value="Java(TM) SE Runtime Environment" />
    <property name="usefile" value="false" />
    <property name="return.code" value="0" />
    <property name="junit.single.formatter" value="plain" />
    <property name="env.DYLD_LIBRARY_PATH" value="/home/travis/pthla/certi-tools/lib:" />
    <property name="env.DEBIAN_FRONTEND" value="noninteractive" />
    <property name="env.SSH_CONNECTION" value="10.10.16.20 52604 10.20.0.200 22" />
    <property name="env.MYSQL_UNIX_PORT" value="/var/run/mysqld/mysqld.sock" />
    <property name="env.TRAVIS_ALLOW_FAILURE" value="false" />
    <property name="env.LC_ALL" value="en_US.UTF-8" />
    <property name="env.TRAVIS_JOB_WEB_URL" value="https://travis-ci.org/icyphy/ptII/jobs/517591975" />
    <property name="java.specification.name" value="Java Platform API Specification" />
    <property name="node.works" value="true" />
    <property name="user.timezone" value="" />
    <property name="path.separator" value=":" />
    <property name="env.TRAVIS_ENABLE_INFRA_DETECTION" value="true" />
    <property name="env.PYTHON_CFLAGS" value="-g -fstack-protector --param=ssp-buffer-size=4 -Wformat -Werror=format-security" />
    <property name="timeout.long" value="4000000" />
    <property name="env.CERTI_HOME" value="/home/travis/pthla/certi-tools" />
    <property name="file.encoding" value="UTF-8" />
    <property name="ant.file.ptII" value="/home/travis/build/icyphy/ptII/build.xml" />
    <property name="javadoc.packagenames" value="com.*,diva.*,lbnl.*,org.hlacerti.*,org.json.*,org.ptolemy.*,org.terraswarm.*,ptolemy.*,ptserver.*" />
    <property name="env.TRAVIS_PULL_REQUEST_SLUG" value="" />
    <property name="ant.project.default-target" value="build" />
    <property name="env.GIT_ASKPASS" value="echo" />
    <property name="env.HOME" value="/home/travis" />
    <property name="sun.java.command" value="org.apache.tools.ant.taskdefs.optional.junit.JUnitTestRunner ptolemy.cg.lib.test.junit.JUnitTclTest skipNonTests=false filtertrace=true haltOnError=false haltOnFailure=false formatter=org.apache.tools.ant.taskdefs.optional.junit.OutErrSummaryJUnitResultFormatter showoutput=true outputtoformatters=true logfailedtests=true threadid=0 logtestlistenerevents=false formatter=org.apache.tools.ant.taskdefs.optional.junit.XMLJUnitResultFormatter,/home/travis/build/icyphy/ptII/reports/junit/TEST-ptolemy.cg.lib.test.junit.JUnitTclTest.xml crashfile=/home/travis/build/icyphy/ptII/junitvmwatcher3724353795824118895.properties propsfile=/home/travis/build/icyphy/ptII/junit6937421752638326133.properties" />
    <property name="env.MANPATH" value="/home/travis/.nvm/versions/node/v7.10.1/share/man:/home/travis/.kiex/elixirs/elixir-1.4.5/man:/home/travis/.rvm/rubies/ruby-2.4.1/share/man:/usr/local/man:/usr/local/cmake-3.9.2/man:/usr/local/clang-5.0.0/share/man:/usr/local/share/man:/usr/share/man:/home/travis/.rvm/man" />
    <property name="env.COMPOSER_NO_INTERACTION" value="1" />
    <property name="env.JDK_SWITCHER_DEFAULT" value="oraclejdk8" />
    <property name="env.TRAVIS_TIMER_ID" value="16ed79d2" />
    <property name="ant.file" value="/home/travis/build/icyphy/ptII/build.xml" />
    <property name="env.TRAVIS_COMMIT_RANGE" value="a94e6f5c0d85f8cff59956fabbc4c5f60396f7bb...790d4dbe3c16542dde6a78fbb251f4fb7b653315" />
    <property name="env._system_name" value="Ubuntu" />
    <property name="timeout" value="2400000" />
    <property name="ptII.classpath.optional.property" value="/home/travis/build/icyphy/ptII/lib/bsh-2.0b4.jar:/home/travis/build/icyphy/ptII/lib/ptCal.jar:/home/travis/build/icyphy/ptII/lib/java_cup.jar:/home/travis/build/icyphy/ptII/lib/saxon8.jar:/home/travis/build/icyphy/ptII/lib/saxon8-dom.jar:/home/travis/build/icyphy/ptII/lib/chic.jar:/home/travis/build/icyphy/ptII/lib/ptcolt.jar:/usr/lib/jvm/java-8-oracle/lib/tools.jar:/home/travis/build/icyphy/ptII/vendors/misc/itext/iText.jar:/home/travis/build/icyphy/ptII/lib/g4ltl.jar:/home/travis/build/icyphy/ptII/lib/StructuralCoder.jar:/home/travis/build/icyphy/ptII/vendors/jai-1_1_2_01/lib/jai_core.jar:/home/travis/build/icyphy/ptII/vendors/jai-1_1_2_01/lib/jai_codec.jar:/home/travis/build/icyphy/ptII/lib/jcerti.jar:/home/travis/build/icyphy/ptII/lib/javax.mail.jar:/home/travis/build/icyphy/ptII/vendors/JMF-2.1.1e/lib/jmf.jar:/home/travis/build/icyphy/ptII/lib/jna-4.0.0-variadic.jar:/home/travis/build/icyphy/ptII/vendors/misc/joystick/Joystick.jar:/home/travis/build/icyphy/ptII/lib/ptjacl.jar:/home/travis/build/icyphy/ptII/lib/jsoup-1.8.2.jar:/home/travis/build/icyphy/ptII/lib/junit-4.8.2.jar:/home/travis/build/icyphy/ptII/lib/JUnitParams-0.4.0.jar:/home/travis/build/icyphy/ptII/ptolemy/actor/lib/excel/jxl.jar:/home/travis/build/icyphy/ptII/lib/jython.jar:/home/travis/build/icyphy/ptII/lib/kieler.jar:/home/travis/build/icyphy/ptII/vendors/opencv/share/OpenCV/java/opencv-341.jar:/home/travis/build/icyphy/ptII/lib/oscP5.jar:/home/travis/build/icyphy/ptII/lib/nrjavaserial-3.11.0.devel.jar:/home/travis/build/icyphy/ptII/vendors/j3d/lib/j3dcore.jar:/home/travis/build/icyphy/ptII/vendors/j3d/lib/j3dutils.jar:/home/travis/build/icyphy/ptII/vendors/j3d/lib/vecmath.jar:/home/travis/build/icyphy/ptII/ptolemy/distributed/jini/jar/jini-core.jar:/home/travis/build/icyphy/ptII/ptolemy/distributed/jini/jar/jini-ext.jar:/home/travis/build/icyphy/ptII/ptolemy/distributed/jini/jar/sun-util.jar:/home/travis/build/icyphy/ptII/lib/protobuf-java-2.4.1.jar:/home/travis/build/icyphy/ptII/lib/org.eclipse.paho.client.mqttv3.jar:/home/travis/build/icyphy/ptII/lib/mapss.jar:/home/travis/build/icyphy/ptII/ptolemy/actor/ptalon/antlr/antlr.jar:/home/travis/build/icyphy/ptII/lib/JRI.jar:/home/travis/build/icyphy/ptII/lib/commons-lang-2.6.jar:/home/travis/build/icyphy/ptII/lib/commons-logging-1.1.1.jar:/home/travis/build/icyphy/ptII/lib/sootclasses.jar:/home/travis/build/icyphy/ptII/ptolemy/actor/lib/database/mysql-connector-java-5.1.6-bin.jar:/home/travis/build/icyphy/ptII/vendors/misc/sphinx4/sphinx4-data-5prealpha.jar:/home/travis/build/icyphy/ptII/vendors/misc/sphinx4/sphinx4-core-5prealpha.jar:/home/travis/build/icyphy/ptII/lib/PDFRenderer.jar:/home/travis/build/icyphy/ptII/lib/svgSalamander.jar:/home/travis/build/icyphy/ptII/lib/rsyntaxtextarea-2.6.0-SNAPSHOT.jar:/home/travis/build/icyphy/ptII/lib/hazelcast-3.8.2.jar:/home/travis/build/icyphy/ptII/lib/jackson-annotations-2.9.0.jar:/home/travis/build/icyphy/ptII/lib/jackson-core-2.9.3.jar:/home/travis/build/icyphy/ptII/lib/jackson-databind-2.9.3.jar:/home/travis/build/icyphy/ptII/lib/netty-buffer-4.1.19.Final.jar:/home/travis/build/icyphy/ptII/lib/netty-codec-4.1.19.Final.jar:/home/travis/build/icyphy/ptII/lib/netty-codec-dns-4.1.19.Final.jar:/home/travis/build/icyphy/ptII/lib/netty-codec-http-4.1.19.Final.jar:/home/travis/build/icyphy/ptII/lib/netty-codec-http2-4.1.19.Final.jar:/home/travis/build/icyphy/ptII/lib/netty-common-4.1.19.Final.jar:/home/travis/build/icyphy/ptII/lib/netty-handler-4.1.19.Final.jar:/home/travis/build/icyphy/ptII/lib/netty-resolver-4.1.19.Final.jar:/home/travis/build/icyphy/ptII/lib/netty-resolver-dns-4.1.19.Final.jar:/home/travis/build/icyphy/ptII/lib/netty-transport-4.1.19.Final.jar:/home/travis/build/icyphy/ptII/lib/vertx-codegen-3.5.1.jar:/home/travis/build/icyphy/ptII/lib/vertx-core-3.5.2-SNAPSHOT.jar:/home/travis/build/icyphy/ptII/lib/vertx-hazelcast-3.5.1.jar:/home/travis/build/icyphy/ptII/lib/vertx-lang-js-3.5.1.jar:/home/travis/build/icyphy/ptII/lib/vertx-service-proxy-3.5.1.jar:/home/travis/build/icyphy/ptII/lib/vertx-web-3.5.1.jar:/home/travis/build/icyphy/ptII/lib/slf4j-api-1.7.13.jar:/home/travis/build/icyphy/ptII/lib/slf4j-simple-1.7.13.jar:/home/travis/build/icyphy/ptII/lib/webcam-capture-0.3.12.jar:/home/travis/build/icyphy/ptII/lib/bridj-0.7.0.jar:/home/travis/build/icyphy/ptII/lib/xbjlib-1.1.0.nrjavaserial.jar" />
    <property name="test.batch" value="**/junit/*.java" />
    <property name="env._" value="/usr/bin/timeout" />
    <property name="java.io.tmpdir" value="/tmp" />
    <property name="env.TRAVIS_INTERNAL_RUBY_REGEX" value="^ruby-(2\.[0-4]\.[0-9]|1\.9\.3)" />
    <property name="user.language" value="en" />
    <property name="env.HISTCONTROL" value="ignoredups:ignorespace" />
    <property name="env.GOROOT" value="/home/travis/.gimme/versions/go1.7.4.linux.amd64" />
    <property name="line.separator" value="&#xa;" />
    <property name="target" value="1.8" />
    <property name="env.TRAVIS_BUILD_DIR" value="/home/travis/build/icyphy/ptII" />
    <property name="env.ANT_OPTS" value="-Xmx2048m" />
    <property name="ant.file.type" value="file" />
    <property name="ptolemy.ptII.batchMode" value="true" />
    <property name="env.HISTSIZE" value="1000" />
    <property name="env.MERB_ENV" value="test" />
    <property name="java.vm.info" value="mixed mode" />
    <property name="source" value="1.8" />
    <property name="java.vm.specification.name" value="Java Virtual Machine Specification" />
    <property name="env.TRAVIS_TEST_RESULT" value="0" />
    <property name="jsdoc.command" value="node_modules/@terraswarm/jsdoc/jsdoc.js" />
    <property name="npm.works" value="true" />
    <property name="cobertura.dir" value="/home/travis/build/icyphy/ptII/vendors/cobertura-2.0.3" />
    <property name="env.rvm_path" value="/home/travis/.rvm" />
    <property name="env.GEM_PATH" value="/home/travis/.rvm/gems/ruby-2.4.1:/home/travis/.rvm/gems/ruby-2.4.1@global" />
    <property name="env.LC_CTYPE" value="en_US.UTF-8" />
    <property name="java.awt.printerjob" value="sun.print.PSPrinterJob" />
    <property name="env.TRAVIS_CMD" value="$PTII/bin/ptIITravisBuild.sh $SECONDS" />
    <property name="env.TRAVIS_STACK_NAME" value="garnet" />
    <property name="env.TRAVIS_TIMER_START_TIME" value="1554782170262610293" />
    <property name="ant.version" value="Apache Ant(TM) version 1.10.1 compiled on February 2 2017" />
    <property name="ptII.reports" value="/home/travis/build/icyphy/ptII/reports" />
    <property name="env.TRAVIS_STACK_TIMESTAMP" value="2017-12-05 19:33:09 UTC" />
    <property name="ant.file.type.ptII" value="file" />
    <property name="env.PT_TRAVIS_TEST_CORE3_XML" value="true" />
    <property name="env.RBENV_SHELL" value="bash" />
    <property name="os.name" value="Linux" />
    <property name="java.specification.vendor" value="Oracle Corporation" />
    <property name="env.rvm_version" value="1.29.3 (latest)" />
    <property name="env.TRAVIS_INFRA" value="gce" />
    <property name="env.TERM" value="xterm" />
    <property name="java.vm.name" value="Java HotSpot(TM) 64-Bit Server VM" />
    <property name="env.TRAVIS_BUILD_NUMBER" value="1079" />
    <property name="env.CI" value="true" />
    <property name="java.library.path" value="/home/travis/pthla/certi-tools/lib:/usr/lib/jni:/usr/local/share/OpenCV/java/:/usr/share/OpenCV/java::/usr/java/packages/lib/amd64:/usr/lib64:/lib64:/lib:/usr/lib" />
    <property name="env.rvm_prefix" value="/home/travis" />
    <property name="env.PATH" value="/home/travis/pthla/certi-tools/share/scripts:/home/travis/.rvm/gems/ruby-2.4.1/bin:/home/travis/.rvm/gems/ruby-2.4.1@global/bin:/home/travis/.rvm/rubies/ruby-2.4.1/bin:/home/travis/.rvm/bin:/home/travis/.nvm/versions/node/v7.10.1/bin:./node_modules/.bin:/home/travis/build/icyphy/ptII/bin:/home/travis/pthla/certi-tools/bin:/home/travis/bin:/home/travis/.local/bin:/opt/pyenv/shims:/home/travis/.phpenv/shims:/home/travis/perl5/perlbrew/bin:/home/travis/.kiex/elixirs/elixir-1.4.5/bin:/home/travis/.kiex/bin:/home/travis/gopath/bin:/home/travis/.gimme/versions/go1.7.4.linux.amd64/bin:/usr/local/phantomjs/bin:/usr/local/phantomjs:/usr/local/neo4j-3.2.7/bin:/usr/local/maven-3.5.2/bin:/usr/local/cmake-3.9.2/bin:/usr/local/clang-5.0.0/bin:/usr/local/sbin:/usr/local/bin:/usr/sbin:/usr/bin:/sbin:/bin:/home/travis/.phpenv/bin:/opt/pyenv/bin:/home/travis/.yarn/bin" />
    <property name="env.TRAVIS_OS_NAME" value="linux" />
    <property name="ant.java.version" value="1.8" />
    <property name="basedir" value="/home/travis/build/icyphy/ptII" />
    <property name="java.class.version" value="52.0" />
    <property name="env.SHLVL" value="3" />
    <property name="env.LD_LIBRARY_PATH" value="/home/travis/pthla/certi-tools/lib:/usr/lib/jni:/usr/local/share/OpenCV/java/:/usr/share/OpenCV/java:" />
    <property name="env.RACK_ENV" value="test" />
    <property name="ant.home" value="/home/travis/build/icyphy/ptII/ant" />
    <property name="env.PERLBREW_BASHRC_VERSION" value="0.80" />
    <property name="env.NVM_DIR" value="/home/travis/.nvm" />
    <property name="env.TRAVIS_BUILD_ID" value="517591963" />
    <property name="env.CERTI_FOM_PATH" value="/home/travis/pthla/certi-tools/share/federations" />
    <property name="env.PYENV_ROOT" value="/opt/pyenv" />
    <property name="env.TRAVIS_UID" value="2000" />
    <property name="env.rvm_pretty_print_flag" value="auto" />
    <property name="env.NVM_BIN" value="/home/travis/.nvm/versions/node/v7.10.1/bin" />
    <property name="env.TRAVIS_COMMIT" value="790d4dbe3c16542dde6a78fbb251f4fb7b653315" />
    <property name="env._system_arch" value="x86_64" />
    <property name="node.executable" value="node" />
    <property name="sun.boot.library.path" value="/usr/lib/jvm/java-8-oracle/jre/lib/amd64" />
    <property name="sun.management.compiler" value="HotSpot 64-Bit Tiered Compilers" />
    <property name="env.GOPATH" value="/home/travis/gopath" />
    <property name="java.awt.graphicsenv" value="sun.awt.X11GraphicsEnvironment" />
    <property name="ptolemy.ptII.dir" value="/home/travis/build/icyphy/ptII" />
    <property name="env.USER" value="travis" />
    <property name="env.HISTFILESIZE" value="2000" />
    <property name="timeout.longest" value="19000000" />
    <property name="env.TRAVIS_STACK_FEATURES" value="basic cassandra chromium couchdb disabled-ipv6 docker docker-compose elasticsearch firefox go-toolchain google-chrome jdk memcached mongodb mysql neo4j nodejs_interpreter perl_interpreter perlbrew phantomjs postgresql python_interpreter rabbitmq redis riak ruby_interpreter sqlite xserver" />
    <property name="env.TRAVIS_PULL_REQUEST" value="false" />
    <property name="env.PYENV_SHELL" value="bash" />
    <property name="ant.project.name" value="ptII" />
    <property name="java.vm.specification.version" value="1.8" />
    <property name="env.ANSI_RESET" value="\033[0m" />
    <property name="env.TRAVIS_DIST" value="trusty" />
    <property name="env.CERTI_VERSION" value="4.0.0" />
    <property name="env.NLSPATH" value="/usr/dt/lib/nls/msg/%L/%N.cat" />
    <property name="awt.toolkit" value="sun.awt.X11.XToolkit" />
    <property name="env.CERTI_HOST" value="localhost" />
    <property name="env.MY_RUBY_HOME" value="/home/travis/.rvm/rubies/ruby-2.4.1" />
    <property name="sun.cpu.isalist" value="" />
    <property name="env.TRAVIS_TMPDIR" value="/tmp/tmp.8YqZMb5WoZ" />
    <property name="java.ext.dirs" value="/usr/lib/jvm/java-8-oracle/jre/lib/ext:/usr/java/packages/lib/ext" />
    <property name="os.version" value="4.4.0-101-generic" />
    <property name="user.home" value="/home/travis" />
    <property name="env.MIX_ARCHIVES" value="/home/travis/.kiex/mix/elixir-1.4.5" />
    <property name="java.vm.vendor" value="Oracle Corporation" />
    <property name="env.TRAVIS_TAG" value="nightly" />
    <property name="env.ANSI_YELLOW" value="\033[33;1m" />
    <property name="env.TRAVIS_FILTERED" value="redirect_io" />
    <property name="env.ANSI_GREEN" value="\033[32;1m" />
    <property name="env.JAVA_HOME" value="/usr/lib/jvm/java-8-oracle" />
    <property name="env.PTII" value="/home/travis/build/icyphy/ptII" />
    <property name="javadoc.excludepackagenames" value="adm.cvs2svn.*,build.*,config.*,doc.coding.templates.*,jni.test.jni.meaningOfLife.*,jni.test.jni.testDeux.*,jni.test.jni.testTrois.*,org.terraswarm.accessor.accessors.web.node_modules.*,org.terraswarm.accessor.accessors.web.hosts.cordova.demo.*,org.terraswarm.accessor.accessors.web.hosts.cordova.plugins.*,org.terraswarm.accessor.accessors-svn.*,pt-modules.*,ptolemy.apps.agilent.*,ptolemy.apps.anytimecontrol.*,ptolemy.apps.apes.*,ptolemy.apps.charon.*,ptolemy.apps.crazyboard.*,ptolemy.apps.eclipse.*,ptolemy.apps.etherealSting.*,ptolemy.apps.fullscreen.*,ptolemy.apps.giotto.*,ptolemy.apps.ia.*,ptolemy.apps.interfaces.*,ptolemy.apps.jmf.*,ptolemy.apps.kurt.*,ptolemy.apps.kvm.*,ptolemy.apps.lego.*,ptolemy.apps.lejos.*,ptolemy.apps.midp.*,ptolemy.apps.mobileCoding.*,ptolemy.apps.pendulum.*,ptolemy.apps.rijndael.*,ptolemy.apps.robot.*,ptolemy.apps.security.*,ptolemy.apps.sobel.*,ptolemy.apps.soot.*,ptolemy.apps.throttle.*,ptolemy.apps.tini.*,ptolemy.apps.transmission.*,ptolemy.apps.vergil.*,ptolemy.apps.waba.*,ptolemy.apps.websensor.*,ptolemy.apps.webstart.*,ptolemy.apps.xsl.*,ptolemy.apps.zaurus.*,ptolemy.codegen.c.actor.lib.oldJavaFiles.*,ptolemy.codegen.dsp.lib.*,ptolemy.codegen.kernel.newInterfaces.*,ptolemy.codegen.lib.*,ptolemy.copernicus.kernel.fragment.*,ptolemy.copernicus.shallow.cg.*,ptolemy.domains.giotto.demo.Hierarchy.Hierarchy.*,ptolemy.domains.giotto.demo.Multimode.Multimode.*,ptolemy.domains.giotto.demo.Simple.Simple.*,ptolemy.domains.gr.lib.experimental.*,ptolemy.domains.gro.*,ptolemy.domains.pdf.*,ptolemy.domains.ptinyos.demo.Surge.output.*,ptolemy.moml.test.NoPackageActor.java*,ptolemy.plot.adm.*,ptolemy.plot.servlet.*,reports.*,signed.*,src.*,target.*,vendors.*,ptolemy.apps.eclipse.awt.*,ptolemy.backtrack.*,ptolemy.backtrack.ast.*,ptolemy.cg.adapter.generic.program.procedural.c.mbed*,ptolemy.homer.*,org.ptolemy.scala.*,diva.util.java2d.svg.*,ptolemy.domains.ptinyos.*,ptolemy.actor.lib.fmi.fmipp.*,,org.terraswarm.accessor.accessors.web.node_modules.*,org.terraswarm.accessor.accessors-svn,ptolemy.apps.*,ptolemy.actor.ptalon.demo.ptinyos.SendAndReceiveCnt.output,ptolemy.actor.ptalon.demo.ptinyos.SenseToLeds.output,ptolemy.domains.ptinyos.demo.CntToLedsAndRfm.output,ptolemy.domains.ptinyos.demo.RfmToLeds.output,ptolemy.domains.ptinyos.demo.SendAndReceiveCnt.output,ptolemy.domains.ptinyos.demo.SenseToLeds.output,ptolemy.actor.lib.jjs.modules.udpSocket.*" />
    <property name="env.TRAVIS_COMMIT_MESSAGE" value="Minor updating in manual-ptii-hla.pdf." />
    <property name="keystore" value="ptKeystore" />
    <property name="env.XDG_SESSION_ID" value="2" />
    <property name="junit.output.dir" value="/home/travis/build/icyphy/ptII/reports/junit" />
    <property name="npm.return.code" value="0" />
    <property name="user.dir" value="/home/travis/build/icyphy/ptII/ptolemy/cg/lib/test" />
    <property name="env.TRAVIS_NODE_VERSION" value="7" />
    <property name="env.XFILESEARCHPATH" value="/usr/dt/app-defaults/%L/Dt" />
    <property name="env.TRAVIS_EVENT_TYPE" value="cron" />
    <property name="env.MAIL" value="/var/mail/travis" />
    <property name="env.PWD" value="/home/travis/build/icyphy/ptII" />
    <property name="env.PERLBREW_ROOT" value="/home/travis/perl5/perlbrew" />
    <property name="timeout.npm" value="45000" />
    <property name="env.TRAVIS_ARCH" value="amd64" />
    <property name="env.PAGER" value="cat" />
    <property name="sun.cpu.endian" value="little" />
    <property name="env.TRAVIS_BUILD_STAGE_NAME" value="Test" />
    <property name="env.PERLBREW_HOME" value="/home/travis/.perlbrew" />
    <property name="env.RAILS_ENV" value="test" />
    <property name="java.vm.version" value="25.151-b12" />
    <property name="java.class.path" value="/home/travis/build/icyphy/ptII:/home/travis/build/icyphy/ptII/lib/bsh-2.0b4.jar:/home/travis/build/icyphy/ptII/lib/ptCal.jar:/home/travis/build/icyphy/ptII/lib/java_cup.jar:/home/travis/build/icyphy/ptII/lib/saxon8.jar:/home/travis/build/icyphy/ptII/lib/saxon8-dom.jar:/home/travis/build/icyphy/ptII/lib/chic.jar:/home/travis/build/icyphy/ptII/lib/ptcolt.jar:/usr/lib/jvm/java-8-oracle/lib/tools.jar:/home/travis/build/icyphy/ptII/vendors/misc/itext/iText.jar:/home/travis/build/icyphy/ptII/lib/g4ltl.jar:/home/travis/build/icyphy/ptII/lib/StructuralCoder.jar:/home/travis/build/icyphy/ptII/vendors/jai-1_1_2_01/lib/jai_core.jar:/home/travis/build/icyphy/ptII/vendors/jai-1_1_2_01/lib/jai_codec.jar:/home/travis/build/icyphy/ptII/lib/jcerti.jar:/home/travis/build/icyphy/ptII/lib/javax.mail.jar:/home/travis/build/icyphy/ptII/vendors/JMF-2.1.1e/lib/jmf.jar:/home/travis/build/icyphy/ptII/lib/jna-4.0.0-variadic.jar:/home/travis/build/icyphy/ptII/vendors/misc/joystick/Joystick.jar:/home/travis/build/icyphy/ptII/lib/ptjacl.jar:/home/travis/build/icyphy/ptII/lib/jsoup-1.8.2.jar:/home/travis/build/icyphy/ptII/lib/junit-4.8.2.jar:/home/travis/build/icyphy/ptII/lib/JUnitParams-0.4.0.jar:/home/travis/build/icyphy/ptII/ptolemy/actor/lib/excel/jxl.jar:/home/travis/build/icyphy/ptII/lib/jython.jar:/home/travis/build/icyphy/ptII/lib/kieler.jar:/home/travis/build/icyphy/ptII/vendors/opencv/share/OpenCV/java/opencv-341.jar:/home/travis/build/icyphy/ptII/lib/oscP5.jar:/home/travis/build/icyphy/ptII/lib/nrjavaserial-3.11.0.devel.jar:/home/travis/build/icyphy/ptII/vendors/j3d/lib/j3dcore.jar:/home/travis/build/icyphy/ptII/vendors/j3d/lib/j3dutils.jar:/home/travis/build/icyphy/ptII/vendors/j3d/lib/vecmath.jar:/home/travis/build/icyphy/ptII/ptolemy/distributed/jini/jar/jini-core.jar:/home/travis/build/icyphy/ptII/ptolemy/distributed/jini/jar/jini-ext.jar:/home/travis/build/icyphy/ptII/ptolemy/distributed/jini/jar/sun-util.jar:/home/travis/build/icyphy/ptII/lib/protobuf-java-2.4.1.jar:/home/travis/build/icyphy/ptII/lib/org.eclipse.paho.client.mqttv3.jar:/home/travis/build/icyphy/ptII/lib/mapss.jar:/home/travis/build/icyphy/ptII/ptolemy/actor/ptalon/antlr/antlr.jar:/home/travis/build/icyphy/ptII/lib/JRI.jar:/home/travis/build/icyphy/ptII/lib/commons-lang-2.6.jar:/home/travis/build/icyphy/ptII/lib/commons-logging-1.1.1.jar:/home/travis/build/icyphy/ptII/lib/sootclasses.jar:/home/travis/build/icyphy/ptII/ptolemy/actor/lib/database/mysql-connector-java-5.1.6-bin.jar:/home/travis/build/icyphy/ptII/vendors/misc/sphinx4/sphinx4-data-5prealpha.jar:/home/travis/build/icyphy/ptII/vendors/misc/sphinx4/sphinx4-core-5prealpha.jar:/home/travis/build/icyphy/ptII/lib/PDFRenderer.jar:/home/travis/build/icyphy/ptII/lib/svgSalamander.jar:/home/travis/build/icyphy/ptII/lib/rsyntaxtextarea-2.6.0-SNAPSHOT.jar:/home/travis/build/icyphy/ptII/lib/hazelcast-3.8.2.jar:/home/travis/build/icyphy/ptII/lib/jackson-annotations-2.9.0.jar:/home/travis/build/icyphy/ptII/lib/jackson-core-2.9.3.jar:/home/travis/build/icyphy/ptII/lib/jackson-databind-2.9.3.jar:/home/travis/build/icyphy/ptII/lib/netty-buffer-4.1.19.Final.jar:/home/travis/build/icyphy/ptII/lib/netty-codec-4.1.19.Final.jar:/home/travis/build/icyphy/ptII/lib/netty-codec-dns-4.1.19.Final.jar:/home/travis/build/icyphy/ptII/lib/netty-codec-http-4.1.19.Final.jar:/home/travis/build/icyphy/ptII/lib/netty-codec-http2-4.1.19.Final.jar:/home/travis/build/icyphy/ptII/lib/netty-common-4.1.19.Final.jar:/home/travis/build/icyphy/ptII/lib/netty-handler-4.1.19.Final.jar:/home/travis/build/icyphy/ptII/lib/netty-resolver-4.1.19.Final.jar:/home/travis/build/icyphy/ptII/lib/netty-resolver-dns-4.1.19.Final.jar:/home/travis/build/icyphy/ptII/lib/netty-transport-4.1.19.Final.jar:/home/travis/build/icyphy/ptII/lib/vertx-codegen-3.5.1.jar:/home/travis/build/icyphy/ptII/lib/vertx-core-3.5.2-SNAPSHOT.jar:/home/travis/build/icyphy/ptII/lib/vertx-hazelcast-3.5.1.jar:/home/travis/build/icyphy/ptII/lib/vertx-lang-js-3.5.1.jar:/home/travis/build/icyphy/ptII/lib/vertx-service-proxy-3.5.1.jar:/home/travis/build/icyphy/ptII/lib/vertx-web-3.5.1.jar:/home/travis/build/icyphy/ptII/lib/slf4j-api-1.7.13.jar:/home/travis/build/icyphy/ptII/lib/slf4j-simple-1.7.13.jar:/home/travis/build/icyphy/ptII/lib/webcam-capture-0.3.12.jar:/home/travis/build/icyphy/ptII/lib/bridj-0.7.0.jar:/home/travis/build/icyphy/ptII/lib/xbjlib-1.1.0.nrjavaserial.jar:/home/travis/build/icyphy/ptII/ptolemy/moml/test:/home/travis/build/icyphy/ptII/ant/lib/ant-launcher.jar:/home/travis/build/icyphy/ptII/ant/lib/ant.jar:/home/travis/build/icyphy/ptII/ant/lib/ant-junit.jar:/home/travis/build/icyphy/ptII/ant/lib/ant-junit4.jar" />
    <property name="ant.library.dir" value="/home/travis/build/icyphy/ptII/ant/lib" />
    <property name="os.arch" value="amd64" />
    <property name="env.TRAVIS_LANGUAGE" value="node_js" />
    <property name="env.CONTINUOUS_INTEGRATION" value="true" />
    <property name="env.TRAVIS_STACK_LANGUAGES" value="__garnet__ c c++ clojure cplusplus cpp default go groovy java node_js php pure_java python ruby scala" />
    <property name="test.name" value="ptolemy.actor.lib.test.junit.JUnitTclTest" />
    <property name="sun.java.launcher" value="SUN_STANDARD" />
    <property name="env.PYTHON_CONFIGURE_OPTS" value="--enable-unicode=ucs4 --with-wide-unicode --enable-shared --enable-ipv6 --enable-loadable-sqlite-extensions --with-computed-gotos" />
    <property name="ant.core.lib" value="/home/travis/build/icyphy/ptII/ant/lib/ant.jar" />
    <property name="java.vm.specification.vendor" value="Oracle Corporation" />
    <property name="env.BCVTB_HOME" value="/home/travis/build/icyphy/ptII/lbnl" />
    <property name="file.separator" value="/" />
    <property name="spotbugs.home" value="/home/travis/build/icyphy/ptII/vendors/spotbugs-3.1.1" />
    <property name="java.runtime.version" value="1.8.0_151-b12" />
    <property name="sun.boot.class.path" value="/usr/lib/jvm/java-8-oracle/jre/lib/resources.jar:/usr/lib/jvm/java-8-oracle/jre/lib/rt.jar:/usr/lib/jvm/java-8-oracle/jre/lib/sunrsasign.jar:/usr/lib/jvm/java-8-oracle/jre/lib/jsse.jar:/usr/lib/jvm/java-8-oracle/jre/lib/jce.jar:/usr/lib/jvm/java-8-oracle/jre/lib/charsets.jar:/usr/lib/jvm/java-8-oracle/jre/lib/jfr.jar:/usr/lib/jvm/java-8-oracle/jre/classes" />
    <property name="env.ANSI_CLEAR" value="\033[0K" />
    <property name="env.HAS_JOSH_K_SEAL_OF_APPROVAL" value="true" />
    <property name="env.XDG_RUNTIME_DIR" value="/run/user/2000" />
    <property name="env.TRAVIS_OSX_IMAGE" value="" />
    <property name="env.TRAVIS_BRANCH" value="master" />
    <property name="env.TRAVIS_JOB_ID" value="517591975" />
    <property name="user.country" value="US" />
    <property name="env.CERTI_HOME_TRAVIS" value="/home/travis/pthla/certi-tools" />
    <property name="env.SHELL" value="/bin/bash" />
    <property name="java.maxmemory.large" value="5000m" />
    <property name="model" value="" />
    <property name="env.CASHER_DIR" value="/home/travis/.casher" />
    <property name="env.NVM_CD_FLAGS" value="" />
    <property name="jshint.executable" value="/home/travis/node_modules/jshint/bin/jshint" />
    <property name="java.vendor" value="Oracle Corporation" />
    <property name="env.JRUBY_OPTS" value=" --client -J-XX:+TieredCompilation -J-XX:TieredStopAtLevel=1 -J-Xss2m -Xcompile.invokedynamic=false" />
    <property name="env.TRAVIS_PRE_CHEF_BOOTSTRAP_TIME" value="2017-12-05T19:32:55" />
    <property name="env.TRAVIS_STACK_JOB_BOARD_REGISTER" value="/.job-board-register.yml" />
    <property name="env.ELIXIR_VERSION" value="1.4.5" />
    <property name="env.ANSI_RED" value="\033[31;1m" />
    <property name="java.specification.version" value="1.8" />
    <property name="env.TRAVIS" value="true" />
    <property name="env.IRBRC" value="/home/travis/.rvm/rubies/ruby-2.4.1/.irbrc" />
    <property name="sun.arch.data.model" value="64" />
  </properties>
  <testcase classname="ptolemy.util.test.junit.TclTests" name="[0] /home/travis/build/icyphy/ptII/ptolemy/cg/lib/test/ModularCodeGenTypedCompositeActor.tcl (RunTclFile)" time="9.723" />
  <testcase classname="ptolemy.util.test.junit.AutoKnownFailedTests" name="[0] ThereAreNoKnowFailedTests (RunModel)" time="0.001" />
  <testcase classname="ptolemy.util.test.junit.AutoNameArchTests" name="[0] ThereAreNoAutoArchTests (RunModel)" time="0.004" />
  <testcase classname="ptolemy.util.test.junit.AutoTests" name="[0] /home/travis/build/icyphy/ptII/ptolemy/cg/lib/test/auto/CompiledCompositeActor.xml (RunModel)" time="1.067" />
  <testcase classname="ptolemy.util.test.junit.AutoTests" name="[1] /home/travis/build/icyphy/ptII/ptolemy/cg/lib/test/auto/DECGClockRamp.xml (RunModel)" time="0.09" />
  <testcase classname="ptolemy.util.test.junit.AutoTests" name="[2] /home/travis/build/icyphy/ptII/ptolemy/cg/lib/test/auto/DECGDelay.xml (RunModel)" time="0.104" />
  <testcase classname="ptolemy.util.test.junit.AutoTests" name="[3] /home/travis/build/icyphy/ptII/ptolemy/cg/lib/test/auto/DECGHelloWorld.xml (RunModel)" time="0.047" />
  <testcase classname="ptolemy.util.test.junit.AutoTests" name="[4] /home/travis/build/icyphy/ptII/ptolemy/cg/lib/test/auto/DECGHeterogeneous.xml (RunModel)" time="0.098" />
  <testcase classname="ptolemy.util.test.junit.AutoTests" name="[5] /home/travis/build/icyphy/ptII/ptolemy/cg/lib/test/auto/DECGHeterogeneousMk2.xml (RunModel)" time="0.207" />
  <testcase classname="ptolemy.util.test.junit.AutoTests" name="[6] /home/travis/build/icyphy/ptII/ptolemy/cg/lib/test/auto/DECGMath.xml (RunModel)" time="0.068" />
  <testcase classname="ptolemy.util.test.junit.AutoTests" name="[7] /home/travis/build/icyphy/ptII/ptolemy/cg/lib/test/auto/DECGPi.xml (RunModel)" time="0.126" />
  <testcase classname="ptolemy.util.test.junit.AutoTests" name="[8] /home/travis/build/icyphy/ptII/ptolemy/cg/lib/test/auto/DECGPiSquare.xml (RunModel)" time="0.143" />
  <testcase classname="ptolemy.util.test.junit.AutoTests" name="[9] /home/travis/build/icyphy/ptII/ptolemy/cg/lib/test/auto/DECGPoisson.xml (RunModel)" time="0.016" />
  <testcase classname="ptolemy.util.test.junit.AutoTests" name="[10] /home/travis/build/icyphy/ptII/ptolemy/cg/lib/test/auto/JavaCompiledCompositeActor5.xml (RunModel)" time="0.936" />
  <testcase classname="ptolemy.util.test.junit.AutoTests" name="[11] /home/travis/build/icyphy/ptII/ptolemy/cg/lib/test/auto/JavaCompiledCompositeTest1.xml (RunModel)" time="1.079" />
  <testcase classname="ptolemy.util.test.junit.AutoTests" name="[12] /home/travis/build/icyphy/ptII/ptolemy/cg/lib/test/auto/JavaCompiledCompositeTest2.xml (RunModel)" time="1.357" />
  <testcase classname="ptolemy.util.test.junit.AutoTests" name="[13] /home/travis/build/icyphy/ptII/ptolemy/cg/lib/test/auto/JavaCompiledCompositeTest3.xml (RunModel)" time="0.938" />
  <testcase classname="ptolemy.util.test.junit.AutoTests" name="[14] /home/travis/build/icyphy/ptII/ptolemy/cg/lib/test/auto/JavaCompiledCompositeTest4.xml (RunModel)" time="0.82" />
  <testcase classname="ptolemy.util.test.junit.AutoTests" name="[15] /home/travis/build/icyphy/ptII/ptolemy/cg/lib/test/auto/ModularCG.xml (RunModel)" time="12.545" />
  <testcase classname="ptolemy.util.test.junit.AutoTests" name="[16] /home/travis/build/icyphy/ptII/ptolemy/cg/lib/test/auto/ModularCGPubSub.xml (RunModel)" time="4.592" />
  <testcase classname="ptolemy.util.test.junit.AutoTests" name="[17] /home/travis/build/icyphy/ptII/ptolemy/cg/lib/test/auto/ModularCodeGen.xml (RunModel)" time="1.932" />
  <testcase classname="ptolemy.util.test.junit.AutoTests" name="[18] /home/travis/build/icyphy/ptII/ptolemy/cg/lib/test/auto/ModularCodeGen2.xml (RunModel)" time="4.215" />
  <testcase classname="ptolemy.util.test.junit.AutoTests" name="[19] /home/travis/build/icyphy/ptII/ptolemy/cg/lib/test/auto/ModularCodeGen3.xml (RunModel)" time="11.934" />
  <testcase classname="ptolemy.util.test.junit.AutoTests" name="[20] /home/travis/build/icyphy/ptII/ptolemy/cg/lib/test/auto/ModularCodeGen4.xml (RunModel)" time="12.136" />
  <testcase classname="ptolemy.util.test.junit.AutoTests" name="[21] /home/travis/build/icyphy/ptII/ptolemy/cg/lib/test/auto/ModularCodeGen5.xml (RunModel)" time="4.756" />
  <testcase classname="ptolemy.util.test.junit.AutoTests" name="[22] /home/travis/build/icyphy/ptII/ptolemy/cg/lib/test/auto/ModularCodeGen6.xml (RunModel)" time="6.148" />
  <testcase classname="ptolemy.util.test.junit.AutoTests" name="[23] /home/travis/build/icyphy/ptII/ptolemy/cg/lib/test/auto/ModularCodeGenLazyPubSub.xml (RunModel)" time="2.024" />
  <testcase classname="ptolemy.util.test.junit.AutoTests" name="[24] /home/travis/build/icyphy/ptII/ptolemy/cg/lib/test/auto/ModularCodeGenLazyPubSubGlobal.xml (RunModel)" time="2.198" />
  <testcase classname="ptolemy.util.test.junit.AutoTests" name="[25] /home/travis/build/icyphy/ptII/ptolemy/cg/lib/test/auto/ModularCodeGenPubSub1.xml (RunModel)" time="2.03" />
  <testcase classname="ptolemy.util.test.junit.AutoTests" name="[26] /home/travis/build/icyphy/ptII/ptolemy/cg/lib/test/auto/ModularCodeGenPubSub2.xml (RunModel)" time="4.352" />
  <testcase classname="ptolemy.util.test.junit.AutoTests" name="[27] /home/travis/build/icyphy/ptII/ptolemy/cg/lib/test/auto/ModularCodeGenPubSub3.xml (RunModel)" time="4.338" />
  <testcase classname="ptolemy.util.test.junit.AutoTests" name="[28] /home/travis/build/icyphy/ptII/ptolemy/cg/lib/test/auto/ModularCodeGenPubSub4.xml (RunModel)" time="3.838" />
  <testcase classname="ptolemy.util.test.junit.AutoTests" name="[29] /home/travis/build/icyphy/ptII/ptolemy/cg/lib/test/auto/PubSubAggLazy.xml (RunModel)" time="0.029" />
  <testcase classname="ptolemy.util.test.junit.AutoTests" name="[30] /home/travis/build/icyphy/ptII/ptolemy/cg/lib/test/auto/PubSubAggModularCodeGen.xml (RunModel)" time="2.698" />
  <testcase classname="ptolemy.util.test.junit.AutoTests" name="[31] /home/travis/build/icyphy/ptII/ptolemy/cg/lib/test/auto/PubSubAggTypedComposite.xml (RunModel)" time="0.028" />
  <testcase classname="ptolemy.util.test.junit.AutoTests" name="[32] /home/travis/build/icyphy/ptII/ptolemy/cg/lib/test/auto/PubSubAggTypedCompositeWidth2.xml (RunModel)" time="0.024" />
  <testcase classname="ptolemy.util.test.junit.AutoTests" name="[33] /home/travis/build/icyphy/ptII/ptolemy/cg/lib/test/auto/ScaleJava.xml (RunModel)" time="0.869" />
  <system-out><![CDATA[/home/travis/build/icyphy/ptII/ptolemy/cg/lib/test/ModularCodeGenTypedCompositeActor.tcl
testDefs.tcl: setting time out to 9000 seconds at Tue Apr 09 04:04:31 UTC 2019
Warning: failed to delete /home/travis/cg: error deleting "/home/travis/cg/node_modules/.bin":  best guess at reason: permission denied
In "/home/travis/cg", about to execute:
    pwd
In "/home/travis/cg", about to execute:
    ls -l
/home/travis/cg
In "/home/travis/cg", about to execute:
    javac -classpath
.:/home/travis/build/icyphy/ptII:/home/travis/build/icyphy/ptII/lib/bsh-2.0b4.j
ar:/home/travis/build/icyphy/ptII/lib/ptCal.jar:/home/travis/build/icyphy/ptII/
lib/java_cup.jar:/home/travis/build/icyphy/ptII/lib/saxon8.jar:/home/travis/bui
ld/icyphy/ptII/lib/saxon8-dom.jar:/home/travis/build/icyphy/ptII/lib/chic.jar:/
home/travis/build/icyphy/ptII/lib/ptcolt.jar:/usr/lib/jvm/java-8-oracle/lib/too
ls.jar:/home/travis/build/icyphy/ptII/vendors/misc/itext/iText.jar:/home/travis
/build/icyphy/ptII/lib/g4ltl.jar:/home/travis/build/icyphy/ptII/lib/StructuralC
oder.jar:/home/travis/build/icyphy/ptII/vendors/jai-1_1_2_01/lib/jai_core.jar:/
home/travis/build/icyphy/ptII/vendors/jai-1_1_2_01/lib/jai_codec.jar:/home/trav
is/build/icyphy/ptII/lib/jcerti.jar:/home/travis/build/icyphy/ptII/lib/javax.ma
il.jar:/home/travis/build/icyphy/ptII/vendors/JMF-2.1.1e/lib/jmf.jar:/home/trav
is/build/icyphy/ptII/lib/jna-4.0.0-variadic.jar:/home/travis/build/icyphy/ptII/
vendors/misc/joystick/Joystick.jar:/home/travis/build/icyphy/ptII/lib/ptjacl.ja
r:/home/travis/build/icyphy/ptII/lib/jsoup-1.8.2.jar:/home/travis/build/icyphy/
ptII/lib/junit-4.8.2.jar:/home/travis/build/icyphy/ptII/lib/JUnitParams-0.4.0.j
ar:/home/travis/build/icyphy/ptII/ptolemy/actor/lib/excel/jxl.jar:/home/travis/
build/icyphy/ptII/lib/jython.jar:/home/travis/build/icyphy/ptII/lib/kieler.jar:
/home/travis/build/icyphy/ptII/vendors/opencv/share/OpenCV/java/opencv-341.jar:
/home/travis/build/icyphy/ptII/lib/oscP5.jar:/home/travis/build/icyphy/ptII/lib
/nrjavaserial-3.11.0.devel.jar:/home/travis/build/icyphy/ptII/vendors/j3d/lib/j
3dcore.jar:/home/travis/build/icyphy/ptII/vendors/j3d/lib/j3dutils.jar:/home/tr
avis/build/icyphy/ptII/vendors/j3d/lib/vecmath.jar:/home/travis/build/icyphy/pt
II/ptolemy/distributed/jini/jar/jini-core.jar:/home/travis/build/icyphy/ptII/pt
olemy/distributed/jini/jar/jini-ext.jar:/home/travis/build/icyphy/ptII/ptolemy/
distributed/jini/jar/sun-util.jar:/home/travis/build/icyphy/ptII/lib/protobuf-j
ava-2.4.1.jar:/home/travis/build/icyphy/ptII/lib/org.eclipse.paho.client.mqttv3
.jar:/home/travis/build/icyphy/ptII/lib/mapss.jar:/home/travis/build/icyphy/ptI
I/ptolemy/actor/ptalon/antlr/antlr.jar:/home/travis/build/icyphy/ptII/lib/JRI.j
ar:/home/travis/build/icyphy/ptII/lib/commons-lang-2.6.jar:/home/travis/build/i
cyphy/ptII/lib/commons-logging-1.1.1.jar:/home/travis/build/icyphy/ptII/lib/soo
tclasses.jar:/home/travis/build/icyphy/ptII/ptolemy/actor/lib/database/mysql-co
nnector-java-5.1.6-bin.jar:/home/travis/build/icyphy/ptII/vendors/misc/sphinx4/
sphinx4-data-5prealpha.jar:/home/travis/build/icyphy/ptII/vendors/misc/sphinx4/
sphinx4-core-5prealpha.jar:/home/travis/build/icyphy/ptII/lib/PDFRenderer.jar:/
home/travis/build/icyphy/ptII/lib/svgSalamander.jar:/home/travis/build/icyphy/p
tII/lib/rsyntaxtextarea-2.6.0-SNAPSHOT.jar:/home/travis/build/icyphy/ptII/lib/h
azelcast-3.8.2.jar:/home/travis/build/icyphy/ptII/lib/jackson-annotations-2.9.0
.jar:/home/travis/build/icyphy/ptII/lib/jackson-core-2.9.3.jar:/home/travis/bui
ld/icyphy/ptII/lib/jackson-databind-2.9.3.jar:/home/travis/build/icyphy/ptII/li
b/netty-buffer-4.1.19.Final.jar:/home/travis/build/icyphy/ptII/lib/netty-codec-
4.1.19.Final.jar:/home/travis/build/icyphy/ptII/lib/netty-codec-dns-4.1.19.Fina
l.jar:/home/travis/build/icyphy/ptII/lib/netty-codec-http-4.1.19.Final.jar:/hom
e/travis/build/icyphy/ptII/lib/netty-codec-http2-4.1.19.Final.jar:/home/travis/
build/icyphy/ptII/lib/netty-common-4.1.19.Final.jar:/home/travis/build/icyphy/p
tII/lib/netty-handler-4.1.19.Final.jar:/home/travis/build/icyphy/ptII/lib/netty
-resolver-4.1.19.Final.jar:/home/travis/build/icyphy/ptII/lib/netty-resolver-dn
s-4.1.19.Final.jar:/home/travis/build/icyphy/ptII/lib/netty-transport-4.1.19.Fi
nal.jar:/home/travis/build/icyphy/ptII/lib/vertx-codegen-3.5.1.jar:/home/travis
/build/icyphy/ptII/lib/vertx-core-3.5.2-SNAPSHOT.jar:/home/travis/build/icyphy/
ptII/lib/vertx-hazelcast-3.5.1.jar:/home/travis/build/icyphy/ptII/lib/vertx-lan
g-js-3.5.1.jar:/home/travis/build/icyphy/ptII/lib/vertx-service-proxy-3.5.1.jar
:/home/travis/build/icyphy/ptII/lib/vertx-web-3.5.1.jar:/home/travis/build/icyp
hy/ptII/lib/slf4j-api-1.7.13.jar:/home/travis/build/icyphy/ptII/lib/slf4j-simpl
e-1.7.13.jar:/home/travis/build/icyphy/ptII/lib/webcam-capture-0.3.12.jar:/home
/travis/build/icyphy/ptII/lib/bridj-0.7.0.jar:/home/travis/build/icyphy/ptII/li
b/xbjlib-1.1.0.nrjavaserial.jar:/home/travis/build/icyphy/ptII/ptolemy/moml/tes
t:/home/travis/build/icyphy/ptII/ant/lib/ant-launcher.jar:/home/travis/build/ic
yphy/ptII/ant/lib/ant.jar:/home/travis/build/icyphy/ptII/ant/lib/ant-junit.jar:
/home/travis/build/icyphy/ptII/ant/lib/ant-junit4.jar:/home/travis/build/icyphy
/ptII ModularCodeGenTest_A1_A2_profile.java
total 844
drwxrwxr-x   3 travis travis 12288 Apr  9 04:00 AbsoluteValue
drwxrwxr-x   3 travis travis 16384 Apr  9 04:00 Case1
drwxrwxr-x   3 travis travis 32768 Apr  9 04:00 Case2
drwxrwxr-x   3 travis travis 24576 Apr  9 04:02 DeScrambler
drwxrwxr-x   3 travis travis 16384 Apr  9 04:04 DotProduct
drwxrwxr-x   3 travis travis 12288 Apr  9 04:00 FileWriter1
drwxrwxr-x   3 travis travis 20480 Apr  9 04:00 FixToDoubleAndBack
drwxrwxr-x   3 travis travis 16384 Apr  9 04:00 Gaussian1
drwxrwxr-x   3 travis travis 20480 Apr  9 04:00 Gaussian2
drwxrwxr-x   3 travis travis 12288 Apr  9 04:01 LookupTable
drwxrwxr-x   3 travis travis 20480 Apr  9 04:01 MaxIndex
-rw-rw-r--   1 travis travis  1228 Apr  9 04:04 ModularCodeGenTest_A1_A2_profile.java
drwxrwxr-x   3 travis travis 36864 Apr  9 04:04 modulation2
drwxrwxr-x   3 travis travis 20480 Apr  9 04:01 Multiplexor
drwxrwxr-x 242 travis travis 12288 Apr  9 04:04 node_modules
drwxrwxr-x   3 travis travis 20480 Apr  9 04:01 PhaseUnwrap
-rw-rw-r--   1 travis travis   520 Apr  9 04:04 Repeat$_fireFunction_Repeat_Repeat$__f_sL_0.class
-rw-rw-r--   1 travis travis   522 Apr  9 04:04 Repeat$_fireFunction_Repeat_Repeat$__f_sL_10.class
-rw-rw-r--   1 travis travis   666 Apr  9 04:04 Repeat$_fireFunction_Repeat_Repeat$__f_sL_11.class
-rw-rw-r--   1 travis travis   522 Apr  9 04:04 Repeat$_fireFunction_Repeat_Repeat$__f_sL_13.class
-rw-rw-r--   1 travis travis   665 Apr  9 04:04 Repeat$_fireFunction_Repeat_Repeat$__f_sL_1.class
-rw-rw-r--   1 travis travis   520 Apr  9 04:04 Repeat$_fireFunction_Repeat_Repeat$__f_sL_2.class
-rw-rw-r--   1 travis travis   520 Apr  9 04:04 Repeat$_fireFunction_Repeat_Repeat$__f_sL_3.class
-rw-rw-r--   1 travis travis   520 Apr  9 04:04 Repeat$_fireFunction_Repeat_Repeat$__f_sL_5.class
-rw-rw-r--   1 travis travis   671 Apr  9 04:04 Repeat$_fireFunction_Repeat_Repeat$__f_sL_7.class
-rw-rw-r--   1 travis travis   520 Apr  9 04:04 Repeat$_fireFunction_Repeat_Repeat$__f_sL_9.class
-rw-rw-r--   1 travis travis   813 Apr  9 04:04 Repeat$_initialize_Repeat.class
-rw-rw-r--   1 travis travis   475 Apr  9 04:04 Repeat$_initialize_Repeat$__i_sL_0.class
-rw-rw-r--   1 travis travis   519 Apr  9 04:04 Repeat$_initialize_Repeat$__i_sL_3.class
-rw-rw-r--   1 travis travis 39778 Apr  9 04:04 Repeat.java
-rw-rw-r--   1 travis travis  1281 Apr  9 04:04 Repeat.mk
-rw-rw-r--   1 travis travis   520 Apr  9 04:04 Repeat$_preinitializeMethod_Repeat$__p_sL_0.class
-rw-rw-r--   1 travis travis   520 Apr  9 04:04 Repeat$_preinitializeMethod_Repeat$__p_sL_1.class
-rw-rw-r--   1 travis travis  1083 Apr  9 04:04 Repeat$_Repeat$_fireFunction_Repeat_AddSubtract_Repeat.class
-rw-rw-r--   1 travis travis   791 Apr  9 04:04 Repeat$_Repeat$_fireFunction_Repeat_AddSubtract_Repeat$__f_sL_0.class
-rw-rw-r--   1 travis travis   909 Apr  9 04:04 Repeat$_Repeat$_fireFunction_Repeat_AddSubtract_Repeat$__f_sL_1.class
-rw-rw-r--   1 travis travis   915 Apr  9 04:04 Repeat$_Repeat$_fireFunction_Repeat_AddSubtract_Repeat$__f_sL_2.class
-rw-rw-r--   1 travis travis   838 Apr  9 04:04 Repeat$_Repeat$_fireFunction_Repeat_Ramp2_Repeat$__f_sL_1.class
-rw-rw-r--   1 travis travis  1785 Apr  9 04:04 Repeat$_Repeat$_fireFunction_Repeat_Test_Repeat$__f_sL_2.class
-rw-rw-r--   1 travis travis   685 Apr  9 04:04 Repeat$_Repeat_SDF_Director_run_Repeat$__R_sL_0.class
-rw-rw-r--   1 travis travis   540 Apr  9 04:04 Repeat$_Repeat_SDF_Director_run_Repeat$__R_sL_1.class
-rw-rw-r--   1 travis travis   540 Apr  9 04:04 Repeat$_Repeat_SDF_Director_run_Repeat$__R_sL_2.class
-rw-rw-r--   1 travis travis   540 Apr  9 04:04 Repeat$_Repeat_SDF_Director_run_Repeat$__R_sL_4.class
-rw-rw-r--   1 travis travis   540 Apr  9 04:04 Repeat$_Repeat_SDF_Director_run_Repeat$__R_sL_5.class
-rw-rw-r--   1 travis travis   691 Apr  9 04:04 Repeat$_Repeat_SDF_Director_run_Repeat$__R_sL_6.class
-rw-rw-r--   1 travis travis   540 Apr  9 04:04 Repeat$_Repeat_SDF_Director_run_Repeat$__R_sL_7.class
-rw-rw-r--   1 travis travis   863 Apr  9 04:04 Repeat$_varinit_Repeat.class
-rw-rw-r--   1 travis travis   530 Apr  9 04:04 Repeat$_varinit_Repeat$__v_sL_1.class
-rw-rw-r--   1 travis travis   531 Apr  9 04:04 Repeat$_varinit_Repeat$__v_sL_2.class
-rw-rw-r--   1 travis travis   905 Apr  9 04:04 Repeat$_varinit_Repeat$__v_sL_4.class
-rw-rw-r--   1 travis travis   635 Apr  9 04:04 Repeat$_wrapup_Repeat.class
-rw-rw-r--   1 travis travis   965 Apr  9 04:04 Repeat$_wrapup_Repeat$__w_sL_1.class
-rw-rw-r--   1 travis travis   289 Apr  9 03:59 result.csv
drwxrwxr-x   3 travis travis 12288 Apr  9 04:02 Scrambler1
drwxrwxr-x   3 travis travis 20480 Apr  9 04:01 Sinewave2
drwxrwxr-x   3 travis travis 69632 Apr  9 04:02 StringCompare
drwxrwxr-x   3 travis travis 32768 Apr  9 04:02 StringFunction
drwxrwxr-x   3 travis travis 12288 Apr  9 04:03 StringLength
drwxrwxr-x   3 travis travis 57344 Apr  9 04:03 StringSimpleReplace
drwxrwxr-x   3 travis travis 12288 Apr  9 04:04 time2
drwxrwxr-x   3 travis travis 12288 Apr  9 04:04 time5
-rw-rw-r--   1 travis travis   432 Apr  9 04:04 Token.class
-rw-rw-r--   1 travis travis   251 Apr  9 04:04 Token.java
-rw-rw-r--   1 travis travis     0 Apr  9 04:04 top.
-rw-rw-r--   1 travis travis 20502 Apr  9 03:59 top.c
-rw-rw-r--   1 travis travis  3567 Apr  9 04:04 top.class
-rw-rw-r--   1 travis travis   169 Apr  9 03:59 top.html
-rw-rw-r--   1 travis travis  7552 Apr  9 04:04 top.java
-rw-rw-r--   1 travis travis 38888 Apr  9 03:59 top.o
drwxrwxr-x   3 travis travis 57344 Apr  9 04:02 UnaryMathFunction
All Done
Writing ModularCodeGenTest_A1_A2.java in file:/home/travis/cg/ (9163 characters)
Reading "ptolemy/cg/kernel/generic/program/procedural/java/modular/makefile.in",
    writing "/home/travis/cg/ModularCodeGenTest_A1_A2.mk"
Using ptolemy/cg/kernel/generic/program/procedural/java/modular/makefile.in
In "/home/travis/cg", about to execute:
    make -f ModularCodeGenTest_A1_A2.mk
javac -classpath ".:.."    ModularCodeGenTest_A1_A2.java
All Done
In "/home/travis/cg", about to execute:
    pwd
In "/home/travis/cg", about to execute:
    ls -l
/home/travis/cg
In "/home/travis/cg", about to execute:
    javac -classpath
.:/home/travis/build/icyphy/ptII:/home/travis/build/icyphy/ptII/lib/bsh-2.0b4.j
ar:/home/travis/build/icyphy/ptII/lib/ptCal.jar:/home/travis/build/icyphy/ptII/
lib/java_cup.jar:/home/travis/build/icyphy/ptII/lib/saxon8.jar:/home/travis/bui
ld/icyphy/ptII/lib/saxon8-dom.jar:/home/travis/build/icyphy/ptII/lib/chic.jar:/
home/travis/build/icyphy/ptII/lib/ptcolt.jar:/usr/lib/jvm/java-8-oracle/lib/too
ls.jar:/home/travis/build/icyphy/ptII/vendors/misc/itext/iText.jar:/home/travis
/build/icyphy/ptII/lib/g4ltl.jar:/home/travis/build/icyphy/ptII/lib/StructuralC
oder.jar:/home/travis/build/icyphy/ptII/vendors/jai-1_1_2_01/lib/jai_core.jar:/
home/travis/build/icyphy/ptII/vendors/jai-1_1_2_01/lib/jai_codec.jar:/home/trav
is/build/icyphy/ptII/lib/jcerti.jar:/home/travis/build/icyphy/ptII/lib/javax.ma
il.jar:/home/travis/build/icyphy/ptII/vendors/JMF-2.1.1e/lib/jmf.jar:/home/trav
is/build/icyphy/ptII/lib/jna-4.0.0-variadic.jar:/home/travis/build/icyphy/ptII/
vendors/misc/joystick/Joystick.jar:/home/travis/build/icyphy/ptII/lib/ptjacl.ja
r:/home/travis/build/icyphy/ptII/lib/jsoup-1.8.2.jar:/home/travis/build/icyphy/
ptII/lib/junit-4.8.2.jar:/home/travis/build/icyphy/ptII/lib/JUnitParams-0.4.0.j
ar:/home/travis/build/icyphy/ptII/ptolemy/actor/lib/excel/jxl.jar:/home/travis/
build/icyphy/ptII/lib/jython.jar:/home/travis/build/icyphy/ptII/lib/kieler.jar:
/home/travis/build/icyphy/ptII/vendors/opencv/share/OpenCV/java/opencv-341.jar:
/home/travis/build/icyphy/ptII/lib/oscP5.jar:/home/travis/build/icyphy/ptII/lib
/nrjavaserial-3.11.0.devel.jar:/home/travis/build/icyphy/ptII/vendors/j3d/lib/j
3dcore.jar:/home/travis/build/icyphy/ptII/vendors/j3d/lib/j3dutils.jar:/home/tr
avis/build/icyphy/ptII/vendors/j3d/lib/vecmath.jar:/home/travis/build/icyphy/pt
II/ptolemy/distributed/jini/jar/jini-core.jar:/home/travis/build/icyphy/ptII/pt
olemy/distributed/jini/jar/jini-ext.jar:/home/travis/build/icyphy/ptII/ptolemy/
distributed/jini/jar/sun-util.jar:/home/travis/build/icyphy/ptII/lib/protobuf-j
ava-2.4.1.jar:/home/travis/build/icyphy/ptII/lib/org.eclipse.paho.client.mqttv3
.jar:/home/travis/build/icyphy/ptII/lib/mapss.jar:/home/travis/build/icyphy/ptI
I/ptolemy/actor/ptalon/antlr/antlr.jar:/home/travis/build/icyphy/ptII/lib/JRI.j
ar:/home/travis/build/icyphy/ptII/lib/commons-lang-2.6.jar:/home/travis/build/i
cyphy/ptII/lib/commons-logging-1.1.1.jar:/home/travis/build/icyphy/ptII/lib/soo
tclasses.jar:/home/travis/build/icyphy/ptII/ptolemy/actor/lib/database/mysql-co
nnector-java-5.1.6-bin.jar:/home/travis/build/icyphy/ptII/vendors/misc/sphinx4/
sphinx4-data-5prealpha.jar:/home/travis/build/icyphy/ptII/vendors/misc/sphinx4/
sphinx4-core-5prealpha.jar:/home/travis/build/icyphy/ptII/lib/PDFRenderer.jar:/
home/travis/build/icyphy/ptII/lib/svgSalamander.jar:/home/travis/build/icyphy/p
tII/lib/rsyntaxtextarea-2.6.0-SNAPSHOT.jar:/home/travis/build/icyphy/ptII/lib/h
azelcast-3.8.2.jar:/home/travis/build/icyphy/ptII/lib/jackson-annotations-2.9.0
.jar:/home/travis/build/icyphy/ptII/lib/jackson-core-2.9.3.jar:/home/travis/bui
ld/icyphy/ptII/lib/jackson-databind-2.9.3.jar:/home/travis/build/icyphy/ptII/li
b/netty-buffer-4.1.19.Final.jar:/home/travis/build/icyphy/ptII/lib/netty-codec-
4.1.19.Final.jar:/home/travis/build/icyphy/ptII/lib/netty-codec-dns-4.1.19.Fina
l.jar:/home/travis/build/icyphy/ptII/lib/netty-codec-http-4.1.19.Final.jar:/hom
e/travis/build/icyphy/ptII/lib/netty-codec-http2-4.1.19.Final.jar:/home/travis/
build/icyphy/ptII/lib/netty-common-4.1.19.Final.jar:/home/travis/build/icyphy/p
tII/lib/netty-handler-4.1.19.Final.jar:/home/travis/build/icyphy/ptII/lib/netty
-resolver-4.1.19.Final.jar:/home/travis/build/icyphy/ptII/lib/netty-resolver-dn
s-4.1.19.Final.jar:/home/travis/build/icyphy/ptII/lib/netty-transport-4.1.19.Fi
nal.jar:/home/travis/build/icyphy/ptII/lib/vertx-codegen-3.5.1.jar:/home/travis
/build/icyphy/ptII/lib/vertx-core-3.5.2-SNAPSHOT.jar:/home/travis/build/icyphy/
ptII/lib/vertx-hazelcast-3.5.1.jar:/home/travis/build/icyphy/ptII/lib/vertx-lan
g-js-3.5.1.jar:/home/travis/build/icyphy/ptII/lib/vertx-service-proxy-3.5.1.jar
:/home/travis/build/icyphy/ptII/lib/vertx-web-3.5.1.jar:/home/travis/build/icyp
hy/ptII/lib/slf4j-api-1.7.13.jar:/home/travis/build/icyphy/ptII/lib/slf4j-simpl
e-1.7.13.jar:/home/travis/build/icyphy/ptII/lib/webcam-capture-0.3.12.jar:/home
/travis/build/icyphy/ptII/lib/bridj-0.7.0.jar:/home/travis/build/icyphy/ptII/li
b/xbjlib-1.1.0.nrjavaserial.jar:/home/travis/build/icyphy/ptII/ptolemy/moml/tes
t:/home/travis/build/icyphy/ptII/ant/lib/ant-launcher.jar:/home/travis/build/ic
yphy/ptII/ant/lib/ant.jar:/home/travis/build/icyphy/ptII/ant/lib/ant-junit.jar:
/home/travis/build/icyphy/ptII/ant/lib/ant-junit4.jar:/home/travis/build/icyphy
/ptII ModularCodeGenTest_A1_profile.java
total 872
drwxrwxr-x   3 travis travis 12288 Apr  9 04:00 AbsoluteValue
drwxrwxr-x   3 travis travis 16384 Apr  9 04:00 Case1
drwxrwxr-x   3 travis travis 32768 Apr  9 04:00 Case2
drwxrwxr-x   3 travis travis 24576 Apr  9 04:02 DeScrambler
drwxrwxr-x   3 travis travis 16384 Apr  9 04:04 DotProduct
drwxrwxr-x   3 travis travis 12288 Apr  9 04:00 FileWriter1
drwxrwxr-x   3 travis travis 20480 Apr  9 04:00 FixToDoubleAndBack
drwxrwxr-x   3 travis travis 16384 Apr  9 04:00 Gaussian1
drwxrwxr-x   3 travis travis 20480 Apr  9 04:00 Gaussian2
drwxrwxr-x   3 travis travis 12288 Apr  9 04:01 LookupTable
drwxrwxr-x   3 travis travis 20480 Apr  9 04:01 MaxIndex
-rw-rw-r--   1 travis travis  3491 Apr  9 04:04 ModularCodeGenTest_A1_A2.class
-rw-rw-r--   1 travis travis  9163 Apr  9 04:04 ModularCodeGenTest_A1_A2.java
-rw-rw-r--   1 travis travis   904 Apr  9 04:04 ModularCodeGenTest_A1_A2.mk
-rw-rw-r--   1 travis travis  1306 Apr  9 04:04 ModularCodeGenTest_A1_A2_profile.class
-rw-rw-r--   1 travis travis  1228 Apr  9 04:04 ModularCodeGenTest_A1_A2_profile.java
-rw-rw-r--   1 travis travis  1394 Apr  9 04:04 ModularCodeGenTest_A1_profile.java
drwxrwxr-x   3 travis travis 36864 Apr  9 04:04 modulation2
drwxrwxr-x   3 travis travis 20480 Apr  9 04:01 Multiplexor
drwxrwxr-x 242 travis travis 12288 Apr  9 04:04 node_modules
drwxrwxr-x   3 travis travis 20480 Apr  9 04:01 PhaseUnwrap
-rw-rw-r--   1 travis travis   520 Apr  9 04:04 Repeat$_fireFunction_Repeat_Repeat$__f_sL_0.class
-rw-rw-r--   1 travis travis   522 Apr  9 04:04 Repeat$_fireFunction_Repeat_Repeat$__f_sL_10.class
-rw-rw-r--   1 travis travis   666 Apr  9 04:04 Repeat$_fireFunction_Repeat_Repeat$__f_sL_11.class
-rw-rw-r--   1 travis travis   522 Apr  9 04:04 Repeat$_fireFunction_Repeat_Repeat$__f_sL_13.class
-rw-rw-r--   1 travis travis   665 Apr  9 04:04 Repeat$_fireFunction_Repeat_Repeat$__f_sL_1.class
-rw-rw-r--   1 travis travis   520 Apr  9 04:04 Repeat$_fireFunction_Repeat_Repeat$__f_sL_2.class
-rw-rw-r--   1 travis travis   520 Apr  9 04:04 Repeat$_fireFunction_Repeat_Repeat$__f_sL_3.class
-rw-rw-r--   1 travis travis   520 Apr  9 04:04 Repeat$_fireFunction_Repeat_Repeat$__f_sL_5.class
-rw-rw-r--   1 travis travis   671 Apr  9 04:04 Repeat$_fireFunction_Repeat_Repeat$__f_sL_7.class
-rw-rw-r--   1 travis travis   520 Apr  9 04:04 Repeat$_fireFunction_Repeat_Repeat$__f_sL_9.class
-rw-rw-r--   1 travis travis   813 Apr  9 04:04 Repeat$_initialize_Repeat.class
-rw-rw-r--   1 travis travis   475 Apr  9 04:04 Repeat$_initialize_Repeat$__i_sL_0.class
-rw-rw-r--   1 travis travis   519 Apr  9 04:04 Repeat$_initialize_Repeat$__i_sL_3.class
-rw-rw-r--   1 travis travis 39778 Apr  9 04:04 Repeat.java
-rw-rw-r--   1 travis travis  1281 Apr  9 04:04 Repeat.mk
-rw-rw-r--   1 travis travis   520 Apr  9 04:04 Repeat$_preinitializeMethod_Repeat$__p_sL_0.class
-rw-rw-r--   1 travis travis   520 Apr  9 04:04 Repeat$_preinitializeMethod_Repeat$__p_sL_1.class
-rw-rw-r--   1 travis travis  1083 Apr  9 04:04 Repeat$_Repeat$_fireFunction_Repeat_AddSubtract_Repeat.class
-rw-rw-r--   1 travis travis   791 Apr  9 04:04 Repeat$_Repeat$_fireFunction_Repeat_AddSubtract_Repeat$__f_sL_0.class
-rw-rw-r--   1 travis travis   909 Apr  9 04:04 Repeat$_Repeat$_fireFunction_Repeat_AddSubtract_Repeat$__f_sL_1.class
-rw-rw-r--   1 travis travis   915 Apr  9 04:04 Repeat$_Repeat$_fireFunction_Repeat_AddSubtract_Repeat$__f_sL_2.class
-rw-rw-r--   1 travis travis   838 Apr  9 04:04 Repeat$_Repeat$_fireFunction_Repeat_Ramp2_Repeat$__f_sL_1.class
-rw-rw-r--   1 travis travis  1785 Apr  9 04:04 Repeat$_Repeat$_fireFunction_Repeat_Test_Repeat$__f_sL_2.class
-rw-rw-r--   1 travis travis   685 Apr  9 04:04 Repeat$_Repeat_SDF_Director_run_Repeat$__R_sL_0.class
-rw-rw-r--   1 travis travis   540 Apr  9 04:04 Repeat$_Repeat_SDF_Director_run_Repeat$__R_sL_1.class
-rw-rw-r--   1 travis travis   540 Apr  9 04:04 Repeat$_Repeat_SDF_Director_run_Repeat$__R_sL_2.class
-rw-rw-r--   1 travis travis   540 Apr  9 04:04 Repeat$_Repeat_SDF_Director_run_Repeat$__R_sL_4.class
-rw-rw-r--   1 travis travis   540 Apr  9 04:04 Repeat$_Repeat_SDF_Director_run_Repeat$__R_sL_5.class
-rw-rw-r--   1 travis travis   691 Apr  9 04:04 Repeat$_Repeat_SDF_Director_run_Repeat$__R_sL_6.class
-rw-rw-r--   1 travis travis   540 Apr  9 04:04 Repeat$_Repeat_SDF_Director_run_Repeat$__R_sL_7.class
-rw-rw-r--   1 travis travis   863 Apr  9 04:04 Repeat$_varinit_Repeat.class
-rw-rw-r--   1 travis travis   530 Apr  9 04:04 Repeat$_varinit_Repeat$__v_sL_1.class
-rw-rw-r--   1 travis travis   531 Apr  9 04:04 Repeat$_varinit_Repeat$__v_sL_2.class
-rw-rw-r--   1 travis travis   905 Apr  9 04:04 Repeat$_varinit_Repeat$__v_sL_4.class
-rw-rw-r--   1 travis travis   635 Apr  9 04:04 Repeat$_wrapup_Repeat.class
-rw-rw-r--   1 travis travis   965 Apr  9 04:04 Repeat$_wrapup_Repeat$__w_sL_1.class
-rw-rw-r--   1 travis travis   289 Apr  9 03:59 result.csv
drwxrwxr-x   3 travis travis 12288 Apr  9 04:02 Scrambler1
drwxrwxr-x   3 travis travis 20480 Apr  9 04:01 Sinewave2
drwxrwxr-x   3 travis travis 69632 Apr  9 04:02 StringCompare
drwxrwxr-x   3 travis travis 32768 Apr  9 04:02 StringFunction
drwxrwxr-x   3 travis travis 12288 Apr  9 04:03 StringLength
drwxrwxr-x   3 travis travis 57344 Apr  9 04:03 StringSimpleReplace
drwxrwxr-x   3 travis travis 12288 Apr  9 04:04 time2
drwxrwxr-x   3 travis travis 12288 Apr  9 04:04 time5
-rw-rw-r--   1 travis travis   432 Apr  9 04:04 Token.class
-rw-rw-r--   1 travis travis   251 Apr  9 04:04 Token.java
-rw-rw-r--   1 travis travis     0 Apr  9 04:04 top.
-rw-rw-r--   1 travis travis 20502 Apr  9 03:59 top.c
-rw-rw-r--   1 travis travis  3567 Apr  9 04:04 top.class
-rw-rw-r--   1 travis travis   169 Apr  9 03:59 top.html
-rw-rw-r--   1 travis travis  7552 Apr  9 04:04 top.java
-rw-rw-r--   1 travis travis 38888 Apr  9 03:59 top.o
drwxrwxr-x   3 travis travis 57344 Apr  9 04:02 UnaryMathFunction
All Done
Writing ModularCodeGenTest_A1.java in file:/home/travis/cg/ (9968 characters)
Reading "ptolemy/cg/kernel/generic/program/procedural/java/modular/makefile.in",
    writing "/home/travis/cg/ModularCodeGenTest_A1.mk"
Using ptolemy/cg/kernel/generic/program/procedural/java/modular/makefile.in
In "/home/travis/cg", about to execute:
    make -f ModularCodeGenTest_A1.mk
javac -classpath ".:.."    ModularCodeGenTest_A1.java
All Done
4482 ms. Memory: 208384K Free: 162834K (78%)
7 ms. Memory: 208384K Free: 158031K (76%)
In "/home/travis/cg", about to execute:
    pwd
In "/home/travis/cg", about to execute:
    ls -l
In "/home/travis/cg", about to execute:
    javac -classpath
.:/home/travis/build/icyphy/ptII:/home/travis/build/icyphy/ptII/lib/bsh-2.0b4.j
ar:/home/travis/build/icyphy/ptII/lib/ptCal.jar:/home/travis/build/icyphy/ptII/
lib/java_cup.jar:/home/travis/build/icyphy/ptII/lib/saxon8.jar:/home/travis/bui
ld/icyphy/ptII/lib/saxon8-dom.jar:/home/travis/build/icyphy/ptII/lib/chic.jar:/
home/travis/build/icyphy/ptII/lib/ptcolt.jar:/usr/lib/jvm/java-8-oracle/lib/too
ls.jar:/home/travis/build/icyphy/ptII/vendors/misc/itext/iText.jar:/home/travis
/build/icyphy/ptII/lib/g4ltl.jar:/home/travis/build/icyphy/ptII/lib/StructuralC
oder.jar:/home/travis/build/icyphy/ptII/vendors/jai-1_1_2_01/lib/jai_core.jar:/
home/travis/build/icyphy/ptII/vendors/jai-1_1_2_01/lib/jai_codec.jar:/home/trav
is/build/icyphy/ptII/lib/jcerti.jar:/home/travis/build/icyphy/ptII/lib/javax.ma
il.jar:/home/travis/build/icyphy/ptII/vendors/JMF-2.1.1e/lib/jmf.jar:/home/trav
is/build/icyphy/ptII/lib/jna-4.0.0-variadic.jar:/home/travis/build/icyphy/ptII/
vendors/misc/joystick/Joystick.jar:/home/travis/build/icyphy/ptII/lib/ptjacl.ja
r:/home/travis/build/icyphy/ptII/lib/jsoup-1.8.2.jar:/home/travis/build/icyphy/
ptII/lib/junit-4.8.2.jar:/home/travis/build/icyphy/ptII/lib/JUnitParams-0.4.0.j
ar:/home/travis/build/icyphy/ptII/ptolemy/actor/lib/excel/jxl.jar:/home/travis/
build/icyphy/ptII/lib/jython.jar:/home/travis/build/icyphy/ptII/lib/kieler.jar:
/home/travis/build/icyphy/ptII/vendors/opencv/share/OpenCV/java/opencv-341.jar:
/home/travis/build/icyphy/ptII/lib/oscP5.jar:/home/travis/build/icyphy/ptII/lib
/nrjavaserial-3.11.0.devel.jar:/home/travis/build/icyphy/ptII/vendors/j3d/lib/j
3dcore.jar:/home/travis/build/icyphy/ptII/vendors/j3d/lib/j3dutils.jar:/home/tr
avis/build/icyphy/ptII/vendors/j3d/lib/vecmath.jar:/home/travis/build/icyphy/pt
II/ptolemy/distributed/jini/jar/jini-core.jar:/home/travis/build/icyphy/ptII/pt
olemy/distributed/jini/jar/jini-ext.jar:/home/travis/build/icyphy/ptII/ptolemy/
distributed/jini/jar/sun-util.jar:/home/travis/build/icyphy/ptII/lib/protobuf-j
ava-2.4.1.jar:/home/travis/build/icyphy/ptII/lib/org.eclipse.paho.client.mqttv3
.jar:/home/travis/build/icyphy/ptII/lib/mapss.jar:/home/travis/build/icyphy/ptI
I/ptolemy/actor/ptalon/antlr/antlr.jar:/home/travis/build/icyphy/ptII/lib/JRI.j
ar:/home/travis/build/icyphy/ptII/lib/commons-lang-2.6.jar:/home/travis/build/i
cyphy/ptII/lib/commons-logging-1.1.1.jar:/home/travis/build/icyphy/ptII/lib/soo
tclasses.jar:/home/travis/build/icyphy/ptII/ptolemy/actor/lib/database/mysql-co
nnector-java-5.1.6-bin.jar:/home/travis/build/icyphy/ptII/vendors/misc/sphinx4/
sphinx4-data-5prealpha.jar:/home/travis/build/icyphy/ptII/vendors/misc/sphinx4/
sphinx4-core-5prealpha.jar:/home/travis/build/icyphy/ptII/lib/PDFRenderer.jar:/
home/travis/build/icyphy/ptII/lib/svgSalamander.jar:/home/travis/build/icyphy/p
tII/lib/rsyntaxtextarea-2.6.0-SNAPSHOT.jar:/home/travis/build/icyphy/ptII/lib/h
azelcast-3.8.2.jar:/home/travis/build/icyphy/ptII/lib/jackson-annotations-2.9.0
.jar:/home/travis/build/icyphy/ptII/lib/jackson-core-2.9.3.jar:/home/travis/bui
ld/icyphy/ptII/lib/jackson-databind-2.9.3.jar:/home/travis/build/icyphy/ptII/li
b/netty-buffer-4.1.19.Final.jar:/home/travis/build/icyphy/ptII/lib/netty-codec-
4.1.19.Final.jar:/home/travis/build/icyphy/ptII/lib/netty-codec-dns-4.1.19.Fina
l.jar:/home/travis/build/icyphy/ptII/lib/netty-codec-http-4.1.19.Final.jar:/hom
e/travis/build/icyphy/ptII/lib/netty-codec-http2-4.1.19.Final.jar:/home/travis/
build/icyphy/ptII/lib/netty-common-4.1.19.Final.jar:/home/travis/build/icyphy/p
tII/lib/netty-handler-4.1.19.Final.jar:/home/travis/build/icyphy/ptII/lib/netty
-resolver-4.1.19.Final.jar:/home/travis/build/icyphy/ptII/lib/netty-resolver-dn
s-4.1.19.Final.jar:/home/travis/build/icyphy/ptII/lib/netty-transport-4.1.19.Fi
nal.jar:/home/travis/build/icyphy/ptII/lib/vertx-codegen-3.5.1.jar:/home/travis
/build/icyphy/ptII/lib/vertx-core-3.5.2-SNAPSHOT.jar:/home/travis/build/icyphy/
ptII/lib/vertx-hazelcast-3.5.1.jar:/home/travis/build/icyphy/ptII/lib/vertx-lan
g-js-3.5.1.jar:/home/travis/build/icyphy/ptII/lib/vertx-service-proxy-3.5.1.jar
:/home/travis/build/icyphy/ptII/lib/vertx-web-3.5.1.jar:/home/travis/build/icyp
hy/ptII/lib/slf4j-api-1.7.13.jar:/home/travis/build/icyphy/ptII/lib/slf4j-simpl
e-1.7.13.jar:/home/travis/build/icyphy/ptII/lib/webcam-capture-0.3.12.jar:/home
/travis/build/icyphy/ptII/lib/bridj-0.7.0.jar:/home/travis/build/icyphy/ptII/li
b/xbjlib-1.1.0.nrjavaserial.jar:/home/travis/build/icyphy/ptII/ptolemy/moml/tes
t:/home/travis/build/icyphy/ptII/ant/lib/ant-launcher.jar:/home/travis/build/ic
yphy/ptII/ant/lib/ant.jar:/home/travis/build/icyphy/ptII/ant/lib/ant-junit.jar:
/home/travis/build/icyphy/ptII/ant/lib/ant-junit4.jar:/home/travis/build/icyphy
/ptII ModularCodeGenTest_A1_A2_profile.java
/home/travis/cg
total 896
drwxrwxr-x   3 travis travis 12288 Apr  9 04:00 AbsoluteValue
drwxrwxr-x   3 travis travis 16384 Apr  9 04:00 Case1
drwxrwxr-x   3 travis travis 32768 Apr  9 04:00 Case2
drwxrwxr-x   3 travis travis 24576 Apr  9 04:02 DeScrambler
drwxrwxr-x   3 travis travis 16384 Apr  9 04:04 DotProduct
drwxrwxr-x   3 travis travis 12288 Apr  9 04:00 FileWriter1
drwxrwxr-x   3 travis travis 20480 Apr  9 04:00 FixToDoubleAndBack
drwxrwxr-x   3 travis travis 16384 Apr  9 04:00 Gaussian1
drwxrwxr-x   3 travis travis 20480 Apr  9 04:00 Gaussian2
drwxrwxr-x   3 travis travis 12288 Apr  9 04:01 LookupTable
drwxrwxr-x   3 travis travis 20480 Apr  9 04:01 MaxIndex
-rw-rw-r--   1 travis travis  3491 Apr  9 04:04 ModularCodeGenTest_A1_A2.class
-rw-rw-r--   1 travis travis  9163 Apr  9 04:04 ModularCodeGenTest_A1_A2.java
-rw-rw-r--   1 travis travis   904 Apr  9 04:04 ModularCodeGenTest_A1_A2.mk
-rw-rw-r--   1 travis travis  1306 Apr  9 04:04 ModularCodeGenTest_A1_A2_profile.class
-rw-rw-r--   1 travis travis  1228 Apr  9 04:04 ModularCodeGenTest_A1_A2_profile.java
-rw-rw-r--   1 travis travis  3823 Apr  9 04:04 ModularCodeGenTest_A1.class
-rw-rw-r--   1 travis travis  9968 Apr  9 04:04 ModularCodeGenTest_A1.java
-rw-rw-r--   1 travis travis   880 Apr  9 04:04 ModularCodeGenTest_A1.mk
-rw-rw-r--   1 travis travis  1352 Apr  9 04:04 ModularCodeGenTest_A1_profile.class
-rw-rw-r--   1 travis travis  1394 Apr  9 04:04 ModularCodeGenTest_A1_profile.java
drwxrwxr-x   3 travis travis 36864 Apr  9 04:04 modulation2
drwxrwxr-x   3 travis travis 20480 Apr  9 04:01 Multiplexor
drwxrwxr-x 242 travis travis 12288 Apr  9 04:04 node_modules
drwxrwxr-x   3 travis travis 20480 Apr  9 04:01 PhaseUnwrap
-rw-rw-r--   1 travis travis   520 Apr  9 04:04 Repeat$_fireFunction_Repeat_Repeat$__f_sL_0.class
-rw-rw-r--   1 travis travis   522 Apr  9 04:04 Repeat$_fireFunction_Repeat_Repeat$__f_sL_10.class
-rw-rw-r--   1 travis travis   666 Apr  9 04:04 Repeat$_fireFunction_Repeat_Repeat$__f_sL_11.class
-rw-rw-r--   1 travis travis   522 Apr  9 04:04 Repeat$_fireFunction_Repeat_Repeat$__f_sL_13.class
-rw-rw-r--   1 travis travis   665 Apr  9 04:04 Repeat$_fireFunction_Repeat_Repeat$__f_sL_1.class
-rw-rw-r--   1 travis travis   520 Apr  9 04:04 Repeat$_fireFunction_Repeat_Repeat$__f_sL_2.class
-rw-rw-r--   1 travis travis   520 Apr  9 04:04 Repeat$_fireFunction_Repeat_Repeat$__f_sL_3.class
-rw-rw-r--   1 travis travis   520 Apr  9 04:04 Repeat$_fireFunction_Repeat_Repeat$__f_sL_5.class
-rw-rw-r--   1 travis travis   671 Apr  9 04:04 Repeat$_fireFunction_Repeat_Repeat$__f_sL_7.class
-rw-rw-r--   1 travis travis   520 Apr  9 04:04 Repeat$_fireFunction_Repeat_Repeat$__f_sL_9.class
-rw-rw-r--   1 travis travis   813 Apr  9 04:04 Repeat$_initialize_Repeat.class
-rw-rw-r--   1 travis travis   475 Apr  9 04:04 Repeat$_initialize_Repeat$__i_sL_0.class
-rw-rw-r--   1 travis travis   519 Apr  9 04:04 Repeat$_initialize_Repeat$__i_sL_3.class
-rw-rw-r--   1 travis travis 39778 Apr  9 04:04 Repeat.java
-rw-rw-r--   1 travis travis  1281 Apr  9 04:04 Repeat.mk
-rw-rw-r--   1 travis travis   520 Apr  9 04:04 Repeat$_preinitializeMethod_Repeat$__p_sL_0.class
-rw-rw-r--   1 travis travis   520 Apr  9 04:04 Repeat$_preinitializeMethod_Repeat$__p_sL_1.class
-rw-rw-r--   1 travis travis  1083 Apr  9 04:04 Repeat$_Repeat$_fireFunction_Repeat_AddSubtract_Repeat.class
-rw-rw-r--   1 travis travis   791 Apr  9 04:04 Repeat$_Repeat$_fireFunction_Repeat_AddSubtract_Repeat$__f_sL_0.class
-rw-rw-r--   1 travis travis   909 Apr  9 04:04 Repeat$_Repeat$_fireFunction_Repeat_AddSubtract_Repeat$__f_sL_1.class
-rw-rw-r--   1 travis travis   915 Apr  9 04:04 Repeat$_Repeat$_fireFunction_Repeat_AddSubtract_Repeat$__f_sL_2.class
-rw-rw-r--   1 travis travis   838 Apr  9 04:04 Repeat$_Repeat$_fireFunction_Repeat_Ramp2_Repeat$__f_sL_1.class
-rw-rw-r--   1 travis travis  1785 Apr  9 04:04 Repeat$_Repeat$_fireFunction_Repeat_Test_Repeat$__f_sL_2.class
-rw-rw-r--   1 travis travis   685 Apr  9 04:04 Repeat$_Repeat_SDF_Director_run_Repeat$__R_sL_0.class
-rw-rw-r--   1 travis travis   540 Apr  9 04:04 Repeat$_Repeat_SDF_Director_run_Repeat$__R_sL_1.class
-rw-rw-r--   1 travis travis   540 Apr  9 04:04 Repeat$_Repeat_SDF_Director_run_Repeat$__R_sL_2.class
-rw-rw-r--   1 travis travis   540 Apr  9 04:04 Repeat$_Repeat_SDF_Director_run_Repeat$__R_sL_4.class
-rw-rw-r--   1 travis travis   540 Apr  9 04:04 Repeat$_Repeat_SDF_Director_run_Repeat$__R_sL_5.class
-rw-rw-r--   1 travis travis   691 Apr  9 04:04 Repeat$_Repeat_SDF_Director_run_Repeat$__R_sL_6.class
-rw-rw-r--   1 travis travis   540 Apr  9 04:04 Repeat$_Repeat_SDF_Director_run_Repeat$__R_sL_7.class
-rw-rw-r--   1 travis travis   863 Apr  9 04:04 Repeat$_varinit_Repeat.class
-rw-rw-r--   1 travis travis   530 Apr  9 04:04 Repeat$_varinit_Repeat$__v_sL_1.class
-rw-rw-r--   1 travis travis   531 Apr  9 04:04 Repeat$_varinit_Repeat$__v_sL_2.class
-rw-rw-r--   1 travis travis   905 Apr  9 04:04 Repeat$_varinit_Repeat$__v_sL_4.class
-rw-rw-r--   1 travis travis   635 Apr  9 04:04 Repeat$_wrapup_Repeat.class
-rw-rw-r--   1 travis travis   965 Apr  9 04:04 Repeat$_wrapup_Repeat$__w_sL_1.class
-rw-rw-r--   1 travis travis   289 Apr  9 03:59 result.csv
drwxrwxr-x   3 travis travis 12288 Apr  9 04:02 Scrambler1
drwxrwxr-x   3 travis travis 20480 Apr  9 04:01 Sinewave2
drwxrwxr-x   3 travis travis 69632 Apr  9 04:02 StringCompare
drwxrwxr-x   3 travis travis 32768 Apr  9 04:02 StringFunction
drwxrwxr-x   3 travis travis 12288 Apr  9 04:03 StringLength
drwxrwxr-x   3 travis travis 57344 Apr  9 04:03 StringSimpleReplace
drwxrwxr-x   3 travis travis 12288 Apr  9 04:04 time2
drwxrwxr-x   3 travis travis 12288 Apr  9 04:04 time5
-rw-rw-r--   1 travis travis   432 Apr  9 04:04 Token.class
-rw-rw-r--   1 travis travis   251 Apr  9 04:04 Token.java
-rw-rw-r--   1 travis travis     0 Apr  9 04:04 top.
-rw-rw-r--   1 travis travis 20502 Apr  9 03:59 top.c
-rw-rw-r--   1 travis travis  3567 Apr  9 04:04 top.class
-rw-rw-r--   1 travis travis   169 Apr  9 03:59 top.html
-rw-rw-r--   1 travis travis  7552 Apr  9 04:04 top.java
-rw-rw-r--   1 travis travis 38888 Apr  9 03:59 top.o
drwxrwxr-x   3 travis travis 57344 Apr  9 04:02 UnaryMathFunction
All Done
Writing ModularCodeGenTest_A1_A2.java in file:/home/travis/cg/ (9164 characters)
Reading "ptolemy/cg/kernel/generic/program/procedural/java/modular/makefile.in",
    writing "/home/travis/cg/ModularCodeGenTest_A1_A2.mk"
Using ptolemy/cg/kernel/generic/program/procedural/java/modular/makefile.in
In "/home/travis/cg", about to execute:
    make -f ModularCodeGenTest_A1_A2.mk
javac -classpath ".:.."    ModularCodeGenTest_A1_A2.java
All Done
2151 ms. Memory: 208384K Free: 81527K (39%)
Warning: failed to delete /home/travis/cg: error deleting "/home/travis/cg/node_modules/.bin":  best guess at reason: permission denied
In "/home/travis/cg", about to execute:
    pwd
In "/home/travis/cg", about to execute:
    ls -l
/home/travis/cg
In "/home/travis/cg", about to execute:
    javac -classpath
.:/home/travis/build/icyphy/ptII:/home/travis/build/icyphy/ptII/lib/bsh-2.0b4.j
ar:/home/travis/build/icyphy/ptII/lib/ptCal.jar:/home/travis/build/icyphy/ptII/
lib/java_cup.jar:/home/travis/build/icyphy/ptII/lib/saxon8.jar:/home/travis/bui
ld/icyphy/ptII/lib/saxon8-dom.jar:/home/travis/build/icyphy/ptII/lib/chic.jar:/
home/travis/build/icyphy/ptII/lib/ptcolt.jar:/usr/lib/jvm/java-8-oracle/lib/too
ls.jar:/home/travis/build/icyphy/ptII/vendors/misc/itext/iText.jar:/home/travis
/build/icyphy/ptII/lib/g4ltl.jar:/home/travis/build/icyphy/ptII/lib/StructuralC
oder.jar:/home/travis/build/icyphy/ptII/vendors/jai-1_1_2_01/lib/jai_core.jar:/
home/travis/build/icyphy/ptII/vendors/jai-1_1_2_01/lib/jai_codec.jar:/home/trav
is/build/icyphy/ptII/lib/jcerti.jar:/home/travis/build/icyphy/ptII/lib/javax.ma
il.jar:/home/travis/build/icyphy/ptII/vendors/JMF-2.1.1e/lib/jmf.jar:/home/trav
is/build/icyphy/ptII/lib/jna-4.0.0-variadic.jar:/home/travis/build/icyphy/ptII/
vendors/misc/joystick/Joystick.jar:/home/travis/build/icyphy/ptII/lib/ptjacl.ja
r:/home/travis/build/icyphy/ptII/lib/jsoup-1.8.2.jar:/home/travis/build/icyphy/
ptII/lib/junit-4.8.2.jar:/home/travis/build/icyphy/ptII/lib/JUnitParams-0.4.0.j
ar:/home/travis/build/icyphy/ptII/ptolemy/actor/lib/excel/jxl.jar:/home/travis/
build/icyphy/ptII/lib/jython.jar:/home/travis/build/icyphy/ptII/lib/kieler.jar:
/home/travis/build/icyphy/ptII/vendors/opencv/share/OpenCV/java/opencv-341.jar:
/home/travis/build/icyphy/ptII/lib/oscP5.jar:/home/travis/build/icyphy/ptII/lib
/nrjavaserial-3.11.0.devel.jar:/home/travis/build/icyphy/ptII/vendors/j3d/lib/j
3dcore.jar:/home/travis/build/icyphy/ptII/vendors/j3d/lib/j3dutils.jar:/home/tr
avis/build/icyphy/ptII/vendors/j3d/lib/vecmath.jar:/home/travis/build/icyphy/pt
II/ptolemy/distributed/jini/jar/jini-core.jar:/home/travis/build/icyphy/ptII/pt
olemy/distributed/jini/jar/jini-ext.jar:/home/travis/build/icyphy/ptII/ptolemy/
distributed/jini/jar/sun-util.jar:/home/travis/build/icyphy/ptII/lib/protobuf-j
ava-2.4.1.jar:/home/travis/build/icyphy/ptII/lib/org.eclipse.paho.client.mqttv3
.jar:/home/travis/build/icyphy/ptII/lib/mapss.jar:/home/travis/build/icyphy/ptI
I/ptolemy/actor/ptalon/antlr/antlr.jar:/home/travis/build/icyphy/ptII/lib/JRI.j
ar:/home/travis/build/icyphy/ptII/lib/commons-lang-2.6.jar:/home/travis/build/i
cyphy/ptII/lib/commons-logging-1.1.1.jar:/home/travis/build/icyphy/ptII/lib/soo
tclasses.jar:/home/travis/build/icyphy/ptII/ptolemy/actor/lib/database/mysql-co
nnector-java-5.1.6-bin.jar:/home/travis/build/icyphy/ptII/vendors/misc/sphinx4/
sphinx4-data-5prealpha.jar:/home/travis/build/icyphy/ptII/vendors/misc/sphinx4/
sphinx4-core-5prealpha.jar:/home/travis/build/icyphy/ptII/lib/PDFRenderer.jar:/
home/travis/build/icyphy/ptII/lib/svgSalamander.jar:/home/travis/build/icyphy/p
tII/lib/rsyntaxtextarea-2.6.0-SNAPSHOT.jar:/home/travis/build/icyphy/ptII/lib/h
azelcast-3.8.2.jar:/home/travis/build/icyphy/ptII/lib/jackson-annotations-2.9.0
.jar:/home/travis/build/icyphy/ptII/lib/jackson-core-2.9.3.jar:/home/travis/bui
ld/icyphy/ptII/lib/jackson-databind-2.9.3.jar:/home/travis/build/icyphy/ptII/li
b/netty-buffer-4.1.19.Final.jar:/home/travis/build/icyphy/ptII/lib/netty-codec-
4.1.19.Final.jar:/home/travis/build/icyphy/ptII/lib/netty-codec-dns-4.1.19.Fina
l.jar:/home/travis/build/icyphy/ptII/lib/netty-codec-http-4.1.19.Final.jar:/hom
e/travis/build/icyphy/ptII/lib/netty-codec-http2-4.1.19.Final.jar:/home/travis/
build/icyphy/ptII/lib/netty-common-4.1.19.Final.jar:/home/travis/build/icyphy/p
tII/lib/netty-handler-4.1.19.Final.jar:/home/travis/build/icyphy/ptII/lib/netty
-resolver-4.1.19.Final.jar:/home/travis/build/icyphy/ptII/lib/netty-resolver-dn
s-4.1.19.Final.jar:/home/travis/build/icyphy/ptII/lib/netty-transport-4.1.19.Fi
nal.jar:/home/travis/build/icyphy/ptII/lib/vertx-codegen-3.5.1.jar:/home/travis
/build/icyphy/ptII/lib/vertx-core-3.5.2-SNAPSHOT.jar:/home/travis/build/icyphy/
ptII/lib/vertx-hazelcast-3.5.1.jar:/home/travis/build/icyphy/ptII/lib/vertx-lan
g-js-3.5.1.jar:/home/travis/build/icyphy/ptII/lib/vertx-service-proxy-3.5.1.jar
:/home/travis/build/icyphy/ptII/lib/vertx-web-3.5.1.jar:/home/travis/build/icyp
hy/ptII/lib/slf4j-api-1.7.13.jar:/home/travis/build/icyphy/ptII/lib/slf4j-simpl
e-1.7.13.jar:/home/travis/build/icyphy/ptII/lib/webcam-capture-0.3.12.jar:/home
/travis/build/icyphy/ptII/lib/bridj-0.7.0.jar:/home/travis/build/icyphy/ptII/li
b/xbjlib-1.1.0.nrjavaserial.jar:/home/travis/build/icyphy/ptII/ptolemy/moml/tes
t:/home/travis/build/icyphy/ptII/ant/lib/ant-launcher.jar:/home/travis/build/ic
yphy/ptII/ant/lib/ant.jar:/home/travis/build/icyphy/ptII/ant/lib/ant-junit.jar:
/home/travis/build/icyphy/ptII/ant/lib/ant-junit4.jar:/home/travis/build/icyphy
/ptII ModularCodeGenTest_A1_profile.java
total 872
drwxrwxr-x   3 travis travis 12288 Apr  9 04:00 AbsoluteValue
drwxrwxr-x   3 travis travis 16384 Apr  9 04:00 Case1
drwxrwxr-x   3 travis travis 32768 Apr  9 04:00 Case2
drwxrwxr-x   3 travis travis 24576 Apr  9 04:02 DeScrambler
drwxrwxr-x   3 travis travis 16384 Apr  9 04:04 DotProduct
drwxrwxr-x   3 travis travis 12288 Apr  9 04:00 FileWriter1
drwxrwxr-x   3 travis travis 20480 Apr  9 04:00 FixToDoubleAndBack
drwxrwxr-x   3 travis travis 16384 Apr  9 04:00 Gaussian1
drwxrwxr-x   3 travis travis 20480 Apr  9 04:00 Gaussian2
drwxrwxr-x   3 travis travis 12288 Apr  9 04:01 LookupTable
drwxrwxr-x   3 travis travis 20480 Apr  9 04:01 MaxIndex
-rw-rw-r--   1 travis travis  3492 Apr  9 04:04 ModularCodeGenTest_A1_A2.class
-rw-rw-r--   1 travis travis   904 Apr  9 04:04 ModularCodeGenTest_A1_A2.mk
-rw-rw-r--   1 travis travis  1306 Apr  9 04:04 ModularCodeGenTest_A1_A2_profile.class
-rw-rw-r--   1 travis travis  9968 Apr  9 04:04 ModularCodeGenTest_A1.java
-rw-rw-r--   1 travis travis   880 Apr  9 04:04 ModularCodeGenTest_A1.mk
-rw-rw-r--   1 travis travis  1394 Apr  9 04:04 ModularCodeGenTest_A1_profile.java
drwxrwxr-x   3 travis travis 36864 Apr  9 04:04 modulation2
drwxrwxr-x   3 travis travis 20480 Apr  9 04:01 Multiplexor
drwxrwxr-x 242 travis travis 12288 Apr  9 04:04 node_modules
drwxrwxr-x   3 travis travis 20480 Apr  9 04:01 PhaseUnwrap
-rw-rw-r--   1 travis travis   520 Apr  9 04:04 Repeat$_fireFunction_Repeat_Repeat$__f_sL_0.class
-rw-rw-r--   1 travis travis   522 Apr  9 04:04 Repeat$_fireFunction_Repeat_Repeat$__f_sL_10.class
-rw-rw-r--   1 travis travis   666 Apr  9 04:04 Repeat$_fireFunction_Repeat_Repeat$__f_sL_11.class
-rw-rw-r--   1 travis travis   522 Apr  9 04:04 Repeat$_fireFunction_Repeat_Repeat$__f_sL_13.class
-rw-rw-r--   1 travis travis   665 Apr  9 04:04 Repeat$_fireFunction_Repeat_Repeat$__f_sL_1.class
-rw-rw-r--   1 travis travis   520 Apr  9 04:04 Repeat$_fireFunction_Repeat_Repeat$__f_sL_2.class
-rw-rw-r--   1 travis travis   520 Apr  9 04:04 Repeat$_fireFunction_Repeat_Repeat$__f_sL_3.class
-rw-rw-r--   1 travis travis   520 Apr  9 04:04 Repeat$_fireFunction_Repeat_Repeat$__f_sL_5.class
-rw-rw-r--   1 travis travis   671 Apr  9 04:04 Repeat$_fireFunction_Repeat_Repeat$__f_sL_7.class
-rw-rw-r--   1 travis travis   520 Apr  9 04:04 Repeat$_fireFunction_Repeat_Repeat$__f_sL_9.class
-rw-rw-r--   1 travis travis   813 Apr  9 04:04 Repeat$_initialize_Repeat.class
-rw-rw-r--   1 travis travis   475 Apr  9 04:04 Repeat$_initialize_Repeat$__i_sL_0.class
-rw-rw-r--   1 travis travis   519 Apr  9 04:04 Repeat$_initialize_Repeat$__i_sL_3.class
-rw-rw-r--   1 travis travis 39778 Apr  9 04:04 Repeat.java
-rw-rw-r--   1 travis travis  1281 Apr  9 04:04 Repeat.mk
-rw-rw-r--   1 travis travis   520 Apr  9 04:04 Repeat$_preinitializeMethod_Repeat$__p_sL_0.class
-rw-rw-r--   1 travis travis   520 Apr  9 04:04 Repeat$_preinitializeMethod_Repeat$__p_sL_1.class
-rw-rw-r--   1 travis travis  1083 Apr  9 04:04 Repeat$_Repeat$_fireFunction_Repeat_AddSubtract_Repeat.class
-rw-rw-r--   1 travis travis   791 Apr  9 04:04 Repeat$_Repeat$_fireFunction_Repeat_AddSubtract_Repeat$__f_sL_0.class
-rw-rw-r--   1 travis travis   909 Apr  9 04:04 Repeat$_Repeat$_fireFunction_Repeat_AddSubtract_Repeat$__f_sL_1.class
-rw-rw-r--   1 travis travis   915 Apr  9 04:04 Repeat$_Repeat$_fireFunction_Repeat_AddSubtract_Repeat$__f_sL_2.class
-rw-rw-r--   1 travis travis   838 Apr  9 04:04 Repeat$_Repeat$_fireFunction_Repeat_Ramp2_Repeat$__f_sL_1.class
-rw-rw-r--   1 travis travis  1785 Apr  9 04:04 Repeat$_Repeat$_fireFunction_Repeat_Test_Repeat$__f_sL_2.class
-rw-rw-r--   1 travis travis   685 Apr  9 04:04 Repeat$_Repeat_SDF_Director_run_Repeat$__R_sL_0.class
-rw-rw-r--   1 travis travis   540 Apr  9 04:04 Repeat$_Repeat_SDF_Director_run_Repeat$__R_sL_1.class
-rw-rw-r--   1 travis travis   540 Apr  9 04:04 Repeat$_Repeat_SDF_Director_run_Repeat$__R_sL_2.class
-rw-rw-r--   1 travis travis   540 Apr  9 04:04 Repeat$_Repeat_SDF_Director_run_Repeat$__R_sL_4.class
-rw-rw-r--   1 travis travis   540 Apr  9 04:04 Repeat$_Repeat_SDF_Director_run_Repeat$__R_sL_5.class
-rw-rw-r--   1 travis travis   691 Apr  9 04:04 Repeat$_Repeat_SDF_Director_run_Repeat$__R_sL_6.class
-rw-rw-r--   1 travis travis   540 Apr  9 04:04 Repeat$_Repeat_SDF_Director_run_Repeat$__R_sL_7.class
-rw-rw-r--   1 travis travis   863 Apr  9 04:04 Repeat$_varinit_Repeat.class
-rw-rw-r--   1 travis travis   530 Apr  9 04:04 Repeat$_varinit_Repeat$__v_sL_1.class
-rw-rw-r--   1 travis travis   531 Apr  9 04:04 Repeat$_varinit_Repeat$__v_sL_2.class
-rw-rw-r--   1 travis travis   905 Apr  9 04:04 Repeat$_varinit_Repeat$__v_sL_4.class
-rw-rw-r--   1 travis travis   635 Apr  9 04:04 Repeat$_wrapup_Repeat.class
-rw-rw-r--   1 travis travis   965 Apr  9 04:04 Repeat$_wrapup_Repeat$__w_sL_1.class
-rw-rw-r--   1 travis travis   289 Apr  9 03:59 result.csv
drwxrwxr-x   3 travis travis 12288 Apr  9 04:02 Scrambler1
drwxrwxr-x   3 travis travis 20480 Apr  9 04:01 Sinewave2
drwxrwxr-x   3 travis travis 69632 Apr  9 04:02 StringCompare
drwxrwxr-x   3 travis travis 32768 Apr  9 04:02 StringFunction
drwxrwxr-x   3 travis travis 12288 Apr  9 04:03 StringLength
drwxrwxr-x   3 travis travis 57344 Apr  9 04:03 StringSimpleReplace
drwxrwxr-x   3 travis travis 12288 Apr  9 04:04 time2
drwxrwxr-x   3 travis travis 12288 Apr  9 04:04 time5
-rw-rw-r--   1 travis travis   432 Apr  9 04:04 Token.class
-rw-rw-r--   1 travis travis   251 Apr  9 04:04 Token.java
-rw-rw-r--   1 travis travis     0 Apr  9 04:04 top.
-rw-rw-r--   1 travis travis 20502 Apr  9 03:59 top.c
-rw-rw-r--   1 travis travis  3567 Apr  9 04:04 top.class
-rw-rw-r--   1 travis travis   169 Apr  9 03:59 top.html
-rw-rw-r--   1 travis travis  7552 Apr  9 04:04 top.java
-rw-rw-r--   1 travis travis 38888 Apr  9 03:59 top.o
drwxrwxr-x   3 travis travis 57344 Apr  9 04:02 UnaryMathFunction
All Done
Writing ModularCodeGenTest_A1.java in file:/home/travis/cg/ (9968 characters)
Reading "ptolemy/cg/kernel/generic/program/procedural/java/modular/makefile.in",
    writing "/home/travis/cg/ModularCodeGenTest_A1.mk"
Using ptolemy/cg/kernel/generic/program/procedural/java/modular/makefile.in
In "/home/travis/cg", about to execute:
    make -f ModularCodeGenTest_A1.mk
javac -classpath ".:.."    ModularCodeGenTest_A1.java
All Done
1949 ms. Memory: 203776K Free: 136552K (67%)
04/09/19 04:04:41
Failed: 0  Total Tests: 3  ((Passed: 3, Newly Passed: 0)  Known Failed: 0) /home/travis/build/icyphy/ptII/ptolemy/cg/lib/test
No auto/knownFailedTests/*.xml tests in /home/travis/build/icyphy/ptII/ptolemy/cg/lib/test
No auto/linux-amd64/*.xml tests in /home/travis/build/icyphy/ptII/ptolemy/cg/lib/test
AutoTests.java: About to close Vertx.
AutoTests.java: Vertx closed.

===========================================================================================
----------------- testing Tue Apr 09 04:04:41 UTC 2019 /home/travis/build/icyphy/ptII/ptolemy/cg/lib/test/auto/CompiledCompositeActor.xml
----------------- Instantiating /home/travis/build/icyphy/ptII/ptolemy/cg/lib/test/auto/CompiledCompositeActor.xml
CompiledCompositeActor: Building shared object: The sharedObjectFile has a modification time that is earlier than the modelFile modification time.
Writing CompiledCompositeActor_CompiledCompositeActor.java in file:/home/travis/cg/ (13466 characters)
Reading "ptolemy/cg/kernel/generic/program/procedural/java/makefile.in",
    writing "/home/travis/cg/CompiledCompositeActor_CompiledCompositeActor.mk"
Using ptolemy/cg/kernel/generic/program/procedural/java/makefile.in
In "/home/travis/cg", about to execute:
    make -f CompiledCompositeActor_CompiledCompositeActor.mk
javac -classpath ".:."    CompiledCompositeActor_CompiledCompositeActor.java
All Done
931 ms. Memory: 195072K Free: 182414K (94%)
----------------- Invoking toplevel() on ptolemy.moml.MoMLSimpleApplication@26c23cd0
----------------- Done invoking toplevel() on ptolemy.moml.MoMLSimpleApplication@26c23cd0
reloadAllAccessors: .CompiledCompositeActor

===========================================================================================
----------------- testing Tue Apr 09 04:04:42 UTC 2019 /home/travis/build/icyphy/ptII/ptolemy/cg/lib/test/auto/DECGClockRamp.xml
----------------- Instantiating /home/travis/build/icyphy/ptII/ptolemy/cg/lib/test/auto/DECGClockRamp.xml
16 ms. Memory: 195072K Free: 175111K (90%)
----------------- Invoking toplevel() on ptolemy.moml.MoMLSimpleApplication@5266011e
----------------- Done invoking toplevel() on ptolemy.moml.MoMLSimpleApplication@5266011e
reloadAllAccessors: .DECGClockRamp

===========================================================================================
----------------- testing Tue Apr 09 04:04:42 UTC 2019 /home/travis/build/icyphy/ptII/ptolemy/cg/lib/test/auto/DECGDelay.xml
----------------- Instantiating /home/travis/build/icyphy/ptII/ptolemy/cg/lib/test/auto/DECGDelay.xml
20 ms. Memory: 195072K Free: 168210K (86%)
----------------- Invoking toplevel() on ptolemy.moml.MoMLSimpleApplication@145d9d3d
----------------- Done invoking toplevel() on ptolemy.moml.MoMLSimpleApplication@145d9d3d
reloadAllAccessors: .DECGDelay

===========================================================================================
----------------- testing Tue Apr 09 04:04:42 UTC 2019 /home/travis/build/icyphy/ptII/ptolemy/cg/lib/test/auto/DECGHelloWorld.xml
----------------- Instantiating /home/travis/build/icyphy/ptII/ptolemy/cg/lib/test/auto/DECGHelloWorld.xml
5 ms. Memory: 195072K Free: 164436K (84%)
----------------- Invoking toplevel() on ptolemy.moml.MoMLSimpleApplication@4e61421e
----------------- Done invoking toplevel() on ptolemy.moml.MoMLSimpleApplication@4e61421e
reloadAllAccessors: .DECGHelloWorld

===========================================================================================
----------------- testing Tue Apr 09 04:04:42 UTC 2019 /home/travis/build/icyphy/ptII/ptolemy/cg/lib/test/auto/DECGHeterogeneous.xml
----------------- Instantiating /home/travis/build/icyphy/ptII/ptolemy/cg/lib/test/auto/DECGHeterogeneous.xml
20 ms. Memory: 195072K Free: 149590K (77%)
----------------- Invoking toplevel() on ptolemy.moml.MoMLSimpleApplication@2045c3d4
----------------- Done invoking toplevel() on ptolemy.moml.MoMLSimpleApplication@2045c3d4
reloadAllAccessors: .DECGHeterogeneous

===========================================================================================
----------------- testing Tue Apr 09 04:04:43 UTC 2019 /home/travis/build/icyphy/ptII/ptolemy/cg/lib/test/auto/DECGHeterogeneousMk2.xml
----------------- Instantiating /home/travis/build/icyphy/ptII/ptolemy/cg/lib/test/auto/DECGHeterogeneousMk2.xml
50 ms. Memory: 195072K Free: 134320K (69%)
----------------- Invoking toplevel() on ptolemy.moml.MoMLSimpleApplication@4a3fc6aa
----------------- Done invoking toplevel() on ptolemy.moml.MoMLSimpleApplication@4a3fc6aa
reloadAllAccessors: .DECGHeterogeneousMk2

===========================================================================================
----------------- testing Tue Apr 09 04:04:43 UTC 2019 /home/travis/build/icyphy/ptII/ptolemy/cg/lib/test/auto/DECGMath.xml
----------------- Instantiating /home/travis/build/icyphy/ptII/ptolemy/cg/lib/test/auto/DECGMath.xml
7 ms. Memory: 195072K Free: 127419K (65%)
----------------- Invoking toplevel() on ptolemy.moml.MoMLSimpleApplication@33708afd
----------------- Done invoking toplevel() on ptolemy.moml.MoMLSimpleApplication@33708afd
reloadAllAccessors: .DECGMath

===========================================================================================
----------------- testing Tue Apr 09 04:04:43 UTC 2019 /home/travis/build/icyphy/ptII/ptolemy/cg/lib/test/auto/DECGPi.xml
----------------- Instantiating /home/travis/build/icyphy/ptII/ptolemy/cg/lib/test/auto/DECGPi.xml
76 ms. Memory: 195072K Free: 114512K (59%)
----------------- Invoking toplevel() on ptolemy.moml.MoMLSimpleApplication@5d11e2e0
----------------- Done invoking toplevel() on ptolemy.moml.MoMLSimpleApplication@5d11e2e0
reloadAllAccessors: .DECGPi

===========================================================================================
----------------- testing Tue Apr 09 04:04:43 UTC 2019 /home/travis/build/icyphy/ptII/ptolemy/cg/lib/test/auto/DECGPiSquare.xml
----------------- Instantiating /home/travis/build/icyphy/ptII/ptolemy/cg/lib/test/auto/DECGPiSquare.xml
108 ms. Memory: 195072K Free: 100783K (52%)
----------------- Invoking toplevel() on ptolemy.moml.MoMLSimpleApplication@1eabb54e
----------------- Done invoking toplevel() on ptolemy.moml.MoMLSimpleApplication@1eabb54e
reloadAllAccessors: .DECGPiSquare

===========================================================================================
----------------- testing Tue Apr 09 04:04:43 UTC 2019 /home/travis/build/icyphy/ptII/ptolemy/cg/lib/test/auto/DECGPoisson.xml
----------------- Instantiating /home/travis/build/icyphy/ptII/ptolemy/cg/lib/test/auto/DECGPoisson.xml
2 ms. Memory: 195072K Free: 96531K (49%)
----------------- Invoking toplevel() on ptolemy.moml.MoMLSimpleApplication@394cf971
----------------- Done invoking toplevel() on ptolemy.moml.MoMLSimpleApplication@394cf971
reloadAllAccessors: .DECGPoisson

===========================================================================================
----------------- testing Tue Apr 09 04:04:43 UTC 2019 /home/travis/build/icyphy/ptII/ptolemy/cg/lib/test/auto/JavaCompiledCompositeActor5.xml
----------------- Instantiating /home/travis/build/icyphy/ptII/ptolemy/cg/lib/test/auto/JavaCompiledCompositeActor5.xml
CompiledCompositeActor: Building shared object: No effigy.  This can happen when CodeGenerator.generateCode() is called from within the test suite.  The code will be recompiled.
Writing CompiledCompositeActor_CompiledCompositeActor.java in file:/home/travis/cg/ (13466 characters)
Reading "ptolemy/cg/kernel/generic/program/procedural/java/makefile.in",
    writing "/home/travis/cg/CompiledCompositeActor_CompiledCompositeActor.mk"
Using ptolemy/cg/kernel/generic/program/procedural/java/makefile.in
In "/home/travis/cg", about to execute:
    make -f CompiledCompositeActor_CompiledCompositeActor.mk
javac -classpath ".:."    CompiledCompositeActor_CompiledCompositeActor.java
All Done
917 ms. Memory: 192000K Free: 169526K (88%)
----------------- Invoking toplevel() on ptolemy.moml.MoMLSimpleApplication@69beeb2f
----------------- Done invoking toplevel() on ptolemy.moml.MoMLSimpleApplication@69beeb2f
reloadAllAccessors: .CompiledCompositeActor

===========================================================================================
----------------- testing Tue Apr 09 04:04:44 UTC 2019 /home/travis/build/icyphy/ptII/ptolemy/cg/lib/test/auto/JavaCompiledCompositeTest1.xml
----------------- Instantiating /home/travis/build/icyphy/ptII/ptolemy/cg/lib/test/auto/JavaCompiledCompositeTest1.xml
CompiledCompositeActor: Building shared object: The sharedObjectFile has a modification time that is earlier than the modelFile modification time.
Writing JavaCompiledCompositeTest1_CompiledCompositeActor.java in file:/home/travis/cg/ (11637 characters)
Reading "ptolemy/cg/kernel/generic/program/procedural/java/makefile.in",
    writing "/home/travis/cg/JavaCompiledCompositeTest1_CompiledCompositeActor.mk"
Using ptolemy/cg/kernel/generic/program/procedural/java/makefile.in
In "/home/travis/cg", about to execute:
    make -f JavaCompiledCompositeTest1_CompiledCompositeActor.mk
javac -classpath ".:."    JavaCompiledCompositeTest1_CompiledCompositeActor.java
All Done
1059 ms. Memory: 192000K Free: 140532K (73%)
----------------- Invoking toplevel() on ptolemy.moml.MoMLSimpleApplication@554482ec
----------------- Done invoking toplevel() on ptolemy.moml.MoMLSimpleApplication@554482ec
reloadAllAccessors: .JavaCompiledCompositeTest1

===========================================================================================
----------------- testing Tue Apr 09 04:04:45 UTC 2019 /home/travis/build/icyphy/ptII/ptolemy/cg/lib/test/auto/JavaCompiledCompositeTest2.xml
----------------- Instantiating /home/travis/build/icyphy/ptII/ptolemy/cg/lib/test/auto/JavaCompiledCompositeTest2.xml
CompiledCompositeActor: Building shared object: The sharedObjectFile has a modification time that is earlier than the modelFile modification time.
Writing JavaCompiledCompositeTest2_CompiledCompositeActor.java in file:/home/travis/cg/ (14919 characters)
Reading "ptolemy/cg/kernel/generic/program/procedural/java/makefile.in",
    writing "/home/travis/cg/JavaCompiledCompositeTest2_CompiledCompositeActor.mk"
Using ptolemy/cg/kernel/generic/program/procedural/java/makefile.in
In "/home/travis/cg", about to execute:
    make -f JavaCompiledCompositeTest2_CompiledCompositeActor.mk
javac -classpath ".:."    JavaCompiledCompositeTest2_CompiledCompositeActor.java
All Done
1317 ms. Memory: 192000K Free: 97552K (51%)
----------------- Invoking toplevel() on ptolemy.moml.MoMLSimpleApplication@15d680a9
----------------- Done invoking toplevel() on ptolemy.moml.MoMLSimpleApplication@15d680a9
reloadAllAccessors: .JavaCompiledCompositeTest2

===========================================================================================
----------------- testing Tue Apr 09 04:04:47 UTC 2019 /home/travis/build/icyphy/ptII/ptolemy/cg/lib/test/auto/JavaCompiledCompositeTest3.xml
----------------- Instantiating /home/travis/build/icyphy/ptII/ptolemy/cg/lib/test/auto/JavaCompiledCompositeTest3.xml
CompiledCompositeActor: Building shared object: The sharedObjectFile has a modification time that is earlier than the modelFile modification time.
Writing JavaCompiledCompositeTest3_CompiledCompositeActor.java in file:/home/travis/cg/ (13080 characters)
Reading "ptolemy/cg/kernel/generic/program/procedural/java/makefile.in",
    writing "/home/travis/cg/JavaCompiledCompositeTest3_CompiledCompositeActor.mk"
Using ptolemy/cg/kernel/generic/program/procedural/java/makefile.in
In "/home/travis/cg", about to execute:
    make -f JavaCompiledCompositeTest3_CompiledCompositeActor.mk
javac -classpath ".:."    JavaCompiledCompositeTest3_CompiledCompositeActor.java
All Done
884 ms. Memory: 189440K Free: 171604K (91%)
----------------- Invoking toplevel() on ptolemy.moml.MoMLSimpleApplication@7a1c2d1d
----------------- Done invoking toplevel() on ptolemy.moml.MoMLSimpleApplication@7a1c2d1d
reloadAllAccessors: .JavaCompiledCompositeTest3

===========================================================================================
----------------- testing Tue Apr 09 04:04:47 UTC 2019 /home/travis/build/icyphy/ptII/ptolemy/cg/lib/test/auto/JavaCompiledCompositeTest4.xml
----------------- Instantiating /home/travis/build/icyphy/ptII/ptolemy/cg/lib/test/auto/JavaCompiledCompositeTest4.xml
CompiledCompositeActor: Building shared object: The sharedObjectFile has a modification time that is earlier than the modelFile modification time.
Writing JavaCompiledCompositeTest4_CompiledCompositeActor.java in file:/home/travis/cg/ (9687 characters)
Reading "ptolemy/cg/kernel/generic/program/procedural/java/makefile.in",
    writing "/home/travis/cg/JavaCompiledCompositeTest4_CompiledCompositeActor.mk"
Using ptolemy/cg/kernel/generic/program/procedural/java/makefile.in
In "/home/travis/cg", about to execute:
    make -f JavaCompiledCompositeTest4_CompiledCompositeActor.mk
javac -classpath ".:."    JavaCompiledCompositeTest4_CompiledCompositeActor.java
All Done
804 ms. Memory: 189440K Free: 148061K (78%)
----------------- Invoking toplevel() on ptolemy.moml.MoMLSimpleApplication@5501ff7f
----------------- Done invoking toplevel() on ptolemy.moml.MoMLSimpleApplication@5501ff7f
reloadAllAccessors: .JavaCompiledCompositeTest4

===========================================================================================
----------------- testing Tue Apr 09 04:04:48 UTC 2019 /home/travis/build/icyphy/ptII/ptolemy/cg/lib/test/auto/ModularCG.xml
----------------- Instantiating /home/travis/build/icyphy/ptII/ptolemy/cg/lib/test/auto/ModularCG.xml
In "/home/travis/cg", about to execute:
    pwd
In "/home/travis/cg", about to execute:
    ls -l
In "/home/travis/cg", about to execute:
    javac -classpath
.:/home/travis/build/icyphy/ptII:/home/travis/build/icyphy/ptII/lib/bsh-2.0b4.j
ar:/home/travis/build/icyphy/ptII/lib/ptCal.jar:/home/travis/build/icyphy/ptII/
lib/java_cup.jar:/home/travis/build/icyphy/ptII/lib/saxon8.jar:/home/travis/bui
ld/icyphy/ptII/lib/saxon8-dom.jar:/home/travis/build/icyphy/ptII/lib/chic.jar:/
home/travis/build/icyphy/ptII/lib/ptcolt.jar:/usr/lib/jvm/java-8-oracle/lib/too
ls.jar:/home/travis/build/icyphy/ptII/vendors/misc/itext/iText.jar:/home/travis
/build/icyphy/ptII/lib/g4ltl.jar:/home/travis/build/icyphy/ptII/lib/StructuralC
oder.jar:/home/travis/build/icyphy/ptII/vendors/jai-1_1_2_01/lib/jai_core.jar:/
home/travis/build/icyphy/ptII/vendors/jai-1_1_2_01/lib/jai_codec.jar:/home/trav
is/build/icyphy/ptII/lib/jcerti.jar:/home/travis/build/icyphy/ptII/lib/javax.ma
il.jar:/home/travis/build/icyphy/ptII/vendors/JMF-2.1.1e/lib/jmf.jar:/home/trav
is/build/icyphy/ptII/lib/jna-4.0.0-variadic.jar:/home/travis/build/icyphy/ptII/
vendors/misc/joystick/Joystick.jar:/home/travis/build/icyphy/ptII/lib/ptjacl.ja
r:/home/travis/build/icyphy/ptII/lib/jsoup-1.8.2.jar:/home/travis/build/icyphy/
ptII/lib/junit-4.8.2.jar:/home/travis/build/icyphy/ptII/lib/JUnitParams-0.4.0.j
ar:/home/travis/build/icyphy/ptII/ptolemy/actor/lib/excel/jxl.jar:/home/travis/
build/icyphy/ptII/lib/jython.jar:/home/travis/build/icyphy/ptII/lib/kieler.jar:
/home/travis/build/icyphy/ptII/vendors/opencv/share/OpenCV/java/opencv-341.jar:
/home/travis/build/icyphy/ptII/lib/oscP5.jar:/home/travis/build/icyphy/ptII/lib
/nrjavaserial-3.11.0.devel.jar:/home/travis/build/icyphy/ptII/vendors/j3d/lib/j
3dcore.jar:/home/travis/build/icyphy/ptII/vendors/j3d/lib/j3dutils.jar:/home/tr
avis/build/icyphy/ptII/vendors/j3d/lib/vecmath.jar:/home/travis/build/icyphy/pt
II/ptolemy/distributed/jini/jar/jini-core.jar:/home/travis/build/icyphy/ptII/pt
olemy/distributed/jini/jar/jini-ext.jar:/home/travis/build/icyphy/ptII/ptolemy/
distributed/jini/jar/sun-util.jar:/home/travis/build/icyphy/ptII/lib/protobuf-j
ava-2.4.1.jar:/home/travis/build/icyphy/ptII/lib/org.eclipse.paho.client.mqttv3
.jar:/home/travis/build/icyphy/ptII/lib/mapss.jar:/home/travis/build/icyphy/ptI
I/ptolemy/actor/ptalon/antlr/antlr.jar:/home/travis/build/icyphy/ptII/lib/JRI.j
ar:/home/travis/build/icyphy/ptII/lib/commons-lang-2.6.jar:/home/travis/build/i
cyphy/ptII/lib/commons-logging-1.1.1.jar:/home/travis/build/icyphy/ptII/lib/soo
tclasses.jar:/home/travis/build/icyphy/ptII/ptolemy/actor/lib/database/mysql-co
nnector-java-5.1.6-bin.jar:/home/travis/build/icyphy/ptII/vendors/misc/sphinx4/
sphinx4-data-5prealpha.jar:/home/travis/build/icyphy/ptII/vendors/misc/sphinx4/
sphinx4-core-5prealpha.jar:/home/travis/build/icyphy/ptII/lib/PDFRenderer.jar:/
home/travis/build/icyphy/ptII/lib/svgSalamander.jar:/home/travis/build/icyphy/p
tII/lib/rsyntaxtextarea-2.6.0-SNAPSHOT.jar:/home/travis/build/icyphy/ptII/lib/h
azelcast-3.8.2.jar:/home/travis/build/icyphy/ptII/lib/jackson-annotations-2.9.0
.jar:/home/travis/build/icyphy/ptII/lib/jackson-core-2.9.3.jar:/home/travis/bui
ld/icyphy/ptII/lib/jackson-databind-2.9.3.jar:/home/travis/build/icyphy/ptII/li
b/netty-buffer-4.1.19.Final.jar:/home/travis/build/icyphy/ptII/lib/netty-codec-
4.1.19.Final.jar:/home/travis/build/icyphy/ptII/lib/netty-codec-dns-4.1.19.Fina
l.jar:/home/travis/build/icyphy/ptII/lib/netty-codec-http-4.1.19.Final.jar:/hom
e/travis/build/icyphy/ptII/lib/netty-codec-http2-4.1.19.Final.jar:/home/travis/
build/icyphy/ptII/lib/netty-common-4.1.19.Final.jar:/home/travis/build/icyphy/p
tII/lib/netty-handler-4.1.19.Final.jar:/home/travis/build/icyphy/ptII/lib/netty
-resolver-4.1.19.Final.jar:/home/travis/build/icyphy/ptII/lib/netty-resolver-dn
s-4.1.19.Final.jar:/home/travis/build/icyphy/ptII/lib/netty-transport-4.1.19.Fi
nal.jar:/home/travis/build/icyphy/ptII/lib/vertx-codegen-3.5.1.jar:/home/travis
/build/icyphy/ptII/lib/vertx-core-3.5.2-SNAPSHOT.jar:/home/travis/build/icyphy/
ptII/lib/vertx-hazelcast-3.5.1.jar:/home/travis/build/icyphy/ptII/lib/vertx-lan
g-js-3.5.1.jar:/home/travis/build/icyphy/ptII/lib/vertx-service-proxy-3.5.1.jar
:/home/travis/build/icyphy/ptII/lib/vertx-web-3.5.1.jar:/home/travis/build/icyp
hy/ptII/lib/slf4j-api-1.7.13.jar:/home/travis/build/icyphy/ptII/lib/slf4j-simpl
e-1.7.13.jar:/home/travis/build/icyphy/ptII/lib/webcam-capture-0.3.12.jar:/home
/travis/build/icyphy/ptII/lib/bridj-0.7.0.jar:/home/travis/build/icyphy/ptII/li
b/xbjlib-1.1.0.nrjavaserial.jar:/home/travis/build/icyphy/ptII/ptolemy/moml/tes
t:/home/travis/build/icyphy/ptII/ant/lib/ant-launcher.jar:/home/travis/build/ic
yphy/ptII/ant/lib/ant.jar:/home/travis/build/icyphy/ptII/ant/lib/ant-junit.jar:
/home/travis/build/icyphy/ptII/ant/lib/ant-junit4.jar:/home/travis/build/icyphy
/ptII ModularCG_A1_B1_profile.java
/home/travis/cg
total 1032
drwxrwxr-x   3 travis travis 12288 Apr  9 04:00 AbsoluteValue
drwxrwxr-x   3 travis travis 16384 Apr  9 04:00 Case1
drwxrwxr-x   3 travis travis 32768 Apr  9 04:00 Case2
-rw-rw-r--   1 travis travis  4895 Apr  9 04:04 CompiledCompositeActor_CompiledCompositeActor.class
-rw-rw-r--   1 travis travis  1592 Apr  9 04:04 CompiledCompositeActor_CompiledCompositeActor$_CompiledCompositeActor_CompiledCompositeActor.class
-rw-rw-r--   1 travis travis 13466 Apr  9 04:04 CompiledCompositeActor_CompiledCompositeActor.java
-rw-rw-r--   1 travis travis  1593 Apr  9 04:04 CompiledCompositeActor_CompiledCompositeActor.mk
drwxrwxr-x   3 travis travis 24576 Apr  9 04:02 DeScrambler
drwxrwxr-x   3 travis travis 16384 Apr  9 04:04 DotProduct
drwxrwxr-x   3 travis travis 12288 Apr  9 04:00 FileWriter1
drwxrwxr-x   3 travis travis 20480 Apr  9 04:00 FixToDoubleAndBack
drwxrwxr-x   3 travis travis 16384 Apr  9 04:00 Gaussian1
drwxrwxr-x   3 travis travis 20480 Apr  9 04:00 Gaussian2
-rw-rw-r--   1 travis travis  4457 Apr  9 04:04 JavaCompiledCompositeTest1_CompiledCompositeActor.class
-rw-rw-r--   1 travis travis 11637 Apr  9 04:04 JavaCompiledCompositeTest1_CompiledCompositeActor.java
-rw-rw-r--   1 travis travis  1198 Apr  9 04:04 JavaCompiledCompositeTest1_CompiledCompositeActor$_JavaCompiledCompositeTest1_CompiledCompositeActor.class
-rw-rw-r--   1 travis travis  1625 Apr  9 04:04 JavaCompiledCompositeTest1_CompiledCompositeActor.mk
-rw-rw-r--   1 travis travis  4888 Apr  9 04:04 JavaCompiledCompositeTest2_CompiledCompositeActor.class
-rw-rw-r--   1 travis travis 14919 Apr  9 04:04 JavaCompiledCompositeTest2_CompiledCompositeActor.java
-rw-rw-r--   1 travis travis  1793 Apr  9 04:04 JavaCompiledCompositeTest2_CompiledCompositeActor$_JavaCompiledCompositeTest2_CompiledCompositeActor.class
-rw-rw-r--   1 travis travis  1625 Apr  9 04:04 JavaCompiledCompositeTest2_CompiledCompositeActor.mk
-rw-rw-r--   1 travis travis  4505 Apr  9 04:04 JavaCompiledCompositeTest3_CompiledCompositeActor.class
-rw-rw-r--   1 travis travis 13080 Apr  9 04:04 JavaCompiledCompositeTest3_CompiledCompositeActor.java
-rw-rw-r--   1 travis travis  1378 Apr  9 04:04 JavaCompiledCompositeTest3_CompiledCompositeActor$_JavaCompiledCompositeTest3_CompiledCompositeActor.class
-rw-rw-r--   1 travis travis  1625 Apr  9 04:04 JavaCompiledCompositeTest3_CompiledCompositeActor.mk
-rw-rw-r--   1 travis travis  3953 Apr  9 04:04 JavaCompiledCompositeTest4_CompiledCompositeActor.class
-rw-rw-r--   1 travis travis  9687 Apr  9 04:04 JavaCompiledCompositeTest4_CompiledCompositeActor.java
-rw-rw-r--   1 travis travis   857 Apr  9 04:04 JavaCompiledCompositeTest4_CompiledCompositeActor$_JavaCompiledCompositeTest4_CompiledCompositeActor.class
-rw-rw-r--   1 travis travis  1625 Apr  9 04:04 JavaCompiledCompositeTest4_CompiledCompositeActor.mk
drwxrwxr-x   3 travis travis 12288 Apr  9 04:01 LookupTable
drwxrwxr-x   3 travis travis 20480 Apr  9 04:01 MaxIndex
-rw-rw-r--   1 travis travis  1262 Apr  9 04:04 ModularCG_A1_B1_profile.java
-rw-rw-r--   1 travis travis  3492 Apr  9 04:04 ModularCodeGenTest_A1_A2.class
-rw-rw-r--   1 travis travis   904 Apr  9 04:04 ModularCodeGenTest_A1_A2.mk
-rw-rw-r--   1 travis travis  1306 Apr  9 04:04 ModularCodeGenTest_A1_A2_profile.class
-rw-rw-r--   1 travis travis  3823 Apr  9 04:04 ModularCodeGenTest_A1.class
-rw-rw-r--   1 travis travis  9968 Apr  9 04:04 ModularCodeGenTest_A1.java
-rw-rw-r--   1 travis travis   880 Apr  9 04:04 ModularCodeGenTest_A1.mk
-rw-rw-r--   1 travis travis  1352 Apr  9 04:04 ModularCodeGenTest_A1_profile.class
-rw-rw-r--   1 travis travis  1394 Apr  9 04:04 ModularCodeGenTest_A1_profile.java
drwxrwxr-x   3 travis travis 36864 Apr  9 04:04 modulation2
drwxrwxr-x   3 travis travis 20480 Apr  9 04:01 Multiplexor
drwxrwxr-x 242 travis travis 12288 Apr  9 04:04 node_modules
drwxrwxr-x   3 travis travis 20480 Apr  9 04:01 PhaseUnwrap
-rw-rw-r--   1 travis travis   520 Apr  9 04:04 Repeat$_fireFunction_Repeat_Repeat$__f_sL_0.class
-rw-rw-r--   1 travis travis   522 Apr  9 04:04 Repeat$_fireFunction_Repeat_Repeat$__f_sL_10.class
-rw-rw-r--   1 travis travis   666 Apr  9 04:04 Repeat$_fireFunction_Repeat_Repeat$__f_sL_11.class
-rw-rw-r--   1 travis travis   522 Apr  9 04:04 Repeat$_fireFunction_Repeat_Repeat$__f_sL_13.class
-rw-rw-r--   1 travis travis   665 Apr  9 04:04 Repeat$_fireFunction_Repeat_Repeat$__f_sL_1.class
-rw-rw-r--   1 travis travis   520 Apr  9 04:04 Repeat$_fireFunction_Repeat_Repeat$__f_sL_2.class
-rw-rw-r--   1 travis travis   520 Apr  9 04:04 Repeat$_fireFunction_Repeat_Repeat$__f_sL_3.class
-rw-rw-r--   1 travis travis   520 Apr  9 04:04 Repeat$_fireFunction_Repeat_Repeat$__f_sL_5.class
-rw-rw-r--   1 travis travis   671 Apr  9 04:04 Repeat$_fireFunction_Repeat_Repeat$__f_sL_7.class
-rw-rw-r--   1 travis travis   520 Apr  9 04:04 Repeat$_fireFunction_Repeat_Repeat$__f_sL_9.class
-rw-rw-r--   1 travis travis   813 Apr  9 04:04 Repeat$_initialize_Repeat.class
-rw-rw-r--   1 travis travis   475 Apr  9 04:04 Repeat$_initialize_Repeat$__i_sL_0.class
-rw-rw-r--   1 travis travis   519 Apr  9 04:04 Repeat$_initialize_Repeat$__i_sL_3.class
-rw-rw-r--   1 travis travis 39778 Apr  9 04:04 Repeat.java
-rw-rw-r--   1 travis travis  1281 Apr  9 04:04 Repeat.mk
-rw-rw-r--   1 travis travis   520 Apr  9 04:04 Repeat$_preinitializeMethod_Repeat$__p_sL_0.class
-rw-rw-r--   1 travis travis   520 Apr  9 04:04 Repeat$_preinitializeMethod_Repeat$__p_sL_1.class
-rw-rw-r--   1 travis travis  1083 Apr  9 04:04 Repeat$_Repeat$_fireFunction_Repeat_AddSubtract_Repeat.class
-rw-rw-r--   1 travis travis   791 Apr  9 04:04 Repeat$_Repeat$_fireFunction_Repeat_AddSubtract_Repeat$__f_sL_0.class
-rw-rw-r--   1 travis travis   909 Apr  9 04:04 Repeat$_Repeat$_fireFunction_Repeat_AddSubtract_Repeat$__f_sL_1.class
-rw-rw-r--   1 travis travis   915 Apr  9 04:04 Repeat$_Repeat$_fireFunction_Repeat_AddSubtract_Repeat$__f_sL_2.class
-rw-rw-r--   1 travis travis   838 Apr  9 04:04 Repeat$_Repeat$_fireFunction_Repeat_Ramp2_Repeat$__f_sL_1.class
-rw-rw-r--   1 travis travis  1785 Apr  9 04:04 Repeat$_Repeat$_fireFunction_Repeat_Test_Repeat$__f_sL_2.class
-rw-rw-r--   1 travis travis   685 Apr  9 04:04 Repeat$_Repeat_SDF_Director_run_Repeat$__R_sL_0.class
-rw-rw-r--   1 travis travis   540 Apr  9 04:04 Repeat$_Repeat_SDF_Director_run_Repeat$__R_sL_1.class
-rw-rw-r--   1 travis travis   540 Apr  9 04:04 Repeat$_Repeat_SDF_Director_run_Repeat$__R_sL_2.class
-rw-rw-r--   1 travis travis   540 Apr  9 04:04 Repeat$_Repeat_SDF_Director_run_Repeat$__R_sL_4.class
-rw-rw-r--   1 travis travis   540 Apr  9 04:04 Repeat$_Repeat_SDF_Director_run_Repeat$__R_sL_5.class
-rw-rw-r--   1 travis travis   691 Apr  9 04:04 Repeat$_Repeat_SDF_Director_run_Repeat$__R_sL_6.class
-rw-rw-r--   1 travis travis   540 Apr  9 04:04 Repeat$_Repeat_SDF_Director_run_Repeat$__R_sL_7.class
-rw-rw-r--   1 travis travis   863 Apr  9 04:04 Repeat$_varinit_Repeat.class
-rw-rw-r--   1 travis travis   530 Apr  9 04:04 Repeat$_varinit_Repeat$__v_sL_1.class
-rw-rw-r--   1 travis travis   531 Apr  9 04:04 Repeat$_varinit_Repeat$__v_sL_2.class
-rw-rw-r--   1 travis travis   905 Apr  9 04:04 Repeat$_varinit_Repeat$__v_sL_4.class
-rw-rw-r--   1 travis travis   635 Apr  9 04:04 Repeat$_wrapup_Repeat.class
-rw-rw-r--   1 travis travis   965 Apr  9 04:04 Repeat$_wrapup_Repeat$__w_sL_1.class
-rw-rw-r--   1 travis travis   289 Apr  9 03:59 result.csv
drwxrwxr-x   3 travis travis 12288 Apr  9 04:02 Scrambler1
drwxrwxr-x   3 travis travis 20480 Apr  9 04:01 Sinewave2
drwxrwxr-x   3 travis travis 69632 Apr  9 04:02 StringCompare
drwxrwxr-x   3 travis travis 32768 Apr  9 04:02 StringFunction
drwxrwxr-x   3 travis travis 12288 Apr  9 04:03 StringLength
drwxrwxr-x   3 travis travis 57344 Apr  9 04:03 StringSimpleReplace
drwxrwxr-x   3 travis travis 12288 Apr  9 04:04 time2
drwxrwxr-x   3 travis travis 12288 Apr  9 04:04 time5
-rw-rw-r--   1 travis travis   432 Apr  9 04:04 Token.class
-rw-rw-r--   1 travis travis   251 Apr  9 04:04 Token.java
-rw-rw-r--   1 travis travis     0 Apr  9 04:04 top.
-rw-rw-r--   1 travis travis 20502 Apr  9 03:59 top.c
-rw-rw-r--   1 travis travis  3567 Apr  9 04:04 top.class
-rw-rw-r--   1 travis travis   169 Apr  9 03:59 top.html
-rw-rw-r--   1 travis travis  7552 Apr  9 04:04 top.java
-rw-rw-r--   1 travis travis 38888 Apr  9 03:59 top.o
drwxrwxr-x   3 travis travis 57344 Apr  9 04:02 UnaryMathFunction
All Done
Writing ModularCG_A1_B1.java in file:/home/travis/cg/ (9730 characters)
Reading "ptolemy/cg/kernel/generic/program/procedural/java/modular/makefile.in",
    writing "/home/travis/cg/ModularCG_A1_B1.mk"
Using ptolemy/cg/kernel/generic/program/procedural/java/modular/makefile.in
In "/home/travis/cg", about to execute:
    make -f ModularCG_A1_B1.mk
javac -classpath ".:.."    ModularCG_A1_B1.java
All Done
In "/home/travis/cg", about to execute:
    pwd
/home/travis/cg
In "/home/travis/cg", about to execute:
    ls -l
total 1060
drwxrwxr-x   3 travis travis 12288 Apr  9 04:00 AbsoluteValue
drwxrwxr-x   3 travis travis 16384 Apr  9 04:00 Case1
drwxrwxr-x   3 travis travis 32768 Apr  9 04:00 Case2
-rw-rw-r--   1 travis travis  4895 Apr  9 04:04 CompiledCompositeActor_CompiledCompositeActor.class
-rw-rw-r--   1 travis travis  1592 Apr  9 04:04 CompiledCompositeActor_CompiledCompositeActor$_CompiledCompositeActor_CompiledCompositeActor.class
-rw-rw-r--   1 travis travis 13466 Apr  9 04:04 CompiledCompositeActor_CompiledCompositeActor.java
-rw-rw-r--   1 travis travis  1593 Apr  9 04:04 CompiledCompositeActor_CompiledCompositeActor.mk
drwxrwxr-x   3 travis travis 24576 Apr  9 04:02 DeScrambler
drwxrwxr-x   3 travis travis 16384 Apr  9 04:04 DotProduct
drwxrwxr-x   3 travis travis 12288 Apr  9 04:00 FileWriter1
drwxrwxr-x   3 travis travis 20480 Apr  9 04:00 FixToDoubleAndBack
drwxrwxr-x   3 travis travis 16384 Apr  9 04:00 Gaussian1
drwxrwxr-x   3 travis travis 20480 Apr  9 04:00 Gaussian2
-rw-rw-r--   1 travis travis  4457 Apr  9 04:04 JavaCompiledCompositeTest1_CompiledCompositeActor.class
-rw-rw-r--   1 travis travis 11637 Apr  9 04:04 JavaCompiledCompositeTest1_CompiledCompositeActor.java
-rw-rw-r--   1 travis travis  1198 Apr  9 04:04 JavaCompiledCompositeTest1_CompiledCompositeActor$_JavaCompiledCompositeTest1_CompiledCompositeActor.class
-rw-rw-r--   1 travis travis  1625 Apr  9 04:04 JavaCompiledCompositeTest1_CompiledCompositeActor.mk
-rw-rw-r--   1 travis travis  4888 Apr  9 04:04 JavaCompiledCompositeTest2_CompiledCompositeActor.class
-rw-rw-r--   1 travis travis 14919 Apr  9 04:04 JavaCompiledCompositeTest2_CompiledCompositeActor.java
-rw-rw-r--   1 travis travis  1793 Apr  9 04:04 JavaCompiledCompositeTest2_CompiledCompositeActor$_JavaCompiledCompositeTest2_CompiledCompositeActor.class
-rw-rw-r--   1 travis travis  1625 Apr  9 04:04 JavaCompiledCompositeTest2_CompiledCompositeActor.mk
-rw-rw-r--   1 travis travis  4505 Apr  9 04:04 JavaCompiledCompositeTest3_CompiledCompositeActor.class
-rw-rw-r--   1 travis travis 13080 Apr  9 04:04 JavaCompiledCompositeTest3_CompiledCompositeActor.java
-rw-rw-r--   1 travis travis  1378 Apr  9 04:04 JavaCompiledCompositeTest3_CompiledCompositeActor$_JavaCompiledCompositeTest3_CompiledCompositeActor.class
-rw-rw-r--   1 travis travis  1625 Apr  9 04:04 JavaCompiledCompositeTest3_CompiledCompositeActor.mk
-rw-rw-r--   1 travis travis  3953 Apr  9 04:04 JavaCompiledCompositeTest4_CompiledCompositeActor.class
-rw-rw-r--   1 travis travis  9687 Apr  9 04:04 JavaCompiledCompositeTest4_CompiledCompositeActor.java
-rw-rw-r--   1 travis travis   857 Apr  9 04:04 JavaCompiledCompositeTest4_CompiledCompositeActor$_JavaCompiledCompositeTest4_CompiledCompositeActor.class
-rw-rw-r--   1 travis travis  1625 Apr  9 04:04 JavaCompiledCompositeTest4_CompiledCompositeActor.mk
drwxrwxr-x   3 travis travis 12288 Apr  9 04:01 LookupTable
drwxrwxr-x   3 travis travis 20480 Apr  9 04:01 MaxIndex
-rw-rw-r--   1 travis travis  3693 Apr  9 04:04 ModularCG_A1_B1.class
-rw-rw-r--   1 travis travis  9730 Apr  9 04:04 ModularCG_A1_B1.java
-rw-rw-r--   1 travis travis   832 Apr  9 04:04 ModularCG_A1_B1.mk
-rw-rw-r--   1 travis travis  1318 Apr  9 04:04 ModularCG_A1_B1_profile.class
-rw-rw-r--   1 travis travis  1262 Apr  9 04:04 ModularCG_A1_B1_profile.java
-rw-rw-r--   1 travis travis  1262 Apr  9 04:04 ModularCG_A1_B2_profile.java
-rw-rw-r--   1 travis travis  3492 Apr  9 04:04 ModularCodeGenTest_A1_A2.class
-rw-rw-r--   1 travis travis   904 Apr  9 04:04 ModularCodeGenTest_A1_A2.mk
-rw-rw-r--   1 travis travis  1306 Apr  9 04:04 ModularCodeGenTest_A1_A2_profile.class
-rw-rw-r--   1 travis travis  3823 Apr  9 04:04 ModularCodeGenTest_A1.class
-rw-rw-r--   1 travis travis  9968 Apr  9 04:04 ModularCodeGenTest_A1.java
-rw-rw-r--   1 travis travis   880 Apr  9 04:04 ModularCodeGenTest_A1.mk
-rw-rw-r--   1 travis travis  1352 Apr  9 04:04 ModularCodeGenTest_A1_profile.class
-rw-rw-r--   1 travis travis  1394 Apr  9 04:04 ModularCodeGenTest_A1_profile.java
drwxrwxr-x   3 travis travis 36864 Apr  9 04:04 modulation2
drwxrwxr-x   3 travis travis 20480 Apr  9 04:01 Multiplexor
drwxrwxr-x 242 travis travis 12288 Apr  9 04:04 node_modules
drwxrwxr-x   3 travis travis 20480 Apr  9 04:01 PhaseUnwrap
-rw-rw-r--   1 travis travis   520 Apr  9 04:04 Repeat$_fireFunction_Repeat_Repeat$__f_sL_0.class
-rw-rw-r--   1 travis travis   522 Apr  9 04:04 Repeat$_fireFunction_Repeat_Repeat$__f_sL_10.class
-rw-rw-r--   1 travis travis   666 Apr  9 04:04 Repeat$_fireFunction_Repeat_Repeat$__f_sL_11.class
-rw-rw-r--   1 travis travis   522 Apr  9 04:04 Repeat$_fireFunction_Repeat_Repeat$__f_sL_13.class
-rw-rw-r--   1 travis travis   665 Apr  9 04:04 Repeat$_fireFunction_Repeat_Repeat$__f_sL_1.class
-rw-rw-r--   1 travis travis   520 Apr  9 04:04 Repeat$_fireFunction_Repeat_Repeat$__f_sL_2.class
-rw-rw-r--   1 travis travis   520 Apr  9 04:04 Repeat$_fireFunction_Repeat_Repeat$__f_sL_3.class
-rw-rw-r--   1 travis travis   520 Apr  9 04:04 Repeat$_fireFunction_Repeat_Repeat$__f_sL_5.class
-rw-rw-r--   1 travis travis   671 Apr  9 04:04 Repeat$_fireFunction_Repeat_Repeat$__f_sL_7.class
-rw-rw-r--   1 travis travis   520 Apr  9 04:04 Repeat$_fireFunction_Repeat_Repeat$__f_sL_9.class
-rw-rw-r--   1 travis travis   813 Apr  9 04:04 Repeat$_initialize_Repeat.class
-rw-rw-r--   1 travis travis   475 Apr  9 04:04 Repeat$_initialize_Repeat$__i_sL_0.class
-rw-rw-r--   1 travis travis   519 Apr  9 04:04 Repeat$_initialize_Repeat$__i_sL_3.class
-rw-rw-r--   1 travis travis 39778 Apr  9 04:04 Repeat.java
-rw-rw-r--   1 travis travis  1281 Apr  9 04:04 Repeat.mk
-rw-rw-r--   1 travis travis   520 Apr  9 04:04 Repeat$_preinitializeMethod_Repeat$__p_sL_0.class
-rw-rw-r--   1 travis travis   520 Apr  9 04:04 Repeat$_preinitializeMethod_Repeat$__p_sL_1.class
-rw-rw-r--   1 travis travis  1083 Apr  9 04:04 Repeat$_Repeat$_fireFunction_Repeat_AddSubtract_Repeat.class
-rw-rw-r--   1 travis travis   791 Apr  9 04:04 Repeat$_Repeat$_fireFunction_Repeat_AddSubtract_Repeat$__f_sL_0.class
-rw-rw-r--   1 travis travis   909 Apr  9 04:04 Repeat$_Repeat$_fireFunction_Repeat_AddSubtract_Repeat$__f_sL_1.class
-rw-rw-r--   1 travis travis   915 Apr  9 04:04 Repeat$_Repeat$_fireFunction_Repeat_AddSubtract_Repeat$__f_sL_2.class
-rw-rw-r--   1 travis travis   838 Apr  9 04:04 Repeat$_Repeat$_fireFunction_Repeat_Ramp2_Repeat$__f_sL_1.class
-rw-rw-r--   1 travis travis  1785 Apr  9 04:04 Repeat$_Repeat$_fireFunction_Repeat_Test_Repeat$__f_sL_2.class
-rw-rw-r--   1 travis travis   685 Apr  9 04:04 Repeat$_Repeat_SDF_Director_run_Repeat$__R_sL_0.class
-rw-rw-r--   1 travis travis   540 Apr  9 04:04 Repeat$_Repeat_SDF_Director_run_Repeat$__R_sL_1.class
-rw-rw-r--   1 travis travis   540 Apr  9 04:04 Repeat$_Repeat_SDF_Director_run_Repeat$__R_sL_2.class
-rw-rw-r--   1 travis travis   540 Apr  9 04:04 Repeat$_Repeat_SDF_Director_run_Repeat$__R_sL_4.class
-rw-rw-r--   1 travis travis   540 Apr  9 04:04 Repeat$_Repeat_SDF_Director_run_Repeat$__R_sL_5.class
-rw-rw-r--   1 travis travis   691 Apr  9 04:04 Repeat$_Repeat_SDF_Director_run_Repeat$__R_sL_6.class
-rw-rw-r--   1 travis travis   540 Apr  9 04:04 Repeat$_Repeat_SDF_Director_run_Repeat$__R_sL_7.class
-rw-rw-r--   1 travis travis   863 Apr  9 04:04 Repeat$_varinit_Repeat.class
-rw-rw-r--   1 travis travis   530 Apr  9 04:04 Repeat$_varinit_Repeat$__v_sL_1.class
-rw-rw-r--   1 travis travis   531 Apr  9 04:04 Repeat$_varinit_Repeat$__v_sL_2.class
-rw-rw-r--   1 travis travis   905 Apr  9 04:04 Repeat$_varinit_Repeat$__v_sL_4.class
-rw-rw-r--   1 travis travis   635 Apr  9 04:04 Repeat$_wrapup_Repeat.class
-rw-rw-r--   1 travis travis   965 Apr  9 04:04 Repeat$_wrapup_Repeat$__w_sL_1.class
-rw-rw-r--   1 travis travis   289 Apr  9 03:59 result.csv
drwxrwxr-x   3 travis travis 12288 Apr  9 04:02 Scrambler1
drwxrwxr-x   3 travis travis 20480 Apr  9 04:01 Sinewave2
drwxrwxr-x   3 travis travis 69632 Apr  9 04:02 StringCompare
drwxrwxr-x   3 travis travis 32768 Apr  9 04:02 StringFunction
drwxrwxr-x   3 travis travis 12288 Apr  9 04:03 StringLength
drwxrwxr-x   3 travis travis 57344 Apr  9 04:03 StringSimpleReplace
drwxrwxr-x   3 travis travis 12288 Apr  9 04:04 time2
drwxrwxr-x   3 travis travis 12288 Apr  9 04:04 time5
-rw-rw-r--   1 travis travis   432 Apr  9 04:04 Token.class
-rw-rw-r--   1 travis travis   251 Apr  9 04:04 Token.java
-rw-rw-r--   1 travis travis     0 Apr  9 04:04 top.
-rw-rw-r--   1 travis travis 20502 Apr  9 03:59 top.c
-rw-rw-r--   1 travis travis  3567 Apr  9 04:04 top.class
-rw-rw-r--   1 travis travis   169 Apr  9 03:59 top.html
-rw-rw-r--   1 travis travis  7552 Apr  9 04:04 top.java
-rw-rw-r--   1 travis travis 38888 Apr  9 03:59 top.o
drwxrwxr-x   3 travis travis 57344 Apr  9 04:02 UnaryMathFunction
In "/home/travis/cg", about to execute:
    javac -classpath
.:/home/travis/build/icyphy/ptII:/home/travis/build/icyphy/ptII/lib/bsh-2.0b4.j
ar:/home/travis/build/icyphy/ptII/lib/ptCal.jar:/home/travis/build/icyphy/ptII/
lib/java_cup.jar:/home/travis/build/icyphy/ptII/lib/saxon8.jar:/home/travis/bui
ld/icyphy/ptII/lib/saxon8-dom.jar:/home/travis/build/icyphy/ptII/lib/chic.jar:/
home/travis/build/icyphy/ptII/lib/ptcolt.jar:/usr/lib/jvm/java-8-oracle/lib/too
ls.jar:/home/travis/build/icyphy/ptII/vendors/misc/itext/iText.jar:/home/travis
/build/icyphy/ptII/lib/g4ltl.jar:/home/travis/build/icyphy/ptII/lib/StructuralC
oder.jar:/home/travis/build/icyphy/ptII/vendors/jai-1_1_2_01/lib/jai_core.jar:/
home/travis/build/icyphy/ptII/vendors/jai-1_1_2_01/lib/jai_codec.jar:/home/trav
is/build/icyphy/ptII/lib/jcerti.jar:/home/travis/build/icyphy/ptII/lib/javax.ma
il.jar:/home/travis/build/icyphy/ptII/vendors/JMF-2.1.1e/lib/jmf.jar:/home/trav
is/build/icyphy/ptII/lib/jna-4.0.0-variadic.jar:/home/travis/build/icyphy/ptII/
vendors/misc/joystick/Joystick.jar:/home/travis/build/icyphy/ptII/lib/ptjacl.ja
r:/home/travis/build/icyphy/ptII/lib/jsoup-1.8.2.jar:/home/travis/build/icyphy/
ptII/lib/junit-4.8.2.jar:/home/travis/build/icyphy/ptII/lib/JUnitParams-0.4.0.j
ar:/home/travis/build/icyphy/ptII/ptolemy/actor/lib/excel/jxl.jar:/home/travis/
build/icyphy/ptII/lib/jython.jar:/home/travis/build/icyphy/ptII/lib/kieler.jar:
/home/travis/build/icyphy/ptII/vendors/opencv/share/OpenCV/java/opencv-341.jar:
/home/travis/build/icyphy/ptII/lib/oscP5.jar:/home/travis/build/icyphy/ptII/lib
/nrjavaserial-3.11.0.devel.jar:/home/travis/build/icyphy/ptII/vendors/j3d/lib/j
3dcore.jar:/home/travis/build/icyphy/ptII/vendors/j3d/lib/j3dutils.jar:/home/tr
avis/build/icyphy/ptII/vendors/j3d/lib/vecmath.jar:/home/travis/build/icyphy/pt
II/ptolemy/distributed/jini/jar/jini-core.jar:/home/travis/build/icyphy/ptII/pt
olemy/distributed/jini/jar/jini-ext.jar:/home/travis/build/icyphy/ptII/ptolemy/
distributed/jini/jar/sun-util.jar:/home/travis/build/icyphy/ptII/lib/protobuf-j
ava-2.4.1.jar:/home/travis/build/icyphy/ptII/lib/org.eclipse.paho.client.mqttv3
.jar:/home/travis/build/icyphy/ptII/lib/mapss.jar:/home/travis/build/icyphy/ptI
I/ptolemy/actor/ptalon/antlr/antlr.jar:/home/travis/build/icyphy/ptII/lib/JRI.j
ar:/home/travis/build/icyphy/ptII/lib/commons-lang-2.6.jar:/home/travis/build/i
cyphy/ptII/lib/commons-logging-1.1.1.jar:/home/travis/build/icyphy/ptII/lib/soo
tclasses.jar:/home/travis/build/icyphy/ptII/ptolemy/actor/lib/database/mysql-co
nnector-java-5.1.6-bin.jar:/home/travis/build/icyphy/ptII/vendors/misc/sphinx4/
sphinx4-data-5prealpha.jar:/home/travis/build/icyphy/ptII/vendors/misc/sphinx4/
sphinx4-core-5prealpha.jar:/home/travis/build/icyphy/ptII/lib/PDFRenderer.jar:/
home/travis/build/icyphy/ptII/lib/svgSalamander.jar:/home/travis/build/icyphy/p
tII/lib/rsyntaxtextarea-2.6.0-SNAPSHOT.jar:/home/travis/build/icyphy/ptII/lib/h
azelcast-3.8.2.jar:/home/travis/build/icyphy/ptII/lib/jackson-annotations-2.9.0
.jar:/home/travis/build/icyphy/ptII/lib/jackson-core-2.9.3.jar:/home/travis/bui
ld/icyphy/ptII/lib/jackson-databind-2.9.3.jar:/home/travis/build/icyphy/ptII/li
b/netty-buffer-4.1.19.Final.jar:/home/travis/build/icyphy/ptII/lib/netty-codec-
4.1.19.Final.jar:/home/travis/build/icyphy/ptII/lib/netty-codec-dns-4.1.19.Fina
l.jar:/home/travis/build/icyphy/ptII/lib/netty-codec-http-4.1.19.Final.jar:/hom
e/travis/build/icyphy/ptII/lib/netty-codec-http2-4.1.19.Final.jar:/home/travis/
build/icyphy/ptII/lib/netty-common-4.1.19.Final.jar:/home/travis/build/icyphy/p
tII/lib/netty-handler-4.1.19.Final.jar:/home/travis/build/icyphy/ptII/lib/netty
-resolver-4.1.19.Final.jar:/home/travis/build/icyphy/ptII/lib/netty-resolver-dn
s-4.1.19.Final.jar:/home/travis/build/icyphy/ptII/lib/netty-transport-4.1.19.Fi
nal.jar:/home/travis/build/icyphy/ptII/lib/vertx-codegen-3.5.1.jar:/home/travis
/build/icyphy/ptII/lib/vertx-core-3.5.2-SNAPSHOT.jar:/home/travis/build/icyphy/
ptII/lib/vertx-hazelcast-3.5.1.jar:/home/travis/build/icyphy/ptII/lib/vertx-lan
g-js-3.5.1.jar:/home/travis/build/icyphy/ptII/lib/vertx-service-proxy-3.5.1.jar
:/home/travis/build/icyphy/ptII/lib/vertx-web-3.5.1.jar:/home/travis/build/icyp
hy/ptII/lib/slf4j-api-1.7.13.jar:/home/travis/build/icyphy/ptII/lib/slf4j-simpl
e-1.7.13.jar:/home/travis/build/icyphy/ptII/lib/webcam-capture-0.3.12.jar:/home
/travis/build/icyphy/ptII/lib/bridj-0.7.0.jar:/home/travis/build/icyphy/ptII/li
b/xbjlib-1.1.0.nrjavaserial.jar:/home/travis/build/icyphy/ptII/ptolemy/moml/tes
t:/home/travis/build/icyphy/ptII/ant/lib/ant-launcher.jar:/home/travis/build/ic
yphy/ptII/ant/lib/ant.jar:/home/travis/build/icyphy/ptII/ant/lib/ant-junit.jar:
/home/travis/build/icyphy/ptII/ant/lib/ant-junit4.jar:/home/travis/build/icyphy
/ptII ModularCG_A1_B2_profile.java
All Done
Writing ModularCG_A1_B2.java in file:/home/travis/cg/ (9730 characters)
Reading "ptolemy/cg/kernel/generic/program/procedural/java/modular/makefile.in",
    writing "/home/travis/cg/ModularCG_A1_B2.mk"
Using ptolemy/cg/kernel/generic/program/procedural/java/modular/makefile.in
In "/home/travis/cg", about to execute:
    make -f ModularCG_A1_B2.mk
javac -classpath ".:.."    ModularCG_A1_B2.java
All Done
In "/home/travis/cg", about to execute:
    pwd
In "/home/travis/cg", about to execute:
    ls -l
/home/travis/cg
total 1088
drwxrwxr-x   3 travis travis 12288 Apr  9 04:00 AbsoluteValue
drwxrwxr-x   3 travis travis 16384 Apr  9 04:00 Case1
drwxrwxr-x   3 travis travis 32768 Apr  9 04:00 Case2
-rw-rw-r--   1 travis travis  4895 Apr  9 04:04 CompiledCompositeActor_CompiledCompositeActor.class
-rw-rw-r--   1 travis travis  1592 Apr  9 04:04 CompiledCompositeActor_CompiledCompositeActor$_CompiledCompositeActor_CompiledCompositeActor.class
-rw-rw-r--   1 travis travis 13466 Apr  9 04:04 CompiledCompositeActor_CompiledCompositeActor.java
-rw-rw-r--   1 travis travis  1593 Apr  9 04:04 CompiledCompositeActor_CompiledCompositeActor.mk
drwxrwxr-x   3 travis travis 24576 Apr  9 04:02 DeScrambler
drwxrwxr-x   3 travis travis 16384 Apr  9 04:04 DotProduct
drwxrwxr-x   3 travis travis 12288 Apr  9 04:00 FileWriter1
drwxrwxr-x   3 travis travis 20480 Apr  9 04:00 FixToDoubleAndBack
drwxrwxr-x   3 travis travis 16384 Apr  9 04:00 Gaussian1
drwxrwxr-x   3 travis travis 20480 Apr  9 04:00 Gaussian2
-rw-rw-r--   1 travis travis  4457 Apr  9 04:04 JavaCompiledCompositeTest1_CompiledCompositeActor.class
-rw-rw-r--   1 travis travis 11637 Apr  9 04:04 JavaCompiledCompositeTest1_CompiledCompositeActor.java
-rw-rw-r--   1 travis travis  1198 Apr  9 04:04 JavaCompiledCompositeTest1_CompiledCompositeActor$_JavaCompiledCompositeTest1_CompiledCompositeActor.class
-rw-rw-r--   1 travis travis  1625 Apr  9 04:04 JavaCompiledCompositeTest1_CompiledCompositeActor.mk
-rw-rw-r--   1 travis travis  4888 Apr  9 04:04 JavaCompiledCompositeTest2_CompiledCompositeActor.class
-rw-rw-r--   1 travis travis 14919 Apr  9 04:04 JavaCompiledCompositeTest2_CompiledCompositeActor.java
-rw-rw-r--   1 travis travis  1793 Apr  9 04:04 JavaCompiledCompositeTest2_CompiledCompositeActor$_JavaCompiledCompositeTest2_CompiledCompositeActor.class
-rw-rw-r--   1 travis travis  1625 Apr  9 04:04 JavaCompiledCompositeTest2_CompiledCompositeActor.mk
-rw-rw-r--   1 travis travis  4505 Apr  9 04:04 JavaCompiledCompositeTest3_CompiledCompositeActor.class
-rw-rw-r--   1 travis travis 13080 Apr  9 04:04 JavaCompiledCompositeTest3_CompiledCompositeActor.java
-rw-rw-r--   1 travis travis  1378 Apr  9 04:04 JavaCompiledCompositeTest3_CompiledCompositeActor$_JavaCompiledCompositeTest3_CompiledCompositeActor.class
-rw-rw-r--   1 travis travis  1625 Apr  9 04:04 JavaCompiledCompositeTest3_CompiledCompositeActor.mk
-rw-rw-r--   1 travis travis  3953 Apr  9 04:04 JavaCompiledCompositeTest4_CompiledCompositeActor.class
-rw-rw-r--   1 travis travis  9687 Apr  9 04:04 JavaCompiledCompositeTest4_CompiledCompositeActor.java
-rw-rw-r--   1 travis travis   857 Apr  9 04:04 JavaCompiledCompositeTest4_CompiledCompositeActor$_JavaCompiledCompositeTest4_CompiledCompositeActor.class
-rw-rw-r--   1 travis travis  1625 Apr  9 04:04 JavaCompiledCompositeTest4_CompiledCompositeActor.mk
drwxrwxr-x   3 travis travis 12288 Apr  9 04:01 LookupTable
drwxrwxr-x   3 travis travis 20480 Apr  9 04:01 MaxIndex
-rw-rw-r--   1 travis travis  3693 Apr  9 04:04 ModularCG_A1_B1.class
-rw-rw-r--   1 travis travis  9730 Apr  9 04:04 ModularCG_A1_B1.java
-rw-rw-r--   1 travis travis   832 Apr  9 04:04 ModularCG_A1_B1.mk
-rw-rw-r--   1 travis travis  1318 Apr  9 04:04 ModularCG_A1_B1_profile.class
-rw-rw-r--   1 travis travis  1262 Apr  9 04:04 ModularCG_A1_B1_profile.java
-rw-rw-r--   1 travis travis  3693 Apr  9 04:04 ModularCG_A1_B2.class
-rw-rw-r--   1 travis travis  9730 Apr  9 04:04 ModularCG_A1_B2.java
-rw-rw-r--   1 travis travis   832 Apr  9 04:04 ModularCG_A1_B2.mk
-rw-rw-r--   1 travis travis  1318 Apr  9 04:04 ModularCG_A1_B2_profile.class
-rw-rw-r--   1 travis travis  1262 Apr  9 04:04 ModularCG_A1_B2_profile.java
-rw-rw-r--   1 travis travis  1704 Apr  9 04:04 ModularCG_A1_profile.java
-rw-rw-r--   1 travis travis  3492 Apr  9 04:04 ModularCodeGenTest_A1_A2.class
-rw-rw-r--   1 travis travis   904 Apr  9 04:04 ModularCodeGenTest_A1_A2.mk
-rw-rw-r--   1 travis travis  1306 Apr  9 04:04 ModularCodeGenTest_A1_A2_profile.class
-rw-rw-r--   1 travis travis  3823 Apr  9 04:04 ModularCodeGenTest_A1.class
-rw-rw-r--   1 travis travis  9968 Apr  9 04:04 ModularCodeGenTest_A1.java
-rw-rw-r--   1 travis travis   880 Apr  9 04:04 ModularCodeGenTest_A1.mk
-rw-rw-r--   1 travis travis  1352 Apr  9 04:04 ModularCodeGenTest_A1_profile.class
-rw-rw-r--   1 travis travis  1394 Apr  9 04:04 ModularCodeGenTest_A1_profile.java
drwxrwxr-x   3 travis travis 36864 Apr  9 04:04 modulation2
drwxrwxr-x   3 travis travis 20480 Apr  9 04:01 Multiplexor
drwxrwxr-x 242 travis travis 12288 Apr  9 04:04 node_modules
drwxrwxr-x   3 travis travis 20480 Apr  9 04:01 PhaseUnwrap
-rw-rw-r--   1 travis travis   520 Apr  9 04:04 Repeat$_fireFunction_Repeat_Repeat$__f_sL_0.class
-rw-rw-r--   1 travis travis   522 Apr  9 04:04 Repeat$_fireFunction_Repeat_Repeat$__f_sL_10.class
-rw-rw-r--   1 travis travis   666 Apr  9 04:04 Repeat$_fireFunction_Repeat_Repeat$__f_sL_11.class
-rw-rw-r--   1 travis travis   522 Apr  9 04:04 Repeat$_fireFunction_Repeat_Repeat$__f_sL_13.class
-rw-rw-r--   1 travis travis   665 Apr  9 04:04 Repeat$_fireFunction_Repeat_Repeat$__f_sL_1.class
-rw-rw-r--   1 travis travis   520 Apr  9 04:04 Repeat$_fireFunction_Repeat_Repeat$__f_sL_2.class
-rw-rw-r--   1 travis travis   520 Apr  9 04:04 Repeat$_fireFunction_Repeat_Repeat$__f_sL_3.class
-rw-rw-r--   1 travis travis   520 Apr  9 04:04 Repeat$_fireFunction_Repeat_Repeat$__f_sL_5.class
-rw-rw-r--   1 travis travis   671 Apr  9 04:04 Repeat$_fireFunction_Repeat_Repeat$__f_sL_7.class
-rw-rw-r--   1 travis travis   520 Apr  9 04:04 Repeat$_fireFunction_Repeat_Repeat$__f_sL_9.class
-rw-rw-r--   1 travis travis   813 Apr  9 04:04 Repeat$_initialize_Repeat.class
-rw-rw-r--   1 travis travis   475 Apr  9 04:04 Repeat$_initialize_Repeat$__i_sL_0.class
-rw-rw-r--   1 travis travis   519 Apr  9 04:04 Repeat$_initialize_Repeat$__i_sL_3.class
-rw-rw-r--   1 travis travis 39778 Apr  9 04:04 Repeat.java
-rw-rw-r--   1 travis travis  1281 Apr  9 04:04 Repeat.mk
-rw-rw-r--   1 travis travis   520 Apr  9 04:04 Repeat$_preinitializeMethod_Repeat$__p_sL_0.class
-rw-rw-r--   1 travis travis   520 Apr  9 04:04 Repeat$_preinitializeMethod_Repeat$__p_sL_1.class
-rw-rw-r--   1 travis travis  1083 Apr  9 04:04 Repeat$_Repeat$_fireFunction_Repeat_AddSubtract_Repeat.class
-rw-rw-r--   1 travis travis   791 Apr  9 04:04 Repeat$_Repeat$_fireFunction_Repeat_AddSubtract_Repeat$__f_sL_0.class
-rw-rw-r--   1 travis travis   909 Apr  9 04:04 Repeat$_Repeat$_fireFunction_Repeat_AddSubtract_Repeat$__f_sL_1.class
-rw-rw-r--   1 travis travis   915 Apr  9 04:04 Repeat$_Repeat$_fireFunction_Repeat_AddSubtract_Repeat$__f_sL_2.class
-rw-rw-r--   1 travis travis   838 Apr  9 04:04 Repeat$_Repeat$_fireFunction_Repeat_Ramp2_Repeat$__f_sL_1.class
-rw-rw-r--   1 travis travis  1785 Apr  9 04:04 Repeat$_Repeat$_fireFunction_Repeat_Test_Repeat$__f_sL_2.class
-rw-rw-r--   1 travis travis   685 Apr  9 04:04 Repeat$_Repeat_SDF_Director_run_Repeat$__R_sL_0.class
-rw-rw-r--   1 travis travis   540 Apr  9 04:04 Repeat$_Repeat_SDF_Director_run_Repeat$__R_sL_1.class
-rw-rw-r--   1 travis travis   540 Apr  9 04:04 Repeat$_Repeat_SDF_Director_run_Repeat$__R_sL_2.class
-rw-rw-r--   1 travis travis   540 Apr  9 04:04 Repeat$_Repeat_SDF_Director_run_Repeat$__R_sL_4.class
-rw-rw-r--   1 travis travis   540 Apr  9 04:04 Repeat$_Repeat_SDF_Director_run_Repeat$__R_sL_5.class
-rw-rw-r--   1 travis travis   691 Apr  9 04:04 Repeat$_Repeat_SDF_Director_run_Repeat$__R_sL_6.class
-rw-rw-r--   1 travis travis   540 Apr  9 04:04 Repeat$_Repeat_SDF_Director_run_Repeat$__R_sL_7.class
-rw-rw-r--   1 travis travis   863 Apr  9 04:04 Repeat$_varinit_Repeat.class
-rw-rw-r--   1 travis travis   530 Apr  9 04:04 Repeat$_varinit_Repeat$__v_sL_1.class
-rw-rw-r--   1 travis travis   531 Apr  9 04:04 Repeat$_varinit_Repeat$__v_sL_2.class
-rw-rw-r--   1 travis travis   905 Apr  9 04:04 Repeat$_varinit_Repeat$__v_sL_4.class
-rw-rw-r--   1 travis travis   635 Apr  9 04:04 Repeat$_wrapup_Repeat.class
-rw-rw-r--   1 travis travis   965 Apr  9 04:04 Repeat$_wrapup_Repeat$__w_sL_1.class
-rw-rw-r--   1 travis travis   289 Apr  9 03:59 result.csv
drwxrwxr-x   3 travis travis 12288 Apr  9 04:02 Scrambler1
drwxrwxr-x   3 travis travis 20480 Apr  9 04:01 Sinewave2
drwxrwxr-x   3 travis travis 69632 Apr  9 04:02 StringCompare
drwxrwxr-x   3 travis travis 32768 Apr  9 04:02 StringFunction
drwxrwxr-x   3 travis travis 12288 Apr  9 04:03 StringLength
drwxrwxr-x   3 travis travis 57344 Apr  9 04:03 StringSimpleReplace
drwxrwxr-x   3 travis travis 12288 Apr  9 04:04 time2
drwxrwxr-x   3 travis travis 12288 Apr  9 04:04 time5
-rw-rw-r--   1 travis travis   432 Apr  9 04:04 Token.class
-rw-rw-r--   1 travis travis   251 Apr  9 04:04 Token.java
-rw-rw-r--   1 travis travis     0 Apr  9 04:04 top.
In "/home/travis/cg", about to execute:
-rw-rw-r--   1 travis travis 20502 Apr  9 03:59 top.c
-rw-rw-r--   1 travis travis  3567 Apr  9 04:04 top.class
-rw-rw-r--   1 travis travis   169 Apr  9 03:59 top.html
-rw-rw-r--   1 travis travis  7552 Apr  9 04:04 top.java
-rw-rw-r--   1 travis travis 38888 Apr  9 03:59 top.o
drwxrwxr-x   3 travis travis 57344 Apr  9 04:02 UnaryMathFunction
    javac -classpath
.:/home/travis/build/icyphy/ptII:/home/travis/build/icyphy/ptII/lib/bsh-2.0b4.j
ar:/home/travis/build/icyphy/ptII/lib/ptCal.jar:/home/travis/build/icyphy/ptII/
lib/java_cup.jar:/home/travis/build/icyphy/ptII/lib/saxon8.jar:/home/travis/bui
ld/icyphy/ptII/lib/saxon8-dom.jar:/home/travis/build/icyphy/ptII/lib/chic.jar:/
home/travis/build/icyphy/ptII/lib/ptcolt.jar:/usr/lib/jvm/java-8-oracle/lib/too
ls.jar:/home/travis/build/icyphy/ptII/vendors/misc/itext/iText.jar:/home/travis
/build/icyphy/ptII/lib/g4ltl.jar:/home/travis/build/icyphy/ptII/lib/StructuralC
oder.jar:/home/travis/build/icyphy/ptII/vendors/jai-1_1_2_01/lib/jai_core.jar:/
home/travis/build/icyphy/ptII/vendors/jai-1_1_2_01/lib/jai_codec.jar:/home/trav
is/build/icyphy/ptII/lib/jcerti.jar:/home/travis/build/icyphy/ptII/lib/javax.ma
il.jar:/home/travis/build/icyphy/ptII/vendors/JMF-2.1.1e/lib/jmf.jar:/home/trav
is/build/icyphy/ptII/lib/jna-4.0.0-variadic.jar:/home/travis/build/icyphy/ptII/
vendors/misc/joystick/Joystick.jar:/home/travis/build/icyphy/ptII/lib/ptjacl.ja
r:/home/travis/build/icyphy/ptII/lib/jsoup-1.8.2.jar:/home/travis/build/icyphy/
ptII/lib/junit-4.8.2.jar:/home/travis/build/icyphy/ptII/lib/JUnitParams-0.4.0.j
ar:/home/travis/build/icyphy/ptII/ptolemy/actor/lib/excel/jxl.jar:/home/travis/
build/icyphy/ptII/lib/jython.jar:/home/travis/build/icyphy/ptII/lib/kieler.jar:
/home/travis/build/icyphy/ptII/vendors/opencv/share/OpenCV/java/opencv-341.jar:
/home/travis/build/icyphy/ptII/lib/oscP5.jar:/home/travis/build/icyphy/ptII/lib
/nrjavaserial-3.11.0.devel.jar:/home/travis/build/icyphy/ptII/vendors/j3d/lib/j
3dcore.jar:/home/travis/build/icyphy/ptII/vendors/j3d/lib/j3dutils.jar:/home/tr
avis/build/icyphy/ptII/vendors/j3d/lib/vecmath.jar:/home/travis/build/icyphy/pt
II/ptolemy/distributed/jini/jar/jini-core.jar:/home/travis/build/icyphy/ptII/pt
olemy/distributed/jini/jar/jini-ext.jar:/home/travis/build/icyphy/ptII/ptolemy/
distributed/jini/jar/sun-util.jar:/home/travis/build/icyphy/ptII/lib/protobuf-j
ava-2.4.1.jar:/home/travis/build/icyphy/ptII/lib/org.eclipse.paho.client.mqttv3
.jar:/home/travis/build/icyphy/ptII/lib/mapss.jar:/home/travis/build/icyphy/ptI
I/ptolemy/actor/ptalon/antlr/antlr.jar:/home/travis/build/icyphy/ptII/lib/JRI.j
ar:/home/travis/build/icyphy/ptII/lib/commons-lang-2.6.jar:/home/travis/build/i
cyphy/ptII/lib/commons-logging-1.1.1.jar:/home/travis/build/icyphy/ptII/lib/soo
tclasses.jar:/home/travis/build/icyphy/ptII/ptolemy/actor/lib/database/mysql-co
nnector-java-5.1.6-bin.jar:/home/travis/build/icyphy/ptII/vendors/misc/sphinx4/
sphinx4-data-5prealpha.jar:/home/travis/build/icyphy/ptII/vendors/misc/sphinx4/
sphinx4-core-5prealpha.jar:/home/travis/build/icyphy/ptII/lib/PDFRenderer.jar:/
home/travis/build/icyphy/ptII/lib/svgSalamander.jar:/home/travis/build/icyphy/p
tII/lib/rsyntaxtextarea-2.6.0-SNAPSHOT.jar:/home/travis/build/icyphy/ptII/lib/h
azelcast-3.8.2.jar:/home/travis/build/icyphy/ptII/lib/jackson-annotations-2.9.0
.jar:/home/travis/build/icyphy/ptII/lib/jackson-core-2.9.3.jar:/home/travis/bui
ld/icyphy/ptII/lib/jackson-databind-2.9.3.jar:/home/travis/build/icyphy/ptII/li
b/netty-buffer-4.1.19.Final.jar:/home/travis/build/icyphy/ptII/lib/netty-codec-
4.1.19.Final.jar:/home/travis/build/icyphy/ptII/lib/netty-codec-dns-4.1.19.Fina
l.jar:/home/travis/build/icyphy/ptII/lib/netty-codec-http-4.1.19.Final.jar:/hom
e/travis/build/icyphy/ptII/lib/netty-codec-http2-4.1.19.Final.jar:/home/travis/
build/icyphy/ptII/lib/netty-common-4.1.19.Final.jar:/home/travis/build/icyphy/p
tII/lib/netty-handler-4.1.19.Final.jar:/home/travis/build/icyphy/ptII/lib/netty
-resolver-4.1.19.Final.jar:/home/travis/build/icyphy/ptII/lib/netty-resolver-dn
s-4.1.19.Final.jar:/home/travis/build/icyphy/ptII/lib/netty-transport-4.1.19.Fi
nal.jar:/home/travis/build/icyphy/ptII/lib/vertx-codegen-3.5.1.jar:/home/travis
/build/icyphy/ptII/lib/vertx-core-3.5.2-SNAPSHOT.jar:/home/travis/build/icyphy/
ptII/lib/vertx-hazelcast-3.5.1.jar:/home/travis/build/icyphy/ptII/lib/vertx-lan
g-js-3.5.1.jar:/home/travis/build/icyphy/ptII/lib/vertx-service-proxy-3.5.1.jar
:/home/travis/build/icyphy/ptII/lib/vertx-web-3.5.1.jar:/home/travis/build/icyp
hy/ptII/lib/slf4j-api-1.7.13.jar:/home/travis/build/icyphy/ptII/lib/slf4j-simpl
e-1.7.13.jar:/home/travis/build/icyphy/ptII/lib/webcam-capture-0.3.12.jar:/home
/travis/build/icyphy/ptII/lib/bridj-0.7.0.jar:/home/travis/build/icyphy/ptII/li
b/xbjlib-1.1.0.nrjavaserial.jar:/home/travis/build/icyphy/ptII/ptolemy/moml/tes
t:/home/travis/build/icyphy/ptII/ant/lib/ant-launcher.jar:/home/travis/build/ic
yphy/ptII/ant/lib/ant.jar:/home/travis/build/icyphy/ptII/ant/lib/ant-junit.jar:
/home/travis/build/icyphy/ptII/ant/lib/ant-junit4.jar:/home/travis/build/icyphy
/ptII ModularCG_A1_profile.java
All Done
Writing ModularCG_A1.java in file:/home/travis/cg/ (14742 characters)
Reading "ptolemy/cg/kernel/generic/program/procedural/java/modular/makefile.in",
    writing "/home/travis/cg/ModularCG_A1.mk"
Using ptolemy/cg/kernel/generic/program/procedural/java/modular/makefile.in
In "/home/travis/cg", about to execute:
    make -f ModularCG_A1.mk
javac -classpath ".:.."    ModularCG_A1.java
All Done
In "/home/travis/cg", about to execute:
    pwd
/home/travis/cg
In "/home/travis/cg", about to execute:
    ls -l
total 1124
drwxrwxr-x   3 travis travis 12288 Apr  9 04:00 AbsoluteValue
drwxrwxr-x   3 travis travis 16384 Apr  9 04:00 Case1
drwxrwxr-x   3 travis travis 32768 Apr  9 04:00 Case2
-rw-rw-r--   1 travis travis  4895 Apr  9 04:04 CompiledCompositeActor_CompiledCompositeActor.class
-rw-rw-r--   1 travis travis  1592 Apr  9 04:04 CompiledCompositeActor_CompiledCompositeActor$_CompiledCompositeActor_CompiledCompositeActor.class
-rw-rw-r--   1 travis travis 13466 Apr  9 04:04 CompiledCompositeActor_CompiledCompositeActor.java
-rw-rw-r--   1 travis travis  1593 Apr  9 04:04 CompiledCompositeActor_CompiledCompositeActor.mk
drwxrwxr-x   3 travis travis 24576 Apr  9 04:02 DeScrambler
drwxrwxr-x   3 travis travis 16384 Apr  9 04:04 DotProduct
drwxrwxr-x   3 travis travis 12288 Apr  9 04:00 FileWriter1
drwxrwxr-x   3 travis travis 20480 Apr  9 04:00 FixToDoubleAndBack
drwxrwxr-x   3 travis travis 16384 Apr  9 04:00 Gaussian1
drwxrwxr-x   3 travis travis 20480 Apr  9 04:00 Gaussian2
In "/home/travis/cg", about to execute:
    javac -classpath
.:/home/travis/build/icyphy/ptII:/home/travis/build/icyphy/ptII/lib/bsh-2.0b4.j
ar:/home/travis/build/icyphy/ptII/lib/ptCal.jar:/home/travis/build/icyphy/ptII/
lib/java_cup.jar:/home/travis/build/icyphy/ptII/lib/saxon8.jar:/home/travis/bui
ld/icyphy/ptII/lib/saxon8-dom.jar:/home/travis/build/icyphy/ptII/lib/chic.jar:/
home/travis/build/icyphy/ptII/lib/ptcolt.jar:/usr/lib/jvm/java-8-oracle/lib/too
ls.jar:/home/travis/build/icyphy/ptII/vendors/misc/itext/iText.jar:/home/travis
/build/icyphy/ptII/lib/g4ltl.jar:/home/travis/build/icyphy/ptII/lib/StructuralC
oder.jar:/home/travis/build/icyphy/ptII/vendors/jai-1_1_2_01/lib/jai_core.jar:/
home/travis/build/icyphy/ptII/vendors/jai-1_1_2_01/lib/jai_codec.jar:/home/trav
is/build/icyphy/ptII/lib/jcerti.jar:/home/travis/build/icyphy/ptII/lib/javax.ma
il.jar:/home/travis/build/icyphy/ptII/vendors/JMF-2.1.1e/lib/jmf.jar:/home/trav
is/build/icyphy/ptII/lib/jna-4.0.0-variadic.jar:/home/travis/build/icyphy/ptII/
vendors/misc/joystick/Joystick.jar:/home/travis/build/icyphy/ptII/lib/ptjacl.ja
r:/home/travis/build/icyphy/ptII/lib/jsoup-1.8.2.jar:/home/travis/build/icyphy/
ptII/lib/junit-4.8.2.jar:/home/travis/build/icyphy/ptII/lib/JUnitParams-0.4.0.j
ar:/home/travis/build/icyphy/ptII/ptolemy/actor/lib/excel/jxl.jar:/home/travis/
build/icyphy/ptII/lib/jython.jar:/home/travis/build/icyphy/ptII/lib/kieler.jar:
/home/travis/build/icyphy/ptII/vendors/opencv/share/OpenCV/java/opencv-341.jar:
/home/travis/build/icyphy/ptII/lib/oscP5.jar:/home/travis/build/icyphy/ptII/lib
/nrjavaserial-3.11.0.devel.jar:/home/travis/build/icyphy/ptII/vendors/j3d/lib/j
3dcore.jar:/home/travis/build/icyphy/ptII/vendors/j3d/lib/j3dutils.jar:/home/tr
avis/build/icyphy/ptII/vendors/j3d/lib/vecmath.jar:/home/travis/build/icyphy/pt
II/ptolemy/distributed/jini/jar/jini-core.jar:/home/travis/build/icyphy/ptII/pt
olemy/distributed/jini/jar/jini-ext.jar:/home/travis/build/icyphy/ptII/ptolemy/
distributed/jini/jar/sun-util.jar:/home/travis/build/icyphy/ptII/lib/protobuf-j
ava-2.4.1.jar:/home/travis/build/icyphy/ptII/lib/org.eclipse.paho.client.mqttv3
.jar:/home/travis/build/icyphy/ptII/lib/mapss.jar:/home/travis/build/icyphy/ptI
I/ptolemy/actor/ptalon/antlr/antlr.jar:/home/travis/build/icyphy/ptII/lib/JRI.j
ar:/home/travis/build/icyphy/ptII/lib/commons-lang-2.6.jar:/home/travis/build/i
cyphy/ptII/lib/commons-logging-1.1.1.jar:/home/travis/build/icyphy/ptII/lib/soo
tclasses.jar:/home/travis/build/icyphy/ptII/ptolemy/actor/lib/database/mysql-co
nnector-java-5.1.6-bin.jar:/home/travis/build/icyphy/ptII/vendors/misc/sphinx4/
sphinx4-data-5prealpha.jar:/home/travis/build/icyphy/ptII/vendors/misc/sphinx4/
sphinx4-core-5prealpha.jar:/home/travis/build/icyphy/ptII/lib/PDFRenderer.jar:/
home/travis/build/icyphy/ptII/lib/svgSalamander.jar:/home/travis/build/icyphy/p
tII/lib/rsyntaxtextarea-2.6.0-SNAPSHOT.jar:/home/travis/build/icyphy/ptII/lib/h
azelcast-3.8.2.jar:/home/travis/build/icyphy/ptII/lib/jackson-annotations-2.9.0
.jar:/home/travis/build/icyphy/ptII/lib/jackson-core-2.9.3.jar:/home/travis/bui
ld/icyphy/ptII/lib/jackson-databind-2.9.3.jar:/home/travis/build/icyphy/ptII/li
b/netty-buffer-4.1.19.Final.jar:/home/travis/build/icyphy/ptII/lib/netty-codec-
4.1.19.Final.jar:/home/travis/build/icyphy/ptII/lib/netty-codec-dns-4.1.19.Fina
l.jar:/home/travis/build/icyphy/ptII/lib/netty-codec-http-4.1.19.Final.jar:/hom
e/travis/build/icyphy/ptII/lib/netty-codec-http2-4.1.19.Final.jar:/home/travis/
build/icyphy/ptII/lib/netty-common-4.1.19.Final.jar:/home/travis/build/icyphy/p
tII/lib/netty-handler-4.1.19.Final.jar:/home/travis/build/icyphy/ptII/lib/netty
-resolver-4.1.19.Final.jar:/home/travis/build/icyphy/ptII/lib/netty-resolver-dn
s-4.1.19.Final.jar:/home/travis/build/icyphy/ptII/lib/netty-transport-4.1.19.Fi
nal.jar:/home/travis/build/icyphy/ptII/lib/vertx-codegen-3.5.1.jar:/home/travis
/build/icyphy/ptII/lib/vertx-core-3.5.2-SNAPSHOT.jar:/home/travis/build/icyphy/
ptII/lib/vertx-hazelcast-3.5.1.jar:/home/travis/build/icyphy/ptII/lib/vertx-lan
g-js-3.5.1.jar:/home/travis/build/icyphy/ptII/lib/vertx-service-proxy-3.5.1.jar
:/home/travis/build/icyphy/ptII/lib/vertx-web-3.5.1.jar:/home/travis/build/icyp
hy/ptII/lib/slf4j-api-1.7.13.jar:/home/travis/build/icyphy/ptII/lib/slf4j-simpl
e-1.7.13.jar:/home/travis/build/icyphy/ptII/lib/webcam-capture-0.3.12.jar:/home
/travis/build/icyphy/ptII/lib/bridj-0.7.0.jar:/home/travis/build/icyphy/ptII/li
b/xbjlib-1.1.0.nrjavaserial.jar:/home/travis/build/icyphy/ptII/ptolemy/moml/tes
t:/home/travis/build/icyphy/ptII/ant/lib/ant-launcher.jar:/home/travis/build/ic
yphy/ptII/ant/lib/ant.jar:/home/travis/build/icyphy/ptII/ant/lib/ant-junit.jar:
/home/travis/build/icyphy/ptII/ant/lib/ant-junit4.jar:/home/travis/build/icyphy
/ptII ModularCG_A2_B1_profile.java
-rw-rw-r--   1 travis travis  4457 Apr  9 04:04 JavaCompiledCompositeTest1_CompiledCompositeActor.class
-rw-rw-r--   1 travis travis 11637 Apr  9 04:04 JavaCompiledCompositeTest1_CompiledCompositeActor.java
-rw-rw-r--   1 travis travis  1198 Apr  9 04:04 JavaCompiledCompositeTest1_CompiledCompositeActor$_JavaCompiledCompositeTest1_CompiledCompositeActor.class
-rw-rw-r--   1 travis travis  1625 Apr  9 04:04 JavaCompiledCompositeTest1_CompiledCompositeActor.mk
-rw-rw-r--   1 travis travis  4888 Apr  9 04:04 JavaCompiledCompositeTest2_CompiledCompositeActor.class
-rw-rw-r--   1 travis travis 14919 Apr  9 04:04 JavaCompiledCompositeTest2_CompiledCompositeActor.java
-rw-rw-r--   1 travis travis  1793 Apr  9 04:04 JavaCompiledCompositeTest2_CompiledCompositeActor$_JavaCompiledCompositeTest2_CompiledCompositeActor.class
-rw-rw-r--   1 travis travis  1625 Apr  9 04:04 JavaCompiledCompositeTest2_CompiledCompositeActor.mk
-rw-rw-r--   1 travis travis  4505 Apr  9 04:04 JavaCompiledCompositeTest3_CompiledCompositeActor.class
-rw-rw-r--   1 travis travis 13080 Apr  9 04:04 JavaCompiledCompositeTest3_CompiledCompositeActor.java
-rw-rw-r--   1 travis travis  1378 Apr  9 04:04 JavaCompiledCompositeTest3_CompiledCompositeActor$_JavaCompiledCompositeTest3_CompiledCompositeActor.class
-rw-rw-r--   1 travis travis  1625 Apr  9 04:04 JavaCompiledCompositeTest3_CompiledCompositeActor.mk
-rw-rw-r--   1 travis travis  3953 Apr  9 04:04 JavaCompiledCompositeTest4_CompiledCompositeActor.class
-rw-rw-r--   1 travis travis  9687 Apr  9 04:04 JavaCompiledCompositeTest4_CompiledCompositeActor.java
-rw-rw-r--   1 travis travis   857 Apr  9 04:04 JavaCompiledCompositeTest4_CompiledCompositeActor$_JavaCompiledCompositeTest4_CompiledCompositeActor.class
-rw-rw-r--   1 travis travis  1625 Apr  9 04:04 JavaCompiledCompositeTest4_CompiledCompositeActor.mk
drwxrwxr-x   3 travis travis 12288 Apr  9 04:01 LookupTable
drwxrwxr-x   3 travis travis 20480 Apr  9 04:01 MaxIndex
-rw-rw-r--   1 travis travis  3693 Apr  9 04:04 ModularCG_A1_B1.class
-rw-rw-r--   1 travis travis  9730 Apr  9 04:04 ModularCG_A1_B1.java
-rw-rw-r--   1 travis travis   832 Apr  9 04:04 ModularCG_A1_B1.mk
-rw-rw-r--   1 travis travis  1318 Apr  9 04:04 ModularCG_A1_B1_profile.class
-rw-rw-r--   1 travis travis  1262 Apr  9 04:04 ModularCG_A1_B1_profile.java
-rw-rw-r--   1 travis travis  3693 Apr  9 04:04 ModularCG_A1_B2.class
-rw-rw-r--   1 travis travis  9730 Apr  9 04:04 ModularCG_A1_B2.java
-rw-rw-r--   1 travis travis   832 Apr  9 04:04 ModularCG_A1_B2.mk
-rw-rw-r--   1 travis travis  1318 Apr  9 04:04 ModularCG_A1_B2_profile.class
-rw-rw-r--   1 travis travis  1262 Apr  9 04:04 ModularCG_A1_B2_profile.java
-rw-rw-r--   1 travis travis  4799 Apr  9 04:04 ModularCG_A1.class
-rw-rw-r--   1 travis travis 14742 Apr  9 04:04 ModularCG_A1.java
-rw-rw-r--   1 travis travis   808 Apr  9 04:04 ModularCG_A1.mk
-rw-rw-r--   1 travis travis  1433 Apr  9 04:04 ModularCG_A1_profile.class
-rw-rw-r--   1 travis travis  1704 Apr  9 04:04 ModularCG_A1_profile.java
-rw-rw-r--   1 travis travis  1446 Apr  9 04:04 ModularCG_A2_B1_profile.java
-rw-rw-r--   1 travis travis  3492 Apr  9 04:04 ModularCodeGenTest_A1_A2.class
-rw-rw-r--   1 travis travis   904 Apr  9 04:04 ModularCodeGenTest_A1_A2.mk
-rw-rw-r--   1 travis travis  1306 Apr  9 04:04 ModularCodeGenTest_A1_A2_profile.class
-rw-rw-r--   1 travis travis  3823 Apr  9 04:04 ModularCodeGenTest_A1.class
-rw-rw-r--   1 travis travis  9968 Apr  9 04:04 ModularCodeGenTest_A1.java
-rw-rw-r--   1 travis travis   880 Apr  9 04:04 ModularCodeGenTest_A1.mk
-rw-rw-r--   1 travis travis  1352 Apr  9 04:04 ModularCodeGenTest_A1_profile.class
-rw-rw-r--   1 travis travis  1394 Apr  9 04:04 ModularCodeGenTest_A1_profile.java
drwxrwxr-x   3 travis travis 36864 Apr  9 04:04 modulation2
drwxrwxr-x   3 travis travis 20480 Apr  9 04:01 Multiplexor
drwxrwxr-x 242 travis travis 12288 Apr  9 04:04 node_modules
drwxrwxr-x   3 travis travis 20480 Apr  9 04:01 PhaseUnwrap
-rw-rw-r--   1 travis travis   520 Apr  9 04:04 Repeat$_fireFunction_Repeat_Repeat$__f_sL_0.class
-rw-rw-r--   1 travis travis   522 Apr  9 04:04 Repeat$_fireFunction_Repeat_Repeat$__f_sL_10.class
-rw-rw-r--   1 travis travis   666 Apr  9 04:04 Repeat$_fireFunction_Repeat_Repeat$__f_sL_11.class
-rw-rw-r--   1 travis travis   522 Apr  9 04:04 Repeat$_fireFunction_Repeat_Repeat$__f_sL_13.class
-rw-rw-r--   1 travis travis   665 Apr  9 04:04 Repeat$_fireFunction_Repeat_Repeat$__f_sL_1.class
-rw-rw-r--   1 travis travis   520 Apr  9 04:04 Repeat$_fireFunction_Repeat_Repeat$__f_sL_2.class
-rw-rw-r--   1 travis travis   520 Apr  9 04:04 Repeat$_fireFunction_Repeat_Repeat$__f_sL_3.class
-rw-rw-r--   1 travis travis   520 Apr  9 04:04 Repeat$_fireFunction_Repeat_Repeat$__f_sL_5.class
-rw-rw-r--   1 travis travis   671 Apr  9 04:04 Repeat$_fireFunction_Repeat_Repeat$__f_sL_7.class
-rw-rw-r--   1 travis travis   520 Apr  9 04:04 Repeat$_fireFunction_Repeat_Repeat$__f_sL_9.class
-rw-rw-r--   1 travis travis   813 Apr  9 04:04 Repeat$_initialize_Repeat.class
-rw-rw-r--   1 travis travis   475 Apr  9 04:04 Repeat$_initialize_Repeat$__i_sL_0.class
-rw-rw-r--   1 travis travis   519 Apr  9 04:04 Repeat$_initialize_Repeat$__i_sL_3.class
-rw-rw-r--   1 travis travis 39778 Apr  9 04:04 Repeat.java
-rw-rw-r--   1 travis travis  1281 Apr  9 04:04 Repeat.mk
-rw-rw-r--   1 travis travis   520 Apr  9 04:04 Repeat$_preinitializeMethod_Repeat$__p_sL_0.class
-rw-rw-r--   1 travis travis   520 Apr  9 04:04 Repeat$_preinitializeMethod_Repeat$__p_sL_1.class
-rw-rw-r--   1 travis travis  1083 Apr  9 04:04 Repeat$_Repeat$_fireFunction_Repeat_AddSubtract_Repeat.class
-rw-rw-r--   1 travis travis   791 Apr  9 04:04 Repeat$_Repeat$_fireFunction_Repeat_AddSubtract_Repeat$__f_sL_0.class
-rw-rw-r--   1 travis travis   909 Apr  9 04:04 Repeat$_Repeat$_fireFunction_Repeat_AddSubtract_Repeat$__f_sL_1.class
-rw-rw-r--   1 travis travis   915 Apr  9 04:04 Repeat$_Repeat$_fireFunction_Repeat_AddSubtract_Repeat$__f_sL_2.class
-rw-rw-r--   1 travis travis   838 Apr  9 04:04 Repeat$_Repeat$_fireFunction_Repeat_Ramp2_Repeat$__f_sL_1.class
-rw-rw-r--   1 travis travis  1785 Apr  9 04:04 Repeat$_Repeat$_fireFunction_Repeat_Test_Repeat$__f_sL_2.class
-rw-rw-r--   1 travis travis   685 Apr  9 04:04 Repeat$_Repeat_SDF_Director_run_Repeat$__R_sL_0.class
-rw-rw-r--   1 travis travis   540 Apr  9 04:04 Repeat$_Repeat_SDF_Director_run_Repeat$__R_sL_1.class
-rw-rw-r--   1 travis travis   540 Apr  9 04:04 Repeat$_Repeat_SDF_Director_run_Repeat$__R_sL_2.class
-rw-rw-r--   1 travis travis   540 Apr  9 04:04 Repeat$_Repeat_SDF_Director_run_Repeat$__R_sL_4.class
-rw-rw-r--   1 travis travis   540 Apr  9 04:04 Repeat$_Repeat_SDF_Director_run_Repeat$__R_sL_5.class
-rw-rw-r--   1 travis travis   691 Apr  9 04:04 Repeat$_Repeat_SDF_Director_run_Repeat$__R_sL_6.class
-rw-rw-r--   1 travis travis   540 Apr  9 04:04 Repeat$_Repeat_SDF_Director_run_Repeat$__R_sL_7.class
-rw-rw-r--   1 travis travis   863 Apr  9 04:04 Repeat$_varinit_Repeat.class
-rw-rw-r--   1 travis travis   530 Apr  9 04:04 Repeat$_varinit_Repeat$__v_sL_1.class
-rw-rw-r--   1 travis travis   531 Apr  9 04:04 Repeat$_varinit_Repeat$__v_sL_2.class
-rw-rw-r--   1 travis travis   905 Apr  9 04:04 Repeat$_varinit_Repeat$__v_sL_4.class
-rw-rw-r--   1 travis travis   635 Apr  9 04:04 Repeat$_wrapup_Repeat.class
-rw-rw-r--   1 travis travis   965 Apr  9 04:04 Repeat$_wrapup_Repeat$__w_sL_1.class
-rw-rw-r--   1 travis travis   289 Apr  9 03:59 result.csv
drwxrwxr-x   3 travis travis 12288 Apr  9 04:02 Scrambler1
drwxrwxr-x   3 travis travis 20480 Apr  9 04:01 Sinewave2
drwxrwxr-x   3 travis travis 69632 Apr  9 04:02 StringCompare
drwxrwxr-x   3 travis travis 32768 Apr  9 04:02 StringFunction
drwxrwxr-x   3 travis travis 12288 Apr  9 04:03 StringLength
drwxrwxr-x   3 travis travis 57344 Apr  9 04:03 StringSimpleReplace
drwxrwxr-x   3 travis travis 12288 Apr  9 04:04 time2
drwxrwxr-x   3 travis travis 12288 Apr  9 04:04 time5
-rw-rw-r--   1 travis travis   432 Apr  9 04:04 Token.class
-rw-rw-r--   1 travis travis   251 Apr  9 04:04 Token.java
-rw-rw-r--   1 travis travis     0 Apr  9 04:04 top.
-rw-rw-r--   1 travis travis 20502 Apr  9 03:59 top.c
-rw-rw-r--   1 travis travis  3567 Apr  9 04:04 top.class
-rw-rw-r--   1 travis travis   169 Apr  9 03:59 top.html
-rw-rw-r--   1 travis travis  7552 Apr  9 04:04 top.java
-rw-rw-r--   1 travis travis 38888 Apr  9 03:59 top.o
drwxrwxr-x   3 travis travis 57344 Apr  9 04:02 UnaryMathFunction
All Done
Writing ModularCG_A2_B1.java in file:/home/travis/cg/ (10667 characters)
Reading "ptolemy/cg/kernel/generic/program/procedural/java/modular/makefile.in",
    writing "/home/travis/cg/ModularCG_A2_B1.mk"
Using ptolemy/cg/kernel/generic/program/procedural/java/modular/makefile.in
In "/home/travis/cg", about to execute:
    make -f ModularCG_A2_B1.mk
javac -classpath ".:.."    ModularCG_A2_B1.java
All Done
In "/home/travis/cg", about to execute:
    pwd
/home/travis/cg
In "/home/travis/cg", about to execute:
    ls -l
total 1152
drwxrwxr-x   3 travis travis 12288 Apr  9 04:00 AbsoluteValue
drwxrwxr-x   3 travis travis 16384 Apr  9 04:00 Case1
drwxrwxr-x   3 travis travis 32768 Apr  9 04:00 Case2
-rw-rw-r--   1 travis travis  4895 Apr  9 04:04 CompiledCompositeActor_CompiledCompositeActor.class
-rw-rw-r--   1 travis travis  1592 Apr  9 04:04 CompiledCompositeActor_CompiledCompositeActor$_CompiledCompositeActor_CompiledCompositeActor.class
-rw-rw-r--   1 travis travis 13466 Apr  9 04:04 CompiledCompositeActor_CompiledCompositeActor.java
-rw-rw-r--   1 travis travis  1593 Apr  9 04:04 CompiledCompositeActor_CompiledCompositeActor.mk
drwxrwxr-x   3 travis travis 24576 Apr  9 04:02 DeScrambler
drwxrwxr-x   3 travis travis 16384 Apr  9 04:04 DotProduct
drwxrwxr-x   3 travis travis 12288 Apr  9 04:00 FileWriter1
drwxrwxr-x   3 travis travis 20480 Apr  9 04:00 FixToDoubleAndBack
drwxrwxr-x   3 travis travis 16384 Apr  9 04:00 Gaussian1
drwxrwxr-x   3 travis travis 20480 Apr  9 04:00 Gaussian2
-rw-rw-r--   1 travis travis  4457 Apr  9 04:04 JavaCompiledCompositeTest1_CompiledCompositeActor.class
-rw-rw-r--   1 travis travis 11637 Apr  9 04:04 JavaCompiledCompositeTest1_CompiledCompositeActor.java
-rw-rw-r--   1 travis travis  1198 Apr  9 04:04 JavaCompiledCompositeTest1_CompiledCompositeActor$_JavaCompiledCompositeTest1_CompiledCompositeActor.class
-rw-rw-r--   1 travis travis  1625 Apr  9 04:04 JavaCompiledCompositeTest1_CompiledCompositeActor.mk
-rw-rw-r--   1 travis travis  4888 Apr  9 04:04 JavaCompiledCompositeTest2_CompiledCompositeActor.class
-rw-rw-r--   1 travis travis 14919 Apr  9 04:04 JavaCompiledCompositeTest2_CompiledCompositeActor.java
-rw-rw-r--   1 travis travis  1793 Apr  9 04:04 JavaCompiledCompositeTest2_CompiledCompositeActor$_JavaCompiledCompositeTest2_CompiledCompositeActor.class
-rw-rw-r--   1 travis travis  1625 Apr  9 04:04 JavaCompiledCompositeTest2_CompiledCompositeActor.mk
-rw-rw-r--   1 travis travis  4505 Apr  9 04:04 JavaCompiledCompositeTest3_CompiledCompositeActor.class
-rw-rw-r--   1 travis travis 13080 Apr  9 04:04 JavaCompiledCompositeTest3_CompiledCompositeActor.java
-rw-rw-r--   1 travis travis  1378 Apr  9 04:04 JavaCompiledCompositeTest3_CompiledCompositeActor$_JavaCompiledCompositeTest3_CompiledCompositeActor.class
-rw-rw-r--   1 travis travis  1625 Apr  9 04:04 JavaCompiledCompositeTest3_CompiledCompositeActor.mk
-rw-rw-r--   1 travis travis  3953 Apr  9 04:04 JavaCompiledCompositeTest4_CompiledCompositeActor.class
-rw-rw-r--   1 travis travis  9687 Apr  9 04:04 JavaCompiledCompositeTest4_CompiledCompositeActor.java
-rw-rw-r--   1 travis travis   857 Apr  9 04:04 JavaCompiledCompositeTest4_CompiledCompositeActor$_JavaCompiledCompositeTest4_CompiledCompositeActor.class
-rw-rw-r--   1 travis travis  1625 Apr  9 04:04 JavaCompiledCompositeTest4_CompiledCompositeActor.mk
drwxrwxr-x   3 travis travis 12288 Apr  9 04:01 LookupTable
drwxrwxr-x   3 travis travis 20480 Apr  9 04:01 MaxIndex
-rw-rw-r--   1 travis travis  3693 Apr  9 04:04 ModularCG_A1_B1.class
-rw-rw-r--   1 travis travis  9730 Apr  9 04:04 ModularCG_A1_B1.java
-rw-rw-r--   1 travis travis   832 Apr  9 04:04 ModularCG_A1_B1.mk
-rw-rw-r--   1 travis travis  1318 Apr  9 04:04 ModularCG_A1_B1_profile.class
-rw-rw-r--   1 travis travis  1262 Apr  9 04:04 ModularCG_A1_B1_profile.java
-rw-rw-r--   1 travis travis  3693 Apr  9 04:04 ModularCG_A1_B2.class
-rw-rw-r--   1 travis travis  9730 Apr  9 04:04 ModularCG_A1_B2.java
-rw-rw-r--   1 travis travis   832 Apr  9 04:04 ModularCG_A1_B2.mk
-rw-rw-r--   1 travis travis  1318 Apr  9 04:04 ModularCG_A1_B2_profile.class
-rw-rw-r--   1 travis travis  1262 Apr  9 04:04 ModularCG_A1_B2_profile.java
-rw-rw-r--   1 travis travis  4799 Apr  9 04:04 ModularCG_A1.class
-rw-rw-r--   1 travis travis 14742 Apr  9 04:04 ModularCG_A1.java
-rw-rw-r--   1 travis travis   808 Apr  9 04:04 ModularCG_A1.mk
-rw-rw-r--   1 travis travis  1433 Apr  9 04:04 ModularCG_A1_profile.class
-rw-rw-r--   1 travis travis  1704 Apr  9 04:04 ModularCG_A1_profile.java
-rw-rw-r--   1 travis travis  3827 Apr  9 04:04 ModularCG_A2_B1.class
-rw-rw-r--   1 travis travis 10667 Apr  9 04:04 ModularCG_A2_B1.java
-rw-rw-r--   1 travis travis   832 Apr  9 04:04 ModularCG_A2_B1.mk
-rw-rw-r--   1 travis travis  1381 Apr  9 04:04 ModularCG_A2_B1_profile.class
-rw-rw-r--   1 travis travis  1446 Apr  9 04:04 ModularCG_A2_B1_profile.java
-rw-rw-r--   1 travis travis  1262 Apr  9 04:04 ModularCG_A2_B2_profile.java
-rw-rw-r--   1 travis travis  3492 Apr  9 04:04 ModularCodeGenTest_A1_A2.class
-rw-rw-r--   1 travis travis   904 Apr  9 04:04 ModularCodeGenTest_A1_A2.mk
-rw-rw-r--   1 travis travis  1306 Apr  9 04:04 ModularCodeGenTest_A1_A2_profile.class
-rw-rw-r--   1 travis travis  3823 Apr  9 04:04 ModularCodeGenTest_A1.class
-rw-rw-r--   1 travis travis  9968 Apr  9 04:04 ModularCodeGenTest_A1.java
-rw-rw-r--   1 travis travis   880 Apr  9 04:04 ModularCodeGenTest_A1.mk
-rw-rw-r--   1 travis travis  1352 Apr  9 04:04 ModularCodeGenTest_A1_profile.class
-rw-rw-r--   1 travis travis  1394 Apr  9 04:04 ModularCodeGenTest_A1_profile.java
drwxrwxr-x   3 travis travis 36864 Apr  9 04:04 modulation2
drwxrwxr-x   3 travis travis 20480 Apr  9 04:01 Multiplexor
drwxrwxr-x 242 travis travis 12288 Apr  9 04:04 node_modules
drwxrwxr-x   3 travis travis 20480 Apr  9 04:01 PhaseUnwrap
-rw-rw-r--   1 travis travis   520 Apr  9 04:04 Repeat$_fireFunction_Repeat_Repeat$__f_sL_0.class
-rw-rw-r--   1 travis travis   522 Apr  9 04:04 Repeat$_fireFunction_Repeat_Repeat$__f_sL_10.class
-rw-rw-r--   1 travis travis   666 Apr  9 04:04 Repeat$_fireFunction_Repeat_Repeat$__f_sL_11.class
-rw-rw-r--   1 travis travis   522 Apr  9 04:04 Repeat$_fireFunction_Repeat_Repeat$__f_sL_13.class
-rw-rw-r--   1 travis travis   665 Apr  9 04:04 Repeat$_fireFunction_Repeat_Repeat$__f_sL_1.class
-rw-rw-r--   1 travis travis   520 Apr  9 04:04 Repeat$_fireFunction_Repeat_Repeat$__f_sL_2.class
-rw-rw-r--   1 travis travis   520 Apr  9 04:04 Repeat$_fireFunction_Repeat_Repeat$__f_sL_3.class
-rw-rw-r--   1 travis travis   520 Apr  9 04:04 Repeat$_fireFunction_Repeat_Repeat$__f_sL_5.class
-rw-rw-r--   1 travis travis   671 Apr  9 04:04 Repeat$_fireFunction_Repeat_Repeat$__f_sL_7.class
-rw-rw-r--   1 travis travis   520 Apr  9 04:04 Repeat$_fireFunction_Repeat_Repeat$__f_sL_9.class
-rw-rw-r--   1 travis travis   813 Apr  9 04:04 Repeat$_initialize_Repeat.class
-rw-rw-r--   1 travis travis   475 Apr  9 04:04 Repeat$_initialize_Repeat$__i_sL_0.class
-rw-rw-r--   1 travis travis   519 Apr  9 04:04 Repeat$_initialize_Repeat$__i_sL_3.class
-rw-rw-r--   1 travis travis 39778 Apr  9 04:04 Repeat.java
-rw-rw-r--   1 travis travis  1281 Apr  9 04:04 Repeat.mk
-rw-rw-r--   1 travis travis   520 Apr  9 04:04 Repeat$_preinitializeMethod_Repeat$__p_sL_0.class
-rw-rw-r--   1 travis travis   520 Apr  9 04:04 Repeat$_preinitializeMethod_Repeat$__p_sL_1.class
-rw-rw-r--   1 travis travis  1083 Apr  9 04:04 Repeat$_Repeat$_fireFunction_Repeat_AddSubtract_Repeat.class
-rw-rw-r--   1 travis travis   791 Apr  9 04:04 Repeat$_Repeat$_fireFunction_Repeat_AddSubtract_Repeat$__f_sL_0.class
-rw-rw-r--   1 travis travis   909 Apr  9 04:04 Repeat$_Repeat$_fireFunction_Repeat_AddSubtract_Repeat$__f_sL_1.class
-rw-rw-r--   1 travis travis   915 Apr  9 04:04 Repeat$_Repeat$_fireFunction_Repeat_AddSubtract_Repeat$__f_sL_2.class
-rw-rw-r--   1 travis travis   838 Apr  9 04:04 Repeat$_Repeat$_fireFunction_Repeat_Ramp2_Repeat$__f_sL_1.class
-rw-rw-r--   1 travis travis  1785 Apr  9 04:04 Repeat$_Repeat$_fireFunction_Repeat_Test_Repeat$__f_sL_2.class
-rw-rw-r--   1 travis travis   685 Apr  9 04:04 Repeat$_Repeat_SDF_Director_run_Repeat$__R_sL_0.class
-rw-rw-r--   1 travis travis   540 Apr  9 04:04 Repeat$_Repeat_SDF_Director_run_Repeat$__R_sL_1.class
-rw-rw-r--   1 travis travis   540 Apr  9 04:04 Repeat$_Repeat_SDF_Director_run_Repeat$__R_sL_2.class
-rw-rw-r--   1 travis travis   540 Apr  9 04:04 Repeat$_Repeat_SDF_Director_run_Repeat$__R_sL_4.class
-rw-rw-r--   1 travis travis   540 Apr  9 04:04 Repeat$_Repeat_SDF_Director_run_Repeat$__R_sL_5.class
-rw-rw-r--   1 travis travis   691 Apr  9 04:04 Repeat$_Repeat_SDF_Director_run_Repeat$__R_sL_6.class
-rw-rw-r--   1 travis travis   540 Apr  9 04:04 Repeat$_Repeat_SDF_Director_run_Repeat$__R_sL_7.class
-rw-rw-r--   1 travis travis   863 Apr  9 04:04 Repeat$_varinit_Repeat.class
-rw-rw-r--   1 travis travis   530 Apr  9 04:04 Repeat$_varinit_Repeat$__v_sL_1.class
-rw-rw-r--   1 travis travis   531 Apr  9 04:04 Repeat$_varinit_Repeat$__v_sL_2.class
-rw-rw-r--   1 travis travis   905 Apr  9 04:04 Repeat$_varinit_Repeat$__v_sL_4.class
-rw-rw-r--   1 travis travis   635 Apr  9 04:04 Repeat$_wrapup_Repeat.class
-rw-rw-r--   1 travis travis   965 Apr  9 04:04 Repeat$_wrapup_Repeat$__w_sL_1.class
-rw-rw-r--   1 travis travis   289 Apr  9 03:59 result.csv
drwxrwxr-x   3 travis travis 12288 Apr  9 04:02 Scrambler1
drwxrwxr-x   3 travis travis 20480 Apr  9 04:01 Sinewave2
drwxrwxr-x   3 travis travis 69632 Apr  9 04:02 StringCompare
drwxrwxr-x   3 travis travis 32768 Apr  9 04:02 StringFunction
drwxrwxr-x   3 travis travis 12288 Apr  9 04:03 StringLength
drwxrwxr-x   3 travis travis 57344 Apr  9 04:03 StringSimpleReplace
drwxrwxr-x   3 travis travis 12288 Apr  9 04:04 time2
drwxrwxr-x   3 travis travis 12288 Apr  9 04:04 time5
-rw-rw-r--   1 travis travis   432 Apr  9 04:04 Token.class
-rw-rw-r--   1 travis travis   251 Apr  9 04:04 Token.java
-rw-rw-r--   1 travis travis     0 Apr  9 04:04 top.
-rw-rw-r--   1 travis travis 20502 Apr  9 03:59 top.c
-rw-rw-r--   1 travis travis  3567 Apr  9 04:04 top.class
-rw-rw-r--   1 travis travis   169 Apr  9 03:59 top.html
-rw-rw-r--   1 travis travis  7552 Apr  9 04:04 top.java
-rw-rw-r--   1 travis travis 38888 Apr  9 03:59 top.o
drwxrwxr-x   3 travis travis 57344 Apr  9 04:02 UnaryMathFunction
In "/home/travis/cg", about to execute:
    javac -classpath
.:/home/travis/build/icyphy/ptII:/home/travis/build/icyphy/ptII/lib/bsh-2.0b4.j
ar:/home/travis/build/icyphy/ptII/lib/ptCal.jar:/home/travis/build/icyphy/ptII/
lib/java_cup.jar:/home/travis/build/icyphy/ptII/lib/saxon8.jar:/home/travis/bui
ld/icyphy/ptII/lib/saxon8-dom.jar:/home/travis/build/icyphy/ptII/lib/chic.jar:/
home/travis/build/icyphy/ptII/lib/ptcolt.jar:/usr/lib/jvm/java-8-oracle/lib/too
ls.jar:/home/travis/build/icyphy/ptII/vendors/misc/itext/iText.jar:/home/travis
/build/icyphy/ptII/lib/g4ltl.jar:/home/travis/build/icyphy/ptII/lib/StructuralC
oder.jar:/home/travis/build/icyphy/ptII/vendors/jai-1_1_2_01/lib/jai_core.jar:/
home/travis/build/icyphy/ptII/vendors/jai-1_1_2_01/lib/jai_codec.jar:/home/trav
is/build/icyphy/ptII/lib/jcerti.jar:/home/travis/build/icyphy/ptII/lib/javax.ma
il.jar:/home/travis/build/icyphy/ptII/vendors/JMF-2.1.1e/lib/jmf.jar:/home/trav
is/build/icyphy/ptII/lib/jna-4.0.0-variadic.jar:/home/travis/build/icyphy/ptII/
vendors/misc/joystick/Joystick.jar:/home/travis/build/icyphy/ptII/lib/ptjacl.ja
r:/home/travis/build/icyphy/ptII/lib/jsoup-1.8.2.jar:/home/travis/build/icyphy/
ptII/lib/junit-4.8.2.jar:/home/travis/build/icyphy/ptII/lib/JUnitParams-0.4.0.j
ar:/home/travis/build/icyphy/ptII/ptolemy/actor/lib/excel/jxl.jar:/home/travis/
build/icyphy/ptII/lib/jython.jar:/home/travis/build/icyphy/ptII/lib/kieler.jar:
/home/travis/build/icyphy/ptII/vendors/opencv/share/OpenCV/java/opencv-341.jar:
/home/travis/build/icyphy/ptII/lib/oscP5.jar:/home/travis/build/icyphy/ptII/lib
/nrjavaserial-3.11.0.devel.jar:/home/travis/build/icyphy/ptII/vendors/j3d/lib/j
3dcore.jar:/home/travis/build/icyphy/ptII/vendors/j3d/lib/j3dutils.jar:/home/tr
avis/build/icyphy/ptII/vendors/j3d/lib/vecmath.jar:/home/travis/build/icyphy/pt
II/ptolemy/distributed/jini/jar/jini-core.jar:/home/travis/build/icyphy/ptII/pt
olemy/distributed/jini/jar/jini-ext.jar:/home/travis/build/icyphy/ptII/ptolemy/
distributed/jini/jar/sun-util.jar:/home/travis/build/icyphy/ptII/lib/protobuf-j
ava-2.4.1.jar:/home/travis/build/icyphy/ptII/lib/org.eclipse.paho.client.mqttv3
.jar:/home/travis/build/icyphy/ptII/lib/mapss.jar:/home/travis/build/icyphy/ptI
I/ptolemy/actor/ptalon/antlr/antlr.jar:/home/travis/build/icyphy/ptII/lib/JRI.j
ar:/home/travis/build/icyphy/ptII/lib/commons-lang-2.6.jar:/home/travis/build/i
cyphy/ptII/lib/commons-logging-1.1.1.jar:/home/travis/build/icyphy/ptII/lib/soo
tclasses.jar:/home/travis/build/icyphy/ptII/ptolemy/actor/lib/database/mysql-co
nnector-java-5.1.6-bin.jar:/home/travis/build/icyphy/ptII/vendors/misc/sphinx4/
sphinx4-data-5prealpha.jar:/home/travis/build/icyphy/ptII/vendors/misc/sphinx4/
sphinx4-core-5prealpha.jar:/home/travis/build/icyphy/ptII/lib/PDFRenderer.jar:/
home/travis/build/icyphy/ptII/lib/svgSalamander.jar:/home/travis/build/icyphy/p
tII/lib/rsyntaxtextarea-2.6.0-SNAPSHOT.jar:/home/travis/build/icyphy/ptII/lib/h
azelcast-3.8.2.jar:/home/travis/build/icyphy/ptII/lib/jackson-annotations-2.9.0
.jar:/home/travis/build/icyphy/ptII/lib/jackson-core-2.9.3.jar:/home/travis/bui
ld/icyphy/ptII/lib/jackson-databind-2.9.3.jar:/home/travis/build/icyphy/ptII/li
b/netty-buffer-4.1.19.Final.jar:/home/travis/build/icyphy/ptII/lib/netty-codec-
4.1.19.Final.jar:/home/travis/build/icyphy/ptII/lib/netty-codec-dns-4.1.19.Fina
l.jar:/home/travis/build/icyphy/ptII/lib/netty-codec-http-4.1.19.Final.jar:/hom
e/travis/build/icyphy/ptII/lib/netty-codec-http2-4.1.19.Final.jar:/home/travis/
build/icyphy/ptII/lib/netty-common-4.1.19.Final.jar:/home/travis/build/icyphy/p
tII/lib/netty-handler-4.1.19.Final.jar:/home/travis/build/icyphy/ptII/lib/netty
-resolver-4.1.19.Final.jar:/home/travis/build/icyphy/ptII/lib/netty-resolver-dn
s-4.1.19.Final.jar:/home/travis/build/icyphy/ptII/lib/netty-transport-4.1.19.Fi
nal.jar:/home/travis/build/icyphy/ptII/lib/vertx-codegen-3.5.1.jar:/home/travis
/build/icyphy/ptII/lib/vertx-core-3.5.2-SNAPSHOT.jar:/home/travis/build/icyphy/
ptII/lib/vertx-hazelcast-3.5.1.jar:/home/travis/build/icyphy/ptII/lib/vertx-lan
g-js-3.5.1.jar:/home/travis/build/icyphy/ptII/lib/vertx-service-proxy-3.5.1.jar
:/home/travis/build/icyphy/ptII/lib/vertx-web-3.5.1.jar:/home/travis/build/icyp
hy/ptII/lib/slf4j-api-1.7.13.jar:/home/travis/build/icyphy/ptII/lib/slf4j-simpl
e-1.7.13.jar:/home/travis/build/icyphy/ptII/lib/webcam-capture-0.3.12.jar:/home
/travis/build/icyphy/ptII/lib/bridj-0.7.0.jar:/home/travis/build/icyphy/ptII/li
b/xbjlib-1.1.0.nrjavaserial.jar:/home/travis/build/icyphy/ptII/ptolemy/moml/tes
t:/home/travis/build/icyphy/ptII/ant/lib/ant-launcher.jar:/home/travis/build/ic
yphy/ptII/ant/lib/ant.jar:/home/travis/build/icyphy/ptII/ant/lib/ant-junit.jar:
/home/travis/build/icyphy/ptII/ant/lib/ant-junit4.jar:/home/travis/build/icyphy
/ptII ModularCG_A2_B2_profile.java
All Done
Writing ModularCG_A2_B2.java in file:/home/travis/cg/ (9730 characters)
Reading "ptolemy/cg/kernel/generic/program/procedural/java/modular/makefile.in",
    writing "/home/travis/cg/ModularCG_A2_B2.mk"
Using ptolemy/cg/kernel/generic/program/procedural/java/modular/makefile.in
In "/home/travis/cg", about to execute:
    make -f ModularCG_A2_B2.mk
javac -classpath ".:.."    ModularCG_A2_B2.java
All Done
In "/home/travis/cg", about to execute:
    pwd
In "/home/travis/cg", about to execute:
    ls -l
/home/travis/cg
In "/home/travis/cg", about to execute:
    javac -classpath
.:/home/travis/build/icyphy/ptII:/home/travis/build/icyphy/ptII/lib/bsh-2.0b4.j
ar:/home/travis/build/icyphy/ptII/lib/ptCal.jar:/home/travis/build/icyphy/ptII/
lib/java_cup.jar:/home/travis/build/icyphy/ptII/lib/saxon8.jar:/home/travis/bui
ld/icyphy/ptII/lib/saxon8-dom.jar:/home/travis/build/icyphy/ptII/lib/chic.jar:/
home/travis/build/icyphy/ptII/lib/ptcolt.jar:/usr/lib/jvm/java-8-oracle/lib/too
ls.jar:/home/travis/build/icyphy/ptII/vendors/misc/itext/iText.jar:/home/travis
/build/icyphy/ptII/lib/g4ltl.jar:/home/travis/build/icyphy/ptII/lib/StructuralC
oder.jar:/home/travis/build/icyphy/ptII/vendors/jai-1_1_2_01/lib/jai_core.jar:/
home/travis/build/icyphy/ptII/vendors/jai-1_1_2_01/lib/jai_codec.jar:/home/trav
is/build/icyphy/ptII/lib/jcerti.jar:/home/travis/build/icyphy/ptII/lib/javax.ma
il.jar:/home/travis/build/icyphy/ptII/vendors/JMF-2.1.1e/lib/jmf.jar:/home/trav
is/build/icyphy/ptII/lib/jna-4.0.0-variadic.jar:/home/travis/build/icyphy/ptII/
vendors/misc/joystick/Joystick.jar:/home/travis/build/icyphy/ptII/lib/ptjacl.ja
r:/home/travis/build/icyphy/ptII/lib/jsoup-1.8.2.jar:/home/travis/build/icyphy/
ptII/lib/junit-4.8.2.jar:/home/travis/build/icyphy/ptII/lib/JUnitParams-0.4.0.j
ar:/home/travis/build/icyphy/ptII/ptolemy/actor/lib/excel/jxl.jar:/home/travis/
build/icyphy/ptII/lib/jython.jar:/home/travis/build/icyphy/ptII/lib/kieler.jar:
/home/travis/build/icyphy/ptII/vendors/opencv/share/OpenCV/java/opencv-341.jar:
/home/travis/build/icyphy/ptII/lib/oscP5.jar:/home/travis/build/icyphy/ptII/lib
/nrjavaserial-3.11.0.devel.jar:/home/travis/build/icyphy/ptII/vendors/j3d/lib/j
3dcore.jar:/home/travis/build/icyphy/ptII/vendors/j3d/lib/j3dutils.jar:/home/tr
avis/build/icyphy/ptII/vendors/j3d/lib/vecmath.jar:/home/travis/build/icyphy/pt
II/ptolemy/distributed/jini/jar/jini-core.jar:/home/travis/build/icyphy/ptII/pt
olemy/distributed/jini/jar/jini-ext.jar:/home/travis/build/icyphy/ptII/ptolemy/
distributed/jini/jar/sun-util.jar:/home/travis/build/icyphy/ptII/lib/protobuf-j
ava-2.4.1.jar:/home/travis/build/icyphy/ptII/lib/org.eclipse.paho.client.mqttv3
.jar:/home/travis/build/icyphy/ptII/lib/mapss.jar:/home/travis/build/icyphy/ptI
I/ptolemy/actor/ptalon/antlr/antlr.jar:/home/travis/build/icyphy/ptII/lib/JRI.j
ar:/home/travis/build/icyphy/ptII/lib/commons-lang-2.6.jar:/home/travis/build/i
cyphy/ptII/lib/commons-logging-1.1.1.jar:/home/travis/build/icyphy/ptII/lib/soo
tclasses.jar:/home/travis/build/icyphy/ptII/ptolemy/actor/lib/database/mysql-co
nnector-java-5.1.6-bin.jar:/home/travis/build/icyphy/ptII/vendors/misc/sphinx4/
sphinx4-data-5prealpha.jar:/home/travis/build/icyphy/ptII/vendors/misc/sphinx4/
sphinx4-core-5prealpha.jar:/home/travis/build/icyphy/ptII/lib/PDFRenderer.jar:/
home/travis/build/icyphy/ptII/lib/svgSalamander.jar:/home/travis/build/icyphy/p
tII/lib/rsyntaxtextarea-2.6.0-SNAPSHOT.jar:/home/travis/build/icyphy/ptII/lib/h
azelcast-3.8.2.jar:/home/travis/build/icyphy/ptII/lib/jackson-annotations-2.9.0
.jar:/home/travis/build/icyphy/ptII/lib/jackson-core-2.9.3.jar:/home/travis/bui
ld/icyphy/ptII/lib/jackson-databind-2.9.3.jar:/home/travis/build/icyphy/ptII/li
b/netty-buffer-4.1.19.Final.jar:/home/travis/build/icyphy/ptII/lib/netty-codec-
4.1.19.Final.jar:/home/travis/build/icyphy/ptII/lib/netty-codec-dns-4.1.19.Fina
l.jar:/home/travis/build/icyphy/ptII/lib/netty-codec-http-4.1.19.Final.jar:/hom
e/travis/build/icyphy/ptII/lib/netty-codec-http2-4.1.19.Final.jar:/home/travis/
build/icyphy/ptII/lib/netty-common-4.1.19.Final.jar:/home/travis/build/icyphy/p
tII/lib/netty-handler-4.1.19.Final.jar:/home/travis/build/icyphy/ptII/lib/netty
-resolver-4.1.19.Final.jar:/home/travis/build/icyphy/ptII/lib/netty-resolver-dn
s-4.1.19.Final.jar:/home/travis/build/icyphy/ptII/lib/netty-transport-4.1.19.Fi
nal.jar:/home/travis/build/icyphy/ptII/lib/vertx-codegen-3.5.1.jar:/home/travis
/build/icyphy/ptII/lib/vertx-core-3.5.2-SNAPSHOT.jar:/home/travis/build/icyphy/
ptII/lib/vertx-hazelcast-3.5.1.jar:/home/travis/build/icyphy/ptII/lib/vertx-lan
g-js-3.5.1.jar:/home/travis/build/icyphy/ptII/lib/vertx-service-proxy-3.5.1.jar
:/home/travis/build/icyphy/ptII/lib/vertx-web-3.5.1.jar:/home/travis/build/icyp
hy/ptII/lib/slf4j-api-1.7.13.jar:/home/travis/build/icyphy/ptII/lib/slf4j-simpl
e-1.7.13.jar:/home/travis/build/icyphy/ptII/lib/webcam-capture-0.3.12.jar:/home
/travis/build/icyphy/ptII/lib/bridj-0.7.0.jar:/home/travis/build/icyphy/ptII/li
b/xbjlib-1.1.0.nrjavaserial.jar:/home/travis/build/icyphy/ptII/ptolemy/moml/tes
t:/home/travis/build/icyphy/ptII/ant/lib/ant-launcher.jar:/home/travis/build/ic
yphy/ptII/ant/lib/ant.jar:/home/travis/build/icyphy/ptII/ant/lib/ant-junit.jar:
/home/travis/build/icyphy/ptII/ant/lib/ant-junit4.jar:/home/travis/build/icyphy
/ptII ModularCG_A2_profile.java
total 1180
drwxrwxr-x   3 travis travis 12288 Apr  9 04:00 AbsoluteValue
drwxrwxr-x   3 travis travis 16384 Apr  9 04:00 Case1
drwxrwxr-x   3 travis travis 32768 Apr  9 04:00 Case2
-rw-rw-r--   1 travis travis  4895 Apr  9 04:04 CompiledCompositeActor_CompiledCompositeActor.class
-rw-rw-r--   1 travis travis  1592 Apr  9 04:04 CompiledCompositeActor_CompiledCompositeActor$_CompiledCompositeActor_CompiledCompositeActor.class
-rw-rw-r--   1 travis travis 13466 Apr  9 04:04 CompiledCompositeActor_CompiledCompositeActor.java
-rw-rw-r--   1 travis travis  1593 Apr  9 04:04 CompiledCompositeActor_CompiledCompositeActor.mk
drwxrwxr-x   3 travis travis 24576 Apr  9 04:02 DeScrambler
drwxrwxr-x   3 travis travis 16384 Apr  9 04:04 DotProduct
drwxrwxr-x   3 travis travis 12288 Apr  9 04:00 FileWriter1
drwxrwxr-x   3 travis travis 20480 Apr  9 04:00 FixToDoubleAndBack
drwxrwxr-x   3 travis travis 16384 Apr  9 04:00 Gaussian1
drwxrwxr-x   3 travis travis 20480 Apr  9 04:00 Gaussian2
-rw-rw-r--   1 travis travis  4457 Apr  9 04:04 JavaCompiledCompositeTest1_CompiledCompositeActor.class
-rw-rw-r--   1 travis travis 11637 Apr  9 04:04 JavaCompiledCompositeTest1_CompiledCompositeActor.java
-rw-rw-r--   1 travis travis  1198 Apr  9 04:04 JavaCompiledCompositeTest1_CompiledCompositeActor$_JavaCompiledCompositeTest1_CompiledCompositeActor.class
-rw-rw-r--   1 travis travis  1625 Apr  9 04:04 JavaCompiledCompositeTest1_CompiledCompositeActor.mk
-rw-rw-r--   1 travis travis  4888 Apr  9 04:04 JavaCompiledCompositeTest2_CompiledCompositeActor.class
-rw-rw-r--   1 travis travis 14919 Apr  9 04:04 JavaCompiledCompositeTest2_CompiledCompositeActor.java
-rw-rw-r--   1 travis travis  1793 Apr  9 04:04 JavaCompiledCompositeTest2_CompiledCompositeActor$_JavaCompiledCompositeTest2_CompiledCompositeActor.class
-rw-rw-r--   1 travis travis  1625 Apr  9 04:04 JavaCompiledCompositeTest2_CompiledCompositeActor.mk
-rw-rw-r--   1 travis travis  4505 Apr  9 04:04 JavaCompiledCompositeTest3_CompiledCompositeActor.class
-rw-rw-r--   1 travis travis 13080 Apr  9 04:04 JavaCompiledCompositeTest3_CompiledCompositeActor.java
-rw-rw-r--   1 travis travis  1378 Apr  9 04:04 JavaCompiledCompositeTest3_CompiledCompositeActor$_JavaCompiledCompositeTest3_CompiledCompositeActor.class
-rw-rw-r--   1 travis travis  1625 Apr  9 04:04 JavaCompiledCompositeTest3_CompiledCompositeActor.mk
-rw-rw-r--   1 travis travis  3953 Apr  9 04:04 JavaCompiledCompositeTest4_CompiledCompositeActor.class
-rw-rw-r--   1 travis travis  9687 Apr  9 04:04 JavaCompiledCompositeTest4_CompiledCompositeActor.java
-rw-rw-r--   1 travis travis   857 Apr  9 04:04 JavaCompiledCompositeTest4_CompiledCompositeActor$_JavaCompiledCompositeTest4_CompiledCompositeActor.class
-rw-rw-r--   1 travis travis  1625 Apr  9 04:04 JavaCompiledCompositeTest4_CompiledCompositeActor.mk
drwxrwxr-x   3 travis travis 12288 Apr  9 04:01 LookupTable
drwxrwxr-x   3 travis travis 20480 Apr  9 04:01 MaxIndex
-rw-rw-r--   1 travis travis  3693 Apr  9 04:04 ModularCG_A1_B1.class
-rw-rw-r--   1 travis travis  9730 Apr  9 04:04 ModularCG_A1_B1.java
-rw-rw-r--   1 travis travis   832 Apr  9 04:04 ModularCG_A1_B1.mk
-rw-rw-r--   1 travis travis  1318 Apr  9 04:04 ModularCG_A1_B1_profile.class
-rw-rw-r--   1 travis travis  1262 Apr  9 04:04 ModularCG_A1_B1_profile.java
-rw-rw-r--   1 travis travis  3693 Apr  9 04:04 ModularCG_A1_B2.class
-rw-rw-r--   1 travis travis  9730 Apr  9 04:04 ModularCG_A1_B2.java
-rw-rw-r--   1 travis travis   832 Apr  9 04:04 ModularCG_A1_B2.mk
-rw-rw-r--   1 travis travis  1318 Apr  9 04:04 ModularCG_A1_B2_profile.class
-rw-rw-r--   1 travis travis  1262 Apr  9 04:04 ModularCG_A1_B2_profile.java
-rw-rw-r--   1 travis travis  4799 Apr  9 04:04 ModularCG_A1.class
-rw-rw-r--   1 travis travis 14742 Apr  9 04:04 ModularCG_A1.java
-rw-rw-r--   1 travis travis   808 Apr  9 04:04 ModularCG_A1.mk
-rw-rw-r--   1 travis travis  1433 Apr  9 04:04 ModularCG_A1_profile.class
-rw-rw-r--   1 travis travis  1704 Apr  9 04:04 ModularCG_A1_profile.java
-rw-rw-r--   1 travis travis  3827 Apr  9 04:04 ModularCG_A2_B1.class
-rw-rw-r--   1 travis travis 10667 Apr  9 04:04 ModularCG_A2_B1.java
-rw-rw-r--   1 travis travis   832 Apr  9 04:04 ModularCG_A2_B1.mk
-rw-rw-r--   1 travis travis  1381 Apr  9 04:04 ModularCG_A2_B1_profile.class
-rw-rw-r--   1 travis travis  1446 Apr  9 04:04 ModularCG_A2_B1_profile.java
-rw-rw-r--   1 travis travis  3693 Apr  9 04:04 ModularCG_A2_B2.class
-rw-rw-r--   1 travis travis  9730 Apr  9 04:04 ModularCG_A2_B2.java
-rw-rw-r--   1 travis travis   832 Apr  9 04:04 ModularCG_A2_B2.mk
-rw-rw-r--   1 travis travis  1318 Apr  9 04:04 ModularCG_A2_B2_profile.class
-rw-rw-r--   1 travis travis  1262 Apr  9 04:04 ModularCG_A2_B2_profile.java
-rw-rw-r--   1 travis travis  1704 Apr  9 04:04 ModularCG_A2_profile.java
-rw-rw-r--   1 travis travis  3492 Apr  9 04:04 ModularCodeGenTest_A1_A2.class
-rw-rw-r--   1 travis travis   904 Apr  9 04:04 ModularCodeGenTest_A1_A2.mk
-rw-rw-r--   1 travis travis  1306 Apr  9 04:04 ModularCodeGenTest_A1_A2_profile.class
-rw-rw-r--   1 travis travis  3823 Apr  9 04:04 ModularCodeGenTest_A1.class
-rw-rw-r--   1 travis travis  9968 Apr  9 04:04 ModularCodeGenTest_A1.java
-rw-rw-r--   1 travis travis   880 Apr  9 04:04 ModularCodeGenTest_A1.mk
-rw-rw-r--   1 travis travis  1352 Apr  9 04:04 ModularCodeGenTest_A1_profile.class
-rw-rw-r--   1 travis travis  1394 Apr  9 04:04 ModularCodeGenTest_A1_profile.java
drwxrwxr-x   3 travis travis 36864 Apr  9 04:04 modulation2
drwxrwxr-x   3 travis travis 20480 Apr  9 04:01 Multiplexor
drwxrwxr-x 242 travis travis 12288 Apr  9 04:04 node_modules
drwxrwxr-x   3 travis travis 20480 Apr  9 04:01 PhaseUnwrap
-rw-rw-r--   1 travis travis   520 Apr  9 04:04 Repeat$_fireFunction_Repeat_Repeat$__f_sL_0.class
-rw-rw-r--   1 travis travis   522 Apr  9 04:04 Repeat$_fireFunction_Repeat_Repeat$__f_sL_10.class
-rw-rw-r--   1 travis travis   666 Apr  9 04:04 Repeat$_fireFunction_Repeat_Repeat$__f_sL_11.class
-rw-rw-r--   1 travis travis   522 Apr  9 04:04 Repeat$_fireFunction_Repeat_Repeat$__f_sL_13.class
-rw-rw-r--   1 travis travis   665 Apr  9 04:04 Repeat$_fireFunction_Repeat_Repeat$__f_sL_1.class
-rw-rw-r--   1 travis travis   520 Apr  9 04:04 Repeat$_fireFunction_Repeat_Repeat$__f_sL_2.class
-rw-rw-r--   1 travis travis   520 Apr  9 04:04 Repeat$_fireFunction_Repeat_Repeat$__f_sL_3.class
-rw-rw-r--   1 travis travis   520 Apr  9 04:04 Repeat$_fireFunction_Repeat_Repeat$__f_sL_5.class
-rw-rw-r--   1 travis travis   671 Apr  9 04:04 Repeat$_fireFunction_Repeat_Repeat$__f_sL_7.class
-rw-rw-r--   1 travis travis   520 Apr  9 04:04 Repeat$_fireFunction_Repeat_Repeat$__f_sL_9.class
-rw-rw-r--   1 travis travis   813 Apr  9 04:04 Repeat$_initialize_Repeat.class
-rw-rw-r--   1 travis travis   475 Apr  9 04:04 Repeat$_initialize_Repeat$__i_sL_0.class
-rw-rw-r--   1 travis travis   519 Apr  9 04:04 Repeat$_initialize_Repeat$__i_sL_3.class
-rw-rw-r--   1 travis travis 39778 Apr  9 04:04 Repeat.java
-rw-rw-r--   1 travis travis  1281 Apr  9 04:04 Repeat.mk
-rw-rw-r--   1 travis travis   520 Apr  9 04:04 Repeat$_preinitializeMethod_Repeat$__p_sL_0.class
-rw-rw-r--   1 travis travis   520 Apr  9 04:04 Repeat$_preinitializeMethod_Repeat$__p_sL_1.class
-rw-rw-r--   1 travis travis  1083 Apr  9 04:04 Repeat$_Repeat$_fireFunction_Repeat_AddSubtract_Repeat.class
-rw-rw-r--   1 travis travis   791 Apr  9 04:04 Repeat$_Repeat$_fireFunction_Repeat_AddSubtract_Repeat$__f_sL_0.class
-rw-rw-r--   1 travis travis   909 Apr  9 04:04 Repeat$_Repeat$_fireFunction_Repeat_AddSubtract_Repeat$__f_sL_1.class
-rw-rw-r--   1 travis travis   915 Apr  9 04:04 Repeat$_Repeat$_fireFunction_Repeat_AddSubtract_Repeat$__f_sL_2.class
-rw-rw-r--   1 travis travis   838 Apr  9 04:04 Repeat$_Repeat$_fireFunction_Repeat_Ramp2_Repeat$__f_sL_1.class
-rw-rw-r--   1 travis travis  1785 Apr  9 04:04 Repeat$_Repeat$_fireFunction_Repeat_Test_Repeat$__f_sL_2.class
-rw-rw-r--   1 travis travis   685 Apr  9 04:04 Repeat$_Repeat_SDF_Director_run_Repeat$__R_sL_0.class
-rw-rw-r--   1 travis travis   540 Apr  9 04:04 Repeat$_Repeat_SDF_Director_run_Repeat$__R_sL_1.class
-rw-rw-r--   1 travis travis   540 Apr  9 04:04 Repeat$_Repeat_SDF_Director_run_Repeat$__R_sL_2.class
-rw-rw-r--   1 travis travis   540 Apr  9 04:04 Repeat$_Repeat_SDF_Director_run_Repeat$__R_sL_4.class
-rw-rw-r--   1 travis travis   540 Apr  9 04:04 Repeat$_Repeat_SDF_Director_run_Repeat$__R_sL_5.class
-rw-rw-r--   1 travis travis   691 Apr  9 04:04 Repeat$_Repeat_SDF_Director_run_Repeat$__R_sL_6.class
-rw-rw-r--   1 travis travis   540 Apr  9 04:04 Repeat$_Repeat_SDF_Director_run_Repeat$__R_sL_7.class
-rw-rw-r--   1 travis travis   863 Apr  9 04:04 Repeat$_varinit_Repeat.class
-rw-rw-r--   1 travis travis   530 Apr  9 04:04 Repeat$_varinit_Repeat$__v_sL_1.class
-rw-rw-r--   1 travis travis   531 Apr  9 04:04 Repeat$_varinit_Repeat$__v_sL_2.class
-rw-rw-r--   1 travis travis   905 Apr  9 04:04 Repeat$_varinit_Repeat$__v_sL_4.class
-rw-rw-r--   1 travis travis   635 Apr  9 04:04 Repeat$_wrapup_Repeat.class
-rw-rw-r--   1 travis travis   965 Apr  9 04:04 Repeat$_wrapup_Repeat$__w_sL_1.class
-rw-rw-r--   1 travis travis   289 Apr  9 03:59 result.csv
drwxrwxr-x   3 travis travis 12288 Apr  9 04:02 Scrambler1
drwxrwxr-x   3 travis travis 20480 Apr  9 04:01 Sinewave2
drwxrwxr-x   3 travis travis 69632 Apr  9 04:02 StringCompare
drwxrwxr-x   3 travis travis 32768 Apr  9 04:02 StringFunction
drwxrwxr-x   3 travis travis 12288 Apr  9 04:03 StringLength
drwxrwxr-x   3 travis travis 57344 Apr  9 04:03 StringSimpleReplace
drwxrwxr-x   3 travis travis 12288 Apr  9 04:04 time2
drwxrwxr-x   3 travis travis 12288 Apr  9 04:04 time5
-rw-rw-r--   1 travis travis   432 Apr  9 04:04 Token.class
-rw-rw-r--   1 travis travis   251 Apr  9 04:04 Token.java
-rw-rw-r--   1 travis travis     0 Apr  9 04:04 top.
-rw-rw-r--   1 travis travis 20502 Apr  9 03:59 top.c
-rw-rw-r--   1 travis travis  3567 Apr  9 04:04 top.class
-rw-rw-r--   1 travis travis   169 Apr  9 03:59 top.html
-rw-rw-r--   1 travis travis  7552 Apr  9 04:04 top.java
-rw-rw-r--   1 travis travis 38888 Apr  9 03:59 top.o
drwxrwxr-x   3 travis travis 57344 Apr  9 04:02 UnaryMathFunction
All Done
Writing ModularCG_A2.java in file:/home/travis/cg/ (15129 characters)
Reading "ptolemy/cg/kernel/generic/program/procedural/java/modular/makefile.in",
    writing "/home/travis/cg/ModularCG_A2.mk"
Using ptolemy/cg/kernel/generic/program/procedural/java/modular/makefile.in
In "/home/travis/cg", about to execute:
    make -f ModularCG_A2.mk
javac -classpath ".:.."    ModularCG_A2.java
All Done
Manager.initialize() finished: 12510 ms. Memory: 176640K Free: 93732K (53%)
12513 ms. Memory: 176640K Free: 93732K (53%)
----------------- Invoking toplevel() on ptolemy.moml.MoMLSimpleApplication@64d93529
----------------- Done invoking toplevel() on ptolemy.moml.MoMLSimpleApplication@64d93529
reloadAllAccessors: .ModularCG

===========================================================================================
----------------- testing Tue Apr 09 04:05:01 UTC 2019 /home/travis/build/icyphy/ptII/ptolemy/cg/lib/test/auto/ModularCGPubSub.xml
----------------- Instantiating /home/travis/build/icyphy/ptII/ptolemy/cg/lib/test/auto/ModularCGPubSub.xml
In "/home/travis/cg", about to execute:
    pwd
In "/home/travis/cg", about to execute:
    ls -l
/home/travis/cg
In "/home/travis/cg", about to execute:
    javac -classpath
.:/home/travis/build/icyphy/ptII:/home/travis/build/icyphy/ptII/lib/bsh-2.0b4.j
ar:/home/travis/build/icyphy/ptII/lib/ptCal.jar:/home/travis/build/icyphy/ptII/
lib/java_cup.jar:/home/travis/build/icyphy/ptII/lib/saxon8.jar:/home/travis/bui
ld/icyphy/ptII/lib/saxon8-dom.jar:/home/travis/build/icyphy/ptII/lib/chic.jar:/
home/travis/build/icyphy/ptII/lib/ptcolt.jar:/usr/lib/jvm/java-8-oracle/lib/too
ls.jar:/home/travis/build/icyphy/ptII/vendors/misc/itext/iText.jar:/home/travis
/build/icyphy/ptII/lib/g4ltl.jar:/home/travis/build/icyphy/ptII/lib/StructuralC
oder.jar:/home/travis/build/icyphy/ptII/vendors/jai-1_1_2_01/lib/jai_core.jar:/
home/travis/build/icyphy/ptII/vendors/jai-1_1_2_01/lib/jai_codec.jar:/home/trav
is/build/icyphy/ptII/lib/jcerti.jar:/home/travis/build/icyphy/ptII/lib/javax.ma
il.jar:/home/travis/build/icyphy/ptII/vendors/JMF-2.1.1e/lib/jmf.jar:/home/trav
is/build/icyphy/ptII/lib/jna-4.0.0-variadic.jar:/home/travis/build/icyphy/ptII/
vendors/misc/joystick/Joystick.jar:/home/travis/build/icyphy/ptII/lib/ptjacl.ja
r:/home/travis/build/icyphy/ptII/lib/jsoup-1.8.2.jar:/home/travis/build/icyphy/
ptII/lib/junit-4.8.2.jar:/home/travis/build/icyphy/ptII/lib/JUnitParams-0.4.0.j
ar:/home/travis/build/icyphy/ptII/ptolemy/actor/lib/excel/jxl.jar:/home/travis/
build/icyphy/ptII/lib/jython.jar:/home/travis/build/icyphy/ptII/lib/kieler.jar:
/home/travis/build/icyphy/ptII/vendors/opencv/share/OpenCV/java/opencv-341.jar:
/home/travis/build/icyphy/ptII/lib/oscP5.jar:/home/travis/build/icyphy/ptII/lib
/nrjavaserial-3.11.0.devel.jar:/home/travis/build/icyphy/ptII/vendors/j3d/lib/j
3dcore.jar:/home/travis/build/icyphy/ptII/vendors/j3d/lib/j3dutils.jar:/home/tr
avis/build/icyphy/ptII/vendors/j3d/lib/vecmath.jar:/home/travis/build/icyphy/pt
II/ptolemy/distributed/jini/jar/jini-core.jar:/home/travis/build/icyphy/ptII/pt
olemy/distributed/jini/jar/jini-ext.jar:/home/travis/build/icyphy/ptII/ptolemy/
distributed/jini/jar/sun-util.jar:/home/travis/build/icyphy/ptII/lib/protobuf-j
ava-2.4.1.jar:/home/travis/build/icyphy/ptII/lib/org.eclipse.paho.client.mqttv3
.jar:/home/travis/build/icyphy/ptII/lib/mapss.jar:/home/travis/build/icyphy/ptI
I/ptolemy/actor/ptalon/antlr/antlr.jar:/home/travis/build/icyphy/ptII/lib/JRI.j
ar:/home/travis/build/icyphy/ptII/lib/commons-lang-2.6.jar:/home/travis/build/i
cyphy/ptII/lib/commons-logging-1.1.1.jar:/home/travis/build/icyphy/ptII/lib/soo
tclasses.jar:/home/travis/build/icyphy/ptII/ptolemy/actor/lib/database/mysql-co
nnector-java-5.1.6-bin.jar:/home/travis/build/icyphy/ptII/vendors/misc/sphinx4/
sphinx4-data-5prealpha.jar:/home/travis/build/icyphy/ptII/vendors/misc/sphinx4/
sphinx4-core-5prealpha.jar:/home/travis/build/icyphy/ptII/lib/PDFRenderer.jar:/
home/travis/build/icyphy/ptII/lib/svgSalamander.jar:/home/travis/build/icyphy/p
tII/lib/rsyntaxtextarea-2.6.0-SNAPSHOT.jar:/home/travis/build/icyphy/ptII/lib/h
azelcast-3.8.2.jar:/home/travis/build/icyphy/ptII/lib/jackson-annotations-2.9.0
.jar:/home/travis/build/icyphy/ptII/lib/jackson-core-2.9.3.jar:/home/travis/bui
ld/icyphy/ptII/lib/jackson-databind-2.9.3.jar:/home/travis/build/icyphy/ptII/li
b/netty-buffer-4.1.19.Final.jar:/home/travis/build/icyphy/ptII/lib/netty-codec-
4.1.19.Final.jar:/home/travis/build/icyphy/ptII/lib/netty-codec-dns-4.1.19.Fina
l.jar:/home/travis/build/icyphy/ptII/lib/netty-codec-http-4.1.19.Final.jar:/hom
e/travis/build/icyphy/ptII/lib/netty-codec-http2-4.1.19.Final.jar:/home/travis/
build/icyphy/ptII/lib/netty-common-4.1.19.Final.jar:/home/travis/build/icyphy/p
tII/lib/netty-handler-4.1.19.Final.jar:/home/travis/build/icyphy/ptII/lib/netty
-resolver-4.1.19.Final.jar:/home/travis/build/icyphy/ptII/lib/netty-resolver-dn
s-4.1.19.Final.jar:/home/travis/build/icyphy/ptII/lib/netty-transport-4.1.19.Fi
nal.jar:/home/travis/build/icyphy/ptII/lib/vertx-codegen-3.5.1.jar:/home/travis
/build/icyphy/ptII/lib/vertx-core-3.5.2-SNAPSHOT.jar:/home/travis/build/icyphy/
ptII/lib/vertx-hazelcast-3.5.1.jar:/home/travis/build/icyphy/ptII/lib/vertx-lan
g-js-3.5.1.jar:/home/travis/build/icyphy/ptII/lib/vertx-service-proxy-3.5.1.jar
:/home/travis/build/icyphy/ptII/lib/vertx-web-3.5.1.jar:/home/travis/build/icyp
hy/ptII/lib/slf4j-api-1.7.13.jar:/home/travis/build/icyphy/ptII/lib/slf4j-simpl
e-1.7.13.jar:/home/travis/build/icyphy/ptII/lib/webcam-capture-0.3.12.jar:/home
/travis/build/icyphy/ptII/lib/bridj-0.7.0.jar:/home/travis/build/icyphy/ptII/li
b/xbjlib-1.1.0.nrjavaserial.jar:/home/travis/build/icyphy/ptII/ptolemy/moml/tes
t:/home/travis/build/icyphy/ptII/ant/lib/ant-launcher.jar:/home/travis/build/ic
yphy/ptII/ant/lib/ant.jar:/home/travis/build/icyphy/ptII/ant/lib/ant-junit.jar:
/home/travis/build/icyphy/ptII/ant/lib/ant-junit4.jar:/home/travis/build/icyphy
/ptII ModularCGPubSub_A1_A2_profile.java
total 1216
drwxrwxr-x   3 travis travis 12288 Apr  9 04:00 AbsoluteValue
drwxrwxr-x   3 travis travis 16384 Apr  9 04:00 Case1
drwxrwxr-x   3 travis travis 32768 Apr  9 04:00 Case2
-rw-rw-r--   1 travis travis  4895 Apr  9 04:04 CompiledCompositeActor_CompiledCompositeActor.class
-rw-rw-r--   1 travis travis  1592 Apr  9 04:04 CompiledCompositeActor_CompiledCompositeActor$_CompiledCompositeActor_CompiledCompositeActor.class
-rw-rw-r--   1 travis travis 13466 Apr  9 04:04 CompiledCompositeActor_CompiledCompositeActor.java
-rw-rw-r--   1 travis travis  1593 Apr  9 04:04 CompiledCompositeActor_CompiledCompositeActor.mk
drwxrwxr-x   3 travis travis 24576 Apr  9 04:02 DeScrambler
drwxrwxr-x   3 travis travis 16384 Apr  9 04:04 DotProduct
drwxrwxr-x   3 travis travis 12288 Apr  9 04:00 FileWriter1
drwxrwxr-x   3 travis travis 20480 Apr  9 04:00 FixToDoubleAndBack
drwxrwxr-x   3 travis travis 16384 Apr  9 04:00 Gaussian1
drwxrwxr-x   3 travis travis 20480 Apr  9 04:00 Gaussian2
-rw-rw-r--   1 travis travis  4457 Apr  9 04:04 JavaCompiledCompositeTest1_CompiledCompositeActor.class
-rw-rw-r--   1 travis travis 11637 Apr  9 04:04 JavaCompiledCompositeTest1_CompiledCompositeActor.java
-rw-rw-r--   1 travis travis  1198 Apr  9 04:04 JavaCompiledCompositeTest1_CompiledCompositeActor$_JavaCompiledCompositeTest1_CompiledCompositeActor.class
-rw-rw-r--   1 travis travis  1625 Apr  9 04:04 JavaCompiledCompositeTest1_CompiledCompositeActor.mk
-rw-rw-r--   1 travis travis  4888 Apr  9 04:04 JavaCompiledCompositeTest2_CompiledCompositeActor.class
-rw-rw-r--   1 travis travis 14919 Apr  9 04:04 JavaCompiledCompositeTest2_CompiledCompositeActor.java
-rw-rw-r--   1 travis travis  1793 Apr  9 04:04 JavaCompiledCompositeTest2_CompiledCompositeActor$_JavaCompiledCompositeTest2_CompiledCompositeActor.class
-rw-rw-r--   1 travis travis  1625 Apr  9 04:04 JavaCompiledCompositeTest2_CompiledCompositeActor.mk
-rw-rw-r--   1 travis travis  4505 Apr  9 04:04 JavaCompiledCompositeTest3_CompiledCompositeActor.class
-rw-rw-r--   1 travis travis 13080 Apr  9 04:04 JavaCompiledCompositeTest3_CompiledCompositeActor.java
-rw-rw-r--   1 travis travis  1378 Apr  9 04:04 JavaCompiledCompositeTest3_CompiledCompositeActor$_JavaCompiledCompositeTest3_CompiledCompositeActor.class
-rw-rw-r--   1 travis travis  1625 Apr  9 04:04 JavaCompiledCompositeTest3_CompiledCompositeActor.mk
-rw-rw-r--   1 travis travis  3953 Apr  9 04:04 JavaCompiledCompositeTest4_CompiledCompositeActor.class
-rw-rw-r--   1 travis travis  9687 Apr  9 04:04 JavaCompiledCompositeTest4_CompiledCompositeActor.java
-rw-rw-r--   1 travis travis   857 Apr  9 04:04 JavaCompiledCompositeTest4_CompiledCompositeActor$_JavaCompiledCompositeTest4_CompiledCompositeActor.class
-rw-rw-r--   1 travis travis  1625 Apr  9 04:04 JavaCompiledCompositeTest4_CompiledCompositeActor.mk
drwxrwxr-x   3 travis travis 12288 Apr  9 04:01 LookupTable
drwxrwxr-x   3 travis travis 20480 Apr  9 04:01 MaxIndex
-rw-rw-r--   1 travis travis  3693 Apr  9 04:04 ModularCG_A1_B1.class
-rw-rw-r--   1 travis travis  9730 Apr  9 04:04 ModularCG_A1_B1.java
-rw-rw-r--   1 travis travis   832 Apr  9 04:04 ModularCG_A1_B1.mk
-rw-rw-r--   1 travis travis  1318 Apr  9 04:04 ModularCG_A1_B1_profile.class
-rw-rw-r--   1 travis travis  1262 Apr  9 04:04 ModularCG_A1_B1_profile.java
-rw-rw-r--   1 travis travis  3693 Apr  9 04:04 ModularCG_A1_B2.class
-rw-rw-r--   1 travis travis  9730 Apr  9 04:04 ModularCG_A1_B2.java
-rw-rw-r--   1 travis travis   832 Apr  9 04:04 ModularCG_A1_B2.mk
-rw-rw-r--   1 travis travis  1318 Apr  9 04:04 ModularCG_A1_B2_profile.class
-rw-rw-r--   1 travis travis  1262 Apr  9 04:04 ModularCG_A1_B2_profile.java
-rw-rw-r--   1 travis travis  4799 Apr  9 04:04 ModularCG_A1.class
-rw-rw-r--   1 travis travis 14742 Apr  9 04:04 ModularCG_A1.java
-rw-rw-r--   1 travis travis   808 Apr  9 04:04 ModularCG_A1.mk
-rw-rw-r--   1 travis travis  1433 Apr  9 04:04 ModularCG_A1_profile.class
-rw-rw-r--   1 travis travis  1704 Apr  9 04:04 ModularCG_A1_profile.java
-rw-rw-r--   1 travis travis  3827 Apr  9 04:04 ModularCG_A2_B1.class
-rw-rw-r--   1 travis travis 10667 Apr  9 04:04 ModularCG_A2_B1.java
-rw-rw-r--   1 travis travis   832 Apr  9 04:04 ModularCG_A2_B1.mk
-rw-rw-r--   1 travis travis  1381 Apr  9 04:04 ModularCG_A2_B1_profile.class
-rw-rw-r--   1 travis travis  1446 Apr  9 04:04 ModularCG_A2_B1_profile.java
-rw-rw-r--   1 travis travis  3693 Apr  9 04:04 ModularCG_A2_B2.class
-rw-rw-r--   1 travis travis  9730 Apr  9 04:04 ModularCG_A2_B2.java
-rw-rw-r--   1 travis travis   832 Apr  9 04:04 ModularCG_A2_B2.mk
-rw-rw-r--   1 travis travis  1318 Apr  9 04:04 ModularCG_A2_B2_profile.class
-rw-rw-r--   1 travis travis  1262 Apr  9 04:04 ModularCG_A2_B2_profile.java
-rw-rw-r--   1 travis travis  4870 Apr  9 04:05 ModularCG_A2.class
-rw-rw-r--   1 travis travis 15129 Apr  9 04:05 ModularCG_A2.java
-rw-rw-r--   1 travis travis   808 Apr  9 04:05 ModularCG_A2.mk
-rw-rw-r--   1 travis travis  1433 Apr  9 04:05 ModularCG_A2_profile.class
-rw-rw-r--   1 travis travis  1704 Apr  9 04:04 ModularCG_A2_profile.java
-rw-rw-r--   1 travis travis  1222 Apr  9 04:05 ModularCGPubSub_A1_A2_profile.java
-rw-rw-r--   1 travis travis  3492 Apr  9 04:04 ModularCodeGenTest_A1_A2.class
-rw-rw-r--   1 travis travis   904 Apr  9 04:04 ModularCodeGenTest_A1_A2.mk
-rw-rw-r--   1 travis travis  1306 Apr  9 04:04 ModularCodeGenTest_A1_A2_profile.class
-rw-rw-r--   1 travis travis  3823 Apr  9 04:04 ModularCodeGenTest_A1.class
-rw-rw-r--   1 travis travis  9968 Apr  9 04:04 ModularCodeGenTest_A1.java
-rw-rw-r--   1 travis travis   880 Apr  9 04:04 ModularCodeGenTest_A1.mk
-rw-rw-r--   1 travis travis  1352 Apr  9 04:04 ModularCodeGenTest_A1_profile.class
-rw-rw-r--   1 travis travis  1394 Apr  9 04:04 ModularCodeGenTest_A1_profile.java
drwxrwxr-x   3 travis travis 36864 Apr  9 04:04 modulation2
drwxrwxr-x   3 travis travis 20480 Apr  9 04:01 Multiplexor
drwxrwxr-x 242 travis travis 12288 Apr  9 04:04 node_modules
drwxrwxr-x   3 travis travis 20480 Apr  9 04:01 PhaseUnwrap
-rw-rw-r--   1 travis travis   520 Apr  9 04:04 Repeat$_fireFunction_Repeat_Repeat$__f_sL_0.class
-rw-rw-r--   1 travis travis   522 Apr  9 04:04 Repeat$_fireFunction_Repeat_Repeat$__f_sL_10.class
-rw-rw-r--   1 travis travis   666 Apr  9 04:04 Repeat$_fireFunction_Repeat_Repeat$__f_sL_11.class
-rw-rw-r--   1 travis travis   522 Apr  9 04:04 Repeat$_fireFunction_Repeat_Repeat$__f_sL_13.class
-rw-rw-r--   1 travis travis   665 Apr  9 04:04 Repeat$_fireFunction_Repeat_Repeat$__f_sL_1.class
-rw-rw-r--   1 travis travis   520 Apr  9 04:04 Repeat$_fireFunction_Repeat_Repeat$__f_sL_2.class
-rw-rw-r--   1 travis travis   520 Apr  9 04:04 Repeat$_fireFunction_Repeat_Repeat$__f_sL_3.class
-rw-rw-r--   1 travis travis   520 Apr  9 04:04 Repeat$_fireFunction_Repeat_Repeat$__f_sL_5.class
-rw-rw-r--   1 travis travis   671 Apr  9 04:04 Repeat$_fireFunction_Repeat_Repeat$__f_sL_7.class
-rw-rw-r--   1 travis travis   520 Apr  9 04:04 Repeat$_fireFunction_Repeat_Repeat$__f_sL_9.class
-rw-rw-r--   1 travis travis   813 Apr  9 04:04 Repeat$_initialize_Repeat.class
-rw-rw-r--   1 travis travis   475 Apr  9 04:04 Repeat$_initialize_Repeat$__i_sL_0.class
-rw-rw-r--   1 travis travis   519 Apr  9 04:04 Repeat$_initialize_Repeat$__i_sL_3.class
-rw-rw-r--   1 travis travis 39778 Apr  9 04:04 Repeat.java
-rw-rw-r--   1 travis travis  1281 Apr  9 04:04 Repeat.mk
-rw-rw-r--   1 travis travis   520 Apr  9 04:04 Repeat$_preinitializeMethod_Repeat$__p_sL_0.class
-rw-rw-r--   1 travis travis   520 Apr  9 04:04 Repeat$_preinitializeMethod_Repeat$__p_sL_1.class
-rw-rw-r--   1 travis travis  1083 Apr  9 04:04 Repeat$_Repeat$_fireFunction_Repeat_AddSubtract_Repeat.class
-rw-rw-r--   1 travis travis   791 Apr  9 04:04 Repeat$_Repeat$_fireFunction_Repeat_AddSubtract_Repeat$__f_sL_0.class
-rw-rw-r--   1 travis travis   909 Apr  9 04:04 Repeat$_Repeat$_fireFunction_Repeat_AddSubtract_Repeat$__f_sL_1.class
-rw-rw-r--   1 travis travis   915 Apr  9 04:04 Repeat$_Repeat$_fireFunction_Repeat_AddSubtract_Repeat$__f_sL_2.class
-rw-rw-r--   1 travis travis   838 Apr  9 04:04 Repeat$_Repeat$_fireFunction_Repeat_Ramp2_Repeat$__f_sL_1.class
-rw-rw-r--   1 travis travis  1785 Apr  9 04:04 Repeat$_Repeat$_fireFunction_Repeat_Test_Repeat$__f_sL_2.class
-rw-rw-r--   1 travis travis   685 Apr  9 04:04 Repeat$_Repeat_SDF_Director_run_Repeat$__R_sL_0.class
-rw-rw-r--   1 travis travis   540 Apr  9 04:04 Repeat$_Repeat_SDF_Director_run_Repeat$__R_sL_1.class
-rw-rw-r--   1 travis travis   540 Apr  9 04:04 Repeat$_Repeat_SDF_Director_run_Repeat$__R_sL_2.class
-rw-rw-r--   1 travis travis   540 Apr  9 04:04 Repeat$_Repeat_SDF_Director_run_Repeat$__R_sL_4.class
-rw-rw-r--   1 travis travis   540 Apr  9 04:04 Repeat$_Repeat_SDF_Director_run_Repeat$__R_sL_5.class
-rw-rw-r--   1 travis travis   691 Apr  9 04:04 Repeat$_Repeat_SDF_Director_run_Repeat$__R_sL_6.class
-rw-rw-r--   1 travis travis   540 Apr  9 04:04 Repeat$_Repeat_SDF_Director_run_Repeat$__R_sL_7.class
-rw-rw-r--   1 travis travis   863 Apr  9 04:04 Repeat$_varinit_Repeat.class
-rw-rw-r--   1 travis travis   530 Apr  9 04:04 Repeat$_varinit_Repeat$__v_sL_1.class
-rw-rw-r--   1 travis travis   531 Apr  9 04:04 Repeat$_varinit_Repeat$__v_sL_2.class
-rw-rw-r--   1 travis travis   905 Apr  9 04:04 Repeat$_varinit_Repeat$__v_sL_4.class
-rw-rw-r--   1 travis travis   635 Apr  9 04:04 Repeat$_wrapup_Repeat.class
-rw-rw-r--   1 travis travis   965 Apr  9 04:04 Repeat$_wrapup_Repeat$__w_sL_1.class
-rw-rw-r--   1 travis travis   289 Apr  9 03:59 result.csv
drwxrwxr-x   3 travis travis 12288 Apr  9 04:02 Scrambler1
drwxrwxr-x   3 travis travis 20480 Apr  9 04:01 Sinewave2
drwxrwxr-x   3 travis travis 69632 Apr  9 04:02 StringCompare
drwxrwxr-x   3 travis travis 32768 Apr  9 04:02 StringFunction
drwxrwxr-x   3 travis travis 12288 Apr  9 04:03 StringLength
drwxrwxr-x   3 travis travis 57344 Apr  9 04:03 StringSimpleReplace
drwxrwxr-x   3 travis travis 12288 Apr  9 04:04 time2
drwxrwxr-x   3 travis travis 12288 Apr  9 04:04 time5
-rw-rw-r--   1 travis travis   432 Apr  9 04:05 Token.class
-rw-rw-r--   1 travis travis   251 Apr  9 04:05 Token.java
-rw-rw-r--   1 travis travis     0 Apr  9 04:04 top.
-rw-rw-r--   1 travis travis 20502 Apr  9 03:59 top.c
-rw-rw-r--   1 travis travis  3567 Apr  9 04:04 top.class
-rw-rw-r--   1 travis travis   169 Apr  9 03:59 top.html
-rw-rw-r--   1 travis travis  7552 Apr  9 04:04 top.java
-rw-rw-r--   1 travis travis 38888 Apr  9 03:59 top.o
drwxrwxr-x   3 travis travis 57344 Apr  9 04:02 UnaryMathFunction
All Done
Writing ModularCGPubSub_A1_A2.java in file:/home/travis/cg/ (9076 characters)
Reading "ptolemy/cg/kernel/generic/program/procedural/java/modular/makefile.in",
    writing "/home/travis/cg/ModularCGPubSub_A1_A2.mk"
Using ptolemy/cg/kernel/generic/program/procedural/java/modular/makefile.in
In "/home/travis/cg", about to execute:
    make -f ModularCGPubSub_A1_A2.mk
javac -classpath ".:.."    ModularCGPubSub_A1_A2.java
All Done
In "/home/travis/cg", about to execute:
    pwd
/home/travis/cg
In "/home/travis/cg", about to execute:
    ls -l
total 1244
drwxrwxr-x   3 travis travis 12288 Apr  9 04:00 AbsoluteValue
drwxrwxr-x   3 travis travis 16384 Apr  9 04:00 Case1
drwxrwxr-x   3 travis travis 32768 Apr  9 04:00 Case2
-rw-rw-r--   1 travis travis  4895 Apr  9 04:04 CompiledCompositeActor_CompiledCompositeActor.class
-rw-rw-r--   1 travis travis  1592 Apr  9 04:04 CompiledCompositeActor_CompiledCompositeActor$_CompiledCompositeActor_CompiledCompositeActor.class
-rw-rw-r--   1 travis travis 13466 Apr  9 04:04 CompiledCompositeActor_CompiledCompositeActor.java
-rw-rw-r--   1 travis travis  1593 Apr  9 04:04 CompiledCompositeActor_CompiledCompositeActor.mk
drwxrwxr-x   3 travis travis 24576 Apr  9 04:02 DeScrambler
drwxrwxr-x   3 travis travis 16384 Apr  9 04:04 DotProduct
drwxrwxr-x   3 travis travis 12288 Apr  9 04:00 FileWriter1
drwxrwxr-x   3 travis travis 20480 Apr  9 04:00 FixToDoubleAndBack
drwxrwxr-x   3 travis travis 16384 Apr  9 04:00 Gaussian1
drwxrwxr-x   3 travis travis 20480 Apr  9 04:00 Gaussian2
-rw-rw-r--   1 travis travis  4457 Apr  9 04:04 JavaCompiledCompositeTest1_CompiledCompositeActor.class
-rw-rw-r--   1 travis travis 11637 Apr  9 04:04 JavaCompiledCompositeTest1_CompiledCompositeActor.java
-rw-rw-r--   1 travis travis  1198 Apr  9 04:04 JavaCompiledCompositeTest1_CompiledCompositeActor$_JavaCompiledCompositeTest1_CompiledCompositeActor.class
-rw-rw-r--   1 travis travis  1625 Apr  9 04:04 JavaCompiledCompositeTest1_CompiledCompositeActor.mk
-rw-rw-r--   1 travis travis  4888 Apr  9 04:04 JavaCompiledCompositeTest2_CompiledCompositeActor.class
-rw-rw-r--   1 travis travis 14919 Apr  9 04:04 JavaCompiledCompositeTest2_CompiledCompositeActor.java
-rw-rw-r--   1 travis travis  1793 Apr  9 04:04 JavaCompiledCompositeTest2_CompiledCompositeActor$_JavaCompiledCompositeTest2_CompiledCompositeActor.class
-rw-rw-r--   1 travis travis  1625 Apr  9 04:04 JavaCompiledCompositeTest2_CompiledCompositeActor.mk
-rw-rw-r--   1 travis travis  4505 Apr  9 04:04 JavaCompiledCompositeTest3_CompiledCompositeActor.class
-rw-rw-r--   1 travis travis 13080 Apr  9 04:04 JavaCompiledCompositeTest3_CompiledCompositeActor.java
-rw-rw-r--   1 travis travis  1378 Apr  9 04:04 JavaCompiledCompositeTest3_CompiledCompositeActor$_JavaCompiledCompositeTest3_CompiledCompositeActor.class
-rw-rw-r--   1 travis travis  1625 Apr  9 04:04 JavaCompiledCompositeTest3_CompiledCompositeActor.mk
-rw-rw-r--   1 travis travis  3953 Apr  9 04:04 JavaCompiledCompositeTest4_CompiledCompositeActor.class
-rw-rw-r--   1 travis travis  9687 Apr  9 04:04 JavaCompiledCompositeTest4_CompiledCompositeActor.java
-rw-rw-r--   1 travis travis   857 Apr  9 04:04 JavaCompiledCompositeTest4_CompiledCompositeActor$_JavaCompiledCompositeTest4_CompiledCompositeActor.class
-rw-rw-r--   1 travis travis  1625 Apr  9 04:04 JavaCompiledCompositeTest4_CompiledCompositeActor.mk
drwxrwxr-x   3 travis travis 12288 Apr  9 04:01 LookupTable
drwxrwxr-x   3 travis travis 20480 Apr  9 04:01 MaxIndex
-rw-rw-r--   1 travis travis  3693 Apr  9 04:04 ModularCG_A1_B1.class
-rw-rw-r--   1 travis travis  9730 Apr  9 04:04 ModularCG_A1_B1.java
-rw-rw-r--   1 travis travis   832 Apr  9 04:04 ModularCG_A1_B1.mk
-rw-rw-r--   1 travis travis  1318 Apr  9 04:04 ModularCG_A1_B1_profile.class
-rw-rw-r--   1 travis travis  1262 Apr  9 04:04 ModularCG_A1_B1_profile.java
-rw-rw-r--   1 travis travis  3693 Apr  9 04:04 ModularCG_A1_B2.class
-rw-rw-r--   1 travis travis  9730 Apr  9 04:04 ModularCG_A1_B2.java
-rw-rw-r--   1 travis travis   832 Apr  9 04:04 ModularCG_A1_B2.mk
-rw-rw-r--   1 travis travis  1318 Apr  9 04:04 ModularCG_A1_B2_profile.class
-rw-rw-r--   1 travis travis  1262 Apr  9 04:04 ModularCG_A1_B2_profile.java
-rw-rw-r--   1 travis travis  4799 Apr  9 04:04 ModularCG_A1.class
-rw-rw-r--   1 travis travis 14742 Apr  9 04:04 ModularCG_A1.java
-rw-rw-r--   1 travis travis   808 Apr  9 04:04 ModularCG_A1.mk
-rw-rw-r--   1 travis travis  1433 Apr  9 04:04 ModularCG_A1_profile.class
-rw-rw-r--   1 travis travis  1704 Apr  9 04:04 ModularCG_A1_profile.java
-rw-rw-r--   1 travis travis  3827 Apr  9 04:04 ModularCG_A2_B1.class
-rw-rw-r--   1 travis travis 10667 Apr  9 04:04 ModularCG_A2_B1.java
-rw-rw-r--   1 travis travis   832 Apr  9 04:04 ModularCG_A2_B1.mk
-rw-rw-r--   1 travis travis  1381 Apr  9 04:04 ModularCG_A2_B1_profile.class
-rw-rw-r--   1 travis travis  1446 Apr  9 04:04 ModularCG_A2_B1_profile.java
-rw-rw-r--   1 travis travis  3693 Apr  9 04:04 ModularCG_A2_B2.class
-rw-rw-r--   1 travis travis  9730 Apr  9 04:04 ModularCG_A2_B2.java
-rw-rw-r--   1 travis travis   832 Apr  9 04:04 ModularCG_A2_B2.mk
-rw-rw-r--   1 travis travis  1318 Apr  9 04:04 ModularCG_A2_B2_profile.class
-rw-rw-r--   1 travis travis  1262 Apr  9 04:04 ModularCG_A2_B2_profile.java
-rw-rw-r--   1 travis travis  4870 Apr  9 04:05 ModularCG_A2.class
-rw-rw-r--   1 travis travis 15129 Apr  9 04:05 ModularCG_A2.java
-rw-rw-r--   1 travis travis   808 Apr  9 04:05 ModularCG_A2.mk
-rw-rw-r--   1 travis travis  1433 Apr  9 04:05 ModularCG_A2_profile.class
-rw-rw-r--   1 travis travis  1704 Apr  9 04:04 ModularCG_A2_profile.java
-rw-rw-r--   1 travis travis  3473 Apr  9 04:05 ModularCGPubSub_A1_A2.class
-rw-rw-r--   1 travis travis  9076 Apr  9 04:05 ModularCGPubSub_A1_A2.java
-rw-rw-r--   1 travis travis   880 Apr  9 04:05 ModularCGPubSub_A1_A2.mk
-rw-rw-r--   1 travis travis  1300 Apr  9 04:05 ModularCGPubSub_A1_A2_profile.class
-rw-rw-r--   1 travis travis  1222 Apr  9 04:05 ModularCGPubSub_A1_A2_profile.java
-rw-rw-r--   1 travis travis  1388 Apr  9 04:05 ModularCGPubSub_A1_profile.java
-rw-rw-r--   1 travis travis  3492 Apr  9 04:04 ModularCodeGenTest_A1_A2.class
-rw-rw-r--   1 travis travis   904 Apr  9 04:04 ModularCodeGenTest_A1_A2.mk
-rw-rw-r--   1 travis travis  1306 Apr  9 04:04 ModularCodeGenTest_A1_A2_profile.class
-rw-rw-r--   1 travis travis  3823 Apr  9 04:04 ModularCodeGenTest_A1.class
-rw-rw-r--   1 travis travis  9968 Apr  9 04:04 ModularCodeGenTest_A1.java
-rw-rw-r--   1 travis travis   880 Apr  9 04:04 ModularCodeGenTest_A1.mk
-rw-rw-r--   1 travis travis  1352 Apr  9 04:04 ModularCodeGenTest_A1_profile.class
-rw-rw-r--   1 travis travis  1394 Apr  9 04:04 ModularCodeGenTest_A1_profile.java
drwxrwxr-x   3 travis travis 36864 Apr  9 04:04 modulation2
drwxrwxr-x   3 travis travis 20480 Apr  9 04:01 Multiplexor
drwxrwxr-x 242 travis travis 12288 Apr  9 04:04 node_modules
drwxrwxr-x   3 travis travis 20480 Apr  9 04:01 PhaseUnwrap
-rw-rw-r--   1 travis travis   520 Apr  9 04:04 Repeat$_fireFunction_Repeat_Repeat$__f_sL_0.class
-rw-rw-r--   1 travis travis   522 Apr  9 04:04 Repeat$_fireFunction_Repeat_Repeat$__f_sL_10.class
-rw-rw-r--   1 travis travis   666 Apr  9 04:04 Repeat$_fireFunction_Repeat_Repeat$__f_sL_11.class
-rw-rw-r--   1 travis travis   522 Apr  9 04:04 Repeat$_fireFunction_Repeat_Repeat$__f_sL_13.class
-rw-rw-r--   1 travis travis   665 Apr  9 04:04 Repeat$_fireFunction_Repeat_Repeat$__f_sL_1.class
-rw-rw-r--   1 travis travis   520 Apr  9 04:04 Repeat$_fireFunction_Repeat_Repeat$__f_sL_2.class
-rw-rw-r--   1 travis travis   520 Apr  9 04:04 Repeat$_fireFunction_Repeat_Repeat$__f_sL_3.class
-rw-rw-r--   1 travis travis   520 Apr  9 04:04 Repeat$_fireFunction_Repeat_Repeat$__f_sL_5.class
-rw-rw-r--   1 travis travis   671 Apr  9 04:04 Repeat$_fireFunction_Repeat_Repeat$__f_sL_7.class
-rw-rw-r--   1 travis travis   520 Apr  9 04:04 Repeat$_fireFunction_Repeat_Repeat$__f_sL_9.class
-rw-rw-r--   1 travis travis   813 Apr  9 04:04 Repeat$_initialize_Repeat.class
-rw-rw-r--   1 travis travis   475 Apr  9 04:04 Repeat$_initialize_Repeat$__i_sL_0.class
-rw-rw-r--   1 travis travis   519 Apr  9 04:04 Repeat$_initialize_Repeat$__i_sL_3.class
-rw-rw-r--   1 travis travis 39778 Apr  9 04:04 Repeat.java
-rw-rw-r--   1 travis travis  1281 Apr  9 04:04 Repeat.mk
-rw-rw-r--   1 travis travis   520 Apr  9 04:04 Repeat$_preinitializeMethod_Repeat$__p_sL_0.class
-rw-rw-r--   1 travis travis   520 Apr  9 04:04 Repeat$_preinitializeMethod_Repeat$__p_sL_1.class
-rw-rw-r--   1 travis travis  1083 Apr  9 04:04 Repeat$_Repeat$_fireFunction_Repeat_AddSubtract_Repeat.class
-rw-rw-r--   1 travis travis   791 Apr  9 04:04 Repeat$_Repeat$_fireFunction_Repeat_AddSubtract_Repeat$__f_sL_0.class
-rw-rw-r--   1 travis travis   909 Apr  9 04:04 Repeat$_Repeat$_fireFunction_Repeat_AddSubtract_Repeat$__f_sL_1.class
-rw-rw-r--   1 travis travis   915 Apr  9 04:04 Repeat$_Repeat$_fireFunction_Repeat_AddSubtract_Repeat$__f_sL_2.class
-rw-rw-r--   1 travis travis   838 Apr  9 04:04 Repeat$_Repeat$_fireFunction_Repeat_Ramp2_Repeat$__f_sL_1.class
-rw-rw-r--   1 travis travis  1785 Apr  9 04:04 Repeat$_Repeat$_fireFunction_Repeat_Test_Repeat$__f_sL_2.class
-rw-rw-r--   1 travis travis   685 Apr  9 04:04 Repeat$_Repeat_SDF_Director_run_Repeat$__R_sL_0.class
-rw-rw-r--   1 travis travis   540 Apr  9 04:04 Repeat$_Repeat_SDF_Director_run_Repeat$__R_sL_1.class
-rw-rw-r--   1 travis travis   540 Apr  9 04:04 Repeat$_Repeat_SDF_Director_run_Repeat$__R_sL_2.class
-rw-rw-r--   1 travis travis   540 Apr  9 04:04 Repeat$_Repeat_SDF_Director_run_Repeat$__R_sL_4.class
-rw-rw-r--   1 travis travis   540 Apr  9 04:04 Repeat$_Repeat_SDF_Director_run_Repeat$__R_sL_5.class
-rw-rw-r--   1 travis travis   691 Apr  9 04:04 Repeat$_Repeat_SDF_Director_run_Repeat$__R_sL_6.class
-rw-rw-r--   1 travis travis   540 Apr  9 04:04 Repeat$_Repeat_SDF_Director_run_Repeat$__R_sL_7.class
-rw-rw-r--   1 travis travis   863 Apr  9 04:04 Repeat$_varinit_Repeat.class
-rw-rw-r--   1 travis travis   530 Apr  9 04:04 Repeat$_varinit_Repeat$__v_sL_1.class
-rw-rw-r--   1 travis travis   531 Apr  9 04:04 Repeat$_varinit_Repeat$__v_sL_2.class
-rw-rw-r--   1 travis travis   905 Apr  9 04:04 Repeat$_varinit_Repeat$__v_sL_4.class
-rw-rw-r--   1 travis travis   635 Apr  9 04:04 Repeat$_wrapup_Repeat.class
-rw-rw-r--   1 travis travis   965 Apr  9 04:04 Repeat$_wrapup_Repeat$__w_sL_1.class
-rw-rw-r--   1 travis travis   289 Apr  9 03:59 result.csv
drwxrwxr-x   3 travis travis 12288 Apr  9 04:02 Scrambler1
drwxrwxr-x   3 travis travis 20480 Apr  9 04:01 Sinewave2
drwxrwxr-x   3 travis travis 69632 Apr  9 04:02 StringCompare
drwxrwxr-x   3 travis travis 32768 Apr  9 04:02 StringFunction
drwxrwxr-x   3 travis travis 12288 Apr  9 04:03 StringLength
drwxrwxr-x   3 travis travis 57344 Apr  9 04:03 StringSimpleReplace
drwxrwxr-x   3 travis travis 12288 Apr  9 04:04 time2
drwxrwxr-x   3 travis travis 12288 Apr  9 04:04 time5
-rw-rw-r--   1 travis travis   432 Apr  9 04:05 Token.class
-rw-rw-r--   1 travis travis   251 Apr  9 04:05 Token.java
-rw-rw-r--   1 travis travis     0 Apr  9 04:04 top.
-rw-rw-r--   1 travis travis 20502 Apr  9 03:59 top.c
-rw-rw-r--   1 travis travis  3567 Apr  9 04:04 top.class
-rw-rw-r--   1 travis travis   169 Apr  9 03:59 top.html
-rw-rw-r--   1 travis travis  7552 Apr  9 04:04 top.java
-rw-rw-r--   1 travis travis 38888 Apr  9 03:59 top.o
drwxrwxr-x   3 travis travis 57344 Apr  9 04:02 UnaryMathFunction
In "/home/travis/cg", about to execute:
    javac -classpath
.:/home/travis/build/icyphy/ptII:/home/travis/build/icyphy/ptII/lib/bsh-2.0b4.j
ar:/home/travis/build/icyphy/ptII/lib/ptCal.jar:/home/travis/build/icyphy/ptII/
lib/java_cup.jar:/home/travis/build/icyphy/ptII/lib/saxon8.jar:/home/travis/bui
ld/icyphy/ptII/lib/saxon8-dom.jar:/home/travis/build/icyphy/ptII/lib/chic.jar:/
home/travis/build/icyphy/ptII/lib/ptcolt.jar:/usr/lib/jvm/java-8-oracle/lib/too
ls.jar:/home/travis/build/icyphy/ptII/vendors/misc/itext/iText.jar:/home/travis
/build/icyphy/ptII/lib/g4ltl.jar:/home/travis/build/icyphy/ptII/lib/StructuralC
oder.jar:/home/travis/build/icyphy/ptII/vendors/jai-1_1_2_01/lib/jai_core.jar:/
home/travis/build/icyphy/ptII/vendors/jai-1_1_2_01/lib/jai_codec.jar:/home/trav
is/build/icyphy/ptII/lib/jcerti.jar:/home/travis/build/icyphy/ptII/lib/javax.ma
il.jar:/home/travis/build/icyphy/ptII/vendors/JMF-2.1.1e/lib/jmf.jar:/home/trav
is/build/icyphy/ptII/lib/jna-4.0.0-variadic.jar:/home/travis/build/icyphy/ptII/
vendors/misc/joystick/Joystick.jar:/home/travis/build/icyphy/ptII/lib/ptjacl.ja
r:/home/travis/build/icyphy/ptII/lib/jsoup-1.8.2.jar:/home/travis/build/icyphy/
ptII/lib/junit-4.8.2.jar:/home/travis/build/icyphy/ptII/lib/JUnitParams-0.4.0.j
ar:/home/travis/build/icyphy/ptII/ptolemy/actor/lib/excel/jxl.jar:/home/travis/
build/icyphy/ptII/lib/jython.jar:/home/travis/build/icyphy/ptII/lib/kieler.jar:
/home/travis/build/icyphy/ptII/vendors/opencv/share/OpenCV/java/opencv-341.jar:
/home/travis/build/icyphy/ptII/lib/oscP5.jar:/home/travis/build/icyphy/ptII/lib
/nrjavaserial-3.11.0.devel.jar:/home/travis/build/icyphy/ptII/vendors/j3d/lib/j
3dcore.jar:/home/travis/build/icyphy/ptII/vendors/j3d/lib/j3dutils.jar:/home/tr
avis/build/icyphy/ptII/vendors/j3d/lib/vecmath.jar:/home/travis/build/icyphy/pt
II/ptolemy/distributed/jini/jar/jini-core.jar:/home/travis/build/icyphy/ptII/pt
olemy/distributed/jini/jar/jini-ext.jar:/home/travis/build/icyphy/ptII/ptolemy/
distributed/jini/jar/sun-util.jar:/home/travis/build/icyphy/ptII/lib/protobuf-j
ava-2.4.1.jar:/home/travis/build/icyphy/ptII/lib/org.eclipse.paho.client.mqttv3
.jar:/home/travis/build/icyphy/ptII/lib/mapss.jar:/home/travis/build/icyphy/ptI
I/ptolemy/actor/ptalon/antlr/antlr.jar:/home/travis/build/icyphy/ptII/lib/JRI.j
ar:/home/travis/build/icyphy/ptII/lib/commons-lang-2.6.jar:/home/travis/build/i
cyphy/ptII/lib/commons-logging-1.1.1.jar:/home/travis/build/icyphy/ptII/lib/soo
tclasses.jar:/home/travis/build/icyphy/ptII/ptolemy/actor/lib/database/mysql-co
nnector-java-5.1.6-bin.jar:/home/travis/build/icyphy/ptII/vendors/misc/sphinx4/
sphinx4-data-5prealpha.jar:/home/travis/build/icyphy/ptII/vendors/misc/sphinx4/
sphinx4-core-5prealpha.jar:/home/travis/build/icyphy/ptII/lib/PDFRenderer.jar:/
home/travis/build/icyphy/ptII/lib/svgSalamander.jar:/home/travis/build/icyphy/p
tII/lib/rsyntaxtextarea-2.6.0-SNAPSHOT.jar:/home/travis/build/icyphy/ptII/lib/h
azelcast-3.8.2.jar:/home/travis/build/icyphy/ptII/lib/jackson-annotations-2.9.0
.jar:/home/travis/build/icyphy/ptII/lib/jackson-core-2.9.3.jar:/home/travis/bui
ld/icyphy/ptII/lib/jackson-databind-2.9.3.jar:/home/travis/build/icyphy/ptII/li
b/netty-buffer-4.1.19.Final.jar:/home/travis/build/icyphy/ptII/lib/netty-codec-
4.1.19.Final.jar:/home/travis/build/icyphy/ptII/lib/netty-codec-dns-4.1.19.Fina
l.jar:/home/travis/build/icyphy/ptII/lib/netty-codec-http-4.1.19.Final.jar:/hom
e/travis/build/icyphy/ptII/lib/netty-codec-http2-4.1.19.Final.jar:/home/travis/
build/icyphy/ptII/lib/netty-common-4.1.19.Final.jar:/home/travis/build/icyphy/p
tII/lib/netty-handler-4.1.19.Final.jar:/home/travis/build/icyphy/ptII/lib/netty
-resolver-4.1.19.Final.jar:/home/travis/build/icyphy/ptII/lib/netty-resolver-dn
s-4.1.19.Final.jar:/home/travis/build/icyphy/ptII/lib/netty-transport-4.1.19.Fi
nal.jar:/home/travis/build/icyphy/ptII/lib/vertx-codegen-3.5.1.jar:/home/travis
/build/icyphy/ptII/lib/vertx-core-3.5.2-SNAPSHOT.jar:/home/travis/build/icyphy/
ptII/lib/vertx-hazelcast-3.5.1.jar:/home/travis/build/icyphy/ptII/lib/vertx-lan
g-js-3.5.1.jar:/home/travis/build/icyphy/ptII/lib/vertx-service-proxy-3.5.1.jar
:/home/travis/build/icyphy/ptII/lib/vertx-web-3.5.1.jar:/home/travis/build/icyp
hy/ptII/lib/slf4j-api-1.7.13.jar:/home/travis/build/icyphy/ptII/lib/slf4j-simpl
e-1.7.13.jar:/home/travis/build/icyphy/ptII/lib/webcam-capture-0.3.12.jar:/home
/travis/build/icyphy/ptII/lib/bridj-0.7.0.jar:/home/travis/build/icyphy/ptII/li
b/xbjlib-1.1.0.nrjavaserial.jar:/home/travis/build/icyphy/ptII/ptolemy/moml/tes
t:/home/travis/build/icyphy/ptII/ant/lib/ant-launcher.jar:/home/travis/build/ic
yphy/ptII/ant/lib/ant.jar:/home/travis/build/icyphy/ptII/ant/lib/ant-junit.jar:
/home/travis/build/icyphy/ptII/ant/lib/ant-junit4.jar:/home/travis/build/icyphy
/ptII ModularCGPubSub_A1_profile.java
All Done
Writing ModularCGPubSub_A1.java in file:/home/travis/cg/ (9836 characters)
Reading "ptolemy/cg/kernel/generic/program/procedural/java/modular/makefile.in",
    writing "/home/travis/cg/ModularCGPubSub_A1.mk"
Using ptolemy/cg/kernel/generic/program/procedural/java/modular/makefile.in
In "/home/travis/cg", about to execute:
    make -f ModularCGPubSub_A1.mk
javac -classpath ".:.."    ModularCGPubSub_A1.java
All Done
4573 ms. Memory: 173568K Free: 84508K (49%)
----------------- Invoking toplevel() on ptolemy.moml.MoMLSimpleApplication@7f686e49
----------------- Done invoking toplevel() on ptolemy.moml.MoMLSimpleApplication@7f686e49
reloadAllAccessors: .ModularCGPubSub

===========================================================================================
----------------- testing Tue Apr 09 04:05:05 UTC 2019 /home/travis/build/icyphy/ptII/ptolemy/cg/lib/test/auto/ModularCodeGen.xml
----------------- Instantiating /home/travis/build/icyphy/ptII/ptolemy/cg/lib/test/auto/ModularCodeGen.xml
In "/home/travis/cg", about to execute:
    pwd
In "/home/travis/cg", about to execute:
    ls -l
/home/travis/cg
In "/home/travis/cg", about to execute:
    javac -classpath
.:/home/travis/build/icyphy/ptII:/home/travis/build/icyphy/ptII/lib/bsh-2.0b4.j
ar:/home/travis/build/icyphy/ptII/lib/ptCal.jar:/home/travis/build/icyphy/ptII/
lib/java_cup.jar:/home/travis/build/icyphy/ptII/lib/saxon8.jar:/home/travis/bui
ld/icyphy/ptII/lib/saxon8-dom.jar:/home/travis/build/icyphy/ptII/lib/chic.jar:/
home/travis/build/icyphy/ptII/lib/ptcolt.jar:/usr/lib/jvm/java-8-oracle/lib/too
ls.jar:/home/travis/build/icyphy/ptII/vendors/misc/itext/iText.jar:/home/travis
/build/icyphy/ptII/lib/g4ltl.jar:/home/travis/build/icyphy/ptII/lib/StructuralC
oder.jar:/home/travis/build/icyphy/ptII/vendors/jai-1_1_2_01/lib/jai_core.jar:/
home/travis/build/icyphy/ptII/vendors/jai-1_1_2_01/lib/jai_codec.jar:/home/trav
is/build/icyphy/ptII/lib/jcerti.jar:/home/travis/build/icyphy/ptII/lib/javax.ma
il.jar:/home/travis/build/icyphy/ptII/vendors/JMF-2.1.1e/lib/jmf.jar:/home/trav
is/build/icyphy/ptII/lib/jna-4.0.0-variadic.jar:/home/travis/build/icyphy/ptII/
vendors/misc/joystick/Joystick.jar:/home/travis/build/icyphy/ptII/lib/ptjacl.ja
r:/home/travis/build/icyphy/ptII/lib/jsoup-1.8.2.jar:/home/travis/build/icyphy/
ptII/lib/junit-4.8.2.jar:/home/travis/build/icyphy/ptII/lib/JUnitParams-0.4.0.j
ar:/home/travis/build/icyphy/ptII/ptolemy/actor/lib/excel/jxl.jar:/home/travis/
build/icyphy/ptII/lib/jython.jar:/home/travis/build/icyphy/ptII/lib/kieler.jar:
/home/travis/build/icyphy/ptII/vendors/opencv/share/OpenCV/java/opencv-341.jar:
/home/travis/build/icyphy/ptII/lib/oscP5.jar:/home/travis/build/icyphy/ptII/lib
/nrjavaserial-3.11.0.devel.jar:/home/travis/build/icyphy/ptII/vendors/j3d/lib/j
3dcore.jar:/home/travis/build/icyphy/ptII/vendors/j3d/lib/j3dutils.jar:/home/tr
avis/build/icyphy/ptII/vendors/j3d/lib/vecmath.jar:/home/travis/build/icyphy/pt
II/ptolemy/distributed/jini/jar/jini-core.jar:/home/travis/build/icyphy/ptII/pt
olemy/distributed/jini/jar/jini-ext.jar:/home/travis/build/icyphy/ptII/ptolemy/
distributed/jini/jar/sun-util.jar:/home/travis/build/icyphy/ptII/lib/protobuf-j
ava-2.4.1.jar:/home/travis/build/icyphy/ptII/lib/org.eclipse.paho.client.mqttv3
.jar:/home/travis/build/icyphy/ptII/lib/mapss.jar:/home/travis/build/icyphy/ptI
I/ptolemy/actor/ptalon/antlr/antlr.jar:/home/travis/build/icyphy/ptII/lib/JRI.j
ar:/home/travis/build/icyphy/ptII/lib/commons-lang-2.6.jar:/home/travis/build/i
cyphy/ptII/lib/commons-logging-1.1.1.jar:/home/travis/build/icyphy/ptII/lib/soo
tclasses.jar:/home/travis/build/icyphy/ptII/ptolemy/actor/lib/database/mysql-co
nnector-java-5.1.6-bin.jar:/home/travis/build/icyphy/ptII/vendors/misc/sphinx4/
sphinx4-data-5prealpha.jar:/home/travis/build/icyphy/ptII/vendors/misc/sphinx4/
sphinx4-core-5prealpha.jar:/home/travis/build/icyphy/ptII/lib/PDFRenderer.jar:/
home/travis/build/icyphy/ptII/lib/svgSalamander.jar:/home/travis/build/icyphy/p
tII/lib/rsyntaxtextarea-2.6.0-SNAPSHOT.jar:/home/travis/build/icyphy/ptII/lib/h
azelcast-3.8.2.jar:/home/travis/build/icyphy/ptII/lib/jackson-annotations-2.9.0
.jar:/home/travis/build/icyphy/ptII/lib/jackson-core-2.9.3.jar:/home/travis/bui
ld/icyphy/ptII/lib/jackson-databind-2.9.3.jar:/home/travis/build/icyphy/ptII/li
b/netty-buffer-4.1.19.Final.jar:/home/travis/build/icyphy/ptII/lib/netty-codec-
4.1.19.Final.jar:/home/travis/build/icyphy/ptII/lib/netty-codec-dns-4.1.19.Fina
l.jar:/home/travis/build/icyphy/ptII/lib/netty-codec-http-4.1.19.Final.jar:/hom
e/travis/build/icyphy/ptII/lib/netty-codec-http2-4.1.19.Final.jar:/home/travis/
build/icyphy/ptII/lib/netty-common-4.1.19.Final.jar:/home/travis/build/icyphy/p
tII/lib/netty-handler-4.1.19.Final.jar:/home/travis/build/icyphy/ptII/lib/netty
-resolver-4.1.19.Final.jar:/home/travis/build/icyphy/ptII/lib/netty-resolver-dn
s-4.1.19.Final.jar:/home/travis/build/icyphy/ptII/lib/netty-transport-4.1.19.Fi
nal.jar:/home/travis/build/icyphy/ptII/lib/vertx-codegen-3.5.1.jar:/home/travis
/build/icyphy/ptII/lib/vertx-core-3.5.2-SNAPSHOT.jar:/home/travis/build/icyphy/
ptII/lib/vertx-hazelcast-3.5.1.jar:/home/travis/build/icyphy/ptII/lib/vertx-lan
g-js-3.5.1.jar:/home/travis/build/icyphy/ptII/lib/vertx-service-proxy-3.5.1.jar
:/home/travis/build/icyphy/ptII/lib/vertx-web-3.5.1.jar:/home/travis/build/icyp
hy/ptII/lib/slf4j-api-1.7.13.jar:/home/travis/build/icyphy/ptII/lib/slf4j-simpl
e-1.7.13.jar:/home/travis/build/icyphy/ptII/lib/webcam-capture-0.3.12.jar:/home
/travis/build/icyphy/ptII/lib/bridj-0.7.0.jar:/home/travis/build/icyphy/ptII/li
b/xbjlib-1.1.0.nrjavaserial.jar:/home/travis/build/icyphy/ptII/ptolemy/moml/tes
t:/home/travis/build/icyphy/ptII/ant/lib/ant-launcher.jar:/home/travis/build/ic
yphy/ptII/ant/lib/ant.jar:/home/travis/build/icyphy/ptII/ant/lib/ant-junit.jar:
/home/travis/build/icyphy/ptII/ant/lib/ant-junit4.jar:/home/travis/build/icyphy
/ptII ModularCodeGen_ModularCodeGenTypedCompositeActor_profile.java
total 1272
drwxrwxr-x   3 travis travis 12288 Apr  9 04:00 AbsoluteValue
drwxrwxr-x   3 travis travis 16384 Apr  9 04:00 Case1
drwxrwxr-x   3 travis travis 32768 Apr  9 04:00 Case2
-rw-rw-r--   1 travis travis  4895 Apr  9 04:04 CompiledCompositeActor_CompiledCompositeActor.class
-rw-rw-r--   1 travis travis  1592 Apr  9 04:04 CompiledCompositeActor_CompiledCompositeActor$_CompiledCompositeActor_CompiledCompositeActor.class
-rw-rw-r--   1 travis travis 13466 Apr  9 04:04 CompiledCompositeActor_CompiledCompositeActor.java
-rw-rw-r--   1 travis travis  1593 Apr  9 04:04 CompiledCompositeActor_CompiledCompositeActor.mk
drwxrwxr-x   3 travis travis 24576 Apr  9 04:02 DeScrambler
drwxrwxr-x   3 travis travis 16384 Apr  9 04:04 DotProduct
drwxrwxr-x   3 travis travis 12288 Apr  9 04:00 FileWriter1
drwxrwxr-x   3 travis travis 20480 Apr  9 04:00 FixToDoubleAndBack
drwxrwxr-x   3 travis travis 16384 Apr  9 04:00 Gaussian1
drwxrwxr-x   3 travis travis 20480 Apr  9 04:00 Gaussian2
-rw-rw-r--   1 travis travis  4457 Apr  9 04:04 JavaCompiledCompositeTest1_CompiledCompositeActor.class
-rw-rw-r--   1 travis travis 11637 Apr  9 04:04 JavaCompiledCompositeTest1_CompiledCompositeActor.java
-rw-rw-r--   1 travis travis  1198 Apr  9 04:04 JavaCompiledCompositeTest1_CompiledCompositeActor$_JavaCompiledCompositeTest1_CompiledCompositeActor.class
-rw-rw-r--   1 travis travis  1625 Apr  9 04:04 JavaCompiledCompositeTest1_CompiledCompositeActor.mk
-rw-rw-r--   1 travis travis  4888 Apr  9 04:04 JavaCompiledCompositeTest2_CompiledCompositeActor.class
-rw-rw-r--   1 travis travis 14919 Apr  9 04:04 JavaCompiledCompositeTest2_CompiledCompositeActor.java
-rw-rw-r--   1 travis travis  1793 Apr  9 04:04 JavaCompiledCompositeTest2_CompiledCompositeActor$_JavaCompiledCompositeTest2_CompiledCompositeActor.class
-rw-rw-r--   1 travis travis  1625 Apr  9 04:04 JavaCompiledCompositeTest2_CompiledCompositeActor.mk
-rw-rw-r--   1 travis travis  4505 Apr  9 04:04 JavaCompiledCompositeTest3_CompiledCompositeActor.class
-rw-rw-r--   1 travis travis 13080 Apr  9 04:04 JavaCompiledCompositeTest3_CompiledCompositeActor.java
-rw-rw-r--   1 travis travis  1378 Apr  9 04:04 JavaCompiledCompositeTest3_CompiledCompositeActor$_JavaCompiledCompositeTest3_CompiledCompositeActor.class
-rw-rw-r--   1 travis travis  1625 Apr  9 04:04 JavaCompiledCompositeTest3_CompiledCompositeActor.mk
-rw-rw-r--   1 travis travis  3953 Apr  9 04:04 JavaCompiledCompositeTest4_CompiledCompositeActor.class
-rw-rw-r--   1 travis travis  9687 Apr  9 04:04 JavaCompiledCompositeTest4_CompiledCompositeActor.java
-rw-rw-r--   1 travis travis   857 Apr  9 04:04 JavaCompiledCompositeTest4_CompiledCompositeActor$_JavaCompiledCompositeTest4_CompiledCompositeActor.class
-rw-rw-r--   1 travis travis  1625 Apr  9 04:04 JavaCompiledCompositeTest4_CompiledCompositeActor.mk
drwxrwxr-x   3 travis travis 12288 Apr  9 04:01 LookupTable
drwxrwxr-x   3 travis travis 20480 Apr  9 04:01 MaxIndex
-rw-rw-r--   1 travis travis  3693 Apr  9 04:04 ModularCG_A1_B1.class
-rw-rw-r--   1 travis travis  9730 Apr  9 04:04 ModularCG_A1_B1.java
-rw-rw-r--   1 travis travis   832 Apr  9 04:04 ModularCG_A1_B1.mk
-rw-rw-r--   1 travis travis  1318 Apr  9 04:04 ModularCG_A1_B1_profile.class
-rw-rw-r--   1 travis travis  1262 Apr  9 04:04 ModularCG_A1_B1_profile.java
-rw-rw-r--   1 travis travis  3693 Apr  9 04:04 ModularCG_A1_B2.class
-rw-rw-r--   1 travis travis  9730 Apr  9 04:04 ModularCG_A1_B2.java
-rw-rw-r--   1 travis travis   832 Apr  9 04:04 ModularCG_A1_B2.mk
-rw-rw-r--   1 travis travis  1318 Apr  9 04:04 ModularCG_A1_B2_profile.class
-rw-rw-r--   1 travis travis  1262 Apr  9 04:04 ModularCG_A1_B2_profile.java
-rw-rw-r--   1 travis travis  4799 Apr  9 04:04 ModularCG_A1.class
-rw-rw-r--   1 travis travis 14742 Apr  9 04:04 ModularCG_A1.java
-rw-rw-r--   1 travis travis   808 Apr  9 04:04 ModularCG_A1.mk
-rw-rw-r--   1 travis travis  1433 Apr  9 04:04 ModularCG_A1_profile.class
-rw-rw-r--   1 travis travis  1704 Apr  9 04:04 ModularCG_A1_profile.java
-rw-rw-r--   1 travis travis  3827 Apr  9 04:04 ModularCG_A2_B1.class
-rw-rw-r--   1 travis travis 10667 Apr  9 04:04 ModularCG_A2_B1.java
-rw-rw-r--   1 travis travis   832 Apr  9 04:04 ModularCG_A2_B1.mk
-rw-rw-r--   1 travis travis  1381 Apr  9 04:04 ModularCG_A2_B1_profile.class
-rw-rw-r--   1 travis travis  1446 Apr  9 04:04 ModularCG_A2_B1_profile.java
-rw-rw-r--   1 travis travis  3693 Apr  9 04:04 ModularCG_A2_B2.class
-rw-rw-r--   1 travis travis  9730 Apr  9 04:04 ModularCG_A2_B2.java
-rw-rw-r--   1 travis travis   832 Apr  9 04:04 ModularCG_A2_B2.mk
-rw-rw-r--   1 travis travis  1318 Apr  9 04:04 ModularCG_A2_B2_profile.class
-rw-rw-r--   1 travis travis  1262 Apr  9 04:04 ModularCG_A2_B2_profile.java
-rw-rw-r--   1 travis travis  4870 Apr  9 04:05 ModularCG_A2.class
-rw-rw-r--   1 travis travis 15129 Apr  9 04:05 ModularCG_A2.java
-rw-rw-r--   1 travis travis   808 Apr  9 04:05 ModularCG_A2.mk
-rw-rw-r--   1 travis travis  1433 Apr  9 04:05 ModularCG_A2_profile.class
-rw-rw-r--   1 travis travis  1704 Apr  9 04:04 ModularCG_A2_profile.java
-rw-rw-r--   1 travis travis  3473 Apr  9 04:05 ModularCGPubSub_A1_A2.class
-rw-rw-r--   1 travis travis  9076 Apr  9 04:05 ModularCGPubSub_A1_A2.java
-rw-rw-r--   1 travis travis   880 Apr  9 04:05 ModularCGPubSub_A1_A2.mk
-rw-rw-r--   1 travis travis  1300 Apr  9 04:05 ModularCGPubSub_A1_A2_profile.class
-rw-rw-r--   1 travis travis  1222 Apr  9 04:05 ModularCGPubSub_A1_A2_profile.java
-rw-rw-r--   1 travis travis  3790 Apr  9 04:05 ModularCGPubSub_A1.class
-rw-rw-r--   1 travis travis  9836 Apr  9 04:05 ModularCGPubSub_A1.java
-rw-rw-r--   1 travis travis   856 Apr  9 04:05 ModularCGPubSub_A1.mk
-rw-rw-r--   1 travis travis  1346 Apr  9 04:05 ModularCGPubSub_A1_profile.class
-rw-rw-r--   1 travis travis  1388 Apr  9 04:05 ModularCGPubSub_A1_profile.java
-rw-rw-r--   1 travis travis  1328 Apr  9 04:05 ModularCodeGen_ModularCodeGenTypedCompositeActor_profile.java
-rw-rw-r--   1 travis travis  3492 Apr  9 04:04 ModularCodeGenTest_A1_A2.class
-rw-rw-r--   1 travis travis   904 Apr  9 04:04 ModularCodeGenTest_A1_A2.mk
-rw-rw-r--   1 travis travis  1306 Apr  9 04:04 ModularCodeGenTest_A1_A2_profile.class
-rw-rw-r--   1 travis travis  3823 Apr  9 04:04 ModularCodeGenTest_A1.class
-rw-rw-r--   1 travis travis  9968 Apr  9 04:04 ModularCodeGenTest_A1.java
-rw-rw-r--   1 travis travis   880 Apr  9 04:04 ModularCodeGenTest_A1.mk
-rw-rw-r--   1 travis travis  1352 Apr  9 04:04 ModularCodeGenTest_A1_profile.class
-rw-rw-r--   1 travis travis  1394 Apr  9 04:04 ModularCodeGenTest_A1_profile.java
drwxrwxr-x   3 travis travis 36864 Apr  9 04:04 modulation2
drwxrwxr-x   3 travis travis 20480 Apr  9 04:01 Multiplexor
drwxrwxr-x 242 travis travis 12288 Apr  9 04:04 node_modules
drwxrwxr-x   3 travis travis 20480 Apr  9 04:01 PhaseUnwrap
-rw-rw-r--   1 travis travis   520 Apr  9 04:04 Repeat$_fireFunction_Repeat_Repeat$__f_sL_0.class
-rw-rw-r--   1 travis travis   522 Apr  9 04:04 Repeat$_fireFunction_Repeat_Repeat$__f_sL_10.class
-rw-rw-r--   1 travis travis   666 Apr  9 04:04 Repeat$_fireFunction_Repeat_Repeat$__f_sL_11.class
-rw-rw-r--   1 travis travis   522 Apr  9 04:04 Repeat$_fireFunction_Repeat_Repeat$__f_sL_13.class
-rw-rw-r--   1 travis travis   665 Apr  9 04:04 Repeat$_fireFunction_Repeat_Repeat$__f_sL_1.class
-rw-rw-r--   1 travis travis   520 Apr  9 04:04 Repeat$_fireFunction_Repeat_Repeat$__f_sL_2.class
-rw-rw-r--   1 travis travis   520 Apr  9 04:04 Repeat$_fireFunction_Repeat_Repeat$__f_sL_3.class
-rw-rw-r--   1 travis travis   520 Apr  9 04:04 Repeat$_fireFunction_Repeat_Repeat$__f_sL_5.class
-rw-rw-r--   1 travis travis   671 Apr  9 04:04 Repeat$_fireFunction_Repeat_Repeat$__f_sL_7.class
-rw-rw-r--   1 travis travis   520 Apr  9 04:04 Repeat$_fireFunction_Repeat_Repeat$__f_sL_9.class
-rw-rw-r--   1 travis travis   813 Apr  9 04:04 Repeat$_initialize_Repeat.class
-rw-rw-r--   1 travis travis   475 Apr  9 04:04 Repeat$_initialize_Repeat$__i_sL_0.class
-rw-rw-r--   1 travis travis   519 Apr  9 04:04 Repeat$_initialize_Repeat$__i_sL_3.class
-rw-rw-r--   1 travis travis 39778 Apr  9 04:04 Repeat.java
-rw-rw-r--   1 travis travis  1281 Apr  9 04:04 Repeat.mk
-rw-rw-r--   1 travis travis   520 Apr  9 04:04 Repeat$_preinitializeMethod_Repeat$__p_sL_0.class
-rw-rw-r--   1 travis travis   520 Apr  9 04:04 Repeat$_preinitializeMethod_Repeat$__p_sL_1.class
-rw-rw-r--   1 travis travis  1083 Apr  9 04:04 Repeat$_Repeat$_fireFunction_Repeat_AddSubtract_Repeat.class
-rw-rw-r--   1 travis travis   791 Apr  9 04:04 Repeat$_Repeat$_fireFunction_Repeat_AddSubtract_Repeat$__f_sL_0.class
-rw-rw-r--   1 travis travis   909 Apr  9 04:04 Repeat$_Repeat$_fireFunction_Repeat_AddSubtract_Repeat$__f_sL_1.class
-rw-rw-r--   1 travis travis   915 Apr  9 04:04 Repeat$_Repeat$_fireFunction_Repeat_AddSubtract_Repeat$__f_sL_2.class
-rw-rw-r--   1 travis travis   838 Apr  9 04:04 Repeat$_Repeat$_fireFunction_Repeat_Ramp2_Repeat$__f_sL_1.class
-rw-rw-r--   1 travis travis  1785 Apr  9 04:04 Repeat$_Repeat$_fireFunction_Repeat_Test_Repeat$__f_sL_2.class
-rw-rw-r--   1 travis travis   685 Apr  9 04:04 Repeat$_Repeat_SDF_Director_run_Repeat$__R_sL_0.class
-rw-rw-r--   1 travis travis   540 Apr  9 04:04 Repeat$_Repeat_SDF_Director_run_Repeat$__R_sL_1.class
-rw-rw-r--   1 travis travis   540 Apr  9 04:04 Repeat$_Repeat_SDF_Director_run_Repeat$__R_sL_2.class
-rw-rw-r--   1 travis travis   540 Apr  9 04:04 Repeat$_Repeat_SDF_Director_run_Repeat$__R_sL_4.class
-rw-rw-r--   1 travis travis   540 Apr  9 04:04 Repeat$_Repeat_SDF_Director_run_Repeat$__R_sL_5.class
-rw-rw-r--   1 travis travis   691 Apr  9 04:04 Repeat$_Repeat_SDF_Director_run_Repeat$__R_sL_6.class
-rw-rw-r--   1 travis travis   540 Apr  9 04:04 Repeat$_Repeat_SDF_Director_run_Repeat$__R_sL_7.class
-rw-rw-r--   1 travis travis   863 Apr  9 04:04 Repeat$_varinit_Repeat.class
-rw-rw-r--   1 travis travis   530 Apr  9 04:04 Repeat$_varinit_Repeat$__v_sL_1.class
-rw-rw-r--   1 travis travis   531 Apr  9 04:04 Repeat$_varinit_Repeat$__v_sL_2.class
-rw-rw-r--   1 travis travis   905 Apr  9 04:04 Repeat$_varinit_Repeat$__v_sL_4.class
-rw-rw-r--   1 travis travis   635 Apr  9 04:04 Repeat$_wrapup_Repeat.class
-rw-rw-r--   1 travis travis   965 Apr  9 04:04 Repeat$_wrapup_Repeat$__w_sL_1.class
-rw-rw-r--   1 travis travis   289 Apr  9 03:59 result.csv
drwxrwxr-x   3 travis travis 12288 Apr  9 04:02 Scrambler1
drwxrwxr-x   3 travis travis 20480 Apr  9 04:01 Sinewave2
drwxrwxr-x   3 travis travis 69632 Apr  9 04:02 StringCompare
drwxrwxr-x   3 travis travis 32768 Apr  9 04:02 StringFunction
drwxrwxr-x   3 travis travis 12288 Apr  9 04:03 StringLength
drwxrwxr-x   3 travis travis 57344 Apr  9 04:03 StringSimpleReplace
drwxrwxr-x   3 travis travis 12288 Apr  9 04:04 time2
drwxrwxr-x   3 travis travis 12288 Apr  9 04:04 time5
-rw-rw-r--   1 travis travis   432 Apr  9 04:05 Token.class
-rw-rw-r--   1 travis travis   251 Apr  9 04:05 Token.java
-rw-rw-r--   1 travis travis     0 Apr  9 04:04 top.
-rw-rw-r--   1 travis travis 20502 Apr  9 03:59 top.c
-rw-rw-r--   1 travis travis  3567 Apr  9 04:04 top.class
-rw-rw-r--   1 travis travis   169 Apr  9 03:59 top.html
-rw-rw-r--   1 travis travis  7552 Apr  9 04:04 top.java
-rw-rw-r--   1 travis travis 38888 Apr  9 03:59 top.o
drwxrwxr-x   3 travis travis 57344 Apr  9 04:02 UnaryMathFunction
All Done
Writing ModularCodeGen_ModularCodeGenTypedCompositeActor.java in file:/home/travis/cg/ (10970 characters)
Reading "ptolemy/cg/kernel/generic/program/procedural/java/modular/makefile.in",
    writing "/home/travis/cg/ModularCodeGen_ModularCodeGenTypedCompositeActor.mk"
Using ptolemy/cg/kernel/generic/program/procedural/java/modular/makefile.in
In "/home/travis/cg", about to execute:
    make -f ModularCodeGen_ModularCodeGenTypedCompositeActor.mk
javac -classpath ".:.."    ModularCodeGen_ModularCodeGenTypedCompositeActor.java
All Done
1915 ms. Memory: 171520K Free: 133729K (78%)
----------------- Invoking toplevel() on ptolemy.moml.MoMLSimpleApplication@5b810080
----------------- Done invoking toplevel() on ptolemy.moml.MoMLSimpleApplication@5b810080
reloadAllAccessors: .ModularCodeGen

===========================================================================================
----------------- testing Tue Apr 09 04:05:07 UTC 2019 /home/travis/build/icyphy/ptII/ptolemy/cg/lib/test/auto/ModularCodeGen2.xml
----------------- Instantiating /home/travis/build/icyphy/ptII/ptolemy/cg/lib/test/auto/ModularCodeGen2.xml
In "/home/travis/cg", about to execute:
    pwd
In "/home/travis/cg", about to execute:
    ls -l
/home/travis/cg
In "/home/travis/cg", about to execute:
    javac -classpath
.:/home/travis/build/icyphy/ptII:/home/travis/build/icyphy/ptII/lib/bsh-2.0b4.j
ar:/home/travis/build/icyphy/ptII/lib/ptCal.jar:/home/travis/build/icyphy/ptII/
lib/java_cup.jar:/home/travis/build/icyphy/ptII/lib/saxon8.jar:/home/travis/bui
ld/icyphy/ptII/lib/saxon8-dom.jar:/home/travis/build/icyphy/ptII/lib/chic.jar:/
home/travis/build/icyphy/ptII/lib/ptcolt.jar:/usr/lib/jvm/java-8-oracle/lib/too
ls.jar:/home/travis/build/icyphy/ptII/vendors/misc/itext/iText.jar:/home/travis
/build/icyphy/ptII/lib/g4ltl.jar:/home/travis/build/icyphy/ptII/lib/StructuralC
oder.jar:/home/travis/build/icyphy/ptII/vendors/jai-1_1_2_01/lib/jai_core.jar:/
home/travis/build/icyphy/ptII/vendors/jai-1_1_2_01/lib/jai_codec.jar:/home/trav
is/build/icyphy/ptII/lib/jcerti.jar:/home/travis/build/icyphy/ptII/lib/javax.ma
il.jar:/home/travis/build/icyphy/ptII/vendors/JMF-2.1.1e/lib/jmf.jar:/home/trav
is/build/icyphy/ptII/lib/jna-4.0.0-variadic.jar:/home/travis/build/icyphy/ptII/
vendors/misc/joystick/Joystick.jar:/home/travis/build/icyphy/ptII/lib/ptjacl.ja
r:/home/travis/build/icyphy/ptII/lib/jsoup-1.8.2.jar:/home/travis/build/icyphy/
ptII/lib/junit-4.8.2.jar:/home/travis/build/icyphy/ptII/lib/JUnitParams-0.4.0.j
ar:/home/travis/build/icyphy/ptII/ptolemy/actor/lib/excel/jxl.jar:/home/travis/
build/icyphy/ptII/lib/jython.jar:/home/travis/build/icyphy/ptII/lib/kieler.jar:
/home/travis/build/icyphy/ptII/vendors/opencv/share/OpenCV/java/opencv-341.jar:
/home/travis/build/icyphy/ptII/lib/oscP5.jar:/home/travis/build/icyphy/ptII/lib
/nrjavaserial-3.11.0.devel.jar:/home/travis/build/icyphy/ptII/vendors/j3d/lib/j
3dcore.jar:/home/travis/build/icyphy/ptII/vendors/j3d/lib/j3dutils.jar:/home/tr
avis/build/icyphy/ptII/vendors/j3d/lib/vecmath.jar:/home/travis/build/icyphy/pt
II/ptolemy/distributed/jini/jar/jini-core.jar:/home/travis/build/icyphy/ptII/pt
olemy/distributed/jini/jar/jini-ext.jar:/home/travis/build/icyphy/ptII/ptolemy/
distributed/jini/jar/sun-util.jar:/home/travis/build/icyphy/ptII/lib/protobuf-j
ava-2.4.1.jar:/home/travis/build/icyphy/ptII/lib/org.eclipse.paho.client.mqttv3
.jar:/home/travis/build/icyphy/ptII/lib/mapss.jar:/home/travis/build/icyphy/ptI
I/ptolemy/actor/ptalon/antlr/antlr.jar:/home/travis/build/icyphy/ptII/lib/JRI.j
ar:/home/travis/build/icyphy/ptII/lib/commons-lang-2.6.jar:/home/travis/build/i
cyphy/ptII/lib/commons-logging-1.1.1.jar:/home/travis/build/icyphy/ptII/lib/soo
tclasses.jar:/home/travis/build/icyphy/ptII/ptolemy/actor/lib/database/mysql-co
nnector-java-5.1.6-bin.jar:/home/travis/build/icyphy/ptII/vendors/misc/sphinx4/
sphinx4-data-5prealpha.jar:/home/travis/build/icyphy/ptII/vendors/misc/sphinx4/
sphinx4-core-5prealpha.jar:/home/travis/build/icyphy/ptII/lib/PDFRenderer.jar:/
home/travis/build/icyphy/ptII/lib/svgSalamander.jar:/home/travis/build/icyphy/p
tII/lib/rsyntaxtextarea-2.6.0-SNAPSHOT.jar:/home/travis/build/icyphy/ptII/lib/h
azelcast-3.8.2.jar:/home/travis/build/icyphy/ptII/lib/jackson-annotations-2.9.0
.jar:/home/travis/build/icyphy/ptII/lib/jackson-core-2.9.3.jar:/home/travis/bui
ld/icyphy/ptII/lib/jackson-databind-2.9.3.jar:/home/travis/build/icyphy/ptII/li
b/netty-buffer-4.1.19.Final.jar:/home/travis/build/icyphy/ptII/lib/netty-codec-
4.1.19.Final.jar:/home/travis/build/icyphy/ptII/lib/netty-codec-dns-4.1.19.Fina
l.jar:/home/travis/build/icyphy/ptII/lib/netty-codec-http-4.1.19.Final.jar:/hom
e/travis/build/icyphy/ptII/lib/netty-codec-http2-4.1.19.Final.jar:/home/travis/
build/icyphy/ptII/lib/netty-common-4.1.19.Final.jar:/home/travis/build/icyphy/p
tII/lib/netty-handler-4.1.19.Final.jar:/home/travis/build/icyphy/ptII/lib/netty
-resolver-4.1.19.Final.jar:/home/travis/build/icyphy/ptII/lib/netty-resolver-dn
s-4.1.19.Final.jar:/home/travis/build/icyphy/ptII/lib/netty-transport-4.1.19.Fi
nal.jar:/home/travis/build/icyphy/ptII/lib/vertx-codegen-3.5.1.jar:/home/travis
/build/icyphy/ptII/lib/vertx-core-3.5.2-SNAPSHOT.jar:/home/travis/build/icyphy/
ptII/lib/vertx-hazelcast-3.5.1.jar:/home/travis/build/icyphy/ptII/lib/vertx-lan
g-js-3.5.1.jar:/home/travis/build/icyphy/ptII/lib/vertx-service-proxy-3.5.1.jar
:/home/travis/build/icyphy/ptII/lib/vertx-web-3.5.1.jar:/home/travis/build/icyp
hy/ptII/lib/slf4j-api-1.7.13.jar:/home/travis/build/icyphy/ptII/lib/slf4j-simpl
e-1.7.13.jar:/home/travis/build/icyphy/ptII/lib/webcam-capture-0.3.12.jar:/home
/travis/build/icyphy/ptII/lib/bridj-0.7.0.jar:/home/travis/build/icyphy/ptII/li
b/xbjlib-1.1.0.nrjavaserial.jar:/home/travis/build/icyphy/ptII/ptolemy/moml/tes
t:/home/travis/build/icyphy/ptII/ant/lib/ant-launcher.jar:/home/travis/build/ic
yphy/ptII/ant/lib/ant.jar:/home/travis/build/icyphy/ptII/ant/lib/ant-junit.jar:
/home/travis/build/icyphy/ptII/ant/lib/ant-junit4.jar:/home/travis/build/icyphy
/ptII
ModularCodeGen2_ModularCodeGenTypedCompositeActor_ModularCodeGenTypedCompositeA
ctor_profile.java
total 1300
drwxrwxr-x   3 travis travis 12288 Apr  9 04:00 AbsoluteValue
drwxrwxr-x   3 travis travis 16384 Apr  9 04:00 Case1
drwxrwxr-x   3 travis travis 32768 Apr  9 04:00 Case2
-rw-rw-r--   1 travis travis  4895 Apr  9 04:04 CompiledCompositeActor_CompiledCompositeActor.class
-rw-rw-r--   1 travis travis  1592 Apr  9 04:04 CompiledCompositeActor_CompiledCompositeActor$_CompiledCompositeActor_CompiledCompositeActor.class
-rw-rw-r--   1 travis travis 13466 Apr  9 04:04 CompiledCompositeActor_CompiledCompositeActor.java
-rw-rw-r--   1 travis travis  1593 Apr  9 04:04 CompiledCompositeActor_CompiledCompositeActor.mk
drwxrwxr-x   3 travis travis 24576 Apr  9 04:02 DeScrambler
drwxrwxr-x   3 travis travis 16384 Apr  9 04:04 DotProduct
drwxrwxr-x   3 travis travis 12288 Apr  9 04:00 FileWriter1
drwxrwxr-x   3 travis travis 20480 Apr  9 04:00 FixToDoubleAndBack
drwxrwxr-x   3 travis travis 16384 Apr  9 04:00 Gaussian1
drwxrwxr-x   3 travis travis 20480 Apr  9 04:00 Gaussian2
-rw-rw-r--   1 travis travis  4457 Apr  9 04:04 JavaCompiledCompositeTest1_CompiledCompositeActor.class
-rw-rw-r--   1 travis travis 11637 Apr  9 04:04 JavaCompiledCompositeTest1_CompiledCompositeActor.java
-rw-rw-r--   1 travis travis  1198 Apr  9 04:04 JavaCompiledCompositeTest1_CompiledCompositeActor$_JavaCompiledCompositeTest1_CompiledCompositeActor.class
-rw-rw-r--   1 travis travis  1625 Apr  9 04:04 JavaCompiledCompositeTest1_CompiledCompositeActor.mk
-rw-rw-r--   1 travis travis  4888 Apr  9 04:04 JavaCompiledCompositeTest2_CompiledCompositeActor.class
-rw-rw-r--   1 travis travis 14919 Apr  9 04:04 JavaCompiledCompositeTest2_CompiledCompositeActor.java
-rw-rw-r--   1 travis travis  1793 Apr  9 04:04 JavaCompiledCompositeTest2_CompiledCompositeActor$_JavaCompiledCompositeTest2_CompiledCompositeActor.class
-rw-rw-r--   1 travis travis  1625 Apr  9 04:04 JavaCompiledCompositeTest2_CompiledCompositeActor.mk
-rw-rw-r--   1 travis travis  4505 Apr  9 04:04 JavaCompiledCompositeTest3_CompiledCompositeActor.class
-rw-rw-r--   1 travis travis 13080 Apr  9 04:04 JavaCompiledCompositeTest3_CompiledCompositeActor.java
-rw-rw-r--   1 travis travis  1378 Apr  9 04:04 JavaCompiledCompositeTest3_CompiledCompositeActor$_JavaCompiledCompositeTest3_CompiledCompositeActor.class
-rw-rw-r--   1 travis travis  1625 Apr  9 04:04 JavaCompiledCompositeTest3_CompiledCompositeActor.mk
-rw-rw-r--   1 travis travis  3953 Apr  9 04:04 JavaCompiledCompositeTest4_CompiledCompositeActor.class
-rw-rw-r--   1 travis travis  9687 Apr  9 04:04 JavaCompiledCompositeTest4_CompiledCompositeActor.java
-rw-rw-r--   1 travis travis   857 Apr  9 04:04 JavaCompiledCompositeTest4_CompiledCompositeActor$_JavaCompiledCompositeTest4_CompiledCompositeActor.class
-rw-rw-r--   1 travis travis  1625 Apr  9 04:04 JavaCompiledCompositeTest4_CompiledCompositeActor.mk
drwxrwxr-x   3 travis travis 12288 Apr  9 04:01 LookupTable
drwxrwxr-x   3 travis travis 20480 Apr  9 04:01 MaxIndex
-rw-rw-r--   1 travis travis  3693 Apr  9 04:04 ModularCG_A1_B1.class
-rw-rw-r--   1 travis travis  9730 Apr  9 04:04 ModularCG_A1_B1.java
-rw-rw-r--   1 travis travis   832 Apr  9 04:04 ModularCG_A1_B1.mk
-rw-rw-r--   1 travis travis  1318 Apr  9 04:04 ModularCG_A1_B1_profile.class
-rw-rw-r--   1 travis travis  1262 Apr  9 04:04 ModularCG_A1_B1_profile.java
-rw-rw-r--   1 travis travis  3693 Apr  9 04:04 ModularCG_A1_B2.class
-rw-rw-r--   1 travis travis  9730 Apr  9 04:04 ModularCG_A1_B2.java
-rw-rw-r--   1 travis travis   832 Apr  9 04:04 ModularCG_A1_B2.mk
-rw-rw-r--   1 travis travis  1318 Apr  9 04:04 ModularCG_A1_B2_profile.class
-rw-rw-r--   1 travis travis  1262 Apr  9 04:04 ModularCG_A1_B2_profile.java
-rw-rw-r--   1 travis travis  4799 Apr  9 04:04 ModularCG_A1.class
-rw-rw-r--   1 travis travis 14742 Apr  9 04:04 ModularCG_A1.java
-rw-rw-r--   1 travis travis   808 Apr  9 04:04 ModularCG_A1.mk
-rw-rw-r--   1 travis travis  1433 Apr  9 04:04 ModularCG_A1_profile.class
-rw-rw-r--   1 travis travis  1704 Apr  9 04:04 ModularCG_A1_profile.java
-rw-rw-r--   1 travis travis  3827 Apr  9 04:04 ModularCG_A2_B1.class
-rw-rw-r--   1 travis travis 10667 Apr  9 04:04 ModularCG_A2_B1.java
-rw-rw-r--   1 travis travis   832 Apr  9 04:04 ModularCG_A2_B1.mk
-rw-rw-r--   1 travis travis  1381 Apr  9 04:04 ModularCG_A2_B1_profile.class
-rw-rw-r--   1 travis travis  1446 Apr  9 04:04 ModularCG_A2_B1_profile.java
-rw-rw-r--   1 travis travis  3693 Apr  9 04:04 ModularCG_A2_B2.class
-rw-rw-r--   1 travis travis  9730 Apr  9 04:04 ModularCG_A2_B2.java
-rw-rw-r--   1 travis travis   832 Apr  9 04:04 ModularCG_A2_B2.mk
-rw-rw-r--   1 travis travis  1318 Apr  9 04:04 ModularCG_A2_B2_profile.class
-rw-rw-r--   1 travis travis  1262 Apr  9 04:04 ModularCG_A2_B2_profile.java
-rw-rw-r--   1 travis travis  4870 Apr  9 04:05 ModularCG_A2.class
-rw-rw-r--   1 travis travis 15129 Apr  9 04:05 ModularCG_A2.java
-rw-rw-r--   1 travis travis   808 Apr  9 04:05 ModularCG_A2.mk
-rw-rw-r--   1 travis travis  1433 Apr  9 04:05 ModularCG_A2_profile.class
-rw-rw-r--   1 travis travis  1704 Apr  9 04:04 ModularCG_A2_profile.java
-rw-rw-r--   1 travis travis  3473 Apr  9 04:05 ModularCGPubSub_A1_A2.class
-rw-rw-r--   1 travis travis  9076 Apr  9 04:05 ModularCGPubSub_A1_A2.java
-rw-rw-r--   1 travis travis   880 Apr  9 04:05 ModularCGPubSub_A1_A2.mk
-rw-rw-r--   1 travis travis  1300 Apr  9 04:05 ModularCGPubSub_A1_A2_profile.class
-rw-rw-r--   1 travis travis  1222 Apr  9 04:05 ModularCGPubSub_A1_A2_profile.java
-rw-rw-r--   1 travis travis  3790 Apr  9 04:05 ModularCGPubSub_A1.class
-rw-rw-r--   1 travis travis  9836 Apr  9 04:05 ModularCGPubSub_A1.java
-rw-rw-r--   1 travis travis   856 Apr  9 04:05 ModularCGPubSub_A1.mk
-rw-rw-r--   1 travis travis  1346 Apr  9 04:05 ModularCGPubSub_A1_profile.class
-rw-rw-r--   1 travis travis  1388 Apr  9 04:05 ModularCGPubSub_A1_profile.java
-rw-rw-r--   1 travis travis  1294 Apr  9 04:05 ModularCodeGen2_ModularCodeGenTypedCompositeActor_ModularCodeGenTypedCompositeActor_profile.java
-rw-rw-r--   1 travis travis  3954 Apr  9 04:05 ModularCodeGen_ModularCodeGenTypedCompositeActor.class
-rw-rw-r--   1 travis travis 10970 Apr  9 04:05 ModularCodeGen_ModularCodeGenTypedCompositeActor.java
-rw-rw-r--   1 travis travis  1096 Apr  9 04:05 ModularCodeGen_ModularCodeGenTypedCompositeActor.mk
-rw-rw-r--   1 travis travis  1384 Apr  9 04:05 ModularCodeGen_ModularCodeGenTypedCompositeActor_profile.class
-rw-rw-r--   1 travis travis  1328 Apr  9 04:05 ModularCodeGen_ModularCodeGenTypedCompositeActor_profile.java
-rw-rw-r--   1 travis travis  3492 Apr  9 04:04 ModularCodeGenTest_A1_A2.class
-rw-rw-r--   1 travis travis   904 Apr  9 04:04 ModularCodeGenTest_A1_A2.mk
-rw-rw-r--   1 travis travis  1306 Apr  9 04:04 ModularCodeGenTest_A1_A2_profile.class
-rw-rw-r--   1 travis travis  3823 Apr  9 04:04 ModularCodeGenTest_A1.class
-rw-rw-r--   1 travis travis  9968 Apr  9 04:04 ModularCodeGenTest_A1.java
-rw-rw-r--   1 travis travis   880 Apr  9 04:04 ModularCodeGenTest_A1.mk
-rw-rw-r--   1 travis travis  1352 Apr  9 04:04 ModularCodeGenTest_A1_profile.class
-rw-rw-r--   1 travis travis  1394 Apr  9 04:04 ModularCodeGenTest_A1_profile.java
drwxrwxr-x   3 travis travis 36864 Apr  9 04:04 modulation2
drwxrwxr-x   3 travis travis 20480 Apr  9 04:01 Multiplexor
drwxrwxr-x 242 travis travis 12288 Apr  9 04:04 node_modules
drwxrwxr-x   3 travis travis 20480 Apr  9 04:01 PhaseUnwrap
-rw-rw-r--   1 travis travis   520 Apr  9 04:04 Repeat$_fireFunction_Repeat_Repeat$__f_sL_0.class
-rw-rw-r--   1 travis travis   522 Apr  9 04:04 Repeat$_fireFunction_Repeat_Repeat$__f_sL_10.class
-rw-rw-r--   1 travis travis   666 Apr  9 04:04 Repeat$_fireFunction_Repeat_Repeat$__f_sL_11.class
-rw-rw-r--   1 travis travis   522 Apr  9 04:04 Repeat$_fireFunction_Repeat_Repeat$__f_sL_13.class
-rw-rw-r--   1 travis travis   665 Apr  9 04:04 Repeat$_fireFunction_Repeat_Repeat$__f_sL_1.class
-rw-rw-r--   1 travis travis   520 Apr  9 04:04 Repeat$_fireFunction_Repeat_Repeat$__f_sL_2.class
-rw-rw-r--   1 travis travis   520 Apr  9 04:04 Repeat$_fireFunction_Repeat_Repeat$__f_sL_3.class
-rw-rw-r--   1 travis travis   520 Apr  9 04:04 Repeat$_fireFunction_Repeat_Repeat$__f_sL_5.class
-rw-rw-r--   1 travis travis   671 Apr  9 04:04 Repeat$_fireFunction_Repeat_Repeat$__f_sL_7.class
-rw-rw-r--   1 travis travis   520 Apr  9 04:04 Repeat$_fireFunction_Repeat_Repeat$__f_sL_9.class
-rw-rw-r--   1 travis travis   813 Apr  9 04:04 Repeat$_initialize_Repeat.class
-rw-rw-r--   1 travis travis   475 Apr  9 04:04 Repeat$_initialize_Repeat$__i_sL_0.class
-rw-rw-r--   1 travis travis   519 Apr  9 04:04 Repeat$_initialize_Repeat$__i_sL_3.class
-rw-rw-r--   1 travis travis 39778 Apr  9 04:04 Repeat.java
-rw-rw-r--   1 travis travis  1281 Apr  9 04:04 Repeat.mk
-rw-rw-r--   1 travis travis   520 Apr  9 04:04 Repeat$_preinitializeMethod_Repeat$__p_sL_0.class
-rw-rw-r--   1 travis travis   520 Apr  9 04:04 Repeat$_preinitializeMethod_Repeat$__p_sL_1.class
-rw-rw-r--   1 travis travis  1083 Apr  9 04:04 Repeat$_Repeat$_fireFunction_Repeat_AddSubtract_Repeat.class
-rw-rw-r--   1 travis travis   791 Apr  9 04:04 Repeat$_Repeat$_fireFunction_Repeat_AddSubtract_Repeat$__f_sL_0.class
-rw-rw-r--   1 travis travis   909 Apr  9 04:04 Repeat$_Repeat$_fireFunction_Repeat_AddSubtract_Repeat$__f_sL_1.class
-rw-rw-r--   1 travis travis   915 Apr  9 04:04 Repeat$_Repeat$_fireFunction_Repeat_AddSubtract_Repeat$__f_sL_2.class
-rw-rw-r--   1 travis travis   838 Apr  9 04:04 Repeat$_Repeat$_fireFunction_Repeat_Ramp2_Repeat$__f_sL_1.class
-rw-rw-r--   1 travis travis  1785 Apr  9 04:04 Repeat$_Repeat$_fireFunction_Repeat_Test_Repeat$__f_sL_2.class
-rw-rw-r--   1 travis travis   685 Apr  9 04:04 Repeat$_Repeat_SDF_Director_run_Repeat$__R_sL_0.class
-rw-rw-r--   1 travis travis   540 Apr  9 04:04 Repeat$_Repeat_SDF_Director_run_Repeat$__R_sL_1.class
-rw-rw-r--   1 travis travis   540 Apr  9 04:04 Repeat$_Repeat_SDF_Director_run_Repeat$__R_sL_2.class
-rw-rw-r--   1 travis travis   540 Apr  9 04:04 Repeat$_Repeat_SDF_Director_run_Repeat$__R_sL_4.class
-rw-rw-r--   1 travis travis   540 Apr  9 04:04 Repeat$_Repeat_SDF_Director_run_Repeat$__R_sL_5.class
-rw-rw-r--   1 travis travis   691 Apr  9 04:04 Repeat$_Repeat_SDF_Director_run_Repeat$__R_sL_6.class
-rw-rw-r--   1 travis travis   540 Apr  9 04:04 Repeat$_Repeat_SDF_Director_run_Repeat$__R_sL_7.class
-rw-rw-r--   1 travis travis   863 Apr  9 04:04 Repeat$_varinit_Repeat.class
-rw-rw-r--   1 travis travis   530 Apr  9 04:04 Repeat$_varinit_Repeat$__v_sL_1.class
-rw-rw-r--   1 travis travis   531 Apr  9 04:04 Repeat$_varinit_Repeat$__v_sL_2.class
-rw-rw-r--   1 travis travis   905 Apr  9 04:04 Repeat$_varinit_Repeat$__v_sL_4.class
-rw-rw-r--   1 travis travis   635 Apr  9 04:04 Repeat$_wrapup_Repeat.class
-rw-rw-r--   1 travis travis   965 Apr  9 04:04 Repeat$_wrapup_Repeat$__w_sL_1.class
-rw-rw-r--   1 travis travis   289 Apr  9 03:59 result.csv
drwxrwxr-x   3 travis travis 12288 Apr  9 04:02 Scrambler1
drwxrwxr-x   3 travis travis 20480 Apr  9 04:01 Sinewave2
drwxrwxr-x   3 travis travis 69632 Apr  9 04:02 StringCompare
drwxrwxr-x   3 travis travis 32768 Apr  9 04:02 StringFunction
drwxrwxr-x   3 travis travis 12288 Apr  9 04:03 StringLength
drwxrwxr-x   3 travis travis 57344 Apr  9 04:03 StringSimpleReplace
drwxrwxr-x   3 travis travis 12288 Apr  9 04:04 time2
drwxrwxr-x   3 travis travis 12288 Apr  9 04:04 time5
-rw-rw-r--   1 travis travis   432 Apr  9 04:05 Token.class
-rw-rw-r--   1 travis travis   251 Apr  9 04:05 Token.java
-rw-rw-r--   1 travis travis     0 Apr  9 04:04 top.
-rw-rw-r--   1 travis travis 20502 Apr  9 03:59 top.c
-rw-rw-r--   1 travis travis  3567 Apr  9 04:04 top.class
-rw-rw-r--   1 travis travis   169 Apr  9 03:59 top.html
-rw-rw-r--   1 travis travis  7552 Apr  9 04:04 top.java
-rw-rw-r--   1 travis travis 38888 Apr  9 03:59 top.o
drwxrwxr-x   3 travis travis 57344 Apr  9 04:02 UnaryMathFunction
All Done
Writing ModularCodeGen2_ModularCodeGenTypedCompositeActor_ModularCodeGenTypedCompositeActor.java in file:/home/travis/cg/ (11790 characters)
Reading "ptolemy/cg/kernel/generic/program/procedural/java/modular/makefile.in",
    writing "/home/travis/cg/ModularCodeGen2_ModularCodeGenTypedCompositeActor_ModularCodeGenTypedCompositeActor.mk"
Using ptolemy/cg/kernel/generic/program/procedural/java/modular/makefile.in
In "/home/travis/cg", about to execute:
    make -f
ModularCodeGen2_ModularCodeGenTypedCompositeActor_ModularCodeGenTypedCompositeA
ctor.mk
javac -classpath ".:.."    ModularCodeGen2_ModularCodeGenTypedCompositeActor_ModularCodeGenTypedCompositeActor.java
All Done
In "/home/travis/cg", about to execute:
    pwd
/home/travis/cg
In "/home/travis/cg", about to execute:
    ls -l
total 1332
drwxrwxr-x   3 travis travis 12288 Apr  9 04:00 AbsoluteValue
drwxrwxr-x   3 travis travis 16384 Apr  9 04:00 Case1
drwxrwxr-x   3 travis travis 32768 Apr  9 04:00 Case2
-rw-rw-r--   1 travis travis  4895 Apr  9 04:04 CompiledCompositeActor_CompiledCompositeActor.class
-rw-rw-r--   1 travis travis  1592 Apr  9 04:04 CompiledCompositeActor_CompiledCompositeActor$_CompiledCompositeActor_CompiledCompositeActor.class
-rw-rw-r--   1 travis travis 13466 Apr  9 04:04 CompiledCompositeActor_CompiledCompositeActor.java
-rw-rw-r--   1 travis travis  1593 Apr  9 04:04 CompiledCompositeActor_CompiledCompositeActor.mk
drwxrwxr-x   3 travis travis 24576 Apr  9 04:02 DeScrambler
drwxrwxr-x   3 travis travis 16384 Apr  9 04:04 DotProduct
drwxrwxr-x   3 travis travis 12288 Apr  9 04:00 FileWriter1
drwxrwxr-x   3 travis travis 20480 Apr  9 04:00 FixToDoubleAndBack
drwxrwxr-x   3 travis travis 16384 Apr  9 04:00 Gaussian1
drwxrwxr-x   3 travis travis 20480 Apr  9 04:00 Gaussian2
-rw-rw-r--   1 travis travis  4457 Apr  9 04:04 JavaCompiledCompositeTest1_CompiledCompositeActor.class
-rw-rw-r--   1 travis travis 11637 Apr  9 04:04 JavaCompiledCompositeTest1_CompiledCompositeActor.java
-rw-rw-r--   1 travis travis  1198 Apr  9 04:04 JavaCompiledCompositeTest1_CompiledCompositeActor$_JavaCompiledCompositeTest1_CompiledCompositeActor.class
-rw-rw-r--   1 travis travis  1625 Apr  9 04:04 JavaCompiledCompositeTest1_CompiledCompositeActor.mk
-rw-rw-r--   1 travis travis  4888 Apr  9 04:04 JavaCompiledCompositeTest2_CompiledCompositeActor.class
-rw-rw-r--   1 travis travis 14919 Apr  9 04:04 JavaCompiledCompositeTest2_CompiledCompositeActor.java
-rw-rw-r--   1 travis travis  1793 Apr  9 04:04 JavaCompiledCompositeTest2_CompiledCompositeActor$_JavaCompiledCompositeTest2_CompiledCompositeActor.class
-rw-rw-r--   1 travis travis  1625 Apr  9 04:04 JavaCompiledCompositeTest2_CompiledCompositeActor.mk
-rw-rw-r--   1 travis travis  4505 Apr  9 04:04 JavaCompiledCompositeTest3_CompiledCompositeActor.class
-rw-rw-r--   1 travis travis 13080 Apr  9 04:04 JavaCompiledCompositeTest3_CompiledCompositeActor.java
-rw-rw-r--   1 travis travis  1378 Apr  9 04:04 JavaCompiledCompositeTest3_CompiledCompositeActor$_JavaCompiledCompositeTest3_CompiledCompositeActor.class
-rw-rw-r--   1 travis travis  1625 Apr  9 04:04 JavaCompiledCompositeTest3_CompiledCompositeActor.mk
-rw-rw-r--   1 travis travis  3953 Apr  9 04:04 JavaCompiledCompositeTest4_CompiledCompositeActor.class
-rw-rw-r--   1 travis travis  9687 Apr  9 04:04 JavaCompiledCompositeTest4_CompiledCompositeActor.java
-rw-rw-r--   1 travis travis   857 Apr  9 04:04 JavaCompiledCompositeTest4_CompiledCompositeActor$_JavaCompiledCompositeTest4_CompiledCompositeActor.class
-rw-rw-r--   1 travis travis  1625 Apr  9 04:04 JavaCompiledCompositeTest4_CompiledCompositeActor.mk
drwxrwxr-x   3 travis travis 12288 Apr  9 04:01 LookupTable
drwxrwxr-x   3 travis travis 20480 Apr  9 04:01 MaxIndex
-rw-rw-r--   1 travis travis  3693 Apr  9 04:04 ModularCG_A1_B1.class
-rw-rw-r--   1 travis travis  9730 Apr  9 04:04 ModularCG_A1_B1.java
-rw-rw-r--   1 travis travis   832 Apr  9 04:04 ModularCG_A1_B1.mk
-rw-rw-r--   1 travis travis  1318 Apr  9 04:04 ModularCG_A1_B1_profile.class
-rw-rw-r--   1 travis travis  1262 Apr  9 04:04 ModularCG_A1_B1_profile.java
-rw-rw-r--   1 travis travis  3693 Apr  9 04:04 ModularCG_A1_B2.class
-rw-rw-r--   1 travis travis  9730 Apr  9 04:04 ModularCG_A1_B2.java
-rw-rw-r--   1 travis travis   832 Apr  9 04:04 ModularCG_A1_B2.mk
-rw-rw-r--   1 travis travis  1318 Apr  9 04:04 ModularCG_A1_B2_profile.class
-rw-rw-r--   1 travis travis  1262 Apr  9 04:04 ModularCG_A1_B2_profile.java
-rw-rw-r--   1 travis travis  4799 Apr  9 04:04 ModularCG_A1.class
-rw-rw-r--   1 travis travis 14742 Apr  9 04:04 ModularCG_A1.java
-rw-rw-r--   1 travis travis   808 Apr  9 04:04 ModularCG_A1.mk
-rw-rw-r--   1 travis travis  1433 Apr  9 04:04 ModularCG_A1_profile.class
-rw-rw-r--   1 travis travis  1704 Apr  9 04:04 ModularCG_A1_profile.java
-rw-rw-r--   1 travis travis  3827 Apr  9 04:04 ModularCG_A2_B1.class
-rw-rw-r--   1 travis travis 10667 Apr  9 04:04 ModularCG_A2_B1.java
-rw-rw-r--   1 travis travis   832 Apr  9 04:04 ModularCG_A2_B1.mk
-rw-rw-r--   1 travis travis  1381 Apr  9 04:04 ModularCG_A2_B1_profile.class
-rw-rw-r--   1 travis travis  1446 Apr  9 04:04 ModularCG_A2_B1_profile.java
-rw-rw-r--   1 travis travis  3693 Apr  9 04:04 ModularCG_A2_B2.class
-rw-rw-r--   1 travis travis  9730 Apr  9 04:04 ModularCG_A2_B2.java
-rw-rw-r--   1 travis travis   832 Apr  9 04:04 ModularCG_A2_B2.mk
-rw-rw-r--   1 travis travis  1318 Apr  9 04:04 ModularCG_A2_B2_profile.class
-rw-rw-r--   1 travis travis  1262 Apr  9 04:04 ModularCG_A2_B2_profile.java
-rw-rw-r--   1 travis travis  4870 Apr  9 04:05 ModularCG_A2.class
-rw-rw-r--   1 travis travis 15129 Apr  9 04:05 ModularCG_A2.java
-rw-rw-r--   1 travis travis   808 Apr  9 04:05 ModularCG_A2.mk
-rw-rw-r--   1 travis travis  1433 Apr  9 04:05 ModularCG_A2_profile.class
-rw-rw-r--   1 travis travis  1704 Apr  9 04:04 ModularCG_A2_profile.java
-rw-rw-r--   1 travis travis  3473 Apr  9 04:05 ModularCGPubSub_A1_A2.class
-rw-rw-r--   1 travis travis  9076 Apr  9 04:05 ModularCGPubSub_A1_A2.java
-rw-rw-r--   1 travis travis   880 Apr  9 04:05 ModularCGPubSub_A1_A2.mk
-rw-rw-r--   1 travis travis  1300 Apr  9 04:05 ModularCGPubSub_A1_A2_profile.class
-rw-rw-r--   1 travis travis  1222 Apr  9 04:05 ModularCGPubSub_A1_A2_profile.java
-rw-rw-r--   1 travis travis  3790 Apr  9 04:05 ModularCGPubSub_A1.class
-rw-rw-r--   1 travis travis  9836 Apr  9 04:05 ModularCGPubSub_A1.java
-rw-rw-r--   1 travis travis   856 Apr  9 04:05 ModularCGPubSub_A1.mk
-rw-rw-r--   1 travis travis  1346 Apr  9 04:05 ModularCGPubSub_A1_profile.class
-rw-rw-r--   1 travis travis  1388 Apr  9 04:05 ModularCGPubSub_A1_profile.java
-rw-rw-r--   1 travis travis  4272 Apr  9 04:05 ModularCodeGen2_ModularCodeGenTypedCompositeActor_ModularCodeGenTypedCompositeActor.class
-rw-rw-r--   1 travis travis 11790 Apr  9 04:05 ModularCodeGen2_ModularCodeGenTypedCompositeActor_ModularCodeGenTypedCompositeActor.java
-rw-rw-r--   1 travis travis  1376 Apr  9 04:05 ModularCodeGen2_ModularCodeGenTypedCompositeActor_ModularCodeGenTypedCompositeActor.mk
-rw-rw-r--   1 travis travis  1421 Apr  9 04:05 ModularCodeGen2_ModularCodeGenTypedCompositeActor_ModularCodeGenTypedCompositeActor_profile.class
-rw-rw-r--   1 travis travis  1294 Apr  9 04:05 ModularCodeGen2_ModularCodeGenTypedCompositeActor_ModularCodeGenTypedCompositeActor_profile.java
-rw-rw-r--   1 travis travis   693 Apr  9 04:05 ModularCodeGen2_ModularCodeGenTypedCompositeActor_profile.java
-rw-rw-r--   1 travis travis  3954 Apr  9 04:05 ModularCodeGen_ModularCodeGenTypedCompositeActor.class
-rw-rw-r--   1 travis travis 10970 Apr  9 04:05 ModularCodeGen_ModularCodeGenTypedCompositeActor.java
-rw-rw-r--   1 travis travis  1096 Apr  9 04:05 ModularCodeGen_ModularCodeGenTypedCompositeActor.mk
-rw-rw-r--   1 travis travis  1384 Apr  9 04:05 ModularCodeGen_ModularCodeGenTypedCompositeActor_profile.class
-rw-rw-r--   1 travis travis  1328 Apr  9 04:05 ModularCodeGen_ModularCodeGenTypedCompositeActor_profile.java
-rw-rw-r--   1 travis travis  3492 Apr  9 04:04 ModularCodeGenTest_A1_A2.class
-rw-rw-r--   1 travis travis   904 Apr  9 04:04 ModularCodeGenTest_A1_A2.mk
-rw-rw-r--   1 travis travis  1306 Apr  9 04:04 ModularCodeGenTest_A1_A2_profile.class
-rw-rw-r--   1 travis travis  3823 Apr  9 04:04 ModularCodeGenTest_A1.class
-rw-rw-r--   1 travis travis  9968 Apr  9 04:04 ModularCodeGenTest_A1.java
-rw-rw-r--   1 travis travis   880 Apr  9 04:04 ModularCodeGenTest_A1.mk
-rw-rw-r--   1 travis travis  1352 Apr  9 04:04 ModularCodeGenTest_A1_profile.class
-rw-rw-r--   1 travis travis  1394 Apr  9 04:04 ModularCodeGenTest_A1_profile.java
drwxrwxr-x   3 travis travis 36864 Apr  9 04:04 modulation2
drwxrwxr-x   3 travis travis 20480 Apr  9 04:01 Multiplexor
drwxrwxr-x 242 travis travis 12288 Apr  9 04:04 node_modules
drwxrwxr-x   3 travis travis 20480 Apr  9 04:01 PhaseUnwrap
-rw-rw-r--   1 travis travis   520 Apr  9 04:04 Repeat$_fireFunction_Repeat_Repeat$__f_sL_0.class
-rw-rw-r--   1 travis travis   522 Apr  9 04:04 Repeat$_fireFunction_Repeat_Repeat$__f_sL_10.class
-rw-rw-r--   1 travis travis   666 Apr  9 04:04 Repeat$_fireFunction_Repeat_Repeat$__f_sL_11.class
-rw-rw-r--   1 travis travis   522 Apr  9 04:04 Repeat$_fireFunction_Repeat_Repeat$__f_sL_13.class
-rw-rw-r--   1 travis travis   665 Apr  9 04:04 Repeat$_fireFunction_Repeat_Repeat$__f_sL_1.class
-rw-rw-r--   1 travis travis   520 Apr  9 04:04 Repeat$_fireFunction_Repeat_Repeat$__f_sL_2.class
-rw-rw-r--   1 travis travis   520 Apr  9 04:04 Repeat$_fireFunction_Repeat_Repeat$__f_sL_3.class
-rw-rw-r--   1 travis travis   520 Apr  9 04:04 Repeat$_fireFunction_Repeat_Repeat$__f_sL_5.class
-rw-rw-r--   1 travis travis   671 Apr  9 04:04 Repeat$_fireFunction_Repeat_Repeat$__f_sL_7.class
-rw-rw-r--   1 travis travis   520 Apr  9 04:04 Repeat$_fireFunction_Repeat_Repeat$__f_sL_9.class
-rw-rw-r--   1 travis travis   813 Apr  9 04:04 Repeat$_initialize_Repeat.class
-rw-rw-r--   1 travis travis   475 Apr  9 04:04 Repeat$_initialize_Repeat$__i_sL_0.class
-rw-rw-r--   1 travis travis   519 Apr  9 04:04 Repeat$_initialize_Repeat$__i_sL_3.class
-rw-rw-r--   1 travis travis 39778 Apr  9 04:04 Repeat.java
-rw-rw-r--   1 travis travis  1281 Apr  9 04:04 Repeat.mk
-rw-rw-r--   1 travis travis   520 Apr  9 04:04 Repeat$_preinitializeMethod_Repeat$__p_sL_0.class
-rw-rw-r--   1 travis travis   520 Apr  9 04:04 Repeat$_preinitializeMethod_Repeat$__p_sL_1.class
-rw-rw-r--   1 travis travis  1083 Apr  9 04:04 Repeat$_Repeat$_fireFunction_Repeat_AddSubtract_Repeat.class
-rw-rw-r--   1 travis travis   791 Apr  9 04:04 Repeat$_Repeat$_fireFunction_Repeat_AddSubtract_Repeat$__f_sL_0.class
-rw-rw-r--   1 travis travis   909 Apr  9 04:04 Repeat$_Repeat$_fireFunction_Repeat_AddSubtract_Repeat$__f_sL_1.class
-rw-rw-r--   1 travis travis   915 Apr  9 04:04 Repeat$_Repeat$_fireFunction_Repeat_AddSubtract_Repeat$__f_sL_2.class
-rw-rw-r--   1 travis travis   838 Apr  9 04:04 Repeat$_Repeat$_fireFunction_Repeat_Ramp2_Repeat$__f_sL_1.class
-rw-rw-r--   1 travis travis  1785 Apr  9 04:04 Repeat$_Repeat$_fireFunction_Repeat_Test_Repeat$__f_sL_2.class
-rw-rw-r--   1 travis travis   685 Apr  9 04:04 Repeat$_Repeat_SDF_Director_run_Repeat$__R_sL_0.class
-rw-rw-r--   1 travis travis   540 Apr  9 04:04 Repeat$_Repeat_SDF_Director_run_Repeat$__R_sL_1.class
-rw-rw-r--   1 travis travis   540 Apr  9 04:04 Repeat$_Repeat_SDF_Director_run_Repeat$__R_sL_2.class
-rw-rw-r--   1 travis travis   540 Apr  9 04:04 Repeat$_Repeat_SDF_Director_run_Repeat$__R_sL_4.class
-rw-rw-r--   1 travis travis   540 Apr  9 04:04 Repeat$_Repeat_SDF_Director_run_Repeat$__R_sL_5.class
-rw-rw-r--   1 travis travis   691 Apr  9 04:04 Repeat$_Repeat_SDF_Director_run_Repeat$__R_sL_6.class
-rw-rw-r--   1 travis travis   540 Apr  9 04:04 Repeat$_Repeat_SDF_Director_run_Repeat$__R_sL_7.class
-rw-rw-r--   1 travis travis   863 Apr  9 04:04 Repeat$_varinit_Repeat.class
-rw-rw-r--   1 travis travis   530 Apr  9 04:04 Repeat$_varinit_Repeat$__v_sL_1.class
-rw-rw-r--   1 travis travis   531 Apr  9 04:04 Repeat$_varinit_Repeat$__v_sL_2.class
-rw-rw-r--   1 travis travis   905 Apr  9 04:04 Repeat$_varinit_Repeat$__v_sL_4.class
-rw-rw-r--   1 travis travis   635 Apr  9 04:04 Repeat$_wrapup_Repeat.class
-rw-rw-r--   1 travis travis   965 Apr  9 04:04 Repeat$_wrapup_Repeat$__w_sL_1.class
-rw-rw-r--   1 travis travis   289 Apr  9 03:59 result.csv
drwxrwxr-x   3 travis travis 12288 Apr  9 04:02 Scrambler1
drwxrwxr-x   3 travis travis 20480 Apr  9 04:01 Sinewave2
drwxrwxr-x   3 travis travis 69632 Apr  9 04:02 StringCompare
drwxrwxr-x   3 travis travis 32768 Apr  9 04:02 StringFunction
drwxrwxr-x   3 travis travis 12288 Apr  9 04:03 StringLength
drwxrwxr-x   3 travis travis 57344 Apr  9 04:03 StringSimpleReplace
drwxrwxr-x   3 travis travis 12288 Apr  9 04:04 time2
drwxrwxr-x   3 travis travis 12288 Apr  9 04:04 time5
-rw-rw-r--   1 travis travis   432 Apr  9 04:05 Token.class
-rw-rw-r--   1 travis travis   251 Apr  9 04:05 Token.java
-rw-rw-r--   1 travis travis     0 Apr  9 04:04 top.
-rw-rw-r--   1 travis travis 20502 Apr  9 03:59 top.c
-rw-rw-r--   1 travis travis  3567 Apr  9 04:04 top.class
-rw-rw-r--   1 travis travis   169 Apr  9 03:59 top.html
-rw-rw-r--   1 travis travis  7552 Apr  9 04:04 top.java
-rw-rw-r--   1 travis travis 38888 Apr  9 03:59 top.o
drwxrwxr-x   3 travis travis 57344 Apr  9 04:02 UnaryMathFunction
In "/home/travis/cg", about to execute:
    javac -classpath
.:/home/travis/build/icyphy/ptII:/home/travis/build/icyphy/ptII/lib/bsh-2.0b4.j
ar:/home/travis/build/icyphy/ptII/lib/ptCal.jar:/home/travis/build/icyphy/ptII/
lib/java_cup.jar:/home/travis/build/icyphy/ptII/lib/saxon8.jar:/home/travis/bui
ld/icyphy/ptII/lib/saxon8-dom.jar:/home/travis/build/icyphy/ptII/lib/chic.jar:/
home/travis/build/icyphy/ptII/lib/ptcolt.jar:/usr/lib/jvm/java-8-oracle/lib/too
ls.jar:/home/travis/build/icyphy/ptII/vendors/misc/itext/iText.jar:/home/travis
/build/icyphy/ptII/lib/g4ltl.jar:/home/travis/build/icyphy/ptII/lib/StructuralC
oder.jar:/home/travis/build/icyphy/ptII/vendors/jai-1_1_2_01/lib/jai_core.jar:/
home/travis/build/icyphy/ptII/vendors/jai-1_1_2_01/lib/jai_codec.jar:/home/trav
is/build/icyphy/ptII/lib/jcerti.jar:/home/travis/build/icyphy/ptII/lib/javax.ma
il.jar:/home/travis/build/icyphy/ptII/vendors/JMF-2.1.1e/lib/jmf.jar:/home/trav
is/build/icyphy/ptII/lib/jna-4.0.0-variadic.jar:/home/travis/build/icyphy/ptII/
vendors/misc/joystick/Joystick.jar:/home/travis/build/icyphy/ptII/lib/ptjacl.ja
r:/home/travis/build/icyphy/ptII/lib/jsoup-1.8.2.jar:/home/travis/build/icyphy/
ptII/lib/junit-4.8.2.jar:/home/travis/build/icyphy/ptII/lib/JUnitParams-0.4.0.j
ar:/home/travis/build/icyphy/ptII/ptolemy/actor/lib/excel/jxl.jar:/home/travis/
build/icyphy/ptII/lib/jython.jar:/home/travis/build/icyphy/ptII/lib/kieler.jar:
/home/travis/build/icyphy/ptII/vendors/opencv/share/OpenCV/java/opencv-341.jar:
/home/travis/build/icyphy/ptII/lib/oscP5.jar:/home/travis/build/icyphy/ptII/lib
/nrjavaserial-3.11.0.devel.jar:/home/travis/build/icyphy/ptII/vendors/j3d/lib/j
3dcore.jar:/home/travis/build/icyphy/ptII/vendors/j3d/lib/j3dutils.jar:/home/tr
avis/build/icyphy/ptII/vendors/j3d/lib/vecmath.jar:/home/travis/build/icyphy/pt
II/ptolemy/distributed/jini/jar/jini-core.jar:/home/travis/build/icyphy/ptII/pt
olemy/distributed/jini/jar/jini-ext.jar:/home/travis/build/icyphy/ptII/ptolemy/
distributed/jini/jar/sun-util.jar:/home/travis/build/icyphy/ptII/lib/protobuf-j
ava-2.4.1.jar:/home/travis/build/icyphy/ptII/lib/org.eclipse.paho.client.mqttv3
.jar:/home/travis/build/icyphy/ptII/lib/mapss.jar:/home/travis/build/icyphy/ptI
I/ptolemy/actor/ptalon/antlr/antlr.jar:/home/travis/build/icyphy/ptII/lib/JRI.j
ar:/home/travis/build/icyphy/ptII/lib/commons-lang-2.6.jar:/home/travis/build/i
cyphy/ptII/lib/commons-logging-1.1.1.jar:/home/travis/build/icyphy/ptII/lib/soo
tclasses.jar:/home/travis/build/icyphy/ptII/ptolemy/actor/lib/database/mysql-co
nnector-java-5.1.6-bin.jar:/home/travis/build/icyphy/ptII/vendors/misc/sphinx4/
sphinx4-data-5prealpha.jar:/home/travis/build/icyphy/ptII/vendors/misc/sphinx4/
sphinx4-core-5prealpha.jar:/home/travis/build/icyphy/ptII/lib/PDFRenderer.jar:/
home/travis/build/icyphy/ptII/lib/svgSalamander.jar:/home/travis/build/icyphy/p
tII/lib/rsyntaxtextarea-2.6.0-SNAPSHOT.jar:/home/travis/build/icyphy/ptII/lib/h
azelcast-3.8.2.jar:/home/travis/build/icyphy/ptII/lib/jackson-annotations-2.9.0
.jar:/home/travis/build/icyphy/ptII/lib/jackson-core-2.9.3.jar:/home/travis/bui
ld/icyphy/ptII/lib/jackson-databind-2.9.3.jar:/home/travis/build/icyphy/ptII/li
b/netty-buffer-4.1.19.Final.jar:/home/travis/build/icyphy/ptII/lib/netty-codec-
4.1.19.Final.jar:/home/travis/build/icyphy/ptII/lib/netty-codec-dns-4.1.19.Fina
l.jar:/home/travis/build/icyphy/ptII/lib/netty-codec-http-4.1.19.Final.jar:/hom
e/travis/build/icyphy/ptII/lib/netty-codec-http2-4.1.19.Final.jar:/home/travis/
build/icyphy/ptII/lib/netty-common-4.1.19.Final.jar:/home/travis/build/icyphy/p
tII/lib/netty-handler-4.1.19.Final.jar:/home/travis/build/icyphy/ptII/lib/netty
-resolver-4.1.19.Final.jar:/home/travis/build/icyphy/ptII/lib/netty-resolver-dn
s-4.1.19.Final.jar:/home/travis/build/icyphy/ptII/lib/netty-transport-4.1.19.Fi
nal.jar:/home/travis/build/icyphy/ptII/lib/vertx-codegen-3.5.1.jar:/home/travis
/build/icyphy/ptII/lib/vertx-core-3.5.2-SNAPSHOT.jar:/home/travis/build/icyphy/
ptII/lib/vertx-hazelcast-3.5.1.jar:/home/travis/build/icyphy/ptII/lib/vertx-lan
g-js-3.5.1.jar:/home/travis/build/icyphy/ptII/lib/vertx-service-proxy-3.5.1.jar
:/home/travis/build/icyphy/ptII/lib/vertx-web-3.5.1.jar:/home/travis/build/icyp
hy/ptII/lib/slf4j-api-1.7.13.jar:/home/travis/build/icyphy/ptII/lib/slf4j-simpl
e-1.7.13.jar:/home/travis/build/icyphy/ptII/lib/webcam-capture-0.3.12.jar:/home
/travis/build/icyphy/ptII/lib/bridj-0.7.0.jar:/home/travis/build/icyphy/ptII/li
b/xbjlib-1.1.0.nrjavaserial.jar:/home/travis/build/icyphy/ptII/ptolemy/moml/tes
t:/home/travis/build/icyphy/ptII/ant/lib/ant-launcher.jar:/home/travis/build/ic
yphy/ptII/ant/lib/ant.jar:/home/travis/build/icyphy/ptII/ant/lib/ant-junit.jar:
/home/travis/build/icyphy/ptII/ant/lib/ant-junit4.jar:/home/travis/build/icyphy
/ptII ModularCodeGen2_ModularCodeGenTypedCompositeActor_profile.java
All Done
Writing ModularCodeGen2_ModularCodeGenTypedCompositeActor.java in file:/home/travis/cg/ (11690 characters)
Reading "ptolemy/cg/kernel/generic/program/procedural/java/modular/makefile.in",
    writing "/home/travis/cg/ModularCodeGen2_ModularCodeGenTypedCompositeActor.mk"
Using ptolemy/cg/kernel/generic/program/procedural/java/modular/makefile.in
In "/home/travis/cg", about to execute:
    make -f ModularCodeGen2_ModularCodeGenTypedCompositeActor.mk
javac -classpath ".:.."    ModularCodeGen2_ModularCodeGenTypedCompositeActor.java
All Done
4198 ms. Memory: 167936K Free: 145102K (86%)
----------------- Invoking toplevel() on ptolemy.moml.MoMLSimpleApplication@5edac0e7
----------------- Done invoking toplevel() on ptolemy.moml.MoMLSimpleApplication@5edac0e7
reloadAllAccessors: .ModularCodeGen2

===========================================================================================
----------------- testing Tue Apr 09 04:05:12 UTC 2019 /home/travis/build/icyphy/ptII/ptolemy/cg/lib/test/auto/ModularCodeGen3.xml
----------------- Instantiating /home/travis/build/icyphy/ptII/ptolemy/cg/lib/test/auto/ModularCodeGen3.xml
In "/home/travis/cg", about to execute:
    pwd
In "/home/travis/cg", about to execute:
    ls -l
/home/travis/cg
In "/home/travis/cg", about to execute:
    javac -classpath
.:/home/travis/build/icyphy/ptII:/home/travis/build/icyphy/ptII/lib/bsh-2.0b4.j
ar:/home/travis/build/icyphy/ptII/lib/ptCal.jar:/home/travis/build/icyphy/ptII/
lib/java_cup.jar:/home/travis/build/icyphy/ptII/lib/saxon8.jar:/home/travis/bui
ld/icyphy/ptII/lib/saxon8-dom.jar:/home/travis/build/icyphy/ptII/lib/chic.jar:/
home/travis/build/icyphy/ptII/lib/ptcolt.jar:/usr/lib/jvm/java-8-oracle/lib/too
ls.jar:/home/travis/build/icyphy/ptII/vendors/misc/itext/iText.jar:/home/travis
/build/icyphy/ptII/lib/g4ltl.jar:/home/travis/build/icyphy/ptII/lib/StructuralC
oder.jar:/home/travis/build/icyphy/ptII/vendors/jai-1_1_2_01/lib/jai_core.jar:/
home/travis/build/icyphy/ptII/vendors/jai-1_1_2_01/lib/jai_codec.jar:/home/trav
is/build/icyphy/ptII/lib/jcerti.jar:/home/travis/build/icyphy/ptII/lib/javax.ma
il.jar:/home/travis/build/icyphy/ptII/vendors/JMF-2.1.1e/lib/jmf.jar:/home/trav
is/build/icyphy/ptII/lib/jna-4.0.0-variadic.jar:/home/travis/build/icyphy/ptII/
vendors/misc/joystick/Joystick.jar:/home/travis/build/icyphy/ptII/lib/ptjacl.ja
r:/home/travis/build/icyphy/ptII/lib/jsoup-1.8.2.jar:/home/travis/build/icyphy/
ptII/lib/junit-4.8.2.jar:/home/travis/build/icyphy/ptII/lib/JUnitParams-0.4.0.j
ar:/home/travis/build/icyphy/ptII/ptolemy/actor/lib/excel/jxl.jar:/home/travis/
build/icyphy/ptII/lib/jython.jar:/home/travis/build/icyphy/ptII/lib/kieler.jar:
/home/travis/build/icyphy/ptII/vendors/opencv/share/OpenCV/java/opencv-341.jar:
/home/travis/build/icyphy/ptII/lib/oscP5.jar:/home/travis/build/icyphy/ptII/lib
/nrjavaserial-3.11.0.devel.jar:/home/travis/build/icyphy/ptII/vendors/j3d/lib/j
3dcore.jar:/home/travis/build/icyphy/ptII/vendors/j3d/lib/j3dutils.jar:/home/tr
avis/build/icyphy/ptII/vendors/j3d/lib/vecmath.jar:/home/travis/build/icyphy/pt
II/ptolemy/distributed/jini/jar/jini-core.jar:/home/travis/build/icyphy/ptII/pt
olemy/distributed/jini/jar/jini-ext.jar:/home/travis/build/icyphy/ptII/ptolemy/
distributed/jini/jar/sun-util.jar:/home/travis/build/icyphy/ptII/lib/protobuf-j
ava-2.4.1.jar:/home/travis/build/icyphy/ptII/lib/org.eclipse.paho.client.mqttv3
.jar:/home/travis/build/icyphy/ptII/lib/mapss.jar:/home/travis/build/icyphy/ptI
I/ptolemy/actor/ptalon/antlr/antlr.jar:/home/travis/build/icyphy/ptII/lib/JRI.j
ar:/home/travis/build/icyphy/ptII/lib/commons-lang-2.6.jar:/home/travis/build/i
cyphy/ptII/lib/commons-logging-1.1.1.jar:/home/travis/build/icyphy/ptII/lib/soo
tclasses.jar:/home/travis/build/icyphy/ptII/ptolemy/actor/lib/database/mysql-co
nnector-java-5.1.6-bin.jar:/home/travis/build/icyphy/ptII/vendors/misc/sphinx4/
sphinx4-data-5prealpha.jar:/home/travis/build/icyphy/ptII/vendors/misc/sphinx4/
sphinx4-core-5prealpha.jar:/home/travis/build/icyphy/ptII/lib/PDFRenderer.jar:/
home/travis/build/icyphy/ptII/lib/svgSalamander.jar:/home/travis/build/icyphy/p
tII/lib/rsyntaxtextarea-2.6.0-SNAPSHOT.jar:/home/travis/build/icyphy/ptII/lib/h
azelcast-3.8.2.jar:/home/travis/build/icyphy/ptII/lib/jackson-annotations-2.9.0
.jar:/home/travis/build/icyphy/ptII/lib/jackson-core-2.9.3.jar:/home/travis/bui
ld/icyphy/ptII/lib/jackson-databind-2.9.3.jar:/home/travis/build/icyphy/ptII/li
b/netty-buffer-4.1.19.Final.jar:/home/travis/build/icyphy/ptII/lib/netty-codec-
4.1.19.Final.jar:/home/travis/build/icyphy/ptII/lib/netty-codec-dns-4.1.19.Fina
l.jar:/home/travis/build/icyphy/ptII/lib/netty-codec-http-4.1.19.Final.jar:/hom
e/travis/build/icyphy/ptII/lib/netty-codec-http2-4.1.19.Final.jar:/home/travis/
build/icyphy/ptII/lib/netty-common-4.1.19.Final.jar:/home/travis/build/icyphy/p
tII/lib/netty-handler-4.1.19.Final.jar:/home/travis/build/icyphy/ptII/lib/netty
-resolver-4.1.19.Final.jar:/home/travis/build/icyphy/ptII/lib/netty-resolver-dn
s-4.1.19.Final.jar:/home/travis/build/icyphy/ptII/lib/netty-transport-4.1.19.Fi
nal.jar:/home/travis/build/icyphy/ptII/lib/vertx-codegen-3.5.1.jar:/home/travis
/build/icyphy/ptII/lib/vertx-core-3.5.2-SNAPSHOT.jar:/home/travis/build/icyphy/
ptII/lib/vertx-hazelcast-3.5.1.jar:/home/travis/build/icyphy/ptII/lib/vertx-lan
g-js-3.5.1.jar:/home/travis/build/icyphy/ptII/lib/vertx-service-proxy-3.5.1.jar
:/home/travis/build/icyphy/ptII/lib/vertx-web-3.5.1.jar:/home/travis/build/icyp
hy/ptII/lib/slf4j-api-1.7.13.jar:/home/travis/build/icyphy/ptII/lib/slf4j-simpl
e-1.7.13.jar:/home/travis/build/icyphy/ptII/lib/webcam-capture-0.3.12.jar:/home
/travis/build/icyphy/ptII/lib/bridj-0.7.0.jar:/home/travis/build/icyphy/ptII/li
b/xbjlib-1.1.0.nrjavaserial.jar:/home/travis/build/icyphy/ptII/ptolemy/moml/tes
t:/home/travis/build/icyphy/ptII/ant/lib/ant-launcher.jar:/home/travis/build/ic
yphy/ptII/ant/lib/ant.jar:/home/travis/build/icyphy/ptII/ant/lib/ant-junit.jar:
/home/travis/build/icyphy/ptII/ant/lib/ant-junit4.jar:/home/travis/build/icyphy
/ptII ModularCodeGen3_A1_B1_profile.java
total 1360
drwxrwxr-x   3 travis travis 12288 Apr  9 04:00 AbsoluteValue
drwxrwxr-x   3 travis travis 16384 Apr  9 04:00 Case1
drwxrwxr-x   3 travis travis 32768 Apr  9 04:00 Case2
-rw-rw-r--   1 travis travis  4895 Apr  9 04:04 CompiledCompositeActor_CompiledCompositeActor.class
-rw-rw-r--   1 travis travis  1592 Apr  9 04:04 CompiledCompositeActor_CompiledCompositeActor$_CompiledCompositeActor_CompiledCompositeActor.class
-rw-rw-r--   1 travis travis 13466 Apr  9 04:04 CompiledCompositeActor_CompiledCompositeActor.java
-rw-rw-r--   1 travis travis  1593 Apr  9 04:04 CompiledCompositeActor_CompiledCompositeActor.mk
drwxrwxr-x   3 travis travis 24576 Apr  9 04:02 DeScrambler
drwxrwxr-x   3 travis travis 16384 Apr  9 04:04 DotProduct
drwxrwxr-x   3 travis travis 12288 Apr  9 04:00 FileWriter1
drwxrwxr-x   3 travis travis 20480 Apr  9 04:00 FixToDoubleAndBack
drwxrwxr-x   3 travis travis 16384 Apr  9 04:00 Gaussian1
drwxrwxr-x   3 travis travis 20480 Apr  9 04:00 Gaussian2
-rw-rw-r--   1 travis travis  4457 Apr  9 04:04 JavaCompiledCompositeTest1_CompiledCompositeActor.class
-rw-rw-r--   1 travis travis 11637 Apr  9 04:04 JavaCompiledCompositeTest1_CompiledCompositeActor.java
-rw-rw-r--   1 travis travis  1198 Apr  9 04:04 JavaCompiledCompositeTest1_CompiledCompositeActor$_JavaCompiledCompositeTest1_CompiledCompositeActor.class
-rw-rw-r--   1 travis travis  1625 Apr  9 04:04 JavaCompiledCompositeTest1_CompiledCompositeActor.mk
-rw-rw-r--   1 travis travis  4888 Apr  9 04:04 JavaCompiledCompositeTest2_CompiledCompositeActor.class
-rw-rw-r--   1 travis travis 14919 Apr  9 04:04 JavaCompiledCompositeTest2_CompiledCompositeActor.java
-rw-rw-r--   1 travis travis  1793 Apr  9 04:04 JavaCompiledCompositeTest2_CompiledCompositeActor$_JavaCompiledCompositeTest2_CompiledCompositeActor.class
-rw-rw-r--   1 travis travis  1625 Apr  9 04:04 JavaCompiledCompositeTest2_CompiledCompositeActor.mk
-rw-rw-r--   1 travis travis  4505 Apr  9 04:04 JavaCompiledCompositeTest3_CompiledCompositeActor.class
-rw-rw-r--   1 travis travis 13080 Apr  9 04:04 JavaCompiledCompositeTest3_CompiledCompositeActor.java
-rw-rw-r--   1 travis travis  1378 Apr  9 04:04 JavaCompiledCompositeTest3_CompiledCompositeActor$_JavaCompiledCompositeTest3_CompiledCompositeActor.class
-rw-rw-r--   1 travis travis  1625 Apr  9 04:04 JavaCompiledCompositeTest3_CompiledCompositeActor.mk
-rw-rw-r--   1 travis travis  3953 Apr  9 04:04 JavaCompiledCompositeTest4_CompiledCompositeActor.class
-rw-rw-r--   1 travis travis  9687 Apr  9 04:04 JavaCompiledCompositeTest4_CompiledCompositeActor.java
-rw-rw-r--   1 travis travis   857 Apr  9 04:04 JavaCompiledCompositeTest4_CompiledCompositeActor$_JavaCompiledCompositeTest4_CompiledCompositeActor.class
-rw-rw-r--   1 travis travis  1625 Apr  9 04:04 JavaCompiledCompositeTest4_CompiledCompositeActor.mk
drwxrwxr-x   3 travis travis 12288 Apr  9 04:01 LookupTable
drwxrwxr-x   3 travis travis 20480 Apr  9 04:01 MaxIndex
-rw-rw-r--   1 travis travis  3693 Apr  9 04:04 ModularCG_A1_B1.class
-rw-rw-r--   1 travis travis  9730 Apr  9 04:04 ModularCG_A1_B1.java
-rw-rw-r--   1 travis travis   832 Apr  9 04:04 ModularCG_A1_B1.mk
-rw-rw-r--   1 travis travis  1318 Apr  9 04:04 ModularCG_A1_B1_profile.class
-rw-rw-r--   1 travis travis  1262 Apr  9 04:04 ModularCG_A1_B1_profile.java
-rw-rw-r--   1 travis travis  3693 Apr  9 04:04 ModularCG_A1_B2.class
-rw-rw-r--   1 travis travis  9730 Apr  9 04:04 ModularCG_A1_B2.java
-rw-rw-r--   1 travis travis   832 Apr  9 04:04 ModularCG_A1_B2.mk
-rw-rw-r--   1 travis travis  1318 Apr  9 04:04 ModularCG_A1_B2_profile.class
-rw-rw-r--   1 travis travis  1262 Apr  9 04:04 ModularCG_A1_B2_profile.java
-rw-rw-r--   1 travis travis  4799 Apr  9 04:04 ModularCG_A1.class
-rw-rw-r--   1 travis travis 14742 Apr  9 04:04 ModularCG_A1.java
-rw-rw-r--   1 travis travis   808 Apr  9 04:04 ModularCG_A1.mk
-rw-rw-r--   1 travis travis  1433 Apr  9 04:04 ModularCG_A1_profile.class
-rw-rw-r--   1 travis travis  1704 Apr  9 04:04 ModularCG_A1_profile.java
-rw-rw-r--   1 travis travis  3827 Apr  9 04:04 ModularCG_A2_B1.class
-rw-rw-r--   1 travis travis 10667 Apr  9 04:04 ModularCG_A2_B1.java
-rw-rw-r--   1 travis travis   832 Apr  9 04:04 ModularCG_A2_B1.mk
-rw-rw-r--   1 travis travis  1381 Apr  9 04:04 ModularCG_A2_B1_profile.class
-rw-rw-r--   1 travis travis  1446 Apr  9 04:04 ModularCG_A2_B1_profile.java
-rw-rw-r--   1 travis travis  3693 Apr  9 04:04 ModularCG_A2_B2.class
-rw-rw-r--   1 travis travis  9730 Apr  9 04:04 ModularCG_A2_B2.java
-rw-rw-r--   1 travis travis   832 Apr  9 04:04 ModularCG_A2_B2.mk
-rw-rw-r--   1 travis travis  1318 Apr  9 04:04 ModularCG_A2_B2_profile.class
-rw-rw-r--   1 travis travis  1262 Apr  9 04:04 ModularCG_A2_B2_profile.java
-rw-rw-r--   1 travis travis  4870 Apr  9 04:05 ModularCG_A2.class
-rw-rw-r--   1 travis travis 15129 Apr  9 04:05 ModularCG_A2.java
-rw-rw-r--   1 travis travis   808 Apr  9 04:05 ModularCG_A2.mk
-rw-rw-r--   1 travis travis  1433 Apr  9 04:05 ModularCG_A2_profile.class
-rw-rw-r--   1 travis travis  1704 Apr  9 04:04 ModularCG_A2_profile.java
-rw-rw-r--   1 travis travis  3473 Apr  9 04:05 ModularCGPubSub_A1_A2.class
-rw-rw-r--   1 travis travis  9076 Apr  9 04:05 ModularCGPubSub_A1_A2.java
-rw-rw-r--   1 travis travis   880 Apr  9 04:05 ModularCGPubSub_A1_A2.mk
-rw-rw-r--   1 travis travis  1300 Apr  9 04:05 ModularCGPubSub_A1_A2_profile.class
-rw-rw-r--   1 travis travis  1222 Apr  9 04:05 ModularCGPubSub_A1_A2_profile.java
-rw-rw-r--   1 travis travis  3790 Apr  9 04:05 ModularCGPubSub_A1.class
-rw-rw-r--   1 travis travis  9836 Apr  9 04:05 ModularCGPubSub_A1.java
-rw-rw-r--   1 travis travis   856 Apr  9 04:05 ModularCGPubSub_A1.mk
-rw-rw-r--   1 travis travis  1346 Apr  9 04:05 ModularCGPubSub_A1_profile.class
-rw-rw-r--   1 travis travis  1388 Apr  9 04:05 ModularCGPubSub_A1_profile.java
-rw-rw-r--   1 travis travis  3988 Apr  9 04:05 ModularCodeGen2_ModularCodeGenTypedCompositeActor.class
-rw-rw-r--   1 travis travis 11690 Apr  9 04:05 ModularCodeGen2_ModularCodeGenTypedCompositeActor.java
-rw-rw-r--   1 travis travis  1104 Apr  9 04:05 ModularCodeGen2_ModularCodeGenTypedCompositeActor.mk
-rw-rw-r--   1 travis travis  4272 Apr  9 04:05 ModularCodeGen2_ModularCodeGenTypedCompositeActor_ModularCodeGenTypedCompositeActor.class
-rw-rw-r--   1 travis travis 11790 Apr  9 04:05 ModularCodeGen2_ModularCodeGenTypedCompositeActor_ModularCodeGenTypedCompositeActor.java
-rw-rw-r--   1 travis travis  1376 Apr  9 04:05 ModularCodeGen2_ModularCodeGenTypedCompositeActor_ModularCodeGenTypedCompositeActor.mk
-rw-rw-r--   1 travis travis  1421 Apr  9 04:05 ModularCodeGen2_ModularCodeGenTypedCompositeActor_ModularCodeGenTypedCompositeActor_profile.class
-rw-rw-r--   1 travis travis  1294 Apr  9 04:05 ModularCodeGen2_ModularCodeGenTypedCompositeActor_ModularCodeGenTypedCompositeActor_profile.java
-rw-rw-r--   1 travis travis   820 Apr  9 04:05 ModularCodeGen2_ModularCodeGenTypedCompositeActor_profile.class
-rw-rw-r--   1 travis travis   693 Apr  9 04:05 ModularCodeGen2_ModularCodeGenTypedCompositeActor_profile.java
-rw-rw-r--   1 travis travis  1274 Apr  9 04:05 ModularCodeGen3_A1_B1_profile.java
-rw-rw-r--   1 travis travis  3954 Apr  9 04:05 ModularCodeGen_ModularCodeGenTypedCompositeActor.class
-rw-rw-r--   1 travis travis 10970 Apr  9 04:05 ModularCodeGen_ModularCodeGenTypedCompositeActor.java
-rw-rw-r--   1 travis travis  1096 Apr  9 04:05 ModularCodeGen_ModularCodeGenTypedCompositeActor.mk
-rw-rw-r--   1 travis travis  1384 Apr  9 04:05 ModularCodeGen_ModularCodeGenTypedCompositeActor_profile.class
-rw-rw-r--   1 travis travis  1328 Apr  9 04:05 ModularCodeGen_ModularCodeGenTypedCompositeActor_profile.java
-rw-rw-r--   1 travis travis  3492 Apr  9 04:04 ModularCodeGenTest_A1_A2.class
-rw-rw-r--   1 travis travis   904 Apr  9 04:04 ModularCodeGenTest_A1_A2.mk
-rw-rw-r--   1 travis travis  1306 Apr  9 04:04 ModularCodeGenTest_A1_A2_profile.class
-rw-rw-r--   1 travis travis  3823 Apr  9 04:04 ModularCodeGenTest_A1.class
-rw-rw-r--   1 travis travis  9968 Apr  9 04:04 ModularCodeGenTest_A1.java
-rw-rw-r--   1 travis travis   880 Apr  9 04:04 ModularCodeGenTest_A1.mk
-rw-rw-r--   1 travis travis  1352 Apr  9 04:04 ModularCodeGenTest_A1_profile.class
-rw-rw-r--   1 travis travis  1394 Apr  9 04:04 ModularCodeGenTest_A1_profile.java
drwxrwxr-x   3 travis travis 36864 Apr  9 04:04 modulation2
drwxrwxr-x   3 travis travis 20480 Apr  9 04:01 Multiplexor
drwxrwxr-x 242 travis travis 12288 Apr  9 04:04 node_modules
drwxrwxr-x   3 travis travis 20480 Apr  9 04:01 PhaseUnwrap
-rw-rw-r--   1 travis travis   520 Apr  9 04:04 Repeat$_fireFunction_Repeat_Repeat$__f_sL_0.class
-rw-rw-r--   1 travis travis   522 Apr  9 04:04 Repeat$_fireFunction_Repeat_Repeat$__f_sL_10.class
-rw-rw-r--   1 travis travis   666 Apr  9 04:04 Repeat$_fireFunction_Repeat_Repeat$__f_sL_11.class
-rw-rw-r--   1 travis travis   522 Apr  9 04:04 Repeat$_fireFunction_Repeat_Repeat$__f_sL_13.class
-rw-rw-r--   1 travis travis   665 Apr  9 04:04 Repeat$_fireFunction_Repeat_Repeat$__f_sL_1.class
-rw-rw-r--   1 travis travis   520 Apr  9 04:04 Repeat$_fireFunction_Repeat_Repeat$__f_sL_2.class
-rw-rw-r--   1 travis travis   520 Apr  9 04:04 Repeat$_fireFunction_Repeat_Repeat$__f_sL_3.class
-rw-rw-r--   1 travis travis   520 Apr  9 04:04 Repeat$_fireFunction_Repeat_Repeat$__f_sL_5.class
-rw-rw-r--   1 travis travis   671 Apr  9 04:04 Repeat$_fireFunction_Repeat_Repeat$__f_sL_7.class
-rw-rw-r--   1 travis travis   520 Apr  9 04:04 Repeat$_fireFunction_Repeat_Repeat$__f_sL_9.class
-rw-rw-r--   1 travis travis   813 Apr  9 04:04 Repeat$_initialize_Repeat.class
-rw-rw-r--   1 travis travis   475 Apr  9 04:04 Repeat$_initialize_Repeat$__i_sL_0.class
-rw-rw-r--   1 travis travis   519 Apr  9 04:04 Repeat$_initialize_Repeat$__i_sL_3.class
-rw-rw-r--   1 travis travis 39778 Apr  9 04:04 Repeat.java
-rw-rw-r--   1 travis travis  1281 Apr  9 04:04 Repeat.mk
-rw-rw-r--   1 travis travis   520 Apr  9 04:04 Repeat$_preinitializeMethod_Repeat$__p_sL_0.class
-rw-rw-r--   1 travis travis   520 Apr  9 04:04 Repeat$_preinitializeMethod_Repeat$__p_sL_1.class
-rw-rw-r--   1 travis travis  1083 Apr  9 04:04 Repeat$_Repeat$_fireFunction_Repeat_AddSubtract_Repeat.class
-rw-rw-r--   1 travis travis   791 Apr  9 04:04 Repeat$_Repeat$_fireFunction_Repeat_AddSubtract_Repeat$__f_sL_0.class
-rw-rw-r--   1 travis travis   909 Apr  9 04:04 Repeat$_Repeat$_fireFunction_Repeat_AddSubtract_Repeat$__f_sL_1.class
-rw-rw-r--   1 travis travis   915 Apr  9 04:04 Repeat$_Repeat$_fireFunction_Repeat_AddSubtract_Repeat$__f_sL_2.class
-rw-rw-r--   1 travis travis   838 Apr  9 04:04 Repeat$_Repeat$_fireFunction_Repeat_Ramp2_Repeat$__f_sL_1.class
-rw-rw-r--   1 travis travis  1785 Apr  9 04:04 Repeat$_Repeat$_fireFunction_Repeat_Test_Repeat$__f_sL_2.class
-rw-rw-r--   1 travis travis   685 Apr  9 04:04 Repeat$_Repeat_SDF_Director_run_Repeat$__R_sL_0.class
-rw-rw-r--   1 travis travis   540 Apr  9 04:04 Repeat$_Repeat_SDF_Director_run_Repeat$__R_sL_1.class
-rw-rw-r--   1 travis travis   540 Apr  9 04:04 Repeat$_Repeat_SDF_Director_run_Repeat$__R_sL_2.class
-rw-rw-r--   1 travis travis   540 Apr  9 04:04 Repeat$_Repeat_SDF_Director_run_Repeat$__R_sL_4.class
-rw-rw-r--   1 travis travis   540 Apr  9 04:04 Repeat$_Repeat_SDF_Director_run_Repeat$__R_sL_5.class
-rw-rw-r--   1 travis travis   691 Apr  9 04:04 Repeat$_Repeat_SDF_Director_run_Repeat$__R_sL_6.class
-rw-rw-r--   1 travis travis   540 Apr  9 04:04 Repeat$_Repeat_SDF_Director_run_Repeat$__R_sL_7.class
-rw-rw-r--   1 travis travis   863 Apr  9 04:04 Repeat$_varinit_Repeat.class
-rw-rw-r--   1 travis travis   530 Apr  9 04:04 Repeat$_varinit_Repeat$__v_sL_1.class
-rw-rw-r--   1 travis travis   531 Apr  9 04:04 Repeat$_varinit_Repeat$__v_sL_2.class
-rw-rw-r--   1 travis travis   905 Apr  9 04:04 Repeat$_varinit_Repeat$__v_sL_4.class
-rw-rw-r--   1 travis travis   635 Apr  9 04:04 Repeat$_wrapup_Repeat.class
-rw-rw-r--   1 travis travis   965 Apr  9 04:04 Repeat$_wrapup_Repeat$__w_sL_1.class
-rw-rw-r--   1 travis travis   289 Apr  9 03:59 result.csv
drwxrwxr-x   3 travis travis 12288 Apr  9 04:02 Scrambler1
drwxrwxr-x   3 travis travis 20480 Apr  9 04:01 Sinewave2
drwxrwxr-x   3 travis travis 69632 Apr  9 04:02 StringCompare
drwxrwxr-x   3 travis travis 32768 Apr  9 04:02 StringFunction
drwxrwxr-x   3 travis travis 12288 Apr  9 04:03 StringLength
drwxrwxr-x   3 travis travis 57344 Apr  9 04:03 StringSimpleReplace
drwxrwxr-x   3 travis travis 12288 Apr  9 04:04 time2
drwxrwxr-x   3 travis travis 12288 Apr  9 04:04 time5
-rw-rw-r--   1 travis travis   432 Apr  9 04:05 Token.class
-rw-rw-r--   1 travis travis   251 Apr  9 04:05 Token.java
-rw-rw-r--   1 travis travis     0 Apr  9 04:04 top.
-rw-rw-r--   1 travis travis 20502 Apr  9 03:59 top.c
-rw-rw-r--   1 travis travis  3567 Apr  9 04:04 top.class
-rw-rw-r--   1 travis travis   169 Apr  9 03:59 top.html
-rw-rw-r--   1 travis travis  7552 Apr  9 04:04 top.java
-rw-rw-r--   1 travis travis 38888 Apr  9 03:59 top.o
drwxrwxr-x   3 travis travis 57344 Apr  9 04:02 UnaryMathFunction
All Done
Writing ModularCodeGen3_A1_B1.java in file:/home/travis/cg/ (9958 characters)
Reading "ptolemy/cg/kernel/generic/program/procedural/java/modular/makefile.in",
    writing "/home/travis/cg/ModularCodeGen3_A1_B1.mk"
Using ptolemy/cg/kernel/generic/program/procedural/java/modular/makefile.in
In "/home/travis/cg", about to execute:
    make -f ModularCodeGen3_A1_B1.mk
javac -classpath ".:.."    ModularCodeGen3_A1_B1.java
All Done
In "/home/travis/cg", about to execute:
    pwd
/home/travis/cg
In "/home/travis/cg", about to execute:
    ls -l
total 1388
drwxrwxr-x   3 travis travis 12288 Apr  9 04:00 AbsoluteValue
drwxrwxr-x   3 travis travis 16384 Apr  9 04:00 Case1
drwxrwxr-x   3 travis travis 32768 Apr  9 04:00 Case2
-rw-rw-r--   1 travis travis  4895 Apr  9 04:04 CompiledCompositeActor_CompiledCompositeActor.class
-rw-rw-r--   1 travis travis  1592 Apr  9 04:04 CompiledCompositeActor_CompiledCompositeActor$_CompiledCompositeActor_CompiledCompositeActor.class
-rw-rw-r--   1 travis travis 13466 Apr  9 04:04 CompiledCompositeActor_CompiledCompositeActor.java
-rw-rw-r--   1 travis travis  1593 Apr  9 04:04 CompiledCompositeActor_CompiledCompositeActor.mk
drwxrwxr-x   3 travis travis 24576 Apr  9 04:02 DeScrambler
drwxrwxr-x   3 travis travis 16384 Apr  9 04:04 DotProduct
drwxrwxr-x   3 travis travis 12288 Apr  9 04:00 FileWriter1
drwxrwxr-x   3 travis travis 20480 Apr  9 04:00 FixToDoubleAndBack
drwxrwxr-x   3 travis travis 16384 Apr  9 04:00 Gaussian1
drwxrwxr-x   3 travis travis 20480 Apr  9 04:00 Gaussian2
-rw-rw-r--   1 travis travis  4457 Apr  9 04:04 JavaCompiledCompositeTest1_CompiledCompositeActor.class
-rw-rw-r--   1 travis travis 11637 Apr  9 04:04 JavaCompiledCompositeTest1_CompiledCompositeActor.java
-rw-rw-r--   1 travis travis  1198 Apr  9 04:04 JavaCompiledCompositeTest1_CompiledCompositeActor$_JavaCompiledCompositeTest1_CompiledCompositeActor.class
-rw-rw-r--   1 travis travis  1625 Apr  9 04:04 JavaCompiledCompositeTest1_CompiledCompositeActor.mk
-rw-rw-r--   1 travis travis  4888 Apr  9 04:04 JavaCompiledCompositeTest2_CompiledCompositeActor.class
-rw-rw-r--   1 travis travis 14919 Apr  9 04:04 JavaCompiledCompositeTest2_CompiledCompositeActor.java
-rw-rw-r--   1 travis travis  1793 Apr  9 04:04 JavaCompiledCompositeTest2_CompiledCompositeActor$_JavaCompiledCompositeTest2_CompiledCompositeActor.class
-rw-rw-r--   1 travis travis  1625 Apr  9 04:04 JavaCompiledCompositeTest2_CompiledCompositeActor.mk
-rw-rw-r--   1 travis travis  4505 Apr  9 04:04 JavaCompiledCompositeTest3_CompiledCompositeActor.class
-rw-rw-r--   1 travis travis 13080 Apr  9 04:04 JavaCompiledCompositeTest3_CompiledCompositeActor.java
-rw-rw-r--   1 travis travis  1378 Apr  9 04:04 JavaCompiledCompositeTest3_CompiledCompositeActor$_JavaCompiledCompositeTest3_CompiledCompositeActor.class
-rw-rw-r--   1 travis travis  1625 Apr  9 04:04 JavaCompiledCompositeTest3_CompiledCompositeActor.mk
-rw-rw-r--   1 travis travis  3953 Apr  9 04:04 JavaCompiledCompositeTest4_CompiledCompositeActor.class
-rw-rw-r--   1 travis travis  9687 Apr  9 04:04 JavaCompiledCompositeTest4_CompiledCompositeActor.java
-rw-rw-r--   1 travis travis   857 Apr  9 04:04 JavaCompiledCompositeTest4_CompiledCompositeActor$_JavaCompiledCompositeTest4_CompiledCompositeActor.class
-rw-rw-r--   1 travis travis  1625 Apr  9 04:04 JavaCompiledCompositeTest4_CompiledCompositeActor.mk
drwxrwxr-x   3 travis travis 12288 Apr  9 04:01 LookupTable
drwxrwxr-x   3 travis travis 20480 Apr  9 04:01 MaxIndex
-rw-rw-r--   1 travis travis  3693 Apr  9 04:04 ModularCG_A1_B1.class
-rw-rw-r--   1 travis travis  9730 Apr  9 04:04 ModularCG_A1_B1.java
-rw-rw-r--   1 travis travis   832 Apr  9 04:04 ModularCG_A1_B1.mk
-rw-rw-r--   1 travis travis  1318 Apr  9 04:04 ModularCG_A1_B1_profile.class
-rw-rw-r--   1 travis travis  1262 Apr  9 04:04 ModularCG_A1_B1_profile.java
-rw-rw-r--   1 travis travis  3693 Apr  9 04:04 ModularCG_A1_B2.class
-rw-rw-r--   1 travis travis  9730 Apr  9 04:04 ModularCG_A1_B2.java
-rw-rw-r--   1 travis travis   832 Apr  9 04:04 ModularCG_A1_B2.mk
-rw-rw-r--   1 travis travis  1318 Apr  9 04:04 ModularCG_A1_B2_profile.class
-rw-rw-r--   1 travis travis  1262 Apr  9 04:04 ModularCG_A1_B2_profile.java
-rw-rw-r--   1 travis travis  4799 Apr  9 04:04 ModularCG_A1.class
-rw-rw-r--   1 travis travis 14742 Apr  9 04:04 ModularCG_A1.java
-rw-rw-r--   1 travis travis   808 Apr  9 04:04 ModularCG_A1.mk
-rw-rw-r--   1 travis travis  1433 Apr  9 04:04 ModularCG_A1_profile.class
-rw-rw-r--   1 travis travis  1704 Apr  9 04:04 ModularCG_A1_profile.java
-rw-rw-r--   1 travis travis  3827 Apr  9 04:04 ModularCG_A2_B1.class
-rw-rw-r--   1 travis travis 10667 Apr  9 04:04 ModularCG_A2_B1.java
-rw-rw-r--   1 travis travis   832 Apr  9 04:04 ModularCG_A2_B1.mk
-rw-rw-r--   1 travis travis  1381 Apr  9 04:04 ModularCG_A2_B1_profile.class
-rw-rw-r--   1 travis travis  1446 Apr  9 04:04 ModularCG_A2_B1_profile.java
-rw-rw-r--   1 travis travis  3693 Apr  9 04:04 ModularCG_A2_B2.class
-rw-rw-r--   1 travis travis  9730 Apr  9 04:04 ModularCG_A2_B2.java
-rw-rw-r--   1 travis travis   832 Apr  9 04:04 ModularCG_A2_B2.mk
-rw-rw-r--   1 travis travis  1318 Apr  9 04:04 ModularCG_A2_B2_profile.class
-rw-rw-r--   1 travis travis  1262 Apr  9 04:04 ModularCG_A2_B2_profile.java
-rw-rw-r--   1 travis travis  4870 Apr  9 04:05 ModularCG_A2.class
-rw-rw-r--   1 travis travis 15129 Apr  9 04:05 ModularCG_A2.java
-rw-rw-r--   1 travis travis   808 Apr  9 04:05 ModularCG_A2.mk
-rw-rw-r--   1 travis travis  1433 Apr  9 04:05 ModularCG_A2_profile.class
-rw-rw-r--   1 travis travis  1704 Apr  9 04:04 ModularCG_A2_profile.java
-rw-rw-r--   1 travis travis  3473 Apr  9 04:05 ModularCGPubSub_A1_A2.class
-rw-rw-r--   1 travis travis  9076 Apr  9 04:05 ModularCGPubSub_A1_A2.java
-rw-rw-r--   1 travis travis   880 Apr  9 04:05 ModularCGPubSub_A1_A2.mk
-rw-rw-r--   1 travis travis  1300 Apr  9 04:05 ModularCGPubSub_A1_A2_profile.class
-rw-rw-r--   1 travis travis  1222 Apr  9 04:05 ModularCGPubSub_A1_A2_profile.java
-rw-rw-r--   1 travis travis  3790 Apr  9 04:05 ModularCGPubSub_A1.class
-rw-rw-r--   1 travis travis  9836 Apr  9 04:05 ModularCGPubSub_A1.java
-rw-rw-r--   1 travis travis   856 Apr  9 04:05 ModularCGPubSub_A1.mk
-rw-rw-r--   1 travis travis  1346 Apr  9 04:05 ModularCGPubSub_A1_profile.class
-rw-rw-r--   1 travis travis  1388 Apr  9 04:05 ModularCGPubSub_A1_profile.java
-rw-rw-r--   1 travis travis  3988 Apr  9 04:05 ModularCodeGen2_ModularCodeGenTypedCompositeActor.class
-rw-rw-r--   1 travis travis 11690 Apr  9 04:05 ModularCodeGen2_ModularCodeGenTypedCompositeActor.java
-rw-rw-r--   1 travis travis  1104 Apr  9 04:05 ModularCodeGen2_ModularCodeGenTypedCompositeActor.mk
-rw-rw-r--   1 travis travis  4272 Apr  9 04:05 ModularCodeGen2_ModularCodeGenTypedCompositeActor_ModularCodeGenTypedCompositeActor.class
-rw-rw-r--   1 travis travis 11790 Apr  9 04:05 ModularCodeGen2_ModularCodeGenTypedCompositeActor_ModularCodeGenTypedCompositeActor.java
-rw-rw-r--   1 travis travis  1376 Apr  9 04:05 ModularCodeGen2_ModularCodeGenTypedCompositeActor_ModularCodeGenTypedCompositeActor.mk
-rw-rw-r--   1 travis travis  1421 Apr  9 04:05 ModularCodeGen2_ModularCodeGenTypedCompositeActor_ModularCodeGenTypedCompositeActor_profile.class
-rw-rw-r--   1 travis travis  1294 Apr  9 04:05 ModularCodeGen2_ModularCodeGenTypedCompositeActor_ModularCodeGenTypedCompositeActor_profile.java
-rw-rw-r--   1 travis travis   820 Apr  9 04:05 ModularCodeGen2_ModularCodeGenTypedCompositeActor_profile.class
-rw-rw-r--   1 travis travis   693 Apr  9 04:05 ModularCodeGen2_ModularCodeGenTypedCompositeActor_profile.java
-rw-rw-r--   1 travis travis  3741 Apr  9 04:05 ModularCodeGen3_A1_B1.class
-rw-rw-r--   1 travis travis  9958 Apr  9 04:05 ModularCodeGen3_A1_B1.java
-rw-rw-r--   1 travis travis   880 Apr  9 04:05 ModularCodeGen3_A1_B1.mk
-rw-rw-r--   1 travis travis  1330 Apr  9 04:05 ModularCodeGen3_A1_B1_profile.class
-rw-rw-r--   1 travis travis  1274 Apr  9 04:05 ModularCodeGen3_A1_B1_profile.java
-rw-rw-r--   1 travis travis  1274 Apr  9 04:05 ModularCodeGen3_A1_B2_profile.java
-rw-rw-r--   1 travis travis  3954 Apr  9 04:05 ModularCodeGen_ModularCodeGenTypedCompositeActor.class
-rw-rw-r--   1 travis travis 10970 Apr  9 04:05 ModularCodeGen_ModularCodeGenTypedCompositeActor.java
-rw-rw-r--   1 travis travis  1096 Apr  9 04:05 ModularCodeGen_ModularCodeGenTypedCompositeActor.mk
-rw-rw-r--   1 travis travis  1384 Apr  9 04:05 ModularCodeGen_ModularCodeGenTypedCompositeActor_profile.class
-rw-rw-r--   1 travis travis  1328 Apr  9 04:05 ModularCodeGen_ModularCodeGenTypedCompositeActor_profile.java
-rw-rw-r--   1 travis travis  3492 Apr  9 04:04 ModularCodeGenTest_A1_A2.class
-rw-rw-r--   1 travis travis   904 Apr  9 04:04 ModularCodeGenTest_A1_A2.mk
-rw-rw-r--   1 travis travis  1306 Apr  9 04:04 ModularCodeGenTest_A1_A2_profile.class
-rw-rw-r--   1 travis travis  3823 Apr  9 04:04 ModularCodeGenTest_A1.class
-rw-rw-r--   1 travis travis  9968 Apr  9 04:04 ModularCodeGenTest_A1.java
-rw-rw-r--   1 travis travis   880 Apr  9 04:04 ModularCodeGenTest_A1.mk
-rw-rw-r--   1 travis travis  1352 Apr  9 04:04 ModularCodeGenTest_A1_profile.class
-rw-rw-r--   1 travis travis  1394 Apr  9 04:04 ModularCodeGenTest_A1_profile.java
drwxrwxr-x   3 travis travis 36864 Apr  9 04:04 modulation2
drwxrwxr-x   3 travis travis 20480 Apr  9 04:01 Multiplexor
In "/home/travis/cg", about to execute:
    javac -classpath
.:/home/travis/build/icyphy/ptII:/home/travis/build/icyphy/ptII/lib/bsh-2.0b4.j
ar:/home/travis/build/icyphy/ptII/lib/ptCal.jar:/home/travis/build/icyphy/ptII/
lib/java_cup.jar:/home/travis/build/icyphy/ptII/lib/saxon8.jar:/home/travis/bui
ld/icyphy/ptII/lib/saxon8-dom.jar:/home/travis/build/icyphy/ptII/lib/chic.jar:/
home/travis/build/icyphy/ptII/lib/ptcolt.jar:/usr/lib/jvm/java-8-oracle/lib/too
ls.jar:/home/travis/build/icyphy/ptII/vendors/misc/itext/iText.jar:/home/travis
/build/icyphy/ptII/lib/g4ltl.jar:/home/travis/build/icyphy/ptII/lib/StructuralC
oder.jar:/home/travis/build/icyphy/ptII/vendors/jai-1_1_2_01/lib/jai_core.jar:/
home/travis/build/icyphy/ptII/vendors/jai-1_1_2_01/lib/jai_codec.jar:/home/trav
is/build/icyphy/ptII/lib/jcerti.jar:/home/travis/build/icyphy/ptII/lib/javax.ma
il.jar:/home/travis/build/icyphy/ptII/vendors/JMF-2.1.1e/lib/jmf.jar:/home/trav
is/build/icyphy/ptII/lib/jna-4.0.0-variadic.jar:/home/travis/build/icyphy/ptII/
vendors/misc/joystick/Joystick.jar:/home/travis/build/icyphy/ptII/lib/ptjacl.ja
r:/home/travis/build/icyphy/ptII/lib/jsoup-1.8.2.jar:/home/travis/build/icyphy/
ptII/lib/junit-4.8.2.jar:/home/travis/build/icyphy/ptII/lib/JUnitParams-0.4.0.j
ar:/home/travis/build/icyphy/ptII/ptolemy/actor/lib/excel/jxl.jar:/home/travis/
build/icyphy/ptII/lib/jython.jar:/home/travis/build/icyphy/ptII/lib/kieler.jar:
/home/travis/build/icyphy/ptII/vendors/opencv/share/OpenCV/java/opencv-341.jar:
/home/travis/build/icyphy/ptII/lib/oscP5.jar:/home/travis/build/icyphy/ptII/lib
/nrjavaserial-3.11.0.devel.jar:/home/travis/build/icyphy/ptII/vendors/j3d/lib/j
3dcore.jar:/home/travis/build/icyphy/ptII/vendors/j3d/lib/j3dutils.jar:/home/tr
avis/build/icyphy/ptII/vendors/j3d/lib/vecmath.jar:/home/travis/build/icyphy/pt
II/ptolemy/distributed/jini/jar/jini-core.jar:/home/travis/build/icyphy/ptII/pt
olemy/distributed/jini/jar/jini-ext.jar:/home/travis/build/icyphy/ptII/ptolemy/
distributed/jini/jar/sun-util.jar:/home/travis/build/icyphy/ptII/lib/protobuf-j
ava-2.4.1.jar:/home/travis/build/icyphy/ptII/lib/org.eclipse.paho.client.mqttv3
.jar:/home/travis/build/icyphy/ptII/lib/mapss.jar:/home/travis/build/icyphy/ptI
I/ptolemy/actor/ptalon/antlr/antlr.jar:/home/travis/build/icyphy/ptII/lib/JRI.j
ar:/home/travis/build/icyphy/ptII/lib/commons-lang-2.6.jar:/home/travis/build/i
cyphy/ptII/lib/commons-logging-1.1.1.jar:/home/travis/build/icyphy/ptII/lib/soo
tclasses.jar:/home/travis/build/icyphy/ptII/ptolemy/actor/lib/database/mysql-co
nnector-java-5.1.6-bin.jar:/home/travis/build/icyphy/ptII/vendors/misc/sphinx4/
sphinx4-data-5prealpha.jar:/home/travis/build/icyphy/ptII/vendors/misc/sphinx4/
sphinx4-core-5prealpha.jar:/home/travis/build/icyphy/ptII/lib/PDFRenderer.jar:/
home/travis/build/icyphy/ptII/lib/svgSalamander.jar:/home/travis/build/icyphy/p
tII/lib/rsyntaxtextarea-2.6.0-SNAPSHOT.jar:/home/travis/build/icyphy/ptII/lib/h
azelcast-3.8.2.jar:/home/travis/build/icyphy/ptII/lib/jackson-annotations-2.9.0
.jar:/home/travis/build/icyphy/ptII/lib/jackson-core-2.9.3.jar:/home/travis/bui
ld/icyphy/ptII/lib/jackson-databind-2.9.3.jar:/home/travis/build/icyphy/ptII/li
b/netty-buffer-4.1.19.Final.jar:/home/travis/build/icyphy/ptII/lib/netty-codec-
4.1.19.Final.jar:/home/travis/build/icyphy/ptII/lib/netty-codec-dns-4.1.19.Fina
l.jar:/home/travis/build/icyphy/ptII/lib/netty-codec-http-4.1.19.Final.jar:/hom
e/travis/build/icyphy/ptII/lib/netty-codec-http2-4.1.19.Final.jar:/home/travis/
build/icyphy/ptII/lib/netty-common-4.1.19.Final.jar:/home/travis/build/icyphy/p
tII/lib/netty-handler-4.1.19.Final.jar:/home/travis/build/icyphy/ptII/lib/netty
-resolver-4.1.19.Final.jar:/home/travis/build/icyphy/ptII/lib/netty-resolver-dn
s-4.1.19.Final.jar:/home/travis/build/icyphy/ptII/lib/netty-transport-4.1.19.Fi
nal.jar:/home/travis/build/icyphy/ptII/lib/vertx-codegen-3.5.1.jar:/home/travis
/build/icyphy/ptII/lib/vertx-core-3.5.2-SNAPSHOT.jar:/home/travis/build/icyphy/
ptII/lib/vertx-hazelcast-3.5.1.jar:/home/travis/build/icyphy/ptII/lib/vertx-lan
g-js-3.5.1.jar:/home/travis/build/icyphy/ptII/lib/vertx-service-proxy-3.5.1.jar
:/home/travis/build/icyphy/ptII/lib/vertx-web-3.5.1.jar:/home/travis/build/icyp
hy/ptII/lib/slf4j-api-1.7.13.jar:/home/travis/build/icyphy/ptII/lib/slf4j-simpl
e-1.7.13.jar:/home/travis/build/icyphy/ptII/lib/webcam-capture-0.3.12.jar:/home
/travis/build/icyphy/ptII/lib/bridj-0.7.0.jar:/home/travis/build/icyphy/ptII/li
b/xbjlib-1.1.0.nrjavaserial.jar:/home/travis/build/icyphy/ptII/ptolemy/moml/tes
t:/home/travis/build/icyphy/ptII/ant/lib/ant-launcher.jar:/home/travis/build/ic
yphy/ptII/ant/lib/ant.jar:/home/travis/build/icyphy/ptII/ant/lib/ant-junit.jar:
/home/travis/build/icyphy/ptII/ant/lib/ant-junit4.jar:/home/travis/build/icyphy
/ptII ModularCodeGen3_A1_B2_profile.java
drwxrwxr-x 242 travis travis 12288 Apr  9 04:04 node_modules
drwxrwxr-x   3 travis travis 20480 Apr  9 04:01 PhaseUnwrap
-rw-rw-r--   1 travis travis   520 Apr  9 04:04 Repeat$_fireFunction_Repeat_Repeat$__f_sL_0.class
-rw-rw-r--   1 travis travis   522 Apr  9 04:04 Repeat$_fireFunction_Repeat_Repeat$__f_sL_10.class
-rw-rw-r--   1 travis travis   666 Apr  9 04:04 Repeat$_fireFunction_Repeat_Repeat$__f_sL_11.class
-rw-rw-r--   1 travis travis   522 Apr  9 04:04 Repeat$_fireFunction_Repeat_Repeat$__f_sL_13.class
-rw-rw-r--   1 travis travis   665 Apr  9 04:04 Repeat$_fireFunction_Repeat_Repeat$__f_sL_1.class
-rw-rw-r--   1 travis travis   520 Apr  9 04:04 Repeat$_fireFunction_Repeat_Repeat$__f_sL_2.class
-rw-rw-r--   1 travis travis   520 Apr  9 04:04 Repeat$_fireFunction_Repeat_Repeat$__f_sL_3.class
-rw-rw-r--   1 travis travis   520 Apr  9 04:04 Repeat$_fireFunction_Repeat_Repeat$__f_sL_5.class
-rw-rw-r--   1 travis travis   671 Apr  9 04:04 Repeat$_fireFunction_Repeat_Repeat$__f_sL_7.class
-rw-rw-r--   1 travis travis   520 Apr  9 04:04 Repeat$_fireFunction_Repeat_Repeat$__f_sL_9.class
-rw-rw-r--   1 travis travis   813 Apr  9 04:04 Repeat$_initialize_Repeat.class
-rw-rw-r--   1 travis travis   475 Apr  9 04:04 Repeat$_initialize_Repeat$__i_sL_0.class
-rw-rw-r--   1 travis travis   519 Apr  9 04:04 Repeat$_initialize_Repeat$__i_sL_3.class
-rw-rw-r--   1 travis travis 39778 Apr  9 04:04 Repeat.java
-rw-rw-r--   1 travis travis  1281 Apr  9 04:04 Repeat.mk
-rw-rw-r--   1 travis travis   520 Apr  9 04:04 Repeat$_preinitializeMethod_Repeat$__p_sL_0.class
-rw-rw-r--   1 travis travis   520 Apr  9 04:04 Repeat$_preinitializeMethod_Repeat$__p_sL_1.class
-rw-rw-r--   1 travis travis  1083 Apr  9 04:04 Repeat$_Repeat$_fireFunction_Repeat_AddSubtract_Repeat.class
-rw-rw-r--   1 travis travis   791 Apr  9 04:04 Repeat$_Repeat$_fireFunction_Repeat_AddSubtract_Repeat$__f_sL_0.class
-rw-rw-r--   1 travis travis   909 Apr  9 04:04 Repeat$_Repeat$_fireFunction_Repeat_AddSubtract_Repeat$__f_sL_1.class
-rw-rw-r--   1 travis travis   915 Apr  9 04:04 Repeat$_Repeat$_fireFunction_Repeat_AddSubtract_Repeat$__f_sL_2.class
-rw-rw-r--   1 travis travis   838 Apr  9 04:04 Repeat$_Repeat$_fireFunction_Repeat_Ramp2_Repeat$__f_sL_1.class
-rw-rw-r--   1 travis travis  1785 Apr  9 04:04 Repeat$_Repeat$_fireFunction_Repeat_Test_Repeat$__f_sL_2.class
-rw-rw-r--   1 travis travis   685 Apr  9 04:04 Repeat$_Repeat_SDF_Director_run_Repeat$__R_sL_0.class
-rw-rw-r--   1 travis travis   540 Apr  9 04:04 Repeat$_Repeat_SDF_Director_run_Repeat$__R_sL_1.class
-rw-rw-r--   1 travis travis   540 Apr  9 04:04 Repeat$_Repeat_SDF_Director_run_Repeat$__R_sL_2.class
-rw-rw-r--   1 travis travis   540 Apr  9 04:04 Repeat$_Repeat_SDF_Director_run_Repeat$__R_sL_4.class
-rw-rw-r--   1 travis travis   540 Apr  9 04:04 Repeat$_Repeat_SDF_Director_run_Repeat$__R_sL_5.class
-rw-rw-r--   1 travis travis   691 Apr  9 04:04 Repeat$_Repeat_SDF_Director_run_Repeat$__R_sL_6.class
-rw-rw-r--   1 travis travis   540 Apr  9 04:04 Repeat$_Repeat_SDF_Director_run_Repeat$__R_sL_7.class
-rw-rw-r--   1 travis travis   863 Apr  9 04:04 Repeat$_varinit_Repeat.class
-rw-rw-r--   1 travis travis   530 Apr  9 04:04 Repeat$_varinit_Repeat$__v_sL_1.class
-rw-rw-r--   1 travis travis   531 Apr  9 04:04 Repeat$_varinit_Repeat$__v_sL_2.class
-rw-rw-r--   1 travis travis   905 Apr  9 04:04 Repeat$_varinit_Repeat$__v_sL_4.class
-rw-rw-r--   1 travis travis   635 Apr  9 04:04 Repeat$_wrapup_Repeat.class
-rw-rw-r--   1 travis travis   965 Apr  9 04:04 Repeat$_wrapup_Repeat$__w_sL_1.class
-rw-rw-r--   1 travis travis   289 Apr  9 03:59 result.csv
drwxrwxr-x   3 travis travis 12288 Apr  9 04:02 Scrambler1
drwxrwxr-x   3 travis travis 20480 Apr  9 04:01 Sinewave2
drwxrwxr-x   3 travis travis 69632 Apr  9 04:02 StringCompare
drwxrwxr-x   3 travis travis 32768 Apr  9 04:02 StringFunction
drwxrwxr-x   3 travis travis 12288 Apr  9 04:03 StringLength
drwxrwxr-x   3 travis travis 57344 Apr  9 04:03 StringSimpleReplace
drwxrwxr-x   3 travis travis 12288 Apr  9 04:04 time2
drwxrwxr-x   3 travis travis 12288 Apr  9 04:04 time5
-rw-rw-r--   1 travis travis   432 Apr  9 04:05 Token.class
-rw-rw-r--   1 travis travis   251 Apr  9 04:05 Token.java
-rw-rw-r--   1 travis travis     0 Apr  9 04:04 top.
-rw-rw-r--   1 travis travis 20502 Apr  9 03:59 top.c
-rw-rw-r--   1 travis travis  3567 Apr  9 04:04 top.class
-rw-rw-r--   1 travis travis   169 Apr  9 03:59 top.html
-rw-rw-r--   1 travis travis  7552 Apr  9 04:04 top.java
-rw-rw-r--   1 travis travis 38888 Apr  9 03:59 top.o
drwxrwxr-x   3 travis travis 57344 Apr  9 04:02 UnaryMathFunction
All Done
Writing ModularCodeGen3_A1_B2.java in file:/home/travis/cg/ (9958 characters)
Reading "ptolemy/cg/kernel/generic/program/procedural/java/modular/makefile.in",
    writing "/home/travis/cg/ModularCodeGen3_A1_B2.mk"
Using ptolemy/cg/kernel/generic/program/procedural/java/modular/makefile.in
In "/home/travis/cg", about to execute:
    make -f ModularCodeGen3_A1_B2.mk
javac -classpath ".:.."    ModularCodeGen3_A1_B2.java
All Done
In "/home/travis/cg", about to execute:
    pwd
In "/home/travis/cg", about to execute:
    ls -l
/home/travis/cg
total 1416
drwxrwxr-x   3 travis travis 12288 Apr  9 04:00 AbsoluteValue
drwxrwxr-x   3 travis travis 16384 Apr  9 04:00 Case1
drwxrwxr-x   3 travis travis 32768 Apr  9 04:00 Case2
-rw-rw-r--   1 travis travis  4895 Apr  9 04:04 CompiledCompositeActor_CompiledCompositeActor.class
-rw-rw-r--   1 travis travis  1592 Apr  9 04:04 CompiledCompositeActor_CompiledCompositeActor$_CompiledCompositeActor_CompiledCompositeActor.class
-rw-rw-r--   1 travis travis 13466 Apr  9 04:04 CompiledCompositeActor_CompiledCompositeActor.java
-rw-rw-r--   1 travis travis  1593 Apr  9 04:04 CompiledCompositeActor_CompiledCompositeActor.mk
drwxrwxr-x   3 travis travis 24576 Apr  9 04:02 DeScrambler
drwxrwxr-x   3 travis travis 16384 Apr  9 04:04 DotProduct
drwxrwxr-x   3 travis travis 12288 Apr  9 04:00 FileWriter1
drwxrwxr-x   3 travis travis 20480 Apr  9 04:00 FixToDoubleAndBack
drwxrwxr-x   3 travis travis 16384 Apr  9 04:00 Gaussian1
drwxrwxr-x   3 travis travis 20480 Apr  9 04:00 Gaussian2
-rw-rw-r--   1 travis travis  4457 Apr  9 04:04 JavaCompiledCompositeTest1_CompiledCompositeActor.class
-rw-rw-r--   1 travis travis 11637 Apr  9 04:04 JavaCompiledCompositeTest1_CompiledCompositeActor.java
-rw-rw-r--   1 travis travis  1198 Apr  9 04:04 JavaCompiledCompositeTest1_CompiledCompositeActor$_JavaCompiledCompositeTest1_CompiledCompositeActor.class
-rw-rw-r--   1 travis travis  1625 Apr  9 04:04 JavaCompiledCompositeTest1_CompiledCompositeActor.mk
-rw-rw-r--   1 travis travis  4888 Apr  9 04:04 JavaCompiledCompositeTest2_CompiledCompositeActor.class
-rw-rw-r--   1 travis travis 14919 Apr  9 04:04 JavaCompiledCompositeTest2_CompiledCompositeActor.java
-rw-rw-r--   1 travis travis  1793 Apr  9 04:04 JavaCompiledCompositeTest2_CompiledCompositeActor$_JavaCompiledCompositeTest2_CompiledCompositeActor.class
-rw-rw-r--   1 travis travis  1625 Apr  9 04:04 JavaCompiledCompositeTest2_CompiledCompositeActor.mk
-rw-rw-r--   1 travis travis  4505 Apr  9 04:04 JavaCompiledCompositeTest3_CompiledCompositeActor.class
-rw-rw-r--   1 travis travis 13080 Apr  9 04:04 JavaCompiledCompositeTest3_CompiledCompositeActor.java
-rw-rw-r--   1 travis travis  1378 Apr  9 04:04 JavaCompiledCompositeTest3_CompiledCompositeActor$_JavaCompiledCompositeTest3_CompiledCompositeActor.class
-rw-rw-r--   1 travis travis  1625 Apr  9 04:04 JavaCompiledCompositeTest3_CompiledCompositeActor.mk
-rw-rw-r--   1 travis travis  3953 Apr  9 04:04 JavaCompiledCompositeTest4_CompiledCompositeActor.class
-rw-rw-r--   1 travis travis  9687 Apr  9 04:04 JavaCompiledCompositeTest4_CompiledCompositeActor.java
-rw-rw-r--   1 travis travis   857 Apr  9 04:04 JavaCompiledCompositeTest4_CompiledCompositeActor$_JavaCompiledCompositeTest4_CompiledCompositeActor.class
-rw-rw-r--   1 travis travis  1625 Apr  9 04:04 JavaCompiledCompositeTest4_CompiledCompositeActor.mk
drwxrwxr-x   3 travis travis 12288 Apr  9 04:01 LookupTable
drwxrwxr-x   3 travis travis 20480 Apr  9 04:01 MaxIndex
-rw-rw-r--   1 travis travis  3693 Apr  9 04:04 ModularCG_A1_B1.class
-rw-rw-r--   1 travis travis  9730 Apr  9 04:04 ModularCG_A1_B1.java
-rw-rw-r--   1 travis travis   832 Apr  9 04:04 ModularCG_A1_B1.mk
-rw-rw-r--   1 travis travis  1318 Apr  9 04:04 ModularCG_A1_B1_profile.class
-rw-rw-r--   1 travis travis  1262 Apr  9 04:04 ModularCG_A1_B1_profile.java
-rw-rw-r--   1 travis travis  3693 Apr  9 04:04 ModularCG_A1_B2.class
-rw-rw-r--   1 travis travis  9730 Apr  9 04:04 ModularCG_A1_B2.java
-rw-rw-r--   1 travis travis   832 Apr  9 04:04 ModularCG_A1_B2.mk
-rw-rw-r--   1 travis travis  1318 Apr  9 04:04 ModularCG_A1_B2_profile.class
-rw-rw-r--   1 travis travis  1262 Apr  9 04:04 ModularCG_A1_B2_profile.java
-rw-rw-r--   1 travis travis  4799 Apr  9 04:04 ModularCG_A1.class
-rw-rw-r--   1 travis travis 14742 Apr  9 04:04 ModularCG_A1.java
-rw-rw-r--   1 travis travis   808 Apr  9 04:04 ModularCG_A1.mk
-rw-rw-r--   1 travis travis  1433 Apr  9 04:04 ModularCG_A1_profile.class
-rw-rw-r--   1 travis travis  1704 Apr  9 04:04 ModularCG_A1_profile.java
-rw-rw-r--   1 travis travis  3827 Apr  9 04:04 ModularCG_A2_B1.class
-rw-rw-r--   1 travis travis 10667 Apr  9 04:04 ModularCG_A2_B1.java
-rw-rw-r--   1 travis travis   832 Apr  9 04:04 ModularCG_A2_B1.mk
-rw-rw-r--   1 travis travis  1381 Apr  9 04:04 ModularCG_A2_B1_profile.class
-rw-rw-r--   1 travis travis  1446 Apr  9 04:04 ModularCG_A2_B1_profile.java
-rw-rw-r--   1 travis travis  3693 Apr  9 04:04 ModularCG_A2_B2.class
-rw-rw-r--   1 travis travis  9730 Apr  9 04:04 ModularCG_A2_B2.java
-rw-rw-r--   1 travis travis   832 Apr  9 04:04 ModularCG_A2_B2.mk
-rw-rw-r--   1 travis travis  1318 Apr  9 04:04 ModularCG_A2_B2_profile.class
-rw-rw-r--   1 travis travis  1262 Apr  9 04:04 ModularCG_A2_B2_profile.java
-rw-rw-r--   1 travis travis  4870 Apr  9 04:05 ModularCG_A2.class
-rw-rw-r--   1 travis travis 15129 Apr  9 04:05 ModularCG_A2.java
-rw-rw-r--   1 travis travis   808 Apr  9 04:05 ModularCG_A2.mk
-rw-rw-r--   1 travis travis  1433 Apr  9 04:05 ModularCG_A2_profile.class
-rw-rw-r--   1 travis travis  1704 Apr  9 04:04 ModularCG_A2_profile.java
-rw-rw-r--   1 travis travis  3473 Apr  9 04:05 ModularCGPubSub_A1_A2.class
-rw-rw-r--   1 travis travis  9076 Apr  9 04:05 ModularCGPubSub_A1_A2.java
-rw-rw-r--   1 travis travis   880 Apr  9 04:05 ModularCGPubSub_A1_A2.mk
-rw-rw-r--   1 travis travis  1300 Apr  9 04:05 ModularCGPubSub_A1_A2_profile.class
-rw-rw-r--   1 travis travis  1222 Apr  9 04:05 ModularCGPubSub_A1_A2_profile.java
-rw-rw-r--   1 travis travis  3790 Apr  9 04:05 ModularCGPubSub_A1.class
-rw-rw-r--   1 travis travis  9836 Apr  9 04:05 ModularCGPubSub_A1.java
-rw-rw-r--   1 travis travis   856 Apr  9 04:05 ModularCGPubSub_A1.mk
-rw-rw-r--   1 travis travis  1346 Apr  9 04:05 ModularCGPubSub_A1_profile.class
-rw-rw-r--   1 travis travis  1388 Apr  9 04:05 ModularCGPubSub_A1_profile.java
-rw-rw-r--   1 travis travis  3988 Apr  9 04:05 ModularCodeGen2_ModularCodeGenTypedCompositeActor.class
-rw-rw-r--   1 travis travis 11690 Apr  9 04:05 ModularCodeGen2_ModularCodeGenTypedCompositeActor.java
-rw-rw-r--   1 travis travis  1104 Apr  9 04:05 ModularCodeGen2_ModularCodeGenTypedCompositeActor.mk
-rw-rw-r--   1 travis travis  4272 Apr  9 04:05 ModularCodeGen2_ModularCodeGenTypedCompositeActor_ModularCodeGenTypedCompositeActor.class
-rw-rw-r--   1 travis travis 11790 Apr  9 04:05 ModularCodeGen2_ModularCodeGenTypedCompositeActor_ModularCodeGenTypedCompositeActor.java
-rw-rw-r--   1 travis travis  1376 Apr  9 04:05 ModularCodeGen2_ModularCodeGenTypedCompositeActor_ModularCodeGenTypedCompositeActor.mk
-rw-rw-r--   1 travis travis  1421 Apr  9 04:05 ModularCodeGen2_ModularCodeGenTypedCompositeActor_ModularCodeGenTypedCompositeActor_profile.class
-rw-rw-r--   1 travis travis  1294 Apr  9 04:05 ModularCodeGen2_ModularCodeGenTypedCompositeActor_ModularCodeGenTypedCompositeActor_profile.java
-rw-rw-r--   1 travis travis   820 Apr  9 04:05 ModularCodeGen2_ModularCodeGenTypedCompositeActor_profile.class
-rw-rw-r--   1 travis travis   693 Apr  9 04:05 ModularCodeGen2_ModularCodeGenTypedCompositeActor_profile.java
-rw-rw-r--   1 travis travis  3741 Apr  9 04:05 ModularCodeGen3_A1_B1.class
-rw-rw-r--   1 travis travis  9958 Apr  9 04:05 ModularCodeGen3_A1_B1.java
-rw-rw-r--   1 travis travis   880 Apr  9 04:05 ModularCodeGen3_A1_B1.mk
-rw-rw-r--   1 travis travis  1330 Apr  9 04:05 ModularCodeGen3_A1_B1_profile.class
-rw-rw-r--   1 travis travis  1274 Apr  9 04:05 ModularCodeGen3_A1_B1_profile.java
-rw-rw-r--   1 travis travis  3741 Apr  9 04:05 ModularCodeGen3_A1_B2.class
-rw-rw-r--   1 travis travis  9958 Apr  9 04:05 ModularCodeGen3_A1_B2.java
-rw-rw-r--   1 travis travis   880 Apr  9 04:05 ModularCodeGen3_A1_B2.mk
-rw-rw-r--   1 travis travis  1330 Apr  9 04:05 ModularCodeGen3_A1_B2_profile.class
-rw-rw-r--   1 travis travis  1274 Apr  9 04:05 ModularCodeGen3_A1_B2_profile.java
-rw-rw-r--   1 travis travis  1716 Apr  9 04:05 ModularCodeGen3_A1_profile.java
-rw-rw-r--   1 travis travis  3954 Apr  9 04:05 ModularCodeGen_ModularCodeGenTypedCompositeActor.class
-rw-rw-r--   1 travis travis 10970 Apr  9 04:05 ModularCodeGen_ModularCodeGenTypedCompositeActor.java
-rw-rw-r--   1 travis travis  1096 Apr  9 04:05 ModularCodeGen_ModularCodeGenTypedCompositeActor.mk
-rw-rw-r--   1 travis travis  1384 Apr  9 04:05 ModularCodeGen_ModularCodeGenTypedCompositeActor_profile.class
-rw-rw-r--   1 travis travis  1328 Apr  9 04:05 ModularCodeGen_ModularCodeGenTypedCompositeActor_profile.java
-rw-rw-r--   1 travis travis  3492 Apr  9 04:04 ModularCodeGenTest_A1_A2.class
-rw-rw-r--   1 travis travis   904 Apr  9 04:04 ModularCodeGenTest_A1_A2.mk
-rw-rw-r--   1 travis travis  1306 Apr  9 04:04 ModularCodeGenTest_A1_A2_profile.class
-rw-rw-r--   1 travis travis  3823 Apr  9 04:04 ModularCodeGenTest_A1.class
-rw-rw-r--   1 travis travis  9968 Apr  9 04:04 ModularCodeGenTest_A1.java
-rw-rw-r--   1 travis travis   880 Apr  9 04:04 ModularCodeGenTest_A1.mk
-rw-rw-r--   1 travis travis  1352 Apr  9 04:04 ModularCodeGenTest_A1_profile.class
-rw-rw-r--   1 travis travis  1394 Apr  9 04:04 ModularCodeGenTest_A1_profile.java
drwxrwxr-x   3 travis travis 36864 Apr  9 04:04 modulation2
drwxrwxr-x   3 travis travis 20480 Apr  9 04:01 Multiplexor
drwxrwxr-x 242 travis travis 12288 Apr  9 04:04 node_modules
drwxrwxr-x   3 travis travis 20480 Apr  9 04:01 PhaseUnwrap
-rw-rw-r--   1 travis travis   520 Apr  9 04:04 Repeat$_fireFunction_Repeat_Repeat$__f_sL_0.class
-rw-rw-r--   1 travis travis   522 Apr  9 04:04 Repeat$_fireFunction_Repeat_Repeat$__f_sL_10.class
-rw-rw-r--   1 travis travis   666 Apr  9 04:04 Repeat$_fireFunction_Repeat_Repeat$__f_sL_11.class
-rw-rw-r--   1 travis travis   522 Apr  9 04:04 Repeat$_fireFunction_Repeat_Repeat$__f_sL_13.class
-rw-rw-r--   1 travis travis   665 Apr  9 04:04 Repeat$_fireFunction_Repeat_Repeat$__f_sL_1.class
-rw-rw-r--   1 travis travis   520 Apr  9 04:04 Repeat$_fireFunction_Repeat_Repeat$__f_sL_2.class
-rw-rw-r--   1 travis travis   520 Apr  9 04:04 Repeat$_fireFunction_Repeat_Repeat$__f_sL_3.class
-rw-rw-r--   1 travis travis   520 Apr  9 04:04 Repeat$_fireFunction_Repeat_Repeat$__f_sL_5.class
-rw-rw-r--   1 travis travis   671 Apr  9 04:04 Repeat$_fireFunction_Repeat_Repeat$__f_sL_7.class
-rw-rw-r--   1 travis travis   520 Apr  9 04:04 Repeat$_fireFunction_Repeat_Repeat$__f_sL_9.class
-rw-rw-r--   1 travis travis   813 Apr  9 04:04 Repeat$_initialize_Repeat.class
-rw-rw-r--   1 travis travis   475 Apr  9 04:04 Repeat$_initialize_Repeat$__i_sL_0.class
-rw-rw-r--   1 travis travis   519 Apr  9 04:04 Repeat$_initialize_Repeat$__i_sL_3.class
-rw-rw-r--   1 travis travis 39778 Apr  9 04:04 Repeat.java
-rw-rw-r--   1 travis travis  1281 Apr  9 04:04 Repeat.mk
-rw-rw-r--   1 travis travis   520 Apr  9 04:04 Repeat$_preinitializeMethod_Repeat$__p_sL_0.class
-rw-rw-r--   1 travis travis   520 Apr  9 04:04 Repeat$_preinitializeMethod_Repeat$__p_sL_1.class
-rw-rw-r--   1 travis travis  1083 Apr  9 04:04 Repeat$_Repeat$_fireFunction_Repeat_AddSubtract_Repeat.class
-rw-rw-r--   1 travis travis   791 Apr  9 04:04 Repeat$_Repeat$_fireFunction_Repeat_AddSubtract_Repeat$__f_sL_0.class
-rw-rw-r--   1 travis travis   909 Apr  9 04:04 Repeat$_Repeat$_fireFunction_Repeat_AddSubtract_Repeat$__f_sL_1.class
-rw-rw-r--   1 travis travis   915 Apr  9 04:04 Repeat$_Repeat$_fireFunction_Repeat_AddSubtract_Repeat$__f_sL_2.class
-rw-rw-r--   1 travis travis   838 Apr  9 04:04 Repeat$_Repeat$_fireFunction_Repeat_Ramp2_Repeat$__f_sL_1.class
-rw-rw-r--   1 travis travis  1785 Apr  9 04:04 Repeat$_Repeat$_fireFunction_Repeat_Test_Repeat$__f_sL_2.class
-rw-rw-r--   1 travis travis   685 Apr  9 04:04 Repeat$_Repeat_SDF_Director_run_Repeat$__R_sL_0.class
-rw-rw-r--   1 travis travis   540 Apr  9 04:04 Repeat$_Repeat_SDF_Director_run_Repeat$__R_sL_1.class
-rw-rw-r--   1 travis travis   540 Apr  9 04:04 Repeat$_Repeat_SDF_Director_run_Repeat$__R_sL_2.class
-rw-rw-r--   1 travis travis   540 Apr  9 04:04 Repeat$_Repeat_SDF_Director_run_Repeat$__R_sL_4.class
-rw-rw-r--   1 travis travis   540 Apr  9 04:04 Repeat$_Repeat_SDF_Director_run_Repeat$__R_sL_5.class
-rw-rw-r--   1 travis travis   691 Apr  9 04:04 Repeat$_Repeat_SDF_Director_run_Repeat$__R_sL_6.class
-rw-rw-r--   1 travis travis   540 Apr  9 04:04 Repeat$_Repeat_SDF_Director_run_Repeat$__R_sL_7.class
-rw-rw-r--   1 travis travis   863 Apr  9 04:04 Repeat$_varinit_Repeat.class
-rw-rw-r--   1 travis travis   530 Apr  9 04:04 Repeat$_varinit_Repeat$__v_sL_1.class
-rw-rw-r--   1 travis travis   531 Apr  9 04:04 Repeat$_varinit_Repeat$__v_sL_2.class
-rw-rw-r--   1 travis travis   905 Apr  9 04:04 Repeat$_varinit_Repeat$__v_sL_4.class
-rw-rw-r--   1 travis travis   635 Apr  9 04:04 Repeat$_wrapup_Repeat.class
-rw-rw-r--   1 travis travis   965 Apr  9 04:04 Repeat$_wrapup_Repeat$__w_sL_1.class
-rw-rw-r--   1 travis travis   289 Apr  9 03:59 result.csv
drwxrwxr-x   3 travis travis 12288 Apr  9 04:02 Scrambler1
drwxrwxr-x   3 travis travis 20480 Apr  9 04:01 Sinewave2
drwxrwxr-x   3 travis travis 69632 Apr  9 04:02 StringCompare
drwxrwxr-x   3 travis travis 32768 Apr  9 04:02 StringFunction
drwxrwxr-x   3 travis travis 12288 Apr  9 04:03 StringLength
drwxrwxr-x   3 travis travis 57344 Apr  9 04:03 StringSimpleReplace
drwxrwxr-x   3 travis travis 12288 Apr  9 04:04 time2
drwxrwxr-x   3 travis travis 12288 Apr  9 04:04 time5
-rw-rw-r--   1 travis travis   432 Apr  9 04:05 Token.class
-rw-rw-r--   1 travis travis   251 Apr  9 04:05 Token.java
-rw-rw-r--   1 travis travis     0 Apr  9 04:04 top.
-rw-rw-r--   1 travis travis 20502 Apr  9 03:59 top.c
-rw-rw-r--   1 travis travis  3567 Apr  9 04:04 top.class
-rw-rw-r--   1 travis travis   169 Apr  9 03:59 top.html
-rw-rw-r--   1 travis travis  7552 Apr  9 04:04 top.java
-rw-rw-r--   1 travis travis 38888 Apr  9 03:59 top.o
drwxrwxr-x   3 travis travis 57344 Apr  9 04:02 UnaryMathFunction
In "/home/travis/cg", about to execute:
    javac -classpath
.:/home/travis/build/icyphy/ptII:/home/travis/build/icyphy/ptII/lib/bsh-2.0b4.j
ar:/home/travis/build/icyphy/ptII/lib/ptCal.jar:/home/travis/build/icyphy/ptII/
lib/java_cup.jar:/home/travis/build/icyphy/ptII/lib/saxon8.jar:/home/travis/bui
ld/icyphy/ptII/lib/saxon8-dom.jar:/home/travis/build/icyphy/ptII/lib/chic.jar:/
home/travis/build/icyphy/ptII/lib/ptcolt.jar:/usr/lib/jvm/java-8-oracle/lib/too
ls.jar:/home/travis/build/icyphy/ptII/vendors/misc/itext/iText.jar:/home/travis
/build/icyphy/ptII/lib/g4ltl.jar:/home/travis/build/icyphy/ptII/lib/StructuralC
oder.jar:/home/travis/build/icyphy/ptII/vendors/jai-1_1_2_01/lib/jai_core.jar:/
home/travis/build/icyphy/ptII/vendors/jai-1_1_2_01/lib/jai_codec.jar:/home/trav
is/build/icyphy/ptII/lib/jcerti.jar:/home/travis/build/icyphy/ptII/lib/javax.ma
il.jar:/home/travis/build/icyphy/ptII/vendors/JMF-2.1.1e/lib/jmf.jar:/home/trav
is/build/icyphy/ptII/lib/jna-4.0.0-variadic.jar:/home/travis/build/icyphy/ptII/
vendors/misc/joystick/Joystick.jar:/home/travis/build/icyphy/ptII/lib/ptjacl.ja
r:/home/travis/build/icyphy/ptII/lib/jsoup-1.8.2.jar:/home/travis/build/icyphy/
ptII/lib/junit-4.8.2.jar:/home/travis/build/icyphy/ptII/lib/JUnitParams-0.4.0.j
ar:/home/travis/build/icyphy/ptII/ptolemy/actor/lib/excel/jxl.jar:/home/travis/
build/icyphy/ptII/lib/jython.jar:/home/travis/build/icyphy/ptII/lib/kieler.jar:
/home/travis/build/icyphy/ptII/vendors/opencv/share/OpenCV/java/opencv-341.jar:
/home/travis/build/icyphy/ptII/lib/oscP5.jar:/home/travis/build/icyphy/ptII/lib
/nrjavaserial-3.11.0.devel.jar:/home/travis/build/icyphy/ptII/vendors/j3d/lib/j
3dcore.jar:/home/travis/build/icyphy/ptII/vendors/j3d/lib/j3dutils.jar:/home/tr
avis/build/icyphy/ptII/vendors/j3d/lib/vecmath.jar:/home/travis/build/icyphy/pt
II/ptolemy/distributed/jini/jar/jini-core.jar:/home/travis/build/icyphy/ptII/pt
olemy/distributed/jini/jar/jini-ext.jar:/home/travis/build/icyphy/ptII/ptolemy/
distributed/jini/jar/sun-util.jar:/home/travis/build/icyphy/ptII/lib/protobuf-j
ava-2.4.1.jar:/home/travis/build/icyphy/ptII/lib/org.eclipse.paho.client.mqttv3
.jar:/home/travis/build/icyphy/ptII/lib/mapss.jar:/home/travis/build/icyphy/ptI
I/ptolemy/actor/ptalon/antlr/antlr.jar:/home/travis/build/icyphy/ptII/lib/JRI.j
ar:/home/travis/build/icyphy/ptII/lib/commons-lang-2.6.jar:/home/travis/build/i
cyphy/ptII/lib/commons-logging-1.1.1.jar:/home/travis/build/icyphy/ptII/lib/soo
tclasses.jar:/home/travis/build/icyphy/ptII/ptolemy/actor/lib/database/mysql-co
nnector-java-5.1.6-bin.jar:/home/travis/build/icyphy/ptII/vendors/misc/sphinx4/
sphinx4-data-5prealpha.jar:/home/travis/build/icyphy/ptII/vendors/misc/sphinx4/
sphinx4-core-5prealpha.jar:/home/travis/build/icyphy/ptII/lib/PDFRenderer.jar:/
home/travis/build/icyphy/ptII/lib/svgSalamander.jar:/home/travis/build/icyphy/p
tII/lib/rsyntaxtextarea-2.6.0-SNAPSHOT.jar:/home/travis/build/icyphy/ptII/lib/h
azelcast-3.8.2.jar:/home/travis/build/icyphy/ptII/lib/jackson-annotations-2.9.0
.jar:/home/travis/build/icyphy/ptII/lib/jackson-core-2.9.3.jar:/home/travis/bui
ld/icyphy/ptII/lib/jackson-databind-2.9.3.jar:/home/travis/build/icyphy/ptII/li
b/netty-buffer-4.1.19.Final.jar:/home/travis/build/icyphy/ptII/lib/netty-codec-
4.1.19.Final.jar:/home/travis/build/icyphy/ptII/lib/netty-codec-dns-4.1.19.Fina
l.jar:/home/travis/build/icyphy/ptII/lib/netty-codec-http-4.1.19.Final.jar:/hom
e/travis/build/icyphy/ptII/lib/netty-codec-http2-4.1.19.Final.jar:/home/travis/
build/icyphy/ptII/lib/netty-common-4.1.19.Final.jar:/home/travis/build/icyphy/p
tII/lib/netty-handler-4.1.19.Final.jar:/home/travis/build/icyphy/ptII/lib/netty
-resolver-4.1.19.Final.jar:/home/travis/build/icyphy/ptII/lib/netty-resolver-dn
s-4.1.19.Final.jar:/home/travis/build/icyphy/ptII/lib/netty-transport-4.1.19.Fi
nal.jar:/home/travis/build/icyphy/ptII/lib/vertx-codegen-3.5.1.jar:/home/travis
/build/icyphy/ptII/lib/vertx-core-3.5.2-SNAPSHOT.jar:/home/travis/build/icyphy/
ptII/lib/vertx-hazelcast-3.5.1.jar:/home/travis/build/icyphy/ptII/lib/vertx-lan
g-js-3.5.1.jar:/home/travis/build/icyphy/ptII/lib/vertx-service-proxy-3.5.1.jar
:/home/travis/build/icyphy/ptII/lib/vertx-web-3.5.1.jar:/home/travis/build/icyp
hy/ptII/lib/slf4j-api-1.7.13.jar:/home/travis/build/icyphy/ptII/lib/slf4j-simpl
e-1.7.13.jar:/home/travis/build/icyphy/ptII/lib/webcam-capture-0.3.12.jar:/home
/travis/build/icyphy/ptII/lib/bridj-0.7.0.jar:/home/travis/build/icyphy/ptII/li
b/xbjlib-1.1.0.nrjavaserial.jar:/home/travis/build/icyphy/ptII/ptolemy/moml/tes
t:/home/travis/build/icyphy/ptII/ant/lib/ant-launcher.jar:/home/travis/build/ic
yphy/ptII/ant/lib/ant.jar:/home/travis/build/icyphy/ptII/ant/lib/ant-junit.jar:
/home/travis/build/icyphy/ptII/ant/lib/ant-junit4.jar:/home/travis/build/icyphy
/ptII ModularCodeGen3_A1_profile.java
All Done
Writing ModularCodeGen3_A1.java in file:/home/travis/cg/ (15564 characters)
Reading "ptolemy/cg/kernel/generic/program/procedural/java/modular/makefile.in",
    writing "/home/travis/cg/ModularCodeGen3_A1.mk"
Using ptolemy/cg/kernel/generic/program/procedural/java/modular/makefile.in
In "/home/travis/cg", about to execute:
    make -f ModularCodeGen3_A1.mk
javac -classpath ".:.."    ModularCodeGen3_A1.java
All Done
In "/home/travis/cg", about to execute:
    pwd
/home/travis/cg
In "/home/travis/cg", about to execute:
    ls -l
total 1452
drwxrwxr-x   3 travis travis 12288 Apr  9 04:00 AbsoluteValue
drwxrwxr-x   3 travis travis 16384 Apr  9 04:00 Case1
drwxrwxr-x   3 travis travis 32768 Apr  9 04:00 Case2
-rw-rw-r--   1 travis travis  4895 Apr  9 04:04 CompiledCompositeActor_CompiledCompositeActor.class
-rw-rw-r--   1 travis travis  1592 Apr  9 04:04 CompiledCompositeActor_CompiledCompositeActor$_CompiledCompositeActor_CompiledCompositeActor.class
-rw-rw-r--   1 travis travis 13466 Apr  9 04:04 CompiledCompositeActor_CompiledCompositeActor.java
-rw-rw-r--   1 travis travis  1593 Apr  9 04:04 CompiledCompositeActor_CompiledCompositeActor.mk
drwxrwxr-x   3 travis travis 24576 Apr  9 04:02 DeScrambler
drwxrwxr-x   3 travis travis 16384 Apr  9 04:04 DotProduct
drwxrwxr-x   3 travis travis 12288 Apr  9 04:00 FileWriter1
drwxrwxr-x   3 travis travis 20480 Apr  9 04:00 FixToDoubleAndBack
drwxrwxr-x   3 travis travis 16384 Apr  9 04:00 Gaussian1
drwxrwxr-x   3 travis travis 20480 Apr  9 04:00 Gaussian2
-rw-rw-r--   1 travis travis  4457 Apr  9 04:04 JavaCompiledCompositeTest1_CompiledCompositeActor.class
-rw-rw-r--   1 travis travis 11637 Apr  9 04:04 JavaCompiledCompositeTest1_CompiledCompositeActor.java
-rw-rw-r--   1 travis travis  1198 Apr  9 04:04 JavaCompiledCompositeTest1_CompiledCompositeActor$_JavaCompiledCompositeTest1_CompiledCompositeActor.class
-rw-rw-r--   1 travis travis  1625 Apr  9 04:04 JavaCompiledCompositeTest1_CompiledCompositeActor.mk
-rw-rw-r--   1 travis travis  4888 Apr  9 04:04 JavaCompiledCompositeTest2_CompiledCompositeActor.class
-rw-rw-r--   1 travis travis 14919 Apr  9 04:04 JavaCompiledCompositeTest2_CompiledCompositeActor.java
-rw-rw-r--   1 travis travis  1793 Apr  9 04:04 JavaCompiledCompositeTest2_CompiledCompositeActor$_JavaCompiledCompositeTest2_CompiledCompositeActor.class
-rw-rw-r--   1 travis travis  1625 Apr  9 04:04 JavaCompiledCompositeTest2_CompiledCompositeActor.mk
-rw-rw-r--   1 travis travis  4505 Apr  9 04:04 JavaCompiledCompositeTest3_CompiledCompositeActor.class
-rw-rw-r--   1 travis travis 13080 Apr  9 04:04 JavaCompiledCompositeTest3_CompiledCompositeActor.java
-rw-rw-r--   1 travis travis  1378 Apr  9 04:04 JavaCompiledCompositeTest3_CompiledCompositeActor$_JavaCompiledCompositeTest3_CompiledCompositeActor.class
-rw-rw-r--   1 travis travis  1625 Apr  9 04:04 JavaCompiledCompositeTest3_CompiledCompositeActor.mk
-rw-rw-r--   1 travis travis  3953 Apr  9 04:04 JavaCompiledCompositeTest4_CompiledCompositeActor.class
-rw-rw-r--   1 travis travis  9687 Apr  9 04:04 JavaCompiledCompositeTest4_CompiledCompositeActor.java
-rw-rw-r--   1 travis travis   857 Apr  9 04:04 JavaCompiledCompositeTest4_CompiledCompositeActor$_JavaCompiledCompositeTest4_CompiledCompositeActor.class
-rw-rw-r--   1 travis travis  1625 Apr  9 04:04 JavaCompiledCompositeTest4_CompiledCompositeActor.mk
drwxrwxr-x   3 travis travis 12288 Apr  9 04:01 LookupTable
drwxrwxr-x   3 travis travis 20480 Apr  9 04:01 MaxIndex
-rw-rw-r--   1 travis travis  3693 Apr  9 04:04 ModularCG_A1_B1.class
-rw-rw-r--   1 travis travis  9730 Apr  9 04:04 ModularCG_A1_B1.java
-rw-rw-r--   1 travis travis   832 Apr  9 04:04 ModularCG_A1_B1.mk
-rw-rw-r--   1 travis travis  1318 Apr  9 04:04 ModularCG_A1_B1_profile.class
-rw-rw-r--   1 travis travis  1262 Apr  9 04:04 ModularCG_A1_B1_profile.java
-rw-rw-r--   1 travis travis  3693 Apr  9 04:04 ModularCG_A1_B2.class
-rw-rw-r--   1 travis travis  9730 Apr  9 04:04 ModularCG_A1_B2.java
-rw-rw-r--   1 travis travis   832 Apr  9 04:04 ModularCG_A1_B2.mk
-rw-rw-r--   1 travis travis  1318 Apr  9 04:04 ModularCG_A1_B2_profile.class
-rw-rw-r--   1 travis travis  1262 Apr  9 04:04 ModularCG_A1_B2_profile.java
-rw-rw-r--   1 travis travis  4799 Apr  9 04:04 ModularCG_A1.class
-rw-rw-r--   1 travis travis 14742 Apr  9 04:04 ModularCG_A1.java
-rw-rw-r--   1 travis travis   808 Apr  9 04:04 ModularCG_A1.mk
-rw-rw-r--   1 travis travis  1433 Apr  9 04:04 ModularCG_A1_profile.class
-rw-rw-r--   1 travis travis  1704 Apr  9 04:04 ModularCG_A1_profile.java
-rw-rw-r--   1 travis travis  3827 Apr  9 04:04 ModularCG_A2_B1.class
-rw-rw-r--   1 travis travis 10667 Apr  9 04:04 ModularCG_A2_B1.java
-rw-rw-r--   1 travis travis   832 Apr  9 04:04 ModularCG_A2_B1.mk
-rw-rw-r--   1 travis travis  1381 Apr  9 04:04 ModularCG_A2_B1_profile.class
-rw-rw-r--   1 travis travis  1446 Apr  9 04:04 ModularCG_A2_B1_profile.java
-rw-rw-r--   1 travis travis  3693 Apr  9 04:04 ModularCG_A2_B2.class
-rw-rw-r--   1 travis travis  9730 Apr  9 04:04 ModularCG_A2_B2.java
-rw-rw-r--   1 travis travis   832 Apr  9 04:04 ModularCG_A2_B2.mk
-rw-rw-r--   1 travis travis  1318 Apr  9 04:04 ModularCG_A2_B2_profile.class
-rw-rw-r--   1 travis travis  1262 Apr  9 04:04 ModularCG_A2_B2_profile.java
-rw-rw-r--   1 travis travis  4870 Apr  9 04:05 ModularCG_A2.class
-rw-rw-r--   1 travis travis 15129 Apr  9 04:05 ModularCG_A2.java
-rw-rw-r--   1 travis travis   808 Apr  9 04:05 ModularCG_A2.mk
-rw-rw-r--   1 travis travis  1433 Apr  9 04:05 ModularCG_A2_profile.class
-rw-rw-r--   1 travis travis  1704 Apr  9 04:04 ModularCG_A2_profile.java
-rw-rw-r--   1 travis travis  3473 Apr  9 04:05 ModularCGPubSub_A1_A2.class
-rw-rw-r--   1 travis travis  9076 Apr  9 04:05 ModularCGPubSub_A1_A2.java
-rw-rw-r--   1 travis travis   880 Apr  9 04:05 ModularCGPubSub_A1_A2.mk
-rw-rw-r--   1 travis travis  1300 Apr  9 04:05 ModularCGPubSub_A1_A2_profile.class
-rw-rw-r--   1 travis travis  1222 Apr  9 04:05 ModularCGPubSub_A1_A2_profile.java
-rw-rw-r--   1 travis travis  3790 Apr  9 04:05 ModularCGPubSub_A1.class
-rw-rw-r--   1 travis travis  9836 Apr  9 04:05 ModularCGPubSub_A1.java
-rw-rw-r--   1 travis travis   856 Apr  9 04:05 ModularCGPubSub_A1.mk
-rw-rw-r--   1 travis travis  1346 Apr  9 04:05 ModularCGPubSub_A1_profile.class
-rw-rw-r--   1 travis travis  1388 Apr  9 04:05 ModularCGPubSub_A1_profile.java
-rw-rw-r--   1 travis travis  3988 Apr  9 04:05 ModularCodeGen2_ModularCodeGenTypedCompositeActor.class
-rw-rw-r--   1 travis travis 11690 Apr  9 04:05 ModularCodeGen2_ModularCodeGenTypedCompositeActor.java
-rw-rw-r--   1 travis travis  1104 Apr  9 04:05 ModularCodeGen2_ModularCodeGenTypedCompositeActor.mk
-rw-rw-r--   1 travis travis  4272 Apr  9 04:05 ModularCodeGen2_ModularCodeGenTypedCompositeActor_ModularCodeGenTypedCompositeActor.class
-rw-rw-r--   1 travis travis 11790 Apr  9 04:05 ModularCodeGen2_ModularCodeGenTypedCompositeActor_ModularCodeGenTypedCompositeActor.java
-rw-rw-r--   1 travis travis  1376 Apr  9 04:05 ModularCodeGen2_ModularCodeGenTypedCompositeActor_ModularCodeGenTypedCompositeActor.mk
-rw-rw-r--   1 travis travis  1421 Apr  9 04:05 ModularCodeGen2_ModularCodeGenTypedCompositeActor_ModularCodeGenTypedCompositeActor_profile.class
-rw-rw-r--   1 travis travis  1294 Apr  9 04:05 ModularCodeGen2_ModularCodeGenTypedCompositeActor_ModularCodeGenTypedCompositeActor_profile.java
-rw-rw-r--   1 travis travis   820 Apr  9 04:05 ModularCodeGen2_ModularCodeGenTypedCompositeActor_profile.class
-rw-rw-r--   1 travis travis   693 Apr  9 04:05 ModularCodeGen2_ModularCodeGenTypedCompositeActor_profile.java
-rw-rw-r--   1 travis travis  3741 Apr  9 04:05 ModularCodeGen3_A1_B1.class
-rw-rw-r--   1 travis travis  9958 Apr  9 04:05 ModularCodeGen3_A1_B1.java
-rw-rw-r--   1 travis travis   880 Apr  9 04:05 ModularCodeGen3_A1_B1.mk
-rw-rw-r--   1 travis travis  1330 Apr  9 04:05 ModularCodeGen3_A1_B1_profile.class
-rw-rw-r--   1 travis travis  1274 Apr  9 04:05 ModularCodeGen3_A1_B1_profile.java
-rw-rw-r--   1 travis travis  3741 Apr  9 04:05 ModularCodeGen3_A1_B2.class
-rw-rw-r--   1 travis travis  9958 Apr  9 04:05 ModularCodeGen3_A1_B2.java
-rw-rw-r--   1 travis travis   880 Apr  9 04:05 ModularCodeGen3_A1_B2.mk
-rw-rw-r--   1 travis travis  1330 Apr  9 04:05 ModularCodeGen3_A1_B2_profile.class
-rw-rw-r--   1 travis travis  1274 Apr  9 04:05 ModularCodeGen3_A1_B2_profile.java
-rw-rw-r--   1 travis travis  4961 Apr  9 04:05 ModularCodeGen3_A1.class
-rw-rw-r--   1 travis travis 15564 Apr  9 04:05 ModularCodeGen3_A1.java
-rw-rw-r--   1 travis travis   856 Apr  9 04:05 ModularCodeGen3_A1.mk
-rw-rw-r--   1 travis travis  1445 Apr  9 04:05 ModularCodeGen3_A1_profile.class
-rw-rw-r--   1 travis travis  1716 Apr  9 04:05 ModularCodeGen3_A1_profile.java
-rw-rw-r--   1 travis travis  1458 Apr  9 04:05 ModularCodeGen3_A2_B1_profile.java
-rw-rw-r--   1 travis travis  3954 Apr  9 04:05 ModularCodeGen_ModularCodeGenTypedCompositeActor.class
-rw-rw-r--   1 travis travis 10970 Apr  9 04:05 ModularCodeGen_ModularCodeGenTypedCompositeActor.java
-rw-rw-r--   1 travis travis  1096 Apr  9 04:05 ModularCodeGen_ModularCodeGenTypedCompositeActor.mk
-rw-rw-r--   1 travis travis  1384 Apr  9 04:05 ModularCodeGen_ModularCodeGenTypedCompositeActor_profile.class
-rw-rw-r--   1 travis travis  1328 Apr  9 04:05 ModularCodeGen_ModularCodeGenTypedCompositeActor_profile.java
-rw-rw-r--   1 travis travis  3492 Apr  9 04:04 ModularCodeGenTest_A1_A2.class
-rw-rw-r--   1 travis travis   904 Apr  9 04:04 ModularCodeGenTest_A1_A2.mk
-rw-rw-r--   1 travis travis  1306 Apr  9 04:04 ModularCodeGenTest_A1_A2_profile.class
-rw-rw-r--   1 travis travis  3823 Apr  9 04:04 ModularCodeGenTest_A1.class
-rw-rw-r--   1 travis travis  9968 Apr  9 04:04 ModularCodeGenTest_A1.java
-rw-rw-r--   1 travis travis   880 Apr  9 04:04 ModularCodeGenTest_A1.mk
-rw-rw-r--   1 travis travis  1352 Apr  9 04:04 ModularCodeGenTest_A1_profile.class
-rw-rw-r--   1 travis travis  1394 Apr  9 04:04 ModularCodeGenTest_A1_profile.java
drwxrwxr-x   3 travis travis 36864 Apr  9 04:04 modulation2
drwxrwxr-x   3 travis travis 20480 Apr  9 04:01 Multiplexor
drwxrwxr-x 242 travis travis 12288 Apr  9 04:04 node_modules
drwxrwxr-x   3 travis travis 20480 Apr  9 04:01 PhaseUnwrap
-rw-rw-r--   1 travis travis   520 Apr  9 04:04 Repeat$_fireFunction_Repeat_Repeat$__f_sL_0.class
-rw-rw-r--   1 travis travis   522 Apr  9 04:04 Repeat$_fireFunction_Repeat_Repeat$__f_sL_10.class
-rw-rw-r--   1 travis travis   666 Apr  9 04:04 Repeat$_fireFunction_Repeat_Repeat$__f_sL_11.class
-rw-rw-r--   1 travis travis   522 Apr  9 04:04 Repeat$_fireFunction_Repeat_Repeat$__f_sL_13.class
-rw-rw-r--   1 travis travis   665 Apr  9 04:04 Repeat$_fireFunction_Repeat_Repeat$__f_sL_1.class
-rw-rw-r--   1 travis travis   520 Apr  9 04:04 Repeat$_fireFunction_Repeat_Repeat$__f_sL_2.class
-rw-rw-r--   1 travis travis   520 Apr  9 04:04 Repeat$_fireFunction_Repeat_Repeat$__f_sL_3.class
-rw-rw-r--   1 travis travis   520 Apr  9 04:04 Repeat$_fireFunction_Repeat_Repeat$__f_sL_5.class
-rw-rw-r--   1 travis travis   671 Apr  9 04:04 Repeat$_fireFunction_Repeat_Repeat$__f_sL_7.class
-rw-rw-r--   1 travis travis   520 Apr  9 04:04 Repeat$_fireFunction_Repeat_Repeat$__f_sL_9.class
-rw-rw-r--   1 travis travis   813 Apr  9 04:04 Repeat$_initialize_Repeat.class
-rw-rw-r--   1 travis travis   475 Apr  9 04:04 Repeat$_initialize_Repeat$__i_sL_0.class
-rw-rw-r--   1 travis travis   519 Apr  9 04:04 Repeat$_initialize_Repeat$__i_sL_3.class
-rw-rw-r--   1 travis travis 39778 Apr  9 04:04 Repeat.java
-rw-rw-r--   1 travis travis  1281 Apr  9 04:04 Repeat.mk
-rw-rw-r--   1 travis travis   520 Apr  9 04:04 Repeat$_preinitializeMethod_Repeat$__p_sL_0.class
-rw-rw-r--   1 travis travis   520 Apr  9 04:04 Repeat$_preinitializeMethod_Repeat$__p_sL_1.class
-rw-rw-r--   1 travis travis  1083 Apr  9 04:04 Repeat$_Repeat$_fireFunction_Repeat_AddSubtract_Repeat.class
-rw-rw-r--   1 travis travis   791 Apr  9 04:04 Repeat$_Repeat$_fireFunction_Repeat_AddSubtract_Repeat$__f_sL_0.class
-rw-rw-r--   1 travis travis   909 Apr  9 04:04 Repeat$_Repeat$_fireFunction_Repeat_AddSubtract_Repeat$__f_sL_1.class
-rw-rw-r--   1 travis travis   915 Apr  9 04:04 Repeat$_Repeat$_fireFunction_Repeat_AddSubtract_Repeat$__f_sL_2.class
-rw-rw-r--   1 travis travis   838 Apr  9 04:04 Repeat$_Repeat$_fireFunction_Repeat_Ramp2_Repeat$__f_sL_1.class
-rw-rw-r--   1 travis travis  1785 Apr  9 04:04 Repeat$_Repeat$_fireFunction_Repeat_Test_Repeat$__f_sL_2.class
-rw-rw-r--   1 travis travis   685 Apr  9 04:04 Repeat$_Repeat_SDF_Director_run_Repeat$__R_sL_0.class
-rw-rw-r--   1 travis travis   540 Apr  9 04:04 Repeat$_Repeat_SDF_Director_run_Repeat$__R_sL_1.class
-rw-rw-r--   1 travis travis   540 Apr  9 04:04 Repeat$_Repeat_SDF_Director_run_Repeat$__R_sL_2.class
-rw-rw-r--   1 travis travis   540 Apr  9 04:04 Repeat$_Repeat_SDF_Director_run_Repeat$__R_sL_4.class
-rw-rw-r--   1 travis travis   540 Apr  9 04:04 Repeat$_Repeat_SDF_Director_run_Repeat$__R_sL_5.class
-rw-rw-r--   1 travis travis   691 Apr  9 04:04 Repeat$_Repeat_SDF_Director_run_Repeat$__R_sL_6.class
-rw-rw-r--   1 travis travis   540 Apr  9 04:04 Repeat$_Repeat_SDF_Director_run_Repeat$__R_sL_7.class
-rw-rw-r--   1 travis travis   863 Apr  9 04:04 Repeat$_varinit_Repeat.class
-rw-rw-r--   1 travis travis   530 Apr  9 04:04 Repeat$_varinit_Repeat$__v_sL_1.class
-rw-rw-r--   1 travis travis   531 Apr  9 04:04 Repeat$_varinit_Repeat$__v_sL_2.class
-rw-rw-r--   1 travis travis   905 Apr  9 04:04 Repeat$_varinit_Repeat$__v_sL_4.class
-rw-rw-r--   1 travis travis   635 Apr  9 04:04 Repeat$_wrapup_Repeat.class
-rw-rw-r--   1 travis travis   965 Apr  9 04:04 Repeat$_wrapup_Repeat$__w_sL_1.class
-rw-rw-r--   1 travis travis   289 Apr  9 03:59 result.csv
drwxrwxr-x   3 travis travis 12288 Apr  9 04:02 Scrambler1
drwxrwxr-x   3 travis travis 20480 Apr  9 04:01 Sinewave2
drwxrwxr-x   3 travis travis 69632 Apr  9 04:02 StringCompare
drwxrwxr-x   3 travis travis 32768 Apr  9 04:02 StringFunction
drwxrwxr-x   3 travis travis 12288 Apr  9 04:03 StringLength
drwxrwxr-x   3 travis travis 57344 Apr  9 04:03 StringSimpleReplace
drwxrwxr-x   3 travis travis 12288 Apr  9 04:04 time2
drwxrwxr-x   3 travis travis 12288 Apr  9 04:04 time5
-rw-rw-r--   1 travis travis   432 Apr  9 04:05 Token.class
-rw-rw-r--   1 travis travis   251 Apr  9 04:05 Token.java
-rw-rw-r--   1 travis travis     0 Apr  9 04:04 top.
-rw-rw-r--   1 travis travis 20502 Apr  9 03:59 top.c
-rw-rw-r--   1 travis travis  3567 Apr  9 04:04 top.class
-rw-rw-r--   1 travis travis   169 Apr  9 03:59 top.html
-rw-rw-r--   1 travis travis  7552 Apr  9 04:04 top.java
-rw-rw-r--   1 travis travis 38888 Apr  9 03:59 top.o
drwxrwxr-x   3 travis travis 57344 Apr  9 04:02 UnaryMathFunction
In "/home/travis/cg", about to execute:
    javac -classpath
.:/home/travis/build/icyphy/ptII:/home/travis/build/icyphy/ptII/lib/bsh-2.0b4.j
ar:/home/travis/build/icyphy/ptII/lib/ptCal.jar:/home/travis/build/icyphy/ptII/
lib/java_cup.jar:/home/travis/build/icyphy/ptII/lib/saxon8.jar:/home/travis/bui
ld/icyphy/ptII/lib/saxon8-dom.jar:/home/travis/build/icyphy/ptII/lib/chic.jar:/
home/travis/build/icyphy/ptII/lib/ptcolt.jar:/usr/lib/jvm/java-8-oracle/lib/too
ls.jar:/home/travis/build/icyphy/ptII/vendors/misc/itext/iText.jar:/home/travis
/build/icyphy/ptII/lib/g4ltl.jar:/home/travis/build/icyphy/ptII/lib/StructuralC
oder.jar:/home/travis/build/icyphy/ptII/vendors/jai-1_1_2_01/lib/jai_core.jar:/
home/travis/build/icyphy/ptII/vendors/jai-1_1_2_01/lib/jai_codec.jar:/home/trav
is/build/icyphy/ptII/lib/jcerti.jar:/home/travis/build/icyphy/ptII/lib/javax.ma
il.jar:/home/travis/build/icyphy/ptII/vendors/JMF-2.1.1e/lib/jmf.jar:/home/trav
is/build/icyphy/ptII/lib/jna-4.0.0-variadic.jar:/home/travis/build/icyphy/ptII/
vendors/misc/joystick/Joystick.jar:/home/travis/build/icyphy/ptII/lib/ptjacl.ja
r:/home/travis/build/icyphy/ptII/lib/jsoup-1.8.2.jar:/home/travis/build/icyphy/
ptII/lib/junit-4.8.2.jar:/home/travis/build/icyphy/ptII/lib/JUnitParams-0.4.0.j
ar:/home/travis/build/icyphy/ptII/ptolemy/actor/lib/excel/jxl.jar:/home/travis/
build/icyphy/ptII/lib/jython.jar:/home/travis/build/icyphy/ptII/lib/kieler.jar:
/home/travis/build/icyphy/ptII/vendors/opencv/share/OpenCV/java/opencv-341.jar:
/home/travis/build/icyphy/ptII/lib/oscP5.jar:/home/travis/build/icyphy/ptII/lib
/nrjavaserial-3.11.0.devel.jar:/home/travis/build/icyphy/ptII/vendors/j3d/lib/j
3dcore.jar:/home/travis/build/icyphy/ptII/vendors/j3d/lib/j3dutils.jar:/home/tr
avis/build/icyphy/ptII/vendors/j3d/lib/vecmath.jar:/home/travis/build/icyphy/pt
II/ptolemy/distributed/jini/jar/jini-core.jar:/home/travis/build/icyphy/ptII/pt
olemy/distributed/jini/jar/jini-ext.jar:/home/travis/build/icyphy/ptII/ptolemy/
distributed/jini/jar/sun-util.jar:/home/travis/build/icyphy/ptII/lib/protobuf-j
ava-2.4.1.jar:/home/travis/build/icyphy/ptII/lib/org.eclipse.paho.client.mqttv3
.jar:/home/travis/build/icyphy/ptII/lib/mapss.jar:/home/travis/build/icyphy/ptI
I/ptolemy/actor/ptalon/antlr/antlr.jar:/home/travis/build/icyphy/ptII/lib/JRI.j
ar:/home/travis/build/icyphy/ptII/lib/commons-lang-2.6.jar:/home/travis/build/i
cyphy/ptII/lib/commons-logging-1.1.1.jar:/home/travis/build/icyphy/ptII/lib/soo
tclasses.jar:/home/travis/build/icyphy/ptII/ptolemy/actor/lib/database/mysql-co
nnector-java-5.1.6-bin.jar:/home/travis/build/icyphy/ptII/vendors/misc/sphinx4/
sphinx4-data-5prealpha.jar:/home/travis/build/icyphy/ptII/vendors/misc/sphinx4/
sphinx4-core-5prealpha.jar:/home/travis/build/icyphy/ptII/lib/PDFRenderer.jar:/
home/travis/build/icyphy/ptII/lib/svgSalamander.jar:/home/travis/build/icyphy/p
tII/lib/rsyntaxtextarea-2.6.0-SNAPSHOT.jar:/home/travis/build/icyphy/ptII/lib/h
azelcast-3.8.2.jar:/home/travis/build/icyphy/ptII/lib/jackson-annotations-2.9.0
.jar:/home/travis/build/icyphy/ptII/lib/jackson-core-2.9.3.jar:/home/travis/bui
ld/icyphy/ptII/lib/jackson-databind-2.9.3.jar:/home/travis/build/icyphy/ptII/li
b/netty-buffer-4.1.19.Final.jar:/home/travis/build/icyphy/ptII/lib/netty-codec-
4.1.19.Final.jar:/home/travis/build/icyphy/ptII/lib/netty-codec-dns-4.1.19.Fina
l.jar:/home/travis/build/icyphy/ptII/lib/netty-codec-http-4.1.19.Final.jar:/hom
e/travis/build/icyphy/ptII/lib/netty-codec-http2-4.1.19.Final.jar:/home/travis/
build/icyphy/ptII/lib/netty-common-4.1.19.Final.jar:/home/travis/build/icyphy/p
tII/lib/netty-handler-4.1.19.Final.jar:/home/travis/build/icyphy/ptII/lib/netty
-resolver-4.1.19.Final.jar:/home/travis/build/icyphy/ptII/lib/netty-resolver-dn
s-4.1.19.Final.jar:/home/travis/build/icyphy/ptII/lib/netty-transport-4.1.19.Fi
nal.jar:/home/travis/build/icyphy/ptII/lib/vertx-codegen-3.5.1.jar:/home/travis
/build/icyphy/ptII/lib/vertx-core-3.5.2-SNAPSHOT.jar:/home/travis/build/icyphy/
ptII/lib/vertx-hazelcast-3.5.1.jar:/home/travis/build/icyphy/ptII/lib/vertx-lan
g-js-3.5.1.jar:/home/travis/build/icyphy/ptII/lib/vertx-service-proxy-3.5.1.jar
:/home/travis/build/icyphy/ptII/lib/vertx-web-3.5.1.jar:/home/travis/build/icyp
hy/ptII/lib/slf4j-api-1.7.13.jar:/home/travis/build/icyphy/ptII/lib/slf4j-simpl
e-1.7.13.jar:/home/travis/build/icyphy/ptII/lib/webcam-capture-0.3.12.jar:/home
/travis/build/icyphy/ptII/lib/bridj-0.7.0.jar:/home/travis/build/icyphy/ptII/li
b/xbjlib-1.1.0.nrjavaserial.jar:/home/travis/build/icyphy/ptII/ptolemy/moml/tes
t:/home/travis/build/icyphy/ptII/ant/lib/ant-launcher.jar:/home/travis/build/ic
yphy/ptII/ant/lib/ant.jar:/home/travis/build/icyphy/ptII/ant/lib/ant-junit.jar:
/home/travis/build/icyphy/ptII/ant/lib/ant-junit4.jar:/home/travis/build/icyphy
/ptII ModularCodeGen3_A2_B1_profile.java
All Done
Writing ModularCodeGen3_A2_B1.java in file:/home/travis/cg/ (10955 characters)
Reading "ptolemy/cg/kernel/generic/program/procedural/java/modular/makefile.in",
    writing "/home/travis/cg/ModularCodeGen3_A2_B1.mk"
Using ptolemy/cg/kernel/generic/program/procedural/java/modular/makefile.in
In "/home/travis/cg", about to execute:
    make -f ModularCodeGen3_A2_B1.mk
javac -classpath ".:.."    ModularCodeGen3_A2_B1.java
All Done
In "/home/travis/cg", about to execute:
    pwd
In "/home/travis/cg", about to execute:
    ls -l
/home/travis/cg
total 1480
drwxrwxr-x   3 travis travis 12288 Apr  9 04:00 AbsoluteValue
drwxrwxr-x   3 travis travis 16384 Apr  9 04:00 Case1
drwxrwxr-x   3 travis travis 32768 Apr  9 04:00 Case2
-rw-rw-r--   1 travis travis  4895 Apr  9 04:04 CompiledCompositeActor_CompiledCompositeActor.class
-rw-rw-r--   1 travis travis  1592 Apr  9 04:04 CompiledCompositeActor_CompiledCompositeActor$_CompiledCompositeActor_CompiledCompositeActor.class
-rw-rw-r--   1 travis travis 13466 Apr  9 04:04 CompiledCompositeActor_CompiledCompositeActor.java
-rw-rw-r--   1 travis travis  1593 Apr  9 04:04 CompiledCompositeActor_CompiledCompositeActor.mk
drwxrwxr-x   3 travis travis 24576 Apr  9 04:02 DeScrambler
drwxrwxr-x   3 travis travis 16384 Apr  9 04:04 DotProduct
drwxrwxr-x   3 travis travis 12288 Apr  9 04:00 FileWriter1
drwxrwxr-x   3 travis travis 20480 Apr  9 04:00 FixToDoubleAndBack
drwxrwxr-x   3 travis travis 16384 Apr  9 04:00 Gaussian1
drwxrwxr-x   3 travis travis 20480 Apr  9 04:00 Gaussian2
-rw-rw-r--   1 travis travis  4457 Apr  9 04:04 JavaCompiledCompositeTest1_CompiledCompositeActor.class
-rw-rw-r--   1 travis travis 11637 Apr  9 04:04 JavaCompiledCompositeTest1_CompiledCompositeActor.java
-rw-rw-r--   1 travis travis  1198 Apr  9 04:04 JavaCompiledCompositeTest1_CompiledCompositeActor$_JavaCompiledCompositeTest1_CompiledCompositeActor.class
-rw-rw-r--   1 travis travis  1625 Apr  9 04:04 JavaCompiledCompositeTest1_CompiledCompositeActor.mk
-rw-rw-r--   1 travis travis  4888 Apr  9 04:04 JavaCompiledCompositeTest2_CompiledCompositeActor.class
-rw-rw-r--   1 travis travis 14919 Apr  9 04:04 JavaCompiledCompositeTest2_CompiledCompositeActor.java
-rw-rw-r--   1 travis travis  1793 Apr  9 04:04 JavaCompiledCompositeTest2_CompiledCompositeActor$_JavaCompiledCompositeTest2_CompiledCompositeActor.class
-rw-rw-r--   1 travis travis  1625 Apr  9 04:04 JavaCompiledCompositeTest2_CompiledCompositeActor.mk
-rw-rw-r--   1 travis travis  4505 Apr  9 04:04 JavaCompiledCompositeTest3_CompiledCompositeActor.class
-rw-rw-r--   1 travis travis 13080 Apr  9 04:04 JavaCompiledCompositeTest3_CompiledCompositeActor.java
-rw-rw-r--   1 travis travis  1378 Apr  9 04:04 JavaCompiledCompositeTest3_CompiledCompositeActor$_JavaCompiledCompositeTest3_CompiledCompositeActor.class
-rw-rw-r--   1 travis travis  1625 Apr  9 04:04 JavaCompiledCompositeTest3_CompiledCompositeActor.mk
-rw-rw-r--   1 travis travis  3953 Apr  9 04:04 JavaCompiledCompositeTest4_CompiledCompositeActor.class
-rw-rw-r--   1 travis travis  9687 Apr  9 04:04 JavaCompiledCompositeTest4_CompiledCompositeActor.java
-rw-rw-r--   1 travis travis   857 Apr  9 04:04 JavaCompiledCompositeTest4_CompiledCompositeActor$_JavaCompiledCompositeTest4_CompiledCompositeActor.class
-rw-rw-r--   1 travis travis  1625 Apr  9 04:04 JavaCompiledCompositeTest4_CompiledCompositeActor.mk
drwxrwxr-x   3 travis travis 12288 Apr  9 04:01 LookupTable
drwxrwxr-x   3 travis travis 20480 Apr  9 04:01 MaxIndex
-rw-rw-r--   1 travis travis  3693 Apr  9 04:04 ModularCG_A1_B1.class
-rw-rw-r--   1 travis travis  9730 Apr  9 04:04 ModularCG_A1_B1.java
-rw-rw-r--   1 travis travis   832 Apr  9 04:04 ModularCG_A1_B1.mk
-rw-rw-r--   1 travis travis  1318 Apr  9 04:04 ModularCG_A1_B1_profile.class
-rw-rw-r--   1 travis travis  1262 Apr  9 04:04 ModularCG_A1_B1_profile.java
-rw-rw-r--   1 travis travis  3693 Apr  9 04:04 ModularCG_A1_B2.class
-rw-rw-r--   1 travis travis  9730 Apr  9 04:04 ModularCG_A1_B2.java
-rw-rw-r--   1 travis travis   832 Apr  9 04:04 ModularCG_A1_B2.mk
-rw-rw-r--   1 travis travis  1318 Apr  9 04:04 ModularCG_A1_B2_profile.class
-rw-rw-r--   1 travis travis  1262 Apr  9 04:04 ModularCG_A1_B2_profile.java
-rw-rw-r--   1 travis travis  4799 Apr  9 04:04 ModularCG_A1.class
-rw-rw-r--   1 travis travis 14742 Apr  9 04:04 ModularCG_A1.java
-rw-rw-r--   1 travis travis   808 Apr  9 04:04 ModularCG_A1.mk
-rw-rw-r--   1 travis travis  1433 Apr  9 04:04 ModularCG_A1_profile.class
-rw-rw-r--   1 travis travis  1704 Apr  9 04:04 ModularCG_A1_profile.java
-rw-rw-r--   1 travis travis  3827 Apr  9 04:04 ModularCG_A2_B1.class
-rw-rw-r--   1 travis travis 10667 Apr  9 04:04 ModularCG_A2_B1.java
-rw-rw-r--   1 travis travis   832 Apr  9 04:04 ModularCG_A2_B1.mk
-rw-rw-r--   1 travis travis  1381 Apr  9 04:04 ModularCG_A2_B1_profile.class
-rw-rw-r--   1 travis travis  1446 Apr  9 04:04 ModularCG_A2_B1_profile.java
-rw-rw-r--   1 travis travis  3693 Apr  9 04:04 ModularCG_A2_B2.class
-rw-rw-r--   1 travis travis  9730 Apr  9 04:04 ModularCG_A2_B2.java
-rw-rw-r--   1 travis travis   832 Apr  9 04:04 ModularCG_A2_B2.mk
-rw-rw-r--   1 travis travis  1318 Apr  9 04:04 ModularCG_A2_B2_profile.class
-rw-rw-r--   1 travis travis  1262 Apr  9 04:04 ModularCG_A2_B2_profile.java
-rw-rw-r--   1 travis travis  4870 Apr  9 04:05 ModularCG_A2.class
-rw-rw-r--   1 travis travis 15129 Apr  9 04:05 ModularCG_A2.java
-rw-rw-r--   1 travis travis   808 Apr  9 04:05 ModularCG_A2.mk
-rw-rw-r--   1 travis travis  1433 Apr  9 04:05 ModularCG_A2_profile.class
-rw-rw-r--   1 travis travis  1704 Apr  9 04:04 ModularCG_A2_profile.java
-rw-rw-r--   1 travis travis  3473 Apr  9 04:05 ModularCGPubSub_A1_A2.class
-rw-rw-r--   1 travis travis  9076 Apr  9 04:05 ModularCGPubSub_A1_A2.java
-rw-rw-r--   1 travis travis   880 Apr  9 04:05 ModularCGPubSub_A1_A2.mk
-rw-rw-r--   1 travis travis  1300 Apr  9 04:05 ModularCGPubSub_A1_A2_profile.class
-rw-rw-r--   1 travis travis  1222 Apr  9 04:05 ModularCGPubSub_A1_A2_profile.java
-rw-rw-r--   1 travis travis  3790 Apr  9 04:05 ModularCGPubSub_A1.class
-rw-rw-r--   1 travis travis  9836 Apr  9 04:05 ModularCGPubSub_A1.java
-rw-rw-r--   1 travis travis   856 Apr  9 04:05 ModularCGPubSub_A1.mk
-rw-rw-r--   1 travis travis  1346 Apr  9 04:05 ModularCGPubSub_A1_profile.class
-rw-rw-r--   1 travis travis  1388 Apr  9 04:05 ModularCGPubSub_A1_profile.java
-rw-rw-r--   1 travis travis  3988 Apr  9 04:05 ModularCodeGen2_ModularCodeGenTypedCompositeActor.class
-rw-rw-r--   1 travis travis 11690 Apr  9 04:05 ModularCodeGen2_ModularCodeGenTypedCompositeActor.java
-rw-rw-r--   1 travis travis  1104 Apr  9 04:05 ModularCodeGen2_ModularCodeGenTypedCompositeActor.mk
-rw-rw-r--   1 travis travis  4272 Apr  9 04:05 ModularCodeGen2_ModularCodeGenTypedCompositeActor_ModularCodeGenTypedCompositeActor.class
-rw-rw-r--   1 travis travis 11790 Apr  9 04:05 ModularCodeGen2_ModularCodeGenTypedCompositeActor_ModularCodeGenTypedCompositeActor.java
-rw-rw-r--   1 travis travis  1376 Apr  9 04:05 ModularCodeGen2_ModularCodeGenTypedCompositeActor_ModularCodeGenTypedCompositeActor.mk
-rw-rw-r--   1 travis travis  1421 Apr  9 04:05 ModularCodeGen2_ModularCodeGenTypedCompositeActor_ModularCodeGenTypedCompositeActor_profile.class
-rw-rw-r--   1 travis travis  1294 Apr  9 04:05 ModularCodeGen2_ModularCodeGenTypedCompositeActor_ModularCodeGenTypedCompositeActor_profile.java
-rw-rw-r--   1 travis travis   820 Apr  9 04:05 ModularCodeGen2_ModularCodeGenTypedCompositeActor_profile.class
-rw-rw-r--   1 travis travis   693 Apr  9 04:05 ModularCodeGen2_ModularCodeGenTypedCompositeActor_profile.java
-rw-rw-r--   1 travis travis  3741 Apr  9 04:05 ModularCodeGen3_A1_B1.class
-rw-rw-r--   1 travis travis  9958 Apr  9 04:05 ModularCodeGen3_A1_B1.java
-rw-rw-r--   1 travis travis   880 Apr  9 04:05 ModularCodeGen3_A1_B1.mk
-rw-rw-r--   1 travis travis  1330 Apr  9 04:05 ModularCodeGen3_A1_B1_profile.class
-rw-rw-r--   1 travis travis  1274 Apr  9 04:05 ModularCodeGen3_A1_B1_profile.java
-rw-rw-r--   1 travis travis  3741 Apr  9 04:05 ModularCodeGen3_A1_B2.class
-rw-rw-r--   1 travis travis  9958 Apr  9 04:05 ModularCodeGen3_A1_B2.java
-rw-rw-r--   1 travis travis   880 Apr  9 04:05 ModularCodeGen3_A1_B2.mk
-rw-rw-r--   1 travis travis  1330 Apr  9 04:05 ModularCodeGen3_A1_B2_profile.class
-rw-rw-r--   1 travis travis  1274 Apr  9 04:05 ModularCodeGen3_A1_B2_profile.java
-rw-rw-r--   1 travis travis  4961 Apr  9 04:05 ModularCodeGen3_A1.class
-rw-rw-r--   1 travis travis 15564 Apr  9 04:05 ModularCodeGen3_A1.java
-rw-rw-r--   1 travis travis   856 Apr  9 04:05 ModularCodeGen3_A1.mk
-rw-rw-r--   1 travis travis  1445 Apr  9 04:05 ModularCodeGen3_A1_profile.class
-rw-rw-r--   1 travis travis  1716 Apr  9 04:05 ModularCodeGen3_A1_profile.java
-rw-rw-r--   1 travis travis  3887 Apr  9 04:05 ModularCodeGen3_A2_B1.class
-rw-rw-r--   1 travis travis 10955 Apr  9 04:05 ModularCodeGen3_A2_B1.java
-rw-rw-r--   1 travis travis   880 Apr  9 04:05 ModularCodeGen3_A2_B1.mk
-rw-rw-r--   1 travis travis  1393 Apr  9 04:05 ModularCodeGen3_A2_B1_profile.class
-rw-rw-r--   1 travis travis  1458 Apr  9 04:05 ModularCodeGen3_A2_B1_profile.java
-rw-rw-r--   1 travis travis  1274 Apr  9 04:05 ModularCodeGen3_A2_B2_profile.java
-rw-rw-r--   1 travis travis  3954 Apr  9 04:05 ModularCodeGen_ModularCodeGenTypedCompositeActor.class
-rw-rw-r--   1 travis travis 10970 Apr  9 04:05 ModularCodeGen_ModularCodeGenTypedCompositeActor.java
-rw-rw-r--   1 travis travis  1096 Apr  9 04:05 ModularCodeGen_ModularCodeGenTypedCompositeActor.mk
-rw-rw-r--   1 travis travis  1384 Apr  9 04:05 ModularCodeGen_ModularCodeGenTypedCompositeActor_profile.class
-rw-rw-r--   1 travis travis  1328 Apr  9 04:05 ModularCodeGen_ModularCodeGenTypedCompositeActor_profile.java
-rw-rw-r--   1 travis travis  3492 Apr  9 04:04 ModularCodeGenTest_A1_A2.class
-rw-rw-r--   1 travis travis   904 Apr  9 04:04 ModularCodeGenTest_A1_A2.mk
-rw-rw-r--   1 travis travis  1306 Apr  9 04:04 ModularCodeGenTest_A1_A2_profile.class
-rw-rw-r--   1 travis travis  3823 Apr  9 04:04 ModularCodeGenTest_A1.class
-rw-rw-r--   1 travis travis  9968 Apr  9 04:04 ModularCodeGenTest_A1.java
-rw-rw-r--   1 travis travis   880 Apr  9 04:04 ModularCodeGenTest_A1.mk
-rw-rw-r--   1 travis travis  1352 Apr  9 04:04 ModularCodeGenTest_A1_profile.class
-rw-rw-r--   1 travis travis  1394 Apr  9 04:04 ModularCodeGenTest_A1_profile.java
drwxrwxr-x   3 travis travis 36864 Apr  9 04:04 modulation2
drwxrwxr-x   3 travis travis 20480 Apr  9 04:01 Multiplexor
drwxrwxr-x 242 travis travis 12288 Apr  9 04:04 node_modules
drwxrwxr-x   3 travis travis 20480 Apr  9 04:01 PhaseUnwrap
-rw-rw-r--   1 travis travis   520 Apr  9 04:04 Repeat$_fireFunction_Repeat_Repeat$__f_sL_0.class
-rw-rw-r--   1 travis travis   522 Apr  9 04:04 Repeat$_fireFunction_Repeat_Repeat$__f_sL_10.class
-rw-rw-r--   1 travis travis   666 Apr  9 04:04 Repeat$_fireFunction_Repeat_Repeat$__f_sL_11.class
-rw-rw-r--   1 travis travis   522 Apr  9 04:04 Repeat$_fireFunction_Repeat_Repeat$__f_sL_13.class
In "/home/travis/cg", about to execute:
    javac -classpath
.:/home/travis/build/icyphy/ptII:/home/travis/build/icyphy/ptII/lib/bsh-2.0b4.j
ar:/home/travis/build/icyphy/ptII/lib/ptCal.jar:/home/travis/build/icyphy/ptII/
lib/java_cup.jar:/home/travis/build/icyphy/ptII/lib/saxon8.jar:/home/travis/bui
ld/icyphy/ptII/lib/saxon8-dom.jar:/home/travis/build/icyphy/ptII/lib/chic.jar:/
home/travis/build/icyphy/ptII/lib/ptcolt.jar:/usr/lib/jvm/java-8-oracle/lib/too
ls.jar:/home/travis/build/icyphy/ptII/vendors/misc/itext/iText.jar:/home/travis
/build/icyphy/ptII/lib/g4ltl.jar:/home/travis/build/icyphy/ptII/lib/StructuralC
oder.jar:/home/travis/build/icyphy/ptII/vendors/jai-1_1_2_01/lib/jai_core.jar:/
home/travis/build/icyphy/ptII/vendors/jai-1_1_2_01/lib/jai_codec.jar:/home/trav
is/build/icyphy/ptII/lib/jcerti.jar:/home/travis/build/icyphy/ptII/lib/javax.ma
il.jar:/home/travis/build/icyphy/ptII/vendors/JMF-2.1.1e/lib/jmf.jar:/home/trav
is/build/icyphy/ptII/lib/jna-4.0.0-variadic.jar:/home/travis/build/icyphy/ptII/
vendors/misc/joystick/Joystick.jar:/home/travis/build/icyphy/ptII/lib/ptjacl.ja
r:/home/travis/build/icyphy/ptII/lib/jsoup-1.8.2.jar:/home/travis/build/icyphy/
ptII/lib/junit-4.8.2.jar:/home/travis/build/icyphy/ptII/lib/JUnitParams-0.4.0.j
ar:/home/travis/build/icyphy/ptII/ptolemy/actor/lib/excel/jxl.jar:/home/travis/
build/icyphy/ptII/lib/jython.jar:/home/travis/build/icyphy/ptII/lib/kieler.jar:
/home/travis/build/icyphy/ptII/vendors/opencv/share/OpenCV/java/opencv-341.jar:
/home/travis/build/icyphy/ptII/lib/oscP5.jar:/home/travis/build/icyphy/ptII/lib
/nrjavaserial-3.11.0.devel.jar:/home/travis/build/icyphy/ptII/vendors/j3d/lib/j
3dcore.jar:/home/travis/build/icyphy/ptII/vendors/j3d/lib/j3dutils.jar:/home/tr
avis/build/icyphy/ptII/vendors/j3d/lib/vecmath.jar:/home/travis/build/icyphy/pt
II/ptolemy/distributed/jini/jar/jini-core.jar:/home/travis/build/icyphy/ptII/pt
olemy/distributed/jini/jar/jini-ext.jar:/home/travis/build/icyphy/ptII/ptolemy/
distributed/jini/jar/sun-util.jar:/home/travis/build/icyphy/ptII/lib/protobuf-j
ava-2.4.1.jar:/home/travis/build/icyphy/ptII/lib/org.eclipse.paho.client.mqttv3
.jar:/home/travis/build/icyphy/ptII/lib/mapss.jar:/home/travis/build/icyphy/ptI
I/ptolemy/actor/ptalon/antlr/antlr.jar:/home/travis/build/icyphy/ptII/lib/JRI.j
ar:/home/travis/build/icyphy/ptII/lib/commons-lang-2.6.jar:/home/travis/build/i
cyphy/ptII/lib/commons-logging-1.1.1.jar:/home/travis/build/icyphy/ptII/lib/soo
tclasses.jar:/home/travis/build/icyphy/ptII/ptolemy/actor/lib/database/mysql-co
nnector-java-5.1.6-bin.jar:/home/travis/build/icyphy/ptII/vendors/misc/sphinx4/
sphinx4-data-5prealpha.jar:/home/travis/build/icyphy/ptII/vendors/misc/sphinx4/
sphinx4-core-5prealpha.jar:/home/travis/build/icyphy/ptII/lib/PDFRenderer.jar:/
home/travis/build/icyphy/ptII/lib/svgSalamander.jar:/home/travis/build/icyphy/p
tII/lib/rsyntaxtextarea-2.6.0-SNAPSHOT.jar:/home/travis/build/icyphy/ptII/lib/h
azelcast-3.8.2.jar:/home/travis/build/icyphy/ptII/lib/jackson-annotations-2.9.0
.jar:/home/travis/build/icyphy/ptII/lib/jackson-core-2.9.3.jar:/home/travis/bui
ld/icyphy/ptII/lib/jackson-databind-2.9.3.jar:/home/travis/build/icyphy/ptII/li
b/netty-buffer-4.1.19.Final.jar:/home/travis/build/icyphy/ptII/lib/netty-codec-
4.1.19.Final.jar:/home/travis/build/icyphy/ptII/lib/netty-codec-dns-4.1.19.Fina
l.jar:/home/travis/build/icyphy/ptII/lib/netty-codec-http-4.1.19.Final.jar:/hom
e/travis/build/icyphy/ptII/lib/netty-codec-http2-4.1.19.Final.jar:/home/travis/
build/icyphy/ptII/lib/netty-common-4.1.19.Final.jar:/home/travis/build/icyphy/p
tII/lib/netty-handler-4.1.19.Final.jar:/home/travis/build/icyphy/ptII/lib/netty
-resolver-4.1.19.Final.jar:/home/travis/build/icyphy/ptII/lib/netty-resolver-dn
s-4.1.19.Final.jar:/home/travis/build/icyphy/ptII/lib/netty-transport-4.1.19.Fi
nal.jar:/home/travis/build/icyphy/ptII/lib/vertx-codegen-3.5.1.jar:/home/travis
/build/icyphy/ptII/lib/vertx-core-3.5.2-SNAPSHOT.jar:/home/travis/build/icyphy/
ptII/lib/vertx-hazelcast-3.5.1.jar:/home/travis/build/icyphy/ptII/lib/vertx-lan
g-js-3.5.1.jar:/home/travis/build/icyphy/ptII/lib/vertx-service-proxy-3.5.1.jar
:/home/travis/build/icyphy/ptII/lib/vertx-web-3.5.1.jar:/home/travis/build/icyp
hy/ptII/lib/slf4j-api-1.7.13.jar:/home/travis/build/icyphy/ptII/lib/slf4j-simpl
e-1.7.13.jar:/home/travis/build/icyphy/ptII/lib/webcam-capture-0.3.12.jar:/home
/travis/build/icyphy/ptII/lib/bridj-0.7.0.jar:/home/travis/build/icyphy/ptII/li
b/xbjlib-1.1.0.nrjavaserial.jar:/home/travis/build/icyphy/ptII/ptolemy/moml/tes
t:/home/travis/build/icyphy/ptII/ant/lib/ant-launcher.jar:/home/travis/build/ic
yphy/ptII/ant/lib/ant.jar:/home/travis/build/icyphy/ptII/ant/lib/ant-junit.jar:
/home/travis/build/icyphy/ptII/ant/lib/ant-junit4.jar:/home/travis/build/icyphy
/ptII ModularCodeGen3_A2_B2_profile.java
-rw-rw-r--   1 travis travis   665 Apr  9 04:04 Repeat$_fireFunction_Repeat_Repeat$__f_sL_1.class
-rw-rw-r--   1 travis travis   520 Apr  9 04:04 Repeat$_fireFunction_Repeat_Repeat$__f_sL_2.class
-rw-rw-r--   1 travis travis   520 Apr  9 04:04 Repeat$_fireFunction_Repeat_Repeat$__f_sL_3.class
-rw-rw-r--   1 travis travis   520 Apr  9 04:04 Repeat$_fireFunction_Repeat_Repeat$__f_sL_5.class
-rw-rw-r--   1 travis travis   671 Apr  9 04:04 Repeat$_fireFunction_Repeat_Repeat$__f_sL_7.class
-rw-rw-r--   1 travis travis   520 Apr  9 04:04 Repeat$_fireFunction_Repeat_Repeat$__f_sL_9.class
-rw-rw-r--   1 travis travis   813 Apr  9 04:04 Repeat$_initialize_Repeat.class
-rw-rw-r--   1 travis travis   475 Apr  9 04:04 Repeat$_initialize_Repeat$__i_sL_0.class
-rw-rw-r--   1 travis travis   519 Apr  9 04:04 Repeat$_initialize_Repeat$__i_sL_3.class
-rw-rw-r--   1 travis travis 39778 Apr  9 04:04 Repeat.java
-rw-rw-r--   1 travis travis  1281 Apr  9 04:04 Repeat.mk
-rw-rw-r--   1 travis travis   520 Apr  9 04:04 Repeat$_preinitializeMethod_Repeat$__p_sL_0.class
-rw-rw-r--   1 travis travis   520 Apr  9 04:04 Repeat$_preinitializeMethod_Repeat$__p_sL_1.class
-rw-rw-r--   1 travis travis  1083 Apr  9 04:04 Repeat$_Repeat$_fireFunction_Repeat_AddSubtract_Repeat.class
-rw-rw-r--   1 travis travis   791 Apr  9 04:04 Repeat$_Repeat$_fireFunction_Repeat_AddSubtract_Repeat$__f_sL_0.class
-rw-rw-r--   1 travis travis   909 Apr  9 04:04 Repeat$_Repeat$_fireFunction_Repeat_AddSubtract_Repeat$__f_sL_1.class
-rw-rw-r--   1 travis travis   915 Apr  9 04:04 Repeat$_Repeat$_fireFunction_Repeat_AddSubtract_Repeat$__f_sL_2.class
-rw-rw-r--   1 travis travis   838 Apr  9 04:04 Repeat$_Repeat$_fireFunction_Repeat_Ramp2_Repeat$__f_sL_1.class
-rw-rw-r--   1 travis travis  1785 Apr  9 04:04 Repeat$_Repeat$_fireFunction_Repeat_Test_Repeat$__f_sL_2.class
-rw-rw-r--   1 travis travis   685 Apr  9 04:04 Repeat$_Repeat_SDF_Director_run_Repeat$__R_sL_0.class
-rw-rw-r--   1 travis travis   540 Apr  9 04:04 Repeat$_Repeat_SDF_Director_run_Repeat$__R_sL_1.class
-rw-rw-r--   1 travis travis   540 Apr  9 04:04 Repeat$_Repeat_SDF_Director_run_Repeat$__R_sL_2.class
-rw-rw-r--   1 travis travis   540 Apr  9 04:04 Repeat$_Repeat_SDF_Director_run_Repeat$__R_sL_4.class
-rw-rw-r--   1 travis travis   540 Apr  9 04:04 Repeat$_Repeat_SDF_Director_run_Repeat$__R_sL_5.class
-rw-rw-r--   1 travis travis   691 Apr  9 04:04 Repeat$_Repeat_SDF_Director_run_Repeat$__R_sL_6.class
-rw-rw-r--   1 travis travis   540 Apr  9 04:04 Repeat$_Repeat_SDF_Director_run_Repeat$__R_sL_7.class
-rw-rw-r--   1 travis travis   863 Apr  9 04:04 Repeat$_varinit_Repeat.class
-rw-rw-r--   1 travis travis   530 Apr  9 04:04 Repeat$_varinit_Repeat$__v_sL_1.class
-rw-rw-r--   1 travis travis   531 Apr  9 04:04 Repeat$_varinit_Repeat$__v_sL_2.class
-rw-rw-r--   1 travis travis   905 Apr  9 04:04 Repeat$_varinit_Repeat$__v_sL_4.class
-rw-rw-r--   1 travis travis   635 Apr  9 04:04 Repeat$_wrapup_Repeat.class
-rw-rw-r--   1 travis travis   965 Apr  9 04:04 Repeat$_wrapup_Repeat$__w_sL_1.class
-rw-rw-r--   1 travis travis   289 Apr  9 03:59 result.csv
drwxrwxr-x   3 travis travis 12288 Apr  9 04:02 Scrambler1
drwxrwxr-x   3 travis travis 20480 Apr  9 04:01 Sinewave2
drwxrwxr-x   3 travis travis 69632 Apr  9 04:02 StringCompare
drwxrwxr-x   3 travis travis 32768 Apr  9 04:02 StringFunction
drwxrwxr-x   3 travis travis 12288 Apr  9 04:03 StringLength
drwxrwxr-x   3 travis travis 57344 Apr  9 04:03 StringSimpleReplace
drwxrwxr-x   3 travis travis 12288 Apr  9 04:04 time2
drwxrwxr-x   3 travis travis 12288 Apr  9 04:04 time5
-rw-rw-r--   1 travis travis   432 Apr  9 04:05 Token.class
-rw-rw-r--   1 travis travis   251 Apr  9 04:05 Token.java
-rw-rw-r--   1 travis travis     0 Apr  9 04:04 top.
-rw-rw-r--   1 travis travis 20502 Apr  9 03:59 top.c
-rw-rw-r--   1 travis travis  3567 Apr  9 04:04 top.class
-rw-rw-r--   1 travis travis   169 Apr  9 03:59 top.html
-rw-rw-r--   1 travis travis  7552 Apr  9 04:04 top.java
-rw-rw-r--   1 travis travis 38888 Apr  9 03:59 top.o
drwxrwxr-x   3 travis travis 57344 Apr  9 04:02 UnaryMathFunction
All Done
Writing ModularCodeGen3_A2_B2.java in file:/home/travis/cg/ (9958 characters)
Reading "ptolemy/cg/kernel/generic/program/procedural/java/modular/makefile.in",
    writing "/home/travis/cg/ModularCodeGen3_A2_B2.mk"
Using ptolemy/cg/kernel/generic/program/procedural/java/modular/makefile.in
In "/home/travis/cg", about to execute:
    make -f ModularCodeGen3_A2_B2.mk
javac -classpath ".:.."    ModularCodeGen3_A2_B2.java
All Done
In "/home/travis/cg", about to execute:
    pwd
In "/home/travis/cg", about to execute:
    ls -l
/home/travis/cg
In "/home/travis/cg", about to execute:
    javac -classpath
.:/home/travis/build/icyphy/ptII:/home/travis/build/icyphy/ptII/lib/bsh-2.0b4.j
ar:/home/travis/build/icyphy/ptII/lib/ptCal.jar:/home/travis/build/icyphy/ptII/
lib/java_cup.jar:/home/travis/build/icyphy/ptII/lib/saxon8.jar:/home/travis/bui
ld/icyphy/ptII/lib/saxon8-dom.jar:/home/travis/build/icyphy/ptII/lib/chic.jar:/
home/travis/build/icyphy/ptII/lib/ptcolt.jar:/usr/lib/jvm/java-8-oracle/lib/too
ls.jar:/home/travis/build/icyphy/ptII/vendors/misc/itext/iText.jar:/home/travis
/build/icyphy/ptII/lib/g4ltl.jar:/home/travis/build/icyphy/ptII/lib/StructuralC
oder.jar:/home/travis/build/icyphy/ptII/vendors/jai-1_1_2_01/lib/jai_core.jar:/
home/travis/build/icyphy/ptII/vendors/jai-1_1_2_01/lib/jai_codec.jar:/home/trav
is/build/icyphy/ptII/lib/jcerti.jar:/home/travis/build/icyphy/ptII/lib/javax.ma
il.jar:/home/travis/build/icyphy/ptII/vendors/JMF-2.1.1e/lib/jmf.jar:/home/trav
is/build/icyphy/ptII/lib/jna-4.0.0-variadic.jar:/home/travis/build/icyphy/ptII/
vendors/misc/joystick/Joystick.jar:/home/travis/build/icyphy/ptII/lib/ptjacl.ja
r:/home/travis/build/icyphy/ptII/lib/jsoup-1.8.2.jar:/home/travis/build/icyphy/
ptII/lib/junit-4.8.2.jar:/home/travis/build/icyphy/ptII/lib/JUnitParams-0.4.0.j
ar:/home/travis/build/icyphy/ptII/ptolemy/actor/lib/excel/jxl.jar:/home/travis/
build/icyphy/ptII/lib/jython.jar:/home/travis/build/icyphy/ptII/lib/kieler.jar:
/home/travis/build/icyphy/ptII/vendors/opencv/share/OpenCV/java/opencv-341.jar:
/home/travis/build/icyphy/ptII/lib/oscP5.jar:/home/travis/build/icyphy/ptII/lib
/nrjavaserial-3.11.0.devel.jar:/home/travis/build/icyphy/ptII/vendors/j3d/lib/j
3dcore.jar:/home/travis/build/icyphy/ptII/vendors/j3d/lib/j3dutils.jar:/home/tr
avis/build/icyphy/ptII/vendors/j3d/lib/vecmath.jar:/home/travis/build/icyphy/pt
II/ptolemy/distributed/jini/jar/jini-core.jar:/home/travis/build/icyphy/ptII/pt
olemy/distributed/jini/jar/jini-ext.jar:/home/travis/build/icyphy/ptII/ptolemy/
distributed/jini/jar/sun-util.jar:/home/travis/build/icyphy/ptII/lib/protobuf-j
ava-2.4.1.jar:/home/travis/build/icyphy/ptII/lib/org.eclipse.paho.client.mqttv3
.jar:/home/travis/build/icyphy/ptII/lib/mapss.jar:/home/travis/build/icyphy/ptI
I/ptolemy/actor/ptalon/antlr/antlr.jar:/home/travis/build/icyphy/ptII/lib/JRI.j
ar:/home/travis/build/icyphy/ptII/lib/commons-lang-2.6.jar:/home/travis/build/i
cyphy/ptII/lib/commons-logging-1.1.1.jar:/home/travis/build/icyphy/ptII/lib/soo
tclasses.jar:/home/travis/build/icyphy/ptII/ptolemy/actor/lib/database/mysql-co
nnector-java-5.1.6-bin.jar:/home/travis/build/icyphy/ptII/vendors/misc/sphinx4/
sphinx4-data-5prealpha.jar:/home/travis/build/icyphy/ptII/vendors/misc/sphinx4/
sphinx4-core-5prealpha.jar:/home/travis/build/icyphy/ptII/lib/PDFRenderer.jar:/
home/travis/build/icyphy/ptII/lib/svgSalamander.jar:/home/travis/build/icyphy/p
tII/lib/rsyntaxtextarea-2.6.0-SNAPSHOT.jar:/home/travis/build/icyphy/ptII/lib/h
azelcast-3.8.2.jar:/home/travis/build/icyphy/ptII/lib/jackson-annotations-2.9.0
.jar:/home/travis/build/icyphy/ptII/lib/jackson-core-2.9.3.jar:/home/travis/bui
ld/icyphy/ptII/lib/jackson-databind-2.9.3.jar:/home/travis/build/icyphy/ptII/li
b/netty-buffer-4.1.19.Final.jar:/home/travis/build/icyphy/ptII/lib/netty-codec-
4.1.19.Final.jar:/home/travis/build/icyphy/ptII/lib/netty-codec-dns-4.1.19.Fina
l.jar:/home/travis/build/icyphy/ptII/lib/netty-codec-http-4.1.19.Final.jar:/hom
e/travis/build/icyphy/ptII/lib/netty-codec-http2-4.1.19.Final.jar:/home/travis/
build/icyphy/ptII/lib/netty-common-4.1.19.Final.jar:/home/travis/build/icyphy/p
tII/lib/netty-handler-4.1.19.Final.jar:/home/travis/build/icyphy/ptII/lib/netty
-resolver-4.1.19.Final.jar:/home/travis/build/icyphy/ptII/lib/netty-resolver-dn
s-4.1.19.Final.jar:/home/travis/build/icyphy/ptII/lib/netty-transport-4.1.19.Fi
nal.jar:/home/travis/build/icyphy/ptII/lib/vertx-codegen-3.5.1.jar:/home/travis
/build/icyphy/ptII/lib/vertx-core-3.5.2-SNAPSHOT.jar:/home/travis/build/icyphy/
ptII/lib/vertx-hazelcast-3.5.1.jar:/home/travis/build/icyphy/ptII/lib/vertx-lan
g-js-3.5.1.jar:/home/travis/build/icyphy/ptII/lib/vertx-service-proxy-3.5.1.jar
:/home/travis/build/icyphy/ptII/lib/vertx-web-3.5.1.jar:/home/travis/build/icyp
hy/ptII/lib/slf4j-api-1.7.13.jar:/home/travis/build/icyphy/ptII/lib/slf4j-simpl
e-1.7.13.jar:/home/travis/build/icyphy/ptII/lib/webcam-capture-0.3.12.jar:/home
/travis/build/icyphy/ptII/lib/bridj-0.7.0.jar:/home/travis/build/icyphy/ptII/li
b/xbjlib-1.1.0.nrjavaserial.jar:/home/travis/build/icyphy/ptII/ptolemy/moml/tes
t:/home/travis/build/icyphy/ptII/ant/lib/ant-launcher.jar:/home/travis/build/ic
yphy/ptII/ant/lib/ant.jar:/home/travis/build/icyphy/ptII/ant/lib/ant-junit.jar:
/home/travis/build/icyphy/ptII/ant/lib/ant-junit4.jar:/home/travis/build/icyphy
/ptII ModularCodeGen3_A2_profile.java
total 1508
drwxrwxr-x   3 travis travis 12288 Apr  9 04:00 AbsoluteValue
drwxrwxr-x   3 travis travis 16384 Apr  9 04:00 Case1
drwxrwxr-x   3 travis travis 32768 Apr  9 04:00 Case2
-rw-rw-r--   1 travis travis  4895 Apr  9 04:04 CompiledCompositeActor_CompiledCompositeActor.class
-rw-rw-r--   1 travis travis  1592 Apr  9 04:04 CompiledCompositeActor_CompiledCompositeActor$_CompiledCompositeActor_CompiledCompositeActor.class
-rw-rw-r--   1 travis travis 13466 Apr  9 04:04 CompiledCompositeActor_CompiledCompositeActor.java
-rw-rw-r--   1 travis travis  1593 Apr  9 04:04 CompiledCompositeActor_CompiledCompositeActor.mk
drwxrwxr-x   3 travis travis 24576 Apr  9 04:02 DeScrambler
drwxrwxr-x   3 travis travis 16384 Apr  9 04:04 DotProduct
drwxrwxr-x   3 travis travis 12288 Apr  9 04:00 FileWriter1
drwxrwxr-x   3 travis travis 20480 Apr  9 04:00 FixToDoubleAndBack
drwxrwxr-x   3 travis travis 16384 Apr  9 04:00 Gaussian1
drwxrwxr-x   3 travis travis 20480 Apr  9 04:00 Gaussian2
-rw-rw-r--   1 travis travis  4457 Apr  9 04:04 JavaCompiledCompositeTest1_CompiledCompositeActor.class
-rw-rw-r--   1 travis travis 11637 Apr  9 04:04 JavaCompiledCompositeTest1_CompiledCompositeActor.java
-rw-rw-r--   1 travis travis  1198 Apr  9 04:04 JavaCompiledCompositeTest1_CompiledCompositeActor$_JavaCompiledCompositeTest1_CompiledCompositeActor.class
-rw-rw-r--   1 travis travis  1625 Apr  9 04:04 JavaCompiledCompositeTest1_CompiledCompositeActor.mk
-rw-rw-r--   1 travis travis  4888 Apr  9 04:04 JavaCompiledCompositeTest2_CompiledCompositeActor.class
-rw-rw-r--   1 travis travis 14919 Apr  9 04:04 JavaCompiledCompositeTest2_CompiledCompositeActor.java
-rw-rw-r--   1 travis travis  1793 Apr  9 04:04 JavaCompiledCompositeTest2_CompiledCompositeActor$_JavaCompiledCompositeTest2_CompiledCompositeActor.class
-rw-rw-r--   1 travis travis  1625 Apr  9 04:04 JavaCompiledCompositeTest2_CompiledCompositeActor.mk
-rw-rw-r--   1 travis travis  4505 Apr  9 04:04 JavaCompiledCompositeTest3_CompiledCompositeActor.class
-rw-rw-r--   1 travis travis 13080 Apr  9 04:04 JavaCompiledCompositeTest3_CompiledCompositeActor.java
-rw-rw-r--   1 travis travis  1378 Apr  9 04:04 JavaCompiledCompositeTest3_CompiledCompositeActor$_JavaCompiledCompositeTest3_CompiledCompositeActor.class
-rw-rw-r--   1 travis travis  1625 Apr  9 04:04 JavaCompiledCompositeTest3_CompiledCompositeActor.mk
-rw-rw-r--   1 travis travis  3953 Apr  9 04:04 JavaCompiledCompositeTest4_CompiledCompositeActor.class
-rw-rw-r--   1 travis travis  9687 Apr  9 04:04 JavaCompiledCompositeTest4_CompiledCompositeActor.java
-rw-rw-r--   1 travis travis   857 Apr  9 04:04 JavaCompiledCompositeTest4_CompiledCompositeActor$_JavaCompiledCompositeTest4_CompiledCompositeActor.class
-rw-rw-r--   1 travis travis  1625 Apr  9 04:04 JavaCompiledCompositeTest4_CompiledCompositeActor.mk
drwxrwxr-x   3 travis travis 12288 Apr  9 04:01 LookupTable
drwxrwxr-x   3 travis travis 20480 Apr  9 04:01 MaxIndex
-rw-rw-r--   1 travis travis  3693 Apr  9 04:04 ModularCG_A1_B1.class
-rw-rw-r--   1 travis travis  9730 Apr  9 04:04 ModularCG_A1_B1.java
-rw-rw-r--   1 travis travis   832 Apr  9 04:04 ModularCG_A1_B1.mk
-rw-rw-r--   1 travis travis  1318 Apr  9 04:04 ModularCG_A1_B1_profile.class
-rw-rw-r--   1 travis travis  1262 Apr  9 04:04 ModularCG_A1_B1_profile.java
-rw-rw-r--   1 travis travis  3693 Apr  9 04:04 ModularCG_A1_B2.class
-rw-rw-r--   1 travis travis  9730 Apr  9 04:04 ModularCG_A1_B2.java
-rw-rw-r--   1 travis travis   832 Apr  9 04:04 ModularCG_A1_B2.mk
-rw-rw-r--   1 travis travis  1318 Apr  9 04:04 ModularCG_A1_B2_profile.class
-rw-rw-r--   1 travis travis  1262 Apr  9 04:04 ModularCG_A1_B2_profile.java
-rw-rw-r--   1 travis travis  4799 Apr  9 04:04 ModularCG_A1.class
-rw-rw-r--   1 travis travis 14742 Apr  9 04:04 ModularCG_A1.java
-rw-rw-r--   1 travis travis   808 Apr  9 04:04 ModularCG_A1.mk
-rw-rw-r--   1 travis travis  1433 Apr  9 04:04 ModularCG_A1_profile.class
-rw-rw-r--   1 travis travis  1704 Apr  9 04:04 ModularCG_A1_profile.java
-rw-rw-r--   1 travis travis  3827 Apr  9 04:04 ModularCG_A2_B1.class
-rw-rw-r--   1 travis travis 10667 Apr  9 04:04 ModularCG_A2_B1.java
-rw-rw-r--   1 travis travis   832 Apr  9 04:04 ModularCG_A2_B1.mk
-rw-rw-r--   1 travis travis  1381 Apr  9 04:04 ModularCG_A2_B1_profile.class
-rw-rw-r--   1 travis travis  1446 Apr  9 04:04 ModularCG_A2_B1_profile.java
-rw-rw-r--   1 travis travis  3693 Apr  9 04:04 ModularCG_A2_B2.class
-rw-rw-r--   1 travis travis  9730 Apr  9 04:04 ModularCG_A2_B2.java
-rw-rw-r--   1 travis travis   832 Apr  9 04:04 ModularCG_A2_B2.mk
-rw-rw-r--   1 travis travis  1318 Apr  9 04:04 ModularCG_A2_B2_profile.class
-rw-rw-r--   1 travis travis  1262 Apr  9 04:04 ModularCG_A2_B2_profile.java
-rw-rw-r--   1 travis travis  4870 Apr  9 04:05 ModularCG_A2.class
-rw-rw-r--   1 travis travis 15129 Apr  9 04:05 ModularCG_A2.java
-rw-rw-r--   1 travis travis   808 Apr  9 04:05 ModularCG_A2.mk
-rw-rw-r--   1 travis travis  1433 Apr  9 04:05 ModularCG_A2_profile.class
-rw-rw-r--   1 travis travis  1704 Apr  9 04:04 ModularCG_A2_profile.java
-rw-rw-r--   1 travis travis  3473 Apr  9 04:05 ModularCGPubSub_A1_A2.class
-rw-rw-r--   1 travis travis  9076 Apr  9 04:05 ModularCGPubSub_A1_A2.java
-rw-rw-r--   1 travis travis   880 Apr  9 04:05 ModularCGPubSub_A1_A2.mk
-rw-rw-r--   1 travis travis  1300 Apr  9 04:05 ModularCGPubSub_A1_A2_profile.class
-rw-rw-r--   1 travis travis  1222 Apr  9 04:05 ModularCGPubSub_A1_A2_profile.java
-rw-rw-r--   1 travis travis  3790 Apr  9 04:05 ModularCGPubSub_A1.class
-rw-rw-r--   1 travis travis  9836 Apr  9 04:05 ModularCGPubSub_A1.java
-rw-rw-r--   1 travis travis   856 Apr  9 04:05 ModularCGPubSub_A1.mk
-rw-rw-r--   1 travis travis  1346 Apr  9 04:05 ModularCGPubSub_A1_profile.class
-rw-rw-r--   1 travis travis  1388 Apr  9 04:05 ModularCGPubSub_A1_profile.java
-rw-rw-r--   1 travis travis  3988 Apr  9 04:05 ModularCodeGen2_ModularCodeGenTypedCompositeActor.class
-rw-rw-r--   1 travis travis 11690 Apr  9 04:05 ModularCodeGen2_ModularCodeGenTypedCompositeActor.java
-rw-rw-r--   1 travis travis  1104 Apr  9 04:05 ModularCodeGen2_ModularCodeGenTypedCompositeActor.mk
-rw-rw-r--   1 travis travis  4272 Apr  9 04:05 ModularCodeGen2_ModularCodeGenTypedCompositeActor_ModularCodeGenTypedCompositeActor.class
-rw-rw-r--   1 travis travis 11790 Apr  9 04:05 ModularCodeGen2_ModularCodeGenTypedCompositeActor_ModularCodeGenTypedCompositeActor.java
-rw-rw-r--   1 travis travis  1376 Apr  9 04:05 ModularCodeGen2_ModularCodeGenTypedCompositeActor_ModularCodeGenTypedCompositeActor.mk
-rw-rw-r--   1 travis travis  1421 Apr  9 04:05 ModularCodeGen2_ModularCodeGenTypedCompositeActor_ModularCodeGenTypedCompositeActor_profile.class
-rw-rw-r--   1 travis travis  1294 Apr  9 04:05 ModularCodeGen2_ModularCodeGenTypedCompositeActor_ModularCodeGenTypedCompositeActor_profile.java
-rw-rw-r--   1 travis travis   820 Apr  9 04:05 ModularCodeGen2_ModularCodeGenTypedCompositeActor_profile.class
-rw-rw-r--   1 travis travis   693 Apr  9 04:05 ModularCodeGen2_ModularCodeGenTypedCompositeActor_profile.java
-rw-rw-r--   1 travis travis  3741 Apr  9 04:05 ModularCodeGen3_A1_B1.class
-rw-rw-r--   1 travis travis  9958 Apr  9 04:05 ModularCodeGen3_A1_B1.java
-rw-rw-r--   1 travis travis   880 Apr  9 04:05 ModularCodeGen3_A1_B1.mk
-rw-rw-r--   1 travis travis  1330 Apr  9 04:05 ModularCodeGen3_A1_B1_profile.class
-rw-rw-r--   1 travis travis  1274 Apr  9 04:05 ModularCodeGen3_A1_B1_profile.java
-rw-rw-r--   1 travis travis  3741 Apr  9 04:05 ModularCodeGen3_A1_B2.class
-rw-rw-r--   1 travis travis  9958 Apr  9 04:05 ModularCodeGen3_A1_B2.java
-rw-rw-r--   1 travis travis   880 Apr  9 04:05 ModularCodeGen3_A1_B2.mk
-rw-rw-r--   1 travis travis  1330 Apr  9 04:05 ModularCodeGen3_A1_B2_profile.class
-rw-rw-r--   1 travis travis  1274 Apr  9 04:05 ModularCodeGen3_A1_B2_profile.java
-rw-rw-r--   1 travis travis  4961 Apr  9 04:05 ModularCodeGen3_A1.class
-rw-rw-r--   1 travis travis 15564 Apr  9 04:05 ModularCodeGen3_A1.java
-rw-rw-r--   1 travis travis   856 Apr  9 04:05 ModularCodeGen3_A1.mk
-rw-rw-r--   1 travis travis  1445 Apr  9 04:05 ModularCodeGen3_A1_profile.class
-rw-rw-r--   1 travis travis  1716 Apr  9 04:05 ModularCodeGen3_A1_profile.java
-rw-rw-r--   1 travis travis  3887 Apr  9 04:05 ModularCodeGen3_A2_B1.class
-rw-rw-r--   1 travis travis 10955 Apr  9 04:05 ModularCodeGen3_A2_B1.java
-rw-rw-r--   1 travis travis   880 Apr  9 04:05 ModularCodeGen3_A2_B1.mk
-rw-rw-r--   1 travis travis  1393 Apr  9 04:05 ModularCodeGen3_A2_B1_profile.class
-rw-rw-r--   1 travis travis  1458 Apr  9 04:05 ModularCodeGen3_A2_B1_profile.java
-rw-rw-r--   1 travis travis  3741 Apr  9 04:05 ModularCodeGen3_A2_B2.class
-rw-rw-r--   1 travis travis  9958 Apr  9 04:05 ModularCodeGen3_A2_B2.java
-rw-rw-r--   1 travis travis   880 Apr  9 04:05 ModularCodeGen3_A2_B2.mk
-rw-rw-r--   1 travis travis  1330 Apr  9 04:05 ModularCodeGen3_A2_B2_profile.class
-rw-rw-r--   1 travis travis  1274 Apr  9 04:05 ModularCodeGen3_A2_B2_profile.java
-rw-rw-r--   1 travis travis  1716 Apr  9 04:05 ModularCodeGen3_A2_profile.java
-rw-rw-r--   1 travis travis  3954 Apr  9 04:05 ModularCodeGen_ModularCodeGenTypedCompositeActor.class
-rw-rw-r--   1 travis travis 10970 Apr  9 04:05 ModularCodeGen_ModularCodeGenTypedCompositeActor.java
-rw-rw-r--   1 travis travis  1096 Apr  9 04:05 ModularCodeGen_ModularCodeGenTypedCompositeActor.mk
-rw-rw-r--   1 travis travis  1384 Apr  9 04:05 ModularCodeGen_ModularCodeGenTypedCompositeActor_profile.class
-rw-rw-r--   1 travis travis  1328 Apr  9 04:05 ModularCodeGen_ModularCodeGenTypedCompositeActor_profile.java
-rw-rw-r--   1 travis travis  3492 Apr  9 04:04 ModularCodeGenTest_A1_A2.class
-rw-rw-r--   1 travis travis   904 Apr  9 04:04 ModularCodeGenTest_A1_A2.mk
-rw-rw-r--   1 travis travis  1306 Apr  9 04:04 ModularCodeGenTest_A1_A2_profile.class
-rw-rw-r--   1 travis travis  3823 Apr  9 04:04 ModularCodeGenTest_A1.class
-rw-rw-r--   1 travis travis  9968 Apr  9 04:04 ModularCodeGenTest_A1.java
-rw-rw-r--   1 travis travis   880 Apr  9 04:04 ModularCodeGenTest_A1.mk
-rw-rw-r--   1 travis travis  1352 Apr  9 04:04 ModularCodeGenTest_A1_profile.class
-rw-rw-r--   1 travis travis  1394 Apr  9 04:04 ModularCodeGenTest_A1_profile.java
drwxrwxr-x   3 travis travis 36864 Apr  9 04:04 modulation2
drwxrwxr-x   3 travis travis 20480 Apr  9 04:01 Multiplexor
drwxrwxr-x 242 travis travis 12288 Apr  9 04:04 node_modules
drwxrwxr-x   3 travis travis 20480 Apr  9 04:01 PhaseUnwrap
-rw-rw-r--   1 travis travis   520 Apr  9 04:04 Repeat$_fireFunction_Repeat_Repeat$__f_sL_0.class
-rw-rw-r--   1 travis travis   522 Apr  9 04:04 Repeat$_fireFunction_Repeat_Repeat$__f_sL_10.class
-rw-rw-r--   1 travis travis   666 Apr  9 04:04 Repeat$_fireFunction_Repeat_Repeat$__f_sL_11.class
-rw-rw-r--   1 travis travis   522 Apr  9 04:04 Repeat$_fireFunction_Repeat_Repeat$__f_sL_13.class
-rw-rw-r--   1 travis travis   665 Apr  9 04:04 Repeat$_fireFunction_Repeat_Repeat$__f_sL_1.class
-rw-rw-r--   1 travis travis   520 Apr  9 04:04 Repeat$_fireFunction_Repeat_Repeat$__f_sL_2.class
-rw-rw-r--   1 travis travis   520 Apr  9 04:04 Repeat$_fireFunction_Repeat_Repeat$__f_sL_3.class
-rw-rw-r--   1 travis travis   520 Apr  9 04:04 Repeat$_fireFunction_Repeat_Repeat$__f_sL_5.class
-rw-rw-r--   1 travis travis   671 Apr  9 04:04 Repeat$_fireFunction_Repeat_Repeat$__f_sL_7.class
-rw-rw-r--   1 travis travis   520 Apr  9 04:04 Repeat$_fireFunction_Repeat_Repeat$__f_sL_9.class
-rw-rw-r--   1 travis travis   813 Apr  9 04:04 Repeat$_initialize_Repeat.class
-rw-rw-r--   1 travis travis   475 Apr  9 04:04 Repeat$_initialize_Repeat$__i_sL_0.class
-rw-rw-r--   1 travis travis   519 Apr  9 04:04 Repeat$_initialize_Repeat$__i_sL_3.class
-rw-rw-r--   1 travis travis 39778 Apr  9 04:04 Repeat.java
-rw-rw-r--   1 travis travis  1281 Apr  9 04:04 Repeat.mk
-rw-rw-r--   1 travis travis   520 Apr  9 04:04 Repeat$_preinitializeMethod_Repeat$__p_sL_0.class
-rw-rw-r--   1 travis travis   520 Apr  9 04:04 Repeat$_preinitializeMethod_Repeat$__p_sL_1.class
-rw-rw-r--   1 travis travis  1083 Apr  9 04:04 Repeat$_Repeat$_fireFunction_Repeat_AddSubtract_Repeat.class
-rw-rw-r--   1 travis travis   791 Apr  9 04:04 Repeat$_Repeat$_fireFunction_Repeat_AddSubtract_Repeat$__f_sL_0.class
-rw-rw-r--   1 travis travis   909 Apr  9 04:04 Repeat$_Repeat$_fireFunction_Repeat_AddSubtract_Repeat$__f_sL_1.class
-rw-rw-r--   1 travis travis   915 Apr  9 04:04 Repeat$_Repeat$_fireFunction_Repeat_AddSubtract_Repeat$__f_sL_2.class
-rw-rw-r--   1 travis travis   838 Apr  9 04:04 Repeat$_Repeat$_fireFunction_Repeat_Ramp2_Repeat$__f_sL_1.class
-rw-rw-r--   1 travis travis  1785 Apr  9 04:04 Repeat$_Repeat$_fireFunction_Repeat_Test_Repeat$__f_sL_2.class
-rw-rw-r--   1 travis travis   685 Apr  9 04:04 Repeat$_Repeat_SDF_Director_run_Repeat$__R_sL_0.class
-rw-rw-r--   1 travis travis   540 Apr  9 04:04 Repeat$_Repeat_SDF_Director_run_Repeat$__R_sL_1.class
-rw-rw-r--   1 travis travis   540 Apr  9 04:04 Repeat$_Repeat_SDF_Director_run_Repeat$__R_sL_2.class
-rw-rw-r--   1 travis travis   540 Apr  9 04:04 Repeat$_Repeat_SDF_Director_run_Repeat$__R_sL_4.class
-rw-rw-r--   1 travis travis   540 Apr  9 04:04 Repeat$_Repeat_SDF_Director_run_Repeat$__R_sL_5.class
-rw-rw-r--   1 travis travis   691 Apr  9 04:04 Repeat$_Repeat_SDF_Director_run_Repeat$__R_sL_6.class
-rw-rw-r--   1 travis travis   540 Apr  9 04:04 Repeat$_Repeat_SDF_Director_run_Repeat$__R_sL_7.class
-rw-rw-r--   1 travis travis   863 Apr  9 04:04 Repeat$_varinit_Repeat.class
-rw-rw-r--   1 travis travis   530 Apr  9 04:04 Repeat$_varinit_Repeat$__v_sL_1.class
-rw-rw-r--   1 travis travis   531 Apr  9 04:04 Repeat$_varinit_Repeat$__v_sL_2.class
-rw-rw-r--   1 travis travis   905 Apr  9 04:04 Repeat$_varinit_Repeat$__v_sL_4.class
-rw-rw-r--   1 travis travis   635 Apr  9 04:04 Repeat$_wrapup_Repeat.class
-rw-rw-r--   1 travis travis   965 Apr  9 04:04 Repeat$_wrapup_Repeat$__w_sL_1.class
-rw-rw-r--   1 travis travis   289 Apr  9 03:59 result.csv
drwxrwxr-x   3 travis travis 12288 Apr  9 04:02 Scrambler1
drwxrwxr-x   3 travis travis 20480 Apr  9 04:01 Sinewave2
drwxrwxr-x   3 travis travis 69632 Apr  9 04:02 StringCompare
drwxrwxr-x   3 travis travis 32768 Apr  9 04:02 StringFunction
drwxrwxr-x   3 travis travis 12288 Apr  9 04:03 StringLength
drwxrwxr-x   3 travis travis 57344 Apr  9 04:03 StringSimpleReplace
drwxrwxr-x   3 travis travis 12288 Apr  9 04:04 time2
drwxrwxr-x   3 travis travis 12288 Apr  9 04:04 time5
-rw-rw-r--   1 travis travis   432 Apr  9 04:05 Token.class
-rw-rw-r--   1 travis travis   251 Apr  9 04:05 Token.java
-rw-rw-r--   1 travis travis     0 Apr  9 04:04 top.
-rw-rw-r--   1 travis travis 20502 Apr  9 03:59 top.c
-rw-rw-r--   1 travis travis  3567 Apr  9 04:04 top.class
-rw-rw-r--   1 travis travis   169 Apr  9 03:59 top.html
-rw-rw-r--   1 travis travis  7552 Apr  9 04:04 top.java
-rw-rw-r--   1 travis travis 38888 Apr  9 03:59 top.o
drwxrwxr-x   3 travis travis 57344 Apr  9 04:02 UnaryMathFunction
All Done
Writing ModularCodeGen3_A2.java in file:/home/travis/cg/ (15957 characters)
Reading "ptolemy/cg/kernel/generic/program/procedural/java/modular/makefile.in",
    writing "/home/travis/cg/ModularCodeGen3_A2.mk"
Using ptolemy/cg/kernel/generic/program/procedural/java/modular/makefile.in
In "/home/travis/cg", about to execute:
    make -f ModularCodeGen3_A2.mk
javac -classpath ".:.."    ModularCodeGen3_A2.java
All Done
Manager.initialize() finished: 11908 ms. Memory: 157184K Free: 116312K (74%)
11911 ms. Memory: 157184K Free: 115078K (73%)
----------------- Invoking toplevel() on ptolemy.moml.MoMLSimpleApplication@3e1258c2
----------------- Done invoking toplevel() on ptolemy.moml.MoMLSimpleApplication@3e1258c2
reloadAllAccessors: .ModularCodeGen3

===========================================================================================
----------------- testing Tue Apr 09 04:05:24 UTC 2019 /home/travis/build/icyphy/ptII/ptolemy/cg/lib/test/auto/ModularCodeGen4.xml
----------------- Instantiating /home/travis/build/icyphy/ptII/ptolemy/cg/lib/test/auto/ModularCodeGen4.xml
In "/home/travis/cg", about to execute:
    pwd
In "/home/travis/cg", about to execute:
    ls -l
/home/travis/cg
In "/home/travis/cg", about to execute:
    javac -classpath
.:/home/travis/build/icyphy/ptII:/home/travis/build/icyphy/ptII/lib/bsh-2.0b4.j
ar:/home/travis/build/icyphy/ptII/lib/ptCal.jar:/home/travis/build/icyphy/ptII/
lib/java_cup.jar:/home/travis/build/icyphy/ptII/lib/saxon8.jar:/home/travis/bui
ld/icyphy/ptII/lib/saxon8-dom.jar:/home/travis/build/icyphy/ptII/lib/chic.jar:/
home/travis/build/icyphy/ptII/lib/ptcolt.jar:/usr/lib/jvm/java-8-oracle/lib/too
ls.jar:/home/travis/build/icyphy/ptII/vendors/misc/itext/iText.jar:/home/travis
/build/icyphy/ptII/lib/g4ltl.jar:/home/travis/build/icyphy/ptII/lib/StructuralC
oder.jar:/home/travis/build/icyphy/ptII/vendors/jai-1_1_2_01/lib/jai_core.jar:/
home/travis/build/icyphy/ptII/vendors/jai-1_1_2_01/lib/jai_codec.jar:/home/trav
is/build/icyphy/ptII/lib/jcerti.jar:/home/travis/build/icyphy/ptII/lib/javax.ma
il.jar:/home/travis/build/icyphy/ptII/vendors/JMF-2.1.1e/lib/jmf.jar:/home/trav
is/build/icyphy/ptII/lib/jna-4.0.0-variadic.jar:/home/travis/build/icyphy/ptII/
vendors/misc/joystick/Joystick.jar:/home/travis/build/icyphy/ptII/lib/ptjacl.ja
r:/home/travis/build/icyphy/ptII/lib/jsoup-1.8.2.jar:/home/travis/build/icyphy/
ptII/lib/junit-4.8.2.jar:/home/travis/build/icyphy/ptII/lib/JUnitParams-0.4.0.j
ar:/home/travis/build/icyphy/ptII/ptolemy/actor/lib/excel/jxl.jar:/home/travis/
build/icyphy/ptII/lib/jython.jar:/home/travis/build/icyphy/ptII/lib/kieler.jar:
/home/travis/build/icyphy/ptII/vendors/opencv/share/OpenCV/java/opencv-341.jar:
/home/travis/build/icyphy/ptII/lib/oscP5.jar:/home/travis/build/icyphy/ptII/lib
/nrjavaserial-3.11.0.devel.jar:/home/travis/build/icyphy/ptII/vendors/j3d/lib/j
3dcore.jar:/home/travis/build/icyphy/ptII/vendors/j3d/lib/j3dutils.jar:/home/tr
avis/build/icyphy/ptII/vendors/j3d/lib/vecmath.jar:/home/travis/build/icyphy/pt
II/ptolemy/distributed/jini/jar/jini-core.jar:/home/travis/build/icyphy/ptII/pt
olemy/distributed/jini/jar/jini-ext.jar:/home/travis/build/icyphy/ptII/ptolemy/
distributed/jini/jar/sun-util.jar:/home/travis/build/icyphy/ptII/lib/protobuf-j
ava-2.4.1.jar:/home/travis/build/icyphy/ptII/lib/org.eclipse.paho.client.mqttv3
.jar:/home/travis/build/icyphy/ptII/lib/mapss.jar:/home/travis/build/icyphy/ptI
I/ptolemy/actor/ptalon/antlr/antlr.jar:/home/travis/build/icyphy/ptII/lib/JRI.j
ar:/home/travis/build/icyphy/ptII/lib/commons-lang-2.6.jar:/home/travis/build/i
cyphy/ptII/lib/commons-logging-1.1.1.jar:/home/travis/build/icyphy/ptII/lib/soo
tclasses.jar:/home/travis/build/icyphy/ptII/ptolemy/actor/lib/database/mysql-co
nnector-java-5.1.6-bin.jar:/home/travis/build/icyphy/ptII/vendors/misc/sphinx4/
sphinx4-data-5prealpha.jar:/home/travis/build/icyphy/ptII/vendors/misc/sphinx4/
sphinx4-core-5prealpha.jar:/home/travis/build/icyphy/ptII/lib/PDFRenderer.jar:/
home/travis/build/icyphy/ptII/lib/svgSalamander.jar:/home/travis/build/icyphy/p
tII/lib/rsyntaxtextarea-2.6.0-SNAPSHOT.jar:/home/travis/build/icyphy/ptII/lib/h
azelcast-3.8.2.jar:/home/travis/build/icyphy/ptII/lib/jackson-annotations-2.9.0
.jar:/home/travis/build/icyphy/ptII/lib/jackson-core-2.9.3.jar:/home/travis/bui
ld/icyphy/ptII/lib/jackson-databind-2.9.3.jar:/home/travis/build/icyphy/ptII/li
b/netty-buffer-4.1.19.Final.jar:/home/travis/build/icyphy/ptII/lib/netty-codec-
4.1.19.Final.jar:/home/travis/build/icyphy/ptII/lib/netty-codec-dns-4.1.19.Fina
l.jar:/home/travis/build/icyphy/ptII/lib/netty-codec-http-4.1.19.Final.jar:/hom
e/travis/build/icyphy/ptII/lib/netty-codec-http2-4.1.19.Final.jar:/home/travis/
build/icyphy/ptII/lib/netty-common-4.1.19.Final.jar:/home/travis/build/icyphy/p
tII/lib/netty-handler-4.1.19.Final.jar:/home/travis/build/icyphy/ptII/lib/netty
-resolver-4.1.19.Final.jar:/home/travis/build/icyphy/ptII/lib/netty-resolver-dn
s-4.1.19.Final.jar:/home/travis/build/icyphy/ptII/lib/netty-transport-4.1.19.Fi
nal.jar:/home/travis/build/icyphy/ptII/lib/vertx-codegen-3.5.1.jar:/home/travis
/build/icyphy/ptII/lib/vertx-core-3.5.2-SNAPSHOT.jar:/home/travis/build/icyphy/
ptII/lib/vertx-hazelcast-3.5.1.jar:/home/travis/build/icyphy/ptII/lib/vertx-lan
g-js-3.5.1.jar:/home/travis/build/icyphy/ptII/lib/vertx-service-proxy-3.5.1.jar
:/home/travis/build/icyphy/ptII/lib/vertx-web-3.5.1.jar:/home/travis/build/icyp
hy/ptII/lib/slf4j-api-1.7.13.jar:/home/travis/build/icyphy/ptII/lib/slf4j-simpl
e-1.7.13.jar:/home/travis/build/icyphy/ptII/lib/webcam-capture-0.3.12.jar:/home
/travis/build/icyphy/ptII/lib/bridj-0.7.0.jar:/home/travis/build/icyphy/ptII/li
b/xbjlib-1.1.0.nrjavaserial.jar:/home/travis/build/icyphy/ptII/ptolemy/moml/tes
t:/home/travis/build/icyphy/ptII/ant/lib/ant-launcher.jar:/home/travis/build/ic
yphy/ptII/ant/lib/ant.jar:/home/travis/build/icyphy/ptII/ant/lib/ant-junit.jar:
/home/travis/build/icyphy/ptII/ant/lib/ant-junit4.jar:/home/travis/build/icyphy
/ptII ModularCodeGen4_A1_B1_profile.java
total 1544
drwxrwxr-x   3 travis travis 12288 Apr  9 04:00 AbsoluteValue
drwxrwxr-x   3 travis travis 16384 Apr  9 04:00 Case1
drwxrwxr-x   3 travis travis 32768 Apr  9 04:00 Case2
-rw-rw-r--   1 travis travis  4895 Apr  9 04:04 CompiledCompositeActor_CompiledCompositeActor.class
-rw-rw-r--   1 travis travis  1592 Apr  9 04:04 CompiledCompositeActor_CompiledCompositeActor$_CompiledCompositeActor_CompiledCompositeActor.class
-rw-rw-r--   1 travis travis 13466 Apr  9 04:04 CompiledCompositeActor_CompiledCompositeActor.java
-rw-rw-r--   1 travis travis  1593 Apr  9 04:04 CompiledCompositeActor_CompiledCompositeActor.mk
drwxrwxr-x   3 travis travis 24576 Apr  9 04:02 DeScrambler
drwxrwxr-x   3 travis travis 16384 Apr  9 04:04 DotProduct
drwxrwxr-x   3 travis travis 12288 Apr  9 04:00 FileWriter1
drwxrwxr-x   3 travis travis 20480 Apr  9 04:00 FixToDoubleAndBack
drwxrwxr-x   3 travis travis 16384 Apr  9 04:00 Gaussian1
drwxrwxr-x   3 travis travis 20480 Apr  9 04:00 Gaussian2
-rw-rw-r--   1 travis travis  4457 Apr  9 04:04 JavaCompiledCompositeTest1_CompiledCompositeActor.class
-rw-rw-r--   1 travis travis 11637 Apr  9 04:04 JavaCompiledCompositeTest1_CompiledCompositeActor.java
-rw-rw-r--   1 travis travis  1198 Apr  9 04:04 JavaCompiledCompositeTest1_CompiledCompositeActor$_JavaCompiledCompositeTest1_CompiledCompositeActor.class
-rw-rw-r--   1 travis travis  1625 Apr  9 04:04 JavaCompiledCompositeTest1_CompiledCompositeActor.mk
-rw-rw-r--   1 travis travis  4888 Apr  9 04:04 JavaCompiledCompositeTest2_CompiledCompositeActor.class
-rw-rw-r--   1 travis travis 14919 Apr  9 04:04 JavaCompiledCompositeTest2_CompiledCompositeActor.java
-rw-rw-r--   1 travis travis  1793 Apr  9 04:04 JavaCompiledCompositeTest2_CompiledCompositeActor$_JavaCompiledCompositeTest2_CompiledCompositeActor.class
-rw-rw-r--   1 travis travis  1625 Apr  9 04:04 JavaCompiledCompositeTest2_CompiledCompositeActor.mk
-rw-rw-r--   1 travis travis  4505 Apr  9 04:04 JavaCompiledCompositeTest3_CompiledCompositeActor.class
-rw-rw-r--   1 travis travis 13080 Apr  9 04:04 JavaCompiledCompositeTest3_CompiledCompositeActor.java
-rw-rw-r--   1 travis travis  1378 Apr  9 04:04 JavaCompiledCompositeTest3_CompiledCompositeActor$_JavaCompiledCompositeTest3_CompiledCompositeActor.class
-rw-rw-r--   1 travis travis  1625 Apr  9 04:04 JavaCompiledCompositeTest3_CompiledCompositeActor.mk
-rw-rw-r--   1 travis travis  3953 Apr  9 04:04 JavaCompiledCompositeTest4_CompiledCompositeActor.class
-rw-rw-r--   1 travis travis  9687 Apr  9 04:04 JavaCompiledCompositeTest4_CompiledCompositeActor.java
-rw-rw-r--   1 travis travis   857 Apr  9 04:04 JavaCompiledCompositeTest4_CompiledCompositeActor$_JavaCompiledCompositeTest4_CompiledCompositeActor.class
-rw-rw-r--   1 travis travis  1625 Apr  9 04:04 JavaCompiledCompositeTest4_CompiledCompositeActor.mk
drwxrwxr-x   3 travis travis 12288 Apr  9 04:01 LookupTable
drwxrwxr-x   3 travis travis 20480 Apr  9 04:01 MaxIndex
-rw-rw-r--   1 travis travis  3693 Apr  9 04:04 ModularCG_A1_B1.class
-rw-rw-r--   1 travis travis  9730 Apr  9 04:04 ModularCG_A1_B1.java
-rw-rw-r--   1 travis travis   832 Apr  9 04:04 ModularCG_A1_B1.mk
-rw-rw-r--   1 travis travis  1318 Apr  9 04:04 ModularCG_A1_B1_profile.class
-rw-rw-r--   1 travis travis  1262 Apr  9 04:04 ModularCG_A1_B1_profile.java
-rw-rw-r--   1 travis travis  3693 Apr  9 04:04 ModularCG_A1_B2.class
-rw-rw-r--   1 travis travis  9730 Apr  9 04:04 ModularCG_A1_B2.java
-rw-rw-r--   1 travis travis   832 Apr  9 04:04 ModularCG_A1_B2.mk
-rw-rw-r--   1 travis travis  1318 Apr  9 04:04 ModularCG_A1_B2_profile.class
-rw-rw-r--   1 travis travis  1262 Apr  9 04:04 ModularCG_A1_B2_profile.java
-rw-rw-r--   1 travis travis  4799 Apr  9 04:04 ModularCG_A1.class
-rw-rw-r--   1 travis travis 14742 Apr  9 04:04 ModularCG_A1.java
-rw-rw-r--   1 travis travis   808 Apr  9 04:04 ModularCG_A1.mk
-rw-rw-r--   1 travis travis  1433 Apr  9 04:04 ModularCG_A1_profile.class
-rw-rw-r--   1 travis travis  1704 Apr  9 04:04 ModularCG_A1_profile.java
-rw-rw-r--   1 travis travis  3827 Apr  9 04:04 ModularCG_A2_B1.class
-rw-rw-r--   1 travis travis 10667 Apr  9 04:04 ModularCG_A2_B1.java
-rw-rw-r--   1 travis travis   832 Apr  9 04:04 ModularCG_A2_B1.mk
-rw-rw-r--   1 travis travis  1381 Apr  9 04:04 ModularCG_A2_B1_profile.class
-rw-rw-r--   1 travis travis  1446 Apr  9 04:04 ModularCG_A2_B1_profile.java
-rw-rw-r--   1 travis travis  3693 Apr  9 04:04 ModularCG_A2_B2.class
-rw-rw-r--   1 travis travis  9730 Apr  9 04:04 ModularCG_A2_B2.java
-rw-rw-r--   1 travis travis   832 Apr  9 04:04 ModularCG_A2_B2.mk
-rw-rw-r--   1 travis travis  1318 Apr  9 04:04 ModularCG_A2_B2_profile.class
-rw-rw-r--   1 travis travis  1262 Apr  9 04:04 ModularCG_A2_B2_profile.java
-rw-rw-r--   1 travis travis  4870 Apr  9 04:05 ModularCG_A2.class
-rw-rw-r--   1 travis travis 15129 Apr  9 04:05 ModularCG_A2.java
-rw-rw-r--   1 travis travis   808 Apr  9 04:05 ModularCG_A2.mk
-rw-rw-r--   1 travis travis  1433 Apr  9 04:05 ModularCG_A2_profile.class
-rw-rw-r--   1 travis travis  1704 Apr  9 04:04 ModularCG_A2_profile.java
-rw-rw-r--   1 travis travis  3473 Apr  9 04:05 ModularCGPubSub_A1_A2.class
-rw-rw-r--   1 travis travis  9076 Apr  9 04:05 ModularCGPubSub_A1_A2.java
-rw-rw-r--   1 travis travis   880 Apr  9 04:05 ModularCGPubSub_A1_A2.mk
-rw-rw-r--   1 travis travis  1300 Apr  9 04:05 ModularCGPubSub_A1_A2_profile.class
-rw-rw-r--   1 travis travis  1222 Apr  9 04:05 ModularCGPubSub_A1_A2_profile.java
-rw-rw-r--   1 travis travis  3790 Apr  9 04:05 ModularCGPubSub_A1.class
-rw-rw-r--   1 travis travis  9836 Apr  9 04:05 ModularCGPubSub_A1.java
-rw-rw-r--   1 travis travis   856 Apr  9 04:05 ModularCGPubSub_A1.mk
-rw-rw-r--   1 travis travis  1346 Apr  9 04:05 ModularCGPubSub_A1_profile.class
-rw-rw-r--   1 travis travis  1388 Apr  9 04:05 ModularCGPubSub_A1_profile.java
-rw-rw-r--   1 travis travis  3988 Apr  9 04:05 ModularCodeGen2_ModularCodeGenTypedCompositeActor.class
-rw-rw-r--   1 travis travis 11690 Apr  9 04:05 ModularCodeGen2_ModularCodeGenTypedCompositeActor.java
-rw-rw-r--   1 travis travis  1104 Apr  9 04:05 ModularCodeGen2_ModularCodeGenTypedCompositeActor.mk
-rw-rw-r--   1 travis travis  4272 Apr  9 04:05 ModularCodeGen2_ModularCodeGenTypedCompositeActor_ModularCodeGenTypedCompositeActor.class
-rw-rw-r--   1 travis travis 11790 Apr  9 04:05 ModularCodeGen2_ModularCodeGenTypedCompositeActor_ModularCodeGenTypedCompositeActor.java
-rw-rw-r--   1 travis travis  1376 Apr  9 04:05 ModularCodeGen2_ModularCodeGenTypedCompositeActor_ModularCodeGenTypedCompositeActor.mk
-rw-rw-r--   1 travis travis  1421 Apr  9 04:05 ModularCodeGen2_ModularCodeGenTypedCompositeActor_ModularCodeGenTypedCompositeActor_profile.class
-rw-rw-r--   1 travis travis  1294 Apr  9 04:05 ModularCodeGen2_ModularCodeGenTypedCompositeActor_ModularCodeGenTypedCompositeActor_profile.java
-rw-rw-r--   1 travis travis   820 Apr  9 04:05 ModularCodeGen2_ModularCodeGenTypedCompositeActor_profile.class
-rw-rw-r--   1 travis travis   693 Apr  9 04:05 ModularCodeGen2_ModularCodeGenTypedCompositeActor_profile.java
-rw-rw-r--   1 travis travis  3741 Apr  9 04:05 ModularCodeGen3_A1_B1.class
-rw-rw-r--   1 travis travis  9958 Apr  9 04:05 ModularCodeGen3_A1_B1.java
-rw-rw-r--   1 travis travis   880 Apr  9 04:05 ModularCodeGen3_A1_B1.mk
-rw-rw-r--   1 travis travis  1330 Apr  9 04:05 ModularCodeGen3_A1_B1_profile.class
-rw-rw-r--   1 travis travis  1274 Apr  9 04:05 ModularCodeGen3_A1_B1_profile.java
-rw-rw-r--   1 travis travis  3741 Apr  9 04:05 ModularCodeGen3_A1_B2.class
-rw-rw-r--   1 travis travis  9958 Apr  9 04:05 ModularCodeGen3_A1_B2.java
-rw-rw-r--   1 travis travis   880 Apr  9 04:05 ModularCodeGen3_A1_B2.mk
-rw-rw-r--   1 travis travis  1330 Apr  9 04:05 ModularCodeGen3_A1_B2_profile.class
-rw-rw-r--   1 travis travis  1274 Apr  9 04:05 ModularCodeGen3_A1_B2_profile.java
-rw-rw-r--   1 travis travis  4961 Apr  9 04:05 ModularCodeGen3_A1.class
-rw-rw-r--   1 travis travis 15564 Apr  9 04:05 ModularCodeGen3_A1.java
-rw-rw-r--   1 travis travis   856 Apr  9 04:05 ModularCodeGen3_A1.mk
-rw-rw-r--   1 travis travis  1445 Apr  9 04:05 ModularCodeGen3_A1_profile.class
-rw-rw-r--   1 travis travis  1716 Apr  9 04:05 ModularCodeGen3_A1_profile.java
-rw-rw-r--   1 travis travis  3887 Apr  9 04:05 ModularCodeGen3_A2_B1.class
-rw-rw-r--   1 travis travis 10955 Apr  9 04:05 ModularCodeGen3_A2_B1.java
-rw-rw-r--   1 travis travis   880 Apr  9 04:05 ModularCodeGen3_A2_B1.mk
-rw-rw-r--   1 travis travis  1393 Apr  9 04:05 ModularCodeGen3_A2_B1_profile.class
-rw-rw-r--   1 travis travis  1458 Apr  9 04:05 ModularCodeGen3_A2_B1_profile.java
-rw-rw-r--   1 travis travis  3741 Apr  9 04:05 ModularCodeGen3_A2_B2.class
-rw-rw-r--   1 travis travis  9958 Apr  9 04:05 ModularCodeGen3_A2_B2.java
-rw-rw-r--   1 travis travis   880 Apr  9 04:05 ModularCodeGen3_A2_B2.mk
-rw-rw-r--   1 travis travis  1330 Apr  9 04:05 ModularCodeGen3_A2_B2_profile.class
-rw-rw-r--   1 travis travis  1274 Apr  9 04:05 ModularCodeGen3_A2_B2_profile.java
-rw-rw-r--   1 travis travis  5038 Apr  9 04:05 ModularCodeGen3_A2.class
-rw-rw-r--   1 travis travis 15957 Apr  9 04:05 ModularCodeGen3_A2.java
-rw-rw-r--   1 travis travis   856 Apr  9 04:05 ModularCodeGen3_A2.mk
-rw-rw-r--   1 travis travis  1445 Apr  9 04:05 ModularCodeGen3_A2_profile.class
-rw-rw-r--   1 travis travis  1716 Apr  9 04:05 ModularCodeGen3_A2_profile.java
-rw-rw-r--   1 travis travis  1273 Apr  9 04:05 ModularCodeGen4_A1_B1_profile.java
-rw-rw-r--   1 travis travis  3954 Apr  9 04:05 ModularCodeGen_ModularCodeGenTypedCompositeActor.class
-rw-rw-r--   1 travis travis 10970 Apr  9 04:05 ModularCodeGen_ModularCodeGenTypedCompositeActor.java
-rw-rw-r--   1 travis travis  1096 Apr  9 04:05 ModularCodeGen_ModularCodeGenTypedCompositeActor.mk
-rw-rw-r--   1 travis travis  1384 Apr  9 04:05 ModularCodeGen_ModularCodeGenTypedCompositeActor_profile.class
-rw-rw-r--   1 travis travis  1328 Apr  9 04:05 ModularCodeGen_ModularCodeGenTypedCompositeActor_profile.java
-rw-rw-r--   1 travis travis  3492 Apr  9 04:04 ModularCodeGenTest_A1_A2.class
-rw-rw-r--   1 travis travis   904 Apr  9 04:04 ModularCodeGenTest_A1_A2.mk
-rw-rw-r--   1 travis travis  1306 Apr  9 04:04 ModularCodeGenTest_A1_A2_profile.class
-rw-rw-r--   1 travis travis  3823 Apr  9 04:04 ModularCodeGenTest_A1.class
-rw-rw-r--   1 travis travis  9968 Apr  9 04:04 ModularCodeGenTest_A1.java
-rw-rw-r--   1 travis travis   880 Apr  9 04:04 ModularCodeGenTest_A1.mk
-rw-rw-r--   1 travis travis  1352 Apr  9 04:04 ModularCodeGenTest_A1_profile.class
-rw-rw-r--   1 travis travis  1394 Apr  9 04:04 ModularCodeGenTest_A1_profile.java
drwxrwxr-x   3 travis travis 36864 Apr  9 04:04 modulation2
drwxrwxr-x   3 travis travis 20480 Apr  9 04:01 Multiplexor
drwxrwxr-x 242 travis travis 12288 Apr  9 04:04 node_modules
drwxrwxr-x   3 travis travis 20480 Apr  9 04:01 PhaseUnwrap
-rw-rw-r--   1 travis travis   520 Apr  9 04:04 Repeat$_fireFunction_Repeat_Repeat$__f_sL_0.class
-rw-rw-r--   1 travis travis   522 Apr  9 04:04 Repeat$_fireFunction_Repeat_Repeat$__f_sL_10.class
-rw-rw-r--   1 travis travis   666 Apr  9 04:04 Repeat$_fireFunction_Repeat_Repeat$__f_sL_11.class
-rw-rw-r--   1 travis travis   522 Apr  9 04:04 Repeat$_fireFunction_Repeat_Repeat$__f_sL_13.class
-rw-rw-r--   1 travis travis   665 Apr  9 04:04 Repeat$_fireFunction_Repeat_Repeat$__f_sL_1.class
-rw-rw-r--   1 travis travis   520 Apr  9 04:04 Repeat$_fireFunction_Repeat_Repeat$__f_sL_2.class
-rw-rw-r--   1 travis travis   520 Apr  9 04:04 Repeat$_fireFunction_Repeat_Repeat$__f_sL_3.class
-rw-rw-r--   1 travis travis   520 Apr  9 04:04 Repeat$_fireFunction_Repeat_Repeat$__f_sL_5.class
-rw-rw-r--   1 travis travis   671 Apr  9 04:04 Repeat$_fireFunction_Repeat_Repeat$__f_sL_7.class
-rw-rw-r--   1 travis travis   520 Apr  9 04:04 Repeat$_fireFunction_Repeat_Repeat$__f_sL_9.class
-rw-rw-r--   1 travis travis   813 Apr  9 04:04 Repeat$_initialize_Repeat.class
-rw-rw-r--   1 travis travis   475 Apr  9 04:04 Repeat$_initialize_Repeat$__i_sL_0.class
-rw-rw-r--   1 travis travis   519 Apr  9 04:04 Repeat$_initialize_Repeat$__i_sL_3.class
-rw-rw-r--   1 travis travis 39778 Apr  9 04:04 Repeat.java
-rw-rw-r--   1 travis travis  1281 Apr  9 04:04 Repeat.mk
-rw-rw-r--   1 travis travis   520 Apr  9 04:04 Repeat$_preinitializeMethod_Repeat$__p_sL_0.class
-rw-rw-r--   1 travis travis   520 Apr  9 04:04 Repeat$_preinitializeMethod_Repeat$__p_sL_1.class
-rw-rw-r--   1 travis travis  1083 Apr  9 04:04 Repeat$_Repeat$_fireFunction_Repeat_AddSubtract_Repeat.class
-rw-rw-r--   1 travis travis   791 Apr  9 04:04 Repeat$_Repeat$_fireFunction_Repeat_AddSubtract_Repeat$__f_sL_0.class
-rw-rw-r--   1 travis travis   909 Apr  9 04:04 Repeat$_Repeat$_fireFunction_Repeat_AddSubtract_Repeat$__f_sL_1.class
-rw-rw-r--   1 travis travis   915 Apr  9 04:04 Repeat$_Repeat$_fireFunction_Repeat_AddSubtract_Repeat$__f_sL_2.class
-rw-rw-r--   1 travis travis   838 Apr  9 04:04 Repeat$_Repeat$_fireFunction_Repeat_Ramp2_Repeat$__f_sL_1.class
-rw-rw-r--   1 travis travis  1785 Apr  9 04:04 Repeat$_Repeat$_fireFunction_Repeat_Test_Repeat$__f_sL_2.class
-rw-rw-r--   1 travis travis   685 Apr  9 04:04 Repeat$_Repeat_SDF_Director_run_Repeat$__R_sL_0.class
-rw-rw-r--   1 travis travis   540 Apr  9 04:04 Repeat$_Repeat_SDF_Director_run_Repeat$__R_sL_1.class
-rw-rw-r--   1 travis travis   540 Apr  9 04:04 Repeat$_Repeat_SDF_Director_run_Repeat$__R_sL_2.class
-rw-rw-r--   1 travis travis   540 Apr  9 04:04 Repeat$_Repeat_SDF_Director_run_Repeat$__R_sL_4.class
-rw-rw-r--   1 travis travis   540 Apr  9 04:04 Repeat$_Repeat_SDF_Director_run_Repeat$__R_sL_5.class
-rw-rw-r--   1 travis travis   691 Apr  9 04:04 Repeat$_Repeat_SDF_Director_run_Repeat$__R_sL_6.class
-rw-rw-r--   1 travis travis   540 Apr  9 04:04 Repeat$_Repeat_SDF_Director_run_Repeat$__R_sL_7.class
-rw-rw-r--   1 travis travis   863 Apr  9 04:04 Repeat$_varinit_Repeat.class
-rw-rw-r--   1 travis travis   530 Apr  9 04:04 Repeat$_varinit_Repeat$__v_sL_1.class
-rw-rw-r--   1 travis travis   531 Apr  9 04:04 Repeat$_varinit_Repeat$__v_sL_2.class
-rw-rw-r--   1 travis travis   905 Apr  9 04:04 Repeat$_varinit_Repeat$__v_sL_4.class
-rw-rw-r--   1 travis travis   635 Apr  9 04:04 Repeat$_wrapup_Repeat.class
-rw-rw-r--   1 travis travis   965 Apr  9 04:04 Repeat$_wrapup_Repeat$__w_sL_1.class
-rw-rw-r--   1 travis travis   289 Apr  9 03:59 result.csv
drwxrwxr-x   3 travis travis 12288 Apr  9 04:02 Scrambler1
drwxrwxr-x   3 travis travis 20480 Apr  9 04:01 Sinewave2
drwxrwxr-x   3 travis travis 69632 Apr  9 04:02 StringCompare
drwxrwxr-x   3 travis travis 32768 Apr  9 04:02 StringFunction
drwxrwxr-x   3 travis travis 12288 Apr  9 04:03 StringLength
drwxrwxr-x   3 travis travis 57344 Apr  9 04:03 StringSimpleReplace
drwxrwxr-x   3 travis travis 12288 Apr  9 04:04 time2
drwxrwxr-x   3 travis travis 12288 Apr  9 04:04 time5
-rw-rw-r--   1 travis travis   432 Apr  9 04:05 Token.class
-rw-rw-r--   1 travis travis   251 Apr  9 04:05 Token.java
-rw-rw-r--   1 travis travis     0 Apr  9 04:04 top.
-rw-rw-r--   1 travis travis 20502 Apr  9 03:59 top.c
-rw-rw-r--   1 travis travis  3567 Apr  9 04:04 top.class
-rw-rw-r--   1 travis travis   169 Apr  9 03:59 top.html
-rw-rw-r--   1 travis travis  7552 Apr  9 04:04 top.java
-rw-rw-r--   1 travis travis 38888 Apr  9 03:59 top.o
drwxrwxr-x   3 travis travis 57344 Apr  9 04:02 UnaryMathFunction
All Done
Writing ModularCodeGen4_A1_B1.java in file:/home/travis/cg/ (10312 characters)
Reading "ptolemy/cg/kernel/generic/program/procedural/java/modular/makefile.in",
    writing "/home/travis/cg/ModularCodeGen4_A1_B1.mk"
Using ptolemy/cg/kernel/generic/program/procedural/java/modular/makefile.in
In "/home/travis/cg", about to execute:
    make -f ModularCodeGen4_A1_B1.mk
javac -classpath ".:.."    ModularCodeGen4_A1_B1.java
All Done
In "/home/travis/cg", about to execute:
    pwd
In "/home/travis/cg", about to execute:
    ls -l
/home/travis/cg
In "/home/travis/cg", about to execute:
    javac -classpath
.:/home/travis/build/icyphy/ptII:/home/travis/build/icyphy/ptII/lib/bsh-2.0b4.j
ar:/home/travis/build/icyphy/ptII/lib/ptCal.jar:/home/travis/build/icyphy/ptII/
lib/java_cup.jar:/home/travis/build/icyphy/ptII/lib/saxon8.jar:/home/travis/bui
ld/icyphy/ptII/lib/saxon8-dom.jar:/home/travis/build/icyphy/ptII/lib/chic.jar:/
home/travis/build/icyphy/ptII/lib/ptcolt.jar:/usr/lib/jvm/java-8-oracle/lib/too
ls.jar:/home/travis/build/icyphy/ptII/vendors/misc/itext/iText.jar:/home/travis
/build/icyphy/ptII/lib/g4ltl.jar:/home/travis/build/icyphy/ptII/lib/StructuralC
oder.jar:/home/travis/build/icyphy/ptII/vendors/jai-1_1_2_01/lib/jai_core.jar:/
home/travis/build/icyphy/ptII/vendors/jai-1_1_2_01/lib/jai_codec.jar:/home/trav
is/build/icyphy/ptII/lib/jcerti.jar:/home/travis/build/icyphy/ptII/lib/javax.ma
il.jar:/home/travis/build/icyphy/ptII/vendors/JMF-2.1.1e/lib/jmf.jar:/home/trav
is/build/icyphy/ptII/lib/jna-4.0.0-variadic.jar:/home/travis/build/icyphy/ptII/
vendors/misc/joystick/Joystick.jar:/home/travis/build/icyphy/ptII/lib/ptjacl.ja
r:/home/travis/build/icyphy/ptII/lib/jsoup-1.8.2.jar:/home/travis/build/icyphy/
ptII/lib/junit-4.8.2.jar:/home/travis/build/icyphy/ptII/lib/JUnitParams-0.4.0.j
ar:/home/travis/build/icyphy/ptII/ptolemy/actor/lib/excel/jxl.jar:/home/travis/
build/icyphy/ptII/lib/jython.jar:/home/travis/build/icyphy/ptII/lib/kieler.jar:
/home/travis/build/icyphy/ptII/vendors/opencv/share/OpenCV/java/opencv-341.jar:
/home/travis/build/icyphy/ptII/lib/oscP5.jar:/home/travis/build/icyphy/ptII/lib
/nrjavaserial-3.11.0.devel.jar:/home/travis/build/icyphy/ptII/vendors/j3d/lib/j
3dcore.jar:/home/travis/build/icyphy/ptII/vendors/j3d/lib/j3dutils.jar:/home/tr
avis/build/icyphy/ptII/vendors/j3d/lib/vecmath.jar:/home/travis/build/icyphy/pt
II/ptolemy/distributed/jini/jar/jini-core.jar:/home/travis/build/icyphy/ptII/pt
olemy/distributed/jini/jar/jini-ext.jar:/home/travis/build/icyphy/ptII/ptolemy/
distributed/jini/jar/sun-util.jar:/home/travis/build/icyphy/ptII/lib/protobuf-j
ava-2.4.1.jar:/home/travis/build/icyphy/ptII/lib/org.eclipse.paho.client.mqttv3
.jar:/home/travis/build/icyphy/ptII/lib/mapss.jar:/home/travis/build/icyphy/ptI
I/ptolemy/actor/ptalon/antlr/antlr.jar:/home/travis/build/icyphy/ptII/lib/JRI.j
ar:/home/travis/build/icyphy/ptII/lib/commons-lang-2.6.jar:/home/travis/build/i
cyphy/ptII/lib/commons-logging-1.1.1.jar:/home/travis/build/icyphy/ptII/lib/soo
tclasses.jar:/home/travis/build/icyphy/ptII/ptolemy/actor/lib/database/mysql-co
nnector-java-5.1.6-bin.jar:/home/travis/build/icyphy/ptII/vendors/misc/sphinx4/
sphinx4-data-5prealpha.jar:/home/travis/build/icyphy/ptII/vendors/misc/sphinx4/
sphinx4-core-5prealpha.jar:/home/travis/build/icyphy/ptII/lib/PDFRenderer.jar:/
home/travis/build/icyphy/ptII/lib/svgSalamander.jar:/home/travis/build/icyphy/p
tII/lib/rsyntaxtextarea-2.6.0-SNAPSHOT.jar:/home/travis/build/icyphy/ptII/lib/h
azelcast-3.8.2.jar:/home/travis/build/icyphy/ptII/lib/jackson-annotations-2.9.0
.jar:/home/travis/build/icyphy/ptII/lib/jackson-core-2.9.3.jar:/home/travis/bui
ld/icyphy/ptII/lib/jackson-databind-2.9.3.jar:/home/travis/build/icyphy/ptII/li
b/netty-buffer-4.1.19.Final.jar:/home/travis/build/icyphy/ptII/lib/netty-codec-
4.1.19.Final.jar:/home/travis/build/icyphy/ptII/lib/netty-codec-dns-4.1.19.Fina
l.jar:/home/travis/build/icyphy/ptII/lib/netty-codec-http-4.1.19.Final.jar:/hom
e/travis/build/icyphy/ptII/lib/netty-codec-http2-4.1.19.Final.jar:/home/travis/
build/icyphy/ptII/lib/netty-common-4.1.19.Final.jar:/home/travis/build/icyphy/p
tII/lib/netty-handler-4.1.19.Final.jar:/home/travis/build/icyphy/ptII/lib/netty
-resolver-4.1.19.Final.jar:/home/travis/build/icyphy/ptII/lib/netty-resolver-dn
s-4.1.19.Final.jar:/home/travis/build/icyphy/ptII/lib/netty-transport-4.1.19.Fi
nal.jar:/home/travis/build/icyphy/ptII/lib/vertx-codegen-3.5.1.jar:/home/travis
/build/icyphy/ptII/lib/vertx-core-3.5.2-SNAPSHOT.jar:/home/travis/build/icyphy/
ptII/lib/vertx-hazelcast-3.5.1.jar:/home/travis/build/icyphy/ptII/lib/vertx-lan
g-js-3.5.1.jar:/home/travis/build/icyphy/ptII/lib/vertx-service-proxy-3.5.1.jar
:/home/travis/build/icyphy/ptII/lib/vertx-web-3.5.1.jar:/home/travis/build/icyp
hy/ptII/lib/slf4j-api-1.7.13.jar:/home/travis/build/icyphy/ptII/lib/slf4j-simpl
e-1.7.13.jar:/home/travis/build/icyphy/ptII/lib/webcam-capture-0.3.12.jar:/home
/travis/build/icyphy/ptII/lib/bridj-0.7.0.jar:/home/travis/build/icyphy/ptII/li
b/xbjlib-1.1.0.nrjavaserial.jar:/home/travis/build/icyphy/ptII/ptolemy/moml/tes
t:/home/travis/build/icyphy/ptII/ant/lib/ant-launcher.jar:/home/travis/build/ic
yphy/ptII/ant/lib/ant.jar:/home/travis/build/icyphy/ptII/ant/lib/ant-junit.jar:
/home/travis/build/icyphy/ptII/ant/lib/ant-junit4.jar:/home/travis/build/icyphy
/ptII ModularCodeGen4_A1_B2_profile.java
total 1572
drwxrwxr-x   3 travis travis 12288 Apr  9 04:00 AbsoluteValue
drwxrwxr-x   3 travis travis 16384 Apr  9 04:00 Case1
drwxrwxr-x   3 travis travis 32768 Apr  9 04:00 Case2
-rw-rw-r--   1 travis travis  4895 Apr  9 04:04 CompiledCompositeActor_CompiledCompositeActor.class
-rw-rw-r--   1 travis travis  1592 Apr  9 04:04 CompiledCompositeActor_CompiledCompositeActor$_CompiledCompositeActor_CompiledCompositeActor.class
-rw-rw-r--   1 travis travis 13466 Apr  9 04:04 CompiledCompositeActor_CompiledCompositeActor.java
-rw-rw-r--   1 travis travis  1593 Apr  9 04:04 CompiledCompositeActor_CompiledCompositeActor.mk
drwxrwxr-x   3 travis travis 24576 Apr  9 04:02 DeScrambler
drwxrwxr-x   3 travis travis 16384 Apr  9 04:04 DotProduct
drwxrwxr-x   3 travis travis 12288 Apr  9 04:00 FileWriter1
drwxrwxr-x   3 travis travis 20480 Apr  9 04:00 FixToDoubleAndBack
drwxrwxr-x   3 travis travis 16384 Apr  9 04:00 Gaussian1
drwxrwxr-x   3 travis travis 20480 Apr  9 04:00 Gaussian2
-rw-rw-r--   1 travis travis  4457 Apr  9 04:04 JavaCompiledCompositeTest1_CompiledCompositeActor.class
-rw-rw-r--   1 travis travis 11637 Apr  9 04:04 JavaCompiledCompositeTest1_CompiledCompositeActor.java
-rw-rw-r--   1 travis travis  1198 Apr  9 04:04 JavaCompiledCompositeTest1_CompiledCompositeActor$_JavaCompiledCompositeTest1_CompiledCompositeActor.class
-rw-rw-r--   1 travis travis  1625 Apr  9 04:04 JavaCompiledCompositeTest1_CompiledCompositeActor.mk
-rw-rw-r--   1 travis travis  4888 Apr  9 04:04 JavaCompiledCompositeTest2_CompiledCompositeActor.class
-rw-rw-r--   1 travis travis 14919 Apr  9 04:04 JavaCompiledCompositeTest2_CompiledCompositeActor.java
-rw-rw-r--   1 travis travis  1793 Apr  9 04:04 JavaCompiledCompositeTest2_CompiledCompositeActor$_JavaCompiledCompositeTest2_CompiledCompositeActor.class
-rw-rw-r--   1 travis travis  1625 Apr  9 04:04 JavaCompiledCompositeTest2_CompiledCompositeActor.mk
-rw-rw-r--   1 travis travis  4505 Apr  9 04:04 JavaCompiledCompositeTest3_CompiledCompositeActor.class
-rw-rw-r--   1 travis travis 13080 Apr  9 04:04 JavaCompiledCompositeTest3_CompiledCompositeActor.java
-rw-rw-r--   1 travis travis  1378 Apr  9 04:04 JavaCompiledCompositeTest3_CompiledCompositeActor$_JavaCompiledCompositeTest3_CompiledCompositeActor.class
-rw-rw-r--   1 travis travis  1625 Apr  9 04:04 JavaCompiledCompositeTest3_CompiledCompositeActor.mk
-rw-rw-r--   1 travis travis  3953 Apr  9 04:04 JavaCompiledCompositeTest4_CompiledCompositeActor.class
-rw-rw-r--   1 travis travis  9687 Apr  9 04:04 JavaCompiledCompositeTest4_CompiledCompositeActor.java
-rw-rw-r--   1 travis travis   857 Apr  9 04:04 JavaCompiledCompositeTest4_CompiledCompositeActor$_JavaCompiledCompositeTest4_CompiledCompositeActor.class
-rw-rw-r--   1 travis travis  1625 Apr  9 04:04 JavaCompiledCompositeTest4_CompiledCompositeActor.mk
drwxrwxr-x   3 travis travis 12288 Apr  9 04:01 LookupTable
drwxrwxr-x   3 travis travis 20480 Apr  9 04:01 MaxIndex
-rw-rw-r--   1 travis travis  3693 Apr  9 04:04 ModularCG_A1_B1.class
-rw-rw-r--   1 travis travis  9730 Apr  9 04:04 ModularCG_A1_B1.java
-rw-rw-r--   1 travis travis   832 Apr  9 04:04 ModularCG_A1_B1.mk
-rw-rw-r--   1 travis travis  1318 Apr  9 04:04 ModularCG_A1_B1_profile.class
-rw-rw-r--   1 travis travis  1262 Apr  9 04:04 ModularCG_A1_B1_profile.java
-rw-rw-r--   1 travis travis  3693 Apr  9 04:04 ModularCG_A1_B2.class
-rw-rw-r--   1 travis travis  9730 Apr  9 04:04 ModularCG_A1_B2.java
-rw-rw-r--   1 travis travis   832 Apr  9 04:04 ModularCG_A1_B2.mk
-rw-rw-r--   1 travis travis  1318 Apr  9 04:04 ModularCG_A1_B2_profile.class
-rw-rw-r--   1 travis travis  1262 Apr  9 04:04 ModularCG_A1_B2_profile.java
-rw-rw-r--   1 travis travis  4799 Apr  9 04:04 ModularCG_A1.class
-rw-rw-r--   1 travis travis 14742 Apr  9 04:04 ModularCG_A1.java
-rw-rw-r--   1 travis travis   808 Apr  9 04:04 ModularCG_A1.mk
-rw-rw-r--   1 travis travis  1433 Apr  9 04:04 ModularCG_A1_profile.class
-rw-rw-r--   1 travis travis  1704 Apr  9 04:04 ModularCG_A1_profile.java
-rw-rw-r--   1 travis travis  3827 Apr  9 04:04 ModularCG_A2_B1.class
-rw-rw-r--   1 travis travis 10667 Apr  9 04:04 ModularCG_A2_B1.java
-rw-rw-r--   1 travis travis   832 Apr  9 04:04 ModularCG_A2_B1.mk
-rw-rw-r--   1 travis travis  1381 Apr  9 04:04 ModularCG_A2_B1_profile.class
-rw-rw-r--   1 travis travis  1446 Apr  9 04:04 ModularCG_A2_B1_profile.java
-rw-rw-r--   1 travis travis  3693 Apr  9 04:04 ModularCG_A2_B2.class
-rw-rw-r--   1 travis travis  9730 Apr  9 04:04 ModularCG_A2_B2.java
-rw-rw-r--   1 travis travis   832 Apr  9 04:04 ModularCG_A2_B2.mk
-rw-rw-r--   1 travis travis  1318 Apr  9 04:04 ModularCG_A2_B2_profile.class
-rw-rw-r--   1 travis travis  1262 Apr  9 04:04 ModularCG_A2_B2_profile.java
-rw-rw-r--   1 travis travis  4870 Apr  9 04:05 ModularCG_A2.class
-rw-rw-r--   1 travis travis 15129 Apr  9 04:05 ModularCG_A2.java
-rw-rw-r--   1 travis travis   808 Apr  9 04:05 ModularCG_A2.mk
-rw-rw-r--   1 travis travis  1433 Apr  9 04:05 ModularCG_A2_profile.class
-rw-rw-r--   1 travis travis  1704 Apr  9 04:04 ModularCG_A2_profile.java
-rw-rw-r--   1 travis travis  3473 Apr  9 04:05 ModularCGPubSub_A1_A2.class
-rw-rw-r--   1 travis travis  9076 Apr  9 04:05 ModularCGPubSub_A1_A2.java
-rw-rw-r--   1 travis travis   880 Apr  9 04:05 ModularCGPubSub_A1_A2.mk
-rw-rw-r--   1 travis travis  1300 Apr  9 04:05 ModularCGPubSub_A1_A2_profile.class
-rw-rw-r--   1 travis travis  1222 Apr  9 04:05 ModularCGPubSub_A1_A2_profile.java
-rw-rw-r--   1 travis travis  3790 Apr  9 04:05 ModularCGPubSub_A1.class
-rw-rw-r--   1 travis travis  9836 Apr  9 04:05 ModularCGPubSub_A1.java
-rw-rw-r--   1 travis travis   856 Apr  9 04:05 ModularCGPubSub_A1.mk
-rw-rw-r--   1 travis travis  1346 Apr  9 04:05 ModularCGPubSub_A1_profile.class
-rw-rw-r--   1 travis travis  1388 Apr  9 04:05 ModularCGPubSub_A1_profile.java
-rw-rw-r--   1 travis travis  3988 Apr  9 04:05 ModularCodeGen2_ModularCodeGenTypedCompositeActor.class
-rw-rw-r--   1 travis travis 11690 Apr  9 04:05 ModularCodeGen2_ModularCodeGenTypedCompositeActor.java
-rw-rw-r--   1 travis travis  1104 Apr  9 04:05 ModularCodeGen2_ModularCodeGenTypedCompositeActor.mk
-rw-rw-r--   1 travis travis  4272 Apr  9 04:05 ModularCodeGen2_ModularCodeGenTypedCompositeActor_ModularCodeGenTypedCompositeActor.class
-rw-rw-r--   1 travis travis 11790 Apr  9 04:05 ModularCodeGen2_ModularCodeGenTypedCompositeActor_ModularCodeGenTypedCompositeActor.java
-rw-rw-r--   1 travis travis  1376 Apr  9 04:05 ModularCodeGen2_ModularCodeGenTypedCompositeActor_ModularCodeGenTypedCompositeActor.mk
-rw-rw-r--   1 travis travis  1421 Apr  9 04:05 ModularCodeGen2_ModularCodeGenTypedCompositeActor_ModularCodeGenTypedCompositeActor_profile.class
-rw-rw-r--   1 travis travis  1294 Apr  9 04:05 ModularCodeGen2_ModularCodeGenTypedCompositeActor_ModularCodeGenTypedCompositeActor_profile.java
-rw-rw-r--   1 travis travis   820 Apr  9 04:05 ModularCodeGen2_ModularCodeGenTypedCompositeActor_profile.class
-rw-rw-r--   1 travis travis   693 Apr  9 04:05 ModularCodeGen2_ModularCodeGenTypedCompositeActor_profile.java
-rw-rw-r--   1 travis travis  3741 Apr  9 04:05 ModularCodeGen3_A1_B1.class
-rw-rw-r--   1 travis travis  9958 Apr  9 04:05 ModularCodeGen3_A1_B1.java
-rw-rw-r--   1 travis travis   880 Apr  9 04:05 ModularCodeGen3_A1_B1.mk
-rw-rw-r--   1 travis travis  1330 Apr  9 04:05 ModularCodeGen3_A1_B1_profile.class
-rw-rw-r--   1 travis travis  1274 Apr  9 04:05 ModularCodeGen3_A1_B1_profile.java
-rw-rw-r--   1 travis travis  3741 Apr  9 04:05 ModularCodeGen3_A1_B2.class
-rw-rw-r--   1 travis travis  9958 Apr  9 04:05 ModularCodeGen3_A1_B2.java
-rw-rw-r--   1 travis travis   880 Apr  9 04:05 ModularCodeGen3_A1_B2.mk
-rw-rw-r--   1 travis travis  1330 Apr  9 04:05 ModularCodeGen3_A1_B2_profile.class
-rw-rw-r--   1 travis travis  1274 Apr  9 04:05 ModularCodeGen3_A1_B2_profile.java
-rw-rw-r--   1 travis travis  4961 Apr  9 04:05 ModularCodeGen3_A1.class
-rw-rw-r--   1 travis travis 15564 Apr  9 04:05 ModularCodeGen3_A1.java
-rw-rw-r--   1 travis travis   856 Apr  9 04:05 ModularCodeGen3_A1.mk
-rw-rw-r--   1 travis travis  1445 Apr  9 04:05 ModularCodeGen3_A1_profile.class
-rw-rw-r--   1 travis travis  1716 Apr  9 04:05 ModularCodeGen3_A1_profile.java
-rw-rw-r--   1 travis travis  3887 Apr  9 04:05 ModularCodeGen3_A2_B1.class
-rw-rw-r--   1 travis travis 10955 Apr  9 04:05 ModularCodeGen3_A2_B1.java
-rw-rw-r--   1 travis travis   880 Apr  9 04:05 ModularCodeGen3_A2_B1.mk
-rw-rw-r--   1 travis travis  1393 Apr  9 04:05 ModularCodeGen3_A2_B1_profile.class
-rw-rw-r--   1 travis travis  1458 Apr  9 04:05 ModularCodeGen3_A2_B1_profile.java
-rw-rw-r--   1 travis travis  3741 Apr  9 04:05 ModularCodeGen3_A2_B2.class
-rw-rw-r--   1 travis travis  9958 Apr  9 04:05 ModularCodeGen3_A2_B2.java
-rw-rw-r--   1 travis travis   880 Apr  9 04:05 ModularCodeGen3_A2_B2.mk
-rw-rw-r--   1 travis travis  1330 Apr  9 04:05 ModularCodeGen3_A2_B2_profile.class
-rw-rw-r--   1 travis travis  1274 Apr  9 04:05 ModularCodeGen3_A2_B2_profile.java
-rw-rw-r--   1 travis travis  5038 Apr  9 04:05 ModularCodeGen3_A2.class
-rw-rw-r--   1 travis travis 15957 Apr  9 04:05 ModularCodeGen3_A2.java
-rw-rw-r--   1 travis travis   856 Apr  9 04:05 ModularCodeGen3_A2.mk
-rw-rw-r--   1 travis travis  1445 Apr  9 04:05 ModularCodeGen3_A2_profile.class
-rw-rw-r--   1 travis travis  1716 Apr  9 04:05 ModularCodeGen3_A2_profile.java
-rw-rw-r--   1 travis travis  3794 Apr  9 04:05 ModularCodeGen4_A1_B1.class
-rw-rw-r--   1 travis travis 10312 Apr  9 04:05 ModularCodeGen4_A1_B1.java
-rw-rw-r--   1 travis travis   880 Apr  9 04:05 ModularCodeGen4_A1_B1.mk
-rw-rw-r--   1 travis travis  1330 Apr  9 04:05 ModularCodeGen4_A1_B1_profile.class
-rw-rw-r--   1 travis travis  1273 Apr  9 04:05 ModularCodeGen4_A1_B1_profile.java
-rw-rw-r--   1 travis travis  1273 Apr  9 04:05 ModularCodeGen4_A1_B2_profile.java
-rw-rw-r--   1 travis travis  3954 Apr  9 04:05 ModularCodeGen_ModularCodeGenTypedCompositeActor.class
-rw-rw-r--   1 travis travis 10970 Apr  9 04:05 ModularCodeGen_ModularCodeGenTypedCompositeActor.java
-rw-rw-r--   1 travis travis  1096 Apr  9 04:05 ModularCodeGen_ModularCodeGenTypedCompositeActor.mk
-rw-rw-r--   1 travis travis  1384 Apr  9 04:05 ModularCodeGen_ModularCodeGenTypedCompositeActor_profile.class
-rw-rw-r--   1 travis travis  1328 Apr  9 04:05 ModularCodeGen_ModularCodeGenTypedCompositeActor_profile.java
-rw-rw-r--   1 travis travis  3492 Apr  9 04:04 ModularCodeGenTest_A1_A2.class
-rw-rw-r--   1 travis travis   904 Apr  9 04:04 ModularCodeGenTest_A1_A2.mk
-rw-rw-r--   1 travis travis  1306 Apr  9 04:04 ModularCodeGenTest_A1_A2_profile.class
-rw-rw-r--   1 travis travis  3823 Apr  9 04:04 ModularCodeGenTest_A1.class
-rw-rw-r--   1 travis travis  9968 Apr  9 04:04 ModularCodeGenTest_A1.java
-rw-rw-r--   1 travis travis   880 Apr  9 04:04 ModularCodeGenTest_A1.mk
-rw-rw-r--   1 travis travis  1352 Apr  9 04:04 ModularCodeGenTest_A1_profile.class
-rw-rw-r--   1 travis travis  1394 Apr  9 04:04 ModularCodeGenTest_A1_profile.java
drwxrwxr-x   3 travis travis 36864 Apr  9 04:04 modulation2
drwxrwxr-x   3 travis travis 20480 Apr  9 04:01 Multiplexor
drwxrwxr-x 242 travis travis 12288 Apr  9 04:04 node_modules
drwxrwxr-x   3 travis travis 20480 Apr  9 04:01 PhaseUnwrap
-rw-rw-r--   1 travis travis   520 Apr  9 04:04 Repeat$_fireFunction_Repeat_Repeat$__f_sL_0.class
-rw-rw-r--   1 travis travis   522 Apr  9 04:04 Repeat$_fireFunction_Repeat_Repeat$__f_sL_10.class
-rw-rw-r--   1 travis travis   666 Apr  9 04:04 Repeat$_fireFunction_Repeat_Repeat$__f_sL_11.class
-rw-rw-r--   1 travis travis   522 Apr  9 04:04 Repeat$_fireFunction_Repeat_Repeat$__f_sL_13.class
-rw-rw-r--   1 travis travis   665 Apr  9 04:04 Repeat$_fireFunction_Repeat_Repeat$__f_sL_1.class
-rw-rw-r--   1 travis travis   520 Apr  9 04:04 Repeat$_fireFunction_Repeat_Repeat$__f_sL_2.class
-rw-rw-r--   1 travis travis   520 Apr  9 04:04 Repeat$_fireFunction_Repeat_Repeat$__f_sL_3.class
-rw-rw-r--   1 travis travis   520 Apr  9 04:04 Repeat$_fireFunction_Repeat_Repeat$__f_sL_5.class
-rw-rw-r--   1 travis travis   671 Apr  9 04:04 Repeat$_fireFunction_Repeat_Repeat$__f_sL_7.class
-rw-rw-r--   1 travis travis   520 Apr  9 04:04 Repeat$_fireFunction_Repeat_Repeat$__f_sL_9.class
-rw-rw-r--   1 travis travis   813 Apr  9 04:04 Repeat$_initialize_Repeat.class
-rw-rw-r--   1 travis travis   475 Apr  9 04:04 Repeat$_initialize_Repeat$__i_sL_0.class
-rw-rw-r--   1 travis travis   519 Apr  9 04:04 Repeat$_initialize_Repeat$__i_sL_3.class
-rw-rw-r--   1 travis travis 39778 Apr  9 04:04 Repeat.java
-rw-rw-r--   1 travis travis  1281 Apr  9 04:04 Repeat.mk
-rw-rw-r--   1 travis travis   520 Apr  9 04:04 Repeat$_preinitializeMethod_Repeat$__p_sL_0.class
-rw-rw-r--   1 travis travis   520 Apr  9 04:04 Repeat$_preinitializeMethod_Repeat$__p_sL_1.class
-rw-rw-r--   1 travis travis  1083 Apr  9 04:04 Repeat$_Repeat$_fireFunction_Repeat_AddSubtract_Repeat.class
-rw-rw-r--   1 travis travis   791 Apr  9 04:04 Repeat$_Repeat$_fireFunction_Repeat_AddSubtract_Repeat$__f_sL_0.class
-rw-rw-r--   1 travis travis   909 Apr  9 04:04 Repeat$_Repeat$_fireFunction_Repeat_AddSubtract_Repeat$__f_sL_1.class
-rw-rw-r--   1 travis travis   915 Apr  9 04:04 Repeat$_Repeat$_fireFunction_Repeat_AddSubtract_Repeat$__f_sL_2.class
-rw-rw-r--   1 travis travis   838 Apr  9 04:04 Repeat$_Repeat$_fireFunction_Repeat_Ramp2_Repeat$__f_sL_1.class
-rw-rw-r--   1 travis travis  1785 Apr  9 04:04 Repeat$_Repeat$_fireFunction_Repeat_Test_Repeat$__f_sL_2.class
-rw-rw-r--   1 travis travis   685 Apr  9 04:04 Repeat$_Repeat_SDF_Director_run_Repeat$__R_sL_0.class
-rw-rw-r--   1 travis travis   540 Apr  9 04:04 Repeat$_Repeat_SDF_Director_run_Repeat$__R_sL_1.class
-rw-rw-r--   1 travis travis   540 Apr  9 04:04 Repeat$_Repeat_SDF_Director_run_Repeat$__R_sL_2.class
-rw-rw-r--   1 travis travis   540 Apr  9 04:04 Repeat$_Repeat_SDF_Director_run_Repeat$__R_sL_4.class
-rw-rw-r--   1 travis travis   540 Apr  9 04:04 Repeat$_Repeat_SDF_Director_run_Repeat$__R_sL_5.class
-rw-rw-r--   1 travis travis   691 Apr  9 04:04 Repeat$_Repeat_SDF_Director_run_Repeat$__R_sL_6.class
-rw-rw-r--   1 travis travis   540 Apr  9 04:04 Repeat$_Repeat_SDF_Director_run_Repeat$__R_sL_7.class
-rw-rw-r--   1 travis travis   863 Apr  9 04:04 Repeat$_varinit_Repeat.class
-rw-rw-r--   1 travis travis   530 Apr  9 04:04 Repeat$_varinit_Repeat$__v_sL_1.class
-rw-rw-r--   1 travis travis   531 Apr  9 04:04 Repeat$_varinit_Repeat$__v_sL_2.class
-rw-rw-r--   1 travis travis   905 Apr  9 04:04 Repeat$_varinit_Repeat$__v_sL_4.class
-rw-rw-r--   1 travis travis   635 Apr  9 04:04 Repeat$_wrapup_Repeat.class
-rw-rw-r--   1 travis travis   965 Apr  9 04:04 Repeat$_wrapup_Repeat$__w_sL_1.class
-rw-rw-r--   1 travis travis   289 Apr  9 03:59 result.csv
drwxrwxr-x   3 travis travis 12288 Apr  9 04:02 Scrambler1
drwxrwxr-x   3 travis travis 20480 Apr  9 04:01 Sinewave2
drwxrwxr-x   3 travis travis 69632 Apr  9 04:02 StringCompare
drwxrwxr-x   3 travis travis 32768 Apr  9 04:02 StringFunction
drwxrwxr-x   3 travis travis 12288 Apr  9 04:03 StringLength
drwxrwxr-x   3 travis travis 57344 Apr  9 04:03 StringSimpleReplace
drwxrwxr-x   3 travis travis 12288 Apr  9 04:04 time2
drwxrwxr-x   3 travis travis 12288 Apr  9 04:04 time5
-rw-rw-r--   1 travis travis   432 Apr  9 04:05 Token.class
-rw-rw-r--   1 travis travis   251 Apr  9 04:05 Token.java
-rw-rw-r--   1 travis travis     0 Apr  9 04:04 top.
-rw-rw-r--   1 travis travis 20502 Apr  9 03:59 top.c
-rw-rw-r--   1 travis travis  3567 Apr  9 04:04 top.class
-rw-rw-r--   1 travis travis   169 Apr  9 03:59 top.html
-rw-rw-r--   1 travis travis  7552 Apr  9 04:04 top.java
-rw-rw-r--   1 travis travis 38888 Apr  9 03:59 top.o
drwxrwxr-x   3 travis travis 57344 Apr  9 04:02 UnaryMathFunction
All Done
Writing ModularCodeGen4_A1_B2.java in file:/home/travis/cg/ (10312 characters)
Reading "ptolemy/cg/kernel/generic/program/procedural/java/modular/makefile.in",
    writing "/home/travis/cg/ModularCodeGen4_A1_B2.mk"
Using ptolemy/cg/kernel/generic/program/procedural/java/modular/makefile.in
In "/home/travis/cg", about to execute:
    make -f ModularCodeGen4_A1_B2.mk
javac -classpath ".:.."    ModularCodeGen4_A1_B2.java
All Done
In "/home/travis/cg", about to execute:
    pwd
/home/travis/cg
In "/home/travis/cg", about to execute:
    ls -l
In "/home/travis/cg", about to execute:
    javac -classpath
.:/home/travis/build/icyphy/ptII:/home/travis/build/icyphy/ptII/lib/bsh-2.0b4.j
ar:/home/travis/build/icyphy/ptII/lib/ptCal.jar:/home/travis/build/icyphy/ptII/
lib/java_cup.jar:/home/travis/build/icyphy/ptII/lib/saxon8.jar:/home/travis/bui
ld/icyphy/ptII/lib/saxon8-dom.jar:/home/travis/build/icyphy/ptII/lib/chic.jar:/
home/travis/build/icyphy/ptII/lib/ptcolt.jar:/usr/lib/jvm/java-8-oracle/lib/too
ls.jar:/home/travis/build/icyphy/ptII/vendors/misc/itext/iText.jar:/home/travis
/build/icyphy/ptII/lib/g4ltl.jar:/home/travis/build/icyphy/ptII/lib/StructuralC
oder.jar:/home/travis/build/icyphy/ptII/vendors/jai-1_1_2_01/lib/jai_core.jar:/
home/travis/build/icyphy/ptII/vendors/jai-1_1_2_01/lib/jai_codec.jar:/home/trav
is/build/icyphy/ptII/lib/jcerti.jar:/home/travis/build/icyphy/ptII/lib/javax.ma
il.jar:/home/travis/build/icyphy/ptII/vendors/JMF-2.1.1e/lib/jmf.jar:/home/trav
is/build/icyphy/ptII/lib/jna-4.0.0-variadic.jar:/home/travis/build/icyphy/ptII/
vendors/misc/joystick/Joystick.jar:/home/travis/build/icyphy/ptII/lib/ptjacl.ja
r:/home/travis/build/icyphy/ptII/lib/jsoup-1.8.2.jar:/home/travis/build/icyphy/
ptII/lib/junit-4.8.2.jar:/home/travis/build/icyphy/ptII/lib/JUnitParams-0.4.0.j
ar:/home/travis/build/icyphy/ptII/ptolemy/actor/lib/excel/jxl.jar:/home/travis/
build/icyphy/ptII/lib/jython.jar:/home/travis/build/icyphy/ptII/lib/kieler.jar:
/home/travis/build/icyphy/ptII/vendors/opencv/share/OpenCV/java/opencv-341.jar:
/home/travis/build/icyphy/ptII/lib/oscP5.jar:/home/travis/build/icyphy/ptII/lib
/nrjavaserial-3.11.0.devel.jar:/home/travis/build/icyphy/ptII/vendors/j3d/lib/j
3dcore.jar:/home/travis/build/icyphy/ptII/vendors/j3d/lib/j3dutils.jar:/home/tr
avis/build/icyphy/ptII/vendors/j3d/lib/vecmath.jar:/home/travis/build/icyphy/pt
II/ptolemy/distributed/jini/jar/jini-core.jar:/home/travis/build/icyphy/ptII/pt
olemy/distributed/jini/jar/jini-ext.jar:/home/travis/build/icyphy/ptII/ptolemy/
distributed/jini/jar/sun-util.jar:/home/travis/build/icyphy/ptII/lib/protobuf-j
ava-2.4.1.jar:/home/travis/build/icyphy/ptII/lib/org.eclipse.paho.client.mqttv3
.jar:/home/travis/build/icyphy/ptII/lib/mapss.jar:/home/travis/build/icyphy/ptI
I/ptolemy/actor/ptalon/antlr/antlr.jar:/home/travis/build/icyphy/ptII/lib/JRI.j
ar:/home/travis/build/icyphy/ptII/lib/commons-lang-2.6.jar:/home/travis/build/i
cyphy/ptII/lib/commons-logging-1.1.1.jar:/home/travis/build/icyphy/ptII/lib/soo
tclasses.jar:/home/travis/build/icyphy/ptII/ptolemy/actor/lib/database/mysql-co
nnector-java-5.1.6-bin.jar:/home/travis/build/icyphy/ptII/vendors/misc/sphinx4/
sphinx4-data-5prealpha.jar:/home/travis/build/icyphy/ptII/vendors/misc/sphinx4/
sphinx4-core-5prealpha.jar:/home/travis/build/icyphy/ptII/lib/PDFRenderer.jar:/
home/travis/build/icyphy/ptII/lib/svgSalamander.jar:/home/travis/build/icyphy/p
tII/lib/rsyntaxtextarea-2.6.0-SNAPSHOT.jar:/home/travis/build/icyphy/ptII/lib/h
azelcast-3.8.2.jar:/home/travis/build/icyphy/ptII/lib/jackson-annotations-2.9.0
.jar:/home/travis/build/icyphy/ptII/lib/jackson-core-2.9.3.jar:/home/travis/bui
ld/icyphy/ptII/lib/jackson-databind-2.9.3.jar:/home/travis/build/icyphy/ptII/li
b/netty-buffer-4.1.19.Final.jar:/home/travis/build/icyphy/ptII/lib/netty-codec-
4.1.19.Final.jar:/home/travis/build/icyphy/ptII/lib/netty-codec-dns-4.1.19.Fina
l.jar:/home/travis/build/icyphy/ptII/lib/netty-codec-http-4.1.19.Final.jar:/hom
e/travis/build/icyphy/ptII/lib/netty-codec-http2-4.1.19.Final.jar:/home/travis/
build/icyphy/ptII/lib/netty-common-4.1.19.Final.jar:/home/travis/build/icyphy/p
tII/lib/netty-handler-4.1.19.Final.jar:/home/travis/build/icyphy/ptII/lib/netty
-resolver-4.1.19.Final.jar:/home/travis/build/icyphy/ptII/lib/netty-resolver-dn
s-4.1.19.Final.jar:/home/travis/build/icyphy/ptII/lib/netty-transport-4.1.19.Fi
nal.jar:/home/travis/build/icyphy/ptII/lib/vertx-codegen-3.5.1.jar:/home/travis
/build/icyphy/ptII/lib/vertx-core-3.5.2-SNAPSHOT.jar:/home/travis/build/icyphy/
ptII/lib/vertx-hazelcast-3.5.1.jar:/home/travis/build/icyphy/ptII/lib/vertx-lan
g-js-3.5.1.jar:/home/travis/build/icyphy/ptII/lib/vertx-service-proxy-3.5.1.jar
:/home/travis/build/icyphy/ptII/lib/vertx-web-3.5.1.jar:/home/travis/build/icyp
hy/ptII/lib/slf4j-api-1.7.13.jar:/home/travis/build/icyphy/ptII/lib/slf4j-simpl
e-1.7.13.jar:/home/travis/build/icyphy/ptII/lib/webcam-capture-0.3.12.jar:/home
/travis/build/icyphy/ptII/lib/bridj-0.7.0.jar:/home/travis/build/icyphy/ptII/li
b/xbjlib-1.1.0.nrjavaserial.jar:/home/travis/build/icyphy/ptII/ptolemy/moml/tes
t:/home/travis/build/icyphy/ptII/ant/lib/ant-launcher.jar:/home/travis/build/ic
yphy/ptII/ant/lib/ant.jar:/home/travis/build/icyphy/ptII/ant/lib/ant-junit.jar:
/home/travis/build/icyphy/ptII/ant/lib/ant-junit4.jar:/home/travis/build/icyphy
/ptII ModularCodeGen4_A1_profile.java
total 1600
drwxrwxr-x   3 travis travis 12288 Apr  9 04:00 AbsoluteValue
drwxrwxr-x   3 travis travis 16384 Apr  9 04:00 Case1
drwxrwxr-x   3 travis travis 32768 Apr  9 04:00 Case2
-rw-rw-r--   1 travis travis  4895 Apr  9 04:04 CompiledCompositeActor_CompiledCompositeActor.class
-rw-rw-r--   1 travis travis  1592 Apr  9 04:04 CompiledCompositeActor_CompiledCompositeActor$_CompiledCompositeActor_CompiledCompositeActor.class
-rw-rw-r--   1 travis travis 13466 Apr  9 04:04 CompiledCompositeActor_CompiledCompositeActor.java
-rw-rw-r--   1 travis travis  1593 Apr  9 04:04 CompiledCompositeActor_CompiledCompositeActor.mk
drwxrwxr-x   3 travis travis 24576 Apr  9 04:02 DeScrambler
drwxrwxr-x   3 travis travis 16384 Apr  9 04:04 DotProduct
drwxrwxr-x   3 travis travis 12288 Apr  9 04:00 FileWriter1
drwxrwxr-x   3 travis travis 20480 Apr  9 04:00 FixToDoubleAndBack
drwxrwxr-x   3 travis travis 16384 Apr  9 04:00 Gaussian1
drwxrwxr-x   3 travis travis 20480 Apr  9 04:00 Gaussian2
-rw-rw-r--   1 travis travis  4457 Apr  9 04:04 JavaCompiledCompositeTest1_CompiledCompositeActor.class
-rw-rw-r--   1 travis travis 11637 Apr  9 04:04 JavaCompiledCompositeTest1_CompiledCompositeActor.java
-rw-rw-r--   1 travis travis  1198 Apr  9 04:04 JavaCompiledCompositeTest1_CompiledCompositeActor$_JavaCompiledCompositeTest1_CompiledCompositeActor.class
-rw-rw-r--   1 travis travis  1625 Apr  9 04:04 JavaCompiledCompositeTest1_CompiledCompositeActor.mk
-rw-rw-r--   1 travis travis  4888 Apr  9 04:04 JavaCompiledCompositeTest2_CompiledCompositeActor.class
-rw-rw-r--   1 travis travis 14919 Apr  9 04:04 JavaCompiledCompositeTest2_CompiledCompositeActor.java
-rw-rw-r--   1 travis travis  1793 Apr  9 04:04 JavaCompiledCompositeTest2_CompiledCompositeActor$_JavaCompiledCompositeTest2_CompiledCompositeActor.class
-rw-rw-r--   1 travis travis  1625 Apr  9 04:04 JavaCompiledCompositeTest2_CompiledCompositeActor.mk
-rw-rw-r--   1 travis travis  4505 Apr  9 04:04 JavaCompiledCompositeTest3_CompiledCompositeActor.class
-rw-rw-r--   1 travis travis 13080 Apr  9 04:04 JavaCompiledCompositeTest3_CompiledCompositeActor.java
-rw-rw-r--   1 travis travis  1378 Apr  9 04:04 JavaCompiledCompositeTest3_CompiledCompositeActor$_JavaCompiledCompositeTest3_CompiledCompositeActor.class
-rw-rw-r--   1 travis travis  1625 Apr  9 04:04 JavaCompiledCompositeTest3_CompiledCompositeActor.mk
-rw-rw-r--   1 travis travis  3953 Apr  9 04:04 JavaCompiledCompositeTest4_CompiledCompositeActor.class
-rw-rw-r--   1 travis travis  9687 Apr  9 04:04 JavaCompiledCompositeTest4_CompiledCompositeActor.java
-rw-rw-r--   1 travis travis   857 Apr  9 04:04 JavaCompiledCompositeTest4_CompiledCompositeActor$_JavaCompiledCompositeTest4_CompiledCompositeActor.class
-rw-rw-r--   1 travis travis  1625 Apr  9 04:04 JavaCompiledCompositeTest4_CompiledCompositeActor.mk
drwxrwxr-x   3 travis travis 12288 Apr  9 04:01 LookupTable
drwxrwxr-x   3 travis travis 20480 Apr  9 04:01 MaxIndex
-rw-rw-r--   1 travis travis  3693 Apr  9 04:04 ModularCG_A1_B1.class
-rw-rw-r--   1 travis travis  9730 Apr  9 04:04 ModularCG_A1_B1.java
-rw-rw-r--   1 travis travis   832 Apr  9 04:04 ModularCG_A1_B1.mk
-rw-rw-r--   1 travis travis  1318 Apr  9 04:04 ModularCG_A1_B1_profile.class
-rw-rw-r--   1 travis travis  1262 Apr  9 04:04 ModularCG_A1_B1_profile.java
-rw-rw-r--   1 travis travis  3693 Apr  9 04:04 ModularCG_A1_B2.class
-rw-rw-r--   1 travis travis  9730 Apr  9 04:04 ModularCG_A1_B2.java
-rw-rw-r--   1 travis travis   832 Apr  9 04:04 ModularCG_A1_B2.mk
-rw-rw-r--   1 travis travis  1318 Apr  9 04:04 ModularCG_A1_B2_profile.class
-rw-rw-r--   1 travis travis  1262 Apr  9 04:04 ModularCG_A1_B2_profile.java
-rw-rw-r--   1 travis travis  4799 Apr  9 04:04 ModularCG_A1.class
-rw-rw-r--   1 travis travis 14742 Apr  9 04:04 ModularCG_A1.java
-rw-rw-r--   1 travis travis   808 Apr  9 04:04 ModularCG_A1.mk
-rw-rw-r--   1 travis travis  1433 Apr  9 04:04 ModularCG_A1_profile.class
-rw-rw-r--   1 travis travis  1704 Apr  9 04:04 ModularCG_A1_profile.java
-rw-rw-r--   1 travis travis  3827 Apr  9 04:04 ModularCG_A2_B1.class
-rw-rw-r--   1 travis travis 10667 Apr  9 04:04 ModularCG_A2_B1.java
-rw-rw-r--   1 travis travis   832 Apr  9 04:04 ModularCG_A2_B1.mk
-rw-rw-r--   1 travis travis  1381 Apr  9 04:04 ModularCG_A2_B1_profile.class
-rw-rw-r--   1 travis travis  1446 Apr  9 04:04 ModularCG_A2_B1_profile.java
-rw-rw-r--   1 travis travis  3693 Apr  9 04:04 ModularCG_A2_B2.class
-rw-rw-r--   1 travis travis  9730 Apr  9 04:04 ModularCG_A2_B2.java
-rw-rw-r--   1 travis travis   832 Apr  9 04:04 ModularCG_A2_B2.mk
-rw-rw-r--   1 travis travis  1318 Apr  9 04:04 ModularCG_A2_B2_profile.class
-rw-rw-r--   1 travis travis  1262 Apr  9 04:04 ModularCG_A2_B2_profile.java
-rw-rw-r--   1 travis travis  4870 Apr  9 04:05 ModularCG_A2.class
-rw-rw-r--   1 travis travis 15129 Apr  9 04:05 ModularCG_A2.java
-rw-rw-r--   1 travis travis   808 Apr  9 04:05 ModularCG_A2.mk
-rw-rw-r--   1 travis travis  1433 Apr  9 04:05 ModularCG_A2_profile.class
-rw-rw-r--   1 travis travis  1704 Apr  9 04:04 ModularCG_A2_profile.java
-rw-rw-r--   1 travis travis  3473 Apr  9 04:05 ModularCGPubSub_A1_A2.class
-rw-rw-r--   1 travis travis  9076 Apr  9 04:05 ModularCGPubSub_A1_A2.java
-rw-rw-r--   1 travis travis   880 Apr  9 04:05 ModularCGPubSub_A1_A2.mk
-rw-rw-r--   1 travis travis  1300 Apr  9 04:05 ModularCGPubSub_A1_A2_profile.class
-rw-rw-r--   1 travis travis  1222 Apr  9 04:05 ModularCGPubSub_A1_A2_profile.java
-rw-rw-r--   1 travis travis  3790 Apr  9 04:05 ModularCGPubSub_A1.class
-rw-rw-r--   1 travis travis  9836 Apr  9 04:05 ModularCGPubSub_A1.java
-rw-rw-r--   1 travis travis   856 Apr  9 04:05 ModularCGPubSub_A1.mk
-rw-rw-r--   1 travis travis  1346 Apr  9 04:05 ModularCGPubSub_A1_profile.class
-rw-rw-r--   1 travis travis  1388 Apr  9 04:05 ModularCGPubSub_A1_profile.java
-rw-rw-r--   1 travis travis  3988 Apr  9 04:05 ModularCodeGen2_ModularCodeGenTypedCompositeActor.class
-rw-rw-r--   1 travis travis 11690 Apr  9 04:05 ModularCodeGen2_ModularCodeGenTypedCompositeActor.java
-rw-rw-r--   1 travis travis  1104 Apr  9 04:05 ModularCodeGen2_ModularCodeGenTypedCompositeActor.mk
-rw-rw-r--   1 travis travis  4272 Apr  9 04:05 ModularCodeGen2_ModularCodeGenTypedCompositeActor_ModularCodeGenTypedCompositeActor.class
-rw-rw-r--   1 travis travis 11790 Apr  9 04:05 ModularCodeGen2_ModularCodeGenTypedCompositeActor_ModularCodeGenTypedCompositeActor.java
-rw-rw-r--   1 travis travis  1376 Apr  9 04:05 ModularCodeGen2_ModularCodeGenTypedCompositeActor_ModularCodeGenTypedCompositeActor.mk
-rw-rw-r--   1 travis travis  1421 Apr  9 04:05 ModularCodeGen2_ModularCodeGenTypedCompositeActor_ModularCodeGenTypedCompositeActor_profile.class
-rw-rw-r--   1 travis travis  1294 Apr  9 04:05 ModularCodeGen2_ModularCodeGenTypedCompositeActor_ModularCodeGenTypedCompositeActor_profile.java
-rw-rw-r--   1 travis travis   820 Apr  9 04:05 ModularCodeGen2_ModularCodeGenTypedCompositeActor_profile.class
-rw-rw-r--   1 travis travis   693 Apr  9 04:05 ModularCodeGen2_ModularCodeGenTypedCompositeActor_profile.java
-rw-rw-r--   1 travis travis  3741 Apr  9 04:05 ModularCodeGen3_A1_B1.class
-rw-rw-r--   1 travis travis  9958 Apr  9 04:05 ModularCodeGen3_A1_B1.java
-rw-rw-r--   1 travis travis   880 Apr  9 04:05 ModularCodeGen3_A1_B1.mk
-rw-rw-r--   1 travis travis  1330 Apr  9 04:05 ModularCodeGen3_A1_B1_profile.class
-rw-rw-r--   1 travis travis  1274 Apr  9 04:05 ModularCodeGen3_A1_B1_profile.java
-rw-rw-r--   1 travis travis  3741 Apr  9 04:05 ModularCodeGen3_A1_B2.class
-rw-rw-r--   1 travis travis  9958 Apr  9 04:05 ModularCodeGen3_A1_B2.java
-rw-rw-r--   1 travis travis   880 Apr  9 04:05 ModularCodeGen3_A1_B2.mk
-rw-rw-r--   1 travis travis  1330 Apr  9 04:05 ModularCodeGen3_A1_B2_profile.class
-rw-rw-r--   1 travis travis  1274 Apr  9 04:05 ModularCodeGen3_A1_B2_profile.java
-rw-rw-r--   1 travis travis  4961 Apr  9 04:05 ModularCodeGen3_A1.class
-rw-rw-r--   1 travis travis 15564 Apr  9 04:05 ModularCodeGen3_A1.java
-rw-rw-r--   1 travis travis   856 Apr  9 04:05 ModularCodeGen3_A1.mk
-rw-rw-r--   1 travis travis  1445 Apr  9 04:05 ModularCodeGen3_A1_profile.class
-rw-rw-r--   1 travis travis  1716 Apr  9 04:05 ModularCodeGen3_A1_profile.java
-rw-rw-r--   1 travis travis  3887 Apr  9 04:05 ModularCodeGen3_A2_B1.class
-rw-rw-r--   1 travis travis 10955 Apr  9 04:05 ModularCodeGen3_A2_B1.java
-rw-rw-r--   1 travis travis   880 Apr  9 04:05 ModularCodeGen3_A2_B1.mk
-rw-rw-r--   1 travis travis  1393 Apr  9 04:05 ModularCodeGen3_A2_B1_profile.class
-rw-rw-r--   1 travis travis  1458 Apr  9 04:05 ModularCodeGen3_A2_B1_profile.java
-rw-rw-r--   1 travis travis  3741 Apr  9 04:05 ModularCodeGen3_A2_B2.class
-rw-rw-r--   1 travis travis  9958 Apr  9 04:05 ModularCodeGen3_A2_B2.java
-rw-rw-r--   1 travis travis   880 Apr  9 04:05 ModularCodeGen3_A2_B2.mk
-rw-rw-r--   1 travis travis  1330 Apr  9 04:05 ModularCodeGen3_A2_B2_profile.class
-rw-rw-r--   1 travis travis  1274 Apr  9 04:05 ModularCodeGen3_A2_B2_profile.java
-rw-rw-r--   1 travis travis  5038 Apr  9 04:05 ModularCodeGen3_A2.class
-rw-rw-r--   1 travis travis 15957 Apr  9 04:05 ModularCodeGen3_A2.java
-rw-rw-r--   1 travis travis   856 Apr  9 04:05 ModularCodeGen3_A2.mk
-rw-rw-r--   1 travis travis  1445 Apr  9 04:05 ModularCodeGen3_A2_profile.class
-rw-rw-r--   1 travis travis  1716 Apr  9 04:05 ModularCodeGen3_A2_profile.java
-rw-rw-r--   1 travis travis  3794 Apr  9 04:05 ModularCodeGen4_A1_B1.class
-rw-rw-r--   1 travis travis 10312 Apr  9 04:05 ModularCodeGen4_A1_B1.java
-rw-rw-r--   1 travis travis   880 Apr  9 04:05 ModularCodeGen4_A1_B1.mk
-rw-rw-r--   1 travis travis  1330 Apr  9 04:05 ModularCodeGen4_A1_B1_profile.class
-rw-rw-r--   1 travis travis  1273 Apr  9 04:05 ModularCodeGen4_A1_B1_profile.java
-rw-rw-r--   1 travis travis  3794 Apr  9 04:05 ModularCodeGen4_A1_B2.class
-rw-rw-r--   1 travis travis 10312 Apr  9 04:05 ModularCodeGen4_A1_B2.java
-rw-rw-r--   1 travis travis   880 Apr  9 04:05 ModularCodeGen4_A1_B2.mk
-rw-rw-r--   1 travis travis  1330 Apr  9 04:05 ModularCodeGen4_A1_B2_profile.class
-rw-rw-r--   1 travis travis  1273 Apr  9 04:05 ModularCodeGen4_A1_B2_profile.java
-rw-rw-r--   1 travis travis  1712 Apr  9 04:05 ModularCodeGen4_A1_profile.java
-rw-rw-r--   1 travis travis  3954 Apr  9 04:05 ModularCodeGen_ModularCodeGenTypedCompositeActor.class
-rw-rw-r--   1 travis travis 10970 Apr  9 04:05 ModularCodeGen_ModularCodeGenTypedCompositeActor.java
-rw-rw-r--   1 travis travis  1096 Apr  9 04:05 ModularCodeGen_ModularCodeGenTypedCompositeActor.mk
-rw-rw-r--   1 travis travis  1384 Apr  9 04:05 ModularCodeGen_ModularCodeGenTypedCompositeActor_profile.class
-rw-rw-r--   1 travis travis  1328 Apr  9 04:05 ModularCodeGen_ModularCodeGenTypedCompositeActor_profile.java
-rw-rw-r--   1 travis travis  3492 Apr  9 04:04 ModularCodeGenTest_A1_A2.class
-rw-rw-r--   1 travis travis   904 Apr  9 04:04 ModularCodeGenTest_A1_A2.mk
-rw-rw-r--   1 travis travis  1306 Apr  9 04:04 ModularCodeGenTest_A1_A2_profile.class
-rw-rw-r--   1 travis travis  3823 Apr  9 04:04 ModularCodeGenTest_A1.class
-rw-rw-r--   1 travis travis  9968 Apr  9 04:04 ModularCodeGenTest_A1.java
-rw-rw-r--   1 travis travis   880 Apr  9 04:04 ModularCodeGenTest_A1.mk
-rw-rw-r--   1 travis travis  1352 Apr  9 04:04 ModularCodeGenTest_A1_profile.class
-rw-rw-r--   1 travis travis  1394 Apr  9 04:04 ModularCodeGenTest_A1_profile.java
drwxrwxr-x   3 travis travis 36864 Apr  9 04:04 modulation2
drwxrwxr-x   3 travis travis 20480 Apr  9 04:01 Multiplexor
drwxrwxr-x 242 travis travis 12288 Apr  9 04:04 node_modules
drwxrwxr-x   3 travis travis 20480 Apr  9 04:01 PhaseUnwrap
-rw-rw-r--   1 travis travis   520 Apr  9 04:04 Repeat$_fireFunction_Repeat_Repeat$__f_sL_0.class
-rw-rw-r--   1 travis travis   522 Apr  9 04:04 Repeat$_fireFunction_Repeat_Repeat$__f_sL_10.class
-rw-rw-r--   1 travis travis   666 Apr  9 04:04 Repeat$_fireFunction_Repeat_Repeat$__f_sL_11.class
-rw-rw-r--   1 travis travis   522 Apr  9 04:04 Repeat$_fireFunction_Repeat_Repeat$__f_sL_13.class
-rw-rw-r--   1 travis travis   665 Apr  9 04:04 Repeat$_fireFunction_Repeat_Repeat$__f_sL_1.class
-rw-rw-r--   1 travis travis   520 Apr  9 04:04 Repeat$_fireFunction_Repeat_Repeat$__f_sL_2.class
-rw-rw-r--   1 travis travis   520 Apr  9 04:04 Repeat$_fireFunction_Repeat_Repeat$__f_sL_3.class
-rw-rw-r--   1 travis travis   520 Apr  9 04:04 Repeat$_fireFunction_Repeat_Repeat$__f_sL_5.class
-rw-rw-r--   1 travis travis   671 Apr  9 04:04 Repeat$_fireFunction_Repeat_Repeat$__f_sL_7.class
-rw-rw-r--   1 travis travis   520 Apr  9 04:04 Repeat$_fireFunction_Repeat_Repeat$__f_sL_9.class
-rw-rw-r--   1 travis travis   813 Apr  9 04:04 Repeat$_initialize_Repeat.class
-rw-rw-r--   1 travis travis   475 Apr  9 04:04 Repeat$_initialize_Repeat$__i_sL_0.class
-rw-rw-r--   1 travis travis   519 Apr  9 04:04 Repeat$_initialize_Repeat$__i_sL_3.class
-rw-rw-r--   1 travis travis 39778 Apr  9 04:04 Repeat.java
-rw-rw-r--   1 travis travis  1281 Apr  9 04:04 Repeat.mk
-rw-rw-r--   1 travis travis   520 Apr  9 04:04 Repeat$_preinitializeMethod_Repeat$__p_sL_0.class
-rw-rw-r--   1 travis travis   520 Apr  9 04:04 Repeat$_preinitializeMethod_Repeat$__p_sL_1.class
-rw-rw-r--   1 travis travis  1083 Apr  9 04:04 Repeat$_Repeat$_fireFunction_Repeat_AddSubtract_Repeat.class
-rw-rw-r--   1 travis travis   791 Apr  9 04:04 Repeat$_Repeat$_fireFunction_Repeat_AddSubtract_Repeat$__f_sL_0.class
-rw-rw-r--   1 travis travis   909 Apr  9 04:04 Repeat$_Repeat$_fireFunction_Repeat_AddSubtract_Repeat$__f_sL_1.class
-rw-rw-r--   1 travis travis   915 Apr  9 04:04 Repeat$_Repeat$_fireFunction_Repeat_AddSubtract_Repeat$__f_sL_2.class
-rw-rw-r--   1 travis travis   838 Apr  9 04:04 Repeat$_Repeat$_fireFunction_Repeat_Ramp2_Repeat$__f_sL_1.class
-rw-rw-r--   1 travis travis  1785 Apr  9 04:04 Repeat$_Repeat$_fireFunction_Repeat_Test_Repeat$__f_sL_2.class
-rw-rw-r--   1 travis travis   685 Apr  9 04:04 Repeat$_Repeat_SDF_Director_run_Repeat$__R_sL_0.class
-rw-rw-r--   1 travis travis   540 Apr  9 04:04 Repeat$_Repeat_SDF_Director_run_Repeat$__R_sL_1.class
-rw-rw-r--   1 travis travis   540 Apr  9 04:04 Repeat$_Repeat_SDF_Director_run_Repeat$__R_sL_2.class
-rw-rw-r--   1 travis travis   540 Apr  9 04:04 Repeat$_Repeat_SDF_Director_run_Repeat$__R_sL_4.class
-rw-rw-r--   1 travis travis   540 Apr  9 04:04 Repeat$_Repeat_SDF_Director_run_Repeat$__R_sL_5.class
-rw-rw-r--   1 travis travis   691 Apr  9 04:04 Repeat$_Repeat_SDF_Director_run_Repeat$__R_sL_6.class
-rw-rw-r--   1 travis travis   540 Apr  9 04:04 Repeat$_Repeat_SDF_Director_run_Repeat$__R_sL_7.class
-rw-rw-r--   1 travis travis   863 Apr  9 04:04 Repeat$_varinit_Repeat.class
-rw-rw-r--   1 travis travis   530 Apr  9 04:04 Repeat$_varinit_Repeat$__v_sL_1.class
-rw-rw-r--   1 travis travis   531 Apr  9 04:04 Repeat$_varinit_Repeat$__v_sL_2.class
-rw-rw-r--   1 travis travis   905 Apr  9 04:04 Repeat$_varinit_Repeat$__v_sL_4.class
-rw-rw-r--   1 travis travis   635 Apr  9 04:04 Repeat$_wrapup_Repeat.class
-rw-rw-r--   1 travis travis   965 Apr  9 04:04 Repeat$_wrapup_Repeat$__w_sL_1.class
-rw-rw-r--   1 travis travis   289 Apr  9 03:59 result.csv
drwxrwxr-x   3 travis travis 12288 Apr  9 04:02 Scrambler1
drwxrwxr-x   3 travis travis 20480 Apr  9 04:01 Sinewave2
drwxrwxr-x   3 travis travis 69632 Apr  9 04:02 StringCompare
drwxrwxr-x   3 travis travis 32768 Apr  9 04:02 StringFunction
drwxrwxr-x   3 travis travis 12288 Apr  9 04:03 StringLength
drwxrwxr-x   3 travis travis 57344 Apr  9 04:03 StringSimpleReplace
drwxrwxr-x   3 travis travis 12288 Apr  9 04:04 time2
drwxrwxr-x   3 travis travis 12288 Apr  9 04:04 time5
-rw-rw-r--   1 travis travis   432 Apr  9 04:05 Token.class
-rw-rw-r--   1 travis travis   251 Apr  9 04:05 Token.java
-rw-rw-r--   1 travis travis     0 Apr  9 04:04 top.
-rw-rw-r--   1 travis travis 20502 Apr  9 03:59 top.c
-rw-rw-r--   1 travis travis  3567 Apr  9 04:04 top.class
-rw-rw-r--   1 travis travis   169 Apr  9 03:59 top.html
-rw-rw-r--   1 travis travis  7552 Apr  9 04:04 top.java
-rw-rw-r--   1 travis travis 38888 Apr  9 03:59 top.o
drwxrwxr-x   3 travis travis 57344 Apr  9 04:02 UnaryMathFunction
All Done
Writing ModularCodeGen4_A1.java in file:/home/travis/cg/ (16245 characters)
Reading "ptolemy/cg/kernel/generic/program/procedural/java/modular/makefile.in",
    writing "/home/travis/cg/ModularCodeGen4_A1.mk"
Using ptolemy/cg/kernel/generic/program/procedural/java/modular/makefile.in
In "/home/travis/cg", about to execute:
    make -f ModularCodeGen4_A1.mk
javac -classpath ".:.."    ModularCodeGen4_A1.java
All Done
In "/home/travis/cg", about to execute:
    pwd
/home/travis/cg
In "/home/travis/cg", about to execute:
    ls -l
total 1636
drwxrwxr-x   3 travis travis 12288 Apr  9 04:00 AbsoluteValue
drwxrwxr-x   3 travis travis 16384 Apr  9 04:00 Case1
drwxrwxr-x   3 travis travis 32768 Apr  9 04:00 Case2
-rw-rw-r--   1 travis travis  4895 Apr  9 04:04 CompiledCompositeActor_CompiledCompositeActor.class
-rw-rw-r--   1 travis travis  1592 Apr  9 04:04 CompiledCompositeActor_CompiledCompositeActor$_CompiledCompositeActor_CompiledCompositeActor.class
-rw-rw-r--   1 travis travis 13466 Apr  9 04:04 CompiledCompositeActor_CompiledCompositeActor.java
-rw-rw-r--   1 travis travis  1593 Apr  9 04:04 CompiledCompositeActor_CompiledCompositeActor.mk
drwxrwxr-x   3 travis travis 24576 Apr  9 04:02 DeScrambler
drwxrwxr-x   3 travis travis 16384 Apr  9 04:04 DotProduct
drwxrwxr-x   3 travis travis 12288 Apr  9 04:00 FileWriter1
drwxrwxr-x   3 travis travis 20480 Apr  9 04:00 FixToDoubleAndBack
drwxrwxr-x   3 travis travis 16384 Apr  9 04:00 Gaussian1
drwxrwxr-x   3 travis travis 20480 Apr  9 04:00 Gaussian2
-rw-rw-r--   1 travis travis  4457 Apr  9 04:04 JavaCompiledCompositeTest1_CompiledCompositeActor.class
-rw-rw-r--   1 travis travis 11637 Apr  9 04:04 JavaCompiledCompositeTest1_CompiledCompositeActor.java
-rw-rw-r--   1 travis travis  1198 Apr  9 04:04 JavaCompiledCompositeTest1_CompiledCompositeActor$_JavaCompiledCompositeTest1_CompiledCompositeActor.class
-rw-rw-r--   1 travis travis  1625 Apr  9 04:04 JavaCompiledCompositeTest1_CompiledCompositeActor.mk
-rw-rw-r--   1 travis travis  4888 Apr  9 04:04 JavaCompiledCompositeTest2_CompiledCompositeActor.class
-rw-rw-r--   1 travis travis 14919 Apr  9 04:04 JavaCompiledCompositeTest2_CompiledCompositeActor.java
-rw-rw-r--   1 travis travis  1793 Apr  9 04:04 JavaCompiledCompositeTest2_CompiledCompositeActor$_JavaCompiledCompositeTest2_CompiledCompositeActor.class
-rw-rw-r--   1 travis travis  1625 Apr  9 04:04 JavaCompiledCompositeTest2_CompiledCompositeActor.mk
-rw-rw-r--   1 travis travis  4505 Apr  9 04:04 JavaCompiledCompositeTest3_CompiledCompositeActor.class
-rw-rw-r--   1 travis travis 13080 Apr  9 04:04 JavaCompiledCompositeTest3_CompiledCompositeActor.java
-rw-rw-r--   1 travis travis  1378 Apr  9 04:04 JavaCompiledCompositeTest3_CompiledCompositeActor$_JavaCompiledCompositeTest3_CompiledCompositeActor.class
-rw-rw-r--   1 travis travis  1625 Apr  9 04:04 JavaCompiledCompositeTest3_CompiledCompositeActor.mk
-rw-rw-r--   1 travis travis  3953 Apr  9 04:04 JavaCompiledCompositeTest4_CompiledCompositeActor.class
-rw-rw-r--   1 travis travis  9687 Apr  9 04:04 JavaCompiledCompositeTest4_CompiledCompositeActor.java
-rw-rw-r--   1 travis travis   857 Apr  9 04:04 JavaCompiledCompositeTest4_CompiledCompositeActor$_JavaCompiledCompositeTest4_CompiledCompositeActor.class
-rw-rw-r--   1 travis travis  1625 Apr  9 04:04 JavaCompiledCompositeTest4_CompiledCompositeActor.mk
drwxrwxr-x   3 travis travis 12288 Apr  9 04:01 LookupTable
drwxrwxr-x   3 travis travis 20480 Apr  9 04:01 MaxIndex
-rw-rw-r--   1 travis travis  3693 Apr  9 04:04 ModularCG_A1_B1.class
-rw-rw-r--   1 travis travis  9730 Apr  9 04:04 ModularCG_A1_B1.java
-rw-rw-r--   1 travis travis   832 Apr  9 04:04 ModularCG_A1_B1.mk
-rw-rw-r--   1 travis travis  1318 Apr  9 04:04 ModularCG_A1_B1_profile.class
-rw-rw-r--   1 travis travis  1262 Apr  9 04:04 ModularCG_A1_B1_profile.java
-rw-rw-r--   1 travis travis  3693 Apr  9 04:04 ModularCG_A1_B2.class
-rw-rw-r--   1 travis travis  9730 Apr  9 04:04 ModularCG_A1_B2.java
-rw-rw-r--   1 travis travis   832 Apr  9 04:04 ModularCG_A1_B2.mk
-rw-rw-r--   1 travis travis  1318 Apr  9 04:04 ModularCG_A1_B2_profile.class
-rw-rw-r--   1 travis travis  1262 Apr  9 04:04 ModularCG_A1_B2_profile.java
-rw-rw-r--   1 travis travis  4799 Apr  9 04:04 ModularCG_A1.class
-rw-rw-r--   1 travis travis 14742 Apr  9 04:04 ModularCG_A1.java
-rw-rw-r--   1 travis travis   808 Apr  9 04:04 ModularCG_A1.mk
-rw-rw-r--   1 travis travis  1433 Apr  9 04:04 ModularCG_A1_profile.class
-rw-rw-r--   1 travis travis  1704 Apr  9 04:04 ModularCG_A1_profile.java
-rw-rw-r--   1 travis travis  3827 Apr  9 04:04 ModularCG_A2_B1.class
-rw-rw-r--   1 travis travis 10667 Apr  9 04:04 ModularCG_A2_B1.java
-rw-rw-r--   1 travis travis   832 Apr  9 04:04 ModularCG_A2_B1.mk
-rw-rw-r--   1 travis travis  1381 Apr  9 04:04 ModularCG_A2_B1_profile.class
-rw-rw-r--   1 travis travis  1446 Apr  9 04:04 ModularCG_A2_B1_profile.java
-rw-rw-r--   1 travis travis  3693 Apr  9 04:04 ModularCG_A2_B2.class
-rw-rw-r--   1 travis travis  9730 Apr  9 04:04 ModularCG_A2_B2.java
-rw-rw-r--   1 travis travis   832 Apr  9 04:04 ModularCG_A2_B2.mk
-rw-rw-r--   1 travis travis  1318 Apr  9 04:04 ModularCG_A2_B2_profile.class
-rw-rw-r--   1 travis travis  1262 Apr  9 04:04 ModularCG_A2_B2_profile.java
-rw-rw-r--   1 travis travis  4870 Apr  9 04:05 ModularCG_A2.class
-rw-rw-r--   1 travis travis 15129 Apr  9 04:05 ModularCG_A2.java
-rw-rw-r--   1 travis travis   808 Apr  9 04:05 ModularCG_A2.mk
-rw-rw-r--   1 travis travis  1433 Apr  9 04:05 ModularCG_A2_profile.class
-rw-rw-r--   1 travis travis  1704 Apr  9 04:04 ModularCG_A2_profile.java
-rw-rw-r--   1 travis travis  3473 Apr  9 04:05 ModularCGPubSub_A1_A2.class
-rw-rw-r--   1 travis travis  9076 Apr  9 04:05 ModularCGPubSub_A1_A2.java
-rw-rw-r--   1 travis travis   880 Apr  9 04:05 ModularCGPubSub_A1_A2.mk
-rw-rw-r--   1 travis travis  1300 Apr  9 04:05 ModularCGPubSub_A1_A2_profile.class
-rw-rw-r--   1 travis travis  1222 Apr  9 04:05 ModularCGPubSub_A1_A2_profile.java
-rw-rw-r--   1 travis travis  3790 Apr  9 04:05 ModularCGPubSub_A1.class
-rw-rw-r--   1 travis travis  9836 Apr  9 04:05 ModularCGPubSub_A1.java
-rw-rw-r--   1 travis travis   856 Apr  9 04:05 ModularCGPubSub_A1.mk
-rw-rw-r--   1 travis travis  1346 Apr  9 04:05 ModularCGPubSub_A1_profile.class
-rw-rw-r--   1 travis travis  1388 Apr  9 04:05 ModularCGPubSub_A1_profile.java
-rw-rw-r--   1 travis travis  3988 Apr  9 04:05 ModularCodeGen2_ModularCodeGenTypedCompositeActor.class
-rw-rw-r--   1 travis travis 11690 Apr  9 04:05 ModularCodeGen2_ModularCodeGenTypedCompositeActor.java
-rw-rw-r--   1 travis travis  1104 Apr  9 04:05 ModularCodeGen2_ModularCodeGenTypedCompositeActor.mk
-rw-rw-r--   1 travis travis  4272 Apr  9 04:05 ModularCodeGen2_ModularCodeGenTypedCompositeActor_ModularCodeGenTypedCompositeActor.class
-rw-rw-r--   1 travis travis 11790 Apr  9 04:05 ModularCodeGen2_ModularCodeGenTypedCompositeActor_ModularCodeGenTypedCompositeActor.java
-rw-rw-r--   1 travis travis  1376 Apr  9 04:05 ModularCodeGen2_ModularCodeGenTypedCompositeActor_ModularCodeGenTypedCompositeActor.mk
-rw-rw-r--   1 travis travis  1421 Apr  9 04:05 ModularCodeGen2_ModularCodeGenTypedCompositeActor_ModularCodeGenTypedCompositeActor_profile.class
-rw-rw-r--   1 travis travis  1294 Apr  9 04:05 ModularCodeGen2_ModularCodeGenTypedCompositeActor_ModularCodeGenTypedCompositeActor_profile.java
-rw-rw-r--   1 travis travis   820 Apr  9 04:05 ModularCodeGen2_ModularCodeGenTypedCompositeActor_profile.class
-rw-rw-r--   1 travis travis   693 Apr  9 04:05 ModularCodeGen2_ModularCodeGenTypedCompositeActor_profile.java
-rw-rw-r--   1 travis travis  3741 Apr  9 04:05 ModularCodeGen3_A1_B1.class
-rw-rw-r--   1 travis travis  9958 Apr  9 04:05 ModularCodeGen3_A1_B1.java
-rw-rw-r--   1 travis travis   880 Apr  9 04:05 ModularCodeGen3_A1_B1.mk
-rw-rw-r--   1 travis travis  1330 Apr  9 04:05 ModularCodeGen3_A1_B1_profile.class
-rw-rw-r--   1 travis travis  1274 Apr  9 04:05 ModularCodeGen3_A1_B1_profile.java
-rw-rw-r--   1 travis travis  3741 Apr  9 04:05 ModularCodeGen3_A1_B2.class
-rw-rw-r--   1 travis travis  9958 Apr  9 04:05 ModularCodeGen3_A1_B2.java
-rw-rw-r--   1 travis travis   880 Apr  9 04:05 ModularCodeGen3_A1_B2.mk
-rw-rw-r--   1 travis travis  1330 Apr  9 04:05 ModularCodeGen3_A1_B2_profile.class
-rw-rw-r--   1 travis travis  1274 Apr  9 04:05 ModularCodeGen3_A1_B2_profile.java
-rw-rw-r--   1 travis travis  4961 Apr  9 04:05 ModularCodeGen3_A1.class
-rw-rw-r--   1 travis travis 15564 Apr  9 04:05 ModularCodeGen3_A1.java
-rw-rw-r--   1 travis travis   856 Apr  9 04:05 ModularCodeGen3_A1.mk
-rw-rw-r--   1 travis travis  1445 Apr  9 04:05 ModularCodeGen3_A1_profile.class
-rw-rw-r--   1 travis travis  1716 Apr  9 04:05 ModularCodeGen3_A1_profile.java
-rw-rw-r--   1 travis travis  3887 Apr  9 04:05 ModularCodeGen3_A2_B1.class
-rw-rw-r--   1 travis travis 10955 Apr  9 04:05 ModularCodeGen3_A2_B1.java
-rw-rw-r--   1 travis travis   880 Apr  9 04:05 ModularCodeGen3_A2_B1.mk
-rw-rw-r--   1 travis travis  1393 Apr  9 04:05 ModularCodeGen3_A2_B1_profile.class
-rw-rw-r--   1 travis travis  1458 Apr  9 04:05 ModularCodeGen3_A2_B1_profile.java
-rw-rw-r--   1 travis travis  3741 Apr  9 04:05 ModularCodeGen3_A2_B2.class
-rw-rw-r--   1 travis travis  9958 Apr  9 04:05 ModularCodeGen3_A2_B2.java
-rw-rw-r--   1 travis travis   880 Apr  9 04:05 ModularCodeGen3_A2_B2.mk
-rw-rw-r--   1 travis travis  1330 Apr  9 04:05 ModularCodeGen3_A2_B2_profile.class
-rw-rw-r--   1 travis travis  1274 Apr  9 04:05 ModularCodeGen3_A2_B2_profile.java
-rw-rw-r--   1 travis travis  5038 Apr  9 04:05 ModularCodeGen3_A2.class
-rw-rw-r--   1 travis travis 15957 Apr  9 04:05 ModularCodeGen3_A2.java
-rw-rw-r--   1 travis travis   856 Apr  9 04:05 ModularCodeGen3_A2.mk
-rw-rw-r--   1 travis travis  1445 Apr  9 04:05 ModularCodeGen3_A2_profile.class
-rw-rw-r--   1 travis travis  1716 Apr  9 04:05 ModularCodeGen3_A2_profile.java
-rw-rw-r--   1 travis travis  3794 Apr  9 04:05 ModularCodeGen4_A1_B1.class
-rw-rw-r--   1 travis travis 10312 Apr  9 04:05 ModularCodeGen4_A1_B1.java
-rw-rw-r--   1 travis travis   880 Apr  9 04:05 ModularCodeGen4_A1_B1.mk
-rw-rw-r--   1 travis travis  1330 Apr  9 04:05 ModularCodeGen4_A1_B1_profile.class
-rw-rw-r--   1 travis travis  1273 Apr  9 04:05 ModularCodeGen4_A1_B1_profile.java
-rw-rw-r--   1 travis travis  3794 Apr  9 04:05 ModularCodeGen4_A1_B2.class
-rw-rw-r--   1 travis travis 10312 Apr  9 04:05 ModularCodeGen4_A1_B2.java
-rw-rw-r--   1 travis travis   880 Apr  9 04:05 ModularCodeGen4_A1_B2.mk
-rw-rw-r--   1 travis travis  1330 Apr  9 04:05 ModularCodeGen4_A1_B2_profile.class
-rw-rw-r--   1 travis travis  1273 Apr  9 04:05 ModularCodeGen4_A1_B2_profile.java
-rw-rw-r--   1 travis travis  5101 Apr  9 04:05 ModularCodeGen4_A1.class
-rw-rw-r--   1 travis travis 16245 Apr  9 04:05 ModularCodeGen4_A1.java
-rw-rw-r--   1 travis travis   856 Apr  9 04:05 ModularCodeGen4_A1.mk
-rw-rw-r--   1 travis travis  1445 Apr  9 04:05 ModularCodeGen4_A1_profile.class
-rw-rw-r--   1 travis travis  1712 Apr  9 04:05 ModularCodeGen4_A1_profile.java
-rw-rw-r--   1 travis travis  1454 Apr  9 04:05 ModularCodeGen4_A2_B1_profile.java
-rw-rw-r--   1 travis travis  3954 Apr  9 04:05 ModularCodeGen_ModularCodeGenTypedCompositeActor.class
-rw-rw-r--   1 travis travis 10970 Apr  9 04:05 ModularCodeGen_ModularCodeGenTypedCompositeActor.java
-rw-rw-r--   1 travis travis  1096 Apr  9 04:05 ModularCodeGen_ModularCodeGenTypedCompositeActor.mk
-rw-rw-r--   1 travis travis  1384 Apr  9 04:05 ModularCodeGen_ModularCodeGenTypedCompositeActor_profile.class
-rw-rw-r--   1 travis travis  1328 Apr  9 04:05 ModularCodeGen_ModularCodeGenTypedCompositeActor_profile.java
-rw-rw-r--   1 travis travis  3492 Apr  9 04:04 ModularCodeGenTest_A1_A2.class
-rw-rw-r--   1 travis travis   904 Apr  9 04:04 ModularCodeGenTest_A1_A2.mk
-rw-rw-r--   1 travis travis  1306 Apr  9 04:04 ModularCodeGenTest_A1_A2_profile.class
-rw-rw-r--   1 travis travis  3823 Apr  9 04:04 ModularCodeGenTest_A1.class
-rw-rw-r--   1 travis travis  9968 Apr  9 04:04 ModularCodeGenTest_A1.java
-rw-rw-r--   1 travis travis   880 Apr  9 04:04 ModularCodeGenTest_A1.mk
-rw-rw-r--   1 travis travis  1352 Apr  9 04:04 ModularCodeGenTest_A1_profile.class
-rw-rw-r--   1 travis travis  1394 Apr  9 04:04 ModularCodeGenTest_A1_profile.java
drwxrwxr-x   3 travis travis 36864 Apr  9 04:04 modulation2
drwxrwxr-x   3 travis travis 20480 Apr  9 04:01 Multiplexor
drwxrwxr-x 242 travis travis 12288 Apr  9 04:04 node_modules
drwxrwxr-x   3 travis travis 20480 Apr  9 04:01 PhaseUnwrap
-rw-rw-r--   1 travis travis   520 Apr  9 04:04 Repeat$_fireFunction_Repeat_Repeat$__f_sL_0.class
-rw-rw-r--   1 travis travis   522 Apr  9 04:04 Repeat$_fireFunction_Repeat_Repeat$__f_sL_10.class
-rw-rw-r--   1 travis travis   666 Apr  9 04:04 Repeat$_fireFunction_Repeat_Repeat$__f_sL_11.class
-rw-rw-r--   1 travis travis   522 Apr  9 04:04 Repeat$_fireFunction_Repeat_Repeat$__f_sL_13.class
-rw-rw-r--   1 travis travis   665 Apr  9 04:04 Repeat$_fireFunction_Repeat_Repeat$__f_sL_1.class
-rw-rw-r--   1 travis travis   520 Apr  9 04:04 Repeat$_fireFunction_Repeat_Repeat$__f_sL_2.class
-rw-rw-r--   1 travis travis   520 Apr  9 04:04 Repeat$_fireFunction_Repeat_Repeat$__f_sL_3.class
-rw-rw-r--   1 travis travis   520 Apr  9 04:04 Repeat$_fireFunction_Repeat_Repeat$__f_sL_5.class
-rw-rw-r--   1 travis travis   671 Apr  9 04:04 Repeat$_fireFunction_Repeat_Repeat$__f_sL_7.class
-rw-rw-r--   1 travis travis   520 Apr  9 04:04 Repeat$_fireFunction_Repeat_Repeat$__f_sL_9.class
-rw-rw-r--   1 travis travis   813 Apr  9 04:04 Repeat$_initialize_Repeat.class
-rw-rw-r--   1 travis travis   475 Apr  9 04:04 Repeat$_initialize_Repeat$__i_sL_0.class
-rw-rw-r--   1 travis travis   519 Apr  9 04:04 Repeat$_initialize_Repeat$__i_sL_3.class
-rw-rw-r--   1 travis travis 39778 Apr  9 04:04 Repeat.java
-rw-rw-r--   1 travis travis  1281 Apr  9 04:04 Repeat.mk
-rw-rw-r--   1 travis travis   520 Apr  9 04:04 Repeat$_preinitializeMethod_Repeat$__p_sL_0.class
-rw-rw-r--   1 travis travis   520 Apr  9 04:04 Repeat$_preinitializeMethod_Repeat$__p_sL_1.class
-rw-rw-r--   1 travis travis  1083 Apr  9 04:04 Repeat$_Repeat$_fireFunction_Repeat_AddSubtract_Repeat.class
-rw-rw-r--   1 travis travis   791 Apr  9 04:04 Repeat$_Repeat$_fireFunction_Repeat_AddSubtract_Repeat$__f_sL_0.class
-rw-rw-r--   1 travis travis   909 Apr  9 04:04 Repeat$_Repeat$_fireFunction_Repeat_AddSubtract_Repeat$__f_sL_1.class
-rw-rw-r--   1 travis travis   915 Apr  9 04:04 Repeat$_Repeat$_fireFunction_Repeat_AddSubtract_Repeat$__f_sL_2.class
-rw-rw-r--   1 travis travis   838 Apr  9 04:04 Repeat$_Repeat$_fireFunction_Repeat_Ramp2_Repeat$__f_sL_1.class
-rw-rw-r--   1 travis travis  1785 Apr  9 04:04 Repeat$_Repeat$_fireFunction_Repeat_Test_Repeat$__f_sL_2.class
-rw-rw-r--   1 travis travis   685 Apr  9 04:04 Repeat$_Repeat_SDF_Director_run_Repeat$__R_sL_0.class
-rw-rw-r--   1 travis travis   540 Apr  9 04:04 Repeat$_Repeat_SDF_Director_run_Repeat$__R_sL_1.class
-rw-rw-r--   1 travis travis   540 Apr  9 04:04 Repeat$_Repeat_SDF_Director_run_Repeat$__R_sL_2.class
-rw-rw-r--   1 travis travis   540 Apr  9 04:04 Repeat$_Repeat_SDF_Director_run_Repeat$__R_sL_4.class
-rw-rw-r--   1 travis travis   540 Apr  9 04:04 Repeat$_Repeat_SDF_Director_run_Repeat$__R_sL_5.class
-rw-rw-r--   1 travis travis   691 Apr  9 04:04 Repeat$_Repeat_SDF_Director_run_Repeat$__R_sL_6.class
-rw-rw-r--   1 travis travis   540 Apr  9 04:04 Repeat$_Repeat_SDF_Director_run_Repeat$__R_sL_7.class
-rw-rw-r--   1 travis travis   863 Apr  9 04:04 Repeat$_varinit_Repeat.class
-rw-rw-r--   1 travis travis   530 Apr  9 04:04 Repeat$_varinit_Repeat$__v_sL_1.class
-rw-rw-r--   1 travis travis   531 Apr  9 04:04 Repeat$_varinit_Repeat$__v_sL_2.class
-rw-rw-r--   1 travis travis   905 Apr  9 04:04 Repeat$_varinit_Repeat$__v_sL_4.class
-rw-rw-r--   1 travis travis   635 Apr  9 04:04 Repeat$_wrapup_Repeat.class
-rw-rw-r--   1 travis travis   965 Apr  9 04:04 Repeat$_wrapup_Repeat$__w_sL_1.class
-rw-rw-r--   1 travis travis   289 Apr  9 03:59 result.csv
drwxrwxr-x   3 travis travis 12288 Apr  9 04:02 Scrambler1
drwxrwxr-x   3 travis travis 20480 Apr  9 04:01 Sinewave2
drwxrwxr-x   3 travis travis 69632 Apr  9 04:02 StringCompare
drwxrwxr-x   3 travis travis 32768 Apr  9 04:02 StringFunction
drwxrwxr-x   3 travis travis 12288 Apr  9 04:03 StringLength
drwxrwxr-x   3 travis travis 57344 Apr  9 04:03 StringSimpleReplace
drwxrwxr-x   3 travis travis 12288 Apr  9 04:04 time2
drwxrwxr-x   3 travis travis 12288 Apr  9 04:04 time5
-rw-rw-r--   1 travis travis   432 Apr  9 04:05 Token.class
-rw-rw-r--   1 travis travis   251 Apr  9 04:05 Token.java
-rw-rw-r--   1 travis travis     0 Apr  9 04:04 top.
-rw-rw-r--   1 travis travis 20502 Apr  9 03:59 top.c
-rw-rw-r--   1 travis travis  3567 Apr  9 04:04 top.class
-rw-rw-r--   1 travis travis   169 Apr  9 03:59 top.html
-rw-rw-r--   1 travis travis  7552 Apr  9 04:04 top.java
-rw-rw-r--   1 travis travis 38888 Apr  9 03:59 top.o
drwxrwxr-x   3 travis travis 57344 Apr  9 04:02 UnaryMathFunction
In "/home/travis/cg", about to execute:
    javac -classpath
.:/home/travis/build/icyphy/ptII:/home/travis/build/icyphy/ptII/lib/bsh-2.0b4.j
ar:/home/travis/build/icyphy/ptII/lib/ptCal.jar:/home/travis/build/icyphy/ptII/
lib/java_cup.jar:/home/travis/build/icyphy/ptII/lib/saxon8.jar:/home/travis/bui
ld/icyphy/ptII/lib/saxon8-dom.jar:/home/travis/build/icyphy/ptII/lib/chic.jar:/
home/travis/build/icyphy/ptII/lib/ptcolt.jar:/usr/lib/jvm/java-8-oracle/lib/too
ls.jar:/home/travis/build/icyphy/ptII/vendors/misc/itext/iText.jar:/home/travis
/build/icyphy/ptII/lib/g4ltl.jar:/home/travis/build/icyphy/ptII/lib/StructuralC
oder.jar:/home/travis/build/icyphy/ptII/vendors/jai-1_1_2_01/lib/jai_core.jar:/
home/travis/build/icyphy/ptII/vendors/jai-1_1_2_01/lib/jai_codec.jar:/home/trav
is/build/icyphy/ptII/lib/jcerti.jar:/home/travis/build/icyphy/ptII/lib/javax.ma
il.jar:/home/travis/build/icyphy/ptII/vendors/JMF-2.1.1e/lib/jmf.jar:/home/trav
is/build/icyphy/ptII/lib/jna-4.0.0-variadic.jar:/home/travis/build/icyphy/ptII/
vendors/misc/joystick/Joystick.jar:/home/travis/build/icyphy/ptII/lib/ptjacl.ja
r:/home/travis/build/icyphy/ptII/lib/jsoup-1.8.2.jar:/home/travis/build/icyphy/
ptII/lib/junit-4.8.2.jar:/home/travis/build/icyphy/ptII/lib/JUnitParams-0.4.0.j
ar:/home/travis/build/icyphy/ptII/ptolemy/actor/lib/excel/jxl.jar:/home/travis/
build/icyphy/ptII/lib/jython.jar:/home/travis/build/icyphy/ptII/lib/kieler.jar:
/home/travis/build/icyphy/ptII/vendors/opencv/share/OpenCV/java/opencv-341.jar:
/home/travis/build/icyphy/ptII/lib/oscP5.jar:/home/travis/build/icyphy/ptII/lib
/nrjavaserial-3.11.0.devel.jar:/home/travis/build/icyphy/ptII/vendors/j3d/lib/j
3dcore.jar:/home/travis/build/icyphy/ptII/vendors/j3d/lib/j3dutils.jar:/home/tr
avis/build/icyphy/ptII/vendors/j3d/lib/vecmath.jar:/home/travis/build/icyphy/pt
II/ptolemy/distributed/jini/jar/jini-core.jar:/home/travis/build/icyphy/ptII/pt
olemy/distributed/jini/jar/jini-ext.jar:/home/travis/build/icyphy/ptII/ptolemy/
distributed/jini/jar/sun-util.jar:/home/travis/build/icyphy/ptII/lib/protobuf-j
ava-2.4.1.jar:/home/travis/build/icyphy/ptII/lib/org.eclipse.paho.client.mqttv3
.jar:/home/travis/build/icyphy/ptII/lib/mapss.jar:/home/travis/build/icyphy/ptI
I/ptolemy/actor/ptalon/antlr/antlr.jar:/home/travis/build/icyphy/ptII/lib/JRI.j
ar:/home/travis/build/icyphy/ptII/lib/commons-lang-2.6.jar:/home/travis/build/i
cyphy/ptII/lib/commons-logging-1.1.1.jar:/home/travis/build/icyphy/ptII/lib/soo
tclasses.jar:/home/travis/build/icyphy/ptII/ptolemy/actor/lib/database/mysql-co
nnector-java-5.1.6-bin.jar:/home/travis/build/icyphy/ptII/vendors/misc/sphinx4/
sphinx4-data-5prealpha.jar:/home/travis/build/icyphy/ptII/vendors/misc/sphinx4/
sphinx4-core-5prealpha.jar:/home/travis/build/icyphy/ptII/lib/PDFRenderer.jar:/
home/travis/build/icyphy/ptII/lib/svgSalamander.jar:/home/travis/build/icyphy/p
tII/lib/rsyntaxtextarea-2.6.0-SNAPSHOT.jar:/home/travis/build/icyphy/ptII/lib/h
azelcast-3.8.2.jar:/home/travis/build/icyphy/ptII/lib/jackson-annotations-2.9.0
.jar:/home/travis/build/icyphy/ptII/lib/jackson-core-2.9.3.jar:/home/travis/bui
ld/icyphy/ptII/lib/jackson-databind-2.9.3.jar:/home/travis/build/icyphy/ptII/li
b/netty-buffer-4.1.19.Final.jar:/home/travis/build/icyphy/ptII/lib/netty-codec-
4.1.19.Final.jar:/home/travis/build/icyphy/ptII/lib/netty-codec-dns-4.1.19.Fina
l.jar:/home/travis/build/icyphy/ptII/lib/netty-codec-http-4.1.19.Final.jar:/hom
e/travis/build/icyphy/ptII/lib/netty-codec-http2-4.1.19.Final.jar:/home/travis/
build/icyphy/ptII/lib/netty-common-4.1.19.Final.jar:/home/travis/build/icyphy/p
tII/lib/netty-handler-4.1.19.Final.jar:/home/travis/build/icyphy/ptII/lib/netty
-resolver-4.1.19.Final.jar:/home/travis/build/icyphy/ptII/lib/netty-resolver-dn
s-4.1.19.Final.jar:/home/travis/build/icyphy/ptII/lib/netty-transport-4.1.19.Fi
nal.jar:/home/travis/build/icyphy/ptII/lib/vertx-codegen-3.5.1.jar:/home/travis
/build/icyphy/ptII/lib/vertx-core-3.5.2-SNAPSHOT.jar:/home/travis/build/icyphy/
ptII/lib/vertx-hazelcast-3.5.1.jar:/home/travis/build/icyphy/ptII/lib/vertx-lan
g-js-3.5.1.jar:/home/travis/build/icyphy/ptII/lib/vertx-service-proxy-3.5.1.jar
:/home/travis/build/icyphy/ptII/lib/vertx-web-3.5.1.jar:/home/travis/build/icyp
hy/ptII/lib/slf4j-api-1.7.13.jar:/home/travis/build/icyphy/ptII/lib/slf4j-simpl
e-1.7.13.jar:/home/travis/build/icyphy/ptII/lib/webcam-capture-0.3.12.jar:/home
/travis/build/icyphy/ptII/lib/bridj-0.7.0.jar:/home/travis/build/icyphy/ptII/li
b/xbjlib-1.1.0.nrjavaserial.jar:/home/travis/build/icyphy/ptII/ptolemy/moml/tes
t:/home/travis/build/icyphy/ptII/ant/lib/ant-launcher.jar:/home/travis/build/ic
yphy/ptII/ant/lib/ant.jar:/home/travis/build/icyphy/ptII/ant/lib/ant-junit.jar:
/home/travis/build/icyphy/ptII/ant/lib/ant-junit4.jar:/home/travis/build/icyphy
/ptII ModularCodeGen4_A2_B1_profile.java
All Done
Writing ModularCodeGen4_A2_B1.java in file:/home/travis/cg/ (11375 characters)
Reading "ptolemy/cg/kernel/generic/program/procedural/java/modular/makefile.in",
    writing "/home/travis/cg/ModularCodeGen4_A2_B1.mk"
Using ptolemy/cg/kernel/generic/program/procedural/java/modular/makefile.in
In "/home/travis/cg", about to execute:
    make -f ModularCodeGen4_A2_B1.mk
javac -classpath ".:.."    ModularCodeGen4_A2_B1.java
All Done
In "/home/travis/cg", about to execute:
    pwd
In "/home/travis/cg", about to execute:
    ls -l
/home/travis/cg
In "/home/travis/cg", about to execute:
    javac -classpath
.:/home/travis/build/icyphy/ptII:/home/travis/build/icyphy/ptII/lib/bsh-2.0b4.j
ar:/home/travis/build/icyphy/ptII/lib/ptCal.jar:/home/travis/build/icyphy/ptII/
lib/java_cup.jar:/home/travis/build/icyphy/ptII/lib/saxon8.jar:/home/travis/bui
ld/icyphy/ptII/lib/saxon8-dom.jar:/home/travis/build/icyphy/ptII/lib/chic.jar:/
home/travis/build/icyphy/ptII/lib/ptcolt.jar:/usr/lib/jvm/java-8-oracle/lib/too
ls.jar:/home/travis/build/icyphy/ptII/vendors/misc/itext/iText.jar:/home/travis
/build/icyphy/ptII/lib/g4ltl.jar:/home/travis/build/icyphy/ptII/lib/StructuralC
oder.jar:/home/travis/build/icyphy/ptII/vendors/jai-1_1_2_01/lib/jai_core.jar:/
home/travis/build/icyphy/ptII/vendors/jai-1_1_2_01/lib/jai_codec.jar:/home/trav
is/build/icyphy/ptII/lib/jcerti.jar:/home/travis/build/icyphy/ptII/lib/javax.ma
il.jar:/home/travis/build/icyphy/ptII/vendors/JMF-2.1.1e/lib/jmf.jar:/home/trav
is/build/icyphy/ptII/lib/jna-4.0.0-variadic.jar:/home/travis/build/icyphy/ptII/
vendors/misc/joystick/Joystick.jar:/home/travis/build/icyphy/ptII/lib/ptjacl.ja
r:/home/travis/build/icyphy/ptII/lib/jsoup-1.8.2.jar:/home/travis/build/icyphy/
ptII/lib/junit-4.8.2.jar:/home/travis/build/icyphy/ptII/lib/JUnitParams-0.4.0.j
ar:/home/travis/build/icyphy/ptII/ptolemy/actor/lib/excel/jxl.jar:/home/travis/
build/icyphy/ptII/lib/jython.jar:/home/travis/build/icyphy/ptII/lib/kieler.jar:
/home/travis/build/icyphy/ptII/vendors/opencv/share/OpenCV/java/opencv-341.jar:
/home/travis/build/icyphy/ptII/lib/oscP5.jar:/home/travis/build/icyphy/ptII/lib
/nrjavaserial-3.11.0.devel.jar:/home/travis/build/icyphy/ptII/vendors/j3d/lib/j
3dcore.jar:/home/travis/build/icyphy/ptII/vendors/j3d/lib/j3dutils.jar:/home/tr
avis/build/icyphy/ptII/vendors/j3d/lib/vecmath.jar:/home/travis/build/icyphy/pt
II/ptolemy/distributed/jini/jar/jini-core.jar:/home/travis/build/icyphy/ptII/pt
olemy/distributed/jini/jar/jini-ext.jar:/home/travis/build/icyphy/ptII/ptolemy/
distributed/jini/jar/sun-util.jar:/home/travis/build/icyphy/ptII/lib/protobuf-j
ava-2.4.1.jar:/home/travis/build/icyphy/ptII/lib/org.eclipse.paho.client.mqttv3
.jar:/home/travis/build/icyphy/ptII/lib/mapss.jar:/home/travis/build/icyphy/ptI
I/ptolemy/actor/ptalon/antlr/antlr.jar:/home/travis/build/icyphy/ptII/lib/JRI.j
ar:/home/travis/build/icyphy/ptII/lib/commons-lang-2.6.jar:/home/travis/build/i
cyphy/ptII/lib/commons-logging-1.1.1.jar:/home/travis/build/icyphy/ptII/lib/soo
tclasses.jar:/home/travis/build/icyphy/ptII/ptolemy/actor/lib/database/mysql-co
nnector-java-5.1.6-bin.jar:/home/travis/build/icyphy/ptII/vendors/misc/sphinx4/
sphinx4-data-5prealpha.jar:/home/travis/build/icyphy/ptII/vendors/misc/sphinx4/
sphinx4-core-5prealpha.jar:/home/travis/build/icyphy/ptII/lib/PDFRenderer.jar:/
home/travis/build/icyphy/ptII/lib/svgSalamander.jar:/home/travis/build/icyphy/p
tII/lib/rsyntaxtextarea-2.6.0-SNAPSHOT.jar:/home/travis/build/icyphy/ptII/lib/h
azelcast-3.8.2.jar:/home/travis/build/icyphy/ptII/lib/jackson-annotations-2.9.0
.jar:/home/travis/build/icyphy/ptII/lib/jackson-core-2.9.3.jar:/home/travis/bui
ld/icyphy/ptII/lib/jackson-databind-2.9.3.jar:/home/travis/build/icyphy/ptII/li
b/netty-buffer-4.1.19.Final.jar:/home/travis/build/icyphy/ptII/lib/netty-codec-
4.1.19.Final.jar:/home/travis/build/icyphy/ptII/lib/netty-codec-dns-4.1.19.Fina
l.jar:/home/travis/build/icyphy/ptII/lib/netty-codec-http-4.1.19.Final.jar:/hom
e/travis/build/icyphy/ptII/lib/netty-codec-http2-4.1.19.Final.jar:/home/travis/
build/icyphy/ptII/lib/netty-common-4.1.19.Final.jar:/home/travis/build/icyphy/p
tII/lib/netty-handler-4.1.19.Final.jar:/home/travis/build/icyphy/ptII/lib/netty
-resolver-4.1.19.Final.jar:/home/travis/build/icyphy/ptII/lib/netty-resolver-dn
s-4.1.19.Final.jar:/home/travis/build/icyphy/ptII/lib/netty-transport-4.1.19.Fi
nal.jar:/home/travis/build/icyphy/ptII/lib/vertx-codegen-3.5.1.jar:/home/travis
/build/icyphy/ptII/lib/vertx-core-3.5.2-SNAPSHOT.jar:/home/travis/build/icyphy/
ptII/lib/vertx-hazelcast-3.5.1.jar:/home/travis/build/icyphy/ptII/lib/vertx-lan
g-js-3.5.1.jar:/home/travis/build/icyphy/ptII/lib/vertx-service-proxy-3.5.1.jar
:/home/travis/build/icyphy/ptII/lib/vertx-web-3.5.1.jar:/home/travis/build/icyp
hy/ptII/lib/slf4j-api-1.7.13.jar:/home/travis/build/icyphy/ptII/lib/slf4j-simpl
e-1.7.13.jar:/home/travis/build/icyphy/ptII/lib/webcam-capture-0.3.12.jar:/home
/travis/build/icyphy/ptII/lib/bridj-0.7.0.jar:/home/travis/build/icyphy/ptII/li
b/xbjlib-1.1.0.nrjavaserial.jar:/home/travis/build/icyphy/ptII/ptolemy/moml/tes
t:/home/travis/build/icyphy/ptII/ant/lib/ant-launcher.jar:/home/travis/build/ic
yphy/ptII/ant/lib/ant.jar:/home/travis/build/icyphy/ptII/ant/lib/ant-junit.jar:
/home/travis/build/icyphy/ptII/ant/lib/ant-junit4.jar:/home/travis/build/icyphy
/ptII ModularCodeGen4_A2_B2_profile.java
total 1664
drwxrwxr-x   3 travis travis 12288 Apr  9 04:00 AbsoluteValue
drwxrwxr-x   3 travis travis 16384 Apr  9 04:00 Case1
drwxrwxr-x   3 travis travis 32768 Apr  9 04:00 Case2
-rw-rw-r--   1 travis travis  4895 Apr  9 04:04 CompiledCompositeActor_CompiledCompositeActor.class
-rw-rw-r--   1 travis travis  1592 Apr  9 04:04 CompiledCompositeActor_CompiledCompositeActor$_CompiledCompositeActor_CompiledCompositeActor.class
-rw-rw-r--   1 travis travis 13466 Apr  9 04:04 CompiledCompositeActor_CompiledCompositeActor.java
-rw-rw-r--   1 travis travis  1593 Apr  9 04:04 CompiledCompositeActor_CompiledCompositeActor.mk
drwxrwxr-x   3 travis travis 24576 Apr  9 04:02 DeScrambler
drwxrwxr-x   3 travis travis 16384 Apr  9 04:04 DotProduct
drwxrwxr-x   3 travis travis 12288 Apr  9 04:00 FileWriter1
drwxrwxr-x   3 travis travis 20480 Apr  9 04:00 FixToDoubleAndBack
drwxrwxr-x   3 travis travis 16384 Apr  9 04:00 Gaussian1
drwxrwxr-x   3 travis travis 20480 Apr  9 04:00 Gaussian2
-rw-rw-r--   1 travis travis  4457 Apr  9 04:04 JavaCompiledCompositeTest1_CompiledCompositeActor.class
-rw-rw-r--   1 travis travis 11637 Apr  9 04:04 JavaCompiledCompositeTest1_CompiledCompositeActor.java
-rw-rw-r--   1 travis travis  1198 Apr  9 04:04 JavaCompiledCompositeTest1_CompiledCompositeActor$_JavaCompiledCompositeTest1_CompiledCompositeActor.class
-rw-rw-r--   1 travis travis  1625 Apr  9 04:04 JavaCompiledCompositeTest1_CompiledCompositeActor.mk
-rw-rw-r--   1 travis travis  4888 Apr  9 04:04 JavaCompiledCompositeTest2_CompiledCompositeActor.class
-rw-rw-r--   1 travis travis 14919 Apr  9 04:04 JavaCompiledCompositeTest2_CompiledCompositeActor.java
-rw-rw-r--   1 travis travis  1793 Apr  9 04:04 JavaCompiledCompositeTest2_CompiledCompositeActor$_JavaCompiledCompositeTest2_CompiledCompositeActor.class
-rw-rw-r--   1 travis travis  1625 Apr  9 04:04 JavaCompiledCompositeTest2_CompiledCompositeActor.mk
-rw-rw-r--   1 travis travis  4505 Apr  9 04:04 JavaCompiledCompositeTest3_CompiledCompositeActor.class
-rw-rw-r--   1 travis travis 13080 Apr  9 04:04 JavaCompiledCompositeTest3_CompiledCompositeActor.java
-rw-rw-r--   1 travis travis  1378 Apr  9 04:04 JavaCompiledCompositeTest3_CompiledCompositeActor$_JavaCompiledCompositeTest3_CompiledCompositeActor.class
-rw-rw-r--   1 travis travis  1625 Apr  9 04:04 JavaCompiledCompositeTest3_CompiledCompositeActor.mk
-rw-rw-r--   1 travis travis  3953 Apr  9 04:04 JavaCompiledCompositeTest4_CompiledCompositeActor.class
-rw-rw-r--   1 travis travis  9687 Apr  9 04:04 JavaCompiledCompositeTest4_CompiledCompositeActor.java
-rw-rw-r--   1 travis travis   857 Apr  9 04:04 JavaCompiledCompositeTest4_CompiledCompositeActor$_JavaCompiledCompositeTest4_CompiledCompositeActor.class
-rw-rw-r--   1 travis travis  1625 Apr  9 04:04 JavaCompiledCompositeTest4_CompiledCompositeActor.mk
drwxrwxr-x   3 travis travis 12288 Apr  9 04:01 LookupTable
drwxrwxr-x   3 travis travis 20480 Apr  9 04:01 MaxIndex
-rw-rw-r--   1 travis travis  3693 Apr  9 04:04 ModularCG_A1_B1.class
-rw-rw-r--   1 travis travis  9730 Apr  9 04:04 ModularCG_A1_B1.java
-rw-rw-r--   1 travis travis   832 Apr  9 04:04 ModularCG_A1_B1.mk
-rw-rw-r--   1 travis travis  1318 Apr  9 04:04 ModularCG_A1_B1_profile.class
-rw-rw-r--   1 travis travis  1262 Apr  9 04:04 ModularCG_A1_B1_profile.java
-rw-rw-r--   1 travis travis  3693 Apr  9 04:04 ModularCG_A1_B2.class
-rw-rw-r--   1 travis travis  9730 Apr  9 04:04 ModularCG_A1_B2.java
-rw-rw-r--   1 travis travis   832 Apr  9 04:04 ModularCG_A1_B2.mk
-rw-rw-r--   1 travis travis  1318 Apr  9 04:04 ModularCG_A1_B2_profile.class
-rw-rw-r--   1 travis travis  1262 Apr  9 04:04 ModularCG_A1_B2_profile.java
-rw-rw-r--   1 travis travis  4799 Apr  9 04:04 ModularCG_A1.class
-rw-rw-r--   1 travis travis 14742 Apr  9 04:04 ModularCG_A1.java
-rw-rw-r--   1 travis travis   808 Apr  9 04:04 ModularCG_A1.mk
-rw-rw-r--   1 travis travis  1433 Apr  9 04:04 ModularCG_A1_profile.class
-rw-rw-r--   1 travis travis  1704 Apr  9 04:04 ModularCG_A1_profile.java
-rw-rw-r--   1 travis travis  3827 Apr  9 04:04 ModularCG_A2_B1.class
-rw-rw-r--   1 travis travis 10667 Apr  9 04:04 ModularCG_A2_B1.java
-rw-rw-r--   1 travis travis   832 Apr  9 04:04 ModularCG_A2_B1.mk
-rw-rw-r--   1 travis travis  1381 Apr  9 04:04 ModularCG_A2_B1_profile.class
-rw-rw-r--   1 travis travis  1446 Apr  9 04:04 ModularCG_A2_B1_profile.java
-rw-rw-r--   1 travis travis  3693 Apr  9 04:04 ModularCG_A2_B2.class
-rw-rw-r--   1 travis travis  9730 Apr  9 04:04 ModularCG_A2_B2.java
-rw-rw-r--   1 travis travis   832 Apr  9 04:04 ModularCG_A2_B2.mk
-rw-rw-r--   1 travis travis  1318 Apr  9 04:04 ModularCG_A2_B2_profile.class
-rw-rw-r--   1 travis travis  1262 Apr  9 04:04 ModularCG_A2_B2_profile.java
-rw-rw-r--   1 travis travis  4870 Apr  9 04:05 ModularCG_A2.class
-rw-rw-r--   1 travis travis 15129 Apr  9 04:05 ModularCG_A2.java
-rw-rw-r--   1 travis travis   808 Apr  9 04:05 ModularCG_A2.mk
-rw-rw-r--   1 travis travis  1433 Apr  9 04:05 ModularCG_A2_profile.class
-rw-rw-r--   1 travis travis  1704 Apr  9 04:04 ModularCG_A2_profile.java
-rw-rw-r--   1 travis travis  3473 Apr  9 04:05 ModularCGPubSub_A1_A2.class
-rw-rw-r--   1 travis travis  9076 Apr  9 04:05 ModularCGPubSub_A1_A2.java
-rw-rw-r--   1 travis travis   880 Apr  9 04:05 ModularCGPubSub_A1_A2.mk
-rw-rw-r--   1 travis travis  1300 Apr  9 04:05 ModularCGPubSub_A1_A2_profile.class
-rw-rw-r--   1 travis travis  1222 Apr  9 04:05 ModularCGPubSub_A1_A2_profile.java
-rw-rw-r--   1 travis travis  3790 Apr  9 04:05 ModularCGPubSub_A1.class
-rw-rw-r--   1 travis travis  9836 Apr  9 04:05 ModularCGPubSub_A1.java
-rw-rw-r--   1 travis travis   856 Apr  9 04:05 ModularCGPubSub_A1.mk
-rw-rw-r--   1 travis travis  1346 Apr  9 04:05 ModularCGPubSub_A1_profile.class
-rw-rw-r--   1 travis travis  1388 Apr  9 04:05 ModularCGPubSub_A1_profile.java
-rw-rw-r--   1 travis travis  3988 Apr  9 04:05 ModularCodeGen2_ModularCodeGenTypedCompositeActor.class
-rw-rw-r--   1 travis travis 11690 Apr  9 04:05 ModularCodeGen2_ModularCodeGenTypedCompositeActor.java
-rw-rw-r--   1 travis travis  1104 Apr  9 04:05 ModularCodeGen2_ModularCodeGenTypedCompositeActor.mk
-rw-rw-r--   1 travis travis  4272 Apr  9 04:05 ModularCodeGen2_ModularCodeGenTypedCompositeActor_ModularCodeGenTypedCompositeActor.class
-rw-rw-r--   1 travis travis 11790 Apr  9 04:05 ModularCodeGen2_ModularCodeGenTypedCompositeActor_ModularCodeGenTypedCompositeActor.java
-rw-rw-r--   1 travis travis  1376 Apr  9 04:05 ModularCodeGen2_ModularCodeGenTypedCompositeActor_ModularCodeGenTypedCompositeActor.mk
-rw-rw-r--   1 travis travis  1421 Apr  9 04:05 ModularCodeGen2_ModularCodeGenTypedCompositeActor_ModularCodeGenTypedCompositeActor_profile.class
-rw-rw-r--   1 travis travis  1294 Apr  9 04:05 ModularCodeGen2_ModularCodeGenTypedCompositeActor_ModularCodeGenTypedCompositeActor_profile.java
-rw-rw-r--   1 travis travis   820 Apr  9 04:05 ModularCodeGen2_ModularCodeGenTypedCompositeActor_profile.class
-rw-rw-r--   1 travis travis   693 Apr  9 04:05 ModularCodeGen2_ModularCodeGenTypedCompositeActor_profile.java
-rw-rw-r--   1 travis travis  3741 Apr  9 04:05 ModularCodeGen3_A1_B1.class
-rw-rw-r--   1 travis travis  9958 Apr  9 04:05 ModularCodeGen3_A1_B1.java
-rw-rw-r--   1 travis travis   880 Apr  9 04:05 ModularCodeGen3_A1_B1.mk
-rw-rw-r--   1 travis travis  1330 Apr  9 04:05 ModularCodeGen3_A1_B1_profile.class
-rw-rw-r--   1 travis travis  1274 Apr  9 04:05 ModularCodeGen3_A1_B1_profile.java
-rw-rw-r--   1 travis travis  3741 Apr  9 04:05 ModularCodeGen3_A1_B2.class
-rw-rw-r--   1 travis travis  9958 Apr  9 04:05 ModularCodeGen3_A1_B2.java
-rw-rw-r--   1 travis travis   880 Apr  9 04:05 ModularCodeGen3_A1_B2.mk
-rw-rw-r--   1 travis travis  1330 Apr  9 04:05 ModularCodeGen3_A1_B2_profile.class
-rw-rw-r--   1 travis travis  1274 Apr  9 04:05 ModularCodeGen3_A1_B2_profile.java
-rw-rw-r--   1 travis travis  4961 Apr  9 04:05 ModularCodeGen3_A1.class
-rw-rw-r--   1 travis travis 15564 Apr  9 04:05 ModularCodeGen3_A1.java
-rw-rw-r--   1 travis travis   856 Apr  9 04:05 ModularCodeGen3_A1.mk
-rw-rw-r--   1 travis travis  1445 Apr  9 04:05 ModularCodeGen3_A1_profile.class
-rw-rw-r--   1 travis travis  1716 Apr  9 04:05 ModularCodeGen3_A1_profile.java
-rw-rw-r--   1 travis travis  3887 Apr  9 04:05 ModularCodeGen3_A2_B1.class
-rw-rw-r--   1 travis travis 10955 Apr  9 04:05 ModularCodeGen3_A2_B1.java
-rw-rw-r--   1 travis travis   880 Apr  9 04:05 ModularCodeGen3_A2_B1.mk
-rw-rw-r--   1 travis travis  1393 Apr  9 04:05 ModularCodeGen3_A2_B1_profile.class
-rw-rw-r--   1 travis travis  1458 Apr  9 04:05 ModularCodeGen3_A2_B1_profile.java
-rw-rw-r--   1 travis travis  3741 Apr  9 04:05 ModularCodeGen3_A2_B2.class
-rw-rw-r--   1 travis travis  9958 Apr  9 04:05 ModularCodeGen3_A2_B2.java
-rw-rw-r--   1 travis travis   880 Apr  9 04:05 ModularCodeGen3_A2_B2.mk
-rw-rw-r--   1 travis travis  1330 Apr  9 04:05 ModularCodeGen3_A2_B2_profile.class
-rw-rw-r--   1 travis travis  1274 Apr  9 04:05 ModularCodeGen3_A2_B2_profile.java
-rw-rw-r--   1 travis travis  5038 Apr  9 04:05 ModularCodeGen3_A2.class
-rw-rw-r--   1 travis travis 15957 Apr  9 04:05 ModularCodeGen3_A2.java
-rw-rw-r--   1 travis travis   856 Apr  9 04:05 ModularCodeGen3_A2.mk
-rw-rw-r--   1 travis travis  1445 Apr  9 04:05 ModularCodeGen3_A2_profile.class
-rw-rw-r--   1 travis travis  1716 Apr  9 04:05 ModularCodeGen3_A2_profile.java
-rw-rw-r--   1 travis travis  3794 Apr  9 04:05 ModularCodeGen4_A1_B1.class
-rw-rw-r--   1 travis travis 10312 Apr  9 04:05 ModularCodeGen4_A1_B1.java
-rw-rw-r--   1 travis travis   880 Apr  9 04:05 ModularCodeGen4_A1_B1.mk
-rw-rw-r--   1 travis travis  1330 Apr  9 04:05 ModularCodeGen4_A1_B1_profile.class
-rw-rw-r--   1 travis travis  1273 Apr  9 04:05 ModularCodeGen4_A1_B1_profile.java
-rw-rw-r--   1 travis travis  3794 Apr  9 04:05 ModularCodeGen4_A1_B2.class
-rw-rw-r--   1 travis travis 10312 Apr  9 04:05 ModularCodeGen4_A1_B2.java
-rw-rw-r--   1 travis travis   880 Apr  9 04:05 ModularCodeGen4_A1_B2.mk
-rw-rw-r--   1 travis travis  1330 Apr  9 04:05 ModularCodeGen4_A1_B2_profile.class
-rw-rw-r--   1 travis travis  1273 Apr  9 04:05 ModularCodeGen4_A1_B2_profile.java
-rw-rw-r--   1 travis travis  5101 Apr  9 04:05 ModularCodeGen4_A1.class
-rw-rw-r--   1 travis travis 16245 Apr  9 04:05 ModularCodeGen4_A1.java
-rw-rw-r--   1 travis travis   856 Apr  9 04:05 ModularCodeGen4_A1.mk
-rw-rw-r--   1 travis travis  1445 Apr  9 04:05 ModularCodeGen4_A1_profile.class
-rw-rw-r--   1 travis travis  1712 Apr  9 04:05 ModularCodeGen4_A1_profile.java
-rw-rw-r--   1 travis travis  3988 Apr  9 04:05 ModularCodeGen4_A2_B1.class
-rw-rw-r--   1 travis travis 11375 Apr  9 04:05 ModularCodeGen4_A2_B1.java
-rw-rw-r--   1 travis travis   880 Apr  9 04:05 ModularCodeGen4_A2_B1.mk
-rw-rw-r--   1 travis travis  1393 Apr  9 04:05 ModularCodeGen4_A2_B1_profile.class
-rw-rw-r--   1 travis travis  1454 Apr  9 04:05 ModularCodeGen4_A2_B1_profile.java
-rw-rw-r--   1 travis travis  1270 Apr  9 04:05 ModularCodeGen4_A2_B2_profile.java
-rw-rw-r--   1 travis travis  3954 Apr  9 04:05 ModularCodeGen_ModularCodeGenTypedCompositeActor.class
-rw-rw-r--   1 travis travis 10970 Apr  9 04:05 ModularCodeGen_ModularCodeGenTypedCompositeActor.java
-rw-rw-r--   1 travis travis  1096 Apr  9 04:05 ModularCodeGen_ModularCodeGenTypedCompositeActor.mk
-rw-rw-r--   1 travis travis  1384 Apr  9 04:05 ModularCodeGen_ModularCodeGenTypedCompositeActor_profile.class
-rw-rw-r--   1 travis travis  1328 Apr  9 04:05 ModularCodeGen_ModularCodeGenTypedCompositeActor_profile.java
-rw-rw-r--   1 travis travis  3492 Apr  9 04:04 ModularCodeGenTest_A1_A2.class
-rw-rw-r--   1 travis travis   904 Apr  9 04:04 ModularCodeGenTest_A1_A2.mk
-rw-rw-r--   1 travis travis  1306 Apr  9 04:04 ModularCodeGenTest_A1_A2_profile.class
-rw-rw-r--   1 travis travis  3823 Apr  9 04:04 ModularCodeGenTest_A1.class
-rw-rw-r--   1 travis travis  9968 Apr  9 04:04 ModularCodeGenTest_A1.java
-rw-rw-r--   1 travis travis   880 Apr  9 04:04 ModularCodeGenTest_A1.mk
-rw-rw-r--   1 travis travis  1352 Apr  9 04:04 ModularCodeGenTest_A1_profile.class
-rw-rw-r--   1 travis travis  1394 Apr  9 04:04 ModularCodeGenTest_A1_profile.java
drwxrwxr-x   3 travis travis 36864 Apr  9 04:04 modulation2
drwxrwxr-x   3 travis travis 20480 Apr  9 04:01 Multiplexor
drwxrwxr-x 242 travis travis 12288 Apr  9 04:04 node_modules
drwxrwxr-x   3 travis travis 20480 Apr  9 04:01 PhaseUnwrap
-rw-rw-r--   1 travis travis   520 Apr  9 04:04 Repeat$_fireFunction_Repeat_Repeat$__f_sL_0.class
-rw-rw-r--   1 travis travis   522 Apr  9 04:04 Repeat$_fireFunction_Repeat_Repeat$__f_sL_10.class
-rw-rw-r--   1 travis travis   666 Apr  9 04:04 Repeat$_fireFunction_Repeat_Repeat$__f_sL_11.class
-rw-rw-r--   1 travis travis   522 Apr  9 04:04 Repeat$_fireFunction_Repeat_Repeat$__f_sL_13.class
-rw-rw-r--   1 travis travis   665 Apr  9 04:04 Repeat$_fireFunction_Repeat_Repeat$__f_sL_1.class
-rw-rw-r--   1 travis travis   520 Apr  9 04:04 Repeat$_fireFunction_Repeat_Repeat$__f_sL_2.class
-rw-rw-r--   1 travis travis   520 Apr  9 04:04 Repeat$_fireFunction_Repeat_Repeat$__f_sL_3.class
-rw-rw-r--   1 travis travis   520 Apr  9 04:04 Repeat$_fireFunction_Repeat_Repeat$__f_sL_5.class
-rw-rw-r--   1 travis travis   671 Apr  9 04:04 Repeat$_fireFunction_Repeat_Repeat$__f_sL_7.class
-rw-rw-r--   1 travis travis   520 Apr  9 04:04 Repeat$_fireFunction_Repeat_Repeat$__f_sL_9.class
-rw-rw-r--   1 travis travis   813 Apr  9 04:04 Repeat$_initialize_Repeat.class
-rw-rw-r--   1 travis travis   475 Apr  9 04:04 Repeat$_initialize_Repeat$__i_sL_0.class
-rw-rw-r--   1 travis travis   519 Apr  9 04:04 Repeat$_initialize_Repeat$__i_sL_3.class
-rw-rw-r--   1 travis travis 39778 Apr  9 04:04 Repeat.java
-rw-rw-r--   1 travis travis  1281 Apr  9 04:04 Repeat.mk
-rw-rw-r--   1 travis travis   520 Apr  9 04:04 Repeat$_preinitializeMethod_Repeat$__p_sL_0.class
-rw-rw-r--   1 travis travis   520 Apr  9 04:04 Repeat$_preinitializeMethod_Repeat$__p_sL_1.class
-rw-rw-r--   1 travis travis  1083 Apr  9 04:04 Repeat$_Repeat$_fireFunction_Repeat_AddSubtract_Repeat.class
-rw-rw-r--   1 travis travis   791 Apr  9 04:04 Repeat$_Repeat$_fireFunction_Repeat_AddSubtract_Repeat$__f_sL_0.class
-rw-rw-r--   1 travis travis   909 Apr  9 04:04 Repeat$_Repeat$_fireFunction_Repeat_AddSubtract_Repeat$__f_sL_1.class
-rw-rw-r--   1 travis travis   915 Apr  9 04:04 Repeat$_Repeat$_fireFunction_Repeat_AddSubtract_Repeat$__f_sL_2.class
-rw-rw-r--   1 travis travis   838 Apr  9 04:04 Repeat$_Repeat$_fireFunction_Repeat_Ramp2_Repeat$__f_sL_1.class
-rw-rw-r--   1 travis travis  1785 Apr  9 04:04 Repeat$_Repeat$_fireFunction_Repeat_Test_Repeat$__f_sL_2.class
-rw-rw-r--   1 travis travis   685 Apr  9 04:04 Repeat$_Repeat_SDF_Director_run_Repeat$__R_sL_0.class
-rw-rw-r--   1 travis travis   540 Apr  9 04:04 Repeat$_Repeat_SDF_Director_run_Repeat$__R_sL_1.class
-rw-rw-r--   1 travis travis   540 Apr  9 04:04 Repeat$_Repeat_SDF_Director_run_Repeat$__R_sL_2.class
-rw-rw-r--   1 travis travis   540 Apr  9 04:04 Repeat$_Repeat_SDF_Director_run_Repeat$__R_sL_4.class
-rw-rw-r--   1 travis travis   540 Apr  9 04:04 Repeat$_Repeat_SDF_Director_run_Repeat$__R_sL_5.class
-rw-rw-r--   1 travis travis   691 Apr  9 04:04 Repeat$_Repeat_SDF_Director_run_Repeat$__R_sL_6.class
-rw-rw-r--   1 travis travis   540 Apr  9 04:04 Repeat$_Repeat_SDF_Director_run_Repeat$__R_sL_7.class
-rw-rw-r--   1 travis travis   863 Apr  9 04:04 Repeat$_varinit_Repeat.class
-rw-rw-r--   1 travis travis   530 Apr  9 04:04 Repeat$_varinit_Repeat$__v_sL_1.class
-rw-rw-r--   1 travis travis   531 Apr  9 04:04 Repeat$_varinit_Repeat$__v_sL_2.class
-rw-rw-r--   1 travis travis   905 Apr  9 04:04 Repeat$_varinit_Repeat$__v_sL_4.class
-rw-rw-r--   1 travis travis   635 Apr  9 04:04 Repeat$_wrapup_Repeat.class
-rw-rw-r--   1 travis travis   965 Apr  9 04:04 Repeat$_wrapup_Repeat$__w_sL_1.class
-rw-rw-r--   1 travis travis   289 Apr  9 03:59 result.csv
drwxrwxr-x   3 travis travis 12288 Apr  9 04:02 Scrambler1
drwxrwxr-x   3 travis travis 20480 Apr  9 04:01 Sinewave2
drwxrwxr-x   3 travis travis 69632 Apr  9 04:02 StringCompare
drwxrwxr-x   3 travis travis 32768 Apr  9 04:02 StringFunction
drwxrwxr-x   3 travis travis 12288 Apr  9 04:03 StringLength
drwxrwxr-x   3 travis travis 57344 Apr  9 04:03 StringSimpleReplace
drwxrwxr-x   3 travis travis 12288 Apr  9 04:04 time2
drwxrwxr-x   3 travis travis 12288 Apr  9 04:04 time5
-rw-rw-r--   1 travis travis   432 Apr  9 04:05 Token.class
-rw-rw-r--   1 travis travis   251 Apr  9 04:05 Token.java
-rw-rw-r--   1 travis travis     0 Apr  9 04:04 top.
-rw-rw-r--   1 travis travis 20502 Apr  9 03:59 top.c
-rw-rw-r--   1 travis travis  3567 Apr  9 04:04 top.class
-rw-rw-r--   1 travis travis   169 Apr  9 03:59 top.html
-rw-rw-r--   1 travis travis  7552 Apr  9 04:04 top.java
-rw-rw-r--   1 travis travis 38888 Apr  9 03:59 top.o
drwxrwxr-x   3 travis travis 57344 Apr  9 04:02 UnaryMathFunction
All Done
Writing ModularCodeGen4_A2_B2.java in file:/home/travis/cg/ (10378 characters)
Reading "ptolemy/cg/kernel/generic/program/procedural/java/modular/makefile.in",
    writing "/home/travis/cg/ModularCodeGen4_A2_B2.mk"
Using ptolemy/cg/kernel/generic/program/procedural/java/modular/makefile.in
In "/home/travis/cg", about to execute:
    make -f ModularCodeGen4_A2_B2.mk
javac -classpath ".:.."    ModularCodeGen4_A2_B2.java
All Done
In "/home/travis/cg", about to execute:
    pwd
In "/home/travis/cg", about to execute:
    ls -l
/home/travis/cg
In "/home/travis/cg", about to execute:
    javac -classpath
.:/home/travis/build/icyphy/ptII:/home/travis/build/icyphy/ptII/lib/bsh-2.0b4.j
ar:/home/travis/build/icyphy/ptII/lib/ptCal.jar:/home/travis/build/icyphy/ptII/
lib/java_cup.jar:/home/travis/build/icyphy/ptII/lib/saxon8.jar:/home/travis/bui
ld/icyphy/ptII/lib/saxon8-dom.jar:/home/travis/build/icyphy/ptII/lib/chic.jar:/
home/travis/build/icyphy/ptII/lib/ptcolt.jar:/usr/lib/jvm/java-8-oracle/lib/too
ls.jar:/home/travis/build/icyphy/ptII/vendors/misc/itext/iText.jar:/home/travis
/build/icyphy/ptII/lib/g4ltl.jar:/home/travis/build/icyphy/ptII/lib/StructuralC
oder.jar:/home/travis/build/icyphy/ptII/vendors/jai-1_1_2_01/lib/jai_core.jar:/
home/travis/build/icyphy/ptII/vendors/jai-1_1_2_01/lib/jai_codec.jar:/home/trav
is/build/icyphy/ptII/lib/jcerti.jar:/home/travis/build/icyphy/ptII/lib/javax.ma
il.jar:/home/travis/build/icyphy/ptII/vendors/JMF-2.1.1e/lib/jmf.jar:/home/trav
is/build/icyphy/ptII/lib/jna-4.0.0-variadic.jar:/home/travis/build/icyphy/ptII/
vendors/misc/joystick/Joystick.jar:/home/travis/build/icyphy/ptII/lib/ptjacl.ja
r:/home/travis/build/icyphy/ptII/lib/jsoup-1.8.2.jar:/home/travis/build/icyphy/
ptII/lib/junit-4.8.2.jar:/home/travis/build/icyphy/ptII/lib/JUnitParams-0.4.0.j
ar:/home/travis/build/icyphy/ptII/ptolemy/actor/lib/excel/jxl.jar:/home/travis/
build/icyphy/ptII/lib/jython.jar:/home/travis/build/icyphy/ptII/lib/kieler.jar:
/home/travis/build/icyphy/ptII/vendors/opencv/share/OpenCV/java/opencv-341.jar:
/home/travis/build/icyphy/ptII/lib/oscP5.jar:/home/travis/build/icyphy/ptII/lib
/nrjavaserial-3.11.0.devel.jar:/home/travis/build/icyphy/ptII/vendors/j3d/lib/j
3dcore.jar:/home/travis/build/icyphy/ptII/vendors/j3d/lib/j3dutils.jar:/home/tr
avis/build/icyphy/ptII/vendors/j3d/lib/vecmath.jar:/home/travis/build/icyphy/pt
II/ptolemy/distributed/jini/jar/jini-core.jar:/home/travis/build/icyphy/ptII/pt
olemy/distributed/jini/jar/jini-ext.jar:/home/travis/build/icyphy/ptII/ptolemy/
distributed/jini/jar/sun-util.jar:/home/travis/build/icyphy/ptII/lib/protobuf-j
ava-2.4.1.jar:/home/travis/build/icyphy/ptII/lib/org.eclipse.paho.client.mqttv3
.jar:/home/travis/build/icyphy/ptII/lib/mapss.jar:/home/travis/build/icyphy/ptI
I/ptolemy/actor/ptalon/antlr/antlr.jar:/home/travis/build/icyphy/ptII/lib/JRI.j
ar:/home/travis/build/icyphy/ptII/lib/commons-lang-2.6.jar:/home/travis/build/i
cyphy/ptII/lib/commons-logging-1.1.1.jar:/home/travis/build/icyphy/ptII/lib/soo
tclasses.jar:/home/travis/build/icyphy/ptII/ptolemy/actor/lib/database/mysql-co
nnector-java-5.1.6-bin.jar:/home/travis/build/icyphy/ptII/vendors/misc/sphinx4/
sphinx4-data-5prealpha.jar:/home/travis/build/icyphy/ptII/vendors/misc/sphinx4/
sphinx4-core-5prealpha.jar:/home/travis/build/icyphy/ptII/lib/PDFRenderer.jar:/
home/travis/build/icyphy/ptII/lib/svgSalamander.jar:/home/travis/build/icyphy/p
tII/lib/rsyntaxtextarea-2.6.0-SNAPSHOT.jar:/home/travis/build/icyphy/ptII/lib/h
azelcast-3.8.2.jar:/home/travis/build/icyphy/ptII/lib/jackson-annotations-2.9.0
.jar:/home/travis/build/icyphy/ptII/lib/jackson-core-2.9.3.jar:/home/travis/bui
ld/icyphy/ptII/lib/jackson-databind-2.9.3.jar:/home/travis/build/icyphy/ptII/li
b/netty-buffer-4.1.19.Final.jar:/home/travis/build/icyphy/ptII/lib/netty-codec-
4.1.19.Final.jar:/home/travis/build/icyphy/ptII/lib/netty-codec-dns-4.1.19.Fina
l.jar:/home/travis/build/icyphy/ptII/lib/netty-codec-http-4.1.19.Final.jar:/hom
e/travis/build/icyphy/ptII/lib/netty-codec-http2-4.1.19.Final.jar:/home/travis/
build/icyphy/ptII/lib/netty-common-4.1.19.Final.jar:/home/travis/build/icyphy/p
tII/lib/netty-handler-4.1.19.Final.jar:/home/travis/build/icyphy/ptII/lib/netty
-resolver-4.1.19.Final.jar:/home/travis/build/icyphy/ptII/lib/netty-resolver-dn
s-4.1.19.Final.jar:/home/travis/build/icyphy/ptII/lib/netty-transport-4.1.19.Fi
nal.jar:/home/travis/build/icyphy/ptII/lib/vertx-codegen-3.5.1.jar:/home/travis
/build/icyphy/ptII/lib/vertx-core-3.5.2-SNAPSHOT.jar:/home/travis/build/icyphy/
ptII/lib/vertx-hazelcast-3.5.1.jar:/home/travis/build/icyphy/ptII/lib/vertx-lan
g-js-3.5.1.jar:/home/travis/build/icyphy/ptII/lib/vertx-service-proxy-3.5.1.jar
:/home/travis/build/icyphy/ptII/lib/vertx-web-3.5.1.jar:/home/travis/build/icyp
hy/ptII/lib/slf4j-api-1.7.13.jar:/home/travis/build/icyphy/ptII/lib/slf4j-simpl
e-1.7.13.jar:/home/travis/build/icyphy/ptII/lib/webcam-capture-0.3.12.jar:/home
/travis/build/icyphy/ptII/lib/bridj-0.7.0.jar:/home/travis/build/icyphy/ptII/li
b/xbjlib-1.1.0.nrjavaserial.jar:/home/travis/build/icyphy/ptII/ptolemy/moml/tes
t:/home/travis/build/icyphy/ptII/ant/lib/ant-launcher.jar:/home/travis/build/ic
yphy/ptII/ant/lib/ant.jar:/home/travis/build/icyphy/ptII/ant/lib/ant-junit.jar:
/home/travis/build/icyphy/ptII/ant/lib/ant-junit4.jar:/home/travis/build/icyphy
/ptII ModularCodeGen4_A2_profile.java
total 1692
drwxrwxr-x   3 travis travis 12288 Apr  9 04:00 AbsoluteValue
drwxrwxr-x   3 travis travis 16384 Apr  9 04:00 Case1
drwxrwxr-x   3 travis travis 32768 Apr  9 04:00 Case2
-rw-rw-r--   1 travis travis  4895 Apr  9 04:04 CompiledCompositeActor_CompiledCompositeActor.class
-rw-rw-r--   1 travis travis  1592 Apr  9 04:04 CompiledCompositeActor_CompiledCompositeActor$_CompiledCompositeActor_CompiledCompositeActor.class
-rw-rw-r--   1 travis travis 13466 Apr  9 04:04 CompiledCompositeActor_CompiledCompositeActor.java
-rw-rw-r--   1 travis travis  1593 Apr  9 04:04 CompiledCompositeActor_CompiledCompositeActor.mk
drwxrwxr-x   3 travis travis 24576 Apr  9 04:02 DeScrambler
drwxrwxr-x   3 travis travis 16384 Apr  9 04:04 DotProduct
drwxrwxr-x   3 travis travis 12288 Apr  9 04:00 FileWriter1
drwxrwxr-x   3 travis travis 20480 Apr  9 04:00 FixToDoubleAndBack
drwxrwxr-x   3 travis travis 16384 Apr  9 04:00 Gaussian1
drwxrwxr-x   3 travis travis 20480 Apr  9 04:00 Gaussian2
-rw-rw-r--   1 travis travis  4457 Apr  9 04:04 JavaCompiledCompositeTest1_CompiledCompositeActor.class
-rw-rw-r--   1 travis travis 11637 Apr  9 04:04 JavaCompiledCompositeTest1_CompiledCompositeActor.java
-rw-rw-r--   1 travis travis  1198 Apr  9 04:04 JavaCompiledCompositeTest1_CompiledCompositeActor$_JavaCompiledCompositeTest1_CompiledCompositeActor.class
-rw-rw-r--   1 travis travis  1625 Apr  9 04:04 JavaCompiledCompositeTest1_CompiledCompositeActor.mk
-rw-rw-r--   1 travis travis  4888 Apr  9 04:04 JavaCompiledCompositeTest2_CompiledCompositeActor.class
-rw-rw-r--   1 travis travis 14919 Apr  9 04:04 JavaCompiledCompositeTest2_CompiledCompositeActor.java
-rw-rw-r--   1 travis travis  1793 Apr  9 04:04 JavaCompiledCompositeTest2_CompiledCompositeActor$_JavaCompiledCompositeTest2_CompiledCompositeActor.class
-rw-rw-r--   1 travis travis  1625 Apr  9 04:04 JavaCompiledCompositeTest2_CompiledCompositeActor.mk
-rw-rw-r--   1 travis travis  4505 Apr  9 04:04 JavaCompiledCompositeTest3_CompiledCompositeActor.class
-rw-rw-r--   1 travis travis 13080 Apr  9 04:04 JavaCompiledCompositeTest3_CompiledCompositeActor.java
-rw-rw-r--   1 travis travis  1378 Apr  9 04:04 JavaCompiledCompositeTest3_CompiledCompositeActor$_JavaCompiledCompositeTest3_CompiledCompositeActor.class
-rw-rw-r--   1 travis travis  1625 Apr  9 04:04 JavaCompiledCompositeTest3_CompiledCompositeActor.mk
-rw-rw-r--   1 travis travis  3953 Apr  9 04:04 JavaCompiledCompositeTest4_CompiledCompositeActor.class
-rw-rw-r--   1 travis travis  9687 Apr  9 04:04 JavaCompiledCompositeTest4_CompiledCompositeActor.java
-rw-rw-r--   1 travis travis   857 Apr  9 04:04 JavaCompiledCompositeTest4_CompiledCompositeActor$_JavaCompiledCompositeTest4_CompiledCompositeActor.class
-rw-rw-r--   1 travis travis  1625 Apr  9 04:04 JavaCompiledCompositeTest4_CompiledCompositeActor.mk
drwxrwxr-x   3 travis travis 12288 Apr  9 04:01 LookupTable
drwxrwxr-x   3 travis travis 20480 Apr  9 04:01 MaxIndex
-rw-rw-r--   1 travis travis  3693 Apr  9 04:04 ModularCG_A1_B1.class
-rw-rw-r--   1 travis travis  9730 Apr  9 04:04 ModularCG_A1_B1.java
-rw-rw-r--   1 travis travis   832 Apr  9 04:04 ModularCG_A1_B1.mk
-rw-rw-r--   1 travis travis  1318 Apr  9 04:04 ModularCG_A1_B1_profile.class
-rw-rw-r--   1 travis travis  1262 Apr  9 04:04 ModularCG_A1_B1_profile.java
-rw-rw-r--   1 travis travis  3693 Apr  9 04:04 ModularCG_A1_B2.class
-rw-rw-r--   1 travis travis  9730 Apr  9 04:04 ModularCG_A1_B2.java
-rw-rw-r--   1 travis travis   832 Apr  9 04:04 ModularCG_A1_B2.mk
-rw-rw-r--   1 travis travis  1318 Apr  9 04:04 ModularCG_A1_B2_profile.class
-rw-rw-r--   1 travis travis  1262 Apr  9 04:04 ModularCG_A1_B2_profile.java
-rw-rw-r--   1 travis travis  4799 Apr  9 04:04 ModularCG_A1.class
-rw-rw-r--   1 travis travis 14742 Apr  9 04:04 ModularCG_A1.java
-rw-rw-r--   1 travis travis   808 Apr  9 04:04 ModularCG_A1.mk
-rw-rw-r--   1 travis travis  1433 Apr  9 04:04 ModularCG_A1_profile.class
-rw-rw-r--   1 travis travis  1704 Apr  9 04:04 ModularCG_A1_profile.java
-rw-rw-r--   1 travis travis  3827 Apr  9 04:04 ModularCG_A2_B1.class
-rw-rw-r--   1 travis travis 10667 Apr  9 04:04 ModularCG_A2_B1.java
-rw-rw-r--   1 travis travis   832 Apr  9 04:04 ModularCG_A2_B1.mk
-rw-rw-r--   1 travis travis  1381 Apr  9 04:04 ModularCG_A2_B1_profile.class
-rw-rw-r--   1 travis travis  1446 Apr  9 04:04 ModularCG_A2_B1_profile.java
-rw-rw-r--   1 travis travis  3693 Apr  9 04:04 ModularCG_A2_B2.class
-rw-rw-r--   1 travis travis  9730 Apr  9 04:04 ModularCG_A2_B2.java
-rw-rw-r--   1 travis travis   832 Apr  9 04:04 ModularCG_A2_B2.mk
-rw-rw-r--   1 travis travis  1318 Apr  9 04:04 ModularCG_A2_B2_profile.class
-rw-rw-r--   1 travis travis  1262 Apr  9 04:04 ModularCG_A2_B2_profile.java
-rw-rw-r--   1 travis travis  4870 Apr  9 04:05 ModularCG_A2.class
-rw-rw-r--   1 travis travis 15129 Apr  9 04:05 ModularCG_A2.java
-rw-rw-r--   1 travis travis   808 Apr  9 04:05 ModularCG_A2.mk
-rw-rw-r--   1 travis travis  1433 Apr  9 04:05 ModularCG_A2_profile.class
-rw-rw-r--   1 travis travis  1704 Apr  9 04:04 ModularCG_A2_profile.java
-rw-rw-r--   1 travis travis  3473 Apr  9 04:05 ModularCGPubSub_A1_A2.class
-rw-rw-r--   1 travis travis  9076 Apr  9 04:05 ModularCGPubSub_A1_A2.java
-rw-rw-r--   1 travis travis   880 Apr  9 04:05 ModularCGPubSub_A1_A2.mk
-rw-rw-r--   1 travis travis  1300 Apr  9 04:05 ModularCGPubSub_A1_A2_profile.class
-rw-rw-r--   1 travis travis  1222 Apr  9 04:05 ModularCGPubSub_A1_A2_profile.java
-rw-rw-r--   1 travis travis  3790 Apr  9 04:05 ModularCGPubSub_A1.class
-rw-rw-r--   1 travis travis  9836 Apr  9 04:05 ModularCGPubSub_A1.java
-rw-rw-r--   1 travis travis   856 Apr  9 04:05 ModularCGPubSub_A1.mk
-rw-rw-r--   1 travis travis  1346 Apr  9 04:05 ModularCGPubSub_A1_profile.class
-rw-rw-r--   1 travis travis  1388 Apr  9 04:05 ModularCGPubSub_A1_profile.java
-rw-rw-r--   1 travis travis  3988 Apr  9 04:05 ModularCodeGen2_ModularCodeGenTypedCompositeActor.class
-rw-rw-r--   1 travis travis 11690 Apr  9 04:05 ModularCodeGen2_ModularCodeGenTypedCompositeActor.java
-rw-rw-r--   1 travis travis  1104 Apr  9 04:05 ModularCodeGen2_ModularCodeGenTypedCompositeActor.mk
-rw-rw-r--   1 travis travis  4272 Apr  9 04:05 ModularCodeGen2_ModularCodeGenTypedCompositeActor_ModularCodeGenTypedCompositeActor.class
-rw-rw-r--   1 travis travis 11790 Apr  9 04:05 ModularCodeGen2_ModularCodeGenTypedCompositeActor_ModularCodeGenTypedCompositeActor.java
-rw-rw-r--   1 travis travis  1376 Apr  9 04:05 ModularCodeGen2_ModularCodeGenTypedCompositeActor_ModularCodeGenTypedCompositeActor.mk
-rw-rw-r--   1 travis travis  1421 Apr  9 04:05 ModularCodeGen2_ModularCodeGenTypedCompositeActor_ModularCodeGenTypedCompositeActor_profile.class
-rw-rw-r--   1 travis travis  1294 Apr  9 04:05 ModularCodeGen2_ModularCodeGenTypedCompositeActor_ModularCodeGenTypedCompositeActor_profile.java
-rw-rw-r--   1 travis travis   820 Apr  9 04:05 ModularCodeGen2_ModularCodeGenTypedCompositeActor_profile.class
-rw-rw-r--   1 travis travis   693 Apr  9 04:05 ModularCodeGen2_ModularCodeGenTypedCompositeActor_profile.java
-rw-rw-r--   1 travis travis  3741 Apr  9 04:05 ModularCodeGen3_A1_B1.class
-rw-rw-r--   1 travis travis  9958 Apr  9 04:05 ModularCodeGen3_A1_B1.java
-rw-rw-r--   1 travis travis   880 Apr  9 04:05 ModularCodeGen3_A1_B1.mk
-rw-rw-r--   1 travis travis  1330 Apr  9 04:05 ModularCodeGen3_A1_B1_profile.class
-rw-rw-r--   1 travis travis  1274 Apr  9 04:05 ModularCodeGen3_A1_B1_profile.java
-rw-rw-r--   1 travis travis  3741 Apr  9 04:05 ModularCodeGen3_A1_B2.class
-rw-rw-r--   1 travis travis  9958 Apr  9 04:05 ModularCodeGen3_A1_B2.java
-rw-rw-r--   1 travis travis   880 Apr  9 04:05 ModularCodeGen3_A1_B2.mk
-rw-rw-r--   1 travis travis  1330 Apr  9 04:05 ModularCodeGen3_A1_B2_profile.class
-rw-rw-r--   1 travis travis  1274 Apr  9 04:05 ModularCodeGen3_A1_B2_profile.java
-rw-rw-r--   1 travis travis  4961 Apr  9 04:05 ModularCodeGen3_A1.class
-rw-rw-r--   1 travis travis 15564 Apr  9 04:05 ModularCodeGen3_A1.java
-rw-rw-r--   1 travis travis   856 Apr  9 04:05 ModularCodeGen3_A1.mk
-rw-rw-r--   1 travis travis  1445 Apr  9 04:05 ModularCodeGen3_A1_profile.class
-rw-rw-r--   1 travis travis  1716 Apr  9 04:05 ModularCodeGen3_A1_profile.java
-rw-rw-r--   1 travis travis  3887 Apr  9 04:05 ModularCodeGen3_A2_B1.class
-rw-rw-r--   1 travis travis 10955 Apr  9 04:05 ModularCodeGen3_A2_B1.java
-rw-rw-r--   1 travis travis   880 Apr  9 04:05 ModularCodeGen3_A2_B1.mk
-rw-rw-r--   1 travis travis  1393 Apr  9 04:05 ModularCodeGen3_A2_B1_profile.class
-rw-rw-r--   1 travis travis  1458 Apr  9 04:05 ModularCodeGen3_A2_B1_profile.java
-rw-rw-r--   1 travis travis  3741 Apr  9 04:05 ModularCodeGen3_A2_B2.class
-rw-rw-r--   1 travis travis  9958 Apr  9 04:05 ModularCodeGen3_A2_B2.java
-rw-rw-r--   1 travis travis   880 Apr  9 04:05 ModularCodeGen3_A2_B2.mk
-rw-rw-r--   1 travis travis  1330 Apr  9 04:05 ModularCodeGen3_A2_B2_profile.class
-rw-rw-r--   1 travis travis  1274 Apr  9 04:05 ModularCodeGen3_A2_B2_profile.java
-rw-rw-r--   1 travis travis  5038 Apr  9 04:05 ModularCodeGen3_A2.class
-rw-rw-r--   1 travis travis 15957 Apr  9 04:05 ModularCodeGen3_A2.java
-rw-rw-r--   1 travis travis   856 Apr  9 04:05 ModularCodeGen3_A2.mk
-rw-rw-r--   1 travis travis  1445 Apr  9 04:05 ModularCodeGen3_A2_profile.class
-rw-rw-r--   1 travis travis  1716 Apr  9 04:05 ModularCodeGen3_A2_profile.java
-rw-rw-r--   1 travis travis  3794 Apr  9 04:05 ModularCodeGen4_A1_B1.class
-rw-rw-r--   1 travis travis 10312 Apr  9 04:05 ModularCodeGen4_A1_B1.java
-rw-rw-r--   1 travis travis   880 Apr  9 04:05 ModularCodeGen4_A1_B1.mk
-rw-rw-r--   1 travis travis  1330 Apr  9 04:05 ModularCodeGen4_A1_B1_profile.class
-rw-rw-r--   1 travis travis  1273 Apr  9 04:05 ModularCodeGen4_A1_B1_profile.java
-rw-rw-r--   1 travis travis  3794 Apr  9 04:05 ModularCodeGen4_A1_B2.class
-rw-rw-r--   1 travis travis 10312 Apr  9 04:05 ModularCodeGen4_A1_B2.java
-rw-rw-r--   1 travis travis   880 Apr  9 04:05 ModularCodeGen4_A1_B2.mk
-rw-rw-r--   1 travis travis  1330 Apr  9 04:05 ModularCodeGen4_A1_B2_profile.class
-rw-rw-r--   1 travis travis  1273 Apr  9 04:05 ModularCodeGen4_A1_B2_profile.java
-rw-rw-r--   1 travis travis  5101 Apr  9 04:05 ModularCodeGen4_A1.class
-rw-rw-r--   1 travis travis 16245 Apr  9 04:05 ModularCodeGen4_A1.java
-rw-rw-r--   1 travis travis   856 Apr  9 04:05 ModularCodeGen4_A1.mk
-rw-rw-r--   1 travis travis  1445 Apr  9 04:05 ModularCodeGen4_A1_profile.class
-rw-rw-r--   1 travis travis  1712 Apr  9 04:05 ModularCodeGen4_A1_profile.java
-rw-rw-r--   1 travis travis  3988 Apr  9 04:05 ModularCodeGen4_A2_B1.class
-rw-rw-r--   1 travis travis 11375 Apr  9 04:05 ModularCodeGen4_A2_B1.java
-rw-rw-r--   1 travis travis   880 Apr  9 04:05 ModularCodeGen4_A2_B1.mk
-rw-rw-r--   1 travis travis  1393 Apr  9 04:05 ModularCodeGen4_A2_B1_profile.class
-rw-rw-r--   1 travis travis  1454 Apr  9 04:05 ModularCodeGen4_A2_B1_profile.java
-rw-rw-r--   1 travis travis  3842 Apr  9 04:05 ModularCodeGen4_A2_B2.class
-rw-rw-r--   1 travis travis 10378 Apr  9 04:05 ModularCodeGen4_A2_B2.java
-rw-rw-r--   1 travis travis   880 Apr  9 04:05 ModularCodeGen4_A2_B2.mk
-rw-rw-r--   1 travis travis  1330 Apr  9 04:05 ModularCodeGen4_A2_B2_profile.class
-rw-rw-r--   1 travis travis  1270 Apr  9 04:05 ModularCodeGen4_A2_B2_profile.java
-rw-rw-r--   1 travis travis  1712 Apr  9 04:05 ModularCodeGen4_A2_profile.java
-rw-rw-r--   1 travis travis  3954 Apr  9 04:05 ModularCodeGen_ModularCodeGenTypedCompositeActor.class
-rw-rw-r--   1 travis travis 10970 Apr  9 04:05 ModularCodeGen_ModularCodeGenTypedCompositeActor.java
-rw-rw-r--   1 travis travis  1096 Apr  9 04:05 ModularCodeGen_ModularCodeGenTypedCompositeActor.mk
-rw-rw-r--   1 travis travis  1384 Apr  9 04:05 ModularCodeGen_ModularCodeGenTypedCompositeActor_profile.class
-rw-rw-r--   1 travis travis  1328 Apr  9 04:05 ModularCodeGen_ModularCodeGenTypedCompositeActor_profile.java
-rw-rw-r--   1 travis travis  3492 Apr  9 04:04 ModularCodeGenTest_A1_A2.class
-rw-rw-r--   1 travis travis   904 Apr  9 04:04 ModularCodeGenTest_A1_A2.mk
-rw-rw-r--   1 travis travis  1306 Apr  9 04:04 ModularCodeGenTest_A1_A2_profile.class
-rw-rw-r--   1 travis travis  3823 Apr  9 04:04 ModularCodeGenTest_A1.class
-rw-rw-r--   1 travis travis  9968 Apr  9 04:04 ModularCodeGenTest_A1.java
-rw-rw-r--   1 travis travis   880 Apr  9 04:04 ModularCodeGenTest_A1.mk
-rw-rw-r--   1 travis travis  1352 Apr  9 04:04 ModularCodeGenTest_A1_profile.class
-rw-rw-r--   1 travis travis  1394 Apr  9 04:04 ModularCodeGenTest_A1_profile.java
drwxrwxr-x   3 travis travis 36864 Apr  9 04:04 modulation2
drwxrwxr-x   3 travis travis 20480 Apr  9 04:01 Multiplexor
drwxrwxr-x 242 travis travis 12288 Apr  9 04:04 node_modules
drwxrwxr-x   3 travis travis 20480 Apr  9 04:01 PhaseUnwrap
-rw-rw-r--   1 travis travis   520 Apr  9 04:04 Repeat$_fireFunction_Repeat_Repeat$__f_sL_0.class
-rw-rw-r--   1 travis travis   522 Apr  9 04:04 Repeat$_fireFunction_Repeat_Repeat$__f_sL_10.class
-rw-rw-r--   1 travis travis   666 Apr  9 04:04 Repeat$_fireFunction_Repeat_Repeat$__f_sL_11.class
-rw-rw-r--   1 travis travis   522 Apr  9 04:04 Repeat$_fireFunction_Repeat_Repeat$__f_sL_13.class
-rw-rw-r--   1 travis travis   665 Apr  9 04:04 Repeat$_fireFunction_Repeat_Repeat$__f_sL_1.class
-rw-rw-r--   1 travis travis   520 Apr  9 04:04 Repeat$_fireFunction_Repeat_Repeat$__f_sL_2.class
-rw-rw-r--   1 travis travis   520 Apr  9 04:04 Repeat$_fireFunction_Repeat_Repeat$__f_sL_3.class
-rw-rw-r--   1 travis travis   520 Apr  9 04:04 Repeat$_fireFunction_Repeat_Repeat$__f_sL_5.class
-rw-rw-r--   1 travis travis   671 Apr  9 04:04 Repeat$_fireFunction_Repeat_Repeat$__f_sL_7.class
-rw-rw-r--   1 travis travis   520 Apr  9 04:04 Repeat$_fireFunction_Repeat_Repeat$__f_sL_9.class
-rw-rw-r--   1 travis travis   813 Apr  9 04:04 Repeat$_initialize_Repeat.class
-rw-rw-r--   1 travis travis   475 Apr  9 04:04 Repeat$_initialize_Repeat$__i_sL_0.class
-rw-rw-r--   1 travis travis   519 Apr  9 04:04 Repeat$_initialize_Repeat$__i_sL_3.class
-rw-rw-r--   1 travis travis 39778 Apr  9 04:04 Repeat.java
-rw-rw-r--   1 travis travis  1281 Apr  9 04:04 Repeat.mk
-rw-rw-r--   1 travis travis   520 Apr  9 04:04 Repeat$_preinitializeMethod_Repeat$__p_sL_0.class
-rw-rw-r--   1 travis travis   520 Apr  9 04:04 Repeat$_preinitializeMethod_Repeat$__p_sL_1.class
-rw-rw-r--   1 travis travis  1083 Apr  9 04:04 Repeat$_Repeat$_fireFunction_Repeat_AddSubtract_Repeat.class
-rw-rw-r--   1 travis travis   791 Apr  9 04:04 Repeat$_Repeat$_fireFunction_Repeat_AddSubtract_Repeat$__f_sL_0.class
-rw-rw-r--   1 travis travis   909 Apr  9 04:04 Repeat$_Repeat$_fireFunction_Repeat_AddSubtract_Repeat$__f_sL_1.class
-rw-rw-r--   1 travis travis   915 Apr  9 04:04 Repeat$_Repeat$_fireFunction_Repeat_AddSubtract_Repeat$__f_sL_2.class
-rw-rw-r--   1 travis travis   838 Apr  9 04:04 Repeat$_Repeat$_fireFunction_Repeat_Ramp2_Repeat$__f_sL_1.class
-rw-rw-r--   1 travis travis  1785 Apr  9 04:04 Repeat$_Repeat$_fireFunction_Repeat_Test_Repeat$__f_sL_2.class
-rw-rw-r--   1 travis travis   685 Apr  9 04:04 Repeat$_Repeat_SDF_Director_run_Repeat$__R_sL_0.class
-rw-rw-r--   1 travis travis   540 Apr  9 04:04 Repeat$_Repeat_SDF_Director_run_Repeat$__R_sL_1.class
-rw-rw-r--   1 travis travis   540 Apr  9 04:04 Repeat$_Repeat_SDF_Director_run_Repeat$__R_sL_2.class
-rw-rw-r--   1 travis travis   540 Apr  9 04:04 Repeat$_Repeat_SDF_Director_run_Repeat$__R_sL_4.class
-rw-rw-r--   1 travis travis   540 Apr  9 04:04 Repeat$_Repeat_SDF_Director_run_Repeat$__R_sL_5.class
-rw-rw-r--   1 travis travis   691 Apr  9 04:04 Repeat$_Repeat_SDF_Director_run_Repeat$__R_sL_6.class
-rw-rw-r--   1 travis travis   540 Apr  9 04:04 Repeat$_Repeat_SDF_Director_run_Repeat$__R_sL_7.class
-rw-rw-r--   1 travis travis   863 Apr  9 04:04 Repeat$_varinit_Repeat.class
-rw-rw-r--   1 travis travis   530 Apr  9 04:04 Repeat$_varinit_Repeat$__v_sL_1.class
-rw-rw-r--   1 travis travis   531 Apr  9 04:04 Repeat$_varinit_Repeat$__v_sL_2.class
-rw-rw-r--   1 travis travis   905 Apr  9 04:04 Repeat$_varinit_Repeat$__v_sL_4.class
-rw-rw-r--   1 travis travis   635 Apr  9 04:04 Repeat$_wrapup_Repeat.class
-rw-rw-r--   1 travis travis   965 Apr  9 04:04 Repeat$_wrapup_Repeat$__w_sL_1.class
-rw-rw-r--   1 travis travis   289 Apr  9 03:59 result.csv
drwxrwxr-x   3 travis travis 12288 Apr  9 04:02 Scrambler1
drwxrwxr-x   3 travis travis 20480 Apr  9 04:01 Sinewave2
drwxrwxr-x   3 travis travis 69632 Apr  9 04:02 StringCompare
drwxrwxr-x   3 travis travis 32768 Apr  9 04:02 StringFunction
drwxrwxr-x   3 travis travis 12288 Apr  9 04:03 StringLength
drwxrwxr-x   3 travis travis 57344 Apr  9 04:03 StringSimpleReplace
drwxrwxr-x   3 travis travis 12288 Apr  9 04:04 time2
drwxrwxr-x   3 travis travis 12288 Apr  9 04:04 time5
-rw-rw-r--   1 travis travis   432 Apr  9 04:05 Token.class
-rw-rw-r--   1 travis travis   251 Apr  9 04:05 Token.java
-rw-rw-r--   1 travis travis     0 Apr  9 04:04 top.
-rw-rw-r--   1 travis travis 20502 Apr  9 03:59 top.c
-rw-rw-r--   1 travis travis  3567 Apr  9 04:04 top.class
-rw-rw-r--   1 travis travis   169 Apr  9 03:59 top.html
-rw-rw-r--   1 travis travis  7552 Apr  9 04:04 top.java
-rw-rw-r--   1 travis travis 38888 Apr  9 03:59 top.o
drwxrwxr-x   3 travis travis 57344 Apr  9 04:02 UnaryMathFunction
All Done
Writing ModularCodeGen4_A2.java in file:/home/travis/cg/ (16770 characters)
Reading "ptolemy/cg/kernel/generic/program/procedural/java/modular/makefile.in",
    writing "/home/travis/cg/ModularCodeGen4_A2.mk"
Using ptolemy/cg/kernel/generic/program/procedural/java/modular/makefile.in
In "/home/travis/cg", about to execute:
    make -f ModularCodeGen4_A2.mk
javac -classpath ".:.."    ModularCodeGen4_A2.java
All Done
Manager.initialize() finished: 12111 ms. Memory: 145920K Free: 105314K (72%)
12113 ms. Memory: 145920K Free: 105314K (72%)
----------------- Invoking toplevel() on ptolemy.moml.MoMLSimpleApplication@52e58a6f
----------------- Done invoking toplevel() on ptolemy.moml.MoMLSimpleApplication@52e58a6f
reloadAllAccessors: .ModularCodeGen4

===========================================================================================
----------------- testing Tue Apr 09 04:05:36 UTC 2019 /home/travis/build/icyphy/ptII/ptolemy/cg/lib/test/auto/ModularCodeGen5.xml
----------------- Instantiating /home/travis/build/icyphy/ptII/ptolemy/cg/lib/test/auto/ModularCodeGen5.xml
In "/home/travis/cg", about to execute:
    pwd
In "/home/travis/cg", about to execute:
    ls -l
/home/travis/cg
In "/home/travis/cg", about to execute:
    javac -classpath
.:/home/travis/build/icyphy/ptII:/home/travis/build/icyphy/ptII/lib/bsh-2.0b4.j
ar:/home/travis/build/icyphy/ptII/lib/ptCal.jar:/home/travis/build/icyphy/ptII/
lib/java_cup.jar:/home/travis/build/icyphy/ptII/lib/saxon8.jar:/home/travis/bui
ld/icyphy/ptII/lib/saxon8-dom.jar:/home/travis/build/icyphy/ptII/lib/chic.jar:/
home/travis/build/icyphy/ptII/lib/ptcolt.jar:/usr/lib/jvm/java-8-oracle/lib/too
ls.jar:/home/travis/build/icyphy/ptII/vendors/misc/itext/iText.jar:/home/travis
/build/icyphy/ptII/lib/g4ltl.jar:/home/travis/build/icyphy/ptII/lib/StructuralC
oder.jar:/home/travis/build/icyphy/ptII/vendors/jai-1_1_2_01/lib/jai_core.jar:/
home/travis/build/icyphy/ptII/vendors/jai-1_1_2_01/lib/jai_codec.jar:/home/trav
is/build/icyphy/ptII/lib/jcerti.jar:/home/travis/build/icyphy/ptII/lib/javax.ma
il.jar:/home/travis/build/icyphy/ptII/vendors/JMF-2.1.1e/lib/jmf.jar:/home/trav
is/build/icyphy/ptII/lib/jna-4.0.0-variadic.jar:/home/travis/build/icyphy/ptII/
vendors/misc/joystick/Joystick.jar:/home/travis/build/icyphy/ptII/lib/ptjacl.ja
r:/home/travis/build/icyphy/ptII/lib/jsoup-1.8.2.jar:/home/travis/build/icyphy/
ptII/lib/junit-4.8.2.jar:/home/travis/build/icyphy/ptII/lib/JUnitParams-0.4.0.j
ar:/home/travis/build/icyphy/ptII/ptolemy/actor/lib/excel/jxl.jar:/home/travis/
build/icyphy/ptII/lib/jython.jar:/home/travis/build/icyphy/ptII/lib/kieler.jar:
/home/travis/build/icyphy/ptII/vendors/opencv/share/OpenCV/java/opencv-341.jar:
/home/travis/build/icyphy/ptII/lib/oscP5.jar:/home/travis/build/icyphy/ptII/lib
/nrjavaserial-3.11.0.devel.jar:/home/travis/build/icyphy/ptII/vendors/j3d/lib/j
3dcore.jar:/home/travis/build/icyphy/ptII/vendors/j3d/lib/j3dutils.jar:/home/tr
avis/build/icyphy/ptII/vendors/j3d/lib/vecmath.jar:/home/travis/build/icyphy/pt
II/ptolemy/distributed/jini/jar/jini-core.jar:/home/travis/build/icyphy/ptII/pt
olemy/distributed/jini/jar/jini-ext.jar:/home/travis/build/icyphy/ptII/ptolemy/
distributed/jini/jar/sun-util.jar:/home/travis/build/icyphy/ptII/lib/protobuf-j
ava-2.4.1.jar:/home/travis/build/icyphy/ptII/lib/org.eclipse.paho.client.mqttv3
.jar:/home/travis/build/icyphy/ptII/lib/mapss.jar:/home/travis/build/icyphy/ptI
I/ptolemy/actor/ptalon/antlr/antlr.jar:/home/travis/build/icyphy/ptII/lib/JRI.j
ar:/home/travis/build/icyphy/ptII/lib/commons-lang-2.6.jar:/home/travis/build/i
cyphy/ptII/lib/commons-logging-1.1.1.jar:/home/travis/build/icyphy/ptII/lib/soo
tclasses.jar:/home/travis/build/icyphy/ptII/ptolemy/actor/lib/database/mysql-co
nnector-java-5.1.6-bin.jar:/home/travis/build/icyphy/ptII/vendors/misc/sphinx4/
sphinx4-data-5prealpha.jar:/home/travis/build/icyphy/ptII/vendors/misc/sphinx4/
sphinx4-core-5prealpha.jar:/home/travis/build/icyphy/ptII/lib/PDFRenderer.jar:/
home/travis/build/icyphy/ptII/lib/svgSalamander.jar:/home/travis/build/icyphy/p
tII/lib/rsyntaxtextarea-2.6.0-SNAPSHOT.jar:/home/travis/build/icyphy/ptII/lib/h
azelcast-3.8.2.jar:/home/travis/build/icyphy/ptII/lib/jackson-annotations-2.9.0
.jar:/home/travis/build/icyphy/ptII/lib/jackson-core-2.9.3.jar:/home/travis/bui
ld/icyphy/ptII/lib/jackson-databind-2.9.3.jar:/home/travis/build/icyphy/ptII/li
b/netty-buffer-4.1.19.Final.jar:/home/travis/build/icyphy/ptII/lib/netty-codec-
4.1.19.Final.jar:/home/travis/build/icyphy/ptII/lib/netty-codec-dns-4.1.19.Fina
l.jar:/home/travis/build/icyphy/ptII/lib/netty-codec-http-4.1.19.Final.jar:/hom
e/travis/build/icyphy/ptII/lib/netty-codec-http2-4.1.19.Final.jar:/home/travis/
build/icyphy/ptII/lib/netty-common-4.1.19.Final.jar:/home/travis/build/icyphy/p
tII/lib/netty-handler-4.1.19.Final.jar:/home/travis/build/icyphy/ptII/lib/netty
-resolver-4.1.19.Final.jar:/home/travis/build/icyphy/ptII/lib/netty-resolver-dn
s-4.1.19.Final.jar:/home/travis/build/icyphy/ptII/lib/netty-transport-4.1.19.Fi
nal.jar:/home/travis/build/icyphy/ptII/lib/vertx-codegen-3.5.1.jar:/home/travis
/build/icyphy/ptII/lib/vertx-core-3.5.2-SNAPSHOT.jar:/home/travis/build/icyphy/
ptII/lib/vertx-hazelcast-3.5.1.jar:/home/travis/build/icyphy/ptII/lib/vertx-lan
g-js-3.5.1.jar:/home/travis/build/icyphy/ptII/lib/vertx-service-proxy-3.5.1.jar
:/home/travis/build/icyphy/ptII/lib/vertx-web-3.5.1.jar:/home/travis/build/icyp
hy/ptII/lib/slf4j-api-1.7.13.jar:/home/travis/build/icyphy/ptII/lib/slf4j-simpl
e-1.7.13.jar:/home/travis/build/icyphy/ptII/lib/webcam-capture-0.3.12.jar:/home
/travis/build/icyphy/ptII/lib/bridj-0.7.0.jar:/home/travis/build/icyphy/ptII/li
b/xbjlib-1.1.0.nrjavaserial.jar:/home/travis/build/icyphy/ptII/ptolemy/moml/tes
t:/home/travis/build/icyphy/ptII/ant/lib/ant-launcher.jar:/home/travis/build/ic
yphy/ptII/ant/lib/ant.jar:/home/travis/build/icyphy/ptII/ant/lib/ant-junit.jar:
/home/travis/build/icyphy/ptII/ant/lib/ant-junit4.jar:/home/travis/build/icyphy
/ptII ModularCodeGen5_A_A_profile.java
total 1732
drwxrwxr-x   3 travis travis 12288 Apr  9 04:00 AbsoluteValue
drwxrwxr-x   3 travis travis 16384 Apr  9 04:00 Case1
drwxrwxr-x   3 travis travis 32768 Apr  9 04:00 Case2
-rw-rw-r--   1 travis travis  4895 Apr  9 04:04 CompiledCompositeActor_CompiledCompositeActor.class
-rw-rw-r--   1 travis travis  1592 Apr  9 04:04 CompiledCompositeActor_CompiledCompositeActor$_CompiledCompositeActor_CompiledCompositeActor.class
-rw-rw-r--   1 travis travis 13466 Apr  9 04:04 CompiledCompositeActor_CompiledCompositeActor.java
-rw-rw-r--   1 travis travis  1593 Apr  9 04:04 CompiledCompositeActor_CompiledCompositeActor.mk
drwxrwxr-x   3 travis travis 24576 Apr  9 04:02 DeScrambler
drwxrwxr-x   3 travis travis 16384 Apr  9 04:04 DotProduct
drwxrwxr-x   3 travis travis 12288 Apr  9 04:00 FileWriter1
drwxrwxr-x   3 travis travis 20480 Apr  9 04:00 FixToDoubleAndBack
drwxrwxr-x   3 travis travis 16384 Apr  9 04:00 Gaussian1
drwxrwxr-x   3 travis travis 20480 Apr  9 04:00 Gaussian2
-rw-rw-r--   1 travis travis  4457 Apr  9 04:04 JavaCompiledCompositeTest1_CompiledCompositeActor.class
-rw-rw-r--   1 travis travis 11637 Apr  9 04:04 JavaCompiledCompositeTest1_CompiledCompositeActor.java
-rw-rw-r--   1 travis travis  1198 Apr  9 04:04 JavaCompiledCompositeTest1_CompiledCompositeActor$_JavaCompiledCompositeTest1_CompiledCompositeActor.class
-rw-rw-r--   1 travis travis  1625 Apr  9 04:04 JavaCompiledCompositeTest1_CompiledCompositeActor.mk
-rw-rw-r--   1 travis travis  4888 Apr  9 04:04 JavaCompiledCompositeTest2_CompiledCompositeActor.class
-rw-rw-r--   1 travis travis 14919 Apr  9 04:04 JavaCompiledCompositeTest2_CompiledCompositeActor.java
-rw-rw-r--   1 travis travis  1793 Apr  9 04:04 JavaCompiledCompositeTest2_CompiledCompositeActor$_JavaCompiledCompositeTest2_CompiledCompositeActor.class
-rw-rw-r--   1 travis travis  1625 Apr  9 04:04 JavaCompiledCompositeTest2_CompiledCompositeActor.mk
-rw-rw-r--   1 travis travis  4505 Apr  9 04:04 JavaCompiledCompositeTest3_CompiledCompositeActor.class
-rw-rw-r--   1 travis travis 13080 Apr  9 04:04 JavaCompiledCompositeTest3_CompiledCompositeActor.java
-rw-rw-r--   1 travis travis  1378 Apr  9 04:04 JavaCompiledCompositeTest3_CompiledCompositeActor$_JavaCompiledCompositeTest3_CompiledCompositeActor.class
-rw-rw-r--   1 travis travis  1625 Apr  9 04:04 JavaCompiledCompositeTest3_CompiledCompositeActor.mk
-rw-rw-r--   1 travis travis  3953 Apr  9 04:04 JavaCompiledCompositeTest4_CompiledCompositeActor.class
-rw-rw-r--   1 travis travis  9687 Apr  9 04:04 JavaCompiledCompositeTest4_CompiledCompositeActor.java
-rw-rw-r--   1 travis travis   857 Apr  9 04:04 JavaCompiledCompositeTest4_CompiledCompositeActor$_JavaCompiledCompositeTest4_CompiledCompositeActor.class
-rw-rw-r--   1 travis travis  1625 Apr  9 04:04 JavaCompiledCompositeTest4_CompiledCompositeActor.mk
drwxrwxr-x   3 travis travis 12288 Apr  9 04:01 LookupTable
drwxrwxr-x   3 travis travis 20480 Apr  9 04:01 MaxIndex
-rw-rw-r--   1 travis travis  3693 Apr  9 04:04 ModularCG_A1_B1.class
-rw-rw-r--   1 travis travis  9730 Apr  9 04:04 ModularCG_A1_B1.java
-rw-rw-r--   1 travis travis   832 Apr  9 04:04 ModularCG_A1_B1.mk
-rw-rw-r--   1 travis travis  1318 Apr  9 04:04 ModularCG_A1_B1_profile.class
-rw-rw-r--   1 travis travis  1262 Apr  9 04:04 ModularCG_A1_B1_profile.java
-rw-rw-r--   1 travis travis  3693 Apr  9 04:04 ModularCG_A1_B2.class
-rw-rw-r--   1 travis travis  9730 Apr  9 04:04 ModularCG_A1_B2.java
-rw-rw-r--   1 travis travis   832 Apr  9 04:04 ModularCG_A1_B2.mk
-rw-rw-r--   1 travis travis  1318 Apr  9 04:04 ModularCG_A1_B2_profile.class
-rw-rw-r--   1 travis travis  1262 Apr  9 04:04 ModularCG_A1_B2_profile.java
-rw-rw-r--   1 travis travis  4799 Apr  9 04:04 ModularCG_A1.class
-rw-rw-r--   1 travis travis 14742 Apr  9 04:04 ModularCG_A1.java
-rw-rw-r--   1 travis travis   808 Apr  9 04:04 ModularCG_A1.mk
-rw-rw-r--   1 travis travis  1433 Apr  9 04:04 ModularCG_A1_profile.class
-rw-rw-r--   1 travis travis  1704 Apr  9 04:04 ModularCG_A1_profile.java
-rw-rw-r--   1 travis travis  3827 Apr  9 04:04 ModularCG_A2_B1.class
-rw-rw-r--   1 travis travis 10667 Apr  9 04:04 ModularCG_A2_B1.java
-rw-rw-r--   1 travis travis   832 Apr  9 04:04 ModularCG_A2_B1.mk
-rw-rw-r--   1 travis travis  1381 Apr  9 04:04 ModularCG_A2_B1_profile.class
-rw-rw-r--   1 travis travis  1446 Apr  9 04:04 ModularCG_A2_B1_profile.java
-rw-rw-r--   1 travis travis  3693 Apr  9 04:04 ModularCG_A2_B2.class
-rw-rw-r--   1 travis travis  9730 Apr  9 04:04 ModularCG_A2_B2.java
-rw-rw-r--   1 travis travis   832 Apr  9 04:04 ModularCG_A2_B2.mk
-rw-rw-r--   1 travis travis  1318 Apr  9 04:04 ModularCG_A2_B2_profile.class
-rw-rw-r--   1 travis travis  1262 Apr  9 04:04 ModularCG_A2_B2_profile.java
-rw-rw-r--   1 travis travis  4870 Apr  9 04:05 ModularCG_A2.class
-rw-rw-r--   1 travis travis 15129 Apr  9 04:05 ModularCG_A2.java
-rw-rw-r--   1 travis travis   808 Apr  9 04:05 ModularCG_A2.mk
-rw-rw-r--   1 travis travis  1433 Apr  9 04:05 ModularCG_A2_profile.class
-rw-rw-r--   1 travis travis  1704 Apr  9 04:04 ModularCG_A2_profile.java
-rw-rw-r--   1 travis travis  3473 Apr  9 04:05 ModularCGPubSub_A1_A2.class
-rw-rw-r--   1 travis travis  9076 Apr  9 04:05 ModularCGPubSub_A1_A2.java
-rw-rw-r--   1 travis travis   880 Apr  9 04:05 ModularCGPubSub_A1_A2.mk
-rw-rw-r--   1 travis travis  1300 Apr  9 04:05 ModularCGPubSub_A1_A2_profile.class
-rw-rw-r--   1 travis travis  1222 Apr  9 04:05 ModularCGPubSub_A1_A2_profile.java
-rw-rw-r--   1 travis travis  3790 Apr  9 04:05 ModularCGPubSub_A1.class
-rw-rw-r--   1 travis travis  9836 Apr  9 04:05 ModularCGPubSub_A1.java
-rw-rw-r--   1 travis travis   856 Apr  9 04:05 ModularCGPubSub_A1.mk
-rw-rw-r--   1 travis travis  1346 Apr  9 04:05 ModularCGPubSub_A1_profile.class
-rw-rw-r--   1 travis travis  1388 Apr  9 04:05 ModularCGPubSub_A1_profile.java
-rw-rw-r--   1 travis travis  3988 Apr  9 04:05 ModularCodeGen2_ModularCodeGenTypedCompositeActor.class
-rw-rw-r--   1 travis travis 11690 Apr  9 04:05 ModularCodeGen2_ModularCodeGenTypedCompositeActor.java
-rw-rw-r--   1 travis travis  1104 Apr  9 04:05 ModularCodeGen2_ModularCodeGenTypedCompositeActor.mk
-rw-rw-r--   1 travis travis  4272 Apr  9 04:05 ModularCodeGen2_ModularCodeGenTypedCompositeActor_ModularCodeGenTypedCompositeActor.class
-rw-rw-r--   1 travis travis 11790 Apr  9 04:05 ModularCodeGen2_ModularCodeGenTypedCompositeActor_ModularCodeGenTypedCompositeActor.java
-rw-rw-r--   1 travis travis  1376 Apr  9 04:05 ModularCodeGen2_ModularCodeGenTypedCompositeActor_ModularCodeGenTypedCompositeActor.mk
-rw-rw-r--   1 travis travis  1421 Apr  9 04:05 ModularCodeGen2_ModularCodeGenTypedCompositeActor_ModularCodeGenTypedCompositeActor_profile.class
-rw-rw-r--   1 travis travis  1294 Apr  9 04:05 ModularCodeGen2_ModularCodeGenTypedCompositeActor_ModularCodeGenTypedCompositeActor_profile.java
-rw-rw-r--   1 travis travis   820 Apr  9 04:05 ModularCodeGen2_ModularCodeGenTypedCompositeActor_profile.class
-rw-rw-r--   1 travis travis   693 Apr  9 04:05 ModularCodeGen2_ModularCodeGenTypedCompositeActor_profile.java
-rw-rw-r--   1 travis travis  3741 Apr  9 04:05 ModularCodeGen3_A1_B1.class
-rw-rw-r--   1 travis travis  9958 Apr  9 04:05 ModularCodeGen3_A1_B1.java
-rw-rw-r--   1 travis travis   880 Apr  9 04:05 ModularCodeGen3_A1_B1.mk
-rw-rw-r--   1 travis travis  1330 Apr  9 04:05 ModularCodeGen3_A1_B1_profile.class
-rw-rw-r--   1 travis travis  1274 Apr  9 04:05 ModularCodeGen3_A1_B1_profile.java
-rw-rw-r--   1 travis travis  3741 Apr  9 04:05 ModularCodeGen3_A1_B2.class
-rw-rw-r--   1 travis travis  9958 Apr  9 04:05 ModularCodeGen3_A1_B2.java
-rw-rw-r--   1 travis travis   880 Apr  9 04:05 ModularCodeGen3_A1_B2.mk
-rw-rw-r--   1 travis travis  1330 Apr  9 04:05 ModularCodeGen3_A1_B2_profile.class
-rw-rw-r--   1 travis travis  1274 Apr  9 04:05 ModularCodeGen3_A1_B2_profile.java
-rw-rw-r--   1 travis travis  4961 Apr  9 04:05 ModularCodeGen3_A1.class
-rw-rw-r--   1 travis travis 15564 Apr  9 04:05 ModularCodeGen3_A1.java
-rw-rw-r--   1 travis travis   856 Apr  9 04:05 ModularCodeGen3_A1.mk
-rw-rw-r--   1 travis travis  1445 Apr  9 04:05 ModularCodeGen3_A1_profile.class
-rw-rw-r--   1 travis travis  1716 Apr  9 04:05 ModularCodeGen3_A1_profile.java
-rw-rw-r--   1 travis travis  3887 Apr  9 04:05 ModularCodeGen3_A2_B1.class
-rw-rw-r--   1 travis travis 10955 Apr  9 04:05 ModularCodeGen3_A2_B1.java
-rw-rw-r--   1 travis travis   880 Apr  9 04:05 ModularCodeGen3_A2_B1.mk
-rw-rw-r--   1 travis travis  1393 Apr  9 04:05 ModularCodeGen3_A2_B1_profile.class
-rw-rw-r--   1 travis travis  1458 Apr  9 04:05 ModularCodeGen3_A2_B1_profile.java
-rw-rw-r--   1 travis travis  3741 Apr  9 04:05 ModularCodeGen3_A2_B2.class
-rw-rw-r--   1 travis travis  9958 Apr  9 04:05 ModularCodeGen3_A2_B2.java
-rw-rw-r--   1 travis travis   880 Apr  9 04:05 ModularCodeGen3_A2_B2.mk
-rw-rw-r--   1 travis travis  1330 Apr  9 04:05 ModularCodeGen3_A2_B2_profile.class
-rw-rw-r--   1 travis travis  1274 Apr  9 04:05 ModularCodeGen3_A2_B2_profile.java
-rw-rw-r--   1 travis travis  5038 Apr  9 04:05 ModularCodeGen3_A2.class
-rw-rw-r--   1 travis travis 15957 Apr  9 04:05 ModularCodeGen3_A2.java
-rw-rw-r--   1 travis travis   856 Apr  9 04:05 ModularCodeGen3_A2.mk
-rw-rw-r--   1 travis travis  1445 Apr  9 04:05 ModularCodeGen3_A2_profile.class
-rw-rw-r--   1 travis travis  1716 Apr  9 04:05 ModularCodeGen3_A2_profile.java
-rw-rw-r--   1 travis travis  3794 Apr  9 04:05 ModularCodeGen4_A1_B1.class
-rw-rw-r--   1 travis travis 10312 Apr  9 04:05 ModularCodeGen4_A1_B1.java
-rw-rw-r--   1 travis travis   880 Apr  9 04:05 ModularCodeGen4_A1_B1.mk
-rw-rw-r--   1 travis travis  1330 Apr  9 04:05 ModularCodeGen4_A1_B1_profile.class
-rw-rw-r--   1 travis travis  1273 Apr  9 04:05 ModularCodeGen4_A1_B1_profile.java
-rw-rw-r--   1 travis travis  3794 Apr  9 04:05 ModularCodeGen4_A1_B2.class
-rw-rw-r--   1 travis travis 10312 Apr  9 04:05 ModularCodeGen4_A1_B2.java
-rw-rw-r--   1 travis travis   880 Apr  9 04:05 ModularCodeGen4_A1_B2.mk
-rw-rw-r--   1 travis travis  1330 Apr  9 04:05 ModularCodeGen4_A1_B2_profile.class
-rw-rw-r--   1 travis travis  1273 Apr  9 04:05 ModularCodeGen4_A1_B2_profile.java
-rw-rw-r--   1 travis travis  5101 Apr  9 04:05 ModularCodeGen4_A1.class
-rw-rw-r--   1 travis travis 16245 Apr  9 04:05 ModularCodeGen4_A1.java
-rw-rw-r--   1 travis travis   856 Apr  9 04:05 ModularCodeGen4_A1.mk
-rw-rw-r--   1 travis travis  1445 Apr  9 04:05 ModularCodeGen4_A1_profile.class
-rw-rw-r--   1 travis travis  1712 Apr  9 04:05 ModularCodeGen4_A1_profile.java
-rw-rw-r--   1 travis travis  3988 Apr  9 04:05 ModularCodeGen4_A2_B1.class
-rw-rw-r--   1 travis travis 11375 Apr  9 04:05 ModularCodeGen4_A2_B1.java
-rw-rw-r--   1 travis travis   880 Apr  9 04:05 ModularCodeGen4_A2_B1.mk
-rw-rw-r--   1 travis travis  1393 Apr  9 04:05 ModularCodeGen4_A2_B1_profile.class
-rw-rw-r--   1 travis travis  1454 Apr  9 04:05 ModularCodeGen4_A2_B1_profile.java
-rw-rw-r--   1 travis travis  3842 Apr  9 04:05 ModularCodeGen4_A2_B2.class
-rw-rw-r--   1 travis travis 10378 Apr  9 04:05 ModularCodeGen4_A2_B2.java
-rw-rw-r--   1 travis travis   880 Apr  9 04:05 ModularCodeGen4_A2_B2.mk
-rw-rw-r--   1 travis travis  1330 Apr  9 04:05 ModularCodeGen4_A2_B2_profile.class
-rw-rw-r--   1 travis travis  1270 Apr  9 04:05 ModularCodeGen4_A2_B2_profile.java
-rw-rw-r--   1 travis travis  5274 Apr  9 04:05 ModularCodeGen4_A2.class
-rw-rw-r--   1 travis travis 16770 Apr  9 04:05 ModularCodeGen4_A2.java
-rw-rw-r--   1 travis travis   856 Apr  9 04:05 ModularCodeGen4_A2.mk
-rw-rw-r--   1 travis travis  1445 Apr  9 04:05 ModularCodeGen4_A2_profile.class
-rw-rw-r--   1 travis travis  1712 Apr  9 04:05 ModularCodeGen4_A2_profile.java
-rw-rw-r--   1 travis travis  1815 Apr  9 04:05 ModularCodeGen5_A_A_profile.java
-rw-rw-r--   1 travis travis  3954 Apr  9 04:05 ModularCodeGen_ModularCodeGenTypedCompositeActor.class
-rw-rw-r--   1 travis travis 10970 Apr  9 04:05 ModularCodeGen_ModularCodeGenTypedCompositeActor.java
-rw-rw-r--   1 travis travis  1096 Apr  9 04:05 ModularCodeGen_ModularCodeGenTypedCompositeActor.mk
-rw-rw-r--   1 travis travis  1384 Apr  9 04:05 ModularCodeGen_ModularCodeGenTypedCompositeActor_profile.class
-rw-rw-r--   1 travis travis  1328 Apr  9 04:05 ModularCodeGen_ModularCodeGenTypedCompositeActor_profile.java
-rw-rw-r--   1 travis travis  3492 Apr  9 04:04 ModularCodeGenTest_A1_A2.class
-rw-rw-r--   1 travis travis   904 Apr  9 04:04 ModularCodeGenTest_A1_A2.mk
-rw-rw-r--   1 travis travis  1306 Apr  9 04:04 ModularCodeGenTest_A1_A2_profile.class
-rw-rw-r--   1 travis travis  3823 Apr  9 04:04 ModularCodeGenTest_A1.class
-rw-rw-r--   1 travis travis  9968 Apr  9 04:04 ModularCodeGenTest_A1.java
-rw-rw-r--   1 travis travis   880 Apr  9 04:04 ModularCodeGenTest_A1.mk
-rw-rw-r--   1 travis travis  1352 Apr  9 04:04 ModularCodeGenTest_A1_profile.class
-rw-rw-r--   1 travis travis  1394 Apr  9 04:04 ModularCodeGenTest_A1_profile.java
drwxrwxr-x   3 travis travis 36864 Apr  9 04:04 modulation2
drwxrwxr-x   3 travis travis 20480 Apr  9 04:01 Multiplexor
drwxrwxr-x 242 travis travis 12288 Apr  9 04:04 node_modules
drwxrwxr-x   3 travis travis 20480 Apr  9 04:01 PhaseUnwrap
-rw-rw-r--   1 travis travis   520 Apr  9 04:04 Repeat$_fireFunction_Repeat_Repeat$__f_sL_0.class
-rw-rw-r--   1 travis travis   522 Apr  9 04:04 Repeat$_fireFunction_Repeat_Repeat$__f_sL_10.class
-rw-rw-r--   1 travis travis   666 Apr  9 04:04 Repeat$_fireFunction_Repeat_Repeat$__f_sL_11.class
-rw-rw-r--   1 travis travis   522 Apr  9 04:04 Repeat$_fireFunction_Repeat_Repeat$__f_sL_13.class
-rw-rw-r--   1 travis travis   665 Apr  9 04:04 Repeat$_fireFunction_Repeat_Repeat$__f_sL_1.class
-rw-rw-r--   1 travis travis   520 Apr  9 04:04 Repeat$_fireFunction_Repeat_Repeat$__f_sL_2.class
-rw-rw-r--   1 travis travis   520 Apr  9 04:04 Repeat$_fireFunction_Repeat_Repeat$__f_sL_3.class
-rw-rw-r--   1 travis travis   520 Apr  9 04:04 Repeat$_fireFunction_Repeat_Repeat$__f_sL_5.class
-rw-rw-r--   1 travis travis   671 Apr  9 04:04 Repeat$_fireFunction_Repeat_Repeat$__f_sL_7.class
-rw-rw-r--   1 travis travis   520 Apr  9 04:04 Repeat$_fireFunction_Repeat_Repeat$__f_sL_9.class
-rw-rw-r--   1 travis travis   813 Apr  9 04:04 Repeat$_initialize_Repeat.class
-rw-rw-r--   1 travis travis   475 Apr  9 04:04 Repeat$_initialize_Repeat$__i_sL_0.class
-rw-rw-r--   1 travis travis   519 Apr  9 04:04 Repeat$_initialize_Repeat$__i_sL_3.class
-rw-rw-r--   1 travis travis 39778 Apr  9 04:04 Repeat.java
-rw-rw-r--   1 travis travis  1281 Apr  9 04:04 Repeat.mk
-rw-rw-r--   1 travis travis   520 Apr  9 04:04 Repeat$_preinitializeMethod_Repeat$__p_sL_0.class
-rw-rw-r--   1 travis travis   520 Apr  9 04:04 Repeat$_preinitializeMethod_Repeat$__p_sL_1.class
-rw-rw-r--   1 travis travis  1083 Apr  9 04:04 Repeat$_Repeat$_fireFunction_Repeat_AddSubtract_Repeat.class
-rw-rw-r--   1 travis travis   791 Apr  9 04:04 Repeat$_Repeat$_fireFunction_Repeat_AddSubtract_Repeat$__f_sL_0.class
-rw-rw-r--   1 travis travis   909 Apr  9 04:04 Repeat$_Repeat$_fireFunction_Repeat_AddSubtract_Repeat$__f_sL_1.class
-rw-rw-r--   1 travis travis   915 Apr  9 04:04 Repeat$_Repeat$_fireFunction_Repeat_AddSubtract_Repeat$__f_sL_2.class
-rw-rw-r--   1 travis travis   838 Apr  9 04:04 Repeat$_Repeat$_fireFunction_Repeat_Ramp2_Repeat$__f_sL_1.class
-rw-rw-r--   1 travis travis  1785 Apr  9 04:04 Repeat$_Repeat$_fireFunction_Repeat_Test_Repeat$__f_sL_2.class
-rw-rw-r--   1 travis travis   685 Apr  9 04:04 Repeat$_Repeat_SDF_Director_run_Repeat$__R_sL_0.class
-rw-rw-r--   1 travis travis   540 Apr  9 04:04 Repeat$_Repeat_SDF_Director_run_Repeat$__R_sL_1.class
-rw-rw-r--   1 travis travis   540 Apr  9 04:04 Repeat$_Repeat_SDF_Director_run_Repeat$__R_sL_2.class
-rw-rw-r--   1 travis travis   540 Apr  9 04:04 Repeat$_Repeat_SDF_Director_run_Repeat$__R_sL_4.class
-rw-rw-r--   1 travis travis   540 Apr  9 04:04 Repeat$_Repeat_SDF_Director_run_Repeat$__R_sL_5.class
-rw-rw-r--   1 travis travis   691 Apr  9 04:04 Repeat$_Repeat_SDF_Director_run_Repeat$__R_sL_6.class
-rw-rw-r--   1 travis travis   540 Apr  9 04:04 Repeat$_Repeat_SDF_Director_run_Repeat$__R_sL_7.class
-rw-rw-r--   1 travis travis   863 Apr  9 04:04 Repeat$_varinit_Repeat.class
-rw-rw-r--   1 travis travis   530 Apr  9 04:04 Repeat$_varinit_Repeat$__v_sL_1.class
-rw-rw-r--   1 travis travis   531 Apr  9 04:04 Repeat$_varinit_Repeat$__v_sL_2.class
-rw-rw-r--   1 travis travis   905 Apr  9 04:04 Repeat$_varinit_Repeat$__v_sL_4.class
-rw-rw-r--   1 travis travis   635 Apr  9 04:04 Repeat$_wrapup_Repeat.class
-rw-rw-r--   1 travis travis   965 Apr  9 04:04 Repeat$_wrapup_Repeat$__w_sL_1.class
-rw-rw-r--   1 travis travis   289 Apr  9 03:59 result.csv
drwxrwxr-x   3 travis travis 12288 Apr  9 04:02 Scrambler1
drwxrwxr-x   3 travis travis 20480 Apr  9 04:01 Sinewave2
drwxrwxr-x   3 travis travis 69632 Apr  9 04:02 StringCompare
drwxrwxr-x   3 travis travis 32768 Apr  9 04:02 StringFunction
drwxrwxr-x   3 travis travis 12288 Apr  9 04:03 StringLength
drwxrwxr-x   3 travis travis 57344 Apr  9 04:03 StringSimpleReplace
drwxrwxr-x   3 travis travis 12288 Apr  9 04:04 time2
drwxrwxr-x   3 travis travis 12288 Apr  9 04:04 time5
-rw-rw-r--   1 travis travis   432 Apr  9 04:05 Token.class
-rw-rw-r--   1 travis travis   251 Apr  9 04:05 Token.java
-rw-rw-r--   1 travis travis     0 Apr  9 04:04 top.
-rw-rw-r--   1 travis travis 20502 Apr  9 03:59 top.c
-rw-rw-r--   1 travis travis  3567 Apr  9 04:04 top.class
-rw-rw-r--   1 travis travis   169 Apr  9 03:59 top.html
-rw-rw-r--   1 travis travis  7552 Apr  9 04:04 top.java
-rw-rw-r--   1 travis travis 38888 Apr  9 03:59 top.o
drwxrwxr-x   3 travis travis 57344 Apr  9 04:02 UnaryMathFunction
All Done
Writing ModularCodeGen5_A_A.java in file:/home/travis/cg/ (28721 characters)
Reading "ptolemy/cg/kernel/generic/program/procedural/java/modular/makefile.in",
    writing "/home/travis/cg/ModularCodeGen5_A_A.mk"
Using ptolemy/cg/kernel/generic/program/procedural/java/modular/makefile.in
In "/home/travis/cg", about to execute:
    make -f ModularCodeGen5_A_A.mk
javac -classpath ".:.."    ModularCodeGen5_A_A.java
All Done
In "/home/travis/cg", about to execute:
    pwd
/home/travis/cg
In "/home/travis/cg", about to execute:
    ls -l
total 1784
drwxrwxr-x   3 travis travis 12288 Apr  9 04:00 AbsoluteValue
drwxrwxr-x   3 travis travis 16384 Apr  9 04:00 Case1
drwxrwxr-x   3 travis travis 32768 Apr  9 04:00 Case2
-rw-rw-r--   1 travis travis  4895 Apr  9 04:04 CompiledCompositeActor_CompiledCompositeActor.class
-rw-rw-r--   1 travis travis  1592 Apr  9 04:04 CompiledCompositeActor_CompiledCompositeActor$_CompiledCompositeActor_CompiledCompositeActor.class
-rw-rw-r--   1 travis travis 13466 Apr  9 04:04 CompiledCompositeActor_CompiledCompositeActor.java
-rw-rw-r--   1 travis travis  1593 Apr  9 04:04 CompiledCompositeActor_CompiledCompositeActor.mk
drwxrwxr-x   3 travis travis 24576 Apr  9 04:02 DeScrambler
drwxrwxr-x   3 travis travis 16384 Apr  9 04:04 DotProduct
drwxrwxr-x   3 travis travis 12288 Apr  9 04:00 FileWriter1
drwxrwxr-x   3 travis travis 20480 Apr  9 04:00 FixToDoubleAndBack
drwxrwxr-x   3 travis travis 16384 Apr  9 04:00 Gaussian1
drwxrwxr-x   3 travis travis 20480 Apr  9 04:00 Gaussian2
-rw-rw-r--   1 travis travis  4457 Apr  9 04:04 JavaCompiledCompositeTest1_CompiledCompositeActor.class
-rw-rw-r--   1 travis travis 11637 Apr  9 04:04 JavaCompiledCompositeTest1_CompiledCompositeActor.java
-rw-rw-r--   1 travis travis  1198 Apr  9 04:04 JavaCompiledCompositeTest1_CompiledCompositeActor$_JavaCompiledCompositeTest1_CompiledCompositeActor.class
-rw-rw-r--   1 travis travis  1625 Apr  9 04:04 JavaCompiledCompositeTest1_CompiledCompositeActor.mk
-rw-rw-r--   1 travis travis  4888 Apr  9 04:04 JavaCompiledCompositeTest2_CompiledCompositeActor.class
-rw-rw-r--   1 travis travis 14919 Apr  9 04:04 JavaCompiledCompositeTest2_CompiledCompositeActor.java
-rw-rw-r--   1 travis travis  1793 Apr  9 04:04 JavaCompiledCompositeTest2_CompiledCompositeActor$_JavaCompiledCompositeTest2_CompiledCompositeActor.class
-rw-rw-r--   1 travis travis  1625 Apr  9 04:04 JavaCompiledCompositeTest2_CompiledCompositeActor.mk
-rw-rw-r--   1 travis travis  4505 Apr  9 04:04 JavaCompiledCompositeTest3_CompiledCompositeActor.class
-rw-rw-r--   1 travis travis 13080 Apr  9 04:04 JavaCompiledCompositeTest3_CompiledCompositeActor.java
-rw-rw-r--   1 travis travis  1378 Apr  9 04:04 JavaCompiledCompositeTest3_CompiledCompositeActor$_JavaCompiledCompositeTest3_CompiledCompositeActor.class
-rw-rw-r--   1 travis travis  1625 Apr  9 04:04 JavaCompiledCompositeTest3_CompiledCompositeActor.mk
-rw-rw-r--   1 travis travis  3953 Apr  9 04:04 JavaCompiledCompositeTest4_CompiledCompositeActor.class
-rw-rw-r--   1 travis travis  9687 Apr  9 04:04 JavaCompiledCompositeTest4_CompiledCompositeActor.java
-rw-rw-r--   1 travis travis   857 Apr  9 04:04 JavaCompiledCompositeTest4_CompiledCompositeActor$_JavaCompiledCompositeTest4_CompiledCompositeActor.class
-rw-rw-r--   1 travis travis  1625 Apr  9 04:04 JavaCompiledCompositeTest4_CompiledCompositeActor.mk
drwxrwxr-x   3 travis travis 12288 Apr  9 04:01 LookupTable
drwxrwxr-x   3 travis travis 20480 Apr  9 04:01 MaxIndex
-rw-rw-r--   1 travis travis  3693 Apr  9 04:04 ModularCG_A1_B1.class
-rw-rw-r--   1 travis travis  9730 Apr  9 04:04 ModularCG_A1_B1.java
-rw-rw-r--   1 travis travis   832 Apr  9 04:04 ModularCG_A1_B1.mk
-rw-rw-r--   1 travis travis  1318 Apr  9 04:04 ModularCG_A1_B1_profile.class
-rw-rw-r--   1 travis travis  1262 Apr  9 04:04 ModularCG_A1_B1_profile.java
-rw-rw-r--   1 travis travis  3693 Apr  9 04:04 ModularCG_A1_B2.class
-rw-rw-r--   1 travis travis  9730 Apr  9 04:04 ModularCG_A1_B2.java
-rw-rw-r--   1 travis travis   832 Apr  9 04:04 ModularCG_A1_B2.mk
-rw-rw-r--   1 travis travis  1318 Apr  9 04:04 ModularCG_A1_B2_profile.class
-rw-rw-r--   1 travis travis  1262 Apr  9 04:04 ModularCG_A1_B2_profile.java
-rw-rw-r--   1 travis travis  4799 Apr  9 04:04 ModularCG_A1.class
-rw-rw-r--   1 travis travis 14742 Apr  9 04:04 ModularCG_A1.java
-rw-rw-r--   1 travis travis   808 Apr  9 04:04 ModularCG_A1.mk
-rw-rw-r--   1 travis travis  1433 Apr  9 04:04 ModularCG_A1_profile.class
-rw-rw-r--   1 travis travis  1704 Apr  9 04:04 ModularCG_A1_profile.java
-rw-rw-r--   1 travis travis  3827 Apr  9 04:04 ModularCG_A2_B1.class
-rw-rw-r--   1 travis travis 10667 Apr  9 04:04 ModularCG_A2_B1.java
-rw-rw-r--   1 travis travis   832 Apr  9 04:04 ModularCG_A2_B1.mk
-rw-rw-r--   1 travis travis  1381 Apr  9 04:04 ModularCG_A2_B1_profile.class
-rw-rw-r--   1 travis travis  1446 Apr  9 04:04 ModularCG_A2_B1_profile.java
-rw-rw-r--   1 travis travis  3693 Apr  9 04:04 ModularCG_A2_B2.class
-rw-rw-r--   1 travis travis  9730 Apr  9 04:04 ModularCG_A2_B2.java
-rw-rw-r--   1 travis travis   832 Apr  9 04:04 ModularCG_A2_B2.mk
-rw-rw-r--   1 travis travis  1318 Apr  9 04:04 ModularCG_A2_B2_profile.class
-rw-rw-r--   1 travis travis  1262 Apr  9 04:04 ModularCG_A2_B2_profile.java
-rw-rw-r--   1 travis travis  4870 Apr  9 04:05 ModularCG_A2.class
-rw-rw-r--   1 travis travis 15129 Apr  9 04:05 ModularCG_A2.java
-rw-rw-r--   1 travis travis   808 Apr  9 04:05 ModularCG_A2.mk
-rw-rw-r--   1 travis travis  1433 Apr  9 04:05 ModularCG_A2_profile.class
-rw-rw-r--   1 travis travis  1704 Apr  9 04:04 ModularCG_A2_profile.java
-rw-rw-r--   1 travis travis  3473 Apr  9 04:05 ModularCGPubSub_A1_A2.class
-rw-rw-r--   1 travis travis  9076 Apr  9 04:05 ModularCGPubSub_A1_A2.java
-rw-rw-r--   1 travis travis   880 Apr  9 04:05 ModularCGPubSub_A1_A2.mk
-rw-rw-r--   1 travis travis  1300 Apr  9 04:05 ModularCGPubSub_A1_A2_profile.class
-rw-rw-r--   1 travis travis  1222 Apr  9 04:05 ModularCGPubSub_A1_A2_profile.java
-rw-rw-r--   1 travis travis  3790 Apr  9 04:05 ModularCGPubSub_A1.class
-rw-rw-r--   1 travis travis  9836 Apr  9 04:05 ModularCGPubSub_A1.java
-rw-rw-r--   1 travis travis   856 Apr  9 04:05 ModularCGPubSub_A1.mk
-rw-rw-r--   1 travis travis  1346 Apr  9 04:05 ModularCGPubSub_A1_profile.class
-rw-rw-r--   1 travis travis  1388 Apr  9 04:05 ModularCGPubSub_A1_profile.java
-rw-rw-r--   1 travis travis  3988 Apr  9 04:05 ModularCodeGen2_ModularCodeGenTypedCompositeActor.class
-rw-rw-r--   1 travis travis 11690 Apr  9 04:05 ModularCodeGen2_ModularCodeGenTypedCompositeActor.java
-rw-rw-r--   1 travis travis  1104 Apr  9 04:05 ModularCodeGen2_ModularCodeGenTypedCompositeActor.mk
-rw-rw-r--   1 travis travis  4272 Apr  9 04:05 ModularCodeGen2_ModularCodeGenTypedCompositeActor_ModularCodeGenTypedCompositeActor.class
-rw-rw-r--   1 travis travis 11790 Apr  9 04:05 ModularCodeGen2_ModularCodeGenTypedCompositeActor_ModularCodeGenTypedCompositeActor.java
-rw-rw-r--   1 travis travis  1376 Apr  9 04:05 ModularCodeGen2_ModularCodeGenTypedCompositeActor_ModularCodeGenTypedCompositeActor.mk
-rw-rw-r--   1 travis travis  1421 Apr  9 04:05 ModularCodeGen2_ModularCodeGenTypedCompositeActor_ModularCodeGenTypedCompositeActor_profile.class
-rw-rw-r--   1 travis travis  1294 Apr  9 04:05 ModularCodeGen2_ModularCodeGenTypedCompositeActor_ModularCodeGenTypedCompositeActor_profile.java
-rw-rw-r--   1 travis travis   820 Apr  9 04:05 ModularCodeGen2_ModularCodeGenTypedCompositeActor_profile.class
-rw-rw-r--   1 travis travis   693 Apr  9 04:05 ModularCodeGen2_ModularCodeGenTypedCompositeActor_profile.java
-rw-rw-r--   1 travis travis  3741 Apr  9 04:05 ModularCodeGen3_A1_B1.class
-rw-rw-r--   1 travis travis  9958 Apr  9 04:05 ModularCodeGen3_A1_B1.java
-rw-rw-r--   1 travis travis   880 Apr  9 04:05 ModularCodeGen3_A1_B1.mk
-rw-rw-r--   1 travis travis  1330 Apr  9 04:05 ModularCodeGen3_A1_B1_profile.class
-rw-rw-r--   1 travis travis  1274 Apr  9 04:05 ModularCodeGen3_A1_B1_profile.java
-rw-rw-r--   1 travis travis  3741 Apr  9 04:05 ModularCodeGen3_A1_B2.class
-rw-rw-r--   1 travis travis  9958 Apr  9 04:05 ModularCodeGen3_A1_B2.java
-rw-rw-r--   1 travis travis   880 Apr  9 04:05 ModularCodeGen3_A1_B2.mk
-rw-rw-r--   1 travis travis  1330 Apr  9 04:05 ModularCodeGen3_A1_B2_profile.class
-rw-rw-r--   1 travis travis  1274 Apr  9 04:05 ModularCodeGen3_A1_B2_profile.java
-rw-rw-r--   1 travis travis  4961 Apr  9 04:05 ModularCodeGen3_A1.class
-rw-rw-r--   1 travis travis 15564 Apr  9 04:05 ModularCodeGen3_A1.java
-rw-rw-r--   1 travis travis   856 Apr  9 04:05 ModularCodeGen3_A1.mk
-rw-rw-r--   1 travis travis  1445 Apr  9 04:05 ModularCodeGen3_A1_profile.class
-rw-rw-r--   1 travis travis  1716 Apr  9 04:05 ModularCodeGen3_A1_profile.java
-rw-rw-r--   1 travis travis  3887 Apr  9 04:05 ModularCodeGen3_A2_B1.class
-rw-rw-r--   1 travis travis 10955 Apr  9 04:05 ModularCodeGen3_A2_B1.java
-rw-rw-r--   1 travis travis   880 Apr  9 04:05 ModularCodeGen3_A2_B1.mk
-rw-rw-r--   1 travis travis  1393 Apr  9 04:05 ModularCodeGen3_A2_B1_profile.class
-rw-rw-r--   1 travis travis  1458 Apr  9 04:05 ModularCodeGen3_A2_B1_profile.java
-rw-rw-r--   1 travis travis  3741 Apr  9 04:05 ModularCodeGen3_A2_B2.class
-rw-rw-r--   1 travis travis  9958 Apr  9 04:05 ModularCodeGen3_A2_B2.java
-rw-rw-r--   1 travis travis   880 Apr  9 04:05 ModularCodeGen3_A2_B2.mk
-rw-rw-r--   1 travis travis  1330 Apr  9 04:05 ModularCodeGen3_A2_B2_profile.class
-rw-rw-r--   1 travis travis  1274 Apr  9 04:05 ModularCodeGen3_A2_B2_profile.java
-rw-rw-r--   1 travis travis  5038 Apr  9 04:05 ModularCodeGen3_A2.class
-rw-rw-r--   1 travis travis 15957 Apr  9 04:05 ModularCodeGen3_A2.java
-rw-rw-r--   1 travis travis   856 Apr  9 04:05 ModularCodeGen3_A2.mk
-rw-rw-r--   1 travis travis  1445 Apr  9 04:05 ModularCodeGen3_A2_profile.class
-rw-rw-r--   1 travis travis  1716 Apr  9 04:05 ModularCodeGen3_A2_profile.java
-rw-rw-r--   1 travis travis  3794 Apr  9 04:05 ModularCodeGen4_A1_B1.class
-rw-rw-r--   1 travis travis 10312 Apr  9 04:05 ModularCodeGen4_A1_B1.java
-rw-rw-r--   1 travis travis   880 Apr  9 04:05 ModularCodeGen4_A1_B1.mk
-rw-rw-r--   1 travis travis  1330 Apr  9 04:05 ModularCodeGen4_A1_B1_profile.class
-rw-rw-r--   1 travis travis  1273 Apr  9 04:05 ModularCodeGen4_A1_B1_profile.java
-rw-rw-r--   1 travis travis  3794 Apr  9 04:05 ModularCodeGen4_A1_B2.class
-rw-rw-r--   1 travis travis 10312 Apr  9 04:05 ModularCodeGen4_A1_B2.java
-rw-rw-r--   1 travis travis   880 Apr  9 04:05 ModularCodeGen4_A1_B2.mk
-rw-rw-r--   1 travis travis  1330 Apr  9 04:05 ModularCodeGen4_A1_B2_profile.class
-rw-rw-r--   1 travis travis  1273 Apr  9 04:05 ModularCodeGen4_A1_B2_profile.java
-rw-rw-r--   1 travis travis  5101 Apr  9 04:05 ModularCodeGen4_A1.class
In "/home/travis/cg", about to execute:
-rw-rw-r--   1 travis travis 16245 Apr  9 04:05 ModularCodeGen4_A1.java
-rw-rw-r--   1 travis travis   856 Apr  9 04:05 ModularCodeGen4_A1.mk
-rw-rw-r--   1 travis travis  1445 Apr  9 04:05 ModularCodeGen4_A1_profile.class
-rw-rw-r--   1 travis travis  1712 Apr  9 04:05 ModularCodeGen4_A1_profile.java
-rw-rw-r--   1 travis travis  3988 Apr  9 04:05 ModularCodeGen4_A2_B1.class
-rw-rw-r--   1 travis travis 11375 Apr  9 04:05 ModularCodeGen4_A2_B1.java
-rw-rw-r--   1 travis travis   880 Apr  9 04:05 ModularCodeGen4_A2_B1.mk
-rw-rw-r--   1 travis travis  1393 Apr  9 04:05 ModularCodeGen4_A2_B1_profile.class
-rw-rw-r--   1 travis travis  1454 Apr  9 04:05 ModularCodeGen4_A2_B1_profile.java
-rw-rw-r--   1 travis travis  3842 Apr  9 04:05 ModularCodeGen4_A2_B2.class
-rw-rw-r--   1 travis travis 10378 Apr  9 04:05 ModularCodeGen4_A2_B2.java
-rw-rw-r--   1 travis travis   880 Apr  9 04:05 ModularCodeGen4_A2_B2.mk
-rw-rw-r--   1 travis travis  1330 Apr  9 04:05 ModularCodeGen4_A2_B2_profile.class
-rw-rw-r--   1 travis travis  1270 Apr  9 04:05 ModularCodeGen4_A2_B2_profile.java
-rw-rw-r--   1 travis travis  5274 Apr  9 04:05 ModularCodeGen4_A2.class
-rw-rw-r--   1 travis travis 16770 Apr  9 04:05 ModularCodeGen4_A2.java
-rw-rw-r--   1 travis travis   856 Apr  9 04:05 ModularCodeGen4_A2.mk
-rw-rw-r--   1 travis travis  1445 Apr  9 04:05 ModularCodeGen4_A2_profile.class
-rw-rw-r--   1 travis travis  1712 Apr  9 04:05 ModularCodeGen4_A2_profile.java
-rw-rw-r--   1 travis travis  6838 Apr  9 04:05 ModularCodeGen5_A_A.class
-rw-rw-r--   1 travis travis 28721 Apr  9 04:05 ModularCodeGen5_A_A.java
-rw-rw-r--   1 travis travis   864 Apr  9 04:05 ModularCodeGen5_A_A.mk
-rw-rw-r--   1 travis travis  1520 Apr  9 04:05 ModularCodeGen5_A_A_profile.class
-rw-rw-r--   1 travis travis  1815 Apr  9 04:05 ModularCodeGen5_A_A_profile.java
-rw-rw-r--   1 travis travis  1605 Apr  9 04:05 ModularCodeGen5_A_profile.java
-rw-rw-r--   1 travis travis  3954 Apr  9 04:05 ModularCodeGen_ModularCodeGenTypedCompositeActor.class
    javac -classpath
.:/home/travis/build/icyphy/ptII:/home/travis/build/icyphy/ptII/lib/bsh-2.0b4.j
ar:/home/travis/build/icyphy/ptII/lib/ptCal.jar:/home/travis/build/icyphy/ptII/
lib/java_cup.jar:/home/travis/build/icyphy/ptII/lib/saxon8.jar:/home/travis/bui
ld/icyphy/ptII/lib/saxon8-dom.jar:/home/travis/build/icyphy/ptII/lib/chic.jar:/
home/travis/build/icyphy/ptII/lib/ptcolt.jar:/usr/lib/jvm/java-8-oracle/lib/too
ls.jar:/home/travis/build/icyphy/ptII/vendors/misc/itext/iText.jar:/home/travis
/build/icyphy/ptII/lib/g4ltl.jar:/home/travis/build/icyphy/ptII/lib/StructuralC
oder.jar:/home/travis/build/icyphy/ptII/vendors/jai-1_1_2_01/lib/jai_core.jar:/
home/travis/build/icyphy/ptII/vendors/jai-1_1_2_01/lib/jai_codec.jar:/home/trav
is/build/icyphy/ptII/lib/jcerti.jar:/home/travis/build/icyphy/ptII/lib/javax.ma
il.jar:/home/travis/build/icyphy/ptII/vendors/JMF-2.1.1e/lib/jmf.jar:/home/trav
is/build/icyphy/ptII/lib/jna-4.0.0-variadic.jar:/home/travis/build/icyphy/ptII/
vendors/misc/joystick/Joystick.jar:/home/travis/build/icyphy/ptII/lib/ptjacl.ja
r:/home/travis/build/icyphy/ptII/lib/jsoup-1.8.2.jar:/home/travis/build/icyphy/
ptII/lib/junit-4.8.2.jar:/home/travis/build/icyphy/ptII/lib/JUnitParams-0.4.0.j
ar:/home/travis/build/icyphy/ptII/ptolemy/actor/lib/excel/jxl.jar:/home/travis/
build/icyphy/ptII/lib/jython.jar:/home/travis/build/icyphy/ptII/lib/kieler.jar:
/home/travis/build/icyphy/ptII/vendors/opencv/share/OpenCV/java/opencv-341.jar:
/home/travis/build/icyphy/ptII/lib/oscP5.jar:/home/travis/build/icyphy/ptII/lib
/nrjavaserial-3.11.0.devel.jar:/home/travis/build/icyphy/ptII/vendors/j3d/lib/j
3dcore.jar:/home/travis/build/icyphy/ptII/vendors/j3d/lib/j3dutils.jar:/home/tr
avis/build/icyphy/ptII/vendors/j3d/lib/vecmath.jar:/home/travis/build/icyphy/pt
II/ptolemy/distributed/jini/jar/jini-core.jar:/home/travis/build/icyphy/ptII/pt
olemy/distributed/jini/jar/jini-ext.jar:/home/travis/build/icyphy/ptII/ptolemy/
distributed/jini/jar/sun-util.jar:/home/travis/build/icyphy/ptII/lib/protobuf-j
ava-2.4.1.jar:/home/travis/build/icyphy/ptII/lib/org.eclipse.paho.client.mqttv3
.jar:/home/travis/build/icyphy/ptII/lib/mapss.jar:/home/travis/build/icyphy/ptI
I/ptolemy/actor/ptalon/antlr/antlr.jar:/home/travis/build/icyphy/ptII/lib/JRI.j
ar:/home/travis/build/icyphy/ptII/lib/commons-lang-2.6.jar:/home/travis/build/i
cyphy/ptII/lib/commons-logging-1.1.1.jar:/home/travis/build/icyphy/ptII/lib/soo
tclasses.jar:/home/travis/build/icyphy/ptII/ptolemy/actor/lib/database/mysql-co
nnector-java-5.1.6-bin.jar:/home/travis/build/icyphy/ptII/vendors/misc/sphinx4/
sphinx4-data-5prealpha.jar:/home/travis/build/icyphy/ptII/vendors/misc/sphinx4/
sphinx4-core-5prealpha.jar:/home/travis/build/icyphy/ptII/lib/PDFRenderer.jar:/
home/travis/build/icyphy/ptII/lib/svgSalamander.jar:/home/travis/build/icyphy/p
tII/lib/rsyntaxtextarea-2.6.0-SNAPSHOT.jar:/home/travis/build/icyphy/ptII/lib/h
azelcast-3.8.2.jar:/home/travis/build/icyphy/ptII/lib/jackson-annotations-2.9.0
.jar:/home/travis/build/icyphy/ptII/lib/jackson-core-2.9.3.jar:/home/travis/bui
ld/icyphy/ptII/lib/jackson-databind-2.9.3.jar:/home/travis/build/icyphy/ptII/li
b/netty-buffer-4.1.19.Final.jar:/home/travis/build/icyphy/ptII/lib/netty-codec-
4.1.19.Final.jar:/home/travis/build/icyphy/ptII/lib/netty-codec-dns-4.1.19.Fina
l.jar:/home/travis/build/icyphy/ptII/lib/netty-codec-http-4.1.19.Final.jar:/hom
e/travis/build/icyphy/ptII/lib/netty-codec-http2-4.1.19.Final.jar:/home/travis/
build/icyphy/ptII/lib/netty-common-4.1.19.Final.jar:/home/travis/build/icyphy/p
tII/lib/netty-handler-4.1.19.Final.jar:/home/travis/build/icyphy/ptII/lib/netty
-resolver-4.1.19.Final.jar:/home/travis/build/icyphy/ptII/lib/netty-resolver-dn
s-4.1.19.Final.jar:/home/travis/build/icyphy/ptII/lib/netty-transport-4.1.19.Fi
nal.jar:/home/travis/build/icyphy/ptII/lib/vertx-codegen-3.5.1.jar:/home/travis
/build/icyphy/ptII/lib/vertx-core-3.5.2-SNAPSHOT.jar:/home/travis/build/icyphy/
ptII/lib/vertx-hazelcast-3.5.1.jar:/home/travis/build/icyphy/ptII/lib/vertx-lan
g-js-3.5.1.jar:/home/travis/build/icyphy/ptII/lib/vertx-service-proxy-3.5.1.jar
:/home/travis/build/icyphy/ptII/lib/vertx-web-3.5.1.jar:/home/travis/build/icyp
hy/ptII/lib/slf4j-api-1.7.13.jar:/home/travis/build/icyphy/ptII/lib/slf4j-simpl
e-1.7.13.jar:/home/travis/build/icyphy/ptII/lib/webcam-capture-0.3.12.jar:/home
/travis/build/icyphy/ptII/lib/bridj-0.7.0.jar:/home/travis/build/icyphy/ptII/li
b/xbjlib-1.1.0.nrjavaserial.jar:/home/travis/build/icyphy/ptII/ptolemy/moml/tes
t:/home/travis/build/icyphy/ptII/ant/lib/ant-launcher.jar:/home/travis/build/ic
yphy/ptII/ant/lib/ant.jar:/home/travis/build/icyphy/ptII/ant/lib/ant-junit.jar:
/home/travis/build/icyphy/ptII/ant/lib/ant-junit4.jar:/home/travis/build/icyphy
/ptII ModularCodeGen5_A_profile.java
-rw-rw-r--   1 travis travis 10970 Apr  9 04:05 ModularCodeGen_ModularCodeGenTypedCompositeActor.java
-rw-rw-r--   1 travis travis  1096 Apr  9 04:05 ModularCodeGen_ModularCodeGenTypedCompositeActor.mk
-rw-rw-r--   1 travis travis  1384 Apr  9 04:05 ModularCodeGen_ModularCodeGenTypedCompositeActor_profile.class
-rw-rw-r--   1 travis travis  1328 Apr  9 04:05 ModularCodeGen_ModularCodeGenTypedCompositeActor_profile.java
-rw-rw-r--   1 travis travis  3492 Apr  9 04:04 ModularCodeGenTest_A1_A2.class
-rw-rw-r--   1 travis travis   904 Apr  9 04:04 ModularCodeGenTest_A1_A2.mk
-rw-rw-r--   1 travis travis  1306 Apr  9 04:04 ModularCodeGenTest_A1_A2_profile.class
-rw-rw-r--   1 travis travis  3823 Apr  9 04:04 ModularCodeGenTest_A1.class
-rw-rw-r--   1 travis travis  9968 Apr  9 04:04 ModularCodeGenTest_A1.java
-rw-rw-r--   1 travis travis   880 Apr  9 04:04 ModularCodeGenTest_A1.mk
-rw-rw-r--   1 travis travis  1352 Apr  9 04:04 ModularCodeGenTest_A1_profile.class
-rw-rw-r--   1 travis travis  1394 Apr  9 04:04 ModularCodeGenTest_A1_profile.java
drwxrwxr-x   3 travis travis 36864 Apr  9 04:04 modulation2
drwxrwxr-x   3 travis travis 20480 Apr  9 04:01 Multiplexor
drwxrwxr-x 242 travis travis 12288 Apr  9 04:04 node_modules
drwxrwxr-x   3 travis travis 20480 Apr  9 04:01 PhaseUnwrap
-rw-rw-r--   1 travis travis   520 Apr  9 04:04 Repeat$_fireFunction_Repeat_Repeat$__f_sL_0.class
-rw-rw-r--   1 travis travis   522 Apr  9 04:04 Repeat$_fireFunction_Repeat_Repeat$__f_sL_10.class
-rw-rw-r--   1 travis travis   666 Apr  9 04:04 Repeat$_fireFunction_Repeat_Repeat$__f_sL_11.class
-rw-rw-r--   1 travis travis   522 Apr  9 04:04 Repeat$_fireFunction_Repeat_Repeat$__f_sL_13.class
-rw-rw-r--   1 travis travis   665 Apr  9 04:04 Repeat$_fireFunction_Repeat_Repeat$__f_sL_1.class
-rw-rw-r--   1 travis travis   520 Apr  9 04:04 Repeat$_fireFunction_Repeat_Repeat$__f_sL_2.class
-rw-rw-r--   1 travis travis   520 Apr  9 04:04 Repeat$_fireFunction_Repeat_Repeat$__f_sL_3.class
-rw-rw-r--   1 travis travis   520 Apr  9 04:04 Repeat$_fireFunction_Repeat_Repeat$__f_sL_5.class
-rw-rw-r--   1 travis travis   671 Apr  9 04:04 Repeat$_fireFunction_Repeat_Repeat$__f_sL_7.class
-rw-rw-r--   1 travis travis   520 Apr  9 04:04 Repeat$_fireFunction_Repeat_Repeat$__f_sL_9.class
-rw-rw-r--   1 travis travis   813 Apr  9 04:04 Repeat$_initialize_Repeat.class
-rw-rw-r--   1 travis travis   475 Apr  9 04:04 Repeat$_initialize_Repeat$__i_sL_0.class
-rw-rw-r--   1 travis travis   519 Apr  9 04:04 Repeat$_initialize_Repeat$__i_sL_3.class
-rw-rw-r--   1 travis travis 39778 Apr  9 04:04 Repeat.java
-rw-rw-r--   1 travis travis  1281 Apr  9 04:04 Repeat.mk
-rw-rw-r--   1 travis travis   520 Apr  9 04:04 Repeat$_preinitializeMethod_Repeat$__p_sL_0.class
-rw-rw-r--   1 travis travis   520 Apr  9 04:04 Repeat$_preinitializeMethod_Repeat$__p_sL_1.class
-rw-rw-r--   1 travis travis  1083 Apr  9 04:04 Repeat$_Repeat$_fireFunction_Repeat_AddSubtract_Repeat.class
-rw-rw-r--   1 travis travis   791 Apr  9 04:04 Repeat$_Repeat$_fireFunction_Repeat_AddSubtract_Repeat$__f_sL_0.class
-rw-rw-r--   1 travis travis   909 Apr  9 04:04 Repeat$_Repeat$_fireFunction_Repeat_AddSubtract_Repeat$__f_sL_1.class
-rw-rw-r--   1 travis travis   915 Apr  9 04:04 Repeat$_Repeat$_fireFunction_Repeat_AddSubtract_Repeat$__f_sL_2.class
-rw-rw-r--   1 travis travis   838 Apr  9 04:04 Repeat$_Repeat$_fireFunction_Repeat_Ramp2_Repeat$__f_sL_1.class
-rw-rw-r--   1 travis travis  1785 Apr  9 04:04 Repeat$_Repeat$_fireFunction_Repeat_Test_Repeat$__f_sL_2.class
-rw-rw-r--   1 travis travis   685 Apr  9 04:04 Repeat$_Repeat_SDF_Director_run_Repeat$__R_sL_0.class
-rw-rw-r--   1 travis travis   540 Apr  9 04:04 Repeat$_Repeat_SDF_Director_run_Repeat$__R_sL_1.class
-rw-rw-r--   1 travis travis   540 Apr  9 04:04 Repeat$_Repeat_SDF_Director_run_Repeat$__R_sL_2.class
-rw-rw-r--   1 travis travis   540 Apr  9 04:04 Repeat$_Repeat_SDF_Director_run_Repeat$__R_sL_4.class
-rw-rw-r--   1 travis travis   540 Apr  9 04:04 Repeat$_Repeat_SDF_Director_run_Repeat$__R_sL_5.class
-rw-rw-r--   1 travis travis   691 Apr  9 04:04 Repeat$_Repeat_SDF_Director_run_Repeat$__R_sL_6.class
-rw-rw-r--   1 travis travis   540 Apr  9 04:04 Repeat$_Repeat_SDF_Director_run_Repeat$__R_sL_7.class
-rw-rw-r--   1 travis travis   863 Apr  9 04:04 Repeat$_varinit_Repeat.class
-rw-rw-r--   1 travis travis   530 Apr  9 04:04 Repeat$_varinit_Repeat$__v_sL_1.class
-rw-rw-r--   1 travis travis   531 Apr  9 04:04 Repeat$_varinit_Repeat$__v_sL_2.class
-rw-rw-r--   1 travis travis   905 Apr  9 04:04 Repeat$_varinit_Repeat$__v_sL_4.class
-rw-rw-r--   1 travis travis   635 Apr  9 04:04 Repeat$_wrapup_Repeat.class
-rw-rw-r--   1 travis travis   965 Apr  9 04:04 Repeat$_wrapup_Repeat$__w_sL_1.class
-rw-rw-r--   1 travis travis   289 Apr  9 03:59 result.csv
drwxrwxr-x   3 travis travis 12288 Apr  9 04:02 Scrambler1
drwxrwxr-x   3 travis travis 20480 Apr  9 04:01 Sinewave2
drwxrwxr-x   3 travis travis 69632 Apr  9 04:02 StringCompare
drwxrwxr-x   3 travis travis 32768 Apr  9 04:02 StringFunction
drwxrwxr-x   3 travis travis 12288 Apr  9 04:03 StringLength
drwxrwxr-x   3 travis travis 57344 Apr  9 04:03 StringSimpleReplace
drwxrwxr-x   3 travis travis 12288 Apr  9 04:04 time2
drwxrwxr-x   3 travis travis 12288 Apr  9 04:04 time5
-rw-rw-r--   1 travis travis   432 Apr  9 04:05 Token.class
-rw-rw-r--   1 travis travis   251 Apr  9 04:05 Token.java
-rw-rw-r--   1 travis travis     0 Apr  9 04:04 top.
-rw-rw-r--   1 travis travis 20502 Apr  9 03:59 top.c
-rw-rw-r--   1 travis travis  3567 Apr  9 04:04 top.class
-rw-rw-r--   1 travis travis   169 Apr  9 03:59 top.html
-rw-rw-r--   1 travis travis  7552 Apr  9 04:04 top.java
-rw-rw-r--   1 travis travis 38888 Apr  9 03:59 top.o
drwxrwxr-x   3 travis travis 57344 Apr  9 04:02 UnaryMathFunction
All Done
Writing ModularCodeGen5_A.java in file:/home/travis/cg/ (13769 characters)
Reading "ptolemy/cg/kernel/generic/program/procedural/java/modular/makefile.in",
    writing "/home/travis/cg/ModularCodeGen5_A.mk"
Using ptolemy/cg/kernel/generic/program/procedural/java/modular/makefile.in
In "/home/travis/cg", about to execute:
    make -f ModularCodeGen5_A.mk
javac -classpath ".:.."    ModularCodeGen5_A.java
All Done
4741 ms. Memory: 148992K Free: 72698K (49%)
----------------- Invoking toplevel() on ptolemy.moml.MoMLSimpleApplication@25e71d08
----------------- Done invoking toplevel() on ptolemy.moml.MoMLSimpleApplication@25e71d08
reloadAllAccessors: .ModularCodeGen5

===========================================================================================
----------------- testing Tue Apr 09 04:05:40 UTC 2019 /home/travis/build/icyphy/ptII/ptolemy/cg/lib/test/auto/ModularCodeGen6.xml
----------------- Instantiating /home/travis/build/icyphy/ptII/ptolemy/cg/lib/test/auto/ModularCodeGen6.xml
In "/home/travis/cg", about to execute:
    pwd
In "/home/travis/cg", about to execute:
    ls -l
/home/travis/cg
In "/home/travis/cg", about to execute:
    javac -classpath
.:/home/travis/build/icyphy/ptII:/home/travis/build/icyphy/ptII/lib/bsh-2.0b4.j
ar:/home/travis/build/icyphy/ptII/lib/ptCal.jar:/home/travis/build/icyphy/ptII/
lib/java_cup.jar:/home/travis/build/icyphy/ptII/lib/saxon8.jar:/home/travis/bui
ld/icyphy/ptII/lib/saxon8-dom.jar:/home/travis/build/icyphy/ptII/lib/chic.jar:/
home/travis/build/icyphy/ptII/lib/ptcolt.jar:/usr/lib/jvm/java-8-oracle/lib/too
ls.jar:/home/travis/build/icyphy/ptII/vendors/misc/itext/iText.jar:/home/travis
/build/icyphy/ptII/lib/g4ltl.jar:/home/travis/build/icyphy/ptII/lib/StructuralC
oder.jar:/home/travis/build/icyphy/ptII/vendors/jai-1_1_2_01/lib/jai_core.jar:/
home/travis/build/icyphy/ptII/vendors/jai-1_1_2_01/lib/jai_codec.jar:/home/trav
is/build/icyphy/ptII/lib/jcerti.jar:/home/travis/build/icyphy/ptII/lib/javax.ma
il.jar:/home/travis/build/icyphy/ptII/vendors/JMF-2.1.1e/lib/jmf.jar:/home/trav
is/build/icyphy/ptII/lib/jna-4.0.0-variadic.jar:/home/travis/build/icyphy/ptII/
vendors/misc/joystick/Joystick.jar:/home/travis/build/icyphy/ptII/lib/ptjacl.ja
r:/home/travis/build/icyphy/ptII/lib/jsoup-1.8.2.jar:/home/travis/build/icyphy/
ptII/lib/junit-4.8.2.jar:/home/travis/build/icyphy/ptII/lib/JUnitParams-0.4.0.j
ar:/home/travis/build/icyphy/ptII/ptolemy/actor/lib/excel/jxl.jar:/home/travis/
build/icyphy/ptII/lib/jython.jar:/home/travis/build/icyphy/ptII/lib/kieler.jar:
/home/travis/build/icyphy/ptII/vendors/opencv/share/OpenCV/java/opencv-341.jar:
/home/travis/build/icyphy/ptII/lib/oscP5.jar:/home/travis/build/icyphy/ptII/lib
/nrjavaserial-3.11.0.devel.jar:/home/travis/build/icyphy/ptII/vendors/j3d/lib/j
3dcore.jar:/home/travis/build/icyphy/ptII/vendors/j3d/lib/j3dutils.jar:/home/tr
avis/build/icyphy/ptII/vendors/j3d/lib/vecmath.jar:/home/travis/build/icyphy/pt
II/ptolemy/distributed/jini/jar/jini-core.jar:/home/travis/build/icyphy/ptII/pt
olemy/distributed/jini/jar/jini-ext.jar:/home/travis/build/icyphy/ptII/ptolemy/
distributed/jini/jar/sun-util.jar:/home/travis/build/icyphy/ptII/lib/protobuf-j
ava-2.4.1.jar:/home/travis/build/icyphy/ptII/lib/org.eclipse.paho.client.mqttv3
.jar:/home/travis/build/icyphy/ptII/lib/mapss.jar:/home/travis/build/icyphy/ptI
I/ptolemy/actor/ptalon/antlr/antlr.jar:/home/travis/build/icyphy/ptII/lib/JRI.j
ar:/home/travis/build/icyphy/ptII/lib/commons-lang-2.6.jar:/home/travis/build/i
cyphy/ptII/lib/commons-logging-1.1.1.jar:/home/travis/build/icyphy/ptII/lib/soo
tclasses.jar:/home/travis/build/icyphy/ptII/ptolemy/actor/lib/database/mysql-co
nnector-java-5.1.6-bin.jar:/home/travis/build/icyphy/ptII/vendors/misc/sphinx4/
sphinx4-data-5prealpha.jar:/home/travis/build/icyphy/ptII/vendors/misc/sphinx4/
sphinx4-core-5prealpha.jar:/home/travis/build/icyphy/ptII/lib/PDFRenderer.jar:/
home/travis/build/icyphy/ptII/lib/svgSalamander.jar:/home/travis/build/icyphy/p
tII/lib/rsyntaxtextarea-2.6.0-SNAPSHOT.jar:/home/travis/build/icyphy/ptII/lib/h
azelcast-3.8.2.jar:/home/travis/build/icyphy/ptII/lib/jackson-annotations-2.9.0
.jar:/home/travis/build/icyphy/ptII/lib/jackson-core-2.9.3.jar:/home/travis/bui
ld/icyphy/ptII/lib/jackson-databind-2.9.3.jar:/home/travis/build/icyphy/ptII/li
b/netty-buffer-4.1.19.Final.jar:/home/travis/build/icyphy/ptII/lib/netty-codec-
4.1.19.Final.jar:/home/travis/build/icyphy/ptII/lib/netty-codec-dns-4.1.19.Fina
l.jar:/home/travis/build/icyphy/ptII/lib/netty-codec-http-4.1.19.Final.jar:/hom
e/travis/build/icyphy/ptII/lib/netty-codec-http2-4.1.19.Final.jar:/home/travis/
build/icyphy/ptII/lib/netty-common-4.1.19.Final.jar:/home/travis/build/icyphy/p
tII/lib/netty-handler-4.1.19.Final.jar:/home/travis/build/icyphy/ptII/lib/netty
-resolver-4.1.19.Final.jar:/home/travis/build/icyphy/ptII/lib/netty-resolver-dn
s-4.1.19.Final.jar:/home/travis/build/icyphy/ptII/lib/netty-transport-4.1.19.Fi
nal.jar:/home/travis/build/icyphy/ptII/lib/vertx-codegen-3.5.1.jar:/home/travis
/build/icyphy/ptII/lib/vertx-core-3.5.2-SNAPSHOT.jar:/home/travis/build/icyphy/
ptII/lib/vertx-hazelcast-3.5.1.jar:/home/travis/build/icyphy/ptII/lib/vertx-lan
g-js-3.5.1.jar:/home/travis/build/icyphy/ptII/lib/vertx-service-proxy-3.5.1.jar
:/home/travis/build/icyphy/ptII/lib/vertx-web-3.5.1.jar:/home/travis/build/icyp
hy/ptII/lib/slf4j-api-1.7.13.jar:/home/travis/build/icyphy/ptII/lib/slf4j-simpl
e-1.7.13.jar:/home/travis/build/icyphy/ptII/lib/webcam-capture-0.3.12.jar:/home
/travis/build/icyphy/ptII/lib/bridj-0.7.0.jar:/home/travis/build/icyphy/ptII/li
b/xbjlib-1.1.0.nrjavaserial.jar:/home/travis/build/icyphy/ptII/ptolemy/moml/tes
t:/home/travis/build/icyphy/ptII/ant/lib/ant-launcher.jar:/home/travis/build/ic
yphy/ptII/ant/lib/ant.jar:/home/travis/build/icyphy/ptII/ant/lib/ant-junit.jar:
/home/travis/build/icyphy/ptII/ant/lib/ant-junit4.jar:/home/travis/build/icyphy
/ptII ModularCodeGen6_A_A_profile.java
total 1820
drwxrwxr-x   3 travis travis 12288 Apr  9 04:00 AbsoluteValue
drwxrwxr-x   3 travis travis 16384 Apr  9 04:00 Case1
drwxrwxr-x   3 travis travis 32768 Apr  9 04:00 Case2
-rw-rw-r--   1 travis travis  4895 Apr  9 04:04 CompiledCompositeActor_CompiledCompositeActor.class
-rw-rw-r--   1 travis travis  1592 Apr  9 04:04 CompiledCompositeActor_CompiledCompositeActor$_CompiledCompositeActor_CompiledCompositeActor.class
-rw-rw-r--   1 travis travis 13466 Apr  9 04:04 CompiledCompositeActor_CompiledCompositeActor.java
-rw-rw-r--   1 travis travis  1593 Apr  9 04:04 CompiledCompositeActor_CompiledCompositeActor.mk
drwxrwxr-x   3 travis travis 24576 Apr  9 04:02 DeScrambler
drwxrwxr-x   3 travis travis 16384 Apr  9 04:04 DotProduct
drwxrwxr-x   3 travis travis 12288 Apr  9 04:00 FileWriter1
drwxrwxr-x   3 travis travis 20480 Apr  9 04:00 FixToDoubleAndBack
drwxrwxr-x   3 travis travis 16384 Apr  9 04:00 Gaussian1
drwxrwxr-x   3 travis travis 20480 Apr  9 04:00 Gaussian2
-rw-rw-r--   1 travis travis  4457 Apr  9 04:04 JavaCompiledCompositeTest1_CompiledCompositeActor.class
-rw-rw-r--   1 travis travis 11637 Apr  9 04:04 JavaCompiledCompositeTest1_CompiledCompositeActor.java
-rw-rw-r--   1 travis travis  1198 Apr  9 04:04 JavaCompiledCompositeTest1_CompiledCompositeActor$_JavaCompiledCompositeTest1_CompiledCompositeActor.class
-rw-rw-r--   1 travis travis  1625 Apr  9 04:04 JavaCompiledCompositeTest1_CompiledCompositeActor.mk
-rw-rw-r--   1 travis travis  4888 Apr  9 04:04 JavaCompiledCompositeTest2_CompiledCompositeActor.class
-rw-rw-r--   1 travis travis 14919 Apr  9 04:04 JavaCompiledCompositeTest2_CompiledCompositeActor.java
-rw-rw-r--   1 travis travis  1793 Apr  9 04:04 JavaCompiledCompositeTest2_CompiledCompositeActor$_JavaCompiledCompositeTest2_CompiledCompositeActor.class
-rw-rw-r--   1 travis travis  1625 Apr  9 04:04 JavaCompiledCompositeTest2_CompiledCompositeActor.mk
-rw-rw-r--   1 travis travis  4505 Apr  9 04:04 JavaCompiledCompositeTest3_CompiledCompositeActor.class
-rw-rw-r--   1 travis travis 13080 Apr  9 04:04 JavaCompiledCompositeTest3_CompiledCompositeActor.java
-rw-rw-r--   1 travis travis  1378 Apr  9 04:04 JavaCompiledCompositeTest3_CompiledCompositeActor$_JavaCompiledCompositeTest3_CompiledCompositeActor.class
-rw-rw-r--   1 travis travis  1625 Apr  9 04:04 JavaCompiledCompositeTest3_CompiledCompositeActor.mk
-rw-rw-r--   1 travis travis  3953 Apr  9 04:04 JavaCompiledCompositeTest4_CompiledCompositeActor.class
-rw-rw-r--   1 travis travis  9687 Apr  9 04:04 JavaCompiledCompositeTest4_CompiledCompositeActor.java
-rw-rw-r--   1 travis travis   857 Apr  9 04:04 JavaCompiledCompositeTest4_CompiledCompositeActor$_JavaCompiledCompositeTest4_CompiledCompositeActor.class
-rw-rw-r--   1 travis travis  1625 Apr  9 04:04 JavaCompiledCompositeTest4_CompiledCompositeActor.mk
drwxrwxr-x   3 travis travis 12288 Apr  9 04:01 LookupTable
drwxrwxr-x   3 travis travis 20480 Apr  9 04:01 MaxIndex
-rw-rw-r--   1 travis travis  3693 Apr  9 04:04 ModularCG_A1_B1.class
-rw-rw-r--   1 travis travis  9730 Apr  9 04:04 ModularCG_A1_B1.java
-rw-rw-r--   1 travis travis   832 Apr  9 04:04 ModularCG_A1_B1.mk
-rw-rw-r--   1 travis travis  1318 Apr  9 04:04 ModularCG_A1_B1_profile.class
-rw-rw-r--   1 travis travis  1262 Apr  9 04:04 ModularCG_A1_B1_profile.java
-rw-rw-r--   1 travis travis  3693 Apr  9 04:04 ModularCG_A1_B2.class
-rw-rw-r--   1 travis travis  9730 Apr  9 04:04 ModularCG_A1_B2.java
-rw-rw-r--   1 travis travis   832 Apr  9 04:04 ModularCG_A1_B2.mk
-rw-rw-r--   1 travis travis  1318 Apr  9 04:04 ModularCG_A1_B2_profile.class
-rw-rw-r--   1 travis travis  1262 Apr  9 04:04 ModularCG_A1_B2_profile.java
-rw-rw-r--   1 travis travis  4799 Apr  9 04:04 ModularCG_A1.class
-rw-rw-r--   1 travis travis 14742 Apr  9 04:04 ModularCG_A1.java
-rw-rw-r--   1 travis travis   808 Apr  9 04:04 ModularCG_A1.mk
-rw-rw-r--   1 travis travis  1433 Apr  9 04:04 ModularCG_A1_profile.class
-rw-rw-r--   1 travis travis  1704 Apr  9 04:04 ModularCG_A1_profile.java
-rw-rw-r--   1 travis travis  3827 Apr  9 04:04 ModularCG_A2_B1.class
-rw-rw-r--   1 travis travis 10667 Apr  9 04:04 ModularCG_A2_B1.java
-rw-rw-r--   1 travis travis   832 Apr  9 04:04 ModularCG_A2_B1.mk
-rw-rw-r--   1 travis travis  1381 Apr  9 04:04 ModularCG_A2_B1_profile.class
-rw-rw-r--   1 travis travis  1446 Apr  9 04:04 ModularCG_A2_B1_profile.java
-rw-rw-r--   1 travis travis  3693 Apr  9 04:04 ModularCG_A2_B2.class
-rw-rw-r--   1 travis travis  9730 Apr  9 04:04 ModularCG_A2_B2.java
-rw-rw-r--   1 travis travis   832 Apr  9 04:04 ModularCG_A2_B2.mk
-rw-rw-r--   1 travis travis  1318 Apr  9 04:04 ModularCG_A2_B2_profile.class
-rw-rw-r--   1 travis travis  1262 Apr  9 04:04 ModularCG_A2_B2_profile.java
-rw-rw-r--   1 travis travis  4870 Apr  9 04:05 ModularCG_A2.class
-rw-rw-r--   1 travis travis 15129 Apr  9 04:05 ModularCG_A2.java
-rw-rw-r--   1 travis travis   808 Apr  9 04:05 ModularCG_A2.mk
-rw-rw-r--   1 travis travis  1433 Apr  9 04:05 ModularCG_A2_profile.class
-rw-rw-r--   1 travis travis  1704 Apr  9 04:04 ModularCG_A2_profile.java
-rw-rw-r--   1 travis travis  3473 Apr  9 04:05 ModularCGPubSub_A1_A2.class
-rw-rw-r--   1 travis travis  9076 Apr  9 04:05 ModularCGPubSub_A1_A2.java
-rw-rw-r--   1 travis travis   880 Apr  9 04:05 ModularCGPubSub_A1_A2.mk
-rw-rw-r--   1 travis travis  1300 Apr  9 04:05 ModularCGPubSub_A1_A2_profile.class
-rw-rw-r--   1 travis travis  1222 Apr  9 04:05 ModularCGPubSub_A1_A2_profile.java
-rw-rw-r--   1 travis travis  3790 Apr  9 04:05 ModularCGPubSub_A1.class
-rw-rw-r--   1 travis travis  9836 Apr  9 04:05 ModularCGPubSub_A1.java
-rw-rw-r--   1 travis travis   856 Apr  9 04:05 ModularCGPubSub_A1.mk
-rw-rw-r--   1 travis travis  1346 Apr  9 04:05 ModularCGPubSub_A1_profile.class
-rw-rw-r--   1 travis travis  1388 Apr  9 04:05 ModularCGPubSub_A1_profile.java
-rw-rw-r--   1 travis travis  3988 Apr  9 04:05 ModularCodeGen2_ModularCodeGenTypedCompositeActor.class
-rw-rw-r--   1 travis travis 11690 Apr  9 04:05 ModularCodeGen2_ModularCodeGenTypedCompositeActor.java
-rw-rw-r--   1 travis travis  1104 Apr  9 04:05 ModularCodeGen2_ModularCodeGenTypedCompositeActor.mk
-rw-rw-r--   1 travis travis  4272 Apr  9 04:05 ModularCodeGen2_ModularCodeGenTypedCompositeActor_ModularCodeGenTypedCompositeActor.class
-rw-rw-r--   1 travis travis 11790 Apr  9 04:05 ModularCodeGen2_ModularCodeGenTypedCompositeActor_ModularCodeGenTypedCompositeActor.java
-rw-rw-r--   1 travis travis  1376 Apr  9 04:05 ModularCodeGen2_ModularCodeGenTypedCompositeActor_ModularCodeGenTypedCompositeActor.mk
-rw-rw-r--   1 travis travis  1421 Apr  9 04:05 ModularCodeGen2_ModularCodeGenTypedCompositeActor_ModularCodeGenTypedCompositeActor_profile.class
-rw-rw-r--   1 travis travis  1294 Apr  9 04:05 ModularCodeGen2_ModularCodeGenTypedCompositeActor_ModularCodeGenTypedCompositeActor_profile.java
-rw-rw-r--   1 travis travis   820 Apr  9 04:05 ModularCodeGen2_ModularCodeGenTypedCompositeActor_profile.class
-rw-rw-r--   1 travis travis   693 Apr  9 04:05 ModularCodeGen2_ModularCodeGenTypedCompositeActor_profile.java
-rw-rw-r--   1 travis travis  3741 Apr  9 04:05 ModularCodeGen3_A1_B1.class
-rw-rw-r--   1 travis travis  9958 Apr  9 04:05 ModularCodeGen3_A1_B1.java
-rw-rw-r--   1 travis travis   880 Apr  9 04:05 ModularCodeGen3_A1_B1.mk
-rw-rw-r--   1 travis travis  1330 Apr  9 04:05 ModularCodeGen3_A1_B1_profile.class
-rw-rw-r--   1 travis travis  1274 Apr  9 04:05 ModularCodeGen3_A1_B1_profile.java
-rw-rw-r--   1 travis travis  3741 Apr  9 04:05 ModularCodeGen3_A1_B2.class
-rw-rw-r--   1 travis travis  9958 Apr  9 04:05 ModularCodeGen3_A1_B2.java
-rw-rw-r--   1 travis travis   880 Apr  9 04:05 ModularCodeGen3_A1_B2.mk
-rw-rw-r--   1 travis travis  1330 Apr  9 04:05 ModularCodeGen3_A1_B2_profile.class
-rw-rw-r--   1 travis travis  1274 Apr  9 04:05 ModularCodeGen3_A1_B2_profile.java
-rw-rw-r--   1 travis travis  4961 Apr  9 04:05 ModularCodeGen3_A1.class
-rw-rw-r--   1 travis travis 15564 Apr  9 04:05 ModularCodeGen3_A1.java
-rw-rw-r--   1 travis travis   856 Apr  9 04:05 ModularCodeGen3_A1.mk
-rw-rw-r--   1 travis travis  1445 Apr  9 04:05 ModularCodeGen3_A1_profile.class
-rw-rw-r--   1 travis travis  1716 Apr  9 04:05 ModularCodeGen3_A1_profile.java
-rw-rw-r--   1 travis travis  3887 Apr  9 04:05 ModularCodeGen3_A2_B1.class
-rw-rw-r--   1 travis travis 10955 Apr  9 04:05 ModularCodeGen3_A2_B1.java
-rw-rw-r--   1 travis travis   880 Apr  9 04:05 ModularCodeGen3_A2_B1.mk
-rw-rw-r--   1 travis travis  1393 Apr  9 04:05 ModularCodeGen3_A2_B1_profile.class
-rw-rw-r--   1 travis travis  1458 Apr  9 04:05 ModularCodeGen3_A2_B1_profile.java
-rw-rw-r--   1 travis travis  3741 Apr  9 04:05 ModularCodeGen3_A2_B2.class
-rw-rw-r--   1 travis travis  9958 Apr  9 04:05 ModularCodeGen3_A2_B2.java
-rw-rw-r--   1 travis travis   880 Apr  9 04:05 ModularCodeGen3_A2_B2.mk
-rw-rw-r--   1 travis travis  1330 Apr  9 04:05 ModularCodeGen3_A2_B2_profile.class
-rw-rw-r--   1 travis travis  1274 Apr  9 04:05 ModularCodeGen3_A2_B2_profile.java
-rw-rw-r--   1 travis travis  5038 Apr  9 04:05 ModularCodeGen3_A2.class
-rw-rw-r--   1 travis travis 15957 Apr  9 04:05 ModularCodeGen3_A2.java
-rw-rw-r--   1 travis travis   856 Apr  9 04:05 ModularCodeGen3_A2.mk
-rw-rw-r--   1 travis travis  1445 Apr  9 04:05 ModularCodeGen3_A2_profile.class
-rw-rw-r--   1 travis travis  1716 Apr  9 04:05 ModularCodeGen3_A2_profile.java
-rw-rw-r--   1 travis travis  3794 Apr  9 04:05 ModularCodeGen4_A1_B1.class
-rw-rw-r--   1 travis travis 10312 Apr  9 04:05 ModularCodeGen4_A1_B1.java
-rw-rw-r--   1 travis travis   880 Apr  9 04:05 ModularCodeGen4_A1_B1.mk
-rw-rw-r--   1 travis travis  1330 Apr  9 04:05 ModularCodeGen4_A1_B1_profile.class
-rw-rw-r--   1 travis travis  1273 Apr  9 04:05 ModularCodeGen4_A1_B1_profile.java
-rw-rw-r--   1 travis travis  3794 Apr  9 04:05 ModularCodeGen4_A1_B2.class
-rw-rw-r--   1 travis travis 10312 Apr  9 04:05 ModularCodeGen4_A1_B2.java
-rw-rw-r--   1 travis travis   880 Apr  9 04:05 ModularCodeGen4_A1_B2.mk
-rw-rw-r--   1 travis travis  1330 Apr  9 04:05 ModularCodeGen4_A1_B2_profile.class
-rw-rw-r--   1 travis travis  1273 Apr  9 04:05 ModularCodeGen4_A1_B2_profile.java
-rw-rw-r--   1 travis travis  5101 Apr  9 04:05 ModularCodeGen4_A1.class
-rw-rw-r--   1 travis travis 16245 Apr  9 04:05 ModularCodeGen4_A1.java
-rw-rw-r--   1 travis travis   856 Apr  9 04:05 ModularCodeGen4_A1.mk
-rw-rw-r--   1 travis travis  1445 Apr  9 04:05 ModularCodeGen4_A1_profile.class
-rw-rw-r--   1 travis travis  1712 Apr  9 04:05 ModularCodeGen4_A1_profile.java
-rw-rw-r--   1 travis travis  3988 Apr  9 04:05 ModularCodeGen4_A2_B1.class
-rw-rw-r--   1 travis travis 11375 Apr  9 04:05 ModularCodeGen4_A2_B1.java
-rw-rw-r--   1 travis travis   880 Apr  9 04:05 ModularCodeGen4_A2_B1.mk
-rw-rw-r--   1 travis travis  1393 Apr  9 04:05 ModularCodeGen4_A2_B1_profile.class
-rw-rw-r--   1 travis travis  1454 Apr  9 04:05 ModularCodeGen4_A2_B1_profile.java
-rw-rw-r--   1 travis travis  3842 Apr  9 04:05 ModularCodeGen4_A2_B2.class
-rw-rw-r--   1 travis travis 10378 Apr  9 04:05 ModularCodeGen4_A2_B2.java
-rw-rw-r--   1 travis travis   880 Apr  9 04:05 ModularCodeGen4_A2_B2.mk
-rw-rw-r--   1 travis travis  1330 Apr  9 04:05 ModularCodeGen4_A2_B2_profile.class
-rw-rw-r--   1 travis travis  1270 Apr  9 04:05 ModularCodeGen4_A2_B2_profile.java
-rw-rw-r--   1 travis travis  5274 Apr  9 04:05 ModularCodeGen4_A2.class
-rw-rw-r--   1 travis travis 16770 Apr  9 04:05 ModularCodeGen4_A2.java
-rw-rw-r--   1 travis travis   856 Apr  9 04:05 ModularCodeGen4_A2.mk
-rw-rw-r--   1 travis travis  1445 Apr  9 04:05 ModularCodeGen4_A2_profile.class
-rw-rw-r--   1 travis travis  1712 Apr  9 04:05 ModularCodeGen4_A2_profile.java
-rw-rw-r--   1 travis travis  6838 Apr  9 04:05 ModularCodeGen5_A_A.class
-rw-rw-r--   1 travis travis 28721 Apr  9 04:05 ModularCodeGen5_A_A.java
-rw-rw-r--   1 travis travis   864 Apr  9 04:05 ModularCodeGen5_A_A.mk
-rw-rw-r--   1 travis travis  1520 Apr  9 04:05 ModularCodeGen5_A_A_profile.class
-rw-rw-r--   1 travis travis  1815 Apr  9 04:05 ModularCodeGen5_A_A_profile.java
-rw-rw-r--   1 travis travis  5115 Apr  9 04:05 ModularCodeGen5_A.class
-rw-rw-r--   1 travis travis 13769 Apr  9 04:05 ModularCodeGen5_A.java
-rw-rw-r--   1 travis travis   848 Apr  9 04:05 ModularCodeGen5_A.mk
-rw-rw-r--   1 travis travis  1422 Apr  9 04:05 ModularCodeGen5_A_profile.class
-rw-rw-r--   1 travis travis  1605 Apr  9 04:05 ModularCodeGen5_A_profile.java
-rw-rw-r--   1 travis travis  1361 Apr  9 04:05 ModularCodeGen6_A_A_profile.java
-rw-rw-r--   1 travis travis  3954 Apr  9 04:05 ModularCodeGen_ModularCodeGenTypedCompositeActor.class
-rw-rw-r--   1 travis travis 10970 Apr  9 04:05 ModularCodeGen_ModularCodeGenTypedCompositeActor.java
-rw-rw-r--   1 travis travis  1096 Apr  9 04:05 ModularCodeGen_ModularCodeGenTypedCompositeActor.mk
-rw-rw-r--   1 travis travis  1384 Apr  9 04:05 ModularCodeGen_ModularCodeGenTypedCompositeActor_profile.class
-rw-rw-r--   1 travis travis  1328 Apr  9 04:05 ModularCodeGen_ModularCodeGenTypedCompositeActor_profile.java
-rw-rw-r--   1 travis travis  3492 Apr  9 04:04 ModularCodeGenTest_A1_A2.class
-rw-rw-r--   1 travis travis   904 Apr  9 04:04 ModularCodeGenTest_A1_A2.mk
-rw-rw-r--   1 travis travis  1306 Apr  9 04:04 ModularCodeGenTest_A1_A2_profile.class
-rw-rw-r--   1 travis travis  3823 Apr  9 04:04 ModularCodeGenTest_A1.class
-rw-rw-r--   1 travis travis  9968 Apr  9 04:04 ModularCodeGenTest_A1.java
-rw-rw-r--   1 travis travis   880 Apr  9 04:04 ModularCodeGenTest_A1.mk
-rw-rw-r--   1 travis travis  1352 Apr  9 04:04 ModularCodeGenTest_A1_profile.class
-rw-rw-r--   1 travis travis  1394 Apr  9 04:04 ModularCodeGenTest_A1_profile.java
drwxrwxr-x   3 travis travis 36864 Apr  9 04:04 modulation2
drwxrwxr-x   3 travis travis 20480 Apr  9 04:01 Multiplexor
drwxrwxr-x 242 travis travis 12288 Apr  9 04:04 node_modules
drwxrwxr-x   3 travis travis 20480 Apr  9 04:01 PhaseUnwrap
-rw-rw-r--   1 travis travis   520 Apr  9 04:04 Repeat$_fireFunction_Repeat_Repeat$__f_sL_0.class
-rw-rw-r--   1 travis travis   522 Apr  9 04:04 Repeat$_fireFunction_Repeat_Repeat$__f_sL_10.class
-rw-rw-r--   1 travis travis   666 Apr  9 04:04 Repeat$_fireFunction_Repeat_Repeat$__f_sL_11.class
-rw-rw-r--   1 travis travis   522 Apr  9 04:04 Repeat$_fireFunction_Repeat_Repeat$__f_sL_13.class
-rw-rw-r--   1 travis travis   665 Apr  9 04:04 Repeat$_fireFunction_Repeat_Repeat$__f_sL_1.class
-rw-rw-r--   1 travis travis   520 Apr  9 04:04 Repeat$_fireFunction_Repeat_Repeat$__f_sL_2.class
-rw-rw-r--   1 travis travis   520 Apr  9 04:04 Repeat$_fireFunction_Repeat_Repeat$__f_sL_3.class
-rw-rw-r--   1 travis travis   520 Apr  9 04:04 Repeat$_fireFunction_Repeat_Repeat$__f_sL_5.class
-rw-rw-r--   1 travis travis   671 Apr  9 04:04 Repeat$_fireFunction_Repeat_Repeat$__f_sL_7.class
-rw-rw-r--   1 travis travis   520 Apr  9 04:04 Repeat$_fireFunction_Repeat_Repeat$__f_sL_9.class
-rw-rw-r--   1 travis travis   813 Apr  9 04:04 Repeat$_initialize_Repeat.class
-rw-rw-r--   1 travis travis   475 Apr  9 04:04 Repeat$_initialize_Repeat$__i_sL_0.class
-rw-rw-r--   1 travis travis   519 Apr  9 04:04 Repeat$_initialize_Repeat$__i_sL_3.class
-rw-rw-r--   1 travis travis 39778 Apr  9 04:04 Repeat.java
-rw-rw-r--   1 travis travis  1281 Apr  9 04:04 Repeat.mk
-rw-rw-r--   1 travis travis   520 Apr  9 04:04 Repeat$_preinitializeMethod_Repeat$__p_sL_0.class
-rw-rw-r--   1 travis travis   520 Apr  9 04:04 Repeat$_preinitializeMethod_Repeat$__p_sL_1.class
-rw-rw-r--   1 travis travis  1083 Apr  9 04:04 Repeat$_Repeat$_fireFunction_Repeat_AddSubtract_Repeat.class
-rw-rw-r--   1 travis travis   791 Apr  9 04:04 Repeat$_Repeat$_fireFunction_Repeat_AddSubtract_Repeat$__f_sL_0.class
-rw-rw-r--   1 travis travis   909 Apr  9 04:04 Repeat$_Repeat$_fireFunction_Repeat_AddSubtract_Repeat$__f_sL_1.class
-rw-rw-r--   1 travis travis   915 Apr  9 04:04 Repeat$_Repeat$_fireFunction_Repeat_AddSubtract_Repeat$__f_sL_2.class
-rw-rw-r--   1 travis travis   838 Apr  9 04:04 Repeat$_Repeat$_fireFunction_Repeat_Ramp2_Repeat$__f_sL_1.class
-rw-rw-r--   1 travis travis  1785 Apr  9 04:04 Repeat$_Repeat$_fireFunction_Repeat_Test_Repeat$__f_sL_2.class
-rw-rw-r--   1 travis travis   685 Apr  9 04:04 Repeat$_Repeat_SDF_Director_run_Repeat$__R_sL_0.class
-rw-rw-r--   1 travis travis   540 Apr  9 04:04 Repeat$_Repeat_SDF_Director_run_Repeat$__R_sL_1.class
-rw-rw-r--   1 travis travis   540 Apr  9 04:04 Repeat$_Repeat_SDF_Director_run_Repeat$__R_sL_2.class
-rw-rw-r--   1 travis travis   540 Apr  9 04:04 Repeat$_Repeat_SDF_Director_run_Repeat$__R_sL_4.class
-rw-rw-r--   1 travis travis   540 Apr  9 04:04 Repeat$_Repeat_SDF_Director_run_Repeat$__R_sL_5.class
-rw-rw-r--   1 travis travis   691 Apr  9 04:04 Repeat$_Repeat_SDF_Director_run_Repeat$__R_sL_6.class
-rw-rw-r--   1 travis travis   540 Apr  9 04:04 Repeat$_Repeat_SDF_Director_run_Repeat$__R_sL_7.class
-rw-rw-r--   1 travis travis   863 Apr  9 04:04 Repeat$_varinit_Repeat.class
-rw-rw-r--   1 travis travis   530 Apr  9 04:04 Repeat$_varinit_Repeat$__v_sL_1.class
-rw-rw-r--   1 travis travis   531 Apr  9 04:04 Repeat$_varinit_Repeat$__v_sL_2.class
-rw-rw-r--   1 travis travis   905 Apr  9 04:04 Repeat$_varinit_Repeat$__v_sL_4.class
-rw-rw-r--   1 travis travis   635 Apr  9 04:04 Repeat$_wrapup_Repeat.class
-rw-rw-r--   1 travis travis   965 Apr  9 04:04 Repeat$_wrapup_Repeat$__w_sL_1.class
-rw-rw-r--   1 travis travis   289 Apr  9 03:59 result.csv
drwxrwxr-x   3 travis travis 12288 Apr  9 04:02 Scrambler1
drwxrwxr-x   3 travis travis 20480 Apr  9 04:01 Sinewave2
drwxrwxr-x   3 travis travis 69632 Apr  9 04:02 StringCompare
drwxrwxr-x   3 travis travis 32768 Apr  9 04:02 StringFunction
drwxrwxr-x   3 travis travis 12288 Apr  9 04:03 StringLength
drwxrwxr-x   3 travis travis 57344 Apr  9 04:03 StringSimpleReplace
drwxrwxr-x   3 travis travis 12288 Apr  9 04:04 time2
drwxrwxr-x   3 travis travis 12288 Apr  9 04:04 time5
-rw-rw-r--   1 travis travis   432 Apr  9 04:05 Token.class
-rw-rw-r--   1 travis travis   251 Apr  9 04:05 Token.java
-rw-rw-r--   1 travis travis     0 Apr  9 04:04 top.
-rw-rw-r--   1 travis travis 20502 Apr  9 03:59 top.c
-rw-rw-r--   1 travis travis  3567 Apr  9 04:04 top.class
-rw-rw-r--   1 travis travis   169 Apr  9 03:59 top.html
-rw-rw-r--   1 travis travis  7552 Apr  9 04:04 top.java
-rw-rw-r--   1 travis travis 38888 Apr  9 03:59 top.o
drwxrwxr-x   3 travis travis 57344 Apr  9 04:02 UnaryMathFunction
All Done
Writing ModularCodeGen6_A_A.java in file:/home/travis/cg/ (11221 characters)
Reading "ptolemy/cg/kernel/generic/program/procedural/java/modular/makefile.in",
    writing "/home/travis/cg/ModularCodeGen6_A_A.mk"
Using ptolemy/cg/kernel/generic/program/procedural/java/modular/makefile.in
In "/home/travis/cg", about to execute:
    make -f ModularCodeGen6_A_A.mk
javac -classpath ".:.."    ModularCodeGen6_A_A.java
All Done
In "/home/travis/cg", about to execute:
    pwd
In "/home/travis/cg", about to execute:
    ls -l
/home/travis/cg
total 1852
drwxrwxr-x   3 travis travis 12288 Apr  9 04:00 AbsoluteValue
drwxrwxr-x   3 travis travis 16384 Apr  9 04:00 Case1
drwxrwxr-x   3 travis travis 32768 Apr  9 04:00 Case2
-rw-rw-r--   1 travis travis  4895 Apr  9 04:04 CompiledCompositeActor_CompiledCompositeActor.class
-rw-rw-r--   1 travis travis  1592 Apr  9 04:04 CompiledCompositeActor_CompiledCompositeActor$_CompiledCompositeActor_CompiledCompositeActor.class
-rw-rw-r--   1 travis travis 13466 Apr  9 04:04 CompiledCompositeActor_CompiledCompositeActor.java
-rw-rw-r--   1 travis travis  1593 Apr  9 04:04 CompiledCompositeActor_CompiledCompositeActor.mk
drwxrwxr-x   3 travis travis 24576 Apr  9 04:02 DeScrambler
drwxrwxr-x   3 travis travis 16384 Apr  9 04:04 DotProduct
drwxrwxr-x   3 travis travis 12288 Apr  9 04:00 FileWriter1
drwxrwxr-x   3 travis travis 20480 Apr  9 04:00 FixToDoubleAndBack
drwxrwxr-x   3 travis travis 16384 Apr  9 04:00 Gaussian1
drwxrwxr-x   3 travis travis 20480 Apr  9 04:00 Gaussian2
-rw-rw-r--   1 travis travis  4457 Apr  9 04:04 JavaCompiledCompositeTest1_CompiledCompositeActor.class
-rw-rw-r--   1 travis travis 11637 Apr  9 04:04 JavaCompiledCompositeTest1_CompiledCompositeActor.java
-rw-rw-r--   1 travis travis  1198 Apr  9 04:04 JavaCompiledCompositeTest1_CompiledCompositeActor$_JavaCompiledCompositeTest1_CompiledCompositeActor.class
-rw-rw-r--   1 travis travis  1625 Apr  9 04:04 JavaCompiledCompositeTest1_CompiledCompositeActor.mk
-rw-rw-r--   1 travis travis  4888 Apr  9 04:04 JavaCompiledCompositeTest2_CompiledCompositeActor.class
-rw-rw-r--   1 travis travis 14919 Apr  9 04:04 JavaCompiledCompositeTest2_CompiledCompositeActor.java
-rw-rw-r--   1 travis travis  1793 Apr  9 04:04 JavaCompiledCompositeTest2_CompiledCompositeActor$_JavaCompiledCompositeTest2_CompiledCompositeActor.class
-rw-rw-r--   1 travis travis  1625 Apr  9 04:04 JavaCompiledCompositeTest2_CompiledCompositeActor.mk
-rw-rw-r--   1 travis travis  4505 Apr  9 04:04 JavaCompiledCompositeTest3_CompiledCompositeActor.class
-rw-rw-r--   1 travis travis 13080 Apr  9 04:04 JavaCompiledCompositeTest3_CompiledCompositeActor.java
-rw-rw-r--   1 travis travis  1378 Apr  9 04:04 JavaCompiledCompositeTest3_CompiledCompositeActor$_JavaCompiledCompositeTest3_CompiledCompositeActor.class
-rw-rw-r--   1 travis travis  1625 Apr  9 04:04 JavaCompiledCompositeTest3_CompiledCompositeActor.mk
-rw-rw-r--   1 travis travis  3953 Apr  9 04:04 JavaCompiledCompositeTest4_CompiledCompositeActor.class
-rw-rw-r--   1 travis travis  9687 Apr  9 04:04 JavaCompiledCompositeTest4_CompiledCompositeActor.java
-rw-rw-r--   1 travis travis   857 Apr  9 04:04 JavaCompiledCompositeTest4_CompiledCompositeActor$_JavaCompiledCompositeTest4_CompiledCompositeActor.class
-rw-rw-r--   1 travis travis  1625 Apr  9 04:04 JavaCompiledCompositeTest4_CompiledCompositeActor.mk
drwxrwxr-x   3 travis travis 12288 Apr  9 04:01 LookupTable
drwxrwxr-x   3 travis travis 20480 Apr  9 04:01 MaxIndex
-rw-rw-r--   1 travis travis  3693 Apr  9 04:04 ModularCG_A1_B1.class
-rw-rw-r--   1 travis travis  9730 Apr  9 04:04 ModularCG_A1_B1.java
-rw-rw-r--   1 travis travis   832 Apr  9 04:04 ModularCG_A1_B1.mk
-rw-rw-r--   1 travis travis  1318 Apr  9 04:04 ModularCG_A1_B1_profile.class
-rw-rw-r--   1 travis travis  1262 Apr  9 04:04 ModularCG_A1_B1_profile.java
-rw-rw-r--   1 travis travis  3693 Apr  9 04:04 ModularCG_A1_B2.class
-rw-rw-r--   1 travis travis  9730 Apr  9 04:04 ModularCG_A1_B2.java
-rw-rw-r--   1 travis travis   832 Apr  9 04:04 ModularCG_A1_B2.mk
-rw-rw-r--   1 travis travis  1318 Apr  9 04:04 ModularCG_A1_B2_profile.class
-rw-rw-r--   1 travis travis  1262 Apr  9 04:04 ModularCG_A1_B2_profile.java
-rw-rw-r--   1 travis travis  4799 Apr  9 04:04 ModularCG_A1.class
-rw-rw-r--   1 travis travis 14742 Apr  9 04:04 ModularCG_A1.java
-rw-rw-r--   1 travis travis   808 Apr  9 04:04 ModularCG_A1.mk
-rw-rw-r--   1 travis travis  1433 Apr  9 04:04 ModularCG_A1_profile.class
-rw-rw-r--   1 travis travis  1704 Apr  9 04:04 ModularCG_A1_profile.java
-rw-rw-r--   1 travis travis  3827 Apr  9 04:04 ModularCG_A2_B1.class
-rw-rw-r--   1 travis travis 10667 Apr  9 04:04 ModularCG_A2_B1.java
-rw-rw-r--   1 travis travis   832 Apr  9 04:04 ModularCG_A2_B1.mk
-rw-rw-r--   1 travis travis  1381 Apr  9 04:04 ModularCG_A2_B1_profile.class
-rw-rw-r--   1 travis travis  1446 Apr  9 04:04 ModularCG_A2_B1_profile.java
-rw-rw-r--   1 travis travis  3693 Apr  9 04:04 ModularCG_A2_B2.class
-rw-rw-r--   1 travis travis  9730 Apr  9 04:04 ModularCG_A2_B2.java
-rw-rw-r--   1 travis travis   832 Apr  9 04:04 ModularCG_A2_B2.mk
-rw-rw-r--   1 travis travis  1318 Apr  9 04:04 ModularCG_A2_B2_profile.class
-rw-rw-r--   1 travis travis  1262 Apr  9 04:04 ModularCG_A2_B2_profile.java
-rw-rw-r--   1 travis travis  4870 Apr  9 04:05 ModularCG_A2.class
-rw-rw-r--   1 travis travis 15129 Apr  9 04:05 ModularCG_A2.java
-rw-rw-r--   1 travis travis   808 Apr  9 04:05 ModularCG_A2.mk
-rw-rw-r--   1 travis travis  1433 Apr  9 04:05 ModularCG_A2_profile.class
-rw-rw-r--   1 travis travis  1704 Apr  9 04:04 ModularCG_A2_profile.java
-rw-rw-r--   1 travis travis  3473 Apr  9 04:05 ModularCGPubSub_A1_A2.class
-rw-rw-r--   1 travis travis  9076 Apr  9 04:05 ModularCGPubSub_A1_A2.java
-rw-rw-r--   1 travis travis   880 Apr  9 04:05 ModularCGPubSub_A1_A2.mk
-rw-rw-r--   1 travis travis  1300 Apr  9 04:05 ModularCGPubSub_A1_A2_profile.class
-rw-rw-r--   1 travis travis  1222 Apr  9 04:05 ModularCGPubSub_A1_A2_profile.java
-rw-rw-r--   1 travis travis  3790 Apr  9 04:05 ModularCGPubSub_A1.class
-rw-rw-r--   1 travis travis  9836 Apr  9 04:05 ModularCGPubSub_A1.java
-rw-rw-r--   1 travis travis   856 Apr  9 04:05 ModularCGPubSub_A1.mk
-rw-rw-r--   1 travis travis  1346 Apr  9 04:05 ModularCGPubSub_A1_profile.class
-rw-rw-r--   1 travis travis  1388 Apr  9 04:05 ModularCGPubSub_A1_profile.java
-rw-rw-r--   1 travis travis  3988 Apr  9 04:05 ModularCodeGen2_ModularCodeGenTypedCompositeActor.class
-rw-rw-r--   1 travis travis 11690 Apr  9 04:05 ModularCodeGen2_ModularCodeGenTypedCompositeActor.java
-rw-rw-r--   1 travis travis  1104 Apr  9 04:05 ModularCodeGen2_ModularCodeGenTypedCompositeActor.mk
-rw-rw-r--   1 travis travis  4272 Apr  9 04:05 ModularCodeGen2_ModularCodeGenTypedCompositeActor_ModularCodeGenTypedCompositeActor.class
-rw-rw-r--   1 travis travis 11790 Apr  9 04:05 ModularCodeGen2_ModularCodeGenTypedCompositeActor_ModularCodeGenTypedCompositeActor.java
-rw-rw-r--   1 travis travis  1376 Apr  9 04:05 ModularCodeGen2_ModularCodeGenTypedCompositeActor_ModularCodeGenTypedCompositeActor.mk
-rw-rw-r--   1 travis travis  1421 Apr  9 04:05 ModularCodeGen2_ModularCodeGenTypedCompositeActor_ModularCodeGenTypedCompositeActor_profile.class
-rw-rw-r--   1 travis travis  1294 Apr  9 04:05 ModularCodeGen2_ModularCodeGenTypedCompositeActor_ModularCodeGenTypedCompositeActor_profile.java
-rw-rw-r--   1 travis travis   820 Apr  9 04:05 ModularCodeGen2_ModularCodeGenTypedCompositeActor_profile.class
-rw-rw-r--   1 travis travis   693 Apr  9 04:05 ModularCodeGen2_ModularCodeGenTypedCompositeActor_profile.java
-rw-rw-r--   1 travis travis  3741 Apr  9 04:05 ModularCodeGen3_A1_B1.class
-rw-rw-r--   1 travis travis  9958 Apr  9 04:05 ModularCodeGen3_A1_B1.java
-rw-rw-r--   1 travis travis   880 Apr  9 04:05 ModularCodeGen3_A1_B1.mk
-rw-rw-r--   1 travis travis  1330 Apr  9 04:05 ModularCodeGen3_A1_B1_profile.class
-rw-rw-r--   1 travis travis  1274 Apr  9 04:05 ModularCodeGen3_A1_B1_profile.java
-rw-rw-r--   1 travis travis  3741 Apr  9 04:05 ModularCodeGen3_A1_B2.class
-rw-rw-r--   1 travis travis  9958 Apr  9 04:05 ModularCodeGen3_A1_B2.java
-rw-rw-r--   1 travis travis   880 Apr  9 04:05 ModularCodeGen3_A1_B2.mk
-rw-rw-r--   1 travis travis  1330 Apr  9 04:05 ModularCodeGen3_A1_B2_profile.class
-rw-rw-r--   1 travis travis  1274 Apr  9 04:05 ModularCodeGen3_A1_B2_profile.java
-rw-rw-r--   1 travis travis  4961 Apr  9 04:05 ModularCodeGen3_A1.class
-rw-rw-r--   1 travis travis 15564 Apr  9 04:05 ModularCodeGen3_A1.java
-rw-rw-r--   1 travis travis   856 Apr  9 04:05 ModularCodeGen3_A1.mk
-rw-rw-r--   1 travis travis  1445 Apr  9 04:05 ModularCodeGen3_A1_profile.class
-rw-rw-r--   1 travis travis  1716 Apr  9 04:05 ModularCodeGen3_A1_profile.java
-rw-rw-r--   1 travis travis  3887 Apr  9 04:05 ModularCodeGen3_A2_B1.class
-rw-rw-r--   1 travis travis 10955 Apr  9 04:05 ModularCodeGen3_A2_B1.java
-rw-rw-r--   1 travis travis   880 Apr  9 04:05 ModularCodeGen3_A2_B1.mk
-rw-rw-r--   1 travis travis  1393 Apr  9 04:05 ModularCodeGen3_A2_B1_profile.class
-rw-rw-r--   1 travis travis  1458 Apr  9 04:05 ModularCodeGen3_A2_B1_profile.java
-rw-rw-r--   1 travis travis  3741 Apr  9 04:05 ModularCodeGen3_A2_B2.class
-rw-rw-r--   1 travis travis  9958 Apr  9 04:05 ModularCodeGen3_A2_B2.java
-rw-rw-r--   1 travis travis   880 Apr  9 04:05 ModularCodeGen3_A2_B2.mk
-rw-rw-r--   1 travis travis  1330 Apr  9 04:05 ModularCodeGen3_A2_B2_profile.class
-rw-rw-r--   1 travis travis  1274 Apr  9 04:05 ModularCodeGen3_A2_B2_profile.java
-rw-rw-r--   1 travis travis  5038 Apr  9 04:05 ModularCodeGen3_A2.class
-rw-rw-r--   1 travis travis 15957 Apr  9 04:05 ModularCodeGen3_A2.java
-rw-rw-r--   1 travis travis   856 Apr  9 04:05 ModularCodeGen3_A2.mk
-rw-rw-r--   1 travis travis  1445 Apr  9 04:05 ModularCodeGen3_A2_profile.class
-rw-rw-r--   1 travis travis  1716 Apr  9 04:05 ModularCodeGen3_A2_profile.java
-rw-rw-r--   1 travis travis  3794 Apr  9 04:05 ModularCodeGen4_A1_B1.class
-rw-rw-r--   1 travis travis 10312 Apr  9 04:05 ModularCodeGen4_A1_B1.java
-rw-rw-r--   1 travis travis   880 Apr  9 04:05 ModularCodeGen4_A1_B1.mk
-rw-rw-r--   1 travis travis  1330 Apr  9 04:05 ModularCodeGen4_A1_B1_profile.class
-rw-rw-r--   1 travis travis  1273 Apr  9 04:05 ModularCodeGen4_A1_B1_profile.java
-rw-rw-r--   1 travis travis  3794 Apr  9 04:05 ModularCodeGen4_A1_B2.class
-rw-rw-r--   1 travis travis 10312 Apr  9 04:05 ModularCodeGen4_A1_B2.java
-rw-rw-r--   1 travis travis   880 Apr  9 04:05 ModularCodeGen4_A1_B2.mk
-rw-rw-r--   1 travis travis  1330 Apr  9 04:05 ModularCodeGen4_A1_B2_profile.class
-rw-rw-r--   1 travis travis  1273 Apr  9 04:05 ModularCodeGen4_A1_B2_profile.java
-rw-rw-r--   1 travis travis  5101 Apr  9 04:05 ModularCodeGen4_A1.class
-rw-rw-r--   1 travis travis 16245 Apr  9 04:05 ModularCodeGen4_A1.java
-rw-rw-r--   1 travis travis   856 Apr  9 04:05 ModularCodeGen4_A1.mk
-rw-rw-r--   1 travis travis  1445 Apr  9 04:05 ModularCodeGen4_A1_profile.class
-rw-rw-r--   1 travis travis  1712 Apr  9 04:05 ModularCodeGen4_A1_profile.java
-rw-rw-r--   1 travis travis  3988 Apr  9 04:05 ModularCodeGen4_A2_B1.class
-rw-rw-r--   1 travis travis 11375 Apr  9 04:05 ModularCodeGen4_A2_B1.java
-rw-rw-r--   1 travis travis   880 Apr  9 04:05 ModularCodeGen4_A2_B1.mk
-rw-rw-r--   1 travis travis  1393 Apr  9 04:05 ModularCodeGen4_A2_B1_profile.class
-rw-rw-r--   1 travis travis  1454 Apr  9 04:05 ModularCodeGen4_A2_B1_profile.java
-rw-rw-r--   1 travis travis  3842 Apr  9 04:05 ModularCodeGen4_A2_B2.class
-rw-rw-r--   1 travis travis 10378 Apr  9 04:05 ModularCodeGen4_A2_B2.java
-rw-rw-r--   1 travis travis   880 Apr  9 04:05 ModularCodeGen4_A2_B2.mk
-rw-rw-r--   1 travis travis  1330 Apr  9 04:05 ModularCodeGen4_A2_B2_profile.class
-rw-rw-r--   1 travis travis  1270 Apr  9 04:05 ModularCodeGen4_A2_B2_profile.java
-rw-rw-r--   1 travis travis  5274 Apr  9 04:05 ModularCodeGen4_A2.class
-rw-rw-r--   1 travis travis 16770 Apr  9 04:05 ModularCodeGen4_A2.java
-rw-rw-r--   1 travis travis   856 Apr  9 04:05 ModularCodeGen4_A2.mk
-rw-rw-r--   1 travis travis  1445 Apr  9 04:05 ModularCodeGen4_A2_profile.class
-rw-rw-r--   1 travis travis  1712 Apr  9 04:05 ModularCodeGen4_A2_profile.java
-rw-rw-r--   1 travis travis  6838 Apr  9 04:05 ModularCodeGen5_A_A.class
-rw-rw-r--   1 travis travis 28721 Apr  9 04:05 ModularCodeGen5_A_A.java
-rw-rw-r--   1 travis travis   864 Apr  9 04:05 ModularCodeGen5_A_A.mk
-rw-rw-r--   1 travis travis  1520 Apr  9 04:05 ModularCodeGen5_A_A_profile.class
-rw-rw-r--   1 travis travis  1815 Apr  9 04:05 ModularCodeGen5_A_A_profile.java
-rw-rw-r--   1 travis travis  5115 Apr  9 04:05 ModularCodeGen5_A.class
-rw-rw-r--   1 travis travis 13769 Apr  9 04:05 ModularCodeGen5_A.java
-rw-rw-r--   1 travis travis   848 Apr  9 04:05 ModularCodeGen5_A.mk
-rw-rw-r--   1 travis travis  1422 Apr  9 04:05 ModularCodeGen5_A_profile.class
-rw-rw-r--   1 travis travis  1605 Apr  9 04:05 ModularCodeGen5_A_profile.java
-rw-rw-r--   1 travis travis  1364 Apr  9 04:05 ModularCodeGen6_A_A2_profile.java
-rw-rw-r--   1 travis travis  4108 Apr  9 04:05 ModularCodeGen6_A_A.class
-rw-rw-r--   1 travis travis 11221 Apr  9 04:05 ModularCodeGen6_A_A.java
-rw-rw-r--   1 travis travis   864 Apr  9 04:05 ModularCodeGen6_A_A.mk
-rw-rw-r--   1 travis travis  1348 Apr  9 04:05 ModularCodeGen6_A_A_profile.class
-rw-rw-r--   1 travis travis  1361 Apr  9 04:05 ModularCodeGen6_A_A_profile.java
-rw-rw-r--   1 travis travis  3954 Apr  9 04:05 ModularCodeGen_ModularCodeGenTypedCompositeActor.class
-rw-rw-r--   1 travis travis 10970 Apr  9 04:05 ModularCodeGen_ModularCodeGenTypedCompositeActor.java
-rw-rw-r--   1 travis travis  1096 Apr  9 04:05 ModularCodeGen_ModularCodeGenTypedCompositeActor.mk
-rw-rw-r--   1 travis travis  1384 Apr  9 04:05 ModularCodeGen_ModularCodeGenTypedCompositeActor_profile.class
-rw-rw-r--   1 travis travis  1328 Apr  9 04:05 ModularCodeGen_ModularCodeGenTypedCompositeActor_profile.java
-rw-rw-r--   1 travis travis  3492 Apr  9 04:04 ModularCodeGenTest_A1_A2.class
-rw-rw-r--   1 travis travis   904 Apr  9 04:04 ModularCodeGenTest_A1_A2.mk
-rw-rw-r--   1 travis travis  1306 Apr  9 04:04 ModularCodeGenTest_A1_A2_profile.class
-rw-rw-r--   1 travis travis  3823 Apr  9 04:04 ModularCodeGenTest_A1.class
-rw-rw-r--   1 travis travis  9968 Apr  9 04:04 ModularCodeGenTest_A1.java
-rw-rw-r--   1 travis travis   880 Apr  9 04:04 ModularCodeGenTest_A1.mk
-rw-rw-r--   1 travis travis  1352 Apr  9 04:04 ModularCodeGenTest_A1_profile.class
-rw-rw-r--   1 travis travis  1394 Apr  9 04:04 ModularCodeGenTest_A1_profile.java
drwxrwxr-x   3 travis travis 36864 Apr  9 04:04 modulation2
drwxrwxr-x   3 travis travis 20480 Apr  9 04:01 Multiplexor
drwxrwxr-x 242 travis travis 12288 Apr  9 04:04 node_modules
drwxrwxr-x   3 travis travis 20480 Apr  9 04:01 PhaseUnwrap
-rw-rw-r--   1 travis travis   520 Apr  9 04:04 Repeat$_fireFunction_Repeat_Repeat$__f_sL_0.class
-rw-rw-r--   1 travis travis   522 Apr  9 04:04 Repeat$_fireFunction_Repeat_Repeat$__f_sL_10.class
-rw-rw-r--   1 travis travis   666 Apr  9 04:04 Repeat$_fireFunction_Repeat_Repeat$__f_sL_11.class
-rw-rw-r--   1 travis travis   522 Apr  9 04:04 Repeat$_fireFunction_Repeat_Repeat$__f_sL_13.class
-rw-rw-r--   1 travis travis   665 Apr  9 04:04 Repeat$_fireFunction_Repeat_Repeat$__f_sL_1.class
-rw-rw-r--   1 travis travis   520 Apr  9 04:04 Repeat$_fireFunction_Repeat_Repeat$__f_sL_2.class
-rw-rw-r--   1 travis travis   520 Apr  9 04:04 Repeat$_fireFunction_Repeat_Repeat$__f_sL_3.class
-rw-rw-r--   1 travis travis   520 Apr  9 04:04 Repeat$_fireFunction_Repeat_Repeat$__f_sL_5.class
-rw-rw-r--   1 travis travis   671 Apr  9 04:04 Repeat$_fireFunction_Repeat_Repeat$__f_sL_7.class
-rw-rw-r--   1 travis travis   520 Apr  9 04:04 Repeat$_fireFunction_Repeat_Repeat$__f_sL_9.class
-rw-rw-r--   1 travis travis   813 Apr  9 04:04 Repeat$_initialize_Repeat.class
-rw-rw-r--   1 travis travis   475 Apr  9 04:04 Repeat$_initialize_Repeat$__i_sL_0.class
-rw-rw-r--   1 travis travis   519 Apr  9 04:04 Repeat$_initialize_Repeat$__i_sL_3.class
-rw-rw-r--   1 travis travis 39778 Apr  9 04:04 Repeat.java
-rw-rw-r--   1 travis travis  1281 Apr  9 04:04 Repeat.mk
-rw-rw-r--   1 travis travis   520 Apr  9 04:04 Repeat$_preinitializeMethod_Repeat$__p_sL_0.class
-rw-rw-r--   1 travis travis   520 Apr  9 04:04 Repeat$_preinitializeMethod_Repeat$__p_sL_1.class
-rw-rw-r--   1 travis travis  1083 Apr  9 04:04 Repeat$_Repeat$_fireFunction_Repeat_AddSubtract_Repeat.class
-rw-rw-r--   1 travis travis   791 Apr  9 04:04 Repeat$_Repeat$_fireFunction_Repeat_AddSubtract_Repeat$__f_sL_0.class
-rw-rw-r--   1 travis travis   909 Apr  9 04:04 Repeat$_Repeat$_fireFunction_Repeat_AddSubtract_Repeat$__f_sL_1.class
-rw-rw-r--   1 travis travis   915 Apr  9 04:04 Repeat$_Repeat$_fireFunction_Repeat_AddSubtract_Repeat$__f_sL_2.class
-rw-rw-r--   1 travis travis   838 Apr  9 04:04 Repeat$_Repeat$_fireFunction_Repeat_Ramp2_Repeat$__f_sL_1.class
-rw-rw-r--   1 travis travis  1785 Apr  9 04:04 Repeat$_Repeat$_fireFunction_Repeat_Test_Repeat$__f_sL_2.class
-rw-rw-r--   1 travis travis   685 Apr  9 04:04 Repeat$_Repeat_SDF_Director_run_Repeat$__R_sL_0.class
-rw-rw-r--   1 travis travis   540 Apr  9 04:04 Repeat$_Repeat_SDF_Director_run_Repeat$__R_sL_1.class
-rw-rw-r--   1 travis travis   540 Apr  9 04:04 Repeat$_Repeat_SDF_Director_run_Repeat$__R_sL_2.class
-rw-rw-r--   1 travis travis   540 Apr  9 04:04 Repeat$_Repeat_SDF_Director_run_Repeat$__R_sL_4.class
-rw-rw-r--   1 travis travis   540 Apr  9 04:04 Repeat$_Repeat_SDF_Director_run_Repeat$__R_sL_5.class
-rw-rw-r--   1 travis travis   691 Apr  9 04:04 Repeat$_Repeat_SDF_Director_run_Repeat$__R_sL_6.class
-rw-rw-r--   1 travis travis   540 Apr  9 04:04 Repeat$_Repeat_SDF_Director_run_Repeat$__R_sL_7.class
-rw-rw-r--   1 travis travis   863 Apr  9 04:04 Repeat$_varinit_Repeat.class
-rw-rw-r--   1 travis travis   530 Apr  9 04:04 Repeat$_varinit_Repeat$__v_sL_1.class
-rw-rw-r--   1 travis travis   531 Apr  9 04:04 Repeat$_varinit_Repeat$__v_sL_2.class
-rw-rw-r--   1 travis travis   905 Apr  9 04:04 Repeat$_varinit_Repeat$__v_sL_4.class
-rw-rw-r--   1 travis travis   635 Apr  9 04:04 Repeat$_wrapup_Repeat.class
-rw-rw-r--   1 travis travis   965 Apr  9 04:04 Repeat$_wrapup_Repeat$__w_sL_1.class
-rw-rw-r--   1 travis travis   289 Apr  9 03:59 result.csv
drwxrwxr-x   3 travis travis 12288 Apr  9 04:02 Scrambler1
drwxrwxr-x   3 travis travis 20480 Apr  9 04:01 Sinewave2
drwxrwxr-x   3 travis travis 69632 Apr  9 04:02 StringCompare
drwxrwxr-x   3 travis travis 32768 Apr  9 04:02 StringFunction
drwxrwxr-x   3 travis travis 12288 Apr  9 04:03 StringLength
drwxrwxr-x   3 travis travis 57344 Apr  9 04:03 StringSimpleReplace
drwxrwxr-x   3 travis travis 12288 Apr  9 04:04 time2
drwxrwxr-x   3 travis travis 12288 Apr  9 04:04 time5
-rw-rw-r--   1 travis travis   432 Apr  9 04:05 Token.class
-rw-rw-r--   1 travis travis   251 Apr  9 04:05 Token.java
-rw-rw-r--   1 travis travis     0 Apr  9 04:04 top.
-rw-rw-r--   1 travis travis 20502 Apr  9 03:59 top.c
-rw-rw-r--   1 travis travis  3567 Apr  9 04:04 top.class
-rw-rw-r--   1 travis travis   169 Apr  9 03:59 top.html
-rw-rw-r--   1 travis travis  7552 Apr  9 04:04 top.java
-rw-rw-r--   1 travis travis 38888 Apr  9 03:59 top.o
drwxrwxr-x   3 travis travis 57344 Apr  9 04:02 UnaryMathFunction
In "/home/travis/cg", about to execute:
    javac -classpath
.:/home/travis/build/icyphy/ptII:/home/travis/build/icyphy/ptII/lib/bsh-2.0b4.j
ar:/home/travis/build/icyphy/ptII/lib/ptCal.jar:/home/travis/build/icyphy/ptII/
lib/java_cup.jar:/home/travis/build/icyphy/ptII/lib/saxon8.jar:/home/travis/bui
ld/icyphy/ptII/lib/saxon8-dom.jar:/home/travis/build/icyphy/ptII/lib/chic.jar:/
home/travis/build/icyphy/ptII/lib/ptcolt.jar:/usr/lib/jvm/java-8-oracle/lib/too
ls.jar:/home/travis/build/icyphy/ptII/vendors/misc/itext/iText.jar:/home/travis
/build/icyphy/ptII/lib/g4ltl.jar:/home/travis/build/icyphy/ptII/lib/StructuralC
oder.jar:/home/travis/build/icyphy/ptII/vendors/jai-1_1_2_01/lib/jai_core.jar:/
home/travis/build/icyphy/ptII/vendors/jai-1_1_2_01/lib/jai_codec.jar:/home/trav
is/build/icyphy/ptII/lib/jcerti.jar:/home/travis/build/icyphy/ptII/lib/javax.ma
il.jar:/home/travis/build/icyphy/ptII/vendors/JMF-2.1.1e/lib/jmf.jar:/home/trav
is/build/icyphy/ptII/lib/jna-4.0.0-variadic.jar:/home/travis/build/icyphy/ptII/
vendors/misc/joystick/Joystick.jar:/home/travis/build/icyphy/ptII/lib/ptjacl.ja
r:/home/travis/build/icyphy/ptII/lib/jsoup-1.8.2.jar:/home/travis/build/icyphy/
ptII/lib/junit-4.8.2.jar:/home/travis/build/icyphy/ptII/lib/JUnitParams-0.4.0.j
ar:/home/travis/build/icyphy/ptII/ptolemy/actor/lib/excel/jxl.jar:/home/travis/
build/icyphy/ptII/lib/jython.jar:/home/travis/build/icyphy/ptII/lib/kieler.jar:
/home/travis/build/icyphy/ptII/vendors/opencv/share/OpenCV/java/opencv-341.jar:
/home/travis/build/icyphy/ptII/lib/oscP5.jar:/home/travis/build/icyphy/ptII/lib
/nrjavaserial-3.11.0.devel.jar:/home/travis/build/icyphy/ptII/vendors/j3d/lib/j
3dcore.jar:/home/travis/build/icyphy/ptII/vendors/j3d/lib/j3dutils.jar:/home/tr
avis/build/icyphy/ptII/vendors/j3d/lib/vecmath.jar:/home/travis/build/icyphy/pt
II/ptolemy/distributed/jini/jar/jini-core.jar:/home/travis/build/icyphy/ptII/pt
olemy/distributed/jini/jar/jini-ext.jar:/home/travis/build/icyphy/ptII/ptolemy/
distributed/jini/jar/sun-util.jar:/home/travis/build/icyphy/ptII/lib/protobuf-j
ava-2.4.1.jar:/home/travis/build/icyphy/ptII/lib/org.eclipse.paho.client.mqttv3
.jar:/home/travis/build/icyphy/ptII/lib/mapss.jar:/home/travis/build/icyphy/ptI
I/ptolemy/actor/ptalon/antlr/antlr.jar:/home/travis/build/icyphy/ptII/lib/JRI.j
ar:/home/travis/build/icyphy/ptII/lib/commons-lang-2.6.jar:/home/travis/build/i
cyphy/ptII/lib/commons-logging-1.1.1.jar:/home/travis/build/icyphy/ptII/lib/soo
tclasses.jar:/home/travis/build/icyphy/ptII/ptolemy/actor/lib/database/mysql-co
nnector-java-5.1.6-bin.jar:/home/travis/build/icyphy/ptII/vendors/misc/sphinx4/
sphinx4-data-5prealpha.jar:/home/travis/build/icyphy/ptII/vendors/misc/sphinx4/
sphinx4-core-5prealpha.jar:/home/travis/build/icyphy/ptII/lib/PDFRenderer.jar:/
home/travis/build/icyphy/ptII/lib/svgSalamander.jar:/home/travis/build/icyphy/p
tII/lib/rsyntaxtextarea-2.6.0-SNAPSHOT.jar:/home/travis/build/icyphy/ptII/lib/h
azelcast-3.8.2.jar:/home/travis/build/icyphy/ptII/lib/jackson-annotations-2.9.0
.jar:/home/travis/build/icyphy/ptII/lib/jackson-core-2.9.3.jar:/home/travis/bui
ld/icyphy/ptII/lib/jackson-databind-2.9.3.jar:/home/travis/build/icyphy/ptII/li
b/netty-buffer-4.1.19.Final.jar:/home/travis/build/icyphy/ptII/lib/netty-codec-
4.1.19.Final.jar:/home/travis/build/icyphy/ptII/lib/netty-codec-dns-4.1.19.Fina
l.jar:/home/travis/build/icyphy/ptII/lib/netty-codec-http-4.1.19.Final.jar:/hom
e/travis/build/icyphy/ptII/lib/netty-codec-http2-4.1.19.Final.jar:/home/travis/
build/icyphy/ptII/lib/netty-common-4.1.19.Final.jar:/home/travis/build/icyphy/p
tII/lib/netty-handler-4.1.19.Final.jar:/home/travis/build/icyphy/ptII/lib/netty
-resolver-4.1.19.Final.jar:/home/travis/build/icyphy/ptII/lib/netty-resolver-dn
s-4.1.19.Final.jar:/home/travis/build/icyphy/ptII/lib/netty-transport-4.1.19.Fi
nal.jar:/home/travis/build/icyphy/ptII/lib/vertx-codegen-3.5.1.jar:/home/travis
/build/icyphy/ptII/lib/vertx-core-3.5.2-SNAPSHOT.jar:/home/travis/build/icyphy/
ptII/lib/vertx-hazelcast-3.5.1.jar:/home/travis/build/icyphy/ptII/lib/vertx-lan
g-js-3.5.1.jar:/home/travis/build/icyphy/ptII/lib/vertx-service-proxy-3.5.1.jar
:/home/travis/build/icyphy/ptII/lib/vertx-web-3.5.1.jar:/home/travis/build/icyp
hy/ptII/lib/slf4j-api-1.7.13.jar:/home/travis/build/icyphy/ptII/lib/slf4j-simpl
e-1.7.13.jar:/home/travis/build/icyphy/ptII/lib/webcam-capture-0.3.12.jar:/home
/travis/build/icyphy/ptII/lib/bridj-0.7.0.jar:/home/travis/build/icyphy/ptII/li
b/xbjlib-1.1.0.nrjavaserial.jar:/home/travis/build/icyphy/ptII/ptolemy/moml/tes
t:/home/travis/build/icyphy/ptII/ant/lib/ant-launcher.jar:/home/travis/build/ic
yphy/ptII/ant/lib/ant.jar:/home/travis/build/icyphy/ptII/ant/lib/ant-junit.jar:
/home/travis/build/icyphy/ptII/ant/lib/ant-junit4.jar:/home/travis/build/icyphy
/ptII ModularCodeGen6_A_A2_profile.java
All Done
Writing ModularCodeGen6_A_A2.java in file:/home/travis/cg/ (11329 characters)
Reading "ptolemy/cg/kernel/generic/program/procedural/java/modular/makefile.in",
    writing "/home/travis/cg/ModularCodeGen6_A_A2.mk"
Using ptolemy/cg/kernel/generic/program/procedural/java/modular/makefile.in
In "/home/travis/cg", about to execute:
    make -f ModularCodeGen6_A_A2.mk
javac -classpath ".:.."    ModularCodeGen6_A_A2.java
All Done
In "/home/travis/cg", about to execute:
    pwd
In "/home/travis/cg", about to execute:
    ls -l
/home/travis/cg
total 1884
drwxrwxr-x   3 travis travis 12288 Apr  9 04:00 AbsoluteValue
drwxrwxr-x   3 travis travis 16384 Apr  9 04:00 Case1
drwxrwxr-x   3 travis travis 32768 Apr  9 04:00 Case2
-rw-rw-r--   1 travis travis  4895 Apr  9 04:04 CompiledCompositeActor_CompiledCompositeActor.class
-rw-rw-r--   1 travis travis  1592 Apr  9 04:04 CompiledCompositeActor_CompiledCompositeActor$_CompiledCompositeActor_CompiledCompositeActor.class
-rw-rw-r--   1 travis travis 13466 Apr  9 04:04 CompiledCompositeActor_CompiledCompositeActor.java
-rw-rw-r--   1 travis travis  1593 Apr  9 04:04 CompiledCompositeActor_CompiledCompositeActor.mk
drwxrwxr-x   3 travis travis 24576 Apr  9 04:02 DeScrambler
drwxrwxr-x   3 travis travis 16384 Apr  9 04:04 DotProduct
drwxrwxr-x   3 travis travis 12288 Apr  9 04:00 FileWriter1
drwxrwxr-x   3 travis travis 20480 Apr  9 04:00 FixToDoubleAndBack
drwxrwxr-x   3 travis travis 16384 Apr  9 04:00 Gaussian1
drwxrwxr-x   3 travis travis 20480 Apr  9 04:00 Gaussian2
-rw-rw-r--   1 travis travis  4457 Apr  9 04:04 JavaCompiledCompositeTest1_CompiledCompositeActor.class
-rw-rw-r--   1 travis travis 11637 Apr  9 04:04 JavaCompiledCompositeTest1_CompiledCompositeActor.java
-rw-rw-r--   1 travis travis  1198 Apr  9 04:04 JavaCompiledCompositeTest1_CompiledCompositeActor$_JavaCompiledCompositeTest1_CompiledCompositeActor.class
-rw-rw-r--   1 travis travis  1625 Apr  9 04:04 JavaCompiledCompositeTest1_CompiledCompositeActor.mk
-rw-rw-r--   1 travis travis  4888 Apr  9 04:04 JavaCompiledCompositeTest2_CompiledCompositeActor.class
-rw-rw-r--   1 travis travis 14919 Apr  9 04:04 JavaCompiledCompositeTest2_CompiledCompositeActor.java
-rw-rw-r--   1 travis travis  1793 Apr  9 04:04 JavaCompiledCompositeTest2_CompiledCompositeActor$_JavaCompiledCompositeTest2_CompiledCompositeActor.class
-rw-rw-r--   1 travis travis  1625 Apr  9 04:04 JavaCompiledCompositeTest2_CompiledCompositeActor.mk
-rw-rw-r--   1 travis travis  4505 Apr  9 04:04 JavaCompiledCompositeTest3_CompiledCompositeActor.class
-rw-rw-r--   1 travis travis 13080 Apr  9 04:04 JavaCompiledCompositeTest3_CompiledCompositeActor.java
-rw-rw-r--   1 travis travis  1378 Apr  9 04:04 JavaCompiledCompositeTest3_CompiledCompositeActor$_JavaCompiledCompositeTest3_CompiledCompositeActor.class
-rw-rw-r--   1 travis travis  1625 Apr  9 04:04 JavaCompiledCompositeTest3_CompiledCompositeActor.mk
-rw-rw-r--   1 travis travis  3953 Apr  9 04:04 JavaCompiledCompositeTest4_CompiledCompositeActor.class
-rw-rw-r--   1 travis travis  9687 Apr  9 04:04 JavaCompiledCompositeTest4_CompiledCompositeActor.java
-rw-rw-r--   1 travis travis   857 Apr  9 04:04 JavaCompiledCompositeTest4_CompiledCompositeActor$_JavaCompiledCompositeTest4_CompiledCompositeActor.class
-rw-rw-r--   1 travis travis  1625 Apr  9 04:04 JavaCompiledCompositeTest4_CompiledCompositeActor.mk
drwxrwxr-x   3 travis travis 12288 Apr  9 04:01 LookupTable
drwxrwxr-x   3 travis travis 20480 Apr  9 04:01 MaxIndex
-rw-rw-r--   1 travis travis  3693 Apr  9 04:04 ModularCG_A1_B1.class
-rw-rw-r--   1 travis travis  9730 Apr  9 04:04 ModularCG_A1_B1.java
-rw-rw-r--   1 travis travis   832 Apr  9 04:04 ModularCG_A1_B1.mk
-rw-rw-r--   1 travis travis  1318 Apr  9 04:04 ModularCG_A1_B1_profile.class
-rw-rw-r--   1 travis travis  1262 Apr  9 04:04 ModularCG_A1_B1_profile.java
-rw-rw-r--   1 travis travis  3693 Apr  9 04:04 ModularCG_A1_B2.class
-rw-rw-r--   1 travis travis  9730 Apr  9 04:04 ModularCG_A1_B2.java
-rw-rw-r--   1 travis travis   832 Apr  9 04:04 ModularCG_A1_B2.mk
-rw-rw-r--   1 travis travis  1318 Apr  9 04:04 ModularCG_A1_B2_profile.class
-rw-rw-r--   1 travis travis  1262 Apr  9 04:04 ModularCG_A1_B2_profile.java
-rw-rw-r--   1 travis travis  4799 Apr  9 04:04 ModularCG_A1.class
-rw-rw-r--   1 travis travis 14742 Apr  9 04:04 ModularCG_A1.java
-rw-rw-r--   1 travis travis   808 Apr  9 04:04 ModularCG_A1.mk
-rw-rw-r--   1 travis travis  1433 Apr  9 04:04 ModularCG_A1_profile.class
-rw-rw-r--   1 travis travis  1704 Apr  9 04:04 ModularCG_A1_profile.java
-rw-rw-r--   1 travis travis  3827 Apr  9 04:04 ModularCG_A2_B1.class
-rw-rw-r--   1 travis travis 10667 Apr  9 04:04 ModularCG_A2_B1.java
-rw-rw-r--   1 travis travis   832 Apr  9 04:04 ModularCG_A2_B1.mk
-rw-rw-r--   1 travis travis  1381 Apr  9 04:04 ModularCG_A2_B1_profile.class
-rw-rw-r--   1 travis travis  1446 Apr  9 04:04 ModularCG_A2_B1_profile.java
-rw-rw-r--   1 travis travis  3693 Apr  9 04:04 ModularCG_A2_B2.class
-rw-rw-r--   1 travis travis  9730 Apr  9 04:04 ModularCG_A2_B2.java
-rw-rw-r--   1 travis travis   832 Apr  9 04:04 ModularCG_A2_B2.mk
-rw-rw-r--   1 travis travis  1318 Apr  9 04:04 ModularCG_A2_B2_profile.class
-rw-rw-r--   1 travis travis  1262 Apr  9 04:04 ModularCG_A2_B2_profile.java
-rw-rw-r--   1 travis travis  4870 Apr  9 04:05 ModularCG_A2.class
-rw-rw-r--   1 travis travis 15129 Apr  9 04:05 ModularCG_A2.java
-rw-rw-r--   1 travis travis   808 Apr  9 04:05 ModularCG_A2.mk
-rw-rw-r--   1 travis travis  1433 Apr  9 04:05 ModularCG_A2_profile.class
-rw-rw-r--   1 travis travis  1704 Apr  9 04:04 ModularCG_A2_profile.java
-rw-rw-r--   1 travis travis  3473 Apr  9 04:05 ModularCGPubSub_A1_A2.class
-rw-rw-r--   1 travis travis  9076 Apr  9 04:05 ModularCGPubSub_A1_A2.java
-rw-rw-r--   1 travis travis   880 Apr  9 04:05 ModularCGPubSub_A1_A2.mk
-rw-rw-r--   1 travis travis  1300 Apr  9 04:05 ModularCGPubSub_A1_A2_profile.class
-rw-rw-r--   1 travis travis  1222 Apr  9 04:05 ModularCGPubSub_A1_A2_profile.java
-rw-rw-r--   1 travis travis  3790 Apr  9 04:05 ModularCGPubSub_A1.class
-rw-rw-r--   1 travis travis  9836 Apr  9 04:05 ModularCGPubSub_A1.java
-rw-rw-r--   1 travis travis   856 Apr  9 04:05 ModularCGPubSub_A1.mk
-rw-rw-r--   1 travis travis  1346 Apr  9 04:05 ModularCGPubSub_A1_profile.class
-rw-rw-r--   1 travis travis  1388 Apr  9 04:05 ModularCGPubSub_A1_profile.java
-rw-rw-r--   1 travis travis  3988 Apr  9 04:05 ModularCodeGen2_ModularCodeGenTypedCompositeActor.class
-rw-rw-r--   1 travis travis 11690 Apr  9 04:05 ModularCodeGen2_ModularCodeGenTypedCompositeActor.java
-rw-rw-r--   1 travis travis  1104 Apr  9 04:05 ModularCodeGen2_ModularCodeGenTypedCompositeActor.mk
-rw-rw-r--   1 travis travis  4272 Apr  9 04:05 ModularCodeGen2_ModularCodeGenTypedCompositeActor_ModularCodeGenTypedCompositeActor.class
-rw-rw-r--   1 travis travis 11790 Apr  9 04:05 ModularCodeGen2_ModularCodeGenTypedCompositeActor_ModularCodeGenTypedCompositeActor.java
-rw-rw-r--   1 travis travis  1376 Apr  9 04:05 ModularCodeGen2_ModularCodeGenTypedCompositeActor_ModularCodeGenTypedCompositeActor.mk
-rw-rw-r--   1 travis travis  1421 Apr  9 04:05 ModularCodeGen2_ModularCodeGenTypedCompositeActor_ModularCodeGenTypedCompositeActor_profile.class
-rw-rw-r--   1 travis travis  1294 Apr  9 04:05 ModularCodeGen2_ModularCodeGenTypedCompositeActor_ModularCodeGenTypedCompositeActor_profile.java
-rw-rw-r--   1 travis travis   820 Apr  9 04:05 ModularCodeGen2_ModularCodeGenTypedCompositeActor_profile.class
-rw-rw-r--   1 travis travis   693 Apr  9 04:05 ModularCodeGen2_ModularCodeGenTypedCompositeActor_profile.java
-rw-rw-r--   1 travis travis  3741 Apr  9 04:05 ModularCodeGen3_A1_B1.class
-rw-rw-r--   1 travis travis  9958 Apr  9 04:05 ModularCodeGen3_A1_B1.java
-rw-rw-r--   1 travis travis   880 Apr  9 04:05 ModularCodeGen3_A1_B1.mk
-rw-rw-r--   1 travis travis  1330 Apr  9 04:05 ModularCodeGen3_A1_B1_profile.class
-rw-rw-r--   1 travis travis  1274 Apr  9 04:05 ModularCodeGen3_A1_B1_profile.java
-rw-rw-r--   1 travis travis  3741 Apr  9 04:05 ModularCodeGen3_A1_B2.class
-rw-rw-r--   1 travis travis  9958 Apr  9 04:05 ModularCodeGen3_A1_B2.java
-rw-rw-r--   1 travis travis   880 Apr  9 04:05 ModularCodeGen3_A1_B2.mk
-rw-rw-r--   1 travis travis  1330 Apr  9 04:05 ModularCodeGen3_A1_B2_profile.class
-rw-rw-r--   1 travis travis  1274 Apr  9 04:05 ModularCodeGen3_A1_B2_profile.java
-rw-rw-r--   1 travis travis  4961 Apr  9 04:05 ModularCodeGen3_A1.class
-rw-rw-r--   1 travis travis 15564 Apr  9 04:05 ModularCodeGen3_A1.java
-rw-rw-r--   1 travis travis   856 Apr  9 04:05 ModularCodeGen3_A1.mk
-rw-rw-r--   1 travis travis  1445 Apr  9 04:05 ModularCodeGen3_A1_profile.class
-rw-rw-r--   1 travis travis  1716 Apr  9 04:05 ModularCodeGen3_A1_profile.java
-rw-rw-r--   1 travis travis  3887 Apr  9 04:05 ModularCodeGen3_A2_B1.class
-rw-rw-r--   1 travis travis 10955 Apr  9 04:05 ModularCodeGen3_A2_B1.java
-rw-rw-r--   1 travis travis   880 Apr  9 04:05 ModularCodeGen3_A2_B1.mk
-rw-rw-r--   1 travis travis  1393 Apr  9 04:05 ModularCodeGen3_A2_B1_profile.class
-rw-rw-r--   1 travis travis  1458 Apr  9 04:05 ModularCodeGen3_A2_B1_profile.java
-rw-rw-r--   1 travis travis  3741 Apr  9 04:05 ModularCodeGen3_A2_B2.class
-rw-rw-r--   1 travis travis  9958 Apr  9 04:05 ModularCodeGen3_A2_B2.java
-rw-rw-r--   1 travis travis   880 Apr  9 04:05 ModularCodeGen3_A2_B2.mk
-rw-rw-r--   1 travis travis  1330 Apr  9 04:05 ModularCodeGen3_A2_B2_profile.class
-rw-rw-r--   1 travis travis  1274 Apr  9 04:05 ModularCodeGen3_A2_B2_profile.java
-rw-rw-r--   1 travis travis  5038 Apr  9 04:05 ModularCodeGen3_A2.class
-rw-rw-r--   1 travis travis 15957 Apr  9 04:05 ModularCodeGen3_A2.java
-rw-rw-r--   1 travis travis   856 Apr  9 04:05 ModularCodeGen3_A2.mk
-rw-rw-r--   1 travis travis  1445 Apr  9 04:05 ModularCodeGen3_A2_profile.class
-rw-rw-r--   1 travis travis  1716 Apr  9 04:05 ModularCodeGen3_A2_profile.java
-rw-rw-r--   1 travis travis  3794 Apr  9 04:05 ModularCodeGen4_A1_B1.class
-rw-rw-r--   1 travis travis 10312 Apr  9 04:05 ModularCodeGen4_A1_B1.java
-rw-rw-r--   1 travis travis   880 Apr  9 04:05 ModularCodeGen4_A1_B1.mk
-rw-rw-r--   1 travis travis  1330 Apr  9 04:05 ModularCodeGen4_A1_B1_profile.class
-rw-rw-r--   1 travis travis  1273 Apr  9 04:05 ModularCodeGen4_A1_B1_profile.java
-rw-rw-r--   1 travis travis  3794 Apr  9 04:05 ModularCodeGen4_A1_B2.class
-rw-rw-r--   1 travis travis 10312 Apr  9 04:05 ModularCodeGen4_A1_B2.java
-rw-rw-r--   1 travis travis   880 Apr  9 04:05 ModularCodeGen4_A1_B2.mk
-rw-rw-r--   1 travis travis  1330 Apr  9 04:05 ModularCodeGen4_A1_B2_profile.class
-rw-rw-r--   1 travis travis  1273 Apr  9 04:05 ModularCodeGen4_A1_B2_profile.java
-rw-rw-r--   1 travis travis  5101 Apr  9 04:05 ModularCodeGen4_A1.class
-rw-rw-r--   1 travis travis 16245 Apr  9 04:05 ModularCodeGen4_A1.java
-rw-rw-r--   1 travis travis   856 Apr  9 04:05 ModularCodeGen4_A1.mk
-rw-rw-r--   1 travis travis  1445 Apr  9 04:05 ModularCodeGen4_A1_profile.class
-rw-rw-r--   1 travis travis  1712 Apr  9 04:05 ModularCodeGen4_A1_profile.java
-rw-rw-r--   1 travis travis  3988 Apr  9 04:05 ModularCodeGen4_A2_B1.class
-rw-rw-r--   1 travis travis 11375 Apr  9 04:05 ModularCodeGen4_A2_B1.java
-rw-rw-r--   1 travis travis   880 Apr  9 04:05 ModularCodeGen4_A2_B1.mk
-rw-rw-r--   1 travis travis  1393 Apr  9 04:05 ModularCodeGen4_A2_B1_profile.class
-rw-rw-r--   1 travis travis  1454 Apr  9 04:05 ModularCodeGen4_A2_B1_profile.java
-rw-rw-r--   1 travis travis  3842 Apr  9 04:05 ModularCodeGen4_A2_B2.class
-rw-rw-r--   1 travis travis 10378 Apr  9 04:05 ModularCodeGen4_A2_B2.java
-rw-rw-r--   1 travis travis   880 Apr  9 04:05 ModularCodeGen4_A2_B2.mk
-rw-rw-r--   1 travis travis  1330 Apr  9 04:05 ModularCodeGen4_A2_B2_profile.class
-rw-rw-r--   1 travis travis  1270 Apr  9 04:05 ModularCodeGen4_A2_B2_profile.java
-rw-rw-r--   1 travis travis  5274 Apr  9 04:05 ModularCodeGen4_A2.class
-rw-rw-r--   1 travis travis 16770 Apr  9 04:05 ModularCodeGen4_A2.java
-rw-rw-r--   1 travis travis   856 Apr  9 04:05 ModularCodeGen4_A2.mk
-rw-rw-r--   1 travis travis  1445 Apr  9 04:05 ModularCodeGen4_A2_profile.class
-rw-rw-r--   1 travis travis  1712 Apr  9 04:05 ModularCodeGen4_A2_profile.java
-rw-rw-r--   1 travis travis  6838 Apr  9 04:05 ModularCodeGen5_A_A.class
-rw-rw-r--   1 travis travis 28721 Apr  9 04:05 ModularCodeGen5_A_A.java
-rw-rw-r--   1 travis travis   864 Apr  9 04:05 ModularCodeGen5_A_A.mk
-rw-rw-r--   1 travis travis  1520 Apr  9 04:05 ModularCodeGen5_A_A_profile.class
-rw-rw-r--   1 travis travis  1815 Apr  9 04:05 ModularCodeGen5_A_A_profile.java
-rw-rw-r--   1 travis travis  5115 Apr  9 04:05 ModularCodeGen5_A.class
-rw-rw-r--   1 travis travis 13769 Apr  9 04:05 ModularCodeGen5_A.java
-rw-rw-r--   1 travis travis   848 Apr  9 04:05 ModularCodeGen5_A.mk
-rw-rw-r--   1 travis travis  1422 Apr  9 04:05 ModularCodeGen5_A_profile.class
-rw-rw-r--   1 travis travis  1605 Apr  9 04:05 ModularCodeGen5_A_profile.java
-rw-rw-r--   1 travis travis  4125 Apr  9 04:05 ModularCodeGen6_A_A2.class
-rw-rw-r--   1 travis travis 11329 Apr  9 04:05 ModularCodeGen6_A_A2.java
-rw-rw-r--   1 travis travis   872 Apr  9 04:05 ModularCodeGen6_A_A2.mk
-rw-rw-r--   1 travis travis  1351 Apr  9 04:05 ModularCodeGen6_A_A2_profile.class
-rw-rw-r--   1 travis travis  1364 Apr  9 04:05 ModularCodeGen6_A_A2_profile.java
-rw-rw-r--   1 travis travis  4108 Apr  9 04:05 ModularCodeGen6_A_A.class
-rw-rw-r--   1 travis travis 11221 Apr  9 04:05 ModularCodeGen6_A_A.java
-rw-rw-r--   1 travis travis   864 Apr  9 04:05 ModularCodeGen6_A_A.mk
-rw-rw-r--   1 travis travis  1348 Apr  9 04:05 ModularCodeGen6_A_A_profile.class
-rw-rw-r--   1 travis travis  1361 Apr  9 04:05 ModularCodeGen6_A_A_profile.java
-rw-rw-r--   1 travis travis  1810 Apr  9 04:05 ModularCodeGen6_A_profile.java
-rw-rw-r--   1 travis travis  3954 Apr  9 04:05 ModularCodeGen_ModularCodeGenTypedCompositeActor.class
-rw-rw-r--   1 travis travis 10970 Apr  9 04:05 ModularCodeGen_ModularCodeGenTypedCompositeActor.java
-rw-rw-r--   1 travis travis  1096 Apr  9 04:05 ModularCodeGen_ModularCodeGenTypedCompositeActor.mk
-rw-rw-r--   1 travis travis  1384 Apr  9 04:05 ModularCodeGen_ModularCodeGenTypedCompositeActor_profile.class
-rw-rw-r--   1 travis travis  1328 Apr  9 04:05 ModularCodeGen_ModularCodeGenTypedCompositeActor_profile.java
-rw-rw-r--   1 travis travis  3492 Apr  9 04:04 ModularCodeGenTest_A1_A2.class
-rw-rw-r--   1 travis travis   904 Apr  9 04:04 ModularCodeGenTest_A1_A2.mk
-rw-rw-r--   1 travis travis  1306 Apr  9 04:04 ModularCodeGenTest_A1_A2_profile.class
-rw-rw-r--   1 travis travis  3823 Apr  9 04:04 ModularCodeGenTest_A1.class
-rw-rw-r--   1 travis travis  9968 Apr  9 04:04 ModularCodeGenTest_A1.java
-rw-rw-r--   1 travis travis   880 Apr  9 04:04 ModularCodeGenTest_A1.mk
-rw-rw-r--   1 travis travis  1352 Apr  9 04:04 ModularCodeGenTest_A1_profile.class
-rw-rw-r--   1 travis travis  1394 Apr  9 04:04 ModularCodeGenTest_A1_profile.java
drwxrwxr-x   3 travis travis 36864 Apr  9 04:04 modulation2
drwxrwxr-x   3 travis travis 20480 Apr  9 04:01 Multiplexor
drwxrwxr-x 242 travis travis 12288 Apr  9 04:04 node_modules
drwxrwxr-x   3 travis travis 20480 Apr  9 04:01 PhaseUnwrap
-rw-rw-r--   1 travis travis   520 Apr  9 04:04 Repeat$_fireFunction_Repeat_Repeat$__f_sL_0.class
-rw-rw-r--   1 travis travis   522 Apr  9 04:04 Repeat$_fireFunction_Repeat_Repeat$__f_sL_10.class
-rw-rw-r--   1 travis travis   666 Apr  9 04:04 Repeat$_fireFunction_Repeat_Repeat$__f_sL_11.class
-rw-rw-r--   1 travis travis   522 Apr  9 04:04 Repeat$_fireFunction_Repeat_Repeat$__f_sL_13.class
-rw-rw-r--   1 travis travis   665 Apr  9 04:04 Repeat$_fireFunction_Repeat_Repeat$__f_sL_1.class
-rw-rw-r--   1 travis travis   520 Apr  9 04:04 Repeat$_fireFunction_Repeat_Repeat$__f_sL_2.class
-rw-rw-r--   1 travis travis   520 Apr  9 04:04 Repeat$_fireFunction_Repeat_Repeat$__f_sL_3.class
-rw-rw-r--   1 travis travis   520 Apr  9 04:04 Repeat$_fireFunction_Repeat_Repeat$__f_sL_5.class
-rw-rw-r--   1 travis travis   671 Apr  9 04:04 Repeat$_fireFunction_Repeat_Repeat$__f_sL_7.class
-rw-rw-r--   1 travis travis   520 Apr  9 04:04 Repeat$_fireFunction_Repeat_Repeat$__f_sL_9.class
-rw-rw-r--   1 travis travis   813 Apr  9 04:04 Repeat$_initialize_Repeat.class
-rw-rw-r--   1 travis travis   475 Apr  9 04:04 Repeat$_initialize_Repeat$__i_sL_0.class
-rw-rw-r--   1 travis travis   519 Apr  9 04:04 Repeat$_initialize_Repeat$__i_sL_3.class
-rw-rw-r--   1 travis travis 39778 Apr  9 04:04 Repeat.java
-rw-rw-r--   1 travis travis  1281 Apr  9 04:04 Repeat.mk
-rw-rw-r--   1 travis travis   520 Apr  9 04:04 Repeat$_preinitializeMethod_Repeat$__p_sL_0.class
-rw-rw-r--   1 travis travis   520 Apr  9 04:04 Repeat$_preinitializeMethod_Repeat$__p_sL_1.class
-rw-rw-r--   1 travis travis  1083 Apr  9 04:04 Repeat$_Repeat$_fireFunction_Repeat_AddSubtract_Repeat.class
-rw-rw-r--   1 travis travis   791 Apr  9 04:04 Repeat$_Repeat$_fireFunction_Repeat_AddSubtract_Repeat$__f_sL_0.class
-rw-rw-r--   1 travis travis   909 Apr  9 04:04 Repeat$_Repeat$_fireFunction_Repeat_AddSubtract_Repeat$__f_sL_1.class
-rw-rw-r--   1 travis travis   915 Apr  9 04:04 Repeat$_Repeat$_fireFunction_Repeat_AddSubtract_Repeat$__f_sL_2.class
-rw-rw-r--   1 travis travis   838 Apr  9 04:04 Repeat$_Repeat$_fireFunction_Repeat_Ramp2_Repeat$__f_sL_1.class
-rw-rw-r--   1 travis travis  1785 Apr  9 04:04 Repeat$_Repeat$_fireFunction_Repeat_Test_Repeat$__f_sL_2.class
-rw-rw-r--   1 travis travis   685 Apr  9 04:04 Repeat$_Repeat_SDF_Director_run_Repeat$__R_sL_0.class
-rw-rw-r--   1 travis travis   540 Apr  9 04:04 Repeat$_Repeat_SDF_Director_run_Repeat$__R_sL_1.class
-rw-rw-r--   1 travis travis   540 Apr  9 04:04 Repeat$_Repeat_SDF_Director_run_Repeat$__R_sL_2.class
-rw-rw-r--   1 travis travis   540 Apr  9 04:04 Repeat$_Repeat_SDF_Director_run_Repeat$__R_sL_4.class
-rw-rw-r--   1 travis travis   540 Apr  9 04:04 Repeat$_Repeat_SDF_Director_run_Repeat$__R_sL_5.class
-rw-rw-r--   1 travis travis   691 Apr  9 04:04 Repeat$_Repeat_SDF_Director_run_Repeat$__R_sL_6.class
-rw-rw-r--   1 travis travis   540 Apr  9 04:04 Repeat$_Repeat_SDF_Director_run_Repeat$__R_sL_7.class
-rw-rw-r--   1 travis travis   863 Apr  9 04:04 Repeat$_varinit_Repeat.class
-rw-rw-r--   1 travis travis   530 Apr  9 04:04 Repeat$_varinit_Repeat$__v_sL_1.class
-rw-rw-r--   1 travis travis   531 Apr  9 04:04 Repeat$_varinit_Repeat$__v_sL_2.class
-rw-rw-r--   1 travis travis   905 Apr  9 04:04 Repeat$_varinit_Repeat$__v_sL_4.class
-rw-rw-r--   1 travis travis   635 Apr  9 04:04 Repeat$_wrapup_Repeat.class
-rw-rw-r--   1 travis travis   965 Apr  9 04:04 Repeat$_wrapup_Repeat$__w_sL_1.class
-rw-rw-r--   1 travis travis   289 Apr  9 03:59 result.csv
drwxrwxr-x   3 travis travis 12288 Apr  9 04:02 Scrambler1
drwxrwxr-x   3 travis travis 20480 Apr  9 04:01 Sinewave2
drwxrwxr-x   3 travis travis 69632 Apr  9 04:02 StringCompare
drwxrwxr-x   3 travis travis 32768 Apr  9 04:02 StringFunction
drwxrwxr-x   3 travis travis 12288 Apr  9 04:03 StringLength
drwxrwxr-x   3 travis travis 57344 Apr  9 04:03 StringSimpleReplace
drwxrwxr-x   3 travis travis 12288 Apr  9 04:04 time2
drwxrwxr-x   3 travis travis 12288 Apr  9 04:04 time5
-rw-rw-r--   1 travis travis   432 Apr  9 04:05 Token.class
-rw-rw-r--   1 travis travis   251 Apr  9 04:05 Token.java
-rw-rw-r--   1 travis travis     0 Apr  9 04:04 top.
-rw-rw-r--   1 travis travis 20502 Apr  9 03:59 top.c
-rw-rw-r--   1 travis travis  3567 Apr  9 04:04 top.class
-rw-rw-r--   1 travis travis   169 Apr  9 03:59 top.html
-rw-rw-r--   1 travis travis  7552 Apr  9 04:04 top.java
-rw-rw-r--   1 travis travis 38888 Apr  9 03:59 top.o
drwxrwxr-x   3 travis travis 57344 Apr  9 04:02 UnaryMathFunction
In "/home/travis/cg", about to execute:
    javac -classpath
.:/home/travis/build/icyphy/ptII:/home/travis/build/icyphy/ptII/lib/bsh-2.0b4.j
ar:/home/travis/build/icyphy/ptII/lib/ptCal.jar:/home/travis/build/icyphy/ptII/
lib/java_cup.jar:/home/travis/build/icyphy/ptII/lib/saxon8.jar:/home/travis/bui
ld/icyphy/ptII/lib/saxon8-dom.jar:/home/travis/build/icyphy/ptII/lib/chic.jar:/
home/travis/build/icyphy/ptII/lib/ptcolt.jar:/usr/lib/jvm/java-8-oracle/lib/too
ls.jar:/home/travis/build/icyphy/ptII/vendors/misc/itext/iText.jar:/home/travis
/build/icyphy/ptII/lib/g4ltl.jar:/home/travis/build/icyphy/ptII/lib/StructuralC
oder.jar:/home/travis/build/icyphy/ptII/vendors/jai-1_1_2_01/lib/jai_core.jar:/
home/travis/build/icyphy/ptII/vendors/jai-1_1_2_01/lib/jai_codec.jar:/home/trav
is/build/icyphy/ptII/lib/jcerti.jar:/home/travis/build/icyphy/ptII/lib/javax.ma
il.jar:/home/travis/build/icyphy/ptII/vendors/JMF-2.1.1e/lib/jmf.jar:/home/trav
is/build/icyphy/ptII/lib/jna-4.0.0-variadic.jar:/home/travis/build/icyphy/ptII/
vendors/misc/joystick/Joystick.jar:/home/travis/build/icyphy/ptII/lib/ptjacl.ja
r:/home/travis/build/icyphy/ptII/lib/jsoup-1.8.2.jar:/home/travis/build/icyphy/
ptII/lib/junit-4.8.2.jar:/home/travis/build/icyphy/ptII/lib/JUnitParams-0.4.0.j
ar:/home/travis/build/icyphy/ptII/ptolemy/actor/lib/excel/jxl.jar:/home/travis/
build/icyphy/ptII/lib/jython.jar:/home/travis/build/icyphy/ptII/lib/kieler.jar:
/home/travis/build/icyphy/ptII/vendors/opencv/share/OpenCV/java/opencv-341.jar:
/home/travis/build/icyphy/ptII/lib/oscP5.jar:/home/travis/build/icyphy/ptII/lib
/nrjavaserial-3.11.0.devel.jar:/home/travis/build/icyphy/ptII/vendors/j3d/lib/j
3dcore.jar:/home/travis/build/icyphy/ptII/vendors/j3d/lib/j3dutils.jar:/home/tr
avis/build/icyphy/ptII/vendors/j3d/lib/vecmath.jar:/home/travis/build/icyphy/pt
II/ptolemy/distributed/jini/jar/jini-core.jar:/home/travis/build/icyphy/ptII/pt
olemy/distributed/jini/jar/jini-ext.jar:/home/travis/build/icyphy/ptII/ptolemy/
distributed/jini/jar/sun-util.jar:/home/travis/build/icyphy/ptII/lib/protobuf-j
ava-2.4.1.jar:/home/travis/build/icyphy/ptII/lib/org.eclipse.paho.client.mqttv3
.jar:/home/travis/build/icyphy/ptII/lib/mapss.jar:/home/travis/build/icyphy/ptI
I/ptolemy/actor/ptalon/antlr/antlr.jar:/home/travis/build/icyphy/ptII/lib/JRI.j
ar:/home/travis/build/icyphy/ptII/lib/commons-lang-2.6.jar:/home/travis/build/i
cyphy/ptII/lib/commons-logging-1.1.1.jar:/home/travis/build/icyphy/ptII/lib/soo
tclasses.jar:/home/travis/build/icyphy/ptII/ptolemy/actor/lib/database/mysql-co
nnector-java-5.1.6-bin.jar:/home/travis/build/icyphy/ptII/vendors/misc/sphinx4/
sphinx4-data-5prealpha.jar:/home/travis/build/icyphy/ptII/vendors/misc/sphinx4/
sphinx4-core-5prealpha.jar:/home/travis/build/icyphy/ptII/lib/PDFRenderer.jar:/
home/travis/build/icyphy/ptII/lib/svgSalamander.jar:/home/travis/build/icyphy/p
tII/lib/rsyntaxtextarea-2.6.0-SNAPSHOT.jar:/home/travis/build/icyphy/ptII/lib/h
azelcast-3.8.2.jar:/home/travis/build/icyphy/ptII/lib/jackson-annotations-2.9.0
.jar:/home/travis/build/icyphy/ptII/lib/jackson-core-2.9.3.jar:/home/travis/bui
ld/icyphy/ptII/lib/jackson-databind-2.9.3.jar:/home/travis/build/icyphy/ptII/li
b/netty-buffer-4.1.19.Final.jar:/home/travis/build/icyphy/ptII/lib/netty-codec-
4.1.19.Final.jar:/home/travis/build/icyphy/ptII/lib/netty-codec-dns-4.1.19.Fina
l.jar:/home/travis/build/icyphy/ptII/lib/netty-codec-http-4.1.19.Final.jar:/hom
e/travis/build/icyphy/ptII/lib/netty-codec-http2-4.1.19.Final.jar:/home/travis/
build/icyphy/ptII/lib/netty-common-4.1.19.Final.jar:/home/travis/build/icyphy/p
tII/lib/netty-handler-4.1.19.Final.jar:/home/travis/build/icyphy/ptII/lib/netty
-resolver-4.1.19.Final.jar:/home/travis/build/icyphy/ptII/lib/netty-resolver-dn
s-4.1.19.Final.jar:/home/travis/build/icyphy/ptII/lib/netty-transport-4.1.19.Fi
nal.jar:/home/travis/build/icyphy/ptII/lib/vertx-codegen-3.5.1.jar:/home/travis
/build/icyphy/ptII/lib/vertx-core-3.5.2-SNAPSHOT.jar:/home/travis/build/icyphy/
ptII/lib/vertx-hazelcast-3.5.1.jar:/home/travis/build/icyphy/ptII/lib/vertx-lan
g-js-3.5.1.jar:/home/travis/build/icyphy/ptII/lib/vertx-service-proxy-3.5.1.jar
:/home/travis/build/icyphy/ptII/lib/vertx-web-3.5.1.jar:/home/travis/build/icyp
hy/ptII/lib/slf4j-api-1.7.13.jar:/home/travis/build/icyphy/ptII/lib/slf4j-simpl
e-1.7.13.jar:/home/travis/build/icyphy/ptII/lib/webcam-capture-0.3.12.jar:/home
/travis/build/icyphy/ptII/lib/bridj-0.7.0.jar:/home/travis/build/icyphy/ptII/li
b/xbjlib-1.1.0.nrjavaserial.jar:/home/travis/build/icyphy/ptII/ptolemy/moml/tes
t:/home/travis/build/icyphy/ptII/ant/lib/ant-launcher.jar:/home/travis/build/ic
yphy/ptII/ant/lib/ant.jar:/home/travis/build/icyphy/ptII/ant/lib/ant-junit.jar:
/home/travis/build/icyphy/ptII/ant/lib/ant-junit4.jar:/home/travis/build/icyphy
/ptII ModularCodeGen6_A_profile.java
All Done
Writing ModularCodeGen6_A.java in file:/home/travis/cg/ (26535 characters)
Reading "ptolemy/cg/kernel/generic/program/procedural/java/modular/makefile.in",
    writing "/home/travis/cg/ModularCodeGen6_A.mk"
Using ptolemy/cg/kernel/generic/program/procedural/java/modular/makefile.in
In "/home/travis/cg", about to execute:
    make -f ModularCodeGen6_A.mk
javac -classpath ".:.."    ModularCodeGen6_A.java
All Done
6128 ms. Memory: 160768K Free: 63547K (40%)
----------------- Invoking toplevel() on ptolemy.moml.MoMLSimpleApplication@2430861b
----------------- Done invoking toplevel() on ptolemy.moml.MoMLSimpleApplication@2430861b
reloadAllAccessors: .ModularCodeGen6

===========================================================================================
----------------- testing Tue Apr 09 04:05:47 UTC 2019 /home/travis/build/icyphy/ptII/ptolemy/cg/lib/test/auto/ModularCodeGenLazyPubSub.xml
----------------- Instantiating /home/travis/build/icyphy/ptII/ptolemy/cg/lib/test/auto/ModularCodeGenLazyPubSub.xml
In "/home/travis/cg", about to execute:
    pwd
In "/home/travis/cg", about to execute:
    ls -l
/home/travis/cg
In "/home/travis/cg", about to execute:
    javac -classpath
.:/home/travis/build/icyphy/ptII:/home/travis/build/icyphy/ptII/lib/bsh-2.0b4.j
ar:/home/travis/build/icyphy/ptII/lib/ptCal.jar:/home/travis/build/icyphy/ptII/
lib/java_cup.jar:/home/travis/build/icyphy/ptII/lib/saxon8.jar:/home/travis/bui
ld/icyphy/ptII/lib/saxon8-dom.jar:/home/travis/build/icyphy/ptII/lib/chic.jar:/
home/travis/build/icyphy/ptII/lib/ptcolt.jar:/usr/lib/jvm/java-8-oracle/lib/too
ls.jar:/home/travis/build/icyphy/ptII/vendors/misc/itext/iText.jar:/home/travis
/build/icyphy/ptII/lib/g4ltl.jar:/home/travis/build/icyphy/ptII/lib/StructuralC
oder.jar:/home/travis/build/icyphy/ptII/vendors/jai-1_1_2_01/lib/jai_core.jar:/
home/travis/build/icyphy/ptII/vendors/jai-1_1_2_01/lib/jai_codec.jar:/home/trav
is/build/icyphy/ptII/lib/jcerti.jar:/home/travis/build/icyphy/ptII/lib/javax.ma
il.jar:/home/travis/build/icyphy/ptII/vendors/JMF-2.1.1e/lib/jmf.jar:/home/trav
is/build/icyphy/ptII/lib/jna-4.0.0-variadic.jar:/home/travis/build/icyphy/ptII/
vendors/misc/joystick/Joystick.jar:/home/travis/build/icyphy/ptII/lib/ptjacl.ja
r:/home/travis/build/icyphy/ptII/lib/jsoup-1.8.2.jar:/home/travis/build/icyphy/
ptII/lib/junit-4.8.2.jar:/home/travis/build/icyphy/ptII/lib/JUnitParams-0.4.0.j
ar:/home/travis/build/icyphy/ptII/ptolemy/actor/lib/excel/jxl.jar:/home/travis/
build/icyphy/ptII/lib/jython.jar:/home/travis/build/icyphy/ptII/lib/kieler.jar:
/home/travis/build/icyphy/ptII/vendors/opencv/share/OpenCV/java/opencv-341.jar:
/home/travis/build/icyphy/ptII/lib/oscP5.jar:/home/travis/build/icyphy/ptII/lib
/nrjavaserial-3.11.0.devel.jar:/home/travis/build/icyphy/ptII/vendors/j3d/lib/j
3dcore.jar:/home/travis/build/icyphy/ptII/vendors/j3d/lib/j3dutils.jar:/home/tr
avis/build/icyphy/ptII/vendors/j3d/lib/vecmath.jar:/home/travis/build/icyphy/pt
II/ptolemy/distributed/jini/jar/jini-core.jar:/home/travis/build/icyphy/ptII/pt
olemy/distributed/jini/jar/jini-ext.jar:/home/travis/build/icyphy/ptII/ptolemy/
distributed/jini/jar/sun-util.jar:/home/travis/build/icyphy/ptII/lib/protobuf-j
ava-2.4.1.jar:/home/travis/build/icyphy/ptII/lib/org.eclipse.paho.client.mqttv3
.jar:/home/travis/build/icyphy/ptII/lib/mapss.jar:/home/travis/build/icyphy/ptI
I/ptolemy/actor/ptalon/antlr/antlr.jar:/home/travis/build/icyphy/ptII/lib/JRI.j
ar:/home/travis/build/icyphy/ptII/lib/commons-lang-2.6.jar:/home/travis/build/i
cyphy/ptII/lib/commons-logging-1.1.1.jar:/home/travis/build/icyphy/ptII/lib/soo
tclasses.jar:/home/travis/build/icyphy/ptII/ptolemy/actor/lib/database/mysql-co
nnector-java-5.1.6-bin.jar:/home/travis/build/icyphy/ptII/vendors/misc/sphinx4/
sphinx4-data-5prealpha.jar:/home/travis/build/icyphy/ptII/vendors/misc/sphinx4/
sphinx4-core-5prealpha.jar:/home/travis/build/icyphy/ptII/lib/PDFRenderer.jar:/
home/travis/build/icyphy/ptII/lib/svgSalamander.jar:/home/travis/build/icyphy/p
tII/lib/rsyntaxtextarea-2.6.0-SNAPSHOT.jar:/home/travis/build/icyphy/ptII/lib/h
azelcast-3.8.2.jar:/home/travis/build/icyphy/ptII/lib/jackson-annotations-2.9.0
.jar:/home/travis/build/icyphy/ptII/lib/jackson-core-2.9.3.jar:/home/travis/bui
ld/icyphy/ptII/lib/jackson-databind-2.9.3.jar:/home/travis/build/icyphy/ptII/li
b/netty-buffer-4.1.19.Final.jar:/home/travis/build/icyphy/ptII/lib/netty-codec-
4.1.19.Final.jar:/home/travis/build/icyphy/ptII/lib/netty-codec-dns-4.1.19.Fina
l.jar:/home/travis/build/icyphy/ptII/lib/netty-codec-http-4.1.19.Final.jar:/hom
e/travis/build/icyphy/ptII/lib/netty-codec-http2-4.1.19.Final.jar:/home/travis/
build/icyphy/ptII/lib/netty-common-4.1.19.Final.jar:/home/travis/build/icyphy/p
tII/lib/netty-handler-4.1.19.Final.jar:/home/travis/build/icyphy/ptII/lib/netty
-resolver-4.1.19.Final.jar:/home/travis/build/icyphy/ptII/lib/netty-resolver-dn
s-4.1.19.Final.jar:/home/travis/build/icyphy/ptII/lib/netty-transport-4.1.19.Fi
nal.jar:/home/travis/build/icyphy/ptII/lib/vertx-codegen-3.5.1.jar:/home/travis
/build/icyphy/ptII/lib/vertx-core-3.5.2-SNAPSHOT.jar:/home/travis/build/icyphy/
ptII/lib/vertx-hazelcast-3.5.1.jar:/home/travis/build/icyphy/ptII/lib/vertx-lan
g-js-3.5.1.jar:/home/travis/build/icyphy/ptII/lib/vertx-service-proxy-3.5.1.jar
:/home/travis/build/icyphy/ptII/lib/vertx-web-3.5.1.jar:/home/travis/build/icyp
hy/ptII/lib/slf4j-api-1.7.13.jar:/home/travis/build/icyphy/ptII/lib/slf4j-simpl
e-1.7.13.jar:/home/travis/build/icyphy/ptII/lib/webcam-capture-0.3.12.jar:/home
/travis/build/icyphy/ptII/lib/bridj-0.7.0.jar:/home/travis/build/icyphy/ptII/li
b/xbjlib-1.1.0.nrjavaserial.jar:/home/travis/build/icyphy/ptII/ptolemy/moml/tes
t:/home/travis/build/icyphy/ptII/ant/lib/ant-launcher.jar:/home/travis/build/ic
yphy/ptII/ant/lib/ant.jar:/home/travis/build/icyphy/ptII/ant/lib/ant-junit.jar:
/home/travis/build/icyphy/ptII/ant/lib/ant-junit4.jar:/home/travis/build/icyphy
/ptII ModularCodeGenLazyPubSub_LazyCompositeActor_profile.java
total 1932
drwxrwxr-x   3 travis travis 12288 Apr  9 04:00 AbsoluteValue
drwxrwxr-x   3 travis travis 16384 Apr  9 04:00 Case1
drwxrwxr-x   3 travis travis 32768 Apr  9 04:00 Case2
-rw-rw-r--   1 travis travis  4895 Apr  9 04:04 CompiledCompositeActor_CompiledCompositeActor.class
-rw-rw-r--   1 travis travis  1592 Apr  9 04:04 CompiledCompositeActor_CompiledCompositeActor$_CompiledCompositeActor_CompiledCompositeActor.class
-rw-rw-r--   1 travis travis 13466 Apr  9 04:04 CompiledCompositeActor_CompiledCompositeActor.java
-rw-rw-r--   1 travis travis  1593 Apr  9 04:04 CompiledCompositeActor_CompiledCompositeActor.mk
drwxrwxr-x   3 travis travis 24576 Apr  9 04:02 DeScrambler
drwxrwxr-x   3 travis travis 16384 Apr  9 04:04 DotProduct
drwxrwxr-x   3 travis travis 12288 Apr  9 04:00 FileWriter1
drwxrwxr-x   3 travis travis 20480 Apr  9 04:00 FixToDoubleAndBack
drwxrwxr-x   3 travis travis 16384 Apr  9 04:00 Gaussian1
drwxrwxr-x   3 travis travis 20480 Apr  9 04:00 Gaussian2
-rw-rw-r--   1 travis travis  4457 Apr  9 04:04 JavaCompiledCompositeTest1_CompiledCompositeActor.class
-rw-rw-r--   1 travis travis 11637 Apr  9 04:04 JavaCompiledCompositeTest1_CompiledCompositeActor.java
-rw-rw-r--   1 travis travis  1198 Apr  9 04:04 JavaCompiledCompositeTest1_CompiledCompositeActor$_JavaCompiledCompositeTest1_CompiledCompositeActor.class
-rw-rw-r--   1 travis travis  1625 Apr  9 04:04 JavaCompiledCompositeTest1_CompiledCompositeActor.mk
-rw-rw-r--   1 travis travis  4888 Apr  9 04:04 JavaCompiledCompositeTest2_CompiledCompositeActor.class
-rw-rw-r--   1 travis travis 14919 Apr  9 04:04 JavaCompiledCompositeTest2_CompiledCompositeActor.java
-rw-rw-r--   1 travis travis  1793 Apr  9 04:04 JavaCompiledCompositeTest2_CompiledCompositeActor$_JavaCompiledCompositeTest2_CompiledCompositeActor.class
-rw-rw-r--   1 travis travis  1625 Apr  9 04:04 JavaCompiledCompositeTest2_CompiledCompositeActor.mk
-rw-rw-r--   1 travis travis  4505 Apr  9 04:04 JavaCompiledCompositeTest3_CompiledCompositeActor.class
-rw-rw-r--   1 travis travis 13080 Apr  9 04:04 JavaCompiledCompositeTest3_CompiledCompositeActor.java
-rw-rw-r--   1 travis travis  1378 Apr  9 04:04 JavaCompiledCompositeTest3_CompiledCompositeActor$_JavaCompiledCompositeTest3_CompiledCompositeActor.class
-rw-rw-r--   1 travis travis  1625 Apr  9 04:04 JavaCompiledCompositeTest3_CompiledCompositeActor.mk
-rw-rw-r--   1 travis travis  3953 Apr  9 04:04 JavaCompiledCompositeTest4_CompiledCompositeActor.class
-rw-rw-r--   1 travis travis  9687 Apr  9 04:04 JavaCompiledCompositeTest4_CompiledCompositeActor.java
-rw-rw-r--   1 travis travis   857 Apr  9 04:04 JavaCompiledCompositeTest4_CompiledCompositeActor$_JavaCompiledCompositeTest4_CompiledCompositeActor.class
-rw-rw-r--   1 travis travis  1625 Apr  9 04:04 JavaCompiledCompositeTest4_CompiledCompositeActor.mk
drwxrwxr-x   3 travis travis 12288 Apr  9 04:01 LookupTable
drwxrwxr-x   3 travis travis 20480 Apr  9 04:01 MaxIndex
-rw-rw-r--   1 travis travis  3693 Apr  9 04:04 ModularCG_A1_B1.class
-rw-rw-r--   1 travis travis  9730 Apr  9 04:04 ModularCG_A1_B1.java
-rw-rw-r--   1 travis travis   832 Apr  9 04:04 ModularCG_A1_B1.mk
-rw-rw-r--   1 travis travis  1318 Apr  9 04:04 ModularCG_A1_B1_profile.class
-rw-rw-r--   1 travis travis  1262 Apr  9 04:04 ModularCG_A1_B1_profile.java
-rw-rw-r--   1 travis travis  3693 Apr  9 04:04 ModularCG_A1_B2.class
-rw-rw-r--   1 travis travis  9730 Apr  9 04:04 ModularCG_A1_B2.java
-rw-rw-r--   1 travis travis   832 Apr  9 04:04 ModularCG_A1_B2.mk
-rw-rw-r--   1 travis travis  1318 Apr  9 04:04 ModularCG_A1_B2_profile.class
-rw-rw-r--   1 travis travis  1262 Apr  9 04:04 ModularCG_A1_B2_profile.java
-rw-rw-r--   1 travis travis  4799 Apr  9 04:04 ModularCG_A1.class
-rw-rw-r--   1 travis travis 14742 Apr  9 04:04 ModularCG_A1.java
-rw-rw-r--   1 travis travis   808 Apr  9 04:04 ModularCG_A1.mk
-rw-rw-r--   1 travis travis  1433 Apr  9 04:04 ModularCG_A1_profile.class
-rw-rw-r--   1 travis travis  1704 Apr  9 04:04 ModularCG_A1_profile.java
-rw-rw-r--   1 travis travis  3827 Apr  9 04:04 ModularCG_A2_B1.class
-rw-rw-r--   1 travis travis 10667 Apr  9 04:04 ModularCG_A2_B1.java
-rw-rw-r--   1 travis travis   832 Apr  9 04:04 ModularCG_A2_B1.mk
-rw-rw-r--   1 travis travis  1381 Apr  9 04:04 ModularCG_A2_B1_profile.class
-rw-rw-r--   1 travis travis  1446 Apr  9 04:04 ModularCG_A2_B1_profile.java
-rw-rw-r--   1 travis travis  3693 Apr  9 04:04 ModularCG_A2_B2.class
-rw-rw-r--   1 travis travis  9730 Apr  9 04:04 ModularCG_A2_B2.java
-rw-rw-r--   1 travis travis   832 Apr  9 04:04 ModularCG_A2_B2.mk
-rw-rw-r--   1 travis travis  1318 Apr  9 04:04 ModularCG_A2_B2_profile.class
-rw-rw-r--   1 travis travis  1262 Apr  9 04:04 ModularCG_A2_B2_profile.java
-rw-rw-r--   1 travis travis  4870 Apr  9 04:05 ModularCG_A2.class
-rw-rw-r--   1 travis travis 15129 Apr  9 04:05 ModularCG_A2.java
-rw-rw-r--   1 travis travis   808 Apr  9 04:05 ModularCG_A2.mk
-rw-rw-r--   1 travis travis  1433 Apr  9 04:05 ModularCG_A2_profile.class
-rw-rw-r--   1 travis travis  1704 Apr  9 04:04 ModularCG_A2_profile.java
-rw-rw-r--   1 travis travis  3473 Apr  9 04:05 ModularCGPubSub_A1_A2.class
-rw-rw-r--   1 travis travis  9076 Apr  9 04:05 ModularCGPubSub_A1_A2.java
-rw-rw-r--   1 travis travis   880 Apr  9 04:05 ModularCGPubSub_A1_A2.mk
-rw-rw-r--   1 travis travis  1300 Apr  9 04:05 ModularCGPubSub_A1_A2_profile.class
-rw-rw-r--   1 travis travis  1222 Apr  9 04:05 ModularCGPubSub_A1_A2_profile.java
-rw-rw-r--   1 travis travis  3790 Apr  9 04:05 ModularCGPubSub_A1.class
-rw-rw-r--   1 travis travis  9836 Apr  9 04:05 ModularCGPubSub_A1.java
-rw-rw-r--   1 travis travis   856 Apr  9 04:05 ModularCGPubSub_A1.mk
-rw-rw-r--   1 travis travis  1346 Apr  9 04:05 ModularCGPubSub_A1_profile.class
-rw-rw-r--   1 travis travis  1388 Apr  9 04:05 ModularCGPubSub_A1_profile.java
-rw-rw-r--   1 travis travis  3988 Apr  9 04:05 ModularCodeGen2_ModularCodeGenTypedCompositeActor.class
-rw-rw-r--   1 travis travis 11690 Apr  9 04:05 ModularCodeGen2_ModularCodeGenTypedCompositeActor.java
-rw-rw-r--   1 travis travis  1104 Apr  9 04:05 ModularCodeGen2_ModularCodeGenTypedCompositeActor.mk
-rw-rw-r--   1 travis travis  4272 Apr  9 04:05 ModularCodeGen2_ModularCodeGenTypedCompositeActor_ModularCodeGenTypedCompositeActor.class
-rw-rw-r--   1 travis travis 11790 Apr  9 04:05 ModularCodeGen2_ModularCodeGenTypedCompositeActor_ModularCodeGenTypedCompositeActor.java
-rw-rw-r--   1 travis travis  1376 Apr  9 04:05 ModularCodeGen2_ModularCodeGenTypedCompositeActor_ModularCodeGenTypedCompositeActor.mk
-rw-rw-r--   1 travis travis  1421 Apr  9 04:05 ModularCodeGen2_ModularCodeGenTypedCompositeActor_ModularCodeGenTypedCompositeActor_profile.class
-rw-rw-r--   1 travis travis  1294 Apr  9 04:05 ModularCodeGen2_ModularCodeGenTypedCompositeActor_ModularCodeGenTypedCompositeActor_profile.java
-rw-rw-r--   1 travis travis   820 Apr  9 04:05 ModularCodeGen2_ModularCodeGenTypedCompositeActor_profile.class
-rw-rw-r--   1 travis travis   693 Apr  9 04:05 ModularCodeGen2_ModularCodeGenTypedCompositeActor_profile.java
-rw-rw-r--   1 travis travis  3741 Apr  9 04:05 ModularCodeGen3_A1_B1.class
-rw-rw-r--   1 travis travis  9958 Apr  9 04:05 ModularCodeGen3_A1_B1.java
-rw-rw-r--   1 travis travis   880 Apr  9 04:05 ModularCodeGen3_A1_B1.mk
-rw-rw-r--   1 travis travis  1330 Apr  9 04:05 ModularCodeGen3_A1_B1_profile.class
-rw-rw-r--   1 travis travis  1274 Apr  9 04:05 ModularCodeGen3_A1_B1_profile.java
-rw-rw-r--   1 travis travis  3741 Apr  9 04:05 ModularCodeGen3_A1_B2.class
-rw-rw-r--   1 travis travis  9958 Apr  9 04:05 ModularCodeGen3_A1_B2.java
-rw-rw-r--   1 travis travis   880 Apr  9 04:05 ModularCodeGen3_A1_B2.mk
-rw-rw-r--   1 travis travis  1330 Apr  9 04:05 ModularCodeGen3_A1_B2_profile.class
-rw-rw-r--   1 travis travis  1274 Apr  9 04:05 ModularCodeGen3_A1_B2_profile.java
-rw-rw-r--   1 travis travis  4961 Apr  9 04:05 ModularCodeGen3_A1.class
-rw-rw-r--   1 travis travis 15564 Apr  9 04:05 ModularCodeGen3_A1.java
-rw-rw-r--   1 travis travis   856 Apr  9 04:05 ModularCodeGen3_A1.mk
-rw-rw-r--   1 travis travis  1445 Apr  9 04:05 ModularCodeGen3_A1_profile.class
-rw-rw-r--   1 travis travis  1716 Apr  9 04:05 ModularCodeGen3_A1_profile.java
-rw-rw-r--   1 travis travis  3887 Apr  9 04:05 ModularCodeGen3_A2_B1.class
-rw-rw-r--   1 travis travis 10955 Apr  9 04:05 ModularCodeGen3_A2_B1.java
-rw-rw-r--   1 travis travis   880 Apr  9 04:05 ModularCodeGen3_A2_B1.mk
-rw-rw-r--   1 travis travis  1393 Apr  9 04:05 ModularCodeGen3_A2_B1_profile.class
-rw-rw-r--   1 travis travis  1458 Apr  9 04:05 ModularCodeGen3_A2_B1_profile.java
-rw-rw-r--   1 travis travis  3741 Apr  9 04:05 ModularCodeGen3_A2_B2.class
-rw-rw-r--   1 travis travis  9958 Apr  9 04:05 ModularCodeGen3_A2_B2.java
-rw-rw-r--   1 travis travis   880 Apr  9 04:05 ModularCodeGen3_A2_B2.mk
-rw-rw-r--   1 travis travis  1330 Apr  9 04:05 ModularCodeGen3_A2_B2_profile.class
-rw-rw-r--   1 travis travis  1274 Apr  9 04:05 ModularCodeGen3_A2_B2_profile.java
-rw-rw-r--   1 travis travis  5038 Apr  9 04:05 ModularCodeGen3_A2.class
-rw-rw-r--   1 travis travis 15957 Apr  9 04:05 ModularCodeGen3_A2.java
-rw-rw-r--   1 travis travis   856 Apr  9 04:05 ModularCodeGen3_A2.mk
-rw-rw-r--   1 travis travis  1445 Apr  9 04:05 ModularCodeGen3_A2_profile.class
-rw-rw-r--   1 travis travis  1716 Apr  9 04:05 ModularCodeGen3_A2_profile.java
-rw-rw-r--   1 travis travis  3794 Apr  9 04:05 ModularCodeGen4_A1_B1.class
-rw-rw-r--   1 travis travis 10312 Apr  9 04:05 ModularCodeGen4_A1_B1.java
-rw-rw-r--   1 travis travis   880 Apr  9 04:05 ModularCodeGen4_A1_B1.mk
-rw-rw-r--   1 travis travis  1330 Apr  9 04:05 ModularCodeGen4_A1_B1_profile.class
-rw-rw-r--   1 travis travis  1273 Apr  9 04:05 ModularCodeGen4_A1_B1_profile.java
-rw-rw-r--   1 travis travis  3794 Apr  9 04:05 ModularCodeGen4_A1_B2.class
-rw-rw-r--   1 travis travis 10312 Apr  9 04:05 ModularCodeGen4_A1_B2.java
-rw-rw-r--   1 travis travis   880 Apr  9 04:05 ModularCodeGen4_A1_B2.mk
-rw-rw-r--   1 travis travis  1330 Apr  9 04:05 ModularCodeGen4_A1_B2_profile.class
-rw-rw-r--   1 travis travis  1273 Apr  9 04:05 ModularCodeGen4_A1_B2_profile.java
-rw-rw-r--   1 travis travis  5101 Apr  9 04:05 ModularCodeGen4_A1.class
-rw-rw-r--   1 travis travis 16245 Apr  9 04:05 ModularCodeGen4_A1.java
-rw-rw-r--   1 travis travis   856 Apr  9 04:05 ModularCodeGen4_A1.mk
-rw-rw-r--   1 travis travis  1445 Apr  9 04:05 ModularCodeGen4_A1_profile.class
-rw-rw-r--   1 travis travis  1712 Apr  9 04:05 ModularCodeGen4_A1_profile.java
-rw-rw-r--   1 travis travis  3988 Apr  9 04:05 ModularCodeGen4_A2_B1.class
-rw-rw-r--   1 travis travis 11375 Apr  9 04:05 ModularCodeGen4_A2_B1.java
-rw-rw-r--   1 travis travis   880 Apr  9 04:05 ModularCodeGen4_A2_B1.mk
-rw-rw-r--   1 travis travis  1393 Apr  9 04:05 ModularCodeGen4_A2_B1_profile.class
-rw-rw-r--   1 travis travis  1454 Apr  9 04:05 ModularCodeGen4_A2_B1_profile.java
-rw-rw-r--   1 travis travis  3842 Apr  9 04:05 ModularCodeGen4_A2_B2.class
-rw-rw-r--   1 travis travis 10378 Apr  9 04:05 ModularCodeGen4_A2_B2.java
-rw-rw-r--   1 travis travis   880 Apr  9 04:05 ModularCodeGen4_A2_B2.mk
-rw-rw-r--   1 travis travis  1330 Apr  9 04:05 ModularCodeGen4_A2_B2_profile.class
-rw-rw-r--   1 travis travis  1270 Apr  9 04:05 ModularCodeGen4_A2_B2_profile.java
-rw-rw-r--   1 travis travis  5274 Apr  9 04:05 ModularCodeGen4_A2.class
-rw-rw-r--   1 travis travis 16770 Apr  9 04:05 ModularCodeGen4_A2.java
-rw-rw-r--   1 travis travis   856 Apr  9 04:05 ModularCodeGen4_A2.mk
-rw-rw-r--   1 travis travis  1445 Apr  9 04:05 ModularCodeGen4_A2_profile.class
-rw-rw-r--   1 travis travis  1712 Apr  9 04:05 ModularCodeGen4_A2_profile.java
-rw-rw-r--   1 travis travis  6838 Apr  9 04:05 ModularCodeGen5_A_A.class
-rw-rw-r--   1 travis travis 28721 Apr  9 04:05 ModularCodeGen5_A_A.java
-rw-rw-r--   1 travis travis   864 Apr  9 04:05 ModularCodeGen5_A_A.mk
-rw-rw-r--   1 travis travis  1520 Apr  9 04:05 ModularCodeGen5_A_A_profile.class
-rw-rw-r--   1 travis travis  1815 Apr  9 04:05 ModularCodeGen5_A_A_profile.java
-rw-rw-r--   1 travis travis  5115 Apr  9 04:05 ModularCodeGen5_A.class
-rw-rw-r--   1 travis travis 13769 Apr  9 04:05 ModularCodeGen5_A.java
-rw-rw-r--   1 travis travis   848 Apr  9 04:05 ModularCodeGen5_A.mk
-rw-rw-r--   1 travis travis  1422 Apr  9 04:05 ModularCodeGen5_A_profile.class
-rw-rw-r--   1 travis travis  1605 Apr  9 04:05 ModularCodeGen5_A_profile.java
-rw-rw-r--   1 travis travis  4125 Apr  9 04:05 ModularCodeGen6_A_A2.class
-rw-rw-r--   1 travis travis 11329 Apr  9 04:05 ModularCodeGen6_A_A2.java
-rw-rw-r--   1 travis travis   872 Apr  9 04:05 ModularCodeGen6_A_A2.mk
-rw-rw-r--   1 travis travis  1351 Apr  9 04:05 ModularCodeGen6_A_A2_profile.class
-rw-rw-r--   1 travis travis  1364 Apr  9 04:05 ModularCodeGen6_A_A2_profile.java
-rw-rw-r--   1 travis travis  4108 Apr  9 04:05 ModularCodeGen6_A_A.class
-rw-rw-r--   1 travis travis 11221 Apr  9 04:05 ModularCodeGen6_A_A.java
-rw-rw-r--   1 travis travis   864 Apr  9 04:05 ModularCodeGen6_A_A.mk
-rw-rw-r--   1 travis travis  1348 Apr  9 04:05 ModularCodeGen6_A_A_profile.class
-rw-rw-r--   1 travis travis  1361 Apr  9 04:05 ModularCodeGen6_A_A_profile.java
-rw-rw-r--   1 travis travis  7237 Apr  9 04:05 ModularCodeGen6_A.class
-rw-rw-r--   1 travis travis 26535 Apr  9 04:05 ModularCodeGen6_A.java
-rw-rw-r--   1 travis travis   848 Apr  9 04:05 ModularCodeGen6_A.mk
-rw-rw-r--   1 travis travis  1483 Apr  9 04:05 ModularCodeGen6_A_profile.class
-rw-rw-r--   1 travis travis  1810 Apr  9 04:05 ModularCodeGen6_A_profile.java
-rw-rw-r--   1 travis travis  1091 Apr  9 04:05 ModularCodeGenLazyPubSub_LazyCompositeActor_profile.java
-rw-rw-r--   1 travis travis  3954 Apr  9 04:05 ModularCodeGen_ModularCodeGenTypedCompositeActor.class
-rw-rw-r--   1 travis travis 10970 Apr  9 04:05 ModularCodeGen_ModularCodeGenTypedCompositeActor.java
-rw-rw-r--   1 travis travis  1096 Apr  9 04:05 ModularCodeGen_ModularCodeGenTypedCompositeActor.mk
-rw-rw-r--   1 travis travis  1384 Apr  9 04:05 ModularCodeGen_ModularCodeGenTypedCompositeActor_profile.class
-rw-rw-r--   1 travis travis  1328 Apr  9 04:05 ModularCodeGen_ModularCodeGenTypedCompositeActor_profile.java
-rw-rw-r--   1 travis travis  3492 Apr  9 04:04 ModularCodeGenTest_A1_A2.class
-rw-rw-r--   1 travis travis   904 Apr  9 04:04 ModularCodeGenTest_A1_A2.mk
-rw-rw-r--   1 travis travis  1306 Apr  9 04:04 ModularCodeGenTest_A1_A2_profile.class
-rw-rw-r--   1 travis travis  3823 Apr  9 04:04 ModularCodeGenTest_A1.class
-rw-rw-r--   1 travis travis  9968 Apr  9 04:04 ModularCodeGenTest_A1.java
-rw-rw-r--   1 travis travis   880 Apr  9 04:04 ModularCodeGenTest_A1.mk
-rw-rw-r--   1 travis travis  1352 Apr  9 04:04 ModularCodeGenTest_A1_profile.class
-rw-rw-r--   1 travis travis  1394 Apr  9 04:04 ModularCodeGenTest_A1_profile.java
drwxrwxr-x   3 travis travis 36864 Apr  9 04:04 modulation2
drwxrwxr-x   3 travis travis 20480 Apr  9 04:01 Multiplexor
drwxrwxr-x 242 travis travis 12288 Apr  9 04:04 node_modules
drwxrwxr-x   3 travis travis 20480 Apr  9 04:01 PhaseUnwrap
-rw-rw-r--   1 travis travis   520 Apr  9 04:04 Repeat$_fireFunction_Repeat_Repeat$__f_sL_0.class
-rw-rw-r--   1 travis travis   522 Apr  9 04:04 Repeat$_fireFunction_Repeat_Repeat$__f_sL_10.class
-rw-rw-r--   1 travis travis   666 Apr  9 04:04 Repeat$_fireFunction_Repeat_Repeat$__f_sL_11.class
-rw-rw-r--   1 travis travis   522 Apr  9 04:04 Repeat$_fireFunction_Repeat_Repeat$__f_sL_13.class
-rw-rw-r--   1 travis travis   665 Apr  9 04:04 Repeat$_fireFunction_Repeat_Repeat$__f_sL_1.class
-rw-rw-r--   1 travis travis   520 Apr  9 04:04 Repeat$_fireFunction_Repeat_Repeat$__f_sL_2.class
-rw-rw-r--   1 travis travis   520 Apr  9 04:04 Repeat$_fireFunction_Repeat_Repeat$__f_sL_3.class
-rw-rw-r--   1 travis travis   520 Apr  9 04:04 Repeat$_fireFunction_Repeat_Repeat$__f_sL_5.class
-rw-rw-r--   1 travis travis   671 Apr  9 04:04 Repeat$_fireFunction_Repeat_Repeat$__f_sL_7.class
-rw-rw-r--   1 travis travis   520 Apr  9 04:04 Repeat$_fireFunction_Repeat_Repeat$__f_sL_9.class
-rw-rw-r--   1 travis travis   813 Apr  9 04:04 Repeat$_initialize_Repeat.class
-rw-rw-r--   1 travis travis   475 Apr  9 04:04 Repeat$_initialize_Repeat$__i_sL_0.class
-rw-rw-r--   1 travis travis   519 Apr  9 04:04 Repeat$_initialize_Repeat$__i_sL_3.class
-rw-rw-r--   1 travis travis 39778 Apr  9 04:04 Repeat.java
-rw-rw-r--   1 travis travis  1281 Apr  9 04:04 Repeat.mk
-rw-rw-r--   1 travis travis   520 Apr  9 04:04 Repeat$_preinitializeMethod_Repeat$__p_sL_0.class
-rw-rw-r--   1 travis travis   520 Apr  9 04:04 Repeat$_preinitializeMethod_Repeat$__p_sL_1.class
-rw-rw-r--   1 travis travis  1083 Apr  9 04:04 Repeat$_Repeat$_fireFunction_Repeat_AddSubtract_Repeat.class
-rw-rw-r--   1 travis travis   791 Apr  9 04:04 Repeat$_Repeat$_fireFunction_Repeat_AddSubtract_Repeat$__f_sL_0.class
-rw-rw-r--   1 travis travis   909 Apr  9 04:04 Repeat$_Repeat$_fireFunction_Repeat_AddSubtract_Repeat$__f_sL_1.class
-rw-rw-r--   1 travis travis   915 Apr  9 04:04 Repeat$_Repeat$_fireFunction_Repeat_AddSubtract_Repeat$__f_sL_2.class
-rw-rw-r--   1 travis travis   838 Apr  9 04:04 Repeat$_Repeat$_fireFunction_Repeat_Ramp2_Repeat$__f_sL_1.class
-rw-rw-r--   1 travis travis  1785 Apr  9 04:04 Repeat$_Repeat$_fireFunction_Repeat_Test_Repeat$__f_sL_2.class
-rw-rw-r--   1 travis travis   685 Apr  9 04:04 Repeat$_Repeat_SDF_Director_run_Repeat$__R_sL_0.class
-rw-rw-r--   1 travis travis   540 Apr  9 04:04 Repeat$_Repeat_SDF_Director_run_Repeat$__R_sL_1.class
-rw-rw-r--   1 travis travis   540 Apr  9 04:04 Repeat$_Repeat_SDF_Director_run_Repeat$__R_sL_2.class
-rw-rw-r--   1 travis travis   540 Apr  9 04:04 Repeat$_Repeat_SDF_Director_run_Repeat$__R_sL_4.class
-rw-rw-r--   1 travis travis   540 Apr  9 04:04 Repeat$_Repeat_SDF_Director_run_Repeat$__R_sL_5.class
-rw-rw-r--   1 travis travis   691 Apr  9 04:04 Repeat$_Repeat_SDF_Director_run_Repeat$__R_sL_6.class
-rw-rw-r--   1 travis travis   540 Apr  9 04:04 Repeat$_Repeat_SDF_Director_run_Repeat$__R_sL_7.class
-rw-rw-r--   1 travis travis   863 Apr  9 04:04 Repeat$_varinit_Repeat.class
-rw-rw-r--   1 travis travis   530 Apr  9 04:04 Repeat$_varinit_Repeat$__v_sL_1.class
-rw-rw-r--   1 travis travis   531 Apr  9 04:04 Repeat$_varinit_Repeat$__v_sL_2.class
-rw-rw-r--   1 travis travis   905 Apr  9 04:04 Repeat$_varinit_Repeat$__v_sL_4.class
-rw-rw-r--   1 travis travis   635 Apr  9 04:04 Repeat$_wrapup_Repeat.class
-rw-rw-r--   1 travis travis   965 Apr  9 04:04 Repeat$_wrapup_Repeat$__w_sL_1.class
-rw-rw-r--   1 travis travis   289 Apr  9 03:59 result.csv
drwxrwxr-x   3 travis travis 12288 Apr  9 04:02 Scrambler1
drwxrwxr-x   3 travis travis 20480 Apr  9 04:01 Sinewave2
drwxrwxr-x   3 travis travis 69632 Apr  9 04:02 StringCompare
drwxrwxr-x   3 travis travis 32768 Apr  9 04:02 StringFunction
drwxrwxr-x   3 travis travis 12288 Apr  9 04:03 StringLength
drwxrwxr-x   3 travis travis 57344 Apr  9 04:03 StringSimpleReplace
drwxrwxr-x   3 travis travis 12288 Apr  9 04:04 time2
drwxrwxr-x   3 travis travis 12288 Apr  9 04:04 time5
-rw-rw-r--   1 travis travis   432 Apr  9 04:05 Token.class
-rw-rw-r--   1 travis travis   251 Apr  9 04:05 Token.java
-rw-rw-r--   1 travis travis     0 Apr  9 04:04 top.
-rw-rw-r--   1 travis travis 20502 Apr  9 03:59 top.c
-rw-rw-r--   1 travis travis  3567 Apr  9 04:04 top.class
-rw-rw-r--   1 travis travis   169 Apr  9 03:59 top.html
-rw-rw-r--   1 travis travis  7552 Apr  9 04:04 top.java
-rw-rw-r--   1 travis travis 38888 Apr  9 03:59 top.o
drwxrwxr-x   3 travis travis 57344 Apr  9 04:02 UnaryMathFunction
All Done
Writing ModularCodeGenLazyPubSub_LazyCompositeActor.java in file:/home/travis/cg/ (11122 characters)
Reading "ptolemy/cg/kernel/generic/program/procedural/java/modular/makefile.in",
    writing "/home/travis/cg/ModularCodeGenLazyPubSub_LazyCompositeActor.mk"
Using ptolemy/cg/kernel/generic/program/procedural/java/modular/makefile.in
In "/home/travis/cg", about to execute:
    make -f ModularCodeGenLazyPubSub_LazyCompositeActor.mk
javac -classpath ".:.."    ModularCodeGenLazyPubSub_LazyCompositeActor.java
All Done
1995 ms. Memory: 158720K Free: 89056K (56%)
----------------- Invoking toplevel() on ptolemy.moml.MoMLSimpleApplication@72d116ef
----------------- Done invoking toplevel() on ptolemy.moml.MoMLSimpleApplication@72d116ef
reloadAllAccessors: .ModularCodeGenLazyPubSub

===========================================================================================
----------------- testing Tue Apr 09 04:05:49 UTC 2019 /home/travis/build/icyphy/ptII/ptolemy/cg/lib/test/auto/ModularCodeGenLazyPubSubGlobal.xml
----------------- Instantiating /home/travis/build/icyphy/ptII/ptolemy/cg/lib/test/auto/ModularCodeGenLazyPubSubGlobal.xml
In "/home/travis/cg", about to execute:
    pwd
In "/home/travis/cg", about to execute:
    ls -l
/home/travis/cg
total 1960
drwxrwxr-x   3 travis travis 12288 Apr  9 04:00 AbsoluteValue
drwxrwxr-x   3 travis travis 16384 Apr  9 04:00 Case1
drwxrwxr-x   3 travis travis 32768 Apr  9 04:00 Case2
-rw-rw-r--   1 travis travis  4895 Apr  9 04:04 CompiledCompositeActor_CompiledCompositeActor.class
-rw-rw-r--   1 travis travis  1592 Apr  9 04:04 CompiledCompositeActor_CompiledCompositeActor$_CompiledCompositeActor_CompiledCompositeActor.class
-rw-rw-r--   1 travis travis 13466 Apr  9 04:04 CompiledCompositeActor_CompiledCompositeActor.java
-rw-rw-r--   1 travis travis  1593 Apr  9 04:04 CompiledCompositeActor_CompiledCompositeActor.mk
drwxrwxr-x   3 travis travis 24576 Apr  9 04:02 DeScrambler
drwxrwxr-x   3 travis travis 16384 Apr  9 04:04 DotProduct
drwxrwxr-x   3 travis travis 12288 Apr  9 04:00 FileWriter1
drwxrwxr-x   3 travis travis 20480 Apr  9 04:00 FixToDoubleAndBack
drwxrwxr-x   3 travis travis 16384 Apr  9 04:00 Gaussian1
drwxrwxr-x   3 travis travis 20480 Apr  9 04:00 Gaussian2
-rw-rw-r--   1 travis travis  4457 Apr  9 04:04 JavaCompiledCompositeTest1_CompiledCompositeActor.class
-rw-rw-r--   1 travis travis 11637 Apr  9 04:04 JavaCompiledCompositeTest1_CompiledCompositeActor.java
-rw-rw-r--   1 travis travis  1198 Apr  9 04:04 JavaCompiledCompositeTest1_CompiledCompositeActor$_JavaCompiledCompositeTest1_CompiledCompositeActor.class
-rw-rw-r--   1 travis travis  1625 Apr  9 04:04 JavaCompiledCompositeTest1_CompiledCompositeActor.mk
-rw-rw-r--   1 travis travis  4888 Apr  9 04:04 JavaCompiledCompositeTest2_CompiledCompositeActor.class
-rw-rw-r--   1 travis travis 14919 Apr  9 04:04 JavaCompiledCompositeTest2_CompiledCompositeActor.java
-rw-rw-r--   1 travis travis  1793 Apr  9 04:04 JavaCompiledCompositeTest2_CompiledCompositeActor$_JavaCompiledCompositeTest2_CompiledCompositeActor.class
-rw-rw-r--   1 travis travis  1625 Apr  9 04:04 JavaCompiledCompositeTest2_CompiledCompositeActor.mk
-rw-rw-r--   1 travis travis  4505 Apr  9 04:04 JavaCompiledCompositeTest3_CompiledCompositeActor.class
-rw-rw-r--   1 travis travis 13080 Apr  9 04:04 JavaCompiledCompositeTest3_CompiledCompositeActor.java
-rw-rw-r--   1 travis travis  1378 Apr  9 04:04 JavaCompiledCompositeTest3_CompiledCompositeActor$_JavaCompiledCompositeTest3_CompiledCompositeActor.class
-rw-rw-r--   1 travis travis  1625 Apr  9 04:04 JavaCompiledCompositeTest3_CompiledCompositeActor.mk
-rw-rw-r--   1 travis travis  3953 Apr  9 04:04 JavaCompiledCompositeTest4_CompiledCompositeActor.class
-rw-rw-r--   1 travis travis  9687 Apr  9 04:04 JavaCompiledCompositeTest4_CompiledCompositeActor.java
-rw-rw-r--   1 travis travis   857 Apr  9 04:04 JavaCompiledCompositeTest4_CompiledCompositeActor$_JavaCompiledCompositeTest4_CompiledCompositeActor.class
-rw-rw-r--   1 travis travis  1625 Apr  9 04:04 JavaCompiledCompositeTest4_CompiledCompositeActor.mk
drwxrwxr-x   3 travis travis 12288 Apr  9 04:01 LookupTable
drwxrwxr-x   3 travis travis 20480 Apr  9 04:01 MaxIndex
-rw-rw-r--   1 travis travis  3693 Apr  9 04:04 ModularCG_A1_B1.class
-rw-rw-r--   1 travis travis  9730 Apr  9 04:04 ModularCG_A1_B1.java
-rw-rw-r--   1 travis travis   832 Apr  9 04:04 ModularCG_A1_B1.mk
-rw-rw-r--   1 travis travis  1318 Apr  9 04:04 ModularCG_A1_B1_profile.class
-rw-rw-r--   1 travis travis  1262 Apr  9 04:04 ModularCG_A1_B1_profile.java
-rw-rw-r--   1 travis travis  3693 Apr  9 04:04 ModularCG_A1_B2.class
-rw-rw-r--   1 travis travis  9730 Apr  9 04:04 ModularCG_A1_B2.java
-rw-rw-r--   1 travis travis   832 Apr  9 04:04 ModularCG_A1_B2.mk
-rw-rw-r--   1 travis travis  1318 Apr  9 04:04 ModularCG_A1_B2_profile.class
-rw-rw-r--   1 travis travis  1262 Apr  9 04:04 ModularCG_A1_B2_profile.java
-rw-rw-r--   1 travis travis  4799 Apr  9 04:04 ModularCG_A1.class
-rw-rw-r--   1 travis travis 14742 Apr  9 04:04 ModularCG_A1.java
-rw-rw-r--   1 travis travis   808 Apr  9 04:04 ModularCG_A1.mk
-rw-rw-r--   1 travis travis  1433 Apr  9 04:04 ModularCG_A1_profile.class
-rw-rw-r--   1 travis travis  1704 Apr  9 04:04 ModularCG_A1_profile.java
-rw-rw-r--   1 travis travis  3827 Apr  9 04:04 ModularCG_A2_B1.class
-rw-rw-r--   1 travis travis 10667 Apr  9 04:04 ModularCG_A2_B1.java
-rw-rw-r--   1 travis travis   832 Apr  9 04:04 ModularCG_A2_B1.mk
-rw-rw-r--   1 travis travis  1381 Apr  9 04:04 ModularCG_A2_B1_profile.class
-rw-rw-r--   1 travis travis  1446 Apr  9 04:04 ModularCG_A2_B1_profile.java
-rw-rw-r--   1 travis travis  3693 Apr  9 04:04 ModularCG_A2_B2.class
-rw-rw-r--   1 travis travis  9730 Apr  9 04:04 ModularCG_A2_B2.java
-rw-rw-r--   1 travis travis   832 Apr  9 04:04 ModularCG_A2_B2.mk
-rw-rw-r--   1 travis travis  1318 Apr  9 04:04 ModularCG_A2_B2_profile.class
-rw-rw-r--   1 travis travis  1262 Apr  9 04:04 ModularCG_A2_B2_profile.java
-rw-rw-r--   1 travis travis  4870 Apr  9 04:05 ModularCG_A2.class
-rw-rw-r--   1 travis travis 15129 Apr  9 04:05 ModularCG_A2.java
-rw-rw-r--   1 travis travis   808 Apr  9 04:05 ModularCG_A2.mk
-rw-rw-r--   1 travis travis  1433 Apr  9 04:05 ModularCG_A2_profile.class
-rw-rw-r--   1 travis travis  1704 Apr  9 04:04 ModularCG_A2_profile.java
-rw-rw-r--   1 travis travis  3473 Apr  9 04:05 ModularCGPubSub_A1_A2.class
-rw-rw-r--   1 travis travis  9076 Apr  9 04:05 ModularCGPubSub_A1_A2.java
-rw-rw-r--   1 travis travis   880 Apr  9 04:05 ModularCGPubSub_A1_A2.mk
-rw-rw-r--   1 travis travis  1300 Apr  9 04:05 ModularCGPubSub_A1_A2_profile.class
-rw-rw-r--   1 travis travis  1222 Apr  9 04:05 ModularCGPubSub_A1_A2_profile.java
-rw-rw-r--   1 travis travis  3790 Apr  9 04:05 ModularCGPubSub_A1.class
-rw-rw-r--   1 travis travis  9836 Apr  9 04:05 ModularCGPubSub_A1.java
-rw-rw-r--   1 travis travis   856 Apr  9 04:05 ModularCGPubSub_A1.mk
-rw-rw-r--   1 travis travis  1346 Apr  9 04:05 ModularCGPubSub_A1_profile.class
-rw-rw-r--   1 travis travis  1388 Apr  9 04:05 ModularCGPubSub_A1_profile.java
-rw-rw-r--   1 travis travis  3988 Apr  9 04:05 ModularCodeGen2_ModularCodeGenTypedCompositeActor.class
-rw-rw-r--   1 travis travis 11690 Apr  9 04:05 ModularCodeGen2_ModularCodeGenTypedCompositeActor.java
-rw-rw-r--   1 travis travis  1104 Apr  9 04:05 ModularCodeGen2_ModularCodeGenTypedCompositeActor.mk
-rw-rw-r--   1 travis travis  4272 Apr  9 04:05 ModularCodeGen2_ModularCodeGenTypedCompositeActor_ModularCodeGenTypedCompositeActor.class
-rw-rw-r--   1 travis travis 11790 Apr  9 04:05 ModularCodeGen2_ModularCodeGenTypedCompositeActor_ModularCodeGenTypedCompositeActor.java
-rw-rw-r--   1 travis travis  1376 Apr  9 04:05 ModularCodeGen2_ModularCodeGenTypedCompositeActor_ModularCodeGenTypedCompositeActor.mk
-rw-rw-r--   1 travis travis  1421 Apr  9 04:05 ModularCodeGen2_ModularCodeGenTypedCompositeActor_ModularCodeGenTypedCompositeActor_profile.class
-rw-rw-r--   1 travis travis  1294 Apr  9 04:05 ModularCodeGen2_ModularCodeGenTypedCompositeActor_ModularCodeGenTypedCompositeActor_profile.java
-rw-rw-r--   1 travis travis   820 Apr  9 04:05 ModularCodeGen2_ModularCodeGenTypedCompositeActor_profile.class
-rw-rw-r--   1 travis travis   693 Apr  9 04:05 ModularCodeGen2_ModularCodeGenTypedCompositeActor_profile.java
-rw-rw-r--   1 travis travis  3741 Apr  9 04:05 ModularCodeGen3_A1_B1.class
-rw-rw-r--   1 travis travis  9958 Apr  9 04:05 ModularCodeGen3_A1_B1.java
-rw-rw-r--   1 travis travis   880 Apr  9 04:05 ModularCodeGen3_A1_B1.mk
-rw-rw-r--   1 travis travis  1330 Apr  9 04:05 ModularCodeGen3_A1_B1_profile.class
-rw-rw-r--   1 travis travis  1274 Apr  9 04:05 ModularCodeGen3_A1_B1_profile.java
-rw-rw-r--   1 travis travis  3741 Apr  9 04:05 ModularCodeGen3_A1_B2.class
-rw-rw-r--   1 travis travis  9958 Apr  9 04:05 ModularCodeGen3_A1_B2.java
-rw-rw-r--   1 travis travis   880 Apr  9 04:05 ModularCodeGen3_A1_B2.mk
-rw-rw-r--   1 travis travis  1330 Apr  9 04:05 ModularCodeGen3_A1_B2_profile.class
-rw-rw-r--   1 travis travis  1274 Apr  9 04:05 ModularCodeGen3_A1_B2_profile.java
-rw-rw-r--   1 travis travis  4961 Apr  9 04:05 ModularCodeGen3_A1.class
-rw-rw-r--   1 travis travis 15564 Apr  9 04:05 ModularCodeGen3_A1.java
-rw-rw-r--   1 travis travis   856 Apr  9 04:05 ModularCodeGen3_A1.mk
-rw-rw-r--   1 travis travis  1445 Apr  9 04:05 ModularCodeGen3_A1_profile.class
-rw-rw-r--   1 travis travis  1716 Apr  9 04:05 ModularCodeGen3_A1_profile.java
-rw-rw-r--   1 travis travis  3887 Apr  9 04:05 ModularCodeGen3_A2_B1.class
-rw-rw-r--   1 travis travis 10955 Apr  9 04:05 ModularCodeGen3_A2_B1.java
-rw-rw-r--   1 travis travis   880 Apr  9 04:05 ModularCodeGen3_A2_B1.mk
-rw-rw-r--   1 travis travis  1393 Apr  9 04:05 ModularCodeGen3_A2_B1_profile.class
-rw-rw-r--   1 travis travis  1458 Apr  9 04:05 ModularCodeGen3_A2_B1_profile.java
-rw-rw-r--   1 travis travis  3741 Apr  9 04:05 ModularCodeGen3_A2_B2.class
-rw-rw-r--   1 travis travis  9958 Apr  9 04:05 ModularCodeGen3_A2_B2.java
-rw-rw-r--   1 travis travis   880 Apr  9 04:05 ModularCodeGen3_A2_B2.mk
-rw-rw-r--   1 travis travis  1330 Apr  9 04:05 ModularCodeGen3_A2_B2_profile.class
-rw-rw-r--   1 travis travis  1274 Apr  9 04:05 ModularCodeGen3_A2_B2_profile.java
-rw-rw-r--   1 travis travis  5038 Apr  9 04:05 ModularCodeGen3_A2.class
-rw-rw-r--   1 travis travis 15957 Apr  9 04:05 ModularCodeGen3_A2.java
-rw-rw-r--   1 travis travis   856 Apr  9 04:05 ModularCodeGen3_A2.mk
-rw-rw-r--   1 travis travis  1445 Apr  9 04:05 ModularCodeGen3_A2_profile.class
-rw-rw-r--   1 travis travis  1716 Apr  9 04:05 ModularCodeGen3_A2_profile.java
-rw-rw-r--   1 travis travis  3794 Apr  9 04:05 ModularCodeGen4_A1_B1.class
-rw-rw-r--   1 travis travis 10312 Apr  9 04:05 ModularCodeGen4_A1_B1.java
-rw-rw-r--   1 travis travis   880 Apr  9 04:05 ModularCodeGen4_A1_B1.mk
-rw-rw-r--   1 travis travis  1330 Apr  9 04:05 ModularCodeGen4_A1_B1_profile.class
-rw-rw-r--   1 travis travis  1273 Apr  9 04:05 ModularCodeGen4_A1_B1_profile.java
-rw-rw-r--   1 travis travis  3794 Apr  9 04:05 ModularCodeGen4_A1_B2.class
-rw-rw-r--   1 travis travis 10312 Apr  9 04:05 ModularCodeGen4_A1_B2.java
-rw-rw-r--   1 travis travis   880 Apr  9 04:05 ModularCodeGen4_A1_B2.mk
-rw-rw-r--   1 travis travis  1330 Apr  9 04:05 ModularCodeGen4_A1_B2_profile.class
-rw-rw-r--   1 travis travis  1273 Apr  9 04:05 ModularCodeGen4_A1_B2_profile.java
-rw-rw-r--   1 travis travis  5101 Apr  9 04:05 ModularCodeGen4_A1.class
-rw-rw-r--   1 travis travis 16245 Apr  9 04:05 ModularCodeGen4_A1.java
-rw-rw-r--   1 travis travis   856 Apr  9 04:05 ModularCodeGen4_A1.mk
-rw-rw-r--   1 travis travis  1445 Apr  9 04:05 ModularCodeGen4_A1_profile.class
-rw-rw-r--   1 travis travis  1712 Apr  9 04:05 ModularCodeGen4_A1_profile.java
-rw-rw-r--   1 travis travis  3988 Apr  9 04:05 ModularCodeGen4_A2_B1.class
-rw-rw-r--   1 travis travis 11375 Apr  9 04:05 ModularCodeGen4_A2_B1.java
-rw-rw-r--   1 travis travis   880 Apr  9 04:05 ModularCodeGen4_A2_B1.mk
-rw-rw-r--   1 travis travis  1393 Apr  9 04:05 ModularCodeGen4_A2_B1_profile.class
-rw-rw-r--   1 travis travis  1454 Apr  9 04:05 ModularCodeGen4_A2_B1_profile.java
-rw-rw-r--   1 travis travis  3842 Apr  9 04:05 ModularCodeGen4_A2_B2.class
-rw-rw-r--   1 travis travis 10378 Apr  9 04:05 ModularCodeGen4_A2_B2.java
-rw-rw-r--   1 travis travis   880 Apr  9 04:05 ModularCodeGen4_A2_B2.mk
-rw-rw-r--   1 travis travis  1330 Apr  9 04:05 ModularCodeGen4_A2_B2_profile.class
-rw-rw-r--   1 travis travis  1270 Apr  9 04:05 ModularCodeGen4_A2_B2_profile.java
-rw-rw-r--   1 travis travis  5274 Apr  9 04:05 ModularCodeGen4_A2.class
-rw-rw-r--   1 travis travis 16770 Apr  9 04:05 ModularCodeGen4_A2.java
-rw-rw-r--   1 travis travis   856 Apr  9 04:05 ModularCodeGen4_A2.mk
-rw-rw-r--   1 travis travis  1445 Apr  9 04:05 ModularCodeGen4_A2_profile.class
-rw-rw-r--   1 travis travis  1712 Apr  9 04:05 ModularCodeGen4_A2_profile.java
-rw-rw-r--   1 travis travis  6838 Apr  9 04:05 ModularCodeGen5_A_A.class
-rw-rw-r--   1 travis travis 28721 Apr  9 04:05 ModularCodeGen5_A_A.java
-rw-rw-r--   1 travis travis   864 Apr  9 04:05 ModularCodeGen5_A_A.mk
-rw-rw-r--   1 travis travis  1520 Apr  9 04:05 ModularCodeGen5_A_A_profile.class
-rw-rw-r--   1 travis travis  1815 Apr  9 04:05 ModularCodeGen5_A_A_profile.java
-rw-rw-r--   1 travis travis  5115 Apr  9 04:05 ModularCodeGen5_A.class
-rw-rw-r--   1 travis travis 13769 Apr  9 04:05 ModularCodeGen5_A.java
-rw-rw-r--   1 travis travis   848 Apr  9 04:05 ModularCodeGen5_A.mk
-rw-rw-r--   1 travis travis  1422 Apr  9 04:05 ModularCodeGen5_A_profile.class
-rw-rw-r--   1 travis travis  1605 Apr  9 04:05 ModularCodeGen5_A_profile.java
-rw-rw-r--   1 travis travis  4125 Apr  9 04:05 ModularCodeGen6_A_A2.class
-rw-rw-r--   1 travis travis 11329 Apr  9 04:05 ModularCodeGen6_A_A2.java
-rw-rw-r--   1 travis travis   872 Apr  9 04:05 ModularCodeGen6_A_A2.mk
-rw-rw-r--   1 travis travis  1351 Apr  9 04:05 ModularCodeGen6_A_A2_profile.class
-rw-rw-r--   1 travis travis  1364 Apr  9 04:05 ModularCodeGen6_A_A2_profile.java
-rw-rw-r--   1 travis travis  4108 Apr  9 04:05 ModularCodeGen6_A_A.class
-rw-rw-r--   1 travis travis 11221 Apr  9 04:05 ModularCodeGen6_A_A.java
-rw-rw-r--   1 travis travis   864 Apr  9 04:05 ModularCodeGen6_A_A.mk
-rw-rw-r--   1 travis travis  1348 Apr  9 04:05 ModularCodeGen6_A_A_profile.class
-rw-rw-r--   1 travis travis  1361 Apr  9 04:05 ModularCodeGen6_A_A_profile.java
-rw-rw-r--   1 travis travis  7237 Apr  9 04:05 ModularCodeGen6_A.class
-rw-rw-r--   1 travis travis 26535 Apr  9 04:05 ModularCodeGen6_A.java
-rw-rw-r--   1 travis travis   848 Apr  9 04:05 ModularCodeGen6_A.mk
-rw-rw-r--   1 travis travis  1483 Apr  9 04:05 ModularCodeGen6_A_profile.class
-rw-rw-r--   1 travis travis  1810 Apr  9 04:05 ModularCodeGen6_A_profile.java
-rw-rw-r--   1 travis travis  1384 Apr  9 04:05 ModularCodeGenLazyPubSubGlobal_CompositeActor_ModularCodeGenTypedComposite_profile.java
-rw-rw-r--   1 travis travis  3952 Apr  9 04:05 ModularCodeGenLazyPubSub_LazyCompositeActor.class
-rw-rw-r--   1 travis travis 11122 Apr  9 04:05 ModularCodeGenLazyPubSub_LazyCompositeActor.java
-rw-rw-r--   1 travis travis  1056 Apr  9 04:05 ModularCodeGenLazyPubSub_LazyCompositeActor.mk
-rw-rw-r--   1 travis travis  1286 Apr  9 04:05 ModularCodeGenLazyPubSub_LazyCompositeActor_profile.class
-rw-rw-r--   1 travis travis  1091 Apr  9 04:05 ModularCodeGenLazyPubSub_LazyCompositeActor_profile.java
-rw-rw-r--   1 travis travis  3954 Apr  9 04:05 ModularCodeGen_ModularCodeGenTypedCompositeActor.class
-rw-rw-r--   1 travis travis 10970 Apr  9 04:05 ModularCodeGen_ModularCodeGenTypedCompositeActor.java
-rw-rw-r--   1 travis travis  1096 Apr  9 04:05 ModularCodeGen_ModularCodeGenTypedCompositeActor.mk
-rw-rw-r--   1 travis travis  1384 Apr  9 04:05 ModularCodeGen_ModularCodeGenTypedCompositeActor_profile.class
-rw-rw-r--   1 travis travis  1328 Apr  9 04:05 ModularCodeGen_ModularCodeGenTypedCompositeActor_profile.java
-rw-rw-r--   1 travis travis  3492 Apr  9 04:04 ModularCodeGenTest_A1_A2.class
-rw-rw-r--   1 travis travis   904 Apr  9 04:04 ModularCodeGenTest_A1_A2.mk
-rw-rw-r--   1 travis travis  1306 Apr  9 04:04 ModularCodeGenTest_A1_A2_profile.class
-rw-rw-r--   1 travis travis  3823 Apr  9 04:04 ModularCodeGenTest_A1.class
-rw-rw-r--   1 travis travis  9968 Apr  9 04:04 ModularCodeGenTest_A1.java
-rw-rw-r--   1 travis travis   880 Apr  9 04:04 ModularCodeGenTest_A1.mk
-rw-rw-r--   1 travis travis  1352 Apr  9 04:04 ModularCodeGenTest_A1_profile.class
-rw-rw-r--   1 travis travis  1394 Apr  9 04:04 ModularCodeGenTest_A1_profile.java
drwxrwxr-x   3 travis travis 36864 Apr  9 04:04 modulation2
drwxrwxr-x   3 travis travis 20480 Apr  9 04:01 Multiplexor
drwxrwxr-x 242 travis travis 12288 Apr  9 04:04 node_modules
drwxrwxr-x   3 travis travis 20480 Apr  9 04:01 PhaseUnwrap
-rw-rw-r--   1 travis travis   520 Apr  9 04:04 Repeat$_fireFunction_Repeat_Repeat$__f_sL_0.class
-rw-rw-r--   1 travis travis   522 Apr  9 04:04 Repeat$_fireFunction_Repeat_Repeat$__f_sL_10.class
-rw-rw-r--   1 travis travis   666 Apr  9 04:04 Repeat$_fireFunction_Repeat_Repeat$__f_sL_11.class
-rw-rw-r--   1 travis travis   522 Apr  9 04:04 Repeat$_fireFunction_Repeat_Repeat$__f_sL_13.class
-rw-rw-r--   1 travis travis   665 Apr  9 04:04 Repeat$_fireFunction_Repeat_Repeat$__f_sL_1.class
-rw-rw-r--   1 travis travis   520 Apr  9 04:04 Repeat$_fireFunction_Repeat_Repeat$__f_sL_2.class
-rw-rw-r--   1 travis travis   520 Apr  9 04:04 Repeat$_fireFunction_Repeat_Repeat$__f_sL_3.class
-rw-rw-r--   1 travis travis   520 Apr  9 04:04 Repeat$_fireFunction_Repeat_Repeat$__f_sL_5.class
-rw-rw-r--   1 travis travis   671 Apr  9 04:04 Repeat$_fireFunction_Repeat_Repeat$__f_sL_7.class
-rw-rw-r--   1 travis travis   520 Apr  9 04:04 Repeat$_fireFunction_Repeat_Repeat$__f_sL_9.class
-rw-rw-r--   1 travis travis   813 Apr  9 04:04 Repeat$_initialize_Repeat.class
-rw-rw-r--   1 travis travis   475 Apr  9 04:04 Repeat$_initialize_Repeat$__i_sL_0.class
-rw-rw-r--   1 travis travis   519 Apr  9 04:04 Repeat$_initialize_Repeat$__i_sL_3.class
-rw-rw-r--   1 travis travis 39778 Apr  9 04:04 Repeat.java
-rw-rw-r--   1 travis travis  1281 Apr  9 04:04 Repeat.mk
-rw-rw-r--   1 travis travis   520 Apr  9 04:04 Repeat$_preinitializeMethod_Repeat$__p_sL_0.class
-rw-rw-r--   1 travis travis   520 Apr  9 04:04 Repeat$_preinitializeMethod_Repeat$__p_sL_1.class
-rw-rw-r--   1 travis travis  1083 Apr  9 04:04 Repeat$_Repeat$_fireFunction_Repeat_AddSubtract_Repeat.class
-rw-rw-r--   1 travis travis   791 Apr  9 04:04 Repeat$_Repeat$_fireFunction_Repeat_AddSubtract_Repeat$__f_sL_0.class
-rw-rw-r--   1 travis travis   909 Apr  9 04:04 Repeat$_Repeat$_fireFunction_Repeat_AddSubtract_Repeat$__f_sL_1.class
-rw-rw-r--   1 travis travis   915 Apr  9 04:04 Repeat$_Repeat$_fireFunction_Repeat_AddSubtract_Repeat$__f_sL_2.class
-rw-rw-r--   1 travis travis   838 Apr  9 04:04 Repeat$_Repeat$_fireFunction_Repeat_Ramp2_Repeat$__f_sL_1.class
-rw-rw-r--   1 travis travis  1785 Apr  9 04:04 Repeat$_Repeat$_fireFunction_Repeat_Test_Repeat$__f_sL_2.class
-rw-rw-r--   1 travis travis   685 Apr  9 04:04 Repeat$_Repeat_SDF_Director_run_Repeat$__R_sL_0.class
-rw-rw-r--   1 travis travis   540 Apr  9 04:04 Repeat$_Repeat_SDF_Director_run_Repeat$__R_sL_1.class
-rw-rw-r--   1 travis travis   540 Apr  9 04:04 Repeat$_Repeat_SDF_Director_run_Repeat$__R_sL_2.class
-rw-rw-r--   1 travis travis   540 Apr  9 04:04 Repeat$_Repeat_SDF_Director_run_Repeat$__R_sL_4.class
-rw-rw-r--   1 travis travis   540 Apr  9 04:04 Repeat$_Repeat_SDF_Director_run_Repeat$__R_sL_5.class
-rw-rw-r--   1 travis travis   691 Apr  9 04:04 Repeat$_Repeat_SDF_Director_run_Repeat$__R_sL_6.class
-rw-rw-r--   1 travis travis   540 Apr  9 04:04 Repeat$_Repeat_SDF_Director_run_Repeat$__R_sL_7.class
-rw-rw-r--   1 travis travis   863 Apr  9 04:04 Repeat$_varinit_Repeat.class
-rw-rw-r--   1 travis travis   530 Apr  9 04:04 Repeat$_varinit_Repeat$__v_sL_1.class
-rw-rw-r--   1 travis travis   531 Apr  9 04:04 Repeat$_varinit_Repeat$__v_sL_2.class
-rw-rw-r--   1 travis travis   905 Apr  9 04:04 Repeat$_varinit_Repeat$__v_sL_4.class
-rw-rw-r--   1 travis travis   635 Apr  9 04:04 Repeat$_wrapup_Repeat.class
-rw-rw-r--   1 travis travis   965 Apr  9 04:04 Repeat$_wrapup_Repeat$__w_sL_1.class
-rw-rw-r--   1 travis travis   289 Apr  9 03:59 result.csv
drwxrwxr-x   3 travis travis 12288 Apr  9 04:02 Scrambler1
drwxrwxr-x   3 travis travis 20480 Apr  9 04:01 Sinewave2
drwxrwxr-x   3 travis travis 69632 Apr  9 04:02 StringCompare
drwxrwxr-x   3 travis travis 32768 Apr  9 04:02 StringFunction
drwxrwxr-x   3 travis travis 12288 Apr  9 04:03 StringLength
drwxrwxr-x   3 travis travis 57344 Apr  9 04:03 StringSimpleReplace
In "/home/travis/cg", about to execute:
drwxrwxr-x   3 travis travis 12288 Apr  9 04:04 time2
drwxrwxr-x   3 travis travis 12288 Apr  9 04:04 time5
-rw-rw-r--   1 travis travis   432 Apr  9 04:05 Token.class
-rw-rw-r--   1 travis travis   251 Apr  9 04:05 Token.java
-rw-rw-r--   1 travis travis     0 Apr  9 04:04 top.
-rw-rw-r--   1 travis travis 20502 Apr  9 03:59 top.c
-rw-rw-r--   1 travis travis  3567 Apr  9 04:04 top.class
-rw-rw-r--   1 travis travis   169 Apr  9 03:59 top.html
-rw-rw-r--   1 travis travis  7552 Apr  9 04:04 top.java
-rw-rw-r--   1 travis travis 38888 Apr  9 03:59 top.o
drwxrwxr-x   3 travis travis 57344 Apr  9 04:02 UnaryMathFunction
    javac -classpath
.:/home/travis/build/icyphy/ptII:/home/travis/build/icyphy/ptII/lib/bsh-2.0b4.j
ar:/home/travis/build/icyphy/ptII/lib/ptCal.jar:/home/travis/build/icyphy/ptII/
lib/java_cup.jar:/home/travis/build/icyphy/ptII/lib/saxon8.jar:/home/travis/bui
ld/icyphy/ptII/lib/saxon8-dom.jar:/home/travis/build/icyphy/ptII/lib/chic.jar:/
home/travis/build/icyphy/ptII/lib/ptcolt.jar:/usr/lib/jvm/java-8-oracle/lib/too
ls.jar:/home/travis/build/icyphy/ptII/vendors/misc/itext/iText.jar:/home/travis
/build/icyphy/ptII/lib/g4ltl.jar:/home/travis/build/icyphy/ptII/lib/StructuralC
oder.jar:/home/travis/build/icyphy/ptII/vendors/jai-1_1_2_01/lib/jai_core.jar:/
home/travis/build/icyphy/ptII/vendors/jai-1_1_2_01/lib/jai_codec.jar:/home/trav
is/build/icyphy/ptII/lib/jcerti.jar:/home/travis/build/icyphy/ptII/lib/javax.ma
il.jar:/home/travis/build/icyphy/ptII/vendors/JMF-2.1.1e/lib/jmf.jar:/home/trav
is/build/icyphy/ptII/lib/jna-4.0.0-variadic.jar:/home/travis/build/icyphy/ptII/
vendors/misc/joystick/Joystick.jar:/home/travis/build/icyphy/ptII/lib/ptjacl.ja
r:/home/travis/build/icyphy/ptII/lib/jsoup-1.8.2.jar:/home/travis/build/icyphy/
ptII/lib/junit-4.8.2.jar:/home/travis/build/icyphy/ptII/lib/JUnitParams-0.4.0.j
ar:/home/travis/build/icyphy/ptII/ptolemy/actor/lib/excel/jxl.jar:/home/travis/
build/icyphy/ptII/lib/jython.jar:/home/travis/build/icyphy/ptII/lib/kieler.jar:
/home/travis/build/icyphy/ptII/vendors/opencv/share/OpenCV/java/opencv-341.jar:
/home/travis/build/icyphy/ptII/lib/oscP5.jar:/home/travis/build/icyphy/ptII/lib
/nrjavaserial-3.11.0.devel.jar:/home/travis/build/icyphy/ptII/vendors/j3d/lib/j
3dcore.jar:/home/travis/build/icyphy/ptII/vendors/j3d/lib/j3dutils.jar:/home/tr
avis/build/icyphy/ptII/vendors/j3d/lib/vecmath.jar:/home/travis/build/icyphy/pt
II/ptolemy/distributed/jini/jar/jini-core.jar:/home/travis/build/icyphy/ptII/pt
olemy/distributed/jini/jar/jini-ext.jar:/home/travis/build/icyphy/ptII/ptolemy/
distributed/jini/jar/sun-util.jar:/home/travis/build/icyphy/ptII/lib/protobuf-j
ava-2.4.1.jar:/home/travis/build/icyphy/ptII/lib/org.eclipse.paho.client.mqttv3
.jar:/home/travis/build/icyphy/ptII/lib/mapss.jar:/home/travis/build/icyphy/ptI
I/ptolemy/actor/ptalon/antlr/antlr.jar:/home/travis/build/icyphy/ptII/lib/JRI.j
ar:/home/travis/build/icyphy/ptII/lib/commons-lang-2.6.jar:/home/travis/build/i
cyphy/ptII/lib/commons-logging-1.1.1.jar:/home/travis/build/icyphy/ptII/lib/soo
tclasses.jar:/home/travis/build/icyphy/ptII/ptolemy/actor/lib/database/mysql-co
nnector-java-5.1.6-bin.jar:/home/travis/build/icyphy/ptII/vendors/misc/sphinx4/
sphinx4-data-5prealpha.jar:/home/travis/build/icyphy/ptII/vendors/misc/sphinx4/
sphinx4-core-5prealpha.jar:/home/travis/build/icyphy/ptII/lib/PDFRenderer.jar:/
home/travis/build/icyphy/ptII/lib/svgSalamander.jar:/home/travis/build/icyphy/p
tII/lib/rsyntaxtextarea-2.6.0-SNAPSHOT.jar:/home/travis/build/icyphy/ptII/lib/h
azelcast-3.8.2.jar:/home/travis/build/icyphy/ptII/lib/jackson-annotations-2.9.0
.jar:/home/travis/build/icyphy/ptII/lib/jackson-core-2.9.3.jar:/home/travis/bui
ld/icyphy/ptII/lib/jackson-databind-2.9.3.jar:/home/travis/build/icyphy/ptII/li
b/netty-buffer-4.1.19.Final.jar:/home/travis/build/icyphy/ptII/lib/netty-codec-
4.1.19.Final.jar:/home/travis/build/icyphy/ptII/lib/netty-codec-dns-4.1.19.Fina
l.jar:/home/travis/build/icyphy/ptII/lib/netty-codec-http-4.1.19.Final.jar:/hom
e/travis/build/icyphy/ptII/lib/netty-codec-http2-4.1.19.Final.jar:/home/travis/
build/icyphy/ptII/lib/netty-common-4.1.19.Final.jar:/home/travis/build/icyphy/p
tII/lib/netty-handler-4.1.19.Final.jar:/home/travis/build/icyphy/ptII/lib/netty
-resolver-4.1.19.Final.jar:/home/travis/build/icyphy/ptII/lib/netty-resolver-dn
s-4.1.19.Final.jar:/home/travis/build/icyphy/ptII/lib/netty-transport-4.1.19.Fi
nal.jar:/home/travis/build/icyphy/ptII/lib/vertx-codegen-3.5.1.jar:/home/travis
/build/icyphy/ptII/lib/vertx-core-3.5.2-SNAPSHOT.jar:/home/travis/build/icyphy/
ptII/lib/vertx-hazelcast-3.5.1.jar:/home/travis/build/icyphy/ptII/lib/vertx-lan
g-js-3.5.1.jar:/home/travis/build/icyphy/ptII/lib/vertx-service-proxy-3.5.1.jar
:/home/travis/build/icyphy/ptII/lib/vertx-web-3.5.1.jar:/home/travis/build/icyp
hy/ptII/lib/slf4j-api-1.7.13.jar:/home/travis/build/icyphy/ptII/lib/slf4j-simpl
e-1.7.13.jar:/home/travis/build/icyphy/ptII/lib/webcam-capture-0.3.12.jar:/home
/travis/build/icyphy/ptII/lib/bridj-0.7.0.jar:/home/travis/build/icyphy/ptII/li
b/xbjlib-1.1.0.nrjavaserial.jar:/home/travis/build/icyphy/ptII/ptolemy/moml/tes
t:/home/travis/build/icyphy/ptII/ant/lib/ant-launcher.jar:/home/travis/build/ic
yphy/ptII/ant/lib/ant.jar:/home/travis/build/icyphy/ptII/ant/lib/ant-junit.jar:
/home/travis/build/icyphy/ptII/ant/lib/ant-junit4.jar:/home/travis/build/icyphy
/ptII
ModularCodeGenLazyPubSubGlobal_CompositeActor_ModularCodeGenTypedComposite_prof
ile.java
All Done
Writing ModularCodeGenLazyPubSubGlobal_CompositeActor_ModularCodeGenTypedComposite.java in file:/home/travis/cg/ (30161 characters)
Reading "ptolemy/cg/kernel/generic/program/procedural/java/modular/makefile.in",
    writing "/home/travis/cg/ModularCodeGenLazyPubSubGlobal_CompositeActor_ModularCodeGenTypedComposite.mk"
Using ptolemy/cg/kernel/generic/program/procedural/java/modular/makefile.in
In "/home/travis/cg", about to execute:
    make -f
ModularCodeGenLazyPubSubGlobal_CompositeActor_ModularCodeGenTypedComposite.mk
javac -classpath ".:.."    ModularCodeGenLazyPubSubGlobal_CompositeActor_ModularCodeGenTypedComposite.java
All Done
2185 ms. Memory: 155648K Free: 79214K (51%)
----------------- Invoking toplevel() on ptolemy.moml.MoMLSimpleApplication@8663e3f
----------------- Done invoking toplevel() on ptolemy.moml.MoMLSimpleApplication@8663e3f
reloadAllAccessors: .ModularCodeGenLazyPubSubGlobal

===========================================================================================
----------------- testing Tue Apr 09 04:05:51 UTC 2019 /home/travis/build/icyphy/ptII/ptolemy/cg/lib/test/auto/ModularCodeGenPubSub1.xml
----------------- Instantiating /home/travis/build/icyphy/ptII/ptolemy/cg/lib/test/auto/ModularCodeGenPubSub1.xml
In "/home/travis/cg", about to execute:
    pwd
In "/home/travis/cg", about to execute:
    ls -l
/home/travis/cg
In "/home/travis/cg", about to execute:
    javac -classpath
.:/home/travis/build/icyphy/ptII:/home/travis/build/icyphy/ptII/lib/bsh-2.0b4.j
ar:/home/travis/build/icyphy/ptII/lib/ptCal.jar:/home/travis/build/icyphy/ptII/
lib/java_cup.jar:/home/travis/build/icyphy/ptII/lib/saxon8.jar:/home/travis/bui
ld/icyphy/ptII/lib/saxon8-dom.jar:/home/travis/build/icyphy/ptII/lib/chic.jar:/
home/travis/build/icyphy/ptII/lib/ptcolt.jar:/usr/lib/jvm/java-8-oracle/lib/too
ls.jar:/home/travis/build/icyphy/ptII/vendors/misc/itext/iText.jar:/home/travis
/build/icyphy/ptII/lib/g4ltl.jar:/home/travis/build/icyphy/ptII/lib/StructuralC
oder.jar:/home/travis/build/icyphy/ptII/vendors/jai-1_1_2_01/lib/jai_core.jar:/
home/travis/build/icyphy/ptII/vendors/jai-1_1_2_01/lib/jai_codec.jar:/home/trav
is/build/icyphy/ptII/lib/jcerti.jar:/home/travis/build/icyphy/ptII/lib/javax.ma
il.jar:/home/travis/build/icyphy/ptII/vendors/JMF-2.1.1e/lib/jmf.jar:/home/trav
is/build/icyphy/ptII/lib/jna-4.0.0-variadic.jar:/home/travis/build/icyphy/ptII/
vendors/misc/joystick/Joystick.jar:/home/travis/build/icyphy/ptII/lib/ptjacl.ja
r:/home/travis/build/icyphy/ptII/lib/jsoup-1.8.2.jar:/home/travis/build/icyphy/
ptII/lib/junit-4.8.2.jar:/home/travis/build/icyphy/ptII/lib/JUnitParams-0.4.0.j
ar:/home/travis/build/icyphy/ptII/ptolemy/actor/lib/excel/jxl.jar:/home/travis/
build/icyphy/ptII/lib/jython.jar:/home/travis/build/icyphy/ptII/lib/kieler.jar:
/home/travis/build/icyphy/ptII/vendors/opencv/share/OpenCV/java/opencv-341.jar:
/home/travis/build/icyphy/ptII/lib/oscP5.jar:/home/travis/build/icyphy/ptII/lib
/nrjavaserial-3.11.0.devel.jar:/home/travis/build/icyphy/ptII/vendors/j3d/lib/j
3dcore.jar:/home/travis/build/icyphy/ptII/vendors/j3d/lib/j3dutils.jar:/home/tr
avis/build/icyphy/ptII/vendors/j3d/lib/vecmath.jar:/home/travis/build/icyphy/pt
II/ptolemy/distributed/jini/jar/jini-core.jar:/home/travis/build/icyphy/ptII/pt
olemy/distributed/jini/jar/jini-ext.jar:/home/travis/build/icyphy/ptII/ptolemy/
distributed/jini/jar/sun-util.jar:/home/travis/build/icyphy/ptII/lib/protobuf-j
ava-2.4.1.jar:/home/travis/build/icyphy/ptII/lib/org.eclipse.paho.client.mqttv3
.jar:/home/travis/build/icyphy/ptII/lib/mapss.jar:/home/travis/build/icyphy/ptI
I/ptolemy/actor/ptalon/antlr/antlr.jar:/home/travis/build/icyphy/ptII/lib/JRI.j
ar:/home/travis/build/icyphy/ptII/lib/commons-lang-2.6.jar:/home/travis/build/i
cyphy/ptII/lib/commons-logging-1.1.1.jar:/home/travis/build/icyphy/ptII/lib/soo
tclasses.jar:/home/travis/build/icyphy/ptII/ptolemy/actor/lib/database/mysql-co
nnector-java-5.1.6-bin.jar:/home/travis/build/icyphy/ptII/vendors/misc/sphinx4/
sphinx4-data-5prealpha.jar:/home/travis/build/icyphy/ptII/vendors/misc/sphinx4/
sphinx4-core-5prealpha.jar:/home/travis/build/icyphy/ptII/lib/PDFRenderer.jar:/
home/travis/build/icyphy/ptII/lib/svgSalamander.jar:/home/travis/build/icyphy/p
tII/lib/rsyntaxtextarea-2.6.0-SNAPSHOT.jar:/home/travis/build/icyphy/ptII/lib/h
azelcast-3.8.2.jar:/home/travis/build/icyphy/ptII/lib/jackson-annotations-2.9.0
.jar:/home/travis/build/icyphy/ptII/lib/jackson-core-2.9.3.jar:/home/travis/bui
ld/icyphy/ptII/lib/jackson-databind-2.9.3.jar:/home/travis/build/icyphy/ptII/li
b/netty-buffer-4.1.19.Final.jar:/home/travis/build/icyphy/ptII/lib/netty-codec-
4.1.19.Final.jar:/home/travis/build/icyphy/ptII/lib/netty-codec-dns-4.1.19.Fina
l.jar:/home/travis/build/icyphy/ptII/lib/netty-codec-http-4.1.19.Final.jar:/hom
e/travis/build/icyphy/ptII/lib/netty-codec-http2-4.1.19.Final.jar:/home/travis/
build/icyphy/ptII/lib/netty-common-4.1.19.Final.jar:/home/travis/build/icyphy/p
tII/lib/netty-handler-4.1.19.Final.jar:/home/travis/build/icyphy/ptII/lib/netty
-resolver-4.1.19.Final.jar:/home/travis/build/icyphy/ptII/lib/netty-resolver-dn
s-4.1.19.Final.jar:/home/travis/build/icyphy/ptII/lib/netty-transport-4.1.19.Fi
nal.jar:/home/travis/build/icyphy/ptII/lib/vertx-codegen-3.5.1.jar:/home/travis
/build/icyphy/ptII/lib/vertx-core-3.5.2-SNAPSHOT.jar:/home/travis/build/icyphy/
ptII/lib/vertx-hazelcast-3.5.1.jar:/home/travis/build/icyphy/ptII/lib/vertx-lan
g-js-3.5.1.jar:/home/travis/build/icyphy/ptII/lib/vertx-service-proxy-3.5.1.jar
:/home/travis/build/icyphy/ptII/lib/vertx-web-3.5.1.jar:/home/travis/build/icyp
hy/ptII/lib/slf4j-api-1.7.13.jar:/home/travis/build/icyphy/ptII/lib/slf4j-simpl
e-1.7.13.jar:/home/travis/build/icyphy/ptII/lib/webcam-capture-0.3.12.jar:/home
/travis/build/icyphy/ptII/lib/bridj-0.7.0.jar:/home/travis/build/icyphy/ptII/li
b/xbjlib-1.1.0.nrjavaserial.jar:/home/travis/build/icyphy/ptII/ptolemy/moml/tes
t:/home/travis/build/icyphy/ptII/ant/lib/ant-launcher.jar:/home/travis/build/ic
yphy/ptII/ant/lib/ant.jar:/home/travis/build/icyphy/ptII/ant/lib/ant-junit.jar:
/home/travis/build/icyphy/ptII/ant/lib/ant-junit4.jar:/home/travis/build/icyphy
/ptII ModularCodeGenPubSub_A1_profile.java
total 2024
drwxrwxr-x   3 travis travis 12288 Apr  9 04:00 AbsoluteValue
-rw-rw-r--   1 travis travis   233 Apr  9 04:05 Array.class
-rw-rw-r--   1 travis travis   459 Apr  9 04:05 Array.java
drwxrwxr-x   3 travis travis 16384 Apr  9 04:00 Case1
drwxrwxr-x   3 travis travis 32768 Apr  9 04:00 Case2
-rw-rw-r--   1 travis travis  4895 Apr  9 04:04 CompiledCompositeActor_CompiledCompositeActor.class
-rw-rw-r--   1 travis travis  1592 Apr  9 04:04 CompiledCompositeActor_CompiledCompositeActor$_CompiledCompositeActor_CompiledCompositeActor.class
-rw-rw-r--   1 travis travis 13466 Apr  9 04:04 CompiledCompositeActor_CompiledCompositeActor.java
-rw-rw-r--   1 travis travis  1593 Apr  9 04:04 CompiledCompositeActor_CompiledCompositeActor.mk
drwxrwxr-x   3 travis travis 24576 Apr  9 04:02 DeScrambler
drwxrwxr-x   3 travis travis 16384 Apr  9 04:04 DotProduct
drwxrwxr-x   3 travis travis 12288 Apr  9 04:00 FileWriter1
drwxrwxr-x   3 travis travis 20480 Apr  9 04:00 FixToDoubleAndBack
drwxrwxr-x   3 travis travis 16384 Apr  9 04:00 Gaussian1
drwxrwxr-x   3 travis travis 20480 Apr  9 04:00 Gaussian2
-rw-rw-r--   1 travis travis  4457 Apr  9 04:04 JavaCompiledCompositeTest1_CompiledCompositeActor.class
-rw-rw-r--   1 travis travis 11637 Apr  9 04:04 JavaCompiledCompositeTest1_CompiledCompositeActor.java
-rw-rw-r--   1 travis travis  1198 Apr  9 04:04 JavaCompiledCompositeTest1_CompiledCompositeActor$_JavaCompiledCompositeTest1_CompiledCompositeActor.class
-rw-rw-r--   1 travis travis  1625 Apr  9 04:04 JavaCompiledCompositeTest1_CompiledCompositeActor.mk
-rw-rw-r--   1 travis travis  4888 Apr  9 04:04 JavaCompiledCompositeTest2_CompiledCompositeActor.class
-rw-rw-r--   1 travis travis 14919 Apr  9 04:04 JavaCompiledCompositeTest2_CompiledCompositeActor.java
-rw-rw-r--   1 travis travis  1793 Apr  9 04:04 JavaCompiledCompositeTest2_CompiledCompositeActor$_JavaCompiledCompositeTest2_CompiledCompositeActor.class
-rw-rw-r--   1 travis travis  1625 Apr  9 04:04 JavaCompiledCompositeTest2_CompiledCompositeActor.mk
-rw-rw-r--   1 travis travis  4505 Apr  9 04:04 JavaCompiledCompositeTest3_CompiledCompositeActor.class
-rw-rw-r--   1 travis travis 13080 Apr  9 04:04 JavaCompiledCompositeTest3_CompiledCompositeActor.java
-rw-rw-r--   1 travis travis  1378 Apr  9 04:04 JavaCompiledCompositeTest3_CompiledCompositeActor$_JavaCompiledCompositeTest3_CompiledCompositeActor.class
-rw-rw-r--   1 travis travis  1625 Apr  9 04:04 JavaCompiledCompositeTest3_CompiledCompositeActor.mk
-rw-rw-r--   1 travis travis  3953 Apr  9 04:04 JavaCompiledCompositeTest4_CompiledCompositeActor.class
-rw-rw-r--   1 travis travis  9687 Apr  9 04:04 JavaCompiledCompositeTest4_CompiledCompositeActor.java
-rw-rw-r--   1 travis travis   857 Apr  9 04:04 JavaCompiledCompositeTest4_CompiledCompositeActor$_JavaCompiledCompositeTest4_CompiledCompositeActor.class
-rw-rw-r--   1 travis travis  1625 Apr  9 04:04 JavaCompiledCompositeTest4_CompiledCompositeActor.mk
drwxrwxr-x   3 travis travis 12288 Apr  9 04:01 LookupTable
drwxrwxr-x   3 travis travis 20480 Apr  9 04:01 MaxIndex
-rw-rw-r--   1 travis travis  3693 Apr  9 04:04 ModularCG_A1_B1.class
-rw-rw-r--   1 travis travis  9730 Apr  9 04:04 ModularCG_A1_B1.java
-rw-rw-r--   1 travis travis   832 Apr  9 04:04 ModularCG_A1_B1.mk
-rw-rw-r--   1 travis travis  1318 Apr  9 04:04 ModularCG_A1_B1_profile.class
-rw-rw-r--   1 travis travis  1262 Apr  9 04:04 ModularCG_A1_B1_profile.java
-rw-rw-r--   1 travis travis  3693 Apr  9 04:04 ModularCG_A1_B2.class
-rw-rw-r--   1 travis travis  9730 Apr  9 04:04 ModularCG_A1_B2.java
-rw-rw-r--   1 travis travis   832 Apr  9 04:04 ModularCG_A1_B2.mk
-rw-rw-r--   1 travis travis  1318 Apr  9 04:04 ModularCG_A1_B2_profile.class
-rw-rw-r--   1 travis travis  1262 Apr  9 04:04 ModularCG_A1_B2_profile.java
-rw-rw-r--   1 travis travis  4799 Apr  9 04:04 ModularCG_A1.class
-rw-rw-r--   1 travis travis 14742 Apr  9 04:04 ModularCG_A1.java
-rw-rw-r--   1 travis travis   808 Apr  9 04:04 ModularCG_A1.mk
-rw-rw-r--   1 travis travis  1433 Apr  9 04:04 ModularCG_A1_profile.class
-rw-rw-r--   1 travis travis  1704 Apr  9 04:04 ModularCG_A1_profile.java
-rw-rw-r--   1 travis travis  3827 Apr  9 04:04 ModularCG_A2_B1.class
-rw-rw-r--   1 travis travis 10667 Apr  9 04:04 ModularCG_A2_B1.java
-rw-rw-r--   1 travis travis   832 Apr  9 04:04 ModularCG_A2_B1.mk
-rw-rw-r--   1 travis travis  1381 Apr  9 04:04 ModularCG_A2_B1_profile.class
-rw-rw-r--   1 travis travis  1446 Apr  9 04:04 ModularCG_A2_B1_profile.java
-rw-rw-r--   1 travis travis  3693 Apr  9 04:04 ModularCG_A2_B2.class
-rw-rw-r--   1 travis travis  9730 Apr  9 04:04 ModularCG_A2_B2.java
-rw-rw-r--   1 travis travis   832 Apr  9 04:04 ModularCG_A2_B2.mk
-rw-rw-r--   1 travis travis  1318 Apr  9 04:04 ModularCG_A2_B2_profile.class
-rw-rw-r--   1 travis travis  1262 Apr  9 04:04 ModularCG_A2_B2_profile.java
-rw-rw-r--   1 travis travis  4870 Apr  9 04:05 ModularCG_A2.class
-rw-rw-r--   1 travis travis 15129 Apr  9 04:05 ModularCG_A2.java
-rw-rw-r--   1 travis travis   808 Apr  9 04:05 ModularCG_A2.mk
-rw-rw-r--   1 travis travis  1433 Apr  9 04:05 ModularCG_A2_profile.class
-rw-rw-r--   1 travis travis  1704 Apr  9 04:04 ModularCG_A2_profile.java
-rw-rw-r--   1 travis travis  3473 Apr  9 04:05 ModularCGPubSub_A1_A2.class
-rw-rw-r--   1 travis travis  9076 Apr  9 04:05 ModularCGPubSub_A1_A2.java
-rw-rw-r--   1 travis travis   880 Apr  9 04:05 ModularCGPubSub_A1_A2.mk
-rw-rw-r--   1 travis travis  1300 Apr  9 04:05 ModularCGPubSub_A1_A2_profile.class
-rw-rw-r--   1 travis travis  1222 Apr  9 04:05 ModularCGPubSub_A1_A2_profile.java
-rw-rw-r--   1 travis travis  3790 Apr  9 04:05 ModularCGPubSub_A1.class
-rw-rw-r--   1 travis travis  9836 Apr  9 04:05 ModularCGPubSub_A1.java
-rw-rw-r--   1 travis travis   856 Apr  9 04:05 ModularCGPubSub_A1.mk
-rw-rw-r--   1 travis travis  1346 Apr  9 04:05 ModularCGPubSub_A1_profile.class
-rw-rw-r--   1 travis travis  1388 Apr  9 04:05 ModularCGPubSub_A1_profile.java
-rw-rw-r--   1 travis travis  3988 Apr  9 04:05 ModularCodeGen2_ModularCodeGenTypedCompositeActor.class
-rw-rw-r--   1 travis travis 11690 Apr  9 04:05 ModularCodeGen2_ModularCodeGenTypedCompositeActor.java
-rw-rw-r--   1 travis travis  1104 Apr  9 04:05 ModularCodeGen2_ModularCodeGenTypedCompositeActor.mk
-rw-rw-r--   1 travis travis  4272 Apr  9 04:05 ModularCodeGen2_ModularCodeGenTypedCompositeActor_ModularCodeGenTypedCompositeActor.class
-rw-rw-r--   1 travis travis 11790 Apr  9 04:05 ModularCodeGen2_ModularCodeGenTypedCompositeActor_ModularCodeGenTypedCompositeActor.java
-rw-rw-r--   1 travis travis  1376 Apr  9 04:05 ModularCodeGen2_ModularCodeGenTypedCompositeActor_ModularCodeGenTypedCompositeActor.mk
-rw-rw-r--   1 travis travis  1421 Apr  9 04:05 ModularCodeGen2_ModularCodeGenTypedCompositeActor_ModularCodeGenTypedCompositeActor_profile.class
-rw-rw-r--   1 travis travis  1294 Apr  9 04:05 ModularCodeGen2_ModularCodeGenTypedCompositeActor_ModularCodeGenTypedCompositeActor_profile.java
-rw-rw-r--   1 travis travis   820 Apr  9 04:05 ModularCodeGen2_ModularCodeGenTypedCompositeActor_profile.class
-rw-rw-r--   1 travis travis   693 Apr  9 04:05 ModularCodeGen2_ModularCodeGenTypedCompositeActor_profile.java
-rw-rw-r--   1 travis travis  3741 Apr  9 04:05 ModularCodeGen3_A1_B1.class
-rw-rw-r--   1 travis travis  9958 Apr  9 04:05 ModularCodeGen3_A1_B1.java
-rw-rw-r--   1 travis travis   880 Apr  9 04:05 ModularCodeGen3_A1_B1.mk
-rw-rw-r--   1 travis travis  1330 Apr  9 04:05 ModularCodeGen3_A1_B1_profile.class
-rw-rw-r--   1 travis travis  1274 Apr  9 04:05 ModularCodeGen3_A1_B1_profile.java
-rw-rw-r--   1 travis travis  3741 Apr  9 04:05 ModularCodeGen3_A1_B2.class
-rw-rw-r--   1 travis travis  9958 Apr  9 04:05 ModularCodeGen3_A1_B2.java
-rw-rw-r--   1 travis travis   880 Apr  9 04:05 ModularCodeGen3_A1_B2.mk
-rw-rw-r--   1 travis travis  1330 Apr  9 04:05 ModularCodeGen3_A1_B2_profile.class
-rw-rw-r--   1 travis travis  1274 Apr  9 04:05 ModularCodeGen3_A1_B2_profile.java
-rw-rw-r--   1 travis travis  4961 Apr  9 04:05 ModularCodeGen3_A1.class
-rw-rw-r--   1 travis travis 15564 Apr  9 04:05 ModularCodeGen3_A1.java
-rw-rw-r--   1 travis travis   856 Apr  9 04:05 ModularCodeGen3_A1.mk
-rw-rw-r--   1 travis travis  1445 Apr  9 04:05 ModularCodeGen3_A1_profile.class
-rw-rw-r--   1 travis travis  1716 Apr  9 04:05 ModularCodeGen3_A1_profile.java
-rw-rw-r--   1 travis travis  3887 Apr  9 04:05 ModularCodeGen3_A2_B1.class
-rw-rw-r--   1 travis travis 10955 Apr  9 04:05 ModularCodeGen3_A2_B1.java
-rw-rw-r--   1 travis travis   880 Apr  9 04:05 ModularCodeGen3_A2_B1.mk
-rw-rw-r--   1 travis travis  1393 Apr  9 04:05 ModularCodeGen3_A2_B1_profile.class
-rw-rw-r--   1 travis travis  1458 Apr  9 04:05 ModularCodeGen3_A2_B1_profile.java
-rw-rw-r--   1 travis travis  3741 Apr  9 04:05 ModularCodeGen3_A2_B2.class
-rw-rw-r--   1 travis travis  9958 Apr  9 04:05 ModularCodeGen3_A2_B2.java
-rw-rw-r--   1 travis travis   880 Apr  9 04:05 ModularCodeGen3_A2_B2.mk
-rw-rw-r--   1 travis travis  1330 Apr  9 04:05 ModularCodeGen3_A2_B2_profile.class
-rw-rw-r--   1 travis travis  1274 Apr  9 04:05 ModularCodeGen3_A2_B2_profile.java
-rw-rw-r--   1 travis travis  5038 Apr  9 04:05 ModularCodeGen3_A2.class
-rw-rw-r--   1 travis travis 15957 Apr  9 04:05 ModularCodeGen3_A2.java
-rw-rw-r--   1 travis travis   856 Apr  9 04:05 ModularCodeGen3_A2.mk
-rw-rw-r--   1 travis travis  1445 Apr  9 04:05 ModularCodeGen3_A2_profile.class
-rw-rw-r--   1 travis travis  1716 Apr  9 04:05 ModularCodeGen3_A2_profile.java
-rw-rw-r--   1 travis travis  3794 Apr  9 04:05 ModularCodeGen4_A1_B1.class
-rw-rw-r--   1 travis travis 10312 Apr  9 04:05 ModularCodeGen4_A1_B1.java
-rw-rw-r--   1 travis travis   880 Apr  9 04:05 ModularCodeGen4_A1_B1.mk
-rw-rw-r--   1 travis travis  1330 Apr  9 04:05 ModularCodeGen4_A1_B1_profile.class
-rw-rw-r--   1 travis travis  1273 Apr  9 04:05 ModularCodeGen4_A1_B1_profile.java
-rw-rw-r--   1 travis travis  3794 Apr  9 04:05 ModularCodeGen4_A1_B2.class
-rw-rw-r--   1 travis travis 10312 Apr  9 04:05 ModularCodeGen4_A1_B2.java
-rw-rw-r--   1 travis travis   880 Apr  9 04:05 ModularCodeGen4_A1_B2.mk
-rw-rw-r--   1 travis travis  1330 Apr  9 04:05 ModularCodeGen4_A1_B2_profile.class
-rw-rw-r--   1 travis travis  1273 Apr  9 04:05 ModularCodeGen4_A1_B2_profile.java
-rw-rw-r--   1 travis travis  5101 Apr  9 04:05 ModularCodeGen4_A1.class
-rw-rw-r--   1 travis travis 16245 Apr  9 04:05 ModularCodeGen4_A1.java
-rw-rw-r--   1 travis travis   856 Apr  9 04:05 ModularCodeGen4_A1.mk
-rw-rw-r--   1 travis travis  1445 Apr  9 04:05 ModularCodeGen4_A1_profile.class
-rw-rw-r--   1 travis travis  1712 Apr  9 04:05 ModularCodeGen4_A1_profile.java
-rw-rw-r--   1 travis travis  3988 Apr  9 04:05 ModularCodeGen4_A2_B1.class
-rw-rw-r--   1 travis travis 11375 Apr  9 04:05 ModularCodeGen4_A2_B1.java
-rw-rw-r--   1 travis travis   880 Apr  9 04:05 ModularCodeGen4_A2_B1.mk
-rw-rw-r--   1 travis travis  1393 Apr  9 04:05 ModularCodeGen4_A2_B1_profile.class
-rw-rw-r--   1 travis travis  1454 Apr  9 04:05 ModularCodeGen4_A2_B1_profile.java
-rw-rw-r--   1 travis travis  3842 Apr  9 04:05 ModularCodeGen4_A2_B2.class
-rw-rw-r--   1 travis travis 10378 Apr  9 04:05 ModularCodeGen4_A2_B2.java
-rw-rw-r--   1 travis travis   880 Apr  9 04:05 ModularCodeGen4_A2_B2.mk
-rw-rw-r--   1 travis travis  1330 Apr  9 04:05 ModularCodeGen4_A2_B2_profile.class
-rw-rw-r--   1 travis travis  1270 Apr  9 04:05 ModularCodeGen4_A2_B2_profile.java
-rw-rw-r--   1 travis travis  5274 Apr  9 04:05 ModularCodeGen4_A2.class
-rw-rw-r--   1 travis travis 16770 Apr  9 04:05 ModularCodeGen4_A2.java
-rw-rw-r--   1 travis travis   856 Apr  9 04:05 ModularCodeGen4_A2.mk
-rw-rw-r--   1 travis travis  1445 Apr  9 04:05 ModularCodeGen4_A2_profile.class
-rw-rw-r--   1 travis travis  1712 Apr  9 04:05 ModularCodeGen4_A2_profile.java
-rw-rw-r--   1 travis travis  6838 Apr  9 04:05 ModularCodeGen5_A_A.class
-rw-rw-r--   1 travis travis 28721 Apr  9 04:05 ModularCodeGen5_A_A.java
-rw-rw-r--   1 travis travis   864 Apr  9 04:05 ModularCodeGen5_A_A.mk
-rw-rw-r--   1 travis travis  1520 Apr  9 04:05 ModularCodeGen5_A_A_profile.class
-rw-rw-r--   1 travis travis  1815 Apr  9 04:05 ModularCodeGen5_A_A_profile.java
-rw-rw-r--   1 travis travis  5115 Apr  9 04:05 ModularCodeGen5_A.class
-rw-rw-r--   1 travis travis 13769 Apr  9 04:05 ModularCodeGen5_A.java
-rw-rw-r--   1 travis travis   848 Apr  9 04:05 ModularCodeGen5_A.mk
-rw-rw-r--   1 travis travis  1422 Apr  9 04:05 ModularCodeGen5_A_profile.class
-rw-rw-r--   1 travis travis  1605 Apr  9 04:05 ModularCodeGen5_A_profile.java
-rw-rw-r--   1 travis travis  4125 Apr  9 04:05 ModularCodeGen6_A_A2.class
-rw-rw-r--   1 travis travis 11329 Apr  9 04:05 ModularCodeGen6_A_A2.java
-rw-rw-r--   1 travis travis   872 Apr  9 04:05 ModularCodeGen6_A_A2.mk
-rw-rw-r--   1 travis travis  1351 Apr  9 04:05 ModularCodeGen6_A_A2_profile.class
-rw-rw-r--   1 travis travis  1364 Apr  9 04:05 ModularCodeGen6_A_A2_profile.java
-rw-rw-r--   1 travis travis  4108 Apr  9 04:05 ModularCodeGen6_A_A.class
-rw-rw-r--   1 travis travis 11221 Apr  9 04:05 ModularCodeGen6_A_A.java
-rw-rw-r--   1 travis travis   864 Apr  9 04:05 ModularCodeGen6_A_A.mk
-rw-rw-r--   1 travis travis  1348 Apr  9 04:05 ModularCodeGen6_A_A_profile.class
-rw-rw-r--   1 travis travis  1361 Apr  9 04:05 ModularCodeGen6_A_A_profile.java
-rw-rw-r--   1 travis travis  7237 Apr  9 04:05 ModularCodeGen6_A.class
-rw-rw-r--   1 travis travis 26535 Apr  9 04:05 ModularCodeGen6_A.java
-rw-rw-r--   1 travis travis   848 Apr  9 04:05 ModularCodeGen6_A.mk
-rw-rw-r--   1 travis travis  1483 Apr  9 04:05 ModularCodeGen6_A_profile.class
-rw-rw-r--   1 travis travis  1810 Apr  9 04:05 ModularCodeGen6_A_profile.java
-rw-rw-r--   1 travis travis  9439 Apr  9 04:05 ModularCodeGenLazyPubSubGlobal_CompositeActor_ModularCodeGenTypedComposite.class
-rw-rw-r--   1 travis travis 30161 Apr  9 04:05 ModularCodeGenLazyPubSubGlobal_CompositeActor_ModularCodeGenTypedComposite.java
-rw-rw-r--   1 travis travis  1304 Apr  9 04:05 ModularCodeGenLazyPubSubGlobal_CompositeActor_ModularCodeGenTypedComposite.mk
-rw-rw-r--   1 travis travis  1438 Apr  9 04:05 ModularCodeGenLazyPubSubGlobal_CompositeActor_ModularCodeGenTypedComposite_profile.class
-rw-rw-r--   1 travis travis  1384 Apr  9 04:05 ModularCodeGenLazyPubSubGlobal_CompositeActor_ModularCodeGenTypedComposite_profile.java
-rw-rw-r--   1 travis travis  3952 Apr  9 04:05 ModularCodeGenLazyPubSub_LazyCompositeActor.class
-rw-rw-r--   1 travis travis 11122 Apr  9 04:05 ModularCodeGenLazyPubSub_LazyCompositeActor.java
-rw-rw-r--   1 travis travis  1056 Apr  9 04:05 ModularCodeGenLazyPubSub_LazyCompositeActor.mk
-rw-rw-r--   1 travis travis  1286 Apr  9 04:05 ModularCodeGenLazyPubSub_LazyCompositeActor_profile.class
-rw-rw-r--   1 travis travis  1091 Apr  9 04:05 ModularCodeGenLazyPubSub_LazyCompositeActor_profile.java
-rw-rw-r--   1 travis travis  3954 Apr  9 04:05 ModularCodeGen_ModularCodeGenTypedCompositeActor.class
-rw-rw-r--   1 travis travis 10970 Apr  9 04:05 ModularCodeGen_ModularCodeGenTypedCompositeActor.java
-rw-rw-r--   1 travis travis  1096 Apr  9 04:05 ModularCodeGen_ModularCodeGenTypedCompositeActor.mk
-rw-rw-r--   1 travis travis  1384 Apr  9 04:05 ModularCodeGen_ModularCodeGenTypedCompositeActor_profile.class
-rw-rw-r--   1 travis travis  1328 Apr  9 04:05 ModularCodeGen_ModularCodeGenTypedCompositeActor_profile.java
-rw-rw-r--   1 travis travis  1195 Apr  9 04:05 ModularCodeGenPubSub_A1_profile.java
-rw-rw-r--   1 travis travis  3492 Apr  9 04:04 ModularCodeGenTest_A1_A2.class
-rw-rw-r--   1 travis travis   904 Apr  9 04:04 ModularCodeGenTest_A1_A2.mk
-rw-rw-r--   1 travis travis  1306 Apr  9 04:04 ModularCodeGenTest_A1_A2_profile.class
-rw-rw-r--   1 travis travis  3823 Apr  9 04:04 ModularCodeGenTest_A1.class
-rw-rw-r--   1 travis travis  9968 Apr  9 04:04 ModularCodeGenTest_A1.java
-rw-rw-r--   1 travis travis   880 Apr  9 04:04 ModularCodeGenTest_A1.mk
-rw-rw-r--   1 travis travis  1352 Apr  9 04:04 ModularCodeGenTest_A1_profile.class
-rw-rw-r--   1 travis travis  1394 Apr  9 04:04 ModularCodeGenTest_A1_profile.java
drwxrwxr-x   3 travis travis 36864 Apr  9 04:04 modulation2
drwxrwxr-x   3 travis travis 20480 Apr  9 04:01 Multiplexor
drwxrwxr-x 242 travis travis 12288 Apr  9 04:04 node_modules
drwxrwxr-x   3 travis travis 20480 Apr  9 04:01 PhaseUnwrap
-rw-rw-r--   1 travis travis   520 Apr  9 04:04 Repeat$_fireFunction_Repeat_Repeat$__f_sL_0.class
-rw-rw-r--   1 travis travis   522 Apr  9 04:04 Repeat$_fireFunction_Repeat_Repeat$__f_sL_10.class
-rw-rw-r--   1 travis travis   666 Apr  9 04:04 Repeat$_fireFunction_Repeat_Repeat$__f_sL_11.class
-rw-rw-r--   1 travis travis   522 Apr  9 04:04 Repeat$_fireFunction_Repeat_Repeat$__f_sL_13.class
-rw-rw-r--   1 travis travis   665 Apr  9 04:04 Repeat$_fireFunction_Repeat_Repeat$__f_sL_1.class
-rw-rw-r--   1 travis travis   520 Apr  9 04:04 Repeat$_fireFunction_Repeat_Repeat$__f_sL_2.class
-rw-rw-r--   1 travis travis   520 Apr  9 04:04 Repeat$_fireFunction_Repeat_Repeat$__f_sL_3.class
-rw-rw-r--   1 travis travis   520 Apr  9 04:04 Repeat$_fireFunction_Repeat_Repeat$__f_sL_5.class
-rw-rw-r--   1 travis travis   671 Apr  9 04:04 Repeat$_fireFunction_Repeat_Repeat$__f_sL_7.class
-rw-rw-r--   1 travis travis   520 Apr  9 04:04 Repeat$_fireFunction_Repeat_Repeat$__f_sL_9.class
-rw-rw-r--   1 travis travis   813 Apr  9 04:04 Repeat$_initialize_Repeat.class
-rw-rw-r--   1 travis travis   475 Apr  9 04:04 Repeat$_initialize_Repeat$__i_sL_0.class
-rw-rw-r--   1 travis travis   519 Apr  9 04:04 Repeat$_initialize_Repeat$__i_sL_3.class
-rw-rw-r--   1 travis travis 39778 Apr  9 04:04 Repeat.java
-rw-rw-r--   1 travis travis  1281 Apr  9 04:04 Repeat.mk
-rw-rw-r--   1 travis travis   520 Apr  9 04:04 Repeat$_preinitializeMethod_Repeat$__p_sL_0.class
-rw-rw-r--   1 travis travis   520 Apr  9 04:04 Repeat$_preinitializeMethod_Repeat$__p_sL_1.class
-rw-rw-r--   1 travis travis  1083 Apr  9 04:04 Repeat$_Repeat$_fireFunction_Repeat_AddSubtract_Repeat.class
-rw-rw-r--   1 travis travis   791 Apr  9 04:04 Repeat$_Repeat$_fireFunction_Repeat_AddSubtract_Repeat$__f_sL_0.class
-rw-rw-r--   1 travis travis   909 Apr  9 04:04 Repeat$_Repeat$_fireFunction_Repeat_AddSubtract_Repeat$__f_sL_1.class
-rw-rw-r--   1 travis travis   915 Apr  9 04:04 Repeat$_Repeat$_fireFunction_Repeat_AddSubtract_Repeat$__f_sL_2.class
-rw-rw-r--   1 travis travis   838 Apr  9 04:04 Repeat$_Repeat$_fireFunction_Repeat_Ramp2_Repeat$__f_sL_1.class
-rw-rw-r--   1 travis travis  1785 Apr  9 04:04 Repeat$_Repeat$_fireFunction_Repeat_Test_Repeat$__f_sL_2.class
-rw-rw-r--   1 travis travis   685 Apr  9 04:04 Repeat$_Repeat_SDF_Director_run_Repeat$__R_sL_0.class
-rw-rw-r--   1 travis travis   540 Apr  9 04:04 Repeat$_Repeat_SDF_Director_run_Repeat$__R_sL_1.class
-rw-rw-r--   1 travis travis   540 Apr  9 04:04 Repeat$_Repeat_SDF_Director_run_Repeat$__R_sL_2.class
-rw-rw-r--   1 travis travis   540 Apr  9 04:04 Repeat$_Repeat_SDF_Director_run_Repeat$__R_sL_4.class
-rw-rw-r--   1 travis travis   540 Apr  9 04:04 Repeat$_Repeat_SDF_Director_run_Repeat$__R_sL_5.class
-rw-rw-r--   1 travis travis   691 Apr  9 04:04 Repeat$_Repeat_SDF_Director_run_Repeat$__R_sL_6.class
-rw-rw-r--   1 travis travis   540 Apr  9 04:04 Repeat$_Repeat_SDF_Director_run_Repeat$__R_sL_7.class
-rw-rw-r--   1 travis travis   863 Apr  9 04:04 Repeat$_varinit_Repeat.class
-rw-rw-r--   1 travis travis   530 Apr  9 04:04 Repeat$_varinit_Repeat$__v_sL_1.class
-rw-rw-r--   1 travis travis   531 Apr  9 04:04 Repeat$_varinit_Repeat$__v_sL_2.class
-rw-rw-r--   1 travis travis   905 Apr  9 04:04 Repeat$_varinit_Repeat$__v_sL_4.class
-rw-rw-r--   1 travis travis   635 Apr  9 04:04 Repeat$_wrapup_Repeat.class
-rw-rw-r--   1 travis travis   965 Apr  9 04:04 Repeat$_wrapup_Repeat$__w_sL_1.class
-rw-rw-r--   1 travis travis   289 Apr  9 03:59 result.csv
drwxrwxr-x   3 travis travis 12288 Apr  9 04:02 Scrambler1
drwxrwxr-x   3 travis travis 20480 Apr  9 04:01 Sinewave2
drwxrwxr-x   3 travis travis 69632 Apr  9 04:02 StringCompare
drwxrwxr-x   3 travis travis 32768 Apr  9 04:02 StringFunction
drwxrwxr-x   3 travis travis 12288 Apr  9 04:03 StringLength
drwxrwxr-x   3 travis travis 57344 Apr  9 04:03 StringSimpleReplace
drwxrwxr-x   3 travis travis 12288 Apr  9 04:04 time2
drwxrwxr-x   3 travis travis 12288 Apr  9 04:04 time5
-rw-rw-r--   1 travis travis   432 Apr  9 04:05 Token.class
-rw-rw-r--   1 travis travis   251 Apr  9 04:05 Token.java
-rw-rw-r--   1 travis travis     0 Apr  9 04:04 top.
-rw-rw-r--   1 travis travis 20502 Apr  9 03:59 top.c
-rw-rw-r--   1 travis travis  3567 Apr  9 04:04 top.class
-rw-rw-r--   1 travis travis   169 Apr  9 03:59 top.html
-rw-rw-r--   1 travis travis  7552 Apr  9 04:04 top.java
-rw-rw-r--   1 travis travis 38888 Apr  9 03:59 top.o
drwxrwxr-x   3 travis travis 57344 Apr  9 04:02 UnaryMathFunction
All Done
Writing ModularCodeGenPubSub_A1.java in file:/home/travis/cg/ (9060 characters)
Reading "ptolemy/cg/kernel/generic/program/procedural/java/modular/makefile.in",
    writing "/home/travis/cg/ModularCodeGenPubSub_A1.mk"
Using ptolemy/cg/kernel/generic/program/procedural/java/modular/makefile.in
In "/home/travis/cg", about to execute:
    make -f ModularCodeGenPubSub_A1.mk
javac -classpath ".:.."    ModularCodeGenPubSub_A1.java
All Done
2019 ms. Memory: 154112K Free: 97695K (63%)
----------------- Invoking toplevel() on ptolemy.moml.MoMLSimpleApplication@6e17936d
----------------- Done invoking toplevel() on ptolemy.moml.MoMLSimpleApplication@6e17936d
reloadAllAccessors: .ModularCodeGenPubSub

===========================================================================================
----------------- testing Tue Apr 09 04:05:53 UTC 2019 /home/travis/build/icyphy/ptII/ptolemy/cg/lib/test/auto/ModularCodeGenPubSub2.xml
----------------- Instantiating /home/travis/build/icyphy/ptII/ptolemy/cg/lib/test/auto/ModularCodeGenPubSub2.xml
In "/home/travis/cg", about to execute:
    pwd
In "/home/travis/cg", about to execute:
    ls -l
/home/travis/cg
In "/home/travis/cg", about to execute:
    javac -classpath
.:/home/travis/build/icyphy/ptII:/home/travis/build/icyphy/ptII/lib/bsh-2.0b4.j
ar:/home/travis/build/icyphy/ptII/lib/ptCal.jar:/home/travis/build/icyphy/ptII/
lib/java_cup.jar:/home/travis/build/icyphy/ptII/lib/saxon8.jar:/home/travis/bui
ld/icyphy/ptII/lib/saxon8-dom.jar:/home/travis/build/icyphy/ptII/lib/chic.jar:/
home/travis/build/icyphy/ptII/lib/ptcolt.jar:/usr/lib/jvm/java-8-oracle/lib/too
ls.jar:/home/travis/build/icyphy/ptII/vendors/misc/itext/iText.jar:/home/travis
/build/icyphy/ptII/lib/g4ltl.jar:/home/travis/build/icyphy/ptII/lib/StructuralC
oder.jar:/home/travis/build/icyphy/ptII/vendors/jai-1_1_2_01/lib/jai_core.jar:/
home/travis/build/icyphy/ptII/vendors/jai-1_1_2_01/lib/jai_codec.jar:/home/trav
is/build/icyphy/ptII/lib/jcerti.jar:/home/travis/build/icyphy/ptII/lib/javax.ma
il.jar:/home/travis/build/icyphy/ptII/vendors/JMF-2.1.1e/lib/jmf.jar:/home/trav
is/build/icyphy/ptII/lib/jna-4.0.0-variadic.jar:/home/travis/build/icyphy/ptII/
vendors/misc/joystick/Joystick.jar:/home/travis/build/icyphy/ptII/lib/ptjacl.ja
r:/home/travis/build/icyphy/ptII/lib/jsoup-1.8.2.jar:/home/travis/build/icyphy/
ptII/lib/junit-4.8.2.jar:/home/travis/build/icyphy/ptII/lib/JUnitParams-0.4.0.j
ar:/home/travis/build/icyphy/ptII/ptolemy/actor/lib/excel/jxl.jar:/home/travis/
build/icyphy/ptII/lib/jython.jar:/home/travis/build/icyphy/ptII/lib/kieler.jar:
/home/travis/build/icyphy/ptII/vendors/opencv/share/OpenCV/java/opencv-341.jar:
/home/travis/build/icyphy/ptII/lib/oscP5.jar:/home/travis/build/icyphy/ptII/lib
/nrjavaserial-3.11.0.devel.jar:/home/travis/build/icyphy/ptII/vendors/j3d/lib/j
3dcore.jar:/home/travis/build/icyphy/ptII/vendors/j3d/lib/j3dutils.jar:/home/tr
avis/build/icyphy/ptII/vendors/j3d/lib/vecmath.jar:/home/travis/build/icyphy/pt
II/ptolemy/distributed/jini/jar/jini-core.jar:/home/travis/build/icyphy/ptII/pt
olemy/distributed/jini/jar/jini-ext.jar:/home/travis/build/icyphy/ptII/ptolemy/
distributed/jini/jar/sun-util.jar:/home/travis/build/icyphy/ptII/lib/protobuf-j
ava-2.4.1.jar:/home/travis/build/icyphy/ptII/lib/org.eclipse.paho.client.mqttv3
.jar:/home/travis/build/icyphy/ptII/lib/mapss.jar:/home/travis/build/icyphy/ptI
I/ptolemy/actor/ptalon/antlr/antlr.jar:/home/travis/build/icyphy/ptII/lib/JRI.j
ar:/home/travis/build/icyphy/ptII/lib/commons-lang-2.6.jar:/home/travis/build/i
cyphy/ptII/lib/commons-logging-1.1.1.jar:/home/travis/build/icyphy/ptII/lib/soo
tclasses.jar:/home/travis/build/icyphy/ptII/ptolemy/actor/lib/database/mysql-co
nnector-java-5.1.6-bin.jar:/home/travis/build/icyphy/ptII/vendors/misc/sphinx4/
sphinx4-data-5prealpha.jar:/home/travis/build/icyphy/ptII/vendors/misc/sphinx4/
sphinx4-core-5prealpha.jar:/home/travis/build/icyphy/ptII/lib/PDFRenderer.jar:/
home/travis/build/icyphy/ptII/lib/svgSalamander.jar:/home/travis/build/icyphy/p
tII/lib/rsyntaxtextarea-2.6.0-SNAPSHOT.jar:/home/travis/build/icyphy/ptII/lib/h
azelcast-3.8.2.jar:/home/travis/build/icyphy/ptII/lib/jackson-annotations-2.9.0
.jar:/home/travis/build/icyphy/ptII/lib/jackson-core-2.9.3.jar:/home/travis/bui
ld/icyphy/ptII/lib/jackson-databind-2.9.3.jar:/home/travis/build/icyphy/ptII/li
b/netty-buffer-4.1.19.Final.jar:/home/travis/build/icyphy/ptII/lib/netty-codec-
4.1.19.Final.jar:/home/travis/build/icyphy/ptII/lib/netty-codec-dns-4.1.19.Fina
l.jar:/home/travis/build/icyphy/ptII/lib/netty-codec-http-4.1.19.Final.jar:/hom
e/travis/build/icyphy/ptII/lib/netty-codec-http2-4.1.19.Final.jar:/home/travis/
build/icyphy/ptII/lib/netty-common-4.1.19.Final.jar:/home/travis/build/icyphy/p
tII/lib/netty-handler-4.1.19.Final.jar:/home/travis/build/icyphy/ptII/lib/netty
-resolver-4.1.19.Final.jar:/home/travis/build/icyphy/ptII/lib/netty-resolver-dn
s-4.1.19.Final.jar:/home/travis/build/icyphy/ptII/lib/netty-transport-4.1.19.Fi
nal.jar:/home/travis/build/icyphy/ptII/lib/vertx-codegen-3.5.1.jar:/home/travis
/build/icyphy/ptII/lib/vertx-core-3.5.2-SNAPSHOT.jar:/home/travis/build/icyphy/
ptII/lib/vertx-hazelcast-3.5.1.jar:/home/travis/build/icyphy/ptII/lib/vertx-lan
g-js-3.5.1.jar:/home/travis/build/icyphy/ptII/lib/vertx-service-proxy-3.5.1.jar
:/home/travis/build/icyphy/ptII/lib/vertx-web-3.5.1.jar:/home/travis/build/icyp
hy/ptII/lib/slf4j-api-1.7.13.jar:/home/travis/build/icyphy/ptII/lib/slf4j-simpl
e-1.7.13.jar:/home/travis/build/icyphy/ptII/lib/webcam-capture-0.3.12.jar:/home
/travis/build/icyphy/ptII/lib/bridj-0.7.0.jar:/home/travis/build/icyphy/ptII/li
b/xbjlib-1.1.0.nrjavaserial.jar:/home/travis/build/icyphy/ptII/ptolemy/moml/tes
t:/home/travis/build/icyphy/ptII/ant/lib/ant-launcher.jar:/home/travis/build/ic
yphy/ptII/ant/lib/ant.jar:/home/travis/build/icyphy/ptII/ant/lib/ant-junit.jar:
/home/travis/build/icyphy/ptII/ant/lib/ant-junit4.jar:/home/travis/build/icyphy
/ptII ModularCodeGenPubSub2_A1_A_profile.java
total 2052
drwxrwxr-x   3 travis travis 12288 Apr  9 04:00 AbsoluteValue
-rw-rw-r--   1 travis travis   233 Apr  9 04:05 Array.class
-rw-rw-r--   1 travis travis   459 Apr  9 04:05 Array.java
drwxrwxr-x   3 travis travis 16384 Apr  9 04:00 Case1
drwxrwxr-x   3 travis travis 32768 Apr  9 04:00 Case2
-rw-rw-r--   1 travis travis  4895 Apr  9 04:04 CompiledCompositeActor_CompiledCompositeActor.class
-rw-rw-r--   1 travis travis  1592 Apr  9 04:04 CompiledCompositeActor_CompiledCompositeActor$_CompiledCompositeActor_CompiledCompositeActor.class
-rw-rw-r--   1 travis travis 13466 Apr  9 04:04 CompiledCompositeActor_CompiledCompositeActor.java
-rw-rw-r--   1 travis travis  1593 Apr  9 04:04 CompiledCompositeActor_CompiledCompositeActor.mk
drwxrwxr-x   3 travis travis 24576 Apr  9 04:02 DeScrambler
drwxrwxr-x   3 travis travis 16384 Apr  9 04:04 DotProduct
drwxrwxr-x   3 travis travis 12288 Apr  9 04:00 FileWriter1
drwxrwxr-x   3 travis travis 20480 Apr  9 04:00 FixToDoubleAndBack
drwxrwxr-x   3 travis travis 16384 Apr  9 04:00 Gaussian1
drwxrwxr-x   3 travis travis 20480 Apr  9 04:00 Gaussian2
-rw-rw-r--   1 travis travis  4457 Apr  9 04:04 JavaCompiledCompositeTest1_CompiledCompositeActor.class
-rw-rw-r--   1 travis travis 11637 Apr  9 04:04 JavaCompiledCompositeTest1_CompiledCompositeActor.java
-rw-rw-r--   1 travis travis  1198 Apr  9 04:04 JavaCompiledCompositeTest1_CompiledCompositeActor$_JavaCompiledCompositeTest1_CompiledCompositeActor.class
-rw-rw-r--   1 travis travis  1625 Apr  9 04:04 JavaCompiledCompositeTest1_CompiledCompositeActor.mk
-rw-rw-r--   1 travis travis  4888 Apr  9 04:04 JavaCompiledCompositeTest2_CompiledCompositeActor.class
-rw-rw-r--   1 travis travis 14919 Apr  9 04:04 JavaCompiledCompositeTest2_CompiledCompositeActor.java
-rw-rw-r--   1 travis travis  1793 Apr  9 04:04 JavaCompiledCompositeTest2_CompiledCompositeActor$_JavaCompiledCompositeTest2_CompiledCompositeActor.class
-rw-rw-r--   1 travis travis  1625 Apr  9 04:04 JavaCompiledCompositeTest2_CompiledCompositeActor.mk
-rw-rw-r--   1 travis travis  4505 Apr  9 04:04 JavaCompiledCompositeTest3_CompiledCompositeActor.class
-rw-rw-r--   1 travis travis 13080 Apr  9 04:04 JavaCompiledCompositeTest3_CompiledCompositeActor.java
-rw-rw-r--   1 travis travis  1378 Apr  9 04:04 JavaCompiledCompositeTest3_CompiledCompositeActor$_JavaCompiledCompositeTest3_CompiledCompositeActor.class
-rw-rw-r--   1 travis travis  1625 Apr  9 04:04 JavaCompiledCompositeTest3_CompiledCompositeActor.mk
-rw-rw-r--   1 travis travis  3953 Apr  9 04:04 JavaCompiledCompositeTest4_CompiledCompositeActor.class
-rw-rw-r--   1 travis travis  9687 Apr  9 04:04 JavaCompiledCompositeTest4_CompiledCompositeActor.java
-rw-rw-r--   1 travis travis   857 Apr  9 04:04 JavaCompiledCompositeTest4_CompiledCompositeActor$_JavaCompiledCompositeTest4_CompiledCompositeActor.class
-rw-rw-r--   1 travis travis  1625 Apr  9 04:04 JavaCompiledCompositeTest4_CompiledCompositeActor.mk
drwxrwxr-x   3 travis travis 12288 Apr  9 04:01 LookupTable
drwxrwxr-x   3 travis travis 20480 Apr  9 04:01 MaxIndex
-rw-rw-r--   1 travis travis  3693 Apr  9 04:04 ModularCG_A1_B1.class
-rw-rw-r--   1 travis travis  9730 Apr  9 04:04 ModularCG_A1_B1.java
-rw-rw-r--   1 travis travis   832 Apr  9 04:04 ModularCG_A1_B1.mk
-rw-rw-r--   1 travis travis  1318 Apr  9 04:04 ModularCG_A1_B1_profile.class
-rw-rw-r--   1 travis travis  1262 Apr  9 04:04 ModularCG_A1_B1_profile.java
-rw-rw-r--   1 travis travis  3693 Apr  9 04:04 ModularCG_A1_B2.class
-rw-rw-r--   1 travis travis  9730 Apr  9 04:04 ModularCG_A1_B2.java
-rw-rw-r--   1 travis travis   832 Apr  9 04:04 ModularCG_A1_B2.mk
-rw-rw-r--   1 travis travis  1318 Apr  9 04:04 ModularCG_A1_B2_profile.class
-rw-rw-r--   1 travis travis  1262 Apr  9 04:04 ModularCG_A1_B2_profile.java
-rw-rw-r--   1 travis travis  4799 Apr  9 04:04 ModularCG_A1.class
-rw-rw-r--   1 travis travis 14742 Apr  9 04:04 ModularCG_A1.java
-rw-rw-r--   1 travis travis   808 Apr  9 04:04 ModularCG_A1.mk
-rw-rw-r--   1 travis travis  1433 Apr  9 04:04 ModularCG_A1_profile.class
-rw-rw-r--   1 travis travis  1704 Apr  9 04:04 ModularCG_A1_profile.java
-rw-rw-r--   1 travis travis  3827 Apr  9 04:04 ModularCG_A2_B1.class
-rw-rw-r--   1 travis travis 10667 Apr  9 04:04 ModularCG_A2_B1.java
-rw-rw-r--   1 travis travis   832 Apr  9 04:04 ModularCG_A2_B1.mk
-rw-rw-r--   1 travis travis  1381 Apr  9 04:04 ModularCG_A2_B1_profile.class
-rw-rw-r--   1 travis travis  1446 Apr  9 04:04 ModularCG_A2_B1_profile.java
-rw-rw-r--   1 travis travis  3693 Apr  9 04:04 ModularCG_A2_B2.class
-rw-rw-r--   1 travis travis  9730 Apr  9 04:04 ModularCG_A2_B2.java
-rw-rw-r--   1 travis travis   832 Apr  9 04:04 ModularCG_A2_B2.mk
-rw-rw-r--   1 travis travis  1318 Apr  9 04:04 ModularCG_A2_B2_profile.class
-rw-rw-r--   1 travis travis  1262 Apr  9 04:04 ModularCG_A2_B2_profile.java
-rw-rw-r--   1 travis travis  4870 Apr  9 04:05 ModularCG_A2.class
-rw-rw-r--   1 travis travis 15129 Apr  9 04:05 ModularCG_A2.java
-rw-rw-r--   1 travis travis   808 Apr  9 04:05 ModularCG_A2.mk
-rw-rw-r--   1 travis travis  1433 Apr  9 04:05 ModularCG_A2_profile.class
-rw-rw-r--   1 travis travis  1704 Apr  9 04:04 ModularCG_A2_profile.java
-rw-rw-r--   1 travis travis  3473 Apr  9 04:05 ModularCGPubSub_A1_A2.class
-rw-rw-r--   1 travis travis  9076 Apr  9 04:05 ModularCGPubSub_A1_A2.java
-rw-rw-r--   1 travis travis   880 Apr  9 04:05 ModularCGPubSub_A1_A2.mk
-rw-rw-r--   1 travis travis  1300 Apr  9 04:05 ModularCGPubSub_A1_A2_profile.class
-rw-rw-r--   1 travis travis  1222 Apr  9 04:05 ModularCGPubSub_A1_A2_profile.java
-rw-rw-r--   1 travis travis  3790 Apr  9 04:05 ModularCGPubSub_A1.class
-rw-rw-r--   1 travis travis  9836 Apr  9 04:05 ModularCGPubSub_A1.java
-rw-rw-r--   1 travis travis   856 Apr  9 04:05 ModularCGPubSub_A1.mk
-rw-rw-r--   1 travis travis  1346 Apr  9 04:05 ModularCGPubSub_A1_profile.class
-rw-rw-r--   1 travis travis  1388 Apr  9 04:05 ModularCGPubSub_A1_profile.java
-rw-rw-r--   1 travis travis  3988 Apr  9 04:05 ModularCodeGen2_ModularCodeGenTypedCompositeActor.class
-rw-rw-r--   1 travis travis 11690 Apr  9 04:05 ModularCodeGen2_ModularCodeGenTypedCompositeActor.java
-rw-rw-r--   1 travis travis  1104 Apr  9 04:05 ModularCodeGen2_ModularCodeGenTypedCompositeActor.mk
-rw-rw-r--   1 travis travis  4272 Apr  9 04:05 ModularCodeGen2_ModularCodeGenTypedCompositeActor_ModularCodeGenTypedCompositeActor.class
-rw-rw-r--   1 travis travis 11790 Apr  9 04:05 ModularCodeGen2_ModularCodeGenTypedCompositeActor_ModularCodeGenTypedCompositeActor.java
-rw-rw-r--   1 travis travis  1376 Apr  9 04:05 ModularCodeGen2_ModularCodeGenTypedCompositeActor_ModularCodeGenTypedCompositeActor.mk
-rw-rw-r--   1 travis travis  1421 Apr  9 04:05 ModularCodeGen2_ModularCodeGenTypedCompositeActor_ModularCodeGenTypedCompositeActor_profile.class
-rw-rw-r--   1 travis travis  1294 Apr  9 04:05 ModularCodeGen2_ModularCodeGenTypedCompositeActor_ModularCodeGenTypedCompositeActor_profile.java
-rw-rw-r--   1 travis travis   820 Apr  9 04:05 ModularCodeGen2_ModularCodeGenTypedCompositeActor_profile.class
-rw-rw-r--   1 travis travis   693 Apr  9 04:05 ModularCodeGen2_ModularCodeGenTypedCompositeActor_profile.java
-rw-rw-r--   1 travis travis  3741 Apr  9 04:05 ModularCodeGen3_A1_B1.class
-rw-rw-r--   1 travis travis  9958 Apr  9 04:05 ModularCodeGen3_A1_B1.java
-rw-rw-r--   1 travis travis   880 Apr  9 04:05 ModularCodeGen3_A1_B1.mk
-rw-rw-r--   1 travis travis  1330 Apr  9 04:05 ModularCodeGen3_A1_B1_profile.class
-rw-rw-r--   1 travis travis  1274 Apr  9 04:05 ModularCodeGen3_A1_B1_profile.java
-rw-rw-r--   1 travis travis  3741 Apr  9 04:05 ModularCodeGen3_A1_B2.class
-rw-rw-r--   1 travis travis  9958 Apr  9 04:05 ModularCodeGen3_A1_B2.java
-rw-rw-r--   1 travis travis   880 Apr  9 04:05 ModularCodeGen3_A1_B2.mk
-rw-rw-r--   1 travis travis  1330 Apr  9 04:05 ModularCodeGen3_A1_B2_profile.class
-rw-rw-r--   1 travis travis  1274 Apr  9 04:05 ModularCodeGen3_A1_B2_profile.java
-rw-rw-r--   1 travis travis  4961 Apr  9 04:05 ModularCodeGen3_A1.class
-rw-rw-r--   1 travis travis 15564 Apr  9 04:05 ModularCodeGen3_A1.java
-rw-rw-r--   1 travis travis   856 Apr  9 04:05 ModularCodeGen3_A1.mk
-rw-rw-r--   1 travis travis  1445 Apr  9 04:05 ModularCodeGen3_A1_profile.class
-rw-rw-r--   1 travis travis  1716 Apr  9 04:05 ModularCodeGen3_A1_profile.java
-rw-rw-r--   1 travis travis  3887 Apr  9 04:05 ModularCodeGen3_A2_B1.class
-rw-rw-r--   1 travis travis 10955 Apr  9 04:05 ModularCodeGen3_A2_B1.java
-rw-rw-r--   1 travis travis   880 Apr  9 04:05 ModularCodeGen3_A2_B1.mk
-rw-rw-r--   1 travis travis  1393 Apr  9 04:05 ModularCodeGen3_A2_B1_profile.class
-rw-rw-r--   1 travis travis  1458 Apr  9 04:05 ModularCodeGen3_A2_B1_profile.java
-rw-rw-r--   1 travis travis  3741 Apr  9 04:05 ModularCodeGen3_A2_B2.class
-rw-rw-r--   1 travis travis  9958 Apr  9 04:05 ModularCodeGen3_A2_B2.java
-rw-rw-r--   1 travis travis   880 Apr  9 04:05 ModularCodeGen3_A2_B2.mk
-rw-rw-r--   1 travis travis  1330 Apr  9 04:05 ModularCodeGen3_A2_B2_profile.class
-rw-rw-r--   1 travis travis  1274 Apr  9 04:05 ModularCodeGen3_A2_B2_profile.java
-rw-rw-r--   1 travis travis  5038 Apr  9 04:05 ModularCodeGen3_A2.class
-rw-rw-r--   1 travis travis 15957 Apr  9 04:05 ModularCodeGen3_A2.java
-rw-rw-r--   1 travis travis   856 Apr  9 04:05 ModularCodeGen3_A2.mk
-rw-rw-r--   1 travis travis  1445 Apr  9 04:05 ModularCodeGen3_A2_profile.class
-rw-rw-r--   1 travis travis  1716 Apr  9 04:05 ModularCodeGen3_A2_profile.java
-rw-rw-r--   1 travis travis  3794 Apr  9 04:05 ModularCodeGen4_A1_B1.class
-rw-rw-r--   1 travis travis 10312 Apr  9 04:05 ModularCodeGen4_A1_B1.java
-rw-rw-r--   1 travis travis   880 Apr  9 04:05 ModularCodeGen4_A1_B1.mk
-rw-rw-r--   1 travis travis  1330 Apr  9 04:05 ModularCodeGen4_A1_B1_profile.class
-rw-rw-r--   1 travis travis  1273 Apr  9 04:05 ModularCodeGen4_A1_B1_profile.java
-rw-rw-r--   1 travis travis  3794 Apr  9 04:05 ModularCodeGen4_A1_B2.class
-rw-rw-r--   1 travis travis 10312 Apr  9 04:05 ModularCodeGen4_A1_B2.java
-rw-rw-r--   1 travis travis   880 Apr  9 04:05 ModularCodeGen4_A1_B2.mk
-rw-rw-r--   1 travis travis  1330 Apr  9 04:05 ModularCodeGen4_A1_B2_profile.class
-rw-rw-r--   1 travis travis  1273 Apr  9 04:05 ModularCodeGen4_A1_B2_profile.java
-rw-rw-r--   1 travis travis  5101 Apr  9 04:05 ModularCodeGen4_A1.class
-rw-rw-r--   1 travis travis 16245 Apr  9 04:05 ModularCodeGen4_A1.java
-rw-rw-r--   1 travis travis   856 Apr  9 04:05 ModularCodeGen4_A1.mk
-rw-rw-r--   1 travis travis  1445 Apr  9 04:05 ModularCodeGen4_A1_profile.class
-rw-rw-r--   1 travis travis  1712 Apr  9 04:05 ModularCodeGen4_A1_profile.java
-rw-rw-r--   1 travis travis  3988 Apr  9 04:05 ModularCodeGen4_A2_B1.class
-rw-rw-r--   1 travis travis 11375 Apr  9 04:05 ModularCodeGen4_A2_B1.java
-rw-rw-r--   1 travis travis   880 Apr  9 04:05 ModularCodeGen4_A2_B1.mk
-rw-rw-r--   1 travis travis  1393 Apr  9 04:05 ModularCodeGen4_A2_B1_profile.class
-rw-rw-r--   1 travis travis  1454 Apr  9 04:05 ModularCodeGen4_A2_B1_profile.java
-rw-rw-r--   1 travis travis  3842 Apr  9 04:05 ModularCodeGen4_A2_B2.class
-rw-rw-r--   1 travis travis 10378 Apr  9 04:05 ModularCodeGen4_A2_B2.java
-rw-rw-r--   1 travis travis   880 Apr  9 04:05 ModularCodeGen4_A2_B2.mk
-rw-rw-r--   1 travis travis  1330 Apr  9 04:05 ModularCodeGen4_A2_B2_profile.class
-rw-rw-r--   1 travis travis  1270 Apr  9 04:05 ModularCodeGen4_A2_B2_profile.java
-rw-rw-r--   1 travis travis  5274 Apr  9 04:05 ModularCodeGen4_A2.class
-rw-rw-r--   1 travis travis 16770 Apr  9 04:05 ModularCodeGen4_A2.java
-rw-rw-r--   1 travis travis   856 Apr  9 04:05 ModularCodeGen4_A2.mk
-rw-rw-r--   1 travis travis  1445 Apr  9 04:05 ModularCodeGen4_A2_profile.class
-rw-rw-r--   1 travis travis  1712 Apr  9 04:05 ModularCodeGen4_A2_profile.java
-rw-rw-r--   1 travis travis  6838 Apr  9 04:05 ModularCodeGen5_A_A.class
-rw-rw-r--   1 travis travis 28721 Apr  9 04:05 ModularCodeGen5_A_A.java
-rw-rw-r--   1 travis travis   864 Apr  9 04:05 ModularCodeGen5_A_A.mk
-rw-rw-r--   1 travis travis  1520 Apr  9 04:05 ModularCodeGen5_A_A_profile.class
-rw-rw-r--   1 travis travis  1815 Apr  9 04:05 ModularCodeGen5_A_A_profile.java
-rw-rw-r--   1 travis travis  5115 Apr  9 04:05 ModularCodeGen5_A.class
-rw-rw-r--   1 travis travis 13769 Apr  9 04:05 ModularCodeGen5_A.java
-rw-rw-r--   1 travis travis   848 Apr  9 04:05 ModularCodeGen5_A.mk
-rw-rw-r--   1 travis travis  1422 Apr  9 04:05 ModularCodeGen5_A_profile.class
-rw-rw-r--   1 travis travis  1605 Apr  9 04:05 ModularCodeGen5_A_profile.java
-rw-rw-r--   1 travis travis  4125 Apr  9 04:05 ModularCodeGen6_A_A2.class
-rw-rw-r--   1 travis travis 11329 Apr  9 04:05 ModularCodeGen6_A_A2.java
-rw-rw-r--   1 travis travis   872 Apr  9 04:05 ModularCodeGen6_A_A2.mk
-rw-rw-r--   1 travis travis  1351 Apr  9 04:05 ModularCodeGen6_A_A2_profile.class
-rw-rw-r--   1 travis travis  1364 Apr  9 04:05 ModularCodeGen6_A_A2_profile.java
-rw-rw-r--   1 travis travis  4108 Apr  9 04:05 ModularCodeGen6_A_A.class
-rw-rw-r--   1 travis travis 11221 Apr  9 04:05 ModularCodeGen6_A_A.java
-rw-rw-r--   1 travis travis   864 Apr  9 04:05 ModularCodeGen6_A_A.mk
-rw-rw-r--   1 travis travis  1348 Apr  9 04:05 ModularCodeGen6_A_A_profile.class
-rw-rw-r--   1 travis travis  1361 Apr  9 04:05 ModularCodeGen6_A_A_profile.java
-rw-rw-r--   1 travis travis  7237 Apr  9 04:05 ModularCodeGen6_A.class
-rw-rw-r--   1 travis travis 26535 Apr  9 04:05 ModularCodeGen6_A.java
-rw-rw-r--   1 travis travis   848 Apr  9 04:05 ModularCodeGen6_A.mk
-rw-rw-r--   1 travis travis  1483 Apr  9 04:05 ModularCodeGen6_A_profile.class
-rw-rw-r--   1 travis travis  1810 Apr  9 04:05 ModularCodeGen6_A_profile.java
-rw-rw-r--   1 travis travis  9439 Apr  9 04:05 ModularCodeGenLazyPubSubGlobal_CompositeActor_ModularCodeGenTypedComposite.class
-rw-rw-r--   1 travis travis 30161 Apr  9 04:05 ModularCodeGenLazyPubSubGlobal_CompositeActor_ModularCodeGenTypedComposite.java
-rw-rw-r--   1 travis travis  1304 Apr  9 04:05 ModularCodeGenLazyPubSubGlobal_CompositeActor_ModularCodeGenTypedComposite.mk
-rw-rw-r--   1 travis travis  1438 Apr  9 04:05 ModularCodeGenLazyPubSubGlobal_CompositeActor_ModularCodeGenTypedComposite_profile.class
-rw-rw-r--   1 travis travis  1384 Apr  9 04:05 ModularCodeGenLazyPubSubGlobal_CompositeActor_ModularCodeGenTypedComposite_profile.java
-rw-rw-r--   1 travis travis  3952 Apr  9 04:05 ModularCodeGenLazyPubSub_LazyCompositeActor.class
-rw-rw-r--   1 travis travis 11122 Apr  9 04:05 ModularCodeGenLazyPubSub_LazyCompositeActor.java
-rw-rw-r--   1 travis travis  1056 Apr  9 04:05 ModularCodeGenLazyPubSub_LazyCompositeActor.mk
-rw-rw-r--   1 travis travis  1286 Apr  9 04:05 ModularCodeGenLazyPubSub_LazyCompositeActor_profile.class
-rw-rw-r--   1 travis travis  1091 Apr  9 04:05 ModularCodeGenLazyPubSub_LazyCompositeActor_profile.java
-rw-rw-r--   1 travis travis  3954 Apr  9 04:05 ModularCodeGen_ModularCodeGenTypedCompositeActor.class
-rw-rw-r--   1 travis travis 10970 Apr  9 04:05 ModularCodeGen_ModularCodeGenTypedCompositeActor.java
-rw-rw-r--   1 travis travis  1096 Apr  9 04:05 ModularCodeGen_ModularCodeGenTypedCompositeActor.mk
-rw-rw-r--   1 travis travis  1384 Apr  9 04:05 ModularCodeGen_ModularCodeGenTypedCompositeActor_profile.class
-rw-rw-r--   1 travis travis  1328 Apr  9 04:05 ModularCodeGen_ModularCodeGenTypedCompositeActor_profile.java
-rw-rw-r--   1 travis travis  1128 Apr  9 04:05 ModularCodeGenPubSub2_A1_A_profile.java
-rw-rw-r--   1 travis travis  3475 Apr  9 04:05 ModularCodeGenPubSub_A1.class
-rw-rw-r--   1 travis travis  9060 Apr  9 04:05 ModularCodeGenPubSub_A1.java
-rw-rw-r--   1 travis travis   896 Apr  9 04:05 ModularCodeGenPubSub_A1.mk
-rw-rw-r--   1 travis travis  1278 Apr  9 04:05 ModularCodeGenPubSub_A1_profile.class
-rw-rw-r--   1 travis travis  1195 Apr  9 04:05 ModularCodeGenPubSub_A1_profile.java
-rw-rw-r--   1 travis travis  3492 Apr  9 04:04 ModularCodeGenTest_A1_A2.class
-rw-rw-r--   1 travis travis   904 Apr  9 04:04 ModularCodeGenTest_A1_A2.mk
-rw-rw-r--   1 travis travis  1306 Apr  9 04:04 ModularCodeGenTest_A1_A2_profile.class
-rw-rw-r--   1 travis travis  3823 Apr  9 04:04 ModularCodeGenTest_A1.class
-rw-rw-r--   1 travis travis  9968 Apr  9 04:04 ModularCodeGenTest_A1.java
-rw-rw-r--   1 travis travis   880 Apr  9 04:04 ModularCodeGenTest_A1.mk
-rw-rw-r--   1 travis travis  1352 Apr  9 04:04 ModularCodeGenTest_A1_profile.class
-rw-rw-r--   1 travis travis  1394 Apr  9 04:04 ModularCodeGenTest_A1_profile.java
drwxrwxr-x   3 travis travis 36864 Apr  9 04:04 modulation2
drwxrwxr-x   3 travis travis 20480 Apr  9 04:01 Multiplexor
drwxrwxr-x 242 travis travis 12288 Apr  9 04:04 node_modules
drwxrwxr-x   3 travis travis 20480 Apr  9 04:01 PhaseUnwrap
-rw-rw-r--   1 travis travis   520 Apr  9 04:04 Repeat$_fireFunction_Repeat_Repeat$__f_sL_0.class
-rw-rw-r--   1 travis travis   522 Apr  9 04:04 Repeat$_fireFunction_Repeat_Repeat$__f_sL_10.class
-rw-rw-r--   1 travis travis   666 Apr  9 04:04 Repeat$_fireFunction_Repeat_Repeat$__f_sL_11.class
-rw-rw-r--   1 travis travis   522 Apr  9 04:04 Repeat$_fireFunction_Repeat_Repeat$__f_sL_13.class
-rw-rw-r--   1 travis travis   665 Apr  9 04:04 Repeat$_fireFunction_Repeat_Repeat$__f_sL_1.class
-rw-rw-r--   1 travis travis   520 Apr  9 04:04 Repeat$_fireFunction_Repeat_Repeat$__f_sL_2.class
-rw-rw-r--   1 travis travis   520 Apr  9 04:04 Repeat$_fireFunction_Repeat_Repeat$__f_sL_3.class
-rw-rw-r--   1 travis travis   520 Apr  9 04:04 Repeat$_fireFunction_Repeat_Repeat$__f_sL_5.class
-rw-rw-r--   1 travis travis   671 Apr  9 04:04 Repeat$_fireFunction_Repeat_Repeat$__f_sL_7.class
-rw-rw-r--   1 travis travis   520 Apr  9 04:04 Repeat$_fireFunction_Repeat_Repeat$__f_sL_9.class
-rw-rw-r--   1 travis travis   813 Apr  9 04:04 Repeat$_initialize_Repeat.class
-rw-rw-r--   1 travis travis   475 Apr  9 04:04 Repeat$_initialize_Repeat$__i_sL_0.class
-rw-rw-r--   1 travis travis   519 Apr  9 04:04 Repeat$_initialize_Repeat$__i_sL_3.class
-rw-rw-r--   1 travis travis 39778 Apr  9 04:04 Repeat.java
-rw-rw-r--   1 travis travis  1281 Apr  9 04:04 Repeat.mk
-rw-rw-r--   1 travis travis   520 Apr  9 04:04 Repeat$_preinitializeMethod_Repeat$__p_sL_0.class
-rw-rw-r--   1 travis travis   520 Apr  9 04:04 Repeat$_preinitializeMethod_Repeat$__p_sL_1.class
-rw-rw-r--   1 travis travis  1083 Apr  9 04:04 Repeat$_Repeat$_fireFunction_Repeat_AddSubtract_Repeat.class
-rw-rw-r--   1 travis travis   791 Apr  9 04:04 Repeat$_Repeat$_fireFunction_Repeat_AddSubtract_Repeat$__f_sL_0.class
-rw-rw-r--   1 travis travis   909 Apr  9 04:04 Repeat$_Repeat$_fireFunction_Repeat_AddSubtract_Repeat$__f_sL_1.class
-rw-rw-r--   1 travis travis   915 Apr  9 04:04 Repeat$_Repeat$_fireFunction_Repeat_AddSubtract_Repeat$__f_sL_2.class
-rw-rw-r--   1 travis travis   838 Apr  9 04:04 Repeat$_Repeat$_fireFunction_Repeat_Ramp2_Repeat$__f_sL_1.class
-rw-rw-r--   1 travis travis  1785 Apr  9 04:04 Repeat$_Repeat$_fireFunction_Repeat_Test_Repeat$__f_sL_2.class
-rw-rw-r--   1 travis travis   685 Apr  9 04:04 Repeat$_Repeat_SDF_Director_run_Repeat$__R_sL_0.class
-rw-rw-r--   1 travis travis   540 Apr  9 04:04 Repeat$_Repeat_SDF_Director_run_Repeat$__R_sL_1.class
-rw-rw-r--   1 travis travis   540 Apr  9 04:04 Repeat$_Repeat_SDF_Director_run_Repeat$__R_sL_2.class
-rw-rw-r--   1 travis travis   540 Apr  9 04:04 Repeat$_Repeat_SDF_Director_run_Repeat$__R_sL_4.class
-rw-rw-r--   1 travis travis   540 Apr  9 04:04 Repeat$_Repeat_SDF_Director_run_Repeat$__R_sL_5.class
-rw-rw-r--   1 travis travis   691 Apr  9 04:04 Repeat$_Repeat_SDF_Director_run_Repeat$__R_sL_6.class
-rw-rw-r--   1 travis travis   540 Apr  9 04:04 Repeat$_Repeat_SDF_Director_run_Repeat$__R_sL_7.class
-rw-rw-r--   1 travis travis   863 Apr  9 04:04 Repeat$_varinit_Repeat.class
-rw-rw-r--   1 travis travis   530 Apr  9 04:04 Repeat$_varinit_Repeat$__v_sL_1.class
-rw-rw-r--   1 travis travis   531 Apr  9 04:04 Repeat$_varinit_Repeat$__v_sL_2.class
-rw-rw-r--   1 travis travis   905 Apr  9 04:04 Repeat$_varinit_Repeat$__v_sL_4.class
-rw-rw-r--   1 travis travis   635 Apr  9 04:04 Repeat$_wrapup_Repeat.class
-rw-rw-r--   1 travis travis   965 Apr  9 04:04 Repeat$_wrapup_Repeat$__w_sL_1.class
-rw-rw-r--   1 travis travis   289 Apr  9 03:59 result.csv
drwxrwxr-x   3 travis travis 12288 Apr  9 04:02 Scrambler1
drwxrwxr-x   3 travis travis 20480 Apr  9 04:01 Sinewave2
drwxrwxr-x   3 travis travis 69632 Apr  9 04:02 StringCompare
drwxrwxr-x   3 travis travis 32768 Apr  9 04:02 StringFunction
drwxrwxr-x   3 travis travis 12288 Apr  9 04:03 StringLength
drwxrwxr-x   3 travis travis 57344 Apr  9 04:03 StringSimpleReplace
drwxrwxr-x   3 travis travis 12288 Apr  9 04:04 time2
drwxrwxr-x   3 travis travis 12288 Apr  9 04:04 time5
-rw-rw-r--   1 travis travis   432 Apr  9 04:05 Token.class
-rw-rw-r--   1 travis travis   251 Apr  9 04:05 Token.java
-rw-rw-r--   1 travis travis     0 Apr  9 04:04 top.
-rw-rw-r--   1 travis travis 20502 Apr  9 03:59 top.c
-rw-rw-r--   1 travis travis  3567 Apr  9 04:04 top.class
-rw-rw-r--   1 travis travis   169 Apr  9 03:59 top.html
-rw-rw-r--   1 travis travis  7552 Apr  9 04:04 top.java
-rw-rw-r--   1 travis travis 38888 Apr  9 03:59 top.o
drwxrwxr-x   3 travis travis 57344 Apr  9 04:02 UnaryMathFunction
All Done
Writing ModularCodeGenPubSub2_A1_A.java in file:/home/travis/cg/ (8578 characters)
Reading "ptolemy/cg/kernel/generic/program/procedural/java/modular/makefile.in",
    writing "/home/travis/cg/ModularCodeGenPubSub2_A1_A.mk"
Using ptolemy/cg/kernel/generic/program/procedural/java/modular/makefile.in
In "/home/travis/cg", about to execute:
    make -f ModularCodeGenPubSub2_A1_A.mk
javac -classpath ".:.."    ModularCodeGenPubSub2_A1_A.java
All Done
In "/home/travis/cg", about to execute:
    pwd
/home/travis/cg
In "/home/travis/cg", about to execute:
    ls -l
total 2080
drwxrwxr-x   3 travis travis 12288 Apr  9 04:00 AbsoluteValue
-rw-rw-r--   1 travis travis   233 Apr  9 04:05 Array.class
-rw-rw-r--   1 travis travis   459 Apr  9 04:05 Array.java
drwxrwxr-x   3 travis travis 16384 Apr  9 04:00 Case1
drwxrwxr-x   3 travis travis 32768 Apr  9 04:00 Case2
-rw-rw-r--   1 travis travis  4895 Apr  9 04:04 CompiledCompositeActor_CompiledCompositeActor.class
-rw-rw-r--   1 travis travis  1592 Apr  9 04:04 CompiledCompositeActor_CompiledCompositeActor$_CompiledCompositeActor_CompiledCompositeActor.class
-rw-rw-r--   1 travis travis 13466 Apr  9 04:04 CompiledCompositeActor_CompiledCompositeActor.java
-rw-rw-r--   1 travis travis  1593 Apr  9 04:04 CompiledCompositeActor_CompiledCompositeActor.mk
drwxrwxr-x   3 travis travis 24576 Apr  9 04:02 DeScrambler
drwxrwxr-x   3 travis travis 16384 Apr  9 04:04 DotProduct
drwxrwxr-x   3 travis travis 12288 Apr  9 04:00 FileWriter1
drwxrwxr-x   3 travis travis 20480 Apr  9 04:00 FixToDoubleAndBack
drwxrwxr-x   3 travis travis 16384 Apr  9 04:00 Gaussian1
drwxrwxr-x   3 travis travis 20480 Apr  9 04:00 Gaussian2
-rw-rw-r--   1 travis travis  4457 Apr  9 04:04 JavaCompiledCompositeTest1_CompiledCompositeActor.class
-rw-rw-r--   1 travis travis 11637 Apr  9 04:04 JavaCompiledCompositeTest1_CompiledCompositeActor.java
-rw-rw-r--   1 travis travis  1198 Apr  9 04:04 JavaCompiledCompositeTest1_CompiledCompositeActor$_JavaCompiledCompositeTest1_CompiledCompositeActor.class
-rw-rw-r--   1 travis travis  1625 Apr  9 04:04 JavaCompiledCompositeTest1_CompiledCompositeActor.mk
-rw-rw-r--   1 travis travis  4888 Apr  9 04:04 JavaCompiledCompositeTest2_CompiledCompositeActor.class
-rw-rw-r--   1 travis travis 14919 Apr  9 04:04 JavaCompiledCompositeTest2_CompiledCompositeActor.java
-rw-rw-r--   1 travis travis  1793 Apr  9 04:04 JavaCompiledCompositeTest2_CompiledCompositeActor$_JavaCompiledCompositeTest2_CompiledCompositeActor.class
-rw-rw-r--   1 travis travis  1625 Apr  9 04:04 JavaCompiledCompositeTest2_CompiledCompositeActor.mk
-rw-rw-r--   1 travis travis  4505 Apr  9 04:04 JavaCompiledCompositeTest3_CompiledCompositeActor.class
-rw-rw-r--   1 travis travis 13080 Apr  9 04:04 JavaCompiledCompositeTest3_CompiledCompositeActor.java
-rw-rw-r--   1 travis travis  1378 Apr  9 04:04 JavaCompiledCompositeTest3_CompiledCompositeActor$_JavaCompiledCompositeTest3_CompiledCompositeActor.class
-rw-rw-r--   1 travis travis  1625 Apr  9 04:04 JavaCompiledCompositeTest3_CompiledCompositeActor.mk
-rw-rw-r--   1 travis travis  3953 Apr  9 04:04 JavaCompiledCompositeTest4_CompiledCompositeActor.class
-rw-rw-r--   1 travis travis  9687 Apr  9 04:04 JavaCompiledCompositeTest4_CompiledCompositeActor.java
-rw-rw-r--   1 travis travis   857 Apr  9 04:04 JavaCompiledCompositeTest4_CompiledCompositeActor$_JavaCompiledCompositeTest4_CompiledCompositeActor.class
-rw-rw-r--   1 travis travis  1625 Apr  9 04:04 JavaCompiledCompositeTest4_CompiledCompositeActor.mk
drwxrwxr-x   3 travis travis 12288 Apr  9 04:01 LookupTable
drwxrwxr-x   3 travis travis 20480 Apr  9 04:01 MaxIndex
-rw-rw-r--   1 travis travis  3693 Apr  9 04:04 ModularCG_A1_B1.class
-rw-rw-r--   1 travis travis  9730 Apr  9 04:04 ModularCG_A1_B1.java
-rw-rw-r--   1 travis travis   832 Apr  9 04:04 ModularCG_A1_B1.mk
-rw-rw-r--   1 travis travis  1318 Apr  9 04:04 ModularCG_A1_B1_profile.class
-rw-rw-r--   1 travis travis  1262 Apr  9 04:04 ModularCG_A1_B1_profile.java
-rw-rw-r--   1 travis travis  3693 Apr  9 04:04 ModularCG_A1_B2.class
-rw-rw-r--   1 travis travis  9730 Apr  9 04:04 ModularCG_A1_B2.java
-rw-rw-r--   1 travis travis   832 Apr  9 04:04 ModularCG_A1_B2.mk
-rw-rw-r--   1 travis travis  1318 Apr  9 04:04 ModularCG_A1_B2_profile.class
-rw-rw-r--   1 travis travis  1262 Apr  9 04:04 ModularCG_A1_B2_profile.java
-rw-rw-r--   1 travis travis  4799 Apr  9 04:04 ModularCG_A1.class
-rw-rw-r--   1 travis travis 14742 Apr  9 04:04 ModularCG_A1.java
-rw-rw-r--   1 travis travis   808 Apr  9 04:04 ModularCG_A1.mk
-rw-rw-r--   1 travis travis  1433 Apr  9 04:04 ModularCG_A1_profile.class
-rw-rw-r--   1 travis travis  1704 Apr  9 04:04 ModularCG_A1_profile.java
-rw-rw-r--   1 travis travis  3827 Apr  9 04:04 ModularCG_A2_B1.class
-rw-rw-r--   1 travis travis 10667 Apr  9 04:04 ModularCG_A2_B1.java
-rw-rw-r--   1 travis travis   832 Apr  9 04:04 ModularCG_A2_B1.mk
-rw-rw-r--   1 travis travis  1381 Apr  9 04:04 ModularCG_A2_B1_profile.class
-rw-rw-r--   1 travis travis  1446 Apr  9 04:04 ModularCG_A2_B1_profile.java
-rw-rw-r--   1 travis travis  3693 Apr  9 04:04 ModularCG_A2_B2.class
-rw-rw-r--   1 travis travis  9730 Apr  9 04:04 ModularCG_A2_B2.java
-rw-rw-r--   1 travis travis   832 Apr  9 04:04 ModularCG_A2_B2.mk
-rw-rw-r--   1 travis travis  1318 Apr  9 04:04 ModularCG_A2_B2_profile.class
-rw-rw-r--   1 travis travis  1262 Apr  9 04:04 ModularCG_A2_B2_profile.java
-rw-rw-r--   1 travis travis  4870 Apr  9 04:05 ModularCG_A2.class
-rw-rw-r--   1 travis travis 15129 Apr  9 04:05 ModularCG_A2.java
-rw-rw-r--   1 travis travis   808 Apr  9 04:05 ModularCG_A2.mk
-rw-rw-r--   1 travis travis  1433 Apr  9 04:05 ModularCG_A2_profile.class
-rw-rw-r--   1 travis travis  1704 Apr  9 04:04 ModularCG_A2_profile.java
-rw-rw-r--   1 travis travis  3473 Apr  9 04:05 ModularCGPubSub_A1_A2.class
-rw-rw-r--   1 travis travis  9076 Apr  9 04:05 ModularCGPubSub_A1_A2.java
-rw-rw-r--   1 travis travis   880 Apr  9 04:05 ModularCGPubSub_A1_A2.mk
-rw-rw-r--   1 travis travis  1300 Apr  9 04:05 ModularCGPubSub_A1_A2_profile.class
-rw-rw-r--   1 travis travis  1222 Apr  9 04:05 ModularCGPubSub_A1_A2_profile.java
-rw-rw-r--   1 travis travis  3790 Apr  9 04:05 ModularCGPubSub_A1.class
-rw-rw-r--   1 travis travis  9836 Apr  9 04:05 ModularCGPubSub_A1.java
-rw-rw-r--   1 travis travis   856 Apr  9 04:05 ModularCGPubSub_A1.mk
-rw-rw-r--   1 travis travis  1346 Apr  9 04:05 ModularCGPubSub_A1_profile.class
-rw-rw-r--   1 travis travis  1388 Apr  9 04:05 ModularCGPubSub_A1_profile.java
-rw-rw-r--   1 travis travis  3988 Apr  9 04:05 ModularCodeGen2_ModularCodeGenTypedCompositeActor.class
-rw-rw-r--   1 travis travis 11690 Apr  9 04:05 ModularCodeGen2_ModularCodeGenTypedCompositeActor.java
-rw-rw-r--   1 travis travis  1104 Apr  9 04:05 ModularCodeGen2_ModularCodeGenTypedCompositeActor.mk
-rw-rw-r--   1 travis travis  4272 Apr  9 04:05 ModularCodeGen2_ModularCodeGenTypedCompositeActor_ModularCodeGenTypedCompositeActor.class
-rw-rw-r--   1 travis travis 11790 Apr  9 04:05 ModularCodeGen2_ModularCodeGenTypedCompositeActor_ModularCodeGenTypedCompositeActor.java
-rw-rw-r--   1 travis travis  1376 Apr  9 04:05 ModularCodeGen2_ModularCodeGenTypedCompositeActor_ModularCodeGenTypedCompositeActor.mk
-rw-rw-r--   1 travis travis  1421 Apr  9 04:05 ModularCodeGen2_ModularCodeGenTypedCompositeActor_ModularCodeGenTypedCompositeActor_profile.class
-rw-rw-r--   1 travis travis  1294 Apr  9 04:05 ModularCodeGen2_ModularCodeGenTypedCompositeActor_ModularCodeGenTypedCompositeActor_profile.java
-rw-rw-r--   1 travis travis   820 Apr  9 04:05 ModularCodeGen2_ModularCodeGenTypedCompositeActor_profile.class
-rw-rw-r--   1 travis travis   693 Apr  9 04:05 ModularCodeGen2_ModularCodeGenTypedCompositeActor_profile.java
-rw-rw-r--   1 travis travis  3741 Apr  9 04:05 ModularCodeGen3_A1_B1.class
-rw-rw-r--   1 travis travis  9958 Apr  9 04:05 ModularCodeGen3_A1_B1.java
-rw-rw-r--   1 travis travis   880 Apr  9 04:05 ModularCodeGen3_A1_B1.mk
-rw-rw-r--   1 travis travis  1330 Apr  9 04:05 ModularCodeGen3_A1_B1_profile.class
-rw-rw-r--   1 travis travis  1274 Apr  9 04:05 ModularCodeGen3_A1_B1_profile.java
-rw-rw-r--   1 travis travis  3741 Apr  9 04:05 ModularCodeGen3_A1_B2.class
-rw-rw-r--   1 travis travis  9958 Apr  9 04:05 ModularCodeGen3_A1_B2.java
-rw-rw-r--   1 travis travis   880 Apr  9 04:05 ModularCodeGen3_A1_B2.mk
-rw-rw-r--   1 travis travis  1330 Apr  9 04:05 ModularCodeGen3_A1_B2_profile.class
-rw-rw-r--   1 travis travis  1274 Apr  9 04:05 ModularCodeGen3_A1_B2_profile.java
-rw-rw-r--   1 travis travis  4961 Apr  9 04:05 ModularCodeGen3_A1.class
-rw-rw-r--   1 travis travis 15564 Apr  9 04:05 ModularCodeGen3_A1.java
-rw-rw-r--   1 travis travis   856 Apr  9 04:05 ModularCodeGen3_A1.mk
-rw-rw-r--   1 travis travis  1445 Apr  9 04:05 ModularCodeGen3_A1_profile.class
-rw-rw-r--   1 travis travis  1716 Apr  9 04:05 ModularCodeGen3_A1_profile.java
-rw-rw-r--   1 travis travis  3887 Apr  9 04:05 ModularCodeGen3_A2_B1.class
-rw-rw-r--   1 travis travis 10955 Apr  9 04:05 ModularCodeGen3_A2_B1.java
-rw-rw-r--   1 travis travis   880 Apr  9 04:05 ModularCodeGen3_A2_B1.mk
-rw-rw-r--   1 travis travis  1393 Apr  9 04:05 ModularCodeGen3_A2_B1_profile.class
-rw-rw-r--   1 travis travis  1458 Apr  9 04:05 ModularCodeGen3_A2_B1_profile.java
-rw-rw-r--   1 travis travis  3741 Apr  9 04:05 ModularCodeGen3_A2_B2.class
-rw-rw-r--   1 travis travis  9958 Apr  9 04:05 ModularCodeGen3_A2_B2.java
-rw-rw-r--   1 travis travis   880 Apr  9 04:05 ModularCodeGen3_A2_B2.mk
-rw-rw-r--   1 travis travis  1330 Apr  9 04:05 ModularCodeGen3_A2_B2_profile.class
-rw-rw-r--   1 travis travis  1274 Apr  9 04:05 ModularCodeGen3_A2_B2_profile.java
-rw-rw-r--   1 travis travis  5038 Apr  9 04:05 ModularCodeGen3_A2.class
-rw-rw-r--   1 travis travis 15957 Apr  9 04:05 ModularCodeGen3_A2.java
-rw-rw-r--   1 travis travis   856 Apr  9 04:05 ModularCodeGen3_A2.mk
-rw-rw-r--   1 travis travis  1445 Apr  9 04:05 ModularCodeGen3_A2_profile.class
-rw-rw-r--   1 travis travis  1716 Apr  9 04:05 ModularCodeGen3_A2_profile.java
-rw-rw-r--   1 travis travis  3794 Apr  9 04:05 ModularCodeGen4_A1_B1.class
-rw-rw-r--   1 travis travis 10312 Apr  9 04:05 ModularCodeGen4_A1_B1.java
In "/home/travis/cg", about to execute:
    javac -classpath
.:/home/travis/build/icyphy/ptII:/home/travis/build/icyphy/ptII/lib/bsh-2.0b4.j
ar:/home/travis/build/icyphy/ptII/lib/ptCal.jar:/home/travis/build/icyphy/ptII/
lib/java_cup.jar:/home/travis/build/icyphy/ptII/lib/saxon8.jar:/home/travis/bui
ld/icyphy/ptII/lib/saxon8-dom.jar:/home/travis/build/icyphy/ptII/lib/chic.jar:/
home/travis/build/icyphy/ptII/lib/ptcolt.jar:/usr/lib/jvm/java-8-oracle/lib/too
ls.jar:/home/travis/build/icyphy/ptII/vendors/misc/itext/iText.jar:/home/travis
/build/icyphy/ptII/lib/g4ltl.jar:/home/travis/build/icyphy/ptII/lib/StructuralC
oder.jar:/home/travis/build/icyphy/ptII/vendors/jai-1_1_2_01/lib/jai_core.jar:/
home/travis/build/icyphy/ptII/vendors/jai-1_1_2_01/lib/jai_codec.jar:/home/trav
is/build/icyphy/ptII/lib/jcerti.jar:/home/travis/build/icyphy/ptII/lib/javax.ma
il.jar:/home/travis/build/icyphy/ptII/vendors/JMF-2.1.1e/lib/jmf.jar:/home/trav
is/build/icyphy/ptII/lib/jna-4.0.0-variadic.jar:/home/travis/build/icyphy/ptII/
vendors/misc/joystick/Joystick.jar:/home/travis/build/icyphy/ptII/lib/ptjacl.ja
r:/home/travis/build/icyphy/ptII/lib/jsoup-1.8.2.jar:/home/travis/build/icyphy/
ptII/lib/junit-4.8.2.jar:/home/travis/build/icyphy/ptII/lib/JUnitParams-0.4.0.j
ar:/home/travis/build/icyphy/ptII/ptolemy/actor/lib/excel/jxl.jar:/home/travis/
build/icyphy/ptII/lib/jython.jar:/home/travis/build/icyphy/ptII/lib/kieler.jar:
/home/travis/build/icyphy/ptII/vendors/opencv/share/OpenCV/java/opencv-341.jar:
/home/travis/build/icyphy/ptII/lib/oscP5.jar:/home/travis/build/icyphy/ptII/lib
/nrjavaserial-3.11.0.devel.jar:/home/travis/build/icyphy/ptII/vendors/j3d/lib/j
3dcore.jar:/home/travis/build/icyphy/ptII/vendors/j3d/lib/j3dutils.jar:/home/tr
avis/build/icyphy/ptII/vendors/j3d/lib/vecmath.jar:/home/travis/build/icyphy/pt
II/ptolemy/distributed/jini/jar/jini-core.jar:/home/travis/build/icyphy/ptII/pt
olemy/distributed/jini/jar/jini-ext.jar:/home/travis/build/icyphy/ptII/ptolemy/
distributed/jini/jar/sun-util.jar:/home/travis/build/icyphy/ptII/lib/protobuf-j
ava-2.4.1.jar:/home/travis/build/icyphy/ptII/lib/org.eclipse.paho.client.mqttv3
.jar:/home/travis/build/icyphy/ptII/lib/mapss.jar:/home/travis/build/icyphy/ptI
I/ptolemy/actor/ptalon/antlr/antlr.jar:/home/travis/build/icyphy/ptII/lib/JRI.j
ar:/home/travis/build/icyphy/ptII/lib/commons-lang-2.6.jar:/home/travis/build/i
cyphy/ptII/lib/commons-logging-1.1.1.jar:/home/travis/build/icyphy/ptII/lib/soo
tclasses.jar:/home/travis/build/icyphy/ptII/ptolemy/actor/lib/database/mysql-co
nnector-java-5.1.6-bin.jar:/home/travis/build/icyphy/ptII/vendors/misc/sphinx4/
sphinx4-data-5prealpha.jar:/home/travis/build/icyphy/ptII/vendors/misc/sphinx4/
sphinx4-core-5prealpha.jar:/home/travis/build/icyphy/ptII/lib/PDFRenderer.jar:/
home/travis/build/icyphy/ptII/lib/svgSalamander.jar:/home/travis/build/icyphy/p
tII/lib/rsyntaxtextarea-2.6.0-SNAPSHOT.jar:/home/travis/build/icyphy/ptII/lib/h
azelcast-3.8.2.jar:/home/travis/build/icyphy/ptII/lib/jackson-annotations-2.9.0
.jar:/home/travis/build/icyphy/ptII/lib/jackson-core-2.9.3.jar:/home/travis/bui
ld/icyphy/ptII/lib/jackson-databind-2.9.3.jar:/home/travis/build/icyphy/ptII/li
b/netty-buffer-4.1.19.Final.jar:/home/travis/build/icyphy/ptII/lib/netty-codec-
4.1.19.Final.jar:/home/travis/build/icyphy/ptII/lib/netty-codec-dns-4.1.19.Fina
l.jar:/home/travis/build/icyphy/ptII/lib/netty-codec-http-4.1.19.Final.jar:/hom
e/travis/build/icyphy/ptII/lib/netty-codec-http2-4.1.19.Final.jar:/home/travis/
build/icyphy/ptII/lib/netty-common-4.1.19.Final.jar:/home/travis/build/icyphy/p
tII/lib/netty-handler-4.1.19.Final.jar:/home/travis/build/icyphy/ptII/lib/netty
-resolver-4.1.19.Final.jar:/home/travis/build/icyphy/ptII/lib/netty-resolver-dn
s-4.1.19.Final.jar:/home/travis/build/icyphy/ptII/lib/netty-transport-4.1.19.Fi
nal.jar:/home/travis/build/icyphy/ptII/lib/vertx-codegen-3.5.1.jar:/home/travis
/build/icyphy/ptII/lib/vertx-core-3.5.2-SNAPSHOT.jar:/home/travis/build/icyphy/
ptII/lib/vertx-hazelcast-3.5.1.jar:/home/travis/build/icyphy/ptII/lib/vertx-lan
g-js-3.5.1.jar:/home/travis/build/icyphy/ptII/lib/vertx-service-proxy-3.5.1.jar
:/home/travis/build/icyphy/ptII/lib/vertx-web-3.5.1.jar:/home/travis/build/icyp
hy/ptII/lib/slf4j-api-1.7.13.jar:/home/travis/build/icyphy/ptII/lib/slf4j-simpl
e-1.7.13.jar:/home/travis/build/icyphy/ptII/lib/webcam-capture-0.3.12.jar:/home
/travis/build/icyphy/ptII/lib/bridj-0.7.0.jar:/home/travis/build/icyphy/ptII/li
b/xbjlib-1.1.0.nrjavaserial.jar:/home/travis/build/icyphy/ptII/ptolemy/moml/tes
t:/home/travis/build/icyphy/ptII/ant/lib/ant-launcher.jar:/home/travis/build/ic
yphy/ptII/ant/lib/ant.jar:/home/travis/build/icyphy/ptII/ant/lib/ant-junit.jar:
/home/travis/build/icyphy/ptII/ant/lib/ant-junit4.jar:/home/travis/build/icyphy
/ptII ModularCodeGenPubSub2_A1_profile.java
-rw-rw-r--   1 travis travis   880 Apr  9 04:05 ModularCodeGen4_A1_B1.mk
-rw-rw-r--   1 travis travis  1330 Apr  9 04:05 ModularCodeGen4_A1_B1_profile.class
-rw-rw-r--   1 travis travis  1273 Apr  9 04:05 ModularCodeGen4_A1_B1_profile.java
-rw-rw-r--   1 travis travis  3794 Apr  9 04:05 ModularCodeGen4_A1_B2.class
-rw-rw-r--   1 travis travis 10312 Apr  9 04:05 ModularCodeGen4_A1_B2.java
-rw-rw-r--   1 travis travis   880 Apr  9 04:05 ModularCodeGen4_A1_B2.mk
-rw-rw-r--   1 travis travis  1330 Apr  9 04:05 ModularCodeGen4_A1_B2_profile.class
-rw-rw-r--   1 travis travis  1273 Apr  9 04:05 ModularCodeGen4_A1_B2_profile.java
-rw-rw-r--   1 travis travis  5101 Apr  9 04:05 ModularCodeGen4_A1.class
-rw-rw-r--   1 travis travis 16245 Apr  9 04:05 ModularCodeGen4_A1.java
-rw-rw-r--   1 travis travis   856 Apr  9 04:05 ModularCodeGen4_A1.mk
-rw-rw-r--   1 travis travis  1445 Apr  9 04:05 ModularCodeGen4_A1_profile.class
-rw-rw-r--   1 travis travis  1712 Apr  9 04:05 ModularCodeGen4_A1_profile.java
-rw-rw-r--   1 travis travis  3988 Apr  9 04:05 ModularCodeGen4_A2_B1.class
-rw-rw-r--   1 travis travis 11375 Apr  9 04:05 ModularCodeGen4_A2_B1.java
-rw-rw-r--   1 travis travis   880 Apr  9 04:05 ModularCodeGen4_A2_B1.mk
-rw-rw-r--   1 travis travis  1393 Apr  9 04:05 ModularCodeGen4_A2_B1_profile.class
-rw-rw-r--   1 travis travis  1454 Apr  9 04:05 ModularCodeGen4_A2_B1_profile.java
-rw-rw-r--   1 travis travis  3842 Apr  9 04:05 ModularCodeGen4_A2_B2.class
-rw-rw-r--   1 travis travis 10378 Apr  9 04:05 ModularCodeGen4_A2_B2.java
-rw-rw-r--   1 travis travis   880 Apr  9 04:05 ModularCodeGen4_A2_B2.mk
-rw-rw-r--   1 travis travis  1330 Apr  9 04:05 ModularCodeGen4_A2_B2_profile.class
-rw-rw-r--   1 travis travis  1270 Apr  9 04:05 ModularCodeGen4_A2_B2_profile.java
-rw-rw-r--   1 travis travis  5274 Apr  9 04:05 ModularCodeGen4_A2.class
-rw-rw-r--   1 travis travis 16770 Apr  9 04:05 ModularCodeGen4_A2.java
-rw-rw-r--   1 travis travis   856 Apr  9 04:05 ModularCodeGen4_A2.mk
-rw-rw-r--   1 travis travis  1445 Apr  9 04:05 ModularCodeGen4_A2_profile.class
-rw-rw-r--   1 travis travis  1712 Apr  9 04:05 ModularCodeGen4_A2_profile.java
-rw-rw-r--   1 travis travis  6838 Apr  9 04:05 ModularCodeGen5_A_A.class
-rw-rw-r--   1 travis travis 28721 Apr  9 04:05 ModularCodeGen5_A_A.java
-rw-rw-r--   1 travis travis   864 Apr  9 04:05 ModularCodeGen5_A_A.mk
-rw-rw-r--   1 travis travis  1520 Apr  9 04:05 ModularCodeGen5_A_A_profile.class
-rw-rw-r--   1 travis travis  1815 Apr  9 04:05 ModularCodeGen5_A_A_profile.java
-rw-rw-r--   1 travis travis  5115 Apr  9 04:05 ModularCodeGen5_A.class
-rw-rw-r--   1 travis travis 13769 Apr  9 04:05 ModularCodeGen5_A.java
-rw-rw-r--   1 travis travis   848 Apr  9 04:05 ModularCodeGen5_A.mk
-rw-rw-r--   1 travis travis  1422 Apr  9 04:05 ModularCodeGen5_A_profile.class
-rw-rw-r--   1 travis travis  1605 Apr  9 04:05 ModularCodeGen5_A_profile.java
-rw-rw-r--   1 travis travis  4125 Apr  9 04:05 ModularCodeGen6_A_A2.class
-rw-rw-r--   1 travis travis 11329 Apr  9 04:05 ModularCodeGen6_A_A2.java
-rw-rw-r--   1 travis travis   872 Apr  9 04:05 ModularCodeGen6_A_A2.mk
-rw-rw-r--   1 travis travis  1351 Apr  9 04:05 ModularCodeGen6_A_A2_profile.class
-rw-rw-r--   1 travis travis  1364 Apr  9 04:05 ModularCodeGen6_A_A2_profile.java
-rw-rw-r--   1 travis travis  4108 Apr  9 04:05 ModularCodeGen6_A_A.class
-rw-rw-r--   1 travis travis 11221 Apr  9 04:05 ModularCodeGen6_A_A.java
-rw-rw-r--   1 travis travis   864 Apr  9 04:05 ModularCodeGen6_A_A.mk
-rw-rw-r--   1 travis travis  1348 Apr  9 04:05 ModularCodeGen6_A_A_profile.class
-rw-rw-r--   1 travis travis  1361 Apr  9 04:05 ModularCodeGen6_A_A_profile.java
-rw-rw-r--   1 travis travis  7237 Apr  9 04:05 ModularCodeGen6_A.class
-rw-rw-r--   1 travis travis 26535 Apr  9 04:05 ModularCodeGen6_A.java
-rw-rw-r--   1 travis travis   848 Apr  9 04:05 ModularCodeGen6_A.mk
-rw-rw-r--   1 travis travis  1483 Apr  9 04:05 ModularCodeGen6_A_profile.class
-rw-rw-r--   1 travis travis  1810 Apr  9 04:05 ModularCodeGen6_A_profile.java
-rw-rw-r--   1 travis travis  9439 Apr  9 04:05 ModularCodeGenLazyPubSubGlobal_CompositeActor_ModularCodeGenTypedComposite.class
-rw-rw-r--   1 travis travis 30161 Apr  9 04:05 ModularCodeGenLazyPubSubGlobal_CompositeActor_ModularCodeGenTypedComposite.java
-rw-rw-r--   1 travis travis  1304 Apr  9 04:05 ModularCodeGenLazyPubSubGlobal_CompositeActor_ModularCodeGenTypedComposite.mk
-rw-rw-r--   1 travis travis  1438 Apr  9 04:05 ModularCodeGenLazyPubSubGlobal_CompositeActor_ModularCodeGenTypedComposite_profile.class
-rw-rw-r--   1 travis travis  1384 Apr  9 04:05 ModularCodeGenLazyPubSubGlobal_CompositeActor_ModularCodeGenTypedComposite_profile.java
-rw-rw-r--   1 travis travis  3952 Apr  9 04:05 ModularCodeGenLazyPubSub_LazyCompositeActor.class
-rw-rw-r--   1 travis travis 11122 Apr  9 04:05 ModularCodeGenLazyPubSub_LazyCompositeActor.java
-rw-rw-r--   1 travis travis  1056 Apr  9 04:05 ModularCodeGenLazyPubSub_LazyCompositeActor.mk
-rw-rw-r--   1 travis travis  1286 Apr  9 04:05 ModularCodeGenLazyPubSub_LazyCompositeActor_profile.class
-rw-rw-r--   1 travis travis  1091 Apr  9 04:05 ModularCodeGenLazyPubSub_LazyCompositeActor_profile.java
-rw-rw-r--   1 travis travis  3954 Apr  9 04:05 ModularCodeGen_ModularCodeGenTypedCompositeActor.class
-rw-rw-r--   1 travis travis 10970 Apr  9 04:05 ModularCodeGen_ModularCodeGenTypedCompositeActor.java
-rw-rw-r--   1 travis travis  1096 Apr  9 04:05 ModularCodeGen_ModularCodeGenTypedCompositeActor.mk
-rw-rw-r--   1 travis travis  1384 Apr  9 04:05 ModularCodeGen_ModularCodeGenTypedCompositeActor_profile.class
-rw-rw-r--   1 travis travis  1328 Apr  9 04:05 ModularCodeGen_ModularCodeGenTypedCompositeActor_profile.java
-rw-rw-r--   1 travis travis  3441 Apr  9 04:05 ModularCodeGenPubSub2_A1_A.class
-rw-rw-r--   1 travis travis  8578 Apr  9 04:05 ModularCodeGenPubSub2_A1_A.java
-rw-rw-r--   1 travis travis   920 Apr  9 04:05 ModularCodeGenPubSub2_A1_A.mk
-rw-rw-r--   1 travis travis  1274 Apr  9 04:05 ModularCodeGenPubSub2_A1_A_profile.class
-rw-rw-r--   1 travis travis  1128 Apr  9 04:05 ModularCodeGenPubSub2_A1_A_profile.java
-rw-rw-r--   1 travis travis  1196 Apr  9 04:05 ModularCodeGenPubSub2_A1_profile.java
-rw-rw-r--   1 travis travis  3475 Apr  9 04:05 ModularCodeGenPubSub_A1.class
-rw-rw-r--   1 travis travis  9060 Apr  9 04:05 ModularCodeGenPubSub_A1.java
-rw-rw-r--   1 travis travis   896 Apr  9 04:05 ModularCodeGenPubSub_A1.mk
-rw-rw-r--   1 travis travis  1278 Apr  9 04:05 ModularCodeGenPubSub_A1_profile.class
-rw-rw-r--   1 travis travis  1195 Apr  9 04:05 ModularCodeGenPubSub_A1_profile.java
-rw-rw-r--   1 travis travis  3492 Apr  9 04:04 ModularCodeGenTest_A1_A2.class
-rw-rw-r--   1 travis travis   904 Apr  9 04:04 ModularCodeGenTest_A1_A2.mk
-rw-rw-r--   1 travis travis  1306 Apr  9 04:04 ModularCodeGenTest_A1_A2_profile.class
-rw-rw-r--   1 travis travis  3823 Apr  9 04:04 ModularCodeGenTest_A1.class
-rw-rw-r--   1 travis travis  9968 Apr  9 04:04 ModularCodeGenTest_A1.java
-rw-rw-r--   1 travis travis   880 Apr  9 04:04 ModularCodeGenTest_A1.mk
-rw-rw-r--   1 travis travis  1352 Apr  9 04:04 ModularCodeGenTest_A1_profile.class
-rw-rw-r--   1 travis travis  1394 Apr  9 04:04 ModularCodeGenTest_A1_profile.java
drwxrwxr-x   3 travis travis 36864 Apr  9 04:04 modulation2
drwxrwxr-x   3 travis travis 20480 Apr  9 04:01 Multiplexor
drwxrwxr-x 242 travis travis 12288 Apr  9 04:04 node_modules
drwxrwxr-x   3 travis travis 20480 Apr  9 04:01 PhaseUnwrap
-rw-rw-r--   1 travis travis   520 Apr  9 04:04 Repeat$_fireFunction_Repeat_Repeat$__f_sL_0.class
-rw-rw-r--   1 travis travis   522 Apr  9 04:04 Repeat$_fireFunction_Repeat_Repeat$__f_sL_10.class
-rw-rw-r--   1 travis travis   666 Apr  9 04:04 Repeat$_fireFunction_Repeat_Repeat$__f_sL_11.class
-rw-rw-r--   1 travis travis   522 Apr  9 04:04 Repeat$_fireFunction_Repeat_Repeat$__f_sL_13.class
-rw-rw-r--   1 travis travis   665 Apr  9 04:04 Repeat$_fireFunction_Repeat_Repeat$__f_sL_1.class
-rw-rw-r--   1 travis travis   520 Apr  9 04:04 Repeat$_fireFunction_Repeat_Repeat$__f_sL_2.class
-rw-rw-r--   1 travis travis   520 Apr  9 04:04 Repeat$_fireFunction_Repeat_Repeat$__f_sL_3.class
-rw-rw-r--   1 travis travis   520 Apr  9 04:04 Repeat$_fireFunction_Repeat_Repeat$__f_sL_5.class
-rw-rw-r--   1 travis travis   671 Apr  9 04:04 Repeat$_fireFunction_Repeat_Repeat$__f_sL_7.class
-rw-rw-r--   1 travis travis   520 Apr  9 04:04 Repeat$_fireFunction_Repeat_Repeat$__f_sL_9.class
-rw-rw-r--   1 travis travis   813 Apr  9 04:04 Repeat$_initialize_Repeat.class
-rw-rw-r--   1 travis travis   475 Apr  9 04:04 Repeat$_initialize_Repeat$__i_sL_0.class
-rw-rw-r--   1 travis travis   519 Apr  9 04:04 Repeat$_initialize_Repeat$__i_sL_3.class
-rw-rw-r--   1 travis travis 39778 Apr  9 04:04 Repeat.java
-rw-rw-r--   1 travis travis  1281 Apr  9 04:04 Repeat.mk
-rw-rw-r--   1 travis travis   520 Apr  9 04:04 Repeat$_preinitializeMethod_Repeat$__p_sL_0.class
-rw-rw-r--   1 travis travis   520 Apr  9 04:04 Repeat$_preinitializeMethod_Repeat$__p_sL_1.class
-rw-rw-r--   1 travis travis  1083 Apr  9 04:04 Repeat$_Repeat$_fireFunction_Repeat_AddSubtract_Repeat.class
-rw-rw-r--   1 travis travis   791 Apr  9 04:04 Repeat$_Repeat$_fireFunction_Repeat_AddSubtract_Repeat$__f_sL_0.class
-rw-rw-r--   1 travis travis   909 Apr  9 04:04 Repeat$_Repeat$_fireFunction_Repeat_AddSubtract_Repeat$__f_sL_1.class
-rw-rw-r--   1 travis travis   915 Apr  9 04:04 Repeat$_Repeat$_fireFunction_Repeat_AddSubtract_Repeat$__f_sL_2.class
-rw-rw-r--   1 travis travis   838 Apr  9 04:04 Repeat$_Repeat$_fireFunction_Repeat_Ramp2_Repeat$__f_sL_1.class
-rw-rw-r--   1 travis travis  1785 Apr  9 04:04 Repeat$_Repeat$_fireFunction_Repeat_Test_Repeat$__f_sL_2.class
-rw-rw-r--   1 travis travis   685 Apr  9 04:04 Repeat$_Repeat_SDF_Director_run_Repeat$__R_sL_0.class
-rw-rw-r--   1 travis travis   540 Apr  9 04:04 Repeat$_Repeat_SDF_Director_run_Repeat$__R_sL_1.class
-rw-rw-r--   1 travis travis   540 Apr  9 04:04 Repeat$_Repeat_SDF_Director_run_Repeat$__R_sL_2.class
-rw-rw-r--   1 travis travis   540 Apr  9 04:04 Repeat$_Repeat_SDF_Director_run_Repeat$__R_sL_4.class
-rw-rw-r--   1 travis travis   540 Apr  9 04:04 Repeat$_Repeat_SDF_Director_run_Repeat$__R_sL_5.class
-rw-rw-r--   1 travis travis   691 Apr  9 04:04 Repeat$_Repeat_SDF_Director_run_Repeat$__R_sL_6.class
-rw-rw-r--   1 travis travis   540 Apr  9 04:04 Repeat$_Repeat_SDF_Director_run_Repeat$__R_sL_7.class
-rw-rw-r--   1 travis travis   863 Apr  9 04:04 Repeat$_varinit_Repeat.class
-rw-rw-r--   1 travis travis   530 Apr  9 04:04 Repeat$_varinit_Repeat$__v_sL_1.class
-rw-rw-r--   1 travis travis   531 Apr  9 04:04 Repeat$_varinit_Repeat$__v_sL_2.class
-rw-rw-r--   1 travis travis   905 Apr  9 04:04 Repeat$_varinit_Repeat$__v_sL_4.class
-rw-rw-r--   1 travis travis   635 Apr  9 04:04 Repeat$_wrapup_Repeat.class
-rw-rw-r--   1 travis travis   965 Apr  9 04:04 Repeat$_wrapup_Repeat$__w_sL_1.class
-rw-rw-r--   1 travis travis   289 Apr  9 03:59 result.csv
drwxrwxr-x   3 travis travis 12288 Apr  9 04:02 Scrambler1
drwxrwxr-x   3 travis travis 20480 Apr  9 04:01 Sinewave2
drwxrwxr-x   3 travis travis 69632 Apr  9 04:02 StringCompare
drwxrwxr-x   3 travis travis 32768 Apr  9 04:02 StringFunction
drwxrwxr-x   3 travis travis 12288 Apr  9 04:03 StringLength
drwxrwxr-x   3 travis travis 57344 Apr  9 04:03 StringSimpleReplace
drwxrwxr-x   3 travis travis 12288 Apr  9 04:04 time2
drwxrwxr-x   3 travis travis 12288 Apr  9 04:04 time5
-rw-rw-r--   1 travis travis   432 Apr  9 04:05 Token.class
-rw-rw-r--   1 travis travis   251 Apr  9 04:05 Token.java
-rw-rw-r--   1 travis travis     0 Apr  9 04:04 top.
-rw-rw-r--   1 travis travis 20502 Apr  9 03:59 top.c
-rw-rw-r--   1 travis travis  3567 Apr  9 04:04 top.class
-rw-rw-r--   1 travis travis   169 Apr  9 03:59 top.html
-rw-rw-r--   1 travis travis  7552 Apr  9 04:04 top.java
-rw-rw-r--   1 travis travis 38888 Apr  9 03:59 top.o
drwxrwxr-x   3 travis travis 57344 Apr  9 04:02 UnaryMathFunction
All Done
Writing ModularCodeGenPubSub2_A1.java in file:/home/travis/cg/ (9781 characters)
Reading "ptolemy/cg/kernel/generic/program/procedural/java/modular/makefile.in",
    writing "/home/travis/cg/ModularCodeGenPubSub2_A1.mk"
Using ptolemy/cg/kernel/generic/program/procedural/java/modular/makefile.in
In "/home/travis/cg", about to execute:
    make -f ModularCodeGenPubSub2_A1.mk
javac -classpath ".:.."    ModularCodeGenPubSub2_A1.java
All Done
4331 ms. Memory: 129024K Free: 99604K (77%)
----------------- Invoking toplevel() on ptolemy.moml.MoMLSimpleApplication@78fd0669
----------------- Done invoking toplevel() on ptolemy.moml.MoMLSimpleApplication@78fd0669
reloadAllAccessors: .ModularCodeGenPubSub2

===========================================================================================
----------------- testing Tue Apr 09 04:05:57 UTC 2019 /home/travis/build/icyphy/ptII/ptolemy/cg/lib/test/auto/ModularCodeGenPubSub3.xml
----------------- Instantiating /home/travis/build/icyphy/ptII/ptolemy/cg/lib/test/auto/ModularCodeGenPubSub3.xml
In "/home/travis/cg", about to execute:
    pwd
In "/home/travis/cg", about to execute:
    ls -l
/home/travis/cg
In "/home/travis/cg", about to execute:
    javac -classpath
.:/home/travis/build/icyphy/ptII:/home/travis/build/icyphy/ptII/lib/bsh-2.0b4.j
ar:/home/travis/build/icyphy/ptII/lib/ptCal.jar:/home/travis/build/icyphy/ptII/
lib/java_cup.jar:/home/travis/build/icyphy/ptII/lib/saxon8.jar:/home/travis/bui
ld/icyphy/ptII/lib/saxon8-dom.jar:/home/travis/build/icyphy/ptII/lib/chic.jar:/
home/travis/build/icyphy/ptII/lib/ptcolt.jar:/usr/lib/jvm/java-8-oracle/lib/too
ls.jar:/home/travis/build/icyphy/ptII/vendors/misc/itext/iText.jar:/home/travis
/build/icyphy/ptII/lib/g4ltl.jar:/home/travis/build/icyphy/ptII/lib/StructuralC
oder.jar:/home/travis/build/icyphy/ptII/vendors/jai-1_1_2_01/lib/jai_core.jar:/
home/travis/build/icyphy/ptII/vendors/jai-1_1_2_01/lib/jai_codec.jar:/home/trav
is/build/icyphy/ptII/lib/jcerti.jar:/home/travis/build/icyphy/ptII/lib/javax.ma
il.jar:/home/travis/build/icyphy/ptII/vendors/JMF-2.1.1e/lib/jmf.jar:/home/trav
is/build/icyphy/ptII/lib/jna-4.0.0-variadic.jar:/home/travis/build/icyphy/ptII/
vendors/misc/joystick/Joystick.jar:/home/travis/build/icyphy/ptII/lib/ptjacl.ja
r:/home/travis/build/icyphy/ptII/lib/jsoup-1.8.2.jar:/home/travis/build/icyphy/
ptII/lib/junit-4.8.2.jar:/home/travis/build/icyphy/ptII/lib/JUnitParams-0.4.0.j
ar:/home/travis/build/icyphy/ptII/ptolemy/actor/lib/excel/jxl.jar:/home/travis/
build/icyphy/ptII/lib/jython.jar:/home/travis/build/icyphy/ptII/lib/kieler.jar:
/home/travis/build/icyphy/ptII/vendors/opencv/share/OpenCV/java/opencv-341.jar:
/home/travis/build/icyphy/ptII/lib/oscP5.jar:/home/travis/build/icyphy/ptII/lib
/nrjavaserial-3.11.0.devel.jar:/home/travis/build/icyphy/ptII/vendors/j3d/lib/j
3dcore.jar:/home/travis/build/icyphy/ptII/vendors/j3d/lib/j3dutils.jar:/home/tr
avis/build/icyphy/ptII/vendors/j3d/lib/vecmath.jar:/home/travis/build/icyphy/pt
II/ptolemy/distributed/jini/jar/jini-core.jar:/home/travis/build/icyphy/ptII/pt
olemy/distributed/jini/jar/jini-ext.jar:/home/travis/build/icyphy/ptII/ptolemy/
distributed/jini/jar/sun-util.jar:/home/travis/build/icyphy/ptII/lib/protobuf-j
ava-2.4.1.jar:/home/travis/build/icyphy/ptII/lib/org.eclipse.paho.client.mqttv3
.jar:/home/travis/build/icyphy/ptII/lib/mapss.jar:/home/travis/build/icyphy/ptI
I/ptolemy/actor/ptalon/antlr/antlr.jar:/home/travis/build/icyphy/ptII/lib/JRI.j
ar:/home/travis/build/icyphy/ptII/lib/commons-lang-2.6.jar:/home/travis/build/i
cyphy/ptII/lib/commons-logging-1.1.1.jar:/home/travis/build/icyphy/ptII/lib/soo
tclasses.jar:/home/travis/build/icyphy/ptII/ptolemy/actor/lib/database/mysql-co
nnector-java-5.1.6-bin.jar:/home/travis/build/icyphy/ptII/vendors/misc/sphinx4/
sphinx4-data-5prealpha.jar:/home/travis/build/icyphy/ptII/vendors/misc/sphinx4/
sphinx4-core-5prealpha.jar:/home/travis/build/icyphy/ptII/lib/PDFRenderer.jar:/
home/travis/build/icyphy/ptII/lib/svgSalamander.jar:/home/travis/build/icyphy/p
tII/lib/rsyntaxtextarea-2.6.0-SNAPSHOT.jar:/home/travis/build/icyphy/ptII/lib/h
azelcast-3.8.2.jar:/home/travis/build/icyphy/ptII/lib/jackson-annotations-2.9.0
.jar:/home/travis/build/icyphy/ptII/lib/jackson-core-2.9.3.jar:/home/travis/bui
ld/icyphy/ptII/lib/jackson-databind-2.9.3.jar:/home/travis/build/icyphy/ptII/li
b/netty-buffer-4.1.19.Final.jar:/home/travis/build/icyphy/ptII/lib/netty-codec-
4.1.19.Final.jar:/home/travis/build/icyphy/ptII/lib/netty-codec-dns-4.1.19.Fina
l.jar:/home/travis/build/icyphy/ptII/lib/netty-codec-http-4.1.19.Final.jar:/hom
e/travis/build/icyphy/ptII/lib/netty-codec-http2-4.1.19.Final.jar:/home/travis/
build/icyphy/ptII/lib/netty-common-4.1.19.Final.jar:/home/travis/build/icyphy/p
tII/lib/netty-handler-4.1.19.Final.jar:/home/travis/build/icyphy/ptII/lib/netty
-resolver-4.1.19.Final.jar:/home/travis/build/icyphy/ptII/lib/netty-resolver-dn
s-4.1.19.Final.jar:/home/travis/build/icyphy/ptII/lib/netty-transport-4.1.19.Fi
nal.jar:/home/travis/build/icyphy/ptII/lib/vertx-codegen-3.5.1.jar:/home/travis
/build/icyphy/ptII/lib/vertx-core-3.5.2-SNAPSHOT.jar:/home/travis/build/icyphy/
ptII/lib/vertx-hazelcast-3.5.1.jar:/home/travis/build/icyphy/ptII/lib/vertx-lan
g-js-3.5.1.jar:/home/travis/build/icyphy/ptII/lib/vertx-service-proxy-3.5.1.jar
:/home/travis/build/icyphy/ptII/lib/vertx-web-3.5.1.jar:/home/travis/build/icyp
hy/ptII/lib/slf4j-api-1.7.13.jar:/home/travis/build/icyphy/ptII/lib/slf4j-simpl
e-1.7.13.jar:/home/travis/build/icyphy/ptII/lib/webcam-capture-0.3.12.jar:/home
/travis/build/icyphy/ptII/lib/bridj-0.7.0.jar:/home/travis/build/icyphy/ptII/li
b/xbjlib-1.1.0.nrjavaserial.jar:/home/travis/build/icyphy/ptII/ptolemy/moml/tes
t:/home/travis/build/icyphy/ptII/ant/lib/ant-launcher.jar:/home/travis/build/ic
yphy/ptII/ant/lib/ant.jar:/home/travis/build/icyphy/ptII/ant/lib/ant-junit.jar:
/home/travis/build/icyphy/ptII/ant/lib/ant-junit4.jar:/home/travis/build/icyphy
/ptII ModularCodeGenPubSub3_A1_A2_profile.java
total 2108
drwxrwxr-x   3 travis travis 12288 Apr  9 04:00 AbsoluteValue
-rw-rw-r--   1 travis travis   233 Apr  9 04:05 Array.class
-rw-rw-r--   1 travis travis   459 Apr  9 04:05 Array.java
drwxrwxr-x   3 travis travis 16384 Apr  9 04:00 Case1
drwxrwxr-x   3 travis travis 32768 Apr  9 04:00 Case2
-rw-rw-r--   1 travis travis  4895 Apr  9 04:04 CompiledCompositeActor_CompiledCompositeActor.class
-rw-rw-r--   1 travis travis  1592 Apr  9 04:04 CompiledCompositeActor_CompiledCompositeActor$_CompiledCompositeActor_CompiledCompositeActor.class
-rw-rw-r--   1 travis travis 13466 Apr  9 04:04 CompiledCompositeActor_CompiledCompositeActor.java
-rw-rw-r--   1 travis travis  1593 Apr  9 04:04 CompiledCompositeActor_CompiledCompositeActor.mk
drwxrwxr-x   3 travis travis 24576 Apr  9 04:02 DeScrambler
drwxrwxr-x   3 travis travis 16384 Apr  9 04:04 DotProduct
drwxrwxr-x   3 travis travis 12288 Apr  9 04:00 FileWriter1
drwxrwxr-x   3 travis travis 20480 Apr  9 04:00 FixToDoubleAndBack
drwxrwxr-x   3 travis travis 16384 Apr  9 04:00 Gaussian1
drwxrwxr-x   3 travis travis 20480 Apr  9 04:00 Gaussian2
-rw-rw-r--   1 travis travis  4457 Apr  9 04:04 JavaCompiledCompositeTest1_CompiledCompositeActor.class
-rw-rw-r--   1 travis travis 11637 Apr  9 04:04 JavaCompiledCompositeTest1_CompiledCompositeActor.java
-rw-rw-r--   1 travis travis  1198 Apr  9 04:04 JavaCompiledCompositeTest1_CompiledCompositeActor$_JavaCompiledCompositeTest1_CompiledCompositeActor.class
-rw-rw-r--   1 travis travis  1625 Apr  9 04:04 JavaCompiledCompositeTest1_CompiledCompositeActor.mk
-rw-rw-r--   1 travis travis  4888 Apr  9 04:04 JavaCompiledCompositeTest2_CompiledCompositeActor.class
-rw-rw-r--   1 travis travis 14919 Apr  9 04:04 JavaCompiledCompositeTest2_CompiledCompositeActor.java
-rw-rw-r--   1 travis travis  1793 Apr  9 04:04 JavaCompiledCompositeTest2_CompiledCompositeActor$_JavaCompiledCompositeTest2_CompiledCompositeActor.class
-rw-rw-r--   1 travis travis  1625 Apr  9 04:04 JavaCompiledCompositeTest2_CompiledCompositeActor.mk
-rw-rw-r--   1 travis travis  4505 Apr  9 04:04 JavaCompiledCompositeTest3_CompiledCompositeActor.class
-rw-rw-r--   1 travis travis 13080 Apr  9 04:04 JavaCompiledCompositeTest3_CompiledCompositeActor.java
-rw-rw-r--   1 travis travis  1378 Apr  9 04:04 JavaCompiledCompositeTest3_CompiledCompositeActor$_JavaCompiledCompositeTest3_CompiledCompositeActor.class
-rw-rw-r--   1 travis travis  1625 Apr  9 04:04 JavaCompiledCompositeTest3_CompiledCompositeActor.mk
-rw-rw-r--   1 travis travis  3953 Apr  9 04:04 JavaCompiledCompositeTest4_CompiledCompositeActor.class
-rw-rw-r--   1 travis travis  9687 Apr  9 04:04 JavaCompiledCompositeTest4_CompiledCompositeActor.java
-rw-rw-r--   1 travis travis   857 Apr  9 04:04 JavaCompiledCompositeTest4_CompiledCompositeActor$_JavaCompiledCompositeTest4_CompiledCompositeActor.class
-rw-rw-r--   1 travis travis  1625 Apr  9 04:04 JavaCompiledCompositeTest4_CompiledCompositeActor.mk
drwxrwxr-x   3 travis travis 12288 Apr  9 04:01 LookupTable
drwxrwxr-x   3 travis travis 20480 Apr  9 04:01 MaxIndex
-rw-rw-r--   1 travis travis  3693 Apr  9 04:04 ModularCG_A1_B1.class
-rw-rw-r--   1 travis travis  9730 Apr  9 04:04 ModularCG_A1_B1.java
-rw-rw-r--   1 travis travis   832 Apr  9 04:04 ModularCG_A1_B1.mk
-rw-rw-r--   1 travis travis  1318 Apr  9 04:04 ModularCG_A1_B1_profile.class
-rw-rw-r--   1 travis travis  1262 Apr  9 04:04 ModularCG_A1_B1_profile.java
-rw-rw-r--   1 travis travis  3693 Apr  9 04:04 ModularCG_A1_B2.class
-rw-rw-r--   1 travis travis  9730 Apr  9 04:04 ModularCG_A1_B2.java
-rw-rw-r--   1 travis travis   832 Apr  9 04:04 ModularCG_A1_B2.mk
-rw-rw-r--   1 travis travis  1318 Apr  9 04:04 ModularCG_A1_B2_profile.class
-rw-rw-r--   1 travis travis  1262 Apr  9 04:04 ModularCG_A1_B2_profile.java
-rw-rw-r--   1 travis travis  4799 Apr  9 04:04 ModularCG_A1.class
-rw-rw-r--   1 travis travis 14742 Apr  9 04:04 ModularCG_A1.java
-rw-rw-r--   1 travis travis   808 Apr  9 04:04 ModularCG_A1.mk
-rw-rw-r--   1 travis travis  1433 Apr  9 04:04 ModularCG_A1_profile.class
-rw-rw-r--   1 travis travis  1704 Apr  9 04:04 ModularCG_A1_profile.java
-rw-rw-r--   1 travis travis  3827 Apr  9 04:04 ModularCG_A2_B1.class
-rw-rw-r--   1 travis travis 10667 Apr  9 04:04 ModularCG_A2_B1.java
-rw-rw-r--   1 travis travis   832 Apr  9 04:04 ModularCG_A2_B1.mk
-rw-rw-r--   1 travis travis  1381 Apr  9 04:04 ModularCG_A2_B1_profile.class
-rw-rw-r--   1 travis travis  1446 Apr  9 04:04 ModularCG_A2_B1_profile.java
-rw-rw-r--   1 travis travis  3693 Apr  9 04:04 ModularCG_A2_B2.class
-rw-rw-r--   1 travis travis  9730 Apr  9 04:04 ModularCG_A2_B2.java
-rw-rw-r--   1 travis travis   832 Apr  9 04:04 ModularCG_A2_B2.mk
-rw-rw-r--   1 travis travis  1318 Apr  9 04:04 ModularCG_A2_B2_profile.class
-rw-rw-r--   1 travis travis  1262 Apr  9 04:04 ModularCG_A2_B2_profile.java
-rw-rw-r--   1 travis travis  4870 Apr  9 04:05 ModularCG_A2.class
-rw-rw-r--   1 travis travis 15129 Apr  9 04:05 ModularCG_A2.java
-rw-rw-r--   1 travis travis   808 Apr  9 04:05 ModularCG_A2.mk
-rw-rw-r--   1 travis travis  1433 Apr  9 04:05 ModularCG_A2_profile.class
-rw-rw-r--   1 travis travis  1704 Apr  9 04:04 ModularCG_A2_profile.java
-rw-rw-r--   1 travis travis  3473 Apr  9 04:05 ModularCGPubSub_A1_A2.class
-rw-rw-r--   1 travis travis  9076 Apr  9 04:05 ModularCGPubSub_A1_A2.java
-rw-rw-r--   1 travis travis   880 Apr  9 04:05 ModularCGPubSub_A1_A2.mk
-rw-rw-r--   1 travis travis  1300 Apr  9 04:05 ModularCGPubSub_A1_A2_profile.class
-rw-rw-r--   1 travis travis  1222 Apr  9 04:05 ModularCGPubSub_A1_A2_profile.java
-rw-rw-r--   1 travis travis  3790 Apr  9 04:05 ModularCGPubSub_A1.class
-rw-rw-r--   1 travis travis  9836 Apr  9 04:05 ModularCGPubSub_A1.java
-rw-rw-r--   1 travis travis   856 Apr  9 04:05 ModularCGPubSub_A1.mk
-rw-rw-r--   1 travis travis  1346 Apr  9 04:05 ModularCGPubSub_A1_profile.class
-rw-rw-r--   1 travis travis  1388 Apr  9 04:05 ModularCGPubSub_A1_profile.java
-rw-rw-r--   1 travis travis  3988 Apr  9 04:05 ModularCodeGen2_ModularCodeGenTypedCompositeActor.class
-rw-rw-r--   1 travis travis 11690 Apr  9 04:05 ModularCodeGen2_ModularCodeGenTypedCompositeActor.java
-rw-rw-r--   1 travis travis  1104 Apr  9 04:05 ModularCodeGen2_ModularCodeGenTypedCompositeActor.mk
-rw-rw-r--   1 travis travis  4272 Apr  9 04:05 ModularCodeGen2_ModularCodeGenTypedCompositeActor_ModularCodeGenTypedCompositeActor.class
-rw-rw-r--   1 travis travis 11790 Apr  9 04:05 ModularCodeGen2_ModularCodeGenTypedCompositeActor_ModularCodeGenTypedCompositeActor.java
-rw-rw-r--   1 travis travis  1376 Apr  9 04:05 ModularCodeGen2_ModularCodeGenTypedCompositeActor_ModularCodeGenTypedCompositeActor.mk
-rw-rw-r--   1 travis travis  1421 Apr  9 04:05 ModularCodeGen2_ModularCodeGenTypedCompositeActor_ModularCodeGenTypedCompositeActor_profile.class
-rw-rw-r--   1 travis travis  1294 Apr  9 04:05 ModularCodeGen2_ModularCodeGenTypedCompositeActor_ModularCodeGenTypedCompositeActor_profile.java
-rw-rw-r--   1 travis travis   820 Apr  9 04:05 ModularCodeGen2_ModularCodeGenTypedCompositeActor_profile.class
-rw-rw-r--   1 travis travis   693 Apr  9 04:05 ModularCodeGen2_ModularCodeGenTypedCompositeActor_profile.java
-rw-rw-r--   1 travis travis  3741 Apr  9 04:05 ModularCodeGen3_A1_B1.class
-rw-rw-r--   1 travis travis  9958 Apr  9 04:05 ModularCodeGen3_A1_B1.java
-rw-rw-r--   1 travis travis   880 Apr  9 04:05 ModularCodeGen3_A1_B1.mk
-rw-rw-r--   1 travis travis  1330 Apr  9 04:05 ModularCodeGen3_A1_B1_profile.class
-rw-rw-r--   1 travis travis  1274 Apr  9 04:05 ModularCodeGen3_A1_B1_profile.java
-rw-rw-r--   1 travis travis  3741 Apr  9 04:05 ModularCodeGen3_A1_B2.class
-rw-rw-r--   1 travis travis  9958 Apr  9 04:05 ModularCodeGen3_A1_B2.java
-rw-rw-r--   1 travis travis   880 Apr  9 04:05 ModularCodeGen3_A1_B2.mk
-rw-rw-r--   1 travis travis  1330 Apr  9 04:05 ModularCodeGen3_A1_B2_profile.class
-rw-rw-r--   1 travis travis  1274 Apr  9 04:05 ModularCodeGen3_A1_B2_profile.java
-rw-rw-r--   1 travis travis  4961 Apr  9 04:05 ModularCodeGen3_A1.class
-rw-rw-r--   1 travis travis 15564 Apr  9 04:05 ModularCodeGen3_A1.java
-rw-rw-r--   1 travis travis   856 Apr  9 04:05 ModularCodeGen3_A1.mk
-rw-rw-r--   1 travis travis  1445 Apr  9 04:05 ModularCodeGen3_A1_profile.class
-rw-rw-r--   1 travis travis  1716 Apr  9 04:05 ModularCodeGen3_A1_profile.java
-rw-rw-r--   1 travis travis  3887 Apr  9 04:05 ModularCodeGen3_A2_B1.class
-rw-rw-r--   1 travis travis 10955 Apr  9 04:05 ModularCodeGen3_A2_B1.java
-rw-rw-r--   1 travis travis   880 Apr  9 04:05 ModularCodeGen3_A2_B1.mk
-rw-rw-r--   1 travis travis  1393 Apr  9 04:05 ModularCodeGen3_A2_B1_profile.class
-rw-rw-r--   1 travis travis  1458 Apr  9 04:05 ModularCodeGen3_A2_B1_profile.java
-rw-rw-r--   1 travis travis  3741 Apr  9 04:05 ModularCodeGen3_A2_B2.class
-rw-rw-r--   1 travis travis  9958 Apr  9 04:05 ModularCodeGen3_A2_B2.java
-rw-rw-r--   1 travis travis   880 Apr  9 04:05 ModularCodeGen3_A2_B2.mk
-rw-rw-r--   1 travis travis  1330 Apr  9 04:05 ModularCodeGen3_A2_B2_profile.class
-rw-rw-r--   1 travis travis  1274 Apr  9 04:05 ModularCodeGen3_A2_B2_profile.java
-rw-rw-r--   1 travis travis  5038 Apr  9 04:05 ModularCodeGen3_A2.class
-rw-rw-r--   1 travis travis 15957 Apr  9 04:05 ModularCodeGen3_A2.java
-rw-rw-r--   1 travis travis   856 Apr  9 04:05 ModularCodeGen3_A2.mk
-rw-rw-r--   1 travis travis  1445 Apr  9 04:05 ModularCodeGen3_A2_profile.class
-rw-rw-r--   1 travis travis  1716 Apr  9 04:05 ModularCodeGen3_A2_profile.java
-rw-rw-r--   1 travis travis  3794 Apr  9 04:05 ModularCodeGen4_A1_B1.class
-rw-rw-r--   1 travis travis 10312 Apr  9 04:05 ModularCodeGen4_A1_B1.java
-rw-rw-r--   1 travis travis   880 Apr  9 04:05 ModularCodeGen4_A1_B1.mk
-rw-rw-r--   1 travis travis  1330 Apr  9 04:05 ModularCodeGen4_A1_B1_profile.class
-rw-rw-r--   1 travis travis  1273 Apr  9 04:05 ModularCodeGen4_A1_B1_profile.java
-rw-rw-r--   1 travis travis  3794 Apr  9 04:05 ModularCodeGen4_A1_B2.class
-rw-rw-r--   1 travis travis 10312 Apr  9 04:05 ModularCodeGen4_A1_B2.java
-rw-rw-r--   1 travis travis   880 Apr  9 04:05 ModularCodeGen4_A1_B2.mk
-rw-rw-r--   1 travis travis  1330 Apr  9 04:05 ModularCodeGen4_A1_B2_profile.class
-rw-rw-r--   1 travis travis  1273 Apr  9 04:05 ModularCodeGen4_A1_B2_profile.java
-rw-rw-r--   1 travis travis  5101 Apr  9 04:05 ModularCodeGen4_A1.class
-rw-rw-r--   1 travis travis 16245 Apr  9 04:05 ModularCodeGen4_A1.java
-rw-rw-r--   1 travis travis   856 Apr  9 04:05 ModularCodeGen4_A1.mk
-rw-rw-r--   1 travis travis  1445 Apr  9 04:05 ModularCodeGen4_A1_profile.class
-rw-rw-r--   1 travis travis  1712 Apr  9 04:05 ModularCodeGen4_A1_profile.java
-rw-rw-r--   1 travis travis  3988 Apr  9 04:05 ModularCodeGen4_A2_B1.class
-rw-rw-r--   1 travis travis 11375 Apr  9 04:05 ModularCodeGen4_A2_B1.java
-rw-rw-r--   1 travis travis   880 Apr  9 04:05 ModularCodeGen4_A2_B1.mk
-rw-rw-r--   1 travis travis  1393 Apr  9 04:05 ModularCodeGen4_A2_B1_profile.class
-rw-rw-r--   1 travis travis  1454 Apr  9 04:05 ModularCodeGen4_A2_B1_profile.java
-rw-rw-r--   1 travis travis  3842 Apr  9 04:05 ModularCodeGen4_A2_B2.class
-rw-rw-r--   1 travis travis 10378 Apr  9 04:05 ModularCodeGen4_A2_B2.java
-rw-rw-r--   1 travis travis   880 Apr  9 04:05 ModularCodeGen4_A2_B2.mk
-rw-rw-r--   1 travis travis  1330 Apr  9 04:05 ModularCodeGen4_A2_B2_profile.class
-rw-rw-r--   1 travis travis  1270 Apr  9 04:05 ModularCodeGen4_A2_B2_profile.java
-rw-rw-r--   1 travis travis  5274 Apr  9 04:05 ModularCodeGen4_A2.class
-rw-rw-r--   1 travis travis 16770 Apr  9 04:05 ModularCodeGen4_A2.java
-rw-rw-r--   1 travis travis   856 Apr  9 04:05 ModularCodeGen4_A2.mk
-rw-rw-r--   1 travis travis  1445 Apr  9 04:05 ModularCodeGen4_A2_profile.class
-rw-rw-r--   1 travis travis  1712 Apr  9 04:05 ModularCodeGen4_A2_profile.java
-rw-rw-r--   1 travis travis  6838 Apr  9 04:05 ModularCodeGen5_A_A.class
-rw-rw-r--   1 travis travis 28721 Apr  9 04:05 ModularCodeGen5_A_A.java
-rw-rw-r--   1 travis travis   864 Apr  9 04:05 ModularCodeGen5_A_A.mk
-rw-rw-r--   1 travis travis  1520 Apr  9 04:05 ModularCodeGen5_A_A_profile.class
-rw-rw-r--   1 travis travis  1815 Apr  9 04:05 ModularCodeGen5_A_A_profile.java
-rw-rw-r--   1 travis travis  5115 Apr  9 04:05 ModularCodeGen5_A.class
-rw-rw-r--   1 travis travis 13769 Apr  9 04:05 ModularCodeGen5_A.java
-rw-rw-r--   1 travis travis   848 Apr  9 04:05 ModularCodeGen5_A.mk
-rw-rw-r--   1 travis travis  1422 Apr  9 04:05 ModularCodeGen5_A_profile.class
-rw-rw-r--   1 travis travis  1605 Apr  9 04:05 ModularCodeGen5_A_profile.java
-rw-rw-r--   1 travis travis  4125 Apr  9 04:05 ModularCodeGen6_A_A2.class
-rw-rw-r--   1 travis travis 11329 Apr  9 04:05 ModularCodeGen6_A_A2.java
-rw-rw-r--   1 travis travis   872 Apr  9 04:05 ModularCodeGen6_A_A2.mk
-rw-rw-r--   1 travis travis  1351 Apr  9 04:05 ModularCodeGen6_A_A2_profile.class
-rw-rw-r--   1 travis travis  1364 Apr  9 04:05 ModularCodeGen6_A_A2_profile.java
-rw-rw-r--   1 travis travis  4108 Apr  9 04:05 ModularCodeGen6_A_A.class
-rw-rw-r--   1 travis travis 11221 Apr  9 04:05 ModularCodeGen6_A_A.java
-rw-rw-r--   1 travis travis   864 Apr  9 04:05 ModularCodeGen6_A_A.mk
-rw-rw-r--   1 travis travis  1348 Apr  9 04:05 ModularCodeGen6_A_A_profile.class
-rw-rw-r--   1 travis travis  1361 Apr  9 04:05 ModularCodeGen6_A_A_profile.java
-rw-rw-r--   1 travis travis  7237 Apr  9 04:05 ModularCodeGen6_A.class
-rw-rw-r--   1 travis travis 26535 Apr  9 04:05 ModularCodeGen6_A.java
-rw-rw-r--   1 travis travis   848 Apr  9 04:05 ModularCodeGen6_A.mk
-rw-rw-r--   1 travis travis  1483 Apr  9 04:05 ModularCodeGen6_A_profile.class
-rw-rw-r--   1 travis travis  1810 Apr  9 04:05 ModularCodeGen6_A_profile.java
-rw-rw-r--   1 travis travis  9439 Apr  9 04:05 ModularCodeGenLazyPubSubGlobal_CompositeActor_ModularCodeGenTypedComposite.class
-rw-rw-r--   1 travis travis 30161 Apr  9 04:05 ModularCodeGenLazyPubSubGlobal_CompositeActor_ModularCodeGenTypedComposite.java
-rw-rw-r--   1 travis travis  1304 Apr  9 04:05 ModularCodeGenLazyPubSubGlobal_CompositeActor_ModularCodeGenTypedComposite.mk
-rw-rw-r--   1 travis travis  1438 Apr  9 04:05 ModularCodeGenLazyPubSubGlobal_CompositeActor_ModularCodeGenTypedComposite_profile.class
-rw-rw-r--   1 travis travis  1384 Apr  9 04:05 ModularCodeGenLazyPubSubGlobal_CompositeActor_ModularCodeGenTypedComposite_profile.java
-rw-rw-r--   1 travis travis  3952 Apr  9 04:05 ModularCodeGenLazyPubSub_LazyCompositeActor.class
-rw-rw-r--   1 travis travis 11122 Apr  9 04:05 ModularCodeGenLazyPubSub_LazyCompositeActor.java
-rw-rw-r--   1 travis travis  1056 Apr  9 04:05 ModularCodeGenLazyPubSub_LazyCompositeActor.mk
-rw-rw-r--   1 travis travis  1286 Apr  9 04:05 ModularCodeGenLazyPubSub_LazyCompositeActor_profile.class
-rw-rw-r--   1 travis travis  1091 Apr  9 04:05 ModularCodeGenLazyPubSub_LazyCompositeActor_profile.java
-rw-rw-r--   1 travis travis  3954 Apr  9 04:05 ModularCodeGen_ModularCodeGenTypedCompositeActor.class
-rw-rw-r--   1 travis travis 10970 Apr  9 04:05 ModularCodeGen_ModularCodeGenTypedCompositeActor.java
-rw-rw-r--   1 travis travis  1096 Apr  9 04:05 ModularCodeGen_ModularCodeGenTypedCompositeActor.mk
-rw-rw-r--   1 travis travis  1384 Apr  9 04:05 ModularCodeGen_ModularCodeGenTypedCompositeActor_profile.class
-rw-rw-r--   1 travis travis  1328 Apr  9 04:05 ModularCodeGen_ModularCodeGenTypedCompositeActor_profile.java
-rw-rw-r--   1 travis travis  3441 Apr  9 04:05 ModularCodeGenPubSub2_A1_A.class
-rw-rw-r--   1 travis travis  8578 Apr  9 04:05 ModularCodeGenPubSub2_A1_A.java
-rw-rw-r--   1 travis travis   920 Apr  9 04:05 ModularCodeGenPubSub2_A1_A.mk
-rw-rw-r--   1 travis travis  1274 Apr  9 04:05 ModularCodeGenPubSub2_A1_A_profile.class
-rw-rw-r--   1 travis travis  1128 Apr  9 04:05 ModularCodeGenPubSub2_A1_A_profile.java
-rw-rw-r--   1 travis travis  3733 Apr  9 04:05 ModularCodeGenPubSub2_A1.class
-rw-rw-r--   1 travis travis  9781 Apr  9 04:05 ModularCodeGenPubSub2_A1.java
-rw-rw-r--   1 travis travis   904 Apr  9 04:05 ModularCodeGenPubSub2_A1.mk
-rw-rw-r--   1 travis travis  1268 Apr  9 04:05 ModularCodeGenPubSub2_A1_profile.class
-rw-rw-r--   1 travis travis  1196 Apr  9 04:05 ModularCodeGenPubSub2_A1_profile.java
-rw-rw-r--   1 travis travis  1132 Apr  9 04:05 ModularCodeGenPubSub3_A1_A2_profile.java
-rw-rw-r--   1 travis travis  3475 Apr  9 04:05 ModularCodeGenPubSub_A1.class
-rw-rw-r--   1 travis travis  9060 Apr  9 04:05 ModularCodeGenPubSub_A1.java
-rw-rw-r--   1 travis travis   896 Apr  9 04:05 ModularCodeGenPubSub_A1.mk
-rw-rw-r--   1 travis travis  1278 Apr  9 04:05 ModularCodeGenPubSub_A1_profile.class
-rw-rw-r--   1 travis travis  1195 Apr  9 04:05 ModularCodeGenPubSub_A1_profile.java
-rw-rw-r--   1 travis travis  3492 Apr  9 04:04 ModularCodeGenTest_A1_A2.class
-rw-rw-r--   1 travis travis   904 Apr  9 04:04 ModularCodeGenTest_A1_A2.mk
-rw-rw-r--   1 travis travis  1306 Apr  9 04:04 ModularCodeGenTest_A1_A2_profile.class
-rw-rw-r--   1 travis travis  3823 Apr  9 04:04 ModularCodeGenTest_A1.class
-rw-rw-r--   1 travis travis  9968 Apr  9 04:04 ModularCodeGenTest_A1.java
-rw-rw-r--   1 travis travis   880 Apr  9 04:04 ModularCodeGenTest_A1.mk
-rw-rw-r--   1 travis travis  1352 Apr  9 04:04 ModularCodeGenTest_A1_profile.class
-rw-rw-r--   1 travis travis  1394 Apr  9 04:04 ModularCodeGenTest_A1_profile.java
drwxrwxr-x   3 travis travis 36864 Apr  9 04:04 modulation2
drwxrwxr-x   3 travis travis 20480 Apr  9 04:01 Multiplexor
drwxrwxr-x 242 travis travis 12288 Apr  9 04:04 node_modules
drwxrwxr-x   3 travis travis 20480 Apr  9 04:01 PhaseUnwrap
-rw-rw-r--   1 travis travis   520 Apr  9 04:04 Repeat$_fireFunction_Repeat_Repeat$__f_sL_0.class
-rw-rw-r--   1 travis travis   522 Apr  9 04:04 Repeat$_fireFunction_Repeat_Repeat$__f_sL_10.class
-rw-rw-r--   1 travis travis   666 Apr  9 04:04 Repeat$_fireFunction_Repeat_Repeat$__f_sL_11.class
-rw-rw-r--   1 travis travis   522 Apr  9 04:04 Repeat$_fireFunction_Repeat_Repeat$__f_sL_13.class
-rw-rw-r--   1 travis travis   665 Apr  9 04:04 Repeat$_fireFunction_Repeat_Repeat$__f_sL_1.class
-rw-rw-r--   1 travis travis   520 Apr  9 04:04 Repeat$_fireFunction_Repeat_Repeat$__f_sL_2.class
-rw-rw-r--   1 travis travis   520 Apr  9 04:04 Repeat$_fireFunction_Repeat_Repeat$__f_sL_3.class
-rw-rw-r--   1 travis travis   520 Apr  9 04:04 Repeat$_fireFunction_Repeat_Repeat$__f_sL_5.class
-rw-rw-r--   1 travis travis   671 Apr  9 04:04 Repeat$_fireFunction_Repeat_Repeat$__f_sL_7.class
-rw-rw-r--   1 travis travis   520 Apr  9 04:04 Repeat$_fireFunction_Repeat_Repeat$__f_sL_9.class
-rw-rw-r--   1 travis travis   813 Apr  9 04:04 Repeat$_initialize_Repeat.class
-rw-rw-r--   1 travis travis   475 Apr  9 04:04 Repeat$_initialize_Repeat$__i_sL_0.class
-rw-rw-r--   1 travis travis   519 Apr  9 04:04 Repeat$_initialize_Repeat$__i_sL_3.class
-rw-rw-r--   1 travis travis 39778 Apr  9 04:04 Repeat.java
-rw-rw-r--   1 travis travis  1281 Apr  9 04:04 Repeat.mk
-rw-rw-r--   1 travis travis   520 Apr  9 04:04 Repeat$_preinitializeMethod_Repeat$__p_sL_0.class
-rw-rw-r--   1 travis travis   520 Apr  9 04:04 Repeat$_preinitializeMethod_Repeat$__p_sL_1.class
-rw-rw-r--   1 travis travis  1083 Apr  9 04:04 Repeat$_Repeat$_fireFunction_Repeat_AddSubtract_Repeat.class
-rw-rw-r--   1 travis travis   791 Apr  9 04:04 Repeat$_Repeat$_fireFunction_Repeat_AddSubtract_Repeat$__f_sL_0.class
-rw-rw-r--   1 travis travis   909 Apr  9 04:04 Repeat$_Repeat$_fireFunction_Repeat_AddSubtract_Repeat$__f_sL_1.class
-rw-rw-r--   1 travis travis   915 Apr  9 04:04 Repeat$_Repeat$_fireFunction_Repeat_AddSubtract_Repeat$__f_sL_2.class
-rw-rw-r--   1 travis travis   838 Apr  9 04:04 Repeat$_Repeat$_fireFunction_Repeat_Ramp2_Repeat$__f_sL_1.class
-rw-rw-r--   1 travis travis  1785 Apr  9 04:04 Repeat$_Repeat$_fireFunction_Repeat_Test_Repeat$__f_sL_2.class
-rw-rw-r--   1 travis travis   685 Apr  9 04:04 Repeat$_Repeat_SDF_Director_run_Repeat$__R_sL_0.class
-rw-rw-r--   1 travis travis   540 Apr  9 04:04 Repeat$_Repeat_SDF_Director_run_Repeat$__R_sL_1.class
-rw-rw-r--   1 travis travis   540 Apr  9 04:04 Repeat$_Repeat_SDF_Director_run_Repeat$__R_sL_2.class
-rw-rw-r--   1 travis travis   540 Apr  9 04:04 Repeat$_Repeat_SDF_Director_run_Repeat$__R_sL_4.class
-rw-rw-r--   1 travis travis   540 Apr  9 04:04 Repeat$_Repeat_SDF_Director_run_Repeat$__R_sL_5.class
-rw-rw-r--   1 travis travis   691 Apr  9 04:04 Repeat$_Repeat_SDF_Director_run_Repeat$__R_sL_6.class
-rw-rw-r--   1 travis travis   540 Apr  9 04:04 Repeat$_Repeat_SDF_Director_run_Repeat$__R_sL_7.class
-rw-rw-r--   1 travis travis   863 Apr  9 04:04 Repeat$_varinit_Repeat.class
-rw-rw-r--   1 travis travis   530 Apr  9 04:04 Repeat$_varinit_Repeat$__v_sL_1.class
-rw-rw-r--   1 travis travis   531 Apr  9 04:04 Repeat$_varinit_Repeat$__v_sL_2.class
-rw-rw-r--   1 travis travis   905 Apr  9 04:04 Repeat$_varinit_Repeat$__v_sL_4.class
-rw-rw-r--   1 travis travis   635 Apr  9 04:04 Repeat$_wrapup_Repeat.class
-rw-rw-r--   1 travis travis   965 Apr  9 04:04 Repeat$_wrapup_Repeat$__w_sL_1.class
-rw-rw-r--   1 travis travis   289 Apr  9 03:59 result.csv
drwxrwxr-x   3 travis travis 12288 Apr  9 04:02 Scrambler1
drwxrwxr-x   3 travis travis 20480 Apr  9 04:01 Sinewave2
drwxrwxr-x   3 travis travis 69632 Apr  9 04:02 StringCompare
drwxrwxr-x   3 travis travis 32768 Apr  9 04:02 StringFunction
drwxrwxr-x   3 travis travis 12288 Apr  9 04:03 StringLength
drwxrwxr-x   3 travis travis 57344 Apr  9 04:03 StringSimpleReplace
drwxrwxr-x   3 travis travis 12288 Apr  9 04:04 time2
drwxrwxr-x   3 travis travis 12288 Apr  9 04:04 time5
-rw-rw-r--   1 travis travis   432 Apr  9 04:05 Token.class
-rw-rw-r--   1 travis travis   251 Apr  9 04:05 Token.java
-rw-rw-r--   1 travis travis     0 Apr  9 04:04 top.
-rw-rw-r--   1 travis travis 20502 Apr  9 03:59 top.c
-rw-rw-r--   1 travis travis  3567 Apr  9 04:04 top.class
-rw-rw-r--   1 travis travis   169 Apr  9 03:59 top.html
-rw-rw-r--   1 travis travis  7552 Apr  9 04:04 top.java
-rw-rw-r--   1 travis travis 38888 Apr  9 03:59 top.o
drwxrwxr-x   3 travis travis 57344 Apr  9 04:02 UnaryMathFunction
All Done
Writing ModularCodeGenPubSub3_A1_A2.java in file:/home/travis/cg/ (8599 characters)
Reading "ptolemy/cg/kernel/generic/program/procedural/java/modular/makefile.in",
    writing "/home/travis/cg/ModularCodeGenPubSub3_A1_A2.mk"
Using ptolemy/cg/kernel/generic/program/procedural/java/modular/makefile.in
In "/home/travis/cg", about to execute:
    make -f ModularCodeGenPubSub3_A1_A2.mk
javac -classpath ".:.."    ModularCodeGenPubSub3_A1_A2.java
All Done
In "/home/travis/cg", about to execute:
    pwd
In "/home/travis/cg", about to execute:
    ls -l
/home/travis/cg
total 2136
drwxrwxr-x   3 travis travis 12288 Apr  9 04:00 AbsoluteValue
-rw-rw-r--   1 travis travis   233 Apr  9 04:05 Array.class
-rw-rw-r--   1 travis travis   459 Apr  9 04:05 Array.java
drwxrwxr-x   3 travis travis 16384 Apr  9 04:00 Case1
drwxrwxr-x   3 travis travis 32768 Apr  9 04:00 Case2
-rw-rw-r--   1 travis travis  4895 Apr  9 04:04 CompiledCompositeActor_CompiledCompositeActor.class
-rw-rw-r--   1 travis travis  1592 Apr  9 04:04 CompiledCompositeActor_CompiledCompositeActor$_CompiledCompositeActor_CompiledCompositeActor.class
-rw-rw-r--   1 travis travis 13466 Apr  9 04:04 CompiledCompositeActor_CompiledCompositeActor.java
-rw-rw-r--   1 travis travis  1593 Apr  9 04:04 CompiledCompositeActor_CompiledCompositeActor.mk
drwxrwxr-x   3 travis travis 24576 Apr  9 04:02 DeScrambler
drwxrwxr-x   3 travis travis 16384 Apr  9 04:04 DotProduct
drwxrwxr-x   3 travis travis 12288 Apr  9 04:00 FileWriter1
drwxrwxr-x   3 travis travis 20480 Apr  9 04:00 FixToDoubleAndBack
drwxrwxr-x   3 travis travis 16384 Apr  9 04:00 Gaussian1
drwxrwxr-x   3 travis travis 20480 Apr  9 04:00 Gaussian2
-rw-rw-r--   1 travis travis  4457 Apr  9 04:04 JavaCompiledCompositeTest1_CompiledCompositeActor.class
-rw-rw-r--   1 travis travis 11637 Apr  9 04:04 JavaCompiledCompositeTest1_CompiledCompositeActor.java
-rw-rw-r--   1 travis travis  1198 Apr  9 04:04 JavaCompiledCompositeTest1_CompiledCompositeActor$_JavaCompiledCompositeTest1_CompiledCompositeActor.class
-rw-rw-r--   1 travis travis  1625 Apr  9 04:04 JavaCompiledCompositeTest1_CompiledCompositeActor.mk
-rw-rw-r--   1 travis travis  4888 Apr  9 04:04 JavaCompiledCompositeTest2_CompiledCompositeActor.class
-rw-rw-r--   1 travis travis 14919 Apr  9 04:04 JavaCompiledCompositeTest2_CompiledCompositeActor.java
-rw-rw-r--   1 travis travis  1793 Apr  9 04:04 JavaCompiledCompositeTest2_CompiledCompositeActor$_JavaCompiledCompositeTest2_CompiledCompositeActor.class
-rw-rw-r--   1 travis travis  1625 Apr  9 04:04 JavaCompiledCompositeTest2_CompiledCompositeActor.mk
-rw-rw-r--   1 travis travis  4505 Apr  9 04:04 JavaCompiledCompositeTest3_CompiledCompositeActor.class
-rw-rw-r--   1 travis travis 13080 Apr  9 04:04 JavaCompiledCompositeTest3_CompiledCompositeActor.java
-rw-rw-r--   1 travis travis  1378 Apr  9 04:04 JavaCompiledCompositeTest3_CompiledCompositeActor$_JavaCompiledCompositeTest3_CompiledCompositeActor.class
-rw-rw-r--   1 travis travis  1625 Apr  9 04:04 JavaCompiledCompositeTest3_CompiledCompositeActor.mk
-rw-rw-r--   1 travis travis  3953 Apr  9 04:04 JavaCompiledCompositeTest4_CompiledCompositeActor.class
-rw-rw-r--   1 travis travis  9687 Apr  9 04:04 JavaCompiledCompositeTest4_CompiledCompositeActor.java
-rw-rw-r--   1 travis travis   857 Apr  9 04:04 JavaCompiledCompositeTest4_CompiledCompositeActor$_JavaCompiledCompositeTest4_CompiledCompositeActor.class
-rw-rw-r--   1 travis travis  1625 Apr  9 04:04 JavaCompiledCompositeTest4_CompiledCompositeActor.mk
drwxrwxr-x   3 travis travis 12288 Apr  9 04:01 LookupTable
drwxrwxr-x   3 travis travis 20480 Apr  9 04:01 MaxIndex
-rw-rw-r--   1 travis travis  3693 Apr  9 04:04 ModularCG_A1_B1.class
-rw-rw-r--   1 travis travis  9730 Apr  9 04:04 ModularCG_A1_B1.java
-rw-rw-r--   1 travis travis   832 Apr  9 04:04 ModularCG_A1_B1.mk
-rw-rw-r--   1 travis travis  1318 Apr  9 04:04 ModularCG_A1_B1_profile.class
-rw-rw-r--   1 travis travis  1262 Apr  9 04:04 ModularCG_A1_B1_profile.java
-rw-rw-r--   1 travis travis  3693 Apr  9 04:04 ModularCG_A1_B2.class
-rw-rw-r--   1 travis travis  9730 Apr  9 04:04 ModularCG_A1_B2.java
-rw-rw-r--   1 travis travis   832 Apr  9 04:04 ModularCG_A1_B2.mk
-rw-rw-r--   1 travis travis  1318 Apr  9 04:04 ModularCG_A1_B2_profile.class
-rw-rw-r--   1 travis travis  1262 Apr  9 04:04 ModularCG_A1_B2_profile.java
-rw-rw-r--   1 travis travis  4799 Apr  9 04:04 ModularCG_A1.class
-rw-rw-r--   1 travis travis 14742 Apr  9 04:04 ModularCG_A1.java
-rw-rw-r--   1 travis travis   808 Apr  9 04:04 ModularCG_A1.mk
-rw-rw-r--   1 travis travis  1433 Apr  9 04:04 ModularCG_A1_profile.class
-rw-rw-r--   1 travis travis  1704 Apr  9 04:04 ModularCG_A1_profile.java
-rw-rw-r--   1 travis travis  3827 Apr  9 04:04 ModularCG_A2_B1.class
-rw-rw-r--   1 travis travis 10667 Apr  9 04:04 ModularCG_A2_B1.java
-rw-rw-r--   1 travis travis   832 Apr  9 04:04 ModularCG_A2_B1.mk
-rw-rw-r--   1 travis travis  1381 Apr  9 04:04 ModularCG_A2_B1_profile.class
-rw-rw-r--   1 travis travis  1446 Apr  9 04:04 ModularCG_A2_B1_profile.java
-rw-rw-r--   1 travis travis  3693 Apr  9 04:04 ModularCG_A2_B2.class
-rw-rw-r--   1 travis travis  9730 Apr  9 04:04 ModularCG_A2_B2.java
-rw-rw-r--   1 travis travis   832 Apr  9 04:04 ModularCG_A2_B2.mk
-rw-rw-r--   1 travis travis  1318 Apr  9 04:04 ModularCG_A2_B2_profile.class
-rw-rw-r--   1 travis travis  1262 Apr  9 04:04 ModularCG_A2_B2_profile.java
-rw-rw-r--   1 travis travis  4870 Apr  9 04:05 ModularCG_A2.class
-rw-rw-r--   1 travis travis 15129 Apr  9 04:05 ModularCG_A2.java
-rw-rw-r--   1 travis travis   808 Apr  9 04:05 ModularCG_A2.mk
-rw-rw-r--   1 travis travis  1433 Apr  9 04:05 ModularCG_A2_profile.class
-rw-rw-r--   1 travis travis  1704 Apr  9 04:04 ModularCG_A2_profile.java
-rw-rw-r--   1 travis travis  3473 Apr  9 04:05 ModularCGPubSub_A1_A2.class
-rw-rw-r--   1 travis travis  9076 Apr  9 04:05 ModularCGPubSub_A1_A2.java
-rw-rw-r--   1 travis travis   880 Apr  9 04:05 ModularCGPubSub_A1_A2.mk
-rw-rw-r--   1 travis travis  1300 Apr  9 04:05 ModularCGPubSub_A1_A2_profile.class
-rw-rw-r--   1 travis travis  1222 Apr  9 04:05 ModularCGPubSub_A1_A2_profile.java
-rw-rw-r--   1 travis travis  3790 Apr  9 04:05 ModularCGPubSub_A1.class
-rw-rw-r--   1 travis travis  9836 Apr  9 04:05 ModularCGPubSub_A1.java
-rw-rw-r--   1 travis travis   856 Apr  9 04:05 ModularCGPubSub_A1.mk
-rw-rw-r--   1 travis travis  1346 Apr  9 04:05 ModularCGPubSub_A1_profile.class
-rw-rw-r--   1 travis travis  1388 Apr  9 04:05 ModularCGPubSub_A1_profile.java
-rw-rw-r--   1 travis travis  3988 Apr  9 04:05 ModularCodeGen2_ModularCodeGenTypedCompositeActor.class
-rw-rw-r--   1 travis travis 11690 Apr  9 04:05 ModularCodeGen2_ModularCodeGenTypedCompositeActor.java
-rw-rw-r--   1 travis travis  1104 Apr  9 04:05 ModularCodeGen2_ModularCodeGenTypedCompositeActor.mk
-rw-rw-r--   1 travis travis  4272 Apr  9 04:05 ModularCodeGen2_ModularCodeGenTypedCompositeActor_ModularCodeGenTypedCompositeActor.class
-rw-rw-r--   1 travis travis 11790 Apr  9 04:05 ModularCodeGen2_ModularCodeGenTypedCompositeActor_ModularCodeGenTypedCompositeActor.java
-rw-rw-r--   1 travis travis  1376 Apr  9 04:05 ModularCodeGen2_ModularCodeGenTypedCompositeActor_ModularCodeGenTypedCompositeActor.mk
-rw-rw-r--   1 travis travis  1421 Apr  9 04:05 ModularCodeGen2_ModularCodeGenTypedCompositeActor_ModularCodeGenTypedCompositeActor_profile.class
-rw-rw-r--   1 travis travis  1294 Apr  9 04:05 ModularCodeGen2_ModularCodeGenTypedCompositeActor_ModularCodeGenTypedCompositeActor_profile.java
-rw-rw-r--   1 travis travis   820 Apr  9 04:05 ModularCodeGen2_ModularCodeGenTypedCompositeActor_profile.class
-rw-rw-r--   1 travis travis   693 Apr  9 04:05 ModularCodeGen2_ModularCodeGenTypedCompositeActor_profile.java
-rw-rw-r--   1 travis travis  3741 Apr  9 04:05 ModularCodeGen3_A1_B1.class
-rw-rw-r--   1 travis travis  9958 Apr  9 04:05 ModularCodeGen3_A1_B1.java
-rw-rw-r--   1 travis travis   880 Apr  9 04:05 ModularCodeGen3_A1_B1.mk
-rw-rw-r--   1 travis travis  1330 Apr  9 04:05 ModularCodeGen3_A1_B1_profile.class
-rw-rw-r--   1 travis travis  1274 Apr  9 04:05 ModularCodeGen3_A1_B1_profile.java
-rw-rw-r--   1 travis travis  3741 Apr  9 04:05 ModularCodeGen3_A1_B2.class
-rw-rw-r--   1 travis travis  9958 Apr  9 04:05 ModularCodeGen3_A1_B2.java
-rw-rw-r--   1 travis travis   880 Apr  9 04:05 ModularCodeGen3_A1_B2.mk
-rw-rw-r--   1 travis travis  1330 Apr  9 04:05 ModularCodeGen3_A1_B2_profile.class
-rw-rw-r--   1 travis travis  1274 Apr  9 04:05 ModularCodeGen3_A1_B2_profile.java
-rw-rw-r--   1 travis travis  4961 Apr  9 04:05 ModularCodeGen3_A1.class
-rw-rw-r--   1 travis travis 15564 Apr  9 04:05 ModularCodeGen3_A1.java
-rw-rw-r--   1 travis travis   856 Apr  9 04:05 ModularCodeGen3_A1.mk
-rw-rw-r--   1 travis travis  1445 Apr  9 04:05 ModularCodeGen3_A1_profile.class
-rw-rw-r--   1 travis travis  1716 Apr  9 04:05 ModularCodeGen3_A1_profile.java
-rw-rw-r--   1 travis travis  3887 Apr  9 04:05 ModularCodeGen3_A2_B1.class
-rw-rw-r--   1 travis travis 10955 Apr  9 04:05 ModularCodeGen3_A2_B1.java
-rw-rw-r--   1 travis travis   880 Apr  9 04:05 ModularCodeGen3_A2_B1.mk
-rw-rw-r--   1 travis travis  1393 Apr  9 04:05 ModularCodeGen3_A2_B1_profile.class
-rw-rw-r--   1 travis travis  1458 Apr  9 04:05 ModularCodeGen3_A2_B1_profile.java
-rw-rw-r--   1 travis travis  3741 Apr  9 04:05 ModularCodeGen3_A2_B2.class
-rw-rw-r--   1 travis travis  9958 Apr  9 04:05 ModularCodeGen3_A2_B2.java
-rw-rw-r--   1 travis travis   880 Apr  9 04:05 ModularCodeGen3_A2_B2.mk
-rw-rw-r--   1 travis travis  1330 Apr  9 04:05 ModularCodeGen3_A2_B2_profile.class
-rw-rw-r--   1 travis travis  1274 Apr  9 04:05 ModularCodeGen3_A2_B2_profile.java
-rw-rw-r--   1 travis travis  5038 Apr  9 04:05 ModularCodeGen3_A2.class
-rw-rw-r--   1 travis travis 15957 Apr  9 04:05 ModularCodeGen3_A2.java
-rw-rw-r--   1 travis travis   856 Apr  9 04:05 ModularCodeGen3_A2.mk
-rw-rw-r--   1 travis travis  1445 Apr  9 04:05 ModularCodeGen3_A2_profile.class
-rw-rw-r--   1 travis travis  1716 Apr  9 04:05 ModularCodeGen3_A2_profile.java
-rw-rw-r--   1 travis travis  3794 Apr  9 04:05 ModularCodeGen4_A1_B1.class
-rw-rw-r--   1 travis travis 10312 Apr  9 04:05 ModularCodeGen4_A1_B1.java
-rw-rw-r--   1 travis travis   880 Apr  9 04:05 ModularCodeGen4_A1_B1.mk
-rw-rw-r--   1 travis travis  1330 Apr  9 04:05 ModularCodeGen4_A1_B1_profile.class
-rw-rw-r--   1 travis travis  1273 Apr  9 04:05 ModularCodeGen4_A1_B1_profile.java
-rw-rw-r--   1 travis travis  3794 Apr  9 04:05 ModularCodeGen4_A1_B2.class
-rw-rw-r--   1 travis travis 10312 Apr  9 04:05 ModularCodeGen4_A1_B2.java
-rw-rw-r--   1 travis travis   880 Apr  9 04:05 ModularCodeGen4_A1_B2.mk
-rw-rw-r--   1 travis travis  1330 Apr  9 04:05 ModularCodeGen4_A1_B2_profile.class
-rw-rw-r--   1 travis travis  1273 Apr  9 04:05 ModularCodeGen4_A1_B2_profile.java
-rw-rw-r--   1 travis travis  5101 Apr  9 04:05 ModularCodeGen4_A1.class
-rw-rw-r--   1 travis travis 16245 Apr  9 04:05 ModularCodeGen4_A1.java
-rw-rw-r--   1 travis travis   856 Apr  9 04:05 ModularCodeGen4_A1.mk
-rw-rw-r--   1 travis travis  1445 Apr  9 04:05 ModularCodeGen4_A1_profile.class
-rw-rw-r--   1 travis travis  1712 Apr  9 04:05 ModularCodeGen4_A1_profile.java
-rw-rw-r--   1 travis travis  3988 Apr  9 04:05 ModularCodeGen4_A2_B1.class
-rw-rw-r--   1 travis travis 11375 Apr  9 04:05 ModularCodeGen4_A2_B1.java
-rw-rw-r--   1 travis travis   880 Apr  9 04:05 ModularCodeGen4_A2_B1.mk
-rw-rw-r--   1 travis travis  1393 Apr  9 04:05 ModularCodeGen4_A2_B1_profile.class
-rw-rw-r--   1 travis travis  1454 Apr  9 04:05 ModularCodeGen4_A2_B1_profile.java
-rw-rw-r--   1 travis travis  3842 Apr  9 04:05 ModularCodeGen4_A2_B2.class
-rw-rw-r--   1 travis travis 10378 Apr  9 04:05 ModularCodeGen4_A2_B2.java
-rw-rw-r--   1 travis travis   880 Apr  9 04:05 ModularCodeGen4_A2_B2.mk
-rw-rw-r--   1 travis travis  1330 Apr  9 04:05 ModularCodeGen4_A2_B2_profile.class
-rw-rw-r--   1 travis travis  1270 Apr  9 04:05 ModularCodeGen4_A2_B2_profile.java
-rw-rw-r--   1 travis travis  5274 Apr  9 04:05 ModularCodeGen4_A2.class
-rw-rw-r--   1 travis travis 16770 Apr  9 04:05 ModularCodeGen4_A2.java
-rw-rw-r--   1 travis travis   856 Apr  9 04:05 ModularCodeGen4_A2.mk
-rw-rw-r--   1 travis travis  1445 Apr  9 04:05 ModularCodeGen4_A2_profile.class
-rw-rw-r--   1 travis travis  1712 Apr  9 04:05 ModularCodeGen4_A2_profile.java
-rw-rw-r--   1 travis travis  6838 Apr  9 04:05 ModularCodeGen5_A_A.class
-rw-rw-r--   1 travis travis 28721 Apr  9 04:05 ModularCodeGen5_A_A.java
-rw-rw-r--   1 travis travis   864 Apr  9 04:05 ModularCodeGen5_A_A.mk
-rw-rw-r--   1 travis travis  1520 Apr  9 04:05 ModularCodeGen5_A_A_profile.class
-rw-rw-r--   1 travis travis  1815 Apr  9 04:05 ModularCodeGen5_A_A_profile.java
-rw-rw-r--   1 travis travis  5115 Apr  9 04:05 ModularCodeGen5_A.class
-rw-rw-r--   1 travis travis 13769 Apr  9 04:05 ModularCodeGen5_A.java
-rw-rw-r--   1 travis travis   848 Apr  9 04:05 ModularCodeGen5_A.mk
-rw-rw-r--   1 travis travis  1422 Apr  9 04:05 ModularCodeGen5_A_profile.class
-rw-rw-r--   1 travis travis  1605 Apr  9 04:05 ModularCodeGen5_A_profile.java
-rw-rw-r--   1 travis travis  4125 Apr  9 04:05 ModularCodeGen6_A_A2.class
-rw-rw-r--   1 travis travis 11329 Apr  9 04:05 ModularCodeGen6_A_A2.java
-rw-rw-r--   1 travis travis   872 Apr  9 04:05 ModularCodeGen6_A_A2.mk
-rw-rw-r--   1 travis travis  1351 Apr  9 04:05 ModularCodeGen6_A_A2_profile.class
-rw-rw-r--   1 travis travis  1364 Apr  9 04:05 ModularCodeGen6_A_A2_profile.java
-rw-rw-r--   1 travis travis  4108 Apr  9 04:05 ModularCodeGen6_A_A.class
-rw-rw-r--   1 travis travis 11221 Apr  9 04:05 ModularCodeGen6_A_A.java
-rw-rw-r--   1 travis travis   864 Apr  9 04:05 ModularCodeGen6_A_A.mk
-rw-rw-r--   1 travis travis  1348 Apr  9 04:05 ModularCodeGen6_A_A_profile.class
-rw-rw-r--   1 travis travis  1361 Apr  9 04:05 ModularCodeGen6_A_A_profile.java
-rw-rw-r--   1 travis travis  7237 Apr  9 04:05 ModularCodeGen6_A.class
-rw-rw-r--   1 travis travis 26535 Apr  9 04:05 ModularCodeGen6_A.java
-rw-rw-r--   1 travis travis   848 Apr  9 04:05 ModularCodeGen6_A.mk
-rw-rw-r--   1 travis travis  1483 Apr  9 04:05 ModularCodeGen6_A_profile.class
-rw-rw-r--   1 travis travis  1810 Apr  9 04:05 ModularCodeGen6_A_profile.java
-rw-rw-r--   1 travis travis  9439 Apr  9 04:05 ModularCodeGenLazyPubSubGlobal_CompositeActor_ModularCodeGenTypedComposite.class
-rw-rw-r--   1 travis travis 30161 Apr  9 04:05 ModularCodeGenLazyPubSubGlobal_CompositeActor_ModularCodeGenTypedComposite.java
-rw-rw-r--   1 travis travis  1304 Apr  9 04:05 ModularCodeGenLazyPubSubGlobal_CompositeActor_ModularCodeGenTypedComposite.mk
-rw-rw-r--   1 travis travis  1438 Apr  9 04:05 ModularCodeGenLazyPubSubGlobal_CompositeActor_ModularCodeGenTypedComposite_profile.class
-rw-rw-r--   1 travis travis  1384 Apr  9 04:05 ModularCodeGenLazyPubSubGlobal_CompositeActor_ModularCodeGenTypedComposite_profile.java
-rw-rw-r--   1 travis travis  3952 Apr  9 04:05 ModularCodeGenLazyPubSub_LazyCompositeActor.class
-rw-rw-r--   1 travis travis 11122 Apr  9 04:05 ModularCodeGenLazyPubSub_LazyCompositeActor.java
-rw-rw-r--   1 travis travis  1056 Apr  9 04:05 ModularCodeGenLazyPubSub_LazyCompositeActor.mk
-rw-rw-r--   1 travis travis  1286 Apr  9 04:05 ModularCodeGenLazyPubSub_LazyCompositeActor_profile.class
-rw-rw-r--   1 travis travis  1091 Apr  9 04:05 ModularCodeGenLazyPubSub_LazyCompositeActor_profile.java
-rw-rw-r--   1 travis travis  3954 Apr  9 04:05 ModularCodeGen_ModularCodeGenTypedCompositeActor.class
-rw-rw-r--   1 travis travis 10970 Apr  9 04:05 ModularCodeGen_ModularCodeGenTypedCompositeActor.java
-rw-rw-r--   1 travis travis  1096 Apr  9 04:05 ModularCodeGen_ModularCodeGenTypedCompositeActor.mk
-rw-rw-r--   1 travis travis  1384 Apr  9 04:05 ModularCodeGen_ModularCodeGenTypedCompositeActor_profile.class
-rw-rw-r--   1 travis travis  1328 Apr  9 04:05 ModularCodeGen_ModularCodeGenTypedCompositeActor_profile.java
-rw-rw-r--   1 travis travis  3441 Apr  9 04:05 ModularCodeGenPubSub2_A1_A.class
-rw-rw-r--   1 travis travis  8578 Apr  9 04:05 ModularCodeGenPubSub2_A1_A.java
-rw-rw-r--   1 travis travis   920 Apr  9 04:05 ModularCodeGenPubSub2_A1_A.mk
-rw-rw-r--   1 travis travis  1274 Apr  9 04:05 ModularCodeGenPubSub2_A1_A_profile.class
-rw-rw-r--   1 travis travis  1128 Apr  9 04:05 ModularCodeGenPubSub2_A1_A_profile.java
-rw-rw-r--   1 travis travis  3733 Apr  9 04:05 ModularCodeGenPubSub2_A1.class
-rw-rw-r--   1 travis travis  9781 Apr  9 04:05 ModularCodeGenPubSub2_A1.java
-rw-rw-r--   1 travis travis   904 Apr  9 04:05 ModularCodeGenPubSub2_A1.mk
-rw-rw-r--   1 travis travis  1268 Apr  9 04:05 ModularCodeGenPubSub2_A1_profile.class
-rw-rw-r--   1 travis travis  1196 Apr  9 04:05 ModularCodeGenPubSub2_A1_profile.java
-rw-rw-r--   1 travis travis  3437 Apr  9 04:06 ModularCodeGenPubSub3_A1_A2.class
-rw-rw-r--   1 travis travis  8599 Apr  9 04:05 ModularCodeGenPubSub3_A1_A2.java
-rw-rw-r--   1 travis travis   928 Apr  9 04:05 ModularCodeGenPubSub3_A1_A2.mk
-rw-rw-r--   1 travis travis  1287 Apr  9 04:05 ModularCodeGenPubSub3_A1_A2_profile.class
-rw-rw-r--   1 travis travis  1132 Apr  9 04:05 ModularCodeGenPubSub3_A1_A2_profile.java
-rw-rw-r--   1 travis travis  1400 Apr  9 04:06 ModularCodeGenPubSub3_A1_profile.java
-rw-rw-r--   1 travis travis  3475 Apr  9 04:05 ModularCodeGenPubSub_A1.class
-rw-rw-r--   1 travis travis  9060 Apr  9 04:05 ModularCodeGenPubSub_A1.java
-rw-rw-r--   1 travis travis   896 Apr  9 04:05 ModularCodeGenPubSub_A1.mk
-rw-rw-r--   1 travis travis  1278 Apr  9 04:05 ModularCodeGenPubSub_A1_profile.class
-rw-rw-r--   1 travis travis  1195 Apr  9 04:05 ModularCodeGenPubSub_A1_profile.java
-rw-rw-r--   1 travis travis  3492 Apr  9 04:04 ModularCodeGenTest_A1_A2.class
-rw-rw-r--   1 travis travis   904 Apr  9 04:04 ModularCodeGenTest_A1_A2.mk
-rw-rw-r--   1 travis travis  1306 Apr  9 04:04 ModularCodeGenTest_A1_A2_profile.class
-rw-rw-r--   1 travis travis  3823 Apr  9 04:04 ModularCodeGenTest_A1.class
-rw-rw-r--   1 travis travis  9968 Apr  9 04:04 ModularCodeGenTest_A1.java
-rw-rw-r--   1 travis travis   880 Apr  9 04:04 ModularCodeGenTest_A1.mk
-rw-rw-r--   1 travis travis  1352 Apr  9 04:04 ModularCodeGenTest_A1_profile.class
-rw-rw-r--   1 travis travis  1394 Apr  9 04:04 ModularCodeGenTest_A1_profile.java
drwxrwxr-x   3 travis travis 36864 Apr  9 04:04 modulation2
drwxrwxr-x   3 travis travis 20480 Apr  9 04:01 Multiplexor
drwxrwxr-x 242 travis travis 12288 Apr  9 04:04 node_modules
drwxrwxr-x   3 travis travis 20480 Apr  9 04:01 PhaseUnwrap
-rw-rw-r--   1 travis travis   520 Apr  9 04:04 Repeat$_fireFunction_Repeat_Repeat$__f_sL_0.class
-rw-rw-r--   1 travis travis   522 Apr  9 04:04 Repeat$_fireFunction_Repeat_Repeat$__f_sL_10.class
-rw-rw-r--   1 travis travis   666 Apr  9 04:04 Repeat$_fireFunction_Repeat_Repeat$__f_sL_11.class
-rw-rw-r--   1 travis travis   522 Apr  9 04:04 Repeat$_fireFunction_Repeat_Repeat$__f_sL_13.class
-rw-rw-r--   1 travis travis   665 Apr  9 04:04 Repeat$_fireFunction_Repeat_Repeat$__f_sL_1.class
-rw-rw-r--   1 travis travis   520 Apr  9 04:04 Repeat$_fireFunction_Repeat_Repeat$__f_sL_2.class
-rw-rw-r--   1 travis travis   520 Apr  9 04:04 Repeat$_fireFunction_Repeat_Repeat$__f_sL_3.class
-rw-rw-r--   1 travis travis   520 Apr  9 04:04 Repeat$_fireFunction_Repeat_Repeat$__f_sL_5.class
-rw-rw-r--   1 travis travis   671 Apr  9 04:04 Repeat$_fireFunction_Repeat_Repeat$__f_sL_7.class
-rw-rw-r--   1 travis travis   520 Apr  9 04:04 Repeat$_fireFunction_Repeat_Repeat$__f_sL_9.class
-rw-rw-r--   1 travis travis   813 Apr  9 04:04 Repeat$_initialize_Repeat.class
-rw-rw-r--   1 travis travis   475 Apr  9 04:04 Repeat$_initialize_Repeat$__i_sL_0.class
-rw-rw-r--   1 travis travis   519 Apr  9 04:04 Repeat$_initialize_Repeat$__i_sL_3.class
-rw-rw-r--   1 travis travis 39778 Apr  9 04:04 Repeat.java
-rw-rw-r--   1 travis travis  1281 Apr  9 04:04 Repeat.mk
-rw-rw-r--   1 travis travis   520 Apr  9 04:04 Repeat$_preinitializeMethod_Repeat$__p_sL_0.class
-rw-rw-r--   1 travis travis   520 Apr  9 04:04 Repeat$_preinitializeMethod_Repeat$__p_sL_1.class
-rw-rw-r--   1 travis travis  1083 Apr  9 04:04 Repeat$_Repeat$_fireFunction_Repeat_AddSubtract_Repeat.class
-rw-rw-r--   1 travis travis   791 Apr  9 04:04 Repeat$_Repeat$_fireFunction_Repeat_AddSubtract_Repeat$__f_sL_0.class
-rw-rw-r--   1 travis travis   909 Apr  9 04:04 Repeat$_Repeat$_fireFunction_Repeat_AddSubtract_Repeat$__f_sL_1.class
-rw-rw-r--   1 travis travis   915 Apr  9 04:04 Repeat$_Repeat$_fireFunction_Repeat_AddSubtract_Repeat$__f_sL_2.class
-rw-rw-r--   1 travis travis   838 Apr  9 04:04 Repeat$_Repeat$_fireFunction_Repeat_Ramp2_Repeat$__f_sL_1.class
-rw-rw-r--   1 travis travis  1785 Apr  9 04:04 Repeat$_Repeat$_fireFunction_Repeat_Test_Repeat$__f_sL_2.class
-rw-rw-r--   1 travis travis   685 Apr  9 04:04 Repeat$_Repeat_SDF_Director_run_Repeat$__R_sL_0.class
-rw-rw-r--   1 travis travis   540 Apr  9 04:04 Repeat$_Repeat_SDF_Director_run_Repeat$__R_sL_1.class
-rw-rw-r--   1 travis travis   540 Apr  9 04:04 Repeat$_Repeat_SDF_Director_run_Repeat$__R_sL_2.class
-rw-rw-r--   1 travis travis   540 Apr  9 04:04 Repeat$_Repeat_SDF_Director_run_Repeat$__R_sL_4.class
-rw-rw-r--   1 travis travis   540 Apr  9 04:04 Repeat$_Repeat_SDF_Director_run_Repeat$__R_sL_5.class
-rw-rw-r--   1 travis travis   691 Apr  9 04:04 Repeat$_Repeat_SDF_Director_run_Repeat$__R_sL_6.class
-rw-rw-r--   1 travis travis   540 Apr  9 04:04 Repeat$_Repeat_SDF_Director_run_Repeat$__R_sL_7.class
-rw-rw-r--   1 travis travis   863 Apr  9 04:04 Repeat$_varinit_Repeat.class
-rw-rw-r--   1 travis travis   530 Apr  9 04:04 Repeat$_varinit_Repeat$__v_sL_1.class
-rw-rw-r--   1 travis travis   531 Apr  9 04:04 Repeat$_varinit_Repeat$__v_sL_2.class
-rw-rw-r--   1 travis travis   905 Apr  9 04:04 Repeat$_varinit_Repeat$__v_sL_4.class
-rw-rw-r--   1 travis travis   635 Apr  9 04:04 Repeat$_wrapup_Repeat.class
-rw-rw-r--   1 travis travis   965 Apr  9 04:04 Repeat$_wrapup_Repeat$__w_sL_1.class
-rw-rw-r--   1 travis travis   289 Apr  9 03:59 result.csv
drwxrwxr-x   3 travis travis 12288 Apr  9 04:02 Scrambler1
drwxrwxr-x   3 travis travis 20480 Apr  9 04:01 Sinewave2
drwxrwxr-x   3 travis travis 69632 Apr  9 04:02 StringCompare
drwxrwxr-x   3 travis travis 32768 Apr  9 04:02 StringFunction
drwxrwxr-x   3 travis travis 12288 Apr  9 04:03 StringLength
drwxrwxr-x   3 travis travis 57344 Apr  9 04:03 StringSimpleReplace
drwxrwxr-x   3 travis travis 12288 Apr  9 04:04 time2
drwxrwxr-x   3 travis travis 12288 Apr  9 04:04 time5
-rw-rw-r--   1 travis travis   432 Apr  9 04:06 Token.class
-rw-rw-r--   1 travis travis   251 Apr  9 04:05 Token.java
-rw-rw-r--   1 travis travis     0 Apr  9 04:04 top.
In "/home/travis/cg", about to execute:
-rw-rw-r--   1 travis travis 20502 Apr  9 03:59 top.c
-rw-rw-r--   1 travis travis  3567 Apr  9 04:04 top.class
-rw-rw-r--   1 travis travis   169 Apr  9 03:59 top.html
-rw-rw-r--   1 travis travis  7552 Apr  9 04:04 top.java
-rw-rw-r--   1 travis travis 38888 Apr  9 03:59 top.o
drwxrwxr-x   3 travis travis 57344 Apr  9 04:02 UnaryMathFunction
    javac -classpath
.:/home/travis/build/icyphy/ptII:/home/travis/build/icyphy/ptII/lib/bsh-2.0b4.j
ar:/home/travis/build/icyphy/ptII/lib/ptCal.jar:/home/travis/build/icyphy/ptII/
lib/java_cup.jar:/home/travis/build/icyphy/ptII/lib/saxon8.jar:/home/travis/bui
ld/icyphy/ptII/lib/saxon8-dom.jar:/home/travis/build/icyphy/ptII/lib/chic.jar:/
home/travis/build/icyphy/ptII/lib/ptcolt.jar:/usr/lib/jvm/java-8-oracle/lib/too
ls.jar:/home/travis/build/icyphy/ptII/vendors/misc/itext/iText.jar:/home/travis
/build/icyphy/ptII/lib/g4ltl.jar:/home/travis/build/icyphy/ptII/lib/StructuralC
oder.jar:/home/travis/build/icyphy/ptII/vendors/jai-1_1_2_01/lib/jai_core.jar:/
home/travis/build/icyphy/ptII/vendors/jai-1_1_2_01/lib/jai_codec.jar:/home/trav
is/build/icyphy/ptII/lib/jcerti.jar:/home/travis/build/icyphy/ptII/lib/javax.ma
il.jar:/home/travis/build/icyphy/ptII/vendors/JMF-2.1.1e/lib/jmf.jar:/home/trav
is/build/icyphy/ptII/lib/jna-4.0.0-variadic.jar:/home/travis/build/icyphy/ptII/
vendors/misc/joystick/Joystick.jar:/home/travis/build/icyphy/ptII/lib/ptjacl.ja
r:/home/travis/build/icyphy/ptII/lib/jsoup-1.8.2.jar:/home/travis/build/icyphy/
ptII/lib/junit-4.8.2.jar:/home/travis/build/icyphy/ptII/lib/JUnitParams-0.4.0.j
ar:/home/travis/build/icyphy/ptII/ptolemy/actor/lib/excel/jxl.jar:/home/travis/
build/icyphy/ptII/lib/jython.jar:/home/travis/build/icyphy/ptII/lib/kieler.jar:
/home/travis/build/icyphy/ptII/vendors/opencv/share/OpenCV/java/opencv-341.jar:
/home/travis/build/icyphy/ptII/lib/oscP5.jar:/home/travis/build/icyphy/ptII/lib
/nrjavaserial-3.11.0.devel.jar:/home/travis/build/icyphy/ptII/vendors/j3d/lib/j
3dcore.jar:/home/travis/build/icyphy/ptII/vendors/j3d/lib/j3dutils.jar:/home/tr
avis/build/icyphy/ptII/vendors/j3d/lib/vecmath.jar:/home/travis/build/icyphy/pt
II/ptolemy/distributed/jini/jar/jini-core.jar:/home/travis/build/icyphy/ptII/pt
olemy/distributed/jini/jar/jini-ext.jar:/home/travis/build/icyphy/ptII/ptolemy/
distributed/jini/jar/sun-util.jar:/home/travis/build/icyphy/ptII/lib/protobuf-j
ava-2.4.1.jar:/home/travis/build/icyphy/ptII/lib/org.eclipse.paho.client.mqttv3
.jar:/home/travis/build/icyphy/ptII/lib/mapss.jar:/home/travis/build/icyphy/ptI
I/ptolemy/actor/ptalon/antlr/antlr.jar:/home/travis/build/icyphy/ptII/lib/JRI.j
ar:/home/travis/build/icyphy/ptII/lib/commons-lang-2.6.jar:/home/travis/build/i
cyphy/ptII/lib/commons-logging-1.1.1.jar:/home/travis/build/icyphy/ptII/lib/soo
tclasses.jar:/home/travis/build/icyphy/ptII/ptolemy/actor/lib/database/mysql-co
nnector-java-5.1.6-bin.jar:/home/travis/build/icyphy/ptII/vendors/misc/sphinx4/
sphinx4-data-5prealpha.jar:/home/travis/build/icyphy/ptII/vendors/misc/sphinx4/
sphinx4-core-5prealpha.jar:/home/travis/build/icyphy/ptII/lib/PDFRenderer.jar:/
home/travis/build/icyphy/ptII/lib/svgSalamander.jar:/home/travis/build/icyphy/p
tII/lib/rsyntaxtextarea-2.6.0-SNAPSHOT.jar:/home/travis/build/icyphy/ptII/lib/h
azelcast-3.8.2.jar:/home/travis/build/icyphy/ptII/lib/jackson-annotations-2.9.0
.jar:/home/travis/build/icyphy/ptII/lib/jackson-core-2.9.3.jar:/home/travis/bui
ld/icyphy/ptII/lib/jackson-databind-2.9.3.jar:/home/travis/build/icyphy/ptII/li
b/netty-buffer-4.1.19.Final.jar:/home/travis/build/icyphy/ptII/lib/netty-codec-
4.1.19.Final.jar:/home/travis/build/icyphy/ptII/lib/netty-codec-dns-4.1.19.Fina
l.jar:/home/travis/build/icyphy/ptII/lib/netty-codec-http-4.1.19.Final.jar:/hom
e/travis/build/icyphy/ptII/lib/netty-codec-http2-4.1.19.Final.jar:/home/travis/
build/icyphy/ptII/lib/netty-common-4.1.19.Final.jar:/home/travis/build/icyphy/p
tII/lib/netty-handler-4.1.19.Final.jar:/home/travis/build/icyphy/ptII/lib/netty
-resolver-4.1.19.Final.jar:/home/travis/build/icyphy/ptII/lib/netty-resolver-dn
s-4.1.19.Final.jar:/home/travis/build/icyphy/ptII/lib/netty-transport-4.1.19.Fi
nal.jar:/home/travis/build/icyphy/ptII/lib/vertx-codegen-3.5.1.jar:/home/travis
/build/icyphy/ptII/lib/vertx-core-3.5.2-SNAPSHOT.jar:/home/travis/build/icyphy/
ptII/lib/vertx-hazelcast-3.5.1.jar:/home/travis/build/icyphy/ptII/lib/vertx-lan
g-js-3.5.1.jar:/home/travis/build/icyphy/ptII/lib/vertx-service-proxy-3.5.1.jar
:/home/travis/build/icyphy/ptII/lib/vertx-web-3.5.1.jar:/home/travis/build/icyp
hy/ptII/lib/slf4j-api-1.7.13.jar:/home/travis/build/icyphy/ptII/lib/slf4j-simpl
e-1.7.13.jar:/home/travis/build/icyphy/ptII/lib/webcam-capture-0.3.12.jar:/home
/travis/build/icyphy/ptII/lib/bridj-0.7.0.jar:/home/travis/build/icyphy/ptII/li
b/xbjlib-1.1.0.nrjavaserial.jar:/home/travis/build/icyphy/ptII/ptolemy/moml/tes
t:/home/travis/build/icyphy/ptII/ant/lib/ant-launcher.jar:/home/travis/build/ic
yphy/ptII/ant/lib/ant.jar:/home/travis/build/icyphy/ptII/ant/lib/ant-junit.jar:
/home/travis/build/icyphy/ptII/ant/lib/ant-junit4.jar:/home/travis/build/icyphy
/ptII ModularCodeGenPubSub3_A1_profile.java
All Done
Writing ModularCodeGenPubSub3_A1.java in file:/home/travis/cg/ (10100 characters)
Reading "ptolemy/cg/kernel/generic/program/procedural/java/modular/makefile.in",
    writing "/home/travis/cg/ModularCodeGenPubSub3_A1.mk"
Using ptolemy/cg/kernel/generic/program/procedural/java/modular/makefile.in
In "/home/travis/cg", about to execute:
    make -f ModularCodeGenPubSub3_A1.mk
javac -classpath ".:.."    ModularCodeGenPubSub3_A1.java
All Done
4323 ms. Memory: 130560K Free: 94911K (73%)
----------------- Invoking toplevel() on ptolemy.moml.MoMLSimpleApplication@21b84bfc
----------------- Done invoking toplevel() on ptolemy.moml.MoMLSimpleApplication@21b84bfc
reloadAllAccessors: .ModularCodeGenPubSub3

===========================================================================================
----------------- testing Tue Apr 09 04:06:02 UTC 2019 /home/travis/build/icyphy/ptII/ptolemy/cg/lib/test/auto/ModularCodeGenPubSub4.xml
----------------- Instantiating /home/travis/build/icyphy/ptII/ptolemy/cg/lib/test/auto/ModularCodeGenPubSub4.xml
In "/home/travis/cg", about to execute:
    pwd
In "/home/travis/cg", about to execute:
    ls -l
/home/travis/cg
In "/home/travis/cg", about to execute:
    javac -classpath
.:/home/travis/build/icyphy/ptII:/home/travis/build/icyphy/ptII/lib/bsh-2.0b4.j
ar:/home/travis/build/icyphy/ptII/lib/ptCal.jar:/home/travis/build/icyphy/ptII/
lib/java_cup.jar:/home/travis/build/icyphy/ptII/lib/saxon8.jar:/home/travis/bui
ld/icyphy/ptII/lib/saxon8-dom.jar:/home/travis/build/icyphy/ptII/lib/chic.jar:/
home/travis/build/icyphy/ptII/lib/ptcolt.jar:/usr/lib/jvm/java-8-oracle/lib/too
ls.jar:/home/travis/build/icyphy/ptII/vendors/misc/itext/iText.jar:/home/travis
/build/icyphy/ptII/lib/g4ltl.jar:/home/travis/build/icyphy/ptII/lib/StructuralC
oder.jar:/home/travis/build/icyphy/ptII/vendors/jai-1_1_2_01/lib/jai_core.jar:/
home/travis/build/icyphy/ptII/vendors/jai-1_1_2_01/lib/jai_codec.jar:/home/trav
is/build/icyphy/ptII/lib/jcerti.jar:/home/travis/build/icyphy/ptII/lib/javax.ma
il.jar:/home/travis/build/icyphy/ptII/vendors/JMF-2.1.1e/lib/jmf.jar:/home/trav
is/build/icyphy/ptII/lib/jna-4.0.0-variadic.jar:/home/travis/build/icyphy/ptII/
vendors/misc/joystick/Joystick.jar:/home/travis/build/icyphy/ptII/lib/ptjacl.ja
r:/home/travis/build/icyphy/ptII/lib/jsoup-1.8.2.jar:/home/travis/build/icyphy/
ptII/lib/junit-4.8.2.jar:/home/travis/build/icyphy/ptII/lib/JUnitParams-0.4.0.j
ar:/home/travis/build/icyphy/ptII/ptolemy/actor/lib/excel/jxl.jar:/home/travis/
build/icyphy/ptII/lib/jython.jar:/home/travis/build/icyphy/ptII/lib/kieler.jar:
/home/travis/build/icyphy/ptII/vendors/opencv/share/OpenCV/java/opencv-341.jar:
/home/travis/build/icyphy/ptII/lib/oscP5.jar:/home/travis/build/icyphy/ptII/lib
/nrjavaserial-3.11.0.devel.jar:/home/travis/build/icyphy/ptII/vendors/j3d/lib/j
3dcore.jar:/home/travis/build/icyphy/ptII/vendors/j3d/lib/j3dutils.jar:/home/tr
avis/build/icyphy/ptII/vendors/j3d/lib/vecmath.jar:/home/travis/build/icyphy/pt
II/ptolemy/distributed/jini/jar/jini-core.jar:/home/travis/build/icyphy/ptII/pt
olemy/distributed/jini/jar/jini-ext.jar:/home/travis/build/icyphy/ptII/ptolemy/
distributed/jini/jar/sun-util.jar:/home/travis/build/icyphy/ptII/lib/protobuf-j
ava-2.4.1.jar:/home/travis/build/icyphy/ptII/lib/org.eclipse.paho.client.mqttv3
.jar:/home/travis/build/icyphy/ptII/lib/mapss.jar:/home/travis/build/icyphy/ptI
I/ptolemy/actor/ptalon/antlr/antlr.jar:/home/travis/build/icyphy/ptII/lib/JRI.j
ar:/home/travis/build/icyphy/ptII/lib/commons-lang-2.6.jar:/home/travis/build/i
cyphy/ptII/lib/commons-logging-1.1.1.jar:/home/travis/build/icyphy/ptII/lib/soo
tclasses.jar:/home/travis/build/icyphy/ptII/ptolemy/actor/lib/database/mysql-co
nnector-java-5.1.6-bin.jar:/home/travis/build/icyphy/ptII/vendors/misc/sphinx4/
sphinx4-data-5prealpha.jar:/home/travis/build/icyphy/ptII/vendors/misc/sphinx4/
sphinx4-core-5prealpha.jar:/home/travis/build/icyphy/ptII/lib/PDFRenderer.jar:/
home/travis/build/icyphy/ptII/lib/svgSalamander.jar:/home/travis/build/icyphy/p
tII/lib/rsyntaxtextarea-2.6.0-SNAPSHOT.jar:/home/travis/build/icyphy/ptII/lib/h
azelcast-3.8.2.jar:/home/travis/build/icyphy/ptII/lib/jackson-annotations-2.9.0
.jar:/home/travis/build/icyphy/ptII/lib/jackson-core-2.9.3.jar:/home/travis/bui
ld/icyphy/ptII/lib/jackson-databind-2.9.3.jar:/home/travis/build/icyphy/ptII/li
b/netty-buffer-4.1.19.Final.jar:/home/travis/build/icyphy/ptII/lib/netty-codec-
4.1.19.Final.jar:/home/travis/build/icyphy/ptII/lib/netty-codec-dns-4.1.19.Fina
l.jar:/home/travis/build/icyphy/ptII/lib/netty-codec-http-4.1.19.Final.jar:/hom
e/travis/build/icyphy/ptII/lib/netty-codec-http2-4.1.19.Final.jar:/home/travis/
build/icyphy/ptII/lib/netty-common-4.1.19.Final.jar:/home/travis/build/icyphy/p
tII/lib/netty-handler-4.1.19.Final.jar:/home/travis/build/icyphy/ptII/lib/netty
-resolver-4.1.19.Final.jar:/home/travis/build/icyphy/ptII/lib/netty-resolver-dn
s-4.1.19.Final.jar:/home/travis/build/icyphy/ptII/lib/netty-transport-4.1.19.Fi
nal.jar:/home/travis/build/icyphy/ptII/lib/vertx-codegen-3.5.1.jar:/home/travis
/build/icyphy/ptII/lib/vertx-core-3.5.2-SNAPSHOT.jar:/home/travis/build/icyphy/
ptII/lib/vertx-hazelcast-3.5.1.jar:/home/travis/build/icyphy/ptII/lib/vertx-lan
g-js-3.5.1.jar:/home/travis/build/icyphy/ptII/lib/vertx-service-proxy-3.5.1.jar
:/home/travis/build/icyphy/ptII/lib/vertx-web-3.5.1.jar:/home/travis/build/icyp
hy/ptII/lib/slf4j-api-1.7.13.jar:/home/travis/build/icyphy/ptII/lib/slf4j-simpl
e-1.7.13.jar:/home/travis/build/icyphy/ptII/lib/webcam-capture-0.3.12.jar:/home
/travis/build/icyphy/ptII/lib/bridj-0.7.0.jar:/home/travis/build/icyphy/ptII/li
b/xbjlib-1.1.0.nrjavaserial.jar:/home/travis/build/icyphy/ptII/ptolemy/moml/tes
t:/home/travis/build/icyphy/ptII/ant/lib/ant-launcher.jar:/home/travis/build/ic
yphy/ptII/ant/lib/ant.jar:/home/travis/build/icyphy/ptII/ant/lib/ant-junit.jar:
/home/travis/build/icyphy/ptII/ant/lib/ant-junit4.jar:/home/travis/build/icyphy
/ptII ModularCodeGenPubSub4_A1_A_profile.java
total 2164
drwxrwxr-x   3 travis travis 12288 Apr  9 04:00 AbsoluteValue
-rw-rw-r--   1 travis travis   233 Apr  9 04:05 Array.class
-rw-rw-r--   1 travis travis   459 Apr  9 04:05 Array.java
drwxrwxr-x   3 travis travis 16384 Apr  9 04:00 Case1
drwxrwxr-x   3 travis travis 32768 Apr  9 04:00 Case2
-rw-rw-r--   1 travis travis  4895 Apr  9 04:04 CompiledCompositeActor_CompiledCompositeActor.class
-rw-rw-r--   1 travis travis  1592 Apr  9 04:04 CompiledCompositeActor_CompiledCompositeActor$_CompiledCompositeActor_CompiledCompositeActor.class
-rw-rw-r--   1 travis travis 13466 Apr  9 04:04 CompiledCompositeActor_CompiledCompositeActor.java
-rw-rw-r--   1 travis travis  1593 Apr  9 04:04 CompiledCompositeActor_CompiledCompositeActor.mk
drwxrwxr-x   3 travis travis 24576 Apr  9 04:02 DeScrambler
drwxrwxr-x   3 travis travis 16384 Apr  9 04:04 DotProduct
drwxrwxr-x   3 travis travis 12288 Apr  9 04:00 FileWriter1
drwxrwxr-x   3 travis travis 20480 Apr  9 04:00 FixToDoubleAndBack
drwxrwxr-x   3 travis travis 16384 Apr  9 04:00 Gaussian1
drwxrwxr-x   3 travis travis 20480 Apr  9 04:00 Gaussian2
-rw-rw-r--   1 travis travis  4457 Apr  9 04:04 JavaCompiledCompositeTest1_CompiledCompositeActor.class
-rw-rw-r--   1 travis travis 11637 Apr  9 04:04 JavaCompiledCompositeTest1_CompiledCompositeActor.java
-rw-rw-r--   1 travis travis  1198 Apr  9 04:04 JavaCompiledCompositeTest1_CompiledCompositeActor$_JavaCompiledCompositeTest1_CompiledCompositeActor.class
-rw-rw-r--   1 travis travis  1625 Apr  9 04:04 JavaCompiledCompositeTest1_CompiledCompositeActor.mk
-rw-rw-r--   1 travis travis  4888 Apr  9 04:04 JavaCompiledCompositeTest2_CompiledCompositeActor.class
-rw-rw-r--   1 travis travis 14919 Apr  9 04:04 JavaCompiledCompositeTest2_CompiledCompositeActor.java
-rw-rw-r--   1 travis travis  1793 Apr  9 04:04 JavaCompiledCompositeTest2_CompiledCompositeActor$_JavaCompiledCompositeTest2_CompiledCompositeActor.class
-rw-rw-r--   1 travis travis  1625 Apr  9 04:04 JavaCompiledCompositeTest2_CompiledCompositeActor.mk
-rw-rw-r--   1 travis travis  4505 Apr  9 04:04 JavaCompiledCompositeTest3_CompiledCompositeActor.class
-rw-rw-r--   1 travis travis 13080 Apr  9 04:04 JavaCompiledCompositeTest3_CompiledCompositeActor.java
-rw-rw-r--   1 travis travis  1378 Apr  9 04:04 JavaCompiledCompositeTest3_CompiledCompositeActor$_JavaCompiledCompositeTest3_CompiledCompositeActor.class
-rw-rw-r--   1 travis travis  1625 Apr  9 04:04 JavaCompiledCompositeTest3_CompiledCompositeActor.mk
-rw-rw-r--   1 travis travis  3953 Apr  9 04:04 JavaCompiledCompositeTest4_CompiledCompositeActor.class
-rw-rw-r--   1 travis travis  9687 Apr  9 04:04 JavaCompiledCompositeTest4_CompiledCompositeActor.java
-rw-rw-r--   1 travis travis   857 Apr  9 04:04 JavaCompiledCompositeTest4_CompiledCompositeActor$_JavaCompiledCompositeTest4_CompiledCompositeActor.class
-rw-rw-r--   1 travis travis  1625 Apr  9 04:04 JavaCompiledCompositeTest4_CompiledCompositeActor.mk
drwxrwxr-x   3 travis travis 12288 Apr  9 04:01 LookupTable
drwxrwxr-x   3 travis travis 20480 Apr  9 04:01 MaxIndex
-rw-rw-r--   1 travis travis  3693 Apr  9 04:04 ModularCG_A1_B1.class
-rw-rw-r--   1 travis travis  9730 Apr  9 04:04 ModularCG_A1_B1.java
-rw-rw-r--   1 travis travis   832 Apr  9 04:04 ModularCG_A1_B1.mk
-rw-rw-r--   1 travis travis  1318 Apr  9 04:04 ModularCG_A1_B1_profile.class
-rw-rw-r--   1 travis travis  1262 Apr  9 04:04 ModularCG_A1_B1_profile.java
-rw-rw-r--   1 travis travis  3693 Apr  9 04:04 ModularCG_A1_B2.class
-rw-rw-r--   1 travis travis  9730 Apr  9 04:04 ModularCG_A1_B2.java
-rw-rw-r--   1 travis travis   832 Apr  9 04:04 ModularCG_A1_B2.mk
-rw-rw-r--   1 travis travis  1318 Apr  9 04:04 ModularCG_A1_B2_profile.class
-rw-rw-r--   1 travis travis  1262 Apr  9 04:04 ModularCG_A1_B2_profile.java
-rw-rw-r--   1 travis travis  4799 Apr  9 04:04 ModularCG_A1.class
-rw-rw-r--   1 travis travis 14742 Apr  9 04:04 ModularCG_A1.java
-rw-rw-r--   1 travis travis   808 Apr  9 04:04 ModularCG_A1.mk
-rw-rw-r--   1 travis travis  1433 Apr  9 04:04 ModularCG_A1_profile.class
-rw-rw-r--   1 travis travis  1704 Apr  9 04:04 ModularCG_A1_profile.java
-rw-rw-r--   1 travis travis  3827 Apr  9 04:04 ModularCG_A2_B1.class
-rw-rw-r--   1 travis travis 10667 Apr  9 04:04 ModularCG_A2_B1.java
-rw-rw-r--   1 travis travis   832 Apr  9 04:04 ModularCG_A2_B1.mk
-rw-rw-r--   1 travis travis  1381 Apr  9 04:04 ModularCG_A2_B1_profile.class
-rw-rw-r--   1 travis travis  1446 Apr  9 04:04 ModularCG_A2_B1_profile.java
-rw-rw-r--   1 travis travis  3693 Apr  9 04:04 ModularCG_A2_B2.class
-rw-rw-r--   1 travis travis  9730 Apr  9 04:04 ModularCG_A2_B2.java
-rw-rw-r--   1 travis travis   832 Apr  9 04:04 ModularCG_A2_B2.mk
-rw-rw-r--   1 travis travis  1318 Apr  9 04:04 ModularCG_A2_B2_profile.class
-rw-rw-r--   1 travis travis  1262 Apr  9 04:04 ModularCG_A2_B2_profile.java
-rw-rw-r--   1 travis travis  4870 Apr  9 04:05 ModularCG_A2.class
-rw-rw-r--   1 travis travis 15129 Apr  9 04:05 ModularCG_A2.java
-rw-rw-r--   1 travis travis   808 Apr  9 04:05 ModularCG_A2.mk
-rw-rw-r--   1 travis travis  1433 Apr  9 04:05 ModularCG_A2_profile.class
-rw-rw-r--   1 travis travis  1704 Apr  9 04:04 ModularCG_A2_profile.java
-rw-rw-r--   1 travis travis  3473 Apr  9 04:05 ModularCGPubSub_A1_A2.class
-rw-rw-r--   1 travis travis  9076 Apr  9 04:05 ModularCGPubSub_A1_A2.java
-rw-rw-r--   1 travis travis   880 Apr  9 04:05 ModularCGPubSub_A1_A2.mk
-rw-rw-r--   1 travis travis  1300 Apr  9 04:05 ModularCGPubSub_A1_A2_profile.class
-rw-rw-r--   1 travis travis  1222 Apr  9 04:05 ModularCGPubSub_A1_A2_profile.java
-rw-rw-r--   1 travis travis  3790 Apr  9 04:05 ModularCGPubSub_A1.class
-rw-rw-r--   1 travis travis  9836 Apr  9 04:05 ModularCGPubSub_A1.java
-rw-rw-r--   1 travis travis   856 Apr  9 04:05 ModularCGPubSub_A1.mk
-rw-rw-r--   1 travis travis  1346 Apr  9 04:05 ModularCGPubSub_A1_profile.class
-rw-rw-r--   1 travis travis  1388 Apr  9 04:05 ModularCGPubSub_A1_profile.java
-rw-rw-r--   1 travis travis  3988 Apr  9 04:05 ModularCodeGen2_ModularCodeGenTypedCompositeActor.class
-rw-rw-r--   1 travis travis 11690 Apr  9 04:05 ModularCodeGen2_ModularCodeGenTypedCompositeActor.java
-rw-rw-r--   1 travis travis  1104 Apr  9 04:05 ModularCodeGen2_ModularCodeGenTypedCompositeActor.mk
-rw-rw-r--   1 travis travis  4272 Apr  9 04:05 ModularCodeGen2_ModularCodeGenTypedCompositeActor_ModularCodeGenTypedCompositeActor.class
-rw-rw-r--   1 travis travis 11790 Apr  9 04:05 ModularCodeGen2_ModularCodeGenTypedCompositeActor_ModularCodeGenTypedCompositeActor.java
-rw-rw-r--   1 travis travis  1376 Apr  9 04:05 ModularCodeGen2_ModularCodeGenTypedCompositeActor_ModularCodeGenTypedCompositeActor.mk
-rw-rw-r--   1 travis travis  1421 Apr  9 04:05 ModularCodeGen2_ModularCodeGenTypedCompositeActor_ModularCodeGenTypedCompositeActor_profile.class
-rw-rw-r--   1 travis travis  1294 Apr  9 04:05 ModularCodeGen2_ModularCodeGenTypedCompositeActor_ModularCodeGenTypedCompositeActor_profile.java
-rw-rw-r--   1 travis travis   820 Apr  9 04:05 ModularCodeGen2_ModularCodeGenTypedCompositeActor_profile.class
-rw-rw-r--   1 travis travis   693 Apr  9 04:05 ModularCodeGen2_ModularCodeGenTypedCompositeActor_profile.java
-rw-rw-r--   1 travis travis  3741 Apr  9 04:05 ModularCodeGen3_A1_B1.class
-rw-rw-r--   1 travis travis  9958 Apr  9 04:05 ModularCodeGen3_A1_B1.java
-rw-rw-r--   1 travis travis   880 Apr  9 04:05 ModularCodeGen3_A1_B1.mk
-rw-rw-r--   1 travis travis  1330 Apr  9 04:05 ModularCodeGen3_A1_B1_profile.class
-rw-rw-r--   1 travis travis  1274 Apr  9 04:05 ModularCodeGen3_A1_B1_profile.java
-rw-rw-r--   1 travis travis  3741 Apr  9 04:05 ModularCodeGen3_A1_B2.class
-rw-rw-r--   1 travis travis  9958 Apr  9 04:05 ModularCodeGen3_A1_B2.java
-rw-rw-r--   1 travis travis   880 Apr  9 04:05 ModularCodeGen3_A1_B2.mk
-rw-rw-r--   1 travis travis  1330 Apr  9 04:05 ModularCodeGen3_A1_B2_profile.class
-rw-rw-r--   1 travis travis  1274 Apr  9 04:05 ModularCodeGen3_A1_B2_profile.java
-rw-rw-r--   1 travis travis  4961 Apr  9 04:05 ModularCodeGen3_A1.class
-rw-rw-r--   1 travis travis 15564 Apr  9 04:05 ModularCodeGen3_A1.java
-rw-rw-r--   1 travis travis   856 Apr  9 04:05 ModularCodeGen3_A1.mk
-rw-rw-r--   1 travis travis  1445 Apr  9 04:05 ModularCodeGen3_A1_profile.class
-rw-rw-r--   1 travis travis  1716 Apr  9 04:05 ModularCodeGen3_A1_profile.java
-rw-rw-r--   1 travis travis  3887 Apr  9 04:05 ModularCodeGen3_A2_B1.class
-rw-rw-r--   1 travis travis 10955 Apr  9 04:05 ModularCodeGen3_A2_B1.java
-rw-rw-r--   1 travis travis   880 Apr  9 04:05 ModularCodeGen3_A2_B1.mk
-rw-rw-r--   1 travis travis  1393 Apr  9 04:05 ModularCodeGen3_A2_B1_profile.class
-rw-rw-r--   1 travis travis  1458 Apr  9 04:05 ModularCodeGen3_A2_B1_profile.java
-rw-rw-r--   1 travis travis  3741 Apr  9 04:05 ModularCodeGen3_A2_B2.class
-rw-rw-r--   1 travis travis  9958 Apr  9 04:05 ModularCodeGen3_A2_B2.java
-rw-rw-r--   1 travis travis   880 Apr  9 04:05 ModularCodeGen3_A2_B2.mk
-rw-rw-r--   1 travis travis  1330 Apr  9 04:05 ModularCodeGen3_A2_B2_profile.class
-rw-rw-r--   1 travis travis  1274 Apr  9 04:05 ModularCodeGen3_A2_B2_profile.java
-rw-rw-r--   1 travis travis  5038 Apr  9 04:05 ModularCodeGen3_A2.class
-rw-rw-r--   1 travis travis 15957 Apr  9 04:05 ModularCodeGen3_A2.java
-rw-rw-r--   1 travis travis   856 Apr  9 04:05 ModularCodeGen3_A2.mk
-rw-rw-r--   1 travis travis  1445 Apr  9 04:05 ModularCodeGen3_A2_profile.class
-rw-rw-r--   1 travis travis  1716 Apr  9 04:05 ModularCodeGen3_A2_profile.java
-rw-rw-r--   1 travis travis  3794 Apr  9 04:05 ModularCodeGen4_A1_B1.class
-rw-rw-r--   1 travis travis 10312 Apr  9 04:05 ModularCodeGen4_A1_B1.java
-rw-rw-r--   1 travis travis   880 Apr  9 04:05 ModularCodeGen4_A1_B1.mk
-rw-rw-r--   1 travis travis  1330 Apr  9 04:05 ModularCodeGen4_A1_B1_profile.class
-rw-rw-r--   1 travis travis  1273 Apr  9 04:05 ModularCodeGen4_A1_B1_profile.java
-rw-rw-r--   1 travis travis  3794 Apr  9 04:05 ModularCodeGen4_A1_B2.class
-rw-rw-r--   1 travis travis 10312 Apr  9 04:05 ModularCodeGen4_A1_B2.java
-rw-rw-r--   1 travis travis   880 Apr  9 04:05 ModularCodeGen4_A1_B2.mk
-rw-rw-r--   1 travis travis  1330 Apr  9 04:05 ModularCodeGen4_A1_B2_profile.class
-rw-rw-r--   1 travis travis  1273 Apr  9 04:05 ModularCodeGen4_A1_B2_profile.java
-rw-rw-r--   1 travis travis  5101 Apr  9 04:05 ModularCodeGen4_A1.class
-rw-rw-r--   1 travis travis 16245 Apr  9 04:05 ModularCodeGen4_A1.java
-rw-rw-r--   1 travis travis   856 Apr  9 04:05 ModularCodeGen4_A1.mk
-rw-rw-r--   1 travis travis  1445 Apr  9 04:05 ModularCodeGen4_A1_profile.class
-rw-rw-r--   1 travis travis  1712 Apr  9 04:05 ModularCodeGen4_A1_profile.java
-rw-rw-r--   1 travis travis  3988 Apr  9 04:05 ModularCodeGen4_A2_B1.class
-rw-rw-r--   1 travis travis 11375 Apr  9 04:05 ModularCodeGen4_A2_B1.java
-rw-rw-r--   1 travis travis   880 Apr  9 04:05 ModularCodeGen4_A2_B1.mk
-rw-rw-r--   1 travis travis  1393 Apr  9 04:05 ModularCodeGen4_A2_B1_profile.class
-rw-rw-r--   1 travis travis  1454 Apr  9 04:05 ModularCodeGen4_A2_B1_profile.java
-rw-rw-r--   1 travis travis  3842 Apr  9 04:05 ModularCodeGen4_A2_B2.class
-rw-rw-r--   1 travis travis 10378 Apr  9 04:05 ModularCodeGen4_A2_B2.java
-rw-rw-r--   1 travis travis   880 Apr  9 04:05 ModularCodeGen4_A2_B2.mk
-rw-rw-r--   1 travis travis  1330 Apr  9 04:05 ModularCodeGen4_A2_B2_profile.class
-rw-rw-r--   1 travis travis  1270 Apr  9 04:05 ModularCodeGen4_A2_B2_profile.java
-rw-rw-r--   1 travis travis  5274 Apr  9 04:05 ModularCodeGen4_A2.class
-rw-rw-r--   1 travis travis 16770 Apr  9 04:05 ModularCodeGen4_A2.java
-rw-rw-r--   1 travis travis   856 Apr  9 04:05 ModularCodeGen4_A2.mk
-rw-rw-r--   1 travis travis  1445 Apr  9 04:05 ModularCodeGen4_A2_profile.class
-rw-rw-r--   1 travis travis  1712 Apr  9 04:05 ModularCodeGen4_A2_profile.java
-rw-rw-r--   1 travis travis  6838 Apr  9 04:05 ModularCodeGen5_A_A.class
-rw-rw-r--   1 travis travis 28721 Apr  9 04:05 ModularCodeGen5_A_A.java
-rw-rw-r--   1 travis travis   864 Apr  9 04:05 ModularCodeGen5_A_A.mk
-rw-rw-r--   1 travis travis  1520 Apr  9 04:05 ModularCodeGen5_A_A_profile.class
-rw-rw-r--   1 travis travis  1815 Apr  9 04:05 ModularCodeGen5_A_A_profile.java
-rw-rw-r--   1 travis travis  5115 Apr  9 04:05 ModularCodeGen5_A.class
-rw-rw-r--   1 travis travis 13769 Apr  9 04:05 ModularCodeGen5_A.java
-rw-rw-r--   1 travis travis   848 Apr  9 04:05 ModularCodeGen5_A.mk
-rw-rw-r--   1 travis travis  1422 Apr  9 04:05 ModularCodeGen5_A_profile.class
-rw-rw-r--   1 travis travis  1605 Apr  9 04:05 ModularCodeGen5_A_profile.java
-rw-rw-r--   1 travis travis  4125 Apr  9 04:05 ModularCodeGen6_A_A2.class
-rw-rw-r--   1 travis travis 11329 Apr  9 04:05 ModularCodeGen6_A_A2.java
-rw-rw-r--   1 travis travis   872 Apr  9 04:05 ModularCodeGen6_A_A2.mk
-rw-rw-r--   1 travis travis  1351 Apr  9 04:05 ModularCodeGen6_A_A2_profile.class
-rw-rw-r--   1 travis travis  1364 Apr  9 04:05 ModularCodeGen6_A_A2_profile.java
-rw-rw-r--   1 travis travis  4108 Apr  9 04:05 ModularCodeGen6_A_A.class
-rw-rw-r--   1 travis travis 11221 Apr  9 04:05 ModularCodeGen6_A_A.java
-rw-rw-r--   1 travis travis   864 Apr  9 04:05 ModularCodeGen6_A_A.mk
-rw-rw-r--   1 travis travis  1348 Apr  9 04:05 ModularCodeGen6_A_A_profile.class
-rw-rw-r--   1 travis travis  1361 Apr  9 04:05 ModularCodeGen6_A_A_profile.java
-rw-rw-r--   1 travis travis  7237 Apr  9 04:05 ModularCodeGen6_A.class
-rw-rw-r--   1 travis travis 26535 Apr  9 04:05 ModularCodeGen6_A.java
-rw-rw-r--   1 travis travis   848 Apr  9 04:05 ModularCodeGen6_A.mk
-rw-rw-r--   1 travis travis  1483 Apr  9 04:05 ModularCodeGen6_A_profile.class
-rw-rw-r--   1 travis travis  1810 Apr  9 04:05 ModularCodeGen6_A_profile.java
-rw-rw-r--   1 travis travis  9439 Apr  9 04:05 ModularCodeGenLazyPubSubGlobal_CompositeActor_ModularCodeGenTypedComposite.class
-rw-rw-r--   1 travis travis 30161 Apr  9 04:05 ModularCodeGenLazyPubSubGlobal_CompositeActor_ModularCodeGenTypedComposite.java
-rw-rw-r--   1 travis travis  1304 Apr  9 04:05 ModularCodeGenLazyPubSubGlobal_CompositeActor_ModularCodeGenTypedComposite.mk
-rw-rw-r--   1 travis travis  1438 Apr  9 04:05 ModularCodeGenLazyPubSubGlobal_CompositeActor_ModularCodeGenTypedComposite_profile.class
-rw-rw-r--   1 travis travis  1384 Apr  9 04:05 ModularCodeGenLazyPubSubGlobal_CompositeActor_ModularCodeGenTypedComposite_profile.java
-rw-rw-r--   1 travis travis  3952 Apr  9 04:05 ModularCodeGenLazyPubSub_LazyCompositeActor.class
-rw-rw-r--   1 travis travis 11122 Apr  9 04:05 ModularCodeGenLazyPubSub_LazyCompositeActor.java
-rw-rw-r--   1 travis travis  1056 Apr  9 04:05 ModularCodeGenLazyPubSub_LazyCompositeActor.mk
-rw-rw-r--   1 travis travis  1286 Apr  9 04:05 ModularCodeGenLazyPubSub_LazyCompositeActor_profile.class
-rw-rw-r--   1 travis travis  1091 Apr  9 04:05 ModularCodeGenLazyPubSub_LazyCompositeActor_profile.java
-rw-rw-r--   1 travis travis  3954 Apr  9 04:05 ModularCodeGen_ModularCodeGenTypedCompositeActor.class
-rw-rw-r--   1 travis travis 10970 Apr  9 04:05 ModularCodeGen_ModularCodeGenTypedCompositeActor.java
-rw-rw-r--   1 travis travis  1096 Apr  9 04:05 ModularCodeGen_ModularCodeGenTypedCompositeActor.mk
-rw-rw-r--   1 travis travis  1384 Apr  9 04:05 ModularCodeGen_ModularCodeGenTypedCompositeActor_profile.class
-rw-rw-r--   1 travis travis  1328 Apr  9 04:05 ModularCodeGen_ModularCodeGenTypedCompositeActor_profile.java
-rw-rw-r--   1 travis travis  3441 Apr  9 04:05 ModularCodeGenPubSub2_A1_A.class
-rw-rw-r--   1 travis travis  8578 Apr  9 04:05 ModularCodeGenPubSub2_A1_A.java
-rw-rw-r--   1 travis travis   920 Apr  9 04:05 ModularCodeGenPubSub2_A1_A.mk
-rw-rw-r--   1 travis travis  1274 Apr  9 04:05 ModularCodeGenPubSub2_A1_A_profile.class
-rw-rw-r--   1 travis travis  1128 Apr  9 04:05 ModularCodeGenPubSub2_A1_A_profile.java
-rw-rw-r--   1 travis travis  3733 Apr  9 04:05 ModularCodeGenPubSub2_A1.class
-rw-rw-r--   1 travis travis  9781 Apr  9 04:05 ModularCodeGenPubSub2_A1.java
-rw-rw-r--   1 travis travis   904 Apr  9 04:05 ModularCodeGenPubSub2_A1.mk
-rw-rw-r--   1 travis travis  1268 Apr  9 04:05 ModularCodeGenPubSub2_A1_profile.class
-rw-rw-r--   1 travis travis  1196 Apr  9 04:05 ModularCodeGenPubSub2_A1_profile.java
-rw-rw-r--   1 travis travis  3437 Apr  9 04:06 ModularCodeGenPubSub3_A1_A2.class
-rw-rw-r--   1 travis travis  8599 Apr  9 04:05 ModularCodeGenPubSub3_A1_A2.java
-rw-rw-r--   1 travis travis   928 Apr  9 04:05 ModularCodeGenPubSub3_A1_A2.mk
-rw-rw-r--   1 travis travis  1287 Apr  9 04:05 ModularCodeGenPubSub3_A1_A2_profile.class
-rw-rw-r--   1 travis travis  1132 Apr  9 04:05 ModularCodeGenPubSub3_A1_A2_profile.java
-rw-rw-r--   1 travis travis  3856 Apr  9 04:06 ModularCodeGenPubSub3_A1.class
-rw-rw-r--   1 travis travis 10100 Apr  9 04:06 ModularCodeGenPubSub3_A1.java
-rw-rw-r--   1 travis travis   904 Apr  9 04:06 ModularCodeGenPubSub3_A1.mk
-rw-rw-r--   1 travis travis  1358 Apr  9 04:06 ModularCodeGenPubSub3_A1_profile.class
-rw-rw-r--   1 travis travis  1400 Apr  9 04:06 ModularCodeGenPubSub3_A1_profile.java
-rw-rw-r--   1 travis travis  1128 Apr  9 04:06 ModularCodeGenPubSub4_A1_A_profile.java
-rw-rw-r--   1 travis travis  3475 Apr  9 04:05 ModularCodeGenPubSub_A1.class
-rw-rw-r--   1 travis travis  9060 Apr  9 04:05 ModularCodeGenPubSub_A1.java
-rw-rw-r--   1 travis travis   896 Apr  9 04:05 ModularCodeGenPubSub_A1.mk
-rw-rw-r--   1 travis travis  1278 Apr  9 04:05 ModularCodeGenPubSub_A1_profile.class
-rw-rw-r--   1 travis travis  1195 Apr  9 04:05 ModularCodeGenPubSub_A1_profile.java
-rw-rw-r--   1 travis travis  3492 Apr  9 04:04 ModularCodeGenTest_A1_A2.class
-rw-rw-r--   1 travis travis   904 Apr  9 04:04 ModularCodeGenTest_A1_A2.mk
-rw-rw-r--   1 travis travis  1306 Apr  9 04:04 ModularCodeGenTest_A1_A2_profile.class
-rw-rw-r--   1 travis travis  3823 Apr  9 04:04 ModularCodeGenTest_A1.class
-rw-rw-r--   1 travis travis  9968 Apr  9 04:04 ModularCodeGenTest_A1.java
-rw-rw-r--   1 travis travis   880 Apr  9 04:04 ModularCodeGenTest_A1.mk
-rw-rw-r--   1 travis travis  1352 Apr  9 04:04 ModularCodeGenTest_A1_profile.class
-rw-rw-r--   1 travis travis  1394 Apr  9 04:04 ModularCodeGenTest_A1_profile.java
drwxrwxr-x   3 travis travis 36864 Apr  9 04:04 modulation2
drwxrwxr-x   3 travis travis 20480 Apr  9 04:01 Multiplexor
drwxrwxr-x 242 travis travis 12288 Apr  9 04:04 node_modules
drwxrwxr-x   3 travis travis 20480 Apr  9 04:01 PhaseUnwrap
-rw-rw-r--   1 travis travis   520 Apr  9 04:04 Repeat$_fireFunction_Repeat_Repeat$__f_sL_0.class
-rw-rw-r--   1 travis travis   522 Apr  9 04:04 Repeat$_fireFunction_Repeat_Repeat$__f_sL_10.class
-rw-rw-r--   1 travis travis   666 Apr  9 04:04 Repeat$_fireFunction_Repeat_Repeat$__f_sL_11.class
-rw-rw-r--   1 travis travis   522 Apr  9 04:04 Repeat$_fireFunction_Repeat_Repeat$__f_sL_13.class
-rw-rw-r--   1 travis travis   665 Apr  9 04:04 Repeat$_fireFunction_Repeat_Repeat$__f_sL_1.class
-rw-rw-r--   1 travis travis   520 Apr  9 04:04 Repeat$_fireFunction_Repeat_Repeat$__f_sL_2.class
-rw-rw-r--   1 travis travis   520 Apr  9 04:04 Repeat$_fireFunction_Repeat_Repeat$__f_sL_3.class
-rw-rw-r--   1 travis travis   520 Apr  9 04:04 Repeat$_fireFunction_Repeat_Repeat$__f_sL_5.class
-rw-rw-r--   1 travis travis   671 Apr  9 04:04 Repeat$_fireFunction_Repeat_Repeat$__f_sL_7.class
-rw-rw-r--   1 travis travis   520 Apr  9 04:04 Repeat$_fireFunction_Repeat_Repeat$__f_sL_9.class
-rw-rw-r--   1 travis travis   813 Apr  9 04:04 Repeat$_initialize_Repeat.class
-rw-rw-r--   1 travis travis   475 Apr  9 04:04 Repeat$_initialize_Repeat$__i_sL_0.class
-rw-rw-r--   1 travis travis   519 Apr  9 04:04 Repeat$_initialize_Repeat$__i_sL_3.class
-rw-rw-r--   1 travis travis 39778 Apr  9 04:04 Repeat.java
-rw-rw-r--   1 travis travis  1281 Apr  9 04:04 Repeat.mk
-rw-rw-r--   1 travis travis   520 Apr  9 04:04 Repeat$_preinitializeMethod_Repeat$__p_sL_0.class
-rw-rw-r--   1 travis travis   520 Apr  9 04:04 Repeat$_preinitializeMethod_Repeat$__p_sL_1.class
-rw-rw-r--   1 travis travis  1083 Apr  9 04:04 Repeat$_Repeat$_fireFunction_Repeat_AddSubtract_Repeat.class
-rw-rw-r--   1 travis travis   791 Apr  9 04:04 Repeat$_Repeat$_fireFunction_Repeat_AddSubtract_Repeat$__f_sL_0.class
-rw-rw-r--   1 travis travis   909 Apr  9 04:04 Repeat$_Repeat$_fireFunction_Repeat_AddSubtract_Repeat$__f_sL_1.class
-rw-rw-r--   1 travis travis   915 Apr  9 04:04 Repeat$_Repeat$_fireFunction_Repeat_AddSubtract_Repeat$__f_sL_2.class
-rw-rw-r--   1 travis travis   838 Apr  9 04:04 Repeat$_Repeat$_fireFunction_Repeat_Ramp2_Repeat$__f_sL_1.class
-rw-rw-r--   1 travis travis  1785 Apr  9 04:04 Repeat$_Repeat$_fireFunction_Repeat_Test_Repeat$__f_sL_2.class
-rw-rw-r--   1 travis travis   685 Apr  9 04:04 Repeat$_Repeat_SDF_Director_run_Repeat$__R_sL_0.class
-rw-rw-r--   1 travis travis   540 Apr  9 04:04 Repeat$_Repeat_SDF_Director_run_Repeat$__R_sL_1.class
-rw-rw-r--   1 travis travis   540 Apr  9 04:04 Repeat$_Repeat_SDF_Director_run_Repeat$__R_sL_2.class
-rw-rw-r--   1 travis travis   540 Apr  9 04:04 Repeat$_Repeat_SDF_Director_run_Repeat$__R_sL_4.class
-rw-rw-r--   1 travis travis   540 Apr  9 04:04 Repeat$_Repeat_SDF_Director_run_Repeat$__R_sL_5.class
-rw-rw-r--   1 travis travis   691 Apr  9 04:04 Repeat$_Repeat_SDF_Director_run_Repeat$__R_sL_6.class
-rw-rw-r--   1 travis travis   540 Apr  9 04:04 Repeat$_Repeat_SDF_Director_run_Repeat$__R_sL_7.class
-rw-rw-r--   1 travis travis   863 Apr  9 04:04 Repeat$_varinit_Repeat.class
-rw-rw-r--   1 travis travis   530 Apr  9 04:04 Repeat$_varinit_Repeat$__v_sL_1.class
-rw-rw-r--   1 travis travis   531 Apr  9 04:04 Repeat$_varinit_Repeat$__v_sL_2.class
-rw-rw-r--   1 travis travis   905 Apr  9 04:04 Repeat$_varinit_Repeat$__v_sL_4.class
-rw-rw-r--   1 travis travis   635 Apr  9 04:04 Repeat$_wrapup_Repeat.class
-rw-rw-r--   1 travis travis   965 Apr  9 04:04 Repeat$_wrapup_Repeat$__w_sL_1.class
-rw-rw-r--   1 travis travis   289 Apr  9 03:59 result.csv
drwxrwxr-x   3 travis travis 12288 Apr  9 04:02 Scrambler1
drwxrwxr-x   3 travis travis 20480 Apr  9 04:01 Sinewave2
drwxrwxr-x   3 travis travis 69632 Apr  9 04:02 StringCompare
drwxrwxr-x   3 travis travis 32768 Apr  9 04:02 StringFunction
drwxrwxr-x   3 travis travis 12288 Apr  9 04:03 StringLength
drwxrwxr-x   3 travis travis 57344 Apr  9 04:03 StringSimpleReplace
drwxrwxr-x   3 travis travis 12288 Apr  9 04:04 time2
drwxrwxr-x   3 travis travis 12288 Apr  9 04:04 time5
-rw-rw-r--   1 travis travis   432 Apr  9 04:06 Token.class
-rw-rw-r--   1 travis travis   251 Apr  9 04:06 Token.java
-rw-rw-r--   1 travis travis     0 Apr  9 04:04 top.
-rw-rw-r--   1 travis travis 20502 Apr  9 03:59 top.c
-rw-rw-r--   1 travis travis  3567 Apr  9 04:04 top.class
-rw-rw-r--   1 travis travis   169 Apr  9 03:59 top.html
-rw-rw-r--   1 travis travis  7552 Apr  9 04:04 top.java
-rw-rw-r--   1 travis travis 38888 Apr  9 03:59 top.o
drwxrwxr-x   3 travis travis 57344 Apr  9 04:02 UnaryMathFunction
All Done
Writing ModularCodeGenPubSub4_A1_A.java in file:/home/travis/cg/ (8578 characters)
Reading "ptolemy/cg/kernel/generic/program/procedural/java/modular/makefile.in",
    writing "/home/travis/cg/ModularCodeGenPubSub4_A1_A.mk"
Using ptolemy/cg/kernel/generic/program/procedural/java/modular/makefile.in
In "/home/travis/cg", about to execute:
    make -f ModularCodeGenPubSub4_A1_A.mk
javac -classpath ".:.."    ModularCodeGenPubSub4_A1_A.java
All Done
In "/home/travis/cg", about to execute:
    pwd
In "/home/travis/cg", about to execute:
    ls -l
/home/travis/cg
In "/home/travis/cg", about to execute:
    javac -classpath
.:/home/travis/build/icyphy/ptII:/home/travis/build/icyphy/ptII/lib/bsh-2.0b4.j
ar:/home/travis/build/icyphy/ptII/lib/ptCal.jar:/home/travis/build/icyphy/ptII/
lib/java_cup.jar:/home/travis/build/icyphy/ptII/lib/saxon8.jar:/home/travis/bui
ld/icyphy/ptII/lib/saxon8-dom.jar:/home/travis/build/icyphy/ptII/lib/chic.jar:/
home/travis/build/icyphy/ptII/lib/ptcolt.jar:/usr/lib/jvm/java-8-oracle/lib/too
ls.jar:/home/travis/build/icyphy/ptII/vendors/misc/itext/iText.jar:/home/travis
/build/icyphy/ptII/lib/g4ltl.jar:/home/travis/build/icyphy/ptII/lib/StructuralC
oder.jar:/home/travis/build/icyphy/ptII/vendors/jai-1_1_2_01/lib/jai_core.jar:/
home/travis/build/icyphy/ptII/vendors/jai-1_1_2_01/lib/jai_codec.jar:/home/trav
is/build/icyphy/ptII/lib/jcerti.jar:/home/travis/build/icyphy/ptII/lib/javax.ma
il.jar:/home/travis/build/icyphy/ptII/vendors/JMF-2.1.1e/lib/jmf.jar:/home/trav
is/build/icyphy/ptII/lib/jna-4.0.0-variadic.jar:/home/travis/build/icyphy/ptII/
vendors/misc/joystick/Joystick.jar:/home/travis/build/icyphy/ptII/lib/ptjacl.ja
r:/home/travis/build/icyphy/ptII/lib/jsoup-1.8.2.jar:/home/travis/build/icyphy/
ptII/lib/junit-4.8.2.jar:/home/travis/build/icyphy/ptII/lib/JUnitParams-0.4.0.j
ar:/home/travis/build/icyphy/ptII/ptolemy/actor/lib/excel/jxl.jar:/home/travis/
build/icyphy/ptII/lib/jython.jar:/home/travis/build/icyphy/ptII/lib/kieler.jar:
/home/travis/build/icyphy/ptII/vendors/opencv/share/OpenCV/java/opencv-341.jar:
/home/travis/build/icyphy/ptII/lib/oscP5.jar:/home/travis/build/icyphy/ptII/lib
/nrjavaserial-3.11.0.devel.jar:/home/travis/build/icyphy/ptII/vendors/j3d/lib/j
3dcore.jar:/home/travis/build/icyphy/ptII/vendors/j3d/lib/j3dutils.jar:/home/tr
avis/build/icyphy/ptII/vendors/j3d/lib/vecmath.jar:/home/travis/build/icyphy/pt
II/ptolemy/distributed/jini/jar/jini-core.jar:/home/travis/build/icyphy/ptII/pt
olemy/distributed/jini/jar/jini-ext.jar:/home/travis/build/icyphy/ptII/ptolemy/
distributed/jini/jar/sun-util.jar:/home/travis/build/icyphy/ptII/lib/protobuf-j
ava-2.4.1.jar:/home/travis/build/icyphy/ptII/lib/org.eclipse.paho.client.mqttv3
.jar:/home/travis/build/icyphy/ptII/lib/mapss.jar:/home/travis/build/icyphy/ptI
I/ptolemy/actor/ptalon/antlr/antlr.jar:/home/travis/build/icyphy/ptII/lib/JRI.j
ar:/home/travis/build/icyphy/ptII/lib/commons-lang-2.6.jar:/home/travis/build/i
cyphy/ptII/lib/commons-logging-1.1.1.jar:/home/travis/build/icyphy/ptII/lib/soo
tclasses.jar:/home/travis/build/icyphy/ptII/ptolemy/actor/lib/database/mysql-co
nnector-java-5.1.6-bin.jar:/home/travis/build/icyphy/ptII/vendors/misc/sphinx4/
sphinx4-data-5prealpha.jar:/home/travis/build/icyphy/ptII/vendors/misc/sphinx4/
sphinx4-core-5prealpha.jar:/home/travis/build/icyphy/ptII/lib/PDFRenderer.jar:/
home/travis/build/icyphy/ptII/lib/svgSalamander.jar:/home/travis/build/icyphy/p
tII/lib/rsyntaxtextarea-2.6.0-SNAPSHOT.jar:/home/travis/build/icyphy/ptII/lib/h
azelcast-3.8.2.jar:/home/travis/build/icyphy/ptII/lib/jackson-annotations-2.9.0
.jar:/home/travis/build/icyphy/ptII/lib/jackson-core-2.9.3.jar:/home/travis/bui
ld/icyphy/ptII/lib/jackson-databind-2.9.3.jar:/home/travis/build/icyphy/ptII/li
b/netty-buffer-4.1.19.Final.jar:/home/travis/build/icyphy/ptII/lib/netty-codec-
4.1.19.Final.jar:/home/travis/build/icyphy/ptII/lib/netty-codec-dns-4.1.19.Fina
l.jar:/home/travis/build/icyphy/ptII/lib/netty-codec-http-4.1.19.Final.jar:/hom
e/travis/build/icyphy/ptII/lib/netty-codec-http2-4.1.19.Final.jar:/home/travis/
build/icyphy/ptII/lib/netty-common-4.1.19.Final.jar:/home/travis/build/icyphy/p
tII/lib/netty-handler-4.1.19.Final.jar:/home/travis/build/icyphy/ptII/lib/netty
-resolver-4.1.19.Final.jar:/home/travis/build/icyphy/ptII/lib/netty-resolver-dn
s-4.1.19.Final.jar:/home/travis/build/icyphy/ptII/lib/netty-transport-4.1.19.Fi
nal.jar:/home/travis/build/icyphy/ptII/lib/vertx-codegen-3.5.1.jar:/home/travis
/build/icyphy/ptII/lib/vertx-core-3.5.2-SNAPSHOT.jar:/home/travis/build/icyphy/
ptII/lib/vertx-hazelcast-3.5.1.jar:/home/travis/build/icyphy/ptII/lib/vertx-lan
g-js-3.5.1.jar:/home/travis/build/icyphy/ptII/lib/vertx-service-proxy-3.5.1.jar
:/home/travis/build/icyphy/ptII/lib/vertx-web-3.5.1.jar:/home/travis/build/icyp
hy/ptII/lib/slf4j-api-1.7.13.jar:/home/travis/build/icyphy/ptII/lib/slf4j-simpl
e-1.7.13.jar:/home/travis/build/icyphy/ptII/lib/webcam-capture-0.3.12.jar:/home
/travis/build/icyphy/ptII/lib/bridj-0.7.0.jar:/home/travis/build/icyphy/ptII/li
b/xbjlib-1.1.0.nrjavaserial.jar:/home/travis/build/icyphy/ptII/ptolemy/moml/tes
t:/home/travis/build/icyphy/ptII/ant/lib/ant-launcher.jar:/home/travis/build/ic
yphy/ptII/ant/lib/ant.jar:/home/travis/build/icyphy/ptII/ant/lib/ant-junit.jar:
/home/travis/build/icyphy/ptII/ant/lib/ant-junit4.jar:/home/travis/build/icyphy
/ptII ModularCodeGenPubSub4_A1_profile.java
total 2192
drwxrwxr-x   3 travis travis 12288 Apr  9 04:00 AbsoluteValue
-rw-rw-r--   1 travis travis   233 Apr  9 04:05 Array.class
-rw-rw-r--   1 travis travis   459 Apr  9 04:05 Array.java
drwxrwxr-x   3 travis travis 16384 Apr  9 04:00 Case1
drwxrwxr-x   3 travis travis 32768 Apr  9 04:00 Case2
-rw-rw-r--   1 travis travis  4895 Apr  9 04:04 CompiledCompositeActor_CompiledCompositeActor.class
-rw-rw-r--   1 travis travis  1592 Apr  9 04:04 CompiledCompositeActor_CompiledCompositeActor$_CompiledCompositeActor_CompiledCompositeActor.class
-rw-rw-r--   1 travis travis 13466 Apr  9 04:04 CompiledCompositeActor_CompiledCompositeActor.java
-rw-rw-r--   1 travis travis  1593 Apr  9 04:04 CompiledCompositeActor_CompiledCompositeActor.mk
drwxrwxr-x   3 travis travis 24576 Apr  9 04:02 DeScrambler
drwxrwxr-x   3 travis travis 16384 Apr  9 04:04 DotProduct
drwxrwxr-x   3 travis travis 12288 Apr  9 04:00 FileWriter1
drwxrwxr-x   3 travis travis 20480 Apr  9 04:00 FixToDoubleAndBack
drwxrwxr-x   3 travis travis 16384 Apr  9 04:00 Gaussian1
drwxrwxr-x   3 travis travis 20480 Apr  9 04:00 Gaussian2
-rw-rw-r--   1 travis travis  4457 Apr  9 04:04 JavaCompiledCompositeTest1_CompiledCompositeActor.class
-rw-rw-r--   1 travis travis 11637 Apr  9 04:04 JavaCompiledCompositeTest1_CompiledCompositeActor.java
-rw-rw-r--   1 travis travis  1198 Apr  9 04:04 JavaCompiledCompositeTest1_CompiledCompositeActor$_JavaCompiledCompositeTest1_CompiledCompositeActor.class
-rw-rw-r--   1 travis travis  1625 Apr  9 04:04 JavaCompiledCompositeTest1_CompiledCompositeActor.mk
-rw-rw-r--   1 travis travis  4888 Apr  9 04:04 JavaCompiledCompositeTest2_CompiledCompositeActor.class
-rw-rw-r--   1 travis travis 14919 Apr  9 04:04 JavaCompiledCompositeTest2_CompiledCompositeActor.java
-rw-rw-r--   1 travis travis  1793 Apr  9 04:04 JavaCompiledCompositeTest2_CompiledCompositeActor$_JavaCompiledCompositeTest2_CompiledCompositeActor.class
-rw-rw-r--   1 travis travis  1625 Apr  9 04:04 JavaCompiledCompositeTest2_CompiledCompositeActor.mk
-rw-rw-r--   1 travis travis  4505 Apr  9 04:04 JavaCompiledCompositeTest3_CompiledCompositeActor.class
-rw-rw-r--   1 travis travis 13080 Apr  9 04:04 JavaCompiledCompositeTest3_CompiledCompositeActor.java
-rw-rw-r--   1 travis travis  1378 Apr  9 04:04 JavaCompiledCompositeTest3_CompiledCompositeActor$_JavaCompiledCompositeTest3_CompiledCompositeActor.class
-rw-rw-r--   1 travis travis  1625 Apr  9 04:04 JavaCompiledCompositeTest3_CompiledCompositeActor.mk
-rw-rw-r--   1 travis travis  3953 Apr  9 04:04 JavaCompiledCompositeTest4_CompiledCompositeActor.class
-rw-rw-r--   1 travis travis  9687 Apr  9 04:04 JavaCompiledCompositeTest4_CompiledCompositeActor.java
-rw-rw-r--   1 travis travis   857 Apr  9 04:04 JavaCompiledCompositeTest4_CompiledCompositeActor$_JavaCompiledCompositeTest4_CompiledCompositeActor.class
-rw-rw-r--   1 travis travis  1625 Apr  9 04:04 JavaCompiledCompositeTest4_CompiledCompositeActor.mk
drwxrwxr-x   3 travis travis 12288 Apr  9 04:01 LookupTable
drwxrwxr-x   3 travis travis 20480 Apr  9 04:01 MaxIndex
-rw-rw-r--   1 travis travis  3693 Apr  9 04:04 ModularCG_A1_B1.class
-rw-rw-r--   1 travis travis  9730 Apr  9 04:04 ModularCG_A1_B1.java
-rw-rw-r--   1 travis travis   832 Apr  9 04:04 ModularCG_A1_B1.mk
-rw-rw-r--   1 travis travis  1318 Apr  9 04:04 ModularCG_A1_B1_profile.class
-rw-rw-r--   1 travis travis  1262 Apr  9 04:04 ModularCG_A1_B1_profile.java
-rw-rw-r--   1 travis travis  3693 Apr  9 04:04 ModularCG_A1_B2.class
-rw-rw-r--   1 travis travis  9730 Apr  9 04:04 ModularCG_A1_B2.java
-rw-rw-r--   1 travis travis   832 Apr  9 04:04 ModularCG_A1_B2.mk
-rw-rw-r--   1 travis travis  1318 Apr  9 04:04 ModularCG_A1_B2_profile.class
-rw-rw-r--   1 travis travis  1262 Apr  9 04:04 ModularCG_A1_B2_profile.java
-rw-rw-r--   1 travis travis  4799 Apr  9 04:04 ModularCG_A1.class
-rw-rw-r--   1 travis travis 14742 Apr  9 04:04 ModularCG_A1.java
-rw-rw-r--   1 travis travis   808 Apr  9 04:04 ModularCG_A1.mk
-rw-rw-r--   1 travis travis  1433 Apr  9 04:04 ModularCG_A1_profile.class
-rw-rw-r--   1 travis travis  1704 Apr  9 04:04 ModularCG_A1_profile.java
-rw-rw-r--   1 travis travis  3827 Apr  9 04:04 ModularCG_A2_B1.class
-rw-rw-r--   1 travis travis 10667 Apr  9 04:04 ModularCG_A2_B1.java
-rw-rw-r--   1 travis travis   832 Apr  9 04:04 ModularCG_A2_B1.mk
-rw-rw-r--   1 travis travis  1381 Apr  9 04:04 ModularCG_A2_B1_profile.class
-rw-rw-r--   1 travis travis  1446 Apr  9 04:04 ModularCG_A2_B1_profile.java
-rw-rw-r--   1 travis travis  3693 Apr  9 04:04 ModularCG_A2_B2.class
-rw-rw-r--   1 travis travis  9730 Apr  9 04:04 ModularCG_A2_B2.java
-rw-rw-r--   1 travis travis   832 Apr  9 04:04 ModularCG_A2_B2.mk
-rw-rw-r--   1 travis travis  1318 Apr  9 04:04 ModularCG_A2_B2_profile.class
-rw-rw-r--   1 travis travis  1262 Apr  9 04:04 ModularCG_A2_B2_profile.java
-rw-rw-r--   1 travis travis  4870 Apr  9 04:05 ModularCG_A2.class
-rw-rw-r--   1 travis travis 15129 Apr  9 04:05 ModularCG_A2.java
-rw-rw-r--   1 travis travis   808 Apr  9 04:05 ModularCG_A2.mk
-rw-rw-r--   1 travis travis  1433 Apr  9 04:05 ModularCG_A2_profile.class
-rw-rw-r--   1 travis travis  1704 Apr  9 04:04 ModularCG_A2_profile.java
-rw-rw-r--   1 travis travis  3473 Apr  9 04:05 ModularCGPubSub_A1_A2.class
-rw-rw-r--   1 travis travis  9076 Apr  9 04:05 ModularCGPubSub_A1_A2.java
-rw-rw-r--   1 travis travis   880 Apr  9 04:05 ModularCGPubSub_A1_A2.mk
-rw-rw-r--   1 travis travis  1300 Apr  9 04:05 ModularCGPubSub_A1_A2_profile.class
-rw-rw-r--   1 travis travis  1222 Apr  9 04:05 ModularCGPubSub_A1_A2_profile.java
-rw-rw-r--   1 travis travis  3790 Apr  9 04:05 ModularCGPubSub_A1.class
-rw-rw-r--   1 travis travis  9836 Apr  9 04:05 ModularCGPubSub_A1.java
-rw-rw-r--   1 travis travis   856 Apr  9 04:05 ModularCGPubSub_A1.mk
-rw-rw-r--   1 travis travis  1346 Apr  9 04:05 ModularCGPubSub_A1_profile.class
-rw-rw-r--   1 travis travis  1388 Apr  9 04:05 ModularCGPubSub_A1_profile.java
-rw-rw-r--   1 travis travis  3988 Apr  9 04:05 ModularCodeGen2_ModularCodeGenTypedCompositeActor.class
-rw-rw-r--   1 travis travis 11690 Apr  9 04:05 ModularCodeGen2_ModularCodeGenTypedCompositeActor.java
-rw-rw-r--   1 travis travis  1104 Apr  9 04:05 ModularCodeGen2_ModularCodeGenTypedCompositeActor.mk
-rw-rw-r--   1 travis travis  4272 Apr  9 04:05 ModularCodeGen2_ModularCodeGenTypedCompositeActor_ModularCodeGenTypedCompositeActor.class
-rw-rw-r--   1 travis travis 11790 Apr  9 04:05 ModularCodeGen2_ModularCodeGenTypedCompositeActor_ModularCodeGenTypedCompositeActor.java
-rw-rw-r--   1 travis travis  1376 Apr  9 04:05 ModularCodeGen2_ModularCodeGenTypedCompositeActor_ModularCodeGenTypedCompositeActor.mk
-rw-rw-r--   1 travis travis  1421 Apr  9 04:05 ModularCodeGen2_ModularCodeGenTypedCompositeActor_ModularCodeGenTypedCompositeActor_profile.class
-rw-rw-r--   1 travis travis  1294 Apr  9 04:05 ModularCodeGen2_ModularCodeGenTypedCompositeActor_ModularCodeGenTypedCompositeActor_profile.java
-rw-rw-r--   1 travis travis   820 Apr  9 04:05 ModularCodeGen2_ModularCodeGenTypedCompositeActor_profile.class
-rw-rw-r--   1 travis travis   693 Apr  9 04:05 ModularCodeGen2_ModularCodeGenTypedCompositeActor_profile.java
-rw-rw-r--   1 travis travis  3741 Apr  9 04:05 ModularCodeGen3_A1_B1.class
-rw-rw-r--   1 travis travis  9958 Apr  9 04:05 ModularCodeGen3_A1_B1.java
-rw-rw-r--   1 travis travis   880 Apr  9 04:05 ModularCodeGen3_A1_B1.mk
-rw-rw-r--   1 travis travis  1330 Apr  9 04:05 ModularCodeGen3_A1_B1_profile.class
-rw-rw-r--   1 travis travis  1274 Apr  9 04:05 ModularCodeGen3_A1_B1_profile.java
-rw-rw-r--   1 travis travis  3741 Apr  9 04:05 ModularCodeGen3_A1_B2.class
-rw-rw-r--   1 travis travis  9958 Apr  9 04:05 ModularCodeGen3_A1_B2.java
-rw-rw-r--   1 travis travis   880 Apr  9 04:05 ModularCodeGen3_A1_B2.mk
-rw-rw-r--   1 travis travis  1330 Apr  9 04:05 ModularCodeGen3_A1_B2_profile.class
-rw-rw-r--   1 travis travis  1274 Apr  9 04:05 ModularCodeGen3_A1_B2_profile.java
-rw-rw-r--   1 travis travis  4961 Apr  9 04:05 ModularCodeGen3_A1.class
-rw-rw-r--   1 travis travis 15564 Apr  9 04:05 ModularCodeGen3_A1.java
-rw-rw-r--   1 travis travis   856 Apr  9 04:05 ModularCodeGen3_A1.mk
-rw-rw-r--   1 travis travis  1445 Apr  9 04:05 ModularCodeGen3_A1_profile.class
-rw-rw-r--   1 travis travis  1716 Apr  9 04:05 ModularCodeGen3_A1_profile.java
-rw-rw-r--   1 travis travis  3887 Apr  9 04:05 ModularCodeGen3_A2_B1.class
-rw-rw-r--   1 travis travis 10955 Apr  9 04:05 ModularCodeGen3_A2_B1.java
-rw-rw-r--   1 travis travis   880 Apr  9 04:05 ModularCodeGen3_A2_B1.mk
-rw-rw-r--   1 travis travis  1393 Apr  9 04:05 ModularCodeGen3_A2_B1_profile.class
-rw-rw-r--   1 travis travis  1458 Apr  9 04:05 ModularCodeGen3_A2_B1_profile.java
-rw-rw-r--   1 travis travis  3741 Apr  9 04:05 ModularCodeGen3_A2_B2.class
-rw-rw-r--   1 travis travis  9958 Apr  9 04:05 ModularCodeGen3_A2_B2.java
-rw-rw-r--   1 travis travis   880 Apr  9 04:05 ModularCodeGen3_A2_B2.mk
-rw-rw-r--   1 travis travis  1330 Apr  9 04:05 ModularCodeGen3_A2_B2_profile.class
-rw-rw-r--   1 travis travis  1274 Apr  9 04:05 ModularCodeGen3_A2_B2_profile.java
-rw-rw-r--   1 travis travis  5038 Apr  9 04:05 ModularCodeGen3_A2.class
-rw-rw-r--   1 travis travis 15957 Apr  9 04:05 ModularCodeGen3_A2.java
-rw-rw-r--   1 travis travis   856 Apr  9 04:05 ModularCodeGen3_A2.mk
-rw-rw-r--   1 travis travis  1445 Apr  9 04:05 ModularCodeGen3_A2_profile.class
-rw-rw-r--   1 travis travis  1716 Apr  9 04:05 ModularCodeGen3_A2_profile.java
-rw-rw-r--   1 travis travis  3794 Apr  9 04:05 ModularCodeGen4_A1_B1.class
-rw-rw-r--   1 travis travis 10312 Apr  9 04:05 ModularCodeGen4_A1_B1.java
-rw-rw-r--   1 travis travis   880 Apr  9 04:05 ModularCodeGen4_A1_B1.mk
-rw-rw-r--   1 travis travis  1330 Apr  9 04:05 ModularCodeGen4_A1_B1_profile.class
-rw-rw-r--   1 travis travis  1273 Apr  9 04:05 ModularCodeGen4_A1_B1_profile.java
-rw-rw-r--   1 travis travis  3794 Apr  9 04:05 ModularCodeGen4_A1_B2.class
-rw-rw-r--   1 travis travis 10312 Apr  9 04:05 ModularCodeGen4_A1_B2.java
-rw-rw-r--   1 travis travis   880 Apr  9 04:05 ModularCodeGen4_A1_B2.mk
-rw-rw-r--   1 travis travis  1330 Apr  9 04:05 ModularCodeGen4_A1_B2_profile.class
-rw-rw-r--   1 travis travis  1273 Apr  9 04:05 ModularCodeGen4_A1_B2_profile.java
-rw-rw-r--   1 travis travis  5101 Apr  9 04:05 ModularCodeGen4_A1.class
-rw-rw-r--   1 travis travis 16245 Apr  9 04:05 ModularCodeGen4_A1.java
-rw-rw-r--   1 travis travis   856 Apr  9 04:05 ModularCodeGen4_A1.mk
-rw-rw-r--   1 travis travis  1445 Apr  9 04:05 ModularCodeGen4_A1_profile.class
-rw-rw-r--   1 travis travis  1712 Apr  9 04:05 ModularCodeGen4_A1_profile.java
-rw-rw-r--   1 travis travis  3988 Apr  9 04:05 ModularCodeGen4_A2_B1.class
-rw-rw-r--   1 travis travis 11375 Apr  9 04:05 ModularCodeGen4_A2_B1.java
-rw-rw-r--   1 travis travis   880 Apr  9 04:05 ModularCodeGen4_A2_B1.mk
-rw-rw-r--   1 travis travis  1393 Apr  9 04:05 ModularCodeGen4_A2_B1_profile.class
-rw-rw-r--   1 travis travis  1454 Apr  9 04:05 ModularCodeGen4_A2_B1_profile.java
-rw-rw-r--   1 travis travis  3842 Apr  9 04:05 ModularCodeGen4_A2_B2.class
-rw-rw-r--   1 travis travis 10378 Apr  9 04:05 ModularCodeGen4_A2_B2.java
-rw-rw-r--   1 travis travis   880 Apr  9 04:05 ModularCodeGen4_A2_B2.mk
-rw-rw-r--   1 travis travis  1330 Apr  9 04:05 ModularCodeGen4_A2_B2_profile.class
-rw-rw-r--   1 travis travis  1270 Apr  9 04:05 ModularCodeGen4_A2_B2_profile.java
-rw-rw-r--   1 travis travis  5274 Apr  9 04:05 ModularCodeGen4_A2.class
-rw-rw-r--   1 travis travis 16770 Apr  9 04:05 ModularCodeGen4_A2.java
-rw-rw-r--   1 travis travis   856 Apr  9 04:05 ModularCodeGen4_A2.mk
-rw-rw-r--   1 travis travis  1445 Apr  9 04:05 ModularCodeGen4_A2_profile.class
-rw-rw-r--   1 travis travis  1712 Apr  9 04:05 ModularCodeGen4_A2_profile.java
-rw-rw-r--   1 travis travis  6838 Apr  9 04:05 ModularCodeGen5_A_A.class
-rw-rw-r--   1 travis travis 28721 Apr  9 04:05 ModularCodeGen5_A_A.java
-rw-rw-r--   1 travis travis   864 Apr  9 04:05 ModularCodeGen5_A_A.mk
-rw-rw-r--   1 travis travis  1520 Apr  9 04:05 ModularCodeGen5_A_A_profile.class
-rw-rw-r--   1 travis travis  1815 Apr  9 04:05 ModularCodeGen5_A_A_profile.java
-rw-rw-r--   1 travis travis  5115 Apr  9 04:05 ModularCodeGen5_A.class
-rw-rw-r--   1 travis travis 13769 Apr  9 04:05 ModularCodeGen5_A.java
-rw-rw-r--   1 travis travis   848 Apr  9 04:05 ModularCodeGen5_A.mk
-rw-rw-r--   1 travis travis  1422 Apr  9 04:05 ModularCodeGen5_A_profile.class
-rw-rw-r--   1 travis travis  1605 Apr  9 04:05 ModularCodeGen5_A_profile.java
-rw-rw-r--   1 travis travis  4125 Apr  9 04:05 ModularCodeGen6_A_A2.class
-rw-rw-r--   1 travis travis 11329 Apr  9 04:05 ModularCodeGen6_A_A2.java
-rw-rw-r--   1 travis travis   872 Apr  9 04:05 ModularCodeGen6_A_A2.mk
-rw-rw-r--   1 travis travis  1351 Apr  9 04:05 ModularCodeGen6_A_A2_profile.class
-rw-rw-r--   1 travis travis  1364 Apr  9 04:05 ModularCodeGen6_A_A2_profile.java
-rw-rw-r--   1 travis travis  4108 Apr  9 04:05 ModularCodeGen6_A_A.class
-rw-rw-r--   1 travis travis 11221 Apr  9 04:05 ModularCodeGen6_A_A.java
-rw-rw-r--   1 travis travis   864 Apr  9 04:05 ModularCodeGen6_A_A.mk
-rw-rw-r--   1 travis travis  1348 Apr  9 04:05 ModularCodeGen6_A_A_profile.class
-rw-rw-r--   1 travis travis  1361 Apr  9 04:05 ModularCodeGen6_A_A_profile.java
-rw-rw-r--   1 travis travis  7237 Apr  9 04:05 ModularCodeGen6_A.class
-rw-rw-r--   1 travis travis 26535 Apr  9 04:05 ModularCodeGen6_A.java
-rw-rw-r--   1 travis travis   848 Apr  9 04:05 ModularCodeGen6_A.mk
-rw-rw-r--   1 travis travis  1483 Apr  9 04:05 ModularCodeGen6_A_profile.class
-rw-rw-r--   1 travis travis  1810 Apr  9 04:05 ModularCodeGen6_A_profile.java
-rw-rw-r--   1 travis travis  9439 Apr  9 04:05 ModularCodeGenLazyPubSubGlobal_CompositeActor_ModularCodeGenTypedComposite.class
-rw-rw-r--   1 travis travis 30161 Apr  9 04:05 ModularCodeGenLazyPubSubGlobal_CompositeActor_ModularCodeGenTypedComposite.java
-rw-rw-r--   1 travis travis  1304 Apr  9 04:05 ModularCodeGenLazyPubSubGlobal_CompositeActor_ModularCodeGenTypedComposite.mk
-rw-rw-r--   1 travis travis  1438 Apr  9 04:05 ModularCodeGenLazyPubSubGlobal_CompositeActor_ModularCodeGenTypedComposite_profile.class
-rw-rw-r--   1 travis travis  1384 Apr  9 04:05 ModularCodeGenLazyPubSubGlobal_CompositeActor_ModularCodeGenTypedComposite_profile.java
-rw-rw-r--   1 travis travis  3952 Apr  9 04:05 ModularCodeGenLazyPubSub_LazyCompositeActor.class
-rw-rw-r--   1 travis travis 11122 Apr  9 04:05 ModularCodeGenLazyPubSub_LazyCompositeActor.java
-rw-rw-r--   1 travis travis  1056 Apr  9 04:05 ModularCodeGenLazyPubSub_LazyCompositeActor.mk
-rw-rw-r--   1 travis travis  1286 Apr  9 04:05 ModularCodeGenLazyPubSub_LazyCompositeActor_profile.class
-rw-rw-r--   1 travis travis  1091 Apr  9 04:05 ModularCodeGenLazyPubSub_LazyCompositeActor_profile.java
-rw-rw-r--   1 travis travis  3954 Apr  9 04:05 ModularCodeGen_ModularCodeGenTypedCompositeActor.class
-rw-rw-r--   1 travis travis 10970 Apr  9 04:05 ModularCodeGen_ModularCodeGenTypedCompositeActor.java
-rw-rw-r--   1 travis travis  1096 Apr  9 04:05 ModularCodeGen_ModularCodeGenTypedCompositeActor.mk
-rw-rw-r--   1 travis travis  1384 Apr  9 04:05 ModularCodeGen_ModularCodeGenTypedCompositeActor_profile.class
-rw-rw-r--   1 travis travis  1328 Apr  9 04:05 ModularCodeGen_ModularCodeGenTypedCompositeActor_profile.java
-rw-rw-r--   1 travis travis  3441 Apr  9 04:05 ModularCodeGenPubSub2_A1_A.class
-rw-rw-r--   1 travis travis  8578 Apr  9 04:05 ModularCodeGenPubSub2_A1_A.java
-rw-rw-r--   1 travis travis   920 Apr  9 04:05 ModularCodeGenPubSub2_A1_A.mk
-rw-rw-r--   1 travis travis  1274 Apr  9 04:05 ModularCodeGenPubSub2_A1_A_profile.class
-rw-rw-r--   1 travis travis  1128 Apr  9 04:05 ModularCodeGenPubSub2_A1_A_profile.java
-rw-rw-r--   1 travis travis  3733 Apr  9 04:05 ModularCodeGenPubSub2_A1.class
-rw-rw-r--   1 travis travis  9781 Apr  9 04:05 ModularCodeGenPubSub2_A1.java
-rw-rw-r--   1 travis travis   904 Apr  9 04:05 ModularCodeGenPubSub2_A1.mk
-rw-rw-r--   1 travis travis  1268 Apr  9 04:05 ModularCodeGenPubSub2_A1_profile.class
-rw-rw-r--   1 travis travis  1196 Apr  9 04:05 ModularCodeGenPubSub2_A1_profile.java
-rw-rw-r--   1 travis travis  3437 Apr  9 04:06 ModularCodeGenPubSub3_A1_A2.class
-rw-rw-r--   1 travis travis  8599 Apr  9 04:05 ModularCodeGenPubSub3_A1_A2.java
-rw-rw-r--   1 travis travis   928 Apr  9 04:05 ModularCodeGenPubSub3_A1_A2.mk
-rw-rw-r--   1 travis travis  1287 Apr  9 04:05 ModularCodeGenPubSub3_A1_A2_profile.class
-rw-rw-r--   1 travis travis  1132 Apr  9 04:05 ModularCodeGenPubSub3_A1_A2_profile.java
-rw-rw-r--   1 travis travis  3856 Apr  9 04:06 ModularCodeGenPubSub3_A1.class
-rw-rw-r--   1 travis travis 10100 Apr  9 04:06 ModularCodeGenPubSub3_A1.java
-rw-rw-r--   1 travis travis   904 Apr  9 04:06 ModularCodeGenPubSub3_A1.mk
-rw-rw-r--   1 travis travis  1358 Apr  9 04:06 ModularCodeGenPubSub3_A1_profile.class
-rw-rw-r--   1 travis travis  1400 Apr  9 04:06 ModularCodeGenPubSub3_A1_profile.java
-rw-rw-r--   1 travis travis  3441 Apr  9 04:06 ModularCodeGenPubSub4_A1_A.class
-rw-rw-r--   1 travis travis  8578 Apr  9 04:06 ModularCodeGenPubSub4_A1_A.java
-rw-rw-r--   1 travis travis   920 Apr  9 04:06 ModularCodeGenPubSub4_A1_A.mk
-rw-rw-r--   1 travis travis  1274 Apr  9 04:06 ModularCodeGenPubSub4_A1_A_profile.class
-rw-rw-r--   1 travis travis  1128 Apr  9 04:06 ModularCodeGenPubSub4_A1_A_profile.java
-rw-rw-r--   1 travis travis  1137 Apr  9 04:06 ModularCodeGenPubSub4_A1_profile.java
-rw-rw-r--   1 travis travis  3475 Apr  9 04:05 ModularCodeGenPubSub_A1.class
-rw-rw-r--   1 travis travis  9060 Apr  9 04:05 ModularCodeGenPubSub_A1.java
-rw-rw-r--   1 travis travis   896 Apr  9 04:05 ModularCodeGenPubSub_A1.mk
-rw-rw-r--   1 travis travis  1278 Apr  9 04:05 ModularCodeGenPubSub_A1_profile.class
-rw-rw-r--   1 travis travis  1195 Apr  9 04:05 ModularCodeGenPubSub_A1_profile.java
-rw-rw-r--   1 travis travis  3492 Apr  9 04:04 ModularCodeGenTest_A1_A2.class
-rw-rw-r--   1 travis travis   904 Apr  9 04:04 ModularCodeGenTest_A1_A2.mk
-rw-rw-r--   1 travis travis  1306 Apr  9 04:04 ModularCodeGenTest_A1_A2_profile.class
-rw-rw-r--   1 travis travis  3823 Apr  9 04:04 ModularCodeGenTest_A1.class
-rw-rw-r--   1 travis travis  9968 Apr  9 04:04 ModularCodeGenTest_A1.java
-rw-rw-r--   1 travis travis   880 Apr  9 04:04 ModularCodeGenTest_A1.mk
-rw-rw-r--   1 travis travis  1352 Apr  9 04:04 ModularCodeGenTest_A1_profile.class
-rw-rw-r--   1 travis travis  1394 Apr  9 04:04 ModularCodeGenTest_A1_profile.java
drwxrwxr-x   3 travis travis 36864 Apr  9 04:04 modulation2
drwxrwxr-x   3 travis travis 20480 Apr  9 04:01 Multiplexor
drwxrwxr-x 242 travis travis 12288 Apr  9 04:04 node_modules
drwxrwxr-x   3 travis travis 20480 Apr  9 04:01 PhaseUnwrap
-rw-rw-r--   1 travis travis   520 Apr  9 04:04 Repeat$_fireFunction_Repeat_Repeat$__f_sL_0.class
-rw-rw-r--   1 travis travis   522 Apr  9 04:04 Repeat$_fireFunction_Repeat_Repeat$__f_sL_10.class
-rw-rw-r--   1 travis travis   666 Apr  9 04:04 Repeat$_fireFunction_Repeat_Repeat$__f_sL_11.class
-rw-rw-r--   1 travis travis   522 Apr  9 04:04 Repeat$_fireFunction_Repeat_Repeat$__f_sL_13.class
-rw-rw-r--   1 travis travis   665 Apr  9 04:04 Repeat$_fireFunction_Repeat_Repeat$__f_sL_1.class
-rw-rw-r--   1 travis travis   520 Apr  9 04:04 Repeat$_fireFunction_Repeat_Repeat$__f_sL_2.class
-rw-rw-r--   1 travis travis   520 Apr  9 04:04 Repeat$_fireFunction_Repeat_Repeat$__f_sL_3.class
-rw-rw-r--   1 travis travis   520 Apr  9 04:04 Repeat$_fireFunction_Repeat_Repeat$__f_sL_5.class
-rw-rw-r--   1 travis travis   671 Apr  9 04:04 Repeat$_fireFunction_Repeat_Repeat$__f_sL_7.class
-rw-rw-r--   1 travis travis   520 Apr  9 04:04 Repeat$_fireFunction_Repeat_Repeat$__f_sL_9.class
-rw-rw-r--   1 travis travis   813 Apr  9 04:04 Repeat$_initialize_Repeat.class
-rw-rw-r--   1 travis travis   475 Apr  9 04:04 Repeat$_initialize_Repeat$__i_sL_0.class
-rw-rw-r--   1 travis travis   519 Apr  9 04:04 Repeat$_initialize_Repeat$__i_sL_3.class
-rw-rw-r--   1 travis travis 39778 Apr  9 04:04 Repeat.java
-rw-rw-r--   1 travis travis  1281 Apr  9 04:04 Repeat.mk
-rw-rw-r--   1 travis travis   520 Apr  9 04:04 Repeat$_preinitializeMethod_Repeat$__p_sL_0.class
-rw-rw-r--   1 travis travis   520 Apr  9 04:04 Repeat$_preinitializeMethod_Repeat$__p_sL_1.class
-rw-rw-r--   1 travis travis  1083 Apr  9 04:04 Repeat$_Repeat$_fireFunction_Repeat_AddSubtract_Repeat.class
-rw-rw-r--   1 travis travis   791 Apr  9 04:04 Repeat$_Repeat$_fireFunction_Repeat_AddSubtract_Repeat$__f_sL_0.class
-rw-rw-r--   1 travis travis   909 Apr  9 04:04 Repeat$_Repeat$_fireFunction_Repeat_AddSubtract_Repeat$__f_sL_1.class
-rw-rw-r--   1 travis travis   915 Apr  9 04:04 Repeat$_Repeat$_fireFunction_Repeat_AddSubtract_Repeat$__f_sL_2.class
-rw-rw-r--   1 travis travis   838 Apr  9 04:04 Repeat$_Repeat$_fireFunction_Repeat_Ramp2_Repeat$__f_sL_1.class
-rw-rw-r--   1 travis travis  1785 Apr  9 04:04 Repeat$_Repeat$_fireFunction_Repeat_Test_Repeat$__f_sL_2.class
-rw-rw-r--   1 travis travis   685 Apr  9 04:04 Repeat$_Repeat_SDF_Director_run_Repeat$__R_sL_0.class
-rw-rw-r--   1 travis travis   540 Apr  9 04:04 Repeat$_Repeat_SDF_Director_run_Repeat$__R_sL_1.class
-rw-rw-r--   1 travis travis   540 Apr  9 04:04 Repeat$_Repeat_SDF_Director_run_Repeat$__R_sL_2.class
-rw-rw-r--   1 travis travis   540 Apr  9 04:04 Repeat$_Repeat_SDF_Director_run_Repeat$__R_sL_4.class
-rw-rw-r--   1 travis travis   540 Apr  9 04:04 Repeat$_Repeat_SDF_Director_run_Repeat$__R_sL_5.class
-rw-rw-r--   1 travis travis   691 Apr  9 04:04 Repeat$_Repeat_SDF_Director_run_Repeat$__R_sL_6.class
-rw-rw-r--   1 travis travis   540 Apr  9 04:04 Repeat$_Repeat_SDF_Director_run_Repeat$__R_sL_7.class
-rw-rw-r--   1 travis travis   863 Apr  9 04:04 Repeat$_varinit_Repeat.class
-rw-rw-r--   1 travis travis   530 Apr  9 04:04 Repeat$_varinit_Repeat$__v_sL_1.class
-rw-rw-r--   1 travis travis   531 Apr  9 04:04 Repeat$_varinit_Repeat$__v_sL_2.class
-rw-rw-r--   1 travis travis   905 Apr  9 04:04 Repeat$_varinit_Repeat$__v_sL_4.class
-rw-rw-r--   1 travis travis   635 Apr  9 04:04 Repeat$_wrapup_Repeat.class
-rw-rw-r--   1 travis travis   965 Apr  9 04:04 Repeat$_wrapup_Repeat$__w_sL_1.class
-rw-rw-r--   1 travis travis   289 Apr  9 03:59 result.csv
drwxrwxr-x   3 travis travis 12288 Apr  9 04:02 Scrambler1
drwxrwxr-x   3 travis travis 20480 Apr  9 04:01 Sinewave2
drwxrwxr-x   3 travis travis 69632 Apr  9 04:02 StringCompare
drwxrwxr-x   3 travis travis 32768 Apr  9 04:02 StringFunction
drwxrwxr-x   3 travis travis 12288 Apr  9 04:03 StringLength
drwxrwxr-x   3 travis travis 57344 Apr  9 04:03 StringSimpleReplace
drwxrwxr-x   3 travis travis 12288 Apr  9 04:04 time2
drwxrwxr-x   3 travis travis 12288 Apr  9 04:04 time5
-rw-rw-r--   1 travis travis   432 Apr  9 04:06 Token.class
-rw-rw-r--   1 travis travis   251 Apr  9 04:06 Token.java
-rw-rw-r--   1 travis travis     0 Apr  9 04:04 top.
-rw-rw-r--   1 travis travis 20502 Apr  9 03:59 top.c
-rw-rw-r--   1 travis travis  3567 Apr  9 04:04 top.class
-rw-rw-r--   1 travis travis   169 Apr  9 03:59 top.html
-rw-rw-r--   1 travis travis  7552 Apr  9 04:04 top.java
-rw-rw-r--   1 travis travis 38888 Apr  9 03:59 top.o
drwxrwxr-x   3 travis travis 57344 Apr  9 04:02 UnaryMathFunction
All Done
Writing ModularCodeGenPubSub4_A1.java in file:/home/travis/cg/ (9231 characters)
Reading "ptolemy/cg/kernel/generic/program/procedural/java/modular/makefile.in",
    writing "/home/travis/cg/ModularCodeGenPubSub4_A1.mk"
Using ptolemy/cg/kernel/generic/program/procedural/java/modular/makefile.in
In "/home/travis/cg", about to execute:
    make -f ModularCodeGenPubSub4_A1.mk
javac -classpath ".:.."    ModularCodeGenPubSub4_A1.java
All Done
3824 ms. Memory: 130560K Free: 40759K (31%)
----------------- Invoking toplevel() on ptolemy.moml.MoMLSimpleApplication@54849f34
----------------- Done invoking toplevel() on ptolemy.moml.MoMLSimpleApplication@54849f34
reloadAllAccessors: .ModularCodeGenPubSub4

===========================================================================================
----------------- testing Tue Apr 09 04:06:05 UTC 2019 /home/travis/build/icyphy/ptII/ptolemy/cg/lib/test/auto/PubSubAggLazy.xml
----------------- Instantiating /home/travis/build/icyphy/ptII/ptolemy/cg/lib/test/auto/PubSubAggLazy.xml
19 ms. Memory: 125952K Free: 93469K (74%)
----------------- Invoking toplevel() on ptolemy.moml.MoMLSimpleApplication@4da9a3e2
----------------- Done invoking toplevel() on ptolemy.moml.MoMLSimpleApplication@4da9a3e2
reloadAllAccessors: .PubSubAggLazy

===========================================================================================
----------------- testing Tue Apr 09 04:06:05 UTC 2019 /home/travis/build/icyphy/ptII/ptolemy/cg/lib/test/auto/PubSubAggModularCodeGen.xml
----------------- Instantiating /home/travis/build/icyphy/ptII/ptolemy/cg/lib/test/auto/PubSubAggModularCodeGen.xml
In "/home/travis/cg", about to execute:
    pwd
In "/home/travis/cg", about to execute:
    ls -l
/home/travis/cg
In "/home/travis/cg", about to execute:
    javac -classpath
.:/home/travis/build/icyphy/ptII:/home/travis/build/icyphy/ptII/lib/bsh-2.0b4.j
ar:/home/travis/build/icyphy/ptII/lib/ptCal.jar:/home/travis/build/icyphy/ptII/
lib/java_cup.jar:/home/travis/build/icyphy/ptII/lib/saxon8.jar:/home/travis/bui
ld/icyphy/ptII/lib/saxon8-dom.jar:/home/travis/build/icyphy/ptII/lib/chic.jar:/
home/travis/build/icyphy/ptII/lib/ptcolt.jar:/usr/lib/jvm/java-8-oracle/lib/too
ls.jar:/home/travis/build/icyphy/ptII/vendors/misc/itext/iText.jar:/home/travis
/build/icyphy/ptII/lib/g4ltl.jar:/home/travis/build/icyphy/ptII/lib/StructuralC
oder.jar:/home/travis/build/icyphy/ptII/vendors/jai-1_1_2_01/lib/jai_core.jar:/
home/travis/build/icyphy/ptII/vendors/jai-1_1_2_01/lib/jai_codec.jar:/home/trav
is/build/icyphy/ptII/lib/jcerti.jar:/home/travis/build/icyphy/ptII/lib/javax.ma
il.jar:/home/travis/build/icyphy/ptII/vendors/JMF-2.1.1e/lib/jmf.jar:/home/trav
is/build/icyphy/ptII/lib/jna-4.0.0-variadic.jar:/home/travis/build/icyphy/ptII/
vendors/misc/joystick/Joystick.jar:/home/travis/build/icyphy/ptII/lib/ptjacl.ja
r:/home/travis/build/icyphy/ptII/lib/jsoup-1.8.2.jar:/home/travis/build/icyphy/
ptII/lib/junit-4.8.2.jar:/home/travis/build/icyphy/ptII/lib/JUnitParams-0.4.0.j
ar:/home/travis/build/icyphy/ptII/ptolemy/actor/lib/excel/jxl.jar:/home/travis/
build/icyphy/ptII/lib/jython.jar:/home/travis/build/icyphy/ptII/lib/kieler.jar:
/home/travis/build/icyphy/ptII/vendors/opencv/share/OpenCV/java/opencv-341.jar:
/home/travis/build/icyphy/ptII/lib/oscP5.jar:/home/travis/build/icyphy/ptII/lib
/nrjavaserial-3.11.0.devel.jar:/home/travis/build/icyphy/ptII/vendors/j3d/lib/j
3dcore.jar:/home/travis/build/icyphy/ptII/vendors/j3d/lib/j3dutils.jar:/home/tr
avis/build/icyphy/ptII/vendors/j3d/lib/vecmath.jar:/home/travis/build/icyphy/pt
II/ptolemy/distributed/jini/jar/jini-core.jar:/home/travis/build/icyphy/ptII/pt
olemy/distributed/jini/jar/jini-ext.jar:/home/travis/build/icyphy/ptII/ptolemy/
distributed/jini/jar/sun-util.jar:/home/travis/build/icyphy/ptII/lib/protobuf-j
ava-2.4.1.jar:/home/travis/build/icyphy/ptII/lib/org.eclipse.paho.client.mqttv3
.jar:/home/travis/build/icyphy/ptII/lib/mapss.jar:/home/travis/build/icyphy/ptI
I/ptolemy/actor/ptalon/antlr/antlr.jar:/home/travis/build/icyphy/ptII/lib/JRI.j
ar:/home/travis/build/icyphy/ptII/lib/commons-lang-2.6.jar:/home/travis/build/i
cyphy/ptII/lib/commons-logging-1.1.1.jar:/home/travis/build/icyphy/ptII/lib/soo
tclasses.jar:/home/travis/build/icyphy/ptII/ptolemy/actor/lib/database/mysql-co
nnector-java-5.1.6-bin.jar:/home/travis/build/icyphy/ptII/vendors/misc/sphinx4/
sphinx4-data-5prealpha.jar:/home/travis/build/icyphy/ptII/vendors/misc/sphinx4/
sphinx4-core-5prealpha.jar:/home/travis/build/icyphy/ptII/lib/PDFRenderer.jar:/
home/travis/build/icyphy/ptII/lib/svgSalamander.jar:/home/travis/build/icyphy/p
tII/lib/rsyntaxtextarea-2.6.0-SNAPSHOT.jar:/home/travis/build/icyphy/ptII/lib/h
azelcast-3.8.2.jar:/home/travis/build/icyphy/ptII/lib/jackson-annotations-2.9.0
.jar:/home/travis/build/icyphy/ptII/lib/jackson-core-2.9.3.jar:/home/travis/bui
ld/icyphy/ptII/lib/jackson-databind-2.9.3.jar:/home/travis/build/icyphy/ptII/li
b/netty-buffer-4.1.19.Final.jar:/home/travis/build/icyphy/ptII/lib/netty-codec-
4.1.19.Final.jar:/home/travis/build/icyphy/ptII/lib/netty-codec-dns-4.1.19.Fina
l.jar:/home/travis/build/icyphy/ptII/lib/netty-codec-http-4.1.19.Final.jar:/hom
e/travis/build/icyphy/ptII/lib/netty-codec-http2-4.1.19.Final.jar:/home/travis/
build/icyphy/ptII/lib/netty-common-4.1.19.Final.jar:/home/travis/build/icyphy/p
tII/lib/netty-handler-4.1.19.Final.jar:/home/travis/build/icyphy/ptII/lib/netty
-resolver-4.1.19.Final.jar:/home/travis/build/icyphy/ptII/lib/netty-resolver-dn
s-4.1.19.Final.jar:/home/travis/build/icyphy/ptII/lib/netty-transport-4.1.19.Fi
nal.jar:/home/travis/build/icyphy/ptII/lib/vertx-codegen-3.5.1.jar:/home/travis
/build/icyphy/ptII/lib/vertx-core-3.5.2-SNAPSHOT.jar:/home/travis/build/icyphy/
ptII/lib/vertx-hazelcast-3.5.1.jar:/home/travis/build/icyphy/ptII/lib/vertx-lan
g-js-3.5.1.jar:/home/travis/build/icyphy/ptII/lib/vertx-service-proxy-3.5.1.jar
:/home/travis/build/icyphy/ptII/lib/vertx-web-3.5.1.jar:/home/travis/build/icyp
hy/ptII/lib/slf4j-api-1.7.13.jar:/home/travis/build/icyphy/ptII/lib/slf4j-simpl
e-1.7.13.jar:/home/travis/build/icyphy/ptII/lib/webcam-capture-0.3.12.jar:/home
/travis/build/icyphy/ptII/lib/bridj-0.7.0.jar:/home/travis/build/icyphy/ptII/li
b/xbjlib-1.1.0.nrjavaserial.jar:/home/travis/build/icyphy/ptII/ptolemy/moml/tes
t:/home/travis/build/icyphy/ptII/ant/lib/ant-launcher.jar:/home/travis/build/ic
yphy/ptII/ant/lib/ant.jar:/home/travis/build/icyphy/ptII/ant/lib/ant-junit.jar:
/home/travis/build/icyphy/ptII/ant/lib/ant-junit4.jar:/home/travis/build/icyphy
/ptII PubSubAggModularCodeGen_ModularCodeGenTypedComposite_profile.java
total 2220
drwxrwxr-x   3 travis travis 12288 Apr  9 04:00 AbsoluteValue
-rw-rw-r--   1 travis travis   233 Apr  9 04:05 Array.class
-rw-rw-r--   1 travis travis   459 Apr  9 04:05 Array.java
drwxrwxr-x   3 travis travis 16384 Apr  9 04:00 Case1
drwxrwxr-x   3 travis travis 32768 Apr  9 04:00 Case2
-rw-rw-r--   1 travis travis  4895 Apr  9 04:04 CompiledCompositeActor_CompiledCompositeActor.class
-rw-rw-r--   1 travis travis  1592 Apr  9 04:04 CompiledCompositeActor_CompiledCompositeActor$_CompiledCompositeActor_CompiledCompositeActor.class
-rw-rw-r--   1 travis travis 13466 Apr  9 04:04 CompiledCompositeActor_CompiledCompositeActor.java
-rw-rw-r--   1 travis travis  1593 Apr  9 04:04 CompiledCompositeActor_CompiledCompositeActor.mk
drwxrwxr-x   3 travis travis 24576 Apr  9 04:02 DeScrambler
drwxrwxr-x   3 travis travis 16384 Apr  9 04:04 DotProduct
drwxrwxr-x   3 travis travis 12288 Apr  9 04:00 FileWriter1
drwxrwxr-x   3 travis travis 20480 Apr  9 04:00 FixToDoubleAndBack
drwxrwxr-x   3 travis travis 16384 Apr  9 04:00 Gaussian1
drwxrwxr-x   3 travis travis 20480 Apr  9 04:00 Gaussian2
-rw-rw-r--   1 travis travis  4457 Apr  9 04:04 JavaCompiledCompositeTest1_CompiledCompositeActor.class
-rw-rw-r--   1 travis travis 11637 Apr  9 04:04 JavaCompiledCompositeTest1_CompiledCompositeActor.java
-rw-rw-r--   1 travis travis  1198 Apr  9 04:04 JavaCompiledCompositeTest1_CompiledCompositeActor$_JavaCompiledCompositeTest1_CompiledCompositeActor.class
-rw-rw-r--   1 travis travis  1625 Apr  9 04:04 JavaCompiledCompositeTest1_CompiledCompositeActor.mk
-rw-rw-r--   1 travis travis  4888 Apr  9 04:04 JavaCompiledCompositeTest2_CompiledCompositeActor.class
-rw-rw-r--   1 travis travis 14919 Apr  9 04:04 JavaCompiledCompositeTest2_CompiledCompositeActor.java
-rw-rw-r--   1 travis travis  1793 Apr  9 04:04 JavaCompiledCompositeTest2_CompiledCompositeActor$_JavaCompiledCompositeTest2_CompiledCompositeActor.class
-rw-rw-r--   1 travis travis  1625 Apr  9 04:04 JavaCompiledCompositeTest2_CompiledCompositeActor.mk
-rw-rw-r--   1 travis travis  4505 Apr  9 04:04 JavaCompiledCompositeTest3_CompiledCompositeActor.class
-rw-rw-r--   1 travis travis 13080 Apr  9 04:04 JavaCompiledCompositeTest3_CompiledCompositeActor.java
-rw-rw-r--   1 travis travis  1378 Apr  9 04:04 JavaCompiledCompositeTest3_CompiledCompositeActor$_JavaCompiledCompositeTest3_CompiledCompositeActor.class
-rw-rw-r--   1 travis travis  1625 Apr  9 04:04 JavaCompiledCompositeTest3_CompiledCompositeActor.mk
-rw-rw-r--   1 travis travis  3953 Apr  9 04:04 JavaCompiledCompositeTest4_CompiledCompositeActor.class
-rw-rw-r--   1 travis travis  9687 Apr  9 04:04 JavaCompiledCompositeTest4_CompiledCompositeActor.java
-rw-rw-r--   1 travis travis   857 Apr  9 04:04 JavaCompiledCompositeTest4_CompiledCompositeActor$_JavaCompiledCompositeTest4_CompiledCompositeActor.class
-rw-rw-r--   1 travis travis  1625 Apr  9 04:04 JavaCompiledCompositeTest4_CompiledCompositeActor.mk
drwxrwxr-x   3 travis travis 12288 Apr  9 04:01 LookupTable
drwxrwxr-x   3 travis travis 20480 Apr  9 04:01 MaxIndex
-rw-rw-r--   1 travis travis  3693 Apr  9 04:04 ModularCG_A1_B1.class
-rw-rw-r--   1 travis travis  9730 Apr  9 04:04 ModularCG_A1_B1.java
-rw-rw-r--   1 travis travis   832 Apr  9 04:04 ModularCG_A1_B1.mk
-rw-rw-r--   1 travis travis  1318 Apr  9 04:04 ModularCG_A1_B1_profile.class
-rw-rw-r--   1 travis travis  1262 Apr  9 04:04 ModularCG_A1_B1_profile.java
-rw-rw-r--   1 travis travis  3693 Apr  9 04:04 ModularCG_A1_B2.class
-rw-rw-r--   1 travis travis  9730 Apr  9 04:04 ModularCG_A1_B2.java
-rw-rw-r--   1 travis travis   832 Apr  9 04:04 ModularCG_A1_B2.mk
-rw-rw-r--   1 travis travis  1318 Apr  9 04:04 ModularCG_A1_B2_profile.class
-rw-rw-r--   1 travis travis  1262 Apr  9 04:04 ModularCG_A1_B2_profile.java
-rw-rw-r--   1 travis travis  4799 Apr  9 04:04 ModularCG_A1.class
-rw-rw-r--   1 travis travis 14742 Apr  9 04:04 ModularCG_A1.java
-rw-rw-r--   1 travis travis   808 Apr  9 04:04 ModularCG_A1.mk
-rw-rw-r--   1 travis travis  1433 Apr  9 04:04 ModularCG_A1_profile.class
-rw-rw-r--   1 travis travis  1704 Apr  9 04:04 ModularCG_A1_profile.java
-rw-rw-r--   1 travis travis  3827 Apr  9 04:04 ModularCG_A2_B1.class
-rw-rw-r--   1 travis travis 10667 Apr  9 04:04 ModularCG_A2_B1.java
-rw-rw-r--   1 travis travis   832 Apr  9 04:04 ModularCG_A2_B1.mk
-rw-rw-r--   1 travis travis  1381 Apr  9 04:04 ModularCG_A2_B1_profile.class
-rw-rw-r--   1 travis travis  1446 Apr  9 04:04 ModularCG_A2_B1_profile.java
-rw-rw-r--   1 travis travis  3693 Apr  9 04:04 ModularCG_A2_B2.class
-rw-rw-r--   1 travis travis  9730 Apr  9 04:04 ModularCG_A2_B2.java
-rw-rw-r--   1 travis travis   832 Apr  9 04:04 ModularCG_A2_B2.mk
-rw-rw-r--   1 travis travis  1318 Apr  9 04:04 ModularCG_A2_B2_profile.class
-rw-rw-r--   1 travis travis  1262 Apr  9 04:04 ModularCG_A2_B2_profile.java
-rw-rw-r--   1 travis travis  4870 Apr  9 04:05 ModularCG_A2.class
-rw-rw-r--   1 travis travis 15129 Apr  9 04:05 ModularCG_A2.java
-rw-rw-r--   1 travis travis   808 Apr  9 04:05 ModularCG_A2.mk
-rw-rw-r--   1 travis travis  1433 Apr  9 04:05 ModularCG_A2_profile.class
-rw-rw-r--   1 travis travis  1704 Apr  9 04:04 ModularCG_A2_profile.java
-rw-rw-r--   1 travis travis  3473 Apr  9 04:05 ModularCGPubSub_A1_A2.class
-rw-rw-r--   1 travis travis  9076 Apr  9 04:05 ModularCGPubSub_A1_A2.java
-rw-rw-r--   1 travis travis   880 Apr  9 04:05 ModularCGPubSub_A1_A2.mk
-rw-rw-r--   1 travis travis  1300 Apr  9 04:05 ModularCGPubSub_A1_A2_profile.class
-rw-rw-r--   1 travis travis  1222 Apr  9 04:05 ModularCGPubSub_A1_A2_profile.java
-rw-rw-r--   1 travis travis  3790 Apr  9 04:05 ModularCGPubSub_A1.class
-rw-rw-r--   1 travis travis  9836 Apr  9 04:05 ModularCGPubSub_A1.java
-rw-rw-r--   1 travis travis   856 Apr  9 04:05 ModularCGPubSub_A1.mk
-rw-rw-r--   1 travis travis  1346 Apr  9 04:05 ModularCGPubSub_A1_profile.class
-rw-rw-r--   1 travis travis  1388 Apr  9 04:05 ModularCGPubSub_A1_profile.java
-rw-rw-r--   1 travis travis  3988 Apr  9 04:05 ModularCodeGen2_ModularCodeGenTypedCompositeActor.class
-rw-rw-r--   1 travis travis 11690 Apr  9 04:05 ModularCodeGen2_ModularCodeGenTypedCompositeActor.java
-rw-rw-r--   1 travis travis  1104 Apr  9 04:05 ModularCodeGen2_ModularCodeGenTypedCompositeActor.mk
-rw-rw-r--   1 travis travis  4272 Apr  9 04:05 ModularCodeGen2_ModularCodeGenTypedCompositeActor_ModularCodeGenTypedCompositeActor.class
-rw-rw-r--   1 travis travis 11790 Apr  9 04:05 ModularCodeGen2_ModularCodeGenTypedCompositeActor_ModularCodeGenTypedCompositeActor.java
-rw-rw-r--   1 travis travis  1376 Apr  9 04:05 ModularCodeGen2_ModularCodeGenTypedCompositeActor_ModularCodeGenTypedCompositeActor.mk
-rw-rw-r--   1 travis travis  1421 Apr  9 04:05 ModularCodeGen2_ModularCodeGenTypedCompositeActor_ModularCodeGenTypedCompositeActor_profile.class
-rw-rw-r--   1 travis travis  1294 Apr  9 04:05 ModularCodeGen2_ModularCodeGenTypedCompositeActor_ModularCodeGenTypedCompositeActor_profile.java
-rw-rw-r--   1 travis travis   820 Apr  9 04:05 ModularCodeGen2_ModularCodeGenTypedCompositeActor_profile.class
-rw-rw-r--   1 travis travis   693 Apr  9 04:05 ModularCodeGen2_ModularCodeGenTypedCompositeActor_profile.java
-rw-rw-r--   1 travis travis  3741 Apr  9 04:05 ModularCodeGen3_A1_B1.class
-rw-rw-r--   1 travis travis  9958 Apr  9 04:05 ModularCodeGen3_A1_B1.java
-rw-rw-r--   1 travis travis   880 Apr  9 04:05 ModularCodeGen3_A1_B1.mk
-rw-rw-r--   1 travis travis  1330 Apr  9 04:05 ModularCodeGen3_A1_B1_profile.class
-rw-rw-r--   1 travis travis  1274 Apr  9 04:05 ModularCodeGen3_A1_B1_profile.java
-rw-rw-r--   1 travis travis  3741 Apr  9 04:05 ModularCodeGen3_A1_B2.class
-rw-rw-r--   1 travis travis  9958 Apr  9 04:05 ModularCodeGen3_A1_B2.java
-rw-rw-r--   1 travis travis   880 Apr  9 04:05 ModularCodeGen3_A1_B2.mk
-rw-rw-r--   1 travis travis  1330 Apr  9 04:05 ModularCodeGen3_A1_B2_profile.class
-rw-rw-r--   1 travis travis  1274 Apr  9 04:05 ModularCodeGen3_A1_B2_profile.java
-rw-rw-r--   1 travis travis  4961 Apr  9 04:05 ModularCodeGen3_A1.class
-rw-rw-r--   1 travis travis 15564 Apr  9 04:05 ModularCodeGen3_A1.java
-rw-rw-r--   1 travis travis   856 Apr  9 04:05 ModularCodeGen3_A1.mk
-rw-rw-r--   1 travis travis  1445 Apr  9 04:05 ModularCodeGen3_A1_profile.class
-rw-rw-r--   1 travis travis  1716 Apr  9 04:05 ModularCodeGen3_A1_profile.java
-rw-rw-r--   1 travis travis  3887 Apr  9 04:05 ModularCodeGen3_A2_B1.class
-rw-rw-r--   1 travis travis 10955 Apr  9 04:05 ModularCodeGen3_A2_B1.java
-rw-rw-r--   1 travis travis   880 Apr  9 04:05 ModularCodeGen3_A2_B1.mk
-rw-rw-r--   1 travis travis  1393 Apr  9 04:05 ModularCodeGen3_A2_B1_profile.class
-rw-rw-r--   1 travis travis  1458 Apr  9 04:05 ModularCodeGen3_A2_B1_profile.java
-rw-rw-r--   1 travis travis  3741 Apr  9 04:05 ModularCodeGen3_A2_B2.class
-rw-rw-r--   1 travis travis  9958 Apr  9 04:05 ModularCodeGen3_A2_B2.java
-rw-rw-r--   1 travis travis   880 Apr  9 04:05 ModularCodeGen3_A2_B2.mk
-rw-rw-r--   1 travis travis  1330 Apr  9 04:05 ModularCodeGen3_A2_B2_profile.class
-rw-rw-r--   1 travis travis  1274 Apr  9 04:05 ModularCodeGen3_A2_B2_profile.java
-rw-rw-r--   1 travis travis  5038 Apr  9 04:05 ModularCodeGen3_A2.class
-rw-rw-r--   1 travis travis 15957 Apr  9 04:05 ModularCodeGen3_A2.java
-rw-rw-r--   1 travis travis   856 Apr  9 04:05 ModularCodeGen3_A2.mk
-rw-rw-r--   1 travis travis  1445 Apr  9 04:05 ModularCodeGen3_A2_profile.class
-rw-rw-r--   1 travis travis  1716 Apr  9 04:05 ModularCodeGen3_A2_profile.java
-rw-rw-r--   1 travis travis  3794 Apr  9 04:05 ModularCodeGen4_A1_B1.class
-rw-rw-r--   1 travis travis 10312 Apr  9 04:05 ModularCodeGen4_A1_B1.java
-rw-rw-r--   1 travis travis   880 Apr  9 04:05 ModularCodeGen4_A1_B1.mk
-rw-rw-r--   1 travis travis  1330 Apr  9 04:05 ModularCodeGen4_A1_B1_profile.class
-rw-rw-r--   1 travis travis  1273 Apr  9 04:05 ModularCodeGen4_A1_B1_profile.java
-rw-rw-r--   1 travis travis  3794 Apr  9 04:05 ModularCodeGen4_A1_B2.class
-rw-rw-r--   1 travis travis 10312 Apr  9 04:05 ModularCodeGen4_A1_B2.java
-rw-rw-r--   1 travis travis   880 Apr  9 04:05 ModularCodeGen4_A1_B2.mk
-rw-rw-r--   1 travis travis  1330 Apr  9 04:05 ModularCodeGen4_A1_B2_profile.class
-rw-rw-r--   1 travis travis  1273 Apr  9 04:05 ModularCodeGen4_A1_B2_profile.java
-rw-rw-r--   1 travis travis  5101 Apr  9 04:05 ModularCodeGen4_A1.class
-rw-rw-r--   1 travis travis 16245 Apr  9 04:05 ModularCodeGen4_A1.java
-rw-rw-r--   1 travis travis   856 Apr  9 04:05 ModularCodeGen4_A1.mk
-rw-rw-r--   1 travis travis  1445 Apr  9 04:05 ModularCodeGen4_A1_profile.class
-rw-rw-r--   1 travis travis  1712 Apr  9 04:05 ModularCodeGen4_A1_profile.java
-rw-rw-r--   1 travis travis  3988 Apr  9 04:05 ModularCodeGen4_A2_B1.class
-rw-rw-r--   1 travis travis 11375 Apr  9 04:05 ModularCodeGen4_A2_B1.java
-rw-rw-r--   1 travis travis   880 Apr  9 04:05 ModularCodeGen4_A2_B1.mk
-rw-rw-r--   1 travis travis  1393 Apr  9 04:05 ModularCodeGen4_A2_B1_profile.class
-rw-rw-r--   1 travis travis  1454 Apr  9 04:05 ModularCodeGen4_A2_B1_profile.java
-rw-rw-r--   1 travis travis  3842 Apr  9 04:05 ModularCodeGen4_A2_B2.class
-rw-rw-r--   1 travis travis 10378 Apr  9 04:05 ModularCodeGen4_A2_B2.java
-rw-rw-r--   1 travis travis   880 Apr  9 04:05 ModularCodeGen4_A2_B2.mk
-rw-rw-r--   1 travis travis  1330 Apr  9 04:05 ModularCodeGen4_A2_B2_profile.class
-rw-rw-r--   1 travis travis  1270 Apr  9 04:05 ModularCodeGen4_A2_B2_profile.java
-rw-rw-r--   1 travis travis  5274 Apr  9 04:05 ModularCodeGen4_A2.class
-rw-rw-r--   1 travis travis 16770 Apr  9 04:05 ModularCodeGen4_A2.java
-rw-rw-r--   1 travis travis   856 Apr  9 04:05 ModularCodeGen4_A2.mk
-rw-rw-r--   1 travis travis  1445 Apr  9 04:05 ModularCodeGen4_A2_profile.class
-rw-rw-r--   1 travis travis  1712 Apr  9 04:05 ModularCodeGen4_A2_profile.java
-rw-rw-r--   1 travis travis  6838 Apr  9 04:05 ModularCodeGen5_A_A.class
-rw-rw-r--   1 travis travis 28721 Apr  9 04:05 ModularCodeGen5_A_A.java
-rw-rw-r--   1 travis travis   864 Apr  9 04:05 ModularCodeGen5_A_A.mk
-rw-rw-r--   1 travis travis  1520 Apr  9 04:05 ModularCodeGen5_A_A_profile.class
-rw-rw-r--   1 travis travis  1815 Apr  9 04:05 ModularCodeGen5_A_A_profile.java
-rw-rw-r--   1 travis travis  5115 Apr  9 04:05 ModularCodeGen5_A.class
-rw-rw-r--   1 travis travis 13769 Apr  9 04:05 ModularCodeGen5_A.java
-rw-rw-r--   1 travis travis   848 Apr  9 04:05 ModularCodeGen5_A.mk
-rw-rw-r--   1 travis travis  1422 Apr  9 04:05 ModularCodeGen5_A_profile.class
-rw-rw-r--   1 travis travis  1605 Apr  9 04:05 ModularCodeGen5_A_profile.java
-rw-rw-r--   1 travis travis  4125 Apr  9 04:05 ModularCodeGen6_A_A2.class
-rw-rw-r--   1 travis travis 11329 Apr  9 04:05 ModularCodeGen6_A_A2.java
-rw-rw-r--   1 travis travis   872 Apr  9 04:05 ModularCodeGen6_A_A2.mk
-rw-rw-r--   1 travis travis  1351 Apr  9 04:05 ModularCodeGen6_A_A2_profile.class
-rw-rw-r--   1 travis travis  1364 Apr  9 04:05 ModularCodeGen6_A_A2_profile.java
-rw-rw-r--   1 travis travis  4108 Apr  9 04:05 ModularCodeGen6_A_A.class
-rw-rw-r--   1 travis travis 11221 Apr  9 04:05 ModularCodeGen6_A_A.java
-rw-rw-r--   1 travis travis   864 Apr  9 04:05 ModularCodeGen6_A_A.mk
-rw-rw-r--   1 travis travis  1348 Apr  9 04:05 ModularCodeGen6_A_A_profile.class
-rw-rw-r--   1 travis travis  1361 Apr  9 04:05 ModularCodeGen6_A_A_profile.java
-rw-rw-r--   1 travis travis  7237 Apr  9 04:05 ModularCodeGen6_A.class
-rw-rw-r--   1 travis travis 26535 Apr  9 04:05 ModularCodeGen6_A.java
-rw-rw-r--   1 travis travis   848 Apr  9 04:05 ModularCodeGen6_A.mk
-rw-rw-r--   1 travis travis  1483 Apr  9 04:05 ModularCodeGen6_A_profile.class
-rw-rw-r--   1 travis travis  1810 Apr  9 04:05 ModularCodeGen6_A_profile.java
-rw-rw-r--   1 travis travis  9439 Apr  9 04:05 ModularCodeGenLazyPubSubGlobal_CompositeActor_ModularCodeGenTypedComposite.class
-rw-rw-r--   1 travis travis 30161 Apr  9 04:05 ModularCodeGenLazyPubSubGlobal_CompositeActor_ModularCodeGenTypedComposite.java
-rw-rw-r--   1 travis travis  1304 Apr  9 04:05 ModularCodeGenLazyPubSubGlobal_CompositeActor_ModularCodeGenTypedComposite.mk
-rw-rw-r--   1 travis travis  1438 Apr  9 04:05 ModularCodeGenLazyPubSubGlobal_CompositeActor_ModularCodeGenTypedComposite_profile.class
-rw-rw-r--   1 travis travis  1384 Apr  9 04:05 ModularCodeGenLazyPubSubGlobal_CompositeActor_ModularCodeGenTypedComposite_profile.java
-rw-rw-r--   1 travis travis  3952 Apr  9 04:05 ModularCodeGenLazyPubSub_LazyCompositeActor.class
-rw-rw-r--   1 travis travis 11122 Apr  9 04:05 ModularCodeGenLazyPubSub_LazyCompositeActor.java
-rw-rw-r--   1 travis travis  1056 Apr  9 04:05 ModularCodeGenLazyPubSub_LazyCompositeActor.mk
-rw-rw-r--   1 travis travis  1286 Apr  9 04:05 ModularCodeGenLazyPubSub_LazyCompositeActor_profile.class
-rw-rw-r--   1 travis travis  1091 Apr  9 04:05 ModularCodeGenLazyPubSub_LazyCompositeActor_profile.java
-rw-rw-r--   1 travis travis  3954 Apr  9 04:05 ModularCodeGen_ModularCodeGenTypedCompositeActor.class
-rw-rw-r--   1 travis travis 10970 Apr  9 04:05 ModularCodeGen_ModularCodeGenTypedCompositeActor.java
-rw-rw-r--   1 travis travis  1096 Apr  9 04:05 ModularCodeGen_ModularCodeGenTypedCompositeActor.mk
-rw-rw-r--   1 travis travis  1384 Apr  9 04:05 ModularCodeGen_ModularCodeGenTypedCompositeActor_profile.class
-rw-rw-r--   1 travis travis  1328 Apr  9 04:05 ModularCodeGen_ModularCodeGenTypedCompositeActor_profile.java
-rw-rw-r--   1 travis travis  3441 Apr  9 04:05 ModularCodeGenPubSub2_A1_A.class
-rw-rw-r--   1 travis travis  8578 Apr  9 04:05 ModularCodeGenPubSub2_A1_A.java
-rw-rw-r--   1 travis travis   920 Apr  9 04:05 ModularCodeGenPubSub2_A1_A.mk
-rw-rw-r--   1 travis travis  1274 Apr  9 04:05 ModularCodeGenPubSub2_A1_A_profile.class
-rw-rw-r--   1 travis travis  1128 Apr  9 04:05 ModularCodeGenPubSub2_A1_A_profile.java
-rw-rw-r--   1 travis travis  3733 Apr  9 04:05 ModularCodeGenPubSub2_A1.class
-rw-rw-r--   1 travis travis  9781 Apr  9 04:05 ModularCodeGenPubSub2_A1.java
-rw-rw-r--   1 travis travis   904 Apr  9 04:05 ModularCodeGenPubSub2_A1.mk
-rw-rw-r--   1 travis travis  1268 Apr  9 04:05 ModularCodeGenPubSub2_A1_profile.class
-rw-rw-r--   1 travis travis  1196 Apr  9 04:05 ModularCodeGenPubSub2_A1_profile.java
-rw-rw-r--   1 travis travis  3437 Apr  9 04:06 ModularCodeGenPubSub3_A1_A2.class
-rw-rw-r--   1 travis travis  8599 Apr  9 04:05 ModularCodeGenPubSub3_A1_A2.java
-rw-rw-r--   1 travis travis   928 Apr  9 04:05 ModularCodeGenPubSub3_A1_A2.mk
-rw-rw-r--   1 travis travis  1287 Apr  9 04:05 ModularCodeGenPubSub3_A1_A2_profile.class
-rw-rw-r--   1 travis travis  1132 Apr  9 04:05 ModularCodeGenPubSub3_A1_A2_profile.java
-rw-rw-r--   1 travis travis  3856 Apr  9 04:06 ModularCodeGenPubSub3_A1.class
-rw-rw-r--   1 travis travis 10100 Apr  9 04:06 ModularCodeGenPubSub3_A1.java
-rw-rw-r--   1 travis travis   904 Apr  9 04:06 ModularCodeGenPubSub3_A1.mk
-rw-rw-r--   1 travis travis  1358 Apr  9 04:06 ModularCodeGenPubSub3_A1_profile.class
-rw-rw-r--   1 travis travis  1400 Apr  9 04:06 ModularCodeGenPubSub3_A1_profile.java
-rw-rw-r--   1 travis travis  3441 Apr  9 04:06 ModularCodeGenPubSub4_A1_A.class
-rw-rw-r--   1 travis travis  8578 Apr  9 04:06 ModularCodeGenPubSub4_A1_A.java
-rw-rw-r--   1 travis travis   920 Apr  9 04:06 ModularCodeGenPubSub4_A1_A.mk
-rw-rw-r--   1 travis travis  1274 Apr  9 04:06 ModularCodeGenPubSub4_A1_A_profile.class
-rw-rw-r--   1 travis travis  1128 Apr  9 04:06 ModularCodeGenPubSub4_A1_A_profile.java
-rw-rw-r--   1 travis travis  3683 Apr  9 04:06 ModularCodeGenPubSub4_A1.class
-rw-rw-r--   1 travis travis  9231 Apr  9 04:06 ModularCodeGenPubSub4_A1.java
-rw-rw-r--   1 travis travis   904 Apr  9 04:06 ModularCodeGenPubSub4_A1.mk
-rw-rw-r--   1 travis travis  1247 Apr  9 04:06 ModularCodeGenPubSub4_A1_profile.class
-rw-rw-r--   1 travis travis  1137 Apr  9 04:06 ModularCodeGenPubSub4_A1_profile.java
-rw-rw-r--   1 travis travis  3475 Apr  9 04:05 ModularCodeGenPubSub_A1.class
-rw-rw-r--   1 travis travis  9060 Apr  9 04:05 ModularCodeGenPubSub_A1.java
-rw-rw-r--   1 travis travis   896 Apr  9 04:05 ModularCodeGenPubSub_A1.mk
-rw-rw-r--   1 travis travis  1278 Apr  9 04:05 ModularCodeGenPubSub_A1_profile.class
-rw-rw-r--   1 travis travis  1195 Apr  9 04:05 ModularCodeGenPubSub_A1_profile.java
-rw-rw-r--   1 travis travis  3492 Apr  9 04:04 ModularCodeGenTest_A1_A2.class
-rw-rw-r--   1 travis travis   904 Apr  9 04:04 ModularCodeGenTest_A1_A2.mk
-rw-rw-r--   1 travis travis  1306 Apr  9 04:04 ModularCodeGenTest_A1_A2_profile.class
-rw-rw-r--   1 travis travis  3823 Apr  9 04:04 ModularCodeGenTest_A1.class
-rw-rw-r--   1 travis travis  9968 Apr  9 04:04 ModularCodeGenTest_A1.java
-rw-rw-r--   1 travis travis   880 Apr  9 04:04 ModularCodeGenTest_A1.mk
-rw-rw-r--   1 travis travis  1352 Apr  9 04:04 ModularCodeGenTest_A1_profile.class
-rw-rw-r--   1 travis travis  1394 Apr  9 04:04 ModularCodeGenTest_A1_profile.java
drwxrwxr-x   3 travis travis 36864 Apr  9 04:04 modulation2
drwxrwxr-x   3 travis travis 20480 Apr  9 04:01 Multiplexor
drwxrwxr-x 242 travis travis 12288 Apr  9 04:04 node_modules
drwxrwxr-x   3 travis travis 20480 Apr  9 04:01 PhaseUnwrap
-rw-rw-r--   1 travis travis  1007 Apr  9 04:06 PubSubAggModularCodeGen_ModularCodeGenTypedComposite_profile.java
-rw-rw-r--   1 travis travis   520 Apr  9 04:04 Repeat$_fireFunction_Repeat_Repeat$__f_sL_0.class
-rw-rw-r--   1 travis travis   522 Apr  9 04:04 Repeat$_fireFunction_Repeat_Repeat$__f_sL_10.class
-rw-rw-r--   1 travis travis   666 Apr  9 04:04 Repeat$_fireFunction_Repeat_Repeat$__f_sL_11.class
-rw-rw-r--   1 travis travis   522 Apr  9 04:04 Repeat$_fireFunction_Repeat_Repeat$__f_sL_13.class
-rw-rw-r--   1 travis travis   665 Apr  9 04:04 Repeat$_fireFunction_Repeat_Repeat$__f_sL_1.class
-rw-rw-r--   1 travis travis   520 Apr  9 04:04 Repeat$_fireFunction_Repeat_Repeat$__f_sL_2.class
-rw-rw-r--   1 travis travis   520 Apr  9 04:04 Repeat$_fireFunction_Repeat_Repeat$__f_sL_3.class
-rw-rw-r--   1 travis travis   520 Apr  9 04:04 Repeat$_fireFunction_Repeat_Repeat$__f_sL_5.class
-rw-rw-r--   1 travis travis   671 Apr  9 04:04 Repeat$_fireFunction_Repeat_Repeat$__f_sL_7.class
-rw-rw-r--   1 travis travis   520 Apr  9 04:04 Repeat$_fireFunction_Repeat_Repeat$__f_sL_9.class
-rw-rw-r--   1 travis travis   813 Apr  9 04:04 Repeat$_initialize_Repeat.class
-rw-rw-r--   1 travis travis   475 Apr  9 04:04 Repeat$_initialize_Repeat$__i_sL_0.class
-rw-rw-r--   1 travis travis   519 Apr  9 04:04 Repeat$_initialize_Repeat$__i_sL_3.class
-rw-rw-r--   1 travis travis 39778 Apr  9 04:04 Repeat.java
-rw-rw-r--   1 travis travis  1281 Apr  9 04:04 Repeat.mk
-rw-rw-r--   1 travis travis   520 Apr  9 04:04 Repeat$_preinitializeMethod_Repeat$__p_sL_0.class
-rw-rw-r--   1 travis travis   520 Apr  9 04:04 Repeat$_preinitializeMethod_Repeat$__p_sL_1.class
-rw-rw-r--   1 travis travis  1083 Apr  9 04:04 Repeat$_Repeat$_fireFunction_Repeat_AddSubtract_Repeat.class
-rw-rw-r--   1 travis travis   791 Apr  9 04:04 Repeat$_Repeat$_fireFunction_Repeat_AddSubtract_Repeat$__f_sL_0.class
-rw-rw-r--   1 travis travis   909 Apr  9 04:04 Repeat$_Repeat$_fireFunction_Repeat_AddSubtract_Repeat$__f_sL_1.class
-rw-rw-r--   1 travis travis   915 Apr  9 04:04 Repeat$_Repeat$_fireFunction_Repeat_AddSubtract_Repeat$__f_sL_2.class
-rw-rw-r--   1 travis travis   838 Apr  9 04:04 Repeat$_Repeat$_fireFunction_Repeat_Ramp2_Repeat$__f_sL_1.class
-rw-rw-r--   1 travis travis  1785 Apr  9 04:04 Repeat$_Repeat$_fireFunction_Repeat_Test_Repeat$__f_sL_2.class
-rw-rw-r--   1 travis travis   685 Apr  9 04:04 Repeat$_Repeat_SDF_Director_run_Repeat$__R_sL_0.class
-rw-rw-r--   1 travis travis   540 Apr  9 04:04 Repeat$_Repeat_SDF_Director_run_Repeat$__R_sL_1.class
-rw-rw-r--   1 travis travis   540 Apr  9 04:04 Repeat$_Repeat_SDF_Director_run_Repeat$__R_sL_2.class
-rw-rw-r--   1 travis travis   540 Apr  9 04:04 Repeat$_Repeat_SDF_Director_run_Repeat$__R_sL_4.class
-rw-rw-r--   1 travis travis   540 Apr  9 04:04 Repeat$_Repeat_SDF_Director_run_Repeat$__R_sL_5.class
-rw-rw-r--   1 travis travis   691 Apr  9 04:04 Repeat$_Repeat_SDF_Director_run_Repeat$__R_sL_6.class
-rw-rw-r--   1 travis travis   540 Apr  9 04:04 Repeat$_Repeat_SDF_Director_run_Repeat$__R_sL_7.class
-rw-rw-r--   1 travis travis   863 Apr  9 04:04 Repeat$_varinit_Repeat.class
-rw-rw-r--   1 travis travis   530 Apr  9 04:04 Repeat$_varinit_Repeat$__v_sL_1.class
-rw-rw-r--   1 travis travis   531 Apr  9 04:04 Repeat$_varinit_Repeat$__v_sL_2.class
-rw-rw-r--   1 travis travis   905 Apr  9 04:04 Repeat$_varinit_Repeat$__v_sL_4.class
-rw-rw-r--   1 travis travis   635 Apr  9 04:04 Repeat$_wrapup_Repeat.class
-rw-rw-r--   1 travis travis   965 Apr  9 04:04 Repeat$_wrapup_Repeat$__w_sL_1.class
-rw-rw-r--   1 travis travis   289 Apr  9 03:59 result.csv
drwxrwxr-x   3 travis travis 12288 Apr  9 04:02 Scrambler1
drwxrwxr-x   3 travis travis 20480 Apr  9 04:01 Sinewave2
drwxrwxr-x   3 travis travis 69632 Apr  9 04:02 StringCompare
drwxrwxr-x   3 travis travis 32768 Apr  9 04:02 StringFunction
drwxrwxr-x   3 travis travis 12288 Apr  9 04:03 StringLength
drwxrwxr-x   3 travis travis 57344 Apr  9 04:03 StringSimpleReplace
drwxrwxr-x   3 travis travis 12288 Apr  9 04:04 time2
drwxrwxr-x   3 travis travis 12288 Apr  9 04:04 time5
-rw-rw-r--   1 travis travis   432 Apr  9 04:06 Token.class
-rw-rw-r--   1 travis travis   251 Apr  9 04:06 Token.java
-rw-rw-r--   1 travis travis     0 Apr  9 04:04 top.
-rw-rw-r--   1 travis travis 20502 Apr  9 03:59 top.c
-rw-rw-r--   1 travis travis  3567 Apr  9 04:04 top.class
-rw-rw-r--   1 travis travis   169 Apr  9 03:59 top.html
-rw-rw-r--   1 travis travis  7552 Apr  9 04:04 top.java
-rw-rw-r--   1 travis travis 38888 Apr  9 03:59 top.o
drwxrwxr-x   3 travis travis 57344 Apr  9 04:02 UnaryMathFunction
All Done
Writing PubSubAggModularCodeGen_ModularCodeGenTypedComposite.java in file:/home/travis/cg/ (27850 characters)
Reading "ptolemy/cg/kernel/generic/program/procedural/java/modular/makefile.in",
    writing "/home/travis/cg/PubSubAggModularCodeGen_ModularCodeGenTypedComposite.mk"
Using ptolemy/cg/kernel/generic/program/procedural/java/modular/makefile.in
In "/home/travis/cg", about to execute:
    make -f PubSubAggModularCodeGen_ModularCodeGenTypedComposite.mk
javac -classpath ".:.."    PubSubAggModularCodeGen_ModularCodeGenTypedComposite.java
All Done
2683 ms. Memory: 123392K Free: 86323K (70%)
----------------- Invoking toplevel() on ptolemy.moml.MoMLSimpleApplication@153833c7
----------------- Done invoking toplevel() on ptolemy.moml.MoMLSimpleApplication@153833c7
reloadAllAccessors: .PubSubAggModularCodeGen

===========================================================================================
----------------- testing Tue Apr 09 04:06:08 UTC 2019 /home/travis/build/icyphy/ptII/ptolemy/cg/lib/test/auto/PubSubAggTypedComposite.xml
----------------- Instantiating /home/travis/build/icyphy/ptII/ptolemy/cg/lib/test/auto/PubSubAggTypedComposite.xml
8 ms. Memory: 123392K Free: 78991K (64%)
----------------- Invoking toplevel() on ptolemy.moml.MoMLSimpleApplication@1fe0a415
----------------- Done invoking toplevel() on ptolemy.moml.MoMLSimpleApplication@1fe0a415
reloadAllAccessors: .PubSubAggTypedComposite

===========================================================================================
----------------- testing Tue Apr 09 04:06:08 UTC 2019 /home/travis/build/icyphy/ptII/ptolemy/cg/lib/test/auto/PubSubAggTypedCompositeWidth2.xml
----------------- Instantiating /home/travis/build/icyphy/ptII/ptolemy/cg/lib/test/auto/PubSubAggTypedCompositeWidth2.xml
4 ms. Memory: 123392K Free: 70094K (57%)
----------------- Invoking toplevel() on ptolemy.moml.MoMLSimpleApplication@475fa693
----------------- Done invoking toplevel() on ptolemy.moml.MoMLSimpleApplication@475fa693
reloadAllAccessors: .PubSubAggTypedCompositeWidth2

===========================================================================================
----------------- testing Tue Apr 09 04:06:08 UTC 2019 /home/travis/build/icyphy/ptII/ptolemy/cg/lib/test/auto/ScaleJava.xml
----------------- Instantiating /home/travis/build/icyphy/ptII/ptolemy/cg/lib/test/auto/ScaleJava.xml
CompiledCompositeActor: Building shared object: The sharedObjectFile has a modification time that is earlier than the modelFile modification time.
Writing ScaleJava_EmbeddedActor.java in file:/home/travis/cg/ (9202 characters)
Reading "ptolemy/cg/kernel/generic/program/procedural/java/makefile.in",
    writing "/home/travis/cg/ScaleJava_EmbeddedActor.mk"
Using ptolemy/cg/kernel/generic/program/procedural/java/makefile.in
In "/home/travis/cg", about to execute:
    make -f ScaleJava_EmbeddedActor.mk
javac -classpath ".:."    ScaleJava_EmbeddedActor.java
All Done
843 ms. Memory: 123392K Free: 48880K (40%)
----------------- Invoking toplevel() on ptolemy.moml.MoMLSimpleApplication@2628be04
----------------- Done invoking toplevel() on ptolemy.moml.MoMLSimpleApplication@2628be04
reloadAllAccessors: .ScaleJava
AutoTests.java: About to close Vertx.
AutoTests.java: Vertx closed.
]]></system-out>
  <system-err><![CDATA[]]></system-err>
</testsuite>
