<?xml version="1.0" encoding="UTF-8" ?>
<testsuite errors="1" failures="2" hostname="travis-job-f6526b3d-db74-4a54-bd82-417bab9577c8" name="ptolemy.actor.lib.test.junit.JUnitTclTest" skipped="0" tests="517" time="63.158" timestamp="2019-07-02T04:47:44">
  <properties>
    <property name="npm.executable" value="npm" />
    <property name="env.TRAVIS_ROOT" value="/" />
    <property name="ptII.mk.exists" value="true" />
    <property name="env.TRAVIS_APP_HOST" value="build.travis-ci.org" />
    <property name="env.rvm_bin_path" value="/home/travis/.rvm/bin" />
    <property name="java.home" value="/usr/local/lib/jvm/openjdk11" />
    <property name="env.TRAVIS_JOB_NUMBER" value="1191.8" />
    <property name="env.TRAVIS_HOME" value="/home/travis" />
    <property name="env.DISPLAY" value=":99.0" />
    <property name="env.TRAVIS_INIT" value="systemd" />
    <property name="env.SSH_TTY" value="/dev/pts/0" />
    <property name="java.net.preferIPv4Stack" value="true" />
    <property name="env.RUN_TESTS" value="true" />
    <property name="timeout.short" value="1000000" />
    <property name="junit.formatter" value="xml" />
    <property name="env.TRAVIS_SUDO" value="true" />
    <property name="env.TRAVIS_JOB_NAME" value="" />
    <property name="env.TRAVIS_STACK_NODE_ATTRIBUTES" value="/.node-attributes.yml" />
    <property name="env.LOGNAME" value="travis" />
    <property name="env.PT_TRAVIS_TEST_CORE1_XML" value="true" />
    <property name="jsdoc.home" value="node_modules/@terraswarm/jsdoc" />
    <property name="debuglevel" value="source,lines,vars" />
    <property name="checkstyle.formatter" value="xml" />
    <property name="env._system_version" value="16.04" />
    <property name="bin.vergil.makeable" value="true" />
    <property name="sun.os.patch.level" value="unknown" />
    <property name="java.vendor.url" value="http://java.oracle.com/" />
    <property name="env.TRAVIS_BUILD_WEB_URL" value="https://travis-ci.org/icyphy/ptII/builds/553100260" />
    <property name="java.version" value="11.0.2" />
    <property name="env.TZ" value="UTC" />
    <property name="env.TRAVIS_PULL_REQUEST_SHA" value="" />
    <property name="env.PT_NO_NET" value="true" />
    <property name="env.TRAVIS_SECURE_ENV_VARS" value="true" />
    <property name="env._system_type" value="Linux" />
    <property name="java.vendor.url.bug" value="http://bugreport.java.com/bugreport/" />
    <property name="npmjs-org-is-up" value="true" />
    <property name="env.LANGUAGE" value="en_US.UTF-8" />
    <property name="env.SSH_CLIENT" value="10.10.4.11 34180 22" />
    <property name="env.GEM_HOME" value="/home/travis/.rvm/gems/ruby-2.5.3" />
    <property name="env.HAS_ANTARES_THREE_LITTLE_FRONZIES_BADGE" value="true" />
    <property name="java.version.date" value="2019-01-15" />
    <property name="env.PS4" value="+" />
    <property name="ant.project.invoked-targets" value="build,test.core1.xml" />
    <property name="env.TRAVIS_PULL_REQUEST_BRANCH" value="" />
    <property name="env.TRAVIS_REPO_SLUG" value="icyphy/ptII" />
    <property name="env.XDG_DATA_DIRS" value="/usr/local/share:/usr/share:/var/lib/snapd/desktop" />
    <property name="jdk.debug" value="release" />
    <property name="env.TRAVIS_APT_PROXY" value="http://apt.cache.travis-ci.com" />
    <property name="node.in.path" value="true" />
    <property name="user.name" value="travis" />
    <property name="java.maxmemory" value="1400m" />
    <property name="env.RUBY_VERSION" value="ruby-2.5.3" />
    <property name="env.LANG" value="en_US.UTF-8" />
    <property name="sun.io.unicode.encoding" value="UnicodeLittle" />
    <property name="sun.jnu.encoding" value="UTF-8" />
    <property name="java.runtime.name" value="OpenJDK Runtime Environment" />
    <property name="usefile" value="false" />
    <property name="return.code" value="0" />
    <property name="junit.single.formatter" value="plain" />
    <property name="env.DYLD_LIBRARY_PATH" value="/home/travis/pthla/certi-tools/lib:" />
    <property name="env.DEBIAN_FRONTEND" value="noninteractive" />
    <property name="env.SSH_CONNECTION" value="10.10.4.11 34180 10.20.3.146 22" />
    <property name="env.MYSQL_UNIX_PORT" value="/var/run/mysqld/mysqld.sock" />
    <property name="env.LC_ALL" value="en_US.UTF-8" />
    <property name="env.TRAVIS_ALLOW_FAILURE" value="false" />
    <property name="env.TRAVIS_JOB_WEB_URL" value="https://travis-ci.org/icyphy/ptII/jobs/553100268" />
    <property name="java.specification.name" value="Java Platform API Specification" />
    <property name="node.works" value="true" />
    <property name="user.timezone" value="" />
    <property name="path.separator" value=":" />
    <property name="env.TRAVIS_ENABLE_INFRA_DETECTION" value="true" />
    <property name="env.PYTHON_CFLAGS" value="-g -fstack-protector --param=ssp-buffer-size=4 -Wformat -Werror=format-security" />
    <property name="timeout.long" value="4000000" />
    <property name="env.CERTI_HOME" value="/home/travis/pthla/certi-tools" />
    <property name="ant.file.ptII" value="/home/travis/build/icyphy/ptII/build.xml" />
    <property name="javadoc.packagenames" value="com.*,diva.*,lbnl.*,org.hlacerti.*,org.json.*,org.ptolemy.*,org.terraswarm.*,ptolemy.*,ptserver.*" />
    <property name="file.encoding" value="UTF-8" />
    <property name="env.TRAVIS_PULL_REQUEST_SLUG" value="" />
    <property name="ant.project.default-target" value="build" />
    <property name="env.GIT_ASKPASS" value="echo" />
    <property name="env.HOME" value="/home/travis" />
    <property name="sun.java.command" value="org.apache.tools.ant.taskdefs.optional.junit.JUnitTestRunner ptolemy.actor.lib.test.junit.JUnitTclTest skipNonTests=false filtertrace=true haltOnError=false haltOnFailure=false formatter=org.apache.tools.ant.taskdefs.optional.junit.OutErrSummaryJUnitResultFormatter showoutput=true outputtoformatters=true logfailedtests=true threadid=0 logtestlistenerevents=false formatter=org.apache.tools.ant.taskdefs.optional.junit.XMLJUnitResultFormatter,/home/travis/build/icyphy/ptII/reports/junit/TEST-ptolemy.actor.lib.test.junit.JUnitTclTest.xml crashfile=/home/travis/build/icyphy/ptII/junitvmwatcher17634405025873572963.properties propsfile=/home/travis/build/icyphy/ptII/junit16190597669437650580.properties" />
    <property name="env.COMPOSER_NO_INTERACTION" value="1" />
    <property name="env.MANPATH" value="/home/travis/.nvm/versions/node/v7.10.1/share/man:/home/travis/.rvm/rubies/ruby-2.5.3/share/man:/usr/local/cmake-3.12.4/man:/usr/local/clang-7.0.0/share/man:/usr/local/man:/usr/local/share/man:/usr/share/man:/home/travis/.rvm/man" />
    <property name="env.TRAVIS_TIMER_ID" value="06829ac4" />
    <property name="ant.file" value="/home/travis/build/icyphy/ptII/build.xml" />
    <property name="env.TRAVIS_COMMIT_RANGE" value="b6de4a29689c219dd7cbcef974805eca11f91674...bbbff3adea58fb0643306c381462affccc328551" />
    <property name="env._system_name" value="Ubuntu" />
    <property name="ptII.classpath.optional.property" value="/home/travis/build/icyphy/ptII/lib/bsh-2.0b4.jar:/home/travis/build/icyphy/ptII/lib/ptCal.jar:/home/travis/build/icyphy/ptII/lib/java_cup.jar:/home/travis/build/icyphy/ptII/lib/saxon8.jar:/home/travis/build/icyphy/ptII/lib/saxon8-dom.jar:/home/travis/build/icyphy/ptII/lib/chic.jar:/home/travis/build/icyphy/ptII/lib/ptcolt.jar:/home/travis/build/icyphy/ptII/vendors/misc/itext/iText.jar:/home/travis/build/icyphy/ptII/lib/g4ltl.jar:/home/travis/build/icyphy/ptII/lib/StructuralCoder.jar:/home/travis/build/icyphy/ptII/vendors/jai-1_1_2_01/lib/jai_core.jar:/home/travis/build/icyphy/ptII/vendors/jai-1_1_2_01/lib/jai_codec.jar:/home/travis/build/icyphy/ptII/lib/jcerti.jar:/home/travis/build/icyphy/ptII/lib/javax.mail.jar:/home/travis/build/icyphy/ptII/vendors/JMF-2.1.1e/lib/jmf.jar:/home/travis/build/icyphy/ptII/lib/jna-4.0.0-variadic.jar:/home/travis/build/icyphy/ptII/vendors/misc/joystick/Joystick.jar:/home/travis/build/icyphy/ptII/lib/ptjacl.jar:/home/travis/build/icyphy/ptII/lib/jsoup-1.8.2.jar:/home/travis/build/icyphy/ptII/lib/junit-4.8.2.jar:/home/travis/build/icyphy/ptII/lib/JUnitParams-0.4.0.jar:/home/travis/build/icyphy/ptII/ptolemy/actor/lib/excel/jxl.jar:/home/travis/build/icyphy/ptII/lib/jython.jar:/home/travis/build/icyphy/ptII/lib/kieler.jar:/home/travis/build/icyphy/ptII/vendors/opencv/share/OpenCV/java/opencv-341.jar:/home/travis/build/icyphy/ptII/lib/oscP5.jar:/home/travis/build/icyphy/ptII/lib/nrjavaserial-3.11.0.devel.jar:/home/travis/build/icyphy/ptII/vendors/j3d/lib/j3dcore.jar:/home/travis/build/icyphy/ptII/vendors/j3d/lib/j3dutils.jar:/home/travis/build/icyphy/ptII/vendors/j3d/lib/vecmath.jar:/home/travis/build/icyphy/ptII/ptolemy/distributed/jini/jar/jini-core.jar:/home/travis/build/icyphy/ptII/ptolemy/distributed/jini/jar/jini-ext.jar:/home/travis/build/icyphy/ptII/ptolemy/distributed/jini/jar/sun-util.jar:/home/travis/build/icyphy/ptII/lib/protobuf-java-2.4.1.jar:/home/travis/build/icyphy/ptII/lib/org.eclipse.paho.client.mqttv3.jar:/home/travis/build/icyphy/ptII/lib/mapss.jar:/home/travis/build/icyphy/ptII/ptolemy/actor/ptalon/antlr/antlr.jar:/home/travis/build/icyphy/ptII/lib/JRI.jar:/home/travis/build/icyphy/ptII/lib/commons-lang-2.6.jar:/home/travis/build/icyphy/ptII/lib/commons-logging-1.1.1.jar:/home/travis/build/icyphy/ptII/lib/sootclasses.jar:/home/travis/build/icyphy/ptII/ptolemy/actor/lib/database/mysql-connector-java-5.1.6-bin.jar:/home/travis/build/icyphy/ptII/vendors/misc/sphinx4/sphinx4-data-5prealpha.jar:/home/travis/build/icyphy/ptII/vendors/misc/sphinx4/sphinx4-core-5prealpha.jar:/home/travis/build/icyphy/ptII/lib/PDFRenderer.jar:/home/travis/build/icyphy/ptII/lib/svgSalamander.jar:/home/travis/build/icyphy/ptII/lib/rsyntaxtextarea-2.6.0-SNAPSHOT.jar:/home/travis/build/icyphy/ptII/lib/hazelcast-3.8.2.jar:/home/travis/build/icyphy/ptII/lib/jackson-annotations-2.9.0.jar:/home/travis/build/icyphy/ptII/lib/jackson-core-2.9.3.jar:/home/travis/build/icyphy/ptII/lib/jackson-databind-2.9.3.jar:/home/travis/build/icyphy/ptII/lib/netty-buffer-4.1.19.Final.jar:/home/travis/build/icyphy/ptII/lib/netty-codec-4.1.19.Final.jar:/home/travis/build/icyphy/ptII/lib/netty-codec-dns-4.1.19.Final.jar:/home/travis/build/icyphy/ptII/lib/netty-codec-http-4.1.19.Final.jar:/home/travis/build/icyphy/ptII/lib/netty-codec-http2-4.1.19.Final.jar:/home/travis/build/icyphy/ptII/lib/netty-common-4.1.19.Final.jar:/home/travis/build/icyphy/ptII/lib/netty-handler-4.1.19.Final.jar:/home/travis/build/icyphy/ptII/lib/netty-resolver-4.1.19.Final.jar:/home/travis/build/icyphy/ptII/lib/netty-resolver-dns-4.1.19.Final.jar:/home/travis/build/icyphy/ptII/lib/netty-transport-4.1.19.Final.jar:/home/travis/build/icyphy/ptII/lib/vertx-codegen-3.5.1.jar:/home/travis/build/icyphy/ptII/lib/vertx-core-3.5.2-SNAPSHOT.jar:/home/travis/build/icyphy/ptII/lib/vertx-hazelcast-3.5.1.jar:/home/travis/build/icyphy/ptII/lib/vertx-lang-js-3.5.1.jar:/home/travis/build/icyphy/ptII/lib/vertx-service-proxy-3.5.1.jar:/home/travis/build/icyphy/ptII/lib/vertx-web-3.5.1.jar:/home/travis/build/icyphy/ptII/lib/slf4j-api-1.7.13.jar:/home/travis/build/icyphy/ptII/lib/slf4j-simple-1.7.13.jar:/home/travis/build/icyphy/ptII/lib/webcam-capture-0.3.12.jar:/home/travis/build/icyphy/ptII/lib/bridj-0.7.0.jar:/home/travis/build/icyphy/ptII/lib/xbjlib-1.1.0.nrjavaserial.jar" />
    <property name="timeout" value="2400000" />
    <property name="test.batch" value="**/junit/*.java" />
    <property name="env._" value="/usr/bin/timeout" />
    <property name="java.io.tmpdir" value="/tmp" />
    <property name="user.language" value="en" />
    <property name="env.TRAVIS_INTERNAL_RUBY_REGEX" value="^ruby-(2\.[0-4]\.[0-9]|1\.9\.3)" />
    <property name="env.HISTCONTROL" value="ignoredups:ignorespace" />
    <property name="env.GOROOT" value="/home/travis/.gimme/versions/go1.11.1.linux.amd64" />
    <property name="line.separator" value="&#xa;" />
    <property name="target" value="11" />
    <property name="env.TRAVIS_BUILD_DIR" value="/home/travis/build/icyphy/ptII" />
    <property name="env.ANT_OPTS" value="-Xmx2048m" />
    <property name="ant.file.type" value="file" />
    <property name="ptolemy.ptII.batchMode" value="true" />
    <property name="env.HISTSIZE" value="1000" />
    <property name="env.MERB_ENV" value="test" />
    <property name="java.vm.info" value="mixed mode" />
    <property name="source" value="11" />
    <property name="java.vm.specification.name" value="Java Virtual Machine Specification" />
    <property name="env.TRAVIS_TEST_RESULT" value="0" />
    <property name="jsdoc.command" value="node_modules/@terraswarm/jsdoc/jsdoc.js" />
    <property name="npm.works" value="true" />
    <property name="cobertura.dir" value="/home/travis/build/icyphy/ptII/vendors/cobertura-2.0.3" />
    <property name="env.rvm_path" value="/home/travis/.rvm" />
    <property name="env.GEM_PATH" value="/home/travis/.rvm/gems/ruby-2.5.3:/home/travis/.rvm/gems/ruby-2.5.3@global" />
    <property name="env.LC_CTYPE" value="en_US.UTF-8" />
    <property name="env.TRAVIS_CMD" value="$PTII/bin/ptIITravisBuild.sh $SECONDS" />
    <property name="java.awt.printerjob" value="sun.print.PSPrinterJob" />
    <property name="env.TRAVIS_STACK_NAME" value="sardonyx" />
    <property name="env.TRAVIS_TIMER_START_TIME" value="1562042249230041669" />
    <property name="ant.version" value="Apache Ant(TM) version 1.10.1 compiled on February 2 2017" />
    <property name="ptII.reports" value="/home/travis/build/icyphy/ptII/reports" />
    <property name="env.TRAVIS_STACK_TIMESTAMP" value="2019-03-25 16:16:56 UTC" />
    <property name="ant.file.type.ptII" value="file" />
    <property name="env.RBENV_SHELL" value="bash" />
    <property name="os.name" value="Linux" />
    <property name="java.specification.vendor" value="Oracle Corporation" />
    <property name="env.rvm_version" value="1.29.7 (latest)" />
    <property name="env.TRAVIS_INFRA" value="gce" />
    <property name="env.TERM" value="xterm" />
    <property name="java.vm.name" value="OpenJDK 64-Bit Server VM" />
    <property name="env.TRAVIS_BUILD_NUMBER" value="1191" />
    <property name="env.CI" value="true" />
    <property name="java.library.path" value="/home/travis/pthla/certi-tools/lib:/usr/lib/jni:/usr/local/share/OpenCV/java/:/usr/share/OpenCV/java::/usr/java/packages/lib:/usr/lib64:/lib64:/lib:/usr/lib" />
    <property name="env.rvm_prefix" value="/home/travis" />
    <property name="env.PATH" value="/home/travis/pthla/certi-tools/share/scripts:/home/travis/.rvm/gems/ruby-2.5.3/bin:/home/travis/.rvm/gems/ruby-2.5.3@global/bin:/home/travis/.rvm/rubies/ruby-2.5.3/bin:/home/travis/.rvm/bin:/home/travis/.nvm/versions/node/v7.10.1/bin:./node_modules/.bin:/home/travis/build/icyphy/ptII/bin:/home/travis/pthla/certi-tools/bin:/home/travis/bin:/home/travis/.local/bin:/usr/local/lib/jvm/openjdk11/bin:/opt/pyenv/shims:/home/travis/.phpenv/shims:/home/travis/perl5/perlbrew/bin:/home/travis/gopath/bin:/home/travis/.gimme/versions/go1.11.1.linux.amd64/bin:/usr/local/maven-3.6.0/bin:/usr/local/cmake-3.12.4/bin:/usr/local/clang-7.0.0/bin:/usr/local/sbin:/usr/local/bin:/usr/sbin:/usr/bin:/sbin:/bin:/snap/bin:/home/travis/.phpenv/bin:/opt/pyenv/bin:/home/travis/.yarn/bin" />
    <property name="env.TRAVIS_OS_NAME" value="linux" />
    <property name="ant.java.version" value="9" />
    <property name="basedir" value="/home/travis/build/icyphy/ptII" />
    <property name="java.class.version" value="55.0" />
    <property name="env.SHLVL" value="3" />
    <property name="env.LD_LIBRARY_PATH" value="/home/travis/pthla/certi-tools/lib:/usr/lib/jni:/usr/local/share/OpenCV/java/:/usr/share/OpenCV/java:" />
    <property name="env.RACK_ENV" value="test" />
    <property name="ant.home" value="/home/travis/build/icyphy/ptII/ant" />
    <property name="env.NVM_DIR" value="/home/travis/.nvm" />
    <property name="env.CERTI_FOM_PATH" value="/home/travis/pthla/certi-tools/share/federations" />
    <property name="env.TRAVIS_BUILD_ID" value="553100260" />
    <property name="env.PYENV_ROOT" value="/opt/pyenv" />
    <property name="env.TRAVIS_UID" value="2000" />
    <property name="env.NVM_BIN" value="/home/travis/.nvm/versions/node/v7.10.1/bin" />
    <property name="env.TRAVIS_COMMIT" value="bbbff3adea58fb0643306c381462affccc328551" />
    <property name="env._system_arch" value="x86_64" />
    <property name="node.executable" value="node" />
    <property name="sun.boot.library.path" value="/usr/local/lib/jvm/openjdk11/lib" />
    <property name="sun.management.compiler" value="HotSpot 64-Bit Tiered Compilers" />
    <property name="java.awt.graphicsenv" value="sun.awt.X11GraphicsEnvironment" />
    <property name="env.GOPATH" value="/home/travis/gopath" />
    <property name="ptolemy.ptII.dir" value="/home/travis/build/icyphy/ptII" />
    <property name="env.USER" value="travis" />
    <property name="env.HISTFILESIZE" value="2000" />
    <property name="timeout.longest" value="19000000" />
    <property name="env.PERLBREW_SHELLRC_VERSION" value="0.86" />
    <property name="env.TRAVIS_STACK_FEATURES" value="basic couchdb disabled-ipv6 docker docker-compose elasticsearch firefox go-toolchain google-chrome jdk memcached mongodb mysql nodejs_interpreter perl_interpreter perlbrew phantomjs postgresql python_interpreter redis ruby_interpreter sqlite xserver" />
    <property name="env.TRAVIS_PULL_REQUEST" value="false" />
    <property name="env.PYENV_SHELL" value="bash" />
    <property name="ant.project.name" value="ptII" />
    <property name="env.ANSI_RESET" value="\033[0m" />
    <property name="java.vm.specification.version" value="11" />
    <property name="env.TRAVIS_DIST" value="xenial" />
    <property name="env.CERTI_VERSION" value="4.0.0" />
    <property name="env.CERTI_HOST" value="localhost" />
    <property name="awt.toolkit" value="sun.awt.X11.XToolkit" />
    <property name="env.MY_RUBY_HOME" value="/home/travis/.rvm/rubies/ruby-2.5.3" />
    <property name="sun.cpu.isalist" value="" />
    <property name="env.TRAVIS_TMPDIR" value="/tmp/tmp.PCAZ8Irn5o" />
    <property name="java.vm.compressedOopsMode" value="Zero based" />
    <property name="os.version" value="4.15.0-1028-gcp" />
    <property name="user.home" value="/home/travis" />
    <property name="java.vm.vendor" value="Oracle Corporation" />
    <property name="env.TRAVIS_TAG" value="nightly" />
    <property name="env.ANSI_YELLOW" value="\033[33;1m" />
    <property name="env.TRAVIS_FILTERED" value="redirect_io" />
    <property name="env.ANSI_GREEN" value="\033[32;1m" />
    <property name="env.JAVA_HOME" value="/usr/local/lib/jvm/openjdk11" />
    <property name="javadoc.excludepackagenames" value="adm.cvs2svn.*,build.*,config.*,doc.coding.templates.*,jni.test.jni.meaningOfLife.*,jni.test.jni.testDeux.*,jni.test.jni.testTrois.*,org.terraswarm.accessor.accessors.web.node_modules.*,org.terraswarm.accessor.accessors.web.hosts.cordova.demo.*,org.terraswarm.accessor.accessors.web.hosts.cordova.plugins.*,org.terraswarm.accessor.accessors-svn.*,pt-modules.*,ptolemy.apps.agilent.*,ptolemy.apps.anytimecontrol.*,ptolemy.apps.apes.*,ptolemy.apps.charon.*,ptolemy.apps.crazyboard.*,ptolemy.apps.eclipse.*,ptolemy.apps.etherealSting.*,ptolemy.apps.fullscreen.*,ptolemy.apps.giotto.*,ptolemy.apps.ia.*,ptolemy.apps.interfaces.*,ptolemy.apps.jmf.*,ptolemy.apps.kurt.*,ptolemy.apps.kvm.*,ptolemy.apps.lego.*,ptolemy.apps.lejos.*,ptolemy.apps.midp.*,ptolemy.apps.mobileCoding.*,ptolemy.apps.pendulum.*,ptolemy.apps.rijndael.*,ptolemy.apps.robot.*,ptolemy.apps.security.*,ptolemy.apps.sobel.*,ptolemy.apps.soot.*,ptolemy.apps.throttle.*,ptolemy.apps.tini.*,ptolemy.apps.transmission.*,ptolemy.apps.vergil.*,ptolemy.apps.waba.*,ptolemy.apps.websensor.*,ptolemy.apps.webstart.*,ptolemy.apps.xsl.*,ptolemy.apps.zaurus.*,ptolemy.codegen.c.actor.lib.oldJavaFiles.*,ptolemy.codegen.dsp.lib.*,ptolemy.codegen.kernel.newInterfaces.*,ptolemy.codegen.lib.*,ptolemy.copernicus.kernel.fragment.*,ptolemy.copernicus.shallow.cg.*,ptolemy.domains.giotto.demo.Hierarchy.Hierarchy.*,ptolemy.domains.giotto.demo.Multimode.Multimode.*,ptolemy.domains.giotto.demo.Simple.Simple.*,ptolemy.domains.gr.lib.experimental.*,ptolemy.domains.gro.*,ptolemy.domains.pdf.*,ptolemy.domains.ptinyos.demo.Surge.output.*,ptolemy.moml.test.NoPackageActor.java*,ptolemy.plot.adm.*,ptolemy.plot.servlet.*,reports.*,signed.*,src.*,target.*,vendors.*,ptolemy.copernicus.applet.*,ptolemy.media.viewer.*,ptolemy.actor.corba.*,doc.doclets.*,ptolemy.apps.eclipse.awt.*,ptolemy.backtrack.*,ptolemy.backtrack.ast.*,ptolemy.cg.adapter.generic.program.procedural.c.mbed*,ptolemy.homer.*,ptolemy.actor.lib.jjs.modules.audio.*,org.ptolemy.scala.*,diva.util.java2d.svg.*,ptolemy.domains.ptinyos.*,ptolemy.actor.lib.fmi.fmipp.*,,org.terraswarm.accessor.accessors.web.node_modules.*,org.terraswarm.accessor.accessors-svn,ptolemy.apps.*,ptolemy.actor.ptalon.demo.ptinyos.SendAndReceiveCnt.output,ptolemy.actor.ptalon.demo.ptinyos.SenseToLeds.output,ptolemy.domains.ptinyos.demo.CntToLedsAndRfm.output,ptolemy.domains.ptinyos.demo.RfmToLeds.output,ptolemy.domains.ptinyos.demo.SendAndReceiveCnt.output,ptolemy.domains.ptinyos.demo.SenseToLeds.output,ptolemy.actor.lib.jjs.modules.udpSocket.*" />
    <property name="env.PTII" value="/home/travis/build/icyphy/ptII" />
    <property name="env.XDG_SESSION_ID" value="2" />
    <property name="keystore" value="ptKeystore" />
    <property name="env.TRAVIS_COMMIT_MESSAGE" value="Attempt to force xenial distribution, hoping this will make xvfb work." />
    <property name="junit.output.dir" value="/home/travis/build/icyphy/ptII/reports/junit" />
    <property name="npm.return.code" value="0" />
    <property name="user.dir" value="/home/travis/build/icyphy/ptII/ptolemy/actor/lib/test" />
    <property name="env.TRAVIS_NODE_VERSION" value="7" />
    <property name="env.TRAVIS_EVENT_TYPE" value="cron" />
    <property name="env.MAIL" value="/var/mail/travis" />
    <property name="env.PERLBREW_ROOT" value="/home/travis/perl5/perlbrew" />
    <property name="env.PWD" value="/home/travis/build/icyphy/ptII" />
    <property name="timeout.npm" value="45000" />
    <property name="env.TRAVIS_ARCH" value="amd64" />
    <property name="sun.cpu.endian" value="little" />
    <property name="env.PAGER" value="cat" />
    <property name="env.TRAVIS_BUILD_STAGE_NAME" value="Test" />
    <property name="env.PERLBREW_HOME" value="/home/travis/.perlbrew" />
    <property name="java.vm.version" value="11.0.2+9" />
    <property name="env.RAILS_ENV" value="test" />
    <property name="java.class.path" value="/home/travis/.ptolemyII:/home/travis/.ptolemyII/*:/home/travis/build/icyphy/ptII:/home/travis/build/icyphy/ptII/lib/bsh-2.0b4.jar:/home/travis/build/icyphy/ptII/lib/ptCal.jar:/home/travis/build/icyphy/ptII/lib/java_cup.jar:/home/travis/build/icyphy/ptII/lib/saxon8.jar:/home/travis/build/icyphy/ptII/lib/saxon8-dom.jar:/home/travis/build/icyphy/ptII/lib/chic.jar:/home/travis/build/icyphy/ptII/lib/ptcolt.jar:/home/travis/build/icyphy/ptII/vendors/misc/itext/iText.jar:/home/travis/build/icyphy/ptII/lib/g4ltl.jar:/home/travis/build/icyphy/ptII/lib/StructuralCoder.jar:/home/travis/build/icyphy/ptII/vendors/jai-1_1_2_01/lib/jai_core.jar:/home/travis/build/icyphy/ptII/vendors/jai-1_1_2_01/lib/jai_codec.jar:/home/travis/build/icyphy/ptII/lib/jcerti.jar:/home/travis/build/icyphy/ptII/lib/javax.mail.jar:/home/travis/build/icyphy/ptII/vendors/JMF-2.1.1e/lib/jmf.jar:/home/travis/build/icyphy/ptII/lib/jna-4.0.0-variadic.jar:/home/travis/build/icyphy/ptII/vendors/misc/joystick/Joystick.jar:/home/travis/build/icyphy/ptII/lib/ptjacl.jar:/home/travis/build/icyphy/ptII/lib/jsoup-1.8.2.jar:/home/travis/build/icyphy/ptII/lib/junit-4.8.2.jar:/home/travis/build/icyphy/ptII/lib/JUnitParams-0.4.0.jar:/home/travis/build/icyphy/ptII/ptolemy/actor/lib/excel/jxl.jar:/home/travis/build/icyphy/ptII/lib/jython.jar:/home/travis/build/icyphy/ptII/lib/kieler.jar:/home/travis/build/icyphy/ptII/vendors/opencv/share/OpenCV/java/opencv-341.jar:/home/travis/build/icyphy/ptII/lib/oscP5.jar:/home/travis/build/icyphy/ptII/lib/nrjavaserial-3.11.0.devel.jar:/home/travis/build/icyphy/ptII/vendors/j3d/lib/j3dcore.jar:/home/travis/build/icyphy/ptII/vendors/j3d/lib/j3dutils.jar:/home/travis/build/icyphy/ptII/vendors/j3d/lib/vecmath.jar:/home/travis/build/icyphy/ptII/ptolemy/distributed/jini/jar/jini-core.jar:/home/travis/build/icyphy/ptII/ptolemy/distributed/jini/jar/jini-ext.jar:/home/travis/build/icyphy/ptII/ptolemy/distributed/jini/jar/sun-util.jar:/home/travis/build/icyphy/ptII/lib/protobuf-java-2.4.1.jar:/home/travis/build/icyphy/ptII/lib/org.eclipse.paho.client.mqttv3.jar:/home/travis/build/icyphy/ptII/lib/mapss.jar:/home/travis/build/icyphy/ptII/ptolemy/actor/ptalon/antlr/antlr.jar:/home/travis/build/icyphy/ptII/lib/JRI.jar:/home/travis/build/icyphy/ptII/lib/commons-lang-2.6.jar:/home/travis/build/icyphy/ptII/lib/commons-logging-1.1.1.jar:/home/travis/build/icyphy/ptII/lib/sootclasses.jar:/home/travis/build/icyphy/ptII/ptolemy/actor/lib/database/mysql-connector-java-5.1.6-bin.jar:/home/travis/build/icyphy/ptII/vendors/misc/sphinx4/sphinx4-data-5prealpha.jar:/home/travis/build/icyphy/ptII/vendors/misc/sphinx4/sphinx4-core-5prealpha.jar:/home/travis/build/icyphy/ptII/lib/PDFRenderer.jar:/home/travis/build/icyphy/ptII/lib/svgSalamander.jar:/home/travis/build/icyphy/ptII/lib/rsyntaxtextarea-2.6.0-SNAPSHOT.jar:/home/travis/build/icyphy/ptII/lib/hazelcast-3.8.2.jar:/home/travis/build/icyphy/ptII/lib/jackson-annotations-2.9.0.jar:/home/travis/build/icyphy/ptII/lib/jackson-core-2.9.3.jar:/home/travis/build/icyphy/ptII/lib/jackson-databind-2.9.3.jar:/home/travis/build/icyphy/ptII/lib/netty-buffer-4.1.19.Final.jar:/home/travis/build/icyphy/ptII/lib/netty-codec-4.1.19.Final.jar:/home/travis/build/icyphy/ptII/lib/netty-codec-dns-4.1.19.Final.jar:/home/travis/build/icyphy/ptII/lib/netty-codec-http-4.1.19.Final.jar:/home/travis/build/icyphy/ptII/lib/netty-codec-http2-4.1.19.Final.jar:/home/travis/build/icyphy/ptII/lib/netty-common-4.1.19.Final.jar:/home/travis/build/icyphy/ptII/lib/netty-handler-4.1.19.Final.jar:/home/travis/build/icyphy/ptII/lib/netty-resolver-4.1.19.Final.jar:/home/travis/build/icyphy/ptII/lib/netty-resolver-dns-4.1.19.Final.jar:/home/travis/build/icyphy/ptII/lib/netty-transport-4.1.19.Final.jar:/home/travis/build/icyphy/ptII/lib/vertx-codegen-3.5.1.jar:/home/travis/build/icyphy/ptII/lib/vertx-core-3.5.2-SNAPSHOT.jar:/home/travis/build/icyphy/ptII/lib/vertx-hazelcast-3.5.1.jar:/home/travis/build/icyphy/ptII/lib/vertx-lang-js-3.5.1.jar:/home/travis/build/icyphy/ptII/lib/vertx-service-proxy-3.5.1.jar:/home/travis/build/icyphy/ptII/lib/vertx-web-3.5.1.jar:/home/travis/build/icyphy/ptII/lib/slf4j-api-1.7.13.jar:/home/travis/build/icyphy/ptII/lib/slf4j-simple-1.7.13.jar:/home/travis/build/icyphy/ptII/lib/webcam-capture-0.3.12.jar:/home/travis/build/icyphy/ptII/lib/bridj-0.7.0.jar:/home/travis/build/icyphy/ptII/lib/xbjlib-1.1.0.nrjavaserial.jar:/home/travis/build/icyphy/ptII/ptolemy/moml/test:/home/travis/build/icyphy/ptII/ant/lib/ant-launcher.jar:/home/travis/build/icyphy/ptII/ant/lib/ant.jar:/home/travis/build/icyphy/ptII/ant/lib/ant-junit.jar:/home/travis/build/icyphy/ptII/ant/lib/ant-junit4.jar" />
    <property name="ant.library.dir" value="/home/travis/build/icyphy/ptII/ant/lib" />
    <property name="os.arch" value="amd64" />
    <property name="env.CONTINUOUS_INTEGRATION" value="true" />
    <property name="env.TRAVIS_LANGUAGE" value="node_js" />
    <property name="env.TRAVIS_STACK_LANGUAGES" value="__sardonyx__ c c++ clojure cplusplus cpp default generic go groovy java node_js php pure_java python ruby scala" />
    <property name="test.name" value="ptolemy.actor.lib.test.junit.JUnitTclTest" />
    <property name="env.APT_KEY_DONT_WARN_ON_DANGEROUS_USAGE" value="1" />
    <property name="sun.java.launcher" value="SUN_STANDARD" />
    <property name="env.PYTHON_CONFIGURE_OPTS" value="--enable-unicode=ucs4 --with-wide-unicode --enable-shared --enable-ipv6 --enable-loadable-sqlite-extensions --with-computed-gotos" />
    <property name="ant.core.lib" value="/home/travis/build/icyphy/ptII/ant/lib/ant.jar" />
    <property name="java.vm.specification.vendor" value="Oracle Corporation" />
    <property name="env.BCVTB_HOME" value="/home/travis/build/icyphy/ptII/lbnl" />
    <property name="file.separator" value="/" />
    <property name="spotbugs.home" value="/home/travis/build/icyphy/ptII/vendors/spotbugs-3.1.1" />
    <property name="java.runtime.version" value="11.0.2+9" />
    <property name="env.ANSI_CLEAR" value="\033[0K" />
    <property name="env.HAS_JOSH_K_SEAL_OF_APPROVAL" value="true" />
    <property name="env.XDG_RUNTIME_DIR" value="/run/user/2000" />
    <property name="env.TRAVIS_OSX_IMAGE" value="" />
    <property name="env.TRAVIS_JOB_ID" value="553100268" />
    <property name="env.TRAVIS_BRANCH" value="master" />
    <property name="user.country" value="US" />
    <property name="env.CERTI_HOME_TRAVIS" value="/home/travis/pthla/certi-tools" />
    <property name="env.SHELL" value="/bin/bash" />
    <property name="java.maxmemory.large" value="5000m" />
    <property name="model" value="" />
    <property name="env.CASHER_DIR" value="/home/travis/.casher" />
    <property name="env.NVM_CD_FLAGS" value="" />
    <property name="java.vendor.version" value="18.9" />
    <property name="jshint.executable" value="/home/travis/node_modules/jshint/bin/jshint" />
    <property name="env.JRUBY_OPTS" value=" --client -J-XX:+TieredCompilation -J-XX:TieredStopAtLevel=1 -J-Xss2m -Xcompile.invokedynamic=false" />
    <property name="java.vendor" value="Oracle Corporation" />
    <property name="env.TRAVIS_PRE_CHEF_BOOTSTRAP_TIME" value="2019-03-25T16:16:42" />
    <property name="env.TRAVIS_STACK_JOB_BOARD_REGISTER" value="/.job-board-register.yml" />
    <property name="env.ANSI_RED" value="\033[31;1m" />
    <property name="java.specification.version" value="11" />
    <property name="env.IRBRC" value="/home/travis/.rvm/rubies/ruby-2.5.3/.irbrc" />
    <property name="env.TRAVIS" value="true" />
    <property name="sun.arch.data.model" value="64" />
  </properties>
  <testcase classname="ptolemy.util.test.junit.TclTests" name="[0] /home/travis/build/icyphy/ptII/ptolemy/actor/lib/test/AbsoluteValue.tcl (RunTclFile)" time="0.477" />
  <testcase classname="ptolemy.util.test.junit.TclTests" name="[1] /home/travis/build/icyphy/ptII/ptolemy/actor/lib/test/AddSubtract.tcl (RunTclFile)" time="0.192" />
  <testcase classname="ptolemy.util.test.junit.TclTests" name="[2] /home/travis/build/icyphy/ptII/ptolemy/actor/lib/test/Average.tcl (RunTclFile)" time="0.031" />
  <testcase classname="ptolemy.util.test.junit.TclTests" name="[3] /home/travis/build/icyphy/ptII/ptolemy/actor/lib/test/Bernoulli.tcl (RunTclFile)" time="0.018" />
  <testcase classname="ptolemy.util.test.junit.TclTests" name="[4] /home/travis/build/icyphy/ptII/ptolemy/actor/lib/test/Clock.tcl (RunTclFile)" time="0.059" />
  <testcase classname="ptolemy.util.test.junit.TclTests" name="[5] /home/travis/build/icyphy/ptII/ptolemy/actor/lib/test/Commutator.tcl (RunTclFile)" time="0.17">
    <failure message="Number of failed tests is has increased. expected:&lt;0&gt; but was:&lt;1&gt;" type="junit.framework.AssertionFailedError">junit.framework.AssertionFailedError: Number of failed tests is has increased. expected:&lt;0&gt; but was:&lt;1&gt;
	at ptolemy.util.test.junit.TclTests.RunTclFile(TclTests.java:286)
	at java.base/jdk.internal.reflect.NativeMethodAccessorImpl.invoke0(Native Method)
	at java.base/jdk.internal.reflect.NativeMethodAccessorImpl.invoke(NativeMethodAccessorImpl.java:62)
	at java.base/jdk.internal.reflect.DelegatingMethodAccessorImpl.invoke(DelegatingMethodAccessorImpl.java:43)
	at junitparams.internal.InvokeParameterisedMethod.evaluate(InvokeParameterisedMethod.java:102)
	at junitparams.internal.ParameterisedTestMethodRunner.runMethodInvoker(ParameterisedTestMethodRunner.java:47)
	at junitparams.internal.ParameterisedTestMethodRunner.runTestMethod(ParameterisedTestMethodRunner.java:41)
	at junitparams.internal.ParameterisedTestClassRunner.runParameterisedTest(ParameterisedTestClassRunner.java:143)
	at junitparams.JUnitParamsRunner.runChild(JUnitParamsRunner.java:237)
	at junitparams.JUnitParamsRunner.runChild(JUnitParamsRunner.java:215)
</failure>
  </testcase>
  <testcase classname="ptolemy.util.test.junit.TclTests" name="[6] /home/travis/build/icyphy/ptII/ptolemy/actor/lib/test/Const.tcl (RunTclFile)" time="0.093" />
  <testcase classname="ptolemy.util.test.junit.TclTests" name="[7] /home/travis/build/icyphy/ptII/ptolemy/actor/lib/test/CurrentTime.tcl (RunTclFile)" time="0.055" />
  <testcase classname="ptolemy.util.test.junit.TclTests" name="[8] /home/travis/build/icyphy/ptII/ptolemy/actor/lib/test/DB.tcl (RunTclFile)" time="0.039" />
  <testcase classname="ptolemy.util.test.junit.TclTests" name="[9] /home/travis/build/icyphy/ptII/ptolemy/actor/lib/test/DiscreteRandomSource.tcl (RunTclFile)" time="0.06" />
  <testcase classname="ptolemy.util.test.junit.TclTests" name="[10] /home/travis/build/icyphy/ptII/ptolemy/actor/lib/test/Distributor.tcl (RunTclFile)" time="0.072" />
  <testcase classname="ptolemy.util.test.junit.TclTests" name="[11] /home/travis/build/icyphy/ptII/ptolemy/actor/lib/test/Exit.tcl (RunTclFile)" time="0.108" />
  <testcase classname="ptolemy.util.test.junit.TclTests" name="[12] /home/travis/build/icyphy/ptII/ptolemy/actor/lib/test/Expression.tcl (RunTclFile)" time="0.157" />
  <testcase classname="ptolemy.util.test.junit.TclTests" name="[13] /home/travis/build/icyphy/ptII/ptolemy/actor/lib/test/Gaussian.tcl (RunTclFile)" time="0.405" />
  <testcase classname="ptolemy.util.test.junit.TclTests" name="[14] /home/travis/build/icyphy/ptII/ptolemy/actor/lib/test/IIR.tcl (RunTclFile)" time="0.02" />
  <testcase classname="ptolemy.util.test.junit.TclTests" name="[15] /home/travis/build/icyphy/ptII/ptolemy/actor/lib/test/Interpolator.tcl (RunTclFile)" time="0.055" />
  <testcase classname="ptolemy.util.test.junit.TclTests" name="[16] /home/travis/build/icyphy/ptII/ptolemy/actor/lib/test/MathFunction.tcl (RunTclFile)" time="0.05" />
  <testcase classname="ptolemy.util.test.junit.TclTests" name="[17] /home/travis/build/icyphy/ptII/ptolemy/actor/lib/test/Maximum.tcl (RunTclFile)" time="0.048" />
  <testcase classname="ptolemy.util.test.junit.TclTests" name="[18] /home/travis/build/icyphy/ptII/ptolemy/actor/lib/test/Minimum.tcl (RunTclFile)" time="0.02" />
  <testcase classname="ptolemy.util.test.junit.TclTests" name="[19] /home/travis/build/icyphy/ptII/ptolemy/actor/lib/test/MultiplyDivide.tcl (RunTclFile)" time="0.022" />
  <testcase classname="ptolemy.util.test.junit.TclTests" name="[20] /home/travis/build/icyphy/ptII/ptolemy/actor/lib/test/OrderedMerge.tcl (RunTclFile)" time="0.119" />
  <testcase classname="ptolemy.util.test.junit.TclTests" name="[21] /home/travis/build/icyphy/ptII/ptolemy/actor/lib/test/Publisher.tcl (RunTclFile)" time="0.91" />
  <testcase classname="ptolemy.util.test.junit.TclTests" name="[22] /home/travis/build/icyphy/ptII/ptolemy/actor/lib/test/Pulse.tcl (RunTclFile)" time="0.108" />
  <testcase classname="ptolemy.util.test.junit.TclTests" name="[23] /home/travis/build/icyphy/ptII/ptolemy/actor/lib/test/Ramp.tcl (RunTclFile)" time="2.446" />
  <testcase classname="ptolemy.util.test.junit.TclTests" name="[24] /home/travis/build/icyphy/ptII/ptolemy/actor/lib/test/RampContinuous.tcl (RunTclFile)" time="0.015" />
  <testcase classname="ptolemy.util.test.junit.TclTests" name="[25] /home/travis/build/icyphy/ptII/ptolemy/actor/lib/test/RecordAssembler.tcl (RunTclFile)" time="0.013" />
  <testcase classname="ptolemy.util.test.junit.TclTests" name="[26] /home/travis/build/icyphy/ptII/ptolemy/actor/lib/test/RecordDisassembler.tcl (RunTclFile)" time="0.018" />
  <testcase classname="ptolemy.util.test.junit.TclTests" name="[27] /home/travis/build/icyphy/ptII/ptolemy/actor/lib/test/Scale.tcl (RunTclFile)" time="0.016" />
  <testcase classname="ptolemy.util.test.junit.TclTests" name="[28] /home/travis/build/icyphy/ptII/ptolemy/actor/lib/test/SequentialClock.tcl (RunTclFile)" time="0.022" />
  <testcase classname="ptolemy.util.test.junit.TclTests" name="[29] /home/travis/build/icyphy/ptII/ptolemy/actor/lib/test/SetVariable.tcl (RunTclFile)" time="0.027">
    <failure message="Number of failed tests is has increased. expected:&lt;1&gt; but was:&lt;2&gt;" type="junit.framework.AssertionFailedError">junit.framework.AssertionFailedError: Number of failed tests is has increased. expected:&lt;1&gt; but was:&lt;2&gt;
	at ptolemy.util.test.junit.TclTests.RunTclFile(TclTests.java:286)
	at jdk.internal.reflect.GeneratedMethodAccessor19.invoke(Unknown Source)
	at java.base/jdk.internal.reflect.DelegatingMethodAccessorImpl.invoke(DelegatingMethodAccessorImpl.java:43)
	at junitparams.internal.InvokeParameterisedMethod.evaluate(InvokeParameterisedMethod.java:102)
	at junitparams.internal.ParameterisedTestMethodRunner.runMethodInvoker(ParameterisedTestMethodRunner.java:47)
	at junitparams.internal.ParameterisedTestMethodRunner.runTestMethod(ParameterisedTestMethodRunner.java:41)
	at junitparams.internal.ParameterisedTestClassRunner.runParameterisedTest(ParameterisedTestClassRunner.java:143)
	at junitparams.JUnitParamsRunner.runChild(JUnitParamsRunner.java:237)
	at junitparams.JUnitParamsRunner.runChild(JUnitParamsRunner.java:215)
</failure>
  </testcase>
  <testcase classname="ptolemy.util.test.junit.TclTests" name="[30] /home/travis/build/icyphy/ptII/ptolemy/actor/lib/test/Sinewave.tcl (RunTclFile)" time="0.044" />
  <testcase classname="ptolemy.util.test.junit.TclTests" name="[31] /home/travis/build/icyphy/ptII/ptolemy/actor/lib/test/SubscriptionAggregator.tcl (RunTclFile)" time="2.467" />
  <testcase classname="ptolemy.util.test.junit.TclTests" name="[32] /home/travis/build/icyphy/ptII/ptolemy/actor/lib/test/Test.tcl (RunTclFile)" time="0.117" />
  <testcase classname="ptolemy.util.test.junit.TclTests" name="[33] /home/travis/build/icyphy/ptII/ptolemy/actor/lib/test/TestExceptionHandler.tcl (RunTclFile)" time="0.012" />
  <testcase classname="ptolemy.util.test.junit.TclTests" name="[34] /home/travis/build/icyphy/ptII/ptolemy/actor/lib/test/UnionDisassembler.tcl (RunTclFile)" time="0.07" />
  <testcase classname="ptolemy.util.test.junit.TclTests" name="[35] /home/travis/build/icyphy/ptII/ptolemy/actor/lib/test/VariableClock.tcl (RunTclFile)" time="0.015" />
  <testcase classname="ptolemy.util.test.junit.AutoKnownFailedTests" name="[0] /home/travis/build/icyphy/ptII/ptolemy/actor/lib/test/auto/knownFailedTests/PublisherPortToplevelSubscriber.xml (RunModel)" time="0.016" />
  <testcase classname="ptolemy.util.test.junit.AutoKnownFailedTests" name="[1] /home/travis/build/icyphy/ptII/ptolemy/actor/lib/test/auto/knownFailedTests/PublisherSubscriberPortToplevel.xml (RunModel)" time="0.022" />
  <testcase classname="ptolemy.util.test.junit.AutoKnownFailedTests" name="[2] /home/travis/build/icyphy/ptII/ptolemy/actor/lib/test/auto/knownFailedTests/PublisherSubscriptionAggregatorPort.xml (RunModel)" time="0.019" />
  <testcase classname="ptolemy.util.test.junit.AutoKnownFailedTests" name="[3] /home/travis/build/icyphy/ptII/ptolemy/actor/lib/test/auto/knownFailedTests/sizedarray3.xml (RunModel)" time="0.028" />
  <testcase classname="ptolemy.util.test.junit.AutoNameArchTests" name="[0] ThereAreNoAutoArchTests (RunModel)" time="0.005" />
  <testcase classname="ptolemy.util.test.junit.AutoTests" name="[0] /home/travis/build/icyphy/ptII/ptolemy/actor/lib/test/auto/AbsoluteValue.xml (RunModel)" time="0.082" />
  <testcase classname="ptolemy.util.test.junit.AutoTests" name="[1] /home/travis/build/icyphy/ptII/ptolemy/actor/lib/test/auto/AbsoluteValue2.xml (RunModel)" time="0.051" />
  <testcase classname="ptolemy.util.test.junit.AutoTests" name="[2] /home/travis/build/icyphy/ptII/ptolemy/actor/lib/test/auto/Accumulator.xml (RunModel)" time="0.032" />
  <testcase classname="ptolemy.util.test.junit.AutoTests" name="[3] /home/travis/build/icyphy/ptII/ptolemy/actor/lib/test/auto/Accumulator2.xml (RunModel)" time="0.043" />
  <testcase classname="ptolemy.util.test.junit.AutoTests" name="[4] /home/travis/build/icyphy/ptII/ptolemy/actor/lib/test/auto/Accumulator3.xml (RunModel)" time="0.044" />
  <testcase classname="ptolemy.util.test.junit.AutoTests" name="[5] /home/travis/build/icyphy/ptII/ptolemy/actor/lib/test/auto/ArrayAppend.xml (RunModel)" time="0.048" />
  <testcase classname="ptolemy.util.test.junit.AutoTests" name="[6] /home/travis/build/icyphy/ptII/ptolemy/actor/lib/test/auto/ArrayAppend2.xml (RunModel)" time="0.364" />
  <testcase classname="ptolemy.util.test.junit.AutoTests" name="[7] /home/travis/build/icyphy/ptII/ptolemy/actor/lib/test/auto/ArrayAppend3.xml (RunModel)" time="0.157" />
  <testcase classname="ptolemy.util.test.junit.AutoTests" name="[8] /home/travis/build/icyphy/ptII/ptolemy/actor/lib/test/auto/ArrayAppend4.xml (RunModel)" time="0.026" />
  <testcase classname="ptolemy.util.test.junit.AutoTests" name="[9] /home/travis/build/icyphy/ptII/ptolemy/actor/lib/test/auto/ArrayAppend5.xml (RunModel)" time="0.014" />
  <testcase classname="ptolemy.util.test.junit.AutoTests" name="[10] /home/travis/build/icyphy/ptII/ptolemy/actor/lib/test/auto/ArrayAppend6.xml (RunModel)" time="0.02" />
  <testcase classname="ptolemy.util.test.junit.AutoTests" name="[11] /home/travis/build/icyphy/ptII/ptolemy/actor/lib/test/auto/ArrayAppendPerformanceTest.xml (RunModel)" time="0.051" />
  <testcase classname="ptolemy.util.test.junit.AutoTests" name="[12] /home/travis/build/icyphy/ptII/ptolemy/actor/lib/test/auto/ArrayAppendWithEmptyInput.xml (RunModel)" time="0.042" />
  <testcase classname="ptolemy.util.test.junit.AutoTests" name="[13] /home/travis/build/icyphy/ptII/ptolemy/actor/lib/test/auto/ArrayAverage.xml (RunModel)" time="0.035" />
  <testcase classname="ptolemy.util.test.junit.AutoTests" name="[14] /home/travis/build/icyphy/ptII/ptolemy/actor/lib/test/auto/ArrayContains.xml (RunModel)" time="0.026" />
  <testcase classname="ptolemy.util.test.junit.AutoTests" name="[15] /home/travis/build/icyphy/ptII/ptolemy/actor/lib/test/auto/ArrayElement.xml (RunModel)" time="0.025" />
  <testcase classname="ptolemy.util.test.junit.AutoTests" name="[16] /home/travis/build/icyphy/ptII/ptolemy/actor/lib/test/auto/ArrayElementAsMatrix.xml (RunModel)" time="0.056" />
  <testcase classname="ptolemy.util.test.junit.AutoTests" name="[17] /home/travis/build/icyphy/ptII/ptolemy/actor/lib/test/auto/ArrayElementI.xml (RunModel)" time="0.019" />
  <testcase classname="ptolemy.util.test.junit.AutoTests" name="[18] /home/travis/build/icyphy/ptII/ptolemy/actor/lib/test/auto/ArrayExtract.xml (RunModel)" time="0.043" />
  <testcase classname="ptolemy.util.test.junit.AutoTests" name="[19] /home/travis/build/icyphy/ptII/ptolemy/actor/lib/test/auto/ArrayExtract2.xml (RunModel)" time="0.015" />
  <testcase classname="ptolemy.util.test.junit.AutoTests" name="[20] /home/travis/build/icyphy/ptII/ptolemy/actor/lib/test/auto/ArrayLength.xml (RunModel)" time="0.021" />
  <testcase classname="ptolemy.util.test.junit.AutoTests" name="[21] /home/travis/build/icyphy/ptII/ptolemy/actor/lib/test/auto/ArrayLevelCrossing.xml (RunModel)" time="0.026" />
  <testcase classname="ptolemy.util.test.junit.AutoTests" name="[22] /home/travis/build/icyphy/ptII/ptolemy/actor/lib/test/auto/ArrayLevelCrossing2.xml (RunModel)" time="0.026" />
  <testcase classname="ptolemy.util.test.junit.AutoTests" name="[23] /home/travis/build/icyphy/ptII/ptolemy/actor/lib/test/auto/ArrayPeakSearch.xml (RunModel)" time="0.038" />
  <testcase classname="ptolemy.util.test.junit.AutoTests" name="[24] /home/travis/build/icyphy/ptII/ptolemy/actor/lib/test/auto/ArrayPeakSearch2.xml (RunModel)" time="0.038" />
  <testcase classname="ptolemy.util.test.junit.AutoTests" name="[25] /home/travis/build/icyphy/ptII/ptolemy/actor/lib/test/auto/ArrayPeakSearch3.xml (RunModel)" time="0.037" />
  <testcase classname="ptolemy.util.test.junit.AutoTests" name="[26] /home/travis/build/icyphy/ptII/ptolemy/actor/lib/test/auto/ArrayRemoveElement.xml (RunModel)" time="0.031" />
  <testcase classname="ptolemy.util.test.junit.AutoTests" name="[27] /home/travis/build/icyphy/ptII/ptolemy/actor/lib/test/auto/ArraySort.xml (RunModel)" time="0.033" />
  <testcase classname="ptolemy.util.test.junit.AutoTests" name="[28] /home/travis/build/icyphy/ptII/ptolemy/actor/lib/test/auto/ArraySum.xml (RunModel)" time="0.022" />
  <testcase classname="ptolemy.util.test.junit.AutoTests" name="[29] /home/travis/build/icyphy/ptII/ptolemy/actor/lib/test/auto/ArrayToElements.xml (RunModel)" time="0.023" />
  <testcase classname="ptolemy.util.test.junit.AutoTests" name="[30] /home/travis/build/icyphy/ptII/ptolemy/actor/lib/test/auto/ArrayToMatrix.xml (RunModel)" time="0.049" />
  <testcase classname="ptolemy.util.test.junit.AutoTests" name="[31] /home/travis/build/icyphy/ptII/ptolemy/actor/lib/test/auto/ArrayUpdate1.xml (RunModel)" time="0.014" />
  <testcase classname="ptolemy.util.test.junit.AutoTests" name="[32] /home/travis/build/icyphy/ptII/ptolemy/actor/lib/test/auto/ArrayUpdate2.xml (RunModel)" time="0.019" />
  <testcase classname="ptolemy.util.test.junit.AutoTests" name="[33] /home/travis/build/icyphy/ptII/ptolemy/actor/lib/test/auto/ArrayUpdate3.xml (RunModel)" time="0.015" />
  <testcase classname="ptolemy.util.test.junit.AutoTests" name="[34] /home/travis/build/icyphy/ptII/ptolemy/actor/lib/test/auto/Assert1.xml (RunModel)" time="0.021" />
  <testcase classname="ptolemy.util.test.junit.AutoTests" name="[35] /home/travis/build/icyphy/ptII/ptolemy/actor/lib/test/auto/Assert2.xml (RunModel)" time="0.019" />
  <testcase classname="ptolemy.util.test.junit.AutoTests" name="[36] /home/travis/build/icyphy/ptII/ptolemy/actor/lib/test/auto/BooleanMultiplexor.xml (RunModel)" time="0.024" />
  <testcase classname="ptolemy.util.test.junit.AutoTests" name="[37] /home/travis/build/icyphy/ptII/ptolemy/actor/lib/test/auto/BooleanMultiplexor2.xml (RunModel)" time="0.026" />
  <testcase classname="ptolemy.util.test.junit.AutoTests" name="[38] /home/travis/build/icyphy/ptII/ptolemy/actor/lib/test/auto/BooleanMultiplexor3.xml (RunModel)" time="0.021" />
  <testcase classname="ptolemy.util.test.junit.AutoTests" name="[39] /home/travis/build/icyphy/ptII/ptolemy/actor/lib/test/auto/BooleanSelect.xml (RunModel)" time="0.021" />
  <testcase classname="ptolemy.util.test.junit.AutoTests" name="[40] /home/travis/build/icyphy/ptII/ptolemy/actor/lib/test/auto/BooleanSelect2.xml (RunModel)" time="0.014" />
  <testcase classname="ptolemy.util.test.junit.AutoTests" name="[41] /home/travis/build/icyphy/ptII/ptolemy/actor/lib/test/auto/BooleanSwitch.xml (RunModel)" time="0.019" />
  <testcase classname="ptolemy.util.test.junit.AutoTests" name="[42] /home/travis/build/icyphy/ptII/ptolemy/actor/lib/test/auto/BooleanSwitch2.xml (RunModel)" time="0.017" />
  <testcase classname="ptolemy.util.test.junit.AutoTests" name="[43] /home/travis/build/icyphy/ptII/ptolemy/actor/lib/test/auto/BooleanSwitchCloningBugWithClassRelationGroup.xml (RunModel)" time="0.027" />
  <testcase classname="ptolemy.util.test.junit.AutoTests" name="[44] /home/travis/build/icyphy/ptII/ptolemy/actor/lib/test/auto/BusActors.xml (RunModel)" time="0.085" />
  <testcase classname="ptolemy.util.test.junit.AutoTests" name="[45] /home/travis/build/icyphy/ptII/ptolemy/actor/lib/test/auto/ClassWrapper.xml (RunModel)" time="0.011" />
  <testcase classname="ptolemy.util.test.junit.AutoTests" name="[46] /home/travis/build/icyphy/ptII/ptolemy/actor/lib/test/auto/Clock.xml (RunModel)" time="0.008" />
  <testcase classname="ptolemy.util.test.junit.AutoTests" name="[47] /home/travis/build/icyphy/ptII/ptolemy/actor/lib/test/auto/Clock10.xml (RunModel)" time="0.013" />
  <testcase classname="ptolemy.util.test.junit.AutoTests" name="[48] /home/travis/build/icyphy/ptII/ptolemy/actor/lib/test/auto/Clock11.xml (RunModel)" time="0.012" />
  <testcase classname="ptolemy.util.test.junit.AutoTests" name="[49] /home/travis/build/icyphy/ptII/ptolemy/actor/lib/test/auto/Clock12.xml (RunModel)" time="0.012" />
  <testcase classname="ptolemy.util.test.junit.AutoTests" name="[50] /home/travis/build/icyphy/ptII/ptolemy/actor/lib/test/auto/Clock13.xml (RunModel)" time="0.013" />
  <testcase classname="ptolemy.util.test.junit.AutoTests" name="[51] /home/travis/build/icyphy/ptII/ptolemy/actor/lib/test/auto/Clock14.xml (RunModel)" time="0.014" />
  <testcase classname="ptolemy.util.test.junit.AutoTests" name="[52] /home/travis/build/icyphy/ptII/ptolemy/actor/lib/test/auto/Clock15.xml (RunModel)" time="0.014" />
  <testcase classname="ptolemy.util.test.junit.AutoTests" name="[53] /home/travis/build/icyphy/ptII/ptolemy/actor/lib/test/auto/Clock16.xml (RunModel)" time="0.079" />
  <testcase classname="ptolemy.util.test.junit.AutoTests" name="[54] /home/travis/build/icyphy/ptII/ptolemy/actor/lib/test/auto/Clock17.xml (RunModel)" time="0.051" />
  <testcase classname="ptolemy.util.test.junit.AutoTests" name="[55] /home/travis/build/icyphy/ptII/ptolemy/actor/lib/test/auto/Clock18.xml (RunModel)" time="0.042" />
  <testcase classname="ptolemy.util.test.junit.AutoTests" name="[56] /home/travis/build/icyphy/ptII/ptolemy/actor/lib/test/auto/Clock19.xml (RunModel)" time="0.035" />
  <testcase classname="ptolemy.util.test.junit.AutoTests" name="[57] /home/travis/build/icyphy/ptII/ptolemy/actor/lib/test/auto/Clock2.xml (RunModel)" time="0.014" />
  <testcase classname="ptolemy.util.test.junit.AutoTests" name="[58] /home/travis/build/icyphy/ptII/ptolemy/actor/lib/test/auto/Clock20.xml (RunModel)" time="0.018" />
  <testcase classname="ptolemy.util.test.junit.AutoTests" name="[59] /home/travis/build/icyphy/ptII/ptolemy/actor/lib/test/auto/Clock21.xml (RunModel)" time="0.017" />
  <testcase classname="ptolemy.util.test.junit.AutoTests" name="[60] /home/travis/build/icyphy/ptII/ptolemy/actor/lib/test/auto/Clock22.xml (RunModel)" time="0.015" />
  <testcase classname="ptolemy.util.test.junit.AutoTests" name="[61] /home/travis/build/icyphy/ptII/ptolemy/actor/lib/test/auto/Clock23.xml (RunModel)" time="0.014" />
  <testcase classname="ptolemy.util.test.junit.AutoTests" name="[62] /home/travis/build/icyphy/ptII/ptolemy/actor/lib/test/auto/Clock24.xml (RunModel)" time="0.013" />
  <testcase classname="ptolemy.util.test.junit.AutoTests" name="[63] /home/travis/build/icyphy/ptII/ptolemy/actor/lib/test/auto/Clock4.xml (RunModel)" time="0.017" />
  <testcase classname="ptolemy.util.test.junit.AutoTests" name="[64] /home/travis/build/icyphy/ptII/ptolemy/actor/lib/test/auto/Clock5.xml (RunModel)" time="0.018" />
  <testcase classname="ptolemy.util.test.junit.AutoTests" name="[65] /home/travis/build/icyphy/ptII/ptolemy/actor/lib/test/auto/Clock6.xml (RunModel)" time="0.007" />
  <testcase classname="ptolemy.util.test.junit.AutoTests" name="[66] /home/travis/build/icyphy/ptII/ptolemy/actor/lib/test/auto/Clock7.xml (RunModel)" time="0.008" />
  <testcase classname="ptolemy.util.test.junit.AutoTests" name="[67] /home/travis/build/icyphy/ptII/ptolemy/actor/lib/test/auto/Clock8.xml (RunModel)" time="0.014" />
  <testcase classname="ptolemy.util.test.junit.AutoTests" name="[68] /home/travis/build/icyphy/ptII/ptolemy/actor/lib/test/auto/Clock9.xml (RunModel)" time="0.011" />
  <testcase classname="ptolemy.util.test.junit.AutoTests" name="[69] /home/travis/build/icyphy/ptII/ptolemy/actor/lib/test/auto/CommDistDiscard.xml (RunModel)" time="0.022" />
  <testcase classname="ptolemy.util.test.junit.AutoTests" name="[70] /home/travis/build/icyphy/ptII/ptolemy/actor/lib/test/auto/Commutator.xml (RunModel)" time="0.012" />
  <testcase classname="ptolemy.util.test.junit.AutoTests" name="[71] /home/travis/build/icyphy/ptII/ptolemy/actor/lib/test/auto/Commutator2.xml (RunModel)" time="0.009" />
  <testcase classname="ptolemy.util.test.junit.AutoTests" name="[72] /home/travis/build/icyphy/ptII/ptolemy/actor/lib/test/auto/Commutator3.xml (RunModel)" time="0.012" />
  <testcase classname="ptolemy.util.test.junit.AutoTests" name="[73] /home/travis/build/icyphy/ptII/ptolemy/actor/lib/test/auto/Compare.xml (RunModel)" time="0.018" />
  <testcase classname="ptolemy.util.test.junit.AutoTests" name="[74] /home/travis/build/icyphy/ptII/ptolemy/actor/lib/test/auto/CompareDE.xml (RunModel)" time="0.016" />
  <testcase classname="ptolemy.util.test.junit.AutoTests" name="[75] /home/travis/build/icyphy/ptII/ptolemy/actor/lib/test/auto/ComplexDivide.xml (RunModel)" time="0.009" />
  <testcase classname="ptolemy.util.test.junit.AutoTests" name="[76] /home/travis/build/icyphy/ptII/ptolemy/actor/lib/test/auto/ComputeHistogram.xml (RunModel)" time="0.052" />
  <testcase classname="ptolemy.util.test.junit.AutoTests" name="[77] /home/travis/build/icyphy/ptII/ptolemy/actor/lib/test/auto/ConfigurationSelect.xml (RunModel)" time="0.021" />
  <testcase classname="ptolemy.util.test.junit.AutoTests" name="[78] /home/travis/build/icyphy/ptII/ptolemy/actor/lib/test/auto/ConfigurationSelect2.xml (RunModel)" time="0.012" />
  <testcase classname="ptolemy.util.test.junit.AutoTests" name="[79] /home/travis/build/icyphy/ptII/ptolemy/actor/lib/test/auto/ConfigurationSwitch.xml (RunModel)" time="0.023" />
  <testcase classname="ptolemy.util.test.junit.AutoTests" name="[80] /home/travis/build/icyphy/ptII/ptolemy/actor/lib/test/auto/ConfigurationSwitch2.xml (RunModel)" time="0.021" />
  <testcase classname="ptolemy.util.test.junit.AutoTests" name="[81] /home/travis/build/icyphy/ptII/ptolemy/actor/lib/test/auto/ConfigurationSwitchCloningBugWithClassRelationGroup.xml (RunModel)" time="0.02" />
  <testcase classname="ptolemy.util.test.junit.AutoTests" name="[82] /home/travis/build/icyphy/ptII/ptolemy/actor/lib/test/auto/ConfigurationSwitchSelectSDF.xml (RunModel)" time="0.015" />
  <testcase classname="ptolemy.util.test.junit.AutoTests" name="[83] /home/travis/build/icyphy/ptII/ptolemy/actor/lib/test/auto/ConfigurationSwitchSelectSDF2.xml (RunModel)" time="0.015" />
  <testcase classname="ptolemy.util.test.junit.AutoTests" name="[84] /home/travis/build/icyphy/ptII/ptolemy/actor/lib/test/auto/Const.xml (RunModel)" time="0.006" />
  <testcase classname="ptolemy.util.test.junit.AutoTests" name="[85] /home/travis/build/icyphy/ptII/ptolemy/actor/lib/test/auto/Const2.xml (RunModel)" time="0.009" />
  <testcase classname="ptolemy.util.test.junit.AutoTests" name="[86] /home/travis/build/icyphy/ptII/ptolemy/actor/lib/test/auto/Const3.xml (RunModel)" time="0.034" />
  <testcase classname="ptolemy.util.test.junit.AutoTests" name="[87] /home/travis/build/icyphy/ptII/ptolemy/actor/lib/test/auto/ConstantPublisherPort1.xml (RunModel)" time="0.032" />
  <testcase classname="ptolemy.util.test.junit.AutoTests" name="[88] /home/travis/build/icyphy/ptII/ptolemy/actor/lib/test/auto/ConstantPublisherPort2.xml (RunModel)" time="0.026" />
  <testcase classname="ptolemy.util.test.junit.AutoTests" name="[89] /home/travis/build/icyphy/ptII/ptolemy/actor/lib/test/auto/ConstantPublisherPort3.xml (RunModel)" time="0.025" />
  <testcase classname="ptolemy.util.test.junit.AutoTests" name="[90] /home/travis/build/icyphy/ptII/ptolemy/actor/lib/test/auto/ConstantPublisherPort4.xml (RunModel)" time="0.019" />
  <testcase classname="ptolemy.util.test.junit.AutoTests" name="[91] /home/travis/build/icyphy/ptII/ptolemy/actor/lib/test/auto/ConstantPublisherPort5.xml (RunModel)" time="0.038" />
  <testcase classname="ptolemy.util.test.junit.AutoTests" name="[92] /home/travis/build/icyphy/ptII/ptolemy/actor/lib/test/auto/ConstantPublisherPort6.xml (RunModel)" time="0.028" />
  <testcase classname="ptolemy.util.test.junit.AutoTests" name="[93] /home/travis/build/icyphy/ptII/ptolemy/actor/lib/test/auto/ConstantPublisherPort7.xml (RunModel)" time="0.037" />
  <testcase classname="ptolemy.util.test.junit.AutoTests" name="[94] /home/travis/build/icyphy/ptII/ptolemy/actor/lib/test/auto/ConstraintMonitor1.xml (RunModel)" time="0.045" />
  <testcase classname="ptolemy.util.test.junit.AutoTests" name="[95] /home/travis/build/icyphy/ptII/ptolemy/actor/lib/test/auto/ConstraintMonitor2.xml (RunModel)" time="0.012" />
  <testcase classname="ptolemy.util.test.junit.AutoTests" name="[96] /home/travis/build/icyphy/ptII/ptolemy/actor/lib/test/auto/ConstraintMonitor3.xml (RunModel)" time="0.021" />
  <testcase classname="ptolemy.util.test.junit.AutoTests" name="[97] /home/travis/build/icyphy/ptII/ptolemy/actor/lib/test/auto/ConstraintMonitor4.xml (RunModel)" time="0.016" />
  <testcase classname="ptolemy.util.test.junit.AutoTests" name="[98] /home/travis/build/icyphy/ptII/ptolemy/actor/lib/test/auto/ConstraintMonitor5.xml (RunModel)" time="0.016" />
  <testcase classname="ptolemy.util.test.junit.AutoTests" name="[99] /home/travis/build/icyphy/ptII/ptolemy/actor/lib/test/auto/ConstraintMonitor6.xml (RunModel)" time="0.019" />
  <testcase classname="ptolemy.util.test.junit.AutoTests" name="[100] /home/travis/build/icyphy/ptII/ptolemy/actor/lib/test/auto/ConstraintMonitor7.xml (RunModel)" time="0.023" />
  <testcase classname="ptolemy.util.test.junit.AutoTests" name="[101] /home/travis/build/icyphy/ptII/ptolemy/actor/lib/test/auto/ConstraintMonitor8.xml (RunModel)" time="0.023" />
  <testcase classname="ptolemy.util.test.junit.AutoTests" name="[102] /home/travis/build/icyphy/ptII/ptolemy/actor/lib/test/auto/Counter.xml (RunModel)" time="0.016" />
  <testcase classname="ptolemy.util.test.junit.AutoTests" name="[103] /home/travis/build/icyphy/ptII/ptolemy/actor/lib/test/auto/CurrentTimeSDF.xml (RunModel)" time="0.011" />
  <testcase classname="ptolemy.util.test.junit.AutoTests" name="[104] /home/travis/build/icyphy/ptII/ptolemy/actor/lib/test/auto/DB.xml (RunModel)" time="0.014" />
  <testcase classname="ptolemy.util.test.junit.AutoTests" name="[105] /home/travis/build/icyphy/ptII/ptolemy/actor/lib/test/auto/DBDE.xml (RunModel)" time="0.015" />
  <testcase classname="ptolemy.util.test.junit.AutoTests" name="[106] /home/travis/build/icyphy/ptII/ptolemy/actor/lib/test/auto/DateConstructor.xml (RunModel)" time="0.087" />
  <testcase classname="ptolemy.util.test.junit.AutoTests" name="[107] /home/travis/build/icyphy/ptII/ptolemy/actor/lib/test/auto/DelayTime.xml (RunModel)" time="0.02" />
  <testcase classname="ptolemy.util.test.junit.AutoTests" name="[108] /home/travis/build/icyphy/ptII/ptolemy/actor/lib/test/auto/Dictionary1.xml (RunModel)" time="0.02" />
  <testcase classname="ptolemy.util.test.junit.AutoTests" name="[109] /home/travis/build/icyphy/ptII/ptolemy/actor/lib/test/auto/Dictionary2.xml (RunModel)" time="0.018" />
  <testcase classname="ptolemy.util.test.junit.AutoTests" name="[110] /home/travis/build/icyphy/ptII/ptolemy/actor/lib/test/auto/Dictionary3.xml (RunModel)" time="0.019" />
  <testcase classname="ptolemy.util.test.junit.AutoTests" name="[111] /home/travis/build/icyphy/ptII/ptolemy/actor/lib/test/auto/Dictionary4.xml (RunModel)" time="0.019" />
  <testcase classname="ptolemy.util.test.junit.AutoTests" name="[112] /home/travis/build/icyphy/ptII/ptolemy/actor/lib/test/auto/Differential.xml (RunModel)" time="0.012" />
  <testcase classname="ptolemy.util.test.junit.AutoTests" name="[113] /home/travis/build/icyphy/ptII/ptolemy/actor/lib/test/auto/Director.xml (RunModel)" time="0.009" />
  <testcase classname="ptolemy.util.test.junit.AutoTests" name="[114] /home/travis/build/icyphy/ptII/ptolemy/actor/lib/test/auto/DiscreteClock.xml (RunModel)" time="0.007" />
  <testcase classname="ptolemy.util.test.junit.AutoTests" name="[115] /home/travis/build/icyphy/ptII/ptolemy/actor/lib/test/auto/DiscreteClock10.xml (RunModel)" time="0.014" />
  <testcase classname="ptolemy.util.test.junit.AutoTests" name="[116] /home/travis/build/icyphy/ptII/ptolemy/actor/lib/test/auto/DiscreteClock11.xml (RunModel)" time="0.013" />
  <testcase classname="ptolemy.util.test.junit.AutoTests" name="[117] /home/travis/build/icyphy/ptII/ptolemy/actor/lib/test/auto/DiscreteClock12.xml (RunModel)" time="0.014" />
  <testcase classname="ptolemy.util.test.junit.AutoTests" name="[118] /home/travis/build/icyphy/ptII/ptolemy/actor/lib/test/auto/DiscreteClock13.xml (RunModel)" time="0.021" />
  <testcase classname="ptolemy.util.test.junit.AutoTests" name="[119] /home/travis/build/icyphy/ptII/ptolemy/actor/lib/test/auto/DiscreteClock14.xml (RunModel)" time="0.015" />
  <testcase classname="ptolemy.util.test.junit.AutoTests" name="[120] /home/travis/build/icyphy/ptII/ptolemy/actor/lib/test/auto/DiscreteClock15.xml (RunModel)" time="0.017" />
  <testcase classname="ptolemy.util.test.junit.AutoTests" name="[121] /home/travis/build/icyphy/ptII/ptolemy/actor/lib/test/auto/DiscreteClock16.xml (RunModel)" time="0.051" />
  <testcase classname="ptolemy.util.test.junit.AutoTests" name="[122] /home/travis/build/icyphy/ptII/ptolemy/actor/lib/test/auto/DiscreteClock17.xml (RunModel)" time="0.048" />
  <testcase classname="ptolemy.util.test.junit.AutoTests" name="[123] /home/travis/build/icyphy/ptII/ptolemy/actor/lib/test/auto/DiscreteClock18.xml (RunModel)" time="0.051" />
  <testcase classname="ptolemy.util.test.junit.AutoTests" name="[124] /home/travis/build/icyphy/ptII/ptolemy/actor/lib/test/auto/DiscreteClock19.xml (RunModel)" time="0.057" />
  <testcase classname="ptolemy.util.test.junit.AutoTests" name="[125] /home/travis/build/icyphy/ptII/ptolemy/actor/lib/test/auto/DiscreteClock2.xml (RunModel)" time="0.015" />
  <testcase classname="ptolemy.util.test.junit.AutoTests" name="[126] /home/travis/build/icyphy/ptII/ptolemy/actor/lib/test/auto/DiscreteClock20.xml (RunModel)" time="0.021" />
  <testcase classname="ptolemy.util.test.junit.AutoTests" name="[127] /home/travis/build/icyphy/ptII/ptolemy/actor/lib/test/auto/DiscreteClock21.xml (RunModel)" time="0.018" />
  <testcase classname="ptolemy.util.test.junit.AutoTests" name="[128] /home/travis/build/icyphy/ptII/ptolemy/actor/lib/test/auto/DiscreteClock22.xml (RunModel)" time="0.017" />
  <testcase classname="ptolemy.util.test.junit.AutoTests" name="[129] /home/travis/build/icyphy/ptII/ptolemy/actor/lib/test/auto/DiscreteClock23.xml (RunModel)" time="0.022" />
  <testcase classname="ptolemy.util.test.junit.AutoTests" name="[130] /home/travis/build/icyphy/ptII/ptolemy/actor/lib/test/auto/DiscreteClock24.xml (RunModel)" time="0.015" />
  <testcase classname="ptolemy.util.test.junit.AutoTests" name="[131] /home/travis/build/icyphy/ptII/ptolemy/actor/lib/test/auto/DiscreteClock4.xml (RunModel)" time="0.025" />
  <testcase classname="ptolemy.util.test.junit.AutoTests" name="[132] /home/travis/build/icyphy/ptII/ptolemy/actor/lib/test/auto/DiscreteClock5.xml (RunModel)" time="0.009" />
  <testcase classname="ptolemy.util.test.junit.AutoTests" name="[133] /home/travis/build/icyphy/ptII/ptolemy/actor/lib/test/auto/DiscreteClock6.xml (RunModel)" time="0.007" />
  <testcase classname="ptolemy.util.test.junit.AutoTests" name="[134] /home/travis/build/icyphy/ptII/ptolemy/actor/lib/test/auto/DiscreteClock7.xml (RunModel)" time="0.008" />
  <testcase classname="ptolemy.util.test.junit.AutoTests" name="[135] /home/travis/build/icyphy/ptII/ptolemy/actor/lib/test/auto/DiscreteClock8.xml (RunModel)" time="0.014" />
  <testcase classname="ptolemy.util.test.junit.AutoTests" name="[136] /home/travis/build/icyphy/ptII/ptolemy/actor/lib/test/auto/DiscreteClock9.xml (RunModel)" time="0.013" />
  <testcase classname="ptolemy.util.test.junit.AutoTests" name="[137] /home/travis/build/icyphy/ptII/ptolemy/actor/lib/test/auto/DisplayArray.xml (RunModel)" time="0.012" />
  <testcase classname="ptolemy.util.test.junit.AutoTests" name="[138] /home/travis/build/icyphy/ptII/ptolemy/actor/lib/test/auto/Distributor.xml (RunModel)" time="0.013" />
  <testcase classname="ptolemy.util.test.junit.AutoTests" name="[139] /home/travis/build/icyphy/ptII/ptolemy/actor/lib/test/auto/Distributor2.xml (RunModel)" time="0.008" />
  <testcase classname="ptolemy.util.test.junit.AutoTests" name="[140] /home/travis/build/icyphy/ptII/ptolemy/actor/lib/test/auto/DownSample.xml (RunModel)" time="0.008" />
  <testcase classname="ptolemy.util.test.junit.AutoTests" name="[141] /home/travis/build/icyphy/ptII/ptolemy/actor/lib/test/auto/ElectronicUnitBase1.xml (RunModel)" time="0.053" />
  <testcase classname="ptolemy.util.test.junit.AutoTests" name="[142] /home/travis/build/icyphy/ptII/ptolemy/actor/lib/test/auto/ElementsToArray.xml (RunModel)" time="0.03" />
  <testcase classname="ptolemy.util.test.junit.AutoTests" name="[143] /home/travis/build/icyphy/ptII/ptolemy/actor/lib/test/auto/Equals.xml (RunModel)" time="0.014" />
  <testcase classname="ptolemy.util.test.junit.AutoTests" name="[144] /home/travis/build/icyphy/ptII/ptolemy/actor/lib/test/auto/Exec.xml (RunModel)" time="0.028" />
  <testcase classname="ptolemy.util.test.junit.AutoTests" name="[145] /home/travis/build/icyphy/ptII/ptolemy/actor/lib/test/auto/ExecEnvironment.xml (RunModel)" time="0.037" />
  <testcase classname="ptolemy.util.test.junit.AutoTests" name="[146] /home/travis/build/icyphy/ptII/ptolemy/actor/lib/test/auto/ExecNonZeroReturnOutput.xml (RunModel)" time="0.198" />
  <testcase classname="ptolemy.util.test.junit.AutoTests" name="[147] /home/travis/build/icyphy/ptII/ptolemy/actor/lib/test/auto/ExecRunDemos.xml (RunModel)" time="10.677">
    <error type="java.lang.reflect.InvocationTargetException">java.lang.reflect.InvocationTargetException
	at jdk.internal.reflect.GeneratedConstructorAccessor36.newInstance(Unknown Source)
	at java.base/jdk.internal.reflect.DelegatingConstructorAccessorImpl.newInstance(DelegatingConstructorAccessorImpl.java:45)
	at java.base/java.lang.reflect.Constructor.newInstance(Constructor.java:490)
	at ptolemy.util.test.junit.AutoTests.RunModel(AutoTests.java:193)
	at jdk.internal.reflect.GeneratedMethodAccessor43.invoke(Unknown Source)
	at java.base/jdk.internal.reflect.DelegatingMethodAccessorImpl.invoke(DelegatingMethodAccessorImpl.java:43)
	at junitparams.internal.InvokeParameterisedMethod.evaluate(InvokeParameterisedMethod.java:102)
Caused by: ptolemy.kernel.util.IllegalActionException: Test fails in iteration 0.
Value was: &quot;WARNING: An illegal reflective access operation has occurred\nWARNING: Illegal reflective access by io.netty.util.internal.ReflectionUtil (file:/home/travis/build/icyphy/ptII/lib/netty-common-4.1.19.Final.jar) to constructor java.nio.DirectByteBuffer(long,int)\nWARNING: Please consider reporting this to the maintainers of io.netty.util.internal.ReflectionUtil\nWARNING: Use --illegal-access=warn to enable warnings of further illegal reflective access operations\nWARNING: All illegal access operations will be denied in a future release\n&quot;. Should have been: &quot;&quot;
  in .ExecRunDemos.Test
	at ptolemy.actor.lib.Test.fire(Test.java:268)
	at ptolemy.actor.AtomicActor.iterate(AtomicActor.java:512)
	at ptolemy.actor.sched.StaticSchedulingDirector.fire(StaticSchedulingDirector.java:216)
	at ptolemy.domains.sdf.kernel.SDFDirector.fire(SDFDirector.java:500)
	at ptolemy.actor.CompositeActor.fire(CompositeActor.java:455)
	at ptolemy.actor.Manager.iterate(Manager.java:851)
	at ptolemy.actor.Manager.execute(Manager.java:369)
	at ptolemy.actor.Manager.run(Manager.java:1263)
	at ptolemy.actor.Manager$PtolemyRunThread.run(Manager.java:1915)
</error>
  </testcase>
  <testcase classname="ptolemy.util.test.junit.AutoTests" name="[148] /home/travis/build/icyphy/ptII/ptolemy/actor/lib/test/auto/ExecStop.xml (RunModel)" time="5.032" />
  <testcase classname="ptolemy.util.test.junit.AutoTests" name="[149] /home/travis/build/icyphy/ptII/ptolemy/actor/lib/test/auto/ExecutionTimeSDF.xml (RunModel)" time="6.034" />
  <testcase classname="ptolemy.util.test.junit.AutoTests" name="[150] /home/travis/build/icyphy/ptII/ptolemy/actor/lib/test/auto/Expression1.xml (RunModel)" time="0.013" />
  <testcase classname="ptolemy.util.test.junit.AutoTests" name="[151] /home/travis/build/icyphy/ptII/ptolemy/actor/lib/test/auto/Expression10.xml (RunModel)" time="0.024" />
  <testcase classname="ptolemy.util.test.junit.AutoTests" name="[152] /home/travis/build/icyphy/ptII/ptolemy/actor/lib/test/auto/Expression11.xml (RunModel)" time="0.015" />
  <testcase classname="ptolemy.util.test.junit.AutoTests" name="[153] /home/travis/build/icyphy/ptII/ptolemy/actor/lib/test/auto/Expression12.xml (RunModel)" time="0.012" />
  <testcase classname="ptolemy.util.test.junit.AutoTests" name="[154] /home/travis/build/icyphy/ptII/ptolemy/actor/lib/test/auto/Expression13.xml (RunModel)" time="0.012" />
  <testcase classname="ptolemy.util.test.junit.AutoTests" name="[155] /home/travis/build/icyphy/ptII/ptolemy/actor/lib/test/auto/Expression14.xml (RunModel)" time="0.019" />
  <testcase classname="ptolemy.util.test.junit.AutoTests" name="[156] /home/travis/build/icyphy/ptII/ptolemy/actor/lib/test/auto/Expression15.xml (RunModel)" time="0.007" />
  <testcase classname="ptolemy.util.test.junit.AutoTests" name="[157] /home/travis/build/icyphy/ptII/ptolemy/actor/lib/test/auto/Expression16.xml (RunModel)" time="0.011" />
  <testcase classname="ptolemy.util.test.junit.AutoTests" name="[158] /home/travis/build/icyphy/ptII/ptolemy/actor/lib/test/auto/Expression17.xml (RunModel)" time="0.011" />
  <testcase classname="ptolemy.util.test.junit.AutoTests" name="[159] /home/travis/build/icyphy/ptII/ptolemy/actor/lib/test/auto/Expression18.xml (RunModel)" time="0.022" />
  <testcase classname="ptolemy.util.test.junit.AutoTests" name="[160] /home/travis/build/icyphy/ptII/ptolemy/actor/lib/test/auto/Expression2.xml (RunModel)" time="0.012" />
  <testcase classname="ptolemy.util.test.junit.AutoTests" name="[161] /home/travis/build/icyphy/ptII/ptolemy/actor/lib/test/auto/Expression3.xml (RunModel)" time="0.013" />
  <testcase classname="ptolemy.util.test.junit.AutoTests" name="[162] /home/travis/build/icyphy/ptII/ptolemy/actor/lib/test/auto/Expression4.xml (RunModel)" time="0.019" />
  <testcase classname="ptolemy.util.test.junit.AutoTests" name="[163] /home/travis/build/icyphy/ptII/ptolemy/actor/lib/test/auto/Expression5.xml (RunModel)" time="0.019" />
  <testcase classname="ptolemy.util.test.junit.AutoTests" name="[164] /home/travis/build/icyphy/ptII/ptolemy/actor/lib/test/auto/Expression6.xml (RunModel)" time="0.01" />
  <testcase classname="ptolemy.util.test.junit.AutoTests" name="[165] /home/travis/build/icyphy/ptII/ptolemy/actor/lib/test/auto/Expression7.xml (RunModel)" time="0.014" />
  <testcase classname="ptolemy.util.test.junit.AutoTests" name="[166] /home/travis/build/icyphy/ptII/ptolemy/actor/lib/test/auto/Expression8.xml (RunModel)" time="0.015" />
  <testcase classname="ptolemy.util.test.junit.AutoTests" name="[167] /home/travis/build/icyphy/ptII/ptolemy/actor/lib/test/auto/Expression9.xml (RunModel)" time="0.008" />
  <testcase classname="ptolemy.util.test.junit.AutoTests" name="[168] /home/travis/build/icyphy/ptII/ptolemy/actor/lib/test/auto/ExpressionConcatenateArrayType.xml (RunModel)" time="0.03" />
  <testcase classname="ptolemy.util.test.junit.AutoTests" name="[169] /home/travis/build/icyphy/ptII/ptolemy/actor/lib/test/auto/ExpressionConcatenateArrayType2.xml (RunModel)" time="0.023" />
  <testcase classname="ptolemy.util.test.junit.AutoTests" name="[170] /home/travis/build/icyphy/ptII/ptolemy/actor/lib/test/auto/ExpressionFix.xml (RunModel)" time="0.047" />
  <testcase classname="ptolemy.util.test.junit.AutoTests" name="[171] /home/travis/build/icyphy/ptII/ptolemy/actor/lib/test/auto/ExpressionFix2.xml (RunModel)" time="0.012" />
  <testcase classname="ptolemy.util.test.junit.AutoTests" name="[172] /home/travis/build/icyphy/ptII/ptolemy/actor/lib/test/auto/ExpressionFix3.xml (RunModel)" time="0.013" />
  <testcase classname="ptolemy.util.test.junit.AutoTests" name="[173] /home/travis/build/icyphy/ptII/ptolemy/actor/lib/test/auto/FileWriter1.xml (RunModel)" time="0.009" />
  <testcase classname="ptolemy.util.test.junit.AutoTests" name="[174] /home/travis/build/icyphy/ptII/ptolemy/actor/lib/test/auto/FileWriter2.xml (RunModel)" time="0.037" />
  <testcase classname="ptolemy.util.test.junit.AutoTests" name="[175] /home/travis/build/icyphy/ptII/ptolemy/actor/lib/test/auto/FileWriter3.xml (RunModel)" time="0.012" />
  <testcase classname="ptolemy.util.test.junit.AutoTests" name="[176] /home/travis/build/icyphy/ptII/ptolemy/actor/lib/test/auto/Gaussian.xml (RunModel)" time="0.011" />
  <testcase classname="ptolemy.util.test.junit.AutoTests" name="[177] /home/travis/build/icyphy/ptII/ptolemy/actor/lib/test/auto/Gaussian1.xml (RunModel)" time="0.013" />
  <testcase classname="ptolemy.util.test.junit.AutoTests" name="[178] /home/travis/build/icyphy/ptII/ptolemy/actor/lib/test/auto/Gaussian2.xml (RunModel)" time="0.014" />
  <testcase classname="ptolemy.util.test.junit.AutoTests" name="[179] /home/travis/build/icyphy/ptII/ptolemy/actor/lib/test/auto/GradientAdaptiveLattice.xml (RunModel)" time="0.028" />
  <testcase classname="ptolemy.util.test.junit.AutoTests" name="[180] /home/travis/build/icyphy/ptII/ptolemy/actor/lib/test/auto/IIR.xml (RunModel)" time="0.011" />
  <testcase classname="ptolemy.util.test.junit.AutoTests" name="[181] /home/travis/build/icyphy/ptII/ptolemy/actor/lib/test/auto/InputOutputTransparentPorts.xml (RunModel)" time="0.017" />
  <testcase classname="ptolemy.util.test.junit.AutoTests" name="[182] /home/travis/build/icyphy/ptII/ptolemy/actor/lib/test/auto/Interpolator.xml (RunModel)" time="0.011" />
  <testcase classname="ptolemy.util.test.junit.AutoTests" name="[183] /home/travis/build/icyphy/ptII/ptolemy/actor/lib/test/auto/InterpolatorFiringLimitDE.xml (RunModel)" time="0.012" />
  <testcase classname="ptolemy.util.test.junit.AutoTests" name="[184] /home/travis/build/icyphy/ptII/ptolemy/actor/lib/test/auto/Lattice.xml (RunModel)" time="0.007" />
  <testcase classname="ptolemy.util.test.junit.AutoTests" name="[185] /home/travis/build/icyphy/ptII/ptolemy/actor/lib/test/auto/LazyAOCTestLazy.xml (RunModel)" time="0.042" />
  <testcase classname="ptolemy.util.test.junit.AutoTests" name="[186] /home/travis/build/icyphy/ptII/ptolemy/actor/lib/test/auto/LazyAOCTestNonLazy.xml (RunModel)" time="0.041" />
  <testcase classname="ptolemy.util.test.junit.AutoTests" name="[187] /home/travis/build/icyphy/ptII/ptolemy/actor/lib/test/auto/LazyInnerClass.xml (RunModel)" time="0.038" />
  <testcase classname="ptolemy.util.test.junit.AutoTests" name="[188] /home/travis/build/icyphy/ptII/ptolemy/actor/lib/test/auto/LazyPubSub.xml (RunModel)" time="0.048" />
  <testcase classname="ptolemy.util.test.junit.AutoTests" name="[189] /home/travis/build/icyphy/ptII/ptolemy/actor/lib/test/auto/LazyPubSub2.xml (RunModel)" time="0.03" />
  <testcase classname="ptolemy.util.test.junit.AutoTests" name="[190] /home/travis/build/icyphy/ptII/ptolemy/actor/lib/test/auto/LazyPubSub3.xml (RunModel)" time="0.021" />
  <testcase classname="ptolemy.util.test.junit.AutoTests" name="[191] /home/travis/build/icyphy/ptII/ptolemy/actor/lib/test/auto/LazySubClassModel.xml (RunModel)" time="0.021" />
  <testcase classname="ptolemy.util.test.junit.AutoTests" name="[192] /home/travis/build/icyphy/ptII/ptolemy/actor/lib/test/auto/LevelCrossTest1.xml (RunModel)" time="0.008" />
  <testcase classname="ptolemy.util.test.junit.AutoTests" name="[193] /home/travis/build/icyphy/ptII/ptolemy/actor/lib/test/auto/LevelCrossTest10.xml (RunModel)" time="0.015" />
  <testcase classname="ptolemy.util.test.junit.AutoTests" name="[194] /home/travis/build/icyphy/ptII/ptolemy/actor/lib/test/auto/LevelCrossTest11.xml (RunModel)" time="0.014" />
  <testcase classname="ptolemy.util.test.junit.AutoTests" name="[195] /home/travis/build/icyphy/ptII/ptolemy/actor/lib/test/auto/LevelCrossTest12.xml (RunModel)" time="0.016" />
  <testcase classname="ptolemy.util.test.junit.AutoTests" name="[196] /home/travis/build/icyphy/ptII/ptolemy/actor/lib/test/auto/LevelCrossTest13.xml (RunModel)" time="0.013" />
  <testcase classname="ptolemy.util.test.junit.AutoTests" name="[197] /home/travis/build/icyphy/ptII/ptolemy/actor/lib/test/auto/LevelCrossTest2.xml (RunModel)" time="0.009" />
  <testcase classname="ptolemy.util.test.junit.AutoTests" name="[198] /home/travis/build/icyphy/ptII/ptolemy/actor/lib/test/auto/LevelCrossTest3.xml (RunModel)" time="0.011" />
  <testcase classname="ptolemy.util.test.junit.AutoTests" name="[199] /home/travis/build/icyphy/ptII/ptolemy/actor/lib/test/auto/LevelCrossTest4.xml (RunModel)" time="0.011" />
  <testcase classname="ptolemy.util.test.junit.AutoTests" name="[200] /home/travis/build/icyphy/ptII/ptolemy/actor/lib/test/auto/LevelCrossTest5.xml (RunModel)" time="0.013" />
  <testcase classname="ptolemy.util.test.junit.AutoTests" name="[201] /home/travis/build/icyphy/ptII/ptolemy/actor/lib/test/auto/LevelCrossTest6.xml (RunModel)" time="0.011" />
  <testcase classname="ptolemy.util.test.junit.AutoTests" name="[202] /home/travis/build/icyphy/ptII/ptolemy/actor/lib/test/auto/LevelCrossTest7.xml (RunModel)" time="0.018" />
  <testcase classname="ptolemy.util.test.junit.AutoTests" name="[203] /home/travis/build/icyphy/ptII/ptolemy/actor/lib/test/auto/LevelCrossTest8.xml (RunModel)" time="0.012" />
  <testcase classname="ptolemy.util.test.junit.AutoTests" name="[204] /home/travis/build/icyphy/ptII/ptolemy/actor/lib/test/auto/LevelCrossTest9.xml (RunModel)" time="0.012" />
  <testcase classname="ptolemy.util.test.junit.AutoTests" name="[205] /home/travis/build/icyphy/ptII/ptolemy/actor/lib/test/auto/LevinsonDurbin.xml (RunModel)" time="0.01" />
  <testcase classname="ptolemy.util.test.junit.AutoTests" name="[206] /home/travis/build/icyphy/ptII/ptolemy/actor/lib/test/auto/LevinsonDurbin2.xml (RunModel)" time="0.008" />
  <testcase classname="ptolemy.util.test.junit.AutoTests" name="[207] /home/travis/build/icyphy/ptII/ptolemy/actor/lib/test/auto/LevinsonDurbin3.xml (RunModel)" time="0.012" />
  <testcase classname="ptolemy.util.test.junit.AutoTests" name="[208] /home/travis/build/icyphy/ptII/ptolemy/actor/lib/test/auto/Limiter.xml (RunModel)" time="0.045" />
  <testcase classname="ptolemy.util.test.junit.AutoTests" name="[209] /home/travis/build/icyphy/ptII/ptolemy/actor/lib/test/auto/LinearDifferenceEquationSystem.xml (RunModel)" time="0.021" />
  <testcase classname="ptolemy.util.test.junit.AutoTests" name="[210] /home/travis/build/icyphy/ptII/ptolemy/actor/lib/test/auto/LookupTable.xml (RunModel)" time="0.012" />
  <testcase classname="ptolemy.util.test.junit.AutoTests" name="[211] /home/travis/build/icyphy/ptII/ptolemy/actor/lib/test/auto/MathFunction.xml (RunModel)" time="0.017" />
  <testcase classname="ptolemy.util.test.junit.AutoTests" name="[212] /home/travis/build/icyphy/ptII/ptolemy/actor/lib/test/auto/MathFunction2.xml (RunModel)" time="0.022" />
  <testcase classname="ptolemy.util.test.junit.AutoTests" name="[213] /home/travis/build/icyphy/ptII/ptolemy/actor/lib/test/auto/MathFunction3.xml (RunModel)" time="0.025" />
  <testcase classname="ptolemy.util.test.junit.AutoTests" name="[214] /home/travis/build/icyphy/ptII/ptolemy/actor/lib/test/auto/MatrixCropBoolean.xml (RunModel)" time="0.013" />
  <testcase classname="ptolemy.util.test.junit.AutoTests" name="[215] /home/travis/build/icyphy/ptII/ptolemy/actor/lib/test/auto/MatrixCropComplex.xml (RunModel)" time="0.012" />
  <testcase classname="ptolemy.util.test.junit.AutoTests" name="[216] /home/travis/build/icyphy/ptII/ptolemy/actor/lib/test/auto/MatrixCropDouble.xml (RunModel)" time="0.009" />
  <testcase classname="ptolemy.util.test.junit.AutoTests" name="[217] /home/travis/build/icyphy/ptII/ptolemy/actor/lib/test/auto/MatrixCropFix.xml (RunModel)" time="0.013" />
  <testcase classname="ptolemy.util.test.junit.AutoTests" name="[218] /home/travis/build/icyphy/ptII/ptolemy/actor/lib/test/auto/MatrixCropInt.xml (RunModel)" time="0.012" />
  <testcase classname="ptolemy.util.test.junit.AutoTests" name="[219] /home/travis/build/icyphy/ptII/ptolemy/actor/lib/test/auto/MatrixCropLong.xml (RunModel)" time="0.008" />
  <testcase classname="ptolemy.util.test.junit.AutoTests" name="[220] /home/travis/build/icyphy/ptII/ptolemy/actor/lib/test/auto/MatrixToArray.xml (RunModel)" time="0.05" />
  <testcase classname="ptolemy.util.test.junit.AutoTests" name="[221] /home/travis/build/icyphy/ptII/ptolemy/actor/lib/test/auto/MaxIndex.xml (RunModel)" time="0.011" />
  <testcase classname="ptolemy.util.test.junit.AutoTests" name="[222] /home/travis/build/icyphy/ptII/ptolemy/actor/lib/test/auto/Maximum.xml (RunModel)" time="0.014" />
  <testcase classname="ptolemy.util.test.junit.AutoTests" name="[223] /home/travis/build/icyphy/ptII/ptolemy/actor/lib/test/auto/MaximumComplex.xml (RunModel)" time="0.02" />
  <testcase classname="ptolemy.util.test.junit.AutoTests" name="[224] /home/travis/build/icyphy/ptII/ptolemy/actor/lib/test/auto/MethodCallTest.xml (RunModel)" time="0.021" />
  <testcase classname="ptolemy.util.test.junit.AutoTests" name="[225] /home/travis/build/icyphy/ptII/ptolemy/actor/lib/test/auto/Minimum.xml (RunModel)" time="0.012" />
  <testcase classname="ptolemy.util.test.junit.AutoTests" name="[226] /home/travis/build/icyphy/ptII/ptolemy/actor/lib/test/auto/MinimumComplex.xml (RunModel)" time="0.023" />
  <testcase classname="ptolemy.util.test.junit.AutoTests" name="[227] /home/travis/build/icyphy/ptII/ptolemy/actor/lib/test/auto/MinimumMultiports.xml (RunModel)" time="0.023" />
  <testcase classname="ptolemy.util.test.junit.AutoTests" name="[228] /home/travis/build/icyphy/ptII/ptolemy/actor/lib/test/auto/ModifyDate.xml (RunModel)" time="0.044" />
  <testcase classname="ptolemy.util.test.junit.AutoTests" name="[229] /home/travis/build/icyphy/ptII/ptolemy/actor/lib/test/auto/ModifyDate2.xml (RunModel)" time="0.034" />
  <testcase classname="ptolemy.util.test.junit.AutoTests" name="[230] /home/travis/build/icyphy/ptII/ptolemy/actor/lib/test/auto/MovingAverage.xml (RunModel)" time="0.01" />
  <testcase classname="ptolemy.util.test.junit.AutoTests" name="[231] /home/travis/build/icyphy/ptII/ptolemy/actor/lib/test/auto/MovingMaximum.xml (RunModel)" time="0.019" />
  <testcase classname="ptolemy.util.test.junit.AutoTests" name="[232] /home/travis/build/icyphy/ptII/ptolemy/actor/lib/test/auto/MultipleLinksToSameRelation.xml (RunModel)" time="0.017" />
  <testcase classname="ptolemy.util.test.junit.AutoTests" name="[233] /home/travis/build/icyphy/ptII/ptolemy/actor/lib/test/auto/MultipleLinksToSameRelationDE.xml (RunModel)" time="0.012" />
  <testcase classname="ptolemy.util.test.junit.AutoTests" name="[234] /home/travis/build/icyphy/ptII/ptolemy/actor/lib/test/auto/Multiplexor.xml (RunModel)" time="0.01" />
  <testcase classname="ptolemy.util.test.junit.AutoTests" name="[235] /home/travis/build/icyphy/ptII/ptolemy/actor/lib/test/auto/Multiplexor1.xml (RunModel)" time="0.01" />
  <testcase classname="ptolemy.util.test.junit.AutoTests" name="[236] /home/travis/build/icyphy/ptII/ptolemy/actor/lib/test/auto/Multiplexor2.xml (RunModel)" time="0.015" />
  <testcase classname="ptolemy.util.test.junit.AutoTests" name="[237] /home/travis/build/icyphy/ptII/ptolemy/actor/lib/test/auto/Multiplexor3.xml (RunModel)" time="0.007" />
  <testcase classname="ptolemy.util.test.junit.AutoTests" name="[238] /home/travis/build/icyphy/ptII/ptolemy/actor/lib/test/auto/MultiplexorDE.xml (RunModel)" time="0.015" />
  <testcase classname="ptolemy.util.test.junit.AutoTests" name="[239] /home/travis/build/icyphy/ptII/ptolemy/actor/lib/test/auto/MultiportBroadcastTest.xml (RunModel)" time="0.094" />
  <testcase classname="ptolemy.util.test.junit.AutoTests" name="[240] /home/travis/build/icyphy/ptII/ptolemy/actor/lib/test/auto/MultiportOutHangDuringGetWidth.xml (RunModel)" time="0.037" />
  <testcase classname="ptolemy.util.test.junit.AutoTests" name="[241] /home/travis/build/icyphy/ptII/ptolemy/actor/lib/test/auto/NilToken.xml (RunModel)" time="0.009" />
  <testcase classname="ptolemy.util.test.junit.AutoTests" name="[242] /home/travis/build/icyphy/ptII/ptolemy/actor/lib/test/auto/NilTokenNonStrictTest.xml (RunModel)" time="0.01" />
  <testcase classname="ptolemy.util.test.junit.AutoTests" name="[243] /home/travis/build/icyphy/ptII/ptolemy/actor/lib/test/auto/NilTokenRecord.xml (RunModel)" time="0.021" />
  <testcase classname="ptolemy.util.test.junit.AutoTests" name="[244] /home/travis/build/icyphy/ptII/ptolemy/actor/lib/test/auto/NilTokenTypeTest.xml (RunModel)" time="0.035" />
  <testcase classname="ptolemy.util.test.junit.AutoTests" name="[245] /home/travis/build/icyphy/ptII/ptolemy/actor/lib/test/auto/ObjectToken1.xml (RunModel)" time="0.011" />
  <testcase classname="ptolemy.util.test.junit.AutoTests" name="[246] /home/travis/build/icyphy/ptII/ptolemy/actor/lib/test/auto/OrderedMerge.xml (RunModel)" time="0.021" />
  <testcase classname="ptolemy.util.test.junit.AutoTests" name="[247] /home/travis/build/icyphy/ptII/ptolemy/actor/lib/test/auto/OrderedRecordDisassembler.xml (RunModel)" time="0.023" />
  <testcase classname="ptolemy.util.test.junit.AutoTests" name="[248] /home/travis/build/icyphy/ptII/ptolemy/actor/lib/test/auto/OrderedRecordDisassembler2.xml (RunModel)" time="0.021" />
  <testcase classname="ptolemy.util.test.junit.AutoTests" name="[249] /home/travis/build/icyphy/ptII/ptolemy/actor/lib/test/auto/OrderedRecordUpdater.xml (RunModel)" time="0.011" />
  <testcase classname="ptolemy.util.test.junit.AutoTests" name="[250] /home/travis/build/icyphy/ptII/ptolemy/actor/lib/test/auto/OrderedRecordUpdater2.xml (RunModel)" time="0.046" />
  <testcase classname="ptolemy.util.test.junit.AutoTests" name="[251] /home/travis/build/icyphy/ptII/ptolemy/actor/lib/test/auto/PhaseUnwrap.xml (RunModel)" time="0.015" />
  <testcase classname="ptolemy.util.test.junit.AutoTests" name="[252] /home/travis/build/icyphy/ptII/ptolemy/actor/lib/test/auto/PoissonClock.xml (RunModel)" time="0.01" />
  <testcase classname="ptolemy.util.test.junit.AutoTests" name="[253] /home/travis/build/icyphy/ptII/ptolemy/actor/lib/test/auto/PoissonClock2.xml (RunModel)" time="0.007" />
  <testcase classname="ptolemy.util.test.junit.AutoTests" name="[254] /home/travis/build/icyphy/ptII/ptolemy/actor/lib/test/auto/PoissonClock3.xml (RunModel)" time="0.023" />
  <testcase classname="ptolemy.util.test.junit.AutoTests" name="[255] /home/travis/build/icyphy/ptII/ptolemy/actor/lib/test/auto/PubSubWithInitialTokens.xml (RunModel)" time="0.011" />
  <testcase classname="ptolemy.util.test.junit.AutoTests" name="[256] /home/travis/build/icyphy/ptII/ptolemy/actor/lib/test/auto/PubSubWithInitialTokens2.xml (RunModel)" time="0.012" />
  <testcase classname="ptolemy.util.test.junit.AutoTests" name="[257] /home/travis/build/icyphy/ptII/ptolemy/actor/lib/test/auto/PublisherClassNoParameter.xml (RunModel)" time="0.022" />
  <testcase classname="ptolemy.util.test.junit.AutoTests" name="[258] /home/travis/build/icyphy/ptII/ptolemy/actor/lib/test/auto/PublisherClassParameter.xml (RunModel)" time="0.019" />
  <testcase classname="ptolemy.util.test.junit.AutoTests" name="[259] /home/travis/build/icyphy/ptII/ptolemy/actor/lib/test/auto/PublisherNonStrictTest.xml (RunModel)" time="0.014" />
  <testcase classname="ptolemy.util.test.junit.AutoTests" name="[260] /home/travis/build/icyphy/ptII/ptolemy/actor/lib/test/auto/PublisherPort1.xml (RunModel)" time="0.01" />
  <testcase classname="ptolemy.util.test.junit.AutoTests" name="[261] /home/travis/build/icyphy/ptII/ptolemy/actor/lib/test/auto/PublisherPort2.xml (RunModel)" time="0.007" />
  <testcase classname="ptolemy.util.test.junit.AutoTests" name="[262] /home/travis/build/icyphy/ptII/ptolemy/actor/lib/test/auto/PublisherPort3.xml (RunModel)" time="0.02" />
  <testcase classname="ptolemy.util.test.junit.AutoTests" name="[263] /home/travis/build/icyphy/ptII/ptolemy/actor/lib/test/auto/PublisherPort4.xml (RunModel)" time="0.012" />
  <testcase classname="ptolemy.util.test.junit.AutoTests" name="[264] /home/travis/build/icyphy/ptII/ptolemy/actor/lib/test/auto/PublisherPort5.xml (RunModel)" time="0.021" />
  <testcase classname="ptolemy.util.test.junit.AutoTests" name="[265] /home/travis/build/icyphy/ptII/ptolemy/actor/lib/test/auto/PublisherPort5LookAlike.xml (RunModel)" time="0.018" />
  <testcase classname="ptolemy.util.test.junit.AutoTests" name="[266] /home/travis/build/icyphy/ptII/ptolemy/actor/lib/test/auto/PublisherPort6.xml (RunModel)" time="0.01" />
  <testcase classname="ptolemy.util.test.junit.AutoTests" name="[267] /home/travis/build/icyphy/ptII/ptolemy/actor/lib/test/auto/PublisherPort7.xml (RunModel)" time="0.015" />
  <testcase classname="ptolemy.util.test.junit.AutoTests" name="[268] /home/travis/build/icyphy/ptII/ptolemy/actor/lib/test/auto/PublisherPort8.xml (RunModel)" time="0.014" />
  <testcase classname="ptolemy.util.test.junit.AutoTests" name="[269] /home/travis/build/icyphy/ptII/ptolemy/actor/lib/test/auto/PublisherPortSubscriberChannelVariablesAOC2.xml (RunModel)" time="0.032" />
  <testcase classname="ptolemy.util.test.junit.AutoTests" name="[270] /home/travis/build/icyphy/ptII/ptolemy/actor/lib/test/auto/PublisherPortSubscriberOpaqueWidthInference.xml (RunModel)" time="0.014" />
  <testcase classname="ptolemy.util.test.junit.AutoTests" name="[271] /home/travis/build/icyphy/ptII/ptolemy/actor/lib/test/auto/PublisherPortSubscriberPortAdjacent.xml (RunModel)" time="0.024" />
  <testcase classname="ptolemy.util.test.junit.AutoTests" name="[272] /home/travis/build/icyphy/ptII/ptolemy/actor/lib/test/auto/PublisherPortSubscriberPortExpression.xml (RunModel)" time="0.015" />
  <testcase classname="ptolemy.util.test.junit.AutoTests" name="[273] /home/travis/build/icyphy/ptII/ptolemy/actor/lib/test/auto/PublisherPortSubscriberPortOpaqueD3Reverse.xml (RunModel)" time="0.033" />
  <testcase classname="ptolemy.util.test.junit.AutoTests" name="[274] /home/travis/build/icyphy/ptII/ptolemy/actor/lib/test/auto/PublisherPortSubscriberPortOpaqueWidthInference.xml (RunModel)" time="0.015" />
  <testcase classname="ptolemy.util.test.junit.AutoTests" name="[275] /home/travis/build/icyphy/ptII/ptolemy/actor/lib/test/auto/PublisherPortToplevelSubscriberPortAOC.xml (RunModel)" time="0.009" />
  <testcase classname="ptolemy.util.test.junit.AutoTests" name="[276] /home/travis/build/icyphy/ptII/ptolemy/actor/lib/test/auto/PublisherSubscriber.xml (RunModel)" time="0.021" />
  <testcase classname="ptolemy.util.test.junit.AutoTests" name="[277] /home/travis/build/icyphy/ptII/ptolemy/actor/lib/test/auto/PublisherSubscriber10.xml (RunModel)" time="0.019" />
  <testcase classname="ptolemy.util.test.junit.AutoTests" name="[278] /home/travis/build/icyphy/ptII/ptolemy/actor/lib/test/auto/PublisherSubscriber10InitialOutputs.xml (RunModel)" time="0.03" />
  <testcase classname="ptolemy.util.test.junit.AutoTests" name="[279] /home/travis/build/icyphy/ptII/ptolemy/actor/lib/test/auto/PublisherSubscriber11.xml (RunModel)" time="0.019" />
  <testcase classname="ptolemy.util.test.junit.AutoTests" name="[280] /home/travis/build/icyphy/ptII/ptolemy/actor/lib/test/auto/PublisherSubscriber12.xml (RunModel)" time="0.02" />
  <testcase classname="ptolemy.util.test.junit.AutoTests" name="[281] /home/travis/build/icyphy/ptII/ptolemy/actor/lib/test/auto/PublisherSubscriber13.xml (RunModel)" time="0.009" />
  <testcase classname="ptolemy.util.test.junit.AutoTests" name="[282] /home/travis/build/icyphy/ptII/ptolemy/actor/lib/test/auto/PublisherSubscriber14.xml (RunModel)" time="0.019" />
  <testcase classname="ptolemy.util.test.junit.AutoTests" name="[283] /home/travis/build/icyphy/ptII/ptolemy/actor/lib/test/auto/PublisherSubscriber2.xml (RunModel)" time="0.008" />
  <testcase classname="ptolemy.util.test.junit.AutoTests" name="[284] /home/travis/build/icyphy/ptII/ptolemy/actor/lib/test/auto/PublisherSubscriber3.xml (RunModel)" time="0.008" />
  <testcase classname="ptolemy.util.test.junit.AutoTests" name="[285] /home/travis/build/icyphy/ptII/ptolemy/actor/lib/test/auto/PublisherSubscriber4.xml (RunModel)" time="0.006" />
  <testcase classname="ptolemy.util.test.junit.AutoTests" name="[286] /home/travis/build/icyphy/ptII/ptolemy/actor/lib/test/auto/PublisherSubscriber5.xml (RunModel)" time="0.01" />
  <testcase classname="ptolemy.util.test.junit.AutoTests" name="[287] /home/travis/build/icyphy/ptII/ptolemy/actor/lib/test/auto/PublisherSubscriber6.xml (RunModel)" time="0.012" />
  <testcase classname="ptolemy.util.test.junit.AutoTests" name="[288] /home/travis/build/icyphy/ptII/ptolemy/actor/lib/test/auto/PublisherSubscriber7.xml (RunModel)" time="0.015" />
  <testcase classname="ptolemy.util.test.junit.AutoTests" name="[289] /home/travis/build/icyphy/ptII/ptolemy/actor/lib/test/auto/PublisherSubscriber8.xml (RunModel)" time="0.034" />
  <testcase classname="ptolemy.util.test.junit.AutoTests" name="[290] /home/travis/build/icyphy/ptII/ptolemy/actor/lib/test/auto/PublisherSubscriber9.xml (RunModel)" time="0.016" />
  <testcase classname="ptolemy.util.test.junit.AutoTests" name="[291] /home/travis/build/icyphy/ptII/ptolemy/actor/lib/test/auto/PublisherSubscriberAdjacent.xml (RunModel)" time="0.014" />
  <testcase classname="ptolemy.util.test.junit.AutoTests" name="[292] /home/travis/build/icyphy/ptII/ptolemy/actor/lib/test/auto/PublisherSubscriberChannelVariablesAOC2.xml (RunModel)" time="0.023" />
  <testcase classname="ptolemy.util.test.junit.AutoTests" name="[293] /home/travis/build/icyphy/ptII/ptolemy/actor/lib/test/auto/PublisherSubscriberD3.xml (RunModel)" time="0.011" />
  <testcase classname="ptolemy.util.test.junit.AutoTests" name="[294] /home/travis/build/icyphy/ptII/ptolemy/actor/lib/test/auto/PublisherSubscriberD3Reverse.xml (RunModel)" time="0.012" />
  <testcase classname="ptolemy.util.test.junit.AutoTests" name="[295] /home/travis/build/icyphy/ptII/ptolemy/actor/lib/test/auto/PublisherSubscriberExpression.xml (RunModel)" time="0.014" />
  <testcase classname="ptolemy.util.test.junit.AutoTests" name="[296] /home/travis/build/icyphy/ptII/ptolemy/actor/lib/test/auto/PublisherSubscriberOpaque.xml (RunModel)" time="0.013" />
  <testcase classname="ptolemy.util.test.junit.AutoTests" name="[297] /home/travis/build/icyphy/ptII/ptolemy/actor/lib/test/auto/PublisherSubscriberOpaqueD3.xml (RunModel)" time="0.022" />
  <testcase classname="ptolemy.util.test.junit.AutoTests" name="[298] /home/travis/build/icyphy/ptII/ptolemy/actor/lib/test/auto/PublisherSubscriberOpaqueD3Reverse.xml (RunModel)" time="0.022" />
  <testcase classname="ptolemy.util.test.junit.AutoTests" name="[299] /home/travis/build/icyphy/ptII/ptolemy/actor/lib/test/auto/PublisherSubscriberOpaqueWidthInference.xml (RunModel)" time="0.017" />
  <testcase classname="ptolemy.util.test.junit.AutoTests" name="[300] /home/travis/build/icyphy/ptII/ptolemy/actor/lib/test/auto/PublisherTestSubscriber.xml (RunModel)" time="0.013" />
  <testcase classname="ptolemy.util.test.junit.AutoTests" name="[301] /home/travis/build/icyphy/ptII/ptolemy/actor/lib/test/auto/PublisherToplevelSubscriberPortAOC.xml (RunModel)" time="0.01" />
  <testcase classname="ptolemy.util.test.junit.AutoTests" name="[302] /home/travis/build/icyphy/ptII/ptolemy/actor/lib/test/auto/PulseFiringLimitDE.xml (RunModel)" time="0.014" />
  <testcase classname="ptolemy.util.test.junit.AutoTests" name="[303] /home/travis/build/icyphy/ptII/ptolemy/actor/lib/test/auto/Ramp1.xml (RunModel)" time="0.006" />
  <testcase classname="ptolemy.util.test.junit.AutoTests" name="[304] /home/travis/build/icyphy/ptII/ptolemy/actor/lib/test/auto/RampFiringLimitDE.xml (RunModel)" time="0.011" />
  <testcase classname="ptolemy.util.test.junit.AutoTests" name="[305] /home/travis/build/icyphy/ptII/ptolemy/actor/lib/test/auto/RampFiringLimitSDF.xml (RunModel)" time="0.009" />
  <testcase classname="ptolemy.util.test.junit.AutoTests" name="[306] /home/travis/build/icyphy/ptII/ptolemy/actor/lib/test/auto/RandomInteger.xml (RunModel)" time="0.008" />
  <testcase classname="ptolemy.util.test.junit.AutoTests" name="[307] /home/travis/build/icyphy/ptII/ptolemy/actor/lib/test/auto/ReadFile1.xml (RunModel)" time="0.007" />
  <testcase classname="ptolemy.util.test.junit.AutoTests" name="[308] /home/travis/build/icyphy/ptII/ptolemy/actor/lib/test/auto/ReadFile2.xml (RunModel)" time="0.007" />
  <testcase classname="ptolemy.util.test.junit.AutoTests" name="[309] /home/travis/build/icyphy/ptII/ptolemy/actor/lib/test/auto/Reader.xml (RunModel)" time="0.017" />
  <testcase classname="ptolemy.util.test.junit.AutoTests" name="[310] /home/travis/build/icyphy/ptII/ptolemy/actor/lib/test/auto/RecordAssemblerDisplayNameTest.xml (RunModel)" time="3.501" />
  <testcase classname="ptolemy.util.test.junit.AutoTests" name="[311] /home/travis/build/icyphy/ptII/ptolemy/actor/lib/test/auto/RecordAssemblerTypeError.xml (RunModel)" time="0.036" />
  <testcase classname="ptolemy.util.test.junit.AutoTests" name="[312] /home/travis/build/icyphy/ptII/ptolemy/actor/lib/test/auto/RecordDisassember.xml (RunModel)" time="0.011" />
  <testcase classname="ptolemy.util.test.junit.AutoTests" name="[313] /home/travis/build/icyphy/ptII/ptolemy/actor/lib/test/auto/RecordDisassemberDisplayNameTest.xml (RunModel)" time="0.018" />
  <testcase classname="ptolemy.util.test.junit.AutoTests" name="[314] /home/travis/build/icyphy/ptII/ptolemy/actor/lib/test/auto/RecordDisassembler.xml (RunModel)" time="0.016" />
  <testcase classname="ptolemy.util.test.junit.AutoTests" name="[315] /home/travis/build/icyphy/ptII/ptolemy/actor/lib/test/auto/RecordDisassembler2.xml (RunModel)" time="0.009" />
  <testcase classname="ptolemy.util.test.junit.AutoTests" name="[316] /home/travis/build/icyphy/ptII/ptolemy/actor/lib/test/auto/RecordUpdater.xml (RunModel)" time="0.008" />
  <testcase classname="ptolemy.util.test.junit.AutoTests" name="[317] /home/travis/build/icyphy/ptII/ptolemy/actor/lib/test/auto/RecordUpdater2.xml (RunModel)" time="0.008" />
  <testcase classname="ptolemy.util.test.junit.AutoTests" name="[318] /home/travis/build/icyphy/ptII/ptolemy/actor/lib/test/auto/RecursiveLattice.xml (RunModel)" time="0.006" />
  <testcase classname="ptolemy.util.test.junit.AutoTests" name="[319] /home/travis/build/icyphy/ptII/ptolemy/actor/lib/test/auto/Router.xml (RunModel)" time="3.022" />
  <testcase classname="ptolemy.util.test.junit.AutoTests" name="[320] /home/travis/build/icyphy/ptII/ptolemy/actor/lib/test/auto/Router2.xml (RunModel)" time="3.046" />
  <testcase classname="ptolemy.util.test.junit.AutoTests" name="[321] /home/travis/build/icyphy/ptII/ptolemy/actor/lib/test/auto/RunningMaximum.xml (RunModel)" time="0.016" />
  <testcase classname="ptolemy.util.test.junit.AutoTests" name="[322] /home/travis/build/icyphy/ptII/ptolemy/actor/lib/test/auto/RunningMinimum.xml (RunModel)" time="0.023" />
  <testcase classname="ptolemy.util.test.junit.AutoTests" name="[323] /home/travis/build/icyphy/ptII/ptolemy/actor/lib/test/auto/Scale.xml (RunModel)" time="0.012" />
  <testcase classname="ptolemy.util.test.junit.AutoTests" name="[324] /home/travis/build/icyphy/ptII/ptolemy/actor/lib/test/auto/Scale2.xml (RunModel)" time="0.009" />
  <testcase classname="ptolemy.util.test.junit.AutoTests" name="[325] /home/travis/build/icyphy/ptII/ptolemy/actor/lib/test/auto/Scale3.xml (RunModel)" time="0.018" />
  <testcase classname="ptolemy.util.test.junit.AutoTests" name="[326] /home/travis/build/icyphy/ptII/ptolemy/actor/lib/test/auto/ScaleArray.xml (RunModel)" time="0.006" />
  <testcase classname="ptolemy.util.test.junit.AutoTests" name="[327] /home/travis/build/icyphy/ptII/ptolemy/actor/lib/test/auto/ScaleArray2.xml (RunModel)" time="0.008" />
  <testcase classname="ptolemy.util.test.junit.AutoTests" name="[328] /home/travis/build/icyphy/ptII/ptolemy/actor/lib/test/auto/ScaleMatrix.xml (RunModel)" time="0.179" />
  <testcase classname="ptolemy.util.test.junit.AutoTests" name="[329] /home/travis/build/icyphy/ptII/ptolemy/actor/lib/test/auto/Select.xml (RunModel)" time="0.013" />
  <testcase classname="ptolemy.util.test.junit.AutoTests" name="[330] /home/travis/build/icyphy/ptII/ptolemy/actor/lib/test/auto/Select2.xml (RunModel)" time="0.007" />
  <testcase classname="ptolemy.util.test.junit.AutoTests" name="[331] /home/travis/build/icyphy/ptII/ptolemy/actor/lib/test/auto/SequenceToArray2.xml (RunModel)" time="0.121" />
  <testcase classname="ptolemy.util.test.junit.AutoTests" name="[332] /home/travis/build/icyphy/ptII/ptolemy/actor/lib/test/auto/SequentialClock.xml (RunModel)" time="0.008" />
  <testcase classname="ptolemy.util.test.junit.AutoTests" name="[333] /home/travis/build/icyphy/ptII/ptolemy/actor/lib/test/auto/SetVariable.xml (RunModel)" time="0.01" />
  <testcase classname="ptolemy.util.test.junit.AutoTests" name="[334] /home/travis/build/icyphy/ptII/ptolemy/actor/lib/test/auto/SetVariable2.xml (RunModel)" time="0.01" />
  <testcase classname="ptolemy.util.test.junit.AutoTests" name="[335] /home/travis/build/icyphy/ptII/ptolemy/actor/lib/test/auto/SetVariable3.xml (RunModel)" time="0.014" />
  <testcase classname="ptolemy.util.test.junit.AutoTests" name="[336] /home/travis/build/icyphy/ptII/ptolemy/actor/lib/test/auto/SetVariable4.xml (RunModel)" time="0.022" />
  <testcase classname="ptolemy.util.test.junit.AutoTests" name="[337] /home/travis/build/icyphy/ptII/ptolemy/actor/lib/test/auto/SetVariable5.xml (RunModel)" time="0.033" />
  <testcase classname="ptolemy.util.test.junit.AutoTests" name="[338] /home/travis/build/icyphy/ptII/ptolemy/actor/lib/test/auto/Sinewave.xml (RunModel)" time="0.022" />
  <testcase classname="ptolemy.util.test.junit.AutoTests" name="[339] /home/travis/build/icyphy/ptII/ptolemy/actor/lib/test/auto/Sinewave2.xml (RunModel)" time="0.016" />
  <testcase classname="ptolemy.util.test.junit.AutoTests" name="[340] /home/travis/build/icyphy/ptII/ptolemy/actor/lib/test/auto/Sinewave3.xml (RunModel)" time="0.021" />
  <testcase classname="ptolemy.util.test.junit.AutoTests" name="[341] /home/travis/build/icyphy/ptII/ptolemy/actor/lib/test/auto/SingleEvent.xml (RunModel)" time="0.007" />
  <testcase classname="ptolemy.util.test.junit.AutoTests" name="[342] /home/travis/build/icyphy/ptII/ptolemy/actor/lib/test/auto/Sleep.xml (RunModel)" time="6.013" />
  <testcase classname="ptolemy.util.test.junit.AutoTests" name="[343] /home/travis/build/icyphy/ptII/ptolemy/actor/lib/test/auto/SleepMultipleFire.xml (RunModel)" time="1.022" />
  <testcase classname="ptolemy.util.test.junit.AutoTests" name="[344] /home/travis/build/icyphy/ptII/ptolemy/actor/lib/test/auto/StopDE.xml (RunModel)" time="0.016" />
  <testcase classname="ptolemy.util.test.junit.AutoTests" name="[345] /home/travis/build/icyphy/ptII/ptolemy/actor/lib/test/auto/StopSDF.xml (RunModel)" time="0.015" />
  <testcase classname="ptolemy.util.test.junit.AutoTests" name="[346] /home/travis/build/icyphy/ptII/ptolemy/actor/lib/test/auto/StringConstant.xml (RunModel)" time="0.016" />
  <testcase classname="ptolemy.util.test.junit.AutoTests" name="[347] /home/travis/build/icyphy/ptII/ptolemy/actor/lib/test/auto/SubscriberPortInitialValues1.xml (RunModel)" time="0.021" />
  <testcase classname="ptolemy.util.test.junit.AutoTests" name="[348] /home/travis/build/icyphy/ptII/ptolemy/actor/lib/test/auto/SubscriberPortInitialValues13.xml (RunModel)" time="0.023" />
  <testcase classname="ptolemy.util.test.junit.AutoTests" name="[349] /home/travis/build/icyphy/ptII/ptolemy/actor/lib/test/auto/SubscriberPortInitialValues14.xml (RunModel)" time="0.014" />
  <testcase classname="ptolemy.util.test.junit.AutoTests" name="[350] /home/travis/build/icyphy/ptII/ptolemy/actor/lib/test/auto/SubscriberPortInitialValues2.xml (RunModel)" time="0.024" />
  <testcase classname="ptolemy.util.test.junit.AutoTests" name="[351] /home/travis/build/icyphy/ptII/ptolemy/actor/lib/test/auto/SubscriberPortInitialValues3.xml (RunModel)" time="0.018" />
  <testcase classname="ptolemy.util.test.junit.AutoTests" name="[352] /home/travis/build/icyphy/ptII/ptolemy/actor/lib/test/auto/SubscriptionAggregator.xml (RunModel)" time="0.01" />
  <testcase classname="ptolemy.util.test.junit.AutoTests" name="[353] /home/travis/build/icyphy/ptII/ptolemy/actor/lib/test/auto/SubscriptionAggregator2.xml (RunModel)" time="0.011" />
  <testcase classname="ptolemy.util.test.junit.AutoTests" name="[354] /home/travis/build/icyphy/ptII/ptolemy/actor/lib/test/auto/SubscriptionAggregator3.xml (RunModel)" time="0.014" />
  <testcase classname="ptolemy.util.test.junit.AutoTests" name="[355] /home/travis/build/icyphy/ptII/ptolemy/actor/lib/test/auto/SubscriptionAggregatorMultiply.xml (RunModel)" time="0.012" />
  <testcase classname="ptolemy.util.test.junit.AutoTests" name="[356] /home/travis/build/icyphy/ptII/ptolemy/actor/lib/test/auto/SubscriptionAggregatorPortMultiply1.xml (RunModel)" time="0.012" />
  <testcase classname="ptolemy.util.test.junit.AutoTests" name="[357] /home/travis/build/icyphy/ptII/ptolemy/actor/lib/test/auto/Switch.xml (RunModel)" time="0.042" />
  <testcase classname="ptolemy.util.test.junit.AutoTests" name="[358] /home/travis/build/icyphy/ptII/ptolemy/actor/lib/test/auto/Switch2.xml (RunModel)" time="0.014" />
  <testcase classname="ptolemy.util.test.junit.AutoTests" name="[359] /home/travis/build/icyphy/ptII/ptolemy/actor/lib/test/auto/SwitchDE.xml (RunModel)" time="0.013" />
  <testcase classname="ptolemy.util.test.junit.AutoTests" name="[360] /home/travis/build/icyphy/ptII/ptolemy/actor/lib/test/auto/SynchronizerDE.xml (RunModel)" time="0.02" />
  <testcase classname="ptolemy.util.test.junit.AutoTests" name="[361] /home/travis/build/icyphy/ptII/ptolemy/actor/lib/test/auto/Test.xml (RunModel)" time="0.008" />
  <testcase classname="ptolemy.util.test.junit.AutoTests" name="[362] /home/travis/build/icyphy/ptII/ptolemy/actor/lib/test/auto/TestExceptionAttribute1.xml (RunModel)" time="0.006" />
  <testcase classname="ptolemy.util.test.junit.AutoTests" name="[363] /home/travis/build/icyphy/ptII/ptolemy/actor/lib/test/auto/TestExceptionAttribute2.xml (RunModel)" time="0.006" />
  <testcase classname="ptolemy.util.test.junit.AutoTests" name="[364] /home/travis/build/icyphy/ptII/ptolemy/actor/lib/test/auto/TestExceptionAttribute3.xml (RunModel)" time="0.006" />
  <testcase classname="ptolemy.util.test.junit.AutoTests" name="[365] /home/travis/build/icyphy/ptII/ptolemy/actor/lib/test/auto/TestExceptionAttribute4.xml (RunModel)" time="0.005" />
  <testcase classname="ptolemy.util.test.junit.AutoTests" name="[366] /home/travis/build/icyphy/ptII/ptolemy/actor/lib/test/auto/TestExceptionHandler1.xml (RunModel)" time="0.005" />
  <testcase classname="ptolemy.util.test.junit.AutoTests" name="[367] /home/travis/build/icyphy/ptII/ptolemy/actor/lib/test/auto/TestExceptionHandler2.xml (RunModel)" time="0.005" />
  <testcase classname="ptolemy.util.test.junit.AutoTests" name="[368] /home/travis/build/icyphy/ptII/ptolemy/actor/lib/test/auto/TestExceptionHandler3.xml (RunModel)" time="0.005" />
  <testcase classname="ptolemy.util.test.junit.AutoTests" name="[369] /home/travis/build/icyphy/ptII/ptolemy/actor/lib/test/auto/TestExceptionHandler4.xml (RunModel)" time="0.005" />
  <testcase classname="ptolemy.util.test.junit.AutoTests" name="[370] /home/travis/build/icyphy/ptII/ptolemy/actor/lib/test/auto/TestRequireCorrectOrder.xml (RunModel)" time="0.011" />
  <testcase classname="ptolemy.util.test.junit.AutoTests" name="[371] /home/travis/build/icyphy/ptII/ptolemy/actor/lib/test/auto/TestSimple.xml (RunModel)" time="0.005" />
  <testcase classname="ptolemy.util.test.junit.AutoTests" name="[372] /home/travis/build/icyphy/ptII/ptolemy/actor/lib/test/auto/ThrowModelError.xml (RunModel)" time="0.008" />
  <testcase classname="ptolemy.util.test.junit.AutoTests" name="[373] /home/travis/build/icyphy/ptII/ptolemy/actor/lib/test/auto/TimeDelayMicrosteps.xml (RunModel)" time="0.013" />
  <testcase classname="ptolemy.util.test.junit.AutoTests" name="[374] /home/travis/build/icyphy/ptII/ptolemy/actor/lib/test/auto/TimeDelayMicrosteps2.xml (RunModel)" time="0.014" />
  <testcase classname="ptolemy.util.test.junit.AutoTests" name="[375] /home/travis/build/icyphy/ptII/ptolemy/actor/lib/test/auto/TimeDelayMicrosteps3.xml (RunModel)" time="0.012" />
  <testcase classname="ptolemy.util.test.junit.AutoTests" name="[376] /home/travis/build/icyphy/ptII/ptolemy/actor/lib/test/auto/TimeDelayVariableMicrosteps.xml (RunModel)" time="0.01" />
  <testcase classname="ptolemy.util.test.junit.AutoTests" name="[377] /home/travis/build/icyphy/ptII/ptolemy/actor/lib/test/auto/TimeGap.xml (RunModel)" time="0.016" />
  <testcase classname="ptolemy.util.test.junit.AutoTests" name="[378] /home/travis/build/icyphy/ptII/ptolemy/actor/lib/test/auto/TimeGap2.xml (RunModel)" time="0.009" />
  <testcase classname="ptolemy.util.test.junit.AutoTests" name="[379] /home/travis/build/icyphy/ptII/ptolemy/actor/lib/test/auto/TimedSinewave.xml (RunModel)" time="0.051" />
  <testcase classname="ptolemy.util.test.junit.AutoTests" name="[380] /home/travis/build/icyphy/ptII/ptolemy/actor/lib/test/auto/TimedSinewavePhase.xml (RunModel)" time="0.029" />
  <testcase classname="ptolemy.util.test.junit.AutoTests" name="[381] /home/travis/build/icyphy/ptII/ptolemy/actor/lib/test/auto/Timer.xml (RunModel)" time="0.015" />
  <testcase classname="ptolemy.util.test.junit.AutoTests" name="[382] /home/travis/build/icyphy/ptII/ptolemy/actor/lib/test/auto/TriangularDistTestModel.xml (RunModel)" time="0.014" />
  <testcase classname="ptolemy.util.test.junit.AutoTests" name="[383] /home/travis/build/icyphy/ptII/ptolemy/actor/lib/test/auto/TrigFunction.xml (RunModel)" time="0.007" />
  <testcase classname="ptolemy.util.test.junit.AutoTests" name="[384] /home/travis/build/icyphy/ptII/ptolemy/actor/lib/test/auto/TrigFunctionDE.xml (RunModel)" time="0.009" />
  <testcase classname="ptolemy.util.test.junit.AutoTests" name="[385] /home/travis/build/icyphy/ptII/ptolemy/actor/lib/test/auto/TrigFunctionInverse.xml (RunModel)" time="0.007" />
  <testcase classname="ptolemy.util.test.junit.AutoTests" name="[386] /home/travis/build/icyphy/ptII/ptolemy/actor/lib/test/auto/TrigFunctionTan.xml (RunModel)" time="0.005" />
  <testcase classname="ptolemy.util.test.junit.AutoTests" name="[387] /home/travis/build/icyphy/ptII/ptolemy/actor/lib/test/auto/TriggeredClock.xml (RunModel)" time="0.007" />
  <testcase classname="ptolemy.util.test.junit.AutoTests" name="[388] /home/travis/build/icyphy/ptII/ptolemy/actor/lib/test/auto/URLDirectoryReader.xml (RunModel)" time="0.133" />
  <testcase classname="ptolemy.util.test.junit.AutoTests" name="[389] /home/travis/build/icyphy/ptII/ptolemy/actor/lib/test/auto/URLDirectoryReader3.xml (RunModel)" time="2.276" />
  <testcase classname="ptolemy.util.test.junit.AutoTests" name="[390] /home/travis/build/icyphy/ptII/ptolemy/actor/lib/test/auto/UnaryMathFunction.xml (RunModel)" time="0.029" />
  <testcase classname="ptolemy.util.test.junit.AutoTests" name="[391] /home/travis/build/icyphy/ptII/ptolemy/actor/lib/test/auto/Uniform.xml (RunModel)" time="0.011" />
  <testcase classname="ptolemy.util.test.junit.AutoTests" name="[392] /home/travis/build/icyphy/ptII/ptolemy/actor/lib/test/auto/UnionDisassemblerTest.xml (RunModel)" time="0.016" />
  <testcase classname="ptolemy.util.test.junit.AutoTests" name="[393] /home/travis/build/icyphy/ptII/ptolemy/actor/lib/test/auto/UtilityFunctions.xml (RunModel)" time="0.007" />
  <testcase classname="ptolemy.util.test.junit.AutoTests" name="[394] /home/travis/build/icyphy/ptII/ptolemy/actor/lib/test/auto/VariableSleep.xml (RunModel)" time="0.51" />
  <testcase classname="ptolemy.util.test.junit.AutoTests" name="[395] /home/travis/build/icyphy/ptII/ptolemy/actor/lib/test/auto/VectorAssemblerDisassemblerCT.xml (RunModel)" time="0.095" />
  <testcase classname="ptolemy.util.test.junit.AutoTests" name="[396] /home/travis/build/icyphy/ptII/ptolemy/actor/lib/test/auto/VectorAssemblerDisassemblerDE.xml (RunModel)" time="0.013" />
  <testcase classname="ptolemy.util.test.junit.AutoTests" name="[397] /home/travis/build/icyphy/ptII/ptolemy/actor/lib/test/auto/VectorAssemblerDisassemblerSDF.xml (RunModel)" time="0.012" />
  <testcase classname="ptolemy.util.test.junit.AutoTests" name="[398] /home/travis/build/icyphy/ptII/ptolemy/actor/lib/test/auto/WallClockTime.xml (RunModel)" time="1.011" />
  <testcase classname="ptolemy.util.test.junit.AutoTests" name="[399] /home/travis/build/icyphy/ptII/ptolemy/actor/lib/test/auto/WidthTestWithSubscriberPublisher.xml (RunModel)" time="0.035" />
  <testcase classname="ptolemy.util.test.junit.AutoTests" name="[400] /home/travis/build/icyphy/ptII/ptolemy/actor/lib/test/auto/WidthTestWithSubscriberPublisher2.xml (RunModel)" time="0.021" />
  <testcase classname="ptolemy.util.test.junit.AutoTests" name="[401] /home/travis/build/icyphy/ptII/ptolemy/actor/lib/test/auto/WidthTestWithSubscriberPublisher3.xml (RunModel)" time="0.01" />
  <testcase classname="ptolemy.util.test.junit.AutoTests" name="[402] /home/travis/build/icyphy/ptII/ptolemy/actor/lib/test/auto/Writer.xml (RunModel)" time="0.007" />
  <testcase classname="ptolemy.util.test.junit.AutoTests" name="[403] /home/travis/build/icyphy/ptII/ptolemy/actor/lib/test/auto/array.xml (RunModel)" time="0.024" />
  <testcase classname="ptolemy.util.test.junit.AutoTests" name="[404] /home/travis/build/icyphy/ptII/ptolemy/actor/lib/test/auto/array2.xml (RunModel)" time="0.009" />
  <testcase classname="ptolemy.util.test.junit.AutoTests" name="[405] /home/travis/build/icyphy/ptII/ptolemy/actor/lib/test/auto/arrayType.xml (RunModel)" time="0.009" />
  <testcase classname="ptolemy.util.test.junit.AutoTests" name="[406] /home/travis/build/icyphy/ptII/ptolemy/actor/lib/test/auto/arrayType10.xml (RunModel)" time="0.007" />
  <testcase classname="ptolemy.util.test.junit.AutoTests" name="[407] /home/travis/build/icyphy/ptII/ptolemy/actor/lib/test/auto/arrayType11.xml (RunModel)" time="0.007" />
  <testcase classname="ptolemy.util.test.junit.AutoTests" name="[408] /home/travis/build/icyphy/ptII/ptolemy/actor/lib/test/auto/arrayType12.xml (RunModel)" time="0.008" />
  <testcase classname="ptolemy.util.test.junit.AutoTests" name="[409] /home/travis/build/icyphy/ptII/ptolemy/actor/lib/test/auto/arrayType13.xml (RunModel)" time="0.008" />
  <testcase classname="ptolemy.util.test.junit.AutoTests" name="[410] /home/travis/build/icyphy/ptII/ptolemy/actor/lib/test/auto/arrayType14.xml (RunModel)" time="0.008" />
  <testcase classname="ptolemy.util.test.junit.AutoTests" name="[411] /home/travis/build/icyphy/ptII/ptolemy/actor/lib/test/auto/arrayType15.xml (RunModel)" time="0.008" />
  <testcase classname="ptolemy.util.test.junit.AutoTests" name="[412] /home/travis/build/icyphy/ptII/ptolemy/actor/lib/test/auto/arrayType16.xml (RunModel)" time="0.007" />
  <testcase classname="ptolemy.util.test.junit.AutoTests" name="[413] /home/travis/build/icyphy/ptII/ptolemy/actor/lib/test/auto/arrayType17.xml (RunModel)" time="0.007" />
  <testcase classname="ptolemy.util.test.junit.AutoTests" name="[414] /home/travis/build/icyphy/ptII/ptolemy/actor/lib/test/auto/arrayType18.xml (RunModel)" time="0.006" />
  <testcase classname="ptolemy.util.test.junit.AutoTests" name="[415] /home/travis/build/icyphy/ptII/ptolemy/actor/lib/test/auto/arrayType19.xml (RunModel)" time="0.007" />
  <testcase classname="ptolemy.util.test.junit.AutoTests" name="[416] /home/travis/build/icyphy/ptII/ptolemy/actor/lib/test/auto/arrayType2.xml (RunModel)" time="0.007" />
  <testcase classname="ptolemy.util.test.junit.AutoTests" name="[417] /home/travis/build/icyphy/ptII/ptolemy/actor/lib/test/auto/arrayType20.xml (RunModel)" time="0.006" />
  <testcase classname="ptolemy.util.test.junit.AutoTests" name="[418] /home/travis/build/icyphy/ptII/ptolemy/actor/lib/test/auto/arrayType21.xml (RunModel)" time="0.006" />
  <testcase classname="ptolemy.util.test.junit.AutoTests" name="[419] /home/travis/build/icyphy/ptII/ptolemy/actor/lib/test/auto/arrayType22.xml (RunModel)" time="0.006" />
  <testcase classname="ptolemy.util.test.junit.AutoTests" name="[420] /home/travis/build/icyphy/ptII/ptolemy/actor/lib/test/auto/arrayType23.xml (RunModel)" time="0.006" />
  <testcase classname="ptolemy.util.test.junit.AutoTests" name="[421] /home/travis/build/icyphy/ptII/ptolemy/actor/lib/test/auto/arrayType24.xml (RunModel)" time="0.014" />
  <testcase classname="ptolemy.util.test.junit.AutoTests" name="[422] /home/travis/build/icyphy/ptII/ptolemy/actor/lib/test/auto/arrayType25.xml (RunModel)" time="0.007" />
  <testcase classname="ptolemy.util.test.junit.AutoTests" name="[423] /home/travis/build/icyphy/ptII/ptolemy/actor/lib/test/auto/arrayType26.xml (RunModel)" time="0.007" />
  <testcase classname="ptolemy.util.test.junit.AutoTests" name="[424] /home/travis/build/icyphy/ptII/ptolemy/actor/lib/test/auto/arrayType27.xml (RunModel)" time="0.008" />
  <testcase classname="ptolemy.util.test.junit.AutoTests" name="[425] /home/travis/build/icyphy/ptII/ptolemy/actor/lib/test/auto/arrayType28.xml (RunModel)" time="0.008" />
  <testcase classname="ptolemy.util.test.junit.AutoTests" name="[426] /home/travis/build/icyphy/ptII/ptolemy/actor/lib/test/auto/arrayType3.xml (RunModel)" time="0.008" />
  <testcase classname="ptolemy.util.test.junit.AutoTests" name="[427] /home/travis/build/icyphy/ptII/ptolemy/actor/lib/test/auto/arrayType4.xml (RunModel)" time="0.007" />
  <testcase classname="ptolemy.util.test.junit.AutoTests" name="[428] /home/travis/build/icyphy/ptII/ptolemy/actor/lib/test/auto/arrayType5.xml (RunModel)" time="0.007" />
  <testcase classname="ptolemy.util.test.junit.AutoTests" name="[429] /home/travis/build/icyphy/ptII/ptolemy/actor/lib/test/auto/arrayType6.xml (RunModel)" time="0.007" />
  <testcase classname="ptolemy.util.test.junit.AutoTests" name="[430] /home/travis/build/icyphy/ptII/ptolemy/actor/lib/test/auto/arrayType7.xml (RunModel)" time="0.007" />
  <testcase classname="ptolemy.util.test.junit.AutoTests" name="[431] /home/travis/build/icyphy/ptII/ptolemy/actor/lib/test/auto/arrayType8.xml (RunModel)" time="0.007" />
  <testcase classname="ptolemy.util.test.junit.AutoTests" name="[432] /home/travis/build/icyphy/ptII/ptolemy/actor/lib/test/auto/arrayType9.xml (RunModel)" time="0.023" />
  <testcase classname="ptolemy.util.test.junit.AutoTests" name="[433] /home/travis/build/icyphy/ptII/ptolemy/actor/lib/test/auto/cast.xml (RunModel)" time="0.007" />
  <testcase classname="ptolemy.util.test.junit.AutoTests" name="[434] /home/travis/build/icyphy/ptII/ptolemy/actor/lib/test/auto/compositeMultiPort.xml (RunModel)" time="0.016" />
  <testcase classname="ptolemy.util.test.junit.AutoTests" name="[435] /home/travis/build/icyphy/ptII/ptolemy/actor/lib/test/auto/expressionCastInference.xml (RunModel)" time="0.007" />
  <testcase classname="ptolemy.util.test.junit.AutoTests" name="[436] /home/travis/build/icyphy/ptII/ptolemy/actor/lib/test/auto/expressionCastInference2.xml (RunModel)" time="0.007" />
  <testcase classname="ptolemy.util.test.junit.AutoTests" name="[437] /home/travis/build/icyphy/ptII/ptolemy/actor/lib/test/auto/expressionInference.xml (RunModel)" time="0.006" />
  <testcase classname="ptolemy.util.test.junit.AutoTests" name="[438] /home/travis/build/icyphy/ptII/ptolemy/actor/lib/test/auto/expression_bug.xml (RunModel)" time="0.006" />
  <testcase classname="ptolemy.util.test.junit.AutoTests" name="[439] /home/travis/build/icyphy/ptII/ptolemy/actor/lib/test/auto/factorial.xml (RunModel)" time="0.05" />
  <testcase classname="ptolemy.util.test.junit.AutoTests" name="[440] /home/travis/build/icyphy/ptII/ptolemy/actor/lib/test/auto/filterTest1.xml (RunModel)" time="0.014" />
  <testcase classname="ptolemy.util.test.junit.AutoTests" name="[441] /home/travis/build/icyphy/ptII/ptolemy/actor/lib/test/auto/funcApplyInConst.xml (RunModel)" time="0.005" />
  <testcase classname="ptolemy.util.test.junit.AutoTests" name="[442] /home/travis/build/icyphy/ptII/ptolemy/actor/lib/test/auto/funcApplyInExpr.xml (RunModel)" time="0.005" />
  <testcase classname="ptolemy.util.test.junit.AutoTests" name="[443] /home/travis/build/icyphy/ptII/ptolemy/actor/lib/test/auto/function.xml (RunModel)" time="0.012" />
  <testcase classname="ptolemy.util.test.junit.AutoTests" name="[444] /home/travis/build/icyphy/ptII/ptolemy/actor/lib/test/auto/function2.xml (RunModel)" time="0.007" />
  <testcase classname="ptolemy.util.test.junit.AutoTests" name="[445] /home/travis/build/icyphy/ptII/ptolemy/actor/lib/test/auto/function3.xml (RunModel)" time="0.006" />
  <testcase classname="ptolemy.util.test.junit.AutoTests" name="[446] /home/travis/build/icyphy/ptII/ptolemy/actor/lib/test/auto/functionClosureTest1.xml (RunModel)" time="0.008" />
  <testcase classname="ptolemy.util.test.junit.AutoTests" name="[447] /home/travis/build/icyphy/ptII/ptolemy/actor/lib/test/auto/functionClosureTest2.xml (RunModel)" time="0.005" />
  <testcase classname="ptolemy.util.test.junit.AutoTests" name="[448] /home/travis/build/icyphy/ptII/ptolemy/actor/lib/test/auto/functionClosureTest3.xml (RunModel)" time="0.008" />
  <testcase classname="ptolemy.util.test.junit.AutoTests" name="[449] /home/travis/build/icyphy/ptII/ptolemy/actor/lib/test/auto/functionClosureTest4.xml (RunModel)" time="0.013" />
  <testcase classname="ptolemy.util.test.junit.AutoTests" name="[450] /home/travis/build/icyphy/ptII/ptolemy/actor/lib/test/auto/functionClosureTest5.xml (RunModel)" time="0.013" />
  <testcase classname="ptolemy.util.test.junit.AutoTests" name="[451] /home/travis/build/icyphy/ptII/ptolemy/actor/lib/test/auto/functionClosureTest6.xml (RunModel)" time="0.008" />
  <testcase classname="ptolemy.util.test.junit.AutoTests" name="[452] /home/travis/build/icyphy/ptII/ptolemy/actor/lib/test/auto/functionsOnArcs.xml (RunModel)" time="0.008" />
  <testcase classname="ptolemy.util.test.junit.AutoTests" name="[453] /home/travis/build/icyphy/ptII/ptolemy/actor/lib/test/auto/functionsOnArcsHOF.xml (RunModel)" time="0.01" />
  <testcase classname="ptolemy.util.test.junit.AutoTests" name="[454] /home/travis/build/icyphy/ptII/ptolemy/actor/lib/test/auto/logic.xml (RunModel)" time="0.016" />
  <testcase classname="ptolemy.util.test.junit.AutoTests" name="[455] /home/travis/build/icyphy/ptII/ptolemy/actor/lib/test/auto/matrixType.xml (RunModel)" time="0.008" />
  <testcase classname="ptolemy.util.test.junit.AutoTests" name="[456] /home/travis/build/icyphy/ptII/ptolemy/actor/lib/test/auto/matrixType10.xml (RunModel)" time="0.008" />
  <testcase classname="ptolemy.util.test.junit.AutoTests" name="[457] /home/travis/build/icyphy/ptII/ptolemy/actor/lib/test/auto/matrixType11.xml (RunModel)" time="0.008" />
  <testcase classname="ptolemy.util.test.junit.AutoTests" name="[458] /home/travis/build/icyphy/ptII/ptolemy/actor/lib/test/auto/matrixType12.xml (RunModel)" time="0.01" />
  <testcase classname="ptolemy.util.test.junit.AutoTests" name="[459] /home/travis/build/icyphy/ptII/ptolemy/actor/lib/test/auto/matrixType13.xml (RunModel)" time="0.007" />
  <testcase classname="ptolemy.util.test.junit.AutoTests" name="[460] /home/travis/build/icyphy/ptII/ptolemy/actor/lib/test/auto/matrixType14.xml (RunModel)" time="0.009" />
  <testcase classname="ptolemy.util.test.junit.AutoTests" name="[461] /home/travis/build/icyphy/ptII/ptolemy/actor/lib/test/auto/matrixType2.xml (RunModel)" time="0.007" />
  <testcase classname="ptolemy.util.test.junit.AutoTests" name="[462] /home/travis/build/icyphy/ptII/ptolemy/actor/lib/test/auto/matrixType3.xml (RunModel)" time="0.009" />
  <testcase classname="ptolemy.util.test.junit.AutoTests" name="[463] /home/travis/build/icyphy/ptII/ptolemy/actor/lib/test/auto/matrixType4.xml (RunModel)" time="0.007" />
  <testcase classname="ptolemy.util.test.junit.AutoTests" name="[464] /home/travis/build/icyphy/ptII/ptolemy/actor/lib/test/auto/matrixType5.xml (RunModel)" time="0.007" />
  <testcase classname="ptolemy.util.test.junit.AutoTests" name="[465] /home/travis/build/icyphy/ptII/ptolemy/actor/lib/test/auto/matrixType6.xml (RunModel)" time="0.006" />
  <testcase classname="ptolemy.util.test.junit.AutoTests" name="[466] /home/travis/build/icyphy/ptII/ptolemy/actor/lib/test/auto/matrixType7.xml (RunModel)" time="0.009" />
  <testcase classname="ptolemy.util.test.junit.AutoTests" name="[467] /home/travis/build/icyphy/ptII/ptolemy/actor/lib/test/auto/matrixType8.xml (RunModel)" time="0.008" />
  <testcase classname="ptolemy.util.test.junit.AutoTests" name="[468] /home/travis/build/icyphy/ptII/ptolemy/actor/lib/test/auto/matrixType9.xml (RunModel)" time="0.007" />
  <testcase classname="ptolemy.util.test.junit.AutoTests" name="[469] /home/travis/build/icyphy/ptII/ptolemy/actor/lib/test/auto/paraFunctest.xml (RunModel)" time="0.005" />
  <testcase classname="ptolemy.util.test.junit.AutoTests" name="[470] /home/travis/build/icyphy/ptII/ptolemy/actor/lib/test/auto/paraFunctest2.xml (RunModel)" time="0.01" />
  <testcase classname="ptolemy.util.test.junit.AutoTests" name="[471] /home/travis/build/icyphy/ptII/ptolemy/actor/lib/test/auto/parameterPassing.xml (RunModel)" time="0.007" />
  <testcase classname="ptolemy.util.test.junit.AutoTests" name="[472] /home/travis/build/icyphy/ptII/ptolemy/actor/lib/test/auto/record.xml (RunModel)" time="0.009" />
  <testcase classname="ptolemy.util.test.junit.AutoTests" name="[473] /home/travis/build/icyphy/ptII/ptolemy/actor/lib/test/auto/sizedarray1.xml (RunModel)" time="0.008" />
  <testcase classname="ptolemy.util.test.junit.AutoTests" name="[474] /home/travis/build/icyphy/ptII/ptolemy/actor/lib/test/auto/sizedarray2.xml (RunModel)" time="0.01" />
  <testcase classname="ptolemy.util.test.junit.AutoTests" name="[475] /home/travis/build/icyphy/ptII/ptolemy/actor/lib/test/auto/twoPublishers.xml (RunModel)" time="0.023" />
  <system-out><![CDATA[/home/travis/build/icyphy/ptII/ptolemy/actor/lib/test/AbsoluteValue.tcl
testDefs.tcl: setting time out to 9000 seconds at Tue Jul 02 04:47:45 UTC 2019
97 ms. Memory: 120832K Free: 100233K (83%)
5 ms. Memory: 120832K Free: 98499K (82%)
5 ms. Memory: 120832K Free: 97595K (81%)
4 ms. Memory: 120832K Free: 96855K (80%)
/home/travis/build/icyphy/ptII/ptolemy/actor/lib/test/AddSubtract.tcl
18 ms. Memory: 120832K Free: 107899K (89%)
9 ms. Memory: 120832K Free: 106883K (88%)
16 ms. Memory: 120832K Free: 106445K (88%)
15 ms. Memory: 120832K Free: 105423K (87%)
77 ms. Memory: 120832K Free: 102364K (85%)
5 ms. Memory: 120832K Free: 101733K (84%)
/home/travis/build/icyphy/ptII/ptolemy/actor/lib/test/Average.tcl
6 ms. Memory: 120832K Free: 100287K (83%)
6 ms. Memory: 120832K Free: 98669K (82%)
/home/travis/build/icyphy/ptII/ptolemy/actor/lib/test/Bernoulli.tcl
4 ms. Memory: 120832K Free: 97207K (80%)
2 ms. Memory: 120832K Free: 97067K (80%)
/home/travis/build/icyphy/ptII/ptolemy/actor/lib/test/Clock.tcl
preinitializing
resolving types
initializing
executing number 1
wrapping up
idle
20 ms. Memory: 120832K Free: 94172K (78%)
Completed execution with 5 iterations
preinitializing
resolving types
initializing
executing number 1
wrapping up
idle
4 ms. Memory: 120832K Free: 93533K (77%)
Completed execution with 5 iterations
preinitializing
resolving types
initializing
executing number 1
wrapping up
idle
4 ms. Memory: 120832K Free: 92971K (77%)
Completed execution with 5 iterations
/home/travis/build/icyphy/ptII/ptolemy/actor/lib/test/Commutator.tcl
7 ms. Memory: 120832K Free: 90923K (75%)
6 ms. Memory: 120832K Free: 89899K (74%)


==== $PTII/ptolemy/actor/lib/test/Commutator.tcl: Commutator-4.1 run with mutations
==== Contents of test case:

    # Grab stdout and put it into results
    jdkCapture {
	$m addChangeListener  [java::new ptolemy.kernel.util.StreamChangeListener]

	set dir [$e0 getDirector]
	#	$dir addDebugListener  #		[java::new ptolemy.kernel.util.StreamListener]
	$m initialize
	$m iterate
	set c1 [java::new ptolemy.moml.MoMLChangeRequest $e0 $e0  {<deleteEntity name="ramp1"/>}]
	set c2 [java::new ptolemy.moml.MoMLChangeRequest $e0 $e0  {<deleteRelation name="r1"/>}]
	$e0 requestChange $c1
	$e0 requestChange $c2
	$m iterate
	$m wrapup
    } results
    # The MoML within <group> ...</group> comes 
    # from SDFScheduler._setBufferSize
    list $results  [enumToTokenValues [$rec getRecord 0]]

==== Result was:
{} {0 0 1}
---- Result should have been:
{StreamChangeRequest.changeExecuted(): <deleteEntity name="ramp1"/> succeeded
StreamChangeRequest.changeExecuted(): <deleteRelation name="r1"/> succeeded
StreamChangeRequest.changeExecuted(): Record firings per iteration succeeded
} {0 0 1}
---- Commutator-4.1 FAILED
10 ms. Memory: 173056K Free: 156592K (90%)
/home/travis/build/icyphy/ptII/ptolemy/actor/lib/test/Const.tcl
4 ms. Memory: 173056K Free: 154544K (89%)
2 ms. Memory: 173056K Free: 154544K (89%)
3 ms. Memory: 173056K Free: 154030K (89%)
3 ms. Memory: 173056K Free: 153006K (88%)
2 ms. Memory: 173056K Free: 152496K (88%)
18 ms. Memory: 173056K Free: 150958K (87%)
12 ms. Memory: 173056K Free: 149920K (87%)
10 ms. Memory: 173056K Free: 148894K (86%)
/home/travis/build/icyphy/ptII/ptolemy/actor/lib/test/CurrentTime.tcl
preinitializing
resolving types
initializing
executing number 1
wrapping up
idle
14 ms. Memory: 173056K Free: 146862K (85%)
Completed execution with 11 iterations
/home/travis/build/icyphy/ptII/ptolemy/actor/lib/test/DB.tcl
5 ms. Memory: 173056K Free: 145328K (84%)
2 ms. Memory: 173056K Free: 144814K (84%)
2 ms. Memory: 173056K Free: 144304K (83%)
/home/travis/build/icyphy/ptII/ptolemy/actor/lib/test/DiscreteRandomSource.tcl
preinitializing
resolving types
initializing
executing number 1
wrapping up
idle
14 ms. Memory: 173056K Free: 143280K (83%)
Completed execution with 4 iterations
preinitializing
resolving types
initializing
executing number 1
wrapping up
idle
3 ms. Memory: 173056K Free: 142766K (82%)
Completed execution with 4 iterations
preinitializing
resolving types
initializing
executing number 1
wrapping up
idle
15 ms. Memory: 173056K Free: 142254K (82%)
Completed execution with 4 iterations
preinitializing
resolving types
initializing
executing number 1
wrapping up
idle
8 ms. Memory: 173056K Free: 141726K (82%)
Completed execution with 4 iterations
preinitializing
resolving types
initializing
executing number 1
wrapping up
idle
4 ms. Memory: 173056K Free: 141232K (82%)
Completed execution with 4 iterations
/home/travis/build/icyphy/ptII/ptolemy/actor/lib/test/Distributor.tcl
6 ms. Memory: 173056K Free: 139680K (81%)
5 ms. Memory: 173056K Free: 138670K (80%)
StreamChangeRequest.changeExecuted(): <deleteEntity name="rec2"/> succeeded
StreamChangeRequest.changeExecuted(): <deleteRelation name="r2"/> succeeded
StreamChangeRequest.changeExecuted(): Record firings per iteration succeeded
12 ms. Memory: 173056K Free: 136112K (79%)
/home/travis/build/icyphy/ptII/ptolemy/actor/lib/test/Exit.tcl
Exit.tcl: this will print a message about Manager.exitAfterWrapup, which can be ignored.
8 ms. Memory: 173056K Free: 133366K (77%)
/home/travis/build/icyphy/ptII/ptolemy/actor/lib/test/Expression.tcl
26 ms. Memory: 173056K Free: 129448K (75%)
11 ms. Memory: 173056K Free: 128944K (75%)
4 ms. Memory: 173056K Free: 128416K (74%)
preinitializing
resolving types
initializing
executing number 1
wrapping up
idle
12 ms. Memory: 173056K Free: 126896K (73%)
Completed execution with 6 iterations
14 ms. Memory: 173056K Free: 125872K (73%)
25 ms. Memory: 173056K Free: 158954K (92%)
5 ms. Memory: 173056K Free: 157434K (91%)
3 ms. Memory: 173056K Free: 156410K (90%)
7 ms. Memory: 173056K Free: 154872K (89%)
/home/travis/build/icyphy/ptII/ptolemy/actor/lib/test/Gaussian.tcl
8 ms. Memory: 173056K Free: 153338K (89%)
sleeping 1 seconds: ..................................................................................................................................................................................................................................................................................................................................................................................................................................................................................................................................................................................................................................................................................................................................................................................................................................................................................................................................................................................................................................................................................................................................................................................................................................................................................................................................................................................................................................................................................................................................................................................................................................................................................................................................................................................................................................................................................................................................................................................................................................................................................................................................................................................................................................................................................................................................................................................................................................................................................................................................................................................................................................................................................................................................................................................................................................................................................................................................................................................................................................................................................................................................................................................................................................................................................................................................................................................................................................................................................................................................................................................................................................................................................................................................................................................................................................................................................................................................................................................................................................................................................................................................................................................................................................................................................................................................................................................................................................................................................................................................................................................................................................................................................................................................................................................................................................................................................................................................................................................................................................................................................................................................................................................................................................................................................................................................................................................................................................................................................................................................................................................................................................................................................................................................................................................................................................................................................................................................................................................................................................................................................................................................................................................................................................................................................................................................................................................................................................................................................................................................................................................................................................................................................................................................................................................................................................................................................................................................................................................................................................................................................................................................................................................................................................................................................................................................................................................................................................................................................................................................................................................................................................................................................................................................................................................................................................................................................................................................................................................................................................................................................................................................................................................................................................................................................................................................................................................................................................................................................................................................................................................................................................................................................................................................................................................................................................................................................................................................................................................................................................................................................................................................................................................................................................................................................................................................................................................................................................................................................................................................................................................................................................................................................................................................................................................................................................................................................................................................................................................................................................................................................................................................................................................................................................................................................................................................................................................................................................................................................................................................................................................................................................................................................................................................................................................................................................................................................................................................................................................................................................................................................................................................................................................................................................................................................................................................................................................................................................................................................................................................................................................................................................................................................................................................................................................................................................................................................................................................................................................................................................................................................................................................................................................................................................................................................................................................................................................................................................................................................................................................................................................................................................................................................................................................................................................................................................................................................................................................................................................................................................................................................................................................................................................................................................................................................................................................................................................................................................................................................................................................................................................................................................................................................................................................................................................................................................................................................................................................................................................................................................................................................................................................................................................................................................................................................................................................................................................................................................................................................................................................................................................................................................................................................................................................................................................................................................................................................................................................................................................................................................................................................................................................................................................................................................................................................................................................................................................................................................................................................................................................................................................................................................................................................................................................................................................................................................................................................................................................................................................................................................................................................................................................................................................................................................................................................................................................................................................................................................................................................................................................................................................................................................................................................................................................................................................................................................................................................................................................................................................................................................................................................................................................................................................................................................................................................................................................................................................................................................................................................................................................................................................................................................................................................................................................................................................................................................................................................................................................................................................................2 ms. Memory: 173056K Free: 141760K (82%)
2 ms. Memory: 173056K Free: 141232K (82%)
1 ms. Memory: 173056K Free: 140736K (81%)
2 ms. Memory: 173056K Free: 140184K (81%)
2 ms. Memory: 173056K Free: 139198K (80%)
/home/travis/build/icyphy/ptII/ptolemy/actor/lib/test/IIR.tcl
/home/travis/build/icyphy/ptII/ptolemy/actor/lib/test/Interpolator.tcl
4 ms. Memory: 173056K Free: 135616K (78%)
2 ms. Memory: 173056K Free: 135088K (78%)
2 ms. Memory: 173056K Free: 134592K (78%)
1 ms. Memory: 173056K Free: 134078K (77%)
2 ms. Memory: 173056K Free: 133054K (77%)
2 ms. Memory: 173056K Free: 132030K (76%)
2 ms. Memory: 173056K Free: 131520K (76%)
2 ms. Memory: 173056K Free: 130496K (75%)
2 ms. Memory: 173056K Free: 129472K (75%)
2 ms. Memory: 173056K Free: 128448K (74%)
/home/travis/build/icyphy/ptII/ptolemy/actor/lib/test/MathFunction.tcl
3 ms. Memory: 173056K Free: 126400K (73%)
2 ms. Memory: 173056K Free: 125376K (72%)
1 ms. Memory: 173056K Free: 124352K (72%)
2 ms. Memory: 173056K Free: 123328K (71%)
3 ms. Memory: 173056K Free: 122304K (71%)
8 ms. Memory: 173056K Free: 120256K (69%)
/home/travis/build/icyphy/ptII/ptolemy/actor/lib/test/Maximum.tcl
3 ms. Memory: 173056K Free: 118208K (68%)
7 ms. Memory: 173056K Free: 117688K (68%)
2 ms. Memory: 173056K Free: 117184K (68%)
2 ms. Memory: 173056K Free: 116160K (67%)
/home/travis/build/icyphy/ptII/ptolemy/actor/lib/test/Minimum.tcl
4 ms. Memory: 173056K Free: 114622K (66%)
2 ms. Memory: 173056K Free: 114112K (66%)
2 ms. Memory: 173056K Free: 113598K (66%)
2 ms. Memory: 173056K Free: 112574K (65%)
/home/travis/build/icyphy/ptII/ptolemy/actor/lib/test/MultiplyDivide.tcl
4 ms. Memory: 173056K Free: 110526K (64%)
3 ms. Memory: 173056K Free: 110016K (64%)
2 ms. Memory: 173056K Free: 109488K (63%)
2 ms. Memory: 173056K Free: 108478K (63%)
2 ms. Memory: 173056K Free: 107968K (62%)
/home/travis/build/icyphy/ptII/ptolemy/actor/lib/test/OrderedMerge.tcl
Connections changed on port: inputA
Connections changed on port: inputB
Connections changed on port: output
Connections changed on port: output
Connections changed on port: output
Connections changed on port: input
.top. Preinitializing ...
Invoking preinitialize():  .top.OrderedMerge
Called preinitialize()
Invoking preinitialize():  .top.Ramp
Called preinitialize()
Invoking preinitialize():  .top.Ramp2
Called preinitialize()
Invoking preinitialize():  .top.Test
Called preinitialize()
Connections changed on port: inputA
Connections changed on port: output
Connections changed on port: output
Connections changed on port: input
Connections changed on port: inputB
Connections changed on port: output
.top. Finished preinitialize().
Called initialize().
Invoking initialize():  .top.OrderedMerge
Initializing actor: .top.OrderedMerge
Adding a thread: .top.OrderedMerge
Invoking initialize():  .top.Ramp
Initializing actor: .top.Ramp
Adding a thread: .top.Ramp
Invoking initialize():  .top.Ramp2
Initializing actor: .top.Ramp2
Adding a thread: .top.Ramp2
Invoking initialize():  .top.Test
Initializing actor: .top.Test
Adding a thread: .top.Test
Called fire().
-- Starting thread.
Checking for deadlock:
Called initialize()
Called prefire()
Called fire()
-- Starting thread.
Called initialize()
-- Starting thread.
Called initialize()
Called prefire()
Called prefire()
Called fire()
Called fire()
-- Starting thread.
Called initialize()
Called prefire()
Called fire()
There are 0 Blocked actors, 0 Stopped actors, and 4 active threads.
Waiting for actors to stop.
Called postfire()
Called postfire()
Called prefire()
Called prefire()
Called fire()
Called fire()
Checking for deadlock:
There are 1 Blocked actors, 0 Stopped actors, and 4 active threads.
Waiting for actors to stop.
Called postfire()
Called prefire()
Called fire()
Checking for deadlock:
There are 2 Blocked actors, 0 Stopped actors, and 4 active threads.
Waiting for actors to stop.
Checking for deadlock:
There are 3 Blocked actors, 0 Stopped actors, and 4 active threads.
Waiting for actors to stop.
Read input token from inputA with value 0.0
Next port to read input from is inputB
Called postfire()
Called prefire()
Called fire()
Called postfire()
Called prefire()
Called fire()
Read input token from inputB with value 0.0
Sent output token with value 0.0
Next port to read input from is inputA
Called postfire()
Called prefire()
Called fire()
Read input token from inputA with value 1.0
Checking for deadlock:
There are 2 Blocked actors, 0 Stopped actors, and 4 active threads.
Waiting for actors to stop.
Called postfire()
Called prefire()
Called fire()
Checking for deadlock:
There are 2 Blocked actors, 0 Stopped actors, and 4 active threads.
Waiting for actors to stop.
-- Read input: 0.0, which is expected to match: 0.0
Called prefire()
Called fire()
Checking for deadlock:
There are 3 Blocked actors, 0 Stopped actors, and 4 active threads.
Waiting for actors to stop.
Sent output token with value 0.0
-- Read input: 0.0, which is expected to match: 0.0
Called prefire()
Next port to read input from is inputB
Called fire()
Called postfire()
Called prefire()
Called fire()
Checking for deadlock:
There are 2 Blocked actors, 0 Stopped actors, and 4 active threads.
Read input token from inputB with value 1.5
Waiting for actors to stop.
Called postfire()
Called prefire()
Sent output token with value 1.0
Called fire()
Next port to read input from is inputA
Called postfire()
Called prefire()
Called fire()
Read input token from inputA with value 2.0
Called postfire()
Called prefire()
Called fire()
-- Read input: 1.0, which is expected to match: 1.0
Called prefire()
Called fire()
Sent output token with value 1.5
Next port to read input from is inputB
Called postfire()
Called prefire()
Called fire()
Read input token from inputB with value 3.0
Checking for deadlock:
There are 2 Blocked actors, 0 Stopped actors, and 4 active threads.
Waiting for actors to stop.
Called postfire()
Called prefire()
Called fire()
-- Read input: 1.5, which is expected to match: 1.5
Called prefire()
Called fire()
Checking for deadlock:
There are 3 Blocked actors, 0 Stopped actors, and 4 active threads.
Waiting for actors to stop.
Sent output token with value 2.0
Next port to read input from is inputA
Called postfire()
Called prefire()
Called fire()
Read input token from inputA with value 3.0
-- Read input: 2.0, which is expected to match: 2.0
Called prefire()
Called fire()
Checking for deadlock:
There are 2 Blocked actors, 0 Stopped actors, and 4 active threads.
Waiting for actors to stop.
Called postfire()
Called prefire()
Called fire()
Sent output token with value 3.0
Next port to read input from is inputB
Called postfire()
Called prefire()
Called fire()
Read input token from inputB with value 4.5
Checking for deadlock:
There are 2 Blocked actors, 0 Stopped actors, and 4 active threads.
Waiting for actors to stop.
Called postfire()
Called prefire()
-- Read input: 3.0, which is expected to match: 3.0
Called fire()
Called prefire()
Called fire()
Checking for deadlock:
There are 3 Blocked actors, 0 Stopped actors, and 4 active threads.
Waiting for actors to stop.
Sent output token with value 3.0
Next port to read input from is inputA
Called postfire()
Called prefire()
Called fire()
Read input token from inputA with value 4.0
-- Read input: 3.0, which is expected to match: 3.0
Called prefire()
Called fire()
Checking for deadlock:
There are 2 Blocked actors, 0 Stopped actors, and 4 active threads.
Waiting for actors to stop.
Called postfire()
Called prefire()
Called fire()
Sent output token with value 4.0
Next port to read input from is inputA
Called postfire()
Called prefire()
Called fire()
Read input token from inputA with value 5.0
Checking for deadlock:
There are 2 Blocked actors, 0 Stopped actors, and 4 active threads.
Waiting for actors to stop.
-- Read input: 4.0, which is expected to match: 4.0
Called postfire()
Called prefire()
Called prefire()
Called fire()
Called fire()
Past the end of training data. Read and discard all inputs.
Checking for deadlock:
There are 2 Blocked actors, 0 Stopped actors, and 4 active threads.
Waiting for actors to stop.
Sent output token with value 4.5
Next port to read input from is inputB
Called postfire()
Called prefire()
Called fire()
Read input token from inputB with value 6.0
Called prefire()
Called postfire()
Called fire()
Called prefire()
Past the end of training data. Read and discard all inputs.
Called fire()
Sent output token with value 5.0
Next port to read input from is inputA
Called postfire()
Called prefire()
Called fire()
Read input token from inputA with value 6.0
Checking for deadlock:
There are 2 Blocked actors, 0 Stopped actors, and 4 active threads.
Waiting for actors to stop.
Called postfire()
Called prefire()
Called fire()
Called prefire()
Called fire()
Past the end of training data. Read and discard all inputs.
Checking for deadlock:
There are 3 Blocked actors, 0 Stopped actors, and 4 active threads.
Waiting for actors to stop.
Sent output token with value 6.0
Next port to read input from is inputB
Called postfire()
Called prefire()
Called fire()
Read input token from inputB with value 7.5
Checking for deadlock:
There are 2 Blocked actors, 0 Stopped actors, and 4 active threads.
Waiting for actors to stop.
Called prefire()
Called fire()
Past the end of training data. Read and discard all inputs.
Called postfire()
Checking for deadlock:
Called prefire()
There are 2 Blocked actors, 0 Stopped actors, and 4 active threads.
Waiting for actors to stop.
Called fire()
Sent output token with value 6.0
Next port to read input from is inputA
Called postfire()
Called prefire()
Called fire()
Read input token from inputA with value 7.0
Checking for deadlock:
There are 2 Blocked actors, 0 Stopped actors, and 4 active threads.
Waiting for actors to stop.
Called prefire()
Called postfire()
Checking for deadlock:
Called fire()
Past the end of training data. Read and discard all inputs.
Called prefire()
Called fire()
There are 1 Blocked actors, 0 Stopped actors, and 4 active threads.
Waiting for actors to stop.
Sent output token with value 7.0
Next port to read input from is inputA
Called postfire()
Called prefire()
Called fire()
Read input token from inputA with value 8.0
Checking for deadlock:
There are 2 Blocked actors, 0 Stopped actors, and 4 active threads.
Waiting for actors to stop.
Called prefire()
Called fire()
-- Thread wrapup() called.
Past the end of training data. Read and discard all inputs.
Called wrapup()
Thread .top.Ramp is exiting.
-- Thread stopped.
Checking for deadlock:
There are 2 Blocked actors, 0 Stopped actors, and 3 active threads.
Waiting for actors to stop.
Sent output token with value 7.5
Called prefire()
Called fire()
Past the end of training data. Read and discard all inputs.
Next port to read input from is inputB
Called postfire()
Called prefire()
Called fire()
Read input token from inputB with value 9.0
Sent output token with value 8.0
Next port to read input from is inputA
Called postfire()
Called prefire()
Called fire()
Read input token from inputA with value 9.0
Checking for deadlock:
There are 1 Blocked actors, 0 Stopped actors, and 3 active threads.
Waiting for actors to stop.
Called prefire()
Called fire()
Past the end of training data. Read and discard all inputs.
Called postfire()
Called prefire()
Called fire()
Checking for deadlock:
There are 2 Blocked actors, 0 Stopped actors, and 3 active threads.
Waiting for actors to stop.
Called prefire()
Checking for deadlock:
Sent output token with value 9.0
Called fire()
Past the end of training data. Read and discard all inputs.
Next port to read input from is inputB
Called postfire()
Called prefire()
Called fire()
There are 1 Blocked actors, 0 Stopped actors, and 3 active threads.
Waiting for actors to stop.
Read input token from inputB with value 10.5
Sent output token with value 9.0
Next port to read input from is inputA
Called postfire()
Called prefire()
Called fire()
Checking for deadlock:
There are 1 Blocked actors, 0 Stopped actors, and 3 active threads.
Waiting for actors to stop.
Called postfire()
Called prefire()
Called prefire()
Called fire()
Called fire()
Past the end of training data. Read and discard all inputs.
Checking for deadlock:
There are 3 Blocked actors, 0 Stopped actors, and 3 active threads.
Actors have stopped.
Checking for deadlock:
There are 3 Blocked actors, 0 Stopped actors, and 3 active threads.
Deadlock detected.
Resolving Deadlock
Checking for deadlock:
There are 3 Blocked actors, 0 Stopped actors, and 3 active threads.
Artificial Deadlock - increasing queue capacity.
increasing the capacity of receiver ptolemy.actor.TypedIOPort {.top.OrderedMerge.inputB} to 2
-- Thread wrapup() called.
Called wrapup()
Director: Called postfire().
Thread .top.Ramp2 is exiting.
-- Thread stopped.
Called postfire().
_stopRequested = false
_stopFireRequested = false
Returning from postfire(): true
Called fire().
Checking for deadlock:
There are 2 Blocked actors, 0 Stopped actors, and 2 active threads.
Actors have stopped.
Checking for deadlock:
There are 2 Blocked actors, 0 Stopped actors, and 2 active threads.
Deadlock detected.
Resolving Deadlock
Checking for deadlock:
There are 2 Blocked actors, 0 Stopped actors, and 2 active threads.
Deadlock detected: no processes blocked on write, but some are blocked on read.
Called postfire().
_stopRequested = false
_stopFireRequested = false
Returning from postfire(): false
Finished deactivating branches.
Called wrapup().
-- Thread wrapup() called.
-- Thread wrapup() called.
Called wrapup()
Called wrapup()
Thread .top.OrderedMerge is exiting.
-- Thread stopped.
-- Blocked Receiver call threw TerminateProcessException.
Thread .top.Test is exiting.
-- Thread stopped.
-- Blocked Receiver call threw TerminateProcessException.
63 ms. Memory: 173056K Free: 102848K (59%)
.top. Preinitializing ...
Invoking preinitialize():  .top.OrderedMerge
Called preinitialize()
Invoking preinitialize():  .top.Ramp
Called preinitialize()
Invoking preinitialize():  .top.Ramp2
Called preinitialize()
Invoking preinitialize():  .top.Test
Called preinitialize()
.top. Finished preinitialize().
Called initialize().
Invoking initialize():  .top.OrderedMerge
Initializing actor: .top.OrderedMerge
Adding a thread: .top.OrderedMerge
Invoking initialize():  .top.Ramp
Initializing actor: .top.Ramp
Adding a thread: .top.Ramp
Invoking initialize():  .top.Ramp2
Initializing actor: .top.Ramp2
Adding a thread: .top.Ramp2
Invoking initialize():  .top.Test
Initializing actor: .top.Test
Adding a thread: .top.Test
-- Starting thread.
Called initialize()
Called prefire()
Called fire()
-- Starting thread.
Called initialize()
Called prefire()
Called fire()
Called postfire()
Called prefire()
Called fire()
-- Starting thread.
Called initialize()
Called prefire()
Called fire()
Called postfire()
Called prefire()
Called fire()
Called fire().
Checking for deadlock:
There are 3 Blocked actors, 0 Stopped actors, and 4 active threads.
Waiting for actors to stop.
-- Starting thread.
Called initialize()
Called prefire()
Called fire()
Read input token from inputA with value 0.0
Next port to read input from is inputB
Called postfire()
Called prefire()
Called fire()
Read input token from inputB with value 0.0
Sent output token with value 0.0
Next port to read input from is inputA
Called postfire()
Called prefire()
Called fire()
Checking for deadlock:
There are 1 Blocked actors, 0 Stopped actors, and 4 active threads.
Waiting for actors to stop.
Called postfire()
-- Read input: 0.0, which is expected to match: 0.0
Called prefire()
Called prefire()
Called fire()
Called fire()
Checking for deadlock:
There are 2 Blocked actors, 0 Stopped actors, and 4 active threads.
Waiting for actors to stop.
Called postfire()
Called prefire()
Called fire()
Checking for deadlock:
There are 2 Blocked actors, 0 Stopped actors, and 4 active threads.
Waiting for actors to stop.
Read input token from inputA with value 1.0
Sent output token with value 0.0
Next port to read input from is inputB
Called postfire()
Called prefire()
Called fire()
Read input token from inputB with value 1.5
-- Read input: 0.0, which is expected to match: 0.0
Checking for deadlock:
There are 0 Blocked actors, 0 Stopped actors, and 4 active threads.
Waiting for actors to stop.
Called prefire()
Called fire()
Called postfire()
Called prefire()
Called postfire()
Called fire()
Called prefire()
Called fire()
Checking for deadlock:
There are 3 Blocked actors, 0 Stopped actors, and 4 active threads.
Waiting for actors to stop.
Sent output token with value 1.0
Next port to read input from is inputA
Called postfire()
Called prefire()
Called fire()
Read input token from inputA with value 2.0
Checking for deadlock:
There are 2 Blocked actors, 0 Stopped actors, and 4 active threads.
Waiting for actors to stop.
-- Read input: 1.0, which is expected to match: 1.0
Called prefire()
Called fire()
Called postfire()
Called prefire()
Called fire()
Checking for deadlock:
There are 2 Blocked actors, 0 Stopped actors, and 4 active threads.
Waiting for actors to stop.
Sent output token with value 1.5
-- Read input: 1.5, which is expected to match: 1.5
Called prefire()
Called fire()
Checking for deadlock:
There are 3 Blocked actors, 0 Stopped actors, and 4 active threads.
Waiting for actors to stop.
Next port to read input from is inputB
Called postfire()
Called prefire()
Called fire()
Read input token from inputB with value 3.0
Sent output token with value 2.0
Next port to read input from is inputA
Called postfire()
Called prefire()
Called fire()
Read input token from inputA with value 3.0
Checking for deadlock:
Called postfire()
There are 1 Blocked actors, 0 Stopped actors, and 4 active threads.
Called prefire()
Waiting for actors to stop.
Called fire()
Called postfire()
Called prefire()
Called fire()
-- Read input: 2.0, which is expected to match: 2.0
Called prefire()
Called fire()
Checking for deadlock:
Sent output token with value 3.0
There are 2 Blocked actors, 0 Stopped actors, and 4 active threads.
Waiting for actors to stop.
-- Read input: 3.0, which is expected to match: 3.0
Next port to read input from is inputB
Called postfire()
Called prefire()
Called fire()
Read input token from inputB with value 4.5
Called postfire()
Called prefire()
Called fire()
Sent output token with value 3.0
Checking for deadlock:
Next port to read input from is inputA
There are 2 Blocked actors, 0 Stopped actors, and 4 active threads.
Waiting for actors to stop.
Called prefire()
Called fire()
-- Read input: 3.0, which is expected to match: 3.0
Called prefire()
Called fire()
Checking for deadlock:
There are 3 Blocked actors, 0 Stopped actors, and 4 active threads.
Waiting for actors to stop.
Called postfire()
Called prefire()
Called fire()
Checking for deadlock:
There are 2 Blocked actors, 0 Stopped actors, and 4 active threads.
Waiting for actors to stop.
Read input token from inputA with value 4.0
Called postfire()
Called prefire()
Called fire()
Checking for deadlock:
There are 2 Blocked actors, 0 Stopped actors, and 4 active threads.
Waiting for actors to stop.
Sent output token with value 4.0
-- Read input: 4.0, which is expected to match: 4.0
Called prefire()
Called fire()
Past the end of training data. Read and discard all inputs.
Checking for deadlock:
Next port to read input from is inputA
Called postfire()
Called prefire()
Called fire()
There are 3 Blocked actors, 0 Stopped actors, and 4 active threads.
Waiting for actors to stop.
Called postfire()
Checking for deadlock:
Called prefire()
Called fire()
There are 2 Blocked actors, 0 Stopped actors, and 4 active threads.
Waiting for actors to stop.
Checking for deadlock:
There are 3 Blocked actors, 0 Stopped actors, and 4 active threads.
Waiting for actors to stop.
Read input token from inputA with value 5.0
Checking for deadlock:
There are 2 Blocked actors, 0 Stopped actors, and 4 active threads.
Waiting for actors to stop.
Called prefire()
Called fire()
Past the end of training data. Read and discard all inputs.
Checking for deadlock:
There are 3 Blocked actors, 0 Stopped actors, and 4 active threads.
Waiting for actors to stop.
Sent output token with value 4.5
Next port to read input from is inputB
Called postfire()
Called prefire()
Called fire()
Called postfire()
Called prefire()
Called fire()
Read input token from inputB with value 6.0
Checking for deadlock:
There are 3 Blocked actors, 0 Stopped actors, and 4 active threads.
Waiting for actors to stop.
Checking for deadlock:
Called prefire()
There are 2 Blocked actors, 0 Stopped actors, and 4 active threads.
Waiting for actors to stop.
Called fire()
Past the end of training data. Read and discard all inputs.
Checking for deadlock:
There are 3 Blocked actors, 0 Stopped actors, and 4 active threads.
Waiting for actors to stop.
Sent output token with value 5.0
Next port to read input from is inputA
Called postfire()
Called prefire()
Called fire()
Checking for deadlock:
Called postfire()
There are 2 Blocked actors, 0 Stopped actors, and 4 active threads.
Called prefire()
Called fire()
Waiting for actors to stop.
Checking for deadlock:
There are 3 Blocked actors, 0 Stopped actors, and 4 active threads.
Waiting for actors to stop.
Read input token from inputA with value 6.0
Checking for deadlock:
There are 2 Blocked actors, 0 Stopped actors, and 4 active threads.
Sent output token with value 6.0
Waiting for actors to stop.
Called prefire()
Called fire()
Past the end of training data. Read and discard all inputs.
Checking for deadlock:
There are 3 Blocked actors, 0 Stopped actors, and 4 active threads.
Waiting for actors to stop.
Next port to read input from is inputB
Called postfire()
Called prefire()
Called fire()
Called postfire()
Called prefire()
Called fire()
Read input token from inputB with value 7.5
Checking for deadlock:
There are 3 Blocked actors, 0 Stopped actors, and 4 active threads.
Waiting for actors to stop.
Checking for deadlock:
Called prefire()
Called fire()
There are 2 Blocked actors, 0 Stopped actors, and 4 active threads.
Past the end of training data. Read and discard all inputs.
Waiting for actors to stop.
Checking for deadlock:
There are 3 Blocked actors, 0 Stopped actors, and 4 active threads.
Waiting for actors to stop.
Sent output token with value 6.0
Next port to read input from is inputA
Called postfire()
Called prefire()
Called fire()
Checking for deadlock:
Read input token from inputA with value 7.0
There are 2 Blocked actors, 0 Stopped actors, and 4 active threads.
Waiting for actors to stop.
Sent output token with value 7.0
Next port to read input from is inputA
Called postfire()
Called prefire()
Called fire()
Called postfire()
Called prefire()
Called fire()
Checking for deadlock:
There are 1 Blocked actors, 0 Stopped actors, and 4 active threads.
Read input token from inputA with value 8.0
Waiting for actors to stop.
Checking for deadlock:
Called prefire()
Called fire()
There are 1 Blocked actors, 0 Stopped actors, and 4 active threads.
Past the end of training data. Read and discard all inputs.
Waiting for actors to stop.
-- Thread wrapup() called.
Called wrapup()
Thread .top.Ramp is exiting.
-- Thread stopped.
Checking for deadlock:
There are 2 Blocked actors, 0 Stopped actors, and 3 active threads.
Waiting for actors to stop.
Sent output token with value 7.5
Next port to read input from is inputB
Called postfire()
Called prefire()
Called fire()
Read input token from inputB with value 9.0
Called prefire()
Called postfire()
Called fire()
Past the end of training data. Read and discard all inputs.
Checking for deadlock:
There are 0 Blocked actors, 0 Stopped actors, and 3 active threads.
Waiting for actors to stop.
Called prefire()
Called fire()
Checking for deadlock:
Sent output token with value 8.0
There are 1 Blocked actors, 0 Stopped actors, and 3 active threads.
Waiting for actors to stop.
Next port to read input from is inputA
Called postfire()
Called prefire()
Called fire()
Read input token from inputA with value 9.0
Checking for deadlock:
Called prefire()
There are 1 Blocked actors, 0 Stopped actors, and 3 active threads.
Called fire()
Waiting for actors to stop.
Past the end of training data. Read and discard all inputs.
Checking for deadlock:
Sent output token with value 9.0
There are 1 Blocked actors, 0 Stopped actors, and 3 active threads.
Waiting for actors to stop.
Next port to read input from is inputB
Called postfire()
Called prefire()
Called fire()
Read input token from inputB with value 10.5
Checking for deadlock:
Called prefire()
There are 0 Blocked actors, 0 Stopped actors, and 3 active threads.
Called fire()
Waiting for actors to stop.
Past the end of training data. Read and discard all inputs.
Called postfire()
Called prefire()
Called fire()
Sent output token with value 9.0
Checking for deadlock:
There are 1 Blocked actors, 0 Stopped actors, and 3 active threads.
Waiting for actors to stop.
Next port to read input from is inputA
Called postfire()
Called prefire()
Called fire()
Checking for deadlock:
Called prefire()
There are 2 Blocked actors, 0 Stopped actors, and 3 active threads.
Called fire()
Waiting for actors to stop.
Past the end of training data. Read and discard all inputs.
Checking for deadlock:
There are 3 Blocked actors, 0 Stopped actors, and 3 active threads.
Actors have stopped.
Checking for deadlock:
There are 3 Blocked actors, 0 Stopped actors, and 3 active threads.
Deadlock detected.
Resolving Deadlock
Checking for deadlock:
There are 3 Blocked actors, 0 Stopped actors, and 3 active threads.
Artificial Deadlock - increasing queue capacity.
increasing the capacity of receiver ptolemy.actor.TypedIOPort {.top.OrderedMerge.inputB} to 2
Director: Called postfire().
Called postfire().
_stopRequested = false
_stopFireRequested = false
Returning from postfire(): true
Called fire().
Checking for deadlock:
There are 2 Blocked actors, 0 Stopped actors, and 3 active threads.
Waiting for actors to stop.
-- Thread wrapup() called.
Called wrapup()
Thread .top.Ramp2 is exiting.
-- Thread stopped.
Checking for deadlock:
There are 2 Blocked actors, 0 Stopped actors, and 2 active threads.
Actors have stopped.
Checking for deadlock:
There are 2 Blocked actors, 0 Stopped actors, and 2 active threads.
Deadlock detected.
Resolving Deadlock
Checking for deadlock:
There are 2 Blocked actors, 0 Stopped actors, and 2 active threads.
Deadlock detected: no processes blocked on write, but some are blocked on read.
Called postfire().
_stopRequested = false
_stopFireRequested = false
Returning from postfire(): false
Finished deactivating branches.
Called wrapup().
-- Thread wrapup() called.
Called wrapup()
Thread .top.Test is exiting.
-- Thread stopped.
-- Blocked Receiver call threw TerminateProcessException.
-- Thread wrapup() called.
Called wrapup()
Thread .top.OrderedMerge is exiting.
-- Thread stopped.
-- Blocked Receiver call threw TerminateProcessException.
34 ms. Memory: 173056K Free: 100286K (58%)
/home/travis/build/icyphy/ptII/ptolemy/actor/lib/test/Publisher.tcl
19 ms. Memory: 173056K Free: 94142K (54%)
4 ms. Memory: 173056K Free: 89008K (51%)
2 ms. Memory: 173056K Free: 84926K (49%)
4 ms. Memory: 173056K Free: 84416K (49%)
11 ms. Memory: 173056K Free: 83392K (48%)
4 ms. Memory: 173056K Free: 82368K (48%)
11 ms. Memory: 173056K Free: 81854K (47%)
3 ms. Memory: 173056K Free: 80830K (47%)
48 ms. Memory: 173056K Free: 156677K (91%)
3 ms. Memory: 173056K Free: 152581K (88%)
2 ms. Memory: 173056K Free: 152005K (88%)
10 ms. Memory: 173056K Free: 149509K (86%)
7 ms. Memory: 173056K Free: 141827K (82%)
6 ms. Memory: 173056K Free: 132597K (77%)
6 ms. Memory: 173056K Free: 121861K (70%)
/home/travis/build/icyphy/ptII/ptolemy/actor/lib/test/Pulse.tcl
10 ms. Memory: 273408K Free: 254887K (93%)
12 ms. Memory: 273408K Free: 254373K (93%)
14 ms. Memory: 273408K Free: 253863K (93%)
2 ms. Memory: 273408K Free: 253335K (93%)
1 ms. Memory: 273408K Free: 252839K (92%)
6 ms. Memory: 273408K Free: 251815K (92%)
3 ms. Memory: 273408K Free: 250791K (92%)
2 ms. Memory: 273408K Free: 249767K (91%)
1 ms. Memory: 273408K Free: 249253K (91%)
/home/travis/build/icyphy/ptII/ptolemy/actor/lib/test/Ramp.tcl
5 ms. Memory: 273408K Free: 247175K (90%)
4 ms. Memory: 273408K Free: 246695K (90%)
4 ms. Memory: 273408K Free: 245671K (90%)
2 ms. Memory: 273408K Free: 245143K (90%)
8 ms. Memory: 273408K Free: 244133K (89%)
17 ms. Memory: 273408K Free: 243109K (89%)
17 ms. Memory: 273408K Free: 242599K (89%)
5 actors
15000 microseconds per iteration to create
16 ms. Memory: 273408K Free: 239527K (88%)
2 ms. Memory: 273408K Free: 238983K (87%)
2 ms. Memory: 273408K Free: 238503K (87%)
9 ms. Memory: 273408K Free: 237975K (87%)
50 actors
38000 microseconds per iteration to create
35 ms. Memory: 273408K Free: 222119K (81%)
14 ms. Memory: 273408K Free: 221095K (81%)
17 ms. Memory: 273408K Free: 220071K (80%)
9 ms. Memory: 273408K Free: 219047K (80%)
500 actors
1845000 microseconds per iteration to create
248 ms. Memory: 273408K Free: 171360K (63%)
34 ms. Memory: 273408K Free: 166225K (61%)
35 ms. Memory: 273408K Free: 161120K (59%)
34 ms. Memory: 273408K Free: 156000K (57%)
/home/travis/build/icyphy/ptII/ptolemy/actor/lib/test/RampContinuous.tcl
6 ms. Memory: 273408K Free: 154466K (56%)
/home/travis/build/icyphy/ptII/ptolemy/actor/lib/test/RecordAssembler.tcl
4 ms. Memory: 273408K Free: 152913K (56%)
3 ms. Memory: 273408K Free: 151873K (56%)
/home/travis/build/icyphy/ptII/ptolemy/actor/lib/test/RecordDisassembler.tcl
5 ms. Memory: 273408K Free: 149856K (55%)
2 ms. Memory: 273408K Free: 149346K (55%)
3 ms. Memory: 273408K Free: 147808K (54%)
/home/travis/build/icyphy/ptII/ptolemy/actor/lib/test/Scale.tcl
2 ms. Memory: 273408K Free: 146274K (54%)
1 ms. Memory: 273408K Free: 145753K (53%)
1 ms. Memory: 273408K Free: 144721K (53%)
2 ms. Memory: 273408K Free: 143705K (53%)
2 ms. Memory: 273408K Free: 143202K (52%)
/home/travis/build/icyphy/ptII/ptolemy/actor/lib/test/SequentialClock.tcl
preinitializing
resolving types
initializing
executing number 1
wrapping up
idle
6 ms. Memory: 273408K Free: 141664K (52%)
Completed execution with 5 iterations
preinitializing
resolving types
initializing
executing number 1
wrapping up
idle
1 ms. Memory: 273408K Free: 141154K (52%)
Completed execution with 5 iterations
preinitializing
resolving types
initializing
executing number 1
wrapping up
idle
2 ms. Memory: 273408K Free: 140625K (51%)
Completed execution with 5 iterations
/home/travis/build/icyphy/ptII/ptolemy/actor/lib/test/SetVariable.tcl
4 ms. Memory: 273408K Free: 138592K (51%)


==== $PTII/ptolemy/actor/lib/test/SetVariable.tcl: SetVariable-3.1 changeFailed
==== Contents of test case:

    #Uses 2.1 above
    jdkCaptureErr {
        # This test was failing if we ran Exit.tcl and then this test.
        # MessageHandler.error() now actually throws the Exception.
	catch {$setVariable changeFailed [java::null]  [java::new Exception {Test exception for SetVariable.changeFailed()}]} errMsg
    } results
    list [string range $results 0 89] "\n" $errMsg

==== Result was:
{java.lang.Exception: Test exception for SetVariable.changeFailed()
	at java.base/jdk.inter} {
} {java.lang.RuntimeException: java.lang.Exception: Test exception for SetVariable.changeFailed()}
---- Result should have been:
{java.lang.Exception: Test exception for SetVariable.changeFailed()
	at sun.reflect.NativeC} {
} {java.lang.RuntimeException: java.lang.Exception: Test exception for SetVariable.changeFailed()}
---- SetVariable-3.1 FAILED
/home/travis/build/icyphy/ptII/ptolemy/actor/lib/test/Sinewave.tcl
/home/travis/build/icyphy/ptII/ptolemy/actor/lib/test/SubscriptionAggregator.tcl
4 ms. Memory: 273408K Free: 127313K (47%)
2 ms. Memory: 273408K Free: 126304K (46%)
0 ms. Memory: 273408K Free: 125794K (46%)
1 ms. Memory: 273408K Free: 125794K (46%)
1 ms. Memory: 273408K Free: 122193K (45%)
8 ms. Memory: 273408K Free: 120160K (44%)
...............................................................1240 ms. Memory: 434176K Free: 381467K (88%)
/home/travis/build/icyphy/ptII/ptolemy/actor/lib/test/Test.tcl
 The next command will produce a warning about training mode,
   which may be ignored.
14 ms. Memory: 434176K Free: 379933K (88%)
2 ms. Memory: 434176K Free: 378909K (87%)
1 ms. Memory: 434176K Free: 378389K (87%)
6 ms. Memory: 434176K Free: 377885K (87%)
1 ms. Memory: 434176K Free: 376861K (87%)
3 ms. Memory: 434176K Free: 375837K (87%)
3 ms. Memory: 434176K Free: 374813K (86%)
 The next command will produce a warning about training mode,
   which may be ignored.
12 ms. Memory: 434176K Free: 372251K (86%)
 The next command will produce a warning about training mode,
   which may be ignored.
2 ms. Memory: 434176K Free: 371197K (85%)
0 ms. Memory: 434176K Free: 370717K (85%)
1 ms. Memory: 434176K Free: 370189K (85%)
1 ms. Memory: 434176K Free: 369693K (85%)
6 ms. Memory: 434176K Free: 368669K (85%)
5 ms. Memory: 434176K Free: 364573K (84%)
/home/travis/build/icyphy/ptII/ptolemy/actor/lib/test/TestExceptionHandler.tcl
 The next command will produce a warning about training mode,
   which may be ignored.
2 ms. Memory: 434176K Free: 363549K (84%)
0 ms. Memory: 434176K Free: 363035K (84%)
1 ms. Memory: 434176K Free: 362525K (83%)
/home/travis/build/icyphy/ptII/ptolemy/actor/lib/test/UnionDisassembler.tcl
27 ms. Memory: 434176K Free: 355357K (82%)
/home/travis/build/icyphy/ptII/ptolemy/actor/lib/test/VariableClock.tcl
preinitializing
resolving types
initializing
executing number 1
wrapping up
idle
3 ms. Memory: 434176K Free: 353309K (81%)
Completed execution with 11 iterations
preinitializing
resolving types
initializing
executing number 1
wrapping up
idle
3 ms. Memory: 434176K Free: 351741K (81%)
Completed execution with 10 iterations
07/02/19 04:47:53
Failed: 2  Total Tests: 234  ((Passed: 232, Newly Passed: 0)  Known Failed: 0) /home/travis/build/icyphy/ptII/ptolemy/actor/lib/test
----------------- testing (KnownFailure) /home/travis/build/icyphy/ptII/ptolemy/actor/lib/test/auto/knownFailedTests/PublisherPortToplevelSubscriber.xml
1 ms. Memory: 434176K Free: 348699K (80%)
Known Failure: java.lang.reflect.InvocationTargetException
----------------- testing (KnownFailure) /home/travis/build/icyphy/ptII/ptolemy/actor/lib/test/auto/knownFailedTests/PublisherSubscriberPortToplevel.xml
1 ms. Memory: 434176K Free: 344603K (79%)
Known Failure: java.lang.reflect.InvocationTargetException
----------------- testing (KnownFailure) /home/travis/build/icyphy/ptII/ptolemy/actor/lib/test/auto/knownFailedTests/PublisherSubscriptionAggregatorPort.xml
0 ms. Memory: 434176K Free: 339997K (78%)
Known Failure: java.lang.reflect.InvocationTargetException
----------------- testing (KnownFailure) /home/travis/build/icyphy/ptII/ptolemy/actor/lib/test/auto/knownFailedTests/sizedarray3.xml
4 ms. Memory: 434176K Free: 335901K (77%)
Known Failure: java.lang.reflect.InvocationTargetException
No auto/linux-amd64/*.xml tests in /home/travis/build/icyphy/ptII/ptolemy/actor/lib/test
AutoTests.java: About to close Vertx.
AutoTests.java: Vertx closed.

===========================================================================================
----------------- testing Tue Jul 02 04:47:54 UTC 2019 /home/travis/build/icyphy/ptII/ptolemy/actor/lib/test/auto/AbsoluteValue.xml
----------------- Instantiating /home/travis/build/icyphy/ptII/ptolemy/actor/lib/test/auto/AbsoluteValue.xml
4 ms. Memory: 434176K Free: 313373K (72%)
----------------- Invoking toplevel() on ptolemy.moml.MoMLSimpleApplication@1693891
----------------- Done invoking toplevel() on ptolemy.moml.MoMLSimpleApplication@1693891
reloadAllAccessors: .AbsoluteValue

===========================================================================================
----------------- testing Tue Jul 02 04:47:54 UTC 2019 /home/travis/build/icyphy/ptII/ptolemy/actor/lib/test/auto/AbsoluteValue2.xml
----------------- Instantiating /home/travis/build/icyphy/ptII/ptolemy/actor/lib/test/auto/AbsoluteValue2.xml
4 ms. Memory: 434176K Free: 306715K (71%)
----------------- Invoking toplevel() on ptolemy.moml.MoMLSimpleApplication@7dd0936d
----------------- Done invoking toplevel() on ptolemy.moml.MoMLSimpleApplication@7dd0936d
reloadAllAccessors: .AbsoluteValue2

===========================================================================================
----------------- testing Tue Jul 02 04:47:54 UTC 2019 /home/travis/build/icyphy/ptII/ptolemy/actor/lib/test/auto/Accumulator.xml
----------------- Instantiating /home/travis/build/icyphy/ptII/ptolemy/actor/lib/test/auto/Accumulator.xml
5 ms. Memory: 434176K Free: 300061K (69%)
----------------- Invoking toplevel() on ptolemy.moml.MoMLSimpleApplication@6676a83d
----------------- Done invoking toplevel() on ptolemy.moml.MoMLSimpleApplication@6676a83d
reloadAllAccessors: .Accumulator

===========================================================================================
----------------- testing Tue Jul 02 04:47:54 UTC 2019 /home/travis/build/icyphy/ptII/ptolemy/actor/lib/test/auto/Accumulator2.xml
----------------- Instantiating /home/travis/build/icyphy/ptII/ptolemy/actor/lib/test/auto/Accumulator2.xml
3 ms. Memory: 434176K Free: 294941K (68%)
----------------- Invoking toplevel() on ptolemy.moml.MoMLSimpleApplication@60f9a8a9
----------------- Done invoking toplevel() on ptolemy.moml.MoMLSimpleApplication@60f9a8a9
reloadAllAccessors: .Accumulator2

===========================================================================================
----------------- testing Tue Jul 02 04:47:54 UTC 2019 /home/travis/build/icyphy/ptII/ptolemy/actor/lib/test/auto/Accumulator3.xml
----------------- Instantiating /home/travis/build/icyphy/ptII/ptolemy/actor/lib/test/auto/Accumulator3.xml
3 ms. Memory: 434176K Free: 290331K (67%)
----------------- Invoking toplevel() on ptolemy.moml.MoMLSimpleApplication@5db7ea3e
----------------- Done invoking toplevel() on ptolemy.moml.MoMLSimpleApplication@5db7ea3e
reloadAllAccessors: .Accumulator3

===========================================================================================
----------------- testing Tue Jul 02 04:47:54 UTC 2019 /home/travis/build/icyphy/ptII/ptolemy/actor/lib/test/auto/ArrayAppend.xml
----------------- Instantiating /home/travis/build/icyphy/ptII/ptolemy/actor/lib/test/auto/ArrayAppend.xml
3 ms. Memory: 434176K Free: 284701K (66%)
----------------- Invoking toplevel() on ptolemy.moml.MoMLSimpleApplication@c429255
----------------- Done invoking toplevel() on ptolemy.moml.MoMLSimpleApplication@c429255
reloadAllAccessors: .ArrayAppend

===========================================================================================
----------------- testing Tue Jul 02 04:47:54 UTC 2019 /home/travis/build/icyphy/ptII/ptolemy/actor/lib/test/auto/ArrayAppend2.xml
----------------- Instantiating /home/travis/build/icyphy/ptII/ptolemy/actor/lib/test/auto/ArrayAppend2.xml
332 ms. Memory: 434176K Free: 202267K (47%)
----------------- Invoking toplevel() on ptolemy.moml.MoMLSimpleApplication@74186cd0
----------------- Done invoking toplevel() on ptolemy.moml.MoMLSimpleApplication@74186cd0
reloadAllAccessors: .ArrayAppend2

===========================================================================================
----------------- testing Tue Jul 02 04:47:54 UTC 2019 /home/travis/build/icyphy/ptII/ptolemy/actor/lib/test/auto/ArrayAppend3.xml
----------------- Instantiating /home/travis/build/icyphy/ptII/ptolemy/actor/lib/test/auto/ArrayAppend3.xml
11 ms. Memory: 434176K Free: 384010K (88%)
----------------- Invoking toplevel() on ptolemy.moml.MoMLSimpleApplication@64e20ee0
----------------- Done invoking toplevel() on ptolemy.moml.MoMLSimpleApplication@64e20ee0
reloadAllAccessors: .ArrayAppend3

===========================================================================================
----------------- testing Tue Jul 02 04:47:54 UTC 2019 /home/travis/build/icyphy/ptII/ptolemy/actor/lib/test/auto/ArrayAppend4.xml
----------------- Instantiating /home/travis/build/icyphy/ptII/ptolemy/actor/lib/test/auto/ArrayAppend4.xml
2 ms. Memory: 434176K Free: 378376K (87%)
----------------- Invoking toplevel() on ptolemy.moml.MoMLSimpleApplication@504ec58d
----------------- Done invoking toplevel() on ptolemy.moml.MoMLSimpleApplication@504ec58d
reloadAllAccessors: .ArrayAppend4

===========================================================================================
----------------- testing Tue Jul 02 04:47:55 UTC 2019 /home/travis/build/icyphy/ptII/ptolemy/actor/lib/test/auto/ArrayAppend5.xml
----------------- Instantiating /home/travis/build/icyphy/ptII/ptolemy/actor/lib/test/auto/ArrayAppend5.xml
2 ms. Memory: 434176K Free: 373256K (86%)
----------------- Invoking toplevel() on ptolemy.moml.MoMLSimpleApplication@5368e59
----------------- Done invoking toplevel() on ptolemy.moml.MoMLSimpleApplication@5368e59
reloadAllAccessors: .ArrayAppend5

===========================================================================================
----------------- testing Tue Jul 02 04:47:55 UTC 2019 /home/travis/build/icyphy/ptII/ptolemy/actor/lib/test/auto/ArrayAppend6.xml
----------------- Instantiating /home/travis/build/icyphy/ptII/ptolemy/actor/lib/test/auto/ArrayAppend6.xml
2 ms. Memory: 434176K Free: 368136K (85%)
----------------- Invoking toplevel() on ptolemy.moml.MoMLSimpleApplication@3115a304
----------------- Done invoking toplevel() on ptolemy.moml.MoMLSimpleApplication@3115a304
reloadAllAccessors: .ArrayAppend6

===========================================================================================
----------------- testing Tue Jul 02 04:47:55 UTC 2019 /home/travis/build/icyphy/ptII/ptolemy/actor/lib/test/auto/ArrayAppendPerformanceTest.xml
----------------- Instantiating /home/travis/build/icyphy/ptII/ptolemy/actor/lib/test/auto/ArrayAppendPerformanceTest.xml
24 ms. Memory: 434176K Free: 357896K (82%)
----------------- Invoking toplevel() on ptolemy.moml.MoMLSimpleApplication@3287e78b
----------------- Done invoking toplevel() on ptolemy.moml.MoMLSimpleApplication@3287e78b
reloadAllAccessors: .ArrayAppendPerformanceTest

===========================================================================================
----------------- testing Tue Jul 02 04:47:55 UTC 2019 /home/travis/build/icyphy/ptII/ptolemy/actor/lib/test/auto/ArrayAppendWithEmptyInput.xml
----------------- Instantiating /home/travis/build/icyphy/ptII/ptolemy/actor/lib/test/auto/ArrayAppendWithEmptyInput.xml
11 ms. Memory: 434176K Free: 349704K (81%)
----------------- Invoking toplevel() on ptolemy.moml.MoMLSimpleApplication@20d83342
----------------- Done invoking toplevel() on ptolemy.moml.MoMLSimpleApplication@20d83342
reloadAllAccessors: .ArrayAppendWithEmptyInput

===========================================================================================
----------------- testing Tue Jul 02 04:47:55 UTC 2019 /home/travis/build/icyphy/ptII/ptolemy/actor/lib/test/auto/ArrayAverage.xml
----------------- Instantiating /home/travis/build/icyphy/ptII/ptolemy/actor/lib/test/auto/ArrayAverage.xml
4 ms. Memory: 434176K Free: 342536K (79%)
----------------- Invoking toplevel() on ptolemy.moml.MoMLSimpleApplication@753d3fe7
----------------- Done invoking toplevel() on ptolemy.moml.MoMLSimpleApplication@753d3fe7
reloadAllAccessors: .ArrayAverage

===========================================================================================
----------------- testing Tue Jul 02 04:47:55 UTC 2019 /home/travis/build/icyphy/ptII/ptolemy/actor/lib/test/auto/ArrayContains.xml
----------------- Instantiating /home/travis/build/icyphy/ptII/ptolemy/actor/lib/test/auto/ArrayContains.xml
6 ms. Memory: 434176K Free: 335882K (77%)
----------------- Invoking toplevel() on ptolemy.moml.MoMLSimpleApplication@10b7b8a8
----------------- Done invoking toplevel() on ptolemy.moml.MoMLSimpleApplication@10b7b8a8
reloadAllAccessors: .ArrayContains

===========================================================================================
----------------- testing Tue Jul 02 04:47:55 UTC 2019 /home/travis/build/icyphy/ptII/ptolemy/actor/lib/test/auto/ArrayElement.xml
----------------- Instantiating /home/travis/build/icyphy/ptII/ptolemy/actor/lib/test/auto/ArrayElement.xml
9 ms. Memory: 434176K Free: 330248K (76%)
----------------- Invoking toplevel() on ptolemy.moml.MoMLSimpleApplication@4d3ebb02
----------------- Done invoking toplevel() on ptolemy.moml.MoMLSimpleApplication@4d3ebb02
reloadAllAccessors: .ArrayElement

===========================================================================================
----------------- testing Tue Jul 02 04:47:55 UTC 2019 /home/travis/build/icyphy/ptII/ptolemy/actor/lib/test/auto/ArrayElementAsMatrix.xml
----------------- Instantiating /home/travis/build/icyphy/ptII/ptolemy/actor/lib/test/auto/ArrayElementAsMatrix.xml
21 ms. Memory: 434176K Free: 320522K (74%)
----------------- Invoking toplevel() on ptolemy.moml.MoMLSimpleApplication@b6b9f04
----------------- Done invoking toplevel() on ptolemy.moml.MoMLSimpleApplication@b6b9f04
reloadAllAccessors: .ArrayElementAsMatrix

===========================================================================================
----------------- testing Tue Jul 02 04:47:55 UTC 2019 /home/travis/build/icyphy/ptII/ptolemy/actor/lib/test/auto/ArrayElementI.xml
----------------- Instantiating /home/travis/build/icyphy/ptII/ptolemy/actor/lib/test/auto/ArrayElementI.xml
3 ms. Memory: 434176K Free: 314888K (73%)
----------------- Invoking toplevel() on ptolemy.moml.MoMLSimpleApplication@40ebaa3e
----------------- Done invoking toplevel() on ptolemy.moml.MoMLSimpleApplication@40ebaa3e
reloadAllAccessors: .ArrayElementI

===========================================================================================
----------------- testing Tue Jul 02 04:47:55 UTC 2019 /home/travis/build/icyphy/ptII/ptolemy/actor/lib/test/auto/ArrayExtract.xml
----------------- Instantiating /home/travis/build/icyphy/ptII/ptolemy/actor/lib/test/auto/ArrayExtract.xml
4 ms. Memory: 434176K Free: 306696K (71%)
----------------- Invoking toplevel() on ptolemy.moml.MoMLSimpleApplication@d0b6326
----------------- Done invoking toplevel() on ptolemy.moml.MoMLSimpleApplication@d0b6326
reloadAllAccessors: .ArrayExtract

===========================================================================================
----------------- testing Tue Jul 02 04:47:55 UTC 2019 /home/travis/build/icyphy/ptII/ptolemy/actor/lib/test/auto/ArrayExtract2.xml
----------------- Instantiating /home/travis/build/icyphy/ptII/ptolemy/actor/lib/test/auto/ArrayExtract2.xml
2 ms. Memory: 434176K Free: 301066K (69%)
----------------- Invoking toplevel() on ptolemy.moml.MoMLSimpleApplication@73faae61
----------------- Done invoking toplevel() on ptolemy.moml.MoMLSimpleApplication@73faae61
reloadAllAccessors: .ArrayExtract2

===========================================================================================
----------------- testing Tue Jul 02 04:47:55 UTC 2019 /home/travis/build/icyphy/ptII/ptolemy/actor/lib/test/auto/ArrayLength.xml
----------------- Instantiating /home/travis/build/icyphy/ptII/ptolemy/actor/lib/test/auto/ArrayLength.xml
2 ms. Memory: 434176K Free: 297480K (69%)
----------------- Invoking toplevel() on ptolemy.moml.MoMLSimpleApplication@46c66628
----------------- Done invoking toplevel() on ptolemy.moml.MoMLSimpleApplication@46c66628
reloadAllAccessors: .ArrayLength

===========================================================================================
----------------- testing Tue Jul 02 04:47:55 UTC 2019 /home/travis/build/icyphy/ptII/ptolemy/actor/lib/test/auto/ArrayLevelCrossing.xml
----------------- Instantiating /home/travis/build/icyphy/ptII/ptolemy/actor/lib/test/auto/ArrayLevelCrossing.xml
3 ms. Memory: 434176K Free: 289288K (67%)
----------------- Invoking toplevel() on ptolemy.moml.MoMLSimpleApplication@335779e
----------------- Done invoking toplevel() on ptolemy.moml.MoMLSimpleApplication@335779e
reloadAllAccessors: .ArrayLevelCrossing

===========================================================================================
----------------- testing Tue Jul 02 04:47:55 UTC 2019 /home/travis/build/icyphy/ptII/ptolemy/actor/lib/test/auto/ArrayLevelCrossing2.xml
----------------- Instantiating /home/travis/build/icyphy/ptII/ptolemy/actor/lib/test/auto/ArrayLevelCrossing2.xml
2 ms. Memory: 434176K Free: 282634K (65%)
----------------- Invoking toplevel() on ptolemy.moml.MoMLSimpleApplication@2da4c34
----------------- Done invoking toplevel() on ptolemy.moml.MoMLSimpleApplication@2da4c34
reloadAllAccessors: .ArrayLevelCrossing2

===========================================================================================
----------------- testing Tue Jul 02 04:47:55 UTC 2019 /home/travis/build/icyphy/ptII/ptolemy/actor/lib/test/auto/ArrayPeakSearch.xml
----------------- Instantiating /home/travis/build/icyphy/ptII/ptolemy/actor/lib/test/auto/ArrayPeakSearch.xml
8 ms. Memory: 434176K Free: 273418K (63%)
----------------- Invoking toplevel() on ptolemy.moml.MoMLSimpleApplication@660cb36
----------------- Done invoking toplevel() on ptolemy.moml.MoMLSimpleApplication@660cb36
reloadAllAccessors: .ArrayPeakSearch

===========================================================================================
----------------- testing Tue Jul 02 04:47:55 UTC 2019 /home/travis/build/icyphy/ptII/ptolemy/actor/lib/test/auto/ArrayPeakSearch2.xml
----------------- Instantiating /home/travis/build/icyphy/ptII/ptolemy/actor/lib/test/auto/ArrayPeakSearch2.xml
6 ms. Memory: 434176K Free: 263178K (61%)
----------------- Invoking toplevel() on ptolemy.moml.MoMLSimpleApplication@4c2bf905
----------------- Done invoking toplevel() on ptolemy.moml.MoMLSimpleApplication@4c2bf905
reloadAllAccessors: .ArrayPeakSearch2

===========================================================================================
----------------- testing Tue Jul 02 04:47:55 UTC 2019 /home/travis/build/icyphy/ptII/ptolemy/actor/lib/test/auto/ArrayPeakSearch3.xml
----------------- Instantiating /home/travis/build/icyphy/ptII/ptolemy/actor/lib/test/auto/ArrayPeakSearch3.xml
6 ms. Memory: 434176K Free: 253962K (58%)
----------------- Invoking toplevel() on ptolemy.moml.MoMLSimpleApplication@146a013a
----------------- Done invoking toplevel() on ptolemy.moml.MoMLSimpleApplication@146a013a
reloadAllAccessors: .ArrayPeakSearch3

===========================================================================================
----------------- testing Tue Jul 02 04:47:55 UTC 2019 /home/travis/build/icyphy/ptII/ptolemy/actor/lib/test/auto/ArrayRemoveElement.xml
----------------- Instantiating /home/travis/build/icyphy/ptII/ptolemy/actor/lib/test/auto/ArrayRemoveElement.xml
6 ms. Memory: 434176K Free: 246280K (57%)
----------------- Invoking toplevel() on ptolemy.moml.MoMLSimpleApplication@1dc0e4a1
----------------- Done invoking toplevel() on ptolemy.moml.MoMLSimpleApplication@1dc0e4a1
reloadAllAccessors: .ArrayRemoveElement

===========================================================================================
----------------- testing Tue Jul 02 04:47:55 UTC 2019 /home/travis/build/icyphy/ptII/ptolemy/actor/lib/test/auto/ArraySort.xml
----------------- Instantiating /home/travis/build/icyphy/ptII/ptolemy/actor/lib/test/auto/ArraySort.xml
4 ms. Memory: 434176K Free: 237064K (55%)
----------------- Invoking toplevel() on ptolemy.moml.MoMLSimpleApplication@6ab0eb43
----------------- Done invoking toplevel() on ptolemy.moml.MoMLSimpleApplication@6ab0eb43
reloadAllAccessors: .ArraySort

===========================================================================================
----------------- testing Tue Jul 02 04:47:55 UTC 2019 /home/travis/build/icyphy/ptII/ptolemy/actor/lib/test/auto/ArraySum.xml
----------------- Instantiating /home/travis/build/icyphy/ptII/ptolemy/actor/lib/test/auto/ArraySum.xml
10 ms. Memory: 434176K Free: 231944K (53%)
----------------- Invoking toplevel() on ptolemy.moml.MoMLSimpleApplication@4a7e7bc9
----------------- Done invoking toplevel() on ptolemy.moml.MoMLSimpleApplication@4a7e7bc9
reloadAllAccessors: .ArraySum

===========================================================================================
----------------- testing Tue Jul 02 04:47:55 UTC 2019 /home/travis/build/icyphy/ptII/ptolemy/actor/lib/test/auto/ArrayToElements.xml
----------------- Instantiating /home/travis/build/icyphy/ptII/ptolemy/actor/lib/test/auto/ArrayToElements.xml
7 ms. Memory: 434176K Free: 226314K (52%)
----------------- Invoking toplevel() on ptolemy.moml.MoMLSimpleApplication@3d2f6907
----------------- Done invoking toplevel() on ptolemy.moml.MoMLSimpleApplication@3d2f6907
reloadAllAccessors: .ArrayToElements

===========================================================================================
----------------- testing Tue Jul 02 04:47:55 UTC 2019 /home/travis/build/icyphy/ptII/ptolemy/actor/lib/test/auto/ArrayToMatrix.xml
----------------- Instantiating /home/travis/build/icyphy/ptII/ptolemy/actor/lib/test/auto/ArrayToMatrix.xml
11 ms. Memory: 434176K Free: 212488K (49%)
----------------- Invoking toplevel() on ptolemy.moml.MoMLSimpleApplication@784e0ccf
----------------- Done invoking toplevel() on ptolemy.moml.MoMLSimpleApplication@784e0ccf
reloadAllAccessors: .ArrayToMatrix

===========================================================================================
----------------- testing Tue Jul 02 04:47:55 UTC 2019 /home/travis/build/icyphy/ptII/ptolemy/actor/lib/test/auto/ArrayUpdate1.xml
----------------- Instantiating /home/travis/build/icyphy/ptII/ptolemy/actor/lib/test/auto/ArrayUpdate1.xml
4 ms. Memory: 434176K Free: 207368K (48%)
----------------- Invoking toplevel() on ptolemy.moml.MoMLSimpleApplication@5e8a1e78
----------------- Done invoking toplevel() on ptolemy.moml.MoMLSimpleApplication@5e8a1e78
reloadAllAccessors: .ArrayUpdate1

===========================================================================================
----------------- testing Tue Jul 02 04:47:55 UTC 2019 /home/travis/build/icyphy/ptII/ptolemy/actor/lib/test/auto/ArrayUpdate2.xml
----------------- Instantiating /home/travis/build/icyphy/ptII/ptolemy/actor/lib/test/auto/ArrayUpdate2.xml
6 ms. Memory: 434176K Free: 201224K (46%)
----------------- Invoking toplevel() on ptolemy.moml.MoMLSimpleApplication@116a77d
----------------- Done invoking toplevel() on ptolemy.moml.MoMLSimpleApplication@116a77d
reloadAllAccessors: .ArrayUpdate2

===========================================================================================
----------------- testing Tue Jul 02 04:47:55 UTC 2019 /home/travis/build/icyphy/ptII/ptolemy/actor/lib/test/auto/ArrayUpdate3.xml
----------------- Instantiating /home/travis/build/icyphy/ptII/ptolemy/actor/lib/test/auto/ArrayUpdate3.xml
5 ms. Memory: 434176K Free: 196618K (45%)
----------------- Invoking toplevel() on ptolemy.moml.MoMLSimpleApplication@45e32a57
----------------- Done invoking toplevel() on ptolemy.moml.MoMLSimpleApplication@45e32a57
reloadAllAccessors: .ArrayUpdate3

===========================================================================================
----------------- testing Tue Jul 02 04:47:55 UTC 2019 /home/travis/build/icyphy/ptII/ptolemy/actor/lib/test/auto/Assert1.xml
----------------- Instantiating /home/travis/build/icyphy/ptII/ptolemy/actor/lib/test/auto/Assert1.xml
6 ms. Memory: 434176K Free: 192008K (44%)
----------------- Invoking toplevel() on ptolemy.moml.MoMLSimpleApplication@3b7b560b
----------------- Done invoking toplevel() on ptolemy.moml.MoMLSimpleApplication@3b7b560b
reloadAllAccessors: .Assert1

===========================================================================================
----------------- testing Tue Jul 02 04:47:55 UTC 2019 /home/travis/build/icyphy/ptII/ptolemy/actor/lib/test/auto/Assert2.xml
----------------- Instantiating /home/travis/build/icyphy/ptII/ptolemy/actor/lib/test/auto/Assert2.xml
9 ms. Memory: 434176K Free: 186888K (43%)
----------------- Invoking toplevel() on ptolemy.moml.MoMLSimpleApplication@74eda8e3
----------------- Done invoking toplevel() on ptolemy.moml.MoMLSimpleApplication@74eda8e3
reloadAllAccessors: .Assert2

===========================================================================================
----------------- testing Tue Jul 02 04:47:55 UTC 2019 /home/travis/build/icyphy/ptII/ptolemy/actor/lib/test/auto/BooleanMultiplexor.xml
----------------- Instantiating /home/travis/build/icyphy/ptII/ptolemy/actor/lib/test/auto/BooleanMultiplexor.xml
3 ms. Memory: 434176K Free: 181258K (42%)
----------------- Invoking toplevel() on ptolemy.moml.MoMLSimpleApplication@263b8476
----------------- Done invoking toplevel() on ptolemy.moml.MoMLSimpleApplication@263b8476
reloadAllAccessors: .BooleanMultiplexor

===========================================================================================
----------------- testing Tue Jul 02 04:47:55 UTC 2019 /home/travis/build/icyphy/ptII/ptolemy/actor/lib/test/auto/BooleanMultiplexor2.xml
----------------- Instantiating /home/travis/build/icyphy/ptII/ptolemy/actor/lib/test/auto/BooleanMultiplexor2.xml
3 ms. Memory: 434176K Free: 174600K (40%)
----------------- Invoking toplevel() on ptolemy.moml.MoMLSimpleApplication@7ecb4b7b
----------------- Done invoking toplevel() on ptolemy.moml.MoMLSimpleApplication@7ecb4b7b
reloadAllAccessors: .BooleanMultiplexor2

===========================================================================================
----------------- testing Tue Jul 02 04:47:56 UTC 2019 /home/travis/build/icyphy/ptII/ptolemy/actor/lib/test/auto/BooleanMultiplexor3.xml
----------------- Instantiating /home/travis/build/icyphy/ptII/ptolemy/actor/lib/test/auto/BooleanMultiplexor3.xml
5 ms. Memory: 434176K Free: 170504K (39%)
----------------- Invoking toplevel() on ptolemy.moml.MoMLSimpleApplication@79f583fa
----------------- Done invoking toplevel() on ptolemy.moml.MoMLSimpleApplication@79f583fa
reloadAllAccessors: .BooleanMultiplexor3

===========================================================================================
----------------- testing Tue Jul 02 04:47:56 UTC 2019 /home/travis/build/icyphy/ptII/ptolemy/actor/lib/test/auto/BooleanSelect.xml
----------------- Instantiating /home/travis/build/icyphy/ptII/ptolemy/actor/lib/test/auto/BooleanSelect.xml
7 ms. Memory: 434176K Free: 164330K (38%)
----------------- Invoking toplevel() on ptolemy.moml.MoMLSimpleApplication@4c95e484
----------------- Done invoking toplevel() on ptolemy.moml.MoMLSimpleApplication@4c95e484
reloadAllAccessors: .BooleanSelect

===========================================================================================
----------------- testing Tue Jul 02 04:47:56 UTC 2019 /home/travis/build/icyphy/ptII/ptolemy/actor/lib/test/auto/BooleanSelect2.xml
----------------- Instantiating /home/travis/build/icyphy/ptII/ptolemy/actor/lib/test/auto/BooleanSelect2.xml
2 ms. Memory: 434176K Free: 160264K (37%)
----------------- Invoking toplevel() on ptolemy.moml.MoMLSimpleApplication@3567543f
----------------- Done invoking toplevel() on ptolemy.moml.MoMLSimpleApplication@3567543f
reloadAllAccessors: .BooleanSelect2

===========================================================================================
----------------- testing Tue Jul 02 04:47:56 UTC 2019 /home/travis/build/icyphy/ptII/ptolemy/actor/lib/test/auto/BooleanSwitch.xml
----------------- Instantiating /home/travis/build/icyphy/ptII/ptolemy/actor/lib/test/auto/BooleanSwitch.xml
6 ms. Memory: 434176K Free: 154120K (35%)
----------------- Invoking toplevel() on ptolemy.moml.MoMLSimpleApplication@5a580264
----------------- Done invoking toplevel() on ptolemy.moml.MoMLSimpleApplication@5a580264
reloadAllAccessors: .BooleanSwitch

===========================================================================================
----------------- testing Tue Jul 02 04:47:56 UTC 2019 /home/travis/build/icyphy/ptII/ptolemy/actor/lib/test/auto/BooleanSwitch2.xml
----------------- Instantiating /home/travis/build/icyphy/ptII/ptolemy/actor/lib/test/auto/BooleanSwitch2.xml
1 ms. Memory: 434176K Free: 150024K (35%)
----------------- Invoking toplevel() on ptolemy.moml.MoMLSimpleApplication@6eb6141
----------------- Done invoking toplevel() on ptolemy.moml.MoMLSimpleApplication@6eb6141
reloadAllAccessors: .BooleanSwitch2

===========================================================================================
----------------- testing Tue Jul 02 04:47:56 UTC 2019 /home/travis/build/icyphy/ptII/ptolemy/actor/lib/test/auto/BooleanSwitchCloningBugWithClassRelationGroup.xml
----------------- Instantiating /home/travis/build/icyphy/ptII/ptolemy/actor/lib/test/auto/BooleanSwitchCloningBugWithClassRelationGroup.xml
5 ms. Memory: 434176K Free: 143370K (33%)
----------------- Invoking toplevel() on ptolemy.moml.MoMLSimpleApplication@483aadda
----------------- Done invoking toplevel() on ptolemy.moml.MoMLSimpleApplication@483aadda
reloadAllAccessors: .BooleanSwitchCloningBugWithClassRelationGroup

===========================================================================================
----------------- testing Tue Jul 02 04:47:56 UTC 2019 /home/travis/build/icyphy/ptII/ptolemy/actor/lib/test/auto/BusActors.xml
----------------- Instantiating /home/travis/build/icyphy/ptII/ptolemy/actor/lib/test/auto/BusActors.xml
8 ms. Memory: 434176K Free: 385544K (89%)
----------------- Invoking toplevel() on ptolemy.moml.MoMLSimpleApplication@3726b510
----------------- Done invoking toplevel() on ptolemy.moml.MoMLSimpleApplication@3726b510
reloadAllAccessors: .BusActors

===========================================================================================
----------------- testing Tue Jul 02 04:47:56 UTC 2019 /home/travis/build/icyphy/ptII/ptolemy/actor/lib/test/auto/ClassWrapper.xml
----------------- Instantiating /home/travis/build/icyphy/ptII/ptolemy/actor/lib/test/auto/ClassWrapper.xml
2 ms. Memory: 434176K Free: 380938K (88%)
----------------- Invoking toplevel() on ptolemy.moml.MoMLSimpleApplication@1f13dd34
----------------- Done invoking toplevel() on ptolemy.moml.MoMLSimpleApplication@1f13dd34
reloadAllAccessors: .ClassWrapper

===========================================================================================
----------------- testing Tue Jul 02 04:47:56 UTC 2019 /home/travis/build/icyphy/ptII/ptolemy/actor/lib/test/auto/Clock.xml
----------------- Instantiating /home/travis/build/icyphy/ptII/ptolemy/actor/lib/test/auto/Clock.xml
1 ms. Memory: 434176K Free: 376842K (87%)
----------------- Invoking toplevel() on ptolemy.moml.MoMLSimpleApplication@6757c386
----------------- Done invoking toplevel() on ptolemy.moml.MoMLSimpleApplication@6757c386
reloadAllAccessors: .Clock

===========================================================================================
----------------- testing Tue Jul 02 04:47:56 UTC 2019 /home/travis/build/icyphy/ptII/ptolemy/actor/lib/test/auto/Clock10.xml
----------------- Instantiating /home/travis/build/icyphy/ptII/ptolemy/actor/lib/test/auto/Clock10.xml
2 ms. Memory: 434176K Free: 371208K (85%)
----------------- Invoking toplevel() on ptolemy.moml.MoMLSimpleApplication@8bdc0c3
----------------- Done invoking toplevel() on ptolemy.moml.MoMLSimpleApplication@8bdc0c3
reloadAllAccessors: .Clock10

===========================================================================================
----------------- testing Tue Jul 02 04:47:56 UTC 2019 /home/travis/build/icyphy/ptII/ptolemy/actor/lib/test/auto/Clock11.xml
----------------- Instantiating /home/travis/build/icyphy/ptII/ptolemy/actor/lib/test/auto/Clock11.xml
3 ms. Memory: 434176K Free: 365064K (84%)
----------------- Invoking toplevel() on ptolemy.moml.MoMLSimpleApplication@4bb1a2e9
----------------- Done invoking toplevel() on ptolemy.moml.MoMLSimpleApplication@4bb1a2e9
reloadAllAccessors: .Clock11

===========================================================================================
----------------- testing Tue Jul 02 04:47:56 UTC 2019 /home/travis/build/icyphy/ptII/ptolemy/actor/lib/test/auto/Clock12.xml
----------------- Instantiating /home/travis/build/icyphy/ptII/ptolemy/actor/lib/test/auto/Clock12.xml
2 ms. Memory: 434176K Free: 359434K (83%)
----------------- Invoking toplevel() on ptolemy.moml.MoMLSimpleApplication@5890ad43
----------------- Done invoking toplevel() on ptolemy.moml.MoMLSimpleApplication@5890ad43
reloadAllAccessors: .Clock12

===========================================================================================
----------------- testing Tue Jul 02 04:47:56 UTC 2019 /home/travis/build/icyphy/ptII/ptolemy/actor/lib/test/auto/Clock13.xml
----------------- Instantiating /home/travis/build/icyphy/ptII/ptolemy/actor/lib/test/auto/Clock13.xml
5 ms. Memory: 434176K Free: 353290K (81%)
----------------- Invoking toplevel() on ptolemy.moml.MoMLSimpleApplication@3eadba5b
----------------- Done invoking toplevel() on ptolemy.moml.MoMLSimpleApplication@3eadba5b
reloadAllAccessors: .Clock13

===========================================================================================
----------------- testing Tue Jul 02 04:47:56 UTC 2019 /home/travis/build/icyphy/ptII/ptolemy/actor/lib/test/auto/Clock14.xml
----------------- Instantiating /home/travis/build/icyphy/ptII/ptolemy/actor/lib/test/auto/Clock14.xml
5 ms. Memory: 434176K Free: 347626K (80%)
----------------- Invoking toplevel() on ptolemy.moml.MoMLSimpleApplication@2240b8f0
----------------- Done invoking toplevel() on ptolemy.moml.MoMLSimpleApplication@2240b8f0
reloadAllAccessors: .Clock14

===========================================================================================
----------------- testing Tue Jul 02 04:47:56 UTC 2019 /home/travis/build/icyphy/ptII/ptolemy/actor/lib/test/auto/Clock15.xml
----------------- Instantiating /home/travis/build/icyphy/ptII/ptolemy/actor/lib/test/auto/Clock15.xml
5 ms. Memory: 434176K Free: 341498K (79%)
----------------- Invoking toplevel() on ptolemy.moml.MoMLSimpleApplication@3ab13523
----------------- Done invoking toplevel() on ptolemy.moml.MoMLSimpleApplication@3ab13523
reloadAllAccessors: .Clock15

===========================================================================================
----------------- testing Tue Jul 02 04:47:56 UTC 2019 /home/travis/build/icyphy/ptII/ptolemy/actor/lib/test/auto/Clock16.xml
----------------- Instantiating /home/travis/build/icyphy/ptII/ptolemy/actor/lib/test/auto/Clock16.xml
30 ms. Memory: 434176K Free: 327674K (75%)
----------------- Invoking toplevel() on ptolemy.moml.MoMLSimpleApplication@9a1007c
----------------- Done invoking toplevel() on ptolemy.moml.MoMLSimpleApplication@9a1007c
reloadAllAccessors: .Clock16

===========================================================================================
----------------- testing Tue Jul 02 04:47:56 UTC 2019 /home/travis/build/icyphy/ptII/ptolemy/actor/lib/test/auto/Clock17.xml
----------------- Instantiating /home/travis/build/icyphy/ptII/ptolemy/actor/lib/test/auto/Clock17.xml
13 ms. Memory: 434176K Free: 313354K (72%)
----------------- Invoking toplevel() on ptolemy.moml.MoMLSimpleApplication@259c1049
----------------- Done invoking toplevel() on ptolemy.moml.MoMLSimpleApplication@259c1049
reloadAllAccessors: .Clock17

===========================================================================================
----------------- testing Tue Jul 02 04:47:56 UTC 2019 /home/travis/build/icyphy/ptII/ptolemy/actor/lib/test/auto/Clock18.xml
----------------- Instantiating /home/travis/build/icyphy/ptII/ptolemy/actor/lib/test/auto/Clock18.xml
13 ms. Memory: 434176K Free: 300042K (69%)
----------------- Invoking toplevel() on ptolemy.moml.MoMLSimpleApplication@22990863
----------------- Done invoking toplevel() on ptolemy.moml.MoMLSimpleApplication@22990863
reloadAllAccessors: .Clock18

===========================================================================================
----------------- testing Tue Jul 02 04:47:56 UTC 2019 /home/travis/build/icyphy/ptII/ptolemy/actor/lib/test/auto/Clock19.xml
----------------- Instantiating /home/travis/build/icyphy/ptII/ptolemy/actor/lib/test/auto/Clock19.xml
11 ms. Memory: 434176K Free: 287226K (66%)
----------------- Invoking toplevel() on ptolemy.moml.MoMLSimpleApplication@710851c5
----------------- Done invoking toplevel() on ptolemy.moml.MoMLSimpleApplication@710851c5
reloadAllAccessors: .Clock19

===========================================================================================
----------------- testing Tue Jul 02 04:47:56 UTC 2019 /home/travis/build/icyphy/ptII/ptolemy/actor/lib/test/auto/Clock2.xml
----------------- Instantiating /home/travis/build/icyphy/ptII/ptolemy/actor/lib/test/auto/Clock2.xml
6 ms. Memory: 434176K Free: 282106K (65%)
----------------- Invoking toplevel() on ptolemy.moml.MoMLSimpleApplication@61ac69cb
----------------- Done invoking toplevel() on ptolemy.moml.MoMLSimpleApplication@61ac69cb
reloadAllAccessors: .Clock2

===========================================================================================
----------------- testing Tue Jul 02 04:47:56 UTC 2019 /home/travis/build/icyphy/ptII/ptolemy/actor/lib/test/auto/Clock20.xml
----------------- Instantiating /home/travis/build/icyphy/ptII/ptolemy/actor/lib/test/auto/Clock20.xml
5 ms. Memory: 434176K Free: 277000K (64%)
----------------- Invoking toplevel() on ptolemy.moml.MoMLSimpleApplication@34d91542
----------------- Done invoking toplevel() on ptolemy.moml.MoMLSimpleApplication@34d91542
reloadAllAccessors: .Clock20

===========================================================================================
----------------- testing Tue Jul 02 04:47:56 UTC 2019 /home/travis/build/icyphy/ptII/ptolemy/actor/lib/test/auto/Clock21.xml
----------------- Instantiating /home/travis/build/icyphy/ptII/ptolemy/actor/lib/test/auto/Clock21.xml
8 ms. Memory: 434176K Free: 271370K (63%)
----------------- Invoking toplevel() on ptolemy.moml.MoMLSimpleApplication@5f0eef02
----------------- Done invoking toplevel() on ptolemy.moml.MoMLSimpleApplication@5f0eef02
reloadAllAccessors: .Clock21

===========================================================================================
----------------- testing Tue Jul 02 04:47:56 UTC 2019 /home/travis/build/icyphy/ptII/ptolemy/actor/lib/test/auto/Clock22.xml
----------------- Instantiating /home/travis/build/icyphy/ptII/ptolemy/actor/lib/test/auto/Clock22.xml
5 ms. Memory: 434176K Free: 266250K (61%)
----------------- Invoking toplevel() on ptolemy.moml.MoMLSimpleApplication@3e10ae52
----------------- Done invoking toplevel() on ptolemy.moml.MoMLSimpleApplication@3e10ae52
reloadAllAccessors: .Clock22

===========================================================================================
----------------- testing Tue Jul 02 04:47:56 UTC 2019 /home/travis/build/icyphy/ptII/ptolemy/actor/lib/test/auto/Clock23.xml
----------------- Instantiating /home/travis/build/icyphy/ptII/ptolemy/actor/lib/test/auto/Clock23.xml
3 ms. Memory: 434176K Free: 260616K (60%)
----------------- Invoking toplevel() on ptolemy.moml.MoMLSimpleApplication@79622ec5
----------------- Done invoking toplevel() on ptolemy.moml.MoMLSimpleApplication@79622ec5
reloadAllAccessors: .Clock23

===========================================================================================
----------------- testing Tue Jul 02 04:47:56 UTC 2019 /home/travis/build/icyphy/ptII/ptolemy/actor/lib/test/auto/Clock24.xml
----------------- Instantiating /home/travis/build/icyphy/ptII/ptolemy/actor/lib/test/auto/Clock24.xml
2 ms. Memory: 434176K Free: 254986K (59%)
----------------- Invoking toplevel() on ptolemy.moml.MoMLSimpleApplication@250ac558
----------------- Done invoking toplevel() on ptolemy.moml.MoMLSimpleApplication@250ac558
reloadAllAccessors: .Clock24

===========================================================================================
----------------- testing Tue Jul 02 04:47:56 UTC 2019 /home/travis/build/icyphy/ptII/ptolemy/actor/lib/test/auto/Clock4.xml
----------------- Instantiating /home/travis/build/icyphy/ptII/ptolemy/actor/lib/test/auto/Clock4.xml
1 ms. Memory: 434176K Free: 250362K (58%)
----------------- Invoking toplevel() on ptolemy.moml.MoMLSimpleApplication@562b3720
----------------- Done invoking toplevel() on ptolemy.moml.MoMLSimpleApplication@562b3720
reloadAllAccessors: .Clock4

===========================================================================================
----------------- testing Tue Jul 02 04:47:56 UTC 2019 /home/travis/build/icyphy/ptII/ptolemy/actor/lib/test/auto/Clock5.xml
----------------- Instantiating /home/travis/build/icyphy/ptII/ptolemy/actor/lib/test/auto/Clock5.xml
1 ms. Memory: 434176K Free: 244746K (56%)
----------------- Invoking toplevel() on ptolemy.moml.MoMLSimpleApplication@6bfbe8f7
----------------- Done invoking toplevel() on ptolemy.moml.MoMLSimpleApplication@6bfbe8f7
reloadAllAccessors: .Clock5

===========================================================================================
----------------- testing Tue Jul 02 04:47:56 UTC 2019 /home/travis/build/icyphy/ptII/ptolemy/actor/lib/test/auto/Clock6.xml
----------------- Instantiating /home/travis/build/icyphy/ptII/ptolemy/actor/lib/test/auto/Clock6.xml
1 ms. Memory: 434176K Free: 241160K (56%)
----------------- Invoking toplevel() on ptolemy.moml.MoMLSimpleApplication@571a6b90
----------------- Done invoking toplevel() on ptolemy.moml.MoMLSimpleApplication@571a6b90
reloadAllAccessors: .Clock6

===========================================================================================
----------------- testing Tue Jul 02 04:47:56 UTC 2019 /home/travis/build/icyphy/ptII/ptolemy/actor/lib/test/auto/Clock7.xml
----------------- Instantiating /home/travis/build/icyphy/ptII/ptolemy/actor/lib/test/auto/Clock7.xml
2 ms. Memory: 434176K Free: 236040K (54%)
----------------- Invoking toplevel() on ptolemy.moml.MoMLSimpleApplication@1062a3ac
----------------- Done invoking toplevel() on ptolemy.moml.MoMLSimpleApplication@1062a3ac
reloadAllAccessors: .Clock7

===========================================================================================
----------------- testing Tue Jul 02 04:47:56 UTC 2019 /home/travis/build/icyphy/ptII/ptolemy/actor/lib/test/auto/Clock8.xml
----------------- Instantiating /home/travis/build/icyphy/ptII/ptolemy/actor/lib/test/auto/Clock8.xml
3 ms. Memory: 434176K Free: 230410K (53%)
----------------- Invoking toplevel() on ptolemy.moml.MoMLSimpleApplication@493ab219
----------------- Done invoking toplevel() on ptolemy.moml.MoMLSimpleApplication@493ab219
reloadAllAccessors: .Clock8

===========================================================================================
----------------- testing Tue Jul 02 04:47:56 UTC 2019 /home/travis/build/icyphy/ptII/ptolemy/actor/lib/test/auto/Clock9.xml
----------------- Instantiating /home/travis/build/icyphy/ptII/ptolemy/actor/lib/test/auto/Clock9.xml
2 ms. Memory: 434176K Free: 225290K (52%)
----------------- Invoking toplevel() on ptolemy.moml.MoMLSimpleApplication@be31b99
----------------- Done invoking toplevel() on ptolemy.moml.MoMLSimpleApplication@be31b99
reloadAllAccessors: .Clock9

===========================================================================================
----------------- testing Tue Jul 02 04:47:56 UTC 2019 /home/travis/build/icyphy/ptII/ptolemy/actor/lib/test/auto/CommDistDiscard.xml
----------------- Instantiating /home/travis/build/icyphy/ptII/ptolemy/actor/lib/test/auto/CommDistDiscard.xml
4 ms. Memory: 434176K Free: 219656K (51%)
----------------- Invoking toplevel() on ptolemy.moml.MoMLSimpleApplication@5a113c6b
----------------- Done invoking toplevel() on ptolemy.moml.MoMLSimpleApplication@5a113c6b
reloadAllAccessors: .CommDistDiscard

===========================================================================================
----------------- testing Tue Jul 02 04:47:56 UTC 2019 /home/travis/build/icyphy/ptII/ptolemy/actor/lib/test/auto/Commutator.xml
----------------- Instantiating /home/travis/build/icyphy/ptII/ptolemy/actor/lib/test/auto/Commutator.xml
2 ms. Memory: 434176K Free: 215560K (50%)
----------------- Invoking toplevel() on ptolemy.moml.MoMLSimpleApplication@50d0311f
----------------- Done invoking toplevel() on ptolemy.moml.MoMLSimpleApplication@50d0311f
reloadAllAccessors: .Commutator

===========================================================================================
----------------- testing Tue Jul 02 04:47:56 UTC 2019 /home/travis/build/icyphy/ptII/ptolemy/actor/lib/test/auto/Commutator2.xml
----------------- Instantiating /home/travis/build/icyphy/ptII/ptolemy/actor/lib/test/auto/Commutator2.xml
1 ms. Memory: 434176K Free: 210954K (49%)
----------------- Invoking toplevel() on ptolemy.moml.MoMLSimpleApplication@21ff9946
----------------- Done invoking toplevel() on ptolemy.moml.MoMLSimpleApplication@21ff9946
reloadAllAccessors: .Commutator2

===========================================================================================
----------------- testing Tue Jul 02 04:47:56 UTC 2019 /home/travis/build/icyphy/ptII/ptolemy/actor/lib/test/auto/Commutator3.xml
----------------- Instantiating /home/travis/build/icyphy/ptII/ptolemy/actor/lib/test/auto/Commutator3.xml
2 ms. Memory: 434176K Free: 206344K (48%)
----------------- Invoking toplevel() on ptolemy.moml.MoMLSimpleApplication@10afc38f
----------------- Done invoking toplevel() on ptolemy.moml.MoMLSimpleApplication@10afc38f
reloadAllAccessors: .Commutator3

===========================================================================================
----------------- testing Tue Jul 02 04:47:56 UTC 2019 /home/travis/build/icyphy/ptII/ptolemy/actor/lib/test/auto/Compare.xml
----------------- Instantiating /home/travis/build/icyphy/ptII/ptolemy/actor/lib/test/auto/Compare.xml
2 ms. Memory: 434176K Free: 200200K (46%)
----------------- Invoking toplevel() on ptolemy.moml.MoMLSimpleApplication@10a3e252
----------------- Done invoking toplevel() on ptolemy.moml.MoMLSimpleApplication@10a3e252
reloadAllAccessors: .Compare

===========================================================================================
----------------- testing Tue Jul 02 04:47:57 UTC 2019 /home/travis/build/icyphy/ptII/ptolemy/actor/lib/test/auto/CompareDE.xml
----------------- Instantiating /home/travis/build/icyphy/ptII/ptolemy/actor/lib/test/auto/CompareDE.xml
3 ms. Memory: 434176K Free: 193546K (45%)
----------------- Invoking toplevel() on ptolemy.moml.MoMLSimpleApplication@5b1689bb
----------------- Done invoking toplevel() on ptolemy.moml.MoMLSimpleApplication@5b1689bb
reloadAllAccessors: .CompareDE

===========================================================================================
----------------- testing Tue Jul 02 04:47:57 UTC 2019 /home/travis/build/icyphy/ptII/ptolemy/actor/lib/test/auto/ComplexDivide.xml
----------------- Instantiating /home/travis/build/icyphy/ptII/ptolemy/actor/lib/test/auto/ComplexDivide.xml
1 ms. Memory: 434176K Free: 189960K (44%)
----------------- Invoking toplevel() on ptolemy.moml.MoMLSimpleApplication@5185aa57
----------------- Done invoking toplevel() on ptolemy.moml.MoMLSimpleApplication@5185aa57
reloadAllAccessors: .ComplexDivide

===========================================================================================
----------------- testing Tue Jul 02 04:47:57 UTC 2019 /home/travis/build/icyphy/ptII/ptolemy/actor/lib/test/auto/ComputeHistogram.xml
----------------- Instantiating /home/travis/build/icyphy/ptII/ptolemy/actor/lib/test/auto/ComputeHistogram.xml
23 ms. Memory: 434176K Free: 177162K (41%)
----------------- Invoking toplevel() on ptolemy.moml.MoMLSimpleApplication@316a4020
----------------- Done invoking toplevel() on ptolemy.moml.MoMLSimpleApplication@316a4020
reloadAllAccessors: .ComputeHistogram

===========================================================================================
----------------- testing Tue Jul 02 04:47:57 UTC 2019 /home/travis/build/icyphy/ptII/ptolemy/actor/lib/test/auto/ConfigurationSelect.xml
----------------- Instantiating /home/travis/build/icyphy/ptII/ptolemy/actor/lib/test/auto/ConfigurationSelect.xml
2 ms. Memory: 434176K Free: 171498K (39%)
----------------- Invoking toplevel() on ptolemy.moml.MoMLSimpleApplication@6c479c2
----------------- Done invoking toplevel() on ptolemy.moml.MoMLSimpleApplication@6c479c2
reloadAllAccessors: .ConfigurationSelect

===========================================================================================
----------------- testing Tue Jul 02 04:47:57 UTC 2019 /home/travis/build/icyphy/ptII/ptolemy/actor/lib/test/auto/ConfigurationSelect2.xml
----------------- Instantiating /home/travis/build/icyphy/ptII/ptolemy/actor/lib/test/auto/ConfigurationSelect2.xml
2 ms. Memory: 434176K Free: 167432K (39%)
----------------- Invoking toplevel() on ptolemy.moml.MoMLSimpleApplication@1c440028
----------------- Done invoking toplevel() on ptolemy.moml.MoMLSimpleApplication@1c440028
reloadAllAccessors: .ConfigurationSelect2

===========================================================================================
----------------- testing Tue Jul 02 04:47:57 UTC 2019 /home/travis/build/icyphy/ptII/ptolemy/actor/lib/test/auto/ConfigurationSwitch.xml
----------------- Instantiating /home/travis/build/icyphy/ptII/ptolemy/actor/lib/test/auto/ConfigurationSwitch.xml
11 ms. Memory: 434176K Free: 161802K (37%)
----------------- Invoking toplevel() on ptolemy.moml.MoMLSimpleApplication@1aaecf76
----------------- Done invoking toplevel() on ptolemy.moml.MoMLSimpleApplication@1aaecf76
reloadAllAccessors: .ConfigurationSwitch

===========================================================================================
----------------- testing Tue Jul 02 04:47:57 UTC 2019 /home/travis/build/icyphy/ptII/ptolemy/actor/lib/test/auto/ConfigurationSwitch2.xml
----------------- Instantiating /home/travis/build/icyphy/ptII/ptolemy/actor/lib/test/auto/ConfigurationSwitch2.xml
3 ms. Memory: 434176K Free: 156168K (36%)
----------------- Invoking toplevel() on ptolemy.moml.MoMLSimpleApplication@3f02f4fd
----------------- Done invoking toplevel() on ptolemy.moml.MoMLSimpleApplication@3f02f4fd
reloadAllAccessors: .ConfigurationSwitch2

===========================================================================================
----------------- testing Tue Jul 02 04:47:57 UTC 2019 /home/travis/build/icyphy/ptII/ptolemy/actor/lib/test/auto/ConfigurationSwitchCloningBugWithClassRelationGroup.xml
----------------- Instantiating /home/travis/build/icyphy/ptII/ptolemy/actor/lib/test/auto/ConfigurationSwitchCloningBugWithClassRelationGroup.xml
2 ms. Memory: 434176K Free: 150024K (35%)
----------------- Invoking toplevel() on ptolemy.moml.MoMLSimpleApplication@29bc19ec
----------------- Done invoking toplevel() on ptolemy.moml.MoMLSimpleApplication@29bc19ec
reloadAllAccessors: .ConfigurationSwitchCloningBugWithClassRelationGroup

===========================================================================================
----------------- testing Tue Jul 02 04:47:57 UTC 2019 /home/travis/build/icyphy/ptII/ptolemy/actor/lib/test/auto/ConfigurationSwitchSelectSDF.xml
----------------- Instantiating /home/travis/build/icyphy/ptII/ptolemy/actor/lib/test/auto/ConfigurationSwitchSelectSDF.xml
2 ms. Memory: 434176K Free: 144394K (33%)
----------------- Invoking toplevel() on ptolemy.moml.MoMLSimpleApplication@1a154e9a
----------------- Done invoking toplevel() on ptolemy.moml.MoMLSimpleApplication@1a154e9a
reloadAllAccessors: .ConfigurationSwitchSelectSDF

===========================================================================================
----------------- testing Tue Jul 02 04:47:57 UTC 2019 /home/travis/build/icyphy/ptII/ptolemy/actor/lib/test/auto/ConfigurationSwitchSelectSDF2.xml
----------------- Instantiating /home/travis/build/icyphy/ptII/ptolemy/actor/lib/test/auto/ConfigurationSwitchSelectSDF2.xml
1 ms. Memory: 434176K Free: 138760K (32%)
----------------- Invoking toplevel() on ptolemy.moml.MoMLSimpleApplication@23c89d31
----------------- Done invoking toplevel() on ptolemy.moml.MoMLSimpleApplication@23c89d31
reloadAllAccessors: .ConfigurationSwitchSelectSDF2

===========================================================================================
----------------- testing Tue Jul 02 04:47:57 UTC 2019 /home/travis/build/icyphy/ptII/ptolemy/actor/lib/test/auto/Const.xml
----------------- Instantiating /home/travis/build/icyphy/ptII/ptolemy/actor/lib/test/auto/Const.xml
1 ms. Memory: 434176K Free: 135178K (31%)
----------------- Invoking toplevel() on ptolemy.moml.MoMLSimpleApplication@49819adb
----------------- Done invoking toplevel() on ptolemy.moml.MoMLSimpleApplication@49819adb
reloadAllAccessors: .Const

===========================================================================================
----------------- testing Tue Jul 02 04:47:57 UTC 2019 /home/travis/build/icyphy/ptII/ptolemy/actor/lib/test/auto/Const2.xml
----------------- Instantiating /home/travis/build/icyphy/ptII/ptolemy/actor/lib/test/auto/Const2.xml
1 ms. Memory: 434176K Free: 131082K (30%)
----------------- Invoking toplevel() on ptolemy.moml.MoMLSimpleApplication@3363b325
----------------- Done invoking toplevel() on ptolemy.moml.MoMLSimpleApplication@3363b325
reloadAllAccessors: .Const2

===========================================================================================
----------------- testing Tue Jul 02 04:47:57 UTC 2019 /home/travis/build/icyphy/ptII/ptolemy/actor/lib/test/auto/Const3.xml
----------------- Instantiating /home/travis/build/icyphy/ptII/ptolemy/actor/lib/test/auto/Const3.xml
2 ms. Memory: 824320K Free: 775688K (94%)
----------------- Invoking toplevel() on ptolemy.moml.MoMLSimpleApplication@45649242
----------------- Done invoking toplevel() on ptolemy.moml.MoMLSimpleApplication@45649242
reloadAllAccessors: .Const3

===========================================================================================
----------------- testing Tue Jul 02 04:47:57 UTC 2019 /home/travis/build/icyphy/ptII/ptolemy/actor/lib/test/auto/ConstantPublisherPort1.xml
----------------- Instantiating /home/travis/build/icyphy/ptII/ptolemy/actor/lib/test/auto/ConstantPublisherPort1.xml
8 ms. Memory: 824320K Free: 766472K (93%)
----------------- Invoking toplevel() on ptolemy.moml.MoMLSimpleApplication@33ac577a
----------------- Done invoking toplevel() on ptolemy.moml.MoMLSimpleApplication@33ac577a
reloadAllAccessors: .ConstantPublisherPort1

===========================================================================================
----------------- testing Tue Jul 02 04:47:57 UTC 2019 /home/travis/build/icyphy/ptII/ptolemy/actor/lib/test/auto/ConstantPublisherPort2.xml
----------------- Instantiating /home/travis/build/icyphy/ptII/ptolemy/actor/lib/test/auto/ConstantPublisherPort2.xml
12 ms. Memory: 824320K Free: 758794K (92%)
----------------- Invoking toplevel() on ptolemy.moml.MoMLSimpleApplication@55a1c7c8
----------------- Done invoking toplevel() on ptolemy.moml.MoMLSimpleApplication@55a1c7c8
reloadAllAccessors: .ConstantPublisherPort2

===========================================================================================
----------------- testing Tue Jul 02 04:47:57 UTC 2019 /home/travis/build/icyphy/ptII/ptolemy/actor/lib/test/auto/ConstantPublisherPort3.xml
----------------- Instantiating /home/travis/build/icyphy/ptII/ptolemy/actor/lib/test/auto/ConstantPublisherPort3.xml
6 ms. Memory: 824320K Free: 751626K (91%)
----------------- Invoking toplevel() on ptolemy.moml.MoMLSimpleApplication@4076652a
----------------- Done invoking toplevel() on ptolemy.moml.MoMLSimpleApplication@4076652a
reloadAllAccessors: .ConstantPublisherPort3

===========================================================================================
----------------- testing Tue Jul 02 04:47:57 UTC 2019 /home/travis/build/icyphy/ptII/ptolemy/actor/lib/test/auto/ConstantPublisherPort4.xml
----------------- Instantiating /home/travis/build/icyphy/ptII/ptolemy/actor/lib/test/auto/ConstantPublisherPort4.xml
5 ms. Memory: 824320K Free: 744458K (90%)
----------------- Invoking toplevel() on ptolemy.moml.MoMLSimpleApplication@7bae687d
----------------- Done invoking toplevel() on ptolemy.moml.MoMLSimpleApplication@7bae687d
reloadAllAccessors: .ConstantPublisherPort4

===========================================================================================
----------------- testing Tue Jul 02 04:47:57 UTC 2019 /home/travis/build/icyphy/ptII/ptolemy/actor/lib/test/auto/ConstantPublisherPort5.xml
----------------- Instantiating /home/travis/build/icyphy/ptII/ptolemy/actor/lib/test/auto/ConstantPublisherPort5.xml
21 ms. Memory: 824320K Free: 735242K (89%)
----------------- Invoking toplevel() on ptolemy.moml.MoMLSimpleApplication@39d2c04b
----------------- Done invoking toplevel() on ptolemy.moml.MoMLSimpleApplication@39d2c04b
reloadAllAccessors: .ConstantPublisherPort5

===========================================================================================
----------------- testing Tue Jul 02 04:47:57 UTC 2019 /home/travis/build/icyphy/ptII/ptolemy/actor/lib/test/auto/ConstantPublisherPort6.xml
----------------- Instantiating /home/travis/build/icyphy/ptII/ptolemy/actor/lib/test/auto/ConstantPublisherPort6.xml
14 ms. Memory: 824320K Free: 726536K (88%)
----------------- Invoking toplevel() on ptolemy.moml.MoMLSimpleApplication@4502356b
----------------- Done invoking toplevel() on ptolemy.moml.MoMLSimpleApplication@4502356b
reloadAllAccessors: .ConstantPublisherPort6

===========================================================================================
----------------- testing Tue Jul 02 04:47:57 UTC 2019 /home/travis/build/icyphy/ptII/ptolemy/actor/lib/test/auto/ConstantPublisherPort7.xml
----------------- Instantiating /home/travis/build/icyphy/ptII/ptolemy/actor/lib/test/auto/ConstantPublisherPort7.xml
18 ms. Memory: 824320K Free: 717320K (87%)
----------------- Invoking toplevel() on ptolemy.moml.MoMLSimpleApplication@3cabe9bd
----------------- Done invoking toplevel() on ptolemy.moml.MoMLSimpleApplication@3cabe9bd
reloadAllAccessors: .ConstantPublisherPort7

===========================================================================================
----------------- testing Tue Jul 02 04:47:57 UTC 2019 /home/travis/build/icyphy/ptII/ptolemy/actor/lib/test/auto/ConstraintMonitor1.xml
----------------- Instantiating /home/travis/build/icyphy/ptII/ptolemy/actor/lib/test/auto/ConstraintMonitor1.xml
9 ms. Memory: 824320K Free: 712200K (86%)
----------------- Invoking toplevel() on ptolemy.moml.MoMLSimpleApplication@552904b8
----------------- Done invoking toplevel() on ptolemy.moml.MoMLSimpleApplication@552904b8
reloadAllAccessors: .ConstraintMonitor1

===========================================================================================
----------------- testing Tue Jul 02 04:47:57 UTC 2019 /home/travis/build/icyphy/ptII/ptolemy/actor/lib/test/auto/ConstraintMonitor2.xml
----------------- Instantiating /home/travis/build/icyphy/ptII/ptolemy/actor/lib/test/auto/ConstraintMonitor2.xml
3 ms. Memory: 824320K Free: 707594K (86%)
----------------- Invoking toplevel() on ptolemy.moml.MoMLSimpleApplication@2c885ca9
----------------- Done invoking toplevel() on ptolemy.moml.MoMLSimpleApplication@2c885ca9
reloadAllAccessors: .ConstraintMonitor2

===========================================================================================
----------------- testing Tue Jul 02 04:47:57 UTC 2019 /home/travis/build/icyphy/ptII/ptolemy/actor/lib/test/auto/ConstraintMonitor3.xml
----------------- Instantiating /home/travis/build/icyphy/ptII/ptolemy/actor/lib/test/auto/ConstraintMonitor3.xml
7 ms. Memory: 824320K Free: 702984K (85%)
----------------- Invoking toplevel() on ptolemy.moml.MoMLSimpleApplication@232057cb
----------------- Done invoking toplevel() on ptolemy.moml.MoMLSimpleApplication@232057cb
reloadAllAccessors: .ConstraintMonitor3

===========================================================================================
----------------- testing Tue Jul 02 04:47:57 UTC 2019 /home/travis/build/icyphy/ptII/ptolemy/actor/lib/test/auto/ConstraintMonitor4.xml
----------------- Instantiating /home/travis/build/icyphy/ptII/ptolemy/actor/lib/test/auto/ConstraintMonitor4.xml
2 ms. Memory: 824320K Free: 697864K (85%)
----------------- Invoking toplevel() on ptolemy.moml.MoMLSimpleApplication@55db7074
----------------- Done invoking toplevel() on ptolemy.moml.MoMLSimpleApplication@55db7074
reloadAllAccessors: .ConstraintMonitor4

===========================================================================================
----------------- testing Tue Jul 02 04:47:57 UTC 2019 /home/travis/build/icyphy/ptII/ptolemy/actor/lib/test/auto/ConstraintMonitor5.xml
----------------- Instantiating /home/travis/build/icyphy/ptII/ptolemy/actor/lib/test/auto/ConstraintMonitor5.xml
2 ms. Memory: 824320K Free: 692744K (84%)
----------------- Invoking toplevel() on ptolemy.moml.MoMLSimpleApplication@62b55ea2
----------------- Done invoking toplevel() on ptolemy.moml.MoMLSimpleApplication@62b55ea2
reloadAllAccessors: .ConstraintMonitor5

===========================================================================================
----------------- testing Tue Jul 02 04:47:57 UTC 2019 /home/travis/build/icyphy/ptII/ptolemy/actor/lib/test/auto/ConstraintMonitor6.xml
----------------- Instantiating /home/travis/build/icyphy/ptII/ptolemy/actor/lib/test/auto/ConstraintMonitor6.xml
7 ms. Memory: 824320K Free: 686594K (83%)
----------------- Invoking toplevel() on ptolemy.moml.MoMLSimpleApplication@1642c07a
----------------- Done invoking toplevel() on ptolemy.moml.MoMLSimpleApplication@1642c07a
reloadAllAccessors: .ConstraintMonitor6

===========================================================================================
----------------- testing Tue Jul 02 04:47:57 UTC 2019 /home/travis/build/icyphy/ptII/ptolemy/actor/lib/test/auto/ConstraintMonitor7.xml
----------------- Instantiating /home/travis/build/icyphy/ptII/ptolemy/actor/lib/test/auto/ConstraintMonitor7.xml
6 ms. Memory: 824320K Free: 680426K (83%)
----------------- Invoking toplevel() on ptolemy.moml.MoMLSimpleApplication@7212965e
----------------- Done invoking toplevel() on ptolemy.moml.MoMLSimpleApplication@7212965e
reloadAllAccessors: .ConstraintMonitor7

===========================================================================================
----------------- testing Tue Jul 02 04:47:57 UTC 2019 /home/travis/build/icyphy/ptII/ptolemy/actor/lib/test/auto/ConstraintMonitor8.xml
----------------- Instantiating /home/travis/build/icyphy/ptII/ptolemy/actor/lib/test/auto/ConstraintMonitor8.xml
5 ms. Memory: 824320K Free: 672778K (82%)
----------------- Invoking toplevel() on ptolemy.moml.MoMLSimpleApplication@2bd7e252
----------------- Done invoking toplevel() on ptolemy.moml.MoMLSimpleApplication@2bd7e252
reloadAllAccessors: .ConstraintMonitor8

===========================================================================================
----------------- testing Tue Jul 02 04:47:57 UTC 2019 /home/travis/build/icyphy/ptII/ptolemy/actor/lib/test/auto/Counter.xml
----------------- Instantiating /home/travis/build/icyphy/ptII/ptolemy/actor/lib/test/auto/Counter.xml
2 ms. Memory: 824320K Free: 667658K (81%)
----------------- Invoking toplevel() on ptolemy.moml.MoMLSimpleApplication@3e11b6fb
----------------- Done invoking toplevel() on ptolemy.moml.MoMLSimpleApplication@3e11b6fb
reloadAllAccessors: .Counter

===========================================================================================
----------------- testing Tue Jul 02 04:47:57 UTC 2019 /home/travis/build/icyphy/ptII/ptolemy/actor/lib/test/auto/CurrentTimeSDF.xml
----------------- Instantiating /home/travis/build/icyphy/ptII/ptolemy/actor/lib/test/auto/CurrentTimeSDF.xml
1 ms. Memory: 824320K Free: 663562K (80%)
----------------- Invoking toplevel() on ptolemy.moml.MoMLSimpleApplication@41fd1cef
----------------- Done invoking toplevel() on ptolemy.moml.MoMLSimpleApplication@41fd1cef
reloadAllAccessors: .CurrentTimeSDF

===========================================================================================
----------------- testing Tue Jul 02 04:47:57 UTC 2019 /home/travis/build/icyphy/ptII/ptolemy/actor/lib/test/auto/DB.xml
----------------- Instantiating /home/travis/build/icyphy/ptII/ptolemy/actor/lib/test/auto/DB.xml
2 ms. Memory: 824320K Free: 658952K (80%)
----------------- Invoking toplevel() on ptolemy.moml.MoMLSimpleApplication@4a710b25
----------------- Done invoking toplevel() on ptolemy.moml.MoMLSimpleApplication@4a710b25
reloadAllAccessors: .DB

===========================================================================================
----------------- testing Tue Jul 02 04:47:57 UTC 2019 /home/travis/build/icyphy/ptII/ptolemy/actor/lib/test/auto/DBDE.xml
----------------- Instantiating /home/travis/build/icyphy/ptII/ptolemy/actor/lib/test/auto/DBDE.xml
3 ms. Memory: 824320K Free: 652794K (79%)
----------------- Invoking toplevel() on ptolemy.moml.MoMLSimpleApplication@1ba58d96
----------------- Done invoking toplevel() on ptolemy.moml.MoMLSimpleApplication@1ba58d96
reloadAllAccessors: .DBDE

===========================================================================================
----------------- testing Tue Jul 02 04:47:57 UTC 2019 /home/travis/build/icyphy/ptII/ptolemy/actor/lib/test/auto/DateConstructor.xml
----------------- Instantiating /home/travis/build/icyphy/ptII/ptolemy/actor/lib/test/auto/DateConstructor.xml
43 ms. Memory: 824320K Free: 634890K (77%)
----------------- Invoking toplevel() on ptolemy.moml.MoMLSimpleApplication@7a4d69b4
----------------- Done invoking toplevel() on ptolemy.moml.MoMLSimpleApplication@7a4d69b4
reloadAllAccessors: .DateConstructor

===========================================================================================
----------------- testing Tue Jul 02 04:47:57 UTC 2019 /home/travis/build/icyphy/ptII/ptolemy/actor/lib/test/auto/DelayTime.xml
----------------- Instantiating /home/travis/build/icyphy/ptII/ptolemy/actor/lib/test/auto/DelayTime.xml
8 ms. Memory: 824320K Free: 630280K (76%)
----------------- Invoking toplevel() on ptolemy.moml.MoMLSimpleApplication@6d9584e7
----------------- Done invoking toplevel() on ptolemy.moml.MoMLSimpleApplication@6d9584e7
reloadAllAccessors: .DelayTime

===========================================================================================
----------------- testing Tue Jul 02 04:47:57 UTC 2019 /home/travis/build/icyphy/ptII/ptolemy/actor/lib/test/auto/Dictionary1.xml
----------------- Instantiating /home/travis/build/icyphy/ptII/ptolemy/actor/lib/test/auto/Dictionary1.xml
1 ms. Memory: 824320K Free: 624650K (76%)
----------------- Invoking toplevel() on ptolemy.moml.MoMLSimpleApplication@da00ba9
----------------- Done invoking toplevel() on ptolemy.moml.MoMLSimpleApplication@da00ba9
reloadAllAccessors: .Dictionary1

===========================================================================================
----------------- testing Tue Jul 02 04:47:58 UTC 2019 /home/travis/build/icyphy/ptII/ptolemy/actor/lib/test/auto/Dictionary2.xml
----------------- Instantiating /home/travis/build/icyphy/ptII/ptolemy/actor/lib/test/auto/Dictionary2.xml
4 ms. Memory: 824320K Free: 619016K (75%)
----------------- Invoking toplevel() on ptolemy.moml.MoMLSimpleApplication@28e3a96f
----------------- Done invoking toplevel() on ptolemy.moml.MoMLSimpleApplication@28e3a96f
reloadAllAccessors: .Dictionary2

===========================================================================================
----------------- testing Tue Jul 02 04:47:58 UTC 2019 /home/travis/build/icyphy/ptII/ptolemy/actor/lib/test/auto/Dictionary3.xml
----------------- Instantiating /home/travis/build/icyphy/ptII/ptolemy/actor/lib/test/auto/Dictionary3.xml
1 ms. Memory: 824320K Free: 613896K (74%)
----------------- Invoking toplevel() on ptolemy.moml.MoMLSimpleApplication@e6b9796
----------------- Done invoking toplevel() on ptolemy.moml.MoMLSimpleApplication@e6b9796
reloadAllAccessors: .Dictionary3

===========================================================================================
----------------- testing Tue Jul 02 04:47:58 UTC 2019 /home/travis/build/icyphy/ptII/ptolemy/actor/lib/test/auto/Dictionary4.xml
----------------- Instantiating /home/travis/build/icyphy/ptII/ptolemy/actor/lib/test/auto/Dictionary4.xml
4 ms. Memory: 824320K Free: 606722K (74%)
----------------- Invoking toplevel() on ptolemy.moml.MoMLSimpleApplication@3bf2de6f
----------------- Done invoking toplevel() on ptolemy.moml.MoMLSimpleApplication@3bf2de6f
reloadAllAccessors: .Dictionary4

===========================================================================================
----------------- testing Tue Jul 02 04:47:58 UTC 2019 /home/travis/build/icyphy/ptII/ptolemy/actor/lib/test/auto/Differential.xml
----------------- Instantiating /home/travis/build/icyphy/ptII/ptolemy/actor/lib/test/auto/Differential.xml
3 ms. Memory: 824320K Free: 602122K (73%)
----------------- Invoking toplevel() on ptolemy.moml.MoMLSimpleApplication@67a6e9c1
----------------- Done invoking toplevel() on ptolemy.moml.MoMLSimpleApplication@67a6e9c1
reloadAllAccessors: .Differential

===========================================================================================
----------------- testing Tue Jul 02 04:47:58 UTC 2019 /home/travis/build/icyphy/ptII/ptolemy/actor/lib/test/auto/Director.xml
----------------- Instantiating /home/travis/build/icyphy/ptII/ptolemy/actor/lib/test/auto/Director.xml
2 ms. Memory: 824320K Free: 598536K (73%)
----------------- Invoking toplevel() on ptolemy.moml.MoMLSimpleApplication@36f14d9a
----------------- Done invoking toplevel() on ptolemy.moml.MoMLSimpleApplication@36f14d9a
reloadAllAccessors: .Director

===========================================================================================
----------------- testing Tue Jul 02 04:47:58 UTC 2019 /home/travis/build/icyphy/ptII/ptolemy/actor/lib/test/auto/DiscreteClock.xml
----------------- Instantiating /home/travis/build/icyphy/ptII/ptolemy/actor/lib/test/auto/DiscreteClock.xml
1 ms. Memory: 824320K Free: 594954K (72%)
----------------- Invoking toplevel() on ptolemy.moml.MoMLSimpleApplication@cb98d13
----------------- Done invoking toplevel() on ptolemy.moml.MoMLSimpleApplication@cb98d13
reloadAllAccessors: .DiscreteClock

===========================================================================================
----------------- testing Tue Jul 02 04:47:58 UTC 2019 /home/travis/build/icyphy/ptII/ptolemy/actor/lib/test/auto/DiscreteClock10.xml
----------------- Instantiating /home/travis/build/icyphy/ptII/ptolemy/actor/lib/test/auto/DiscreteClock10.xml
4 ms. Memory: 824320K Free: 588810K (71%)
----------------- Invoking toplevel() on ptolemy.moml.MoMLSimpleApplication@5b3dfa08
----------------- Done invoking toplevel() on ptolemy.moml.MoMLSimpleApplication@5b3dfa08
reloadAllAccessors: .DiscreteClock10

===========================================================================================
----------------- testing Tue Jul 02 04:47:58 UTC 2019 /home/travis/build/icyphy/ptII/ptolemy/actor/lib/test/auto/DiscreteClock11.xml
----------------- Instantiating /home/travis/build/icyphy/ptII/ptolemy/actor/lib/test/auto/DiscreteClock11.xml
3 ms. Memory: 824320K Free: 582666K (71%)
----------------- Invoking toplevel() on ptolemy.moml.MoMLSimpleApplication@45c1396c
----------------- Done invoking toplevel() on ptolemy.moml.MoMLSimpleApplication@45c1396c
reloadAllAccessors: .DiscreteClock11

===========================================================================================
----------------- testing Tue Jul 02 04:47:58 UTC 2019 /home/travis/build/icyphy/ptII/ptolemy/actor/lib/test/auto/DiscreteClock12.xml
----------------- Instantiating /home/travis/build/icyphy/ptII/ptolemy/actor/lib/test/auto/DiscreteClock12.xml
3 ms. Memory: 824320K Free: 577032K (70%)
----------------- Invoking toplevel() on ptolemy.moml.MoMLSimpleApplication@58aed1f2
----------------- Done invoking toplevel() on ptolemy.moml.MoMLSimpleApplication@58aed1f2
reloadAllAccessors: .DiscreteClock12

===========================================================================================
----------------- testing Tue Jul 02 04:47:58 UTC 2019 /home/travis/build/icyphy/ptII/ptolemy/actor/lib/test/auto/DiscreteClock13.xml
----------------- Instantiating /home/travis/build/icyphy/ptII/ptolemy/actor/lib/test/auto/DiscreteClock13.xml
6 ms. Memory: 824320K Free: 570858K (69%)
----------------- Invoking toplevel() on ptolemy.moml.MoMLSimpleApplication@6ee5be37
----------------- Done invoking toplevel() on ptolemy.moml.MoMLSimpleApplication@6ee5be37
reloadAllAccessors: .DiscreteClock13

===========================================================================================
----------------- testing Tue Jul 02 04:47:58 UTC 2019 /home/travis/build/icyphy/ptII/ptolemy/actor/lib/test/auto/DiscreteClock14.xml
----------------- Instantiating /home/travis/build/icyphy/ptII/ptolemy/actor/lib/test/auto/DiscreteClock14.xml
6 ms. Memory: 824320K Free: 564730K (69%)
----------------- Invoking toplevel() on ptolemy.moml.MoMLSimpleApplication@2614caf7
----------------- Done invoking toplevel() on ptolemy.moml.MoMLSimpleApplication@2614caf7
reloadAllAccessors: .DiscreteClock14

===========================================================================================
----------------- testing Tue Jul 02 04:47:58 UTC 2019 /home/travis/build/icyphy/ptII/ptolemy/actor/lib/test/auto/DiscreteClock15.xml
----------------- Instantiating /home/travis/build/icyphy/ptII/ptolemy/actor/lib/test/auto/DiscreteClock15.xml
5 ms. Memory: 824320K Free: 558586K (68%)
----------------- Invoking toplevel() on ptolemy.moml.MoMLSimpleApplication@428d8ff4
----------------- Done invoking toplevel() on ptolemy.moml.MoMLSimpleApplication@428d8ff4
reloadAllAccessors: .DiscreteClock15

===========================================================================================
----------------- testing Tue Jul 02 04:47:58 UTC 2019 /home/travis/build/icyphy/ptII/ptolemy/actor/lib/test/auto/DiscreteClock16.xml
----------------- Instantiating /home/travis/build/icyphy/ptII/ptolemy/actor/lib/test/auto/DiscreteClock16.xml
20 ms. Memory: 824320K Free: 545274K (66%)
----------------- Invoking toplevel() on ptolemy.moml.MoMLSimpleApplication@d325b07
----------------- Done invoking toplevel() on ptolemy.moml.MoMLSimpleApplication@d325b07
reloadAllAccessors: .DiscreteClock16

===========================================================================================
----------------- testing Tue Jul 02 04:47:58 UTC 2019 /home/travis/build/icyphy/ptII/ptolemy/actor/lib/test/auto/DiscreteClock17.xml
----------------- Instantiating /home/travis/build/icyphy/ptII/ptolemy/actor/lib/test/auto/DiscreteClock17.xml
19 ms. Memory: 824320K Free: 530938K (64%)
----------------- Invoking toplevel() on ptolemy.moml.MoMLSimpleApplication@4cb1f2d3
----------------- Done invoking toplevel() on ptolemy.moml.MoMLSimpleApplication@4cb1f2d3
reloadAllAccessors: .DiscreteClock17

===========================================================================================
----------------- testing Tue Jul 02 04:47:58 UTC 2019 /home/travis/build/icyphy/ptII/ptolemy/actor/lib/test/auto/DiscreteClock18.xml
----------------- Instantiating /home/travis/build/icyphy/ptII/ptolemy/actor/lib/test/auto/DiscreteClock18.xml
24 ms. Memory: 824320K Free: 517130K (63%)
----------------- Invoking toplevel() on ptolemy.moml.MoMLSimpleApplication@16ba4c14
----------------- Done invoking toplevel() on ptolemy.moml.MoMLSimpleApplication@16ba4c14
reloadAllAccessors: .DiscreteClock18

===========================================================================================
----------------- testing Tue Jul 02 04:47:58 UTC 2019 /home/travis/build/icyphy/ptII/ptolemy/actor/lib/test/auto/DiscreteClock19.xml
----------------- Instantiating /home/travis/build/icyphy/ptII/ptolemy/actor/lib/test/auto/DiscreteClock19.xml
24 ms. Memory: 824320K Free: 503298K (61%)
----------------- Invoking toplevel() on ptolemy.moml.MoMLSimpleApplication@2dd8371b
----------------- Done invoking toplevel() on ptolemy.moml.MoMLSimpleApplication@2dd8371b
reloadAllAccessors: .DiscreteClock19

===========================================================================================
----------------- testing Tue Jul 02 04:47:58 UTC 2019 /home/travis/build/icyphy/ptII/ptolemy/actor/lib/test/auto/DiscreteClock2.xml
----------------- Instantiating /home/travis/build/icyphy/ptII/ptolemy/actor/lib/test/auto/DiscreteClock2.xml
6 ms. Memory: 824320K Free: 498154K (60%)
----------------- Invoking toplevel() on ptolemy.moml.MoMLSimpleApplication@4aca7639
----------------- Done invoking toplevel() on ptolemy.moml.MoMLSimpleApplication@4aca7639
reloadAllAccessors: .DiscreteClock2

===========================================================================================
----------------- testing Tue Jul 02 04:47:58 UTC 2019 /home/travis/build/icyphy/ptII/ptolemy/actor/lib/test/auto/DiscreteClock20.xml
----------------- Instantiating /home/travis/build/icyphy/ptII/ptolemy/actor/lib/test/auto/DiscreteClock20.xml
7 ms. Memory: 824320K Free: 493064K (60%)
----------------- Invoking toplevel() on ptolemy.moml.MoMLSimpleApplication@6bc6d118
----------------- Done invoking toplevel() on ptolemy.moml.MoMLSimpleApplication@6bc6d118
reloadAllAccessors: .DiscreteClock20

===========================================================================================
----------------- testing Tue Jul 02 04:47:58 UTC 2019 /home/travis/build/icyphy/ptII/ptolemy/actor/lib/test/auto/DiscreteClock21.xml
----------------- Instantiating /home/travis/build/icyphy/ptII/ptolemy/actor/lib/test/auto/DiscreteClock21.xml
6 ms. Memory: 824320K Free: 487434K (59%)
----------------- Invoking toplevel() on ptolemy.moml.MoMLSimpleApplication@b215c6d
----------------- Done invoking toplevel() on ptolemy.moml.MoMLSimpleApplication@b215c6d
reloadAllAccessors: .DiscreteClock21

===========================================================================================
----------------- testing Tue Jul 02 04:47:58 UTC 2019 /home/travis/build/icyphy/ptII/ptolemy/actor/lib/test/auto/DiscreteClock22.xml
----------------- Instantiating /home/travis/build/icyphy/ptII/ptolemy/actor/lib/test/auto/DiscreteClock22.xml
6 ms. Memory: 824320K Free: 481800K (58%)
----------------- Invoking toplevel() on ptolemy.moml.MoMLSimpleApplication@41e7b381
----------------- Done invoking toplevel() on ptolemy.moml.MoMLSimpleApplication@41e7b381
reloadAllAccessors: .DiscreteClock22

===========================================================================================
----------------- testing Tue Jul 02 04:47:58 UTC 2019 /home/travis/build/icyphy/ptII/ptolemy/actor/lib/test/auto/DiscreteClock23.xml
----------------- Instantiating /home/travis/build/icyphy/ptII/ptolemy/actor/lib/test/auto/DiscreteClock23.xml
9 ms. Memory: 824320K Free: 476170K (58%)
----------------- Invoking toplevel() on ptolemy.moml.MoMLSimpleApplication@2add74a0
----------------- Done invoking toplevel() on ptolemy.moml.MoMLSimpleApplication@2add74a0
reloadAllAccessors: .DiscreteClock23

===========================================================================================
----------------- testing Tue Jul 02 04:47:58 UTC 2019 /home/travis/build/icyphy/ptII/ptolemy/actor/lib/test/auto/DiscreteClock24.xml
----------------- Instantiating /home/travis/build/icyphy/ptII/ptolemy/actor/lib/test/auto/DiscreteClock24.xml
4 ms. Memory: 824320K Free: 471050K (57%)
----------------- Invoking toplevel() on ptolemy.moml.MoMLSimpleApplication@17a6b3fc
----------------- Done invoking toplevel() on ptolemy.moml.MoMLSimpleApplication@17a6b3fc
reloadAllAccessors: .DiscreteClock24

===========================================================================================
----------------- testing Tue Jul 02 04:47:58 UTC 2019 /home/travis/build/icyphy/ptII/ptolemy/actor/lib/test/auto/DiscreteClock4.xml
----------------- Instantiating /home/travis/build/icyphy/ptII/ptolemy/actor/lib/test/auto/DiscreteClock4.xml
2 ms. Memory: 824320K Free: 771828K (94%)
----------------- Invoking toplevel() on ptolemy.moml.MoMLSimpleApplication@70fc5822
----------------- Done invoking toplevel() on ptolemy.moml.MoMLSimpleApplication@70fc5822
reloadAllAccessors: .DiscreteClock4

===========================================================================================
----------------- testing Tue Jul 02 04:47:58 UTC 2019 /home/travis/build/icyphy/ptII/ptolemy/actor/lib/test/auto/DiscreteClock5.xml
----------------- Instantiating /home/travis/build/icyphy/ptII/ptolemy/actor/lib/test/auto/DiscreteClock5.xml
2 ms. Memory: 824320K Free: 766202K (93%)
----------------- Invoking toplevel() on ptolemy.moml.MoMLSimpleApplication@51d69821
----------------- Done invoking toplevel() on ptolemy.moml.MoMLSimpleApplication@51d69821
reloadAllAccessors: .DiscreteClock5

===========================================================================================
----------------- testing Tue Jul 02 04:47:58 UTC 2019 /home/travis/build/icyphy/ptII/ptolemy/actor/lib/test/auto/DiscreteClock6.xml
----------------- Instantiating /home/travis/build/icyphy/ptII/ptolemy/actor/lib/test/auto/DiscreteClock6.xml
1 ms. Memory: 824320K Free: 762106K (92%)
----------------- Invoking toplevel() on ptolemy.moml.MoMLSimpleApplication@40f52e70
----------------- Done invoking toplevel() on ptolemy.moml.MoMLSimpleApplication@40f52e70
reloadAllAccessors: .DiscreteClock6

===========================================================================================
----------------- testing Tue Jul 02 04:47:58 UTC 2019 /home/travis/build/icyphy/ptII/ptolemy/actor/lib/test/auto/DiscreteClock7.xml
----------------- Instantiating /home/travis/build/icyphy/ptII/ptolemy/actor/lib/test/auto/DiscreteClock7.xml
1 ms. Memory: 824320K Free: 757496K (92%)
----------------- Invoking toplevel() on ptolemy.moml.MoMLSimpleApplication@4384c671
----------------- Done invoking toplevel() on ptolemy.moml.MoMLSimpleApplication@4384c671
reloadAllAccessors: .DiscreteClock7

===========================================================================================
----------------- testing Tue Jul 02 04:47:58 UTC 2019 /home/travis/build/icyphy/ptII/ptolemy/actor/lib/test/auto/DiscreteClock8.xml
----------------- Instantiating /home/travis/build/icyphy/ptII/ptolemy/actor/lib/test/auto/DiscreteClock8.xml
7 ms. Memory: 824320K Free: 751866K (91%)
----------------- Invoking toplevel() on ptolemy.moml.MoMLSimpleApplication@276f353d
----------------- Done invoking toplevel() on ptolemy.moml.MoMLSimpleApplication@276f353d
reloadAllAccessors: .DiscreteClock8

===========================================================================================
----------------- testing Tue Jul 02 04:47:58 UTC 2019 /home/travis/build/icyphy/ptII/ptolemy/actor/lib/test/auto/DiscreteClock9.xml
----------------- Instantiating /home/travis/build/icyphy/ptII/ptolemy/actor/lib/test/auto/DiscreteClock9.xml
4 ms. Memory: 824320K Free: 746202K (91%)
----------------- Invoking toplevel() on ptolemy.moml.MoMLSimpleApplication@4bb07b60
----------------- Done invoking toplevel() on ptolemy.moml.MoMLSimpleApplication@4bb07b60
reloadAllAccessors: .DiscreteClock9

===========================================================================================
----------------- testing Tue Jul 02 04:47:58 UTC 2019 /home/travis/build/icyphy/ptII/ptolemy/actor/lib/test/auto/DisplayArray.xml
----------------- Instantiating /home/travis/build/icyphy/ptII/ptolemy/actor/lib/test/auto/DisplayArray.xml
1 ms. Memory: 824320K Free: 742650K (90%)
----------------- Invoking toplevel() on ptolemy.moml.MoMLSimpleApplication@2e272b62
----------------- Done invoking toplevel() on ptolemy.moml.MoMLSimpleApplication@2e272b62
reloadAllAccessors: .DisplayArray

===========================================================================================
----------------- testing Tue Jul 02 04:47:58 UTC 2019 /home/travis/build/icyphy/ptII/ptolemy/actor/lib/test/auto/Distributor.xml
----------------- Instantiating /home/travis/build/icyphy/ptII/ptolemy/actor/lib/test/auto/Distributor.xml
2 ms. Memory: 824320K Free: 737530K (89%)
----------------- Invoking toplevel() on ptolemy.moml.MoMLSimpleApplication@18d884fd
----------------- Done invoking toplevel() on ptolemy.moml.MoMLSimpleApplication@18d884fd
reloadAllAccessors: .Distributor

===========================================================================================
----------------- testing Tue Jul 02 04:47:58 UTC 2019 /home/travis/build/icyphy/ptII/ptolemy/actor/lib/test/auto/Distributor2.xml
----------------- Instantiating /home/travis/build/icyphy/ptII/ptolemy/actor/lib/test/auto/Distributor2.xml
2 ms. Memory: 824320K Free: 733434K (89%)
----------------- Invoking toplevel() on ptolemy.moml.MoMLSimpleApplication@1aa973dd
----------------- Done invoking toplevel() on ptolemy.moml.MoMLSimpleApplication@1aa973dd
reloadAllAccessors: .Distributor2

===========================================================================================
----------------- testing Tue Jul 02 04:47:58 UTC 2019 /home/travis/build/icyphy/ptII/ptolemy/actor/lib/test/auto/DownSample.xml
----------------- Instantiating /home/travis/build/icyphy/ptII/ptolemy/actor/lib/test/auto/DownSample.xml
1 ms. Memory: 824320K Free: 728314K (88%)
----------------- Invoking toplevel() on ptolemy.moml.MoMLSimpleApplication@169acdec
----------------- Done invoking toplevel() on ptolemy.moml.MoMLSimpleApplication@169acdec
reloadAllAccessors: .DownSample

===========================================================================================
----------------- testing Tue Jul 02 04:47:58 UTC 2019 /home/travis/build/icyphy/ptII/ptolemy/actor/lib/test/auto/ElectronicUnitBase1.xml
----------------- Instantiating /home/travis/build/icyphy/ptII/ptolemy/actor/lib/test/auto/ElectronicUnitBase1.xml
15 ms. Memory: 824320K Free: 712440K (86%)
----------------- Invoking toplevel() on ptolemy.moml.MoMLSimpleApplication@2b79a3b
----------------- Done invoking toplevel() on ptolemy.moml.MoMLSimpleApplication@2b79a3b
reloadAllAccessors: .ElectronicUnitBase1

===========================================================================================
----------------- testing Tue Jul 02 04:47:58 UTC 2019 /home/travis/build/icyphy/ptII/ptolemy/actor/lib/test/auto/ElementsToArray.xml
----------------- Instantiating /home/travis/build/icyphy/ptII/ptolemy/actor/lib/test/auto/ElementsToArray.xml
2 ms. Memory: 824320K Free: 707320K (86%)
----------------- Invoking toplevel() on ptolemy.moml.MoMLSimpleApplication@11770433
----------------- Done invoking toplevel() on ptolemy.moml.MoMLSimpleApplication@11770433
reloadAllAccessors: .ElementsToArray

===========================================================================================
----------------- testing Tue Jul 02 04:47:58 UTC 2019 /home/travis/build/icyphy/ptII/ptolemy/actor/lib/test/auto/Equals.xml
----------------- Instantiating /home/travis/build/icyphy/ptII/ptolemy/actor/lib/test/auto/Equals.xml
3 ms. Memory: 824320K Free: 702714K (85%)
----------------- Invoking toplevel() on ptolemy.moml.MoMLSimpleApplication@70fd22a1
----------------- Done invoking toplevel() on ptolemy.moml.MoMLSimpleApplication@70fd22a1
reloadAllAccessors: .Equals

===========================================================================================
----------------- testing Tue Jul 02 04:47:58 UTC 2019 /home/travis/build/icyphy/ptII/ptolemy/actor/lib/test/auto/Exec.xml
----------------- Instantiating /home/travis/build/icyphy/ptII/ptolemy/actor/lib/test/auto/Exec.xml
20 ms. Memory: 824320K Free: 697594K (85%)
----------------- Invoking toplevel() on ptolemy.moml.MoMLSimpleApplication@dcb4790
----------------- Done invoking toplevel() on ptolemy.moml.MoMLSimpleApplication@dcb4790
reloadAllAccessors: .Exec

===========================================================================================
----------------- testing Tue Jul 02 04:47:59 UTC 2019 /home/travis/build/icyphy/ptII/ptolemy/actor/lib/test/auto/ExecEnvironment.xml
----------------- Instantiating /home/travis/build/icyphy/ptII/ptolemy/actor/lib/test/auto/ExecEnvironment.xml
24 ms. Memory: 824320K Free: 692474K (84%)
----------------- Invoking toplevel() on ptolemy.moml.MoMLSimpleApplication@3b82ff0
----------------- Done invoking toplevel() on ptolemy.moml.MoMLSimpleApplication@3b82ff0
reloadAllAccessors: .ExecEnvironment

===========================================================================================
----------------- testing Tue Jul 02 04:47:59 UTC 2019 /home/travis/build/icyphy/ptII/ptolemy/actor/lib/test/auto/ExecNonZeroReturnOutput.xml
----------------- Instantiating /home/travis/build/icyphy/ptII/ptolemy/actor/lib/test/auto/ExecNonZeroReturnOutput.xml
179 ms. Memory: 824320K Free: 681210K (83%)
----------------- Invoking toplevel() on ptolemy.moml.MoMLSimpleApplication@6382cb5
----------------- Done invoking toplevel() on ptolemy.moml.MoMLSimpleApplication@6382cb5
reloadAllAccessors: .ExecNonZeroReturnOutput

===========================================================================================
----------------- testing Tue Jul 02 04:47:59 UTC 2019 /home/travis/build/icyphy/ptII/ptolemy/actor/lib/test/auto/ExecRunDemos.xml
----------------- Instantiating /home/travis/build/icyphy/ptII/ptolemy/actor/lib/test/auto/ExecRunDemos.xml
10626 ms. Memory: 824320K Free: 661754K (80%)

===========================================================================================
----------------- testing Tue Jul 02 04:48:09 UTC 2019 /home/travis/build/icyphy/ptII/ptolemy/actor/lib/test/auto/ExecStop.xml
----------------- Instantiating /home/travis/build/icyphy/ptII/ptolemy/actor/lib/test/auto/ExecStop.xml
5017 ms. Memory: 824320K Free: 544504K (66%)
----------------- Invoking toplevel() on ptolemy.moml.MoMLSimpleApplication@12eaf0cb
----------------- Done invoking toplevel() on ptolemy.moml.MoMLSimpleApplication@12eaf0cb
reloadAllAccessors: .ExecStop

===========================================================================================
----------------- testing Tue Jul 02 04:48:14 UTC 2019 /home/travis/build/icyphy/ptII/ptolemy/actor/lib/test/auto/ExecutionTimeSDF.xml
----------------- Instantiating /home/travis/build/icyphy/ptII/ptolemy/actor/lib/test/auto/ExecutionTimeSDF.xml
Fired ExecutionTime: 1844800000
Fired ExecutionTime: 1075200000
Fired ExecutionTime: -1035367296
6006 ms. Memory: 824320K Free: 532202K (65%)
----------------- Invoking toplevel() on ptolemy.moml.MoMLSimpleApplication@37aef854
----------------- Done invoking toplevel() on ptolemy.moml.MoMLSimpleApplication@37aef854
reloadAllAccessors: .ExecutionTimeSDF

===========================================================================================
----------------- testing Tue Jul 02 04:48:21 UTC 2019 /home/travis/build/icyphy/ptII/ptolemy/actor/lib/test/auto/Expression1.xml
----------------- Instantiating /home/travis/build/icyphy/ptII/ptolemy/actor/lib/test/auto/Expression1.xml
7 ms. Memory: 824320K Free: 529144K (64%)
----------------- Invoking toplevel() on ptolemy.moml.MoMLSimpleApplication@32ad17f3
----------------- Done invoking toplevel() on ptolemy.moml.MoMLSimpleApplication@32ad17f3
reloadAllAccessors: .Expression1

===========================================================================================
----------------- testing Tue Jul 02 04:48:21 UTC 2019 /home/travis/build/icyphy/ptII/ptolemy/actor/lib/test/auto/Expression10.xml
----------------- Instantiating /home/travis/build/icyphy/ptII/ptolemy/actor/lib/test/auto/Expression10.xml
5 ms. Memory: 824320K Free: 523514K (64%)
----------------- Invoking toplevel() on ptolemy.moml.MoMLSimpleApplication@2020ff33
----------------- Done invoking toplevel() on ptolemy.moml.MoMLSimpleApplication@2020ff33
reloadAllAccessors: .Expression10

===========================================================================================
----------------- testing Tue Jul 02 04:48:21 UTC 2019 /home/travis/build/icyphy/ptII/ptolemy/actor/lib/test/auto/Expression11.xml
----------------- Instantiating /home/travis/build/icyphy/ptII/ptolemy/actor/lib/test/auto/Expression11.xml
3 ms. Memory: 824320K Free: 518904K (63%)
----------------- Invoking toplevel() on ptolemy.moml.MoMLSimpleApplication@1f2b3eb5
----------------- Done invoking toplevel() on ptolemy.moml.MoMLSimpleApplication@1f2b3eb5
reloadAllAccessors: .Expression11

===========================================================================================
----------------- testing Tue Jul 02 04:48:21 UTC 2019 /home/travis/build/icyphy/ptII/ptolemy/actor/lib/test/auto/Expression12.xml
----------------- Instantiating /home/travis/build/icyphy/ptII/ptolemy/actor/lib/test/auto/Expression12.xml
2 ms. Memory: 824320K Free: 513274K (62%)
----------------- Invoking toplevel() on ptolemy.moml.MoMLSimpleApplication@fa604b3
----------------- Done invoking toplevel() on ptolemy.moml.MoMLSimpleApplication@fa604b3
reloadAllAccessors: .Expression12

===========================================================================================
----------------- testing Tue Jul 02 04:48:21 UTC 2019 /home/travis/build/icyphy/ptII/ptolemy/actor/lib/test/auto/Expression13.xml
----------------- Instantiating /home/travis/build/icyphy/ptII/ptolemy/actor/lib/test/auto/Expression13.xml
4 ms. Memory: 824320K Free: 508154K (62%)
----------------- Invoking toplevel() on ptolemy.moml.MoMLSimpleApplication@a9150b
----------------- Done invoking toplevel() on ptolemy.moml.MoMLSimpleApplication@a9150b
reloadAllAccessors: .Expression13

===========================================================================================
----------------- testing Tue Jul 02 04:48:21 UTC 2019 /home/travis/build/icyphy/ptII/ptolemy/actor/lib/test/auto/Expression14.xml
----------------- Instantiating /home/travis/build/icyphy/ptII/ptolemy/actor/lib/test/auto/Expression14.xml
9 ms. Memory: 824320K Free: 502520K (61%)
----------------- Invoking toplevel() on ptolemy.moml.MoMLSimpleApplication@135585a5
----------------- Done invoking toplevel() on ptolemy.moml.MoMLSimpleApplication@135585a5
reloadAllAccessors: .Expression14

===========================================================================================
----------------- testing Tue Jul 02 04:48:21 UTC 2019 /home/travis/build/icyphy/ptII/ptolemy/actor/lib/test/auto/Expression15.xml
----------------- Instantiating /home/travis/build/icyphy/ptII/ptolemy/actor/lib/test/auto/Expression15.xml
1 ms. Memory: 824320K Free: 498938K (61%)
----------------- Invoking toplevel() on ptolemy.moml.MoMLSimpleApplication@3e4c9883
----------------- Done invoking toplevel() on ptolemy.moml.MoMLSimpleApplication@3e4c9883
reloadAllAccessors: .Expression15

===========================================================================================
----------------- testing Tue Jul 02 04:48:21 UTC 2019 /home/travis/build/icyphy/ptII/ptolemy/actor/lib/test/auto/Expression16.xml
----------------- Instantiating /home/travis/build/icyphy/ptII/ptolemy/actor/lib/test/auto/Expression16.xml
3 ms. Memory: 824320K Free: 493818K (60%)
----------------- Invoking toplevel() on ptolemy.moml.MoMLSimpleApplication@59f9caf0
----------------- Done invoking toplevel() on ptolemy.moml.MoMLSimpleApplication@59f9caf0
reloadAllAccessors: .Expression16

===========================================================================================
----------------- testing Tue Jul 02 04:48:21 UTC 2019 /home/travis/build/icyphy/ptII/ptolemy/actor/lib/test/auto/Expression17.xml
----------------- Instantiating /home/travis/build/icyphy/ptII/ptolemy/actor/lib/test/auto/Expression17.xml
2 ms. Memory: 824320K Free: 488698K (59%)
----------------- Invoking toplevel() on ptolemy.moml.MoMLSimpleApplication@25bc72f5
----------------- Done invoking toplevel() on ptolemy.moml.MoMLSimpleApplication@25bc72f5
reloadAllAccessors: .Expression17

===========================================================================================
----------------- testing Tue Jul 02 04:48:21 UTC 2019 /home/travis/build/icyphy/ptII/ptolemy/actor/lib/test/auto/Expression18.xml
----------------- Instantiating /home/travis/build/icyphy/ptII/ptolemy/actor/lib/test/auto/Expression18.xml
3 ms. Memory: 824320K Free: 484088K (59%)
----------------- Invoking toplevel() on ptolemy.moml.MoMLSimpleApplication@464c8b28
----------------- Done invoking toplevel() on ptolemy.moml.MoMLSimpleApplication@464c8b28
reloadAllAccessors: .Expression18

===========================================================================================
----------------- testing Tue Jul 02 04:48:21 UTC 2019 /home/travis/build/icyphy/ptII/ptolemy/actor/lib/test/auto/Expression2.xml
----------------- Instantiating /home/travis/build/icyphy/ptII/ptolemy/actor/lib/test/auto/Expression2.xml
3 ms. Memory: 824320K Free: 478968K (58%)
----------------- Invoking toplevel() on ptolemy.moml.MoMLSimpleApplication@459d40ac
----------------- Done invoking toplevel() on ptolemy.moml.MoMLSimpleApplication@459d40ac
reloadAllAccessors: .Expression2

===========================================================================================
----------------- testing Tue Jul 02 04:48:21 UTC 2019 /home/travis/build/icyphy/ptII/ptolemy/actor/lib/test/auto/Expression3.xml
----------------- Instantiating /home/travis/build/icyphy/ptII/ptolemy/actor/lib/test/auto/Expression3.xml
6 ms. Memory: 824320K Free: 473848K (57%)
----------------- Invoking toplevel() on ptolemy.moml.MoMLSimpleApplication@727b93e6
----------------- Done invoking toplevel() on ptolemy.moml.MoMLSimpleApplication@727b93e6
reloadAllAccessors: .Expression3

===========================================================================================
----------------- testing Tue Jul 02 04:48:21 UTC 2019 /home/travis/build/icyphy/ptII/ptolemy/actor/lib/test/auto/Expression4.xml
----------------- Instantiating /home/travis/build/icyphy/ptII/ptolemy/actor/lib/test/auto/Expression4.xml
5 ms. Memory: 824320K Free: 466170K (57%)
----------------- Invoking toplevel() on ptolemy.moml.MoMLSimpleApplication@3411c2d2
----------------- Done invoking toplevel() on ptolemy.moml.MoMLSimpleApplication@3411c2d2
reloadAllAccessors: .Expression4

===========================================================================================
----------------- testing Tue Jul 02 04:48:21 UTC 2019 /home/travis/build/icyphy/ptII/ptolemy/actor/lib/test/auto/Expression5.xml
----------------- Instantiating /home/travis/build/icyphy/ptII/ptolemy/actor/lib/test/auto/Expression5.xml
5 ms. Memory: 824320K Free: 461050K (56%)
----------------- Invoking toplevel() on ptolemy.moml.MoMLSimpleApplication@27dc9746
----------------- Done invoking toplevel() on ptolemy.moml.MoMLSimpleApplication@27dc9746
reloadAllAccessors: .Expression5

===========================================================================================
----------------- testing Tue Jul 02 04:48:21 UTC 2019 /home/travis/build/icyphy/ptII/ptolemy/actor/lib/test/auto/Expression6.xml
----------------- Instantiating /home/travis/build/icyphy/ptII/ptolemy/actor/lib/test/auto/Expression6.xml
2 ms. Memory: 824320K Free: 456954K (55%)
----------------- Invoking toplevel() on ptolemy.moml.MoMLSimpleApplication@3883e8d0
----------------- Done invoking toplevel() on ptolemy.moml.MoMLSimpleApplication@3883e8d0
reloadAllAccessors: .Expression6

===========================================================================================
----------------- testing Tue Jul 02 04:48:21 UTC 2019 /home/travis/build/icyphy/ptII/ptolemy/actor/lib/test/auto/Expression7.xml
----------------- Instantiating /home/travis/build/icyphy/ptII/ptolemy/actor/lib/test/auto/Expression7.xml
3 ms. Memory: 824320K Free: 451834K (55%)
----------------- Invoking toplevel() on ptolemy.moml.MoMLSimpleApplication@22f50fa0
----------------- Done invoking toplevel() on ptolemy.moml.MoMLSimpleApplication@22f50fa0
reloadAllAccessors: .Expression7

===========================================================================================
----------------- testing Tue Jul 02 04:48:21 UTC 2019 /home/travis/build/icyphy/ptII/ptolemy/actor/lib/test/auto/Expression8.xml
----------------- Instantiating /home/travis/build/icyphy/ptII/ptolemy/actor/lib/test/auto/Expression8.xml
8 ms. Memory: 824320K Free: 446714K (54%)
----------------- Invoking toplevel() on ptolemy.moml.MoMLSimpleApplication@594c9a2
----------------- Done invoking toplevel() on ptolemy.moml.MoMLSimpleApplication@594c9a2
reloadAllAccessors: .Expression8

===========================================================================================
----------------- testing Tue Jul 02 04:48:21 UTC 2019 /home/travis/build/icyphy/ptII/ptolemy/actor/lib/test/auto/Expression9.xml
----------------- Instantiating /home/travis/build/icyphy/ptII/ptolemy/actor/lib/test/auto/Expression9.xml
1 ms. Memory: 824320K Free: 442618K (54%)
----------------- Invoking toplevel() on ptolemy.moml.MoMLSimpleApplication@51c3a8f6
----------------- Done invoking toplevel() on ptolemy.moml.MoMLSimpleApplication@51c3a8f6
reloadAllAccessors: .Expression9

===========================================================================================
----------------- testing Tue Jul 02 04:48:21 UTC 2019 /home/travis/build/icyphy/ptII/ptolemy/actor/lib/test/auto/ExpressionConcatenateArrayType.xml
----------------- Instantiating /home/travis/build/icyphy/ptII/ptolemy/actor/lib/test/auto/ExpressionConcatenateArrayType.xml
3 ms. Memory: 824320K Free: 435960K (53%)
----------------- Invoking toplevel() on ptolemy.moml.MoMLSimpleApplication@25547aa4
----------------- Done invoking toplevel() on ptolemy.moml.MoMLSimpleApplication@25547aa4
reloadAllAccessors: .ExpressionConcatenateArrayType

===========================================================================================
----------------- testing Tue Jul 02 04:48:21 UTC 2019 /home/travis/build/icyphy/ptII/ptolemy/actor/lib/test/auto/ExpressionConcatenateArrayType2.xml
----------------- Instantiating /home/travis/build/icyphy/ptII/ptolemy/actor/lib/test/auto/ExpressionConcatenateArrayType2.xml
2 ms. Memory: 824320K Free: 431354K (52%)
----------------- Invoking toplevel() on ptolemy.moml.MoMLSimpleApplication@30c7c263
----------------- Done invoking toplevel() on ptolemy.moml.MoMLSimpleApplication@30c7c263
reloadAllAccessors: .ExpressionConcatenateArrayType2

===========================================================================================
----------------- testing Tue Jul 02 04:48:21 UTC 2019 /home/travis/build/icyphy/ptII/ptolemy/actor/lib/test/auto/ExpressionFix.xml
----------------- Instantiating /home/travis/build/icyphy/ptII/ptolemy/actor/lib/test/auto/ExpressionFix.xml
22 ms. Memory: 824320K Free: 424696K (52%)
----------------- Invoking toplevel() on ptolemy.moml.MoMLSimpleApplication@5c92e63a
----------------- Done invoking toplevel() on ptolemy.moml.MoMLSimpleApplication@5c92e63a
reloadAllAccessors: .ExpressionFix

===========================================================================================
----------------- testing Tue Jul 02 04:48:21 UTC 2019 /home/travis/build/icyphy/ptII/ptolemy/actor/lib/test/auto/ExpressionFix2.xml
----------------- Instantiating /home/travis/build/icyphy/ptII/ptolemy/actor/lib/test/auto/ExpressionFix2.xml
3 ms. Memory: 824320K Free: 420600K (51%)
----------------- Invoking toplevel() on ptolemy.moml.MoMLSimpleApplication@74093983
----------------- Done invoking toplevel() on ptolemy.moml.MoMLSimpleApplication@74093983
reloadAllAccessors: .ExpressionFix2

===========================================================================================
----------------- testing Tue Jul 02 04:48:21 UTC 2019 /home/travis/build/icyphy/ptII/ptolemy/actor/lib/test/auto/ExpressionFix3.xml
----------------- Instantiating /home/travis/build/icyphy/ptII/ptolemy/actor/lib/test/auto/ExpressionFix3.xml
3 ms. Memory: 824320K Free: 415994K (50%)
----------------- Invoking toplevel() on ptolemy.moml.MoMLSimpleApplication@34e2d6a7
----------------- Done invoking toplevel() on ptolemy.moml.MoMLSimpleApplication@34e2d6a7
reloadAllAccessors: .ExpressionFix3

===========================================================================================
----------------- testing Tue Jul 02 04:48:21 UTC 2019 /home/travis/build/icyphy/ptII/ptolemy/actor/lib/test/auto/FileWriter1.xml
----------------- Instantiating /home/travis/build/icyphy/ptII/ptolemy/actor/lib/test/auto/FileWriter1.xml
2 ms. Memory: 824320K Free: 411898K (50%)
----------------- Invoking toplevel() on ptolemy.moml.MoMLSimpleApplication@16031114
----------------- Done invoking toplevel() on ptolemy.moml.MoMLSimpleApplication@16031114
reloadAllAccessors: .FileWriter1

===========================================================================================
----------------- testing Tue Jul 02 04:48:21 UTC 2019 /home/travis/build/icyphy/ptII/ptolemy/actor/lib/test/auto/FileWriter2.xml
----------------- Instantiating /home/travis/build/icyphy/ptII/ptolemy/actor/lib/test/auto/FileWriter2.xml
6 ms. Memory: 824320K Free: 772805K (94%)
----------------- Invoking toplevel() on ptolemy.moml.MoMLSimpleApplication@4f9bbc18
----------------- Done invoking toplevel() on ptolemy.moml.MoMLSimpleApplication@4f9bbc18
reloadAllAccessors: .FileWriter2

===========================================================================================
----------------- testing Tue Jul 02 04:48:21 UTC 2019 /home/travis/build/icyphy/ptII/ptolemy/actor/lib/test/auto/FileWriter3.xml
----------------- Instantiating /home/travis/build/icyphy/ptII/ptolemy/actor/lib/test/auto/FileWriter3.xml
4 ms. Memory: 824320K Free: 768709K (93%)
----------------- Invoking toplevel() on ptolemy.moml.MoMLSimpleApplication@2ada6b36
----------------- Done invoking toplevel() on ptolemy.moml.MoMLSimpleApplication@2ada6b36
reloadAllAccessors: .FileWriter3

===========================================================================================
----------------- testing Tue Jul 02 04:48:21 UTC 2019 /home/travis/build/icyphy/ptII/ptolemy/actor/lib/test/auto/Gaussian.xml
----------------- Instantiating /home/travis/build/icyphy/ptII/ptolemy/actor/lib/test/auto/Gaussian.xml
2 ms. Memory: 824320K Free: 764099K (93%)
----------------- Invoking toplevel() on ptolemy.moml.MoMLSimpleApplication@7f85a0e0
----------------- Done invoking toplevel() on ptolemy.moml.MoMLSimpleApplication@7f85a0e0
reloadAllAccessors: .Gaussian

===========================================================================================
----------------- testing Tue Jul 02 04:48:21 UTC 2019 /home/travis/build/icyphy/ptII/ptolemy/actor/lib/test/auto/Gaussian1.xml
----------------- Instantiating /home/travis/build/icyphy/ptII/ptolemy/actor/lib/test/auto/Gaussian1.xml
3 ms. Memory: 824320K Free: 758973K (92%)
----------------- Invoking toplevel() on ptolemy.moml.MoMLSimpleApplication@46bd1625
----------------- Done invoking toplevel() on ptolemy.moml.MoMLSimpleApplication@46bd1625
reloadAllAccessors: .Gaussian1

===========================================================================================
----------------- testing Tue Jul 02 04:48:21 UTC 2019 /home/travis/build/icyphy/ptII/ptolemy/actor/lib/test/auto/Gaussian2.xml
----------------- Instantiating /home/travis/build/icyphy/ptII/ptolemy/actor/lib/test/auto/Gaussian2.xml
1 ms. Memory: 824320K Free: 753349K (91%)
----------------- Invoking toplevel() on ptolemy.moml.MoMLSimpleApplication@166d733b
----------------- Done invoking toplevel() on ptolemy.moml.MoMLSimpleApplication@166d733b
reloadAllAccessors: .Gaussian2

===========================================================================================
----------------- testing Tue Jul 02 04:48:21 UTC 2019 /home/travis/build/icyphy/ptII/ptolemy/actor/lib/test/auto/GradientAdaptiveLattice.xml
----------------- Instantiating /home/travis/build/icyphy/ptII/ptolemy/actor/lib/test/auto/GradientAdaptiveLattice.xml
16 ms. Memory: 824320K Free: 748229K (91%)
----------------- Invoking toplevel() on ptolemy.moml.MoMLSimpleApplication@1f40dd09
----------------- Done invoking toplevel() on ptolemy.moml.MoMLSimpleApplication@1f40dd09
reloadAllAccessors: .GradientAdaptiveLattice

===========================================================================================
----------------- testing Tue Jul 02 04:48:21 UTC 2019 /home/travis/build/icyphy/ptII/ptolemy/actor/lib/test/auto/IIR.xml
----------------- Instantiating /home/travis/build/icyphy/ptII/ptolemy/actor/lib/test/auto/IIR.xml
2 ms. Memory: 824320K Free: 743619K (90%)
----------------- Invoking toplevel() on ptolemy.moml.MoMLSimpleApplication@564f965a
----------------- Done invoking toplevel() on ptolemy.moml.MoMLSimpleApplication@564f965a
reloadAllAccessors: .IIR

===========================================================================================
----------------- testing Tue Jul 02 04:48:21 UTC 2019 /home/travis/build/icyphy/ptII/ptolemy/actor/lib/test/auto/InputOutputTransparentPorts.xml
----------------- Instantiating /home/travis/build/icyphy/ptII/ptolemy/actor/lib/test/auto/InputOutputTransparentPorts.xml
2 ms. Memory: 824320K Free: 736451K (89%)
----------------- Invoking toplevel() on ptolemy.moml.MoMLSimpleApplication@51874d22
----------------- Done invoking toplevel() on ptolemy.moml.MoMLSimpleApplication@51874d22
reloadAllAccessors: .InputOutputTransparentPorts

===========================================================================================
----------------- testing Tue Jul 02 04:48:21 UTC 2019 /home/travis/build/icyphy/ptII/ptolemy/actor/lib/test/auto/Interpolator.xml
----------------- Instantiating /home/travis/build/icyphy/ptII/ptolemy/actor/lib/test/auto/Interpolator.xml
4 ms. Memory: 824320K Free: 731331K (89%)
----------------- Invoking toplevel() on ptolemy.moml.MoMLSimpleApplication@5a0f7ca3
----------------- Done invoking toplevel() on ptolemy.moml.MoMLSimpleApplication@5a0f7ca3
reloadAllAccessors: .Interpolator

===========================================================================================
----------------- testing Tue Jul 02 04:48:21 UTC 2019 /home/travis/build/icyphy/ptII/ptolemy/actor/lib/test/auto/InterpolatorFiringLimitDE.xml
----------------- Instantiating /home/travis/build/icyphy/ptII/ptolemy/actor/lib/test/auto/InterpolatorFiringLimitDE.xml
2 ms. Memory: 824320K Free: 725187K (88%)
----------------- Invoking toplevel() on ptolemy.moml.MoMLSimpleApplication@1c9e3fd9
----------------- Done invoking toplevel() on ptolemy.moml.MoMLSimpleApplication@1c9e3fd9
reloadAllAccessors: .InterpolatorFiringLimitDE

===========================================================================================
----------------- testing Tue Jul 02 04:48:21 UTC 2019 /home/travis/build/icyphy/ptII/ptolemy/actor/lib/test/auto/Lattice.xml
----------------- Instantiating /home/travis/build/icyphy/ptII/ptolemy/actor/lib/test/auto/Lattice.xml
0 ms. Memory: 824320K Free: 721091K (87%)
----------------- Invoking toplevel() on ptolemy.moml.MoMLSimpleApplication@32c896d7
----------------- Done invoking toplevel() on ptolemy.moml.MoMLSimpleApplication@32c896d7
reloadAllAccessors: .Lattice

===========================================================================================
----------------- testing Tue Jul 02 04:48:21 UTC 2019 /home/travis/build/icyphy/ptII/ptolemy/actor/lib/test/auto/LazyAOCTestLazy.xml
----------------- Instantiating /home/travis/build/icyphy/ptII/ptolemy/actor/lib/test/auto/LazyAOCTestLazy.xml
7 ms. Memory: 824320K Free: 714933K (87%)
----------------- Invoking toplevel() on ptolemy.moml.MoMLSimpleApplication@7155cf64
----------------- Done invoking toplevel() on ptolemy.moml.MoMLSimpleApplication@7155cf64
reloadAllAccessors: .LazyAOCTestLazy

===========================================================================================
----------------- testing Tue Jul 02 04:48:21 UTC 2019 /home/travis/build/icyphy/ptII/ptolemy/actor/lib/test/auto/LazyAOCTestNonLazy.xml
----------------- Instantiating /home/travis/build/icyphy/ptII/ptolemy/actor/lib/test/auto/LazyAOCTestNonLazy.xml
2 ms. Memory: 824320K Free: 708293K (86%)
----------------- Invoking toplevel() on ptolemy.moml.MoMLSimpleApplication@1044762
----------------- Done invoking toplevel() on ptolemy.moml.MoMLSimpleApplication@1044762
reloadAllAccessors: .LazyAOCTestNonLazy

===========================================================================================
----------------- testing Tue Jul 02 04:48:21 UTC 2019 /home/travis/build/icyphy/ptII/ptolemy/actor/lib/test/auto/LazyInnerClass.xml
----------------- Instantiating /home/travis/build/icyphy/ptII/ptolemy/actor/lib/test/auto/LazyInnerClass.xml
11 ms. Memory: 824320K Free: 700101K (85%)
----------------- Invoking toplevel() on ptolemy.moml.MoMLSimpleApplication@1546dcac
----------------- Done invoking toplevel() on ptolemy.moml.MoMLSimpleApplication@1546dcac
reloadAllAccessors: .LazyInnerClass

===========================================================================================
----------------- testing Tue Jul 02 04:48:21 UTC 2019 /home/travis/build/icyphy/ptII/ptolemy/actor/lib/test/auto/LazyPubSub.xml
----------------- Instantiating /home/travis/build/icyphy/ptII/ptolemy/actor/lib/test/auto/LazyPubSub.xml
19 ms. Memory: 824320K Free: 689861K (84%)
----------------- Invoking toplevel() on ptolemy.moml.MoMLSimpleApplication@69314226
----------------- Done invoking toplevel() on ptolemy.moml.MoMLSimpleApplication@69314226
reloadAllAccessors: .LazyPubSub

===========================================================================================
----------------- testing Tue Jul 02 04:48:21 UTC 2019 /home/travis/build/icyphy/ptII/ptolemy/actor/lib/test/auto/LazyPubSub2.xml
----------------- Instantiating /home/travis/build/icyphy/ptII/ptolemy/actor/lib/test/auto/LazyPubSub2.xml
11 ms. Memory: 824320K Free: 679621K (82%)
----------------- Invoking toplevel() on ptolemy.moml.MoMLSimpleApplication@1360e650
----------------- Done invoking toplevel() on ptolemy.moml.MoMLSimpleApplication@1360e650
reloadAllAccessors: .LazyPubSub2

===========================================================================================
----------------- testing Tue Jul 02 04:48:21 UTC 2019 /home/travis/build/icyphy/ptII/ptolemy/actor/lib/test/auto/LazyPubSub3.xml
----------------- Instantiating /home/travis/build/icyphy/ptII/ptolemy/actor/lib/test/auto/LazyPubSub3.xml
9 ms. Memory: 824320K Free: 669381K (81%)
----------------- Invoking toplevel() on ptolemy.moml.MoMLSimpleApplication@7e9c88c7
----------------- Done invoking toplevel() on ptolemy.moml.MoMLSimpleApplication@7e9c88c7
reloadAllAccessors: .LazyPubSub3

===========================================================================================
----------------- testing Tue Jul 02 04:48:21 UTC 2019 /home/travis/build/icyphy/ptII/ptolemy/actor/lib/test/auto/LazySubClassModel.xml
----------------- Instantiating /home/travis/build/icyphy/ptII/ptolemy/actor/lib/test/auto/LazySubClassModel.xml
1 ms. Memory: 824320K Free: 660165K (80%)
----------------- Invoking toplevel() on ptolemy.moml.MoMLSimpleApplication@3f73d4c3
----------------- Done invoking toplevel() on ptolemy.moml.MoMLSimpleApplication@3f73d4c3
reloadAllAccessors: .LazySubClassModel

===========================================================================================
----------------- testing Tue Jul 02 04:48:22 UTC 2019 /home/travis/build/icyphy/ptII/ptolemy/actor/lib/test/auto/LevelCrossTest1.xml
----------------- Instantiating /home/travis/build/icyphy/ptII/ptolemy/actor/lib/test/auto/LevelCrossTest1.xml
1 ms. Memory: 824320K Free: 655045K (79%)
----------------- Invoking toplevel() on ptolemy.moml.MoMLSimpleApplication@34cc682d
----------------- Done invoking toplevel() on ptolemy.moml.MoMLSimpleApplication@34cc682d
reloadAllAccessors: .broken

===========================================================================================
----------------- testing Tue Jul 02 04:48:22 UTC 2019 /home/travis/build/icyphy/ptII/ptolemy/actor/lib/test/auto/LevelCrossTest10.xml
----------------- Instantiating /home/travis/build/icyphy/ptII/ptolemy/actor/lib/test/auto/LevelCrossTest10.xml
1 ms. Memory: 824320K Free: 647363K (79%)
----------------- Invoking toplevel() on ptolemy.moml.MoMLSimpleApplication@6773a232
----------------- Done invoking toplevel() on ptolemy.moml.MoMLSimpleApplication@6773a232
reloadAllAccessors: .LevelCrossTest10

===========================================================================================
----------------- testing Tue Jul 02 04:48:22 UTC 2019 /home/travis/build/icyphy/ptII/ptolemy/actor/lib/test/auto/LevelCrossTest11.xml
----------------- Instantiating /home/travis/build/icyphy/ptII/ptolemy/actor/lib/test/auto/LevelCrossTest11.xml
1 ms. Memory: 824320K Free: 640709K (78%)
----------------- Invoking toplevel() on ptolemy.moml.MoMLSimpleApplication@5f8750d6
----------------- Done invoking toplevel() on ptolemy.moml.MoMLSimpleApplication@5f8750d6
reloadAllAccessors: .LevelCrossTest11

===========================================================================================
----------------- testing Tue Jul 02 04:48:22 UTC 2019 /home/travis/build/icyphy/ptII/ptolemy/actor/lib/test/auto/LevelCrossTest12.xml
----------------- Instantiating /home/travis/build/icyphy/ptII/ptolemy/actor/lib/test/auto/LevelCrossTest12.xml
2 ms. Memory: 824320K Free: 634565K (77%)
----------------- Invoking toplevel() on ptolemy.moml.MoMLSimpleApplication@554fc342
----------------- Done invoking toplevel() on ptolemy.moml.MoMLSimpleApplication@554fc342
reloadAllAccessors: .LevelCrossTest12

===========================================================================================
----------------- testing Tue Jul 02 04:48:22 UTC 2019 /home/travis/build/icyphy/ptII/ptolemy/actor/lib/test/auto/LevelCrossTest13.xml
----------------- Instantiating /home/travis/build/icyphy/ptII/ptolemy/actor/lib/test/auto/LevelCrossTest13.xml
1 ms. Memory: 824320K Free: 627397K (76%)
----------------- Invoking toplevel() on ptolemy.moml.MoMLSimpleApplication@244d0504
----------------- Done invoking toplevel() on ptolemy.moml.MoMLSimpleApplication@244d0504
reloadAllAccessors: .LevelCrossTest13

===========================================================================================
----------------- testing Tue Jul 02 04:48:22 UTC 2019 /home/travis/build/icyphy/ptII/ptolemy/actor/lib/test/auto/LevelCrossTest2.xml
----------------- Instantiating /home/travis/build/icyphy/ptII/ptolemy/actor/lib/test/auto/LevelCrossTest2.xml
1 ms. Memory: 824320K Free: 621763K (75%)
----------------- Invoking toplevel() on ptolemy.moml.MoMLSimpleApplication@6344d344
----------------- Done invoking toplevel() on ptolemy.moml.MoMLSimpleApplication@6344d344
reloadAllAccessors: .broken

===========================================================================================
----------------- testing Tue Jul 02 04:48:22 UTC 2019 /home/travis/build/icyphy/ptII/ptolemy/actor/lib/test/auto/LevelCrossTest3.xml
----------------- Instantiating /home/travis/build/icyphy/ptII/ptolemy/actor/lib/test/auto/LevelCrossTest3.xml
1 ms. Memory: 824320K Free: 615619K (75%)
----------------- Invoking toplevel() on ptolemy.moml.MoMLSimpleApplication@d45ffa6
----------------- Done invoking toplevel() on ptolemy.moml.MoMLSimpleApplication@d45ffa6
reloadAllAccessors: .LevelCrossTest3

===========================================================================================
----------------- testing Tue Jul 02 04:48:22 UTC 2019 /home/travis/build/icyphy/ptII/ptolemy/actor/lib/test/auto/LevelCrossTest4.xml
----------------- Instantiating /home/travis/build/icyphy/ptII/ptolemy/actor/lib/test/auto/LevelCrossTest4.xml
1 ms. Memory: 824320K Free: 609989K (74%)
----------------- Invoking toplevel() on ptolemy.moml.MoMLSimpleApplication@441468d5
----------------- Done invoking toplevel() on ptolemy.moml.MoMLSimpleApplication@441468d5
reloadAllAccessors: .broken

===========================================================================================
----------------- testing Tue Jul 02 04:48:22 UTC 2019 /home/travis/build/icyphy/ptII/ptolemy/actor/lib/test/auto/LevelCrossTest5.xml
----------------- Instantiating /home/travis/build/icyphy/ptII/ptolemy/actor/lib/test/auto/LevelCrossTest5.xml
4 ms. Memory: 824320K Free: 603331K (73%)
----------------- Invoking toplevel() on ptolemy.moml.MoMLSimpleApplication@4cf0afff
----------------- Done invoking toplevel() on ptolemy.moml.MoMLSimpleApplication@4cf0afff
reloadAllAccessors: .LevelCrossTest5

===========================================================================================
----------------- testing Tue Jul 02 04:48:22 UTC 2019 /home/travis/build/icyphy/ptII/ptolemy/actor/lib/test/auto/LevelCrossTest6.xml
----------------- Instantiating /home/travis/build/icyphy/ptII/ptolemy/actor/lib/test/auto/LevelCrossTest6.xml
1 ms. Memory: 824320K Free: 596677K (72%)
----------------- Invoking toplevel() on ptolemy.moml.MoMLSimpleApplication@236e0697
----------------- Done invoking toplevel() on ptolemy.moml.MoMLSimpleApplication@236e0697
reloadAllAccessors: .LevelCrossTest6

===========================================================================================
----------------- testing Tue Jul 02 04:48:22 UTC 2019 /home/travis/build/icyphy/ptII/ptolemy/actor/lib/test/auto/LevelCrossTest7.xml
----------------- Instantiating /home/travis/build/icyphy/ptII/ptolemy/actor/lib/test/auto/LevelCrossTest7.xml
1 ms. Memory: 824320K Free: 588995K (71%)
----------------- Invoking toplevel() on ptolemy.moml.MoMLSimpleApplication@35378594
----------------- Done invoking toplevel() on ptolemy.moml.MoMLSimpleApplication@35378594
reloadAllAccessors: .LevelCrossTest7

===========================================================================================
----------------- testing Tue Jul 02 04:48:22 UTC 2019 /home/travis/build/icyphy/ptII/ptolemy/actor/lib/test/auto/LevelCrossTest8.xml
----------------- Instantiating /home/travis/build/icyphy/ptII/ptolemy/actor/lib/test/auto/LevelCrossTest8.xml
2 ms. Memory: 824320K Free: 582341K (71%)
----------------- Invoking toplevel() on ptolemy.moml.MoMLSimpleApplication@249d6797
----------------- Done invoking toplevel() on ptolemy.moml.MoMLSimpleApplication@249d6797
reloadAllAccessors: .LevelCrossTest8

===========================================================================================
----------------- testing Tue Jul 02 04:48:22 UTC 2019 /home/travis/build/icyphy/ptII/ptolemy/actor/lib/test/auto/LevelCrossTest9.xml
----------------- Instantiating /home/travis/build/icyphy/ptII/ptolemy/actor/lib/test/auto/LevelCrossTest9.xml
1 ms. Memory: 824320K Free: 574659K (70%)
----------------- Invoking toplevel() on ptolemy.moml.MoMLSimpleApplication@3b68c246
----------------- Done invoking toplevel() on ptolemy.moml.MoMLSimpleApplication@3b68c246
reloadAllAccessors: .LevelCrossTest9

===========================================================================================
----------------- testing Tue Jul 02 04:48:22 UTC 2019 /home/travis/build/icyphy/ptII/ptolemy/actor/lib/test/auto/LevinsonDurbin.xml
----------------- Instantiating /home/travis/build/icyphy/ptII/ptolemy/actor/lib/test/auto/LevinsonDurbin.xml
1 ms. Memory: 824320K Free: 571077K (69%)
----------------- Invoking toplevel() on ptolemy.moml.MoMLSimpleApplication@223f7f7d
----------------- Done invoking toplevel() on ptolemy.moml.MoMLSimpleApplication@223f7f7d
reloadAllAccessors: .LevinsonDurbin

===========================================================================================
----------------- testing Tue Jul 02 04:48:22 UTC 2019 /home/travis/build/icyphy/ptII/ptolemy/actor/lib/test/auto/LevinsonDurbin2.xml
----------------- Instantiating /home/travis/build/icyphy/ptII/ptolemy/actor/lib/test/auto/LevinsonDurbin2.xml
3 ms. Memory: 824320K Free: 566981K (69%)
----------------- Invoking toplevel() on ptolemy.moml.MoMLSimpleApplication@225c46b
----------------- Done invoking toplevel() on ptolemy.moml.MoMLSimpleApplication@225c46b
reloadAllAccessors: .LevinsonDurbin2

===========================================================================================
----------------- testing Tue Jul 02 04:48:22 UTC 2019 /home/travis/build/icyphy/ptII/ptolemy/actor/lib/test/auto/LevinsonDurbin3.xml
----------------- Instantiating /home/travis/build/icyphy/ptII/ptolemy/actor/lib/test/auto/LevinsonDurbin3.xml
2 ms. Memory: 824320K Free: 562885K (68%)
----------------- Invoking toplevel() on ptolemy.moml.MoMLSimpleApplication@412194b0
----------------- Done invoking toplevel() on ptolemy.moml.MoMLSimpleApplication@412194b0
reloadAllAccessors: .LevinsonDurbin3

===========================================================================================
----------------- testing Tue Jul 02 04:48:22 UTC 2019 /home/travis/build/icyphy/ptII/ptolemy/actor/lib/test/auto/Limiter.xml
----------------- Instantiating /home/travis/build/icyphy/ptII/ptolemy/actor/lib/test/auto/Limiter.xml
12 ms. Memory: 824320K Free: 553669K (67%)
----------------- Invoking toplevel() on ptolemy.moml.MoMLSimpleApplication@2f4c311c
----------------- Done invoking toplevel() on ptolemy.moml.MoMLSimpleApplication@2f4c311c
reloadAllAccessors: .Limiter

===========================================================================================
----------------- testing Tue Jul 02 04:48:22 UTC 2019 /home/travis/build/icyphy/ptII/ptolemy/actor/lib/test/auto/LinearDifferenceEquationSystem.xml
----------------- Instantiating /home/travis/build/icyphy/ptII/ptolemy/actor/lib/test/auto/LinearDifferenceEquationSystem.xml
4 ms. Memory: 824320K Free: 546501K (66%)
----------------- Invoking toplevel() on ptolemy.moml.MoMLSimpleApplication@4b9081d1
----------------- Done invoking toplevel() on ptolemy.moml.MoMLSimpleApplication@4b9081d1
reloadAllAccessors: .LinearDifferenceEquationSystem

===========================================================================================
----------------- testing Tue Jul 02 04:48:22 UTC 2019 /home/travis/build/icyphy/ptII/ptolemy/actor/lib/test/auto/LookupTable.xml
----------------- Instantiating /home/travis/build/icyphy/ptII/ptolemy/actor/lib/test/auto/LookupTable.xml
1 ms. Memory: 824320K Free: 541891K (66%)
----------------- Invoking toplevel() on ptolemy.moml.MoMLSimpleApplication@10250cf9
----------------- Done invoking toplevel() on ptolemy.moml.MoMLSimpleApplication@10250cf9
reloadAllAccessors: .LookupTable

===========================================================================================
----------------- testing Tue Jul 02 04:48:22 UTC 2019 /home/travis/build/icyphy/ptII/ptolemy/actor/lib/test/auto/MathFunction.xml
----------------- Instantiating /home/travis/build/icyphy/ptII/ptolemy/actor/lib/test/auto/MathFunction.xml
2 ms. Memory: 824320K Free: 533699K (65%)
----------------- Invoking toplevel() on ptolemy.moml.MoMLSimpleApplication@5db97453
----------------- Done invoking toplevel() on ptolemy.moml.MoMLSimpleApplication@5db97453
reloadAllAccessors: .MathFunction

===========================================================================================
----------------- testing Tue Jul 02 04:48:22 UTC 2019 /home/travis/build/icyphy/ptII/ptolemy/actor/lib/test/auto/MathFunction2.xml
----------------- Instantiating /home/travis/build/icyphy/ptII/ptolemy/actor/lib/test/auto/MathFunction2.xml
12 ms. Memory: 824320K Free: 529603K (64%)
----------------- Invoking toplevel() on ptolemy.moml.MoMLSimpleApplication@4b2975ff
----------------- Done invoking toplevel() on ptolemy.moml.MoMLSimpleApplication@4b2975ff
reloadAllAccessors: .MathFunction2

===========================================================================================
----------------- testing Tue Jul 02 04:48:22 UTC 2019 /home/travis/build/icyphy/ptII/ptolemy/actor/lib/test/auto/MathFunction3.xml
----------------- Instantiating /home/travis/build/icyphy/ptII/ptolemy/actor/lib/test/auto/MathFunction3.xml
2 ms. Memory: 824320K Free: 522435K (63%)
----------------- Invoking toplevel() on ptolemy.moml.MoMLSimpleApplication@52b7bd76
----------------- Done invoking toplevel() on ptolemy.moml.MoMLSimpleApplication@52b7bd76
reloadAllAccessors: .MathFunction3

===========================================================================================
----------------- testing Tue Jul 02 04:48:22 UTC 2019 /home/travis/build/icyphy/ptII/ptolemy/actor/lib/test/auto/MatrixCropBoolean.xml
----------------- Instantiating /home/travis/build/icyphy/ptII/ptolemy/actor/lib/test/auto/MatrixCropBoolean.xml
2 ms. Memory: 824320K Free: 517285K (63%)
----------------- Invoking toplevel() on ptolemy.moml.MoMLSimpleApplication@6107271f
----------------- Done invoking toplevel() on ptolemy.moml.MoMLSimpleApplication@6107271f
reloadAllAccessors: .MatrixCropBoolean

===========================================================================================
----------------- testing Tue Jul 02 04:48:22 UTC 2019 /home/travis/build/icyphy/ptII/ptolemy/actor/lib/test/auto/MatrixCropComplex.xml
----------------- Instantiating /home/travis/build/icyphy/ptII/ptolemy/actor/lib/test/auto/MatrixCropComplex.xml
1 ms. Memory: 824320K Free: 512165K (62%)
----------------- Invoking toplevel() on ptolemy.moml.MoMLSimpleApplication@7d2af62e
----------------- Done invoking toplevel() on ptolemy.moml.MoMLSimpleApplication@7d2af62e
reloadAllAccessors: .MatrixCropComplex

===========================================================================================
----------------- testing Tue Jul 02 04:48:22 UTC 2019 /home/travis/build/icyphy/ptII/ptolemy/actor/lib/test/auto/MatrixCropDouble.xml
----------------- Instantiating /home/travis/build/icyphy/ptII/ptolemy/actor/lib/test/auto/MatrixCropDouble.xml
2 ms. Memory: 824320K Free: 507061K (62%)
----------------- Invoking toplevel() on ptolemy.moml.MoMLSimpleApplication@4ee2e02b
----------------- Done invoking toplevel() on ptolemy.moml.MoMLSimpleApplication@4ee2e02b
reloadAllAccessors: .MatrixCropDouble

===========================================================================================
----------------- testing Tue Jul 02 04:48:22 UTC 2019 /home/travis/build/icyphy/ptII/ptolemy/actor/lib/test/auto/MatrixCropFix.xml
----------------- Instantiating /home/travis/build/icyphy/ptII/ptolemy/actor/lib/test/auto/MatrixCropFix.xml
2 ms. Memory: 824320K Free: 501949K (61%)
----------------- Invoking toplevel() on ptolemy.moml.MoMLSimpleApplication@5fdb33cd
----------------- Done invoking toplevel() on ptolemy.moml.MoMLSimpleApplication@5fdb33cd
reloadAllAccessors: .MatrixCropFix

===========================================================================================
----------------- testing Tue Jul 02 04:48:22 UTC 2019 /home/travis/build/icyphy/ptII/ptolemy/actor/lib/test/auto/MatrixCropInt.xml
----------------- Instantiating /home/travis/build/icyphy/ptII/ptolemy/actor/lib/test/auto/MatrixCropInt.xml
2 ms. Memory: 824320K Free: 496821K (60%)
----------------- Invoking toplevel() on ptolemy.moml.MoMLSimpleApplication@6eb9ed7c
----------------- Done invoking toplevel() on ptolemy.moml.MoMLSimpleApplication@6eb9ed7c
reloadAllAccessors: .MatrixCropInt

===========================================================================================
----------------- testing Tue Jul 02 04:48:22 UTC 2019 /home/travis/build/icyphy/ptII/ptolemy/actor/lib/test/auto/MatrixCropLong.xml
----------------- Instantiating /home/travis/build/icyphy/ptII/ptolemy/actor/lib/test/auto/MatrixCropLong.xml
1 ms. Memory: 824320K Free: 491685K (60%)
----------------- Invoking toplevel() on ptolemy.moml.MoMLSimpleApplication@54400e69
----------------- Done invoking toplevel() on ptolemy.moml.MoMLSimpleApplication@54400e69
reloadAllAccessors: .MatrixCropLong

===========================================================================================
----------------- testing Tue Jul 02 04:48:22 UTC 2019 /home/travis/build/icyphy/ptII/ptolemy/actor/lib/test/auto/MatrixToArray.xml
----------------- Instantiating /home/travis/build/icyphy/ptII/ptolemy/actor/lib/test/auto/MatrixToArray.xml
10 ms. Memory: 824320K Free: 476869K (58%)
----------------- Invoking toplevel() on ptolemy.moml.MoMLSimpleApplication@741556d5
----------------- Done invoking toplevel() on ptolemy.moml.MoMLSimpleApplication@741556d5
reloadAllAccessors: .MatrixToArray

===========================================================================================
----------------- testing Tue Jul 02 04:48:22 UTC 2019 /home/travis/build/icyphy/ptII/ptolemy/actor/lib/test/auto/MaxIndex.xml
----------------- Instantiating /home/travis/build/icyphy/ptII/ptolemy/actor/lib/test/auto/MaxIndex.xml
1 ms. Memory: 824320K Free: 471749K (57%)
----------------- Invoking toplevel() on ptolemy.moml.MoMLSimpleApplication@7e1171aa
----------------- Done invoking toplevel() on ptolemy.moml.MoMLSimpleApplication@7e1171aa
reloadAllAccessors: .MaxIndex

===========================================================================================
----------------- testing Tue Jul 02 04:48:22 UTC 2019 /home/travis/build/icyphy/ptII/ptolemy/actor/lib/test/auto/Maximum.xml
----------------- Instantiating /home/travis/build/icyphy/ptII/ptolemy/actor/lib/test/auto/Maximum.xml
5 ms. Memory: 824320K Free: 465061K (56%)
----------------- Invoking toplevel() on ptolemy.moml.MoMLSimpleApplication@47716d70
----------------- Done invoking toplevel() on ptolemy.moml.MoMLSimpleApplication@47716d70
reloadAllAccessors: .Maximum

===========================================================================================
----------------- testing Tue Jul 02 04:48:22 UTC 2019 /home/travis/build/icyphy/ptII/ptolemy/actor/lib/test/auto/MaximumComplex.xml
----------------- Instantiating /home/travis/build/icyphy/ptII/ptolemy/actor/lib/test/auto/MaximumComplex.xml
5 ms. Memory: 824320K Free: 458917K (56%)
----------------- Invoking toplevel() on ptolemy.moml.MoMLSimpleApplication@638f2795
----------------- Done invoking toplevel() on ptolemy.moml.MoMLSimpleApplication@638f2795
reloadAllAccessors: .MaximumComplex

===========================================================================================
----------------- testing Tue Jul 02 04:48:22 UTC 2019 /home/travis/build/icyphy/ptII/ptolemy/actor/lib/test/auto/MethodCallTest.xml
----------------- Instantiating /home/travis/build/icyphy/ptII/ptolemy/actor/lib/test/auto/MethodCallTest.xml
2 ms. Memory: 824320K Free: 452293K (55%)
----------------- Invoking toplevel() on ptolemy.moml.MoMLSimpleApplication@40fc1f0d
----------------- Done invoking toplevel() on ptolemy.moml.MoMLSimpleApplication@40fc1f0d
reloadAllAccessors: .MethodCallTest

===========================================================================================
----------------- testing Tue Jul 02 04:48:22 UTC 2019 /home/travis/build/icyphy/ptII/ptolemy/actor/lib/test/auto/Minimum.xml
----------------- Instantiating /home/travis/build/icyphy/ptII/ptolemy/actor/lib/test/auto/Minimum.xml
2 ms. Memory: 824320K Free: 446149K (54%)
----------------- Invoking toplevel() on ptolemy.moml.MoMLSimpleApplication@4c443260
----------------- Done invoking toplevel() on ptolemy.moml.MoMLSimpleApplication@4c443260
reloadAllAccessors: .Minimum

===========================================================================================
----------------- testing Tue Jul 02 04:48:22 UTC 2019 /home/travis/build/icyphy/ptII/ptolemy/actor/lib/test/auto/MinimumComplex.xml
----------------- Instantiating /home/travis/build/icyphy/ptII/ptolemy/actor/lib/test/auto/MinimumComplex.xml
3 ms. Memory: 824320K Free: 440005K (53%)
----------------- Invoking toplevel() on ptolemy.moml.MoMLSimpleApplication@3d231169
----------------- Done invoking toplevel() on ptolemy.moml.MoMLSimpleApplication@3d231169
reloadAllAccessors: .MinimumComplex

===========================================================================================
----------------- testing Tue Jul 02 04:48:22 UTC 2019 /home/travis/build/icyphy/ptII/ptolemy/actor/lib/test/auto/MinimumMultiports.xml
----------------- Instantiating /home/travis/build/icyphy/ptII/ptolemy/actor/lib/test/auto/MinimumMultiports.xml
3 ms. Memory: 824320K Free: 431813K (52%)
----------------- Invoking toplevel() on ptolemy.moml.MoMLSimpleApplication@52d277fe
----------------- Done invoking toplevel() on ptolemy.moml.MoMLSimpleApplication@52d277fe
reloadAllAccessors: .MinimumMultiports

===========================================================================================
----------------- testing Tue Jul 02 04:48:22 UTC 2019 /home/travis/build/icyphy/ptII/ptolemy/actor/lib/test/auto/ModifyDate.xml
----------------- Instantiating /home/travis/build/icyphy/ptII/ptolemy/actor/lib/test/auto/ModifyDate.xml
9 ms. Memory: 824320K Free: 419011K (51%)
----------------- Invoking toplevel() on ptolemy.moml.MoMLSimpleApplication@1c60c8ca
----------------- Done invoking toplevel() on ptolemy.moml.MoMLSimpleApplication@1c60c8ca
reloadAllAccessors: .ModifyDate

===========================================================================================
----------------- testing Tue Jul 02 04:48:22 UTC 2019 /home/travis/build/icyphy/ptII/ptolemy/actor/lib/test/auto/ModifyDate2.xml
----------------- Instantiating /home/travis/build/icyphy/ptII/ptolemy/actor/lib/test/auto/ModifyDate2.xml
2 ms. Memory: 824320K Free: 410309K (50%)
----------------- Invoking toplevel() on ptolemy.moml.MoMLSimpleApplication@532360f2
----------------- Done invoking toplevel() on ptolemy.moml.MoMLSimpleApplication@532360f2
reloadAllAccessors: .ModifyDate2

===========================================================================================
----------------- testing Tue Jul 02 04:48:22 UTC 2019 /home/travis/build/icyphy/ptII/ptolemy/actor/lib/test/auto/MovingAverage.xml
----------------- Instantiating /home/travis/build/icyphy/ptII/ptolemy/actor/lib/test/auto/MovingAverage.xml
2 ms. Memory: 824320K Free: 405189K (49%)
----------------- Invoking toplevel() on ptolemy.moml.MoMLSimpleApplication@311b67cc
----------------- Done invoking toplevel() on ptolemy.moml.MoMLSimpleApplication@311b67cc
reloadAllAccessors: .MovingAverage

===========================================================================================
----------------- testing Tue Jul 02 04:48:22 UTC 2019 /home/travis/build/icyphy/ptII/ptolemy/actor/lib/test/auto/MovingMaximum.xml
----------------- Instantiating /home/travis/build/icyphy/ptII/ptolemy/actor/lib/test/auto/MovingMaximum.xml
2 ms. Memory: 824320K Free: 400579K (49%)
----------------- Invoking toplevel() on ptolemy.moml.MoMLSimpleApplication@41f24643
----------------- Done invoking toplevel() on ptolemy.moml.MoMLSimpleApplication@41f24643
reloadAllAccessors: .MovingMaximum

===========================================================================================
----------------- testing Tue Jul 02 04:48:22 UTC 2019 /home/travis/build/icyphy/ptII/ptolemy/actor/lib/test/auto/MultipleLinksToSameRelation.xml
----------------- Instantiating /home/travis/build/icyphy/ptII/ptolemy/actor/lib/test/auto/MultipleLinksToSameRelation.xml
12 ms. Memory: 824320K Free: 396483K (48%)
----------------- Invoking toplevel() on ptolemy.moml.MoMLSimpleApplication@774df6aa
----------------- Done invoking toplevel() on ptolemy.moml.MoMLSimpleApplication@774df6aa
reloadAllAccessors: .MultipleLinksToSameRelation

===========================================================================================
----------------- testing Tue Jul 02 04:48:22 UTC 2019 /home/travis/build/icyphy/ptII/ptolemy/actor/lib/test/auto/MultipleLinksToSameRelationDE.xml
----------------- Instantiating /home/travis/build/icyphy/ptII/ptolemy/actor/lib/test/auto/MultipleLinksToSameRelationDE.xml
2 ms. Memory: 824320K Free: 391877K (48%)
----------------- Invoking toplevel() on ptolemy.moml.MoMLSimpleApplication@3e0ebba3
----------------- Done invoking toplevel() on ptolemy.moml.MoMLSimpleApplication@3e0ebba3
reloadAllAccessors: .MultipleLinksToSameRelationDE

===========================================================================================
----------------- testing Tue Jul 02 04:48:22 UTC 2019 /home/travis/build/icyphy/ptII/ptolemy/actor/lib/test/auto/Multiplexor.xml
----------------- Instantiating /home/travis/build/icyphy/ptII/ptolemy/actor/lib/test/auto/Multiplexor.xml
2 ms. Memory: 824320K Free: 386243K (47%)
----------------- Invoking toplevel() on ptolemy.moml.MoMLSimpleApplication@3d175a1c
----------------- Done invoking toplevel() on ptolemy.moml.MoMLSimpleApplication@3d175a1c
reloadAllAccessors: .Multiplexor

===========================================================================================
----------------- testing Tue Jul 02 04:48:22 UTC 2019 /home/travis/build/icyphy/ptII/ptolemy/actor/lib/test/auto/Multiplexor1.xml
----------------- Instantiating /home/travis/build/icyphy/ptII/ptolemy/actor/lib/test/auto/Multiplexor1.xml
2 ms. Memory: 824320K Free: 380613K (46%)
----------------- Invoking toplevel() on ptolemy.moml.MoMLSimpleApplication@2386e5ea
----------------- Done invoking toplevel() on ptolemy.moml.MoMLSimpleApplication@2386e5ea
reloadAllAccessors: .Multiplexor1

===========================================================================================
----------------- testing Tue Jul 02 04:48:22 UTC 2019 /home/travis/build/icyphy/ptII/ptolemy/actor/lib/test/auto/Multiplexor2.xml
----------------- Instantiating /home/travis/build/icyphy/ptII/ptolemy/actor/lib/test/auto/Multiplexor2.xml
5 ms. Memory: 824320K Free: 373955K (45%)
----------------- Invoking toplevel() on ptolemy.moml.MoMLSimpleApplication@5e4c1458
----------------- Done invoking toplevel() on ptolemy.moml.MoMLSimpleApplication@5e4c1458
reloadAllAccessors: .Multiplexor2

===========================================================================================
----------------- testing Tue Jul 02 04:48:22 UTC 2019 /home/travis/build/icyphy/ptII/ptolemy/actor/lib/test/auto/Multiplexor3.xml
----------------- Instantiating /home/travis/build/icyphy/ptII/ptolemy/actor/lib/test/auto/Multiplexor3.xml
1 ms. Memory: 824320K Free: 369859K (45%)
----------------- Invoking toplevel() on ptolemy.moml.MoMLSimpleApplication@42c0bfbd
----------------- Done invoking toplevel() on ptolemy.moml.MoMLSimpleApplication@42c0bfbd
reloadAllAccessors: .Multiplexor3

===========================================================================================
----------------- testing Tue Jul 02 04:48:22 UTC 2019 /home/travis/build/icyphy/ptII/ptolemy/actor/lib/test/auto/MultiplexorDE.xml
----------------- Instantiating /home/travis/build/icyphy/ptII/ptolemy/actor/lib/test/auto/MultiplexorDE.xml
2 ms. Memory: 824320K Free: 362181K (44%)
----------------- Invoking toplevel() on ptolemy.moml.MoMLSimpleApplication@2c060982
----------------- Done invoking toplevel() on ptolemy.moml.MoMLSimpleApplication@2c060982
reloadAllAccessors: .MultiplexorDE

===========================================================================================
----------------- testing Tue Jul 02 04:48:22 UTC 2019 /home/travis/build/icyphy/ptII/ptolemy/actor/lib/test/auto/MultiportBroadcastTest.xml
----------------- Instantiating /home/travis/build/icyphy/ptII/ptolemy/actor/lib/test/auto/MultiportBroadcastTest.xml
86 ms. Memory: 824320K Free: 356035K (43%)
----------------- Invoking toplevel() on ptolemy.moml.MoMLSimpleApplication@7dbeccd7
----------------- Done invoking toplevel() on ptolemy.moml.MoMLSimpleApplication@7dbeccd7
reloadAllAccessors: .MultiportBroadcastTest

===========================================================================================
----------------- testing Tue Jul 02 04:48:23 UTC 2019 /home/travis/build/icyphy/ptII/ptolemy/actor/lib/test/auto/MultiportOutHangDuringGetWidth.xml
----------------- Instantiating /home/travis/build/icyphy/ptII/ptolemy/actor/lib/test/auto/MultiportOutHangDuringGetWidth.xml
4 ms. Memory: 824320K Free: 344245K (42%)
----------------- Invoking toplevel() on ptolemy.moml.MoMLSimpleApplication@1b2cd886
----------------- Done invoking toplevel() on ptolemy.moml.MoMLSimpleApplication@1b2cd886
reloadAllAccessors: .MultiportOutHangDuringGetWidth

===========================================================================================
----------------- testing Tue Jul 02 04:48:23 UTC 2019 /home/travis/build/icyphy/ptII/ptolemy/actor/lib/test/auto/NilToken.xml
----------------- Instantiating /home/travis/build/icyphy/ptII/ptolemy/actor/lib/test/auto/NilToken.xml
1 ms. Memory: 824320K Free: 340163K (41%)
----------------- Invoking toplevel() on ptolemy.moml.MoMLSimpleApplication@1b8e7850
----------------- Done invoking toplevel() on ptolemy.moml.MoMLSimpleApplication@1b8e7850
reloadAllAccessors: .NilToken

===========================================================================================
----------------- testing Tue Jul 02 04:48:23 UTC 2019 /home/travis/build/icyphy/ptII/ptolemy/actor/lib/test/auto/NilTokenNonStrictTest.xml
----------------- Instantiating /home/travis/build/icyphy/ptII/ptolemy/actor/lib/test/auto/NilTokenNonStrictTest.xml
1 ms. Memory: 824320K Free: 335043K (41%)
----------------- Invoking toplevel() on ptolemy.moml.MoMLSimpleApplication@60534fd
----------------- Done invoking toplevel() on ptolemy.moml.MoMLSimpleApplication@60534fd
reloadAllAccessors: .NilTokenNonStrictTest

===========================================================================================
----------------- testing Tue Jul 02 04:48:23 UTC 2019 /home/travis/build/icyphy/ptII/ptolemy/actor/lib/test/auto/NilTokenRecord.xml
----------------- Instantiating /home/travis/build/icyphy/ptII/ptolemy/actor/lib/test/auto/NilTokenRecord.xml
5 ms. Memory: 824320K Free: 328389K (40%)
----------------- Invoking toplevel() on ptolemy.moml.MoMLSimpleApplication@6d1c5258
----------------- Done invoking toplevel() on ptolemy.moml.MoMLSimpleApplication@6d1c5258
reloadAllAccessors: .NilTokenRecord

===========================================================================================
----------------- testing Tue Jul 02 04:48:23 UTC 2019 /home/travis/build/icyphy/ptII/ptolemy/actor/lib/test/auto/NilTokenTypeTest.xml
----------------- Instantiating /home/travis/build/icyphy/ptII/ptolemy/actor/lib/test/auto/NilTokenTypeTest.xml
13 ms. Memory: 824320K Free: 318659K (39%)
----------------- Invoking toplevel() on ptolemy.moml.MoMLSimpleApplication@7c3791e2
----------------- Done invoking toplevel() on ptolemy.moml.MoMLSimpleApplication@7c3791e2
reloadAllAccessors: .NilTokenTypeTest

===========================================================================================
----------------- testing Tue Jul 02 04:48:23 UTC 2019 /home/travis/build/icyphy/ptII/ptolemy/actor/lib/test/auto/ObjectToken1.xml
----------------- Instantiating /home/travis/build/icyphy/ptII/ptolemy/actor/lib/test/auto/ObjectToken1.xml
3 ms. Memory: 824320K Free: 314563K (38%)
----------------- Invoking toplevel() on ptolemy.moml.MoMLSimpleApplication@1afbfdab
----------------- Done invoking toplevel() on ptolemy.moml.MoMLSimpleApplication@1afbfdab
reloadAllAccessors: .ObjectToken1

===========================================================================================
----------------- testing Tue Jul 02 04:48:23 UTC 2019 /home/travis/build/icyphy/ptII/ptolemy/actor/lib/test/auto/OrderedMerge.xml
----------------- Instantiating /home/travis/build/icyphy/ptII/ptolemy/actor/lib/test/auto/OrderedMerge.xml
11 ms. Memory: 824320K Free: 308419K (37%)
----------------- Invoking toplevel() on ptolemy.moml.MoMLSimpleApplication@2d1c3982
----------------- Done invoking toplevel() on ptolemy.moml.MoMLSimpleApplication@2d1c3982
reloadAllAccessors: .OrderedMerge

===========================================================================================
----------------- testing Tue Jul 02 04:48:23 UTC 2019 /home/travis/build/icyphy/ptII/ptolemy/actor/lib/test/auto/OrderedRecordDisassembler.xml
----------------- Instantiating /home/travis/build/icyphy/ptII/ptolemy/actor/lib/test/auto/OrderedRecordDisassembler.xml
3 ms. Memory: 824320K Free: 303285K (37%)
----------------- Invoking toplevel() on ptolemy.moml.MoMLSimpleApplication@79e1dbcd
----------------- Done invoking toplevel() on ptolemy.moml.MoMLSimpleApplication@79e1dbcd
reloadAllAccessors: .OrderedRecordDisassembler

===========================================================================================
----------------- testing Tue Jul 02 04:48:23 UTC 2019 /home/travis/build/icyphy/ptII/ptolemy/actor/lib/test/auto/OrderedRecordDisassembler2.xml
----------------- Instantiating /home/travis/build/icyphy/ptII/ptolemy/actor/lib/test/auto/OrderedRecordDisassembler2.xml
5 ms. Memory: 824320K Free: 295621K (36%)
----------------- Invoking toplevel() on ptolemy.moml.MoMLSimpleApplication@18d5c841
----------------- Done invoking toplevel() on ptolemy.moml.MoMLSimpleApplication@18d5c841
reloadAllAccessors: .OrderedRecordDisassembler2

===========================================================================================
----------------- testing Tue Jul 02 04:48:23 UTC 2019 /home/travis/build/icyphy/ptII/ptolemy/actor/lib/test/auto/OrderedRecordUpdater.xml
----------------- Instantiating /home/travis/build/icyphy/ptII/ptolemy/actor/lib/test/auto/OrderedRecordUpdater.xml
2 ms. Memory: 824320K Free: 290501K (35%)
----------------- Invoking toplevel() on ptolemy.moml.MoMLSimpleApplication@27e3ef36
----------------- Done invoking toplevel() on ptolemy.moml.MoMLSimpleApplication@27e3ef36
reloadAllAccessors: .RecordUpdater

===========================================================================================
----------------- testing Tue Jul 02 04:48:23 UTC 2019 /home/travis/build/icyphy/ptII/ptolemy/actor/lib/test/auto/OrderedRecordUpdater2.xml
----------------- Instantiating /home/travis/build/icyphy/ptII/ptolemy/actor/lib/test/auto/OrderedRecordUpdater2.xml
28 ms. Memory: 824320K Free: 774408K (94%)
----------------- Invoking toplevel() on ptolemy.moml.MoMLSimpleApplication@350b6e5f
----------------- Done invoking toplevel() on ptolemy.moml.MoMLSimpleApplication@350b6e5f
reloadAllAccessors: .RecordUpdater2

===========================================================================================
----------------- testing Tue Jul 02 04:48:23 UTC 2019 /home/travis/build/icyphy/ptII/ptolemy/actor/lib/test/auto/PhaseUnwrap.xml
----------------- Instantiating /home/travis/build/icyphy/ptII/ptolemy/actor/lib/test/auto/PhaseUnwrap.xml
4 ms. Memory: 824320K Free: 769288K (93%)
----------------- Invoking toplevel() on ptolemy.moml.MoMLSimpleApplication@377a9f2f
----------------- Done invoking toplevel() on ptolemy.moml.MoMLSimpleApplication@377a9f2f
reloadAllAccessors: .PhaseUnwrap

===========================================================================================
----------------- testing Tue Jul 02 04:48:23 UTC 2019 /home/travis/build/icyphy/ptII/ptolemy/actor/lib/test/auto/PoissonClock.xml
----------------- Instantiating /home/travis/build/icyphy/ptII/ptolemy/actor/lib/test/auto/PoissonClock.xml
1 ms. Memory: 824320K Free: 765192K (93%)
----------------- Invoking toplevel() on ptolemy.moml.MoMLSimpleApplication@7becf5db
----------------- Done invoking toplevel() on ptolemy.moml.MoMLSimpleApplication@7becf5db
reloadAllAccessors: .PoissonClock

===========================================================================================
----------------- testing Tue Jul 02 04:48:23 UTC 2019 /home/travis/build/icyphy/ptII/ptolemy/actor/lib/test/auto/PoissonClock2.xml
----------------- Instantiating /home/travis/build/icyphy/ptII/ptolemy/actor/lib/test/auto/PoissonClock2.xml
2 ms. Memory: 824320K Free: 760582K (92%)
----------------- Invoking toplevel() on ptolemy.moml.MoMLSimpleApplication@7fead9e6
----------------- Done invoking toplevel() on ptolemy.moml.MoMLSimpleApplication@7fead9e6
reloadAllAccessors: .PoissonClock2

===========================================================================================
----------------- testing Tue Jul 02 04:48:23 UTC 2019 /home/travis/build/icyphy/ptII/ptolemy/actor/lib/test/auto/PoissonClock3.xml
----------------- Instantiating /home/travis/build/icyphy/ptII/ptolemy/actor/lib/test/auto/PoissonClock3.xml
1 ms. Memory: 824320K Free: 755976K (92%)
----------------- Invoking toplevel() on ptolemy.moml.MoMLSimpleApplication@51022e1c
----------------- Done invoking toplevel() on ptolemy.moml.MoMLSimpleApplication@51022e1c
reloadAllAccessors: .PoissonClock3

===========================================================================================
----------------- testing Tue Jul 02 04:48:23 UTC 2019 /home/travis/build/icyphy/ptII/ptolemy/actor/lib/test/auto/PubSubWithInitialTokens.xml
----------------- Instantiating /home/travis/build/icyphy/ptII/ptolemy/actor/lib/test/auto/PubSubWithInitialTokens.xml
2 ms. Memory: 824320K Free: 750328K (91%)
----------------- Invoking toplevel() on ptolemy.moml.MoMLSimpleApplication@63d14349
----------------- Done invoking toplevel() on ptolemy.moml.MoMLSimpleApplication@63d14349
reloadAllAccessors: .PubSubWithInitialTokens

===========================================================================================
----------------- testing Tue Jul 02 04:48:23 UTC 2019 /home/travis/build/icyphy/ptII/ptolemy/actor/lib/test/auto/PubSubWithInitialTokens2.xml
----------------- Instantiating /home/travis/build/icyphy/ptII/ptolemy/actor/lib/test/auto/PubSubWithInitialTokens2.xml
2 ms. Memory: 824320K Free: 744192K (90%)
----------------- Invoking toplevel() on ptolemy.moml.MoMLSimpleApplication@4f9f0e27
----------------- Done invoking toplevel() on ptolemy.moml.MoMLSimpleApplication@4f9f0e27
reloadAllAccessors: .PubSubWithInitialTokens2

===========================================================================================
----------------- testing Tue Jul 02 04:48:23 UTC 2019 /home/travis/build/icyphy/ptII/ptolemy/actor/lib/test/auto/PublisherClassNoParameter.xml
----------------- Instantiating /home/travis/build/icyphy/ptII/ptolemy/actor/lib/test/auto/PublisherClassNoParameter.xml
2 ms. Memory: 824320K Free: 734472K (89%)
----------------- Invoking toplevel() on ptolemy.moml.MoMLSimpleApplication@1b03d601
----------------- Done invoking toplevel() on ptolemy.moml.MoMLSimpleApplication@1b03d601
reloadAllAccessors: .PublisherClassNoParameter

===========================================================================================
----------------- testing Tue Jul 02 04:48:23 UTC 2019 /home/travis/build/icyphy/ptII/ptolemy/actor/lib/test/auto/PublisherClassParameter.xml
----------------- Instantiating /home/travis/build/icyphy/ptII/ptolemy/actor/lib/test/auto/PublisherClassParameter.xml
2 ms. Memory: 824320K Free: 724232K (88%)
----------------- Invoking toplevel() on ptolemy.moml.MoMLSimpleApplication@3a007cca
----------------- Done invoking toplevel() on ptolemy.moml.MoMLSimpleApplication@3a007cca
reloadAllAccessors: .PublisherClassParameter

===========================================================================================
----------------- testing Tue Jul 02 04:48:23 UTC 2019 /home/travis/build/icyphy/ptII/ptolemy/actor/lib/test/auto/PublisherNonStrictTest.xml
----------------- Instantiating /home/travis/build/icyphy/ptII/ptolemy/actor/lib/test/auto/PublisherNonStrictTest.xml
2 ms. Memory: 824320K Free: 716544K (87%)
----------------- Invoking toplevel() on ptolemy.moml.MoMLSimpleApplication@46e5c99c
----------------- Done invoking toplevel() on ptolemy.moml.MoMLSimpleApplication@46e5c99c
reloadAllAccessors: .PublisherNonStrictTest

===========================================================================================
----------------- testing Tue Jul 02 04:48:23 UTC 2019 /home/travis/build/icyphy/ptII/ptolemy/actor/lib/test/auto/PublisherPort1.xml
----------------- Instantiating /home/travis/build/icyphy/ptII/ptolemy/actor/lib/test/auto/PublisherPort1.xml
2 ms. Memory: 824320K Free: 710376K (86%)
----------------- Invoking toplevel() on ptolemy.moml.MoMLSimpleApplication@269c3fcc
----------------- Done invoking toplevel() on ptolemy.moml.MoMLSimpleApplication@269c3fcc
reloadAllAccessors: .PublisherPort1

===========================================================================================
----------------- testing Tue Jul 02 04:48:23 UTC 2019 /home/travis/build/icyphy/ptII/ptolemy/actor/lib/test/auto/PublisherPort2.xml
----------------- Instantiating /home/travis/build/icyphy/ptII/ptolemy/actor/lib/test/auto/PublisherPort2.xml
1 ms. Memory: 824320K Free: 705286K (86%)
----------------- Invoking toplevel() on ptolemy.moml.MoMLSimpleApplication@4bc4282f
----------------- Done invoking toplevel() on ptolemy.moml.MoMLSimpleApplication@4bc4282f
reloadAllAccessors: .PublisherPort2

===========================================================================================
----------------- testing Tue Jul 02 04:48:23 UTC 2019 /home/travis/build/icyphy/ptII/ptolemy/actor/lib/test/auto/PublisherPort3.xml
----------------- Instantiating /home/travis/build/icyphy/ptII/ptolemy/actor/lib/test/auto/PublisherPort3.xml
13 ms. Memory: 824320K Free: 698632K (85%)
----------------- Invoking toplevel() on ptolemy.moml.MoMLSimpleApplication@1eaf0ba1
----------------- Done invoking toplevel() on ptolemy.moml.MoMLSimpleApplication@1eaf0ba1
reloadAllAccessors: .PublisherPort3

===========================================================================================
----------------- testing Tue Jul 02 04:48:23 UTC 2019 /home/travis/build/icyphy/ptII/ptolemy/actor/lib/test/auto/PublisherPort4.xml
----------------- Instantiating /home/travis/build/icyphy/ptII/ptolemy/actor/lib/test/auto/PublisherPort4.xml
2 ms. Memory: 824320K Free: 692992K (84%)
----------------- Invoking toplevel() on ptolemy.moml.MoMLSimpleApplication@61e9774a
----------------- Done invoking toplevel() on ptolemy.moml.MoMLSimpleApplication@61e9774a
reloadAllAccessors: .PublisherPort4

===========================================================================================
----------------- testing Tue Jul 02 04:48:23 UTC 2019 /home/travis/build/icyphy/ptII/ptolemy/actor/lib/test/auto/PublisherPort5.xml
----------------- Instantiating /home/travis/build/icyphy/ptII/ptolemy/actor/lib/test/auto/PublisherPort5.xml
12 ms. Memory: 824320K Free: 685320K (83%)
----------------- Invoking toplevel() on ptolemy.moml.MoMLSimpleApplication@2acabc9a
----------------- Done invoking toplevel() on ptolemy.moml.MoMLSimpleApplication@2acabc9a
reloadAllAccessors: .PublisherPort5

===========================================================================================
----------------- testing Tue Jul 02 04:48:23 UTC 2019 /home/travis/build/icyphy/ptII/ptolemy/actor/lib/test/auto/PublisherPort5LookAlike.xml
----------------- Instantiating /home/travis/build/icyphy/ptII/ptolemy/actor/lib/test/auto/PublisherPort5LookAlike.xml
7 ms. Memory: 824320K Free: 677632K (82%)
----------------- Invoking toplevel() on ptolemy.moml.MoMLSimpleApplication@2786e9ef
----------------- Done invoking toplevel() on ptolemy.moml.MoMLSimpleApplication@2786e9ef
reloadAllAccessors: .PublisherPort5LookAlike

===========================================================================================
----------------- testing Tue Jul 02 04:48:23 UTC 2019 /home/travis/build/icyphy/ptII/ptolemy/actor/lib/test/auto/PublisherPort6.xml
----------------- Instantiating /home/travis/build/icyphy/ptII/ptolemy/actor/lib/test/auto/PublisherPort6.xml
2 ms. Memory: 824320K Free: 670984K (81%)
----------------- Invoking toplevel() on ptolemy.moml.MoMLSimpleApplication@3c5bc3f7
----------------- Done invoking toplevel() on ptolemy.moml.MoMLSimpleApplication@3c5bc3f7
reloadAllAccessors: .PublisherPort6

===========================================================================================
----------------- testing Tue Jul 02 04:48:23 UTC 2019 /home/travis/build/icyphy/ptII/ptolemy/actor/lib/test/auto/PublisherPort7.xml
----------------- Instantiating /home/travis/build/icyphy/ptII/ptolemy/actor/lib/test/auto/PublisherPort7.xml
3 ms. Memory: 824320K Free: 663302K (80%)
----------------- Invoking toplevel() on ptolemy.moml.MoMLSimpleApplication@2fa89df8
----------------- Done invoking toplevel() on ptolemy.moml.MoMLSimpleApplication@2fa89df8
reloadAllAccessors: .PublisherPort7

===========================================================================================
----------------- testing Tue Jul 02 04:48:23 UTC 2019 /home/travis/build/icyphy/ptII/ptolemy/actor/lib/test/auto/PublisherPort8.xml
----------------- Instantiating /home/travis/build/icyphy/ptII/ptolemy/actor/lib/test/auto/PublisherPort8.xml
3 ms. Memory: 824320K Free: 654600K (79%)
----------------- Invoking toplevel() on ptolemy.moml.MoMLSimpleApplication@36995930
----------------- Done invoking toplevel() on ptolemy.moml.MoMLSimpleApplication@36995930
reloadAllAccessors: .PublisherPort8

===========================================================================================
----------------- testing Tue Jul 02 04:48:23 UTC 2019 /home/travis/build/icyphy/ptII/ptolemy/actor/lib/test/auto/PublisherPortSubscriberChannelVariablesAOC2.xml
----------------- Instantiating /home/travis/build/icyphy/ptII/ptolemy/actor/lib/test/auto/PublisherPortSubscriberChannelVariablesAOC2.xml
3 ms. Memory: 824320K Free: 636678K (77%)
----------------- Invoking toplevel() on ptolemy.moml.MoMLSimpleApplication@6a514f01
----------------- Done invoking toplevel() on ptolemy.moml.MoMLSimpleApplication@6a514f01
reloadAllAccessors: .PublisherPortSubscriberChannelVariablesAOC2

===========================================================================================
----------------- testing Tue Jul 02 04:48:23 UTC 2019 /home/travis/build/icyphy/ptII/ptolemy/actor/lib/test/auto/PublisherPortSubscriberOpaqueWidthInference.xml
----------------- Instantiating /home/travis/build/icyphy/ptII/ptolemy/actor/lib/test/auto/PublisherPortSubscriberOpaqueWidthInference.xml
4 ms. Memory: 824320K Free: 628472K (76%)
----------------- Invoking toplevel() on ptolemy.moml.MoMLSimpleApplication@46c30cc4
----------------- Done invoking toplevel() on ptolemy.moml.MoMLSimpleApplication@46c30cc4
reloadAllAccessors: .PublisherPortSubscriberOpaqueWidthInference

===========================================================================================
----------------- testing Tue Jul 02 04:48:23 UTC 2019 /home/travis/build/icyphy/ptII/ptolemy/actor/lib/test/auto/PublisherPortSubscriberPortAdjacent.xml
----------------- Instantiating /home/travis/build/icyphy/ptII/ptolemy/actor/lib/test/auto/PublisherPortSubscriberPortAdjacent.xml
1 ms. Memory: 824320K Free: 619784K (75%)
----------------- Invoking toplevel() on ptolemy.moml.MoMLSimpleApplication@2ac03da
----------------- Done invoking toplevel() on ptolemy.moml.MoMLSimpleApplication@2ac03da
reloadAllAccessors: .PublisherPortSubscriberPortAdjacent

===========================================================================================
----------------- testing Tue Jul 02 04:48:23 UTC 2019 /home/travis/build/icyphy/ptII/ptolemy/actor/lib/test/auto/PublisherPortSubscriberPortExpression.xml
----------------- Instantiating /home/travis/build/icyphy/ptII/ptolemy/actor/lib/test/auto/PublisherPortSubscriberPortExpression.xml
3 ms. Memory: 824320K Free: 612096K (74%)
----------------- Invoking toplevel() on ptolemy.moml.MoMLSimpleApplication@3eefa238
----------------- Done invoking toplevel() on ptolemy.moml.MoMLSimpleApplication@3eefa238
reloadAllAccessors: .PublisherPortSubscriberPortExpression

===========================================================================================
----------------- testing Tue Jul 02 04:48:23 UTC 2019 /home/travis/build/icyphy/ptII/ptolemy/actor/lib/test/auto/PublisherPortSubscriberPortOpaqueD3Reverse.xml
----------------- Instantiating /home/travis/build/icyphy/ptII/ptolemy/actor/lib/test/auto/PublisherPortSubscriberPortOpaqueD3Reverse.xml
6 ms. Memory: 824320K Free: 601862K (73%)
----------------- Invoking toplevel() on ptolemy.moml.MoMLSimpleApplication@1dd757f3
----------------- Done invoking toplevel() on ptolemy.moml.MoMLSimpleApplication@1dd757f3
reloadAllAccessors: .PublisherPortSubscriberPortOpaqueD3Reverse

===========================================================================================
----------------- testing Tue Jul 02 04:48:23 UTC 2019 /home/travis/build/icyphy/ptII/ptolemy/actor/lib/test/auto/PublisherPortSubscriberPortOpaqueWidthInference.xml
----------------- Instantiating /home/travis/build/icyphy/ptII/ptolemy/actor/lib/test/auto/PublisherPortSubscriberPortOpaqueWidthInference.xml
3 ms. Memory: 824320K Free: 594184K (72%)
----------------- Invoking toplevel() on ptolemy.moml.MoMLSimpleApplication@46a50c9b
----------------- Done invoking toplevel() on ptolemy.moml.MoMLSimpleApplication@46a50c9b
reloadAllAccessors: .PublisherPortSubscriberPortOpaqueWidthInference

===========================================================================================
----------------- testing Tue Jul 02 04:48:23 UTC 2019 /home/travis/build/icyphy/ptII/ptolemy/actor/lib/test/auto/PublisherPortToplevelSubscriberPortAOC.xml
----------------- Instantiating /home/travis/build/icyphy/ptII/ptolemy/actor/lib/test/auto/PublisherPortToplevelSubscriberPortAOC.xml
.PublisherPortToplevelSubscriberPortAOC.TestExceptionAttribute: initialize() was not invoked, but wrapup() was.  This is unusual, but not always a problem.  For example, exporting JNLP will do this.
1 ms. Memory: 824320K Free: 588550K (71%)
----------------- Invoking toplevel() on ptolemy.moml.MoMLSimpleApplication@4fef7cec
----------------- Done invoking toplevel() on ptolemy.moml.MoMLSimpleApplication@4fef7cec
reloadAllAccessors: .PublisherPortToplevelSubscriberPortAOC

===========================================================================================
----------------- testing Tue Jul 02 04:48:23 UTC 2019 /home/travis/build/icyphy/ptII/ptolemy/actor/lib/test/auto/PublisherSubscriber.xml
----------------- Instantiating /home/travis/build/icyphy/ptII/ptolemy/actor/lib/test/auto/PublisherSubscriber.xml
2 ms. Memory: 824320K Free: 580872K (70%)
----------------- Invoking toplevel() on ptolemy.moml.MoMLSimpleApplication@5566013
----------------- Done invoking toplevel() on ptolemy.moml.MoMLSimpleApplication@5566013
reloadAllAccessors: .PublisherSubscriber

===========================================================================================
----------------- testing Tue Jul 02 04:48:23 UTC 2019 /home/travis/build/icyphy/ptII/ptolemy/actor/lib/test/auto/PublisherSubscriber10.xml
----------------- Instantiating /home/travis/build/icyphy/ptII/ptolemy/actor/lib/test/auto/PublisherSubscriber10.xml
5 ms. Memory: 824320K Free: 571142K (69%)
----------------- Invoking toplevel() on ptolemy.moml.MoMLSimpleApplication@7ee71676
----------------- Done invoking toplevel() on ptolemy.moml.MoMLSimpleApplication@7ee71676
reloadAllAccessors: .PublisherSubscriber10

===========================================================================================
----------------- testing Tue Jul 02 04:48:23 UTC 2019 /home/travis/build/icyphy/ptII/ptolemy/actor/lib/test/auto/PublisherSubscriber10InitialOutputs.xml
----------------- Instantiating /home/travis/build/icyphy/ptII/ptolemy/actor/lib/test/auto/PublisherSubscriber10InitialOutputs.xml
16 ms. Memory: 824320K Free: 561926K (68%)
----------------- Invoking toplevel() on ptolemy.moml.MoMLSimpleApplication@4281fb6e
----------------- Done invoking toplevel() on ptolemy.moml.MoMLSimpleApplication@4281fb6e
reloadAllAccessors: .PublisherSubscriber10InitialOutputs

===========================================================================================
----------------- testing Tue Jul 02 04:48:23 UTC 2019 /home/travis/build/icyphy/ptII/ptolemy/actor/lib/test/auto/PublisherSubscriber11.xml
----------------- Instantiating /home/travis/build/icyphy/ptII/ptolemy/actor/lib/test/auto/PublisherSubscriber11.xml
3 ms. Memory: 824320K Free: 555768K (67%)
----------------- Invoking toplevel() on ptolemy.moml.MoMLSimpleApplication@42e5e057
----------------- Done invoking toplevel() on ptolemy.moml.MoMLSimpleApplication@42e5e057
reloadAllAccessors: .PublisherSubscriber11

===========================================================================================
----------------- testing Tue Jul 02 04:48:23 UTC 2019 /home/travis/build/icyphy/ptII/ptolemy/actor/lib/test/auto/PublisherSubscriber12.xml
----------------- Instantiating /home/travis/build/icyphy/ptII/ptolemy/actor/lib/test/auto/PublisherSubscriber12.xml
5 ms. Memory: 824320K Free: 548614K (67%)
----------------- Invoking toplevel() on ptolemy.moml.MoMLSimpleApplication@76dd18aa
----------------- Done invoking toplevel() on ptolemy.moml.MoMLSimpleApplication@76dd18aa
reloadAllAccessors: .PublisherSubscriber12

===========================================================================================
----------------- testing Tue Jul 02 04:48:23 UTC 2019 /home/travis/build/icyphy/ptII/ptolemy/actor/lib/test/auto/PublisherSubscriber13.xml
----------------- Instantiating /home/travis/build/icyphy/ptII/ptolemy/actor/lib/test/auto/PublisherSubscriber13.xml
2 ms. Memory: 824320K Free: 542984K (66%)
----------------- Invoking toplevel() on ptolemy.moml.MoMLSimpleApplication@567aadcc
----------------- Done invoking toplevel() on ptolemy.moml.MoMLSimpleApplication@567aadcc
reloadAllAccessors: .PublisherSubscriber13

===========================================================================================
----------------- testing Tue Jul 02 04:48:23 UTC 2019 /home/travis/build/icyphy/ptII/ptolemy/actor/lib/test/auto/PublisherSubscriber14.xml
----------------- Instantiating /home/travis/build/icyphy/ptII/ptolemy/actor/lib/test/auto/PublisherSubscriber14.xml
1 ms. Memory: 824320K Free: 534792K (65%)
----------------- Invoking toplevel() on ptolemy.moml.MoMLSimpleApplication@4e263fb
----------------- Done invoking toplevel() on ptolemy.moml.MoMLSimpleApplication@4e263fb
reloadAllAccessors: .PublisherSubscriber14

===========================================================================================
----------------- testing Tue Jul 02 04:48:24 UTC 2019 /home/travis/build/icyphy/ptII/ptolemy/actor/lib/test/auto/PublisherSubscriber2.xml
----------------- Instantiating /home/travis/build/icyphy/ptII/ptolemy/actor/lib/test/auto/PublisherSubscriber2.xml
3 ms. Memory: 824320K Free: 529144K (64%)
----------------- Invoking toplevel() on ptolemy.moml.MoMLSimpleApplication@60c3ec8f
----------------- Done invoking toplevel() on ptolemy.moml.MoMLSimpleApplication@60c3ec8f
reloadAllAccessors: .PublisherSubscriber2

===========================================================================================
----------------- testing Tue Jul 02 04:48:24 UTC 2019 /home/travis/build/icyphy/ptII/ptolemy/actor/lib/test/auto/PublisherSubscriber3.xml
----------------- Instantiating /home/travis/build/icyphy/ptII/ptolemy/actor/lib/test/auto/PublisherSubscriber3.xml
1 ms. Memory: 824320K Free: 523528K (64%)
----------------- Invoking toplevel() on ptolemy.moml.MoMLSimpleApplication@5f724ec1
----------------- Done invoking toplevel() on ptolemy.moml.MoMLSimpleApplication@5f724ec1
reloadAllAccessors: .PublisherSubscriber3

===========================================================================================
----------------- testing Tue Jul 02 04:48:24 UTC 2019 /home/travis/build/icyphy/ptII/ptolemy/actor/lib/test/auto/PublisherSubscriber4.xml
----------------- Instantiating /home/travis/build/icyphy/ptII/ptolemy/actor/lib/test/auto/PublisherSubscriber4.xml
1 ms. Memory: 824320K Free: 518408K (63%)
----------------- Invoking toplevel() on ptolemy.moml.MoMLSimpleApplication@6a6d3b7d
----------------- Done invoking toplevel() on ptolemy.moml.MoMLSimpleApplication@6a6d3b7d
reloadAllAccessors: .PublisherSubscriber4

===========================================================================================
----------------- testing Tue Jul 02 04:48:24 UTC 2019 /home/travis/build/icyphy/ptII/ptolemy/actor/lib/test/auto/PublisherSubscriber5.xml
----------------- Instantiating /home/travis/build/icyphy/ptII/ptolemy/actor/lib/test/auto/PublisherSubscriber5.xml
1 ms. Memory: 824320K Free: 511744K (62%)
----------------- Invoking toplevel() on ptolemy.moml.MoMLSimpleApplication@55def346
----------------- Done invoking toplevel() on ptolemy.moml.MoMLSimpleApplication@55def346
reloadAllAccessors: .PublisherSubscriber5

===========================================================================================
----------------- testing Tue Jul 02 04:48:24 UTC 2019 /home/travis/build/icyphy/ptII/ptolemy/actor/lib/test/auto/PublisherSubscriber6.xml
----------------- Instantiating /home/travis/build/icyphy/ptII/ptolemy/actor/lib/test/auto/PublisherSubscriber6.xml
4 ms. Memory: 824320K Free: 505096K (61%)
----------------- Invoking toplevel() on ptolemy.moml.MoMLSimpleApplication@52e95006
----------------- Done invoking toplevel() on ptolemy.moml.MoMLSimpleApplication@52e95006
reloadAllAccessors: .PublisherSubscriber6

===========================================================================================
----------------- testing Tue Jul 02 04:48:24 UTC 2019 /home/travis/build/icyphy/ptII/ptolemy/actor/lib/test/auto/PublisherSubscriber7.xml
----------------- Instantiating /home/travis/build/icyphy/ptII/ptolemy/actor/lib/test/auto/PublisherSubscriber7.xml
7 ms. Memory: 824320K Free: 497928K (60%)
----------------- Invoking toplevel() on ptolemy.moml.MoMLSimpleApplication@653457a0
----------------- Done invoking toplevel() on ptolemy.moml.MoMLSimpleApplication@653457a0
reloadAllAccessors: .PublisherSubscriber7

===========================================================================================
----------------- testing Tue Jul 02 04:48:24 UTC 2019 /home/travis/build/icyphy/ptII/ptolemy/actor/lib/test/auto/PublisherSubscriber8.xml
----------------- Instantiating /home/travis/build/icyphy/ptII/ptolemy/actor/lib/test/auto/PublisherSubscriber8.xml
21 ms. Memory: 824320K Free: 486150K (59%)
----------------- Invoking toplevel() on ptolemy.moml.MoMLSimpleApplication@203a231b
----------------- Done invoking toplevel() on ptolemy.moml.MoMLSimpleApplication@203a231b
reloadAllAccessors: .PublisherSubscriber8

===========================================================================================
----------------- testing Tue Jul 02 04:48:24 UTC 2019 /home/travis/build/icyphy/ptII/ptolemy/actor/lib/test/auto/PublisherSubscriber9.xml
----------------- Instantiating /home/travis/build/icyphy/ptII/ptolemy/actor/lib/test/auto/PublisherSubscriber9.xml
3 ms. Memory: 824320K Free: 478968K (58%)
----------------- Invoking toplevel() on ptolemy.moml.MoMLSimpleApplication@62b5d6b0
----------------- Done invoking toplevel() on ptolemy.moml.MoMLSimpleApplication@62b5d6b0
reloadAllAccessors: .PublisherSubscriber9

===========================================================================================
----------------- testing Tue Jul 02 04:48:24 UTC 2019 /home/travis/build/icyphy/ptII/ptolemy/actor/lib/test/auto/PublisherSubscriberAdjacent.xml
----------------- Instantiating /home/travis/build/icyphy/ptII/ptolemy/actor/lib/test/auto/PublisherSubscriberAdjacent.xml
2 ms. Memory: 824320K Free: 470790K (57%)
----------------- Invoking toplevel() on ptolemy.moml.MoMLSimpleApplication@604ec06
----------------- Done invoking toplevel() on ptolemy.moml.MoMLSimpleApplication@604ec06
reloadAllAccessors: .PublisherSubscriberAdjacent

===========================================================================================
----------------- testing Tue Jul 02 04:48:24 UTC 2019 /home/travis/build/icyphy/ptII/ptolemy/actor/lib/test/auto/PublisherSubscriberChannelVariablesAOC2.xml
----------------- Instantiating /home/travis/build/icyphy/ptII/ptolemy/actor/lib/test/auto/PublisherSubscriberChannelVariablesAOC2.xml
2 ms. Memory: 824320K Free: 455944K (55%)
----------------- Invoking toplevel() on ptolemy.moml.MoMLSimpleApplication@73842b1b
----------------- Done invoking toplevel() on ptolemy.moml.MoMLSimpleApplication@73842b1b
reloadAllAccessors: .PublisherSubscriberChannelVariablesAOC2

===========================================================================================
----------------- testing Tue Jul 02 04:48:24 UTC 2019 /home/travis/build/icyphy/ptII/ptolemy/actor/lib/test/auto/PublisherSubscriberD3.xml
----------------- Instantiating /home/travis/build/icyphy/ptII/ptolemy/actor/lib/test/auto/PublisherSubscriberD3.xml
1 ms. Memory: 824320K Free: 448776K (54%)
----------------- Invoking toplevel() on ptolemy.moml.MoMLSimpleApplication@7a6bff75
----------------- Done invoking toplevel() on ptolemy.moml.MoMLSimpleApplication@7a6bff75
reloadAllAccessors: .PublisherSubscriberD3

===========================================================================================
----------------- testing Tue Jul 02 04:48:24 UTC 2019 /home/travis/build/icyphy/ptII/ptolemy/actor/lib/test/auto/PublisherSubscriberD3Reverse.xml
----------------- Instantiating /home/travis/build/icyphy/ptII/ptolemy/actor/lib/test/auto/PublisherSubscriberD3Reverse.xml
1 ms. Memory: 824320K Free: 442632K (54%)
----------------- Invoking toplevel() on ptolemy.moml.MoMLSimpleApplication@6dc4037
----------------- Done invoking toplevel() on ptolemy.moml.MoMLSimpleApplication@6dc4037
reloadAllAccessors: .PublisherSubscriberD3Reverse

===========================================================================================
----------------- testing Tue Jul 02 04:48:24 UTC 2019 /home/travis/build/icyphy/ptII/ptolemy/actor/lib/test/auto/PublisherSubscriberExpression.xml
----------------- Instantiating /home/travis/build/icyphy/ptII/ptolemy/actor/lib/test/auto/PublisherSubscriberExpression.xml
3 ms. Memory: 824320K Free: 433912K (53%)
----------------- Invoking toplevel() on ptolemy.moml.MoMLSimpleApplication@4b801416
----------------- Done invoking toplevel() on ptolemy.moml.MoMLSimpleApplication@4b801416
reloadAllAccessors: .PublisherSubscriberExpression

===========================================================================================
----------------- testing Tue Jul 02 04:48:24 UTC 2019 /home/travis/build/icyphy/ptII/ptolemy/actor/lib/test/auto/PublisherSubscriberOpaque.xml
----------------- Instantiating /home/travis/build/icyphy/ptII/ptolemy/actor/lib/test/auto/PublisherSubscriberOpaque.xml
3 ms. Memory: 824320K Free: 425734K (52%)
----------------- Invoking toplevel() on ptolemy.moml.MoMLSimpleApplication@2f5fa903
----------------- Done invoking toplevel() on ptolemy.moml.MoMLSimpleApplication@2f5fa903
reloadAllAccessors: .PublisherSubscriberOpaque

===========================================================================================
----------------- testing Tue Jul 02 04:48:24 UTC 2019 /home/travis/build/icyphy/ptII/ptolemy/actor/lib/test/auto/PublisherSubscriberOpaqueD3.xml
----------------- Instantiating /home/travis/build/icyphy/ptII/ptolemy/actor/lib/test/auto/PublisherSubscriberOpaqueD3.xml
5 ms. Memory: 824320K Free: 414470K (50%)
----------------- Invoking toplevel() on ptolemy.moml.MoMLSimpleApplication@797eb4b9
----------------- Done invoking toplevel() on ptolemy.moml.MoMLSimpleApplication@797eb4b9
reloadAllAccessors: .PublisherSubscriberOpaqueD3

===========================================================================================
----------------- testing Tue Jul 02 04:48:24 UTC 2019 /home/travis/build/icyphy/ptII/ptolemy/actor/lib/test/auto/PublisherSubscriberOpaqueD3Reverse.xml
----------------- Instantiating /home/travis/build/icyphy/ptII/ptolemy/actor/lib/test/auto/PublisherSubscriberOpaqueD3Reverse.xml
7 ms. Memory: 824320K Free: 403720K (49%)
----------------- Invoking toplevel() on ptolemy.moml.MoMLSimpleApplication@4b620683
----------------- Done invoking toplevel() on ptolemy.moml.MoMLSimpleApplication@4b620683
reloadAllAccessors: .PublisherSubscriberOpaqueD3Reverse

===========================================================================================
----------------- testing Tue Jul 02 04:48:24 UTC 2019 /home/travis/build/icyphy/ptII/ptolemy/actor/lib/test/auto/PublisherSubscriberOpaqueWidthInference.xml
----------------- Instantiating /home/travis/build/icyphy/ptII/ptolemy/actor/lib/test/auto/PublisherSubscriberOpaqueWidthInference.xml
4 ms. Memory: 824320K Free: 395528K (48%)
----------------- Invoking toplevel() on ptolemy.moml.MoMLSimpleApplication@f67bde4
----------------- Done invoking toplevel() on ptolemy.moml.MoMLSimpleApplication@f67bde4
reloadAllAccessors: .PublisherSubscriberOpaqueWidthInference

===========================================================================================
----------------- testing Tue Jul 02 04:48:24 UTC 2019 /home/travis/build/icyphy/ptII/ptolemy/actor/lib/test/auto/PublisherTestSubscriber.xml
----------------- Instantiating /home/travis/build/icyphy/ptII/ptolemy/actor/lib/test/auto/PublisherTestSubscriber.xml
2 ms. Memory: 824320K Free: 387336K (47%)
----------------- Invoking toplevel() on ptolemy.moml.MoMLSimpleApplication@7864ceef
----------------- Done invoking toplevel() on ptolemy.moml.MoMLSimpleApplication@7864ceef
reloadAllAccessors: .PublisherTestSubscriber

===========================================================================================
----------------- testing Tue Jul 02 04:48:24 UTC 2019 /home/travis/build/icyphy/ptII/ptolemy/actor/lib/test/auto/PublisherToplevelSubscriberPortAOC.xml
----------------- Instantiating /home/travis/build/icyphy/ptII/ptolemy/actor/lib/test/auto/PublisherToplevelSubscriberPortAOC.xml
1 ms. Memory: 824320K Free: 381192K (46%)
----------------- Invoking toplevel() on ptolemy.moml.MoMLSimpleApplication@50f32b9
----------------- Done invoking toplevel() on ptolemy.moml.MoMLSimpleApplication@50f32b9
reloadAllAccessors: .PublisherToplevelSubscriberPortAOC

===========================================================================================
----------------- testing Tue Jul 02 04:48:24 UTC 2019 /home/travis/build/icyphy/ptII/ptolemy/actor/lib/test/auto/PulseFiringLimitDE.xml
----------------- Instantiating /home/travis/build/icyphy/ptII/ptolemy/actor/lib/test/auto/PulseFiringLimitDE.xml
3 ms. Memory: 824320K Free: 375048K (45%)
----------------- Invoking toplevel() on ptolemy.moml.MoMLSimpleApplication@7a4f1c0f
----------------- Done invoking toplevel() on ptolemy.moml.MoMLSimpleApplication@7a4f1c0f
reloadAllAccessors: .PulseFiringLimitDE

===========================================================================================
----------------- testing Tue Jul 02 04:48:24 UTC 2019 /home/travis/build/icyphy/ptII/ptolemy/actor/lib/test/auto/Ramp1.xml
----------------- Instantiating /home/travis/build/icyphy/ptII/ptolemy/actor/lib/test/auto/Ramp1.xml
1 ms. Memory: 824320K Free: 370952K (45%)
----------------- Invoking toplevel() on ptolemy.moml.MoMLSimpleApplication@7aa974ac
----------------- Done invoking toplevel() on ptolemy.moml.MoMLSimpleApplication@7aa974ac
reloadAllAccessors: .Ramp1

===========================================================================================
----------------- testing Tue Jul 02 04:48:24 UTC 2019 /home/travis/build/icyphy/ptII/ptolemy/actor/lib/test/auto/RampFiringLimitDE.xml
----------------- Instantiating /home/travis/build/icyphy/ptII/ptolemy/actor/lib/test/auto/RampFiringLimitDE.xml
2 ms. Memory: 824320K Free: 364808K (44%)
----------------- Invoking toplevel() on ptolemy.moml.MoMLSimpleApplication@75bdc7fe
----------------- Done invoking toplevel() on ptolemy.moml.MoMLSimpleApplication@75bdc7fe
reloadAllAccessors: .RampFiringLimitDE

===========================================================================================
----------------- testing Tue Jul 02 04:48:24 UTC 2019 /home/travis/build/icyphy/ptII/ptolemy/actor/lib/test/auto/RampFiringLimitSDF.xml
----------------- Instantiating /home/travis/build/icyphy/ptII/ptolemy/actor/lib/test/auto/RampFiringLimitSDF.xml
2 ms. Memory: 824320K Free: 359688K (44%)
----------------- Invoking toplevel() on ptolemy.moml.MoMLSimpleApplication@6decdc57
----------------- Done invoking toplevel() on ptolemy.moml.MoMLSimpleApplication@6decdc57
reloadAllAccessors: .RampFiringLimitSDF

===========================================================================================
----------------- testing Tue Jul 02 04:48:24 UTC 2019 /home/travis/build/icyphy/ptII/ptolemy/actor/lib/test/auto/RandomInteger.xml
----------------- Instantiating /home/travis/build/icyphy/ptII/ptolemy/actor/lib/test/auto/RandomInteger.xml
1 ms. Memory: 824320K Free: 355078K (43%)
----------------- Invoking toplevel() on ptolemy.moml.MoMLSimpleApplication@56989592
----------------- Done invoking toplevel() on ptolemy.moml.MoMLSimpleApplication@56989592
reloadAllAccessors: .RandomInteger

===========================================================================================
----------------- testing Tue Jul 02 04:48:24 UTC 2019 /home/travis/build/icyphy/ptII/ptolemy/actor/lib/test/auto/ReadFile1.xml
----------------- Instantiating /home/travis/build/icyphy/ptII/ptolemy/actor/lib/test/auto/ReadFile1.xml
2 ms. Memory: 824320K Free: 350472K (43%)
----------------- Invoking toplevel() on ptolemy.moml.MoMLSimpleApplication@6df7fa59
----------------- Done invoking toplevel() on ptolemy.moml.MoMLSimpleApplication@6df7fa59
reloadAllAccessors: .ReadFile1

===========================================================================================
----------------- testing Tue Jul 02 04:48:24 UTC 2019 /home/travis/build/icyphy/ptII/ptolemy/actor/lib/test/auto/ReadFile2.xml
----------------- Instantiating /home/travis/build/icyphy/ptII/ptolemy/actor/lib/test/auto/ReadFile2.xml
1 ms. Memory: 824320K Free: 346376K (42%)
----------------- Invoking toplevel() on ptolemy.moml.MoMLSimpleApplication@1d587f2
----------------- Done invoking toplevel() on ptolemy.moml.MoMLSimpleApplication@1d587f2
reloadAllAccessors: .ReadFile2

===========================================================================================
----------------- testing Tue Jul 02 04:48:24 UTC 2019 /home/travis/build/icyphy/ptII/ptolemy/actor/lib/test/auto/Reader.xml
----------------- Instantiating /home/travis/build/icyphy/ptII/ptolemy/actor/lib/test/auto/Reader.xml
actor.lib.Reader is obsolete, use actor.lib.io.ExpressionReader instead
5 ms. Memory: 824320K Free: 342280K (42%)
----------------- Invoking toplevel() on ptolemy.moml.MoMLSimpleApplication@315dd72c
----------------- Done invoking toplevel() on ptolemy.moml.MoMLSimpleApplication@315dd72c
reloadAllAccessors: .Reader

===========================================================================================
----------------- testing Tue Jul 02 04:48:24 UTC 2019 /home/travis/build/icyphy/ptII/ptolemy/actor/lib/test/auto/RecordAssemblerDisplayNameTest.xml
----------------- Instantiating /home/travis/build/icyphy/ptII/ptolemy/actor/lib/test/auto/RecordAssemblerDisplayNameTest.xml
3492 ms. Memory: 824320K Free: 626336K (76%)
----------------- Invoking toplevel() on ptolemy.moml.MoMLSimpleApplication@68b71e6f
----------------- Done invoking toplevel() on ptolemy.moml.MoMLSimpleApplication@68b71e6f
reloadAllAccessors: .RecordAssemblerDisplayNameTest

===========================================================================================
----------------- testing Tue Jul 02 04:48:27 UTC 2019 /home/travis/build/icyphy/ptII/ptolemy/actor/lib/test/auto/RecordAssemblerTypeError.xml
----------------- Instantiating /home/travis/build/icyphy/ptII/ptolemy/actor/lib/test/auto/RecordAssemblerTypeError.xml
16 ms. Memory: 824320K Free: 617120K (75%)
----------------- Invoking toplevel() on ptolemy.moml.MoMLSimpleApplication@e522c6e
----------------- Done invoking toplevel() on ptolemy.moml.MoMLSimpleApplication@e522c6e
reloadAllAccessors: .RecordAssemblerTypeError

===========================================================================================
----------------- testing Tue Jul 02 04:48:28 UTC 2019 /home/travis/build/icyphy/ptII/ptolemy/actor/lib/test/auto/RecordDisassember.xml
----------------- Instantiating /home/travis/build/icyphy/ptII/ptolemy/actor/lib/test/auto/RecordDisassember.xml
2 ms. Memory: 824320K Free: 612514K (74%)
----------------- Invoking toplevel() on ptolemy.moml.MoMLSimpleApplication@260e16b6
----------------- Done invoking toplevel() on ptolemy.moml.MoMLSimpleApplication@260e16b6
reloadAllAccessors: .RecordDisassember

===========================================================================================
----------------- testing Tue Jul 02 04:48:28 UTC 2019 /home/travis/build/icyphy/ptII/ptolemy/actor/lib/test/auto/RecordDisassemberDisplayNameTest.xml
----------------- Instantiating /home/travis/build/icyphy/ptII/ptolemy/actor/lib/test/auto/RecordDisassemberDisplayNameTest.xml
6 ms. Memory: 824320K Free: 604322K (73%)
----------------- Invoking toplevel() on ptolemy.moml.MoMLSimpleApplication@dbcc204
----------------- Done invoking toplevel() on ptolemy.moml.MoMLSimpleApplication@dbcc204
reloadAllAccessors: .RecordDisassemberDisplayNameTest

===========================================================================================
----------------- testing Tue Jul 02 04:48:28 UTC 2019 /home/travis/build/icyphy/ptII/ptolemy/actor/lib/test/auto/RecordDisassembler.xml
----------------- Instantiating /home/travis/build/icyphy/ptII/ptolemy/actor/lib/test/auto/RecordDisassembler.xml
3 ms. Memory: 824320K Free: 599202K (73%)
----------------- Invoking toplevel() on ptolemy.moml.MoMLSimpleApplication@6057efd4
----------------- Done invoking toplevel() on ptolemy.moml.MoMLSimpleApplication@6057efd4
reloadAllAccessors: .RecordDisassembler

===========================================================================================
----------------- testing Tue Jul 02 04:48:28 UTC 2019 /home/travis/build/icyphy/ptII/ptolemy/actor/lib/test/auto/RecordDisassembler2.xml
----------------- Instantiating /home/travis/build/icyphy/ptII/ptolemy/actor/lib/test/auto/RecordDisassembler2.xml
2 ms. Memory: 824320K Free: 594082K (72%)
----------------- Invoking toplevel() on ptolemy.moml.MoMLSimpleApplication@2af88670
----------------- Done invoking toplevel() on ptolemy.moml.MoMLSimpleApplication@2af88670
reloadAllAccessors: .RecordDisassembler2

===========================================================================================
----------------- testing Tue Jul 02 04:48:28 UTC 2019 /home/travis/build/icyphy/ptII/ptolemy/actor/lib/test/auto/RecordUpdater.xml
----------------- Instantiating /home/travis/build/icyphy/ptII/ptolemy/actor/lib/test/auto/RecordUpdater.xml
1 ms. Memory: 824320K Free: 589472K (72%)
----------------- Invoking toplevel() on ptolemy.moml.MoMLSimpleApplication@5b72ce62
----------------- Done invoking toplevel() on ptolemy.moml.MoMLSimpleApplication@5b72ce62
reloadAllAccessors: .RecordUpdater

===========================================================================================
----------------- testing Tue Jul 02 04:48:28 UTC 2019 /home/travis/build/icyphy/ptII/ptolemy/actor/lib/test/auto/RecordUpdater2.xml
----------------- Instantiating /home/travis/build/icyphy/ptII/ptolemy/actor/lib/test/auto/RecordUpdater2.xml
1 ms. Memory: 824320K Free: 583842K (71%)
----------------- Invoking toplevel() on ptolemy.moml.MoMLSimpleApplication@2a25035e
----------------- Done invoking toplevel() on ptolemy.moml.MoMLSimpleApplication@2a25035e
reloadAllAccessors: .RecordUpdater2

===========================================================================================
----------------- testing Tue Jul 02 04:48:28 UTC 2019 /home/travis/build/icyphy/ptII/ptolemy/actor/lib/test/auto/RecursiveLattice.xml
----------------- Instantiating /home/travis/build/icyphy/ptII/ptolemy/actor/lib/test/auto/RecursiveLattice.xml
1 ms. Memory: 824320K Free: 579746K (70%)
----------------- Invoking toplevel() on ptolemy.moml.MoMLSimpleApplication@544365af
----------------- Done invoking toplevel() on ptolemy.moml.MoMLSimpleApplication@544365af
reloadAllAccessors: .RecursiveLattice

===========================================================================================
----------------- testing Tue Jul 02 04:48:28 UTC 2019 /home/travis/build/icyphy/ptII/ptolemy/actor/lib/test/auto/Router.xml
----------------- Instantiating /home/travis/build/icyphy/ptII/ptolemy/actor/lib/test/auto/Router.xml
3004 ms. Memory: 824320K Free: 569506K (69%)
----------------- Invoking toplevel() on ptolemy.moml.MoMLSimpleApplication@396b7c04
----------------- Done invoking toplevel() on ptolemy.moml.MoMLSimpleApplication@396b7c04
reloadAllAccessors: .Router

===========================================================================================
----------------- testing Tue Jul 02 04:48:31 UTC 2019 /home/travis/build/icyphy/ptII/ptolemy/actor/lib/test/auto/Router2.xml
----------------- Instantiating /home/travis/build/icyphy/ptII/ptolemy/actor/lib/test/auto/Router2.xml
3004 ms. Memory: 824320K Free: 559776K (68%)
----------------- Invoking toplevel() on ptolemy.moml.MoMLSimpleApplication@416e698c
----------------- Done invoking toplevel() on ptolemy.moml.MoMLSimpleApplication@416e698c
reloadAllAccessors: .Router2

===========================================================================================
----------------- testing Tue Jul 02 04:48:34 UTC 2019 /home/travis/build/icyphy/ptII/ptolemy/actor/lib/test/auto/RunningMaximum.xml
----------------- Instantiating /home/travis/build/icyphy/ptII/ptolemy/actor/lib/test/auto/RunningMaximum.xml
3 ms. Memory: 824320K Free: 555170K (67%)
----------------- Invoking toplevel() on ptolemy.moml.MoMLSimpleApplication@3e8ccc0
----------------- Done invoking toplevel() on ptolemy.moml.MoMLSimpleApplication@3e8ccc0
reloadAllAccessors: .RunningMaximum

===========================================================================================
----------------- testing Tue Jul 02 04:48:34 UTC 2019 /home/travis/build/icyphy/ptII/ptolemy/actor/lib/test/auto/RunningMinimum.xml
----------------- Instantiating /home/travis/build/icyphy/ptII/ptolemy/actor/lib/test/auto/RunningMinimum.xml
1 ms. Memory: 824320K Free: 550050K (67%)
----------------- Invoking toplevel() on ptolemy.moml.MoMLSimpleApplication@7cb13d04
----------------- Done invoking toplevel() on ptolemy.moml.MoMLSimpleApplication@7cb13d04
reloadAllAccessors: .RunningMinimum

===========================================================================================
----------------- testing Tue Jul 02 04:48:34 UTC 2019 /home/travis/build/icyphy/ptII/ptolemy/actor/lib/test/auto/Scale.xml
----------------- Instantiating /home/travis/build/icyphy/ptII/ptolemy/actor/lib/test/auto/Scale.xml
1 ms. Memory: 824320K Free: 545440K (66%)
----------------- Invoking toplevel() on ptolemy.moml.MoMLSimpleApplication@14ef07f4
----------------- Done invoking toplevel() on ptolemy.moml.MoMLSimpleApplication@14ef07f4
reloadAllAccessors: .Scale

===========================================================================================
----------------- testing Tue Jul 02 04:48:34 UTC 2019 /home/travis/build/icyphy/ptII/ptolemy/actor/lib/test/auto/Scale2.xml
----------------- Instantiating /home/travis/build/icyphy/ptII/ptolemy/actor/lib/test/auto/Scale2.xml
1 ms. Memory: 824320K Free: 540834K (66%)
----------------- Invoking toplevel() on ptolemy.moml.MoMLSimpleApplication@4f759774
----------------- Done invoking toplevel() on ptolemy.moml.MoMLSimpleApplication@4f759774
reloadAllAccessors: .Scale2

===========================================================================================
----------------- testing Tue Jul 02 04:48:34 UTC 2019 /home/travis/build/icyphy/ptII/ptolemy/actor/lib/test/auto/Scale3.xml
----------------- Instantiating /home/travis/build/icyphy/ptII/ptolemy/actor/lib/test/auto/Scale3.xml
8 ms. Memory: 824320K Free: 534690K (65%)
----------------- Invoking toplevel() on ptolemy.moml.MoMLSimpleApplication@719c72f8
----------------- Done invoking toplevel() on ptolemy.moml.MoMLSimpleApplication@719c72f8
reloadAllAccessors: .Scale3

===========================================================================================
----------------- testing Tue Jul 02 04:48:34 UTC 2019 /home/travis/build/icyphy/ptII/ptolemy/actor/lib/test/auto/ScaleArray.xml
----------------- Instantiating /home/travis/build/icyphy/ptII/ptolemy/actor/lib/test/auto/ScaleArray.xml
2 ms. Memory: 824320K Free: 529570K (64%)
----------------- Invoking toplevel() on ptolemy.moml.MoMLSimpleApplication@3775f1e3
----------------- Done invoking toplevel() on ptolemy.moml.MoMLSimpleApplication@3775f1e3
reloadAllAccessors: .ScaleArray

===========================================================================================
----------------- testing Tue Jul 02 04:48:34 UTC 2019 /home/travis/build/icyphy/ptII/ptolemy/actor/lib/test/auto/ScaleArray2.xml
----------------- Instantiating /home/travis/build/icyphy/ptII/ptolemy/actor/lib/test/auto/ScaleArray2.xml
1 ms. Memory: 824320K Free: 524960K (64%)
----------------- Invoking toplevel() on ptolemy.moml.MoMLSimpleApplication@3d827ffc
----------------- Done invoking toplevel() on ptolemy.moml.MoMLSimpleApplication@3d827ffc
reloadAllAccessors: .ScaleArray2

===========================================================================================
----------------- testing Tue Jul 02 04:48:34 UTC 2019 /home/travis/build/icyphy/ptII/ptolemy/actor/lib/test/auto/ScaleMatrix.xml
----------------- Instantiating /home/travis/build/icyphy/ptII/ptolemy/actor/lib/test/auto/ScaleMatrix.xml
173 ms. Memory: 824320K Free: 509600K (62%)
----------------- Invoking toplevel() on ptolemy.moml.MoMLSimpleApplication@383ebede
----------------- Done invoking toplevel() on ptolemy.moml.MoMLSimpleApplication@383ebede
reloadAllAccessors: .ScaleMatrix

===========================================================================================
----------------- testing Tue Jul 02 04:48:34 UTC 2019 /home/travis/build/icyphy/ptII/ptolemy/actor/lib/test/auto/Select.xml
----------------- Instantiating /home/travis/build/icyphy/ptII/ptolemy/actor/lib/test/auto/Select.xml
2 ms. Memory: 824320K Free: 503426K (61%)
----------------- Invoking toplevel() on ptolemy.moml.MoMLSimpleApplication@d857a8e
----------------- Done invoking toplevel() on ptolemy.moml.MoMLSimpleApplication@d857a8e
reloadAllAccessors: .Select

===========================================================================================
----------------- testing Tue Jul 02 04:48:34 UTC 2019 /home/travis/build/icyphy/ptII/ptolemy/actor/lib/test/auto/Select2.xml
----------------- Instantiating /home/travis/build/icyphy/ptII/ptolemy/actor/lib/test/auto/Select2.xml
1 ms. Memory: 824320K Free: 498336K (60%)
----------------- Invoking toplevel() on ptolemy.moml.MoMLSimpleApplication@11343de3
----------------- Done invoking toplevel() on ptolemy.moml.MoMLSimpleApplication@11343de3
reloadAllAccessors: .Select2

===========================================================================================
----------------- testing Tue Jul 02 04:48:34 UTC 2019 /home/travis/build/icyphy/ptII/ptolemy/actor/lib/test/auto/SequenceToArray2.xml
----------------- Instantiating /home/travis/build/icyphy/ptII/ptolemy/actor/lib/test/auto/SequenceToArray2.xml
87 ms. Memory: 824320K Free: 474274K (58%)
----------------- Invoking toplevel() on ptolemy.moml.MoMLSimpleApplication@19677864
----------------- Done invoking toplevel() on ptolemy.moml.MoMLSimpleApplication@19677864
reloadAllAccessors: .SequenceToArray2

===========================================================================================
----------------- testing Tue Jul 02 04:48:34 UTC 2019 /home/travis/build/icyphy/ptII/ptolemy/actor/lib/test/auto/SequentialClock.xml
----------------- Instantiating /home/travis/build/icyphy/ptII/ptolemy/actor/lib/test/auto/SequentialClock.xml
1 ms. Memory: 824320K Free: 470178K (57%)
----------------- Invoking toplevel() on ptolemy.moml.MoMLSimpleApplication@51ceae06
----------------- Done invoking toplevel() on ptolemy.moml.MoMLSimpleApplication@51ceae06
reloadAllAccessors: .SequentialClock

===========================================================================================
----------------- testing Tue Jul 02 04:48:34 UTC 2019 /home/travis/build/icyphy/ptII/ptolemy/actor/lib/test/auto/SetVariable.xml
----------------- Instantiating /home/travis/build/icyphy/ptII/ptolemy/actor/lib/test/auto/SetVariable.xml
2 ms. Memory: 824320K Free: 465568K (56%)
----------------- Invoking toplevel() on ptolemy.moml.MoMLSimpleApplication@470c2473
----------------- Done invoking toplevel() on ptolemy.moml.MoMLSimpleApplication@470c2473
reloadAllAccessors: .SetVariable

===========================================================================================
----------------- testing Tue Jul 02 04:48:34 UTC 2019 /home/travis/build/icyphy/ptII/ptolemy/actor/lib/test/auto/SetVariable2.xml
----------------- Instantiating /home/travis/build/icyphy/ptII/ptolemy/actor/lib/test/auto/SetVariable2.xml
4 ms. Memory: 824320K Free: 459938K (56%)
----------------- Invoking toplevel() on ptolemy.moml.MoMLSimpleApplication@1bf1cbfe
----------------- Done invoking toplevel() on ptolemy.moml.MoMLSimpleApplication@1bf1cbfe
reloadAllAccessors: .SetVariable2

===========================================================================================
----------------- testing Tue Jul 02 04:48:34 UTC 2019 /home/travis/build/icyphy/ptII/ptolemy/actor/lib/test/auto/SetVariable3.xml
----------------- Instantiating /home/travis/build/icyphy/ptII/ptolemy/actor/lib/test/auto/SetVariable3.xml
7 ms. Memory: 824320K Free: 454818K (55%)
----------------- Invoking toplevel() on ptolemy.moml.MoMLSimpleApplication@5b4c2faa
----------------- Done invoking toplevel() on ptolemy.moml.MoMLSimpleApplication@5b4c2faa
reloadAllAccessors: .SetVariable3

===========================================================================================
----------------- testing Tue Jul 02 04:48:34 UTC 2019 /home/travis/build/icyphy/ptII/ptolemy/actor/lib/test/auto/SetVariable4.xml
----------------- Instantiating /home/travis/build/icyphy/ptII/ptolemy/actor/lib/test/auto/SetVariable4.xml
12 ms. Memory: 824320K Free: 444578K (54%)
----------------- Invoking toplevel() on ptolemy.moml.MoMLSimpleApplication@5615a35e
----------------- Done invoking toplevel() on ptolemy.moml.MoMLSimpleApplication@5615a35e
reloadAllAccessors: .SetVariable4

===========================================================================================
----------------- testing Tue Jul 02 04:48:34 UTC 2019 /home/travis/build/icyphy/ptII/ptolemy/actor/lib/test/auto/SetVariable5.xml
----------------- Instantiating /home/travis/build/icyphy/ptII/ptolemy/actor/lib/test/auto/SetVariable5.xml
17 ms. Memory: 824320K Free: 435362K (53%)
----------------- Invoking toplevel() on ptolemy.moml.MoMLSimpleApplication@482cfafb
----------------- Done invoking toplevel() on ptolemy.moml.MoMLSimpleApplication@482cfafb
reloadAllAccessors: .SetVariable5

===========================================================================================
----------------- testing Tue Jul 02 04:48:34 UTC 2019 /home/travis/build/icyphy/ptII/ptolemy/actor/lib/test/auto/Sinewave.xml
----------------- Instantiating /home/travis/build/icyphy/ptII/ptolemy/actor/lib/test/auto/Sinewave.xml
4 ms. Memory: 824320K Free: 424608K (52%)
----------------- Invoking toplevel() on ptolemy.moml.MoMLSimpleApplication@1aa533a1
----------------- Done invoking toplevel() on ptolemy.moml.MoMLSimpleApplication@1aa533a1
reloadAllAccessors: .Sinewave

===========================================================================================
----------------- testing Tue Jul 02 04:48:34 UTC 2019 /home/travis/build/icyphy/ptII/ptolemy/actor/lib/test/auto/Sinewave2.xml
----------------- Instantiating /home/travis/build/icyphy/ptII/ptolemy/actor/lib/test/auto/Sinewave2.xml
7 ms. Memory: 824320K Free: 416416K (51%)
----------------- Invoking toplevel() on ptolemy.moml.MoMLSimpleApplication@31f71f1c
----------------- Done invoking toplevel() on ptolemy.moml.MoMLSimpleApplication@31f71f1c
reloadAllAccessors: .Sinewave2

===========================================================================================
----------------- testing Tue Jul 02 04:48:34 UTC 2019 /home/travis/build/icyphy/ptII/ptolemy/actor/lib/test/auto/Sinewave3.xml
----------------- Instantiating /home/travis/build/icyphy/ptII/ptolemy/actor/lib/test/auto/Sinewave3.xml
10 ms. Memory: 824320K Free: 408194K (50%)
----------------- Invoking toplevel() on ptolemy.moml.MoMLSimpleApplication@766be06a
----------------- Done invoking toplevel() on ptolemy.moml.MoMLSimpleApplication@766be06a
reloadAllAccessors: .Sinewave3

===========================================================================================
----------------- testing Tue Jul 02 04:48:34 UTC 2019 /home/travis/build/icyphy/ptII/ptolemy/actor/lib/test/auto/SingleEvent.xml
----------------- Instantiating /home/travis/build/icyphy/ptII/ptolemy/actor/lib/test/auto/SingleEvent.xml
1 ms. Memory: 824320K Free: 403618K (49%)
----------------- Invoking toplevel() on ptolemy.moml.MoMLSimpleApplication@7140a825
----------------- Done invoking toplevel() on ptolemy.moml.MoMLSimpleApplication@7140a825
reloadAllAccessors: .SingleEvent

===========================================================================================
----------------- testing Tue Jul 02 04:48:34 UTC 2019 /home/travis/build/icyphy/ptII/ptolemy/actor/lib/test/auto/Sleep.xml
----------------- Instantiating /home/travis/build/icyphy/ptII/ptolemy/actor/lib/test/auto/Sleep.xml
6003 ms. Memory: 824320K Free: 397984K (48%)
----------------- Invoking toplevel() on ptolemy.moml.MoMLSimpleApplication@3d01b28c
----------------- Done invoking toplevel() on ptolemy.moml.MoMLSimpleApplication@3d01b28c
reloadAllAccessors: .Sleep

===========================================================================================
----------------- testing Tue Jul 02 04:48:40 UTC 2019 /home/travis/build/icyphy/ptII/ptolemy/actor/lib/test/auto/SleepMultipleFire.xml
----------------- Instantiating /home/travis/build/icyphy/ptII/ptolemy/actor/lib/test/auto/SleepMultipleFire.xml
1013 ms. Memory: 824320K Free: 392354K (48%)
----------------- Invoking toplevel() on ptolemy.moml.MoMLSimpleApplication@53997e17
----------------- Done invoking toplevel() on ptolemy.moml.MoMLSimpleApplication@53997e17
reloadAllAccessors: .SleepMultipleFire

===========================================================================================
----------------- testing Tue Jul 02 04:48:41 UTC 2019 /home/travis/build/icyphy/ptII/ptolemy/actor/lib/test/auto/StopDE.xml
----------------- Instantiating /home/travis/build/icyphy/ptII/ptolemy/actor/lib/test/auto/StopDE.xml
3 ms. Memory: 824320K Free: 386720K (47%)
----------------- Invoking toplevel() on ptolemy.moml.MoMLSimpleApplication@6b7c6479
----------------- Done invoking toplevel() on ptolemy.moml.MoMLSimpleApplication@6b7c6479
reloadAllAccessors: .StopDE

===========================================================================================
----------------- testing Tue Jul 02 04:48:41 UTC 2019 /home/travis/build/icyphy/ptII/ptolemy/actor/lib/test/auto/StopSDF.xml
----------------- Instantiating /home/travis/build/icyphy/ptII/ptolemy/actor/lib/test/auto/StopSDF.xml
4 ms. Memory: 824320K Free: 381090K (46%)
----------------- Invoking toplevel() on ptolemy.moml.MoMLSimpleApplication@35ecc2d7
----------------- Done invoking toplevel() on ptolemy.moml.MoMLSimpleApplication@35ecc2d7
reloadAllAccessors: .StopSDF

===========================================================================================
----------------- testing Tue Jul 02 04:48:41 UTC 2019 /home/travis/build/icyphy/ptII/ptolemy/actor/lib/test/auto/StringConstant.xml
----------------- Instantiating /home/travis/build/icyphy/ptII/ptolemy/actor/lib/test/auto/StringConstant.xml
10 ms. Memory: 824320K Free: 376994K (46%)
----------------- Invoking toplevel() on ptolemy.moml.MoMLSimpleApplication@26e833f
----------------- Done invoking toplevel() on ptolemy.moml.MoMLSimpleApplication@26e833f
reloadAllAccessors: .StringConstant

===========================================================================================
----------------- testing Tue Jul 02 04:48:41 UTC 2019 /home/travis/build/icyphy/ptII/ptolemy/actor/lib/test/auto/SubscriberPortInitialValues1.xml
----------------- Instantiating /home/travis/build/icyphy/ptII/ptolemy/actor/lib/test/auto/SubscriberPortInitialValues1.xml
11 ms. Memory: 824320K Free: 368288K (45%)
----------------- Invoking toplevel() on ptolemy.moml.MoMLSimpleApplication@58ff9683
----------------- Done invoking toplevel() on ptolemy.moml.MoMLSimpleApplication@58ff9683
reloadAllAccessors: .SubscriberPortInitialValues1

===========================================================================================
----------------- testing Tue Jul 02 04:48:42 UTC 2019 /home/travis/build/icyphy/ptII/ptolemy/actor/lib/test/auto/SubscriberPortInitialValues13.xml
----------------- Instantiating /home/travis/build/icyphy/ptII/ptolemy/actor/lib/test/auto/SubscriberPortInitialValues13.xml
5 ms. Memory: 824320K Free: 354976K (43%)
----------------- Invoking toplevel() on ptolemy.moml.MoMLSimpleApplication@7ee15240
----------------- Done invoking toplevel() on ptolemy.moml.MoMLSimpleApplication@7ee15240
reloadAllAccessors: .SubscriberPortInitialValues13

===========================================================================================
----------------- testing Tue Jul 02 04:48:42 UTC 2019 /home/travis/build/icyphy/ptII/ptolemy/actor/lib/test/auto/SubscriberPortInitialValues14.xml
----------------- Instantiating /home/travis/build/icyphy/ptII/ptolemy/actor/lib/test/auto/SubscriberPortInitialValues14.xml
4 ms. Memory: 824320K Free: 347298K (42%)
----------------- Invoking toplevel() on ptolemy.moml.MoMLSimpleApplication@28cafda0
----------------- Done invoking toplevel() on ptolemy.moml.MoMLSimpleApplication@28cafda0
reloadAllAccessors: .SubscriberPortInitialValues14

===========================================================================================
----------------- testing Tue Jul 02 04:48:42 UTC 2019 /home/travis/build/icyphy/ptII/ptolemy/actor/lib/test/auto/SubscriberPortInitialValues2.xml
----------------- Instantiating /home/travis/build/icyphy/ptII/ptolemy/actor/lib/test/auto/SubscriberPortInitialValues2.xml
14 ms. Memory: 824320K Free: 339616K (41%)
----------------- Invoking toplevel() on ptolemy.moml.MoMLSimpleApplication@4ae03ad7
----------------- Done invoking toplevel() on ptolemy.moml.MoMLSimpleApplication@4ae03ad7
reloadAllAccessors: .SubscriberPortInitialValues2

===========================================================================================
----------------- testing Tue Jul 02 04:48:42 UTC 2019 /home/travis/build/icyphy/ptII/ptolemy/actor/lib/test/auto/SubscriberPortInitialValues3.xml
----------------- Instantiating /home/travis/build/icyphy/ptII/ptolemy/actor/lib/test/auto/SubscriberPortInitialValues3.xml
4 ms. Memory: 824320K Free: 328352K (40%)
----------------- Invoking toplevel() on ptolemy.moml.MoMLSimpleApplication@30ade436
----------------- Done invoking toplevel() on ptolemy.moml.MoMLSimpleApplication@30ade436
reloadAllAccessors: .SubscriberPortInitialValues3

===========================================================================================
----------------- testing Tue Jul 02 04:48:42 UTC 2019 /home/travis/build/icyphy/ptII/ptolemy/actor/lib/test/auto/SubscriptionAggregator.xml
----------------- Instantiating /home/travis/build/icyphy/ptII/ptolemy/actor/lib/test/auto/SubscriptionAggregator.xml
2 ms. Memory: 824320K Free: 321698K (39%)
----------------- Invoking toplevel() on ptolemy.moml.MoMLSimpleApplication@6cd68611
----------------- Done invoking toplevel() on ptolemy.moml.MoMLSimpleApplication@6cd68611
reloadAllAccessors: .SubscriptionAggregator

===========================================================================================
----------------- testing Tue Jul 02 04:48:42 UTC 2019 /home/travis/build/icyphy/ptII/ptolemy/actor/lib/test/auto/SubscriptionAggregator2.xml
----------------- Instantiating /home/travis/build/icyphy/ptII/ptolemy/actor/lib/test/auto/SubscriptionAggregator2.xml
4 ms. Memory: 824320K Free: 315034K (38%)
----------------- Invoking toplevel() on ptolemy.moml.MoMLSimpleApplication@3d8900c
----------------- Done invoking toplevel() on ptolemy.moml.MoMLSimpleApplication@3d8900c
reloadAllAccessors: .SubscriptionAggregator2

===========================================================================================
----------------- testing Tue Jul 02 04:48:42 UTC 2019 /home/travis/build/icyphy/ptII/ptolemy/actor/lib/test/auto/SubscriptionAggregator3.xml
----------------- Instantiating /home/travis/build/icyphy/ptII/ptolemy/actor/lib/test/auto/SubscriptionAggregator3.xml
3 ms. Memory: 824320K Free: 305824K (37%)
----------------- Invoking toplevel() on ptolemy.moml.MoMLSimpleApplication@5de1e692
----------------- Done invoking toplevel() on ptolemy.moml.MoMLSimpleApplication@5de1e692
reloadAllAccessors: .SubscriptionAggregator3

===========================================================================================
----------------- testing Tue Jul 02 04:48:42 UTC 2019 /home/travis/build/icyphy/ptII/ptolemy/actor/lib/test/auto/SubscriptionAggregatorMultiply.xml
----------------- Instantiating /home/travis/build/icyphy/ptII/ptolemy/actor/lib/test/auto/SubscriptionAggregatorMultiply.xml
3 ms. Memory: 824320K Free: 297632K (36%)
----------------- Invoking toplevel() on ptolemy.moml.MoMLSimpleApplication@2057a08b
----------------- Done invoking toplevel() on ptolemy.moml.MoMLSimpleApplication@2057a08b
reloadAllAccessors: .SubscriptionAggregatorMultiply

===========================================================================================
----------------- testing Tue Jul 02 04:48:42 UTC 2019 /home/travis/build/icyphy/ptII/ptolemy/actor/lib/test/auto/SubscriptionAggregatorPortMultiply1.xml
----------------- Instantiating /home/travis/build/icyphy/ptII/ptolemy/actor/lib/test/auto/SubscriptionAggregatorPortMultiply1.xml
3 ms. Memory: 824320K Free: 289954K (35%)
----------------- Invoking toplevel() on ptolemy.moml.MoMLSimpleApplication@60774ae2
----------------- Done invoking toplevel() on ptolemy.moml.MoMLSimpleApplication@60774ae2
reloadAllAccessors: .SubscriptionAggregatorPortMultiply1

===========================================================================================
----------------- testing Tue Jul 02 04:48:42 UTC 2019 /home/travis/build/icyphy/ptII/ptolemy/actor/lib/test/auto/Switch.xml
----------------- Instantiating /home/travis/build/icyphy/ptII/ptolemy/actor/lib/test/auto/Switch.xml
8 ms. Memory: 824320K Free: 770717K (93%)
----------------- Invoking toplevel() on ptolemy.moml.MoMLSimpleApplication@10d6ebe5
----------------- Done invoking toplevel() on ptolemy.moml.MoMLSimpleApplication@10d6ebe5
reloadAllAccessors: .Switch

===========================================================================================
----------------- testing Tue Jul 02 04:48:42 UTC 2019 /home/travis/build/icyphy/ptII/ptolemy/actor/lib/test/auto/Switch2.xml
----------------- Instantiating /home/travis/build/icyphy/ptII/ptolemy/actor/lib/test/auto/Switch2.xml
1 ms. Memory: 824320K Free: 765597K (93%)
----------------- Invoking toplevel() on ptolemy.moml.MoMLSimpleApplication@57aa4fa4
----------------- Done invoking toplevel() on ptolemy.moml.MoMLSimpleApplication@57aa4fa4
reloadAllAccessors: .Switch2

===========================================================================================
----------------- testing Tue Jul 02 04:48:42 UTC 2019 /home/travis/build/icyphy/ptII/ptolemy/actor/lib/test/auto/SwitchDE.xml
----------------- Instantiating /home/travis/build/icyphy/ptII/ptolemy/actor/lib/test/auto/SwitchDE.xml
4 ms. Memory: 824320K Free: 759423K (92%)
----------------- Invoking toplevel() on ptolemy.moml.MoMLSimpleApplication@75719f0e
----------------- Done invoking toplevel() on ptolemy.moml.MoMLSimpleApplication@75719f0e
reloadAllAccessors: .SwitchDE

===========================================================================================
----------------- testing Tue Jul 02 04:48:42 UTC 2019 /home/travis/build/icyphy/ptII/ptolemy/actor/lib/test/auto/SynchronizerDE.xml
----------------- Instantiating /home/travis/build/icyphy/ptII/ptolemy/actor/lib/test/auto/SynchronizerDE.xml
7 ms. Memory: 824320K Free: 750751K (91%)
----------------- Invoking toplevel() on ptolemy.moml.MoMLSimpleApplication@1ed3ce13
----------------- Done invoking toplevel() on ptolemy.moml.MoMLSimpleApplication@1ed3ce13
reloadAllAccessors: .SynchronizerDE

===========================================================================================
----------------- testing Tue Jul 02 04:48:42 UTC 2019 /home/travis/build/icyphy/ptII/ptolemy/actor/lib/test/auto/Test.xml
----------------- Instantiating /home/travis/build/icyphy/ptII/ptolemy/actor/lib/test/auto/Test.xml
1 ms. Memory: 824320K Free: 745631K (90%)
----------------- Invoking toplevel() on ptolemy.moml.MoMLSimpleApplication@73e134a7
----------------- Done invoking toplevel() on ptolemy.moml.MoMLSimpleApplication@73e134a7
reloadAllAccessors: .Test

===========================================================================================
----------------- testing Tue Jul 02 04:48:42 UTC 2019 /home/travis/build/icyphy/ptII/ptolemy/actor/lib/test/auto/TestExceptionAttribute1.xml
----------------- Instantiating /home/travis/build/icyphy/ptII/ptolemy/actor/lib/test/auto/TestExceptionAttribute1.xml
1 ms. Memory: 824320K Free: 742045K (90%)
----------------- Invoking toplevel() on ptolemy.moml.MoMLSimpleApplication@4ba6d7d0
----------------- Done invoking toplevel() on ptolemy.moml.MoMLSimpleApplication@4ba6d7d0
reloadAllAccessors: .TestExceptionAttribute1

===========================================================================================
----------------- testing Tue Jul 02 04:48:42 UTC 2019 /home/travis/build/icyphy/ptII/ptolemy/actor/lib/test/auto/TestExceptionAttribute2.xml
----------------- Instantiating /home/travis/build/icyphy/ptII/ptolemy/actor/lib/test/auto/TestExceptionAttribute2.xml
1 ms. Memory: 824320K Free: 737949K (90%)
----------------- Invoking toplevel() on ptolemy.moml.MoMLSimpleApplication@c179220
----------------- Done invoking toplevel() on ptolemy.moml.MoMLSimpleApplication@c179220
reloadAllAccessors: .TestExceptionAttribute2

===========================================================================================
----------------- testing Tue Jul 02 04:48:42 UTC 2019 /home/travis/build/icyphy/ptII/ptolemy/actor/lib/test/auto/TestExceptionAttribute3.xml
----------------- Instantiating /home/travis/build/icyphy/ptII/ptolemy/actor/lib/test/auto/TestExceptionAttribute3.xml
.TestExceptionAttribute3.TestExceptionAttribute: initialize() was not invoked, but wrapup() was.  This is unusual, but not always a problem.  For example, exporting JNLP will do this.
0 ms. Memory: 824320K Free: 734367K (89%)
----------------- Invoking toplevel() on ptolemy.moml.MoMLSimpleApplication@aa20577
----------------- Done invoking toplevel() on ptolemy.moml.MoMLSimpleApplication@aa20577
reloadAllAccessors: .TestExceptionAttribute3

===========================================================================================
----------------- testing Tue Jul 02 04:48:42 UTC 2019 /home/travis/build/icyphy/ptII/ptolemy/actor/lib/test/auto/TestExceptionAttribute4.xml
----------------- Instantiating /home/travis/build/icyphy/ptII/ptolemy/actor/lib/test/auto/TestExceptionAttribute4.xml
.TestExceptionAttribute4.TestExceptionAttribute: initialize() was not invoked, but wrapup() was.  This is unusual, but not always a problem.  For example, exporting JNLP will do this.
.TestExceptionAttribute4.TestExceptionAttribute2: initialize() was not invoked, but wrapup() was.  This is unusual, but not always a problem.  For example, exporting JNLP will do this.
0 ms. Memory: 824320K Free: 730271K (89%)
----------------- Invoking toplevel() on ptolemy.moml.MoMLSimpleApplication@77ec0f9
----------------- Done invoking toplevel() on ptolemy.moml.MoMLSimpleApplication@77ec0f9
reloadAllAccessors: .TestExceptionAttribute4

===========================================================================================
----------------- testing Tue Jul 02 04:48:42 UTC 2019 /home/travis/build/icyphy/ptII/ptolemy/actor/lib/test/auto/TestExceptionHandler1.xml
----------------- Instantiating /home/travis/build/icyphy/ptII/ptolemy/actor/lib/test/auto/TestExceptionHandler1.xml
1 ms. Memory: 824320K Free: 726175K (88%)
----------------- Invoking toplevel() on ptolemy.moml.MoMLSimpleApplication@41583172
----------------- Done invoking toplevel() on ptolemy.moml.MoMLSimpleApplication@41583172
reloadAllAccessors: .TestExceptionHandler1

===========================================================================================
----------------- testing Tue Jul 02 04:48:42 UTC 2019 /home/travis/build/icyphy/ptII/ptolemy/actor/lib/test/auto/TestExceptionHandler2.xml
----------------- Instantiating /home/travis/build/icyphy/ptII/ptolemy/actor/lib/test/auto/TestExceptionHandler2.xml
1 ms. Memory: 824320K Free: 722589K (88%)
----------------- Invoking toplevel() on ptolemy.moml.MoMLSimpleApplication@70eaa356
----------------- Done invoking toplevel() on ptolemy.moml.MoMLSimpleApplication@70eaa356
reloadAllAccessors: .TestExceptionHandler2

===========================================================================================
----------------- testing Tue Jul 02 04:48:42 UTC 2019 /home/travis/build/icyphy/ptII/ptolemy/actor/lib/test/auto/TestExceptionHandler3.xml
----------------- Instantiating /home/travis/build/icyphy/ptII/ptolemy/actor/lib/test/auto/TestExceptionHandler3.xml
1 ms. Memory: 824320K Free: 719007K (87%)
----------------- Invoking toplevel() on ptolemy.moml.MoMLSimpleApplication@13a19f56
----------------- Done invoking toplevel() on ptolemy.moml.MoMLSimpleApplication@13a19f56
reloadAllAccessors: .TestExceptionHandler3

===========================================================================================
----------------- testing Tue Jul 02 04:48:42 UTC 2019 /home/travis/build/icyphy/ptII/ptolemy/actor/lib/test/auto/TestExceptionHandler4.xml
----------------- Instantiating /home/travis/build/icyphy/ptII/ptolemy/actor/lib/test/auto/TestExceptionHandler4.xml
1 ms. Memory: 824320K Free: 714397K (87%)
----------------- Invoking toplevel() on ptolemy.moml.MoMLSimpleApplication@5a5c0efb
----------------- Done invoking toplevel() on ptolemy.moml.MoMLSimpleApplication@5a5c0efb
reloadAllAccessors: .TestExceptionHandler4

===========================================================================================
----------------- testing Tue Jul 02 04:48:42 UTC 2019 /home/travis/build/icyphy/ptII/ptolemy/actor/lib/test/auto/TestRequireCorrectOrder.xml
----------------- Instantiating /home/travis/build/icyphy/ptII/ptolemy/actor/lib/test/auto/TestRequireCorrectOrder.xml
5 ms. Memory: 824320K Free: 709247K (86%)
----------------- Invoking toplevel() on ptolemy.moml.MoMLSimpleApplication@3aff00b8
----------------- Done invoking toplevel() on ptolemy.moml.MoMLSimpleApplication@3aff00b8
reloadAllAccessors: .TestRequireCorrectOrder

===========================================================================================
----------------- testing Tue Jul 02 04:48:42 UTC 2019 /home/travis/build/icyphy/ptII/ptolemy/actor/lib/test/auto/TestSimple.xml
----------------- Instantiating /home/travis/build/icyphy/ptII/ptolemy/actor/lib/test/auto/TestSimple.xml
1 ms. Memory: 824320K Free: 705175K (86%)
----------------- Invoking toplevel() on ptolemy.moml.MoMLSimpleApplication@2eb1ef06
----------------- Done invoking toplevel() on ptolemy.moml.MoMLSimpleApplication@2eb1ef06
reloadAllAccessors: .TestSimple

===========================================================================================
----------------- testing Tue Jul 02 04:48:42 UTC 2019 /home/travis/build/icyphy/ptII/ptolemy/actor/lib/test/auto/ThrowModelError.xml
----------------- Instantiating /home/travis/build/icyphy/ptII/ptolemy/actor/lib/test/auto/ThrowModelError.xml
1 ms. Memory: 824320K Free: 700061K (85%)
----------------- Invoking toplevel() on ptolemy.moml.MoMLSimpleApplication@5be3d0c4
----------------- Done invoking toplevel() on ptolemy.moml.MoMLSimpleApplication@5be3d0c4
reloadAllAccessors: .ThrowModelError

===========================================================================================
----------------- testing Tue Jul 02 04:48:42 UTC 2019 /home/travis/build/icyphy/ptII/ptolemy/actor/lib/test/auto/TimeDelayMicrosteps.xml
----------------- Instantiating /home/travis/build/icyphy/ptII/ptolemy/actor/lib/test/auto/TimeDelayMicrosteps.xml
3 ms. Memory: 824320K Free: 693407K (84%)
----------------- Invoking toplevel() on ptolemy.moml.MoMLSimpleApplication@163be7cb
----------------- Done invoking toplevel() on ptolemy.moml.MoMLSimpleApplication@163be7cb
reloadAllAccessors: .TimeDelayMicrosteps

===========================================================================================
----------------- testing Tue Jul 02 04:48:42 UTC 2019 /home/travis/build/icyphy/ptII/ptolemy/actor/lib/test/auto/TimeDelayMicrosteps2.xml
----------------- Instantiating /home/travis/build/icyphy/ptII/ptolemy/actor/lib/test/auto/TimeDelayMicrosteps2.xml
4 ms. Memory: 824320K Free: 685711K (83%)
----------------- Invoking toplevel() on ptolemy.moml.MoMLSimpleApplication@595c7e8b
----------------- Done invoking toplevel() on ptolemy.moml.MoMLSimpleApplication@595c7e8b
reloadAllAccessors: .TimeDelayMicrosteps2

===========================================================================================
----------------- testing Tue Jul 02 04:48:42 UTC 2019 /home/travis/build/icyphy/ptII/ptolemy/actor/lib/test/auto/TimeDelayMicrosteps3.xml
----------------- Instantiating /home/travis/build/icyphy/ptII/ptolemy/actor/lib/test/auto/TimeDelayMicrosteps3.xml
4 ms. Memory: 824320K Free: 679071K (82%)
----------------- Invoking toplevel() on ptolemy.moml.MoMLSimpleApplication@71884917
----------------- Done invoking toplevel() on ptolemy.moml.MoMLSimpleApplication@71884917
reloadAllAccessors: .TimeDelayMicrosteps3

===========================================================================================
----------------- testing Tue Jul 02 04:48:42 UTC 2019 /home/travis/build/icyphy/ptII/ptolemy/actor/lib/test/auto/TimeDelayVariableMicrosteps.xml
----------------- Instantiating /home/travis/build/icyphy/ptII/ptolemy/actor/lib/test/auto/TimeDelayVariableMicrosteps.xml
3 ms. Memory: 824320K Free: 672927K (82%)
----------------- Invoking toplevel() on ptolemy.moml.MoMLSimpleApplication@23a295df
----------------- Done invoking toplevel() on ptolemy.moml.MoMLSimpleApplication@23a295df
reloadAllAccessors: .TimeDelayVariableMicrosteps

===========================================================================================
----------------- testing Tue Jul 02 04:48:42 UTC 2019 /home/travis/build/icyphy/ptII/ptolemy/actor/lib/test/auto/TimeGap.xml
----------------- Instantiating /home/travis/build/icyphy/ptII/ptolemy/actor/lib/test/auto/TimeGap.xml
3 ms. Memory: 824320K Free: 667263K (81%)
----------------- Invoking toplevel() on ptolemy.moml.MoMLSimpleApplication@1fcbbb46
----------------- Done invoking toplevel() on ptolemy.moml.MoMLSimpleApplication@1fcbbb46
reloadAllAccessors: .TimeGap

===========================================================================================
----------------- testing Tue Jul 02 04:48:42 UTC 2019 /home/travis/build/icyphy/ptII/ptolemy/actor/lib/test/auto/TimeGap2.xml
----------------- Instantiating /home/travis/build/icyphy/ptII/ptolemy/actor/lib/test/auto/TimeGap2.xml
1 ms. Memory: 824320K Free: 661663K (80%)
----------------- Invoking toplevel() on ptolemy.moml.MoMLSimpleApplication@14a00abe
----------------- Done invoking toplevel() on ptolemy.moml.MoMLSimpleApplication@14a00abe
reloadAllAccessors: .TimeGap2

===========================================================================================
----------------- testing Tue Jul 02 04:48:42 UTC 2019 /home/travis/build/icyphy/ptII/ptolemy/actor/lib/test/auto/TimedSinewave.xml
----------------- Instantiating /home/travis/build/icyphy/ptII/ptolemy/actor/lib/test/auto/TimedSinewave.xml
22 ms. Memory: 824320K Free: 647327K (79%)
----------------- Invoking toplevel() on ptolemy.moml.MoMLSimpleApplication@64689926
----------------- Done invoking toplevel() on ptolemy.moml.MoMLSimpleApplication@64689926
reloadAllAccessors: .TimedSinewave

===========================================================================================
----------------- testing Tue Jul 02 04:48:42 UTC 2019 /home/travis/build/icyphy/ptII/ptolemy/actor/lib/test/auto/TimedSinewavePhase.xml
----------------- Instantiating /home/travis/build/icyphy/ptII/ptolemy/actor/lib/test/auto/TimedSinewavePhase.xml
9 ms. Memory: 824320K Free: 637597K (77%)
----------------- Invoking toplevel() on ptolemy.moml.MoMLSimpleApplication@2ac39408
----------------- Done invoking toplevel() on ptolemy.moml.MoMLSimpleApplication@2ac39408
reloadAllAccessors: .TimedSinewavePhase

===========================================================================================
----------------- testing Tue Jul 02 04:48:42 UTC 2019 /home/travis/build/icyphy/ptII/ptolemy/actor/lib/test/auto/Timer.xml
----------------- Instantiating /home/travis/build/icyphy/ptII/ptolemy/actor/lib/test/auto/Timer.xml
2 ms. Memory: 824320K Free: 631967K (77%)
----------------- Invoking toplevel() on ptolemy.moml.MoMLSimpleApplication@526363e
----------------- Done invoking toplevel() on ptolemy.moml.MoMLSimpleApplication@526363e
reloadAllAccessors: .Timer

===========================================================================================
----------------- testing Tue Jul 02 04:48:42 UTC 2019 /home/travis/build/icyphy/ptII/ptolemy/actor/lib/test/auto/TriangularDistTestModel.xml
----------------- Instantiating /home/travis/build/icyphy/ptII/ptolemy/actor/lib/test/auto/TriangularDistTestModel.xml
2 ms. Memory: 824320K Free: 625823K (76%)
----------------- Invoking toplevel() on ptolemy.moml.MoMLSimpleApplication@72502ca0
----------------- Done invoking toplevel() on ptolemy.moml.MoMLSimpleApplication@72502ca0
reloadAllAccessors: .TriangularDistTestModel

===========================================================================================
----------------- testing Tue Jul 02 04:48:42 UTC 2019 /home/travis/build/icyphy/ptII/ptolemy/actor/lib/test/auto/TrigFunction.xml
----------------- Instantiating /home/travis/build/icyphy/ptII/ptolemy/actor/lib/test/auto/TrigFunction.xml
1 ms. Memory: 824320K Free: 621213K (75%)
----------------- Invoking toplevel() on ptolemy.moml.MoMLSimpleApplication@143fddb
----------------- Done invoking toplevel() on ptolemy.moml.MoMLSimpleApplication@143fddb
reloadAllAccessors: .TrigFunction

===========================================================================================
----------------- testing Tue Jul 02 04:48:42 UTC 2019 /home/travis/build/icyphy/ptII/ptolemy/actor/lib/test/auto/TrigFunctionDE.xml
----------------- Instantiating /home/travis/build/icyphy/ptII/ptolemy/actor/lib/test/auto/TrigFunctionDE.xml
1 ms. Memory: 824320K Free: 615069K (75%)
----------------- Invoking toplevel() on ptolemy.moml.MoMLSimpleApplication@15f4caf3
----------------- Done invoking toplevel() on ptolemy.moml.MoMLSimpleApplication@15f4caf3
reloadAllAccessors: .TrigFunctionDE

===========================================================================================
----------------- testing Tue Jul 02 04:48:42 UTC 2019 /home/travis/build/icyphy/ptII/ptolemy/actor/lib/test/auto/TrigFunctionInverse.xml
----------------- Instantiating /home/travis/build/icyphy/ptII/ptolemy/actor/lib/test/auto/TrigFunctionInverse.xml
2 ms. Memory: 824320K Free: 609949K (74%)
----------------- Invoking toplevel() on ptolemy.moml.MoMLSimpleApplication@24fd0f15
----------------- Done invoking toplevel() on ptolemy.moml.MoMLSimpleApplication@24fd0f15
reloadAllAccessors: .TrigFunctionInverse

===========================================================================================
----------------- testing Tue Jul 02 04:48:42 UTC 2019 /home/travis/build/icyphy/ptII/ptolemy/actor/lib/test/auto/TrigFunctionTan.xml
----------------- Instantiating /home/travis/build/icyphy/ptII/ptolemy/actor/lib/test/auto/TrigFunctionTan.xml
2 ms. Memory: 824320K Free: 605853K (73%)
----------------- Invoking toplevel() on ptolemy.moml.MoMLSimpleApplication@ce3324
----------------- Done invoking toplevel() on ptolemy.moml.MoMLSimpleApplication@ce3324
reloadAllAccessors: .TrigFunctionTan

===========================================================================================
----------------- testing Tue Jul 02 04:48:42 UTC 2019 /home/travis/build/icyphy/ptII/ptolemy/actor/lib/test/auto/TriggeredClock.xml
----------------- Instantiating /home/travis/build/icyphy/ptII/ptolemy/actor/lib/test/auto/TriggeredClock.xml
1 ms. Memory: 824320K Free: 600223K (73%)
----------------- Invoking toplevel() on ptolemy.moml.MoMLSimpleApplication@2eb2ce7c
----------------- Done invoking toplevel() on ptolemy.moml.MoMLSimpleApplication@2eb2ce7c
reloadAllAccessors: .TriggeredClock

===========================================================================================
----------------- testing Tue Jul 02 04:48:42 UTC 2019 /home/travis/build/icyphy/ptII/ptolemy/actor/lib/test/auto/URLDirectoryReader.xml
----------------- Instantiating /home/travis/build/icyphy/ptII/ptolemy/actor/lib/test/auto/URLDirectoryReader.xml
43 ms. Memory: 824320K Free: 591007K (72%)
----------------- Invoking toplevel() on ptolemy.moml.MoMLSimpleApplication@20a9f027
----------------- Done invoking toplevel() on ptolemy.moml.MoMLSimpleApplication@20a9f027
reloadAllAccessors: .URLDirectoryReader

===========================================================================================
----------------- testing Tue Jul 02 04:48:42 UTC 2019 /home/travis/build/icyphy/ptII/ptolemy/actor/lib/test/auto/URLDirectoryReader3.xml
----------------- Instantiating /home/travis/build/icyphy/ptII/ptolemy/actor/lib/test/auto/URLDirectoryReader3.xml
2054 ms. Memory: 824320K Free: 767038K (93%)
----------------- Invoking toplevel() on ptolemy.moml.MoMLSimpleApplication@29be9326
----------------- Done invoking toplevel() on ptolemy.moml.MoMLSimpleApplication@29be9326
reloadAllAccessors: .URLDirectoryReader3

===========================================================================================
----------------- testing Tue Jul 02 04:48:45 UTC 2019 /home/travis/build/icyphy/ptII/ptolemy/actor/lib/test/auto/UnaryMathFunction.xml
----------------- Instantiating /home/travis/build/icyphy/ptII/ptolemy/actor/lib/test/auto/UnaryMathFunction.xml
4 ms. Memory: 824320K Free: 758844K (92%)
----------------- Invoking toplevel() on ptolemy.moml.MoMLSimpleApplication@caf2e76
----------------- Done invoking toplevel() on ptolemy.moml.MoMLSimpleApplication@caf2e76
reloadAllAccessors: .UnaryMathFunction

===========================================================================================
----------------- testing Tue Jul 02 04:48:45 UTC 2019 /home/travis/build/icyphy/ptII/ptolemy/actor/lib/test/auto/Uniform.xml
----------------- Instantiating /home/travis/build/icyphy/ptII/ptolemy/actor/lib/test/auto/Uniform.xml
4 ms. Memory: 824320K Free: 753214K (91%)
----------------- Invoking toplevel() on ptolemy.moml.MoMLSimpleApplication@44d68cd7
----------------- Done invoking toplevel() on ptolemy.moml.MoMLSimpleApplication@44d68cd7
reloadAllAccessors: .Uniform

===========================================================================================
----------------- testing Tue Jul 02 04:48:45 UTC 2019 /home/travis/build/icyphy/ptII/ptolemy/actor/lib/test/auto/UnionDisassemblerTest.xml
----------------- Instantiating /home/travis/build/icyphy/ptII/ptolemy/actor/lib/test/auto/UnionDisassemblerTest.xml
15 ms. Memory: 824320K Free: 749118K (91%)
----------------- Invoking toplevel() on ptolemy.moml.MoMLSimpleApplication@75c1baea
----------------- Done invoking toplevel() on ptolemy.moml.MoMLSimpleApplication@75c1baea
reloadAllAccessors: .UnionDisassemblerTest

===========================================================================================
----------------- testing Tue Jul 02 04:48:45 UTC 2019 /home/travis/build/icyphy/ptII/ptolemy/actor/lib/test/auto/UtilityFunctions.xml
----------------- Instantiating /home/travis/build/icyphy/ptII/ptolemy/actor/lib/test/auto/UtilityFunctions.xml
1 ms. Memory: 824320K Free: 745022K (90%)
----------------- Invoking toplevel() on ptolemy.moml.MoMLSimpleApplication@74834457
----------------- Done invoking toplevel() on ptolemy.moml.MoMLSimpleApplication@74834457
reloadAllAccessors: .UtilityFunctions

===========================================================================================
----------------- testing Tue Jul 02 04:48:45 UTC 2019 /home/travis/build/icyphy/ptII/ptolemy/actor/lib/test/auto/VariableSleep.xml
----------------- Instantiating /home/travis/build/icyphy/ptII/ptolemy/actor/lib/test/auto/VariableSleep.xml
503 ms. Memory: 824320K Free: 739388K (90%)
----------------- Invoking toplevel() on ptolemy.moml.MoMLSimpleApplication@4ad6cf1e
----------------- Done invoking toplevel() on ptolemy.moml.MoMLSimpleApplication@4ad6cf1e
reloadAllAccessors: .VariableSleep

===========================================================================================
----------------- testing Tue Jul 02 04:48:45 UTC 2019 /home/travis/build/icyphy/ptII/ptolemy/actor/lib/test/auto/VectorAssemblerDisassemblerCT.xml
----------------- Instantiating /home/travis/build/icyphy/ptII/ptolemy/actor/lib/test/auto/VectorAssemblerDisassemblerCT.xml
57 ms. Memory: 824320K Free: 718908K (87%)
----------------- Invoking toplevel() on ptolemy.moml.MoMLSimpleApplication@52bdae93
----------------- Done invoking toplevel() on ptolemy.moml.MoMLSimpleApplication@52bdae93
reloadAllAccessors: .VectorAssemblerDisassemblerCT

===========================================================================================
----------------- testing Tue Jul 02 04:48:45 UTC 2019 /home/travis/build/icyphy/ptII/ptolemy/actor/lib/test/auto/VectorAssemblerDisassemblerDE.xml
----------------- Instantiating /home/travis/build/icyphy/ptII/ptolemy/actor/lib/test/auto/VectorAssemblerDisassemblerDE.xml
2 ms. Memory: 824320K Free: 711740K (86%)
----------------- Invoking toplevel() on ptolemy.moml.MoMLSimpleApplication@b270d16
----------------- Done invoking toplevel() on ptolemy.moml.MoMLSimpleApplication@b270d16
reloadAllAccessors: .VectorAssemblerDisassemblerDE

===========================================================================================
----------------- testing Tue Jul 02 04:48:45 UTC 2019 /home/travis/build/icyphy/ptII/ptolemy/actor/lib/test/auto/VectorAssemblerDisassemblerSDF.xml
----------------- Instantiating /home/travis/build/icyphy/ptII/ptolemy/actor/lib/test/auto/VectorAssemblerDisassemblerSDF.xml
2 ms. Memory: 824320K Free: 705086K (86%)
----------------- Invoking toplevel() on ptolemy.moml.MoMLSimpleApplication@726eb4c3
----------------- Done invoking toplevel() on ptolemy.moml.MoMLSimpleApplication@726eb4c3
reloadAllAccessors: .VectorAssemblerDisassemblerSDF

===========================================================================================
----------------- testing Tue Jul 02 04:48:45 UTC 2019 /home/travis/build/icyphy/ptII/ptolemy/actor/lib/test/auto/WallClockTime.xml
----------------- Instantiating /home/travis/build/icyphy/ptII/ptolemy/actor/lib/test/auto/WallClockTime.xml
1004 ms. Memory: 824320K Free: 699966K (85%)
----------------- Invoking toplevel() on ptolemy.moml.MoMLSimpleApplication@21b91722
----------------- Done invoking toplevel() on ptolemy.moml.MoMLSimpleApplication@21b91722
reloadAllAccessors: .WallClockTime

===========================================================================================
----------------- testing Tue Jul 02 04:48:46 UTC 2019 /home/travis/build/icyphy/ptII/ptolemy/actor/lib/test/auto/WidthTestWithSubscriberPublisher.xml
----------------- Instantiating /home/travis/build/icyphy/ptII/ptolemy/actor/lib/test/auto/WidthTestWithSubscriberPublisher.xml
7 ms. Memory: 824320K Free: 682558K (83%)
----------------- Invoking toplevel() on ptolemy.moml.MoMLSimpleApplication@35196179
----------------- Done invoking toplevel() on ptolemy.moml.MoMLSimpleApplication@35196179
reloadAllAccessors: .WidthTestWithSubscriberPublisher

===========================================================================================
----------------- testing Tue Jul 02 04:48:46 UTC 2019 /home/travis/build/icyphy/ptII/ptolemy/actor/lib/test/auto/WidthTestWithSubscriberPublisher2.xml
----------------- Instantiating /home/travis/build/icyphy/ptII/ptolemy/actor/lib/test/auto/WidthTestWithSubscriberPublisher2.xml
2 ms. Memory: 824320K Free: 675900K (82%)
----------------- Invoking toplevel() on ptolemy.moml.MoMLSimpleApplication@2c8662
----------------- Done invoking toplevel() on ptolemy.moml.MoMLSimpleApplication@2c8662
reloadAllAccessors: .WidthTestWithSubscriberPublisher2

===========================================================================================
----------------- testing Tue Jul 02 04:48:46 UTC 2019 /home/travis/build/icyphy/ptII/ptolemy/actor/lib/test/auto/WidthTestWithSubscriberPublisher3.xml
----------------- Instantiating /home/travis/build/icyphy/ptII/ptolemy/actor/lib/test/auto/WidthTestWithSubscriberPublisher3.xml
2 ms. Memory: 824320K Free: 670270K (81%)
----------------- Invoking toplevel() on ptolemy.moml.MoMLSimpleApplication@42483032
----------------- Done invoking toplevel() on ptolemy.moml.MoMLSimpleApplication@42483032
reloadAllAccessors: .WidthTestWithSubscriberPublisher3

===========================================================================================
----------------- testing Tue Jul 02 04:48:46 UTC 2019 /home/travis/build/icyphy/ptII/ptolemy/actor/lib/test/auto/Writer.xml
----------------- Instantiating /home/travis/build/icyphy/ptII/ptolemy/actor/lib/test/auto/Writer.xml
0
1
2
3
4
1 ms. Memory: 824320K Free: 666174K (81%)
----------------- Invoking toplevel() on ptolemy.moml.MoMLSimpleApplication@7ff0154b
----------------- Done invoking toplevel() on ptolemy.moml.MoMLSimpleApplication@7ff0154b
reloadAllAccessors: .Writer

===========================================================================================
----------------- testing Tue Jul 02 04:48:46 UTC 2019 /home/travis/build/icyphy/ptII/ptolemy/actor/lib/test/auto/array.xml
----------------- Instantiating /home/travis/build/icyphy/ptII/ptolemy/actor/lib/test/auto/array.xml
2 ms. Memory: 824320K Free: 661054K (80%)
----------------- Invoking toplevel() on ptolemy.moml.MoMLSimpleApplication@7604a80b
----------------- Done invoking toplevel() on ptolemy.moml.MoMLSimpleApplication@7604a80b
reloadAllAccessors: .array

===========================================================================================
----------------- testing Tue Jul 02 04:48:47 UTC 2019 /home/travis/build/icyphy/ptII/ptolemy/actor/lib/test/auto/array2.xml
----------------- Instantiating /home/travis/build/icyphy/ptII/ptolemy/actor/lib/test/auto/array2.xml
2 ms. Memory: 824320K Free: 656430K (80%)
----------------- Invoking toplevel() on ptolemy.moml.MoMLSimpleApplication@51bd6300
----------------- Done invoking toplevel() on ptolemy.moml.MoMLSimpleApplication@51bd6300
reloadAllAccessors: .array2

===========================================================================================
----------------- testing Tue Jul 02 04:48:47 UTC 2019 /home/travis/build/icyphy/ptII/ptolemy/actor/lib/test/auto/arrayType.xml
----------------- Instantiating /home/travis/build/icyphy/ptII/ptolemy/actor/lib/test/auto/arrayType.xml
2 ms. Memory: 824320K Free: 651324K (79%)
----------------- Invoking toplevel() on ptolemy.moml.MoMLSimpleApplication@40b0ea65
----------------- Done invoking toplevel() on ptolemy.moml.MoMLSimpleApplication@40b0ea65
reloadAllAccessors: .arrayType

===========================================================================================
----------------- testing Tue Jul 02 04:48:47 UTC 2019 /home/travis/build/icyphy/ptII/ptolemy/actor/lib/test/auto/arrayType10.xml
----------------- Instantiating /home/travis/build/icyphy/ptII/ptolemy/actor/lib/test/auto/arrayType10.xml
1 ms. Memory: 824320K Free: 646204K (78%)
----------------- Invoking toplevel() on ptolemy.moml.MoMLSimpleApplication@c21822f
----------------- Done invoking toplevel() on ptolemy.moml.MoMLSimpleApplication@c21822f
reloadAllAccessors: .arrayType10

===========================================================================================
----------------- testing Tue Jul 02 04:48:47 UTC 2019 /home/travis/build/icyphy/ptII/ptolemy/actor/lib/test/auto/arrayType11.xml
----------------- Instantiating /home/travis/build/icyphy/ptII/ptolemy/actor/lib/test/auto/arrayType11.xml
2 ms. Memory: 824320K Free: 641598K (78%)
----------------- Invoking toplevel() on ptolemy.moml.MoMLSimpleApplication@35596cfc
----------------- Done invoking toplevel() on ptolemy.moml.MoMLSimpleApplication@35596cfc
reloadAllAccessors: .arrayType11

===========================================================================================
----------------- testing Tue Jul 02 04:48:47 UTC 2019 /home/travis/build/icyphy/ptII/ptolemy/actor/lib/test/auto/arrayType12.xml
----------------- Instantiating /home/travis/build/icyphy/ptII/ptolemy/actor/lib/test/auto/arrayType12.xml
1 ms. Memory: 824320K Free: 636988K (77%)
----------------- Invoking toplevel() on ptolemy.moml.MoMLSimpleApplication@642899bf
----------------- Done invoking toplevel() on ptolemy.moml.MoMLSimpleApplication@642899bf
reloadAllAccessors: .arrayType12

===========================================================================================
----------------- testing Tue Jul 02 04:48:47 UTC 2019 /home/travis/build/icyphy/ptII/ptolemy/actor/lib/test/auto/arrayType13.xml
----------------- Instantiating /home/travis/build/icyphy/ptII/ptolemy/actor/lib/test/auto/arrayType13.xml
2 ms. Memory: 824320K Free: 631358K (77%)
----------------- Invoking toplevel() on ptolemy.moml.MoMLSimpleApplication@4f7501c0
----------------- Done invoking toplevel() on ptolemy.moml.MoMLSimpleApplication@4f7501c0
reloadAllAccessors: .arrayType13

===========================================================================================
----------------- testing Tue Jul 02 04:48:47 UTC 2019 /home/travis/build/icyphy/ptII/ptolemy/actor/lib/test/auto/arrayType14.xml
----------------- Instantiating /home/travis/build/icyphy/ptII/ptolemy/actor/lib/test/auto/arrayType14.xml
1 ms. Memory: 824320K Free: 626238K (76%)
----------------- Invoking toplevel() on ptolemy.moml.MoMLSimpleApplication@500a5746
----------------- Done invoking toplevel() on ptolemy.moml.MoMLSimpleApplication@500a5746
reloadAllAccessors: .arrayType14

===========================================================================================
----------------- testing Tue Jul 02 04:48:47 UTC 2019 /home/travis/build/icyphy/ptII/ptolemy/actor/lib/test/auto/arrayType15.xml
----------------- Instantiating /home/travis/build/icyphy/ptII/ptolemy/actor/lib/test/auto/arrayType15.xml
2 ms. Memory: 824320K Free: 621118K (75%)
----------------- Invoking toplevel() on ptolemy.moml.MoMLSimpleApplication@18e397c1
----------------- Done invoking toplevel() on ptolemy.moml.MoMLSimpleApplication@18e397c1
reloadAllAccessors: .arrayType15

===========================================================================================
----------------- testing Tue Jul 02 04:48:47 UTC 2019 /home/travis/build/icyphy/ptII/ptolemy/actor/lib/test/auto/arrayType16.xml
----------------- Instantiating /home/travis/build/icyphy/ptII/ptolemy/actor/lib/test/auto/arrayType16.xml
2 ms. Memory: 824320K Free: 615484K (75%)
----------------- Invoking toplevel() on ptolemy.moml.MoMLSimpleApplication@6fe6930c
----------------- Done invoking toplevel() on ptolemy.moml.MoMLSimpleApplication@6fe6930c
reloadAllAccessors: .arrayType16

===========================================================================================
----------------- testing Tue Jul 02 04:48:47 UTC 2019 /home/travis/build/icyphy/ptII/ptolemy/actor/lib/test/auto/arrayType17.xml
----------------- Instantiating /home/travis/build/icyphy/ptII/ptolemy/actor/lib/test/auto/arrayType17.xml
1 ms. Memory: 824320K Free: 610364K (74%)
----------------- Invoking toplevel() on ptolemy.moml.MoMLSimpleApplication@75617da7
----------------- Done invoking toplevel() on ptolemy.moml.MoMLSimpleApplication@75617da7
reloadAllAccessors: .arrayType17

===========================================================================================
----------------- testing Tue Jul 02 04:48:47 UTC 2019 /home/travis/build/icyphy/ptII/ptolemy/actor/lib/test/auto/arrayType18.xml
----------------- Instantiating /home/travis/build/icyphy/ptII/ptolemy/actor/lib/test/auto/arrayType18.xml
1 ms. Memory: 824320K Free: 605758K (73%)
----------------- Invoking toplevel() on ptolemy.moml.MoMLSimpleApplication@323afd9e
----------------- Done invoking toplevel() on ptolemy.moml.MoMLSimpleApplication@323afd9e
reloadAllAccessors: .arrayType18

===========================================================================================
----------------- testing Tue Jul 02 04:48:47 UTC 2019 /home/travis/build/icyphy/ptII/ptolemy/actor/lib/test/auto/arrayType19.xml
----------------- Instantiating /home/travis/build/icyphy/ptII/ptolemy/actor/lib/test/auto/arrayType19.xml
1 ms. Memory: 824320K Free: 600638K (73%)
----------------- Invoking toplevel() on ptolemy.moml.MoMLSimpleApplication@70b67642
----------------- Done invoking toplevel() on ptolemy.moml.MoMLSimpleApplication@70b67642
reloadAllAccessors: .arrayType19

===========================================================================================
----------------- testing Tue Jul 02 04:48:47 UTC 2019 /home/travis/build/icyphy/ptII/ptolemy/actor/lib/test/auto/arrayType2.xml
----------------- Instantiating /home/travis/build/icyphy/ptII/ptolemy/actor/lib/test/auto/arrayType2.xml
1 ms. Memory: 824320K Free: 595518K (72%)
----------------- Invoking toplevel() on ptolemy.moml.MoMLSimpleApplication@5ec42a69
----------------- Done invoking toplevel() on ptolemy.moml.MoMLSimpleApplication@5ec42a69
reloadAllAccessors: .arrayType2

===========================================================================================
----------------- testing Tue Jul 02 04:48:47 UTC 2019 /home/travis/build/icyphy/ptII/ptolemy/actor/lib/test/auto/arrayType20.xml
----------------- Instantiating /home/travis/build/icyphy/ptII/ptolemy/actor/lib/test/auto/arrayType20.xml
1 ms. Memory: 824320K Free: 590908K (72%)
----------------- Invoking toplevel() on ptolemy.moml.MoMLSimpleApplication@277186ae
----------------- Done invoking toplevel() on ptolemy.moml.MoMLSimpleApplication@277186ae
reloadAllAccessors: .arrayType20

===========================================================================================
----------------- testing Tue Jul 02 04:48:47 UTC 2019 /home/travis/build/icyphy/ptII/ptolemy/actor/lib/test/auto/arrayType21.xml
----------------- Instantiating /home/travis/build/icyphy/ptII/ptolemy/actor/lib/test/auto/arrayType21.xml
1 ms. Memory: 824320K Free: 585788K (71%)
----------------- Invoking toplevel() on ptolemy.moml.MoMLSimpleApplication@2e8ca599
----------------- Done invoking toplevel() on ptolemy.moml.MoMLSimpleApplication@2e8ca599
reloadAllAccessors: .arrayType21

===========================================================================================
----------------- testing Tue Jul 02 04:48:47 UTC 2019 /home/travis/build/icyphy/ptII/ptolemy/actor/lib/test/auto/arrayType22.xml
----------------- Instantiating /home/travis/build/icyphy/ptII/ptolemy/actor/lib/test/auto/arrayType22.xml
1 ms. Memory: 824320K Free: 581182K (71%)
----------------- Invoking toplevel() on ptolemy.moml.MoMLSimpleApplication@481ebb97
----------------- Done invoking toplevel() on ptolemy.moml.MoMLSimpleApplication@481ebb97
reloadAllAccessors: .arrayType22

===========================================================================================
----------------- testing Tue Jul 02 04:48:47 UTC 2019 /home/travis/build/icyphy/ptII/ptolemy/actor/lib/test/auto/arrayType23.xml
----------------- Instantiating /home/travis/build/icyphy/ptII/ptolemy/actor/lib/test/auto/arrayType23.xml
1 ms. Memory: 824320K Free: 576572K (70%)
----------------- Invoking toplevel() on ptolemy.moml.MoMLSimpleApplication@35739cdc
----------------- Done invoking toplevel() on ptolemy.moml.MoMLSimpleApplication@35739cdc
reloadAllAccessors: .arrayType23

===========================================================================================
----------------- testing Tue Jul 02 04:48:47 UTC 2019 /home/travis/build/icyphy/ptII/ptolemy/actor/lib/test/auto/arrayType24.xml
----------------- Instantiating /home/travis/build/icyphy/ptII/ptolemy/actor/lib/test/auto/arrayType24.xml
5 ms. Memory: 824320K Free: 571452K (69%)
----------------- Invoking toplevel() on ptolemy.moml.MoMLSimpleApplication@6297c945
----------------- Done invoking toplevel() on ptolemy.moml.MoMLSimpleApplication@6297c945
reloadAllAccessors: .arrayType24

===========================================================================================
----------------- testing Tue Jul 02 04:48:47 UTC 2019 /home/travis/build/icyphy/ptII/ptolemy/actor/lib/test/auto/arrayType25.xml
----------------- Instantiating /home/travis/build/icyphy/ptII/ptolemy/actor/lib/test/auto/arrayType25.xml
1 ms. Memory: 824320K Free: 566332K (69%)
----------------- Invoking toplevel() on ptolemy.moml.MoMLSimpleApplication@1e81e52
----------------- Done invoking toplevel() on ptolemy.moml.MoMLSimpleApplication@1e81e52
reloadAllAccessors: .arrayType25

===========================================================================================
----------------- testing Tue Jul 02 04:48:47 UTC 2019 /home/travis/build/icyphy/ptII/ptolemy/actor/lib/test/auto/arrayType26.xml
----------------- Instantiating /home/travis/build/icyphy/ptII/ptolemy/actor/lib/test/auto/arrayType26.xml
2 ms. Memory: 824320K Free: 560702K (68%)
----------------- Invoking toplevel() on ptolemy.moml.MoMLSimpleApplication@5a47b391
----------------- Done invoking toplevel() on ptolemy.moml.MoMLSimpleApplication@5a47b391
reloadAllAccessors: .arrayType26

===========================================================================================
----------------- testing Tue Jul 02 04:48:47 UTC 2019 /home/travis/build/icyphy/ptII/ptolemy/actor/lib/test/auto/arrayType27.xml
----------------- Instantiating /home/travis/build/icyphy/ptII/ptolemy/actor/lib/test/auto/arrayType27.xml
3 ms. Memory: 824320K Free: 555582K (67%)
----------------- Invoking toplevel() on ptolemy.moml.MoMLSimpleApplication@23c3804e
----------------- Done invoking toplevel() on ptolemy.moml.MoMLSimpleApplication@23c3804e
reloadAllAccessors: .arrayType27

===========================================================================================
----------------- testing Tue Jul 02 04:48:47 UTC 2019 /home/travis/build/icyphy/ptII/ptolemy/actor/lib/test/auto/arrayType28.xml
----------------- Instantiating /home/travis/build/icyphy/ptII/ptolemy/actor/lib/test/auto/arrayType28.xml
1 ms. Memory: 824320K Free: 550462K (67%)
----------------- Invoking toplevel() on ptolemy.moml.MoMLSimpleApplication@7e06fe12
----------------- Done invoking toplevel() on ptolemy.moml.MoMLSimpleApplication@7e06fe12
reloadAllAccessors: .arrayType28

===========================================================================================
----------------- testing Tue Jul 02 04:48:47 UTC 2019 /home/travis/build/icyphy/ptII/ptolemy/actor/lib/test/auto/arrayType3.xml
----------------- Instantiating /home/travis/build/icyphy/ptII/ptolemy/actor/lib/test/auto/arrayType3.xml
1 ms. Memory: 824320K Free: 544828K (66%)
----------------- Invoking toplevel() on ptolemy.moml.MoMLSimpleApplication@323affa1
----------------- Done invoking toplevel() on ptolemy.moml.MoMLSimpleApplication@323affa1
reloadAllAccessors: .arrayType3

===========================================================================================
----------------- testing Tue Jul 02 04:48:47 UTC 2019 /home/travis/build/icyphy/ptII/ptolemy/actor/lib/test/auto/arrayType4.xml
----------------- Instantiating /home/travis/build/icyphy/ptII/ptolemy/actor/lib/test/auto/arrayType4.xml
1 ms. Memory: 824320K Free: 539708K (65%)
----------------- Invoking toplevel() on ptolemy.moml.MoMLSimpleApplication@6aa90ad2
----------------- Done invoking toplevel() on ptolemy.moml.MoMLSimpleApplication@6aa90ad2
reloadAllAccessors: .arrayType4

===========================================================================================
----------------- testing Tue Jul 02 04:48:47 UTC 2019 /home/travis/build/icyphy/ptII/ptolemy/actor/lib/test/auto/arrayType5.xml
----------------- Instantiating /home/travis/build/icyphy/ptII/ptolemy/actor/lib/test/auto/arrayType5.xml
1 ms. Memory: 824320K Free: 534078K (65%)
----------------- Invoking toplevel() on ptolemy.moml.MoMLSimpleApplication@3a8d41ab
----------------- Done invoking toplevel() on ptolemy.moml.MoMLSimpleApplication@3a8d41ab
reloadAllAccessors: .arrayType5

===========================================================================================
----------------- testing Tue Jul 02 04:48:47 UTC 2019 /home/travis/build/icyphy/ptII/ptolemy/actor/lib/test/auto/arrayType6.xml
----------------- Instantiating /home/travis/build/icyphy/ptII/ptolemy/actor/lib/test/auto/arrayType6.xml
1 ms. Memory: 824320K Free: 529468K (64%)
----------------- Invoking toplevel() on ptolemy.moml.MoMLSimpleApplication@2f1d5785
----------------- Done invoking toplevel() on ptolemy.moml.MoMLSimpleApplication@2f1d5785
reloadAllAccessors: .arrayType6

===========================================================================================
----------------- testing Tue Jul 02 04:48:47 UTC 2019 /home/travis/build/icyphy/ptII/ptolemy/actor/lib/test/auto/arrayType7.xml
----------------- Instantiating /home/travis/build/icyphy/ptII/ptolemy/actor/lib/test/auto/arrayType7.xml
1 ms. Memory: 824320K Free: 524862K (64%)
----------------- Invoking toplevel() on ptolemy.moml.MoMLSimpleApplication@6c651191
----------------- Done invoking toplevel() on ptolemy.moml.MoMLSimpleApplication@6c651191
reloadAllAccessors: .arrayType7

===========================================================================================
----------------- testing Tue Jul 02 04:48:47 UTC 2019 /home/travis/build/icyphy/ptII/ptolemy/actor/lib/test/auto/arrayType8.xml
----------------- Instantiating /home/travis/build/icyphy/ptII/ptolemy/actor/lib/test/auto/arrayType8.xml
1 ms. Memory: 824320K Free: 519742K (63%)
----------------- Invoking toplevel() on ptolemy.moml.MoMLSimpleApplication@55adc3fb
----------------- Done invoking toplevel() on ptolemy.moml.MoMLSimpleApplication@55adc3fb
reloadAllAccessors: .arrayType8

===========================================================================================
----------------- testing Tue Jul 02 04:48:47 UTC 2019 /home/travis/build/icyphy/ptII/ptolemy/actor/lib/test/auto/arrayType9.xml
----------------- Instantiating /home/travis/build/icyphy/ptII/ptolemy/actor/lib/test/auto/arrayType9.xml
6 ms. Memory: 824320K Free: 515132K (62%)
----------------- Invoking toplevel() on ptolemy.moml.MoMLSimpleApplication@634fece5
----------------- Done invoking toplevel() on ptolemy.moml.MoMLSimpleApplication@634fece5
reloadAllAccessors: .arrayType9

===========================================================================================
----------------- testing Tue Jul 02 04:48:47 UTC 2019 /home/travis/build/icyphy/ptII/ptolemy/actor/lib/test/auto/cast.xml
----------------- Instantiating /home/travis/build/icyphy/ptII/ptolemy/actor/lib/test/auto/cast.xml
2 ms. Memory: 824320K Free: 510012K (62%)
----------------- Invoking toplevel() on ptolemy.moml.MoMLSimpleApplication@ab8f8ca
----------------- Done invoking toplevel() on ptolemy.moml.MoMLSimpleApplication@ab8f8ca
reloadAllAccessors: .cast

===========================================================================================
----------------- testing Tue Jul 02 04:48:47 UTC 2019 /home/travis/build/icyphy/ptII/ptolemy/actor/lib/test/auto/compositeMultiPort.xml
----------------- Instantiating /home/travis/build/icyphy/ptII/ptolemy/actor/lib/test/auto/compositeMultiPort.xml
3 ms. Memory: 824320K Free: 501310K (61%)
----------------- Invoking toplevel() on ptolemy.moml.MoMLSimpleApplication@5c906928
----------------- Done invoking toplevel() on ptolemy.moml.MoMLSimpleApplication@5c906928
reloadAllAccessors: .compositeMultiPort

===========================================================================================
----------------- testing Tue Jul 02 04:48:47 UTC 2019 /home/travis/build/icyphy/ptII/ptolemy/actor/lib/test/auto/expressionCastInference.xml
----------------- Instantiating /home/travis/build/icyphy/ptII/ptolemy/actor/lib/test/auto/expressionCastInference.xml
2 ms. Memory: 824320K Free: 496700K (60%)
----------------- Invoking toplevel() on ptolemy.moml.MoMLSimpleApplication@2fb3583b
----------------- Done invoking toplevel() on ptolemy.moml.MoMLSimpleApplication@2fb3583b
reloadAllAccessors: .expressionCastInference

===========================================================================================
----------------- testing Tue Jul 02 04:48:47 UTC 2019 /home/travis/build/icyphy/ptII/ptolemy/actor/lib/test/auto/expressionCastInference2.xml
----------------- Instantiating /home/travis/build/icyphy/ptII/ptolemy/actor/lib/test/auto/expressionCastInference2.xml
2 ms. Memory: 824320K Free: 491580K (60%)
----------------- Invoking toplevel() on ptolemy.moml.MoMLSimpleApplication@56c93189
----------------- Done invoking toplevel() on ptolemy.moml.MoMLSimpleApplication@56c93189
reloadAllAccessors: .expressionCastInference2

===========================================================================================
----------------- testing Tue Jul 02 04:48:47 UTC 2019 /home/travis/build/icyphy/ptII/ptolemy/actor/lib/test/auto/expressionInference.xml
----------------- Instantiating /home/travis/build/icyphy/ptII/ptolemy/actor/lib/test/auto/expressionInference.xml
1 ms. Memory: 824320K Free: 487484K (59%)
----------------- Invoking toplevel() on ptolemy.moml.MoMLSimpleApplication@292d9d1a
----------------- Done invoking toplevel() on ptolemy.moml.MoMLSimpleApplication@292d9d1a
reloadAllAccessors: .expressionInference

===========================================================================================
----------------- testing Tue Jul 02 04:48:47 UTC 2019 /home/travis/build/icyphy/ptII/ptolemy/actor/lib/test/auto/expression_bug.xml
----------------- Instantiating /home/travis/build/icyphy/ptII/ptolemy/actor/lib/test/auto/expression_bug.xml
1 ms. Memory: 824320K Free: 482878K (59%)
----------------- Invoking toplevel() on ptolemy.moml.MoMLSimpleApplication@246e4d1c
----------------- Done invoking toplevel() on ptolemy.moml.MoMLSimpleApplication@246e4d1c
reloadAllAccessors: .expression_bug

===========================================================================================
----------------- testing Tue Jul 02 04:48:47 UTC 2019 /home/travis/build/icyphy/ptII/ptolemy/actor/lib/test/auto/factorial.xml
----------------- Instantiating /home/travis/build/icyphy/ptII/ptolemy/actor/lib/test/auto/factorial.xml
28 ms. Memory: 824320K Free: 474172K (58%)
----------------- Invoking toplevel() on ptolemy.moml.MoMLSimpleApplication@24932caa
----------------- Done invoking toplevel() on ptolemy.moml.MoMLSimpleApplication@24932caa
reloadAllAccessors: .factorial

===========================================================================================
----------------- testing Tue Jul 02 04:48:47 UTC 2019 /home/travis/build/icyphy/ptII/ptolemy/actor/lib/test/auto/filterTest1.xml
----------------- Instantiating /home/travis/build/icyphy/ptII/ptolemy/actor/lib/test/auto/filterTest1.xml
3 ms. Memory: 824320K Free: 468542K (57%)
----------------- Invoking toplevel() on ptolemy.moml.MoMLSimpleApplication@55a368fc
----------------- Done invoking toplevel() on ptolemy.moml.MoMLSimpleApplication@55a368fc
reloadAllAccessors: .filterTest1

===========================================================================================
----------------- testing Tue Jul 02 04:48:47 UTC 2019 /home/travis/build/icyphy/ptII/ptolemy/actor/lib/test/auto/funcApplyInConst.xml
----------------- Instantiating /home/travis/build/icyphy/ptII/ptolemy/actor/lib/test/auto/funcApplyInConst.xml
0 ms. Memory: 824320K Free: 464446K (56%)
----------------- Invoking toplevel() on ptolemy.moml.MoMLSimpleApplication@246846dc
----------------- Done invoking toplevel() on ptolemy.moml.MoMLSimpleApplication@246846dc
reloadAllAccessors: .funcApplyInConst

===========================================================================================
----------------- testing Tue Jul 02 04:48:47 UTC 2019 /home/travis/build/icyphy/ptII/ptolemy/actor/lib/test/auto/funcApplyInExpr.xml
----------------- Instantiating /home/travis/build/icyphy/ptII/ptolemy/actor/lib/test/auto/funcApplyInExpr.xml
1 ms. Memory: 824320K Free: 460860K (56%)
----------------- Invoking toplevel() on ptolemy.moml.MoMLSimpleApplication@741230dc
----------------- Done invoking toplevel() on ptolemy.moml.MoMLSimpleApplication@741230dc
reloadAllAccessors: .funcApplyInExpr

===========================================================================================
----------------- testing Tue Jul 02 04:48:47 UTC 2019 /home/travis/build/icyphy/ptII/ptolemy/actor/lib/test/auto/function.xml
----------------- Instantiating /home/travis/build/icyphy/ptII/ptolemy/actor/lib/test/auto/function.xml
2 ms. Memory: 824320K Free: 455740K (55%)
----------------- Invoking toplevel() on ptolemy.moml.MoMLSimpleApplication@76a8cfe4
----------------- Done invoking toplevel() on ptolemy.moml.MoMLSimpleApplication@76a8cfe4
reloadAllAccessors: .function

===========================================================================================
----------------- testing Tue Jul 02 04:48:47 UTC 2019 /home/travis/build/icyphy/ptII/ptolemy/actor/lib/test/auto/function2.xml
----------------- Instantiating /home/travis/build/icyphy/ptII/ptolemy/actor/lib/test/auto/function2.xml
2 ms. Memory: 824320K Free: 451134K (55%)
----------------- Invoking toplevel() on ptolemy.moml.MoMLSimpleApplication@6eed001e
----------------- Done invoking toplevel() on ptolemy.moml.MoMLSimpleApplication@6eed001e
reloadAllAccessors: .function2

===========================================================================================
----------------- testing Tue Jul 02 04:48:47 UTC 2019 /home/travis/build/icyphy/ptII/ptolemy/actor/lib/test/auto/function3.xml
----------------- Instantiating /home/travis/build/icyphy/ptII/ptolemy/actor/lib/test/auto/function3.xml
2 ms. Memory: 824320K Free: 447038K (54%)
----------------- Invoking toplevel() on ptolemy.moml.MoMLSimpleApplication@8f92a6b
----------------- Done invoking toplevel() on ptolemy.moml.MoMLSimpleApplication@8f92a6b
reloadAllAccessors: .function3

===========================================================================================
----------------- testing Tue Jul 02 04:48:47 UTC 2019 /home/travis/build/icyphy/ptII/ptolemy/actor/lib/test/auto/functionClosureTest1.xml
----------------- Instantiating /home/travis/build/icyphy/ptII/ptolemy/actor/lib/test/auto/functionClosureTest1.xml
2 ms. Memory: 824320K Free: 441404K (54%)
----------------- Invoking toplevel() on ptolemy.moml.MoMLSimpleApplication@31fc7a6f
----------------- Done invoking toplevel() on ptolemy.moml.MoMLSimpleApplication@31fc7a6f
reloadAllAccessors: .functionClosureTest1

===========================================================================================
----------------- testing Tue Jul 02 04:48:47 UTC 2019 /home/travis/build/icyphy/ptII/ptolemy/actor/lib/test/auto/functionClosureTest2.xml
----------------- Instantiating /home/travis/build/icyphy/ptII/ptolemy/actor/lib/test/auto/functionClosureTest2.xml
1 ms. Memory: 824320K Free: 437822K (53%)
----------------- Invoking toplevel() on ptolemy.moml.MoMLSimpleApplication@53e5ead8
----------------- Done invoking toplevel() on ptolemy.moml.MoMLSimpleApplication@53e5ead8
reloadAllAccessors: .functionClosureTest2

===========================================================================================
----------------- testing Tue Jul 02 04:48:47 UTC 2019 /home/travis/build/icyphy/ptII/ptolemy/actor/lib/test/auto/functionClosureTest3.xml
----------------- Instantiating /home/travis/build/icyphy/ptII/ptolemy/actor/lib/test/auto/functionClosureTest3.xml
1 ms. Memory: 824320K Free: 432174K (52%)
----------------- Invoking toplevel() on ptolemy.moml.MoMLSimpleApplication@7836e202
----------------- Done invoking toplevel() on ptolemy.moml.MoMLSimpleApplication@7836e202
reloadAllAccessors: .functionClosureTest3

===========================================================================================
----------------- testing Tue Jul 02 04:48:47 UTC 2019 /home/travis/build/icyphy/ptII/ptolemy/actor/lib/test/auto/functionClosureTest4.xml
----------------- Instantiating /home/travis/build/icyphy/ptII/ptolemy/actor/lib/test/auto/functionClosureTest4.xml
5 ms. Memory: 824320K Free: 426044K (52%)
----------------- Invoking toplevel() on ptolemy.moml.MoMLSimpleApplication@42a2788e
----------------- Done invoking toplevel() on ptolemy.moml.MoMLSimpleApplication@42a2788e
reloadAllAccessors: .functionClosureTest4

===========================================================================================
----------------- testing Tue Jul 02 04:48:47 UTC 2019 /home/travis/build/icyphy/ptII/ptolemy/actor/lib/test/auto/functionClosureTest5.xml
----------------- Instantiating /home/travis/build/icyphy/ptII/ptolemy/actor/lib/test/auto/functionClosureTest5.xml
4 ms. Memory: 824320K Free: 420414K (51%)
----------------- Invoking toplevel() on ptolemy.moml.MoMLSimpleApplication@6412fae5
----------------- Done invoking toplevel() on ptolemy.moml.MoMLSimpleApplication@6412fae5
reloadAllAccessors: .functionClosureTest5

===========================================================================================
----------------- testing Tue Jul 02 04:48:47 UTC 2019 /home/travis/build/icyphy/ptII/ptolemy/actor/lib/test/auto/functionClosureTest6.xml
----------------- Instantiating /home/travis/build/icyphy/ptII/ptolemy/actor/lib/test/auto/functionClosureTest6.xml
1 ms. Memory: 824320K Free: 415804K (50%)
----------------- Invoking toplevel() on ptolemy.moml.MoMLSimpleApplication@55541f8b
----------------- Done invoking toplevel() on ptolemy.moml.MoMLSimpleApplication@55541f8b
reloadAllAccessors: .functionClosureTest6

===========================================================================================
----------------- testing Tue Jul 02 04:48:47 UTC 2019 /home/travis/build/icyphy/ptII/ptolemy/actor/lib/test/auto/functionsOnArcs.xml
----------------- Instantiating /home/travis/build/icyphy/ptII/ptolemy/actor/lib/test/auto/functionsOnArcs.xml
2 ms. Memory: 824320K Free: 410174K (50%)
----------------- Invoking toplevel() on ptolemy.moml.MoMLSimpleApplication@4619bf4f
----------------- Done invoking toplevel() on ptolemy.moml.MoMLSimpleApplication@4619bf4f
reloadAllAccessors: .functionsOnArcs

===========================================================================================
----------------- testing Tue Jul 02 04:48:47 UTC 2019 /home/travis/build/icyphy/ptII/ptolemy/actor/lib/test/auto/functionsOnArcsHOF.xml
----------------- Instantiating /home/travis/build/icyphy/ptII/ptolemy/actor/lib/test/auto/functionsOnArcsHOF.xml
3 ms. Memory: 824320K Free: 404540K (49%)
----------------- Invoking toplevel() on ptolemy.moml.MoMLSimpleApplication@5700c3d0
----------------- Done invoking toplevel() on ptolemy.moml.MoMLSimpleApplication@5700c3d0
reloadAllAccessors: .functionsOnArcsHOF

===========================================================================================
----------------- testing Tue Jul 02 04:48:47 UTC 2019 /home/travis/build/icyphy/ptII/ptolemy/actor/lib/test/auto/logic.xml
----------------- Instantiating /home/travis/build/icyphy/ptII/ptolemy/actor/lib/test/auto/logic.xml
2 ms. Memory: 824320K Free: 396862K (48%)
----------------- Invoking toplevel() on ptolemy.moml.MoMLSimpleApplication@60c252f9
----------------- Done invoking toplevel() on ptolemy.moml.MoMLSimpleApplication@60c252f9
reloadAllAccessors: .logic

===========================================================================================
----------------- testing Tue Jul 02 04:48:47 UTC 2019 /home/travis/build/icyphy/ptII/ptolemy/actor/lib/test/auto/matrixType.xml
----------------- Instantiating /home/travis/build/icyphy/ptII/ptolemy/actor/lib/test/auto/matrixType.xml
1 ms. Memory: 824320K Free: 392252K (48%)
----------------- Invoking toplevel() on ptolemy.moml.MoMLSimpleApplication@1846fd35
----------------- Done invoking toplevel() on ptolemy.moml.MoMLSimpleApplication@1846fd35
reloadAllAccessors: .matrixType

===========================================================================================
----------------- testing Tue Jul 02 04:48:47 UTC 2019 /home/travis/build/icyphy/ptII/ptolemy/actor/lib/test/auto/matrixType10.xml
----------------- Instantiating /home/travis/build/icyphy/ptII/ptolemy/actor/lib/test/auto/matrixType10.xml
1 ms. Memory: 824320K Free: 387132K (47%)
----------------- Invoking toplevel() on ptolemy.moml.MoMLSimpleApplication@70f16052
----------------- Done invoking toplevel() on ptolemy.moml.MoMLSimpleApplication@70f16052
reloadAllAccessors: .matrixType10

===========================================================================================
----------------- testing Tue Jul 02 04:48:47 UTC 2019 /home/travis/build/icyphy/ptII/ptolemy/actor/lib/test/auto/matrixType11.xml
----------------- Instantiating /home/travis/build/icyphy/ptII/ptolemy/actor/lib/test/auto/matrixType11.xml
1 ms. Memory: 824320K Free: 382526K (46%)
----------------- Invoking toplevel() on ptolemy.moml.MoMLSimpleApplication@4d3d1f47
----------------- Done invoking toplevel() on ptolemy.moml.MoMLSimpleApplication@4d3d1f47
reloadAllAccessors: .matrixType11

===========================================================================================
----------------- testing Tue Jul 02 04:48:47 UTC 2019 /home/travis/build/icyphy/ptII/ptolemy/actor/lib/test/auto/matrixType12.xml
----------------- Instantiating /home/travis/build/icyphy/ptII/ptolemy/actor/lib/test/auto/matrixType12.xml
1 ms. Memory: 824320K Free: 377406K (46%)
----------------- Invoking toplevel() on ptolemy.moml.MoMLSimpleApplication@168cc33c
----------------- Done invoking toplevel() on ptolemy.moml.MoMLSimpleApplication@168cc33c
reloadAllAccessors: .matrixType12

===========================================================================================
----------------- testing Tue Jul 02 04:48:47 UTC 2019 /home/travis/build/icyphy/ptII/ptolemy/actor/lib/test/auto/matrixType13.xml
----------------- Instantiating /home/travis/build/icyphy/ptII/ptolemy/actor/lib/test/auto/matrixType13.xml
1 ms. Memory: 824320K Free: 372796K (45%)
----------------- Invoking toplevel() on ptolemy.moml.MoMLSimpleApplication@196de597
----------------- Done invoking toplevel() on ptolemy.moml.MoMLSimpleApplication@196de597
reloadAllAccessors: .matrixType13

===========================================================================================
----------------- testing Tue Jul 02 04:48:47 UTC 2019 /home/travis/build/icyphy/ptII/ptolemy/actor/lib/test/auto/matrixType14.xml
----------------- Instantiating /home/travis/build/icyphy/ptII/ptolemy/actor/lib/test/auto/matrixType14.xml
1 ms. Memory: 824320K Free: 367676K (45%)
----------------- Invoking toplevel() on ptolemy.moml.MoMLSimpleApplication@7ebb8f6
----------------- Done invoking toplevel() on ptolemy.moml.MoMLSimpleApplication@7ebb8f6
reloadAllAccessors: .matrixType14

===========================================================================================
----------------- testing Tue Jul 02 04:48:47 UTC 2019 /home/travis/build/icyphy/ptII/ptolemy/actor/lib/test/auto/matrixType2.xml
----------------- Instantiating /home/travis/build/icyphy/ptII/ptolemy/actor/lib/test/auto/matrixType2.xml
1 ms. Memory: 824320K Free: 362556K (44%)
----------------- Invoking toplevel() on ptolemy.moml.MoMLSimpleApplication@60107674
----------------- Done invoking toplevel() on ptolemy.moml.MoMLSimpleApplication@60107674
reloadAllAccessors: .matrixType2

===========================================================================================
----------------- testing Tue Jul 02 04:48:47 UTC 2019 /home/travis/build/icyphy/ptII/ptolemy/actor/lib/test/auto/matrixType3.xml
----------------- Instantiating /home/travis/build/icyphy/ptII/ptolemy/actor/lib/test/auto/matrixType3.xml
3 ms. Memory: 824320K Free: 357436K (43%)
----------------- Invoking toplevel() on ptolemy.moml.MoMLSimpleApplication@37180b2e
----------------- Done invoking toplevel() on ptolemy.moml.MoMLSimpleApplication@37180b2e
reloadAllAccessors: .matrixType3

===========================================================================================
----------------- testing Tue Jul 02 04:48:47 UTC 2019 /home/travis/build/icyphy/ptII/ptolemy/actor/lib/test/auto/matrixType4.xml
----------------- Instantiating /home/travis/build/icyphy/ptII/ptolemy/actor/lib/test/auto/matrixType4.xml
2 ms. Memory: 824320K Free: 352830K (43%)
----------------- Invoking toplevel() on ptolemy.moml.MoMLSimpleApplication@101e3e97
----------------- Done invoking toplevel() on ptolemy.moml.MoMLSimpleApplication@101e3e97
reloadAllAccessors: .matrixType4

===========================================================================================
----------------- testing Tue Jul 02 04:48:47 UTC 2019 /home/travis/build/icyphy/ptII/ptolemy/actor/lib/test/auto/matrixType5.xml
----------------- Instantiating /home/travis/build/icyphy/ptII/ptolemy/actor/lib/test/auto/matrixType5.xml
1 ms. Memory: 824320K Free: 348220K (42%)
----------------- Invoking toplevel() on ptolemy.moml.MoMLSimpleApplication@1e76447b
----------------- Done invoking toplevel() on ptolemy.moml.MoMLSimpleApplication@1e76447b
reloadAllAccessors: .matrixType5

===========================================================================================
----------------- testing Tue Jul 02 04:48:47 UTC 2019 /home/travis/build/icyphy/ptII/ptolemy/actor/lib/test/auto/matrixType6.xml
----------------- Instantiating /home/travis/build/icyphy/ptII/ptolemy/actor/lib/test/auto/matrixType6.xml
1 ms. Memory: 824320K Free: 343100K (42%)
----------------- Invoking toplevel() on ptolemy.moml.MoMLSimpleApplication@31db6d30
----------------- Done invoking toplevel() on ptolemy.moml.MoMLSimpleApplication@31db6d30
reloadAllAccessors: .matrixType6

===========================================================================================
----------------- testing Tue Jul 02 04:48:47 UTC 2019 /home/travis/build/icyphy/ptII/ptolemy/actor/lib/test/auto/matrixType7.xml
----------------- Instantiating /home/travis/build/icyphy/ptII/ptolemy/actor/lib/test/auto/matrixType7.xml
1 ms. Memory: 824320K Free: 338494K (41%)
----------------- Invoking toplevel() on ptolemy.moml.MoMLSimpleApplication@2b0ee990
----------------- Done invoking toplevel() on ptolemy.moml.MoMLSimpleApplication@2b0ee990
reloadAllAccessors: .matrixType7

===========================================================================================
----------------- testing Tue Jul 02 04:48:47 UTC 2019 /home/travis/build/icyphy/ptII/ptolemy/actor/lib/test/auto/matrixType8.xml
----------------- Instantiating /home/travis/build/icyphy/ptII/ptolemy/actor/lib/test/auto/matrixType8.xml
1 ms. Memory: 824320K Free: 332860K (40%)
----------------- Invoking toplevel() on ptolemy.moml.MoMLSimpleApplication@1ef16f95
----------------- Done invoking toplevel() on ptolemy.moml.MoMLSimpleApplication@1ef16f95
reloadAllAccessors: .matrixType8

===========================================================================================
----------------- testing Tue Jul 02 04:48:47 UTC 2019 /home/travis/build/icyphy/ptII/ptolemy/actor/lib/test/auto/matrixType9.xml
----------------- Instantiating /home/travis/build/icyphy/ptII/ptolemy/actor/lib/test/auto/matrixType9.xml
1 ms. Memory: 824320K Free: 328254K (40%)
----------------- Invoking toplevel() on ptolemy.moml.MoMLSimpleApplication@70943ab3
----------------- Done invoking toplevel() on ptolemy.moml.MoMLSimpleApplication@70943ab3
reloadAllAccessors: .matrixType9

===========================================================================================
----------------- testing Tue Jul 02 04:48:47 UTC 2019 /home/travis/build/icyphy/ptII/ptolemy/actor/lib/test/auto/paraFunctest.xml
----------------- Instantiating /home/travis/build/icyphy/ptII/ptolemy/actor/lib/test/auto/paraFunctest.xml
1 ms. Memory: 824320K Free: 324158K (39%)
----------------- Invoking toplevel() on ptolemy.moml.MoMLSimpleApplication@41e966b4
----------------- Done invoking toplevel() on ptolemy.moml.MoMLSimpleApplication@41e966b4
reloadAllAccessors: .paraFunctest

===========================================================================================
----------------- testing Tue Jul 02 04:48:47 UTC 2019 /home/travis/build/icyphy/ptII/ptolemy/actor/lib/test/auto/paraFunctest2.xml
----------------- Instantiating /home/travis/build/icyphy/ptII/ptolemy/actor/lib/test/auto/paraFunctest2.xml
1 ms. Memory: 824320K Free: 319548K (39%)
----------------- Invoking toplevel() on ptolemy.moml.MoMLSimpleApplication@697b49a
----------------- Done invoking toplevel() on ptolemy.moml.MoMLSimpleApplication@697b49a
reloadAllAccessors: .paraFunctest2

===========================================================================================
----------------- testing Tue Jul 02 04:48:47 UTC 2019 /home/travis/build/icyphy/ptII/ptolemy/actor/lib/test/auto/parameterPassing.xml
----------------- Instantiating /home/travis/build/icyphy/ptII/ptolemy/actor/lib/test/auto/parameterPassing.xml
1 ms. Memory: 824320K Free: 314942K (38%)
----------------- Invoking toplevel() on ptolemy.moml.MoMLSimpleApplication@575ec16d
----------------- Done invoking toplevel() on ptolemy.moml.MoMLSimpleApplication@575ec16d
reloadAllAccessors: .parameterPassing

===========================================================================================
----------------- testing Tue Jul 02 04:48:47 UTC 2019 /home/travis/build/icyphy/ptII/ptolemy/actor/lib/test/auto/record.xml
----------------- Instantiating /home/travis/build/icyphy/ptII/ptolemy/actor/lib/test/auto/record.xml
3 ms. Memory: 824320K Free: 309822K (38%)
----------------- Invoking toplevel() on ptolemy.moml.MoMLSimpleApplication@67ee14fe
----------------- Done invoking toplevel() on ptolemy.moml.MoMLSimpleApplication@67ee14fe
reloadAllAccessors: .record

===========================================================================================
----------------- testing Tue Jul 02 04:48:47 UTC 2019 /home/travis/build/icyphy/ptII/ptolemy/actor/lib/test/auto/sizedarray1.xml
----------------- Instantiating /home/travis/build/icyphy/ptII/ptolemy/actor/lib/test/auto/sizedarray1.xml
1 ms. Memory: 824320K Free: 304702K (37%)
----------------- Invoking toplevel() on ptolemy.moml.MoMLSimpleApplication@5ab2e909
----------------- Done invoking toplevel() on ptolemy.moml.MoMLSimpleApplication@5ab2e909
reloadAllAccessors: .sizedarray1

===========================================================================================
----------------- testing Tue Jul 02 04:48:47 UTC 2019 /home/travis/build/icyphy/ptII/ptolemy/actor/lib/test/auto/sizedarray2.xml
----------------- Instantiating /home/travis/build/icyphy/ptII/ptolemy/actor/lib/test/auto/sizedarray2.xml
3 ms. Memory: 824320K Free: 299068K (36%)
----------------- Invoking toplevel() on ptolemy.moml.MoMLSimpleApplication@199cf5bf
----------------- Done invoking toplevel() on ptolemy.moml.MoMLSimpleApplication@199cf5bf
reloadAllAccessors: .sizedarray2

===========================================================================================
----------------- testing Tue Jul 02 04:48:47 UTC 2019 /home/travis/build/icyphy/ptII/ptolemy/actor/lib/test/auto/twoPublishers.xml
----------------- Instantiating /home/travis/build/icyphy/ptII/ptolemy/actor/lib/test/auto/twoPublishers.xml
5 ms. Memory: 824320K Free: 288828K (35%)
----------------- Invoking toplevel() on ptolemy.moml.MoMLSimpleApplication@4d9b012b
----------------- Done invoking toplevel() on ptolemy.moml.MoMLSimpleApplication@4d9b012b
reloadAllAccessors: .twoPublishers
AutoTests.java: About to close Vertx.
AutoTests.java: Vertx closed.
]]></system-out>
  <system-err><![CDATA[java.lang.RuntimeException: Execution failed
	at ptolemy.moml.MoMLSimpleApplication$UnloadThread.run(MoMLSimpleApplication.java:402)
Caused by: java.lang.RuntimeException: StringUtilities.exit() was called. Normally, we would exit here because Manager.exitAfterWrapup() was called.  However, because the ptolemy.ptII.exitAfterWrapup property is set, we throw this exception instead.
	at ptolemy.util.StringUtilities.exit(StringUtilities.java:363)
	at ptolemy.actor.Manager.wrapup(Manager.java:1531)
	at ptolemy.actor.Manager.execute(Manager.java:407)
	at ptolemy.actor.Manager.run(Manager.java:1263)
	at ptolemy.actor.Manager$PtolemyRunThread.run(Manager.java:1915)
Warning: '.top.test' is in training mode, set the trainingMode parameter to false before checking in
Warning: '.top.test' is in training mode, set the trainingMode parameter to false before checking in
Warning: '.top.test' is in training mode, set the trainingMode parameter to false before checking in
Warning: '.BooleanSwitch_RegressionTest_WrongTrainingValues.Test' is in training mode, set the trainingMode parameter to false before checking in
Warning: '.BooleanSwitch_RegressionTest_WrongTrainingValues.Test2' is in training mode, set the trainingMode parameter to false before checking in
Warning: '.BooleanSwitch_RegressionTest_WrongTrainingValues.Test2' The test produced 0 tokens.
Warning: '.top.testExceptionHandler' is in training mode, set the trainingMode parameter to false before checking in
java.lang.RuntimeException: Execution failed
	at ptolemy.moml.MoMLSimpleApplication$UnloadThread.run(MoMLSimpleApplication.java:402)
Caused by: ptolemy.kernel.util.IllegalActionException: PublisherPorts cannot be used at the top level, use a Publisher actor instead.
  in .PublisherPortToplevelSubscriber.PublisherPort
	at ptolemy.actor.PublisherPort.preinitialize(PublisherPort.java:403)
	at ptolemy.actor.CompositeActor.preinitialize(CompositeActor.java:1769)
	at ptolemy.actor.Manager.preinitializeAndResolveTypes(Manager.java:1040)
	at ptolemy.actor.Manager.initialize(Manager.java:710)
	at ptolemy.actor.Manager.execute(Manager.java:356)
	at ptolemy.actor.Manager.run(Manager.java:1263)
	at ptolemy.actor.Manager$PtolemyRunThread.run(Manager.java:1915)
java.lang.reflect.InvocationTargetException
	at java.base/jdk.internal.reflect.NativeConstructorAccessorImpl.newInstance0(Native Method)
	at java.base/jdk.internal.reflect.NativeConstructorAccessorImpl.newInstance(NativeConstructorAccessorImpl.java:62)
	at java.base/jdk.internal.reflect.DelegatingConstructorAccessorImpl.newInstance(DelegatingConstructorAccessorImpl.java:45)
	at java.base/java.lang.reflect.Constructor.newInstance(Constructor.java:490)
	at ptolemy.util.test.junit.AutoKnownFailedTests.RunModel(AutoKnownFailedTests.java:105)
	at java.base/jdk.internal.reflect.NativeMethodAccessorImpl.invoke0(Native Method)
	at java.base/jdk.internal.reflect.NativeMethodAccessorImpl.invoke(NativeMethodAccessorImpl.java:62)
	at java.base/jdk.internal.reflect.DelegatingMethodAccessorImpl.invoke(DelegatingMethodAccessorImpl.java:43)
	at java.base/java.lang.reflect.Method.invoke(Method.java:566)
	at org.junit.runners.model.FrameworkMethod$1.runReflectiveCall(FrameworkMethod.java:44)
	at org.junit.internal.runners.model.ReflectiveCallable.run(ReflectiveCallable.java:15)
	at org.junit.runners.model.FrameworkMethod.invokeExplosively(FrameworkMethod.java:41)
	at junitparams.internal.InvokeParameterisedMethod.evaluate(InvokeParameterisedMethod.java:102)
	at org.junit.internal.runners.statements.FailOnTimeout$1.run(FailOnTimeout.java:28)
Caused by: ptolemy.kernel.util.IllegalActionException: PublisherPorts cannot be used at the top level, use a Publisher actor instead.
  in .PublisherPortToplevelSubscriber.PublisherPort
	at ptolemy.actor.PublisherPort.preinitialize(PublisherPort.java:403)
	at ptolemy.actor.CompositeActor.preinitialize(CompositeActor.java:1769)
	at ptolemy.actor.Manager.preinitializeAndResolveTypes(Manager.java:1040)
	at ptolemy.actor.Manager.initialize(Manager.java:710)
	at ptolemy.actor.Manager.execute(Manager.java:356)
	at ptolemy.actor.Manager.run(Manager.java:1263)
	at ptolemy.actor.Manager$PtolemyRunThread.run(Manager.java:1915)
java.lang.RuntimeException: Execution failed
	at ptolemy.moml.MoMLSimpleApplication$UnloadThread.run(MoMLSimpleApplication.java:402)
Caused by: ptolemy.kernel.util.IllegalActionException: SubscriberPorts cannot be used at the top level, use a Subscriber actor instead.
  in .PublisherSubscriberPortToplevel.SubscriberPort
	at ptolemy.actor.SubscriberPort.preinitialize(SubscriberPort.java:328)
	at ptolemy.actor.CompositeActor.preinitialize(CompositeActor.java:1769)
	at ptolemy.actor.Manager.preinitializeAndResolveTypes(Manager.java:1040)
	at ptolemy.actor.Manager.initialize(Manager.java:710)
	at ptolemy.actor.Manager.execute(Manager.java:356)
	at ptolemy.actor.Manager.run(Manager.java:1263)
	at ptolemy.actor.Manager$PtolemyRunThread.run(Manager.java:1915)
java.lang.reflect.InvocationTargetException
	at java.base/jdk.internal.reflect.NativeConstructorAccessorImpl.newInstance0(Native Method)
	at java.base/jdk.internal.reflect.NativeConstructorAccessorImpl.newInstance(NativeConstructorAccessorImpl.java:62)
	at java.base/jdk.internal.reflect.DelegatingConstructorAccessorImpl.newInstance(DelegatingConstructorAccessorImpl.java:45)
	at java.base/java.lang.reflect.Constructor.newInstance(Constructor.java:490)
	at ptolemy.util.test.junit.AutoKnownFailedTests.RunModel(AutoKnownFailedTests.java:105)
	at java.base/jdk.internal.reflect.NativeMethodAccessorImpl.invoke0(Native Method)
	at java.base/jdk.internal.reflect.NativeMethodAccessorImpl.invoke(NativeMethodAccessorImpl.java:62)
	at java.base/jdk.internal.reflect.DelegatingMethodAccessorImpl.invoke(DelegatingMethodAccessorImpl.java:43)
	at java.base/java.lang.reflect.Method.invoke(Method.java:566)
	at org.junit.runners.model.FrameworkMethod$1.runReflectiveCall(FrameworkMethod.java:44)
	at org.junit.internal.runners.model.ReflectiveCallable.run(ReflectiveCallable.java:15)
	at org.junit.runners.model.FrameworkMethod.invokeExplosively(FrameworkMethod.java:41)
	at junitparams.internal.InvokeParameterisedMethod.evaluate(InvokeParameterisedMethod.java:102)
	at org.junit.internal.runners.statements.FailOnTimeout$1.run(FailOnTimeout.java:28)
Caused by: ptolemy.kernel.util.IllegalActionException: SubscriberPorts cannot be used at the top level, use a Subscriber actor instead.
  in .PublisherSubscriberPortToplevel.SubscriberPort
	at ptolemy.actor.SubscriberPort.preinitialize(SubscriberPort.java:328)
	at ptolemy.actor.CompositeActor.preinitialize(CompositeActor.java:1769)
	at ptolemy.actor.Manager.preinitializeAndResolveTypes(Manager.java:1040)
	at ptolemy.actor.Manager.initialize(Manager.java:710)
	at ptolemy.actor.Manager.execute(Manager.java:356)
	at ptolemy.actor.Manager.run(Manager.java:1263)
	at ptolemy.actor.Manager$PtolemyRunThread.run(Manager.java:1915)
java.lang.RuntimeException: Execution failed
	at ptolemy.moml.MoMLSimpleApplication$UnloadThread.run(MoMLSimpleApplication.java:402)
Caused by: ptolemy.kernel.util.IllegalActionException: SubscriptionAggregatorPorts cannot be used at the top level, use a SubscriptionAggregator actor instead.
  in .PublisherSubscriptionAggregatorPort.SubscriptionAggregatorPort
	at ptolemy.actor.SubscriptionAggregatorPort.preinitialize(SubscriptionAggregatorPort.java:353)
	at ptolemy.actor.CompositeActor.preinitialize(CompositeActor.java:1769)
	at ptolemy.actor.Manager.preinitializeAndResolveTypes(Manager.java:1040)
	at ptolemy.actor.Manager.initialize(Manager.java:710)
	at ptolemy.actor.Manager.execute(Manager.java:356)
	at ptolemy.actor.Manager.run(Manager.java:1263)
	at ptolemy.actor.Manager$PtolemyRunThread.run(Manager.java:1915)
java.lang.reflect.InvocationTargetException
	at java.base/jdk.internal.reflect.NativeConstructorAccessorImpl.newInstance0(Native Method)
	at java.base/jdk.internal.reflect.NativeConstructorAccessorImpl.newInstance(NativeConstructorAccessorImpl.java:62)
	at java.base/jdk.internal.reflect.DelegatingConstructorAccessorImpl.newInstance(DelegatingConstructorAccessorImpl.java:45)
	at java.base/java.lang.reflect.Constructor.newInstance(Constructor.java:490)
	at ptolemy.util.test.junit.AutoKnownFailedTests.RunModel(AutoKnownFailedTests.java:105)
	at java.base/jdk.internal.reflect.NativeMethodAccessorImpl.invoke0(Native Method)
	at java.base/jdk.internal.reflect.NativeMethodAccessorImpl.invoke(NativeMethodAccessorImpl.java:62)
	at java.base/jdk.internal.reflect.DelegatingMethodAccessorImpl.invoke(DelegatingMethodAccessorImpl.java:43)
	at java.base/java.lang.reflect.Method.invoke(Method.java:566)
	at org.junit.runners.model.FrameworkMethod$1.runReflectiveCall(FrameworkMethod.java:44)
	at org.junit.internal.runners.model.ReflectiveCallable.run(ReflectiveCallable.java:15)
	at org.junit.runners.model.FrameworkMethod.invokeExplosively(FrameworkMethod.java:41)
	at junitparams.internal.InvokeParameterisedMethod.evaluate(InvokeParameterisedMethod.java:102)
	at org.junit.internal.runners.statements.FailOnTimeout$1.run(FailOnTimeout.java:28)
Caused by: ptolemy.kernel.util.IllegalActionException: SubscriptionAggregatorPorts cannot be used at the top level, use a SubscriptionAggregator actor instead.
  in .PublisherSubscriptionAggregatorPort.SubscriptionAggregatorPort
	at ptolemy.actor.SubscriptionAggregatorPort.preinitialize(SubscriptionAggregatorPort.java:353)
	at ptolemy.actor.CompositeActor.preinitialize(CompositeActor.java:1769)
	at ptolemy.actor.Manager.preinitializeAndResolveTypes(Manager.java:1040)
	at ptolemy.actor.Manager.initialize(Manager.java:710)
	at ptolemy.actor.Manager.execute(Manager.java:356)
	at ptolemy.actor.Manager.run(Manager.java:1263)
	at ptolemy.actor.Manager$PtolemyRunThread.run(Manager.java:1915)
java.lang.RuntimeException: Execution failed
	at ptolemy.moml.MoMLSimpleApplication$UnloadThread.run(MoMLSimpleApplication.java:402)
Caused by: ptolemy.kernel.util.IllegalActionException: TypeTest actor has no training data.
  in .sizedarray3.TypeTest
	at ptolemy.actor.lib.TypeTest.initialize(TypeTest.java:250)
	at ptolemy.actor.Director.initialize(Director.java:938)
	at ptolemy.actor.Director.initialize(Director.java:907)
	at ptolemy.actor.sched.StaticSchedulingDirector.initialize(StaticSchedulingDirector.java:159)
	at ptolemy.domains.sdf.kernel.SDFDirector.initialize(SDFDirector.java:544)
	at ptolemy.actor.CompositeActor.initialize(CompositeActor.java:935)
	at ptolemy.actor.Manager.initialize(Manager.java:724)
	at ptolemy.actor.Manager.execute(Manager.java:356)
	at ptolemy.actor.Manager.run(Manager.java:1263)
	at ptolemy.actor.Manager$PtolemyRunThread.run(Manager.java:1915)
java.lang.reflect.InvocationTargetException
	at java.base/jdk.internal.reflect.NativeConstructorAccessorImpl.newInstance0(Native Method)
	at java.base/jdk.internal.reflect.NativeConstructorAccessorImpl.newInstance(NativeConstructorAccessorImpl.java:62)
	at java.base/jdk.internal.reflect.DelegatingConstructorAccessorImpl.newInstance(DelegatingConstructorAccessorImpl.java:45)
	at java.base/java.lang.reflect.Constructor.newInstance(Constructor.java:490)
	at ptolemy.util.test.junit.AutoKnownFailedTests.RunModel(AutoKnownFailedTests.java:105)
	at java.base/jdk.internal.reflect.NativeMethodAccessorImpl.invoke0(Native Method)
	at java.base/jdk.internal.reflect.NativeMethodAccessorImpl.invoke(NativeMethodAccessorImpl.java:62)
	at java.base/jdk.internal.reflect.DelegatingMethodAccessorImpl.invoke(DelegatingMethodAccessorImpl.java:43)
	at java.base/java.lang.reflect.Method.invoke(Method.java:566)
	at org.junit.runners.model.FrameworkMethod$1.runReflectiveCall(FrameworkMethod.java:44)
	at org.junit.internal.runners.model.ReflectiveCallable.run(ReflectiveCallable.java:15)
	at org.junit.runners.model.FrameworkMethod.invokeExplosively(FrameworkMethod.java:41)
	at junitparams.internal.InvokeParameterisedMethod.evaluate(InvokeParameterisedMethod.java:102)
	at org.junit.internal.runners.statements.FailOnTimeout$1.run(FailOnTimeout.java:28)
Caused by: ptolemy.kernel.util.IllegalActionException: TypeTest actor has no training data.
  in .sizedarray3.TypeTest
	at ptolemy.actor.lib.TypeTest.initialize(TypeTest.java:250)
	at ptolemy.actor.Director.initialize(Director.java:938)
	at ptolemy.actor.Director.initialize(Director.java:907)
	at ptolemy.actor.sched.StaticSchedulingDirector.initialize(StaticSchedulingDirector.java:159)
	at ptolemy.domains.sdf.kernel.SDFDirector.initialize(SDFDirector.java:544)
	at ptolemy.actor.CompositeActor.initialize(CompositeActor.java:935)
	at ptolemy.actor.Manager.initialize(Manager.java:724)
	at ptolemy.actor.Manager.execute(Manager.java:356)
	at ptolemy.actor.Manager.run(Manager.java:1263)
	at ptolemy.actor.Manager$PtolemyRunThread.run(Manager.java:1915)
java.lang.RuntimeException: Execution failed
	at ptolemy.moml.MoMLSimpleApplication$UnloadThread.run(MoMLSimpleApplication.java:402)
Caused by: ptolemy.kernel.util.IllegalActionException: Test fails in iteration 0.
Value was: "WARNING: An illegal reflective access operation has occurred\nWARNING: Illegal reflective access by io.netty.util.internal.ReflectionUtil (file:/home/travis/build/icyphy/ptII/lib/netty-common-4.1.19.Final.jar) to constructor java.nio.DirectByteBuffer(long,int)\nWARNING: Please consider reporting this to the maintainers of io.netty.util.internal.ReflectionUtil\nWARNING: Use --illegal-access=warn to enable warnings of further illegal reflective access operations\nWARNING: All illegal access operations will be denied in a future release\n". Should have been: ""
  in .ExecRunDemos.Test
	at ptolemy.actor.lib.Test.fire(Test.java:268)
	at ptolemy.actor.AtomicActor.iterate(AtomicActor.java:512)
	at ptolemy.actor.sched.StaticSchedulingDirector.fire(StaticSchedulingDirector.java:216)
	at ptolemy.domains.sdf.kernel.SDFDirector.fire(SDFDirector.java:500)
	at ptolemy.actor.CompositeActor.fire(CompositeActor.java:455)
	at ptolemy.actor.Manager.iterate(Manager.java:851)
	at ptolemy.actor.Manager.execute(Manager.java:369)
	at ptolemy.actor.Manager.run(Manager.java:1263)
	at ptolemy.actor.Manager$PtolemyRunThread.run(Manager.java:1915)
]]></system-err>
</testsuite>
