<?xml version="1.0" encoding="UTF-8" ?>
<testsuite errors="0" failures="0" hostname="travis-job-a6c4a2ff-6d9c-46cc-ae6f-3a6c59bcd315" name="ptolemy.actor.lib.test.junit.JUnitTclTest" skipped="0" tests="517" time="59.226" timestamp="2018-12-11T02:57:25">
  <properties>
    <property name="npm.executable" value="npm" />
    <property name="file.encoding.pkg" value="sun.io" />
    <property name="env.TRAVIS_ROOT" value="/" />
    <property name="ptII.mk.exists" value="true" />
    <property name="env.TRAVIS_APP_HOST" value="build.travis-ci.org" />
    <property name="env.rvm_bin_path" value="/home/travis/.rvm/bin" />
    <property name="java.home" value="/usr/lib/jvm/java-8-oracle/jre" />
    <property name="env.TRAVIS_JOB_NUMBER" value="862.8" />
    <property name="env.TRAVIS_HOME" value="/home/travis" />
    <property name="env.DISPLAY" value=":99.0" />
    <property name="java.net.preferIPv4Stack" value="true" />
    <property name="env.TRAVIS_INIT" value="upstart" />
    <property name="env.SSH_TTY" value="/dev/pts/0" />
    <property name="env.RUN_TESTS" value="false" />
    <property name="timeout.short" value="1000000" />
    <property name="env.TRAVIS_JOB_NAME" value="" />
    <property name="env.TRAVIS_STACK_NODE_ATTRIBUTES" value="/.node-attributes.yml" />
    <property name="junit.formatter" value="xml" />
    <property name="java.endorsed.dirs" value="/usr/lib/jvm/java-8-oracle/jre/lib/endorsed" />
    <property name="env.TRAVIS_SUDO" value="true" />
    <property name="env.LOGNAME" value="travis" />
    <property name="env.PT_TRAVIS_TEST_CORE1_XML" value="true" />
    <property name="jsdoc.home" value="node_modules/@terraswarm/jsdoc" />
    <property name="debuglevel" value="source,lines,vars" />
    <property name="checkstyle.formatter" value="xml" />
    <property name="bin.vergil.makeable" value="true" />
    <property name="env._system_version" value="14.04" />
    <property name="sun.os.patch.level" value="unknown" />
    <property name="java.vendor.url" value="http://java.oracle.com/" />
    <property name="env.TRAVIS_BUILD_WEB_URL" value="https://travis-ci.org/icyphy/ptII/builds/466311049" />
    <property name="java.version" value="1.8.0_151" />
    <property name="env.TZ" value="UTC" />
    <property name="env.PT_NO_NET" value="true" />
    <property name="env.TRAVIS_PULL_REQUEST_SHA" value="" />
    <property name="env.TRAVIS_SECURE_ENV_VARS" value="true" />
    <property name="env._system_type" value="Linux" />
    <property name="java.vendor.url.bug" value="http://bugreport.sun.com/bugreport/" />
    <property name="env.SSH_CLIENT" value="10.10.4.45 45150 22" />
    <property name="npmjs-org-is-up" value="true" />
    <property name="env.GEM_HOME" value="/home/travis/.rvm/gems/ruby-2.4.1" />
    <property name="env.HAS_ANTARES_THREE_LITTLE_FRONZIES_BADGE" value="true" />
    <property name="env.PS4" value="+" />
    <property name="ant.project.invoked-targets" value="build,test.core1.xml" />
    <property name="env.TRAVIS_PULL_REQUEST_BRANCH" value="" />
    <property name="env.TRAVIS_REPO_SLUG" value="icyphy/ptII" />
    <property name="env.TRAVIS_APT_PROXY" value="http://build-cache.travisci.net" />
    <property name="node.in.path" value="true" />
    <property name="java.maxmemory" value="1400m" />
    <property name="env.RUBY_VERSION" value="ruby-2.4.1" />
    <property name="user.name" value="travis" />
    <property name="env.LANG" value="en_US.UTF-8" />
    <property name="sun.io.unicode.encoding" value="UnicodeLittle" />
    <property name="sun.jnu.encoding" value="UTF-8" />
    <property name="java.runtime.name" value="Java(TM) SE Runtime Environment" />
    <property name="usefile" value="false" />
    <property name="return.code" value="0" />
    <property name="junit.single.formatter" value="plain" />
    <property name="env.DYLD_LIBRARY_PATH" value="/home/travis/pthla/certi-tools/lib:" />
    <property name="env.DEBIAN_FRONTEND" value="noninteractive" />
    <property name="env.SSH_CONNECTION" value="10.10.4.45 45150 10.20.1.105 22" />
    <property name="env.MYSQL_UNIX_PORT" value="/var/run/mysqld/mysqld.sock" />
    <property name="env.TRAVIS_ALLOW_FAILURE" value="false" />
    <property name="env.LC_ALL" value="en_US.UTF-8" />
    <property name="env.TRAVIS_JOB_WEB_URL" value="https://travis-ci.org/icyphy/ptII/jobs/466311057" />
    <property name="java.specification.name" value="Java Platform API Specification" />
    <property name="node.works" value="true" />
    <property name="user.timezone" value="" />
    <property name="path.separator" value=":" />
    <property name="env.TRAVIS_ENABLE_INFRA_DETECTION" value="true" />
    <property name="env.PYTHON_CFLAGS" value="-g -fstack-protector --param=ssp-buffer-size=4 -Wformat -Werror=format-security" />
    <property name="timeout.long" value="4000000" />
    <property name="env.CERTI_HOME" value="/home/travis/pthla/certi-tools" />
    <property name="file.encoding" value="UTF-8" />
    <property name="ant.file.ptII" value="/home/travis/build/icyphy/ptII/build.xml" />
    <property name="javadoc.packagenames" value="com.*,diva.*,lbnl.*,org.hlacerti.*,org.json.*,org.ptolemy.*,org.terraswarm.*,ptolemy.*,ptserver.*" />
    <property name="env.TRAVIS_PULL_REQUEST_SLUG" value="" />
    <property name="ant.project.default-target" value="build" />
    <property name="env.GIT_ASKPASS" value="echo" />
    <property name="env.HOME" value="/home/travis" />
    <property name="sun.java.command" value="org.apache.tools.ant.taskdefs.optional.junit.JUnitTestRunner ptolemy.actor.lib.test.junit.JUnitTclTest skipNonTests=false filtertrace=true haltOnError=false haltOnFailure=false formatter=org.apache.tools.ant.taskdefs.optional.junit.OutErrSummaryJUnitResultFormatter showoutput=true outputtoformatters=true logfailedtests=true threadid=0 logtestlistenerevents=false formatter=org.apache.tools.ant.taskdefs.optional.junit.XMLJUnitResultFormatter,/home/travis/build/icyphy/ptII/reports/junit/TEST-ptolemy.actor.lib.test.junit.JUnitTclTest.xml crashfile=/home/travis/build/icyphy/ptII/junitvmwatcher7967473969806416521.properties propsfile=/home/travis/build/icyphy/ptII/junit1166788673534022169.properties" />
    <property name="env.MANPATH" value="/home/travis/.nvm/versions/node/v7.10.1/share/man:/home/travis/.kiex/elixirs/elixir-1.4.5/man:/home/travis/.rvm/rubies/ruby-2.4.1/share/man:/usr/local/man:/usr/local/cmake-3.9.2/man:/usr/local/clang-5.0.0/share/man:/usr/local/share/man:/usr/share/man:/home/travis/.rvm/man" />
    <property name="env.COMPOSER_NO_INTERACTION" value="1" />
    <property name="env.JDK_SWITCHER_DEFAULT" value="oraclejdk8" />
    <property name="env.TRAVIS_TIMER_ID" value="18ec9432" />
    <property name="ant.file" value="/home/travis/build/icyphy/ptII/build.xml" />
    <property name="env.TRAVIS_COMMIT_RANGE" value="98eff1ac1843239f1052e53ad7be59ce9d273397...75513823451bc508c80d81c488e68b4ef806ca15" />
    <property name="env._system_name" value="Ubuntu" />
    <property name="timeout" value="2400000" />
    <property name="ptII.classpath.optional.property" value="/home/travis/build/icyphy/ptII/lib/bsh-2.0b4.jar:/home/travis/build/icyphy/ptII/lib/ptCal.jar:/home/travis/build/icyphy/ptII/lib/java_cup.jar:/home/travis/build/icyphy/ptII/lib/saxon8.jar:/home/travis/build/icyphy/ptII/lib/saxon8-dom.jar:/home/travis/build/icyphy/ptII/lib/chic.jar:/home/travis/build/icyphy/ptII/lib/ptcolt.jar:/usr/lib/jvm/java-8-oracle/lib/tools.jar:/usr/lib/eclipse/plugins/org.eclipse.jdt.core_3.8.2.dist.jar:/usr/lib/eclipse/plugins/org.eclipse.core.runtime_3.8.0.dist.jar:/usr/lib/eclipse/plugins/org.eclipse.osgi_3.8.1.dist.jar:/usr/lib/eclipse/plugins/org.eclipse.core.resources_3.8.1.dist.jar:/usr/lib/eclipse/plugins/org.eclipse.equinox.common_3.6.100.dist.jar:/usr/lib/eclipse/plugins/org.eclipse.core.jobs_3.5.200.dist.jar:/usr/lib/eclipse/plugins/org.eclipse.core.contenttype_3.4.200.dist.jar:/usr/lib/eclipse/plugins/org.eclipse.equinox.preferences_3.5.0.dist.jar:/usr/lib/eclipse/plugins/org.eclipse.text_3.5.200.dist.jar:/usr/lib/eclipse/plugins/org.eclipse.ui.workbench_3.8.1.dist.jar:/usr/lib/eclipse/plugins/org.eclipse.jface_3.8.0.dist.jar:/usr/lib/eclipse/plugins/org.eclipse.swt_3.8.2.jar:/usr/lib/eclipse/plugins/org.eclipse.jface.text_3.8.1.dist.jar:/usr/lib/eclipse/plugins/org.eclipse.ui.workbench.texteditor_3.8.0.dist.jar:/usr/lib/eclipse/plugins/org.eclipse.ui.editors_3.8.0.dist.jar:/usr/lib/eclipse/plugins/org.eclipse.core.commands_3.6.1.dist.jar:/usr/lib/eclipse/plugins/org.eclipse.equinox.registry_3.5.200.dist.jar:/usr/lib/eclipse/plugins/org.eclipse.ui.console_3.5.100.dist.jar:/usr/lib/eclipse/plugins/org.eclipse.ui.forms_3.5.200.dist.jar:/usr/lib/eclipse/plugins/org.eclipse.ui.ide_3.8.1.dist.jar:/home/travis/build/icyphy/ptII/vendors/oracle/dbxml.jar:/home/travis/build/icyphy/ptII/vendors/oracle/db.jar:/home/travis/build/icyphy/ptII/vendors/misc/itext/iText.jar:/home/travis/build/icyphy/ptII/lib/g4ltl.jar:/home/travis/build/icyphy/ptII/lib/StructuralCoder.jar:/home/travis/build/icyphy/ptII/lib/org-openide-util.jar:/home/travis/build/icyphy/ptII/lib/org-openide-util-lookup.jar:/home/travis/build/icyphy/ptII/lib/org-netbeans-api-visual.jar:/home/travis/build/icyphy/ptII/vendors/jai-1_1_2_01/lib/jai_core.jar:/home/travis/build/icyphy/ptII/vendors/jai-1_1_2_01/lib/jai_codec.jar:/home/travis/build/icyphy/ptII/lib/jcerti.jar:/home/travis/build/icyphy/ptII/lib/smack.jar:/home/travis/build/icyphy/ptII/lib/smackx.jar:/home/travis/build/icyphy/ptII/lib/jetty-all-8.1.5-v20120716.jar:/home/travis/build/icyphy/ptII/lib/javax.servlet-api-3.0.1.jar:/home/travis/build/icyphy/ptII/lib/javax.mail.jar:/home/travis/build/icyphy/ptII/vendors/JMF-2.1.1e/lib/jmf.jar:/home/travis/build/icyphy/ptII/lib/jna-4.0.0-variadic.jar:/home/travis/build/icyphy/ptII/vendors/misc/joystick/Joystick.jar:/home/travis/build/icyphy/ptII/lib/ptjacl.jar:/home/travis/build/icyphy/ptII/lib/jsoup-1.8.2.jar:/home/travis/build/icyphy/ptII/lib/junit-4.8.2.jar:/home/travis/build/icyphy/ptII/lib/JUnitParams-0.4.0.jar:/home/travis/build/icyphy/ptII/ptolemy/actor/lib/excel/jxl.jar:/home/travis/build/icyphy/ptII/lib/jython.jar:/home/travis/build/icyphy/ptII/lib/kieler.jar:/home/travis/build/icyphy/ptII/vendors/opencv/share/OpenCV/java/opencv-341.jar:/home/travis/build/icyphy/ptII/lib/oscP5.jar:/home/travis/build/icyphy/ptII/lib/nrjavaserial-3.11.0.devel.jar:/home/travis/build/icyphy/ptII/vendors/j3d/lib/j3dcore.jar:/home/travis/build/icyphy/ptII/vendors/j3d/lib/j3dutils.jar:/home/travis/build/icyphy/ptII/vendors/j3d/lib/vecmath.jar:/home/travis/build/icyphy/ptII/ptolemy/distributed/jini/jar/jini-core.jar:/home/travis/build/icyphy/ptII/ptolemy/distributed/jini/jar/jini-ext.jar:/home/travis/build/icyphy/ptII/ptolemy/distributed/jini/jar/sun-util.jar:/home/travis/build/icyphy/ptII/lib/protobuf-java-2.4.1.jar:/home/travis/build/icyphy/ptII/lib/org.eclipse.paho.client.mqttv3.jar:/home/travis/build/icyphy/ptII/ptserver/lib/hessian-4.0.7.jar:/home/travis/build/icyphy/ptII/ptserver/lib/wmqtt.jar:/home/travis/build/icyphy/ptII/lib/mapss.jar:/home/travis/build/icyphy/ptII/ptolemy/actor/ptalon/antlr/antlr.jar:/home/travis/build/icyphy/ptII/lib/JRI.jar:/home/travis/build/icyphy/ptII/lib/commons-lang-2.6.jar:/home/travis/build/icyphy/ptII/lib/commons-logging-1.1.1.jar:/home/travis/build/icyphy/ptII/lib/sootclasses.jar:/home/travis/build/icyphy/ptII/ptolemy/actor/lib/database/mysql-connector-java-5.1.6-bin.jar:/home/travis/build/icyphy/ptII/vendors/misc/sphinx4/sphinx4-data-5prealpha.jar:/home/travis/build/icyphy/ptII/vendors/misc/sphinx4/sphinx4-core-5prealpha.jar:/home/travis/build/icyphy/ptII/lib/PDFRenderer.jar:/home/travis/build/icyphy/ptII/lib/svgSalamander.jar:/home/travis/build/icyphy/ptII/lib/rsyntaxtextarea-2.6.0-SNAPSHOT.jar:/home/travis/build/icyphy/ptII/lib/hazelcast-3.8.2.jar:/home/travis/build/icyphy/ptII/lib/jackson-annotations-2.9.0.jar:/home/travis/build/icyphy/ptII/lib/jackson-core-2.9.3.jar:/home/travis/build/icyphy/ptII/lib/jackson-databind-2.9.3.jar:/home/travis/build/icyphy/ptII/lib/netty-buffer-4.1.19.Final.jar:/home/travis/build/icyphy/ptII/lib/netty-codec-4.1.19.Final.jar:/home/travis/build/icyphy/ptII/lib/netty-codec-dns-4.1.19.Final.jar:/home/travis/build/icyphy/ptII/lib/netty-codec-http-4.1.19.Final.jar:/home/travis/build/icyphy/ptII/lib/netty-codec-http2-4.1.19.Final.jar:/home/travis/build/icyphy/ptII/lib/netty-common-4.1.19.Final.jar:/home/travis/build/icyphy/ptII/lib/netty-handler-4.1.19.Final.jar:/home/travis/build/icyphy/ptII/lib/netty-resolver-4.1.19.Final.jar:/home/travis/build/icyphy/ptII/lib/netty-resolver-dns-4.1.19.Final.jar:/home/travis/build/icyphy/ptII/lib/netty-transport-4.1.19.Final.jar:/home/travis/build/icyphy/ptII/lib/vertx-codegen-3.5.1.jar:/home/travis/build/icyphy/ptII/lib/vertx-core-3.5.2-SNAPSHOT.jar:/home/travis/build/icyphy/ptII/lib/vertx-hazelcast-3.5.1.jar:/home/travis/build/icyphy/ptII/lib/vertx-lang-js-3.5.1.jar:/home/travis/build/icyphy/ptII/lib/vertx-service-proxy-3.5.1.jar:/home/travis/build/icyphy/ptII/lib/vertx-web-3.5.1.jar:/home/travis/build/icyphy/ptII/lib/slf4j-api-1.7.13.jar:/home/travis/build/icyphy/ptII/lib/slf4j-simple-1.7.13.jar:/home/travis/build/icyphy/ptII/lib/webcam-capture-0.3.12.jar:/home/travis/build/icyphy/ptII/lib/bridj-0.7.0.jar:/home/travis/build/icyphy/ptII/lib/xbjlib-1.1.0.nrjavaserial.jar" />
    <property name="test.batch" value="**/junit/*.java" />
    <property name="env._" value="/usr/bin/timeout" />
    <property name="java.io.tmpdir" value="/tmp" />
    <property name="env.TRAVIS_INTERNAL_RUBY_REGEX" value="^ruby-(2\.[0-4]\.[0-9]|1\.9\.3)" />
    <property name="user.language" value="en" />
    <property name="env.HISTCONTROL" value="ignoredups:ignorespace" />
    <property name="env.GOROOT" value="/home/travis/.gimme/versions/go1.7.4.linux.amd64" />
    <property name="line.separator" value="&#xa;" />
    <property name="target" value="1.8" />
    <property name="env.TRAVIS_BUILD_DIR" value="/home/travis/build/icyphy/ptII" />
    <property name="env.ANT_OPTS" value="-Xmx2048m" />
    <property name="ant.file.type" value="file" />
    <property name="ptolemy.ptII.batchMode" value="true" />
    <property name="env.HISTSIZE" value="1000" />
    <property name="env.MERB_ENV" value="test" />
    <property name="java.vm.info" value="mixed mode" />
    <property name="source" value="1.8" />
    <property name="java.vm.specification.name" value="Java Virtual Machine Specification" />
    <property name="env.TRAVIS_TEST_RESULT" value="0" />
    <property name="jsdoc.command" value="node_modules/@terraswarm/jsdoc/jsdoc.js" />
    <property name="npm.works" value="true" />
    <property name="cobertura.dir" value="/home/travis/build/icyphy/ptII/vendors/cobertura-2.0.3" />
    <property name="env.rvm_path" value="/home/travis/.rvm" />
    <property name="env.GEM_PATH" value="/home/travis/.rvm/gems/ruby-2.4.1:/home/travis/.rvm/gems/ruby-2.4.1@global" />
    <property name="env.LC_CTYPE" value="en_US.UTF-8" />
    <property name="java.awt.printerjob" value="sun.print.PSPrinterJob" />
    <property name="env.TRAVIS_CMD" value="$PTII/bin/ptIITravisBuild.sh $SECONDS" />
    <property name="env.TRAVIS_STACK_NAME" value="garnet" />
    <property name="env.TRAVIS_TIMER_START_TIME" value="1544496687794643430" />
    <property name="ant.version" value="Apache Ant(TM) version 1.10.1 compiled on February 2 2017" />
    <property name="ptII.reports" value="/home/travis/build/icyphy/ptII/reports" />
    <property name="env.TRAVIS_STACK_TIMESTAMP" value="2017-12-05 19:33:09 UTC" />
    <property name="ant.file.type.ptII" value="file" />
    <property name="env.RBENV_SHELL" value="bash" />
    <property name="os.name" value="Linux" />
    <property name="java.specification.vendor" value="Oracle Corporation" />
    <property name="env.rvm_version" value="1.29.3 (latest)" />
    <property name="env.TRAVIS_INFRA" value="gce" />
    <property name="env.TERM" value="xterm" />
    <property name="java.vm.name" value="Java HotSpot(TM) 64-Bit Server VM" />
    <property name="env.TRAVIS_BUILD_NUMBER" value="862" />
    <property name="env.CI" value="true" />
    <property name="java.library.path" value="/home/travis/pthla/certi-tools/lib:/usr/lib/jni:/usr/local/share/OpenCV/java/:/usr/share/OpenCV/java::/usr/java/packages/lib/amd64:/usr/lib64:/lib64:/lib:/usr/lib" />
    <property name="env.rvm_prefix" value="/home/travis" />
    <property name="env.PATH" value="/home/travis/pthla/certi-tools/share/scripts:/home/travis/.rvm/gems/ruby-2.4.1/bin:/home/travis/.rvm/gems/ruby-2.4.1@global/bin:/home/travis/.rvm/rubies/ruby-2.4.1/bin:/home/travis/.rvm/bin:/home/travis/.nvm/versions/node/v7.10.1/bin:./node_modules/.bin:/home/travis/build/icyphy/ptII/bin:/home/travis/pthla/certi-tools/bin:/home/travis/bin:/home/travis/.local/bin:/opt/pyenv/shims:/home/travis/.phpenv/shims:/home/travis/perl5/perlbrew/bin:/home/travis/.kiex/elixirs/elixir-1.4.5/bin:/home/travis/.kiex/bin:/home/travis/gopath/bin:/home/travis/.gimme/versions/go1.7.4.linux.amd64/bin:/usr/local/phantomjs/bin:/usr/local/phantomjs:/usr/local/neo4j-3.2.7/bin:/usr/local/maven-3.5.2/bin:/usr/local/cmake-3.9.2/bin:/usr/local/clang-5.0.0/bin:/usr/local/sbin:/usr/local/bin:/usr/sbin:/usr/bin:/sbin:/bin:/home/travis/.phpenv/bin:/opt/pyenv/bin:/home/travis/.yarn/bin" />
    <property name="env.TRAVIS_OS_NAME" value="linux" />
    <property name="ant.java.version" value="1.8" />
    <property name="basedir" value="/home/travis/build/icyphy/ptII" />
    <property name="java.class.version" value="52.0" />
    <property name="env.SHLVL" value="3" />
    <property name="env.LD_LIBRARY_PATH" value="/home/travis/pthla/certi-tools/lib:/usr/lib/jni:/usr/local/share/OpenCV/java/:/usr/share/OpenCV/java:" />
    <property name="env.RACK_ENV" value="test" />
    <property name="ant.home" value="/home/travis/build/icyphy/ptII/ant" />
    <property name="env.PERLBREW_BASHRC_VERSION" value="0.80" />
    <property name="env.NVM_DIR" value="/home/travis/.nvm" />
    <property name="env.TRAVIS_BUILD_ID" value="466311049" />
    <property name="env.CERTI_FOM_PATH" value="/home/travis/pthla/certi-tools/share/federations" />
    <property name="env.PYENV_ROOT" value="/opt/pyenv" />
    <property name="env.TRAVIS_UID" value="2000" />
    <property name="env.rvm_pretty_print_flag" value="auto" />
    <property name="env.NVM_BIN" value="/home/travis/.nvm/versions/node/v7.10.1/bin" />
    <property name="env.TRAVIS_COMMIT" value="75513823451bc508c80d81c488e68b4ef806ca15" />
    <property name="env._system_arch" value="x86_64" />
    <property name="node.executable" value="node" />
    <property name="sun.boot.library.path" value="/usr/lib/jvm/java-8-oracle/jre/lib/amd64" />
    <property name="sun.management.compiler" value="HotSpot 64-Bit Tiered Compilers" />
    <property name="env.GOPATH" value="/home/travis/gopath" />
    <property name="java.awt.graphicsenv" value="sun.awt.X11GraphicsEnvironment" />
    <property name="ptolemy.ptII.dir" value="/home/travis/build/icyphy/ptII" />
    <property name="env.USER" value="travis" />
    <property name="env.HISTFILESIZE" value="2000" />
    <property name="timeout.longest" value="19000000" />
    <property name="env.TRAVIS_STACK_FEATURES" value="basic cassandra chromium couchdb disabled-ipv6 docker docker-compose elasticsearch firefox go-toolchain google-chrome jdk memcached mongodb mysql neo4j nodejs_interpreter perl_interpreter perlbrew phantomjs postgresql python_interpreter rabbitmq redis riak ruby_interpreter sqlite xserver" />
    <property name="env.TRAVIS_PULL_REQUEST" value="false" />
    <property name="env.PYENV_SHELL" value="bash" />
    <property name="ant.project.name" value="ptII" />
    <property name="java.vm.specification.version" value="1.8" />
    <property name="env.ANSI_RESET" value="\033[0m" />
    <property name="env.TRAVIS_DIST" value="trusty" />
    <property name="env.CERTI_VERSION" value="4.0.0" />
    <property name="env.NLSPATH" value="/usr/dt/lib/nls/msg/%L/%N.cat" />
    <property name="awt.toolkit" value="sun.awt.X11.XToolkit" />
    <property name="env.CERTI_HOST" value="localhost" />
    <property name="env.MY_RUBY_HOME" value="/home/travis/.rvm/rubies/ruby-2.4.1" />
    <property name="sun.cpu.isalist" value="" />
    <property name="env.TRAVIS_TMPDIR" value="/tmp/tmp.vPfRU06EqB" />
    <property name="java.ext.dirs" value="/usr/lib/jvm/java-8-oracle/jre/lib/ext:/usr/java/packages/lib/ext" />
    <property name="os.version" value="4.4.0-101-generic" />
    <property name="user.home" value="/home/travis" />
    <property name="env.MIX_ARCHIVES" value="/home/travis/.kiex/mix/elixir-1.4.5" />
    <property name="java.vm.vendor" value="Oracle Corporation" />
    <property name="env.TRAVIS_TAG" value="nightly" />
    <property name="env.ANSI_YELLOW" value="\033[33;1m" />
    <property name="env.TRAVIS_FILTERED" value="redirect_io" />
    <property name="env.ANSI_GREEN" value="\033[32;1m" />
    <property name="env.JAVA_HOME" value="/usr/lib/jvm/java-8-oracle" />
    <property name="env.PTII" value="/home/travis/build/icyphy/ptII" />
    <property name="javadoc.excludepackagenames" value="adm.cvs2svn.*,build.*,config.*,doc.coding.templates.*,jni.test.jni.meaningOfLife.*,jni.test.jni.testDeux.*,jni.test.jni.testTrois.*,org.terraswarm.accessor.accessors.web.node_modules.*,org.terraswarm.accessor.accessors.web.hosts.cordova.demo.*,org.terraswarm.accessor.accessors.web.hosts.cordova.plugins.*,org.terraswarm.accessor.accessors-svn.*,pt-modules.*,ptolemy.apps.agilent.*,ptolemy.apps.anytimecontrol.*,ptolemy.apps.apes.*,ptolemy.apps.charon.*,ptolemy.apps.crazyboard.*,ptolemy.apps.eclipse.*,ptolemy.apps.etherealSting.*,ptolemy.apps.fullscreen.*,ptolemy.apps.giotto.*,ptolemy.apps.ia.*,ptolemy.apps.interfaces.*,ptolemy.apps.jmf.*,ptolemy.apps.kurt.*,ptolemy.apps.kvm.*,ptolemy.apps.lego.*,ptolemy.apps.lejos.*,ptolemy.apps.midp.*,ptolemy.apps.mobileCoding.*,ptolemy.apps.pendulum.*,ptolemy.apps.rijndael.*,ptolemy.apps.robot.*,ptolemy.apps.security.*,ptolemy.apps.sobel.*,ptolemy.apps.soot.*,ptolemy.apps.throttle.*,ptolemy.apps.tini.*,ptolemy.apps.transmission.*,ptolemy.apps.vergil.*,ptolemy.apps.waba.*,ptolemy.apps.websensor.*,ptolemy.apps.webstart.*,ptolemy.apps.xsl.*,ptolemy.apps.zaurus.*,ptolemy.backtrack.eclipse.plugin.*,ptolemy.backtrack.test.*,ptolemy.codegen.c.actor.lib.oldJavaFiles.*,ptolemy.codegen.dsp.lib.*,ptolemy.codegen.kernel.newInterfaces.*,ptolemy.codegen.lib.*,ptolemy.copernicus.kernel.fragment.*,ptolemy.copernicus.shallow.cg.*,ptolemy.domains.giotto.demo.Hierarchy.Hierarchy.*,ptolemy.domains.giotto.demo.Multimode.Multimode.*,ptolemy.domains.giotto.demo.Simple.Simple.*,ptolemy.domains.gr.lib.experimental.*,ptolemy.domains.gro.*,ptolemy.domains.pdf.*,ptolemy.domains.ptinyos.demo.Surge.output.*,ptolemy.moml.test.NoPackageActor.java*,ptolemy.plot.adm.*,ptolemy.plot.servlet.*,reports.*,signed.*,src.*,target.*,vendors.*,ptolemy.cg.adapter.generic.program.procedural.c.mbed*,ptolemy.actor.lib.fmi.fmus.omc*,ptolemy.domains.openmodelica*,ptdb.kernel.bl.save.test.*,ptdb.kernel.bl.load.test.*,ptdb.kernel.bl.search.test.*,ptdb.kernel.bl.migration.test.*,ptdb.kernel.database.test.*,ptdb.test.*,ptdb.gui.test.*,org.ptolemy.scala.*,diva.util.java2d.svg.*,ptolemy.domains.ptinyos.*,ptolemy.actor.lib.fmi.fmipp.*,,org.terraswarm.accessor.accessors.web.node_modules.*,org.terraswarm.accessor.accessors-svn,ptolemy.apps.*,ptolemy.actor.ptalon.demo.ptinyos.SendAndReceiveCnt.output,ptolemy.actor.ptalon.demo.ptinyos.SenseToLeds.output,ptolemy.domains.ptinyos.demo.CntToLedsAndRfm.output,ptolemy.domains.ptinyos.demo.RfmToLeds.output,ptolemy.domains.ptinyos.demo.SendAndReceiveCnt.output,ptolemy.domains.ptinyos.demo.SenseToLeds.output,ptolemy.actor.lib.jjs.modules.udpSocket.*" />
    <property name="env.TRAVIS_COMMIT_MESSAGE" value="added the very basic indoor location aware discovery demo. This is still work in progress" />
    <property name="keystore" value="ptKeystore" />
    <property name="env.XDG_SESSION_ID" value="2" />
    <property name="junit.output.dir" value="/home/travis/build/icyphy/ptII/reports/junit" />
    <property name="npm.return.code" value="0" />
    <property name="user.dir" value="/home/travis/build/icyphy/ptII/ptolemy/actor/lib/test" />
    <property name="env.TRAVIS_NODE_VERSION" value="7" />
    <property name="env.XFILESEARCHPATH" value="/usr/dt/app-defaults/%L/Dt" />
    <property name="env.TRAVIS_EVENT_TYPE" value="cron" />
    <property name="env.MAIL" value="/var/mail/travis" />
    <property name="env.PWD" value="/home/travis/build/icyphy/ptII" />
    <property name="env.PERLBREW_ROOT" value="/home/travis/perl5/perlbrew" />
    <property name="timeout.npm" value="45000" />
    <property name="env.TRAVIS_ARCH" value="amd64" />
    <property name="env.PAGER" value="cat" />
    <property name="sun.cpu.endian" value="little" />
    <property name="env.TRAVIS_BUILD_STAGE_NAME" value="Test" />
    <property name="env.PERLBREW_HOME" value="/home/travis/.perlbrew" />
    <property name="env.RAILS_ENV" value="test" />
    <property name="java.vm.version" value="25.151-b12" />
    <property name="java.class.path" value="/home/travis/.ptolemyII:/home/travis/.ptolemyII/*:/home/travis/build/icyphy/ptII:/home/travis/build/icyphy/ptII/lib/bsh-2.0b4.jar:/home/travis/build/icyphy/ptII/lib/ptCal.jar:/home/travis/build/icyphy/ptII/lib/java_cup.jar:/home/travis/build/icyphy/ptII/lib/saxon8.jar:/home/travis/build/icyphy/ptII/lib/saxon8-dom.jar:/home/travis/build/icyphy/ptII/lib/chic.jar:/home/travis/build/icyphy/ptII/lib/ptcolt.jar:/usr/lib/jvm/java-8-oracle/lib/tools.jar:/usr/lib/eclipse/plugins/org.eclipse.jdt.core_3.8.2.dist.jar:/usr/lib/eclipse/plugins/org.eclipse.core.runtime_3.8.0.dist.jar:/usr/lib/eclipse/plugins/org.eclipse.osgi_3.8.1.dist.jar:/usr/lib/eclipse/plugins/org.eclipse.core.resources_3.8.1.dist.jar:/usr/lib/eclipse/plugins/org.eclipse.equinox.common_3.6.100.dist.jar:/usr/lib/eclipse/plugins/org.eclipse.core.jobs_3.5.200.dist.jar:/usr/lib/eclipse/plugins/org.eclipse.core.contenttype_3.4.200.dist.jar:/usr/lib/eclipse/plugins/org.eclipse.equinox.preferences_3.5.0.dist.jar:/usr/lib/eclipse/plugins/org.eclipse.text_3.5.200.dist.jar:/usr/lib/eclipse/plugins/org.eclipse.ui.workbench_3.8.1.dist.jar:/usr/lib/eclipse/plugins/org.eclipse.jface_3.8.0.dist.jar:/usr/lib/eclipse/plugins/org.eclipse.swt_3.8.2.jar:/usr/lib/eclipse/plugins/org.eclipse.jface.text_3.8.1.dist.jar:/usr/lib/eclipse/plugins/org.eclipse.ui.workbench.texteditor_3.8.0.dist.jar:/usr/lib/eclipse/plugins/org.eclipse.ui.editors_3.8.0.dist.jar:/usr/lib/eclipse/plugins/org.eclipse.core.commands_3.6.1.dist.jar:/usr/lib/eclipse/plugins/org.eclipse.equinox.registry_3.5.200.dist.jar:/usr/lib/eclipse/plugins/org.eclipse.ui.console_3.5.100.dist.jar:/usr/lib/eclipse/plugins/org.eclipse.ui.forms_3.5.200.dist.jar:/usr/lib/eclipse/plugins/org.eclipse.ui.ide_3.8.1.dist.jar:/home/travis/build/icyphy/ptII/vendors/oracle/dbxml.jar:/home/travis/build/icyphy/ptII/vendors/oracle/db.jar:/home/travis/build/icyphy/ptII/vendors/misc/itext/iText.jar:/home/travis/build/icyphy/ptII/lib/g4ltl.jar:/home/travis/build/icyphy/ptII/lib/StructuralCoder.jar:/home/travis/build/icyphy/ptII/lib/org-openide-util.jar:/home/travis/build/icyphy/ptII/lib/org-openide-util-lookup.jar:/home/travis/build/icyphy/ptII/lib/org-netbeans-api-visual.jar:/home/travis/build/icyphy/ptII/vendors/jai-1_1_2_01/lib/jai_core.jar:/home/travis/build/icyphy/ptII/vendors/jai-1_1_2_01/lib/jai_codec.jar:/home/travis/build/icyphy/ptII/lib/jcerti.jar:/home/travis/build/icyphy/ptII/lib/smack.jar:/home/travis/build/icyphy/ptII/lib/smackx.jar:/home/travis/build/icyphy/ptII/lib/jetty-all-8.1.5-v20120716.jar:/home/travis/build/icyphy/ptII/lib/javax.servlet-api-3.0.1.jar:/home/travis/build/icyphy/ptII/lib/javax.mail.jar:/home/travis/build/icyphy/ptII/vendors/JMF-2.1.1e/lib/jmf.jar:/home/travis/build/icyphy/ptII/lib/jna-4.0.0-variadic.jar:/home/travis/build/icyphy/ptII/vendors/misc/joystick/Joystick.jar:/home/travis/build/icyphy/ptII/lib/ptjacl.jar:/home/travis/build/icyphy/ptII/lib/jsoup-1.8.2.jar:/home/travis/build/icyphy/ptII/lib/junit-4.8.2.jar:/home/travis/build/icyphy/ptII/lib/JUnitParams-0.4.0.jar:/home/travis/build/icyphy/ptII/ptolemy/actor/lib/excel/jxl.jar:/home/travis/build/icyphy/ptII/lib/jython.jar:/home/travis/build/icyphy/ptII/lib/kieler.jar:/home/travis/build/icyphy/ptII/vendors/opencv/share/OpenCV/java/opencv-341.jar:/home/travis/build/icyphy/ptII/lib/oscP5.jar:/home/travis/build/icyphy/ptII/lib/nrjavaserial-3.11.0.devel.jar:/home/travis/build/icyphy/ptII/vendors/j3d/lib/j3dcore.jar:/home/travis/build/icyphy/ptII/vendors/j3d/lib/j3dutils.jar:/home/travis/build/icyphy/ptII/vendors/j3d/lib/vecmath.jar:/home/travis/build/icyphy/ptII/ptolemy/distributed/jini/jar/jini-core.jar:/home/travis/build/icyphy/ptII/ptolemy/distributed/jini/jar/jini-ext.jar:/home/travis/build/icyphy/ptII/ptolemy/distributed/jini/jar/sun-util.jar:/home/travis/build/icyphy/ptII/lib/protobuf-java-2.4.1.jar:/home/travis/build/icyphy/ptII/lib/org.eclipse.paho.client.mqttv3.jar:/home/travis/build/icyphy/ptII/ptserver/lib/hessian-4.0.7.jar:/home/travis/build/icyphy/ptII/ptserver/lib/wmqtt.jar:/home/travis/build/icyphy/ptII/lib/mapss.jar:/home/travis/build/icyphy/ptII/ptolemy/actor/ptalon/antlr/antlr.jar:/home/travis/build/icyphy/ptII/lib/JRI.jar:/home/travis/build/icyphy/ptII/lib/commons-lang-2.6.jar:/home/travis/build/icyphy/ptII/lib/commons-logging-1.1.1.jar:/home/travis/build/icyphy/ptII/lib/sootclasses.jar:/home/travis/build/icyphy/ptII/ptolemy/actor/lib/database/mysql-connector-java-5.1.6-bin.jar:/home/travis/build/icyphy/ptII/vendors/misc/sphinx4/sphinx4-data-5prealpha.jar:/home/travis/build/icyphy/ptII/vendors/misc/sphinx4/sphinx4-core-5prealpha.jar:/home/travis/build/icyphy/ptII/lib/PDFRenderer.jar:/home/travis/build/icyphy/ptII/lib/svgSalamander.jar:/home/travis/build/icyphy/ptII/lib/rsyntaxtextarea-2.6.0-SNAPSHOT.jar:/home/travis/build/icyphy/ptII/lib/hazelcast-3.8.2.jar:/home/travis/build/icyphy/ptII/lib/jackson-annotations-2.9.0.jar:/home/travis/build/icyphy/ptII/lib/jackson-core-2.9.3.jar:/home/travis/build/icyphy/ptII/lib/jackson-databind-2.9.3.jar:/home/travis/build/icyphy/ptII/lib/netty-buffer-4.1.19.Final.jar:/home/travis/build/icyphy/ptII/lib/netty-codec-4.1.19.Final.jar:/home/travis/build/icyphy/ptII/lib/netty-codec-dns-4.1.19.Final.jar:/home/travis/build/icyphy/ptII/lib/netty-codec-http-4.1.19.Final.jar:/home/travis/build/icyphy/ptII/lib/netty-codec-http2-4.1.19.Final.jar:/home/travis/build/icyphy/ptII/lib/netty-common-4.1.19.Final.jar:/home/travis/build/icyphy/ptII/lib/netty-handler-4.1.19.Final.jar:/home/travis/build/icyphy/ptII/lib/netty-resolver-4.1.19.Final.jar:/home/travis/build/icyphy/ptII/lib/netty-resolver-dns-4.1.19.Final.jar:/home/travis/build/icyphy/ptII/lib/netty-transport-4.1.19.Final.jar:/home/travis/build/icyphy/ptII/lib/vertx-codegen-3.5.1.jar:/home/travis/build/icyphy/ptII/lib/vertx-core-3.5.2-SNAPSHOT.jar:/home/travis/build/icyphy/ptII/lib/vertx-hazelcast-3.5.1.jar:/home/travis/build/icyphy/ptII/lib/vertx-lang-js-3.5.1.jar:/home/travis/build/icyphy/ptII/lib/vertx-service-proxy-3.5.1.jar:/home/travis/build/icyphy/ptII/lib/vertx-web-3.5.1.jar:/home/travis/build/icyphy/ptII/lib/slf4j-api-1.7.13.jar:/home/travis/build/icyphy/ptII/lib/slf4j-simple-1.7.13.jar:/home/travis/build/icyphy/ptII/lib/webcam-capture-0.3.12.jar:/home/travis/build/icyphy/ptII/lib/bridj-0.7.0.jar:/home/travis/build/icyphy/ptII/lib/xbjlib-1.1.0.nrjavaserial.jar:/home/travis/build/icyphy/ptII/ptolemy/moml/test:/home/travis/build/icyphy/ptII/ant/lib/ant-launcher.jar:/home/travis/build/icyphy/ptII/ant/lib/ant.jar:/home/travis/build/icyphy/ptII/ant/lib/ant-junit.jar:/home/travis/build/icyphy/ptII/ant/lib/ant-junit4.jar" />
    <property name="ant.library.dir" value="/home/travis/build/icyphy/ptII/ant/lib" />
    <property name="os.arch" value="amd64" />
    <property name="env.TRAVIS_LANGUAGE" value="node_js" />
    <property name="env.CONTINUOUS_INTEGRATION" value="true" />
    <property name="env.TRAVIS_STACK_LANGUAGES" value="__garnet__ c c++ clojure cplusplus cpp default go groovy java node_js php pure_java python ruby scala" />
    <property name="test.name" value="ptolemy.actor.lib.test.junit.JUnitTclTest" />
    <property name="sun.java.launcher" value="SUN_STANDARD" />
    <property name="env.PYTHON_CONFIGURE_OPTS" value="--enable-unicode=ucs4 --with-wide-unicode --enable-shared --enable-ipv6 --enable-loadable-sqlite-extensions --with-computed-gotos" />
    <property name="ant.core.lib" value="/home/travis/build/icyphy/ptII/ant/lib/ant.jar" />
    <property name="java.vm.specification.vendor" value="Oracle Corporation" />
    <property name="env.BCVTB_HOME" value="/home/travis/build/icyphy/ptII/lbnl" />
    <property name="file.separator" value="/" />
    <property name="spotbugs.home" value="/home/travis/build/icyphy/ptII/vendors/spotbugs-3.1.1" />
    <property name="java.runtime.version" value="1.8.0_151-b12" />
    <property name="sun.boot.class.path" value="/usr/lib/jvm/java-8-oracle/jre/lib/resources.jar:/usr/lib/jvm/java-8-oracle/jre/lib/rt.jar:/usr/lib/jvm/java-8-oracle/jre/lib/sunrsasign.jar:/usr/lib/jvm/java-8-oracle/jre/lib/jsse.jar:/usr/lib/jvm/java-8-oracle/jre/lib/jce.jar:/usr/lib/jvm/java-8-oracle/jre/lib/charsets.jar:/usr/lib/jvm/java-8-oracle/jre/lib/jfr.jar:/usr/lib/jvm/java-8-oracle/jre/classes" />
    <property name="env.ANSI_CLEAR" value="\033[0K" />
    <property name="env.HAS_JOSH_K_SEAL_OF_APPROVAL" value="true" />
    <property name="env.XDG_RUNTIME_DIR" value="/run/user/2000" />
    <property name="env.TRAVIS_OSX_IMAGE" value="" />
    <property name="env.TRAVIS_BRANCH" value="master" />
    <property name="env.TRAVIS_JOB_ID" value="466311057" />
    <property name="user.country" value="US" />
    <property name="env.CERTI_HOME_TRAVIS" value="/home/travis/pthla/certi-tools" />
    <property name="env.SHELL" value="/bin/bash" />
    <property name="java.maxmemory.large" value="5000m" />
    <property name="model" value="" />
    <property name="env.CASHER_DIR" value="/home/travis/.casher" />
    <property name="env.NVM_CD_FLAGS" value="" />
    <property name="jshint.executable" value="/home/travis/node_modules/jshint/bin/jshint" />
    <property name="java.vendor" value="Oracle Corporation" />
    <property name="env.JRUBY_OPTS" value=" --client -J-XX:+TieredCompilation -J-XX:TieredStopAtLevel=1 -J-Xss2m -Xcompile.invokedynamic=false" />
    <property name="env.TRAVIS_PRE_CHEF_BOOTSTRAP_TIME" value="2017-12-05T19:32:55" />
    <property name="env.TRAVIS_STACK_JOB_BOARD_REGISTER" value="/.job-board-register.yml" />
    <property name="env.ELIXIR_VERSION" value="1.4.5" />
    <property name="env.ANSI_RED" value="\033[31;1m" />
    <property name="java.specification.version" value="1.8" />
    <property name="env.TRAVIS" value="true" />
    <property name="env.IRBRC" value="/home/travis/.rvm/rubies/ruby-2.4.1/.irbrc" />
    <property name="sun.arch.data.model" value="64" />
  </properties>
  <testcase classname="ptolemy.util.test.junit.TclTests" name="[0] /home/travis/build/icyphy/ptII/ptolemy/actor/lib/test/AbsoluteValue.tcl (RunTclFile)" time="0.468" />
  <testcase classname="ptolemy.util.test.junit.TclTests" name="[1] /home/travis/build/icyphy/ptII/ptolemy/actor/lib/test/AddSubtract.tcl (RunTclFile)" time="0.099" />
  <testcase classname="ptolemy.util.test.junit.TclTests" name="[2] /home/travis/build/icyphy/ptII/ptolemy/actor/lib/test/Average.tcl (RunTclFile)" time="0.049" />
  <testcase classname="ptolemy.util.test.junit.TclTests" name="[3] /home/travis/build/icyphy/ptII/ptolemy/actor/lib/test/Bernoulli.tcl (RunTclFile)" time="0.016" />
  <testcase classname="ptolemy.util.test.junit.TclTests" name="[4] /home/travis/build/icyphy/ptII/ptolemy/actor/lib/test/Clock.tcl (RunTclFile)" time="0.087" />
  <testcase classname="ptolemy.util.test.junit.TclTests" name="[5] /home/travis/build/icyphy/ptII/ptolemy/actor/lib/test/Commutator.tcl (RunTclFile)" time="0.102" />
  <testcase classname="ptolemy.util.test.junit.TclTests" name="[6] /home/travis/build/icyphy/ptII/ptolemy/actor/lib/test/Const.tcl (RunTclFile)" time="0.066" />
  <testcase classname="ptolemy.util.test.junit.TclTests" name="[7] /home/travis/build/icyphy/ptII/ptolemy/actor/lib/test/CurrentTime.tcl (RunTclFile)" time="0.018" />
  <testcase classname="ptolemy.util.test.junit.TclTests" name="[8] /home/travis/build/icyphy/ptII/ptolemy/actor/lib/test/DB.tcl (RunTclFile)" time="0.024" />
  <testcase classname="ptolemy.util.test.junit.TclTests" name="[9] /home/travis/build/icyphy/ptII/ptolemy/actor/lib/test/DiscreteRandomSource.tcl (RunTclFile)" time="0.042" />
  <testcase classname="ptolemy.util.test.junit.TclTests" name="[10] /home/travis/build/icyphy/ptII/ptolemy/actor/lib/test/Distributor.tcl (RunTclFile)" time="0.064" />
  <testcase classname="ptolemy.util.test.junit.TclTests" name="[11] /home/travis/build/icyphy/ptII/ptolemy/actor/lib/test/Exit.tcl (RunTclFile)" time="0.053" />
  <testcase classname="ptolemy.util.test.junit.TclTests" name="[12] /home/travis/build/icyphy/ptII/ptolemy/actor/lib/test/Expression.tcl (RunTclFile)" time="0.055" />
  <testcase classname="ptolemy.util.test.junit.TclTests" name="[13] /home/travis/build/icyphy/ptII/ptolemy/actor/lib/test/Gaussian.tcl (RunTclFile)" time="0.747" />
  <testcase classname="ptolemy.util.test.junit.TclTests" name="[14] /home/travis/build/icyphy/ptII/ptolemy/actor/lib/test/IIR.tcl (RunTclFile)" time="0.05" />
  <testcase classname="ptolemy.util.test.junit.TclTests" name="[15] /home/travis/build/icyphy/ptII/ptolemy/actor/lib/test/Interpolator.tcl (RunTclFile)" time="0.118" />
  <testcase classname="ptolemy.util.test.junit.TclTests" name="[16] /home/travis/build/icyphy/ptII/ptolemy/actor/lib/test/MathFunction.tcl (RunTclFile)" time="0.088" />
  <testcase classname="ptolemy.util.test.junit.TclTests" name="[17] /home/travis/build/icyphy/ptII/ptolemy/actor/lib/test/Maximum.tcl (RunTclFile)" time="0.024" />
  <testcase classname="ptolemy.util.test.junit.TclTests" name="[18] /home/travis/build/icyphy/ptII/ptolemy/actor/lib/test/Minimum.tcl (RunTclFile)" time="0.021" />
  <testcase classname="ptolemy.util.test.junit.TclTests" name="[19] /home/travis/build/icyphy/ptII/ptolemy/actor/lib/test/MultiplyDivide.tcl (RunTclFile)" time="0.023" />
  <testcase classname="ptolemy.util.test.junit.TclTests" name="[20] /home/travis/build/icyphy/ptII/ptolemy/actor/lib/test/OrderedMerge.tcl (RunTclFile)" time="0.103" />
  <testcase classname="ptolemy.util.test.junit.TclTests" name="[21] /home/travis/build/icyphy/ptII/ptolemy/actor/lib/test/Publisher.tcl (RunTclFile)" time="0.784" />
  <testcase classname="ptolemy.util.test.junit.TclTests" name="[22] /home/travis/build/icyphy/ptII/ptolemy/actor/lib/test/Pulse.tcl (RunTclFile)" time="0.049" />
  <testcase classname="ptolemy.util.test.junit.TclTests" name="[23] /home/travis/build/icyphy/ptII/ptolemy/actor/lib/test/Ramp.tcl (RunTclFile)" time="1.771" />
  <testcase classname="ptolemy.util.test.junit.TclTests" name="[24] /home/travis/build/icyphy/ptII/ptolemy/actor/lib/test/RampContinuous.tcl (RunTclFile)" time="0.022" />
  <testcase classname="ptolemy.util.test.junit.TclTests" name="[25] /home/travis/build/icyphy/ptII/ptolemy/actor/lib/test/RecordAssembler.tcl (RunTclFile)" time="0.018" />
  <testcase classname="ptolemy.util.test.junit.TclTests" name="[26] /home/travis/build/icyphy/ptII/ptolemy/actor/lib/test/RecordDisassembler.tcl (RunTclFile)" time="0.027" />
  <testcase classname="ptolemy.util.test.junit.TclTests" name="[27] /home/travis/build/icyphy/ptII/ptolemy/actor/lib/test/Scale.tcl (RunTclFile)" time="0.028" />
  <testcase classname="ptolemy.util.test.junit.TclTests" name="[28] /home/travis/build/icyphy/ptII/ptolemy/actor/lib/test/SequentialClock.tcl (RunTclFile)" time="0.021" />
  <testcase classname="ptolemy.util.test.junit.TclTests" name="[29] /home/travis/build/icyphy/ptII/ptolemy/actor/lib/test/SetVariable.tcl (RunTclFile)" time="0.021" />
  <testcase classname="ptolemy.util.test.junit.TclTests" name="[30] /home/travis/build/icyphy/ptII/ptolemy/actor/lib/test/Sinewave.tcl (RunTclFile)" time="0.034" />
  <testcase classname="ptolemy.util.test.junit.TclTests" name="[31] /home/travis/build/icyphy/ptII/ptolemy/actor/lib/test/SubscriptionAggregator.tcl (RunTclFile)" time="1.727" />
  <testcase classname="ptolemy.util.test.junit.TclTests" name="[32] /home/travis/build/icyphy/ptII/ptolemy/actor/lib/test/Test.tcl (RunTclFile)" time="0.061" />
  <testcase classname="ptolemy.util.test.junit.TclTests" name="[33] /home/travis/build/icyphy/ptII/ptolemy/actor/lib/test/TestExceptionHandler.tcl (RunTclFile)" time="0.009" />
  <testcase classname="ptolemy.util.test.junit.TclTests" name="[34] /home/travis/build/icyphy/ptII/ptolemy/actor/lib/test/UnionDisassembler.tcl (RunTclFile)" time="0.059" />
  <testcase classname="ptolemy.util.test.junit.TclTests" name="[35] /home/travis/build/icyphy/ptII/ptolemy/actor/lib/test/VariableClock.tcl (RunTclFile)" time="0.026" />
  <testcase classname="ptolemy.util.test.junit.AutoKnownFailedTests" name="[0] /home/travis/build/icyphy/ptII/ptolemy/actor/lib/test/auto/knownFailedTests/PublisherPortToplevelSubscriber.xml (RunModel)" time="0.017" />
  <testcase classname="ptolemy.util.test.junit.AutoKnownFailedTests" name="[1] /home/travis/build/icyphy/ptII/ptolemy/actor/lib/test/auto/knownFailedTests/PublisherSubscriberPortToplevel.xml (RunModel)" time="0.026" />
  <testcase classname="ptolemy.util.test.junit.AutoKnownFailedTests" name="[2] /home/travis/build/icyphy/ptII/ptolemy/actor/lib/test/auto/knownFailedTests/PublisherSubscriptionAggregatorPort.xml (RunModel)" time="0.022" />
  <testcase classname="ptolemy.util.test.junit.AutoKnownFailedTests" name="[3] /home/travis/build/icyphy/ptII/ptolemy/actor/lib/test/auto/knownFailedTests/sizedarray3.xml (RunModel)" time="0.045" />
  <testcase classname="ptolemy.util.test.junit.AutoNameArchTests" name="[0] ThereAreNoAutoArchTests (RunModel)" time="0.0" />
  <testcase classname="ptolemy.util.test.junit.AutoTests" name="[0] /home/travis/build/icyphy/ptII/ptolemy/actor/lib/test/auto/AbsoluteValue.xml (RunModel)" time="0.218" />
  <testcase classname="ptolemy.util.test.junit.AutoTests" name="[1] /home/travis/build/icyphy/ptII/ptolemy/actor/lib/test/auto/AbsoluteValue2.xml (RunModel)" time="0.046" />
  <testcase classname="ptolemy.util.test.junit.AutoTests" name="[2] /home/travis/build/icyphy/ptII/ptolemy/actor/lib/test/auto/Accumulator.xml (RunModel)" time="0.027" />
  <testcase classname="ptolemy.util.test.junit.AutoTests" name="[3] /home/travis/build/icyphy/ptII/ptolemy/actor/lib/test/auto/Accumulator2.xml (RunModel)" time="0.02" />
  <testcase classname="ptolemy.util.test.junit.AutoTests" name="[4] /home/travis/build/icyphy/ptII/ptolemy/actor/lib/test/auto/Accumulator3.xml (RunModel)" time="0.02" />
  <testcase classname="ptolemy.util.test.junit.AutoTests" name="[5] /home/travis/build/icyphy/ptII/ptolemy/actor/lib/test/auto/ArrayAppend.xml (RunModel)" time="0.05" />
  <testcase classname="ptolemy.util.test.junit.AutoTests" name="[6] /home/travis/build/icyphy/ptII/ptolemy/actor/lib/test/auto/ArrayAppend2.xml (RunModel)" time="0.652" />
  <testcase classname="ptolemy.util.test.junit.AutoTests" name="[7] /home/travis/build/icyphy/ptII/ptolemy/actor/lib/test/auto/ArrayAppend3.xml (RunModel)" time="0.037" />
  <testcase classname="ptolemy.util.test.junit.AutoTests" name="[8] /home/travis/build/icyphy/ptII/ptolemy/actor/lib/test/auto/ArrayAppend4.xml (RunModel)" time="0.023" />
  <testcase classname="ptolemy.util.test.junit.AutoTests" name="[9] /home/travis/build/icyphy/ptII/ptolemy/actor/lib/test/auto/ArrayAppend5.xml (RunModel)" time="0.015" />
  <testcase classname="ptolemy.util.test.junit.AutoTests" name="[10] /home/travis/build/icyphy/ptII/ptolemy/actor/lib/test/auto/ArrayAppend6.xml (RunModel)" time="0.033" />
  <testcase classname="ptolemy.util.test.junit.AutoTests" name="[11] /home/travis/build/icyphy/ptII/ptolemy/actor/lib/test/auto/ArrayAppendPerformanceTest.xml (RunModel)" time="0.065" />
  <testcase classname="ptolemy.util.test.junit.AutoTests" name="[12] /home/travis/build/icyphy/ptII/ptolemy/actor/lib/test/auto/ArrayAppendWithEmptyInput.xml (RunModel)" time="0.052" />
  <testcase classname="ptolemy.util.test.junit.AutoTests" name="[13] /home/travis/build/icyphy/ptII/ptolemy/actor/lib/test/auto/ArrayAverage.xml (RunModel)" time="0.036" />
  <testcase classname="ptolemy.util.test.junit.AutoTests" name="[14] /home/travis/build/icyphy/ptII/ptolemy/actor/lib/test/auto/ArrayContains.xml (RunModel)" time="0.022" />
  <testcase classname="ptolemy.util.test.junit.AutoTests" name="[15] /home/travis/build/icyphy/ptII/ptolemy/actor/lib/test/auto/ArrayElement.xml (RunModel)" time="0.025" />
  <testcase classname="ptolemy.util.test.junit.AutoTests" name="[16] /home/travis/build/icyphy/ptII/ptolemy/actor/lib/test/auto/ArrayElementAsMatrix.xml (RunModel)" time="0.053" />
  <testcase classname="ptolemy.util.test.junit.AutoTests" name="[17] /home/travis/build/icyphy/ptII/ptolemy/actor/lib/test/auto/ArrayElementI.xml (RunModel)" time="0.019" />
  <testcase classname="ptolemy.util.test.junit.AutoTests" name="[18] /home/travis/build/icyphy/ptII/ptolemy/actor/lib/test/auto/ArrayExtract.xml (RunModel)" time="0.045" />
  <testcase classname="ptolemy.util.test.junit.AutoTests" name="[19] /home/travis/build/icyphy/ptII/ptolemy/actor/lib/test/auto/ArrayExtract2.xml (RunModel)" time="0.018" />
  <testcase classname="ptolemy.util.test.junit.AutoTests" name="[20] /home/travis/build/icyphy/ptII/ptolemy/actor/lib/test/auto/ArrayLength.xml (RunModel)" time="0.019" />
  <testcase classname="ptolemy.util.test.junit.AutoTests" name="[21] /home/travis/build/icyphy/ptII/ptolemy/actor/lib/test/auto/ArrayLevelCrossing.xml (RunModel)" time="0.027" />
  <testcase classname="ptolemy.util.test.junit.AutoTests" name="[22] /home/travis/build/icyphy/ptII/ptolemy/actor/lib/test/auto/ArrayLevelCrossing2.xml (RunModel)" time="0.025" />
  <testcase classname="ptolemy.util.test.junit.AutoTests" name="[23] /home/travis/build/icyphy/ptII/ptolemy/actor/lib/test/auto/ArrayPeakSearch.xml (RunModel)" time="0.042" />
  <testcase classname="ptolemy.util.test.junit.AutoTests" name="[24] /home/travis/build/icyphy/ptII/ptolemy/actor/lib/test/auto/ArrayPeakSearch2.xml (RunModel)" time="0.032" />
  <testcase classname="ptolemy.util.test.junit.AutoTests" name="[25] /home/travis/build/icyphy/ptII/ptolemy/actor/lib/test/auto/ArrayPeakSearch3.xml (RunModel)" time="0.034" />
  <testcase classname="ptolemy.util.test.junit.AutoTests" name="[26] /home/travis/build/icyphy/ptII/ptolemy/actor/lib/test/auto/ArrayRemoveElement.xml (RunModel)" time="0.027" />
  <testcase classname="ptolemy.util.test.junit.AutoTests" name="[27] /home/travis/build/icyphy/ptII/ptolemy/actor/lib/test/auto/ArraySort.xml (RunModel)" time="0.035" />
  <testcase classname="ptolemy.util.test.junit.AutoTests" name="[28] /home/travis/build/icyphy/ptII/ptolemy/actor/lib/test/auto/ArraySum.xml (RunModel)" time="0.013" />
  <testcase classname="ptolemy.util.test.junit.AutoTests" name="[29] /home/travis/build/icyphy/ptII/ptolemy/actor/lib/test/auto/ArrayToElements.xml (RunModel)" time="0.019" />
  <testcase classname="ptolemy.util.test.junit.AutoTests" name="[30] /home/travis/build/icyphy/ptII/ptolemy/actor/lib/test/auto/ArrayToMatrix.xml (RunModel)" time="0.045" />
  <testcase classname="ptolemy.util.test.junit.AutoTests" name="[31] /home/travis/build/icyphy/ptII/ptolemy/actor/lib/test/auto/ArrayUpdate1.xml (RunModel)" time="0.015" />
  <testcase classname="ptolemy.util.test.junit.AutoTests" name="[32] /home/travis/build/icyphy/ptII/ptolemy/actor/lib/test/auto/ArrayUpdate2.xml (RunModel)" time="0.016" />
  <testcase classname="ptolemy.util.test.junit.AutoTests" name="[33] /home/travis/build/icyphy/ptII/ptolemy/actor/lib/test/auto/ArrayUpdate3.xml (RunModel)" time="0.062" />
  <testcase classname="ptolemy.util.test.junit.AutoTests" name="[34] /home/travis/build/icyphy/ptII/ptolemy/actor/lib/test/auto/Assert1.xml (RunModel)" time="0.019" />
  <testcase classname="ptolemy.util.test.junit.AutoTests" name="[35] /home/travis/build/icyphy/ptII/ptolemy/actor/lib/test/auto/Assert2.xml (RunModel)" time="0.024" />
  <testcase classname="ptolemy.util.test.junit.AutoTests" name="[36] /home/travis/build/icyphy/ptII/ptolemy/actor/lib/test/auto/BooleanMultiplexor.xml (RunModel)" time="0.013" />
  <testcase classname="ptolemy.util.test.junit.AutoTests" name="[37] /home/travis/build/icyphy/ptII/ptolemy/actor/lib/test/auto/BooleanMultiplexor2.xml (RunModel)" time="0.016" />
  <testcase classname="ptolemy.util.test.junit.AutoTests" name="[38] /home/travis/build/icyphy/ptII/ptolemy/actor/lib/test/auto/BooleanMultiplexor3.xml (RunModel)" time="0.017" />
  <testcase classname="ptolemy.util.test.junit.AutoTests" name="[39] /home/travis/build/icyphy/ptII/ptolemy/actor/lib/test/auto/BooleanSelect.xml (RunModel)" time="0.022" />
  <testcase classname="ptolemy.util.test.junit.AutoTests" name="[40] /home/travis/build/icyphy/ptII/ptolemy/actor/lib/test/auto/BooleanSelect2.xml (RunModel)" time="0.013" />
  <testcase classname="ptolemy.util.test.junit.AutoTests" name="[41] /home/travis/build/icyphy/ptII/ptolemy/actor/lib/test/auto/BooleanSwitch.xml (RunModel)" time="0.02" />
  <testcase classname="ptolemy.util.test.junit.AutoTests" name="[42] /home/travis/build/icyphy/ptII/ptolemy/actor/lib/test/auto/BooleanSwitch2.xml (RunModel)" time="0.013" />
  <testcase classname="ptolemy.util.test.junit.AutoTests" name="[43] /home/travis/build/icyphy/ptII/ptolemy/actor/lib/test/auto/BooleanSwitchCloningBugWithClassRelationGroup.xml (RunModel)" time="0.025" />
  <testcase classname="ptolemy.util.test.junit.AutoTests" name="[44] /home/travis/build/icyphy/ptII/ptolemy/actor/lib/test/auto/BusActors.xml (RunModel)" time="0.029" />
  <testcase classname="ptolemy.util.test.junit.AutoTests" name="[45] /home/travis/build/icyphy/ptII/ptolemy/actor/lib/test/auto/ClassWrapper.xml (RunModel)" time="0.008" />
  <testcase classname="ptolemy.util.test.junit.AutoTests" name="[46] /home/travis/build/icyphy/ptII/ptolemy/actor/lib/test/auto/Clock.xml (RunModel)" time="0.011" />
  <testcase classname="ptolemy.util.test.junit.AutoTests" name="[47] /home/travis/build/icyphy/ptII/ptolemy/actor/lib/test/auto/Clock10.xml (RunModel)" time="0.016" />
  <testcase classname="ptolemy.util.test.junit.AutoTests" name="[48] /home/travis/build/icyphy/ptII/ptolemy/actor/lib/test/auto/Clock11.xml (RunModel)" time="0.016" />
  <testcase classname="ptolemy.util.test.junit.AutoTests" name="[49] /home/travis/build/icyphy/ptII/ptolemy/actor/lib/test/auto/Clock12.xml (RunModel)" time="0.017" />
  <testcase classname="ptolemy.util.test.junit.AutoTests" name="[50] /home/travis/build/icyphy/ptII/ptolemy/actor/lib/test/auto/Clock13.xml (RunModel)" time="0.02" />
  <testcase classname="ptolemy.util.test.junit.AutoTests" name="[51] /home/travis/build/icyphy/ptII/ptolemy/actor/lib/test/auto/Clock14.xml (RunModel)" time="0.018" />
  <testcase classname="ptolemy.util.test.junit.AutoTests" name="[52] /home/travis/build/icyphy/ptII/ptolemy/actor/lib/test/auto/Clock15.xml (RunModel)" time="0.015" />
  <testcase classname="ptolemy.util.test.junit.AutoTests" name="[53] /home/travis/build/icyphy/ptII/ptolemy/actor/lib/test/auto/Clock16.xml (RunModel)" time="0.094" />
  <testcase classname="ptolemy.util.test.junit.AutoTests" name="[54] /home/travis/build/icyphy/ptII/ptolemy/actor/lib/test/auto/Clock17.xml (RunModel)" time="0.048" />
  <testcase classname="ptolemy.util.test.junit.AutoTests" name="[55] /home/travis/build/icyphy/ptII/ptolemy/actor/lib/test/auto/Clock18.xml (RunModel)" time="0.068" />
  <testcase classname="ptolemy.util.test.junit.AutoTests" name="[56] /home/travis/build/icyphy/ptII/ptolemy/actor/lib/test/auto/Clock19.xml (RunModel)" time="0.04" />
  <testcase classname="ptolemy.util.test.junit.AutoTests" name="[57] /home/travis/build/icyphy/ptII/ptolemy/actor/lib/test/auto/Clock2.xml (RunModel)" time="0.01" />
  <testcase classname="ptolemy.util.test.junit.AutoTests" name="[58] /home/travis/build/icyphy/ptII/ptolemy/actor/lib/test/auto/Clock20.xml (RunModel)" time="0.026" />
  <testcase classname="ptolemy.util.test.junit.AutoTests" name="[59] /home/travis/build/icyphy/ptII/ptolemy/actor/lib/test/auto/Clock21.xml (RunModel)" time="0.013" />
  <testcase classname="ptolemy.util.test.junit.AutoTests" name="[60] /home/travis/build/icyphy/ptII/ptolemy/actor/lib/test/auto/Clock22.xml (RunModel)" time="0.016" />
  <testcase classname="ptolemy.util.test.junit.AutoTests" name="[61] /home/travis/build/icyphy/ptII/ptolemy/actor/lib/test/auto/Clock23.xml (RunModel)" time="0.011" />
  <testcase classname="ptolemy.util.test.junit.AutoTests" name="[62] /home/travis/build/icyphy/ptII/ptolemy/actor/lib/test/auto/Clock24.xml (RunModel)" time="0.011" />
  <testcase classname="ptolemy.util.test.junit.AutoTests" name="[63] /home/travis/build/icyphy/ptII/ptolemy/actor/lib/test/auto/Clock4.xml (RunModel)" time="0.014" />
  <testcase classname="ptolemy.util.test.junit.AutoTests" name="[64] /home/travis/build/icyphy/ptII/ptolemy/actor/lib/test/auto/Clock5.xml (RunModel)" time="0.019" />
  <testcase classname="ptolemy.util.test.junit.AutoTests" name="[65] /home/travis/build/icyphy/ptII/ptolemy/actor/lib/test/auto/Clock6.xml (RunModel)" time="0.02" />
  <testcase classname="ptolemy.util.test.junit.AutoTests" name="[66] /home/travis/build/icyphy/ptII/ptolemy/actor/lib/test/auto/Clock7.xml (RunModel)" time="0.009" />
  <testcase classname="ptolemy.util.test.junit.AutoTests" name="[67] /home/travis/build/icyphy/ptII/ptolemy/actor/lib/test/auto/Clock8.xml (RunModel)" time="0.01" />
  <testcase classname="ptolemy.util.test.junit.AutoTests" name="[68] /home/travis/build/icyphy/ptII/ptolemy/actor/lib/test/auto/Clock9.xml (RunModel)" time="0.009" />
  <testcase classname="ptolemy.util.test.junit.AutoTests" name="[69] /home/travis/build/icyphy/ptII/ptolemy/actor/lib/test/auto/CommDistDiscard.xml (RunModel)" time="0.018" />
  <testcase classname="ptolemy.util.test.junit.AutoTests" name="[70] /home/travis/build/icyphy/ptII/ptolemy/actor/lib/test/auto/Commutator.xml (RunModel)" time="0.015" />
  <testcase classname="ptolemy.util.test.junit.AutoTests" name="[71] /home/travis/build/icyphy/ptII/ptolemy/actor/lib/test/auto/Commutator2.xml (RunModel)" time="0.01" />
  <testcase classname="ptolemy.util.test.junit.AutoTests" name="[72] /home/travis/build/icyphy/ptII/ptolemy/actor/lib/test/auto/Commutator3.xml (RunModel)" time="0.01" />
  <testcase classname="ptolemy.util.test.junit.AutoTests" name="[73] /home/travis/build/icyphy/ptII/ptolemy/actor/lib/test/auto/Compare.xml (RunModel)" time="0.027" />
  <testcase classname="ptolemy.util.test.junit.AutoTests" name="[74] /home/travis/build/icyphy/ptII/ptolemy/actor/lib/test/auto/CompareDE.xml (RunModel)" time="0.026" />
  <testcase classname="ptolemy.util.test.junit.AutoTests" name="[75] /home/travis/build/icyphy/ptII/ptolemy/actor/lib/test/auto/ComplexDivide.xml (RunModel)" time="0.011" />
  <testcase classname="ptolemy.util.test.junit.AutoTests" name="[76] /home/travis/build/icyphy/ptII/ptolemy/actor/lib/test/auto/ComputeHistogram.xml (RunModel)" time="0.073" />
  <testcase classname="ptolemy.util.test.junit.AutoTests" name="[77] /home/travis/build/icyphy/ptII/ptolemy/actor/lib/test/auto/ConfigurationSelect.xml (RunModel)" time="0.019" />
  <testcase classname="ptolemy.util.test.junit.AutoTests" name="[78] /home/travis/build/icyphy/ptII/ptolemy/actor/lib/test/auto/ConfigurationSelect2.xml (RunModel)" time="0.013" />
  <testcase classname="ptolemy.util.test.junit.AutoTests" name="[79] /home/travis/build/icyphy/ptII/ptolemy/actor/lib/test/auto/ConfigurationSwitch.xml (RunModel)" time="0.02" />
  <testcase classname="ptolemy.util.test.junit.AutoTests" name="[80] /home/travis/build/icyphy/ptII/ptolemy/actor/lib/test/auto/ConfigurationSwitch2.xml (RunModel)" time="0.012" />
  <testcase classname="ptolemy.util.test.junit.AutoTests" name="[81] /home/travis/build/icyphy/ptII/ptolemy/actor/lib/test/auto/ConfigurationSwitchCloningBugWithClassRelationGroup.xml (RunModel)" time="0.016" />
  <testcase classname="ptolemy.util.test.junit.AutoTests" name="[82] /home/travis/build/icyphy/ptII/ptolemy/actor/lib/test/auto/ConfigurationSwitchSelectSDF.xml (RunModel)" time="0.013" />
  <testcase classname="ptolemy.util.test.junit.AutoTests" name="[83] /home/travis/build/icyphy/ptII/ptolemy/actor/lib/test/auto/ConfigurationSwitchSelectSDF2.xml (RunModel)" time="0.013" />
  <testcase classname="ptolemy.util.test.junit.AutoTests" name="[84] /home/travis/build/icyphy/ptII/ptolemy/actor/lib/test/auto/Const.xml (RunModel)" time="0.006" />
  <testcase classname="ptolemy.util.test.junit.AutoTests" name="[85] /home/travis/build/icyphy/ptII/ptolemy/actor/lib/test/auto/Const2.xml (RunModel)" time="0.009" />
  <testcase classname="ptolemy.util.test.junit.AutoTests" name="[86] /home/travis/build/icyphy/ptII/ptolemy/actor/lib/test/auto/Const3.xml (RunModel)" time="0.007" />
  <testcase classname="ptolemy.util.test.junit.AutoTests" name="[87] /home/travis/build/icyphy/ptII/ptolemy/actor/lib/test/auto/ConstantPublisherPort1.xml (RunModel)" time="0.024" />
  <testcase classname="ptolemy.util.test.junit.AutoTests" name="[88] /home/travis/build/icyphy/ptII/ptolemy/actor/lib/test/auto/ConstantPublisherPort2.xml (RunModel)" time="0.026" />
  <testcase classname="ptolemy.util.test.junit.AutoTests" name="[89] /home/travis/build/icyphy/ptII/ptolemy/actor/lib/test/auto/ConstantPublisherPort3.xml (RunModel)" time="0.046" />
  <testcase classname="ptolemy.util.test.junit.AutoTests" name="[90] /home/travis/build/icyphy/ptII/ptolemy/actor/lib/test/auto/ConstantPublisherPort4.xml (RunModel)" time="0.013" />
  <testcase classname="ptolemy.util.test.junit.AutoTests" name="[91] /home/travis/build/icyphy/ptII/ptolemy/actor/lib/test/auto/ConstantPublisherPort5.xml (RunModel)" time="0.042" />
  <testcase classname="ptolemy.util.test.junit.AutoTests" name="[92] /home/travis/build/icyphy/ptII/ptolemy/actor/lib/test/auto/ConstantPublisherPort6.xml (RunModel)" time="0.031" />
  <testcase classname="ptolemy.util.test.junit.AutoTests" name="[93] /home/travis/build/icyphy/ptII/ptolemy/actor/lib/test/auto/ConstantPublisherPort7.xml (RunModel)" time="0.029" />
  <testcase classname="ptolemy.util.test.junit.AutoTests" name="[94] /home/travis/build/icyphy/ptII/ptolemy/actor/lib/test/auto/ConstraintMonitor1.xml (RunModel)" time="0.031" />
  <testcase classname="ptolemy.util.test.junit.AutoTests" name="[95] /home/travis/build/icyphy/ptII/ptolemy/actor/lib/test/auto/ConstraintMonitor2.xml (RunModel)" time="0.016" />
  <testcase classname="ptolemy.util.test.junit.AutoTests" name="[96] /home/travis/build/icyphy/ptII/ptolemy/actor/lib/test/auto/ConstraintMonitor3.xml (RunModel)" time="0.018" />
  <testcase classname="ptolemy.util.test.junit.AutoTests" name="[97] /home/travis/build/icyphy/ptII/ptolemy/actor/lib/test/auto/ConstraintMonitor4.xml (RunModel)" time="0.018" />
  <testcase classname="ptolemy.util.test.junit.AutoTests" name="[98] /home/travis/build/icyphy/ptII/ptolemy/actor/lib/test/auto/ConstraintMonitor5.xml (RunModel)" time="0.018" />
  <testcase classname="ptolemy.util.test.junit.AutoTests" name="[99] /home/travis/build/icyphy/ptII/ptolemy/actor/lib/test/auto/ConstraintMonitor6.xml (RunModel)" time="0.015" />
  <testcase classname="ptolemy.util.test.junit.AutoTests" name="[100] /home/travis/build/icyphy/ptII/ptolemy/actor/lib/test/auto/ConstraintMonitor7.xml (RunModel)" time="0.021" />
  <testcase classname="ptolemy.util.test.junit.AutoTests" name="[101] /home/travis/build/icyphy/ptII/ptolemy/actor/lib/test/auto/ConstraintMonitor8.xml (RunModel)" time="0.021" />
  <testcase classname="ptolemy.util.test.junit.AutoTests" name="[102] /home/travis/build/icyphy/ptII/ptolemy/actor/lib/test/auto/Counter.xml (RunModel)" time="0.011" />
  <testcase classname="ptolemy.util.test.junit.AutoTests" name="[103] /home/travis/build/icyphy/ptII/ptolemy/actor/lib/test/auto/CurrentTimeSDF.xml (RunModel)" time="0.007" />
  <testcase classname="ptolemy.util.test.junit.AutoTests" name="[104] /home/travis/build/icyphy/ptII/ptolemy/actor/lib/test/auto/DB.xml (RunModel)" time="0.02" />
  <testcase classname="ptolemy.util.test.junit.AutoTests" name="[105] /home/travis/build/icyphy/ptII/ptolemy/actor/lib/test/auto/DBDE.xml (RunModel)" time="0.024" />
  <testcase classname="ptolemy.util.test.junit.AutoTests" name="[106] /home/travis/build/icyphy/ptII/ptolemy/actor/lib/test/auto/DateConstructor.xml (RunModel)" time="0.053" />
  <testcase classname="ptolemy.util.test.junit.AutoTests" name="[107] /home/travis/build/icyphy/ptII/ptolemy/actor/lib/test/auto/DelayTime.xml (RunModel)" time="0.015" />
  <testcase classname="ptolemy.util.test.junit.AutoTests" name="[108] /home/travis/build/icyphy/ptII/ptolemy/actor/lib/test/auto/Dictionary1.xml (RunModel)" time="0.014" />
  <testcase classname="ptolemy.util.test.junit.AutoTests" name="[109] /home/travis/build/icyphy/ptII/ptolemy/actor/lib/test/auto/Dictionary2.xml (RunModel)" time="0.014" />
  <testcase classname="ptolemy.util.test.junit.AutoTests" name="[110] /home/travis/build/icyphy/ptII/ptolemy/actor/lib/test/auto/Dictionary3.xml (RunModel)" time="0.012" />
  <testcase classname="ptolemy.util.test.junit.AutoTests" name="[111] /home/travis/build/icyphy/ptII/ptolemy/actor/lib/test/auto/Dictionary4.xml (RunModel)" time="0.02" />
  <testcase classname="ptolemy.util.test.junit.AutoTests" name="[112] /home/travis/build/icyphy/ptII/ptolemy/actor/lib/test/auto/Differential.xml (RunModel)" time="0.013" />
  <testcase classname="ptolemy.util.test.junit.AutoTests" name="[113] /home/travis/build/icyphy/ptII/ptolemy/actor/lib/test/auto/Director.xml (RunModel)" time="0.008" />
  <testcase classname="ptolemy.util.test.junit.AutoTests" name="[114] /home/travis/build/icyphy/ptII/ptolemy/actor/lib/test/auto/DiscreteClock.xml (RunModel)" time="0.01" />
  <testcase classname="ptolemy.util.test.junit.AutoTests" name="[115] /home/travis/build/icyphy/ptII/ptolemy/actor/lib/test/auto/DiscreteClock10.xml (RunModel)" time="0.013" />
  <testcase classname="ptolemy.util.test.junit.AutoTests" name="[116] /home/travis/build/icyphy/ptII/ptolemy/actor/lib/test/auto/DiscreteClock11.xml (RunModel)" time="0.012" />
  <testcase classname="ptolemy.util.test.junit.AutoTests" name="[117] /home/travis/build/icyphy/ptII/ptolemy/actor/lib/test/auto/DiscreteClock12.xml (RunModel)" time="0.012" />
  <testcase classname="ptolemy.util.test.junit.AutoTests" name="[118] /home/travis/build/icyphy/ptII/ptolemy/actor/lib/test/auto/DiscreteClock13.xml (RunModel)" time="0.016" />
  <testcase classname="ptolemy.util.test.junit.AutoTests" name="[119] /home/travis/build/icyphy/ptII/ptolemy/actor/lib/test/auto/DiscreteClock14.xml (RunModel)" time="0.016" />
  <testcase classname="ptolemy.util.test.junit.AutoTests" name="[120] /home/travis/build/icyphy/ptII/ptolemy/actor/lib/test/auto/DiscreteClock15.xml (RunModel)" time="0.016" />
  <testcase classname="ptolemy.util.test.junit.AutoTests" name="[121] /home/travis/build/icyphy/ptII/ptolemy/actor/lib/test/auto/DiscreteClock16.xml (RunModel)" time="0.041" />
  <testcase classname="ptolemy.util.test.junit.AutoTests" name="[122] /home/travis/build/icyphy/ptII/ptolemy/actor/lib/test/auto/DiscreteClock17.xml (RunModel)" time="0.039" />
  <testcase classname="ptolemy.util.test.junit.AutoTests" name="[123] /home/travis/build/icyphy/ptII/ptolemy/actor/lib/test/auto/DiscreteClock18.xml (RunModel)" time="0.523" />
  <testcase classname="ptolemy.util.test.junit.AutoTests" name="[124] /home/travis/build/icyphy/ptII/ptolemy/actor/lib/test/auto/DiscreteClock19.xml (RunModel)" time="0.046" />
  <testcase classname="ptolemy.util.test.junit.AutoTests" name="[125] /home/travis/build/icyphy/ptII/ptolemy/actor/lib/test/auto/DiscreteClock2.xml (RunModel)" time="0.011" />
  <testcase classname="ptolemy.util.test.junit.AutoTests" name="[126] /home/travis/build/icyphy/ptII/ptolemy/actor/lib/test/auto/DiscreteClock20.xml (RunModel)" time="0.022" />
  <testcase classname="ptolemy.util.test.junit.AutoTests" name="[127] /home/travis/build/icyphy/ptII/ptolemy/actor/lib/test/auto/DiscreteClock21.xml (RunModel)" time="0.015" />
  <testcase classname="ptolemy.util.test.junit.AutoTests" name="[128] /home/travis/build/icyphy/ptII/ptolemy/actor/lib/test/auto/DiscreteClock22.xml (RunModel)" time="0.015" />
  <testcase classname="ptolemy.util.test.junit.AutoTests" name="[129] /home/travis/build/icyphy/ptII/ptolemy/actor/lib/test/auto/DiscreteClock23.xml (RunModel)" time="0.018" />
  <testcase classname="ptolemy.util.test.junit.AutoTests" name="[130] /home/travis/build/icyphy/ptII/ptolemy/actor/lib/test/auto/DiscreteClock24.xml (RunModel)" time="0.015" />
  <testcase classname="ptolemy.util.test.junit.AutoTests" name="[131] /home/travis/build/icyphy/ptII/ptolemy/actor/lib/test/auto/DiscreteClock4.xml (RunModel)" time="0.009" />
  <testcase classname="ptolemy.util.test.junit.AutoTests" name="[132] /home/travis/build/icyphy/ptII/ptolemy/actor/lib/test/auto/DiscreteClock5.xml (RunModel)" time="0.008" />
  <testcase classname="ptolemy.util.test.junit.AutoTests" name="[133] /home/travis/build/icyphy/ptII/ptolemy/actor/lib/test/auto/DiscreteClock6.xml (RunModel)" time="0.006" />
  <testcase classname="ptolemy.util.test.junit.AutoTests" name="[134] /home/travis/build/icyphy/ptII/ptolemy/actor/lib/test/auto/DiscreteClock7.xml (RunModel)" time="0.007" />
  <testcase classname="ptolemy.util.test.junit.AutoTests" name="[135] /home/travis/build/icyphy/ptII/ptolemy/actor/lib/test/auto/DiscreteClock8.xml (RunModel)" time="0.012" />
  <testcase classname="ptolemy.util.test.junit.AutoTests" name="[136] /home/travis/build/icyphy/ptII/ptolemy/actor/lib/test/auto/DiscreteClock9.xml (RunModel)" time="0.013" />
  <testcase classname="ptolemy.util.test.junit.AutoTests" name="[137] /home/travis/build/icyphy/ptII/ptolemy/actor/lib/test/auto/DisplayArray.xml (RunModel)" time="0.007" />
  <testcase classname="ptolemy.util.test.junit.AutoTests" name="[138] /home/travis/build/icyphy/ptII/ptolemy/actor/lib/test/auto/Distributor.xml (RunModel)" time="0.008" />
  <testcase classname="ptolemy.util.test.junit.AutoTests" name="[139] /home/travis/build/icyphy/ptII/ptolemy/actor/lib/test/auto/Distributor2.xml (RunModel)" time="0.009" />
  <testcase classname="ptolemy.util.test.junit.AutoTests" name="[140] /home/travis/build/icyphy/ptII/ptolemy/actor/lib/test/auto/DownSample.xml (RunModel)" time="0.007" />
  <testcase classname="ptolemy.util.test.junit.AutoTests" name="[141] /home/travis/build/icyphy/ptII/ptolemy/actor/lib/test/auto/ElectronicUnitBase1.xml (RunModel)" time="0.051" />
  <testcase classname="ptolemy.util.test.junit.AutoTests" name="[142] /home/travis/build/icyphy/ptII/ptolemy/actor/lib/test/auto/ElementsToArray.xml (RunModel)" time="0.009" />
  <testcase classname="ptolemy.util.test.junit.AutoTests" name="[143] /home/travis/build/icyphy/ptII/ptolemy/actor/lib/test/auto/Equals.xml (RunModel)" time="0.01" />
  <testcase classname="ptolemy.util.test.junit.AutoTests" name="[144] /home/travis/build/icyphy/ptII/ptolemy/actor/lib/test/auto/Exec.xml (RunModel)" time="0.019" />
  <testcase classname="ptolemy.util.test.junit.AutoTests" name="[145] /home/travis/build/icyphy/ptII/ptolemy/actor/lib/test/auto/ExecEnvironment.xml (RunModel)" time="0.036" />
  <testcase classname="ptolemy.util.test.junit.AutoTests" name="[146] /home/travis/build/icyphy/ptII/ptolemy/actor/lib/test/auto/ExecNonZeroReturnOutput.xml (RunModel)" time="0.128" />
  <testcase classname="ptolemy.util.test.junit.AutoTests" name="[147] /home/travis/build/icyphy/ptII/ptolemy/actor/lib/test/auto/ExecRunDemos.xml (RunModel)" time="9.191" />
  <testcase classname="ptolemy.util.test.junit.AutoTests" name="[148] /home/travis/build/icyphy/ptII/ptolemy/actor/lib/test/auto/ExecStop.xml (RunModel)" time="5.022" />
  <testcase classname="ptolemy.util.test.junit.AutoTests" name="[149] /home/travis/build/icyphy/ptII/ptolemy/actor/lib/test/auto/ExecutionTimeSDF.xml (RunModel)" time="6.037" />
  <testcase classname="ptolemy.util.test.junit.AutoTests" name="[150] /home/travis/build/icyphy/ptII/ptolemy/actor/lib/test/auto/Expression1.xml (RunModel)" time="0.007" />
  <testcase classname="ptolemy.util.test.junit.AutoTests" name="[151] /home/travis/build/icyphy/ptII/ptolemy/actor/lib/test/auto/Expression10.xml (RunModel)" time="0.013" />
  <testcase classname="ptolemy.util.test.junit.AutoTests" name="[152] /home/travis/build/icyphy/ptII/ptolemy/actor/lib/test/auto/Expression11.xml (RunModel)" time="0.011" />
  <testcase classname="ptolemy.util.test.junit.AutoTests" name="[153] /home/travis/build/icyphy/ptII/ptolemy/actor/lib/test/auto/Expression12.xml (RunModel)" time="0.012" />
  <testcase classname="ptolemy.util.test.junit.AutoTests" name="[154] /home/travis/build/icyphy/ptII/ptolemy/actor/lib/test/auto/Expression13.xml (RunModel)" time="0.012" />
  <testcase classname="ptolemy.util.test.junit.AutoTests" name="[155] /home/travis/build/icyphy/ptII/ptolemy/actor/lib/test/auto/Expression14.xml (RunModel)" time="0.028" />
  <testcase classname="ptolemy.util.test.junit.AutoTests" name="[156] /home/travis/build/icyphy/ptII/ptolemy/actor/lib/test/auto/Expression15.xml (RunModel)" time="0.01" />
  <testcase classname="ptolemy.util.test.junit.AutoTests" name="[157] /home/travis/build/icyphy/ptII/ptolemy/actor/lib/test/auto/Expression16.xml (RunModel)" time="0.014" />
  <testcase classname="ptolemy.util.test.junit.AutoTests" name="[158] /home/travis/build/icyphy/ptII/ptolemy/actor/lib/test/auto/Expression17.xml (RunModel)" time="0.017" />
  <testcase classname="ptolemy.util.test.junit.AutoTests" name="[159] /home/travis/build/icyphy/ptII/ptolemy/actor/lib/test/auto/Expression18.xml (RunModel)" time="0.015" />
  <testcase classname="ptolemy.util.test.junit.AutoTests" name="[160] /home/travis/build/icyphy/ptII/ptolemy/actor/lib/test/auto/Expression2.xml (RunModel)" time="0.016" />
  <testcase classname="ptolemy.util.test.junit.AutoTests" name="[161] /home/travis/build/icyphy/ptII/ptolemy/actor/lib/test/auto/Expression3.xml (RunModel)" time="0.014" />
  <testcase classname="ptolemy.util.test.junit.AutoTests" name="[162] /home/travis/build/icyphy/ptII/ptolemy/actor/lib/test/auto/Expression4.xml (RunModel)" time="0.019" />
  <testcase classname="ptolemy.util.test.junit.AutoTests" name="[163] /home/travis/build/icyphy/ptII/ptolemy/actor/lib/test/auto/Expression5.xml (RunModel)" time="0.015" />
  <testcase classname="ptolemy.util.test.junit.AutoTests" name="[164] /home/travis/build/icyphy/ptII/ptolemy/actor/lib/test/auto/Expression6.xml (RunModel)" time="0.009" />
  <testcase classname="ptolemy.util.test.junit.AutoTests" name="[165] /home/travis/build/icyphy/ptII/ptolemy/actor/lib/test/auto/Expression7.xml (RunModel)" time="0.013" />
  <testcase classname="ptolemy.util.test.junit.AutoTests" name="[166] /home/travis/build/icyphy/ptII/ptolemy/actor/lib/test/auto/Expression8.xml (RunModel)" time="0.016" />
  <testcase classname="ptolemy.util.test.junit.AutoTests" name="[167] /home/travis/build/icyphy/ptII/ptolemy/actor/lib/test/auto/Expression9.xml (RunModel)" time="0.008" />
  <testcase classname="ptolemy.util.test.junit.AutoTests" name="[168] /home/travis/build/icyphy/ptII/ptolemy/actor/lib/test/auto/ExpressionConcatenateArrayType.xml (RunModel)" time="0.024" />
  <testcase classname="ptolemy.util.test.junit.AutoTests" name="[169] /home/travis/build/icyphy/ptII/ptolemy/actor/lib/test/auto/ExpressionConcatenateArrayType2.xml (RunModel)" time="0.017" />
  <testcase classname="ptolemy.util.test.junit.AutoTests" name="[170] /home/travis/build/icyphy/ptII/ptolemy/actor/lib/test/auto/ExpressionFix.xml (RunModel)" time="0.024" />
  <testcase classname="ptolemy.util.test.junit.AutoTests" name="[171] /home/travis/build/icyphy/ptII/ptolemy/actor/lib/test/auto/ExpressionFix2.xml (RunModel)" time="0.01" />
  <testcase classname="ptolemy.util.test.junit.AutoTests" name="[172] /home/travis/build/icyphy/ptII/ptolemy/actor/lib/test/auto/ExpressionFix3.xml (RunModel)" time="0.012" />
  <testcase classname="ptolemy.util.test.junit.AutoTests" name="[173] /home/travis/build/icyphy/ptII/ptolemy/actor/lib/test/auto/FileWriter1.xml (RunModel)" time="0.01" />
  <testcase classname="ptolemy.util.test.junit.AutoTests" name="[174] /home/travis/build/icyphy/ptII/ptolemy/actor/lib/test/auto/FileWriter2.xml (RunModel)" time="0.013" />
  <testcase classname="ptolemy.util.test.junit.AutoTests" name="[175] /home/travis/build/icyphy/ptII/ptolemy/actor/lib/test/auto/FileWriter3.xml (RunModel)" time="0.015" />
  <testcase classname="ptolemy.util.test.junit.AutoTests" name="[176] /home/travis/build/icyphy/ptII/ptolemy/actor/lib/test/auto/Gaussian.xml (RunModel)" time="0.011" />
  <testcase classname="ptolemy.util.test.junit.AutoTests" name="[177] /home/travis/build/icyphy/ptII/ptolemy/actor/lib/test/auto/Gaussian1.xml (RunModel)" time="0.013" />
  <testcase classname="ptolemy.util.test.junit.AutoTests" name="[178] /home/travis/build/icyphy/ptII/ptolemy/actor/lib/test/auto/Gaussian2.xml (RunModel)" time="0.016" />
  <testcase classname="ptolemy.util.test.junit.AutoTests" name="[179] /home/travis/build/icyphy/ptII/ptolemy/actor/lib/test/auto/GradientAdaptiveLattice.xml (RunModel)" time="0.016" />
  <testcase classname="ptolemy.util.test.junit.AutoTests" name="[180] /home/travis/build/icyphy/ptII/ptolemy/actor/lib/test/auto/IIR.xml (RunModel)" time="0.01" />
  <testcase classname="ptolemy.util.test.junit.AutoTests" name="[181] /home/travis/build/icyphy/ptII/ptolemy/actor/lib/test/auto/InputOutputTransparentPorts.xml (RunModel)" time="0.023" />
  <testcase classname="ptolemy.util.test.junit.AutoTests" name="[182] /home/travis/build/icyphy/ptII/ptolemy/actor/lib/test/auto/Interpolator.xml (RunModel)" time="0.01" />
  <testcase classname="ptolemy.util.test.junit.AutoTests" name="[183] /home/travis/build/icyphy/ptII/ptolemy/actor/lib/test/auto/InterpolatorFiringLimitDE.xml (RunModel)" time="0.012" />
  <testcase classname="ptolemy.util.test.junit.AutoTests" name="[184] /home/travis/build/icyphy/ptII/ptolemy/actor/lib/test/auto/Lattice.xml (RunModel)" time="0.008" />
  <testcase classname="ptolemy.util.test.junit.AutoTests" name="[185] /home/travis/build/icyphy/ptII/ptolemy/actor/lib/test/auto/LazyAOCTestLazy.xml (RunModel)" time="0.019" />
  <testcase classname="ptolemy.util.test.junit.AutoTests" name="[186] /home/travis/build/icyphy/ptII/ptolemy/actor/lib/test/auto/LazyAOCTestNonLazy.xml (RunModel)" time="0.015" />
  <testcase classname="ptolemy.util.test.junit.AutoTests" name="[187] /home/travis/build/icyphy/ptII/ptolemy/actor/lib/test/auto/LazyInnerClass.xml (RunModel)" time="0.02" />
  <testcase classname="ptolemy.util.test.junit.AutoTests" name="[188] /home/travis/build/icyphy/ptII/ptolemy/actor/lib/test/auto/LazyPubSub.xml (RunModel)" time="0.028" />
  <testcase classname="ptolemy.util.test.junit.AutoTests" name="[189] /home/travis/build/icyphy/ptII/ptolemy/actor/lib/test/auto/LazyPubSub2.xml (RunModel)" time="0.027" />
  <testcase classname="ptolemy.util.test.junit.AutoTests" name="[190] /home/travis/build/icyphy/ptII/ptolemy/actor/lib/test/auto/LazyPubSub3.xml (RunModel)" time="0.028" />
  <testcase classname="ptolemy.util.test.junit.AutoTests" name="[191] /home/travis/build/icyphy/ptII/ptolemy/actor/lib/test/auto/LazySubClassModel.xml (RunModel)" time="0.019" />
  <testcase classname="ptolemy.util.test.junit.AutoTests" name="[192] /home/travis/build/icyphy/ptII/ptolemy/actor/lib/test/auto/LevelCrossTest1.xml (RunModel)" time="0.01" />
  <testcase classname="ptolemy.util.test.junit.AutoTests" name="[193] /home/travis/build/icyphy/ptII/ptolemy/actor/lib/test/auto/LevelCrossTest10.xml (RunModel)" time="0.033" />
  <testcase classname="ptolemy.util.test.junit.AutoTests" name="[194] /home/travis/build/icyphy/ptII/ptolemy/actor/lib/test/auto/LevelCrossTest11.xml (RunModel)" time="0.027" />
  <testcase classname="ptolemy.util.test.junit.AutoTests" name="[195] /home/travis/build/icyphy/ptII/ptolemy/actor/lib/test/auto/LevelCrossTest12.xml (RunModel)" time="0.013" />
  <testcase classname="ptolemy.util.test.junit.AutoTests" name="[196] /home/travis/build/icyphy/ptII/ptolemy/actor/lib/test/auto/LevelCrossTest13.xml (RunModel)" time="0.012" />
  <testcase classname="ptolemy.util.test.junit.AutoTests" name="[197] /home/travis/build/icyphy/ptII/ptolemy/actor/lib/test/auto/LevelCrossTest2.xml (RunModel)" time="0.01" />
  <testcase classname="ptolemy.util.test.junit.AutoTests" name="[198] /home/travis/build/icyphy/ptII/ptolemy/actor/lib/test/auto/LevelCrossTest3.xml (RunModel)" time="0.012" />
  <testcase classname="ptolemy.util.test.junit.AutoTests" name="[199] /home/travis/build/icyphy/ptII/ptolemy/actor/lib/test/auto/LevelCrossTest4.xml (RunModel)" time="0.011" />
  <testcase classname="ptolemy.util.test.junit.AutoTests" name="[200] /home/travis/build/icyphy/ptII/ptolemy/actor/lib/test/auto/LevelCrossTest5.xml (RunModel)" time="0.013" />
  <testcase classname="ptolemy.util.test.junit.AutoTests" name="[201] /home/travis/build/icyphy/ptII/ptolemy/actor/lib/test/auto/LevelCrossTest6.xml (RunModel)" time="0.013" />
  <testcase classname="ptolemy.util.test.junit.AutoTests" name="[202] /home/travis/build/icyphy/ptII/ptolemy/actor/lib/test/auto/LevelCrossTest7.xml (RunModel)" time="0.013" />
  <testcase classname="ptolemy.util.test.junit.AutoTests" name="[203] /home/travis/build/icyphy/ptII/ptolemy/actor/lib/test/auto/LevelCrossTest8.xml (RunModel)" time="0.013" />
  <testcase classname="ptolemy.util.test.junit.AutoTests" name="[204] /home/travis/build/icyphy/ptII/ptolemy/actor/lib/test/auto/LevelCrossTest9.xml (RunModel)" time="0.014" />
  <testcase classname="ptolemy.util.test.junit.AutoTests" name="[205] /home/travis/build/icyphy/ptII/ptolemy/actor/lib/test/auto/LevinsonDurbin.xml (RunModel)" time="0.01" />
  <testcase classname="ptolemy.util.test.junit.AutoTests" name="[206] /home/travis/build/icyphy/ptII/ptolemy/actor/lib/test/auto/LevinsonDurbin2.xml (RunModel)" time="0.009" />
  <testcase classname="ptolemy.util.test.junit.AutoTests" name="[207] /home/travis/build/icyphy/ptII/ptolemy/actor/lib/test/auto/LevinsonDurbin3.xml (RunModel)" time="0.008" />
  <testcase classname="ptolemy.util.test.junit.AutoTests" name="[208] /home/travis/build/icyphy/ptII/ptolemy/actor/lib/test/auto/Limiter.xml (RunModel)" time="0.032" />
  <testcase classname="ptolemy.util.test.junit.AutoTests" name="[209] /home/travis/build/icyphy/ptII/ptolemy/actor/lib/test/auto/LinearDifferenceEquationSystem.xml (RunModel)" time="0.021" />
  <testcase classname="ptolemy.util.test.junit.AutoTests" name="[210] /home/travis/build/icyphy/ptII/ptolemy/actor/lib/test/auto/LookupTable.xml (RunModel)" time="0.01" />
  <testcase classname="ptolemy.util.test.junit.AutoTests" name="[211] /home/travis/build/icyphy/ptII/ptolemy/actor/lib/test/auto/MathFunction.xml (RunModel)" time="0.024" />
  <testcase classname="ptolemy.util.test.junit.AutoTests" name="[212] /home/travis/build/icyphy/ptII/ptolemy/actor/lib/test/auto/MathFunction2.xml (RunModel)" time="0.013" />
  <testcase classname="ptolemy.util.test.junit.AutoTests" name="[213] /home/travis/build/icyphy/ptII/ptolemy/actor/lib/test/auto/MathFunction3.xml (RunModel)" time="0.017" />
  <testcase classname="ptolemy.util.test.junit.AutoTests" name="[214] /home/travis/build/icyphy/ptII/ptolemy/actor/lib/test/auto/MatrixCropBoolean.xml (RunModel)" time="0.011" />
  <testcase classname="ptolemy.util.test.junit.AutoTests" name="[215] /home/travis/build/icyphy/ptII/ptolemy/actor/lib/test/auto/MatrixCropComplex.xml (RunModel)" time="0.013" />
  <testcase classname="ptolemy.util.test.junit.AutoTests" name="[216] /home/travis/build/icyphy/ptII/ptolemy/actor/lib/test/auto/MatrixCropDouble.xml (RunModel)" time="0.011" />
  <testcase classname="ptolemy.util.test.junit.AutoTests" name="[217] /home/travis/build/icyphy/ptII/ptolemy/actor/lib/test/auto/MatrixCropFix.xml (RunModel)" time="0.013" />
  <testcase classname="ptolemy.util.test.junit.AutoTests" name="[218] /home/travis/build/icyphy/ptII/ptolemy/actor/lib/test/auto/MatrixCropInt.xml (RunModel)" time="0.01" />
  <testcase classname="ptolemy.util.test.junit.AutoTests" name="[219] /home/travis/build/icyphy/ptII/ptolemy/actor/lib/test/auto/MatrixCropLong.xml (RunModel)" time="0.008" />
  <testcase classname="ptolemy.util.test.junit.AutoTests" name="[220] /home/travis/build/icyphy/ptII/ptolemy/actor/lib/test/auto/MatrixToArray.xml (RunModel)" time="0.06" />
  <testcase classname="ptolemy.util.test.junit.AutoTests" name="[221] /home/travis/build/icyphy/ptII/ptolemy/actor/lib/test/auto/MaxIndex.xml (RunModel)" time="0.013" />
  <testcase classname="ptolemy.util.test.junit.AutoTests" name="[222] /home/travis/build/icyphy/ptII/ptolemy/actor/lib/test/auto/Maximum.xml (RunModel)" time="0.021" />
  <testcase classname="ptolemy.util.test.junit.AutoTests" name="[223] /home/travis/build/icyphy/ptII/ptolemy/actor/lib/test/auto/MaximumComplex.xml (RunModel)" time="0.014" />
  <testcase classname="ptolemy.util.test.junit.AutoTests" name="[224] /home/travis/build/icyphy/ptII/ptolemy/actor/lib/test/auto/MethodCallTest.xml (RunModel)" time="0.024" />
  <testcase classname="ptolemy.util.test.junit.AutoTests" name="[225] /home/travis/build/icyphy/ptII/ptolemy/actor/lib/test/auto/Minimum.xml (RunModel)" time="0.015" />
  <testcase classname="ptolemy.util.test.junit.AutoTests" name="[226] /home/travis/build/icyphy/ptII/ptolemy/actor/lib/test/auto/MinimumComplex.xml (RunModel)" time="0.015" />
  <testcase classname="ptolemy.util.test.junit.AutoTests" name="[227] /home/travis/build/icyphy/ptII/ptolemy/actor/lib/test/auto/MinimumMultiports.xml (RunModel)" time="0.019" />
  <testcase classname="ptolemy.util.test.junit.AutoTests" name="[228] /home/travis/build/icyphy/ptII/ptolemy/actor/lib/test/auto/ModifyDate.xml (RunModel)" time="0.033" />
  <testcase classname="ptolemy.util.test.junit.AutoTests" name="[229] /home/travis/build/icyphy/ptII/ptolemy/actor/lib/test/auto/ModifyDate2.xml (RunModel)" time="0.028" />
  <testcase classname="ptolemy.util.test.junit.AutoTests" name="[230] /home/travis/build/icyphy/ptII/ptolemy/actor/lib/test/auto/MovingAverage.xml (RunModel)" time="0.01" />
  <testcase classname="ptolemy.util.test.junit.AutoTests" name="[231] /home/travis/build/icyphy/ptII/ptolemy/actor/lib/test/auto/MovingMaximum.xml (RunModel)" time="0.01" />
  <testcase classname="ptolemy.util.test.junit.AutoTests" name="[232] /home/travis/build/icyphy/ptII/ptolemy/actor/lib/test/auto/MultipleLinksToSameRelation.xml (RunModel)" time="0.006" />
  <testcase classname="ptolemy.util.test.junit.AutoTests" name="[233] /home/travis/build/icyphy/ptII/ptolemy/actor/lib/test/auto/MultipleLinksToSameRelationDE.xml (RunModel)" time="0.007" />
  <testcase classname="ptolemy.util.test.junit.AutoTests" name="[234] /home/travis/build/icyphy/ptII/ptolemy/actor/lib/test/auto/Multiplexor.xml (RunModel)" time="0.01" />
  <testcase classname="ptolemy.util.test.junit.AutoTests" name="[235] /home/travis/build/icyphy/ptII/ptolemy/actor/lib/test/auto/Multiplexor1.xml (RunModel)" time="0.014" />
  <testcase classname="ptolemy.util.test.junit.AutoTests" name="[236] /home/travis/build/icyphy/ptII/ptolemy/actor/lib/test/auto/Multiplexor2.xml (RunModel)" time="0.012" />
  <testcase classname="ptolemy.util.test.junit.AutoTests" name="[237] /home/travis/build/icyphy/ptII/ptolemy/actor/lib/test/auto/Multiplexor3.xml (RunModel)" time="0.008" />
  <testcase classname="ptolemy.util.test.junit.AutoTests" name="[238] /home/travis/build/icyphy/ptII/ptolemy/actor/lib/test/auto/MultiplexorDE.xml (RunModel)" time="0.015" />
  <testcase classname="ptolemy.util.test.junit.AutoTests" name="[239] /home/travis/build/icyphy/ptII/ptolemy/actor/lib/test/auto/MultiportBroadcastTest.xml (RunModel)" time="0.066" />
  <testcase classname="ptolemy.util.test.junit.AutoTests" name="[240] /home/travis/build/icyphy/ptII/ptolemy/actor/lib/test/auto/MultiportOutHangDuringGetWidth.xml (RunModel)" time="0.028" />
  <testcase classname="ptolemy.util.test.junit.AutoTests" name="[241] /home/travis/build/icyphy/ptII/ptolemy/actor/lib/test/auto/NilToken.xml (RunModel)" time="0.01" />
  <testcase classname="ptolemy.util.test.junit.AutoTests" name="[242] /home/travis/build/icyphy/ptII/ptolemy/actor/lib/test/auto/NilTokenNonStrictTest.xml (RunModel)" time="0.009" />
  <testcase classname="ptolemy.util.test.junit.AutoTests" name="[243] /home/travis/build/icyphy/ptII/ptolemy/actor/lib/test/auto/NilTokenRecord.xml (RunModel)" time="0.017" />
  <testcase classname="ptolemy.util.test.junit.AutoTests" name="[244] /home/travis/build/icyphy/ptII/ptolemy/actor/lib/test/auto/NilTokenTypeTest.xml (RunModel)" time="0.028" />
  <testcase classname="ptolemy.util.test.junit.AutoTests" name="[245] /home/travis/build/icyphy/ptII/ptolemy/actor/lib/test/auto/ObjectToken1.xml (RunModel)" time="0.008" />
  <testcase classname="ptolemy.util.test.junit.AutoTests" name="[246] /home/travis/build/icyphy/ptII/ptolemy/actor/lib/test/auto/OrderedMerge.xml (RunModel)" time="0.014" />
  <testcase classname="ptolemy.util.test.junit.AutoTests" name="[247] /home/travis/build/icyphy/ptII/ptolemy/actor/lib/test/auto/OrderedRecordDisassembler.xml (RunModel)" time="0.015" />
  <testcase classname="ptolemy.util.test.junit.AutoTests" name="[248] /home/travis/build/icyphy/ptII/ptolemy/actor/lib/test/auto/OrderedRecordDisassembler2.xml (RunModel)" time="0.021" />
  <testcase classname="ptolemy.util.test.junit.AutoTests" name="[249] /home/travis/build/icyphy/ptII/ptolemy/actor/lib/test/auto/OrderedRecordUpdater.xml (RunModel)" time="0.011" />
  <testcase classname="ptolemy.util.test.junit.AutoTests" name="[250] /home/travis/build/icyphy/ptII/ptolemy/actor/lib/test/auto/OrderedRecordUpdater2.xml (RunModel)" time="0.017" />
  <testcase classname="ptolemy.util.test.junit.AutoTests" name="[251] /home/travis/build/icyphy/ptII/ptolemy/actor/lib/test/auto/PhaseUnwrap.xml (RunModel)" time="0.015" />
  <testcase classname="ptolemy.util.test.junit.AutoTests" name="[252] /home/travis/build/icyphy/ptII/ptolemy/actor/lib/test/auto/PoissonClock.xml (RunModel)" time="0.011" />
  <testcase classname="ptolemy.util.test.junit.AutoTests" name="[253] /home/travis/build/icyphy/ptII/ptolemy/actor/lib/test/auto/PoissonClock2.xml (RunModel)" time="0.007" />
  <testcase classname="ptolemy.util.test.junit.AutoTests" name="[254] /home/travis/build/icyphy/ptII/ptolemy/actor/lib/test/auto/PoissonClock3.xml (RunModel)" time="0.015" />
  <testcase classname="ptolemy.util.test.junit.AutoTests" name="[255] /home/travis/build/icyphy/ptII/ptolemy/actor/lib/test/auto/PubSubWithInitialTokens.xml (RunModel)" time="0.015" />
  <testcase classname="ptolemy.util.test.junit.AutoTests" name="[256] /home/travis/build/icyphy/ptII/ptolemy/actor/lib/test/auto/PubSubWithInitialTokens2.xml (RunModel)" time="0.027" />
  <testcase classname="ptolemy.util.test.junit.AutoTests" name="[257] /home/travis/build/icyphy/ptII/ptolemy/actor/lib/test/auto/PublisherClassNoParameter.xml (RunModel)" time="0.026" />
  <testcase classname="ptolemy.util.test.junit.AutoTests" name="[258] /home/travis/build/icyphy/ptII/ptolemy/actor/lib/test/auto/PublisherClassParameter.xml (RunModel)" time="0.025" />
  <testcase classname="ptolemy.util.test.junit.AutoTests" name="[259] /home/travis/build/icyphy/ptII/ptolemy/actor/lib/test/auto/PublisherNonStrictTest.xml (RunModel)" time="0.014" />
  <testcase classname="ptolemy.util.test.junit.AutoTests" name="[260] /home/travis/build/icyphy/ptII/ptolemy/actor/lib/test/auto/PublisherPort1.xml (RunModel)" time="0.012" />
  <testcase classname="ptolemy.util.test.junit.AutoTests" name="[261] /home/travis/build/icyphy/ptII/ptolemy/actor/lib/test/auto/PublisherPort2.xml (RunModel)" time="0.01" />
  <testcase classname="ptolemy.util.test.junit.AutoTests" name="[262] /home/travis/build/icyphy/ptII/ptolemy/actor/lib/test/auto/PublisherPort3.xml (RunModel)" time="0.011" />
  <testcase classname="ptolemy.util.test.junit.AutoTests" name="[263] /home/travis/build/icyphy/ptII/ptolemy/actor/lib/test/auto/PublisherPort4.xml (RunModel)" time="0.015" />
  <testcase classname="ptolemy.util.test.junit.AutoTests" name="[264] /home/travis/build/icyphy/ptII/ptolemy/actor/lib/test/auto/PublisherPort5.xml (RunModel)" time="0.013" />
  <testcase classname="ptolemy.util.test.junit.AutoTests" name="[265] /home/travis/build/icyphy/ptII/ptolemy/actor/lib/test/auto/PublisherPort5LookAlike.xml (RunModel)" time="0.014" />
  <testcase classname="ptolemy.util.test.junit.AutoTests" name="[266] /home/travis/build/icyphy/ptII/ptolemy/actor/lib/test/auto/PublisherPort6.xml (RunModel)" time="0.012" />
  <testcase classname="ptolemy.util.test.junit.AutoTests" name="[267] /home/travis/build/icyphy/ptII/ptolemy/actor/lib/test/auto/PublisherPort7.xml (RunModel)" time="0.014" />
  <testcase classname="ptolemy.util.test.junit.AutoTests" name="[268] /home/travis/build/icyphy/ptII/ptolemy/actor/lib/test/auto/PublisherPort8.xml (RunModel)" time="0.015" />
  <testcase classname="ptolemy.util.test.junit.AutoTests" name="[269] /home/travis/build/icyphy/ptII/ptolemy/actor/lib/test/auto/PublisherPortSubscriberChannelVariablesAOC2.xml (RunModel)" time="0.031" />
  <testcase classname="ptolemy.util.test.junit.AutoTests" name="[270] /home/travis/build/icyphy/ptII/ptolemy/actor/lib/test/auto/PublisherPortSubscriberOpaqueWidthInference.xml (RunModel)" time="0.015" />
  <testcase classname="ptolemy.util.test.junit.AutoTests" name="[271] /home/travis/build/icyphy/ptII/ptolemy/actor/lib/test/auto/PublisherPortSubscriberPortAdjacent.xml (RunModel)" time="0.019" />
  <testcase classname="ptolemy.util.test.junit.AutoTests" name="[272] /home/travis/build/icyphy/ptII/ptolemy/actor/lib/test/auto/PublisherPortSubscriberPortExpression.xml (RunModel)" time="0.016" />
  <testcase classname="ptolemy.util.test.junit.AutoTests" name="[273] /home/travis/build/icyphy/ptII/ptolemy/actor/lib/test/auto/PublisherPortSubscriberPortOpaqueD3Reverse.xml (RunModel)" time="0.017" />
  <testcase classname="ptolemy.util.test.junit.AutoTests" name="[274] /home/travis/build/icyphy/ptII/ptolemy/actor/lib/test/auto/PublisherPortSubscriberPortOpaqueWidthInference.xml (RunModel)" time="0.016" />
  <testcase classname="ptolemy.util.test.junit.AutoTests" name="[275] /home/travis/build/icyphy/ptII/ptolemy/actor/lib/test/auto/PublisherPortToplevelSubscriberPortAOC.xml (RunModel)" time="0.011" />
  <testcase classname="ptolemy.util.test.junit.AutoTests" name="[276] /home/travis/build/icyphy/ptII/ptolemy/actor/lib/test/auto/PublisherSubscriber.xml (RunModel)" time="0.011" />
  <testcase classname="ptolemy.util.test.junit.AutoTests" name="[277] /home/travis/build/icyphy/ptII/ptolemy/actor/lib/test/auto/PublisherSubscriber10.xml (RunModel)" time="0.018" />
  <testcase classname="ptolemy.util.test.junit.AutoTests" name="[278] /home/travis/build/icyphy/ptII/ptolemy/actor/lib/test/auto/PublisherSubscriber10InitialOutputs.xml (RunModel)" time="0.02" />
  <testcase classname="ptolemy.util.test.junit.AutoTests" name="[279] /home/travis/build/icyphy/ptII/ptolemy/actor/lib/test/auto/PublisherSubscriber11.xml (RunModel)" time="0.014" />
  <testcase classname="ptolemy.util.test.junit.AutoTests" name="[280] /home/travis/build/icyphy/ptII/ptolemy/actor/lib/test/auto/PublisherSubscriber12.xml (RunModel)" time="0.013" />
  <testcase classname="ptolemy.util.test.junit.AutoTests" name="[281] /home/travis/build/icyphy/ptII/ptolemy/actor/lib/test/auto/PublisherSubscriber13.xml (RunModel)" time="0.01" />
  <testcase classname="ptolemy.util.test.junit.AutoTests" name="[282] /home/travis/build/icyphy/ptII/ptolemy/actor/lib/test/auto/PublisherSubscriber14.xml (RunModel)" time="0.028" />
  <testcase classname="ptolemy.util.test.junit.AutoTests" name="[283] /home/travis/build/icyphy/ptII/ptolemy/actor/lib/test/auto/PublisherSubscriber2.xml (RunModel)" time="0.01" />
  <testcase classname="ptolemy.util.test.junit.AutoTests" name="[284] /home/travis/build/icyphy/ptII/ptolemy/actor/lib/test/auto/PublisherSubscriber3.xml (RunModel)" time="0.012" />
  <testcase classname="ptolemy.util.test.junit.AutoTests" name="[285] /home/travis/build/icyphy/ptII/ptolemy/actor/lib/test/auto/PublisherSubscriber4.xml (RunModel)" time="0.017" />
  <testcase classname="ptolemy.util.test.junit.AutoTests" name="[286] /home/travis/build/icyphy/ptII/ptolemy/actor/lib/test/auto/PublisherSubscriber5.xml (RunModel)" time="0.011" />
  <testcase classname="ptolemy.util.test.junit.AutoTests" name="[287] /home/travis/build/icyphy/ptII/ptolemy/actor/lib/test/auto/PublisherSubscriber6.xml (RunModel)" time="0.014" />
  <testcase classname="ptolemy.util.test.junit.AutoTests" name="[288] /home/travis/build/icyphy/ptII/ptolemy/actor/lib/test/auto/PublisherSubscriber7.xml (RunModel)" time="0.016" />
  <testcase classname="ptolemy.util.test.junit.AutoTests" name="[289] /home/travis/build/icyphy/ptII/ptolemy/actor/lib/test/auto/PublisherSubscriber8.xml (RunModel)" time="0.033" />
  <testcase classname="ptolemy.util.test.junit.AutoTests" name="[290] /home/travis/build/icyphy/ptII/ptolemy/actor/lib/test/auto/PublisherSubscriber9.xml (RunModel)" time="0.018" />
  <testcase classname="ptolemy.util.test.junit.AutoTests" name="[291] /home/travis/build/icyphy/ptII/ptolemy/actor/lib/test/auto/PublisherSubscriberAdjacent.xml (RunModel)" time="0.017" />
  <testcase classname="ptolemy.util.test.junit.AutoTests" name="[292] /home/travis/build/icyphy/ptII/ptolemy/actor/lib/test/auto/PublisherSubscriberChannelVariablesAOC2.xml (RunModel)" time="0.029" />
  <testcase classname="ptolemy.util.test.junit.AutoTests" name="[293] /home/travis/build/icyphy/ptII/ptolemy/actor/lib/test/auto/PublisherSubscriberD3.xml (RunModel)" time="0.014" />
  <testcase classname="ptolemy.util.test.junit.AutoTests" name="[294] /home/travis/build/icyphy/ptII/ptolemy/actor/lib/test/auto/PublisherSubscriberD3Reverse.xml (RunModel)" time="0.011" />
  <testcase classname="ptolemy.util.test.junit.AutoTests" name="[295] /home/travis/build/icyphy/ptII/ptolemy/actor/lib/test/auto/PublisherSubscriberExpression.xml (RunModel)" time="0.017" />
  <testcase classname="ptolemy.util.test.junit.AutoTests" name="[296] /home/travis/build/icyphy/ptII/ptolemy/actor/lib/test/auto/PublisherSubscriberOpaque.xml (RunModel)" time="0.016" />
  <testcase classname="ptolemy.util.test.junit.AutoTests" name="[297] /home/travis/build/icyphy/ptII/ptolemy/actor/lib/test/auto/PublisherSubscriberOpaqueD3.xml (RunModel)" time="0.023" />
  <testcase classname="ptolemy.util.test.junit.AutoTests" name="[298] /home/travis/build/icyphy/ptII/ptolemy/actor/lib/test/auto/PublisherSubscriberOpaqueD3Reverse.xml (RunModel)" time="0.022" />
  <testcase classname="ptolemy.util.test.junit.AutoTests" name="[299] /home/travis/build/icyphy/ptII/ptolemy/actor/lib/test/auto/PublisherSubscriberOpaqueWidthInference.xml (RunModel)" time="0.015" />
  <testcase classname="ptolemy.util.test.junit.AutoTests" name="[300] /home/travis/build/icyphy/ptII/ptolemy/actor/lib/test/auto/PublisherTestSubscriber.xml (RunModel)" time="0.018" />
  <testcase classname="ptolemy.util.test.junit.AutoTests" name="[301] /home/travis/build/icyphy/ptII/ptolemy/actor/lib/test/auto/PublisherToplevelSubscriberPortAOC.xml (RunModel)" time="0.012" />
  <testcase classname="ptolemy.util.test.junit.AutoTests" name="[302] /home/travis/build/icyphy/ptII/ptolemy/actor/lib/test/auto/PulseFiringLimitDE.xml (RunModel)" time="0.015" />
  <testcase classname="ptolemy.util.test.junit.AutoTests" name="[303] /home/travis/build/icyphy/ptII/ptolemy/actor/lib/test/auto/Ramp1.xml (RunModel)" time="0.007" />
  <testcase classname="ptolemy.util.test.junit.AutoTests" name="[304] /home/travis/build/icyphy/ptII/ptolemy/actor/lib/test/auto/RampFiringLimitDE.xml (RunModel)" time="0.011" />
  <testcase classname="ptolemy.util.test.junit.AutoTests" name="[305] /home/travis/build/icyphy/ptII/ptolemy/actor/lib/test/auto/RampFiringLimitSDF.xml (RunModel)" time="0.01" />
  <testcase classname="ptolemy.util.test.junit.AutoTests" name="[306] /home/travis/build/icyphy/ptII/ptolemy/actor/lib/test/auto/RandomInteger.xml (RunModel)" time="0.008" />
  <testcase classname="ptolemy.util.test.junit.AutoTests" name="[307] /home/travis/build/icyphy/ptII/ptolemy/actor/lib/test/auto/ReadFile1.xml (RunModel)" time="0.011" />
  <testcase classname="ptolemy.util.test.junit.AutoTests" name="[308] /home/travis/build/icyphy/ptII/ptolemy/actor/lib/test/auto/ReadFile2.xml (RunModel)" time="0.006" />
  <testcase classname="ptolemy.util.test.junit.AutoTests" name="[309] /home/travis/build/icyphy/ptII/ptolemy/actor/lib/test/auto/Reader.xml (RunModel)" time="0.01" />
  <testcase classname="ptolemy.util.test.junit.AutoTests" name="[310] /home/travis/build/icyphy/ptII/ptolemy/actor/lib/test/auto/RecordAssemblerDisplayNameTest.xml (RunModel)" time="2.99" />
  <testcase classname="ptolemy.util.test.junit.AutoTests" name="[311] /home/travis/build/icyphy/ptII/ptolemy/actor/lib/test/auto/RecordAssemblerTypeError.xml (RunModel)" time="0.027" />
  <testcase classname="ptolemy.util.test.junit.AutoTests" name="[312] /home/travis/build/icyphy/ptII/ptolemy/actor/lib/test/auto/RecordDisassember.xml (RunModel)" time="0.008" />
  <testcase classname="ptolemy.util.test.junit.AutoTests" name="[313] /home/travis/build/icyphy/ptII/ptolemy/actor/lib/test/auto/RecordDisassemberDisplayNameTest.xml (RunModel)" time="0.015" />
  <testcase classname="ptolemy.util.test.junit.AutoTests" name="[314] /home/travis/build/icyphy/ptII/ptolemy/actor/lib/test/auto/RecordDisassembler.xml (RunModel)" time="0.01" />
  <testcase classname="ptolemy.util.test.junit.AutoTests" name="[315] /home/travis/build/icyphy/ptII/ptolemy/actor/lib/test/auto/RecordDisassembler2.xml (RunModel)" time="0.009" />
  <testcase classname="ptolemy.util.test.junit.AutoTests" name="[316] /home/travis/build/icyphy/ptII/ptolemy/actor/lib/test/auto/RecordUpdater.xml (RunModel)" time="0.008" />
  <testcase classname="ptolemy.util.test.junit.AutoTests" name="[317] /home/travis/build/icyphy/ptII/ptolemy/actor/lib/test/auto/RecordUpdater2.xml (RunModel)" time="0.011" />
  <testcase classname="ptolemy.util.test.junit.AutoTests" name="[318] /home/travis/build/icyphy/ptII/ptolemy/actor/lib/test/auto/RecursiveLattice.xml (RunModel)" time="0.007" />
  <testcase classname="ptolemy.util.test.junit.AutoTests" name="[319] /home/travis/build/icyphy/ptII/ptolemy/actor/lib/test/auto/Router.xml (RunModel)" time="3.024" />
  <testcase classname="ptolemy.util.test.junit.AutoTests" name="[320] /home/travis/build/icyphy/ptII/ptolemy/actor/lib/test/auto/Router2.xml (RunModel)" time="3.022" />
  <testcase classname="ptolemy.util.test.junit.AutoTests" name="[321] /home/travis/build/icyphy/ptII/ptolemy/actor/lib/test/auto/RunningMaximum.xml (RunModel)" time="0.012" />
  <testcase classname="ptolemy.util.test.junit.AutoTests" name="[322] /home/travis/build/icyphy/ptII/ptolemy/actor/lib/test/auto/RunningMinimum.xml (RunModel)" time="0.013" />
  <testcase classname="ptolemy.util.test.junit.AutoTests" name="[323] /home/travis/build/icyphy/ptII/ptolemy/actor/lib/test/auto/Scale.xml (RunModel)" time="0.012" />
  <testcase classname="ptolemy.util.test.junit.AutoTests" name="[324] /home/travis/build/icyphy/ptII/ptolemy/actor/lib/test/auto/Scale2.xml (RunModel)" time="0.01" />
  <testcase classname="ptolemy.util.test.junit.AutoTests" name="[325] /home/travis/build/icyphy/ptII/ptolemy/actor/lib/test/auto/Scale3.xml (RunModel)" time="0.014" />
  <testcase classname="ptolemy.util.test.junit.AutoTests" name="[326] /home/travis/build/icyphy/ptII/ptolemy/actor/lib/test/auto/ScaleArray.xml (RunModel)" time="0.009" />
  <testcase classname="ptolemy.util.test.junit.AutoTests" name="[327] /home/travis/build/icyphy/ptII/ptolemy/actor/lib/test/auto/ScaleArray2.xml (RunModel)" time="0.015" />
  <testcase classname="ptolemy.util.test.junit.AutoTests" name="[328] /home/travis/build/icyphy/ptII/ptolemy/actor/lib/test/auto/ScaleMatrix.xml (RunModel)" time="0.147" />
  <testcase classname="ptolemy.util.test.junit.AutoTests" name="[329] /home/travis/build/icyphy/ptII/ptolemy/actor/lib/test/auto/Select.xml (RunModel)" time="0.019" />
  <testcase classname="ptolemy.util.test.junit.AutoTests" name="[330] /home/travis/build/icyphy/ptII/ptolemy/actor/lib/test/auto/Select2.xml (RunModel)" time="0.01" />
  <testcase classname="ptolemy.util.test.junit.AutoTests" name="[331] /home/travis/build/icyphy/ptII/ptolemy/actor/lib/test/auto/SequenceToArray2.xml (RunModel)" time="0.135" />
  <testcase classname="ptolemy.util.test.junit.AutoTests" name="[332] /home/travis/build/icyphy/ptII/ptolemy/actor/lib/test/auto/SequentialClock.xml (RunModel)" time="0.016" />
  <testcase classname="ptolemy.util.test.junit.AutoTests" name="[333] /home/travis/build/icyphy/ptII/ptolemy/actor/lib/test/auto/SetVariable.xml (RunModel)" time="0.01" />
  <testcase classname="ptolemy.util.test.junit.AutoTests" name="[334] /home/travis/build/icyphy/ptII/ptolemy/actor/lib/test/auto/SetVariable2.xml (RunModel)" time="0.011" />
  <testcase classname="ptolemy.util.test.junit.AutoTests" name="[335] /home/travis/build/icyphy/ptII/ptolemy/actor/lib/test/auto/SetVariable3.xml (RunModel)" time="0.023" />
  <testcase classname="ptolemy.util.test.junit.AutoTests" name="[336] /home/travis/build/icyphy/ptII/ptolemy/actor/lib/test/auto/SetVariable4.xml (RunModel)" time="0.029" />
  <testcase classname="ptolemy.util.test.junit.AutoTests" name="[337] /home/travis/build/icyphy/ptII/ptolemy/actor/lib/test/auto/SetVariable5.xml (RunModel)" time="0.04" />
  <testcase classname="ptolemy.util.test.junit.AutoTests" name="[338] /home/travis/build/icyphy/ptII/ptolemy/actor/lib/test/auto/Sinewave.xml (RunModel)" time="0.045" />
  <testcase classname="ptolemy.util.test.junit.AutoTests" name="[339] /home/travis/build/icyphy/ptII/ptolemy/actor/lib/test/auto/Sinewave2.xml (RunModel)" time="0.032" />
  <testcase classname="ptolemy.util.test.junit.AutoTests" name="[340] /home/travis/build/icyphy/ptII/ptolemy/actor/lib/test/auto/Sinewave3.xml (RunModel)" time="0.018" />
  <testcase classname="ptolemy.util.test.junit.AutoTests" name="[341] /home/travis/build/icyphy/ptII/ptolemy/actor/lib/test/auto/SingleEvent.xml (RunModel)" time="0.008" />
  <testcase classname="ptolemy.util.test.junit.AutoTests" name="[342] /home/travis/build/icyphy/ptII/ptolemy/actor/lib/test/auto/Sleep.xml (RunModel)" time="6.017" />
  <testcase classname="ptolemy.util.test.junit.AutoTests" name="[343] /home/travis/build/icyphy/ptII/ptolemy/actor/lib/test/auto/SleepMultipleFire.xml (RunModel)" time="1.019" />
  <testcase classname="ptolemy.util.test.junit.AutoTests" name="[344] /home/travis/build/icyphy/ptII/ptolemy/actor/lib/test/auto/StopDE.xml (RunModel)" time="0.013" />
  <testcase classname="ptolemy.util.test.junit.AutoTests" name="[345] /home/travis/build/icyphy/ptII/ptolemy/actor/lib/test/auto/StopSDF.xml (RunModel)" time="0.012" />
  <testcase classname="ptolemy.util.test.junit.AutoTests" name="[346] /home/travis/build/icyphy/ptII/ptolemy/actor/lib/test/auto/StringConstant.xml (RunModel)" time="0.008" />
  <testcase classname="ptolemy.util.test.junit.AutoTests" name="[347] /home/travis/build/icyphy/ptII/ptolemy/actor/lib/test/auto/SubscriberPortInitialValues1.xml (RunModel)" time="0.016" />
  <testcase classname="ptolemy.util.test.junit.AutoTests" name="[348] /home/travis/build/icyphy/ptII/ptolemy/actor/lib/test/auto/SubscriberPortInitialValues13.xml (RunModel)" time="0.022" />
  <testcase classname="ptolemy.util.test.junit.AutoTests" name="[349] /home/travis/build/icyphy/ptII/ptolemy/actor/lib/test/auto/SubscriberPortInitialValues14.xml (RunModel)" time="0.015" />
  <testcase classname="ptolemy.util.test.junit.AutoTests" name="[350] /home/travis/build/icyphy/ptII/ptolemy/actor/lib/test/auto/SubscriberPortInitialValues2.xml (RunModel)" time="0.015" />
  <testcase classname="ptolemy.util.test.junit.AutoTests" name="[351] /home/travis/build/icyphy/ptII/ptolemy/actor/lib/test/auto/SubscriberPortInitialValues3.xml (RunModel)" time="0.017" />
  <testcase classname="ptolemy.util.test.junit.AutoTests" name="[352] /home/travis/build/icyphy/ptII/ptolemy/actor/lib/test/auto/SubscriptionAggregator.xml (RunModel)" time="0.012" />
  <testcase classname="ptolemy.util.test.junit.AutoTests" name="[353] /home/travis/build/icyphy/ptII/ptolemy/actor/lib/test/auto/SubscriptionAggregator2.xml (RunModel)" time="0.011" />
  <testcase classname="ptolemy.util.test.junit.AutoTests" name="[354] /home/travis/build/icyphy/ptII/ptolemy/actor/lib/test/auto/SubscriptionAggregator3.xml (RunModel)" time="0.014" />
  <testcase classname="ptolemy.util.test.junit.AutoTests" name="[355] /home/travis/build/icyphy/ptII/ptolemy/actor/lib/test/auto/SubscriptionAggregatorMultiply.xml (RunModel)" time="0.016" />
  <testcase classname="ptolemy.util.test.junit.AutoTests" name="[356] /home/travis/build/icyphy/ptII/ptolemy/actor/lib/test/auto/SubscriptionAggregatorPortMultiply1.xml (RunModel)" time="0.015" />
  <testcase classname="ptolemy.util.test.junit.AutoTests" name="[357] /home/travis/build/icyphy/ptII/ptolemy/actor/lib/test/auto/Switch.xml (RunModel)" time="0.014" />
  <testcase classname="ptolemy.util.test.junit.AutoTests" name="[358] /home/travis/build/icyphy/ptII/ptolemy/actor/lib/test/auto/Switch2.xml (RunModel)" time="0.021" />
  <testcase classname="ptolemy.util.test.junit.AutoTests" name="[359] /home/travis/build/icyphy/ptII/ptolemy/actor/lib/test/auto/SwitchDE.xml (RunModel)" time="0.015" />
  <testcase classname="ptolemy.util.test.junit.AutoTests" name="[360] /home/travis/build/icyphy/ptII/ptolemy/actor/lib/test/auto/SynchronizerDE.xml (RunModel)" time="0.026" />
  <testcase classname="ptolemy.util.test.junit.AutoTests" name="[361] /home/travis/build/icyphy/ptII/ptolemy/actor/lib/test/auto/Test.xml (RunModel)" time="0.025" />
  <testcase classname="ptolemy.util.test.junit.AutoTests" name="[362] /home/travis/build/icyphy/ptII/ptolemy/actor/lib/test/auto/TestExceptionAttribute1.xml (RunModel)" time="0.01" />
  <testcase classname="ptolemy.util.test.junit.AutoTests" name="[363] /home/travis/build/icyphy/ptII/ptolemy/actor/lib/test/auto/TestExceptionAttribute2.xml (RunModel)" time="0.007" />
  <testcase classname="ptolemy.util.test.junit.AutoTests" name="[364] /home/travis/build/icyphy/ptII/ptolemy/actor/lib/test/auto/TestExceptionAttribute3.xml (RunModel)" time="0.007" />
  <testcase classname="ptolemy.util.test.junit.AutoTests" name="[365] /home/travis/build/icyphy/ptII/ptolemy/actor/lib/test/auto/TestExceptionAttribute4.xml (RunModel)" time="0.007" />
  <testcase classname="ptolemy.util.test.junit.AutoTests" name="[366] /home/travis/build/icyphy/ptII/ptolemy/actor/lib/test/auto/TestExceptionHandler1.xml (RunModel)" time="0.007" />
  <testcase classname="ptolemy.util.test.junit.AutoTests" name="[367] /home/travis/build/icyphy/ptII/ptolemy/actor/lib/test/auto/TestExceptionHandler2.xml (RunModel)" time="0.008" />
  <testcase classname="ptolemy.util.test.junit.AutoTests" name="[368] /home/travis/build/icyphy/ptII/ptolemy/actor/lib/test/auto/TestExceptionHandler3.xml (RunModel)" time="0.01" />
  <testcase classname="ptolemy.util.test.junit.AutoTests" name="[369] /home/travis/build/icyphy/ptII/ptolemy/actor/lib/test/auto/TestExceptionHandler4.xml (RunModel)" time="0.008" />
  <testcase classname="ptolemy.util.test.junit.AutoTests" name="[370] /home/travis/build/icyphy/ptII/ptolemy/actor/lib/test/auto/TestRequireCorrectOrder.xml (RunModel)" time="0.013" />
  <testcase classname="ptolemy.util.test.junit.AutoTests" name="[371] /home/travis/build/icyphy/ptII/ptolemy/actor/lib/test/auto/TestSimple.xml (RunModel)" time="0.007" />
  <testcase classname="ptolemy.util.test.junit.AutoTests" name="[372] /home/travis/build/icyphy/ptII/ptolemy/actor/lib/test/auto/ThrowModelError.xml (RunModel)" time="0.012" />
  <testcase classname="ptolemy.util.test.junit.AutoTests" name="[373] /home/travis/build/icyphy/ptII/ptolemy/actor/lib/test/auto/TimeDelayMicrosteps.xml (RunModel)" time="0.014" />
  <testcase classname="ptolemy.util.test.junit.AutoTests" name="[374] /home/travis/build/icyphy/ptII/ptolemy/actor/lib/test/auto/TimeDelayMicrosteps2.xml (RunModel)" time="0.017" />
  <testcase classname="ptolemy.util.test.junit.AutoTests" name="[375] /home/travis/build/icyphy/ptII/ptolemy/actor/lib/test/auto/TimeDelayMicrosteps3.xml (RunModel)" time="0.014" />
  <testcase classname="ptolemy.util.test.junit.AutoTests" name="[376] /home/travis/build/icyphy/ptII/ptolemy/actor/lib/test/auto/TimeDelayVariableMicrosteps.xml (RunModel)" time="0.018" />
  <testcase classname="ptolemy.util.test.junit.AutoTests" name="[377] /home/travis/build/icyphy/ptII/ptolemy/actor/lib/test/auto/TimeGap.xml (RunModel)" time="0.023" />
  <testcase classname="ptolemy.util.test.junit.AutoTests" name="[378] /home/travis/build/icyphy/ptII/ptolemy/actor/lib/test/auto/TimeGap2.xml (RunModel)" time="0.016" />
  <testcase classname="ptolemy.util.test.junit.AutoTests" name="[379] /home/travis/build/icyphy/ptII/ptolemy/actor/lib/test/auto/TimedSinewave.xml (RunModel)" time="0.063" />
  <testcase classname="ptolemy.util.test.junit.AutoTests" name="[380] /home/travis/build/icyphy/ptII/ptolemy/actor/lib/test/auto/TimedSinewavePhase.xml (RunModel)" time="0.03" />
  <testcase classname="ptolemy.util.test.junit.AutoTests" name="[381] /home/travis/build/icyphy/ptII/ptolemy/actor/lib/test/auto/Timer.xml (RunModel)" time="0.021" />
  <testcase classname="ptolemy.util.test.junit.AutoTests" name="[382] /home/travis/build/icyphy/ptII/ptolemy/actor/lib/test/auto/TriangularDistTestModel.xml (RunModel)" time="0.019" />
  <testcase classname="ptolemy.util.test.junit.AutoTests" name="[383] /home/travis/build/icyphy/ptII/ptolemy/actor/lib/test/auto/TrigFunction.xml (RunModel)" time="0.008" />
  <testcase classname="ptolemy.util.test.junit.AutoTests" name="[384] /home/travis/build/icyphy/ptII/ptolemy/actor/lib/test/auto/TrigFunctionDE.xml (RunModel)" time="0.011" />
  <testcase classname="ptolemy.util.test.junit.AutoTests" name="[385] /home/travis/build/icyphy/ptII/ptolemy/actor/lib/test/auto/TrigFunctionInverse.xml (RunModel)" time="0.009" />
  <testcase classname="ptolemy.util.test.junit.AutoTests" name="[386] /home/travis/build/icyphy/ptII/ptolemy/actor/lib/test/auto/TrigFunctionTan.xml (RunModel)" time="0.006" />
  <testcase classname="ptolemy.util.test.junit.AutoTests" name="[387] /home/travis/build/icyphy/ptII/ptolemy/actor/lib/test/auto/TriggeredClock.xml (RunModel)" time="0.013" />
  <testcase classname="ptolemy.util.test.junit.AutoTests" name="[388] /home/travis/build/icyphy/ptII/ptolemy/actor/lib/test/auto/URLDirectoryReader.xml (RunModel)" time="0.104" />
  <testcase classname="ptolemy.util.test.junit.AutoTests" name="[389] /home/travis/build/icyphy/ptII/ptolemy/actor/lib/test/auto/URLDirectoryReader3.xml (RunModel)" time="1.458" />
  <testcase classname="ptolemy.util.test.junit.AutoTests" name="[390] /home/travis/build/icyphy/ptII/ptolemy/actor/lib/test/auto/UnaryMathFunction.xml (RunModel)" time="0.02" />
  <testcase classname="ptolemy.util.test.junit.AutoTests" name="[391] /home/travis/build/icyphy/ptII/ptolemy/actor/lib/test/auto/Uniform.xml (RunModel)" time="0.026" />
  <testcase classname="ptolemy.util.test.junit.AutoTests" name="[392] /home/travis/build/icyphy/ptII/ptolemy/actor/lib/test/auto/UnionDisassemblerTest.xml (RunModel)" time="0.034" />
  <testcase classname="ptolemy.util.test.junit.AutoTests" name="[393] /home/travis/build/icyphy/ptII/ptolemy/actor/lib/test/auto/UtilityFunctions.xml (RunModel)" time="0.029" />
  <testcase classname="ptolemy.util.test.junit.AutoTests" name="[394] /home/travis/build/icyphy/ptII/ptolemy/actor/lib/test/auto/VariableSleep.xml (RunModel)" time="0.546" />
  <testcase classname="ptolemy.util.test.junit.AutoTests" name="[395] /home/travis/build/icyphy/ptII/ptolemy/actor/lib/test/auto/VectorAssemblerDisassemblerCT.xml (RunModel)" time="0.114" />
  <testcase classname="ptolemy.util.test.junit.AutoTests" name="[396] /home/travis/build/icyphy/ptII/ptolemy/actor/lib/test/auto/VectorAssemblerDisassemblerDE.xml (RunModel)" time="0.014" />
  <testcase classname="ptolemy.util.test.junit.AutoTests" name="[397] /home/travis/build/icyphy/ptII/ptolemy/actor/lib/test/auto/VectorAssemblerDisassemblerSDF.xml (RunModel)" time="0.014" />
  <testcase classname="ptolemy.util.test.junit.AutoTests" name="[398] /home/travis/build/icyphy/ptII/ptolemy/actor/lib/test/auto/WallClockTime.xml (RunModel)" time="1.013" />
  <testcase classname="ptolemy.util.test.junit.AutoTests" name="[399] /home/travis/build/icyphy/ptII/ptolemy/actor/lib/test/auto/WidthTestWithSubscriberPublisher.xml (RunModel)" time="0.036" />
  <testcase classname="ptolemy.util.test.junit.AutoTests" name="[400] /home/travis/build/icyphy/ptII/ptolemy/actor/lib/test/auto/WidthTestWithSubscriberPublisher2.xml (RunModel)" time="0.016" />
  <testcase classname="ptolemy.util.test.junit.AutoTests" name="[401] /home/travis/build/icyphy/ptII/ptolemy/actor/lib/test/auto/WidthTestWithSubscriberPublisher3.xml (RunModel)" time="0.027" />
  <testcase classname="ptolemy.util.test.junit.AutoTests" name="[402] /home/travis/build/icyphy/ptII/ptolemy/actor/lib/test/auto/Writer.xml (RunModel)" time="0.009" />
  <testcase classname="ptolemy.util.test.junit.AutoTests" name="[403] /home/travis/build/icyphy/ptII/ptolemy/actor/lib/test/auto/array.xml (RunModel)" time="0.01" />
  <testcase classname="ptolemy.util.test.junit.AutoTests" name="[404] /home/travis/build/icyphy/ptII/ptolemy/actor/lib/test/auto/array2.xml (RunModel)" time="0.013" />
  <testcase classname="ptolemy.util.test.junit.AutoTests" name="[405] /home/travis/build/icyphy/ptII/ptolemy/actor/lib/test/auto/arrayType.xml (RunModel)" time="0.014" />
  <testcase classname="ptolemy.util.test.junit.AutoTests" name="[406] /home/travis/build/icyphy/ptII/ptolemy/actor/lib/test/auto/arrayType10.xml (RunModel)" time="0.008" />
  <testcase classname="ptolemy.util.test.junit.AutoTests" name="[407] /home/travis/build/icyphy/ptII/ptolemy/actor/lib/test/auto/arrayType11.xml (RunModel)" time="0.009" />
  <testcase classname="ptolemy.util.test.junit.AutoTests" name="[408] /home/travis/build/icyphy/ptII/ptolemy/actor/lib/test/auto/arrayType12.xml (RunModel)" time="0.009" />
  <testcase classname="ptolemy.util.test.junit.AutoTests" name="[409] /home/travis/build/icyphy/ptII/ptolemy/actor/lib/test/auto/arrayType13.xml (RunModel)" time="0.009" />
  <testcase classname="ptolemy.util.test.junit.AutoTests" name="[410] /home/travis/build/icyphy/ptII/ptolemy/actor/lib/test/auto/arrayType14.xml (RunModel)" time="0.01" />
  <testcase classname="ptolemy.util.test.junit.AutoTests" name="[411] /home/travis/build/icyphy/ptII/ptolemy/actor/lib/test/auto/arrayType15.xml (RunModel)" time="0.013" />
  <testcase classname="ptolemy.util.test.junit.AutoTests" name="[412] /home/travis/build/icyphy/ptII/ptolemy/actor/lib/test/auto/arrayType16.xml (RunModel)" time="0.011" />
  <testcase classname="ptolemy.util.test.junit.AutoTests" name="[413] /home/travis/build/icyphy/ptII/ptolemy/actor/lib/test/auto/arrayType17.xml (RunModel)" time="0.012" />
  <testcase classname="ptolemy.util.test.junit.AutoTests" name="[414] /home/travis/build/icyphy/ptII/ptolemy/actor/lib/test/auto/arrayType18.xml (RunModel)" time="0.01" />
  <testcase classname="ptolemy.util.test.junit.AutoTests" name="[415] /home/travis/build/icyphy/ptII/ptolemy/actor/lib/test/auto/arrayType19.xml (RunModel)" time="0.01" />
  <testcase classname="ptolemy.util.test.junit.AutoTests" name="[416] /home/travis/build/icyphy/ptII/ptolemy/actor/lib/test/auto/arrayType2.xml (RunModel)" time="0.014" />
  <testcase classname="ptolemy.util.test.junit.AutoTests" name="[417] /home/travis/build/icyphy/ptII/ptolemy/actor/lib/test/auto/arrayType20.xml (RunModel)" time="0.023" />
  <testcase classname="ptolemy.util.test.junit.AutoTests" name="[418] /home/travis/build/icyphy/ptII/ptolemy/actor/lib/test/auto/arrayType21.xml (RunModel)" time="0.03" />
  <testcase classname="ptolemy.util.test.junit.AutoTests" name="[419] /home/travis/build/icyphy/ptII/ptolemy/actor/lib/test/auto/arrayType22.xml (RunModel)" time="0.008" />
  <testcase classname="ptolemy.util.test.junit.AutoTests" name="[420] /home/travis/build/icyphy/ptII/ptolemy/actor/lib/test/auto/arrayType23.xml (RunModel)" time="0.008" />
  <testcase classname="ptolemy.util.test.junit.AutoTests" name="[421] /home/travis/build/icyphy/ptII/ptolemy/actor/lib/test/auto/arrayType24.xml (RunModel)" time="0.009" />
  <testcase classname="ptolemy.util.test.junit.AutoTests" name="[422] /home/travis/build/icyphy/ptII/ptolemy/actor/lib/test/auto/arrayType25.xml (RunModel)" time="0.008" />
  <testcase classname="ptolemy.util.test.junit.AutoTests" name="[423] /home/travis/build/icyphy/ptII/ptolemy/actor/lib/test/auto/arrayType26.xml (RunModel)" time="0.008" />
  <testcase classname="ptolemy.util.test.junit.AutoTests" name="[424] /home/travis/build/icyphy/ptII/ptolemy/actor/lib/test/auto/arrayType27.xml (RunModel)" time="0.009" />
  <testcase classname="ptolemy.util.test.junit.AutoTests" name="[425] /home/travis/build/icyphy/ptII/ptolemy/actor/lib/test/auto/arrayType28.xml (RunModel)" time="0.009" />
  <testcase classname="ptolemy.util.test.junit.AutoTests" name="[426] /home/travis/build/icyphy/ptII/ptolemy/actor/lib/test/auto/arrayType3.xml (RunModel)" time="0.009" />
  <testcase classname="ptolemy.util.test.junit.AutoTests" name="[427] /home/travis/build/icyphy/ptII/ptolemy/actor/lib/test/auto/arrayType4.xml (RunModel)" time="0.011" />
  <testcase classname="ptolemy.util.test.junit.AutoTests" name="[428] /home/travis/build/icyphy/ptII/ptolemy/actor/lib/test/auto/arrayType5.xml (RunModel)" time="0.008" />
  <testcase classname="ptolemy.util.test.junit.AutoTests" name="[429] /home/travis/build/icyphy/ptII/ptolemy/actor/lib/test/auto/arrayType6.xml (RunModel)" time="0.008" />
  <testcase classname="ptolemy.util.test.junit.AutoTests" name="[430] /home/travis/build/icyphy/ptII/ptolemy/actor/lib/test/auto/arrayType7.xml (RunModel)" time="0.007" />
  <testcase classname="ptolemy.util.test.junit.AutoTests" name="[431] /home/travis/build/icyphy/ptII/ptolemy/actor/lib/test/auto/arrayType8.xml (RunModel)" time="0.01" />
  <testcase classname="ptolemy.util.test.junit.AutoTests" name="[432] /home/travis/build/icyphy/ptII/ptolemy/actor/lib/test/auto/arrayType9.xml (RunModel)" time="0.008" />
  <testcase classname="ptolemy.util.test.junit.AutoTests" name="[433] /home/travis/build/icyphy/ptII/ptolemy/actor/lib/test/auto/cast.xml (RunModel)" time="0.008" />
  <testcase classname="ptolemy.util.test.junit.AutoTests" name="[434] /home/travis/build/icyphy/ptII/ptolemy/actor/lib/test/auto/compositeMultiPort.xml (RunModel)" time="0.015" />
  <testcase classname="ptolemy.util.test.junit.AutoTests" name="[435] /home/travis/build/icyphy/ptII/ptolemy/actor/lib/test/auto/expressionCastInference.xml (RunModel)" time="0.008" />
  <testcase classname="ptolemy.util.test.junit.AutoTests" name="[436] /home/travis/build/icyphy/ptII/ptolemy/actor/lib/test/auto/expressionCastInference2.xml (RunModel)" time="0.013" />
  <testcase classname="ptolemy.util.test.junit.AutoTests" name="[437] /home/travis/build/icyphy/ptII/ptolemy/actor/lib/test/auto/expressionInference.xml (RunModel)" time="0.006" />
  <testcase classname="ptolemy.util.test.junit.AutoTests" name="[438] /home/travis/build/icyphy/ptII/ptolemy/actor/lib/test/auto/expression_bug.xml (RunModel)" time="0.007" />
  <testcase classname="ptolemy.util.test.junit.AutoTests" name="[439] /home/travis/build/icyphy/ptII/ptolemy/actor/lib/test/auto/factorial.xml (RunModel)" time="0.047" />
  <testcase classname="ptolemy.util.test.junit.AutoTests" name="[440] /home/travis/build/icyphy/ptII/ptolemy/actor/lib/test/auto/filterTest1.xml (RunModel)" time="0.021" />
  <testcase classname="ptolemy.util.test.junit.AutoTests" name="[441] /home/travis/build/icyphy/ptII/ptolemy/actor/lib/test/auto/funcApplyInConst.xml (RunModel)" time="0.007" />
  <testcase classname="ptolemy.util.test.junit.AutoTests" name="[442] /home/travis/build/icyphy/ptII/ptolemy/actor/lib/test/auto/funcApplyInExpr.xml (RunModel)" time="0.007" />
  <testcase classname="ptolemy.util.test.junit.AutoTests" name="[443] /home/travis/build/icyphy/ptII/ptolemy/actor/lib/test/auto/function.xml (RunModel)" time="0.009" />
  <testcase classname="ptolemy.util.test.junit.AutoTests" name="[444] /home/travis/build/icyphy/ptII/ptolemy/actor/lib/test/auto/function2.xml (RunModel)" time="0.008" />
  <testcase classname="ptolemy.util.test.junit.AutoTests" name="[445] /home/travis/build/icyphy/ptII/ptolemy/actor/lib/test/auto/function3.xml (RunModel)" time="0.006" />
  <testcase classname="ptolemy.util.test.junit.AutoTests" name="[446] /home/travis/build/icyphy/ptII/ptolemy/actor/lib/test/auto/functionClosureTest1.xml (RunModel)" time="0.01" />
  <testcase classname="ptolemy.util.test.junit.AutoTests" name="[447] /home/travis/build/icyphy/ptII/ptolemy/actor/lib/test/auto/functionClosureTest2.xml (RunModel)" time="0.006" />
  <testcase classname="ptolemy.util.test.junit.AutoTests" name="[448] /home/travis/build/icyphy/ptII/ptolemy/actor/lib/test/auto/functionClosureTest3.xml (RunModel)" time="0.009" />
  <testcase classname="ptolemy.util.test.junit.AutoTests" name="[449] /home/travis/build/icyphy/ptII/ptolemy/actor/lib/test/auto/functionClosureTest4.xml (RunModel)" time="0.014" />
  <testcase classname="ptolemy.util.test.junit.AutoTests" name="[450] /home/travis/build/icyphy/ptII/ptolemy/actor/lib/test/auto/functionClosureTest5.xml (RunModel)" time="0.01" />
  <testcase classname="ptolemy.util.test.junit.AutoTests" name="[451] /home/travis/build/icyphy/ptII/ptolemy/actor/lib/test/auto/functionClosureTest6.xml (RunModel)" time="0.007" />
  <testcase classname="ptolemy.util.test.junit.AutoTests" name="[452] /home/travis/build/icyphy/ptII/ptolemy/actor/lib/test/auto/functionsOnArcs.xml (RunModel)" time="0.008" />
  <testcase classname="ptolemy.util.test.junit.AutoTests" name="[453] /home/travis/build/icyphy/ptII/ptolemy/actor/lib/test/auto/functionsOnArcsHOF.xml (RunModel)" time="0.012" />
  <testcase classname="ptolemy.util.test.junit.AutoTests" name="[454] /home/travis/build/icyphy/ptII/ptolemy/actor/lib/test/auto/logic.xml (RunModel)" time="0.016" />
  <testcase classname="ptolemy.util.test.junit.AutoTests" name="[455] /home/travis/build/icyphy/ptII/ptolemy/actor/lib/test/auto/matrixType.xml (RunModel)" time="0.009" />
  <testcase classname="ptolemy.util.test.junit.AutoTests" name="[456] /home/travis/build/icyphy/ptII/ptolemy/actor/lib/test/auto/matrixType10.xml (RunModel)" time="0.009" />
  <testcase classname="ptolemy.util.test.junit.AutoTests" name="[457] /home/travis/build/icyphy/ptII/ptolemy/actor/lib/test/auto/matrixType11.xml (RunModel)" time="0.008" />
  <testcase classname="ptolemy.util.test.junit.AutoTests" name="[458] /home/travis/build/icyphy/ptII/ptolemy/actor/lib/test/auto/matrixType12.xml (RunModel)" time="0.01" />
  <testcase classname="ptolemy.util.test.junit.AutoTests" name="[459] /home/travis/build/icyphy/ptII/ptolemy/actor/lib/test/auto/matrixType13.xml (RunModel)" time="0.008" />
  <testcase classname="ptolemy.util.test.junit.AutoTests" name="[460] /home/travis/build/icyphy/ptII/ptolemy/actor/lib/test/auto/matrixType14.xml (RunModel)" time="0.01" />
  <testcase classname="ptolemy.util.test.junit.AutoTests" name="[461] /home/travis/build/icyphy/ptII/ptolemy/actor/lib/test/auto/matrixType2.xml (RunModel)" time="0.009" />
  <testcase classname="ptolemy.util.test.junit.AutoTests" name="[462] /home/travis/build/icyphy/ptII/ptolemy/actor/lib/test/auto/matrixType3.xml (RunModel)" time="0.011" />
  <testcase classname="ptolemy.util.test.junit.AutoTests" name="[463] /home/travis/build/icyphy/ptII/ptolemy/actor/lib/test/auto/matrixType4.xml (RunModel)" time="0.008" />
  <testcase classname="ptolemy.util.test.junit.AutoTests" name="[464] /home/travis/build/icyphy/ptII/ptolemy/actor/lib/test/auto/matrixType5.xml (RunModel)" time="0.008" />
  <testcase classname="ptolemy.util.test.junit.AutoTests" name="[465] /home/travis/build/icyphy/ptII/ptolemy/actor/lib/test/auto/matrixType6.xml (RunModel)" time="0.008" />
  <testcase classname="ptolemy.util.test.junit.AutoTests" name="[466] /home/travis/build/icyphy/ptII/ptolemy/actor/lib/test/auto/matrixType7.xml (RunModel)" time="0.008" />
  <testcase classname="ptolemy.util.test.junit.AutoTests" name="[467] /home/travis/build/icyphy/ptII/ptolemy/actor/lib/test/auto/matrixType8.xml (RunModel)" time="0.008" />
  <testcase classname="ptolemy.util.test.junit.AutoTests" name="[468] /home/travis/build/icyphy/ptII/ptolemy/actor/lib/test/auto/matrixType9.xml (RunModel)" time="0.008" />
  <testcase classname="ptolemy.util.test.junit.AutoTests" name="[469] /home/travis/build/icyphy/ptII/ptolemy/actor/lib/test/auto/paraFunctest.xml (RunModel)" time="0.007" />
  <testcase classname="ptolemy.util.test.junit.AutoTests" name="[470] /home/travis/build/icyphy/ptII/ptolemy/actor/lib/test/auto/paraFunctest2.xml (RunModel)" time="0.008" />
  <testcase classname="ptolemy.util.test.junit.AutoTests" name="[471] /home/travis/build/icyphy/ptII/ptolemy/actor/lib/test/auto/parameterPassing.xml (RunModel)" time="0.008" />
  <testcase classname="ptolemy.util.test.junit.AutoTests" name="[472] /home/travis/build/icyphy/ptII/ptolemy/actor/lib/test/auto/record.xml (RunModel)" time="0.028" />
  <testcase classname="ptolemy.util.test.junit.AutoTests" name="[473] /home/travis/build/icyphy/ptII/ptolemy/actor/lib/test/auto/sizedarray1.xml (RunModel)" time="0.011" />
  <testcase classname="ptolemy.util.test.junit.AutoTests" name="[474] /home/travis/build/icyphy/ptII/ptolemy/actor/lib/test/auto/sizedarray2.xml (RunModel)" time="0.011" />
  <testcase classname="ptolemy.util.test.junit.AutoTests" name="[475] /home/travis/build/icyphy/ptII/ptolemy/actor/lib/test/auto/twoPublishers.xml (RunModel)" time="0.023" />
  <system-out><![CDATA[/home/travis/build/icyphy/ptII/ptolemy/actor/lib/test/AbsoluteValue.tcl
testDefs.tcl: setting time out to 9000 seconds at Tue Dec 11 02:57:25 UTC 2018
77 ms. Memory: 116224K Free: 106717K (92%)
4 ms. Memory: 116224K Free: 105503K (91%)
4 ms. Memory: 116224K Free: 104908K (90%)
5 ms. Memory: 116224K Free: 103718K (89%)
/home/travis/build/icyphy/ptII/ptolemy/actor/lib/test/AddSubtract.tcl
15 ms. Memory: 116224K Free: 101917K (88%)
13 ms. Memory: 116224K Free: 100704K (87%)
10 ms. Memory: 116224K Free: 100109K (86%)
15 ms. Memory: 116224K Free: 99514K (86%)
5 ms. Memory: 116224K Free: 98903K (85%)
4 ms. Memory: 116224K Free: 97706K (84%)
/home/travis/build/icyphy/ptII/ptolemy/actor/lib/test/Average.tcl
11 ms. Memory: 116224K Free: 96476K (83%)
10 ms. Memory: 116224K Free: 95255K (82%)
/home/travis/build/icyphy/ptII/ptolemy/actor/lib/test/Bernoulli.tcl
4 ms. Memory: 116224K Free: 93470K (80%)
2 ms. Memory: 116224K Free: 92852K (80%)
/home/travis/build/icyphy/ptII/ptolemy/actor/lib/test/Clock.tcl
preinitializing
resolving types
initializing
executing number 1
wrapping up
idle
23 ms. Memory: 116224K Free: 90425K (78%)
Completed execution with 5 iterations
preinitializing
resolving types
initializing
executing number 1
wrapping up
idle
3 ms. Memory: 116224K Free: 89823K (77%)
Completed execution with 5 iterations
preinitializing
resolving types
initializing
executing number 1
wrapping up
idle
2 ms. Memory: 116224K Free: 89220K (77%)
Completed execution with 5 iterations
/home/travis/build/icyphy/ptII/ptolemy/actor/lib/test/Commutator.tcl
5 ms. Memory: 116224K Free: 87393K (75%)
4 ms. Memory: 116224K Free: 86188K (74%)
7 ms. Memory: 116224K Free: 81883K (70%)
/home/travis/build/icyphy/ptII/ptolemy/actor/lib/test/Const.tcl
3 ms. Memory: 146944K Free: 140350K (96%)
3 ms. Memory: 146944K Free: 139150K (95%)
1 ms. Memory: 146944K Free: 139150K (95%)
2 ms. Memory: 146944K Free: 137949K (94%)
2 ms. Memory: 146944K Free: 137550K (94%)
10 ms. Memory: 146944K Free: 135150K (92%)
4 ms. Memory: 146944K Free: 135150K (92%)
2 ms. Memory: 146944K Free: 133950K (91%)
/home/travis/build/icyphy/ptII/ptolemy/actor/lib/test/CurrentTime.tcl
preinitializing
resolving types
initializing
executing number 1
wrapping up
idle
6 ms. Memory: 146944K Free: 131542K (90%)
Completed execution with 11 iterations
/home/travis/build/icyphy/ptII/ptolemy/actor/lib/test/DB.tcl
5 ms. Memory: 146944K Free: 130341K (89%)
4 ms. Memory: 146944K Free: 129141K (88%)
1 ms. Memory: 146944K Free: 129141K (88%)
/home/travis/build/icyphy/ptII/ptolemy/actor/lib/test/DiscreteRandomSource.tcl
preinitializing
resolving types
initializing
executing number 1
wrapping up
idle
12 ms. Memory: 146944K Free: 127941K (87%)
Completed execution with 4 iterations
preinitializing
resolving types
initializing
executing number 1
wrapping up
idle
2 ms. Memory: 146944K Free: 126741K (86%)
Completed execution with 4 iterations
preinitializing
resolving types
initializing
executing number 1
wrapping up
idle
10 ms. Memory: 146944K Free: 126741K (86%)
Completed execution with 4 iterations
preinitializing
resolving types
initializing
executing number 1
wrapping up
idle
2 ms. Memory: 146944K Free: 125541K (85%)
Completed execution with 4 iterations
preinitializing
resolving types
initializing
executing number 1
wrapping up
idle
2 ms. Memory: 146944K Free: 125541K (85%)
Completed execution with 4 iterations
/home/travis/build/icyphy/ptII/ptolemy/actor/lib/test/Distributor.tcl
7 ms. Memory: 146944K Free: 124341K (85%)
3 ms. Memory: 146944K Free: 123126K (84%)
StreamChangeRequest.changeExecuted(): <deleteEntity name="rec2"/> succeeded
StreamChangeRequest.changeExecuted(): <deleteRelation name="r2"/> succeeded
StreamChangeRequest.changeExecuted(): Record firings per iteration succeeded
11 ms. Memory: 146944K Free: 120710K (82%)
/home/travis/build/icyphy/ptII/ptolemy/actor/lib/test/Exit.tcl
Exit.tcl: this will print a message about Manager.exitAfterWrapup, which can be ignored.
2 ms. Memory: 146944K Free: 117695K (80%)
/home/travis/build/icyphy/ptII/ptolemy/actor/lib/test/Expression.tcl
4 ms. Memory: 146944K Free: 114066K (78%)
3 ms. Memory: 146944K Free: 114066K (78%)
2 ms. Memory: 146944K Free: 112866K (77%)
preinitializing
resolving types
initializing
executing number 1
wrapping up
idle
4 ms. Memory: 146944K Free: 111666K (76%)
Completed execution with 6 iterations
4 ms. Memory: 146944K Free: 110466K (75%)
2 ms. Memory: 146944K Free: 110466K (75%)
4 ms. Memory: 146944K Free: 106837K (73%)
3 ms. Memory: 146944K Free: 105637K (72%)
3 ms. Memory: 146944K Free: 104437K (71%)
/home/travis/build/icyphy/ptII/ptolemy/actor/lib/test/Gaussian.tcl
3 ms. Memory: 146944K Free: 103238K (70%)
sleeping 1 seconds: .......................................................................................................................................................................................................................................................................................................................................................................................................................................................................................................................................................................................................................................................................................................................................................................................................................................................................................................................................................................................................................................................................................................................................................................................................................................................................................................................................................................................................................................................................................................................................................................................................................................................................................................................................................................................................................................................................................................................................................................................................................................................................................................................................................................................................................................................................................................................................................................................................................................................................................................................................................................................................................................................................................................................................................................................................................................................................................................................................................................................................................................................................................................................................................................................................................................................................................................................................................................................................................................................................................................................................................................................................................................................................................................................................................................................................................................................................................................................................................................................................................................................................................................................................................................................................................................................................................................................................................................................................................................................................................................................................................................................................................................................................................................................................................................................................................................................................................................................................................................................................................................................................................................................................................................................................................................................................................................................................................................................................................................................................................................................................................................................................................................................................................................................................................................................................................................................................................................................................................................................................................................................................................................................................................................................................................................................................................................................................................................................................................................................................................................................................................................................................................................................................................................................................................................................................................................................................................................................................................................................................................................................................................................................................................................................................................................................................................................................................................................................................................................................................................................................................................................................................................................................................................................................................................................................................................................................................................................................................................................................................................................................................................................................................................................................................................................................................................................................................................................................................................................................................................................................................................................................................................................................................................................................................................................................................................................................................................................................................................................................................................................................................................................................................................................................................................................................................................................................................................................................................................................................................................................................................................................................................................................................................................................................................................................................................................................................................................................................................................................................................................................................................................................................................................................................................................................................................................................................................................................................................................................................................................................................................................................................................................................................................................................................................................................................................................................................................................................................................................................................................................................................................................................................................................................................................................................................................................................................................................................................................................................................................................................................................................................................................................................................................................................................................................................................................................................................................................................................................................................................................................................................................................................................................................................................................................................................................................................................................................................................................................................................................................................................................................................................................................................................................................................................................................................................................................................................................................................................................................................................................................................................................................................................................................................................................................................................................................................................................................................................................................................................................................................................................................................................................................................................................................................................................................................................................................................................................................................................................................................................................................................................................................................................................................................................................................................................................................................................................................................................................................................................................................................................................................................................................................................................................................................................................................................................................................................................................................................................................................................................................................................................................................................................................................................................................................................................................................................................................................................................................................................................................................................................................................................................................................................................................................................................................................................................................................................................................................................................................................................................................................................................................................................................................................................................................................................................................................................................................................................................................................................................................................................................................................................................................................................................................................................................................................................................................................................................................................................................................................................................................................................................................................................................................................................................................................................................................................................................................................................................................................................................................................................................................................................................................................................................................................................................................................................................................................................................................................................................................................................................................................................................................................................................................................................................................................................................................................................................................................................................................................................................................................................................................................................................................................................................................................................................................................................................................................................................................................................................................................................................................................................................................................................................................................................................................................................................................................................................................................................................................................................................................................................................................................................................................................................................................................................................................................................................................................................................................................................................................................................................................................................................................................................................................................................................................................................................................................................................................................................................................................................................................................................................................................................................................................................................................................................................................................................................................................................................................................................................................................................................................................................................................................................................................................................................................................................................................................................................................................................................................................................................................................................................................................................................................................................................................................................................................................................................................................................................................................................................................................................................................................................................................................................................................................................................................................................................................................................................................................................................................................................................................................................................................................................................................................................................................................................................................................................................................................................................................................................................................................................................................................................................................................................................................................................................................................................................................................................................................................................................................................................................................................................................................................................................................................................................................................................................................................................................................................................................................................................................................................................................................................................................................................................................................................................................................................................................................................................................................................................................................................................................................................................................................................................................................................................................................................................................................................................................................................................................................................................................................................................................................................................................................................................................................................................................................................................................................................................................................................................................................................................................................................................................................................................................................................................................................................................................................................................................................................................................................................................................................................................................................................................................................................................................................................................................................................................................................................................................................................................................................................................................................................................................................................................................................................................................................................................................................................................................................................................................................................................................................................................................................................................................................................................................................................................................................................................................................................................................................................................................................................................................................................................................................................................................................................................................................................................................................................................................................................................................................................................................................................................................................................................................................................................................................................................................................................................................................................................................................................................................................................................................................................................................................................................................................................................................................................................................................................................................................................................................................................................................................................................................................................................................................................................................................................................................................................................................................................................................................................................................................................................................................................................................................................................................................................................................................................................................................................................................................................................................................................................................................................................................................................................................................................................................................................................................................................................................................................................................................................................................................................................................................................................................................................................................................................................................................................................................................................................................................................................................................................................................................................................................................................................................................................................................................................................................................................................................................................................................................................................................................................................................................................................................................................................................................................................................................................................................................................................................................................................................................................................................................................................................................................................................................................................................................................................................................................................................................................................................................................................................................................................................................................................................................................................................................................................................................................................................................................................................................................................................................................................................................................................................................................................................................................................................................................................................................................................................................................................................................................................................................................................................................................................................................................................................................................................................................................................................................................................................................................................................................................................................................................................................................................................................................................................................................................................................................................................................................................................................................................................................................................................................................................................................................................................................................................................................................................................................................................................................................................................................................................................................................................................................................................................................................................................................................................................................................................................................................................................................................................................................................................................................................................................................................................................................................................................................................................................................................................................................................................................................................................................................................................................................................................................................................................................................................................................................................................................................................................................................................................................................................................................................................................................................................................................................................................................................................................................................................................................................................................................................................................................................................................................................................................................................................................................................................................................................................................................................................................................................................................................................................................................................................................................................................................................................................................................................................................................................................................................................................................................................................................................................................................................................................................................................................................................................................................................................................................................................................................................................................................................................................................................................................................................................................................................................................................................................................................................................................................................................................................................................................................................................................................................................................................................................................................................................................................................................................................................................................................................................................................................................................................................................................................................................................................................................................................................................................................................................................................................................................................................................................................................................................................................................................................................................................................................................................................................................................................................................................................................................................................................................................................................................................................................................................................................................................................................................................................................................................................................................................................................................................................................................................................................................................................................................................................................................................................................................................................................................................................................................................................................................................................................................................................................................................................................................................................................................................................................................................................................................................................................................................................................................................................................................................................................................................................................................................................................................................................................................................................................................................................................................................................................................................................................................................................................................................................................................................................................................................................................................................................................................................................................................................................................................................................................................................................................................................................................................................................................................................................................................................................................................................................................................................................................................................................................................................................................................................................................................................................................................................................................................................................................................................................................................................................................................................................................................................................................................................................................................................................................................................................................................................................................................................................................................................................................................................................................................................................................................................................................................................................................................................................................................................................................................................................................................................................................................................................................................................................................................................................................................................................................................................................................................................................................................................................................................................................................................................................................................................................................................................................................................................................................................................................................................................................................................................................................................................................................................................................................................................................................................................................................................................................................................................................................................................................................................................................................................................................................................................................................................................................................................................................................................................................................................................................................................................................................................................................................................................................................................................................................................................................................................................................................................................................................................................................................................................................................................................................................................................................................................................................................................................................................................................................................................................................................................................................................................................................................................................................................................................................................................................................................................................................................................................................................................................................................................................................................................................................................................................................................................................................................................................................................................................................................................................................................................................................................................................................................................................................................................................................................................................................................................................................................................................................................................................................................................................................................................................................................................................................................................................................................................................................................................................................................................................................................................................................................................................................................................................................................................................................................................................................................................................................................................................................................................................................................................................................................................................................................................................................................................................................................................................................................................................................................................................................................................................................................................................................................................................................................................................................................................................................................................................................................................................................................................................................................................................................................................................................................................................................................................................................................................................................................................................................................................................6 ms. Memory: 208384K Free: 197868K (95%)
3 ms. Memory: 208384K Free: 195447K (94%)
3 ms. Memory: 208384K Free: 195447K (94%)
6 ms. Memory: 208384K Free: 195447K (94%)
8 ms. Memory: 208384K Free: 195447K (94%)
/home/travis/build/icyphy/ptII/ptolemy/actor/lib/test/IIR.tcl
/home/travis/build/icyphy/ptII/ptolemy/actor/lib/test/Interpolator.tcl
6 ms. Memory: 208384K Free: 190606K (91%)
2 ms. Memory: 208384K Free: 190606K (91%)
3 ms. Memory: 208384K Free: 188185K (90%)
1 ms. Memory: 208384K Free: 188185K (90%)
15 ms. Memory: 208384K Free: 188185K (90%)
2 ms. Memory: 208384K Free: 188185K (90%)
2 ms. Memory: 208384K Free: 185765K (89%)
3 ms. Memory: 208384K Free: 185765K (89%)
2 ms. Memory: 208384K Free: 183344K (88%)
2 ms. Memory: 208384K Free: 183344K (88%)
/home/travis/build/icyphy/ptII/ptolemy/actor/lib/test/MathFunction.tcl
7 ms. Memory: 208384K Free: 180923K (87%)
2 ms. Memory: 208384K Free: 180923K (87%)
11 ms. Memory: 208384K Free: 178503K (86%)
2 ms. Memory: 208384K Free: 178503K (86%)
12 ms. Memory: 208384K Free: 176082K (84%)
5 ms. Memory: 208384K Free: 176082K (84%)
/home/travis/build/icyphy/ptII/ptolemy/actor/lib/test/Maximum.tcl
4 ms. Memory: 208384K Free: 173656K (83%)
2 ms. Memory: 208384K Free: 173656K (83%)
2 ms. Memory: 208384K Free: 171235K (82%)
2 ms. Memory: 208384K Free: 171235K (82%)
/home/travis/build/icyphy/ptII/ptolemy/actor/lib/test/Minimum.tcl
3 ms. Memory: 208384K Free: 168814K (81%)
2 ms. Memory: 208384K Free: 168814K (81%)
2 ms. Memory: 208384K Free: 168814K (81%)
2 ms. Memory: 208384K Free: 166394K (80%)
/home/travis/build/icyphy/ptII/ptolemy/actor/lib/test/MultiplyDivide.tcl
5 ms. Memory: 208384K Free: 166394K (80%)
2 ms. Memory: 208384K Free: 163973K (79%)
2 ms. Memory: 208384K Free: 163973K (79%)
2 ms. Memory: 208384K Free: 163973K (79%)
1 ms. Memory: 208384K Free: 161552K (78%)
/home/travis/build/icyphy/ptII/ptolemy/actor/lib/test/OrderedMerge.tcl
Connections changed on port: inputA
Connections changed on port: inputB
Connections changed on port: output
Connections changed on port: output
Connections changed on port: output
Connections changed on port: input
.top. Preinitializing ...
Invoking preinitialize():  .top.OrderedMerge
Called preinitialize()
Invoking preinitialize():  .top.Ramp
Called preinitialize()
Invoking preinitialize():  .top.Ramp2
Called preinitialize()
Invoking preinitialize():  .top.Test
Called preinitialize()
Connections changed on port: inputA
Connections changed on port: output
Connections changed on port: inputB
Connections changed on port: output
Connections changed on port: output
Connections changed on port: input
.top. Finished preinitialize().
Called initialize().
Invoking initialize():  .top.OrderedMerge
Initializing actor: .top.OrderedMerge
Adding a thread: .top.OrderedMerge
Invoking initialize():  .top.Ramp
Initializing actor: .top.Ramp
Adding a thread: .top.Ramp
Invoking initialize():  .top.Ramp2
Initializing actor: .top.Ramp2
Adding a thread: .top.Ramp2
Invoking initialize():  .top.Test
Initializing actor: .top.Test
Adding a thread: .top.Test
-- Starting thread.
Called initialize()
Called prefire()
Called fire()
-- Starting thread.
Called initialize()
Called prefire()
Called fire()
Called postfire()
Called prefire()
Called fire()
-- Starting thread.
Called initialize()
Called prefire()
Called fire()
Called postfire()
Called prefire()
Called fire()
Called fire().
Checking for deadlock:
There are 3 Blocked actors, 0 Stopped actors, and 4 active threads.
Waiting for actors to stop.
-- Starting thread.
Called initialize()
Called prefire()
Called fire()
Checking for deadlock:
There are 2 Blocked actors, 0 Stopped actors, and 4 active threads.
Waiting for actors to stop.
Read input token from inputA with value 0.0
Called postfire()
Next port to read input from is inputB
Called postfire()
Called prefire()
Called prefire()
Called fire()
Called fire()
Read input token from inputB with value 0.0
Called postfire()
Called prefire()
Sent output token with value 0.0
Called fire()
Checking for deadlock:
Next port to read input from is inputA
There are 2 Blocked actors, 0 Stopped actors, and 4 active threads.
Called postfire()
Waiting for actors to stop.
Called prefire()
Called fire()
-- Read input: 0.0, which is expected to match: 0.0
Called prefire()
Called fire()
Checking for deadlock:
There are 3 Blocked actors, 0 Stopped actors, and 4 active threads.
Waiting for actors to stop.
Called postfire()
Read input token from inputA with value 1.0
Called prefire()
Called fire()
Sent output token with value 0.0
Checking for deadlock:
There are 2 Blocked actors, 0 Stopped actors, and 4 active threads.
Waiting for actors to stop.
-- Read input: 0.0, which is expected to match: 0.0
Called prefire()
Called fire()
Checking for deadlock:
There are 3 Blocked actors, 0 Stopped actors, and 4 active threads.
Waiting for actors to stop.
Next port to read input from is inputB
Called postfire()
Called prefire()
Called fire()
Checking for deadlock:
There are 2 Blocked actors, 0 Stopped actors, and 4 active threads.
Waiting for actors to stop.
Read input token from inputB with value 1.5
Called postfire()
Called prefire()
Called fire()
-- Read input: 1.0, which is expected to match: 1.0
Called prefire()
Called fire()
Checking for deadlock:
There are 3 Blocked actors, 0 Stopped actors, and 4 active threads.
Waiting for actors to stop.
Sent output token with value 1.0
Next port to read input from is inputA
Called postfire()
Called prefire()
Called fire()
Read input token from inputA with value 2.0
Called postfire()
Called prefire()
Sent output token with value 1.5
Called fire()
Next port to read input from is inputB
Called postfire()
Checking for deadlock:
Called prefire()
There are 2 Blocked actors, 0 Stopped actors, and 4 active threads.
Called fire()
Waiting for actors to stop.
-- Read input: 1.5, which is expected to match: 1.5
Called prefire()
Called fire()
Checking for deadlock:
There are 2 Blocked actors, 0 Stopped actors, and 4 active threads.
Waiting for actors to stop.
Read input token from inputB with value 3.0
Called postfire()
Called prefire()
Called fire()
Sent output token with value 2.0
Next port to read input from is inputA
Called postfire()
Called prefire()
Called fire()
Checking for deadlock:
There are 2 Blocked actors, 0 Stopped actors, and 4 active threads.
Waiting for actors to stop.
-- Read input: 2.0, which is expected to match: 2.0
Called prefire()
Called fire()
Checking for deadlock:
There are 2 Blocked actors, 0 Stopped actors, and 4 active threads.
Waiting for actors to stop.
Read input token from inputA with value 3.0
Called postfire()
Called prefire()
Called fire()
Sent output token with value 3.0
Checking for deadlock:
Next port to read input from is inputB
There are 2 Blocked actors, 0 Stopped actors, and 4 active threads.
Called postfire()
Waiting for actors to stop.
Called prefire()
-- Read input: 3.0, which is expected to match: 3.0
Called prefire()
Called fire()
Checking for deadlock:
There are 3 Blocked actors, 0 Stopped actors, and 4 active threads.
Waiting for actors to stop.
Called fire()
Read input token from inputB with value 4.5
Called postfire()
Called prefire()
Called fire()
Sent output token with value 3.0
Checking for deadlock:
There are 2 Blocked actors, 0 Stopped actors, and 4 active threads.
Waiting for actors to stop.
Next port to read input from is inputA
-- Read input: 3.0, which is expected to match: 3.0
Called prefire()
Called fire()
Called postfire()
Called prefire()
Called fire()
Checking for deadlock:
There are 3 Blocked actors, 0 Stopped actors, and 4 active threads.
Waiting for actors to stop.
Checking for deadlock:
There are 2 Blocked actors, 0 Stopped actors, and 4 active threads.
Read input token from inputA with value 4.0
Waiting for actors to stop.
Called postfire()
Called prefire()
Called fire()
Checking for deadlock:
There are 2 Blocked actors, 0 Stopped actors, and 4 active threads.
Waiting for actors to stop.
-- Read input: 4.0, which is expected to match: 4.0
Called prefire()
Called fire()
Past the end of training data. Read and discard all inputs.
Sent output token with value 4.0
Checking for deadlock:
Next port to read input from is inputA
There are 3 Blocked actors, 0 Stopped actors, and 4 active threads.
Called postfire()
Waiting for actors to stop.
Called prefire()
Called fire()
Called postfire()
Called prefire()
Read input token from inputA with value 5.0
Called fire()
Checking for deadlock:
There are 2 Blocked actors, 0 Stopped actors, and 4 active threads.
Sent output token with value 4.5
Waiting for actors to stop.
Called prefire()
Called fire()
Past the end of training data. Read and discard all inputs.
Checking for deadlock:
There are 3 Blocked actors, 0 Stopped actors, and 4 active threads.
Next port to read input from is inputB
Waiting for actors to stop.
Called postfire()
Called prefire()
Called fire()
Checking for deadlock:
There are 2 Blocked actors, 0 Stopped actors, and 4 active threads.
Read input token from inputB with value 6.0
Waiting for actors to stop.
Called postfire()
Called prefire()
Called prefire()
Called fire()
Called fire()
Past the end of training data. Read and discard all inputs.
Checking for deadlock:
There are 3 Blocked actors, 0 Stopped actors, and 4 active threads.
Waiting for actors to stop.
Sent output token with value 5.0
Next port to read input from is inputA
Called postfire()
Called prefire()
Called fire()
Read input token from inputA with value 6.0
Called postfire()
Called prefire()
Called fire()
Sent output token with value 6.0
Checking for deadlock:
There are 2 Blocked actors, 0 Stopped actors, and 4 active threads.
Next port to read input from is inputB
Waiting for actors to stop.
Called postfire()
Called prefire()
Called fire()
Past the end of training data. Read and discard all inputs.
Called prefire()
Called fire()
Checking for deadlock:
There are 3 Blocked actors, 0 Stopped actors, and 4 active threads.
Waiting for actors to stop.
Checking for deadlock:
There are 2 Blocked actors, 0 Stopped actors, and 4 active threads.
Waiting for actors to stop.
Called postfire()
Read input token from inputB with value 7.5
Called prefire()
Called fire()
Sent output token with value 6.0
Called prefire()
Called fire()
Past the end of training data. Read and discard all inputs.
Next port to read input from is inputA
Called postfire()
Checking for deadlock:
Called prefire()
There are 3 Blocked actors, 0 Stopped actors, and 4 active threads.
Called fire()
Waiting for actors to stop.
Checking for deadlock:
There are 2 Blocked actors, 0 Stopped actors, and 4 active threads.
Waiting for actors to stop.
Called postfire()
Called prefire()
Called fire()
Read input token from inputA with value 7.0
Checking for deadlock:
There are 3 Blocked actors, 0 Stopped actors, and 4 active threads.
Waiting for actors to stop.
Checking for deadlock:
There are 2 Blocked actors, 0 Stopped actors, and 4 active threads.
Waiting for actors to stop.
Sent output token with value 7.0
Next port to read input from is inputA
Called postfire()
Called prefire()
Called prefire()
Called fire()
Called fire()
Past the end of training data. Read and discard all inputs.
Checking for deadlock:
There are 3 Blocked actors, 0 Stopped actors, and 4 active threads.
Waiting for actors to stop.
Checking for deadlock:
There are 2 Blocked actors, 0 Stopped actors, and 4 active threads.
Waiting for actors to stop.
-- Thread wrapup() called.
Called wrapup()
Thread .top.Ramp is exiting.
-- Thread stopped.
Checking for deadlock:
There are 2 Blocked actors, 0 Stopped actors, and 3 active threads.
Waiting for actors to stop.
Read input token from inputA with value 8.0
Checking for deadlock:
There are 1 Blocked actors, 0 Stopped actors, and 3 active threads.
Waiting for actors to stop.
Sent output token with value 7.5
Called prefire()
Called fire()
Next port to read input from is inputB
Past the end of training data. Read and discard all inputs.
Called postfire()
Called prefire()
Called fire()
Checking for deadlock:
There are 1 Blocked actors, 0 Stopped actors, and 3 active threads.
Waiting for actors to stop.
Read input token from inputB with value 9.0
Called postfire()
Called prefire()
Called fire()
Sent output token with value 8.0
Called prefire()
Next port to read input from is inputA
Called fire()
Past the end of training data. Read and discard all inputs.
Checking for deadlock:
There are 2 Blocked actors, 0 Stopped actors, and 3 active threads.
Waiting for actors to stop.
Called postfire()
Called prefire()
Called fire()
Read input token from inputA with value 9.0
Checking for deadlock:
There are 1 Blocked actors, 0 Stopped actors, and 3 active threads.
Waiting for actors to stop.
Sent output token with value 9.0
Called prefire()
Called fire()
Past the end of training data. Read and discard all inputs.
Next port to read input from is inputB
Called postfire()
Called prefire()
Checking for deadlock:
Called fire()
There are 2 Blocked actors, 0 Stopped actors, and 3 active threads.
Waiting for actors to stop.
Checking for deadlock:
Called postfire()
Called prefire()
There are 1 Blocked actors, 0 Stopped actors, and 3 active threads.
Called fire()
Waiting for actors to stop.
Checking for deadlock:
There are 2 Blocked actors, 0 Stopped actors, and 3 active threads.
Waiting for actors to stop.
Read input token from inputB with value 10.5
Sent output token with value 9.0
Called prefire()
Called fire()
Past the end of training data. Read and discard all inputs.
Next port to read input from is inputA
Called postfire()
Checking for deadlock:
Called prefire()
There are 2 Blocked actors, 0 Stopped actors, and 3 active threads.
Called fire()
Waiting for actors to stop.
Checking for deadlock:
There are 3 Blocked actors, 0 Stopped actors, and 3 active threads.
Actors have stopped.
Checking for deadlock:
There are 3 Blocked actors, 0 Stopped actors, and 3 active threads.
Deadlock detected.
Resolving Deadlock
Checking for deadlock:
There are 3 Blocked actors, 0 Stopped actors, and 3 active threads.
Artificial Deadlock - increasing queue capacity.
increasing the capacity of receiver ptolemy.actor.TypedIOPort {.top.OrderedMerge.inputB} to 2
Director: Called postfire().
Called postfire().
_stopRequested = false
_stopFireRequested = false
Returning from postfire(): true
Called fire().
Checking for deadlock:
There are 2 Blocked actors, 0 Stopped actors, and 3 active threads.
Waiting for actors to stop.
-- Thread wrapup() called.
Called wrapup()
Thread .top.Ramp2 is exiting.
-- Thread stopped.
Checking for deadlock:
There are 2 Blocked actors, 0 Stopped actors, and 2 active threads.
Actors have stopped.
Checking for deadlock:
There are 2 Blocked actors, 0 Stopped actors, and 2 active threads.
Deadlock detected.
Resolving Deadlock
Checking for deadlock:
There are 2 Blocked actors, 0 Stopped actors, and 2 active threads.
Deadlock detected: no processes blocked on write, but some are blocked on read.
Called postfire().
_stopRequested = false
_stopFireRequested = false
Returning from postfire(): false
Finished deactivating branches.
Called wrapup().
-- Thread wrapup() called.
Called wrapup()
Thread .top.Test is exiting.
-- Thread stopped.
-- Blocked Receiver call threw TerminateProcessException.
-- Thread wrapup() called.
Called wrapup()
Thread .top.OrderedMerge is exiting.
-- Thread stopped.
-- Blocked Receiver call threw TerminateProcessException.
56 ms. Memory: 208384K Free: 154216K (74%)
.top. Preinitializing ...
Invoking preinitialize():  .top.OrderedMerge
Called preinitialize()
Invoking preinitialize():  .top.Ramp
Called preinitialize()
Invoking preinitialize():  .top.Ramp2
Called preinitialize()
Invoking preinitialize():  .top.Test
Called preinitialize()
.top. Finished preinitialize().
Called initialize().
Invoking initialize():  .top.OrderedMerge
Initializing actor: .top.OrderedMerge
Adding a thread: .top.OrderedMerge
Invoking initialize():  .top.Ramp
Initializing actor: .top.Ramp
Adding a thread: .top.Ramp
Invoking initialize():  .top.Ramp2
Initializing actor: .top.Ramp2
Adding a thread: .top.Ramp2
Invoking initialize():  .top.Test
Initializing actor: .top.Test
Adding a thread: .top.Test
-- Starting thread.
Called initialize()
Called prefire()
Called fire()
-- Starting thread.
Called initialize()
Called prefire()
Called fire()
Called postfire()
Called prefire()
Called fire()
-- Starting thread.
Called initialize()
Called prefire()
Called fire()
Called postfire()
Called prefire()
Called fire()
Called fire().
Checking for deadlock:
There are 3 Blocked actors, 0 Stopped actors, and 4 active threads.
Waiting for actors to stop.
-- Starting thread.
Called initialize()
Called prefire()
Called fire()
Checking for deadlock:
There are 2 Blocked actors, 0 Stopped actors, and 4 active threads.
Waiting for actors to stop.
Read input token from inputA with value 0.0
Called postfire()
Called prefire()
Called fire()
Next port to read input from is inputB
Called postfire()
Checking for deadlock:
Called prefire()
There are 3 Blocked actors, 0 Stopped actors, and 4 active threads.
Called fire()
Waiting for actors to stop.
Checking for deadlock:
There are 2 Blocked actors, 0 Stopped actors, and 4 active threads.
Waiting for actors to stop.
Read input token from inputB with value 0.0
Called postfire()
Called prefire()
Called fire()
Sent output token with value 0.0
Next port to read input from is inputA
Called postfire()
-- Read input: 0.0, which is expected to match: 0.0
Called prefire()
Called prefire()
Called fire()
Checking for deadlock:
There are 3 Blocked actors, 0 Stopped actors, and 4 active threads.
Waiting for actors to stop.
Called fire()
Called postfire()
Called prefire()
Called fire()
Checking for deadlock:
There are 3 Blocked actors, 0 Stopped actors, and 4 active threads.
Waiting for actors to stop.
Read input token from inputA with value 1.0
Sent output token with value 0.0
-- Read input: 0.0, which is expected to match: 0.0
Next port to read input from is inputB
Called postfire()
Called prefire()
Called prefire()
Called fire()
Called fire()
Checking for deadlock:
There are 2 Blocked actors, 0 Stopped actors, and 4 active threads.
Read input token from inputB with value 1.5
Waiting for actors to stop.
Called postfire()
Called prefire()
Called fire()
Checking for deadlock:
There are 2 Blocked actors, 0 Stopped actors, and 4 active threads.
Waiting for actors to stop.
Sent output token with value 1.0
Next port to read input from is inputA
-- Read input: 1.0, which is expected to match: 1.0
Called postfire()
Called prefire()
Called fire()
Called prefire()
Called fire()
Called postfire()
Called prefire()
Read input token from inputA with value 2.0
Called fire()
Sent output token with value 1.5
-- Read input: 1.5, which is expected to match: 1.5
Called prefire()
Called fire()
Checking for deadlock:
There are 3 Blocked actors, 0 Stopped actors, and 4 active threads.
Waiting for actors to stop.
Next port to read input from is inputB
Called postfire()
Called prefire()
Called fire()
Called postfire()
Called prefire()
Called fire()
Checking for deadlock:
There are 2 Blocked actors, 0 Stopped actors, and 4 active threads.
Waiting for actors to stop.
Checking for deadlock:
There are 3 Blocked actors, 0 Stopped actors, and 4 active threads.
Read input token from inputB with value 3.0
Waiting for actors to stop.
Checking for deadlock:
There are 2 Blocked actors, 0 Stopped actors, and 4 active threads.
Waiting for actors to stop.
Sent output token with value 2.0
-- Read input: 2.0, which is expected to match: 2.0
Next port to read input from is inputA
Called postfire()
Called prefire()
Called prefire()
Called fire()
Called fire()
Checking for deadlock:
There are 2 Blocked actors, 0 Stopped actors, and 4 active threads.
Waiting for actors to stop.
Called postfire()
Read input token from inputA with value 3.0
Called prefire()
Called fire()
Checking for deadlock:
Sent output token with value 3.0
There are 2 Blocked actors, 0 Stopped actors, and 4 active threads.
Waiting for actors to stop.
-- Read input: 3.0, which is expected to match: 3.0
Called prefire()
Called fire()
Checking for deadlock:
There are 3 Blocked actors, 0 Stopped actors, and 4 active threads.
Waiting for actors to stop.
Next port to read input from is inputB
Called postfire()
Called prefire()
Called fire()
Checking for deadlock:
There are 2 Blocked actors, 0 Stopped actors, and 4 active threads.
Read input token from inputB with value 4.5
Waiting for actors to stop.
Called postfire()
Called prefire()
Called fire()
Checking for deadlock:
There are 3 Blocked actors, 0 Stopped actors, and 4 active threads.
Waiting for actors to stop.
Checking for deadlock:
Sent output token with value 3.0
There are 2 Blocked actors, 0 Stopped actors, and 4 active threads.
Waiting for actors to stop.
Next port to read input from is inputA
Called postfire()
Called prefire()
Called fire()
-- Read input: 3.0, which is expected to match: 3.0
Called prefire()
Called fire()
Checking for deadlock:
There are 2 Blocked actors, 0 Stopped actors, and 4 active threads.
Waiting for actors to stop.
Read input token from inputA with value 4.0
Called postfire()
Called prefire()
Checking for deadlock:
Called fire()
There are 1 Blocked actors, 0 Stopped actors, and 4 active threads.
Waiting for actors to stop.
Sent output token with value 4.0
-- Read input: 4.0, which is expected to match: 4.0
Next port to read input from is inputA
Called postfire()
Called prefire()
Called prefire()
Called fire()
Called fire()
Past the end of training data. Read and discard all inputs.
Read input token from inputA with value 5.0
Checking for deadlock:
There are 2 Blocked actors, 0 Stopped actors, and 4 active threads.
Waiting for actors to stop.
Called postfire()
Called prefire()
Called fire()
Checking for deadlock:
There are 2 Blocked actors, 0 Stopped actors, and 4 active threads.
Waiting for actors to stop.
Called prefire()
Sent output token with value 4.5
Called fire()
Past the end of training data. Read and discard all inputs.
Checking for deadlock:
Next port to read input from is inputB
There are 3 Blocked actors, 0 Stopped actors, and 4 active threads.
Waiting for actors to stop.
Called postfire()
Called prefire()
Called fire()
Called postfire()
Called prefire()
Checking for deadlock:
Called fire()
There are 2 Blocked actors, 0 Stopped actors, and 4 active threads.
Waiting for actors to stop.
Checking for deadlock:
There are 3 Blocked actors, 0 Stopped actors, and 4 active threads.
Waiting for actors to stop.
Read input token from inputB with value 6.0
Sent output token with value 5.0
Checking for deadlock:
There are 2 Blocked actors, 0 Stopped actors, and 4 active threads.
Waiting for actors to stop.
Next port to read input from is inputA
Called postfire()
Called prefire()
Called fire()
Called prefire()
Past the end of training data. Read and discard all inputs.
Called fire()
Checking for deadlock:
There are 2 Blocked actors, 0 Stopped actors, and 4 active threads.
Waiting for actors to stop.
Called postfire()
Called prefire()
Called fire()
Read input token from inputA with value 6.0
Called prefire()
Called fire()
Past the end of training data. Read and discard all inputs.
Checking for deadlock:
Sent output token with value 6.0
There are 3 Blocked actors, 0 Stopped actors, and 4 active threads.
Waiting for actors to stop.
Next port to read input from is inputB
Called postfire()
Called prefire()
Called fire()
Checking for deadlock:
There are 2 Blocked actors, 0 Stopped actors, and 4 active threads.
Called postfire()
Waiting for actors to stop.
Called prefire()
Called fire()
Checking for deadlock:
There are 3 Blocked actors, 0 Stopped actors, and 4 active threads.
Read input token from inputB with value 7.5
Waiting for actors to stop.
Checking for deadlock:
There are 2 Blocked actors, 0 Stopped actors, and 4 active threads.
Sent output token with value 6.0
Waiting for actors to stop.
Called prefire()
Called fire()
Past the end of training data. Read and discard all inputs.
Next port to read input from is inputA
Called postfire()
Checking for deadlock:
There are 3 Blocked actors, 0 Stopped actors, and 4 active threads.
Called prefire()
Waiting for actors to stop.
Called fire()
Called postfire()
Called prefire()
Called fire()
Read input token from inputA with value 7.0
Checking for deadlock:
There are 3 Blocked actors, 0 Stopped actors, and 4 active threads.
Waiting for actors to stop.
Called prefire()
Called fire()
Past the end of training data. Read and discard all inputs.
Sent output token with value 7.0
Checking for deadlock:
Next port to read input from is inputA
There are 3 Blocked actors, 0 Stopped actors, and 4 active threads.
Waiting for actors to stop.
Called postfire()
Called prefire()
Called fire()
-- Thread wrapup() called.
Called wrapup()
Read input token from inputA with value 8.0
Thread .top.Ramp is exiting.
-- Thread stopped.
Sent output token with value 7.5
Next port to read input from is inputB
Called postfire()
Called prefire()
Called fire()
Checking for deadlock:
There are 0 Blocked actors, 0 Stopped actors, and 3 active threads.
Waiting for actors to stop.
Read input token from inputB with value 9.0
Called prefire()
Called fire()
Past the end of training data. Read and discard all inputs.
Called postfire()
Called prefire()
Called fire()
Checking for deadlock:
There are 1 Blocked actors, 0 Stopped actors, and 3 active threads.
Waiting for actors to stop.
Checking for deadlock:
There are 0 Blocked actors, 0 Stopped actors, and 3 active threads.
Waiting for actors to stop.
Called prefire()
Called fire()
Sent output token with value 8.0
Past the end of training data. Read and discard all inputs.
Checking for deadlock:
There are 1 Blocked actors, 0 Stopped actors, and 3 active threads.
Waiting for actors to stop.
Checking for deadlock:
There are 2 Blocked actors, 0 Stopped actors, and 3 active threads.
Next port to read input from is inputA
Waiting for actors to stop.
Called postfire()
Called prefire()
Called fire()
Read input token from inputA with value 9.0
Called prefire()
Sent output token with value 9.0
Called fire()
Past the end of training data. Read and discard all inputs.
Next port to read input from is inputB
Called postfire()
Checking for deadlock:
Called prefire()
Called fire()
There are 2 Blocked actors, 0 Stopped actors, and 3 active threads.
Waiting for actors to stop.
Checking for deadlock:
There are 1 Blocked actors, 0 Stopped actors, and 3 active threads.
Waiting for actors to stop.
Called postfire()
Called prefire()
Called fire()
Read input token from inputB with value 10.5
Checking for deadlock:
There are 2 Blocked actors, 0 Stopped actors, and 3 active threads.
Waiting for actors to stop.
Checking for deadlock:
There are 1 Blocked actors, 0 Stopped actors, and 3 active threads.
Sent output token with value 9.0
Waiting for actors to stop.
Called prefire()
Next port to read input from is inputA
Called postfire()
Called prefire()
Called fire()
Past the end of training data. Read and discard all inputs.
Called fire()
Checking for deadlock:
There are 3 Blocked actors, 0 Stopped actors, and 3 active threads.
Actors have stopped.
Checking for deadlock:
There are 3 Blocked actors, 0 Stopped actors, and 3 active threads.
Deadlock detected.
Resolving Deadlock
Checking for deadlock:
There are 3 Blocked actors, 0 Stopped actors, and 3 active threads.
Artificial Deadlock - increasing queue capacity.
increasing the capacity of receiver ptolemy.actor.TypedIOPort {.top.OrderedMerge.inputB} to 2
Director: Called postfire().
Called postfire().
-- Thread wrapup() called.
_stopRequested = false
Called wrapup()
_stopFireRequested = false
Returning from postfire(): true
Called fire().
Checking for deadlock:
There are 2 Blocked actors, 0 Stopped actors, and 3 active threads.
Waiting for actors to stop.
Thread .top.Ramp2 is exiting.
-- Thread stopped.
Checking for deadlock:
There are 2 Blocked actors, 0 Stopped actors, and 2 active threads.
Actors have stopped.
Checking for deadlock:
There are 2 Blocked actors, 0 Stopped actors, and 2 active threads.
Deadlock detected.
Resolving Deadlock
Checking for deadlock:
There are 2 Blocked actors, 0 Stopped actors, and 2 active threads.
Deadlock detected: no processes blocked on write, but some are blocked on read.
Called postfire().
_stopRequested = false
_stopFireRequested = false
Returning from postfire(): false
Finished deactivating branches.
Called wrapup().
-- Thread wrapup() called.
Called wrapup()
-- Thread wrapup() called.
Thread .top.OrderedMerge is exiting.
Called wrapup()
-- Thread stopped.
-- Blocked Receiver call threw TerminateProcessException.
Thread .top.Test is exiting.
-- Thread stopped.
-- Blocked Receiver call threw TerminateProcessException.
25 ms. Memory: 208384K Free: 149301K (72%)
/home/travis/build/icyphy/ptII/ptolemy/actor/lib/test/Publisher.tcl
10 ms. Memory: 208384K Free: 144460K (69%)
11 ms. Memory: 208384K Free: 137166K (66%)
6 ms. Memory: 208384K Free: 134745K (65%)
6 ms. Memory: 208384K Free: 132324K (64%)
10 ms. Memory: 208384K Free: 132324K (64%)
12 ms. Memory: 208384K Free: 132324K (64%)
2 ms. Memory: 208384K Free: 129903K (62%)
8 ms. Memory: 208384K Free: 129903K (62%)
1 ms. Memory: 208384K Free: 120218K (58%)
7 ms. Memory: 208384K Free: 115377K (55%)
2 ms. Memory: 208384K Free: 115377K (55%)
2 ms. Memory: 208384K Free: 112956K (54%)
10 ms. Memory: 208384K Free: 105694K (51%)
15 ms. Memory: 208384K Free: 96011K (46%)
9 ms. Memory: 208384K Free: 83905K (40%)
/home/travis/build/icyphy/ptII/ptolemy/actor/lib/test/Pulse.tcl
6 ms. Memory: 330752K Free: 280600K (85%)
1 ms. Memory: 330752K Free: 280600K (85%)
4 ms. Memory: 330752K Free: 280600K (85%)
1 ms. Memory: 330752K Free: 280600K (85%)
1 ms. Memory: 330752K Free: 280600K (85%)
3 ms. Memory: 330752K Free: 280600K (85%)
8 ms. Memory: 330752K Free: 280600K (85%)
1 ms. Memory: 330752K Free: 275884K (83%)
0 ms. Memory: 330752K Free: 275884K (83%)
/home/travis/build/icyphy/ptII/ptolemy/actor/lib/test/Ramp.tcl
2 ms. Memory: 330752K Free: 275884K (83%)
1 ms. Memory: 330752K Free: 275884K (83%)
2 ms. Memory: 330752K Free: 271168K (82%)
1 ms. Memory: 330752K Free: 271168K (82%)
2 ms. Memory: 330752K Free: 271168K (82%)
3 ms. Memory: 330752K Free: 271168K (82%)
3 ms. Memory: 330752K Free: 271168K (82%)
5 actors
5000 microseconds per iteration to create
4 ms. Memory: 330752K Free: 266436K (81%)
2 ms. Memory: 330752K Free: 266436K (81%)
2 ms. Memory: 330752K Free: 266436K (81%)
2 ms. Memory: 330752K Free: 266436K (81%)
50 actors
23000 microseconds per iteration to create
22 ms. Memory: 330752K Free: 252272K (76%)
13 ms. Memory: 330752K Free: 247548K (75%)
15 ms. Memory: 330752K Free: 247548K (75%)
6 ms. Memory: 330752K Free: 247548K (75%)
500 actors
1273000 microseconds per iteration to create
225 ms. Memory: 330752K Free: 86901K (26%)
38 ms. Memory: 330752K Free: 82185K (25%)
37 ms. Memory: 330752K Free: 78997K (24%)
63 ms. Memory: 331776K Free: 314209K (95%)
/home/travis/build/icyphy/ptII/ptolemy/actor/lib/test/RampContinuous.tcl
9 ms. Memory: 331776K Free: 309431K (93%)
/home/travis/build/icyphy/ptII/ptolemy/actor/lib/test/RecordAssembler.tcl
5 ms. Memory: 331776K Free: 309431K (93%)
6 ms. Memory: 331776K Free: 309431K (93%)
/home/travis/build/icyphy/ptII/ptolemy/actor/lib/test/RecordDisassembler.tcl
5 ms. Memory: 331776K Free: 304652K (92%)
4 ms. Memory: 331776K Free: 304652K (92%)
5 ms. Memory: 331776K Free: 304652K (92%)
/home/travis/build/icyphy/ptII/ptolemy/actor/lib/test/Scale.tcl
2 ms. Memory: 331776K Free: 299858K (90%)
2 ms. Memory: 331776K Free: 299858K (90%)
1 ms. Memory: 331776K Free: 299858K (90%)
3 ms. Memory: 331776K Free: 299858K (90%)
2 ms. Memory: 331776K Free: 299858K (90%)
/home/travis/build/icyphy/ptII/ptolemy/actor/lib/test/SequentialClock.tcl
preinitializing
resolving types
initializing
executing number 1
wrapping up
idle
2 ms. Memory: 331776K Free: 295063K (89%)
Completed execution with 5 iterations
preinitializing
resolving types
initializing
executing number 1
wrapping up
idle
1 ms. Memory: 331776K Free: 295063K (89%)
Completed execution with 5 iterations
preinitializing
resolving types
initializing
executing number 1
wrapping up
idle
1 ms. Memory: 331776K Free: 295063K (89%)
Completed execution with 5 iterations
/home/travis/build/icyphy/ptII/ptolemy/actor/lib/test/SetVariable.tcl
5 ms. Memory: 331776K Free: 295063K (89%)
/home/travis/build/icyphy/ptII/ptolemy/actor/lib/test/Sinewave.tcl
/home/travis/build/icyphy/ptII/ptolemy/actor/lib/test/SubscriptionAggregator.tcl
8 ms. Memory: 331776K Free: 280711K (85%)
2 ms. Memory: 331776K Free: 280711K (85%)
0 ms. Memory: 331776K Free: 280711K (85%)
0 ms. Memory: 331776K Free: 280711K (85%)
15 ms. Memory: 331776K Free: 275933K (83%)
3 ms. Memory: 331776K Free: 271154K (82%)
...............................................................719 ms. Memory: 574976K Free: 227759K (40%)
/home/travis/build/icyphy/ptII/ptolemy/actor/lib/test/Test.tcl
 The next command will produce a warning about training mode,
   which may be ignored.
3 ms. Memory: 574976K Free: 227759K (40%)
2 ms. Memory: 574976K Free: 227759K (40%)
1 ms. Memory: 574976K Free: 227759K (40%)
2 ms. Memory: 574976K Free: 218193K (38%)
2 ms. Memory: 574976K Free: 218193K (38%)
2 ms. Memory: 574976K Free: 218193K (38%)
2 ms. Memory: 574976K Free: 218193K (38%)
 The next command will produce a warning about training mode,
   which may be ignored.
4 ms. Memory: 574976K Free: 218193K (38%)
 The next command will produce a warning about training mode,
   which may be ignored.
3 ms. Memory: 574976K Free: 218193K (38%)
1 ms. Memory: 574976K Free: 218193K (38%)
1 ms. Memory: 574976K Free: 218193K (38%)
1 ms. Memory: 574976K Free: 218193K (38%)
2 ms. Memory: 574976K Free: 218193K (38%)
3 ms. Memory: 574976K Free: 208635K (36%)
/home/travis/build/icyphy/ptII/ptolemy/actor/lib/test/TestExceptionHandler.tcl
 The next command will produce a warning about training mode,
   which may be ignored.
1 ms. Memory: 574976K Free: 208635K (36%)
1 ms. Memory: 574976K Free: 208635K (36%)
0 ms. Memory: 574976K Free: 208635K (36%)
/home/travis/build/icyphy/ptII/ptolemy/actor/lib/test/UnionDisassembler.tcl
28 ms. Memory: 574976K Free: 199077K (35%)
/home/travis/build/icyphy/ptII/ptolemy/actor/lib/test/VariableClock.tcl
preinitializing
resolving types
initializing
executing number 1
wrapping up
idle
4 ms. Memory: 574976K Free: 199077K (35%)
Completed execution with 11 iterations
preinitializing
resolving types
initializing
executing number 1
wrapping up
idle
8 ms. Memory: 574976K Free: 199077K (35%)
Completed execution with 10 iterations
12/11/18 02:57:32
Failed: 0  Total Tests: 234  ((Passed: 234, Newly Passed: 0)  Known Failed: 0) /home/travis/build/icyphy/ptII/ptolemy/actor/lib/test
----------------- testing (KnownFailure) /home/travis/build/icyphy/ptII/ptolemy/actor/lib/test/auto/knownFailedTests/PublisherPortToplevelSubscriber.xml
0 ms. Memory: 574976K Free: 189370K (33%)
Known Failure: java.lang.reflect.InvocationTargetException
----------------- testing (KnownFailure) /home/travis/build/icyphy/ptII/ptolemy/actor/lib/test/auto/knownFailedTests/PublisherSubscriberPortToplevel.xml
1 ms. Memory: 574976K Free: 169954K (30%)
Known Failure: java.lang.reflect.InvocationTargetException
----------------- testing (KnownFailure) /home/travis/build/icyphy/ptII/ptolemy/actor/lib/test/auto/knownFailedTests/PublisherSubscriptionAggregatorPort.xml
3 ms. Memory: 574976K Free: 150539K (26%)
Known Failure: java.lang.reflect.InvocationTargetException
----------------- testing (KnownFailure) /home/travis/build/icyphy/ptII/ptolemy/actor/lib/test/auto/knownFailedTests/sizedarray3.xml
4 ms. Memory: 574976K Free: 131124K (23%)
Known Failure: java.lang.reflect.InvocationTargetException
No auto/linux-amd64/*.xml tests in /home/travis/build/icyphy/ptII/ptolemy/actor/lib/test
AutoTests.java: About to close Vertx.
AutoTests.java: Vertx closed.

===========================================================================================
----------------- testing Tue Dec 11 02:57:32 UTC 2018 /home/travis/build/icyphy/ptII/ptolemy/actor/lib/test/auto/AbsoluteValue.xml
----------------- Instantiating /home/travis/build/icyphy/ptII/ptolemy/actor/lib/test/auto/AbsoluteValue.xml
127 ms. Memory: 579072K Free: 514915K (89%)
----------------- Invoking toplevel() on ptolemy.moml.MoMLSimpleApplication@6bdd72d1
----------------- Done invoking toplevel() on ptolemy.moml.MoMLSimpleApplication@6bdd72d1
reloadAllAccessors: .AbsoluteValue

===========================================================================================
----------------- testing Tue Dec 11 02:57:32 UTC 2018 /home/travis/build/icyphy/ptII/ptolemy/actor/lib/test/auto/AbsoluteValue2.xml
----------------- Instantiating /home/travis/build/icyphy/ptII/ptolemy/actor/lib/test/auto/AbsoluteValue2.xml
6 ms. Memory: 579072K Free: 493949K (85%)
----------------- Invoking toplevel() on ptolemy.moml.MoMLSimpleApplication@7fe7640b
----------------- Done invoking toplevel() on ptolemy.moml.MoMLSimpleApplication@7fe7640b
reloadAllAccessors: .AbsoluteValue2

===========================================================================================
----------------- testing Tue Dec 11 02:57:32 UTC 2018 /home/travis/build/icyphy/ptII/ptolemy/actor/lib/test/auto/Accumulator.xml
----------------- Instantiating /home/travis/build/icyphy/ptII/ptolemy/actor/lib/test/auto/Accumulator.xml
5 ms. Memory: 579072K Free: 484241K (84%)
----------------- Invoking toplevel() on ptolemy.moml.MoMLSimpleApplication@5bf8b252
----------------- Done invoking toplevel() on ptolemy.moml.MoMLSimpleApplication@5bf8b252
reloadAllAccessors: .Accumulator

===========================================================================================
----------------- testing Tue Dec 11 02:57:32 UTC 2018 /home/travis/build/icyphy/ptII/ptolemy/actor/lib/test/auto/Accumulator2.xml
----------------- Instantiating /home/travis/build/icyphy/ptII/ptolemy/actor/lib/test/auto/Accumulator2.xml
6 ms. Memory: 579072K Free: 477769K (83%)
----------------- Invoking toplevel() on ptolemy.moml.MoMLSimpleApplication@39051870
----------------- Done invoking toplevel() on ptolemy.moml.MoMLSimpleApplication@39051870
reloadAllAccessors: .Accumulator2

===========================================================================================
----------------- testing Tue Dec 11 02:57:32 UTC 2018 /home/travis/build/icyphy/ptII/ptolemy/actor/lib/test/auto/Accumulator3.xml
----------------- Instantiating /home/travis/build/icyphy/ptII/ptolemy/actor/lib/test/auto/Accumulator3.xml
4 ms. Memory: 579072K Free: 471298K (81%)
----------------- Invoking toplevel() on ptolemy.moml.MoMLSimpleApplication@52b633a5
----------------- Done invoking toplevel() on ptolemy.moml.MoMLSimpleApplication@52b633a5
reloadAllAccessors: .Accumulator3

===========================================================================================
----------------- testing Tue Dec 11 02:57:32 UTC 2018 /home/travis/build/icyphy/ptII/ptolemy/actor/lib/test/auto/ArrayAppend.xml
----------------- Instantiating /home/travis/build/icyphy/ptII/ptolemy/actor/lib/test/auto/ArrayAppend.xml
16 ms. Memory: 579072K Free: 452758K (78%)
----------------- Invoking toplevel() on ptolemy.moml.MoMLSimpleApplication@3442f0ee
----------------- Done invoking toplevel() on ptolemy.moml.MoMLSimpleApplication@3442f0ee
reloadAllAccessors: .ArrayAppend

===========================================================================================
----------------- testing Tue Dec 11 02:57:32 UTC 2018 /home/travis/build/icyphy/ptII/ptolemy/actor/lib/test/auto/ArrayAppend2.xml
----------------- Instantiating /home/travis/build/icyphy/ptII/ptolemy/actor/lib/test/auto/ArrayAppend2.xml
622 ms. Memory: 579072K Free: 371479K (64%)
----------------- Invoking toplevel() on ptolemy.moml.MoMLSimpleApplication@79158468
----------------- Done invoking toplevel() on ptolemy.moml.MoMLSimpleApplication@79158468
reloadAllAccessors: .ArrayAppend2

===========================================================================================
----------------- testing Tue Dec 11 02:57:33 UTC 2018 /home/travis/build/icyphy/ptII/ptolemy/actor/lib/test/auto/ArrayAppend3.xml
----------------- Instantiating /home/travis/build/icyphy/ptII/ptolemy/actor/lib/test/auto/ArrayAppend3.xml
12 ms. Memory: 579072K Free: 361772K (62%)
----------------- Invoking toplevel() on ptolemy.moml.MoMLSimpleApplication@4ca8086b
----------------- Done invoking toplevel() on ptolemy.moml.MoMLSimpleApplication@4ca8086b
reloadAllAccessors: .ArrayAppend3

===========================================================================================
----------------- testing Tue Dec 11 02:57:33 UTC 2018 /home/travis/build/icyphy/ptII/ptolemy/actor/lib/test/auto/ArrayAppend4.xml
----------------- Instantiating /home/travis/build/icyphy/ptII/ptolemy/actor/lib/test/auto/ArrayAppend4.xml
2 ms. Memory: 579072K Free: 355300K (61%)
----------------- Invoking toplevel() on ptolemy.moml.MoMLSimpleApplication@418ea062
----------------- Done invoking toplevel() on ptolemy.moml.MoMLSimpleApplication@418ea062
reloadAllAccessors: .ArrayAppend4

===========================================================================================
----------------- testing Tue Dec 11 02:57:33 UTC 2018 /home/travis/build/icyphy/ptII/ptolemy/actor/lib/test/auto/ArrayAppend5.xml
----------------- Instantiating /home/travis/build/icyphy/ptII/ptolemy/actor/lib/test/auto/ArrayAppend5.xml
3 ms. Memory: 579072K Free: 340012K (59%)
----------------- Invoking toplevel() on ptolemy.moml.MoMLSimpleApplication@39285f76
----------------- Done invoking toplevel() on ptolemy.moml.MoMLSimpleApplication@39285f76
reloadAllAccessors: .ArrayAppend5

===========================================================================================
----------------- testing Tue Dec 11 02:57:33 UTC 2018 /home/travis/build/icyphy/ptII/ptolemy/actor/lib/test/auto/ArrayAppend6.xml
----------------- Instantiating /home/travis/build/icyphy/ptII/ptolemy/actor/lib/test/auto/ArrayAppend6.xml
8 ms. Memory: 579072K Free: 330305K (57%)
----------------- Invoking toplevel() on ptolemy.moml.MoMLSimpleApplication@2709f385
----------------- Done invoking toplevel() on ptolemy.moml.MoMLSimpleApplication@2709f385
reloadAllAccessors: .ArrayAppend6

===========================================================================================
----------------- testing Tue Dec 11 02:57:33 UTC 2018 /home/travis/build/icyphy/ptII/ptolemy/actor/lib/test/auto/ArrayAppendPerformanceTest.xml
----------------- Instantiating /home/travis/build/icyphy/ptII/ptolemy/actor/lib/test/auto/ArrayAppendPerformanceTest.xml
26 ms. Memory: 579072K Free: 317337K (55%)
----------------- Invoking toplevel() on ptolemy.moml.MoMLSimpleApplication@66372ac9
----------------- Done invoking toplevel() on ptolemy.moml.MoMLSimpleApplication@66372ac9
reloadAllAccessors: .ArrayAppendPerformanceTest

===========================================================================================
----------------- testing Tue Dec 11 02:57:33 UTC 2018 /home/travis/build/icyphy/ptII/ptolemy/actor/lib/test/auto/ArrayAppendWithEmptyInput.xml
----------------- Instantiating /home/travis/build/icyphy/ptII/ptolemy/actor/lib/test/auto/ArrayAppendWithEmptyInput.xml
13 ms. Memory: 579072K Free: 307614K (53%)
----------------- Invoking toplevel() on ptolemy.moml.MoMLSimpleApplication@399990fc
----------------- Done invoking toplevel() on ptolemy.moml.MoMLSimpleApplication@399990fc
reloadAllAccessors: .ArrayAppendWithEmptyInput

===========================================================================================
----------------- testing Tue Dec 11 02:57:33 UTC 2018 /home/travis/build/icyphy/ptII/ptolemy/actor/lib/test/auto/ArrayAverage.xml
----------------- Instantiating /home/travis/build/icyphy/ptII/ptolemy/actor/lib/test/auto/ArrayAverage.xml
9 ms. Memory: 579072K Free: 289074K (50%)
----------------- Invoking toplevel() on ptolemy.moml.MoMLSimpleApplication@3da49c24
----------------- Done invoking toplevel() on ptolemy.moml.MoMLSimpleApplication@3da49c24
reloadAllAccessors: .ArrayAverage

===========================================================================================
----------------- testing Tue Dec 11 02:57:33 UTC 2018 /home/travis/build/icyphy/ptII/ptolemy/actor/lib/test/auto/ArrayContains.xml
----------------- Instantiating /home/travis/build/icyphy/ptII/ptolemy/actor/lib/test/auto/ArrayContains.xml
6 ms. Memory: 579072K Free: 279359K (48%)
----------------- Invoking toplevel() on ptolemy.moml.MoMLSimpleApplication@18c49a8d
----------------- Done invoking toplevel() on ptolemy.moml.MoMLSimpleApplication@18c49a8d
reloadAllAccessors: .ArrayContains

===========================================================================================
----------------- testing Tue Dec 11 02:57:33 UTC 2018 /home/travis/build/icyphy/ptII/ptolemy/actor/lib/test/auto/ArrayElement.xml
----------------- Instantiating /home/travis/build/icyphy/ptII/ptolemy/actor/lib/test/auto/ArrayElement.xml
3 ms. Memory: 579072K Free: 272887K (47%)
----------------- Invoking toplevel() on ptolemy.moml.MoMLSimpleApplication@7a5ffd1
----------------- Done invoking toplevel() on ptolemy.moml.MoMLSimpleApplication@7a5ffd1
reloadAllAccessors: .ArrayElement

===========================================================================================
----------------- testing Tue Dec 11 02:57:33 UTC 2018 /home/travis/build/icyphy/ptII/ptolemy/actor/lib/test/auto/ArrayElementAsMatrix.xml
----------------- Instantiating /home/travis/build/icyphy/ptII/ptolemy/actor/lib/test/auto/ArrayElementAsMatrix.xml
20 ms. Memory: 579072K Free: 259936K (45%)
----------------- Invoking toplevel() on ptolemy.moml.MoMLSimpleApplication@42e7426e
----------------- Done invoking toplevel() on ptolemy.moml.MoMLSimpleApplication@42e7426e
reloadAllAccessors: .ArrayElementAsMatrix

===========================================================================================
----------------- testing Tue Dec 11 02:57:34 UTC 2018 /home/travis/build/icyphy/ptII/ptolemy/actor/lib/test/auto/ArrayElementI.xml
----------------- Instantiating /home/travis/build/icyphy/ptII/ptolemy/actor/lib/test/auto/ArrayElementI.xml
3 ms. Memory: 579072K Free: 244648K (42%)
----------------- Invoking toplevel() on ptolemy.moml.MoMLSimpleApplication@701aa65a
----------------- Done invoking toplevel() on ptolemy.moml.MoMLSimpleApplication@701aa65a
reloadAllAccessors: .ArrayElementI

===========================================================================================
----------------- testing Tue Dec 11 02:57:34 UTC 2018 /home/travis/build/icyphy/ptII/ptolemy/actor/lib/test/auto/ArrayExtract.xml
----------------- Instantiating /home/travis/build/icyphy/ptII/ptolemy/actor/lib/test/auto/ArrayExtract.xml
4 ms. Memory: 579072K Free: 234925K (41%)
----------------- Invoking toplevel() on ptolemy.moml.MoMLSimpleApplication@64021e5a
----------------- Done invoking toplevel() on ptolemy.moml.MoMLSimpleApplication@64021e5a
reloadAllAccessors: .ArrayExtract

===========================================================================================
----------------- testing Tue Dec 11 02:57:34 UTC 2018 /home/travis/build/icyphy/ptII/ptolemy/actor/lib/test/auto/ArrayExtract2.xml
----------------- Instantiating /home/travis/build/icyphy/ptII/ptolemy/actor/lib/test/auto/ArrayExtract2.xml
2 ms. Memory: 579072K Free: 228453K (39%)
----------------- Invoking toplevel() on ptolemy.moml.MoMLSimpleApplication@6012246a
----------------- Done invoking toplevel() on ptolemy.moml.MoMLSimpleApplication@6012246a
reloadAllAccessors: .ArrayExtract2

===========================================================================================
----------------- testing Tue Dec 11 02:57:34 UTC 2018 /home/travis/build/icyphy/ptII/ptolemy/actor/lib/test/auto/ArrayLength.xml
----------------- Instantiating /home/travis/build/icyphy/ptII/ptolemy/actor/lib/test/auto/ArrayLength.xml
1 ms. Memory: 579072K Free: 221981K (38%)
----------------- Invoking toplevel() on ptolemy.moml.MoMLSimpleApplication@6860d5e0
----------------- Done invoking toplevel() on ptolemy.moml.MoMLSimpleApplication@6860d5e0
reloadAllAccessors: .ArrayLength

===========================================================================================
----------------- testing Tue Dec 11 02:57:34 UTC 2018 /home/travis/build/icyphy/ptII/ptolemy/actor/lib/test/auto/ArrayLevelCrossing.xml
----------------- Instantiating /home/travis/build/icyphy/ptII/ptolemy/actor/lib/test/auto/ArrayLevelCrossing.xml
3 ms. Memory: 579072K Free: 203442K (35%)
----------------- Invoking toplevel() on ptolemy.moml.MoMLSimpleApplication@7af26516
----------------- Done invoking toplevel() on ptolemy.moml.MoMLSimpleApplication@7af26516
reloadAllAccessors: .ArrayLevelCrossing

===========================================================================================
----------------- testing Tue Dec 11 02:57:34 UTC 2018 /home/travis/build/icyphy/ptII/ptolemy/actor/lib/test/auto/ArrayLevelCrossing2.xml
----------------- Instantiating /home/travis/build/icyphy/ptII/ptolemy/actor/lib/test/auto/ArrayLevelCrossing2.xml
2 ms. Memory: 579072K Free: 193718K (33%)
----------------- Invoking toplevel() on ptolemy.moml.MoMLSimpleApplication@7a159413
----------------- Done invoking toplevel() on ptolemy.moml.MoMLSimpleApplication@7a159413
reloadAllAccessors: .ArrayLevelCrossing2

===========================================================================================
----------------- testing Tue Dec 11 02:57:34 UTC 2018 /home/travis/build/icyphy/ptII/ptolemy/actor/lib/test/auto/ArrayPeakSearch.xml
----------------- Instantiating /home/travis/build/icyphy/ptII/ptolemy/actor/lib/test/auto/ArrayPeakSearch.xml
4 ms. Memory: 579072K Free: 180758K (31%)
----------------- Invoking toplevel() on ptolemy.moml.MoMLSimpleApplication@3572047a
----------------- Done invoking toplevel() on ptolemy.moml.MoMLSimpleApplication@3572047a
reloadAllAccessors: .ArrayPeakSearch

===========================================================================================
----------------- testing Tue Dec 11 02:57:34 UTC 2018 /home/travis/build/icyphy/ptII/ptolemy/actor/lib/test/auto/ArrayPeakSearch2.xml
----------------- Instantiating /home/travis/build/icyphy/ptII/ptolemy/actor/lib/test/auto/ArrayPeakSearch2.xml
5 ms. Memory: 579072K Free: 167791K (29%)
----------------- Invoking toplevel() on ptolemy.moml.MoMLSimpleApplication@2fec6c97
----------------- Done invoking toplevel() on ptolemy.moml.MoMLSimpleApplication@2fec6c97
reloadAllAccessors: .ArrayPeakSearch2

===========================================================================================
----------------- testing Tue Dec 11 02:57:34 UTC 2018 /home/travis/build/icyphy/ptII/ptolemy/actor/lib/test/auto/ArrayPeakSearch3.xml
----------------- Instantiating /home/travis/build/icyphy/ptII/ptolemy/actor/lib/test/auto/ArrayPeakSearch3.xml
6 ms. Memory: 579072K Free: 146016K (25%)
----------------- Invoking toplevel() on ptolemy.moml.MoMLSimpleApplication@68714edc
----------------- Done invoking toplevel() on ptolemy.moml.MoMLSimpleApplication@68714edc
reloadAllAccessors: .ArrayPeakSearch3

===========================================================================================
----------------- testing Tue Dec 11 02:57:34 UTC 2018 /home/travis/build/icyphy/ptII/ptolemy/actor/lib/test/auto/ArrayRemoveElement.xml
----------------- Instantiating /home/travis/build/icyphy/ptII/ptolemy/actor/lib/test/auto/ArrayRemoveElement.xml
3 ms. Memory: 579072K Free: 136308K (24%)
----------------- Invoking toplevel() on ptolemy.moml.MoMLSimpleApplication@78ad1230
----------------- Done invoking toplevel() on ptolemy.moml.MoMLSimpleApplication@78ad1230
reloadAllAccessors: .ArrayRemoveElement

===========================================================================================
----------------- testing Tue Dec 11 02:57:34 UTC 2018 /home/travis/build/icyphy/ptII/ptolemy/actor/lib/test/auto/ArraySort.xml
----------------- Instantiating /home/travis/build/icyphy/ptII/ptolemy/actor/lib/test/auto/ArraySort.xml
5 ms. Memory: 579072K Free: 123317K (21%)
----------------- Invoking toplevel() on ptolemy.moml.MoMLSimpleApplication@1f15e739
----------------- Done invoking toplevel() on ptolemy.moml.MoMLSimpleApplication@1f15e739
reloadAllAccessors: .ArraySort

===========================================================================================
----------------- testing Tue Dec 11 02:57:34 UTC 2018 /home/travis/build/icyphy/ptII/ptolemy/actor/lib/test/auto/ArraySum.xml
----------------- Instantiating /home/travis/build/icyphy/ptII/ptolemy/actor/lib/test/auto/ArraySum.xml
2 ms. Memory: 579072K Free: 113609K (20%)
----------------- Invoking toplevel() on ptolemy.moml.MoMLSimpleApplication@7d147c93
----------------- Done invoking toplevel() on ptolemy.moml.MoMLSimpleApplication@7d147c93
reloadAllAccessors: .ArraySum

===========================================================================================
----------------- testing Tue Dec 11 02:57:34 UTC 2018 /home/travis/build/icyphy/ptII/ptolemy/actor/lib/test/auto/ArrayToElements.xml
----------------- Instantiating /home/travis/build/icyphy/ptII/ptolemy/actor/lib/test/auto/ArrayToElements.xml
3 ms. Memory: 579072K Free: 95070K (16%)
----------------- Invoking toplevel() on ptolemy.moml.MoMLSimpleApplication@4e729ad0
----------------- Done invoking toplevel() on ptolemy.moml.MoMLSimpleApplication@4e729ad0
reloadAllAccessors: .ArrayToElements

===========================================================================================
----------------- testing Tue Dec 11 02:57:34 UTC 2018 /home/travis/build/icyphy/ptII/ptolemy/actor/lib/test/auto/ArrayToMatrix.xml
----------------- Instantiating /home/travis/build/icyphy/ptII/ptolemy/actor/lib/test/auto/ArrayToMatrix.xml
5 ms. Memory: 579072K Free: 75607K (13%)
----------------- Invoking toplevel() on ptolemy.moml.MoMLSimpleApplication@2c9065d4
----------------- Done invoking toplevel() on ptolemy.moml.MoMLSimpleApplication@2c9065d4
reloadAllAccessors: .ArrayToMatrix

===========================================================================================
----------------- testing Tue Dec 11 02:57:34 UTC 2018 /home/travis/build/icyphy/ptII/ptolemy/actor/lib/test/auto/ArrayUpdate1.xml
----------------- Instantiating /home/travis/build/icyphy/ptII/ptolemy/actor/lib/test/auto/ArrayUpdate1.xml
2 ms. Memory: 579072K Free: 69135K (12%)
----------------- Invoking toplevel() on ptolemy.moml.MoMLSimpleApplication@3768ce0e
----------------- Done invoking toplevel() on ptolemy.moml.MoMLSimpleApplication@3768ce0e
reloadAllAccessors: .ArrayUpdate1

===========================================================================================
----------------- testing Tue Dec 11 02:57:34 UTC 2018 /home/travis/build/icyphy/ptII/ptolemy/actor/lib/test/auto/ArrayUpdate2.xml
----------------- Instantiating /home/travis/build/icyphy/ptII/ptolemy/actor/lib/test/auto/ArrayUpdate2.xml
3 ms. Memory: 579072K Free: 59412K (10%)
----------------- Invoking toplevel() on ptolemy.moml.MoMLSimpleApplication@61233fc5
----------------- Done invoking toplevel() on ptolemy.moml.MoMLSimpleApplication@61233fc5
reloadAllAccessors: .ArrayUpdate2

===========================================================================================
----------------- testing Tue Dec 11 02:57:34 UTC 2018 /home/travis/build/icyphy/ptII/ptolemy/actor/lib/test/auto/ArrayUpdate3.xml
----------------- Instantiating /home/travis/build/icyphy/ptII/ptolemy/actor/lib/test/auto/ArrayUpdate3.xml
2 ms. Memory: 876032K Free: 825085K (94%)
----------------- Invoking toplevel() on ptolemy.moml.MoMLSimpleApplication@4f80ea54
----------------- Done invoking toplevel() on ptolemy.moml.MoMLSimpleApplication@4f80ea54
reloadAllAccessors: .ArrayUpdate3

===========================================================================================
----------------- testing Tue Dec 11 02:57:34 UTC 2018 /home/travis/build/icyphy/ptII/ptolemy/actor/lib/test/auto/Assert1.xml
----------------- Instantiating /home/travis/build/icyphy/ptII/ptolemy/actor/lib/test/auto/Assert1.xml
2 ms. Memory: 876032K Free: 804701K (92%)
----------------- Invoking toplevel() on ptolemy.moml.MoMLSimpleApplication@167b1c36
----------------- Done invoking toplevel() on ptolemy.moml.MoMLSimpleApplication@167b1c36
reloadAllAccessors: .Assert1

===========================================================================================
----------------- testing Tue Dec 11 02:57:34 UTC 2018 /home/travis/build/icyphy/ptII/ptolemy/actor/lib/test/auto/Assert2.xml
----------------- Instantiating /home/travis/build/icyphy/ptII/ptolemy/actor/lib/test/auto/Assert2.xml
6 ms. Memory: 876032K Free: 794345K (91%)
----------------- Invoking toplevel() on ptolemy.moml.MoMLSimpleApplication@1f7710d
----------------- Done invoking toplevel() on ptolemy.moml.MoMLSimpleApplication@1f7710d
reloadAllAccessors: .Assert2

===========================================================================================
----------------- testing Tue Dec 11 02:57:34 UTC 2018 /home/travis/build/icyphy/ptII/ptolemy/actor/lib/test/auto/BooleanMultiplexor.xml
----------------- Instantiating /home/travis/build/icyphy/ptII/ptolemy/actor/lib/test/auto/BooleanMultiplexor.xml
2 ms. Memory: 876032K Free: 783989K (89%)
----------------- Invoking toplevel() on ptolemy.moml.MoMLSimpleApplication@7b73d7c7
----------------- Done invoking toplevel() on ptolemy.moml.MoMLSimpleApplication@7b73d7c7
reloadAllAccessors: .BooleanMultiplexor

===========================================================================================
----------------- testing Tue Dec 11 02:57:34 UTC 2018 /home/travis/build/icyphy/ptII/ptolemy/actor/lib/test/auto/BooleanMultiplexor2.xml
----------------- Instantiating /home/travis/build/icyphy/ptII/ptolemy/actor/lib/test/auto/BooleanMultiplexor2.xml
3 ms. Memory: 876032K Free: 773251K (88%)
----------------- Invoking toplevel() on ptolemy.moml.MoMLSimpleApplication@62adb604
----------------- Done invoking toplevel() on ptolemy.moml.MoMLSimpleApplication@62adb604
reloadAllAccessors: .BooleanMultiplexor2

===========================================================================================
----------------- testing Tue Dec 11 02:57:34 UTC 2018 /home/travis/build/icyphy/ptII/ptolemy/actor/lib/test/auto/BooleanMultiplexor3.xml
----------------- Instantiating /home/travis/build/icyphy/ptII/ptolemy/actor/lib/test/auto/BooleanMultiplexor3.xml
8 ms. Memory: 876032K Free: 752868K (86%)
----------------- Invoking toplevel() on ptolemy.moml.MoMLSimpleApplication@5c4d0af5
----------------- Done invoking toplevel() on ptolemy.moml.MoMLSimpleApplication@5c4d0af5
reloadAllAccessors: .BooleanMultiplexor3

===========================================================================================
----------------- testing Tue Dec 11 02:57:34 UTC 2018 /home/travis/build/icyphy/ptII/ptolemy/actor/lib/test/auto/BooleanSelect.xml
----------------- Instantiating /home/travis/build/icyphy/ptII/ptolemy/actor/lib/test/auto/BooleanSelect.xml
4 ms. Memory: 876032K Free: 742512K (85%)
----------------- Invoking toplevel() on ptolemy.moml.MoMLSimpleApplication@9f8fd16
----------------- Done invoking toplevel() on ptolemy.moml.MoMLSimpleApplication@9f8fd16
reloadAllAccessors: .BooleanSelect

===========================================================================================
----------------- testing Tue Dec 11 02:57:34 UTC 2018 /home/travis/build/icyphy/ptII/ptolemy/actor/lib/test/auto/BooleanSelect2.xml
----------------- Instantiating /home/travis/build/icyphy/ptII/ptolemy/actor/lib/test/auto/BooleanSelect2.xml
2 ms. Memory: 876032K Free: 732156K (84%)
----------------- Invoking toplevel() on ptolemy.moml.MoMLSimpleApplication@269f318f
----------------- Done invoking toplevel() on ptolemy.moml.MoMLSimpleApplication@269f318f
reloadAllAccessors: .BooleanSelect2

===========================================================================================
----------------- testing Tue Dec 11 02:57:34 UTC 2018 /home/travis/build/icyphy/ptII/ptolemy/actor/lib/test/auto/BooleanSwitch.xml
----------------- Instantiating /home/travis/build/icyphy/ptII/ptolemy/actor/lib/test/auto/BooleanSwitch.xml
4 ms. Memory: 876032K Free: 721799K (82%)
----------------- Invoking toplevel() on ptolemy.moml.MoMLSimpleApplication@7a2ad40f
----------------- Done invoking toplevel() on ptolemy.moml.MoMLSimpleApplication@7a2ad40f
reloadAllAccessors: .BooleanSwitch

===========================================================================================
----------------- testing Tue Dec 11 02:57:34 UTC 2018 /home/travis/build/icyphy/ptII/ptolemy/actor/lib/test/auto/BooleanSwitch2.xml
----------------- Instantiating /home/travis/build/icyphy/ptII/ptolemy/actor/lib/test/auto/BooleanSwitch2.xml
2 ms. Memory: 876032K Free: 711443K (81%)
----------------- Invoking toplevel() on ptolemy.moml.MoMLSimpleApplication@215fc8e5
----------------- Done invoking toplevel() on ptolemy.moml.MoMLSimpleApplication@215fc8e5
reloadAllAccessors: .BooleanSwitch2

===========================================================================================
----------------- testing Tue Dec 11 02:57:34 UTC 2018 /home/travis/build/icyphy/ptII/ptolemy/actor/lib/test/auto/BooleanSwitchCloningBugWithClassRelationGroup.xml
----------------- Instantiating /home/travis/build/icyphy/ptII/ptolemy/actor/lib/test/auto/BooleanSwitchCloningBugWithClassRelationGroup.xml
3 ms. Memory: 876032K Free: 691059K (79%)
----------------- Invoking toplevel() on ptolemy.moml.MoMLSimpleApplication@5ff875fa
----------------- Done invoking toplevel() on ptolemy.moml.MoMLSimpleApplication@5ff875fa
reloadAllAccessors: .BooleanSwitchCloningBugWithClassRelationGroup

===========================================================================================
----------------- testing Tue Dec 11 02:57:34 UTC 2018 /home/travis/build/icyphy/ptII/ptolemy/actor/lib/test/auto/BusActors.xml
----------------- Instantiating /home/travis/build/icyphy/ptII/ptolemy/actor/lib/test/auto/BusActors.xml
5 ms. Memory: 876032K Free: 675509K (77%)
----------------- Invoking toplevel() on ptolemy.moml.MoMLSimpleApplication@14f1e0b4
----------------- Done invoking toplevel() on ptolemy.moml.MoMLSimpleApplication@14f1e0b4
reloadAllAccessors: .BusActors

===========================================================================================
----------------- testing Tue Dec 11 02:57:34 UTC 2018 /home/travis/build/icyphy/ptII/ptolemy/actor/lib/test/auto/ClassWrapper.xml
----------------- Instantiating /home/travis/build/icyphy/ptII/ptolemy/actor/lib/test/auto/ClassWrapper.xml
2 ms. Memory: 876032K Free: 665153K (76%)
----------------- Invoking toplevel() on ptolemy.moml.MoMLSimpleApplication@511c93d7
----------------- Done invoking toplevel() on ptolemy.moml.MoMLSimpleApplication@511c93d7
reloadAllAccessors: .ClassWrapper

===========================================================================================
----------------- testing Tue Dec 11 02:57:34 UTC 2018 /home/travis/build/icyphy/ptII/ptolemy/actor/lib/test/auto/Clock.xml
----------------- Instantiating /home/travis/build/icyphy/ptII/ptolemy/actor/lib/test/auto/Clock.xml
1 ms. Memory: 876032K Free: 654797K (75%)
----------------- Invoking toplevel() on ptolemy.moml.MoMLSimpleApplication@6fdbb697
----------------- Done invoking toplevel() on ptolemy.moml.MoMLSimpleApplication@6fdbb697
reloadAllAccessors: .Clock

===========================================================================================
----------------- testing Tue Dec 11 02:57:34 UTC 2018 /home/travis/build/icyphy/ptII/ptolemy/actor/lib/test/auto/Clock10.xml
----------------- Instantiating /home/travis/build/icyphy/ptII/ptolemy/actor/lib/test/auto/Clock10.xml
4 ms. Memory: 876032K Free: 634413K (72%)
----------------- Invoking toplevel() on ptolemy.moml.MoMLSimpleApplication@4b29447e
----------------- Done invoking toplevel() on ptolemy.moml.MoMLSimpleApplication@4b29447e
reloadAllAccessors: .Clock10

===========================================================================================
----------------- testing Tue Dec 11 02:57:34 UTC 2018 /home/travis/build/icyphy/ptII/ptolemy/actor/lib/test/auto/Clock11.xml
----------------- Instantiating /home/travis/build/icyphy/ptII/ptolemy/actor/lib/test/auto/Clock11.xml
5 ms. Memory: 876032K Free: 624057K (71%)
----------------- Invoking toplevel() on ptolemy.moml.MoMLSimpleApplication@5ca90e75
----------------- Done invoking toplevel() on ptolemy.moml.MoMLSimpleApplication@5ca90e75
reloadAllAccessors: .Clock11

===========================================================================================
----------------- testing Tue Dec 11 02:57:34 UTC 2018 /home/travis/build/icyphy/ptII/ptolemy/actor/lib/test/auto/Clock12.xml
----------------- Instantiating /home/travis/build/icyphy/ptII/ptolemy/actor/lib/test/auto/Clock12.xml
4 ms. Memory: 876032K Free: 613701K (70%)
----------------- Invoking toplevel() on ptolemy.moml.MoMLSimpleApplication@21b01a8
----------------- Done invoking toplevel() on ptolemy.moml.MoMLSimpleApplication@21b01a8
reloadAllAccessors: .Clock12

===========================================================================================
----------------- testing Tue Dec 11 02:57:35 UTC 2018 /home/travis/build/icyphy/ptII/ptolemy/actor/lib/test/auto/Clock13.xml
----------------- Instantiating /home/travis/build/icyphy/ptII/ptolemy/actor/lib/test/auto/Clock13.xml
8 ms. Memory: 876032K Free: 603345K (69%)
----------------- Invoking toplevel() on ptolemy.moml.MoMLSimpleApplication@67e97d92
----------------- Done invoking toplevel() on ptolemy.moml.MoMLSimpleApplication@67e97d92
reloadAllAccessors: .Clock13

===========================================================================================
----------------- testing Tue Dec 11 02:57:35 UTC 2018 /home/travis/build/icyphy/ptII/ptolemy/actor/lib/test/auto/Clock14.xml
----------------- Instantiating /home/travis/build/icyphy/ptII/ptolemy/actor/lib/test/auto/Clock14.xml
7 ms. Memory: 876032K Free: 592989K (68%)
----------------- Invoking toplevel() on ptolemy.moml.MoMLSimpleApplication@3c2005c4
----------------- Done invoking toplevel() on ptolemy.moml.MoMLSimpleApplication@3c2005c4
reloadAllAccessors: .Clock14

===========================================================================================
----------------- testing Tue Dec 11 02:57:35 UTC 2018 /home/travis/build/icyphy/ptII/ptolemy/actor/lib/test/auto/Clock15.xml
----------------- Instantiating /home/travis/build/icyphy/ptII/ptolemy/actor/lib/test/auto/Clock15.xml
6 ms. Memory: 876032K Free: 572605K (65%)
----------------- Invoking toplevel() on ptolemy.moml.MoMLSimpleApplication@aed13d7
----------------- Done invoking toplevel() on ptolemy.moml.MoMLSimpleApplication@aed13d7
reloadAllAccessors: .Clock15

===========================================================================================
----------------- testing Tue Dec 11 02:57:35 UTC 2018 /home/travis/build/icyphy/ptII/ptolemy/actor/lib/test/auto/Clock16.xml
----------------- Instantiating /home/travis/build/icyphy/ptII/ptolemy/actor/lib/test/auto/Clock16.xml
27 ms. Memory: 876032K Free: 551877K (63%)
----------------- Invoking toplevel() on ptolemy.moml.MoMLSimpleApplication@26d2e6f5
----------------- Done invoking toplevel() on ptolemy.moml.MoMLSimpleApplication@26d2e6f5
reloadAllAccessors: .Clock16

===========================================================================================
----------------- testing Tue Dec 11 02:57:35 UTC 2018 /home/travis/build/icyphy/ptII/ptolemy/actor/lib/test/auto/Clock17.xml
----------------- Instantiating /home/travis/build/icyphy/ptII/ptolemy/actor/lib/test/auto/Clock17.xml
24 ms. Memory: 876032K Free: 528560K (60%)
----------------- Invoking toplevel() on ptolemy.moml.MoMLSimpleApplication@39a40198
----------------- Done invoking toplevel() on ptolemy.moml.MoMLSimpleApplication@39a40198
reloadAllAccessors: .Clock17

===========================================================================================
----------------- testing Tue Dec 11 02:57:35 UTC 2018 /home/travis/build/icyphy/ptII/ptolemy/actor/lib/test/auto/Clock18.xml
----------------- Instantiating /home/travis/build/icyphy/ptII/ptolemy/actor/lib/test/auto/Clock18.xml
15 ms. Memory: 876032K Free: 513018K (59%)
----------------- Invoking toplevel() on ptolemy.moml.MoMLSimpleApplication@451b8103
----------------- Done invoking toplevel() on ptolemy.moml.MoMLSimpleApplication@451b8103
reloadAllAccessors: .Clock18

===========================================================================================
----------------- testing Tue Dec 11 02:57:35 UTC 2018 /home/travis/build/icyphy/ptII/ptolemy/actor/lib/test/auto/Clock19.xml
----------------- Instantiating /home/travis/build/icyphy/ptII/ptolemy/actor/lib/test/auto/Clock19.xml
9 ms. Memory: 876032K Free: 487448K (56%)
----------------- Invoking toplevel() on ptolemy.moml.MoMLSimpleApplication@ebfe6d8
----------------- Done invoking toplevel() on ptolemy.moml.MoMLSimpleApplication@ebfe6d8
reloadAllAccessors: .Clock19

===========================================================================================
----------------- testing Tue Dec 11 02:57:35 UTC 2018 /home/travis/build/icyphy/ptII/ptolemy/actor/lib/test/auto/Clock2.xml
----------------- Instantiating /home/travis/build/icyphy/ptII/ptolemy/actor/lib/test/auto/Clock2.xml
4 ms. Memory: 876032K Free: 477092K (54%)
----------------- Invoking toplevel() on ptolemy.moml.MoMLSimpleApplication@7747266f
----------------- Done invoking toplevel() on ptolemy.moml.MoMLSimpleApplication@7747266f
reloadAllAccessors: .Clock2

===========================================================================================
----------------- testing Tue Dec 11 02:57:35 UTC 2018 /home/travis/build/icyphy/ptII/ptolemy/actor/lib/test/auto/Clock20.xml
----------------- Instantiating /home/travis/build/icyphy/ptII/ptolemy/actor/lib/test/auto/Clock20.xml
10 ms. Memory: 876032K Free: 466736K (53%)
----------------- Invoking toplevel() on ptolemy.moml.MoMLSimpleApplication@530e350
----------------- Done invoking toplevel() on ptolemy.moml.MoMLSimpleApplication@530e350
reloadAllAccessors: .Clock20

===========================================================================================
----------------- testing Tue Dec 11 02:57:35 UTC 2018 /home/travis/build/icyphy/ptII/ptolemy/actor/lib/test/auto/Clock21.xml
----------------- Instantiating /home/travis/build/icyphy/ptII/ptolemy/actor/lib/test/auto/Clock21.xml
1 ms. Memory: 876032K Free: 456380K (52%)
----------------- Invoking toplevel() on ptolemy.moml.MoMLSimpleApplication@3486d82e
----------------- Done invoking toplevel() on ptolemy.moml.MoMLSimpleApplication@3486d82e
reloadAllAccessors: .Clock21

===========================================================================================
----------------- testing Tue Dec 11 02:57:35 UTC 2018 /home/travis/build/icyphy/ptII/ptolemy/actor/lib/test/auto/Clock22.xml
----------------- Instantiating /home/travis/build/icyphy/ptII/ptolemy/actor/lib/test/auto/Clock22.xml
1 ms. Memory: 876032K Free: 435996K (50%)
----------------- Invoking toplevel() on ptolemy.moml.MoMLSimpleApplication@757fd780
----------------- Done invoking toplevel() on ptolemy.moml.MoMLSimpleApplication@757fd780
reloadAllAccessors: .Clock22

===========================================================================================
----------------- testing Tue Dec 11 02:57:35 UTC 2018 /home/travis/build/icyphy/ptII/ptolemy/actor/lib/test/auto/Clock23.xml
----------------- Instantiating /home/travis/build/icyphy/ptII/ptolemy/actor/lib/test/auto/Clock23.xml
2 ms. Memory: 876032K Free: 425640K (49%)
----------------- Invoking toplevel() on ptolemy.moml.MoMLSimpleApplication@99dc50a
----------------- Done invoking toplevel() on ptolemy.moml.MoMLSimpleApplication@99dc50a
reloadAllAccessors: .Clock23

===========================================================================================
----------------- testing Tue Dec 11 02:57:35 UTC 2018 /home/travis/build/icyphy/ptII/ptolemy/actor/lib/test/auto/Clock24.xml
----------------- Instantiating /home/travis/build/icyphy/ptII/ptolemy/actor/lib/test/auto/Clock24.xml
1 ms. Memory: 876032K Free: 415284K (47%)
----------------- Invoking toplevel() on ptolemy.moml.MoMLSimpleApplication@7f1c9732
----------------- Done invoking toplevel() on ptolemy.moml.MoMLSimpleApplication@7f1c9732
reloadAllAccessors: .Clock24

===========================================================================================
----------------- testing Tue Dec 11 02:57:35 UTC 2018 /home/travis/build/icyphy/ptII/ptolemy/actor/lib/test/auto/Clock4.xml
----------------- Instantiating /home/travis/build/icyphy/ptII/ptolemy/actor/lib/test/auto/Clock4.xml
1 ms. Memory: 876032K Free: 404928K (46%)
----------------- Invoking toplevel() on ptolemy.moml.MoMLSimpleApplication@3291f68c
----------------- Done invoking toplevel() on ptolemy.moml.MoMLSimpleApplication@3291f68c
reloadAllAccessors: .Clock4

===========================================================================================
----------------- testing Tue Dec 11 02:57:35 UTC 2018 /home/travis/build/icyphy/ptII/ptolemy/actor/lib/test/auto/Clock5.xml
----------------- Instantiating /home/travis/build/icyphy/ptII/ptolemy/actor/lib/test/auto/Clock5.xml
4 ms. Memory: 876032K Free: 394572K (45%)
----------------- Invoking toplevel() on ptolemy.moml.MoMLSimpleApplication@2a540a5a
----------------- Done invoking toplevel() on ptolemy.moml.MoMLSimpleApplication@2a540a5a
reloadAllAccessors: .Clock5

===========================================================================================
----------------- testing Tue Dec 11 02:57:35 UTC 2018 /home/travis/build/icyphy/ptII/ptolemy/actor/lib/test/auto/Clock6.xml
----------------- Instantiating /home/travis/build/icyphy/ptII/ptolemy/actor/lib/test/auto/Clock6.xml
2 ms. Memory: 876032K Free: 374188K (43%)
----------------- Invoking toplevel() on ptolemy.moml.MoMLSimpleApplication@2bc3a58c
----------------- Done invoking toplevel() on ptolemy.moml.MoMLSimpleApplication@2bc3a58c
reloadAllAccessors: .Clock6

===========================================================================================
----------------- testing Tue Dec 11 02:57:35 UTC 2018 /home/travis/build/icyphy/ptII/ptolemy/actor/lib/test/auto/Clock7.xml
----------------- Instantiating /home/travis/build/icyphy/ptII/ptolemy/actor/lib/test/auto/Clock7.xml
3 ms. Memory: 876032K Free: 363832K (42%)
----------------- Invoking toplevel() on ptolemy.moml.MoMLSimpleApplication@30af590f
----------------- Done invoking toplevel() on ptolemy.moml.MoMLSimpleApplication@30af590f
reloadAllAccessors: .Clock7

===========================================================================================
----------------- testing Tue Dec 11 02:57:35 UTC 2018 /home/travis/build/icyphy/ptII/ptolemy/actor/lib/test/auto/Clock8.xml
----------------- Instantiating /home/travis/build/icyphy/ptII/ptolemy/actor/lib/test/auto/Clock8.xml
2 ms. Memory: 876032K Free: 353476K (40%)
----------------- Invoking toplevel() on ptolemy.moml.MoMLSimpleApplication@5fa049fc
----------------- Done invoking toplevel() on ptolemy.moml.MoMLSimpleApplication@5fa049fc
reloadAllAccessors: .Clock8

===========================================================================================
----------------- testing Tue Dec 11 02:57:35 UTC 2018 /home/travis/build/icyphy/ptII/ptolemy/actor/lib/test/auto/Clock9.xml
----------------- Instantiating /home/travis/build/icyphy/ptII/ptolemy/actor/lib/test/auto/Clock9.xml
2 ms. Memory: 876032K Free: 343120K (39%)
----------------- Invoking toplevel() on ptolemy.moml.MoMLSimpleApplication@7b32614a
----------------- Done invoking toplevel() on ptolemy.moml.MoMLSimpleApplication@7b32614a
reloadAllAccessors: .Clock9

===========================================================================================
----------------- testing Tue Dec 11 02:57:35 UTC 2018 /home/travis/build/icyphy/ptII/ptolemy/actor/lib/test/auto/CommDistDiscard.xml
----------------- Instantiating /home/travis/build/icyphy/ptII/ptolemy/actor/lib/test/auto/CommDistDiscard.xml
3 ms. Memory: 876032K Free: 322736K (37%)
----------------- Invoking toplevel() on ptolemy.moml.MoMLSimpleApplication@3ce7543f
----------------- Done invoking toplevel() on ptolemy.moml.MoMLSimpleApplication@3ce7543f
reloadAllAccessors: .CommDistDiscard

===========================================================================================
----------------- testing Tue Dec 11 02:57:35 UTC 2018 /home/travis/build/icyphy/ptII/ptolemy/actor/lib/test/auto/Commutator.xml
----------------- Instantiating /home/travis/build/icyphy/ptII/ptolemy/actor/lib/test/auto/Commutator.xml
2 ms. Memory: 876032K Free: 312380K (36%)
----------------- Invoking toplevel() on ptolemy.moml.MoMLSimpleApplication@4d4b42dc
----------------- Done invoking toplevel() on ptolemy.moml.MoMLSimpleApplication@4d4b42dc
reloadAllAccessors: .Commutator

===========================================================================================
----------------- testing Tue Dec 11 02:57:35 UTC 2018 /home/travis/build/icyphy/ptII/ptolemy/actor/lib/test/auto/Commutator2.xml
----------------- Instantiating /home/travis/build/icyphy/ptII/ptolemy/actor/lib/test/auto/Commutator2.xml
2 ms. Memory: 876032K Free: 302024K (34%)
----------------- Invoking toplevel() on ptolemy.moml.MoMLSimpleApplication@44e49345
----------------- Done invoking toplevel() on ptolemy.moml.MoMLSimpleApplication@44e49345
reloadAllAccessors: .Commutator2

===========================================================================================
----------------- testing Tue Dec 11 02:57:35 UTC 2018 /home/travis/build/icyphy/ptII/ptolemy/actor/lib/test/auto/Commutator3.xml
----------------- Instantiating /home/travis/build/icyphy/ptII/ptolemy/actor/lib/test/auto/Commutator3.xml
2 ms. Memory: 876032K Free: 291668K (33%)
----------------- Invoking toplevel() on ptolemy.moml.MoMLSimpleApplication@656b8b54
----------------- Done invoking toplevel() on ptolemy.moml.MoMLSimpleApplication@656b8b54
reloadAllAccessors: .Commutator3

===========================================================================================
----------------- testing Tue Dec 11 02:57:35 UTC 2018 /home/travis/build/icyphy/ptII/ptolemy/actor/lib/test/auto/Compare.xml
----------------- Instantiating /home/travis/build/icyphy/ptII/ptolemy/actor/lib/test/auto/Compare.xml
10 ms. Memory: 876032K Free: 281312K (32%)
----------------- Invoking toplevel() on ptolemy.moml.MoMLSimpleApplication@445c2612
----------------- Done invoking toplevel() on ptolemy.moml.MoMLSimpleApplication@445c2612
reloadAllAccessors: .Compare

===========================================================================================
----------------- testing Tue Dec 11 02:57:35 UTC 2018 /home/travis/build/icyphy/ptII/ptolemy/actor/lib/test/auto/CompareDE.xml
----------------- Instantiating /home/travis/build/icyphy/ptII/ptolemy/actor/lib/test/auto/CompareDE.xml
4 ms. Memory: 876032K Free: 260928K (30%)
----------------- Invoking toplevel() on ptolemy.moml.MoMLSimpleApplication@2d84dd62
----------------- Done invoking toplevel() on ptolemy.moml.MoMLSimpleApplication@2d84dd62
reloadAllAccessors: .CompareDE

===========================================================================================
----------------- testing Tue Dec 11 02:57:35 UTC 2018 /home/travis/build/icyphy/ptII/ptolemy/actor/lib/test/auto/ComplexDivide.xml
----------------- Instantiating /home/travis/build/icyphy/ptII/ptolemy/actor/lib/test/auto/ComplexDivide.xml
3 ms. Memory: 876032K Free: 250572K (29%)
----------------- Invoking toplevel() on ptolemy.moml.MoMLSimpleApplication@4fb249ad
----------------- Done invoking toplevel() on ptolemy.moml.MoMLSimpleApplication@4fb249ad
reloadAllAccessors: .ComplexDivide

===========================================================================================
----------------- testing Tue Dec 11 02:57:35 UTC 2018 /home/travis/build/icyphy/ptII/ptolemy/actor/lib/test/auto/ComputeHistogram.xml
----------------- Instantiating /home/travis/build/icyphy/ptII/ptolemy/actor/lib/test/auto/ComputeHistogram.xml
34 ms. Memory: 876032K Free: 235038K (27%)
----------------- Invoking toplevel() on ptolemy.moml.MoMLSimpleApplication@31526a94
----------------- Done invoking toplevel() on ptolemy.moml.MoMLSimpleApplication@31526a94
reloadAllAccessors: .ComputeHistogram

===========================================================================================
----------------- testing Tue Dec 11 02:57:35 UTC 2018 /home/travis/build/icyphy/ptII/ptolemy/actor/lib/test/auto/ConfigurationSelect.xml
----------------- Instantiating /home/travis/build/icyphy/ptII/ptolemy/actor/lib/test/auto/ConfigurationSelect.xml
5 ms. Memory: 876032K Free: 224682K (26%)
----------------- Invoking toplevel() on ptolemy.moml.MoMLSimpleApplication@d7ae4cf
----------------- Done invoking toplevel() on ptolemy.moml.MoMLSimpleApplication@d7ae4cf
reloadAllAccessors: .ConfigurationSelect

===========================================================================================
----------------- testing Tue Dec 11 02:57:35 UTC 2018 /home/travis/build/icyphy/ptII/ptolemy/actor/lib/test/auto/ConfigurationSelect2.xml
----------------- Instantiating /home/travis/build/icyphy/ptII/ptolemy/actor/lib/test/auto/ConfigurationSelect2.xml
3 ms. Memory: 876032K Free: 204298K (23%)
----------------- Invoking toplevel() on ptolemy.moml.MoMLSimpleApplication@6acd2e12
----------------- Done invoking toplevel() on ptolemy.moml.MoMLSimpleApplication@6acd2e12
reloadAllAccessors: .ConfigurationSelect2

===========================================================================================
----------------- testing Tue Dec 11 02:57:35 UTC 2018 /home/travis/build/icyphy/ptII/ptolemy/actor/lib/test/auto/ConfigurationSwitch.xml
----------------- Instantiating /home/travis/build/icyphy/ptII/ptolemy/actor/lib/test/auto/ConfigurationSwitch.xml
2 ms. Memory: 876032K Free: 193942K (22%)
----------------- Invoking toplevel() on ptolemy.moml.MoMLSimpleApplication@668c7718
----------------- Done invoking toplevel() on ptolemy.moml.MoMLSimpleApplication@668c7718
reloadAllAccessors: .ConfigurationSwitch

===========================================================================================
----------------- testing Tue Dec 11 02:57:35 UTC 2018 /home/travis/build/icyphy/ptII/ptolemy/actor/lib/test/auto/ConfigurationSwitch2.xml
----------------- Instantiating /home/travis/build/icyphy/ptII/ptolemy/actor/lib/test/auto/ConfigurationSwitch2.xml
2 ms. Memory: 876032K Free: 183586K (21%)
----------------- Invoking toplevel() on ptolemy.moml.MoMLSimpleApplication@2862e984
----------------- Done invoking toplevel() on ptolemy.moml.MoMLSimpleApplication@2862e984
reloadAllAccessors: .ConfigurationSwitch2

===========================================================================================
----------------- testing Tue Dec 11 02:57:35 UTC 2018 /home/travis/build/icyphy/ptII/ptolemy/actor/lib/test/auto/ConfigurationSwitchCloningBugWithClassRelationGroup.xml
----------------- Instantiating /home/travis/build/icyphy/ptII/ptolemy/actor/lib/test/auto/ConfigurationSwitchCloningBugWithClassRelationGroup.xml
0 ms. Memory: 876032K Free: 173230K (20%)
----------------- Invoking toplevel() on ptolemy.moml.MoMLSimpleApplication@37ec13ee
----------------- Done invoking toplevel() on ptolemy.moml.MoMLSimpleApplication@37ec13ee
reloadAllAccessors: .ConfigurationSwitchCloningBugWithClassRelationGroup

===========================================================================================
----------------- testing Tue Dec 11 02:57:35 UTC 2018 /home/travis/build/icyphy/ptII/ptolemy/actor/lib/test/auto/ConfigurationSwitchSelectSDF.xml
----------------- Instantiating /home/travis/build/icyphy/ptII/ptolemy/actor/lib/test/auto/ConfigurationSwitchSelectSDF.xml
3 ms. Memory: 876032K Free: 162874K (19%)
----------------- Invoking toplevel() on ptolemy.moml.MoMLSimpleApplication@61bb10bd
----------------- Done invoking toplevel() on ptolemy.moml.MoMLSimpleApplication@61bb10bd
reloadAllAccessors: .ConfigurationSwitchSelectSDF

===========================================================================================
----------------- testing Tue Dec 11 02:57:35 UTC 2018 /home/travis/build/icyphy/ptII/ptolemy/actor/lib/test/auto/ConfigurationSwitchSelectSDF2.xml
----------------- Instantiating /home/travis/build/icyphy/ptII/ptolemy/actor/lib/test/auto/ConfigurationSwitchSelectSDF2.xml
3 ms. Memory: 876032K Free: 142490K (16%)
----------------- Invoking toplevel() on ptolemy.moml.MoMLSimpleApplication@751ff25
----------------- Done invoking toplevel() on ptolemy.moml.MoMLSimpleApplication@751ff25
reloadAllAccessors: .ConfigurationSwitchSelectSDF2

===========================================================================================
----------------- testing Tue Dec 11 02:57:35 UTC 2018 /home/travis/build/icyphy/ptII/ptolemy/actor/lib/test/auto/Const.xml
----------------- Instantiating /home/travis/build/icyphy/ptII/ptolemy/actor/lib/test/auto/Const.xml
1 ms. Memory: 876032K Free: 132134K (15%)
----------------- Invoking toplevel() on ptolemy.moml.MoMLSimpleApplication@30377529
----------------- Done invoking toplevel() on ptolemy.moml.MoMLSimpleApplication@30377529
reloadAllAccessors: .Const

===========================================================================================
----------------- testing Tue Dec 11 02:57:36 UTC 2018 /home/travis/build/icyphy/ptII/ptolemy/actor/lib/test/auto/Const2.xml
----------------- Instantiating /home/travis/build/icyphy/ptII/ptolemy/actor/lib/test/auto/Const2.xml
2 ms. Memory: 876032K Free: 121778K (14%)
----------------- Invoking toplevel() on ptolemy.moml.MoMLSimpleApplication@115a9c5a
----------------- Done invoking toplevel() on ptolemy.moml.MoMLSimpleApplication@115a9c5a
reloadAllAccessors: .Const2

===========================================================================================
----------------- testing Tue Dec 11 02:57:36 UTC 2018 /home/travis/build/icyphy/ptII/ptolemy/actor/lib/test/auto/Const3.xml
----------------- Instantiating /home/travis/build/icyphy/ptII/ptolemy/actor/lib/test/auto/Const3.xml
1 ms. Memory: 876032K Free: 111422K (13%)
----------------- Invoking toplevel() on ptolemy.moml.MoMLSimpleApplication@3bba2d3b
----------------- Done invoking toplevel() on ptolemy.moml.MoMLSimpleApplication@3bba2d3b
reloadAllAccessors: .Const3

===========================================================================================
----------------- testing Tue Dec 11 02:57:36 UTC 2018 /home/travis/build/icyphy/ptII/ptolemy/actor/lib/test/auto/ConstantPublisherPort1.xml
----------------- Instantiating /home/travis/build/icyphy/ptII/ptolemy/actor/lib/test/auto/ConstantPublisherPort1.xml
8 ms. Memory: 876032K Free: 85844K (10%)
----------------- Invoking toplevel() on ptolemy.moml.MoMLSimpleApplication@209c9717
----------------- Done invoking toplevel() on ptolemy.moml.MoMLSimpleApplication@209c9717
reloadAllAccessors: .ConstantPublisherPort1

===========================================================================================
----------------- testing Tue Dec 11 02:57:36 UTC 2018 /home/travis/build/icyphy/ptII/ptolemy/actor/lib/test/auto/ConstantPublisherPort2.xml
----------------- Instantiating /home/travis/build/icyphy/ptII/ptolemy/actor/lib/test/auto/ConstantPublisherPort2.xml
9 ms. Memory: 876032K Free: 70302K (8%)
----------------- Invoking toplevel() on ptolemy.moml.MoMLSimpleApplication@35abb9b7
----------------- Done invoking toplevel() on ptolemy.moml.MoMLSimpleApplication@35abb9b7
reloadAllAccessors: .ConstantPublisherPort2

===========================================================================================
----------------- testing Tue Dec 11 02:57:36 UTC 2018 /home/travis/build/icyphy/ptII/ptolemy/actor/lib/test/auto/ConstantPublisherPort3.xml
----------------- Instantiating /home/travis/build/icyphy/ptII/ptolemy/actor/lib/test/auto/ConstantPublisherPort3.xml
32 ms. Memory: 877056K Free: 833334K (95%)
----------------- Invoking toplevel() on ptolemy.moml.MoMLSimpleApplication@298cd73a
----------------- Done invoking toplevel() on ptolemy.moml.MoMLSimpleApplication@298cd73a
reloadAllAccessors: .ConstantPublisherPort3

===========================================================================================
----------------- testing Tue Dec 11 02:57:36 UTC 2018 /home/travis/build/icyphy/ptII/ptolemy/actor/lib/test/auto/ConstantPublisherPort4.xml
----------------- Instantiating /home/travis/build/icyphy/ptII/ptolemy/actor/lib/test/auto/ConstantPublisherPort4.xml
2 ms. Memory: 877056K Free: 811422K (93%)
----------------- Invoking toplevel() on ptolemy.moml.MoMLSimpleApplication@542f065
----------------- Done invoking toplevel() on ptolemy.moml.MoMLSimpleApplication@542f065
reloadAllAccessors: .ConstantPublisherPort4

===========================================================================================
----------------- testing Tue Dec 11 02:57:36 UTC 2018 /home/travis/build/icyphy/ptII/ptolemy/actor/lib/test/auto/ConstantPublisherPort5.xml
----------------- Instantiating /home/travis/build/icyphy/ptII/ptolemy/actor/lib/test/auto/ConstantPublisherPort5.xml
29 ms. Memory: 877056K Free: 791988K (90%)
----------------- Invoking toplevel() on ptolemy.moml.MoMLSimpleApplication@51bbf5e1
----------------- Done invoking toplevel() on ptolemy.moml.MoMLSimpleApplication@51bbf5e1
reloadAllAccessors: .ConstantPublisherPort5

===========================================================================================
----------------- testing Tue Dec 11 02:57:36 UTC 2018 /home/travis/build/icyphy/ptII/ptolemy/actor/lib/test/auto/ConstantPublisherPort6.xml
----------------- Instantiating /home/travis/build/icyphy/ptII/ptolemy/actor/lib/test/auto/ConstantPublisherPort6.xml
18 ms. Memory: 877056K Free: 768687K (88%)
----------------- Invoking toplevel() on ptolemy.moml.MoMLSimpleApplication@49617c3b
----------------- Done invoking toplevel() on ptolemy.moml.MoMLSimpleApplication@49617c3b
reloadAllAccessors: .ConstantPublisherPort6

===========================================================================================
----------------- testing Tue Dec 11 02:57:36 UTC 2018 /home/travis/build/icyphy/ptII/ptolemy/actor/lib/test/auto/ConstantPublisherPort7.xml
----------------- Instantiating /home/travis/build/icyphy/ptII/ptolemy/actor/lib/test/auto/ConstantPublisherPort7.xml
14 ms. Memory: 877056K Free: 738012K (84%)
----------------- Invoking toplevel() on ptolemy.moml.MoMLSimpleApplication@1dd67494
----------------- Done invoking toplevel() on ptolemy.moml.MoMLSimpleApplication@1dd67494
reloadAllAccessors: .ConstantPublisherPort7

===========================================================================================
----------------- testing Tue Dec 11 02:57:36 UTC 2018 /home/travis/build/icyphy/ptII/ptolemy/actor/lib/test/auto/ConstraintMonitor1.xml
----------------- Instantiating /home/travis/build/icyphy/ptII/ptolemy/actor/lib/test/auto/ConstraintMonitor1.xml
3 ms. Memory: 877056K Free: 730245K (83%)
----------------- Invoking toplevel() on ptolemy.moml.MoMLSimpleApplication@75ba3008
----------------- Done invoking toplevel() on ptolemy.moml.MoMLSimpleApplication@75ba3008
reloadAllAccessors: .ConstraintMonitor1

===========================================================================================
----------------- testing Tue Dec 11 02:57:36 UTC 2018 /home/travis/build/icyphy/ptII/ptolemy/actor/lib/test/auto/ConstraintMonitor2.xml
----------------- Instantiating /home/travis/build/icyphy/ptII/ptolemy/actor/lib/test/auto/ConstraintMonitor2.xml
5 ms. Memory: 877056K Free: 722478K (82%)
----------------- Invoking toplevel() on ptolemy.moml.MoMLSimpleApplication@4ff3e2ba
----------------- Done invoking toplevel() on ptolemy.moml.MoMLSimpleApplication@4ff3e2ba
reloadAllAccessors: .ConstraintMonitor2

===========================================================================================
----------------- testing Tue Dec 11 02:57:36 UTC 2018 /home/travis/build/icyphy/ptII/ptolemy/actor/lib/test/auto/ConstraintMonitor3.xml
----------------- Instantiating /home/travis/build/icyphy/ptII/ptolemy/actor/lib/test/auto/ConstraintMonitor3.xml
3 ms. Memory: 877056K Free: 707337K (81%)
----------------- Invoking toplevel() on ptolemy.moml.MoMLSimpleApplication@7e673cf8
----------------- Done invoking toplevel() on ptolemy.moml.MoMLSimpleApplication@7e673cf8
reloadAllAccessors: .ConstraintMonitor3

===========================================================================================
----------------- testing Tue Dec 11 02:57:36 UTC 2018 /home/travis/build/icyphy/ptII/ptolemy/actor/lib/test/auto/ConstraintMonitor4.xml
----------------- Instantiating /home/travis/build/icyphy/ptII/ptolemy/actor/lib/test/auto/ConstraintMonitor4.xml
6 ms. Memory: 877056K Free: 699570K (80%)
----------------- Invoking toplevel() on ptolemy.moml.MoMLSimpleApplication@6576b05f
----------------- Done invoking toplevel() on ptolemy.moml.MoMLSimpleApplication@6576b05f
reloadAllAccessors: .ConstraintMonitor4

===========================================================================================
----------------- testing Tue Dec 11 02:57:36 UTC 2018 /home/travis/build/icyphy/ptII/ptolemy/actor/lib/test/auto/ConstraintMonitor5.xml
----------------- Instantiating /home/travis/build/icyphy/ptII/ptolemy/actor/lib/test/auto/ConstraintMonitor5.xml
5 ms. Memory: 877056K Free: 691803K (79%)
----------------- Invoking toplevel() on ptolemy.moml.MoMLSimpleApplication@114c2e5f
----------------- Done invoking toplevel() on ptolemy.moml.MoMLSimpleApplication@114c2e5f
reloadAllAccessors: .ConstraintMonitor5

===========================================================================================
----------------- testing Tue Dec 11 02:57:36 UTC 2018 /home/travis/build/icyphy/ptII/ptolemy/actor/lib/test/auto/ConstraintMonitor6.xml
----------------- Instantiating /home/travis/build/icyphy/ptII/ptolemy/actor/lib/test/auto/ConstraintMonitor6.xml
1 ms. Memory: 877056K Free: 672779K (77%)
----------------- Invoking toplevel() on ptolemy.moml.MoMLSimpleApplication@2e540958
----------------- Done invoking toplevel() on ptolemy.moml.MoMLSimpleApplication@2e540958
reloadAllAccessors: .ConstraintMonitor6

===========================================================================================
----------------- testing Tue Dec 11 02:57:36 UTC 2018 /home/travis/build/icyphy/ptII/ptolemy/actor/lib/test/auto/ConstraintMonitor7.xml
----------------- Instantiating /home/travis/build/icyphy/ptII/ptolemy/actor/lib/test/auto/ConstraintMonitor7.xml
7 ms. Memory: 877056K Free: 661128K (75%)
----------------- Invoking toplevel() on ptolemy.moml.MoMLSimpleApplication@4a219d23
----------------- Done invoking toplevel() on ptolemy.moml.MoMLSimpleApplication@4a219d23
reloadAllAccessors: .ConstraintMonitor7

===========================================================================================
----------------- testing Tue Dec 11 02:57:36 UTC 2018 /home/travis/build/icyphy/ptII/ptolemy/actor/lib/test/auto/ConstraintMonitor8.xml
----------------- Instantiating /home/travis/build/icyphy/ptII/ptolemy/actor/lib/test/auto/ConstraintMonitor8.xml
8 ms. Memory: 877056K Free: 649461K (74%)
----------------- Invoking toplevel() on ptolemy.moml.MoMLSimpleApplication@4c007a80
----------------- Done invoking toplevel() on ptolemy.moml.MoMLSimpleApplication@4c007a80
reloadAllAccessors: .ConstraintMonitor8

===========================================================================================
----------------- testing Tue Dec 11 02:57:36 UTC 2018 /home/travis/build/icyphy/ptII/ptolemy/actor/lib/test/auto/Counter.xml
----------------- Instantiating /home/travis/build/icyphy/ptII/ptolemy/actor/lib/test/auto/Counter.xml
3 ms. Memory: 877056K Free: 634321K (72%)
----------------- Invoking toplevel() on ptolemy.moml.MoMLSimpleApplication@3dccb22e
----------------- Done invoking toplevel() on ptolemy.moml.MoMLSimpleApplication@3dccb22e
reloadAllAccessors: .Counter

===========================================================================================
----------------- testing Tue Dec 11 02:57:36 UTC 2018 /home/travis/build/icyphy/ptII/ptolemy/actor/lib/test/auto/CurrentTimeSDF.xml
----------------- Instantiating /home/travis/build/icyphy/ptII/ptolemy/actor/lib/test/auto/CurrentTimeSDF.xml
1 ms. Memory: 877056K Free: 626554K (71%)
----------------- Invoking toplevel() on ptolemy.moml.MoMLSimpleApplication@3c290aa3
----------------- Done invoking toplevel() on ptolemy.moml.MoMLSimpleApplication@3c290aa3
reloadAllAccessors: .CurrentTimeSDF

===========================================================================================
----------------- testing Tue Dec 11 02:57:36 UTC 2018 /home/travis/build/icyphy/ptII/ptolemy/actor/lib/test/auto/DB.xml
----------------- Instantiating /home/travis/build/icyphy/ptII/ptolemy/actor/lib/test/auto/DB.xml
3 ms. Memory: 877056K Free: 618787K (71%)
----------------- Invoking toplevel() on ptolemy.moml.MoMLSimpleApplication@134353e4
----------------- Done invoking toplevel() on ptolemy.moml.MoMLSimpleApplication@134353e4
reloadAllAccessors: .DB

===========================================================================================
----------------- testing Tue Dec 11 02:57:36 UTC 2018 /home/travis/build/icyphy/ptII/ptolemy/actor/lib/test/auto/DBDE.xml
----------------- Instantiating /home/travis/build/icyphy/ptII/ptolemy/actor/lib/test/auto/DBDE.xml
2 ms. Memory: 877056K Free: 607120K (69%)
----------------- Invoking toplevel() on ptolemy.moml.MoMLSimpleApplication@1d0c707b
----------------- Done invoking toplevel() on ptolemy.moml.MoMLSimpleApplication@1d0c707b
reloadAllAccessors: .DBDE

===========================================================================================
----------------- testing Tue Dec 11 02:57:36 UTC 2018 /home/travis/build/icyphy/ptII/ptolemy/actor/lib/test/auto/DateConstructor.xml
----------------- Instantiating /home/travis/build/icyphy/ptII/ptolemy/actor/lib/test/auto/DateConstructor.xml
14 ms. Memory: 877056K Free: 580297K (66%)
----------------- Invoking toplevel() on ptolemy.moml.MoMLSimpleApplication@259f71be
----------------- Done invoking toplevel() on ptolemy.moml.MoMLSimpleApplication@259f71be
reloadAllAccessors: .DateConstructor

===========================================================================================
----------------- testing Tue Dec 11 02:57:36 UTC 2018 /home/travis/build/icyphy/ptII/ptolemy/actor/lib/test/auto/DelayTime.xml
----------------- Instantiating /home/travis/build/icyphy/ptII/ptolemy/actor/lib/test/auto/DelayTime.xml
3 ms. Memory: 877056K Free: 572530K (65%)
----------------- Invoking toplevel() on ptolemy.moml.MoMLSimpleApplication@43bf4963
----------------- Done invoking toplevel() on ptolemy.moml.MoMLSimpleApplication@43bf4963
reloadAllAccessors: .DelayTime

===========================================================================================
----------------- testing Tue Dec 11 02:57:36 UTC 2018 /home/travis/build/icyphy/ptII/ptolemy/actor/lib/test/auto/Dictionary1.xml
----------------- Instantiating /home/travis/build/icyphy/ptII/ptolemy/actor/lib/test/auto/Dictionary1.xml
1 ms. Memory: 877056K Free: 564763K (64%)
----------------- Invoking toplevel() on ptolemy.moml.MoMLSimpleApplication@79a9062
----------------- Done invoking toplevel() on ptolemy.moml.MoMLSimpleApplication@79a9062
reloadAllAccessors: .Dictionary1

===========================================================================================
----------------- testing Tue Dec 11 02:57:36 UTC 2018 /home/travis/build/icyphy/ptII/ptolemy/actor/lib/test/auto/Dictionary2.xml
----------------- Instantiating /home/travis/build/icyphy/ptII/ptolemy/actor/lib/test/auto/Dictionary2.xml
3 ms. Memory: 877056K Free: 549622K (63%)
----------------- Invoking toplevel() on ptolemy.moml.MoMLSimpleApplication@1ac11e13
----------------- Done invoking toplevel() on ptolemy.moml.MoMLSimpleApplication@1ac11e13
reloadAllAccessors: .Dictionary2

===========================================================================================
----------------- testing Tue Dec 11 02:57:36 UTC 2018 /home/travis/build/icyphy/ptII/ptolemy/actor/lib/test/auto/Dictionary3.xml
----------------- Instantiating /home/travis/build/icyphy/ptII/ptolemy/actor/lib/test/auto/Dictionary3.xml
1 ms. Memory: 877056K Free: 541855K (62%)
----------------- Invoking toplevel() on ptolemy.moml.MoMLSimpleApplication@1af9b349
----------------- Done invoking toplevel() on ptolemy.moml.MoMLSimpleApplication@1af9b349
reloadAllAccessors: .Dictionary3

===========================================================================================
----------------- testing Tue Dec 11 02:57:36 UTC 2018 /home/travis/build/icyphy/ptII/ptolemy/actor/lib/test/auto/Dictionary4.xml
----------------- Instantiating /home/travis/build/icyphy/ptII/ptolemy/actor/lib/test/auto/Dictionary4.xml
3 ms. Memory: 877056K Free: 530188K (60%)
----------------- Invoking toplevel() on ptolemy.moml.MoMLSimpleApplication@a08d5d1
----------------- Done invoking toplevel() on ptolemy.moml.MoMLSimpleApplication@a08d5d1
reloadAllAccessors: .Dictionary4

===========================================================================================
----------------- testing Tue Dec 11 02:57:36 UTC 2018 /home/travis/build/icyphy/ptII/ptolemy/actor/lib/test/auto/Differential.xml
----------------- Instantiating /home/travis/build/icyphy/ptII/ptolemy/actor/lib/test/auto/Differential.xml
2 ms. Memory: 877056K Free: 515048K (59%)
----------------- Invoking toplevel() on ptolemy.moml.MoMLSimpleApplication@755b6950
----------------- Done invoking toplevel() on ptolemy.moml.MoMLSimpleApplication@755b6950
reloadAllAccessors: .Differential

===========================================================================================
----------------- testing Tue Dec 11 02:57:36 UTC 2018 /home/travis/build/icyphy/ptII/ptolemy/actor/lib/test/auto/Director.xml
----------------- Instantiating /home/travis/build/icyphy/ptII/ptolemy/actor/lib/test/auto/Director.xml
2 ms. Memory: 877056K Free: 507281K (58%)
----------------- Invoking toplevel() on ptolemy.moml.MoMLSimpleApplication@74c63bb9
----------------- Done invoking toplevel() on ptolemy.moml.MoMLSimpleApplication@74c63bb9
reloadAllAccessors: .Director

===========================================================================================
----------------- testing Tue Dec 11 02:57:36 UTC 2018 /home/travis/build/icyphy/ptII/ptolemy/actor/lib/test/auto/DiscreteClock.xml
----------------- Instantiating /home/travis/build/icyphy/ptII/ptolemy/actor/lib/test/auto/DiscreteClock.xml
2 ms. Memory: 877056K Free: 499513K (57%)
----------------- Invoking toplevel() on ptolemy.moml.MoMLSimpleApplication@35e6f29b
----------------- Done invoking toplevel() on ptolemy.moml.MoMLSimpleApplication@35e6f29b
reloadAllAccessors: .DiscreteClock

===========================================================================================
----------------- testing Tue Dec 11 02:57:36 UTC 2018 /home/travis/build/icyphy/ptII/ptolemy/actor/lib/test/auto/DiscreteClock10.xml
----------------- Instantiating /home/travis/build/icyphy/ptII/ptolemy/actor/lib/test/auto/DiscreteClock10.xml
4 ms. Memory: 877056K Free: 484373K (55%)
----------------- Invoking toplevel() on ptolemy.moml.MoMLSimpleApplication@7891379a
----------------- Done invoking toplevel() on ptolemy.moml.MoMLSimpleApplication@7891379a
reloadAllAccessors: .DiscreteClock10

===========================================================================================
----------------- testing Tue Dec 11 02:57:36 UTC 2018 /home/travis/build/icyphy/ptII/ptolemy/actor/lib/test/auto/DiscreteClock11.xml
----------------- Instantiating /home/travis/build/icyphy/ptII/ptolemy/actor/lib/test/auto/DiscreteClock11.xml
2 ms. Memory: 877056K Free: 476605K (54%)
----------------- Invoking toplevel() on ptolemy.moml.MoMLSimpleApplication@5b79fb4e
----------------- Done invoking toplevel() on ptolemy.moml.MoMLSimpleApplication@5b79fb4e
reloadAllAccessors: .DiscreteClock11

===========================================================================================
----------------- testing Tue Dec 11 02:57:36 UTC 2018 /home/travis/build/icyphy/ptII/ptolemy/actor/lib/test/auto/DiscreteClock12.xml
----------------- Instantiating /home/travis/build/icyphy/ptII/ptolemy/actor/lib/test/auto/DiscreteClock12.xml
2 ms. Memory: 877056K Free: 468838K (53%)
----------------- Invoking toplevel() on ptolemy.moml.MoMLSimpleApplication@5301fbce
----------------- Done invoking toplevel() on ptolemy.moml.MoMLSimpleApplication@5301fbce
reloadAllAccessors: .DiscreteClock12

===========================================================================================
----------------- testing Tue Dec 11 02:57:36 UTC 2018 /home/travis/build/icyphy/ptII/ptolemy/actor/lib/test/auto/DiscreteClock13.xml
----------------- Instantiating /home/travis/build/icyphy/ptII/ptolemy/actor/lib/test/auto/DiscreteClock13.xml
6 ms. Memory: 877056K Free: 453697K (52%)
----------------- Invoking toplevel() on ptolemy.moml.MoMLSimpleApplication@2d83c844
----------------- Done invoking toplevel() on ptolemy.moml.MoMLSimpleApplication@2d83c844
reloadAllAccessors: .DiscreteClock13

===========================================================================================
----------------- testing Tue Dec 11 02:57:36 UTC 2018 /home/travis/build/icyphy/ptII/ptolemy/actor/lib/test/auto/DiscreteClock14.xml
----------------- Instantiating /home/travis/build/icyphy/ptII/ptolemy/actor/lib/test/auto/DiscreteClock14.xml
7 ms. Memory: 877056K Free: 445930K (51%)
----------------- Invoking toplevel() on ptolemy.moml.MoMLSimpleApplication@530cbb30
----------------- Done invoking toplevel() on ptolemy.moml.MoMLSimpleApplication@530cbb30
reloadAllAccessors: .DiscreteClock14

===========================================================================================
----------------- testing Tue Dec 11 02:57:36 UTC 2018 /home/travis/build/icyphy/ptII/ptolemy/actor/lib/test/auto/DiscreteClock15.xml
----------------- Instantiating /home/travis/build/icyphy/ptII/ptolemy/actor/lib/test/auto/DiscreteClock15.xml
6 ms. Memory: 877056K Free: 438163K (50%)
----------------- Invoking toplevel() on ptolemy.moml.MoMLSimpleApplication@72acf79c
----------------- Done invoking toplevel() on ptolemy.moml.MoMLSimpleApplication@72acf79c
reloadAllAccessors: .DiscreteClock15

===========================================================================================
----------------- testing Tue Dec 11 02:57:36 UTC 2018 /home/travis/build/icyphy/ptII/ptolemy/actor/lib/test/auto/DiscreteClock16.xml
----------------- Instantiating /home/travis/build/icyphy/ptII/ptolemy/actor/lib/test/auto/DiscreteClock16.xml
17 ms. Memory: 877056K Free: 415240K (47%)
----------------- Invoking toplevel() on ptolemy.moml.MoMLSimpleApplication@5c90cdc5
----------------- Done invoking toplevel() on ptolemy.moml.MoMLSimpleApplication@5c90cdc5
reloadAllAccessors: .DiscreteClock16

===========================================================================================
----------------- testing Tue Dec 11 02:57:36 UTC 2018 /home/travis/build/icyphy/ptII/ptolemy/actor/lib/test/auto/DiscreteClock17.xml
----------------- Instantiating /home/travis/build/icyphy/ptII/ptolemy/actor/lib/test/auto/DiscreteClock17.xml
17 ms. Memory: 877056K Free: 399689K (46%)
----------------- Invoking toplevel() on ptolemy.moml.MoMLSimpleApplication@fce7b10
----------------- Done invoking toplevel() on ptolemy.moml.MoMLSimpleApplication@fce7b10
reloadAllAccessors: .DiscreteClock17

===========================================================================================
----------------- testing Tue Dec 11 02:57:37 UTC 2018 /home/travis/build/icyphy/ptII/ptolemy/actor/lib/test/auto/DiscreteClock18.xml
----------------- Instantiating /home/travis/build/icyphy/ptII/ptolemy/actor/lib/test/auto/DiscreteClock18.xml
496 ms. Memory: 1362432K Free: 1313478K (96%)
----------------- Invoking toplevel() on ptolemy.moml.MoMLSimpleApplication@500c14dd
----------------- Done invoking toplevel() on ptolemy.moml.MoMLSimpleApplication@500c14dd
reloadAllAccessors: .DiscreteClock18

===========================================================================================
----------------- testing Tue Dec 11 02:57:37 UTC 2018 /home/travis/build/icyphy/ptII/ptolemy/actor/lib/test/auto/DiscreteClock19.xml
----------------- Instantiating /home/travis/build/icyphy/ptII/ptolemy/actor/lib/test/auto/DiscreteClock19.xml
13 ms. Memory: 1362432K Free: 1282305K (94%)
----------------- Invoking toplevel() on ptolemy.moml.MoMLSimpleApplication@e2e77ee
----------------- Done invoking toplevel() on ptolemy.moml.MoMLSimpleApplication@e2e77ee
reloadAllAccessors: .DiscreteClock19

===========================================================================================
----------------- testing Tue Dec 11 02:57:37 UTC 2018 /home/travis/build/icyphy/ptII/ptolemy/actor/lib/test/auto/DiscreteClock2.xml
----------------- Instantiating /home/travis/build/icyphy/ptII/ptolemy/actor/lib/test/auto/DiscreteClock2.xml
6 ms. Memory: 1362432K Free: 1269874K (93%)
----------------- Invoking toplevel() on ptolemy.moml.MoMLSimpleApplication@dfb42f9
----------------- Done invoking toplevel() on ptolemy.moml.MoMLSimpleApplication@dfb42f9
reloadAllAccessors: .DiscreteClock2

===========================================================================================
----------------- testing Tue Dec 11 02:57:37 UTC 2018 /home/travis/build/icyphy/ptII/ptolemy/actor/lib/test/auto/DiscreteClock20.xml
----------------- Instantiating /home/travis/build/icyphy/ptII/ptolemy/actor/lib/test/auto/DiscreteClock20.xml
9 ms. Memory: 1362432K Free: 1257442K (92%)
----------------- Invoking toplevel() on ptolemy.moml.MoMLSimpleApplication@368a5f33
----------------- Done invoking toplevel() on ptolemy.moml.MoMLSimpleApplication@368a5f33
reloadAllAccessors: .DiscreteClock20

===========================================================================================
----------------- testing Tue Dec 11 02:57:37 UTC 2018 /home/travis/build/icyphy/ptII/ptolemy/actor/lib/test/auto/DiscreteClock21.xml
----------------- Instantiating /home/travis/build/icyphy/ptII/ptolemy/actor/lib/test/auto/DiscreteClock21.xml
3 ms. Memory: 1362432K Free: 1235807K (91%)
----------------- Invoking toplevel() on ptolemy.moml.MoMLSimpleApplication@4d6f0e57
----------------- Done invoking toplevel() on ptolemy.moml.MoMLSimpleApplication@4d6f0e57
reloadAllAccessors: .DiscreteClock21

===========================================================================================
----------------- testing Tue Dec 11 02:57:37 UTC 2018 /home/travis/build/icyphy/ptII/ptolemy/actor/lib/test/auto/DiscreteClock22.xml
----------------- Instantiating /home/travis/build/icyphy/ptII/ptolemy/actor/lib/test/auto/DiscreteClock22.xml
7 ms. Memory: 1362432K Free: 1223375K (90%)
----------------- Invoking toplevel() on ptolemy.moml.MoMLSimpleApplication@22e642d3
----------------- Done invoking toplevel() on ptolemy.moml.MoMLSimpleApplication@22e642d3
reloadAllAccessors: .DiscreteClock22

===========================================================================================
----------------- testing Tue Dec 11 02:57:37 UTC 2018 /home/travis/build/icyphy/ptII/ptolemy/actor/lib/test/auto/DiscreteClock23.xml
----------------- Instantiating /home/travis/build/icyphy/ptII/ptolemy/actor/lib/test/auto/DiscreteClock23.xml
10 ms. Memory: 1362432K Free: 1210944K (89%)
----------------- Invoking toplevel() on ptolemy.moml.MoMLSimpleApplication@12bd37dd
----------------- Done invoking toplevel() on ptolemy.moml.MoMLSimpleApplication@12bd37dd
reloadAllAccessors: .DiscreteClock23

===========================================================================================
----------------- testing Tue Dec 11 02:57:37 UTC 2018 /home/travis/build/icyphy/ptII/ptolemy/actor/lib/test/auto/DiscreteClock24.xml
----------------- Instantiating /home/travis/build/icyphy/ptII/ptolemy/actor/lib/test/auto/DiscreteClock24.xml
6 ms. Memory: 1362432K Free: 1198512K (88%)
----------------- Invoking toplevel() on ptolemy.moml.MoMLSimpleApplication@15b46f22
----------------- Done invoking toplevel() on ptolemy.moml.MoMLSimpleApplication@15b46f22
reloadAllAccessors: .DiscreteClock24

===========================================================================================
----------------- testing Tue Dec 11 02:57:37 UTC 2018 /home/travis/build/icyphy/ptII/ptolemy/actor/lib/test/auto/DiscreteClock4.xml
----------------- Instantiating /home/travis/build/icyphy/ptII/ptolemy/actor/lib/test/auto/DiscreteClock4.xml
1 ms. Memory: 1362432K Free: 1176877K (86%)
----------------- Invoking toplevel() on ptolemy.moml.MoMLSimpleApplication@258ce062
----------------- Done invoking toplevel() on ptolemy.moml.MoMLSimpleApplication@258ce062
reloadAllAccessors: .DiscreteClock4

===========================================================================================
----------------- testing Tue Dec 11 02:57:37 UTC 2018 /home/travis/build/icyphy/ptII/ptolemy/actor/lib/test/auto/DiscreteClock5.xml
----------------- Instantiating /home/travis/build/icyphy/ptII/ptolemy/actor/lib/test/auto/DiscreteClock5.xml
1 ms. Memory: 1362432K Free: 1164446K (85%)
----------------- Invoking toplevel() on ptolemy.moml.MoMLSimpleApplication@bdd1484
----------------- Done invoking toplevel() on ptolemy.moml.MoMLSimpleApplication@bdd1484
reloadAllAccessors: .DiscreteClock5

===========================================================================================
----------------- testing Tue Dec 11 02:57:37 UTC 2018 /home/travis/build/icyphy/ptII/ptolemy/actor/lib/test/auto/DiscreteClock6.xml
----------------- Instantiating /home/travis/build/icyphy/ptII/ptolemy/actor/lib/test/auto/DiscreteClock6.xml
1 ms. Memory: 1362432K Free: 1152014K (85%)
----------------- Invoking toplevel() on ptolemy.moml.MoMLSimpleApplication@70c1da17
----------------- Done invoking toplevel() on ptolemy.moml.MoMLSimpleApplication@70c1da17
reloadAllAccessors: .DiscreteClock6

===========================================================================================
----------------- testing Tue Dec 11 02:57:37 UTC 2018 /home/travis/build/icyphy/ptII/ptolemy/actor/lib/test/auto/DiscreteClock7.xml
----------------- Instantiating /home/travis/build/icyphy/ptII/ptolemy/actor/lib/test/auto/DiscreteClock7.xml
1 ms. Memory: 1362432K Free: 1139583K (84%)
----------------- Invoking toplevel() on ptolemy.moml.MoMLSimpleApplication@7c0f455d
----------------- Done invoking toplevel() on ptolemy.moml.MoMLSimpleApplication@7c0f455d
reloadAllAccessors: .DiscreteClock7

===========================================================================================
----------------- testing Tue Dec 11 02:57:37 UTC 2018 /home/travis/build/icyphy/ptII/ptolemy/actor/lib/test/auto/DiscreteClock8.xml
----------------- Instantiating /home/travis/build/icyphy/ptII/ptolemy/actor/lib/test/auto/DiscreteClock8.xml
6 ms. Memory: 1362432K Free: 1117948K (82%)
----------------- Invoking toplevel() on ptolemy.moml.MoMLSimpleApplication@19dc71c
----------------- Done invoking toplevel() on ptolemy.moml.MoMLSimpleApplication@19dc71c
reloadAllAccessors: .DiscreteClock8

===========================================================================================
----------------- testing Tue Dec 11 02:57:37 UTC 2018 /home/travis/build/icyphy/ptII/ptolemy/actor/lib/test/auto/DiscreteClock9.xml
----------------- Instantiating /home/travis/build/icyphy/ptII/ptolemy/actor/lib/test/auto/DiscreteClock9.xml
5 ms. Memory: 1362432K Free: 1105516K (81%)
----------------- Invoking toplevel() on ptolemy.moml.MoMLSimpleApplication@2dbacbfe
----------------- Done invoking toplevel() on ptolemy.moml.MoMLSimpleApplication@2dbacbfe
reloadAllAccessors: .DiscreteClock9

===========================================================================================
----------------- testing Tue Dec 11 02:57:37 UTC 2018 /home/travis/build/icyphy/ptII/ptolemy/actor/lib/test/auto/DisplayArray.xml
----------------- Instantiating /home/travis/build/icyphy/ptII/ptolemy/actor/lib/test/auto/DisplayArray.xml
1 ms. Memory: 1362432K Free: 1093085K (80%)
----------------- Invoking toplevel() on ptolemy.moml.MoMLSimpleApplication@9680838
----------------- Done invoking toplevel() on ptolemy.moml.MoMLSimpleApplication@9680838
reloadAllAccessors: .DisplayArray

===========================================================================================
----------------- testing Tue Dec 11 02:57:37 UTC 2018 /home/travis/build/icyphy/ptII/ptolemy/actor/lib/test/auto/Distributor.xml
----------------- Instantiating /home/travis/build/icyphy/ptII/ptolemy/actor/lib/test/auto/Distributor.xml
2 ms. Memory: 1362432K Free: 1080653K (79%)
----------------- Invoking toplevel() on ptolemy.moml.MoMLSimpleApplication@52d4de96
----------------- Done invoking toplevel() on ptolemy.moml.MoMLSimpleApplication@52d4de96
reloadAllAccessors: .Distributor

===========================================================================================
----------------- testing Tue Dec 11 02:57:37 UTC 2018 /home/travis/build/icyphy/ptII/ptolemy/actor/lib/test/auto/Distributor2.xml
----------------- Instantiating /home/travis/build/icyphy/ptII/ptolemy/actor/lib/test/auto/Distributor2.xml
2 ms. Memory: 1362432K Free: 1059018K (78%)
----------------- Invoking toplevel() on ptolemy.moml.MoMLSimpleApplication@7cf87e96
----------------- Done invoking toplevel() on ptolemy.moml.MoMLSimpleApplication@7cf87e96
reloadAllAccessors: .Distributor2

===========================================================================================
----------------- testing Tue Dec 11 02:57:37 UTC 2018 /home/travis/build/icyphy/ptII/ptolemy/actor/lib/test/auto/DownSample.xml
----------------- Instantiating /home/travis/build/icyphy/ptII/ptolemy/actor/lib/test/auto/DownSample.xml
1 ms. Memory: 1362432K Free: 1046587K (77%)
----------------- Invoking toplevel() on ptolemy.moml.MoMLSimpleApplication@4318e1c7
----------------- Done invoking toplevel() on ptolemy.moml.MoMLSimpleApplication@4318e1c7
reloadAllAccessors: .DownSample

===========================================================================================
----------------- testing Tue Dec 11 02:57:37 UTC 2018 /home/travis/build/icyphy/ptII/ptolemy/actor/lib/test/auto/ElectronicUnitBase1.xml
----------------- Instantiating /home/travis/build/icyphy/ptII/ptolemy/actor/lib/test/auto/ElectronicUnitBase1.xml
15 ms. Memory: 1362432K Free: 1021692K (75%)
----------------- Invoking toplevel() on ptolemy.moml.MoMLSimpleApplication@1c4bb33c
----------------- Done invoking toplevel() on ptolemy.moml.MoMLSimpleApplication@1c4bb33c
reloadAllAccessors: .ElectronicUnitBase1

===========================================================================================
----------------- testing Tue Dec 11 02:57:37 UTC 2018 /home/travis/build/icyphy/ptII/ptolemy/actor/lib/test/auto/ElementsToArray.xml
----------------- Instantiating /home/travis/build/icyphy/ptII/ptolemy/actor/lib/test/auto/ElementsToArray.xml
1 ms. Memory: 1362432K Free: 1009260K (74%)
----------------- Invoking toplevel() on ptolemy.moml.MoMLSimpleApplication@65051086
----------------- Done invoking toplevel() on ptolemy.moml.MoMLSimpleApplication@65051086
reloadAllAccessors: .ElementsToArray

===========================================================================================
----------------- testing Tue Dec 11 02:57:37 UTC 2018 /home/travis/build/icyphy/ptII/ptolemy/actor/lib/test/auto/Equals.xml
----------------- Instantiating /home/travis/build/icyphy/ptII/ptolemy/actor/lib/test/auto/Equals.xml
1 ms. Memory: 1362432K Free: 987625K (72%)
----------------- Invoking toplevel() on ptolemy.moml.MoMLSimpleApplication@42d1ec48
----------------- Done invoking toplevel() on ptolemy.moml.MoMLSimpleApplication@42d1ec48
reloadAllAccessors: .Equals

===========================================================================================
----------------- testing Tue Dec 11 02:57:37 UTC 2018 /home/travis/build/icyphy/ptII/ptolemy/actor/lib/test/auto/Exec.xml
----------------- Instantiating /home/travis/build/icyphy/ptII/ptolemy/actor/lib/test/auto/Exec.xml
11 ms. Memory: 1362432K Free: 956546K (70%)
----------------- Invoking toplevel() on ptolemy.moml.MoMLSimpleApplication@32709403
----------------- Done invoking toplevel() on ptolemy.moml.MoMLSimpleApplication@32709403
reloadAllAccessors: .Exec

===========================================================================================
----------------- testing Tue Dec 11 02:57:37 UTC 2018 /home/travis/build/icyphy/ptII/ptolemy/actor/lib/test/auto/ExecEnvironment.xml
----------------- Instantiating /home/travis/build/icyphy/ptII/ptolemy/actor/lib/test/auto/ExecEnvironment.xml
23 ms. Memory: 1362432K Free: 944115K (69%)
----------------- Invoking toplevel() on ptolemy.moml.MoMLSimpleApplication@689850aa
----------------- Done invoking toplevel() on ptolemy.moml.MoMLSimpleApplication@689850aa
reloadAllAccessors: .ExecEnvironment

===========================================================================================
----------------- testing Tue Dec 11 02:57:38 UTC 2018 /home/travis/build/icyphy/ptII/ptolemy/actor/lib/test/auto/ExecNonZeroReturnOutput.xml
----------------- Instantiating /home/travis/build/icyphy/ptII/ptolemy/actor/lib/test/auto/ExecNonZeroReturnOutput.xml
111 ms. Memory: 1362432K Free: 850879K (62%)
----------------- Invoking toplevel() on ptolemy.moml.MoMLSimpleApplication@27d979d6
----------------- Done invoking toplevel() on ptolemy.moml.MoMLSimpleApplication@27d979d6
reloadAllAccessors: .ExecNonZeroReturnOutput

===========================================================================================
----------------- testing Tue Dec 11 02:57:38 UTC 2018 /home/travis/build/icyphy/ptII/ptolemy/actor/lib/test/auto/ExecRunDemos.xml
----------------- Instantiating /home/travis/build/icyphy/ptII/ptolemy/actor/lib/test/auto/ExecRunDemos.xml
Finished: 51 ms. Memory: 116224K Free: 100103K (86%)

Finished: 47 ms. Memory: 116224K Free: 96344K (83%)

Finished: 43 ms. Memory: 116224K Free: 96950K (83%)

Finished: 38 ms. Memory: 116224K Free: 98268K (85%)

Finished: 47 ms. Memory: 116224K Free: 99464K (86%)

9157 ms. Memory: 1362432K Free: 754632K (55%)
----------------- Invoking toplevel() on ptolemy.moml.MoMLSimpleApplication@15557fae
----------------- Done invoking toplevel() on ptolemy.moml.MoMLSimpleApplication@15557fae
reloadAllAccessors: .ExecRunDemos

===========================================================================================
----------------- testing Tue Dec 11 02:57:47 UTC 2018 /home/travis/build/icyphy/ptII/ptolemy/actor/lib/test/auto/ExecStop.xml
----------------- Instantiating /home/travis/build/icyphy/ptII/ptolemy/actor/lib/test/auto/ExecStop.xml
5005 ms. Memory: 1362432K Free: 561945K (41%)
----------------- Invoking toplevel() on ptolemy.moml.MoMLSimpleApplication@177d487b
----------------- Done invoking toplevel() on ptolemy.moml.MoMLSimpleApplication@177d487b
reloadAllAccessors: .ExecStop

===========================================================================================
----------------- testing Tue Dec 11 02:57:52 UTC 2018 /home/travis/build/icyphy/ptII/ptolemy/actor/lib/test/auto/ExecutionTimeSDF.xml
----------------- Instantiating /home/travis/build/icyphy/ptII/ptolemy/actor/lib/test/auto/ExecutionTimeSDF.xml
Fired ExecutionTime: -2145367296
Fired ExecutionTime: 973600000
Fired ExecutionTime: -1691367296
6008 ms. Memory: 1362432K Free: 543281K (40%)
----------------- Invoking toplevel() on ptolemy.moml.MoMLSimpleApplication@66ae3a4f
----------------- Done invoking toplevel() on ptolemy.moml.MoMLSimpleApplication@66ae3a4f
reloadAllAccessors: .ExecutionTimeSDF

===========================================================================================
----------------- testing Tue Dec 11 02:57:58 UTC 2018 /home/travis/build/icyphy/ptII/ptolemy/actor/lib/test/auto/Expression1.xml
----------------- Instantiating /home/travis/build/icyphy/ptII/ptolemy/actor/lib/test/auto/Expression1.xml
2 ms. Memory: 1362432K Free: 530850K (39%)
----------------- Invoking toplevel() on ptolemy.moml.MoMLSimpleApplication@115e4a1c
----------------- Done invoking toplevel() on ptolemy.moml.MoMLSimpleApplication@115e4a1c
reloadAllAccessors: .Expression1

===========================================================================================
----------------- testing Tue Dec 11 02:57:58 UTC 2018 /home/travis/build/icyphy/ptII/ptolemy/actor/lib/test/auto/Expression10.xml
----------------- Instantiating /home/travis/build/icyphy/ptII/ptolemy/actor/lib/test/auto/Expression10.xml
4 ms. Memory: 1362432K Free: 509215K (37%)
----------------- Invoking toplevel() on ptolemy.moml.MoMLSimpleApplication@479a2dc6
----------------- Done invoking toplevel() on ptolemy.moml.MoMLSimpleApplication@479a2dc6
reloadAllAccessors: .Expression10

===========================================================================================
----------------- testing Tue Dec 11 02:57:58 UTC 2018 /home/travis/build/icyphy/ptII/ptolemy/actor/lib/test/auto/Expression11.xml
----------------- Instantiating /home/travis/build/icyphy/ptII/ptolemy/actor/lib/test/auto/Expression11.xml
2 ms. Memory: 1362432K Free: 496783K (36%)
----------------- Invoking toplevel() on ptolemy.moml.MoMLSimpleApplication@5ff99e33
----------------- Done invoking toplevel() on ptolemy.moml.MoMLSimpleApplication@5ff99e33
reloadAllAccessors: .Expression11

===========================================================================================
----------------- testing Tue Dec 11 02:57:58 UTC 2018 /home/travis/build/icyphy/ptII/ptolemy/actor/lib/test/auto/Expression12.xml
----------------- Instantiating /home/travis/build/icyphy/ptII/ptolemy/actor/lib/test/auto/Expression12.xml
3 ms. Memory: 1362432K Free: 484352K (36%)
----------------- Invoking toplevel() on ptolemy.moml.MoMLSimpleApplication@2522b5c9
----------------- Done invoking toplevel() on ptolemy.moml.MoMLSimpleApplication@2522b5c9
reloadAllAccessors: .Expression12

===========================================================================================
----------------- testing Tue Dec 11 02:57:58 UTC 2018 /home/travis/build/icyphy/ptII/ptolemy/actor/lib/test/auto/Expression13.xml
----------------- Instantiating /home/travis/build/icyphy/ptII/ptolemy/actor/lib/test/auto/Expression13.xml
3 ms. Memory: 1362432K Free: 471920K (35%)
----------------- Invoking toplevel() on ptolemy.moml.MoMLSimpleApplication@4a19148f
----------------- Done invoking toplevel() on ptolemy.moml.MoMLSimpleApplication@4a19148f
reloadAllAccessors: .Expression13

===========================================================================================
----------------- testing Tue Dec 11 02:57:58 UTC 2018 /home/travis/build/icyphy/ptII/ptolemy/actor/lib/test/auto/Expression14.xml
----------------- Instantiating /home/travis/build/icyphy/ptII/ptolemy/actor/lib/test/auto/Expression14.xml
7 ms. Memory: 1362432K Free: 450285K (33%)
----------------- Invoking toplevel() on ptolemy.moml.MoMLSimpleApplication@21098ce3
----------------- Done invoking toplevel() on ptolemy.moml.MoMLSimpleApplication@21098ce3
reloadAllAccessors: .Expression14

===========================================================================================
----------------- testing Tue Dec 11 02:57:58 UTC 2018 /home/travis/build/icyphy/ptII/ptolemy/actor/lib/test/auto/Expression15.xml
----------------- Instantiating /home/travis/build/icyphy/ptII/ptolemy/actor/lib/test/auto/Expression15.xml
2 ms. Memory: 1362432K Free: 437853K (32%)
----------------- Invoking toplevel() on ptolemy.moml.MoMLSimpleApplication@6802de51
----------------- Done invoking toplevel() on ptolemy.moml.MoMLSimpleApplication@6802de51
reloadAllAccessors: .Expression15

===========================================================================================
----------------- testing Tue Dec 11 02:57:58 UTC 2018 /home/travis/build/icyphy/ptII/ptolemy/actor/lib/test/auto/Expression16.xml
----------------- Instantiating /home/travis/build/icyphy/ptII/ptolemy/actor/lib/test/auto/Expression16.xml
3 ms. Memory: 1362432K Free: 425422K (31%)
----------------- Invoking toplevel() on ptolemy.moml.MoMLSimpleApplication@47554c40
----------------- Done invoking toplevel() on ptolemy.moml.MoMLSimpleApplication@47554c40
reloadAllAccessors: .Expression16

===========================================================================================
----------------- testing Tue Dec 11 02:57:58 UTC 2018 /home/travis/build/icyphy/ptII/ptolemy/actor/lib/test/auto/Expression17.xml
----------------- Instantiating /home/travis/build/icyphy/ptII/ptolemy/actor/lib/test/auto/Expression17.xml
6 ms. Memory: 1362432K Free: 412991K (30%)
----------------- Invoking toplevel() on ptolemy.moml.MoMLSimpleApplication@5ae05469
----------------- Done invoking toplevel() on ptolemy.moml.MoMLSimpleApplication@5ae05469
reloadAllAccessors: .Expression17

===========================================================================================
----------------- testing Tue Dec 11 02:57:58 UTC 2018 /home/travis/build/icyphy/ptII/ptolemy/actor/lib/test/auto/Expression18.xml
----------------- Instantiating /home/travis/build/icyphy/ptII/ptolemy/actor/lib/test/auto/Expression18.xml
4 ms. Memory: 1362432K Free: 391355K (29%)
----------------- Invoking toplevel() on ptolemy.moml.MoMLSimpleApplication@4d861d17
----------------- Done invoking toplevel() on ptolemy.moml.MoMLSimpleApplication@4d861d17
reloadAllAccessors: .Expression18

===========================================================================================
----------------- testing Tue Dec 11 02:57:58 UTC 2018 /home/travis/build/icyphy/ptII/ptolemy/actor/lib/test/auto/Expression2.xml
----------------- Instantiating /home/travis/build/icyphy/ptII/ptolemy/actor/lib/test/auto/Expression2.xml
3 ms. Memory: 1362432K Free: 378924K (28%)
----------------- Invoking toplevel() on ptolemy.moml.MoMLSimpleApplication@1b28aa26
----------------- Done invoking toplevel() on ptolemy.moml.MoMLSimpleApplication@1b28aa26
reloadAllAccessors: .Expression2

===========================================================================================
----------------- testing Tue Dec 11 02:57:58 UTC 2018 /home/travis/build/icyphy/ptII/ptolemy/actor/lib/test/auto/Expression3.xml
----------------- Instantiating /home/travis/build/icyphy/ptII/ptolemy/actor/lib/test/auto/Expression3.xml
5 ms. Memory: 1362432K Free: 366492K (27%)
----------------- Invoking toplevel() on ptolemy.moml.MoMLSimpleApplication@3359cf3b
----------------- Done invoking toplevel() on ptolemy.moml.MoMLSimpleApplication@3359cf3b
reloadAllAccessors: .Expression3

===========================================================================================
----------------- testing Tue Dec 11 02:57:58 UTC 2018 /home/travis/build/icyphy/ptII/ptolemy/actor/lib/test/auto/Expression4.xml
----------------- Instantiating /home/travis/build/icyphy/ptII/ptolemy/actor/lib/test/auto/Expression4.xml
4 ms. Memory: 1362432K Free: 354061K (26%)
----------------- Invoking toplevel() on ptolemy.moml.MoMLSimpleApplication@7717628c
----------------- Done invoking toplevel() on ptolemy.moml.MoMLSimpleApplication@7717628c
reloadAllAccessors: .Expression4

===========================================================================================
----------------- testing Tue Dec 11 02:57:58 UTC 2018 /home/travis/build/icyphy/ptII/ptolemy/actor/lib/test/auto/Expression5.xml
----------------- Instantiating /home/travis/build/icyphy/ptII/ptolemy/actor/lib/test/auto/Expression5.xml
5 ms. Memory: 1362432K Free: 332426K (24%)
----------------- Invoking toplevel() on ptolemy.moml.MoMLSimpleApplication@4f8d7f22
----------------- Done invoking toplevel() on ptolemy.moml.MoMLSimpleApplication@4f8d7f22
reloadAllAccessors: .Expression5

===========================================================================================
----------------- testing Tue Dec 11 02:57:58 UTC 2018 /home/travis/build/icyphy/ptII/ptolemy/actor/lib/test/auto/Expression6.xml
----------------- Instantiating /home/travis/build/icyphy/ptII/ptolemy/actor/lib/test/auto/Expression6.xml
2 ms. Memory: 1362432K Free: 319994K (23%)
----------------- Invoking toplevel() on ptolemy.moml.MoMLSimpleApplication@39b200c2
----------------- Done invoking toplevel() on ptolemy.moml.MoMLSimpleApplication@39b200c2
reloadAllAccessors: .Expression6

===========================================================================================
----------------- testing Tue Dec 11 02:57:58 UTC 2018 /home/travis/build/icyphy/ptII/ptolemy/actor/lib/test/auto/Expression7.xml
----------------- Instantiating /home/travis/build/icyphy/ptII/ptolemy/actor/lib/test/auto/Expression7.xml
2 ms. Memory: 1362432K Free: 307563K (23%)
----------------- Invoking toplevel() on ptolemy.moml.MoMLSimpleApplication@1d3f82e0
----------------- Done invoking toplevel() on ptolemy.moml.MoMLSimpleApplication@1d3f82e0
reloadAllAccessors: .Expression7

===========================================================================================
----------------- testing Tue Dec 11 02:57:58 UTC 2018 /home/travis/build/icyphy/ptII/ptolemy/actor/lib/test/auto/Expression8.xml
----------------- Instantiating /home/travis/build/icyphy/ptII/ptolemy/actor/lib/test/auto/Expression8.xml
8 ms. Memory: 1362432K Free: 295131K (22%)
----------------- Invoking toplevel() on ptolemy.moml.MoMLSimpleApplication@73e1e1
----------------- Done invoking toplevel() on ptolemy.moml.MoMLSimpleApplication@73e1e1
reloadAllAccessors: .Expression8

===========================================================================================
----------------- testing Tue Dec 11 02:57:58 UTC 2018 /home/travis/build/icyphy/ptII/ptolemy/actor/lib/test/auto/Expression9.xml
----------------- Instantiating /home/travis/build/icyphy/ptII/ptolemy/actor/lib/test/auto/Expression9.xml
1 ms. Memory: 1362432K Free: 273496K (20%)
----------------- Invoking toplevel() on ptolemy.moml.MoMLSimpleApplication@42122473
----------------- Done invoking toplevel() on ptolemy.moml.MoMLSimpleApplication@42122473
reloadAllAccessors: .Expression9

===========================================================================================
----------------- testing Tue Dec 11 02:57:58 UTC 2018 /home/travis/build/icyphy/ptII/ptolemy/actor/lib/test/auto/ExpressionConcatenateArrayType.xml
----------------- Instantiating /home/travis/build/icyphy/ptII/ptolemy/actor/lib/test/auto/ExpressionConcatenateArrayType.xml
1 ms. Memory: 1362432K Free: 261065K (19%)
----------------- Invoking toplevel() on ptolemy.moml.MoMLSimpleApplication@63069977
----------------- Done invoking toplevel() on ptolemy.moml.MoMLSimpleApplication@63069977
reloadAllAccessors: .ExpressionConcatenateArrayType

===========================================================================================
----------------- testing Tue Dec 11 02:57:58 UTC 2018 /home/travis/build/icyphy/ptII/ptolemy/actor/lib/test/auto/ExpressionConcatenateArrayType2.xml
----------------- Instantiating /home/travis/build/icyphy/ptII/ptolemy/actor/lib/test/auto/ExpressionConcatenateArrayType2.xml
2 ms. Memory: 1362432K Free: 248633K (18%)
----------------- Invoking toplevel() on ptolemy.moml.MoMLSimpleApplication@57b4fe14
----------------- Done invoking toplevel() on ptolemy.moml.MoMLSimpleApplication@57b4fe14
reloadAllAccessors: .ExpressionConcatenateArrayType2

===========================================================================================
----------------- testing Tue Dec 11 02:57:58 UTC 2018 /home/travis/build/icyphy/ptII/ptolemy/actor/lib/test/auto/ExpressionFix.xml
----------------- Instantiating /home/travis/build/icyphy/ptII/ptolemy/actor/lib/test/auto/ExpressionFix.xml
8 ms. Memory: 1362432K Free: 236202K (17%)
----------------- Invoking toplevel() on ptolemy.moml.MoMLSimpleApplication@102162a7
----------------- Done invoking toplevel() on ptolemy.moml.MoMLSimpleApplication@102162a7
reloadAllAccessors: .ExpressionFix

===========================================================================================
----------------- testing Tue Dec 11 02:57:58 UTC 2018 /home/travis/build/icyphy/ptII/ptolemy/actor/lib/test/auto/ExpressionFix2.xml
----------------- Instantiating /home/travis/build/icyphy/ptII/ptolemy/actor/lib/test/auto/ExpressionFix2.xml
2 ms. Memory: 1362432K Free: 214566K (16%)
----------------- Invoking toplevel() on ptolemy.moml.MoMLSimpleApplication@305c41a
----------------- Done invoking toplevel() on ptolemy.moml.MoMLSimpleApplication@305c41a
reloadAllAccessors: .ExpressionFix2

===========================================================================================
----------------- testing Tue Dec 11 02:57:58 UTC 2018 /home/travis/build/icyphy/ptII/ptolemy/actor/lib/test/auto/ExpressionFix3.xml
----------------- Instantiating /home/travis/build/icyphy/ptII/ptolemy/actor/lib/test/auto/ExpressionFix3.xml
2 ms. Memory: 1362432K Free: 202135K (15%)
----------------- Invoking toplevel() on ptolemy.moml.MoMLSimpleApplication@35887ed5
----------------- Done invoking toplevel() on ptolemy.moml.MoMLSimpleApplication@35887ed5
reloadAllAccessors: .ExpressionFix3

===========================================================================================
----------------- testing Tue Dec 11 02:57:58 UTC 2018 /home/travis/build/icyphy/ptII/ptolemy/actor/lib/test/auto/FileWriter1.xml
----------------- Instantiating /home/travis/build/icyphy/ptII/ptolemy/actor/lib/test/auto/FileWriter1.xml
3 ms. Memory: 1362432K Free: 189703K (14%)
----------------- Invoking toplevel() on ptolemy.moml.MoMLSimpleApplication@3760778c
----------------- Done invoking toplevel() on ptolemy.moml.MoMLSimpleApplication@3760778c
reloadAllAccessors: .FileWriter1

===========================================================================================
----------------- testing Tue Dec 11 02:57:58 UTC 2018 /home/travis/build/icyphy/ptII/ptolemy/actor/lib/test/auto/FileWriter2.xml
----------------- Instantiating /home/travis/build/icyphy/ptII/ptolemy/actor/lib/test/auto/FileWriter2.xml
4 ms. Memory: 1362432K Free: 177272K (13%)
----------------- Invoking toplevel() on ptolemy.moml.MoMLSimpleApplication@40912815
----------------- Done invoking toplevel() on ptolemy.moml.MoMLSimpleApplication@40912815
reloadAllAccessors: .FileWriter2

===========================================================================================
----------------- testing Tue Dec 11 02:57:58 UTC 2018 /home/travis/build/icyphy/ptII/ptolemy/actor/lib/test/auto/FileWriter3.xml
----------------- Instantiating /home/travis/build/icyphy/ptII/ptolemy/actor/lib/test/auto/FileWriter3.xml
6 ms. Memory: 1362432K Free: 155636K (11%)
----------------- Invoking toplevel() on ptolemy.moml.MoMLSimpleApplication@f37283a
----------------- Done invoking toplevel() on ptolemy.moml.MoMLSimpleApplication@f37283a
reloadAllAccessors: .FileWriter3

===========================================================================================
----------------- testing Tue Dec 11 02:57:58 UTC 2018 /home/travis/build/icyphy/ptII/ptolemy/actor/lib/test/auto/Gaussian.xml
----------------- Instantiating /home/travis/build/icyphy/ptII/ptolemy/actor/lib/test/auto/Gaussian.xml
2 ms. Memory: 1362432K Free: 143205K (11%)
----------------- Invoking toplevel() on ptolemy.moml.MoMLSimpleApplication@32581dd5
----------------- Done invoking toplevel() on ptolemy.moml.MoMLSimpleApplication@32581dd5
reloadAllAccessors: .Gaussian

===========================================================================================
----------------- testing Tue Dec 11 02:57:58 UTC 2018 /home/travis/build/icyphy/ptII/ptolemy/actor/lib/test/auto/Gaussian1.xml
----------------- Instantiating /home/travis/build/icyphy/ptII/ptolemy/actor/lib/test/auto/Gaussian1.xml
2 ms. Memory: 1362432K Free: 130774K (10%)
----------------- Invoking toplevel() on ptolemy.moml.MoMLSimpleApplication@639ddae7
----------------- Done invoking toplevel() on ptolemy.moml.MoMLSimpleApplication@639ddae7
reloadAllAccessors: .Gaussian1

===========================================================================================
----------------- testing Tue Dec 11 02:57:58 UTC 2018 /home/travis/build/icyphy/ptII/ptolemy/actor/lib/test/auto/Gaussian2.xml
----------------- Instantiating /home/travis/build/icyphy/ptII/ptolemy/actor/lib/test/auto/Gaussian2.xml
3 ms. Memory: 1362432K Free: 118342K (9%)
----------------- Invoking toplevel() on ptolemy.moml.MoMLSimpleApplication@71b04ff9
----------------- Done invoking toplevel() on ptolemy.moml.MoMLSimpleApplication@71b04ff9
reloadAllAccessors: .Gaussian2

===========================================================================================
----------------- testing Tue Dec 11 02:57:58 UTC 2018 /home/travis/build/icyphy/ptII/ptolemy/actor/lib/test/auto/GradientAdaptiveLattice.xml
----------------- Instantiating /home/travis/build/icyphy/ptII/ptolemy/actor/lib/test/auto/GradientAdaptiveLattice.xml
2 ms. Memory: 1362432K Free: 96707K (7%)
----------------- Invoking toplevel() on ptolemy.moml.MoMLSimpleApplication@58614758
----------------- Done invoking toplevel() on ptolemy.moml.MoMLSimpleApplication@58614758
reloadAllAccessors: .GradientAdaptiveLattice

===========================================================================================
----------------- testing Tue Dec 11 02:57:58 UTC 2018 /home/travis/build/icyphy/ptII/ptolemy/actor/lib/test/auto/IIR.xml
----------------- Instantiating /home/travis/build/icyphy/ptII/ptolemy/actor/lib/test/auto/IIR.xml
1 ms. Memory: 1362432K Free: 84275K (6%)
----------------- Invoking toplevel() on ptolemy.moml.MoMLSimpleApplication@ff791e0
----------------- Done invoking toplevel() on ptolemy.moml.MoMLSimpleApplication@ff791e0
reloadAllAccessors: .IIR

===========================================================================================
----------------- testing Tue Dec 11 02:57:59 UTC 2018 /home/travis/build/icyphy/ptII/ptolemy/actor/lib/test/auto/InputOutputTransparentPorts.xml
----------------- Instantiating /home/travis/build/icyphy/ptII/ptolemy/actor/lib/test/auto/InputOutputTransparentPorts.xml
2 ms. Memory: 1362432K Free: 1311282K (96%)
----------------- Invoking toplevel() on ptolemy.moml.MoMLSimpleApplication@62390153
----------------- Done invoking toplevel() on ptolemy.moml.MoMLSimpleApplication@62390153
reloadAllAccessors: .InputOutputTransparentPorts

===========================================================================================
----------------- testing Tue Dec 11 02:57:59 UTC 2018 /home/travis/build/icyphy/ptII/ptolemy/actor/lib/test/auto/Interpolator.xml
----------------- Instantiating /home/travis/build/icyphy/ptII/ptolemy/actor/lib/test/auto/Interpolator.xml
2 ms. Memory: 1362432K Free: 1291966K (95%)
----------------- Invoking toplevel() on ptolemy.moml.MoMLSimpleApplication@b1eac1
----------------- Done invoking toplevel() on ptolemy.moml.MoMLSimpleApplication@b1eac1
reloadAllAccessors: .Interpolator

===========================================================================================
----------------- testing Tue Dec 11 02:57:59 UTC 2018 /home/travis/build/icyphy/ptII/ptolemy/actor/lib/test/auto/InterpolatorFiringLimitDE.xml
----------------- Instantiating /home/travis/build/icyphy/ptII/ptolemy/actor/lib/test/auto/InterpolatorFiringLimitDE.xml
2 ms. Memory: 1362432K Free: 1279534K (94%)
----------------- Invoking toplevel() on ptolemy.moml.MoMLSimpleApplication@2c96309b
----------------- Done invoking toplevel() on ptolemy.moml.MoMLSimpleApplication@2c96309b
reloadAllAccessors: .InterpolatorFiringLimitDE

===========================================================================================
----------------- testing Tue Dec 11 02:57:59 UTC 2018 /home/travis/build/icyphy/ptII/ptolemy/actor/lib/test/auto/Lattice.xml
----------------- Instantiating /home/travis/build/icyphy/ptII/ptolemy/actor/lib/test/auto/Lattice.xml
1 ms. Memory: 1362432K Free: 1267103K (93%)
----------------- Invoking toplevel() on ptolemy.moml.MoMLSimpleApplication@574c6191
----------------- Done invoking toplevel() on ptolemy.moml.MoMLSimpleApplication@574c6191
reloadAllAccessors: .Lattice

===========================================================================================
----------------- testing Tue Dec 11 02:57:59 UTC 2018 /home/travis/build/icyphy/ptII/ptolemy/actor/lib/test/auto/LazyAOCTestLazy.xml
----------------- Instantiating /home/travis/build/icyphy/ptII/ptolemy/actor/lib/test/auto/LazyAOCTestLazy.xml
6 ms. Memory: 1362432K Free: 1247787K (92%)
----------------- Invoking toplevel() on ptolemy.moml.MoMLSimpleApplication@1337ef08
----------------- Done invoking toplevel() on ptolemy.moml.MoMLSimpleApplication@1337ef08
reloadAllAccessors: .LazyAOCTestLazy

===========================================================================================
----------------- testing Tue Dec 11 02:57:59 UTC 2018 /home/travis/build/icyphy/ptII/ptolemy/actor/lib/test/auto/LazyAOCTestNonLazy.xml
----------------- Instantiating /home/travis/build/icyphy/ptII/ptolemy/actor/lib/test/auto/LazyAOCTestNonLazy.xml
1 ms. Memory: 1362432K Free: 1235355K (91%)
----------------- Invoking toplevel() on ptolemy.moml.MoMLSimpleApplication@298a1c1d
----------------- Done invoking toplevel() on ptolemy.moml.MoMLSimpleApplication@298a1c1d
reloadAllAccessors: .LazyAOCTestNonLazy

===========================================================================================
----------------- testing Tue Dec 11 02:57:59 UTC 2018 /home/travis/build/icyphy/ptII/ptolemy/actor/lib/test/auto/LazyInnerClass.xml
----------------- Instantiating /home/travis/build/icyphy/ptII/ptolemy/actor/lib/test/auto/LazyInnerClass.xml
10 ms. Memory: 1362432K Free: 1222924K (90%)
----------------- Invoking toplevel() on ptolemy.moml.MoMLSimpleApplication@3d3c90a7
----------------- Done invoking toplevel() on ptolemy.moml.MoMLSimpleApplication@3d3c90a7
reloadAllAccessors: .LazyInnerClass

===========================================================================================
----------------- testing Tue Dec 11 02:57:59 UTC 2018 /home/travis/build/icyphy/ptII/ptolemy/actor/lib/test/auto/LazyPubSub.xml
----------------- Instantiating /home/travis/build/icyphy/ptII/ptolemy/actor/lib/test/auto/LazyPubSub.xml
15 ms. Memory: 1362432K Free: 1203608K (88%)
----------------- Invoking toplevel() on ptolemy.moml.MoMLSimpleApplication@59632248
----------------- Done invoking toplevel() on ptolemy.moml.MoMLSimpleApplication@59632248
reloadAllAccessors: .LazyPubSub

===========================================================================================
----------------- testing Tue Dec 11 02:57:59 UTC 2018 /home/travis/build/icyphy/ptII/ptolemy/actor/lib/test/auto/LazyPubSub2.xml
----------------- Instantiating /home/travis/build/icyphy/ptII/ptolemy/actor/lib/test/auto/LazyPubSub2.xml
14 ms. Memory: 1362432K Free: 1191177K (87%)
----------------- Invoking toplevel() on ptolemy.moml.MoMLSimpleApplication@36738319
----------------- Done invoking toplevel() on ptolemy.moml.MoMLSimpleApplication@36738319
reloadAllAccessors: .LazyPubSub2

===========================================================================================
----------------- testing Tue Dec 11 02:57:59 UTC 2018 /home/travis/build/icyphy/ptII/ptolemy/actor/lib/test/auto/LazyPubSub3.xml
----------------- Instantiating /home/travis/build/icyphy/ptII/ptolemy/actor/lib/test/auto/LazyPubSub3.xml
15 ms. Memory: 1362432K Free: 1178745K (87%)
----------------- Invoking toplevel() on ptolemy.moml.MoMLSimpleApplication@839327d
----------------- Done invoking toplevel() on ptolemy.moml.MoMLSimpleApplication@839327d
reloadAllAccessors: .LazyPubSub3

===========================================================================================
----------------- testing Tue Dec 11 02:57:59 UTC 2018 /home/travis/build/icyphy/ptII/ptolemy/actor/lib/test/auto/LazySubClassModel.xml
----------------- Instantiating /home/travis/build/icyphy/ptII/ptolemy/actor/lib/test/auto/LazySubClassModel.xml
1 ms. Memory: 1362432K Free: 1153205K (85%)
----------------- Invoking toplevel() on ptolemy.moml.MoMLSimpleApplication@161865ce
----------------- Done invoking toplevel() on ptolemy.moml.MoMLSimpleApplication@161865ce
reloadAllAccessors: .LazySubClassModel

===========================================================================================
----------------- testing Tue Dec 11 02:57:59 UTC 2018 /home/travis/build/icyphy/ptII/ptolemy/actor/lib/test/auto/LevelCrossTest1.xml
----------------- Instantiating /home/travis/build/icyphy/ptII/ptolemy/actor/lib/test/auto/LevelCrossTest1.xml
1 ms. Memory: 1362432K Free: 1140774K (84%)
----------------- Invoking toplevel() on ptolemy.moml.MoMLSimpleApplication@2fb9a27e
----------------- Done invoking toplevel() on ptolemy.moml.MoMLSimpleApplication@2fb9a27e
reloadAllAccessors: .broken

===========================================================================================
----------------- testing Tue Dec 11 02:57:59 UTC 2018 /home/travis/build/icyphy/ptII/ptolemy/actor/lib/test/auto/LevelCrossTest10.xml
----------------- Instantiating /home/travis/build/icyphy/ptII/ptolemy/actor/lib/test/auto/LevelCrossTest10.xml
9 ms. Memory: 1362432K Free: 1121458K (82%)
----------------- Invoking toplevel() on ptolemy.moml.MoMLSimpleApplication@292d1130
----------------- Done invoking toplevel() on ptolemy.moml.MoMLSimpleApplication@292d1130
reloadAllAccessors: .LevelCrossTest10

===========================================================================================
----------------- testing Tue Dec 11 02:57:59 UTC 2018 /home/travis/build/icyphy/ptII/ptolemy/actor/lib/test/auto/LevelCrossTest11.xml
----------------- Instantiating /home/travis/build/icyphy/ptII/ptolemy/actor/lib/test/auto/LevelCrossTest11.xml
1 ms. Memory: 1362432K Free: 1108858K (81%)
----------------- Invoking toplevel() on ptolemy.moml.MoMLSimpleApplication@55306ef9
----------------- Done invoking toplevel() on ptolemy.moml.MoMLSimpleApplication@55306ef9
reloadAllAccessors: .LevelCrossTest11

===========================================================================================
----------------- testing Tue Dec 11 02:57:59 UTC 2018 /home/travis/build/icyphy/ptII/ptolemy/actor/lib/test/auto/LevelCrossTest12.xml
----------------- Instantiating /home/travis/build/icyphy/ptII/ptolemy/actor/lib/test/auto/LevelCrossTest12.xml
1 ms. Memory: 1362432K Free: 1096427K (80%)
----------------- Invoking toplevel() on ptolemy.moml.MoMLSimpleApplication@62a7461c
----------------- Done invoking toplevel() on ptolemy.moml.MoMLSimpleApplication@62a7461c
reloadAllAccessors: .LevelCrossTest12

===========================================================================================
----------------- testing Tue Dec 11 02:57:59 UTC 2018 /home/travis/build/icyphy/ptII/ptolemy/actor/lib/test/auto/LevelCrossTest13.xml
----------------- Instantiating /home/travis/build/icyphy/ptII/ptolemy/actor/lib/test/auto/LevelCrossTest13.xml
1 ms. Memory: 1362432K Free: 1077111K (79%)
----------------- Invoking toplevel() on ptolemy.moml.MoMLSimpleApplication@992e36a
----------------- Done invoking toplevel() on ptolemy.moml.MoMLSimpleApplication@992e36a
reloadAllAccessors: .LevelCrossTest13

===========================================================================================
----------------- testing Tue Dec 11 02:57:59 UTC 2018 /home/travis/build/icyphy/ptII/ptolemy/actor/lib/test/auto/LevelCrossTest2.xml
----------------- Instantiating /home/travis/build/icyphy/ptII/ptolemy/actor/lib/test/auto/LevelCrossTest2.xml
1 ms. Memory: 1362432K Free: 1064680K (78%)
----------------- Invoking toplevel() on ptolemy.moml.MoMLSimpleApplication@281ed7ea
----------------- Done invoking toplevel() on ptolemy.moml.MoMLSimpleApplication@281ed7ea
reloadAllAccessors: .broken

===========================================================================================
----------------- testing Tue Dec 11 02:57:59 UTC 2018 /home/travis/build/icyphy/ptII/ptolemy/actor/lib/test/auto/LevelCrossTest3.xml
----------------- Instantiating /home/travis/build/icyphy/ptII/ptolemy/actor/lib/test/auto/LevelCrossTest3.xml
1 ms. Memory: 1362432K Free: 1052248K (77%)
----------------- Invoking toplevel() on ptolemy.moml.MoMLSimpleApplication@271e989e
----------------- Done invoking toplevel() on ptolemy.moml.MoMLSimpleApplication@271e989e
reloadAllAccessors: .LevelCrossTest3

===========================================================================================
----------------- testing Tue Dec 11 02:57:59 UTC 2018 /home/travis/build/icyphy/ptII/ptolemy/actor/lib/test/auto/LevelCrossTest4.xml
----------------- Instantiating /home/travis/build/icyphy/ptII/ptolemy/actor/lib/test/auto/LevelCrossTest4.xml
1 ms. Memory: 1362432K Free: 1032932K (76%)
----------------- Invoking toplevel() on ptolemy.moml.MoMLSimpleApplication@64abb0f2
----------------- Done invoking toplevel() on ptolemy.moml.MoMLSimpleApplication@64abb0f2
reloadAllAccessors: .broken

===========================================================================================
----------------- testing Tue Dec 11 02:57:59 UTC 2018 /home/travis/build/icyphy/ptII/ptolemy/actor/lib/test/auto/LevelCrossTest5.xml
----------------- Instantiating /home/travis/build/icyphy/ptII/ptolemy/actor/lib/test/auto/LevelCrossTest5.xml
1 ms. Memory: 1362432K Free: 1020501K (75%)
----------------- Invoking toplevel() on ptolemy.moml.MoMLSimpleApplication@341cc389
----------------- Done invoking toplevel() on ptolemy.moml.MoMLSimpleApplication@341cc389
reloadAllAccessors: .LevelCrossTest5

===========================================================================================
----------------- testing Tue Dec 11 02:57:59 UTC 2018 /home/travis/build/icyphy/ptII/ptolemy/actor/lib/test/auto/LevelCrossTest6.xml
----------------- Instantiating /home/travis/build/icyphy/ptII/ptolemy/actor/lib/test/auto/LevelCrossTest6.xml
1 ms. Memory: 1362432K Free: 1008069K (74%)
----------------- Invoking toplevel() on ptolemy.moml.MoMLSimpleApplication@5074198
----------------- Done invoking toplevel() on ptolemy.moml.MoMLSimpleApplication@5074198
reloadAllAccessors: .LevelCrossTest6

===========================================================================================
----------------- testing Tue Dec 11 02:57:59 UTC 2018 /home/travis/build/icyphy/ptII/ptolemy/actor/lib/test/auto/LevelCrossTest7.xml
----------------- Instantiating /home/travis/build/icyphy/ptII/ptolemy/actor/lib/test/auto/LevelCrossTest7.xml
1 ms. Memory: 1362432K Free: 988753K (73%)
----------------- Invoking toplevel() on ptolemy.moml.MoMLSimpleApplication@60a0c10e
----------------- Done invoking toplevel() on ptolemy.moml.MoMLSimpleApplication@60a0c10e
reloadAllAccessors: .LevelCrossTest7

===========================================================================================
----------------- testing Tue Dec 11 02:57:59 UTC 2018 /home/travis/build/icyphy/ptII/ptolemy/actor/lib/test/auto/LevelCrossTest8.xml
----------------- Instantiating /home/travis/build/icyphy/ptII/ptolemy/actor/lib/test/auto/LevelCrossTest8.xml
1 ms. Memory: 1362432K Free: 976322K (72%)
----------------- Invoking toplevel() on ptolemy.moml.MoMLSimpleApplication@73782c1d
----------------- Done invoking toplevel() on ptolemy.moml.MoMLSimpleApplication@73782c1d
reloadAllAccessors: .LevelCrossTest8

===========================================================================================
----------------- testing Tue Dec 11 02:57:59 UTC 2018 /home/travis/build/icyphy/ptII/ptolemy/actor/lib/test/auto/LevelCrossTest9.xml
----------------- Instantiating /home/travis/build/icyphy/ptII/ptolemy/actor/lib/test/auto/LevelCrossTest9.xml
1 ms. Memory: 1362432K Free: 963891K (71%)
----------------- Invoking toplevel() on ptolemy.moml.MoMLSimpleApplication@5d9d09b8
----------------- Done invoking toplevel() on ptolemy.moml.MoMLSimpleApplication@5d9d09b8
reloadAllAccessors: .LevelCrossTest9

===========================================================================================
----------------- testing Tue Dec 11 02:57:59 UTC 2018 /home/travis/build/icyphy/ptII/ptolemy/actor/lib/test/auto/LevinsonDurbin.xml
----------------- Instantiating /home/travis/build/icyphy/ptII/ptolemy/actor/lib/test/auto/LevinsonDurbin.xml
2 ms. Memory: 1362432K Free: 944575K (69%)
----------------- Invoking toplevel() on ptolemy.moml.MoMLSimpleApplication@5de49b3e
----------------- Done invoking toplevel() on ptolemy.moml.MoMLSimpleApplication@5de49b3e
reloadAllAccessors: .LevinsonDurbin

===========================================================================================
----------------- testing Tue Dec 11 02:57:59 UTC 2018 /home/travis/build/icyphy/ptII/ptolemy/actor/lib/test/auto/LevinsonDurbin2.xml
----------------- Instantiating /home/travis/build/icyphy/ptII/ptolemy/actor/lib/test/auto/LevinsonDurbin2.xml
2 ms. Memory: 1362432K Free: 932143K (68%)
----------------- Invoking toplevel() on ptolemy.moml.MoMLSimpleApplication@1ce755f4
----------------- Done invoking toplevel() on ptolemy.moml.MoMLSimpleApplication@1ce755f4
reloadAllAccessors: .LevinsonDurbin2

===========================================================================================
----------------- testing Tue Dec 11 02:57:59 UTC 2018 /home/travis/build/icyphy/ptII/ptolemy/actor/lib/test/auto/LevinsonDurbin3.xml
----------------- Instantiating /home/travis/build/icyphy/ptII/ptolemy/actor/lib/test/auto/LevinsonDurbin3.xml
1 ms. Memory: 1362432K Free: 919712K (68%)
----------------- Invoking toplevel() on ptolemy.moml.MoMLSimpleApplication@55d11280
----------------- Done invoking toplevel() on ptolemy.moml.MoMLSimpleApplication@55d11280
reloadAllAccessors: .LevinsonDurbin3

===========================================================================================
----------------- testing Tue Dec 11 02:57:59 UTC 2018 /home/travis/build/icyphy/ptII/ptolemy/actor/lib/test/auto/Limiter.xml
----------------- Instantiating /home/travis/build/icyphy/ptII/ptolemy/actor/lib/test/auto/Limiter.xml
5 ms. Memory: 1362432K Free: 894179K (66%)
----------------- Invoking toplevel() on ptolemy.moml.MoMLSimpleApplication@132e156f
----------------- Done invoking toplevel() on ptolemy.moml.MoMLSimpleApplication@132e156f
reloadAllAccessors: .Limiter

===========================================================================================
----------------- testing Tue Dec 11 02:57:59 UTC 2018 /home/travis/build/icyphy/ptII/ptolemy/actor/lib/test/auto/LinearDifferenceEquationSystem.xml
----------------- Instantiating /home/travis/build/icyphy/ptII/ptolemy/actor/lib/test/auto/LinearDifferenceEquationSystem.xml
4 ms. Memory: 1362432K Free: 881748K (65%)
----------------- Invoking toplevel() on ptolemy.moml.MoMLSimpleApplication@16316e6f
----------------- Done invoking toplevel() on ptolemy.moml.MoMLSimpleApplication@16316e6f
reloadAllAccessors: .LinearDifferenceEquationSystem

===========================================================================================
----------------- testing Tue Dec 11 02:57:59 UTC 2018 /home/travis/build/icyphy/ptII/ptolemy/actor/lib/test/auto/LookupTable.xml
----------------- Instantiating /home/travis/build/icyphy/ptII/ptolemy/actor/lib/test/auto/LookupTable.xml
1 ms. Memory: 1362432K Free: 869316K (64%)
----------------- Invoking toplevel() on ptolemy.moml.MoMLSimpleApplication@5cd94875
----------------- Done invoking toplevel() on ptolemy.moml.MoMLSimpleApplication@5cd94875
reloadAllAccessors: .LookupTable

===========================================================================================
----------------- testing Tue Dec 11 02:57:59 UTC 2018 /home/travis/build/icyphy/ptII/ptolemy/actor/lib/test/auto/MathFunction.xml
----------------- Instantiating /home/travis/build/icyphy/ptII/ptolemy/actor/lib/test/auto/MathFunction.xml
4 ms. Memory: 1362432K Free: 850000K (62%)
----------------- Invoking toplevel() on ptolemy.moml.MoMLSimpleApplication@289744fb
----------------- Done invoking toplevel() on ptolemy.moml.MoMLSimpleApplication@289744fb
reloadAllAccessors: .MathFunction

===========================================================================================
----------------- testing Tue Dec 11 02:57:59 UTC 2018 /home/travis/build/icyphy/ptII/ptolemy/actor/lib/test/auto/MathFunction2.xml
----------------- Instantiating /home/travis/build/icyphy/ptII/ptolemy/actor/lib/test/auto/MathFunction2.xml
1 ms. Memory: 1362432K Free: 837569K (61%)
----------------- Invoking toplevel() on ptolemy.moml.MoMLSimpleApplication@4fafd8b4
----------------- Done invoking toplevel() on ptolemy.moml.MoMLSimpleApplication@4fafd8b4
reloadAllAccessors: .MathFunction2

===========================================================================================
----------------- testing Tue Dec 11 02:57:59 UTC 2018 /home/travis/build/icyphy/ptII/ptolemy/actor/lib/test/auto/MathFunction3.xml
----------------- Instantiating /home/travis/build/icyphy/ptII/ptolemy/actor/lib/test/auto/MathFunction3.xml
2 ms. Memory: 1362432K Free: 825137K (61%)
----------------- Invoking toplevel() on ptolemy.moml.MoMLSimpleApplication@1890cf05
----------------- Done invoking toplevel() on ptolemy.moml.MoMLSimpleApplication@1890cf05
reloadAllAccessors: .MathFunction3

===========================================================================================
----------------- testing Tue Dec 11 02:57:59 UTC 2018 /home/travis/build/icyphy/ptII/ptolemy/actor/lib/test/auto/MatrixCropBoolean.xml
----------------- Instantiating /home/travis/build/icyphy/ptII/ptolemy/actor/lib/test/auto/MatrixCropBoolean.xml
2 ms. Memory: 1362432K Free: 805821K (59%)
----------------- Invoking toplevel() on ptolemy.moml.MoMLSimpleApplication@7b4d4195
----------------- Done invoking toplevel() on ptolemy.moml.MoMLSimpleApplication@7b4d4195
reloadAllAccessors: .MatrixCropBoolean

===========================================================================================
----------------- testing Tue Dec 11 02:57:59 UTC 2018 /home/travis/build/icyphy/ptII/ptolemy/actor/lib/test/auto/MatrixCropComplex.xml
----------------- Instantiating /home/travis/build/icyphy/ptII/ptolemy/actor/lib/test/auto/MatrixCropComplex.xml
4 ms. Memory: 1362432K Free: 793390K (58%)
----------------- Invoking toplevel() on ptolemy.moml.MoMLSimpleApplication@1df241b3
----------------- Done invoking toplevel() on ptolemy.moml.MoMLSimpleApplication@1df241b3
reloadAllAccessors: .MatrixCropComplex

===========================================================================================
----------------- testing Tue Dec 11 02:57:59 UTC 2018 /home/travis/build/icyphy/ptII/ptolemy/actor/lib/test/auto/MatrixCropDouble.xml
----------------- Instantiating /home/travis/build/icyphy/ptII/ptolemy/actor/lib/test/auto/MatrixCropDouble.xml
3 ms. Memory: 1362432K Free: 780958K (57%)
----------------- Invoking toplevel() on ptolemy.moml.MoMLSimpleApplication@3eec8c6f
----------------- Done invoking toplevel() on ptolemy.moml.MoMLSimpleApplication@3eec8c6f
reloadAllAccessors: .MatrixCropDouble

===========================================================================================
----------------- testing Tue Dec 11 02:57:59 UTC 2018 /home/travis/build/icyphy/ptII/ptolemy/actor/lib/test/auto/MatrixCropFix.xml
----------------- Instantiating /home/travis/build/icyphy/ptII/ptolemy/actor/lib/test/auto/MatrixCropFix.xml
2 ms. Memory: 1362432K Free: 761642K (56%)
----------------- Invoking toplevel() on ptolemy.moml.MoMLSimpleApplication@4132ca39
----------------- Done invoking toplevel() on ptolemy.moml.MoMLSimpleApplication@4132ca39
reloadAllAccessors: .MatrixCropFix

===========================================================================================
----------------- testing Tue Dec 11 02:57:59 UTC 2018 /home/travis/build/icyphy/ptII/ptolemy/actor/lib/test/auto/MatrixCropInt.xml
----------------- Instantiating /home/travis/build/icyphy/ptII/ptolemy/actor/lib/test/auto/MatrixCropInt.xml
2 ms. Memory: 1362432K Free: 749211K (55%)
----------------- Invoking toplevel() on ptolemy.moml.MoMLSimpleApplication@46867f44
----------------- Done invoking toplevel() on ptolemy.moml.MoMLSimpleApplication@46867f44
reloadAllAccessors: .MatrixCropInt

===========================================================================================
----------------- testing Tue Dec 11 02:57:59 UTC 2018 /home/travis/build/icyphy/ptII/ptolemy/actor/lib/test/auto/MatrixCropLong.xml
----------------- Instantiating /home/travis/build/icyphy/ptII/ptolemy/actor/lib/test/auto/MatrixCropLong.xml
1 ms. Memory: 1362432K Free: 736780K (54%)
----------------- Invoking toplevel() on ptolemy.moml.MoMLSimpleApplication@507599a1
----------------- Done invoking toplevel() on ptolemy.moml.MoMLSimpleApplication@507599a1
reloadAllAccessors: .MatrixCropLong

===========================================================================================
----------------- testing Tue Dec 11 02:57:59 UTC 2018 /home/travis/build/icyphy/ptII/ptolemy/actor/lib/test/auto/MatrixToArray.xml
----------------- Instantiating /home/travis/build/icyphy/ptII/ptolemy/actor/lib/test/auto/MatrixToArray.xml
10 ms. Memory: 1362432K Free: 705016K (52%)
----------------- Invoking toplevel() on ptolemy.moml.MoMLSimpleApplication@5a0437b2
----------------- Done invoking toplevel() on ptolemy.moml.MoMLSimpleApplication@5a0437b2
reloadAllAccessors: .MatrixToArray

===========================================================================================
----------------- testing Tue Dec 11 02:57:59 UTC 2018 /home/travis/build/icyphy/ptII/ptolemy/actor/lib/test/auto/MaxIndex.xml
----------------- Instantiating /home/travis/build/icyphy/ptII/ptolemy/actor/lib/test/auto/MaxIndex.xml
5 ms. Memory: 1362432K Free: 692585K (51%)
----------------- Invoking toplevel() on ptolemy.moml.MoMLSimpleApplication@1ffa13ab
----------------- Done invoking toplevel() on ptolemy.moml.MoMLSimpleApplication@1ffa13ab
reloadAllAccessors: .MaxIndex

===========================================================================================
----------------- testing Tue Dec 11 02:57:59 UTC 2018 /home/travis/build/icyphy/ptII/ptolemy/actor/lib/test/auto/Maximum.xml
----------------- Instantiating /home/travis/build/icyphy/ptII/ptolemy/actor/lib/test/auto/Maximum.xml
6 ms. Memory: 1362432K Free: 680154K (50%)
----------------- Invoking toplevel() on ptolemy.moml.MoMLSimpleApplication@59eed215
----------------- Done invoking toplevel() on ptolemy.moml.MoMLSimpleApplication@59eed215
reloadAllAccessors: .Maximum

===========================================================================================
----------------- testing Tue Dec 11 02:57:59 UTC 2018 /home/travis/build/icyphy/ptII/ptolemy/actor/lib/test/auto/MaximumComplex.xml
----------------- Instantiating /home/travis/build/icyphy/ptII/ptolemy/actor/lib/test/auto/MaximumComplex.xml
4 ms. Memory: 1362432K Free: 660837K (49%)
----------------- Invoking toplevel() on ptolemy.moml.MoMLSimpleApplication@549fbd69
----------------- Done invoking toplevel() on ptolemy.moml.MoMLSimpleApplication@549fbd69
reloadAllAccessors: .MaximumComplex

===========================================================================================
----------------- testing Tue Dec 11 02:57:59 UTC 2018 /home/travis/build/icyphy/ptII/ptolemy/actor/lib/test/auto/MethodCallTest.xml
----------------- Instantiating /home/travis/build/icyphy/ptII/ptolemy/actor/lib/test/auto/MethodCallTest.xml
2 ms. Memory: 1362432K Free: 648406K (48%)
----------------- Invoking toplevel() on ptolemy.moml.MoMLSimpleApplication@34ce6e2a
----------------- Done invoking toplevel() on ptolemy.moml.MoMLSimpleApplication@34ce6e2a
reloadAllAccessors: .MethodCallTest

===========================================================================================
----------------- testing Tue Dec 11 02:57:59 UTC 2018 /home/travis/build/icyphy/ptII/ptolemy/actor/lib/test/auto/Minimum.xml
----------------- Instantiating /home/travis/build/icyphy/ptII/ptolemy/actor/lib/test/auto/Minimum.xml
2 ms. Memory: 1362432K Free: 627894K (46%)
----------------- Invoking toplevel() on ptolemy.moml.MoMLSimpleApplication@3e668876
----------------- Done invoking toplevel() on ptolemy.moml.MoMLSimpleApplication@3e668876
reloadAllAccessors: .Minimum

===========================================================================================
----------------- testing Tue Dec 11 02:57:59 UTC 2018 /home/travis/build/icyphy/ptII/ptolemy/actor/lib/test/auto/MinimumComplex.xml
----------------- Instantiating /home/travis/build/icyphy/ptII/ptolemy/actor/lib/test/auto/MinimumComplex.xml
3 ms. Memory: 1362432K Free: 608578K (45%)
----------------- Invoking toplevel() on ptolemy.moml.MoMLSimpleApplication@15647da0
----------------- Done invoking toplevel() on ptolemy.moml.MoMLSimpleApplication@15647da0
reloadAllAccessors: .MinimumComplex

===========================================================================================
----------------- testing Tue Dec 11 02:58:00 UTC 2018 /home/travis/build/icyphy/ptII/ptolemy/actor/lib/test/auto/MinimumMultiports.xml
----------------- Instantiating /home/travis/build/icyphy/ptII/ptolemy/actor/lib/test/auto/MinimumMultiports.xml
3 ms. Memory: 1362432K Free: 596147K (44%)
----------------- Invoking toplevel() on ptolemy.moml.MoMLSimpleApplication@2fead5e4
----------------- Done invoking toplevel() on ptolemy.moml.MoMLSimpleApplication@2fead5e4
reloadAllAccessors: .MinimumMultiports

===========================================================================================
----------------- testing Tue Dec 11 02:58:00 UTC 2018 /home/travis/build/icyphy/ptII/ptolemy/actor/lib/test/auto/ModifyDate.xml
----------------- Instantiating /home/travis/build/icyphy/ptII/ptolemy/actor/lib/test/auto/ModifyDate.xml
4 ms. Memory: 1362432K Free: 577484K (42%)
----------------- Invoking toplevel() on ptolemy.moml.MoMLSimpleApplication@6e52d25a
----------------- Done invoking toplevel() on ptolemy.moml.MoMLSimpleApplication@6e52d25a
reloadAllAccessors: .ModifyDate

===========================================================================================
----------------- testing Tue Dec 11 02:58:00 UTC 2018 /home/travis/build/icyphy/ptII/ptolemy/actor/lib/test/auto/ModifyDate2.xml
----------------- Instantiating /home/travis/build/icyphy/ptII/ptolemy/actor/lib/test/auto/ModifyDate2.xml
3 ms. Memory: 1362432K Free: 551952K (41%)
----------------- Invoking toplevel() on ptolemy.moml.MoMLSimpleApplication@a13c2b8
----------------- Done invoking toplevel() on ptolemy.moml.MoMLSimpleApplication@a13c2b8
reloadAllAccessors: .ModifyDate2

===========================================================================================
----------------- testing Tue Dec 11 02:58:00 UTC 2018 /home/travis/build/icyphy/ptII/ptolemy/actor/lib/test/auto/MovingAverage.xml
----------------- Instantiating /home/travis/build/icyphy/ptII/ptolemy/actor/lib/test/auto/MovingAverage.xml
1 ms. Memory: 1362432K Free: 539520K (40%)
----------------- Invoking toplevel() on ptolemy.moml.MoMLSimpleApplication@3c7bf05b
----------------- Done invoking toplevel() on ptolemy.moml.MoMLSimpleApplication@3c7bf05b
reloadAllAccessors: .MovingAverage

===========================================================================================
----------------- testing Tue Dec 11 02:58:00 UTC 2018 /home/travis/build/icyphy/ptII/ptolemy/actor/lib/test/auto/MovingMaximum.xml
----------------- Instantiating /home/travis/build/icyphy/ptII/ptolemy/actor/lib/test/auto/MovingMaximum.xml
2 ms. Memory: 1362432K Free: 527089K (39%)
----------------- Invoking toplevel() on ptolemy.moml.MoMLSimpleApplication@3bdc5a0e
----------------- Done invoking toplevel() on ptolemy.moml.MoMLSimpleApplication@3bdc5a0e
reloadAllAccessors: .MovingMaximum

===========================================================================================
----------------- testing Tue Dec 11 02:58:00 UTC 2018 /home/travis/build/icyphy/ptII/ptolemy/actor/lib/test/auto/MultipleLinksToSameRelation.xml
----------------- Instantiating /home/travis/build/icyphy/ptII/ptolemy/actor/lib/test/auto/MultipleLinksToSameRelation.xml
2 ms. Memory: 1362432K Free: 507773K (37%)
----------------- Invoking toplevel() on ptolemy.moml.MoMLSimpleApplication@16c66cb
----------------- Done invoking toplevel() on ptolemy.moml.MoMLSimpleApplication@16c66cb
reloadAllAccessors: .MultipleLinksToSameRelation

===========================================================================================
----------------- testing Tue Dec 11 02:58:00 UTC 2018 /home/travis/build/icyphy/ptII/ptolemy/actor/lib/test/auto/MultipleLinksToSameRelationDE.xml
----------------- Instantiating /home/travis/build/icyphy/ptII/ptolemy/actor/lib/test/auto/MultipleLinksToSameRelationDE.xml
2 ms. Memory: 1362432K Free: 495342K (36%)
----------------- Invoking toplevel() on ptolemy.moml.MoMLSimpleApplication@5cec363
----------------- Done invoking toplevel() on ptolemy.moml.MoMLSimpleApplication@5cec363
reloadAllAccessors: .MultipleLinksToSameRelationDE

===========================================================================================
----------------- testing Tue Dec 11 02:58:00 UTC 2018 /home/travis/build/icyphy/ptII/ptolemy/actor/lib/test/auto/Multiplexor.xml
----------------- Instantiating /home/travis/build/icyphy/ptII/ptolemy/actor/lib/test/auto/Multiplexor.xml
2 ms. Memory: 1362432K Free: 482910K (35%)
----------------- Invoking toplevel() on ptolemy.moml.MoMLSimpleApplication@328002e
----------------- Done invoking toplevel() on ptolemy.moml.MoMLSimpleApplication@328002e
reloadAllAccessors: .Multiplexor

===========================================================================================
----------------- testing Tue Dec 11 02:58:00 UTC 2018 /home/travis/build/icyphy/ptII/ptolemy/actor/lib/test/auto/Multiplexor1.xml
----------------- Instantiating /home/travis/build/icyphy/ptII/ptolemy/actor/lib/test/auto/Multiplexor1.xml
2 ms. Memory: 1362432K Free: 463594K (34%)
----------------- Invoking toplevel() on ptolemy.moml.MoMLSimpleApplication@26764623
----------------- Done invoking toplevel() on ptolemy.moml.MoMLSimpleApplication@26764623
reloadAllAccessors: .Multiplexor1

===========================================================================================
----------------- testing Tue Dec 11 02:58:00 UTC 2018 /home/travis/build/icyphy/ptII/ptolemy/actor/lib/test/auto/Multiplexor2.xml
----------------- Instantiating /home/travis/build/icyphy/ptII/ptolemy/actor/lib/test/auto/Multiplexor2.xml
2 ms. Memory: 1362432K Free: 451163K (33%)
----------------- Invoking toplevel() on ptolemy.moml.MoMLSimpleApplication@6375228d
----------------- Done invoking toplevel() on ptolemy.moml.MoMLSimpleApplication@6375228d
reloadAllAccessors: .Multiplexor2

===========================================================================================
----------------- testing Tue Dec 11 02:58:00 UTC 2018 /home/travis/build/icyphy/ptII/ptolemy/actor/lib/test/auto/Multiplexor3.xml
----------------- Instantiating /home/travis/build/icyphy/ptII/ptolemy/actor/lib/test/auto/Multiplexor3.xml
2 ms. Memory: 1362432K Free: 438731K (32%)
----------------- Invoking toplevel() on ptolemy.moml.MoMLSimpleApplication@36c354b0
----------------- Done invoking toplevel() on ptolemy.moml.MoMLSimpleApplication@36c354b0
reloadAllAccessors: .Multiplexor3

===========================================================================================
----------------- testing Tue Dec 11 02:58:00 UTC 2018 /home/travis/build/icyphy/ptII/ptolemy/actor/lib/test/auto/MultiplexorDE.xml
----------------- Instantiating /home/travis/build/icyphy/ptII/ptolemy/actor/lib/test/auto/MultiplexorDE.xml
2 ms. Memory: 1362432K Free: 419415K (31%)
----------------- Invoking toplevel() on ptolemy.moml.MoMLSimpleApplication@33ae4403
----------------- Done invoking toplevel() on ptolemy.moml.MoMLSimpleApplication@33ae4403
reloadAllAccessors: .MultiplexorDE

===========================================================================================
----------------- testing Tue Dec 11 02:58:00 UTC 2018 /home/travis/build/icyphy/ptII/ptolemy/actor/lib/test/auto/MultiportBroadcastTest.xml
----------------- Instantiating /home/travis/build/icyphy/ptII/ptolemy/actor/lib/test/auto/MultiportBroadcastTest.xml
58 ms. Memory: 1362432K Free: 406984K (30%)
----------------- Invoking toplevel() on ptolemy.moml.MoMLSimpleApplication@6c64b983
----------------- Done invoking toplevel() on ptolemy.moml.MoMLSimpleApplication@6c64b983
reloadAllAccessors: .MultiportBroadcastTest

===========================================================================================
----------------- testing Tue Dec 11 02:58:00 UTC 2018 /home/travis/build/icyphy/ptII/ptolemy/actor/lib/test/auto/MultiportOutHangDuringGetWidth.xml
----------------- Instantiating /home/travis/build/icyphy/ptII/ptolemy/actor/lib/test/auto/MultiportOutHangDuringGetWidth.xml
5 ms. Memory: 1362432K Free: 388337K (29%)
----------------- Invoking toplevel() on ptolemy.moml.MoMLSimpleApplication@1456d076
----------------- Done invoking toplevel() on ptolemy.moml.MoMLSimpleApplication@1456d076
reloadAllAccessors: .MultiportOutHangDuringGetWidth

===========================================================================================
----------------- testing Tue Dec 11 02:58:00 UTC 2018 /home/travis/build/icyphy/ptII/ptolemy/actor/lib/test/auto/NilToken.xml
----------------- Instantiating /home/travis/build/icyphy/ptII/ptolemy/actor/lib/test/auto/NilToken.xml
2 ms. Memory: 1362432K Free: 369021K (27%)
----------------- Invoking toplevel() on ptolemy.moml.MoMLSimpleApplication@4b23de13
----------------- Done invoking toplevel() on ptolemy.moml.MoMLSimpleApplication@4b23de13
reloadAllAccessors: .NilToken

===========================================================================================
----------------- testing Tue Dec 11 02:58:00 UTC 2018 /home/travis/build/icyphy/ptII/ptolemy/actor/lib/test/auto/NilTokenNonStrictTest.xml
----------------- Instantiating /home/travis/build/icyphy/ptII/ptolemy/actor/lib/test/auto/NilTokenNonStrictTest.xml
1 ms. Memory: 1362432K Free: 356589K (26%)
----------------- Invoking toplevel() on ptolemy.moml.MoMLSimpleApplication@372de7ef
----------------- Done invoking toplevel() on ptolemy.moml.MoMLSimpleApplication@372de7ef
reloadAllAccessors: .NilTokenNonStrictTest

===========================================================================================
----------------- testing Tue Dec 11 02:58:00 UTC 2018 /home/travis/build/icyphy/ptII/ptolemy/actor/lib/test/auto/NilTokenRecord.xml
----------------- Instantiating /home/travis/build/icyphy/ptII/ptolemy/actor/lib/test/auto/NilTokenRecord.xml
4 ms. Memory: 1362432K Free: 344158K (25%)
----------------- Invoking toplevel() on ptolemy.moml.MoMLSimpleApplication@4f8bf4bd
----------------- Done invoking toplevel() on ptolemy.moml.MoMLSimpleApplication@4f8bf4bd
reloadAllAccessors: .NilTokenRecord

===========================================================================================
----------------- testing Tue Dec 11 02:58:00 UTC 2018 /home/travis/build/icyphy/ptII/ptolemy/actor/lib/test/auto/NilTokenTypeTest.xml
----------------- Instantiating /home/travis/build/icyphy/ptII/ptolemy/actor/lib/test/auto/NilTokenTypeTest.xml
7 ms. Memory: 1362432K Free: 318626K (23%)
----------------- Invoking toplevel() on ptolemy.moml.MoMLSimpleApplication@7ec2439c
----------------- Done invoking toplevel() on ptolemy.moml.MoMLSimpleApplication@7ec2439c
reloadAllAccessors: .NilTokenTypeTest

===========================================================================================
----------------- testing Tue Dec 11 02:58:00 UTC 2018 /home/travis/build/icyphy/ptII/ptolemy/actor/lib/test/auto/ObjectToken1.xml
----------------- Instantiating /home/travis/build/icyphy/ptII/ptolemy/actor/lib/test/auto/ObjectToken1.xml
2 ms. Memory: 1362432K Free: 306195K (22%)
----------------- Invoking toplevel() on ptolemy.moml.MoMLSimpleApplication@2702aff2
----------------- Done invoking toplevel() on ptolemy.moml.MoMLSimpleApplication@2702aff2
reloadAllAccessors: .ObjectToken1

===========================================================================================
----------------- testing Tue Dec 11 02:58:00 UTC 2018 /home/travis/build/icyphy/ptII/ptolemy/actor/lib/test/auto/OrderedMerge.xml
----------------- Instantiating /home/travis/build/icyphy/ptII/ptolemy/actor/lib/test/auto/OrderedMerge.xml
6 ms. Memory: 1362432K Free: 262016K (19%)
----------------- Invoking toplevel() on ptolemy.moml.MoMLSimpleApplication@1de55530
----------------- Done invoking toplevel() on ptolemy.moml.MoMLSimpleApplication@1de55530
reloadAllAccessors: .OrderedMerge

===========================================================================================
----------------- testing Tue Dec 11 02:58:00 UTC 2018 /home/travis/build/icyphy/ptII/ptolemy/actor/lib/test/auto/OrderedRecordDisassembler.xml
----------------- Instantiating /home/travis/build/icyphy/ptII/ptolemy/actor/lib/test/auto/OrderedRecordDisassembler.xml
3 ms. Memory: 1362432K Free: 249584K (18%)
----------------- Invoking toplevel() on ptolemy.moml.MoMLSimpleApplication@373fc59
----------------- Done invoking toplevel() on ptolemy.moml.MoMLSimpleApplication@373fc59
reloadAllAccessors: .OrderedRecordDisassembler

===========================================================================================
----------------- testing Tue Dec 11 02:58:00 UTC 2018 /home/travis/build/icyphy/ptII/ptolemy/actor/lib/test/auto/OrderedRecordDisassembler2.xml
----------------- Instantiating /home/travis/build/icyphy/ptII/ptolemy/actor/lib/test/auto/OrderedRecordDisassembler2.xml
3 ms. Memory: 1362432K Free: 237153K (17%)
----------------- Invoking toplevel() on ptolemy.moml.MoMLSimpleApplication@5996df69
----------------- Done invoking toplevel() on ptolemy.moml.MoMLSimpleApplication@5996df69
reloadAllAccessors: .OrderedRecordDisassembler2

===========================================================================================
----------------- testing Tue Dec 11 02:58:00 UTC 2018 /home/travis/build/icyphy/ptII/ptolemy/actor/lib/test/auto/OrderedRecordUpdater.xml
----------------- Instantiating /home/travis/build/icyphy/ptII/ptolemy/actor/lib/test/auto/OrderedRecordUpdater.xml
3 ms. Memory: 1362432K Free: 217837K (16%)
----------------- Invoking toplevel() on ptolemy.moml.MoMLSimpleApplication@6bc5600e
----------------- Done invoking toplevel() on ptolemy.moml.MoMLSimpleApplication@6bc5600e
reloadAllAccessors: .RecordUpdater

===========================================================================================
----------------- testing Tue Dec 11 02:58:00 UTC 2018 /home/travis/build/icyphy/ptII/ptolemy/actor/lib/test/auto/OrderedRecordUpdater2.xml
----------------- Instantiating /home/travis/build/icyphy/ptII/ptolemy/actor/lib/test/auto/OrderedRecordUpdater2.xml
2 ms. Memory: 1362432K Free: 205406K (15%)
----------------- Invoking toplevel() on ptolemy.moml.MoMLSimpleApplication@20fcb8fb
----------------- Done invoking toplevel() on ptolemy.moml.MoMLSimpleApplication@20fcb8fb
reloadAllAccessors: .RecordUpdater2

===========================================================================================
----------------- testing Tue Dec 11 02:58:00 UTC 2018 /home/travis/build/icyphy/ptII/ptolemy/actor/lib/test/auto/PhaseUnwrap.xml
----------------- Instantiating /home/travis/build/icyphy/ptII/ptolemy/actor/lib/test/auto/PhaseUnwrap.xml
2 ms. Memory: 1362432K Free: 192974K (14%)
----------------- Invoking toplevel() on ptolemy.moml.MoMLSimpleApplication@34bd650d
----------------- Done invoking toplevel() on ptolemy.moml.MoMLSimpleApplication@34bd650d
reloadAllAccessors: .PhaseUnwrap

===========================================================================================
----------------- testing Tue Dec 11 02:58:00 UTC 2018 /home/travis/build/icyphy/ptII/ptolemy/actor/lib/test/auto/PoissonClock.xml
----------------- Instantiating /home/travis/build/icyphy/ptII/ptolemy/actor/lib/test/auto/PoissonClock.xml
1 ms. Memory: 1362432K Free: 173658K (13%)
----------------- Invoking toplevel() on ptolemy.moml.MoMLSimpleApplication@7baf37d1
----------------- Done invoking toplevel() on ptolemy.moml.MoMLSimpleApplication@7baf37d1
reloadAllAccessors: .PoissonClock

===========================================================================================
----------------- testing Tue Dec 11 02:58:00 UTC 2018 /home/travis/build/icyphy/ptII/ptolemy/actor/lib/test/auto/PoissonClock2.xml
----------------- Instantiating /home/travis/build/icyphy/ptII/ptolemy/actor/lib/test/auto/PoissonClock2.xml
1 ms. Memory: 1362432K Free: 161227K (12%)
----------------- Invoking toplevel() on ptolemy.moml.MoMLSimpleApplication@14981cb8
----------------- Done invoking toplevel() on ptolemy.moml.MoMLSimpleApplication@14981cb8
reloadAllAccessors: .PoissonClock2

===========================================================================================
----------------- testing Tue Dec 11 02:58:00 UTC 2018 /home/travis/build/icyphy/ptII/ptolemy/actor/lib/test/auto/PoissonClock3.xml
----------------- Instantiating /home/travis/build/icyphy/ptII/ptolemy/actor/lib/test/auto/PoissonClock3.xml
1 ms. Memory: 1362432K Free: 148796K (11%)
----------------- Invoking toplevel() on ptolemy.moml.MoMLSimpleApplication@4d0b4d67
----------------- Done invoking toplevel() on ptolemy.moml.MoMLSimpleApplication@4d0b4d67
reloadAllAccessors: .PoissonClock3

===========================================================================================
----------------- testing Tue Dec 11 02:58:00 UTC 2018 /home/travis/build/icyphy/ptII/ptolemy/actor/lib/test/auto/PubSubWithInitialTokens.xml
----------------- Instantiating /home/travis/build/icyphy/ptII/ptolemy/actor/lib/test/auto/PubSubWithInitialTokens.xml
2 ms. Memory: 1362432K Free: 129479K (10%)
----------------- Invoking toplevel() on ptolemy.moml.MoMLSimpleApplication@2591621f
----------------- Done invoking toplevel() on ptolemy.moml.MoMLSimpleApplication@2591621f
reloadAllAccessors: .PubSubWithInitialTokens

===========================================================================================
----------------- testing Tue Dec 11 02:58:00 UTC 2018 /home/travis/build/icyphy/ptII/ptolemy/actor/lib/test/auto/PubSubWithInitialTokens2.xml
----------------- Instantiating /home/travis/build/icyphy/ptII/ptolemy/actor/lib/test/auto/PubSubWithInitialTokens2.xml
7 ms. Memory: 1362432K Free: 117048K (9%)
----------------- Invoking toplevel() on ptolemy.moml.MoMLSimpleApplication@3c352977
----------------- Done invoking toplevel() on ptolemy.moml.MoMLSimpleApplication@3c352977
reloadAllAccessors: .PubSubWithInitialTokens2

===========================================================================================
----------------- testing Tue Dec 11 02:58:00 UTC 2018 /home/travis/build/icyphy/ptII/ptolemy/actor/lib/test/auto/PublisherClassNoParameter.xml
----------------- Instantiating /home/travis/build/icyphy/ptII/ptolemy/actor/lib/test/auto/PublisherClassNoParameter.xml
2 ms. Memory: 1362432K Free: 98385K (7%)
----------------- Invoking toplevel() on ptolemy.moml.MoMLSimpleApplication@3d46f677
----------------- Done invoking toplevel() on ptolemy.moml.MoMLSimpleApplication@3d46f677
reloadAllAccessors: .PublisherClassNoParameter

===========================================================================================
----------------- testing Tue Dec 11 02:58:00 UTC 2018 /home/travis/build/icyphy/ptII/ptolemy/actor/lib/test/auto/PublisherClassParameter.xml
----------------- Instantiating /home/travis/build/icyphy/ptII/ptolemy/actor/lib/test/auto/PublisherClassParameter.xml
7 ms. Memory: 1535488K Free: 1489335K (97%)
----------------- Invoking toplevel() on ptolemy.moml.MoMLSimpleApplication@3761261d
----------------- Done invoking toplevel() on ptolemy.moml.MoMLSimpleApplication@3761261d
reloadAllAccessors: .PublisherClassParameter

===========================================================================================
----------------- testing Tue Dec 11 02:58:00 UTC 2018 /home/travis/build/icyphy/ptII/ptolemy/actor/lib/test/auto/PublisherNonStrictTest.xml
----------------- Instantiating /home/travis/build/icyphy/ptII/ptolemy/actor/lib/test/auto/PublisherNonStrictTest.xml
3 ms. Memory: 1535488K Free: 1464681K (95%)
----------------- Invoking toplevel() on ptolemy.moml.MoMLSimpleApplication@40ce4e95
----------------- Done invoking toplevel() on ptolemy.moml.MoMLSimpleApplication@40ce4e95
reloadAllAccessors: .PublisherNonStrictTest

===========================================================================================
----------------- testing Tue Dec 11 02:58:00 UTC 2018 /home/travis/build/icyphy/ptII/ptolemy/actor/lib/test/auto/PublisherPort1.xml
----------------- Instantiating /home/travis/build/icyphy/ptII/ptolemy/actor/lib/test/auto/PublisherPort1.xml
4 ms. Memory: 1535488K Free: 1450335K (94%)
----------------- Invoking toplevel() on ptolemy.moml.MoMLSimpleApplication@4381d10c
----------------- Done invoking toplevel() on ptolemy.moml.MoMLSimpleApplication@4381d10c
reloadAllAccessors: .PublisherPort1

===========================================================================================
----------------- testing Tue Dec 11 02:58:00 UTC 2018 /home/travis/build/icyphy/ptII/ptolemy/actor/lib/test/auto/PublisherPort2.xml
----------------- Instantiating /home/travis/build/icyphy/ptII/ptolemy/actor/lib/test/auto/PublisherPort2.xml
4 ms. Memory: 1535488K Free: 1429339K (93%)
----------------- Invoking toplevel() on ptolemy.moml.MoMLSimpleApplication@427654bb
----------------- Done invoking toplevel() on ptolemy.moml.MoMLSimpleApplication@427654bb
reloadAllAccessors: .PublisherPort2

===========================================================================================
----------------- testing Tue Dec 11 02:58:00 UTC 2018 /home/travis/build/icyphy/ptII/ptolemy/actor/lib/test/auto/PublisherPort3.xml
----------------- Instantiating /home/travis/build/icyphy/ptII/ptolemy/actor/lib/test/auto/PublisherPort3.xml
2 ms. Memory: 1535488K Free: 1414993K (92%)
----------------- Invoking toplevel() on ptolemy.moml.MoMLSimpleApplication@2579f1dd
----------------- Done invoking toplevel() on ptolemy.moml.MoMLSimpleApplication@2579f1dd
reloadAllAccessors: .PublisherPort3

===========================================================================================
----------------- testing Tue Dec 11 02:58:00 UTC 2018 /home/travis/build/icyphy/ptII/ptolemy/actor/lib/test/auto/PublisherPort4.xml
----------------- Instantiating /home/travis/build/icyphy/ptII/ptolemy/actor/lib/test/auto/PublisherPort4.xml
2 ms. Memory: 1535488K Free: 1400647K (91%)
----------------- Invoking toplevel() on ptolemy.moml.MoMLSimpleApplication@2d3e4e8a
----------------- Done invoking toplevel() on ptolemy.moml.MoMLSimpleApplication@2d3e4e8a
reloadAllAccessors: .PublisherPort4

===========================================================================================
----------------- testing Tue Dec 11 02:58:00 UTC 2018 /home/travis/build/icyphy/ptII/ptolemy/actor/lib/test/auto/PublisherPort5.xml
----------------- Instantiating /home/travis/build/icyphy/ptII/ptolemy/actor/lib/test/auto/PublisherPort5.xml
3 ms. Memory: 1535488K Free: 1379650K (90%)
----------------- Invoking toplevel() on ptolemy.moml.MoMLSimpleApplication@7bdabd5b
----------------- Done invoking toplevel() on ptolemy.moml.MoMLSimpleApplication@7bdabd5b
reloadAllAccessors: .PublisherPort5

===========================================================================================
----------------- testing Tue Dec 11 02:58:00 UTC 2018 /home/travis/build/icyphy/ptII/ptolemy/actor/lib/test/auto/PublisherPort5LookAlike.xml
----------------- Instantiating /home/travis/build/icyphy/ptII/ptolemy/actor/lib/test/auto/PublisherPort5LookAlike.xml
3 ms. Memory: 1535488K Free: 1365178K (89%)
----------------- Invoking toplevel() on ptolemy.moml.MoMLSimpleApplication@6a813560
----------------- Done invoking toplevel() on ptolemy.moml.MoMLSimpleApplication@6a813560
reloadAllAccessors: .PublisherPort5LookAlike

===========================================================================================
----------------- testing Tue Dec 11 02:58:00 UTC 2018 /home/travis/build/icyphy/ptII/ptolemy/actor/lib/test/auto/PublisherPort6.xml
----------------- Instantiating /home/travis/build/icyphy/ptII/ptolemy/actor/lib/test/auto/PublisherPort6.xml
2 ms. Memory: 1535488K Free: 1350832K (88%)
----------------- Invoking toplevel() on ptolemy.moml.MoMLSimpleApplication@bb42bd6
----------------- Done invoking toplevel() on ptolemy.moml.MoMLSimpleApplication@bb42bd6
reloadAllAccessors: .PublisherPort6

===========================================================================================
----------------- testing Tue Dec 11 02:58:00 UTC 2018 /home/travis/build/icyphy/ptII/ptolemy/actor/lib/test/auto/PublisherPort7.xml
----------------- Instantiating /home/travis/build/icyphy/ptII/ptolemy/actor/lib/test/auto/PublisherPort7.xml
3 ms. Memory: 1535488K Free: 1329836K (87%)
----------------- Invoking toplevel() on ptolemy.moml.MoMLSimpleApplication@20874371
----------------- Done invoking toplevel() on ptolemy.moml.MoMLSimpleApplication@20874371
reloadAllAccessors: .PublisherPort7

===========================================================================================
----------------- testing Tue Dec 11 02:58:00 UTC 2018 /home/travis/build/icyphy/ptII/ptolemy/actor/lib/test/auto/PublisherPort8.xml
----------------- Instantiating /home/travis/build/icyphy/ptII/ptolemy/actor/lib/test/auto/PublisherPort8.xml
4 ms. Memory: 1535488K Free: 1315490K (86%)
----------------- Invoking toplevel() on ptolemy.moml.MoMLSimpleApplication@35223b0e
----------------- Done invoking toplevel() on ptolemy.moml.MoMLSimpleApplication@35223b0e
reloadAllAccessors: .PublisherPort8

===========================================================================================
----------------- testing Tue Dec 11 02:58:00 UTC 2018 /home/travis/build/icyphy/ptII/ptolemy/actor/lib/test/auto/PublisherPortSubscriberChannelVariablesAOC2.xml
----------------- Instantiating /home/travis/build/icyphy/ptII/ptolemy/actor/lib/test/auto/PublisherPortSubscriberChannelVariablesAOC2.xml
3 ms. Memory: 1535488K Free: 1286765K (84%)
----------------- Invoking toplevel() on ptolemy.moml.MoMLSimpleApplication@31da9e36
----------------- Done invoking toplevel() on ptolemy.moml.MoMLSimpleApplication@31da9e36
reloadAllAccessors: .PublisherPortSubscriberChannelVariablesAOC2

===========================================================================================
----------------- testing Tue Dec 11 02:58:00 UTC 2018 /home/travis/build/icyphy/ptII/ptolemy/actor/lib/test/auto/PublisherPortSubscriberOpaqueWidthInference.xml
----------------- Instantiating /home/travis/build/icyphy/ptII/ptolemy/actor/lib/test/auto/PublisherPortSubscriberOpaqueWidthInference.xml
3 ms. Memory: 1535488K Free: 1265769K (82%)
----------------- Invoking toplevel() on ptolemy.moml.MoMLSimpleApplication@79744ffb
----------------- Done invoking toplevel() on ptolemy.moml.MoMLSimpleApplication@79744ffb
reloadAllAccessors: .PublisherPortSubscriberOpaqueWidthInference

===========================================================================================
----------------- testing Tue Dec 11 02:58:00 UTC 2018 /home/travis/build/icyphy/ptII/ptolemy/actor/lib/test/auto/PublisherPortSubscriberPortAdjacent.xml
----------------- Instantiating /home/travis/build/icyphy/ptII/ptolemy/actor/lib/test/auto/PublisherPortSubscriberPortAdjacent.xml
2 ms. Memory: 1535488K Free: 1251423K (82%)
----------------- Invoking toplevel() on ptolemy.moml.MoMLSimpleApplication@204df0b
----------------- Done invoking toplevel() on ptolemy.moml.MoMLSimpleApplication@204df0b
reloadAllAccessors: .PublisherPortSubscriberPortAdjacent

===========================================================================================
----------------- testing Tue Dec 11 02:58:00 UTC 2018 /home/travis/build/icyphy/ptII/ptolemy/actor/lib/test/auto/PublisherPortSubscriberPortExpression.xml
----------------- Instantiating /home/travis/build/icyphy/ptII/ptolemy/actor/lib/test/auto/PublisherPortSubscriberPortExpression.xml
3 ms. Memory: 1535488K Free: 1230427K (80%)
----------------- Invoking toplevel() on ptolemy.moml.MoMLSimpleApplication@3274e585
----------------- Done invoking toplevel() on ptolemy.moml.MoMLSimpleApplication@3274e585
reloadAllAccessors: .PublisherPortSubscriberPortExpression

===========================================================================================
----------------- testing Tue Dec 11 02:58:01 UTC 2018 /home/travis/build/icyphy/ptII/ptolemy/actor/lib/test/auto/PublisherPortSubscriberPortOpaqueD3Reverse.xml
----------------- Instantiating /home/travis/build/icyphy/ptII/ptolemy/actor/lib/test/auto/PublisherPortSubscriberPortOpaqueD3Reverse.xml
4 ms. Memory: 1535488K Free: 1216081K (79%)
----------------- Invoking toplevel() on ptolemy.moml.MoMLSimpleApplication@2c085a11
----------------- Done invoking toplevel() on ptolemy.moml.MoMLSimpleApplication@2c085a11
reloadAllAccessors: .PublisherPortSubscriberPortOpaqueD3Reverse

===========================================================================================
----------------- testing Tue Dec 11 02:58:01 UTC 2018 /home/travis/build/icyphy/ptII/ptolemy/actor/lib/test/auto/PublisherPortSubscriberPortOpaqueWidthInference.xml
----------------- Instantiating /home/travis/build/icyphy/ptII/ptolemy/actor/lib/test/auto/PublisherPortSubscriberPortOpaqueWidthInference.xml
3 ms. Memory: 1535488K Free: 1201735K (78%)
----------------- Invoking toplevel() on ptolemy.moml.MoMLSimpleApplication@7333a663
----------------- Done invoking toplevel() on ptolemy.moml.MoMLSimpleApplication@7333a663
reloadAllAccessors: .PublisherPortSubscriberPortOpaqueWidthInference

===========================================================================================
----------------- testing Tue Dec 11 02:58:01 UTC 2018 /home/travis/build/icyphy/ptII/ptolemy/actor/lib/test/auto/PublisherPortToplevelSubscriberPortAOC.xml
----------------- Instantiating /home/travis/build/icyphy/ptII/ptolemy/actor/lib/test/auto/PublisherPortToplevelSubscriberPortAOC.xml
.PublisherPortToplevelSubscriberPortAOC.TestExceptionAttribute: initialize() was not invoked, but wrapup() was.  This is unusual, but not always a problem.  For example, exporting JNLP will do this.
1 ms. Memory: 1535488K Free: 1180739K (77%)
----------------- Invoking toplevel() on ptolemy.moml.MoMLSimpleApplication@1d996a5f
----------------- Done invoking toplevel() on ptolemy.moml.MoMLSimpleApplication@1d996a5f
reloadAllAccessors: .PublisherPortToplevelSubscriberPortAOC

===========================================================================================
----------------- testing Tue Dec 11 02:58:01 UTC 2018 /home/travis/build/icyphy/ptII/ptolemy/actor/lib/test/auto/PublisherSubscriber.xml
----------------- Instantiating /home/travis/build/icyphy/ptII/ptolemy/actor/lib/test/auto/PublisherSubscriber.xml
2 ms. Memory: 1535488K Free: 1166393K (76%)
----------------- Invoking toplevel() on ptolemy.moml.MoMLSimpleApplication@634419db
----------------- Done invoking toplevel() on ptolemy.moml.MoMLSimpleApplication@634419db
reloadAllAccessors: .PublisherSubscriber

===========================================================================================
----------------- testing Tue Dec 11 02:58:01 UTC 2018 /home/travis/build/icyphy/ptII/ptolemy/actor/lib/test/auto/PublisherSubscriber10.xml
----------------- Instantiating /home/travis/build/icyphy/ptII/ptolemy/actor/lib/test/auto/PublisherSubscriber10.xml
4 ms. Memory: 1535488K Free: 1152046K (75%)
----------------- Invoking toplevel() on ptolemy.moml.MoMLSimpleApplication@273fa097
----------------- Done invoking toplevel() on ptolemy.moml.MoMLSimpleApplication@273fa097
reloadAllAccessors: .PublisherSubscriber10

===========================================================================================
----------------- testing Tue Dec 11 02:58:01 UTC 2018 /home/travis/build/icyphy/ptII/ptolemy/actor/lib/test/auto/PublisherSubscriber10InitialOutputs.xml
----------------- Instantiating /home/travis/build/icyphy/ptII/ptolemy/actor/lib/test/auto/PublisherSubscriber10InitialOutputs.xml
5 ms. Memory: 1535488K Free: 1131051K (74%)
----------------- Invoking toplevel() on ptolemy.moml.MoMLSimpleApplication@5458726f
----------------- Done invoking toplevel() on ptolemy.moml.MoMLSimpleApplication@5458726f
reloadAllAccessors: .PublisherSubscriber10InitialOutputs

===========================================================================================
----------------- testing Tue Dec 11 02:58:01 UTC 2018 /home/travis/build/icyphy/ptII/ptolemy/actor/lib/test/auto/PublisherSubscriber11.xml
----------------- Instantiating /home/travis/build/icyphy/ptII/ptolemy/actor/lib/test/auto/PublisherSubscriber11.xml
3 ms. Memory: 1535488K Free: 1116705K (73%)
----------------- Invoking toplevel() on ptolemy.moml.MoMLSimpleApplication@7d758878
----------------- Done invoking toplevel() on ptolemy.moml.MoMLSimpleApplication@7d758878
reloadAllAccessors: .PublisherSubscriber11

===========================================================================================
----------------- testing Tue Dec 11 02:58:01 UTC 2018 /home/travis/build/icyphy/ptII/ptolemy/actor/lib/test/auto/PublisherSubscriber12.xml
----------------- Instantiating /home/travis/build/icyphy/ptII/ptolemy/actor/lib/test/auto/PublisherSubscriber12.xml
4 ms. Memory: 1535488K Free: 1102358K (72%)
----------------- Invoking toplevel() on ptolemy.moml.MoMLSimpleApplication@45abb0f
----------------- Done invoking toplevel() on ptolemy.moml.MoMLSimpleApplication@45abb0f
reloadAllAccessors: .PublisherSubscriber12

===========================================================================================
----------------- testing Tue Dec 11 02:58:01 UTC 2018 /home/travis/build/icyphy/ptII/ptolemy/actor/lib/test/auto/PublisherSubscriber13.xml
----------------- Instantiating /home/travis/build/icyphy/ptII/ptolemy/actor/lib/test/auto/PublisherSubscriber13.xml
2 ms. Memory: 1535488K Free: 1081363K (70%)
----------------- Invoking toplevel() on ptolemy.moml.MoMLSimpleApplication@2f88d8d3
----------------- Done invoking toplevel() on ptolemy.moml.MoMLSimpleApplication@2f88d8d3
reloadAllAccessors: .PublisherSubscriber13

===========================================================================================
----------------- testing Tue Dec 11 02:58:01 UTC 2018 /home/travis/build/icyphy/ptII/ptolemy/actor/lib/test/auto/PublisherSubscriber14.xml
----------------- Instantiating /home/travis/build/icyphy/ptII/ptolemy/actor/lib/test/auto/PublisherSubscriber14.xml
2 ms. Memory: 1535488K Free: 1067016K (69%)
----------------- Invoking toplevel() on ptolemy.moml.MoMLSimpleApplication@30f345a2
----------------- Done invoking toplevel() on ptolemy.moml.MoMLSimpleApplication@30f345a2
reloadAllAccessors: .PublisherSubscriber14

===========================================================================================
----------------- testing Tue Dec 11 02:58:01 UTC 2018 /home/travis/build/icyphy/ptII/ptolemy/actor/lib/test/auto/PublisherSubscriber2.xml
----------------- Instantiating /home/travis/build/icyphy/ptII/ptolemy/actor/lib/test/auto/PublisherSubscriber2.xml
3 ms. Memory: 1535488K Free: 1046021K (68%)
----------------- Invoking toplevel() on ptolemy.moml.MoMLSimpleApplication@2f18ac5
----------------- Done invoking toplevel() on ptolemy.moml.MoMLSimpleApplication@2f18ac5
reloadAllAccessors: .PublisherSubscriber2

===========================================================================================
----------------- testing Tue Dec 11 02:58:01 UTC 2018 /home/travis/build/icyphy/ptII/ptolemy/actor/lib/test/auto/PublisherSubscriber3.xml
----------------- Instantiating /home/travis/build/icyphy/ptII/ptolemy/actor/lib/test/auto/PublisherSubscriber3.xml
2 ms. Memory: 1535488K Free: 1031674K (67%)
----------------- Invoking toplevel() on ptolemy.moml.MoMLSimpleApplication@58127a8d
----------------- Done invoking toplevel() on ptolemy.moml.MoMLSimpleApplication@58127a8d
reloadAllAccessors: .PublisherSubscriber3

===========================================================================================
----------------- testing Tue Dec 11 02:58:01 UTC 2018 /home/travis/build/icyphy/ptII/ptolemy/actor/lib/test/auto/PublisherSubscriber4.xml
----------------- Instantiating /home/travis/build/icyphy/ptII/ptolemy/actor/lib/test/auto/PublisherSubscriber4.xml
2 ms. Memory: 1535488K Free: 1017328K (66%)
----------------- Invoking toplevel() on ptolemy.moml.MoMLSimpleApplication@3b2dad31
----------------- Done invoking toplevel() on ptolemy.moml.MoMLSimpleApplication@3b2dad31
reloadAllAccessors: .PublisherSubscriber4

===========================================================================================
----------------- testing Tue Dec 11 02:58:01 UTC 2018 /home/travis/build/icyphy/ptII/ptolemy/actor/lib/test/auto/PublisherSubscriber5.xml
----------------- Instantiating /home/travis/build/icyphy/ptII/ptolemy/actor/lib/test/auto/PublisherSubscriber5.xml
2 ms. Memory: 1535488K Free: 996332K (65%)
----------------- Invoking toplevel() on ptolemy.moml.MoMLSimpleApplication@5b509c1c
----------------- Done invoking toplevel() on ptolemy.moml.MoMLSimpleApplication@5b509c1c
reloadAllAccessors: .PublisherSubscriber5

===========================================================================================
----------------- testing Tue Dec 11 02:58:01 UTC 2018 /home/travis/build/icyphy/ptII/ptolemy/actor/lib/test/auto/PublisherSubscriber6.xml
----------------- Instantiating /home/travis/build/icyphy/ptII/ptolemy/actor/lib/test/auto/PublisherSubscriber6.xml
3 ms. Memory: 1535488K Free: 981986K (64%)
----------------- Invoking toplevel() on ptolemy.moml.MoMLSimpleApplication@e6a480c
----------------- Done invoking toplevel() on ptolemy.moml.MoMLSimpleApplication@e6a480c
reloadAllAccessors: .PublisherSubscriber6

===========================================================================================
----------------- testing Tue Dec 11 02:58:01 UTC 2018 /home/travis/build/icyphy/ptII/ptolemy/actor/lib/test/auto/PublisherSubscriber7.xml
----------------- Instantiating /home/travis/build/icyphy/ptII/ptolemy/actor/lib/test/auto/PublisherSubscriber7.xml
6 ms. Memory: 1535488K Free: 967640K (63%)
----------------- Invoking toplevel() on ptolemy.moml.MoMLSimpleApplication@55056e94
----------------- Done invoking toplevel() on ptolemy.moml.MoMLSimpleApplication@55056e94
reloadAllAccessors: .PublisherSubscriber7

===========================================================================================
----------------- testing Tue Dec 11 02:58:01 UTC 2018 /home/travis/build/icyphy/ptII/ptolemy/actor/lib/test/auto/PublisherSubscriber8.xml
----------------- Instantiating /home/travis/build/icyphy/ptII/ptolemy/actor/lib/test/auto/PublisherSubscriber8.xml
16 ms. Memory: 1535488K Free: 874912K (57%)
----------------- Invoking toplevel() on ptolemy.moml.MoMLSimpleApplication@4040b931
----------------- Done invoking toplevel() on ptolemy.moml.MoMLSimpleApplication@4040b931
reloadAllAccessors: .PublisherSubscriber8

===========================================================================================
----------------- testing Tue Dec 11 02:58:01 UTC 2018 /home/travis/build/icyphy/ptII/ptolemy/actor/lib/test/auto/PublisherSubscriber9.xml
----------------- Instantiating /home/travis/build/icyphy/ptII/ptolemy/actor/lib/test/auto/PublisherSubscriber9.xml
2 ms. Memory: 1535488K Free: 860566K (56%)
----------------- Invoking toplevel() on ptolemy.moml.MoMLSimpleApplication@15010a1f
----------------- Done invoking toplevel() on ptolemy.moml.MoMLSimpleApplication@15010a1f
reloadAllAccessors: .PublisherSubscriber9

===========================================================================================
----------------- testing Tue Dec 11 02:58:01 UTC 2018 /home/travis/build/icyphy/ptII/ptolemy/actor/lib/test/auto/PublisherSubscriberAdjacent.xml
----------------- Instantiating /home/travis/build/icyphy/ptII/ptolemy/actor/lib/test/auto/PublisherSubscriberAdjacent.xml
1 ms. Memory: 1535488K Free: 846220K (55%)
----------------- Invoking toplevel() on ptolemy.moml.MoMLSimpleApplication@8a09f8c
----------------- Done invoking toplevel() on ptolemy.moml.MoMLSimpleApplication@8a09f8c
reloadAllAccessors: .PublisherSubscriberAdjacent

===========================================================================================
----------------- testing Tue Dec 11 02:58:01 UTC 2018 /home/travis/build/icyphy/ptII/ptolemy/actor/lib/test/auto/PublisherSubscriberChannelVariablesAOC2.xml
----------------- Instantiating /home/travis/build/icyphy/ptII/ptolemy/actor/lib/test/auto/PublisherSubscriberChannelVariablesAOC2.xml
2 ms. Memory: 1535488K Free: 818051K (53%)
----------------- Invoking toplevel() on ptolemy.moml.MoMLSimpleApplication@377f5590
----------------- Done invoking toplevel() on ptolemy.moml.MoMLSimpleApplication@377f5590
reloadAllAccessors: .PublisherSubscriberChannelVariablesAOC2

===========================================================================================
----------------- testing Tue Dec 11 02:58:01 UTC 2018 /home/travis/build/icyphy/ptII/ptolemy/actor/lib/test/auto/PublisherSubscriberD3.xml
----------------- Instantiating /home/travis/build/icyphy/ptII/ptolemy/actor/lib/test/auto/PublisherSubscriberD3.xml
2 ms. Memory: 1535488K Free: 803704K (52%)
----------------- Invoking toplevel() on ptolemy.moml.MoMLSimpleApplication@544b18ca
----------------- Done invoking toplevel() on ptolemy.moml.MoMLSimpleApplication@544b18ca
reloadAllAccessors: .PublisherSubscriberD3

===========================================================================================
----------------- testing Tue Dec 11 02:58:01 UTC 2018 /home/travis/build/icyphy/ptII/ptolemy/actor/lib/test/auto/PublisherSubscriberD3Reverse.xml
----------------- Instantiating /home/travis/build/icyphy/ptII/ptolemy/actor/lib/test/auto/PublisherSubscriberD3Reverse.xml
2 ms. Memory: 1535488K Free: 782709K (51%)
----------------- Invoking toplevel() on ptolemy.moml.MoMLSimpleApplication@41a47a04
----------------- Done invoking toplevel() on ptolemy.moml.MoMLSimpleApplication@41a47a04
reloadAllAccessors: .PublisherSubscriberD3Reverse

===========================================================================================
----------------- testing Tue Dec 11 02:58:01 UTC 2018 /home/travis/build/icyphy/ptII/ptolemy/actor/lib/test/auto/PublisherSubscriberExpression.xml
----------------- Instantiating /home/travis/build/icyphy/ptII/ptolemy/actor/lib/test/auto/PublisherSubscriberExpression.xml
3 ms. Memory: 1535488K Free: 768362K (50%)
----------------- Invoking toplevel() on ptolemy.moml.MoMLSimpleApplication@5072aca0
----------------- Done invoking toplevel() on ptolemy.moml.MoMLSimpleApplication@5072aca0
reloadAllAccessors: .PublisherSubscriberExpression

===========================================================================================
----------------- testing Tue Dec 11 02:58:01 UTC 2018 /home/travis/build/icyphy/ptII/ptolemy/actor/lib/test/auto/PublisherSubscriberOpaque.xml
----------------- Instantiating /home/travis/build/icyphy/ptII/ptolemy/actor/lib/test/auto/PublisherSubscriberOpaque.xml
3 ms. Memory: 1535488K Free: 754016K (49%)
----------------- Invoking toplevel() on ptolemy.moml.MoMLSimpleApplication@40bf7ca5
----------------- Done invoking toplevel() on ptolemy.moml.MoMLSimpleApplication@40bf7ca5
reloadAllAccessors: .PublisherSubscriberOpaque

===========================================================================================
----------------- testing Tue Dec 11 02:58:01 UTC 2018 /home/travis/build/icyphy/ptII/ptolemy/actor/lib/test/auto/PublisherSubscriberOpaqueD3.xml
----------------- Instantiating /home/travis/build/icyphy/ptII/ptolemy/actor/lib/test/auto/PublisherSubscriberOpaqueD3.xml
5 ms. Memory: 1535488K Free: 725831K (47%)
----------------- Invoking toplevel() on ptolemy.moml.MoMLSimpleApplication@76d8a926
----------------- Done invoking toplevel() on ptolemy.moml.MoMLSimpleApplication@76d8a926
reloadAllAccessors: .PublisherSubscriberOpaqueD3

===========================================================================================
----------------- testing Tue Dec 11 02:58:01 UTC 2018 /home/travis/build/icyphy/ptII/ptolemy/actor/lib/test/auto/PublisherSubscriberOpaqueD3Reverse.xml
----------------- Instantiating /home/travis/build/icyphy/ptII/ptolemy/actor/lib/test/auto/PublisherSubscriberOpaqueD3Reverse.xml
6 ms. Memory: 1535488K Free: 711485K (46%)
----------------- Invoking toplevel() on ptolemy.moml.MoMLSimpleApplication@39152aad
----------------- Done invoking toplevel() on ptolemy.moml.MoMLSimpleApplication@39152aad
reloadAllAccessors: .PublisherSubscriberOpaqueD3Reverse

===========================================================================================
----------------- testing Tue Dec 11 02:58:01 UTC 2018 /home/travis/build/icyphy/ptII/ptolemy/actor/lib/test/auto/PublisherSubscriberOpaqueWidthInference.xml
----------------- Instantiating /home/travis/build/icyphy/ptII/ptolemy/actor/lib/test/auto/PublisherSubscriberOpaqueWidthInference.xml
3 ms. Memory: 1535488K Free: 697139K (45%)
----------------- Invoking toplevel() on ptolemy.moml.MoMLSimpleApplication@37ae60e8
----------------- Done invoking toplevel() on ptolemy.moml.MoMLSimpleApplication@37ae60e8
reloadAllAccessors: .PublisherSubscriberOpaqueWidthInference

===========================================================================================
----------------- testing Tue Dec 11 02:58:01 UTC 2018 /home/travis/build/icyphy/ptII/ptolemy/actor/lib/test/auto/PublisherTestSubscriber.xml
----------------- Instantiating /home/travis/build/icyphy/ptII/ptolemy/actor/lib/test/auto/PublisherTestSubscriber.xml
3 ms. Memory: 1535488K Free: 676143K (44%)
----------------- Invoking toplevel() on ptolemy.moml.MoMLSimpleApplication@7f7af302
----------------- Done invoking toplevel() on ptolemy.moml.MoMLSimpleApplication@7f7af302
reloadAllAccessors: .PublisherTestSubscriber

===========================================================================================
----------------- testing Tue Dec 11 02:58:01 UTC 2018 /home/travis/build/icyphy/ptII/ptolemy/actor/lib/test/auto/PublisherToplevelSubscriberPortAOC.xml
----------------- Instantiating /home/travis/build/icyphy/ptII/ptolemy/actor/lib/test/auto/PublisherToplevelSubscriberPortAOC.xml
2 ms. Memory: 1535488K Free: 661797K (43%)
----------------- Invoking toplevel() on ptolemy.moml.MoMLSimpleApplication@fbae6a9
----------------- Done invoking toplevel() on ptolemy.moml.MoMLSimpleApplication@fbae6a9
reloadAllAccessors: .PublisherToplevelSubscriberPortAOC

===========================================================================================
----------------- testing Tue Dec 11 02:58:01 UTC 2018 /home/travis/build/icyphy/ptII/ptolemy/actor/lib/test/auto/PulseFiringLimitDE.xml
----------------- Instantiating /home/travis/build/icyphy/ptII/ptolemy/actor/lib/test/auto/PulseFiringLimitDE.xml
2 ms. Memory: 1535488K Free: 640801K (42%)
----------------- Invoking toplevel() on ptolemy.moml.MoMLSimpleApplication@350f6df4
----------------- Done invoking toplevel() on ptolemy.moml.MoMLSimpleApplication@350f6df4
reloadAllAccessors: .PulseFiringLimitDE

===========================================================================================
----------------- testing Tue Dec 11 02:58:01 UTC 2018 /home/travis/build/icyphy/ptII/ptolemy/actor/lib/test/auto/Ramp1.xml
----------------- Instantiating /home/travis/build/icyphy/ptII/ptolemy/actor/lib/test/auto/Ramp1.xml
1 ms. Memory: 1535488K Free: 626455K (41%)
----------------- Invoking toplevel() on ptolemy.moml.MoMLSimpleApplication@7697e66a
----------------- Done invoking toplevel() on ptolemy.moml.MoMLSimpleApplication@7697e66a
reloadAllAccessors: .Ramp1

===========================================================================================
----------------- testing Tue Dec 11 02:58:01 UTC 2018 /home/travis/build/icyphy/ptII/ptolemy/actor/lib/test/auto/RampFiringLimitDE.xml
----------------- Instantiating /home/travis/build/icyphy/ptII/ptolemy/actor/lib/test/auto/RampFiringLimitDE.xml
1 ms. Memory: 1535488K Free: 612108K (40%)
----------------- Invoking toplevel() on ptolemy.moml.MoMLSimpleApplication@726888ce
----------------- Done invoking toplevel() on ptolemy.moml.MoMLSimpleApplication@726888ce
reloadAllAccessors: .RampFiringLimitDE

===========================================================================================
----------------- testing Tue Dec 11 02:58:01 UTC 2018 /home/travis/build/icyphy/ptII/ptolemy/actor/lib/test/auto/RampFiringLimitSDF.xml
----------------- Instantiating /home/travis/build/icyphy/ptII/ptolemy/actor/lib/test/auto/RampFiringLimitSDF.xml
1 ms. Memory: 1535488K Free: 591113K (38%)
----------------- Invoking toplevel() on ptolemy.moml.MoMLSimpleApplication@2baac2a9
----------------- Done invoking toplevel() on ptolemy.moml.MoMLSimpleApplication@2baac2a9
reloadAllAccessors: .RampFiringLimitSDF

===========================================================================================
----------------- testing Tue Dec 11 02:58:01 UTC 2018 /home/travis/build/icyphy/ptII/ptolemy/actor/lib/test/auto/RandomInteger.xml
----------------- Instantiating /home/travis/build/icyphy/ptII/ptolemy/actor/lib/test/auto/RandomInteger.xml
1 ms. Memory: 1535488K Free: 576766K (38%)
----------------- Invoking toplevel() on ptolemy.moml.MoMLSimpleApplication@2bc3f093
----------------- Done invoking toplevel() on ptolemy.moml.MoMLSimpleApplication@2bc3f093
reloadAllAccessors: .RandomInteger

===========================================================================================
----------------- testing Tue Dec 11 02:58:01 UTC 2018 /home/travis/build/icyphy/ptII/ptolemy/actor/lib/test/auto/ReadFile1.xml
----------------- Instantiating /home/travis/build/icyphy/ptII/ptolemy/actor/lib/test/auto/ReadFile1.xml
2 ms. Memory: 1535488K Free: 562420K (37%)
----------------- Invoking toplevel() on ptolemy.moml.MoMLSimpleApplication@3ba26032
----------------- Done invoking toplevel() on ptolemy.moml.MoMLSimpleApplication@3ba26032
reloadAllAccessors: .ReadFile1

===========================================================================================
----------------- testing Tue Dec 11 02:58:01 UTC 2018 /home/travis/build/icyphy/ptII/ptolemy/actor/lib/test/auto/ReadFile2.xml
----------------- Instantiating /home/travis/build/icyphy/ptII/ptolemy/actor/lib/test/auto/ReadFile2.xml
1 ms. Memory: 1535488K Free: 541424K (35%)
----------------- Invoking toplevel() on ptolemy.moml.MoMLSimpleApplication@3293412f
----------------- Done invoking toplevel() on ptolemy.moml.MoMLSimpleApplication@3293412f
reloadAllAccessors: .ReadFile2

===========================================================================================
----------------- testing Tue Dec 11 02:58:01 UTC 2018 /home/travis/build/icyphy/ptII/ptolemy/actor/lib/test/auto/Reader.xml
----------------- Instantiating /home/travis/build/icyphy/ptII/ptolemy/actor/lib/test/auto/Reader.xml
actor.lib.Reader is obsolete, use actor.lib.io.ExpressionReader instead
1 ms. Memory: 1535488K Free: 527078K (34%)
----------------- Invoking toplevel() on ptolemy.moml.MoMLSimpleApplication@720682ff
----------------- Done invoking toplevel() on ptolemy.moml.MoMLSimpleApplication@720682ff
reloadAllAccessors: .Reader

===========================================================================================
----------------- testing Tue Dec 11 02:58:01 UTC 2018 /home/travis/build/icyphy/ptII/ptolemy/actor/lib/test/auto/RecordAssemblerDisplayNameTest.xml
----------------- Instantiating /home/travis/build/icyphy/ptII/ptolemy/actor/lib/test/auto/RecordAssemblerDisplayNameTest.xml
2976 ms. Memory: 1570816K Free: 715587K (46%)
----------------- Invoking toplevel() on ptolemy.moml.MoMLSimpleApplication@388a47bb
----------------- Done invoking toplevel() on ptolemy.moml.MoMLSimpleApplication@388a47bb
reloadAllAccessors: .RecordAssemblerDisplayNameTest

===========================================================================================
----------------- testing Tue Dec 11 02:58:04 UTC 2018 /home/travis/build/icyphy/ptII/ptolemy/actor/lib/test/auto/RecordAssemblerTypeError.xml
----------------- Instantiating /home/travis/build/icyphy/ptII/ptolemy/actor/lib/test/auto/RecordAssemblerTypeError.xml
4 ms. Memory: 1570816K Free: 684946K (44%)
----------------- Invoking toplevel() on ptolemy.moml.MoMLSimpleApplication@7cf09c15
----------------- Done invoking toplevel() on ptolemy.moml.MoMLSimpleApplication@7cf09c15
reloadAllAccessors: .RecordAssemblerTypeError

===========================================================================================
----------------- testing Tue Dec 11 02:58:04 UTC 2018 /home/travis/build/icyphy/ptII/ptolemy/actor/lib/test/auto/RecordDisassember.xml
----------------- Instantiating /home/travis/build/icyphy/ptII/ptolemy/actor/lib/test/auto/RecordDisassember.xml
3 ms. Memory: 1570816K Free: 670343K (43%)
----------------- Invoking toplevel() on ptolemy.moml.MoMLSimpleApplication@31be0dd
----------------- Done invoking toplevel() on ptolemy.moml.MoMLSimpleApplication@31be0dd
reloadAllAccessors: .RecordDisassember

===========================================================================================
----------------- testing Tue Dec 11 02:58:04 UTC 2018 /home/travis/build/icyphy/ptII/ptolemy/actor/lib/test/auto/RecordDisassemberDisplayNameTest.xml
----------------- Instantiating /home/travis/build/icyphy/ptII/ptolemy/actor/lib/test/auto/RecordDisassemberDisplayNameTest.xml
4 ms. Memory: 1570816K Free: 650592K (41%)
----------------- Invoking toplevel() on ptolemy.moml.MoMLSimpleApplication@6ab70fcc
----------------- Done invoking toplevel() on ptolemy.moml.MoMLSimpleApplication@6ab70fcc
reloadAllAccessors: .RecordDisassemberDisplayNameTest

===========================================================================================
----------------- testing Tue Dec 11 02:58:04 UTC 2018 /home/travis/build/icyphy/ptII/ptolemy/actor/lib/test/auto/RecordDisassembler.xml
----------------- Instantiating /home/travis/build/icyphy/ptII/ptolemy/actor/lib/test/auto/RecordDisassembler.xml
2 ms. Memory: 1570816K Free: 636072K (40%)
----------------- Invoking toplevel() on ptolemy.moml.MoMLSimpleApplication@66936f95
----------------- Done invoking toplevel() on ptolemy.moml.MoMLSimpleApplication@66936f95
reloadAllAccessors: .RecordDisassembler

===========================================================================================
----------------- testing Tue Dec 11 02:58:04 UTC 2018 /home/travis/build/icyphy/ptII/ptolemy/actor/lib/test/auto/RecordDisassembler2.xml
----------------- Instantiating /home/travis/build/icyphy/ptII/ptolemy/actor/lib/test/auto/RecordDisassembler2.xml
3 ms. Memory: 1570816K Free: 616321K (39%)
----------------- Invoking toplevel() on ptolemy.moml.MoMLSimpleApplication@36682f3
----------------- Done invoking toplevel() on ptolemy.moml.MoMLSimpleApplication@36682f3
reloadAllAccessors: .RecordDisassembler2

===========================================================================================
----------------- testing Tue Dec 11 02:58:04 UTC 2018 /home/travis/build/icyphy/ptII/ptolemy/actor/lib/test/auto/RecordUpdater.xml
----------------- Instantiating /home/travis/build/icyphy/ptII/ptolemy/actor/lib/test/auto/RecordUpdater.xml
1 ms. Memory: 1570816K Free: 601801K (38%)
----------------- Invoking toplevel() on ptolemy.moml.MoMLSimpleApplication@52b50a45
----------------- Done invoking toplevel() on ptolemy.moml.MoMLSimpleApplication@52b50a45
reloadAllAccessors: .RecordUpdater

===========================================================================================
----------------- testing Tue Dec 11 02:58:04 UTC 2018 /home/travis/build/icyphy/ptII/ptolemy/actor/lib/test/auto/RecordUpdater2.xml
----------------- Instantiating /home/travis/build/icyphy/ptII/ptolemy/actor/lib/test/auto/RecordUpdater2.xml
2 ms. Memory: 1570816K Free: 582050K (37%)
----------------- Invoking toplevel() on ptolemy.moml.MoMLSimpleApplication@579e164a
----------------- Done invoking toplevel() on ptolemy.moml.MoMLSimpleApplication@579e164a
reloadAllAccessors: .RecordUpdater2

===========================================================================================
----------------- testing Tue Dec 11 02:58:04 UTC 2018 /home/travis/build/icyphy/ptII/ptolemy/actor/lib/test/auto/RecursiveLattice.xml
----------------- Instantiating /home/travis/build/icyphy/ptII/ptolemy/actor/lib/test/auto/RecursiveLattice.xml
1 ms. Memory: 1570816K Free: 567529K (36%)
----------------- Invoking toplevel() on ptolemy.moml.MoMLSimpleApplication@22e9a3fb
----------------- Done invoking toplevel() on ptolemy.moml.MoMLSimpleApplication@22e9a3fb
reloadAllAccessors: .RecursiveLattice

===========================================================================================
----------------- testing Tue Dec 11 02:58:04 UTC 2018 /home/travis/build/icyphy/ptII/ptolemy/actor/lib/test/auto/Router.xml
----------------- Instantiating /home/travis/build/icyphy/ptII/ptolemy/actor/lib/test/auto/Router.xml
3004 ms. Memory: 1570816K Free: 547778K (35%)
----------------- Invoking toplevel() on ptolemy.moml.MoMLSimpleApplication@2c74cc6e
----------------- Done invoking toplevel() on ptolemy.moml.MoMLSimpleApplication@2c74cc6e
reloadAllAccessors: .Router

===========================================================================================
----------------- testing Tue Dec 11 02:58:07 UTC 2018 /home/travis/build/icyphy/ptII/ptolemy/actor/lib/test/auto/Router2.xml
----------------- Instantiating /home/travis/build/icyphy/ptII/ptolemy/actor/lib/test/auto/Router2.xml
3003 ms. Memory: 1570816K Free: 533258K (34%)
----------------- Invoking toplevel() on ptolemy.moml.MoMLSimpleApplication@27abc5c
----------------- Done invoking toplevel() on ptolemy.moml.MoMLSimpleApplication@27abc5c
reloadAllAccessors: .Router2

===========================================================================================
----------------- testing Tue Dec 11 02:58:10 UTC 2018 /home/travis/build/icyphy/ptII/ptolemy/actor/lib/test/auto/RunningMaximum.xml
----------------- Instantiating /home/travis/build/icyphy/ptII/ptolemy/actor/lib/test/auto/RunningMaximum.xml
1 ms. Memory: 1570816K Free: 513507K (33%)
----------------- Invoking toplevel() on ptolemy.moml.MoMLSimpleApplication@32ead4c5
----------------- Done invoking toplevel() on ptolemy.moml.MoMLSimpleApplication@32ead4c5
reloadAllAccessors: .RunningMaximum

===========================================================================================
----------------- testing Tue Dec 11 02:58:10 UTC 2018 /home/travis/build/icyphy/ptII/ptolemy/actor/lib/test/auto/RunningMinimum.xml
----------------- Instantiating /home/travis/build/icyphy/ptII/ptolemy/actor/lib/test/auto/RunningMinimum.xml
1 ms. Memory: 1570816K Free: 498987K (32%)
----------------- Invoking toplevel() on ptolemy.moml.MoMLSimpleApplication@569c5583
----------------- Done invoking toplevel() on ptolemy.moml.MoMLSimpleApplication@569c5583
reloadAllAccessors: .RunningMinimum

===========================================================================================
----------------- testing Tue Dec 11 02:58:10 UTC 2018 /home/travis/build/icyphy/ptII/ptolemy/actor/lib/test/auto/Scale.xml
----------------- Instantiating /home/travis/build/icyphy/ptII/ptolemy/actor/lib/test/auto/Scale.xml
1 ms. Memory: 1570816K Free: 479236K (31%)
----------------- Invoking toplevel() on ptolemy.moml.MoMLSimpleApplication@999e5d1
----------------- Done invoking toplevel() on ptolemy.moml.MoMLSimpleApplication@999e5d1
reloadAllAccessors: .Scale

===========================================================================================
----------------- testing Tue Dec 11 02:58:10 UTC 2018 /home/travis/build/icyphy/ptII/ptolemy/actor/lib/test/auto/Scale2.xml
----------------- Instantiating /home/travis/build/icyphy/ptII/ptolemy/actor/lib/test/auto/Scale2.xml
1 ms. Memory: 1570816K Free: 464716K (30%)
----------------- Invoking toplevel() on ptolemy.moml.MoMLSimpleApplication@62335f5
----------------- Done invoking toplevel() on ptolemy.moml.MoMLSimpleApplication@62335f5
reloadAllAccessors: .Scale2

===========================================================================================
----------------- testing Tue Dec 11 02:58:10 UTC 2018 /home/travis/build/icyphy/ptII/ptolemy/actor/lib/test/auto/Scale3.xml
----------------- Instantiating /home/travis/build/icyphy/ptII/ptolemy/actor/lib/test/auto/Scale3.xml
3 ms. Memory: 1570816K Free: 444965K (28%)
----------------- Invoking toplevel() on ptolemy.moml.MoMLSimpleApplication@5f171417
----------------- Done invoking toplevel() on ptolemy.moml.MoMLSimpleApplication@5f171417
reloadAllAccessors: .Scale3

===========================================================================================
----------------- testing Tue Dec 11 02:58:11 UTC 2018 /home/travis/build/icyphy/ptII/ptolemy/actor/lib/test/auto/ScaleArray.xml
----------------- Instantiating /home/travis/build/icyphy/ptII/ptolemy/actor/lib/test/auto/ScaleArray.xml
2 ms. Memory: 1570816K Free: 430445K (27%)
----------------- Invoking toplevel() on ptolemy.moml.MoMLSimpleApplication@26cd3216
----------------- Done invoking toplevel() on ptolemy.moml.MoMLSimpleApplication@26cd3216
reloadAllAccessors: .ScaleArray

===========================================================================================
----------------- testing Tue Dec 11 02:58:11 UTC 2018 /home/travis/build/icyphy/ptII/ptolemy/actor/lib/test/auto/ScaleArray2.xml
----------------- Instantiating /home/travis/build/icyphy/ptII/ptolemy/actor/lib/test/auto/ScaleArray2.xml
2 ms. Memory: 1570816K Free: 410694K (26%)
----------------- Invoking toplevel() on ptolemy.moml.MoMLSimpleApplication@94472e0
----------------- Done invoking toplevel() on ptolemy.moml.MoMLSimpleApplication@94472e0
reloadAllAccessors: .ScaleArray2

===========================================================================================
----------------- testing Tue Dec 11 02:58:11 UTC 2018 /home/travis/build/icyphy/ptII/ptolemy/actor/lib/test/auto/ScaleMatrix.xml
----------------- Instantiating /home/travis/build/icyphy/ptII/ptolemy/actor/lib/test/auto/ScaleMatrix.xml
139 ms. Memory: 1570816K Free: 388914K (25%)
----------------- Invoking toplevel() on ptolemy.moml.MoMLSimpleApplication@6dfaf6c9
----------------- Done invoking toplevel() on ptolemy.moml.MoMLSimpleApplication@6dfaf6c9
reloadAllAccessors: .ScaleMatrix

===========================================================================================
----------------- testing Tue Dec 11 02:58:11 UTC 2018 /home/travis/build/icyphy/ptII/ptolemy/actor/lib/test/auto/Select.xml
----------------- Instantiating /home/travis/build/icyphy/ptII/ptolemy/actor/lib/test/auto/Select.xml
8 ms. Memory: 1570816K Free: 374393K (24%)
----------------- Invoking toplevel() on ptolemy.moml.MoMLSimpleApplication@31a43e7f
----------------- Done invoking toplevel() on ptolemy.moml.MoMLSimpleApplication@31a43e7f
reloadAllAccessors: .Select

===========================================================================================
----------------- testing Tue Dec 11 02:58:11 UTC 2018 /home/travis/build/icyphy/ptII/ptolemy/actor/lib/test/auto/Select2.xml
----------------- Instantiating /home/travis/build/icyphy/ptII/ptolemy/actor/lib/test/auto/Select2.xml
1 ms. Memory: 1570816K Free: 354643K (23%)
----------------- Invoking toplevel() on ptolemy.moml.MoMLSimpleApplication@6bb9329b
----------------- Done invoking toplevel() on ptolemy.moml.MoMLSimpleApplication@6bb9329b
reloadAllAccessors: .Select2

===========================================================================================
----------------- testing Tue Dec 11 02:58:11 UTC 2018 /home/travis/build/icyphy/ptII/ptolemy/actor/lib/test/auto/SequenceToArray2.xml
----------------- Instantiating /home/travis/build/icyphy/ptII/ptolemy/actor/lib/test/auto/SequenceToArray2.xml
99 ms. Memory: 1570816K Free: 267512K (17%)
----------------- Invoking toplevel() on ptolemy.moml.MoMLSimpleApplication@4708d205
----------------- Done invoking toplevel() on ptolemy.moml.MoMLSimpleApplication@4708d205
reloadAllAccessors: .SequenceToArray2

===========================================================================================
----------------- testing Tue Dec 11 02:58:11 UTC 2018 /home/travis/build/icyphy/ptII/ptolemy/actor/lib/test/auto/SequentialClock.xml
----------------- Instantiating /home/travis/build/icyphy/ptII/ptolemy/actor/lib/test/auto/SequentialClock.xml
1 ms. Memory: 1570816K Free: 247761K (16%)
----------------- Invoking toplevel() on ptolemy.moml.MoMLSimpleApplication@408972b2
----------------- Done invoking toplevel() on ptolemy.moml.MoMLSimpleApplication@408972b2
reloadAllAccessors: .SequentialClock

===========================================================================================
----------------- testing Tue Dec 11 02:58:11 UTC 2018 /home/travis/build/icyphy/ptII/ptolemy/actor/lib/test/auto/SetVariable.xml
----------------- Instantiating /home/travis/build/icyphy/ptII/ptolemy/actor/lib/test/auto/SetVariable.xml
2 ms. Memory: 1570816K Free: 233241K (15%)
----------------- Invoking toplevel() on ptolemy.moml.MoMLSimpleApplication@6054a4a5
----------------- Done invoking toplevel() on ptolemy.moml.MoMLSimpleApplication@6054a4a5
reloadAllAccessors: .SetVariable

===========================================================================================
----------------- testing Tue Dec 11 02:58:11 UTC 2018 /home/travis/build/icyphy/ptII/ptolemy/actor/lib/test/auto/SetVariable2.xml
----------------- Instantiating /home/travis/build/icyphy/ptII/ptolemy/actor/lib/test/auto/SetVariable2.xml
3 ms. Memory: 1570816K Free: 213490K (14%)
----------------- Invoking toplevel() on ptolemy.moml.MoMLSimpleApplication@654bc2e2
----------------- Done invoking toplevel() on ptolemy.moml.MoMLSimpleApplication@654bc2e2
reloadAllAccessors: .SetVariable2

===========================================================================================
----------------- testing Tue Dec 11 02:58:11 UTC 2018 /home/travis/build/icyphy/ptII/ptolemy/actor/lib/test/auto/SetVariable3.xml
----------------- Instantiating /home/travis/build/icyphy/ptII/ptolemy/actor/lib/test/auto/SetVariable3.xml
12 ms. Memory: 1570816K Free: 198970K (13%)
----------------- Invoking toplevel() on ptolemy.moml.MoMLSimpleApplication@6c47296e
----------------- Done invoking toplevel() on ptolemy.moml.MoMLSimpleApplication@6c47296e
reloadAllAccessors: .SetVariable3

===========================================================================================
----------------- testing Tue Dec 11 02:58:11 UTC 2018 /home/travis/build/icyphy/ptII/ptolemy/actor/lib/test/auto/SetVariable4.xml
----------------- Instantiating /home/travis/build/icyphy/ptII/ptolemy/actor/lib/test/auto/SetVariable4.xml
14 ms. Memory: 1570816K Free: 128398K (8%)
----------------- Invoking toplevel() on ptolemy.moml.MoMLSimpleApplication@7e9cf2ce
----------------- Done invoking toplevel() on ptolemy.moml.MoMLSimpleApplication@7e9cf2ce
reloadAllAccessors: .SetVariable4

===========================================================================================
----------------- testing Tue Dec 11 02:58:11 UTC 2018 /home/travis/build/icyphy/ptII/ptolemy/actor/lib/test/auto/SetVariable5.xml
----------------- Instantiating /home/travis/build/icyphy/ptII/ptolemy/actor/lib/test/auto/SetVariable5.xml
14 ms. Memory: 1570816K Free: 113878K (7%)
----------------- Invoking toplevel() on ptolemy.moml.MoMLSimpleApplication@ec9109a
----------------- Done invoking toplevel() on ptolemy.moml.MoMLSimpleApplication@ec9109a
reloadAllAccessors: .SetVariable5

===========================================================================================
----------------- testing Tue Dec 11 02:58:11 UTC 2018 /home/travis/build/icyphy/ptII/ptolemy/actor/lib/test/auto/Sinewave.xml
----------------- Instantiating /home/travis/build/icyphy/ptII/ptolemy/actor/lib/test/auto/Sinewave.xml
5 ms. Memory: 1570816K Free: 86859K (6%)
----------------- Invoking toplevel() on ptolemy.moml.MoMLSimpleApplication@663ffaf0
----------------- Done invoking toplevel() on ptolemy.moml.MoMLSimpleApplication@663ffaf0
reloadAllAccessors: .Sinewave

===========================================================================================
----------------- testing Tue Dec 11 02:58:11 UTC 2018 /home/travis/build/icyphy/ptII/ptolemy/actor/lib/test/auto/Sinewave2.xml
----------------- Instantiating /home/travis/build/icyphy/ptII/ptolemy/actor/lib/test/auto/Sinewave2.xml
19 ms. Memory: 1705984K Free: 1657772K (97%)
----------------- Invoking toplevel() on ptolemy.moml.MoMLSimpleApplication@32b5a1b9
----------------- Done invoking toplevel() on ptolemy.moml.MoMLSimpleApplication@32b5a1b9
reloadAllAccessors: .Sinewave2

===========================================================================================
----------------- testing Tue Dec 11 02:58:11 UTC 2018 /home/travis/build/icyphy/ptII/ptolemy/actor/lib/test/auto/Sinewave3.xml
----------------- Instantiating /home/travis/build/icyphy/ptII/ptolemy/actor/lib/test/auto/Sinewave3.xml
7 ms. Memory: 1705984K Free: 1633397K (96%)
----------------- Invoking toplevel() on ptolemy.moml.MoMLSimpleApplication@66502830
----------------- Done invoking toplevel() on ptolemy.moml.MoMLSimpleApplication@66502830
reloadAllAccessors: .Sinewave3

===========================================================================================
----------------- testing Tue Dec 11 02:58:11 UTC 2018 /home/travis/build/icyphy/ptII/ptolemy/actor/lib/test/auto/SingleEvent.xml
----------------- Instantiating /home/travis/build/icyphy/ptII/ptolemy/actor/lib/test/auto/SingleEvent.xml
1 ms. Memory: 1705984K Free: 1613031K (95%)
----------------- Invoking toplevel() on ptolemy.moml.MoMLSimpleApplication@27bd6969
----------------- Done invoking toplevel() on ptolemy.moml.MoMLSimpleApplication@27bd6969
reloadAllAccessors: .SingleEvent

===========================================================================================
----------------- testing Tue Dec 11 02:58:11 UTC 2018 /home/travis/build/icyphy/ptII/ptolemy/actor/lib/test/auto/Sleep.xml
----------------- Instantiating /home/travis/build/icyphy/ptII/ptolemy/actor/lib/test/auto/Sleep.xml
6003 ms. Memory: 1705984K Free: 1596996K (94%)
----------------- Invoking toplevel() on ptolemy.moml.MoMLSimpleApplication@1f039608
----------------- Done invoking toplevel() on ptolemy.moml.MoMLSimpleApplication@1f039608
reloadAllAccessors: .Sleep

===========================================================================================
----------------- testing Tue Dec 11 02:58:17 UTC 2018 /home/travis/build/icyphy/ptII/ptolemy/actor/lib/test/auto/SleepMultipleFire.xml
----------------- Instantiating /home/travis/build/icyphy/ptII/ptolemy/actor/lib/test/auto/SleepMultipleFire.xml
1005 ms. Memory: 1705984K Free: 1576629K (92%)
----------------- Invoking toplevel() on ptolemy.moml.MoMLSimpleApplication@1643b589
----------------- Done invoking toplevel() on ptolemy.moml.MoMLSimpleApplication@1643b589
reloadAllAccessors: .SleepMultipleFire

===========================================================================================
----------------- testing Tue Dec 11 02:58:18 UTC 2018 /home/travis/build/icyphy/ptII/ptolemy/actor/lib/test/auto/StopDE.xml
----------------- Instantiating /home/travis/build/icyphy/ptII/ptolemy/actor/lib/test/auto/StopDE.xml
2 ms. Memory: 1705984K Free: 1560593K (91%)
----------------- Invoking toplevel() on ptolemy.moml.MoMLSimpleApplication@7666a5b
----------------- Done invoking toplevel() on ptolemy.moml.MoMLSimpleApplication@7666a5b
reloadAllAccessors: .StopDE

===========================================================================================
----------------- testing Tue Dec 11 02:58:18 UTC 2018 /home/travis/build/icyphy/ptII/ptolemy/actor/lib/test/auto/StopSDF.xml
----------------- Instantiating /home/travis/build/icyphy/ptII/ptolemy/actor/lib/test/auto/StopSDF.xml
2 ms. Memory: 1705984K Free: 1540228K (90%)
----------------- Invoking toplevel() on ptolemy.moml.MoMLSimpleApplication@754d9492
----------------- Done invoking toplevel() on ptolemy.moml.MoMLSimpleApplication@754d9492
reloadAllAccessors: .StopSDF

===========================================================================================
----------------- testing Tue Dec 11 02:58:18 UTC 2018 /home/travis/build/icyphy/ptII/ptolemy/actor/lib/test/auto/StringConstant.xml
----------------- Instantiating /home/travis/build/icyphy/ptII/ptolemy/actor/lib/test/auto/StringConstant.xml
1 ms. Memory: 1705984K Free: 1519861K (89%)
----------------- Invoking toplevel() on ptolemy.moml.MoMLSimpleApplication@22758b69
----------------- Done invoking toplevel() on ptolemy.moml.MoMLSimpleApplication@22758b69
reloadAllAccessors: .StringConstant

===========================================================================================
----------------- testing Tue Dec 11 02:58:18 UTC 2018 /home/travis/build/icyphy/ptII/ptolemy/actor/lib/test/auto/SubscriberPortInitialValues1.xml
----------------- Instantiating /home/travis/build/icyphy/ptII/ptolemy/actor/lib/test/auto/SubscriberPortInitialValues1.xml
4 ms. Memory: 1705984K Free: 1503826K (88%)
----------------- Invoking toplevel() on ptolemy.moml.MoMLSimpleApplication@1ebfaa8f
----------------- Done invoking toplevel() on ptolemy.moml.MoMLSimpleApplication@1ebfaa8f
reloadAllAccessors: .SubscriberPortInitialValues1

===========================================================================================
----------------- testing Tue Dec 11 02:58:18 UTC 2018 /home/travis/build/icyphy/ptII/ptolemy/actor/lib/test/auto/SubscriberPortInitialValues13.xml
----------------- Instantiating /home/travis/build/icyphy/ptII/ptolemy/actor/lib/test/auto/SubscriberPortInitialValues13.xml
4 ms. Memory: 1705984K Free: 1475441K (86%)
----------------- Invoking toplevel() on ptolemy.moml.MoMLSimpleApplication@4b09c46f
----------------- Done invoking toplevel() on ptolemy.moml.MoMLSimpleApplication@4b09c46f
reloadAllAccessors: .SubscriberPortInitialValues13

===========================================================================================
----------------- testing Tue Dec 11 02:58:18 UTC 2018 /home/travis/build/icyphy/ptII/ptolemy/actor/lib/test/auto/SubscriberPortInitialValues14.xml
----------------- Instantiating /home/travis/build/icyphy/ptII/ptolemy/actor/lib/test/auto/SubscriberPortInitialValues14.xml
4 ms. Memory: 1705984K Free: 1459405K (86%)
----------------- Invoking toplevel() on ptolemy.moml.MoMLSimpleApplication@14c12e90
----------------- Done invoking toplevel() on ptolemy.moml.MoMLSimpleApplication@14c12e90
reloadAllAccessors: .SubscriberPortInitialValues14

===========================================================================================
----------------- testing Tue Dec 11 02:58:18 UTC 2018 /home/travis/build/icyphy/ptII/ptolemy/actor/lib/test/auto/SubscriberPortInitialValues2.xml
----------------- Instantiating /home/travis/build/icyphy/ptII/ptolemy/actor/lib/test/auto/SubscriberPortInitialValues2.xml
3 ms. Memory: 1705984K Free: 1439039K (84%)
----------------- Invoking toplevel() on ptolemy.moml.MoMLSimpleApplication@7669000d
----------------- Done invoking toplevel() on ptolemy.moml.MoMLSimpleApplication@7669000d
reloadAllAccessors: .SubscriberPortInitialValues2

===========================================================================================
----------------- testing Tue Dec 11 02:58:18 UTC 2018 /home/travis/build/icyphy/ptII/ptolemy/actor/lib/test/auto/SubscriberPortInitialValues3.xml
----------------- Instantiating /home/travis/build/icyphy/ptII/ptolemy/actor/lib/test/auto/SubscriberPortInitialValues3.xml
4 ms. Memory: 1705984K Free: 1423004K (83%)
----------------- Invoking toplevel() on ptolemy.moml.MoMLSimpleApplication@2283d896
----------------- Done invoking toplevel() on ptolemy.moml.MoMLSimpleApplication@2283d896
reloadAllAccessors: .SubscriberPortInitialValues3

===========================================================================================
----------------- testing Tue Dec 11 02:58:18 UTC 2018 /home/travis/build/icyphy/ptII/ptolemy/actor/lib/test/auto/SubscriptionAggregator.xml
----------------- Instantiating /home/travis/build/icyphy/ptII/ptolemy/actor/lib/test/auto/SubscriptionAggregator.xml
3 ms. Memory: 1705984K Free: 1402637K (82%)
----------------- Invoking toplevel() on ptolemy.moml.MoMLSimpleApplication@42725468
----------------- Done invoking toplevel() on ptolemy.moml.MoMLSimpleApplication@42725468
reloadAllAccessors: .SubscriptionAggregator

===========================================================================================
----------------- testing Tue Dec 11 02:58:18 UTC 2018 /home/travis/build/icyphy/ptII/ptolemy/actor/lib/test/auto/SubscriptionAggregator2.xml
----------------- Instantiating /home/travis/build/icyphy/ptII/ptolemy/actor/lib/test/auto/SubscriptionAggregator2.xml
2 ms. Memory: 1705984K Free: 1382271K (81%)
----------------- Invoking toplevel() on ptolemy.moml.MoMLSimpleApplication@21e11930
----------------- Done invoking toplevel() on ptolemy.moml.MoMLSimpleApplication@21e11930
reloadAllAccessors: .SubscriptionAggregator2

===========================================================================================
----------------- testing Tue Dec 11 02:58:18 UTC 2018 /home/travis/build/icyphy/ptII/ptolemy/actor/lib/test/auto/SubscriptionAggregator3.xml
----------------- Instantiating /home/travis/build/icyphy/ptII/ptolemy/actor/lib/test/auto/SubscriptionAggregator3.xml
2 ms. Memory: 1705984K Free: 1366235K (80%)
----------------- Invoking toplevel() on ptolemy.moml.MoMLSimpleApplication@656cb854
----------------- Done invoking toplevel() on ptolemy.moml.MoMLSimpleApplication@656cb854
reloadAllAccessors: .SubscriptionAggregator3

===========================================================================================
----------------- testing Tue Dec 11 02:58:18 UTC 2018 /home/travis/build/icyphy/ptII/ptolemy/actor/lib/test/auto/SubscriptionAggregatorMultiply.xml
----------------- Instantiating /home/travis/build/icyphy/ptII/ptolemy/actor/lib/test/auto/SubscriptionAggregatorMultiply.xml
3 ms. Memory: 1705984K Free: 1345869K (79%)
----------------- Invoking toplevel() on ptolemy.moml.MoMLSimpleApplication@1e03cba2
----------------- Done invoking toplevel() on ptolemy.moml.MoMLSimpleApplication@1e03cba2
reloadAllAccessors: .SubscriptionAggregatorMultiply

===========================================================================================
----------------- testing Tue Dec 11 02:58:18 UTC 2018 /home/travis/build/icyphy/ptII/ptolemy/actor/lib/test/auto/SubscriptionAggregatorPortMultiply1.xml
----------------- Instantiating /home/travis/build/icyphy/ptII/ptolemy/actor/lib/test/auto/SubscriptionAggregatorPortMultiply1.xml
3 ms. Memory: 1705984K Free: 1329833K (78%)
----------------- Invoking toplevel() on ptolemy.moml.MoMLSimpleApplication@1c765bf
----------------- Done invoking toplevel() on ptolemy.moml.MoMLSimpleApplication@1c765bf
reloadAllAccessors: .SubscriptionAggregatorPortMultiply1

===========================================================================================
----------------- testing Tue Dec 11 02:58:18 UTC 2018 /home/travis/build/icyphy/ptII/ptolemy/actor/lib/test/auto/Switch.xml
----------------- Instantiating /home/travis/build/icyphy/ptII/ptolemy/actor/lib/test/auto/Switch.xml
3 ms. Memory: 1705984K Free: 1261360K (74%)
----------------- Invoking toplevel() on ptolemy.moml.MoMLSimpleApplication@5c1bdc22
----------------- Done invoking toplevel() on ptolemy.moml.MoMLSimpleApplication@5c1bdc22
reloadAllAccessors: .Switch

===========================================================================================
----------------- testing Tue Dec 11 02:58:18 UTC 2018 /home/travis/build/icyphy/ptII/ptolemy/actor/lib/test/auto/Switch2.xml
----------------- Instantiating /home/travis/build/icyphy/ptII/ptolemy/actor/lib/test/auto/Switch2.xml
1 ms. Memory: 1705984K Free: 1240934K (73%)
----------------- Invoking toplevel() on ptolemy.moml.MoMLSimpleApplication@35c12af3
----------------- Done invoking toplevel() on ptolemy.moml.MoMLSimpleApplication@35c12af3
reloadAllAccessors: .Switch2

===========================================================================================
----------------- testing Tue Dec 11 02:58:19 UTC 2018 /home/travis/build/icyphy/ptII/ptolemy/actor/lib/test/auto/SwitchDE.xml
----------------- Instantiating /home/travis/build/icyphy/ptII/ptolemy/actor/lib/test/auto/SwitchDE.xml
2 ms. Memory: 1705984K Free: 1224898K (72%)
----------------- Invoking toplevel() on ptolemy.moml.MoMLSimpleApplication@3b6c2712
----------------- Done invoking toplevel() on ptolemy.moml.MoMLSimpleApplication@3b6c2712
reloadAllAccessors: .SwitchDE

===========================================================================================
----------------- testing Tue Dec 11 02:58:19 UTC 2018 /home/travis/build/icyphy/ptII/ptolemy/actor/lib/test/auto/SynchronizerDE.xml
----------------- Instantiating /home/travis/build/icyphy/ptII/ptolemy/actor/lib/test/auto/SynchronizerDE.xml
8 ms. Memory: 1705984K Free: 1204532K (71%)
----------------- Invoking toplevel() on ptolemy.moml.MoMLSimpleApplication@24824caa
----------------- Done invoking toplevel() on ptolemy.moml.MoMLSimpleApplication@24824caa
reloadAllAccessors: .SynchronizerDE

===========================================================================================
----------------- testing Tue Dec 11 02:58:19 UTC 2018 /home/travis/build/icyphy/ptII/ptolemy/actor/lib/test/auto/Test.xml
----------------- Instantiating /home/travis/build/icyphy/ptII/ptolemy/actor/lib/test/auto/Test.xml
5 ms. Memory: 1705984K Free: 1188496K (70%)
----------------- Invoking toplevel() on ptolemy.moml.MoMLSimpleApplication@b4ecbd5
----------------- Done invoking toplevel() on ptolemy.moml.MoMLSimpleApplication@b4ecbd5
reloadAllAccessors: .Test

===========================================================================================
----------------- testing Tue Dec 11 02:58:19 UTC 2018 /home/travis/build/icyphy/ptII/ptolemy/actor/lib/test/auto/TestExceptionAttribute1.xml
----------------- Instantiating /home/travis/build/icyphy/ptII/ptolemy/actor/lib/test/auto/TestExceptionAttribute1.xml
1 ms. Memory: 1705984K Free: 1168130K (68%)
----------------- Invoking toplevel() on ptolemy.moml.MoMLSimpleApplication@39752953
----------------- Done invoking toplevel() on ptolemy.moml.MoMLSimpleApplication@39752953
reloadAllAccessors: .TestExceptionAttribute1

===========================================================================================
----------------- testing Tue Dec 11 02:58:19 UTC 2018 /home/travis/build/icyphy/ptII/ptolemy/actor/lib/test/auto/TestExceptionAttribute2.xml
----------------- Instantiating /home/travis/build/icyphy/ptII/ptolemy/actor/lib/test/auto/TestExceptionAttribute2.xml
1 ms. Memory: 1705984K Free: 1152094K (68%)
----------------- Invoking toplevel() on ptolemy.moml.MoMLSimpleApplication@4171da32
----------------- Done invoking toplevel() on ptolemy.moml.MoMLSimpleApplication@4171da32
reloadAllAccessors: .TestExceptionAttribute2

===========================================================================================
----------------- testing Tue Dec 11 02:58:19 UTC 2018 /home/travis/build/icyphy/ptII/ptolemy/actor/lib/test/auto/TestExceptionAttribute3.xml
----------------- Instantiating /home/travis/build/icyphy/ptII/ptolemy/actor/lib/test/auto/TestExceptionAttribute3.xml
.TestExceptionAttribute3.TestExceptionAttribute: initialize() was not invoked, but wrapup() was.  This is unusual, but not always a problem.  For example, exporting JNLP will do this.
0 ms. Memory: 1705984K Free: 1131728K (66%)
----------------- Invoking toplevel() on ptolemy.moml.MoMLSimpleApplication@4e2f5055
----------------- Done invoking toplevel() on ptolemy.moml.MoMLSimpleApplication@4e2f5055
reloadAllAccessors: .TestExceptionAttribute3

===========================================================================================
----------------- testing Tue Dec 11 02:58:19 UTC 2018 /home/travis/build/icyphy/ptII/ptolemy/actor/lib/test/auto/TestExceptionAttribute4.xml
----------------- Instantiating /home/travis/build/icyphy/ptII/ptolemy/actor/lib/test/auto/TestExceptionAttribute4.xml
.TestExceptionAttribute4.TestExceptionAttribute: initialize() was not invoked, but wrapup() was.  This is unusual, but not always a problem.  For example, exporting JNLP will do this.
.TestExceptionAttribute4.TestExceptionAttribute2: initialize() was not invoked, but wrapup() was.  This is unusual, but not always a problem.  For example, exporting JNLP will do this.
1 ms. Memory: 1705984K Free: 1111362K (65%)
----------------- Invoking toplevel() on ptolemy.moml.MoMLSimpleApplication@b3a1cdf
----------------- Done invoking toplevel() on ptolemy.moml.MoMLSimpleApplication@b3a1cdf
reloadAllAccessors: .TestExceptionAttribute4

===========================================================================================
----------------- testing Tue Dec 11 02:58:19 UTC 2018 /home/travis/build/icyphy/ptII/ptolemy/actor/lib/test/auto/TestExceptionHandler1.xml
----------------- Instantiating /home/travis/build/icyphy/ptII/ptolemy/actor/lib/test/auto/TestExceptionHandler1.xml
1 ms. Memory: 1705984K Free: 1095326K (64%)
----------------- Invoking toplevel() on ptolemy.moml.MoMLSimpleApplication@5c6429b
----------------- Done invoking toplevel() on ptolemy.moml.MoMLSimpleApplication@5c6429b
reloadAllAccessors: .TestExceptionHandler1

===========================================================================================
----------------- testing Tue Dec 11 02:58:19 UTC 2018 /home/travis/build/icyphy/ptII/ptolemy/actor/lib/test/auto/TestExceptionHandler2.xml
----------------- Instantiating /home/travis/build/icyphy/ptII/ptolemy/actor/lib/test/auto/TestExceptionHandler2.xml
1 ms. Memory: 1705984K Free: 1074960K (63%)
----------------- Invoking toplevel() on ptolemy.moml.MoMLSimpleApplication@1acea2fd
----------------- Done invoking toplevel() on ptolemy.moml.MoMLSimpleApplication@1acea2fd
reloadAllAccessors: .TestExceptionHandler2

===========================================================================================
----------------- testing Tue Dec 11 02:58:19 UTC 2018 /home/travis/build/icyphy/ptII/ptolemy/actor/lib/test/auto/TestExceptionHandler3.xml
----------------- Instantiating /home/travis/build/icyphy/ptII/ptolemy/actor/lib/test/auto/TestExceptionHandler3.xml
0 ms. Memory: 1705984K Free: 1058924K (62%)
----------------- Invoking toplevel() on ptolemy.moml.MoMLSimpleApplication@6cc3c522
----------------- Done invoking toplevel() on ptolemy.moml.MoMLSimpleApplication@6cc3c522
reloadAllAccessors: .TestExceptionHandler3

===========================================================================================
----------------- testing Tue Dec 11 02:58:19 UTC 2018 /home/travis/build/icyphy/ptII/ptolemy/actor/lib/test/auto/TestExceptionHandler4.xml
----------------- Instantiating /home/travis/build/icyphy/ptII/ptolemy/actor/lib/test/auto/TestExceptionHandler4.xml
1 ms. Memory: 1705984K Free: 1038558K (61%)
----------------- Invoking toplevel() on ptolemy.moml.MoMLSimpleApplication@4bf1a89
----------------- Done invoking toplevel() on ptolemy.moml.MoMLSimpleApplication@4bf1a89
reloadAllAccessors: .TestExceptionHandler4

===========================================================================================
----------------- testing Tue Dec 11 02:58:19 UTC 2018 /home/travis/build/icyphy/ptII/ptolemy/actor/lib/test/auto/TestRequireCorrectOrder.xml
----------------- Instantiating /home/travis/build/icyphy/ptII/ptolemy/actor/lib/test/auto/TestRequireCorrectOrder.xml
6 ms. Memory: 1705984K Free: 1018192K (60%)
----------------- Invoking toplevel() on ptolemy.moml.MoMLSimpleApplication@372bf301
----------------- Done invoking toplevel() on ptolemy.moml.MoMLSimpleApplication@372bf301
reloadAllAccessors: .TestRequireCorrectOrder

===========================================================================================
----------------- testing Tue Dec 11 02:58:19 UTC 2018 /home/travis/build/icyphy/ptII/ptolemy/actor/lib/test/auto/TestSimple.xml
----------------- Instantiating /home/travis/build/icyphy/ptII/ptolemy/actor/lib/test/auto/TestSimple.xml
1 ms. Memory: 1705984K Free: 1002156K (59%)
----------------- Invoking toplevel() on ptolemy.moml.MoMLSimpleApplication@202e1bd8
----------------- Done invoking toplevel() on ptolemy.moml.MoMLSimpleApplication@202e1bd8
reloadAllAccessors: .TestSimple

===========================================================================================
----------------- testing Tue Dec 11 02:58:19 UTC 2018 /home/travis/build/icyphy/ptII/ptolemy/actor/lib/test/auto/ThrowModelError.xml
----------------- Instantiating /home/travis/build/icyphy/ptII/ptolemy/actor/lib/test/auto/ThrowModelError.xml
2 ms. Memory: 1705984K Free: 981790K (58%)
----------------- Invoking toplevel() on ptolemy.moml.MoMLSimpleApplication@6bae6526
----------------- Done invoking toplevel() on ptolemy.moml.MoMLSimpleApplication@6bae6526
reloadAllAccessors: .ThrowModelError

===========================================================================================
----------------- testing Tue Dec 11 02:58:19 UTC 2018 /home/travis/build/icyphy/ptII/ptolemy/actor/lib/test/auto/TimeDelayMicrosteps.xml
----------------- Instantiating /home/travis/build/icyphy/ptII/ptolemy/actor/lib/test/auto/TimeDelayMicrosteps.xml
2 ms. Memory: 1705984K Free: 965754K (57%)
----------------- Invoking toplevel() on ptolemy.moml.MoMLSimpleApplication@591ddba7
----------------- Done invoking toplevel() on ptolemy.moml.MoMLSimpleApplication@591ddba7
reloadAllAccessors: .TimeDelayMicrosteps

===========================================================================================
----------------- testing Tue Dec 11 02:58:19 UTC 2018 /home/travis/build/icyphy/ptII/ptolemy/actor/lib/test/auto/TimeDelayMicrosteps2.xml
----------------- Instantiating /home/travis/build/icyphy/ptII/ptolemy/actor/lib/test/auto/TimeDelayMicrosteps2.xml
2 ms. Memory: 1705984K Free: 945388K (55%)
----------------- Invoking toplevel() on ptolemy.moml.MoMLSimpleApplication@25264b98
----------------- Done invoking toplevel() on ptolemy.moml.MoMLSimpleApplication@25264b98
reloadAllAccessors: .TimeDelayMicrosteps2

===========================================================================================
----------------- testing Tue Dec 11 02:58:19 UTC 2018 /home/travis/build/icyphy/ptII/ptolemy/actor/lib/test/auto/TimeDelayMicrosteps3.xml
----------------- Instantiating /home/travis/build/icyphy/ptII/ptolemy/actor/lib/test/auto/TimeDelayMicrosteps3.xml
2 ms. Memory: 1705984K Free: 929352K (54%)
----------------- Invoking toplevel() on ptolemy.moml.MoMLSimpleApplication@861b6ba
----------------- Done invoking toplevel() on ptolemy.moml.MoMLSimpleApplication@861b6ba
reloadAllAccessors: .TimeDelayMicrosteps3

===========================================================================================
----------------- testing Tue Dec 11 02:58:19 UTC 2018 /home/travis/build/icyphy/ptII/ptolemy/actor/lib/test/auto/TimeDelayVariableMicrosteps.xml
----------------- Instantiating /home/travis/build/icyphy/ptII/ptolemy/actor/lib/test/auto/TimeDelayVariableMicrosteps.xml
3 ms. Memory: 1705984K Free: 908986K (53%)
----------------- Invoking toplevel() on ptolemy.moml.MoMLSimpleApplication@33f0c888
----------------- Done invoking toplevel() on ptolemy.moml.MoMLSimpleApplication@33f0c888
reloadAllAccessors: .TimeDelayVariableMicrosteps

===========================================================================================
----------------- testing Tue Dec 11 02:58:19 UTC 2018 /home/travis/build/icyphy/ptII/ptolemy/actor/lib/test/auto/TimeGap.xml
----------------- Instantiating /home/travis/build/icyphy/ptII/ptolemy/actor/lib/test/auto/TimeGap.xml
12 ms. Memory: 1705984K Free: 888620K (52%)
----------------- Invoking toplevel() on ptolemy.moml.MoMLSimpleApplication@19a807b3
----------------- Done invoking toplevel() on ptolemy.moml.MoMLSimpleApplication@19a807b3
reloadAllAccessors: .TimeGap

===========================================================================================
----------------- testing Tue Dec 11 02:58:19 UTC 2018 /home/travis/build/icyphy/ptII/ptolemy/actor/lib/test/auto/TimeGap2.xml
----------------- Instantiating /home/travis/build/icyphy/ptII/ptolemy/actor/lib/test/auto/TimeGap2.xml
2 ms. Memory: 1705984K Free: 872584K (51%)
----------------- Invoking toplevel() on ptolemy.moml.MoMLSimpleApplication@73db1904
----------------- Done invoking toplevel() on ptolemy.moml.MoMLSimpleApplication@73db1904
reloadAllAccessors: .TimeGap2

===========================================================================================
----------------- testing Tue Dec 11 02:58:19 UTC 2018 /home/travis/build/icyphy/ptII/ptolemy/actor/lib/test/auto/TimedSinewave.xml
----------------- Instantiating /home/travis/build/icyphy/ptII/ptolemy/actor/lib/test/auto/TimedSinewave.xml
27 ms. Memory: 1705984K Free: 844200K (49%)
----------------- Invoking toplevel() on ptolemy.moml.MoMLSimpleApplication@6677fa25
----------------- Done invoking toplevel() on ptolemy.moml.MoMLSimpleApplication@6677fa25
reloadAllAccessors: .TimedSinewave

===========================================================================================
----------------- testing Tue Dec 11 02:58:19 UTC 2018 /home/travis/build/icyphy/ptII/ptolemy/actor/lib/test/auto/TimedSinewavePhase.xml
----------------- Instantiating /home/travis/build/icyphy/ptII/ptolemy/actor/lib/test/auto/TimedSinewavePhase.xml
9 ms. Memory: 1705984K Free: 828164K (49%)
----------------- Invoking toplevel() on ptolemy.moml.MoMLSimpleApplication@7bd01644
----------------- Done invoking toplevel() on ptolemy.moml.MoMLSimpleApplication@7bd01644
reloadAllAccessors: .TimedSinewavePhase

===========================================================================================
----------------- testing Tue Dec 11 02:58:19 UTC 2018 /home/travis/build/icyphy/ptII/ptolemy/actor/lib/test/auto/Timer.xml
----------------- Instantiating /home/travis/build/icyphy/ptII/ptolemy/actor/lib/test/auto/Timer.xml
5 ms. Memory: 1705984K Free: 807798K (47%)
----------------- Invoking toplevel() on ptolemy.moml.MoMLSimpleApplication@11c44d9b
----------------- Done invoking toplevel() on ptolemy.moml.MoMLSimpleApplication@11c44d9b
reloadAllAccessors: .Timer

===========================================================================================
----------------- testing Tue Dec 11 02:58:19 UTC 2018 /home/travis/build/icyphy/ptII/ptolemy/actor/lib/test/auto/TriangularDistTestModel.xml
----------------- Instantiating /home/travis/build/icyphy/ptII/ptolemy/actor/lib/test/auto/TriangularDistTestModel.xml
2 ms. Memory: 1705984K Free: 791762K (46%)
----------------- Invoking toplevel() on ptolemy.moml.MoMLSimpleApplication@212988de
----------------- Done invoking toplevel() on ptolemy.moml.MoMLSimpleApplication@212988de
reloadAllAccessors: .TriangularDistTestModel

===========================================================================================
----------------- testing Tue Dec 11 02:58:19 UTC 2018 /home/travis/build/icyphy/ptII/ptolemy/actor/lib/test/auto/TrigFunction.xml
----------------- Instantiating /home/travis/build/icyphy/ptII/ptolemy/actor/lib/test/auto/TrigFunction.xml
1 ms. Memory: 1705984K Free: 771396K (45%)
----------------- Invoking toplevel() on ptolemy.moml.MoMLSimpleApplication@55fb6658
----------------- Done invoking toplevel() on ptolemy.moml.MoMLSimpleApplication@55fb6658
reloadAllAccessors: .TrigFunction

===========================================================================================
----------------- testing Tue Dec 11 02:58:19 UTC 2018 /home/travis/build/icyphy/ptII/ptolemy/actor/lib/test/auto/TrigFunctionDE.xml
----------------- Instantiating /home/travis/build/icyphy/ptII/ptolemy/actor/lib/test/auto/TrigFunctionDE.xml
2 ms. Memory: 1705984K Free: 751030K (44%)
----------------- Invoking toplevel() on ptolemy.moml.MoMLSimpleApplication@18cb2be8
----------------- Done invoking toplevel() on ptolemy.moml.MoMLSimpleApplication@18cb2be8
reloadAllAccessors: .TrigFunctionDE

===========================================================================================
----------------- testing Tue Dec 11 02:58:19 UTC 2018 /home/travis/build/icyphy/ptII/ptolemy/actor/lib/test/auto/TrigFunctionInverse.xml
----------------- Instantiating /home/travis/build/icyphy/ptII/ptolemy/actor/lib/test/auto/TrigFunctionInverse.xml
1 ms. Memory: 1705984K Free: 734994K (43%)
----------------- Invoking toplevel() on ptolemy.moml.MoMLSimpleApplication@1ef1ecaa
----------------- Done invoking toplevel() on ptolemy.moml.MoMLSimpleApplication@1ef1ecaa
reloadAllAccessors: .TrigFunctionInverse

===========================================================================================
----------------- testing Tue Dec 11 02:58:19 UTC 2018 /home/travis/build/icyphy/ptII/ptolemy/actor/lib/test/auto/TrigFunctionTan.xml
----------------- Instantiating /home/travis/build/icyphy/ptII/ptolemy/actor/lib/test/auto/TrigFunctionTan.xml
1 ms. Memory: 1705984K Free: 714628K (42%)
----------------- Invoking toplevel() on ptolemy.moml.MoMLSimpleApplication@5443203c
----------------- Done invoking toplevel() on ptolemy.moml.MoMLSimpleApplication@5443203c
reloadAllAccessors: .TrigFunctionTan

===========================================================================================
----------------- testing Tue Dec 11 02:58:19 UTC 2018 /home/travis/build/icyphy/ptII/ptolemy/actor/lib/test/auto/TriggeredClock.xml
----------------- Instantiating /home/travis/build/icyphy/ptII/ptolemy/actor/lib/test/auto/TriggeredClock.xml
3 ms. Memory: 1705984K Free: 698592K (41%)
----------------- Invoking toplevel() on ptolemy.moml.MoMLSimpleApplication@218fdbae
----------------- Done invoking toplevel() on ptolemy.moml.MoMLSimpleApplication@218fdbae
reloadAllAccessors: .TriggeredClock

===========================================================================================
----------------- testing Tue Dec 11 02:58:19 UTC 2018 /home/travis/build/icyphy/ptII/ptolemy/actor/lib/test/auto/URLDirectoryReader.xml
----------------- Instantiating /home/travis/build/icyphy/ptII/ptolemy/actor/lib/test/auto/URLDirectoryReader.xml
35 ms. Memory: 1705984K Free: 678226K (40%)
----------------- Invoking toplevel() on ptolemy.moml.MoMLSimpleApplication@44e6fc11
----------------- Done invoking toplevel() on ptolemy.moml.MoMLSimpleApplication@44e6fc11
reloadAllAccessors: .URLDirectoryReader

===========================================================================================
----------------- testing Tue Dec 11 02:58:19 UTC 2018 /home/travis/build/icyphy/ptII/ptolemy/actor/lib/test/auto/URLDirectoryReader3.xml
----------------- Instantiating /home/travis/build/icyphy/ptII/ptolemy/actor/lib/test/auto/URLDirectoryReader3.xml
1240 ms. Memory: 1705984K Free: 617771K (36%)
----------------- Invoking toplevel() on ptolemy.moml.MoMLSimpleApplication@24feb646
----------------- Done invoking toplevel() on ptolemy.moml.MoMLSimpleApplication@24feb646
reloadAllAccessors: .URLDirectoryReader3

===========================================================================================
----------------- testing Tue Dec 11 02:58:21 UTC 2018 /home/travis/build/icyphy/ptII/ptolemy/actor/lib/test/auto/UnaryMathFunction.xml
----------------- Instantiating /home/travis/build/icyphy/ptII/ptolemy/actor/lib/test/auto/UnaryMathFunction.xml
2 ms. Memory: 1705984K Free: 601735K (35%)
----------------- Invoking toplevel() on ptolemy.moml.MoMLSimpleApplication@45aeb694
----------------- Done invoking toplevel() on ptolemy.moml.MoMLSimpleApplication@45aeb694
reloadAllAccessors: .UnaryMathFunction

===========================================================================================
----------------- testing Tue Dec 11 02:58:21 UTC 2018 /home/travis/build/icyphy/ptII/ptolemy/actor/lib/test/auto/Uniform.xml
----------------- Instantiating /home/travis/build/icyphy/ptII/ptolemy/actor/lib/test/auto/Uniform.xml
10 ms. Memory: 1705984K Free: 581368K (34%)
----------------- Invoking toplevel() on ptolemy.moml.MoMLSimpleApplication@561a6a0b
----------------- Done invoking toplevel() on ptolemy.moml.MoMLSimpleApplication@561a6a0b
reloadAllAccessors: .Uniform

===========================================================================================
----------------- testing Tue Dec 11 02:58:21 UTC 2018 /home/travis/build/icyphy/ptII/ptolemy/actor/lib/test/auto/UnionDisassemblerTest.xml
----------------- Instantiating /home/travis/build/icyphy/ptII/ptolemy/actor/lib/test/auto/UnionDisassemblerTest.xml
16 ms. Memory: 1705984K Free: 565333K (33%)
----------------- Invoking toplevel() on ptolemy.moml.MoMLSimpleApplication@4c8bdc0b
----------------- Done invoking toplevel() on ptolemy.moml.MoMLSimpleApplication@4c8bdc0b
reloadAllAccessors: .UnionDisassemblerTest

===========================================================================================
----------------- testing Tue Dec 11 02:58:21 UTC 2018 /home/travis/build/icyphy/ptII/ptolemy/actor/lib/test/auto/UtilityFunctions.xml
----------------- Instantiating /home/travis/build/icyphy/ptII/ptolemy/actor/lib/test/auto/UtilityFunctions.xml
5 ms. Memory: 1705984K Free: 544967K (32%)
----------------- Invoking toplevel() on ptolemy.moml.MoMLSimpleApplication@3d0edd21
----------------- Done invoking toplevel() on ptolemy.moml.MoMLSimpleApplication@3d0edd21
reloadAllAccessors: .UtilityFunctions

===========================================================================================
----------------- testing Tue Dec 11 02:58:21 UTC 2018 /home/travis/build/icyphy/ptII/ptolemy/actor/lib/test/auto/VariableSleep.xml
----------------- Instantiating /home/travis/build/icyphy/ptII/ptolemy/actor/lib/test/auto/VariableSleep.xml
511 ms. Memory: 1705984K Free: 528931K (31%)
----------------- Invoking toplevel() on ptolemy.moml.MoMLSimpleApplication@254c937b
----------------- Done invoking toplevel() on ptolemy.moml.MoMLSimpleApplication@254c937b
reloadAllAccessors: .VariableSleep

===========================================================================================
----------------- testing Tue Dec 11 02:58:21 UTC 2018 /home/travis/build/icyphy/ptII/ptolemy/actor/lib/test/auto/VectorAssemblerDisassemblerCT.xml
----------------- Instantiating /home/travis/build/icyphy/ptII/ptolemy/actor/lib/test/auto/VectorAssemblerDisassemblerCT.xml
71 ms. Memory: 1705984K Free: 492513K (29%)
----------------- Invoking toplevel() on ptolemy.moml.MoMLSimpleApplication@58c8d2e0
----------------- Done invoking toplevel() on ptolemy.moml.MoMLSimpleApplication@58c8d2e0
reloadAllAccessors: .VectorAssemblerDisassemblerCT

===========================================================================================
----------------- testing Tue Dec 11 02:58:21 UTC 2018 /home/travis/build/icyphy/ptII/ptolemy/actor/lib/test/auto/VectorAssemblerDisassemblerDE.xml
----------------- Instantiating /home/travis/build/icyphy/ptII/ptolemy/actor/lib/test/auto/VectorAssemblerDisassemblerDE.xml
2 ms. Memory: 1705984K Free: 472147K (28%)
----------------- Invoking toplevel() on ptolemy.moml.MoMLSimpleApplication@53baa735
----------------- Done invoking toplevel() on ptolemy.moml.MoMLSimpleApplication@53baa735
reloadAllAccessors: .VectorAssemblerDisassemblerDE

===========================================================================================
----------------- testing Tue Dec 11 02:58:21 UTC 2018 /home/travis/build/icyphy/ptII/ptolemy/actor/lib/test/auto/VectorAssemblerDisassemblerSDF.xml
----------------- Instantiating /home/travis/build/icyphy/ptII/ptolemy/actor/lib/test/auto/VectorAssemblerDisassemblerSDF.xml
4 ms. Memory: 1705984K Free: 456111K (27%)
----------------- Invoking toplevel() on ptolemy.moml.MoMLSimpleApplication@7aa1a33c
----------------- Done invoking toplevel() on ptolemy.moml.MoMLSimpleApplication@7aa1a33c
reloadAllAccessors: .VectorAssemblerDisassemblerSDF

===========================================================================================
----------------- testing Tue Dec 11 02:58:21 UTC 2018 /home/travis/build/icyphy/ptII/ptolemy/actor/lib/test/auto/WallClockTime.xml
----------------- Instantiating /home/travis/build/icyphy/ptII/ptolemy/actor/lib/test/auto/WallClockTime.xml
1004 ms. Memory: 1705984K Free: 435744K (26%)
----------------- Invoking toplevel() on ptolemy.moml.MoMLSimpleApplication@45c08c6c
----------------- Done invoking toplevel() on ptolemy.moml.MoMLSimpleApplication@45c08c6c
reloadAllAccessors: .WallClockTime

===========================================================================================
----------------- testing Tue Dec 11 02:58:23 UTC 2018 /home/travis/build/icyphy/ptII/ptolemy/actor/lib/test/auto/WidthTestWithSubscriberPublisher.xml
----------------- Instantiating /home/travis/build/icyphy/ptII/ptolemy/actor/lib/test/auto/WidthTestWithSubscriberPublisher.xml
6 ms. Memory: 1705984K Free: 403641K (24%)
----------------- Invoking toplevel() on ptolemy.moml.MoMLSimpleApplication@3d25dcf
----------------- Done invoking toplevel() on ptolemy.moml.MoMLSimpleApplication@3d25dcf
reloadAllAccessors: .WidthTestWithSubscriberPublisher

===========================================================================================
----------------- testing Tue Dec 11 02:58:23 UTC 2018 /home/travis/build/icyphy/ptII/ptolemy/actor/lib/test/auto/WidthTestWithSubscriberPublisher2.xml
----------------- Instantiating /home/travis/build/icyphy/ptII/ptolemy/actor/lib/test/auto/WidthTestWithSubscriberPublisher2.xml
2 ms. Memory: 1705984K Free: 383275K (22%)
----------------- Invoking toplevel() on ptolemy.moml.MoMLSimpleApplication@4d447613
----------------- Done invoking toplevel() on ptolemy.moml.MoMLSimpleApplication@4d447613
reloadAllAccessors: .WidthTestWithSubscriberPublisher2

===========================================================================================
----------------- testing Tue Dec 11 02:58:23 UTC 2018 /home/travis/build/icyphy/ptII/ptolemy/actor/lib/test/auto/WidthTestWithSubscriberPublisher3.xml
----------------- Instantiating /home/travis/build/icyphy/ptII/ptolemy/actor/lib/test/auto/WidthTestWithSubscriberPublisher3.xml
2 ms. Memory: 1705984K Free: 362909K (21%)
----------------- Invoking toplevel() on ptolemy.moml.MoMLSimpleApplication@1bfbc4ea
----------------- Done invoking toplevel() on ptolemy.moml.MoMLSimpleApplication@1bfbc4ea
reloadAllAccessors: .WidthTestWithSubscriberPublisher3

===========================================================================================
----------------- testing Tue Dec 11 02:58:23 UTC 2018 /home/travis/build/icyphy/ptII/ptolemy/actor/lib/test/auto/Writer.xml
----------------- Instantiating /home/travis/build/icyphy/ptII/ptolemy/actor/lib/test/auto/Writer.xml
0
1
2
3
4
1 ms. Memory: 1705984K Free: 346873K (20%)
----------------- Invoking toplevel() on ptolemy.moml.MoMLSimpleApplication@b49aba
----------------- Done invoking toplevel() on ptolemy.moml.MoMLSimpleApplication@b49aba
reloadAllAccessors: .Writer

===========================================================================================
----------------- testing Tue Dec 11 02:58:23 UTC 2018 /home/travis/build/icyphy/ptII/ptolemy/actor/lib/test/auto/array.xml
----------------- Instantiating /home/travis/build/icyphy/ptII/ptolemy/actor/lib/test/auto/array.xml
3 ms. Memory: 1705984K Free: 326507K (19%)
----------------- Invoking toplevel() on ptolemy.moml.MoMLSimpleApplication@399bbb4d
----------------- Done invoking toplevel() on ptolemy.moml.MoMLSimpleApplication@399bbb4d
reloadAllAccessors: .array

===========================================================================================
----------------- testing Tue Dec 11 02:58:23 UTC 2018 /home/travis/build/icyphy/ptII/ptolemy/actor/lib/test/auto/array2.xml
----------------- Instantiating /home/travis/build/icyphy/ptII/ptolemy/actor/lib/test/auto/array2.xml
2 ms. Memory: 1705984K Free: 310471K (18%)
----------------- Invoking toplevel() on ptolemy.moml.MoMLSimpleApplication@339407f5
----------------- Done invoking toplevel() on ptolemy.moml.MoMLSimpleApplication@339407f5
reloadAllAccessors: .array2

===========================================================================================
----------------- testing Tue Dec 11 02:58:23 UTC 2018 /home/travis/build/icyphy/ptII/ptolemy/actor/lib/test/auto/arrayType.xml
----------------- Instantiating /home/travis/build/icyphy/ptII/ptolemy/actor/lib/test/auto/arrayType.xml
2 ms. Memory: 1705984K Free: 290105K (17%)
----------------- Invoking toplevel() on ptolemy.moml.MoMLSimpleApplication@318b2606
----------------- Done invoking toplevel() on ptolemy.moml.MoMLSimpleApplication@318b2606
reloadAllAccessors: .arrayType

===========================================================================================
----------------- testing Tue Dec 11 02:58:23 UTC 2018 /home/travis/build/icyphy/ptII/ptolemy/actor/lib/test/auto/arrayType10.xml
----------------- Instantiating /home/travis/build/icyphy/ptII/ptolemy/actor/lib/test/auto/arrayType10.xml
2 ms. Memory: 1705984K Free: 274069K (16%)
----------------- Invoking toplevel() on ptolemy.moml.MoMLSimpleApplication@72601d57
----------------- Done invoking toplevel() on ptolemy.moml.MoMLSimpleApplication@72601d57
reloadAllAccessors: .arrayType10

===========================================================================================
----------------- testing Tue Dec 11 02:58:23 UTC 2018 /home/travis/build/icyphy/ptII/ptolemy/actor/lib/test/auto/arrayType11.xml
----------------- Instantiating /home/travis/build/icyphy/ptII/ptolemy/actor/lib/test/auto/arrayType11.xml
2 ms. Memory: 1705984K Free: 253703K (15%)
----------------- Invoking toplevel() on ptolemy.moml.MoMLSimpleApplication@5d08768b
----------------- Done invoking toplevel() on ptolemy.moml.MoMLSimpleApplication@5d08768b
reloadAllAccessors: .arrayType11

===========================================================================================
----------------- testing Tue Dec 11 02:58:23 UTC 2018 /home/travis/build/icyphy/ptII/ptolemy/actor/lib/test/auto/arrayType12.xml
----------------- Instantiating /home/travis/build/icyphy/ptII/ptolemy/actor/lib/test/auto/arrayType12.xml
2 ms. Memory: 1705984K Free: 233337K (14%)
----------------- Invoking toplevel() on ptolemy.moml.MoMLSimpleApplication@3923f562
----------------- Done invoking toplevel() on ptolemy.moml.MoMLSimpleApplication@3923f562
reloadAllAccessors: .arrayType12

===========================================================================================
----------------- testing Tue Dec 11 02:58:23 UTC 2018 /home/travis/build/icyphy/ptII/ptolemy/actor/lib/test/auto/arrayType13.xml
----------------- Instantiating /home/travis/build/icyphy/ptII/ptolemy/actor/lib/test/auto/arrayType13.xml
2 ms. Memory: 1705984K Free: 217301K (13%)
----------------- Invoking toplevel() on ptolemy.moml.MoMLSimpleApplication@f6ce21c
----------------- Done invoking toplevel() on ptolemy.moml.MoMLSimpleApplication@f6ce21c
reloadAllAccessors: .arrayType13

===========================================================================================
----------------- testing Tue Dec 11 02:58:23 UTC 2018 /home/travis/build/icyphy/ptII/ptolemy/actor/lib/test/auto/arrayType14.xml
----------------- Instantiating /home/travis/build/icyphy/ptII/ptolemy/actor/lib/test/auto/arrayType14.xml
2 ms. Memory: 1705984K Free: 196935K (12%)
----------------- Invoking toplevel() on ptolemy.moml.MoMLSimpleApplication@516429ac
----------------- Done invoking toplevel() on ptolemy.moml.MoMLSimpleApplication@516429ac
reloadAllAccessors: .arrayType14

===========================================================================================
----------------- testing Tue Dec 11 02:58:23 UTC 2018 /home/travis/build/icyphy/ptII/ptolemy/actor/lib/test/auto/arrayType15.xml
----------------- Instantiating /home/travis/build/icyphy/ptII/ptolemy/actor/lib/test/auto/arrayType15.xml
3 ms. Memory: 1705984K Free: 180899K (11%)
----------------- Invoking toplevel() on ptolemy.moml.MoMLSimpleApplication@2f8ba437
----------------- Done invoking toplevel() on ptolemy.moml.MoMLSimpleApplication@2f8ba437
reloadAllAccessors: .arrayType15

===========================================================================================
----------------- testing Tue Dec 11 02:58:23 UTC 2018 /home/travis/build/icyphy/ptII/ptolemy/actor/lib/test/auto/arrayType16.xml
----------------- Instantiating /home/travis/build/icyphy/ptII/ptolemy/actor/lib/test/auto/arrayType16.xml
2 ms. Memory: 1705984K Free: 160533K (9%)
----------------- Invoking toplevel() on ptolemy.moml.MoMLSimpleApplication@435d6c95
----------------- Done invoking toplevel() on ptolemy.moml.MoMLSimpleApplication@435d6c95
reloadAllAccessors: .arrayType16

===========================================================================================
----------------- testing Tue Dec 11 02:58:23 UTC 2018 /home/travis/build/icyphy/ptII/ptolemy/actor/lib/test/auto/arrayType17.xml
----------------- Instantiating /home/travis/build/icyphy/ptII/ptolemy/actor/lib/test/auto/arrayType17.xml
2 ms. Memory: 1705984K Free: 140167K (8%)
----------------- Invoking toplevel() on ptolemy.moml.MoMLSimpleApplication@4cf8e13
----------------- Done invoking toplevel() on ptolemy.moml.MoMLSimpleApplication@4cf8e13
reloadAllAccessors: .arrayType17

===========================================================================================
----------------- testing Tue Dec 11 02:58:23 UTC 2018 /home/travis/build/icyphy/ptII/ptolemy/actor/lib/test/auto/arrayType18.xml
----------------- Instantiating /home/travis/build/icyphy/ptII/ptolemy/actor/lib/test/auto/arrayType18.xml
2 ms. Memory: 1705984K Free: 124131K (7%)
----------------- Invoking toplevel() on ptolemy.moml.MoMLSimpleApplication@2230c2d8
----------------- Done invoking toplevel() on ptolemy.moml.MoMLSimpleApplication@2230c2d8
reloadAllAccessors: .arrayType18

===========================================================================================
----------------- testing Tue Dec 11 02:58:23 UTC 2018 /home/travis/build/icyphy/ptII/ptolemy/actor/lib/test/auto/arrayType19.xml
----------------- Instantiating /home/travis/build/icyphy/ptII/ptolemy/actor/lib/test/auto/arrayType19.xml
1 ms. Memory: 1705984K Free: 103765K (6%)
----------------- Invoking toplevel() on ptolemy.moml.MoMLSimpleApplication@3447f050
----------------- Done invoking toplevel() on ptolemy.moml.MoMLSimpleApplication@3447f050
reloadAllAccessors: .arrayType19

===========================================================================================
----------------- testing Tue Dec 11 02:58:23 UTC 2018 /home/travis/build/icyphy/ptII/ptolemy/actor/lib/test/auto/arrayType2.xml
----------------- Instantiating /home/travis/build/icyphy/ptII/ptolemy/actor/lib/test/auto/arrayType2.xml
2 ms. Memory: 1705984K Free: 87729K (5%)
----------------- Invoking toplevel() on ptolemy.moml.MoMLSimpleApplication@3b9733b0
----------------- Done invoking toplevel() on ptolemy.moml.MoMLSimpleApplication@3b9733b0
reloadAllAccessors: .arrayType2

===========================================================================================
----------------- testing Tue Dec 11 02:58:23 UTC 2018 /home/travis/build/icyphy/ptII/ptolemy/actor/lib/test/auto/arrayType20.xml
----------------- Instantiating /home/travis/build/icyphy/ptII/ptolemy/actor/lib/test/auto/arrayType20.xml
10 ms. Memory: 1705984K Free: 67363K (4%)
----------------- Invoking toplevel() on ptolemy.moml.MoMLSimpleApplication@4a294402
----------------- Done invoking toplevel() on ptolemy.moml.MoMLSimpleApplication@4a294402
reloadAllAccessors: .arrayType20

===========================================================================================
----------------- testing Tue Dec 11 02:58:23 UTC 2018 /home/travis/build/icyphy/ptII/ptolemy/actor/lib/test/auto/arrayType21.xml
----------------- Instantiating /home/travis/build/icyphy/ptII/ptolemy/actor/lib/test/auto/arrayType21.xml
1 ms. Memory: 1722880K Free: 1659780K (96%)
----------------- Invoking toplevel() on ptolemy.moml.MoMLSimpleApplication@59ba6150
----------------- Done invoking toplevel() on ptolemy.moml.MoMLSimpleApplication@59ba6150
reloadAllAccessors: .arrayType21

===========================================================================================
----------------- testing Tue Dec 11 02:58:23 UTC 2018 /home/travis/build/icyphy/ptII/ptolemy/actor/lib/test/auto/arrayType22.xml
----------------- Instantiating /home/travis/build/icyphy/ptII/ptolemy/actor/lib/test/auto/arrayType22.xml
1 ms. Memory: 1722880K Free: 1639482K (95%)
----------------- Invoking toplevel() on ptolemy.moml.MoMLSimpleApplication@6dea30aa
----------------- Done invoking toplevel() on ptolemy.moml.MoMLSimpleApplication@6dea30aa
reloadAllAccessors: .arrayType22

===========================================================================================
----------------- testing Tue Dec 11 02:58:23 UTC 2018 /home/travis/build/icyphy/ptII/ptolemy/actor/lib/test/auto/arrayType23.xml
----------------- Instantiating /home/travis/build/icyphy/ptII/ptolemy/actor/lib/test/auto/arrayType23.xml
1 ms. Memory: 1722880K Free: 1619145K (94%)
----------------- Invoking toplevel() on ptolemy.moml.MoMLSimpleApplication@3354b224
----------------- Done invoking toplevel() on ptolemy.moml.MoMLSimpleApplication@3354b224
reloadAllAccessors: .arrayType23

===========================================================================================
----------------- testing Tue Dec 11 02:58:23 UTC 2018 /home/travis/build/icyphy/ptII/ptolemy/actor/lib/test/auto/arrayType24.xml
----------------- Instantiating /home/travis/build/icyphy/ptII/ptolemy/actor/lib/test/auto/arrayType24.xml
1 ms. Memory: 1722880K Free: 1603089K (93%)
----------------- Invoking toplevel() on ptolemy.moml.MoMLSimpleApplication@1b7ee0ec
----------------- Done invoking toplevel() on ptolemy.moml.MoMLSimpleApplication@1b7ee0ec
reloadAllAccessors: .arrayType24

===========================================================================================
----------------- testing Tue Dec 11 02:58:23 UTC 2018 /home/travis/build/icyphy/ptII/ptolemy/actor/lib/test/auto/arrayType25.xml
----------------- Instantiating /home/travis/build/icyphy/ptII/ptolemy/actor/lib/test/auto/arrayType25.xml
2 ms. Memory: 1722880K Free: 1582791K (92%)
----------------- Invoking toplevel() on ptolemy.moml.MoMLSimpleApplication@5598b10c
----------------- Done invoking toplevel() on ptolemy.moml.MoMLSimpleApplication@5598b10c
reloadAllAccessors: .arrayType25

===========================================================================================
----------------- testing Tue Dec 11 02:58:23 UTC 2018 /home/travis/build/icyphy/ptII/ptolemy/actor/lib/test/auto/arrayType26.xml
----------------- Instantiating /home/travis/build/icyphy/ptII/ptolemy/actor/lib/test/auto/arrayType26.xml
1 ms. Memory: 1722880K Free: 1562492K (91%)
----------------- Invoking toplevel() on ptolemy.moml.MoMLSimpleApplication@700da3b8
----------------- Done invoking toplevel() on ptolemy.moml.MoMLSimpleApplication@700da3b8
reloadAllAccessors: .arrayType26

===========================================================================================
----------------- testing Tue Dec 11 02:58:23 UTC 2018 /home/travis/build/icyphy/ptII/ptolemy/actor/lib/test/auto/arrayType27.xml
----------------- Instantiating /home/travis/build/icyphy/ptII/ptolemy/actor/lib/test/auto/arrayType27.xml
2 ms. Memory: 1722880K Free: 1546436K (90%)
----------------- Invoking toplevel() on ptolemy.moml.MoMLSimpleApplication@6ed53689
----------------- Done invoking toplevel() on ptolemy.moml.MoMLSimpleApplication@6ed53689
reloadAllAccessors: .arrayType27

===========================================================================================
----------------- testing Tue Dec 11 02:58:23 UTC 2018 /home/travis/build/icyphy/ptII/ptolemy/actor/lib/test/auto/arrayType28.xml
----------------- Instantiating /home/travis/build/icyphy/ptII/ptolemy/actor/lib/test/auto/arrayType28.xml
1 ms. Memory: 1722880K Free: 1526138K (89%)
----------------- Invoking toplevel() on ptolemy.moml.MoMLSimpleApplication@76d6446
----------------- Done invoking toplevel() on ptolemy.moml.MoMLSimpleApplication@76d6446
reloadAllAccessors: .arrayType28

===========================================================================================
----------------- testing Tue Dec 11 02:58:23 UTC 2018 /home/travis/build/icyphy/ptII/ptolemy/actor/lib/test/auto/arrayType3.xml
----------------- Instantiating /home/travis/build/icyphy/ptII/ptolemy/actor/lib/test/auto/arrayType3.xml
1 ms. Memory: 1722880K Free: 1510082K (88%)
----------------- Invoking toplevel() on ptolemy.moml.MoMLSimpleApplication@768b81f0
----------------- Done invoking toplevel() on ptolemy.moml.MoMLSimpleApplication@768b81f0
reloadAllAccessors: .arrayType3

===========================================================================================
----------------- testing Tue Dec 11 02:58:23 UTC 2018 /home/travis/build/icyphy/ptII/ptolemy/actor/lib/test/auto/arrayType4.xml
----------------- Instantiating /home/travis/build/icyphy/ptII/ptolemy/actor/lib/test/auto/arrayType4.xml
1 ms. Memory: 1722880K Free: 1489784K (86%)
----------------- Invoking toplevel() on ptolemy.moml.MoMLSimpleApplication@52a0f120
----------------- Done invoking toplevel() on ptolemy.moml.MoMLSimpleApplication@52a0f120
reloadAllAccessors: .arrayType4

===========================================================================================
----------------- testing Tue Dec 11 02:58:23 UTC 2018 /home/travis/build/icyphy/ptII/ptolemy/actor/lib/test/auto/arrayType5.xml
----------------- Instantiating /home/travis/build/icyphy/ptII/ptolemy/actor/lib/test/auto/arrayType5.xml
1 ms. Memory: 1722880K Free: 1469485K (85%)
----------------- Invoking toplevel() on ptolemy.moml.MoMLSimpleApplication@3da5ffc9
----------------- Done invoking toplevel() on ptolemy.moml.MoMLSimpleApplication@3da5ffc9
reloadAllAccessors: .arrayType5

===========================================================================================
----------------- testing Tue Dec 11 02:58:23 UTC 2018 /home/travis/build/icyphy/ptII/ptolemy/actor/lib/test/auto/arrayType6.xml
----------------- Instantiating /home/travis/build/icyphy/ptII/ptolemy/actor/lib/test/auto/arrayType6.xml
1 ms. Memory: 1722880K Free: 1453429K (84%)
----------------- Invoking toplevel() on ptolemy.moml.MoMLSimpleApplication@7020ad0b
----------------- Done invoking toplevel() on ptolemy.moml.MoMLSimpleApplication@7020ad0b
reloadAllAccessors: .arrayType6

===========================================================================================
----------------- testing Tue Dec 11 02:58:23 UTC 2018 /home/travis/build/icyphy/ptII/ptolemy/actor/lib/test/auto/arrayType7.xml
----------------- Instantiating /home/travis/build/icyphy/ptII/ptolemy/actor/lib/test/auto/arrayType7.xml
1 ms. Memory: 1722880K Free: 1433131K (83%)
----------------- Invoking toplevel() on ptolemy.moml.MoMLSimpleApplication@3a21f69e
----------------- Done invoking toplevel() on ptolemy.moml.MoMLSimpleApplication@3a21f69e
reloadAllAccessors: .arrayType7

===========================================================================================
----------------- testing Tue Dec 11 02:58:23 UTC 2018 /home/travis/build/icyphy/ptII/ptolemy/actor/lib/test/auto/arrayType8.xml
----------------- Instantiating /home/travis/build/icyphy/ptII/ptolemy/actor/lib/test/auto/arrayType8.xml
3 ms. Memory: 1722880K Free: 1417074K (82%)
----------------- Invoking toplevel() on ptolemy.moml.MoMLSimpleApplication@1bd6a6d2
----------------- Done invoking toplevel() on ptolemy.moml.MoMLSimpleApplication@1bd6a6d2
reloadAllAccessors: .arrayType8

===========================================================================================
----------------- testing Tue Dec 11 02:58:23 UTC 2018 /home/travis/build/icyphy/ptII/ptolemy/actor/lib/test/auto/arrayType9.xml
----------------- Instantiating /home/travis/build/icyphy/ptII/ptolemy/actor/lib/test/auto/arrayType9.xml
1 ms. Memory: 1722880K Free: 1396776K (81%)
----------------- Invoking toplevel() on ptolemy.moml.MoMLSimpleApplication@1b06dbb2
----------------- Done invoking toplevel() on ptolemy.moml.MoMLSimpleApplication@1b06dbb2
reloadAllAccessors: .arrayType9

===========================================================================================
----------------- testing Tue Dec 11 02:58:23 UTC 2018 /home/travis/build/icyphy/ptII/ptolemy/actor/lib/test/auto/cast.xml
----------------- Instantiating /home/travis/build/icyphy/ptII/ptolemy/actor/lib/test/auto/cast.xml
2 ms. Memory: 1722880K Free: 1376478K (80%)
----------------- Invoking toplevel() on ptolemy.moml.MoMLSimpleApplication@1783bb63
----------------- Done invoking toplevel() on ptolemy.moml.MoMLSimpleApplication@1783bb63
reloadAllAccessors: .cast

===========================================================================================
----------------- testing Tue Dec 11 02:58:23 UTC 2018 /home/travis/build/icyphy/ptII/ptolemy/actor/lib/test/auto/compositeMultiPort.xml
----------------- Instantiating /home/travis/build/icyphy/ptII/ptolemy/actor/lib/test/auto/compositeMultiPort.xml
3 ms. Memory: 1722880K Free: 1360422K (79%)
----------------- Invoking toplevel() on ptolemy.moml.MoMLSimpleApplication@44cab076
----------------- Done invoking toplevel() on ptolemy.moml.MoMLSimpleApplication@44cab076
reloadAllAccessors: .compositeMultiPort

===========================================================================================
----------------- testing Tue Dec 11 02:58:23 UTC 2018 /home/travis/build/icyphy/ptII/ptolemy/actor/lib/test/auto/expressionCastInference.xml
----------------- Instantiating /home/travis/build/icyphy/ptII/ptolemy/actor/lib/test/auto/expressionCastInference.xml
2 ms. Memory: 1722880K Free: 1340124K (78%)
----------------- Invoking toplevel() on ptolemy.moml.MoMLSimpleApplication@54939845
----------------- Done invoking toplevel() on ptolemy.moml.MoMLSimpleApplication@54939845
reloadAllAccessors: .expressionCastInference

===========================================================================================
----------------- testing Tue Dec 11 02:58:23 UTC 2018 /home/travis/build/icyphy/ptII/ptolemy/actor/lib/test/auto/expressionCastInference2.xml
----------------- Instantiating /home/travis/build/icyphy/ptII/ptolemy/actor/lib/test/auto/expressionCastInference2.xml
2 ms. Memory: 1722880K Free: 1324067K (77%)
----------------- Invoking toplevel() on ptolemy.moml.MoMLSimpleApplication@32a7eef7
----------------- Done invoking toplevel() on ptolemy.moml.MoMLSimpleApplication@32a7eef7
reloadAllAccessors: .expressionCastInference2

===========================================================================================
----------------- testing Tue Dec 11 02:58:23 UTC 2018 /home/travis/build/icyphy/ptII/ptolemy/actor/lib/test/auto/expressionInference.xml
----------------- Instantiating /home/travis/build/icyphy/ptII/ptolemy/actor/lib/test/auto/expressionInference.xml
1 ms. Memory: 1722880K Free: 1303769K (76%)
----------------- Invoking toplevel() on ptolemy.moml.MoMLSimpleApplication@3f96bda9
----------------- Done invoking toplevel() on ptolemy.moml.MoMLSimpleApplication@3f96bda9
reloadAllAccessors: .expressionInference

===========================================================================================
----------------- testing Tue Dec 11 02:58:23 UTC 2018 /home/travis/build/icyphy/ptII/ptolemy/actor/lib/test/auto/expression_bug.xml
----------------- Instantiating /home/travis/build/icyphy/ptII/ptolemy/actor/lib/test/auto/expression_bug.xml
1 ms. Memory: 1722880K Free: 1283471K (74%)
----------------- Invoking toplevel() on ptolemy.moml.MoMLSimpleApplication@64d00119
----------------- Done invoking toplevel() on ptolemy.moml.MoMLSimpleApplication@64d00119
reloadAllAccessors: .expression_bug

===========================================================================================
----------------- testing Tue Dec 11 02:58:23 UTC 2018 /home/travis/build/icyphy/ptII/ptolemy/actor/lib/test/auto/factorial.xml
----------------- Instantiating /home/travis/build/icyphy/ptII/ptolemy/actor/lib/test/auto/factorial.xml
34 ms. Memory: 1722880K Free: 1267415K (74%)
----------------- Invoking toplevel() on ptolemy.moml.MoMLSimpleApplication@77989887
----------------- Done invoking toplevel() on ptolemy.moml.MoMLSimpleApplication@77989887
reloadAllAccessors: .factorial

===========================================================================================
----------------- testing Tue Dec 11 02:58:23 UTC 2018 /home/travis/build/icyphy/ptII/ptolemy/actor/lib/test/auto/filterTest1.xml
----------------- Instantiating /home/travis/build/icyphy/ptII/ptolemy/actor/lib/test/auto/filterTest1.xml
11 ms. Memory: 1722880K Free: 1247117K (72%)
----------------- Invoking toplevel() on ptolemy.moml.MoMLSimpleApplication@4ba196e3
----------------- Done invoking toplevel() on ptolemy.moml.MoMLSimpleApplication@4ba196e3
reloadAllAccessors: .filterTest1

===========================================================================================
----------------- testing Tue Dec 11 02:58:23 UTC 2018 /home/travis/build/icyphy/ptII/ptolemy/actor/lib/test/auto/funcApplyInConst.xml
----------------- Instantiating /home/travis/build/icyphy/ptII/ptolemy/actor/lib/test/auto/funcApplyInConst.xml
1 ms. Memory: 1722880K Free: 1231060K (71%)
----------------- Invoking toplevel() on ptolemy.moml.MoMLSimpleApplication@6c2afc4d
----------------- Done invoking toplevel() on ptolemy.moml.MoMLSimpleApplication@6c2afc4d
reloadAllAccessors: .funcApplyInConst

===========================================================================================
----------------- testing Tue Dec 11 02:58:23 UTC 2018 /home/travis/build/icyphy/ptII/ptolemy/actor/lib/test/auto/funcApplyInExpr.xml
----------------- Instantiating /home/travis/build/icyphy/ptII/ptolemy/actor/lib/test/auto/funcApplyInExpr.xml
1 ms. Memory: 1722880K Free: 1210762K (70%)
----------------- Invoking toplevel() on ptolemy.moml.MoMLSimpleApplication@4c5714fd
----------------- Done invoking toplevel() on ptolemy.moml.MoMLSimpleApplication@4c5714fd
reloadAllAccessors: .funcApplyInExpr

===========================================================================================
----------------- testing Tue Dec 11 02:58:23 UTC 2018 /home/travis/build/icyphy/ptII/ptolemy/actor/lib/test/auto/function.xml
----------------- Instantiating /home/travis/build/icyphy/ptII/ptolemy/actor/lib/test/auto/function.xml
2 ms. Memory: 1722880K Free: 1190464K (69%)
----------------- Invoking toplevel() on ptolemy.moml.MoMLSimpleApplication@3f1ab759
----------------- Done invoking toplevel() on ptolemy.moml.MoMLSimpleApplication@3f1ab759
reloadAllAccessors: .function

===========================================================================================
----------------- testing Tue Dec 11 02:58:23 UTC 2018 /home/travis/build/icyphy/ptII/ptolemy/actor/lib/test/auto/function2.xml
----------------- Instantiating /home/travis/build/icyphy/ptII/ptolemy/actor/lib/test/auto/function2.xml
1 ms. Memory: 1722880K Free: 1174407K (68%)
----------------- Invoking toplevel() on ptolemy.moml.MoMLSimpleApplication@518c56f
----------------- Done invoking toplevel() on ptolemy.moml.MoMLSimpleApplication@518c56f
reloadAllAccessors: .function2

===========================================================================================
----------------- testing Tue Dec 11 02:58:23 UTC 2018 /home/travis/build/icyphy/ptII/ptolemy/actor/lib/test/auto/function3.xml
----------------- Instantiating /home/travis/build/icyphy/ptII/ptolemy/actor/lib/test/auto/function3.xml
1 ms. Memory: 1722880K Free: 1154109K (67%)
----------------- Invoking toplevel() on ptolemy.moml.MoMLSimpleApplication@a7cfdb8
----------------- Done invoking toplevel() on ptolemy.moml.MoMLSimpleApplication@a7cfdb8
reloadAllAccessors: .function3

===========================================================================================
----------------- testing Tue Dec 11 02:58:23 UTC 2018 /home/travis/build/icyphy/ptII/ptolemy/actor/lib/test/auto/functionClosureTest1.xml
----------------- Instantiating /home/travis/build/icyphy/ptII/ptolemy/actor/lib/test/auto/functionClosureTest1.xml
1 ms. Memory: 1722880K Free: 1133811K (66%)
----------------- Invoking toplevel() on ptolemy.moml.MoMLSimpleApplication@6c80e820
----------------- Done invoking toplevel() on ptolemy.moml.MoMLSimpleApplication@6c80e820
reloadAllAccessors: .functionClosureTest1

===========================================================================================
----------------- testing Tue Dec 11 02:58:23 UTC 2018 /home/travis/build/icyphy/ptII/ptolemy/actor/lib/test/auto/functionClosureTest2.xml
----------------- Instantiating /home/travis/build/icyphy/ptII/ptolemy/actor/lib/test/auto/functionClosureTest2.xml
1 ms. Memory: 1722880K Free: 1117755K (65%)
----------------- Invoking toplevel() on ptolemy.moml.MoMLSimpleApplication@6bc68f31
----------------- Done invoking toplevel() on ptolemy.moml.MoMLSimpleApplication@6bc68f31
reloadAllAccessors: .functionClosureTest2

===========================================================================================
----------------- testing Tue Dec 11 02:58:23 UTC 2018 /home/travis/build/icyphy/ptII/ptolemy/actor/lib/test/auto/functionClosureTest3.xml
----------------- Instantiating /home/travis/build/icyphy/ptII/ptolemy/actor/lib/test/auto/functionClosureTest3.xml
2 ms. Memory: 1722880K Free: 1097456K (64%)
----------------- Invoking toplevel() on ptolemy.moml.MoMLSimpleApplication@50503be
----------------- Done invoking toplevel() on ptolemy.moml.MoMLSimpleApplication@50503be
reloadAllAccessors: .functionClosureTest3

===========================================================================================
----------------- testing Tue Dec 11 02:58:23 UTC 2018 /home/travis/build/icyphy/ptII/ptolemy/actor/lib/test/auto/functionClosureTest4.xml
----------------- Instantiating /home/travis/build/icyphy/ptII/ptolemy/actor/lib/test/auto/functionClosureTest4.xml
3 ms. Memory: 1722880K Free: 1081400K (63%)
----------------- Invoking toplevel() on ptolemy.moml.MoMLSimpleApplication@227c16f2
----------------- Done invoking toplevel() on ptolemy.moml.MoMLSimpleApplication@227c16f2
reloadAllAccessors: .functionClosureTest4

===========================================================================================
----------------- testing Tue Dec 11 02:58:23 UTC 2018 /home/travis/build/icyphy/ptII/ptolemy/actor/lib/test/auto/functionClosureTest5.xml
----------------- Instantiating /home/travis/build/icyphy/ptII/ptolemy/actor/lib/test/auto/functionClosureTest5.xml
3 ms. Memory: 1722880K Free: 1061102K (62%)
----------------- Invoking toplevel() on ptolemy.moml.MoMLSimpleApplication@4c9fd21
----------------- Done invoking toplevel() on ptolemy.moml.MoMLSimpleApplication@4c9fd21
reloadAllAccessors: .functionClosureTest5

===========================================================================================
----------------- testing Tue Dec 11 02:58:23 UTC 2018 /home/travis/build/icyphy/ptII/ptolemy/actor/lib/test/auto/functionClosureTest6.xml
----------------- Instantiating /home/travis/build/icyphy/ptII/ptolemy/actor/lib/test/auto/functionClosureTest6.xml
1 ms. Memory: 1722880K Free: 1040803K (60%)
----------------- Invoking toplevel() on ptolemy.moml.MoMLSimpleApplication@7bfcf681
----------------- Done invoking toplevel() on ptolemy.moml.MoMLSimpleApplication@7bfcf681
reloadAllAccessors: .functionClosureTest6

===========================================================================================
----------------- testing Tue Dec 11 02:58:23 UTC 2018 /home/travis/build/icyphy/ptII/ptolemy/actor/lib/test/auto/functionsOnArcs.xml
----------------- Instantiating /home/travis/build/icyphy/ptII/ptolemy/actor/lib/test/auto/functionsOnArcs.xml
1 ms. Memory: 1722880K Free: 1024747K (59%)
----------------- Invoking toplevel() on ptolemy.moml.MoMLSimpleApplication@43381d07
----------------- Done invoking toplevel() on ptolemy.moml.MoMLSimpleApplication@43381d07
reloadAllAccessors: .functionsOnArcs

===========================================================================================
----------------- testing Tue Dec 11 02:58:23 UTC 2018 /home/travis/build/icyphy/ptII/ptolemy/actor/lib/test/auto/functionsOnArcsHOF.xml
----------------- Instantiating /home/travis/build/icyphy/ptII/ptolemy/actor/lib/test/auto/functionsOnArcsHOF.xml
3 ms. Memory: 1722880K Free: 1004449K (58%)
----------------- Invoking toplevel() on ptolemy.moml.MoMLSimpleApplication@4761dde6
----------------- Done invoking toplevel() on ptolemy.moml.MoMLSimpleApplication@4761dde6
reloadAllAccessors: .functionsOnArcsHOF

===========================================================================================
----------------- testing Tue Dec 11 02:58:23 UTC 2018 /home/travis/build/icyphy/ptII/ptolemy/actor/lib/test/auto/logic.xml
----------------- Instantiating /home/travis/build/icyphy/ptII/ptolemy/actor/lib/test/auto/logic.xml
1 ms. Memory: 1722880K Free: 988393K (57%)
----------------- Invoking toplevel() on ptolemy.moml.MoMLSimpleApplication@40628ec7
----------------- Done invoking toplevel() on ptolemy.moml.MoMLSimpleApplication@40628ec7
reloadAllAccessors: .logic

===========================================================================================
----------------- testing Tue Dec 11 02:58:23 UTC 2018 /home/travis/build/icyphy/ptII/ptolemy/actor/lib/test/auto/matrixType.xml
----------------- Instantiating /home/travis/build/icyphy/ptII/ptolemy/actor/lib/test/auto/matrixType.xml
1 ms. Memory: 1722880K Free: 968094K (56%)
----------------- Invoking toplevel() on ptolemy.moml.MoMLSimpleApplication@30eb3e32
----------------- Done invoking toplevel() on ptolemy.moml.MoMLSimpleApplication@30eb3e32
reloadAllAccessors: .matrixType

===========================================================================================
----------------- testing Tue Dec 11 02:58:23 UTC 2018 /home/travis/build/icyphy/ptII/ptolemy/actor/lib/test/auto/matrixType10.xml
----------------- Instantiating /home/travis/build/icyphy/ptII/ptolemy/actor/lib/test/auto/matrixType10.xml
1 ms. Memory: 1722880K Free: 947796K (55%)
----------------- Invoking toplevel() on ptolemy.moml.MoMLSimpleApplication@382d56c8
----------------- Done invoking toplevel() on ptolemy.moml.MoMLSimpleApplication@382d56c8
reloadAllAccessors: .matrixType10

===========================================================================================
----------------- testing Tue Dec 11 02:58:23 UTC 2018 /home/travis/build/icyphy/ptII/ptolemy/actor/lib/test/auto/matrixType11.xml
----------------- Instantiating /home/travis/build/icyphy/ptII/ptolemy/actor/lib/test/auto/matrixType11.xml
1 ms. Memory: 1722880K Free: 931740K (54%)
----------------- Invoking toplevel() on ptolemy.moml.MoMLSimpleApplication@3d50b3c1
----------------- Done invoking toplevel() on ptolemy.moml.MoMLSimpleApplication@3d50b3c1
reloadAllAccessors: .matrixType11

===========================================================================================
----------------- testing Tue Dec 11 02:58:23 UTC 2018 /home/travis/build/icyphy/ptII/ptolemy/actor/lib/test/auto/matrixType12.xml
----------------- Instantiating /home/travis/build/icyphy/ptII/ptolemy/actor/lib/test/auto/matrixType12.xml
1 ms. Memory: 1722880K Free: 911442K (53%)
----------------- Invoking toplevel() on ptolemy.moml.MoMLSimpleApplication@50626e80
----------------- Done invoking toplevel() on ptolemy.moml.MoMLSimpleApplication@50626e80
reloadAllAccessors: .matrixType12

===========================================================================================
----------------- testing Tue Dec 11 02:58:23 UTC 2018 /home/travis/build/icyphy/ptII/ptolemy/actor/lib/test/auto/matrixType13.xml
----------------- Instantiating /home/travis/build/icyphy/ptII/ptolemy/actor/lib/test/auto/matrixType13.xml
1 ms. Memory: 1722880K Free: 891143K (52%)
----------------- Invoking toplevel() on ptolemy.moml.MoMLSimpleApplication@55466319
----------------- Done invoking toplevel() on ptolemy.moml.MoMLSimpleApplication@55466319
reloadAllAccessors: .matrixType13

===========================================================================================
----------------- testing Tue Dec 11 02:58:23 UTC 2018 /home/travis/build/icyphy/ptII/ptolemy/actor/lib/test/auto/matrixType14.xml
----------------- Instantiating /home/travis/build/icyphy/ptII/ptolemy/actor/lib/test/auto/matrixType14.xml
2 ms. Memory: 1722880K Free: 875087K (51%)
----------------- Invoking toplevel() on ptolemy.moml.MoMLSimpleApplication@4c4c5ec0
----------------- Done invoking toplevel() on ptolemy.moml.MoMLSimpleApplication@4c4c5ec0
reloadAllAccessors: .matrixType14

===========================================================================================
----------------- testing Tue Dec 11 02:58:23 UTC 2018 /home/travis/build/icyphy/ptII/ptolemy/actor/lib/test/auto/matrixType2.xml
----------------- Instantiating /home/travis/build/icyphy/ptII/ptolemy/actor/lib/test/auto/matrixType2.xml
1 ms. Memory: 1722880K Free: 854789K (50%)
----------------- Invoking toplevel() on ptolemy.moml.MoMLSimpleApplication@2f723671
----------------- Done invoking toplevel() on ptolemy.moml.MoMLSimpleApplication@2f723671
reloadAllAccessors: .matrixType2

===========================================================================================
----------------- testing Tue Dec 11 02:58:24 UTC 2018 /home/travis/build/icyphy/ptII/ptolemy/actor/lib/test/auto/matrixType3.xml
----------------- Instantiating /home/travis/build/icyphy/ptII/ptolemy/actor/lib/test/auto/matrixType3.xml
4 ms. Memory: 1722880K Free: 838732K (49%)
----------------- Invoking toplevel() on ptolemy.moml.MoMLSimpleApplication@6078ae04
----------------- Done invoking toplevel() on ptolemy.moml.MoMLSimpleApplication@6078ae04
reloadAllAccessors: .matrixType3

===========================================================================================
----------------- testing Tue Dec 11 02:58:24 UTC 2018 /home/travis/build/icyphy/ptII/ptolemy/actor/lib/test/auto/matrixType4.xml
----------------- Instantiating /home/travis/build/icyphy/ptII/ptolemy/actor/lib/test/auto/matrixType4.xml
1 ms. Memory: 1722880K Free: 818434K (48%)
----------------- Invoking toplevel() on ptolemy.moml.MoMLSimpleApplication@5232f33
----------------- Done invoking toplevel() on ptolemy.moml.MoMLSimpleApplication@5232f33
reloadAllAccessors: .matrixType4

===========================================================================================
----------------- testing Tue Dec 11 02:58:24 UTC 2018 /home/travis/build/icyphy/ptII/ptolemy/actor/lib/test/auto/matrixType5.xml
----------------- Instantiating /home/travis/build/icyphy/ptII/ptolemy/actor/lib/test/auto/matrixType5.xml
1 ms. Memory: 1722880K Free: 798136K (46%)
----------------- Invoking toplevel() on ptolemy.moml.MoMLSimpleApplication@52e05c0b
----------------- Done invoking toplevel() on ptolemy.moml.MoMLSimpleApplication@52e05c0b
reloadAllAccessors: .matrixType5

===========================================================================================
----------------- testing Tue Dec 11 02:58:24 UTC 2018 /home/travis/build/icyphy/ptII/ptolemy/actor/lib/test/auto/matrixType6.xml
----------------- Instantiating /home/travis/build/icyphy/ptII/ptolemy/actor/lib/test/auto/matrixType6.xml
1 ms. Memory: 1722880K Free: 782080K (45%)
----------------- Invoking toplevel() on ptolemy.moml.MoMLSimpleApplication@1360dc20
----------------- Done invoking toplevel() on ptolemy.moml.MoMLSimpleApplication@1360dc20
reloadAllAccessors: .matrixType6

===========================================================================================
----------------- testing Tue Dec 11 02:58:24 UTC 2018 /home/travis/build/icyphy/ptII/ptolemy/actor/lib/test/auto/matrixType7.xml
----------------- Instantiating /home/travis/build/icyphy/ptII/ptolemy/actor/lib/test/auto/matrixType7.xml
2 ms. Memory: 1722880K Free: 761781K (44%)
----------------- Invoking toplevel() on ptolemy.moml.MoMLSimpleApplication@6366f6af
----------------- Done invoking toplevel() on ptolemy.moml.MoMLSimpleApplication@6366f6af
reloadAllAccessors: .matrixType7

===========================================================================================
----------------- testing Tue Dec 11 02:58:24 UTC 2018 /home/travis/build/icyphy/ptII/ptolemy/actor/lib/test/auto/matrixType8.xml
----------------- Instantiating /home/travis/build/icyphy/ptII/ptolemy/actor/lib/test/auto/matrixType8.xml
1 ms. Memory: 1722880K Free: 745725K (43%)
----------------- Invoking toplevel() on ptolemy.moml.MoMLSimpleApplication@4d465047
----------------- Done invoking toplevel() on ptolemy.moml.MoMLSimpleApplication@4d465047
reloadAllAccessors: .matrixType8

===========================================================================================
----------------- testing Tue Dec 11 02:58:24 UTC 2018 /home/travis/build/icyphy/ptII/ptolemy/actor/lib/test/auto/matrixType9.xml
----------------- Instantiating /home/travis/build/icyphy/ptII/ptolemy/actor/lib/test/auto/matrixType9.xml
1 ms. Memory: 1722880K Free: 725427K (42%)
----------------- Invoking toplevel() on ptolemy.moml.MoMLSimpleApplication@559d9fce
----------------- Done invoking toplevel() on ptolemy.moml.MoMLSimpleApplication@559d9fce
reloadAllAccessors: .matrixType9

===========================================================================================
----------------- testing Tue Dec 11 02:58:24 UTC 2018 /home/travis/build/icyphy/ptII/ptolemy/actor/lib/test/auto/paraFunctest.xml
----------------- Instantiating /home/travis/build/icyphy/ptII/ptolemy/actor/lib/test/auto/paraFunctest.xml
1 ms. Memory: 1722880K Free: 705129K (41%)
----------------- Invoking toplevel() on ptolemy.moml.MoMLSimpleApplication@4bb6704f
----------------- Done invoking toplevel() on ptolemy.moml.MoMLSimpleApplication@4bb6704f
reloadAllAccessors: .paraFunctest

===========================================================================================
----------------- testing Tue Dec 11 02:58:24 UTC 2018 /home/travis/build/icyphy/ptII/ptolemy/actor/lib/test/auto/paraFunctest2.xml
----------------- Instantiating /home/travis/build/icyphy/ptII/ptolemy/actor/lib/test/auto/paraFunctest2.xml
1 ms. Memory: 1722880K Free: 689072K (40%)
----------------- Invoking toplevel() on ptolemy.moml.MoMLSimpleApplication@148dbb36
----------------- Done invoking toplevel() on ptolemy.moml.MoMLSimpleApplication@148dbb36
reloadAllAccessors: .paraFunctest2

===========================================================================================
----------------- testing Tue Dec 11 02:58:24 UTC 2018 /home/travis/build/icyphy/ptII/ptolemy/actor/lib/test/auto/parameterPassing.xml
----------------- Instantiating /home/travis/build/icyphy/ptII/ptolemy/actor/lib/test/auto/parameterPassing.xml
1 ms. Memory: 1722880K Free: 668774K (39%)
----------------- Invoking toplevel() on ptolemy.moml.MoMLSimpleApplication@2e770010
----------------- Done invoking toplevel() on ptolemy.moml.MoMLSimpleApplication@2e770010
reloadAllAccessors: .parameterPassing

===========================================================================================
----------------- testing Tue Dec 11 02:58:24 UTC 2018 /home/travis/build/icyphy/ptII/ptolemy/actor/lib/test/auto/record.xml
----------------- Instantiating /home/travis/build/icyphy/ptII/ptolemy/actor/lib/test/auto/record.xml
2 ms. Memory: 1722880K Free: 648476K (38%)
----------------- Invoking toplevel() on ptolemy.moml.MoMLSimpleApplication@d52501a
----------------- Done invoking toplevel() on ptolemy.moml.MoMLSimpleApplication@d52501a
reloadAllAccessors: .record

===========================================================================================
----------------- testing Tue Dec 11 02:58:24 UTC 2018 /home/travis/build/icyphy/ptII/ptolemy/actor/lib/test/auto/sizedarray1.xml
----------------- Instantiating /home/travis/build/icyphy/ptII/ptolemy/actor/lib/test/auto/sizedarray1.xml
2 ms. Memory: 1722880K Free: 632419K (37%)
----------------- Invoking toplevel() on ptolemy.moml.MoMLSimpleApplication@92da9d6
----------------- Done invoking toplevel() on ptolemy.moml.MoMLSimpleApplication@92da9d6
reloadAllAccessors: .sizedarray1

===========================================================================================
----------------- testing Tue Dec 11 02:58:24 UTC 2018 /home/travis/build/icyphy/ptII/ptolemy/actor/lib/test/auto/sizedarray2.xml
----------------- Instantiating /home/travis/build/icyphy/ptII/ptolemy/actor/lib/test/auto/sizedarray2.xml
2 ms. Memory: 1722880K Free: 612121K (36%)
----------------- Invoking toplevel() on ptolemy.moml.MoMLSimpleApplication@62b3b0a3
----------------- Done invoking toplevel() on ptolemy.moml.MoMLSimpleApplication@62b3b0a3
reloadAllAccessors: .sizedarray2

===========================================================================================
----------------- testing Tue Dec 11 02:58:24 UTC 2018 /home/travis/build/icyphy/ptII/ptolemy/actor/lib/test/auto/twoPublishers.xml
----------------- Instantiating /home/travis/build/icyphy/ptII/ptolemy/actor/lib/test/auto/twoPublishers.xml
5 ms. Memory: 1722880K Free: 588021K (34%)
----------------- Invoking toplevel() on ptolemy.moml.MoMLSimpleApplication@4a419265
----------------- Done invoking toplevel() on ptolemy.moml.MoMLSimpleApplication@4a419265
reloadAllAccessors: .twoPublishers
AutoTests.java: About to close Vertx.
AutoTests.java: Vertx closed.
]]></system-out>
  <system-err><![CDATA[java.lang.RuntimeException: Execution failed
	at ptolemy.moml.MoMLSimpleApplication$UnloadThread.run(MoMLSimpleApplication.java:402)
Caused by: java.lang.RuntimeException: Normally, we would exit here because Manager.exitAfterWrapup() was called.  However, because the ptolemy.ptII.exitAfterWrapup property is set, we throw this exception instead.
	at ptolemy.util.StringUtilities.exit(StringUtilities.java:363)
	at ptolemy.actor.Manager.wrapup(Manager.java:1531)
	at ptolemy.actor.Manager.execute(Manager.java:407)
	at ptolemy.actor.Manager.run(Manager.java:1263)
	at ptolemy.actor.Manager$PtolemyRunThread.run(Manager.java:1915)
Warning: '.top.test' is in training mode, set the trainingMode parameter to false before checking in
Warning: '.top.test' is in training mode, set the trainingMode parameter to false before checking in
Warning: '.top.test' is in training mode, set the trainingMode parameter to false before checking in
Warning: '.BooleanSwitch_RegressionTest_WrongTrainingValues.Test' is in training mode, set the trainingMode parameter to false before checking in
Warning: '.BooleanSwitch_RegressionTest_WrongTrainingValues.Test2' is in training mode, set the trainingMode parameter to false before checking in
Warning: '.BooleanSwitch_RegressionTest_WrongTrainingValues.Test2' The test produced 0 tokens.
Warning: '.top.testExceptionHandler' is in training mode, set the trainingMode parameter to false before checking in
java.lang.RuntimeException: Execution failed
	at ptolemy.moml.MoMLSimpleApplication$UnloadThread.run(MoMLSimpleApplication.java:402)
Caused by: ptolemy.kernel.util.IllegalActionException: PublisherPorts cannot be used at the top level, use a Publisher actor instead.
  in .PublisherPortToplevelSubscriber.PublisherPort
	at ptolemy.actor.PublisherPort.preinitialize(PublisherPort.java:403)
	at ptolemy.actor.CompositeActor.preinitialize(CompositeActor.java:1769)
	at ptolemy.actor.Manager.preinitializeAndResolveTypes(Manager.java:1040)
	at ptolemy.actor.Manager.initialize(Manager.java:710)
	at ptolemy.actor.Manager.execute(Manager.java:356)
	at ptolemy.actor.Manager.run(Manager.java:1263)
	at ptolemy.actor.Manager$PtolemyRunThread.run(Manager.java:1915)
java.lang.reflect.InvocationTargetException
	at sun.reflect.NativeConstructorAccessorImpl.newInstance0(Native Method)
	at sun.reflect.NativeConstructorAccessorImpl.newInstance(NativeConstructorAccessorImpl.java:62)
	at sun.reflect.DelegatingConstructorAccessorImpl.newInstance(DelegatingConstructorAccessorImpl.java:45)
	at java.lang.reflect.Constructor.newInstance(Constructor.java:423)
	at ptolemy.util.test.junit.AutoKnownFailedTests.RunModel(AutoKnownFailedTests.java:105)
	at sun.reflect.NativeMethodAccessorImpl.invoke0(Native Method)
	at sun.reflect.NativeMethodAccessorImpl.invoke(NativeMethodAccessorImpl.java:62)
	at sun.reflect.DelegatingMethodAccessorImpl.invoke(DelegatingMethodAccessorImpl.java:43)
	at java.lang.reflect.Method.invoke(Method.java:498)
	at org.junit.runners.model.FrameworkMethod$1.runReflectiveCall(FrameworkMethod.java:44)
	at org.junit.internal.runners.model.ReflectiveCallable.run(ReflectiveCallable.java:15)
	at org.junit.runners.model.FrameworkMethod.invokeExplosively(FrameworkMethod.java:41)
	at junitparams.internal.InvokeParameterisedMethod.evaluate(InvokeParameterisedMethod.java:102)
	at org.junit.internal.runners.statements.FailOnTimeout$1.run(FailOnTimeout.java:28)
Caused by: ptolemy.kernel.util.IllegalActionException: PublisherPorts cannot be used at the top level, use a Publisher actor instead.
  in .PublisherPortToplevelSubscriber.PublisherPort
	at ptolemy.actor.PublisherPort.preinitialize(PublisherPort.java:403)
	at ptolemy.actor.CompositeActor.preinitialize(CompositeActor.java:1769)
	at ptolemy.actor.Manager.preinitializeAndResolveTypes(Manager.java:1040)
	at ptolemy.actor.Manager.initialize(Manager.java:710)
	at ptolemy.actor.Manager.execute(Manager.java:356)
	at ptolemy.actor.Manager.run(Manager.java:1263)
	at ptolemy.actor.Manager$PtolemyRunThread.run(Manager.java:1915)
java.lang.RuntimeException: Execution failed
	at ptolemy.moml.MoMLSimpleApplication$UnloadThread.run(MoMLSimpleApplication.java:402)
Caused by: ptolemy.kernel.util.IllegalActionException: SubscriberPorts cannot be used at the top level, use a Subscriber actor instead.
  in .PublisherSubscriberPortToplevel.SubscriberPort
	at ptolemy.actor.SubscriberPort.preinitialize(SubscriberPort.java:328)
	at ptolemy.actor.CompositeActor.preinitialize(CompositeActor.java:1769)
	at ptolemy.actor.Manager.preinitializeAndResolveTypes(Manager.java:1040)
	at ptolemy.actor.Manager.initialize(Manager.java:710)
	at ptolemy.actor.Manager.execute(Manager.java:356)
	at ptolemy.actor.Manager.run(Manager.java:1263)
	at ptolemy.actor.Manager$PtolemyRunThread.run(Manager.java:1915)
java.lang.reflect.InvocationTargetException
	at sun.reflect.NativeConstructorAccessorImpl.newInstance0(Native Method)
	at sun.reflect.NativeConstructorAccessorImpl.newInstance(NativeConstructorAccessorImpl.java:62)
	at sun.reflect.DelegatingConstructorAccessorImpl.newInstance(DelegatingConstructorAccessorImpl.java:45)
	at java.lang.reflect.Constructor.newInstance(Constructor.java:423)
	at ptolemy.util.test.junit.AutoKnownFailedTests.RunModel(AutoKnownFailedTests.java:105)
	at sun.reflect.NativeMethodAccessorImpl.invoke0(Native Method)
	at sun.reflect.NativeMethodAccessorImpl.invoke(NativeMethodAccessorImpl.java:62)
	at sun.reflect.DelegatingMethodAccessorImpl.invoke(DelegatingMethodAccessorImpl.java:43)
	at java.lang.reflect.Method.invoke(Method.java:498)
	at org.junit.runners.model.FrameworkMethod$1.runReflectiveCall(FrameworkMethod.java:44)
	at org.junit.internal.runners.model.ReflectiveCallable.run(ReflectiveCallable.java:15)
	at org.junit.runners.model.FrameworkMethod.invokeExplosively(FrameworkMethod.java:41)
	at junitparams.internal.InvokeParameterisedMethod.evaluate(InvokeParameterisedMethod.java:102)
	at org.junit.internal.runners.statements.FailOnTimeout$1.run(FailOnTimeout.java:28)
Caused by: ptolemy.kernel.util.IllegalActionException: SubscriberPorts cannot be used at the top level, use a Subscriber actor instead.
  in .PublisherSubscriberPortToplevel.SubscriberPort
	at ptolemy.actor.SubscriberPort.preinitialize(SubscriberPort.java:328)
	at ptolemy.actor.CompositeActor.preinitialize(CompositeActor.java:1769)
	at ptolemy.actor.Manager.preinitializeAndResolveTypes(Manager.java:1040)
	at ptolemy.actor.Manager.initialize(Manager.java:710)
	at ptolemy.actor.Manager.execute(Manager.java:356)
	at ptolemy.actor.Manager.run(Manager.java:1263)
	at ptolemy.actor.Manager$PtolemyRunThread.run(Manager.java:1915)
java.lang.RuntimeException: Execution failed
	at ptolemy.moml.MoMLSimpleApplication$UnloadThread.run(MoMLSimpleApplication.java:402)
Caused by: ptolemy.kernel.util.IllegalActionException: SubscriptionAggregatorPorts cannot be used at the top level, use a SubscriptionAggregator actor instead.
  in .PublisherSubscriptionAggregatorPort.SubscriptionAggregatorPort
	at ptolemy.actor.SubscriptionAggregatorPort.preinitialize(SubscriptionAggregatorPort.java:353)
	at ptolemy.actor.CompositeActor.preinitialize(CompositeActor.java:1769)
	at ptolemy.actor.Manager.preinitializeAndResolveTypes(Manager.java:1040)
	at ptolemy.actor.Manager.initialize(Manager.java:710)
	at ptolemy.actor.Manager.execute(Manager.java:356)
	at ptolemy.actor.Manager.run(Manager.java:1263)
	at ptolemy.actor.Manager$PtolemyRunThread.run(Manager.java:1915)
java.lang.reflect.InvocationTargetException
	at sun.reflect.NativeConstructorAccessorImpl.newInstance0(Native Method)
	at sun.reflect.NativeConstructorAccessorImpl.newInstance(NativeConstructorAccessorImpl.java:62)
	at sun.reflect.DelegatingConstructorAccessorImpl.newInstance(DelegatingConstructorAccessorImpl.java:45)
	at java.lang.reflect.Constructor.newInstance(Constructor.java:423)
	at ptolemy.util.test.junit.AutoKnownFailedTests.RunModel(AutoKnownFailedTests.java:105)
	at sun.reflect.NativeMethodAccessorImpl.invoke0(Native Method)
	at sun.reflect.NativeMethodAccessorImpl.invoke(NativeMethodAccessorImpl.java:62)
	at sun.reflect.DelegatingMethodAccessorImpl.invoke(DelegatingMethodAccessorImpl.java:43)
	at java.lang.reflect.Method.invoke(Method.java:498)
	at org.junit.runners.model.FrameworkMethod$1.runReflectiveCall(FrameworkMethod.java:44)
	at org.junit.internal.runners.model.ReflectiveCallable.run(ReflectiveCallable.java:15)
	at org.junit.runners.model.FrameworkMethod.invokeExplosively(FrameworkMethod.java:41)
	at junitparams.internal.InvokeParameterisedMethod.evaluate(InvokeParameterisedMethod.java:102)
	at org.junit.internal.runners.statements.FailOnTimeout$1.run(FailOnTimeout.java:28)
Caused by: ptolemy.kernel.util.IllegalActionException: SubscriptionAggregatorPorts cannot be used at the top level, use a SubscriptionAggregator actor instead.
  in .PublisherSubscriptionAggregatorPort.SubscriptionAggregatorPort
	at ptolemy.actor.SubscriptionAggregatorPort.preinitialize(SubscriptionAggregatorPort.java:353)
	at ptolemy.actor.CompositeActor.preinitialize(CompositeActor.java:1769)
	at ptolemy.actor.Manager.preinitializeAndResolveTypes(Manager.java:1040)
	at ptolemy.actor.Manager.initialize(Manager.java:710)
	at ptolemy.actor.Manager.execute(Manager.java:356)
	at ptolemy.actor.Manager.run(Manager.java:1263)
	at ptolemy.actor.Manager$PtolemyRunThread.run(Manager.java:1915)
java.lang.RuntimeException: Execution failed
	at ptolemy.moml.MoMLSimpleApplication$UnloadThread.run(MoMLSimpleApplication.java:402)
Caused by: ptolemy.kernel.util.IllegalActionException: TypeTest actor has no training data.
  in .sizedarray3.TypeTest
	at ptolemy.actor.lib.TypeTest.initialize(TypeTest.java:250)
	at ptolemy.actor.Director.initialize(Director.java:938)
	at ptolemy.actor.Director.initialize(Director.java:907)
	at ptolemy.actor.sched.StaticSchedulingDirector.initialize(StaticSchedulingDirector.java:159)
	at ptolemy.domains.sdf.kernel.SDFDirector.initialize(SDFDirector.java:544)
	at ptolemy.actor.CompositeActor.initialize(CompositeActor.java:935)
	at ptolemy.actor.Manager.initialize(Manager.java:724)
	at ptolemy.actor.Manager.execute(Manager.java:356)
	at ptolemy.actor.Manager.run(Manager.java:1263)
	at ptolemy.actor.Manager$PtolemyRunThread.run(Manager.java:1915)
java.lang.reflect.InvocationTargetException
	at sun.reflect.NativeConstructorAccessorImpl.newInstance0(Native Method)
	at sun.reflect.NativeConstructorAccessorImpl.newInstance(NativeConstructorAccessorImpl.java:62)
	at sun.reflect.DelegatingConstructorAccessorImpl.newInstance(DelegatingConstructorAccessorImpl.java:45)
	at java.lang.reflect.Constructor.newInstance(Constructor.java:423)
	at ptolemy.util.test.junit.AutoKnownFailedTests.RunModel(AutoKnownFailedTests.java:105)
	at sun.reflect.NativeMethodAccessorImpl.invoke0(Native Method)
	at sun.reflect.NativeMethodAccessorImpl.invoke(NativeMethodAccessorImpl.java:62)
	at sun.reflect.DelegatingMethodAccessorImpl.invoke(DelegatingMethodAccessorImpl.java:43)
	at java.lang.reflect.Method.invoke(Method.java:498)
	at org.junit.runners.model.FrameworkMethod$1.runReflectiveCall(FrameworkMethod.java:44)
	at org.junit.internal.runners.model.ReflectiveCallable.run(ReflectiveCallable.java:15)
	at org.junit.runners.model.FrameworkMethod.invokeExplosively(FrameworkMethod.java:41)
	at junitparams.internal.InvokeParameterisedMethod.evaluate(InvokeParameterisedMethod.java:102)
	at org.junit.internal.runners.statements.FailOnTimeout$1.run(FailOnTimeout.java:28)
Caused by: ptolemy.kernel.util.IllegalActionException: TypeTest actor has no training data.
  in .sizedarray3.TypeTest
	at ptolemy.actor.lib.TypeTest.initialize(TypeTest.java:250)
	at ptolemy.actor.Director.initialize(Director.java:938)
	at ptolemy.actor.Director.initialize(Director.java:907)
	at ptolemy.actor.sched.StaticSchedulingDirector.initialize(StaticSchedulingDirector.java:159)
	at ptolemy.domains.sdf.kernel.SDFDirector.initialize(SDFDirector.java:544)
	at ptolemy.actor.CompositeActor.initialize(CompositeActor.java:935)
	at ptolemy.actor.Manager.initialize(Manager.java:724)
	at ptolemy.actor.Manager.execute(Manager.java:356)
	at ptolemy.actor.Manager.run(Manager.java:1263)
	at ptolemy.actor.Manager$PtolemyRunThread.run(Manager.java:1915)
]]></system-err>
</testsuite>
