<?xml version="1.0" encoding="UTF-8" ?>
<testsuite errors="0" failures="0" hostname="travis-job-001bcc1f-a1c8-4c51-bebf-708ee029da61" name="ptolemy.domains.de.test.junit.JUnitTclTest" skipped="0" tests="101" time="133.885" timestamp="2018-10-02T02:21:54">
  <properties>
    <property name="npm.executable" value="npm" />
    <property name="file.encoding.pkg" value="sun.io" />
    <property name="env.TRAVIS_ROOT" value="/" />
    <property name="ptII.mk.exists" value="true" />
    <property name="env.TRAVIS_APP_HOST" value="build.travis-ci.org" />
    <property name="env.rvm_bin_path" value="/home/travis/.rvm/bin" />
    <property name="java.home" value="/usr/lib/jvm/java-8-oracle/jre" />
    <property name="env.TRAVIS_JOB_NUMBER" value="760.9" />
    <property name="env.TRAVIS_HOME" value="/home/travis" />
    <property name="env.DISPLAY" value=":99.0" />
    <property name="java.net.preferIPv4Stack" value="true" />
    <property name="env.TRAVIS_INIT" value="upstart" />
    <property name="env.SSH_TTY" value="/dev/pts/0" />
    <property name="env.RUN_TESTS" value="false" />
    <property name="timeout.short" value="1000000" />
    <property name="env.TRAVIS_STACK_NODE_ATTRIBUTES" value="/.node-attributes.yml" />
    <property name="junit.formatter" value="xml" />
    <property name="java.endorsed.dirs" value="/usr/lib/jvm/java-8-oracle/jre/lib/endorsed" />
    <property name="env.TRAVIS_SUDO" value="true" />
    <property name="env.LOGNAME" value="travis" />
    <property name="jsdoc.home" value="node_modules/@terraswarm/jsdoc" />
    <property name="debuglevel" value="source,lines,vars" />
    <property name="checkstyle.formatter" value="xml" />
    <property name="bin.vergil.makeable" value="true" />
    <property name="env._system_version" value="14.04" />
    <property name="sun.os.patch.level" value="unknown" />
    <property name="java.vendor.url" value="http://java.oracle.com/" />
    <property name="env.TRAVIS_BUILD_WEB_URL" value="https://travis-ci.org/icyphy/ptII/builds/435928135" />
    <property name="java.version" value="1.8.0_151" />
    <property name="env.TZ" value="UTC" />
    <property name="env.PT_NO_NET" value="true" />
    <property name="env.TRAVIS_PULL_REQUEST_SHA" value="" />
    <property name="env.TRAVIS_SECURE_ENV_VARS" value="true" />
    <property name="env._system_type" value="Linux" />
    <property name="java.vendor.url.bug" value="http://bugreport.sun.com/bugreport/" />
    <property name="env.SSH_CLIENT" value="10.10.7.231 47730 22" />
    <property name="npmjs-org-is-up" value="true" />
    <property name="env.GEM_HOME" value="/home/travis/.rvm/gems/ruby-2.4.1" />
    <property name="env.HAS_ANTARES_THREE_LITTLE_FRONZIES_BADGE" value="true" />
    <property name="env.PS4" value="+" />
    <property name="ant.project.invoked-targets" value="build,test.core2.xml" />
    <property name="env.TRAVIS_PULL_REQUEST_BRANCH" value="" />
    <property name="env.TRAVIS_REPO_SLUG" value="icyphy/ptII" />
    <property name="node.in.path" value="true" />
    <property name="java.maxmemory" value="1400m" />
    <property name="env.RUBY_VERSION" value="ruby-2.4.1" />
    <property name="user.name" value="travis" />
    <property name="env.LANG" value="en_US.UTF-8" />
    <property name="sun.io.unicode.encoding" value="UnicodeLittle" />
    <property name="sun.jnu.encoding" value="UTF-8" />
    <property name="java.runtime.name" value="Java(TM) SE Runtime Environment" />
    <property name="usefile" value="false" />
    <property name="return.code" value="0" />
    <property name="junit.single.formatter" value="plain" />
    <property name="env.DYLD_LIBRARY_PATH" value="/home/travis/pthla/certi-tools/lib:" />
    <property name="env.DEBIAN_FRONTEND" value="noninteractive" />
    <property name="env.SSH_CONNECTION" value="10.10.7.231 47730 10.20.1.81 22" />
    <property name="env.MYSQL_UNIX_PORT" value="/var/run/mysqld/mysqld.sock" />
    <property name="env.TRAVIS_ALLOW_FAILURE" value="false" />
    <property name="env.LC_ALL" value="en_US.UTF-8" />
    <property name="env.TRAVIS_JOB_WEB_URL" value="https://travis-ci.org/icyphy/ptII/jobs/435928145" />
    <property name="java.specification.name" value="Java Platform API Specification" />
    <property name="node.works" value="true" />
    <property name="user.timezone" value="" />
    <property name="path.separator" value=":" />
    <property name="env.TRAVIS_ENABLE_INFRA_DETECTION" value="true" />
    <property name="env.PYTHON_CFLAGS" value="-g -fstack-protector --param=ssp-buffer-size=4 -Wformat -Werror=format-security" />
    <property name="timeout.long" value="4000000" />
    <property name="env.CERTI_HOME" value="/home/travis/pthla/certi-tools" />
    <property name="file.encoding" value="UTF-8" />
    <property name="ant.file.ptII" value="/home/travis/build/icyphy/ptII/build.xml" />
    <property name="javadoc.packagenames" value="com.*,diva.*,lbnl.*,org.hlacerti.*,org.json.*,org.ptolemy.*,org.terraswarm.*,ptolemy.*,ptserver.*" />
    <property name="env.TRAVIS_PULL_REQUEST_SLUG" value="" />
    <property name="ant.project.default-target" value="build" />
    <property name="env.GIT_ASKPASS" value="echo" />
    <property name="env.HOME" value="/home/travis" />
    <property name="sun.java.command" value="org.apache.tools.ant.taskdefs.optional.junit.JUnitTestRunner ptolemy.domains.de.test.junit.JUnitTclTest skipNonTests=false filtertrace=true haltOnError=false haltOnFailure=false formatter=org.apache.tools.ant.taskdefs.optional.junit.OutErrSummaryJUnitResultFormatter showoutput=true outputtoformatters=true logfailedtests=true threadid=0 logtestlistenerevents=false formatter=org.apache.tools.ant.taskdefs.optional.junit.XMLJUnitResultFormatter,/home/travis/build/icyphy/ptII/reports/junit/TEST-ptolemy.domains.de.test.junit.JUnitTclTest.xml crashfile=/home/travis/build/icyphy/ptII/junitvmwatcher408979351088346130.properties propsfile=/home/travis/build/icyphy/ptII/junit7376039246286381997.properties" />
    <property name="env.MANPATH" value="/home/travis/.nvm/versions/node/v7.10.1/share/man:/home/travis/.kiex/elixirs/elixir-1.4.5/man:/home/travis/.rvm/rubies/ruby-2.4.1/share/man:/usr/local/man:/usr/local/cmake-3.9.2/man:/usr/local/clang-5.0.0/share/man:/usr/local/share/man:/usr/share/man:/home/travis/.rvm/man" />
    <property name="env.COMPOSER_NO_INTERACTION" value="1" />
    <property name="env.JDK_SWITCHER_DEFAULT" value="oraclejdk8" />
    <property name="env.TRAVIS_TIMER_ID" value="022d6602" />
    <property name="ant.file" value="/home/travis/build/icyphy/ptII/build.xml" />
    <property name="env.TRAVIS_COMMIT_RANGE" value="cdc4d9dd9d82a55ea669c9074a0986e063560ef6...037db8a58bf607cc0efd760ed04d55ec29a8c137" />
    <property name="env._system_name" value="Ubuntu" />
    <property name="timeout" value="2400000" />
    <property name="ptII.classpath.optional.property" value="/home/travis/build/icyphy/ptII/lib/bsh-2.0b4.jar:/home/travis/build/icyphy/ptII/lib/ptCal.jar:/home/travis/build/icyphy/ptII/lib/java_cup.jar:/home/travis/build/icyphy/ptII/lib/saxon8.jar:/home/travis/build/icyphy/ptII/lib/saxon8-dom.jar:/home/travis/build/icyphy/ptII/lib/chic.jar:/home/travis/build/icyphy/ptII/lib/ptcolt.jar:/usr/lib/jvm/java-8-oracle/lib/tools.jar:/usr/lib/eclipse/plugins/org.eclipse.jdt.core_3.8.2.dist.jar:/usr/lib/eclipse/plugins/org.eclipse.core.runtime_3.8.0.dist.jar:/usr/lib/eclipse/plugins/org.eclipse.osgi_3.8.1.dist.jar:/usr/lib/eclipse/plugins/org.eclipse.core.resources_3.8.1.dist.jar:/usr/lib/eclipse/plugins/org.eclipse.equinox.common_3.6.100.dist.jar:/usr/lib/eclipse/plugins/org.eclipse.core.jobs_3.5.200.dist.jar:/usr/lib/eclipse/plugins/org.eclipse.core.contenttype_3.4.200.dist.jar:/usr/lib/eclipse/plugins/org.eclipse.equinox.preferences_3.5.0.dist.jar:/usr/lib/eclipse/plugins/org.eclipse.text_3.5.200.dist.jar:/usr/lib/eclipse/plugins/org.eclipse.ui.workbench_3.8.1.dist.jar:/usr/lib/eclipse/plugins/org.eclipse.jface_3.8.0.dist.jar:/usr/lib/eclipse/plugins/org.eclipse.swt_3.8.2.jar:/usr/lib/eclipse/plugins/org.eclipse.jface.text_3.8.1.dist.jar:/usr/lib/eclipse/plugins/org.eclipse.ui.workbench.texteditor_3.8.0.dist.jar:/usr/lib/eclipse/plugins/org.eclipse.ui.editors_3.8.0.dist.jar:/usr/lib/eclipse/plugins/org.eclipse.core.commands_3.6.1.dist.jar:/usr/lib/eclipse/plugins/org.eclipse.equinox.registry_3.5.200.dist.jar:/usr/lib/eclipse/plugins/org.eclipse.ui.console_3.5.100.dist.jar:/usr/lib/eclipse/plugins/org.eclipse.ui.forms_3.5.200.dist.jar:/usr/lib/eclipse/plugins/org.eclipse.ui.ide_3.8.1.dist.jar:/home/travis/build/icyphy/ptII/vendors/oracle/dbxml.jar:/home/travis/build/icyphy/ptII/vendors/oracle/db.jar:/home/travis/build/icyphy/ptII/vendors/misc/itext/iText.jar:/home/travis/build/icyphy/ptII/lib/g4ltl.jar:/home/travis/build/icyphy/ptII/lib/StructuralCoder.jar:/home/travis/build/icyphy/ptII/lib/org-openide-util.jar:/home/travis/build/icyphy/ptII/lib/org-openide-util-lookup.jar:/home/travis/build/icyphy/ptII/lib/org-netbeans-api-visual.jar:/home/travis/build/icyphy/ptII/vendors/jai-1_1_2_01/lib/jai_core.jar:/home/travis/build/icyphy/ptII/vendors/jai-1_1_2_01/lib/jai_codec.jar:/home/travis/build/icyphy/ptII/lib/jcerti.jar:/home/travis/build/icyphy/ptII/lib/smack.jar:/home/travis/build/icyphy/ptII/lib/smackx.jar:/home/travis/build/icyphy/ptII/lib/jetty-all-8.1.5-v20120716.jar:/home/travis/build/icyphy/ptII/lib/javax.servlet-api-3.0.1.jar:/home/travis/build/icyphy/ptII/lib/javax.mail.jar:/home/travis/build/icyphy/ptII/vendors/JMF-2.1.1e/lib/jmf.jar:/home/travis/build/icyphy/ptII/lib/jna-4.0.0-variadic.jar:/home/travis/build/icyphy/ptII/vendors/misc/joystick/Joystick.jar:/home/travis/build/icyphy/ptII/lib/ptjacl.jar:/home/travis/build/icyphy/ptII/lib/jsoup-1.8.2.jar:/home/travis/build/icyphy/ptII/lib/junit-4.8.2.jar:/home/travis/build/icyphy/ptII/lib/JUnitParams-0.4.0.jar:/home/travis/build/icyphy/ptII/ptolemy/actor/lib/excel/jxl.jar:/home/travis/build/icyphy/ptII/lib/jython.jar:/home/travis/build/icyphy/ptII/lib/kieler.jar:/home/travis/build/icyphy/ptII/vendors/opencv/share/OpenCV/java/opencv-341.jar:/home/travis/build/icyphy/ptII/lib/oscP5.jar:/home/travis/build/icyphy/ptII/lib/nrjavaserial-3.11.0.devel.jar:/home/travis/build/icyphy/ptII/vendors/j3d/lib/j3dcore.jar:/home/travis/build/icyphy/ptII/vendors/j3d/lib/j3dutils.jar:/home/travis/build/icyphy/ptII/vendors/j3d/lib/vecmath.jar:/home/travis/build/icyphy/ptII/ptolemy/distributed/jini/jar/jini-core.jar:/home/travis/build/icyphy/ptII/ptolemy/distributed/jini/jar/jini-ext.jar:/home/travis/build/icyphy/ptII/ptolemy/distributed/jini/jar/sun-util.jar:/home/travis/build/icyphy/ptII/lib/protobuf-java-2.4.1.jar:/home/travis/build/icyphy/ptII/lib/org.eclipse.paho.client.mqttv3.jar:/home/travis/build/icyphy/ptII/ptserver/lib/hessian-4.0.7.jar:/home/travis/build/icyphy/ptII/ptserver/lib/wmqtt.jar:/home/travis/build/icyphy/ptII/lib/mapss.jar:/home/travis/build/icyphy/ptII/ptolemy/actor/ptalon/antlr/antlr.jar:/home/travis/build/icyphy/ptII/lib/JRI.jar:/home/travis/build/icyphy/ptII/lib/commons-lang-2.6.jar:/home/travis/build/icyphy/ptII/lib/commons-logging-1.1.1.jar:/home/travis/build/icyphy/ptII/lib/sootclasses.jar:/home/travis/build/icyphy/ptII/ptolemy/actor/lib/database/mysql-connector-java-5.1.6-bin.jar:/home/travis/build/icyphy/ptII/vendors/misc/sphinx4/sphinx4-data-5prealpha.jar:/home/travis/build/icyphy/ptII/vendors/misc/sphinx4/sphinx4-core-5prealpha.jar:/home/travis/build/icyphy/ptII/lib/PDFRenderer.jar:/home/travis/build/icyphy/ptII/lib/svgSalamander.jar:/home/travis/build/icyphy/ptII/lib/rsyntaxtextarea-2.6.0-SNAPSHOT.jar:/home/travis/build/icyphy/ptII/lib/hazelcast-3.8.2.jar:/home/travis/build/icyphy/ptII/lib/jackson-annotations-2.9.0.jar:/home/travis/build/icyphy/ptII/lib/jackson-core-2.9.3.jar:/home/travis/build/icyphy/ptII/lib/jackson-databind-2.9.3.jar:/home/travis/build/icyphy/ptII/lib/netty-buffer-4.1.19.Final.jar:/home/travis/build/icyphy/ptII/lib/netty-codec-4.1.19.Final.jar:/home/travis/build/icyphy/ptII/lib/netty-codec-dns-4.1.19.Final.jar:/home/travis/build/icyphy/ptII/lib/netty-codec-http-4.1.19.Final.jar:/home/travis/build/icyphy/ptII/lib/netty-codec-http2-4.1.19.Final.jar:/home/travis/build/icyphy/ptII/lib/netty-common-4.1.19.Final.jar:/home/travis/build/icyphy/ptII/lib/netty-handler-4.1.19.Final.jar:/home/travis/build/icyphy/ptII/lib/netty-resolver-4.1.19.Final.jar:/home/travis/build/icyphy/ptII/lib/netty-resolver-dns-4.1.19.Final.jar:/home/travis/build/icyphy/ptII/lib/netty-transport-4.1.19.Final.jar:/home/travis/build/icyphy/ptII/lib/vertx-codegen-3.5.1.jar:/home/travis/build/icyphy/ptII/lib/vertx-core-3.5.2-SNAPSHOT.jar:/home/travis/build/icyphy/ptII/lib/vertx-hazelcast-3.5.1.jar:/home/travis/build/icyphy/ptII/lib/vertx-lang-js-3.5.1.jar:/home/travis/build/icyphy/ptII/lib/vertx-service-proxy-3.5.1.jar:/home/travis/build/icyphy/ptII/lib/vertx-web-3.5.1.jar:/home/travis/build/icyphy/ptII/lib/slf4j-api-1.7.13.jar:/home/travis/build/icyphy/ptII/lib/slf4j-simple-1.7.13.jar:/home/travis/build/icyphy/ptII/lib/webcam-capture-0.3.12.jar:/home/travis/build/icyphy/ptII/lib/bridj-0.7.0.jar:/home/travis/build/icyphy/ptII/lib/xbjlib-1.1.0.nrjavaserial.jar" />
    <property name="test.batch" value="**/junit/*.java" />
    <property name="env._" value="/usr/bin/timeout" />
    <property name="java.io.tmpdir" value="/tmp" />
    <property name="env.TRAVIS_INTERNAL_RUBY_REGEX" value="^ruby-(2\.[0-2]\.[0-9]|1\.9\.3)" />
    <property name="user.language" value="en" />
    <property name="env.HISTCONTROL" value="ignoredups:ignorespace" />
    <property name="env.GOROOT" value="/home/travis/.gimme/versions/go1.7.4.linux.amd64" />
    <property name="line.separator" value="&#xa;" />
    <property name="target" value="1.8" />
    <property name="env.TRAVIS_BUILD_DIR" value="/home/travis/build/icyphy/ptII" />
    <property name="env.ANT_OPTS" value="-Xmx2048m" />
    <property name="ant.file.type" value="file" />
    <property name="ptolemy.ptII.batchMode" value="true" />
    <property name="env.HISTSIZE" value="1000" />
    <property name="env.MERB_ENV" value="test" />
    <property name="java.vm.info" value="mixed mode" />
    <property name="source" value="1.8" />
    <property name="java.vm.specification.name" value="Java Virtual Machine Specification" />
    <property name="env.TRAVIS_TEST_RESULT" value="0" />
    <property name="jsdoc.command" value="node_modules/@terraswarm/jsdoc/jsdoc.js" />
    <property name="npm.works" value="true" />
    <property name="cobertura.dir" value="/home/travis/build/icyphy/ptII/vendors/cobertura-2.0.3" />
    <property name="env.rvm_path" value="/home/travis/.rvm" />
    <property name="env.GEM_PATH" value="/home/travis/.rvm/gems/ruby-2.4.1:/home/travis/.rvm/gems/ruby-2.4.1@global" />
    <property name="env.LC_CTYPE" value="en_US.UTF-8" />
    <property name="java.awt.printerjob" value="sun.print.PSPrinterJob" />
    <property name="env.TRAVIS_CMD" value="$PTII/bin/ptIITravisBuild.sh $SECONDS" />
    <property name="env.TRAVIS_STACK_NAME" value="garnet" />
    <property name="env.TRAVIS_TIMER_START_TIME" value="1538446364549648658" />
    <property name="ant.version" value="Apache Ant(TM) version 1.10.1 compiled on February 2 2017" />
    <property name="ptII.reports" value="/home/travis/build/icyphy/ptII/reports" />
    <property name="env.TRAVIS_STACK_TIMESTAMP" value="2017-12-05 19:33:09 UTC" />
    <property name="ant.file.type.ptII" value="file" />
    <property name="env.RBENV_SHELL" value="bash" />
    <property name="os.name" value="Linux" />
    <property name="java.specification.vendor" value="Oracle Corporation" />
    <property name="env.rvm_version" value="1.29.3 (latest)" />
    <property name="env.TRAVIS_INFRA" value="gce" />
    <property name="env.TERM" value="xterm" />
    <property name="java.vm.name" value="Java HotSpot(TM) 64-Bit Server VM" />
    <property name="env.TRAVIS_BUILD_NUMBER" value="760" />
    <property name="env.CI" value="true" />
    <property name="java.library.path" value="/home/travis/pthla/certi-tools/lib:/usr/lib/jni:/usr/local/share/OpenCV/java/:/usr/share/OpenCV/java::/usr/java/packages/lib/amd64:/usr/lib64:/lib64:/lib:/usr/lib" />
    <property name="env.rvm_prefix" value="/home/travis" />
    <property name="env.PATH" value="/home/travis/pthla/certi-tools/share/scripts:/home/travis/.rvm/gems/ruby-2.4.1/bin:/home/travis/.rvm/gems/ruby-2.4.1@global/bin:/home/travis/.rvm/rubies/ruby-2.4.1/bin:/home/travis/.rvm/bin:/home/travis/.nvm/versions/node/v7.10.1/bin:./node_modules/.bin:/home/travis/build/icyphy/ptII/bin:/home/travis/pthla/certi-tools/bin:/home/travis/bin:/home/travis/.local/bin:/opt/pyenv/shims:/home/travis/.phpenv/shims:/home/travis/perl5/perlbrew/bin:/home/travis/.kiex/elixirs/elixir-1.4.5/bin:/home/travis/.kiex/bin:/home/travis/gopath/bin:/home/travis/.gimme/versions/go1.7.4.linux.amd64/bin:/usr/local/phantomjs/bin:/usr/local/phantomjs:/usr/local/neo4j-3.2.7/bin:/usr/local/maven-3.5.2/bin:/usr/local/cmake-3.9.2/bin:/usr/local/clang-5.0.0/bin:/usr/local/sbin:/usr/local/bin:/usr/sbin:/usr/bin:/sbin:/bin:/home/travis/.phpenv/bin:/opt/pyenv/bin:/home/travis/.yarn/bin" />
    <property name="env.TRAVIS_OS_NAME" value="linux" />
    <property name="ant.java.version" value="1.8" />
    <property name="basedir" value="/home/travis/build/icyphy/ptII" />
    <property name="java.class.version" value="52.0" />
    <property name="env.SHLVL" value="3" />
    <property name="env.LD_LIBRARY_PATH" value="/home/travis/pthla/certi-tools/lib:/usr/lib/jni:/usr/local/share/OpenCV/java/:/usr/share/OpenCV/java:" />
    <property name="env.RACK_ENV" value="test" />
    <property name="ant.home" value="/home/travis/build/icyphy/ptII/ant" />
    <property name="env.NVM_DIR" value="/home/travis/.nvm" />
    <property name="env.PERLBREW_BASHRC_VERSION" value="0.80" />
    <property name="env.CERTI_FOM_PATH" value="/home/travis/pthla/certi-tools/share/federations" />
    <property name="env.TRAVIS_BUILD_ID" value="435928135" />
    <property name="env.PYENV_ROOT" value="/opt/pyenv" />
    <property name="env.TRAVIS_UID" value="2000" />
    <property name="env.rvm_pretty_print_flag" value="auto" />
    <property name="env.NVM_BIN" value="/home/travis/.nvm/versions/node/v7.10.1/bin" />
    <property name="env.TRAVIS_COMMIT" value="037db8a58bf607cc0efd760ed04d55ec29a8c137" />
    <property name="env._system_arch" value="x86_64" />
    <property name="node.executable" value="node" />
    <property name="sun.boot.library.path" value="/usr/lib/jvm/java-8-oracle/jre/lib/amd64" />
    <property name="sun.management.compiler" value="HotSpot 64-Bit Tiered Compilers" />
    <property name="env.GOPATH" value="/home/travis/gopath" />
    <property name="java.awt.graphicsenv" value="sun.awt.X11GraphicsEnvironment" />
    <property name="ptolemy.ptII.dir" value="/home/travis/build/icyphy/ptII" />
    <property name="env.USER" value="travis" />
    <property name="env.HISTFILESIZE" value="2000" />
    <property name="timeout.longest" value="19000000" />
    <property name="env.TRAVIS_STACK_FEATURES" value="basic cassandra chromium couchdb disabled-ipv6 docker docker-compose elasticsearch firefox go-toolchain google-chrome jdk memcached mongodb mysql neo4j nodejs_interpreter perl_interpreter perlbrew phantomjs postgresql python_interpreter rabbitmq redis riak ruby_interpreter sqlite xserver" />
    <property name="env.TRAVIS_PULL_REQUEST" value="false" />
    <property name="env.PYENV_SHELL" value="bash" />
    <property name="ant.project.name" value="ptII" />
    <property name="java.vm.specification.version" value="1.8" />
    <property name="env.ANSI_RESET" value="\033[0m" />
    <property name="env.TRAVIS_DIST" value="trusty" />
    <property name="env.CERTI_VERSION" value="4.0.0" />
    <property name="env.NLSPATH" value="/usr/dt/lib/nls/msg/%L/%N.cat" />
    <property name="env.CERTI_HOST" value="localhost" />
    <property name="awt.toolkit" value="sun.awt.X11.XToolkit" />
    <property name="env.MY_RUBY_HOME" value="/home/travis/.rvm/rubies/ruby-2.4.1" />
    <property name="sun.cpu.isalist" value="" />
    <property name="env.TRAVIS_TMPDIR" value="/tmp/tmp.r1mDwFFahw" />
    <property name="java.ext.dirs" value="/usr/lib/jvm/java-8-oracle/jre/lib/ext:/usr/java/packages/lib/ext" />
    <property name="os.version" value="4.4.0-101-generic" />
    <property name="user.home" value="/home/travis" />
    <property name="env.MIX_ARCHIVES" value="/home/travis/.kiex/mix/elixir-1.4.5" />
    <property name="java.vm.vendor" value="Oracle Corporation" />
    <property name="env.TRAVIS_TAG" value="nightly" />
    <property name="env.ANSI_YELLOW" value="\033[33;1m" />
    <property name="env.TRAVIS_FILTERED" value="redirect_io" />
    <property name="env.ANSI_GREEN" value="\033[32;1m" />
    <property name="javadoc.excludepackagenames" value="adm.cvs2svn.*,build.*,config.*,doc.coding.templates.*,jni.test.jni.meaningOfLife.*,jni.test.jni.testDeux.*,jni.test.jni.testTrois.*,org.terraswarm.accessor.accessors.web.node_modules.*,org.terraswarm.accessor.accessors.web.hosts.cordova.demo.*,org.terraswarm.accessor.accessors.web.hosts.cordova.plugins.*,org.terraswarm.accessor.accessors-svn.*,pt-modules.*,ptolemy.apps.agilent.*,ptolemy.apps.anytimecontrol.*,ptolemy.apps.apes.*,ptolemy.apps.charon.*,ptolemy.apps.crazyboard.*,ptolemy.apps.eclipse.*,ptolemy.apps.etherealSting.*,ptolemy.apps.fullscreen.*,ptolemy.apps.giotto.*,ptolemy.apps.ia.*,ptolemy.apps.interfaces.*,ptolemy.apps.jmf.*,ptolemy.apps.kurt.*,ptolemy.apps.kvm.*,ptolemy.apps.lego.*,ptolemy.apps.lejos.*,ptolemy.apps.midp.*,ptolemy.apps.mobileCoding.*,ptolemy.apps.pendulum.*,ptolemy.apps.rijndael.*,ptolemy.apps.robot.*,ptolemy.apps.security.*,ptolemy.apps.sobel.*,ptolemy.apps.soot.*,ptolemy.apps.throttle.*,ptolemy.apps.tini.*,ptolemy.apps.transmission.*,ptolemy.apps.vergil.*,ptolemy.apps.waba.*,ptolemy.apps.websensor.*,ptolemy.apps.webstart.*,ptolemy.apps.xsl.*,ptolemy.apps.zaurus.*,ptolemy.backtrack.eclipse.plugin.*,ptolemy.backtrack.test.*,ptolemy.codegen.c.actor.lib.oldJavaFiles.*,ptolemy.codegen.dsp.lib.*,ptolemy.codegen.kernel.newInterfaces.*,ptolemy.codegen.lib.*,ptolemy.copernicus.kernel.fragment.*,ptolemy.copernicus.shallow.cg.*,ptolemy.domains.giotto.demo.Hierarchy.Hierarchy.*,ptolemy.domains.giotto.demo.Multimode.Multimode.*,ptolemy.domains.giotto.demo.Simple.Simple.*,ptolemy.domains.gr.lib.experimental.*,ptolemy.domains.gro.*,ptolemy.domains.pdf.*,ptolemy.domains.ptinyos.demo.Surge.output.*,ptolemy.moml.test.NoPackageActor.java*,ptolemy.plot.adm.*,ptolemy.plot.servlet.*,reports.*,signed.*,src.*,target.*,vendors.*,ptolemy.cg.adapter.generic.program.procedural.c.mbed*,ptolemy.actor.lib.fmi.fmus.omc*,ptolemy.domains.openmodelica*,ptdb.kernel.bl.save.test.*,ptdb.kernel.bl.load.test.*,ptdb.kernel.bl.search.test.*,ptdb.kernel.bl.migration.test.*,ptdb.kernel.database.test.*,ptdb.test.*,ptdb.gui.test.*,org.ptolemy.scala.*,diva.util.java2d.svg.*,ptolemy.domains.ptinyos.*,ptolemy.actor.lib.fmi.fmipp.*,,org.terraswarm.accessor.accessors.web.node_modules.*,org.terraswarm.accessor.accessors-svn,ptolemy.apps.*,ptolemy.actor.ptalon.demo.ptinyos.SendAndReceiveCnt.output,ptolemy.actor.ptalon.demo.ptinyos.SenseToLeds.output,ptolemy.domains.ptinyos.demo.CntToLedsAndRfm.output,ptolemy.domains.ptinyos.demo.RfmToLeds.output,ptolemy.domains.ptinyos.demo.SendAndReceiveCnt.output,ptolemy.domains.ptinyos.demo.SenseToLeds.output,ptolemy.actor.lib.jjs.modules.udpSocket.*" />
    <property name="env.JAVA_HOME" value="/usr/lib/jvm/java-8-oracle" />
    <property name="env.PTII" value="/home/travis/build/icyphy/ptII" />
    <property name="env.XDG_SESSION_ID" value="2" />
    <property name="keystore" value="ptKeystore" />
    <property name="env.TRAVIS_COMMIT_MESSAGE" value="Added brake by wire demo" />
    <property name="junit.output.dir" value="/home/travis/build/icyphy/ptII/reports/junit" />
    <property name="npm.return.code" value="0" />
    <property name="user.dir" value="/home/travis/build/icyphy/ptII/ptolemy/domains/de/test" />
    <property name="env.TRAVIS_NODE_VERSION" value="7" />
    <property name="env.XFILESEARCHPATH" value="/usr/dt/app-defaults/%L/Dt" />
    <property name="env.MAIL" value="/var/mail/travis" />
    <property name="env.TRAVIS_EVENT_TYPE" value="cron" />
    <property name="env.PERLBREW_ROOT" value="/home/travis/perl5/perlbrew" />
    <property name="env.PWD" value="/home/travis/build/icyphy/ptII" />
    <property name="timeout.npm" value="45000" />
    <property name="env.PT_TRAVIS_TEST_CORE2_XML" value="true" />
    <property name="env.TRAVIS_ARCH" value="amd64" />
    <property name="env.PAGER" value="cat" />
    <property name="sun.cpu.endian" value="little" />
    <property name="env.TRAVIS_BUILD_STAGE_NAME" value="Test" />
    <property name="env.PERLBREW_HOME" value="/home/travis/.perlbrew" />
    <property name="env.RAILS_ENV" value="test" />
    <property name="java.vm.version" value="25.151-b12" />
    <property name="java.class.path" value="/home/travis/build/icyphy/ptII:/home/travis/build/icyphy/ptII/lib/bsh-2.0b4.jar:/home/travis/build/icyphy/ptII/lib/ptCal.jar:/home/travis/build/icyphy/ptII/lib/java_cup.jar:/home/travis/build/icyphy/ptII/lib/saxon8.jar:/home/travis/build/icyphy/ptII/lib/saxon8-dom.jar:/home/travis/build/icyphy/ptII/lib/chic.jar:/home/travis/build/icyphy/ptII/lib/ptcolt.jar:/usr/lib/jvm/java-8-oracle/lib/tools.jar:/usr/lib/eclipse/plugins/org.eclipse.jdt.core_3.8.2.dist.jar:/usr/lib/eclipse/plugins/org.eclipse.core.runtime_3.8.0.dist.jar:/usr/lib/eclipse/plugins/org.eclipse.osgi_3.8.1.dist.jar:/usr/lib/eclipse/plugins/org.eclipse.core.resources_3.8.1.dist.jar:/usr/lib/eclipse/plugins/org.eclipse.equinox.common_3.6.100.dist.jar:/usr/lib/eclipse/plugins/org.eclipse.core.jobs_3.5.200.dist.jar:/usr/lib/eclipse/plugins/org.eclipse.core.contenttype_3.4.200.dist.jar:/usr/lib/eclipse/plugins/org.eclipse.equinox.preferences_3.5.0.dist.jar:/usr/lib/eclipse/plugins/org.eclipse.text_3.5.200.dist.jar:/usr/lib/eclipse/plugins/org.eclipse.ui.workbench_3.8.1.dist.jar:/usr/lib/eclipse/plugins/org.eclipse.jface_3.8.0.dist.jar:/usr/lib/eclipse/plugins/org.eclipse.swt_3.8.2.jar:/usr/lib/eclipse/plugins/org.eclipse.jface.text_3.8.1.dist.jar:/usr/lib/eclipse/plugins/org.eclipse.ui.workbench.texteditor_3.8.0.dist.jar:/usr/lib/eclipse/plugins/org.eclipse.ui.editors_3.8.0.dist.jar:/usr/lib/eclipse/plugins/org.eclipse.core.commands_3.6.1.dist.jar:/usr/lib/eclipse/plugins/org.eclipse.equinox.registry_3.5.200.dist.jar:/usr/lib/eclipse/plugins/org.eclipse.ui.console_3.5.100.dist.jar:/usr/lib/eclipse/plugins/org.eclipse.ui.forms_3.5.200.dist.jar:/usr/lib/eclipse/plugins/org.eclipse.ui.ide_3.8.1.dist.jar:/home/travis/build/icyphy/ptII/vendors/oracle/dbxml.jar:/home/travis/build/icyphy/ptII/vendors/oracle/db.jar:/home/travis/build/icyphy/ptII/vendors/misc/itext/iText.jar:/home/travis/build/icyphy/ptII/lib/g4ltl.jar:/home/travis/build/icyphy/ptII/lib/StructuralCoder.jar:/home/travis/build/icyphy/ptII/lib/org-openide-util.jar:/home/travis/build/icyphy/ptII/lib/org-openide-util-lookup.jar:/home/travis/build/icyphy/ptII/lib/org-netbeans-api-visual.jar:/home/travis/build/icyphy/ptII/vendors/jai-1_1_2_01/lib/jai_core.jar:/home/travis/build/icyphy/ptII/vendors/jai-1_1_2_01/lib/jai_codec.jar:/home/travis/build/icyphy/ptII/lib/jcerti.jar:/home/travis/build/icyphy/ptII/lib/smack.jar:/home/travis/build/icyphy/ptII/lib/smackx.jar:/home/travis/build/icyphy/ptII/lib/jetty-all-8.1.5-v20120716.jar:/home/travis/build/icyphy/ptII/lib/javax.servlet-api-3.0.1.jar:/home/travis/build/icyphy/ptII/lib/javax.mail.jar:/home/travis/build/icyphy/ptII/vendors/JMF-2.1.1e/lib/jmf.jar:/home/travis/build/icyphy/ptII/lib/jna-4.0.0-variadic.jar:/home/travis/build/icyphy/ptII/vendors/misc/joystick/Joystick.jar:/home/travis/build/icyphy/ptII/lib/ptjacl.jar:/home/travis/build/icyphy/ptII/lib/jsoup-1.8.2.jar:/home/travis/build/icyphy/ptII/lib/junit-4.8.2.jar:/home/travis/build/icyphy/ptII/lib/JUnitParams-0.4.0.jar:/home/travis/build/icyphy/ptII/ptolemy/actor/lib/excel/jxl.jar:/home/travis/build/icyphy/ptII/lib/jython.jar:/home/travis/build/icyphy/ptII/lib/kieler.jar:/home/travis/build/icyphy/ptII/vendors/opencv/share/OpenCV/java/opencv-341.jar:/home/travis/build/icyphy/ptII/lib/oscP5.jar:/home/travis/build/icyphy/ptII/lib/nrjavaserial-3.11.0.devel.jar:/home/travis/build/icyphy/ptII/vendors/j3d/lib/j3dcore.jar:/home/travis/build/icyphy/ptII/vendors/j3d/lib/j3dutils.jar:/home/travis/build/icyphy/ptII/vendors/j3d/lib/vecmath.jar:/home/travis/build/icyphy/ptII/ptolemy/distributed/jini/jar/jini-core.jar:/home/travis/build/icyphy/ptII/ptolemy/distributed/jini/jar/jini-ext.jar:/home/travis/build/icyphy/ptII/ptolemy/distributed/jini/jar/sun-util.jar:/home/travis/build/icyphy/ptII/lib/protobuf-java-2.4.1.jar:/home/travis/build/icyphy/ptII/lib/org.eclipse.paho.client.mqttv3.jar:/home/travis/build/icyphy/ptII/ptserver/lib/hessian-4.0.7.jar:/home/travis/build/icyphy/ptII/ptserver/lib/wmqtt.jar:/home/travis/build/icyphy/ptII/lib/mapss.jar:/home/travis/build/icyphy/ptII/ptolemy/actor/ptalon/antlr/antlr.jar:/home/travis/build/icyphy/ptII/lib/JRI.jar:/home/travis/build/icyphy/ptII/lib/commons-lang-2.6.jar:/home/travis/build/icyphy/ptII/lib/commons-logging-1.1.1.jar:/home/travis/build/icyphy/ptII/lib/sootclasses.jar:/home/travis/build/icyphy/ptII/ptolemy/actor/lib/database/mysql-connector-java-5.1.6-bin.jar:/home/travis/build/icyphy/ptII/vendors/misc/sphinx4/sphinx4-data-5prealpha.jar:/home/travis/build/icyphy/ptII/vendors/misc/sphinx4/sphinx4-core-5prealpha.jar:/home/travis/build/icyphy/ptII/lib/PDFRenderer.jar:/home/travis/build/icyphy/ptII/lib/svgSalamander.jar:/home/travis/build/icyphy/ptII/lib/rsyntaxtextarea-2.6.0-SNAPSHOT.jar:/home/travis/build/icyphy/ptII/lib/hazelcast-3.8.2.jar:/home/travis/build/icyphy/ptII/lib/jackson-annotations-2.9.0.jar:/home/travis/build/icyphy/ptII/lib/jackson-core-2.9.3.jar:/home/travis/build/icyphy/ptII/lib/jackson-databind-2.9.3.jar:/home/travis/build/icyphy/ptII/lib/netty-buffer-4.1.19.Final.jar:/home/travis/build/icyphy/ptII/lib/netty-codec-4.1.19.Final.jar:/home/travis/build/icyphy/ptII/lib/netty-codec-dns-4.1.19.Final.jar:/home/travis/build/icyphy/ptII/lib/netty-codec-http-4.1.19.Final.jar:/home/travis/build/icyphy/ptII/lib/netty-codec-http2-4.1.19.Final.jar:/home/travis/build/icyphy/ptII/lib/netty-common-4.1.19.Final.jar:/home/travis/build/icyphy/ptII/lib/netty-handler-4.1.19.Final.jar:/home/travis/build/icyphy/ptII/lib/netty-resolver-4.1.19.Final.jar:/home/travis/build/icyphy/ptII/lib/netty-resolver-dns-4.1.19.Final.jar:/home/travis/build/icyphy/ptII/lib/netty-transport-4.1.19.Final.jar:/home/travis/build/icyphy/ptII/lib/vertx-codegen-3.5.1.jar:/home/travis/build/icyphy/ptII/lib/vertx-core-3.5.2-SNAPSHOT.jar:/home/travis/build/icyphy/ptII/lib/vertx-hazelcast-3.5.1.jar:/home/travis/build/icyphy/ptII/lib/vertx-lang-js-3.5.1.jar:/home/travis/build/icyphy/ptII/lib/vertx-service-proxy-3.5.1.jar:/home/travis/build/icyphy/ptII/lib/vertx-web-3.5.1.jar:/home/travis/build/icyphy/ptII/lib/slf4j-api-1.7.13.jar:/home/travis/build/icyphy/ptII/lib/slf4j-simple-1.7.13.jar:/home/travis/build/icyphy/ptII/lib/webcam-capture-0.3.12.jar:/home/travis/build/icyphy/ptII/lib/bridj-0.7.0.jar:/home/travis/build/icyphy/ptII/lib/xbjlib-1.1.0.nrjavaserial.jar:/home/travis/build/icyphy/ptII/ptolemy/moml/test:/home/travis/build/icyphy/ptII/ant/lib/ant-launcher.jar:/home/travis/build/icyphy/ptII/ant/lib/ant.jar:/home/travis/build/icyphy/ptII/ant/lib/ant-junit.jar:/home/travis/build/icyphy/ptII/ant/lib/ant-junit4.jar" />
    <property name="ant.library.dir" value="/home/travis/build/icyphy/ptII/ant/lib" />
    <property name="os.arch" value="amd64" />
    <property name="env.TRAVIS_LANGUAGE" value="node_js" />
    <property name="env.CONTINUOUS_INTEGRATION" value="true" />
    <property name="env.TRAVIS_STACK_LANGUAGES" value="__garnet__ c c++ clojure cplusplus cpp default go groovy java node_js php pure_java python ruby scala" />
    <property name="test.name" value="ptolemy.actor.lib.test.junit.JUnitTclTest" />
    <property name="sun.java.launcher" value="SUN_STANDARD" />
    <property name="env.PYTHON_CONFIGURE_OPTS" value="--enable-unicode=ucs4 --with-wide-unicode --enable-shared --enable-ipv6 --enable-loadable-sqlite-extensions --with-computed-gotos" />
    <property name="ant.core.lib" value="/home/travis/build/icyphy/ptII/ant/lib/ant.jar" />
    <property name="java.vm.specification.vendor" value="Oracle Corporation" />
    <property name="env.BCVTB_HOME" value="/home/travis/build/icyphy/ptII/lbnl" />
    <property name="file.separator" value="/" />
    <property name="spotbugs.home" value="/home/travis/build/icyphy/ptII/vendors/spotbugs-3.1.1" />
    <property name="java.runtime.version" value="1.8.0_151-b12" />
    <property name="sun.boot.class.path" value="/usr/lib/jvm/java-8-oracle/jre/lib/resources.jar:/usr/lib/jvm/java-8-oracle/jre/lib/rt.jar:/usr/lib/jvm/java-8-oracle/jre/lib/sunrsasign.jar:/usr/lib/jvm/java-8-oracle/jre/lib/jsse.jar:/usr/lib/jvm/java-8-oracle/jre/lib/jce.jar:/usr/lib/jvm/java-8-oracle/jre/lib/charsets.jar:/usr/lib/jvm/java-8-oracle/jre/lib/jfr.jar:/usr/lib/jvm/java-8-oracle/jre/classes" />
    <property name="env.ANSI_CLEAR" value="\033[0K" />
    <property name="env.HAS_JOSH_K_SEAL_OF_APPROVAL" value="true" />
    <property name="env.TRAVIS_OSX_IMAGE" value="" />
    <property name="env.XDG_RUNTIME_DIR" value="/run/user/2000" />
    <property name="env.TRAVIS_BRANCH" value="master" />
    <property name="env.TRAVIS_JOB_ID" value="435928145" />
    <property name="env.CERTI_HOME_TRAVIS" value="/home/travis/pthla/certi-tools" />
    <property name="user.country" value="US" />
    <property name="env.SHELL" value="/bin/bash" />
    <property name="model" value="" />
    <property name="java.maxmemory.large" value="5000m" />
    <property name="env.CASHER_DIR" value="/home/travis/.casher" />
    <property name="env.NVM_CD_FLAGS" value="" />
    <property name="jshint.executable" value="/home/travis/node_modules/jshint/bin/jshint" />
    <property name="env.JRUBY_OPTS" value=" --client -J-XX:+TieredCompilation -J-XX:TieredStopAtLevel=1 -J-Xss2m -Xcompile.invokedynamic=false" />
    <property name="java.vendor" value="Oracle Corporation" />
    <property name="env.TRAVIS_PRE_CHEF_BOOTSTRAP_TIME" value="2017-12-05T19:32:55" />
    <property name="env.ELIXIR_VERSION" value="1.4.5" />
    <property name="env.TRAVIS_STACK_JOB_BOARD_REGISTER" value="/.job-board-register.yml" />
    <property name="env.ANSI_RED" value="\033[31;1m" />
    <property name="java.specification.version" value="1.8" />
    <property name="env.TRAVIS" value="true" />
    <property name="env.IRBRC" value="/home/travis/.rvm/rubies/ruby-2.4.1/.irbrc" />
    <property name="sun.arch.data.model" value="64" />
  </properties>
  <testcase classname="ptolemy.util.test.junit.TclTests" name="[0] /home/travis/build/icyphy/ptII/ptolemy/domains/de/test/DependencyLoop.tcl (RunTclFile)" time="0.758" />
  <testcase classname="ptolemy.util.test.junit.TclTests" name="[1] /home/travis/build/icyphy/ptII/ptolemy/domains/de/test/RunDETestsAsQSS.tcl (RunTclFile)" time="92.795" />
  <testcase classname="ptolemy.util.test.junit.AutoKnownFailedTests" name="[0] /home/travis/build/icyphy/ptII/ptolemy/domains/de/test/auto/knownFailedTests/DESDFClockTest.xml (RunModel)" time="2.03" />
  <testcase classname="ptolemy.util.test.junit.AutoKnownFailedTests" name="[1] /home/travis/build/icyphy/ptII/ptolemy/domains/de/test/auto/knownFailedTests/DirectFeedback.xml (RunModel)" time="0.012" />
  <testcase classname="ptolemy.util.test.junit.AutoKnownFailedTests" name="[2] /home/travis/build/icyphy/ptII/ptolemy/domains/de/test/auto/knownFailedTests/FSMSource.xml (RunModel)" time="0.012" />
  <testcase classname="ptolemy.util.test.junit.AutoKnownFailedTests" name="[3] /home/travis/build/icyphy/ptII/ptolemy/domains/de/test/auto/knownFailedTests/HierarchicalModel.xml (RunModel)" time="0.025" />
  <testcase classname="ptolemy.util.test.junit.AutoKnownFailedTests" name="[4] /home/travis/build/icyphy/ptII/ptolemy/domains/de/test/auto/knownFailedTests/dependencyLoop.xml (RunModel)" time="0.031" />
  <testcase classname="ptolemy.util.test.junit.AutoKnownFailedTests" name="[5] /home/travis/build/icyphy/ptII/ptolemy/domains/de/test/auto/knownFailedTests/dependencyLoop2.xml (RunModel)" time="0.03" />
  <testcase classname="ptolemy.util.test.junit.AutoNameArchTests" name="[0] ThereAreNoAutoArchTests (RunModel)" time="0.004" />
  <testcase classname="ptolemy.util.test.junit.AutoTests" name="[0] /home/travis/build/icyphy/ptII/ptolemy/domains/de/test/auto/ActorDepthCalculation_actorWithoutPorts.xml (RunModel)" time="0.01" />
  <testcase classname="ptolemy.util.test.junit.AutoTests" name="[1] /home/travis/build/icyphy/ptII/ptolemy/domains/de/test/auto/AssemblyLine.xml (RunModel)" time="0.012" />
  <testcase classname="ptolemy.util.test.junit.AutoTests" name="[2] /home/travis/build/icyphy/ptII/ptolemy/domains/de/test/auto/CQBug1.xml (RunModel)" time="0.006" />
  <testcase classname="ptolemy.util.test.junit.AutoTests" name="[3] /home/travis/build/icyphy/ptII/ptolemy/domains/de/test/auto/CancelFireAt.xml (RunModel)" time="0.007" />
  <testcase classname="ptolemy.util.test.junit.AutoTests" name="[4] /home/travis/build/icyphy/ptII/ptolemy/domains/de/test/auto/CausalityAndComposabilityAnalysis.xml (RunModel)" time="0.008" />
  <testcase classname="ptolemy.util.test.junit.AutoTests" name="[5] /home/travis/build/icyphy/ptII/ptolemy/domains/de/test/auto/CausalityInterface1.xml (RunModel)" time="0.01" />
  <testcase classname="ptolemy.util.test.junit.AutoTests" name="[6] /home/travis/build/icyphy/ptII/ptolemy/domains/de/test/auto/CausalityInterface15.xml (RunModel)" time="0.01" />
  <testcase classname="ptolemy.util.test.junit.AutoTests" name="[7] /home/travis/build/icyphy/ptII/ptolemy/domains/de/test/auto/CausalityInterface2.xml (RunModel)" time="0.009" />
  <testcase classname="ptolemy.util.test.junit.AutoTests" name="[8] /home/travis/build/icyphy/ptII/ptolemy/domains/de/test/auto/CausalityInterface3.xml (RunModel)" time="0.009" />
  <testcase classname="ptolemy.util.test.junit.AutoTests" name="[9] /home/travis/build/icyphy/ptII/ptolemy/domains/de/test/auto/ClockDrift.xml (RunModel)" time="0.026" />
  <testcase classname="ptolemy.util.test.junit.AutoTests" name="[10] /home/travis/build/icyphy/ptII/ptolemy/domains/de/test/auto/ClockDriftAndValueChange.xml (RunModel)" time="0.026" />
  <testcase classname="ptolemy.util.test.junit.AutoTests" name="[11] /home/travis/build/icyphy/ptII/ptolemy/domains/de/test/auto/ClockDriftChange.xml (RunModel)" time="0.022" />
  <testcase classname="ptolemy.util.test.junit.AutoTests" name="[12] /home/travis/build/icyphy/ptII/ptolemy/domains/de/test/auto/ComposableCausalityAnalysis.xml (RunModel)" time="0.016" />
  <testcase classname="ptolemy.util.test.junit.AutoTests" name="[13] /home/travis/build/icyphy/ptII/ptolemy/domains/de/test/auto/DEFixedPointLimitation.xml (RunModel)" time="0.007" />
  <testcase classname="ptolemy.util.test.junit.AutoTests" name="[14] /home/travis/build/icyphy/ptII/ptolemy/domains/de/test/auto/DEScheduleTest.xml (RunModel)" time="0.011" />
  <testcase classname="ptolemy.util.test.junit.AutoTests" name="[15] /home/travis/build/icyphy/ptII/ptolemy/domains/de/test/auto/DEinDEwithStartTimes.xml (RunModel)" time="0.009" />
  <testcase classname="ptolemy.util.test.junit.AutoTests" name="[16] /home/travis/build/icyphy/ptII/ptolemy/domains/de/test/auto/DEinDEwithStartTimes2.xml (RunModel)" time="0.01" />
  <testcase classname="ptolemy.util.test.junit.AutoTests" name="[17] /home/travis/build/icyphy/ptII/ptolemy/domains/de/test/auto/DateDemo.xml (RunModel)" time="0.021" />
  <testcase classname="ptolemy.util.test.junit.AutoTests" name="[18] /home/travis/build/icyphy/ptII/ptolemy/domains/de/test/auto/DateToEvent.xml (RunModel)" time="2.032" />
  <testcase classname="ptolemy.util.test.junit.AutoTests" name="[19] /home/travis/build/icyphy/ptII/ptolemy/domains/de/test/auto/DepthTest1.xml (RunModel)" time="0.006" />
  <testcase classname="ptolemy.util.test.junit.AutoTests" name="[20] /home/travis/build/icyphy/ptII/ptolemy/domains/de/test/auto/DepthTest2.xml (RunModel)" time="0.012" />
  <testcase classname="ptolemy.util.test.junit.AutoTests" name="[21] /home/travis/build/icyphy/ptII/ptolemy/domains/de/test/auto/DepthTest3.xml (RunModel)" time="0.006" />
  <testcase classname="ptolemy.util.test.junit.AutoTests" name="[22] /home/travis/build/icyphy/ptII/ptolemy/domains/de/test/auto/DepthTest4.xml (RunModel)" time="0.009" />
  <testcase classname="ptolemy.util.test.junit.AutoTests" name="[23] /home/travis/build/icyphy/ptII/ptolemy/domains/de/test/auto/DepthTest5.xml (RunModel)" time="0.01" />
  <testcase classname="ptolemy.util.test.junit.AutoTests" name="[24] /home/travis/build/icyphy/ptII/ptolemy/domains/de/test/auto/DepthTest6.xml (RunModel)" time="0.009" />
  <testcase classname="ptolemy.util.test.junit.AutoTests" name="[25] /home/travis/build/icyphy/ptII/ptolemy/domains/de/test/auto/DepthTest7.xml (RunModel)" time="0.009" />
  <testcase classname="ptolemy.util.test.junit.AutoTests" name="[26] /home/travis/build/icyphy/ptII/ptolemy/domains/de/test/auto/EventToDate.xml (RunModel)" time="3.026" />
  <testcase classname="ptolemy.util.test.junit.AutoTests" name="[27] /home/travis/build/icyphy/ptII/ptolemy/domains/de/test/auto/FSM1.xml (RunModel)" time="0.02" />
  <testcase classname="ptolemy.util.test.junit.AutoTests" name="[28] /home/travis/build/icyphy/ptII/ptolemy/domains/de/test/auto/FSM7.xml (RunModel)" time="0.029" />
  <testcase classname="ptolemy.util.test.junit.AutoTests" name="[29] /home/travis/build/icyphy/ptII/ptolemy/domains/de/test/auto/Inspection.xml (RunModel)" time="0.041" />
  <testcase classname="ptolemy.util.test.junit.AutoTests" name="[30] /home/travis/build/icyphy/ptII/ptolemy/domains/de/test/auto/Iteration.xml (RunModel)" time="0.022" />
  <testcase classname="ptolemy.util.test.junit.AutoTests" name="[31] /home/travis/build/icyphy/ptII/ptolemy/domains/de/test/auto/LineFault.xml (RunModel)" time="0.403" />
  <testcase classname="ptolemy.util.test.junit.AutoTests" name="[32] /home/travis/build/icyphy/ptII/ptolemy/domains/de/test/auto/MergeModel1Add.xml (RunModel)" time="0.032" />
  <testcase classname="ptolemy.util.test.junit.AutoTests" name="[33] /home/travis/build/icyphy/ptII/ptolemy/domains/de/test/auto/MergeModel2Add.xml (RunModel)" time="0.026" />
  <testcase classname="ptolemy.util.test.junit.AutoTests" name="[34] /home/travis/build/icyphy/ptII/ptolemy/domains/de/test/auto/MergeModel3Add.xml (RunModel)" time="0.026" />
  <testcase classname="ptolemy.util.test.junit.AutoTests" name="[35] /home/travis/build/icyphy/ptII/ptolemy/domains/de/test/auto/MergeWithoutDiscard.xml (RunModel)" time="0.011" />
  <testcase classname="ptolemy.util.test.junit.AutoTests" name="[36] /home/travis/build/icyphy/ptII/ptolemy/domains/de/test/auto/Modal1.xml (RunModel)" time="0.023" />
  <testcase classname="ptolemy.util.test.junit.AutoTests" name="[37] /home/travis/build/icyphy/ptII/ptolemy/domains/de/test/auto/Modal2.xml (RunModel)" time="0.026" />
  <testcase classname="ptolemy.util.test.junit.AutoTests" name="[38] /home/travis/build/icyphy/ptII/ptolemy/domains/de/test/auto/Modal3.xml (RunModel)" time="0.024" />
  <testcase classname="ptolemy.util.test.junit.AutoTests" name="[39] /home/travis/build/icyphy/ptII/ptolemy/domains/de/test/auto/Modal4.xml (RunModel)" time="0.021" />
  <testcase classname="ptolemy.util.test.junit.AutoTests" name="[40] /home/travis/build/icyphy/ptII/ptolemy/domains/de/test/auto/Modal5.xml (RunModel)" time="0.02" />
  <testcase classname="ptolemy.util.test.junit.AutoTests" name="[41] /home/travis/build/icyphy/ptII/ptolemy/domains/de/test/auto/Modal6.xml (RunModel)" time="0.019" />
  <testcase classname="ptolemy.util.test.junit.AutoTests" name="[42] /home/travis/build/icyphy/ptII/ptolemy/domains/de/test/auto/Modal7.xml (RunModel)" time="0.019" />
  <testcase classname="ptolemy.util.test.junit.AutoTests" name="[43] /home/travis/build/icyphy/ptII/ptolemy/domains/de/test/auto/ModalModel.xml (RunModel)" time="0.109" />
  <testcase classname="ptolemy.util.test.junit.AutoTests" name="[44] /home/travis/build/icyphy/ptII/ptolemy/domains/de/test/auto/ModalSource.xml (RunModel)" time="0.012" />
  <testcase classname="ptolemy.util.test.junit.AutoTests" name="[45] /home/travis/build/icyphy/ptII/ptolemy/domains/de/test/auto/NonInterruptibleTimerZeroDelay.xml (RunModel)" time="0.007" />
  <testcase classname="ptolemy.util.test.junit.AutoTests" name="[46] /home/travis/build/icyphy/ptII/ptolemy/domains/de/test/auto/OpenQueueingNetwork.xml (RunModel)" time="2.233" />
  <testcase classname="ptolemy.util.test.junit.AutoTests" name="[47] /home/travis/build/icyphy/ptII/ptolemy/domains/de/test/auto/OpenQueuingNetwork.xml (RunModel)" time="0.316" />
  <testcase classname="ptolemy.util.test.junit.AutoTests" name="[48] /home/travis/build/icyphy/ptII/ptolemy/domains/de/test/auto/PeriodicSampler.xml (RunModel)" time="0.011" />
  <testcase classname="ptolemy.util.test.junit.AutoTests" name="[49] /home/travis/build/icyphy/ptII/ptolemy/domains/de/test/auto/PersistentIO.xml (RunModel)" time="0.025" />
  <testcase classname="ptolemy.util.test.junit.AutoTests" name="[50] /home/travis/build/icyphy/ptII/ptolemy/domains/de/test/auto/PortParameterResetOnInitialize.xml (RunModel)" time="0.009" />
  <testcase classname="ptolemy.util.test.junit.AutoTests" name="[51] /home/travis/build/icyphy/ptII/ptolemy/domains/de/test/auto/PortParameterUpdates.xml (RunModel)" time="0.019" />
  <testcase classname="ptolemy.util.test.junit.AutoTests" name="[52] /home/travis/build/icyphy/ptII/ptolemy/domains/de/test/auto/QueueAndServer.xml (RunModel)" time="0.024" />
  <testcase classname="ptolemy.util.test.junit.AutoTests" name="[53] /home/travis/build/icyphy/ptII/ptolemy/domains/de/test/auto/Records.xml (RunModel)" time="0.022" />
  <testcase classname="ptolemy.util.test.junit.AutoTests" name="[54] /home/travis/build/icyphy/ptII/ptolemy/domains/de/test/auto/ResetTransitionWithStartTime1.xml (RunModel)" time="0.027" />
  <testcase classname="ptolemy.util.test.junit.AutoTests" name="[55] /home/travis/build/icyphy/ptII/ptolemy/domains/de/test/auto/ResetTransitionWithStartTime2.xml (RunModel)" time="0.021" />
  <testcase classname="ptolemy.util.test.junit.AutoTests" name="[56] /home/travis/build/icyphy/ptII/ptolemy/domains/de/test/auto/ResetTransitionWithStartTime3.xml (RunModel)" time="0.02" />
  <testcase classname="ptolemy.util.test.junit.AutoTests" name="[57] /home/travis/build/icyphy/ptII/ptolemy/domains/de/test/auto/ResetTransitionWithStartTime4.xml (RunModel)" time="0.022" />
  <testcase classname="ptolemy.util.test.junit.AutoTests" name="[58] /home/travis/build/icyphy/ptII/ptolemy/domains/de/test/auto/ResettableTimer1.xml (RunModel)" time="0.012" />
  <testcase classname="ptolemy.util.test.junit.AutoTests" name="[59] /home/travis/build/icyphy/ptII/ptolemy/domains/de/test/auto/ResettableTimer2.xml (RunModel)" time="0.01" />
  <testcase classname="ptolemy.util.test.junit.AutoTests" name="[60] /home/travis/build/icyphy/ptII/ptolemy/domains/de/test/auto/ResettableTimer3.xml (RunModel)" time="0.01" />
  <testcase classname="ptolemy.util.test.junit.AutoTests" name="[61] /home/travis/build/icyphy/ptII/ptolemy/domains/de/test/auto/ResettableTimer4.xml (RunModel)" time="0.012" />
  <testcase classname="ptolemy.util.test.junit.AutoTests" name="[62] /home/travis/build/icyphy/ptII/ptolemy/domains/de/test/auto/ResettableTimer5.xml (RunModel)" time="0.01" />
  <testcase classname="ptolemy.util.test.junit.AutoTests" name="[63] /home/travis/build/icyphy/ptII/ptolemy/domains/de/test/auto/ResettableTimer6.xml (RunModel)" time="0.021" />
  <testcase classname="ptolemy.util.test.junit.AutoTests" name="[64] /home/travis/build/icyphy/ptII/ptolemy/domains/de/test/auto/ServerZeroDelay.xml (RunModel)" time="0.019" />
  <testcase classname="ptolemy.util.test.junit.AutoTests" name="[65] /home/travis/build/icyphy/ptII/ptolemy/domains/de/test/auto/SmartSender.xml (RunModel)" time="3.01" />
  <testcase classname="ptolemy.util.test.junit.AutoTests" name="[66] /home/travis/build/icyphy/ptII/ptolemy/domains/de/test/auto/ThreadedComposite.xml (RunModel)" time="0.197" />
  <testcase classname="ptolemy.util.test.junit.AutoTests" name="[67] /home/travis/build/icyphy/ptII/ptolemy/domains/de/test/auto/Time.xml (RunModel)" time="0.511" />
  <testcase classname="ptolemy.util.test.junit.AutoTests" name="[68] /home/travis/build/icyphy/ptII/ptolemy/domains/de/test/auto/TimeDelayZeroDelay.xml (RunModel)" time="0.013" />
  <testcase classname="ptolemy.util.test.junit.AutoTests" name="[69] /home/travis/build/icyphy/ptII/ptolemy/domains/de/test/auto/TimerZeroDelay.xml (RunModel)" time="0.01" />
  <testcase classname="ptolemy.util.test.junit.AutoTests" name="[70] /home/travis/build/icyphy/ptII/ptolemy/domains/de/test/auto/TimingParadox.xml (RunModel)" time="0.393" />
  <testcase classname="ptolemy.util.test.junit.AutoTests" name="[71] /home/travis/build/icyphy/ptII/ptolemy/domains/de/test/auto/TransferInputs.xml (RunModel)" time="0.017" />
  <testcase classname="ptolemy.util.test.junit.AutoTests" name="[72] /home/travis/build/icyphy/ptII/ptolemy/domains/de/test/auto/TransferOutputs2.xml (RunModel)" time="0.018" />
  <testcase classname="ptolemy.util.test.junit.AutoTests" name="[73] /home/travis/build/icyphy/ptII/ptolemy/domains/de/test/auto/Trilateration.xml (RunModel)" time="11.945" />
  <testcase classname="ptolemy.util.test.junit.AutoTests" name="[74] /home/travis/build/icyphy/ptII/ptolemy/domains/de/test/auto/TwoSigmaDelta.xml (RunModel)" time="2.46" />
  <testcase classname="ptolemy.util.test.junit.AutoTests" name="[75] /home/travis/build/icyphy/ptII/ptolemy/domains/de/test/auto/VariableDelay.xml (RunModel)" time="0.011" />
  <testcase classname="ptolemy.util.test.junit.AutoTests" name="[76] /home/travis/build/icyphy/ptII/ptolemy/domains/de/test/auto/VariableDelay2.xml (RunModel)" time="0.015" />
  <testcase classname="ptolemy.util.test.junit.AutoTests" name="[77] /home/travis/build/icyphy/ptII/ptolemy/domains/de/test/auto/VariableDelayZeroDelay.xml (RunModel)" time="0.012" />
  <testcase classname="ptolemy.util.test.junit.AutoTests" name="[78] /home/travis/build/icyphy/ptII/ptolemy/domains/de/test/auto/VariableDelayZeroDelay2.xml (RunModel)" time="0.01" />
  <testcase classname="ptolemy.util.test.junit.AutoTests" name="[79] /home/travis/build/icyphy/ptII/ptolemy/domains/de/test/auto/deInCt.xml (RunModel)" time="0.016" />
  <testcase classname="ptolemy.util.test.junit.AutoTests" name="[80] /home/travis/build/icyphy/ptII/ptolemy/domains/de/test/auto/deInCt2.xml (RunModel)" time="0.015" />
  <testcase classname="ptolemy.util.test.junit.AutoTests" name="[81] /home/travis/build/icyphy/ptII/ptolemy/domains/de/test/auto/dynamicCausalityInterface1.xml (RunModel)" time="0.018" />
  <testcase classname="ptolemy.util.test.junit.AutoTests" name="[82] /home/travis/build/icyphy/ptII/ptolemy/domains/de/test/auto/fsm_de_test.xml (RunModel)" time="0.026" />
  <testcase classname="ptolemy.util.test.junit.AutoTests" name="[83] /home/travis/build/icyphy/ptII/ptolemy/domains/de/test/auto/functionDependencyReconstruction.xml (RunModel)" time="0.035" />
  <testcase classname="ptolemy.util.test.junit.AutoTests" name="[84] /home/travis/build/icyphy/ptII/ptolemy/domains/de/test/auto/multirate.xml (RunModel)" time="0.018" />
  <testcase classname="ptolemy.util.test.junit.AutoTests" name="[85] /home/travis/build/icyphy/ptII/ptolemy/domains/de/test/auto/multirate2.xml (RunModel)" time="0.017" />
  <testcase classname="ptolemy.util.test.junit.AutoTests" name="[86] /home/travis/build/icyphy/ptII/ptolemy/domains/de/test/auto/realtime.xml (RunModel)" time="10.012" />
  <testcase classname="ptolemy.util.test.junit.AutoTests" name="[87] /home/travis/build/icyphy/ptII/ptolemy/domains/de/test/auto/relationGroup.xml (RunModel)" time="0.008" />
  <testcase classname="ptolemy.util.test.junit.AutoTests" name="[88] /home/travis/build/icyphy/ptII/ptolemy/domains/de/test/auto/relationGroup2.xml (RunModel)" time="0.009" />
  <testcase classname="ptolemy.util.test.junit.AutoTests" name="[89] /home/travis/build/icyphy/ptII/ptolemy/domains/de/test/auto/sortWithOpaquePorts.xml (RunModel)" time="0.01" />
  <testcase classname="ptolemy.util.test.junit.AutoTests" name="[90] /home/travis/build/icyphy/ptII/ptolemy/domains/de/test/auto/transferInputsandOutputs.xml (RunModel)" time="0.018" />
  <testcase classname="ptolemy.util.test.junit.AutoTests" name="[91] /home/travis/build/icyphy/ptII/ptolemy/domains/de/test/auto/triggerType.xml (RunModel)" time="0.013" />
  <system-out><![CDATA[/home/travis/build/icyphy/ptII/ptolemy/domains/de/test/DependencyLoop.tcl
testDefs.tcl: setting time out to 9000 seconds at Tue Oct 02 02:21:54 UTC 2018
15 ms. Memory: 116224K Free: 93380K (80%)
11 ms. Memory: 146944K Free: 135487K (92%)
/home/travis/build/icyphy/ptII/ptolemy/domains/de/test/RunDETestsAsQSS.tcl
Run the DE tests using ptolemy.domains.qss.test.QSSDirectorTest, which extends QSSDirector and prints a message in the constructors.
------------------ testing $PTII/ptolemy/domains/de/test/auto/knownFailedTests/dependencyLoop.xml (Known Failure) 
16 ms. Memory: 146944K Free: 132375K (90%)


==== $PTIIhome/travis/build/icyphy/ptII/ptolemy/domains/de/test/../../../../: Auto Automatic test in file $PTII/ptolemy/domains/de/test/auto/knownFailedTests/dependencyLoop.xml
==== Contents of test case:

	    # FIXME: we should use $relativeFilename here, but it
	    # might have backslashes under Windows, which causes no end
	    # of trouble.
	    createAndExecute $file
	    list {}
	
.... Test generated KNOWN error:
    while executing
ptolemy.kernel.util.IllegalActionException: Found a zero delay loop containing .dependencyLoop.original
  in .dependencyLoop and .dependencyLoop.original
	at ptolemy.actor.util.CausalityInterfaceForComposites._computeOutputPortDepth(CausalityInterfaceForComposites.java:759)
	at ptolemy.actor.util.CausalityInterfaceForComposites._computeInputDepth(CausalityInterfaceForComposites.java:696)
	at ptolemy.actor.util.CausalityInterfaceForComposites._computeOutputPortDepth(CausalityInterfaceForComposites.java:765)
	at ptolemy.actor.util.CausalityInterfaceForComposites._computeInputDepth(CausalityInterfaceForComposites.java:696)
	at ptolemy.actor.util.CausalityInterfaceForComposites._computeOutputPortDepth(CausalityInterfaceForComposites.java:765)
	at ptolemy.actor.util.CausalityInterfaceForComposites._computeInputDepth(CausalityInterfaceForComposites.java:696)
	at ptolemy.actor.util.CausalityInterfaceForComposites._computeActorDepth(CausalityInterfaceForComposites.java:532)
	at ptolemy.actor.util.CausalityInterfaceForComposites.checkForCycles(CausalityInterfaceForComposites.java:96)
	at ptolemy.domains.de.kernel.DEDirector.preinitialize(DEDirector.java:1338)
	at ptolemy.actor.CompositeActor.preinitialize(CompositeActor.java:1828)
	at ptolemy.actor.Manager.preinitializeAndResolveTypes(Manager.java:1040)
	at ptolemy.actor.Manager.initialize(Manager.java:710)
	at ptolemy.actor.Manager.execute(Manager.java:356)
	at ptolemy.actor.Manager.run(Manager.java:1263)
	at ptolemy.actor.Manager$PtolemyRunThread.run(Manager.java:1915)

    while executing
ptolemy.kernel.util.IllegalActionException: Found a zero delay loop containing .dependencyLoop.original
  in .dependencyLoop and .dependencyLoop.original
    while executing
"java::new ptolemy.moml.MoMLSimpleApplication $file
"
    (procedure "createAndExecute" line 2)
    invoked from within
"createAndExecute $file"
    ("uplevel" body line 5)
    invoked from within
"uplevel $contents_of_test"
------------------ testing $PTII/ptolemy/domains/de/test/auto/knownFailedTests/DESDFClockTest.xml (Known Failure) 
2094 ms. Memory: 146944K Free: 116579K (79%)


==== $PTIIhome/travis/build/icyphy/ptII/ptolemy/domains/de/test/../../../../: Auto Automatic test in file $PTII/ptolemy/domains/de/test/auto/knownFailedTests/DESDFClockTest.xml
==== Contents of test case:

	    # FIXME: we should use $relativeFilename here, but it
	    # might have backslashes under Windows, which causes no end
	    # of trouble.
	    createAndExecute $file
	    list {}
	
.... Test generated KNOWN error:
    while executing
ptolemy.kernel.util.IllegalActionException: Actor is not ready to fire.  Perhaps UpSample.prefire() returned false? Try debugging the actor by selecting "Listen to Actor".  Also, for SDF check moml for tokenConsumptionRate on input.
  in .DESDFClockTest.Play Bell.Copy1:SDF Director and .DESDFClockTest.Play Bell.UpSample
	at ptolemy.actor.sched.StaticSchedulingDirector.fire(StaticSchedulingDirector.java:227)
	at ptolemy.domains.sdf.kernel.SDFDirector.fire(SDFDirector.java:500)
	at ptolemy.actor.CompositeActor.fire(CompositeActor.java:455)
	at ptolemy.domains.de.kernel.DEDirector._fire(DEDirector.java:1949)
	at ptolemy.domains.de.kernel.DEDirector.fire(DEDirector.java:502)
	at ptolemy.actor.CompositeActor.fire(CompositeActor.java:455)
	at ptolemy.actor.Manager.iterate(Manager.java:851)
	at ptolemy.actor.Manager.execute(Manager.java:369)
	at ptolemy.actor.Manager.run(Manager.java:1263)
	at ptolemy.actor.Manager$PtolemyRunThread.run(Manager.java:1915)

    while executing
ptolemy.kernel.util.IllegalActionException: Actor is not ready to fire.  Perhaps UpSample.prefire() returned false? Try debugging the actor by selecting "Listen to Actor".  Also, for SDF check moml for tokenConsumptionRate on input.
  in .DESDFClockTest.Play Bell.Copy1:SDF Director and .DESDFClockTest.Play Bell.UpSample
    while executing
"java::new ptolemy.moml.MoMLSimpleApplication $file
"
    (procedure "createAndExecute" line 2)
    invoked from within
"createAndExecute $file"
    ("uplevel" body line 5)
    invoked from within
"uplevel $contents_of_test"
------------------ testing $PTII/ptolemy/domains/de/test/auto/knownFailedTests/FSMSource.xml (Known Failure) 
21 ms. Memory: 146944K Free: 107587K (73%)
!!!! Auto was marked as failing, but now passes
------------------ testing $PTII/ptolemy/domains/de/test/auto/knownFailedTests/dependencyLoop2.xml (Known Failure) 
7 ms. Memory: 146944K Free: 105704K (72%)


==== $PTIIhome/travis/build/icyphy/ptII/ptolemy/domains/de/test/../../../../: Auto Automatic test in file $PTII/ptolemy/domains/de/test/auto/knownFailedTests/dependencyLoop2.xml
==== Contents of test case:

	    # FIXME: we should use $relativeFilename here, but it
	    # might have backslashes under Windows, which causes no end
	    # of trouble.
	    createAndExecute $file
	    list {}
	
.... Test generated KNOWN error:
    while executing
ptolemy.kernel.util.IllegalActionException: Found a zero delay loop containing .dependencyLoop2.original
  in .dependencyLoop2 and .dependencyLoop2.original
	at ptolemy.actor.util.CausalityInterfaceForComposites._computeOutputPortDepth(CausalityInterfaceForComposites.java:759)
	at ptolemy.actor.util.CausalityInterfaceForComposites._computeInputDepth(CausalityInterfaceForComposites.java:696)
	at ptolemy.actor.util.CausalityInterfaceForComposites._computeOutputPortDepth(CausalityInterfaceForComposites.java:765)
	at ptolemy.actor.util.CausalityInterfaceForComposites._computeInputDepth(CausalityInterfaceForComposites.java:696)
	at ptolemy.actor.util.CausalityInterfaceForComposites._computeOutputPortDepth(CausalityInterfaceForComposites.java:765)
	at ptolemy.actor.util.CausalityInterfaceForComposites._computeInputDepth(CausalityInterfaceForComposites.java:696)
	at ptolemy.actor.util.CausalityInterfaceForComposites._computeActorDepth(CausalityInterfaceForComposites.java:532)
	at ptolemy.actor.util.CausalityInterfaceForComposites.checkForCycles(CausalityInterfaceForComposites.java:96)
	at ptolemy.domains.de.kernel.DEDirector.preinitialize(DEDirector.java:1338)
	at ptolemy.actor.CompositeActor.preinitialize(CompositeActor.java:1828)
	at ptolemy.actor.Manager.preinitializeAndResolveTypes(Manager.java:1040)
	at ptolemy.actor.Manager.initialize(Manager.java:710)
	at ptolemy.actor.Manager.execute(Manager.java:356)
	at ptolemy.actor.Manager.run(Manager.java:1263)
	at ptolemy.actor.Manager$PtolemyRunThread.run(Manager.java:1915)

    while executing
ptolemy.kernel.util.IllegalActionException: Found a zero delay loop containing .dependencyLoop2.original
  in .dependencyLoop2 and .dependencyLoop2.original
    while executing
"java::new ptolemy.moml.MoMLSimpleApplication $file
"
    (procedure "createAndExecute" line 2)
    invoked from within
"createAndExecute $file"
    ("uplevel" body line 5)
    invoked from within
"uplevel $contents_of_test"
------------------ testing $PTII/ptolemy/domains/de/test/auto/knownFailedTests/HierarchicalModel.xml (Known Failure) 
8 ms. Memory: 146944K Free: 84031K (57%)


==== $PTIIhome/travis/build/icyphy/ptII/ptolemy/domains/de/test/../../../../: Auto Automatic test in file $PTII/ptolemy/domains/de/test/auto/knownFailedTests/HierarchicalModel.xml
==== Contents of test case:

	    # FIXME: we should use $relativeFilename here, but it
	    # might have backslashes under Windows, which causes no end
	    # of trouble.
	    createAndExecute $file
	    list {}
	
.... Test generated KNOWN error:
    while executing
ptolemy.kernel.util.IllegalActionException: Found a zero delay loop containing .HierarchicalModel.A
  in .HierarchicalModel and .HierarchicalModel.A
	at ptolemy.actor.util.CausalityInterfaceForComposites._computeOutputPortDepth(CausalityInterfaceForComposites.java:759)
	at ptolemy.actor.util.CausalityInterfaceForComposites._computeInputDepth(CausalityInterfaceForComposites.java:696)
	at ptolemy.actor.util.CausalityInterfaceForComposites._computeOutputPortDepth(CausalityInterfaceForComposites.java:765)
	at ptolemy.actor.util.CausalityInterfaceForComposites._computeInputDepth(CausalityInterfaceForComposites.java:696)
	at ptolemy.actor.util.CausalityInterfaceForComposites._computeOutputPortDepth(CausalityInterfaceForComposites.java:765)
	at ptolemy.actor.util.CausalityInterfaceForComposites._computeInputDepth(CausalityInterfaceForComposites.java:696)
	at ptolemy.actor.util.CausalityInterfaceForComposites._computeActorDepth(CausalityInterfaceForComposites.java:532)
	at ptolemy.actor.util.CausalityInterfaceForComposites.checkForCycles(CausalityInterfaceForComposites.java:96)
	at ptolemy.domains.de.kernel.DEDirector.preinitialize(DEDirector.java:1338)
	at ptolemy.actor.CompositeActor.preinitialize(CompositeActor.java:1828)
	at ptolemy.actor.Manager.preinitializeAndResolveTypes(Manager.java:1040)
	at ptolemy.actor.Manager.initialize(Manager.java:710)
	at ptolemy.actor.Manager.execute(Manager.java:356)
	at ptolemy.actor.Manager.run(Manager.java:1263)
	at ptolemy.actor.Manager$PtolemyRunThread.run(Manager.java:1915)

    while executing
ptolemy.kernel.util.IllegalActionException: Found a zero delay loop containing .HierarchicalModel.A
  in .HierarchicalModel and .HierarchicalModel.A
    while executing
"java::new ptolemy.moml.MoMLSimpleApplication $file
"
    (procedure "createAndExecute" line 2)
    invoked from within
"createAndExecute $file"
    ("uplevel" body line 5)
    invoked from within
"uplevel $contents_of_test"
------------------ testing $PTII/ptolemy/domains/de/test/auto/knownFailedTests/DirectFeedback.xml (Known Failure) 
7 ms. Memory: 146944K Free: 141172K (96%)


==== $PTIIhome/travis/build/icyphy/ptII/ptolemy/domains/de/test/../../../../: Auto Automatic test in file $PTII/ptolemy/domains/de/test/auto/knownFailedTests/DirectFeedback.xml
==== Contents of test case:

	    # FIXME: we should use $relativeFilename here, but it
	    # might have backslashes under Windows, which causes no end
	    # of trouble.
	    createAndExecute $file
	    list {}
	
.... Test generated KNOWN error:
    while executing
ptolemy.kernel.util.IllegalActionException: Test fails in iteration 1.
Value was: 1.0. Should have been: 2.0
  in .DirectFeedback.Test
	at ptolemy.actor.lib.Test.fire(Test.java:268)
	at ptolemy.domains.de.kernel.DEDirector._fire(DEDirector.java:1949)
	at ptolemy.domains.de.kernel.DEDirector.fire(DEDirector.java:502)
	at ptolemy.actor.CompositeActor.fire(CompositeActor.java:455)
	at ptolemy.actor.Manager.iterate(Manager.java:851)
	at ptolemy.actor.Manager.execute(Manager.java:369)
	at ptolemy.actor.Manager.run(Manager.java:1263)
	at ptolemy.actor.Manager$PtolemyRunThread.run(Manager.java:1915)

    while executing
ptolemy.kernel.util.IllegalActionException: Test fails in iteration 1.
Value was: 1.0. Should have been: 2.0
  in .DirectFeedback.Test
    while executing
"java::new ptolemy.moml.MoMLSimpleApplication $file
"
    (procedure "createAndExecute" line 2)
    invoked from within
"createAndExecute $file"
    ("uplevel" body line 5)
    invoked from within
"uplevel $contents_of_test"
------------------ testing $PTII/ptolemy/domains/de/test/auto/ActorDepthCalculation_actorWithoutPorts.xml
auto.tcl: Setting watchdog for 200 seconds at Tue Oct 02 02:21:58 UTC 2018
8 ms. Memory: 146944K Free: 132420K (90%)
ptolemy.util.test.WatchDog.cancel(): canceling Tue Oct 02 02:21:58 UTC 2018
auto.tcl: Setting watchdog for 200 seconds at Tue Oct 02 02:21:58 UTC 2018
4 ms. Memory: 146944K Free: 131376K (89%)
ptolemy.util.test.WatchDog.cancel(): canceling Tue Oct 02 02:21:58 UTC 2018
------------------ testing $PTII/ptolemy/domains/de/test/auto/AssemblyLine.xml
auto.tcl: Setting watchdog for 200 seconds at Tue Oct 02 02:21:58 UTC 2018
13 ms. Memory: 208384K Free: 186336K (89%)
ptolemy.util.test.WatchDog.cancel(): canceling Tue Oct 02 02:21:58 UTC 2018
auto.tcl: Setting watchdog for 200 seconds at Tue Oct 02 02:21:58 UTC 2018
17 ms. Memory: 208384K Free: 186336K (89%)
ptolemy.util.test.WatchDog.cancel(): canceling Tue Oct 02 02:21:58 UTC 2018
------------------ testing $PTII/ptolemy/domains/de/test/auto/CQBug1.xml
auto.tcl: Setting watchdog for 200 seconds at Tue Oct 02 02:21:59 UTC 2018
11 ms. Memory: 208384K Free: 197717K (95%)
ptolemy.util.test.WatchDog.cancel(): canceling Tue Oct 02 02:21:59 UTC 2018
auto.tcl: Setting watchdog for 200 seconds at Tue Oct 02 02:21:59 UTC 2018
2 ms. Memory: 208384K Free: 197717K (95%)
ptolemy.util.test.WatchDog.cancel(): canceling Tue Oct 02 02:21:59 UTC 2018
------------------ testing $PTII/ptolemy/domains/de/test/auto/CancelFireAt.xml
auto.tcl: Setting watchdog for 200 seconds at Tue Oct 02 02:21:59 UTC 2018
4 ms. Memory: 208384K Free: 201432K (97%)
ptolemy.util.test.WatchDog.cancel(): canceling Tue Oct 02 02:21:59 UTC 2018
auto.tcl: Setting watchdog for 200 seconds at Tue Oct 02 02:21:59 UTC 2018
6 ms. Memory: 208384K Free: 199337K (96%)
ptolemy.util.test.WatchDog.cancel(): canceling Tue Oct 02 02:21:59 UTC 2018
------------------ testing $PTII/ptolemy/domains/de/test/auto/CausalityAndComposabilityAnalysis.xml
auto.tcl: Setting watchdog for 200 seconds at Tue Oct 02 02:21:59 UTC 2018
16 ms. Memory: 208384K Free: 196504K (94%)
ptolemy.util.test.WatchDog.cancel(): canceling Tue Oct 02 02:21:59 UTC 2018
auto.tcl: Setting watchdog for 200 seconds at Tue Oct 02 02:21:59 UTC 2018
7 ms. Memory: 208384K Free: 196504K (94%)
ptolemy.util.test.WatchDog.cancel(): canceling Tue Oct 02 02:21:59 UTC 2018
------------------ testing $PTII/ptolemy/domains/de/test/auto/CausalityInterface1.xml
auto.tcl: Setting watchdog for 200 seconds at Tue Oct 02 02:21:59 UTC 2018
16 ms. Memory: 208384K Free: 196440K (94%)
ptolemy.util.test.WatchDog.cancel(): canceling Tue Oct 02 02:21:59 UTC 2018
auto.tcl: Setting watchdog for 200 seconds at Tue Oct 02 02:21:59 UTC 2018
4 ms. Memory: 208384K Free: 196440K (94%)
ptolemy.util.test.WatchDog.cancel(): canceling Tue Oct 02 02:21:59 UTC 2018
------------------ testing $PTII/ptolemy/domains/de/test/auto/CausalityInterface15.xml
auto.tcl: Setting watchdog for 200 seconds at Tue Oct 02 02:21:59 UTC 2018
8 ms. Memory: 208384K Free: 196330K (94%)
ptolemy.util.test.WatchDog.cancel(): canceling Tue Oct 02 02:21:59 UTC 2018
auto.tcl: Setting watchdog for 200 seconds at Tue Oct 02 02:21:59 UTC 2018
3 ms. Memory: 208384K Free: 196330K (94%)
ptolemy.util.test.WatchDog.cancel(): canceling Tue Oct 02 02:21:59 UTC 2018
------------------ testing $PTII/ptolemy/domains/de/test/auto/CausalityInterface2.xml
auto.tcl: Setting watchdog for 200 seconds at Tue Oct 02 02:21:59 UTC 2018
8 ms. Memory: 208384K Free: 196314K (94%)
ptolemy.util.test.WatchDog.cancel(): canceling Tue Oct 02 02:21:59 UTC 2018
auto.tcl: Setting watchdog for 200 seconds at Tue Oct 02 02:21:59 UTC 2018
3 ms. Memory: 208384K Free: 196314K (94%)
ptolemy.util.test.WatchDog.cancel(): canceling Tue Oct 02 02:21:59 UTC 2018
------------------ testing $PTII/ptolemy/domains/de/test/auto/CausalityInterface3.xml
auto.tcl: Setting watchdog for 200 seconds at Tue Oct 02 02:21:59 UTC 2018
6 ms. Memory: 208384K Free: 196327K (94%)
ptolemy.util.test.WatchDog.cancel(): canceling Tue Oct 02 02:21:59 UTC 2018
auto.tcl: Setting watchdog for 200 seconds at Tue Oct 02 02:21:59 UTC 2018
5 ms. Memory: 208384K Free: 196327K (94%)
ptolemy.util.test.WatchDog.cancel(): canceling Tue Oct 02 02:21:59 UTC 2018
------------------ testing $PTII/ptolemy/domains/de/test/auto/ClockDrift.xml
auto.tcl: Setting watchdog for 200 seconds at Tue Oct 02 02:21:59 UTC 2018
76 ms. Memory: 208384K Free: 187576K (90%)
ptolemy.util.test.WatchDog.cancel(): canceling Tue Oct 02 02:21:59 UTC 2018
auto.tcl: Setting watchdog for 200 seconds at Tue Oct 02 02:21:59 UTC 2018
85 ms. Memory: 208384K Free: 185482K (89%)
ptolemy.util.test.WatchDog.cancel(): canceling Tue Oct 02 02:22:00 UTC 2018
------------------ testing $PTII/ptolemy/domains/de/test/auto/ClockDriftAndValueChange.xml
auto.tcl: Setting watchdog for 200 seconds at Tue Oct 02 02:22:00 UTC 2018
60 ms. Memory: 208384K Free: 187411K (90%)
ptolemy.util.test.WatchDog.cancel(): canceling Tue Oct 02 02:22:00 UTC 2018
auto.tcl: Setting watchdog for 200 seconds at Tue Oct 02 02:22:00 UTC 2018
36 ms. Memory: 208384K Free: 185317K (89%)
ptolemy.util.test.WatchDog.cancel(): canceling Tue Oct 02 02:22:00 UTC 2018
------------------ testing $PTII/ptolemy/domains/de/test/auto/ClockDriftChange.xml
auto.tcl: Setting watchdog for 200 seconds at Tue Oct 02 02:22:00 UTC 2018
48 ms. Memory: 208384K Free: 190726K (92%)
ptolemy.util.test.WatchDog.cancel(): canceling Tue Oct 02 02:22:00 UTC 2018
auto.tcl: Setting watchdog for 200 seconds at Tue Oct 02 02:22:00 UTC 2018
27 ms. Memory: 208384K Free: 188632K (91%)
ptolemy.util.test.WatchDog.cancel(): canceling Tue Oct 02 02:22:00 UTC 2018
------------------ testing $PTII/ptolemy/domains/de/test/auto/ComposableCausalityAnalysis.xml
auto.tcl: Setting watchdog for 200 seconds at Tue Oct 02 02:22:00 UTC 2018
2 ms. Memory: 208384K Free: 196182K (94%)
ptolemy.util.test.WatchDog.cancel(): canceling Tue Oct 02 02:22:00 UTC 2018
auto.tcl: Setting watchdog for 200 seconds at Tue Oct 02 02:22:00 UTC 2018
3 ms. Memory: 208384K Free: 194088K (93%)
ptolemy.util.test.WatchDog.cancel(): canceling Tue Oct 02 02:22:00 UTC 2018
------------------ testing $PTII/ptolemy/domains/de/test/auto/DEFixedPointLimitation.xml
auto.tcl: Setting watchdog for 200 seconds at Tue Oct 02 02:22:00 UTC 2018
2 ms. Memory: 208384K Free: 196263K (94%)
ptolemy.util.test.WatchDog.cancel(): canceling Tue Oct 02 02:22:00 UTC 2018
auto.tcl: Setting watchdog for 200 seconds at Tue Oct 02 02:22:00 UTC 2018
2 ms. Memory: 208384K Free: 196263K (94%)
ptolemy.util.test.WatchDog.cancel(): canceling Tue Oct 02 02:22:00 UTC 2018
------------------ testing $PTII/ptolemy/domains/de/test/auto/DEScheduleTest.xml
auto.tcl: Setting watchdog for 200 seconds at Tue Oct 02 02:22:00 UTC 2018
5 ms. Memory: 208384K Free: 198392K (95%)
ptolemy.util.test.WatchDog.cancel(): canceling Tue Oct 02 02:22:00 UTC 2018
auto.tcl: Setting watchdog for 200 seconds at Tue Oct 02 02:22:00 UTC 2018
5 ms. Memory: 208384K Free: 196298K (94%)
ptolemy.util.test.WatchDog.cancel(): canceling Tue Oct 02 02:22:00 UTC 2018
------------------ testing $PTII/ptolemy/domains/de/test/auto/DEinDEwithStartTimes.xml
auto.tcl: Setting watchdog for 200 seconds at Tue Oct 02 02:22:00 UTC 2018
8 ms. Memory: 208384K Free: 196268K (94%)
ptolemy.util.test.WatchDog.cancel(): canceling Tue Oct 02 02:22:00 UTC 2018
auto.tcl: Setting watchdog for 200 seconds at Tue Oct 02 02:22:00 UTC 2018
4 ms. Memory: 208384K Free: 194174K (93%)
ptolemy.util.test.WatchDog.cancel(): canceling Tue Oct 02 02:22:00 UTC 2018
------------------ testing $PTII/ptolemy/domains/de/test/auto/DEinDEwithStartTimes2.xml
auto.tcl: Setting watchdog for 200 seconds at Tue Oct 02 02:22:00 UTC 2018
6 ms. Memory: 208384K Free: 196247K (94%)
ptolemy.util.test.WatchDog.cancel(): canceling Tue Oct 02 02:22:00 UTC 2018
auto.tcl: Setting watchdog for 200 seconds at Tue Oct 02 02:22:00 UTC 2018
8 ms. Memory: 208384K Free: 194153K (93%)
ptolemy.util.test.WatchDog.cancel(): canceling Tue Oct 02 02:22:00 UTC 2018
------------------ testing $PTII/ptolemy/domains/de/test/auto/DateDemo.xml
auto.tcl: Setting watchdog for 200 seconds at Tue Oct 02 02:22:00 UTC 2018
19 ms. Memory: 208384K Free: 188711K (91%)
ptolemy.util.test.WatchDog.cancel(): canceling Tue Oct 02 02:22:01 UTC 2018
auto.tcl: Setting watchdog for 200 seconds at Tue Oct 02 02:22:01 UTC 2018
13 ms. Memory: 208384K Free: 186616K (90%)
ptolemy.util.test.WatchDog.cancel(): canceling Tue Oct 02 02:22:01 UTC 2018
------------------ testing $PTII/ptolemy/domains/de/test/auto/DateToEvent.xml
auto.tcl: Setting watchdog for 200 seconds at Tue Oct 02 02:22:01 UTC 2018
2010 ms. Memory: 208384K Free: 183450K (88%)
ptolemy.util.test.WatchDog.cancel(): canceling Tue Oct 02 02:22:03 UTC 2018
auto.tcl: Setting watchdog for 200 seconds at Tue Oct 02 02:22:03 UTC 2018
2004 ms. Memory: 208384K Free: 183450K (88%)
ptolemy.util.test.WatchDog.cancel(): canceling Tue Oct 02 02:22:05 UTC 2018
------------------ testing $PTII/ptolemy/domains/de/test/auto/DepthTest1.xml
auto.tcl: Setting watchdog for 200 seconds at Tue Oct 02 02:22:05 UTC 2018
2 ms. Memory: 208384K Free: 197919K (95%)
ptolemy.util.test.WatchDog.cancel(): canceling Tue Oct 02 02:22:05 UTC 2018
auto.tcl: Setting watchdog for 200 seconds at Tue Oct 02 02:22:05 UTC 2018
3 ms. Memory: 208384K Free: 197919K (95%)
ptolemy.util.test.WatchDog.cancel(): canceling Tue Oct 02 02:22:05 UTC 2018
------------------ testing $PTII/ptolemy/domains/de/test/auto/DepthTest2.xml
auto.tcl: Setting watchdog for 200 seconds at Tue Oct 02 02:22:05 UTC 2018
3 ms. Memory: 208384K Free: 194471K (93%)
ptolemy.util.test.WatchDog.cancel(): canceling Tue Oct 02 02:22:05 UTC 2018
auto.tcl: Setting watchdog for 200 seconds at Tue Oct 02 02:22:05 UTC 2018
2 ms. Memory: 208384K Free: 194471K (93%)
ptolemy.util.test.WatchDog.cancel(): canceling Tue Oct 02 02:22:05 UTC 2018
------------------ testing $PTII/ptolemy/domains/de/test/auto/DepthTest3.xml
auto.tcl: Setting watchdog for 200 seconds at Tue Oct 02 02:22:05 UTC 2018
4 ms. Memory: 208384K Free: 198255K (95%)
ptolemy.util.test.WatchDog.cancel(): canceling Tue Oct 02 02:22:05 UTC 2018
auto.tcl: Setting watchdog for 200 seconds at Tue Oct 02 02:22:05 UTC 2018
2 ms. Memory: 208384K Free: 198255K (95%)
ptolemy.util.test.WatchDog.cancel(): canceling Tue Oct 02 02:22:05 UTC 2018
------------------ testing $PTII/ptolemy/domains/de/test/auto/DepthTest4.xml
auto.tcl: Setting watchdog for 200 seconds at Tue Oct 02 02:22:05 UTC 2018
3 ms. Memory: 208384K Free: 196249K (94%)
ptolemy.util.test.WatchDog.cancel(): canceling Tue Oct 02 02:22:05 UTC 2018
auto.tcl: Setting watchdog for 200 seconds at Tue Oct 02 02:22:05 UTC 2018
2 ms. Memory: 208384K Free: 196249K (94%)
ptolemy.util.test.WatchDog.cancel(): canceling Tue Oct 02 02:22:05 UTC 2018
------------------ testing $PTII/ptolemy/domains/de/test/auto/DepthTest5.xml
auto.tcl: Setting watchdog for 200 seconds at Tue Oct 02 02:22:05 UTC 2018
4 ms. Memory: 208384K Free: 196196K (94%)
ptolemy.util.test.WatchDog.cancel(): canceling Tue Oct 02 02:22:05 UTC 2018
auto.tcl: Setting watchdog for 200 seconds at Tue Oct 02 02:22:05 UTC 2018
2 ms. Memory: 208384K Free: 196196K (94%)
ptolemy.util.test.WatchDog.cancel(): canceling Tue Oct 02 02:22:05 UTC 2018
------------------ testing $PTII/ptolemy/domains/de/test/auto/DepthTest6.xml
auto.tcl: Setting watchdog for 200 seconds at Tue Oct 02 02:22:05 UTC 2018
8 ms. Memory: 208384K Free: 196501K (94%)
ptolemy.util.test.WatchDog.cancel(): canceling Tue Oct 02 02:22:05 UTC 2018
auto.tcl: Setting watchdog for 200 seconds at Tue Oct 02 02:22:05 UTC 2018
2 ms. Memory: 208384K Free: 196501K (94%)
ptolemy.util.test.WatchDog.cancel(): canceling Tue Oct 02 02:22:05 UTC 2018
------------------ testing $PTII/ptolemy/domains/de/test/auto/DepthTest7.xml
auto.tcl: Setting watchdog for 200 seconds at Tue Oct 02 02:22:05 UTC 2018
4 ms. Memory: 208384K Free: 196153K (94%)
ptolemy.util.test.WatchDog.cancel(): canceling Tue Oct 02 02:22:05 UTC 2018
auto.tcl: Setting watchdog for 200 seconds at Tue Oct 02 02:22:05 UTC 2018
2 ms. Memory: 208384K Free: 196153K (94%)
ptolemy.util.test.WatchDog.cancel(): canceling Tue Oct 02 02:22:05 UTC 2018
------------------ testing $PTII/ptolemy/domains/de/test/auto/EventToDate.xml
auto.tcl: Setting watchdog for 200 seconds at Tue Oct 02 02:22:05 UTC 2018
3011 ms. Memory: 208384K Free: 183247K (88%)
ptolemy.util.test.WatchDog.cancel(): canceling Tue Oct 02 02:22:08 UTC 2018
auto.tcl: Setting watchdog for 200 seconds at Tue Oct 02 02:22:08 UTC 2018
3004 ms. Memory: 208384K Free: 183247K (88%)
ptolemy.util.test.WatchDog.cancel(): canceling Tue Oct 02 02:22:11 UTC 2018
------------------ testing $PTII/ptolemy/domains/de/test/auto/FSM1.xml
auto.tcl: Setting watchdog for 200 seconds at Tue Oct 02 02:22:11 UTC 2018
36 ms. Memory: 208384K Free: 189217K (91%)
ptolemy.util.test.WatchDog.cancel(): canceling Tue Oct 02 02:22:11 UTC 2018
auto.tcl: Setting watchdog for 200 seconds at Tue Oct 02 02:22:11 UTC 2018
33 ms. Memory: 208384K Free: 185028K (89%)
ptolemy.util.test.WatchDog.cancel(): canceling Tue Oct 02 02:22:12 UTC 2018
------------------ testing $PTII/ptolemy/domains/de/test/auto/FSM7.xml
auto.tcl: Setting watchdog for 200 seconds at Tue Oct 02 02:22:12 UTC 2018
14 ms. Memory: 208384K Free: 187325K (90%)
ptolemy.util.test.WatchDog.cancel(): canceling Tue Oct 02 02:22:12 UTC 2018
auto.tcl: Setting watchdog for 200 seconds at Tue Oct 02 02:22:12 UTC 2018
15 ms. Memory: 208384K Free: 185231K (89%)
ptolemy.util.test.WatchDog.cancel(): canceling Tue Oct 02 02:22:12 UTC 2018
------------------ testing $PTII/ptolemy/domains/de/test/auto/Inspection.xml
auto.tcl: Setting watchdog for 200 seconds at Tue Oct 02 02:22:12 UTC 2018
44 ms. Memory: 208384K Free: 188539K (90%)
ptolemy.util.test.WatchDog.cancel(): canceling Tue Oct 02 02:22:12 UTC 2018
auto.tcl: Setting watchdog for 200 seconds at Tue Oct 02 02:22:12 UTC 2018
32 ms. Memory: 208384K Free: 186445K (89%)
ptolemy.util.test.WatchDog.cancel(): canceling Tue Oct 02 02:22:12 UTC 2018
------------------ testing $PTII/ptolemy/domains/de/test/auto/Iteration.xml
auto.tcl: Setting watchdog for 200 seconds at Tue Oct 02 02:22:12 UTC 2018
21 ms. Memory: 208384K Free: 195959K (94%)
ptolemy.util.test.WatchDog.cancel(): canceling Tue Oct 02 02:22:12 UTC 2018
auto.tcl: Setting watchdog for 200 seconds at Tue Oct 02 02:22:12 UTC 2018
9 ms. Memory: 208384K Free: 193865K (93%)
ptolemy.util.test.WatchDog.cancel(): canceling Tue Oct 02 02:22:12 UTC 2018
------------------ testing $PTII/ptolemy/domains/de/test/auto/LineFault.xml
auto.tcl: Setting watchdog for 200 seconds at Tue Oct 02 02:22:12 UTC 2018
870 ms. Memory: 208384K Free: 196111K (94%)
ptolemy.util.test.WatchDog.cancel(): canceling Tue Oct 02 02:22:13 UTC 2018
auto.tcl: Setting watchdog for 200 seconds at Tue Oct 02 02:22:13 UTC 2018
742 ms. Memory: 208384K Free: 138935K (67%)
ptolemy.util.test.WatchDog.cancel(): canceling Tue Oct 02 02:22:14 UTC 2018
------------------ testing $PTII/ptolemy/domains/de/test/auto/MergeModel1Add.xml
auto.tcl: Setting watchdog for 200 seconds at Tue Oct 02 02:22:14 UTC 2018
22 ms. Memory: 331264K Free: 298767K (90%)
ptolemy.util.test.WatchDog.cancel(): canceling Tue Oct 02 02:22:14 UTC 2018
auto.tcl: Setting watchdog for 200 seconds at Tue Oct 02 02:22:14 UTC 2018
10 ms. Memory: 331264K Free: 298767K (90%)
ptolemy.util.test.WatchDog.cancel(): canceling Tue Oct 02 02:22:14 UTC 2018
------------------ testing $PTII/ptolemy/domains/de/test/auto/MergeModel2Add.xml
auto.tcl: Setting watchdog for 200 seconds at Tue Oct 02 02:22:14 UTC 2018
15 ms. Memory: 331264K Free: 304051K (92%)
ptolemy.util.test.WatchDog.cancel(): canceling Tue Oct 02 02:22:14 UTC 2018
auto.tcl: Setting watchdog for 200 seconds at Tue Oct 02 02:22:14 UTC 2018
14 ms. Memory: 331264K Free: 300106K (91%)
ptolemy.util.test.WatchDog.cancel(): canceling Tue Oct 02 02:22:14 UTC 2018
------------------ testing $PTII/ptolemy/domains/de/test/auto/MergeModel3Add.xml
auto.tcl: Setting watchdog for 200 seconds at Tue Oct 02 02:22:14 UTC 2018
11 ms. Memory: 331264K Free: 304060K (92%)
ptolemy.util.test.WatchDog.cancel(): canceling Tue Oct 02 02:22:14 UTC 2018
auto.tcl: Setting watchdog for 200 seconds at Tue Oct 02 02:22:14 UTC 2018
11 ms. Memory: 331264K Free: 300115K (91%)
ptolemy.util.test.WatchDog.cancel(): canceling Tue Oct 02 02:22:14 UTC 2018
------------------ testing $PTII/ptolemy/domains/de/test/auto/MergeWithoutDiscard.xml
auto.tcl: Setting watchdog for 200 seconds at Tue Oct 02 02:22:14 UTC 2018
8 ms. Memory: 331264K Free: 320124K (97%)
ptolemy.util.test.WatchDog.cancel(): canceling Tue Oct 02 02:22:14 UTC 2018
auto.tcl: Setting watchdog for 200 seconds at Tue Oct 02 02:22:14 UTC 2018
1 ms. Memory: 331264K Free: 316179K (95%)
ptolemy.util.test.WatchDog.cancel(): canceling Tue Oct 02 02:22:14 UTC 2018
------------------ testing $PTII/ptolemy/domains/de/test/auto/Modal1.xml
auto.tcl: Setting watchdog for 200 seconds at Tue Oct 02 02:22:15 UTC 2018
21 ms. Memory: 331264K Free: 309789K (94%)
ptolemy.util.test.WatchDog.cancel(): canceling Tue Oct 02 02:22:15 UTC 2018
auto.tcl: Setting watchdog for 200 seconds at Tue Oct 02 02:22:15 UTC 2018
33 ms. Memory: 331264K Free: 300929K (91%)
ptolemy.util.test.WatchDog.cancel(): canceling Tue Oct 02 02:22:15 UTC 2018
------------------ testing $PTII/ptolemy/domains/de/test/auto/Modal2.xml
auto.tcl: Setting watchdog for 200 seconds at Tue Oct 02 02:22:15 UTC 2018
22 ms. Memory: 331264K Free: 309670K (93%)
ptolemy.util.test.WatchDog.cancel(): canceling Tue Oct 02 02:22:15 UTC 2018
auto.tcl: Setting watchdog for 200 seconds at Tue Oct 02 02:22:15 UTC 2018
16 ms. Memory: 331264K Free: 305725K (92%)
ptolemy.util.test.WatchDog.cancel(): canceling Tue Oct 02 02:22:15 UTC 2018
------------------ testing $PTII/ptolemy/domains/de/test/auto/Modal3.xml
auto.tcl: Setting watchdog for 200 seconds at Tue Oct 02 02:22:15 UTC 2018
18 ms. Memory: 331264K Free: 309946K (94%)
ptolemy.util.test.WatchDog.cancel(): canceling Tue Oct 02 02:22:15 UTC 2018
auto.tcl: Setting watchdog for 200 seconds at Tue Oct 02 02:22:15 UTC 2018
19 ms. Memory: 331264K Free: 305715K (92%)
ptolemy.util.test.WatchDog.cancel(): canceling Tue Oct 02 02:22:15 UTC 2018
------------------ testing $PTII/ptolemy/domains/de/test/auto/Modal4.xml
auto.tcl: Setting watchdog for 200 seconds at Tue Oct 02 02:22:15 UTC 2018
18 ms. Memory: 331264K Free: 309674K (93%)
ptolemy.util.test.WatchDog.cancel(): canceling Tue Oct 02 02:22:15 UTC 2018
auto.tcl: Setting watchdog for 200 seconds at Tue Oct 02 02:22:15 UTC 2018
15 ms. Memory: 331264K Free: 305729K (92%)
ptolemy.util.test.WatchDog.cancel(): canceling Tue Oct 02 02:22:15 UTC 2018
------------------ testing $PTII/ptolemy/domains/de/test/auto/Modal5.xml
auto.tcl: Setting watchdog for 200 seconds at Tue Oct 02 02:22:15 UTC 2018
19 ms. Memory: 331264K Free: 309661K (93%)
ptolemy.util.test.WatchDog.cancel(): canceling Tue Oct 02 02:22:15 UTC 2018
auto.tcl: Setting watchdog for 200 seconds at Tue Oct 02 02:22:15 UTC 2018
16 ms. Memory: 331264K Free: 305716K (92%)
ptolemy.util.test.WatchDog.cancel(): canceling Tue Oct 02 02:22:15 UTC 2018
------------------ testing $PTII/ptolemy/domains/de/test/auto/Modal6.xml
auto.tcl: Setting watchdog for 200 seconds at Tue Oct 02 02:22:15 UTC 2018
13 ms. Memory: 331264K Free: 309659K (93%)
ptolemy.util.test.WatchDog.cancel(): canceling Tue Oct 02 02:22:15 UTC 2018
auto.tcl: Setting watchdog for 200 seconds at Tue Oct 02 02:22:15 UTC 2018
16 ms. Memory: 331264K Free: 305714K (92%)
ptolemy.util.test.WatchDog.cancel(): canceling Tue Oct 02 02:22:15 UTC 2018
------------------ testing $PTII/ptolemy/domains/de/test/auto/Modal7.xml
auto.tcl: Setting watchdog for 200 seconds at Tue Oct 02 02:22:15 UTC 2018
19 ms. Memory: 331264K Free: 309659K (93%)
ptolemy.util.test.WatchDog.cancel(): canceling Tue Oct 02 02:22:15 UTC 2018
auto.tcl: Setting watchdog for 200 seconds at Tue Oct 02 02:22:15 UTC 2018
12 ms. Memory: 331264K Free: 305713K (92%)
ptolemy.util.test.WatchDog.cancel(): canceling Tue Oct 02 02:22:15 UTC 2018
------------------ testing $PTII/ptolemy/domains/de/test/auto/ModalModel.xml
auto.tcl: Setting watchdog for 200 seconds at Tue Oct 02 02:22:15 UTC 2018
235 ms. Memory: 331264K Free: 246182K (74%)
ptolemy.util.test.WatchDog.cancel(): canceling Tue Oct 02 02:22:16 UTC 2018
auto.tcl: Setting watchdog for 200 seconds at Tue Oct 02 02:22:16 UTC 2018
214 ms. Memory: 331264K Free: 190949K (58%)
ptolemy.util.test.WatchDog.cancel(): canceling Tue Oct 02 02:22:16 UTC 2018
------------------ testing $PTII/ptolemy/domains/de/test/auto/ModalSource.xml
auto.tcl: Setting watchdog for 200 seconds at Tue Oct 02 02:22:16 UTC 2018
10 ms. Memory: 331264K Free: 316442K (96%)
ptolemy.util.test.WatchDog.cancel(): canceling Tue Oct 02 02:22:16 UTC 2018
auto.tcl: Setting watchdog for 200 seconds at Tue Oct 02 02:22:16 UTC 2018
6 ms. Memory: 331264K Free: 312928K (94%)
ptolemy.util.test.WatchDog.cancel(): canceling Tue Oct 02 02:22:16 UTC 2018
------------------ testing $PTII/ptolemy/domains/de/test/auto/NonInterruptibleTimerZeroDelay.xml
auto.tcl: Setting watchdog for 200 seconds at Tue Oct 02 02:22:16 UTC 2018
5 ms. Memory: 331264K Free: 320793K (97%)
ptolemy.util.test.WatchDog.cancel(): canceling Tue Oct 02 02:22:16 UTC 2018
auto.tcl: Setting watchdog for 200 seconds at Tue Oct 02 02:22:16 UTC 2018
2 ms. Memory: 331264K Free: 317280K (96%)
ptolemy.util.test.WatchDog.cancel(): canceling Tue Oct 02 02:22:16 UTC 2018
------------------ testing $PTII/ptolemy/domains/de/test/auto/OpenQueueingNetwork.xml
auto.tcl: Setting watchdog for 200 seconds at Tue Oct 02 02:22:16 UTC 2018
3544 ms. Memory: 573952K Free: 406033K (71%)
ptolemy.util.test.WatchDog.cancel(): canceling Tue Oct 02 02:22:20 UTC 2018
auto.tcl: Setting watchdog for 200 seconds at Tue Oct 02 02:22:20 UTC 2018
2558 ms. Memory: 550912K Free: 319420K (58%)
ptolemy.util.test.WatchDog.cancel(): canceling Tue Oct 02 02:22:22 UTC 2018
------------------ testing $PTII/ptolemy/domains/de/test/auto/OpenQueuingNetwork.xml
auto.tcl: Setting watchdog for 200 seconds at Tue Oct 02 02:22:22 UTC 2018
250 ms. Memory: 549888K Free: 446010K (81%)
ptolemy.util.test.WatchDog.cancel(): canceling Tue Oct 02 02:22:23 UTC 2018
auto.tcl: Setting watchdog for 200 seconds at Tue Oct 02 02:22:23 UTC 2018
244 ms. Memory: 549888K Free: 387045K (70%)
ptolemy.util.test.WatchDog.cancel(): canceling Tue Oct 02 02:22:23 UTC 2018
------------------ testing $PTII/ptolemy/domains/de/test/auto/PeriodicSampler.xml
auto.tcl: Setting watchdog for 200 seconds at Tue Oct 02 02:22:23 UTC 2018
2 ms. Memory: 551936K Free: 532098K (96%)
ptolemy.util.test.WatchDog.cancel(): canceling Tue Oct 02 02:22:23 UTC 2018
auto.tcl: Setting watchdog for 200 seconds at Tue Oct 02 02:22:23 UTC 2018
2 ms. Memory: 551936K Free: 532098K (96%)
ptolemy.util.test.WatchDog.cancel(): canceling Tue Oct 02 02:22:23 UTC 2018
------------------ testing $PTII/ptolemy/domains/de/test/auto/PersistentIO.xml
auto.tcl: Setting watchdog for 200 seconds at Tue Oct 02 02:22:23 UTC 2018
10 ms. Memory: 549376K Free: 524761K (96%)
ptolemy.util.test.WatchDog.cancel(): canceling Tue Oct 02 02:22:23 UTC 2018
auto.tcl: Setting watchdog for 200 seconds at Tue Oct 02 02:22:23 UTC 2018
4 ms. Memory: 549376K Free: 524761K (96%)
ptolemy.util.test.WatchDog.cancel(): canceling Tue Oct 02 02:22:23 UTC 2018
------------------ testing $PTII/ptolemy/domains/de/test/auto/PortParameterResetOnInitialize.xml
auto.tcl: Setting watchdog for 200 seconds at Tue Oct 02 02:22:23 UTC 2018
2 ms. Memory: 551424K Free: 531817K (96%)
ptolemy.util.test.WatchDog.cancel(): canceling Tue Oct 02 02:22:23 UTC 2018
auto.tcl: Setting watchdog for 200 seconds at Tue Oct 02 02:22:23 UTC 2018
2 ms. Memory: 551424K Free: 531817K (96%)
ptolemy.util.test.WatchDog.cancel(): canceling Tue Oct 02 02:22:23 UTC 2018
------------------ testing $PTII/ptolemy/domains/de/test/auto/PortParameterUpdates.xml
auto.tcl: Setting watchdog for 200 seconds at Tue Oct 02 02:22:23 UTC 2018
4 ms. Memory: 549376K Free: 524772K (96%)
ptolemy.util.test.WatchDog.cancel(): canceling Tue Oct 02 02:22:23 UTC 2018
auto.tcl: Setting watchdog for 200 seconds at Tue Oct 02 02:22:23 UTC 2018
5 ms. Memory: 549376K Free: 524772K (96%)
ptolemy.util.test.WatchDog.cancel(): canceling Tue Oct 02 02:22:23 UTC 2018
------------------ testing $PTII/ptolemy/domains/de/test/auto/QueueAndServer.xml
auto.tcl: Setting watchdog for 200 seconds at Tue Oct 02 02:22:23 UTC 2018
18 ms. Memory: 551424K Free: 531232K (96%)
ptolemy.util.test.WatchDog.cancel(): canceling Tue Oct 02 02:22:23 UTC 2018
auto.tcl: Setting watchdog for 200 seconds at Tue Oct 02 02:22:23 UTC 2018
7 ms. Memory: 551424K Free: 531232K (96%)
ptolemy.util.test.WatchDog.cancel(): canceling Tue Oct 02 02:22:23 UTC 2018
------------------ testing $PTII/ptolemy/domains/de/test/auto/Records.xml
auto.tcl: Setting watchdog for 200 seconds at Tue Oct 02 02:22:23 UTC 2018
6 ms. Memory: 549376K Free: 534488K (97%)
ptolemy.util.test.WatchDog.cancel(): canceling Tue Oct 02 02:22:23 UTC 2018
auto.tcl: Setting watchdog for 200 seconds at Tue Oct 02 02:22:23 UTC 2018
4 ms. Memory: 549376K Free: 529128K (96%)
ptolemy.util.test.WatchDog.cancel(): canceling Tue Oct 02 02:22:23 UTC 2018
------------------ testing $PTII/ptolemy/domains/de/test/auto/ResetTransitionWithStartTime1.xml
auto.tcl: Setting watchdog for 200 seconds at Tue Oct 02 02:22:23 UTC 2018
12 ms. Memory: 551424K Free: 531414K (96%)
ptolemy.util.test.WatchDog.cancel(): canceling Tue Oct 02 02:22:24 UTC 2018
auto.tcl: Setting watchdog for 200 seconds at Tue Oct 02 02:22:24 UTC 2018
6 ms. Memory: 551424K Free: 531185K (96%)
ptolemy.util.test.WatchDog.cancel(): canceling Tue Oct 02 02:22:24 UTC 2018
------------------ testing $PTII/ptolemy/domains/de/test/auto/ResetTransitionWithStartTime2.xml
auto.tcl: Setting watchdog for 200 seconds at Tue Oct 02 02:22:24 UTC 2018
5 ms. Memory: 549376K Free: 529357K (96%)
ptolemy.util.test.WatchDog.cancel(): canceling Tue Oct 02 02:22:24 UTC 2018
auto.tcl: Setting watchdog for 200 seconds at Tue Oct 02 02:22:24 UTC 2018
6 ms. Memory: 549376K Free: 529357K (96%)
ptolemy.util.test.WatchDog.cancel(): canceling Tue Oct 02 02:22:24 UTC 2018
------------------ testing $PTII/ptolemy/domains/de/test/auto/ResetTransitionWithStartTime3.xml
auto.tcl: Setting watchdog for 200 seconds at Tue Oct 02 02:22:24 UTC 2018
6 ms. Memory: 550912K Free: 530662K (96%)
ptolemy.util.test.WatchDog.cancel(): canceling Tue Oct 02 02:22:24 UTC 2018
auto.tcl: Setting watchdog for 200 seconds at Tue Oct 02 02:22:24 UTC 2018
7 ms. Memory: 550912K Free: 530662K (96%)
ptolemy.util.test.WatchDog.cancel(): canceling Tue Oct 02 02:22:24 UTC 2018
------------------ testing $PTII/ptolemy/domains/de/test/auto/ResetTransitionWithStartTime4.xml
auto.tcl: Setting watchdog for 200 seconds at Tue Oct 02 02:22:24 UTC 2018
4 ms. Memory: 549376K Free: 529370K (96%)
ptolemy.util.test.WatchDog.cancel(): canceling Tue Oct 02 02:22:24 UTC 2018
auto.tcl: Setting watchdog for 200 seconds at Tue Oct 02 02:22:24 UTC 2018
4 ms. Memory: 549376K Free: 529370K (96%)
ptolemy.util.test.WatchDog.cancel(): canceling Tue Oct 02 02:22:24 UTC 2018
------------------ testing $PTII/ptolemy/domains/de/test/auto/ResettableTimer1.xml
auto.tcl: Setting watchdog for 200 seconds at Tue Oct 02 02:22:24 UTC 2018
4 ms. Memory: 550912K Free: 531352K (96%)
ptolemy.util.test.WatchDog.cancel(): canceling Tue Oct 02 02:22:24 UTC 2018
auto.tcl: Setting watchdog for 200 seconds at Tue Oct 02 02:22:24 UTC 2018
2 ms. Memory: 550912K Free: 531352K (96%)
ptolemy.util.test.WatchDog.cancel(): canceling Tue Oct 02 02:22:24 UTC 2018
------------------ testing $PTII/ptolemy/domains/de/test/auto/ResettableTimer2.xml
auto.tcl: Setting watchdog for 200 seconds at Tue Oct 02 02:22:24 UTC 2018
4 ms. Memory: 549376K Free: 534783K (97%)
ptolemy.util.test.WatchDog.cancel(): canceling Tue Oct 02 02:22:24 UTC 2018
auto.tcl: Setting watchdog for 200 seconds at Tue Oct 02 02:22:24 UTC 2018
3 ms. Memory: 549376K Free: 534783K (97%)
ptolemy.util.test.WatchDog.cancel(): canceling Tue Oct 02 02:22:24 UTC 2018
------------------ testing $PTII/ptolemy/domains/de/test/auto/ResettableTimer3.xml
auto.tcl: Setting watchdog for 200 seconds at Tue Oct 02 02:22:24 UTC 2018
1 ms. Memory: 550912K Free: 531410K (96%)
ptolemy.util.test.WatchDog.cancel(): canceling Tue Oct 02 02:22:24 UTC 2018
auto.tcl: Setting watchdog for 200 seconds at Tue Oct 02 02:22:24 UTC 2018
1 ms. Memory: 550912K Free: 531410K (96%)
ptolemy.util.test.WatchDog.cancel(): canceling Tue Oct 02 02:22:24 UTC 2018
------------------ testing $PTII/ptolemy/domains/de/test/auto/ResettableTimer4.xml
auto.tcl: Setting watchdog for 200 seconds at Tue Oct 02 02:22:24 UTC 2018
1 ms. Memory: 549376K Free: 534796K (97%)
ptolemy.util.test.WatchDog.cancel(): canceling Tue Oct 02 02:22:24 UTC 2018
auto.tcl: Setting watchdog for 200 seconds at Tue Oct 02 02:22:24 UTC 2018
1 ms. Memory: 549376K Free: 534796K (97%)
ptolemy.util.test.WatchDog.cancel(): canceling Tue Oct 02 02:22:24 UTC 2018
------------------ testing $PTII/ptolemy/domains/de/test/auto/ResettableTimer5.xml
auto.tcl: Setting watchdog for 200 seconds at Tue Oct 02 02:22:24 UTC 2018
1 ms. Memory: 550400K Free: 530909K (96%)
ptolemy.util.test.WatchDog.cancel(): canceling Tue Oct 02 02:22:24 UTC 2018
auto.tcl: Setting watchdog for 200 seconds at Tue Oct 02 02:22:24 UTC 2018
1 ms. Memory: 550400K Free: 530909K (96%)
ptolemy.util.test.WatchDog.cancel(): canceling Tue Oct 02 02:22:24 UTC 2018
------------------ testing $PTII/ptolemy/domains/de/test/auto/ResettableTimer6.xml
auto.tcl: Setting watchdog for 200 seconds at Tue Oct 02 02:22:24 UTC 2018
2 ms. Memory: 549376K Free: 534514K (97%)
ptolemy.util.test.WatchDog.cancel(): canceling Tue Oct 02 02:22:24 UTC 2018
auto.tcl: Setting watchdog for 200 seconds at Tue Oct 02 02:22:24 UTC 2018
2 ms. Memory: 549376K Free: 534514K (97%)
ptolemy.util.test.WatchDog.cancel(): canceling Tue Oct 02 02:22:24 UTC 2018
------------------ testing $PTII/ptolemy/domains/de/test/auto/ServerZeroDelay.xml
auto.tcl: Setting watchdog for 200 seconds at Tue Oct 02 02:22:24 UTC 2018
2 ms. Memory: 550400K Free: 535758K (97%)
ptolemy.util.test.WatchDog.cancel(): canceling Tue Oct 02 02:22:24 UTC 2018
auto.tcl: Setting watchdog for 200 seconds at Tue Oct 02 02:22:24 UTC 2018
3 ms. Memory: 550400K Free: 535758K (97%)
ptolemy.util.test.WatchDog.cancel(): canceling Tue Oct 02 02:22:24 UTC 2018
------------------ testing $PTII/ptolemy/domains/de/test/auto/SmartSender.xml
auto.tcl: Setting watchdog for 200 seconds at Tue Oct 02 02:22:24 UTC 2018
3001 ms. Memory: 549376K Free: 530050K (96%)
ptolemy.util.test.WatchDog.cancel(): canceling Tue Oct 02 02:22:27 UTC 2018
auto.tcl: Setting watchdog for 200 seconds at Tue Oct 02 02:22:27 UTC 2018
3001 ms. Memory: 549376K Free: 530050K (96%)
ptolemy.util.test.WatchDog.cancel(): canceling Tue Oct 02 02:22:30 UTC 2018
------------------ testing $PTII/ptolemy/domains/de/test/auto/ThreadedComposite.xml
auto.tcl: Setting watchdog for 200 seconds at Tue Oct 02 02:22:30 UTC 2018
383 ms. Memory: 550400K Free: 501402K (91%)
ptolemy.util.test.WatchDog.cancel(): canceling Tue Oct 02 02:22:31 UTC 2018
auto.tcl: Setting watchdog for 200 seconds at Tue Oct 02 02:22:31 UTC 2018
247 ms. Memory: 550400K Free: 477323K (87%)
ptolemy.util.test.WatchDog.cancel(): canceling Tue Oct 02 02:22:31 UTC 2018
------------------ testing $PTII/ptolemy/domains/de/test/auto/Time.xml
auto.tcl: Setting watchdog for 200 seconds at Tue Oct 02 02:22:31 UTC 2018
651 ms. Memory: 549376K Free: 482748K (88%)
ptolemy.util.test.WatchDog.cancel(): canceling Tue Oct 02 02:22:32 UTC 2018
auto.tcl: Setting watchdog for 200 seconds at Tue Oct 02 02:22:32 UTC 2018
552 ms. Memory: 549376K Free: 429144K (78%)
ptolemy.util.test.WatchDog.cancel(): canceling Tue Oct 02 02:22:32 UTC 2018
------------------ testing $PTII/ptolemy/domains/de/test/auto/TimeDelayZeroDelay.xml
auto.tcl: Setting watchdog for 200 seconds at Tue Oct 02 02:22:32 UTC 2018
2 ms. Memory: 550400K Free: 535446K (97%)
ptolemy.util.test.WatchDog.cancel(): canceling Tue Oct 02 02:22:32 UTC 2018
auto.tcl: Setting watchdog for 200 seconds at Tue Oct 02 02:22:32 UTC 2018
2 ms. Memory: 550400K Free: 535446K (97%)
ptolemy.util.test.WatchDog.cancel(): canceling Tue Oct 02 02:22:32 UTC 2018
------------------ testing $PTII/ptolemy/domains/de/test/auto/TimerZeroDelay.xml
auto.tcl: Setting watchdog for 200 seconds at Tue Oct 02 02:22:32 UTC 2018
5 ms. Memory: 549376K Free: 534695K (97%)
ptolemy.util.test.WatchDog.cancel(): canceling Tue Oct 02 02:22:32 UTC 2018
auto.tcl: Setting watchdog for 200 seconds at Tue Oct 02 02:22:32 UTC 2018
2 ms. Memory: 549376K Free: 534695K (97%)
ptolemy.util.test.WatchDog.cancel(): canceling Tue Oct 02 02:22:32 UTC 2018
------------------ testing $PTII/ptolemy/domains/de/test/auto/TimingParadox.xml
auto.tcl: Setting watchdog for 200 seconds at Tue Oct 02 02:22:32 UTC 2018
375 ms. Memory: 549888K Free: 470017K (85%)
ptolemy.util.test.WatchDog.cancel(): canceling Tue Oct 02 02:22:33 UTC 2018
auto.tcl: Setting watchdog for 200 seconds at Tue Oct 02 02:22:33 UTC 2018
366 ms. Memory: 549888K Free: 432494K (79%)
ptolemy.util.test.WatchDog.cancel(): canceling Tue Oct 02 02:22:33 UTC 2018
------------------ testing $PTII/ptolemy/domains/de/test/auto/TransferInputs.xml
auto.tcl: Setting watchdog for 200 seconds at Tue Oct 02 02:22:33 UTC 2018
2 ms. Memory: 549888K Free: 534112K (97%)
ptolemy.util.test.WatchDog.cancel(): canceling Tue Oct 02 02:22:33 UTC 2018
auto.tcl: Setting watchdog for 200 seconds at Tue Oct 02 02:22:33 UTC 2018
2 ms. Memory: 549888K Free: 534112K (97%)
ptolemy.util.test.WatchDog.cancel(): canceling Tue Oct 02 02:22:33 UTC 2018
------------------ testing $PTII/ptolemy/domains/de/test/auto/TransferOutputs2.xml
auto.tcl: Setting watchdog for 200 seconds at Tue Oct 02 02:22:33 UTC 2018
4 ms. Memory: 549376K Free: 524654K (95%)
ptolemy.util.test.WatchDog.cancel(): canceling Tue Oct 02 02:22:33 UTC 2018
auto.tcl: Setting watchdog for 200 seconds at Tue Oct 02 02:22:33 UTC 2018
6 ms. Memory: 549376K Free: 524654K (95%)
ptolemy.util.test.WatchDog.cancel(): canceling Tue Oct 02 02:22:34 UTC 2018
------------------ testing $PTII/ptolemy/domains/de/test/auto/Trilateration.xml
auto.tcl: Setting watchdog for 200 seconds at Tue Oct 02 02:22:34 UTC 2018
15250 ms. Memory: 766976K Free: 227330K (30%)
ptolemy.util.test.WatchDog.cancel(): canceling Tue Oct 02 02:22:50 UTC 2018
auto.tcl: Setting watchdog for 200 seconds at Tue Oct 02 02:22:50 UTC 2018
10967 ms. Memory: 646144K Free: 90195K (14%)
ptolemy.util.test.WatchDog.cancel(): canceling Tue Oct 02 02:23:01 UTC 2018
------------------ testing $PTII/ptolemy/domains/de/test/auto/TwoSigmaDelta.xml
auto.tcl: Setting watchdog for 200 seconds at Tue Oct 02 02:23:01 UTC 2018
3082 ms. Memory: 649728K Free: 342470K (53%)
ptolemy.util.test.WatchDog.cancel(): canceling Tue Oct 02 02:23:04 UTC 2018
auto.tcl: Setting watchdog for 200 seconds at Tue Oct 02 02:23:04 UTC 2018
2151 ms. Memory: 649728K Free: 117095K (18%)
ptolemy.util.test.WatchDog.cancel(): canceling Tue Oct 02 02:23:07 UTC 2018
------------------ testing $PTII/ptolemy/domains/de/test/auto/VariableDelay.xml
auto.tcl: Setting watchdog for 200 seconds at Tue Oct 02 02:23:07 UTC 2018
7 ms. Memory: 646656K Free: 627254K (97%)
ptolemy.util.test.WatchDog.cancel(): canceling Tue Oct 02 02:23:07 UTC 2018
auto.tcl: Setting watchdog for 200 seconds at Tue Oct 02 02:23:07 UTC 2018
2 ms. Memory: 646656K Free: 627254K (97%)
ptolemy.util.test.WatchDog.cancel(): canceling Tue Oct 02 02:23:07 UTC 2018
------------------ testing $PTII/ptolemy/domains/de/test/auto/VariableDelay2.xml
auto.tcl: Setting watchdog for 200 seconds at Tue Oct 02 02:23:07 UTC 2018
8 ms. Memory: 646144K Free: 627188K (97%)
ptolemy.util.test.WatchDog.cancel(): canceling Tue Oct 02 02:23:07 UTC 2018
auto.tcl: Setting watchdog for 200 seconds at Tue Oct 02 02:23:07 UTC 2018
2 ms. Memory: 646144K Free: 627188K (97%)
ptolemy.util.test.WatchDog.cancel(): canceling Tue Oct 02 02:23:07 UTC 2018
------------------ testing $PTII/ptolemy/domains/de/test/auto/VariableDelayZeroDelay.xml
auto.tcl: Setting watchdog for 200 seconds at Tue Oct 02 02:23:07 UTC 2018
2 ms. Memory: 646144K Free: 621539K (96%)
ptolemy.util.test.WatchDog.cancel(): canceling Tue Oct 02 02:23:07 UTC 2018
auto.tcl: Setting watchdog for 200 seconds at Tue Oct 02 02:23:07 UTC 2018
1 ms. Memory: 646144K Free: 621539K (96%)
ptolemy.util.test.WatchDog.cancel(): canceling Tue Oct 02 02:23:07 UTC 2018
------------------ testing $PTII/ptolemy/domains/de/test/auto/VariableDelayZeroDelay2.xml
auto.tcl: Setting watchdog for 200 seconds at Tue Oct 02 02:23:07 UTC 2018
2 ms. Memory: 649216K Free: 624610K (96%)
ptolemy.util.test.WatchDog.cancel(): canceling Tue Oct 02 02:23:07 UTC 2018
auto.tcl: Setting watchdog for 200 seconds at Tue Oct 02 02:23:07 UTC 2018
1 ms. Memory: 649216K Free: 624610K (96%)
ptolemy.util.test.WatchDog.cancel(): canceling Tue Oct 02 02:23:07 UTC 2018
------------------ testing $PTII/ptolemy/domains/de/test/auto/deInCt.xml
auto.tcl: Setting watchdog for 200 seconds at Tue Oct 02 02:23:07 UTC 2018
0
1
1
0
0
0
1
1
1
1
1
0
0
0
1
1
1
1
0
0
1
1
1
0
0
0
1
1
1
0
0
0
1
1
1
0
0
0
0
0
10 ms. Memory: 646144K Free: 621503K (96%)
ptolemy.util.test.WatchDog.cancel(): canceling Tue Oct 02 02:23:07 UTC 2018
auto.tcl: Setting watchdog for 200 seconds at Tue Oct 02 02:23:07 UTC 2018
0
1
1
1
0
0
0
0
0
1
1
1
0
0
0
1
1
0
0
0
1
1
1
1
1
1
0
0
0
0
0
6 ms. Memory: 646144K Free: 621503K (96%)
ptolemy.util.test.WatchDog.cancel(): canceling Tue Oct 02 02:23:07 UTC 2018
------------------ testing $PTII/ptolemy/domains/de/test/auto/deInCt2.xml
auto.tcl: Setting watchdog for 200 seconds at Tue Oct 02 02:23:07 UTC 2018
0
1
1
1
0
0
1
1
1
0
0
1
1
1
0
0
1
1
1
0
0
1
1
1
0
0
1
1
1
0
0
1
1
1
0
0
1
1
1
0
0
0
6 ms. Memory: 648704K Free: 624063K (96%)
ptolemy.util.test.WatchDog.cancel(): canceling Tue Oct 02 02:23:07 UTC 2018
auto.tcl: Setting watchdog for 200 seconds at Tue Oct 02 02:23:07 UTC 2018
0
1
1
1
0
0
1
1
1
0
0
1
1
1
0
0
1
1
1
0
0
1
1
1
0
0
1
1
1
0
0
1
1
1
0
0
1
1
1
0
0
0
9 ms. Memory: 648704K Free: 624063K (96%)
ptolemy.util.test.WatchDog.cancel(): canceling Tue Oct 02 02:23:07 UTC 2018
------------------ testing $PTII/ptolemy/domains/de/test/auto/dynamicCausalityInterface1.xml
auto.tcl: Setting watchdog for 200 seconds at Tue Oct 02 02:23:07 UTC 2018
3 ms. Memory: 646144K Free: 618635K (96%)
ptolemy.util.test.WatchDog.cancel(): canceling Tue Oct 02 02:23:07 UTC 2018
auto.tcl: Setting watchdog for 200 seconds at Tue Oct 02 02:23:07 UTC 2018
1 ms. Memory: 646144K Free: 618635K (96%)
ptolemy.util.test.WatchDog.cancel(): canceling Tue Oct 02 02:23:07 UTC 2018
------------------ testing $PTII/ptolemy/domains/de/test/auto/fsm_de_test.xml
auto.tcl: Setting watchdog for 200 seconds at Tue Oct 02 02:23:07 UTC 2018
18 ms. Memory: 648192K Free: 623473K (96%)
ptolemy.util.test.WatchDog.cancel(): canceling Tue Oct 02 02:23:07 UTC 2018
auto.tcl: Setting watchdog for 200 seconds at Tue Oct 02 02:23:07 UTC 2018
5 ms. Memory: 648192K Free: 614923K (95%)
ptolemy.util.test.WatchDog.cancel(): canceling Tue Oct 02 02:23:07 UTC 2018
------------------ testing $PTII/ptolemy/domains/de/test/auto/functionDependencyReconstruction.xml
auto.tcl: Setting watchdog for 200 seconds at Tue Oct 02 02:23:07 UTC 2018
5 ms. Memory: 646144K Free: 612873K (95%)
ptolemy.util.test.WatchDog.cancel(): canceling Tue Oct 02 02:23:07 UTC 2018
auto.tcl: Setting watchdog for 200 seconds at Tue Oct 02 02:23:07 UTC 2018
3 ms. Memory: 646144K Free: 604323K (94%)
ptolemy.util.test.WatchDog.cancel(): canceling Tue Oct 02 02:23:07 UTC 2018
------------------ testing $PTII/ptolemy/domains/de/test/auto/multirate.xml
auto.tcl: Setting watchdog for 200 seconds at Tue Oct 02 02:23:07 UTC 2018
4 ms. Memory: 648192K Free: 623340K (96%)
ptolemy.util.test.WatchDog.cancel(): canceling Tue Oct 02 02:23:07 UTC 2018
auto.tcl: Setting watchdog for 200 seconds at Tue Oct 02 02:23:07 UTC 2018
3 ms. Memory: 648192K Free: 623340K (96%)
ptolemy.util.test.WatchDog.cancel(): canceling Tue Oct 02 02:23:07 UTC 2018
------------------ testing $PTII/ptolemy/domains/de/test/auto/multirate2.xml
auto.tcl: Setting watchdog for 200 seconds at Tue Oct 02 02:23:08 UTC 2018
2 ms. Memory: 646144K Free: 621481K (96%)
ptolemy.util.test.WatchDog.cancel(): canceling Tue Oct 02 02:23:08 UTC 2018
auto.tcl: Setting watchdog for 200 seconds at Tue Oct 02 02:23:08 UTC 2018
3 ms. Memory: 646144K Free: 621481K (96%)
ptolemy.util.test.WatchDog.cancel(): canceling Tue Oct 02 02:23:08 UTC 2018
------------------ testing $PTII/ptolemy/domains/de/test/auto/realtime.xml
auto.tcl: Setting watchdog for 200 seconds at Tue Oct 02 02:23:08 UTC 2018
10001 ms. Memory: 647680K Free: 622983K (96%)
ptolemy.util.test.WatchDog.cancel(): canceling Tue Oct 02 02:23:18 UTC 2018
auto.tcl: Setting watchdog for 200 seconds at Tue Oct 02 02:23:18 UTC 2018
10001 ms. Memory: 647680K Free: 622983K (96%)
ptolemy.util.test.WatchDog.cancel(): canceling Tue Oct 02 02:23:28 UTC 2018
------------------ testing $PTII/ptolemy/domains/de/test/auto/relationGroup.xml
auto.tcl: Setting watchdog for 200 seconds at Tue Oct 02 02:23:28 UTC 2018
4 ms. Memory: 646144K Free: 621505K (96%)
ptolemy.util.test.WatchDog.cancel(): canceling Tue Oct 02 02:23:28 UTC 2018
auto.tcl: Setting watchdog for 200 seconds at Tue Oct 02 02:23:28 UTC 2018
1 ms. Memory: 646144K Free: 621505K (96%)
ptolemy.util.test.WatchDog.cancel(): canceling Tue Oct 02 02:23:28 UTC 2018
------------------ testing $PTII/ptolemy/domains/de/test/auto/relationGroup2.xml
auto.tcl: Setting watchdog for 200 seconds at Tue Oct 02 02:23:28 UTC 2018
2 ms. Memory: 647680K Free: 623068K (96%)
ptolemy.util.test.WatchDog.cancel(): canceling Tue Oct 02 02:23:28 UTC 2018
auto.tcl: Setting watchdog for 200 seconds at Tue Oct 02 02:23:28 UTC 2018
1 ms. Memory: 647680K Free: 623068K (96%)
ptolemy.util.test.WatchDog.cancel(): canceling Tue Oct 02 02:23:28 UTC 2018
------------------ testing $PTII/ptolemy/domains/de/test/auto/sortWithOpaquePorts.xml
auto.tcl: Setting watchdog for 200 seconds at Tue Oct 02 02:23:28 UTC 2018
2 ms. Memory: 646144K Free: 621533K (96%)
ptolemy.util.test.WatchDog.cancel(): canceling Tue Oct 02 02:23:28 UTC 2018
auto.tcl: Setting watchdog for 200 seconds at Tue Oct 02 02:23:28 UTC 2018
2 ms. Memory: 646144K Free: 621533K (96%)
ptolemy.util.test.WatchDog.cancel(): canceling Tue Oct 02 02:23:28 UTC 2018
------------------ testing $PTII/ptolemy/domains/de/test/auto/transferInputsandOutputs.xml
auto.tcl: Setting watchdog for 200 seconds at Tue Oct 02 02:23:28 UTC 2018
2 ms. Memory: 647168K Free: 622544K (96%)
ptolemy.util.test.WatchDog.cancel(): canceling Tue Oct 02 02:23:28 UTC 2018
auto.tcl: Setting watchdog for 200 seconds at Tue Oct 02 02:23:28 UTC 2018
5 ms. Memory: 647168K Free: 622544K (96%)
ptolemy.util.test.WatchDog.cancel(): canceling Tue Oct 02 02:23:28 UTC 2018
------------------ testing $PTII/ptolemy/domains/de/test/auto/triggerType.xml
auto.tcl: Setting watchdog for 200 seconds at Tue Oct 02 02:23:28 UTC 2018
1 ms. Memory: 646144K Free: 621471K (96%)
ptolemy.util.test.WatchDog.cancel(): canceling Tue Oct 02 02:23:28 UTC 2018
auto.tcl: Setting watchdog for 200 seconds at Tue Oct 02 02:23:28 UTC 2018
1 ms. Memory: 646144K Free: 621471K (96%)
ptolemy.util.test.WatchDog.cancel(): canceling Tue Oct 02 02:23:28 UTC 2018
10/02/18 02:23:28
Failed: 0  Total Tests: 192  ((Passed: 187, Newly Passed: 1)  Known Failed: 5) /home/travis/build/icyphy/ptII/ptolemy/domains/de/test
10/02/18 02:23:28
Failed: 0  Total Tests: 192  ((Passed: 187, Newly Passed: 1)  Known Failed: 5) /home/travis/build/icyphy/ptII/ptolemy/domains/de/test
----------------- testing (KnownFailure) /home/travis/build/icyphy/ptII/ptolemy/domains/de/test/auto/knownFailedTests/DESDFClockTest.xml
2015 ms. Memory: 647168K Free: 611253K (94%)
Known Failure: java.lang.reflect.InvocationTargetException
----------------- testing (KnownFailure) /home/travis/build/icyphy/ptII/ptolemy/domains/de/test/auto/knownFailedTests/DirectFeedback.xml
1 ms. Memory: 647168K Free: 566074K (87%)
Known Failure: java.lang.reflect.InvocationTargetException
----------------- testing (KnownFailure) /home/travis/build/icyphy/ptII/ptolemy/domains/de/test/auto/knownFailedTests/FSMSource.xml
5 ms. Memory: 647168K Free: 520895K (80%)
----------------- testing (KnownFailure) /home/travis/build/icyphy/ptII/ptolemy/domains/de/test/auto/knownFailedTests/HierarchicalModel.xml
1 ms. Memory: 647168K Free: 486995K (75%)
Known Failure: java.lang.reflect.InvocationTargetException
----------------- testing (KnownFailure) /home/travis/build/icyphy/ptII/ptolemy/domains/de/test/auto/knownFailedTests/dependencyLoop.xml
1 ms. Memory: 647168K Free: 430473K (67%)
Known Failure: java.lang.reflect.InvocationTargetException
----------------- testing (KnownFailure) /home/travis/build/icyphy/ptII/ptolemy/domains/de/test/auto/knownFailedTests/dependencyLoop2.xml
2 ms. Memory: 647168K Free: 373991K (58%)
Known Failure: java.lang.reflect.InvocationTargetException
No auto/linux-amd64/*.xml tests in /home/travis/build/icyphy/ptII/ptolemy/domains/de/test
AutoTests.java: About to close Vertx.
AutoTests.java: Vertx closed.

===========================================================================================
----------------- testing Tue Oct 02 02:23:30 UTC 2018 /home/travis/build/icyphy/ptII/ptolemy/domains/de/test/auto/ActorDepthCalculation_actorWithoutPorts.xml
----------------- Instantiating /home/travis/build/icyphy/ptII/ptolemy/domains/de/test/auto/ActorDepthCalculation_actorWithoutPorts.xml
1 ms. Memory: 647168K Free: 317517K (49%)
----------------- Invoking toplevel() on ptolemy.moml.MoMLSimpleApplication@6dc69042
----------------- Done invoking toplevel() on ptolemy.moml.MoMLSimpleApplication@6dc69042
reloadAllAccessors: .ActorDepthCalculation_actorWithoutPorts

===========================================================================================
----------------- testing Tue Oct 02 02:23:30 UTC 2018 /home/travis/build/icyphy/ptII/ptolemy/domains/de/test/auto/AssemblyLine.xml
----------------- Instantiating /home/travis/build/icyphy/ptII/ptolemy/domains/de/test/auto/AssemblyLine.xml
2 ms. Memory: 647168K Free: 294928K (46%)
----------------- Invoking toplevel() on ptolemy.moml.MoMLSimpleApplication@521d24cf
----------------- Done invoking toplevel() on ptolemy.moml.MoMLSimpleApplication@521d24cf
reloadAllAccessors: .AssemblyLine

===========================================================================================
----------------- testing Tue Oct 02 02:23:30 UTC 2018 /home/travis/build/icyphy/ptII/ptolemy/domains/de/test/auto/CQBug1.xml
----------------- Instantiating /home/travis/build/icyphy/ptII/ptolemy/domains/de/test/auto/CQBug1.xml
2 ms. Memory: 647168K Free: 272338K (42%)
----------------- Invoking toplevel() on ptolemy.moml.MoMLSimpleApplication@4d61c063
----------------- Done invoking toplevel() on ptolemy.moml.MoMLSimpleApplication@4d61c063
reloadAllAccessors: .CQBug1

===========================================================================================
----------------- testing Tue Oct 02 02:23:30 UTC 2018 /home/travis/build/icyphy/ptII/ptolemy/domains/de/test/auto/CancelFireAt.xml
----------------- Instantiating /home/travis/build/icyphy/ptII/ptolemy/domains/de/test/auto/CancelFireAt.xml
1 ms. Memory: 647168K Free: 249749K (39%)
----------------- Invoking toplevel() on ptolemy.moml.MoMLSimpleApplication@6eada20
----------------- Done invoking toplevel() on ptolemy.moml.MoMLSimpleApplication@6eada20
reloadAllAccessors: .CancelFireAt

===========================================================================================
----------------- testing Tue Oct 02 02:23:30 UTC 2018 /home/travis/build/icyphy/ptII/ptolemy/domains/de/test/auto/CausalityAndComposabilityAnalysis.xml
----------------- Instantiating /home/travis/build/icyphy/ptII/ptolemy/domains/de/test/auto/CausalityAndComposabilityAnalysis.xml
1 ms. Memory: 647168K Free: 227159K (35%)
----------------- Invoking toplevel() on ptolemy.moml.MoMLSimpleApplication@6f0db993
----------------- Done invoking toplevel() on ptolemy.moml.MoMLSimpleApplication@6f0db993
reloadAllAccessors: .CausalityAndComposabilityAnalysis

===========================================================================================
----------------- testing Tue Oct 02 02:23:30 UTC 2018 /home/travis/build/icyphy/ptII/ptolemy/domains/de/test/auto/CausalityInterface1.xml
----------------- Instantiating /home/travis/build/icyphy/ptII/ptolemy/domains/de/test/auto/CausalityInterface1.xml
3 ms. Memory: 647168K Free: 204570K (32%)
----------------- Invoking toplevel() on ptolemy.moml.MoMLSimpleApplication@274ebfe
----------------- Done invoking toplevel() on ptolemy.moml.MoMLSimpleApplication@274ebfe
reloadAllAccessors: .CausalityInterface1

===========================================================================================
----------------- testing Tue Oct 02 02:23:30 UTC 2018 /home/travis/build/icyphy/ptII/ptolemy/domains/de/test/auto/CausalityInterface15.xml
----------------- Instantiating /home/travis/build/icyphy/ptII/ptolemy/domains/de/test/auto/CausalityInterface15.xml
1 ms. Memory: 647168K Free: 181980K (28%)
----------------- Invoking toplevel() on ptolemy.moml.MoMLSimpleApplication@3f3089b9
----------------- Done invoking toplevel() on ptolemy.moml.MoMLSimpleApplication@3f3089b9
reloadAllAccessors: .CausalityInterface15

===========================================================================================
----------------- testing Tue Oct 02 02:23:30 UTC 2018 /home/travis/build/icyphy/ptII/ptolemy/domains/de/test/auto/CausalityInterface2.xml
----------------- Instantiating /home/travis/build/icyphy/ptII/ptolemy/domains/de/test/auto/CausalityInterface2.xml
1 ms. Memory: 647168K Free: 159391K (25%)
----------------- Invoking toplevel() on ptolemy.moml.MoMLSimpleApplication@1ecc0371
----------------- Done invoking toplevel() on ptolemy.moml.MoMLSimpleApplication@1ecc0371
reloadAllAccessors: .CausalityInterface2

===========================================================================================
----------------- testing Tue Oct 02 02:23:30 UTC 2018 /home/travis/build/icyphy/ptII/ptolemy/domains/de/test/auto/CausalityInterface3.xml
----------------- Instantiating /home/travis/build/icyphy/ptII/ptolemy/domains/de/test/auto/CausalityInterface3.xml
1 ms. Memory: 647168K Free: 136802K (21%)
----------------- Invoking toplevel() on ptolemy.moml.MoMLSimpleApplication@67e9e516
----------------- Done invoking toplevel() on ptolemy.moml.MoMLSimpleApplication@67e9e516
reloadAllAccessors: .CausalityInterface3

===========================================================================================
----------------- testing Tue Oct 02 02:23:30 UTC 2018 /home/travis/build/icyphy/ptII/ptolemy/domains/de/test/auto/ClockDrift.xml
----------------- Instantiating /home/travis/build/icyphy/ptII/ptolemy/domains/de/test/auto/ClockDrift.xml
9 ms. Memory: 647168K Free: 114212K (18%)
----------------- Invoking toplevel() on ptolemy.moml.MoMLSimpleApplication@7c88400d
----------------- Done invoking toplevel() on ptolemy.moml.MoMLSimpleApplication@7c88400d
reloadAllAccessors: .ClockDrift

===========================================================================================
----------------- testing Tue Oct 02 02:23:30 UTC 2018 /home/travis/build/icyphy/ptII/ptolemy/domains/de/test/auto/ClockDriftAndValueChange.xml
----------------- Instantiating /home/travis/build/icyphy/ptII/ptolemy/domains/de/test/auto/ClockDriftAndValueChange.xml
8 ms. Memory: 647168K Free: 91623K (14%)
----------------- Invoking toplevel() on ptolemy.moml.MoMLSimpleApplication@2dc03516
----------------- Done invoking toplevel() on ptolemy.moml.MoMLSimpleApplication@2dc03516
reloadAllAccessors: .ClockDriftAndValueChange

===========================================================================================
----------------- testing Tue Oct 02 02:23:30 UTC 2018 /home/travis/build/icyphy/ptII/ptolemy/domains/de/test/auto/ClockDriftChange.xml
----------------- Instantiating /home/travis/build/icyphy/ptII/ptolemy/domains/de/test/auto/ClockDriftChange.xml
8 ms. Memory: 647168K Free: 77650K (12%)
----------------- Invoking toplevel() on ptolemy.moml.MoMLSimpleApplication@47de9765
----------------- Done invoking toplevel() on ptolemy.moml.MoMLSimpleApplication@47de9765
reloadAllAccessors: .ClockDriftChange

===========================================================================================
----------------- testing Tue Oct 02 02:23:30 UTC 2018 /home/travis/build/icyphy/ptII/ptolemy/domains/de/test/auto/ComposableCausalityAnalysis.xml
----------------- Instantiating /home/travis/build/icyphy/ptII/ptolemy/domains/de/test/auto/ComposableCausalityAnalysis.xml
1 ms. Memory: 619520K Free: 592956K (96%)
----------------- Invoking toplevel() on ptolemy.moml.MoMLSimpleApplication@71e60035
----------------- Done invoking toplevel() on ptolemy.moml.MoMLSimpleApplication@71e60035
reloadAllAccessors: .ComposableCausalityAnalysis

===========================================================================================
----------------- testing Tue Oct 02 02:23:30 UTC 2018 /home/travis/build/icyphy/ptII/ptolemy/domains/de/test/auto/DEFixedPointLimitation.xml
----------------- Instantiating /home/travis/build/icyphy/ptII/ptolemy/domains/de/test/auto/DEFixedPointLimitation.xml
1 ms. Memory: 619520K Free: 566141K (91%)
----------------- Invoking toplevel() on ptolemy.moml.MoMLSimpleApplication@2257fe3b
----------------- Done invoking toplevel() on ptolemy.moml.MoMLSimpleApplication@2257fe3b
reloadAllAccessors: .DEFixedPointLimitation

===========================================================================================
----------------- testing Tue Oct 02 02:23:30 UTC 2018 /home/travis/build/icyphy/ptII/ptolemy/domains/de/test/auto/DEScheduleTest.xml
----------------- Instantiating /home/travis/build/icyphy/ptII/ptolemy/domains/de/test/auto/DEScheduleTest.xml
2 ms. Memory: 619520K Free: 544616K (88%)
----------------- Invoking toplevel() on ptolemy.moml.MoMLSimpleApplication@72f2edc4
----------------- Done invoking toplevel() on ptolemy.moml.MoMLSimpleApplication@72f2edc4
reloadAllAccessors: .DEScheduleTest

===========================================================================================
----------------- testing Tue Oct 02 02:23:30 UTC 2018 /home/travis/build/icyphy/ptII/ptolemy/domains/de/test/auto/DEinDEwithStartTimes.xml
----------------- Instantiating /home/travis/build/icyphy/ptII/ptolemy/domains/de/test/auto/DEinDEwithStartTimes.xml
1 ms. Memory: 619520K Free: 523092K (84%)
----------------- Invoking toplevel() on ptolemy.moml.MoMLSimpleApplication@4747992a
----------------- Done invoking toplevel() on ptolemy.moml.MoMLSimpleApplication@4747992a
reloadAllAccessors: .DEinDEwithStartTimes

===========================================================================================
----------------- testing Tue Oct 02 02:23:30 UTC 2018 /home/travis/build/icyphy/ptII/ptolemy/domains/de/test/auto/DEinDEwithStartTimes2.xml
----------------- Instantiating /home/travis/build/icyphy/ptII/ptolemy/domains/de/test/auto/DEinDEwithStartTimes2.xml
2 ms. Memory: 619520K Free: 501567K (81%)
----------------- Invoking toplevel() on ptolemy.moml.MoMLSimpleApplication@7ad93c5a
----------------- Done invoking toplevel() on ptolemy.moml.MoMLSimpleApplication@7ad93c5a
reloadAllAccessors: .DEinDEwithStartTimes2

===========================================================================================
----------------- testing Tue Oct 02 02:23:30 UTC 2018 /home/travis/build/icyphy/ptII/ptolemy/domains/de/test/auto/DateDemo.xml
----------------- Instantiating /home/travis/build/icyphy/ptII/ptolemy/domains/de/test/auto/DateDemo.xml
3 ms. Memory: 619520K Free: 480023K (77%)
----------------- Invoking toplevel() on ptolemy.moml.MoMLSimpleApplication@5407b364
----------------- Done invoking toplevel() on ptolemy.moml.MoMLSimpleApplication@5407b364
reloadAllAccessors: .DateDemo

===========================================================================================
----------------- testing Tue Oct 02 02:23:30 UTC 2018 /home/travis/build/icyphy/ptII/ptolemy/domains/de/test/auto/DateToEvent.xml
----------------- Instantiating /home/travis/build/icyphy/ptII/ptolemy/domains/de/test/auto/DateToEvent.xml
2004 ms. Memory: 619520K Free: 447720K (72%)
----------------- Invoking toplevel() on ptolemy.moml.MoMLSimpleApplication@4c668a1
----------------- Done invoking toplevel() on ptolemy.moml.MoMLSimpleApplication@4c668a1
reloadAllAccessors: .DateToEvent

===========================================================================================
----------------- testing Tue Oct 02 02:23:32 UTC 2018 /home/travis/build/icyphy/ptII/ptolemy/domains/de/test/auto/DepthTest1.xml
----------------- Instantiating /home/travis/build/icyphy/ptII/ptolemy/domains/de/test/auto/DepthTest1.xml
1 ms. Memory: 619520K Free: 426195K (69%)
----------------- Invoking toplevel() on ptolemy.moml.MoMLSimpleApplication@54c7963c
----------------- Done invoking toplevel() on ptolemy.moml.MoMLSimpleApplication@54c7963c
reloadAllAccessors: .DepthTest1

===========================================================================================
----------------- testing Tue Oct 02 02:23:32 UTC 2018 /home/travis/build/icyphy/ptII/ptolemy/domains/de/test/auto/DepthTest2.xml
----------------- Instantiating /home/travis/build/icyphy/ptII/ptolemy/domains/de/test/auto/DepthTest2.xml
1 ms. Memory: 619520K Free: 404671K (65%)
----------------- Invoking toplevel() on ptolemy.moml.MoMLSimpleApplication@5e97fca7
----------------- Done invoking toplevel() on ptolemy.moml.MoMLSimpleApplication@5e97fca7
reloadAllAccessors: .DepthTest2

===========================================================================================
----------------- testing Tue Oct 02 02:23:32 UTC 2018 /home/travis/build/icyphy/ptII/ptolemy/domains/de/test/auto/DepthTest3.xml
----------------- Instantiating /home/travis/build/icyphy/ptII/ptolemy/domains/de/test/auto/DepthTest3.xml
1 ms. Memory: 619520K Free: 383146K (62%)
----------------- Invoking toplevel() on ptolemy.moml.MoMLSimpleApplication@316f56ff
----------------- Done invoking toplevel() on ptolemy.moml.MoMLSimpleApplication@316f56ff
reloadAllAccessors: .DepthTest3

===========================================================================================
----------------- testing Tue Oct 02 02:23:32 UTC 2018 /home/travis/build/icyphy/ptII/ptolemy/domains/de/test/auto/DepthTest4.xml
----------------- Instantiating /home/travis/build/icyphy/ptII/ptolemy/domains/de/test/auto/DepthTest4.xml
1 ms. Memory: 619520K Free: 361622K (58%)
----------------- Invoking toplevel() on ptolemy.moml.MoMLSimpleApplication@508a7541
----------------- Done invoking toplevel() on ptolemy.moml.MoMLSimpleApplication@508a7541
reloadAllAccessors: .DepthTest4

===========================================================================================
----------------- testing Tue Oct 02 02:23:32 UTC 2018 /home/travis/build/icyphy/ptII/ptolemy/domains/de/test/auto/DepthTest5.xml
----------------- Instantiating /home/travis/build/icyphy/ptII/ptolemy/domains/de/test/auto/DepthTest5.xml
1 ms. Memory: 619520K Free: 340098K (55%)
----------------- Invoking toplevel() on ptolemy.moml.MoMLSimpleApplication@3d02cb9c
----------------- Done invoking toplevel() on ptolemy.moml.MoMLSimpleApplication@3d02cb9c
reloadAllAccessors: .DepthTest5

===========================================================================================
----------------- testing Tue Oct 02 02:23:32 UTC 2018 /home/travis/build/icyphy/ptII/ptolemy/domains/de/test/auto/DepthTest6.xml
----------------- Instantiating /home/travis/build/icyphy/ptII/ptolemy/domains/de/test/auto/DepthTest6.xml
1 ms. Memory: 619520K Free: 313282K (51%)
----------------- Invoking toplevel() on ptolemy.moml.MoMLSimpleApplication@3c0f8e16
----------------- Done invoking toplevel() on ptolemy.moml.MoMLSimpleApplication@3c0f8e16
reloadAllAccessors: .DepthTest6

===========================================================================================
----------------- testing Tue Oct 02 02:23:32 UTC 2018 /home/travis/build/icyphy/ptII/ptolemy/domains/de/test/auto/DepthTest7.xml
----------------- Instantiating /home/travis/build/icyphy/ptII/ptolemy/domains/de/test/auto/DepthTest7.xml
1 ms. Memory: 619520K Free: 291757K (47%)
----------------- Invoking toplevel() on ptolemy.moml.MoMLSimpleApplication@5480e068
----------------- Done invoking toplevel() on ptolemy.moml.MoMLSimpleApplication@5480e068
reloadAllAccessors: .DepthTest7

===========================================================================================
----------------- testing Tue Oct 02 02:23:32 UTC 2018 /home/travis/build/icyphy/ptII/ptolemy/domains/de/test/auto/EventToDate.xml
----------------- Instantiating /home/travis/build/icyphy/ptII/ptolemy/domains/de/test/auto/EventToDate.xml
3003 ms. Memory: 619520K Free: 259455K (42%)
----------------- Invoking toplevel() on ptolemy.moml.MoMLSimpleApplication@4e832d2d
----------------- Done invoking toplevel() on ptolemy.moml.MoMLSimpleApplication@4e832d2d
reloadAllAccessors: .EventToDate

===========================================================================================
----------------- testing Tue Oct 02 02:23:36 UTC 2018 /home/travis/build/icyphy/ptII/ptolemy/domains/de/test/auto/FSM1.xml
----------------- Instantiating /home/travis/build/icyphy/ptII/ptolemy/domains/de/test/auto/FSM1.xml
6 ms. Memory: 619520K Free: 237930K (38%)
----------------- Invoking toplevel() on ptolemy.moml.MoMLSimpleApplication@4923aa67
----------------- Done invoking toplevel() on ptolemy.moml.MoMLSimpleApplication@4923aa67
reloadAllAccessors: .FSM1

===========================================================================================
----------------- testing Tue Oct 02 02:23:36 UTC 2018 /home/travis/build/icyphy/ptII/ptolemy/domains/de/test/auto/FSM7.xml
----------------- Instantiating /home/travis/build/icyphy/ptII/ptolemy/domains/de/test/auto/FSM7.xml
10 ms. Memory: 619520K Free: 216406K (35%)
----------------- Invoking toplevel() on ptolemy.moml.MoMLSimpleApplication@617a7596
----------------- Done invoking toplevel() on ptolemy.moml.MoMLSimpleApplication@617a7596
reloadAllAccessors: .FSM7

===========================================================================================
----------------- testing Tue Oct 02 02:23:36 UTC 2018 /home/travis/build/icyphy/ptII/ptolemy/domains/de/test/auto/Inspection.xml
----------------- Instantiating /home/travis/build/icyphy/ptII/ptolemy/domains/de/test/auto/Inspection.xml
17 ms. Memory: 619520K Free: 184119K (30%)
----------------- Invoking toplevel() on ptolemy.moml.MoMLSimpleApplication@d1814e7
----------------- Done invoking toplevel() on ptolemy.moml.MoMLSimpleApplication@d1814e7
reloadAllAccessors: .Inspection

===========================================================================================
----------------- testing Tue Oct 02 02:23:36 UTC 2018 /home/travis/build/icyphy/ptII/ptolemy/domains/de/test/auto/Iteration.xml
----------------- Instantiating /home/travis/build/icyphy/ptII/ptolemy/domains/de/test/auto/Iteration.xml
6 ms. Memory: 619520K Free: 162594K (26%)
----------------- Invoking toplevel() on ptolemy.moml.MoMLSimpleApplication@2e981ba0
----------------- Done invoking toplevel() on ptolemy.moml.MoMLSimpleApplication@2e981ba0
reloadAllAccessors: .Iteration

===========================================================================================
----------------- testing Tue Oct 02 02:23:36 UTC 2018 /home/travis/build/icyphy/ptII/ptolemy/domains/de/test/auto/LineFault.xml
----------------- Instantiating /home/travis/build/icyphy/ptII/ptolemy/domains/de/test/auto/LineFault.xml
310 ms. Memory: 595456K Free: 543260K (91%)
----------------- Invoking toplevel() on ptolemy.moml.MoMLSimpleApplication@6c8ec6e9
----------------- Done invoking toplevel() on ptolemy.moml.MoMLSimpleApplication@6c8ec6e9
reloadAllAccessors: .LineFault

===========================================================================================
----------------- testing Tue Oct 02 02:23:36 UTC 2018 /home/travis/build/icyphy/ptII/ptolemy/domains/de/test/auto/MergeModel1Add.xml
----------------- Instantiating /home/travis/build/icyphy/ptII/ptolemy/domains/de/test/auto/MergeModel1Add.xml
4 ms. Memory: 595456K Free: 508502K (85%)
----------------- Invoking toplevel() on ptolemy.moml.MoMLSimpleApplication@5b8ab7c0
----------------- Done invoking toplevel() on ptolemy.moml.MoMLSimpleApplication@5b8ab7c0
reloadAllAccessors: .MergeModel1Add

===========================================================================================
----------------- testing Tue Oct 02 02:23:36 UTC 2018 /home/travis/build/icyphy/ptII/ptolemy/domains/de/test/auto/MergeModel2Add.xml
----------------- Instantiating /home/travis/build/icyphy/ptII/ptolemy/domains/de/test/auto/MergeModel2Add.xml
3 ms. Memory: 595456K Free: 482819K (81%)
----------------- Invoking toplevel() on ptolemy.moml.MoMLSimpleApplication@1bed6fc3
----------------- Done invoking toplevel() on ptolemy.moml.MoMLSimpleApplication@1bed6fc3
reloadAllAccessors: .MergeModel2Add

===========================================================================================
----------------- testing Tue Oct 02 02:23:36 UTC 2018 /home/travis/build/icyphy/ptII/ptolemy/domains/de/test/auto/MergeModel3Add.xml
----------------- Instantiating /home/travis/build/icyphy/ptII/ptolemy/domains/de/test/auto/MergeModel3Add.xml
3 ms. Memory: 595456K Free: 457132K (77%)
----------------- Invoking toplevel() on ptolemy.moml.MoMLSimpleApplication@567b3abb
----------------- Done invoking toplevel() on ptolemy.moml.MoMLSimpleApplication@567b3abb
reloadAllAccessors: .MergeModel3Add

===========================================================================================
----------------- testing Tue Oct 02 02:23:36 UTC 2018 /home/travis/build/icyphy/ptII/ptolemy/domains/de/test/auto/MergeWithoutDiscard.xml
----------------- Instantiating /home/travis/build/icyphy/ptII/ptolemy/domains/de/test/auto/MergeWithoutDiscard.xml
1 ms. Memory: 595456K Free: 446871K (75%)
----------------- Invoking toplevel() on ptolemy.moml.MoMLSimpleApplication@5a29c3bd
----------------- Done invoking toplevel() on ptolemy.moml.MoMLSimpleApplication@5a29c3bd
reloadAllAccessors: .MergeWithoutDiscard

===========================================================================================
----------------- testing Tue Oct 02 02:23:36 UTC 2018 /home/travis/build/icyphy/ptII/ptolemy/domains/de/test/auto/Modal1.xml
----------------- Instantiating /home/travis/build/icyphy/ptII/ptolemy/domains/de/test/auto/Modal1.xml
6 ms. Memory: 595456K Free: 431464K (72%)
----------------- Invoking toplevel() on ptolemy.moml.MoMLSimpleApplication@1115ec6e
----------------- Done invoking toplevel() on ptolemy.moml.MoMLSimpleApplication@1115ec6e
reloadAllAccessors: .Modal1

===========================================================================================
----------------- testing Tue Oct 02 02:23:36 UTC 2018 /home/travis/build/icyphy/ptII/ptolemy/domains/de/test/auto/Modal2.xml
----------------- Instantiating /home/travis/build/icyphy/ptII/ptolemy/domains/de/test/auto/Modal2.xml
7 ms. Memory: 595456K Free: 416058K (70%)
----------------- Invoking toplevel() on ptolemy.moml.MoMLSimpleApplication@31038c75
----------------- Done invoking toplevel() on ptolemy.moml.MoMLSimpleApplication@31038c75
reloadAllAccessors: .Modal2

===========================================================================================
----------------- testing Tue Oct 02 02:23:36 UTC 2018 /home/travis/build/icyphy/ptII/ptolemy/domains/de/test/auto/Modal3.xml
----------------- Instantiating /home/travis/build/icyphy/ptII/ptolemy/domains/de/test/auto/Modal3.xml
7 ms. Memory: 595456K Free: 397291K (67%)
----------------- Invoking toplevel() on ptolemy.moml.MoMLSimpleApplication@5011f9c
----------------- Done invoking toplevel() on ptolemy.moml.MoMLSimpleApplication@5011f9c
reloadAllAccessors: .Modal3

===========================================================================================
----------------- testing Tue Oct 02 02:23:36 UTC 2018 /home/travis/build/icyphy/ptII/ptolemy/domains/de/test/auto/Modal4.xml
----------------- Instantiating /home/travis/build/icyphy/ptII/ptolemy/domains/de/test/auto/Modal4.xml
6 ms. Memory: 595456K Free: 381885K (64%)
----------------- Invoking toplevel() on ptolemy.moml.MoMLSimpleApplication@43991500
----------------- Done invoking toplevel() on ptolemy.moml.MoMLSimpleApplication@43991500
reloadAllAccessors: .Modal4

===========================================================================================
----------------- testing Tue Oct 02 02:23:36 UTC 2018 /home/travis/build/icyphy/ptII/ptolemy/domains/de/test/auto/Modal5.xml
----------------- Instantiating /home/travis/build/icyphy/ptII/ptolemy/domains/de/test/auto/Modal5.xml
5 ms. Memory: 595456K Free: 366478K (62%)
----------------- Invoking toplevel() on ptolemy.moml.MoMLSimpleApplication@3f7d47cb
----------------- Done invoking toplevel() on ptolemy.moml.MoMLSimpleApplication@3f7d47cb
reloadAllAccessors: .Modal5

===========================================================================================
----------------- testing Tue Oct 02 02:23:36 UTC 2018 /home/travis/build/icyphy/ptII/ptolemy/domains/de/test/auto/Modal6.xml
----------------- Instantiating /home/travis/build/icyphy/ptII/ptolemy/domains/de/test/auto/Modal6.xml
6 ms. Memory: 595456K Free: 351071K (59%)
----------------- Invoking toplevel() on ptolemy.moml.MoMLSimpleApplication@63f25b3f
----------------- Done invoking toplevel() on ptolemy.moml.MoMLSimpleApplication@63f25b3f
reloadAllAccessors: .Modal6

===========================================================================================
----------------- testing Tue Oct 02 02:23:36 UTC 2018 /home/travis/build/icyphy/ptII/ptolemy/domains/de/test/auto/Modal7.xml
----------------- Instantiating /home/travis/build/icyphy/ptII/ptolemy/domains/de/test/auto/Modal7.xml
4 ms. Memory: 595456K Free: 330526K (56%)
----------------- Invoking toplevel() on ptolemy.moml.MoMLSimpleApplication@4104774b
----------------- Done invoking toplevel() on ptolemy.moml.MoMLSimpleApplication@4104774b
reloadAllAccessors: .Modal7

===========================================================================================
----------------- testing Tue Oct 02 02:23:36 UTC 2018 /home/travis/build/icyphy/ptII/ptolemy/domains/de/test/auto/ModalModel.xml
----------------- Instantiating /home/travis/build/icyphy/ptII/ptolemy/domains/de/test/auto/ModalModel.xml
81 ms. Memory: 595456K Free: 258606K (43%)
----------------- Invoking toplevel() on ptolemy.moml.MoMLSimpleApplication@bab7934
----------------- Done invoking toplevel() on ptolemy.moml.MoMLSimpleApplication@bab7934
reloadAllAccessors: .ModalModel

===========================================================================================
----------------- testing Tue Oct 02 02:23:36 UTC 2018 /home/travis/build/icyphy/ptII/ptolemy/domains/de/test/auto/ModalSource.xml
----------------- Instantiating /home/travis/build/icyphy/ptII/ptolemy/domains/de/test/auto/ModalSource.xml
3 ms. Memory: 595456K Free: 243199K (41%)
----------------- Invoking toplevel() on ptolemy.moml.MoMLSimpleApplication@2572648
----------------- Done invoking toplevel() on ptolemy.moml.MoMLSimpleApplication@2572648
reloadAllAccessors: .ModalSource

===========================================================================================
----------------- testing Tue Oct 02 02:23:36 UTC 2018 /home/travis/build/icyphy/ptII/ptolemy/domains/de/test/auto/NonInterruptibleTimerZeroDelay.xml
----------------- Instantiating /home/travis/build/icyphy/ptII/ptolemy/domains/de/test/auto/NonInterruptibleTimerZeroDelay.xml
1 ms. Memory: 595456K Free: 229579K (39%)
----------------- Invoking toplevel() on ptolemy.moml.MoMLSimpleApplication@3d6cc1f7
----------------- Done invoking toplevel() on ptolemy.moml.MoMLSimpleApplication@3d6cc1f7
reloadAllAccessors: .NonInterruptibleTimerZeroDelay

===========================================================================================
----------------- testing Tue Oct 02 02:23:36 UTC 2018 /home/travis/build/icyphy/ptII/ptolemy/domains/de/test/auto/OpenQueueingNetwork.xml
----------------- Instantiating /home/travis/build/icyphy/ptII/ptolemy/domains/de/test/auto/OpenQueueingNetwork.xml
2180 ms. Memory: 800768K Free: 356008K (44%)
----------------- Invoking toplevel() on ptolemy.moml.MoMLSimpleApplication@1659b91e
----------------- Done invoking toplevel() on ptolemy.moml.MoMLSimpleApplication@1659b91e
reloadAllAccessors: .OpenQueueingNetwork

===========================================================================================
----------------- testing Tue Oct 02 02:23:39 UTC 2018 /home/travis/build/icyphy/ptII/ptolemy/domains/de/test/auto/OpenQueuingNetwork.xml
----------------- Instantiating /home/travis/build/icyphy/ptII/ptolemy/domains/de/test/auto/OpenQueuingNetwork.xml
267 ms. Memory: 800768K Free: 257732K (32%)
----------------- Invoking toplevel() on ptolemy.moml.MoMLSimpleApplication@284f7769
----------------- Done invoking toplevel() on ptolemy.moml.MoMLSimpleApplication@284f7769
reloadAllAccessors: .OpenQueuingNetwork

===========================================================================================
----------------- testing Tue Oct 02 02:23:39 UTC 2018 /home/travis/build/icyphy/ptII/ptolemy/domains/de/test/auto/PeriodicSampler.xml
----------------- Instantiating /home/travis/build/icyphy/ptII/ptolemy/domains/de/test/auto/PeriodicSampler.xml
2 ms. Memory: 800768K Free: 248154K (31%)
----------------- Invoking toplevel() on ptolemy.moml.MoMLSimpleApplication@486530c4
----------------- Done invoking toplevel() on ptolemy.moml.MoMLSimpleApplication@486530c4
reloadAllAccessors: .PeriodicSampler

===========================================================================================
----------------- testing Tue Oct 02 02:23:39 UTC 2018 /home/travis/build/icyphy/ptII/ptolemy/domains/de/test/auto/PersistentIO.xml
----------------- Instantiating /home/travis/build/icyphy/ptII/ptolemy/domains/de/test/auto/PersistentIO.xml
8 ms. Memory: 800768K Free: 233788K (29%)
----------------- Invoking toplevel() on ptolemy.moml.MoMLSimpleApplication@6b229d7d
----------------- Done invoking toplevel() on ptolemy.moml.MoMLSimpleApplication@6b229d7d
reloadAllAccessors: .PersistentIO

===========================================================================================
----------------- testing Tue Oct 02 02:23:39 UTC 2018 /home/travis/build/icyphy/ptII/ptolemy/domains/de/test/auto/PortParameterResetOnInitialize.xml
----------------- Instantiating /home/travis/build/icyphy/ptII/ptolemy/domains/de/test/auto/PortParameterResetOnInitialize.xml
2 ms. Memory: 800768K Free: 224210K (28%)
----------------- Invoking toplevel() on ptolemy.moml.MoMLSimpleApplication@3b90dc4d
----------------- Done invoking toplevel() on ptolemy.moml.MoMLSimpleApplication@3b90dc4d
reloadAllAccessors: .PortParameterResetOnInitialize

===========================================================================================
----------------- testing Tue Oct 02 02:23:39 UTC 2018 /home/travis/build/icyphy/ptII/ptolemy/domains/de/test/auto/PortParameterUpdates.xml
----------------- Instantiating /home/travis/build/icyphy/ptII/ptolemy/domains/de/test/auto/PortParameterUpdates.xml
6 ms. Memory: 800768K Free: 209843K (26%)
----------------- Invoking toplevel() on ptolemy.moml.MoMLSimpleApplication@5061cd3b
----------------- Done invoking toplevel() on ptolemy.moml.MoMLSimpleApplication@5061cd3b
reloadAllAccessors: .PortParameterUpdates

===========================================================================================
----------------- testing Tue Oct 02 02:23:39 UTC 2018 /home/travis/build/icyphy/ptII/ptolemy/domains/de/test/auto/QueueAndServer.xml
----------------- Instantiating /home/travis/build/icyphy/ptII/ptolemy/domains/de/test/auto/QueueAndServer.xml
5 ms. Memory: 800768K Free: 195449K (24%)
----------------- Invoking toplevel() on ptolemy.moml.MoMLSimpleApplication@679f2035
----------------- Done invoking toplevel() on ptolemy.moml.MoMLSimpleApplication@679f2035
reloadAllAccessors: .QueueAndServer

===========================================================================================
----------------- testing Tue Oct 02 02:23:39 UTC 2018 /home/travis/build/icyphy/ptII/ptolemy/domains/de/test/auto/Records.xml
----------------- Instantiating /home/travis/build/icyphy/ptII/ptolemy/domains/de/test/auto/Records.xml
8 ms. Memory: 800768K Free: 182712K (23%)
----------------- Invoking toplevel() on ptolemy.moml.MoMLSimpleApplication@1ca50f07
----------------- Done invoking toplevel() on ptolemy.moml.MoMLSimpleApplication@1ca50f07
reloadAllAccessors: .Records

===========================================================================================
----------------- testing Tue Oct 02 02:23:39 UTC 2018 /home/travis/build/icyphy/ptII/ptolemy/domains/de/test/auto/ResetTransitionWithStartTime1.xml
----------------- Instantiating /home/travis/build/icyphy/ptII/ptolemy/domains/de/test/auto/ResetTransitionWithStartTime1.xml
5 ms. Memory: 800768K Free: 168329K (21%)
----------------- Invoking toplevel() on ptolemy.moml.MoMLSimpleApplication@60b085f8
----------------- Done invoking toplevel() on ptolemy.moml.MoMLSimpleApplication@60b085f8
reloadAllAccessors: .ResetTransitionWithStartTime1

===========================================================================================
----------------- testing Tue Oct 02 02:23:39 UTC 2018 /home/travis/build/icyphy/ptII/ptolemy/domains/de/test/auto/ResetTransitionWithStartTime2.xml
----------------- Instantiating /home/travis/build/icyphy/ptII/ptolemy/domains/de/test/auto/ResetTransitionWithStartTime2.xml
4 ms. Memory: 800768K Free: 153947K (19%)
----------------- Invoking toplevel() on ptolemy.moml.MoMLSimpleApplication@77291d82
----------------- Done invoking toplevel() on ptolemy.moml.MoMLSimpleApplication@77291d82
reloadAllAccessors: .ResetTransitionWithStartTime2

===========================================================================================
----------------- testing Tue Oct 02 02:23:39 UTC 2018 /home/travis/build/icyphy/ptII/ptolemy/domains/de/test/auto/ResetTransitionWithStartTime3.xml
----------------- Instantiating /home/travis/build/icyphy/ptII/ptolemy/domains/de/test/auto/ResetTransitionWithStartTime3.xml
5 ms. Memory: 800768K Free: 139564K (17%)
----------------- Invoking toplevel() on ptolemy.moml.MoMLSimpleApplication@37ea0e9e
----------------- Done invoking toplevel() on ptolemy.moml.MoMLSimpleApplication@37ea0e9e
reloadAllAccessors: .ResetTransitionWithStartTime3

===========================================================================================
----------------- testing Tue Oct 02 02:23:39 UTC 2018 /home/travis/build/icyphy/ptII/ptolemy/domains/de/test/auto/ResetTransitionWithStartTime4.xml
----------------- Instantiating /home/travis/build/icyphy/ptII/ptolemy/domains/de/test/auto/ResetTransitionWithStartTime4.xml
5 ms. Memory: 800768K Free: 125181K (16%)
----------------- Invoking toplevel() on ptolemy.moml.MoMLSimpleApplication@65388868
----------------- Done invoking toplevel() on ptolemy.moml.MoMLSimpleApplication@65388868
reloadAllAccessors: .ResetTransitionWithStartTime4

===========================================================================================
----------------- testing Tue Oct 02 02:23:39 UTC 2018 /home/travis/build/icyphy/ptII/ptolemy/domains/de/test/auto/ResettableTimer1.xml
----------------- Instantiating /home/travis/build/icyphy/ptII/ptolemy/domains/de/test/auto/ResettableTimer1.xml
2 ms. Memory: 800768K Free: 115603K (14%)
----------------- Invoking toplevel() on ptolemy.moml.MoMLSimpleApplication@74c14b96
----------------- Done invoking toplevel() on ptolemy.moml.MoMLSimpleApplication@74c14b96
reloadAllAccessors: .ResettableTimer1

===========================================================================================
----------------- testing Tue Oct 02 02:23:39 UTC 2018 /home/travis/build/icyphy/ptII/ptolemy/domains/de/test/auto/ResettableTimer2.xml
----------------- Instantiating /home/travis/build/icyphy/ptII/ptolemy/domains/de/test/auto/ResettableTimer2.xml
1 ms. Memory: 800768K Free: 102866K (13%)
----------------- Invoking toplevel() on ptolemy.moml.MoMLSimpleApplication@66c49fe4
----------------- Done invoking toplevel() on ptolemy.moml.MoMLSimpleApplication@66c49fe4
reloadAllAccessors: .ResettableTimer2

===========================================================================================
----------------- testing Tue Oct 02 02:23:39 UTC 2018 /home/travis/build/icyphy/ptII/ptolemy/domains/de/test/auto/ResettableTimer3.xml
----------------- Instantiating /home/travis/build/icyphy/ptII/ptolemy/domains/de/test/auto/ResettableTimer3.xml
2 ms. Memory: 800768K Free: 93289K (12%)
----------------- Invoking toplevel() on ptolemy.moml.MoMLSimpleApplication@1df7179c
----------------- Done invoking toplevel() on ptolemy.moml.MoMLSimpleApplication@1df7179c
reloadAllAccessors: .ResettableTimer3

===========================================================================================
----------------- testing Tue Oct 02 02:23:39 UTC 2018 /home/travis/build/icyphy/ptII/ptolemy/domains/de/test/auto/ResettableTimer4.xml
----------------- Instantiating /home/travis/build/icyphy/ptII/ptolemy/domains/de/test/auto/ResettableTimer4.xml
1 ms. Memory: 800768K Free: 83711K (10%)
----------------- Invoking toplevel() on ptolemy.moml.MoMLSimpleApplication@6f09a20
----------------- Done invoking toplevel() on ptolemy.moml.MoMLSimpleApplication@6f09a20
reloadAllAccessors: .ResettableTimer4

===========================================================================================
----------------- testing Tue Oct 02 02:23:39 UTC 2018 /home/travis/build/icyphy/ptII/ptolemy/domains/de/test/auto/ResettableTimer5.xml
----------------- Instantiating /home/travis/build/icyphy/ptII/ptolemy/domains/de/test/auto/ResettableTimer5.xml
2 ms. Memory: 800768K Free: 74133K (9%)
----------------- Invoking toplevel() on ptolemy.moml.MoMLSimpleApplication@201c7b8c
----------------- Done invoking toplevel() on ptolemy.moml.MoMLSimpleApplication@201c7b8c
reloadAllAccessors: .ResettableTimer5

===========================================================================================
----------------- testing Tue Oct 02 02:23:39 UTC 2018 /home/travis/build/icyphy/ptII/ptolemy/domains/de/test/auto/ResettableTimer6.xml
----------------- Instantiating /home/travis/build/icyphy/ptII/ptolemy/domains/de/test/auto/ResettableTimer6.xml
5 ms. Memory: 800768K Free: 65839K (8%)
----------------- Invoking toplevel() on ptolemy.moml.MoMLSimpleApplication@c3bb198
----------------- Done invoking toplevel() on ptolemy.moml.MoMLSimpleApplication@c3bb198
reloadAllAccessors: .ResettableTimer6

===========================================================================================
----------------- testing Tue Oct 02 02:23:39 UTC 2018 /home/travis/build/icyphy/ptII/ptolemy/domains/de/test/auto/ServerZeroDelay.xml
----------------- Instantiating /home/travis/build/icyphy/ptII/ptolemy/domains/de/test/auto/ServerZeroDelay.xml
3 ms. Memory: 765440K Free: 739568K (97%)
----------------- Invoking toplevel() on ptolemy.moml.MoMLSimpleApplication@eecc539
----------------- Done invoking toplevel() on ptolemy.moml.MoMLSimpleApplication@eecc539
reloadAllAccessors: .ServerZeroDelay

===========================================================================================
----------------- testing Tue Oct 02 02:23:39 UTC 2018 /home/travis/build/icyphy/ptII/ptolemy/domains/de/test/auto/SmartSender.xml
----------------- Instantiating /home/travis/build/icyphy/ptII/ptolemy/domains/de/test/auto/SmartSender.xml
3002 ms. Memory: 765440K Free: 728446K (95%)
----------------- Invoking toplevel() on ptolemy.moml.MoMLSimpleApplication@398baaef
----------------- Done invoking toplevel() on ptolemy.moml.MoMLSimpleApplication@398baaef
reloadAllAccessors: .SmartSender

===========================================================================================
----------------- testing Tue Oct 02 02:23:42 UTC 2018 /home/travis/build/icyphy/ptII/ptolemy/domains/de/test/auto/ThreadedComposite.xml
----------------- Instantiating /home/travis/build/icyphy/ptII/ptolemy/domains/de/test/auto/ThreadedComposite.xml
144 ms. Memory: 765440K Free: 701045K (92%)
----------------- Invoking toplevel() on ptolemy.moml.MoMLSimpleApplication@1610e0c4
----------------- Done invoking toplevel() on ptolemy.moml.MoMLSimpleApplication@1610e0c4
reloadAllAccessors: .ThreadedComposite

===========================================================================================
----------------- testing Tue Oct 02 02:23:43 UTC 2018 /home/travis/build/icyphy/ptII/ptolemy/domains/de/test/auto/Time.xml
----------------- Instantiating /home/travis/build/icyphy/ptII/ptolemy/domains/de/test/auto/Time.xml
499 ms. Memory: 765440K Free: 646322K (84%)
----------------- Invoking toplevel() on ptolemy.moml.MoMLSimpleApplication@1530ab78
----------------- Done invoking toplevel() on ptolemy.moml.MoMLSimpleApplication@1530ab78
reloadAllAccessors: .Time

===========================================================================================
----------------- testing Tue Oct 02 02:23:43 UTC 2018 /home/travis/build/icyphy/ptII/ptolemy/domains/de/test/auto/TimeDelayZeroDelay.xml
----------------- Instantiating /home/travis/build/icyphy/ptII/ptolemy/domains/de/test/auto/TimeDelayZeroDelay.xml
3 ms. Memory: 765440K Free: 635200K (83%)
----------------- Invoking toplevel() on ptolemy.moml.MoMLSimpleApplication@1ba2acec
----------------- Done invoking toplevel() on ptolemy.moml.MoMLSimpleApplication@1ba2acec
reloadAllAccessors: .TimeDelayZeroDelay

===========================================================================================
----------------- testing Tue Oct 02 02:23:43 UTC 2018 /home/travis/build/icyphy/ptII/ptolemy/domains/de/test/auto/TimerZeroDelay.xml
----------------- Instantiating /home/travis/build/icyphy/ptII/ptolemy/domains/de/test/auto/TimerZeroDelay.xml
2 ms. Memory: 765440K Free: 626079K (82%)
----------------- Invoking toplevel() on ptolemy.moml.MoMLSimpleApplication@7e7fe69e
----------------- Done invoking toplevel() on ptolemy.moml.MoMLSimpleApplication@7e7fe69e
reloadAllAccessors: .TimerZeroDelay

===========================================================================================
----------------- testing Tue Oct 02 02:23:43 UTC 2018 /home/travis/build/icyphy/ptII/ptolemy/domains/de/test/auto/TimingParadox.xml
----------------- Instantiating /home/travis/build/icyphy/ptII/ptolemy/domains/de/test/auto/TimingParadox.xml
328 ms. Memory: 765440K Free: 553055K (72%)
----------------- Invoking toplevel() on ptolemy.moml.MoMLSimpleApplication@172abd5b
----------------- Done invoking toplevel() on ptolemy.moml.MoMLSimpleApplication@172abd5b
reloadAllAccessors: .TimingParadox

===========================================================================================
----------------- testing Tue Oct 02 02:23:43 UTC 2018 /home/travis/build/icyphy/ptII/ptolemy/domains/de/test/auto/TransferInputs.xml
----------------- Instantiating /home/travis/build/icyphy/ptII/ptolemy/domains/de/test/auto/TransferInputs.xml
1 ms. Memory: 765440K Free: 543934K (71%)
----------------- Invoking toplevel() on ptolemy.moml.MoMLSimpleApplication@30697f51
----------------- Done invoking toplevel() on ptolemy.moml.MoMLSimpleApplication@30697f51
reloadAllAccessors: .TransferInputs

===========================================================================================
----------------- testing Tue Oct 02 02:23:43 UTC 2018 /home/travis/build/icyphy/ptII/ptolemy/domains/de/test/auto/TransferOutputs2.xml
----------------- Instantiating /home/travis/build/icyphy/ptII/ptolemy/domains/de/test/auto/TransferOutputs2.xml
5 ms. Memory: 765440K Free: 528236K (69%)
----------------- Invoking toplevel() on ptolemy.moml.MoMLSimpleApplication@763ca4c1
----------------- Done invoking toplevel() on ptolemy.moml.MoMLSimpleApplication@763ca4c1
reloadAllAccessors: .TransferOutputs2

===========================================================================================
----------------- testing Tue Oct 02 02:23:44 UTC 2018 /home/travis/build/icyphy/ptII/ptolemy/domains/de/test/auto/Trilateration.xml
----------------- Instantiating /home/travis/build/icyphy/ptII/ptolemy/domains/de/test/auto/Trilateration.xml
11158 ms. Memory: 654336K Free: 80852K (12%)
----------------- Invoking toplevel() on ptolemy.moml.MoMLSimpleApplication@655d2716
----------------- Done invoking toplevel() on ptolemy.moml.MoMLSimpleApplication@655d2716
reloadAllAccessors: .Trilateration

===========================================================================================
----------------- testing Tue Oct 02 02:23:55 UTC 2018 /home/travis/build/icyphy/ptII/ptolemy/domains/de/test/auto/TwoSigmaDelta.xml
----------------- Instantiating /home/travis/build/icyphy/ptII/ptolemy/domains/de/test/auto/TwoSigmaDelta.xml
2405 ms. Memory: 619520K Free: 324165K (52%)
----------------- Invoking toplevel() on ptolemy.moml.MoMLSimpleApplication@796cf34b
----------------- Done invoking toplevel() on ptolemy.moml.MoMLSimpleApplication@796cf34b
reloadAllAccessors: .TwoSigmaDelta

===========================================================================================
----------------- testing Tue Oct 02 02:23:58 UTC 2018 /home/travis/build/icyphy/ptII/ptolemy/domains/de/test/auto/VariableDelay.xml
----------------- Instantiating /home/travis/build/icyphy/ptII/ptolemy/domains/de/test/auto/VariableDelay.xml
3 ms. Memory: 619520K Free: 312724K (50%)
----------------- Invoking toplevel() on ptolemy.moml.MoMLSimpleApplication@6dd95db
----------------- Done invoking toplevel() on ptolemy.moml.MoMLSimpleApplication@6dd95db
reloadAllAccessors: .VariableDelay

===========================================================================================
----------------- testing Tue Oct 02 02:23:58 UTC 2018 /home/travis/build/icyphy/ptII/ptolemy/domains/de/test/auto/VariableDelay2.xml
----------------- Instantiating /home/travis/build/icyphy/ptII/ptolemy/domains/de/test/auto/VariableDelay2.xml
1 ms. Memory: 619520K Free: 301282K (49%)
----------------- Invoking toplevel() on ptolemy.moml.MoMLSimpleApplication@246dd0a8
----------------- Done invoking toplevel() on ptolemy.moml.MoMLSimpleApplication@246dd0a8
reloadAllAccessors: .VariableDelay2

===========================================================================================
----------------- testing Tue Oct 02 02:23:58 UTC 2018 /home/travis/build/icyphy/ptII/ptolemy/domains/de/test/auto/VariableDelayZeroDelay.xml
----------------- Instantiating /home/travis/build/icyphy/ptII/ptolemy/domains/de/test/auto/VariableDelayZeroDelay.xml
4 ms. Memory: 619520K Free: 289841K (47%)
----------------- Invoking toplevel() on ptolemy.moml.MoMLSimpleApplication@7da9caff
----------------- Done invoking toplevel() on ptolemy.moml.MoMLSimpleApplication@7da9caff
reloadAllAccessors: .VariableDelayZeroDelay

===========================================================================================
----------------- testing Tue Oct 02 02:23:58 UTC 2018 /home/travis/build/icyphy/ptII/ptolemy/domains/de/test/auto/VariableDelayZeroDelay2.xml
----------------- Instantiating /home/travis/build/icyphy/ptII/ptolemy/domains/de/test/auto/VariableDelayZeroDelay2.xml
2 ms. Memory: 619520K Free: 278399K (45%)
----------------- Invoking toplevel() on ptolemy.moml.MoMLSimpleApplication@65f3321e
----------------- Done invoking toplevel() on ptolemy.moml.MoMLSimpleApplication@65f3321e
reloadAllAccessors: .VariableDelayZeroDelay2

===========================================================================================
----------------- testing Tue Oct 02 02:23:58 UTC 2018 /home/travis/build/icyphy/ptII/ptolemy/domains/de/test/auto/deInCt.xml
----------------- Instantiating /home/travis/build/icyphy/ptII/ptolemy/domains/de/test/auto/deInCt.xml
0
1
1
1
0
0
0
1
1
0
0
0
1
1
0
0
0
1
1
1
0
0
0
1
1
1
0
0
0
0
1
1
1
0
0
0
1
1
1
0
0
0
0
0
1
1
0
0
0
0
0
6 ms. Memory: 619520K Free: 267647K (43%)
----------------- Invoking toplevel() on ptolemy.moml.MoMLSimpleApplication@1c7be159
----------------- Done invoking toplevel() on ptolemy.moml.MoMLSimpleApplication@1c7be159
reloadAllAccessors: .deInCt

===========================================================================================
----------------- testing Tue Oct 02 02:23:58 UTC 2018 /home/travis/build/icyphy/ptII/ptolemy/domains/de/test/auto/deInCt2.xml
----------------- Instantiating /home/travis/build/icyphy/ptII/ptolemy/domains/de/test/auto/deInCt2.xml
0
1
1
1
0
0
1
1
1
0
0
1
1
1
0
0
1
1
1
0
0
1
1
1
0
0
1
1
1
0
0
1
1
1
0
0
1
1
1
0
0
0
6 ms. Memory: 619520K Free: 256202K (41%)
----------------- Invoking toplevel() on ptolemy.moml.MoMLSimpleApplication@7c03f90d
----------------- Done invoking toplevel() on ptolemy.moml.MoMLSimpleApplication@7c03f90d
reloadAllAccessors: .deInCt2

===========================================================================================
----------------- testing Tue Oct 02 02:23:58 UTC 2018 /home/travis/build/icyphy/ptII/ptolemy/domains/de/test/auto/dynamicCausalityInterface1.xml
----------------- Instantiating /home/travis/build/icyphy/ptII/ptolemy/domains/de/test/auto/dynamicCausalityInterface1.xml
1 ms. Memory: 619520K Free: 239369K (39%)
----------------- Invoking toplevel() on ptolemy.moml.MoMLSimpleApplication@160ac463
----------------- Done invoking toplevel() on ptolemy.moml.MoMLSimpleApplication@160ac463
reloadAllAccessors: .dynamicCausalityInterface1

===========================================================================================
----------------- testing Tue Oct 02 02:23:58 UTC 2018 /home/travis/build/icyphy/ptII/ptolemy/domains/de/test/auto/fsm_de_test.xml
----------------- Instantiating /home/travis/build/icyphy/ptII/ptolemy/domains/de/test/auto/fsm_de_test.xml
4 ms. Memory: 619520K Free: 222535K (36%)
----------------- Invoking toplevel() on ptolemy.moml.MoMLSimpleApplication@653a5c8f
----------------- Done invoking toplevel() on ptolemy.moml.MoMLSimpleApplication@653a5c8f
reloadAllAccessors: .fsm_de_test

===========================================================================================
----------------- testing Tue Oct 02 02:23:58 UTC 2018 /home/travis/build/icyphy/ptII/ptolemy/domains/de/test/auto/functionDependencyReconstruction.xml
----------------- Instantiating /home/travis/build/icyphy/ptII/ptolemy/domains/de/test/auto/functionDependencyReconstruction.xml
3 ms. Memory: 619520K Free: 200325K (32%)
----------------- Invoking toplevel() on ptolemy.moml.MoMLSimpleApplication@67b01908
----------------- Done invoking toplevel() on ptolemy.moml.MoMLSimpleApplication@67b01908
reloadAllAccessors: .functionDependencyReconstruction

===========================================================================================
----------------- testing Tue Oct 02 02:23:58 UTC 2018 /home/travis/build/icyphy/ptII/ptolemy/domains/de/test/auto/multirate.xml
----------------- Instantiating /home/travis/build/icyphy/ptII/ptolemy/domains/de/test/auto/multirate.xml
5 ms. Memory: 619520K Free: 184181K (30%)
----------------- Invoking toplevel() on ptolemy.moml.MoMLSimpleApplication@28bff590
----------------- Done invoking toplevel() on ptolemy.moml.MoMLSimpleApplication@28bff590
reloadAllAccessors: .multirate

===========================================================================================
----------------- testing Tue Oct 02 02:23:58 UTC 2018 /home/travis/build/icyphy/ptII/ptolemy/domains/de/test/auto/multirate2.xml
----------------- Instantiating /home/travis/build/icyphy/ptII/ptolemy/domains/de/test/auto/multirate2.xml
2 ms. Memory: 619520K Free: 172740K (28%)
----------------- Invoking toplevel() on ptolemy.moml.MoMLSimpleApplication@1904255a
----------------- Done invoking toplevel() on ptolemy.moml.MoMLSimpleApplication@1904255a
reloadAllAccessors: .multirate2

===========================================================================================
----------------- testing Tue Oct 02 02:23:58 UTC 2018 /home/travis/build/icyphy/ptII/ptolemy/domains/de/test/auto/realtime.xml
----------------- Instantiating /home/travis/build/icyphy/ptII/ptolemy/domains/de/test/auto/realtime.xml
10001 ms. Memory: 619520K Free: 161298K (26%)
----------------- Invoking toplevel() on ptolemy.moml.MoMLSimpleApplication@229f03cc
----------------- Done invoking toplevel() on ptolemy.moml.MoMLSimpleApplication@229f03cc
reloadAllAccessors: .realtime

===========================================================================================
----------------- testing Tue Oct 02 02:24:08 UTC 2018 /home/travis/build/icyphy/ptII/ptolemy/domains/de/test/auto/relationGroup.xml
----------------- Instantiating /home/travis/build/icyphy/ptII/ptolemy/domains/de/test/auto/relationGroup.xml
1 ms. Memory: 619520K Free: 149856K (24%)
----------------- Invoking toplevel() on ptolemy.moml.MoMLSimpleApplication@624a1f8
----------------- Done invoking toplevel() on ptolemy.moml.MoMLSimpleApplication@624a1f8
reloadAllAccessors: .relationGroup

===========================================================================================
----------------- testing Tue Oct 02 02:24:08 UTC 2018 /home/travis/build/icyphy/ptII/ptolemy/domains/de/test/auto/relationGroup2.xml
----------------- Instantiating /home/travis/build/icyphy/ptII/ptolemy/domains/de/test/auto/relationGroup2.xml
1 ms. Memory: 619520K Free: 138415K (22%)
----------------- Invoking toplevel() on ptolemy.moml.MoMLSimpleApplication@6a627f4b
----------------- Done invoking toplevel() on ptolemy.moml.MoMLSimpleApplication@6a627f4b
reloadAllAccessors: .relationGroup2

===========================================================================================
----------------- testing Tue Oct 02 02:24:08 UTC 2018 /home/travis/build/icyphy/ptII/ptolemy/domains/de/test/auto/sortWithOpaquePorts.xml
----------------- Instantiating /home/travis/build/icyphy/ptII/ptolemy/domains/de/test/auto/sortWithOpaquePorts.xml
2 ms. Memory: 619520K Free: 127663K (21%)
----------------- Invoking toplevel() on ptolemy.moml.MoMLSimpleApplication@14635079
----------------- Done invoking toplevel() on ptolemy.moml.MoMLSimpleApplication@14635079
reloadAllAccessors: .sortWithOpaquePorts

===========================================================================================
----------------- testing Tue Oct 02 02:24:08 UTC 2018 /home/travis/build/icyphy/ptII/ptolemy/domains/de/test/auto/transferInputsandOutputs.xml
----------------- Instantiating /home/travis/build/icyphy/ptII/ptolemy/domains/de/test/auto/transferInputsandOutputs.xml
2 ms. Memory: 619520K Free: 110830K (18%)
----------------- Invoking toplevel() on ptolemy.moml.MoMLSimpleApplication@16ddf8df
----------------- Done invoking toplevel() on ptolemy.moml.MoMLSimpleApplication@16ddf8df
reloadAllAccessors: .transferInputsandOutputs

===========================================================================================
----------------- testing Tue Oct 02 02:24:08 UTC 2018 /home/travis/build/icyphy/ptII/ptolemy/domains/de/test/auto/triggerType.xml
----------------- Instantiating /home/travis/build/icyphy/ptII/ptolemy/domains/de/test/auto/triggerType.xml
1 ms. Memory: 619520K Free: 99388K (16%)
----------------- Invoking toplevel() on ptolemy.moml.MoMLSimpleApplication@86f516b
----------------- Done invoking toplevel() on ptolemy.moml.MoMLSimpleApplication@86f516b
reloadAllAccessors: .triggerType
AutoTests.java: About to close Vertx.
AutoTests.java: Vertx closed.
]]></system-out>
  <system-err><![CDATA[java.lang.RuntimeException: Execution failed
	at ptolemy.moml.MoMLSimpleApplication$UnloadThread.run(MoMLSimpleApplication.java:402)
Caused by: ptolemy.kernel.util.IllegalActionException: Found a zero delay loop containing .dependencyLoop.original
  in .dependencyLoop and .dependencyLoop.original
	at ptolemy.actor.util.CausalityInterfaceForComposites._computeOutputPortDepth(CausalityInterfaceForComposites.java:759)
	at ptolemy.actor.util.CausalityInterfaceForComposites._computeInputDepth(CausalityInterfaceForComposites.java:696)
	at ptolemy.actor.util.CausalityInterfaceForComposites._computeOutputPortDepth(CausalityInterfaceForComposites.java:765)
	at ptolemy.actor.util.CausalityInterfaceForComposites._computeInputDepth(CausalityInterfaceForComposites.java:696)
	at ptolemy.actor.util.CausalityInterfaceForComposites._computeOutputPortDepth(CausalityInterfaceForComposites.java:765)
	at ptolemy.actor.util.CausalityInterfaceForComposites._computeInputDepth(CausalityInterfaceForComposites.java:696)
	at ptolemy.actor.util.CausalityInterfaceForComposites._computeActorDepth(CausalityInterfaceForComposites.java:532)
	at ptolemy.actor.util.CausalityInterfaceForComposites.checkForCycles(CausalityInterfaceForComposites.java:96)
	at ptolemy.domains.de.kernel.DEDirector.preinitialize(DEDirector.java:1338)
	at ptolemy.actor.CompositeActor.preinitialize(CompositeActor.java:1828)
	at ptolemy.actor.Manager.preinitializeAndResolveTypes(Manager.java:1040)
	at ptolemy.actor.Manager.initialize(Manager.java:710)
	at ptolemy.actor.Manager.execute(Manager.java:356)
	at ptolemy.actor.Manager.run(Manager.java:1263)
	at ptolemy.actor.Manager$PtolemyRunThread.run(Manager.java:1915)
java.lang.RuntimeException: Execution failed
	at ptolemy.moml.MoMLSimpleApplication$UnloadThread.run(MoMLSimpleApplication.java:402)
Caused by: ptolemy.kernel.util.IllegalActionException: Found a zero delay loop containing .dependencyLoop2.original
  in .dependencyLoop2 and .dependencyLoop2.original
	at ptolemy.actor.util.CausalityInterfaceForComposites._computeOutputPortDepth(CausalityInterfaceForComposites.java:759)
	at ptolemy.actor.util.CausalityInterfaceForComposites._computeInputDepth(CausalityInterfaceForComposites.java:696)
	at ptolemy.actor.util.CausalityInterfaceForComposites._computeOutputPortDepth(CausalityInterfaceForComposites.java:765)
	at ptolemy.actor.util.CausalityInterfaceForComposites._computeInputDepth(CausalityInterfaceForComposites.java:696)
	at ptolemy.actor.util.CausalityInterfaceForComposites._computeOutputPortDepth(CausalityInterfaceForComposites.java:765)
	at ptolemy.actor.util.CausalityInterfaceForComposites._computeInputDepth(CausalityInterfaceForComposites.java:696)
	at ptolemy.actor.util.CausalityInterfaceForComposites._computeActorDepth(CausalityInterfaceForComposites.java:532)
	at ptolemy.actor.util.CausalityInterfaceForComposites.checkForCycles(CausalityInterfaceForComposites.java:96)
	at ptolemy.domains.de.kernel.DEDirector.preinitialize(DEDirector.java:1338)
	at ptolemy.actor.CompositeActor.preinitialize(CompositeActor.java:1828)
	at ptolemy.actor.Manager.preinitializeAndResolveTypes(Manager.java:1040)
	at ptolemy.actor.Manager.initialize(Manager.java:710)
	at ptolemy.actor.Manager.execute(Manager.java:356)
	at ptolemy.actor.Manager.run(Manager.java:1263)
	at ptolemy.actor.Manager$PtolemyRunThread.run(Manager.java:1915)
java.lang.RuntimeException: Execution failed
	at ptolemy.moml.MoMLSimpleApplication$UnloadThread.run(MoMLSimpleApplication.java:402)
Caused by: ptolemy.kernel.util.IllegalActionException: Found a zero delay loop containing .dependencyLoop.original
  in .dependencyLoop and .dependencyLoop.original
	at ptolemy.actor.util.CausalityInterfaceForComposites._computeOutputPortDepth(CausalityInterfaceForComposites.java:759)
	at ptolemy.actor.util.CausalityInterfaceForComposites._computeInputDepth(CausalityInterfaceForComposites.java:696)
	at ptolemy.actor.util.CausalityInterfaceForComposites._computeOutputPortDepth(CausalityInterfaceForComposites.java:765)
	at ptolemy.actor.util.CausalityInterfaceForComposites._computeInputDepth(CausalityInterfaceForComposites.java:696)
	at ptolemy.actor.util.CausalityInterfaceForComposites._computeOutputPortDepth(CausalityInterfaceForComposites.java:765)
	at ptolemy.actor.util.CausalityInterfaceForComposites._computeInputDepth(CausalityInterfaceForComposites.java:696)
	at ptolemy.actor.util.CausalityInterfaceForComposites._computeActorDepth(CausalityInterfaceForComposites.java:532)
	at ptolemy.actor.util.CausalityInterfaceForComposites.checkForCycles(CausalityInterfaceForComposites.java:96)
	at ptolemy.domains.de.kernel.DEDirector.preinitialize(DEDirector.java:1338)
	at ptolemy.actor.CompositeActor.preinitialize(CompositeActor.java:1828)
	at ptolemy.actor.Manager.preinitializeAndResolveTypes(Manager.java:1040)
	at ptolemy.actor.Manager.initialize(Manager.java:710)
	at ptolemy.actor.Manager.execute(Manager.java:356)
	at ptolemy.actor.Manager.run(Manager.java:1263)
	at ptolemy.actor.Manager$PtolemyRunThread.run(Manager.java:1915)
java.lang.RuntimeException: Execution failed
	at ptolemy.moml.MoMLSimpleApplication$UnloadThread.run(MoMLSimpleApplication.java:402)
Caused by: ptolemy.kernel.util.IllegalActionException: Actor is not ready to fire.  Perhaps UpSample.prefire() returned false? Try debugging the actor by selecting "Listen to Actor".  Also, for SDF check moml for tokenConsumptionRate on input.
  in .DESDFClockTest.Play Bell.Copy1:SDF Director and .DESDFClockTest.Play Bell.UpSample
	at ptolemy.actor.sched.StaticSchedulingDirector.fire(StaticSchedulingDirector.java:227)
	at ptolemy.domains.sdf.kernel.SDFDirector.fire(SDFDirector.java:500)
	at ptolemy.actor.CompositeActor.fire(CompositeActor.java:455)
	at ptolemy.domains.de.kernel.DEDirector._fire(DEDirector.java:1949)
	at ptolemy.domains.de.kernel.DEDirector.fire(DEDirector.java:502)
	at ptolemy.actor.CompositeActor.fire(CompositeActor.java:455)
	at ptolemy.actor.Manager.iterate(Manager.java:851)
	at ptolemy.actor.Manager.execute(Manager.java:369)
	at ptolemy.actor.Manager.run(Manager.java:1263)
	at ptolemy.actor.Manager$PtolemyRunThread.run(Manager.java:1915)
java.lang.RuntimeException: Execution failed
	at ptolemy.moml.MoMLSimpleApplication$UnloadThread.run(MoMLSimpleApplication.java:402)
Caused by: ptolemy.kernel.util.IllegalActionException: Found a zero delay loop containing .dependencyLoop2.original
  in .dependencyLoop2 and .dependencyLoop2.original
	at ptolemy.actor.util.CausalityInterfaceForComposites._computeOutputPortDepth(CausalityInterfaceForComposites.java:759)
	at ptolemy.actor.util.CausalityInterfaceForComposites._computeInputDepth(CausalityInterfaceForComposites.java:696)
	at ptolemy.actor.util.CausalityInterfaceForComposites._computeOutputPortDepth(CausalityInterfaceForComposites.java:765)
	at ptolemy.actor.util.CausalityInterfaceForComposites._computeInputDepth(CausalityInterfaceForComposites.java:696)
	at ptolemy.actor.util.CausalityInterfaceForComposites._computeOutputPortDepth(CausalityInterfaceForComposites.java:765)
	at ptolemy.actor.util.CausalityInterfaceForComposites._computeInputDepth(CausalityInterfaceForComposites.java:696)
	at ptolemy.actor.util.CausalityInterfaceForComposites._computeActorDepth(CausalityInterfaceForComposites.java:532)
	at ptolemy.actor.util.CausalityInterfaceForComposites.checkForCycles(CausalityInterfaceForComposites.java:96)
	at ptolemy.domains.de.kernel.DEDirector.preinitialize(DEDirector.java:1338)
	at ptolemy.actor.CompositeActor.preinitialize(CompositeActor.java:1828)
	at ptolemy.actor.Manager.preinitializeAndResolveTypes(Manager.java:1040)
	at ptolemy.actor.Manager.initialize(Manager.java:710)
	at ptolemy.actor.Manager.execute(Manager.java:356)
	at ptolemy.actor.Manager.run(Manager.java:1263)
	at ptolemy.actor.Manager$PtolemyRunThread.run(Manager.java:1915)
java.lang.RuntimeException: Execution failed
	at ptolemy.moml.MoMLSimpleApplication$UnloadThread.run(MoMLSimpleApplication.java:402)
Caused by: ptolemy.kernel.util.IllegalActionException: Found a zero delay loop containing .HierarchicalModel.A
  in .HierarchicalModel and .HierarchicalModel.A
	at ptolemy.actor.util.CausalityInterfaceForComposites._computeOutputPortDepth(CausalityInterfaceForComposites.java:759)
	at ptolemy.actor.util.CausalityInterfaceForComposites._computeInputDepth(CausalityInterfaceForComposites.java:696)
	at ptolemy.actor.util.CausalityInterfaceForComposites._computeOutputPortDepth(CausalityInterfaceForComposites.java:765)
	at ptolemy.actor.util.CausalityInterfaceForComposites._computeInputDepth(CausalityInterfaceForComposites.java:696)
	at ptolemy.actor.util.CausalityInterfaceForComposites._computeOutputPortDepth(CausalityInterfaceForComposites.java:765)
	at ptolemy.actor.util.CausalityInterfaceForComposites._computeInputDepth(CausalityInterfaceForComposites.java:696)
	at ptolemy.actor.util.CausalityInterfaceForComposites._computeActorDepth(CausalityInterfaceForComposites.java:532)
	at ptolemy.actor.util.CausalityInterfaceForComposites.checkForCycles(CausalityInterfaceForComposites.java:96)
	at ptolemy.domains.de.kernel.DEDirector.preinitialize(DEDirector.java:1338)
	at ptolemy.actor.CompositeActor.preinitialize(CompositeActor.java:1828)
	at ptolemy.actor.Manager.preinitializeAndResolveTypes(Manager.java:1040)
	at ptolemy.actor.Manager.initialize(Manager.java:710)
	at ptolemy.actor.Manager.execute(Manager.java:356)
	at ptolemy.actor.Manager.run(Manager.java:1263)
	at ptolemy.actor.Manager$PtolemyRunThread.run(Manager.java:1915)
java.lang.RuntimeException: Execution failed
	at ptolemy.moml.MoMLSimpleApplication$UnloadThread.run(MoMLSimpleApplication.java:402)
Caused by: ptolemy.kernel.util.IllegalActionException: Test fails in iteration 1.
Value was: 1.0. Should have been: 2.0
  in .DirectFeedback.Test
	at ptolemy.actor.lib.Test.fire(Test.java:268)
	at ptolemy.domains.de.kernel.DEDirector._fire(DEDirector.java:1949)
	at ptolemy.domains.de.kernel.DEDirector.fire(DEDirector.java:502)
	at ptolemy.actor.CompositeActor.fire(CompositeActor.java:455)
	at ptolemy.actor.Manager.iterate(Manager.java:851)
	at ptolemy.actor.Manager.execute(Manager.java:369)
	at ptolemy.actor.Manager.run(Manager.java:1263)
	at ptolemy.actor.Manager$PtolemyRunThread.run(Manager.java:1915)
java.lang.RuntimeException: Execution failed
	at ptolemy.moml.MoMLSimpleApplication$UnloadThread.run(MoMLSimpleApplication.java:402)
Caused by: ptolemy.kernel.util.IllegalActionException: Actor is not ready to fire.  Perhaps UpSample.prefire() returned false? Try debugging the actor by selecting "Listen to Actor".  Also, for SDF check moml for tokenConsumptionRate on input.
  in .DESDFClockTest.Play Bell.Copy1:SDF Director and .DESDFClockTest.Play Bell.UpSample
	at ptolemy.actor.sched.StaticSchedulingDirector.fire(StaticSchedulingDirector.java:227)
	at ptolemy.domains.sdf.kernel.SDFDirector.fire(SDFDirector.java:500)
	at ptolemy.actor.CompositeActor.fire(CompositeActor.java:455)
	at ptolemy.domains.de.kernel.DEDirector._fire(DEDirector.java:1949)
	at ptolemy.domains.de.kernel.DEDirector.fire(DEDirector.java:502)
	at ptolemy.actor.CompositeActor.fire(CompositeActor.java:455)
	at ptolemy.actor.Manager.iterate(Manager.java:851)
	at ptolemy.actor.Manager.execute(Manager.java:369)
	at ptolemy.actor.Manager.run(Manager.java:1263)
	at ptolemy.actor.Manager$PtolemyRunThread.run(Manager.java:1915)
java.lang.reflect.InvocationTargetException
	at sun.reflect.NativeConstructorAccessorImpl.newInstance0(Native Method)
	at sun.reflect.NativeConstructorAccessorImpl.newInstance(NativeConstructorAccessorImpl.java:62)
	at sun.reflect.DelegatingConstructorAccessorImpl.newInstance(DelegatingConstructorAccessorImpl.java:45)
	at java.lang.reflect.Constructor.newInstance(Constructor.java:423)
	at ptolemy.util.test.junit.AutoKnownFailedTests.RunModel(AutoKnownFailedTests.java:107)
	at sun.reflect.NativeMethodAccessorImpl.invoke0(Native Method)
	at sun.reflect.NativeMethodAccessorImpl.invoke(NativeMethodAccessorImpl.java:62)
	at sun.reflect.DelegatingMethodAccessorImpl.invoke(DelegatingMethodAccessorImpl.java:43)
	at java.lang.reflect.Method.invoke(Method.java:498)
	at org.junit.runners.model.FrameworkMethod$1.runReflectiveCall(FrameworkMethod.java:44)
	at org.junit.internal.runners.model.ReflectiveCallable.run(ReflectiveCallable.java:15)
	at org.junit.runners.model.FrameworkMethod.invokeExplosively(FrameworkMethod.java:41)
	at junitparams.internal.InvokeParameterisedMethod.evaluate(InvokeParameterisedMethod.java:102)
	at org.junit.internal.runners.statements.FailOnTimeout$1.run(FailOnTimeout.java:28)
Caused by: ptolemy.kernel.util.IllegalActionException: Actor is not ready to fire.  Perhaps UpSample.prefire() returned false? Try debugging the actor by selecting "Listen to Actor".  Also, for SDF check moml for tokenConsumptionRate on input.
  in .DESDFClockTest.Play Bell.Copy1:SDF Director and .DESDFClockTest.Play Bell.UpSample
	at ptolemy.actor.sched.StaticSchedulingDirector.fire(StaticSchedulingDirector.java:227)
	at ptolemy.domains.sdf.kernel.SDFDirector.fire(SDFDirector.java:500)
	at ptolemy.actor.CompositeActor.fire(CompositeActor.java:455)
	at ptolemy.domains.de.kernel.DEDirector._fire(DEDirector.java:1949)
	at ptolemy.domains.de.kernel.DEDirector.fire(DEDirector.java:502)
	at ptolemy.actor.CompositeActor.fire(CompositeActor.java:455)
	at ptolemy.actor.Manager.iterate(Manager.java:851)
	at ptolemy.actor.Manager.execute(Manager.java:369)
	at ptolemy.actor.Manager.run(Manager.java:1263)
	at ptolemy.actor.Manager$PtolemyRunThread.run(Manager.java:1915)
java.lang.RuntimeException: Execution failed
	at ptolemy.moml.MoMLSimpleApplication$UnloadThread.run(MoMLSimpleApplication.java:402)
Caused by: ptolemy.kernel.util.IllegalActionException: Test fails in iteration 1.
Value was: 1.0. Should have been: 2.0
  in .DirectFeedback.Test
	at ptolemy.actor.lib.Test.fire(Test.java:268)
	at ptolemy.domains.de.kernel.DEDirector._fire(DEDirector.java:1949)
	at ptolemy.domains.de.kernel.DEDirector.fire(DEDirector.java:502)
	at ptolemy.actor.CompositeActor.fire(CompositeActor.java:455)
	at ptolemy.actor.Manager.iterate(Manager.java:851)
	at ptolemy.actor.Manager.execute(Manager.java:369)
	at ptolemy.actor.Manager.run(Manager.java:1263)
	at ptolemy.actor.Manager$PtolemyRunThread.run(Manager.java:1915)
java.lang.reflect.InvocationTargetException
	at sun.reflect.NativeConstructorAccessorImpl.newInstance0(Native Method)
	at sun.reflect.NativeConstructorAccessorImpl.newInstance(NativeConstructorAccessorImpl.java:62)
	at sun.reflect.DelegatingConstructorAccessorImpl.newInstance(DelegatingConstructorAccessorImpl.java:45)
	at java.lang.reflect.Constructor.newInstance(Constructor.java:423)
	at ptolemy.util.test.junit.AutoKnownFailedTests.RunModel(AutoKnownFailedTests.java:107)
	at sun.reflect.NativeMethodAccessorImpl.invoke0(Native Method)
	at sun.reflect.NativeMethodAccessorImpl.invoke(NativeMethodAccessorImpl.java:62)
	at sun.reflect.DelegatingMethodAccessorImpl.invoke(DelegatingMethodAccessorImpl.java:43)
	at java.lang.reflect.Method.invoke(Method.java:498)
	at org.junit.runners.model.FrameworkMethod$1.runReflectiveCall(FrameworkMethod.java:44)
	at org.junit.internal.runners.model.ReflectiveCallable.run(ReflectiveCallable.java:15)
	at org.junit.runners.model.FrameworkMethod.invokeExplosively(FrameworkMethod.java:41)
	at junitparams.internal.InvokeParameterisedMethod.evaluate(InvokeParameterisedMethod.java:102)
	at org.junit.internal.runners.statements.FailOnTimeout$1.run(FailOnTimeout.java:28)
Caused by: ptolemy.kernel.util.IllegalActionException: Test fails in iteration 1.
Value was: 1.0. Should have been: 2.0
  in .DirectFeedback.Test
	at ptolemy.actor.lib.Test.fire(Test.java:268)
	at ptolemy.domains.de.kernel.DEDirector._fire(DEDirector.java:1949)
	at ptolemy.domains.de.kernel.DEDirector.fire(DEDirector.java:502)
	at ptolemy.actor.CompositeActor.fire(CompositeActor.java:455)
	at ptolemy.actor.Manager.iterate(Manager.java:851)
	at ptolemy.actor.Manager.execute(Manager.java:369)
	at ptolemy.actor.Manager.run(Manager.java:1263)
	at ptolemy.actor.Manager$PtolemyRunThread.run(Manager.java:1915)
java.lang.RuntimeException: Execution failed
	at ptolemy.moml.MoMLSimpleApplication$UnloadThread.run(MoMLSimpleApplication.java:402)
Caused by: ptolemy.kernel.util.IllegalActionException: Found a zero delay loop containing .HierarchicalModel.A
  in .HierarchicalModel and .HierarchicalModel.A
	at ptolemy.actor.util.CausalityInterfaceForComposites._computeOutputPortDepth(CausalityInterfaceForComposites.java:759)
	at ptolemy.actor.util.CausalityInterfaceForComposites._computeInputDepth(CausalityInterfaceForComposites.java:696)
	at ptolemy.actor.util.CausalityInterfaceForComposites._computeOutputPortDepth(CausalityInterfaceForComposites.java:765)
	at ptolemy.actor.util.CausalityInterfaceForComposites._computeInputDepth(CausalityInterfaceForComposites.java:696)
	at ptolemy.actor.util.CausalityInterfaceForComposites._computeOutputPortDepth(CausalityInterfaceForComposites.java:765)
	at ptolemy.actor.util.CausalityInterfaceForComposites._computeInputDepth(CausalityInterfaceForComposites.java:696)
	at ptolemy.actor.util.CausalityInterfaceForComposites._computeActorDepth(CausalityInterfaceForComposites.java:532)
	at ptolemy.actor.util.CausalityInterfaceForComposites.checkForCycles(CausalityInterfaceForComposites.java:96)
	at ptolemy.domains.de.kernel.DEDirector.preinitialize(DEDirector.java:1338)
	at ptolemy.actor.CompositeActor.preinitialize(CompositeActor.java:1828)
	at ptolemy.actor.Manager.preinitializeAndResolveTypes(Manager.java:1040)
	at ptolemy.actor.Manager.initialize(Manager.java:710)
	at ptolemy.actor.Manager.execute(Manager.java:356)
	at ptolemy.actor.Manager.run(Manager.java:1263)
	at ptolemy.actor.Manager$PtolemyRunThread.run(Manager.java:1915)
java.lang.reflect.InvocationTargetException
	at sun.reflect.NativeConstructorAccessorImpl.newInstance0(Native Method)
	at sun.reflect.NativeConstructorAccessorImpl.newInstance(NativeConstructorAccessorImpl.java:62)
	at sun.reflect.DelegatingConstructorAccessorImpl.newInstance(DelegatingConstructorAccessorImpl.java:45)
	at java.lang.reflect.Constructor.newInstance(Constructor.java:423)
	at ptolemy.util.test.junit.AutoKnownFailedTests.RunModel(AutoKnownFailedTests.java:107)
	at sun.reflect.NativeMethodAccessorImpl.invoke0(Native Method)
	at sun.reflect.NativeMethodAccessorImpl.invoke(NativeMethodAccessorImpl.java:62)
	at sun.reflect.DelegatingMethodAccessorImpl.invoke(DelegatingMethodAccessorImpl.java:43)
	at java.lang.reflect.Method.invoke(Method.java:498)
	at org.junit.runners.model.FrameworkMethod$1.runReflectiveCall(FrameworkMethod.java:44)
	at org.junit.internal.runners.model.ReflectiveCallable.run(ReflectiveCallable.java:15)
	at org.junit.runners.model.FrameworkMethod.invokeExplosively(FrameworkMethod.java:41)
	at junitparams.internal.InvokeParameterisedMethod.evaluate(InvokeParameterisedMethod.java:102)
	at org.junit.internal.runners.statements.FailOnTimeout$1.run(FailOnTimeout.java:28)
Caused by: ptolemy.kernel.util.IllegalActionException: Found a zero delay loop containing .HierarchicalModel.A
  in .HierarchicalModel and .HierarchicalModel.A
	at ptolemy.actor.util.CausalityInterfaceForComposites._computeOutputPortDepth(CausalityInterfaceForComposites.java:759)
	at ptolemy.actor.util.CausalityInterfaceForComposites._computeInputDepth(CausalityInterfaceForComposites.java:696)
	at ptolemy.actor.util.CausalityInterfaceForComposites._computeOutputPortDepth(CausalityInterfaceForComposites.java:765)
	at ptolemy.actor.util.CausalityInterfaceForComposites._computeInputDepth(CausalityInterfaceForComposites.java:696)
	at ptolemy.actor.util.CausalityInterfaceForComposites._computeOutputPortDepth(CausalityInterfaceForComposites.java:765)
	at ptolemy.actor.util.CausalityInterfaceForComposites._computeInputDepth(CausalityInterfaceForComposites.java:696)
	at ptolemy.actor.util.CausalityInterfaceForComposites._computeActorDepth(CausalityInterfaceForComposites.java:532)
	at ptolemy.actor.util.CausalityInterfaceForComposites.checkForCycles(CausalityInterfaceForComposites.java:96)
	at ptolemy.domains.de.kernel.DEDirector.preinitialize(DEDirector.java:1338)
	at ptolemy.actor.CompositeActor.preinitialize(CompositeActor.java:1828)
	at ptolemy.actor.Manager.preinitializeAndResolveTypes(Manager.java:1040)
	at ptolemy.actor.Manager.initialize(Manager.java:710)
	at ptolemy.actor.Manager.execute(Manager.java:356)
	at ptolemy.actor.Manager.run(Manager.java:1263)
	at ptolemy.actor.Manager$PtolemyRunThread.run(Manager.java:1915)
java.lang.RuntimeException: Execution failed
	at ptolemy.moml.MoMLSimpleApplication$UnloadThread.run(MoMLSimpleApplication.java:402)
Caused by: ptolemy.kernel.util.IllegalActionException: Found a zero delay loop containing .dependencyLoop.original
  in .dependencyLoop and .dependencyLoop.original
	at ptolemy.actor.util.CausalityInterfaceForComposites._computeOutputPortDepth(CausalityInterfaceForComposites.java:759)
	at ptolemy.actor.util.CausalityInterfaceForComposites._computeInputDepth(CausalityInterfaceForComposites.java:696)
	at ptolemy.actor.util.CausalityInterfaceForComposites._computeOutputPortDepth(CausalityInterfaceForComposites.java:765)
	at ptolemy.actor.util.CausalityInterfaceForComposites._computeInputDepth(CausalityInterfaceForComposites.java:696)
	at ptolemy.actor.util.CausalityInterfaceForComposites._computeOutputPortDepth(CausalityInterfaceForComposites.java:765)
	at ptolemy.actor.util.CausalityInterfaceForComposites._computeInputDepth(CausalityInterfaceForComposites.java:696)
	at ptolemy.actor.util.CausalityInterfaceForComposites._computeActorDepth(CausalityInterfaceForComposites.java:532)
	at ptolemy.actor.util.CausalityInterfaceForComposites.checkForCycles(CausalityInterfaceForComposites.java:96)
	at ptolemy.domains.de.kernel.DEDirector.preinitialize(DEDirector.java:1338)
	at ptolemy.actor.CompositeActor.preinitialize(CompositeActor.java:1828)
	at ptolemy.actor.Manager.preinitializeAndResolveTypes(Manager.java:1040)
	at ptolemy.actor.Manager.initialize(Manager.java:710)
	at ptolemy.actor.Manager.execute(Manager.java:356)
	at ptolemy.actor.Manager.run(Manager.java:1263)
	at ptolemy.actor.Manager$PtolemyRunThread.run(Manager.java:1915)
java.lang.reflect.InvocationTargetException
	at sun.reflect.NativeConstructorAccessorImpl.newInstance0(Native Method)
	at sun.reflect.NativeConstructorAccessorImpl.newInstance(NativeConstructorAccessorImpl.java:62)
	at sun.reflect.DelegatingConstructorAccessorImpl.newInstance(DelegatingConstructorAccessorImpl.java:45)
	at java.lang.reflect.Constructor.newInstance(Constructor.java:423)
	at ptolemy.util.test.junit.AutoKnownFailedTests.RunModel(AutoKnownFailedTests.java:107)
	at sun.reflect.NativeMethodAccessorImpl.invoke0(Native Method)
	at sun.reflect.NativeMethodAccessorImpl.invoke(NativeMethodAccessorImpl.java:62)
	at sun.reflect.DelegatingMethodAccessorImpl.invoke(DelegatingMethodAccessorImpl.java:43)
	at java.lang.reflect.Method.invoke(Method.java:498)
	at org.junit.runners.model.FrameworkMethod$1.runReflectiveCall(FrameworkMethod.java:44)
	at org.junit.internal.runners.model.ReflectiveCallable.run(ReflectiveCallable.java:15)
	at org.junit.runners.model.FrameworkMethod.invokeExplosively(FrameworkMethod.java:41)
	at junitparams.internal.InvokeParameterisedMethod.evaluate(InvokeParameterisedMethod.java:102)
	at org.junit.internal.runners.statements.FailOnTimeout$1.run(FailOnTimeout.java:28)
Caused by: ptolemy.kernel.util.IllegalActionException: Found a zero delay loop containing .dependencyLoop.original
  in .dependencyLoop and .dependencyLoop.original
	at ptolemy.actor.util.CausalityInterfaceForComposites._computeOutputPortDepth(CausalityInterfaceForComposites.java:759)
	at ptolemy.actor.util.CausalityInterfaceForComposites._computeInputDepth(CausalityInterfaceForComposites.java:696)
	at ptolemy.actor.util.CausalityInterfaceForComposites._computeOutputPortDepth(CausalityInterfaceForComposites.java:765)
	at ptolemy.actor.util.CausalityInterfaceForComposites._computeInputDepth(CausalityInterfaceForComposites.java:696)
	at ptolemy.actor.util.CausalityInterfaceForComposites._computeOutputPortDepth(CausalityInterfaceForComposites.java:765)
	at ptolemy.actor.util.CausalityInterfaceForComposites._computeInputDepth(CausalityInterfaceForComposites.java:696)
	at ptolemy.actor.util.CausalityInterfaceForComposites._computeActorDepth(CausalityInterfaceForComposites.java:532)
	at ptolemy.actor.util.CausalityInterfaceForComposites.checkForCycles(CausalityInterfaceForComposites.java:96)
	at ptolemy.domains.de.kernel.DEDirector.preinitialize(DEDirector.java:1338)
	at ptolemy.actor.CompositeActor.preinitialize(CompositeActor.java:1828)
	at ptolemy.actor.Manager.preinitializeAndResolveTypes(Manager.java:1040)
	at ptolemy.actor.Manager.initialize(Manager.java:710)
	at ptolemy.actor.Manager.execute(Manager.java:356)
	at ptolemy.actor.Manager.run(Manager.java:1263)
	at ptolemy.actor.Manager$PtolemyRunThread.run(Manager.java:1915)
java.lang.RuntimeException: Execution failed
	at ptolemy.moml.MoMLSimpleApplication$UnloadThread.run(MoMLSimpleApplication.java:402)
Caused by: ptolemy.kernel.util.IllegalActionException: Found a zero delay loop containing .dependencyLoop2.original
  in .dependencyLoop2 and .dependencyLoop2.original
	at ptolemy.actor.util.CausalityInterfaceForComposites._computeOutputPortDepth(CausalityInterfaceForComposites.java:759)
	at ptolemy.actor.util.CausalityInterfaceForComposites._computeInputDepth(CausalityInterfaceForComposites.java:696)
	at ptolemy.actor.util.CausalityInterfaceForComposites._computeOutputPortDepth(CausalityInterfaceForComposites.java:765)
	at ptolemy.actor.util.CausalityInterfaceForComposites._computeInputDepth(CausalityInterfaceForComposites.java:696)
	at ptolemy.actor.util.CausalityInterfaceForComposites._computeOutputPortDepth(CausalityInterfaceForComposites.java:765)
	at ptolemy.actor.util.CausalityInterfaceForComposites._computeInputDepth(CausalityInterfaceForComposites.java:696)
	at ptolemy.actor.util.CausalityInterfaceForComposites._computeActorDepth(CausalityInterfaceForComposites.java:532)
	at ptolemy.actor.util.CausalityInterfaceForComposites.checkForCycles(CausalityInterfaceForComposites.java:96)
	at ptolemy.domains.de.kernel.DEDirector.preinitialize(DEDirector.java:1338)
	at ptolemy.actor.CompositeActor.preinitialize(CompositeActor.java:1828)
	at ptolemy.actor.Manager.preinitializeAndResolveTypes(Manager.java:1040)
	at ptolemy.actor.Manager.initialize(Manager.java:710)
	at ptolemy.actor.Manager.execute(Manager.java:356)
	at ptolemy.actor.Manager.run(Manager.java:1263)
	at ptolemy.actor.Manager$PtolemyRunThread.run(Manager.java:1915)
java.lang.reflect.InvocationTargetException
	at sun.reflect.NativeConstructorAccessorImpl.newInstance0(Native Method)
	at sun.reflect.NativeConstructorAccessorImpl.newInstance(NativeConstructorAccessorImpl.java:62)
	at sun.reflect.DelegatingConstructorAccessorImpl.newInstance(DelegatingConstructorAccessorImpl.java:45)
	at java.lang.reflect.Constructor.newInstance(Constructor.java:423)
	at ptolemy.util.test.junit.AutoKnownFailedTests.RunModel(AutoKnownFailedTests.java:107)
	at sun.reflect.NativeMethodAccessorImpl.invoke0(Native Method)
	at sun.reflect.NativeMethodAccessorImpl.invoke(NativeMethodAccessorImpl.java:62)
	at sun.reflect.DelegatingMethodAccessorImpl.invoke(DelegatingMethodAccessorImpl.java:43)
	at java.lang.reflect.Method.invoke(Method.java:498)
	at org.junit.runners.model.FrameworkMethod$1.runReflectiveCall(FrameworkMethod.java:44)
	at org.junit.internal.runners.model.ReflectiveCallable.run(ReflectiveCallable.java:15)
	at org.junit.runners.model.FrameworkMethod.invokeExplosively(FrameworkMethod.java:41)
	at junitparams.internal.InvokeParameterisedMethod.evaluate(InvokeParameterisedMethod.java:102)
	at org.junit.internal.runners.statements.FailOnTimeout$1.run(FailOnTimeout.java:28)
Caused by: ptolemy.kernel.util.IllegalActionException: Found a zero delay loop containing .dependencyLoop2.original
  in .dependencyLoop2 and .dependencyLoop2.original
	at ptolemy.actor.util.CausalityInterfaceForComposites._computeOutputPortDepth(CausalityInterfaceForComposites.java:759)
	at ptolemy.actor.util.CausalityInterfaceForComposites._computeInputDepth(CausalityInterfaceForComposites.java:696)
	at ptolemy.actor.util.CausalityInterfaceForComposites._computeOutputPortDepth(CausalityInterfaceForComposites.java:765)
	at ptolemy.actor.util.CausalityInterfaceForComposites._computeInputDepth(CausalityInterfaceForComposites.java:696)
	at ptolemy.actor.util.CausalityInterfaceForComposites._computeOutputPortDepth(CausalityInterfaceForComposites.java:765)
	at ptolemy.actor.util.CausalityInterfaceForComposites._computeInputDepth(CausalityInterfaceForComposites.java:696)
	at ptolemy.actor.util.CausalityInterfaceForComposites._computeActorDepth(CausalityInterfaceForComposites.java:532)
	at ptolemy.actor.util.CausalityInterfaceForComposites.checkForCycles(CausalityInterfaceForComposites.java:96)
	at ptolemy.domains.de.kernel.DEDirector.preinitialize(DEDirector.java:1338)
	at ptolemy.actor.CompositeActor.preinitialize(CompositeActor.java:1828)
	at ptolemy.actor.Manager.preinitializeAndResolveTypes(Manager.java:1040)
	at ptolemy.actor.Manager.initialize(Manager.java:710)
	at ptolemy.actor.Manager.execute(Manager.java:356)
	at ptolemy.actor.Manager.run(Manager.java:1263)
	at ptolemy.actor.Manager$PtolemyRunThread.run(Manager.java:1915)
]]></system-err>
</testsuite>
