<?xml version="1.0" encoding="UTF-8" ?>
<testsuite errors="0" failures="0" hostname="travis-job-dc004645-9836-4ef4-b81c-e2623c54d5ab" name="ptolemy.domains.de.test.junit.JUnitTclTest" skipped="0" tests="101" time="130.034" timestamp="2019-02-24T12:20:49">
  <properties>
    <property name="npm.executable" value="npm" />
    <property name="file.encoding.pkg" value="sun.io" />
    <property name="env.TRAVIS_ROOT" value="/" />
    <property name="ptII.mk.exists" value="true" />
    <property name="env.TRAVIS_APP_HOST" value="build.travis-ci.org" />
    <property name="env.rvm_bin_path" value="/home/travis/.rvm/bin" />
    <property name="java.home" value="/usr/lib/jvm/java-8-oracle/jre" />
    <property name="env.TRAVIS_JOB_NUMBER" value="1017.9" />
    <property name="env.TRAVIS_HOME" value="/home/travis" />
    <property name="env.DISPLAY" value=":99.0" />
    <property name="java.net.preferIPv4Stack" value="true" />
    <property name="env.TRAVIS_INIT" value="upstart" />
    <property name="env.SSH_TTY" value="/dev/pts/0" />
    <property name="env.RUN_TESTS" value="true" />
    <property name="timeout.short" value="1000000" />
    <property name="env.TRAVIS_JOB_NAME" value="" />
    <property name="env.TRAVIS_STACK_NODE_ATTRIBUTES" value="/.node-attributes.yml" />
    <property name="junit.formatter" value="xml" />
    <property name="java.endorsed.dirs" value="/usr/lib/jvm/java-8-oracle/jre/lib/endorsed" />
    <property name="env.TRAVIS_SUDO" value="true" />
    <property name="env.LOGNAME" value="travis" />
    <property name="jsdoc.home" value="node_modules/@terraswarm/jsdoc" />
    <property name="debuglevel" value="source,lines,vars" />
    <property name="checkstyle.formatter" value="xml" />
    <property name="bin.vergil.makeable" value="true" />
    <property name="env._system_version" value="14.04" />
    <property name="sun.os.patch.level" value="unknown" />
    <property name="java.vendor.url" value="http://java.oracle.com/" />
    <property name="env.TRAVIS_BUILD_WEB_URL" value="https://travis-ci.org/icyphy/ptII/builds/497744468" />
    <property name="java.version" value="1.8.0_151" />
    <property name="env.TZ" value="UTC" />
    <property name="env.PT_NO_NET" value="true" />
    <property name="env.TRAVIS_PULL_REQUEST_SHA" value="" />
    <property name="env.TRAVIS_SECURE_ENV_VARS" value="true" />
    <property name="env._system_type" value="Linux" />
    <property name="java.vendor.url.bug" value="http://bugreport.sun.com/bugreport/" />
    <property name="env.SSH_CLIENT" value="10.10.4.97 59116 22" />
    <property name="npmjs-org-is-up" value="true" />
    <property name="env.GEM_HOME" value="/home/travis/.rvm/gems/ruby-2.4.1" />
    <property name="env.HAS_ANTARES_THREE_LITTLE_FRONZIES_BADGE" value="true" />
    <property name="env.PS4" value="+" />
    <property name="ant.project.invoked-targets" value="build,test.core2.xml" />
    <property name="env.TRAVIS_PULL_REQUEST_BRANCH" value="" />
    <property name="env.TRAVIS_REPO_SLUG" value="icyphy/ptII" />
    <property name="env.TRAVIS_APT_PROXY" value="http://build-cache.travisci.net" />
    <property name="node.in.path" value="true" />
    <property name="java.maxmemory" value="1400m" />
    <property name="env.RUBY_VERSION" value="ruby-2.4.1" />
    <property name="user.name" value="travis" />
    <property name="env.LANG" value="en_US.UTF-8" />
    <property name="sun.io.unicode.encoding" value="UnicodeLittle" />
    <property name="sun.jnu.encoding" value="UTF-8" />
    <property name="java.runtime.name" value="Java(TM) SE Runtime Environment" />
    <property name="usefile" value="false" />
    <property name="return.code" value="0" />
    <property name="junit.single.formatter" value="plain" />
    <property name="env.DYLD_LIBRARY_PATH" value="/home/travis/pthla/certi-tools/lib:" />
    <property name="env.DEBIAN_FRONTEND" value="noninteractive" />
    <property name="env.SSH_CONNECTION" value="10.10.4.97 59116 10.20.1.14 22" />
    <property name="env.MYSQL_UNIX_PORT" value="/var/run/mysqld/mysqld.sock" />
    <property name="env.TRAVIS_ALLOW_FAILURE" value="false" />
    <property name="env.LC_ALL" value="en_US.UTF-8" />
    <property name="env.TRAVIS_JOB_WEB_URL" value="https://travis-ci.org/icyphy/ptII/jobs/497744477" />
    <property name="java.specification.name" value="Java Platform API Specification" />
    <property name="node.works" value="true" />
    <property name="user.timezone" value="" />
    <property name="path.separator" value=":" />
    <property name="env.TRAVIS_ENABLE_INFRA_DETECTION" value="true" />
    <property name="env.PYTHON_CFLAGS" value="-g -fstack-protector --param=ssp-buffer-size=4 -Wformat -Werror=format-security" />
    <property name="timeout.long" value="4000000" />
    <property name="env.CERTI_HOME" value="/home/travis/pthla/certi-tools" />
    <property name="file.encoding" value="UTF-8" />
    <property name="ant.file.ptII" value="/home/travis/build/icyphy/ptII/build.xml" />
    <property name="javadoc.packagenames" value="com.*,diva.*,lbnl.*,org.hlacerti.*,org.json.*,org.ptolemy.*,org.terraswarm.*,ptolemy.*,ptserver.*" />
    <property name="env.TRAVIS_PULL_REQUEST_SLUG" value="" />
    <property name="ant.project.default-target" value="build" />
    <property name="env.GIT_ASKPASS" value="echo" />
    <property name="env.HOME" value="/home/travis" />
    <property name="sun.java.command" value="org.apache.tools.ant.taskdefs.optional.junit.JUnitTestRunner ptolemy.domains.de.test.junit.JUnitTclTest skipNonTests=false filtertrace=true haltOnError=false haltOnFailure=false formatter=org.apache.tools.ant.taskdefs.optional.junit.OutErrSummaryJUnitResultFormatter showoutput=true outputtoformatters=true logfailedtests=true threadid=0 logtestlistenerevents=false formatter=org.apache.tools.ant.taskdefs.optional.junit.XMLJUnitResultFormatter,/home/travis/build/icyphy/ptII/reports/junit/TEST-ptolemy.domains.de.test.junit.JUnitTclTest.xml crashfile=/home/travis/build/icyphy/ptII/junitvmwatcher2312036998605008029.properties propsfile=/home/travis/build/icyphy/ptII/junit6819617449855563828.properties" />
    <property name="env.MANPATH" value="/home/travis/.nvm/versions/node/v7.10.1/share/man:/home/travis/.kiex/elixirs/elixir-1.4.5/man:/home/travis/.rvm/rubies/ruby-2.4.1/share/man:/usr/local/man:/usr/local/cmake-3.9.2/man:/usr/local/clang-5.0.0/share/man:/usr/local/share/man:/usr/share/man:/home/travis/.rvm/man" />
    <property name="env.COMPOSER_NO_INTERACTION" value="1" />
    <property name="env.JDK_SWITCHER_DEFAULT" value="oraclejdk8" />
    <property name="env.TRAVIS_TIMER_ID" value="0f71b953" />
    <property name="ant.file" value="/home/travis/build/icyphy/ptII/build.xml" />
    <property name="env.TRAVIS_COMMIT_RANGE" value="e9b032ab2dd3...911b78fe5d8d" />
    <property name="env._system_name" value="Ubuntu" />
    <property name="timeout" value="2400000" />
    <property name="ptII.classpath.optional.property" value="/home/travis/build/icyphy/ptII/lib/bsh-2.0b4.jar:/home/travis/build/icyphy/ptII/lib/ptCal.jar:/home/travis/build/icyphy/ptII/lib/java_cup.jar:/home/travis/build/icyphy/ptII/lib/saxon8.jar:/home/travis/build/icyphy/ptII/lib/saxon8-dom.jar:/home/travis/build/icyphy/ptII/lib/chic.jar:/home/travis/build/icyphy/ptII/lib/ptcolt.jar:/usr/lib/jvm/java-8-oracle/lib/tools.jar:/home/travis/build/icyphy/ptII/vendors/misc/itext/iText.jar:/home/travis/build/icyphy/ptII/lib/g4ltl.jar:/home/travis/build/icyphy/ptII/lib/StructuralCoder.jar:/home/travis/build/icyphy/ptII/vendors/jai-1_1_2_01/lib/jai_core.jar:/home/travis/build/icyphy/ptII/vendors/jai-1_1_2_01/lib/jai_codec.jar:/home/travis/build/icyphy/ptII/lib/jcerti.jar:/home/travis/build/icyphy/ptII/lib/javax.mail.jar:/home/travis/build/icyphy/ptII/vendors/JMF-2.1.1e/lib/jmf.jar:/home/travis/build/icyphy/ptII/lib/jna-4.0.0-variadic.jar:/home/travis/build/icyphy/ptII/vendors/misc/joystick/Joystick.jar:/home/travis/build/icyphy/ptII/lib/ptjacl.jar:/home/travis/build/icyphy/ptII/lib/jsoup-1.8.2.jar:/home/travis/build/icyphy/ptII/lib/junit-4.8.2.jar:/home/travis/build/icyphy/ptII/lib/JUnitParams-0.4.0.jar:/home/travis/build/icyphy/ptII/ptolemy/actor/lib/excel/jxl.jar:/home/travis/build/icyphy/ptII/lib/jython.jar:/home/travis/build/icyphy/ptII/lib/kieler.jar:/home/travis/build/icyphy/ptII/vendors/opencv/share/OpenCV/java/opencv-341.jar:/home/travis/build/icyphy/ptII/lib/oscP5.jar:/home/travis/build/icyphy/ptII/lib/nrjavaserial-3.11.0.devel.jar:/home/travis/build/icyphy/ptII/vendors/j3d/lib/j3dcore.jar:/home/travis/build/icyphy/ptII/vendors/j3d/lib/j3dutils.jar:/home/travis/build/icyphy/ptII/vendors/j3d/lib/vecmath.jar:/home/travis/build/icyphy/ptII/ptolemy/distributed/jini/jar/jini-core.jar:/home/travis/build/icyphy/ptII/ptolemy/distributed/jini/jar/jini-ext.jar:/home/travis/build/icyphy/ptII/ptolemy/distributed/jini/jar/sun-util.jar:/home/travis/build/icyphy/ptII/lib/protobuf-java-2.4.1.jar:/home/travis/build/icyphy/ptII/lib/org.eclipse.paho.client.mqttv3.jar:/home/travis/build/icyphy/ptII/lib/mapss.jar:/home/travis/build/icyphy/ptII/ptolemy/actor/ptalon/antlr/antlr.jar:/home/travis/build/icyphy/ptII/lib/JRI.jar:/home/travis/build/icyphy/ptII/lib/commons-lang-2.6.jar:/home/travis/build/icyphy/ptII/lib/commons-logging-1.1.1.jar:/home/travis/build/icyphy/ptII/lib/sootclasses.jar:/home/travis/build/icyphy/ptII/ptolemy/actor/lib/database/mysql-connector-java-5.1.6-bin.jar:/home/travis/build/icyphy/ptII/vendors/misc/sphinx4/sphinx4-data-5prealpha.jar:/home/travis/build/icyphy/ptII/vendors/misc/sphinx4/sphinx4-core-5prealpha.jar:/home/travis/build/icyphy/ptII/lib/PDFRenderer.jar:/home/travis/build/icyphy/ptII/lib/svgSalamander.jar:/home/travis/build/icyphy/ptII/lib/rsyntaxtextarea-2.6.0-SNAPSHOT.jar:/home/travis/build/icyphy/ptII/lib/hazelcast-3.8.2.jar:/home/travis/build/icyphy/ptII/lib/jackson-annotations-2.9.0.jar:/home/travis/build/icyphy/ptII/lib/jackson-core-2.9.3.jar:/home/travis/build/icyphy/ptII/lib/jackson-databind-2.9.3.jar:/home/travis/build/icyphy/ptII/lib/netty-buffer-4.1.19.Final.jar:/home/travis/build/icyphy/ptII/lib/netty-codec-4.1.19.Final.jar:/home/travis/build/icyphy/ptII/lib/netty-codec-dns-4.1.19.Final.jar:/home/travis/build/icyphy/ptII/lib/netty-codec-http-4.1.19.Final.jar:/home/travis/build/icyphy/ptII/lib/netty-codec-http2-4.1.19.Final.jar:/home/travis/build/icyphy/ptII/lib/netty-common-4.1.19.Final.jar:/home/travis/build/icyphy/ptII/lib/netty-handler-4.1.19.Final.jar:/home/travis/build/icyphy/ptII/lib/netty-resolver-4.1.19.Final.jar:/home/travis/build/icyphy/ptII/lib/netty-resolver-dns-4.1.19.Final.jar:/home/travis/build/icyphy/ptII/lib/netty-transport-4.1.19.Final.jar:/home/travis/build/icyphy/ptII/lib/vertx-codegen-3.5.1.jar:/home/travis/build/icyphy/ptII/lib/vertx-core-3.5.2-SNAPSHOT.jar:/home/travis/build/icyphy/ptII/lib/vertx-hazelcast-3.5.1.jar:/home/travis/build/icyphy/ptII/lib/vertx-lang-js-3.5.1.jar:/home/travis/build/icyphy/ptII/lib/vertx-service-proxy-3.5.1.jar:/home/travis/build/icyphy/ptII/lib/vertx-web-3.5.1.jar:/home/travis/build/icyphy/ptII/lib/slf4j-api-1.7.13.jar:/home/travis/build/icyphy/ptII/lib/slf4j-simple-1.7.13.jar:/home/travis/build/icyphy/ptII/lib/webcam-capture-0.3.12.jar:/home/travis/build/icyphy/ptII/lib/bridj-0.7.0.jar:/home/travis/build/icyphy/ptII/lib/xbjlib-1.1.0.nrjavaserial.jar" />
    <property name="test.batch" value="**/junit/*.java" />
    <property name="env._" value="/usr/bin/timeout" />
    <property name="java.io.tmpdir" value="/tmp" />
    <property name="env.TRAVIS_INTERNAL_RUBY_REGEX" value="^ruby-(2\.[0-4]\.[0-9]|1\.9\.3)" />
    <property name="user.language" value="en" />
    <property name="env.HISTCONTROL" value="ignoredups:ignorespace" />
    <property name="env.GOROOT" value="/home/travis/.gimme/versions/go1.7.4.linux.amd64" />
    <property name="line.separator" value="&#xa;" />
    <property name="target" value="1.8" />
    <property name="env.TRAVIS_BUILD_DIR" value="/home/travis/build/icyphy/ptII" />
    <property name="env.ANT_OPTS" value="-Xmx2048m" />
    <property name="ant.file.type" value="file" />
    <property name="ptolemy.ptII.batchMode" value="true" />
    <property name="env.HISTSIZE" value="1000" />
    <property name="env.MERB_ENV" value="test" />
    <property name="java.vm.info" value="mixed mode" />
    <property name="source" value="1.8" />
    <property name="java.vm.specification.name" value="Java Virtual Machine Specification" />
    <property name="env.TRAVIS_TEST_RESULT" value="0" />
    <property name="jsdoc.command" value="node_modules/@terraswarm/jsdoc/jsdoc.js" />
    <property name="npm.works" value="true" />
    <property name="cobertura.dir" value="/home/travis/build/icyphy/ptII/vendors/cobertura-2.0.3" />
    <property name="env.rvm_path" value="/home/travis/.rvm" />
    <property name="env.GEM_PATH" value="/home/travis/.rvm/gems/ruby-2.4.1:/home/travis/.rvm/gems/ruby-2.4.1@global" />
    <property name="env.LC_CTYPE" value="en_US.UTF-8" />
    <property name="java.awt.printerjob" value="sun.print.PSPrinterJob" />
    <property name="env.TRAVIS_CMD" value="$PTII/bin/ptIITravisBuild.sh $SECONDS" />
    <property name="env.TRAVIS_STACK_NAME" value="garnet" />
    <property name="env.TRAVIS_TIMER_START_TIME" value="1551010323655572228" />
    <property name="ant.version" value="Apache Ant(TM) version 1.10.1 compiled on February 2 2017" />
    <property name="ptII.reports" value="/home/travis/build/icyphy/ptII/reports" />
    <property name="env.TRAVIS_STACK_TIMESTAMP" value="2017-12-05 19:33:09 UTC" />
    <property name="ant.file.type.ptII" value="file" />
    <property name="env.RBENV_SHELL" value="bash" />
    <property name="os.name" value="Linux" />
    <property name="java.specification.vendor" value="Oracle Corporation" />
    <property name="env.rvm_version" value="1.29.3 (latest)" />
    <property name="env.TRAVIS_INFRA" value="gce" />
    <property name="env.TERM" value="xterm" />
    <property name="java.vm.name" value="Java HotSpot(TM) 64-Bit Server VM" />
    <property name="env.TRAVIS_BUILD_NUMBER" value="1017" />
    <property name="env.CI" value="true" />
    <property name="java.library.path" value="/home/travis/pthla/certi-tools/lib:/usr/lib/jni:/usr/local/share/OpenCV/java/:/usr/share/OpenCV/java::/usr/java/packages/lib/amd64:/usr/lib64:/lib64:/lib:/usr/lib" />
    <property name="env.rvm_prefix" value="/home/travis" />
    <property name="env.PATH" value="/home/travis/pthla/certi-tools/share/scripts:/home/travis/.rvm/gems/ruby-2.4.1/bin:/home/travis/.rvm/gems/ruby-2.4.1@global/bin:/home/travis/.rvm/rubies/ruby-2.4.1/bin:/home/travis/.rvm/bin:/home/travis/.nvm/versions/node/v7.10.1/bin:./node_modules/.bin:/home/travis/build/icyphy/ptII/bin:/home/travis/pthla/certi-tools/bin:/home/travis/bin:/home/travis/.local/bin:/opt/pyenv/shims:/home/travis/.phpenv/shims:/home/travis/perl5/perlbrew/bin:/home/travis/.kiex/elixirs/elixir-1.4.5/bin:/home/travis/.kiex/bin:/home/travis/gopath/bin:/home/travis/.gimme/versions/go1.7.4.linux.amd64/bin:/usr/local/phantomjs/bin:/usr/local/phantomjs:/usr/local/neo4j-3.2.7/bin:/usr/local/maven-3.5.2/bin:/usr/local/cmake-3.9.2/bin:/usr/local/clang-5.0.0/bin:/usr/local/sbin:/usr/local/bin:/usr/sbin:/usr/bin:/sbin:/bin:/home/travis/.phpenv/bin:/opt/pyenv/bin:/home/travis/.yarn/bin" />
    <property name="env.TRAVIS_OS_NAME" value="linux" />
    <property name="ant.java.version" value="1.8" />
    <property name="basedir" value="/home/travis/build/icyphy/ptII" />
    <property name="java.class.version" value="52.0" />
    <property name="env.SHLVL" value="3" />
    <property name="env.LD_LIBRARY_PATH" value="/home/travis/pthla/certi-tools/lib:/usr/lib/jni:/usr/local/share/OpenCV/java/:/usr/share/OpenCV/java:" />
    <property name="env.RACK_ENV" value="test" />
    <property name="ant.home" value="/home/travis/build/icyphy/ptII/ant" />
    <property name="env.PERLBREW_BASHRC_VERSION" value="0.80" />
    <property name="env.NVM_DIR" value="/home/travis/.nvm" />
    <property name="env.TRAVIS_BUILD_ID" value="497744468" />
    <property name="env.CERTI_FOM_PATH" value="/home/travis/pthla/certi-tools/share/federations" />
    <property name="env.PYENV_ROOT" value="/opt/pyenv" />
    <property name="env.TRAVIS_UID" value="2000" />
    <property name="env.rvm_pretty_print_flag" value="auto" />
    <property name="env.NVM_BIN" value="/home/travis/.nvm/versions/node/v7.10.1/bin" />
    <property name="env.TRAVIS_COMMIT" value="911b78fe5d8ddd3b65b0822b5ea551f721b593cd" />
    <property name="env._system_arch" value="x86_64" />
    <property name="node.executable" value="node" />
    <property name="sun.boot.library.path" value="/usr/lib/jvm/java-8-oracle/jre/lib/amd64" />
    <property name="sun.management.compiler" value="HotSpot 64-Bit Tiered Compilers" />
    <property name="env.GOPATH" value="/home/travis/gopath" />
    <property name="java.awt.graphicsenv" value="sun.awt.X11GraphicsEnvironment" />
    <property name="ptolemy.ptII.dir" value="/home/travis/build/icyphy/ptII" />
    <property name="env.USER" value="travis" />
    <property name="env.HISTFILESIZE" value="2000" />
    <property name="timeout.longest" value="19000000" />
    <property name="env.TRAVIS_STACK_FEATURES" value="basic cassandra chromium couchdb disabled-ipv6 docker docker-compose elasticsearch firefox go-toolchain google-chrome jdk memcached mongodb mysql neo4j nodejs_interpreter perl_interpreter perlbrew phantomjs postgresql python_interpreter rabbitmq redis riak ruby_interpreter sqlite xserver" />
    <property name="env.TRAVIS_PULL_REQUEST" value="false" />
    <property name="env.PYENV_SHELL" value="bash" />
    <property name="ant.project.name" value="ptII" />
    <property name="java.vm.specification.version" value="1.8" />
    <property name="env.ANSI_RESET" value="\033[0m" />
    <property name="env.TRAVIS_DIST" value="trusty" />
    <property name="env.CERTI_VERSION" value="4.0.0" />
    <property name="env.NLSPATH" value="/usr/dt/lib/nls/msg/%L/%N.cat" />
    <property name="awt.toolkit" value="sun.awt.X11.XToolkit" />
    <property name="env.CERTI_HOST" value="localhost" />
    <property name="env.MY_RUBY_HOME" value="/home/travis/.rvm/rubies/ruby-2.4.1" />
    <property name="sun.cpu.isalist" value="" />
    <property name="env.TRAVIS_TMPDIR" value="/tmp/tmp.6TMLrAdRlm" />
    <property name="java.ext.dirs" value="/usr/lib/jvm/java-8-oracle/jre/lib/ext:/usr/java/packages/lib/ext" />
    <property name="os.version" value="4.4.0-101-generic" />
    <property name="user.home" value="/home/travis" />
    <property name="env.MIX_ARCHIVES" value="/home/travis/.kiex/mix/elixir-1.4.5" />
    <property name="java.vm.vendor" value="Oracle Corporation" />
    <property name="env.TRAVIS_TAG" value="nightly" />
    <property name="env.ANSI_YELLOW" value="\033[33;1m" />
    <property name="env.TRAVIS_FILTERED" value="redirect_io" />
    <property name="env.ANSI_GREEN" value="\033[32;1m" />
    <property name="env.JAVA_HOME" value="/usr/lib/jvm/java-8-oracle" />
    <property name="env.PTII" value="/home/travis/build/icyphy/ptII" />
    <property name="javadoc.excludepackagenames" value="adm.cvs2svn.*,build.*,config.*,doc.coding.templates.*,jni.test.jni.meaningOfLife.*,jni.test.jni.testDeux.*,jni.test.jni.testTrois.*,org.terraswarm.accessor.accessors.web.node_modules.*,org.terraswarm.accessor.accessors.web.hosts.cordova.demo.*,org.terraswarm.accessor.accessors.web.hosts.cordova.plugins.*,org.terraswarm.accessor.accessors-svn.*,pt-modules.*,ptolemy.apps.agilent.*,ptolemy.apps.anytimecontrol.*,ptolemy.apps.apes.*,ptolemy.apps.charon.*,ptolemy.apps.crazyboard.*,ptolemy.apps.eclipse.*,ptolemy.apps.etherealSting.*,ptolemy.apps.fullscreen.*,ptolemy.apps.giotto.*,ptolemy.apps.ia.*,ptolemy.apps.interfaces.*,ptolemy.apps.jmf.*,ptolemy.apps.kurt.*,ptolemy.apps.kvm.*,ptolemy.apps.lego.*,ptolemy.apps.lejos.*,ptolemy.apps.midp.*,ptolemy.apps.mobileCoding.*,ptolemy.apps.pendulum.*,ptolemy.apps.rijndael.*,ptolemy.apps.robot.*,ptolemy.apps.security.*,ptolemy.apps.sobel.*,ptolemy.apps.soot.*,ptolemy.apps.throttle.*,ptolemy.apps.tini.*,ptolemy.apps.transmission.*,ptolemy.apps.vergil.*,ptolemy.apps.waba.*,ptolemy.apps.websensor.*,ptolemy.apps.webstart.*,ptolemy.apps.xsl.*,ptolemy.apps.zaurus.*,ptolemy.codegen.c.actor.lib.oldJavaFiles.*,ptolemy.codegen.dsp.lib.*,ptolemy.codegen.kernel.newInterfaces.*,ptolemy.codegen.lib.*,ptolemy.copernicus.kernel.fragment.*,ptolemy.copernicus.shallow.cg.*,ptolemy.domains.giotto.demo.Hierarchy.Hierarchy.*,ptolemy.domains.giotto.demo.Multimode.Multimode.*,ptolemy.domains.giotto.demo.Simple.Simple.*,ptolemy.domains.gr.lib.experimental.*,ptolemy.domains.gro.*,ptolemy.domains.pdf.*,ptolemy.domains.ptinyos.demo.Surge.output.*,ptolemy.moml.test.NoPackageActor.java*,ptolemy.plot.adm.*,ptolemy.plot.servlet.*,reports.*,signed.*,src.*,target.*,vendors.*,ptolemy.apps.eclipse.awt.*,ptolemy.backtrack.*,ptolemy.backtrack.ast.*,ptolemy.cg.adapter.generic.program.procedural.c.mbed*,ptolemy.homer.*,org.ptolemy.scala.*,diva.util.java2d.svg.*,ptolemy.domains.ptinyos.*,ptolemy.actor.lib.fmi.fmipp.*,,org.terraswarm.accessor.accessors.web.node_modules.*,org.terraswarm.accessor.accessors-svn,ptolemy.apps.*,ptolemy.actor.ptalon.demo.ptinyos.SendAndReceiveCnt.output,ptolemy.actor.ptalon.demo.ptinyos.SenseToLeds.output,ptolemy.domains.ptinyos.demo.CntToLedsAndRfm.output,ptolemy.domains.ptinyos.demo.RfmToLeds.output,ptolemy.domains.ptinyos.demo.SendAndReceiveCnt.output,ptolemy.domains.ptinyos.demo.SenseToLeds.output,ptolemy.actor.lib.jjs.modules.udpSocket.*" />
    <property name="env.TRAVIS_COMMIT_MESSAGE" value="Put back the comment on updateHlaAttribute so the file compiles." />
    <property name="keystore" value="ptKeystore" />
    <property name="env.XDG_SESSION_ID" value="2" />
    <property name="junit.output.dir" value="/home/travis/build/icyphy/ptII/reports/junit" />
    <property name="npm.return.code" value="0" />
    <property name="user.dir" value="/home/travis/build/icyphy/ptII/ptolemy/domains/de/test" />
    <property name="env.TRAVIS_NODE_VERSION" value="7" />
    <property name="env.XFILESEARCHPATH" value="/usr/dt/app-defaults/%L/Dt" />
    <property name="env.TRAVIS_EVENT_TYPE" value="push" />
    <property name="env.MAIL" value="/var/mail/travis" />
    <property name="env.PWD" value="/home/travis/build/icyphy/ptII" />
    <property name="env.PERLBREW_ROOT" value="/home/travis/perl5/perlbrew" />
    <property name="timeout.npm" value="45000" />
    <property name="env.PT_TRAVIS_TEST_CORE2_XML" value="true" />
    <property name="env.TRAVIS_ARCH" value="amd64" />
    <property name="env.PAGER" value="cat" />
    <property name="sun.cpu.endian" value="little" />
    <property name="env.TRAVIS_BUILD_STAGE_NAME" value="Test" />
    <property name="env.PERLBREW_HOME" value="/home/travis/.perlbrew" />
    <property name="env.RAILS_ENV" value="test" />
    <property name="java.vm.version" value="25.151-b12" />
    <property name="java.class.path" value="/home/travis/build/icyphy/ptII:/home/travis/build/icyphy/ptII/lib/bsh-2.0b4.jar:/home/travis/build/icyphy/ptII/lib/ptCal.jar:/home/travis/build/icyphy/ptII/lib/java_cup.jar:/home/travis/build/icyphy/ptII/lib/saxon8.jar:/home/travis/build/icyphy/ptII/lib/saxon8-dom.jar:/home/travis/build/icyphy/ptII/lib/chic.jar:/home/travis/build/icyphy/ptII/lib/ptcolt.jar:/usr/lib/jvm/java-8-oracle/lib/tools.jar:/home/travis/build/icyphy/ptII/vendors/misc/itext/iText.jar:/home/travis/build/icyphy/ptII/lib/g4ltl.jar:/home/travis/build/icyphy/ptII/lib/StructuralCoder.jar:/home/travis/build/icyphy/ptII/vendors/jai-1_1_2_01/lib/jai_core.jar:/home/travis/build/icyphy/ptII/vendors/jai-1_1_2_01/lib/jai_codec.jar:/home/travis/build/icyphy/ptII/lib/jcerti.jar:/home/travis/build/icyphy/ptII/lib/javax.mail.jar:/home/travis/build/icyphy/ptII/vendors/JMF-2.1.1e/lib/jmf.jar:/home/travis/build/icyphy/ptII/lib/jna-4.0.0-variadic.jar:/home/travis/build/icyphy/ptII/vendors/misc/joystick/Joystick.jar:/home/travis/build/icyphy/ptII/lib/ptjacl.jar:/home/travis/build/icyphy/ptII/lib/jsoup-1.8.2.jar:/home/travis/build/icyphy/ptII/lib/junit-4.8.2.jar:/home/travis/build/icyphy/ptII/lib/JUnitParams-0.4.0.jar:/home/travis/build/icyphy/ptII/ptolemy/actor/lib/excel/jxl.jar:/home/travis/build/icyphy/ptII/lib/jython.jar:/home/travis/build/icyphy/ptII/lib/kieler.jar:/home/travis/build/icyphy/ptII/vendors/opencv/share/OpenCV/java/opencv-341.jar:/home/travis/build/icyphy/ptII/lib/oscP5.jar:/home/travis/build/icyphy/ptII/lib/nrjavaserial-3.11.0.devel.jar:/home/travis/build/icyphy/ptII/vendors/j3d/lib/j3dcore.jar:/home/travis/build/icyphy/ptII/vendors/j3d/lib/j3dutils.jar:/home/travis/build/icyphy/ptII/vendors/j3d/lib/vecmath.jar:/home/travis/build/icyphy/ptII/ptolemy/distributed/jini/jar/jini-core.jar:/home/travis/build/icyphy/ptII/ptolemy/distributed/jini/jar/jini-ext.jar:/home/travis/build/icyphy/ptII/ptolemy/distributed/jini/jar/sun-util.jar:/home/travis/build/icyphy/ptII/lib/protobuf-java-2.4.1.jar:/home/travis/build/icyphy/ptII/lib/org.eclipse.paho.client.mqttv3.jar:/home/travis/build/icyphy/ptII/lib/mapss.jar:/home/travis/build/icyphy/ptII/ptolemy/actor/ptalon/antlr/antlr.jar:/home/travis/build/icyphy/ptII/lib/JRI.jar:/home/travis/build/icyphy/ptII/lib/commons-lang-2.6.jar:/home/travis/build/icyphy/ptII/lib/commons-logging-1.1.1.jar:/home/travis/build/icyphy/ptII/lib/sootclasses.jar:/home/travis/build/icyphy/ptII/ptolemy/actor/lib/database/mysql-connector-java-5.1.6-bin.jar:/home/travis/build/icyphy/ptII/vendors/misc/sphinx4/sphinx4-data-5prealpha.jar:/home/travis/build/icyphy/ptII/vendors/misc/sphinx4/sphinx4-core-5prealpha.jar:/home/travis/build/icyphy/ptII/lib/PDFRenderer.jar:/home/travis/build/icyphy/ptII/lib/svgSalamander.jar:/home/travis/build/icyphy/ptII/lib/rsyntaxtextarea-2.6.0-SNAPSHOT.jar:/home/travis/build/icyphy/ptII/lib/hazelcast-3.8.2.jar:/home/travis/build/icyphy/ptII/lib/jackson-annotations-2.9.0.jar:/home/travis/build/icyphy/ptII/lib/jackson-core-2.9.3.jar:/home/travis/build/icyphy/ptII/lib/jackson-databind-2.9.3.jar:/home/travis/build/icyphy/ptII/lib/netty-buffer-4.1.19.Final.jar:/home/travis/build/icyphy/ptII/lib/netty-codec-4.1.19.Final.jar:/home/travis/build/icyphy/ptII/lib/netty-codec-dns-4.1.19.Final.jar:/home/travis/build/icyphy/ptII/lib/netty-codec-http-4.1.19.Final.jar:/home/travis/build/icyphy/ptII/lib/netty-codec-http2-4.1.19.Final.jar:/home/travis/build/icyphy/ptII/lib/netty-common-4.1.19.Final.jar:/home/travis/build/icyphy/ptII/lib/netty-handler-4.1.19.Final.jar:/home/travis/build/icyphy/ptII/lib/netty-resolver-4.1.19.Final.jar:/home/travis/build/icyphy/ptII/lib/netty-resolver-dns-4.1.19.Final.jar:/home/travis/build/icyphy/ptII/lib/netty-transport-4.1.19.Final.jar:/home/travis/build/icyphy/ptII/lib/vertx-codegen-3.5.1.jar:/home/travis/build/icyphy/ptII/lib/vertx-core-3.5.2-SNAPSHOT.jar:/home/travis/build/icyphy/ptII/lib/vertx-hazelcast-3.5.1.jar:/home/travis/build/icyphy/ptII/lib/vertx-lang-js-3.5.1.jar:/home/travis/build/icyphy/ptII/lib/vertx-service-proxy-3.5.1.jar:/home/travis/build/icyphy/ptII/lib/vertx-web-3.5.1.jar:/home/travis/build/icyphy/ptII/lib/slf4j-api-1.7.13.jar:/home/travis/build/icyphy/ptII/lib/slf4j-simple-1.7.13.jar:/home/travis/build/icyphy/ptII/lib/webcam-capture-0.3.12.jar:/home/travis/build/icyphy/ptII/lib/bridj-0.7.0.jar:/home/travis/build/icyphy/ptII/lib/xbjlib-1.1.0.nrjavaserial.jar:/home/travis/build/icyphy/ptII/ptolemy/moml/test:/home/travis/build/icyphy/ptII/ant/lib/ant-launcher.jar:/home/travis/build/icyphy/ptII/ant/lib/ant.jar:/home/travis/build/icyphy/ptII/ant/lib/ant-junit.jar:/home/travis/build/icyphy/ptII/ant/lib/ant-junit4.jar" />
    <property name="ant.library.dir" value="/home/travis/build/icyphy/ptII/ant/lib" />
    <property name="os.arch" value="amd64" />
    <property name="env.TRAVIS_LANGUAGE" value="node_js" />
    <property name="env.CONTINUOUS_INTEGRATION" value="true" />
    <property name="env.TRAVIS_STACK_LANGUAGES" value="__garnet__ c c++ clojure cplusplus cpp default go groovy java node_js php pure_java python ruby scala" />
    <property name="test.name" value="ptolemy.actor.lib.test.junit.JUnitTclTest" />
    <property name="sun.java.launcher" value="SUN_STANDARD" />
    <property name="env.PYTHON_CONFIGURE_OPTS" value="--enable-unicode=ucs4 --with-wide-unicode --enable-shared --enable-ipv6 --enable-loadable-sqlite-extensions --with-computed-gotos" />
    <property name="ant.core.lib" value="/home/travis/build/icyphy/ptII/ant/lib/ant.jar" />
    <property name="java.vm.specification.vendor" value="Oracle Corporation" />
    <property name="env.BCVTB_HOME" value="/home/travis/build/icyphy/ptII/lbnl" />
    <property name="file.separator" value="/" />
    <property name="spotbugs.home" value="/home/travis/build/icyphy/ptII/vendors/spotbugs-3.1.1" />
    <property name="java.runtime.version" value="1.8.0_151-b12" />
    <property name="sun.boot.class.path" value="/usr/lib/jvm/java-8-oracle/jre/lib/resources.jar:/usr/lib/jvm/java-8-oracle/jre/lib/rt.jar:/usr/lib/jvm/java-8-oracle/jre/lib/sunrsasign.jar:/usr/lib/jvm/java-8-oracle/jre/lib/jsse.jar:/usr/lib/jvm/java-8-oracle/jre/lib/jce.jar:/usr/lib/jvm/java-8-oracle/jre/lib/charsets.jar:/usr/lib/jvm/java-8-oracle/jre/lib/jfr.jar:/usr/lib/jvm/java-8-oracle/jre/classes" />
    <property name="env.ANSI_CLEAR" value="\033[0K" />
    <property name="env.HAS_JOSH_K_SEAL_OF_APPROVAL" value="true" />
    <property name="env.XDG_RUNTIME_DIR" value="/run/user/2000" />
    <property name="env.TRAVIS_OSX_IMAGE" value="" />
    <property name="env.TRAVIS_BRANCH" value="master" />
    <property name="env.TRAVIS_JOB_ID" value="497744477" />
    <property name="user.country" value="US" />
    <property name="env.CERTI_HOME_TRAVIS" value="/home/travis/pthla/certi-tools" />
    <property name="env.SHELL" value="/bin/bash" />
    <property name="java.maxmemory.large" value="5000m" />
    <property name="model" value="" />
    <property name="env.CASHER_DIR" value="/home/travis/.casher" />
    <property name="env.NVM_CD_FLAGS" value="" />
    <property name="jshint.executable" value="/home/travis/node_modules/jshint/bin/jshint" />
    <property name="java.vendor" value="Oracle Corporation" />
    <property name="env.JRUBY_OPTS" value=" --client -J-XX:+TieredCompilation -J-XX:TieredStopAtLevel=1 -J-Xss2m -Xcompile.invokedynamic=false" />
    <property name="env.TRAVIS_PRE_CHEF_BOOTSTRAP_TIME" value="2017-12-05T19:32:55" />
    <property name="env.TRAVIS_STACK_JOB_BOARD_REGISTER" value="/.job-board-register.yml" />
    <property name="env.ELIXIR_VERSION" value="1.4.5" />
    <property name="env.ANSI_RED" value="\033[31;1m" />
    <property name="java.specification.version" value="1.8" />
    <property name="env.TRAVIS" value="true" />
    <property name="env.IRBRC" value="/home/travis/.rvm/rubies/ruby-2.4.1/.irbrc" />
    <property name="sun.arch.data.model" value="64" />
  </properties>
  <testcase classname="ptolemy.util.test.junit.TclTests" name="[0] /home/travis/build/icyphy/ptII/ptolemy/domains/de/test/DependencyLoop.tcl (RunTclFile)" time="0.688" />
  <testcase classname="ptolemy.util.test.junit.TclTests" name="[1] /home/travis/build/icyphy/ptII/ptolemy/domains/de/test/RunDETestsAsQSS.tcl (RunTclFile)" time="87.85" />
  <testcase classname="ptolemy.util.test.junit.AutoKnownFailedTests" name="[0] /home/travis/build/icyphy/ptII/ptolemy/domains/de/test/auto/knownFailedTests/DESDFClockTest.xml (RunModel)" time="2.048" />
  <testcase classname="ptolemy.util.test.junit.AutoKnownFailedTests" name="[1] /home/travis/build/icyphy/ptII/ptolemy/domains/de/test/auto/knownFailedTests/DirectFeedback.xml (RunModel)" time="0.023" />
  <testcase classname="ptolemy.util.test.junit.AutoKnownFailedTests" name="[2] /home/travis/build/icyphy/ptII/ptolemy/domains/de/test/auto/knownFailedTests/FSMSource.xml (RunModel)" time="0.035" />
  <testcase classname="ptolemy.util.test.junit.AutoKnownFailedTests" name="[3] /home/travis/build/icyphy/ptII/ptolemy/domains/de/test/auto/knownFailedTests/HierarchicalModel.xml (RunModel)" time="0.039" />
  <testcase classname="ptolemy.util.test.junit.AutoKnownFailedTests" name="[4] /home/travis/build/icyphy/ptII/ptolemy/domains/de/test/auto/knownFailedTests/dependencyLoop.xml (RunModel)" time="0.038" />
  <testcase classname="ptolemy.util.test.junit.AutoKnownFailedTests" name="[5] /home/travis/build/icyphy/ptII/ptolemy/domains/de/test/auto/knownFailedTests/dependencyLoop2.xml (RunModel)" time="0.039" />
  <testcase classname="ptolemy.util.test.junit.AutoNameArchTests" name="[0] ThereAreNoAutoArchTests (RunModel)" time="0.0" />
  <testcase classname="ptolemy.util.test.junit.AutoTests" name="[0] /home/travis/build/icyphy/ptII/ptolemy/domains/de/test/auto/ActorDepthCalculation_actorWithoutPorts.xml (RunModel)" time="0.015" />
  <testcase classname="ptolemy.util.test.junit.AutoTests" name="[1] /home/travis/build/icyphy/ptII/ptolemy/domains/de/test/auto/AssemblyLine.xml (RunModel)" time="0.019" />
  <testcase classname="ptolemy.util.test.junit.AutoTests" name="[2] /home/travis/build/icyphy/ptII/ptolemy/domains/de/test/auto/CQBug1.xml (RunModel)" time="0.009" />
  <testcase classname="ptolemy.util.test.junit.AutoTests" name="[3] /home/travis/build/icyphy/ptII/ptolemy/domains/de/test/auto/CancelFireAt.xml (RunModel)" time="0.016" />
  <testcase classname="ptolemy.util.test.junit.AutoTests" name="[4] /home/travis/build/icyphy/ptII/ptolemy/domains/de/test/auto/CausalityAndComposabilityAnalysis.xml (RunModel)" time="0.01" />
  <testcase classname="ptolemy.util.test.junit.AutoTests" name="[5] /home/travis/build/icyphy/ptII/ptolemy/domains/de/test/auto/CausalityInterface1.xml (RunModel)" time="0.022" />
  <testcase classname="ptolemy.util.test.junit.AutoTests" name="[6] /home/travis/build/icyphy/ptII/ptolemy/domains/de/test/auto/CausalityInterface15.xml (RunModel)" time="0.014" />
  <testcase classname="ptolemy.util.test.junit.AutoTests" name="[7] /home/travis/build/icyphy/ptII/ptolemy/domains/de/test/auto/CausalityInterface2.xml (RunModel)" time="0.011" />
  <testcase classname="ptolemy.util.test.junit.AutoTests" name="[8] /home/travis/build/icyphy/ptII/ptolemy/domains/de/test/auto/CausalityInterface3.xml (RunModel)" time="0.012" />
  <testcase classname="ptolemy.util.test.junit.AutoTests" name="[9] /home/travis/build/icyphy/ptII/ptolemy/domains/de/test/auto/ClockDrift.xml (RunModel)" time="0.041" />
  <testcase classname="ptolemy.util.test.junit.AutoTests" name="[10] /home/travis/build/icyphy/ptII/ptolemy/domains/de/test/auto/ClockDriftAndValueChange.xml (RunModel)" time="0.032" />
  <testcase classname="ptolemy.util.test.junit.AutoTests" name="[11] /home/travis/build/icyphy/ptII/ptolemy/domains/de/test/auto/ClockDriftChange.xml (RunModel)" time="0.032" />
  <testcase classname="ptolemy.util.test.junit.AutoTests" name="[12] /home/travis/build/icyphy/ptII/ptolemy/domains/de/test/auto/ComposableCausalityAnalysis.xml (RunModel)" time="0.021" />
  <testcase classname="ptolemy.util.test.junit.AutoTests" name="[13] /home/travis/build/icyphy/ptII/ptolemy/domains/de/test/auto/DEFixedPointLimitation.xml (RunModel)" time="0.009" />
  <testcase classname="ptolemy.util.test.junit.AutoTests" name="[14] /home/travis/build/icyphy/ptII/ptolemy/domains/de/test/auto/DEScheduleTest.xml (RunModel)" time="0.03" />
  <testcase classname="ptolemy.util.test.junit.AutoTests" name="[15] /home/travis/build/icyphy/ptII/ptolemy/domains/de/test/auto/DEinDEwithStartTimes.xml (RunModel)" time="0.016" />
  <testcase classname="ptolemy.util.test.junit.AutoTests" name="[16] /home/travis/build/icyphy/ptII/ptolemy/domains/de/test/auto/DEinDEwithStartTimes2.xml (RunModel)" time="0.014" />
  <testcase classname="ptolemy.util.test.junit.AutoTests" name="[17] /home/travis/build/icyphy/ptII/ptolemy/domains/de/test/auto/DateDemo.xml (RunModel)" time="0.028" />
  <testcase classname="ptolemy.util.test.junit.AutoTests" name="[18] /home/travis/build/icyphy/ptII/ptolemy/domains/de/test/auto/DateToEvent.xml (RunModel)" time="2.038" />
  <testcase classname="ptolemy.util.test.junit.AutoTests" name="[19] /home/travis/build/icyphy/ptII/ptolemy/domains/de/test/auto/DepthTest1.xml (RunModel)" time="0.01" />
  <testcase classname="ptolemy.util.test.junit.AutoTests" name="[20] /home/travis/build/icyphy/ptII/ptolemy/domains/de/test/auto/DepthTest2.xml (RunModel)" time="0.02" />
  <testcase classname="ptolemy.util.test.junit.AutoTests" name="[21] /home/travis/build/icyphy/ptII/ptolemy/domains/de/test/auto/DepthTest3.xml (RunModel)" time="0.018" />
  <testcase classname="ptolemy.util.test.junit.AutoTests" name="[22] /home/travis/build/icyphy/ptII/ptolemy/domains/de/test/auto/DepthTest4.xml (RunModel)" time="0.017" />
  <testcase classname="ptolemy.util.test.junit.AutoTests" name="[23] /home/travis/build/icyphy/ptII/ptolemy/domains/de/test/auto/DepthTest5.xml (RunModel)" time="0.015" />
  <testcase classname="ptolemy.util.test.junit.AutoTests" name="[24] /home/travis/build/icyphy/ptII/ptolemy/domains/de/test/auto/DepthTest6.xml (RunModel)" time="0.012" />
  <testcase classname="ptolemy.util.test.junit.AutoTests" name="[25] /home/travis/build/icyphy/ptII/ptolemy/domains/de/test/auto/DepthTest7.xml (RunModel)" time="0.016" />
  <testcase classname="ptolemy.util.test.junit.AutoTests" name="[26] /home/travis/build/icyphy/ptII/ptolemy/domains/de/test/auto/EventToDate.xml (RunModel)" time="3.044" />
  <testcase classname="ptolemy.util.test.junit.AutoTests" name="[27] /home/travis/build/icyphy/ptII/ptolemy/domains/de/test/auto/FSM1.xml (RunModel)" time="0.028" />
  <testcase classname="ptolemy.util.test.junit.AutoTests" name="[28] /home/travis/build/icyphy/ptII/ptolemy/domains/de/test/auto/FSM7.xml (RunModel)" time="0.026" />
  <testcase classname="ptolemy.util.test.junit.AutoTests" name="[29] /home/travis/build/icyphy/ptII/ptolemy/domains/de/test/auto/Inspection.xml (RunModel)" time="0.036" />
  <testcase classname="ptolemy.util.test.junit.AutoTests" name="[30] /home/travis/build/icyphy/ptII/ptolemy/domains/de/test/auto/Iteration.xml (RunModel)" time="0.016" />
  <testcase classname="ptolemy.util.test.junit.AutoTests" name="[31] /home/travis/build/icyphy/ptII/ptolemy/domains/de/test/auto/LineFault.xml (RunModel)" time="0.543" />
  <testcase classname="ptolemy.util.test.junit.AutoTests" name="[32] /home/travis/build/icyphy/ptII/ptolemy/domains/de/test/auto/MergeModel1Add.xml (RunModel)" time="0.039" />
  <testcase classname="ptolemy.util.test.junit.AutoTests" name="[33] /home/travis/build/icyphy/ptII/ptolemy/domains/de/test/auto/MergeModel2Add.xml (RunModel)" time="0.035" />
  <testcase classname="ptolemy.util.test.junit.AutoTests" name="[34] /home/travis/build/icyphy/ptII/ptolemy/domains/de/test/auto/MergeModel3Add.xml (RunModel)" time="0.031" />
  <testcase classname="ptolemy.util.test.junit.AutoTests" name="[35] /home/travis/build/icyphy/ptII/ptolemy/domains/de/test/auto/MergeWithoutDiscard.xml (RunModel)" time="0.011" />
  <testcase classname="ptolemy.util.test.junit.AutoTests" name="[36] /home/travis/build/icyphy/ptII/ptolemy/domains/de/test/auto/Modal1.xml (RunModel)" time="0.042" />
  <testcase classname="ptolemy.util.test.junit.AutoTests" name="[37] /home/travis/build/icyphy/ptII/ptolemy/domains/de/test/auto/Modal2.xml (RunModel)" time="0.032" />
  <testcase classname="ptolemy.util.test.junit.AutoTests" name="[38] /home/travis/build/icyphy/ptII/ptolemy/domains/de/test/auto/Modal3.xml (RunModel)" time="0.029" />
  <testcase classname="ptolemy.util.test.junit.AutoTests" name="[39] /home/travis/build/icyphy/ptII/ptolemy/domains/de/test/auto/Modal4.xml (RunModel)" time="0.027" />
  <testcase classname="ptolemy.util.test.junit.AutoTests" name="[40] /home/travis/build/icyphy/ptII/ptolemy/domains/de/test/auto/Modal5.xml (RunModel)" time="0.032" />
  <testcase classname="ptolemy.util.test.junit.AutoTests" name="[41] /home/travis/build/icyphy/ptII/ptolemy/domains/de/test/auto/Modal6.xml (RunModel)" time="0.028" />
  <testcase classname="ptolemy.util.test.junit.AutoTests" name="[42] /home/travis/build/icyphy/ptII/ptolemy/domains/de/test/auto/Modal7.xml (RunModel)" time="0.027" />
  <testcase classname="ptolemy.util.test.junit.AutoTests" name="[43] /home/travis/build/icyphy/ptII/ptolemy/domains/de/test/auto/ModalModel.xml (RunModel)" time="0.161" />
  <testcase classname="ptolemy.util.test.junit.AutoTests" name="[44] /home/travis/build/icyphy/ptII/ptolemy/domains/de/test/auto/ModalSource.xml (RunModel)" time="0.018" />
  <testcase classname="ptolemy.util.test.junit.AutoTests" name="[45] /home/travis/build/icyphy/ptII/ptolemy/domains/de/test/auto/NonInterruptibleTimerZeroDelay.xml (RunModel)" time="0.009" />
  <testcase classname="ptolemy.util.test.junit.AutoTests" name="[46] /home/travis/build/icyphy/ptII/ptolemy/domains/de/test/auto/OpenQueueingNetwork.xml (RunModel)" time="2.334" />
  <testcase classname="ptolemy.util.test.junit.AutoTests" name="[47] /home/travis/build/icyphy/ptII/ptolemy/domains/de/test/auto/OpenQueuingNetwork.xml (RunModel)" time="0.265" />
  <testcase classname="ptolemy.util.test.junit.AutoTests" name="[48] /home/travis/build/icyphy/ptII/ptolemy/domains/de/test/auto/PeriodicSampler.xml (RunModel)" time="0.012" />
  <testcase classname="ptolemy.util.test.junit.AutoTests" name="[49] /home/travis/build/icyphy/ptII/ptolemy/domains/de/test/auto/PersistentIO.xml (RunModel)" time="0.016" />
  <testcase classname="ptolemy.util.test.junit.AutoTests" name="[50] /home/travis/build/icyphy/ptII/ptolemy/domains/de/test/auto/PortParameterResetOnInitialize.xml (RunModel)" time="0.007" />
  <testcase classname="ptolemy.util.test.junit.AutoTests" name="[51] /home/travis/build/icyphy/ptII/ptolemy/domains/de/test/auto/PortParameterUpdates.xml (RunModel)" time="0.011" />
  <testcase classname="ptolemy.util.test.junit.AutoTests" name="[52] /home/travis/build/icyphy/ptII/ptolemy/domains/de/test/auto/QueueAndServer.xml (RunModel)" time="0.016" />
  <testcase classname="ptolemy.util.test.junit.AutoTests" name="[53] /home/travis/build/icyphy/ptII/ptolemy/domains/de/test/auto/Records.xml (RunModel)" time="0.011" />
  <testcase classname="ptolemy.util.test.junit.AutoTests" name="[54] /home/travis/build/icyphy/ptII/ptolemy/domains/de/test/auto/ResetTransitionWithStartTime1.xml (RunModel)" time="0.019" />
  <testcase classname="ptolemy.util.test.junit.AutoTests" name="[55] /home/travis/build/icyphy/ptII/ptolemy/domains/de/test/auto/ResetTransitionWithStartTime2.xml (RunModel)" time="0.015" />
  <testcase classname="ptolemy.util.test.junit.AutoTests" name="[56] /home/travis/build/icyphy/ptII/ptolemy/domains/de/test/auto/ResetTransitionWithStartTime3.xml (RunModel)" time="0.016" />
  <testcase classname="ptolemy.util.test.junit.AutoTests" name="[57] /home/travis/build/icyphy/ptII/ptolemy/domains/de/test/auto/ResetTransitionWithStartTime4.xml (RunModel)" time="0.018" />
  <testcase classname="ptolemy.util.test.junit.AutoTests" name="[58] /home/travis/build/icyphy/ptII/ptolemy/domains/de/test/auto/ResettableTimer1.xml (RunModel)" time="0.009" />
  <testcase classname="ptolemy.util.test.junit.AutoTests" name="[59] /home/travis/build/icyphy/ptII/ptolemy/domains/de/test/auto/ResettableTimer2.xml (RunModel)" time="0.008" />
  <testcase classname="ptolemy.util.test.junit.AutoTests" name="[60] /home/travis/build/icyphy/ptII/ptolemy/domains/de/test/auto/ResettableTimer3.xml (RunModel)" time="0.007" />
  <testcase classname="ptolemy.util.test.junit.AutoTests" name="[61] /home/travis/build/icyphy/ptII/ptolemy/domains/de/test/auto/ResettableTimer4.xml (RunModel)" time="0.015" />
  <testcase classname="ptolemy.util.test.junit.AutoTests" name="[62] /home/travis/build/icyphy/ptII/ptolemy/domains/de/test/auto/ResettableTimer5.xml (RunModel)" time="0.009" />
  <testcase classname="ptolemy.util.test.junit.AutoTests" name="[63] /home/travis/build/icyphy/ptII/ptolemy/domains/de/test/auto/ResettableTimer6.xml (RunModel)" time="0.02" />
  <testcase classname="ptolemy.util.test.junit.AutoTests" name="[64] /home/travis/build/icyphy/ptII/ptolemy/domains/de/test/auto/ServerZeroDelay.xml (RunModel)" time="0.01" />
  <testcase classname="ptolemy.util.test.junit.AutoTests" name="[65] /home/travis/build/icyphy/ptII/ptolemy/domains/de/test/auto/SmartSender.xml (RunModel)" time="3.007" />
  <testcase classname="ptolemy.util.test.junit.AutoTests" name="[66] /home/travis/build/icyphy/ptII/ptolemy/domains/de/test/auto/ThreadedComposite.xml (RunModel)" time="1.77" />
  <testcase classname="ptolemy.util.test.junit.AutoTests" name="[67] /home/travis/build/icyphy/ptII/ptolemy/domains/de/test/auto/Time.xml (RunModel)" time="0.426" />
  <testcase classname="ptolemy.util.test.junit.AutoTests" name="[68] /home/travis/build/icyphy/ptII/ptolemy/domains/de/test/auto/TimeDelayZeroDelay.xml (RunModel)" time="0.011" />
  <testcase classname="ptolemy.util.test.junit.AutoTests" name="[69] /home/travis/build/icyphy/ptII/ptolemy/domains/de/test/auto/TimerZeroDelay.xml (RunModel)" time="0.009" />
  <testcase classname="ptolemy.util.test.junit.AutoTests" name="[70] /home/travis/build/icyphy/ptII/ptolemy/domains/de/test/auto/TimingParadox.xml (RunModel)" time="0.354" />
  <testcase classname="ptolemy.util.test.junit.AutoTests" name="[71] /home/travis/build/icyphy/ptII/ptolemy/domains/de/test/auto/TransferInputs.xml (RunModel)" time="0.013" />
  <testcase classname="ptolemy.util.test.junit.AutoTests" name="[72] /home/travis/build/icyphy/ptII/ptolemy/domains/de/test/auto/TransferOutputs2.xml (RunModel)" time="0.019" />
  <testcase classname="ptolemy.util.test.junit.AutoTests" name="[73] /home/travis/build/icyphy/ptII/ptolemy/domains/de/test/auto/Trilateration.xml (RunModel)" time="11.693" />
  <testcase classname="ptolemy.util.test.junit.AutoTests" name="[74] /home/travis/build/icyphy/ptII/ptolemy/domains/de/test/auto/TwoSigmaDelta.xml (RunModel)" time="1.925" />
  <testcase classname="ptolemy.util.test.junit.AutoTests" name="[75] /home/travis/build/icyphy/ptII/ptolemy/domains/de/test/auto/VariableDelay.xml (RunModel)" time="0.011" />
  <testcase classname="ptolemy.util.test.junit.AutoTests" name="[76] /home/travis/build/icyphy/ptII/ptolemy/domains/de/test/auto/VariableDelay2.xml (RunModel)" time="0.008" />
  <testcase classname="ptolemy.util.test.junit.AutoTests" name="[77] /home/travis/build/icyphy/ptII/ptolemy/domains/de/test/auto/VariableDelayZeroDelay.xml (RunModel)" time="0.011" />
  <testcase classname="ptolemy.util.test.junit.AutoTests" name="[78] /home/travis/build/icyphy/ptII/ptolemy/domains/de/test/auto/VariableDelayZeroDelay2.xml (RunModel)" time="0.008" />
  <testcase classname="ptolemy.util.test.junit.AutoTests" name="[79] /home/travis/build/icyphy/ptII/ptolemy/domains/de/test/auto/deInCt.xml (RunModel)" time="0.014" />
  <testcase classname="ptolemy.util.test.junit.AutoTests" name="[80] /home/travis/build/icyphy/ptII/ptolemy/domains/de/test/auto/deInCt2.xml (RunModel)" time="0.023" />
  <testcase classname="ptolemy.util.test.junit.AutoTests" name="[81] /home/travis/build/icyphy/ptII/ptolemy/domains/de/test/auto/dynamicCausalityInterface1.xml (RunModel)" time="0.022" />
  <testcase classname="ptolemy.util.test.junit.AutoTests" name="[82] /home/travis/build/icyphy/ptII/ptolemy/domains/de/test/auto/fsm_de_test.xml (RunModel)" time="0.02" />
  <testcase classname="ptolemy.util.test.junit.AutoTests" name="[83] /home/travis/build/icyphy/ptII/ptolemy/domains/de/test/auto/functionDependencyReconstruction.xml (RunModel)" time="0.028" />
  <testcase classname="ptolemy.util.test.junit.AutoTests" name="[84] /home/travis/build/icyphy/ptII/ptolemy/domains/de/test/auto/multirate.xml (RunModel)" time="0.014" />
  <testcase classname="ptolemy.util.test.junit.AutoTests" name="[85] /home/travis/build/icyphy/ptII/ptolemy/domains/de/test/auto/multirate2.xml (RunModel)" time="0.017" />
  <testcase classname="ptolemy.util.test.junit.AutoTests" name="[86] /home/travis/build/icyphy/ptII/ptolemy/domains/de/test/auto/realtime.xml (RunModel)" time="10.01" />
  <testcase classname="ptolemy.util.test.junit.AutoTests" name="[87] /home/travis/build/icyphy/ptII/ptolemy/domains/de/test/auto/relationGroup.xml (RunModel)" time="0.007" />
  <testcase classname="ptolemy.util.test.junit.AutoTests" name="[88] /home/travis/build/icyphy/ptII/ptolemy/domains/de/test/auto/relationGroup2.xml (RunModel)" time="0.015" />
  <testcase classname="ptolemy.util.test.junit.AutoTests" name="[89] /home/travis/build/icyphy/ptII/ptolemy/domains/de/test/auto/sortWithOpaquePorts.xml (RunModel)" time="0.006" />
  <testcase classname="ptolemy.util.test.junit.AutoTests" name="[90] /home/travis/build/icyphy/ptII/ptolemy/domains/de/test/auto/transferInputsandOutputs.xml (RunModel)" time="0.016" />
  <testcase classname="ptolemy.util.test.junit.AutoTests" name="[91] /home/travis/build/icyphy/ptII/ptolemy/domains/de/test/auto/triggerType.xml (RunModel)" time="0.015" />
  <system-out><![CDATA[/home/travis/build/icyphy/ptII/ptolemy/domains/de/test/DependencyLoop.tcl
testDefs.tcl: setting time out to 9000 seconds at Sun Feb 24 12:20:49 UTC 2019
16 ms. Memory: 116224K Free: 97423K (84%)
23 ms. Memory: 146944K Free: 141212K (96%)
/home/travis/build/icyphy/ptII/ptolemy/domains/de/test/RunDETestsAsQSS.tcl
Run the DE tests using ptolemy.domains.qss.test.QSSDirectorTest, which extends QSSDirector and prints a message in the constructors.
------------------ testing $PTII/ptolemy/domains/de/test/auto/knownFailedTests/dependencyLoop.xml (Known Failure) 
6 ms. Memory: 146944K Free: 136561K (93%)


==== $PTIIhome/travis/build/icyphy/ptII/ptolemy/domains/de/test/../../../../: Auto Automatic test in file $PTII/ptolemy/domains/de/test/auto/knownFailedTests/dependencyLoop.xml
==== Contents of test case:

	    # FIXME: we should use $relativeFilename here, but it
	    # might have backslashes under Windows, which causes no end
	    # of trouble.
	    createAndExecute $file
	    list {}
	
.... Test generated KNOWN error:
    while executing
ptolemy.kernel.util.IllegalActionException: Found a zero delay loop containing .dependencyLoop.original
  in .dependencyLoop and .dependencyLoop.original
	at ptolemy.actor.util.CausalityInterfaceForComposites._computeOutputPortDepth(CausalityInterfaceForComposites.java:759)
	at ptolemy.actor.util.CausalityInterfaceForComposites._computeInputDepth(CausalityInterfaceForComposites.java:696)
	at ptolemy.actor.util.CausalityInterfaceForComposites._computeOutputPortDepth(CausalityInterfaceForComposites.java:765)
	at ptolemy.actor.util.CausalityInterfaceForComposites._computeInputDepth(CausalityInterfaceForComposites.java:696)
	at ptolemy.actor.util.CausalityInterfaceForComposites._computeOutputPortDepth(CausalityInterfaceForComposites.java:765)
	at ptolemy.actor.util.CausalityInterfaceForComposites._computeInputDepth(CausalityInterfaceForComposites.java:696)
	at ptolemy.actor.util.CausalityInterfaceForComposites._computeActorDepth(CausalityInterfaceForComposites.java:532)
	at ptolemy.actor.util.CausalityInterfaceForComposites.checkForCycles(CausalityInterfaceForComposites.java:96)
	at ptolemy.domains.de.kernel.DEDirector.preinitialize(DEDirector.java:1338)
	at ptolemy.actor.CompositeActor.preinitialize(CompositeActor.java:1828)
	at ptolemy.actor.Manager.preinitializeAndResolveTypes(Manager.java:1040)
	at ptolemy.actor.Manager.initialize(Manager.java:710)
	at ptolemy.actor.Manager.execute(Manager.java:356)
	at ptolemy.actor.Manager.run(Manager.java:1263)
	at ptolemy.actor.Manager$PtolemyRunThread.run(Manager.java:1915)

    while executing
ptolemy.kernel.util.IllegalActionException: Found a zero delay loop containing .dependencyLoop.original
  in .dependencyLoop and .dependencyLoop.original
    while executing
"java::new ptolemy.moml.MoMLSimpleApplication $file
"
    (procedure "createAndExecute" line 2)
    invoked from within
"createAndExecute $file"
    ("uplevel" body line 5)
    invoked from within
"uplevel $contents_of_test"
------------------ testing $PTII/ptolemy/domains/de/test/auto/knownFailedTests/DESDFClockTest.xml (Known Failure) 
2063 ms. Memory: 146944K Free: 121336K (83%)


==== $PTIIhome/travis/build/icyphy/ptII/ptolemy/domains/de/test/../../../../: Auto Automatic test in file $PTII/ptolemy/domains/de/test/auto/knownFailedTests/DESDFClockTest.xml
==== Contents of test case:

	    # FIXME: we should use $relativeFilename here, but it
	    # might have backslashes under Windows, which causes no end
	    # of trouble.
	    createAndExecute $file
	    list {}
	
.... Test generated KNOWN error:
    while executing
ptolemy.kernel.util.IllegalActionException: Actor is not ready to fire.  Perhaps UpSample.prefire() returned false? Try debugging the actor by selecting "Listen to Actor".  Also, for SDF check moml for tokenConsumptionRate on input.
  in .DESDFClockTest.Play Bell.Copy1:SDF Director and .DESDFClockTest.Play Bell.UpSample
	at ptolemy.actor.sched.StaticSchedulingDirector.fire(StaticSchedulingDirector.java:227)
	at ptolemy.domains.sdf.kernel.SDFDirector.fire(SDFDirector.java:500)
	at ptolemy.actor.CompositeActor.fire(CompositeActor.java:455)
	at ptolemy.domains.de.kernel.DEDirector._fire(DEDirector.java:1949)
	at ptolemy.domains.de.kernel.DEDirector.fire(DEDirector.java:502)
	at ptolemy.actor.CompositeActor.fire(CompositeActor.java:455)
	at ptolemy.actor.Manager.iterate(Manager.java:851)
	at ptolemy.actor.Manager.execute(Manager.java:369)
	at ptolemy.actor.Manager.run(Manager.java:1263)
	at ptolemy.actor.Manager$PtolemyRunThread.run(Manager.java:1915)

    while executing
ptolemy.kernel.util.IllegalActionException: Actor is not ready to fire.  Perhaps UpSample.prefire() returned false? Try debugging the actor by selecting "Listen to Actor".  Also, for SDF check moml for tokenConsumptionRate on input.
  in .DESDFClockTest.Play Bell.Copy1:SDF Director and .DESDFClockTest.Play Bell.UpSample
    while executing
"java::new ptolemy.moml.MoMLSimpleApplication $file
"
    (procedure "createAndExecute" line 2)
    invoked from within
"createAndExecute $file"
    ("uplevel" body line 5)
    invoked from within
"uplevel $contents_of_test"
------------------ testing $PTII/ptolemy/domains/de/test/auto/knownFailedTests/FSMSource.xml (Known Failure) 
29 ms. Memory: 146944K Free: 112468K (77%)
!!!! Auto was marked as failing, but now passes
------------------ testing $PTII/ptolemy/domains/de/test/auto/knownFailedTests/dependencyLoop2.xml (Known Failure) 
5 ms. Memory: 146944K Free: 110584K (75%)


==== $PTIIhome/travis/build/icyphy/ptII/ptolemy/domains/de/test/../../../../: Auto Automatic test in file $PTII/ptolemy/domains/de/test/auto/knownFailedTests/dependencyLoop2.xml
==== Contents of test case:

	    # FIXME: we should use $relativeFilename here, but it
	    # might have backslashes under Windows, which causes no end
	    # of trouble.
	    createAndExecute $file
	    list {}
	
.... Test generated KNOWN error:
    while executing
ptolemy.kernel.util.IllegalActionException: Found a zero delay loop containing .dependencyLoop2.original
  in .dependencyLoop2 and .dependencyLoop2.original
	at ptolemy.actor.util.CausalityInterfaceForComposites._computeOutputPortDepth(CausalityInterfaceForComposites.java:759)
	at ptolemy.actor.util.CausalityInterfaceForComposites._computeInputDepth(CausalityInterfaceForComposites.java:696)
	at ptolemy.actor.util.CausalityInterfaceForComposites._computeOutputPortDepth(CausalityInterfaceForComposites.java:765)
	at ptolemy.actor.util.CausalityInterfaceForComposites._computeInputDepth(CausalityInterfaceForComposites.java:696)
	at ptolemy.actor.util.CausalityInterfaceForComposites._computeOutputPortDepth(CausalityInterfaceForComposites.java:765)
	at ptolemy.actor.util.CausalityInterfaceForComposites._computeInputDepth(CausalityInterfaceForComposites.java:696)
	at ptolemy.actor.util.CausalityInterfaceForComposites._computeActorDepth(CausalityInterfaceForComposites.java:532)
	at ptolemy.actor.util.CausalityInterfaceForComposites.checkForCycles(CausalityInterfaceForComposites.java:96)
	at ptolemy.domains.de.kernel.DEDirector.preinitialize(DEDirector.java:1338)
	at ptolemy.actor.CompositeActor.preinitialize(CompositeActor.java:1828)
	at ptolemy.actor.Manager.preinitializeAndResolveTypes(Manager.java:1040)
	at ptolemy.actor.Manager.initialize(Manager.java:710)
	at ptolemy.actor.Manager.execute(Manager.java:356)
	at ptolemy.actor.Manager.run(Manager.java:1263)
	at ptolemy.actor.Manager$PtolemyRunThread.run(Manager.java:1915)

    while executing
ptolemy.kernel.util.IllegalActionException: Found a zero delay loop containing .dependencyLoop2.original
  in .dependencyLoop2 and .dependencyLoop2.original
    while executing
"java::new ptolemy.moml.MoMLSimpleApplication $file
"
    (procedure "createAndExecute" line 2)
    invoked from within
"createAndExecute $file"
    ("uplevel" body line 5)
    invoked from within
"uplevel $contents_of_test"
------------------ testing $PTII/ptolemy/domains/de/test/auto/knownFailedTests/HierarchicalModel.xml (Known Failure) 
18 ms. Memory: 146944K Free: 90372K (62%)


==== $PTIIhome/travis/build/icyphy/ptII/ptolemy/domains/de/test/../../../../: Auto Automatic test in file $PTII/ptolemy/domains/de/test/auto/knownFailedTests/HierarchicalModel.xml
==== Contents of test case:

	    # FIXME: we should use $relativeFilename here, but it
	    # might have backslashes under Windows, which causes no end
	    # of trouble.
	    createAndExecute $file
	    list {}
	
.... Test generated KNOWN error:
    while executing
ptolemy.kernel.util.IllegalActionException: Found a zero delay loop containing .HierarchicalModel.A
  in .HierarchicalModel and .HierarchicalModel.A
	at ptolemy.actor.util.CausalityInterfaceForComposites._computeOutputPortDepth(CausalityInterfaceForComposites.java:759)
	at ptolemy.actor.util.CausalityInterfaceForComposites._computeInputDepth(CausalityInterfaceForComposites.java:696)
	at ptolemy.actor.util.CausalityInterfaceForComposites._computeOutputPortDepth(CausalityInterfaceForComposites.java:765)
	at ptolemy.actor.util.CausalityInterfaceForComposites._computeInputDepth(CausalityInterfaceForComposites.java:696)
	at ptolemy.actor.util.CausalityInterfaceForComposites._computeOutputPortDepth(CausalityInterfaceForComposites.java:765)
	at ptolemy.actor.util.CausalityInterfaceForComposites._computeInputDepth(CausalityInterfaceForComposites.java:696)
	at ptolemy.actor.util.CausalityInterfaceForComposites._computeActorDepth(CausalityInterfaceForComposites.java:532)
	at ptolemy.actor.util.CausalityInterfaceForComposites.checkForCycles(CausalityInterfaceForComposites.java:96)
	at ptolemy.domains.de.kernel.DEDirector.preinitialize(DEDirector.java:1338)
	at ptolemy.actor.CompositeActor.preinitialize(CompositeActor.java:1828)
	at ptolemy.actor.Manager.preinitializeAndResolveTypes(Manager.java:1040)
	at ptolemy.actor.Manager.initialize(Manager.java:710)
	at ptolemy.actor.Manager.execute(Manager.java:356)
	at ptolemy.actor.Manager.run(Manager.java:1263)
	at ptolemy.actor.Manager$PtolemyRunThread.run(Manager.java:1915)

    while executing
ptolemy.kernel.util.IllegalActionException: Found a zero delay loop containing .HierarchicalModel.A
  in .HierarchicalModel and .HierarchicalModel.A
    while executing
"java::new ptolemy.moml.MoMLSimpleApplication $file
"
    (procedure "createAndExecute" line 2)
    invoked from within
"createAndExecute $file"
    ("uplevel" body line 5)
    invoked from within
"uplevel $contents_of_test"
------------------ testing $PTII/ptolemy/domains/de/test/auto/knownFailedTests/DirectFeedback.xml (Known Failure) 
11 ms. Memory: 146944K Free: 86235K (59%)


==== $PTIIhome/travis/build/icyphy/ptII/ptolemy/domains/de/test/../../../../: Auto Automatic test in file $PTII/ptolemy/domains/de/test/auto/knownFailedTests/DirectFeedback.xml
==== Contents of test case:

	    # FIXME: we should use $relativeFilename here, but it
	    # might have backslashes under Windows, which causes no end
	    # of trouble.
	    createAndExecute $file
	    list {}
	
.... Test generated KNOWN error:
    while executing
ptolemy.kernel.util.IllegalActionException: Test fails in iteration 1.
Value was: 1.0. Should have been: 2.0
  in .DirectFeedback.Test
	at ptolemy.actor.lib.Test.fire(Test.java:268)
	at ptolemy.domains.de.kernel.DEDirector._fire(DEDirector.java:1949)
	at ptolemy.domains.de.kernel.DEDirector.fire(DEDirector.java:502)
	at ptolemy.actor.CompositeActor.fire(CompositeActor.java:455)
	at ptolemy.actor.Manager.iterate(Manager.java:851)
	at ptolemy.actor.Manager.execute(Manager.java:369)
	at ptolemy.actor.Manager.run(Manager.java:1263)
	at ptolemy.actor.Manager$PtolemyRunThread.run(Manager.java:1915)

    while executing
ptolemy.kernel.util.IllegalActionException: Test fails in iteration 1.
Value was: 1.0. Should have been: 2.0
  in .DirectFeedback.Test
    while executing
"java::new ptolemy.moml.MoMLSimpleApplication $file
"
    (procedure "createAndExecute" line 2)
    invoked from within
"createAndExecute $file"
    ("uplevel" body line 5)
    invoked from within
"uplevel $contents_of_test"
------------------ testing $PTII/ptolemy/domains/de/test/auto/ActorDepthCalculation_actorWithoutPorts.xml
auto.tcl: Setting watchdog for 200 seconds at Sun Feb 24 12:20:53 UTC 2019
7 ms. Memory: 146944K Free: 139969K (95%)
ptolemy.util.test.WatchDog.cancel(): canceling Sun Feb 24 12:20:53 UTC 2019
auto.tcl: Setting watchdog for 200 seconds at Sun Feb 24 12:20:53 UTC 2019
3 ms. Memory: 146944K Free: 137929K (94%)
ptolemy.util.test.WatchDog.cancel(): canceling Sun Feb 24 12:20:53 UTC 2019
------------------ testing $PTII/ptolemy/domains/de/test/auto/AssemblyLine.xml
auto.tcl: Setting watchdog for 200 seconds at Sun Feb 24 12:20:53 UTC 2019
7 ms. Memory: 208384K Free: 183925K (88%)
ptolemy.util.test.WatchDog.cancel(): canceling Sun Feb 24 12:20:53 UTC 2019
auto.tcl: Setting watchdog for 200 seconds at Sun Feb 24 12:20:53 UTC 2019
6 ms. Memory: 208384K Free: 183925K (88%)
ptolemy.util.test.WatchDog.cancel(): canceling Sun Feb 24 12:20:53 UTC 2019
------------------ testing $PTII/ptolemy/domains/de/test/auto/CQBug1.xml
auto.tcl: Setting watchdog for 200 seconds at Sun Feb 24 12:20:53 UTC 2019
4 ms. Memory: 208384K Free: 197909K (95%)
ptolemy.util.test.WatchDog.cancel(): canceling Sun Feb 24 12:20:53 UTC 2019
auto.tcl: Setting watchdog for 200 seconds at Sun Feb 24 12:20:53 UTC 2019
2 ms. Memory: 208384K Free: 197909K (95%)
ptolemy.util.test.WatchDog.cancel(): canceling Sun Feb 24 12:20:53 UTC 2019
------------------ testing $PTII/ptolemy/domains/de/test/auto/CancelFireAt.xml
auto.tcl: Setting watchdog for 200 seconds at Sun Feb 24 12:20:53 UTC 2019
16 ms. Memory: 208384K Free: 201151K (97%)
ptolemy.util.test.WatchDog.cancel(): canceling Sun Feb 24 12:20:53 UTC 2019
auto.tcl: Setting watchdog for 200 seconds at Sun Feb 24 12:20:53 UTC 2019
4 ms. Memory: 208384K Free: 199096K (96%)
ptolemy.util.test.WatchDog.cancel(): canceling Sun Feb 24 12:20:53 UTC 2019
------------------ testing $PTII/ptolemy/domains/de/test/auto/CausalityAndComposabilityAnalysis.xml
auto.tcl: Setting watchdog for 200 seconds at Sun Feb 24 12:20:53 UTC 2019
12 ms. Memory: 208384K Free: 198584K (95%)
ptolemy.util.test.WatchDog.cancel(): canceling Sun Feb 24 12:20:54 UTC 2019
auto.tcl: Setting watchdog for 200 seconds at Sun Feb 24 12:20:54 UTC 2019
8 ms. Memory: 208384K Free: 196545K (94%)
ptolemy.util.test.WatchDog.cancel(): canceling Sun Feb 24 12:20:54 UTC 2019
------------------ testing $PTII/ptolemy/domains/de/test/auto/CausalityInterface1.xml
auto.tcl: Setting watchdog for 200 seconds at Sun Feb 24 12:20:54 UTC 2019
15 ms. Memory: 208384K Free: 196467K (94%)
ptolemy.util.test.WatchDog.cancel(): canceling Sun Feb 24 12:20:54 UTC 2019
auto.tcl: Setting watchdog for 200 seconds at Sun Feb 24 12:20:54 UTC 2019
8 ms. Memory: 208384K Free: 196467K (94%)
ptolemy.util.test.WatchDog.cancel(): canceling Sun Feb 24 12:20:54 UTC 2019
------------------ testing $PTII/ptolemy/domains/de/test/auto/CausalityInterface15.xml
auto.tcl: Setting watchdog for 200 seconds at Sun Feb 24 12:20:54 UTC 2019
17 ms. Memory: 208384K Free: 196449K (94%)
ptolemy.util.test.WatchDog.cancel(): canceling Sun Feb 24 12:20:54 UTC 2019
auto.tcl: Setting watchdog for 200 seconds at Sun Feb 24 12:20:54 UTC 2019
10 ms. Memory: 208384K Free: 196449K (94%)
ptolemy.util.test.WatchDog.cancel(): canceling Sun Feb 24 12:20:54 UTC 2019
------------------ testing $PTII/ptolemy/domains/de/test/auto/CausalityInterface2.xml
auto.tcl: Setting watchdog for 200 seconds at Sun Feb 24 12:20:54 UTC 2019
6 ms. Memory: 208384K Free: 196961K (95%)
ptolemy.util.test.WatchDog.cancel(): canceling Sun Feb 24 12:20:54 UTC 2019
auto.tcl: Setting watchdog for 200 seconds at Sun Feb 24 12:20:54 UTC 2019
6 ms. Memory: 208384K Free: 196441K (94%)
ptolemy.util.test.WatchDog.cancel(): canceling Sun Feb 24 12:20:54 UTC 2019
------------------ testing $PTII/ptolemy/domains/de/test/auto/CausalityInterface3.xml
auto.tcl: Setting watchdog for 200 seconds at Sun Feb 24 12:20:54 UTC 2019
8 ms. Memory: 208384K Free: 196470K (94%)
ptolemy.util.test.WatchDog.cancel(): canceling Sun Feb 24 12:20:54 UTC 2019
auto.tcl: Setting watchdog for 200 seconds at Sun Feb 24 12:20:54 UTC 2019
7 ms. Memory: 208384K Free: 196470K (94%)
ptolemy.util.test.WatchDog.cancel(): canceling Sun Feb 24 12:20:54 UTC 2019
------------------ testing $PTII/ptolemy/domains/de/test/auto/ClockDrift.xml
auto.tcl: Setting watchdog for 200 seconds at Sun Feb 24 12:20:54 UTC 2019
55 ms. Memory: 208384K Free: 187867K (90%)
ptolemy.util.test.WatchDog.cancel(): canceling Sun Feb 24 12:20:54 UTC 2019
auto.tcl: Setting watchdog for 200 seconds at Sun Feb 24 12:20:54 UTC 2019
69 ms. Memory: 208384K Free: 185820K (89%)
ptolemy.util.test.WatchDog.cancel(): canceling Sun Feb 24 12:20:54 UTC 2019
------------------ testing $PTII/ptolemy/domains/de/test/auto/ClockDriftAndValueChange.xml
auto.tcl: Setting watchdog for 200 seconds at Sun Feb 24 12:20:54 UTC 2019
29 ms. Memory: 208384K Free: 189728K (91%)
ptolemy.util.test.WatchDog.cancel(): canceling Sun Feb 24 12:20:54 UTC 2019
auto.tcl: Setting watchdog for 200 seconds at Sun Feb 24 12:20:54 UTC 2019
31 ms. Memory: 208384K Free: 185648K (89%)
ptolemy.util.test.WatchDog.cancel(): canceling Sun Feb 24 12:20:54 UTC 2019
------------------ testing $PTII/ptolemy/domains/de/test/auto/ClockDriftChange.xml
auto.tcl: Setting watchdog for 200 seconds at Sun Feb 24 12:20:54 UTC 2019
47 ms. Memory: 208384K Free: 190975K (92%)
ptolemy.util.test.WatchDog.cancel(): canceling Sun Feb 24 12:20:54 UTC 2019
auto.tcl: Setting watchdog for 200 seconds at Sun Feb 24 12:20:54 UTC 2019
30 ms. Memory: 208384K Free: 188936K (91%)
ptolemy.util.test.WatchDog.cancel(): canceling Sun Feb 24 12:20:54 UTC 2019
------------------ testing $PTII/ptolemy/domains/de/test/auto/ComposableCausalityAnalysis.xml
auto.tcl: Setting watchdog for 200 seconds at Sun Feb 24 12:20:54 UTC 2019
2 ms. Memory: 208384K Free: 196860K (94%)
ptolemy.util.test.WatchDog.cancel(): canceling Sun Feb 24 12:20:55 UTC 2019
auto.tcl: Setting watchdog for 200 seconds at Sun Feb 24 12:20:55 UTC 2019
1 ms. Memory: 208384K Free: 194805K (93%)
ptolemy.util.test.WatchDog.cancel(): canceling Sun Feb 24 12:20:55 UTC 2019
------------------ testing $PTII/ptolemy/domains/de/test/auto/DEFixedPointLimitation.xml
auto.tcl: Setting watchdog for 200 seconds at Sun Feb 24 12:20:55 UTC 2019
3 ms. Memory: 208384K Free: 198453K (95%)
ptolemy.util.test.WatchDog.cancel(): canceling Sun Feb 24 12:20:55 UTC 2019
auto.tcl: Setting watchdog for 200 seconds at Sun Feb 24 12:20:55 UTC 2019
1 ms. Memory: 208384K Free: 196413K (94%)
ptolemy.util.test.WatchDog.cancel(): canceling Sun Feb 24 12:20:55 UTC 2019
------------------ testing $PTII/ptolemy/domains/de/test/auto/DEScheduleTest.xml
auto.tcl: Setting watchdog for 200 seconds at Sun Feb 24 12:20:55 UTC 2019
6 ms. Memory: 208384K Free: 198488K (95%)
ptolemy.util.test.WatchDog.cancel(): canceling Sun Feb 24 12:20:55 UTC 2019
auto.tcl: Setting watchdog for 200 seconds at Sun Feb 24 12:20:55 UTC 2019
6 ms. Memory: 208384K Free: 196432K (94%)
ptolemy.util.test.WatchDog.cancel(): canceling Sun Feb 24 12:20:55 UTC 2019
------------------ testing $PTII/ptolemy/domains/de/test/auto/DEinDEwithStartTimes.xml
auto.tcl: Setting watchdog for 200 seconds at Sun Feb 24 12:20:55 UTC 2019
3 ms. Memory: 208384K Free: 196434K (94%)
ptolemy.util.test.WatchDog.cancel(): canceling Sun Feb 24 12:20:55 UTC 2019
auto.tcl: Setting watchdog for 200 seconds at Sun Feb 24 12:20:55 UTC 2019
4 ms. Memory: 208384K Free: 194395K (93%)
ptolemy.util.test.WatchDog.cancel(): canceling Sun Feb 24 12:20:55 UTC 2019
------------------ testing $PTII/ptolemy/domains/de/test/auto/DEinDEwithStartTimes2.xml
auto.tcl: Setting watchdog for 200 seconds at Sun Feb 24 12:20:55 UTC 2019
10 ms. Memory: 208384K Free: 196397K (94%)
ptolemy.util.test.WatchDog.cancel(): canceling Sun Feb 24 12:20:55 UTC 2019
auto.tcl: Setting watchdog for 200 seconds at Sun Feb 24 12:20:55 UTC 2019
4 ms. Memory: 208384K Free: 194342K (93%)
ptolemy.util.test.WatchDog.cancel(): canceling Sun Feb 24 12:20:55 UTC 2019
------------------ testing $PTII/ptolemy/domains/de/test/auto/DateDemo.xml
auto.tcl: Setting watchdog for 200 seconds at Sun Feb 24 12:20:55 UTC 2019
13 ms. Memory: 208384K Free: 188992K (91%)
ptolemy.util.test.WatchDog.cancel(): canceling Sun Feb 24 12:20:55 UTC 2019
auto.tcl: Setting watchdog for 200 seconds at Sun Feb 24 12:20:55 UTC 2019
7 ms. Memory: 208384K Free: 186936K (90%)
ptolemy.util.test.WatchDog.cancel(): canceling Sun Feb 24 12:20:55 UTC 2019
------------------ testing $PTII/ptolemy/domains/de/test/auto/DateToEvent.xml
auto.tcl: Setting watchdog for 200 seconds at Sun Feb 24 12:20:55 UTC 2019
2020 ms. Memory: 208384K Free: 183691K (88%)
ptolemy.util.test.WatchDog.cancel(): canceling Sun Feb 24 12:20:57 UTC 2019
auto.tcl: Setting watchdog for 200 seconds at Sun Feb 24 12:20:57 UTC 2019
2008 ms. Memory: 208384K Free: 183691K (88%)
ptolemy.util.test.WatchDog.cancel(): canceling Sun Feb 24 12:20:59 UTC 2019
------------------ testing $PTII/ptolemy/domains/de/test/auto/DepthTest1.xml
auto.tcl: Setting watchdog for 200 seconds at Sun Feb 24 12:20:59 UTC 2019
4 ms. Memory: 208384K Free: 198066K (95%)
ptolemy.util.test.WatchDog.cancel(): canceling Sun Feb 24 12:20:59 UTC 2019
auto.tcl: Setting watchdog for 200 seconds at Sun Feb 24 12:20:59 UTC 2019
2 ms. Memory: 208384K Free: 198066K (95%)
ptolemy.util.test.WatchDog.cancel(): canceling Sun Feb 24 12:20:59 UTC 2019
------------------ testing $PTII/ptolemy/domains/de/test/auto/DepthTest2.xml
auto.tcl: Setting watchdog for 200 seconds at Sun Feb 24 12:20:59 UTC 2019
6 ms. Memory: 208384K Free: 193884K (93%)
ptolemy.util.test.WatchDog.cancel(): canceling Sun Feb 24 12:20:59 UTC 2019
auto.tcl: Setting watchdog for 200 seconds at Sun Feb 24 12:20:59 UTC 2019
3 ms. Memory: 208384K Free: 193884K (93%)
ptolemy.util.test.WatchDog.cancel(): canceling Sun Feb 24 12:20:59 UTC 2019
------------------ testing $PTII/ptolemy/domains/de/test/auto/DepthTest3.xml
auto.tcl: Setting watchdog for 200 seconds at Sun Feb 24 12:20:59 UTC 2019
2 ms. Memory: 208384K Free: 197895K (95%)
ptolemy.util.test.WatchDog.cancel(): canceling Sun Feb 24 12:20:59 UTC 2019
auto.tcl: Setting watchdog for 200 seconds at Sun Feb 24 12:20:59 UTC 2019
4 ms. Memory: 208384K Free: 197895K (95%)
ptolemy.util.test.WatchDog.cancel(): canceling Sun Feb 24 12:20:59 UTC 2019
------------------ testing $PTII/ptolemy/domains/de/test/auto/DepthTest4.xml
auto.tcl: Setting watchdog for 200 seconds at Sun Feb 24 12:20:59 UTC 2019
3 ms. Memory: 208384K Free: 195912K (94%)
ptolemy.util.test.WatchDog.cancel(): canceling Sun Feb 24 12:20:59 UTC 2019
auto.tcl: Setting watchdog for 200 seconds at Sun Feb 24 12:20:59 UTC 2019
2 ms. Memory: 208384K Free: 195912K (94%)
ptolemy.util.test.WatchDog.cancel(): canceling Sun Feb 24 12:20:59 UTC 2019
------------------ testing $PTII/ptolemy/domains/de/test/auto/DepthTest5.xml
auto.tcl: Setting watchdog for 200 seconds at Sun Feb 24 12:21:00 UTC 2019
5 ms. Memory: 208384K Free: 196394K (94%)
ptolemy.util.test.WatchDog.cancel(): canceling Sun Feb 24 12:21:00 UTC 2019
auto.tcl: Setting watchdog for 200 seconds at Sun Feb 24 12:21:00 UTC 2019
3 ms. Memory: 208384K Free: 196394K (94%)
ptolemy.util.test.WatchDog.cancel(): canceling Sun Feb 24 12:21:00 UTC 2019
------------------ testing $PTII/ptolemy/domains/de/test/auto/DepthTest6.xml
auto.tcl: Setting watchdog for 200 seconds at Sun Feb 24 12:21:00 UTC 2019
6 ms. Memory: 208384K Free: 196385K (94%)
ptolemy.util.test.WatchDog.cancel(): canceling Sun Feb 24 12:21:00 UTC 2019
auto.tcl: Setting watchdog for 200 seconds at Sun Feb 24 12:21:00 UTC 2019
2 ms. Memory: 208384K Free: 196385K (94%)
ptolemy.util.test.WatchDog.cancel(): canceling Sun Feb 24 12:21:00 UTC 2019
------------------ testing $PTII/ptolemy/domains/de/test/auto/DepthTest7.xml
auto.tcl: Setting watchdog for 200 seconds at Sun Feb 24 12:21:00 UTC 2019
2 ms. Memory: 208384K Free: 194586K (93%)
ptolemy.util.test.WatchDog.cancel(): canceling Sun Feb 24 12:21:00 UTC 2019
auto.tcl: Setting watchdog for 200 seconds at Sun Feb 24 12:21:00 UTC 2019
2 ms. Memory: 208384K Free: 194586K (93%)
ptolemy.util.test.WatchDog.cancel(): canceling Sun Feb 24 12:21:00 UTC 2019
------------------ testing $PTII/ptolemy/domains/de/test/auto/EventToDate.xml
auto.tcl: Setting watchdog for 200 seconds at Sun Feb 24 12:21:00 UTC 2019
3004 ms. Memory: 208384K Free: 187662K (90%)
ptolemy.util.test.WatchDog.cancel(): canceling Sun Feb 24 12:21:03 UTC 2019
auto.tcl: Setting watchdog for 200 seconds at Sun Feb 24 12:21:03 UTC 2019
3004 ms. Memory: 208384K Free: 185615K (89%)
ptolemy.util.test.WatchDog.cancel(): canceling Sun Feb 24 12:21:06 UTC 2019
------------------ testing $PTII/ptolemy/domains/de/test/auto/FSM1.xml
auto.tcl: Setting watchdog for 200 seconds at Sun Feb 24 12:21:06 UTC 2019
22 ms. Memory: 208384K Free: 188989K (91%)
ptolemy.util.test.WatchDog.cancel(): canceling Sun Feb 24 12:21:06 UTC 2019
auto.tcl: Setting watchdog for 200 seconds at Sun Feb 24 12:21:06 UTC 2019
25 ms. Memory: 208384K Free: 184910K (89%)
ptolemy.util.test.WatchDog.cancel(): canceling Sun Feb 24 12:21:06 UTC 2019
------------------ testing $PTII/ptolemy/domains/de/test/auto/FSM7.xml
auto.tcl: Setting watchdog for 200 seconds at Sun Feb 24 12:21:06 UTC 2019
21 ms. Memory: 208384K Free: 189192K (91%)
ptolemy.util.test.WatchDog.cancel(): canceling Sun Feb 24 12:21:06 UTC 2019
auto.tcl: Setting watchdog for 200 seconds at Sun Feb 24 12:21:06 UTC 2019
22 ms. Memory: 208384K Free: 185082K (89%)
ptolemy.util.test.WatchDog.cancel(): canceling Sun Feb 24 12:21:06 UTC 2019
------------------ testing $PTII/ptolemy/domains/de/test/auto/Inspection.xml
auto.tcl: Setting watchdog for 200 seconds at Sun Feb 24 12:21:06 UTC 2019
35 ms. Memory: 208384K Free: 188869K (91%)
ptolemy.util.test.WatchDog.cancel(): canceling Sun Feb 24 12:21:06 UTC 2019
auto.tcl: Setting watchdog for 200 seconds at Sun Feb 24 12:21:06 UTC 2019
19 ms. Memory: 208384K Free: 186814K (90%)
ptolemy.util.test.WatchDog.cancel(): canceling Sun Feb 24 12:21:06 UTC 2019
------------------ testing $PTII/ptolemy/domains/de/test/auto/Iteration.xml
auto.tcl: Setting watchdog for 200 seconds at Sun Feb 24 12:21:06 UTC 2019
7 ms. Memory: 208384K Free: 196157K (94%)
ptolemy.util.test.WatchDog.cancel(): canceling Sun Feb 24 12:21:06 UTC 2019
auto.tcl: Setting watchdog for 200 seconds at Sun Feb 24 12:21:06 UTC 2019
7 ms. Memory: 208384K Free: 194102K (93%)
ptolemy.util.test.WatchDog.cancel(): canceling Sun Feb 24 12:21:06 UTC 2019
------------------ testing $PTII/ptolemy/domains/de/test/auto/LineFault.xml
auto.tcl: Setting watchdog for 200 seconds at Sun Feb 24 12:21:06 UTC 2019
702 ms. Memory: 208384K Free: 199932K (96%)
ptolemy.util.test.WatchDog.cancel(): canceling Sun Feb 24 12:21:07 UTC 2019
auto.tcl: Setting watchdog for 200 seconds at Sun Feb 24 12:21:07 UTC 2019
604 ms. Memory: 208384K Free: 142494K (68%)
ptolemy.util.test.WatchDog.cancel(): canceling Sun Feb 24 12:21:08 UTC 2019
------------------ testing $PTII/ptolemy/domains/de/test/auto/MergeModel1Add.xml
auto.tcl: Setting watchdog for 200 seconds at Sun Feb 24 12:21:08 UTC 2019
16 ms. Memory: 331264K Free: 300319K (91%)
ptolemy.util.test.WatchDog.cancel(): canceling Sun Feb 24 12:21:08 UTC 2019
auto.tcl: Setting watchdog for 200 seconds at Sun Feb 24 12:21:08 UTC 2019
9 ms. Memory: 331264K Free: 300319K (91%)
ptolemy.util.test.WatchDog.cancel(): canceling Sun Feb 24 12:21:08 UTC 2019
------------------ testing $PTII/ptolemy/domains/de/test/auto/MergeModel2Add.xml
auto.tcl: Setting watchdog for 200 seconds at Sun Feb 24 12:21:08 UTC 2019
9 ms. Memory: 331264K Free: 305223K (92%)
ptolemy.util.test.WatchDog.cancel(): canceling Sun Feb 24 12:21:08 UTC 2019
auto.tcl: Setting watchdog for 200 seconds at Sun Feb 24 12:21:08 UTC 2019
11 ms. Memory: 331264K Free: 301657K (91%)
ptolemy.util.test.WatchDog.cancel(): canceling Sun Feb 24 12:21:08 UTC 2019
------------------ testing $PTII/ptolemy/domains/de/test/auto/MergeModel3Add.xml
auto.tcl: Setting watchdog for 200 seconds at Sun Feb 24 12:21:08 UTC 2019
10 ms. Memory: 331264K Free: 305233K (92%)
ptolemy.util.test.WatchDog.cancel(): canceling Sun Feb 24 12:21:08 UTC 2019
auto.tcl: Setting watchdog for 200 seconds at Sun Feb 24 12:21:08 UTC 2019
9 ms. Memory: 331264K Free: 301659K (91%)
ptolemy.util.test.WatchDog.cancel(): canceling Sun Feb 24 12:21:08 UTC 2019
------------------ testing $PTII/ptolemy/domains/de/test/auto/MergeWithoutDiscard.xml
auto.tcl: Setting watchdog for 200 seconds at Sun Feb 24 12:21:08 UTC 2019
4 ms. Memory: 331264K Free: 315968K (95%)
ptolemy.util.test.WatchDog.cancel(): canceling Sun Feb 24 12:21:08 UTC 2019
auto.tcl: Setting watchdog for 200 seconds at Sun Feb 24 12:21:08 UTC 2019
1 ms. Memory: 331264K Free: 315968K (95%)
ptolemy.util.test.WatchDog.cancel(): canceling Sun Feb 24 12:21:08 UTC 2019
------------------ testing $PTII/ptolemy/domains/de/test/auto/Modal1.xml
auto.tcl: Setting watchdog for 200 seconds at Sun Feb 24 12:21:08 UTC 2019
11 ms. Memory: 331264K Free: 310219K (94%)
ptolemy.util.test.WatchDog.cancel(): canceling Sun Feb 24 12:21:09 UTC 2019
auto.tcl: Setting watchdog for 200 seconds at Sun Feb 24 12:21:09 UTC 2019
17 ms. Memory: 331264K Free: 306644K (93%)
ptolemy.util.test.WatchDog.cancel(): canceling Sun Feb 24 12:21:09 UTC 2019
------------------ testing $PTII/ptolemy/domains/de/test/auto/Modal2.xml
auto.tcl: Setting watchdog for 200 seconds at Sun Feb 24 12:21:09 UTC 2019
13 ms. Memory: 331264K Free: 310100K (94%)
ptolemy.util.test.WatchDog.cancel(): canceling Sun Feb 24 12:21:09 UTC 2019
auto.tcl: Setting watchdog for 200 seconds at Sun Feb 24 12:21:09 UTC 2019
10 ms. Memory: 331264K Free: 306518K (93%)
ptolemy.util.test.WatchDog.cancel(): canceling Sun Feb 24 12:21:09 UTC 2019
------------------ testing $PTII/ptolemy/domains/de/test/auto/Modal3.xml
auto.tcl: Setting watchdog for 200 seconds at Sun Feb 24 12:21:09 UTC 2019
16 ms. Memory: 331264K Free: 310075K (94%)
ptolemy.util.test.WatchDog.cancel(): canceling Sun Feb 24 12:21:09 UTC 2019
auto.tcl: Setting watchdog for 200 seconds at Sun Feb 24 12:21:09 UTC 2019
14 ms. Memory: 331264K Free: 306508K (93%)
ptolemy.util.test.WatchDog.cancel(): canceling Sun Feb 24 12:21:09 UTC 2019
------------------ testing $PTII/ptolemy/domains/de/test/auto/Modal4.xml
auto.tcl: Setting watchdog for 200 seconds at Sun Feb 24 12:21:09 UTC 2019
25 ms. Memory: 331264K Free: 310104K (94%)
ptolemy.util.test.WatchDog.cancel(): canceling Sun Feb 24 12:21:09 UTC 2019
auto.tcl: Setting watchdog for 200 seconds at Sun Feb 24 12:21:09 UTC 2019
13 ms. Memory: 331264K Free: 306521K (93%)
ptolemy.util.test.WatchDog.cancel(): canceling Sun Feb 24 12:21:09 UTC 2019
------------------ testing $PTII/ptolemy/domains/de/test/auto/Modal5.xml
auto.tcl: Setting watchdog for 200 seconds at Sun Feb 24 12:21:09 UTC 2019
16 ms. Memory: 331264K Free: 310123K (94%)
ptolemy.util.test.WatchDog.cancel(): canceling Sun Feb 24 12:21:09 UTC 2019
auto.tcl: Setting watchdog for 200 seconds at Sun Feb 24 12:21:09 UTC 2019
13 ms. Memory: 331264K Free: 306556K (93%)
ptolemy.util.test.WatchDog.cancel(): canceling Sun Feb 24 12:21:09 UTC 2019
------------------ testing $PTII/ptolemy/domains/de/test/auto/Modal6.xml
auto.tcl: Setting watchdog for 200 seconds at Sun Feb 24 12:21:09 UTC 2019
10 ms. Memory: 331264K Free: 310104K (94%)
ptolemy.util.test.WatchDog.cancel(): canceling Sun Feb 24 12:21:09 UTC 2019
auto.tcl: Setting watchdog for 200 seconds at Sun Feb 24 12:21:09 UTC 2019
12 ms. Memory: 331264K Free: 306537K (93%)
ptolemy.util.test.WatchDog.cancel(): canceling Sun Feb 24 12:21:09 UTC 2019
------------------ testing $PTII/ptolemy/domains/de/test/auto/Modal7.xml
auto.tcl: Setting watchdog for 200 seconds at Sun Feb 24 12:21:09 UTC 2019
17 ms. Memory: 331264K Free: 306530K (93%)
ptolemy.util.test.WatchDog.cancel(): canceling Sun Feb 24 12:21:09 UTC 2019
auto.tcl: Setting watchdog for 200 seconds at Sun Feb 24 12:21:09 UTC 2019
10 ms. Memory: 331264K Free: 302964K (91%)
ptolemy.util.test.WatchDog.cancel(): canceling Sun Feb 24 12:21:09 UTC 2019
------------------ testing $PTII/ptolemy/domains/de/test/auto/ModalModel.xml
auto.tcl: Setting watchdog for 200 seconds at Sun Feb 24 12:21:09 UTC 2019
185 ms. Memory: 331264K Free: 247499K (75%)
ptolemy.util.test.WatchDog.cancel(): canceling Sun Feb 24 12:21:09 UTC 2019
auto.tcl: Setting watchdog for 200 seconds at Sun Feb 24 12:21:09 UTC 2019
173 ms. Memory: 331264K Free: 190279K (57%)
ptolemy.util.test.WatchDog.cancel(): canceling Sun Feb 24 12:21:10 UTC 2019
------------------ testing $PTII/ptolemy/domains/de/test/auto/ModalSource.xml
auto.tcl: Setting watchdog for 200 seconds at Sun Feb 24 12:21:10 UTC 2019
6 ms. Memory: 331264K Free: 316383K (96%)
ptolemy.util.test.WatchDog.cancel(): canceling Sun Feb 24 12:21:10 UTC 2019
auto.tcl: Setting watchdog for 200 seconds at Sun Feb 24 12:21:10 UTC 2019
5 ms. Memory: 331264K Free: 313101K (95%)
ptolemy.util.test.WatchDog.cancel(): canceling Sun Feb 24 12:21:10 UTC 2019
------------------ testing $PTII/ptolemy/domains/de/test/auto/NonInterruptibleTimerZeroDelay.xml
auto.tcl: Setting watchdog for 200 seconds at Sun Feb 24 12:21:10 UTC 2019
3 ms. Memory: 331264K Free: 320756K (97%)
ptolemy.util.test.WatchDog.cancel(): canceling Sun Feb 24 12:21:10 UTC 2019
auto.tcl: Setting watchdog for 200 seconds at Sun Feb 24 12:21:10 UTC 2019
2 ms. Memory: 331264K Free: 317474K (96%)
ptolemy.util.test.WatchDog.cancel(): canceling Sun Feb 24 12:21:10 UTC 2019
------------------ testing $PTII/ptolemy/domains/de/test/auto/OpenQueueingNetwork.xml
auto.tcl: Setting watchdog for 200 seconds at Sun Feb 24 12:21:10 UTC 2019
2845 ms. Memory: 573952K Free: 414023K (72%)
ptolemy.util.test.WatchDog.cancel(): canceling Sun Feb 24 12:21:13 UTC 2019
auto.tcl: Setting watchdog for 200 seconds at Sun Feb 24 12:21:13 UTC 2019
2512 ms. Memory: 550912K Free: 314626K (57%)
ptolemy.util.test.WatchDog.cancel(): canceling Sun Feb 24 12:21:15 UTC 2019
------------------ testing $PTII/ptolemy/domains/de/test/auto/OpenQueuingNetwork.xml
auto.tcl: Setting watchdog for 200 seconds at Sun Feb 24 12:21:15 UTC 2019
250 ms. Memory: 549888K Free: 435005K (79%)
ptolemy.util.test.WatchDog.cancel(): canceling Sun Feb 24 12:21:16 UTC 2019
auto.tcl: Setting watchdog for 200 seconds at Sun Feb 24 12:21:16 UTC 2019
231 ms. Memory: 549888K Free: 375644K (68%)
ptolemy.util.test.WatchDog.cancel(): canceling Sun Feb 24 12:21:16 UTC 2019
------------------ testing $PTII/ptolemy/domains/de/test/auto/PeriodicSampler.xml
auto.tcl: Setting watchdog for 200 seconds at Sun Feb 24 12:21:16 UTC 2019
3 ms. Memory: 551936K Free: 535261K (97%)
ptolemy.util.test.WatchDog.cancel(): canceling Sun Feb 24 12:21:16 UTC 2019
auto.tcl: Setting watchdog for 200 seconds at Sun Feb 24 12:21:16 UTC 2019
2 ms. Memory: 551936K Free: 535261K (97%)
ptolemy.util.test.WatchDog.cancel(): canceling Sun Feb 24 12:21:16 UTC 2019
------------------ testing $PTII/ptolemy/domains/de/test/auto/PersistentIO.xml
auto.tcl: Setting watchdog for 200 seconds at Sun Feb 24 12:21:16 UTC 2019
11 ms. Memory: 549376K Free: 526689K (96%)
ptolemy.util.test.WatchDog.cancel(): canceling Sun Feb 24 12:21:16 UTC 2019
auto.tcl: Setting watchdog for 200 seconds at Sun Feb 24 12:21:16 UTC 2019
4 ms. Memory: 549376K Free: 526689K (96%)
ptolemy.util.test.WatchDog.cancel(): canceling Sun Feb 24 12:21:16 UTC 2019
------------------ testing $PTII/ptolemy/domains/de/test/auto/PortParameterResetOnInitialize.xml
auto.tcl: Setting watchdog for 200 seconds at Sun Feb 24 12:21:16 UTC 2019
2 ms. Memory: 551424K Free: 529987K (96%)
ptolemy.util.test.WatchDog.cancel(): canceling Sun Feb 24 12:21:16 UTC 2019
auto.tcl: Setting watchdog for 200 seconds at Sun Feb 24 12:21:16 UTC 2019
2 ms. Memory: 551424K Free: 529987K (96%)
ptolemy.util.test.WatchDog.cancel(): canceling Sun Feb 24 12:21:16 UTC 2019
------------------ testing $PTII/ptolemy/domains/de/test/auto/PortParameterUpdates.xml
auto.tcl: Setting watchdog for 200 seconds at Sun Feb 24 12:21:16 UTC 2019
5 ms. Memory: 549376K Free: 533295K (97%)
ptolemy.util.test.WatchDog.cancel(): canceling Sun Feb 24 12:21:16 UTC 2019
auto.tcl: Setting watchdog for 200 seconds at Sun Feb 24 12:21:16 UTC 2019
3 ms. Memory: 549376K Free: 533295K (97%)
ptolemy.util.test.WatchDog.cancel(): canceling Sun Feb 24 12:21:16 UTC 2019
------------------ testing $PTII/ptolemy/domains/de/test/auto/QueueAndServer.xml
auto.tcl: Setting watchdog for 200 seconds at Sun Feb 24 12:21:16 UTC 2019
10 ms. Memory: 551424K Free: 535306K (97%)
ptolemy.util.test.WatchDog.cancel(): canceling Sun Feb 24 12:21:16 UTC 2019
auto.tcl: Setting watchdog for 200 seconds at Sun Feb 24 12:21:16 UTC 2019
6 ms. Memory: 551424K Free: 528151K (96%)
ptolemy.util.test.WatchDog.cancel(): canceling Sun Feb 24 12:21:16 UTC 2019
------------------ testing $PTII/ptolemy/domains/de/test/auto/Records.xml
auto.tcl: Setting watchdog for 200 seconds at Sun Feb 24 12:21:16 UTC 2019
12 ms. Memory: 549376K Free: 532658K (97%)
ptolemy.util.test.WatchDog.cancel(): canceling Sun Feb 24 12:21:16 UTC 2019
auto.tcl: Setting watchdog for 200 seconds at Sun Feb 24 12:21:16 UTC 2019
2 ms. Memory: 549376K Free: 532658K (97%)
ptolemy.util.test.WatchDog.cancel(): canceling Sun Feb 24 12:21:16 UTC 2019
------------------ testing $PTII/ptolemy/domains/de/test/auto/ResetTransitionWithStartTime1.xml
auto.tcl: Setting watchdog for 200 seconds at Sun Feb 24 12:21:16 UTC 2019
12 ms. Memory: 551424K Free: 534730K (97%)
ptolemy.util.test.WatchDog.cancel(): canceling Sun Feb 24 12:21:16 UTC 2019
auto.tcl: Setting watchdog for 200 seconds at Sun Feb 24 12:21:16 UTC 2019
5 ms. Memory: 551424K Free: 528118K (96%)
ptolemy.util.test.WatchDog.cancel(): canceling Sun Feb 24 12:21:16 UTC 2019
------------------ testing $PTII/ptolemy/domains/de/test/auto/ResetTransitionWithStartTime2.xml
auto.tcl: Setting watchdog for 200 seconds at Sun Feb 24 12:21:17 UTC 2019
5 ms. Memory: 549376K Free: 533217K (97%)
ptolemy.util.test.WatchDog.cancel(): canceling Sun Feb 24 12:21:17 UTC 2019
auto.tcl: Setting watchdog for 200 seconds at Sun Feb 24 12:21:17 UTC 2019
6 ms. Memory: 549376K Free: 526605K (96%)
ptolemy.util.test.WatchDog.cancel(): canceling Sun Feb 24 12:21:17 UTC 2019
------------------ testing $PTII/ptolemy/domains/de/test/auto/ResetTransitionWithStartTime3.xml
auto.tcl: Setting watchdog for 200 seconds at Sun Feb 24 12:21:17 UTC 2019
4 ms. Memory: 550912K Free: 534209K (97%)
ptolemy.util.test.WatchDog.cancel(): canceling Sun Feb 24 12:21:17 UTC 2019
auto.tcl: Setting watchdog for 200 seconds at Sun Feb 24 12:21:17 UTC 2019
5 ms. Memory: 550912K Free: 527597K (96%)
ptolemy.util.test.WatchDog.cancel(): canceling Sun Feb 24 12:21:17 UTC 2019
------------------ testing $PTII/ptolemy/domains/de/test/auto/ResetTransitionWithStartTime4.xml
auto.tcl: Setting watchdog for 200 seconds at Sun Feb 24 12:21:17 UTC 2019
3 ms. Memory: 549376K Free: 532671K (97%)
ptolemy.util.test.WatchDog.cancel(): canceling Sun Feb 24 12:21:17 UTC 2019
auto.tcl: Setting watchdog for 200 seconds at Sun Feb 24 12:21:17 UTC 2019
3 ms. Memory: 549376K Free: 526060K (96%)
ptolemy.util.test.WatchDog.cancel(): canceling Sun Feb 24 12:21:17 UTC 2019
------------------ testing $PTII/ptolemy/domains/de/test/auto/ResettableTimer1.xml
auto.tcl: Setting watchdog for 200 seconds at Sun Feb 24 12:21:17 UTC 2019
3 ms. Memory: 550912K Free: 534203K (97%)
ptolemy.util.test.WatchDog.cancel(): canceling Sun Feb 24 12:21:17 UTC 2019
auto.tcl: Setting watchdog for 200 seconds at Sun Feb 24 12:21:17 UTC 2019
2 ms. Memory: 550912K Free: 534203K (97%)
ptolemy.util.test.WatchDog.cancel(): canceling Sun Feb 24 12:21:17 UTC 2019
------------------ testing $PTII/ptolemy/domains/de/test/auto/ResettableTimer2.xml
auto.tcl: Setting watchdog for 200 seconds at Sun Feb 24 12:21:17 UTC 2019
3 ms. Memory: 549376K Free: 533268K (97%)
ptolemy.util.test.WatchDog.cancel(): canceling Sun Feb 24 12:21:17 UTC 2019
auto.tcl: Setting watchdog for 200 seconds at Sun Feb 24 12:21:17 UTC 2019
2 ms. Memory: 549376K Free: 533268K (97%)
ptolemy.util.test.WatchDog.cancel(): canceling Sun Feb 24 12:21:17 UTC 2019
------------------ testing $PTII/ptolemy/domains/de/test/auto/ResettableTimer3.xml
auto.tcl: Setting watchdog for 200 seconds at Sun Feb 24 12:21:17 UTC 2019
1 ms. Memory: 550912K Free: 534260K (97%)
ptolemy.util.test.WatchDog.cancel(): canceling Sun Feb 24 12:21:17 UTC 2019
auto.tcl: Setting watchdog for 200 seconds at Sun Feb 24 12:21:17 UTC 2019
1 ms. Memory: 550912K Free: 534260K (97%)
ptolemy.util.test.WatchDog.cancel(): canceling Sun Feb 24 12:21:17 UTC 2019
------------------ testing $PTII/ptolemy/domains/de/test/auto/ResettableTimer4.xml
auto.tcl: Setting watchdog for 200 seconds at Sun Feb 24 12:21:17 UTC 2019
1 ms. Memory: 549376K Free: 533280K (97%)
ptolemy.util.test.WatchDog.cancel(): canceling Sun Feb 24 12:21:17 UTC 2019
auto.tcl: Setting watchdog for 200 seconds at Sun Feb 24 12:21:17 UTC 2019
1 ms. Memory: 549376K Free: 533280K (97%)
ptolemy.util.test.WatchDog.cancel(): canceling Sun Feb 24 12:21:17 UTC 2019
------------------ testing $PTII/ptolemy/domains/de/test/auto/ResettableTimer5.xml
auto.tcl: Setting watchdog for 200 seconds at Sun Feb 24 12:21:17 UTC 2019
1 ms. Memory: 550400K Free: 529623K (96%)
ptolemy.util.test.WatchDog.cancel(): canceling Sun Feb 24 12:21:17 UTC 2019
auto.tcl: Setting watchdog for 200 seconds at Sun Feb 24 12:21:17 UTC 2019
1 ms. Memory: 550400K Free: 529623K (96%)
ptolemy.util.test.WatchDog.cancel(): canceling Sun Feb 24 12:21:17 UTC 2019
------------------ testing $PTII/ptolemy/domains/de/test/auto/ResettableTimer6.xml
auto.tcl: Setting watchdog for 200 seconds at Sun Feb 24 12:21:17 UTC 2019
4 ms. Memory: 549376K Free: 528005K (96%)
ptolemy.util.test.WatchDog.cancel(): canceling Sun Feb 24 12:21:17 UTC 2019
auto.tcl: Setting watchdog for 200 seconds at Sun Feb 24 12:21:17 UTC 2019
2 ms. Memory: 549376K Free: 528005K (96%)
ptolemy.util.test.WatchDog.cancel(): canceling Sun Feb 24 12:21:17 UTC 2019
------------------ testing $PTII/ptolemy/domains/de/test/auto/ServerZeroDelay.xml
auto.tcl: Setting watchdog for 200 seconds at Sun Feb 24 12:21:17 UTC 2019
3 ms. Memory: 550400K Free: 534242K (97%)
ptolemy.util.test.WatchDog.cancel(): canceling Sun Feb 24 12:21:17 UTC 2019
auto.tcl: Setting watchdog for 200 seconds at Sun Feb 24 12:21:17 UTC 2019
2 ms. Memory: 550400K Free: 534242K (97%)
ptolemy.util.test.WatchDog.cancel(): canceling Sun Feb 24 12:21:17 UTC 2019
------------------ testing $PTII/ptolemy/domains/de/test/auto/SmartSender.xml
auto.tcl: Setting watchdog for 200 seconds at Sun Feb 24 12:21:17 UTC 2019
3002 ms. Memory: 549376K Free: 528533K (96%)
ptolemy.util.test.WatchDog.cancel(): canceling Sun Feb 24 12:21:20 UTC 2019
auto.tcl: Setting watchdog for 200 seconds at Sun Feb 24 12:21:20 UTC 2019
3001 ms. Memory: 549376K Free: 528533K (96%)
ptolemy.util.test.WatchDog.cancel(): canceling Sun Feb 24 12:21:23 UTC 2019
------------------ testing $PTII/ptolemy/domains/de/test/auto/ThreadedComposite.xml
auto.tcl: Setting watchdog for 200 seconds at Sun Feb 24 12:21:23 UTC 2019
211 ms. Memory: 550400K Free: 503713K (92%)
ptolemy.util.test.WatchDog.cancel(): canceling Sun Feb 24 12:21:23 UTC 2019
auto.tcl: Setting watchdog for 200 seconds at Sun Feb 24 12:21:23 UTC 2019
104 ms. Memory: 550400K Free: 487758K (89%)
ptolemy.util.test.WatchDog.cancel(): canceling Sun Feb 24 12:21:24 UTC 2019
------------------ testing $PTII/ptolemy/domains/de/test/auto/Time.xml
auto.tcl: Setting watchdog for 200 seconds at Sun Feb 24 12:21:24 UTC 2019
525 ms. Memory: 549376K Free: 480917K (88%)
ptolemy.util.test.WatchDog.cancel(): canceling Sun Feb 24 12:21:24 UTC 2019
auto.tcl: Setting watchdog for 200 seconds at Sun Feb 24 12:21:24 UTC 2019
518 ms. Memory: 549376K Free: 428152K (78%)
ptolemy.util.test.WatchDog.cancel(): canceling Sun Feb 24 12:21:25 UTC 2019
------------------ testing $PTII/ptolemy/domains/de/test/auto/TimeDelayZeroDelay.xml
auto.tcl: Setting watchdog for 200 seconds at Sun Feb 24 12:21:25 UTC 2019
1 ms. Memory: 550400K Free: 533616K (97%)
ptolemy.util.test.WatchDog.cancel(): canceling Sun Feb 24 12:21:25 UTC 2019
auto.tcl: Setting watchdog for 200 seconds at Sun Feb 24 12:21:25 UTC 2019
2 ms. Memory: 550400K Free: 533616K (97%)
ptolemy.util.test.WatchDog.cancel(): canceling Sun Feb 24 12:21:25 UTC 2019
------------------ testing $PTII/ptolemy/domains/de/test/auto/TimerZeroDelay.xml
auto.tcl: Setting watchdog for 200 seconds at Sun Feb 24 12:21:25 UTC 2019
2 ms. Memory: 549376K Free: 533179K (97%)
ptolemy.util.test.WatchDog.cancel(): canceling Sun Feb 24 12:21:25 UTC 2019
auto.tcl: Setting watchdog for 200 seconds at Sun Feb 24 12:21:25 UTC 2019
2 ms. Memory: 549376K Free: 533179K (97%)
ptolemy.util.test.WatchDog.cancel(): canceling Sun Feb 24 12:21:25 UTC 2019
------------------ testing $PTII/ptolemy/domains/de/test/auto/TimingParadox.xml
auto.tcl: Setting watchdog for 200 seconds at Sun Feb 24 12:21:25 UTC 2019
355 ms. Memory: 549888K Free: 467371K (85%)
ptolemy.util.test.WatchDog.cancel(): canceling Sun Feb 24 12:21:25 UTC 2019
auto.tcl: Setting watchdog for 200 seconds at Sun Feb 24 12:21:25 UTC 2019
340 ms. Memory: 549888K Free: 434393K (79%)
ptolemy.util.test.WatchDog.cancel(): canceling Sun Feb 24 12:21:26 UTC 2019
------------------ testing $PTII/ptolemy/domains/de/test/auto/TransferInputs.xml
auto.tcl: Setting watchdog for 200 seconds at Sun Feb 24 12:21:26 UTC 2019
2 ms. Memory: 549888K Free: 532652K (97%)
ptolemy.util.test.WatchDog.cancel(): canceling Sun Feb 24 12:21:26 UTC 2019
auto.tcl: Setting watchdog for 200 seconds at Sun Feb 24 12:21:26 UTC 2019
1 ms. Memory: 549888K Free: 532652K (97%)
ptolemy.util.test.WatchDog.cancel(): canceling Sun Feb 24 12:21:26 UTC 2019
------------------ testing $PTII/ptolemy/domains/de/test/auto/TransferOutputs2.xml
auto.tcl: Setting watchdog for 200 seconds at Sun Feb 24 12:21:26 UTC 2019
3 ms. Memory: 549376K Free: 526630K (96%)
ptolemy.util.test.WatchDog.cancel(): canceling Sun Feb 24 12:21:26 UTC 2019
auto.tcl: Setting watchdog for 200 seconds at Sun Feb 24 12:21:26 UTC 2019
8 ms. Memory: 549376K Free: 526630K (96%)
ptolemy.util.test.WatchDog.cancel(): canceling Sun Feb 24 12:21:26 UTC 2019
------------------ testing $PTII/ptolemy/domains/de/test/auto/Trilateration.xml
auto.tcl: Setting watchdog for 200 seconds at Sun Feb 24 12:21:26 UTC 2019
14367 ms. Memory: 766976K Free: 248198K (32%)
ptolemy.util.test.WatchDog.cancel(): canceling Sun Feb 24 12:21:41 UTC 2019
auto.tcl: Setting watchdog for 200 seconds at Sun Feb 24 12:21:41 UTC 2019
10867 ms. Memory: 646144K Free: 100873K (16%)
ptolemy.util.test.WatchDog.cancel(): canceling Sun Feb 24 12:21:52 UTC 2019
------------------ testing $PTII/ptolemy/domains/de/test/auto/TwoSigmaDelta.xml
auto.tcl: Setting watchdog for 200 seconds at Sun Feb 24 12:21:52 UTC 2019
2557 ms. Memory: 649728K Free: 363503K (56%)
ptolemy.util.test.WatchDog.cancel(): canceling Sun Feb 24 12:21:55 UTC 2019
auto.tcl: Setting watchdog for 200 seconds at Sun Feb 24 12:21:55 UTC 2019
2026 ms. Memory: 649728K Free: 125494K (19%)
ptolemy.util.test.WatchDog.cancel(): canceling Sun Feb 24 12:21:57 UTC 2019
------------------ testing $PTII/ptolemy/domains/de/test/auto/VariableDelay.xml
auto.tcl: Setting watchdog for 200 seconds at Sun Feb 24 12:21:57 UTC 2019
2 ms. Memory: 646656K Free: 626867K (97%)
ptolemy.util.test.WatchDog.cancel(): canceling Sun Feb 24 12:21:57 UTC 2019
auto.tcl: Setting watchdog for 200 seconds at Sun Feb 24 12:21:57 UTC 2019
2 ms. Memory: 646656K Free: 626867K (97%)
ptolemy.util.test.WatchDog.cancel(): canceling Sun Feb 24 12:21:57 UTC 2019
------------------ testing $PTII/ptolemy/domains/de/test/auto/VariableDelay2.xml
auto.tcl: Setting watchdog for 200 seconds at Sun Feb 24 12:21:57 UTC 2019
1 ms. Memory: 646144K Free: 626843K (97%)
ptolemy.util.test.WatchDog.cancel(): canceling Sun Feb 24 12:21:57 UTC 2019
auto.tcl: Setting watchdog for 200 seconds at Sun Feb 24 12:21:57 UTC 2019
2 ms. Memory: 646144K Free: 626843K (97%)
ptolemy.util.test.WatchDog.cancel(): canceling Sun Feb 24 12:21:57 UTC 2019
------------------ testing $PTII/ptolemy/domains/de/test/auto/VariableDelayZeroDelay.xml
auto.tcl: Setting watchdog for 200 seconds at Sun Feb 24 12:21:57 UTC 2019
2 ms. Memory: 646144K Free: 621195K (96%)
ptolemy.util.test.WatchDog.cancel(): canceling Sun Feb 24 12:21:57 UTC 2019
auto.tcl: Setting watchdog for 200 seconds at Sun Feb 24 12:21:57 UTC 2019
2 ms. Memory: 646144K Free: 621195K (96%)
ptolemy.util.test.WatchDog.cancel(): canceling Sun Feb 24 12:21:57 UTC 2019
------------------ testing $PTII/ptolemy/domains/de/test/auto/VariableDelayZeroDelay2.xml
auto.tcl: Setting watchdog for 200 seconds at Sun Feb 24 12:21:57 UTC 2019
2 ms. Memory: 649216K Free: 624265K (96%)
ptolemy.util.test.WatchDog.cancel(): canceling Sun Feb 24 12:21:57 UTC 2019
auto.tcl: Setting watchdog for 200 seconds at Sun Feb 24 12:21:57 UTC 2019
2 ms. Memory: 649216K Free: 624265K (96%)
ptolemy.util.test.WatchDog.cancel(): canceling Sun Feb 24 12:21:57 UTC 2019
------------------ testing $PTII/ptolemy/domains/de/test/auto/deInCt.xml
auto.tcl: Setting watchdog for 200 seconds at Sun Feb 24 12:21:57 UTC 2019
0
1
1
1
0
0
0
1
1
1
0
0
0
0
0
1
1
1
1
0
0
0
0
0
0
1
1
1
0
0
0
1
1
1
0
0
0
0
12 ms. Memory: 646144K Free: 621113K (96%)
ptolemy.util.test.WatchDog.cancel(): canceling Sun Feb 24 12:21:57 UTC 2019
auto.tcl: Setting watchdog for 200 seconds at Sun Feb 24 12:21:57 UTC 2019
0
1
1
1
0
0
0
1
1
1
0
0
0
0
1
1
1
1
0
0
0
1
1
1
0
0
0
1
1
1
0
0
0
0
0
0
1
1
1
1
1
1
5 ms. Memory: 646144K Free: 621113K (96%)
ptolemy.util.test.WatchDog.cancel(): canceling Sun Feb 24 12:21:57 UTC 2019
------------------ testing $PTII/ptolemy/domains/de/test/auto/deInCt2.xml
auto.tcl: Setting watchdog for 200 seconds at Sun Feb 24 12:21:57 UTC 2019
0
1
1
1
0
0
1
1
1
0
0
1
1
1
0
0
1
1
1
0
0
1
1
1
0
0
1
1
1
0
0
1
1
1
0
0
1
1
1
0
0
0
11 ms. Memory: 648704K Free: 623673K (96%)
ptolemy.util.test.WatchDog.cancel(): canceling Sun Feb 24 12:21:57 UTC 2019
auto.tcl: Setting watchdog for 200 seconds at Sun Feb 24 12:21:57 UTC 2019
0
1
1
1
0
0
1
1
1
0
0
1
1
1
0
0
1
1
1
0
0
1
1
1
0
0
1
1
1
0
0
1
1
1
0
0
1
1
1
0
0
0
5 ms. Memory: 648704K Free: 623673K (96%)
ptolemy.util.test.WatchDog.cancel(): canceling Sun Feb 24 12:21:57 UTC 2019
------------------ testing $PTII/ptolemy/domains/de/test/auto/dynamicCausalityInterface1.xml
auto.tcl: Setting watchdog for 200 seconds at Sun Feb 24 12:21:57 UTC 2019
2 ms. Memory: 646144K Free: 618161K (96%)
ptolemy.util.test.WatchDog.cancel(): canceling Sun Feb 24 12:21:57 UTC 2019
auto.tcl: Setting watchdog for 200 seconds at Sun Feb 24 12:21:57 UTC 2019
0 ms. Memory: 646144K Free: 618161K (96%)
ptolemy.util.test.WatchDog.cancel(): canceling Sun Feb 24 12:21:57 UTC 2019
------------------ testing $PTII/ptolemy/domains/de/test/auto/fsm_de_test.xml
auto.tcl: Setting watchdog for 200 seconds at Sun Feb 24 12:21:57 UTC 2019
6 ms. Memory: 648192K Free: 623126K (96%)
ptolemy.util.test.WatchDog.cancel(): canceling Sun Feb 24 12:21:57 UTC 2019
auto.tcl: Setting watchdog for 200 seconds at Sun Feb 24 12:21:57 UTC 2019
5 ms. Memory: 648192K Free: 614464K (95%)
ptolemy.util.test.WatchDog.cancel(): canceling Sun Feb 24 12:21:57 UTC 2019
------------------ testing $PTII/ptolemy/domains/de/test/auto/functionDependencyReconstruction.xml
auto.tcl: Setting watchdog for 200 seconds at Sun Feb 24 12:21:57 UTC 2019
3 ms. Memory: 646144K Free: 612391K (95%)
ptolemy.util.test.WatchDog.cancel(): canceling Sun Feb 24 12:21:57 UTC 2019
auto.tcl: Setting watchdog for 200 seconds at Sun Feb 24 12:21:57 UTC 2019
3 ms. Memory: 646144K Free: 612391K (95%)
ptolemy.util.test.WatchDog.cancel(): canceling Sun Feb 24 12:21:57 UTC 2019
------------------ testing $PTII/ptolemy/domains/de/test/auto/multirate.xml
auto.tcl: Setting watchdog for 200 seconds at Sun Feb 24 12:21:58 UTC 2019
3 ms. Memory: 648192K Free: 622992K (96%)
ptolemy.util.test.WatchDog.cancel(): canceling Sun Feb 24 12:21:58 UTC 2019
auto.tcl: Setting watchdog for 200 seconds at Sun Feb 24 12:21:58 UTC 2019
2 ms. Memory: 648192K Free: 611697K (94%)
ptolemy.util.test.WatchDog.cancel(): canceling Sun Feb 24 12:21:58 UTC 2019
------------------ testing $PTII/ptolemy/domains/de/test/auto/multirate2.xml
auto.tcl: Setting watchdog for 200 seconds at Sun Feb 24 12:21:58 UTC 2019
3 ms. Memory: 646144K Free: 621133K (96%)
ptolemy.util.test.WatchDog.cancel(): canceling Sun Feb 24 12:21:58 UTC 2019
auto.tcl: Setting watchdog for 200 seconds at Sun Feb 24 12:21:58 UTC 2019
3 ms. Memory: 646144K Free: 621133K (96%)
ptolemy.util.test.WatchDog.cancel(): canceling Sun Feb 24 12:21:58 UTC 2019
------------------ testing $PTII/ptolemy/domains/de/test/auto/realtime.xml
auto.tcl: Setting watchdog for 200 seconds at Sun Feb 24 12:21:58 UTC 2019
10002 ms. Memory: 647680K Free: 622591K (96%)
ptolemy.util.test.WatchDog.cancel(): canceling Sun Feb 24 12:22:08 UTC 2019
auto.tcl: Setting watchdog for 200 seconds at Sun Feb 24 12:22:08 UTC 2019
10001 ms. Memory: 647680K Free: 622591K (96%)
ptolemy.util.test.WatchDog.cancel(): canceling Sun Feb 24 12:22:18 UTC 2019
------------------ testing $PTII/ptolemy/domains/de/test/auto/relationGroup.xml
auto.tcl: Setting watchdog for 200 seconds at Sun Feb 24 12:22:18 UTC 2019
2 ms. Memory: 646144K Free: 626804K (97%)
ptolemy.util.test.WatchDog.cancel(): canceling Sun Feb 24 12:22:18 UTC 2019
auto.tcl: Setting watchdog for 200 seconds at Sun Feb 24 12:22:18 UTC 2019
2 ms. Memory: 646144K Free: 626804K (97%)
ptolemy.util.test.WatchDog.cancel(): canceling Sun Feb 24 12:22:18 UTC 2019
------------------ testing $PTII/ptolemy/domains/de/test/auto/relationGroup2.xml
auto.tcl: Setting watchdog for 200 seconds at Sun Feb 24 12:22:18 UTC 2019
1 ms. Memory: 647680K Free: 622718K (96%)
ptolemy.util.test.WatchDog.cancel(): canceling Sun Feb 24 12:22:18 UTC 2019
auto.tcl: Setting watchdog for 200 seconds at Sun Feb 24 12:22:18 UTC 2019
2 ms. Memory: 647680K Free: 622718K (96%)
ptolemy.util.test.WatchDog.cancel(): canceling Sun Feb 24 12:22:18 UTC 2019
------------------ testing $PTII/ptolemy/domains/de/test/auto/sortWithOpaquePorts.xml
auto.tcl: Setting watchdog for 200 seconds at Sun Feb 24 12:22:18 UTC 2019
2 ms. Memory: 646144K Free: 626831K (97%)
ptolemy.util.test.WatchDog.cancel(): canceling Sun Feb 24 12:22:18 UTC 2019
auto.tcl: Setting watchdog for 200 seconds at Sun Feb 24 12:22:18 UTC 2019
1 ms. Memory: 646144K Free: 626831K (97%)
ptolemy.util.test.WatchDog.cancel(): canceling Sun Feb 24 12:22:18 UTC 2019
------------------ testing $PTII/ptolemy/domains/de/test/auto/transferInputsandOutputs.xml
auto.tcl: Setting watchdog for 200 seconds at Sun Feb 24 12:22:18 UTC 2019
2 ms. Memory: 647168K Free: 622194K (96%)
ptolemy.util.test.WatchDog.cancel(): canceling Sun Feb 24 12:22:18 UTC 2019
auto.tcl: Setting watchdog for 200 seconds at Sun Feb 24 12:22:18 UTC 2019
2 ms. Memory: 647168K Free: 622194K (96%)
ptolemy.util.test.WatchDog.cancel(): canceling Sun Feb 24 12:22:18 UTC 2019
------------------ testing $PTII/ptolemy/domains/de/test/auto/triggerType.xml
auto.tcl: Setting watchdog for 200 seconds at Sun Feb 24 12:22:18 UTC 2019
1 ms. Memory: 646144K Free: 621120K (96%)
ptolemy.util.test.WatchDog.cancel(): canceling Sun Feb 24 12:22:18 UTC 2019
auto.tcl: Setting watchdog for 200 seconds at Sun Feb 24 12:22:18 UTC 2019
2 ms. Memory: 646144K Free: 621120K (96%)
ptolemy.util.test.WatchDog.cancel(): canceling Sun Feb 24 12:22:18 UTC 2019
02/24/19 12:22:18
Failed: 0  Total Tests: 192  ((Passed: 187, Newly Passed: 1)  Known Failed: 5) /home/travis/build/icyphy/ptII/ptolemy/domains/de/test
02/24/19 12:22:18
Failed: 0  Total Tests: 192  ((Passed: 187, Newly Passed: 1)  Known Failed: 5) /home/travis/build/icyphy/ptII/ptolemy/domains/de/test
----------------- testing (KnownFailure) /home/travis/build/icyphy/ptII/ptolemy/domains/de/test/auto/knownFailedTests/DESDFClockTest.xml
2014 ms. Memory: 647168K Free: 610827K (94%)
Known Failure: java.lang.reflect.InvocationTargetException
----------------- testing (KnownFailure) /home/travis/build/icyphy/ptII/ptolemy/domains/de/test/auto/knownFailedTests/DirectFeedback.xml
1 ms. Memory: 647168K Free: 565648K (87%)
Known Failure: java.lang.reflect.InvocationTargetException
----------------- testing (KnownFailure) /home/travis/build/icyphy/ptII/ptolemy/domains/de/test/auto/knownFailedTests/FSMSource.xml
13 ms. Memory: 647168K Free: 520468K (80%)
----------------- testing (KnownFailure) /home/travis/build/icyphy/ptII/ptolemy/domains/de/test/auto/knownFailedTests/HierarchicalModel.xml
2 ms. Memory: 647168K Free: 486568K (75%)
Known Failure: java.lang.reflect.InvocationTargetException
----------------- testing (KnownFailure) /home/travis/build/icyphy/ptII/ptolemy/domains/de/test/auto/knownFailedTests/dependencyLoop.xml
2 ms. Memory: 647168K Free: 430078K (66%)
Known Failure: java.lang.reflect.InvocationTargetException
----------------- testing (KnownFailure) /home/travis/build/icyphy/ptII/ptolemy/domains/de/test/auto/knownFailedTests/dependencyLoop2.xml
3 ms. Memory: 647168K Free: 373588K (58%)
Known Failure: java.lang.reflect.InvocationTargetException
No auto/linux-amd64/*.xml tests in /home/travis/build/icyphy/ptII/ptolemy/domains/de/test
AutoTests.java: About to close Vertx.
AutoTests.java: Vertx closed.

===========================================================================================
----------------- testing Sun Feb 24 12:22:20 UTC 2019 /home/travis/build/icyphy/ptII/ptolemy/domains/de/test/auto/ActorDepthCalculation_actorWithoutPorts.xml
----------------- Instantiating /home/travis/build/icyphy/ptII/ptolemy/domains/de/test/auto/ActorDepthCalculation_actorWithoutPorts.xml
1 ms. Memory: 647168K Free: 317114K (49%)
----------------- Invoking toplevel() on ptolemy.moml.MoMLSimpleApplication@44fe6473
----------------- Done invoking toplevel() on ptolemy.moml.MoMLSimpleApplication@44fe6473
reloadAllAccessors: .ActorDepthCalculation_actorWithoutPorts

===========================================================================================
----------------- testing Sun Feb 24 12:22:20 UTC 2019 /home/travis/build/icyphy/ptII/ptolemy/domains/de/test/auto/AssemblyLine.xml
----------------- Instantiating /home/travis/build/icyphy/ptII/ptolemy/domains/de/test/auto/AssemblyLine.xml
2 ms. Memory: 647168K Free: 294525K (46%)
----------------- Invoking toplevel() on ptolemy.moml.MoMLSimpleApplication@4a4424e6
----------------- Done invoking toplevel() on ptolemy.moml.MoMLSimpleApplication@4a4424e6
reloadAllAccessors: .AssemblyLine

===========================================================================================
----------------- testing Sun Feb 24 12:22:20 UTC 2019 /home/travis/build/icyphy/ptII/ptolemy/domains/de/test/auto/CQBug1.xml
----------------- Instantiating /home/travis/build/icyphy/ptII/ptolemy/domains/de/test/auto/CQBug1.xml
1 ms. Memory: 647168K Free: 271935K (42%)
----------------- Invoking toplevel() on ptolemy.moml.MoMLSimpleApplication@5460ca0e
----------------- Done invoking toplevel() on ptolemy.moml.MoMLSimpleApplication@5460ca0e
reloadAllAccessors: .CQBug1

===========================================================================================
----------------- testing Sun Feb 24 12:22:20 UTC 2019 /home/travis/build/icyphy/ptII/ptolemy/domains/de/test/auto/CancelFireAt.xml
----------------- Instantiating /home/travis/build/icyphy/ptII/ptolemy/domains/de/test/auto/CancelFireAt.xml
1 ms. Memory: 647168K Free: 249346K (39%)
----------------- Invoking toplevel() on ptolemy.moml.MoMLSimpleApplication@8705b3e
----------------- Done invoking toplevel() on ptolemy.moml.MoMLSimpleApplication@8705b3e
reloadAllAccessors: .CancelFireAt

===========================================================================================
----------------- testing Sun Feb 24 12:22:20 UTC 2019 /home/travis/build/icyphy/ptII/ptolemy/domains/de/test/auto/CausalityAndComposabilityAnalysis.xml
----------------- Instantiating /home/travis/build/icyphy/ptII/ptolemy/domains/de/test/auto/CausalityAndComposabilityAnalysis.xml
2 ms. Memory: 647168K Free: 226757K (35%)
----------------- Invoking toplevel() on ptolemy.moml.MoMLSimpleApplication@502566e2
----------------- Done invoking toplevel() on ptolemy.moml.MoMLSimpleApplication@502566e2
reloadAllAccessors: .CausalityAndComposabilityAnalysis

===========================================================================================
----------------- testing Sun Feb 24 12:22:20 UTC 2019 /home/travis/build/icyphy/ptII/ptolemy/domains/de/test/auto/CausalityInterface1.xml
----------------- Instantiating /home/travis/build/icyphy/ptII/ptolemy/domains/de/test/auto/CausalityInterface1.xml
3 ms. Memory: 647168K Free: 204167K (32%)
----------------- Invoking toplevel() on ptolemy.moml.MoMLSimpleApplication@5c751c4
----------------- Done invoking toplevel() on ptolemy.moml.MoMLSimpleApplication@5c751c4
reloadAllAccessors: .CausalityInterface1

===========================================================================================
----------------- testing Sun Feb 24 12:22:20 UTC 2019 /home/travis/build/icyphy/ptII/ptolemy/domains/de/test/auto/CausalityInterface15.xml
----------------- Instantiating /home/travis/build/icyphy/ptII/ptolemy/domains/de/test/auto/CausalityInterface15.xml
1 ms. Memory: 647168K Free: 181578K (28%)
----------------- Invoking toplevel() on ptolemy.moml.MoMLSimpleApplication@78f2f9c7
----------------- Done invoking toplevel() on ptolemy.moml.MoMLSimpleApplication@78f2f9c7
reloadAllAccessors: .CausalityInterface15

===========================================================================================
----------------- testing Sun Feb 24 12:22:20 UTC 2019 /home/travis/build/icyphy/ptII/ptolemy/domains/de/test/auto/CausalityInterface2.xml
----------------- Instantiating /home/travis/build/icyphy/ptII/ptolemy/domains/de/test/auto/CausalityInterface2.xml
1 ms. Memory: 647168K Free: 158988K (25%)
----------------- Invoking toplevel() on ptolemy.moml.MoMLSimpleApplication@592c9d8b
----------------- Done invoking toplevel() on ptolemy.moml.MoMLSimpleApplication@592c9d8b
reloadAllAccessors: .CausalityInterface2

===========================================================================================
----------------- testing Sun Feb 24 12:22:20 UTC 2019 /home/travis/build/icyphy/ptII/ptolemy/domains/de/test/auto/CausalityInterface3.xml
----------------- Instantiating /home/travis/build/icyphy/ptII/ptolemy/domains/de/test/auto/CausalityInterface3.xml
1 ms. Memory: 647168K Free: 136399K (21%)
----------------- Invoking toplevel() on ptolemy.moml.MoMLSimpleApplication@4c6f0b36
----------------- Done invoking toplevel() on ptolemy.moml.MoMLSimpleApplication@4c6f0b36
reloadAllAccessors: .CausalityInterface3

===========================================================================================
----------------- testing Sun Feb 24 12:22:20 UTC 2019 /home/travis/build/icyphy/ptII/ptolemy/domains/de/test/auto/ClockDrift.xml
----------------- Instantiating /home/travis/build/icyphy/ptII/ptolemy/domains/de/test/auto/ClockDrift.xml
17 ms. Memory: 647168K Free: 113809K (18%)
----------------- Invoking toplevel() on ptolemy.moml.MoMLSimpleApplication@7aee3356
----------------- Done invoking toplevel() on ptolemy.moml.MoMLSimpleApplication@7aee3356
reloadAllAccessors: .ClockDrift

===========================================================================================
----------------- testing Sun Feb 24 12:22:20 UTC 2019 /home/travis/build/icyphy/ptII/ptolemy/domains/de/test/auto/ClockDriftAndValueChange.xml
----------------- Instantiating /home/travis/build/icyphy/ptII/ptolemy/domains/de/test/auto/ClockDriftAndValueChange.xml
12 ms. Memory: 647168K Free: 91220K (14%)
----------------- Invoking toplevel() on ptolemy.moml.MoMLSimpleApplication@2a4b6b6b
----------------- Done invoking toplevel() on ptolemy.moml.MoMLSimpleApplication@2a4b6b6b
reloadAllAccessors: .ClockDriftAndValueChange

===========================================================================================
----------------- testing Sun Feb 24 12:22:20 UTC 2019 /home/travis/build/icyphy/ptII/ptolemy/domains/de/test/auto/ClockDriftChange.xml
----------------- Instantiating /home/travis/build/icyphy/ptII/ptolemy/domains/de/test/auto/ClockDriftChange.xml
9 ms. Memory: 647168K Free: 77417K (12%)
----------------- Invoking toplevel() on ptolemy.moml.MoMLSimpleApplication@7128ca11
----------------- Done invoking toplevel() on ptolemy.moml.MoMLSimpleApplication@7128ca11
reloadAllAccessors: .ClockDriftChange

===========================================================================================
----------------- testing Sun Feb 24 12:22:20 UTC 2019 /home/travis/build/icyphy/ptII/ptolemy/domains/de/test/auto/ComposableCausalityAnalysis.xml
----------------- Instantiating /home/travis/build/icyphy/ptII/ptolemy/domains/de/test/auto/ComposableCausalityAnalysis.xml
1 ms. Memory: 619520K Free: 592724K (96%)
----------------- Invoking toplevel() on ptolemy.moml.MoMLSimpleApplication@422d97fa
----------------- Done invoking toplevel() on ptolemy.moml.MoMLSimpleApplication@422d97fa
reloadAllAccessors: .ComposableCausalityAnalysis

===========================================================================================
----------------- testing Sun Feb 24 12:22:21 UTC 2019 /home/travis/build/icyphy/ptII/ptolemy/domains/de/test/auto/DEFixedPointLimitation.xml
----------------- Instantiating /home/travis/build/icyphy/ptII/ptolemy/domains/de/test/auto/DEFixedPointLimitation.xml
1 ms. Memory: 619520K Free: 565835K (91%)
----------------- Invoking toplevel() on ptolemy.moml.MoMLSimpleApplication@6641ec8d
----------------- Done invoking toplevel() on ptolemy.moml.MoMLSimpleApplication@6641ec8d
reloadAllAccessors: .DEFixedPointLimitation

===========================================================================================
----------------- testing Sun Feb 24 12:22:21 UTC 2019 /home/travis/build/icyphy/ptII/ptolemy/domains/de/test/auto/DEScheduleTest.xml
----------------- Instantiating /home/travis/build/icyphy/ptII/ptolemy/domains/de/test/auto/DEScheduleTest.xml
3 ms. Memory: 619520K Free: 544310K (88%)
----------------- Invoking toplevel() on ptolemy.moml.MoMLSimpleApplication@29075e59
----------------- Done invoking toplevel() on ptolemy.moml.MoMLSimpleApplication@29075e59
reloadAllAccessors: .DEScheduleTest

===========================================================================================
----------------- testing Sun Feb 24 12:22:21 UTC 2019 /home/travis/build/icyphy/ptII/ptolemy/domains/de/test/auto/DEinDEwithStartTimes.xml
----------------- Instantiating /home/travis/build/icyphy/ptII/ptolemy/domains/de/test/auto/DEinDEwithStartTimes.xml
2 ms. Memory: 619520K Free: 522786K (84%)
----------------- Invoking toplevel() on ptolemy.moml.MoMLSimpleApplication@1c2a1eb2
----------------- Done invoking toplevel() on ptolemy.moml.MoMLSimpleApplication@1c2a1eb2
reloadAllAccessors: .DEinDEwithStartTimes

===========================================================================================
----------------- testing Sun Feb 24 12:22:21 UTC 2019 /home/travis/build/icyphy/ptII/ptolemy/domains/de/test/auto/DEinDEwithStartTimes2.xml
----------------- Instantiating /home/travis/build/icyphy/ptII/ptolemy/domains/de/test/auto/DEinDEwithStartTimes2.xml
2 ms. Memory: 619520K Free: 501214K (81%)
----------------- Invoking toplevel() on ptolemy.moml.MoMLSimpleApplication@29167b7f
----------------- Done invoking toplevel() on ptolemy.moml.MoMLSimpleApplication@29167b7f
reloadAllAccessors: .DEinDEwithStartTimes2

===========================================================================================
----------------- testing Sun Feb 24 12:22:21 UTC 2019 /home/travis/build/icyphy/ptII/ptolemy/domains/de/test/auto/DateDemo.xml
----------------- Instantiating /home/travis/build/icyphy/ptII/ptolemy/domains/de/test/auto/DateDemo.xml
5 ms. Memory: 619520K Free: 479690K (77%)
----------------- Invoking toplevel() on ptolemy.moml.MoMLSimpleApplication@691b0e13
----------------- Done invoking toplevel() on ptolemy.moml.MoMLSimpleApplication@691b0e13
reloadAllAccessors: .DateDemo

===========================================================================================
----------------- testing Sun Feb 24 12:22:21 UTC 2019 /home/travis/build/icyphy/ptII/ptolemy/domains/de/test/auto/DateToEvent.xml
----------------- Instantiating /home/travis/build/icyphy/ptII/ptolemy/domains/de/test/auto/DateToEvent.xml
2004 ms. Memory: 619520K Free: 447387K (72%)
----------------- Invoking toplevel() on ptolemy.moml.MoMLSimpleApplication@13833d99
----------------- Done invoking toplevel() on ptolemy.moml.MoMLSimpleApplication@13833d99
reloadAllAccessors: .DateToEvent

===========================================================================================
----------------- testing Sun Feb 24 12:22:23 UTC 2019 /home/travis/build/icyphy/ptII/ptolemy/domains/de/test/auto/DepthTest1.xml
----------------- Instantiating /home/travis/build/icyphy/ptII/ptolemy/domains/de/test/auto/DepthTest1.xml
1 ms. Memory: 619520K Free: 425862K (69%)
----------------- Invoking toplevel() on ptolemy.moml.MoMLSimpleApplication@18ebc8e0
----------------- Done invoking toplevel() on ptolemy.moml.MoMLSimpleApplication@18ebc8e0
reloadAllAccessors: .DepthTest1

===========================================================================================
----------------- testing Sun Feb 24 12:22:23 UTC 2019 /home/travis/build/icyphy/ptII/ptolemy/domains/de/test/auto/DepthTest2.xml
----------------- Instantiating /home/travis/build/icyphy/ptII/ptolemy/domains/de/test/auto/DepthTest2.xml
2 ms. Memory: 619520K Free: 404338K (65%)
----------------- Invoking toplevel() on ptolemy.moml.MoMLSimpleApplication@4f094135
----------------- Done invoking toplevel() on ptolemy.moml.MoMLSimpleApplication@4f094135
reloadAllAccessors: .DepthTest2

===========================================================================================
----------------- testing Sun Feb 24 12:22:23 UTC 2019 /home/travis/build/icyphy/ptII/ptolemy/domains/de/test/auto/DepthTest3.xml
----------------- Instantiating /home/travis/build/icyphy/ptII/ptolemy/domains/de/test/auto/DepthTest3.xml
7 ms. Memory: 619520K Free: 382813K (62%)
----------------- Invoking toplevel() on ptolemy.moml.MoMLSimpleApplication@1375cb11
----------------- Done invoking toplevel() on ptolemy.moml.MoMLSimpleApplication@1375cb11
reloadAllAccessors: .DepthTest3

===========================================================================================
----------------- testing Sun Feb 24 12:22:23 UTC 2019 /home/travis/build/icyphy/ptII/ptolemy/domains/de/test/auto/DepthTest4.xml
----------------- Instantiating /home/travis/build/icyphy/ptII/ptolemy/domains/de/test/auto/DepthTest4.xml
1 ms. Memory: 619520K Free: 361289K (58%)
----------------- Invoking toplevel() on ptolemy.moml.MoMLSimpleApplication@69d06ecf
----------------- Done invoking toplevel() on ptolemy.moml.MoMLSimpleApplication@69d06ecf
reloadAllAccessors: .DepthTest4

===========================================================================================
----------------- testing Sun Feb 24 12:22:23 UTC 2019 /home/travis/build/icyphy/ptII/ptolemy/domains/de/test/auto/DepthTest5.xml
----------------- Instantiating /home/travis/build/icyphy/ptII/ptolemy/domains/de/test/auto/DepthTest5.xml
2 ms. Memory: 619520K Free: 339764K (55%)
----------------- Invoking toplevel() on ptolemy.moml.MoMLSimpleApplication@4435a44d
----------------- Done invoking toplevel() on ptolemy.moml.MoMLSimpleApplication@4435a44d
reloadAllAccessors: .DepthTest5

===========================================================================================
----------------- testing Sun Feb 24 12:22:23 UTC 2019 /home/travis/build/icyphy/ptII/ptolemy/domains/de/test/auto/DepthTest6.xml
----------------- Instantiating /home/travis/build/icyphy/ptII/ptolemy/domains/de/test/auto/DepthTest6.xml
2 ms. Memory: 619520K Free: 312875K (51%)
----------------- Invoking toplevel() on ptolemy.moml.MoMLSimpleApplication@114f2c98
----------------- Done invoking toplevel() on ptolemy.moml.MoMLSimpleApplication@114f2c98
reloadAllAccessors: .DepthTest6

===========================================================================================
----------------- testing Sun Feb 24 12:22:23 UTC 2019 /home/travis/build/icyphy/ptII/ptolemy/domains/de/test/auto/DepthTest7.xml
----------------- Instantiating /home/travis/build/icyphy/ptII/ptolemy/domains/de/test/auto/DepthTest7.xml
2 ms. Memory: 619520K Free: 291351K (47%)
----------------- Invoking toplevel() on ptolemy.moml.MoMLSimpleApplication@1ea7957b
----------------- Done invoking toplevel() on ptolemy.moml.MoMLSimpleApplication@1ea7957b
reloadAllAccessors: .DepthTest7

===========================================================================================
----------------- testing Sun Feb 24 12:22:23 UTC 2019 /home/travis/build/icyphy/ptII/ptolemy/domains/de/test/auto/EventToDate.xml
----------------- Instantiating /home/travis/build/icyphy/ptII/ptolemy/domains/de/test/auto/EventToDate.xml
3012 ms. Memory: 619520K Free: 259048K (42%)
----------------- Invoking toplevel() on ptolemy.moml.MoMLSimpleApplication@5a30a21d
----------------- Done invoking toplevel() on ptolemy.moml.MoMLSimpleApplication@5a30a21d
reloadAllAccessors: .EventToDate

===========================================================================================
----------------- testing Sun Feb 24 12:22:26 UTC 2019 /home/travis/build/icyphy/ptII/ptolemy/domains/de/test/auto/FSM1.xml
----------------- Instantiating /home/travis/build/icyphy/ptII/ptolemy/domains/de/test/auto/FSM1.xml
9 ms. Memory: 619520K Free: 237524K (38%)
----------------- Invoking toplevel() on ptolemy.moml.MoMLSimpleApplication@2a6266bf
----------------- Done invoking toplevel() on ptolemy.moml.MoMLSimpleApplication@2a6266bf
reloadAllAccessors: .FSM1

===========================================================================================
----------------- testing Sun Feb 24 12:22:26 UTC 2019 /home/travis/build/icyphy/ptII/ptolemy/domains/de/test/auto/FSM7.xml
----------------- Instantiating /home/travis/build/icyphy/ptII/ptolemy/domains/de/test/auto/FSM7.xml
8 ms. Memory: 619520K Free: 215999K (35%)
----------------- Invoking toplevel() on ptolemy.moml.MoMLSimpleApplication@2a42ac5a
----------------- Done invoking toplevel() on ptolemy.moml.MoMLSimpleApplication@2a42ac5a
reloadAllAccessors: .FSM7

===========================================================================================
----------------- testing Sun Feb 24 12:22:26 UTC 2019 /home/travis/build/icyphy/ptII/ptolemy/domains/de/test/auto/Inspection.xml
----------------- Instantiating /home/travis/build/icyphy/ptII/ptolemy/domains/de/test/auto/Inspection.xml
12 ms. Memory: 619520K Free: 183696K (30%)
----------------- Invoking toplevel() on ptolemy.moml.MoMLSimpleApplication@63c0d52b
----------------- Done invoking toplevel() on ptolemy.moml.MoMLSimpleApplication@63c0d52b
reloadAllAccessors: .Inspection

===========================================================================================
----------------- testing Sun Feb 24 12:22:26 UTC 2019 /home/travis/build/icyphy/ptII/ptolemy/domains/de/test/auto/Iteration.xml
----------------- Instantiating /home/travis/build/icyphy/ptII/ptolemy/domains/de/test/auto/Iteration.xml
4 ms. Memory: 619520K Free: 162172K (26%)
----------------- Invoking toplevel() on ptolemy.moml.MoMLSimpleApplication@70d37748
----------------- Done invoking toplevel() on ptolemy.moml.MoMLSimpleApplication@70d37748
reloadAllAccessors: .Iteration

===========================================================================================
----------------- testing Sun Feb 24 12:22:26 UTC 2019 /home/travis/build/icyphy/ptII/ptolemy/domains/de/test/auto/LineFault.xml
----------------- Instantiating /home/travis/build/icyphy/ptII/ptolemy/domains/de/test/auto/LineFault.xml
432 ms. Memory: 595456K Free: 552887K (93%)
----------------- Invoking toplevel() on ptolemy.moml.MoMLSimpleApplication@296d8571
----------------- Done invoking toplevel() on ptolemy.moml.MoMLSimpleApplication@296d8571
reloadAllAccessors: .LineFault

===========================================================================================
----------------- testing Sun Feb 24 12:22:26 UTC 2019 /home/travis/build/icyphy/ptII/ptolemy/domains/de/test/auto/MergeModel1Add.xml
----------------- Instantiating /home/travis/build/icyphy/ptII/ptolemy/domains/de/test/auto/MergeModel1Add.xml
5 ms. Memory: 595456K Free: 518163K (87%)
----------------- Invoking toplevel() on ptolemy.moml.MoMLSimpleApplication@7fbdf4a1
----------------- Done invoking toplevel() on ptolemy.moml.MoMLSimpleApplication@7fbdf4a1
reloadAllAccessors: .MergeModel1Add

===========================================================================================
----------------- testing Sun Feb 24 12:22:27 UTC 2019 /home/travis/build/icyphy/ptII/ptolemy/domains/de/test/auto/MergeModel2Add.xml
----------------- Instantiating /home/travis/build/icyphy/ptII/ptolemy/domains/de/test/auto/MergeModel2Add.xml
5 ms. Memory: 595456K Free: 492504K (83%)
----------------- Invoking toplevel() on ptolemy.moml.MoMLSimpleApplication@32fa2330
----------------- Done invoking toplevel() on ptolemy.moml.MoMLSimpleApplication@32fa2330
reloadAllAccessors: .MergeModel2Add

===========================================================================================
----------------- testing Sun Feb 24 12:22:27 UTC 2019 /home/travis/build/icyphy/ptII/ptolemy/domains/de/test/auto/MergeModel3Add.xml
----------------- Instantiating /home/travis/build/icyphy/ptII/ptolemy/domains/de/test/auto/MergeModel3Add.xml
5 ms. Memory: 595456K Free: 466836K (78%)
----------------- Invoking toplevel() on ptolemy.moml.MoMLSimpleApplication@2bae5e44
----------------- Done invoking toplevel() on ptolemy.moml.MoMLSimpleApplication@2bae5e44
reloadAllAccessors: .MergeModel3Add

===========================================================================================
----------------- testing Sun Feb 24 12:22:27 UTC 2019 /home/travis/build/icyphy/ptII/ptolemy/domains/de/test/auto/MergeWithoutDiscard.xml
----------------- Instantiating /home/travis/build/icyphy/ptII/ptolemy/domains/de/test/auto/MergeWithoutDiscard.xml
1 ms. Memory: 595456K Free: 456576K (77%)
----------------- Invoking toplevel() on ptolemy.moml.MoMLSimpleApplication@6e485638
----------------- Done invoking toplevel() on ptolemy.moml.MoMLSimpleApplication@6e485638
reloadAllAccessors: .MergeWithoutDiscard

===========================================================================================
----------------- testing Sun Feb 24 12:22:27 UTC 2019 /home/travis/build/icyphy/ptII/ptolemy/domains/de/test/auto/Modal1.xml
----------------- Instantiating /home/travis/build/icyphy/ptII/ptolemy/domains/de/test/auto/Modal1.xml
16 ms. Memory: 595456K Free: 441156K (74%)
----------------- Invoking toplevel() on ptolemy.moml.MoMLSimpleApplication@7618bea2
----------------- Done invoking toplevel() on ptolemy.moml.MoMLSimpleApplication@7618bea2
reloadAllAccessors: .Modal1

===========================================================================================
----------------- testing Sun Feb 24 12:22:27 UTC 2019 /home/travis/build/icyphy/ptII/ptolemy/domains/de/test/auto/Modal2.xml
----------------- Instantiating /home/travis/build/icyphy/ptII/ptolemy/domains/de/test/auto/Modal2.xml
11 ms. Memory: 595456K Free: 425765K (72%)
----------------- Invoking toplevel() on ptolemy.moml.MoMLSimpleApplication@16f29410
----------------- Done invoking toplevel() on ptolemy.moml.MoMLSimpleApplication@16f29410
reloadAllAccessors: .Modal2

===========================================================================================
----------------- testing Sun Feb 24 12:22:27 UTC 2019 /home/travis/build/icyphy/ptII/ptolemy/domains/de/test/auto/Modal3.xml
----------------- Instantiating /home/travis/build/icyphy/ptII/ptolemy/domains/de/test/auto/Modal3.xml
9 ms. Memory: 595456K Free: 410358K (69%)
----------------- Invoking toplevel() on ptolemy.moml.MoMLSimpleApplication@7673202e
----------------- Done invoking toplevel() on ptolemy.moml.MoMLSimpleApplication@7673202e
reloadAllAccessors: .Modal3

===========================================================================================
----------------- testing Sun Feb 24 12:22:27 UTC 2019 /home/travis/build/icyphy/ptII/ptolemy/domains/de/test/auto/Modal4.xml
----------------- Instantiating /home/travis/build/icyphy/ptII/ptolemy/domains/de/test/auto/Modal4.xml
9 ms. Memory: 595456K Free: 391547K (66%)
----------------- Invoking toplevel() on ptolemy.moml.MoMLSimpleApplication@4d2caccf
----------------- Done invoking toplevel() on ptolemy.moml.MoMLSimpleApplication@4d2caccf
reloadAllAccessors: .Modal4

===========================================================================================
----------------- testing Sun Feb 24 12:22:27 UTC 2019 /home/travis/build/icyphy/ptII/ptolemy/domains/de/test/auto/Modal5.xml
----------------- Instantiating /home/travis/build/icyphy/ptII/ptolemy/domains/de/test/auto/Modal5.xml
7 ms. Memory: 595456K Free: 376156K (63%)
----------------- Invoking toplevel() on ptolemy.moml.MoMLSimpleApplication@38adfd6b
----------------- Done invoking toplevel() on ptolemy.moml.MoMLSimpleApplication@38adfd6b
reloadAllAccessors: .Modal5

===========================================================================================
----------------- testing Sun Feb 24 12:22:27 UTC 2019 /home/travis/build/icyphy/ptII/ptolemy/domains/de/test/auto/Modal6.xml
----------------- Instantiating /home/travis/build/icyphy/ptII/ptolemy/domains/de/test/auto/Modal6.xml
9 ms. Memory: 595456K Free: 360749K (61%)
----------------- Invoking toplevel() on ptolemy.moml.MoMLSimpleApplication@5c02bf0b
----------------- Done invoking toplevel() on ptolemy.moml.MoMLSimpleApplication@5c02bf0b
reloadAllAccessors: .Modal6

===========================================================================================
----------------- testing Sun Feb 24 12:22:27 UTC 2019 /home/travis/build/icyphy/ptII/ptolemy/domains/de/test/auto/Modal7.xml
----------------- Instantiating /home/travis/build/icyphy/ptII/ptolemy/domains/de/test/auto/Modal7.xml
6 ms. Memory: 595456K Free: 340212K (57%)
----------------- Invoking toplevel() on ptolemy.moml.MoMLSimpleApplication@5007ae13
----------------- Done invoking toplevel() on ptolemy.moml.MoMLSimpleApplication@5007ae13
reloadAllAccessors: .Modal7

===========================================================================================
----------------- testing Sun Feb 24 12:22:27 UTC 2019 /home/travis/build/icyphy/ptII/ptolemy/domains/de/test/auto/ModalModel.xml
----------------- Instantiating /home/travis/build/icyphy/ptII/ptolemy/domains/de/test/auto/ModalModel.xml
120 ms. Memory: 595456K Free: 268339K (45%)
----------------- Invoking toplevel() on ptolemy.moml.MoMLSimpleApplication@4698fc96
----------------- Done invoking toplevel() on ptolemy.moml.MoMLSimpleApplication@4698fc96
reloadAllAccessors: .ModalModel

===========================================================================================
----------------- testing Sun Feb 24 12:22:27 UTC 2019 /home/travis/build/icyphy/ptII/ptolemy/domains/de/test/auto/ModalSource.xml
----------------- Instantiating /home/travis/build/icyphy/ptII/ptolemy/domains/de/test/auto/ModalSource.xml
4 ms. Memory: 595456K Free: 252933K (42%)
----------------- Invoking toplevel() on ptolemy.moml.MoMLSimpleApplication@51d9867a
----------------- Done invoking toplevel() on ptolemy.moml.MoMLSimpleApplication@51d9867a
reloadAllAccessors: .ModalSource

===========================================================================================
----------------- testing Sun Feb 24 12:22:27 UTC 2019 /home/travis/build/icyphy/ptII/ptolemy/domains/de/test/auto/NonInterruptibleTimerZeroDelay.xml
----------------- Instantiating /home/travis/build/icyphy/ptII/ptolemy/domains/de/test/auto/NonInterruptibleTimerZeroDelay.xml
2 ms. Memory: 595456K Free: 239267K (40%)
----------------- Invoking toplevel() on ptolemy.moml.MoMLSimpleApplication@3c3b0ed2
----------------- Done invoking toplevel() on ptolemy.moml.MoMLSimpleApplication@3c3b0ed2
reloadAllAccessors: .NonInterruptibleTimerZeroDelay

===========================================================================================
----------------- testing Sun Feb 24 12:22:27 UTC 2019 /home/travis/build/icyphy/ptII/ptolemy/domains/de/test/auto/OpenQueueingNetwork.xml
----------------- Instantiating /home/travis/build/icyphy/ptII/ptolemy/domains/de/test/auto/OpenQueueingNetwork.xml
2243 ms. Memory: 571392K Free: 87663K (15%)
----------------- Invoking toplevel() on ptolemy.moml.MoMLSimpleApplication@30980583
----------------- Done invoking toplevel() on ptolemy.moml.MoMLSimpleApplication@30980583
reloadAllAccessors: .OpenQueueingNetwork

===========================================================================================
----------------- testing Sun Feb 24 12:22:29 UTC 2019 /home/travis/build/icyphy/ptII/ptolemy/domains/de/test/auto/OpenQueuingNetwork.xml
----------------- Instantiating /home/travis/build/icyphy/ptII/ptolemy/domains/de/test/auto/OpenQueuingNetwork.xml
215 ms. Memory: 548352K Free: 458232K (84%)
----------------- Invoking toplevel() on ptolemy.moml.MoMLSimpleApplication@57991dae
----------------- Done invoking toplevel() on ptolemy.moml.MoMLSimpleApplication@57991dae
reloadAllAccessors: .OpenQueuingNetwork

===========================================================================================
----------------- testing Sun Feb 24 12:22:30 UTC 2019 /home/travis/build/icyphy/ptII/ptolemy/domains/de/test/auto/PeriodicSampler.xml
----------------- Instantiating /home/travis/build/icyphy/ptII/ptolemy/domains/de/test/auto/PeriodicSampler.xml
4 ms. Memory: 548352K Free: 450659K (82%)
----------------- Invoking toplevel() on ptolemy.moml.MoMLSimpleApplication@652a59ff
----------------- Done invoking toplevel() on ptolemy.moml.MoMLSimpleApplication@652a59ff
reloadAllAccessors: .PeriodicSampler

===========================================================================================
----------------- testing Sun Feb 24 12:22:30 UTC 2019 /home/travis/build/icyphy/ptII/ptolemy/domains/de/test/auto/PersistentIO.xml
----------------- Instantiating /home/travis/build/icyphy/ptII/ptolemy/domains/de/test/auto/PersistentIO.xml
4 ms. Memory: 548352K Free: 438212K (80%)
----------------- Invoking toplevel() on ptolemy.moml.MoMLSimpleApplication@121b7d56
----------------- Done invoking toplevel() on ptolemy.moml.MoMLSimpleApplication@121b7d56
reloadAllAccessors: .PersistentIO

===========================================================================================
----------------- testing Sun Feb 24 12:22:30 UTC 2019 /home/travis/build/icyphy/ptII/ptolemy/domains/de/test/auto/PortParameterResetOnInitialize.xml
----------------- Instantiating /home/travis/build/icyphy/ptII/ptolemy/domains/de/test/auto/PortParameterResetOnInitialize.xml
1 ms. Memory: 548352K Free: 427513K (78%)
----------------- Invoking toplevel() on ptolemy.moml.MoMLSimpleApplication@7b4d117a
----------------- Done invoking toplevel() on ptolemy.moml.MoMLSimpleApplication@7b4d117a
reloadAllAccessors: .PortParameterResetOnInitialize

===========================================================================================
----------------- testing Sun Feb 24 12:22:30 UTC 2019 /home/travis/build/icyphy/ptII/ptolemy/domains/de/test/auto/PortParameterUpdates.xml
----------------- Instantiating /home/travis/build/icyphy/ptII/ptolemy/domains/de/test/auto/PortParameterUpdates.xml
3 ms. Memory: 548352K Free: 418184K (76%)
----------------- Invoking toplevel() on ptolemy.moml.MoMLSimpleApplication@78de0f18
----------------- Done invoking toplevel() on ptolemy.moml.MoMLSimpleApplication@78de0f18
reloadAllAccessors: .PortParameterUpdates

===========================================================================================
----------------- testing Sun Feb 24 12:22:30 UTC 2019 /home/travis/build/icyphy/ptII/ptolemy/domains/de/test/auto/QueueAndServer.xml
----------------- Instantiating /home/travis/build/icyphy/ptII/ptolemy/domains/de/test/auto/QueueAndServer.xml
4 ms. Memory: 548352K Free: 408822K (75%)
----------------- Invoking toplevel() on ptolemy.moml.MoMLSimpleApplication@458a2a5d
----------------- Done invoking toplevel() on ptolemy.moml.MoMLSimpleApplication@458a2a5d
reloadAllAccessors: .QueueAndServer

===========================================================================================
----------------- testing Sun Feb 24 12:22:30 UTC 2019 /home/travis/build/icyphy/ptII/ptolemy/domains/de/test/auto/Records.xml
----------------- Instantiating /home/travis/build/icyphy/ptII/ptolemy/domains/de/test/auto/Records.xml
2 ms. Memory: 548352K Free: 398123K (73%)
----------------- Invoking toplevel() on ptolemy.moml.MoMLSimpleApplication@632c97b0
----------------- Done invoking toplevel() on ptolemy.moml.MoMLSimpleApplication@632c97b0
reloadAllAccessors: .Records

===========================================================================================
----------------- testing Sun Feb 24 12:22:30 UTC 2019 /home/travis/build/icyphy/ptII/ptolemy/domains/de/test/auto/ResetTransitionWithStartTime1.xml
----------------- Instantiating /home/travis/build/icyphy/ptII/ptolemy/domains/de/test/auto/ResetTransitionWithStartTime1.xml
8 ms. Memory: 548352K Free: 388795K (71%)
----------------- Invoking toplevel() on ptolemy.moml.MoMLSimpleApplication@54d6d0ce
----------------- Done invoking toplevel() on ptolemy.moml.MoMLSimpleApplication@54d6d0ce
reloadAllAccessors: .ResetTransitionWithStartTime1

===========================================================================================
----------------- testing Sun Feb 24 12:22:30 UTC 2019 /home/travis/build/icyphy/ptII/ptolemy/domains/de/test/auto/ResetTransitionWithStartTime2.xml
----------------- Instantiating /home/travis/build/icyphy/ptII/ptolemy/domains/de/test/auto/ResetTransitionWithStartTime2.xml
4 ms. Memory: 548352K Free: 379450K (69%)
----------------- Invoking toplevel() on ptolemy.moml.MoMLSimpleApplication@1af5394b
----------------- Done invoking toplevel() on ptolemy.moml.MoMLSimpleApplication@1af5394b
reloadAllAccessors: .ResetTransitionWithStartTime2

===========================================================================================
----------------- testing Sun Feb 24 12:22:30 UTC 2019 /home/travis/build/icyphy/ptII/ptolemy/domains/de/test/auto/ResetTransitionWithStartTime3.xml
----------------- Instantiating /home/travis/build/icyphy/ptII/ptolemy/domains/de/test/auto/ResetTransitionWithStartTime3.xml
3 ms. Memory: 548352K Free: 368751K (67%)
----------------- Invoking toplevel() on ptolemy.moml.MoMLSimpleApplication@4d13276d
----------------- Done invoking toplevel() on ptolemy.moml.MoMLSimpleApplication@4d13276d
reloadAllAccessors: .ResetTransitionWithStartTime3

===========================================================================================
----------------- testing Sun Feb 24 12:22:30 UTC 2019 /home/travis/build/icyphy/ptII/ptolemy/domains/de/test/auto/ResetTransitionWithStartTime4.xml
----------------- Instantiating /home/travis/build/icyphy/ptII/ptolemy/domains/de/test/auto/ResetTransitionWithStartTime4.xml
4 ms. Memory: 548352K Free: 359422K (66%)
----------------- Invoking toplevel() on ptolemy.moml.MoMLSimpleApplication@4b2f0d5b
----------------- Done invoking toplevel() on ptolemy.moml.MoMLSimpleApplication@4b2f0d5b
reloadAllAccessors: .ResetTransitionWithStartTime4

===========================================================================================
----------------- testing Sun Feb 24 12:22:30 UTC 2019 /home/travis/build/icyphy/ptII/ptolemy/domains/de/test/auto/ResettableTimer1.xml
----------------- Instantiating /home/travis/build/icyphy/ptII/ptolemy/domains/de/test/auto/ResettableTimer1.xml
1 ms. Memory: 548352K Free: 351849K (64%)
----------------- Invoking toplevel() on ptolemy.moml.MoMLSimpleApplication@71a6eab2
----------------- Done invoking toplevel() on ptolemy.moml.MoMLSimpleApplication@71a6eab2
reloadAllAccessors: .ResettableTimer1

===========================================================================================
----------------- testing Sun Feb 24 12:22:30 UTC 2019 /home/travis/build/icyphy/ptII/ptolemy/domains/de/test/auto/ResettableTimer2.xml
----------------- Instantiating /home/travis/build/icyphy/ptII/ptolemy/domains/de/test/auto/ResettableTimer2.xml
2 ms. Memory: 548352K Free: 345629K (63%)
----------------- Invoking toplevel() on ptolemy.moml.MoMLSimpleApplication@4862ad63
----------------- Done invoking toplevel() on ptolemy.moml.MoMLSimpleApplication@4862ad63
reloadAllAccessors: .ResettableTimer2

===========================================================================================
----------------- testing Sun Feb 24 12:22:30 UTC 2019 /home/travis/build/icyphy/ptII/ptolemy/domains/de/test/auto/ResettableTimer3.xml
----------------- Instantiating /home/travis/build/icyphy/ptII/ptolemy/domains/de/test/auto/ResettableTimer3.xml
1 ms. Memory: 548352K Free: 339410K (62%)
----------------- Invoking toplevel() on ptolemy.moml.MoMLSimpleApplication@4bece6e5
----------------- Done invoking toplevel() on ptolemy.moml.MoMLSimpleApplication@4bece6e5
reloadAllAccessors: .ResettableTimer3

===========================================================================================
----------------- testing Sun Feb 24 12:22:30 UTC 2019 /home/travis/build/icyphy/ptII/ptolemy/domains/de/test/auto/ResettableTimer4.xml
----------------- Instantiating /home/travis/build/icyphy/ptII/ptolemy/domains/de/test/auto/ResettableTimer4.xml
1 ms. Memory: 548352K Free: 331837K (61%)
----------------- Invoking toplevel() on ptolemy.moml.MoMLSimpleApplication@4333c262
----------------- Done invoking toplevel() on ptolemy.moml.MoMLSimpleApplication@4333c262
reloadAllAccessors: .ResettableTimer4

===========================================================================================
----------------- testing Sun Feb 24 12:22:30 UTC 2019 /home/travis/build/icyphy/ptII/ptolemy/domains/de/test/auto/ResettableTimer5.xml
----------------- Instantiating /home/travis/build/icyphy/ptII/ptolemy/domains/de/test/auto/ResettableTimer5.xml
1 ms. Memory: 548352K Free: 322492K (59%)
----------------- Invoking toplevel() on ptolemy.moml.MoMLSimpleApplication@ea713e3
----------------- Done invoking toplevel() on ptolemy.moml.MoMLSimpleApplication@ea713e3
reloadAllAccessors: .ResettableTimer5

===========================================================================================
----------------- testing Sun Feb 24 12:22:30 UTC 2019 /home/travis/build/icyphy/ptII/ptolemy/domains/de/test/auto/ResettableTimer6.xml
----------------- Instantiating /home/travis/build/icyphy/ptII/ptolemy/domains/de/test/auto/ResettableTimer6.xml
4 ms. Memory: 548352K Free: 311801K (57%)
----------------- Invoking toplevel() on ptolemy.moml.MoMLSimpleApplication@31e8cd5c
----------------- Done invoking toplevel() on ptolemy.moml.MoMLSimpleApplication@31e8cd5c
reloadAllAccessors: .ResettableTimer6

===========================================================================================
----------------- testing Sun Feb 24 12:22:30 UTC 2019 /home/travis/build/icyphy/ptII/ptolemy/domains/de/test/auto/ServerZeroDelay.xml
----------------- Instantiating /home/travis/build/icyphy/ptII/ptolemy/domains/de/test/auto/ServerZeroDelay.xml
2 ms. Memory: 548352K Free: 305582K (56%)
----------------- Invoking toplevel() on ptolemy.moml.MoMLSimpleApplication@5d83a17c
----------------- Done invoking toplevel() on ptolemy.moml.MoMLSimpleApplication@5d83a17c
reloadAllAccessors: .ServerZeroDelay

===========================================================================================
----------------- testing Sun Feb 24 12:22:30 UTC 2019 /home/travis/build/icyphy/ptII/ptolemy/domains/de/test/auto/SmartSender.xml
----------------- Instantiating /home/travis/build/icyphy/ptII/ptolemy/domains/de/test/auto/SmartSender.xml
3000 ms. Memory: 548352K Free: 296237K (54%)
----------------- Invoking toplevel() on ptolemy.moml.MoMLSimpleApplication@4222b024
----------------- Done invoking toplevel() on ptolemy.moml.MoMLSimpleApplication@4222b024
reloadAllAccessors: .SmartSender

===========================================================================================
----------------- testing Sun Feb 24 12:22:33 UTC 2019 /home/travis/build/icyphy/ptII/ptolemy/domains/de/test/auto/ThreadedComposite.xml
----------------- Instantiating /home/travis/build/icyphy/ptII/ptolemy/domains/de/test/auto/ThreadedComposite.xml
1744 ms. Memory: 548352K Free: 95850K (17%)
----------------- Invoking toplevel() on ptolemy.moml.MoMLSimpleApplication@63ab6b31
----------------- Done invoking toplevel() on ptolemy.moml.MoMLSimpleApplication@63ab6b31
reloadAllAccessors: .ThreadedComposite

===========================================================================================
----------------- testing Sun Feb 24 12:22:35 UTC 2019 /home/travis/build/icyphy/ptII/ptolemy/domains/de/test/auto/Time.xml
----------------- Instantiating /home/travis/build/icyphy/ptII/ptolemy/domains/de/test/auto/Time.xml
417 ms. Memory: 526336K Free: 484490K (92%)
----------------- Invoking toplevel() on ptolemy.moml.MoMLSimpleApplication@7f481256
----------------- Done invoking toplevel() on ptolemy.moml.MoMLSimpleApplication@7f481256
reloadAllAccessors: .Time

===========================================================================================
----------------- testing Sun Feb 24 12:22:35 UTC 2019 /home/travis/build/icyphy/ptII/ptolemy/domains/de/test/auto/TimeDelayZeroDelay.xml
----------------- Instantiating /home/travis/build/icyphy/ptII/ptolemy/domains/de/test/auto/TimeDelayZeroDelay.xml
3 ms. Memory: 526336K Free: 476138K (90%)
----------------- Invoking toplevel() on ptolemy.moml.MoMLSimpleApplication@5c36bd03
----------------- Done invoking toplevel() on ptolemy.moml.MoMLSimpleApplication@5c36bd03
reloadAllAccessors: .TimeDelayZeroDelay

===========================================================================================
----------------- testing Sun Feb 24 12:22:35 UTC 2019 /home/travis/build/icyphy/ptII/ptolemy/domains/de/test/auto/TimerZeroDelay.xml
----------------- Instantiating /home/travis/build/icyphy/ptII/ptolemy/domains/de/test/auto/TimerZeroDelay.xml
1 ms. Memory: 526336K Free: 469299K (89%)
----------------- Invoking toplevel() on ptolemy.moml.MoMLSimpleApplication@54c6bead
----------------- Done invoking toplevel() on ptolemy.moml.MoMLSimpleApplication@54c6bead
reloadAllAccessors: .TimerZeroDelay

===========================================================================================
----------------- testing Sun Feb 24 12:22:35 UTC 2019 /home/travis/build/icyphy/ptII/ptolemy/domains/de/test/auto/TimingParadox.xml
----------------- Instantiating /home/travis/build/icyphy/ptII/ptolemy/domains/de/test/auto/TimingParadox.xml
298 ms. Memory: 526336K Free: 401037K (76%)
----------------- Invoking toplevel() on ptolemy.moml.MoMLSimpleApplication@c547812
----------------- Done invoking toplevel() on ptolemy.moml.MoMLSimpleApplication@c547812
reloadAllAccessors: .TimingParadox

===========================================================================================
----------------- testing Sun Feb 24 12:22:35 UTC 2019 /home/travis/build/icyphy/ptII/ptolemy/domains/de/test/auto/TransferInputs.xml
----------------- Instantiating /home/travis/build/icyphy/ptII/ptolemy/domains/de/test/auto/TransferInputs.xml
1 ms. Memory: 526336K Free: 391231K (74%)
----------------- Invoking toplevel() on ptolemy.moml.MoMLSimpleApplication@6da2c57a
----------------- Done invoking toplevel() on ptolemy.moml.MoMLSimpleApplication@6da2c57a
reloadAllAccessors: .TransferInputs

===========================================================================================
----------------- testing Sun Feb 24 12:22:35 UTC 2019 /home/travis/build/icyphy/ptII/ptolemy/domains/de/test/auto/TransferOutputs2.xml
----------------- Instantiating /home/travis/build/icyphy/ptII/ptolemy/domains/de/test/auto/TransferOutputs2.xml
7 ms. Memory: 526336K Free: 379351K (72%)
----------------- Invoking toplevel() on ptolemy.moml.MoMLSimpleApplication@52f09879
----------------- Done invoking toplevel() on ptolemy.moml.MoMLSimpleApplication@52f09879
reloadAllAccessors: .TransferOutputs2

===========================================================================================
----------------- testing Sun Feb 24 12:22:36 UTC 2019 /home/travis/build/icyphy/ptII/ptolemy/domains/de/test/auto/Trilateration.xml
----------------- Instantiating /home/travis/build/icyphy/ptII/ptolemy/domains/de/test/auto/Trilateration.xml
10950 ms. Memory: 871936K Free: 628143K (72%)
----------------- Invoking toplevel() on ptolemy.moml.MoMLSimpleApplication@5544e7ef
----------------- Done invoking toplevel() on ptolemy.moml.MoMLSimpleApplication@5544e7ef
reloadAllAccessors: .Trilateration

===========================================================================================
----------------- testing Sun Feb 24 12:22:47 UTC 2019 /home/travis/build/icyphy/ptII/ptolemy/domains/de/test/auto/TwoSigmaDelta.xml
----------------- Instantiating /home/travis/build/icyphy/ptII/ptolemy/domains/de/test/auto/TwoSigmaDelta.xml
1886 ms. Memory: 871936K Free: 336753K (39%)
----------------- Invoking toplevel() on ptolemy.moml.MoMLSimpleApplication@4c8c3767
----------------- Done invoking toplevel() on ptolemy.moml.MoMLSimpleApplication@4c8c3767
reloadAllAccessors: .TwoSigmaDelta

===========================================================================================
----------------- testing Sun Feb 24 12:22:49 UTC 2019 /home/travis/build/icyphy/ptII/ptolemy/domains/de/test/auto/VariableDelay.xml
----------------- Instantiating /home/travis/build/icyphy/ptII/ptolemy/domains/de/test/auto/VariableDelay.xml
2 ms. Memory: 871936K Free: 320942K (37%)
----------------- Invoking toplevel() on ptolemy.moml.MoMLSimpleApplication@6d77f735
----------------- Done invoking toplevel() on ptolemy.moml.MoMLSimpleApplication@6d77f735
reloadAllAccessors: .VariableDelay

===========================================================================================
----------------- testing Sun Feb 24 12:22:49 UTC 2019 /home/travis/build/icyphy/ptII/ptolemy/domains/de/test/auto/VariableDelay2.xml
----------------- Instantiating /home/travis/build/icyphy/ptII/ptolemy/domains/de/test/auto/VariableDelay2.xml
2 ms. Memory: 871936K Free: 304041K (35%)
----------------- Invoking toplevel() on ptolemy.moml.MoMLSimpleApplication@6ff5d6a3
----------------- Done invoking toplevel() on ptolemy.moml.MoMLSimpleApplication@6ff5d6a3
reloadAllAccessors: .VariableDelay2

===========================================================================================
----------------- testing Sun Feb 24 12:22:49 UTC 2019 /home/travis/build/icyphy/ptII/ptolemy/domains/de/test/auto/VariableDelayZeroDelay.xml
----------------- Instantiating /home/travis/build/icyphy/ptII/ptolemy/domains/de/test/auto/VariableDelayZeroDelay.xml
4 ms. Memory: 871936K Free: 288230K (33%)
----------------- Invoking toplevel() on ptolemy.moml.MoMLSimpleApplication@623e4aff
----------------- Done invoking toplevel() on ptolemy.moml.MoMLSimpleApplication@623e4aff
reloadAllAccessors: .VariableDelayZeroDelay

===========================================================================================
----------------- testing Sun Feb 24 12:22:49 UTC 2019 /home/travis/build/icyphy/ptII/ptolemy/domains/de/test/auto/VariableDelayZeroDelay2.xml
----------------- Instantiating /home/travis/build/icyphy/ptII/ptolemy/domains/de/test/auto/VariableDelayZeroDelay2.xml
2 ms. Memory: 871936K Free: 271328K (31%)
----------------- Invoking toplevel() on ptolemy.moml.MoMLSimpleApplication@4232edc1
----------------- Done invoking toplevel() on ptolemy.moml.MoMLSimpleApplication@4232edc1
reloadAllAccessors: .VariableDelayZeroDelay2

===========================================================================================
----------------- testing Sun Feb 24 12:22:49 UTC 2019 /home/travis/build/icyphy/ptII/ptolemy/domains/de/test/auto/deInCt.xml
----------------- Instantiating /home/travis/build/icyphy/ptII/ptolemy/domains/de/test/auto/deInCt.xml
0
1
1
1
0
0
0
1
1
1
0
0
0
1
1
1
0
0
1
1
0
0
0
1
1
0
0
0
0
1
1
1
0
0
0
1
1
1
0
0
0
1
1
1
0
0
0
1
1
1
1
0
0
0
0
5 ms. Memory: 871936K Free: 255518K (29%)
----------------- Invoking toplevel() on ptolemy.moml.MoMLSimpleApplication@312c1fa1
----------------- Done invoking toplevel() on ptolemy.moml.MoMLSimpleApplication@312c1fa1
reloadAllAccessors: .deInCt

===========================================================================================
----------------- testing Sun Feb 24 12:22:49 UTC 2019 /home/travis/build/icyphy/ptII/ptolemy/domains/de/test/auto/deInCt2.xml
----------------- Instantiating /home/travis/build/icyphy/ptII/ptolemy/domains/de/test/auto/deInCt2.xml
0
1
1
1
0
0
1
1
1
0
0
1
1
1
0
0
1
1
1
0
0
1
1
1
0
0
1
1
1
0
0
1
1
1
0
0
1
1
1
0
0
0
10 ms. Memory: 871936K Free: 238603K (27%)
----------------- Invoking toplevel() on ptolemy.moml.MoMLSimpleApplication@1d3c8fcd
----------------- Done invoking toplevel() on ptolemy.moml.MoMLSimpleApplication@1d3c8fcd
reloadAllAccessors: .deInCt2

===========================================================================================
----------------- testing Sun Feb 24 12:22:49 UTC 2019 /home/travis/build/icyphy/ptII/ptolemy/domains/de/test/auto/dynamicCausalityInterface1.xml
----------------- Instantiating /home/travis/build/icyphy/ptII/ptolemy/domains/de/test/auto/dynamicCausalityInterface1.xml
4 ms. Memory: 871936K Free: 214879K (25%)
----------------- Invoking toplevel() on ptolemy.moml.MoMLSimpleApplication@bfc5720
----------------- Done invoking toplevel() on ptolemy.moml.MoMLSimpleApplication@bfc5720
reloadAllAccessors: .dynamicCausalityInterface1

===========================================================================================
----------------- testing Sun Feb 24 12:22:49 UTC 2019 /home/travis/build/icyphy/ptII/ptolemy/domains/de/test/auto/fsm_de_test.xml
----------------- Instantiating /home/travis/build/icyphy/ptII/ptolemy/domains/de/test/auto/fsm_de_test.xml
4 ms. Memory: 871936K Free: 197977K (23%)
----------------- Invoking toplevel() on ptolemy.moml.MoMLSimpleApplication@c159823
----------------- Done invoking toplevel() on ptolemy.moml.MoMLSimpleApplication@c159823
reloadAllAccessors: .fsm_de_test

===========================================================================================
----------------- testing Sun Feb 24 12:22:49 UTC 2019 /home/travis/build/icyphy/ptII/ptolemy/domains/de/test/auto/functionDependencyReconstruction.xml
----------------- Instantiating /home/travis/build/icyphy/ptII/ptolemy/domains/de/test/auto/functionDependencyReconstruction.xml
2 ms. Memory: 871936K Free: 174246K (20%)
----------------- Invoking toplevel() on ptolemy.moml.MoMLSimpleApplication@1374ef4c
----------------- Done invoking toplevel() on ptolemy.moml.MoMLSimpleApplication@1374ef4c
reloadAllAccessors: .functionDependencyReconstruction

===========================================================================================
----------------- testing Sun Feb 24 12:22:49 UTC 2019 /home/travis/build/icyphy/ptII/ptolemy/domains/de/test/auto/multirate.xml
----------------- Instantiating /home/travis/build/icyphy/ptII/ptolemy/domains/de/test/auto/multirate.xml
2 ms. Memory: 871936K Free: 157344K (18%)
----------------- Invoking toplevel() on ptolemy.moml.MoMLSimpleApplication@662b36a4
----------------- Done invoking toplevel() on ptolemy.moml.MoMLSimpleApplication@662b36a4
reloadAllAccessors: .multirate

===========================================================================================
----------------- testing Sun Feb 24 12:22:49 UTC 2019 /home/travis/build/icyphy/ptII/ptolemy/domains/de/test/auto/multirate2.xml
----------------- Instantiating /home/travis/build/icyphy/ptII/ptolemy/domains/de/test/auto/multirate2.xml
7 ms. Memory: 871936K Free: 141533K (16%)
----------------- Invoking toplevel() on ptolemy.moml.MoMLSimpleApplication@348a43d2
----------------- Done invoking toplevel() on ptolemy.moml.MoMLSimpleApplication@348a43d2
reloadAllAccessors: .multirate2

===========================================================================================
----------------- testing Sun Feb 24 12:22:49 UTC 2019 /home/travis/build/icyphy/ptII/ptolemy/domains/de/test/auto/realtime.xml
----------------- Instantiating /home/travis/build/icyphy/ptII/ptolemy/domains/de/test/auto/realtime.xml
10002 ms. Memory: 871936K Free: 124632K (14%)
----------------- Invoking toplevel() on ptolemy.moml.MoMLSimpleApplication@e4303d1
----------------- Done invoking toplevel() on ptolemy.moml.MoMLSimpleApplication@e4303d1
reloadAllAccessors: .realtime

===========================================================================================
----------------- testing Sun Feb 24 12:22:59 UTC 2019 /home/travis/build/icyphy/ptII/ptolemy/domains/de/test/auto/relationGroup.xml
----------------- Instantiating /home/travis/build/icyphy/ptII/ptolemy/domains/de/test/auto/relationGroup.xml
2 ms. Memory: 871936K Free: 107730K (12%)
----------------- Invoking toplevel() on ptolemy.moml.MoMLSimpleApplication@1339beb4
----------------- Done invoking toplevel() on ptolemy.moml.MoMLSimpleApplication@1339beb4
reloadAllAccessors: .relationGroup

===========================================================================================
----------------- testing Sun Feb 24 12:22:59 UTC 2019 /home/travis/build/icyphy/ptII/ptolemy/domains/de/test/auto/relationGroup2.xml
----------------- Instantiating /home/travis/build/icyphy/ptII/ptolemy/domains/de/test/auto/relationGroup2.xml
1 ms. Memory: 871936K Free: 91919K (11%)
----------------- Invoking toplevel() on ptolemy.moml.MoMLSimpleApplication@2fe2d320
----------------- Done invoking toplevel() on ptolemy.moml.MoMLSimpleApplication@2fe2d320
reloadAllAccessors: .relationGroup2

===========================================================================================
----------------- testing Sun Feb 24 12:22:59 UTC 2019 /home/travis/build/icyphy/ptII/ptolemy/domains/de/test/auto/sortWithOpaquePorts.xml
----------------- Instantiating /home/travis/build/icyphy/ptII/ptolemy/domains/de/test/auto/sortWithOpaquePorts.xml
1 ms. Memory: 871936K Free: 75018K (9%)
----------------- Invoking toplevel() on ptolemy.moml.MoMLSimpleApplication@2fe1d21a
----------------- Done invoking toplevel() on ptolemy.moml.MoMLSimpleApplication@2fe1d21a
reloadAllAccessors: .sortWithOpaquePorts

===========================================================================================
----------------- testing Sun Feb 24 12:22:59 UTC 2019 /home/travis/build/icyphy/ptII/ptolemy/domains/de/test/auto/transferInputsandOutputs.xml
----------------- Instantiating /home/travis/build/icyphy/ptII/ptolemy/domains/de/test/auto/transferInputsandOutputs.xml
2 ms. Memory: 871936K Free: 59207K (7%)
----------------- Invoking toplevel() on ptolemy.moml.MoMLSimpleApplication@7e56c1f1
----------------- Done invoking toplevel() on ptolemy.moml.MoMLSimpleApplication@7e56c1f1
reloadAllAccessors: .transferInputsandOutputs

===========================================================================================
----------------- testing Sun Feb 24 12:22:59 UTC 2019 /home/travis/build/icyphy/ptII/ptolemy/domains/de/test/auto/triggerType.xml
----------------- Instantiating /home/travis/build/icyphy/ptII/ptolemy/domains/de/test/auto/triggerType.xml
9 ms. Memory: 840704K Free: 802727K (95%)
----------------- Invoking toplevel() on ptolemy.moml.MoMLSimpleApplication@6ff3d6f4
----------------- Done invoking toplevel() on ptolemy.moml.MoMLSimpleApplication@6ff3d6f4
reloadAllAccessors: .triggerType
AutoTests.java: About to close Vertx.
AutoTests.java: Vertx closed.
]]></system-out>
  <system-err><![CDATA[java.lang.RuntimeException: Execution failed
	at ptolemy.moml.MoMLSimpleApplication$UnloadThread.run(MoMLSimpleApplication.java:402)
Caused by: ptolemy.kernel.util.IllegalActionException: Found a zero delay loop containing .dependencyLoop.original
  in .dependencyLoop and .dependencyLoop.original
	at ptolemy.actor.util.CausalityInterfaceForComposites._computeOutputPortDepth(CausalityInterfaceForComposites.java:759)
	at ptolemy.actor.util.CausalityInterfaceForComposites._computeInputDepth(CausalityInterfaceForComposites.java:696)
	at ptolemy.actor.util.CausalityInterfaceForComposites._computeOutputPortDepth(CausalityInterfaceForComposites.java:765)
	at ptolemy.actor.util.CausalityInterfaceForComposites._computeInputDepth(CausalityInterfaceForComposites.java:696)
	at ptolemy.actor.util.CausalityInterfaceForComposites._computeOutputPortDepth(CausalityInterfaceForComposites.java:765)
	at ptolemy.actor.util.CausalityInterfaceForComposites._computeInputDepth(CausalityInterfaceForComposites.java:696)
	at ptolemy.actor.util.CausalityInterfaceForComposites._computeActorDepth(CausalityInterfaceForComposites.java:532)
	at ptolemy.actor.util.CausalityInterfaceForComposites.checkForCycles(CausalityInterfaceForComposites.java:96)
	at ptolemy.domains.de.kernel.DEDirector.preinitialize(DEDirector.java:1338)
	at ptolemy.actor.CompositeActor.preinitialize(CompositeActor.java:1828)
	at ptolemy.actor.Manager.preinitializeAndResolveTypes(Manager.java:1040)
	at ptolemy.actor.Manager.initialize(Manager.java:710)
	at ptolemy.actor.Manager.execute(Manager.java:356)
	at ptolemy.actor.Manager.run(Manager.java:1263)
	at ptolemy.actor.Manager$PtolemyRunThread.run(Manager.java:1915)
java.lang.RuntimeException: Execution failed
	at ptolemy.moml.MoMLSimpleApplication$UnloadThread.run(MoMLSimpleApplication.java:402)
Caused by: ptolemy.kernel.util.IllegalActionException: Found a zero delay loop containing .dependencyLoop2.original
  in .dependencyLoop2 and .dependencyLoop2.original
	at ptolemy.actor.util.CausalityInterfaceForComposites._computeOutputPortDepth(CausalityInterfaceForComposites.java:759)
	at ptolemy.actor.util.CausalityInterfaceForComposites._computeInputDepth(CausalityInterfaceForComposites.java:696)
	at ptolemy.actor.util.CausalityInterfaceForComposites._computeOutputPortDepth(CausalityInterfaceForComposites.java:765)
	at ptolemy.actor.util.CausalityInterfaceForComposites._computeInputDepth(CausalityInterfaceForComposites.java:696)
	at ptolemy.actor.util.CausalityInterfaceForComposites._computeOutputPortDepth(CausalityInterfaceForComposites.java:765)
	at ptolemy.actor.util.CausalityInterfaceForComposites._computeInputDepth(CausalityInterfaceForComposites.java:696)
	at ptolemy.actor.util.CausalityInterfaceForComposites._computeActorDepth(CausalityInterfaceForComposites.java:532)
	at ptolemy.actor.util.CausalityInterfaceForComposites.checkForCycles(CausalityInterfaceForComposites.java:96)
	at ptolemy.domains.de.kernel.DEDirector.preinitialize(DEDirector.java:1338)
	at ptolemy.actor.CompositeActor.preinitialize(CompositeActor.java:1828)
	at ptolemy.actor.Manager.preinitializeAndResolveTypes(Manager.java:1040)
	at ptolemy.actor.Manager.initialize(Manager.java:710)
	at ptolemy.actor.Manager.execute(Manager.java:356)
	at ptolemy.actor.Manager.run(Manager.java:1263)
	at ptolemy.actor.Manager$PtolemyRunThread.run(Manager.java:1915)
java.lang.RuntimeException: Execution failed
	at ptolemy.moml.MoMLSimpleApplication$UnloadThread.run(MoMLSimpleApplication.java:402)
Caused by: ptolemy.kernel.util.IllegalActionException: Found a zero delay loop containing .dependencyLoop.original
  in .dependencyLoop and .dependencyLoop.original
	at ptolemy.actor.util.CausalityInterfaceForComposites._computeOutputPortDepth(CausalityInterfaceForComposites.java:759)
	at ptolemy.actor.util.CausalityInterfaceForComposites._computeInputDepth(CausalityInterfaceForComposites.java:696)
	at ptolemy.actor.util.CausalityInterfaceForComposites._computeOutputPortDepth(CausalityInterfaceForComposites.java:765)
	at ptolemy.actor.util.CausalityInterfaceForComposites._computeInputDepth(CausalityInterfaceForComposites.java:696)
	at ptolemy.actor.util.CausalityInterfaceForComposites._computeOutputPortDepth(CausalityInterfaceForComposites.java:765)
	at ptolemy.actor.util.CausalityInterfaceForComposites._computeInputDepth(CausalityInterfaceForComposites.java:696)
	at ptolemy.actor.util.CausalityInterfaceForComposites._computeActorDepth(CausalityInterfaceForComposites.java:532)
	at ptolemy.actor.util.CausalityInterfaceForComposites.checkForCycles(CausalityInterfaceForComposites.java:96)
	at ptolemy.domains.de.kernel.DEDirector.preinitialize(DEDirector.java:1338)
	at ptolemy.actor.CompositeActor.preinitialize(CompositeActor.java:1828)
	at ptolemy.actor.Manager.preinitializeAndResolveTypes(Manager.java:1040)
	at ptolemy.actor.Manager.initialize(Manager.java:710)
	at ptolemy.actor.Manager.execute(Manager.java:356)
	at ptolemy.actor.Manager.run(Manager.java:1263)
	at ptolemy.actor.Manager$PtolemyRunThread.run(Manager.java:1915)
java.lang.RuntimeException: Execution failed
	at ptolemy.moml.MoMLSimpleApplication$UnloadThread.run(MoMLSimpleApplication.java:402)
Caused by: ptolemy.kernel.util.IllegalActionException: Actor is not ready to fire.  Perhaps UpSample.prefire() returned false? Try debugging the actor by selecting "Listen to Actor".  Also, for SDF check moml for tokenConsumptionRate on input.
  in .DESDFClockTest.Play Bell.Copy1:SDF Director and .DESDFClockTest.Play Bell.UpSample
	at ptolemy.actor.sched.StaticSchedulingDirector.fire(StaticSchedulingDirector.java:227)
	at ptolemy.domains.sdf.kernel.SDFDirector.fire(SDFDirector.java:500)
	at ptolemy.actor.CompositeActor.fire(CompositeActor.java:455)
	at ptolemy.domains.de.kernel.DEDirector._fire(DEDirector.java:1949)
	at ptolemy.domains.de.kernel.DEDirector.fire(DEDirector.java:502)
	at ptolemy.actor.CompositeActor.fire(CompositeActor.java:455)
	at ptolemy.actor.Manager.iterate(Manager.java:851)
	at ptolemy.actor.Manager.execute(Manager.java:369)
	at ptolemy.actor.Manager.run(Manager.java:1263)
	at ptolemy.actor.Manager$PtolemyRunThread.run(Manager.java:1915)
java.lang.RuntimeException: Execution failed
	at ptolemy.moml.MoMLSimpleApplication$UnloadThread.run(MoMLSimpleApplication.java:402)
Caused by: ptolemy.kernel.util.IllegalActionException: Found a zero delay loop containing .dependencyLoop2.original
  in .dependencyLoop2 and .dependencyLoop2.original
	at ptolemy.actor.util.CausalityInterfaceForComposites._computeOutputPortDepth(CausalityInterfaceForComposites.java:759)
	at ptolemy.actor.util.CausalityInterfaceForComposites._computeInputDepth(CausalityInterfaceForComposites.java:696)
	at ptolemy.actor.util.CausalityInterfaceForComposites._computeOutputPortDepth(CausalityInterfaceForComposites.java:765)
	at ptolemy.actor.util.CausalityInterfaceForComposites._computeInputDepth(CausalityInterfaceForComposites.java:696)
	at ptolemy.actor.util.CausalityInterfaceForComposites._computeOutputPortDepth(CausalityInterfaceForComposites.java:765)
	at ptolemy.actor.util.CausalityInterfaceForComposites._computeInputDepth(CausalityInterfaceForComposites.java:696)
	at ptolemy.actor.util.CausalityInterfaceForComposites._computeActorDepth(CausalityInterfaceForComposites.java:532)
	at ptolemy.actor.util.CausalityInterfaceForComposites.checkForCycles(CausalityInterfaceForComposites.java:96)
	at ptolemy.domains.de.kernel.DEDirector.preinitialize(DEDirector.java:1338)
	at ptolemy.actor.CompositeActor.preinitialize(CompositeActor.java:1828)
	at ptolemy.actor.Manager.preinitializeAndResolveTypes(Manager.java:1040)
	at ptolemy.actor.Manager.initialize(Manager.java:710)
	at ptolemy.actor.Manager.execute(Manager.java:356)
	at ptolemy.actor.Manager.run(Manager.java:1263)
	at ptolemy.actor.Manager$PtolemyRunThread.run(Manager.java:1915)
java.lang.RuntimeException: Execution failed
	at ptolemy.moml.MoMLSimpleApplication$UnloadThread.run(MoMLSimpleApplication.java:402)
Caused by: ptolemy.kernel.util.IllegalActionException: Found a zero delay loop containing .HierarchicalModel.A
  in .HierarchicalModel and .HierarchicalModel.A
	at ptolemy.actor.util.CausalityInterfaceForComposites._computeOutputPortDepth(CausalityInterfaceForComposites.java:759)
	at ptolemy.actor.util.CausalityInterfaceForComposites._computeInputDepth(CausalityInterfaceForComposites.java:696)
	at ptolemy.actor.util.CausalityInterfaceForComposites._computeOutputPortDepth(CausalityInterfaceForComposites.java:765)
	at ptolemy.actor.util.CausalityInterfaceForComposites._computeInputDepth(CausalityInterfaceForComposites.java:696)
	at ptolemy.actor.util.CausalityInterfaceForComposites._computeOutputPortDepth(CausalityInterfaceForComposites.java:765)
	at ptolemy.actor.util.CausalityInterfaceForComposites._computeInputDepth(CausalityInterfaceForComposites.java:696)
	at ptolemy.actor.util.CausalityInterfaceForComposites._computeActorDepth(CausalityInterfaceForComposites.java:532)
	at ptolemy.actor.util.CausalityInterfaceForComposites.checkForCycles(CausalityInterfaceForComposites.java:96)
	at ptolemy.domains.de.kernel.DEDirector.preinitialize(DEDirector.java:1338)
	at ptolemy.actor.CompositeActor.preinitialize(CompositeActor.java:1828)
	at ptolemy.actor.Manager.preinitializeAndResolveTypes(Manager.java:1040)
	at ptolemy.actor.Manager.initialize(Manager.java:710)
	at ptolemy.actor.Manager.execute(Manager.java:356)
	at ptolemy.actor.Manager.run(Manager.java:1263)
	at ptolemy.actor.Manager$PtolemyRunThread.run(Manager.java:1915)
java.lang.RuntimeException: Execution failed
	at ptolemy.moml.MoMLSimpleApplication$UnloadThread.run(MoMLSimpleApplication.java:402)
Caused by: ptolemy.kernel.util.IllegalActionException: Test fails in iteration 1.
Value was: 1.0. Should have been: 2.0
  in .DirectFeedback.Test
	at ptolemy.actor.lib.Test.fire(Test.java:268)
	at ptolemy.domains.de.kernel.DEDirector._fire(DEDirector.java:1949)
	at ptolemy.domains.de.kernel.DEDirector.fire(DEDirector.java:502)
	at ptolemy.actor.CompositeActor.fire(CompositeActor.java:455)
	at ptolemy.actor.Manager.iterate(Manager.java:851)
	at ptolemy.actor.Manager.execute(Manager.java:369)
	at ptolemy.actor.Manager.run(Manager.java:1263)
	at ptolemy.actor.Manager$PtolemyRunThread.run(Manager.java:1915)
java.lang.RuntimeException: Execution failed
	at ptolemy.moml.MoMLSimpleApplication$UnloadThread.run(MoMLSimpleApplication.java:402)
Caused by: ptolemy.kernel.util.IllegalActionException: Actor is not ready to fire.  Perhaps UpSample.prefire() returned false? Try debugging the actor by selecting "Listen to Actor".  Also, for SDF check moml for tokenConsumptionRate on input.
  in .DESDFClockTest.Play Bell.Copy1:SDF Director and .DESDFClockTest.Play Bell.UpSample
	at ptolemy.actor.sched.StaticSchedulingDirector.fire(StaticSchedulingDirector.java:227)
	at ptolemy.domains.sdf.kernel.SDFDirector.fire(SDFDirector.java:500)
	at ptolemy.actor.CompositeActor.fire(CompositeActor.java:455)
	at ptolemy.domains.de.kernel.DEDirector._fire(DEDirector.java:1949)
	at ptolemy.domains.de.kernel.DEDirector.fire(DEDirector.java:502)
	at ptolemy.actor.CompositeActor.fire(CompositeActor.java:455)
	at ptolemy.actor.Manager.iterate(Manager.java:851)
	at ptolemy.actor.Manager.execute(Manager.java:369)
	at ptolemy.actor.Manager.run(Manager.java:1263)
	at ptolemy.actor.Manager$PtolemyRunThread.run(Manager.java:1915)
java.lang.reflect.InvocationTargetException
	at sun.reflect.NativeConstructorAccessorImpl.newInstance0(Native Method)
	at sun.reflect.NativeConstructorAccessorImpl.newInstance(NativeConstructorAccessorImpl.java:62)
	at sun.reflect.DelegatingConstructorAccessorImpl.newInstance(DelegatingConstructorAccessorImpl.java:45)
	at java.lang.reflect.Constructor.newInstance(Constructor.java:423)
	at ptolemy.util.test.junit.AutoKnownFailedTests.RunModel(AutoKnownFailedTests.java:105)
	at sun.reflect.NativeMethodAccessorImpl.invoke0(Native Method)
	at sun.reflect.NativeMethodAccessorImpl.invoke(NativeMethodAccessorImpl.java:62)
	at sun.reflect.DelegatingMethodAccessorImpl.invoke(DelegatingMethodAccessorImpl.java:43)
	at java.lang.reflect.Method.invoke(Method.java:498)
	at org.junit.runners.model.FrameworkMethod$1.runReflectiveCall(FrameworkMethod.java:44)
	at org.junit.internal.runners.model.ReflectiveCallable.run(ReflectiveCallable.java:15)
	at org.junit.runners.model.FrameworkMethod.invokeExplosively(FrameworkMethod.java:41)
	at junitparams.internal.InvokeParameterisedMethod.evaluate(InvokeParameterisedMethod.java:102)
	at org.junit.internal.runners.statements.FailOnTimeout$1.run(FailOnTimeout.java:28)
Caused by: ptolemy.kernel.util.IllegalActionException: Actor is not ready to fire.  Perhaps UpSample.prefire() returned false? Try debugging the actor by selecting "Listen to Actor".  Also, for SDF check moml for tokenConsumptionRate on input.
  in .DESDFClockTest.Play Bell.Copy1:SDF Director and .DESDFClockTest.Play Bell.UpSample
	at ptolemy.actor.sched.StaticSchedulingDirector.fire(StaticSchedulingDirector.java:227)
	at ptolemy.domains.sdf.kernel.SDFDirector.fire(SDFDirector.java:500)
	at ptolemy.actor.CompositeActor.fire(CompositeActor.java:455)
	at ptolemy.domains.de.kernel.DEDirector._fire(DEDirector.java:1949)
	at ptolemy.domains.de.kernel.DEDirector.fire(DEDirector.java:502)
	at ptolemy.actor.CompositeActor.fire(CompositeActor.java:455)
	at ptolemy.actor.Manager.iterate(Manager.java:851)
	at ptolemy.actor.Manager.execute(Manager.java:369)
	at ptolemy.actor.Manager.run(Manager.java:1263)
	at ptolemy.actor.Manager$PtolemyRunThread.run(Manager.java:1915)
java.lang.RuntimeException: Execution failed
	at ptolemy.moml.MoMLSimpleApplication$UnloadThread.run(MoMLSimpleApplication.java:402)
Caused by: ptolemy.kernel.util.IllegalActionException: Test fails in iteration 1.
Value was: 1.0. Should have been: 2.0
  in .DirectFeedback.Test
	at ptolemy.actor.lib.Test.fire(Test.java:268)
	at ptolemy.domains.de.kernel.DEDirector._fire(DEDirector.java:1949)
	at ptolemy.domains.de.kernel.DEDirector.fire(DEDirector.java:502)
	at ptolemy.actor.CompositeActor.fire(CompositeActor.java:455)
	at ptolemy.actor.Manager.iterate(Manager.java:851)
	at ptolemy.actor.Manager.execute(Manager.java:369)
	at ptolemy.actor.Manager.run(Manager.java:1263)
	at ptolemy.actor.Manager$PtolemyRunThread.run(Manager.java:1915)
java.lang.reflect.InvocationTargetException
	at sun.reflect.NativeConstructorAccessorImpl.newInstance0(Native Method)
	at sun.reflect.NativeConstructorAccessorImpl.newInstance(NativeConstructorAccessorImpl.java:62)
	at sun.reflect.DelegatingConstructorAccessorImpl.newInstance(DelegatingConstructorAccessorImpl.java:45)
	at java.lang.reflect.Constructor.newInstance(Constructor.java:423)
	at ptolemy.util.test.junit.AutoKnownFailedTests.RunModel(AutoKnownFailedTests.java:105)
	at sun.reflect.NativeMethodAccessorImpl.invoke0(Native Method)
	at sun.reflect.NativeMethodAccessorImpl.invoke(NativeMethodAccessorImpl.java:62)
	at sun.reflect.DelegatingMethodAccessorImpl.invoke(DelegatingMethodAccessorImpl.java:43)
	at java.lang.reflect.Method.invoke(Method.java:498)
	at org.junit.runners.model.FrameworkMethod$1.runReflectiveCall(FrameworkMethod.java:44)
	at org.junit.internal.runners.model.ReflectiveCallable.run(ReflectiveCallable.java:15)
	at org.junit.runners.model.FrameworkMethod.invokeExplosively(FrameworkMethod.java:41)
	at junitparams.internal.InvokeParameterisedMethod.evaluate(InvokeParameterisedMethod.java:102)
	at org.junit.internal.runners.statements.FailOnTimeout$1.run(FailOnTimeout.java:28)
Caused by: ptolemy.kernel.util.IllegalActionException: Test fails in iteration 1.
Value was: 1.0. Should have been: 2.0
  in .DirectFeedback.Test
	at ptolemy.actor.lib.Test.fire(Test.java:268)
	at ptolemy.domains.de.kernel.DEDirector._fire(DEDirector.java:1949)
	at ptolemy.domains.de.kernel.DEDirector.fire(DEDirector.java:502)
	at ptolemy.actor.CompositeActor.fire(CompositeActor.java:455)
	at ptolemy.actor.Manager.iterate(Manager.java:851)
	at ptolemy.actor.Manager.execute(Manager.java:369)
	at ptolemy.actor.Manager.run(Manager.java:1263)
	at ptolemy.actor.Manager$PtolemyRunThread.run(Manager.java:1915)
java.lang.RuntimeException: Execution failed
	at ptolemy.moml.MoMLSimpleApplication$UnloadThread.run(MoMLSimpleApplication.java:402)
Caused by: ptolemy.kernel.util.IllegalActionException: Found a zero delay loop containing .HierarchicalModel.A
  in .HierarchicalModel and .HierarchicalModel.A
	at ptolemy.actor.util.CausalityInterfaceForComposites._computeOutputPortDepth(CausalityInterfaceForComposites.java:759)
	at ptolemy.actor.util.CausalityInterfaceForComposites._computeInputDepth(CausalityInterfaceForComposites.java:696)
	at ptolemy.actor.util.CausalityInterfaceForComposites._computeOutputPortDepth(CausalityInterfaceForComposites.java:765)
	at ptolemy.actor.util.CausalityInterfaceForComposites._computeInputDepth(CausalityInterfaceForComposites.java:696)
	at ptolemy.actor.util.CausalityInterfaceForComposites._computeOutputPortDepth(CausalityInterfaceForComposites.java:765)
	at ptolemy.actor.util.CausalityInterfaceForComposites._computeInputDepth(CausalityInterfaceForComposites.java:696)
	at ptolemy.actor.util.CausalityInterfaceForComposites._computeActorDepth(CausalityInterfaceForComposites.java:532)
	at ptolemy.actor.util.CausalityInterfaceForComposites.checkForCycles(CausalityInterfaceForComposites.java:96)
	at ptolemy.domains.de.kernel.DEDirector.preinitialize(DEDirector.java:1338)
	at ptolemy.actor.CompositeActor.preinitialize(CompositeActor.java:1828)
	at ptolemy.actor.Manager.preinitializeAndResolveTypes(Manager.java:1040)
	at ptolemy.actor.Manager.initialize(Manager.java:710)
	at ptolemy.actor.Manager.execute(Manager.java:356)
	at ptolemy.actor.Manager.run(Manager.java:1263)
	at ptolemy.actor.Manager$PtolemyRunThread.run(Manager.java:1915)
java.lang.reflect.InvocationTargetException
	at sun.reflect.NativeConstructorAccessorImpl.newInstance0(Native Method)
	at sun.reflect.NativeConstructorAccessorImpl.newInstance(NativeConstructorAccessorImpl.java:62)
	at sun.reflect.DelegatingConstructorAccessorImpl.newInstance(DelegatingConstructorAccessorImpl.java:45)
	at java.lang.reflect.Constructor.newInstance(Constructor.java:423)
	at ptolemy.util.test.junit.AutoKnownFailedTests.RunModel(AutoKnownFailedTests.java:105)
	at sun.reflect.NativeMethodAccessorImpl.invoke0(Native Method)
	at sun.reflect.NativeMethodAccessorImpl.invoke(NativeMethodAccessorImpl.java:62)
	at sun.reflect.DelegatingMethodAccessorImpl.invoke(DelegatingMethodAccessorImpl.java:43)
	at java.lang.reflect.Method.invoke(Method.java:498)
	at org.junit.runners.model.FrameworkMethod$1.runReflectiveCall(FrameworkMethod.java:44)
	at org.junit.internal.runners.model.ReflectiveCallable.run(ReflectiveCallable.java:15)
	at org.junit.runners.model.FrameworkMethod.invokeExplosively(FrameworkMethod.java:41)
	at junitparams.internal.InvokeParameterisedMethod.evaluate(InvokeParameterisedMethod.java:102)
	at org.junit.internal.runners.statements.FailOnTimeout$1.run(FailOnTimeout.java:28)
Caused by: ptolemy.kernel.util.IllegalActionException: Found a zero delay loop containing .HierarchicalModel.A
  in .HierarchicalModel and .HierarchicalModel.A
	at ptolemy.actor.util.CausalityInterfaceForComposites._computeOutputPortDepth(CausalityInterfaceForComposites.java:759)
	at ptolemy.actor.util.CausalityInterfaceForComposites._computeInputDepth(CausalityInterfaceForComposites.java:696)
	at ptolemy.actor.util.CausalityInterfaceForComposites._computeOutputPortDepth(CausalityInterfaceForComposites.java:765)
	at ptolemy.actor.util.CausalityInterfaceForComposites._computeInputDepth(CausalityInterfaceForComposites.java:696)
	at ptolemy.actor.util.CausalityInterfaceForComposites._computeOutputPortDepth(CausalityInterfaceForComposites.java:765)
	at ptolemy.actor.util.CausalityInterfaceForComposites._computeInputDepth(CausalityInterfaceForComposites.java:696)
	at ptolemy.actor.util.CausalityInterfaceForComposites._computeActorDepth(CausalityInterfaceForComposites.java:532)
	at ptolemy.actor.util.CausalityInterfaceForComposites.checkForCycles(CausalityInterfaceForComposites.java:96)
	at ptolemy.domains.de.kernel.DEDirector.preinitialize(DEDirector.java:1338)
	at ptolemy.actor.CompositeActor.preinitialize(CompositeActor.java:1828)
	at ptolemy.actor.Manager.preinitializeAndResolveTypes(Manager.java:1040)
	at ptolemy.actor.Manager.initialize(Manager.java:710)
	at ptolemy.actor.Manager.execute(Manager.java:356)
	at ptolemy.actor.Manager.run(Manager.java:1263)
	at ptolemy.actor.Manager$PtolemyRunThread.run(Manager.java:1915)
java.lang.RuntimeException: Execution failed
	at ptolemy.moml.MoMLSimpleApplication$UnloadThread.run(MoMLSimpleApplication.java:402)
Caused by: ptolemy.kernel.util.IllegalActionException: Found a zero delay loop containing .dependencyLoop.original
  in .dependencyLoop and .dependencyLoop.original
	at ptolemy.actor.util.CausalityInterfaceForComposites._computeOutputPortDepth(CausalityInterfaceForComposites.java:759)
	at ptolemy.actor.util.CausalityInterfaceForComposites._computeInputDepth(CausalityInterfaceForComposites.java:696)
	at ptolemy.actor.util.CausalityInterfaceForComposites._computeOutputPortDepth(CausalityInterfaceForComposites.java:765)
	at ptolemy.actor.util.CausalityInterfaceForComposites._computeInputDepth(CausalityInterfaceForComposites.java:696)
	at ptolemy.actor.util.CausalityInterfaceForComposites._computeOutputPortDepth(CausalityInterfaceForComposites.java:765)
	at ptolemy.actor.util.CausalityInterfaceForComposites._computeInputDepth(CausalityInterfaceForComposites.java:696)
	at ptolemy.actor.util.CausalityInterfaceForComposites._computeActorDepth(CausalityInterfaceForComposites.java:532)
	at ptolemy.actor.util.CausalityInterfaceForComposites.checkForCycles(CausalityInterfaceForComposites.java:96)
	at ptolemy.domains.de.kernel.DEDirector.preinitialize(DEDirector.java:1338)
	at ptolemy.actor.CompositeActor.preinitialize(CompositeActor.java:1828)
	at ptolemy.actor.Manager.preinitializeAndResolveTypes(Manager.java:1040)
	at ptolemy.actor.Manager.initialize(Manager.java:710)
	at ptolemy.actor.Manager.execute(Manager.java:356)
	at ptolemy.actor.Manager.run(Manager.java:1263)
	at ptolemy.actor.Manager$PtolemyRunThread.run(Manager.java:1915)
java.lang.reflect.InvocationTargetException
	at sun.reflect.NativeConstructorAccessorImpl.newInstance0(Native Method)
	at sun.reflect.NativeConstructorAccessorImpl.newInstance(NativeConstructorAccessorImpl.java:62)
	at sun.reflect.DelegatingConstructorAccessorImpl.newInstance(DelegatingConstructorAccessorImpl.java:45)
	at java.lang.reflect.Constructor.newInstance(Constructor.java:423)
	at ptolemy.util.test.junit.AutoKnownFailedTests.RunModel(AutoKnownFailedTests.java:105)
	at sun.reflect.NativeMethodAccessorImpl.invoke0(Native Method)
	at sun.reflect.NativeMethodAccessorImpl.invoke(NativeMethodAccessorImpl.java:62)
	at sun.reflect.DelegatingMethodAccessorImpl.invoke(DelegatingMethodAccessorImpl.java:43)
	at java.lang.reflect.Method.invoke(Method.java:498)
	at org.junit.runners.model.FrameworkMethod$1.runReflectiveCall(FrameworkMethod.java:44)
	at org.junit.internal.runners.model.ReflectiveCallable.run(ReflectiveCallable.java:15)
	at org.junit.runners.model.FrameworkMethod.invokeExplosively(FrameworkMethod.java:41)
	at junitparams.internal.InvokeParameterisedMethod.evaluate(InvokeParameterisedMethod.java:102)
	at org.junit.internal.runners.statements.FailOnTimeout$1.run(FailOnTimeout.java:28)
Caused by: ptolemy.kernel.util.IllegalActionException: Found a zero delay loop containing .dependencyLoop.original
  in .dependencyLoop and .dependencyLoop.original
	at ptolemy.actor.util.CausalityInterfaceForComposites._computeOutputPortDepth(CausalityInterfaceForComposites.java:759)
	at ptolemy.actor.util.CausalityInterfaceForComposites._computeInputDepth(CausalityInterfaceForComposites.java:696)
	at ptolemy.actor.util.CausalityInterfaceForComposites._computeOutputPortDepth(CausalityInterfaceForComposites.java:765)
	at ptolemy.actor.util.CausalityInterfaceForComposites._computeInputDepth(CausalityInterfaceForComposites.java:696)
	at ptolemy.actor.util.CausalityInterfaceForComposites._computeOutputPortDepth(CausalityInterfaceForComposites.java:765)
	at ptolemy.actor.util.CausalityInterfaceForComposites._computeInputDepth(CausalityInterfaceForComposites.java:696)
	at ptolemy.actor.util.CausalityInterfaceForComposites._computeActorDepth(CausalityInterfaceForComposites.java:532)
	at ptolemy.actor.util.CausalityInterfaceForComposites.checkForCycles(CausalityInterfaceForComposites.java:96)
	at ptolemy.domains.de.kernel.DEDirector.preinitialize(DEDirector.java:1338)
	at ptolemy.actor.CompositeActor.preinitialize(CompositeActor.java:1828)
	at ptolemy.actor.Manager.preinitializeAndResolveTypes(Manager.java:1040)
	at ptolemy.actor.Manager.initialize(Manager.java:710)
	at ptolemy.actor.Manager.execute(Manager.java:356)
	at ptolemy.actor.Manager.run(Manager.java:1263)
	at ptolemy.actor.Manager$PtolemyRunThread.run(Manager.java:1915)
java.lang.RuntimeException: Execution failed
	at ptolemy.moml.MoMLSimpleApplication$UnloadThread.run(MoMLSimpleApplication.java:402)
Caused by: ptolemy.kernel.util.IllegalActionException: Found a zero delay loop containing .dependencyLoop2.original
  in .dependencyLoop2 and .dependencyLoop2.original
	at ptolemy.actor.util.CausalityInterfaceForComposites._computeOutputPortDepth(CausalityInterfaceForComposites.java:759)
	at ptolemy.actor.util.CausalityInterfaceForComposites._computeInputDepth(CausalityInterfaceForComposites.java:696)
	at ptolemy.actor.util.CausalityInterfaceForComposites._computeOutputPortDepth(CausalityInterfaceForComposites.java:765)
	at ptolemy.actor.util.CausalityInterfaceForComposites._computeInputDepth(CausalityInterfaceForComposites.java:696)
	at ptolemy.actor.util.CausalityInterfaceForComposites._computeOutputPortDepth(CausalityInterfaceForComposites.java:765)
	at ptolemy.actor.util.CausalityInterfaceForComposites._computeInputDepth(CausalityInterfaceForComposites.java:696)
	at ptolemy.actor.util.CausalityInterfaceForComposites._computeActorDepth(CausalityInterfaceForComposites.java:532)
	at ptolemy.actor.util.CausalityInterfaceForComposites.checkForCycles(CausalityInterfaceForComposites.java:96)
	at ptolemy.domains.de.kernel.DEDirector.preinitialize(DEDirector.java:1338)
	at ptolemy.actor.CompositeActor.preinitialize(CompositeActor.java:1828)
	at ptolemy.actor.Manager.preinitializeAndResolveTypes(Manager.java:1040)
	at ptolemy.actor.Manager.initialize(Manager.java:710)
	at ptolemy.actor.Manager.execute(Manager.java:356)
	at ptolemy.actor.Manager.run(Manager.java:1263)
	at ptolemy.actor.Manager$PtolemyRunThread.run(Manager.java:1915)
java.lang.reflect.InvocationTargetException
	at sun.reflect.NativeConstructorAccessorImpl.newInstance0(Native Method)
	at sun.reflect.NativeConstructorAccessorImpl.newInstance(NativeConstructorAccessorImpl.java:62)
	at sun.reflect.DelegatingConstructorAccessorImpl.newInstance(DelegatingConstructorAccessorImpl.java:45)
	at java.lang.reflect.Constructor.newInstance(Constructor.java:423)
	at ptolemy.util.test.junit.AutoKnownFailedTests.RunModel(AutoKnownFailedTests.java:105)
	at sun.reflect.NativeMethodAccessorImpl.invoke0(Native Method)
	at sun.reflect.NativeMethodAccessorImpl.invoke(NativeMethodAccessorImpl.java:62)
	at sun.reflect.DelegatingMethodAccessorImpl.invoke(DelegatingMethodAccessorImpl.java:43)
	at java.lang.reflect.Method.invoke(Method.java:498)
	at org.junit.runners.model.FrameworkMethod$1.runReflectiveCall(FrameworkMethod.java:44)
	at org.junit.internal.runners.model.ReflectiveCallable.run(ReflectiveCallable.java:15)
	at org.junit.runners.model.FrameworkMethod.invokeExplosively(FrameworkMethod.java:41)
	at junitparams.internal.InvokeParameterisedMethod.evaluate(InvokeParameterisedMethod.java:102)
	at org.junit.internal.runners.statements.FailOnTimeout$1.run(FailOnTimeout.java:28)
Caused by: ptolemy.kernel.util.IllegalActionException: Found a zero delay loop containing .dependencyLoop2.original
  in .dependencyLoop2 and .dependencyLoop2.original
	at ptolemy.actor.util.CausalityInterfaceForComposites._computeOutputPortDepth(CausalityInterfaceForComposites.java:759)
	at ptolemy.actor.util.CausalityInterfaceForComposites._computeInputDepth(CausalityInterfaceForComposites.java:696)
	at ptolemy.actor.util.CausalityInterfaceForComposites._computeOutputPortDepth(CausalityInterfaceForComposites.java:765)
	at ptolemy.actor.util.CausalityInterfaceForComposites._computeInputDepth(CausalityInterfaceForComposites.java:696)
	at ptolemy.actor.util.CausalityInterfaceForComposites._computeOutputPortDepth(CausalityInterfaceForComposites.java:765)
	at ptolemy.actor.util.CausalityInterfaceForComposites._computeInputDepth(CausalityInterfaceForComposites.java:696)
	at ptolemy.actor.util.CausalityInterfaceForComposites._computeActorDepth(CausalityInterfaceForComposites.java:532)
	at ptolemy.actor.util.CausalityInterfaceForComposites.checkForCycles(CausalityInterfaceForComposites.java:96)
	at ptolemy.domains.de.kernel.DEDirector.preinitialize(DEDirector.java:1338)
	at ptolemy.actor.CompositeActor.preinitialize(CompositeActor.java:1828)
	at ptolemy.actor.Manager.preinitializeAndResolveTypes(Manager.java:1040)
	at ptolemy.actor.Manager.initialize(Manager.java:710)
	at ptolemy.actor.Manager.execute(Manager.java:356)
	at ptolemy.actor.Manager.run(Manager.java:1263)
	at ptolemy.actor.Manager$PtolemyRunThread.run(Manager.java:1915)
]]></system-err>
</testsuite>
