<?xml version="1.0" encoding="UTF-8" ?>
<testsuite errors="0" failures="0" hostname="travis-job-2e5b9b4e-e3e7-4e29-bd28-94b2ef9e0919" name="ptolemy.actor.lib.test.junit.JUnitTclTest" skipped="0" tests="517" time="62.646" timestamp="2020-10-02T01:01:02">
  <properties>
    <property name="npm.executable" value="npm" />
    <property name="env.TRAVIS_ROOT" value="/" />
    <property name="ptII.mk.exists" value="true" />
    <property name="env.TRAVIS_APP_HOST" value="build.travis-ci.com" />
    <property name="env.rvm_bin_path" value="/home/travis/.rvm/bin" />
    <property name="java.home" value="/usr/local/lib/jvm/openjdk11" />
    <property name="env.TRAVIS_JOB_NUMBER" value="1783.8" />
    <property name="env.TRAVIS_HOME" value="/home/travis" />
    <property name="env.DISPLAY" value=":99.0" />
    <property name="env.TRAVIS_INIT" value="systemd" />
    <property name="env.SSH_TTY" value="/dev/pts/0" />
    <property name="java.net.preferIPv4Stack" value="true" />
    <property name="env.RUN_TESTS" value="true" />
    <property name="timeout.short" value="1000000" />
    <property name="junit.formatter" value="xml" />
    <property name="env.TRAVIS_SUDO" value="true" />
    <property name="env.TRAVIS_JOB_NAME" value="" />
    <property name="env.TRAVIS_STACK_NODE_ATTRIBUTES" value="/.node-attributes.yml" />
    <property name="env.LOGNAME" value="travis" />
    <property name="env.PT_TRAVIS_TEST_CORE1_XML" value="true" />
    <property name="jsdoc.home" value="node_modules/@terraswarm/jsdoc" />
    <property name="debuglevel" value="source,lines,vars" />
    <property name="checkstyle.formatter" value="xml" />
    <property name="bin.vergil.makeable" value="true" />
    <property name="sun.os.patch.level" value="unknown" />
    <property name="java.vendor.url" value="http://java.oracle.com/" />
    <property name="env.TRAVIS_BUILD_WEB_URL" value="https://travis-ci.com/icyphy/ptII/builds/187714593" />
    <property name="java.version" value="11.0.2" />
    <property name="env.TZ" value="UTC" />
    <property name="env.TRAVIS_PULL_REQUEST_SHA" value="" />
    <property name="env.PT_NO_NET" value="true" />
    <property name="env.TRAVIS_SECURE_ENV_VARS" value="true" />
    <property name="java.vendor.url.bug" value="http://bugreport.java.com/bugreport/" />
    <property name="npmjs-org-is-up" value="true" />
    <property name="env.LANGUAGE" value="en_US.UTF-8" />
    <property name="env.SSH_CLIENT" value="10.16.0.11 55312 22" />
    <property name="env.GEM_HOME" value="/home/travis/.rvm/gems/ruby-2.5.3" />
    <property name="env.HAS_ANTARES_THREE_LITTLE_FRONZIES_BADGE" value="true" />
    <property name="java.version.date" value="2019-01-15" />
    <property name="env.PS4" value="+" />
    <property name="ant.project.invoked-targets" value="build,test.core1.xml" />
    <property name="env.TRAVIS_PULL_REQUEST_BRANCH" value="" />
    <property name="env.TRAVIS_REPO_SLUG" value="icyphy/ptII" />
    <property name="env.XDG_DATA_DIRS" value="/usr/local/share:/usr/share:/var/lib/snapd/desktop" />
    <property name="jdk.debug" value="release" />
    <property name="env.TRAVIS_APT_PROXY" value="http://build-cache.travisci.net" />
    <property name="env.TRAVIS_CPU_ARCH" value="amd64" />
    <property name="node.in.path" value="true" />
    <property name="user.name" value="travis" />
    <property name="java.maxmemory" value="1400m" />
    <property name="env.RUBY_VERSION" value="ruby-2.5.3" />
    <property name="env.LANG" value="en_US.UTF-8" />
    <property name="sun.io.unicode.encoding" value="UnicodeLittle" />
    <property name="sun.jnu.encoding" value="UTF-8" />
    <property name="java.runtime.name" value="OpenJDK Runtime Environment" />
    <property name="usefile" value="false" />
    <property name="return.code" value="0" />
    <property name="junit.single.formatter" value="plain" />
    <property name="env.DYLD_LIBRARY_PATH" value="/home/travis/pthla/certi-tools/lib:" />
    <property name="env.DEBIAN_FRONTEND" value="noninteractive" />
    <property name="env.SSH_CONNECTION" value="10.16.0.11 55312 10.30.0.159 22" />
    <property name="env.MYSQL_UNIX_PORT" value="/var/run/mysqld/mysqld.sock" />
    <property name="env.LC_ALL" value="en_US.UTF-8" />
    <property name="env.TRAVIS_ALLOW_FAILURE" value="" />
    <property name="env.TRAVIS_JOB_WEB_URL" value="https://travis-ci.com/icyphy/ptII/jobs/393948885" />
    <property name="java.specification.name" value="Java Platform API Specification" />
    <property name="node.works" value="true" />
    <property name="user.timezone" value="" />
    <property name="path.separator" value=":" />
    <property name="env.TRAVIS_ENABLE_INFRA_DETECTION" value="true" />
    <property name="env.PYTHON_CFLAGS" value="-g -fstack-protector --param=ssp-buffer-size=4 -Wformat -Werror=format-security" />
    <property name="timeout.long" value="4000000" />
    <property name="env.CERTI_HOME" value="/home/travis/pthla/certi-tools" />
    <property name="ant.file.ptII" value="/home/travis/build/icyphy/ptII/build.xml" />
    <property name="javadoc.packagenames" value="com.*,diva.*,lbnl.*,org.hlacerti.*,org.json.*,org.ptolemy.*,org.terraswarm.*,ptolemy.*,ptserver.*" />
    <property name="file.encoding" value="UTF-8" />
    <property name="env.TRAVIS_PULL_REQUEST_SLUG" value="" />
    <property name="ant.project.default-target" value="build" />
    <property name="env.GIT_ASKPASS" value="echo" />
    <property name="env.HOME" value="/home/travis" />
    <property name="sun.java.command" value="org.apache.tools.ant.taskdefs.optional.junit.JUnitTestRunner ptolemy.actor.lib.test.junit.JUnitTclTest skipNonTests=false filtertrace=true haltOnError=false haltOnFailure=false formatter=org.apache.tools.ant.taskdefs.optional.junit.OutErrSummaryJUnitResultFormatter showoutput=true outputtoformatters=true logfailedtests=true threadid=0 logtestlistenerevents=false formatter=org.apache.tools.ant.taskdefs.optional.junit.XMLJUnitResultFormatter,/home/travis/build/icyphy/ptII/reports/junit/TEST-ptolemy.actor.lib.test.junit.JUnitTclTest.xml crashfile=/home/travis/build/icyphy/ptII/junitvmwatcher135347440650367786.properties propsfile=/home/travis/build/icyphy/ptII/junit6389388799070538339.properties" />
    <property name="env.COMPOSER_NO_INTERACTION" value="1" />
    <property name="env.MANPATH" value="/home/travis/.nvm/versions/node/v7.10.1/share/man:/home/travis/.rvm/rubies/ruby-2.5.3/share/man:/usr/local/cmake-3.12.4/man:/usr/local/clang-7.0.0/share/man:/usr/local/man:/usr/local/share/man:/usr/share/man:/home/travis/.rvm/man" />
    <property name="env.TRAVIS_TIMER_ID" value="2643c12f" />
    <property name="ant.file" value="/home/travis/build/icyphy/ptII/build.xml" />
    <property name="env.TRAVIS_COMMIT_RANGE" value="3bb573e462e9b4151952318d01b7e361e9f419ad...74248200255084cca0f8d02e5ad09f36c0965423" />
    <property name="ptII.classpath.optional.property" value="/home/travis/build/icyphy/ptII/lib/bsh-2.0b4.jar:/home/travis/build/icyphy/ptII/lib/ptCal.jar:/home/travis/build/icyphy/ptII/lib/java_cup.jar:/home/travis/build/icyphy/ptII/lib/saxon8.jar:/home/travis/build/icyphy/ptII/lib/saxon8-dom.jar:/home/travis/build/icyphy/ptII/lib/chic.jar:/home/travis/build/icyphy/ptII/lib/ptcolt.jar:/home/travis/build/icyphy/ptII/vendors/misc/itext/iText.jar:/home/travis/build/icyphy/ptII/lib/g4ltl.jar:/home/travis/build/icyphy/ptII/lib/StructuralCoder.jar:/home/travis/build/icyphy/ptII/lib/jcerti.jar:/home/travis/build/icyphy/ptII/lib/javax.mail.jar:/home/travis/build/icyphy/ptII/vendors/JMF-2.1.1e/lib/jmf.jar:/home/travis/build/icyphy/ptII/lib/jna-4.0.0-variadic.jar:/home/travis/build/icyphy/ptII/vendors/misc/joystick/Joystick.jar:/home/travis/build/icyphy/ptII/lib/ptjacl.jar:/home/travis/build/icyphy/ptII/lib/jsoup-1.8.2.jar:/home/travis/build/icyphy/ptII/lib/junit-4.8.2.jar:/home/travis/build/icyphy/ptII/lib/JUnitParams-0.4.0.jar:/home/travis/build/icyphy/ptII/ptolemy/actor/lib/excel/jxl.jar:/home/travis/build/icyphy/ptII/lib/jython.jar:/home/travis/build/icyphy/ptII/lib/kieler.jar:/home/travis/build/icyphy/ptII/vendors/opencv/share/OpenCV/java/opencv-341.jar:/home/travis/build/icyphy/ptII/lib/oscP5.jar:/home/travis/build/icyphy/ptII/lib/nrjavaserial-3.11.0.devel.jar:/home/travis/build/icyphy/ptII/vendors/j3d/lib/Linux/j3dcore.jar:/home/travis/build/icyphy/ptII/vendors/j3d/lib/Linux/j3dutils.jar:/home/travis/build/icyphy/ptII/vendors/j3d/lib/Linux/vecmath.jar:/home/travis/build/icyphy/ptII/vendors/jogl/lib/Linux/gluegen-rt-natives-linux-amd64.jar:/home/travis/build/icyphy/ptII/vendors/jogl/lib/Linux/gluegen-rt.jar:/home/travis/build/icyphy/ptII/vendors/jogl/lib/Linux/jogl-all-natives-linux-amd64.jar:/home/travis/build/icyphy/ptII/vendors/jogl/lib/Linux/jogl-all.jar:/home/travis/build/icyphy/ptII/ptolemy/distributed/jini/jar/jini-core.jar:/home/travis/build/icyphy/ptII/ptolemy/distributed/jini/jar/jini-ext.jar:/home/travis/build/icyphy/ptII/ptolemy/distributed/jini/jar/sun-util.jar:/home/travis/build/icyphy/ptII/lib/protobuf-java-2.4.1.jar:/home/travis/build/icyphy/ptII/lib/org.eclipse.paho.client.mqttv3.jar:/home/travis/build/icyphy/ptII/lib/mapss.jar:/home/travis/build/icyphy/ptII/ptolemy/actor/ptalon/antlr/antlr.jar:/home/travis/build/icyphy/ptII/lib/JRI.jar:/home/travis/build/icyphy/ptII/lib/commons-lang-2.6.jar:/home/travis/build/icyphy/ptII/lib/commons-logging-1.1.1.jar:/home/travis/build/icyphy/ptII/lib/sootclasses.jar:/home/travis/build/icyphy/ptII/ptolemy/actor/lib/database/mysql-connector-java-5.1.6-bin.jar:/home/travis/build/icyphy/ptII/vendors/misc/sphinx4/sphinx4-data-5prealpha.jar:/home/travis/build/icyphy/ptII/vendors/misc/sphinx4/sphinx4-core-5prealpha.jar:/home/travis/build/icyphy/ptII/lib/PDFRenderer.jar:/home/travis/build/icyphy/ptII/lib/svgSalamander.jar:/home/travis/build/icyphy/ptII/lib/rsyntaxtextarea-2.6.0-SNAPSHOT.jar:/home/travis/build/icyphy/ptII/lib/hazelcast-3.8.2.jar:/home/travis/build/icyphy/ptII/lib/jackson-annotations-2.9.0.jar:/home/travis/build/icyphy/ptII/lib/jackson-core-2.9.3.jar:/home/travis/build/icyphy/ptII/lib/jackson-databind-2.9.3.jar:/home/travis/build/icyphy/ptII/lib/netty-buffer-4.1.19.Final.jar:/home/travis/build/icyphy/ptII/lib/netty-codec-4.1.19.Final.jar:/home/travis/build/icyphy/ptII/lib/netty-codec-dns-4.1.19.Final.jar:/home/travis/build/icyphy/ptII/lib/netty-codec-http-4.1.19.Final.jar:/home/travis/build/icyphy/ptII/lib/netty-codec-http2-4.1.19.Final.jar:/home/travis/build/icyphy/ptII/lib/netty-common-4.1.19.Final.jar:/home/travis/build/icyphy/ptII/lib/netty-handler-4.1.19.Final.jar:/home/travis/build/icyphy/ptII/lib/netty-resolver-4.1.19.Final.jar:/home/travis/build/icyphy/ptII/lib/netty-resolver-dns-4.1.19.Final.jar:/home/travis/build/icyphy/ptII/lib/netty-transport-4.1.19.Final.jar:/home/travis/build/icyphy/ptII/lib/vertx-codegen-3.5.1.jar:/home/travis/build/icyphy/ptII/lib/vertx-core-3.5.2-SNAPSHOT.jar:/home/travis/build/icyphy/ptII/lib/vertx-hazelcast-3.5.1.jar:/home/travis/build/icyphy/ptII/lib/vertx-lang-js-3.5.1.jar:/home/travis/build/icyphy/ptII/lib/vertx-service-proxy-3.5.1.jar:/home/travis/build/icyphy/ptII/lib/vertx-web-3.5.1.jar:/home/travis/build/icyphy/ptII/lib/slf4j-api-1.7.13.jar:/home/travis/build/icyphy/ptII/lib/slf4j-simple-1.7.13.jar:/home/travis/build/icyphy/ptII/lib/webcam-capture-0.3.12.jar:/home/travis/build/icyphy/ptII/lib/bridj-0.7.0.jar:/home/travis/build/icyphy/ptII/lib/xbjlib-1.1.0.nrjavaserial.jar" />
    <property name="timeout" value="2400000" />
    <property name="test.batch" value="**/junit/*.java" />
    <property name="env._" value="/usr/bin/timeout" />
    <property name="java.io.tmpdir" value="/tmp" />
    <property name="user.language" value="en" />
    <property name="env.TRAVIS_INTERNAL_RUBY_REGEX" value="^ruby-(2\.[0-4]\.[0-9]|1\.9\.3)" />
    <property name="env.HISTCONTROL" value="ignoredups:ignorespace" />
    <property name="env.GOROOT" value="/home/travis/.gimme/versions/go1.11.1.linux.amd64" />
    <property name="line.separator" value="&#xa;" />
    <property name="target" value="11" />
    <property name="env.TRAVIS_BUILD_DIR" value="/home/travis/build/icyphy/ptII" />
    <property name="env.ANT_OPTS" value="-Xmx2048m" />
    <property name="ant.file.type" value="file" />
    <property name="ptolemy.ptII.batchMode" value="true" />
    <property name="env.HISTSIZE" value="1000" />
    <property name="env.MERB_ENV" value="test" />
    <property name="java.vm.info" value="mixed mode" />
    <property name="source" value="11" />
    <property name="java.vm.specification.name" value="Java Virtual Machine Specification" />
    <property name="env.TRAVIS_TEST_RESULT" value="0" />
    <property name="jsdoc.command" value="node_modules/@terraswarm/jsdoc/jsdoc.js" />
    <property name="npm.works" value="true" />
    <property name="cobertura.dir" value="/home/travis/build/icyphy/ptII/vendors/cobertura-2.0.3" />
    <property name="jsdoc.command.exists" value="true" />
    <property name="env.rvm_path" value="/home/travis/.rvm" />
    <property name="env.GEM_PATH" value="/home/travis/.rvm/gems/ruby-2.5.3:/home/travis/.rvm/gems/ruby-2.5.3@global" />
    <property name="env.LC_CTYPE" value="en_US.UTF-8" />
    <property name="env.TRAVIS_CMD" value="$PTII/bin/ptIITravisBuild.sh $SECONDS" />
    <property name="java.awt.printerjob" value="sun.print.PSPrinterJob" />
    <property name="env.TRAVIS_STACK_NAME" value="sardonyx" />
    <property name="env.TRAVIS_TIMER_START_TIME" value="1601599785704842605" />
    <property name="ant.version" value="Apache Ant(TM) version 1.10.1 compiled on February 2 2017" />
    <property name="ptII.reports" value="/home/travis/build/icyphy/ptII/reports" />
    <property name="env.TRAVIS_STACK_TIMESTAMP" value="2020-06-24 13:13:18 UTC" />
    <property name="ant.file.type.ptII" value="file" />
    <property name="env.RBENV_SHELL" value="bash" />
    <property name="os.name" value="Linux" />
    <property name="java.specification.vendor" value="Oracle Corporation" />
    <property name="env.rvm_version" value="1.29.10 (latest)" />
    <property name="env.TRAVIS_INFRA" value="unknown" />
    <property name="env.TERM" value="xterm" />
    <property name="java.vm.name" value="OpenJDK 64-Bit Server VM" />
    <property name="env.TRAVIS_BUILD_NUMBER" value="1783" />
    <property name="env.CI" value="true" />
    <property name="java.library.path" value="/home/travis/pthla/certi-tools/lib:/usr/lib/jni:/usr/local/share/OpenCV/java/:/usr/share/OpenCV/java::/usr/java/packages/lib:/usr/lib64:/lib64:/lib:/usr/lib" />
    <property name="jdk.module.path" value="/home/travis/build/icyphy/ptII/vendors/javafx/javafx-sdk-11.0.2/lib:" />
    <property name="env.rvm_prefix" value="/home/travis" />
    <property name="env.PATH" value="/home/travis/pthla/certi-tools/share/scripts:/home/travis/.rvm/gems/ruby-2.5.3/bin:/home/travis/.rvm/gems/ruby-2.5.3@global/bin:/home/travis/.rvm/rubies/ruby-2.5.3/bin:/home/travis/.rvm/bin:/home/travis/.nvm/versions/node/v7.10.1/bin:./node_modules/.bin:/home/travis/build/icyphy/ptII/bin:/home/travis/pthla/certi-tools/bin:/home/travis/bin:/home/travis/.local/bin:/usr/local/lib/jvm/openjdk11/bin:/opt/pyenv/shims:/home/travis/.phpenv/shims:/home/travis/perl5/perlbrew/bin:/home/travis/gopath/bin:/home/travis/.gimme/versions/go1.11.1.linux.amd64/bin:/usr/local/maven-3.6.3/bin:/usr/local/cmake-3.12.4/bin:/usr/local/clang-7.0.0/bin:/usr/local/sbin:/usr/local/bin:/usr/sbin:/usr/bin:/sbin:/bin:/snap/bin:/home/travis/.phpenv/bin:/opt/pyenv/bin:/home/travis/.yarn/bin" />
    <property name="env.TRAVIS_OS_NAME" value="linux" />
    <property name="ant.java.version" value="9" />
    <property name="basedir" value="/home/travis/build/icyphy/ptII" />
    <property name="java.class.version" value="55.0" />
    <property name="env.SHLVL" value="3" />
    <property name="env.LD_LIBRARY_PATH" value="/home/travis/pthla/certi-tools/lib:/usr/lib/jni:/usr/local/share/OpenCV/java/:/usr/share/OpenCV/java:" />
    <property name="env.RACK_ENV" value="test" />
    <property name="ant.home" value="/home/travis/build/icyphy/ptII/ant" />
    <property name="env.NVM_DIR" value="/home/travis/.nvm" />
    <property name="env.CERTI_FOM_PATH" value="/home/travis/pthla/certi-tools/share/federations" />
    <property name="env.TRAVIS_BUILD_ID" value="187714593" />
    <property name="env.PYENV_ROOT" value="/opt/pyenv" />
    <property name="env.TRAVIS_UID" value="2000" />
    <property name="prism.verbose" value="true" />
    <property name="env.NVM_BIN" value="/home/travis/.nvm/versions/node/v7.10.1/bin" />
    <property name="env.TRAVIS_COMMIT" value="74248200255084cca0f8d02e5ad09f36c0965423" />
    <property name="node.executable" value="node" />
    <property name="sun.boot.library.path" value="/usr/local/lib/jvm/openjdk11/lib" />
    <property name="sun.management.compiler" value="HotSpot 64-Bit Tiered Compilers" />
    <property name="java.awt.graphicsenv" value="sun.awt.X11GraphicsEnvironment" />
    <property name="env.GOPATH" value="/home/travis/gopath" />
    <property name="ptolemy.ptII.dir" value="/home/travis/build/icyphy/ptII" />
    <property name="env.USER" value="travis" />
    <property name="env.HISTFILESIZE" value="2000" />
    <property name="env.NVM_INC" value="/home/travis/.nvm/versions/node/v7.10.1/include/node" />
    <property name="timeout.longest" value="19000000" />
    <property name="env.PERLBREW_SHELLRC_VERSION" value="0.88" />
    <property name="env.TRAVIS_STACK_FEATURES" value="basic couchdb disabled-ipv6 docker docker-compose elasticsearch firefox go-toolchain google-chrome jdk memcached mongodb mysql nodejs_interpreter perl_interpreter perlbrew phantomjs postgresql python_interpreter redis ruby_interpreter sqlite xserver" />
    <property name="env.TRAVIS_PULL_REQUEST" value="false" />
    <property name="env.PYENV_SHELL" value="bash" />
    <property name="ant.project.name" value="ptII" />
    <property name="env.ANSI_RESET" value="\033[0m" />
    <property name="java.vm.specification.version" value="11" />
    <property name="env.TRAVIS_DIST" value="xenial" />
    <property name="env.CERTI_VERSION" value="4.0.0" />
    <property name="env.CERTI_HOST" value="localhost" />
    <property name="awt.toolkit" value="sun.awt.X11.XToolkit" />
    <property name="env.MY_RUBY_HOME" value="/home/travis/.rvm/rubies/ruby-2.5.3" />
    <property name="sun.cpu.isalist" value="" />
    <property name="env.TRAVIS_TMPDIR" value="/tmp/tmp.mnaeXPSQC6" />
    <property name="java.vm.compressedOopsMode" value="Zero based" />
    <property name="os.version" value="4.15.0-1077-gcp" />
    <property name="user.home" value="/home/travis" />
    <property name="java.vm.vendor" value="Oracle Corporation" />
    <property name="env.TRAVIS_TAG" value="nightly" />
    <property name="env.ANSI_YELLOW" value="\033[33;1m" />
    <property name="env.TRAVIS_FILTERED" value="redirect_io" />
    <property name="env.ANSI_GREEN" value="\033[32;1m" />
    <property name="env.JAVA_HOME" value="/usr/local/lib/jvm/openjdk11" />
    <property name="javadoc.excludepackagenames" value="adm.cvs2svn.*,build.*,config.*,doc.coding.templates.*,jni.test.jni.meaningOfLife.*,jni.test.jni.testDeux.*,jni.test.jni.testTrois.*,org.terraswarm.accessor.accessors.web.node_modules.*,org.terraswarm.accessor.accessors.web.hosts.cordova.demo.*,org.terraswarm.accessor.accessors.web.hosts.cordova.plugins.*,org.terraswarm.accessor.accessors-svn.*,pt-modules.*,ptolemy.apps.agilent.*,ptolemy.apps.anytimecontrol.*,ptolemy.apps.apes.*,ptolemy.apps.charon.*,ptolemy.apps.crazyboard.*,ptolemy.apps.eclipse.*,ptolemy.apps.etherealSting.*,ptolemy.apps.fullscreen.*,ptolemy.apps.giotto.*,ptolemy.apps.ia.*,ptolemy.apps.interfaces.*,ptolemy.apps.jmf.*,ptolemy.apps.kurt.*,ptolemy.apps.kvm.*,ptolemy.apps.lego.*,ptolemy.apps.lejos.*,ptolemy.apps.midp.*,ptolemy.apps.mobileCoding.*,ptolemy.apps.pendulum.*,ptolemy.apps.rijndael.*,ptolemy.apps.robot.*,ptolemy.apps.security.*,ptolemy.apps.sobel.*,ptolemy.apps.soot.*,ptolemy.apps.throttle.*,ptolemy.apps.tini.*,ptolemy.apps.transmission.*,ptolemy.apps.vergil.*,ptolemy.apps.waba.*,ptolemy.apps.websensor.*,ptolemy.apps.webstart.*,ptolemy.apps.xsl.*,ptolemy.apps.zaurus.*,ptolemy.codegen.c.actor.lib.oldJavaFiles.*,ptolemy.codegen.dsp.lib.*,ptolemy.codegen.kernel.newInterfaces.*,ptolemy.codegen.lib.*,ptolemy.copernicus.kernel.fragment.*,ptolemy.copernicus.shallow.cg.*,ptolemy.domains.giotto.demo.Hierarchy.Hierarchy.*,ptolemy.domains.giotto.demo.Multimode.Multimode.*,ptolemy.domains.giotto.demo.Simple.Simple.*,ptolemy.domains.gr.lib.experimental.*,ptolemy.domains.gro.*,ptolemy.domains.pdf.*,ptolemy.domains.ptinyos.demo.Surge.output.*,ptolemy.moml.test.NoPackageActor.java*,ptolemy.plot.adm.*,ptolemy.plot.servlet.*,reports.*,signed.*,src.*,target.*,vendors.*,ptolemy.copernicus.applet.*,ptolemy.media.viewer.*,ptolemy.actor.corba.*,doc.doclets.*,ptolemy.apps.eclipse.awt.*,ptolemy.backtrack.*,ptolemy.backtrack.ast.*,ptolemy.cg.adapter.generic.program.procedural.c.mbed*,ptolemy.homer.*,ptolemy.actor.lib.jai.*,org.ptolemy.scala.*,diva.util.java2d.svg.*,ptolemy.domains.ptinyos.*,ptolemy.actor.lib.fmi.fmipp.*,,org.terraswarm.accessor.accessors.web.node_modules.*,org.terraswarm.accessor.accessors-svn,ptolemy.apps.*,ptolemy.actor.ptalon.demo.ptinyos.SendAndReceiveCnt.output,ptolemy.actor.ptalon.demo.ptinyos.SenseToLeds.output,ptolemy.domains.ptinyos.demo.CntToLedsAndRfm.output,ptolemy.domains.ptinyos.demo.RfmToLeds.output,ptolemy.domains.ptinyos.demo.SendAndReceiveCnt.output,ptolemy.domains.ptinyos.demo.SenseToLeds.output,ptolemy.actor.lib.jjs.modules.udpSocket.*" />
    <property name="env.PTII" value="/home/travis/build/icyphy/ptII" />
    <property name="env.XDG_SESSION_ID" value="2" />
    <property name="keystore" value="ptKeystore" />
    <property name="env.TRAVIS_COMMIT_MESSAGE" value="Exclude org/hlacerti/newModels1516e/VariableArrayPTIIJavaFed" />
    <property name="junit.output.dir" value="/home/travis/build/icyphy/ptII/reports/junit" />
    <property name="npm.return.code" value="0" />
    <property name="user.dir" value="/home/travis/build/icyphy/ptII/ptolemy/actor/lib/test" />
    <property name="env.TRAVIS_NODE_VERSION" value="7" />
    <property name="env.TRAVIS_EVENT_TYPE" value="api" />
    <property name="env.MAIL" value="/var/mail/travis" />
    <property name="env.PERLBREW_ROOT" value="/home/travis/perl5/perlbrew" />
    <property name="env.PWD" value="/home/travis/build/icyphy/ptII" />
    <property name="timeout.npm" value="45000" />
    <property name="env.TRAVIS_ARCH" value="amd64" />
    <property name="sun.cpu.endian" value="little" />
    <property name="env.PAGER" value="cat" />
    <property name="env.TRAVIS_BUILD_STAGE_NAME" value="test" />
    <property name="env.PERLBREW_HOME" value="/home/travis/.perlbrew" />
    <property name="java.vm.version" value="11.0.2+9" />
    <property name="env.RAILS_ENV" value="test" />
    <property name="java.class.path" value="/home/travis/.ptolemyII:/home/travis/.ptolemyII/*:/home/travis/build/icyphy/ptII:/home/travis/build/icyphy/ptII/lib/bsh-2.0b4.jar:/home/travis/build/icyphy/ptII/lib/ptCal.jar:/home/travis/build/icyphy/ptII/lib/java_cup.jar:/home/travis/build/icyphy/ptII/lib/saxon8.jar:/home/travis/build/icyphy/ptII/lib/saxon8-dom.jar:/home/travis/build/icyphy/ptII/lib/chic.jar:/home/travis/build/icyphy/ptII/lib/ptcolt.jar:/home/travis/build/icyphy/ptII/vendors/misc/itext/iText.jar:/home/travis/build/icyphy/ptII/lib/g4ltl.jar:/home/travis/build/icyphy/ptII/lib/StructuralCoder.jar:/home/travis/build/icyphy/ptII/lib/jcerti.jar:/home/travis/build/icyphy/ptII/lib/javax.mail.jar:/home/travis/build/icyphy/ptII/vendors/JMF-2.1.1e/lib/jmf.jar:/home/travis/build/icyphy/ptII/lib/jna-4.0.0-variadic.jar:/home/travis/build/icyphy/ptII/vendors/misc/joystick/Joystick.jar:/home/travis/build/icyphy/ptII/lib/ptjacl.jar:/home/travis/build/icyphy/ptII/lib/jsoup-1.8.2.jar:/home/travis/build/icyphy/ptII/lib/junit-4.8.2.jar:/home/travis/build/icyphy/ptII/lib/JUnitParams-0.4.0.jar:/home/travis/build/icyphy/ptII/ptolemy/actor/lib/excel/jxl.jar:/home/travis/build/icyphy/ptII/lib/jython.jar:/home/travis/build/icyphy/ptII/lib/kieler.jar:/home/travis/build/icyphy/ptII/vendors/opencv/share/OpenCV/java/opencv-341.jar:/home/travis/build/icyphy/ptII/lib/oscP5.jar:/home/travis/build/icyphy/ptII/lib/nrjavaserial-3.11.0.devel.jar:/home/travis/build/icyphy/ptII/vendors/j3d/lib/Linux/j3dcore.jar:/home/travis/build/icyphy/ptII/vendors/j3d/lib/Linux/j3dutils.jar:/home/travis/build/icyphy/ptII/vendors/j3d/lib/Linux/vecmath.jar:/home/travis/build/icyphy/ptII/vendors/jogl/lib/Linux/gluegen-rt-natives-linux-amd64.jar:/home/travis/build/icyphy/ptII/vendors/jogl/lib/Linux/gluegen-rt.jar:/home/travis/build/icyphy/ptII/vendors/jogl/lib/Linux/jogl-all-natives-linux-amd64.jar:/home/travis/build/icyphy/ptII/vendors/jogl/lib/Linux/jogl-all.jar:/home/travis/build/icyphy/ptII/ptolemy/distributed/jini/jar/jini-core.jar:/home/travis/build/icyphy/ptII/ptolemy/distributed/jini/jar/jini-ext.jar:/home/travis/build/icyphy/ptII/ptolemy/distributed/jini/jar/sun-util.jar:/home/travis/build/icyphy/ptII/lib/protobuf-java-2.4.1.jar:/home/travis/build/icyphy/ptII/lib/org.eclipse.paho.client.mqttv3.jar:/home/travis/build/icyphy/ptII/lib/mapss.jar:/home/travis/build/icyphy/ptII/ptolemy/actor/ptalon/antlr/antlr.jar:/home/travis/build/icyphy/ptII/lib/JRI.jar:/home/travis/build/icyphy/ptII/lib/commons-lang-2.6.jar:/home/travis/build/icyphy/ptII/lib/commons-logging-1.1.1.jar:/home/travis/build/icyphy/ptII/lib/sootclasses.jar:/home/travis/build/icyphy/ptII/ptolemy/actor/lib/database/mysql-connector-java-5.1.6-bin.jar:/home/travis/build/icyphy/ptII/vendors/misc/sphinx4/sphinx4-data-5prealpha.jar:/home/travis/build/icyphy/ptII/vendors/misc/sphinx4/sphinx4-core-5prealpha.jar:/home/travis/build/icyphy/ptII/lib/PDFRenderer.jar:/home/travis/build/icyphy/ptII/lib/svgSalamander.jar:/home/travis/build/icyphy/ptII/lib/rsyntaxtextarea-2.6.0-SNAPSHOT.jar:/home/travis/build/icyphy/ptII/lib/hazelcast-3.8.2.jar:/home/travis/build/icyphy/ptII/lib/jackson-annotations-2.9.0.jar:/home/travis/build/icyphy/ptII/lib/jackson-core-2.9.3.jar:/home/travis/build/icyphy/ptII/lib/jackson-databind-2.9.3.jar:/home/travis/build/icyphy/ptII/lib/netty-buffer-4.1.19.Final.jar:/home/travis/build/icyphy/ptII/lib/netty-codec-4.1.19.Final.jar:/home/travis/build/icyphy/ptII/lib/netty-codec-dns-4.1.19.Final.jar:/home/travis/build/icyphy/ptII/lib/netty-codec-http-4.1.19.Final.jar:/home/travis/build/icyphy/ptII/lib/netty-codec-http2-4.1.19.Final.jar:/home/travis/build/icyphy/ptII/lib/netty-common-4.1.19.Final.jar:/home/travis/build/icyphy/ptII/lib/netty-handler-4.1.19.Final.jar:/home/travis/build/icyphy/ptII/lib/netty-resolver-4.1.19.Final.jar:/home/travis/build/icyphy/ptII/lib/netty-resolver-dns-4.1.19.Final.jar:/home/travis/build/icyphy/ptII/lib/netty-transport-4.1.19.Final.jar:/home/travis/build/icyphy/ptII/lib/vertx-codegen-3.5.1.jar:/home/travis/build/icyphy/ptII/lib/vertx-core-3.5.2-SNAPSHOT.jar:/home/travis/build/icyphy/ptII/lib/vertx-hazelcast-3.5.1.jar:/home/travis/build/icyphy/ptII/lib/vertx-lang-js-3.5.1.jar:/home/travis/build/icyphy/ptII/lib/vertx-service-proxy-3.5.1.jar:/home/travis/build/icyphy/ptII/lib/vertx-web-3.5.1.jar:/home/travis/build/icyphy/ptII/lib/slf4j-api-1.7.13.jar:/home/travis/build/icyphy/ptII/lib/slf4j-simple-1.7.13.jar:/home/travis/build/icyphy/ptII/lib/webcam-capture-0.3.12.jar:/home/travis/build/icyphy/ptII/lib/bridj-0.7.0.jar:/home/travis/build/icyphy/ptII/lib/xbjlib-1.1.0.nrjavaserial.jar:/home/travis/build/icyphy/ptII/ptolemy/moml/test:/home/travis/build/icyphy/ptII/ant/lib/ant-launcher.jar:/home/travis/build/icyphy/ptII/ant/lib/ant.jar:/home/travis/build/icyphy/ptII/ant/lib/ant-junit.jar:/home/travis/build/icyphy/ptII/ant/lib/ant-junit4.jar" />
    <property name="ant.library.dir" value="/home/travis/build/icyphy/ptII/ant/lib" />
    <property name="os.arch" value="amd64" />
    <property name="env.CONTINUOUS_INTEGRATION" value="true" />
    <property name="env.TRAVIS_LANGUAGE" value="node_js" />
    <property name="env.TRAVIS_STACK_LANGUAGES" value="__sardonyx__ c c++ clojure cplusplus cpp default generic go groovy java node_js php pure_java python ruby scala" />
    <property name="test.name" value="ptolemy.actor.lib.test.junit.JUnitTclTest" />
    <property name="env.APT_KEY_DONT_WARN_ON_DANGEROUS_USAGE" value="1" />
    <property name="sun.java.launcher" value="SUN_STANDARD" />
    <property name="env.PYTHON_CONFIGURE_OPTS" value="--enable-unicode=ucs4 --with-wide-unicode --enable-shared --enable-ipv6 --enable-loadable-sqlite-extensions --with-computed-gotos" />
    <property name="ant.core.lib" value="/home/travis/build/icyphy/ptII/ant/lib/ant.jar" />
    <property name="java.vm.specification.vendor" value="Oracle Corporation" />
    <property name="env.BCVTB_HOME" value="/home/travis/build/icyphy/ptII/lbnl" />
    <property name="file.separator" value="/" />
    <property name="spotbugs.home" value="/home/travis/build/icyphy/ptII/vendors/spotbugs-3.1.1" />
    <property name="java.runtime.version" value="11.0.2+9" />
    <property name="env.ANSI_CLEAR" value="\033[0K" />
    <property name="javafx.verbose" value="true" />
    <property name="env.HAS_JOSH_K_SEAL_OF_APPROVAL" value="true" />
    <property name="env.XDG_RUNTIME_DIR" value="/run/user/2000" />
    <property name="env.TRAVIS_OSX_IMAGE" value="" />
    <property name="env.TRAVIS_JOB_ID" value="393948885" />
    <property name="env.TRAVIS_BRANCH" value="master" />
    <property name="user.country" value="US" />
    <property name="env.CERTI_HOME_TRAVIS" value="/home/travis/pthla/certi-tools" />
    <property name="env.SHELL" value="/bin/bash" />
    <property name="java.maxmemory.large" value="3200m" />
    <property name="model" value="" />
    <property name="env.CASHER_DIR" value="/home/travis/.casher" />
    <property name="env.NVM_CD_FLAGS" value="" />
    <property name="java.vendor.version" value="18.9" />
    <property name="jshint.executable" value="/home/travis/node_modules/jshint/bin/jshint" />
    <property name="env.JRUBY_OPTS" value=" --client -J-XX:+TieredCompilation -J-XX:TieredStopAtLevel=1 -J-Xss2m -Xcompile.invokedynamic=false" />
    <property name="java.vendor" value="Oracle Corporation" />
    <property name="env.TRAVIS_PRE_CHEF_BOOTSTRAP_TIME" value="2020-06-24T13:13:03" />
    <property name="env.TRAVIS_STACK_JOB_BOARD_REGISTER" value="/.job-board-register.yml" />
    <property name="env.ANSI_RED" value="\033[31;1m" />
    <property name="java.specification.version" value="11" />
    <property name="env.IRBRC" value="/home/travis/.rvm/rubies/ruby-2.5.3/.irbrc" />
    <property name="env.TRAVIS" value="true" />
    <property name="sun.arch.data.model" value="64" />
  </properties>
  <testcase classname="ptolemy.util.test.junit.TclTests" name="[0] /home/travis/build/icyphy/ptII/ptolemy/actor/lib/test/AbsoluteValue.tcl (RunTclFile)" time="0.591" />
  <testcase classname="ptolemy.util.test.junit.TclTests" name="[1] /home/travis/build/icyphy/ptII/ptolemy/actor/lib/test/AddSubtract.tcl (RunTclFile)" time="0.218" />
  <testcase classname="ptolemy.util.test.junit.TclTests" name="[2] /home/travis/build/icyphy/ptII/ptolemy/actor/lib/test/Average.tcl (RunTclFile)" time="0.079" />
  <testcase classname="ptolemy.util.test.junit.TclTests" name="[3] /home/travis/build/icyphy/ptII/ptolemy/actor/lib/test/Bernoulli.tcl (RunTclFile)" time="0.04" />
  <testcase classname="ptolemy.util.test.junit.TclTests" name="[4] /home/travis/build/icyphy/ptII/ptolemy/actor/lib/test/Clock.tcl (RunTclFile)" time="0.071" />
  <testcase classname="ptolemy.util.test.junit.TclTests" name="[5] /home/travis/build/icyphy/ptII/ptolemy/actor/lib/test/Commutator.tcl (RunTclFile)" time="0.185" />
  <testcase classname="ptolemy.util.test.junit.TclTests" name="[6] /home/travis/build/icyphy/ptII/ptolemy/actor/lib/test/Const.tcl (RunTclFile)" time="0.108" />
  <testcase classname="ptolemy.util.test.junit.TclTests" name="[7] /home/travis/build/icyphy/ptII/ptolemy/actor/lib/test/CurrentTime.tcl (RunTclFile)" time="0.045" />
  <testcase classname="ptolemy.util.test.junit.TclTests" name="[8] /home/travis/build/icyphy/ptII/ptolemy/actor/lib/test/DB.tcl (RunTclFile)" time="0.035" />
  <testcase classname="ptolemy.util.test.junit.TclTests" name="[9] /home/travis/build/icyphy/ptII/ptolemy/actor/lib/test/DiscreteRandomSource.tcl (RunTclFile)" time="0.03" />
  <testcase classname="ptolemy.util.test.junit.TclTests" name="[10] /home/travis/build/icyphy/ptII/ptolemy/actor/lib/test/Distributor.tcl (RunTclFile)" time="0.088" />
  <testcase classname="ptolemy.util.test.junit.TclTests" name="[11] /home/travis/build/icyphy/ptII/ptolemy/actor/lib/test/Exit.tcl (RunTclFile)" time="0.115" />
  <testcase classname="ptolemy.util.test.junit.TclTests" name="[12] /home/travis/build/icyphy/ptII/ptolemy/actor/lib/test/Expression.tcl (RunTclFile)" time="0.104" />
  <testcase classname="ptolemy.util.test.junit.TclTests" name="[13] /home/travis/build/icyphy/ptII/ptolemy/actor/lib/test/Gaussian.tcl (RunTclFile)" time="0.132" />
  <testcase classname="ptolemy.util.test.junit.TclTests" name="[14] /home/travis/build/icyphy/ptII/ptolemy/actor/lib/test/IIR.tcl (RunTclFile)" time="0.033" />
  <testcase classname="ptolemy.util.test.junit.TclTests" name="[15] /home/travis/build/icyphy/ptII/ptolemy/actor/lib/test/Interpolator.tcl (RunTclFile)" time="0.099" />
  <testcase classname="ptolemy.util.test.junit.TclTests" name="[16] /home/travis/build/icyphy/ptII/ptolemy/actor/lib/test/MathFunction.tcl (RunTclFile)" time="0.045" />
  <testcase classname="ptolemy.util.test.junit.TclTests" name="[17] /home/travis/build/icyphy/ptII/ptolemy/actor/lib/test/Maximum.tcl (RunTclFile)" time="0.033" />
  <testcase classname="ptolemy.util.test.junit.TclTests" name="[18] /home/travis/build/icyphy/ptII/ptolemy/actor/lib/test/Minimum.tcl (RunTclFile)" time="0.021" />
  <testcase classname="ptolemy.util.test.junit.TclTests" name="[19] /home/travis/build/icyphy/ptII/ptolemy/actor/lib/test/MultiplyDivide.tcl (RunTclFile)" time="0.024" />
  <testcase classname="ptolemy.util.test.junit.TclTests" name="[20] /home/travis/build/icyphy/ptII/ptolemy/actor/lib/test/OrderedMerge.tcl (RunTclFile)" time="0.107" />
  <testcase classname="ptolemy.util.test.junit.TclTests" name="[21] /home/travis/build/icyphy/ptII/ptolemy/actor/lib/test/Publisher.tcl (RunTclFile)" time="0.843" />
  <testcase classname="ptolemy.util.test.junit.TclTests" name="[22] /home/travis/build/icyphy/ptII/ptolemy/actor/lib/test/Pulse.tcl (RunTclFile)" time="0.069" />
  <testcase classname="ptolemy.util.test.junit.TclTests" name="[23] /home/travis/build/icyphy/ptII/ptolemy/actor/lib/test/Ramp.tcl (RunTclFile)" time="2.312" />
  <testcase classname="ptolemy.util.test.junit.TclTests" name="[24] /home/travis/build/icyphy/ptII/ptolemy/actor/lib/test/RampContinuous.tcl (RunTclFile)" time="0.021" />
  <testcase classname="ptolemy.util.test.junit.TclTests" name="[25] /home/travis/build/icyphy/ptII/ptolemy/actor/lib/test/RecordAssembler.tcl (RunTclFile)" time="0.018" />
  <testcase classname="ptolemy.util.test.junit.TclTests" name="[26] /home/travis/build/icyphy/ptII/ptolemy/actor/lib/test/RecordDisassembler.tcl (RunTclFile)" time="0.036" />
  <testcase classname="ptolemy.util.test.junit.TclTests" name="[27] /home/travis/build/icyphy/ptII/ptolemy/actor/lib/test/Scale.tcl (RunTclFile)" time="0.024" />
  <testcase classname="ptolemy.util.test.junit.TclTests" name="[28] /home/travis/build/icyphy/ptII/ptolemy/actor/lib/test/SequentialClock.tcl (RunTclFile)" time="0.015" />
  <testcase classname="ptolemy.util.test.junit.TclTests" name="[29] /home/travis/build/icyphy/ptII/ptolemy/actor/lib/test/SetVariable.tcl (RunTclFile)" time="0.01" />
  <testcase classname="ptolemy.util.test.junit.TclTests" name="[30] /home/travis/build/icyphy/ptII/ptolemy/actor/lib/test/Sinewave.tcl (RunTclFile)" time="0.065" />
  <testcase classname="ptolemy.util.test.junit.TclTests" name="[31] /home/travis/build/icyphy/ptII/ptolemy/actor/lib/test/SubscriptionAggregator.tcl (RunTclFile)" time="2.21" />
  <testcase classname="ptolemy.util.test.junit.TclTests" name="[32] /home/travis/build/icyphy/ptII/ptolemy/actor/lib/test/Test.tcl (RunTclFile)" time="0.104" />
  <testcase classname="ptolemy.util.test.junit.TclTests" name="[33] /home/travis/build/icyphy/ptII/ptolemy/actor/lib/test/TestExceptionHandler.tcl (RunTclFile)" time="0.014" />
  <testcase classname="ptolemy.util.test.junit.TclTests" name="[34] /home/travis/build/icyphy/ptII/ptolemy/actor/lib/test/UnionDisassembler.tcl (RunTclFile)" time="0.072" />
  <testcase classname="ptolemy.util.test.junit.TclTests" name="[35] /home/travis/build/icyphy/ptII/ptolemy/actor/lib/test/VariableClock.tcl (RunTclFile)" time="0.033" />
  <testcase classname="ptolemy.util.test.junit.AutoKnownFailedTests" name="[0] /home/travis/build/icyphy/ptII/ptolemy/actor/lib/test/auto/knownFailedTests/PublisherPortToplevelSubscriber.xml (RunModel)" time="0.035" />
  <testcase classname="ptolemy.util.test.junit.AutoKnownFailedTests" name="[1] /home/travis/build/icyphy/ptII/ptolemy/actor/lib/test/auto/knownFailedTests/PublisherSubscriberPortToplevel.xml (RunModel)" time="0.02" />
  <testcase classname="ptolemy.util.test.junit.AutoKnownFailedTests" name="[2] /home/travis/build/icyphy/ptII/ptolemy/actor/lib/test/auto/knownFailedTests/PublisherSubscriptionAggregatorPort.xml (RunModel)" time="0.023" />
  <testcase classname="ptolemy.util.test.junit.AutoKnownFailedTests" name="[3] /home/travis/build/icyphy/ptII/ptolemy/actor/lib/test/auto/knownFailedTests/sizedarray3.xml (RunModel)" time="0.024" />
  <testcase classname="ptolemy.util.test.junit.AutoNameArchTests" name="[0] ThereAreNoAutoArchTests (RunModel)" time="0.004" />
  <testcase classname="ptolemy.util.test.junit.AutoTests" name="[0] /home/travis/build/icyphy/ptII/ptolemy/actor/lib/test/auto/AbsoluteValue.xml (RunModel)" time="0.112" />
  <testcase classname="ptolemy.util.test.junit.AutoTests" name="[1] /home/travis/build/icyphy/ptII/ptolemy/actor/lib/test/auto/AbsoluteValue2.xml (RunModel)" time="0.033" />
  <testcase classname="ptolemy.util.test.junit.AutoTests" name="[2] /home/travis/build/icyphy/ptII/ptolemy/actor/lib/test/auto/Accumulator.xml (RunModel)" time="0.038" />
  <testcase classname="ptolemy.util.test.junit.AutoTests" name="[3] /home/travis/build/icyphy/ptII/ptolemy/actor/lib/test/auto/Accumulator2.xml (RunModel)" time="0.058" />
  <testcase classname="ptolemy.util.test.junit.AutoTests" name="[4] /home/travis/build/icyphy/ptII/ptolemy/actor/lib/test/auto/Accumulator3.xml (RunModel)" time="0.041" />
  <testcase classname="ptolemy.util.test.junit.AutoTests" name="[5] /home/travis/build/icyphy/ptII/ptolemy/actor/lib/test/auto/ArrayAppend.xml (RunModel)" time="0.031" />
  <testcase classname="ptolemy.util.test.junit.AutoTests" name="[6] /home/travis/build/icyphy/ptII/ptolemy/actor/lib/test/auto/ArrayAppend2.xml (RunModel)" time="0.42" />
  <testcase classname="ptolemy.util.test.junit.AutoTests" name="[7] /home/travis/build/icyphy/ptII/ptolemy/actor/lib/test/auto/ArrayAppend3.xml (RunModel)" time="0.037" />
  <testcase classname="ptolemy.util.test.junit.AutoTests" name="[8] /home/travis/build/icyphy/ptII/ptolemy/actor/lib/test/auto/ArrayAppend4.xml (RunModel)" time="0.04" />
  <testcase classname="ptolemy.util.test.junit.AutoTests" name="[9] /home/travis/build/icyphy/ptII/ptolemy/actor/lib/test/auto/ArrayAppend5.xml (RunModel)" time="0.016" />
  <testcase classname="ptolemy.util.test.junit.AutoTests" name="[10] /home/travis/build/icyphy/ptII/ptolemy/actor/lib/test/auto/ArrayAppend6.xml (RunModel)" time="0.017" />
  <testcase classname="ptolemy.util.test.junit.AutoTests" name="[11] /home/travis/build/icyphy/ptII/ptolemy/actor/lib/test/auto/ArrayAppendPerformanceTest.xml (RunModel)" time="0.072" />
  <testcase classname="ptolemy.util.test.junit.AutoTests" name="[12] /home/travis/build/icyphy/ptII/ptolemy/actor/lib/test/auto/ArrayAppendWithEmptyInput.xml (RunModel)" time="0.063" />
  <testcase classname="ptolemy.util.test.junit.AutoTests" name="[13] /home/travis/build/icyphy/ptII/ptolemy/actor/lib/test/auto/ArrayAverage.xml (RunModel)" time="0.047" />
  <testcase classname="ptolemy.util.test.junit.AutoTests" name="[14] /home/travis/build/icyphy/ptII/ptolemy/actor/lib/test/auto/ArrayContains.xml (RunModel)" time="0.03" />
  <testcase classname="ptolemy.util.test.junit.AutoTests" name="[15] /home/travis/build/icyphy/ptII/ptolemy/actor/lib/test/auto/ArrayElement.xml (RunModel)" time="0.019" />
  <testcase classname="ptolemy.util.test.junit.AutoTests" name="[16] /home/travis/build/icyphy/ptII/ptolemy/actor/lib/test/auto/ArrayElementAsMatrix.xml (RunModel)" time="0.036" />
  <testcase classname="ptolemy.util.test.junit.AutoTests" name="[17] /home/travis/build/icyphy/ptII/ptolemy/actor/lib/test/auto/ArrayElementI.xml (RunModel)" time="0.014" />
  <testcase classname="ptolemy.util.test.junit.AutoTests" name="[18] /home/travis/build/icyphy/ptII/ptolemy/actor/lib/test/auto/ArrayExtract.xml (RunModel)" time="0.021" />
  <testcase classname="ptolemy.util.test.junit.AutoTests" name="[19] /home/travis/build/icyphy/ptII/ptolemy/actor/lib/test/auto/ArrayExtract2.xml (RunModel)" time="0.019" />
  <testcase classname="ptolemy.util.test.junit.AutoTests" name="[20] /home/travis/build/icyphy/ptII/ptolemy/actor/lib/test/auto/ArrayLength.xml (RunModel)" time="0.025" />
  <testcase classname="ptolemy.util.test.junit.AutoTests" name="[21] /home/travis/build/icyphy/ptII/ptolemy/actor/lib/test/auto/ArrayLevelCrossing.xml (RunModel)" time="0.025" />
  <testcase classname="ptolemy.util.test.junit.AutoTests" name="[22] /home/travis/build/icyphy/ptII/ptolemy/actor/lib/test/auto/ArrayLevelCrossing2.xml (RunModel)" time="0.023" />
  <testcase classname="ptolemy.util.test.junit.AutoTests" name="[23] /home/travis/build/icyphy/ptII/ptolemy/actor/lib/test/auto/ArrayPeakSearch.xml (RunModel)" time="0.036" />
  <testcase classname="ptolemy.util.test.junit.AutoTests" name="[24] /home/travis/build/icyphy/ptII/ptolemy/actor/lib/test/auto/ArrayPeakSearch2.xml (RunModel)" time="0.045" />
  <testcase classname="ptolemy.util.test.junit.AutoTests" name="[25] /home/travis/build/icyphy/ptII/ptolemy/actor/lib/test/auto/ArrayPeakSearch3.xml (RunModel)" time="0.036" />
  <testcase classname="ptolemy.util.test.junit.AutoTests" name="[26] /home/travis/build/icyphy/ptII/ptolemy/actor/lib/test/auto/ArrayRemoveElement.xml (RunModel)" time="0.03" />
  <testcase classname="ptolemy.util.test.junit.AutoTests" name="[27] /home/travis/build/icyphy/ptII/ptolemy/actor/lib/test/auto/ArraySort.xml (RunModel)" time="0.034" />
  <testcase classname="ptolemy.util.test.junit.AutoTests" name="[28] /home/travis/build/icyphy/ptII/ptolemy/actor/lib/test/auto/ArraySum.xml (RunModel)" time="0.041" />
  <testcase classname="ptolemy.util.test.junit.AutoTests" name="[29] /home/travis/build/icyphy/ptII/ptolemy/actor/lib/test/auto/ArrayToElements.xml (RunModel)" time="0.031" />
  <testcase classname="ptolemy.util.test.junit.AutoTests" name="[30] /home/travis/build/icyphy/ptII/ptolemy/actor/lib/test/auto/ArrayToMatrix.xml (RunModel)" time="0.061" />
  <testcase classname="ptolemy.util.test.junit.AutoTests" name="[31] /home/travis/build/icyphy/ptII/ptolemy/actor/lib/test/auto/ArrayUpdate1.xml (RunModel)" time="0.025" />
  <testcase classname="ptolemy.util.test.junit.AutoTests" name="[32] /home/travis/build/icyphy/ptII/ptolemy/actor/lib/test/auto/ArrayUpdate2.xml (RunModel)" time="0.015" />
  <testcase classname="ptolemy.util.test.junit.AutoTests" name="[33] /home/travis/build/icyphy/ptII/ptolemy/actor/lib/test/auto/ArrayUpdate3.xml (RunModel)" time="0.018" />
  <testcase classname="ptolemy.util.test.junit.AutoTests" name="[34] /home/travis/build/icyphy/ptII/ptolemy/actor/lib/test/auto/Assert1.xml (RunModel)" time="0.018" />
  <testcase classname="ptolemy.util.test.junit.AutoTests" name="[35] /home/travis/build/icyphy/ptII/ptolemy/actor/lib/test/auto/Assert2.xml (RunModel)" time="0.011" />
  <testcase classname="ptolemy.util.test.junit.AutoTests" name="[36] /home/travis/build/icyphy/ptII/ptolemy/actor/lib/test/auto/BooleanMultiplexor.xml (RunModel)" time="0.02" />
  <testcase classname="ptolemy.util.test.junit.AutoTests" name="[37] /home/travis/build/icyphy/ptII/ptolemy/actor/lib/test/auto/BooleanMultiplexor2.xml (RunModel)" time="0.028" />
  <testcase classname="ptolemy.util.test.junit.AutoTests" name="[38] /home/travis/build/icyphy/ptII/ptolemy/actor/lib/test/auto/BooleanMultiplexor3.xml (RunModel)" time="0.024" />
  <testcase classname="ptolemy.util.test.junit.AutoTests" name="[39] /home/travis/build/icyphy/ptII/ptolemy/actor/lib/test/auto/BooleanSelect.xml (RunModel)" time="0.025" />
  <testcase classname="ptolemy.util.test.junit.AutoTests" name="[40] /home/travis/build/icyphy/ptII/ptolemy/actor/lib/test/auto/BooleanSelect2.xml (RunModel)" time="0.017" />
  <testcase classname="ptolemy.util.test.junit.AutoTests" name="[41] /home/travis/build/icyphy/ptII/ptolemy/actor/lib/test/auto/BooleanSwitch.xml (RunModel)" time="0.018" />
  <testcase classname="ptolemy.util.test.junit.AutoTests" name="[42] /home/travis/build/icyphy/ptII/ptolemy/actor/lib/test/auto/BooleanSwitch2.xml (RunModel)" time="0.014" />
  <testcase classname="ptolemy.util.test.junit.AutoTests" name="[43] /home/travis/build/icyphy/ptII/ptolemy/actor/lib/test/auto/BooleanSwitchCloningBugWithClassRelationGroup.xml (RunModel)" time="0.058" />
  <testcase classname="ptolemy.util.test.junit.AutoTests" name="[44] /home/travis/build/icyphy/ptII/ptolemy/actor/lib/test/auto/BusActors.xml (RunModel)" time="0.033" />
  <testcase classname="ptolemy.util.test.junit.AutoTests" name="[45] /home/travis/build/icyphy/ptII/ptolemy/actor/lib/test/auto/ClassWrapper.xml (RunModel)" time="0.02" />
  <testcase classname="ptolemy.util.test.junit.AutoTests" name="[46] /home/travis/build/icyphy/ptII/ptolemy/actor/lib/test/auto/Clock.xml (RunModel)" time="0.012" />
  <testcase classname="ptolemy.util.test.junit.AutoTests" name="[47] /home/travis/build/icyphy/ptII/ptolemy/actor/lib/test/auto/Clock10.xml (RunModel)" time="0.017" />
  <testcase classname="ptolemy.util.test.junit.AutoTests" name="[48] /home/travis/build/icyphy/ptII/ptolemy/actor/lib/test/auto/Clock11.xml (RunModel)" time="0.018" />
  <testcase classname="ptolemy.util.test.junit.AutoTests" name="[49] /home/travis/build/icyphy/ptII/ptolemy/actor/lib/test/auto/Clock12.xml (RunModel)" time="0.027" />
  <testcase classname="ptolemy.util.test.junit.AutoTests" name="[50] /home/travis/build/icyphy/ptII/ptolemy/actor/lib/test/auto/Clock13.xml (RunModel)" time="0.016" />
  <testcase classname="ptolemy.util.test.junit.AutoTests" name="[51] /home/travis/build/icyphy/ptII/ptolemy/actor/lib/test/auto/Clock14.xml (RunModel)" time="0.016" />
  <testcase classname="ptolemy.util.test.junit.AutoTests" name="[52] /home/travis/build/icyphy/ptII/ptolemy/actor/lib/test/auto/Clock15.xml (RunModel)" time="0.015" />
  <testcase classname="ptolemy.util.test.junit.AutoTests" name="[53] /home/travis/build/icyphy/ptII/ptolemy/actor/lib/test/auto/Clock16.xml (RunModel)" time="0.106" />
  <testcase classname="ptolemy.util.test.junit.AutoTests" name="[54] /home/travis/build/icyphy/ptII/ptolemy/actor/lib/test/auto/Clock17.xml (RunModel)" time="0.061" />
  <testcase classname="ptolemy.util.test.junit.AutoTests" name="[55] /home/travis/build/icyphy/ptII/ptolemy/actor/lib/test/auto/Clock18.xml (RunModel)" time="0.059" />
  <testcase classname="ptolemy.util.test.junit.AutoTests" name="[56] /home/travis/build/icyphy/ptII/ptolemy/actor/lib/test/auto/Clock19.xml (RunModel)" time="0.04" />
  <testcase classname="ptolemy.util.test.junit.AutoTests" name="[57] /home/travis/build/icyphy/ptII/ptolemy/actor/lib/test/auto/Clock2.xml (RunModel)" time="0.016" />
  <testcase classname="ptolemy.util.test.junit.AutoTests" name="[58] /home/travis/build/icyphy/ptII/ptolemy/actor/lib/test/auto/Clock20.xml (RunModel)" time="0.019" />
  <testcase classname="ptolemy.util.test.junit.AutoTests" name="[59] /home/travis/build/icyphy/ptII/ptolemy/actor/lib/test/auto/Clock21.xml (RunModel)" time="0.014" />
  <testcase classname="ptolemy.util.test.junit.AutoTests" name="[60] /home/travis/build/icyphy/ptII/ptolemy/actor/lib/test/auto/Clock22.xml (RunModel)" time="0.012" />
  <testcase classname="ptolemy.util.test.junit.AutoTests" name="[61] /home/travis/build/icyphy/ptII/ptolemy/actor/lib/test/auto/Clock23.xml (RunModel)" time="0.017" />
  <testcase classname="ptolemy.util.test.junit.AutoTests" name="[62] /home/travis/build/icyphy/ptII/ptolemy/actor/lib/test/auto/Clock24.xml (RunModel)" time="0.013" />
  <testcase classname="ptolemy.util.test.junit.AutoTests" name="[63] /home/travis/build/icyphy/ptII/ptolemy/actor/lib/test/auto/Clock4.xml (RunModel)" time="0.015" />
  <testcase classname="ptolemy.util.test.junit.AutoTests" name="[64] /home/travis/build/icyphy/ptII/ptolemy/actor/lib/test/auto/Clock5.xml (RunModel)" time="0.015" />
  <testcase classname="ptolemy.util.test.junit.AutoTests" name="[65] /home/travis/build/icyphy/ptII/ptolemy/actor/lib/test/auto/Clock6.xml (RunModel)" time="0.01" />
  <testcase classname="ptolemy.util.test.junit.AutoTests" name="[66] /home/travis/build/icyphy/ptII/ptolemy/actor/lib/test/auto/Clock7.xml (RunModel)" time="0.015" />
  <testcase classname="ptolemy.util.test.junit.AutoTests" name="[67] /home/travis/build/icyphy/ptII/ptolemy/actor/lib/test/auto/Clock8.xml (RunModel)" time="0.013" />
  <testcase classname="ptolemy.util.test.junit.AutoTests" name="[68] /home/travis/build/icyphy/ptII/ptolemy/actor/lib/test/auto/Clock9.xml (RunModel)" time="0.019" />
  <testcase classname="ptolemy.util.test.junit.AutoTests" name="[69] /home/travis/build/icyphy/ptII/ptolemy/actor/lib/test/auto/CommDistDiscard.xml (RunModel)" time="0.026" />
  <testcase classname="ptolemy.util.test.junit.AutoTests" name="[70] /home/travis/build/icyphy/ptII/ptolemy/actor/lib/test/auto/Commutator.xml (RunModel)" time="0.013" />
  <testcase classname="ptolemy.util.test.junit.AutoTests" name="[71] /home/travis/build/icyphy/ptII/ptolemy/actor/lib/test/auto/Commutator2.xml (RunModel)" time="0.009" />
  <testcase classname="ptolemy.util.test.junit.AutoTests" name="[72] /home/travis/build/icyphy/ptII/ptolemy/actor/lib/test/auto/Commutator3.xml (RunModel)" time="0.012" />
  <testcase classname="ptolemy.util.test.junit.AutoTests" name="[73] /home/travis/build/icyphy/ptII/ptolemy/actor/lib/test/auto/Compare.xml (RunModel)" time="0.019" />
  <testcase classname="ptolemy.util.test.junit.AutoTests" name="[74] /home/travis/build/icyphy/ptII/ptolemy/actor/lib/test/auto/CompareDE.xml (RunModel)" time="0.017" />
  <testcase classname="ptolemy.util.test.junit.AutoTests" name="[75] /home/travis/build/icyphy/ptII/ptolemy/actor/lib/test/auto/ComplexDivide.xml (RunModel)" time="0.011" />
  <testcase classname="ptolemy.util.test.junit.AutoTests" name="[76] /home/travis/build/icyphy/ptII/ptolemy/actor/lib/test/auto/ComputeHistogram.xml (RunModel)" time="0.064" />
  <testcase classname="ptolemy.util.test.junit.AutoTests" name="[77] /home/travis/build/icyphy/ptII/ptolemy/actor/lib/test/auto/ConfigurationSelect.xml (RunModel)" time="0.021" />
  <testcase classname="ptolemy.util.test.junit.AutoTests" name="[78] /home/travis/build/icyphy/ptII/ptolemy/actor/lib/test/auto/ConfigurationSelect2.xml (RunModel)" time="0.015" />
  <testcase classname="ptolemy.util.test.junit.AutoTests" name="[79] /home/travis/build/icyphy/ptII/ptolemy/actor/lib/test/auto/ConfigurationSwitch.xml (RunModel)" time="0.029" />
  <testcase classname="ptolemy.util.test.junit.AutoTests" name="[80] /home/travis/build/icyphy/ptII/ptolemy/actor/lib/test/auto/ConfigurationSwitch2.xml (RunModel)" time="0.025" />
  <testcase classname="ptolemy.util.test.junit.AutoTests" name="[81] /home/travis/build/icyphy/ptII/ptolemy/actor/lib/test/auto/ConfigurationSwitchCloningBugWithClassRelationGroup.xml (RunModel)" time="0.02" />
  <testcase classname="ptolemy.util.test.junit.AutoTests" name="[82] /home/travis/build/icyphy/ptII/ptolemy/actor/lib/test/auto/ConfigurationSwitchSelectSDF.xml (RunModel)" time="0.021" />
  <testcase classname="ptolemy.util.test.junit.AutoTests" name="[83] /home/travis/build/icyphy/ptII/ptolemy/actor/lib/test/auto/ConfigurationSwitchSelectSDF2.xml (RunModel)" time="0.012" />
  <testcase classname="ptolemy.util.test.junit.AutoTests" name="[84] /home/travis/build/icyphy/ptII/ptolemy/actor/lib/test/auto/Const.xml (RunModel)" time="0.007" />
  <testcase classname="ptolemy.util.test.junit.AutoTests" name="[85] /home/travis/build/icyphy/ptII/ptolemy/actor/lib/test/auto/Const2.xml (RunModel)" time="0.01" />
  <testcase classname="ptolemy.util.test.junit.AutoTests" name="[86] /home/travis/build/icyphy/ptII/ptolemy/actor/lib/test/auto/Const3.xml (RunModel)" time="0.007" />
  <testcase classname="ptolemy.util.test.junit.AutoTests" name="[87] /home/travis/build/icyphy/ptII/ptolemy/actor/lib/test/auto/ConstantPublisherPort1.xml (RunModel)" time="0.025" />
  <testcase classname="ptolemy.util.test.junit.AutoTests" name="[88] /home/travis/build/icyphy/ptII/ptolemy/actor/lib/test/auto/ConstantPublisherPort2.xml (RunModel)" time="0.024" />
  <testcase classname="ptolemy.util.test.junit.AutoTests" name="[89] /home/travis/build/icyphy/ptII/ptolemy/actor/lib/test/auto/ConstantPublisherPort3.xml (RunModel)" time="0.026" />
  <testcase classname="ptolemy.util.test.junit.AutoTests" name="[90] /home/travis/build/icyphy/ptII/ptolemy/actor/lib/test/auto/ConstantPublisherPort4.xml (RunModel)" time="0.014" />
  <testcase classname="ptolemy.util.test.junit.AutoTests" name="[91] /home/travis/build/icyphy/ptII/ptolemy/actor/lib/test/auto/ConstantPublisherPort5.xml (RunModel)" time="0.026" />
  <testcase classname="ptolemy.util.test.junit.AutoTests" name="[92] /home/travis/build/icyphy/ptII/ptolemy/actor/lib/test/auto/ConstantPublisherPort6.xml (RunModel)" time="0.035" />
  <testcase classname="ptolemy.util.test.junit.AutoTests" name="[93] /home/travis/build/icyphy/ptII/ptolemy/actor/lib/test/auto/ConstantPublisherPort7.xml (RunModel)" time="0.039" />
  <testcase classname="ptolemy.util.test.junit.AutoTests" name="[94] /home/travis/build/icyphy/ptII/ptolemy/actor/lib/test/auto/ConstraintMonitor1.xml (RunModel)" time="0.039" />
  <testcase classname="ptolemy.util.test.junit.AutoTests" name="[95] /home/travis/build/icyphy/ptII/ptolemy/actor/lib/test/auto/ConstraintMonitor2.xml (RunModel)" time="0.013" />
  <testcase classname="ptolemy.util.test.junit.AutoTests" name="[96] /home/travis/build/icyphy/ptII/ptolemy/actor/lib/test/auto/ConstraintMonitor3.xml (RunModel)" time="0.016" />
  <testcase classname="ptolemy.util.test.junit.AutoTests" name="[97] /home/travis/build/icyphy/ptII/ptolemy/actor/lib/test/auto/ConstraintMonitor4.xml (RunModel)" time="0.016" />
  <testcase classname="ptolemy.util.test.junit.AutoTests" name="[98] /home/travis/build/icyphy/ptII/ptolemy/actor/lib/test/auto/ConstraintMonitor5.xml (RunModel)" time="0.013" />
  <testcase classname="ptolemy.util.test.junit.AutoTests" name="[99] /home/travis/build/icyphy/ptII/ptolemy/actor/lib/test/auto/ConstraintMonitor6.xml (RunModel)" time="0.013" />
  <testcase classname="ptolemy.util.test.junit.AutoTests" name="[100] /home/travis/build/icyphy/ptII/ptolemy/actor/lib/test/auto/ConstraintMonitor7.xml (RunModel)" time="0.013" />
  <testcase classname="ptolemy.util.test.junit.AutoTests" name="[101] /home/travis/build/icyphy/ptII/ptolemy/actor/lib/test/auto/ConstraintMonitor8.xml (RunModel)" time="0.019" />
  <testcase classname="ptolemy.util.test.junit.AutoTests" name="[102] /home/travis/build/icyphy/ptII/ptolemy/actor/lib/test/auto/Counter.xml (RunModel)" time="0.012" />
  <testcase classname="ptolemy.util.test.junit.AutoTests" name="[103] /home/travis/build/icyphy/ptII/ptolemy/actor/lib/test/auto/CurrentTimeSDF.xml (RunModel)" time="0.016" />
  <testcase classname="ptolemy.util.test.junit.AutoTests" name="[104] /home/travis/build/icyphy/ptII/ptolemy/actor/lib/test/auto/DB.xml (RunModel)" time="0.015" />
  <testcase classname="ptolemy.util.test.junit.AutoTests" name="[105] /home/travis/build/icyphy/ptII/ptolemy/actor/lib/test/auto/DBDE.xml (RunModel)" time="0.014" />
  <testcase classname="ptolemy.util.test.junit.AutoTests" name="[106] /home/travis/build/icyphy/ptII/ptolemy/actor/lib/test/auto/DateConstructor.xml (RunModel)" time="0.077" />
  <testcase classname="ptolemy.util.test.junit.AutoTests" name="[107] /home/travis/build/icyphy/ptII/ptolemy/actor/lib/test/auto/DelayTime.xml (RunModel)" time="0.02" />
  <testcase classname="ptolemy.util.test.junit.AutoTests" name="[108] /home/travis/build/icyphy/ptII/ptolemy/actor/lib/test/auto/Dictionary1.xml (RunModel)" time="0.021" />
  <testcase classname="ptolemy.util.test.junit.AutoTests" name="[109] /home/travis/build/icyphy/ptII/ptolemy/actor/lib/test/auto/Dictionary2.xml (RunModel)" time="0.024" />
  <testcase classname="ptolemy.util.test.junit.AutoTests" name="[110] /home/travis/build/icyphy/ptII/ptolemy/actor/lib/test/auto/Dictionary3.xml (RunModel)" time="0.014" />
  <testcase classname="ptolemy.util.test.junit.AutoTests" name="[111] /home/travis/build/icyphy/ptII/ptolemy/actor/lib/test/auto/Dictionary4.xml (RunModel)" time="0.02" />
  <testcase classname="ptolemy.util.test.junit.AutoTests" name="[112] /home/travis/build/icyphy/ptII/ptolemy/actor/lib/test/auto/Differential.xml (RunModel)" time="0.011" />
  <testcase classname="ptolemy.util.test.junit.AutoTests" name="[113] /home/travis/build/icyphy/ptII/ptolemy/actor/lib/test/auto/Director.xml (RunModel)" time="0.013" />
  <testcase classname="ptolemy.util.test.junit.AutoTests" name="[114] /home/travis/build/icyphy/ptII/ptolemy/actor/lib/test/auto/DiscreteClock.xml (RunModel)" time="0.008" />
  <testcase classname="ptolemy.util.test.junit.AutoTests" name="[115] /home/travis/build/icyphy/ptII/ptolemy/actor/lib/test/auto/DiscreteClock10.xml (RunModel)" time="0.011" />
  <testcase classname="ptolemy.util.test.junit.AutoTests" name="[116] /home/travis/build/icyphy/ptII/ptolemy/actor/lib/test/auto/DiscreteClock11.xml (RunModel)" time="0.011" />
  <testcase classname="ptolemy.util.test.junit.AutoTests" name="[117] /home/travis/build/icyphy/ptII/ptolemy/actor/lib/test/auto/DiscreteClock12.xml (RunModel)" time="0.014" />
  <testcase classname="ptolemy.util.test.junit.AutoTests" name="[118] /home/travis/build/icyphy/ptII/ptolemy/actor/lib/test/auto/DiscreteClock13.xml (RunModel)" time="0.016" />
  <testcase classname="ptolemy.util.test.junit.AutoTests" name="[119] /home/travis/build/icyphy/ptII/ptolemy/actor/lib/test/auto/DiscreteClock14.xml (RunModel)" time="0.014" />
  <testcase classname="ptolemy.util.test.junit.AutoTests" name="[120] /home/travis/build/icyphy/ptII/ptolemy/actor/lib/test/auto/DiscreteClock15.xml (RunModel)" time="0.013" />
  <testcase classname="ptolemy.util.test.junit.AutoTests" name="[121] /home/travis/build/icyphy/ptII/ptolemy/actor/lib/test/auto/DiscreteClock16.xml (RunModel)" time="0.044" />
  <testcase classname="ptolemy.util.test.junit.AutoTests" name="[122] /home/travis/build/icyphy/ptII/ptolemy/actor/lib/test/auto/DiscreteClock17.xml (RunModel)" time="0.039" />
  <testcase classname="ptolemy.util.test.junit.AutoTests" name="[123] /home/travis/build/icyphy/ptII/ptolemy/actor/lib/test/auto/DiscreteClock18.xml (RunModel)" time="0.041" />
  <testcase classname="ptolemy.util.test.junit.AutoTests" name="[124] /home/travis/build/icyphy/ptII/ptolemy/actor/lib/test/auto/DiscreteClock19.xml (RunModel)" time="0.049" />
  <testcase classname="ptolemy.util.test.junit.AutoTests" name="[125] /home/travis/build/icyphy/ptII/ptolemy/actor/lib/test/auto/DiscreteClock2.xml (RunModel)" time="0.012" />
  <testcase classname="ptolemy.util.test.junit.AutoTests" name="[126] /home/travis/build/icyphy/ptII/ptolemy/actor/lib/test/auto/DiscreteClock20.xml (RunModel)" time="0.025" />
  <testcase classname="ptolemy.util.test.junit.AutoTests" name="[127] /home/travis/build/icyphy/ptII/ptolemy/actor/lib/test/auto/DiscreteClock21.xml (RunModel)" time="0.017" />
  <testcase classname="ptolemy.util.test.junit.AutoTests" name="[128] /home/travis/build/icyphy/ptII/ptolemy/actor/lib/test/auto/DiscreteClock22.xml (RunModel)" time="0.017" />
  <testcase classname="ptolemy.util.test.junit.AutoTests" name="[129] /home/travis/build/icyphy/ptII/ptolemy/actor/lib/test/auto/DiscreteClock23.xml (RunModel)" time="0.02" />
  <testcase classname="ptolemy.util.test.junit.AutoTests" name="[130] /home/travis/build/icyphy/ptII/ptolemy/actor/lib/test/auto/DiscreteClock24.xml (RunModel)" time="0.014" />
  <testcase classname="ptolemy.util.test.junit.AutoTests" name="[131] /home/travis/build/icyphy/ptII/ptolemy/actor/lib/test/auto/DiscreteClock4.xml (RunModel)" time="0.012" />
  <testcase classname="ptolemy.util.test.junit.AutoTests" name="[132] /home/travis/build/icyphy/ptII/ptolemy/actor/lib/test/auto/DiscreteClock5.xml (RunModel)" time="0.015" />
  <testcase classname="ptolemy.util.test.junit.AutoTests" name="[133] /home/travis/build/icyphy/ptII/ptolemy/actor/lib/test/auto/DiscreteClock6.xml (RunModel)" time="0.011" />
  <testcase classname="ptolemy.util.test.junit.AutoTests" name="[134] /home/travis/build/icyphy/ptII/ptolemy/actor/lib/test/auto/DiscreteClock7.xml (RunModel)" time="0.01" />
  <testcase classname="ptolemy.util.test.junit.AutoTests" name="[135] /home/travis/build/icyphy/ptII/ptolemy/actor/lib/test/auto/DiscreteClock8.xml (RunModel)" time="0.013" />
  <testcase classname="ptolemy.util.test.junit.AutoTests" name="[136] /home/travis/build/icyphy/ptII/ptolemy/actor/lib/test/auto/DiscreteClock9.xml (RunModel)" time="0.013" />
  <testcase classname="ptolemy.util.test.junit.AutoTests" name="[137] /home/travis/build/icyphy/ptII/ptolemy/actor/lib/test/auto/DisplayArray.xml (RunModel)" time="0.022" />
  <testcase classname="ptolemy.util.test.junit.AutoTests" name="[138] /home/travis/build/icyphy/ptII/ptolemy/actor/lib/test/auto/Distributor.xml (RunModel)" time="0.01" />
  <testcase classname="ptolemy.util.test.junit.AutoTests" name="[139] /home/travis/build/icyphy/ptII/ptolemy/actor/lib/test/auto/Distributor2.xml (RunModel)" time="0.012" />
  <testcase classname="ptolemy.util.test.junit.AutoTests" name="[140] /home/travis/build/icyphy/ptII/ptolemy/actor/lib/test/auto/DownSample.xml (RunModel)" time="0.009" />
  <testcase classname="ptolemy.util.test.junit.AutoTests" name="[141] /home/travis/build/icyphy/ptII/ptolemy/actor/lib/test/auto/ElectronicUnitBase1.xml (RunModel)" time="0.05" />
  <testcase classname="ptolemy.util.test.junit.AutoTests" name="[142] /home/travis/build/icyphy/ptII/ptolemy/actor/lib/test/auto/ElementsToArray.xml (RunModel)" time="0.01" />
  <testcase classname="ptolemy.util.test.junit.AutoTests" name="[143] /home/travis/build/icyphy/ptII/ptolemy/actor/lib/test/auto/Equals.xml (RunModel)" time="0.013" />
  <testcase classname="ptolemy.util.test.junit.AutoTests" name="[144] /home/travis/build/icyphy/ptII/ptolemy/actor/lib/test/auto/Exec.xml (RunModel)" time="0.03" />
  <testcase classname="ptolemy.util.test.junit.AutoTests" name="[145] /home/travis/build/icyphy/ptII/ptolemy/actor/lib/test/auto/ExecEnvironment.xml (RunModel)" time="0.036" />
  <testcase classname="ptolemy.util.test.junit.AutoTests" name="[146] /home/travis/build/icyphy/ptII/ptolemy/actor/lib/test/auto/ExecNonZeroReturnOutput.xml (RunModel)" time="0.188" />
  <testcase classname="ptolemy.util.test.junit.AutoTests" name="[147] /home/travis/build/icyphy/ptII/ptolemy/actor/lib/test/auto/ExecRunDemos.xml (RunModel)" time="11.074" />
  <testcase classname="ptolemy.util.test.junit.AutoTests" name="[148] /home/travis/build/icyphy/ptII/ptolemy/actor/lib/test/auto/ExecStop.xml (RunModel)" time="5.035" />
  <testcase classname="ptolemy.util.test.junit.AutoTests" name="[149] /home/travis/build/icyphy/ptII/ptolemy/actor/lib/test/auto/ExecutionTimeSDF.xml (RunModel)" time="6.028" />
  <testcase classname="ptolemy.util.test.junit.AutoTests" name="[150] /home/travis/build/icyphy/ptII/ptolemy/actor/lib/test/auto/Expression1.xml (RunModel)" time="0.013" />
  <testcase classname="ptolemy.util.test.junit.AutoTests" name="[151] /home/travis/build/icyphy/ptII/ptolemy/actor/lib/test/auto/Expression10.xml (RunModel)" time="0.025" />
  <testcase classname="ptolemy.util.test.junit.AutoTests" name="[152] /home/travis/build/icyphy/ptII/ptolemy/actor/lib/test/auto/Expression11.xml (RunModel)" time="0.016" />
  <testcase classname="ptolemy.util.test.junit.AutoTests" name="[153] /home/travis/build/icyphy/ptII/ptolemy/actor/lib/test/auto/Expression12.xml (RunModel)" time="0.029" />
  <testcase classname="ptolemy.util.test.junit.AutoTests" name="[154] /home/travis/build/icyphy/ptII/ptolemy/actor/lib/test/auto/Expression13.xml (RunModel)" time="0.012" />
  <testcase classname="ptolemy.util.test.junit.AutoTests" name="[155] /home/travis/build/icyphy/ptII/ptolemy/actor/lib/test/auto/Expression14.xml (RunModel)" time="0.018" />
  <testcase classname="ptolemy.util.test.junit.AutoTests" name="[156] /home/travis/build/icyphy/ptII/ptolemy/actor/lib/test/auto/Expression15.xml (RunModel)" time="0.007" />
  <testcase classname="ptolemy.util.test.junit.AutoTests" name="[157] /home/travis/build/icyphy/ptII/ptolemy/actor/lib/test/auto/Expression16.xml (RunModel)" time="0.012" />
  <testcase classname="ptolemy.util.test.junit.AutoTests" name="[158] /home/travis/build/icyphy/ptII/ptolemy/actor/lib/test/auto/Expression17.xml (RunModel)" time="0.011" />
  <testcase classname="ptolemy.util.test.junit.AutoTests" name="[159] /home/travis/build/icyphy/ptII/ptolemy/actor/lib/test/auto/Expression18.xml (RunModel)" time="0.02" />
  <testcase classname="ptolemy.util.test.junit.AutoTests" name="[160] /home/travis/build/icyphy/ptII/ptolemy/actor/lib/test/auto/Expression2.xml (RunModel)" time="0.012" />
  <testcase classname="ptolemy.util.test.junit.AutoTests" name="[161] /home/travis/build/icyphy/ptII/ptolemy/actor/lib/test/auto/Expression3.xml (RunModel)" time="0.014" />
  <testcase classname="ptolemy.util.test.junit.AutoTests" name="[162] /home/travis/build/icyphy/ptII/ptolemy/actor/lib/test/auto/Expression4.xml (RunModel)" time="0.017" />
  <testcase classname="ptolemy.util.test.junit.AutoTests" name="[163] /home/travis/build/icyphy/ptII/ptolemy/actor/lib/test/auto/Expression5.xml (RunModel)" time="0.013" />
  <testcase classname="ptolemy.util.test.junit.AutoTests" name="[164] /home/travis/build/icyphy/ptII/ptolemy/actor/lib/test/auto/Expression6.xml (RunModel)" time="0.009" />
  <testcase classname="ptolemy.util.test.junit.AutoTests" name="[165] /home/travis/build/icyphy/ptII/ptolemy/actor/lib/test/auto/Expression7.xml (RunModel)" time="0.014" />
  <testcase classname="ptolemy.util.test.junit.AutoTests" name="[166] /home/travis/build/icyphy/ptII/ptolemy/actor/lib/test/auto/Expression8.xml (RunModel)" time="0.016" />
  <testcase classname="ptolemy.util.test.junit.AutoTests" name="[167] /home/travis/build/icyphy/ptII/ptolemy/actor/lib/test/auto/Expression9.xml (RunModel)" time="0.008" />
  <testcase classname="ptolemy.util.test.junit.AutoTests" name="[168] /home/travis/build/icyphy/ptII/ptolemy/actor/lib/test/auto/ExpressionConcatenateArrayType.xml (RunModel)" time="0.029" />
  <testcase classname="ptolemy.util.test.junit.AutoTests" name="[169] /home/travis/build/icyphy/ptII/ptolemy/actor/lib/test/auto/ExpressionConcatenateArrayType2.xml (RunModel)" time="0.022" />
  <testcase classname="ptolemy.util.test.junit.AutoTests" name="[170] /home/travis/build/icyphy/ptII/ptolemy/actor/lib/test/auto/ExpressionFix.xml (RunModel)" time="0.049" />
  <testcase classname="ptolemy.util.test.junit.AutoTests" name="[171] /home/travis/build/icyphy/ptII/ptolemy/actor/lib/test/auto/ExpressionFix2.xml (RunModel)" time="0.013" />
  <testcase classname="ptolemy.util.test.junit.AutoTests" name="[172] /home/travis/build/icyphy/ptII/ptolemy/actor/lib/test/auto/ExpressionFix3.xml (RunModel)" time="0.014" />
  <testcase classname="ptolemy.util.test.junit.AutoTests" name="[173] /home/travis/build/icyphy/ptII/ptolemy/actor/lib/test/auto/FileWriter1.xml (RunModel)" time="0.009" />
  <testcase classname="ptolemy.util.test.junit.AutoTests" name="[174] /home/travis/build/icyphy/ptII/ptolemy/actor/lib/test/auto/FileWriter2.xml (RunModel)" time="0.014" />
  <testcase classname="ptolemy.util.test.junit.AutoTests" name="[175] /home/travis/build/icyphy/ptII/ptolemy/actor/lib/test/auto/FileWriter3.xml (RunModel)" time="0.013" />
  <testcase classname="ptolemy.util.test.junit.AutoTests" name="[176] /home/travis/build/icyphy/ptII/ptolemy/actor/lib/test/auto/Gaussian.xml (RunModel)" time="0.012" />
  <testcase classname="ptolemy.util.test.junit.AutoTests" name="[177] /home/travis/build/icyphy/ptII/ptolemy/actor/lib/test/auto/Gaussian1.xml (RunModel)" time="0.016" />
  <testcase classname="ptolemy.util.test.junit.AutoTests" name="[178] /home/travis/build/icyphy/ptII/ptolemy/actor/lib/test/auto/Gaussian2.xml (RunModel)" time="0.025" />
  <testcase classname="ptolemy.util.test.junit.AutoTests" name="[179] /home/travis/build/icyphy/ptII/ptolemy/actor/lib/test/auto/GradientAdaptiveLattice.xml (RunModel)" time="0.016" />
  <testcase classname="ptolemy.util.test.junit.AutoTests" name="[180] /home/travis/build/icyphy/ptII/ptolemy/actor/lib/test/auto/IIR.xml (RunModel)" time="0.012" />
  <testcase classname="ptolemy.util.test.junit.AutoTests" name="[181] /home/travis/build/icyphy/ptII/ptolemy/actor/lib/test/auto/InputOutputTransparentPorts.xml (RunModel)" time="0.017" />
  <testcase classname="ptolemy.util.test.junit.AutoTests" name="[182] /home/travis/build/icyphy/ptII/ptolemy/actor/lib/test/auto/Interpolator.xml (RunModel)" time="0.012" />
  <testcase classname="ptolemy.util.test.junit.AutoTests" name="[183] /home/travis/build/icyphy/ptII/ptolemy/actor/lib/test/auto/InterpolatorFiringLimitDE.xml (RunModel)" time="0.014" />
  <testcase classname="ptolemy.util.test.junit.AutoTests" name="[184] /home/travis/build/icyphy/ptII/ptolemy/actor/lib/test/auto/Lattice.xml (RunModel)" time="0.009" />
  <testcase classname="ptolemy.util.test.junit.AutoTests" name="[185] /home/travis/build/icyphy/ptII/ptolemy/actor/lib/test/auto/LazyAOCTestLazy.xml (RunModel)" time="0.026" />
  <testcase classname="ptolemy.util.test.junit.AutoTests" name="[186] /home/travis/build/icyphy/ptII/ptolemy/actor/lib/test/auto/LazyAOCTestNonLazy.xml (RunModel)" time="0.049" />
  <testcase classname="ptolemy.util.test.junit.AutoTests" name="[187] /home/travis/build/icyphy/ptII/ptolemy/actor/lib/test/auto/LazyInnerClass.xml (RunModel)" time="0.044" />
  <testcase classname="ptolemy.util.test.junit.AutoTests" name="[188] /home/travis/build/icyphy/ptII/ptolemy/actor/lib/test/auto/LazyPubSub.xml (RunModel)" time="0.065" />
  <testcase classname="ptolemy.util.test.junit.AutoTests" name="[189] /home/travis/build/icyphy/ptII/ptolemy/actor/lib/test/auto/LazyPubSub2.xml (RunModel)" time="0.041" />
  <testcase classname="ptolemy.util.test.junit.AutoTests" name="[190] /home/travis/build/icyphy/ptII/ptolemy/actor/lib/test/auto/LazyPubSub3.xml (RunModel)" time="0.024" />
  <testcase classname="ptolemy.util.test.junit.AutoTests" name="[191] /home/travis/build/icyphy/ptII/ptolemy/actor/lib/test/auto/LazySubClassModel.xml (RunModel)" time="0.02" />
  <testcase classname="ptolemy.util.test.junit.AutoTests" name="[192] /home/travis/build/icyphy/ptII/ptolemy/actor/lib/test/auto/LevelCrossTest1.xml (RunModel)" time="0.011" />
  <testcase classname="ptolemy.util.test.junit.AutoTests" name="[193] /home/travis/build/icyphy/ptII/ptolemy/actor/lib/test/auto/LevelCrossTest10.xml (RunModel)" time="0.017" />
  <testcase classname="ptolemy.util.test.junit.AutoTests" name="[194] /home/travis/build/icyphy/ptII/ptolemy/actor/lib/test/auto/LevelCrossTest11.xml (RunModel)" time="0.016" />
  <testcase classname="ptolemy.util.test.junit.AutoTests" name="[195] /home/travis/build/icyphy/ptII/ptolemy/actor/lib/test/auto/LevelCrossTest12.xml (RunModel)" time="0.016" />
  <testcase classname="ptolemy.util.test.junit.AutoTests" name="[196] /home/travis/build/icyphy/ptII/ptolemy/actor/lib/test/auto/LevelCrossTest13.xml (RunModel)" time="0.014" />
  <testcase classname="ptolemy.util.test.junit.AutoTests" name="[197] /home/travis/build/icyphy/ptII/ptolemy/actor/lib/test/auto/LevelCrossTest2.xml (RunModel)" time="0.01" />
  <testcase classname="ptolemy.util.test.junit.AutoTests" name="[198] /home/travis/build/icyphy/ptII/ptolemy/actor/lib/test/auto/LevelCrossTest3.xml (RunModel)" time="0.014" />
  <testcase classname="ptolemy.util.test.junit.AutoTests" name="[199] /home/travis/build/icyphy/ptII/ptolemy/actor/lib/test/auto/LevelCrossTest4.xml (RunModel)" time="0.011" />
  <testcase classname="ptolemy.util.test.junit.AutoTests" name="[200] /home/travis/build/icyphy/ptII/ptolemy/actor/lib/test/auto/LevelCrossTest5.xml (RunModel)" time="0.016" />
  <testcase classname="ptolemy.util.test.junit.AutoTests" name="[201] /home/travis/build/icyphy/ptII/ptolemy/actor/lib/test/auto/LevelCrossTest6.xml (RunModel)" time="0.026" />
  <testcase classname="ptolemy.util.test.junit.AutoTests" name="[202] /home/travis/build/icyphy/ptII/ptolemy/actor/lib/test/auto/LevelCrossTest7.xml (RunModel)" time="0.024" />
  <testcase classname="ptolemy.util.test.junit.AutoTests" name="[203] /home/travis/build/icyphy/ptII/ptolemy/actor/lib/test/auto/LevelCrossTest8.xml (RunModel)" time="0.013" />
  <testcase classname="ptolemy.util.test.junit.AutoTests" name="[204] /home/travis/build/icyphy/ptII/ptolemy/actor/lib/test/auto/LevelCrossTest9.xml (RunModel)" time="0.013" />
  <testcase classname="ptolemy.util.test.junit.AutoTests" name="[205] /home/travis/build/icyphy/ptII/ptolemy/actor/lib/test/auto/LevinsonDurbin.xml (RunModel)" time="0.01" />
  <testcase classname="ptolemy.util.test.junit.AutoTests" name="[206] /home/travis/build/icyphy/ptII/ptolemy/actor/lib/test/auto/LevinsonDurbin2.xml (RunModel)" time="0.009" />
  <testcase classname="ptolemy.util.test.junit.AutoTests" name="[207] /home/travis/build/icyphy/ptII/ptolemy/actor/lib/test/auto/LevinsonDurbin3.xml (RunModel)" time="0.012" />
  <testcase classname="ptolemy.util.test.junit.AutoTests" name="[208] /home/travis/build/icyphy/ptII/ptolemy/actor/lib/test/auto/Limiter.xml (RunModel)" time="0.04" />
  <testcase classname="ptolemy.util.test.junit.AutoTests" name="[209] /home/travis/build/icyphy/ptII/ptolemy/actor/lib/test/auto/LinearDifferenceEquationSystem.xml (RunModel)" time="0.021" />
  <testcase classname="ptolemy.util.test.junit.AutoTests" name="[210] /home/travis/build/icyphy/ptII/ptolemy/actor/lib/test/auto/LookupTable.xml (RunModel)" time="0.009" />
  <testcase classname="ptolemy.util.test.junit.AutoTests" name="[211] /home/travis/build/icyphy/ptII/ptolemy/actor/lib/test/auto/MathFunction.xml (RunModel)" time="0.021" />
  <testcase classname="ptolemy.util.test.junit.AutoTests" name="[212] /home/travis/build/icyphy/ptII/ptolemy/actor/lib/test/auto/MathFunction2.xml (RunModel)" time="0.014" />
  <testcase classname="ptolemy.util.test.junit.AutoTests" name="[213] /home/travis/build/icyphy/ptII/ptolemy/actor/lib/test/auto/MathFunction3.xml (RunModel)" time="0.017" />
  <testcase classname="ptolemy.util.test.junit.AutoTests" name="[214] /home/travis/build/icyphy/ptII/ptolemy/actor/lib/test/auto/MatrixCropBoolean.xml (RunModel)" time="0.014" />
  <testcase classname="ptolemy.util.test.junit.AutoTests" name="[215] /home/travis/build/icyphy/ptII/ptolemy/actor/lib/test/auto/MatrixCropComplex.xml (RunModel)" time="0.011" />
  <testcase classname="ptolemy.util.test.junit.AutoTests" name="[216] /home/travis/build/icyphy/ptII/ptolemy/actor/lib/test/auto/MatrixCropDouble.xml (RunModel)" time="0.009" />
  <testcase classname="ptolemy.util.test.junit.AutoTests" name="[217] /home/travis/build/icyphy/ptII/ptolemy/actor/lib/test/auto/MatrixCropFix.xml (RunModel)" time="0.014" />
  <testcase classname="ptolemy.util.test.junit.AutoTests" name="[218] /home/travis/build/icyphy/ptII/ptolemy/actor/lib/test/auto/MatrixCropInt.xml (RunModel)" time="0.01" />
  <testcase classname="ptolemy.util.test.junit.AutoTests" name="[219] /home/travis/build/icyphy/ptII/ptolemy/actor/lib/test/auto/MatrixCropLong.xml (RunModel)" time="0.01" />
  <testcase classname="ptolemy.util.test.junit.AutoTests" name="[220] /home/travis/build/icyphy/ptII/ptolemy/actor/lib/test/auto/MatrixToArray.xml (RunModel)" time="0.051" />
  <testcase classname="ptolemy.util.test.junit.AutoTests" name="[221] /home/travis/build/icyphy/ptII/ptolemy/actor/lib/test/auto/MaxIndex.xml (RunModel)" time="0.016" />
  <testcase classname="ptolemy.util.test.junit.AutoTests" name="[222] /home/travis/build/icyphy/ptII/ptolemy/actor/lib/test/auto/Maximum.xml (RunModel)" time="0.013" />
  <testcase classname="ptolemy.util.test.junit.AutoTests" name="[223] /home/travis/build/icyphy/ptII/ptolemy/actor/lib/test/auto/MaximumComplex.xml (RunModel)" time="0.015" />
  <testcase classname="ptolemy.util.test.junit.AutoTests" name="[224] /home/travis/build/icyphy/ptII/ptolemy/actor/lib/test/auto/MethodCallTest.xml (RunModel)" time="0.024" />
  <testcase classname="ptolemy.util.test.junit.AutoTests" name="[225] /home/travis/build/icyphy/ptII/ptolemy/actor/lib/test/auto/Minimum.xml (RunModel)" time="0.015" />
  <testcase classname="ptolemy.util.test.junit.AutoTests" name="[226] /home/travis/build/icyphy/ptII/ptolemy/actor/lib/test/auto/MinimumComplex.xml (RunModel)" time="0.026" />
  <testcase classname="ptolemy.util.test.junit.AutoTests" name="[227] /home/travis/build/icyphy/ptII/ptolemy/actor/lib/test/auto/MinimumMultiports.xml (RunModel)" time="0.017" />
  <testcase classname="ptolemy.util.test.junit.AutoTests" name="[228] /home/travis/build/icyphy/ptII/ptolemy/actor/lib/test/auto/ModifyDate.xml (RunModel)" time="0.048" />
  <testcase classname="ptolemy.util.test.junit.AutoTests" name="[229] /home/travis/build/icyphy/ptII/ptolemy/actor/lib/test/auto/ModifyDate2.xml (RunModel)" time="0.023" />
  <testcase classname="ptolemy.util.test.junit.AutoTests" name="[230] /home/travis/build/icyphy/ptII/ptolemy/actor/lib/test/auto/MovingAverage.xml (RunModel)" time="0.011" />
  <testcase classname="ptolemy.util.test.junit.AutoTests" name="[231] /home/travis/build/icyphy/ptII/ptolemy/actor/lib/test/auto/MovingMaximum.xml (RunModel)" time="0.012" />
  <testcase classname="ptolemy.util.test.junit.AutoTests" name="[232] /home/travis/build/icyphy/ptII/ptolemy/actor/lib/test/auto/MultipleLinksToSameRelation.xml (RunModel)" time="0.008" />
  <testcase classname="ptolemy.util.test.junit.AutoTests" name="[233] /home/travis/build/icyphy/ptII/ptolemy/actor/lib/test/auto/MultipleLinksToSameRelationDE.xml (RunModel)" time="0.019" />
  <testcase classname="ptolemy.util.test.junit.AutoTests" name="[234] /home/travis/build/icyphy/ptII/ptolemy/actor/lib/test/auto/Multiplexor.xml (RunModel)" time="0.013" />
  <testcase classname="ptolemy.util.test.junit.AutoTests" name="[235] /home/travis/build/icyphy/ptII/ptolemy/actor/lib/test/auto/Multiplexor1.xml (RunModel)" time="0.013" />
  <testcase classname="ptolemy.util.test.junit.AutoTests" name="[236] /home/travis/build/icyphy/ptII/ptolemy/actor/lib/test/auto/Multiplexor2.xml (RunModel)" time="0.019" />
  <testcase classname="ptolemy.util.test.junit.AutoTests" name="[237] /home/travis/build/icyphy/ptII/ptolemy/actor/lib/test/auto/Multiplexor3.xml (RunModel)" time="0.008" />
  <testcase classname="ptolemy.util.test.junit.AutoTests" name="[238] /home/travis/build/icyphy/ptII/ptolemy/actor/lib/test/auto/MultiplexorDE.xml (RunModel)" time="0.015" />
  <testcase classname="ptolemy.util.test.junit.AutoTests" name="[239] /home/travis/build/icyphy/ptII/ptolemy/actor/lib/test/auto/MultiportBroadcastTest.xml (RunModel)" time="0.103" />
  <testcase classname="ptolemy.util.test.junit.AutoTests" name="[240] /home/travis/build/icyphy/ptII/ptolemy/actor/lib/test/auto/MultiportOutHangDuringGetWidth.xml (RunModel)" time="0.032" />
  <testcase classname="ptolemy.util.test.junit.AutoTests" name="[241] /home/travis/build/icyphy/ptII/ptolemy/actor/lib/test/auto/NilToken.xml (RunModel)" time="0.011" />
  <testcase classname="ptolemy.util.test.junit.AutoTests" name="[242] /home/travis/build/icyphy/ptII/ptolemy/actor/lib/test/auto/NilTokenNonStrictTest.xml (RunModel)" time="0.011" />
  <testcase classname="ptolemy.util.test.junit.AutoTests" name="[243] /home/travis/build/icyphy/ptII/ptolemy/actor/lib/test/auto/NilTokenRecord.xml (RunModel)" time="0.029" />
  <testcase classname="ptolemy.util.test.junit.AutoTests" name="[244] /home/travis/build/icyphy/ptII/ptolemy/actor/lib/test/auto/NilTokenTypeTest.xml (RunModel)" time="0.043" />
  <testcase classname="ptolemy.util.test.junit.AutoTests" name="[245] /home/travis/build/icyphy/ptII/ptolemy/actor/lib/test/auto/ObjectToken1.xml (RunModel)" time="0.012" />
  <testcase classname="ptolemy.util.test.junit.AutoTests" name="[246] /home/travis/build/icyphy/ptII/ptolemy/actor/lib/test/auto/OrderedMerge.xml (RunModel)" time="0.021" />
  <testcase classname="ptolemy.util.test.junit.AutoTests" name="[247] /home/travis/build/icyphy/ptII/ptolemy/actor/lib/test/auto/OrderedRecordDisassembler.xml (RunModel)" time="0.017" />
  <testcase classname="ptolemy.util.test.junit.AutoTests" name="[248] /home/travis/build/icyphy/ptII/ptolemy/actor/lib/test/auto/OrderedRecordDisassembler2.xml (RunModel)" time="0.017" />
  <testcase classname="ptolemy.util.test.junit.AutoTests" name="[249] /home/travis/build/icyphy/ptII/ptolemy/actor/lib/test/auto/OrderedRecordUpdater.xml (RunModel)" time="0.01" />
  <testcase classname="ptolemy.util.test.junit.AutoTests" name="[250] /home/travis/build/icyphy/ptII/ptolemy/actor/lib/test/auto/OrderedRecordUpdater2.xml (RunModel)" time="0.018" />
  <testcase classname="ptolemy.util.test.junit.AutoTests" name="[251] /home/travis/build/icyphy/ptII/ptolemy/actor/lib/test/auto/PhaseUnwrap.xml (RunModel)" time="0.013" />
  <testcase classname="ptolemy.util.test.junit.AutoTests" name="[252] /home/travis/build/icyphy/ptII/ptolemy/actor/lib/test/auto/PoissonClock.xml (RunModel)" time="0.01" />
  <testcase classname="ptolemy.util.test.junit.AutoTests" name="[253] /home/travis/build/icyphy/ptII/ptolemy/actor/lib/test/auto/PoissonClock2.xml (RunModel)" time="0.007" />
  <testcase classname="ptolemy.util.test.junit.AutoTests" name="[254] /home/travis/build/icyphy/ptII/ptolemy/actor/lib/test/auto/PoissonClock3.xml (RunModel)" time="0.022" />
  <testcase classname="ptolemy.util.test.junit.AutoTests" name="[255] /home/travis/build/icyphy/ptII/ptolemy/actor/lib/test/auto/PubSubWithInitialTokens.xml (RunModel)" time="0.015" />
  <testcase classname="ptolemy.util.test.junit.AutoTests" name="[256] /home/travis/build/icyphy/ptII/ptolemy/actor/lib/test/auto/PubSubWithInitialTokens2.xml (RunModel)" time="0.01" />
  <testcase classname="ptolemy.util.test.junit.AutoTests" name="[257] /home/travis/build/icyphy/ptII/ptolemy/actor/lib/test/auto/PublisherClassNoParameter.xml (RunModel)" time="0.024" />
  <testcase classname="ptolemy.util.test.junit.AutoTests" name="[258] /home/travis/build/icyphy/ptII/ptolemy/actor/lib/test/auto/PublisherClassParameter.xml (RunModel)" time="0.021" />
  <testcase classname="ptolemy.util.test.junit.AutoTests" name="[259] /home/travis/build/icyphy/ptII/ptolemy/actor/lib/test/auto/PublisherNonStrictTest.xml (RunModel)" time="0.015" />
  <testcase classname="ptolemy.util.test.junit.AutoTests" name="[260] /home/travis/build/icyphy/ptII/ptolemy/actor/lib/test/auto/PublisherPort1.xml (RunModel)" time="0.019" />
  <testcase classname="ptolemy.util.test.junit.AutoTests" name="[261] /home/travis/build/icyphy/ptII/ptolemy/actor/lib/test/auto/PublisherPort2.xml (RunModel)" time="0.019" />
  <testcase classname="ptolemy.util.test.junit.AutoTests" name="[262] /home/travis/build/icyphy/ptII/ptolemy/actor/lib/test/auto/PublisherPort3.xml (RunModel)" time="0.015" />
  <testcase classname="ptolemy.util.test.junit.AutoTests" name="[263] /home/travis/build/icyphy/ptII/ptolemy/actor/lib/test/auto/PublisherPort4.xml (RunModel)" time="0.013" />
  <testcase classname="ptolemy.util.test.junit.AutoTests" name="[264] /home/travis/build/icyphy/ptII/ptolemy/actor/lib/test/auto/PublisherPort5.xml (RunModel)" time="0.015" />
  <testcase classname="ptolemy.util.test.junit.AutoTests" name="[265] /home/travis/build/icyphy/ptII/ptolemy/actor/lib/test/auto/PublisherPort5LookAlike.xml (RunModel)" time="0.018" />
  <testcase classname="ptolemy.util.test.junit.AutoTests" name="[266] /home/travis/build/icyphy/ptII/ptolemy/actor/lib/test/auto/PublisherPort6.xml (RunModel)" time="0.012" />
  <testcase classname="ptolemy.util.test.junit.AutoTests" name="[267] /home/travis/build/icyphy/ptII/ptolemy/actor/lib/test/auto/PublisherPort7.xml (RunModel)" time="0.015" />
  <testcase classname="ptolemy.util.test.junit.AutoTests" name="[268] /home/travis/build/icyphy/ptII/ptolemy/actor/lib/test/auto/PublisherPort8.xml (RunModel)" time="0.017" />
  <testcase classname="ptolemy.util.test.junit.AutoTests" name="[269] /home/travis/build/icyphy/ptII/ptolemy/actor/lib/test/auto/PublisherPortSubscriberChannelVariablesAOC2.xml (RunModel)" time="0.037" />
  <testcase classname="ptolemy.util.test.junit.AutoTests" name="[270] /home/travis/build/icyphy/ptII/ptolemy/actor/lib/test/auto/PublisherPortSubscriberOpaqueWidthInference.xml (RunModel)" time="0.015" />
  <testcase classname="ptolemy.util.test.junit.AutoTests" name="[271] /home/travis/build/icyphy/ptII/ptolemy/actor/lib/test/auto/PublisherPortSubscriberPortAdjacent.xml (RunModel)" time="0.016" />
  <testcase classname="ptolemy.util.test.junit.AutoTests" name="[272] /home/travis/build/icyphy/ptII/ptolemy/actor/lib/test/auto/PublisherPortSubscriberPortExpression.xml (RunModel)" time="0.015" />
  <testcase classname="ptolemy.util.test.junit.AutoTests" name="[273] /home/travis/build/icyphy/ptII/ptolemy/actor/lib/test/auto/PublisherPortSubscriberPortOpaqueD3Reverse.xml (RunModel)" time="0.033" />
  <testcase classname="ptolemy.util.test.junit.AutoTests" name="[274] /home/travis/build/icyphy/ptII/ptolemy/actor/lib/test/auto/PublisherPortSubscriberPortOpaqueWidthInference.xml (RunModel)" time="0.029" />
  <testcase classname="ptolemy.util.test.junit.AutoTests" name="[275] /home/travis/build/icyphy/ptII/ptolemy/actor/lib/test/auto/PublisherPortToplevelSubscriberPortAOC.xml (RunModel)" time="0.01" />
  <testcase classname="ptolemy.util.test.junit.AutoTests" name="[276] /home/travis/build/icyphy/ptII/ptolemy/actor/lib/test/auto/PublisherSubscriber.xml (RunModel)" time="0.012" />
  <testcase classname="ptolemy.util.test.junit.AutoTests" name="[277] /home/travis/build/icyphy/ptII/ptolemy/actor/lib/test/auto/PublisherSubscriber10.xml (RunModel)" time="0.019" />
  <testcase classname="ptolemy.util.test.junit.AutoTests" name="[278] /home/travis/build/icyphy/ptII/ptolemy/actor/lib/test/auto/PublisherSubscriber10InitialOutputs.xml (RunModel)" time="0.03" />
  <testcase classname="ptolemy.util.test.junit.AutoTests" name="[279] /home/travis/build/icyphy/ptII/ptolemy/actor/lib/test/auto/PublisherSubscriber11.xml (RunModel)" time="0.02" />
  <testcase classname="ptolemy.util.test.junit.AutoTests" name="[280] /home/travis/build/icyphy/ptII/ptolemy/actor/lib/test/auto/PublisherSubscriber12.xml (RunModel)" time="0.014" />
  <testcase classname="ptolemy.util.test.junit.AutoTests" name="[281] /home/travis/build/icyphy/ptII/ptolemy/actor/lib/test/auto/PublisherSubscriber13.xml (RunModel)" time="0.013" />
  <testcase classname="ptolemy.util.test.junit.AutoTests" name="[282] /home/travis/build/icyphy/ptII/ptolemy/actor/lib/test/auto/PublisherSubscriber14.xml (RunModel)" time="0.021" />
  <testcase classname="ptolemy.util.test.junit.AutoTests" name="[283] /home/travis/build/icyphy/ptII/ptolemy/actor/lib/test/auto/PublisherSubscriber2.xml (RunModel)" time="0.01" />
  <testcase classname="ptolemy.util.test.junit.AutoTests" name="[284] /home/travis/build/icyphy/ptII/ptolemy/actor/lib/test/auto/PublisherSubscriber3.xml (RunModel)" time="0.01" />
  <testcase classname="ptolemy.util.test.junit.AutoTests" name="[285] /home/travis/build/icyphy/ptII/ptolemy/actor/lib/test/auto/PublisherSubscriber4.xml (RunModel)" time="0.009" />
  <testcase classname="ptolemy.util.test.junit.AutoTests" name="[286] /home/travis/build/icyphy/ptII/ptolemy/actor/lib/test/auto/PublisherSubscriber5.xml (RunModel)" time="0.012" />
  <testcase classname="ptolemy.util.test.junit.AutoTests" name="[287] /home/travis/build/icyphy/ptII/ptolemy/actor/lib/test/auto/PublisherSubscriber6.xml (RunModel)" time="0.014" />
  <testcase classname="ptolemy.util.test.junit.AutoTests" name="[288] /home/travis/build/icyphy/ptII/ptolemy/actor/lib/test/auto/PublisherSubscriber7.xml (RunModel)" time="0.021" />
  <testcase classname="ptolemy.util.test.junit.AutoTests" name="[289] /home/travis/build/icyphy/ptII/ptolemy/actor/lib/test/auto/PublisherSubscriber8.xml (RunModel)" time="0.025" />
  <testcase classname="ptolemy.util.test.junit.AutoTests" name="[290] /home/travis/build/icyphy/ptII/ptolemy/actor/lib/test/auto/PublisherSubscriber9.xml (RunModel)" time="0.017" />
  <testcase classname="ptolemy.util.test.junit.AutoTests" name="[291] /home/travis/build/icyphy/ptII/ptolemy/actor/lib/test/auto/PublisherSubscriberAdjacent.xml (RunModel)" time="0.015" />
  <testcase classname="ptolemy.util.test.junit.AutoTests" name="[292] /home/travis/build/icyphy/ptII/ptolemy/actor/lib/test/auto/PublisherSubscriberChannelVariablesAOC2.xml (RunModel)" time="0.026" />
  <testcase classname="ptolemy.util.test.junit.AutoTests" name="[293] /home/travis/build/icyphy/ptII/ptolemy/actor/lib/test/auto/PublisherSubscriberD3.xml (RunModel)" time="0.021" />
  <testcase classname="ptolemy.util.test.junit.AutoTests" name="[294] /home/travis/build/icyphy/ptII/ptolemy/actor/lib/test/auto/PublisherSubscriberD3Reverse.xml (RunModel)" time="0.011" />
  <testcase classname="ptolemy.util.test.junit.AutoTests" name="[295] /home/travis/build/icyphy/ptII/ptolemy/actor/lib/test/auto/PublisherSubscriberExpression.xml (RunModel)" time="0.017" />
  <testcase classname="ptolemy.util.test.junit.AutoTests" name="[296] /home/travis/build/icyphy/ptII/ptolemy/actor/lib/test/auto/PublisherSubscriberOpaque.xml (RunModel)" time="0.015" />
  <testcase classname="ptolemy.util.test.junit.AutoTests" name="[297] /home/travis/build/icyphy/ptII/ptolemy/actor/lib/test/auto/PublisherSubscriberOpaqueD3.xml (RunModel)" time="0.02" />
  <testcase classname="ptolemy.util.test.junit.AutoTests" name="[298] /home/travis/build/icyphy/ptII/ptolemy/actor/lib/test/auto/PublisherSubscriberOpaqueD3Reverse.xml (RunModel)" time="0.024" />
  <testcase classname="ptolemy.util.test.junit.AutoTests" name="[299] /home/travis/build/icyphy/ptII/ptolemy/actor/lib/test/auto/PublisherSubscriberOpaqueWidthInference.xml (RunModel)" time="0.016" />
  <testcase classname="ptolemy.util.test.junit.AutoTests" name="[300] /home/travis/build/icyphy/ptII/ptolemy/actor/lib/test/auto/PublisherTestSubscriber.xml (RunModel)" time="0.023" />
  <testcase classname="ptolemy.util.test.junit.AutoTests" name="[301] /home/travis/build/icyphy/ptII/ptolemy/actor/lib/test/auto/PublisherToplevelSubscriberPortAOC.xml (RunModel)" time="0.01" />
  <testcase classname="ptolemy.util.test.junit.AutoTests" name="[302] /home/travis/build/icyphy/ptII/ptolemy/actor/lib/test/auto/PulseFiringLimitDE.xml (RunModel)" time="0.015" />
  <testcase classname="ptolemy.util.test.junit.AutoTests" name="[303] /home/travis/build/icyphy/ptII/ptolemy/actor/lib/test/auto/Ramp1.xml (RunModel)" time="0.008" />
  <testcase classname="ptolemy.util.test.junit.AutoTests" name="[304] /home/travis/build/icyphy/ptII/ptolemy/actor/lib/test/auto/RampFiringLimitDE.xml (RunModel)" time="0.011" />
  <testcase classname="ptolemy.util.test.junit.AutoTests" name="[305] /home/travis/build/icyphy/ptII/ptolemy/actor/lib/test/auto/RampFiringLimitSDF.xml (RunModel)" time="0.009" />
  <testcase classname="ptolemy.util.test.junit.AutoTests" name="[306] /home/travis/build/icyphy/ptII/ptolemy/actor/lib/test/auto/RandomInteger.xml (RunModel)" time="0.008" />
  <testcase classname="ptolemy.util.test.junit.AutoTests" name="[307] /home/travis/build/icyphy/ptII/ptolemy/actor/lib/test/auto/ReadFile1.xml (RunModel)" time="0.009" />
  <testcase classname="ptolemy.util.test.junit.AutoTests" name="[308] /home/travis/build/icyphy/ptII/ptolemy/actor/lib/test/auto/ReadFile2.xml (RunModel)" time="0.007" />
  <testcase classname="ptolemy.util.test.junit.AutoTests" name="[309] /home/travis/build/icyphy/ptII/ptolemy/actor/lib/test/auto/Reader.xml (RunModel)" time="0.013" />
  <testcase classname="ptolemy.util.test.junit.AutoTests" name="[310] /home/travis/build/icyphy/ptII/ptolemy/actor/lib/test/auto/RecordAssemblerDisplayNameTest.xml (RunModel)" time="3.272" />
  <testcase classname="ptolemy.util.test.junit.AutoTests" name="[311] /home/travis/build/icyphy/ptII/ptolemy/actor/lib/test/auto/RecordAssemblerTypeError.xml (RunModel)" time="0.038" />
  <testcase classname="ptolemy.util.test.junit.AutoTests" name="[312] /home/travis/build/icyphy/ptII/ptolemy/actor/lib/test/auto/RecordDisassember.xml (RunModel)" time="0.012" />
  <testcase classname="ptolemy.util.test.junit.AutoTests" name="[313] /home/travis/build/icyphy/ptII/ptolemy/actor/lib/test/auto/RecordDisassemberDisplayNameTest.xml (RunModel)" time="0.029" />
  <testcase classname="ptolemy.util.test.junit.AutoTests" name="[314] /home/travis/build/icyphy/ptII/ptolemy/actor/lib/test/auto/RecordDisassembler.xml (RunModel)" time="0.014" />
  <testcase classname="ptolemy.util.test.junit.AutoTests" name="[315] /home/travis/build/icyphy/ptII/ptolemy/actor/lib/test/auto/RecordDisassembler2.xml (RunModel)" time="0.01" />
  <testcase classname="ptolemy.util.test.junit.AutoTests" name="[316] /home/travis/build/icyphy/ptII/ptolemy/actor/lib/test/auto/RecordUpdater.xml (RunModel)" time="0.008" />
  <testcase classname="ptolemy.util.test.junit.AutoTests" name="[317] /home/travis/build/icyphy/ptII/ptolemy/actor/lib/test/auto/RecordUpdater2.xml (RunModel)" time="0.009" />
  <testcase classname="ptolemy.util.test.junit.AutoTests" name="[318] /home/travis/build/icyphy/ptII/ptolemy/actor/lib/test/auto/RecursiveLattice.xml (RunModel)" time="0.007" />
  <testcase classname="ptolemy.util.test.junit.AutoTests" name="[319] /home/travis/build/icyphy/ptII/ptolemy/actor/lib/test/auto/Router.xml (RunModel)" time="3.022" />
  <testcase classname="ptolemy.util.test.junit.AutoTests" name="[320] /home/travis/build/icyphy/ptII/ptolemy/actor/lib/test/auto/Router2.xml (RunModel)" time="3.024" />
  <testcase classname="ptolemy.util.test.junit.AutoTests" name="[321] /home/travis/build/icyphy/ptII/ptolemy/actor/lib/test/auto/RunningMaximum.xml (RunModel)" time="0.015" />
  <testcase classname="ptolemy.util.test.junit.AutoTests" name="[322] /home/travis/build/icyphy/ptII/ptolemy/actor/lib/test/auto/RunningMinimum.xml (RunModel)" time="0.025" />
  <testcase classname="ptolemy.util.test.junit.AutoTests" name="[323] /home/travis/build/icyphy/ptII/ptolemy/actor/lib/test/auto/Scale.xml (RunModel)" time="0.014" />
  <testcase classname="ptolemy.util.test.junit.AutoTests" name="[324] /home/travis/build/icyphy/ptII/ptolemy/actor/lib/test/auto/Scale2.xml (RunModel)" time="0.009" />
  <testcase classname="ptolemy.util.test.junit.AutoTests" name="[325] /home/travis/build/icyphy/ptII/ptolemy/actor/lib/test/auto/Scale3.xml (RunModel)" time="0.014" />
  <testcase classname="ptolemy.util.test.junit.AutoTests" name="[326] /home/travis/build/icyphy/ptII/ptolemy/actor/lib/test/auto/ScaleArray.xml (RunModel)" time="0.008" />
  <testcase classname="ptolemy.util.test.junit.AutoTests" name="[327] /home/travis/build/icyphy/ptII/ptolemy/actor/lib/test/auto/ScaleArray2.xml (RunModel)" time="0.007" />
  <testcase classname="ptolemy.util.test.junit.AutoTests" name="[328] /home/travis/build/icyphy/ptII/ptolemy/actor/lib/test/auto/ScaleMatrix.xml (RunModel)" time="0.139" />
  <testcase classname="ptolemy.util.test.junit.AutoTests" name="[329] /home/travis/build/icyphy/ptII/ptolemy/actor/lib/test/auto/Select.xml (RunModel)" time="0.017" />
  <testcase classname="ptolemy.util.test.junit.AutoTests" name="[330] /home/travis/build/icyphy/ptII/ptolemy/actor/lib/test/auto/Select2.xml (RunModel)" time="0.008" />
  <testcase classname="ptolemy.util.test.junit.AutoTests" name="[331] /home/travis/build/icyphy/ptII/ptolemy/actor/lib/test/auto/SequenceToArray2.xml (RunModel)" time="0.152" />
  <testcase classname="ptolemy.util.test.junit.AutoTests" name="[332] /home/travis/build/icyphy/ptII/ptolemy/actor/lib/test/auto/SequentialClock.xml (RunModel)" time="0.01" />
  <testcase classname="ptolemy.util.test.junit.AutoTests" name="[333] /home/travis/build/icyphy/ptII/ptolemy/actor/lib/test/auto/SetVariable.xml (RunModel)" time="0.011" />
  <testcase classname="ptolemy.util.test.junit.AutoTests" name="[334] /home/travis/build/icyphy/ptII/ptolemy/actor/lib/test/auto/SetVariable2.xml (RunModel)" time="0.01" />
  <testcase classname="ptolemy.util.test.junit.AutoTests" name="[335] /home/travis/build/icyphy/ptII/ptolemy/actor/lib/test/auto/SetVariable3.xml (RunModel)" time="0.016" />
  <testcase classname="ptolemy.util.test.junit.AutoTests" name="[336] /home/travis/build/icyphy/ptII/ptolemy/actor/lib/test/auto/SetVariable4.xml (RunModel)" time="0.018" />
  <testcase classname="ptolemy.util.test.junit.AutoTests" name="[337] /home/travis/build/icyphy/ptII/ptolemy/actor/lib/test/auto/SetVariable5.xml (RunModel)" time="0.034" />
  <testcase classname="ptolemy.util.test.junit.AutoTests" name="[338] /home/travis/build/icyphy/ptII/ptolemy/actor/lib/test/auto/Sinewave.xml (RunModel)" time="0.026" />
  <testcase classname="ptolemy.util.test.junit.AutoTests" name="[339] /home/travis/build/icyphy/ptII/ptolemy/actor/lib/test/auto/Sinewave2.xml (RunModel)" time="0.02" />
  <testcase classname="ptolemy.util.test.junit.AutoTests" name="[340] /home/travis/build/icyphy/ptII/ptolemy/actor/lib/test/auto/Sinewave3.xml (RunModel)" time="0.02" />
  <testcase classname="ptolemy.util.test.junit.AutoTests" name="[341] /home/travis/build/icyphy/ptII/ptolemy/actor/lib/test/auto/SingleEvent.xml (RunModel)" time="0.006" />
  <testcase classname="ptolemy.util.test.junit.AutoTests" name="[342] /home/travis/build/icyphy/ptII/ptolemy/actor/lib/test/auto/Sleep.xml (RunModel)" time="6.016" />
  <testcase classname="ptolemy.util.test.junit.AutoTests" name="[343] /home/travis/build/icyphy/ptII/ptolemy/actor/lib/test/auto/SleepMultipleFire.xml (RunModel)" time="1.027" />
  <testcase classname="ptolemy.util.test.junit.AutoTests" name="[344] /home/travis/build/icyphy/ptII/ptolemy/actor/lib/test/auto/StopDE.xml (RunModel)" time="0.019" />
  <testcase classname="ptolemy.util.test.junit.AutoTests" name="[345] /home/travis/build/icyphy/ptII/ptolemy/actor/lib/test/auto/StopSDF.xml (RunModel)" time="0.016" />
  <testcase classname="ptolemy.util.test.junit.AutoTests" name="[346] /home/travis/build/icyphy/ptII/ptolemy/actor/lib/test/auto/StringConstant.xml (RunModel)" time="0.015" />
  <testcase classname="ptolemy.util.test.junit.AutoTests" name="[347] /home/travis/build/icyphy/ptII/ptolemy/actor/lib/test/auto/SubscriberPortInitialValues1.xml (RunModel)" time="0.026" />
  <testcase classname="ptolemy.util.test.junit.AutoTests" name="[348] /home/travis/build/icyphy/ptII/ptolemy/actor/lib/test/auto/SubscriberPortInitialValues13.xml (RunModel)" time="0.03" />
  <testcase classname="ptolemy.util.test.junit.AutoTests" name="[349] /home/travis/build/icyphy/ptII/ptolemy/actor/lib/test/auto/SubscriberPortInitialValues14.xml (RunModel)" time="0.015" />
  <testcase classname="ptolemy.util.test.junit.AutoTests" name="[350] /home/travis/build/icyphy/ptII/ptolemy/actor/lib/test/auto/SubscriberPortInitialValues2.xml (RunModel)" time="0.015" />
  <testcase classname="ptolemy.util.test.junit.AutoTests" name="[351] /home/travis/build/icyphy/ptII/ptolemy/actor/lib/test/auto/SubscriberPortInitialValues3.xml (RunModel)" time="0.019" />
  <testcase classname="ptolemy.util.test.junit.AutoTests" name="[352] /home/travis/build/icyphy/ptII/ptolemy/actor/lib/test/auto/SubscriptionAggregator.xml (RunModel)" time="0.012" />
  <testcase classname="ptolemy.util.test.junit.AutoTests" name="[353] /home/travis/build/icyphy/ptII/ptolemy/actor/lib/test/auto/SubscriptionAggregator2.xml (RunModel)" time="0.017" />
  <testcase classname="ptolemy.util.test.junit.AutoTests" name="[354] /home/travis/build/icyphy/ptII/ptolemy/actor/lib/test/auto/SubscriptionAggregator3.xml (RunModel)" time="0.015" />
  <testcase classname="ptolemy.util.test.junit.AutoTests" name="[355] /home/travis/build/icyphy/ptII/ptolemy/actor/lib/test/auto/SubscriptionAggregatorMultiply.xml (RunModel)" time="0.023" />
  <testcase classname="ptolemy.util.test.junit.AutoTests" name="[356] /home/travis/build/icyphy/ptII/ptolemy/actor/lib/test/auto/SubscriptionAggregatorPortMultiply1.xml (RunModel)" time="0.013" />
  <testcase classname="ptolemy.util.test.junit.AutoTests" name="[357] /home/travis/build/icyphy/ptII/ptolemy/actor/lib/test/auto/Switch.xml (RunModel)" time="0.019" />
  <testcase classname="ptolemy.util.test.junit.AutoTests" name="[358] /home/travis/build/icyphy/ptII/ptolemy/actor/lib/test/auto/Switch2.xml (RunModel)" time="0.013" />
  <testcase classname="ptolemy.util.test.junit.AutoTests" name="[359] /home/travis/build/icyphy/ptII/ptolemy/actor/lib/test/auto/SwitchDE.xml (RunModel)" time="0.013" />
  <testcase classname="ptolemy.util.test.junit.AutoTests" name="[360] /home/travis/build/icyphy/ptII/ptolemy/actor/lib/test/auto/SynchronizerDE.xml (RunModel)" time="0.019" />
  <testcase classname="ptolemy.util.test.junit.AutoTests" name="[361] /home/travis/build/icyphy/ptII/ptolemy/actor/lib/test/auto/Test.xml (RunModel)" time="0.008" />
  <testcase classname="ptolemy.util.test.junit.AutoTests" name="[362] /home/travis/build/icyphy/ptII/ptolemy/actor/lib/test/auto/TestExceptionAttribute1.xml (RunModel)" time="0.008" />
  <testcase classname="ptolemy.util.test.junit.AutoTests" name="[363] /home/travis/build/icyphy/ptII/ptolemy/actor/lib/test/auto/TestExceptionAttribute2.xml (RunModel)" time="0.011" />
  <testcase classname="ptolemy.util.test.junit.AutoTests" name="[364] /home/travis/build/icyphy/ptII/ptolemy/actor/lib/test/auto/TestExceptionAttribute3.xml (RunModel)" time="0.016" />
  <testcase classname="ptolemy.util.test.junit.AutoTests" name="[365] /home/travis/build/icyphy/ptII/ptolemy/actor/lib/test/auto/TestExceptionAttribute4.xml (RunModel)" time="0.006" />
  <testcase classname="ptolemy.util.test.junit.AutoTests" name="[366] /home/travis/build/icyphy/ptII/ptolemy/actor/lib/test/auto/TestExceptionHandler1.xml (RunModel)" time="0.007" />
  <testcase classname="ptolemy.util.test.junit.AutoTests" name="[367] /home/travis/build/icyphy/ptII/ptolemy/actor/lib/test/auto/TestExceptionHandler2.xml (RunModel)" time="0.009" />
  <testcase classname="ptolemy.util.test.junit.AutoTests" name="[368] /home/travis/build/icyphy/ptII/ptolemy/actor/lib/test/auto/TestExceptionHandler3.xml (RunModel)" time="0.007" />
  <testcase classname="ptolemy.util.test.junit.AutoTests" name="[369] /home/travis/build/icyphy/ptII/ptolemy/actor/lib/test/auto/TestExceptionHandler4.xml (RunModel)" time="0.007" />
  <testcase classname="ptolemy.util.test.junit.AutoTests" name="[370] /home/travis/build/icyphy/ptII/ptolemy/actor/lib/test/auto/TestRequireCorrectOrder.xml (RunModel)" time="0.013" />
  <testcase classname="ptolemy.util.test.junit.AutoTests" name="[371] /home/travis/build/icyphy/ptII/ptolemy/actor/lib/test/auto/TestSimple.xml (RunModel)" time="0.007" />
  <testcase classname="ptolemy.util.test.junit.AutoTests" name="[372] /home/travis/build/icyphy/ptII/ptolemy/actor/lib/test/auto/ThrowModelError.xml (RunModel)" time="0.011" />
  <testcase classname="ptolemy.util.test.junit.AutoTests" name="[373] /home/travis/build/icyphy/ptII/ptolemy/actor/lib/test/auto/TimeDelayMicrosteps.xml (RunModel)" time="0.013" />
  <testcase classname="ptolemy.util.test.junit.AutoTests" name="[374] /home/travis/build/icyphy/ptII/ptolemy/actor/lib/test/auto/TimeDelayMicrosteps2.xml (RunModel)" time="0.015" />
  <testcase classname="ptolemy.util.test.junit.AutoTests" name="[375] /home/travis/build/icyphy/ptII/ptolemy/actor/lib/test/auto/TimeDelayMicrosteps3.xml (RunModel)" time="0.012" />
  <testcase classname="ptolemy.util.test.junit.AutoTests" name="[376] /home/travis/build/icyphy/ptII/ptolemy/actor/lib/test/auto/TimeDelayVariableMicrosteps.xml (RunModel)" time="0.014" />
  <testcase classname="ptolemy.util.test.junit.AutoTests" name="[377] /home/travis/build/icyphy/ptII/ptolemy/actor/lib/test/auto/TimeGap.xml (RunModel)" time="0.019" />
  <testcase classname="ptolemy.util.test.junit.AutoTests" name="[378] /home/travis/build/icyphy/ptII/ptolemy/actor/lib/test/auto/TimeGap2.xml (RunModel)" time="0.012" />
  <testcase classname="ptolemy.util.test.junit.AutoTests" name="[379] /home/travis/build/icyphy/ptII/ptolemy/actor/lib/test/auto/TimedSinewave.xml (RunModel)" time="0.065" />
  <testcase classname="ptolemy.util.test.junit.AutoTests" name="[380] /home/travis/build/icyphy/ptII/ptolemy/actor/lib/test/auto/TimedSinewavePhase.xml (RunModel)" time="0.027" />
  <testcase classname="ptolemy.util.test.junit.AutoTests" name="[381] /home/travis/build/icyphy/ptII/ptolemy/actor/lib/test/auto/Timer.xml (RunModel)" time="0.013" />
  <testcase classname="ptolemy.util.test.junit.AutoTests" name="[382] /home/travis/build/icyphy/ptII/ptolemy/actor/lib/test/auto/TriangularDistTestModel.xml (RunModel)" time="0.018" />
  <testcase classname="ptolemy.util.test.junit.AutoTests" name="[383] /home/travis/build/icyphy/ptII/ptolemy/actor/lib/test/auto/TrigFunction.xml (RunModel)" time="0.009" />
  <testcase classname="ptolemy.util.test.junit.AutoTests" name="[384] /home/travis/build/icyphy/ptII/ptolemy/actor/lib/test/auto/TrigFunctionDE.xml (RunModel)" time="0.01" />
  <testcase classname="ptolemy.util.test.junit.AutoTests" name="[385] /home/travis/build/icyphy/ptII/ptolemy/actor/lib/test/auto/TrigFunctionInverse.xml (RunModel)" time="0.009" />
  <testcase classname="ptolemy.util.test.junit.AutoTests" name="[386] /home/travis/build/icyphy/ptII/ptolemy/actor/lib/test/auto/TrigFunctionTan.xml (RunModel)" time="0.007" />
  <testcase classname="ptolemy.util.test.junit.AutoTests" name="[387] /home/travis/build/icyphy/ptII/ptolemy/actor/lib/test/auto/TriggeredClock.xml (RunModel)" time="0.009" />
  <testcase classname="ptolemy.util.test.junit.AutoTests" name="[388] /home/travis/build/icyphy/ptII/ptolemy/actor/lib/test/auto/URLDirectoryReader.xml (RunModel)" time="0.134" />
  <testcase classname="ptolemy.util.test.junit.AutoTests" name="[389] /home/travis/build/icyphy/ptII/ptolemy/actor/lib/test/auto/URLDirectoryReader3.xml (RunModel)" time="1.831" />
  <testcase classname="ptolemy.util.test.junit.AutoTests" name="[390] /home/travis/build/icyphy/ptII/ptolemy/actor/lib/test/auto/UnaryMathFunction.xml (RunModel)" time="0.025" />
  <testcase classname="ptolemy.util.test.junit.AutoTests" name="[391] /home/travis/build/icyphy/ptII/ptolemy/actor/lib/test/auto/Uniform.xml (RunModel)" time="0.019" />
  <testcase classname="ptolemy.util.test.junit.AutoTests" name="[392] /home/travis/build/icyphy/ptII/ptolemy/actor/lib/test/auto/UnionDisassemblerTest.xml (RunModel)" time="0.018" />
  <testcase classname="ptolemy.util.test.junit.AutoTests" name="[393] /home/travis/build/icyphy/ptII/ptolemy/actor/lib/test/auto/UtilityFunctions.xml (RunModel)" time="0.008" />
  <testcase classname="ptolemy.util.test.junit.AutoTests" name="[394] /home/travis/build/icyphy/ptII/ptolemy/actor/lib/test/auto/VariableSleep.xml (RunModel)" time="0.513" />
  <testcase classname="ptolemy.util.test.junit.AutoTests" name="[395] /home/travis/build/icyphy/ptII/ptolemy/actor/lib/test/auto/VectorAssemblerDisassemblerCT.xml (RunModel)" time="0.122" />
  <testcase classname="ptolemy.util.test.junit.AutoTests" name="[396] /home/travis/build/icyphy/ptII/ptolemy/actor/lib/test/auto/VectorAssemblerDisassemblerDE.xml (RunModel)" time="0.013" />
  <testcase classname="ptolemy.util.test.junit.AutoTests" name="[397] /home/travis/build/icyphy/ptII/ptolemy/actor/lib/test/auto/VectorAssemblerDisassemblerSDF.xml (RunModel)" time="0.012" />
  <testcase classname="ptolemy.util.test.junit.AutoTests" name="[398] /home/travis/build/icyphy/ptII/ptolemy/actor/lib/test/auto/WallClockTime.xml (RunModel)" time="1.013" />
  <testcase classname="ptolemy.util.test.junit.AutoTests" name="[399] /home/travis/build/icyphy/ptII/ptolemy/actor/lib/test/auto/WidthTestWithSubscriberPublisher.xml (RunModel)" time="0.04" />
  <testcase classname="ptolemy.util.test.junit.AutoTests" name="[400] /home/travis/build/icyphy/ptII/ptolemy/actor/lib/test/auto/WidthTestWithSubscriberPublisher2.xml (RunModel)" time="0.013" />
  <testcase classname="ptolemy.util.test.junit.AutoTests" name="[401] /home/travis/build/icyphy/ptII/ptolemy/actor/lib/test/auto/WidthTestWithSubscriberPublisher3.xml (RunModel)" time="0.012" />
  <testcase classname="ptolemy.util.test.junit.AutoTests" name="[402] /home/travis/build/icyphy/ptII/ptolemy/actor/lib/test/auto/Writer.xml (RunModel)" time="0.008" />
  <testcase classname="ptolemy.util.test.junit.AutoTests" name="[403] /home/travis/build/icyphy/ptII/ptolemy/actor/lib/test/auto/array.xml (RunModel)" time="0.009" />
  <testcase classname="ptolemy.util.test.junit.AutoTests" name="[404] /home/travis/build/icyphy/ptII/ptolemy/actor/lib/test/auto/array2.xml (RunModel)" time="0.013" />
  <testcase classname="ptolemy.util.test.junit.AutoTests" name="[405] /home/travis/build/icyphy/ptII/ptolemy/actor/lib/test/auto/arrayType.xml (RunModel)" time="0.01" />
  <testcase classname="ptolemy.util.test.junit.AutoTests" name="[406] /home/travis/build/icyphy/ptII/ptolemy/actor/lib/test/auto/arrayType10.xml (RunModel)" time="0.008" />
  <testcase classname="ptolemy.util.test.junit.AutoTests" name="[407] /home/travis/build/icyphy/ptII/ptolemy/actor/lib/test/auto/arrayType11.xml (RunModel)" time="0.009" />
  <testcase classname="ptolemy.util.test.junit.AutoTests" name="[408] /home/travis/build/icyphy/ptII/ptolemy/actor/lib/test/auto/arrayType12.xml (RunModel)" time="0.009" />
  <testcase classname="ptolemy.util.test.junit.AutoTests" name="[409] /home/travis/build/icyphy/ptII/ptolemy/actor/lib/test/auto/arrayType13.xml (RunModel)" time="0.008" />
  <testcase classname="ptolemy.util.test.junit.AutoTests" name="[410] /home/travis/build/icyphy/ptII/ptolemy/actor/lib/test/auto/arrayType14.xml (RunModel)" time="0.009" />
  <testcase classname="ptolemy.util.test.junit.AutoTests" name="[411] /home/travis/build/icyphy/ptII/ptolemy/actor/lib/test/auto/arrayType15.xml (RunModel)" time="0.01" />
  <testcase classname="ptolemy.util.test.junit.AutoTests" name="[412] /home/travis/build/icyphy/ptII/ptolemy/actor/lib/test/auto/arrayType16.xml (RunModel)" time="0.022" />
  <testcase classname="ptolemy.util.test.junit.AutoTests" name="[413] /home/travis/build/icyphy/ptII/ptolemy/actor/lib/test/auto/arrayType17.xml (RunModel)" time="0.037" />
  <testcase classname="ptolemy.util.test.junit.AutoTests" name="[414] /home/travis/build/icyphy/ptII/ptolemy/actor/lib/test/auto/arrayType18.xml (RunModel)" time="0.028" />
  <testcase classname="ptolemy.util.test.junit.AutoTests" name="[415] /home/travis/build/icyphy/ptII/ptolemy/actor/lib/test/auto/arrayType19.xml (RunModel)" time="0.028" />
  <testcase classname="ptolemy.util.test.junit.AutoTests" name="[416] /home/travis/build/icyphy/ptII/ptolemy/actor/lib/test/auto/arrayType2.xml (RunModel)" time="0.036" />
  <testcase classname="ptolemy.util.test.junit.AutoTests" name="[417] /home/travis/build/icyphy/ptII/ptolemy/actor/lib/test/auto/arrayType20.xml (RunModel)" time="0.048" />
  <testcase classname="ptolemy.util.test.junit.AutoTests" name="[418] /home/travis/build/icyphy/ptII/ptolemy/actor/lib/test/auto/arrayType21.xml (RunModel)" time="0.034" />
  <testcase classname="ptolemy.util.test.junit.AutoTests" name="[419] /home/travis/build/icyphy/ptII/ptolemy/actor/lib/test/auto/arrayType22.xml (RunModel)" time="0.035" />
  <testcase classname="ptolemy.util.test.junit.AutoTests" name="[420] /home/travis/build/icyphy/ptII/ptolemy/actor/lib/test/auto/arrayType23.xml (RunModel)" time="0.012" />
  <testcase classname="ptolemy.util.test.junit.AutoTests" name="[421] /home/travis/build/icyphy/ptII/ptolemy/actor/lib/test/auto/arrayType24.xml (RunModel)" time="0.01" />
  <testcase classname="ptolemy.util.test.junit.AutoTests" name="[422] /home/travis/build/icyphy/ptII/ptolemy/actor/lib/test/auto/arrayType25.xml (RunModel)" time="0.008" />
  <testcase classname="ptolemy.util.test.junit.AutoTests" name="[423] /home/travis/build/icyphy/ptII/ptolemy/actor/lib/test/auto/arrayType26.xml (RunModel)" time="0.008" />
  <testcase classname="ptolemy.util.test.junit.AutoTests" name="[424] /home/travis/build/icyphy/ptII/ptolemy/actor/lib/test/auto/arrayType27.xml (RunModel)" time="0.012" />
  <testcase classname="ptolemy.util.test.junit.AutoTests" name="[425] /home/travis/build/icyphy/ptII/ptolemy/actor/lib/test/auto/arrayType28.xml (RunModel)" time="0.009" />
  <testcase classname="ptolemy.util.test.junit.AutoTests" name="[426] /home/travis/build/icyphy/ptII/ptolemy/actor/lib/test/auto/arrayType3.xml (RunModel)" time="0.013" />
  <testcase classname="ptolemy.util.test.junit.AutoTests" name="[427] /home/travis/build/icyphy/ptII/ptolemy/actor/lib/test/auto/arrayType4.xml (RunModel)" time="0.009" />
  <testcase classname="ptolemy.util.test.junit.AutoTests" name="[428] /home/travis/build/icyphy/ptII/ptolemy/actor/lib/test/auto/arrayType5.xml (RunModel)" time="0.008" />
  <testcase classname="ptolemy.util.test.junit.AutoTests" name="[429] /home/travis/build/icyphy/ptII/ptolemy/actor/lib/test/auto/arrayType6.xml (RunModel)" time="0.007" />
  <testcase classname="ptolemy.util.test.junit.AutoTests" name="[430] /home/travis/build/icyphy/ptII/ptolemy/actor/lib/test/auto/arrayType7.xml (RunModel)" time="0.017" />
  <testcase classname="ptolemy.util.test.junit.AutoTests" name="[431] /home/travis/build/icyphy/ptII/ptolemy/actor/lib/test/auto/arrayType8.xml (RunModel)" time="0.008" />
  <testcase classname="ptolemy.util.test.junit.AutoTests" name="[432] /home/travis/build/icyphy/ptII/ptolemy/actor/lib/test/auto/arrayType9.xml (RunModel)" time="0.007" />
  <testcase classname="ptolemy.util.test.junit.AutoTests" name="[433] /home/travis/build/icyphy/ptII/ptolemy/actor/lib/test/auto/cast.xml (RunModel)" time="0.008" />
  <testcase classname="ptolemy.util.test.junit.AutoTests" name="[434] /home/travis/build/icyphy/ptII/ptolemy/actor/lib/test/auto/compositeMultiPort.xml (RunModel)" time="0.016" />
  <testcase classname="ptolemy.util.test.junit.AutoTests" name="[435] /home/travis/build/icyphy/ptII/ptolemy/actor/lib/test/auto/expressionCastInference.xml (RunModel)" time="0.007" />
  <testcase classname="ptolemy.util.test.junit.AutoTests" name="[436] /home/travis/build/icyphy/ptII/ptolemy/actor/lib/test/auto/expressionCastInference2.xml (RunModel)" time="0.007" />
  <testcase classname="ptolemy.util.test.junit.AutoTests" name="[437] /home/travis/build/icyphy/ptII/ptolemy/actor/lib/test/auto/expressionInference.xml (RunModel)" time="0.007" />
  <testcase classname="ptolemy.util.test.junit.AutoTests" name="[438] /home/travis/build/icyphy/ptII/ptolemy/actor/lib/test/auto/expression_bug.xml (RunModel)" time="0.007" />
  <testcase classname="ptolemy.util.test.junit.AutoTests" name="[439] /home/travis/build/icyphy/ptII/ptolemy/actor/lib/test/auto/factorial.xml (RunModel)" time="0.048" />
  <testcase classname="ptolemy.util.test.junit.AutoTests" name="[440] /home/travis/build/icyphy/ptII/ptolemy/actor/lib/test/auto/filterTest1.xml (RunModel)" time="0.017" />
  <testcase classname="ptolemy.util.test.junit.AutoTests" name="[441] /home/travis/build/icyphy/ptII/ptolemy/actor/lib/test/auto/funcApplyInConst.xml (RunModel)" time="0.005" />
  <testcase classname="ptolemy.util.test.junit.AutoTests" name="[442] /home/travis/build/icyphy/ptII/ptolemy/actor/lib/test/auto/funcApplyInExpr.xml (RunModel)" time="0.02" />
  <testcase classname="ptolemy.util.test.junit.AutoTests" name="[443] /home/travis/build/icyphy/ptII/ptolemy/actor/lib/test/auto/function.xml (RunModel)" time="0.009" />
  <testcase classname="ptolemy.util.test.junit.AutoTests" name="[444] /home/travis/build/icyphy/ptII/ptolemy/actor/lib/test/auto/function2.xml (RunModel)" time="0.011" />
  <testcase classname="ptolemy.util.test.junit.AutoTests" name="[445] /home/travis/build/icyphy/ptII/ptolemy/actor/lib/test/auto/function3.xml (RunModel)" time="0.006" />
  <testcase classname="ptolemy.util.test.junit.AutoTests" name="[446] /home/travis/build/icyphy/ptII/ptolemy/actor/lib/test/auto/functionClosureTest1.xml (RunModel)" time="0.01" />
  <testcase classname="ptolemy.util.test.junit.AutoTests" name="[447] /home/travis/build/icyphy/ptII/ptolemy/actor/lib/test/auto/functionClosureTest2.xml (RunModel)" time="0.007" />
  <testcase classname="ptolemy.util.test.junit.AutoTests" name="[448] /home/travis/build/icyphy/ptII/ptolemy/actor/lib/test/auto/functionClosureTest3.xml (RunModel)" time="0.012" />
  <testcase classname="ptolemy.util.test.junit.AutoTests" name="[449] /home/travis/build/icyphy/ptII/ptolemy/actor/lib/test/auto/functionClosureTest4.xml (RunModel)" time="0.015" />
  <testcase classname="ptolemy.util.test.junit.AutoTests" name="[450] /home/travis/build/icyphy/ptII/ptolemy/actor/lib/test/auto/functionClosureTest5.xml (RunModel)" time="0.013" />
  <testcase classname="ptolemy.util.test.junit.AutoTests" name="[451] /home/travis/build/icyphy/ptII/ptolemy/actor/lib/test/auto/functionClosureTest6.xml (RunModel)" time="0.008" />
  <testcase classname="ptolemy.util.test.junit.AutoTests" name="[452] /home/travis/build/icyphy/ptII/ptolemy/actor/lib/test/auto/functionsOnArcs.xml (RunModel)" time="0.009" />
  <testcase classname="ptolemy.util.test.junit.AutoTests" name="[453] /home/travis/build/icyphy/ptII/ptolemy/actor/lib/test/auto/functionsOnArcsHOF.xml (RunModel)" time="0.011" />
  <testcase classname="ptolemy.util.test.junit.AutoTests" name="[454] /home/travis/build/icyphy/ptII/ptolemy/actor/lib/test/auto/logic.xml (RunModel)" time="0.016" />
  <testcase classname="ptolemy.util.test.junit.AutoTests" name="[455] /home/travis/build/icyphy/ptII/ptolemy/actor/lib/test/auto/matrixType.xml (RunModel)" time="0.009" />
  <testcase classname="ptolemy.util.test.junit.AutoTests" name="[456] /home/travis/build/icyphy/ptII/ptolemy/actor/lib/test/auto/matrixType10.xml (RunModel)" time="0.009" />
  <testcase classname="ptolemy.util.test.junit.AutoTests" name="[457] /home/travis/build/icyphy/ptII/ptolemy/actor/lib/test/auto/matrixType11.xml (RunModel)" time="0.007" />
  <testcase classname="ptolemy.util.test.junit.AutoTests" name="[458] /home/travis/build/icyphy/ptII/ptolemy/actor/lib/test/auto/matrixType12.xml (RunModel)" time="0.011" />
  <testcase classname="ptolemy.util.test.junit.AutoTests" name="[459] /home/travis/build/icyphy/ptII/ptolemy/actor/lib/test/auto/matrixType13.xml (RunModel)" time="0.008" />
  <testcase classname="ptolemy.util.test.junit.AutoTests" name="[460] /home/travis/build/icyphy/ptII/ptolemy/actor/lib/test/auto/matrixType14.xml (RunModel)" time="0.01" />
  <testcase classname="ptolemy.util.test.junit.AutoTests" name="[461] /home/travis/build/icyphy/ptII/ptolemy/actor/lib/test/auto/matrixType2.xml (RunModel)" time="0.009" />
  <testcase classname="ptolemy.util.test.junit.AutoTests" name="[462] /home/travis/build/icyphy/ptII/ptolemy/actor/lib/test/auto/matrixType3.xml (RunModel)" time="0.01" />
  <testcase classname="ptolemy.util.test.junit.AutoTests" name="[463] /home/travis/build/icyphy/ptII/ptolemy/actor/lib/test/auto/matrixType4.xml (RunModel)" time="0.008" />
  <testcase classname="ptolemy.util.test.junit.AutoTests" name="[464] /home/travis/build/icyphy/ptII/ptolemy/actor/lib/test/auto/matrixType5.xml (RunModel)" time="0.008" />
  <testcase classname="ptolemy.util.test.junit.AutoTests" name="[465] /home/travis/build/icyphy/ptII/ptolemy/actor/lib/test/auto/matrixType6.xml (RunModel)" time="0.008" />
  <testcase classname="ptolemy.util.test.junit.AutoTests" name="[466] /home/travis/build/icyphy/ptII/ptolemy/actor/lib/test/auto/matrixType7.xml (RunModel)" time="0.008" />
  <testcase classname="ptolemy.util.test.junit.AutoTests" name="[467] /home/travis/build/icyphy/ptII/ptolemy/actor/lib/test/auto/matrixType8.xml (RunModel)" time="0.009" />
  <testcase classname="ptolemy.util.test.junit.AutoTests" name="[468] /home/travis/build/icyphy/ptII/ptolemy/actor/lib/test/auto/matrixType9.xml (RunModel)" time="0.008" />
  <testcase classname="ptolemy.util.test.junit.AutoTests" name="[469] /home/travis/build/icyphy/ptII/ptolemy/actor/lib/test/auto/paraFunctest.xml (RunModel)" time="0.007" />
  <testcase classname="ptolemy.util.test.junit.AutoTests" name="[470] /home/travis/build/icyphy/ptII/ptolemy/actor/lib/test/auto/paraFunctest2.xml (RunModel)" time="0.012" />
  <testcase classname="ptolemy.util.test.junit.AutoTests" name="[471] /home/travis/build/icyphy/ptII/ptolemy/actor/lib/test/auto/parameterPassing.xml (RunModel)" time="0.012" />
  <testcase classname="ptolemy.util.test.junit.AutoTests" name="[472] /home/travis/build/icyphy/ptII/ptolemy/actor/lib/test/auto/record.xml (RunModel)" time="0.009" />
  <testcase classname="ptolemy.util.test.junit.AutoTests" name="[473] /home/travis/build/icyphy/ptII/ptolemy/actor/lib/test/auto/sizedarray1.xml (RunModel)" time="0.024" />
  <testcase classname="ptolemy.util.test.junit.AutoTests" name="[474] /home/travis/build/icyphy/ptII/ptolemy/actor/lib/test/auto/sizedarray2.xml (RunModel)" time="0.01" />
  <testcase classname="ptolemy.util.test.junit.AutoTests" name="[475] /home/travis/build/icyphy/ptII/ptolemy/actor/lib/test/auto/twoPublishers.xml (RunModel)" time="0.021" />
  <system-out><![CDATA[/home/travis/build/icyphy/ptII/ptolemy/actor/lib/test/AbsoluteValue.tcl
testDefs.tcl: setting time out to 9000 seconds at Fri Oct 02 01:01:02 UTC 2020
120 ms. Memory: 129024K Free: 93123K (72%)
9 ms. Memory: 129024K Free: 91075K (71%)
5 ms. Memory: 129024K Free: 90546K (70%)
11 ms. Memory: 129024K Free: 89506K (69%)
/home/travis/build/icyphy/ptII/ptolemy/actor/lib/test/AddSubtract.tcl
17 ms. Memory: 129024K Free: 87489K (68%)
6 ms. Memory: 129024K Free: 86979K (67%)
6 ms. Memory: 129024K Free: 85955K (67%)
17 ms. Memory: 129024K Free: 85434K (66%)
80 ms. Memory: 129024K Free: 82369K (64%)
19 ms. Memory: 129024K Free: 81859K (63%)
/home/travis/build/icyphy/ptII/ptolemy/actor/lib/test/Average.tcl
15 ms. Memory: 129024K Free: 80306K (62%)
23 ms. Memory: 129024K Free: 78787K (61%)
/home/travis/build/icyphy/ptII/ptolemy/actor/lib/test/Bernoulli.tcl
4 ms. Memory: 129024K Free: 77234K (60%)
4 ms. Memory: 129024K Free: 76739K (59%)
/home/travis/build/icyphy/ptII/ptolemy/actor/lib/test/Clock.tcl
preinitializing
resolving types
initializing
executing number 1
wrapping up
idle
21 ms. Memory: 129024K Free: 74177K (57%)
Completed execution with 5 iterations
preinitializing
resolving types
initializing
executing number 1
wrapping up
idle
4 ms. Memory: 129024K Free: 73138K (57%)
Completed execution with 5 iterations
preinitializing
resolving types
initializing
executing number 1
wrapping up
idle
4 ms. Memory: 129024K Free: 72643K (56%)
Completed execution with 5 iterations
/home/travis/build/icyphy/ptII/ptolemy/actor/lib/test/Commutator.tcl
11 ms. Memory: 129024K Free: 70595K (55%)
10 ms. Memory: 129024K Free: 69571K (54%)
22 ms. Memory: 129024K Free: 63922K (50%)
/home/travis/build/icyphy/ptII/ptolemy/actor/lib/test/Const.tcl
11 ms. Memory: 129024K Free: 62403K (48%)
4 ms. Memory: 129024K Free: 61882K (48%)
8 ms. Memory: 129024K Free: 61379K (48%)
7 ms. Memory: 129024K Free: 60858K (47%)
2 ms. Memory: 129024K Free: 60355K (47%)
13 ms. Memory: 129024K Free: 58817K (46%)
5 ms. Memory: 129024K Free: 57778K (45%)
5 ms. Memory: 129024K Free: 56762K (44%)
/home/travis/build/icyphy/ptII/ptolemy/actor/lib/test/CurrentTime.tcl
preinitializing
resolving types
initializing
executing number 1
wrapping up
idle
19 ms. Memory: 129024K Free: 54706K (42%)
Completed execution with 11 iterations
/home/travis/build/icyphy/ptII/ptolemy/actor/lib/test/DB.tcl
9 ms. Memory: 129024K Free: 53187K (41%)
3 ms. Memory: 129024K Free: 52673K (41%)
1 ms. Memory: 129024K Free: 52161K (40%)
/home/travis/build/icyphy/ptII/ptolemy/actor/lib/test/DiscreteRandomSource.tcl
preinitializing
resolving types
initializing
executing number 1
wrapping up
idle
5 ms. Memory: 129024K Free: 50610K (39%)
Completed execution with 4 iterations
preinitializing
resolving types
initializing
executing number 1
wrapping up
idle
3 ms. Memory: 129024K Free: 50115K (39%)
Completed execution with 4 iterations
preinitializing
resolving types
initializing
executing number 1
wrapping up
idle
2 ms. Memory: 129024K Free: 49586K (38%)
Completed execution with 4 iterations
preinitializing
resolving types
initializing
executing number 1
wrapping up
idle
3 ms. Memory: 129024K Free: 49091K (38%)
Completed execution with 4 iterations
preinitializing
resolving types
initializing
executing number 1
wrapping up
idle
4 ms. Memory: 129024K Free: 48562K (38%)
Completed execution with 4 iterations
/home/travis/build/icyphy/ptII/ptolemy/actor/lib/test/Distributor.tcl
24 ms. Memory: 129024K Free: 113435K (88%)
17 ms. Memory: 129024K Free: 112515K (87%)
StreamChangeRequest.changeExecuted(): <deleteEntity name="rec2"/> succeeded
StreamChangeRequest.changeExecuted(): <deleteRelation name="r2"/> succeeded
StreamChangeRequest.changeExecuted(): Record firings per iteration succeeded
9 ms. Memory: 129024K Free: 110481K (86%)
/home/travis/build/icyphy/ptII/ptolemy/actor/lib/test/Exit.tcl
Exit.tcl: this will print a message about Manager.exitAfterWrapup, which can be ignored.
10 ms. Memory: 129024K Free: 107364K (83%)
/home/travis/build/icyphy/ptII/ptolemy/actor/lib/test/Expression.tcl
13 ms. Memory: 129024K Free: 104219K (81%)
2 ms. Memory: 129024K Free: 103313K (80%)
12 ms. Memory: 129024K Free: 102749K (80%)
preinitializing
resolving types
initializing
executing number 1
wrapping up
idle
9 ms. Memory: 129024K Free: 101251K (78%)
Completed execution with 6 iterations
7 ms. Memory: 129024K Free: 100257K (78%)
2 ms. Memory: 129024K Free: 99655K (77%)
9 ms. Memory: 129024K Free: 98187K (76%)
7 ms. Memory: 129024K Free: 97147K (75%)
7 ms. Memory: 129024K Free: 96027K (74%)
/home/travis/build/icyphy/ptII/ptolemy/actor/lib/test/Gaussian.tcl
6 ms. Memory: 129024K Free: 94067K (73%)
sleeping 1 seconds: ...............................................................................................................................................................................................................................................................................................................................................................................................................................................................................................................................................................................................................................................................................................................................................................................................................................................................................................................................................................................................................................................................................................................................................................................................................................................................................................................................................................................................................................................................................................................................................................................................................................................................................................................................................................................................................................................................................................................................................................................................................................................................................................................................................................................................................................................................................................................................................................................................................................................................................................................................................................................................................................................................................................................................................................................................................................................................................................................................................................................................................................................................................................................2 ms. Memory: 129024K Free: 102313K (79%)
2 ms. Memory: 129024K Free: 101785K (79%)
2 ms. Memory: 129024K Free: 100761K (78%)
2 ms. Memory: 129024K Free: 100265K (78%)
2 ms. Memory: 129024K Free: 99737K (77%)
/home/travis/build/icyphy/ptII/ptolemy/actor/lib/test/IIR.tcl
/home/travis/build/icyphy/ptII/ptolemy/actor/lib/test/Interpolator.tcl
4 ms. Memory: 129024K Free: 96169K (75%)
2 ms. Memory: 129024K Free: 95655K (74%)
3 ms. Memory: 129024K Free: 94631K (73%)
4 ms. Memory: 129024K Free: 94121K (73%)
6 ms. Memory: 129024K Free: 93601K (73%)
4 ms. Memory: 129024K Free: 92569K (72%)
3 ms. Memory: 129024K Free: 91529K (71%)
2 ms. Memory: 129024K Free: 90535K (70%)
2 ms. Memory: 129024K Free: 90025K (70%)
2 ms. Memory: 129024K Free: 89001K (69%)
/home/travis/build/icyphy/ptII/ptolemy/actor/lib/test/MathFunction.tcl
5 ms. Memory: 129024K Free: 86953K (67%)
2 ms. Memory: 129024K Free: 85929K (67%)
2 ms. Memory: 129024K Free: 84905K (66%)
1 ms. Memory: 129024K Free: 83881K (65%)
3 ms. Memory: 129024K Free: 82857K (64%)
6 ms. Memory: 129024K Free: 80809K (63%)
/home/travis/build/icyphy/ptII/ptolemy/actor/lib/test/Maximum.tcl
4 ms. Memory: 129024K Free: 78761K (61%)
2 ms. Memory: 129024K Free: 78241K (61%)
2 ms. Memory: 129024K Free: 77737K (60%)
3 ms. Memory: 129024K Free: 112373K (87%)
/home/travis/build/icyphy/ptII/ptolemy/actor/lib/test/Minimum.tcl
3 ms. Memory: 129024K Free: 110835K (86%)
2 ms. Memory: 129024K Free: 110325K (86%)
2 ms. Memory: 129024K Free: 109301K (85%)
2 ms. Memory: 129024K Free: 108773K (84%)
/home/travis/build/icyphy/ptII/ptolemy/actor/lib/test/MultiplyDivide.tcl
4 ms. Memory: 129024K Free: 106739K (83%)
2 ms. Memory: 129024K Free: 106229K (82%)
2 ms. Memory: 129024K Free: 105701K (82%)
3 ms. Memory: 129024K Free: 104691K (81%)
2 ms. Memory: 129024K Free: 104181K (81%)
/home/travis/build/icyphy/ptII/ptolemy/actor/lib/test/OrderedMerge.tcl
Connections changed on port: inputA
Connections changed on port: inputB
Connections changed on port: output
Connections changed on port: output
Connections changed on port: output
Connections changed on port: input
.top. Preinitializing ...
Invoking preinitialize():  .top.OrderedMerge
Called preinitialize()
Invoking preinitialize():  .top.Ramp
Called preinitialize()
Invoking preinitialize():  .top.Ramp2
Called preinitialize()
Invoking preinitialize():  .top.Test
Called preinitialize()
Connections changed on port: inputA
Connections changed on port: output
Connections changed on port: output
Connections changed on port: input
Connections changed on port: inputB
Connections changed on port: output
.top. Finished preinitialize().
Called initialize().
Invoking initialize():  .top.OrderedMerge
Initializing actor: .top.OrderedMerge
Adding a thread: .top.OrderedMerge
Invoking initialize():  .top.Ramp
Initializing actor: .top.Ramp
Adding a thread: .top.Ramp
Invoking initialize():  .top.Ramp2
Initializing actor: .top.Ramp2
Adding a thread: .top.Ramp2
Invoking initialize():  .top.Test
Initializing actor: .top.Test
Adding a thread: .top.Test
Called fire().
Checking for deadlock:
-- Starting thread.
Called initialize()
Called prefire()
Called fire()
-- Starting thread.
-- Starting thread.
Called initialize()
Called initialize()
Called prefire()
There are 0 Blocked actors, 0 Stopped actors, and 4 active threads.
Waiting for actors to stop.
Called fire()
-- Starting thread.
Called prefire()
Called fire()
Checking for deadlock:
There are 1 Blocked actors, 0 Stopped actors, and 4 active threads.
Waiting for actors to stop.
Called postfire()
Called prefire()
Called initialize()
Called fire()
Called postfire()
Called prefire()
Called fire()
Called prefire()
Called fire()
Read input token from inputA with value 0.0
Next port to read input from is inputB
Called postfire()
Called prefire()
Called fire()
Checking for deadlock:
There are 2 Blocked actors, 0 Stopped actors, and 4 active threads.
Waiting for actors to stop.
Called postfire()
Called prefire()
Called fire()
Called postfire()
Called prefire()
Called fire()
Read input token from inputB with value 0.0
Sent output token with value 0.0
Next port to read input from is inputA
Called postfire()
Called prefire()
Called fire()
Read input token from inputA with value 1.0
Checking for deadlock:
There are 2 Blocked actors, 0 Stopped actors, and 4 active threads.
Waiting for actors to stop.
Called postfire()
Called prefire()
Called fire()
-- Read input: 0.0, which is expected to match: 0.0
Called prefire()
Called fire()
Checking for deadlock:
There are 3 Blocked actors, 0 Stopped actors, and 4 active threads.
Waiting for actors to stop.
Checking for deadlock:
There are 2 Blocked actors, 0 Stopped actors, and 4 active threads.
Waiting for actors to stop.
-- Read input: 0.0, which is expected to match: 0.0
Called prefire()
Called fire()
Checking for deadlock:
There are 3 Blocked actors, 0 Stopped actors, and 4 active threads.
Waiting for actors to stop.
Sent output token with value 0.0
Next port to read input from is inputB
Called postfire()
Called prefire()
Called fire()
Checking for deadlock:
There are 2 Blocked actors, 0 Stopped actors, and 4 active threads.
Waiting for actors to stop.
Called postfire()
Called prefire()
Called fire()
Checking for deadlock:
There are 3 Blocked actors, 0 Stopped actors, and 4 active threads.
Waiting for actors to stop.
Read input token from inputB with value 1.5
Checking for deadlock:
There are 2 Blocked actors, 0 Stopped actors, and 4 active threads.
Waiting for actors to stop.
-- Read input: 1.0, which is expected to match: 1.0
Called prefire()
Called fire()
Checking for deadlock:
There are 3 Blocked actors, 0 Stopped actors, and 4 active threads.
Waiting for actors to stop.
Sent output token with value 1.0
Next port to read input from is inputA
Called postfire()
Called prefire()
Called fire()
Called postfire()
Called prefire()
Called fire()
Checking for deadlock:
There are 3 Blocked actors, 0 Stopped actors, and 4 active threads.
Waiting for actors to stop.
Read input token from inputA with value 2.0
-- Read input: 1.5, which is expected to match: 1.5
Called prefire()
Called fire()
Checking for deadlock:
There are 3 Blocked actors, 0 Stopped actors, and 4 active threads.
Waiting for actors to stop.
Sent output token with value 1.5
Next port to read input from is inputB
Called postfire()
Called prefire()
Called fire()
Checking for deadlock:
There are 2 Blocked actors, 0 Stopped actors, and 4 active threads.
Waiting for actors to stop.
Called postfire()
Called prefire()
Called fire()
Checking for deadlock:
There are 3 Blocked actors, 0 Stopped actors, and 4 active threads.
Waiting for actors to stop.
Read input token from inputB with value 3.0
Checking for deadlock:
There are 2 Blocked actors, 0 Stopped actors, and 4 active threads.
Waiting for actors to stop.
-- Read input: 2.0, which is expected to match: 2.0
Called prefire()
Called fire()
Checking for deadlock:
There are 3 Blocked actors, 0 Stopped actors, and 4 active threads.
Waiting for actors to stop.
Sent output token with value 2.0
Next port to read input from is inputA
Called postfire()
Called prefire()
Called fire()
Called postfire()
Called prefire()
Called fire()
Checking for deadlock:
There are 3 Blocked actors, 0 Stopped actors, and 4 active threads.
Waiting for actors to stop.
Read input token from inputA with value 3.0
-- Read input: 3.0, which is expected to match: 3.0
Called prefire()
Called fire()
Checking for deadlock:
There are 3 Blocked actors, 0 Stopped actors, and 4 active threads.
Waiting for actors to stop.
Sent output token with value 3.0
Next port to read input from is inputB
Called postfire()
Called prefire()
Called fire()
Checking for deadlock:
There are 2 Blocked actors, 0 Stopped actors, and 4 active threads.
Waiting for actors to stop.
Called postfire()
Called prefire()
Called fire()
Checking for deadlock:
There are 3 Blocked actors, 0 Stopped actors, and 4 active threads.
Waiting for actors to stop.
Read input token from inputB with value 4.5
Checking for deadlock:
There are 2 Blocked actors, 0 Stopped actors, and 4 active threads.
Waiting for actors to stop.
-- Read input: 3.0, which is expected to match: 3.0
Called prefire()
Called fire()
Checking for deadlock:
There are 3 Blocked actors, 0 Stopped actors, and 4 active threads.
Waiting for actors to stop.
Sent output token with value 3.0
Next port to read input from is inputA
Called postfire()
Called prefire()
Called fire()
Called postfire()
Called prefire()
Called fire()
Checking for deadlock:
There are 3 Blocked actors, 0 Stopped actors, and 4 active threads.
Waiting for actors to stop.
Read input token from inputA with value 4.0
-- Read input: 4.0, which is expected to match: 4.0
Called prefire()
Called fire()
Past the end of training data. Read and discard all inputs.
Checking for deadlock:
There are 3 Blocked actors, 0 Stopped actors, and 4 active threads.
Waiting for actors to stop.
Sent output token with value 4.0
Next port to read input from is inputA
Called postfire()
Called prefire()
Called fire()
Called postfire()
Called prefire()
Called fire()
Checking for deadlock:
There are 3 Blocked actors, 0 Stopped actors, and 4 active threads.
Waiting for actors to stop.
Read input token from inputA with value 5.0
Called prefire()
Called fire()
Past the end of training data. Read and discard all inputs.
Checking for deadlock:
There are 3 Blocked actors, 0 Stopped actors, and 4 active threads.
Waiting for actors to stop.
Sent output token with value 4.5
Next port to read input from is inputB
Called postfire()
Called prefire()
Called fire()
Checking for deadlock:
There are 2 Blocked actors, 0 Stopped actors, and 4 active threads.
Waiting for actors to stop.
Called postfire()
Called prefire()
Called fire()
Checking for deadlock:
There are 3 Blocked actors, 0 Stopped actors, and 4 active threads.
Waiting for actors to stop.
Read input token from inputB with value 6.0
Checking for deadlock:
There are 2 Blocked actors, 0 Stopped actors, and 4 active threads.
Waiting for actors to stop.
Called prefire()
Called fire()
Past the end of training data. Read and discard all inputs.
Checking for deadlock:
There are 3 Blocked actors, 0 Stopped actors, and 4 active threads.
Waiting for actors to stop.
Sent output token with value 5.0
Next port to read input from is inputA
Called postfire()
Called prefire()
Called fire()
Called postfire()
Called prefire()
Called fire()
Checking for deadlock:
There are 3 Blocked actors, 0 Stopped actors, and 4 active threads.
Waiting for actors to stop.
Read input token from inputA with value 6.0
Called prefire()
Called fire()
Past the end of training data. Read and discard all inputs.
Checking for deadlock:
There are 3 Blocked actors, 0 Stopped actors, and 4 active threads.
Waiting for actors to stop.
Sent output token with value 6.0
Next port to read input from is inputB
Called postfire()
Called prefire()
Called fire()
Checking for deadlock:
There are 2 Blocked actors, 0 Stopped actors, and 4 active threads.
Waiting for actors to stop.
Called postfire()
Called prefire()
Called fire()
Checking for deadlock:
There are 3 Blocked actors, 0 Stopped actors, and 4 active threads.
Waiting for actors to stop.
Read input token from inputB with value 7.5
Checking for deadlock:
There are 2 Blocked actors, 0 Stopped actors, and 4 active threads.
Waiting for actors to stop.
Called prefire()
Called fire()
Past the end of training data. Read and discard all inputs.
Checking for deadlock:
There are 3 Blocked actors, 0 Stopped actors, and 4 active threads.
Waiting for actors to stop.
Sent output token with value 6.0
Next port to read input from is inputA
Called postfire()
Called prefire()
Called fire()
Called postfire()
Called prefire()
Called fire()
Checking for deadlock:
There are 3 Blocked actors, 0 Stopped actors, and 4 active threads.
Waiting for actors to stop.
Read input token from inputA with value 7.0
Called prefire()
Called fire()
Past the end of training data. Read and discard all inputs.
Checking for deadlock:
There are 3 Blocked actors, 0 Stopped actors, and 4 active threads.
Waiting for actors to stop.
Sent output token with value 7.0
Next port to read input from is inputA
Called postfire()
Called prefire()
Called fire()
-- Thread wrapup() called.
Called wrapup()
Thread .top.Ramp is exiting.
-- Thread stopped.
Checking for deadlock:
There are 2 Blocked actors, 0 Stopped actors, and 3 active threads.
Waiting for actors to stop.
Read input token from inputA with value 8.0
Sent output token with value 7.5
Next port to read input from is inputB
Called postfire()
Called prefire()
Called fire()
Read input token from inputB with value 9.0
Checking for deadlock:
There are 1 Blocked actors, 0 Stopped actors, and 3 active threads.
Waiting for actors to stop.
Called prefire()
Called fire()
Past the end of training data. Read and discard all inputs.
Called postfire()
Called prefire()
Called fire()
Checking for deadlock:
There are 2 Blocked actors, 0 Stopped actors, and 3 active threads.
Waiting for actors to stop.
Called prefire()
Called fire()
Past the end of training data. Read and discard all inputs.
Checking for deadlock:
There are 2 Blocked actors, 0 Stopped actors, and 3 active threads.
Waiting for actors to stop.
Sent output token with value 8.0
Next port to read input from is inputA
Called postfire()
Called prefire()
Called fire()
Read input token from inputA with value 9.0
Called prefire()
Called fire()
Past the end of training data. Read and discard all inputs.
Checking for deadlock:
There are 2 Blocked actors, 0 Stopped actors, and 3 active threads.
Waiting for actors to stop.
Sent output token with value 9.0
Next port to read input from is inputB
Called postfire()
Called prefire()
Called fire()
Checking for deadlock:
There are 1 Blocked actors, 0 Stopped actors, and 3 active threads.
Waiting for actors to stop.
Called postfire()
Called prefire()
Called fire()
Checking for deadlock:
There are 2 Blocked actors, 0 Stopped actors, and 3 active threads.
Waiting for actors to stop.
Read input token from inputB with value 10.5
Checking for deadlock:
There are 1 Blocked actors, 0 Stopped actors, and 3 active threads.
Waiting for actors to stop.
Called prefire()
Called fire()
Past the end of training data. Read and discard all inputs.
Checking for deadlock:
There are 2 Blocked actors, 0 Stopped actors, and 3 active threads.
Waiting for actors to stop.
Sent output token with value 9.0
Next port to read input from is inputA
Called postfire()
Called prefire()
Called fire()
Checking for deadlock:
There are 3 Blocked actors, 0 Stopped actors, and 3 active threads.
Actors have stopped.
Checking for deadlock:
There are 3 Blocked actors, 0 Stopped actors, and 3 active threads.
Deadlock detected.
Resolving Deadlock
Checking for deadlock:
There are 3 Blocked actors, 0 Stopped actors, and 3 active threads.
Artificial Deadlock - increasing queue capacity.
increasing the capacity of receiver ptolemy.actor.TypedIOPort {.top.OrderedMerge.inputB} to 2
-- Thread wrapup() called.
Called wrapup()
Thread .top.Ramp2 is exiting.
-- Thread stopped.
Director: Called postfire().
Called postfire().
_stopRequested = false
_stopFireRequested = false
Returning from postfire(): true
Called fire().
Checking for deadlock:
There are 2 Blocked actors, 0 Stopped actors, and 2 active threads.
Actors have stopped.
Checking for deadlock:
There are 2 Blocked actors, 0 Stopped actors, and 2 active threads.
Deadlock detected.
Resolving Deadlock
Checking for deadlock:
There are 2 Blocked actors, 0 Stopped actors, and 2 active threads.
Deadlock detected: no processes blocked on write, but some are blocked on read.
Called postfire().
_stopRequested = false
_stopFireRequested = false
Returning from postfire(): false
Finished deactivating branches.
Called wrapup().
-- Thread wrapup() called.
Called wrapup()
Thread .top.Test is exiting.
-- Thread stopped.
-- Blocked Receiver call threw TerminateProcessException.
-- Thread wrapup() called.
Called wrapup()
Thread .top.OrderedMerge is exiting.
-- Thread stopped.
-- Blocked Receiver call threw TerminateProcessException.
50 ms. Memory: 129024K Free: 99571K (77%)
.top. Preinitializing ...
Invoking preinitialize():  .top.OrderedMerge
Called preinitialize()
Invoking preinitialize():  .top.Ramp
Called preinitialize()
Invoking preinitialize():  .top.Ramp2
Called preinitialize()
Invoking preinitialize():  .top.Test
Called preinitialize()
.top. Finished preinitialize().
Called initialize().
Invoking initialize():  .top.OrderedMerge
Initializing actor: .top.OrderedMerge
Adding a thread: .top.OrderedMerge
Invoking initialize():  .top.Ramp
Initializing actor: .top.Ramp
Adding a thread: .top.Ramp
Invoking initialize():  .top.Ramp2
Initializing actor: .top.Ramp2
Adding a thread: .top.Ramp2
Invoking initialize():  .top.Test
Initializing actor: .top.Test
Adding a thread: .top.Test
-- Starting thread.
Called initialize()
Called prefire()
Called fire()
-- Starting thread.
Called initialize()
Called prefire()
Called fire()
Called postfire()
Called prefire()
Called fire()
-- Starting thread.
Called fire().
Checking for deadlock:
Called initialize()
There are 2 Blocked actors, 0 Stopped actors, and 4 active threads.
Waiting for actors to stop.
Called prefire()
Called fire()
Called postfire()
Called prefire()
Called fire()
Checking for deadlock:
There are 3 Blocked actors, 0 Stopped actors, and 4 active threads.
Waiting for actors to stop.
-- Starting thread.
Called initialize()
Called prefire()
Called fire()
Checking for deadlock:
Called postfire()
There are 2 Blocked actors, 0 Stopped actors, and 4 active threads.
Called prefire()
Waiting for actors to stop.
Called fire()
Checking for deadlock:
There are 3 Blocked actors, 0 Stopped actors, and 4 active threads.
Waiting for actors to stop.
Read input token from inputA with value 0.0
Next port to read input from is inputB
Called postfire()
Called prefire()
Called fire()
Checking for deadlock:
There are 2 Blocked actors, 0 Stopped actors, and 4 active threads.
Waiting for actors to stop.
Called postfire()
Called prefire()
Called fire()
Checking for deadlock:
There are 3 Blocked actors, 0 Stopped actors, and 4 active threads.
Waiting for actors to stop.
Read input token from inputB with value 0.0
Checking for deadlock:
There are 2 Blocked actors, 0 Stopped actors, and 4 active threads.
Waiting for actors to stop.
-- Read input: 0.0, which is expected to match: 0.0
Called prefire()
Called fire()
Checking for deadlock:
There are 3 Blocked actors, 0 Stopped actors, and 4 active threads.
Waiting for actors to stop.
Sent output token with value 0.0
Next port to read input from is inputA
Called postfire()
Called prefire()
Called fire()
Checking for deadlock:
There are 2 Blocked actors, 0 Stopped actors, and 4 active threads.
Waiting for actors to stop.
Called postfire()
Called prefire()
Called fire()
Read input token from inputA with value 1.0
Checking for deadlock:
There are 3 Blocked actors, 0 Stopped actors, and 4 active threads.
Waiting for actors to stop.
Checking for deadlock:
There are 2 Blocked actors, 0 Stopped actors, and 4 active threads.
Waiting for actors to stop.
-- Read input: 0.0, which is expected to match: 0.0
Called prefire()
Called fire()
Checking for deadlock:
There are 3 Blocked actors, 0 Stopped actors, and 4 active threads.
Waiting for actors to stop.
Sent output token with value 0.0
Next port to read input from is inputB
Called postfire()
Called prefire()
Called fire()
Called postfire()
Called prefire()
Called fire()
Checking for deadlock:
There are 3 Blocked actors, 0 Stopped actors, and 4 active threads.
Waiting for actors to stop.
Read input token from inputB with value 1.5
-- Read input: 1.0, which is expected to match: 1.0
Called prefire()
Called fire()
Checking for deadlock:
There are 3 Blocked actors, 0 Stopped actors, and 4 active threads.
Waiting for actors to stop.
Sent output token with value 1.0
Next port to read input from is inputA
Called postfire()
Called prefire()
Called fire()
Checking for deadlock:
Called postfire()
There are 2 Blocked actors, 0 Stopped actors, and 4 active threads.
Called prefire()
Called fire()
Waiting for actors to stop.
Read input token from inputA with value 2.0
Checking for deadlock:
There are 2 Blocked actors, 0 Stopped actors, and 4 active threads.
Waiting for actors to stop.
-- Read input: 1.5, which is expected to match: 1.5
Called prefire()
Called fire()
Checking for deadlock:
There are 3 Blocked actors, 0 Stopped actors, and 4 active threads.
Waiting for actors to stop.
Sent output token with value 1.5
Next port to read input from is inputB
Called postfire()
Called prefire()
Called fire()
Checking for deadlock:
There are 2 Blocked actors, 0 Stopped actors, and 4 active threads.
Waiting for actors to stop.
Called postfire()
Called prefire()
Called fire()
Checking for deadlock:
There are 3 Blocked actors, 0 Stopped actors, and 4 active threads.
Waiting for actors to stop.
Read input token from inputB with value 3.0
Checking for deadlock:
There are 2 Blocked actors, 0 Stopped actors, and 4 active threads.
Waiting for actors to stop.
-- Read input: 2.0, which is expected to match: 2.0
Called prefire()
Called fire()
Checking for deadlock:
There are 3 Blocked actors, 0 Stopped actors, and 4 active threads.
Waiting for actors to stop.
Sent output token with value 2.0
Next port to read input from is inputA
Called postfire()
Called prefire()
Called fire()
Checking for deadlock:
There are 2 Blocked actors, 0 Stopped actors, and 4 active threads.
Waiting for actors to stop.
Called postfire()
Called prefire()
Called fire()
Checking for deadlock:
There are 3 Blocked actors, 0 Stopped actors, and 4 active threads.
Waiting for actors to stop.
Read input token from inputA with value 3.0
Checking for deadlock:
There are 2 Blocked actors, 0 Stopped actors, and 4 active threads.
Waiting for actors to stop.
-- Read input: 3.0, which is expected to match: 3.0
Called prefire()
Called fire()
Checking for deadlock:
There are 3 Blocked actors, 0 Stopped actors, and 4 active threads.
Waiting for actors to stop.
Sent output token with value 3.0
Next port to read input from is inputB
Called postfire()
Called prefire()
Called fire()
Called postfire()
Called prefire()
Called fire()
Checking for deadlock:
There are 3 Blocked actors, 0 Stopped actors, and 4 active threads.
Waiting for actors to stop.
Read input token from inputB with value 4.5
-- Read input: 3.0, which is expected to match: 3.0
Called prefire()
Called fire()
Checking for deadlock:
There are 3 Blocked actors, 0 Stopped actors, and 4 active threads.
Waiting for actors to stop.
Sent output token with value 3.0
Next port to read input from is inputA
Called postfire()
Called prefire()
Called fire()
Read input token from inputA with value 4.0
Called postfire()
Sent output token with value 4.0
Called prefire()
Next port to read input from is inputA
Called postfire()
Called fire()
Called prefire()
Called fire()
Checking for deadlock:
There are 2 Blocked actors, 0 Stopped actors, and 4 active threads.
Waiting for actors to stop.
Checking for deadlock:
There are 1 Blocked actors, 0 Stopped actors, and 4 active threads.
Waiting for actors to stop.
-- Read input: 4.0, which is expected to match: 4.0
Called postfire()
Called prefire()
Called fire()
Called prefire()
Called fire()
Past the end of training data. Read and discard all inputs.
Checking for deadlock:
Read input token from inputA with value 5.0
There are 3 Blocked actors, 0 Stopped actors, and 4 active threads.
Waiting for actors to stop.
Checking for deadlock:
Called prefire()
Called fire()
There are 2 Blocked actors, 0 Stopped actors, and 4 active threads.
Waiting for actors to stop.
Past the end of training data. Read and discard all inputs.
Checking for deadlock:
There are 3 Blocked actors, 0 Stopped actors, and 4 active threads.
Waiting for actors to stop.
Sent output token with value 4.5
Next port to read input from is inputB
Called postfire()
Called prefire()
Called fire()
Checking for deadlock:
Read input token from inputB with value 6.0
There are 2 Blocked actors, 0 Stopped actors, and 4 active threads.
Waiting for actors to stop.
Called postfire()
Called prefire()
Called fire()
Checking for deadlock:
There are 2 Blocked actors, 0 Stopped actors, and 4 active threads.
Waiting for actors to stop.
Sent output token with value 5.0
Called prefire()
Called fire()
Past the end of training data. Read and discard all inputs.
Checking for deadlock:
There are 3 Blocked actors, 0 Stopped actors, and 4 active threads.
Waiting for actors to stop.
Next port to read input from is inputA
Called postfire()
Called prefire()
Called fire()
Called postfire()
Called prefire()
Called fire()
Read input token from inputA with value 6.0
Checking for deadlock:
There are 3 Blocked actors, 0 Stopped actors, and 4 active threads.
Waiting for actors to stop.
Checking for deadlock:
Called prefire()
Called fire()
Past the end of training data. Read and discard all inputs.
There are 2 Blocked actors, 0 Stopped actors, and 4 active threads.
Waiting for actors to stop.
Checking for deadlock:
There are 3 Blocked actors, 0 Stopped actors, and 4 active threads.
Waiting for actors to stop.
Sent output token with value 6.0
Next port to read input from is inputB
Called postfire()
Called prefire()
Called fire()
Checking for deadlock:
There are 2 Blocked actors, 0 Stopped actors, and 4 active threads.
Waiting for actors to stop.
Called postfire()
Called prefire()
Called fire()
Checking for deadlock:
Read input token from inputB with value 7.5
There are 3 Blocked actors, 0 Stopped actors, and 4 active threads.
Waiting for actors to stop.
Checking for deadlock:
There are 2 Blocked actors, 0 Stopped actors, and 4 active threads.
Waiting for actors to stop.
Sent output token with value 6.0
Called prefire()
Called fire()
Past the end of training data. Read and discard all inputs.
Checking for deadlock:
There are 3 Blocked actors, 0 Stopped actors, and 4 active threads.
Waiting for actors to stop.
Next port to read input from is inputA
Called postfire()
Called prefire()
Called fire()
Called postfire()
Called prefire()
Read input token from inputA with value 7.0
Called fire()
Sent output token with value 7.0
Checking for deadlock:
Next port to read input from is inputA
Called postfire()
There are 2 Blocked actors, 0 Stopped actors, and 4 active threads.
Waiting for actors to stop.
Called prefire()
Called fire()
Read input token from inputA with value 8.0
Checking for deadlock:
Called prefire()
There are 1 Blocked actors, 0 Stopped actors, and 4 active threads.
Called fire()
Past the end of training data. Read and discard all inputs.
Waiting for actors to stop.
-- Thread wrapup() called.
Called wrapup()
Thread .top.Ramp is exiting.
-- Thread stopped.
Sent output token with value 7.5
Next port to read input from is inputB
Called postfire()
Called prefire()
Called fire()
Read input token from inputB with value 9.0
Checking for deadlock:
There are 1 Blocked actors, 0 Stopped actors, and 3 active threads.
Waiting for actors to stop.
Called postfire()
Called prefire()
Called fire()
Checking for deadlock:
Called prefire()
There are 1 Blocked actors, 0 Stopped actors, and 3 active threads.
Waiting for actors to stop.
Called fire()
Past the end of training data. Read and discard all inputs.
Checking for deadlock:
There are 2 Blocked actors, 0 Stopped actors, and 3 active threads.
Waiting for actors to stop.
Sent output token with value 8.0
Next port to read input from is inputA
Called postfire()
Called prefire()
Called fire()
Read input token from inputA with value 9.0
Called prefire()
Called fire()
Past the end of training data. Read and discard all inputs.
Checking for deadlock:
There are 2 Blocked actors, 0 Stopped actors, and 3 active threads.
Waiting for actors to stop.
Sent output token with value 9.0
Next port to read input from is inputB
Called postfire()
Called prefire()
Called fire()
Read input token from inputB with value 10.5
Called prefire()
Called fire()
Past the end of training data. Read and discard all inputs.
Checking for deadlock:
There are 1 Blocked actors, 0 Stopped actors, and 3 active threads.
Waiting for actors to stop.
Called postfire()
Called prefire()
Called fire()
Checking for deadlock:
There are 1 Blocked actors, 0 Stopped actors, and 3 active threads.
Sent output token with value 9.0
Waiting for actors to stop.
Next port to read input from is inputA
Called postfire()
Called prefire()
Called fire()
Checking for deadlock:
Called prefire()
There are 2 Blocked actors, 0 Stopped actors, and 3 active threads.
Waiting for actors to stop.
Called fire()
Past the end of training data. Read and discard all inputs.
Checking for deadlock:
There are 3 Blocked actors, 0 Stopped actors, and 3 active threads.
Actors have stopped.
Checking for deadlock:
There are 3 Blocked actors, 0 Stopped actors, and 3 active threads.
Deadlock detected.
Resolving Deadlock
Checking for deadlock:
There are 3 Blocked actors, 0 Stopped actors, and 3 active threads.
Artificial Deadlock - increasing queue capacity.
increasing the capacity of receiver ptolemy.actor.TypedIOPort {.top.OrderedMerge.inputB} to 2
Director: Called postfire().
Called postfire().
_stopRequested = false
_stopFireRequested = false
Returning from postfire(): true
Called fire().
-- Thread wrapup() called.
Checking for deadlock:
Called wrapup()
There are 2 Blocked actors, 0 Stopped actors, and 3 active threads.
Waiting for actors to stop.
Thread .top.Ramp2 is exiting.
-- Thread stopped.
Checking for deadlock:
There are 2 Blocked actors, 0 Stopped actors, and 2 active threads.
Actors have stopped.
Checking for deadlock:
There are 2 Blocked actors, 0 Stopped actors, and 2 active threads.
Deadlock detected.
Resolving Deadlock
Checking for deadlock:
There are 2 Blocked actors, 0 Stopped actors, and 2 active threads.
Deadlock detected: no processes blocked on write, but some are blocked on read.
Called postfire().
_stopRequested = false
_stopFireRequested = false
Returning from postfire(): false
Finished deactivating branches.
Called wrapup().
-- Thread wrapup() called.
Called wrapup()
Thread .top.Test is exiting.
-- Thread stopped.
-- Blocked Receiver call threw TerminateProcessException.
-- Thread wrapup() called.
Called wrapup()
Thread .top.OrderedMerge is exiting.
-- Thread stopped.
-- Blocked Receiver call threw TerminateProcessException.
41 ms. Memory: 129024K Free: 97595K (76%)
/home/travis/build/icyphy/ptII/ptolemy/actor/lib/test/Publisher.tcl
22 ms. Memory: 129024K Free: 112061K (87%)
6 ms. Memory: 129024K Free: 107028K (83%)
6 ms. Memory: 129024K Free: 103452K (80%)
8 ms. Memory: 129024K Free: 102428K (79%)
4 ms. Memory: 129024K Free: 101404K (79%)
10 ms. Memory: 129024K Free: 100884K (78%)
3 ms. Memory: 129024K Free: 99852K (77%)
9 ms. Memory: 129024K Free: 98842K (77%)
27 ms. Memory: 129024K Free: 89116K (69%)
3 ms. Memory: 129024K Free: 85020K (66%)
3 ms. Memory: 129024K Free: 84492K (65%)
3 ms. Memory: 129024K Free: 82444K (64%)
6 ms. Memory: 129024K Free: 74780K (58%)
6 ms. Memory: 129024K Free: 65020K (50%)
23 ms. Memory: 155648K Free: 134597K (86%)
/home/travis/build/icyphy/ptII/ptolemy/actor/lib/test/Pulse.tcl
4 ms. Memory: 155648K Free: 97219K (62%)
10 ms. Memory: 155648K Free: 96195K (62%)
1 ms. Memory: 155648K Free: 95685K (61%)
1 ms. Memory: 155648K Free: 95157K (61%)
8 ms. Memory: 155648K Free: 94661K (61%)
7 ms. Memory: 155648K Free: 93637K (60%)
4 ms. Memory: 155648K Free: 92613K (60%)
3 ms. Memory: 155648K Free: 92093K (59%)
2 ms. Memory: 155648K Free: 91061K (59%)
/home/travis/build/icyphy/ptII/ptolemy/actor/lib/test/Ramp.tcl
6 ms. Memory: 155648K Free: 89541K (58%)
3 ms. Memory: 155648K Free: 88517K (57%)
2 ms. Memory: 155648K Free: 87989K (57%)
2 ms. Memory: 155648K Free: 86965K (56%)
4 ms. Memory: 155648K Free: 86469K (56%)
8 ms. Memory: 155648K Free: 85445K (55%)
6 ms. Memory: 155648K Free: 84421K (54%)
5 actors
14000 microseconds per iteration to create
9 ms. Memory: 155648K Free: 81859K (53%)
2 ms. Memory: 155648K Free: 81349K (52%)
2 ms. Memory: 155648K Free: 80805K (52%)
2 ms. Memory: 155648K Free: 79811K (51%)
50 actors
52000 microseconds per iteration to create
49 ms. Memory: 155648K Free: 129800K (83%)
5 ms. Memory: 155648K Free: 128776K (83%)
5 ms. Memory: 155648K Free: 127752K (82%)
5 ms. Memory: 155648K Free: 126728K (81%)
500 actors
1712000 microseconds per iteration to create
249 ms. Memory: 155648K Free: 109938K (71%)
54 ms. Memory: 155648K Free: 104304K (67%)
45 ms. Memory: 155648K Free: 99184K (64%)
44 ms. Memory: 155648K Free: 94064K (60%)
/home/travis/build/icyphy/ptII/ptolemy/actor/lib/test/RampContinuous.tcl
9 ms. Memory: 155648K Free: 92530K (59%)
/home/travis/build/icyphy/ptII/ptolemy/actor/lib/test/RecordAssembler.tcl
6 ms. Memory: 155648K Free: 90961K (58%)
4 ms. Memory: 155648K Free: 89953K (58%)
/home/travis/build/icyphy/ptII/ptolemy/actor/lib/test/RecordDisassembler.tcl
13 ms. Memory: 155648K Free: 87920K (56%)
5 ms. Memory: 155648K Free: 87410K (56%)
3 ms. Memory: 155648K Free: 86386K (56%)
/home/travis/build/icyphy/ptII/ptolemy/actor/lib/test/Scale.tcl
3 ms. Memory: 155648K Free: 84338K (54%)
2 ms. Memory: 155648K Free: 83809K (54%)
1 ms. Memory: 155648K Free: 82793K (53%)
2 ms. Memory: 155648K Free: 81761K (53%)
2 ms. Memory: 155648K Free: 81266K (52%)
/home/travis/build/icyphy/ptII/ptolemy/actor/lib/test/SequentialClock.tcl
preinitializing
resolving types
initializing
executing number 1
wrapping up
idle
4 ms. Memory: 155648K Free: 79721K (51%)
Completed execution with 5 iterations
preinitializing
resolving types
initializing
executing number 1
wrapping up
idle
1 ms. Memory: 155648K Free: 79218K (51%)
Completed execution with 5 iterations
preinitializing
resolving types
initializing
executing number 1
wrapping up
idle
2 ms. Memory: 155648K Free: 78689K (51%)
Completed execution with 5 iterations
/home/travis/build/icyphy/ptII/ptolemy/actor/lib/test/SetVariable.tcl
4 ms. Memory: 155648K Free: 77170K (50%)
/home/travis/build/icyphy/ptII/ptolemy/actor/lib/test/Sinewave.tcl
/home/travis/build/icyphy/ptII/ptolemy/actor/lib/test/SubscriptionAggregator.tcl
3 ms. Memory: 155648K Free: 65392K (42%)
2 ms. Memory: 155648K Free: 64882K (42%)
1 ms. Memory: 155648K Free: 64361K (41%)
1 ms. Memory: 155648K Free: 64361K (41%)
2 ms. Memory: 155648K Free: 60753K (39%)
8 ms. Memory: 155648K Free: 58224K (37%)
...............................................................1066 ms. Memory: 269312K Free: 134408K (50%)
/home/travis/build/icyphy/ptII/ptolemy/actor/lib/test/Test.tcl
 The next command will produce a warning about training mode,
   which may be ignored.
5 ms. Memory: 269312K Free: 132360K (49%)
4 ms. Memory: 269312K Free: 131832K (49%)
1 ms. Memory: 269312K Free: 130792K (49%)
1 ms. Memory: 269312K Free: 130312K (48%)
3 ms. Memory: 269312K Free: 129798K (48%)
2 ms. Memory: 269312K Free: 128760K (48%)
3 ms. Memory: 269312K Free: 127240K (47%)
 The next command will produce a warning about training mode,
   which may be ignored.
4 ms. Memory: 269312K Free: 124678K (46%)
 The next command will produce a warning about training mode,
   which may be ignored.
3 ms. Memory: 269312K Free: 123640K (46%)
1 ms. Memory: 269312K Free: 123144K (46%)
1 ms. Memory: 269312K Free: 122630K (46%)
2 ms. Memory: 269312K Free: 122120K (45%)
7 ms. Memory: 269312K Free: 121096K (45%)
5 ms. Memory: 269312K Free: 117504K (44%)
/home/travis/build/icyphy/ptII/ptolemy/actor/lib/test/TestExceptionHandler.tcl
 The next command will produce a warning about training mode,
   which may be ignored.
3 ms. Memory: 269312K Free: 115976K (43%)
1 ms. Memory: 269312K Free: 115462K (43%)
1 ms. Memory: 269312K Free: 114952K (43%)
/home/travis/build/icyphy/ptII/ptolemy/actor/lib/test/UnionDisassembler.tcl
27 ms. Memory: 269312K Free: 107784K (40%)
/home/travis/build/icyphy/ptII/ptolemy/actor/lib/test/VariableClock.tcl
preinitializing
resolving types
initializing
executing number 1
wrapping up
idle
9 ms. Memory: 269312K Free: 106240K (39%)
Completed execution with 11 iterations
preinitializing
resolving types
initializing
executing number 1
wrapping up
idle
5 ms. Memory: 269312K Free: 104712K (39%)
Completed execution with 10 iterations
10/02/20 01:01:10
Failed: 0  Total Tests: 233  ((Passed: 233, Newly Passed: 0)  Known Failed: 0) /home/travis/build/icyphy/ptII/ptolemy/actor/lib/test
----------------- testing (KnownFailure) /home/travis/build/icyphy/ptII/ptolemy/actor/lib/test/auto/knownFailedTests/PublisherPortToplevelSubscriber.xml
0 ms. Memory: 269312K Free: 101126K (38%)
Known Failure: java.lang.reflect.InvocationTargetException
----------------- testing (KnownFailure) /home/travis/build/icyphy/ptII/ptolemy/actor/lib/test/auto/knownFailedTests/PublisherSubscriberPortToplevel.xml
1 ms. Memory: 269312K Free: 97030K (36%)
Known Failure: java.lang.reflect.InvocationTargetException
----------------- testing (KnownFailure) /home/travis/build/icyphy/ptII/ptolemy/actor/lib/test/auto/knownFailedTests/PublisherSubscriptionAggregatorPort.xml
1 ms. Memory: 269312K Free: 92424K (34%)
Known Failure: java.lang.reflect.InvocationTargetException
----------------- testing (KnownFailure) /home/travis/build/icyphy/ptII/ptolemy/actor/lib/test/auto/knownFailedTests/sizedarray3.xml
4 ms. Memory: 269312K Free: 88328K (33%)
Known Failure: java.lang.reflect.InvocationTargetException
No auto/linux-amd64/*.xml tests in /home/travis/build/icyphy/ptII/ptolemy/actor/lib/test
AutoTests.java: About to close Vertx.
AutoTests.java: Vertx closed.

===========================================================================================
----------------- testing Fri Oct 02 01:01:10 UTC 2020 /home/travis/build/icyphy/ptII/ptolemy/actor/lib/test/auto/AbsoluteValue.xml
----------------- Instantiating /home/travis/build/icyphy/ptII/ptolemy/actor/lib/test/auto/AbsoluteValue.xml
4 ms. Memory: 269312K Free: 208134K (77%)
----------------- Invoking toplevel() on ptolemy.moml.MoMLSimpleApplication@411b5ca1
----------------- Done invoking toplevel() on ptolemy.moml.MoMLSimpleApplication@411b5ca1
reloadAllAccessors: .AbsoluteValue

===========================================================================================
----------------- testing Fri Oct 02 01:01:10 UTC 2020 /home/travis/build/icyphy/ptII/ptolemy/actor/lib/test/auto/AbsoluteValue2.xml
----------------- Instantiating /home/travis/build/icyphy/ptII/ptolemy/actor/lib/test/auto/AbsoluteValue2.xml
5 ms. Memory: 269312K Free: 201480K (75%)
----------------- Invoking toplevel() on ptolemy.moml.MoMLSimpleApplication@3509687f
----------------- Done invoking toplevel() on ptolemy.moml.MoMLSimpleApplication@3509687f
reloadAllAccessors: .AbsoluteValue2

===========================================================================================
----------------- testing Fri Oct 02 01:01:10 UTC 2020 /home/travis/build/icyphy/ptII/ptolemy/actor/lib/test/auto/Accumulator.xml
----------------- Instantiating /home/travis/build/icyphy/ptII/ptolemy/actor/lib/test/auto/Accumulator.xml
7 ms. Memory: 269312K Free: 194822K (72%)
----------------- Invoking toplevel() on ptolemy.moml.MoMLSimpleApplication@59479bd6
----------------- Done invoking toplevel() on ptolemy.moml.MoMLSimpleApplication@59479bd6
reloadAllAccessors: .Accumulator

===========================================================================================
----------------- testing Fri Oct 02 01:01:10 UTC 2020 /home/travis/build/icyphy/ptII/ptolemy/actor/lib/test/auto/Accumulator2.xml
----------------- Instantiating /home/travis/build/icyphy/ptII/ptolemy/actor/lib/test/auto/Accumulator2.xml
3 ms. Memory: 269312K Free: 189702K (70%)
----------------- Invoking toplevel() on ptolemy.moml.MoMLSimpleApplication@53472a68
----------------- Done invoking toplevel() on ptolemy.moml.MoMLSimpleApplication@53472a68
reloadAllAccessors: .Accumulator2

===========================================================================================
----------------- testing Fri Oct 02 01:01:11 UTC 2020 /home/travis/build/icyphy/ptII/ptolemy/actor/lib/test/auto/Accumulator3.xml
----------------- Instantiating /home/travis/build/icyphy/ptII/ptolemy/actor/lib/test/auto/Accumulator3.xml
2 ms. Memory: 269312K Free: 185096K (69%)
----------------- Invoking toplevel() on ptolemy.moml.MoMLSimpleApplication@2d9f3461
----------------- Done invoking toplevel() on ptolemy.moml.MoMLSimpleApplication@2d9f3461
reloadAllAccessors: .Accumulator3

===========================================================================================
----------------- testing Fri Oct 02 01:01:11 UTC 2020 /home/travis/build/icyphy/ptII/ptolemy/actor/lib/test/auto/ArrayAppend.xml
----------------- Instantiating /home/travis/build/icyphy/ptII/ptolemy/actor/lib/test/auto/ArrayAppend.xml
8 ms. Memory: 269312K Free: 179448K (67%)
----------------- Invoking toplevel() on ptolemy.moml.MoMLSimpleApplication@123a9574
----------------- Done invoking toplevel() on ptolemy.moml.MoMLSimpleApplication@123a9574
reloadAllAccessors: .ArrayAppend

===========================================================================================
----------------- testing Fri Oct 02 01:01:11 UTC 2020 /home/travis/build/icyphy/ptII/ptolemy/actor/lib/test/auto/ArrayAppend2.xml
----------------- Instantiating /home/travis/build/icyphy/ptII/ptolemy/actor/lib/test/auto/ArrayAppend2.xml
381 ms. Memory: 269312K Free: 97032K (36%)
----------------- Invoking toplevel() on ptolemy.moml.MoMLSimpleApplication@67d2219b
----------------- Done invoking toplevel() on ptolemy.moml.MoMLSimpleApplication@67d2219b
reloadAllAccessors: .ArrayAppend2

===========================================================================================
----------------- testing Fri Oct 02 01:01:11 UTC 2020 /home/travis/build/icyphy/ptII/ptolemy/actor/lib/test/auto/ArrayAppend3.xml
----------------- Instantiating /home/travis/build/icyphy/ptII/ptolemy/actor/lib/test/auto/ArrayAppend3.xml
3 ms. Memory: 269312K Free: 91398K (34%)
----------------- Invoking toplevel() on ptolemy.moml.MoMLSimpleApplication@11b0ca9f
----------------- Done invoking toplevel() on ptolemy.moml.MoMLSimpleApplication@11b0ca9f
reloadAllAccessors: .ArrayAppend3

===========================================================================================
----------------- testing Fri Oct 02 01:01:11 UTC 2020 /home/travis/build/icyphy/ptII/ptolemy/actor/lib/test/auto/ArrayAppend4.xml
----------------- Instantiating /home/travis/build/icyphy/ptII/ptolemy/actor/lib/test/auto/ArrayAppend4.xml
2 ms. Memory: 269312K Free: 86278K (32%)
----------------- Invoking toplevel() on ptolemy.moml.MoMLSimpleApplication@f4946f2
----------------- Done invoking toplevel() on ptolemy.moml.MoMLSimpleApplication@f4946f2
reloadAllAccessors: .ArrayAppend4

===========================================================================================
----------------- testing Fri Oct 02 01:01:11 UTC 2020 /home/travis/build/icyphy/ptII/ptolemy/actor/lib/test/auto/ArrayAppend5.xml
----------------- Instantiating /home/travis/build/icyphy/ptII/ptolemy/actor/lib/test/auto/ArrayAppend5.xml
2 ms. Memory: 269312K Free: 81158K (30%)
----------------- Invoking toplevel() on ptolemy.moml.MoMLSimpleApplication@4322b3dc
----------------- Done invoking toplevel() on ptolemy.moml.MoMLSimpleApplication@4322b3dc
reloadAllAccessors: .ArrayAppend5

===========================================================================================
----------------- testing Fri Oct 02 01:01:11 UTC 2020 /home/travis/build/icyphy/ptII/ptolemy/actor/lib/test/auto/ArrayAppend6.xml
----------------- Instantiating /home/travis/build/icyphy/ptII/ptolemy/actor/lib/test/auto/ArrayAppend6.xml
2 ms. Memory: 269312K Free: 216237K (80%)
----------------- Invoking toplevel() on ptolemy.moml.MoMLSimpleApplication@f3416ac
----------------- Done invoking toplevel() on ptolemy.moml.MoMLSimpleApplication@f3416ac
reloadAllAccessors: .ArrayAppend6

===========================================================================================
----------------- testing Fri Oct 02 01:01:11 UTC 2020 /home/travis/build/icyphy/ptII/ptolemy/actor/lib/test/auto/ArrayAppendPerformanceTest.xml
----------------- Instantiating /home/travis/build/icyphy/ptII/ptolemy/actor/lib/test/auto/ArrayAppendPerformanceTest.xml
40 ms. Memory: 269312K Free: 204973K (76%)
----------------- Invoking toplevel() on ptolemy.moml.MoMLSimpleApplication@8c646a1
----------------- Done invoking toplevel() on ptolemy.moml.MoMLSimpleApplication@8c646a1
reloadAllAccessors: .ArrayAppendPerformanceTest

===========================================================================================
----------------- testing Fri Oct 02 01:01:11 UTC 2020 /home/travis/build/icyphy/ptII/ptolemy/actor/lib/test/auto/ArrayAppendWithEmptyInput.xml
----------------- Instantiating /home/travis/build/icyphy/ptII/ptolemy/actor/lib/test/auto/ArrayAppendWithEmptyInput.xml
20 ms. Memory: 269312K Free: 197295K (73%)
----------------- Invoking toplevel() on ptolemy.moml.MoMLSimpleApplication@3f0d2399
----------------- Done invoking toplevel() on ptolemy.moml.MoMLSimpleApplication@3f0d2399
reloadAllAccessors: .ArrayAppendWithEmptyInput

===========================================================================================
----------------- testing Fri Oct 02 01:01:11 UTC 2020 /home/travis/build/icyphy/ptII/ptolemy/actor/lib/test/auto/ArrayAverage.xml
----------------- Instantiating /home/travis/build/icyphy/ptII/ptolemy/actor/lib/test/auto/ArrayAverage.xml
5 ms. Memory: 269312K Free: 189613K (70%)
----------------- Invoking toplevel() on ptolemy.moml.MoMLSimpleApplication@356ed9ec
----------------- Done invoking toplevel() on ptolemy.moml.MoMLSimpleApplication@356ed9ec
reloadAllAccessors: .ArrayAverage

===========================================================================================
----------------- testing Fri Oct 02 01:01:11 UTC 2020 /home/travis/build/icyphy/ptII/ptolemy/actor/lib/test/auto/ArrayContains.xml
----------------- Instantiating /home/travis/build/icyphy/ptII/ptolemy/actor/lib/test/auto/ArrayContains.xml
6 ms. Memory: 269312K Free: 183469K (68%)
----------------- Invoking toplevel() on ptolemy.moml.MoMLSimpleApplication@5e704208
----------------- Done invoking toplevel() on ptolemy.moml.MoMLSimpleApplication@5e704208
reloadAllAccessors: .ArrayContains

===========================================================================================
----------------- testing Fri Oct 02 01:01:11 UTC 2020 /home/travis/build/icyphy/ptII/ptolemy/actor/lib/test/auto/ArrayElement.xml
----------------- Instantiating /home/travis/build/icyphy/ptII/ptolemy/actor/lib/test/auto/ArrayElement.xml
3 ms. Memory: 269312K Free: 177839K (66%)
----------------- Invoking toplevel() on ptolemy.moml.MoMLSimpleApplication@59b7bbf5
----------------- Done invoking toplevel() on ptolemy.moml.MoMLSimpleApplication@59b7bbf5
reloadAllAccessors: .ArrayElement

===========================================================================================
----------------- testing Fri Oct 02 01:01:12 UTC 2020 /home/travis/build/icyphy/ptII/ptolemy/actor/lib/test/auto/ArrayElementAsMatrix.xml
----------------- Instantiating /home/travis/build/icyphy/ptII/ptolemy/actor/lib/test/auto/ArrayElementAsMatrix.xml
9 ms. Memory: 269312K Free: 167599K (62%)
----------------- Invoking toplevel() on ptolemy.moml.MoMLSimpleApplication@6d19ea88
----------------- Done invoking toplevel() on ptolemy.moml.MoMLSimpleApplication@6d19ea88
reloadAllAccessors: .ArrayElementAsMatrix

===========================================================================================
----------------- testing Fri Oct 02 01:01:12 UTC 2020 /home/travis/build/icyphy/ptII/ptolemy/actor/lib/test/auto/ArrayElementI.xml
----------------- Instantiating /home/travis/build/icyphy/ptII/ptolemy/actor/lib/test/auto/ArrayElementI.xml
3 ms. Memory: 269312K Free: 162479K (60%)
----------------- Invoking toplevel() on ptolemy.moml.MoMLSimpleApplication@1d9e086e
----------------- Done invoking toplevel() on ptolemy.moml.MoMLSimpleApplication@1d9e086e
reloadAllAccessors: .ArrayElementI

===========================================================================================
----------------- testing Fri Oct 02 01:01:12 UTC 2020 /home/travis/build/icyphy/ptII/ptolemy/actor/lib/test/auto/ArrayExtract.xml
----------------- Instantiating /home/travis/build/icyphy/ptII/ptolemy/actor/lib/test/auto/ArrayExtract.xml
5 ms. Memory: 269312K Free: 154287K (57%)
----------------- Invoking toplevel() on ptolemy.moml.MoMLSimpleApplication@35f3d283
----------------- Done invoking toplevel() on ptolemy.moml.MoMLSimpleApplication@35f3d283
reloadAllAccessors: .ArrayExtract

===========================================================================================
----------------- testing Fri Oct 02 01:01:12 UTC 2020 /home/travis/build/icyphy/ptII/ptolemy/actor/lib/test/auto/ArrayExtract2.xml
----------------- Instantiating /home/travis/build/icyphy/ptII/ptolemy/actor/lib/test/auto/ArrayExtract2.xml
3 ms. Memory: 269312K Free: 149167K (55%)
----------------- Invoking toplevel() on ptolemy.moml.MoMLSimpleApplication@78114b00
----------------- Done invoking toplevel() on ptolemy.moml.MoMLSimpleApplication@78114b00
reloadAllAccessors: .ArrayExtract2

===========================================================================================
----------------- testing Fri Oct 02 01:01:12 UTC 2020 /home/travis/build/icyphy/ptII/ptolemy/actor/lib/test/auto/ArrayLength.xml
----------------- Instantiating /home/travis/build/icyphy/ptII/ptolemy/actor/lib/test/auto/ArrayLength.xml
4 ms. Memory: 269312K Free: 145071K (54%)
----------------- Invoking toplevel() on ptolemy.moml.MoMLSimpleApplication@59b761d7
----------------- Done invoking toplevel() on ptolemy.moml.MoMLSimpleApplication@59b761d7
reloadAllAccessors: .ArrayLength

===========================================================================================
----------------- testing Fri Oct 02 01:01:12 UTC 2020 /home/travis/build/icyphy/ptII/ptolemy/actor/lib/test/auto/ArrayLevelCrossing.xml
----------------- Instantiating /home/travis/build/icyphy/ptII/ptolemy/actor/lib/test/auto/ArrayLevelCrossing.xml
3 ms. Memory: 269312K Free: 137389K (51%)
----------------- Invoking toplevel() on ptolemy.moml.MoMLSimpleApplication@136c6111
----------------- Done invoking toplevel() on ptolemy.moml.MoMLSimpleApplication@136c6111
reloadAllAccessors: .ArrayLevelCrossing

===========================================================================================
----------------- testing Fri Oct 02 01:01:12 UTC 2020 /home/travis/build/icyphy/ptII/ptolemy/actor/lib/test/auto/ArrayLevelCrossing2.xml
----------------- Instantiating /home/travis/build/icyphy/ptII/ptolemy/actor/lib/test/auto/ArrayLevelCrossing2.xml
4 ms. Memory: 269312K Free: 130190K (48%)
----------------- Invoking toplevel() on ptolemy.moml.MoMLSimpleApplication@2a3c30c7
----------------- Done invoking toplevel() on ptolemy.moml.MoMLSimpleApplication@2a3c30c7
reloadAllAccessors: .ArrayLevelCrossing2

===========================================================================================
----------------- testing Fri Oct 02 01:01:12 UTC 2020 /home/travis/build/icyphy/ptII/ptolemy/actor/lib/test/auto/ArrayPeakSearch.xml
----------------- Instantiating /home/travis/build/icyphy/ptII/ptolemy/actor/lib/test/auto/ArrayPeakSearch.xml
4 ms. Memory: 269312K Free: 121519K (45%)
----------------- Invoking toplevel() on ptolemy.moml.MoMLSimpleApplication@51d5f1f0
----------------- Done invoking toplevel() on ptolemy.moml.MoMLSimpleApplication@51d5f1f0
reloadAllAccessors: .ArrayPeakSearch

===========================================================================================
----------------- testing Fri Oct 02 01:01:12 UTC 2020 /home/travis/build/icyphy/ptII/ptolemy/actor/lib/test/auto/ArrayPeakSearch2.xml
----------------- Instantiating /home/travis/build/icyphy/ptII/ptolemy/actor/lib/test/auto/ArrayPeakSearch2.xml
7 ms. Memory: 269312K Free: 110734K (41%)
----------------- Invoking toplevel() on ptolemy.moml.MoMLSimpleApplication@21678e81
----------------- Done invoking toplevel() on ptolemy.moml.MoMLSimpleApplication@21678e81
reloadAllAccessors: .ArrayPeakSearch2

===========================================================================================
----------------- testing Fri Oct 02 01:01:12 UTC 2020 /home/travis/build/icyphy/ptII/ptolemy/actor/lib/test/auto/ArrayPeakSearch3.xml
----------------- Instantiating /home/travis/build/icyphy/ptII/ptolemy/actor/lib/test/auto/ArrayPeakSearch3.xml
4 ms. Memory: 269312K Free: 102063K (38%)
----------------- Invoking toplevel() on ptolemy.moml.MoMLSimpleApplication@66952cad
----------------- Done invoking toplevel() on ptolemy.moml.MoMLSimpleApplication@66952cad
reloadAllAccessors: .ArrayPeakSearch3

===========================================================================================
----------------- testing Fri Oct 02 01:01:12 UTC 2020 /home/travis/build/icyphy/ptII/ptolemy/actor/lib/test/auto/ArrayRemoveElement.xml
----------------- Instantiating /home/travis/build/icyphy/ptII/ptolemy/actor/lib/test/auto/ArrayRemoveElement.xml
4 ms. Memory: 269312K Free: 93871K (35%)
----------------- Invoking toplevel() on ptolemy.moml.MoMLSimpleApplication@9601357
----------------- Done invoking toplevel() on ptolemy.moml.MoMLSimpleApplication@9601357
reloadAllAccessors: .ArrayRemoveElement

===========================================================================================
----------------- testing Fri Oct 02 01:01:12 UTC 2020 /home/travis/build/icyphy/ptII/ptolemy/actor/lib/test/auto/ArraySort.xml
----------------- Instantiating /home/travis/build/icyphy/ptII/ptolemy/actor/lib/test/auto/ArraySort.xml
9 ms. Memory: 269312K Free: 85165K (32%)
----------------- Invoking toplevel() on ptolemy.moml.MoMLSimpleApplication@17ecce48
----------------- Done invoking toplevel() on ptolemy.moml.MoMLSimpleApplication@17ecce48
reloadAllAccessors: .ArraySort

===========================================================================================
----------------- testing Fri Oct 02 01:01:12 UTC 2020 /home/travis/build/icyphy/ptII/ptolemy/actor/lib/test/auto/ArraySum.xml
----------------- Instantiating /home/travis/build/icyphy/ptII/ptolemy/actor/lib/test/auto/ArraySum.xml
7 ms. Memory: 269312K Free: 80045K (30%)
----------------- Invoking toplevel() on ptolemy.moml.MoMLSimpleApplication@5d15dfec
----------------- Done invoking toplevel() on ptolemy.moml.MoMLSimpleApplication@5d15dfec
reloadAllAccessors: .ArraySum

===========================================================================================
----------------- testing Fri Oct 02 01:01:12 UTC 2020 /home/travis/build/icyphy/ptII/ptolemy/actor/lib/test/auto/ArrayToElements.xml
----------------- Instantiating /home/travis/build/icyphy/ptII/ptolemy/actor/lib/test/auto/ArrayToElements.xml
12 ms. Memory: 269312K Free: 74415K (28%)
----------------- Invoking toplevel() on ptolemy.moml.MoMLSimpleApplication@373b215a
----------------- Done invoking toplevel() on ptolemy.moml.MoMLSimpleApplication@373b215a
reloadAllAccessors: .ArrayToElements

===========================================================================================
----------------- testing Fri Oct 02 01:01:12 UTC 2020 /home/travis/build/icyphy/ptII/ptolemy/actor/lib/test/auto/ArrayToMatrix.xml
----------------- Instantiating /home/travis/build/icyphy/ptII/ptolemy/actor/lib/test/auto/ArrayToMatrix.xml
8 ms. Memory: 269312K Free: 217332K (81%)
----------------- Invoking toplevel() on ptolemy.moml.MoMLSimpleApplication@7d73fdef
----------------- Done invoking toplevel() on ptolemy.moml.MoMLSimpleApplication@7d73fdef
reloadAllAccessors: .ArrayToMatrix

===========================================================================================
----------------- testing Fri Oct 02 01:01:12 UTC 2020 /home/travis/build/icyphy/ptII/ptolemy/actor/lib/test/auto/ArrayUpdate1.xml
----------------- Instantiating /home/travis/build/icyphy/ptII/ptolemy/actor/lib/test/auto/ArrayUpdate1.xml
5 ms. Memory: 269312K Free: 212212K (79%)
----------------- Invoking toplevel() on ptolemy.moml.MoMLSimpleApplication@25ab4248
----------------- Done invoking toplevel() on ptolemy.moml.MoMLSimpleApplication@25ab4248
reloadAllAccessors: .ArrayUpdate1

===========================================================================================
----------------- testing Fri Oct 02 01:01:12 UTC 2020 /home/travis/build/icyphy/ptII/ptolemy/actor/lib/test/auto/ArrayUpdate2.xml
----------------- Instantiating /home/travis/build/icyphy/ptII/ptolemy/actor/lib/test/auto/ArrayUpdate2.xml
4 ms. Memory: 269312K Free: 206054K (77%)
----------------- Invoking toplevel() on ptolemy.moml.MoMLSimpleApplication@315ff9da
----------------- Done invoking toplevel() on ptolemy.moml.MoMLSimpleApplication@315ff9da
reloadAllAccessors: .ArrayUpdate2

===========================================================================================
----------------- testing Fri Oct 02 01:01:12 UTC 2020 /home/travis/build/icyphy/ptII/ptolemy/actor/lib/test/auto/ArrayUpdate3.xml
----------------- Instantiating /home/travis/build/icyphy/ptII/ptolemy/actor/lib/test/auto/ArrayUpdate3.xml
8 ms. Memory: 269312K Free: 200948K (75%)
----------------- Invoking toplevel() on ptolemy.moml.MoMLSimpleApplication@23ad625c
----------------- Done invoking toplevel() on ptolemy.moml.MoMLSimpleApplication@23ad625c
reloadAllAccessors: .ArrayUpdate3

===========================================================================================
----------------- testing Fri Oct 02 01:01:12 UTC 2020 /home/travis/build/icyphy/ptII/ptolemy/actor/lib/test/auto/Assert1.xml
----------------- Instantiating /home/travis/build/icyphy/ptII/ptolemy/actor/lib/test/auto/Assert1.xml
5 ms. Memory: 269312K Free: 196342K (73%)
----------------- Invoking toplevel() on ptolemy.moml.MoMLSimpleApplication@1156078
----------------- Done invoking toplevel() on ptolemy.moml.MoMLSimpleApplication@1156078
reloadAllAccessors: .Assert1

===========================================================================================
----------------- testing Fri Oct 02 01:01:12 UTC 2020 /home/travis/build/icyphy/ptII/ptolemy/actor/lib/test/auto/Assert2.xml
----------------- Instantiating /home/travis/build/icyphy/ptII/ptolemy/actor/lib/test/auto/Assert2.xml
2 ms. Memory: 269312K Free: 191732K (71%)
----------------- Invoking toplevel() on ptolemy.moml.MoMLSimpleApplication@36d59598
----------------- Done invoking toplevel() on ptolemy.moml.MoMLSimpleApplication@36d59598
reloadAllAccessors: .Assert2

===========================================================================================
----------------- testing Fri Oct 02 01:01:12 UTC 2020 /home/travis/build/icyphy/ptII/ptolemy/actor/lib/test/auto/BooleanMultiplexor.xml
----------------- Instantiating /home/travis/build/icyphy/ptII/ptolemy/actor/lib/test/auto/BooleanMultiplexor.xml
2 ms. Memory: 269312K Free: 186102K (69%)
----------------- Invoking toplevel() on ptolemy.moml.MoMLSimpleApplication@5c72f565
----------------- Done invoking toplevel() on ptolemy.moml.MoMLSimpleApplication@5c72f565
reloadAllAccessors: .BooleanMultiplexor

===========================================================================================
----------------- testing Fri Oct 02 01:01:12 UTC 2020 /home/travis/build/icyphy/ptII/ptolemy/actor/lib/test/auto/BooleanMultiplexor2.xml
----------------- Instantiating /home/travis/build/icyphy/ptII/ptolemy/actor/lib/test/auto/BooleanMultiplexor2.xml
13 ms. Memory: 269312K Free: 179958K (67%)
----------------- Invoking toplevel() on ptolemy.moml.MoMLSimpleApplication@25177c7c
----------------- Done invoking toplevel() on ptolemy.moml.MoMLSimpleApplication@25177c7c
reloadAllAccessors: .BooleanMultiplexor2

===========================================================================================
----------------- testing Fri Oct 02 01:01:12 UTC 2020 /home/travis/build/icyphy/ptII/ptolemy/actor/lib/test/auto/BooleanMultiplexor3.xml
----------------- Instantiating /home/travis/build/icyphy/ptII/ptolemy/actor/lib/test/auto/BooleanMultiplexor3.xml
7 ms. Memory: 269312K Free: 175862K (65%)
----------------- Invoking toplevel() on ptolemy.moml.MoMLSimpleApplication@14979cc3
----------------- Done invoking toplevel() on ptolemy.moml.MoMLSimpleApplication@14979cc3
reloadAllAccessors: .BooleanMultiplexor3

===========================================================================================
----------------- testing Fri Oct 02 01:01:12 UTC 2020 /home/travis/build/icyphy/ptII/ptolemy/actor/lib/test/auto/BooleanSelect.xml
----------------- Instantiating /home/travis/build/icyphy/ptII/ptolemy/actor/lib/test/auto/BooleanSelect.xml
8 ms. Memory: 269312K Free: 170198K (63%)
----------------- Invoking toplevel() on ptolemy.moml.MoMLSimpleApplication@49501aa2
----------------- Done invoking toplevel() on ptolemy.moml.MoMLSimpleApplication@49501aa2
reloadAllAccessors: .BooleanSelect

===========================================================================================
----------------- testing Fri Oct 02 01:01:12 UTC 2020 /home/travis/build/icyphy/ptII/ptolemy/actor/lib/test/auto/BooleanSelect2.xml
----------------- Instantiating /home/travis/build/icyphy/ptII/ptolemy/actor/lib/test/auto/BooleanSelect2.xml
1 ms. Memory: 269312K Free: 165622K (61%)
----------------- Invoking toplevel() on ptolemy.moml.MoMLSimpleApplication@5cfbcca7
----------------- Done invoking toplevel() on ptolemy.moml.MoMLSimpleApplication@5cfbcca7
reloadAllAccessors: .BooleanSelect2

===========================================================================================
----------------- testing Fri Oct 02 01:01:12 UTC 2020 /home/travis/build/icyphy/ptII/ptolemy/actor/lib/test/auto/BooleanSwitch.xml
----------------- Instantiating /home/travis/build/icyphy/ptII/ptolemy/actor/lib/test/auto/BooleanSwitch.xml
4 ms. Memory: 269312K Free: 159988K (59%)
----------------- Invoking toplevel() on ptolemy.moml.MoMLSimpleApplication@3209d0a7
----------------- Done invoking toplevel() on ptolemy.moml.MoMLSimpleApplication@3209d0a7
reloadAllAccessors: .BooleanSwitch

===========================================================================================
----------------- testing Fri Oct 02 01:01:12 UTC 2020 /home/travis/build/icyphy/ptII/ptolemy/actor/lib/test/auto/BooleanSwitch2.xml
----------------- Instantiating /home/travis/build/icyphy/ptII/ptolemy/actor/lib/test/auto/BooleanSwitch2.xml
2 ms. Memory: 269312K Free: 155382K (58%)
----------------- Invoking toplevel() on ptolemy.moml.MoMLSimpleApplication@67ed381b
----------------- Done invoking toplevel() on ptolemy.moml.MoMLSimpleApplication@67ed381b
reloadAllAccessors: .BooleanSwitch2

===========================================================================================
----------------- testing Fri Oct 02 01:01:12 UTC 2020 /home/travis/build/icyphy/ptII/ptolemy/actor/lib/test/auto/BooleanSwitchCloningBugWithClassRelationGroup.xml
----------------- Instantiating /home/travis/build/icyphy/ptII/ptolemy/actor/lib/test/auto/BooleanSwitchCloningBugWithClassRelationGroup.xml
8 ms. Memory: 269312K Free: 149238K (55%)
----------------- Invoking toplevel() on ptolemy.moml.MoMLSimpleApplication@2ba4a425
----------------- Done invoking toplevel() on ptolemy.moml.MoMLSimpleApplication@2ba4a425
reloadAllAccessors: .BooleanSwitchCloningBugWithClassRelationGroup

===========================================================================================
----------------- testing Fri Oct 02 01:01:12 UTC 2020 /home/travis/build/icyphy/ptII/ptolemy/actor/lib/test/auto/BusActors.xml
----------------- Instantiating /home/travis/build/icyphy/ptII/ptolemy/actor/lib/test/auto/BusActors.xml
3 ms. Memory: 269312K Free: 141046K (52%)
----------------- Invoking toplevel() on ptolemy.moml.MoMLSimpleApplication@592e76c2
----------------- Done invoking toplevel() on ptolemy.moml.MoMLSimpleApplication@592e76c2
reloadAllAccessors: .BusActors

===========================================================================================
----------------- testing Fri Oct 02 01:01:12 UTC 2020 /home/travis/build/icyphy/ptII/ptolemy/actor/lib/test/auto/ClassWrapper.xml
----------------- Instantiating /home/travis/build/icyphy/ptII/ptolemy/actor/lib/test/auto/ClassWrapper.xml
4 ms. Memory: 269312K Free: 136950K (51%)
----------------- Invoking toplevel() on ptolemy.moml.MoMLSimpleApplication@126b51ae
----------------- Done invoking toplevel() on ptolemy.moml.MoMLSimpleApplication@126b51ae
reloadAllAccessors: .ClassWrapper

===========================================================================================
----------------- testing Fri Oct 02 01:01:13 UTC 2020 /home/travis/build/icyphy/ptII/ptolemy/actor/lib/test/auto/Clock.xml
----------------- Instantiating /home/travis/build/icyphy/ptII/ptolemy/actor/lib/test/auto/Clock.xml
3 ms. Memory: 269312K Free: 132854K (49%)
----------------- Invoking toplevel() on ptolemy.moml.MoMLSimpleApplication@59eea89d
----------------- Done invoking toplevel() on ptolemy.moml.MoMLSimpleApplication@59eea89d
reloadAllAccessors: .Clock

===========================================================================================
----------------- testing Fri Oct 02 01:01:13 UTC 2020 /home/travis/build/icyphy/ptII/ptolemy/actor/lib/test/auto/Clock10.xml
----------------- Instantiating /home/travis/build/icyphy/ptII/ptolemy/actor/lib/test/auto/Clock10.xml
4 ms. Memory: 269312K Free: 127220K (47%)
----------------- Invoking toplevel() on ptolemy.moml.MoMLSimpleApplication@b432b46
----------------- Done invoking toplevel() on ptolemy.moml.MoMLSimpleApplication@b432b46
reloadAllAccessors: .Clock10

===========================================================================================
----------------- testing Fri Oct 02 01:01:13 UTC 2020 /home/travis/build/icyphy/ptII/ptolemy/actor/lib/test/auto/Clock11.xml
----------------- Instantiating /home/travis/build/icyphy/ptII/ptolemy/actor/lib/test/auto/Clock11.xml
4 ms. Memory: 269312K Free: 121076K (45%)
----------------- Invoking toplevel() on ptolemy.moml.MoMLSimpleApplication@40a51665
----------------- Done invoking toplevel() on ptolemy.moml.MoMLSimpleApplication@40a51665
reloadAllAccessors: .Clock11

===========================================================================================
----------------- testing Fri Oct 02 01:01:13 UTC 2020 /home/travis/build/icyphy/ptII/ptolemy/actor/lib/test/auto/Clock12.xml
----------------- Instantiating /home/travis/build/icyphy/ptII/ptolemy/actor/lib/test/auto/Clock12.xml
5 ms. Memory: 269312K Free: 115446K (43%)
----------------- Invoking toplevel() on ptolemy.moml.MoMLSimpleApplication@52447d41
----------------- Done invoking toplevel() on ptolemy.moml.MoMLSimpleApplication@52447d41
reloadAllAccessors: .Clock12

===========================================================================================
----------------- testing Fri Oct 02 01:01:13 UTC 2020 /home/travis/build/icyphy/ptII/ptolemy/actor/lib/test/auto/Clock13.xml
----------------- Instantiating /home/travis/build/icyphy/ptII/ptolemy/actor/lib/test/auto/Clock13.xml
4 ms. Memory: 269312K Free: 109302K (41%)
----------------- Invoking toplevel() on ptolemy.moml.MoMLSimpleApplication@7593fa7a
----------------- Done invoking toplevel() on ptolemy.moml.MoMLSimpleApplication@7593fa7a
reloadAllAccessors: .Clock13

===========================================================================================
----------------- testing Fri Oct 02 01:01:13 UTC 2020 /home/travis/build/icyphy/ptII/ptolemy/actor/lib/test/auto/Clock14.xml
----------------- Instantiating /home/travis/build/icyphy/ptII/ptolemy/actor/lib/test/auto/Clock14.xml
3 ms. Memory: 269312K Free: 103654K (38%)
----------------- Invoking toplevel() on ptolemy.moml.MoMLSimpleApplication@79b2456c
----------------- Done invoking toplevel() on ptolemy.moml.MoMLSimpleApplication@79b2456c
reloadAllAccessors: .Clock14

===========================================================================================
----------------- testing Fri Oct 02 01:01:13 UTC 2020 /home/travis/build/icyphy/ptII/ptolemy/actor/lib/test/auto/Clock15.xml
----------------- Instantiating /home/travis/build/icyphy/ptII/ptolemy/actor/lib/test/auto/Clock15.xml
2 ms. Memory: 269312K Free: 97510K (36%)
----------------- Invoking toplevel() on ptolemy.moml.MoMLSimpleApplication@22804f47
----------------- Done invoking toplevel() on ptolemy.moml.MoMLSimpleApplication@22804f47
reloadAllAccessors: .Clock15

===========================================================================================
----------------- testing Fri Oct 02 01:01:13 UTC 2020 /home/travis/build/icyphy/ptII/ptolemy/actor/lib/test/auto/Clock16.xml
----------------- Instantiating /home/travis/build/icyphy/ptII/ptolemy/actor/lib/test/auto/Clock16.xml
38 ms. Memory: 269312K Free: 82150K (31%)
----------------- Invoking toplevel() on ptolemy.moml.MoMLSimpleApplication@6860c6fd
----------------- Done invoking toplevel() on ptolemy.moml.MoMLSimpleApplication@6860c6fd
reloadAllAccessors: .Clock16

===========================================================================================
----------------- testing Fri Oct 02 01:01:13 UTC 2020 /home/travis/build/icyphy/ptII/ptolemy/actor/lib/test/auto/Clock17.xml
----------------- Instantiating /home/travis/build/icyphy/ptII/ptolemy/actor/lib/test/auto/Clock17.xml
23 ms. Memory: 269312K Free: 68342K (25%)
----------------- Invoking toplevel() on ptolemy.moml.MoMLSimpleApplication@2bde27e
----------------- Done invoking toplevel() on ptolemy.moml.MoMLSimpleApplication@2bde27e
reloadAllAccessors: .Clock17

===========================================================================================
----------------- testing Fri Oct 02 01:01:13 UTC 2020 /home/travis/build/icyphy/ptII/ptolemy/actor/lib/test/auto/Clock18.xml
----------------- Instantiating /home/travis/build/icyphy/ptII/ptolemy/actor/lib/test/auto/Clock18.xml
20 ms. Memory: 269312K Free: 213620K (79%)
----------------- Invoking toplevel() on ptolemy.moml.MoMLSimpleApplication@2975eae3
----------------- Done invoking toplevel() on ptolemy.moml.MoMLSimpleApplication@2975eae3
reloadAllAccessors: .Clock18

===========================================================================================
----------------- testing Fri Oct 02 01:01:13 UTC 2020 /home/travis/build/icyphy/ptII/ptolemy/actor/lib/test/auto/Clock19.xml
----------------- Instantiating /home/travis/build/icyphy/ptII/ptolemy/actor/lib/test/auto/Clock19.xml
13 ms. Memory: 269312K Free: 200308K (74%)
----------------- Invoking toplevel() on ptolemy.moml.MoMLSimpleApplication@3e53ee2c
----------------- Done invoking toplevel() on ptolemy.moml.MoMLSimpleApplication@3e53ee2c
reloadAllAccessors: .Clock19

===========================================================================================
----------------- testing Fri Oct 02 01:01:13 UTC 2020 /home/travis/build/icyphy/ptII/ptolemy/actor/lib/test/auto/Clock2.xml
----------------- Instantiating /home/travis/build/icyphy/ptII/ptolemy/actor/lib/test/auto/Clock2.xml
9 ms. Memory: 269312K Free: 195668K (73%)
----------------- Invoking toplevel() on ptolemy.moml.MoMLSimpleApplication@5bb9557e
----------------- Done invoking toplevel() on ptolemy.moml.MoMLSimpleApplication@5bb9557e
reloadAllAccessors: .Clock2

===========================================================================================
----------------- testing Fri Oct 02 01:01:13 UTC 2020 /home/travis/build/icyphy/ptII/ptolemy/actor/lib/test/auto/Clock20.xml
----------------- Instantiating /home/travis/build/icyphy/ptII/ptolemy/actor/lib/test/auto/Clock20.xml
6 ms. Memory: 269312K Free: 190578K (71%)
----------------- Invoking toplevel() on ptolemy.moml.MoMLSimpleApplication@7fa1cc0f
----------------- Done invoking toplevel() on ptolemy.moml.MoMLSimpleApplication@7fa1cc0f
reloadAllAccessors: .Clock20

===========================================================================================
----------------- testing Fri Oct 02 01:01:13 UTC 2020 /home/travis/build/icyphy/ptII/ptolemy/actor/lib/test/auto/Clock21.xml
----------------- Instantiating /home/travis/build/icyphy/ptII/ptolemy/actor/lib/test/auto/Clock21.xml
3 ms. Memory: 269312K Free: 184948K (69%)
----------------- Invoking toplevel() on ptolemy.moml.MoMLSimpleApplication@3a80b2cc
----------------- Done invoking toplevel() on ptolemy.moml.MoMLSimpleApplication@3a80b2cc
reloadAllAccessors: .Clock21

===========================================================================================
----------------- testing Fri Oct 02 01:01:13 UTC 2020 /home/travis/build/icyphy/ptII/ptolemy/actor/lib/test/auto/Clock22.xml
----------------- Instantiating /home/travis/build/icyphy/ptII/ptolemy/actor/lib/test/auto/Clock22.xml
3 ms. Memory: 269312K Free: 179828K (67%)
----------------- Invoking toplevel() on ptolemy.moml.MoMLSimpleApplication@2637ca4c
----------------- Done invoking toplevel() on ptolemy.moml.MoMLSimpleApplication@2637ca4c
reloadAllAccessors: .Clock22

===========================================================================================
----------------- testing Fri Oct 02 01:01:13 UTC 2020 /home/travis/build/icyphy/ptII/ptolemy/actor/lib/test/auto/Clock23.xml
----------------- Instantiating /home/travis/build/icyphy/ptII/ptolemy/actor/lib/test/auto/Clock23.xml
4 ms. Memory: 269312K Free: 174194K (65%)
----------------- Invoking toplevel() on ptolemy.moml.MoMLSimpleApplication@390140e3
----------------- Done invoking toplevel() on ptolemy.moml.MoMLSimpleApplication@390140e3
reloadAllAccessors: .Clock23

===========================================================================================
----------------- testing Fri Oct 02 01:01:13 UTC 2020 /home/travis/build/icyphy/ptII/ptolemy/actor/lib/test/auto/Clock24.xml
----------------- Instantiating /home/travis/build/icyphy/ptII/ptolemy/actor/lib/test/auto/Clock24.xml
4 ms. Memory: 269312K Free: 168564K (63%)
----------------- Invoking toplevel() on ptolemy.moml.MoMLSimpleApplication@2726fbeb
----------------- Done invoking toplevel() on ptolemy.moml.MoMLSimpleApplication@2726fbeb
reloadAllAccessors: .Clock24

===========================================================================================
----------------- testing Fri Oct 02 01:01:13 UTC 2020 /home/travis/build/icyphy/ptII/ptolemy/actor/lib/test/auto/Clock4.xml
----------------- Instantiating /home/travis/build/icyphy/ptII/ptolemy/actor/lib/test/auto/Clock4.xml
1 ms. Memory: 269312K Free: 163940K (61%)
----------------- Invoking toplevel() on ptolemy.moml.MoMLSimpleApplication@59b5babc
----------------- Done invoking toplevel() on ptolemy.moml.MoMLSimpleApplication@59b5babc
reloadAllAccessors: .Clock4

===========================================================================================
----------------- testing Fri Oct 02 01:01:13 UTC 2020 /home/travis/build/icyphy/ptII/ptolemy/actor/lib/test/auto/Clock5.xml
----------------- Instantiating /home/travis/build/icyphy/ptII/ptolemy/actor/lib/test/auto/Clock5.xml
1 ms. Memory: 269312K Free: 158324K (59%)
----------------- Invoking toplevel() on ptolemy.moml.MoMLSimpleApplication@68f2cb0c
----------------- Done invoking toplevel() on ptolemy.moml.MoMLSimpleApplication@68f2cb0c
reloadAllAccessors: .Clock5

===========================================================================================
----------------- testing Fri Oct 02 01:01:13 UTC 2020 /home/travis/build/icyphy/ptII/ptolemy/actor/lib/test/auto/Clock6.xml
----------------- Instantiating /home/travis/build/icyphy/ptII/ptolemy/actor/lib/test/auto/Clock6.xml
3 ms. Memory: 269312K Free: 154228K (57%)
----------------- Invoking toplevel() on ptolemy.moml.MoMLSimpleApplication@2ed5acb6
----------------- Done invoking toplevel() on ptolemy.moml.MoMLSimpleApplication@2ed5acb6
reloadAllAccessors: .Clock6

===========================================================================================
----------------- testing Fri Oct 02 01:01:13 UTC 2020 /home/travis/build/icyphy/ptII/ptolemy/actor/lib/test/auto/Clock7.xml
----------------- Instantiating /home/travis/build/icyphy/ptII/ptolemy/actor/lib/test/auto/Clock7.xml
1 ms. Memory: 269312K Free: 149618K (56%)
----------------- Invoking toplevel() on ptolemy.moml.MoMLSimpleApplication@44e3603a
----------------- Done invoking toplevel() on ptolemy.moml.MoMLSimpleApplication@44e3603a
reloadAllAccessors: .Clock7

===========================================================================================
----------------- testing Fri Oct 02 01:01:13 UTC 2020 /home/travis/build/icyphy/ptII/ptolemy/actor/lib/test/auto/Clock8.xml
----------------- Instantiating /home/travis/build/icyphy/ptII/ptolemy/actor/lib/test/auto/Clock8.xml
3 ms. Memory: 269312K Free: 144468K (54%)
----------------- Invoking toplevel() on ptolemy.moml.MoMLSimpleApplication@6dd76adf
----------------- Done invoking toplevel() on ptolemy.moml.MoMLSimpleApplication@6dd76adf
reloadAllAccessors: .Clock8

===========================================================================================
----------------- testing Fri Oct 02 01:01:13 UTC 2020 /home/travis/build/icyphy/ptII/ptolemy/actor/lib/test/auto/Clock9.xml
----------------- Instantiating /home/travis/build/icyphy/ptII/ptolemy/actor/lib/test/auto/Clock9.xml
4 ms. Memory: 269312K Free: 138868K (52%)
----------------- Invoking toplevel() on ptolemy.moml.MoMLSimpleApplication@5c7deaa6
----------------- Done invoking toplevel() on ptolemy.moml.MoMLSimpleApplication@5c7deaa6
reloadAllAccessors: .Clock9

===========================================================================================
----------------- testing Fri Oct 02 01:01:13 UTC 2020 /home/travis/build/icyphy/ptII/ptolemy/actor/lib/test/auto/CommDistDiscard.xml
----------------- Instantiating /home/travis/build/icyphy/ptII/ptolemy/actor/lib/test/auto/CommDistDiscard.xml
4 ms. Memory: 269312K Free: 133234K (49%)
----------------- Invoking toplevel() on ptolemy.moml.MoMLSimpleApplication@5946f7f1
----------------- Done invoking toplevel() on ptolemy.moml.MoMLSimpleApplication@5946f7f1
reloadAllAccessors: .CommDistDiscard

===========================================================================================
----------------- testing Fri Oct 02 01:01:13 UTC 2020 /home/travis/build/icyphy/ptII/ptolemy/actor/lib/test/auto/Commutator.xml
----------------- Instantiating /home/travis/build/icyphy/ptII/ptolemy/actor/lib/test/auto/Commutator.xml
2 ms. Memory: 269312K Free: 129138K (48%)
----------------- Invoking toplevel() on ptolemy.moml.MoMLSimpleApplication@3c7361fc
----------------- Done invoking toplevel() on ptolemy.moml.MoMLSimpleApplication@3c7361fc
reloadAllAccessors: .Commutator

===========================================================================================
----------------- testing Fri Oct 02 01:01:13 UTC 2020 /home/travis/build/icyphy/ptII/ptolemy/actor/lib/test/auto/Commutator2.xml
----------------- Instantiating /home/travis/build/icyphy/ptII/ptolemy/actor/lib/test/auto/Commutator2.xml
1 ms. Memory: 269312K Free: 124532K (46%)
----------------- Invoking toplevel() on ptolemy.moml.MoMLSimpleApplication@5d6f18fd
----------------- Done invoking toplevel() on ptolemy.moml.MoMLSimpleApplication@5d6f18fd
reloadAllAccessors: .Commutator2

===========================================================================================
----------------- testing Fri Oct 02 01:01:13 UTC 2020 /home/travis/build/icyphy/ptII/ptolemy/actor/lib/test/auto/Commutator3.xml
----------------- Instantiating /home/travis/build/icyphy/ptII/ptolemy/actor/lib/test/auto/Commutator3.xml
2 ms. Memory: 269312K Free: 119922K (45%)
----------------- Invoking toplevel() on ptolemy.moml.MoMLSimpleApplication@5b65c63d
----------------- Done invoking toplevel() on ptolemy.moml.MoMLSimpleApplication@5b65c63d
reloadAllAccessors: .Commutator3

===========================================================================================
----------------- testing Fri Oct 02 01:01:13 UTC 2020 /home/travis/build/icyphy/ptII/ptolemy/actor/lib/test/auto/Compare.xml
----------------- Instantiating /home/travis/build/icyphy/ptII/ptolemy/actor/lib/test/auto/Compare.xml
2 ms. Memory: 269312K Free: 113778K (42%)
----------------- Invoking toplevel() on ptolemy.moml.MoMLSimpleApplication@79ca4e73
----------------- Done invoking toplevel() on ptolemy.moml.MoMLSimpleApplication@79ca4e73
reloadAllAccessors: .Compare

===========================================================================================
----------------- testing Fri Oct 02 01:01:13 UTC 2020 /home/travis/build/icyphy/ptII/ptolemy/actor/lib/test/auto/CompareDE.xml
----------------- Instantiating /home/travis/build/icyphy/ptII/ptolemy/actor/lib/test/auto/CompareDE.xml
3 ms. Memory: 269312K Free: 106596K (40%)
----------------- Invoking toplevel() on ptolemy.moml.MoMLSimpleApplication@1890fed2
----------------- Done invoking toplevel() on ptolemy.moml.MoMLSimpleApplication@1890fed2
reloadAllAccessors: .CompareDE

===========================================================================================
----------------- testing Fri Oct 02 01:01:13 UTC 2020 /home/travis/build/icyphy/ptII/ptolemy/actor/lib/test/auto/ComplexDivide.xml
----------------- Instantiating /home/travis/build/icyphy/ptII/ptolemy/actor/lib/test/auto/ComplexDivide.xml
1 ms. Memory: 269312K Free: 103028K (38%)
----------------- Invoking toplevel() on ptolemy.moml.MoMLSimpleApplication@39a47cab
----------------- Done invoking toplevel() on ptolemy.moml.MoMLSimpleApplication@39a47cab
reloadAllAccessors: .ComplexDivide

===========================================================================================
----------------- testing Fri Oct 02 01:01:13 UTC 2020 /home/travis/build/icyphy/ptII/ptolemy/actor/lib/test/auto/ComputeHistogram.xml
----------------- Instantiating /home/travis/build/icyphy/ptII/ptolemy/actor/lib/test/auto/ComputeHistogram.xml
31 ms. Memory: 269312K Free: 90226K (34%)
----------------- Invoking toplevel() on ptolemy.moml.MoMLSimpleApplication@7256d84e
----------------- Done invoking toplevel() on ptolemy.moml.MoMLSimpleApplication@7256d84e
reloadAllAccessors: .ComputeHistogram

===========================================================================================
----------------- testing Fri Oct 02 01:01:13 UTC 2020 /home/travis/build/icyphy/ptII/ptolemy/actor/lib/test/auto/ConfigurationSelect.xml
----------------- Instantiating /home/travis/build/icyphy/ptII/ptolemy/actor/lib/test/auto/ConfigurationSelect.xml
10 ms. Memory: 269312K Free: 84596K (31%)
----------------- Invoking toplevel() on ptolemy.moml.MoMLSimpleApplication@31cc9b92
----------------- Done invoking toplevel() on ptolemy.moml.MoMLSimpleApplication@31cc9b92
reloadAllAccessors: .ConfigurationSelect

===========================================================================================
----------------- testing Fri Oct 02 01:01:13 UTC 2020 /home/travis/build/icyphy/ptII/ptolemy/actor/lib/test/auto/ConfigurationSelect2.xml
----------------- Instantiating /home/travis/build/icyphy/ptII/ptolemy/actor/lib/test/auto/ConfigurationSelect2.xml
2 ms. Memory: 269312K Free: 80500K (30%)
----------------- Invoking toplevel() on ptolemy.moml.MoMLSimpleApplication@cc537be
----------------- Done invoking toplevel() on ptolemy.moml.MoMLSimpleApplication@cc537be
reloadAllAccessors: .ConfigurationSelect2

===========================================================================================
----------------- testing Fri Oct 02 01:01:13 UTC 2020 /home/travis/build/icyphy/ptII/ptolemy/actor/lib/test/auto/ConfigurationSwitch.xml
----------------- Instantiating /home/travis/build/icyphy/ptII/ptolemy/actor/lib/test/auto/ConfigurationSwitch.xml
2 ms. Memory: 269312K Free: 74866K (28%)
----------------- Invoking toplevel() on ptolemy.moml.MoMLSimpleApplication@578e94a4
----------------- Done invoking toplevel() on ptolemy.moml.MoMLSimpleApplication@578e94a4
reloadAllAccessors: .ConfigurationSwitch

===========================================================================================
----------------- testing Fri Oct 02 01:01:14 UTC 2020 /home/travis/build/icyphy/ptII/ptolemy/actor/lib/test/auto/ConfigurationSwitch2.xml
----------------- Instantiating /home/travis/build/icyphy/ptII/ptolemy/actor/lib/test/auto/ConfigurationSwitch2.xml
3 ms. Memory: 269312K Free: 69746K (26%)
----------------- Invoking toplevel() on ptolemy.moml.MoMLSimpleApplication@5d69c419
----------------- Done invoking toplevel() on ptolemy.moml.MoMLSimpleApplication@5d69c419
reloadAllAccessors: .ConfigurationSwitch2

===========================================================================================
----------------- testing Fri Oct 02 01:01:14 UTC 2020 /home/travis/build/icyphy/ptII/ptolemy/actor/lib/test/auto/ConfigurationSwitchCloningBugWithClassRelationGroup.xml
----------------- Instantiating /home/travis/build/icyphy/ptII/ptolemy/actor/lib/test/auto/ConfigurationSwitchCloningBugWithClassRelationGroup.xml
2 ms. Memory: 269312K Free: 62578K (23%)
----------------- Invoking toplevel() on ptolemy.moml.MoMLSimpleApplication@7746a47e
----------------- Done invoking toplevel() on ptolemy.moml.MoMLSimpleApplication@7746a47e
reloadAllAccessors: .ConfigurationSwitchCloningBugWithClassRelationGroup

===========================================================================================
----------------- testing Fri Oct 02 01:01:14 UTC 2020 /home/travis/build/icyphy/ptII/ptolemy/actor/lib/test/auto/ConfigurationSwitchSelectSDF.xml
----------------- Instantiating /home/travis/build/icyphy/ptII/ptolemy/actor/lib/test/auto/ConfigurationSwitchSelectSDF.xml
3 ms. Memory: 269312K Free: 215260K (80%)
----------------- Invoking toplevel() on ptolemy.moml.MoMLSimpleApplication@1f967ad3
----------------- Done invoking toplevel() on ptolemy.moml.MoMLSimpleApplication@1f967ad3
reloadAllAccessors: .ConfigurationSwitchSelectSDF

===========================================================================================
----------------- testing Fri Oct 02 01:01:14 UTC 2020 /home/travis/build/icyphy/ptII/ptolemy/actor/lib/test/auto/ConfigurationSwitchSelectSDF2.xml
----------------- Instantiating /home/travis/build/icyphy/ptII/ptolemy/actor/lib/test/auto/ConfigurationSwitchSelectSDF2.xml
1 ms. Memory: 269312K Free: 210140K (78%)
----------------- Invoking toplevel() on ptolemy.moml.MoMLSimpleApplication@144c8066
----------------- Done invoking toplevel() on ptolemy.moml.MoMLSimpleApplication@144c8066
reloadAllAccessors: .ConfigurationSwitchSelectSDF2

===========================================================================================
----------------- testing Fri Oct 02 01:01:14 UTC 2020 /home/travis/build/icyphy/ptII/ptolemy/actor/lib/test/auto/Const.xml
----------------- Instantiating /home/travis/build/icyphy/ptII/ptolemy/actor/lib/test/auto/Const.xml
1 ms. Memory: 269312K Free: 206558K (77%)
----------------- Invoking toplevel() on ptolemy.moml.MoMLSimpleApplication@16e9db6e
----------------- Done invoking toplevel() on ptolemy.moml.MoMLSimpleApplication@16e9db6e
reloadAllAccessors: .Const

===========================================================================================
----------------- testing Fri Oct 02 01:01:14 UTC 2020 /home/travis/build/icyphy/ptII/ptolemy/actor/lib/test/auto/Const2.xml
----------------- Instantiating /home/travis/build/icyphy/ptII/ptolemy/actor/lib/test/auto/Const2.xml
1 ms. Memory: 269312K Free: 202462K (75%)
----------------- Invoking toplevel() on ptolemy.moml.MoMLSimpleApplication@6bd48fca
----------------- Done invoking toplevel() on ptolemy.moml.MoMLSimpleApplication@6bd48fca
reloadAllAccessors: .Const2

===========================================================================================
----------------- testing Fri Oct 02 01:01:14 UTC 2020 /home/travis/build/icyphy/ptII/ptolemy/actor/lib/test/auto/Const3.xml
----------------- Instantiating /home/travis/build/icyphy/ptII/ptolemy/actor/lib/test/auto/Const3.xml
1 ms. Memory: 269312K Free: 199900K (74%)
----------------- Invoking toplevel() on ptolemy.moml.MoMLSimpleApplication@1309221c
----------------- Done invoking toplevel() on ptolemy.moml.MoMLSimpleApplication@1309221c
reloadAllAccessors: .Const3

===========================================================================================
----------------- testing Fri Oct 02 01:01:14 UTC 2020 /home/travis/build/icyphy/ptII/ptolemy/actor/lib/test/auto/ConstantPublisherPort1.xml
----------------- Instantiating /home/travis/build/icyphy/ptII/ptolemy/actor/lib/test/auto/ConstantPublisherPort1.xml
8 ms. Memory: 269312K Free: 190684K (71%)
----------------- Invoking toplevel() on ptolemy.moml.MoMLSimpleApplication@5df57949
----------------- Done invoking toplevel() on ptolemy.moml.MoMLSimpleApplication@5df57949
reloadAllAccessors: .ConstantPublisherPort1

===========================================================================================
----------------- testing Fri Oct 02 01:01:14 UTC 2020 /home/travis/build/icyphy/ptII/ptolemy/actor/lib/test/auto/ConstantPublisherPort2.xml
----------------- Instantiating /home/travis/build/icyphy/ptII/ptolemy/actor/lib/test/auto/ConstantPublisherPort2.xml
10 ms. Memory: 269312K Free: 183006K (68%)
----------------- Invoking toplevel() on ptolemy.moml.MoMLSimpleApplication@683dad32
----------------- Done invoking toplevel() on ptolemy.moml.MoMLSimpleApplication@683dad32
reloadAllAccessors: .ConstantPublisherPort2

===========================================================================================
----------------- testing Fri Oct 02 01:01:14 UTC 2020 /home/travis/build/icyphy/ptII/ptolemy/actor/lib/test/auto/ConstantPublisherPort3.xml
----------------- Instantiating /home/travis/build/icyphy/ptII/ptolemy/actor/lib/test/auto/ConstantPublisherPort3.xml
5 ms. Memory: 269312K Free: 175838K (65%)
----------------- Invoking toplevel() on ptolemy.moml.MoMLSimpleApplication@7c90a7f5
----------------- Done invoking toplevel() on ptolemy.moml.MoMLSimpleApplication@7c90a7f5
reloadAllAccessors: .ConstantPublisherPort3

===========================================================================================
----------------- testing Fri Oct 02 01:01:14 UTC 2020 /home/travis/build/icyphy/ptII/ptolemy/actor/lib/test/auto/ConstantPublisherPort4.xml
----------------- Instantiating /home/travis/build/icyphy/ptII/ptolemy/actor/lib/test/auto/ConstantPublisherPort4.xml
3 ms. Memory: 269312K Free: 168670K (63%)
----------------- Invoking toplevel() on ptolemy.moml.MoMLSimpleApplication@77d67666
----------------- Done invoking toplevel() on ptolemy.moml.MoMLSimpleApplication@77d67666
reloadAllAccessors: .ConstantPublisherPort4

===========================================================================================
----------------- testing Fri Oct 02 01:01:14 UTC 2020 /home/travis/build/icyphy/ptII/ptolemy/actor/lib/test/auto/ConstantPublisherPort5.xml
----------------- Instantiating /home/travis/build/icyphy/ptII/ptolemy/actor/lib/test/auto/ConstantPublisherPort5.xml
12 ms. Memory: 269312K Free: 159454K (59%)
----------------- Invoking toplevel() on ptolemy.moml.MoMLSimpleApplication@6d67aba0
----------------- Done invoking toplevel() on ptolemy.moml.MoMLSimpleApplication@6d67aba0
reloadAllAccessors: .ConstantPublisherPort5

===========================================================================================
----------------- testing Fri Oct 02 01:01:14 UTC 2020 /home/travis/build/icyphy/ptII/ptolemy/actor/lib/test/auto/ConstantPublisherPort6.xml
----------------- Instantiating /home/travis/build/icyphy/ptII/ptolemy/actor/lib/test/auto/ConstantPublisherPort6.xml
22 ms. Memory: 269312K Free: 150748K (56%)
----------------- Invoking toplevel() on ptolemy.moml.MoMLSimpleApplication@1552d979
----------------- Done invoking toplevel() on ptolemy.moml.MoMLSimpleApplication@1552d979
reloadAllAccessors: .ConstantPublisherPort6

===========================================================================================
----------------- testing Fri Oct 02 01:01:14 UTC 2020 /home/travis/build/icyphy/ptII/ptolemy/actor/lib/test/auto/ConstantPublisherPort7.xml
----------------- Instantiating /home/travis/build/icyphy/ptII/ptolemy/actor/lib/test/auto/ConstantPublisherPort7.xml
23 ms. Memory: 269312K Free: 141022K (52%)
----------------- Invoking toplevel() on ptolemy.moml.MoMLSimpleApplication@72823b1a
----------------- Done invoking toplevel() on ptolemy.moml.MoMLSimpleApplication@72823b1a
reloadAllAccessors: .ConstantPublisherPort7

===========================================================================================
----------------- testing Fri Oct 02 01:01:14 UTC 2020 /home/travis/build/icyphy/ptII/ptolemy/actor/lib/test/auto/ConstraintMonitor1.xml
----------------- Instantiating /home/travis/build/icyphy/ptII/ptolemy/actor/lib/test/auto/ConstraintMonitor1.xml
4 ms. Memory: 269312K Free: 135902K (50%)
----------------- Invoking toplevel() on ptolemy.moml.MoMLSimpleApplication@78fc5d66
----------------- Done invoking toplevel() on ptolemy.moml.MoMLSimpleApplication@78fc5d66
reloadAllAccessors: .ConstraintMonitor1

===========================================================================================
----------------- testing Fri Oct 02 01:01:14 UTC 2020 /home/travis/build/icyphy/ptII/ptolemy/actor/lib/test/auto/ConstraintMonitor2.xml
----------------- Instantiating /home/travis/build/icyphy/ptII/ptolemy/actor/lib/test/auto/ConstraintMonitor2.xml
4 ms. Memory: 269312K Free: 131806K (49%)
----------------- Invoking toplevel() on ptolemy.moml.MoMLSimpleApplication@70c2ba25
----------------- Done invoking toplevel() on ptolemy.moml.MoMLSimpleApplication@70c2ba25
reloadAllAccessors: .ConstraintMonitor2

===========================================================================================
----------------- testing Fri Oct 02 01:01:14 UTC 2020 /home/travis/build/icyphy/ptII/ptolemy/actor/lib/test/auto/ConstraintMonitor3.xml
----------------- Instantiating /home/travis/build/icyphy/ptII/ptolemy/actor/lib/test/auto/ConstraintMonitor3.xml
4 ms. Memory: 269312K Free: 127196K (47%)
----------------- Invoking toplevel() on ptolemy.moml.MoMLSimpleApplication@78a4bc3e
----------------- Done invoking toplevel() on ptolemy.moml.MoMLSimpleApplication@78a4bc3e
reloadAllAccessors: .ConstraintMonitor3

===========================================================================================
----------------- testing Fri Oct 02 01:01:14 UTC 2020 /home/travis/build/icyphy/ptII/ptolemy/actor/lib/test/auto/ConstraintMonitor4.xml
----------------- Instantiating /home/travis/build/icyphy/ptII/ptolemy/actor/lib/test/auto/ConstraintMonitor4.xml
2 ms. Memory: 269312K Free: 122076K (45%)
----------------- Invoking toplevel() on ptolemy.moml.MoMLSimpleApplication@4b69484f
----------------- Done invoking toplevel() on ptolemy.moml.MoMLSimpleApplication@4b69484f
reloadAllAccessors: .ConstraintMonitor4

===========================================================================================
----------------- testing Fri Oct 02 01:01:14 UTC 2020 /home/travis/build/icyphy/ptII/ptolemy/actor/lib/test/auto/ConstraintMonitor5.xml
----------------- Instantiating /home/travis/build/icyphy/ptII/ptolemy/actor/lib/test/auto/ConstraintMonitor5.xml
5 ms. Memory: 269312K Free: 117470K (44%)
----------------- Invoking toplevel() on ptolemy.moml.MoMLSimpleApplication@4e0dc7d7
----------------- Done invoking toplevel() on ptolemy.moml.MoMLSimpleApplication@4e0dc7d7
reloadAllAccessors: .ConstraintMonitor5

===========================================================================================
----------------- testing Fri Oct 02 01:01:14 UTC 2020 /home/travis/build/icyphy/ptII/ptolemy/actor/lib/test/auto/ConstraintMonitor6.xml
----------------- Instantiating /home/travis/build/icyphy/ptII/ptolemy/actor/lib/test/auto/ConstraintMonitor6.xml
2 ms. Memory: 269312K Free: 111326K (41%)
----------------- Invoking toplevel() on ptolemy.moml.MoMLSimpleApplication@2eff6d0e
----------------- Done invoking toplevel() on ptolemy.moml.MoMLSimpleApplication@2eff6d0e
reloadAllAccessors: .ConstraintMonitor6

===========================================================================================
----------------- testing Fri Oct 02 01:01:14 UTC 2020 /home/travis/build/icyphy/ptII/ptolemy/actor/lib/test/auto/ConstraintMonitor7.xml
----------------- Instantiating /home/travis/build/icyphy/ptII/ptolemy/actor/lib/test/auto/ConstraintMonitor7.xml
3 ms. Memory: 269312K Free: 104662K (39%)
----------------- Invoking toplevel() on ptolemy.moml.MoMLSimpleApplication@7dae4e3c
----------------- Done invoking toplevel() on ptolemy.moml.MoMLSimpleApplication@7dae4e3c
reloadAllAccessors: .ConstraintMonitor7

===========================================================================================
----------------- testing Fri Oct 02 01:01:14 UTC 2020 /home/travis/build/icyphy/ptII/ptolemy/actor/lib/test/auto/ConstraintMonitor8.xml
----------------- Instantiating /home/travis/build/icyphy/ptII/ptolemy/actor/lib/test/auto/ConstraintMonitor8.xml
6 ms. Memory: 269312K Free: 97500K (36%)
----------------- Invoking toplevel() on ptolemy.moml.MoMLSimpleApplication@11d2ce85
----------------- Done invoking toplevel() on ptolemy.moml.MoMLSimpleApplication@11d2ce85
reloadAllAccessors: .ConstraintMonitor8

===========================================================================================
----------------- testing Fri Oct 02 01:01:14 UTC 2020 /home/travis/build/icyphy/ptII/ptolemy/actor/lib/test/auto/Counter.xml
----------------- Instantiating /home/travis/build/icyphy/ptII/ptolemy/actor/lib/test/auto/Counter.xml
2 ms. Memory: 269312K Free: 92380K (34%)
----------------- Invoking toplevel() on ptolemy.moml.MoMLSimpleApplication@3f4f801a
----------------- Done invoking toplevel() on ptolemy.moml.MoMLSimpleApplication@3f4f801a
reloadAllAccessors: .Counter

===========================================================================================
----------------- testing Fri Oct 02 01:01:14 UTC 2020 /home/travis/build/icyphy/ptII/ptolemy/actor/lib/test/auto/CurrentTimeSDF.xml
----------------- Instantiating /home/travis/build/icyphy/ptII/ptolemy/actor/lib/test/auto/CurrentTimeSDF.xml
1 ms. Memory: 269312K Free: 88284K (33%)
----------------- Invoking toplevel() on ptolemy.moml.MoMLSimpleApplication@3c259333
----------------- Done invoking toplevel() on ptolemy.moml.MoMLSimpleApplication@3c259333
reloadAllAccessors: .CurrentTimeSDF

===========================================================================================
----------------- testing Fri Oct 02 01:01:14 UTC 2020 /home/travis/build/icyphy/ptII/ptolemy/actor/lib/test/auto/DB.xml
----------------- Instantiating /home/travis/build/icyphy/ptII/ptolemy/actor/lib/test/auto/DB.xml
2 ms. Memory: 269312K Free: 83678K (31%)
----------------- Invoking toplevel() on ptolemy.moml.MoMLSimpleApplication@563b4d48
----------------- Done invoking toplevel() on ptolemy.moml.MoMLSimpleApplication@563b4d48
reloadAllAccessors: .DB

===========================================================================================
----------------- testing Fri Oct 02 01:01:14 UTC 2020 /home/travis/build/icyphy/ptII/ptolemy/actor/lib/test/auto/DBDE.xml
----------------- Instantiating /home/travis/build/icyphy/ptII/ptolemy/actor/lib/test/auto/DBDE.xml
2 ms. Memory: 269312K Free: 77534K (29%)
----------------- Invoking toplevel() on ptolemy.moml.MoMLSimpleApplication@1aac30d8
----------------- Done invoking toplevel() on ptolemy.moml.MoMLSimpleApplication@1aac30d8
reloadAllAccessors: .DBDE

===========================================================================================
----------------- testing Fri Oct 02 01:01:14 UTC 2020 /home/travis/build/icyphy/ptII/ptolemy/actor/lib/test/auto/DateConstructor.xml
----------------- Instantiating /home/travis/build/icyphy/ptII/ptolemy/actor/lib/test/auto/DateConstructor.xml
35 ms. Memory: 269312K Free: 218017K (81%)
----------------- Invoking toplevel() on ptolemy.moml.MoMLSimpleApplication@eaec036
----------------- Done invoking toplevel() on ptolemy.moml.MoMLSimpleApplication@eaec036
reloadAllAccessors: .DateConstructor

===========================================================================================
----------------- testing Fri Oct 02 01:01:14 UTC 2020 /home/travis/build/icyphy/ptII/ptolemy/actor/lib/test/auto/DelayTime.xml
----------------- Instantiating /home/travis/build/icyphy/ptII/ptolemy/actor/lib/test/auto/DelayTime.xml
8 ms. Memory: 269312K Free: 212697K (79%)
----------------- Invoking toplevel() on ptolemy.moml.MoMLSimpleApplication@7ae77f5b
----------------- Done invoking toplevel() on ptolemy.moml.MoMLSimpleApplication@7ae77f5b
reloadAllAccessors: .DelayTime

===========================================================================================
----------------- testing Fri Oct 02 01:01:14 UTC 2020 /home/travis/build/icyphy/ptII/ptolemy/actor/lib/test/auto/Dictionary1.xml
----------------- Instantiating /home/travis/build/icyphy/ptII/ptolemy/actor/lib/test/auto/Dictionary1.xml
1 ms. Memory: 269312K Free: 207067K (77%)
----------------- Invoking toplevel() on ptolemy.moml.MoMLSimpleApplication@d24be16
----------------- Done invoking toplevel() on ptolemy.moml.MoMLSimpleApplication@d24be16
reloadAllAccessors: .Dictionary1

===========================================================================================
----------------- testing Fri Oct 02 01:01:14 UTC 2020 /home/travis/build/icyphy/ptII/ptolemy/actor/lib/test/auto/Dictionary2.xml
----------------- Instantiating /home/travis/build/icyphy/ptII/ptolemy/actor/lib/test/auto/Dictionary2.xml
9 ms. Memory: 269312K Free: 201433K (75%)
----------------- Invoking toplevel() on ptolemy.moml.MoMLSimpleApplication@d6995e5
----------------- Done invoking toplevel() on ptolemy.moml.MoMLSimpleApplication@d6995e5
reloadAllAccessors: .Dictionary2

===========================================================================================
----------------- testing Fri Oct 02 01:01:14 UTC 2020 /home/travis/build/icyphy/ptII/ptolemy/actor/lib/test/auto/Dictionary3.xml
----------------- Instantiating /home/travis/build/icyphy/ptII/ptolemy/actor/lib/test/auto/Dictionary3.xml
1 ms. Memory: 269312K Free: 195803K (73%)
----------------- Invoking toplevel() on ptolemy.moml.MoMLSimpleApplication@3785c22f
----------------- Done invoking toplevel() on ptolemy.moml.MoMLSimpleApplication@3785c22f
reloadAllAccessors: .Dictionary3

===========================================================================================
----------------- testing Fri Oct 02 01:01:14 UTC 2020 /home/travis/build/icyphy/ptII/ptolemy/actor/lib/test/auto/Dictionary4.xml
----------------- Instantiating /home/travis/build/icyphy/ptII/ptolemy/actor/lib/test/auto/Dictionary4.xml
4 ms. Memory: 269312K Free: 189139K (70%)
----------------- Invoking toplevel() on ptolemy.moml.MoMLSimpleApplication@193574f2
----------------- Done invoking toplevel() on ptolemy.moml.MoMLSimpleApplication@193574f2
reloadAllAccessors: .Dictionary4

===========================================================================================
----------------- testing Fri Oct 02 01:01:14 UTC 2020 /home/travis/build/icyphy/ptII/ptolemy/actor/lib/test/auto/Differential.xml
----------------- Instantiating /home/travis/build/icyphy/ptII/ptolemy/actor/lib/test/auto/Differential.xml
3 ms. Memory: 269312K Free: 184539K (69%)
----------------- Invoking toplevel() on ptolemy.moml.MoMLSimpleApplication@45f1e641
----------------- Done invoking toplevel() on ptolemy.moml.MoMLSimpleApplication@45f1e641
reloadAllAccessors: .Differential

===========================================================================================
----------------- testing Fri Oct 02 01:01:14 UTC 2020 /home/travis/build/icyphy/ptII/ptolemy/actor/lib/test/auto/Director.xml
----------------- Instantiating /home/travis/build/icyphy/ptII/ptolemy/actor/lib/test/auto/Director.xml
3 ms. Memory: 269312K Free: 180953K (67%)
----------------- Invoking toplevel() on ptolemy.moml.MoMLSimpleApplication@95ed48a
----------------- Done invoking toplevel() on ptolemy.moml.MoMLSimpleApplication@95ed48a
reloadAllAccessors: .Director

===========================================================================================
----------------- testing Fri Oct 02 01:01:14 UTC 2020 /home/travis/build/icyphy/ptII/ptolemy/actor/lib/test/auto/DiscreteClock.xml
----------------- Instantiating /home/travis/build/icyphy/ptII/ptolemy/actor/lib/test/auto/DiscreteClock.xml
1 ms. Memory: 269312K Free: 177371K (66%)
----------------- Invoking toplevel() on ptolemy.moml.MoMLSimpleApplication@5c4e3ec8
----------------- Done invoking toplevel() on ptolemy.moml.MoMLSimpleApplication@5c4e3ec8
reloadAllAccessors: .DiscreteClock

===========================================================================================
----------------- testing Fri Oct 02 01:01:14 UTC 2020 /home/travis/build/icyphy/ptII/ptolemy/actor/lib/test/auto/DiscreteClock10.xml
----------------- Instantiating /home/travis/build/icyphy/ptII/ptolemy/actor/lib/test/auto/DiscreteClock10.xml
2 ms. Memory: 269312K Free: 171227K (64%)
----------------- Invoking toplevel() on ptolemy.moml.MoMLSimpleApplication@7b21e458
----------------- Done invoking toplevel() on ptolemy.moml.MoMLSimpleApplication@7b21e458
reloadAllAccessors: .DiscreteClock10

===========================================================================================
----------------- testing Fri Oct 02 01:01:14 UTC 2020 /home/travis/build/icyphy/ptII/ptolemy/actor/lib/test/auto/DiscreteClock11.xml
----------------- Instantiating /home/travis/build/icyphy/ptII/ptolemy/actor/lib/test/auto/DiscreteClock11.xml
2 ms. Memory: 269312K Free: 165083K (61%)
----------------- Invoking toplevel() on ptolemy.moml.MoMLSimpleApplication@61cfbdf8
----------------- Done invoking toplevel() on ptolemy.moml.MoMLSimpleApplication@61cfbdf8
reloadAllAccessors: .DiscreteClock11

===========================================================================================
----------------- testing Fri Oct 02 01:01:14 UTC 2020 /home/travis/build/icyphy/ptII/ptolemy/actor/lib/test/auto/DiscreteClock12.xml
----------------- Instantiating /home/travis/build/icyphy/ptII/ptolemy/actor/lib/test/auto/DiscreteClock12.xml
3 ms. Memory: 269312K Free: 158939K (59%)
----------------- Invoking toplevel() on ptolemy.moml.MoMLSimpleApplication@1dbcafd3
----------------- Done invoking toplevel() on ptolemy.moml.MoMLSimpleApplication@1dbcafd3
reloadAllAccessors: .DiscreteClock12

===========================================================================================
----------------- testing Fri Oct 02 01:01:14 UTC 2020 /home/travis/build/icyphy/ptII/ptolemy/actor/lib/test/auto/DiscreteClock13.xml
----------------- Instantiating /home/travis/build/icyphy/ptII/ptolemy/actor/lib/test/auto/DiscreteClock13.xml
6 ms. Memory: 269312K Free: 153291K (57%)
----------------- Invoking toplevel() on ptolemy.moml.MoMLSimpleApplication@112393ad
----------------- Done invoking toplevel() on ptolemy.moml.MoMLSimpleApplication@112393ad
reloadAllAccessors: .DiscreteClock13

===========================================================================================
----------------- testing Fri Oct 02 01:01:14 UTC 2020 /home/travis/build/icyphy/ptII/ptolemy/actor/lib/test/auto/DiscreteClock14.xml
----------------- Instantiating /home/travis/build/icyphy/ptII/ptolemy/actor/lib/test/auto/DiscreteClock14.xml
6 ms. Memory: 269312K Free: 147147K (55%)
----------------- Invoking toplevel() on ptolemy.moml.MoMLSimpleApplication@33cc3ee1
----------------- Done invoking toplevel() on ptolemy.moml.MoMLSimpleApplication@33cc3ee1
reloadAllAccessors: .DiscreteClock14

===========================================================================================
----------------- testing Fri Oct 02 01:01:15 UTC 2020 /home/travis/build/icyphy/ptII/ptolemy/actor/lib/test/auto/DiscreteClock15.xml
----------------- Instantiating /home/travis/build/icyphy/ptII/ptolemy/actor/lib/test/auto/DiscreteClock15.xml
3 ms. Memory: 269312K Free: 141003K (52%)
----------------- Invoking toplevel() on ptolemy.moml.MoMLSimpleApplication@53bd64d7
----------------- Done invoking toplevel() on ptolemy.moml.MoMLSimpleApplication@53bd64d7
reloadAllAccessors: .DiscreteClock15

===========================================================================================
----------------- testing Fri Oct 02 01:01:15 UTC 2020 /home/travis/build/icyphy/ptII/ptolemy/actor/lib/test/auto/DiscreteClock16.xml
----------------- Instantiating /home/travis/build/icyphy/ptII/ptolemy/actor/lib/test/auto/DiscreteClock16.xml
18 ms. Memory: 269312K Free: 127195K (47%)
----------------- Invoking toplevel() on ptolemy.moml.MoMLSimpleApplication@15278a6c
----------------- Done invoking toplevel() on ptolemy.moml.MoMLSimpleApplication@15278a6c
reloadAllAccessors: .DiscreteClock16

===========================================================================================
----------------- testing Fri Oct 02 01:01:15 UTC 2020 /home/travis/build/icyphy/ptII/ptolemy/actor/lib/test/auto/DiscreteClock17.xml
----------------- Instantiating /home/travis/build/icyphy/ptII/ptolemy/actor/lib/test/auto/DiscreteClock17.xml
17 ms. Memory: 269312K Free: 113355K (42%)
----------------- Invoking toplevel() on ptolemy.moml.MoMLSimpleApplication@2fb014ae
----------------- Done invoking toplevel() on ptolemy.moml.MoMLSimpleApplication@2fb014ae
reloadAllAccessors: .DiscreteClock17

===========================================================================================
----------------- testing Fri Oct 02 01:01:15 UTC 2020 /home/travis/build/icyphy/ptII/ptolemy/actor/lib/test/auto/DiscreteClock18.xml
----------------- Instantiating /home/travis/build/icyphy/ptII/ptolemy/actor/lib/test/auto/DiscreteClock18.xml
20 ms. Memory: 269312K Free: 100057K (37%)
----------------- Invoking toplevel() on ptolemy.moml.MoMLSimpleApplication@779a803
----------------- Done invoking toplevel() on ptolemy.moml.MoMLSimpleApplication@779a803
reloadAllAccessors: .DiscreteClock18

===========================================================================================
----------------- testing Fri Oct 02 01:01:15 UTC 2020 /home/travis/build/icyphy/ptII/ptolemy/actor/lib/test/auto/DiscreteClock19.xml
----------------- Instantiating /home/travis/build/icyphy/ptII/ptolemy/actor/lib/test/auto/DiscreteClock19.xml
20 ms. Memory: 269312K Free: 86235K (32%)
----------------- Invoking toplevel() on ptolemy.moml.MoMLSimpleApplication@78a2aad5
----------------- Done invoking toplevel() on ptolemy.moml.MoMLSimpleApplication@78a2aad5
reloadAllAccessors: .DiscreteClock19

===========================================================================================
----------------- testing Fri Oct 02 01:01:15 UTC 2020 /home/travis/build/icyphy/ptII/ptolemy/actor/lib/test/auto/DiscreteClock2.xml
----------------- Instantiating /home/travis/build/icyphy/ptII/ptolemy/actor/lib/test/auto/DiscreteClock2.xml
5 ms. Memory: 269312K Free: 81595K (30%)
----------------- Invoking toplevel() on ptolemy.moml.MoMLSimpleApplication@7d32357
----------------- Done invoking toplevel() on ptolemy.moml.MoMLSimpleApplication@7d32357
reloadAllAccessors: .DiscreteClock2

===========================================================================================
----------------- testing Fri Oct 02 01:01:15 UTC 2020 /home/travis/build/icyphy/ptII/ptolemy/actor/lib/test/auto/DiscreteClock20.xml
----------------- Instantiating /home/travis/build/icyphy/ptII/ptolemy/actor/lib/test/auto/DiscreteClock20.xml
14 ms. Memory: 269312K Free: 75995K (28%)
----------------- Invoking toplevel() on ptolemy.moml.MoMLSimpleApplication@7af93435
----------------- Done invoking toplevel() on ptolemy.moml.MoMLSimpleApplication@7af93435
reloadAllAccessors: .DiscreteClock20

===========================================================================================
----------------- testing Fri Oct 02 01:01:15 UTC 2020 /home/travis/build/icyphy/ptII/ptolemy/actor/lib/test/auto/DiscreteClock21.xml
----------------- Instantiating /home/travis/build/icyphy/ptII/ptolemy/actor/lib/test/auto/DiscreteClock21.xml
3 ms. Memory: 269312K Free: 70361K (26%)
----------------- Invoking toplevel() on ptolemy.moml.MoMLSimpleApplication@5ea71a79
----------------- Done invoking toplevel() on ptolemy.moml.MoMLSimpleApplication@5ea71a79
reloadAllAccessors: .DiscreteClock21

===========================================================================================
----------------- testing Fri Oct 02 01:01:15 UTC 2020 /home/travis/build/icyphy/ptII/ptolemy/actor/lib/test/auto/DiscreteClock22.xml
----------------- Instantiating /home/travis/build/icyphy/ptII/ptolemy/actor/lib/test/auto/DiscreteClock22.xml
5 ms. Memory: 269312K Free: 64731K (24%)
----------------- Invoking toplevel() on ptolemy.moml.MoMLSimpleApplication@5ff281a5
----------------- Done invoking toplevel() on ptolemy.moml.MoMLSimpleApplication@5ff281a5
reloadAllAccessors: .DiscreteClock22

===========================================================================================
----------------- testing Fri Oct 02 01:01:15 UTC 2020 /home/travis/build/icyphy/ptII/ptolemy/actor/lib/test/auto/DiscreteClock23.xml
----------------- Instantiating /home/travis/build/icyphy/ptII/ptolemy/actor/lib/test/auto/DiscreteClock23.xml
4 ms. Memory: 269312K Free: 218846K (81%)
----------------- Invoking toplevel() on ptolemy.moml.MoMLSimpleApplication@2f65232a
----------------- Done invoking toplevel() on ptolemy.moml.MoMLSimpleApplication@2f65232a
reloadAllAccessors: .DiscreteClock23

===========================================================================================
----------------- testing Fri Oct 02 01:01:15 UTC 2020 /home/travis/build/icyphy/ptII/ptolemy/actor/lib/test/auto/DiscreteClock24.xml
----------------- Instantiating /home/travis/build/icyphy/ptII/ptolemy/actor/lib/test/auto/DiscreteClock24.xml
4 ms. Memory: 269312K Free: 213230K (79%)
----------------- Invoking toplevel() on ptolemy.moml.MoMLSimpleApplication@6799f152
----------------- Done invoking toplevel() on ptolemy.moml.MoMLSimpleApplication@6799f152
reloadAllAccessors: .DiscreteClock24

===========================================================================================
----------------- testing Fri Oct 02 01:01:15 UTC 2020 /home/travis/build/icyphy/ptII/ptolemy/actor/lib/test/auto/DiscreteClock4.xml
----------------- Instantiating /home/travis/build/icyphy/ptII/ptolemy/actor/lib/test/auto/DiscreteClock4.xml
1 ms. Memory: 269312K Free: 207596K (77%)
----------------- Invoking toplevel() on ptolemy.moml.MoMLSimpleApplication@57dcdaed
----------------- Done invoking toplevel() on ptolemy.moml.MoMLSimpleApplication@57dcdaed
reloadAllAccessors: .DiscreteClock4

===========================================================================================
----------------- testing Fri Oct 02 01:01:15 UTC 2020 /home/travis/build/icyphy/ptII/ptolemy/actor/lib/test/auto/DiscreteClock5.xml
----------------- Instantiating /home/travis/build/icyphy/ptII/ptolemy/actor/lib/test/auto/DiscreteClock5.xml
2 ms. Memory: 269312K Free: 201966K (75%)
----------------- Invoking toplevel() on ptolemy.moml.MoMLSimpleApplication@4b926df7
----------------- Done invoking toplevel() on ptolemy.moml.MoMLSimpleApplication@4b926df7
reloadAllAccessors: .DiscreteClock5

===========================================================================================
----------------- testing Fri Oct 02 01:01:15 UTC 2020 /home/travis/build/icyphy/ptII/ptolemy/actor/lib/test/auto/DiscreteClock6.xml
----------------- Instantiating /home/travis/build/icyphy/ptII/ptolemy/actor/lib/test/auto/DiscreteClock6.xml
1 ms. Memory: 269312K Free: 198380K (74%)
----------------- Invoking toplevel() on ptolemy.moml.MoMLSimpleApplication@3f00096b
----------------- Done invoking toplevel() on ptolemy.moml.MoMLSimpleApplication@3f00096b
reloadAllAccessors: .DiscreteClock6

===========================================================================================
----------------- testing Fri Oct 02 01:01:15 UTC 2020 /home/travis/build/icyphy/ptII/ptolemy/actor/lib/test/auto/DiscreteClock7.xml
----------------- Instantiating /home/travis/build/icyphy/ptII/ptolemy/actor/lib/test/auto/DiscreteClock7.xml
1 ms. Memory: 269312K Free: 193260K (72%)
----------------- Invoking toplevel() on ptolemy.moml.MoMLSimpleApplication@34404a79
----------------- Done invoking toplevel() on ptolemy.moml.MoMLSimpleApplication@34404a79
reloadAllAccessors: .DiscreteClock7

===========================================================================================
----------------- testing Fri Oct 02 01:01:15 UTC 2020 /home/travis/build/icyphy/ptII/ptolemy/actor/lib/test/auto/DiscreteClock8.xml
----------------- Instantiating /home/travis/build/icyphy/ptII/ptolemy/actor/lib/test/auto/DiscreteClock8.xml
4 ms. Memory: 269312K Free: 187630K (70%)
----------------- Invoking toplevel() on ptolemy.moml.MoMLSimpleApplication@629b5ae7
----------------- Done invoking toplevel() on ptolemy.moml.MoMLSimpleApplication@629b5ae7
reloadAllAccessors: .DiscreteClock8

===========================================================================================
----------------- testing Fri Oct 02 01:01:15 UTC 2020 /home/travis/build/icyphy/ptII/ptolemy/actor/lib/test/auto/DiscreteClock9.xml
----------------- Instantiating /home/travis/build/icyphy/ptII/ptolemy/actor/lib/test/auto/DiscreteClock9.xml
4 ms. Memory: 269312K Free: 181486K (67%)
----------------- Invoking toplevel() on ptolemy.moml.MoMLSimpleApplication@6c2cabbb
----------------- Done invoking toplevel() on ptolemy.moml.MoMLSimpleApplication@6c2cabbb
reloadAllAccessors: .DiscreteClock9

===========================================================================================
----------------- testing Fri Oct 02 01:01:15 UTC 2020 /home/travis/build/icyphy/ptII/ptolemy/actor/lib/test/auto/DisplayArray.xml
----------------- Instantiating /home/travis/build/icyphy/ptII/ptolemy/actor/lib/test/auto/DisplayArray.xml
2 ms. Memory: 269312K Free: 178414K (66%)
----------------- Invoking toplevel() on ptolemy.moml.MoMLSimpleApplication@57a346b0
----------------- Done invoking toplevel() on ptolemy.moml.MoMLSimpleApplication@57a346b0
reloadAllAccessors: .DisplayArray

===========================================================================================
----------------- testing Fri Oct 02 01:01:15 UTC 2020 /home/travis/build/icyphy/ptII/ptolemy/actor/lib/test/auto/Distributor.xml
----------------- Instantiating /home/travis/build/icyphy/ptII/ptolemy/actor/lib/test/auto/Distributor.xml
2 ms. Memory: 269312K Free: 173294K (64%)
----------------- Invoking toplevel() on ptolemy.moml.MoMLSimpleApplication@f85d7c1
----------------- Done invoking toplevel() on ptolemy.moml.MoMLSimpleApplication@f85d7c1
reloadAllAccessors: .Distributor

===========================================================================================
----------------- testing Fri Oct 02 01:01:15 UTC 2020 /home/travis/build/icyphy/ptII/ptolemy/actor/lib/test/auto/Distributor2.xml
----------------- Instantiating /home/travis/build/icyphy/ptII/ptolemy/actor/lib/test/auto/Distributor2.xml
1 ms. Memory: 269312K Free: 168174K (62%)
----------------- Invoking toplevel() on ptolemy.moml.MoMLSimpleApplication@3e204fa2
----------------- Done invoking toplevel() on ptolemy.moml.MoMLSimpleApplication@3e204fa2
reloadAllAccessors: .Distributor2

===========================================================================================
----------------- testing Fri Oct 02 01:01:15 UTC 2020 /home/travis/build/icyphy/ptII/ptolemy/actor/lib/test/auto/DownSample.xml
----------------- Instantiating /home/travis/build/icyphy/ptII/ptolemy/actor/lib/test/auto/DownSample.xml
2 ms. Memory: 269312K Free: 163564K (61%)
----------------- Invoking toplevel() on ptolemy.moml.MoMLSimpleApplication@5d08dc66
----------------- Done invoking toplevel() on ptolemy.moml.MoMLSimpleApplication@5d08dc66
reloadAllAccessors: .DownSample

===========================================================================================
----------------- testing Fri Oct 02 01:01:15 UTC 2020 /home/travis/build/icyphy/ptII/ptolemy/actor/lib/test/auto/ElectronicUnitBase1.xml
----------------- Instantiating /home/travis/build/icyphy/ptII/ptolemy/actor/lib/test/auto/ElectronicUnitBase1.xml
15 ms. Memory: 269312K Free: 148204K (55%)
----------------- Invoking toplevel() on ptolemy.moml.MoMLSimpleApplication@1c714d30
----------------- Done invoking toplevel() on ptolemy.moml.MoMLSimpleApplication@1c714d30
reloadAllAccessors: .ElectronicUnitBase1

===========================================================================================
----------------- testing Fri Oct 02 01:01:15 UTC 2020 /home/travis/build/icyphy/ptII/ptolemy/actor/lib/test/auto/ElementsToArray.xml
----------------- Instantiating /home/travis/build/icyphy/ptII/ptolemy/actor/lib/test/auto/ElementsToArray.xml
2 ms. Memory: 269312K Free: 143084K (53%)
----------------- Invoking toplevel() on ptolemy.moml.MoMLSimpleApplication@3fdb865c
----------------- Done invoking toplevel() on ptolemy.moml.MoMLSimpleApplication@3fdb865c
reloadAllAccessors: .ElementsToArray

===========================================================================================
----------------- testing Fri Oct 02 01:01:15 UTC 2020 /home/travis/build/icyphy/ptII/ptolemy/actor/lib/test/auto/Equals.xml
----------------- Instantiating /home/travis/build/icyphy/ptII/ptolemy/actor/lib/test/auto/Equals.xml
1 ms. Memory: 269312K Free: 138478K (51%)
----------------- Invoking toplevel() on ptolemy.moml.MoMLSimpleApplication@33230c33
----------------- Done invoking toplevel() on ptolemy.moml.MoMLSimpleApplication@33230c33
reloadAllAccessors: .Equals

===========================================================================================
----------------- testing Fri Oct 02 01:01:15 UTC 2020 /home/travis/build/icyphy/ptII/ptolemy/actor/lib/test/auto/Exec.xml
----------------- Instantiating /home/travis/build/icyphy/ptII/ptolemy/actor/lib/test/auto/Exec.xml
19 ms. Memory: 269312K Free: 132844K (49%)
----------------- Invoking toplevel() on ptolemy.moml.MoMLSimpleApplication@443dfd6f
----------------- Done invoking toplevel() on ptolemy.moml.MoMLSimpleApplication@443dfd6f
reloadAllAccessors: .Exec

===========================================================================================
----------------- testing Fri Oct 02 01:01:15 UTC 2020 /home/travis/build/icyphy/ptII/ptolemy/actor/lib/test/auto/ExecEnvironment.xml
----------------- Instantiating /home/travis/build/icyphy/ptII/ptolemy/actor/lib/test/auto/ExecEnvironment.xml
22 ms. Memory: 269312K Free: 128238K (48%)
----------------- Invoking toplevel() on ptolemy.moml.MoMLSimpleApplication@73b8cd00
----------------- Done invoking toplevel() on ptolemy.moml.MoMLSimpleApplication@73b8cd00
reloadAllAccessors: .ExecEnvironment

===========================================================================================
----------------- testing Fri Oct 02 01:01:15 UTC 2020 /home/travis/build/icyphy/ptII/ptolemy/actor/lib/test/auto/ExecNonZeroReturnOutput.xml
----------------- Instantiating /home/travis/build/icyphy/ptII/ptolemy/actor/lib/test/auto/ExecNonZeroReturnOutput.xml
168 ms. Memory: 269312K Free: 116974K (43%)
----------------- Invoking toplevel() on ptolemy.moml.MoMLSimpleApplication@5c6e700c
----------------- Done invoking toplevel() on ptolemy.moml.MoMLSimpleApplication@5c6e700c
reloadAllAccessors: .ExecNonZeroReturnOutput

===========================================================================================
----------------- testing Fri Oct 02 01:01:15 UTC 2020 /home/travis/build/icyphy/ptII/ptolemy/actor/lib/test/auto/ExecRunDemos.xml
----------------- Instantiating /home/travis/build/icyphy/ptII/ptolemy/actor/lib/test/auto/ExecRunDemos.xml
Finished: 60 ms. Memory: 129024K Free: 112170K (87%)

Finished: 77 ms. Memory: 129024K Free: 109432K (85%)

Finished: 84 ms. Memory: 129024K Free: 109512K (85%)

Finished: 72 ms. Memory: 129024K Free: 111122K (86%)

Finished: 86 ms. Memory: 129024K Free: 111917K (87%)

11033 ms. Memory: 269312K Free: 95468K (35%)
----------------- Invoking toplevel() on ptolemy.moml.MoMLSimpleApplication@1ae6012b
----------------- Done invoking toplevel() on ptolemy.moml.MoMLSimpleApplication@1ae6012b
reloadAllAccessors: .ExecRunDemos

===========================================================================================
----------------- testing Fri Oct 02 01:01:26 UTC 2020 /home/travis/build/icyphy/ptII/ptolemy/actor/lib/test/auto/ExecStop.xml
----------------- Instantiating /home/travis/build/icyphy/ptII/ptolemy/actor/lib/test/auto/ExecStop.xml
5018 ms. Memory: 269312K Free: 121772K (45%)
----------------- Invoking toplevel() on ptolemy.moml.MoMLSimpleApplication@64a01533
----------------- Done invoking toplevel() on ptolemy.moml.MoMLSimpleApplication@64a01533
reloadAllAccessors: .ExecStop

===========================================================================================
----------------- testing Fri Oct 02 01:01:31 UTC 2020 /home/travis/build/icyphy/ptII/ptolemy/actor/lib/test/auto/ExecutionTimeSDF.xml
----------------- Instantiating /home/travis/build/icyphy/ptII/ptolemy/actor/lib/test/auto/ExecutionTimeSDF.xml
Fired ExecutionTime: -828567296
Fired ExecutionTime: 1314000000
Fired ExecutionTime: 110632704
6004 ms. Memory: 269312K Free: 108947K (40%)
----------------- Invoking toplevel() on ptolemy.moml.MoMLSimpleApplication@528a32f2
----------------- Done invoking toplevel() on ptolemy.moml.MoMLSimpleApplication@528a32f2
reloadAllAccessors: .ExecutionTimeSDF

===========================================================================================
----------------- testing Fri Oct 02 01:01:38 UTC 2020 /home/travis/build/icyphy/ptII/ptolemy/actor/lib/test/auto/Expression1.xml
----------------- Instantiating /home/travis/build/icyphy/ptII/ptolemy/actor/lib/test/auto/Expression1.xml
3 ms. Memory: 269312K Free: 105210K (39%)
----------------- Invoking toplevel() on ptolemy.moml.MoMLSimpleApplication@ba8fa40
----------------- Done invoking toplevel() on ptolemy.moml.MoMLSimpleApplication@ba8fa40
reloadAllAccessors: .Expression1

===========================================================================================
----------------- testing Fri Oct 02 01:01:38 UTC 2020 /home/travis/build/icyphy/ptII/ptolemy/actor/lib/test/auto/Expression10.xml
----------------- Instantiating /home/travis/build/icyphy/ptII/ptolemy/actor/lib/test/auto/Expression10.xml
15 ms. Memory: 269312K Free: 100128K (37%)
----------------- Invoking toplevel() on ptolemy.moml.MoMLSimpleApplication@2ac0b20
----------------- Done invoking toplevel() on ptolemy.moml.MoMLSimpleApplication@2ac0b20
reloadAllAccessors: .Expression10

===========================================================================================
----------------- testing Fri Oct 02 01:01:38 UTC 2020 /home/travis/build/icyphy/ptII/ptolemy/actor/lib/test/auto/Expression11.xml
----------------- Instantiating /home/travis/build/icyphy/ptII/ptolemy/actor/lib/test/auto/Expression11.xml
2 ms. Memory: 269312K Free: 95407K (35%)
----------------- Invoking toplevel() on ptolemy.moml.MoMLSimpleApplication@3a16a868
----------------- Done invoking toplevel() on ptolemy.moml.MoMLSimpleApplication@3a16a868
reloadAllAccessors: .Expression11

===========================================================================================
----------------- testing Fri Oct 02 01:01:38 UTC 2020 /home/travis/build/icyphy/ptII/ptolemy/actor/lib/test/auto/Expression12.xml
----------------- Instantiating /home/travis/build/icyphy/ptII/ptolemy/actor/lib/test/auto/Expression12.xml
5 ms. Memory: 269312K Free: 89850K (33%)
----------------- Invoking toplevel() on ptolemy.moml.MoMLSimpleApplication@5ed9c5fd
----------------- Done invoking toplevel() on ptolemy.moml.MoMLSimpleApplication@5ed9c5fd
reloadAllAccessors: .Expression12

===========================================================================================
----------------- testing Fri Oct 02 01:01:38 UTC 2020 /home/travis/build/icyphy/ptII/ptolemy/actor/lib/test/auto/Expression13.xml
----------------- Instantiating /home/travis/build/icyphy/ptII/ptolemy/actor/lib/test/auto/Expression13.xml
4 ms. Memory: 269312K Free: 85167K (32%)
----------------- Invoking toplevel() on ptolemy.moml.MoMLSimpleApplication@1257171d
----------------- Done invoking toplevel() on ptolemy.moml.MoMLSimpleApplication@1257171d
reloadAllAccessors: .Expression13

===========================================================================================
----------------- testing Fri Oct 02 01:01:38 UTC 2020 /home/travis/build/icyphy/ptII/ptolemy/actor/lib/test/auto/Expression14.xml
----------------- Instantiating /home/travis/build/icyphy/ptII/ptolemy/actor/lib/test/auto/Expression14.xml
8 ms. Memory: 269312K Free: 79237K (29%)
----------------- Invoking toplevel() on ptolemy.moml.MoMLSimpleApplication@27663e0
----------------- Done invoking toplevel() on ptolemy.moml.MoMLSimpleApplication@27663e0
reloadAllAccessors: .Expression14

===========================================================================================
----------------- testing Fri Oct 02 01:01:38 UTC 2020 /home/travis/build/icyphy/ptII/ptolemy/actor/lib/test/auto/Expression15.xml
----------------- Instantiating /home/travis/build/icyphy/ptII/ptolemy/actor/lib/test/auto/Expression15.xml
2 ms. Memory: 269312K Free: 75538K (28%)
----------------- Invoking toplevel() on ptolemy.moml.MoMLSimpleApplication@8069c2c
----------------- Done invoking toplevel() on ptolemy.moml.MoMLSimpleApplication@8069c2c
reloadAllAccessors: .Expression15

===========================================================================================
----------------- testing Fri Oct 02 01:01:38 UTC 2020 /home/travis/build/icyphy/ptII/ptolemy/actor/lib/test/auto/Expression16.xml
----------------- Instantiating /home/travis/build/icyphy/ptII/ptolemy/actor/lib/test/auto/Expression16.xml
3 ms. Memory: 269312K Free: 70401K (26%)
----------------- Invoking toplevel() on ptolemy.moml.MoMLSimpleApplication@2acabbb
----------------- Done invoking toplevel() on ptolemy.moml.MoMLSimpleApplication@2acabbb
reloadAllAccessors: .Expression16

===========================================================================================
----------------- testing Fri Oct 02 01:01:38 UTC 2020 /home/travis/build/icyphy/ptII/ptolemy/actor/lib/test/auto/Expression17.xml
----------------- Instantiating /home/travis/build/icyphy/ptII/ptolemy/actor/lib/test/auto/Expression17.xml
3 ms. Memory: 269312K Free: 65282K (24%)
----------------- Invoking toplevel() on ptolemy.moml.MoMLSimpleApplication@25916525
----------------- Done invoking toplevel() on ptolemy.moml.MoMLSimpleApplication@25916525
reloadAllAccessors: .Expression17

===========================================================================================
----------------- testing Fri Oct 02 01:01:38 UTC 2020 /home/travis/build/icyphy/ptII/ptolemy/actor/lib/test/auto/Expression18.xml
----------------- Instantiating /home/travis/build/icyphy/ptII/ptolemy/actor/lib/test/auto/Expression18.xml
5 ms. Memory: 269312K Free: 219120K (81%)
----------------- Invoking toplevel() on ptolemy.moml.MoMLSimpleApplication@5f3bf505
----------------- Done invoking toplevel() on ptolemy.moml.MoMLSimpleApplication@5f3bf505
reloadAllAccessors: .Expression18

===========================================================================================
----------------- testing Fri Oct 02 01:01:38 UTC 2020 /home/travis/build/icyphy/ptII/ptolemy/actor/lib/test/auto/Expression2.xml
----------------- Instantiating /home/travis/build/icyphy/ptII/ptolemy/actor/lib/test/auto/Expression2.xml
3 ms. Memory: 269312K Free: 214083K (79%)
----------------- Invoking toplevel() on ptolemy.moml.MoMLSimpleApplication@4dff8493
----------------- Done invoking toplevel() on ptolemy.moml.MoMLSimpleApplication@4dff8493
reloadAllAccessors: .Expression2

===========================================================================================
----------------- testing Fri Oct 02 01:01:38 UTC 2020 /home/travis/build/icyphy/ptII/ptolemy/actor/lib/test/auto/Expression3.xml
----------------- Instantiating /home/travis/build/icyphy/ptII/ptolemy/actor/lib/test/auto/Expression3.xml
7 ms. Memory: 269312K Free: 208955K (78%)
----------------- Invoking toplevel() on ptolemy.moml.MoMLSimpleApplication@5edbc164
----------------- Done invoking toplevel() on ptolemy.moml.MoMLSimpleApplication@5edbc164
reloadAllAccessors: .Expression3

===========================================================================================
----------------- testing Fri Oct 02 01:01:38 UTC 2020 /home/travis/build/icyphy/ptII/ptolemy/actor/lib/test/auto/Expression4.xml
----------------- Instantiating /home/travis/build/icyphy/ptII/ptolemy/actor/lib/test/auto/Expression4.xml
4 ms. Memory: 269312K Free: 201245K (75%)
----------------- Invoking toplevel() on ptolemy.moml.MoMLSimpleApplication@22b1a32f
----------------- Done invoking toplevel() on ptolemy.moml.MoMLSimpleApplication@22b1a32f
reloadAllAccessors: .Expression4

===========================================================================================
----------------- testing Fri Oct 02 01:01:38 UTC 2020 /home/travis/build/icyphy/ptII/ptolemy/actor/lib/test/auto/Expression5.xml
----------------- Instantiating /home/travis/build/icyphy/ptII/ptolemy/actor/lib/test/auto/Expression5.xml
5 ms. Memory: 269312K Free: 196713K (73%)
----------------- Invoking toplevel() on ptolemy.moml.MoMLSimpleApplication@426a73e
----------------- Done invoking toplevel() on ptolemy.moml.MoMLSimpleApplication@426a73e
reloadAllAccessors: .Expression5

===========================================================================================
----------------- testing Fri Oct 02 01:01:38 UTC 2020 /home/travis/build/icyphy/ptII/ptolemy/actor/lib/test/auto/Expression6.xml
----------------- Instantiating /home/travis/build/icyphy/ptII/ptolemy/actor/lib/test/auto/Expression6.xml
2 ms. Memory: 269312K Free: 192013K (71%)
----------------- Invoking toplevel() on ptolemy.moml.MoMLSimpleApplication@59762764
----------------- Done invoking toplevel() on ptolemy.moml.MoMLSimpleApplication@59762764
reloadAllAccessors: .Expression6

===========================================================================================
----------------- testing Fri Oct 02 01:01:38 UTC 2020 /home/travis/build/icyphy/ptII/ptolemy/actor/lib/test/auto/Expression7.xml
----------------- Instantiating /home/travis/build/icyphy/ptII/ptolemy/actor/lib/test/auto/Expression7.xml
3 ms. Memory: 269312K Free: 186893K (69%)
----------------- Invoking toplevel() on ptolemy.moml.MoMLSimpleApplication@40243a9a
----------------- Done invoking toplevel() on ptolemy.moml.MoMLSimpleApplication@40243a9a
reloadAllAccessors: .Expression7

===========================================================================================
----------------- testing Fri Oct 02 01:01:38 UTC 2020 /home/travis/build/icyphy/ptII/ptolemy/actor/lib/test/auto/Expression8.xml
----------------- Instantiating /home/travis/build/icyphy/ptII/ptolemy/actor/lib/test/auto/Expression8.xml
8 ms. Memory: 269312K Free: 182377K (68%)
----------------- Invoking toplevel() on ptolemy.moml.MoMLSimpleApplication@539c6728
----------------- Done invoking toplevel() on ptolemy.moml.MoMLSimpleApplication@539c6728
reloadAllAccessors: .Expression8

===========================================================================================
----------------- testing Fri Oct 02 01:01:38 UTC 2020 /home/travis/build/icyphy/ptII/ptolemy/actor/lib/test/auto/Expression9.xml
----------------- Instantiating /home/travis/build/icyphy/ptII/ptolemy/actor/lib/test/auto/Expression9.xml
1 ms. Memory: 269312K Free: 178281K (66%)
----------------- Invoking toplevel() on ptolemy.moml.MoMLSimpleApplication@35befcb3
----------------- Done invoking toplevel() on ptolemy.moml.MoMLSimpleApplication@35befcb3
reloadAllAccessors: .Expression9

===========================================================================================
----------------- testing Fri Oct 02 01:01:38 UTC 2020 /home/travis/build/icyphy/ptII/ptolemy/actor/lib/test/auto/ExpressionConcatenateArrayType.xml
----------------- Instantiating /home/travis/build/icyphy/ptII/ptolemy/actor/lib/test/auto/ExpressionConcatenateArrayType.xml
4 ms. Memory: 269312K Free: 172016K (64%)
----------------- Invoking toplevel() on ptolemy.moml.MoMLSimpleApplication@3492421f
----------------- Done invoking toplevel() on ptolemy.moml.MoMLSimpleApplication@3492421f
reloadAllAccessors: .ExpressionConcatenateArrayType

===========================================================================================
----------------- testing Fri Oct 02 01:01:38 UTC 2020 /home/travis/build/icyphy/ptII/ptolemy/actor/lib/test/auto/ExpressionConcatenateArrayType2.xml
----------------- Instantiating /home/travis/build/icyphy/ptII/ptolemy/actor/lib/test/auto/ExpressionConcatenateArrayType2.xml
3 ms. Memory: 269312K Free: 166987K (62%)
----------------- Invoking toplevel() on ptolemy.moml.MoMLSimpleApplication@3962a2bf
----------------- Done invoking toplevel() on ptolemy.moml.MoMLSimpleApplication@3962a2bf
reloadAllAccessors: .ExpressionConcatenateArrayType2

===========================================================================================
----------------- testing Fri Oct 02 01:01:38 UTC 2020 /home/travis/build/icyphy/ptII/ptolemy/actor/lib/test/auto/ExpressionFix.xml
----------------- Instantiating /home/travis/build/icyphy/ptII/ptolemy/actor/lib/test/auto/ExpressionFix.xml
24 ms. Memory: 269312K Free: 159827K (59%)
----------------- Invoking toplevel() on ptolemy.moml.MoMLSimpleApplication@47335d27
----------------- Done invoking toplevel() on ptolemy.moml.MoMLSimpleApplication@47335d27
reloadAllAccessors: .ExpressionFix

===========================================================================================
----------------- testing Fri Oct 02 01:01:38 UTC 2020 /home/travis/build/icyphy/ptII/ptolemy/actor/lib/test/auto/ExpressionFix2.xml
----------------- Instantiating /home/travis/build/icyphy/ptII/ptolemy/actor/lib/test/auto/ExpressionFix2.xml
4 ms. Memory: 269312K Free: 155632K (58%)
----------------- Invoking toplevel() on ptolemy.moml.MoMLSimpleApplication@64234466
----------------- Done invoking toplevel() on ptolemy.moml.MoMLSimpleApplication@64234466
reloadAllAccessors: .ExpressionFix2

===========================================================================================
----------------- testing Fri Oct 02 01:01:38 UTC 2020 /home/travis/build/icyphy/ptII/ptolemy/actor/lib/test/auto/ExpressionFix3.xml
----------------- Instantiating /home/travis/build/icyphy/ptII/ptolemy/actor/lib/test/auto/ExpressionFix3.xml
3 ms. Memory: 269312K Free: 151536K (56%)
----------------- Invoking toplevel() on ptolemy.moml.MoMLSimpleApplication@388a7900
----------------- Done invoking toplevel() on ptolemy.moml.MoMLSimpleApplication@388a7900
reloadAllAccessors: .ExpressionFix3

===========================================================================================
----------------- testing Fri Oct 02 01:01:38 UTC 2020 /home/travis/build/icyphy/ptII/ptolemy/actor/lib/test/auto/FileWriter1.xml
----------------- Instantiating /home/travis/build/icyphy/ptII/ptolemy/actor/lib/test/auto/FileWriter1.xml
3 ms. Memory: 269312K Free: 148011K (55%)
----------------- Invoking toplevel() on ptolemy.moml.MoMLSimpleApplication@5cd2c5fe
----------------- Done invoking toplevel() on ptolemy.moml.MoMLSimpleApplication@5cd2c5fe
reloadAllAccessors: .FileWriter1

===========================================================================================
----------------- testing Fri Oct 02 01:01:38 UTC 2020 /home/travis/build/icyphy/ptII/ptolemy/actor/lib/test/auto/FileWriter2.xml
----------------- Instantiating /home/travis/build/icyphy/ptII/ptolemy/actor/lib/test/auto/FileWriter2.xml
2 ms. Memory: 269312K Free: 143465K (53%)
----------------- Invoking toplevel() on ptolemy.moml.MoMLSimpleApplication@412845b8
----------------- Done invoking toplevel() on ptolemy.moml.MoMLSimpleApplication@412845b8
reloadAllAccessors: .FileWriter2

===========================================================================================
----------------- testing Fri Oct 02 01:01:38 UTC 2020 /home/travis/build/icyphy/ptII/ptolemy/actor/lib/test/auto/FileWriter3.xml
----------------- Instantiating /home/travis/build/icyphy/ptII/ptolemy/actor/lib/test/auto/FileWriter3.xml
4 ms. Memory: 269312K Free: 139337K (52%)
----------------- Invoking toplevel() on ptolemy.moml.MoMLSimpleApplication@532c547a
----------------- Done invoking toplevel() on ptolemy.moml.MoMLSimpleApplication@532c547a
reloadAllAccessors: .FileWriter3

===========================================================================================
----------------- testing Fri Oct 02 01:01:38 UTC 2020 /home/travis/build/icyphy/ptII/ptolemy/actor/lib/test/auto/Gaussian.xml
----------------- Instantiating /home/travis/build/icyphy/ptII/ptolemy/actor/lib/test/auto/Gaussian.xml
3 ms. Memory: 269312K Free: 135227K (50%)
----------------- Invoking toplevel() on ptolemy.moml.MoMLSimpleApplication@544c35e3
----------------- Done invoking toplevel() on ptolemy.moml.MoMLSimpleApplication@544c35e3
reloadAllAccessors: .Gaussian

===========================================================================================
----------------- testing Fri Oct 02 01:01:38 UTC 2020 /home/travis/build/icyphy/ptII/ptolemy/actor/lib/test/auto/Gaussian1.xml
----------------- Instantiating /home/travis/build/icyphy/ptII/ptolemy/actor/lib/test/auto/Gaussian1.xml
3 ms. Memory: 269312K Free: 129579K (48%)
----------------- Invoking toplevel() on ptolemy.moml.MoMLSimpleApplication@28d08be8
----------------- Done invoking toplevel() on ptolemy.moml.MoMLSimpleApplication@28d08be8
reloadAllAccessors: .Gaussian1

===========================================================================================
----------------- testing Fri Oct 02 01:01:38 UTC 2020 /home/travis/build/icyphy/ptII/ptolemy/actor/lib/test/auto/Gaussian2.xml
----------------- Instantiating /home/travis/build/icyphy/ptII/ptolemy/actor/lib/test/auto/Gaussian2.xml
10 ms. Memory: 269312K Free: 123987K (46%)
----------------- Invoking toplevel() on ptolemy.moml.MoMLSimpleApplication@3b30f05c
----------------- Done invoking toplevel() on ptolemy.moml.MoMLSimpleApplication@3b30f05c
reloadAllAccessors: .Gaussian2

===========================================================================================
----------------- testing Fri Oct 02 01:01:38 UTC 2020 /home/travis/build/icyphy/ptII/ptolemy/actor/lib/test/auto/GradientAdaptiveLattice.xml
----------------- Instantiating /home/travis/build/icyphy/ptII/ptolemy/actor/lib/test/auto/GradientAdaptiveLattice.xml
3 ms. Memory: 269312K Free: 118889K (44%)
----------------- Invoking toplevel() on ptolemy.moml.MoMLSimpleApplication@22cf6fdb
----------------- Done invoking toplevel() on ptolemy.moml.MoMLSimpleApplication@22cf6fdb
reloadAllAccessors: .GradientAdaptiveLattice

===========================================================================================
----------------- testing Fri Oct 02 01:01:38 UTC 2020 /home/travis/build/icyphy/ptII/ptolemy/actor/lib/test/auto/IIR.xml
----------------- Instantiating /home/travis/build/icyphy/ptII/ptolemy/actor/lib/test/auto/IIR.xml
3 ms. Memory: 269312K Free: 114771K (43%)
----------------- Invoking toplevel() on ptolemy.moml.MoMLSimpleApplication@190ab496
----------------- Done invoking toplevel() on ptolemy.moml.MoMLSimpleApplication@190ab496
reloadAllAccessors: .IIR

===========================================================================================
----------------- testing Fri Oct 02 01:01:38 UTC 2020 /home/travis/build/icyphy/ptII/ptolemy/actor/lib/test/auto/InputOutputTransparentPorts.xml
----------------- Instantiating /home/travis/build/icyphy/ptII/ptolemy/actor/lib/test/auto/InputOutputTransparentPorts.xml
2 ms. Memory: 269312K Free: 107504K (40%)
----------------- Invoking toplevel() on ptolemy.moml.MoMLSimpleApplication@7ef5919d
----------------- Done invoking toplevel() on ptolemy.moml.MoMLSimpleApplication@7ef5919d
reloadAllAccessors: .InputOutputTransparentPorts

===========================================================================================
----------------- testing Fri Oct 02 01:01:38 UTC 2020 /home/travis/build/icyphy/ptII/ptolemy/actor/lib/test/auto/Interpolator.xml
----------------- Instantiating /home/travis/build/icyphy/ptII/ptolemy/actor/lib/test/auto/Interpolator.xml
4 ms. Memory: 269312K Free: 103408K (38%)
----------------- Invoking toplevel() on ptolemy.moml.MoMLSimpleApplication@38479abd
----------------- Done invoking toplevel() on ptolemy.moml.MoMLSimpleApplication@38479abd
reloadAllAccessors: .Interpolator

===========================================================================================
----------------- testing Fri Oct 02 01:01:38 UTC 2020 /home/travis/build/icyphy/ptII/ptolemy/actor/lib/test/auto/InterpolatorFiringLimitDE.xml
----------------- Instantiating /home/travis/build/icyphy/ptII/ptolemy/actor/lib/test/auto/InterpolatorFiringLimitDE.xml
2 ms. Memory: 269312K Free: 97353K (36%)
----------------- Invoking toplevel() on ptolemy.moml.MoMLSimpleApplication@2d26383b
----------------- Done invoking toplevel() on ptolemy.moml.MoMLSimpleApplication@2d26383b
reloadAllAccessors: .InterpolatorFiringLimitDE

===========================================================================================
----------------- testing Fri Oct 02 01:01:38 UTC 2020 /home/travis/build/icyphy/ptII/ptolemy/actor/lib/test/auto/Lattice.xml
----------------- Instantiating /home/travis/build/icyphy/ptII/ptolemy/actor/lib/test/auto/Lattice.xml
1 ms. Memory: 269312K Free: 93717K (35%)
----------------- Invoking toplevel() on ptolemy.moml.MoMLSimpleApplication@78d7125
----------------- Done invoking toplevel() on ptolemy.moml.MoMLSimpleApplication@78d7125
reloadAllAccessors: .Lattice

===========================================================================================
----------------- testing Fri Oct 02 01:01:38 UTC 2020 /home/travis/build/icyphy/ptII/ptolemy/actor/lib/test/auto/LazyAOCTestLazy.xml
----------------- Instantiating /home/travis/build/icyphy/ptII/ptolemy/actor/lib/test/auto/LazyAOCTestLazy.xml
9 ms. Memory: 269312K Free: 87557K (33%)
----------------- Invoking toplevel() on ptolemy.moml.MoMLSimpleApplication@9f955f6
----------------- Done invoking toplevel() on ptolemy.moml.MoMLSimpleApplication@9f955f6
reloadAllAccessors: .LazyAOCTestLazy

===========================================================================================
----------------- testing Fri Oct 02 01:01:38 UTC 2020 /home/travis/build/icyphy/ptII/ptolemy/actor/lib/test/auto/LazyAOCTestNonLazy.xml
----------------- Instantiating /home/travis/build/icyphy/ptII/ptolemy/actor/lib/test/auto/LazyAOCTestNonLazy.xml
2 ms. Memory: 269312K Free: 81451K (30%)
----------------- Invoking toplevel() on ptolemy.moml.MoMLSimpleApplication@6f6e9b50
----------------- Done invoking toplevel() on ptolemy.moml.MoMLSimpleApplication@6f6e9b50
reloadAllAccessors: .LazyAOCTestNonLazy

===========================================================================================
----------------- testing Fri Oct 02 01:01:38 UTC 2020 /home/travis/build/icyphy/ptII/ptolemy/actor/lib/test/auto/LazyInnerClass.xml
----------------- Instantiating /home/travis/build/icyphy/ptII/ptolemy/actor/lib/test/auto/LazyInnerClass.xml
18 ms. Memory: 269312K Free: 72235K (27%)
----------------- Invoking toplevel() on ptolemy.moml.MoMLSimpleApplication@7a93a23
----------------- Done invoking toplevel() on ptolemy.moml.MoMLSimpleApplication@7a93a23
reloadAllAccessors: .LazyInnerClass

===========================================================================================
----------------- testing Fri Oct 02 01:01:38 UTC 2020 /home/travis/build/icyphy/ptII/ptolemy/actor/lib/test/auto/LazyPubSub.xml
----------------- Instantiating /home/travis/build/icyphy/ptII/ptolemy/actor/lib/test/auto/LazyPubSub.xml
27 ms. Memory: 269312K Free: 62561K (23%)
----------------- Invoking toplevel() on ptolemy.moml.MoMLSimpleApplication@67311e30
----------------- Done invoking toplevel() on ptolemy.moml.MoMLSimpleApplication@67311e30
reloadAllAccessors: .LazyPubSub

===========================================================================================
----------------- testing Fri Oct 02 01:01:38 UTC 2020 /home/travis/build/icyphy/ptII/ptolemy/actor/lib/test/auto/LazyPubSub2.xml
----------------- Instantiating /home/travis/build/icyphy/ptII/ptolemy/actor/lib/test/auto/LazyPubSub2.xml
19 ms. Memory: 269312K Free: 209938K (78%)
----------------- Invoking toplevel() on ptolemy.moml.MoMLSimpleApplication@45b7244f
----------------- Done invoking toplevel() on ptolemy.moml.MoMLSimpleApplication@45b7244f
reloadAllAccessors: .LazyPubSub2

===========================================================================================
----------------- testing Fri Oct 02 01:01:38 UTC 2020 /home/travis/build/icyphy/ptII/ptolemy/actor/lib/test/auto/LazyPubSub3.xml
----------------- Instantiating /home/travis/build/icyphy/ptII/ptolemy/actor/lib/test/auto/LazyPubSub3.xml
12 ms. Memory: 269312K Free: 199700K (74%)
----------------- Invoking toplevel() on ptolemy.moml.MoMLSimpleApplication@269c0224
----------------- Done invoking toplevel() on ptolemy.moml.MoMLSimpleApplication@269c0224
reloadAllAccessors: .LazyPubSub3

===========================================================================================
----------------- testing Fri Oct 02 01:01:38 UTC 2020 /home/travis/build/icyphy/ptII/ptolemy/actor/lib/test/auto/LazySubClassModel.xml
----------------- Instantiating /home/travis/build/icyphy/ptII/ptolemy/actor/lib/test/auto/LazySubClassModel.xml
2 ms. Memory: 269312K Free: 190484K (71%)
----------------- Invoking toplevel() on ptolemy.moml.MoMLSimpleApplication@3a4662b7
----------------- Done invoking toplevel() on ptolemy.moml.MoMLSimpleApplication@3a4662b7
reloadAllAccessors: .LazySubClassModel

===========================================================================================
----------------- testing Fri Oct 02 01:01:39 UTC 2020 /home/travis/build/icyphy/ptII/ptolemy/actor/lib/test/auto/LevelCrossTest1.xml
----------------- Instantiating /home/travis/build/icyphy/ptII/ptolemy/actor/lib/test/auto/LevelCrossTest1.xml
1 ms. Memory: 269312K Free: 184854K (69%)
----------------- Invoking toplevel() on ptolemy.moml.MoMLSimpleApplication@195d308c
----------------- Done invoking toplevel() on ptolemy.moml.MoMLSimpleApplication@195d308c
reloadAllAccessors: .broken

===========================================================================================
----------------- testing Fri Oct 02 01:01:39 UTC 2020 /home/travis/build/icyphy/ptII/ptolemy/actor/lib/test/auto/LevelCrossTest10.xml
----------------- Instantiating /home/travis/build/icyphy/ptII/ptolemy/actor/lib/test/auto/LevelCrossTest10.xml
2 ms. Memory: 269312K Free: 177172K (66%)
----------------- Invoking toplevel() on ptolemy.moml.MoMLSimpleApplication@34bf6a13
----------------- Done invoking toplevel() on ptolemy.moml.MoMLSimpleApplication@34bf6a13
reloadAllAccessors: .LevelCrossTest10

===========================================================================================
----------------- testing Fri Oct 02 01:01:39 UTC 2020 /home/travis/build/icyphy/ptII/ptolemy/actor/lib/test/auto/LevelCrossTest11.xml
----------------- Instantiating /home/travis/build/icyphy/ptII/ptolemy/actor/lib/test/auto/LevelCrossTest11.xml
1 ms. Memory: 269312K Free: 170518K (63%)
----------------- Invoking toplevel() on ptolemy.moml.MoMLSimpleApplication@6197eb93
----------------- Done invoking toplevel() on ptolemy.moml.MoMLSimpleApplication@6197eb93
reloadAllAccessors: .LevelCrossTest11

===========================================================================================
----------------- testing Fri Oct 02 01:01:39 UTC 2020 /home/travis/build/icyphy/ptII/ptolemy/actor/lib/test/auto/LevelCrossTest12.xml
----------------- Instantiating /home/travis/build/icyphy/ptII/ptolemy/actor/lib/test/auto/LevelCrossTest12.xml
1 ms. Memory: 269312K Free: 163860K (61%)
----------------- Invoking toplevel() on ptolemy.moml.MoMLSimpleApplication@abd9755
----------------- Done invoking toplevel() on ptolemy.moml.MoMLSimpleApplication@abd9755
reloadAllAccessors: .LevelCrossTest12

===========================================================================================
----------------- testing Fri Oct 02 01:01:39 UTC 2020 /home/travis/build/icyphy/ptII/ptolemy/actor/lib/test/auto/LevelCrossTest13.xml
----------------- Instantiating /home/travis/build/icyphy/ptII/ptolemy/actor/lib/test/auto/LevelCrossTest13.xml
1 ms. Memory: 269312K Free: 156692K (58%)
----------------- Invoking toplevel() on ptolemy.moml.MoMLSimpleApplication@51076cdd
----------------- Done invoking toplevel() on ptolemy.moml.MoMLSimpleApplication@51076cdd
reloadAllAccessors: .LevelCrossTest13

===========================================================================================
----------------- testing Fri Oct 02 01:01:39 UTC 2020 /home/travis/build/icyphy/ptII/ptolemy/actor/lib/test/auto/LevelCrossTest2.xml
----------------- Instantiating /home/travis/build/icyphy/ptII/ptolemy/actor/lib/test/auto/LevelCrossTest2.xml
1 ms. Memory: 269312K Free: 151062K (56%)
----------------- Invoking toplevel() on ptolemy.moml.MoMLSimpleApplication@76c43746
----------------- Done invoking toplevel() on ptolemy.moml.MoMLSimpleApplication@76c43746
reloadAllAccessors: .broken

===========================================================================================
----------------- testing Fri Oct 02 01:01:39 UTC 2020 /home/travis/build/icyphy/ptII/ptolemy/actor/lib/test/auto/LevelCrossTest3.xml
----------------- Instantiating /home/travis/build/icyphy/ptII/ptolemy/actor/lib/test/auto/LevelCrossTest3.xml
2 ms. Memory: 269312K Free: 144918K (54%)
----------------- Invoking toplevel() on ptolemy.moml.MoMLSimpleApplication@7b8b2eb8
----------------- Done invoking toplevel() on ptolemy.moml.MoMLSimpleApplication@7b8b2eb8
reloadAllAccessors: .LevelCrossTest3

===========================================================================================
----------------- testing Fri Oct 02 01:01:39 UTC 2020 /home/travis/build/icyphy/ptII/ptolemy/actor/lib/test/auto/LevelCrossTest4.xml
----------------- Instantiating /home/travis/build/icyphy/ptII/ptolemy/actor/lib/test/auto/LevelCrossTest4.xml
1 ms. Memory: 269312K Free: 139284K (52%)
----------------- Invoking toplevel() on ptolemy.moml.MoMLSimpleApplication@553a8919
----------------- Done invoking toplevel() on ptolemy.moml.MoMLSimpleApplication@553a8919
reloadAllAccessors: .broken

===========================================================================================
----------------- testing Fri Oct 02 01:01:39 UTC 2020 /home/travis/build/icyphy/ptII/ptolemy/actor/lib/test/auto/LevelCrossTest5.xml
----------------- Instantiating /home/travis/build/icyphy/ptII/ptolemy/actor/lib/test/auto/LevelCrossTest5.xml
4 ms. Memory: 269312K Free: 132630K (49%)
----------------- Invoking toplevel() on ptolemy.moml.MoMLSimpleApplication@57ea8fa6
----------------- Done invoking toplevel() on ptolemy.moml.MoMLSimpleApplication@57ea8fa6
reloadAllAccessors: .LevelCrossTest5

===========================================================================================
----------------- testing Fri Oct 02 01:01:39 UTC 2020 /home/travis/build/icyphy/ptII/ptolemy/actor/lib/test/auto/LevelCrossTest6.xml
----------------- Instantiating /home/travis/build/icyphy/ptII/ptolemy/actor/lib/test/auto/LevelCrossTest6.xml
11 ms. Memory: 269312K Free: 125462K (47%)
----------------- Invoking toplevel() on ptolemy.moml.MoMLSimpleApplication@42cb17c
----------------- Done invoking toplevel() on ptolemy.moml.MoMLSimpleApplication@42cb17c
reloadAllAccessors: .LevelCrossTest6

===========================================================================================
----------------- testing Fri Oct 02 01:01:39 UTC 2020 /home/travis/build/icyphy/ptII/ptolemy/actor/lib/test/auto/LevelCrossTest7.xml
----------------- Instantiating /home/travis/build/icyphy/ptII/ptolemy/actor/lib/test/auto/LevelCrossTest7.xml
2 ms. Memory: 269312K Free: 117780K (44%)
----------------- Invoking toplevel() on ptolemy.moml.MoMLSimpleApplication@6db619c2
----------------- Done invoking toplevel() on ptolemy.moml.MoMLSimpleApplication@6db619c2
reloadAllAccessors: .LevelCrossTest7

===========================================================================================
----------------- testing Fri Oct 02 01:01:39 UTC 2020 /home/travis/build/icyphy/ptII/ptolemy/actor/lib/test/auto/LevelCrossTest8.xml
----------------- Instantiating /home/travis/build/icyphy/ptII/ptolemy/actor/lib/test/auto/LevelCrossTest8.xml
1 ms. Memory: 269312K Free: 110102K (41%)
----------------- Invoking toplevel() on ptolemy.moml.MoMLSimpleApplication@5362146e
----------------- Done invoking toplevel() on ptolemy.moml.MoMLSimpleApplication@5362146e
reloadAllAccessors: .LevelCrossTest8

===========================================================================================
----------------- testing Fri Oct 02 01:01:39 UTC 2020 /home/travis/build/icyphy/ptII/ptolemy/actor/lib/test/auto/LevelCrossTest9.xml
----------------- Instantiating /home/travis/build/icyphy/ptII/ptolemy/actor/lib/test/auto/LevelCrossTest9.xml
1 ms. Memory: 269312K Free: 102934K (38%)
----------------- Invoking toplevel() on ptolemy.moml.MoMLSimpleApplication@591a9396
----------------- Done invoking toplevel() on ptolemy.moml.MoMLSimpleApplication@591a9396
reloadAllAccessors: .LevelCrossTest9

===========================================================================================
----------------- testing Fri Oct 02 01:01:39 UTC 2020 /home/travis/build/icyphy/ptII/ptolemy/actor/lib/test/auto/LevinsonDurbin.xml
----------------- Instantiating /home/travis/build/icyphy/ptII/ptolemy/actor/lib/test/auto/LevinsonDurbin.xml
1 ms. Memory: 269312K Free: 99348K (37%)
----------------- Invoking toplevel() on ptolemy.moml.MoMLSimpleApplication@3eb8f152
----------------- Done invoking toplevel() on ptolemy.moml.MoMLSimpleApplication@3eb8f152
reloadAllAccessors: .LevinsonDurbin

===========================================================================================
----------------- testing Fri Oct 02 01:01:39 UTC 2020 /home/travis/build/icyphy/ptII/ptolemy/actor/lib/test/auto/LevinsonDurbin2.xml
----------------- Instantiating /home/travis/build/icyphy/ptII/ptolemy/actor/lib/test/auto/LevinsonDurbin2.xml
1 ms. Memory: 269312K Free: 95252K (35%)
----------------- Invoking toplevel() on ptolemy.moml.MoMLSimpleApplication@2585e32f
----------------- Done invoking toplevel() on ptolemy.moml.MoMLSimpleApplication@2585e32f
reloadAllAccessors: .LevinsonDurbin2

===========================================================================================
----------------- testing Fri Oct 02 01:01:39 UTC 2020 /home/travis/build/icyphy/ptII/ptolemy/actor/lib/test/auto/LevinsonDurbin3.xml
----------------- Instantiating /home/travis/build/icyphy/ptII/ptolemy/actor/lib/test/auto/LevinsonDurbin3.xml
2 ms. Memory: 269312K Free: 91156K (34%)
----------------- Invoking toplevel() on ptolemy.moml.MoMLSimpleApplication@962907e
----------------- Done invoking toplevel() on ptolemy.moml.MoMLSimpleApplication@962907e
reloadAllAccessors: .LevinsonDurbin3

===========================================================================================
----------------- testing Fri Oct 02 01:01:39 UTC 2020 /home/travis/build/icyphy/ptII/ptolemy/actor/lib/test/auto/Limiter.xml
----------------- Instantiating /home/travis/build/icyphy/ptII/ptolemy/actor/lib/test/auto/Limiter.xml
4 ms. Memory: 269312K Free: 81926K (30%)
----------------- Invoking toplevel() on ptolemy.moml.MoMLSimpleApplication@505ed2f8
----------------- Done invoking toplevel() on ptolemy.moml.MoMLSimpleApplication@505ed2f8
reloadAllAccessors: .Limiter

===========================================================================================
----------------- testing Fri Oct 02 01:01:39 UTC 2020 /home/travis/build/icyphy/ptII/ptolemy/actor/lib/test/auto/LinearDifferenceEquationSystem.xml
----------------- Instantiating /home/travis/build/icyphy/ptII/ptolemy/actor/lib/test/auto/LinearDifferenceEquationSystem.xml
4 ms. Memory: 269312K Free: 74772K (28%)
----------------- Invoking toplevel() on ptolemy.moml.MoMLSimpleApplication@74d0b98e
----------------- Done invoking toplevel() on ptolemy.moml.MoMLSimpleApplication@74d0b98e
reloadAllAccessors: .LinearDifferenceEquationSystem

===========================================================================================
----------------- testing Fri Oct 02 01:01:39 UTC 2020 /home/travis/build/icyphy/ptII/ptolemy/actor/lib/test/auto/LookupTable.xml
----------------- Instantiating /home/travis/build/icyphy/ptII/ptolemy/actor/lib/test/auto/LookupTable.xml
2 ms. Memory: 269312K Free: 70166K (26%)
----------------- Invoking toplevel() on ptolemy.moml.MoMLSimpleApplication@2c7fb50e
----------------- Done invoking toplevel() on ptolemy.moml.MoMLSimpleApplication@2c7fb50e
reloadAllAccessors: .LookupTable

===========================================================================================
----------------- testing Fri Oct 02 01:01:39 UTC 2020 /home/travis/build/icyphy/ptII/ptolemy/actor/lib/test/auto/MathFunction.xml
----------------- Instantiating /home/travis/build/icyphy/ptII/ptolemy/actor/lib/test/auto/MathFunction.xml
2 ms. Memory: 269312K Free: 61974K (23%)
----------------- Invoking toplevel() on ptolemy.moml.MoMLSimpleApplication@57b68404
----------------- Done invoking toplevel() on ptolemy.moml.MoMLSimpleApplication@57b68404
reloadAllAccessors: .MathFunction

===========================================================================================
----------------- testing Fri Oct 02 01:01:39 UTC 2020 /home/travis/build/icyphy/ptII/ptolemy/actor/lib/test/auto/MathFunction2.xml
----------------- Instantiating /home/travis/build/icyphy/ptII/ptolemy/actor/lib/test/auto/MathFunction2.xml
4 ms. Memory: 269312K Free: 215608K (80%)
----------------- Invoking toplevel() on ptolemy.moml.MoMLSimpleApplication@7633ac98
----------------- Done invoking toplevel() on ptolemy.moml.MoMLSimpleApplication@7633ac98
reloadAllAccessors: .MathFunction2

===========================================================================================
----------------- testing Fri Oct 02 01:01:39 UTC 2020 /home/travis/build/icyphy/ptII/ptolemy/actor/lib/test/auto/MathFunction3.xml
----------------- Instantiating /home/travis/build/icyphy/ptII/ptolemy/actor/lib/test/auto/MathFunction3.xml
2 ms. Memory: 269312K Free: 208440K (77%)
----------------- Invoking toplevel() on ptolemy.moml.MoMLSimpleApplication@71c0a8b8
----------------- Done invoking toplevel() on ptolemy.moml.MoMLSimpleApplication@71c0a8b8
reloadAllAccessors: .MathFunction3

===========================================================================================
----------------- testing Fri Oct 02 01:01:39 UTC 2020 /home/travis/build/icyphy/ptII/ptolemy/actor/lib/test/auto/MatrixCropBoolean.xml
----------------- Instantiating /home/travis/build/icyphy/ptII/ptolemy/actor/lib/test/auto/MatrixCropBoolean.xml
1 ms. Memory: 269312K Free: 203320K (75%)
----------------- Invoking toplevel() on ptolemy.moml.MoMLSimpleApplication@137d84a4
----------------- Done invoking toplevel() on ptolemy.moml.MoMLSimpleApplication@137d84a4
reloadAllAccessors: .MatrixCropBoolean

===========================================================================================
----------------- testing Fri Oct 02 01:01:39 UTC 2020 /home/travis/build/icyphy/ptII/ptolemy/actor/lib/test/auto/MatrixCropComplex.xml
----------------- Instantiating /home/travis/build/icyphy/ptII/ptolemy/actor/lib/test/auto/MatrixCropComplex.xml
2 ms. Memory: 269312K Free: 198680K (74%)
----------------- Invoking toplevel() on ptolemy.moml.MoMLSimpleApplication@1bb73087
----------------- Done invoking toplevel() on ptolemy.moml.MoMLSimpleApplication@1bb73087
reloadAllAccessors: .MatrixCropComplex

===========================================================================================
----------------- testing Fri Oct 02 01:01:39 UTC 2020 /home/travis/build/icyphy/ptII/ptolemy/actor/lib/test/auto/MatrixCropDouble.xml
----------------- Instantiating /home/travis/build/icyphy/ptII/ptolemy/actor/lib/test/auto/MatrixCropDouble.xml
2 ms. Memory: 269312K Free: 193080K (72%)
----------------- Invoking toplevel() on ptolemy.moml.MoMLSimpleApplication@139b1c8b
----------------- Done invoking toplevel() on ptolemy.moml.MoMLSimpleApplication@139b1c8b
reloadAllAccessors: .MatrixCropDouble

===========================================================================================
----------------- testing Fri Oct 02 01:01:39 UTC 2020 /home/travis/build/icyphy/ptII/ptolemy/actor/lib/test/auto/MatrixCropFix.xml
----------------- Instantiating /home/travis/build/icyphy/ptII/ptolemy/actor/lib/test/auto/MatrixCropFix.xml
2 ms. Memory: 269312K Free: 187960K (70%)
----------------- Invoking toplevel() on ptolemy.moml.MoMLSimpleApplication@5a6bba94
----------------- Done invoking toplevel() on ptolemy.moml.MoMLSimpleApplication@5a6bba94
reloadAllAccessors: .MatrixCropFix

===========================================================================================
----------------- testing Fri Oct 02 01:01:39 UTC 2020 /home/travis/build/icyphy/ptII/ptolemy/actor/lib/test/auto/MatrixCropInt.xml
----------------- Instantiating /home/travis/build/icyphy/ptII/ptolemy/actor/lib/test/auto/MatrixCropInt.xml
2 ms. Memory: 269312K Free: 182840K (68%)
----------------- Invoking toplevel() on ptolemy.moml.MoMLSimpleApplication@48b3677e
----------------- Done invoking toplevel() on ptolemy.moml.MoMLSimpleApplication@48b3677e
reloadAllAccessors: .MatrixCropInt

===========================================================================================
----------------- testing Fri Oct 02 01:01:39 UTC 2020 /home/travis/build/icyphy/ptII/ptolemy/actor/lib/test/auto/MatrixCropLong.xml
----------------- Instantiating /home/travis/build/icyphy/ptII/ptolemy/actor/lib/test/auto/MatrixCropLong.xml
2 ms. Memory: 269312K Free: 178200K (66%)
----------------- Invoking toplevel() on ptolemy.moml.MoMLSimpleApplication@57ab78e5
----------------- Done invoking toplevel() on ptolemy.moml.MoMLSimpleApplication@57ab78e5
reloadAllAccessors: .MatrixCropLong

===========================================================================================
----------------- testing Fri Oct 02 01:01:39 UTC 2020 /home/travis/build/icyphy/ptII/ptolemy/actor/lib/test/auto/MatrixToArray.xml
----------------- Instantiating /home/travis/build/icyphy/ptII/ptolemy/actor/lib/test/auto/MatrixToArray.xml
16 ms. Memory: 269312K Free: 162870K (60%)
----------------- Invoking toplevel() on ptolemy.moml.MoMLSimpleApplication@4122b2bd
----------------- Done invoking toplevel() on ptolemy.moml.MoMLSimpleApplication@4122b2bd
reloadAllAccessors: .MatrixToArray

===========================================================================================
----------------- testing Fri Oct 02 01:01:39 UTC 2020 /home/travis/build/icyphy/ptII/ptolemy/actor/lib/test/auto/MaxIndex.xml
----------------- Instantiating /home/travis/build/icyphy/ptII/ptolemy/actor/lib/test/auto/MaxIndex.xml
2 ms. Memory: 269312K Free: 157750K (59%)
----------------- Invoking toplevel() on ptolemy.moml.MoMLSimpleApplication@4e436ac5
----------------- Done invoking toplevel() on ptolemy.moml.MoMLSimpleApplication@4e436ac5
reloadAllAccessors: .MaxIndex

===========================================================================================
----------------- testing Fri Oct 02 01:01:39 UTC 2020 /home/travis/build/icyphy/ptII/ptolemy/actor/lib/test/auto/Maximum.xml
----------------- Instantiating /home/travis/build/icyphy/ptII/ptolemy/actor/lib/test/auto/Maximum.xml
4 ms. Memory: 269312K Free: 151096K (56%)
----------------- Invoking toplevel() on ptolemy.moml.MoMLSimpleApplication@314ae09d
----------------- Done invoking toplevel() on ptolemy.moml.MoMLSimpleApplication@314ae09d
reloadAllAccessors: .Maximum

===========================================================================================
----------------- testing Fri Oct 02 01:01:39 UTC 2020 /home/travis/build/icyphy/ptII/ptolemy/actor/lib/test/auto/MaximumComplex.xml
----------------- Instantiating /home/travis/build/icyphy/ptII/ptolemy/actor/lib/test/auto/MaximumComplex.xml
5 ms. Memory: 269312K Free: 144952K (54%)
----------------- Invoking toplevel() on ptolemy.moml.MoMLSimpleApplication@670a16e7
----------------- Done invoking toplevel() on ptolemy.moml.MoMLSimpleApplication@670a16e7
reloadAllAccessors: .MaximumComplex

===========================================================================================
----------------- testing Fri Oct 02 01:01:39 UTC 2020 /home/travis/build/icyphy/ptII/ptolemy/actor/lib/test/auto/MethodCallTest.xml
----------------- Instantiating /home/travis/build/icyphy/ptII/ptolemy/actor/lib/test/auto/MethodCallTest.xml
2 ms. Memory: 269312K Free: 138294K (51%)
----------------- Invoking toplevel() on ptolemy.moml.MoMLSimpleApplication@5690f9cb
----------------- Done invoking toplevel() on ptolemy.moml.MoMLSimpleApplication@5690f9cb
reloadAllAccessors: .MethodCallTest

===========================================================================================
----------------- testing Fri Oct 02 01:01:39 UTC 2020 /home/travis/build/icyphy/ptII/ptolemy/actor/lib/test/auto/Minimum.xml
----------------- Instantiating /home/travis/build/icyphy/ptII/ptolemy/actor/lib/test/auto/Minimum.xml
3 ms. Memory: 269312K Free: 132664K (49%)
----------------- Invoking toplevel() on ptolemy.moml.MoMLSimpleApplication@cfea4f4
----------------- Done invoking toplevel() on ptolemy.moml.MoMLSimpleApplication@cfea4f4
reloadAllAccessors: .Minimum

===========================================================================================
----------------- testing Fri Oct 02 01:01:39 UTC 2020 /home/travis/build/icyphy/ptII/ptolemy/actor/lib/test/auto/MinimumComplex.xml
----------------- Instantiating /home/travis/build/icyphy/ptII/ptolemy/actor/lib/test/auto/MinimumComplex.xml
3 ms. Memory: 269312K Free: 126520K (47%)
----------------- Invoking toplevel() on ptolemy.moml.MoMLSimpleApplication@7c89405c
----------------- Done invoking toplevel() on ptolemy.moml.MoMLSimpleApplication@7c89405c
reloadAllAccessors: .MinimumComplex

===========================================================================================
----------------- testing Fri Oct 02 01:01:39 UTC 2020 /home/travis/build/icyphy/ptII/ptolemy/actor/lib/test/auto/MinimumMultiports.xml
----------------- Instantiating /home/travis/build/icyphy/ptII/ptolemy/actor/lib/test/auto/MinimumMultiports.xml
3 ms. Memory: 269312K Free: 117800K (44%)
----------------- Invoking toplevel() on ptolemy.moml.MoMLSimpleApplication@37d9d7ee
----------------- Done invoking toplevel() on ptolemy.moml.MoMLSimpleApplication@37d9d7ee
reloadAllAccessors: .MinimumMultiports

===========================================================================================
----------------- testing Fri Oct 02 01:01:39 UTC 2020 /home/travis/build/icyphy/ptII/ptolemy/actor/lib/test/auto/ModifyDate.xml
----------------- Instantiating /home/travis/build/icyphy/ptII/ptolemy/actor/lib/test/auto/ModifyDate.xml
10 ms. Memory: 269312K Free: 105016K (39%)
----------------- Invoking toplevel() on ptolemy.moml.MoMLSimpleApplication@9a3840b
----------------- Done invoking toplevel() on ptolemy.moml.MoMLSimpleApplication@9a3840b
reloadAllAccessors: .ModifyDate

===========================================================================================
----------------- testing Fri Oct 02 01:01:39 UTC 2020 /home/travis/build/icyphy/ptII/ptolemy/actor/lib/test/auto/ModifyDate2.xml
----------------- Instantiating /home/travis/build/icyphy/ptII/ptolemy/actor/lib/test/auto/ModifyDate2.xml
3 ms. Memory: 269312K Free: 96296K (36%)
----------------- Invoking toplevel() on ptolemy.moml.MoMLSimpleApplication@7aa5aa19
----------------- Done invoking toplevel() on ptolemy.moml.MoMLSimpleApplication@7aa5aa19
reloadAllAccessors: .ModifyDate2

===========================================================================================
----------------- testing Fri Oct 02 01:01:39 UTC 2020 /home/travis/build/icyphy/ptII/ptolemy/actor/lib/test/auto/MovingAverage.xml
----------------- Instantiating /home/travis/build/icyphy/ptII/ptolemy/actor/lib/test/auto/MovingAverage.xml
2 ms. Memory: 269312K Free: 91190K (34%)
----------------- Invoking toplevel() on ptolemy.moml.MoMLSimpleApplication@2c0c1771
----------------- Done invoking toplevel() on ptolemy.moml.MoMLSimpleApplication@2c0c1771
reloadAllAccessors: .MovingAverage

===========================================================================================
----------------- testing Fri Oct 02 01:01:39 UTC 2020 /home/travis/build/icyphy/ptII/ptolemy/actor/lib/test/auto/MovingMaximum.xml
----------------- Instantiating /home/travis/build/icyphy/ptII/ptolemy/actor/lib/test/auto/MovingMaximum.xml
2 ms. Memory: 269312K Free: 86584K (32%)
----------------- Invoking toplevel() on ptolemy.moml.MoMLSimpleApplication@3e48909a
----------------- Done invoking toplevel() on ptolemy.moml.MoMLSimpleApplication@3e48909a
reloadAllAccessors: .MovingMaximum

===========================================================================================
----------------- testing Fri Oct 02 01:01:39 UTC 2020 /home/travis/build/icyphy/ptII/ptolemy/actor/lib/test/auto/MultipleLinksToSameRelation.xml
----------------- Instantiating /home/travis/build/icyphy/ptII/ptolemy/actor/lib/test/auto/MultipleLinksToSameRelation.xml
2 ms. Memory: 269312K Free: 82488K (31%)
----------------- Invoking toplevel() on ptolemy.moml.MoMLSimpleApplication@1a8b510e
----------------- Done invoking toplevel() on ptolemy.moml.MoMLSimpleApplication@1a8b510e
reloadAllAccessors: .MultipleLinksToSameRelation

===========================================================================================
----------------- testing Fri Oct 02 01:01:39 UTC 2020 /home/travis/build/icyphy/ptII/ptolemy/actor/lib/test/auto/MultipleLinksToSameRelationDE.xml
----------------- Instantiating /home/travis/build/icyphy/ptII/ptolemy/actor/lib/test/auto/MultipleLinksToSameRelationDE.xml
11 ms. Memory: 269312K Free: 77848K (29%)
----------------- Invoking toplevel() on ptolemy.moml.MoMLSimpleApplication@2e389fa1
----------------- Done invoking toplevel() on ptolemy.moml.MoMLSimpleApplication@2e389fa1
reloadAllAccessors: .MultipleLinksToSameRelationDE

===========================================================================================
----------------- testing Fri Oct 02 01:01:39 UTC 2020 /home/travis/build/icyphy/ptII/ptolemy/actor/lib/test/auto/Multiplexor.xml
----------------- Instantiating /home/travis/build/icyphy/ptII/ptolemy/actor/lib/test/auto/Multiplexor.xml
2 ms. Memory: 269312K Free: 71734K (27%)
----------------- Invoking toplevel() on ptolemy.moml.MoMLSimpleApplication@194dfef1
----------------- Done invoking toplevel() on ptolemy.moml.MoMLSimpleApplication@194dfef1
reloadAllAccessors: .Multiplexor

===========================================================================================
----------------- testing Fri Oct 02 01:01:39 UTC 2020 /home/travis/build/icyphy/ptII/ptolemy/actor/lib/test/auto/Multiplexor1.xml
----------------- Instantiating /home/travis/build/icyphy/ptII/ptolemy/actor/lib/test/auto/Multiplexor1.xml
2 ms. Memory: 269312K Free: 66104K (25%)
----------------- Invoking toplevel() on ptolemy.moml.MoMLSimpleApplication@500f4c3
----------------- Done invoking toplevel() on ptolemy.moml.MoMLSimpleApplication@500f4c3
reloadAllAccessors: .Multiplexor1

===========================================================================================
----------------- testing Fri Oct 02 01:01:39 UTC 2020 /home/travis/build/icyphy/ptII/ptolemy/actor/lib/test/auto/Multiplexor2.xml
----------------- Instantiating /home/travis/build/icyphy/ptII/ptolemy/actor/lib/test/auto/Multiplexor2.xml
3 ms. Memory: 269312K Free: 217041K (81%)
----------------- Invoking toplevel() on ptolemy.moml.MoMLSimpleApplication@72ba23a2
----------------- Done invoking toplevel() on ptolemy.moml.MoMLSimpleApplication@72ba23a2
reloadAllAccessors: .Multiplexor2

===========================================================================================
----------------- testing Fri Oct 02 01:01:39 UTC 2020 /home/travis/build/icyphy/ptII/ptolemy/actor/lib/test/auto/Multiplexor3.xml
----------------- Instantiating /home/travis/build/icyphy/ptII/ptolemy/actor/lib/test/auto/Multiplexor3.xml
2 ms. Memory: 269312K Free: 212449K (79%)
----------------- Invoking toplevel() on ptolemy.moml.MoMLSimpleApplication@4a24aec2
----------------- Done invoking toplevel() on ptolemy.moml.MoMLSimpleApplication@4a24aec2
reloadAllAccessors: .Multiplexor3

===========================================================================================
----------------- testing Fri Oct 02 01:01:39 UTC 2020 /home/travis/build/icyphy/ptII/ptolemy/actor/lib/test/auto/MultiplexorDE.xml
----------------- Instantiating /home/travis/build/icyphy/ptII/ptolemy/actor/lib/test/auto/MultiplexorDE.xml
2 ms. Memory: 269312K Free: 204753K (76%)
----------------- Invoking toplevel() on ptolemy.moml.MoMLSimpleApplication@61b2cae7
----------------- Done invoking toplevel() on ptolemy.moml.MoMLSimpleApplication@61b2cae7
reloadAllAccessors: .MultiplexorDE

===========================================================================================
----------------- testing Fri Oct 02 01:01:39 UTC 2020 /home/travis/build/icyphy/ptII/ptolemy/actor/lib/test/auto/MultiportBroadcastTest.xml
----------------- Instantiating /home/travis/build/icyphy/ptII/ptolemy/actor/lib/test/auto/MultiportBroadcastTest.xml
93 ms. Memory: 269312K Free: 198609K (74%)
----------------- Invoking toplevel() on ptolemy.moml.MoMLSimpleApplication@3966036a
----------------- Done invoking toplevel() on ptolemy.moml.MoMLSimpleApplication@3966036a
reloadAllAccessors: .MultiportBroadcastTest

===========================================================================================
----------------- testing Fri Oct 02 01:01:40 UTC 2020 /home/travis/build/icyphy/ptII/ptolemy/actor/lib/test/auto/MultiportOutHangDuringGetWidth.xml
----------------- Instantiating /home/travis/build/icyphy/ptII/ptolemy/actor/lib/test/auto/MultiportOutHangDuringGetWidth.xml
5 ms. Memory: 269312K Free: 186849K (69%)
----------------- Invoking toplevel() on ptolemy.moml.MoMLSimpleApplication@2ca8bdf8
----------------- Done invoking toplevel() on ptolemy.moml.MoMLSimpleApplication@2ca8bdf8
reloadAllAccessors: .MultiportOutHangDuringGetWidth

===========================================================================================
----------------- testing Fri Oct 02 01:01:40 UTC 2020 /home/travis/build/icyphy/ptII/ptolemy/actor/lib/test/auto/NilToken.xml
----------------- Instantiating /home/travis/build/icyphy/ptII/ptolemy/actor/lib/test/auto/NilToken.xml
1 ms. Memory: 269312K Free: 182753K (68%)
----------------- Invoking toplevel() on ptolemy.moml.MoMLSimpleApplication@6942ca51
----------------- Done invoking toplevel() on ptolemy.moml.MoMLSimpleApplication@6942ca51
reloadAllAccessors: .NilToken

===========================================================================================
----------------- testing Fri Oct 02 01:01:40 UTC 2020 /home/travis/build/icyphy/ptII/ptolemy/actor/lib/test/auto/NilTokenNonStrictTest.xml
----------------- Instantiating /home/travis/build/icyphy/ptII/ptolemy/actor/lib/test/auto/NilTokenNonStrictTest.xml
1 ms. Memory: 269312K Free: 178143K (66%)
----------------- Invoking toplevel() on ptolemy.moml.MoMLSimpleApplication@110d3bcf
----------------- Done invoking toplevel() on ptolemy.moml.MoMLSimpleApplication@110d3bcf
reloadAllAccessors: .NilTokenNonStrictTest

===========================================================================================
----------------- testing Fri Oct 02 01:01:40 UTC 2020 /home/travis/build/icyphy/ptII/ptolemy/actor/lib/test/auto/NilTokenRecord.xml
----------------- Instantiating /home/travis/build/icyphy/ptII/ptolemy/actor/lib/test/auto/NilTokenRecord.xml
12 ms. Memory: 269312K Free: 171489K (64%)
----------------- Invoking toplevel() on ptolemy.moml.MoMLSimpleApplication@5b301562
----------------- Done invoking toplevel() on ptolemy.moml.MoMLSimpleApplication@5b301562
reloadAllAccessors: .NilTokenRecord

===========================================================================================
----------------- testing Fri Oct 02 01:01:40 UTC 2020 /home/travis/build/icyphy/ptII/ptolemy/actor/lib/test/auto/NilTokenTypeTest.xml
----------------- Instantiating /home/travis/build/icyphy/ptII/ptolemy/actor/lib/test/auto/NilTokenTypeTest.xml
14 ms. Memory: 269312K Free: 161759K (60%)
----------------- Invoking toplevel() on ptolemy.moml.MoMLSimpleApplication@5337d9da
----------------- Done invoking toplevel() on ptolemy.moml.MoMLSimpleApplication@5337d9da
reloadAllAccessors: .NilTokenTypeTest

===========================================================================================
----------------- testing Fri Oct 02 01:01:40 UTC 2020 /home/travis/build/icyphy/ptII/ptolemy/actor/lib/test/auto/ObjectToken1.xml
----------------- Instantiating /home/travis/build/icyphy/ptII/ptolemy/actor/lib/test/auto/ObjectToken1.xml
3 ms. Memory: 269312K Free: 157663K (59%)
----------------- Invoking toplevel() on ptolemy.moml.MoMLSimpleApplication@4394e135
----------------- Done invoking toplevel() on ptolemy.moml.MoMLSimpleApplication@4394e135
reloadAllAccessors: .ObjectToken1

===========================================================================================
----------------- testing Fri Oct 02 01:01:40 UTC 2020 /home/travis/build/icyphy/ptII/ptolemy/actor/lib/test/auto/OrderedMerge.xml
----------------- Instantiating /home/travis/build/icyphy/ptII/ptolemy/actor/lib/test/auto/OrderedMerge.xml
12 ms. Memory: 269312K Free: 152033K (56%)
----------------- Invoking toplevel() on ptolemy.moml.MoMLSimpleApplication@7a9777c7
----------------- Done invoking toplevel() on ptolemy.moml.MoMLSimpleApplication@7a9777c7
reloadAllAccessors: .OrderedMerge

===========================================================================================
----------------- testing Fri Oct 02 01:01:40 UTC 2020 /home/travis/build/icyphy/ptII/ptolemy/actor/lib/test/auto/OrderedRecordDisassembler.xml
----------------- Instantiating /home/travis/build/icyphy/ptII/ptolemy/actor/lib/test/auto/OrderedRecordDisassembler.xml
3 ms. Memory: 269312K Free: 146913K (55%)
----------------- Invoking toplevel() on ptolemy.moml.MoMLSimpleApplication@9148a8f
----------------- Done invoking toplevel() on ptolemy.moml.MoMLSimpleApplication@9148a8f
reloadAllAccessors: .OrderedRecordDisassembler

===========================================================================================
----------------- testing Fri Oct 02 01:01:40 UTC 2020 /home/travis/build/icyphy/ptII/ptolemy/actor/lib/test/auto/OrderedRecordDisassembler2.xml
----------------- Instantiating /home/travis/build/icyphy/ptII/ptolemy/actor/lib/test/auto/OrderedRecordDisassembler2.xml
4 ms. Memory: 269312K Free: 139217K (52%)
----------------- Invoking toplevel() on ptolemy.moml.MoMLSimpleApplication@3c81e7da
----------------- Done invoking toplevel() on ptolemy.moml.MoMLSimpleApplication@3c81e7da
reloadAllAccessors: .OrderedRecordDisassembler2

===========================================================================================
----------------- testing Fri Oct 02 01:01:40 UTC 2020 /home/travis/build/icyphy/ptII/ptolemy/actor/lib/test/auto/OrderedRecordUpdater.xml
----------------- Instantiating /home/travis/build/icyphy/ptII/ptolemy/actor/lib/test/auto/OrderedRecordUpdater.xml
1 ms. Memory: 269312K Free: 134111K (50%)
----------------- Invoking toplevel() on ptolemy.moml.MoMLSimpleApplication@6bb4cbc0
----------------- Done invoking toplevel() on ptolemy.moml.MoMLSimpleApplication@6bb4cbc0
reloadAllAccessors: .RecordUpdater

===========================================================================================
----------------- testing Fri Oct 02 01:01:40 UTC 2020 /home/travis/build/icyphy/ptII/ptolemy/actor/lib/test/auto/OrderedRecordUpdater2.xml
----------------- Instantiating /home/travis/build/icyphy/ptII/ptolemy/actor/lib/test/auto/OrderedRecordUpdater2.xml
3 ms. Memory: 269312K Free: 128991K (48%)
----------------- Invoking toplevel() on ptolemy.moml.MoMLSimpleApplication@74a38d3f
----------------- Done invoking toplevel() on ptolemy.moml.MoMLSimpleApplication@74a38d3f
reloadAllAccessors: .RecordUpdater2

===========================================================================================
----------------- testing Fri Oct 02 01:01:40 UTC 2020 /home/travis/build/icyphy/ptII/ptolemy/actor/lib/test/auto/PhaseUnwrap.xml
----------------- Instantiating /home/travis/build/icyphy/ptII/ptolemy/actor/lib/test/auto/PhaseUnwrap.xml
1 ms. Memory: 269312K Free: 124385K (46%)
----------------- Invoking toplevel() on ptolemy.moml.MoMLSimpleApplication@462593c4
----------------- Done invoking toplevel() on ptolemy.moml.MoMLSimpleApplication@462593c4
reloadAllAccessors: .PhaseUnwrap

===========================================================================================
----------------- testing Fri Oct 02 01:01:40 UTC 2020 /home/travis/build/icyphy/ptII/ptolemy/actor/lib/test/auto/PoissonClock.xml
----------------- Instantiating /home/travis/build/icyphy/ptII/ptolemy/actor/lib/test/auto/PoissonClock.xml
1 ms. Memory: 269312K Free: 120289K (45%)
----------------- Invoking toplevel() on ptolemy.moml.MoMLSimpleApplication@36b694ee
----------------- Done invoking toplevel() on ptolemy.moml.MoMLSimpleApplication@36b694ee
reloadAllAccessors: .PoissonClock

===========================================================================================
----------------- testing Fri Oct 02 01:01:40 UTC 2020 /home/travis/build/icyphy/ptII/ptolemy/actor/lib/test/auto/PoissonClock2.xml
----------------- Instantiating /home/travis/build/icyphy/ptII/ptolemy/actor/lib/test/auto/PoissonClock2.xml
2 ms. Memory: 269312K Free: 115679K (43%)
----------------- Invoking toplevel() on ptolemy.moml.MoMLSimpleApplication@159b175f
----------------- Done invoking toplevel() on ptolemy.moml.MoMLSimpleApplication@159b175f
reloadAllAccessors: .PoissonClock2

===========================================================================================
----------------- testing Fri Oct 02 01:01:40 UTC 2020 /home/travis/build/icyphy/ptII/ptolemy/actor/lib/test/auto/PoissonClock3.xml
----------------- Instantiating /home/travis/build/icyphy/ptII/ptolemy/actor/lib/test/auto/PoissonClock3.xml
1 ms. Memory: 269312K Free: 111073K (41%)
----------------- Invoking toplevel() on ptolemy.moml.MoMLSimpleApplication@4583c6bb
----------------- Done invoking toplevel() on ptolemy.moml.MoMLSimpleApplication@4583c6bb
reloadAllAccessors: .PoissonClock3

===========================================================================================
----------------- testing Fri Oct 02 01:01:40 UTC 2020 /home/travis/build/icyphy/ptII/ptolemy/actor/lib/test/auto/PubSubWithInitialTokens.xml
----------------- Instantiating /home/travis/build/icyphy/ptII/ptolemy/actor/lib/test/auto/PubSubWithInitialTokens.xml
2 ms. Memory: 269312K Free: 105433K (39%)
----------------- Invoking toplevel() on ptolemy.moml.MoMLSimpleApplication@60d6be5a
----------------- Done invoking toplevel() on ptolemy.moml.MoMLSimpleApplication@60d6be5a
reloadAllAccessors: .PubSubWithInitialTokens

===========================================================================================
----------------- testing Fri Oct 02 01:01:40 UTC 2020 /home/travis/build/icyphy/ptII/ptolemy/actor/lib/test/auto/PubSubWithInitialTokens2.xml
----------------- Instantiating /home/travis/build/icyphy/ptII/ptolemy/actor/lib/test/auto/PubSubWithInitialTokens2.xml
2 ms. Memory: 269312K Free: 99289K (37%)
----------------- Invoking toplevel() on ptolemy.moml.MoMLSimpleApplication@61aac933
----------------- Done invoking toplevel() on ptolemy.moml.MoMLSimpleApplication@61aac933
reloadAllAccessors: .PubSubWithInitialTokens2

===========================================================================================
----------------- testing Fri Oct 02 01:01:40 UTC 2020 /home/travis/build/icyphy/ptII/ptolemy/actor/lib/test/auto/PublisherClassNoParameter.xml
----------------- Instantiating /home/travis/build/icyphy/ptII/ptolemy/actor/lib/test/auto/PublisherClassNoParameter.xml
2 ms. Memory: 269312K Free: 89569K (33%)
----------------- Invoking toplevel() on ptolemy.moml.MoMLSimpleApplication@55af9b5c
----------------- Done invoking toplevel() on ptolemy.moml.MoMLSimpleApplication@55af9b5c
reloadAllAccessors: .PublisherClassNoParameter

===========================================================================================
----------------- testing Fri Oct 02 01:01:40 UTC 2020 /home/travis/build/icyphy/ptII/ptolemy/actor/lib/test/auto/PublisherClassParameter.xml
----------------- Instantiating /home/travis/build/icyphy/ptII/ptolemy/actor/lib/test/auto/PublisherClassParameter.xml
2 ms. Memory: 269312K Free: 78815K (29%)
----------------- Invoking toplevel() on ptolemy.moml.MoMLSimpleApplication@61ed0d9b
----------------- Done invoking toplevel() on ptolemy.moml.MoMLSimpleApplication@61ed0d9b
reloadAllAccessors: .PublisherClassParameter

===========================================================================================
----------------- testing Fri Oct 02 01:01:40 UTC 2020 /home/travis/build/icyphy/ptII/ptolemy/actor/lib/test/auto/PublisherNonStrictTest.xml
----------------- Instantiating /home/travis/build/icyphy/ptII/ptolemy/actor/lib/test/auto/PublisherNonStrictTest.xml
2 ms. Memory: 269312K Free: 71137K (26%)
----------------- Invoking toplevel() on ptolemy.moml.MoMLSimpleApplication@1a565853
----------------- Done invoking toplevel() on ptolemy.moml.MoMLSimpleApplication@1a565853
reloadAllAccessors: .PublisherNonStrictTest

===========================================================================================
----------------- testing Fri Oct 02 01:01:40 UTC 2020 /home/travis/build/icyphy/ptII/ptolemy/actor/lib/test/auto/PublisherPort1.xml
----------------- Instantiating /home/travis/build/icyphy/ptII/ptolemy/actor/lib/test/auto/PublisherPort1.xml
12 ms. Memory: 269312K Free: 65473K (24%)
----------------- Invoking toplevel() on ptolemy.moml.MoMLSimpleApplication@4a29860
----------------- Done invoking toplevel() on ptolemy.moml.MoMLSimpleApplication@4a29860
reloadAllAccessors: .PublisherPort1

===========================================================================================
----------------- testing Fri Oct 02 01:01:40 UTC 2020 /home/travis/build/icyphy/ptII/ptolemy/actor/lib/test/auto/PublisherPort2.xml
----------------- Instantiating /home/travis/build/icyphy/ptII/ptolemy/actor/lib/test/auto/PublisherPort2.xml
1 ms. Memory: 269312K Free: 218594K (81%)
----------------- Invoking toplevel() on ptolemy.moml.MoMLSimpleApplication@2e63127b
----------------- Done invoking toplevel() on ptolemy.moml.MoMLSimpleApplication@2e63127b
reloadAllAccessors: .PublisherPort2

===========================================================================================
----------------- testing Fri Oct 02 01:01:40 UTC 2020 /home/travis/build/icyphy/ptII/ptolemy/actor/lib/test/auto/PublisherPort3.xml
----------------- Instantiating /home/travis/build/icyphy/ptII/ptolemy/actor/lib/test/auto/PublisherPort3.xml
3 ms. Memory: 269312K Free: 211426K (79%)
----------------- Invoking toplevel() on ptolemy.moml.MoMLSimpleApplication@775ffe08
----------------- Done invoking toplevel() on ptolemy.moml.MoMLSimpleApplication@775ffe08
reloadAllAccessors: .PublisherPort3

===========================================================================================
----------------- testing Fri Oct 02 01:01:40 UTC 2020 /home/travis/build/icyphy/ptII/ptolemy/actor/lib/test/auto/PublisherPort4.xml
----------------- Instantiating /home/travis/build/icyphy/ptII/ptolemy/actor/lib/test/auto/PublisherPort4.xml
2 ms. Memory: 269312K Free: 205778K (76%)
----------------- Invoking toplevel() on ptolemy.moml.MoMLSimpleApplication@135f597b
----------------- Done invoking toplevel() on ptolemy.moml.MoMLSimpleApplication@135f597b
reloadAllAccessors: .PublisherPort4

===========================================================================================
----------------- testing Fri Oct 02 01:01:40 UTC 2020 /home/travis/build/icyphy/ptII/ptolemy/actor/lib/test/auto/PublisherPort5.xml
----------------- Instantiating /home/travis/build/icyphy/ptII/ptolemy/actor/lib/test/auto/PublisherPort5.xml
4 ms. Memory: 269312K Free: 198114K (74%)
----------------- Invoking toplevel() on ptolemy.moml.MoMLSimpleApplication@649ef4bb
----------------- Done invoking toplevel() on ptolemy.moml.MoMLSimpleApplication@649ef4bb
reloadAllAccessors: .PublisherPort5

===========================================================================================
----------------- testing Fri Oct 02 01:01:40 UTC 2020 /home/travis/build/icyphy/ptII/ptolemy/actor/lib/test/auto/PublisherPort5LookAlike.xml
----------------- Instantiating /home/travis/build/icyphy/ptII/ptolemy/actor/lib/test/auto/PublisherPort5LookAlike.xml
8 ms. Memory: 269312K Free: 190432K (71%)
----------------- Invoking toplevel() on ptolemy.moml.MoMLSimpleApplication@659b4586
----------------- Done invoking toplevel() on ptolemy.moml.MoMLSimpleApplication@659b4586
reloadAllAccessors: .PublisherPort5LookAlike

===========================================================================================
----------------- testing Fri Oct 02 01:01:40 UTC 2020 /home/travis/build/icyphy/ptII/ptolemy/actor/lib/test/auto/PublisherPort6.xml
----------------- Instantiating /home/travis/build/icyphy/ptII/ptolemy/actor/lib/test/auto/PublisherPort6.xml
2 ms. Memory: 269312K Free: 183778K (68%)
----------------- Invoking toplevel() on ptolemy.moml.MoMLSimpleApplication@fe3e372
----------------- Done invoking toplevel() on ptolemy.moml.MoMLSimpleApplication@fe3e372
reloadAllAccessors: .PublisherPort6

===========================================================================================
----------------- testing Fri Oct 02 01:01:40 UTC 2020 /home/travis/build/icyphy/ptII/ptolemy/actor/lib/test/auto/PublisherPort7.xml
----------------- Instantiating /home/travis/build/icyphy/ptII/ptolemy/actor/lib/test/auto/PublisherPort7.xml
3 ms. Memory: 269312K Free: 176096K (65%)
----------------- Invoking toplevel() on ptolemy.moml.MoMLSimpleApplication@4f41bfc2
----------------- Done invoking toplevel() on ptolemy.moml.MoMLSimpleApplication@4f41bfc2
reloadAllAccessors: .PublisherPort7

===========================================================================================
----------------- testing Fri Oct 02 01:01:40 UTC 2020 /home/travis/build/icyphy/ptII/ptolemy/actor/lib/test/auto/PublisherPort8.xml
----------------- Instantiating /home/travis/build/icyphy/ptII/ptolemy/actor/lib/test/auto/PublisherPort8.xml
4 ms. Memory: 269312K Free: 167394K (62%)
----------------- Invoking toplevel() on ptolemy.moml.MoMLSimpleApplication@71667b96
----------------- Done invoking toplevel() on ptolemy.moml.MoMLSimpleApplication@71667b96
reloadAllAccessors: .PublisherPort8

===========================================================================================
----------------- testing Fri Oct 02 01:01:40 UTC 2020 /home/travis/build/icyphy/ptII/ptolemy/actor/lib/test/auto/PublisherPortSubscriberChannelVariablesAOC2.xml
----------------- Instantiating /home/travis/build/icyphy/ptII/ptolemy/actor/lib/test/auto/PublisherPortSubscriberChannelVariablesAOC2.xml
2 ms. Memory: 269312K Free: 149986K (56%)
----------------- Invoking toplevel() on ptolemy.moml.MoMLSimpleApplication@528a93ca
----------------- Done invoking toplevel() on ptolemy.moml.MoMLSimpleApplication@528a93ca
reloadAllAccessors: .PublisherPortSubscriberChannelVariablesAOC2

===========================================================================================
----------------- testing Fri Oct 02 01:01:40 UTC 2020 /home/travis/build/icyphy/ptII/ptolemy/actor/lib/test/auto/PublisherPortSubscriberOpaqueWidthInference.xml
----------------- Instantiating /home/travis/build/icyphy/ptII/ptolemy/actor/lib/test/auto/PublisherPortSubscriberOpaqueWidthInference.xml
4 ms. Memory: 269312K Free: 142290K (53%)
----------------- Invoking toplevel() on ptolemy.moml.MoMLSimpleApplication@70b37760
----------------- Done invoking toplevel() on ptolemy.moml.MoMLSimpleApplication@70b37760
reloadAllAccessors: .PublisherPortSubscriberOpaqueWidthInference

===========================================================================================
----------------- testing Fri Oct 02 01:01:40 UTC 2020 /home/travis/build/icyphy/ptII/ptolemy/actor/lib/test/auto/PublisherPortSubscriberPortAdjacent.xml
----------------- Instantiating /home/travis/build/icyphy/ptII/ptolemy/actor/lib/test/auto/PublisherPortSubscriberPortAdjacent.xml
1 ms. Memory: 269312K Free: 134112K (50%)
----------------- Invoking toplevel() on ptolemy.moml.MoMLSimpleApplication@3f9b64e3
----------------- Done invoking toplevel() on ptolemy.moml.MoMLSimpleApplication@3f9b64e3
reloadAllAccessors: .PublisherPortSubscriberPortAdjacent

===========================================================================================
----------------- testing Fri Oct 02 01:01:40 UTC 2020 /home/travis/build/icyphy/ptII/ptolemy/actor/lib/test/auto/PublisherPortSubscriberPortExpression.xml
----------------- Instantiating /home/travis/build/icyphy/ptII/ptolemy/actor/lib/test/auto/PublisherPortSubscriberPortExpression.xml
3 ms. Memory: 269312K Free: 125914K (47%)
----------------- Invoking toplevel() on ptolemy.moml.MoMLSimpleApplication@66c9ecee
----------------- Done invoking toplevel() on ptolemy.moml.MoMLSimpleApplication@66c9ecee
reloadAllAccessors: .PublisherPortSubscriberPortExpression

===========================================================================================
----------------- testing Fri Oct 02 01:01:40 UTC 2020 /home/travis/build/icyphy/ptII/ptolemy/actor/lib/test/auto/PublisherPortSubscriberPortOpaqueD3Reverse.xml
----------------- Instantiating /home/travis/build/icyphy/ptII/ptolemy/actor/lib/test/auto/PublisherPortSubscriberPortOpaqueD3Reverse.xml
5 ms. Memory: 269312K Free: 115680K (43%)
----------------- Invoking toplevel() on ptolemy.moml.MoMLSimpleApplication@1cc8fe70
----------------- Done invoking toplevel() on ptolemy.moml.MoMLSimpleApplication@1cc8fe70
reloadAllAccessors: .PublisherPortSubscriberPortOpaqueD3Reverse

===========================================================================================
----------------- testing Fri Oct 02 01:01:40 UTC 2020 /home/travis/build/icyphy/ptII/ptolemy/actor/lib/test/auto/PublisherPortSubscriberPortOpaqueWidthInference.xml
----------------- Instantiating /home/travis/build/icyphy/ptII/ptolemy/actor/lib/test/auto/PublisherPortSubscriberPortOpaqueWidthInference.xml
3 ms. Memory: 269312K Free: 108002K (40%)
----------------- Invoking toplevel() on ptolemy.moml.MoMLSimpleApplication@3fa533f1
----------------- Done invoking toplevel() on ptolemy.moml.MoMLSimpleApplication@3fa533f1
reloadAllAccessors: .PublisherPortSubscriberPortOpaqueWidthInference

===========================================================================================
----------------- testing Fri Oct 02 01:01:40 UTC 2020 /home/travis/build/icyphy/ptII/ptolemy/actor/lib/test/auto/PublisherPortToplevelSubscriberPortAOC.xml
----------------- Instantiating /home/travis/build/icyphy/ptII/ptolemy/actor/lib/test/auto/PublisherPortToplevelSubscriberPortAOC.xml
.PublisherPortToplevelSubscriberPortAOC.TestExceptionAttribute: initialize() was not invoked, but wrapup() was.  This is unusual, but not always a problem.  For example, exporting JNLP will do this.
1 ms. Memory: 269312K Free: 102368K (38%)
----------------- Invoking toplevel() on ptolemy.moml.MoMLSimpleApplication@1be04785
----------------- Done invoking toplevel() on ptolemy.moml.MoMLSimpleApplication@1be04785
reloadAllAccessors: .PublisherPortToplevelSubscriberPortAOC

===========================================================================================
----------------- testing Fri Oct 02 01:01:40 UTC 2020 /home/travis/build/icyphy/ptII/ptolemy/actor/lib/test/auto/PublisherSubscriber.xml
----------------- Instantiating /home/travis/build/icyphy/ptII/ptolemy/actor/lib/test/auto/PublisherSubscriber.xml
3 ms. Memory: 269312K Free: 95170K (35%)
----------------- Invoking toplevel() on ptolemy.moml.MoMLSimpleApplication@10da6746
----------------- Done invoking toplevel() on ptolemy.moml.MoMLSimpleApplication@10da6746
reloadAllAccessors: .PublisherSubscriber

===========================================================================================
----------------- testing Fri Oct 02 01:01:40 UTC 2020 /home/travis/build/icyphy/ptII/ptolemy/actor/lib/test/auto/PublisherSubscriber10.xml
----------------- Instantiating /home/travis/build/icyphy/ptII/ptolemy/actor/lib/test/auto/PublisherSubscriber10.xml
7 ms. Memory: 269312K Free: 85474K (32%)
----------------- Invoking toplevel() on ptolemy.moml.MoMLSimpleApplication@5ee0fd1d
----------------- Done invoking toplevel() on ptolemy.moml.MoMLSimpleApplication@5ee0fd1d
reloadAllAccessors: .PublisherSubscriber10

===========================================================================================
----------------- testing Fri Oct 02 01:01:40 UTC 2020 /home/travis/build/icyphy/ptII/ptolemy/actor/lib/test/auto/PublisherSubscriber10InitialOutputs.xml
----------------- Instantiating /home/travis/build/icyphy/ptII/ptolemy/actor/lib/test/auto/PublisherSubscriber10InitialOutputs.xml
15 ms. Memory: 269312K Free: 76258K (28%)
----------------- Invoking toplevel() on ptolemy.moml.MoMLSimpleApplication@7b546370
----------------- Done invoking toplevel() on ptolemy.moml.MoMLSimpleApplication@7b546370
reloadAllAccessors: .PublisherSubscriber10InitialOutputs

===========================================================================================
----------------- testing Fri Oct 02 01:01:40 UTC 2020 /home/travis/build/icyphy/ptII/ptolemy/actor/lib/test/auto/PublisherSubscriber11.xml
----------------- Instantiating /home/travis/build/icyphy/ptII/ptolemy/actor/lib/test/auto/PublisherSubscriber11.xml
4 ms. Memory: 269312K Free: 69570K (26%)
----------------- Invoking toplevel() on ptolemy.moml.MoMLSimpleApplication@478af074
----------------- Done invoking toplevel() on ptolemy.moml.MoMLSimpleApplication@478af074
reloadAllAccessors: .PublisherSubscriber11

===========================================================================================
----------------- testing Fri Oct 02 01:01:40 UTC 2020 /home/travis/build/icyphy/ptII/ptolemy/actor/lib/test/auto/PublisherSubscriber12.xml
----------------- Instantiating /home/travis/build/icyphy/ptII/ptolemy/actor/lib/test/auto/PublisherSubscriber12.xml
5 ms. Memory: 269312K Free: 62432K (23%)
----------------- Invoking toplevel() on ptolemy.moml.MoMLSimpleApplication@2f866d6c
----------------- Done invoking toplevel() on ptolemy.moml.MoMLSimpleApplication@2f866d6c
reloadAllAccessors: .PublisherSubscriber12

===========================================================================================
----------------- testing Fri Oct 02 01:01:40 UTC 2020 /home/travis/build/icyphy/ptII/ptolemy/actor/lib/test/auto/PublisherSubscriber13.xml
----------------- Instantiating /home/travis/build/icyphy/ptII/ptolemy/actor/lib/test/auto/PublisherSubscriber13.xml
2 ms. Memory: 269312K Free: 214480K (80%)
----------------- Invoking toplevel() on ptolemy.moml.MoMLSimpleApplication@7a120541
----------------- Done invoking toplevel() on ptolemy.moml.MoMLSimpleApplication@7a120541
reloadAllAccessors: .PublisherSubscriber13

===========================================================================================
----------------- testing Fri Oct 02 01:01:40 UTC 2020 /home/travis/build/icyphy/ptII/ptolemy/actor/lib/test/auto/PublisherSubscriber14.xml
----------------- Instantiating /home/travis/build/icyphy/ptII/ptolemy/actor/lib/test/auto/PublisherSubscriber14.xml
2 ms. Memory: 269312K Free: 205760K (76%)
----------------- Invoking toplevel() on ptolemy.moml.MoMLSimpleApplication@41e3d5b1
----------------- Done invoking toplevel() on ptolemy.moml.MoMLSimpleApplication@41e3d5b1
reloadAllAccessors: .PublisherSubscriber14

===========================================================================================
----------------- testing Fri Oct 02 01:01:40 UTC 2020 /home/travis/build/icyphy/ptII/ptolemy/actor/lib/test/auto/PublisherSubscriber2.xml
----------------- Instantiating /home/travis/build/icyphy/ptII/ptolemy/actor/lib/test/auto/PublisherSubscriber2.xml
3 ms. Memory: 269312K Free: 200654K (75%)
----------------- Invoking toplevel() on ptolemy.moml.MoMLSimpleApplication@4e9d0f4a
----------------- Done invoking toplevel() on ptolemy.moml.MoMLSimpleApplication@4e9d0f4a
reloadAllAccessors: .PublisherSubscriber2

===========================================================================================
----------------- testing Fri Oct 02 01:01:41 UTC 2020 /home/travis/build/icyphy/ptII/ptolemy/actor/lib/test/auto/PublisherSubscriber3.xml
----------------- Instantiating /home/travis/build/icyphy/ptII/ptolemy/actor/lib/test/auto/PublisherSubscriber3.xml
2 ms. Memory: 269312K Free: 195024K (72%)
----------------- Invoking toplevel() on ptolemy.moml.MoMLSimpleApplication@332d86dd
----------------- Done invoking toplevel() on ptolemy.moml.MoMLSimpleApplication@332d86dd
reloadAllAccessors: .PublisherSubscriber3

===========================================================================================
----------------- testing Fri Oct 02 01:01:41 UTC 2020 /home/travis/build/icyphy/ptII/ptolemy/actor/lib/test/auto/PublisherSubscriber4.xml
----------------- Instantiating /home/travis/build/icyphy/ptII/ptolemy/actor/lib/test/auto/PublisherSubscriber4.xml
2 ms. Memory: 269312K Free: 189904K (71%)
----------------- Invoking toplevel() on ptolemy.moml.MoMLSimpleApplication@613e476c
----------------- Done invoking toplevel() on ptolemy.moml.MoMLSimpleApplication@613e476c
reloadAllAccessors: .PublisherSubscriber4

===========================================================================================
----------------- testing Fri Oct 02 01:01:41 UTC 2020 /home/travis/build/icyphy/ptII/ptolemy/actor/lib/test/auto/PublisherSubscriber5.xml
----------------- Instantiating /home/travis/build/icyphy/ptII/ptolemy/actor/lib/test/auto/PublisherSubscriber5.xml
2 ms. Memory: 269312K Free: 182736K (68%)
----------------- Invoking toplevel() on ptolemy.moml.MoMLSimpleApplication@35fdebc8
----------------- Done invoking toplevel() on ptolemy.moml.MoMLSimpleApplication@35fdebc8
reloadAllAccessors: .PublisherSubscriber5

===========================================================================================
----------------- testing Fri Oct 02 01:01:41 UTC 2020 /home/travis/build/icyphy/ptII/ptolemy/actor/lib/test/auto/PublisherSubscriber6.xml
----------------- Instantiating /home/travis/build/icyphy/ptII/ptolemy/actor/lib/test/auto/PublisherSubscriber6.xml
4 ms. Memory: 269312K Free: 176064K (65%)
----------------- Invoking toplevel() on ptolemy.moml.MoMLSimpleApplication@5e47c8e3
----------------- Done invoking toplevel() on ptolemy.moml.MoMLSimpleApplication@5e47c8e3
reloadAllAccessors: .PublisherSubscriber6

===========================================================================================
----------------- testing Fri Oct 02 01:01:41 UTC 2020 /home/travis/build/icyphy/ptII/ptolemy/actor/lib/test/auto/PublisherSubscriber7.xml
----------------- Instantiating /home/travis/build/icyphy/ptII/ptolemy/actor/lib/test/auto/PublisherSubscriber7.xml
7 ms. Memory: 269312K Free: 169424K (63%)
----------------- Invoking toplevel() on ptolemy.moml.MoMLSimpleApplication@218c63
----------------- Done invoking toplevel() on ptolemy.moml.MoMLSimpleApplication@218c63
reloadAllAccessors: .PublisherSubscriber7

===========================================================================================
----------------- testing Fri Oct 02 01:01:41 UTC 2020 /home/travis/build/icyphy/ptII/ptolemy/actor/lib/test/auto/PublisherSubscriber8.xml
----------------- Instantiating /home/travis/build/icyphy/ptII/ptolemy/actor/lib/test/auto/PublisherSubscriber8.xml
12 ms. Memory: 269312K Free: 157646K (59%)
----------------- Invoking toplevel() on ptolemy.moml.MoMLSimpleApplication@20a01eb3
----------------- Done invoking toplevel() on ptolemy.moml.MoMLSimpleApplication@20a01eb3
reloadAllAccessors: .PublisherSubscriber8

===========================================================================================
----------------- testing Fri Oct 02 01:01:41 UTC 2020 /home/travis/build/icyphy/ptII/ptolemy/actor/lib/test/auto/PublisherSubscriber9.xml
----------------- Instantiating /home/travis/build/icyphy/ptII/ptolemy/actor/lib/test/auto/PublisherSubscriber9.xml
3 ms. Memory: 269312K Free: 150464K (56%)
----------------- Invoking toplevel() on ptolemy.moml.MoMLSimpleApplication@2408e303
----------------- Done invoking toplevel() on ptolemy.moml.MoMLSimpleApplication@2408e303
reloadAllAccessors: .PublisherSubscriber9

===========================================================================================
----------------- testing Fri Oct 02 01:01:41 UTC 2020 /home/travis/build/icyphy/ptII/ptolemy/actor/lib/test/auto/PublisherSubscriberAdjacent.xml
----------------- Instantiating /home/travis/build/icyphy/ptII/ptolemy/actor/lib/test/auto/PublisherSubscriberAdjacent.xml
2 ms. Memory: 269312K Free: 142286K (53%)
----------------- Invoking toplevel() on ptolemy.moml.MoMLSimpleApplication@7f7933d3
----------------- Done invoking toplevel() on ptolemy.moml.MoMLSimpleApplication@7f7933d3
reloadAllAccessors: .PublisherSubscriberAdjacent

===========================================================================================
----------------- testing Fri Oct 02 01:01:41 UTC 2020 /home/travis/build/icyphy/ptII/ptolemy/actor/lib/test/auto/PublisherSubscriberChannelVariablesAOC2.xml
----------------- Instantiating /home/travis/build/icyphy/ptII/ptolemy/actor/lib/test/auto/PublisherSubscriberChannelVariablesAOC2.xml
3 ms. Memory: 269312K Free: 127440K (47%)
----------------- Invoking toplevel() on ptolemy.moml.MoMLSimpleApplication@673d4d27
----------------- Done invoking toplevel() on ptolemy.moml.MoMLSimpleApplication@673d4d27
reloadAllAccessors: .PublisherSubscriberChannelVariablesAOC2

===========================================================================================
----------------- testing Fri Oct 02 01:01:41 UTC 2020 /home/travis/build/icyphy/ptII/ptolemy/actor/lib/test/auto/PublisherSubscriberD3.xml
----------------- Instantiating /home/travis/build/icyphy/ptII/ptolemy/actor/lib/test/auto/PublisherSubscriberD3.xml
2 ms. Memory: 269312K Free: 120272K (45%)
----------------- Invoking toplevel() on ptolemy.moml.MoMLSimpleApplication@31272d79
----------------- Done invoking toplevel() on ptolemy.moml.MoMLSimpleApplication@31272d79
reloadAllAccessors: .PublisherSubscriberD3

===========================================================================================
----------------- testing Fri Oct 02 01:01:41 UTC 2020 /home/travis/build/icyphy/ptII/ptolemy/actor/lib/test/auto/PublisherSubscriberD3Reverse.xml
----------------- Instantiating /home/travis/build/icyphy/ptII/ptolemy/actor/lib/test/auto/PublisherSubscriberD3Reverse.xml
1 ms. Memory: 269312K Free: 114128K (42%)
----------------- Invoking toplevel() on ptolemy.moml.MoMLSimpleApplication@46e0ffc3
----------------- Done invoking toplevel() on ptolemy.moml.MoMLSimpleApplication@46e0ffc3
reloadAllAccessors: .PublisherSubscriberD3Reverse

===========================================================================================
----------------- testing Fri Oct 02 01:01:41 UTC 2020 /home/travis/build/icyphy/ptII/ptolemy/actor/lib/test/auto/PublisherSubscriberExpression.xml
----------------- Instantiating /home/travis/build/icyphy/ptII/ptolemy/actor/lib/test/auto/PublisherSubscriberExpression.xml
5 ms. Memory: 269312K Free: 105936K (39%)
----------------- Invoking toplevel() on ptolemy.moml.MoMLSimpleApplication@769bfc41
----------------- Done invoking toplevel() on ptolemy.moml.MoMLSimpleApplication@769bfc41
reloadAllAccessors: .PublisherSubscriberExpression

===========================================================================================
----------------- testing Fri Oct 02 01:01:41 UTC 2020 /home/travis/build/icyphy/ptII/ptolemy/actor/lib/test/auto/PublisherSubscriberOpaque.xml
----------------- Instantiating /home/travis/build/icyphy/ptII/ptolemy/actor/lib/test/auto/PublisherSubscriberOpaque.xml
3 ms. Memory: 269312K Free: 97744K (36%)
----------------- Invoking toplevel() on ptolemy.moml.MoMLSimpleApplication@7f4b3f23
----------------- Done invoking toplevel() on ptolemy.moml.MoMLSimpleApplication@7f4b3f23
reloadAllAccessors: .PublisherSubscriberOpaque

===========================================================================================
----------------- testing Fri Oct 02 01:01:41 UTC 2020 /home/travis/build/icyphy/ptII/ptolemy/actor/lib/test/auto/PublisherSubscriberOpaqueD3.xml
----------------- Instantiating /home/travis/build/icyphy/ptII/ptolemy/actor/lib/test/auto/PublisherSubscriberOpaqueD3.xml
4 ms. Memory: 269312K Free: 86480K (32%)
----------------- Invoking toplevel() on ptolemy.moml.MoMLSimpleApplication@7613bf8c
----------------- Done invoking toplevel() on ptolemy.moml.MoMLSimpleApplication@7613bf8c
reloadAllAccessors: .PublisherSubscriberOpaqueD3

===========================================================================================
----------------- testing Fri Oct 02 01:01:41 UTC 2020 /home/travis/build/icyphy/ptII/ptolemy/actor/lib/test/auto/PublisherSubscriberOpaqueD3Reverse.xml
----------------- Instantiating /home/travis/build/icyphy/ptII/ptolemy/actor/lib/test/auto/PublisherSubscriberOpaqueD3Reverse.xml
10 ms. Memory: 269312K Free: 75216K (28%)
----------------- Invoking toplevel() on ptolemy.moml.MoMLSimpleApplication@5538b647
----------------- Done invoking toplevel() on ptolemy.moml.MoMLSimpleApplication@5538b647
reloadAllAccessors: .PublisherSubscriberOpaqueD3Reverse

===========================================================================================
----------------- testing Fri Oct 02 01:01:41 UTC 2020 /home/travis/build/icyphy/ptII/ptolemy/actor/lib/test/auto/PublisherSubscriberOpaqueWidthInference.xml
----------------- Instantiating /home/travis/build/icyphy/ptII/ptolemy/actor/lib/test/auto/PublisherSubscriberOpaqueWidthInference.xml
4 ms. Memory: 269312K Free: 67024K (25%)
----------------- Invoking toplevel() on ptolemy.moml.MoMLSimpleApplication@6ba15039
----------------- Done invoking toplevel() on ptolemy.moml.MoMLSimpleApplication@6ba15039
reloadAllAccessors: .PublisherSubscriberOpaqueWidthInference

===========================================================================================
----------------- testing Fri Oct 02 01:01:41 UTC 2020 /home/travis/build/icyphy/ptII/ptolemy/actor/lib/test/auto/PublisherTestSubscriber.xml
----------------- Instantiating /home/travis/build/icyphy/ptII/ptolemy/actor/lib/test/auto/PublisherTestSubscriber.xml
3 ms. Memory: 269312K Free: 216813K (81%)
----------------- Invoking toplevel() on ptolemy.moml.MoMLSimpleApplication@210bc195
----------------- Done invoking toplevel() on ptolemy.moml.MoMLSimpleApplication@210bc195
reloadAllAccessors: .PublisherTestSubscriber

===========================================================================================
----------------- testing Fri Oct 02 01:01:41 UTC 2020 /home/travis/build/icyphy/ptII/ptolemy/actor/lib/test/auto/PublisherToplevelSubscriberPortAOC.xml
----------------- Instantiating /home/travis/build/icyphy/ptII/ptolemy/actor/lib/test/auto/PublisherToplevelSubscriberPortAOC.xml
1 ms. Memory: 269312K Free: 210159K (78%)
----------------- Invoking toplevel() on ptolemy.moml.MoMLSimpleApplication@6269172c
----------------- Done invoking toplevel() on ptolemy.moml.MoMLSimpleApplication@6269172c
reloadAllAccessors: .PublisherToplevelSubscriberPortAOC

===========================================================================================
----------------- testing Fri Oct 02 01:01:41 UTC 2020 /home/travis/build/icyphy/ptII/ptolemy/actor/lib/test/auto/PulseFiringLimitDE.xml
----------------- Instantiating /home/travis/build/icyphy/ptII/ptolemy/actor/lib/test/auto/PulseFiringLimitDE.xml
2 ms. Memory: 269312K Free: 204015K (76%)
----------------- Invoking toplevel() on ptolemy.moml.MoMLSimpleApplication@211584a3
----------------- Done invoking toplevel() on ptolemy.moml.MoMLSimpleApplication@211584a3
reloadAllAccessors: .PulseFiringLimitDE

===========================================================================================
----------------- testing Fri Oct 02 01:01:41 UTC 2020 /home/travis/build/icyphy/ptII/ptolemy/actor/lib/test/auto/Ramp1.xml
----------------- Instantiating /home/travis/build/icyphy/ptII/ptolemy/actor/lib/test/auto/Ramp1.xml
1 ms. Memory: 269312K Free: 199919K (74%)
----------------- Invoking toplevel() on ptolemy.moml.MoMLSimpleApplication@1d93659e
----------------- Done invoking toplevel() on ptolemy.moml.MoMLSimpleApplication@1d93659e
reloadAllAccessors: .Ramp1

===========================================================================================
----------------- testing Fri Oct 02 01:01:41 UTC 2020 /home/travis/build/icyphy/ptII/ptolemy/actor/lib/test/auto/RampFiringLimitDE.xml
----------------- Instantiating /home/travis/build/icyphy/ptII/ptolemy/actor/lib/test/auto/RampFiringLimitDE.xml
2 ms. Memory: 269312K Free: 193775K (72%)
----------------- Invoking toplevel() on ptolemy.moml.MoMLSimpleApplication@60e999fb
----------------- Done invoking toplevel() on ptolemy.moml.MoMLSimpleApplication@60e999fb
reloadAllAccessors: .RampFiringLimitDE

===========================================================================================
----------------- testing Fri Oct 02 01:01:41 UTC 2020 /home/travis/build/icyphy/ptII/ptolemy/actor/lib/test/auto/RampFiringLimitSDF.xml
----------------- Instantiating /home/travis/build/icyphy/ptII/ptolemy/actor/lib/test/auto/RampFiringLimitSDF.xml
2 ms. Memory: 269312K Free: 188655K (70%)
----------------- Invoking toplevel() on ptolemy.moml.MoMLSimpleApplication@63246bd4
----------------- Done invoking toplevel() on ptolemy.moml.MoMLSimpleApplication@63246bd4
reloadAllAccessors: .RampFiringLimitSDF

===========================================================================================
----------------- testing Fri Oct 02 01:01:41 UTC 2020 /home/travis/build/icyphy/ptII/ptolemy/actor/lib/test/auto/RandomInteger.xml
----------------- Instantiating /home/travis/build/icyphy/ptII/ptolemy/actor/lib/test/auto/RandomInteger.xml
1 ms. Memory: 269312K Free: 184045K (68%)
----------------- Invoking toplevel() on ptolemy.moml.MoMLSimpleApplication@77a40087
----------------- Done invoking toplevel() on ptolemy.moml.MoMLSimpleApplication@77a40087
reloadAllAccessors: .RandomInteger

===========================================================================================
----------------- testing Fri Oct 02 01:01:41 UTC 2020 /home/travis/build/icyphy/ptII/ptolemy/actor/lib/test/auto/ReadFile1.xml
----------------- Instantiating /home/travis/build/icyphy/ptII/ptolemy/actor/lib/test/auto/ReadFile1.xml
2 ms. Memory: 269312K Free: 179439K (67%)
----------------- Invoking toplevel() on ptolemy.moml.MoMLSimpleApplication@6540d673
----------------- Done invoking toplevel() on ptolemy.moml.MoMLSimpleApplication@6540d673
reloadAllAccessors: .ReadFile1

===========================================================================================
----------------- testing Fri Oct 02 01:01:41 UTC 2020 /home/travis/build/icyphy/ptII/ptolemy/actor/lib/test/auto/ReadFile2.xml
----------------- Instantiating /home/travis/build/icyphy/ptII/ptolemy/actor/lib/test/auto/ReadFile2.xml
1 ms. Memory: 269312K Free: 175343K (65%)
----------------- Invoking toplevel() on ptolemy.moml.MoMLSimpleApplication@40517176
----------------- Done invoking toplevel() on ptolemy.moml.MoMLSimpleApplication@40517176
reloadAllAccessors: .ReadFile2

===========================================================================================
----------------- testing Fri Oct 02 01:01:41 UTC 2020 /home/travis/build/icyphy/ptII/ptolemy/actor/lib/test/auto/Reader.xml
----------------- Instantiating /home/travis/build/icyphy/ptII/ptolemy/actor/lib/test/auto/Reader.xml
actor.lib.Reader is obsolete, use actor.lib.io.ExpressionReader instead
5 ms. Memory: 269312K Free: 171247K (64%)
----------------- Invoking toplevel() on ptolemy.moml.MoMLSimpleApplication@37e80e50
----------------- Done invoking toplevel() on ptolemy.moml.MoMLSimpleApplication@37e80e50
reloadAllAccessors: .Reader

===========================================================================================
----------------- testing Fri Oct 02 01:01:41 UTC 2020 /home/travis/build/icyphy/ptII/ptolemy/actor/lib/test/auto/RecordAssemblerDisplayNameTest.xml
----------------- Instantiating /home/travis/build/icyphy/ptII/ptolemy/actor/lib/test/auto/RecordAssemblerDisplayNameTest.xml
3261 ms. Memory: 269312K Free: 215198K (80%)
----------------- Invoking toplevel() on ptolemy.moml.MoMLSimpleApplication@371f1d93
----------------- Done invoking toplevel() on ptolemy.moml.MoMLSimpleApplication@371f1d93
reloadAllAccessors: .RecordAssemblerDisplayNameTest

===========================================================================================
----------------- testing Fri Oct 02 01:01:44 UTC 2020 /home/travis/build/icyphy/ptII/ptolemy/actor/lib/test/auto/RecordAssemblerTypeError.xml
----------------- Instantiating /home/travis/build/icyphy/ptII/ptolemy/actor/lib/test/auto/RecordAssemblerTypeError.xml
10 ms. Memory: 269312K Free: 205468K (76%)
----------------- Invoking toplevel() on ptolemy.moml.MoMLSimpleApplication@5f0f3a02
----------------- Done invoking toplevel() on ptolemy.moml.MoMLSimpleApplication@5f0f3a02
reloadAllAccessors: .RecordAssemblerTypeError

===========================================================================================
----------------- testing Fri Oct 02 01:01:44 UTC 2020 /home/travis/build/icyphy/ptII/ptolemy/actor/lib/test/auto/RecordDisassember.xml
----------------- Instantiating /home/travis/build/icyphy/ptII/ptolemy/actor/lib/test/auto/RecordDisassember.xml
4 ms. Memory: 269312K Free: 200318K (74%)
----------------- Invoking toplevel() on ptolemy.moml.MoMLSimpleApplication@aad9a6d
----------------- Done invoking toplevel() on ptolemy.moml.MoMLSimpleApplication@aad9a6d
reloadAllAccessors: .RecordDisassember

===========================================================================================
----------------- testing Fri Oct 02 01:01:44 UTC 2020 /home/travis/build/icyphy/ptII/ptolemy/actor/lib/test/auto/RecordDisassemberDisplayNameTest.xml
----------------- Instantiating /home/travis/build/icyphy/ptII/ptolemy/actor/lib/test/auto/RecordDisassemberDisplayNameTest.xml
15 ms. Memory: 269312K Free: 192156K (71%)
----------------- Invoking toplevel() on ptolemy.moml.MoMLSimpleApplication@1e8aba21
----------------- Done invoking toplevel() on ptolemy.moml.MoMLSimpleApplication@1e8aba21
reloadAllAccessors: .RecordDisassemberDisplayNameTest

===========================================================================================
----------------- testing Fri Oct 02 01:01:44 UTC 2020 /home/travis/build/icyphy/ptII/ptolemy/actor/lib/test/auto/RecordDisassembler.xml
----------------- Instantiating /home/travis/build/icyphy/ptII/ptolemy/actor/lib/test/auto/RecordDisassembler.xml
3 ms. Memory: 269312K Free: 187006K (69%)
----------------- Invoking toplevel() on ptolemy.moml.MoMLSimpleApplication@689862b9
----------------- Done invoking toplevel() on ptolemy.moml.MoMLSimpleApplication@689862b9
reloadAllAccessors: .RecordDisassembler

===========================================================================================
----------------- testing Fri Oct 02 01:01:44 UTC 2020 /home/travis/build/icyphy/ptII/ptolemy/actor/lib/test/auto/RecordDisassembler2.xml
----------------- Instantiating /home/travis/build/icyphy/ptII/ptolemy/actor/lib/test/auto/RecordDisassembler2.xml
2 ms. Memory: 269312K Free: 181902K (68%)
----------------- Invoking toplevel() on ptolemy.moml.MoMLSimpleApplication@4f9224f7
----------------- Done invoking toplevel() on ptolemy.moml.MoMLSimpleApplication@4f9224f7
reloadAllAccessors: .RecordDisassembler2

===========================================================================================
----------------- testing Fri Oct 02 01:01:44 UTC 2020 /home/travis/build/icyphy/ptII/ptolemy/actor/lib/test/auto/RecordUpdater.xml
----------------- Instantiating /home/travis/build/icyphy/ptII/ptolemy/actor/lib/test/auto/RecordUpdater.xml
2 ms. Memory: 269312K Free: 176796K (66%)
----------------- Invoking toplevel() on ptolemy.moml.MoMLSimpleApplication@5570128
----------------- Done invoking toplevel() on ptolemy.moml.MoMLSimpleApplication@5570128
reloadAllAccessors: .RecordUpdater

===========================================================================================
----------------- testing Fri Oct 02 01:01:44 UTC 2020 /home/travis/build/icyphy/ptII/ptolemy/actor/lib/test/auto/RecordUpdater2.xml
----------------- Instantiating /home/travis/build/icyphy/ptII/ptolemy/actor/lib/test/auto/RecordUpdater2.xml
4 ms. Memory: 269312K Free: 172190K (64%)
----------------- Invoking toplevel() on ptolemy.moml.MoMLSimpleApplication@6610e656
----------------- Done invoking toplevel() on ptolemy.moml.MoMLSimpleApplication@6610e656
reloadAllAccessors: .RecordUpdater2

===========================================================================================
----------------- testing Fri Oct 02 01:01:44 UTC 2020 /home/travis/build/icyphy/ptII/ptolemy/actor/lib/test/auto/RecursiveLattice.xml
----------------- Instantiating /home/travis/build/icyphy/ptII/ptolemy/actor/lib/test/auto/RecursiveLattice.xml
1 ms. Memory: 269312K Free: 168094K (62%)
----------------- Invoking toplevel() on ptolemy.moml.MoMLSimpleApplication@5f535b8e
----------------- Done invoking toplevel() on ptolemy.moml.MoMLSimpleApplication@5f535b8e
reloadAllAccessors: .RecursiveLattice

===========================================================================================
----------------- testing Fri Oct 02 01:01:44 UTC 2020 /home/travis/build/icyphy/ptII/ptolemy/actor/lib/test/auto/Router.xml
----------------- Instantiating /home/travis/build/icyphy/ptII/ptolemy/actor/lib/test/auto/Router.xml
3003 ms. Memory: 269312K Free: 156830K (58%)
----------------- Invoking toplevel() on ptolemy.moml.MoMLSimpleApplication@317088e6
----------------- Done invoking toplevel() on ptolemy.moml.MoMLSimpleApplication@317088e6
reloadAllAccessors: .Router

===========================================================================================
----------------- testing Fri Oct 02 01:01:47 UTC 2020 /home/travis/build/icyphy/ptII/ptolemy/actor/lib/test/auto/Router2.xml
----------------- Instantiating /home/travis/build/icyphy/ptII/ptolemy/actor/lib/test/auto/Router2.xml
3004 ms. Memory: 269312K Free: 145052K (54%)
----------------- Invoking toplevel() on ptolemy.moml.MoMLSimpleApplication@2c7bf512
----------------- Done invoking toplevel() on ptolemy.moml.MoMLSimpleApplication@2c7bf512
reloadAllAccessors: .Router2

===========================================================================================
----------------- testing Fri Oct 02 01:01:50 UTC 2020 /home/travis/build/icyphy/ptII/ptolemy/actor/lib/test/auto/RunningMaximum.xml
----------------- Instantiating /home/travis/build/icyphy/ptII/ptolemy/actor/lib/test/auto/RunningMaximum.xml
2 ms. Memory: 269312K Free: 140446K (52%)
----------------- Invoking toplevel() on ptolemy.moml.MoMLSimpleApplication@616f4fc6
----------------- Done invoking toplevel() on ptolemy.moml.MoMLSimpleApplication@616f4fc6
reloadAllAccessors: .RunningMaximum

===========================================================================================
----------------- testing Fri Oct 02 01:01:50 UTC 2020 /home/travis/build/icyphy/ptII/ptolemy/actor/lib/test/auto/RunningMinimum.xml
----------------- Instantiating /home/travis/build/icyphy/ptII/ptolemy/actor/lib/test/auto/RunningMinimum.xml
2 ms. Memory: 269312K Free: 135836K (50%)
----------------- Invoking toplevel() on ptolemy.moml.MoMLSimpleApplication@6d0a8678
----------------- Done invoking toplevel() on ptolemy.moml.MoMLSimpleApplication@6d0a8678
reloadAllAccessors: .RunningMinimum

===========================================================================================
----------------- testing Fri Oct 02 01:01:51 UTC 2020 /home/travis/build/icyphy/ptII/ptolemy/actor/lib/test/auto/Scale.xml
----------------- Instantiating /home/travis/build/icyphy/ptII/ptolemy/actor/lib/test/auto/Scale.xml
2 ms. Memory: 269312K Free: 131230K (49%)
----------------- Invoking toplevel() on ptolemy.moml.MoMLSimpleApplication@d7e2c3b
----------------- Done invoking toplevel() on ptolemy.moml.MoMLSimpleApplication@d7e2c3b
reloadAllAccessors: .Scale

===========================================================================================
----------------- testing Fri Oct 02 01:01:51 UTC 2020 /home/travis/build/icyphy/ptII/ptolemy/actor/lib/test/auto/Scale2.xml
----------------- Instantiating /home/travis/build/icyphy/ptII/ptolemy/actor/lib/test/auto/Scale2.xml
1 ms. Memory: 269312K Free: 126110K (47%)
----------------- Invoking toplevel() on ptolemy.moml.MoMLSimpleApplication@60169b84
----------------- Done invoking toplevel() on ptolemy.moml.MoMLSimpleApplication@60169b84
reloadAllAccessors: .Scale2

===========================================================================================
----------------- testing Fri Oct 02 01:01:51 UTC 2020 /home/travis/build/icyphy/ptII/ptolemy/actor/lib/test/auto/Scale3.xml
----------------- Instantiating /home/travis/build/icyphy/ptII/ptolemy/actor/lib/test/auto/Scale3.xml
3 ms. Memory: 269312K Free: 119966K (45%)
----------------- Invoking toplevel() on ptolemy.moml.MoMLSimpleApplication@45e4aae5
----------------- Done invoking toplevel() on ptolemy.moml.MoMLSimpleApplication@45e4aae5
reloadAllAccessors: .Scale3

===========================================================================================
----------------- testing Fri Oct 02 01:01:51 UTC 2020 /home/travis/build/icyphy/ptII/ptolemy/actor/lib/test/auto/ScaleArray.xml
----------------- Instantiating /home/travis/build/icyphy/ptII/ptolemy/actor/lib/test/auto/ScaleArray.xml
2 ms. Memory: 269312K Free: 115356K (43%)
----------------- Invoking toplevel() on ptolemy.moml.MoMLSimpleApplication@5475e31b
----------------- Done invoking toplevel() on ptolemy.moml.MoMLSimpleApplication@5475e31b
reloadAllAccessors: .ScaleArray

===========================================================================================
----------------- testing Fri Oct 02 01:01:51 UTC 2020 /home/travis/build/icyphy/ptII/ptolemy/actor/lib/test/auto/ScaleArray2.xml
----------------- Instantiating /home/travis/build/icyphy/ptII/ptolemy/actor/lib/test/auto/ScaleArray2.xml
1 ms. Memory: 269312K Free: 110750K (41%)
----------------- Invoking toplevel() on ptolemy.moml.MoMLSimpleApplication@a98d344
----------------- Done invoking toplevel() on ptolemy.moml.MoMLSimpleApplication@a98d344
reloadAllAccessors: .ScaleArray2

===========================================================================================
----------------- testing Fri Oct 02 01:01:51 UTC 2020 /home/travis/build/icyphy/ptII/ptolemy/actor/lib/test/auto/ScaleMatrix.xml
----------------- Instantiating /home/travis/build/icyphy/ptII/ptolemy/actor/lib/test/auto/ScaleMatrix.xml
132 ms. Memory: 269312K Free: 94876K (35%)
----------------- Invoking toplevel() on ptolemy.moml.MoMLSimpleApplication@62d65420
----------------- Done invoking toplevel() on ptolemy.moml.MoMLSimpleApplication@62d65420
reloadAllAccessors: .ScaleMatrix

===========================================================================================
----------------- testing Fri Oct 02 01:01:51 UTC 2020 /home/travis/build/icyphy/ptII/ptolemy/actor/lib/test/auto/Select.xml
----------------- Instantiating /home/travis/build/icyphy/ptII/ptolemy/actor/lib/test/auto/Select.xml
3 ms. Memory: 269312K Free: 88702K (33%)
----------------- Invoking toplevel() on ptolemy.moml.MoMLSimpleApplication@2f44fb22
----------------- Done invoking toplevel() on ptolemy.moml.MoMLSimpleApplication@2f44fb22
reloadAllAccessors: .Select

===========================================================================================
----------------- testing Fri Oct 02 01:01:51 UTC 2020 /home/travis/build/icyphy/ptII/ptolemy/actor/lib/test/auto/Select2.xml
----------------- Instantiating /home/travis/build/icyphy/ptII/ptolemy/actor/lib/test/auto/Select2.xml
1 ms. Memory: 269312K Free: 84126K (31%)
----------------- Invoking toplevel() on ptolemy.moml.MoMLSimpleApplication@3f4f8754
----------------- Done invoking toplevel() on ptolemy.moml.MoMLSimpleApplication@3f4f8754
reloadAllAccessors: .Select2

===========================================================================================
----------------- testing Fri Oct 02 01:01:51 UTC 2020 /home/travis/build/icyphy/ptII/ptolemy/actor/lib/test/auto/SequenceToArray2.xml
----------------- Instantiating /home/travis/build/icyphy/ptII/ptolemy/actor/lib/test/auto/SequenceToArray2.xml
116 ms. Memory: 269312K Free: 216751K (80%)
----------------- Invoking toplevel() on ptolemy.moml.MoMLSimpleApplication@19dd5cbd
----------------- Done invoking toplevel() on ptolemy.moml.MoMLSimpleApplication@19dd5cbd
reloadAllAccessors: .SequenceToArray2

===========================================================================================
----------------- testing Fri Oct 02 01:01:51 UTC 2020 /home/travis/build/icyphy/ptII/ptolemy/actor/lib/test/auto/SequentialClock.xml
----------------- Instantiating /home/travis/build/icyphy/ptII/ptolemy/actor/lib/test/auto/SequentialClock.xml
1 ms. Memory: 269312K Free: 211925K (79%)
----------------- Invoking toplevel() on ptolemy.moml.MoMLSimpleApplication@1c95b4a4
----------------- Done invoking toplevel() on ptolemy.moml.MoMLSimpleApplication@1c95b4a4
reloadAllAccessors: .SequentialClock

===========================================================================================
----------------- testing Fri Oct 02 01:01:51 UTC 2020 /home/travis/build/icyphy/ptII/ptolemy/actor/lib/test/auto/SetVariable.xml
----------------- Instantiating /home/travis/build/icyphy/ptII/ptolemy/actor/lib/test/auto/SetVariable.xml
4 ms. Memory: 269312K Free: 207315K (77%)
----------------- Invoking toplevel() on ptolemy.moml.MoMLSimpleApplication@60fed414
----------------- Done invoking toplevel() on ptolemy.moml.MoMLSimpleApplication@60fed414
reloadAllAccessors: .SetVariable

===========================================================================================
----------------- testing Fri Oct 02 01:01:51 UTC 2020 /home/travis/build/icyphy/ptII/ptolemy/actor/lib/test/auto/SetVariable2.xml
----------------- Instantiating /home/travis/build/icyphy/ptII/ptolemy/actor/lib/test/auto/SetVariable2.xml
3 ms. Memory: 269312K Free: 202195K (75%)
----------------- Invoking toplevel() on ptolemy.moml.MoMLSimpleApplication@671d3a4f
----------------- Done invoking toplevel() on ptolemy.moml.MoMLSimpleApplication@671d3a4f
reloadAllAccessors: .SetVariable2

===========================================================================================
----------------- testing Fri Oct 02 01:01:51 UTC 2020 /home/travis/build/icyphy/ptII/ptolemy/actor/lib/test/auto/SetVariable3.xml
----------------- Instantiating /home/travis/build/icyphy/ptII/ptolemy/actor/lib/test/auto/SetVariable3.xml
8 ms. Memory: 269312K Free: 197075K (73%)
----------------- Invoking toplevel() on ptolemy.moml.MoMLSimpleApplication@22c1fed2
----------------- Done invoking toplevel() on ptolemy.moml.MoMLSimpleApplication@22c1fed2
reloadAllAccessors: .SetVariable3

===========================================================================================
----------------- testing Fri Oct 02 01:01:51 UTC 2020 /home/travis/build/icyphy/ptII/ptolemy/actor/lib/test/auto/SetVariable4.xml
----------------- Instantiating /home/travis/build/icyphy/ptII/ptolemy/actor/lib/test/auto/SetVariable4.xml
9 ms. Memory: 269312K Free: 187859K (70%)
----------------- Invoking toplevel() on ptolemy.moml.MoMLSimpleApplication@7d093002
----------------- Done invoking toplevel() on ptolemy.moml.MoMLSimpleApplication@7d093002
reloadAllAccessors: .SetVariable4

===========================================================================================
----------------- testing Fri Oct 02 01:01:51 UTC 2020 /home/travis/build/icyphy/ptII/ptolemy/actor/lib/test/auto/SetVariable5.xml
----------------- Instantiating /home/travis/build/icyphy/ptII/ptolemy/actor/lib/test/auto/SetVariable5.xml
18 ms. Memory: 269312K Free: 178643K (66%)
----------------- Invoking toplevel() on ptolemy.moml.MoMLSimpleApplication@a77cd78
----------------- Done invoking toplevel() on ptolemy.moml.MoMLSimpleApplication@a77cd78
reloadAllAccessors: .SetVariable5

===========================================================================================
----------------- testing Fri Oct 02 01:01:51 UTC 2020 /home/travis/build/icyphy/ptII/ptolemy/actor/lib/test/auto/Sinewave.xml
----------------- Instantiating /home/travis/build/icyphy/ptII/ptolemy/actor/lib/test/auto/Sinewave.xml
4 ms. Memory: 269312K Free: 167379K (62%)
----------------- Invoking toplevel() on ptolemy.moml.MoMLSimpleApplication@41592360
----------------- Done invoking toplevel() on ptolemy.moml.MoMLSimpleApplication@41592360
reloadAllAccessors: .Sinewave

===========================================================================================
----------------- testing Fri Oct 02 01:01:51 UTC 2020 /home/travis/build/icyphy/ptII/ptolemy/actor/lib/test/auto/Sinewave2.xml
----------------- Instantiating /home/travis/build/icyphy/ptII/ptolemy/actor/lib/test/auto/Sinewave2.xml
6 ms. Memory: 269312K Free: 159187K (59%)
----------------- Invoking toplevel() on ptolemy.moml.MoMLSimpleApplication@39619386
----------------- Done invoking toplevel() on ptolemy.moml.MoMLSimpleApplication@39619386
reloadAllAccessors: .Sinewave2

===========================================================================================
----------------- testing Fri Oct 02 01:01:51 UTC 2020 /home/travis/build/icyphy/ptII/ptolemy/actor/lib/test/auto/Sinewave3.xml
----------------- Instantiating /home/travis/build/icyphy/ptII/ptolemy/actor/lib/test/auto/Sinewave3.xml
9 ms. Memory: 269312K Free: 150965K (56%)
----------------- Invoking toplevel() on ptolemy.moml.MoMLSimpleApplication@41f9be8b
----------------- Done invoking toplevel() on ptolemy.moml.MoMLSimpleApplication@41f9be8b
reloadAllAccessors: .Sinewave3

===========================================================================================
----------------- testing Fri Oct 02 01:01:51 UTC 2020 /home/travis/build/icyphy/ptII/ptolemy/actor/lib/test/auto/SingleEvent.xml
----------------- Instantiating /home/travis/build/icyphy/ptII/ptolemy/actor/lib/test/auto/SingleEvent.xml
1 ms. Memory: 269312K Free: 146389K (54%)
----------------- Invoking toplevel() on ptolemy.moml.MoMLSimpleApplication@21fd7eaf
----------------- Done invoking toplevel() on ptolemy.moml.MoMLSimpleApplication@21fd7eaf
reloadAllAccessors: .SingleEvent

===========================================================================================
----------------- testing Fri Oct 02 01:01:51 UTC 2020 /home/travis/build/icyphy/ptII/ptolemy/actor/lib/test/auto/Sleep.xml
----------------- Instantiating /home/travis/build/icyphy/ptII/ptolemy/actor/lib/test/auto/Sleep.xml
6004 ms. Memory: 269312K Free: 140755K (52%)
----------------- Invoking toplevel() on ptolemy.moml.MoMLSimpleApplication@28017aa7
----------------- Done invoking toplevel() on ptolemy.moml.MoMLSimpleApplication@28017aa7
reloadAllAccessors: .Sleep

===========================================================================================
----------------- testing Fri Oct 02 01:01:57 UTC 2020 /home/travis/build/icyphy/ptII/ptolemy/actor/lib/test/auto/SleepMultipleFire.xml
----------------- Instantiating /home/travis/build/icyphy/ptII/ptolemy/actor/lib/test/auto/SleepMultipleFire.xml
1013 ms. Memory: 269312K Free: 135125K (50%)
----------------- Invoking toplevel() on ptolemy.moml.MoMLSimpleApplication@59936d70
----------------- Done invoking toplevel() on ptolemy.moml.MoMLSimpleApplication@59936d70
reloadAllAccessors: .SleepMultipleFire

===========================================================================================
----------------- testing Fri Oct 02 01:01:58 UTC 2020 /home/travis/build/icyphy/ptII/ptolemy/actor/lib/test/auto/StopDE.xml
----------------- Instantiating /home/travis/build/icyphy/ptII/ptolemy/actor/lib/test/auto/StopDE.xml
7 ms. Memory: 269312K Free: 128981K (48%)
----------------- Invoking toplevel() on ptolemy.moml.MoMLSimpleApplication@373c19ee
----------------- Done invoking toplevel() on ptolemy.moml.MoMLSimpleApplication@373c19ee
reloadAllAccessors: .StopDE

===========================================================================================
----------------- testing Fri Oct 02 01:01:58 UTC 2020 /home/travis/build/icyphy/ptII/ptolemy/actor/lib/test/auto/StopSDF.xml
----------------- Instantiating /home/travis/build/icyphy/ptII/ptolemy/actor/lib/test/auto/StopSDF.xml
7 ms. Memory: 269312K Free: 123861K (46%)
----------------- Invoking toplevel() on ptolemy.moml.MoMLSimpleApplication@641f052
----------------- Done invoking toplevel() on ptolemy.moml.MoMLSimpleApplication@641f052
reloadAllAccessors: .StopSDF

===========================================================================================
----------------- testing Fri Oct 02 01:01:58 UTC 2020 /home/travis/build/icyphy/ptII/ptolemy/actor/lib/test/auto/StringConstant.xml
----------------- Instantiating /home/travis/build/icyphy/ptII/ptolemy/actor/lib/test/auto/StringConstant.xml
9 ms. Memory: 269312K Free: 119765K (44%)
----------------- Invoking toplevel() on ptolemy.moml.MoMLSimpleApplication@50260757
----------------- Done invoking toplevel() on ptolemy.moml.MoMLSimpleApplication@50260757
reloadAllAccessors: .StringConstant

===========================================================================================
----------------- testing Fri Oct 02 01:01:58 UTC 2020 /home/travis/build/icyphy/ptII/ptolemy/actor/lib/test/auto/SubscriberPortInitialValues1.xml
----------------- Instantiating /home/travis/build/icyphy/ptII/ptolemy/actor/lib/test/auto/SubscriberPortInitialValues1.xml
12 ms. Memory: 269312K Free: 111059K (41%)
----------------- Invoking toplevel() on ptolemy.moml.MoMLSimpleApplication@4401125
----------------- Done invoking toplevel() on ptolemy.moml.MoMLSimpleApplication@4401125
reloadAllAccessors: .SubscriberPortInitialValues1

===========================================================================================
----------------- testing Fri Oct 02 01:01:58 UTC 2020 /home/travis/build/icyphy/ptII/ptolemy/actor/lib/test/auto/SubscriberPortInitialValues13.xml
----------------- Instantiating /home/travis/build/icyphy/ptII/ptolemy/actor/lib/test/auto/SubscriberPortInitialValues13.xml
6 ms. Memory: 269312K Free: 97747K (36%)
----------------- Invoking toplevel() on ptolemy.moml.MoMLSimpleApplication@3e5858a0
----------------- Done invoking toplevel() on ptolemy.moml.MoMLSimpleApplication@3e5858a0
reloadAllAccessors: .SubscriberPortInitialValues13

===========================================================================================
----------------- testing Fri Oct 02 01:01:58 UTC 2020 /home/travis/build/icyphy/ptII/ptolemy/actor/lib/test/auto/SubscriberPortInitialValues14.xml
----------------- Instantiating /home/travis/build/icyphy/ptII/ptolemy/actor/lib/test/auto/SubscriberPortInitialValues14.xml
4 ms. Memory: 269312K Free: 90069K (33%)
----------------- Invoking toplevel() on ptolemy.moml.MoMLSimpleApplication@43db3a1d
----------------- Done invoking toplevel() on ptolemy.moml.MoMLSimpleApplication@43db3a1d
reloadAllAccessors: .SubscriberPortInitialValues14

===========================================================================================
----------------- testing Fri Oct 02 01:01:58 UTC 2020 /home/travis/build/icyphy/ptII/ptolemy/actor/lib/test/auto/SubscriberPortInitialValues2.xml
----------------- Instantiating /home/travis/build/icyphy/ptII/ptolemy/actor/lib/test/auto/SubscriberPortInitialValues2.xml
4 ms. Memory: 269312K Free: 82387K (31%)
----------------- Invoking toplevel() on ptolemy.moml.MoMLSimpleApplication@7b165531
----------------- Done invoking toplevel() on ptolemy.moml.MoMLSimpleApplication@7b165531
reloadAllAccessors: .SubscriberPortInitialValues2

===========================================================================================
----------------- testing Fri Oct 02 01:01:58 UTC 2020 /home/travis/build/icyphy/ptII/ptolemy/actor/lib/test/auto/SubscriberPortInitialValues3.xml
----------------- Instantiating /home/travis/build/icyphy/ptII/ptolemy/actor/lib/test/auto/SubscriberPortInitialValues3.xml
3 ms. Memory: 269312K Free: 71637K (27%)
----------------- Invoking toplevel() on ptolemy.moml.MoMLSimpleApplication@138bf9c8
----------------- Done invoking toplevel() on ptolemy.moml.MoMLSimpleApplication@138bf9c8
reloadAllAccessors: .SubscriberPortInitialValues3

===========================================================================================
----------------- testing Fri Oct 02 01:01:58 UTC 2020 /home/travis/build/icyphy/ptII/ptolemy/actor/lib/test/auto/SubscriptionAggregator.xml
----------------- Instantiating /home/travis/build/icyphy/ptII/ptolemy/actor/lib/test/auto/SubscriptionAggregator.xml
3 ms. Memory: 269312K Free: 63941K (24%)
----------------- Invoking toplevel() on ptolemy.moml.MoMLSimpleApplication@29e7136d
----------------- Done invoking toplevel() on ptolemy.moml.MoMLSimpleApplication@29e7136d
reloadAllAccessors: .SubscriptionAggregator

===========================================================================================
----------------- testing Fri Oct 02 01:01:58 UTC 2020 /home/travis/build/icyphy/ptII/ptolemy/actor/lib/test/auto/SubscriptionAggregator2.xml
----------------- Instantiating /home/travis/build/icyphy/ptII/ptolemy/actor/lib/test/auto/SubscriptionAggregator2.xml
2 ms. Memory: 269312K Free: 215838K (80%)
----------------- Invoking toplevel() on ptolemy.moml.MoMLSimpleApplication@1a0ae005
----------------- Done invoking toplevel() on ptolemy.moml.MoMLSimpleApplication@1a0ae005
reloadAllAccessors: .SubscriptionAggregator2

===========================================================================================
----------------- testing Fri Oct 02 01:01:58 UTC 2020 /home/travis/build/icyphy/ptII/ptolemy/actor/lib/test/auto/SubscriptionAggregator3.xml
----------------- Instantiating /home/travis/build/icyphy/ptII/ptolemy/actor/lib/test/auto/SubscriptionAggregator3.xml
4 ms. Memory: 269312K Free: 206622K (77%)
----------------- Invoking toplevel() on ptolemy.moml.MoMLSimpleApplication@1eda957d
----------------- Done invoking toplevel() on ptolemy.moml.MoMLSimpleApplication@1eda957d
reloadAllAccessors: .SubscriptionAggregator3

===========================================================================================
----------------- testing Fri Oct 02 01:01:58 UTC 2020 /home/travis/build/icyphy/ptII/ptolemy/actor/lib/test/auto/SubscriptionAggregatorMultiply.xml
----------------- Instantiating /home/travis/build/icyphy/ptII/ptolemy/actor/lib/test/auto/SubscriptionAggregatorMultiply.xml
13 ms. Memory: 269312K Free: 197910K (73%)
----------------- Invoking toplevel() on ptolemy.moml.MoMLSimpleApplication@61590126
----------------- Done invoking toplevel() on ptolemy.moml.MoMLSimpleApplication@61590126
reloadAllAccessors: .SubscriptionAggregatorMultiply

===========================================================================================
----------------- testing Fri Oct 02 01:01:58 UTC 2020 /home/travis/build/icyphy/ptII/ptolemy/actor/lib/test/auto/SubscriptionAggregatorPortMultiply1.xml
----------------- Instantiating /home/travis/build/icyphy/ptII/ptolemy/actor/lib/test/auto/SubscriptionAggregatorPortMultiply1.xml
3 ms. Memory: 269312K Free: 190238K (71%)
----------------- Invoking toplevel() on ptolemy.moml.MoMLSimpleApplication@7711fda4
----------------- Done invoking toplevel() on ptolemy.moml.MoMLSimpleApplication@7711fda4
reloadAllAccessors: .SubscriptionAggregatorPortMultiply1

===========================================================================================
----------------- testing Fri Oct 02 01:01:58 UTC 2020 /home/travis/build/icyphy/ptII/ptolemy/actor/lib/test/auto/Switch.xml
----------------- Instantiating /home/travis/build/icyphy/ptII/ptolemy/actor/lib/test/auto/Switch.xml
9 ms. Memory: 269312K Free: 181532K (67%)
----------------- Invoking toplevel() on ptolemy.moml.MoMLSimpleApplication@553581f1
----------------- Done invoking toplevel() on ptolemy.moml.MoMLSimpleApplication@553581f1
reloadAllAccessors: .Switch

===========================================================================================
----------------- testing Fri Oct 02 01:01:58 UTC 2020 /home/travis/build/icyphy/ptII/ptolemy/actor/lib/test/auto/Switch2.xml
----------------- Instantiating /home/travis/build/icyphy/ptII/ptolemy/actor/lib/test/auto/Switch2.xml
1 ms. Memory: 269312K Free: 176926K (66%)
----------------- Invoking toplevel() on ptolemy.moml.MoMLSimpleApplication@79b2442f
----------------- Done invoking toplevel() on ptolemy.moml.MoMLSimpleApplication@79b2442f
reloadAllAccessors: .Switch2

===========================================================================================
----------------- testing Fri Oct 02 01:01:59 UTC 2020 /home/travis/build/icyphy/ptII/ptolemy/actor/lib/test/auto/SwitchDE.xml
----------------- Instantiating /home/travis/build/icyphy/ptII/ptolemy/actor/lib/test/auto/SwitchDE.xml
4 ms. Memory: 269312K Free: 170782K (63%)
----------------- Invoking toplevel() on ptolemy.moml.MoMLSimpleApplication@648621af
----------------- Done invoking toplevel() on ptolemy.moml.MoMLSimpleApplication@648621af
reloadAllAccessors: .SwitchDE

===========================================================================================
----------------- testing Fri Oct 02 01:01:59 UTC 2020 /home/travis/build/icyphy/ptII/ptolemy/actor/lib/test/auto/SynchronizerDE.xml
----------------- Instantiating /home/travis/build/icyphy/ptII/ptolemy/actor/lib/test/auto/SynchronizerDE.xml
7 ms. Memory: 269312K Free: 162590K (60%)
----------------- Invoking toplevel() on ptolemy.moml.MoMLSimpleApplication@621ec6a8
----------------- Done invoking toplevel() on ptolemy.moml.MoMLSimpleApplication@621ec6a8
reloadAllAccessors: .SynchronizerDE

===========================================================================================
----------------- testing Fri Oct 02 01:01:59 UTC 2020 /home/travis/build/icyphy/ptII/ptolemy/actor/lib/test/auto/Test.xml
----------------- Instantiating /home/travis/build/icyphy/ptII/ptolemy/actor/lib/test/auto/Test.xml
1 ms. Memory: 269312K Free: 156942K (58%)
----------------- Invoking toplevel() on ptolemy.moml.MoMLSimpleApplication@28bbb12f
----------------- Done invoking toplevel() on ptolemy.moml.MoMLSimpleApplication@28bbb12f
reloadAllAccessors: .Test

===========================================================================================
----------------- testing Fri Oct 02 01:01:59 UTC 2020 /home/travis/build/icyphy/ptII/ptolemy/actor/lib/test/auto/TestExceptionAttribute1.xml
----------------- Instantiating /home/travis/build/icyphy/ptII/ptolemy/actor/lib/test/auto/TestExceptionAttribute1.xml
1 ms. Memory: 269312K Free: 153374K (57%)
----------------- Invoking toplevel() on ptolemy.moml.MoMLSimpleApplication@811d2
----------------- Done invoking toplevel() on ptolemy.moml.MoMLSimpleApplication@811d2
reloadAllAccessors: .TestExceptionAttribute1

===========================================================================================
----------------- testing Fri Oct 02 01:01:59 UTC 2020 /home/travis/build/icyphy/ptII/ptolemy/actor/lib/test/auto/TestExceptionAttribute2.xml
----------------- Instantiating /home/travis/build/icyphy/ptII/ptolemy/actor/lib/test/auto/TestExceptionAttribute2.xml
1 ms. Memory: 269312K Free: 149788K (56%)
----------------- Invoking toplevel() on ptolemy.moml.MoMLSimpleApplication@5143a331
----------------- Done invoking toplevel() on ptolemy.moml.MoMLSimpleApplication@5143a331
reloadAllAccessors: .TestExceptionAttribute2

===========================================================================================
----------------- testing Fri Oct 02 01:01:59 UTC 2020 /home/travis/build/icyphy/ptII/ptolemy/actor/lib/test/auto/TestExceptionAttribute3.xml
----------------- Instantiating /home/travis/build/icyphy/ptII/ptolemy/actor/lib/test/auto/TestExceptionAttribute3.xml
.TestExceptionAttribute3.TestExceptionAttribute: initialize() was not invoked, but wrapup() was.  This is unusual, but not always a problem.  For example, exporting JNLP will do this.
1 ms. Memory: 269312K Free: 145692K (54%)
----------------- Invoking toplevel() on ptolemy.moml.MoMLSimpleApplication@1479c049
----------------- Done invoking toplevel() on ptolemy.moml.MoMLSimpleApplication@1479c049
reloadAllAccessors: .TestExceptionAttribute3

===========================================================================================
----------------- testing Fri Oct 02 01:01:59 UTC 2020 /home/travis/build/icyphy/ptII/ptolemy/actor/lib/test/auto/TestExceptionAttribute4.xml
----------------- Instantiating /home/travis/build/icyphy/ptII/ptolemy/actor/lib/test/auto/TestExceptionAttribute4.xml
.TestExceptionAttribute4.TestExceptionAttribute: initialize() was not invoked, but wrapup() was.  This is unusual, but not always a problem.  For example, exporting JNLP will do this.
.TestExceptionAttribute4.TestExceptionAttribute2: initialize() was not invoked, but wrapup() was.  This is unusual, but not always a problem.  For example, exporting JNLP will do this.
1 ms. Memory: 269312K Free: 141596K (53%)
----------------- Invoking toplevel() on ptolemy.moml.MoMLSimpleApplication@296f9756
----------------- Done invoking toplevel() on ptolemy.moml.MoMLSimpleApplication@296f9756
reloadAllAccessors: .TestExceptionAttribute4

===========================================================================================
----------------- testing Fri Oct 02 01:01:59 UTC 2020 /home/travis/build/icyphy/ptII/ptolemy/actor/lib/test/auto/TestExceptionHandler1.xml
----------------- Instantiating /home/travis/build/icyphy/ptII/ptolemy/actor/lib/test/auto/TestExceptionHandler1.xml
1 ms. Memory: 269312K Free: 138014K (51%)
----------------- Invoking toplevel() on ptolemy.moml.MoMLSimpleApplication@1286a9b0
----------------- Done invoking toplevel() on ptolemy.moml.MoMLSimpleApplication@1286a9b0
reloadAllAccessors: .TestExceptionHandler1

===========================================================================================
----------------- testing Fri Oct 02 01:01:59 UTC 2020 /home/travis/build/icyphy/ptII/ptolemy/actor/lib/test/auto/TestExceptionHandler2.xml
----------------- Instantiating /home/travis/build/icyphy/ptII/ptolemy/actor/lib/test/auto/TestExceptionHandler2.xml
2 ms. Memory: 269312K Free: 134428K (50%)
----------------- Invoking toplevel() on ptolemy.moml.MoMLSimpleApplication@2eaf063e
----------------- Done invoking toplevel() on ptolemy.moml.MoMLSimpleApplication@2eaf063e
reloadAllAccessors: .TestExceptionHandler2

===========================================================================================
----------------- testing Fri Oct 02 01:01:59 UTC 2020 /home/travis/build/icyphy/ptII/ptolemy/actor/lib/test/auto/TestExceptionHandler3.xml
----------------- Instantiating /home/travis/build/icyphy/ptII/ptolemy/actor/lib/test/auto/TestExceptionHandler3.xml
1 ms. Memory: 269312K Free: 130332K (48%)
----------------- Invoking toplevel() on ptolemy.moml.MoMLSimpleApplication@7112c567
----------------- Done invoking toplevel() on ptolemy.moml.MoMLSimpleApplication@7112c567
reloadAllAccessors: .TestExceptionHandler3

===========================================================================================
----------------- testing Fri Oct 02 01:01:59 UTC 2020 /home/travis/build/icyphy/ptII/ptolemy/actor/lib/test/auto/TestExceptionHandler4.xml
----------------- Instantiating /home/travis/build/icyphy/ptII/ptolemy/actor/lib/test/auto/TestExceptionHandler4.xml
0 ms. Memory: 269312K Free: 126236K (47%)
----------------- Invoking toplevel() on ptolemy.moml.MoMLSimpleApplication@1c51285f
----------------- Done invoking toplevel() on ptolemy.moml.MoMLSimpleApplication@1c51285f
reloadAllAccessors: .TestExceptionHandler4

===========================================================================================
----------------- testing Fri Oct 02 01:01:59 UTC 2020 /home/travis/build/icyphy/ptII/ptolemy/actor/lib/test/auto/TestRequireCorrectOrder.xml
----------------- Instantiating /home/travis/build/icyphy/ptII/ptolemy/actor/lib/test/auto/TestRequireCorrectOrder.xml
5 ms. Memory: 269312K Free: 121102K (45%)
----------------- Invoking toplevel() on ptolemy.moml.MoMLSimpleApplication@4722fb35
----------------- Done invoking toplevel() on ptolemy.moml.MoMLSimpleApplication@4722fb35
reloadAllAccessors: .TestRequireCorrectOrder

===========================================================================================
----------------- testing Fri Oct 02 01:01:59 UTC 2020 /home/travis/build/icyphy/ptII/ptolemy/actor/lib/test/auto/TestSimple.xml
----------------- Instantiating /home/travis/build/icyphy/ptII/ptolemy/actor/lib/test/auto/TestSimple.xml
3 ms. Memory: 269312K Free: 115996K (43%)
----------------- Invoking toplevel() on ptolemy.moml.MoMLSimpleApplication@1a5ca4ec
----------------- Done invoking toplevel() on ptolemy.moml.MoMLSimpleApplication@1a5ca4ec
reloadAllAccessors: .TestSimple

===========================================================================================
----------------- testing Fri Oct 02 01:01:59 UTC 2020 /home/travis/build/icyphy/ptII/ptolemy/actor/lib/test/auto/ThrowModelError.xml
----------------- Instantiating /home/travis/build/icyphy/ptII/ptolemy/actor/lib/test/auto/ThrowModelError.xml
1 ms. Memory: 269312K Free: 111390K (41%)
----------------- Invoking toplevel() on ptolemy.moml.MoMLSimpleApplication@5a5128b5
----------------- Done invoking toplevel() on ptolemy.moml.MoMLSimpleApplication@5a5128b5
reloadAllAccessors: .ThrowModelError

===========================================================================================
----------------- testing Fri Oct 02 01:01:59 UTC 2020 /home/travis/build/icyphy/ptII/ptolemy/actor/lib/test/auto/TimeDelayMicrosteps.xml
----------------- Instantiating /home/travis/build/icyphy/ptII/ptolemy/actor/lib/test/auto/TimeDelayMicrosteps.xml
3 ms. Memory: 269312K Free: 104702K (39%)
----------------- Invoking toplevel() on ptolemy.moml.MoMLSimpleApplication@1d3a08f
----------------- Done invoking toplevel() on ptolemy.moml.MoMLSimpleApplication@1d3a08f
reloadAllAccessors: .TimeDelayMicrosteps

===========================================================================================
----------------- testing Fri Oct 02 01:01:59 UTC 2020 /home/travis/build/icyphy/ptII/ptolemy/actor/lib/test/auto/TimeDelayMicrosteps2.xml
----------------- Instantiating /home/travis/build/icyphy/ptII/ptolemy/actor/lib/test/auto/TimeDelayMicrosteps2.xml
4 ms. Memory: 269312K Free: 97054K (36%)
----------------- Invoking toplevel() on ptolemy.moml.MoMLSimpleApplication@5e50d360
----------------- Done invoking toplevel() on ptolemy.moml.MoMLSimpleApplication@5e50d360
reloadAllAccessors: .TimeDelayMicrosteps2

===========================================================================================
----------------- testing Fri Oct 02 01:01:59 UTC 2020 /home/travis/build/icyphy/ptII/ptolemy/actor/lib/test/auto/TimeDelayMicrosteps3.xml
----------------- Instantiating /home/travis/build/icyphy/ptII/ptolemy/actor/lib/test/auto/TimeDelayMicrosteps3.xml
2 ms. Memory: 269312K Free: 90366K (34%)
----------------- Invoking toplevel() on ptolemy.moml.MoMLSimpleApplication@7f299525
----------------- Done invoking toplevel() on ptolemy.moml.MoMLSimpleApplication@7f299525
reloadAllAccessors: .TimeDelayMicrosteps3

===========================================================================================
----------------- testing Fri Oct 02 01:01:59 UTC 2020 /home/travis/build/icyphy/ptII/ptolemy/actor/lib/test/auto/TimeDelayVariableMicrosteps.xml
----------------- Instantiating /home/travis/build/icyphy/ptII/ptolemy/actor/lib/test/auto/TimeDelayVariableMicrosteps.xml
4 ms. Memory: 269312K Free: 84249K (31%)
----------------- Invoking toplevel() on ptolemy.moml.MoMLSimpleApplication@30a8c2a1
----------------- Done invoking toplevel() on ptolemy.moml.MoMLSimpleApplication@30a8c2a1
reloadAllAccessors: .TimeDelayVariableMicrosteps

===========================================================================================
----------------- testing Fri Oct 02 01:01:59 UTC 2020 /home/travis/build/icyphy/ptII/ptolemy/actor/lib/test/auto/TimeGap.xml
----------------- Instantiating /home/travis/build/icyphy/ptII/ptolemy/actor/lib/test/auto/TimeGap.xml
4 ms. Memory: 269312K Free: 78622K (29%)
----------------- Invoking toplevel() on ptolemy.moml.MoMLSimpleApplication@1bbd5c4
----------------- Done invoking toplevel() on ptolemy.moml.MoMLSimpleApplication@1bbd5c4
reloadAllAccessors: .TimeGap

===========================================================================================
----------------- testing Fri Oct 02 01:01:59 UTC 2020 /home/travis/build/icyphy/ptII/ptolemy/actor/lib/test/auto/TimeGap2.xml
----------------- Instantiating /home/travis/build/icyphy/ptII/ptolemy/actor/lib/test/auto/TimeGap2.xml
3 ms. Memory: 269312K Free: 72982K (27%)
----------------- Invoking toplevel() on ptolemy.moml.MoMLSimpleApplication@2cfd5060
----------------- Done invoking toplevel() on ptolemy.moml.MoMLSimpleApplication@2cfd5060
reloadAllAccessors: .TimeGap2

===========================================================================================
----------------- testing Fri Oct 02 01:01:59 UTC 2020 /home/travis/build/icyphy/ptII/ptolemy/actor/lib/test/auto/TimedSinewave.xml
----------------- Instantiating /home/travis/build/icyphy/ptII/ptolemy/actor/lib/test/auto/TimedSinewave.xml
33 ms. Memory: 269312K Free: 217705K (81%)
----------------- Invoking toplevel() on ptolemy.moml.MoMLSimpleApplication@4bea9444
----------------- Done invoking toplevel() on ptolemy.moml.MoMLSimpleApplication@4bea9444
reloadAllAccessors: .TimedSinewave

===========================================================================================
----------------- testing Fri Oct 02 01:01:59 UTC 2020 /home/travis/build/icyphy/ptII/ptolemy/actor/lib/test/auto/TimedSinewavePhase.xml
----------------- Instantiating /home/travis/build/icyphy/ptII/ptolemy/actor/lib/test/auto/TimedSinewavePhase.xml
8 ms. Memory: 269312K Free: 206951K (77%)
----------------- Invoking toplevel() on ptolemy.moml.MoMLSimpleApplication@39c98633
----------------- Done invoking toplevel() on ptolemy.moml.MoMLSimpleApplication@39c98633
reloadAllAccessors: .TimedSinewavePhase

===========================================================================================
----------------- testing Fri Oct 02 01:01:59 UTC 2020 /home/travis/build/icyphy/ptII/ptolemy/actor/lib/test/auto/Timer.xml
----------------- Instantiating /home/travis/build/icyphy/ptII/ptolemy/actor/lib/test/auto/Timer.xml
4 ms. Memory: 269312K Free: 201321K (75%)
----------------- Invoking toplevel() on ptolemy.moml.MoMLSimpleApplication@788a6eac
----------------- Done invoking toplevel() on ptolemy.moml.MoMLSimpleApplication@788a6eac
reloadAllAccessors: .Timer

===========================================================================================
----------------- testing Fri Oct 02 01:01:59 UTC 2020 /home/travis/build/icyphy/ptII/ptolemy/actor/lib/test/auto/TriangularDistTestModel.xml
----------------- Instantiating /home/travis/build/icyphy/ptII/ptolemy/actor/lib/test/auto/TriangularDistTestModel.xml
2 ms. Memory: 269312K Free: 195673K (73%)
----------------- Invoking toplevel() on ptolemy.moml.MoMLSimpleApplication@350cbf8
----------------- Done invoking toplevel() on ptolemy.moml.MoMLSimpleApplication@350cbf8
reloadAllAccessors: .TriangularDistTestModel

===========================================================================================
----------------- testing Fri Oct 02 01:01:59 UTC 2020 /home/travis/build/icyphy/ptII/ptolemy/actor/lib/test/auto/TrigFunction.xml
----------------- Instantiating /home/travis/build/icyphy/ptII/ptolemy/actor/lib/test/auto/TrigFunction.xml
2 ms. Memory: 269312K Free: 190567K (71%)
----------------- Invoking toplevel() on ptolemy.moml.MoMLSimpleApplication@19b84465
----------------- Done invoking toplevel() on ptolemy.moml.MoMLSimpleApplication@19b84465
reloadAllAccessors: .TrigFunction

===========================================================================================
----------------- testing Fri Oct 02 01:01:59 UTC 2020 /home/travis/build/icyphy/ptII/ptolemy/actor/lib/test/auto/TrigFunctionDE.xml
----------------- Instantiating /home/travis/build/icyphy/ptII/ptolemy/actor/lib/test/auto/TrigFunctionDE.xml
1 ms. Memory: 269312K Free: 184937K (69%)
----------------- Invoking toplevel() on ptolemy.moml.MoMLSimpleApplication@35125ce
----------------- Done invoking toplevel() on ptolemy.moml.MoMLSimpleApplication@35125ce
reloadAllAccessors: .TrigFunctionDE

===========================================================================================
----------------- testing Fri Oct 02 01:01:59 UTC 2020 /home/travis/build/icyphy/ptII/ptolemy/actor/lib/test/auto/TrigFunctionInverse.xml
----------------- Instantiating /home/travis/build/icyphy/ptII/ptolemy/actor/lib/test/auto/TrigFunctionInverse.xml
2 ms. Memory: 269312K Free: 179817K (67%)
----------------- Invoking toplevel() on ptolemy.moml.MoMLSimpleApplication@6399748d
----------------- Done invoking toplevel() on ptolemy.moml.MoMLSimpleApplication@6399748d
reloadAllAccessors: .TrigFunctionInverse

===========================================================================================
----------------- testing Fri Oct 02 01:01:59 UTC 2020 /home/travis/build/icyphy/ptII/ptolemy/actor/lib/test/auto/TrigFunctionTan.xml
----------------- Instantiating /home/travis/build/icyphy/ptII/ptolemy/actor/lib/test/auto/TrigFunctionTan.xml
2 ms. Memory: 269312K Free: 175207K (65%)
----------------- Invoking toplevel() on ptolemy.moml.MoMLSimpleApplication@421fdc4a
----------------- Done invoking toplevel() on ptolemy.moml.MoMLSimpleApplication@421fdc4a
reloadAllAccessors: .TrigFunctionTan

===========================================================================================
----------------- testing Fri Oct 02 01:01:59 UTC 2020 /home/travis/build/icyphy/ptII/ptolemy/actor/lib/test/auto/TriggeredClock.xml
----------------- Instantiating /home/travis/build/icyphy/ptII/ptolemy/actor/lib/test/auto/TriggeredClock.xml
1 ms. Memory: 269312K Free: 170081K (63%)
----------------- Invoking toplevel() on ptolemy.moml.MoMLSimpleApplication@2c707c82
----------------- Done invoking toplevel() on ptolemy.moml.MoMLSimpleApplication@2c707c82
reloadAllAccessors: .TriggeredClock

===========================================================================================
----------------- testing Fri Oct 02 01:01:59 UTC 2020 /home/travis/build/icyphy/ptII/ptolemy/actor/lib/test/auto/URLDirectoryReader.xml
----------------- Instantiating /home/travis/build/icyphy/ptII/ptolemy/actor/lib/test/auto/URLDirectoryReader.xml
41 ms. Memory: 269312K Free: 160871K (60%)
----------------- Invoking toplevel() on ptolemy.moml.MoMLSimpleApplication@3fca7f46
----------------- Done invoking toplevel() on ptolemy.moml.MoMLSimpleApplication@3fca7f46
reloadAllAccessors: .URLDirectoryReader

===========================================================================================
----------------- testing Fri Oct 02 01:01:59 UTC 2020 /home/travis/build/icyphy/ptII/ptolemy/actor/lib/test/auto/URLDirectoryReader3.xml
----------------- Instantiating /home/travis/build/icyphy/ptII/ptolemy/actor/lib/test/auto/URLDirectoryReader3.xml
1419 ms. Memory: 269312K Free: 211023K (78%)
----------------- Invoking toplevel() on ptolemy.moml.MoMLSimpleApplication@5ffa2039
----------------- Done invoking toplevel() on ptolemy.moml.MoMLSimpleApplication@5ffa2039
reloadAllAccessors: .URLDirectoryReader3

===========================================================================================
----------------- testing Fri Oct 02 01:02:01 UTC 2020 /home/travis/build/icyphy/ptII/ptolemy/actor/lib/test/auto/UnaryMathFunction.xml
----------------- Instantiating /home/travis/build/icyphy/ptII/ptolemy/actor/lib/test/auto/UnaryMathFunction.xml
3 ms. Memory: 269312K Free: 202830K (75%)
----------------- Invoking toplevel() on ptolemy.moml.MoMLSimpleApplication@377b8f84
----------------- Done invoking toplevel() on ptolemy.moml.MoMLSimpleApplication@377b8f84
reloadAllAccessors: .UnaryMathFunction

===========================================================================================
----------------- testing Fri Oct 02 01:02:01 UTC 2020 /home/travis/build/icyphy/ptII/ptolemy/actor/lib/test/auto/Uniform.xml
----------------- Instantiating /home/travis/build/icyphy/ptII/ptolemy/actor/lib/test/auto/Uniform.xml
9 ms. Memory: 269312K Free: 198214K (74%)
----------------- Invoking toplevel() on ptolemy.moml.MoMLSimpleApplication@1d28b82d
----------------- Done invoking toplevel() on ptolemy.moml.MoMLSimpleApplication@1d28b82d
reloadAllAccessors: .Uniform

===========================================================================================
----------------- testing Fri Oct 02 01:02:01 UTC 2020 /home/travis/build/icyphy/ptII/ptolemy/actor/lib/test/auto/UnionDisassemblerTest.xml
----------------- Instantiating /home/travis/build/icyphy/ptII/ptolemy/actor/lib/test/auto/UnionDisassemblerTest.xml
17 ms. Memory: 269312K Free: 194118K (72%)
----------------- Invoking toplevel() on ptolemy.moml.MoMLSimpleApplication@252c4421
----------------- Done invoking toplevel() on ptolemy.moml.MoMLSimpleApplication@252c4421
reloadAllAccessors: .UnionDisassemblerTest

===========================================================================================
----------------- testing Fri Oct 02 01:02:01 UTC 2020 /home/travis/build/icyphy/ptII/ptolemy/actor/lib/test/auto/UtilityFunctions.xml
----------------- Instantiating /home/travis/build/icyphy/ptII/ptolemy/actor/lib/test/auto/UtilityFunctions.xml
1 ms. Memory: 269312K Free: 190542K (71%)
----------------- Invoking toplevel() on ptolemy.moml.MoMLSimpleApplication@61f1a69d
----------------- Done invoking toplevel() on ptolemy.moml.MoMLSimpleApplication@61f1a69d
reloadAllAccessors: .UtilityFunctions

===========================================================================================
----------------- testing Fri Oct 02 01:02:01 UTC 2020 /home/travis/build/icyphy/ptII/ptolemy/actor/lib/test/auto/VariableSleep.xml
----------------- Instantiating /home/travis/build/icyphy/ptII/ptolemy/actor/lib/test/auto/VariableSleep.xml
503 ms. Memory: 269312K Free: 185422K (69%)
----------------- Invoking toplevel() on ptolemy.moml.MoMLSimpleApplication@74b646ab
----------------- Done invoking toplevel() on ptolemy.moml.MoMLSimpleApplication@74b646ab
reloadAllAccessors: .VariableSleep

===========================================================================================
----------------- testing Fri Oct 02 01:02:02 UTC 2020 /home/travis/build/icyphy/ptII/ptolemy/actor/lib/test/auto/VectorAssemblerDisassemblerCT.xml
----------------- Instantiating /home/travis/build/icyphy/ptII/ptolemy/actor/lib/test/auto/VectorAssemblerDisassemblerCT.xml
80 ms. Memory: 269312K Free: 164428K (61%)
----------------- Invoking toplevel() on ptolemy.moml.MoMLSimpleApplication@40bc7cd0
----------------- Done invoking toplevel() on ptolemy.moml.MoMLSimpleApplication@40bc7cd0
reloadAllAccessors: .VectorAssemblerDisassemblerCT

===========================================================================================
----------------- testing Fri Oct 02 01:02:02 UTC 2020 /home/travis/build/icyphy/ptII/ptolemy/actor/lib/test/auto/VectorAssemblerDisassemblerDE.xml
----------------- Instantiating /home/travis/build/icyphy/ptII/ptolemy/actor/lib/test/auto/VectorAssemblerDisassemblerDE.xml
2 ms. Memory: 269312K Free: 157260K (58%)
----------------- Invoking toplevel() on ptolemy.moml.MoMLSimpleApplication@4199bb25
----------------- Done invoking toplevel() on ptolemy.moml.MoMLSimpleApplication@4199bb25
reloadAllAccessors: .VectorAssemblerDisassemblerDE

===========================================================================================
----------------- testing Fri Oct 02 01:02:02 UTC 2020 /home/travis/build/icyphy/ptII/ptolemy/actor/lib/test/auto/VectorAssemblerDisassemblerSDF.xml
----------------- Instantiating /home/travis/build/icyphy/ptII/ptolemy/actor/lib/test/auto/VectorAssemblerDisassemblerSDF.xml
2 ms. Memory: 269312K Free: 150606K (56%)
----------------- Invoking toplevel() on ptolemy.moml.MoMLSimpleApplication@eabcd7c
----------------- Done invoking toplevel() on ptolemy.moml.MoMLSimpleApplication@eabcd7c
reloadAllAccessors: .VectorAssemblerDisassemblerSDF

===========================================================================================
----------------- testing Fri Oct 02 01:02:02 UTC 2020 /home/travis/build/icyphy/ptII/ptolemy/actor/lib/test/auto/WallClockTime.xml
----------------- Instantiating /home/travis/build/icyphy/ptII/ptolemy/actor/lib/test/auto/WallClockTime.xml
1004 ms. Memory: 269312K Free: 144972K (54%)
----------------- Invoking toplevel() on ptolemy.moml.MoMLSimpleApplication@3be1bd5d
----------------- Done invoking toplevel() on ptolemy.moml.MoMLSimpleApplication@3be1bd5d
reloadAllAccessors: .WallClockTime

===========================================================================================
----------------- testing Fri Oct 02 01:02:03 UTC 2020 /home/travis/build/icyphy/ptII/ptolemy/actor/lib/test/auto/WidthTestWithSubscriberPublisher.xml
----------------- Instantiating /home/travis/build/icyphy/ptII/ptolemy/actor/lib/test/auto/WidthTestWithSubscriberPublisher.xml
7 ms. Memory: 269312K Free: 127054K (47%)
----------------- Invoking toplevel() on ptolemy.moml.MoMLSimpleApplication@5da627fd
----------------- Done invoking toplevel() on ptolemy.moml.MoMLSimpleApplication@5da627fd
reloadAllAccessors: .WidthTestWithSubscriberPublisher

===========================================================================================
----------------- testing Fri Oct 02 01:02:03 UTC 2020 /home/travis/build/icyphy/ptII/ptolemy/actor/lib/test/auto/WidthTestWithSubscriberPublisher2.xml
----------------- Instantiating /home/travis/build/icyphy/ptII/ptolemy/actor/lib/test/auto/WidthTestWithSubscriberPublisher2.xml
3 ms. Memory: 269312K Free: 119886K (45%)
----------------- Invoking toplevel() on ptolemy.moml.MoMLSimpleApplication@7ba000d3
----------------- Done invoking toplevel() on ptolemy.moml.MoMLSimpleApplication@7ba000d3
reloadAllAccessors: .WidthTestWithSubscriberPublisher2

===========================================================================================
----------------- testing Fri Oct 02 01:02:03 UTC 2020 /home/travis/build/icyphy/ptII/ptolemy/actor/lib/test/auto/WidthTestWithSubscriberPublisher3.xml
----------------- Instantiating /home/travis/build/icyphy/ptII/ptolemy/actor/lib/test/auto/WidthTestWithSubscriberPublisher3.xml
3 ms. Memory: 269312K Free: 114252K (42%)
----------------- Invoking toplevel() on ptolemy.moml.MoMLSimpleApplication@208cb208
----------------- Done invoking toplevel() on ptolemy.moml.MoMLSimpleApplication@208cb208
reloadAllAccessors: .WidthTestWithSubscriberPublisher3

===========================================================================================
----------------- testing Fri Oct 02 01:02:03 UTC 2020 /home/travis/build/icyphy/ptII/ptolemy/actor/lib/test/auto/Writer.xml
----------------- Instantiating /home/travis/build/icyphy/ptII/ptolemy/actor/lib/test/auto/Writer.xml
0
1
2
3
4
2 ms. Memory: 269312K Free: 110156K (41%)
----------------- Invoking toplevel() on ptolemy.moml.MoMLSimpleApplication@47a86577
----------------- Done invoking toplevel() on ptolemy.moml.MoMLSimpleApplication@47a86577
reloadAllAccessors: .Writer

===========================================================================================
----------------- testing Fri Oct 02 01:02:03 UTC 2020 /home/travis/build/icyphy/ptII/ptolemy/actor/lib/test/auto/array.xml
----------------- Instantiating /home/travis/build/icyphy/ptII/ptolemy/actor/lib/test/auto/array.xml
2 ms. Memory: 269312K Free: 105036K (39%)
----------------- Invoking toplevel() on ptolemy.moml.MoMLSimpleApplication@23f64f79
----------------- Done invoking toplevel() on ptolemy.moml.MoMLSimpleApplication@23f64f79
reloadAllAccessors: .array

===========================================================================================
----------------- testing Fri Oct 02 01:02:03 UTC 2020 /home/travis/build/icyphy/ptII/ptolemy/actor/lib/test/auto/array2.xml
----------------- Instantiating /home/travis/build/icyphy/ptII/ptolemy/actor/lib/test/auto/array2.xml
7 ms. Memory: 269312K Free: 100430K (37%)
----------------- Invoking toplevel() on ptolemy.moml.MoMLSimpleApplication@eef93e4
----------------- Done invoking toplevel() on ptolemy.moml.MoMLSimpleApplication@eef93e4
reloadAllAccessors: .array2

===========================================================================================
----------------- testing Fri Oct 02 01:02:03 UTC 2020 /home/travis/build/icyphy/ptII/ptolemy/actor/lib/test/auto/arrayType.xml
----------------- Instantiating /home/travis/build/icyphy/ptII/ptolemy/actor/lib/test/auto/arrayType.xml
2 ms. Memory: 269312K Free: 94796K (35%)
----------------- Invoking toplevel() on ptolemy.moml.MoMLSimpleApplication@129ce669
----------------- Done invoking toplevel() on ptolemy.moml.MoMLSimpleApplication@129ce669
reloadAllAccessors: .arrayType

===========================================================================================
----------------- testing Fri Oct 02 01:02:03 UTC 2020 /home/travis/build/icyphy/ptII/ptolemy/actor/lib/test/auto/arrayType10.xml
----------------- Instantiating /home/travis/build/icyphy/ptII/ptolemy/actor/lib/test/auto/arrayType10.xml
2 ms. Memory: 269312K Free: 90190K (33%)
----------------- Invoking toplevel() on ptolemy.moml.MoMLSimpleApplication@5ef47000
----------------- Done invoking toplevel() on ptolemy.moml.MoMLSimpleApplication@5ef47000
reloadAllAccessors: .arrayType10

===========================================================================================
----------------- testing Fri Oct 02 01:02:03 UTC 2020 /home/travis/build/icyphy/ptII/ptolemy/actor/lib/test/auto/arrayType11.xml
----------------- Instantiating /home/travis/build/icyphy/ptII/ptolemy/actor/lib/test/auto/arrayType11.xml
2 ms. Memory: 269312K Free: 85580K (32%)
----------------- Invoking toplevel() on ptolemy.moml.MoMLSimpleApplication@24046fc
----------------- Done invoking toplevel() on ptolemy.moml.MoMLSimpleApplication@24046fc
reloadAllAccessors: .arrayType11

===========================================================================================
----------------- testing Fri Oct 02 01:02:03 UTC 2020 /home/travis/build/icyphy/ptII/ptolemy/actor/lib/test/auto/arrayType12.xml
----------------- Instantiating /home/travis/build/icyphy/ptII/ptolemy/actor/lib/test/auto/arrayType12.xml
1 ms. Memory: 269312K Free: 80460K (30%)
----------------- Invoking toplevel() on ptolemy.moml.MoMLSimpleApplication@1f03640c
----------------- Done invoking toplevel() on ptolemy.moml.MoMLSimpleApplication@1f03640c
reloadAllAccessors: .arrayType12

===========================================================================================
----------------- testing Fri Oct 02 01:02:03 UTC 2020 /home/travis/build/icyphy/ptII/ptolemy/actor/lib/test/auto/arrayType13.xml
----------------- Instantiating /home/travis/build/icyphy/ptII/ptolemy/actor/lib/test/auto/arrayType13.xml
2 ms. Memory: 269312K Free: 75326K (28%)
----------------- Invoking toplevel() on ptolemy.moml.MoMLSimpleApplication@5e6e14f2
----------------- Done invoking toplevel() on ptolemy.moml.MoMLSimpleApplication@5e6e14f2
reloadAllAccessors: .arrayType13

===========================================================================================
----------------- testing Fri Oct 02 01:02:03 UTC 2020 /home/travis/build/icyphy/ptII/ptolemy/actor/lib/test/auto/arrayType14.xml
----------------- Instantiating /home/travis/build/icyphy/ptII/ptolemy/actor/lib/test/auto/arrayType14.xml
2 ms. Memory: 269312K Free: 69710K (26%)
----------------- Invoking toplevel() on ptolemy.moml.MoMLSimpleApplication@3bcbe1d3
----------------- Done invoking toplevel() on ptolemy.moml.MoMLSimpleApplication@3bcbe1d3
reloadAllAccessors: .arrayType14

===========================================================================================
----------------- testing Fri Oct 02 01:02:03 UTC 2020 /home/travis/build/icyphy/ptII/ptolemy/actor/lib/test/auto/arrayType15.xml
----------------- Instantiating /home/travis/build/icyphy/ptII/ptolemy/actor/lib/test/auto/arrayType15.xml
3 ms. Memory: 269312K Free: 64590K (24%)
----------------- Invoking toplevel() on ptolemy.moml.MoMLSimpleApplication@2325d858
----------------- Done invoking toplevel() on ptolemy.moml.MoMLSimpleApplication@2325d858
reloadAllAccessors: .arrayType15

===========================================================================================
----------------- testing Fri Oct 02 01:02:03 UTC 2020 /home/travis/build/icyphy/ptII/ptolemy/actor/lib/test/auto/arrayType16.xml
----------------- Instantiating /home/travis/build/icyphy/ptII/ptolemy/actor/lib/test/auto/arrayType16.xml
16 ms. Memory: 269312K Free: 214658K (80%)
----------------- Invoking toplevel() on ptolemy.moml.MoMLSimpleApplication@45f7cf7c
----------------- Done invoking toplevel() on ptolemy.moml.MoMLSimpleApplication@45f7cf7c
reloadAllAccessors: .arrayType16

===========================================================================================
----------------- testing Fri Oct 02 01:02:03 UTC 2020 /home/travis/build/icyphy/ptII/ptolemy/actor/lib/test/auto/arrayType17.xml
----------------- Instantiating /home/travis/build/icyphy/ptII/ptolemy/actor/lib/test/auto/arrayType17.xml
2 ms. Memory: 269312K Free: 208773K (78%)
----------------- Invoking toplevel() on ptolemy.moml.MoMLSimpleApplication@27fe580a
----------------- Done invoking toplevel() on ptolemy.moml.MoMLSimpleApplication@27fe580a
reloadAllAccessors: .arrayType17

===========================================================================================
----------------- testing Fri Oct 02 01:02:03 UTC 2020 /home/travis/build/icyphy/ptII/ptolemy/actor/lib/test/auto/arrayType18.xml
----------------- Instantiating /home/travis/build/icyphy/ptII/ptolemy/actor/lib/test/auto/arrayType18.xml
1 ms. Memory: 269312K Free: 204167K (76%)
----------------- Invoking toplevel() on ptolemy.moml.MoMLSimpleApplication@7e2769e8
----------------- Done invoking toplevel() on ptolemy.moml.MoMLSimpleApplication@7e2769e8
reloadAllAccessors: .arrayType18

===========================================================================================
----------------- testing Fri Oct 02 01:02:03 UTC 2020 /home/travis/build/icyphy/ptII/ptolemy/actor/lib/test/auto/arrayType19.xml
----------------- Instantiating /home/travis/build/icyphy/ptII/ptolemy/actor/lib/test/auto/arrayType19.xml
2 ms. Memory: 269312K Free: 199047K (74%)
----------------- Invoking toplevel() on ptolemy.moml.MoMLSimpleApplication@300bf166
----------------- Done invoking toplevel() on ptolemy.moml.MoMLSimpleApplication@300bf166
reloadAllAccessors: .arrayType19

===========================================================================================
----------------- testing Fri Oct 02 01:02:03 UTC 2020 /home/travis/build/icyphy/ptII/ptolemy/actor/lib/test/auto/arrayType2.xml
----------------- Instantiating /home/travis/build/icyphy/ptII/ptolemy/actor/lib/test/auto/arrayType2.xml
2 ms. Memory: 269312K Free: 193927K (72%)
----------------- Invoking toplevel() on ptolemy.moml.MoMLSimpleApplication@3f293464
----------------- Done invoking toplevel() on ptolemy.moml.MoMLSimpleApplication@3f293464
reloadAllAccessors: .arrayType2

===========================================================================================
----------------- testing Fri Oct 02 01:02:03 UTC 2020 /home/travis/build/icyphy/ptII/ptolemy/actor/lib/test/auto/arrayType20.xml
----------------- Instantiating /home/travis/build/icyphy/ptII/ptolemy/actor/lib/test/auto/arrayType20.xml
2 ms. Memory: 269312K Free: 188293K (70%)
----------------- Invoking toplevel() on ptolemy.moml.MoMLSimpleApplication@404da09a
----------------- Done invoking toplevel() on ptolemy.moml.MoMLSimpleApplication@404da09a
reloadAllAccessors: .arrayType20

===========================================================================================
----------------- testing Fri Oct 02 01:02:03 UTC 2020 /home/travis/build/icyphy/ptII/ptolemy/actor/lib/test/auto/arrayType21.xml
----------------- Instantiating /home/travis/build/icyphy/ptII/ptolemy/actor/lib/test/auto/arrayType21.xml
9 ms. Memory: 269312K Free: 183687K (68%)
----------------- Invoking toplevel() on ptolemy.moml.MoMLSimpleApplication@e743ece
----------------- Done invoking toplevel() on ptolemy.moml.MoMLSimpleApplication@e743ece
reloadAllAccessors: .arrayType21

===========================================================================================
----------------- testing Fri Oct 02 01:02:03 UTC 2020 /home/travis/build/icyphy/ptII/ptolemy/actor/lib/test/auto/arrayType22.xml
----------------- Instantiating /home/travis/build/icyphy/ptII/ptolemy/actor/lib/test/auto/arrayType22.xml
1 ms. Memory: 269312K Free: 178567K (66%)
----------------- Invoking toplevel() on ptolemy.moml.MoMLSimpleApplication@26458e0d
----------------- Done invoking toplevel() on ptolemy.moml.MoMLSimpleApplication@26458e0d
reloadAllAccessors: .arrayType22

===========================================================================================
----------------- testing Fri Oct 02 01:02:03 UTC 2020 /home/travis/build/icyphy/ptII/ptolemy/actor/lib/test/auto/arrayType23.xml
----------------- Instantiating /home/travis/build/icyphy/ptII/ptolemy/actor/lib/test/auto/arrayType23.xml
1 ms. Memory: 269312K Free: 173957K (65%)
----------------- Invoking toplevel() on ptolemy.moml.MoMLSimpleApplication@7dc542c3
----------------- Done invoking toplevel() on ptolemy.moml.MoMLSimpleApplication@7dc542c3
reloadAllAccessors: .arrayType23

===========================================================================================
----------------- testing Fri Oct 02 01:02:03 UTC 2020 /home/travis/build/icyphy/ptII/ptolemy/actor/lib/test/auto/arrayType24.xml
----------------- Instantiating /home/travis/build/icyphy/ptII/ptolemy/actor/lib/test/auto/arrayType24.xml
2 ms. Memory: 269312K Free: 168837K (63%)
----------------- Invoking toplevel() on ptolemy.moml.MoMLSimpleApplication@27c60e84
----------------- Done invoking toplevel() on ptolemy.moml.MoMLSimpleApplication@27c60e84
reloadAllAccessors: .arrayType24

===========================================================================================
----------------- testing Fri Oct 02 01:02:03 UTC 2020 /home/travis/build/icyphy/ptII/ptolemy/actor/lib/test/auto/arrayType25.xml
----------------- Instantiating /home/travis/build/icyphy/ptII/ptolemy/actor/lib/test/auto/arrayType25.xml
1 ms. Memory: 269312K Free: 163207K (61%)
----------------- Invoking toplevel() on ptolemy.moml.MoMLSimpleApplication@2a37e08e
----------------- Done invoking toplevel() on ptolemy.moml.MoMLSimpleApplication@2a37e08e
reloadAllAccessors: .arrayType25

===========================================================================================
----------------- testing Fri Oct 02 01:02:03 UTC 2020 /home/travis/build/icyphy/ptII/ptolemy/actor/lib/test/auto/arrayType26.xml
----------------- Instantiating /home/travis/build/icyphy/ptII/ptolemy/actor/lib/test/auto/arrayType26.xml
1 ms. Memory: 269312K Free: 158087K (59%)
----------------- Invoking toplevel() on ptolemy.moml.MoMLSimpleApplication@689476a4
----------------- Done invoking toplevel() on ptolemy.moml.MoMLSimpleApplication@689476a4
reloadAllAccessors: .arrayType26

===========================================================================================
----------------- testing Fri Oct 02 01:02:03 UTC 2020 /home/travis/build/icyphy/ptII/ptolemy/actor/lib/test/auto/arrayType27.xml
----------------- Instantiating /home/travis/build/icyphy/ptII/ptolemy/actor/lib/test/auto/arrayType27.xml
1 ms. Memory: 269312K Free: 152453K (57%)
----------------- Invoking toplevel() on ptolemy.moml.MoMLSimpleApplication@3afbe02
----------------- Done invoking toplevel() on ptolemy.moml.MoMLSimpleApplication@3afbe02
reloadAllAccessors: .arrayType27

===========================================================================================
----------------- testing Fri Oct 02 01:02:03 UTC 2020 /home/travis/build/icyphy/ptII/ptolemy/actor/lib/test/auto/arrayType28.xml
----------------- Instantiating /home/travis/build/icyphy/ptII/ptolemy/actor/lib/test/auto/arrayType28.xml
1 ms. Memory: 269312K Free: 147333K (55%)
----------------- Invoking toplevel() on ptolemy.moml.MoMLSimpleApplication@7f158fcf
----------------- Done invoking toplevel() on ptolemy.moml.MoMLSimpleApplication@7f158fcf
reloadAllAccessors: .arrayType28

===========================================================================================
----------------- testing Fri Oct 02 01:02:03 UTC 2020 /home/travis/build/icyphy/ptII/ptolemy/actor/lib/test/auto/arrayType3.xml
----------------- Instantiating /home/travis/build/icyphy/ptII/ptolemy/actor/lib/test/auto/arrayType3.xml
6 ms. Memory: 269312K Free: 141701K (53%)
----------------- Invoking toplevel() on ptolemy.moml.MoMLSimpleApplication@23e4c230
----------------- Done invoking toplevel() on ptolemy.moml.MoMLSimpleApplication@23e4c230
reloadAllAccessors: .arrayType3

===========================================================================================
----------------- testing Fri Oct 02 01:02:03 UTC 2020 /home/travis/build/icyphy/ptII/ptolemy/actor/lib/test/auto/arrayType4.xml
----------------- Instantiating /home/travis/build/icyphy/ptII/ptolemy/actor/lib/test/auto/arrayType4.xml
1 ms. Memory: 269312K Free: 136583K (51%)
----------------- Invoking toplevel() on ptolemy.moml.MoMLSimpleApplication@1e36f632
----------------- Done invoking toplevel() on ptolemy.moml.MoMLSimpleApplication@1e36f632
reloadAllAccessors: .arrayType4

===========================================================================================
----------------- testing Fri Oct 02 01:02:03 UTC 2020 /home/travis/build/icyphy/ptII/ptolemy/actor/lib/test/auto/arrayType5.xml
----------------- Instantiating /home/travis/build/icyphy/ptII/ptolemy/actor/lib/test/auto/arrayType5.xml
1 ms. Memory: 269312K Free: 130949K (49%)
----------------- Invoking toplevel() on ptolemy.moml.MoMLSimpleApplication@2af67aa4
----------------- Done invoking toplevel() on ptolemy.moml.MoMLSimpleApplication@2af67aa4
reloadAllAccessors: .arrayType5

===========================================================================================
----------------- testing Fri Oct 02 01:02:03 UTC 2020 /home/travis/build/icyphy/ptII/ptolemy/actor/lib/test/auto/arrayType6.xml
----------------- Instantiating /home/travis/build/icyphy/ptII/ptolemy/actor/lib/test/auto/arrayType6.xml
1 ms. Memory: 269312K Free: 126343K (47%)
----------------- Invoking toplevel() on ptolemy.moml.MoMLSimpleApplication@7aadcdcc
----------------- Done invoking toplevel() on ptolemy.moml.MoMLSimpleApplication@7aadcdcc
reloadAllAccessors: .arrayType6

===========================================================================================
----------------- testing Fri Oct 02 01:02:03 UTC 2020 /home/travis/build/icyphy/ptII/ptolemy/actor/lib/test/auto/arrayType7.xml
----------------- Instantiating /home/travis/build/icyphy/ptII/ptolemy/actor/lib/test/auto/arrayType7.xml
2 ms. Memory: 269312K Free: 121223K (45%)
----------------- Invoking toplevel() on ptolemy.moml.MoMLSimpleApplication@4089cd6f
----------------- Done invoking toplevel() on ptolemy.moml.MoMLSimpleApplication@4089cd6f
reloadAllAccessors: .arrayType7

===========================================================================================
----------------- testing Fri Oct 02 01:02:03 UTC 2020 /home/travis/build/icyphy/ptII/ptolemy/actor/lib/test/auto/arrayType8.xml
----------------- Instantiating /home/travis/build/icyphy/ptII/ptolemy/actor/lib/test/auto/arrayType8.xml
2 ms. Memory: 269312K Free: 116613K (43%)
----------------- Invoking toplevel() on ptolemy.moml.MoMLSimpleApplication@5d3c842a
----------------- Done invoking toplevel() on ptolemy.moml.MoMLSimpleApplication@5d3c842a
reloadAllAccessors: .arrayType8

===========================================================================================
----------------- testing Fri Oct 02 01:02:03 UTC 2020 /home/travis/build/icyphy/ptII/ptolemy/actor/lib/test/auto/arrayType9.xml
----------------- Instantiating /home/travis/build/icyphy/ptII/ptolemy/actor/lib/test/auto/arrayType9.xml
1 ms. Memory: 269312K Free: 112007K (42%)
----------------- Invoking toplevel() on ptolemy.moml.MoMLSimpleApplication@276d45c7
----------------- Done invoking toplevel() on ptolemy.moml.MoMLSimpleApplication@276d45c7
reloadAllAccessors: .arrayType9

===========================================================================================
----------------- testing Fri Oct 02 01:02:03 UTC 2020 /home/travis/build/icyphy/ptII/ptolemy/actor/lib/test/auto/cast.xml
----------------- Instantiating /home/travis/build/icyphy/ptII/ptolemy/actor/lib/test/auto/cast.xml
2 ms. Memory: 269312K Free: 106887K (40%)
----------------- Invoking toplevel() on ptolemy.moml.MoMLSimpleApplication@558122de
----------------- Done invoking toplevel() on ptolemy.moml.MoMLSimpleApplication@558122de
reloadAllAccessors: .cast

===========================================================================================
----------------- testing Fri Oct 02 01:02:03 UTC 2020 /home/travis/build/icyphy/ptII/ptolemy/actor/lib/test/auto/compositeMultiPort.xml
----------------- Instantiating /home/travis/build/icyphy/ptII/ptolemy/actor/lib/test/auto/compositeMultiPort.xml
3 ms. Memory: 269312K Free: 98175K (36%)
----------------- Invoking toplevel() on ptolemy.moml.MoMLSimpleApplication@464ac222
----------------- Done invoking toplevel() on ptolemy.moml.MoMLSimpleApplication@464ac222
reloadAllAccessors: .compositeMultiPort

===========================================================================================
----------------- testing Fri Oct 02 01:02:03 UTC 2020 /home/travis/build/icyphy/ptII/ptolemy/actor/lib/test/auto/expressionCastInference.xml
----------------- Instantiating /home/travis/build/icyphy/ptII/ptolemy/actor/lib/test/auto/expressionCastInference.xml
2 ms. Memory: 269312K Free: 93061K (35%)
----------------- Invoking toplevel() on ptolemy.moml.MoMLSimpleApplication@52817987
----------------- Done invoking toplevel() on ptolemy.moml.MoMLSimpleApplication@52817987
reloadAllAccessors: .expressionCastInference

===========================================================================================
----------------- testing Fri Oct 02 01:02:03 UTC 2020 /home/travis/build/icyphy/ptII/ptolemy/actor/lib/test/auto/expressionCastInference2.xml
----------------- Instantiating /home/travis/build/icyphy/ptII/ptolemy/actor/lib/test/auto/expressionCastInference2.xml
2 ms. Memory: 269312K Free: 88455K (33%)
----------------- Invoking toplevel() on ptolemy.moml.MoMLSimpleApplication@354d5723
----------------- Done invoking toplevel() on ptolemy.moml.MoMLSimpleApplication@354d5723
reloadAllAccessors: .expressionCastInference2

===========================================================================================
----------------- testing Fri Oct 02 01:02:03 UTC 2020 /home/travis/build/icyphy/ptII/ptolemy/actor/lib/test/auto/expressionInference.xml
----------------- Instantiating /home/travis/build/icyphy/ptII/ptolemy/actor/lib/test/auto/expressionInference.xml
1 ms. Memory: 269312K Free: 83845K (31%)
----------------- Invoking toplevel() on ptolemy.moml.MoMLSimpleApplication@16ceefcf
----------------- Done invoking toplevel() on ptolemy.moml.MoMLSimpleApplication@16ceefcf
reloadAllAccessors: .expressionInference

===========================================================================================
----------------- testing Fri Oct 02 01:02:04 UTC 2020 /home/travis/build/icyphy/ptII/ptolemy/actor/lib/test/auto/expression_bug.xml
----------------- Instantiating /home/travis/build/icyphy/ptII/ptolemy/actor/lib/test/auto/expression_bug.xml
2 ms. Memory: 269312K Free: 79749K (30%)
----------------- Invoking toplevel() on ptolemy.moml.MoMLSimpleApplication@5757e577
----------------- Done invoking toplevel() on ptolemy.moml.MoMLSimpleApplication@5757e577
reloadAllAccessors: .expression_bug

===========================================================================================
----------------- testing Fri Oct 02 01:02:04 UTC 2020 /home/travis/build/icyphy/ptII/ptolemy/actor/lib/test/auto/factorial.xml
----------------- Instantiating /home/travis/build/icyphy/ptII/ptolemy/actor/lib/test/auto/factorial.xml
36 ms. Memory: 269312K Free: 70533K (26%)
----------------- Invoking toplevel() on ptolemy.moml.MoMLSimpleApplication@500517f
----------------- Done invoking toplevel() on ptolemy.moml.MoMLSimpleApplication@500517f
reloadAllAccessors: .factorial

===========================================================================================
----------------- testing Fri Oct 02 01:02:04 UTC 2020 /home/travis/build/icyphy/ptII/ptolemy/actor/lib/test/auto/filterTest1.xml
----------------- Instantiating /home/travis/build/icyphy/ptII/ptolemy/actor/lib/test/auto/filterTest1.xml
3 ms. Memory: 269312K Free: 64903K (24%)
----------------- Invoking toplevel() on ptolemy.moml.MoMLSimpleApplication@a6d86fd
----------------- Done invoking toplevel() on ptolemy.moml.MoMLSimpleApplication@a6d86fd
reloadAllAccessors: .filterTest1

===========================================================================================
----------------- testing Fri Oct 02 01:02:04 UTC 2020 /home/travis/build/icyphy/ptII/ptolemy/actor/lib/test/auto/funcApplyInConst.xml
----------------- Instantiating /home/travis/build/icyphy/ptII/ptolemy/actor/lib/test/auto/funcApplyInConst.xml
1 ms. Memory: 269312K Free: 60807K (23%)
----------------- Invoking toplevel() on ptolemy.moml.MoMLSimpleApplication@4ef9e77f
----------------- Done invoking toplevel() on ptolemy.moml.MoMLSimpleApplication@4ef9e77f
reloadAllAccessors: .funcApplyInConst

===========================================================================================
----------------- testing Fri Oct 02 01:02:04 UTC 2020 /home/travis/build/icyphy/ptII/ptolemy/actor/lib/test/auto/funcApplyInExpr.xml
----------------- Instantiating /home/travis/build/icyphy/ptII/ptolemy/actor/lib/test/auto/funcApplyInExpr.xml
1 ms. Memory: 269312K Free: 214004K (79%)
----------------- Invoking toplevel() on ptolemy.moml.MoMLSimpleApplication@70eea0cf
----------------- Done invoking toplevel() on ptolemy.moml.MoMLSimpleApplication@70eea0cf
reloadAllAccessors: .funcApplyInExpr

===========================================================================================
----------------- testing Fri Oct 02 01:02:04 UTC 2020 /home/travis/build/icyphy/ptII/ptolemy/actor/lib/test/auto/function.xml
----------------- Instantiating /home/travis/build/icyphy/ptII/ptolemy/actor/lib/test/auto/function.xml
2 ms. Memory: 269312K Free: 208898K (78%)
----------------- Invoking toplevel() on ptolemy.moml.MoMLSimpleApplication@7eca68b1
----------------- Done invoking toplevel() on ptolemy.moml.MoMLSimpleApplication@7eca68b1
reloadAllAccessors: .function

===========================================================================================
----------------- testing Fri Oct 02 01:02:04 UTC 2020 /home/travis/build/icyphy/ptII/ptolemy/actor/lib/test/auto/function2.xml
----------------- Instantiating /home/travis/build/icyphy/ptII/ptolemy/actor/lib/test/auto/function2.xml
1 ms. Memory: 269312K Free: 203778K (76%)
----------------- Invoking toplevel() on ptolemy.moml.MoMLSimpleApplication@15d23b2c
----------------- Done invoking toplevel() on ptolemy.moml.MoMLSimpleApplication@15d23b2c
reloadAllAccessors: .function2

===========================================================================================
----------------- testing Fri Oct 02 01:02:04 UTC 2020 /home/travis/build/icyphy/ptII/ptolemy/actor/lib/test/auto/function3.xml
----------------- Instantiating /home/travis/build/icyphy/ptII/ptolemy/actor/lib/test/auto/function3.xml
2 ms. Memory: 269312K Free: 200196K (74%)
----------------- Invoking toplevel() on ptolemy.moml.MoMLSimpleApplication@59a2c5f9
----------------- Done invoking toplevel() on ptolemy.moml.MoMLSimpleApplication@59a2c5f9
reloadAllAccessors: .function3

===========================================================================================
----------------- testing Fri Oct 02 01:02:04 UTC 2020 /home/travis/build/icyphy/ptII/ptolemy/actor/lib/test/auto/functionClosureTest1.xml
----------------- Instantiating /home/travis/build/icyphy/ptII/ptolemy/actor/lib/test/auto/functionClosureTest1.xml
2 ms. Memory: 269312K Free: 194052K (72%)
----------------- Invoking toplevel() on ptolemy.moml.MoMLSimpleApplication@568451ec
----------------- Done invoking toplevel() on ptolemy.moml.MoMLSimpleApplication@568451ec
reloadAllAccessors: .functionClosureTest1

===========================================================================================
----------------- testing Fri Oct 02 01:02:04 UTC 2020 /home/travis/build/icyphy/ptII/ptolemy/actor/lib/test/auto/functionClosureTest2.xml
----------------- Instantiating /home/travis/build/icyphy/ptII/ptolemy/actor/lib/test/auto/functionClosureTest2.xml
2 ms. Memory: 269312K Free: 190466K (71%)
----------------- Invoking toplevel() on ptolemy.moml.MoMLSimpleApplication@139c991c
----------------- Done invoking toplevel() on ptolemy.moml.MoMLSimpleApplication@139c991c
reloadAllAccessors: .functionClosureTest2

===========================================================================================
----------------- testing Fri Oct 02 01:02:04 UTC 2020 /home/travis/build/icyphy/ptII/ptolemy/actor/lib/test/auto/functionClosureTest3.xml
----------------- Instantiating /home/travis/build/icyphy/ptII/ptolemy/actor/lib/test/auto/functionClosureTest3.xml
4 ms. Memory: 269312K Free: 184836K (69%)
----------------- Invoking toplevel() on ptolemy.moml.MoMLSimpleApplication@5354fbca
----------------- Done invoking toplevel() on ptolemy.moml.MoMLSimpleApplication@5354fbca
reloadAllAccessors: .functionClosureTest3

===========================================================================================
----------------- testing Fri Oct 02 01:02:04 UTC 2020 /home/travis/build/icyphy/ptII/ptolemy/actor/lib/test/auto/functionClosureTest4.xml
----------------- Instantiating /home/travis/build/icyphy/ptII/ptolemy/actor/lib/test/auto/functionClosureTest4.xml
4 ms. Memory: 269312K Free: 178692K (66%)
----------------- Invoking toplevel() on ptolemy.moml.MoMLSimpleApplication@72c4e24d
----------------- Done invoking toplevel() on ptolemy.moml.MoMLSimpleApplication@72c4e24d
reloadAllAccessors: .functionClosureTest4

===========================================================================================
----------------- testing Fri Oct 02 01:02:04 UTC 2020 /home/travis/build/icyphy/ptII/ptolemy/actor/lib/test/auto/functionClosureTest5.xml
----------------- Instantiating /home/travis/build/icyphy/ptII/ptolemy/actor/lib/test/auto/functionClosureTest5.xml
3 ms. Memory: 269312K Free: 173058K (64%)
----------------- Invoking toplevel() on ptolemy.moml.MoMLSimpleApplication@790e076d
----------------- Done invoking toplevel() on ptolemy.moml.MoMLSimpleApplication@790e076d
reloadAllAccessors: .functionClosureTest5

===========================================================================================
----------------- testing Fri Oct 02 01:02:04 UTC 2020 /home/travis/build/icyphy/ptII/ptolemy/actor/lib/test/auto/functionClosureTest6.xml
----------------- Instantiating /home/travis/build/icyphy/ptII/ptolemy/actor/lib/test/auto/functionClosureTest6.xml
2 ms. Memory: 269312K Free: 168452K (63%)
----------------- Invoking toplevel() on ptolemy.moml.MoMLSimpleApplication@6f0ad3e6
----------------- Done invoking toplevel() on ptolemy.moml.MoMLSimpleApplication@6f0ad3e6
reloadAllAccessors: .functionClosureTest6

===========================================================================================
----------------- testing Fri Oct 02 01:02:04 UTC 2020 /home/travis/build/icyphy/ptII/ptolemy/actor/lib/test/auto/functionsOnArcs.xml
----------------- Instantiating /home/travis/build/icyphy/ptII/ptolemy/actor/lib/test/auto/functionsOnArcs.xml
2 ms. Memory: 269312K Free: 162818K (60%)
----------------- Invoking toplevel() on ptolemy.moml.MoMLSimpleApplication@42879ea3
----------------- Done invoking toplevel() on ptolemy.moml.MoMLSimpleApplication@42879ea3
reloadAllAccessors: .functionsOnArcs

===========================================================================================
----------------- testing Fri Oct 02 01:02:04 UTC 2020 /home/travis/build/icyphy/ptII/ptolemy/actor/lib/test/auto/functionsOnArcsHOF.xml
----------------- Instantiating /home/travis/build/icyphy/ptII/ptolemy/actor/lib/test/auto/functionsOnArcsHOF.xml
4 ms. Memory: 269312K Free: 157188K (58%)
----------------- Invoking toplevel() on ptolemy.moml.MoMLSimpleApplication@750eaef0
----------------- Done invoking toplevel() on ptolemy.moml.MoMLSimpleApplication@750eaef0
reloadAllAccessors: .functionsOnArcsHOF

===========================================================================================
----------------- testing Fri Oct 02 01:02:04 UTC 2020 /home/travis/build/icyphy/ptII/ptolemy/actor/lib/test/auto/logic.xml
----------------- Instantiating /home/travis/build/icyphy/ptII/ptolemy/actor/lib/test/auto/logic.xml
2 ms. Memory: 269312K Free: 149506K (56%)
----------------- Invoking toplevel() on ptolemy.moml.MoMLSimpleApplication@74fed86b
----------------- Done invoking toplevel() on ptolemy.moml.MoMLSimpleApplication@74fed86b
reloadAllAccessors: .logic

===========================================================================================
----------------- testing Fri Oct 02 01:02:04 UTC 2020 /home/travis/build/icyphy/ptII/ptolemy/actor/lib/test/auto/matrixType.xml
----------------- Instantiating /home/travis/build/icyphy/ptII/ptolemy/actor/lib/test/auto/matrixType.xml
1 ms. Memory: 269312K Free: 144386K (54%)
----------------- Invoking toplevel() on ptolemy.moml.MoMLSimpleApplication@548d87a
----------------- Done invoking toplevel() on ptolemy.moml.MoMLSimpleApplication@548d87a
reloadAllAccessors: .matrixType

===========================================================================================
----------------- testing Fri Oct 02 01:02:04 UTC 2020 /home/travis/build/icyphy/ptII/ptolemy/actor/lib/test/auto/matrixType10.xml
----------------- Instantiating /home/travis/build/icyphy/ptII/ptolemy/actor/lib/test/auto/matrixType10.xml
2 ms. Memory: 269312K Free: 139266K (52%)
----------------- Invoking toplevel() on ptolemy.moml.MoMLSimpleApplication@253d6879
----------------- Done invoking toplevel() on ptolemy.moml.MoMLSimpleApplication@253d6879
reloadAllAccessors: .matrixType10

===========================================================================================
----------------- testing Fri Oct 02 01:02:04 UTC 2020 /home/travis/build/icyphy/ptII/ptolemy/actor/lib/test/auto/matrixType11.xml
----------------- Instantiating /home/travis/build/icyphy/ptII/ptolemy/actor/lib/test/auto/matrixType11.xml
1 ms. Memory: 269312K Free: 134660K (50%)
----------------- Invoking toplevel() on ptolemy.moml.MoMLSimpleApplication@1fa059f9
----------------- Done invoking toplevel() on ptolemy.moml.MoMLSimpleApplication@1fa059f9
reloadAllAccessors: .matrixType11

===========================================================================================
----------------- testing Fri Oct 02 01:02:04 UTC 2020 /home/travis/build/icyphy/ptII/ptolemy/actor/lib/test/auto/matrixType12.xml
----------------- Instantiating /home/travis/build/icyphy/ptII/ptolemy/actor/lib/test/auto/matrixType12.xml
2 ms. Memory: 269312K Free: 129540K (48%)
----------------- Invoking toplevel() on ptolemy.moml.MoMLSimpleApplication@4d4906d1
----------------- Done invoking toplevel() on ptolemy.moml.MoMLSimpleApplication@4d4906d1
reloadAllAccessors: .matrixType12

===========================================================================================
----------------- testing Fri Oct 02 01:02:04 UTC 2020 /home/travis/build/icyphy/ptII/ptolemy/actor/lib/test/auto/matrixType13.xml
----------------- Instantiating /home/travis/build/icyphy/ptII/ptolemy/actor/lib/test/auto/matrixType13.xml
1 ms. Memory: 269312K Free: 124930K (46%)
----------------- Invoking toplevel() on ptolemy.moml.MoMLSimpleApplication@2dc4f63b
----------------- Done invoking toplevel() on ptolemy.moml.MoMLSimpleApplication@2dc4f63b
reloadAllAccessors: .matrixType13

===========================================================================================
----------------- testing Fri Oct 02 01:02:04 UTC 2020 /home/travis/build/icyphy/ptII/ptolemy/actor/lib/test/auto/matrixType14.xml
----------------- Instantiating /home/travis/build/icyphy/ptII/ptolemy/actor/lib/test/auto/matrixType14.xml
2 ms. Memory: 269312K Free: 119810K (44%)
----------------- Invoking toplevel() on ptolemy.moml.MoMLSimpleApplication@2504cf5a
----------------- Done invoking toplevel() on ptolemy.moml.MoMLSimpleApplication@2504cf5a
reloadAllAccessors: .matrixType14

===========================================================================================
----------------- testing Fri Oct 02 01:02:04 UTC 2020 /home/travis/build/icyphy/ptII/ptolemy/actor/lib/test/auto/matrixType2.xml
----------------- Instantiating /home/travis/build/icyphy/ptII/ptolemy/actor/lib/test/auto/matrixType2.xml
1 ms. Memory: 269312K Free: 114690K (43%)
----------------- Invoking toplevel() on ptolemy.moml.MoMLSimpleApplication@79df7efc
----------------- Done invoking toplevel() on ptolemy.moml.MoMLSimpleApplication@79df7efc
reloadAllAccessors: .matrixType2

===========================================================================================
----------------- testing Fri Oct 02 01:02:04 UTC 2020 /home/travis/build/icyphy/ptII/ptolemy/actor/lib/test/auto/matrixType3.xml
----------------- Instantiating /home/travis/build/icyphy/ptII/ptolemy/actor/lib/test/auto/matrixType3.xml
4 ms. Memory: 269312K Free: 109570K (41%)
----------------- Invoking toplevel() on ptolemy.moml.MoMLSimpleApplication@316234ac
----------------- Done invoking toplevel() on ptolemy.moml.MoMLSimpleApplication@316234ac
reloadAllAccessors: .matrixType3

===========================================================================================
----------------- testing Fri Oct 02 01:02:04 UTC 2020 /home/travis/build/icyphy/ptII/ptolemy/actor/lib/test/auto/matrixType4.xml
----------------- Instantiating /home/travis/build/icyphy/ptII/ptolemy/actor/lib/test/auto/matrixType4.xml
2 ms. Memory: 269312K Free: 104964K (39%)
----------------- Invoking toplevel() on ptolemy.moml.MoMLSimpleApplication@21f47c59
----------------- Done invoking toplevel() on ptolemy.moml.MoMLSimpleApplication@21f47c59
reloadAllAccessors: .matrixType4

===========================================================================================
----------------- testing Fri Oct 02 01:02:04 UTC 2020 /home/travis/build/icyphy/ptII/ptolemy/actor/lib/test/auto/matrixType5.xml
----------------- Instantiating /home/travis/build/icyphy/ptII/ptolemy/actor/lib/test/auto/matrixType5.xml
1 ms. Memory: 269312K Free: 99844K (37%)
----------------- Invoking toplevel() on ptolemy.moml.MoMLSimpleApplication@c18355d
----------------- Done invoking toplevel() on ptolemy.moml.MoMLSimpleApplication@c18355d
reloadAllAccessors: .matrixType5

===========================================================================================
----------------- testing Fri Oct 02 01:02:04 UTC 2020 /home/travis/build/icyphy/ptII/ptolemy/actor/lib/test/auto/matrixType6.xml
----------------- Instantiating /home/travis/build/icyphy/ptII/ptolemy/actor/lib/test/auto/matrixType6.xml
2 ms. Memory: 269312K Free: 95234K (35%)
----------------- Invoking toplevel() on ptolemy.moml.MoMLSimpleApplication@4b3458ae
----------------- Done invoking toplevel() on ptolemy.moml.MoMLSimpleApplication@4b3458ae
reloadAllAccessors: .matrixType6

===========================================================================================
----------------- testing Fri Oct 02 01:02:04 UTC 2020 /home/travis/build/icyphy/ptII/ptolemy/actor/lib/test/auto/matrixType7.xml
----------------- Instantiating /home/travis/build/icyphy/ptII/ptolemy/actor/lib/test/auto/matrixType7.xml
2 ms. Memory: 269312K Free: 90114K (33%)
----------------- Invoking toplevel() on ptolemy.moml.MoMLSimpleApplication@4d83cdcb
----------------- Done invoking toplevel() on ptolemy.moml.MoMLSimpleApplication@4d83cdcb
reloadAllAccessors: .matrixType7

===========================================================================================
----------------- testing Fri Oct 02 01:02:04 UTC 2020 /home/travis/build/icyphy/ptII/ptolemy/actor/lib/test/auto/matrixType8.xml
----------------- Instantiating /home/travis/build/icyphy/ptII/ptolemy/actor/lib/test/auto/matrixType8.xml
1 ms. Memory: 269312K Free: 85506K (32%)
----------------- Invoking toplevel() on ptolemy.moml.MoMLSimpleApplication@40b3c7ff
----------------- Done invoking toplevel() on ptolemy.moml.MoMLSimpleApplication@40b3c7ff
reloadAllAccessors: .matrixType8

===========================================================================================
----------------- testing Fri Oct 02 01:02:04 UTC 2020 /home/travis/build/icyphy/ptII/ptolemy/actor/lib/test/auto/matrixType9.xml
----------------- Instantiating /home/travis/build/icyphy/ptII/ptolemy/actor/lib/test/auto/matrixType9.xml
1 ms. Memory: 269312K Free: 80388K (30%)
----------------- Invoking toplevel() on ptolemy.moml.MoMLSimpleApplication@1c891512
----------------- Done invoking toplevel() on ptolemy.moml.MoMLSimpleApplication@1c891512
reloadAllAccessors: .matrixType9

===========================================================================================
----------------- testing Fri Oct 02 01:02:04 UTC 2020 /home/travis/build/icyphy/ptII/ptolemy/actor/lib/test/auto/paraFunctest.xml
----------------- Instantiating /home/travis/build/icyphy/ptII/ptolemy/actor/lib/test/auto/paraFunctest.xml
2 ms. Memory: 269312K Free: 76802K (29%)
----------------- Invoking toplevel() on ptolemy.moml.MoMLSimpleApplication@6ce3e4e5
----------------- Done invoking toplevel() on ptolemy.moml.MoMLSimpleApplication@6ce3e4e5
reloadAllAccessors: .paraFunctest

===========================================================================================
----------------- testing Fri Oct 02 01:02:04 UTC 2020 /home/travis/build/icyphy/ptII/ptolemy/actor/lib/test/auto/paraFunctest2.xml
----------------- Instantiating /home/travis/build/icyphy/ptII/ptolemy/actor/lib/test/auto/paraFunctest2.xml
2 ms. Memory: 269312K Free: 72706K (27%)
----------------- Invoking toplevel() on ptolemy.moml.MoMLSimpleApplication@6337a14c
----------------- Done invoking toplevel() on ptolemy.moml.MoMLSimpleApplication@6337a14c
reloadAllAccessors: .paraFunctest2

===========================================================================================
----------------- testing Fri Oct 02 01:02:04 UTC 2020 /home/travis/build/icyphy/ptII/ptolemy/actor/lib/test/auto/parameterPassing.xml
----------------- Instantiating /home/travis/build/icyphy/ptII/ptolemy/actor/lib/test/auto/parameterPassing.xml
1 ms. Memory: 269312K Free: 68610K (25%)
----------------- Invoking toplevel() on ptolemy.moml.MoMLSimpleApplication@4803d05d
----------------- Done invoking toplevel() on ptolemy.moml.MoMLSimpleApplication@4803d05d
reloadAllAccessors: .parameterPassing

===========================================================================================
----------------- testing Fri Oct 02 01:02:04 UTC 2020 /home/travis/build/icyphy/ptII/ptolemy/actor/lib/test/auto/record.xml
----------------- Instantiating /home/travis/build/icyphy/ptII/ptolemy/actor/lib/test/auto/record.xml
2 ms. Memory: 269312K Free: 63490K (24%)
----------------- Invoking toplevel() on ptolemy.moml.MoMLSimpleApplication@1b69ea3
----------------- Done invoking toplevel() on ptolemy.moml.MoMLSimpleApplication@1b69ea3
reloadAllAccessors: .record

===========================================================================================
----------------- testing Fri Oct 02 01:02:04 UTC 2020 /home/travis/build/icyphy/ptII/ptolemy/actor/lib/test/auto/sizedarray1.xml
----------------- Instantiating /home/travis/build/icyphy/ptII/ptolemy/actor/lib/test/auto/sizedarray1.xml
17 ms. Memory: 269312K Free: 215191K (80%)
----------------- Invoking toplevel() on ptolemy.moml.MoMLSimpleApplication@67b7bba4
----------------- Done invoking toplevel() on ptolemy.moml.MoMLSimpleApplication@67b7bba4
reloadAllAccessors: .sizedarray1

===========================================================================================
----------------- testing Fri Oct 02 01:02:04 UTC 2020 /home/travis/build/icyphy/ptII/ptolemy/actor/lib/test/auto/sizedarray2.xml
----------------- Instantiating /home/travis/build/icyphy/ptII/ptolemy/actor/lib/test/auto/sizedarray2.xml
2 ms. Memory: 269312K Free: 209310K (78%)
----------------- Invoking toplevel() on ptolemy.moml.MoMLSimpleApplication@4ce7f6ac
----------------- Done invoking toplevel() on ptolemy.moml.MoMLSimpleApplication@4ce7f6ac
reloadAllAccessors: .sizedarray2

===========================================================================================
----------------- testing Fri Oct 02 01:02:04 UTC 2020 /home/travis/build/icyphy/ptII/ptolemy/actor/lib/test/auto/twoPublishers.xml
----------------- Instantiating /home/travis/build/icyphy/ptII/ptolemy/actor/lib/test/auto/twoPublishers.xml
6 ms. Memory: 269312K Free: 198046K (74%)
----------------- Invoking toplevel() on ptolemy.moml.MoMLSimpleApplication@2279b97d
----------------- Done invoking toplevel() on ptolemy.moml.MoMLSimpleApplication@2279b97d
reloadAllAccessors: .twoPublishers
AutoTests.java: About to close Vertx.
AutoTests.java: Vertx closed.
]]></system-out>
  <system-err><![CDATA[java.lang.RuntimeException: Execution failed
	at ptolemy.moml.MoMLSimpleApplication$UnloadThread.run(MoMLSimpleApplication.java:402)
Caused by: java.lang.RuntimeException: StringUtilities.exit() was called. Normally, we would exit here because Manager.exitAfterWrapup() was called.  However, because the ptolemy.ptII.exitAfterWrapup property is set, we throw this exception instead.
	at ptolemy.util.StringUtilities.exit(StringUtilities.java:365)
	at ptolemy.actor.Manager.wrapup(Manager.java:1549)
	at ptolemy.actor.Manager.execute(Manager.java:407)
	at ptolemy.actor.Manager.run(Manager.java:1263)
	at ptolemy.actor.Manager$PtolemyRunThread.run(Manager.java:1933)
Warning: '.top.test' is in training mode, set the trainingMode parameter to false before checking in
Warning: '.top.test' is in training mode, set the trainingMode parameter to false before checking in
Warning: '.top.test' is in training mode, set the trainingMode parameter to false before checking in
Warning: '.BooleanSwitch_RegressionTest_WrongTrainingValues.Test' is in training mode, set the trainingMode parameter to false before checking in
Warning: '.BooleanSwitch_RegressionTest_WrongTrainingValues.Test2' is in training mode, set the trainingMode parameter to false before checking in
Warning: '.BooleanSwitch_RegressionTest_WrongTrainingValues.Test2' The test produced 0 tokens.
Warning: '.top.testExceptionHandler' is in training mode, set the trainingMode parameter to false before checking in
java.lang.RuntimeException: Execution failed
	at ptolemy.moml.MoMLSimpleApplication$UnloadThread.run(MoMLSimpleApplication.java:402)
Caused by: ptolemy.kernel.util.IllegalActionException: PublisherPorts cannot be used at the top level, use a Publisher actor instead.
  in .PublisherPortToplevelSubscriber.PublisherPort
	at ptolemy.actor.PublisherPort.preinitialize(PublisherPort.java:403)
	at ptolemy.actor.CompositeActor.preinitialize(CompositeActor.java:1769)
	at ptolemy.actor.Manager.preinitializeAndResolveTypes(Manager.java:1040)
	at ptolemy.actor.Manager.initialize(Manager.java:710)
	at ptolemy.actor.Manager.execute(Manager.java:356)
	at ptolemy.actor.Manager.run(Manager.java:1263)
	at ptolemy.actor.Manager$PtolemyRunThread.run(Manager.java:1933)
java.lang.reflect.InvocationTargetException
	at java.base/jdk.internal.reflect.NativeConstructorAccessorImpl.newInstance0(Native Method)
	at java.base/jdk.internal.reflect.NativeConstructorAccessorImpl.newInstance(NativeConstructorAccessorImpl.java:62)
	at java.base/jdk.internal.reflect.DelegatingConstructorAccessorImpl.newInstance(DelegatingConstructorAccessorImpl.java:45)
	at java.base/java.lang.reflect.Constructor.newInstance(Constructor.java:490)
	at ptolemy.util.test.junit.AutoKnownFailedTests.RunModel(AutoKnownFailedTests.java:105)
	at java.base/jdk.internal.reflect.NativeMethodAccessorImpl.invoke0(Native Method)
	at java.base/jdk.internal.reflect.NativeMethodAccessorImpl.invoke(NativeMethodAccessorImpl.java:62)
	at java.base/jdk.internal.reflect.DelegatingMethodAccessorImpl.invoke(DelegatingMethodAccessorImpl.java:43)
	at java.base/java.lang.reflect.Method.invoke(Method.java:566)
	at org.junit.runners.model.FrameworkMethod$1.runReflectiveCall(FrameworkMethod.java:44)
	at org.junit.internal.runners.model.ReflectiveCallable.run(ReflectiveCallable.java:15)
	at org.junit.runners.model.FrameworkMethod.invokeExplosively(FrameworkMethod.java:41)
	at junitparams.internal.InvokeParameterisedMethod.evaluate(InvokeParameterisedMethod.java:102)
	at org.junit.internal.runners.statements.FailOnTimeout$1.run(FailOnTimeout.java:28)
Caused by: ptolemy.kernel.util.IllegalActionException: PublisherPorts cannot be used at the top level, use a Publisher actor instead.
  in .PublisherPortToplevelSubscriber.PublisherPort
	at ptolemy.actor.PublisherPort.preinitialize(PublisherPort.java:403)
	at ptolemy.actor.CompositeActor.preinitialize(CompositeActor.java:1769)
	at ptolemy.actor.Manager.preinitializeAndResolveTypes(Manager.java:1040)
	at ptolemy.actor.Manager.initialize(Manager.java:710)
	at ptolemy.actor.Manager.execute(Manager.java:356)
	at ptolemy.actor.Manager.run(Manager.java:1263)
	at ptolemy.actor.Manager$PtolemyRunThread.run(Manager.java:1933)
java.lang.RuntimeException: Execution failed
	at ptolemy.moml.MoMLSimpleApplication$UnloadThread.run(MoMLSimpleApplication.java:402)
Caused by: ptolemy.kernel.util.IllegalActionException: SubscriberPorts cannot be used at the top level, use a Subscriber actor instead.
  in .PublisherSubscriberPortToplevel.SubscriberPort
	at ptolemy.actor.SubscriberPort.preinitialize(SubscriberPort.java:328)
	at ptolemy.actor.CompositeActor.preinitialize(CompositeActor.java:1769)
	at ptolemy.actor.Manager.preinitializeAndResolveTypes(Manager.java:1040)
	at ptolemy.actor.Manager.initialize(Manager.java:710)
	at ptolemy.actor.Manager.execute(Manager.java:356)
	at ptolemy.actor.Manager.run(Manager.java:1263)
	at ptolemy.actor.Manager$PtolemyRunThread.run(Manager.java:1933)
java.lang.reflect.InvocationTargetException
	at java.base/jdk.internal.reflect.NativeConstructorAccessorImpl.newInstance0(Native Method)
	at java.base/jdk.internal.reflect.NativeConstructorAccessorImpl.newInstance(NativeConstructorAccessorImpl.java:62)
	at java.base/jdk.internal.reflect.DelegatingConstructorAccessorImpl.newInstance(DelegatingConstructorAccessorImpl.java:45)
	at java.base/java.lang.reflect.Constructor.newInstance(Constructor.java:490)
	at ptolemy.util.test.junit.AutoKnownFailedTests.RunModel(AutoKnownFailedTests.java:105)
	at java.base/jdk.internal.reflect.NativeMethodAccessorImpl.invoke0(Native Method)
	at java.base/jdk.internal.reflect.NativeMethodAccessorImpl.invoke(NativeMethodAccessorImpl.java:62)
	at java.base/jdk.internal.reflect.DelegatingMethodAccessorImpl.invoke(DelegatingMethodAccessorImpl.java:43)
	at java.base/java.lang.reflect.Method.invoke(Method.java:566)
	at org.junit.runners.model.FrameworkMethod$1.runReflectiveCall(FrameworkMethod.java:44)
	at org.junit.internal.runners.model.ReflectiveCallable.run(ReflectiveCallable.java:15)
	at org.junit.runners.model.FrameworkMethod.invokeExplosively(FrameworkMethod.java:41)
	at junitparams.internal.InvokeParameterisedMethod.evaluate(InvokeParameterisedMethod.java:102)
	at org.junit.internal.runners.statements.FailOnTimeout$1.run(FailOnTimeout.java:28)
Caused by: ptolemy.kernel.util.IllegalActionException: SubscriberPorts cannot be used at the top level, use a Subscriber actor instead.
  in .PublisherSubscriberPortToplevel.SubscriberPort
	at ptolemy.actor.SubscriberPort.preinitialize(SubscriberPort.java:328)
	at ptolemy.actor.CompositeActor.preinitialize(CompositeActor.java:1769)
	at ptolemy.actor.Manager.preinitializeAndResolveTypes(Manager.java:1040)
	at ptolemy.actor.Manager.initialize(Manager.java:710)
	at ptolemy.actor.Manager.execute(Manager.java:356)
	at ptolemy.actor.Manager.run(Manager.java:1263)
	at ptolemy.actor.Manager$PtolemyRunThread.run(Manager.java:1933)
java.lang.RuntimeException: Execution failed
	at ptolemy.moml.MoMLSimpleApplication$UnloadThread.run(MoMLSimpleApplication.java:402)
Caused by: ptolemy.kernel.util.IllegalActionException: SubscriptionAggregatorPorts cannot be used at the top level, use a SubscriptionAggregator actor instead.
  in .PublisherSubscriptionAggregatorPort.SubscriptionAggregatorPort
	at ptolemy.actor.SubscriptionAggregatorPort.preinitialize(SubscriptionAggregatorPort.java:353)
	at ptolemy.actor.CompositeActor.preinitialize(CompositeActor.java:1769)
	at ptolemy.actor.Manager.preinitializeAndResolveTypes(Manager.java:1040)
	at ptolemy.actor.Manager.initialize(Manager.java:710)
	at ptolemy.actor.Manager.execute(Manager.java:356)
	at ptolemy.actor.Manager.run(Manager.java:1263)
	at ptolemy.actor.Manager$PtolemyRunThread.run(Manager.java:1933)
java.lang.reflect.InvocationTargetException
	at java.base/jdk.internal.reflect.NativeConstructorAccessorImpl.newInstance0(Native Method)
	at java.base/jdk.internal.reflect.NativeConstructorAccessorImpl.newInstance(NativeConstructorAccessorImpl.java:62)
	at java.base/jdk.internal.reflect.DelegatingConstructorAccessorImpl.newInstance(DelegatingConstructorAccessorImpl.java:45)
	at java.base/java.lang.reflect.Constructor.newInstance(Constructor.java:490)
	at ptolemy.util.test.junit.AutoKnownFailedTests.RunModel(AutoKnownFailedTests.java:105)
	at java.base/jdk.internal.reflect.NativeMethodAccessorImpl.invoke0(Native Method)
	at java.base/jdk.internal.reflect.NativeMethodAccessorImpl.invoke(NativeMethodAccessorImpl.java:62)
	at java.base/jdk.internal.reflect.DelegatingMethodAccessorImpl.invoke(DelegatingMethodAccessorImpl.java:43)
	at java.base/java.lang.reflect.Method.invoke(Method.java:566)
	at org.junit.runners.model.FrameworkMethod$1.runReflectiveCall(FrameworkMethod.java:44)
	at org.junit.internal.runners.model.ReflectiveCallable.run(ReflectiveCallable.java:15)
	at org.junit.runners.model.FrameworkMethod.invokeExplosively(FrameworkMethod.java:41)
	at junitparams.internal.InvokeParameterisedMethod.evaluate(InvokeParameterisedMethod.java:102)
	at org.junit.internal.runners.statements.FailOnTimeout$1.run(FailOnTimeout.java:28)
Caused by: ptolemy.kernel.util.IllegalActionException: SubscriptionAggregatorPorts cannot be used at the top level, use a SubscriptionAggregator actor instead.
  in .PublisherSubscriptionAggregatorPort.SubscriptionAggregatorPort
	at ptolemy.actor.SubscriptionAggregatorPort.preinitialize(SubscriptionAggregatorPort.java:353)
	at ptolemy.actor.CompositeActor.preinitialize(CompositeActor.java:1769)
	at ptolemy.actor.Manager.preinitializeAndResolveTypes(Manager.java:1040)
	at ptolemy.actor.Manager.initialize(Manager.java:710)
	at ptolemy.actor.Manager.execute(Manager.java:356)
	at ptolemy.actor.Manager.run(Manager.java:1263)
	at ptolemy.actor.Manager$PtolemyRunThread.run(Manager.java:1933)
java.lang.RuntimeException: Execution failed
	at ptolemy.moml.MoMLSimpleApplication$UnloadThread.run(MoMLSimpleApplication.java:402)
Caused by: ptolemy.kernel.util.IllegalActionException: TypeTest actor has no training data.
  in .sizedarray3.TypeTest
	at ptolemy.actor.lib.TypeTest.initialize(TypeTest.java:250)
	at ptolemy.actor.Director.initialize(Director.java:938)
	at ptolemy.actor.Director.initialize(Director.java:907)
	at ptolemy.actor.sched.StaticSchedulingDirector.initialize(StaticSchedulingDirector.java:159)
	at ptolemy.domains.sdf.kernel.SDFDirector.initialize(SDFDirector.java:544)
	at ptolemy.actor.CompositeActor.initialize(CompositeActor.java:935)
	at ptolemy.actor.Manager.initialize(Manager.java:724)
	at ptolemy.actor.Manager.execute(Manager.java:356)
	at ptolemy.actor.Manager.run(Manager.java:1263)
	at ptolemy.actor.Manager$PtolemyRunThread.run(Manager.java:1933)
java.lang.reflect.InvocationTargetException
	at java.base/jdk.internal.reflect.NativeConstructorAccessorImpl.newInstance0(Native Method)
	at java.base/jdk.internal.reflect.NativeConstructorAccessorImpl.newInstance(NativeConstructorAccessorImpl.java:62)
	at java.base/jdk.internal.reflect.DelegatingConstructorAccessorImpl.newInstance(DelegatingConstructorAccessorImpl.java:45)
	at java.base/java.lang.reflect.Constructor.newInstance(Constructor.java:490)
	at ptolemy.util.test.junit.AutoKnownFailedTests.RunModel(AutoKnownFailedTests.java:105)
	at java.base/jdk.internal.reflect.NativeMethodAccessorImpl.invoke0(Native Method)
	at java.base/jdk.internal.reflect.NativeMethodAccessorImpl.invoke(NativeMethodAccessorImpl.java:62)
	at java.base/jdk.internal.reflect.DelegatingMethodAccessorImpl.invoke(DelegatingMethodAccessorImpl.java:43)
	at java.base/java.lang.reflect.Method.invoke(Method.java:566)
	at org.junit.runners.model.FrameworkMethod$1.runReflectiveCall(FrameworkMethod.java:44)
	at org.junit.internal.runners.model.ReflectiveCallable.run(ReflectiveCallable.java:15)
	at org.junit.runners.model.FrameworkMethod.invokeExplosively(FrameworkMethod.java:41)
	at junitparams.internal.InvokeParameterisedMethod.evaluate(InvokeParameterisedMethod.java:102)
	at org.junit.internal.runners.statements.FailOnTimeout$1.run(FailOnTimeout.java:28)
Caused by: ptolemy.kernel.util.IllegalActionException: TypeTest actor has no training data.
  in .sizedarray3.TypeTest
	at ptolemy.actor.lib.TypeTest.initialize(TypeTest.java:250)
	at ptolemy.actor.Director.initialize(Director.java:938)
	at ptolemy.actor.Director.initialize(Director.java:907)
	at ptolemy.actor.sched.StaticSchedulingDirector.initialize(StaticSchedulingDirector.java:159)
	at ptolemy.domains.sdf.kernel.SDFDirector.initialize(SDFDirector.java:544)
	at ptolemy.actor.CompositeActor.initialize(CompositeActor.java:935)
	at ptolemy.actor.Manager.initialize(Manager.java:724)
	at ptolemy.actor.Manager.execute(Manager.java:356)
	at ptolemy.actor.Manager.run(Manager.java:1263)
	at ptolemy.actor.Manager$PtolemyRunThread.run(Manager.java:1933)
]]></system-err>
</testsuite>
