<?xml version="1.0" encoding="UTF-8" ?>
<testsuite errors="0" failures="0" hostname="travis-job-e4c0bd0f-3805-409a-8a52-b0f8865d3737" name="ptolemy.domains.de.test.junit.JUnitTclTest" skipped="0" tests="101" time="132.107" timestamp="2019-09-12T05:35:59">
  <properties>
    <property name="npm.executable" value="npm" />
    <property name="env.TRAVIS_ROOT" value="/" />
    <property name="ptII.mk.exists" value="true" />
    <property name="env.TRAVIS_APP_HOST" value="build.travis-ci.org" />
    <property name="env.rvm_bin_path" value="/home/travis/.rvm/bin" />
    <property name="java.home" value="/usr/local/lib/jvm/openjdk11" />
    <property name="env.TRAVIS_JOB_NUMBER" value="1327.9" />
    <property name="env.TRAVIS_HOME" value="/home/travis" />
    <property name="env.DISPLAY" value=":99.0" />
    <property name="env.TRAVIS_INIT" value="systemd" />
    <property name="env.SSH_TTY" value="/dev/pts/0" />
    <property name="java.net.preferIPv4Stack" value="true" />
    <property name="env.RUN_TESTS" value="true" />
    <property name="timeout.short" value="1000000" />
    <property name="junit.formatter" value="xml" />
    <property name="env.TRAVIS_SUDO" value="true" />
    <property name="env.TRAVIS_JOB_NAME" value="" />
    <property name="env.TRAVIS_STACK_NODE_ATTRIBUTES" value="/.node-attributes.yml" />
    <property name="env.LOGNAME" value="travis" />
    <property name="jsdoc.home" value="node_modules/@terraswarm/jsdoc" />
    <property name="debuglevel" value="source,lines,vars" />
    <property name="checkstyle.formatter" value="xml" />
    <property name="env._system_version" value="16.04" />
    <property name="bin.vergil.makeable" value="true" />
    <property name="sun.os.patch.level" value="unknown" />
    <property name="java.vendor.url" value="http://java.oracle.com/" />
    <property name="env.TRAVIS_BUILD_WEB_URL" value="https://travis-ci.org/icyphy/ptII/builds/583976538" />
    <property name="java.version" value="11.0.2" />
    <property name="env.TZ" value="UTC" />
    <property name="env.TRAVIS_PULL_REQUEST_SHA" value="" />
    <property name="env.PT_NO_NET" value="true" />
    <property name="env.TRAVIS_SECURE_ENV_VARS" value="true" />
    <property name="env._system_type" value="Linux" />
    <property name="java.vendor.url.bug" value="http://bugreport.java.com/bugreport/" />
    <property name="npmjs-org-is-up" value="true" />
    <property name="env.LANGUAGE" value="en_US.UTF-8" />
    <property name="env.SSH_CLIENT" value="10.16.31.5 44838 22" />
    <property name="env.GEM_HOME" value="/home/travis/.rvm/gems/ruby-2.5.3" />
    <property name="env.HAS_ANTARES_THREE_LITTLE_FRONZIES_BADGE" value="true" />
    <property name="java.version.date" value="2019-01-15" />
    <property name="env.PS4" value="+" />
    <property name="ant.project.invoked-targets" value="build,test.core2.xml" />
    <property name="env.TRAVIS_PULL_REQUEST_BRANCH" value="" />
    <property name="env.TRAVIS_REPO_SLUG" value="icyphy/ptII" />
    <property name="env.XDG_DATA_DIRS" value="/usr/local/share:/usr/share:/var/lib/snapd/desktop" />
    <property name="jdk.debug" value="release" />
    <property name="env.TRAVIS_APT_PROXY" value="http://apt.cache.travis-ci.com" />
    <property name="node.in.path" value="true" />
    <property name="user.name" value="travis" />
    <property name="java.maxmemory" value="1400m" />
    <property name="env.RUBY_VERSION" value="ruby-2.5.3" />
    <property name="env.LANG" value="en_US.UTF-8" />
    <property name="sun.io.unicode.encoding" value="UnicodeLittle" />
    <property name="sun.jnu.encoding" value="UTF-8" />
    <property name="java.runtime.name" value="OpenJDK Runtime Environment" />
    <property name="usefile" value="false" />
    <property name="return.code" value="0" />
    <property name="junit.single.formatter" value="plain" />
    <property name="env.DYLD_LIBRARY_PATH" value="/home/travis/pthla/certi-tools/lib:" />
    <property name="env.DEBIAN_FRONTEND" value="noninteractive" />
    <property name="env.SSH_CONNECTION" value="10.16.31.5 44838 10.20.0.242 22" />
    <property name="env.MYSQL_UNIX_PORT" value="/var/run/mysqld/mysqld.sock" />
    <property name="env.LC_ALL" value="en_US.UTF-8" />
    <property name="env.TRAVIS_ALLOW_FAILURE" value="false" />
    <property name="env.TRAVIS_JOB_WEB_URL" value="https://travis-ci.org/icyphy/ptII/jobs/583976547" />
    <property name="java.specification.name" value="Java Platform API Specification" />
    <property name="node.works" value="true" />
    <property name="user.timezone" value="" />
    <property name="path.separator" value=":" />
    <property name="env.TRAVIS_ENABLE_INFRA_DETECTION" value="true" />
    <property name="env.PYTHON_CFLAGS" value="-g -fstack-protector --param=ssp-buffer-size=4 -Wformat -Werror=format-security" />
    <property name="timeout.long" value="4000000" />
    <property name="env.CERTI_HOME" value="/home/travis/pthla/certi-tools" />
    <property name="ant.file.ptII" value="/home/travis/build/icyphy/ptII/build.xml" />
    <property name="javadoc.packagenames" value="com.*,diva.*,lbnl.*,org.hlacerti.*,org.json.*,org.ptolemy.*,org.terraswarm.*,ptolemy.*,ptserver.*" />
    <property name="file.encoding" value="UTF-8" />
    <property name="env.TRAVIS_PULL_REQUEST_SLUG" value="" />
    <property name="ant.project.default-target" value="build" />
    <property name="env.GIT_ASKPASS" value="echo" />
    <property name="env.HOME" value="/home/travis" />
    <property name="sun.java.command" value="org.apache.tools.ant.taskdefs.optional.junit.JUnitTestRunner ptolemy.domains.de.test.junit.JUnitTclTest skipNonTests=false filtertrace=true haltOnError=false haltOnFailure=false formatter=org.apache.tools.ant.taskdefs.optional.junit.OutErrSummaryJUnitResultFormatter showoutput=true outputtoformatters=true logfailedtests=true threadid=0 logtestlistenerevents=false formatter=org.apache.tools.ant.taskdefs.optional.junit.XMLJUnitResultFormatter,/home/travis/build/icyphy/ptII/reports/junit/TEST-ptolemy.domains.de.test.junit.JUnitTclTest.xml crashfile=/home/travis/build/icyphy/ptII/junitvmwatcher15491923548951460538.properties propsfile=/home/travis/build/icyphy/ptII/junit8390807026534037738.properties" />
    <property name="env.COMPOSER_NO_INTERACTION" value="1" />
    <property name="env.MANPATH" value="/home/travis/.nvm/versions/node/v7.10.1/share/man:/home/travis/.rvm/rubies/ruby-2.5.3/share/man:/usr/local/cmake-3.12.4/man:/usr/local/clang-7.0.0/share/man:/usr/local/man:/usr/local/share/man:/usr/share/man:/home/travis/.rvm/man" />
    <property name="env.TRAVIS_TIMER_ID" value="16031073" />
    <property name="ant.file" value="/home/travis/build/icyphy/ptII/build.xml" />
    <property name="env.TRAVIS_COMMIT_RANGE" value="bc7bfed3151ace78f6177b95f8054c233d74f1bf...1691c4a63a7f6e8f7441362a7c71a7ee30ba8bb1" />
    <property name="env._system_name" value="Ubuntu" />
    <property name="ptII.classpath.optional.property" value="/home/travis/build/icyphy/ptII/lib/bsh-2.0b4.jar:/home/travis/build/icyphy/ptII/lib/ptCal.jar:/home/travis/build/icyphy/ptII/lib/java_cup.jar:/home/travis/build/icyphy/ptII/lib/saxon8.jar:/home/travis/build/icyphy/ptII/lib/saxon8-dom.jar:/home/travis/build/icyphy/ptII/lib/chic.jar:/home/travis/build/icyphy/ptII/lib/ptcolt.jar:/home/travis/build/icyphy/ptII/vendors/misc/itext/iText.jar:/home/travis/build/icyphy/ptII/lib/g4ltl.jar:/home/travis/build/icyphy/ptII/lib/StructuralCoder.jar:/home/travis/build/icyphy/ptII/lib/jcerti.jar:/home/travis/build/icyphy/ptII/lib/javax.mail.jar:/home/travis/build/icyphy/ptII/vendors/JMF-2.1.1e/lib/jmf.jar:/home/travis/build/icyphy/ptII/lib/jna-4.0.0-variadic.jar:/home/travis/build/icyphy/ptII/vendors/misc/joystick/Joystick.jar:/home/travis/build/icyphy/ptII/lib/ptjacl.jar:/home/travis/build/icyphy/ptII/lib/jsoup-1.8.2.jar:/home/travis/build/icyphy/ptII/lib/junit-4.8.2.jar:/home/travis/build/icyphy/ptII/lib/JUnitParams-0.4.0.jar:/home/travis/build/icyphy/ptII/ptolemy/actor/lib/excel/jxl.jar:/home/travis/build/icyphy/ptII/lib/jython.jar:/home/travis/build/icyphy/ptII/lib/kieler.jar:/home/travis/build/icyphy/ptII/vendors/opencv/share/OpenCV/java/opencv-341.jar:/home/travis/build/icyphy/ptII/lib/oscP5.jar:/home/travis/build/icyphy/ptII/lib/nrjavaserial-3.11.0.devel.jar:/home/travis/build/icyphy/ptII/vendors/j3d/lib/Linux/j3dcore.jar:/home/travis/build/icyphy/ptII/vendors/j3d/lib/Linux/j3dutils.jar:/home/travis/build/icyphy/ptII/vendors/j3d/lib/Linux/vecmath.jar:/home/travis/build/icyphy/ptII/vendors/jogl/lib/Linux/gluegen-rt-natives-linux-amd64.jar:/home/travis/build/icyphy/ptII/vendors/jogl/lib/Linux/gluegen-rt.jar:/home/travis/build/icyphy/ptII/vendors/jogl/lib/Linux/jogl-all-natives-linux-amd64.jar:/home/travis/build/icyphy/ptII/vendors/jogl/lib/Linux/jogl-all.jar:/home/travis/build/icyphy/ptII/ptolemy/distributed/jini/jar/jini-core.jar:/home/travis/build/icyphy/ptII/ptolemy/distributed/jini/jar/jini-ext.jar:/home/travis/build/icyphy/ptII/ptolemy/distributed/jini/jar/sun-util.jar:/home/travis/build/icyphy/ptII/lib/protobuf-java-2.4.1.jar:/home/travis/build/icyphy/ptII/lib/org.eclipse.paho.client.mqttv3.jar:/home/travis/build/icyphy/ptII/lib/mapss.jar:/home/travis/build/icyphy/ptII/ptolemy/actor/ptalon/antlr/antlr.jar:/home/travis/build/icyphy/ptII/lib/JRI.jar:/home/travis/build/icyphy/ptII/lib/commons-lang-2.6.jar:/home/travis/build/icyphy/ptII/lib/commons-logging-1.1.1.jar:/home/travis/build/icyphy/ptII/lib/sootclasses.jar:/home/travis/build/icyphy/ptII/ptolemy/actor/lib/database/mysql-connector-java-5.1.6-bin.jar:/home/travis/build/icyphy/ptII/vendors/misc/sphinx4/sphinx4-data-5prealpha.jar:/home/travis/build/icyphy/ptII/vendors/misc/sphinx4/sphinx4-core-5prealpha.jar:/home/travis/build/icyphy/ptII/lib/PDFRenderer.jar:/home/travis/build/icyphy/ptII/lib/svgSalamander.jar:/home/travis/build/icyphy/ptII/lib/rsyntaxtextarea-2.6.0-SNAPSHOT.jar:/home/travis/build/icyphy/ptII/lib/hazelcast-3.8.2.jar:/home/travis/build/icyphy/ptII/lib/jackson-annotations-2.9.0.jar:/home/travis/build/icyphy/ptII/lib/jackson-core-2.9.3.jar:/home/travis/build/icyphy/ptII/lib/jackson-databind-2.9.3.jar:/home/travis/build/icyphy/ptII/lib/netty-buffer-4.1.19.Final.jar:/home/travis/build/icyphy/ptII/lib/netty-codec-4.1.19.Final.jar:/home/travis/build/icyphy/ptII/lib/netty-codec-dns-4.1.19.Final.jar:/home/travis/build/icyphy/ptII/lib/netty-codec-http-4.1.19.Final.jar:/home/travis/build/icyphy/ptII/lib/netty-codec-http2-4.1.19.Final.jar:/home/travis/build/icyphy/ptII/lib/netty-common-4.1.19.Final.jar:/home/travis/build/icyphy/ptII/lib/netty-handler-4.1.19.Final.jar:/home/travis/build/icyphy/ptII/lib/netty-resolver-4.1.19.Final.jar:/home/travis/build/icyphy/ptII/lib/netty-resolver-dns-4.1.19.Final.jar:/home/travis/build/icyphy/ptII/lib/netty-transport-4.1.19.Final.jar:/home/travis/build/icyphy/ptII/lib/vertx-codegen-3.5.1.jar:/home/travis/build/icyphy/ptII/lib/vertx-core-3.5.2-SNAPSHOT.jar:/home/travis/build/icyphy/ptII/lib/vertx-hazelcast-3.5.1.jar:/home/travis/build/icyphy/ptII/lib/vertx-lang-js-3.5.1.jar:/home/travis/build/icyphy/ptII/lib/vertx-service-proxy-3.5.1.jar:/home/travis/build/icyphy/ptII/lib/vertx-web-3.5.1.jar:/home/travis/build/icyphy/ptII/lib/slf4j-api-1.7.13.jar:/home/travis/build/icyphy/ptII/lib/slf4j-simple-1.7.13.jar:/home/travis/build/icyphy/ptII/lib/webcam-capture-0.3.12.jar:/home/travis/build/icyphy/ptII/lib/bridj-0.7.0.jar:/home/travis/build/icyphy/ptII/lib/xbjlib-1.1.0.nrjavaserial.jar" />
    <property name="timeout" value="2400000" />
    <property name="test.batch" value="**/junit/*.java" />
    <property name="env._" value="/usr/bin/timeout" />
    <property name="java.io.tmpdir" value="/tmp" />
    <property name="user.language" value="en" />
    <property name="env.TRAVIS_INTERNAL_RUBY_REGEX" value="^ruby-(2\.[0-4]\.[0-9]|1\.9\.3)" />
    <property name="env.HISTCONTROL" value="ignoredups:ignorespace" />
    <property name="env.GOROOT" value="/home/travis/.gimme/versions/go1.11.1.linux.amd64" />
    <property name="line.separator" value="&#xa;" />
    <property name="target" value="11" />
    <property name="env.TRAVIS_BUILD_DIR" value="/home/travis/build/icyphy/ptII" />
    <property name="env.ANT_OPTS" value="-Xmx2048m" />
    <property name="ant.file.type" value="file" />
    <property name="ptolemy.ptII.batchMode" value="true" />
    <property name="env.HISTSIZE" value="1000" />
    <property name="env.MERB_ENV" value="test" />
    <property name="java.vm.info" value="mixed mode" />
    <property name="source" value="11" />
    <property name="java.vm.specification.name" value="Java Virtual Machine Specification" />
    <property name="env.TRAVIS_TEST_RESULT" value="0" />
    <property name="jsdoc.command" value="node_modules/@terraswarm/jsdoc/jsdoc.js" />
    <property name="npm.works" value="true" />
    <property name="cobertura.dir" value="/home/travis/build/icyphy/ptII/vendors/cobertura-2.0.3" />
    <property name="jsdoc.command.exists" value="true" />
    <property name="env.rvm_path" value="/home/travis/.rvm" />
    <property name="env.GEM_PATH" value="/home/travis/.rvm/gems/ruby-2.5.3:/home/travis/.rvm/gems/ruby-2.5.3@global" />
    <property name="env.LC_CTYPE" value="en_US.UTF-8" />
    <property name="env.TRAVIS_CMD" value="$PTII/bin/ptIITravisBuild.sh $SECONDS" />
    <property name="java.awt.printerjob" value="sun.print.PSPrinterJob" />
    <property name="env.TRAVIS_STACK_NAME" value="sardonyx" />
    <property name="env.TRAVIS_TIMER_START_TIME" value="1568266342260337604" />
    <property name="ant.version" value="Apache Ant(TM) version 1.10.1 compiled on February 2 2017" />
    <property name="ptII.reports" value="/home/travis/build/icyphy/ptII/reports" />
    <property name="env.TRAVIS_STACK_TIMESTAMP" value="2019-03-25 16:16:56 UTC" />
    <property name="ant.file.type.ptII" value="file" />
    <property name="env.RBENV_SHELL" value="bash" />
    <property name="os.name" value="Linux" />
    <property name="java.specification.vendor" value="Oracle Corporation" />
    <property name="env.rvm_version" value="1.29.7 (latest)" />
    <property name="env.TRAVIS_INFRA" value="gce" />
    <property name="env.TERM" value="xterm" />
    <property name="java.vm.name" value="OpenJDK 64-Bit Server VM" />
    <property name="env.TRAVIS_BUILD_NUMBER" value="1327" />
    <property name="env.CI" value="true" />
    <property name="java.library.path" value="/home/travis/pthla/certi-tools/lib:/usr/lib/jni:/usr/local/share/OpenCV/java/:/usr/share/OpenCV/java::/usr/java/packages/lib:/usr/lib64:/lib64:/lib:/usr/lib" />
    <property name="jdk.module.path" value="/home/travis/build/icyphy/ptII/vendors/javafx/javafx-sdk-11.0.2/lib:" />
    <property name="env.rvm_prefix" value="/home/travis" />
    <property name="env.PATH" value="/home/travis/pthla/certi-tools/share/scripts:/home/travis/.rvm/gems/ruby-2.5.3/bin:/home/travis/.rvm/gems/ruby-2.5.3@global/bin:/home/travis/.rvm/rubies/ruby-2.5.3/bin:/home/travis/.rvm/bin:/home/travis/.nvm/versions/node/v7.10.1/bin:./node_modules/.bin:/home/travis/build/icyphy/ptII/bin:/home/travis/pthla/certi-tools/bin:/home/travis/bin:/home/travis/.local/bin:/usr/local/lib/jvm/openjdk11/bin:/opt/pyenv/shims:/home/travis/.phpenv/shims:/home/travis/perl5/perlbrew/bin:/home/travis/gopath/bin:/home/travis/.gimme/versions/go1.11.1.linux.amd64/bin:/usr/local/maven-3.6.0/bin:/usr/local/cmake-3.12.4/bin:/usr/local/clang-7.0.0/bin:/usr/local/sbin:/usr/local/bin:/usr/sbin:/usr/bin:/sbin:/bin:/snap/bin:/home/travis/.phpenv/bin:/opt/pyenv/bin:/home/travis/.yarn/bin" />
    <property name="env.TRAVIS_OS_NAME" value="linux" />
    <property name="ant.java.version" value="9" />
    <property name="basedir" value="/home/travis/build/icyphy/ptII" />
    <property name="java.class.version" value="55.0" />
    <property name="env.SHLVL" value="3" />
    <property name="env.LD_LIBRARY_PATH" value="/home/travis/pthla/certi-tools/lib:/usr/lib/jni:/usr/local/share/OpenCV/java/:/usr/share/OpenCV/java:" />
    <property name="env.RACK_ENV" value="test" />
    <property name="ant.home" value="/home/travis/build/icyphy/ptII/ant" />
    <property name="env.NVM_DIR" value="/home/travis/.nvm" />
    <property name="env.CERTI_FOM_PATH" value="/home/travis/pthla/certi-tools/share/federations" />
    <property name="env.TRAVIS_BUILD_ID" value="583976538" />
    <property name="env.PYENV_ROOT" value="/opt/pyenv" />
    <property name="env.TRAVIS_UID" value="2000" />
    <property name="prism.verbose" value="true" />
    <property name="env.NVM_BIN" value="/home/travis/.nvm/versions/node/v7.10.1/bin" />
    <property name="env.TRAVIS_COMMIT" value="1691c4a63a7f6e8f7441362a7c71a7ee30ba8bb1" />
    <property name="env._system_arch" value="x86_64" />
    <property name="node.executable" value="node" />
    <property name="sun.boot.library.path" value="/usr/local/lib/jvm/openjdk11/lib" />
    <property name="sun.management.compiler" value="HotSpot 64-Bit Tiered Compilers" />
    <property name="java.awt.graphicsenv" value="sun.awt.X11GraphicsEnvironment" />
    <property name="env.GOPATH" value="/home/travis/gopath" />
    <property name="ptolemy.ptII.dir" value="/home/travis/build/icyphy/ptII" />
    <property name="env.USER" value="travis" />
    <property name="env.HISTFILESIZE" value="2000" />
    <property name="timeout.longest" value="19000000" />
    <property name="env.PERLBREW_SHELLRC_VERSION" value="0.86" />
    <property name="env.TRAVIS_STACK_FEATURES" value="basic couchdb disabled-ipv6 docker docker-compose elasticsearch firefox go-toolchain google-chrome jdk memcached mongodb mysql nodejs_interpreter perl_interpreter perlbrew phantomjs postgresql python_interpreter redis ruby_interpreter sqlite xserver" />
    <property name="env.TRAVIS_PULL_REQUEST" value="false" />
    <property name="env.PYENV_SHELL" value="bash" />
    <property name="ant.project.name" value="ptII" />
    <property name="env.ANSI_RESET" value="\033[0m" />
    <property name="java.vm.specification.version" value="11" />
    <property name="env.TRAVIS_DIST" value="xenial" />
    <property name="env.CERTI_VERSION" value="4.0.0" />
    <property name="env.CERTI_HOST" value="localhost" />
    <property name="awt.toolkit" value="sun.awt.X11.XToolkit" />
    <property name="env.MY_RUBY_HOME" value="/home/travis/.rvm/rubies/ruby-2.5.3" />
    <property name="sun.cpu.isalist" value="" />
    <property name="env.TRAVIS_TMPDIR" value="/tmp/tmp.O7uRerUB02" />
    <property name="java.vm.compressedOopsMode" value="Zero based" />
    <property name="os.version" value="4.15.0-1028-gcp" />
    <property name="user.home" value="/home/travis" />
    <property name="java.vm.vendor" value="Oracle Corporation" />
    <property name="env.TRAVIS_TAG" value="nightly" />
    <property name="env.ANSI_YELLOW" value="\033[33;1m" />
    <property name="env.TRAVIS_FILTERED" value="redirect_io" />
    <property name="env.ANSI_GREEN" value="\033[32;1m" />
    <property name="env.JAVA_HOME" value="/usr/local/lib/jvm/openjdk11" />
    <property name="javadoc.excludepackagenames" value="adm.cvs2svn.*,build.*,config.*,doc.coding.templates.*,jni.test.jni.meaningOfLife.*,jni.test.jni.testDeux.*,jni.test.jni.testTrois.*,org.terraswarm.accessor.accessors.web.node_modules.*,org.terraswarm.accessor.accessors.web.hosts.cordova.demo.*,org.terraswarm.accessor.accessors.web.hosts.cordova.plugins.*,org.terraswarm.accessor.accessors-svn.*,pt-modules.*,ptolemy.apps.agilent.*,ptolemy.apps.anytimecontrol.*,ptolemy.apps.apes.*,ptolemy.apps.charon.*,ptolemy.apps.crazyboard.*,ptolemy.apps.eclipse.*,ptolemy.apps.etherealSting.*,ptolemy.apps.fullscreen.*,ptolemy.apps.giotto.*,ptolemy.apps.ia.*,ptolemy.apps.interfaces.*,ptolemy.apps.jmf.*,ptolemy.apps.kurt.*,ptolemy.apps.kvm.*,ptolemy.apps.lego.*,ptolemy.apps.lejos.*,ptolemy.apps.midp.*,ptolemy.apps.mobileCoding.*,ptolemy.apps.pendulum.*,ptolemy.apps.rijndael.*,ptolemy.apps.robot.*,ptolemy.apps.security.*,ptolemy.apps.sobel.*,ptolemy.apps.soot.*,ptolemy.apps.throttle.*,ptolemy.apps.tini.*,ptolemy.apps.transmission.*,ptolemy.apps.vergil.*,ptolemy.apps.waba.*,ptolemy.apps.websensor.*,ptolemy.apps.webstart.*,ptolemy.apps.xsl.*,ptolemy.apps.zaurus.*,ptolemy.codegen.c.actor.lib.oldJavaFiles.*,ptolemy.codegen.dsp.lib.*,ptolemy.codegen.kernel.newInterfaces.*,ptolemy.codegen.lib.*,ptolemy.copernicus.kernel.fragment.*,ptolemy.copernicus.shallow.cg.*,ptolemy.domains.giotto.demo.Hierarchy.Hierarchy.*,ptolemy.domains.giotto.demo.Multimode.Multimode.*,ptolemy.domains.giotto.demo.Simple.Simple.*,ptolemy.domains.gr.lib.experimental.*,ptolemy.domains.gro.*,ptolemy.domains.pdf.*,ptolemy.domains.ptinyos.demo.Surge.output.*,ptolemy.moml.test.NoPackageActor.java*,ptolemy.plot.adm.*,ptolemy.plot.servlet.*,reports.*,signed.*,src.*,target.*,vendors.*,ptolemy.copernicus.applet.*,ptolemy.media.viewer.*,ptolemy.actor.corba.*,doc.doclets.*,ptolemy.apps.eclipse.awt.*,ptolemy.backtrack.*,ptolemy.backtrack.ast.*,ptolemy.cg.adapter.generic.program.procedural.c.mbed*,ptolemy.homer.*,ptolemy.actor.lib.jai.*,org.ptolemy.scala.*,diva.util.java2d.svg.*,ptolemy.domains.ptinyos.*,ptolemy.actor.lib.fmi.fmipp.*,,org.terraswarm.accessor.accessors.web.node_modules.*,org.terraswarm.accessor.accessors-svn,ptolemy.apps.*,ptolemy.actor.ptalon.demo.ptinyos.SendAndReceiveCnt.output,ptolemy.actor.ptalon.demo.ptinyos.SenseToLeds.output,ptolemy.domains.ptinyos.demo.CntToLedsAndRfm.output,ptolemy.domains.ptinyos.demo.RfmToLeds.output,ptolemy.domains.ptinyos.demo.SendAndReceiveCnt.output,ptolemy.domains.ptinyos.demo.SenseToLeds.output,ptolemy.actor.lib.jjs.modules.udpSocket.*" />
    <property name="env.PTII" value="/home/travis/build/icyphy/ptII" />
    <property name="env.XDG_SESSION_ID" value="2" />
    <property name="keystore" value="ptKeystore" />
    <property name="env.TRAVIS_COMMIT_MESSAGE" value="Use --release 8 instead of -target 8 -release 8 because --release 8 includes -target 8." />
    <property name="junit.output.dir" value="/home/travis/build/icyphy/ptII/reports/junit" />
    <property name="npm.return.code" value="0" />
    <property name="user.dir" value="/home/travis/build/icyphy/ptII/ptolemy/domains/de/test" />
    <property name="env.TRAVIS_NODE_VERSION" value="7" />
    <property name="env.TRAVIS_EVENT_TYPE" value="cron" />
    <property name="env.MAIL" value="/var/mail/travis" />
    <property name="env.PERLBREW_ROOT" value="/home/travis/perl5/perlbrew" />
    <property name="env.PWD" value="/home/travis/build/icyphy/ptII" />
    <property name="timeout.npm" value="45000" />
    <property name="env.PT_TRAVIS_TEST_CORE2_XML" value="true" />
    <property name="env.TRAVIS_ARCH" value="amd64" />
    <property name="sun.cpu.endian" value="little" />
    <property name="env.PAGER" value="cat" />
    <property name="env.TRAVIS_BUILD_STAGE_NAME" value="Test" />
    <property name="env.PERLBREW_HOME" value="/home/travis/.perlbrew" />
    <property name="java.vm.version" value="11.0.2+9" />
    <property name="env.RAILS_ENV" value="test" />
    <property name="java.class.path" value="/home/travis/build/icyphy/ptII:/home/travis/build/icyphy/ptII/lib/bsh-2.0b4.jar:/home/travis/build/icyphy/ptII/lib/ptCal.jar:/home/travis/build/icyphy/ptII/lib/java_cup.jar:/home/travis/build/icyphy/ptII/lib/saxon8.jar:/home/travis/build/icyphy/ptII/lib/saxon8-dom.jar:/home/travis/build/icyphy/ptII/lib/chic.jar:/home/travis/build/icyphy/ptII/lib/ptcolt.jar:/home/travis/build/icyphy/ptII/vendors/misc/itext/iText.jar:/home/travis/build/icyphy/ptII/lib/g4ltl.jar:/home/travis/build/icyphy/ptII/lib/StructuralCoder.jar:/home/travis/build/icyphy/ptII/lib/jcerti.jar:/home/travis/build/icyphy/ptII/lib/javax.mail.jar:/home/travis/build/icyphy/ptII/vendors/JMF-2.1.1e/lib/jmf.jar:/home/travis/build/icyphy/ptII/lib/jna-4.0.0-variadic.jar:/home/travis/build/icyphy/ptII/vendors/misc/joystick/Joystick.jar:/home/travis/build/icyphy/ptII/lib/ptjacl.jar:/home/travis/build/icyphy/ptII/lib/jsoup-1.8.2.jar:/home/travis/build/icyphy/ptII/lib/junit-4.8.2.jar:/home/travis/build/icyphy/ptII/lib/JUnitParams-0.4.0.jar:/home/travis/build/icyphy/ptII/ptolemy/actor/lib/excel/jxl.jar:/home/travis/build/icyphy/ptII/lib/jython.jar:/home/travis/build/icyphy/ptII/lib/kieler.jar:/home/travis/build/icyphy/ptII/vendors/opencv/share/OpenCV/java/opencv-341.jar:/home/travis/build/icyphy/ptII/lib/oscP5.jar:/home/travis/build/icyphy/ptII/lib/nrjavaserial-3.11.0.devel.jar:/home/travis/build/icyphy/ptII/vendors/j3d/lib/Linux/j3dcore.jar:/home/travis/build/icyphy/ptII/vendors/j3d/lib/Linux/j3dutils.jar:/home/travis/build/icyphy/ptII/vendors/j3d/lib/Linux/vecmath.jar:/home/travis/build/icyphy/ptII/vendors/jogl/lib/Linux/gluegen-rt-natives-linux-amd64.jar:/home/travis/build/icyphy/ptII/vendors/jogl/lib/Linux/gluegen-rt.jar:/home/travis/build/icyphy/ptII/vendors/jogl/lib/Linux/jogl-all-natives-linux-amd64.jar:/home/travis/build/icyphy/ptII/vendors/jogl/lib/Linux/jogl-all.jar:/home/travis/build/icyphy/ptII/ptolemy/distributed/jini/jar/jini-core.jar:/home/travis/build/icyphy/ptII/ptolemy/distributed/jini/jar/jini-ext.jar:/home/travis/build/icyphy/ptII/ptolemy/distributed/jini/jar/sun-util.jar:/home/travis/build/icyphy/ptII/lib/protobuf-java-2.4.1.jar:/home/travis/build/icyphy/ptII/lib/org.eclipse.paho.client.mqttv3.jar:/home/travis/build/icyphy/ptII/lib/mapss.jar:/home/travis/build/icyphy/ptII/ptolemy/actor/ptalon/antlr/antlr.jar:/home/travis/build/icyphy/ptII/lib/JRI.jar:/home/travis/build/icyphy/ptII/lib/commons-lang-2.6.jar:/home/travis/build/icyphy/ptII/lib/commons-logging-1.1.1.jar:/home/travis/build/icyphy/ptII/lib/sootclasses.jar:/home/travis/build/icyphy/ptII/ptolemy/actor/lib/database/mysql-connector-java-5.1.6-bin.jar:/home/travis/build/icyphy/ptII/vendors/misc/sphinx4/sphinx4-data-5prealpha.jar:/home/travis/build/icyphy/ptII/vendors/misc/sphinx4/sphinx4-core-5prealpha.jar:/home/travis/build/icyphy/ptII/lib/PDFRenderer.jar:/home/travis/build/icyphy/ptII/lib/svgSalamander.jar:/home/travis/build/icyphy/ptII/lib/rsyntaxtextarea-2.6.0-SNAPSHOT.jar:/home/travis/build/icyphy/ptII/lib/hazelcast-3.8.2.jar:/home/travis/build/icyphy/ptII/lib/jackson-annotations-2.9.0.jar:/home/travis/build/icyphy/ptII/lib/jackson-core-2.9.3.jar:/home/travis/build/icyphy/ptII/lib/jackson-databind-2.9.3.jar:/home/travis/build/icyphy/ptII/lib/netty-buffer-4.1.19.Final.jar:/home/travis/build/icyphy/ptII/lib/netty-codec-4.1.19.Final.jar:/home/travis/build/icyphy/ptII/lib/netty-codec-dns-4.1.19.Final.jar:/home/travis/build/icyphy/ptII/lib/netty-codec-http-4.1.19.Final.jar:/home/travis/build/icyphy/ptII/lib/netty-codec-http2-4.1.19.Final.jar:/home/travis/build/icyphy/ptII/lib/netty-common-4.1.19.Final.jar:/home/travis/build/icyphy/ptII/lib/netty-handler-4.1.19.Final.jar:/home/travis/build/icyphy/ptII/lib/netty-resolver-4.1.19.Final.jar:/home/travis/build/icyphy/ptII/lib/netty-resolver-dns-4.1.19.Final.jar:/home/travis/build/icyphy/ptII/lib/netty-transport-4.1.19.Final.jar:/home/travis/build/icyphy/ptII/lib/vertx-codegen-3.5.1.jar:/home/travis/build/icyphy/ptII/lib/vertx-core-3.5.2-SNAPSHOT.jar:/home/travis/build/icyphy/ptII/lib/vertx-hazelcast-3.5.1.jar:/home/travis/build/icyphy/ptII/lib/vertx-lang-js-3.5.1.jar:/home/travis/build/icyphy/ptII/lib/vertx-service-proxy-3.5.1.jar:/home/travis/build/icyphy/ptII/lib/vertx-web-3.5.1.jar:/home/travis/build/icyphy/ptII/lib/slf4j-api-1.7.13.jar:/home/travis/build/icyphy/ptII/lib/slf4j-simple-1.7.13.jar:/home/travis/build/icyphy/ptII/lib/webcam-capture-0.3.12.jar:/home/travis/build/icyphy/ptII/lib/bridj-0.7.0.jar:/home/travis/build/icyphy/ptII/lib/xbjlib-1.1.0.nrjavaserial.jar:/home/travis/build/icyphy/ptII/ptolemy/moml/test:/home/travis/build/icyphy/ptII/ant/lib/ant-launcher.jar:/home/travis/build/icyphy/ptII/ant/lib/ant.jar:/home/travis/build/icyphy/ptII/ant/lib/ant-junit.jar:/home/travis/build/icyphy/ptII/ant/lib/ant-junit4.jar" />
    <property name="ant.library.dir" value="/home/travis/build/icyphy/ptII/ant/lib" />
    <property name="os.arch" value="amd64" />
    <property name="env.CONTINUOUS_INTEGRATION" value="true" />
    <property name="env.TRAVIS_LANGUAGE" value="node_js" />
    <property name="env.TRAVIS_STACK_LANGUAGES" value="__sardonyx__ c c++ clojure cplusplus cpp default generic go groovy java node_js php pure_java python ruby scala" />
    <property name="test.name" value="ptolemy.actor.lib.test.junit.JUnitTclTest" />
    <property name="env.APT_KEY_DONT_WARN_ON_DANGEROUS_USAGE" value="1" />
    <property name="sun.java.launcher" value="SUN_STANDARD" />
    <property name="env.PYTHON_CONFIGURE_OPTS" value="--enable-unicode=ucs4 --with-wide-unicode --enable-shared --enable-ipv6 --enable-loadable-sqlite-extensions --with-computed-gotos" />
    <property name="ant.core.lib" value="/home/travis/build/icyphy/ptII/ant/lib/ant.jar" />
    <property name="java.vm.specification.vendor" value="Oracle Corporation" />
    <property name="env.BCVTB_HOME" value="/home/travis/build/icyphy/ptII/lbnl" />
    <property name="file.separator" value="/" />
    <property name="spotbugs.home" value="/home/travis/build/icyphy/ptII/vendors/spotbugs-3.1.1" />
    <property name="java.runtime.version" value="11.0.2+9" />
    <property name="env.ANSI_CLEAR" value="\033[0K" />
    <property name="javafx.verbose" value="true" />
    <property name="env.HAS_JOSH_K_SEAL_OF_APPROVAL" value="true" />
    <property name="env.XDG_RUNTIME_DIR" value="/run/user/2000" />
    <property name="env.TRAVIS_OSX_IMAGE" value="" />
    <property name="env.TRAVIS_JOB_ID" value="583976547" />
    <property name="env.TRAVIS_BRANCH" value="master" />
    <property name="user.country" value="US" />
    <property name="env.CERTI_HOME_TRAVIS" value="/home/travis/pthla/certi-tools" />
    <property name="env.SHELL" value="/bin/bash" />
    <property name="java.maxmemory.large" value="3200m" />
    <property name="model" value="" />
    <property name="env.CASHER_DIR" value="/home/travis/.casher" />
    <property name="env.NVM_CD_FLAGS" value="" />
    <property name="java.vendor.version" value="18.9" />
    <property name="jshint.executable" value="/home/travis/node_modules/jshint/bin/jshint" />
    <property name="env.JRUBY_OPTS" value=" --client -J-XX:+TieredCompilation -J-XX:TieredStopAtLevel=1 -J-Xss2m -Xcompile.invokedynamic=false" />
    <property name="java.vendor" value="Oracle Corporation" />
    <property name="env.TRAVIS_PRE_CHEF_BOOTSTRAP_TIME" value="2019-03-25T16:16:42" />
    <property name="env.TRAVIS_STACK_JOB_BOARD_REGISTER" value="/.job-board-register.yml" />
    <property name="env.ANSI_RED" value="\033[31;1m" />
    <property name="java.specification.version" value="11" />
    <property name="env.IRBRC" value="/home/travis/.rvm/rubies/ruby-2.5.3/.irbrc" />
    <property name="env.TRAVIS" value="true" />
    <property name="sun.arch.data.model" value="64" />
  </properties>
  <testcase classname="ptolemy.util.test.junit.TclTests" name="[0] /home/travis/build/icyphy/ptII/ptolemy/domains/de/test/DependencyLoop.tcl (RunTclFile)" time="1.009" />
  <testcase classname="ptolemy.util.test.junit.TclTests" name="[1] /home/travis/build/icyphy/ptII/ptolemy/domains/de/test/RunDETestsAsQSS.tcl (RunTclFile)" time="89.419" />
  <testcase classname="ptolemy.util.test.junit.AutoKnownFailedTests" name="[0] /home/travis/build/icyphy/ptII/ptolemy/domains/de/test/auto/knownFailedTests/DESDFClockTest.xml (RunModel)" time="2.037" />
  <testcase classname="ptolemy.util.test.junit.AutoKnownFailedTests" name="[1] /home/travis/build/icyphy/ptII/ptolemy/domains/de/test/auto/knownFailedTests/DirectFeedback.xml (RunModel)" time="0.028" />
  <testcase classname="ptolemy.util.test.junit.AutoKnownFailedTests" name="[2] /home/travis/build/icyphy/ptII/ptolemy/domains/de/test/auto/knownFailedTests/FSMSource.xml (RunModel)" time="0.033" />
  <testcase classname="ptolemy.util.test.junit.AutoKnownFailedTests" name="[3] /home/travis/build/icyphy/ptII/ptolemy/domains/de/test/auto/knownFailedTests/HierarchicalModel.xml (RunModel)" time="0.038" />
  <testcase classname="ptolemy.util.test.junit.AutoKnownFailedTests" name="[4] /home/travis/build/icyphy/ptII/ptolemy/domains/de/test/auto/knownFailedTests/dependencyLoop.xml (RunModel)" time="0.043" />
  <testcase classname="ptolemy.util.test.junit.AutoKnownFailedTests" name="[5] /home/travis/build/icyphy/ptII/ptolemy/domains/de/test/auto/knownFailedTests/dependencyLoop2.xml (RunModel)" time="0.045" />
  <testcase classname="ptolemy.util.test.junit.AutoNameArchTests" name="[0] ThereAreNoAutoArchTests (RunModel)" time="0.002" />
  <testcase classname="ptolemy.util.test.junit.AutoTests" name="[0] /home/travis/build/icyphy/ptII/ptolemy/domains/de/test/auto/ActorDepthCalculation_actorWithoutPorts.xml (RunModel)" time="0.022" />
  <testcase classname="ptolemy.util.test.junit.AutoTests" name="[1] /home/travis/build/icyphy/ptII/ptolemy/domains/de/test/auto/AssemblyLine.xml (RunModel)" time="0.028" />
  <testcase classname="ptolemy.util.test.junit.AutoTests" name="[2] /home/travis/build/icyphy/ptII/ptolemy/domains/de/test/auto/CQBug1.xml (RunModel)" time="0.012" />
  <testcase classname="ptolemy.util.test.junit.AutoTests" name="[3] /home/travis/build/icyphy/ptII/ptolemy/domains/de/test/auto/CancelFireAt.xml (RunModel)" time="0.006" />
  <testcase classname="ptolemy.util.test.junit.AutoTests" name="[4] /home/travis/build/icyphy/ptII/ptolemy/domains/de/test/auto/CausalityAndComposabilityAnalysis.xml (RunModel)" time="0.014" />
  <testcase classname="ptolemy.util.test.junit.AutoTests" name="[5] /home/travis/build/icyphy/ptII/ptolemy/domains/de/test/auto/CausalityInterface1.xml (RunModel)" time="0.014" />
  <testcase classname="ptolemy.util.test.junit.AutoTests" name="[6] /home/travis/build/icyphy/ptII/ptolemy/domains/de/test/auto/CausalityInterface15.xml (RunModel)" time="0.016" />
  <testcase classname="ptolemy.util.test.junit.AutoTests" name="[7] /home/travis/build/icyphy/ptII/ptolemy/domains/de/test/auto/CausalityInterface2.xml (RunModel)" time="0.015" />
  <testcase classname="ptolemy.util.test.junit.AutoTests" name="[8] /home/travis/build/icyphy/ptII/ptolemy/domains/de/test/auto/CausalityInterface3.xml (RunModel)" time="0.023" />
  <testcase classname="ptolemy.util.test.junit.AutoTests" name="[9] /home/travis/build/icyphy/ptII/ptolemy/domains/de/test/auto/ClockDrift.xml (RunModel)" time="0.041" />
  <testcase classname="ptolemy.util.test.junit.AutoTests" name="[10] /home/travis/build/icyphy/ptII/ptolemy/domains/de/test/auto/ClockDriftAndValueChange.xml (RunModel)" time="0.035" />
  <testcase classname="ptolemy.util.test.junit.AutoTests" name="[11] /home/travis/build/icyphy/ptII/ptolemy/domains/de/test/auto/ClockDriftChange.xml (RunModel)" time="0.032" />
  <testcase classname="ptolemy.util.test.junit.AutoTests" name="[12] /home/travis/build/icyphy/ptII/ptolemy/domains/de/test/auto/ComposableCausalityAnalysis.xml (RunModel)" time="0.018" />
  <testcase classname="ptolemy.util.test.junit.AutoTests" name="[13] /home/travis/build/icyphy/ptII/ptolemy/domains/de/test/auto/DEFixedPointLimitation.xml (RunModel)" time="0.008" />
  <testcase classname="ptolemy.util.test.junit.AutoTests" name="[14] /home/travis/build/icyphy/ptII/ptolemy/domains/de/test/auto/DEScheduleTest.xml (RunModel)" time="0.014" />
  <testcase classname="ptolemy.util.test.junit.AutoTests" name="[15] /home/travis/build/icyphy/ptII/ptolemy/domains/de/test/auto/DEinDEwithStartTimes.xml (RunModel)" time="0.024" />
  <testcase classname="ptolemy.util.test.junit.AutoTests" name="[16] /home/travis/build/icyphy/ptII/ptolemy/domains/de/test/auto/DEinDEwithStartTimes2.xml (RunModel)" time="0.018" />
  <testcase classname="ptolemy.util.test.junit.AutoTests" name="[17] /home/travis/build/icyphy/ptII/ptolemy/domains/de/test/auto/DateDemo.xml (RunModel)" time="0.046" />
  <testcase classname="ptolemy.util.test.junit.AutoTests" name="[18] /home/travis/build/icyphy/ptII/ptolemy/domains/de/test/auto/DateToEvent.xml (RunModel)" time="2.049" />
  <testcase classname="ptolemy.util.test.junit.AutoTests" name="[19] /home/travis/build/icyphy/ptII/ptolemy/domains/de/test/auto/DepthTest1.xml (RunModel)" time="0.011" />
  <testcase classname="ptolemy.util.test.junit.AutoTests" name="[20] /home/travis/build/icyphy/ptII/ptolemy/domains/de/test/auto/DepthTest2.xml (RunModel)" time="0.02" />
  <testcase classname="ptolemy.util.test.junit.AutoTests" name="[21] /home/travis/build/icyphy/ptII/ptolemy/domains/de/test/auto/DepthTest3.xml (RunModel)" time="0.008" />
  <testcase classname="ptolemy.util.test.junit.AutoTests" name="[22] /home/travis/build/icyphy/ptII/ptolemy/domains/de/test/auto/DepthTest4.xml (RunModel)" time="0.022" />
  <testcase classname="ptolemy.util.test.junit.AutoTests" name="[23] /home/travis/build/icyphy/ptII/ptolemy/domains/de/test/auto/DepthTest5.xml (RunModel)" time="0.022" />
  <testcase classname="ptolemy.util.test.junit.AutoTests" name="[24] /home/travis/build/icyphy/ptII/ptolemy/domains/de/test/auto/DepthTest6.xml (RunModel)" time="0.014" />
  <testcase classname="ptolemy.util.test.junit.AutoTests" name="[25] /home/travis/build/icyphy/ptII/ptolemy/domains/de/test/auto/DepthTest7.xml (RunModel)" time="0.01" />
  <testcase classname="ptolemy.util.test.junit.AutoTests" name="[26] /home/travis/build/icyphy/ptII/ptolemy/domains/de/test/auto/EventToDate.xml (RunModel)" time="3.051" />
  <testcase classname="ptolemy.util.test.junit.AutoTests" name="[27] /home/travis/build/icyphy/ptII/ptolemy/domains/de/test/auto/FSM1.xml (RunModel)" time="0.043" />
  <testcase classname="ptolemy.util.test.junit.AutoTests" name="[28] /home/travis/build/icyphy/ptII/ptolemy/domains/de/test/auto/FSM7.xml (RunModel)" time="0.045" />
  <testcase classname="ptolemy.util.test.junit.AutoTests" name="[29] /home/travis/build/icyphy/ptII/ptolemy/domains/de/test/auto/Inspection.xml (RunModel)" time="0.04" />
  <testcase classname="ptolemy.util.test.junit.AutoTests" name="[30] /home/travis/build/icyphy/ptII/ptolemy/domains/de/test/auto/Iteration.xml (RunModel)" time="0.027" />
  <testcase classname="ptolemy.util.test.junit.AutoTests" name="[31] /home/travis/build/icyphy/ptII/ptolemy/domains/de/test/auto/LineFault.xml (RunModel)" time="0.687" />
  <testcase classname="ptolemy.util.test.junit.AutoTests" name="[32] /home/travis/build/icyphy/ptII/ptolemy/domains/de/test/auto/MergeModel1Add.xml (RunModel)" time="0.057" />
  <testcase classname="ptolemy.util.test.junit.AutoTests" name="[33] /home/travis/build/icyphy/ptII/ptolemy/domains/de/test/auto/MergeModel2Add.xml (RunModel)" time="0.041" />
  <testcase classname="ptolemy.util.test.junit.AutoTests" name="[34] /home/travis/build/icyphy/ptII/ptolemy/domains/de/test/auto/MergeModel3Add.xml (RunModel)" time="0.051" />
  <testcase classname="ptolemy.util.test.junit.AutoTests" name="[35] /home/travis/build/icyphy/ptII/ptolemy/domains/de/test/auto/MergeWithoutDiscard.xml (RunModel)" time="0.018" />
  <testcase classname="ptolemy.util.test.junit.AutoTests" name="[36] /home/travis/build/icyphy/ptII/ptolemy/domains/de/test/auto/Modal1.xml (RunModel)" time="0.039" />
  <testcase classname="ptolemy.util.test.junit.AutoTests" name="[37] /home/travis/build/icyphy/ptII/ptolemy/domains/de/test/auto/Modal2.xml (RunModel)" time="0.033" />
  <testcase classname="ptolemy.util.test.junit.AutoTests" name="[38] /home/travis/build/icyphy/ptII/ptolemy/domains/de/test/auto/Modal3.xml (RunModel)" time="0.039" />
  <testcase classname="ptolemy.util.test.junit.AutoTests" name="[39] /home/travis/build/icyphy/ptII/ptolemy/domains/de/test/auto/Modal4.xml (RunModel)" time="0.034" />
  <testcase classname="ptolemy.util.test.junit.AutoTests" name="[40] /home/travis/build/icyphy/ptII/ptolemy/domains/de/test/auto/Modal5.xml (RunModel)" time="0.028" />
  <testcase classname="ptolemy.util.test.junit.AutoTests" name="[41] /home/travis/build/icyphy/ptII/ptolemy/domains/de/test/auto/Modal6.xml (RunModel)" time="0.037" />
  <testcase classname="ptolemy.util.test.junit.AutoTests" name="[42] /home/travis/build/icyphy/ptII/ptolemy/domains/de/test/auto/Modal7.xml (RunModel)" time="0.03" />
  <testcase classname="ptolemy.util.test.junit.AutoTests" name="[43] /home/travis/build/icyphy/ptII/ptolemy/domains/de/test/auto/ModalModel.xml (RunModel)" time="0.19" />
  <testcase classname="ptolemy.util.test.junit.AutoTests" name="[44] /home/travis/build/icyphy/ptII/ptolemy/domains/de/test/auto/ModalSource.xml (RunModel)" time="0.029" />
  <testcase classname="ptolemy.util.test.junit.AutoTests" name="[45] /home/travis/build/icyphy/ptII/ptolemy/domains/de/test/auto/NonInterruptibleTimerZeroDelay.xml (RunModel)" time="0.008" />
  <testcase classname="ptolemy.util.test.junit.AutoTests" name="[46] /home/travis/build/icyphy/ptII/ptolemy/domains/de/test/auto/OpenQueueingNetwork.xml (RunModel)" time="2.711" />
  <testcase classname="ptolemy.util.test.junit.AutoTests" name="[47] /home/travis/build/icyphy/ptII/ptolemy/domains/de/test/auto/OpenQueuingNetwork.xml (RunModel)" time="0.293" />
  <testcase classname="ptolemy.util.test.junit.AutoTests" name="[48] /home/travis/build/icyphy/ptII/ptolemy/domains/de/test/auto/PeriodicSampler.xml (RunModel)" time="0.011" />
  <testcase classname="ptolemy.util.test.junit.AutoTests" name="[49] /home/travis/build/icyphy/ptII/ptolemy/domains/de/test/auto/PersistentIO.xml (RunModel)" time="0.022" />
  <testcase classname="ptolemy.util.test.junit.AutoTests" name="[50] /home/travis/build/icyphy/ptII/ptolemy/domains/de/test/auto/PortParameterResetOnInitialize.xml (RunModel)" time="0.009" />
  <testcase classname="ptolemy.util.test.junit.AutoTests" name="[51] /home/travis/build/icyphy/ptII/ptolemy/domains/de/test/auto/PortParameterUpdates.xml (RunModel)" time="0.019" />
  <testcase classname="ptolemy.util.test.junit.AutoTests" name="[52] /home/travis/build/icyphy/ptII/ptolemy/domains/de/test/auto/QueueAndServer.xml (RunModel)" time="0.018" />
  <testcase classname="ptolemy.util.test.junit.AutoTests" name="[53] /home/travis/build/icyphy/ptII/ptolemy/domains/de/test/auto/Records.xml (RunModel)" time="0.017" />
  <testcase classname="ptolemy.util.test.junit.AutoTests" name="[54] /home/travis/build/icyphy/ptII/ptolemy/domains/de/test/auto/ResetTransitionWithStartTime1.xml (RunModel)" time="0.02" />
  <testcase classname="ptolemy.util.test.junit.AutoTests" name="[55] /home/travis/build/icyphy/ptII/ptolemy/domains/de/test/auto/ResetTransitionWithStartTime2.xml (RunModel)" time="0.019" />
  <testcase classname="ptolemy.util.test.junit.AutoTests" name="[56] /home/travis/build/icyphy/ptII/ptolemy/domains/de/test/auto/ResetTransitionWithStartTime3.xml (RunModel)" time="0.017" />
  <testcase classname="ptolemy.util.test.junit.AutoTests" name="[57] /home/travis/build/icyphy/ptII/ptolemy/domains/de/test/auto/ResetTransitionWithStartTime4.xml (RunModel)" time="0.016" />
  <testcase classname="ptolemy.util.test.junit.AutoTests" name="[58] /home/travis/build/icyphy/ptII/ptolemy/domains/de/test/auto/ResettableTimer1.xml (RunModel)" time="0.009" />
  <testcase classname="ptolemy.util.test.junit.AutoTests" name="[59] /home/travis/build/icyphy/ptII/ptolemy/domains/de/test/auto/ResettableTimer2.xml (RunModel)" time="0.008" />
  <testcase classname="ptolemy.util.test.junit.AutoTests" name="[60] /home/travis/build/icyphy/ptII/ptolemy/domains/de/test/auto/ResettableTimer3.xml (RunModel)" time="0.01" />
  <testcase classname="ptolemy.util.test.junit.AutoTests" name="[61] /home/travis/build/icyphy/ptII/ptolemy/domains/de/test/auto/ResettableTimer4.xml (RunModel)" time="0.01" />
  <testcase classname="ptolemy.util.test.junit.AutoTests" name="[62] /home/travis/build/icyphy/ptII/ptolemy/domains/de/test/auto/ResettableTimer5.xml (RunModel)" time="0.009" />
  <testcase classname="ptolemy.util.test.junit.AutoTests" name="[63] /home/travis/build/icyphy/ptII/ptolemy/domains/de/test/auto/ResettableTimer6.xml (RunModel)" time="0.017" />
  <testcase classname="ptolemy.util.test.junit.AutoTests" name="[64] /home/travis/build/icyphy/ptII/ptolemy/domains/de/test/auto/ServerZeroDelay.xml (RunModel)" time="0.009" />
  <testcase classname="ptolemy.util.test.junit.AutoTests" name="[65] /home/travis/build/icyphy/ptII/ptolemy/domains/de/test/auto/SmartSender.xml (RunModel)" time="3.01" />
  <testcase classname="ptolemy.util.test.junit.AutoTests" name="[66] /home/travis/build/icyphy/ptII/ptolemy/domains/de/test/auto/ThreadedComposite.xml (RunModel)" time="0.189" />
  <testcase classname="ptolemy.util.test.junit.AutoTests" name="[67] /home/travis/build/icyphy/ptII/ptolemy/domains/de/test/auto/Time.xml (RunModel)" time="0.453" />
  <testcase classname="ptolemy.util.test.junit.AutoTests" name="[68] /home/travis/build/icyphy/ptII/ptolemy/domains/de/test/auto/TimeDelayZeroDelay.xml (RunModel)" time="0.017" />
  <testcase classname="ptolemy.util.test.junit.AutoTests" name="[69] /home/travis/build/icyphy/ptII/ptolemy/domains/de/test/auto/TimerZeroDelay.xml (RunModel)" time="0.011" />
  <testcase classname="ptolemy.util.test.junit.AutoTests" name="[70] /home/travis/build/icyphy/ptII/ptolemy/domains/de/test/auto/TimingParadox.xml (RunModel)" time="0.395" />
  <testcase classname="ptolemy.util.test.junit.AutoTests" name="[71] /home/travis/build/icyphy/ptII/ptolemy/domains/de/test/auto/TransferInputs.xml (RunModel)" time="0.02" />
  <testcase classname="ptolemy.util.test.junit.AutoTests" name="[72] /home/travis/build/icyphy/ptII/ptolemy/domains/de/test/auto/TransferOutputs2.xml (RunModel)" time="0.014" />
  <testcase classname="ptolemy.util.test.junit.AutoTests" name="[73] /home/travis/build/icyphy/ptII/ptolemy/domains/de/test/auto/Trilateration.xml (RunModel)" time="12.376" />
  <testcase classname="ptolemy.util.test.junit.AutoTests" name="[74] /home/travis/build/icyphy/ptII/ptolemy/domains/de/test/auto/TwoSigmaDelta.xml (RunModel)" time="2.054" />
  <testcase classname="ptolemy.util.test.junit.AutoTests" name="[75] /home/travis/build/icyphy/ptII/ptolemy/domains/de/test/auto/VariableDelay.xml (RunModel)" time="0.018" />
  <testcase classname="ptolemy.util.test.junit.AutoTests" name="[76] /home/travis/build/icyphy/ptII/ptolemy/domains/de/test/auto/VariableDelay2.xml (RunModel)" time="0.008" />
  <testcase classname="ptolemy.util.test.junit.AutoTests" name="[77] /home/travis/build/icyphy/ptII/ptolemy/domains/de/test/auto/VariableDelayZeroDelay.xml (RunModel)" time="0.01" />
  <testcase classname="ptolemy.util.test.junit.AutoTests" name="[78] /home/travis/build/icyphy/ptII/ptolemy/domains/de/test/auto/VariableDelayZeroDelay2.xml (RunModel)" time="0.009" />
  <testcase classname="ptolemy.util.test.junit.AutoTests" name="[79] /home/travis/build/icyphy/ptII/ptolemy/domains/de/test/auto/deInCt.xml (RunModel)" time="0.018" />
  <testcase classname="ptolemy.util.test.junit.AutoTests" name="[80] /home/travis/build/icyphy/ptII/ptolemy/domains/de/test/auto/deInCt2.xml (RunModel)" time="0.015" />
  <testcase classname="ptolemy.util.test.junit.AutoTests" name="[81] /home/travis/build/icyphy/ptII/ptolemy/domains/de/test/auto/dynamicCausalityInterface1.xml (RunModel)" time="0.016" />
  <testcase classname="ptolemy.util.test.junit.AutoTests" name="[82] /home/travis/build/icyphy/ptII/ptolemy/domains/de/test/auto/fsm_de_test.xml (RunModel)" time="0.022" />
  <testcase classname="ptolemy.util.test.junit.AutoTests" name="[83] /home/travis/build/icyphy/ptII/ptolemy/domains/de/test/auto/functionDependencyReconstruction.xml (RunModel)" time="0.031" />
  <testcase classname="ptolemy.util.test.junit.AutoTests" name="[84] /home/travis/build/icyphy/ptII/ptolemy/domains/de/test/auto/multirate.xml (RunModel)" time="0.014" />
  <testcase classname="ptolemy.util.test.junit.AutoTests" name="[85] /home/travis/build/icyphy/ptII/ptolemy/domains/de/test/auto/multirate2.xml (RunModel)" time="0.013" />
  <testcase classname="ptolemy.util.test.junit.AutoTests" name="[86] /home/travis/build/icyphy/ptII/ptolemy/domains/de/test/auto/realtime.xml (RunModel)" time="10.01" />
  <testcase classname="ptolemy.util.test.junit.AutoTests" name="[87] /home/travis/build/icyphy/ptII/ptolemy/domains/de/test/auto/relationGroup.xml (RunModel)" time="0.015" />
  <testcase classname="ptolemy.util.test.junit.AutoTests" name="[88] /home/travis/build/icyphy/ptII/ptolemy/domains/de/test/auto/relationGroup2.xml (RunModel)" time="0.014" />
  <testcase classname="ptolemy.util.test.junit.AutoTests" name="[89] /home/travis/build/icyphy/ptII/ptolemy/domains/de/test/auto/sortWithOpaquePorts.xml (RunModel)" time="0.013" />
  <testcase classname="ptolemy.util.test.junit.AutoTests" name="[90] /home/travis/build/icyphy/ptII/ptolemy/domains/de/test/auto/transferInputsandOutputs.xml (RunModel)" time="0.017" />
  <testcase classname="ptolemy.util.test.junit.AutoTests" name="[91] /home/travis/build/icyphy/ptII/ptolemy/domains/de/test/auto/triggerType.xml (RunModel)" time="0.009" />
  <system-out><![CDATA[/home/travis/build/icyphy/ptII/ptolemy/domains/de/test/DependencyLoop.tcl
testDefs.tcl: setting time out to 9000 seconds at Thu Sep 12 05:36:00 UTC 2019
76 ms. Memory: 120832K Free: 72134K (60%)
22 ms. Memory: 120832K Free: 54711K (45%)
/home/travis/build/icyphy/ptII/ptolemy/domains/de/test/RunDETestsAsQSS.tcl
Run the DE tests using ptolemy.domains.qss.test.QSSDirectorTest, which extends QSSDirector and prints a message in the constructors.
------------------ testing $PTII/ptolemy/domains/de/test/auto/knownFailedTests/DirectFeedback.xml (Known Failure) 
47 ms. Memory: 120832K Free: 49096K (41%)


==== $PTIIhome/travis/build/icyphy/ptII/ptolemy/domains/de/test/../../../../: Auto Automatic test in file $PTII/ptolemy/domains/de/test/auto/knownFailedTests/DirectFeedback.xml
==== Contents of test case:

	    # FIXME: we should use $relativeFilename here, but it
	    # might have backslashes under Windows, which causes no end
	    # of trouble.
	    createAndExecute $file
	    list {}
	
.... Test generated KNOWN error:
    while executing
ptolemy.kernel.util.IllegalActionException: Test fails in iteration 1.
Value was: 1.0. Should have been: 2.0
  in .DirectFeedback.Test
	at ptolemy.actor.lib.Test.fire(Test.java:268)
	at ptolemy.domains.de.kernel.DEDirector._fire(DEDirector.java:1949)
	at ptolemy.domains.de.kernel.DEDirector.fire(DEDirector.java:502)
	at ptolemy.actor.CompositeActor.fire(CompositeActor.java:455)
	at ptolemy.actor.Manager.iterate(Manager.java:851)
	at ptolemy.actor.Manager.execute(Manager.java:369)
	at ptolemy.actor.Manager.run(Manager.java:1263)
	at ptolemy.actor.Manager$PtolemyRunThread.run(Manager.java:1933)

    while executing
ptolemy.kernel.util.IllegalActionException: Test fails in iteration 1.
Value was: 1.0. Should have been: 2.0
  in .DirectFeedback.Test
    while executing
"java::new ptolemy.moml.MoMLSimpleApplication $file
"
    (procedure "createAndExecute" line 2)
    invoked from within
"createAndExecute $file"
    ("uplevel" body line 5)
    invoked from within
"uplevel $contents_of_test"
------------------ testing $PTII/ptolemy/domains/de/test/auto/knownFailedTests/dependencyLoop.xml (Known Failure) 
21 ms. Memory: 120832K Free: 46024K (38%)


==== $PTIIhome/travis/build/icyphy/ptII/ptolemy/domains/de/test/../../../../: Auto Automatic test in file $PTII/ptolemy/domains/de/test/auto/knownFailedTests/dependencyLoop.xml
==== Contents of test case:

	    # FIXME: we should use $relativeFilename here, but it
	    # might have backslashes under Windows, which causes no end
	    # of trouble.
	    createAndExecute $file
	    list {}
	
.... Test generated KNOWN error:
    while executing
ptolemy.kernel.util.IllegalActionException: Found a zero delay loop containing .dependencyLoop.original
  in .dependencyLoop and .dependencyLoop.original
	at ptolemy.actor.util.CausalityInterfaceForComposites._computeOutputPortDepth(CausalityInterfaceForComposites.java:759)
	at ptolemy.actor.util.CausalityInterfaceForComposites._computeInputDepth(CausalityInterfaceForComposites.java:696)
	at ptolemy.actor.util.CausalityInterfaceForComposites._computeOutputPortDepth(CausalityInterfaceForComposites.java:765)
	at ptolemy.actor.util.CausalityInterfaceForComposites._computeInputDepth(CausalityInterfaceForComposites.java:696)
	at ptolemy.actor.util.CausalityInterfaceForComposites._computeOutputPortDepth(CausalityInterfaceForComposites.java:765)
	at ptolemy.actor.util.CausalityInterfaceForComposites._computeInputDepth(CausalityInterfaceForComposites.java:696)
	at ptolemy.actor.util.CausalityInterfaceForComposites._computeActorDepth(CausalityInterfaceForComposites.java:532)
	at ptolemy.actor.util.CausalityInterfaceForComposites.checkForCycles(CausalityInterfaceForComposites.java:96)
	at ptolemy.domains.de.kernel.DEDirector.preinitialize(DEDirector.java:1338)
	at ptolemy.actor.CompositeActor.preinitialize(CompositeActor.java:1828)
	at ptolemy.actor.Manager.preinitializeAndResolveTypes(Manager.java:1040)
	at ptolemy.actor.Manager.initialize(Manager.java:710)
	at ptolemy.actor.Manager.execute(Manager.java:356)
	at ptolemy.actor.Manager.run(Manager.java:1263)
	at ptolemy.actor.Manager$PtolemyRunThread.run(Manager.java:1933)

    while executing
ptolemy.kernel.util.IllegalActionException: Found a zero delay loop containing .dependencyLoop.original
  in .dependencyLoop and .dependencyLoop.original
    while executing
"java::new ptolemy.moml.MoMLSimpleApplication $file
"
    (procedure "createAndExecute" line 2)
    invoked from within
"createAndExecute $file"
    ("uplevel" body line 5)
    invoked from within
"uplevel $contents_of_test"
------------------ testing $PTII/ptolemy/domains/de/test/auto/knownFailedTests/FSMSource.xml (Known Failure) 
42 ms. Memory: 120832K Free: 99419K (82%)
!!!! Auto was marked as failing, but now passes
------------------ testing $PTII/ptolemy/domains/de/test/auto/knownFailedTests/HierarchicalModel.xml (Known Failure) 
9 ms. Memory: 120832K Free: 82003K (68%)


==== $PTIIhome/travis/build/icyphy/ptII/ptolemy/domains/de/test/../../../../: Auto Automatic test in file $PTII/ptolemy/domains/de/test/auto/knownFailedTests/HierarchicalModel.xml
==== Contents of test case:

	    # FIXME: we should use $relativeFilename here, but it
	    # might have backslashes under Windows, which causes no end
	    # of trouble.
	    createAndExecute $file
	    list {}
	
.... Test generated KNOWN error:
    while executing
ptolemy.kernel.util.IllegalActionException: Found a zero delay loop containing .HierarchicalModel.A
  in .HierarchicalModel and .HierarchicalModel.A
	at ptolemy.actor.util.CausalityInterfaceForComposites._computeOutputPortDepth(CausalityInterfaceForComposites.java:759)
	at ptolemy.actor.util.CausalityInterfaceForComposites._computeInputDepth(CausalityInterfaceForComposites.java:696)
	at ptolemy.actor.util.CausalityInterfaceForComposites._computeOutputPortDepth(CausalityInterfaceForComposites.java:765)
	at ptolemy.actor.util.CausalityInterfaceForComposites._computeInputDepth(CausalityInterfaceForComposites.java:696)
	at ptolemy.actor.util.CausalityInterfaceForComposites._computeOutputPortDepth(CausalityInterfaceForComposites.java:765)
	at ptolemy.actor.util.CausalityInterfaceForComposites._computeInputDepth(CausalityInterfaceForComposites.java:696)
	at ptolemy.actor.util.CausalityInterfaceForComposites._computeActorDepth(CausalityInterfaceForComposites.java:532)
	at ptolemy.actor.util.CausalityInterfaceForComposites.checkForCycles(CausalityInterfaceForComposites.java:96)
	at ptolemy.domains.de.kernel.DEDirector.preinitialize(DEDirector.java:1338)
	at ptolemy.actor.CompositeActor.preinitialize(CompositeActor.java:1828)
	at ptolemy.actor.Manager.preinitializeAndResolveTypes(Manager.java:1040)
	at ptolemy.actor.Manager.initialize(Manager.java:710)
	at ptolemy.actor.Manager.execute(Manager.java:356)
	at ptolemy.actor.Manager.run(Manager.java:1263)
	at ptolemy.actor.Manager$PtolemyRunThread.run(Manager.java:1933)

    while executing
ptolemy.kernel.util.IllegalActionException: Found a zero delay loop containing .HierarchicalModel.A
  in .HierarchicalModel and .HierarchicalModel.A
    while executing
"java::new ptolemy.moml.MoMLSimpleApplication $file
"
    (procedure "createAndExecute" line 2)
    invoked from within
"createAndExecute $file"
    ("uplevel" body line 5)
    invoked from within
"uplevel $contents_of_test"
------------------ testing $PTII/ptolemy/domains/de/test/auto/knownFailedTests/dependencyLoop2.xml (Known Failure) 
30 ms. Memory: 120832K Free: 106449K (88%)


==== $PTIIhome/travis/build/icyphy/ptII/ptolemy/domains/de/test/../../../../: Auto Automatic test in file $PTII/ptolemy/domains/de/test/auto/knownFailedTests/dependencyLoop2.xml
==== Contents of test case:

	    # FIXME: we should use $relativeFilename here, but it
	    # might have backslashes under Windows, which causes no end
	    # of trouble.
	    createAndExecute $file
	    list {}
	
.... Test generated KNOWN error:
    while executing
ptolemy.kernel.util.IllegalActionException: Found a zero delay loop containing .dependencyLoop2.original
  in .dependencyLoop2 and .dependencyLoop2.original
	at ptolemy.actor.util.CausalityInterfaceForComposites._computeOutputPortDepth(CausalityInterfaceForComposites.java:759)
	at ptolemy.actor.util.CausalityInterfaceForComposites._computeInputDepth(CausalityInterfaceForComposites.java:696)
	at ptolemy.actor.util.CausalityInterfaceForComposites._computeOutputPortDepth(CausalityInterfaceForComposites.java:765)
	at ptolemy.actor.util.CausalityInterfaceForComposites._computeInputDepth(CausalityInterfaceForComposites.java:696)
	at ptolemy.actor.util.CausalityInterfaceForComposites._computeOutputPortDepth(CausalityInterfaceForComposites.java:765)
	at ptolemy.actor.util.CausalityInterfaceForComposites._computeInputDepth(CausalityInterfaceForComposites.java:696)
	at ptolemy.actor.util.CausalityInterfaceForComposites._computeActorDepth(CausalityInterfaceForComposites.java:532)
	at ptolemy.actor.util.CausalityInterfaceForComposites.checkForCycles(CausalityInterfaceForComposites.java:96)
	at ptolemy.domains.de.kernel.DEDirector.preinitialize(DEDirector.java:1338)
	at ptolemy.actor.CompositeActor.preinitialize(CompositeActor.java:1828)
	at ptolemy.actor.Manager.preinitializeAndResolveTypes(Manager.java:1040)
	at ptolemy.actor.Manager.initialize(Manager.java:710)
	at ptolemy.actor.Manager.execute(Manager.java:356)
	at ptolemy.actor.Manager.run(Manager.java:1263)
	at ptolemy.actor.Manager$PtolemyRunThread.run(Manager.java:1933)

    while executing
ptolemy.kernel.util.IllegalActionException: Found a zero delay loop containing .dependencyLoop2.original
  in .dependencyLoop2 and .dependencyLoop2.original
    while executing
"java::new ptolemy.moml.MoMLSimpleApplication $file
"
    (procedure "createAndExecute" line 2)
    invoked from within
"createAndExecute $file"
    ("uplevel" body line 5)
    invoked from within
"uplevel $contents_of_test"
------------------ testing $PTII/ptolemy/domains/de/test/auto/knownFailedTests/DESDFClockTest.xml (Known Failure) 
2069 ms. Memory: 120832K Free: 93381K (77%)


==== $PTIIhome/travis/build/icyphy/ptII/ptolemy/domains/de/test/../../../../: Auto Automatic test in file $PTII/ptolemy/domains/de/test/auto/knownFailedTests/DESDFClockTest.xml
==== Contents of test case:

	    # FIXME: we should use $relativeFilename here, but it
	    # might have backslashes under Windows, which causes no end
	    # of trouble.
	    createAndExecute $file
	    list {}
	
.... Test generated KNOWN error:
    while executing
ptolemy.kernel.util.IllegalActionException: Actor is not ready to fire.  Perhaps UpSample.prefire() returned false? Try debugging the actor by selecting "Listen to Actor".  Also, for SDF check moml for tokenConsumptionRate on input.
  in .DESDFClockTest.Play Bell.Copy1:SDF Director and .DESDFClockTest.Play Bell.UpSample
	at ptolemy.actor.sched.StaticSchedulingDirector.fire(StaticSchedulingDirector.java:227)
	at ptolemy.domains.sdf.kernel.SDFDirector.fire(SDFDirector.java:500)
	at ptolemy.actor.CompositeActor.fire(CompositeActor.java:455)
	at ptolemy.domains.de.kernel.DEDirector._fire(DEDirector.java:1949)
	at ptolemy.domains.de.kernel.DEDirector.fire(DEDirector.java:502)
	at ptolemy.actor.CompositeActor.fire(CompositeActor.java:455)
	at ptolemy.actor.Manager.iterate(Manager.java:851)
	at ptolemy.actor.Manager.execute(Manager.java:369)
	at ptolemy.actor.Manager.run(Manager.java:1263)
	at ptolemy.actor.Manager$PtolemyRunThread.run(Manager.java:1933)

    while executing
ptolemy.kernel.util.IllegalActionException: Actor is not ready to fire.  Perhaps UpSample.prefire() returned false? Try debugging the actor by selecting "Listen to Actor".  Also, for SDF check moml for tokenConsumptionRate on input.
  in .DESDFClockTest.Play Bell.Copy1:SDF Director and .DESDFClockTest.Play Bell.UpSample
    while executing
"java::new ptolemy.moml.MoMLSimpleApplication $file
"
    (procedure "createAndExecute" line 2)
    invoked from within
"createAndExecute $file"
    ("uplevel" body line 5)
    invoked from within
"uplevel $contents_of_test"
------------------ testing $PTII/ptolemy/domains/de/test/auto/ActorDepthCalculation_actorWithoutPorts.xml
auto.tcl: Setting watchdog for 200 seconds at Thu Sep 12 05:36:03 UTC 2019
4 ms. Memory: 120832K Free: 86175K (71%)
ptolemy.util.test.WatchDog.cancel(): canceling Thu Sep 12 05:36:03 UTC 2019
auto.tcl: Setting watchdog for 200 seconds at Thu Sep 12 05:36:03 UTC 2019
5 ms. Memory: 120832K Free: 84522K (70%)
ptolemy.util.test.WatchDog.cancel(): canceling Thu Sep 12 05:36:03 UTC 2019
------------------ testing $PTII/ptolemy/domains/de/test/auto/AssemblyLine.xml
auto.tcl: Setting watchdog for 200 seconds at Thu Sep 12 05:36:04 UTC 2019
29 ms. Memory: 48128K Free: 26014K (54%)
ptolemy.util.test.WatchDog.cancel(): canceling Thu Sep 12 05:36:04 UTC 2019
auto.tcl: Setting watchdog for 200 seconds at Thu Sep 12 05:36:04 UTC 2019
15 ms. Memory: 48128K Free: 24876K (52%)
ptolemy.util.test.WatchDog.cancel(): canceling Thu Sep 12 05:36:04 UTC 2019
------------------ testing $PTII/ptolemy/domains/de/test/auto/CQBug1.xml
auto.tcl: Setting watchdog for 200 seconds at Thu Sep 12 05:36:04 UTC 2019
2 ms. Memory: 48128K Free: 31885K (66%)
ptolemy.util.test.WatchDog.cancel(): canceling Thu Sep 12 05:36:04 UTC 2019
auto.tcl: Setting watchdog for 200 seconds at Thu Sep 12 05:36:04 UTC 2019
2 ms. Memory: 48128K Free: 31407K (65%)
ptolemy.util.test.WatchDog.cancel(): canceling Thu Sep 12 05:36:04 UTC 2019
------------------ testing $PTII/ptolemy/domains/de/test/auto/CancelFireAt.xml
auto.tcl: Setting watchdog for 200 seconds at Thu Sep 12 05:36:04 UTC 2019
2 ms. Memory: 48128K Free: 32739K (68%)
ptolemy.util.test.WatchDog.cancel(): canceling Thu Sep 12 05:36:04 UTC 2019
auto.tcl: Setting watchdog for 200 seconds at Thu Sep 12 05:36:04 UTC 2019
2 ms. Memory: 48128K Free: 32308K (67%)
ptolemy.util.test.WatchDog.cancel(): canceling Thu Sep 12 05:36:04 UTC 2019
------------------ testing $PTII/ptolemy/domains/de/test/auto/CausalityAndComposabilityAnalysis.xml
auto.tcl: Setting watchdog for 200 seconds at Thu Sep 12 05:36:04 UTC 2019
16 ms. Memory: 48128K Free: 30998K (64%)
ptolemy.util.test.WatchDog.cancel(): canceling Thu Sep 12 05:36:04 UTC 2019
auto.tcl: Setting watchdog for 200 seconds at Thu Sep 12 05:36:04 UTC 2019
5 ms. Memory: 48128K Free: 30136K (63%)
ptolemy.util.test.WatchDog.cancel(): canceling Thu Sep 12 05:36:04 UTC 2019
------------------ testing $PTII/ptolemy/domains/de/test/auto/CausalityInterface1.xml
auto.tcl: Setting watchdog for 200 seconds at Thu Sep 12 05:36:04 UTC 2019
37 ms. Memory: 48128K Free: 29421K (61%)
ptolemy.util.test.WatchDog.cancel(): canceling Thu Sep 12 05:36:04 UTC 2019
auto.tcl: Setting watchdog for 200 seconds at Thu Sep 12 05:36:04 UTC 2019
4 ms. Memory: 48128K Free: 28445K (59%)
ptolemy.util.test.WatchDog.cancel(): canceling Thu Sep 12 05:36:04 UTC 2019
------------------ testing $PTII/ptolemy/domains/de/test/auto/CausalityInterface15.xml
auto.tcl: Setting watchdog for 200 seconds at Thu Sep 12 05:36:04 UTC 2019
9 ms. Memory: 48128K Free: 29459K (61%)
ptolemy.util.test.WatchDog.cancel(): canceling Thu Sep 12 05:36:04 UTC 2019
auto.tcl: Setting watchdog for 200 seconds at Thu Sep 12 05:36:04 UTC 2019
7 ms. Memory: 48128K Free: 28408K (59%)
ptolemy.util.test.WatchDog.cancel(): canceling Thu Sep 12 05:36:04 UTC 2019
------------------ testing $PTII/ptolemy/domains/de/test/auto/CausalityInterface2.xml
auto.tcl: Setting watchdog for 200 seconds at Thu Sep 12 05:36:04 UTC 2019
4 ms. Memory: 48128K Free: 29966K (62%)
ptolemy.util.test.WatchDog.cancel(): canceling Thu Sep 12 05:36:05 UTC 2019
auto.tcl: Setting watchdog for 200 seconds at Thu Sep 12 05:36:05 UTC 2019
3 ms. Memory: 48128K Free: 29297K (61%)
ptolemy.util.test.WatchDog.cancel(): canceling Thu Sep 12 05:36:05 UTC 2019
------------------ testing $PTII/ptolemy/domains/de/test/auto/CausalityInterface3.xml
auto.tcl: Setting watchdog for 200 seconds at Thu Sep 12 05:36:05 UTC 2019
3 ms. Memory: 48128K Free: 29524K (61%)
ptolemy.util.test.WatchDog.cancel(): canceling Thu Sep 12 05:36:05 UTC 2019
auto.tcl: Setting watchdog for 200 seconds at Thu Sep 12 05:36:05 UTC 2019
3 ms. Memory: 48128K Free: 28738K (60%)
ptolemy.util.test.WatchDog.cancel(): canceling Thu Sep 12 05:36:05 UTC 2019
------------------ testing $PTII/ptolemy/domains/de/test/auto/ClockDrift.xml
auto.tcl: Setting watchdog for 200 seconds at Thu Sep 12 05:36:05 UTC 2019
82 ms. Memory: 48128K Free: 22109K (46%)
ptolemy.util.test.WatchDog.cancel(): canceling Thu Sep 12 05:36:05 UTC 2019
auto.tcl: Setting watchdog for 200 seconds at Thu Sep 12 05:36:05 UTC 2019
35 ms. Memory: 48128K Free: 19095K (40%)
ptolemy.util.test.WatchDog.cancel(): canceling Thu Sep 12 05:36:05 UTC 2019
------------------ testing $PTII/ptolemy/domains/de/test/auto/ClockDriftAndValueChange.xml
auto.tcl: Setting watchdog for 200 seconds at Thu Sep 12 05:36:05 UTC 2019
37 ms. Memory: 48128K Free: 22181K (46%)
ptolemy.util.test.WatchDog.cancel(): canceling Thu Sep 12 05:36:05 UTC 2019
auto.tcl: Setting watchdog for 200 seconds at Thu Sep 12 05:36:05 UTC 2019
25 ms. Memory: 48128K Free: 19347K (40%)
ptolemy.util.test.WatchDog.cancel(): canceling Thu Sep 12 05:36:05 UTC 2019
------------------ testing $PTII/ptolemy/domains/de/test/auto/ClockDriftChange.xml
auto.tcl: Setting watchdog for 200 seconds at Thu Sep 12 05:36:05 UTC 2019
24 ms. Memory: 48128K Free: 23973K (50%)
ptolemy.util.test.WatchDog.cancel(): canceling Thu Sep 12 05:36:05 UTC 2019
auto.tcl: Setting watchdog for 200 seconds at Thu Sep 12 05:36:05 UTC 2019
14 ms. Memory: 48128K Free: 21394K (44%)
ptolemy.util.test.WatchDog.cancel(): canceling Thu Sep 12 05:36:05 UTC 2019
------------------ testing $PTII/ptolemy/domains/de/test/auto/ComposableCausalityAnalysis.xml
auto.tcl: Setting watchdog for 200 seconds at Thu Sep 12 05:36:05 UTC 2019
3 ms. Memory: 48128K Free: 28830K (60%)
ptolemy.util.test.WatchDog.cancel(): canceling Thu Sep 12 05:36:05 UTC 2019
auto.tcl: Setting watchdog for 200 seconds at Thu Sep 12 05:36:05 UTC 2019
5 ms. Memory: 48128K Free: 27822K (58%)
ptolemy.util.test.WatchDog.cancel(): canceling Thu Sep 12 05:36:05 UTC 2019
------------------ testing $PTII/ptolemy/domains/de/test/auto/DEFixedPointLimitation.xml
auto.tcl: Setting watchdog for 200 seconds at Thu Sep 12 05:36:05 UTC 2019
4 ms. Memory: 48128K Free: 30201K (63%)
ptolemy.util.test.WatchDog.cancel(): canceling Thu Sep 12 05:36:05 UTC 2019
auto.tcl: Setting watchdog for 200 seconds at Thu Sep 12 05:36:05 UTC 2019
1 ms. Memory: 48128K Free: 29290K (61%)
ptolemy.util.test.WatchDog.cancel(): canceling Thu Sep 12 05:36:05 UTC 2019
------------------ testing $PTII/ptolemy/domains/de/test/auto/DEScheduleTest.xml
auto.tcl: Setting watchdog for 200 seconds at Thu Sep 12 05:36:05 UTC 2019
4 ms. Memory: 48128K Free: 30515K (63%)
ptolemy.util.test.WatchDog.cancel(): canceling Thu Sep 12 05:36:05 UTC 2019
auto.tcl: Setting watchdog for 200 seconds at Thu Sep 12 05:36:05 UTC 2019
2 ms. Memory: 48128K Free: 29739K (62%)
ptolemy.util.test.WatchDog.cancel(): canceling Thu Sep 12 05:36:05 UTC 2019
------------------ testing $PTII/ptolemy/domains/de/test/auto/DEinDEwithStartTimes.xml
auto.tcl: Setting watchdog for 200 seconds at Thu Sep 12 05:36:05 UTC 2019
7 ms. Memory: 48128K Free: 28666K (60%)
ptolemy.util.test.WatchDog.cancel(): canceling Thu Sep 12 05:36:05 UTC 2019
auto.tcl: Setting watchdog for 200 seconds at Thu Sep 12 05:36:05 UTC 2019
2 ms. Memory: 48128K Free: 27642K (57%)
ptolemy.util.test.WatchDog.cancel(): canceling Thu Sep 12 05:36:05 UTC 2019
------------------ testing $PTII/ptolemy/domains/de/test/auto/DEinDEwithStartTimes2.xml
auto.tcl: Setting watchdog for 200 seconds at Thu Sep 12 05:36:05 UTC 2019
7 ms. Memory: 48128K Free: 27844K (58%)
ptolemy.util.test.WatchDog.cancel(): canceling Thu Sep 12 05:36:05 UTC 2019
auto.tcl: Setting watchdog for 200 seconds at Thu Sep 12 05:36:05 UTC 2019
7 ms. Memory: 48128K Free: 26769K (56%)
ptolemy.util.test.WatchDog.cancel(): canceling Thu Sep 12 05:36:05 UTC 2019
------------------ testing $PTII/ptolemy/domains/de/test/auto/DateDemo.xml
auto.tcl: Setting watchdog for 200 seconds at Thu Sep 12 05:36:06 UTC 2019
12 ms. Memory: 48128K Free: 22239K (46%)
ptolemy.util.test.WatchDog.cancel(): canceling Thu Sep 12 05:36:06 UTC 2019
auto.tcl: Setting watchdog for 200 seconds at Thu Sep 12 05:36:06 UTC 2019
7 ms. Memory: 48128K Free: 20672K (43%)
ptolemy.util.test.WatchDog.cancel(): canceling Thu Sep 12 05:36:06 UTC 2019
------------------ testing $PTII/ptolemy/domains/de/test/auto/DateToEvent.xml
auto.tcl: Setting watchdog for 200 seconds at Thu Sep 12 05:36:06 UTC 2019
2016 ms. Memory: 48128K Free: 18161K (38%)
ptolemy.util.test.WatchDog.cancel(): canceling Thu Sep 12 05:36:08 UTC 2019
auto.tcl: Setting watchdog for 200 seconds at Thu Sep 12 05:36:08 UTC 2019
2006 ms. Memory: 48128K Free: 17308K (36%)
ptolemy.util.test.WatchDog.cancel(): canceling Thu Sep 12 05:36:10 UTC 2019
------------------ testing $PTII/ptolemy/domains/de/test/auto/DepthTest1.xml
auto.tcl: Setting watchdog for 200 seconds at Thu Sep 12 05:36:10 UTC 2019
3 ms. Memory: 48128K Free: 31310K (65%)
ptolemy.util.test.WatchDog.cancel(): canceling Thu Sep 12 05:36:10 UTC 2019
auto.tcl: Setting watchdog for 200 seconds at Thu Sep 12 05:36:10 UTC 2019
3 ms. Memory: 48128K Free: 30888K (64%)
ptolemy.util.test.WatchDog.cancel(): canceling Thu Sep 12 05:36:10 UTC 2019
------------------ testing $PTII/ptolemy/domains/de/test/auto/DepthTest2.xml
auto.tcl: Setting watchdog for 200 seconds at Thu Sep 12 05:36:10 UTC 2019
4 ms. Memory: 48128K Free: 28139K (58%)
ptolemy.util.test.WatchDog.cancel(): canceling Thu Sep 12 05:36:10 UTC 2019
auto.tcl: Setting watchdog for 200 seconds at Thu Sep 12 05:36:10 UTC 2019
3 ms. Memory: 48128K Free: 27693K (58%)
ptolemy.util.test.WatchDog.cancel(): canceling Thu Sep 12 05:36:10 UTC 2019
------------------ testing $PTII/ptolemy/domains/de/test/auto/DepthTest3.xml
auto.tcl: Setting watchdog for 200 seconds at Thu Sep 12 05:36:10 UTC 2019
4 ms. Memory: 48128K Free: 31640K (66%)
ptolemy.util.test.WatchDog.cancel(): canceling Thu Sep 12 05:36:10 UTC 2019
auto.tcl: Setting watchdog for 200 seconds at Thu Sep 12 05:36:10 UTC 2019
2 ms. Memory: 48128K Free: 31218K (65%)
ptolemy.util.test.WatchDog.cancel(): canceling Thu Sep 12 05:36:10 UTC 2019
------------------ testing $PTII/ptolemy/domains/de/test/auto/DepthTest4.xml
auto.tcl: Setting watchdog for 200 seconds at Thu Sep 12 05:36:10 UTC 2019
6 ms. Memory: 48128K Free: 29989K (62%)
ptolemy.util.test.WatchDog.cancel(): canceling Thu Sep 12 05:36:10 UTC 2019
auto.tcl: Setting watchdog for 200 seconds at Thu Sep 12 05:36:10 UTC 2019
3 ms. Memory: 48128K Free: 29251K (61%)
ptolemy.util.test.WatchDog.cancel(): canceling Thu Sep 12 05:36:10 UTC 2019
------------------ testing $PTII/ptolemy/domains/de/test/auto/DepthTest5.xml
auto.tcl: Setting watchdog for 200 seconds at Thu Sep 12 05:36:10 UTC 2019
4 ms. Memory: 48128K Free: 29346K (61%)
ptolemy.util.test.WatchDog.cancel(): canceling Thu Sep 12 05:36:10 UTC 2019
auto.tcl: Setting watchdog for 200 seconds at Thu Sep 12 05:36:10 UTC 2019
2 ms. Memory: 48128K Free: 28600K (59%)
ptolemy.util.test.WatchDog.cancel(): canceling Thu Sep 12 05:36:10 UTC 2019
------------------ testing $PTII/ptolemy/domains/de/test/auto/DepthTest6.xml
auto.tcl: Setting watchdog for 200 seconds at Thu Sep 12 05:36:10 UTC 2019
3 ms. Memory: 48128K Free: 29069K (60%)
ptolemy.util.test.WatchDog.cancel(): canceling Thu Sep 12 05:36:10 UTC 2019
auto.tcl: Setting watchdog for 200 seconds at Thu Sep 12 05:36:10 UTC 2019
3 ms. Memory: 48128K Free: 28606K (59%)
ptolemy.util.test.WatchDog.cancel(): canceling Thu Sep 12 05:36:10 UTC 2019
------------------ testing $PTII/ptolemy/domains/de/test/auto/DepthTest7.xml
auto.tcl: Setting watchdog for 200 seconds at Thu Sep 12 05:36:10 UTC 2019
2 ms. Memory: 48128K Free: 29914K (62%)
ptolemy.util.test.WatchDog.cancel(): canceling Thu Sep 12 05:36:10 UTC 2019
auto.tcl: Setting watchdog for 200 seconds at Thu Sep 12 05:36:10 UTC 2019
3 ms. Memory: 48128K Free: 29160K (61%)
ptolemy.util.test.WatchDog.cancel(): canceling Thu Sep 12 05:36:10 UTC 2019
------------------ testing $PTII/ptolemy/domains/de/test/auto/EventToDate.xml
auto.tcl: Setting watchdog for 200 seconds at Thu Sep 12 05:36:10 UTC 2019
3009 ms. Memory: 48128K Free: 20469K (43%)
ptolemy.util.test.WatchDog.cancel(): canceling Thu Sep 12 05:36:13 UTC 2019
auto.tcl: Setting watchdog for 200 seconds at Thu Sep 12 05:36:13 UTC 2019
3004 ms. Memory: 48128K Free: 19995K (42%)
ptolemy.util.test.WatchDog.cancel(): canceling Thu Sep 12 05:36:16 UTC 2019
------------------ testing $PTII/ptolemy/domains/de/test/auto/FSM1.xml
auto.tcl: Setting watchdog for 200 seconds at Thu Sep 12 05:36:16 UTC 2019
42 ms. Memory: 48128K Free: 21906K (46%)
ptolemy.util.test.WatchDog.cancel(): canceling Thu Sep 12 05:36:17 UTC 2019
auto.tcl: Setting watchdog for 200 seconds at Thu Sep 12 05:36:17 UTC 2019
21 ms. Memory: 48128K Free: 18647K (39%)
ptolemy.util.test.WatchDog.cancel(): canceling Thu Sep 12 05:36:17 UTC 2019
------------------ testing $PTII/ptolemy/domains/de/test/auto/FSM7.xml
auto.tcl: Setting watchdog for 200 seconds at Thu Sep 12 05:36:17 UTC 2019
28 ms. Memory: 48128K Free: 21590K (45%)
ptolemy.util.test.WatchDog.cancel(): canceling Thu Sep 12 05:36:17 UTC 2019
auto.tcl: Setting watchdog for 200 seconds at Thu Sep 12 05:36:17 UTC 2019
23 ms. Memory: 48128K Free: 18462K (38%)
ptolemy.util.test.WatchDog.cancel(): canceling Thu Sep 12 05:36:17 UTC 2019
------------------ testing $PTII/ptolemy/domains/de/test/auto/Inspection.xml
auto.tcl: Setting watchdog for 200 seconds at Thu Sep 12 05:36:17 UTC 2019
32 ms. Memory: 48128K Free: 21621K (45%)
ptolemy.util.test.WatchDog.cancel(): canceling Thu Sep 12 05:36:17 UTC 2019
auto.tcl: Setting watchdog for 200 seconds at Thu Sep 12 05:36:17 UTC 2019
32 ms. Memory: 48128K Free: 19896K (41%)
ptolemy.util.test.WatchDog.cancel(): canceling Thu Sep 12 05:36:17 UTC 2019
------------------ testing $PTII/ptolemy/domains/de/test/auto/Iteration.xml
auto.tcl: Setting watchdog for 200 seconds at Thu Sep 12 05:36:17 UTC 2019
8 ms. Memory: 48128K Free: 27365K (57%)
ptolemy.util.test.WatchDog.cancel(): canceling Thu Sep 12 05:36:17 UTC 2019
auto.tcl: Setting watchdog for 200 seconds at Thu Sep 12 05:36:17 UTC 2019
5 ms. Memory: 48128K Free: 25957K (54%)
ptolemy.util.test.WatchDog.cancel(): canceling Thu Sep 12 05:36:17 UTC 2019
------------------ testing $PTII/ptolemy/domains/de/test/auto/LineFault.xml
auto.tcl: Setting watchdog for 200 seconds at Thu Sep 12 05:36:17 UTC 2019
725 ms. Memory: 48128K Free: 30397K (63%)
ptolemy.util.test.WatchDog.cancel(): canceling Thu Sep 12 05:36:18 UTC 2019
auto.tcl: Setting watchdog for 200 seconds at Thu Sep 12 05:36:18 UTC 2019
653 ms. Memory: 62464K Free: 32815K (53%)
ptolemy.util.test.WatchDog.cancel(): canceling Thu Sep 12 05:36:19 UTC 2019
------------------ testing $PTII/ptolemy/domains/de/test/auto/MergeModel1Add.xml
auto.tcl: Setting watchdog for 200 seconds at Thu Sep 12 05:36:19 UTC 2019
15 ms. Memory: 55296K Free: 20517K (37%)
ptolemy.util.test.WatchDog.cancel(): canceling Thu Sep 12 05:36:19 UTC 2019
auto.tcl: Setting watchdog for 200 seconds at Thu Sep 12 05:36:19 UTC 2019
10 ms. Memory: 55296K Free: 18816K (34%)
ptolemy.util.test.WatchDog.cancel(): canceling Thu Sep 12 05:36:19 UTC 2019
------------------ testing $PTII/ptolemy/domains/de/test/auto/MergeModel2Add.xml
auto.tcl: Setting watchdog for 200 seconds at Thu Sep 12 05:36:19 UTC 2019
13 ms. Memory: 51200K Free: 18466K (36%)
ptolemy.util.test.WatchDog.cancel(): canceling Thu Sep 12 05:36:19 UTC 2019
auto.tcl: Setting watchdog for 200 seconds at Thu Sep 12 05:36:19 UTC 2019
10 ms. Memory: 51200K Free: 16950K (33%)
ptolemy.util.test.WatchDog.cancel(): canceling Thu Sep 12 05:36:19 UTC 2019
------------------ testing $PTII/ptolemy/domains/de/test/auto/MergeModel3Add.xml
auto.tcl: Setting watchdog for 200 seconds at Thu Sep 12 05:36:19 UTC 2019
9 ms. Memory: 51200K Free: 18513K (36%)
ptolemy.util.test.WatchDog.cancel(): canceling Thu Sep 12 05:36:19 UTC 2019
auto.tcl: Setting watchdog for 200 seconds at Thu Sep 12 05:36:19 UTC 2019
10 ms. Memory: 51200K Free: 17081K (33%)
ptolemy.util.test.WatchDog.cancel(): canceling Thu Sep 12 05:36:19 UTC 2019
------------------ testing $PTII/ptolemy/domains/de/test/auto/MergeWithoutDiscard.xml
auto.tcl: Setting watchdog for 200 seconds at Thu Sep 12 05:36:19 UTC 2019
3 ms. Memory: 51200K Free: 32847K (64%)
ptolemy.util.test.WatchDog.cancel(): canceling Thu Sep 12 05:36:19 UTC 2019
auto.tcl: Setting watchdog for 200 seconds at Thu Sep 12 05:36:19 UTC 2019
1 ms. Memory: 51200K Free: 32408K (63%)
ptolemy.util.test.WatchDog.cancel(): canceling Thu Sep 12 05:36:19 UTC 2019
------------------ testing $PTII/ptolemy/domains/de/test/auto/Modal1.xml
auto.tcl: Setting watchdog for 200 seconds at Thu Sep 12 05:36:19 UTC 2019
14 ms. Memory: 51200K Free: 25458K (50%)
ptolemy.util.test.WatchDog.cancel(): canceling Thu Sep 12 05:36:19 UTC 2019
auto.tcl: Setting watchdog for 200 seconds at Thu Sep 12 05:36:19 UTC 2019
18 ms. Memory: 51200K Free: 21945K (43%)
ptolemy.util.test.WatchDog.cancel(): canceling Thu Sep 12 05:36:19 UTC 2019
------------------ testing $PTII/ptolemy/domains/de/test/auto/Modal2.xml
auto.tcl: Setting watchdog for 200 seconds at Thu Sep 12 05:36:19 UTC 2019
12 ms. Memory: 51200K Free: 25336K (49%)
ptolemy.util.test.WatchDog.cancel(): canceling Thu Sep 12 05:36:19 UTC 2019
auto.tcl: Setting watchdog for 200 seconds at Thu Sep 12 05:36:19 UTC 2019
21 ms. Memory: 51200K Free: 21847K (43%)
ptolemy.util.test.WatchDog.cancel(): canceling Thu Sep 12 05:36:19 UTC 2019
------------------ testing $PTII/ptolemy/domains/de/test/auto/Modal3.xml
auto.tcl: Setting watchdog for 200 seconds at Thu Sep 12 05:36:19 UTC 2019
11 ms. Memory: 51200K Free: 25073K (49%)
ptolemy.util.test.WatchDog.cancel(): canceling Thu Sep 12 05:36:19 UTC 2019
auto.tcl: Setting watchdog for 200 seconds at Thu Sep 12 05:36:19 UTC 2019
12 ms. Memory: 51200K Free: 21831K (43%)
ptolemy.util.test.WatchDog.cancel(): canceling Thu Sep 12 05:36:19 UTC 2019
------------------ testing $PTII/ptolemy/domains/de/test/auto/Modal4.xml
auto.tcl: Setting watchdog for 200 seconds at Thu Sep 12 05:36:19 UTC 2019
13 ms. Memory: 48128K Free: 20998K (44%)
ptolemy.util.test.WatchDog.cancel(): canceling Thu Sep 12 05:36:19 UTC 2019
auto.tcl: Setting watchdog for 200 seconds at Thu Sep 12 05:36:19 UTC 2019
12 ms. Memory: 48128K Free: 17139K (36%)
ptolemy.util.test.WatchDog.cancel(): canceling Thu Sep 12 05:36:19 UTC 2019
------------------ testing $PTII/ptolemy/domains/de/test/auto/Modal5.xml
auto.tcl: Setting watchdog for 200 seconds at Thu Sep 12 05:36:19 UTC 2019
12 ms. Memory: 48128K Free: 20970K (44%)
ptolemy.util.test.WatchDog.cancel(): canceling Thu Sep 12 05:36:20 UTC 2019
auto.tcl: Setting watchdog for 200 seconds at Thu Sep 12 05:36:20 UTC 2019
14 ms. Memory: 48128K Free: 17345K (36%)
ptolemy.util.test.WatchDog.cancel(): canceling Thu Sep 12 05:36:20 UTC 2019
------------------ testing $PTII/ptolemy/domains/de/test/auto/Modal6.xml
auto.tcl: Setting watchdog for 200 seconds at Thu Sep 12 05:36:20 UTC 2019
11 ms. Memory: 48128K Free: 21740K (45%)
ptolemy.util.test.WatchDog.cancel(): canceling Thu Sep 12 05:36:20 UTC 2019
auto.tcl: Setting watchdog for 200 seconds at Thu Sep 12 05:36:20 UTC 2019
14 ms. Memory: 48128K Free: 18147K (38%)
ptolemy.util.test.WatchDog.cancel(): canceling Thu Sep 12 05:36:20 UTC 2019
------------------ testing $PTII/ptolemy/domains/de/test/auto/Modal7.xml
auto.tcl: Setting watchdog for 200 seconds at Thu Sep 12 05:36:20 UTC 2019
10 ms. Memory: 48128K Free: 20747K (43%)
ptolemy.util.test.WatchDog.cancel(): canceling Thu Sep 12 05:36:20 UTC 2019
auto.tcl: Setting watchdog for 200 seconds at Thu Sep 12 05:36:20 UTC 2019
11 ms. Memory: 48128K Free: 17414K (36%)
ptolemy.util.test.WatchDog.cancel(): canceling Thu Sep 12 05:36:20 UTC 2019
------------------ testing $PTII/ptolemy/domains/de/test/auto/ModalModel.xml
auto.tcl: Setting watchdog for 200 seconds at Thu Sep 12 05:36:20 UTC 2019
163 ms. Memory: 48128K Free: 32622K (68%)
ptolemy.util.test.WatchDog.cancel(): canceling Thu Sep 12 05:36:20 UTC 2019
auto.tcl: Setting watchdog for 200 seconds at Thu Sep 12 05:36:20 UTC 2019
189 ms. Memory: 61440K Free: 38227K (62%)
ptolemy.util.test.WatchDog.cancel(): canceling Thu Sep 12 05:36:20 UTC 2019
------------------ testing $PTII/ptolemy/domains/de/test/auto/ModalSource.xml
auto.tcl: Setting watchdog for 200 seconds at Thu Sep 12 05:36:20 UTC 2019
11 ms. Memory: 51200K Free: 28888K (56%)
ptolemy.util.test.WatchDog.cancel(): canceling Thu Sep 12 05:36:20 UTC 2019
auto.tcl: Setting watchdog for 200 seconds at Thu Sep 12 05:36:20 UTC 2019
6 ms. Memory: 51200K Free: 26926K (53%)
ptolemy.util.test.WatchDog.cancel(): canceling Thu Sep 12 05:36:20 UTC 2019
------------------ testing $PTII/ptolemy/domains/de/test/auto/NonInterruptibleTimerZeroDelay.xml
auto.tcl: Setting watchdog for 200 seconds at Thu Sep 12 05:36:20 UTC 2019
3 ms. Memory: 48128K Free: 30773K (64%)
ptolemy.util.test.WatchDog.cancel(): canceling Thu Sep 12 05:36:20 UTC 2019
auto.tcl: Setting watchdog for 200 seconds at Thu Sep 12 05:36:20 UTC 2019
2 ms. Memory: 48128K Free: 30081K (63%)
ptolemy.util.test.WatchDog.cancel(): canceling Thu Sep 12 05:36:20 UTC 2019
------------------ testing $PTII/ptolemy/domains/de/test/auto/OpenQueueingNetwork.xml
auto.tcl: Setting watchdog for 200 seconds at Thu Sep 12 05:36:20 UTC 2019
2999 ms. Memory: 134144K Free: 66278K (49%)
ptolemy.util.test.WatchDog.cancel(): canceling Thu Sep 12 05:36:24 UTC 2019
auto.tcl: Setting watchdog for 200 seconds at Thu Sep 12 05:36:24 UTC 2019
2730 ms. Memory: 134144K Free: 53415K (40%)
ptolemy.util.test.WatchDog.cancel(): canceling Thu Sep 12 05:36:26 UTC 2019
------------------ testing $PTII/ptolemy/domains/de/test/auto/OpenQueuingNetwork.xml
auto.tcl: Setting watchdog for 200 seconds at Thu Sep 12 05:36:26 UTC 2019
258 ms. Memory: 55296K Free: 26277K (48%)
ptolemy.util.test.WatchDog.cancel(): canceling Thu Sep 12 05:36:27 UTC 2019
auto.tcl: Setting watchdog for 200 seconds at Thu Sep 12 05:36:27 UTC 2019
248 ms. Memory: 66560K Free: 17045K (26%)
ptolemy.util.test.WatchDog.cancel(): canceling Thu Sep 12 05:36:27 UTC 2019
------------------ testing $PTII/ptolemy/domains/de/test/auto/PeriodicSampler.xml
auto.tcl: Setting watchdog for 200 seconds at Thu Sep 12 05:36:27 UTC 2019
3 ms. Memory: 51200K Free: 33009K (64%)
ptolemy.util.test.WatchDog.cancel(): canceling Thu Sep 12 05:36:27 UTC 2019
auto.tcl: Setting watchdog for 200 seconds at Thu Sep 12 05:36:27 UTC 2019
2 ms. Memory: 51200K Free: 32500K (63%)
ptolemy.util.test.WatchDog.cancel(): canceling Thu Sep 12 05:36:27 UTC 2019
------------------ testing $PTII/ptolemy/domains/de/test/auto/PersistentIO.xml
auto.tcl: Setting watchdog for 200 seconds at Thu Sep 12 05:36:27 UTC 2019
14 ms. Memory: 48128K Free: 24876K (52%)
ptolemy.util.test.WatchDog.cancel(): canceling Thu Sep 12 05:36:27 UTC 2019
auto.tcl: Setting watchdog for 200 seconds at Thu Sep 12 05:36:27 UTC 2019
4 ms. Memory: 48128K Free: 23405K (49%)
ptolemy.util.test.WatchDog.cancel(): canceling Thu Sep 12 05:36:27 UTC 2019
------------------ testing $PTII/ptolemy/domains/de/test/auto/PortParameterResetOnInitialize.xml
auto.tcl: Setting watchdog for 200 seconds at Thu Sep 12 05:36:27 UTC 2019
8 ms. Memory: 48128K Free: 29830K (62%)
ptolemy.util.test.WatchDog.cancel(): canceling Thu Sep 12 05:36:27 UTC 2019
auto.tcl: Setting watchdog for 200 seconds at Thu Sep 12 05:36:27 UTC 2019
2 ms. Memory: 48128K Free: 29363K (61%)
ptolemy.util.test.WatchDog.cancel(): canceling Thu Sep 12 05:36:27 UTC 2019
------------------ testing $PTII/ptolemy/domains/de/test/auto/PortParameterUpdates.xml
auto.tcl: Setting watchdog for 200 seconds at Thu Sep 12 05:36:27 UTC 2019
9 ms. Memory: 48128K Free: 28190K (59%)
ptolemy.util.test.WatchDog.cancel(): canceling Thu Sep 12 05:36:27 UTC 2019
auto.tcl: Setting watchdog for 200 seconds at Thu Sep 12 05:36:27 UTC 2019
3 ms. Memory: 48128K Free: 26959K (56%)
ptolemy.util.test.WatchDog.cancel(): canceling Thu Sep 12 05:36:27 UTC 2019
------------------ testing $PTII/ptolemy/domains/de/test/auto/QueueAndServer.xml
auto.tcl: Setting watchdog for 200 seconds at Thu Sep 12 05:36:27 UTC 2019
7 ms. Memory: 48128K Free: 26863K (56%)
ptolemy.util.test.WatchDog.cancel(): canceling Thu Sep 12 05:36:27 UTC 2019
auto.tcl: Setting watchdog for 200 seconds at Thu Sep 12 05:36:27 UTC 2019
6 ms. Memory: 48128K Free: 25440K (53%)
ptolemy.util.test.WatchDog.cancel(): canceling Thu Sep 12 05:36:27 UTC 2019
------------------ testing $PTII/ptolemy/domains/de/test/auto/Records.xml
auto.tcl: Setting watchdog for 200 seconds at Thu Sep 12 05:36:27 UTC 2019
3 ms. Memory: 48128K Free: 29392K (61%)
ptolemy.util.test.WatchDog.cancel(): canceling Thu Sep 12 05:36:27 UTC 2019
auto.tcl: Setting watchdog for 200 seconds at Thu Sep 12 05:36:27 UTC 2019
2 ms. Memory: 48128K Free: 28897K (60%)
ptolemy.util.test.WatchDog.cancel(): canceling Thu Sep 12 05:36:27 UTC 2019
------------------ testing $PTII/ptolemy/domains/de/test/auto/ResetTransitionWithStartTime1.xml
auto.tcl: Setting watchdog for 200 seconds at Thu Sep 12 05:36:27 UTC 2019
6 ms. Memory: 48128K Free: 26347K (55%)
ptolemy.util.test.WatchDog.cancel(): canceling Thu Sep 12 05:36:27 UTC 2019
auto.tcl: Setting watchdog for 200 seconds at Thu Sep 12 05:36:27 UTC 2019
6 ms. Memory: 48128K Free: 24299K (50%)
ptolemy.util.test.WatchDog.cancel(): canceling Thu Sep 12 05:36:27 UTC 2019
------------------ testing $PTII/ptolemy/domains/de/test/auto/ResetTransitionWithStartTime2.xml
auto.tcl: Setting watchdog for 200 seconds at Thu Sep 12 05:36:28 UTC 2019
5 ms. Memory: 48128K Free: 26301K (55%)
ptolemy.util.test.WatchDog.cancel(): canceling Thu Sep 12 05:36:28 UTC 2019
auto.tcl: Setting watchdog for 200 seconds at Thu Sep 12 05:36:28 UTC 2019
6 ms. Memory: 48128K Free: 23770K (49%)
ptolemy.util.test.WatchDog.cancel(): canceling Thu Sep 12 05:36:28 UTC 2019
------------------ testing $PTII/ptolemy/domains/de/test/auto/ResetTransitionWithStartTime3.xml
auto.tcl: Setting watchdog for 200 seconds at Thu Sep 12 05:36:28 UTC 2019
10 ms. Memory: 48128K Free: 26300K (55%)
ptolemy.util.test.WatchDog.cancel(): canceling Thu Sep 12 05:36:28 UTC 2019
auto.tcl: Setting watchdog for 200 seconds at Thu Sep 12 05:36:28 UTC 2019
8 ms. Memory: 48128K Free: 23799K (49%)
ptolemy.util.test.WatchDog.cancel(): canceling Thu Sep 12 05:36:28 UTC 2019
------------------ testing $PTII/ptolemy/domains/de/test/auto/ResetTransitionWithStartTime4.xml
auto.tcl: Setting watchdog for 200 seconds at Thu Sep 12 05:36:28 UTC 2019
7 ms. Memory: 48128K Free: 26788K (56%)
ptolemy.util.test.WatchDog.cancel(): canceling Thu Sep 12 05:36:28 UTC 2019
auto.tcl: Setting watchdog for 200 seconds at Thu Sep 12 05:36:28 UTC 2019
3 ms. Memory: 48128K Free: 25373K (53%)
ptolemy.util.test.WatchDog.cancel(): canceling Thu Sep 12 05:36:28 UTC 2019
------------------ testing $PTII/ptolemy/domains/de/test/auto/ResettableTimer1.xml
auto.tcl: Setting watchdog for 200 seconds at Thu Sep 12 05:36:28 UTC 2019
5 ms. Memory: 48128K Free: 30546K (63%)
ptolemy.util.test.WatchDog.cancel(): canceling Thu Sep 12 05:36:28 UTC 2019
auto.tcl: Setting watchdog for 200 seconds at Thu Sep 12 05:36:28 UTC 2019
2 ms. Memory: 48128K Free: 29894K (62%)
ptolemy.util.test.WatchDog.cancel(): canceling Thu Sep 12 05:36:28 UTC 2019
------------------ testing $PTII/ptolemy/domains/de/test/auto/ResettableTimer2.xml
auto.tcl: Setting watchdog for 200 seconds at Thu Sep 12 05:36:28 UTC 2019
3 ms. Memory: 48128K Free: 30602K (64%)
ptolemy.util.test.WatchDog.cancel(): canceling Thu Sep 12 05:36:28 UTC 2019
auto.tcl: Setting watchdog for 200 seconds at Thu Sep 12 05:36:28 UTC 2019
2 ms. Memory: 48128K Free: 29529K (61%)
ptolemy.util.test.WatchDog.cancel(): canceling Thu Sep 12 05:36:28 UTC 2019
------------------ testing $PTII/ptolemy/domains/de/test/auto/ResettableTimer3.xml
auto.tcl: Setting watchdog for 200 seconds at Thu Sep 12 05:36:28 UTC 2019
1 ms. Memory: 48128K Free: 30474K (63%)
ptolemy.util.test.WatchDog.cancel(): canceling Thu Sep 12 05:36:28 UTC 2019
auto.tcl: Setting watchdog for 200 seconds at Thu Sep 12 05:36:28 UTC 2019
1 ms. Memory: 48128K Free: 30432K (63%)
ptolemy.util.test.WatchDog.cancel(): canceling Thu Sep 12 05:36:28 UTC 2019
------------------ testing $PTII/ptolemy/domains/de/test/auto/ResettableTimer4.xml
auto.tcl: Setting watchdog for 200 seconds at Thu Sep 12 05:36:28 UTC 2019
1 ms. Memory: 48128K Free: 30465K (63%)
ptolemy.util.test.WatchDog.cancel(): canceling Thu Sep 12 05:36:28 UTC 2019
auto.tcl: Setting watchdog for 200 seconds at Thu Sep 12 05:36:28 UTC 2019
1 ms. Memory: 48128K Free: 29975K (62%)
ptolemy.util.test.WatchDog.cancel(): canceling Thu Sep 12 05:36:28 UTC 2019
------------------ testing $PTII/ptolemy/domains/de/test/auto/ResettableTimer5.xml
auto.tcl: Setting watchdog for 200 seconds at Thu Sep 12 05:36:28 UTC 2019
1 ms. Memory: 48128K Free: 29916K (62%)
ptolemy.util.test.WatchDog.cancel(): canceling Thu Sep 12 05:36:28 UTC 2019
auto.tcl: Setting watchdog for 200 seconds at Thu Sep 12 05:36:28 UTC 2019
2 ms. Memory: 48128K Free: 29448K (61%)
ptolemy.util.test.WatchDog.cancel(): canceling Thu Sep 12 05:36:28 UTC 2019
------------------ testing $PTII/ptolemy/domains/de/test/auto/ResettableTimer6.xml
auto.tcl: Setting watchdog for 200 seconds at Thu Sep 12 05:36:28 UTC 2019
1 ms. Memory: 48128K Free: 29890K (62%)
ptolemy.util.test.WatchDog.cancel(): canceling Thu Sep 12 05:36:28 UTC 2019
auto.tcl: Setting watchdog for 200 seconds at Thu Sep 12 05:36:28 UTC 2019
2 ms. Memory: 48128K Free: 29431K (61%)
ptolemy.util.test.WatchDog.cancel(): canceling Thu Sep 12 05:36:28 UTC 2019
------------------ testing $PTII/ptolemy/domains/de/test/auto/ServerZeroDelay.xml
auto.tcl: Setting watchdog for 200 seconds at Thu Sep 12 05:36:28 UTC 2019
6 ms. Memory: 48128K Free: 30426K (63%)
ptolemy.util.test.WatchDog.cancel(): canceling Thu Sep 12 05:36:28 UTC 2019
auto.tcl: Setting watchdog for 200 seconds at Thu Sep 12 05:36:28 UTC 2019
2 ms. Memory: 48128K Free: 29484K (61%)
ptolemy.util.test.WatchDog.cancel(): canceling Thu Sep 12 05:36:28 UTC 2019
------------------ testing $PTII/ptolemy/domains/de/test/auto/SmartSender.xml
auto.tcl: Setting watchdog for 200 seconds at Thu Sep 12 05:36:28 UTC 2019
3002 ms. Memory: 48128K Free: 30480K (63%)
ptolemy.util.test.WatchDog.cancel(): canceling Thu Sep 12 05:36:31 UTC 2019
auto.tcl: Setting watchdog for 200 seconds at Thu Sep 12 05:36:31 UTC 2019
3002 ms. Memory: 48128K Free: 29946K (62%)
ptolemy.util.test.WatchDog.cancel(): canceling Thu Sep 12 05:36:34 UTC 2019
------------------ testing $PTII/ptolemy/domains/de/test/auto/ThreadedComposite.xml
auto.tcl: Setting watchdog for 200 seconds at Thu Sep 12 05:36:34 UTC 2019
264 ms. Memory: 48128K Free: 7906K (16%)
ptolemy.util.test.WatchDog.cancel(): canceling Thu Sep 12 05:36:35 UTC 2019
auto.tcl: Setting watchdog for 200 seconds at Thu Sep 12 05:36:35 UTC 2019
181 ms. Memory: 48128K Free: 18197K (38%)
ptolemy.util.test.WatchDog.cancel(): canceling Thu Sep 12 05:36:35 UTC 2019
------------------ testing $PTII/ptolemy/domains/de/test/auto/Time.xml
auto.tcl: Setting watchdog for 200 seconds at Thu Sep 12 05:36:35 UTC 2019
516 ms. Memory: 48128K Free: 29204K (61%)
ptolemy.util.test.WatchDog.cancel(): canceling Thu Sep 12 05:36:35 UTC 2019
auto.tcl: Setting watchdog for 200 seconds at Thu Sep 12 05:36:35 UTC 2019
529 ms. Memory: 48128K Free: 27217K (57%)
ptolemy.util.test.WatchDog.cancel(): canceling Thu Sep 12 05:36:36 UTC 2019
------------------ testing $PTII/ptolemy/domains/de/test/auto/TimeDelayZeroDelay.xml
auto.tcl: Setting watchdog for 200 seconds at Thu Sep 12 05:36:36 UTC 2019
2 ms. Memory: 48128K Free: 30846K (64%)
ptolemy.util.test.WatchDog.cancel(): canceling Thu Sep 12 05:36:36 UTC 2019
auto.tcl: Setting watchdog for 200 seconds at Thu Sep 12 05:36:36 UTC 2019
2 ms. Memory: 48128K Free: 29967K (62%)
ptolemy.util.test.WatchDog.cancel(): canceling Thu Sep 12 05:36:36 UTC 2019
------------------ testing $PTII/ptolemy/domains/de/test/auto/TimerZeroDelay.xml
auto.tcl: Setting watchdog for 200 seconds at Thu Sep 12 05:36:36 UTC 2019
4 ms. Memory: 48128K Free: 30836K (64%)
ptolemy.util.test.WatchDog.cancel(): canceling Thu Sep 12 05:36:36 UTC 2019
auto.tcl: Setting watchdog for 200 seconds at Thu Sep 12 05:36:36 UTC 2019
2 ms. Memory: 48128K Free: 29996K (62%)
ptolemy.util.test.WatchDog.cancel(): canceling Thu Sep 12 05:36:36 UTC 2019
------------------ testing $PTII/ptolemy/domains/de/test/auto/TimingParadox.xml
auto.tcl: Setting watchdog for 200 seconds at Thu Sep 12 05:36:36 UTC 2019
397 ms. Memory: 48128K Free: 12419K (26%)
ptolemy.util.test.WatchDog.cancel(): canceling Thu Sep 12 05:36:37 UTC 2019
auto.tcl: Setting watchdog for 200 seconds at Thu Sep 12 05:36:37 UTC 2019
380 ms. Memory: 58368K Free: 34380K (59%)
ptolemy.util.test.WatchDog.cancel(): canceling Thu Sep 12 05:36:37 UTC 2019
------------------ testing $PTII/ptolemy/domains/de/test/auto/TransferInputs.xml
auto.tcl: Setting watchdog for 200 seconds at Thu Sep 12 05:36:37 UTC 2019
2 ms. Memory: 51200K Free: 31931K (62%)
ptolemy.util.test.WatchDog.cancel(): canceling Thu Sep 12 05:36:37 UTC 2019
auto.tcl: Setting watchdog for 200 seconds at Thu Sep 12 05:36:37 UTC 2019
5 ms. Memory: 51200K Free: 31060K (61%)
ptolemy.util.test.WatchDog.cancel(): canceling Thu Sep 12 05:36:37 UTC 2019
------------------ testing $PTII/ptolemy/domains/de/test/auto/TransferOutputs2.xml
auto.tcl: Setting watchdog for 200 seconds at Thu Sep 12 05:36:37 UTC 2019
2 ms. Memory: 51200K Free: 29373K (57%)
ptolemy.util.test.WatchDog.cancel(): canceling Thu Sep 12 05:36:37 UTC 2019
auto.tcl: Setting watchdog for 200 seconds at Thu Sep 12 05:36:37 UTC 2019
3 ms. Memory: 51200K Free: 27975K (55%)
ptolemy.util.test.WatchDog.cancel(): canceling Thu Sep 12 05:36:37 UTC 2019
------------------ testing $PTII/ptolemy/domains/de/test/auto/Trilateration.xml
auto.tcl: Setting watchdog for 200 seconds at Thu Sep 12 05:36:37 UTC 2019
14190 ms. Memory: 342016K Free: 119375K (35%)
ptolemy.util.test.WatchDog.cancel(): canceling Thu Sep 12 05:36:53 UTC 2019
auto.tcl: Setting watchdog for 200 seconds at Thu Sep 12 05:36:53 UTC 2019
10860 ms. Memory: 342016K Free: 125795K (37%)
ptolemy.util.test.WatchDog.cancel(): canceling Thu Sep 12 05:37:03 UTC 2019
------------------ testing $PTII/ptolemy/domains/de/test/auto/TwoSigmaDelta.xml
auto.tcl: Setting watchdog for 200 seconds at Thu Sep 12 05:37:04 UTC 2019
2723 ms. Memory: 89088K Free: 18329K (21%)
ptolemy.util.test.WatchDog.cancel(): canceling Thu Sep 12 05:37:06 UTC 2019
auto.tcl: Setting watchdog for 200 seconds at Thu Sep 12 05:37:06 UTC 2019
2262 ms. Memory: 89088K Free: 14718K (17%)
ptolemy.util.test.WatchDog.cancel(): canceling Thu Sep 12 05:37:09 UTC 2019
------------------ testing $PTII/ptolemy/domains/de/test/auto/VariableDelay.xml
auto.tcl: Setting watchdog for 200 seconds at Thu Sep 12 05:37:09 UTC 2019
2 ms. Memory: 55296K Free: 36518K (66%)
ptolemy.util.test.WatchDog.cancel(): canceling Thu Sep 12 05:37:09 UTC 2019
auto.tcl: Setting watchdog for 200 seconds at Thu Sep 12 05:37:09 UTC 2019
2 ms. Memory: 55296K Free: 35478K (64%)
ptolemy.util.test.WatchDog.cancel(): canceling Thu Sep 12 05:37:09 UTC 2019
------------------ testing $PTII/ptolemy/domains/de/test/auto/VariableDelay2.xml
auto.tcl: Setting watchdog for 200 seconds at Thu Sep 12 05:37:09 UTC 2019
8 ms. Memory: 48128K Free: 29749K (62%)
ptolemy.util.test.WatchDog.cancel(): canceling Thu Sep 12 05:37:09 UTC 2019
auto.tcl: Setting watchdog for 200 seconds at Thu Sep 12 05:37:09 UTC 2019
2 ms. Memory: 48128K Free: 29253K (61%)
ptolemy.util.test.WatchDog.cancel(): canceling Thu Sep 12 05:37:09 UTC 2019
------------------ testing $PTII/ptolemy/domains/de/test/auto/VariableDelayZeroDelay.xml
auto.tcl: Setting watchdog for 200 seconds at Thu Sep 12 05:37:09 UTC 2019
2 ms. Memory: 48128K Free: 30276K (63%)
ptolemy.util.test.WatchDog.cancel(): canceling Thu Sep 12 05:37:09 UTC 2019
auto.tcl: Setting watchdog for 200 seconds at Thu Sep 12 05:37:09 UTC 2019
2 ms. Memory: 48128K Free: 29797K (62%)
ptolemy.util.test.WatchDog.cancel(): canceling Thu Sep 12 05:37:09 UTC 2019
------------------ testing $PTII/ptolemy/domains/de/test/auto/VariableDelayZeroDelay2.xml
auto.tcl: Setting watchdog for 200 seconds at Thu Sep 12 05:37:09 UTC 2019
2 ms. Memory: 48128K Free: 30275K (63%)
ptolemy.util.test.WatchDog.cancel(): canceling Thu Sep 12 05:37:09 UTC 2019
auto.tcl: Setting watchdog for 200 seconds at Thu Sep 12 05:37:09 UTC 2019
2 ms. Memory: 48128K Free: 29308K (61%)
ptolemy.util.test.WatchDog.cancel(): canceling Thu Sep 12 05:37:09 UTC 2019
------------------ testing $PTII/ptolemy/domains/de/test/auto/deInCt.xml
auto.tcl: Setting watchdog for 200 seconds at Thu Sep 12 05:37:09 UTC 2019
0
1
1
1
0
0
0
1
1
1
0
0
0
0
1
1
1
1
1
1
0
0
1
1
1
0
0
0
1
1
1
1
0
0
0
0
14 ms. Memory: 48128K Free: 29248K (61%)
ptolemy.util.test.WatchDog.cancel(): canceling Thu Sep 12 05:37:09 UTC 2019
auto.tcl: Setting watchdog for 200 seconds at Thu Sep 12 05:37:09 UTC 2019
0
1
1
1
0
0
0
1
1
1
0
0
0
1
1
1
1
0
0
0
1
1
1
1
1
0
0
1
1
1
1
1
8 ms. Memory: 48128K Free: 27728K (58%)
ptolemy.util.test.WatchDog.cancel(): canceling Thu Sep 12 05:37:09 UTC 2019
------------------ testing $PTII/ptolemy/domains/de/test/auto/deInCt2.xml
auto.tcl: Setting watchdog for 200 seconds at Thu Sep 12 05:37:09 UTC 2019
0
1
1
1
0
0
1
1
1
0
0
1
1
1
0
0
1
1
1
0
0
1
1
1
0
0
1
1
1
0
0
1
1
1
0
0
1
1
1
0
0
0
14 ms. Memory: 48128K Free: 29250K (61%)
ptolemy.util.test.WatchDog.cancel(): canceling Thu Sep 12 05:37:09 UTC 2019
auto.tcl: Setting watchdog for 200 seconds at Thu Sep 12 05:37:09 UTC 2019
0
1
1
1
0
0
1
1
1
0
0
1
1
1
0
0
1
1
1
0
0
1
1
1
0
0
1
1
1
0
0
1
1
1
0
0
1
1
1
0
0
0
8 ms. Memory: 48128K Free: 27740K (58%)
ptolemy.util.test.WatchDog.cancel(): canceling Thu Sep 12 05:37:09 UTC 2019
------------------ testing $PTII/ptolemy/domains/de/test/auto/dynamicCausalityInterface1.xml
auto.tcl: Setting watchdog for 200 seconds at Thu Sep 12 05:37:09 UTC 2019
2 ms. Memory: 48128K Free: 24621K (51%)
ptolemy.util.test.WatchDog.cancel(): canceling Thu Sep 12 05:37:09 UTC 2019
auto.tcl: Setting watchdog for 200 seconds at Thu Sep 12 05:37:09 UTC 2019
1 ms. Memory: 48128K Free: 24142K (50%)
ptolemy.util.test.WatchDog.cancel(): canceling Thu Sep 12 05:37:09 UTC 2019
------------------ testing $PTII/ptolemy/domains/de/test/auto/fsm_de_test.xml
auto.tcl: Setting watchdog for 200 seconds at Thu Sep 12 05:37:09 UTC 2019
7 ms. Memory: 48128K Free: 25047K (52%)
ptolemy.util.test.WatchDog.cancel(): canceling Thu Sep 12 05:37:09 UTC 2019
auto.tcl: Setting watchdog for 200 seconds at Thu Sep 12 05:37:09 UTC 2019
6 ms. Memory: 48128K Free: 23050K (48%)
ptolemy.util.test.WatchDog.cancel(): canceling Thu Sep 12 05:37:09 UTC 2019
------------------ testing $PTII/ptolemy/domains/de/test/auto/functionDependencyReconstruction.xml
auto.tcl: Setting watchdog for 200 seconds at Thu Sep 12 05:37:09 UTC 2019
9 ms. Memory: 48128K Free: 18893K (39%)
ptolemy.util.test.WatchDog.cancel(): canceling Thu Sep 12 05:37:09 UTC 2019
auto.tcl: Setting watchdog for 200 seconds at Thu Sep 12 05:37:09 UTC 2019
2 ms. Memory: 48128K Free: 16888K (35%)
ptolemy.util.test.WatchDog.cancel(): canceling Thu Sep 12 05:37:09 UTC 2019
------------------ testing $PTII/ptolemy/domains/de/test/auto/multirate.xml
auto.tcl: Setting watchdog for 200 seconds at Thu Sep 12 05:37:09 UTC 2019
5 ms. Memory: 48128K Free: 27463K (57%)
ptolemy.util.test.WatchDog.cancel(): canceling Thu Sep 12 05:37:09 UTC 2019
auto.tcl: Setting watchdog for 200 seconds at Thu Sep 12 05:37:09 UTC 2019
3 ms. Memory: 48128K Free: 26002K (54%)
ptolemy.util.test.WatchDog.cancel(): canceling Thu Sep 12 05:37:09 UTC 2019
------------------ testing $PTII/ptolemy/domains/de/test/auto/multirate2.xml
auto.tcl: Setting watchdog for 200 seconds at Thu Sep 12 05:37:10 UTC 2019
3 ms. Memory: 48128K Free: 27872K (58%)
ptolemy.util.test.WatchDog.cancel(): canceling Thu Sep 12 05:37:10 UTC 2019
auto.tcl: Setting watchdog for 200 seconds at Thu Sep 12 05:37:10 UTC 2019
4 ms. Memory: 48128K Free: 26198K (54%)
ptolemy.util.test.WatchDog.cancel(): canceling Thu Sep 12 05:37:10 UTC 2019
------------------ testing $PTII/ptolemy/domains/de/test/auto/realtime.xml
auto.tcl: Setting watchdog for 200 seconds at Thu Sep 12 05:37:10 UTC 2019
10001 ms. Memory: 48128K Free: 29909K (62%)
ptolemy.util.test.WatchDog.cancel(): canceling Thu Sep 12 05:37:20 UTC 2019
auto.tcl: Setting watchdog for 200 seconds at Thu Sep 12 05:37:20 UTC 2019
10002 ms. Memory: 48128K Free: 29193K (61%)
ptolemy.util.test.WatchDog.cancel(): canceling Thu Sep 12 05:37:30 UTC 2019
------------------ testing $PTII/ptolemy/domains/de/test/auto/relationGroup.xml
auto.tcl: Setting watchdog for 200 seconds at Thu Sep 12 05:37:30 UTC 2019
9 ms. Memory: 48128K Free: 31008K (64%)
ptolemy.util.test.WatchDog.cancel(): canceling Thu Sep 12 05:37:30 UTC 2019
auto.tcl: Setting watchdog for 200 seconds at Thu Sep 12 05:37:30 UTC 2019
2 ms. Memory: 48128K Free: 30275K (63%)
ptolemy.util.test.WatchDog.cancel(): canceling Thu Sep 12 05:37:30 UTC 2019
------------------ testing $PTII/ptolemy/domains/de/test/auto/relationGroup2.xml
auto.tcl: Setting watchdog for 200 seconds at Thu Sep 12 05:37:30 UTC 2019
1 ms. Memory: 48128K Free: 30986K (64%)
ptolemy.util.test.WatchDog.cancel(): canceling Thu Sep 12 05:37:30 UTC 2019
auto.tcl: Setting watchdog for 200 seconds at Thu Sep 12 05:37:30 UTC 2019
1 ms. Memory: 48128K Free: 30301K (63%)
ptolemy.util.test.WatchDog.cancel(): canceling Thu Sep 12 05:37:30 UTC 2019
------------------ testing $PTII/ptolemy/domains/de/test/auto/sortWithOpaquePorts.xml
auto.tcl: Setting watchdog for 200 seconds at Thu Sep 12 05:37:30 UTC 2019
1 ms. Memory: 48128K Free: 30301K (63%)
ptolemy.util.test.WatchDog.cancel(): canceling Thu Sep 12 05:37:30 UTC 2019
auto.tcl: Setting watchdog for 200 seconds at Thu Sep 12 05:37:30 UTC 2019
2 ms. Memory: 48128K Free: 28817K (60%)
ptolemy.util.test.WatchDog.cancel(): canceling Thu Sep 12 05:37:30 UTC 2019
------------------ testing $PTII/ptolemy/domains/de/test/auto/transferInputsandOutputs.xml
auto.tcl: Setting watchdog for 200 seconds at Thu Sep 12 05:37:30 UTC 2019
2 ms. Memory: 48128K Free: 27216K (57%)
ptolemy.util.test.WatchDog.cancel(): canceling Thu Sep 12 05:37:30 UTC 2019
auto.tcl: Setting watchdog for 200 seconds at Thu Sep 12 05:37:30 UTC 2019
1 ms. Memory: 48128K Free: 26251K (55%)
ptolemy.util.test.WatchDog.cancel(): canceling Thu Sep 12 05:37:30 UTC 2019
------------------ testing $PTII/ptolemy/domains/de/test/auto/triggerType.xml
auto.tcl: Setting watchdog for 200 seconds at Thu Sep 12 05:37:30 UTC 2019
1 ms. Memory: 48128K Free: 30242K (63%)
ptolemy.util.test.WatchDog.cancel(): canceling Thu Sep 12 05:37:30 UTC 2019
auto.tcl: Setting watchdog for 200 seconds at Thu Sep 12 05:37:30 UTC 2019
2 ms. Memory: 48128K Free: 29225K (61%)
ptolemy.util.test.WatchDog.cancel(): canceling Thu Sep 12 05:37:30 UTC 2019
09/12/19 05:37:30
Failed: 0  Total Tests: 192  ((Passed: 187, Newly Passed: 1)  Known Failed: 5) /home/travis/build/icyphy/ptII/ptolemy/domains/de/test
09/12/19 05:37:30
Failed: 0  Total Tests: 192  ((Passed: 187, Newly Passed: 1)  Known Failed: 5) /home/travis/build/icyphy/ptII/ptolemy/domains/de/test
----------------- testing (KnownFailure) /home/travis/build/icyphy/ptII/ptolemy/domains/de/test/auto/knownFailedTests/DESDFClockTest.xml
2011 ms. Memory: 48128K Free: 23126K (48%)
Known Failure: java.lang.reflect.InvocationTargetException
----------------- testing (KnownFailure) /home/travis/build/icyphy/ptII/ptolemy/domains/de/test/auto/knownFailedTests/DirectFeedback.xml
2 ms. Memory: 48128K Free: 19540K (41%)
Known Failure: java.lang.reflect.InvocationTargetException
----------------- testing (KnownFailure) /home/travis/build/icyphy/ptII/ptolemy/domains/de/test/auto/knownFailedTests/FSMSource.xml
7 ms. Memory: 48128K Free: 11862K (25%)
----------------- testing (KnownFailure) /home/travis/build/icyphy/ptII/ptolemy/domains/de/test/auto/knownFailedTests/HierarchicalModel.xml
2 ms. Memory: 48128K Free: 23073K (48%)
Known Failure: java.lang.reflect.InvocationTargetException
----------------- testing (KnownFailure) /home/travis/build/icyphy/ptII/ptolemy/domains/de/test/auto/knownFailedTests/dependencyLoop.xml
3 ms. Memory: 48128K Free: 7724K (16%)
Known Failure: java.lang.reflect.InvocationTargetException
----------------- testing (KnownFailure) /home/travis/build/icyphy/ptII/ptolemy/domains/de/test/auto/knownFailedTests/dependencyLoop2.xml
7 ms. Memory: 48128K Free: 19657K (41%)
Known Failure: java.lang.reflect.InvocationTargetException
No auto/linux-amd64/*.xml tests in /home/travis/build/icyphy/ptII/ptolemy/domains/de/test
AutoTests.java: About to close Vertx.
AutoTests.java: Vertx closed.

===========================================================================================
----------------- testing Thu Sep 12 05:37:32 UTC 2019 /home/travis/build/icyphy/ptII/ptolemy/domains/de/test/auto/ActorDepthCalculation_actorWithoutPorts.xml
----------------- Instantiating /home/travis/build/icyphy/ptII/ptolemy/domains/de/test/auto/ActorDepthCalculation_actorWithoutPorts.xml
2 ms. Memory: 48128K Free: 13193K (27%)
----------------- Invoking toplevel() on ptolemy.moml.MoMLSimpleApplication@8714e15
----------------- Done invoking toplevel() on ptolemy.moml.MoMLSimpleApplication@8714e15
reloadAllAccessors: .ActorDepthCalculation_actorWithoutPorts

===========================================================================================
----------------- testing Thu Sep 12 05:37:32 UTC 2019 /home/travis/build/icyphy/ptII/ptolemy/domains/de/test/auto/AssemblyLine.xml
----------------- Instantiating /home/travis/build/icyphy/ptII/ptolemy/domains/de/test/auto/AssemblyLine.xml
3 ms. Memory: 48128K Free: 32708K (68%)
----------------- Invoking toplevel() on ptolemy.moml.MoMLSimpleApplication@76f82d5
----------------- Done invoking toplevel() on ptolemy.moml.MoMLSimpleApplication@76f82d5
reloadAllAccessors: .AssemblyLine

===========================================================================================
----------------- testing Thu Sep 12 05:37:32 UTC 2019 /home/travis/build/icyphy/ptII/ptolemy/domains/de/test/auto/CQBug1.xml
----------------- Instantiating /home/travis/build/icyphy/ptII/ptolemy/domains/de/test/auto/CQBug1.xml
1 ms. Memory: 48128K Free: 29650K (62%)
----------------- Invoking toplevel() on ptolemy.moml.MoMLSimpleApplication@3186b651
----------------- Done invoking toplevel() on ptolemy.moml.MoMLSimpleApplication@3186b651
reloadAllAccessors: .CQBug1

===========================================================================================
----------------- testing Thu Sep 12 05:37:32 UTC 2019 /home/travis/build/icyphy/ptII/ptolemy/domains/de/test/auto/CancelFireAt.xml
----------------- Instantiating /home/travis/build/icyphy/ptII/ptolemy/domains/de/test/auto/CancelFireAt.xml
1 ms. Memory: 48128K Free: 27015K (56%)
----------------- Invoking toplevel() on ptolemy.moml.MoMLSimpleApplication@50278825
----------------- Done invoking toplevel() on ptolemy.moml.MoMLSimpleApplication@50278825
reloadAllAccessors: .CancelFireAt

===========================================================================================
----------------- testing Thu Sep 12 05:37:32 UTC 2019 /home/travis/build/icyphy/ptII/ptolemy/domains/de/test/auto/CausalityAndComposabilityAnalysis.xml
----------------- Instantiating /home/travis/build/icyphy/ptII/ptolemy/domains/de/test/auto/CausalityAndComposabilityAnalysis.xml
1 ms. Memory: 48128K Free: 22750K (47%)
----------------- Invoking toplevel() on ptolemy.moml.MoMLSimpleApplication@5401cef1
----------------- Done invoking toplevel() on ptolemy.moml.MoMLSimpleApplication@5401cef1
reloadAllAccessors: .CausalityAndComposabilityAnalysis

===========================================================================================
----------------- testing Thu Sep 12 05:37:32 UTC 2019 /home/travis/build/icyphy/ptII/ptolemy/domains/de/test/auto/CausalityInterface1.xml
----------------- Instantiating /home/travis/build/icyphy/ptII/ptolemy/domains/de/test/auto/CausalityInterface1.xml
5 ms. Memory: 48128K Free: 17823K (37%)
----------------- Invoking toplevel() on ptolemy.moml.MoMLSimpleApplication@e5a10fd
----------------- Done invoking toplevel() on ptolemy.moml.MoMLSimpleApplication@e5a10fd
reloadAllAccessors: .CausalityInterface1

===========================================================================================
----------------- testing Thu Sep 12 05:37:32 UTC 2019 /home/travis/build/icyphy/ptII/ptolemy/domains/de/test/auto/CausalityInterface15.xml
----------------- Instantiating /home/travis/build/icyphy/ptII/ptolemy/domains/de/test/auto/CausalityInterface15.xml
2 ms. Memory: 48128K Free: 12677K (26%)
----------------- Invoking toplevel() on ptolemy.moml.MoMLSimpleApplication@68603a3d
----------------- Done invoking toplevel() on ptolemy.moml.MoMLSimpleApplication@68603a3d
reloadAllAccessors: .CausalityInterface15

===========================================================================================
----------------- testing Thu Sep 12 05:37:32 UTC 2019 /home/travis/build/icyphy/ptII/ptolemy/domains/de/test/auto/CausalityInterface2.xml
----------------- Instantiating /home/travis/build/icyphy/ptII/ptolemy/domains/de/test/auto/CausalityInterface2.xml
1 ms. Memory: 48128K Free: 8124K (17%)
----------------- Invoking toplevel() on ptolemy.moml.MoMLSimpleApplication@cb3f179
----------------- Done invoking toplevel() on ptolemy.moml.MoMLSimpleApplication@cb3f179
reloadAllAccessors: .CausalityInterface2

===========================================================================================
----------------- testing Thu Sep 12 05:37:32 UTC 2019 /home/travis/build/icyphy/ptII/ptolemy/domains/de/test/auto/CausalityInterface3.xml
----------------- Instantiating /home/travis/build/icyphy/ptII/ptolemy/domains/de/test/auto/CausalityInterface3.xml
1 ms. Memory: 48128K Free: 29968K (62%)
----------------- Invoking toplevel() on ptolemy.moml.MoMLSimpleApplication@3934d5d1
----------------- Done invoking toplevel() on ptolemy.moml.MoMLSimpleApplication@3934d5d1
reloadAllAccessors: .CausalityInterface3

===========================================================================================
----------------- testing Thu Sep 12 05:37:32 UTC 2019 /home/travis/build/icyphy/ptII/ptolemy/domains/de/test/auto/ClockDrift.xml
----------------- Instantiating /home/travis/build/icyphy/ptII/ptolemy/domains/de/test/auto/ClockDrift.xml
18 ms. Memory: 48128K Free: 17992K (37%)
----------------- Invoking toplevel() on ptolemy.moml.MoMLSimpleApplication@71923bd7
----------------- Done invoking toplevel() on ptolemy.moml.MoMLSimpleApplication@71923bd7
reloadAllAccessors: .ClockDrift

===========================================================================================
----------------- testing Thu Sep 12 05:37:32 UTC 2019 /home/travis/build/icyphy/ptII/ptolemy/domains/de/test/auto/ClockDriftAndValueChange.xml
----------------- Instantiating /home/travis/build/icyphy/ptII/ptolemy/domains/de/test/auto/ClockDriftAndValueChange.xml
15 ms. Memory: 48128K Free: 33119K (69%)
----------------- Invoking toplevel() on ptolemy.moml.MoMLSimpleApplication@6e95e31
----------------- Done invoking toplevel() on ptolemy.moml.MoMLSimpleApplication@6e95e31
reloadAllAccessors: .ClockDriftAndValueChange

===========================================================================================
----------------- testing Thu Sep 12 05:37:33 UTC 2019 /home/travis/build/icyphy/ptII/ptolemy/domains/de/test/auto/ClockDriftChange.xml
----------------- Instantiating /home/travis/build/icyphy/ptII/ptolemy/domains/de/test/auto/ClockDriftChange.xml
10 ms. Memory: 48128K Free: 23045K (48%)
----------------- Invoking toplevel() on ptolemy.moml.MoMLSimpleApplication@750291d4
----------------- Done invoking toplevel() on ptolemy.moml.MoMLSimpleApplication@750291d4
reloadAllAccessors: .ClockDriftChange

===========================================================================================
----------------- testing Thu Sep 12 05:37:33 UTC 2019 /home/travis/build/icyphy/ptII/ptolemy/domains/de/test/auto/ComposableCausalityAnalysis.xml
----------------- Instantiating /home/travis/build/icyphy/ptII/ptolemy/domains/de/test/auto/ComposableCausalityAnalysis.xml
1 ms. Memory: 48128K Free: 17186K (36%)
----------------- Invoking toplevel() on ptolemy.moml.MoMLSimpleApplication@220245ed
----------------- Done invoking toplevel() on ptolemy.moml.MoMLSimpleApplication@220245ed
reloadAllAccessors: .ComposableCausalityAnalysis

===========================================================================================
----------------- testing Thu Sep 12 05:37:33 UTC 2019 /home/travis/build/icyphy/ptII/ptolemy/domains/de/test/auto/DEFixedPointLimitation.xml
----------------- Instantiating /home/travis/build/icyphy/ptII/ptolemy/domains/de/test/auto/DEFixedPointLimitation.xml
1 ms. Memory: 48128K Free: 12709K (26%)
----------------- Invoking toplevel() on ptolemy.moml.MoMLSimpleApplication@37d17714
----------------- Done invoking toplevel() on ptolemy.moml.MoMLSimpleApplication@37d17714
reloadAllAccessors: .DEFixedPointLimitation

===========================================================================================
----------------- testing Thu Sep 12 05:37:33 UTC 2019 /home/travis/build/icyphy/ptII/ptolemy/domains/de/test/auto/DEScheduleTest.xml
----------------- Instantiating /home/travis/build/icyphy/ptII/ptolemy/domains/de/test/auto/DEScheduleTest.xml
1 ms. Memory: 48128K Free: 8476K (18%)
----------------- Invoking toplevel() on ptolemy.moml.MoMLSimpleApplication@411e0c15
----------------- Done invoking toplevel() on ptolemy.moml.MoMLSimpleApplication@411e0c15
reloadAllAccessors: .DEScheduleTest

===========================================================================================
----------------- testing Thu Sep 12 05:37:33 UTC 2019 /home/travis/build/icyphy/ptII/ptolemy/domains/de/test/auto/DEinDEwithStartTimes.xml
----------------- Instantiating /home/travis/build/icyphy/ptII/ptolemy/domains/de/test/auto/DEinDEwithStartTimes.xml
2 ms. Memory: 48128K Free: 29181K (61%)
----------------- Invoking toplevel() on ptolemy.moml.MoMLSimpleApplication@331aab58
----------------- Done invoking toplevel() on ptolemy.moml.MoMLSimpleApplication@331aab58
reloadAllAccessors: .DEinDEwithStartTimes

===========================================================================================
----------------- testing Thu Sep 12 05:37:33 UTC 2019 /home/travis/build/icyphy/ptII/ptolemy/domains/de/test/auto/DEinDEwithStartTimes2.xml
----------------- Instantiating /home/travis/build/icyphy/ptII/ptolemy/domains/de/test/auto/DEinDEwithStartTimes2.xml
2 ms. Memory: 48128K Free: 22835K (47%)
----------------- Invoking toplevel() on ptolemy.moml.MoMLSimpleApplication@5ec3abbf
----------------- Done invoking toplevel() on ptolemy.moml.MoMLSimpleApplication@5ec3abbf
reloadAllAccessors: .DEinDEwithStartTimes2

===========================================================================================
----------------- testing Thu Sep 12 05:37:33 UTC 2019 /home/travis/build/icyphy/ptII/ptolemy/domains/de/test/auto/DateDemo.xml
----------------- Instantiating /home/travis/build/icyphy/ptII/ptolemy/domains/de/test/auto/DateDemo.xml
21 ms. Memory: 48128K Free: 11480K (24%)
----------------- Invoking toplevel() on ptolemy.moml.MoMLSimpleApplication@7067b167
----------------- Done invoking toplevel() on ptolemy.moml.MoMLSimpleApplication@7067b167
reloadAllAccessors: .DateDemo

===========================================================================================
----------------- testing Thu Sep 12 05:37:33 UTC 2019 /home/travis/build/icyphy/ptII/ptolemy/domains/de/test/auto/DateToEvent.xml
----------------- Instantiating /home/travis/build/icyphy/ptII/ptolemy/domains/de/test/auto/DateToEvent.xml
2004 ms. Memory: 48128K Free: 22660K (47%)
----------------- Invoking toplevel() on ptolemy.moml.MoMLSimpleApplication@543db097
----------------- Done invoking toplevel() on ptolemy.moml.MoMLSimpleApplication@543db097
reloadAllAccessors: .DateToEvent

===========================================================================================
----------------- testing Thu Sep 12 05:37:35 UTC 2019 /home/travis/build/icyphy/ptII/ptolemy/domains/de/test/auto/DepthTest1.xml
----------------- Instantiating /home/travis/build/icyphy/ptII/ptolemy/domains/de/test/auto/DepthTest1.xml
2 ms. Memory: 48128K Free: 19736K (41%)
----------------- Invoking toplevel() on ptolemy.moml.MoMLSimpleApplication@65371a64
----------------- Done invoking toplevel() on ptolemy.moml.MoMLSimpleApplication@65371a64
reloadAllAccessors: .DepthTest1

===========================================================================================
----------------- testing Thu Sep 12 05:37:35 UTC 2019 /home/travis/build/icyphy/ptII/ptolemy/domains/de/test/auto/DepthTest2.xml
----------------- Instantiating /home/travis/build/icyphy/ptII/ptolemy/domains/de/test/auto/DepthTest2.xml
2 ms. Memory: 48128K Free: 13411K (28%)
----------------- Invoking toplevel() on ptolemy.moml.MoMLSimpleApplication@287efa83
----------------- Done invoking toplevel() on ptolemy.moml.MoMLSimpleApplication@287efa83
reloadAllAccessors: .DepthTest2

===========================================================================================
----------------- testing Thu Sep 12 05:37:35 UTC 2019 /home/travis/build/icyphy/ptII/ptolemy/domains/de/test/auto/DepthTest3.xml
----------------- Instantiating /home/travis/build/icyphy/ptII/ptolemy/domains/de/test/auto/DepthTest3.xml
1 ms. Memory: 48128K Free: 10355K (22%)
----------------- Invoking toplevel() on ptolemy.moml.MoMLSimpleApplication@497a19d1
----------------- Done invoking toplevel() on ptolemy.moml.MoMLSimpleApplication@497a19d1
reloadAllAccessors: .DepthTest3

===========================================================================================
----------------- testing Thu Sep 12 05:37:35 UTC 2019 /home/travis/build/icyphy/ptII/ptolemy/domains/de/test/auto/DepthTest4.xml
----------------- Instantiating /home/travis/build/icyphy/ptII/ptolemy/domains/de/test/auto/DepthTest4.xml
1 ms. Memory: 48128K Free: 31459K (65%)
----------------- Invoking toplevel() on ptolemy.moml.MoMLSimpleApplication@2e194775
----------------- Done invoking toplevel() on ptolemy.moml.MoMLSimpleApplication@2e194775
reloadAllAccessors: .DepthTest4

===========================================================================================
----------------- testing Thu Sep 12 05:37:35 UTC 2019 /home/travis/build/icyphy/ptII/ptolemy/domains/de/test/auto/DepthTest5.xml
----------------- Instantiating /home/travis/build/icyphy/ptII/ptolemy/domains/de/test/auto/DepthTest5.xml
8 ms. Memory: 48128K Free: 26122K (54%)
----------------- Invoking toplevel() on ptolemy.moml.MoMLSimpleApplication@2df0d6b7
----------------- Done invoking toplevel() on ptolemy.moml.MoMLSimpleApplication@2df0d6b7
reloadAllAccessors: .DepthTest5

===========================================================================================
----------------- testing Thu Sep 12 05:37:35 UTC 2019 /home/travis/build/icyphy/ptII/ptolemy/domains/de/test/auto/DepthTest6.xml
----------------- Instantiating /home/travis/build/icyphy/ptII/ptolemy/domains/de/test/auto/DepthTest6.xml
2 ms. Memory: 48128K Free: 20938K (44%)
----------------- Invoking toplevel() on ptolemy.moml.MoMLSimpleApplication@b8261e7
----------------- Done invoking toplevel() on ptolemy.moml.MoMLSimpleApplication@b8261e7
reloadAllAccessors: .DepthTest6

===========================================================================================
----------------- testing Thu Sep 12 05:37:35 UTC 2019 /home/travis/build/icyphy/ptII/ptolemy/domains/de/test/auto/DepthTest7.xml
----------------- Instantiating /home/travis/build/icyphy/ptII/ptolemy/domains/de/test/auto/DepthTest7.xml
2 ms. Memory: 48128K Free: 15826K (33%)
----------------- Invoking toplevel() on ptolemy.moml.MoMLSimpleApplication@dcf838f
----------------- Done invoking toplevel() on ptolemy.moml.MoMLSimpleApplication@dcf838f
reloadAllAccessors: .DepthTest7

===========================================================================================
----------------- testing Thu Sep 12 05:37:35 UTC 2019 /home/travis/build/icyphy/ptII/ptolemy/domains/de/test/auto/EventToDate.xml
----------------- Instantiating /home/travis/build/icyphy/ptII/ptolemy/domains/de/test/auto/EventToDate.xml
3016 ms. Memory: 48128K Free: 27968K (58%)
----------------- Invoking toplevel() on ptolemy.moml.MoMLSimpleApplication@560c8c8f
----------------- Done invoking toplevel() on ptolemy.moml.MoMLSimpleApplication@560c8c8f
reloadAllAccessors: .EventToDate

===========================================================================================
----------------- testing Thu Sep 12 05:37:38 UTC 2019 /home/travis/build/icyphy/ptII/ptolemy/domains/de/test/auto/FSM1.xml
----------------- Instantiating /home/travis/build/icyphy/ptII/ptolemy/domains/de/test/auto/FSM1.xml
16 ms. Memory: 48128K Free: 16021K (33%)
----------------- Invoking toplevel() on ptolemy.moml.MoMLSimpleApplication@2ac27b51
----------------- Done invoking toplevel() on ptolemy.moml.MoMLSimpleApplication@2ac27b51
reloadAllAccessors: .FSM1

===========================================================================================
----------------- testing Thu Sep 12 05:37:38 UTC 2019 /home/travis/build/icyphy/ptII/ptolemy/domains/de/test/auto/FSM7.xml
----------------- Instantiating /home/travis/build/icyphy/ptII/ptolemy/domains/de/test/auto/FSM7.xml
15 ms. Memory: 48128K Free: 29701K (62%)
----------------- Invoking toplevel() on ptolemy.moml.MoMLSimpleApplication@6d8e9ab5
----------------- Done invoking toplevel() on ptolemy.moml.MoMLSimpleApplication@6d8e9ab5
reloadAllAccessors: .FSM7

===========================================================================================
----------------- testing Thu Sep 12 05:37:38 UTC 2019 /home/travis/build/icyphy/ptII/ptolemy/domains/de/test/auto/Inspection.xml
----------------- Instantiating /home/travis/build/icyphy/ptII/ptolemy/domains/de/test/auto/Inspection.xml
14 ms. Memory: 48128K Free: 17752K (37%)
----------------- Invoking toplevel() on ptolemy.moml.MoMLSimpleApplication@31570825
----------------- Done invoking toplevel() on ptolemy.moml.MoMLSimpleApplication@31570825
reloadAllAccessors: .Inspection

===========================================================================================
----------------- testing Thu Sep 12 05:37:38 UTC 2019 /home/travis/build/icyphy/ptII/ptolemy/domains/de/test/auto/Iteration.xml
----------------- Instantiating /home/travis/build/icyphy/ptII/ptolemy/domains/de/test/auto/Iteration.xml
14 ms. Memory: 48128K Free: 10911K (23%)
----------------- Invoking toplevel() on ptolemy.moml.MoMLSimpleApplication@24b6c3c0
----------------- Done invoking toplevel() on ptolemy.moml.MoMLSimpleApplication@24b6c3c0
reloadAllAccessors: .Iteration

===========================================================================================
----------------- testing Thu Sep 12 05:37:38 UTC 2019 /home/travis/build/icyphy/ptII/ptolemy/domains/de/test/auto/LineFault.xml
----------------- Instantiating /home/travis/build/icyphy/ptII/ptolemy/domains/de/test/auto/LineFault.xml
545 ms. Memory: 48128K Free: 19378K (40%)
----------------- Invoking toplevel() on ptolemy.moml.MoMLSimpleApplication@d81748c
----------------- Done invoking toplevel() on ptolemy.moml.MoMLSimpleApplication@d81748c
reloadAllAccessors: .LineFault

===========================================================================================
----------------- testing Thu Sep 12 05:37:39 UTC 2019 /home/travis/build/icyphy/ptII/ptolemy/domains/de/test/auto/MergeModel1Add.xml
----------------- Instantiating /home/travis/build/icyphy/ptII/ptolemy/domains/de/test/auto/MergeModel1Add.xml
7 ms. Memory: 58368K Free: 34107K (58%)
----------------- Invoking toplevel() on ptolemy.moml.MoMLSimpleApplication@18cc02b9
----------------- Done invoking toplevel() on ptolemy.moml.MoMLSimpleApplication@18cc02b9
reloadAllAccessors: .MergeModel1Add

===========================================================================================
----------------- testing Thu Sep 12 05:37:39 UTC 2019 /home/travis/build/icyphy/ptII/ptolemy/domains/de/test/auto/MergeModel2Add.xml
----------------- Instantiating /home/travis/build/icyphy/ptII/ptolemy/domains/de/test/auto/MergeModel2Add.xml
7 ms. Memory: 58368K Free: 16712K (29%)
----------------- Invoking toplevel() on ptolemy.moml.MoMLSimpleApplication@26d0b5f
----------------- Done invoking toplevel() on ptolemy.moml.MoMLSimpleApplication@26d0b5f
reloadAllAccessors: .MergeModel2Add

===========================================================================================
----------------- testing Thu Sep 12 05:37:39 UTC 2019 /home/travis/build/icyphy/ptII/ptolemy/domains/de/test/auto/MergeModel3Add.xml
----------------- Instantiating /home/travis/build/icyphy/ptII/ptolemy/domains/de/test/auto/MergeModel3Add.xml
6 ms. Memory: 58368K Free: 27058K (46%)
----------------- Invoking toplevel() on ptolemy.moml.MoMLSimpleApplication@376ef15e
----------------- Done invoking toplevel() on ptolemy.moml.MoMLSimpleApplication@376ef15e
reloadAllAccessors: .MergeModel3Add

===========================================================================================
----------------- testing Thu Sep 12 05:37:39 UTC 2019 /home/travis/build/icyphy/ptII/ptolemy/domains/de/test/auto/MergeWithoutDiscard.xml
----------------- Instantiating /home/travis/build/icyphy/ptII/ptolemy/domains/de/test/auto/MergeWithoutDiscard.xml
1 ms. Memory: 58368K Free: 22616K (39%)
----------------- Invoking toplevel() on ptolemy.moml.MoMLSimpleApplication@473f245f
----------------- Done invoking toplevel() on ptolemy.moml.MoMLSimpleApplication@473f245f
reloadAllAccessors: .MergeWithoutDiscard

===========================================================================================
----------------- testing Thu Sep 12 05:37:39 UTC 2019 /home/travis/build/icyphy/ptII/ptolemy/domains/de/test/auto/Modal1.xml
----------------- Instantiating /home/travis/build/icyphy/ptII/ptolemy/domains/de/test/auto/Modal1.xml
17 ms. Memory: 58368K Free: 38289K (66%)
----------------- Invoking toplevel() on ptolemy.moml.MoMLSimpleApplication@6d3bb8bb
----------------- Done invoking toplevel() on ptolemy.moml.MoMLSimpleApplication@6d3bb8bb
reloadAllAccessors: .Modal1

===========================================================================================
----------------- testing Thu Sep 12 05:37:39 UTC 2019 /home/travis/build/icyphy/ptII/ptolemy/domains/de/test/auto/Modal2.xml
----------------- Instantiating /home/travis/build/icyphy/ptII/ptolemy/domains/de/test/auto/Modal2.xml
14 ms. Memory: 58368K Free: 26039K (45%)
----------------- Invoking toplevel() on ptolemy.moml.MoMLSimpleApplication@60d53d3b
----------------- Done invoking toplevel() on ptolemy.moml.MoMLSimpleApplication@60d53d3b
reloadAllAccessors: .Modal2

===========================================================================================
----------------- testing Thu Sep 12 05:37:39 UTC 2019 /home/travis/build/icyphy/ptII/ptolemy/domains/de/test/auto/Modal3.xml
----------------- Instantiating /home/travis/build/icyphy/ptII/ptolemy/domains/de/test/auto/Modal3.xml
16 ms. Memory: 58368K Free: 41612K (71%)
----------------- Invoking toplevel() on ptolemy.moml.MoMLSimpleApplication@4338f781
----------------- Done invoking toplevel() on ptolemy.moml.MoMLSimpleApplication@4338f781
reloadAllAccessors: .Modal3

===========================================================================================
----------------- testing Thu Sep 12 05:37:39 UTC 2019 /home/travis/build/icyphy/ptII/ptolemy/domains/de/test/auto/Modal4.xml
----------------- Instantiating /home/travis/build/icyphy/ptII/ptolemy/domains/de/test/auto/Modal4.xml
11 ms. Memory: 58368K Free: 28689K (49%)
----------------- Invoking toplevel() on ptolemy.moml.MoMLSimpleApplication@129d224a
----------------- Done invoking toplevel() on ptolemy.moml.MoMLSimpleApplication@129d224a
reloadAllAccessors: .Modal4

===========================================================================================
----------------- testing Thu Sep 12 05:37:39 UTC 2019 /home/travis/build/icyphy/ptII/ptolemy/domains/de/test/auto/Modal5.xml
----------------- Instantiating /home/travis/build/icyphy/ptII/ptolemy/domains/de/test/auto/Modal5.xml
9 ms. Memory: 58368K Free: 15962K (27%)
----------------- Invoking toplevel() on ptolemy.moml.MoMLSimpleApplication@49a8b07e
----------------- Done invoking toplevel() on ptolemy.moml.MoMLSimpleApplication@49a8b07e
reloadAllAccessors: .Modal5

===========================================================================================
----------------- testing Thu Sep 12 05:37:39 UTC 2019 /home/travis/build/icyphy/ptII/ptolemy/domains/de/test/auto/Modal6.xml
----------------- Instantiating /home/travis/build/icyphy/ptII/ptolemy/domains/de/test/auto/Modal6.xml
11 ms. Memory: 58368K Free: 32313K (55%)
----------------- Invoking toplevel() on ptolemy.moml.MoMLSimpleApplication@25dd4318
----------------- Done invoking toplevel() on ptolemy.moml.MoMLSimpleApplication@25dd4318
reloadAllAccessors: .Modal6

===========================================================================================
----------------- testing Thu Sep 12 05:37:39 UTC 2019 /home/travis/build/icyphy/ptII/ptolemy/domains/de/test/auto/Modal7.xml
----------------- Instantiating /home/travis/build/icyphy/ptII/ptolemy/domains/de/test/auto/Modal7.xml
8 ms. Memory: 58368K Free: 19031K (33%)
----------------- Invoking toplevel() on ptolemy.moml.MoMLSimpleApplication@6d88438a
----------------- Done invoking toplevel() on ptolemy.moml.MoMLSimpleApplication@6d88438a
reloadAllAccessors: .Modal7

===========================================================================================
----------------- testing Thu Sep 12 05:37:39 UTC 2019 /home/travis/build/icyphy/ptII/ptolemy/domains/de/test/auto/ModalModel.xml
----------------- Instantiating /home/travis/build/icyphy/ptII/ptolemy/domains/de/test/auto/ModalModel.xml
133 ms. Memory: 71680K Free: 27331K (38%)
----------------- Invoking toplevel() on ptolemy.moml.MoMLSimpleApplication@4a518931
----------------- Done invoking toplevel() on ptolemy.moml.MoMLSimpleApplication@4a518931
reloadAllAccessors: .ModalModel

===========================================================================================
----------------- testing Thu Sep 12 05:37:39 UTC 2019 /home/travis/build/icyphy/ptII/ptolemy/domains/de/test/auto/ModalSource.xml
----------------- Instantiating /home/travis/build/icyphy/ptII/ptolemy/domains/de/test/auto/ModalSource.xml
15 ms. Memory: 71680K Free: 53693K (75%)
----------------- Invoking toplevel() on ptolemy.moml.MoMLSimpleApplication@672be75a
----------------- Done invoking toplevel() on ptolemy.moml.MoMLSimpleApplication@672be75a
reloadAllAccessors: .ModalSource

===========================================================================================
----------------- testing Thu Sep 12 05:37:39 UTC 2019 /home/travis/build/icyphy/ptII/ptolemy/domains/de/test/auto/NonInterruptibleTimerZeroDelay.xml
----------------- Instantiating /home/travis/build/icyphy/ptII/ptolemy/domains/de/test/auto/NonInterruptibleTimerZeroDelay.xml
2 ms. Memory: 71680K Free: 49672K (69%)
----------------- Invoking toplevel() on ptolemy.moml.MoMLSimpleApplication@31a2d1b4
----------------- Done invoking toplevel() on ptolemy.moml.MoMLSimpleApplication@31a2d1b4
reloadAllAccessors: .NonInterruptibleTimerZeroDelay

===========================================================================================
----------------- testing Thu Sep 12 05:37:39 UTC 2019 /home/travis/build/icyphy/ptII/ptolemy/domains/de/test/auto/OpenQueueingNetwork.xml
----------------- Instantiating /home/travis/build/icyphy/ptII/ptolemy/domains/de/test/auto/OpenQueueingNetwork.xml
2608 ms. Memory: 253952K Free: 173889K (68%)
----------------- Invoking toplevel() on ptolemy.moml.MoMLSimpleApplication@223bbc52
----------------- Done invoking toplevel() on ptolemy.moml.MoMLSimpleApplication@223bbc52
reloadAllAccessors: .OpenQueueingNetwork

===========================================================================================
----------------- testing Thu Sep 12 05:37:42 UTC 2019 /home/travis/build/icyphy/ptII/ptolemy/domains/de/test/auto/OpenQueuingNetwork.xml
----------------- Instantiating /home/travis/build/icyphy/ptII/ptolemy/domains/de/test/auto/OpenQueuingNetwork.xml
245 ms. Memory: 253952K Free: 217233K (86%)
----------------- Invoking toplevel() on ptolemy.moml.MoMLSimpleApplication@1330d483
----------------- Done invoking toplevel() on ptolemy.moml.MoMLSimpleApplication@1330d483
reloadAllAccessors: .OpenQueuingNetwork

===========================================================================================
----------------- testing Thu Sep 12 05:37:42 UTC 2019 /home/travis/build/icyphy/ptII/ptolemy/domains/de/test/auto/PeriodicSampler.xml
----------------- Instantiating /home/travis/build/icyphy/ptII/ptolemy/domains/de/test/auto/PeriodicSampler.xml
2 ms. Memory: 253952K Free: 212627K (84%)
----------------- Invoking toplevel() on ptolemy.moml.MoMLSimpleApplication@527743eb
----------------- Done invoking toplevel() on ptolemy.moml.MoMLSimpleApplication@527743eb
reloadAllAccessors: .PeriodicSampler

===========================================================================================
----------------- testing Thu Sep 12 05:37:42 UTC 2019 /home/travis/build/icyphy/ptII/ptolemy/domains/de/test/auto/PersistentIO.xml
----------------- Instantiating /home/travis/build/icyphy/ptII/ptolemy/domains/de/test/auto/PersistentIO.xml
3 ms. Memory: 253952K Free: 203411K (80%)
----------------- Invoking toplevel() on ptolemy.moml.MoMLSimpleApplication@7d2d7051
----------------- Done invoking toplevel() on ptolemy.moml.MoMLSimpleApplication@7d2d7051
reloadAllAccessors: .PersistentIO

===========================================================================================
----------------- testing Thu Sep 12 05:37:42 UTC 2019 /home/travis/build/icyphy/ptII/ptolemy/domains/de/test/auto/PortParameterResetOnInitialize.xml
----------------- Instantiating /home/travis/build/icyphy/ptII/ptolemy/domains/de/test/auto/PortParameterResetOnInitialize.xml
1 ms. Memory: 253952K Free: 198787K (78%)
----------------- Invoking toplevel() on ptolemy.moml.MoMLSimpleApplication@d44b19b
----------------- Done invoking toplevel() on ptolemy.moml.MoMLSimpleApplication@d44b19b
reloadAllAccessors: .PortParameterResetOnInitialize

===========================================================================================
----------------- testing Thu Sep 12 05:37:42 UTC 2019 /home/travis/build/icyphy/ptII/ptolemy/domains/de/test/auto/PortParameterUpdates.xml
----------------- Instantiating /home/travis/build/icyphy/ptII/ptolemy/domains/de/test/auto/PortParameterUpdates.xml
6 ms. Memory: 253952K Free: 192147K (76%)
----------------- Invoking toplevel() on ptolemy.moml.MoMLSimpleApplication@55b91118
----------------- Done invoking toplevel() on ptolemy.moml.MoMLSimpleApplication@55b91118
reloadAllAccessors: .PortParameterUpdates

===========================================================================================
----------------- testing Thu Sep 12 05:37:42 UTC 2019 /home/travis/build/icyphy/ptII/ptolemy/domains/de/test/auto/QueueAndServer.xml
----------------- Instantiating /home/travis/build/icyphy/ptII/ptolemy/domains/de/test/auto/QueueAndServer.xml
5 ms. Memory: 253952K Free: 184465K (73%)
----------------- Invoking toplevel() on ptolemy.moml.MoMLSimpleApplication@15d4bcd4
----------------- Done invoking toplevel() on ptolemy.moml.MoMLSimpleApplication@15d4bcd4
reloadAllAccessors: .QueueAndServer

===========================================================================================
----------------- testing Thu Sep 12 05:37:43 UTC 2019 /home/travis/build/icyphy/ptII/ptolemy/domains/de/test/auto/Records.xml
----------------- Instantiating /home/travis/build/icyphy/ptII/ptolemy/domains/de/test/auto/Records.xml
6 ms. Memory: 253952K Free: 178835K (70%)
----------------- Invoking toplevel() on ptolemy.moml.MoMLSimpleApplication@5c1eda96
----------------- Done invoking toplevel() on ptolemy.moml.MoMLSimpleApplication@5c1eda96
reloadAllAccessors: .Records

===========================================================================================
----------------- testing Thu Sep 12 05:37:43 UTC 2019 /home/travis/build/icyphy/ptII/ptolemy/domains/de/test/auto/ResetTransitionWithStartTime1.xml
----------------- Instantiating /home/travis/build/icyphy/ptII/ptolemy/domains/de/test/auto/ResetTransitionWithStartTime1.xml
5 ms. Memory: 253952K Free: 170643K (67%)
----------------- Invoking toplevel() on ptolemy.moml.MoMLSimpleApplication@31da50df
----------------- Done invoking toplevel() on ptolemy.moml.MoMLSimpleApplication@31da50df
reloadAllAccessors: .ResetTransitionWithStartTime1

===========================================================================================
----------------- testing Thu Sep 12 05:37:43 UTC 2019 /home/travis/build/icyphy/ptII/ptolemy/domains/de/test/auto/ResetTransitionWithStartTime2.xml
----------------- Instantiating /home/travis/build/icyphy/ptII/ptolemy/domains/de/test/auto/ResetTransitionWithStartTime2.xml
4 ms. Memory: 253952K Free: 162451K (64%)
----------------- Invoking toplevel() on ptolemy.moml.MoMLSimpleApplication@7ca6510a
----------------- Done invoking toplevel() on ptolemy.moml.MoMLSimpleApplication@7ca6510a
reloadAllAccessors: .ResetTransitionWithStartTime2

===========================================================================================
----------------- testing Thu Sep 12 05:37:43 UTC 2019 /home/travis/build/icyphy/ptII/ptolemy/domains/de/test/auto/ResetTransitionWithStartTime3.xml
----------------- Instantiating /home/travis/build/icyphy/ptII/ptolemy/domains/de/test/auto/ResetTransitionWithStartTime3.xml
4 ms. Memory: 253952K Free: 154259K (61%)
----------------- Invoking toplevel() on ptolemy.moml.MoMLSimpleApplication@79dd29f3
----------------- Done invoking toplevel() on ptolemy.moml.MoMLSimpleApplication@79dd29f3
reloadAllAccessors: .ResetTransitionWithStartTime3

===========================================================================================
----------------- testing Thu Sep 12 05:37:43 UTC 2019 /home/travis/build/icyphy/ptII/ptolemy/domains/de/test/auto/ResetTransitionWithStartTime4.xml
----------------- Instantiating /home/travis/build/icyphy/ptII/ptolemy/domains/de/test/auto/ResetTransitionWithStartTime4.xml
3 ms. Memory: 253952K Free: 146571K (58%)
----------------- Invoking toplevel() on ptolemy.moml.MoMLSimpleApplication@9803d4f
----------------- Done invoking toplevel() on ptolemy.moml.MoMLSimpleApplication@9803d4f
reloadAllAccessors: .ResetTransitionWithStartTime4

===========================================================================================
----------------- testing Thu Sep 12 05:37:43 UTC 2019 /home/travis/build/icyphy/ptII/ptolemy/domains/de/test/auto/ResettableTimer1.xml
----------------- Instantiating /home/travis/build/icyphy/ptII/ptolemy/domains/de/test/auto/ResettableTimer1.xml
1 ms. Memory: 253952K Free: 142467K (56%)
----------------- Invoking toplevel() on ptolemy.moml.MoMLSimpleApplication@7ad38643
----------------- Done invoking toplevel() on ptolemy.moml.MoMLSimpleApplication@7ad38643
reloadAllAccessors: .ResettableTimer1

===========================================================================================
----------------- testing Thu Sep 12 05:37:43 UTC 2019 /home/travis/build/icyphy/ptII/ptolemy/domains/de/test/auto/ResettableTimer2.xml
----------------- Instantiating /home/travis/build/icyphy/ptII/ptolemy/domains/de/test/auto/ResettableTimer2.xml
2 ms. Memory: 253952K Free: 138371K (54%)
----------------- Invoking toplevel() on ptolemy.moml.MoMLSimpleApplication@6af4e19d
----------------- Done invoking toplevel() on ptolemy.moml.MoMLSimpleApplication@6af4e19d
reloadAllAccessors: .ResettableTimer2

===========================================================================================
----------------- testing Thu Sep 12 05:37:43 UTC 2019 /home/travis/build/icyphy/ptII/ptolemy/domains/de/test/auto/ResettableTimer3.xml
----------------- Instantiating /home/travis/build/icyphy/ptII/ptolemy/domains/de/test/auto/ResettableTimer3.xml
1 ms. Memory: 253952K Free: 134289K (53%)
----------------- Invoking toplevel() on ptolemy.moml.MoMLSimpleApplication@4a69fb42
----------------- Done invoking toplevel() on ptolemy.moml.MoMLSimpleApplication@4a69fb42
reloadAllAccessors: .ResettableTimer3

===========================================================================================
----------------- testing Thu Sep 12 05:37:43 UTC 2019 /home/travis/build/icyphy/ptII/ptolemy/domains/de/test/auto/ResettableTimer4.xml
----------------- Instantiating /home/travis/build/icyphy/ptII/ptolemy/domains/de/test/auto/ResettableTimer4.xml
1 ms. Memory: 253952K Free: 130193K (51%)
----------------- Invoking toplevel() on ptolemy.moml.MoMLSimpleApplication@4e6d74ec
----------------- Done invoking toplevel() on ptolemy.moml.MoMLSimpleApplication@4e6d74ec
reloadAllAccessors: .ResettableTimer4

===========================================================================================
----------------- testing Thu Sep 12 05:37:43 UTC 2019 /home/travis/build/icyphy/ptII/ptolemy/domains/de/test/auto/ResettableTimer5.xml
----------------- Instantiating /home/travis/build/icyphy/ptII/ptolemy/domains/de/test/auto/ResettableTimer5.xml
1 ms. Memory: 253952K Free: 126097K (50%)
----------------- Invoking toplevel() on ptolemy.moml.MoMLSimpleApplication@3543c639
----------------- Done invoking toplevel() on ptolemy.moml.MoMLSimpleApplication@3543c639
reloadAllAccessors: .ResettableTimer5

===========================================================================================
----------------- testing Thu Sep 12 05:37:43 UTC 2019 /home/travis/build/icyphy/ptII/ptolemy/domains/de/test/auto/ResettableTimer6.xml
----------------- Instantiating /home/travis/build/icyphy/ptII/ptolemy/domains/de/test/auto/ResettableTimer6.xml
8 ms. Memory: 253952K Free: 121489K (48%)
----------------- Invoking toplevel() on ptolemy.moml.MoMLSimpleApplication@4c8cc3d9
----------------- Done invoking toplevel() on ptolemy.moml.MoMLSimpleApplication@4c8cc3d9
reloadAllAccessors: .ResettableTimer6

===========================================================================================
----------------- testing Thu Sep 12 05:37:43 UTC 2019 /home/travis/build/icyphy/ptII/ptolemy/domains/de/test/auto/ServerZeroDelay.xml
----------------- Instantiating /home/travis/build/icyphy/ptII/ptolemy/domains/de/test/auto/ServerZeroDelay.xml
2 ms. Memory: 253952K Free: 117395K (46%)
----------------- Invoking toplevel() on ptolemy.moml.MoMLSimpleApplication@24543788
----------------- Done invoking toplevel() on ptolemy.moml.MoMLSimpleApplication@24543788
reloadAllAccessors: .ServerZeroDelay

===========================================================================================
----------------- testing Thu Sep 12 05:37:43 UTC 2019 /home/travis/build/icyphy/ptII/ptolemy/domains/de/test/auto/SmartSender.xml
----------------- Instantiating /home/travis/build/icyphy/ptII/ptolemy/domains/de/test/auto/SmartSender.xml
3000 ms. Memory: 253952K Free: 113299K (45%)
----------------- Invoking toplevel() on ptolemy.moml.MoMLSimpleApplication@566f7d7e
----------------- Done invoking toplevel() on ptolemy.moml.MoMLSimpleApplication@566f7d7e
reloadAllAccessors: .SmartSender

===========================================================================================
----------------- testing Thu Sep 12 05:37:46 UTC 2019 /home/travis/build/icyphy/ptII/ptolemy/domains/de/test/auto/ThreadedComposite.xml
----------------- Instantiating /home/travis/build/icyphy/ptII/ptolemy/domains/de/test/auto/ThreadedComposite.xml
160 ms. Memory: 253952K Free: 216343K (85%)
----------------- Invoking toplevel() on ptolemy.moml.MoMLSimpleApplication@5ff5c80b
----------------- Done invoking toplevel() on ptolemy.moml.MoMLSimpleApplication@5ff5c80b
reloadAllAccessors: .ThreadedComposite

===========================================================================================
----------------- testing Thu Sep 12 05:37:46 UTC 2019 /home/travis/build/icyphy/ptII/ptolemy/domains/de/test/auto/Time.xml
----------------- Instantiating /home/travis/build/icyphy/ptII/ptolemy/domains/de/test/auto/Time.xml
439 ms. Memory: 253952K Free: 164119K (65%)
----------------- Invoking toplevel() on ptolemy.moml.MoMLSimpleApplication@b2ab35b
----------------- Done invoking toplevel() on ptolemy.moml.MoMLSimpleApplication@b2ab35b
reloadAllAccessors: .Time

===========================================================================================
----------------- testing Thu Sep 12 05:37:46 UTC 2019 /home/travis/build/icyphy/ptII/ptolemy/domains/de/test/auto/TimeDelayZeroDelay.xml
----------------- Instantiating /home/travis/build/icyphy/ptII/ptolemy/domains/de/test/auto/TimeDelayZeroDelay.xml
5 ms. Memory: 253952K Free: 159990K (63%)
----------------- Invoking toplevel() on ptolemy.moml.MoMLSimpleApplication@7cb141a4
----------------- Done invoking toplevel() on ptolemy.moml.MoMLSimpleApplication@7cb141a4
reloadAllAccessors: .TimeDelayZeroDelay

===========================================================================================
----------------- testing Thu Sep 12 05:37:46 UTC 2019 /home/travis/build/icyphy/ptII/ptolemy/domains/de/test/auto/TimerZeroDelay.xml
----------------- Instantiating /home/travis/build/icyphy/ptII/ptolemy/domains/de/test/auto/TimerZeroDelay.xml
3 ms. Memory: 253952K Free: 155913K (61%)
----------------- Invoking toplevel() on ptolemy.moml.MoMLSimpleApplication@51d21f8
----------------- Done invoking toplevel() on ptolemy.moml.MoMLSimpleApplication@51d21f8
reloadAllAccessors: .TimerZeroDelay

===========================================================================================
----------------- testing Thu Sep 12 05:37:46 UTC 2019 /home/travis/build/icyphy/ptII/ptolemy/domains/de/test/auto/TimingParadox.xml
----------------- Instantiating /home/travis/build/icyphy/ptII/ptolemy/domains/de/test/auto/TimingParadox.xml
324 ms. Memory: 253952K Free: 225986K (89%)
----------------- Invoking toplevel() on ptolemy.moml.MoMLSimpleApplication@788d3740
----------------- Done invoking toplevel() on ptolemy.moml.MoMLSimpleApplication@788d3740
reloadAllAccessors: .TimingParadox

===========================================================================================
----------------- testing Thu Sep 12 05:37:47 UTC 2019 /home/travis/build/icyphy/ptII/ptolemy/domains/de/test/auto/TransferInputs.xml
----------------- Instantiating /home/travis/build/icyphy/ptII/ptolemy/domains/de/test/auto/TransferInputs.xml
4 ms. Memory: 253952K Free: 220852K (87%)
----------------- Invoking toplevel() on ptolemy.moml.MoMLSimpleApplication@48ef00a2
----------------- Done invoking toplevel() on ptolemy.moml.MoMLSimpleApplication@48ef00a2
reloadAllAccessors: .TransferInputs

===========================================================================================
----------------- testing Thu Sep 12 05:37:47 UTC 2019 /home/travis/build/icyphy/ptII/ptolemy/domains/de/test/auto/TransferOutputs2.xml
----------------- Instantiating /home/travis/build/icyphy/ptII/ptolemy/domains/de/test/auto/TransferOutputs2.xml
3 ms. Memory: 253952K Free: 212674K (84%)
----------------- Invoking toplevel() on ptolemy.moml.MoMLSimpleApplication@7091a683
----------------- Done invoking toplevel() on ptolemy.moml.MoMLSimpleApplication@7091a683
reloadAllAccessors: .TransferOutputs2

===========================================================================================
----------------- testing Thu Sep 12 05:37:47 UTC 2019 /home/travis/build/icyphy/ptII/ptolemy/domains/de/test/auto/Trilateration.xml
----------------- Instantiating /home/travis/build/icyphy/ptII/ptolemy/domains/de/test/auto/Trilateration.xml
11635 ms. Memory: 440320K Free: 267086K (61%)
----------------- Invoking toplevel() on ptolemy.moml.MoMLSimpleApplication@5453da6
----------------- Done invoking toplevel() on ptolemy.moml.MoMLSimpleApplication@5453da6
reloadAllAccessors: .Trilateration

===========================================================================================
----------------- testing Thu Sep 12 05:37:59 UTC 2019 /home/travis/build/icyphy/ptII/ptolemy/domains/de/test/auto/TwoSigmaDelta.xml
----------------- Instantiating /home/travis/build/icyphy/ptII/ptolemy/domains/de/test/auto/TwoSigmaDelta.xml
1973 ms. Memory: 440320K Free: 330062K (75%)
----------------- Invoking toplevel() on ptolemy.moml.MoMLSimpleApplication@7efc7360
----------------- Done invoking toplevel() on ptolemy.moml.MoMLSimpleApplication@7efc7360
reloadAllAccessors: .TwoSigmaDelta

===========================================================================================
----------------- testing Thu Sep 12 05:38:01 UTC 2019 /home/travis/build/icyphy/ptII/ptolemy/domains/de/test/auto/VariableDelay.xml
----------------- Instantiating /home/travis/build/icyphy/ptII/ptolemy/domains/de/test/auto/VariableDelay.xml
1 ms. Memory: 440320K Free: 324942K (74%)
----------------- Invoking toplevel() on ptolemy.moml.MoMLSimpleApplication@55364c54
----------------- Done invoking toplevel() on ptolemy.moml.MoMLSimpleApplication@55364c54
reloadAllAccessors: .VariableDelay

===========================================================================================
----------------- testing Thu Sep 12 05:38:01 UTC 2019 /home/travis/build/icyphy/ptII/ptolemy/domains/de/test/auto/VariableDelay2.xml
----------------- Instantiating /home/travis/build/icyphy/ptII/ptolemy/domains/de/test/auto/VariableDelay2.xml
2 ms. Memory: 440320K Free: 320318K (73%)
----------------- Invoking toplevel() on ptolemy.moml.MoMLSimpleApplication@7806c670
----------------- Done invoking toplevel() on ptolemy.moml.MoMLSimpleApplication@7806c670
reloadAllAccessors: .VariableDelay2

===========================================================================================
----------------- testing Thu Sep 12 05:38:01 UTC 2019 /home/travis/build/icyphy/ptII/ptolemy/domains/de/test/auto/VariableDelayZeroDelay.xml
----------------- Instantiating /home/travis/build/icyphy/ptII/ptolemy/domains/de/test/auto/VariableDelayZeroDelay.xml
2 ms. Memory: 440320K Free: 316236K (72%)
----------------- Invoking toplevel() on ptolemy.moml.MoMLSimpleApplication@3e192417
----------------- Done invoking toplevel() on ptolemy.moml.MoMLSimpleApplication@3e192417
reloadAllAccessors: .VariableDelayZeroDelay

===========================================================================================
----------------- testing Thu Sep 12 05:38:01 UTC 2019 /home/travis/build/icyphy/ptII/ptolemy/domains/de/test/auto/VariableDelayZeroDelay2.xml
----------------- Instantiating /home/travis/build/icyphy/ptII/ptolemy/domains/de/test/auto/VariableDelayZeroDelay2.xml
2 ms. Memory: 440320K Free: 312140K (71%)
----------------- Invoking toplevel() on ptolemy.moml.MoMLSimpleApplication@1c6feb74
----------------- Done invoking toplevel() on ptolemy.moml.MoMLSimpleApplication@1c6feb74
reloadAllAccessors: .VariableDelayZeroDelay2

===========================================================================================
----------------- testing Thu Sep 12 05:38:01 UTC 2019 /home/travis/build/icyphy/ptII/ptolemy/domains/de/test/auto/deInCt.xml
----------------- Instantiating /home/travis/build/icyphy/ptII/ptolemy/domains/de/test/auto/deInCt.xml
0
1
1
1
0
0
0
1
1
1
0
0
0
0
1
1
1
0
0
0
0
1
1
1
1
0
0
0
1
1
1
0
0
0
1
1
1
0
0
0
0
8 ms. Memory: 440320K Free: 307020K (70%)
----------------- Invoking toplevel() on ptolemy.moml.MoMLSimpleApplication@188c1f78
----------------- Done invoking toplevel() on ptolemy.moml.MoMLSimpleApplication@188c1f78
reloadAllAccessors: .deInCt

===========================================================================================
----------------- testing Thu Sep 12 05:38:01 UTC 2019 /home/travis/build/icyphy/ptII/ptolemy/domains/de/test/auto/deInCt2.xml
----------------- Instantiating /home/travis/build/icyphy/ptII/ptolemy/domains/de/test/auto/deInCt2.xml
0
1
1
1
0
0
1
1
1
0
0
1
1
1
0
0
1
1
1
0
0
1
1
1
0
0
1
1
1
0
0
1
1
1
0
0
1
1
1
0
0
0
7 ms. Memory: 440320K Free: 301894K (69%)
----------------- Invoking toplevel() on ptolemy.moml.MoMLSimpleApplication@3083e185
----------------- Done invoking toplevel() on ptolemy.moml.MoMLSimpleApplication@3083e185
reloadAllAccessors: .deInCt2

===========================================================================================
----------------- testing Thu Sep 12 05:38:01 UTC 2019 /home/travis/build/icyphy/ptII/ptolemy/domains/de/test/auto/dynamicCausalityInterface1.xml
----------------- Instantiating /home/travis/build/icyphy/ptII/ptolemy/domains/de/test/auto/dynamicCausalityInterface1.xml
1 ms. Memory: 440320K Free: 292684K (66%)
----------------- Invoking toplevel() on ptolemy.moml.MoMLSimpleApplication@281aaf0
----------------- Done invoking toplevel() on ptolemy.moml.MoMLSimpleApplication@281aaf0
reloadAllAccessors: .dynamicCausalityInterface1

===========================================================================================
----------------- testing Thu Sep 12 05:38:01 UTC 2019 /home/travis/build/icyphy/ptII/ptolemy/domains/de/test/auto/fsm_de_test.xml
----------------- Instantiating /home/travis/build/icyphy/ptII/ptolemy/domains/de/test/auto/fsm_de_test.xml
5 ms. Memory: 440320K Free: 283438K (64%)
----------------- Invoking toplevel() on ptolemy.moml.MoMLSimpleApplication@50781b98
----------------- Done invoking toplevel() on ptolemy.moml.MoMLSimpleApplication@50781b98
reloadAllAccessors: .fsm_de_test

===========================================================================================
----------------- testing Thu Sep 12 05:38:01 UTC 2019 /home/travis/build/icyphy/ptII/ptolemy/domains/de/test/auto/functionDependencyReconstruction.xml
----------------- Instantiating /home/travis/build/icyphy/ptII/ptolemy/domains/de/test/auto/functionDependencyReconstruction.xml
2 ms. Memory: 440320K Free: 268622K (61%)
----------------- Invoking toplevel() on ptolemy.moml.MoMLSimpleApplication@bf78c4b
----------------- Done invoking toplevel() on ptolemy.moml.MoMLSimpleApplication@bf78c4b
reloadAllAccessors: .functionDependencyReconstruction

===========================================================================================
----------------- testing Thu Sep 12 05:38:01 UTC 2019 /home/travis/build/icyphy/ptII/ptolemy/domains/de/test/auto/multirate.xml
----------------- Instantiating /home/travis/build/icyphy/ptII/ptolemy/domains/de/test/auto/multirate.xml
2 ms. Memory: 440320K Free: 261950K (59%)
----------------- Invoking toplevel() on ptolemy.moml.MoMLSimpleApplication@4f40ca50
----------------- Done invoking toplevel() on ptolemy.moml.MoMLSimpleApplication@4f40ca50
reloadAllAccessors: .multirate

===========================================================================================
----------------- testing Thu Sep 12 05:38:01 UTC 2019 /home/travis/build/icyphy/ptII/ptolemy/domains/de/test/auto/multirate2.xml
----------------- Instantiating /home/travis/build/icyphy/ptII/ptolemy/domains/de/test/auto/multirate2.xml
2 ms. Memory: 440320K Free: 255310K (58%)
----------------- Invoking toplevel() on ptolemy.moml.MoMLSimpleApplication@10845527
----------------- Done invoking toplevel() on ptolemy.moml.MoMLSimpleApplication@10845527
reloadAllAccessors: .multirate2

===========================================================================================
----------------- testing Thu Sep 12 05:38:01 UTC 2019 /home/travis/build/icyphy/ptII/ptolemy/domains/de/test/auto/realtime.xml
----------------- Instantiating /home/travis/build/icyphy/ptII/ptolemy/domains/de/test/auto/realtime.xml
10003 ms. Memory: 440320K Free: 250694K (57%)
----------------- Invoking toplevel() on ptolemy.moml.MoMLSimpleApplication@5efc5de7
----------------- Done invoking toplevel() on ptolemy.moml.MoMLSimpleApplication@5efc5de7
reloadAllAccessors: .realtime

===========================================================================================
----------------- testing Thu Sep 12 05:38:11 UTC 2019 /home/travis/build/icyphy/ptII/ptolemy/domains/de/test/auto/relationGroup.xml
----------------- Instantiating /home/travis/build/icyphy/ptII/ptolemy/domains/de/test/auto/relationGroup.xml
6 ms. Memory: 440320K Free: 247118K (56%)
----------------- Invoking toplevel() on ptolemy.moml.MoMLSimpleApplication@10b1def2
----------------- Done invoking toplevel() on ptolemy.moml.MoMLSimpleApplication@10b1def2
reloadAllAccessors: .relationGroup

===========================================================================================
----------------- testing Thu Sep 12 05:38:11 UTC 2019 /home/travis/build/icyphy/ptII/ptolemy/domains/de/test/auto/relationGroup2.xml
----------------- Instantiating /home/travis/build/icyphy/ptII/ptolemy/domains/de/test/auto/relationGroup2.xml
2 ms. Memory: 440320K Free: 243532K (55%)
----------------- Invoking toplevel() on ptolemy.moml.MoMLSimpleApplication@2a50f32a
----------------- Done invoking toplevel() on ptolemy.moml.MoMLSimpleApplication@2a50f32a
reloadAllAccessors: .relationGroup2

===========================================================================================
----------------- testing Thu Sep 12 05:38:11 UTC 2019 /home/travis/build/icyphy/ptII/ptolemy/domains/de/test/auto/sortWithOpaquePorts.xml
----------------- Instantiating /home/travis/build/icyphy/ptII/ptolemy/domains/de/test/auto/sortWithOpaquePorts.xml
1 ms. Memory: 440320K Free: 238926K (54%)
----------------- Invoking toplevel() on ptolemy.moml.MoMLSimpleApplication@42bda4db
----------------- Done invoking toplevel() on ptolemy.moml.MoMLSimpleApplication@42bda4db
reloadAllAccessors: .sortWithOpaquePorts

===========================================================================================
----------------- testing Thu Sep 12 05:38:11 UTC 2019 /home/travis/build/icyphy/ptII/ptolemy/domains/de/test/auto/transferInputsandOutputs.xml
----------------- Instantiating /home/travis/build/icyphy/ptII/ptolemy/domains/de/test/auto/transferInputsandOutputs.xml
2 ms. Memory: 440320K Free: 231758K (53%)
----------------- Invoking toplevel() on ptolemy.moml.MoMLSimpleApplication@659ab266
----------------- Done invoking toplevel() on ptolemy.moml.MoMLSimpleApplication@659ab266
reloadAllAccessors: .transferInputsandOutputs

===========================================================================================
----------------- testing Thu Sep 12 05:38:12 UTC 2019 /home/travis/build/icyphy/ptII/ptolemy/domains/de/test/auto/triggerType.xml
----------------- Instantiating /home/travis/build/icyphy/ptII/ptolemy/domains/de/test/auto/triggerType.xml
1 ms. Memory: 440320K Free: 227662K (52%)
----------------- Invoking toplevel() on ptolemy.moml.MoMLSimpleApplication@4ef78a4c
----------------- Done invoking toplevel() on ptolemy.moml.MoMLSimpleApplication@4ef78a4c
reloadAllAccessors: .triggerType
AutoTests.java: About to close Vertx.
AutoTests.java: Vertx closed.
]]></system-out>
  <system-err><![CDATA[java.lang.RuntimeException: Execution failed
	at ptolemy.moml.MoMLSimpleApplication$UnloadThread.run(MoMLSimpleApplication.java:402)
Caused by: ptolemy.kernel.util.IllegalActionException: Found a zero delay loop containing .dependencyLoop.original
  in .dependencyLoop and .dependencyLoop.original
	at ptolemy.actor.util.CausalityInterfaceForComposites._computeOutputPortDepth(CausalityInterfaceForComposites.java:759)
	at ptolemy.actor.util.CausalityInterfaceForComposites._computeInputDepth(CausalityInterfaceForComposites.java:696)
	at ptolemy.actor.util.CausalityInterfaceForComposites._computeOutputPortDepth(CausalityInterfaceForComposites.java:765)
	at ptolemy.actor.util.CausalityInterfaceForComposites._computeInputDepth(CausalityInterfaceForComposites.java:696)
	at ptolemy.actor.util.CausalityInterfaceForComposites._computeOutputPortDepth(CausalityInterfaceForComposites.java:765)
	at ptolemy.actor.util.CausalityInterfaceForComposites._computeInputDepth(CausalityInterfaceForComposites.java:696)
	at ptolemy.actor.util.CausalityInterfaceForComposites._computeActorDepth(CausalityInterfaceForComposites.java:532)
	at ptolemy.actor.util.CausalityInterfaceForComposites.checkForCycles(CausalityInterfaceForComposites.java:96)
	at ptolemy.domains.de.kernel.DEDirector.preinitialize(DEDirector.java:1338)
	at ptolemy.actor.CompositeActor.preinitialize(CompositeActor.java:1828)
	at ptolemy.actor.Manager.preinitializeAndResolveTypes(Manager.java:1040)
	at ptolemy.actor.Manager.initialize(Manager.java:710)
	at ptolemy.actor.Manager.execute(Manager.java:356)
	at ptolemy.actor.Manager.run(Manager.java:1263)
	at ptolemy.actor.Manager$PtolemyRunThread.run(Manager.java:1933)
java.lang.RuntimeException: Execution failed
	at ptolemy.moml.MoMLSimpleApplication$UnloadThread.run(MoMLSimpleApplication.java:402)
Caused by: ptolemy.kernel.util.IllegalActionException: Found a zero delay loop containing .dependencyLoop2.original
  in .dependencyLoop2 and .dependencyLoop2.original
	at ptolemy.actor.util.CausalityInterfaceForComposites._computeOutputPortDepth(CausalityInterfaceForComposites.java:759)
	at ptolemy.actor.util.CausalityInterfaceForComposites._computeInputDepth(CausalityInterfaceForComposites.java:696)
	at ptolemy.actor.util.CausalityInterfaceForComposites._computeOutputPortDepth(CausalityInterfaceForComposites.java:765)
	at ptolemy.actor.util.CausalityInterfaceForComposites._computeInputDepth(CausalityInterfaceForComposites.java:696)
	at ptolemy.actor.util.CausalityInterfaceForComposites._computeOutputPortDepth(CausalityInterfaceForComposites.java:765)
	at ptolemy.actor.util.CausalityInterfaceForComposites._computeInputDepth(CausalityInterfaceForComposites.java:696)
	at ptolemy.actor.util.CausalityInterfaceForComposites._computeActorDepth(CausalityInterfaceForComposites.java:532)
	at ptolemy.actor.util.CausalityInterfaceForComposites.checkForCycles(CausalityInterfaceForComposites.java:96)
	at ptolemy.domains.de.kernel.DEDirector.preinitialize(DEDirector.java:1338)
	at ptolemy.actor.CompositeActor.preinitialize(CompositeActor.java:1828)
	at ptolemy.actor.Manager.preinitializeAndResolveTypes(Manager.java:1040)
	at ptolemy.actor.Manager.initialize(Manager.java:710)
	at ptolemy.actor.Manager.execute(Manager.java:356)
	at ptolemy.actor.Manager.run(Manager.java:1263)
	at ptolemy.actor.Manager$PtolemyRunThread.run(Manager.java:1933)
java.lang.RuntimeException: Execution failed
	at ptolemy.moml.MoMLSimpleApplication$UnloadThread.run(MoMLSimpleApplication.java:402)
Caused by: ptolemy.kernel.util.IllegalActionException: Test fails in iteration 1.
Value was: 1.0. Should have been: 2.0
  in .DirectFeedback.Test
	at ptolemy.actor.lib.Test.fire(Test.java:268)
	at ptolemy.domains.de.kernel.DEDirector._fire(DEDirector.java:1949)
	at ptolemy.domains.de.kernel.DEDirector.fire(DEDirector.java:502)
	at ptolemy.actor.CompositeActor.fire(CompositeActor.java:455)
	at ptolemy.actor.Manager.iterate(Manager.java:851)
	at ptolemy.actor.Manager.execute(Manager.java:369)
	at ptolemy.actor.Manager.run(Manager.java:1263)
	at ptolemy.actor.Manager$PtolemyRunThread.run(Manager.java:1933)
java.lang.RuntimeException: Execution failed
	at ptolemy.moml.MoMLSimpleApplication$UnloadThread.run(MoMLSimpleApplication.java:402)
Caused by: ptolemy.kernel.util.IllegalActionException: Found a zero delay loop containing .dependencyLoop.original
  in .dependencyLoop and .dependencyLoop.original
	at ptolemy.actor.util.CausalityInterfaceForComposites._computeOutputPortDepth(CausalityInterfaceForComposites.java:759)
	at ptolemy.actor.util.CausalityInterfaceForComposites._computeInputDepth(CausalityInterfaceForComposites.java:696)
	at ptolemy.actor.util.CausalityInterfaceForComposites._computeOutputPortDepth(CausalityInterfaceForComposites.java:765)
	at ptolemy.actor.util.CausalityInterfaceForComposites._computeInputDepth(CausalityInterfaceForComposites.java:696)
	at ptolemy.actor.util.CausalityInterfaceForComposites._computeOutputPortDepth(CausalityInterfaceForComposites.java:765)
	at ptolemy.actor.util.CausalityInterfaceForComposites._computeInputDepth(CausalityInterfaceForComposites.java:696)
	at ptolemy.actor.util.CausalityInterfaceForComposites._computeActorDepth(CausalityInterfaceForComposites.java:532)
	at ptolemy.actor.util.CausalityInterfaceForComposites.checkForCycles(CausalityInterfaceForComposites.java:96)
	at ptolemy.domains.de.kernel.DEDirector.preinitialize(DEDirector.java:1338)
	at ptolemy.actor.CompositeActor.preinitialize(CompositeActor.java:1828)
	at ptolemy.actor.Manager.preinitializeAndResolveTypes(Manager.java:1040)
	at ptolemy.actor.Manager.initialize(Manager.java:710)
	at ptolemy.actor.Manager.execute(Manager.java:356)
	at ptolemy.actor.Manager.run(Manager.java:1263)
	at ptolemy.actor.Manager$PtolemyRunThread.run(Manager.java:1933)
java.lang.RuntimeException: Execution failed
	at ptolemy.moml.MoMLSimpleApplication$UnloadThread.run(MoMLSimpleApplication.java:402)
Caused by: ptolemy.kernel.util.IllegalActionException: Found a zero delay loop containing .HierarchicalModel.A
  in .HierarchicalModel and .HierarchicalModel.A
	at ptolemy.actor.util.CausalityInterfaceForComposites._computeOutputPortDepth(CausalityInterfaceForComposites.java:759)
	at ptolemy.actor.util.CausalityInterfaceForComposites._computeInputDepth(CausalityInterfaceForComposites.java:696)
	at ptolemy.actor.util.CausalityInterfaceForComposites._computeOutputPortDepth(CausalityInterfaceForComposites.java:765)
	at ptolemy.actor.util.CausalityInterfaceForComposites._computeInputDepth(CausalityInterfaceForComposites.java:696)
	at ptolemy.actor.util.CausalityInterfaceForComposites._computeOutputPortDepth(CausalityInterfaceForComposites.java:765)
	at ptolemy.actor.util.CausalityInterfaceForComposites._computeInputDepth(CausalityInterfaceForComposites.java:696)
	at ptolemy.actor.util.CausalityInterfaceForComposites._computeActorDepth(CausalityInterfaceForComposites.java:532)
	at ptolemy.actor.util.CausalityInterfaceForComposites.checkForCycles(CausalityInterfaceForComposites.java:96)
	at ptolemy.domains.de.kernel.DEDirector.preinitialize(DEDirector.java:1338)
	at ptolemy.actor.CompositeActor.preinitialize(CompositeActor.java:1828)
	at ptolemy.actor.Manager.preinitializeAndResolveTypes(Manager.java:1040)
	at ptolemy.actor.Manager.initialize(Manager.java:710)
	at ptolemy.actor.Manager.execute(Manager.java:356)
	at ptolemy.actor.Manager.run(Manager.java:1263)
	at ptolemy.actor.Manager$PtolemyRunThread.run(Manager.java:1933)
java.lang.RuntimeException: Execution failed
	at ptolemy.moml.MoMLSimpleApplication$UnloadThread.run(MoMLSimpleApplication.java:402)
Caused by: ptolemy.kernel.util.IllegalActionException: Found a zero delay loop containing .dependencyLoop2.original
  in .dependencyLoop2 and .dependencyLoop2.original
	at ptolemy.actor.util.CausalityInterfaceForComposites._computeOutputPortDepth(CausalityInterfaceForComposites.java:759)
	at ptolemy.actor.util.CausalityInterfaceForComposites._computeInputDepth(CausalityInterfaceForComposites.java:696)
	at ptolemy.actor.util.CausalityInterfaceForComposites._computeOutputPortDepth(CausalityInterfaceForComposites.java:765)
	at ptolemy.actor.util.CausalityInterfaceForComposites._computeInputDepth(CausalityInterfaceForComposites.java:696)
	at ptolemy.actor.util.CausalityInterfaceForComposites._computeOutputPortDepth(CausalityInterfaceForComposites.java:765)
	at ptolemy.actor.util.CausalityInterfaceForComposites._computeInputDepth(CausalityInterfaceForComposites.java:696)
	at ptolemy.actor.util.CausalityInterfaceForComposites._computeActorDepth(CausalityInterfaceForComposites.java:532)
	at ptolemy.actor.util.CausalityInterfaceForComposites.checkForCycles(CausalityInterfaceForComposites.java:96)
	at ptolemy.domains.de.kernel.DEDirector.preinitialize(DEDirector.java:1338)
	at ptolemy.actor.CompositeActor.preinitialize(CompositeActor.java:1828)
	at ptolemy.actor.Manager.preinitializeAndResolveTypes(Manager.java:1040)
	at ptolemy.actor.Manager.initialize(Manager.java:710)
	at ptolemy.actor.Manager.execute(Manager.java:356)
	at ptolemy.actor.Manager.run(Manager.java:1263)
	at ptolemy.actor.Manager$PtolemyRunThread.run(Manager.java:1933)
java.lang.RuntimeException: Execution failed
	at ptolemy.moml.MoMLSimpleApplication$UnloadThread.run(MoMLSimpleApplication.java:402)
Caused by: ptolemy.kernel.util.IllegalActionException: Actor is not ready to fire.  Perhaps UpSample.prefire() returned false? Try debugging the actor by selecting "Listen to Actor".  Also, for SDF check moml for tokenConsumptionRate on input.
  in .DESDFClockTest.Play Bell.Copy1:SDF Director and .DESDFClockTest.Play Bell.UpSample
	at ptolemy.actor.sched.StaticSchedulingDirector.fire(StaticSchedulingDirector.java:227)
	at ptolemy.domains.sdf.kernel.SDFDirector.fire(SDFDirector.java:500)
	at ptolemy.actor.CompositeActor.fire(CompositeActor.java:455)
	at ptolemy.domains.de.kernel.DEDirector._fire(DEDirector.java:1949)
	at ptolemy.domains.de.kernel.DEDirector.fire(DEDirector.java:502)
	at ptolemy.actor.CompositeActor.fire(CompositeActor.java:455)
	at ptolemy.actor.Manager.iterate(Manager.java:851)
	at ptolemy.actor.Manager.execute(Manager.java:369)
	at ptolemy.actor.Manager.run(Manager.java:1263)
	at ptolemy.actor.Manager$PtolemyRunThread.run(Manager.java:1933)
java.lang.RuntimeException: Execution failed
	at ptolemy.moml.MoMLSimpleApplication$UnloadThread.run(MoMLSimpleApplication.java:402)
Caused by: ptolemy.kernel.util.IllegalActionException: Actor is not ready to fire.  Perhaps UpSample.prefire() returned false? Try debugging the actor by selecting "Listen to Actor".  Also, for SDF check moml for tokenConsumptionRate on input.
  in .DESDFClockTest.Play Bell.Copy1:SDF Director and .DESDFClockTest.Play Bell.UpSample
	at ptolemy.actor.sched.StaticSchedulingDirector.fire(StaticSchedulingDirector.java:227)
	at ptolemy.domains.sdf.kernel.SDFDirector.fire(SDFDirector.java:500)
	at ptolemy.actor.CompositeActor.fire(CompositeActor.java:455)
	at ptolemy.domains.de.kernel.DEDirector._fire(DEDirector.java:1949)
	at ptolemy.domains.de.kernel.DEDirector.fire(DEDirector.java:502)
	at ptolemy.actor.CompositeActor.fire(CompositeActor.java:455)
	at ptolemy.actor.Manager.iterate(Manager.java:851)
	at ptolemy.actor.Manager.execute(Manager.java:369)
	at ptolemy.actor.Manager.run(Manager.java:1263)
	at ptolemy.actor.Manager$PtolemyRunThread.run(Manager.java:1933)
java.lang.reflect.InvocationTargetException
	at java.base/jdk.internal.reflect.NativeConstructorAccessorImpl.newInstance0(Native Method)
	at java.base/jdk.internal.reflect.NativeConstructorAccessorImpl.newInstance(NativeConstructorAccessorImpl.java:62)
	at java.base/jdk.internal.reflect.DelegatingConstructorAccessorImpl.newInstance(DelegatingConstructorAccessorImpl.java:45)
	at java.base/java.lang.reflect.Constructor.newInstance(Constructor.java:490)
	at ptolemy.util.test.junit.AutoKnownFailedTests.RunModel(AutoKnownFailedTests.java:105)
	at java.base/jdk.internal.reflect.NativeMethodAccessorImpl.invoke0(Native Method)
	at java.base/jdk.internal.reflect.NativeMethodAccessorImpl.invoke(NativeMethodAccessorImpl.java:62)
	at java.base/jdk.internal.reflect.DelegatingMethodAccessorImpl.invoke(DelegatingMethodAccessorImpl.java:43)
	at java.base/java.lang.reflect.Method.invoke(Method.java:566)
	at org.junit.runners.model.FrameworkMethod$1.runReflectiveCall(FrameworkMethod.java:44)
	at org.junit.internal.runners.model.ReflectiveCallable.run(ReflectiveCallable.java:15)
	at org.junit.runners.model.FrameworkMethod.invokeExplosively(FrameworkMethod.java:41)
	at junitparams.internal.InvokeParameterisedMethod.evaluate(InvokeParameterisedMethod.java:102)
	at org.junit.internal.runners.statements.FailOnTimeout$1.run(FailOnTimeout.java:28)
Caused by: ptolemy.kernel.util.IllegalActionException: Actor is not ready to fire.  Perhaps UpSample.prefire() returned false? Try debugging the actor by selecting "Listen to Actor".  Also, for SDF check moml for tokenConsumptionRate on input.
  in .DESDFClockTest.Play Bell.Copy1:SDF Director and .DESDFClockTest.Play Bell.UpSample
	at ptolemy.actor.sched.StaticSchedulingDirector.fire(StaticSchedulingDirector.java:227)
	at ptolemy.domains.sdf.kernel.SDFDirector.fire(SDFDirector.java:500)
	at ptolemy.actor.CompositeActor.fire(CompositeActor.java:455)
	at ptolemy.domains.de.kernel.DEDirector._fire(DEDirector.java:1949)
	at ptolemy.domains.de.kernel.DEDirector.fire(DEDirector.java:502)
	at ptolemy.actor.CompositeActor.fire(CompositeActor.java:455)
	at ptolemy.actor.Manager.iterate(Manager.java:851)
	at ptolemy.actor.Manager.execute(Manager.java:369)
	at ptolemy.actor.Manager.run(Manager.java:1263)
	at ptolemy.actor.Manager$PtolemyRunThread.run(Manager.java:1933)
java.lang.RuntimeException: Execution failed
	at ptolemy.moml.MoMLSimpleApplication$UnloadThread.run(MoMLSimpleApplication.java:402)
Caused by: ptolemy.kernel.util.IllegalActionException: Test fails in iteration 1.
Value was: 1.0. Should have been: 2.0
  in .DirectFeedback.Test
	at ptolemy.actor.lib.Test.fire(Test.java:268)
	at ptolemy.domains.de.kernel.DEDirector._fire(DEDirector.java:1949)
	at ptolemy.domains.de.kernel.DEDirector.fire(DEDirector.java:502)
	at ptolemy.actor.CompositeActor.fire(CompositeActor.java:455)
	at ptolemy.actor.Manager.iterate(Manager.java:851)
	at ptolemy.actor.Manager.execute(Manager.java:369)
	at ptolemy.actor.Manager.run(Manager.java:1263)
	at ptolemy.actor.Manager$PtolemyRunThread.run(Manager.java:1933)
java.lang.reflect.InvocationTargetException
	at java.base/jdk.internal.reflect.NativeConstructorAccessorImpl.newInstance0(Native Method)
	at java.base/jdk.internal.reflect.NativeConstructorAccessorImpl.newInstance(NativeConstructorAccessorImpl.java:62)
	at java.base/jdk.internal.reflect.DelegatingConstructorAccessorImpl.newInstance(DelegatingConstructorAccessorImpl.java:45)
	at java.base/java.lang.reflect.Constructor.newInstance(Constructor.java:490)
	at ptolemy.util.test.junit.AutoKnownFailedTests.RunModel(AutoKnownFailedTests.java:105)
	at java.base/jdk.internal.reflect.NativeMethodAccessorImpl.invoke0(Native Method)
	at java.base/jdk.internal.reflect.NativeMethodAccessorImpl.invoke(NativeMethodAccessorImpl.java:62)
	at java.base/jdk.internal.reflect.DelegatingMethodAccessorImpl.invoke(DelegatingMethodAccessorImpl.java:43)
	at java.base/java.lang.reflect.Method.invoke(Method.java:566)
	at org.junit.runners.model.FrameworkMethod$1.runReflectiveCall(FrameworkMethod.java:44)
	at org.junit.internal.runners.model.ReflectiveCallable.run(ReflectiveCallable.java:15)
	at org.junit.runners.model.FrameworkMethod.invokeExplosively(FrameworkMethod.java:41)
	at junitparams.internal.InvokeParameterisedMethod.evaluate(InvokeParameterisedMethod.java:102)
	at org.junit.internal.runners.statements.FailOnTimeout$1.run(FailOnTimeout.java:28)
Caused by: ptolemy.kernel.util.IllegalActionException: Test fails in iteration 1.
Value was: 1.0. Should have been: 2.0
  in .DirectFeedback.Test
	at ptolemy.actor.lib.Test.fire(Test.java:268)
	at ptolemy.domains.de.kernel.DEDirector._fire(DEDirector.java:1949)
	at ptolemy.domains.de.kernel.DEDirector.fire(DEDirector.java:502)
	at ptolemy.actor.CompositeActor.fire(CompositeActor.java:455)
	at ptolemy.actor.Manager.iterate(Manager.java:851)
	at ptolemy.actor.Manager.execute(Manager.java:369)
	at ptolemy.actor.Manager.run(Manager.java:1263)
	at ptolemy.actor.Manager$PtolemyRunThread.run(Manager.java:1933)
java.lang.RuntimeException: Execution failed
	at ptolemy.moml.MoMLSimpleApplication$UnloadThread.run(MoMLSimpleApplication.java:402)
Caused by: ptolemy.kernel.util.IllegalActionException: Found a zero delay loop containing .HierarchicalModel.A
  in .HierarchicalModel and .HierarchicalModel.A
	at ptolemy.actor.util.CausalityInterfaceForComposites._computeOutputPortDepth(CausalityInterfaceForComposites.java:759)
	at ptolemy.actor.util.CausalityInterfaceForComposites._computeInputDepth(CausalityInterfaceForComposites.java:696)
	at ptolemy.actor.util.CausalityInterfaceForComposites._computeOutputPortDepth(CausalityInterfaceForComposites.java:765)
	at ptolemy.actor.util.CausalityInterfaceForComposites._computeInputDepth(CausalityInterfaceForComposites.java:696)
	at ptolemy.actor.util.CausalityInterfaceForComposites._computeOutputPortDepth(CausalityInterfaceForComposites.java:765)
	at ptolemy.actor.util.CausalityInterfaceForComposites._computeInputDepth(CausalityInterfaceForComposites.java:696)
	at ptolemy.actor.util.CausalityInterfaceForComposites._computeActorDepth(CausalityInterfaceForComposites.java:532)
	at ptolemy.actor.util.CausalityInterfaceForComposites.checkForCycles(CausalityInterfaceForComposites.java:96)
	at ptolemy.domains.de.kernel.DEDirector.preinitialize(DEDirector.java:1338)
	at ptolemy.actor.CompositeActor.preinitialize(CompositeActor.java:1828)
	at ptolemy.actor.Manager.preinitializeAndResolveTypes(Manager.java:1040)
	at ptolemy.actor.Manager.initialize(Manager.java:710)
	at ptolemy.actor.Manager.execute(Manager.java:356)
	at ptolemy.actor.Manager.run(Manager.java:1263)
	at ptolemy.actor.Manager$PtolemyRunThread.run(Manager.java:1933)
java.lang.reflect.InvocationTargetException
	at java.base/jdk.internal.reflect.NativeConstructorAccessorImpl.newInstance0(Native Method)
	at java.base/jdk.internal.reflect.NativeConstructorAccessorImpl.newInstance(NativeConstructorAccessorImpl.java:62)
	at java.base/jdk.internal.reflect.DelegatingConstructorAccessorImpl.newInstance(DelegatingConstructorAccessorImpl.java:45)
	at java.base/java.lang.reflect.Constructor.newInstance(Constructor.java:490)
	at ptolemy.util.test.junit.AutoKnownFailedTests.RunModel(AutoKnownFailedTests.java:105)
	at java.base/jdk.internal.reflect.NativeMethodAccessorImpl.invoke0(Native Method)
	at java.base/jdk.internal.reflect.NativeMethodAccessorImpl.invoke(NativeMethodAccessorImpl.java:62)
	at java.base/jdk.internal.reflect.DelegatingMethodAccessorImpl.invoke(DelegatingMethodAccessorImpl.java:43)
	at java.base/java.lang.reflect.Method.invoke(Method.java:566)
	at org.junit.runners.model.FrameworkMethod$1.runReflectiveCall(FrameworkMethod.java:44)
	at org.junit.internal.runners.model.ReflectiveCallable.run(ReflectiveCallable.java:15)
	at org.junit.runners.model.FrameworkMethod.invokeExplosively(FrameworkMethod.java:41)
	at junitparams.internal.InvokeParameterisedMethod.evaluate(InvokeParameterisedMethod.java:102)
	at org.junit.internal.runners.statements.FailOnTimeout$1.run(FailOnTimeout.java:28)
Caused by: ptolemy.kernel.util.IllegalActionException: Found a zero delay loop containing .HierarchicalModel.A
  in .HierarchicalModel and .HierarchicalModel.A
	at ptolemy.actor.util.CausalityInterfaceForComposites._computeOutputPortDepth(CausalityInterfaceForComposites.java:759)
	at ptolemy.actor.util.CausalityInterfaceForComposites._computeInputDepth(CausalityInterfaceForComposites.java:696)
	at ptolemy.actor.util.CausalityInterfaceForComposites._computeOutputPortDepth(CausalityInterfaceForComposites.java:765)
	at ptolemy.actor.util.CausalityInterfaceForComposites._computeInputDepth(CausalityInterfaceForComposites.java:696)
	at ptolemy.actor.util.CausalityInterfaceForComposites._computeOutputPortDepth(CausalityInterfaceForComposites.java:765)
	at ptolemy.actor.util.CausalityInterfaceForComposites._computeInputDepth(CausalityInterfaceForComposites.java:696)
	at ptolemy.actor.util.CausalityInterfaceForComposites._computeActorDepth(CausalityInterfaceForComposites.java:532)
	at ptolemy.actor.util.CausalityInterfaceForComposites.checkForCycles(CausalityInterfaceForComposites.java:96)
	at ptolemy.domains.de.kernel.DEDirector.preinitialize(DEDirector.java:1338)
	at ptolemy.actor.CompositeActor.preinitialize(CompositeActor.java:1828)
	at ptolemy.actor.Manager.preinitializeAndResolveTypes(Manager.java:1040)
	at ptolemy.actor.Manager.initialize(Manager.java:710)
	at ptolemy.actor.Manager.execute(Manager.java:356)
	at ptolemy.actor.Manager.run(Manager.java:1263)
	at ptolemy.actor.Manager$PtolemyRunThread.run(Manager.java:1933)
java.lang.RuntimeException: Execution failed
	at ptolemy.moml.MoMLSimpleApplication$UnloadThread.run(MoMLSimpleApplication.java:402)
Caused by: ptolemy.kernel.util.IllegalActionException: Found a zero delay loop containing .dependencyLoop.original
  in .dependencyLoop and .dependencyLoop.original
	at ptolemy.actor.util.CausalityInterfaceForComposites._computeOutputPortDepth(CausalityInterfaceForComposites.java:759)
	at ptolemy.actor.util.CausalityInterfaceForComposites._computeInputDepth(CausalityInterfaceForComposites.java:696)
	at ptolemy.actor.util.CausalityInterfaceForComposites._computeOutputPortDepth(CausalityInterfaceForComposites.java:765)
	at ptolemy.actor.util.CausalityInterfaceForComposites._computeInputDepth(CausalityInterfaceForComposites.java:696)
	at ptolemy.actor.util.CausalityInterfaceForComposites._computeOutputPortDepth(CausalityInterfaceForComposites.java:765)
	at ptolemy.actor.util.CausalityInterfaceForComposites._computeInputDepth(CausalityInterfaceForComposites.java:696)
	at ptolemy.actor.util.CausalityInterfaceForComposites._computeActorDepth(CausalityInterfaceForComposites.java:532)
	at ptolemy.actor.util.CausalityInterfaceForComposites.checkForCycles(CausalityInterfaceForComposites.java:96)
	at ptolemy.domains.de.kernel.DEDirector.preinitialize(DEDirector.java:1338)
	at ptolemy.actor.CompositeActor.preinitialize(CompositeActor.java:1828)
	at ptolemy.actor.Manager.preinitializeAndResolveTypes(Manager.java:1040)
	at ptolemy.actor.Manager.initialize(Manager.java:710)
	at ptolemy.actor.Manager.execute(Manager.java:356)
	at ptolemy.actor.Manager.run(Manager.java:1263)
	at ptolemy.actor.Manager$PtolemyRunThread.run(Manager.java:1933)
java.lang.reflect.InvocationTargetException
	at java.base/jdk.internal.reflect.NativeConstructorAccessorImpl.newInstance0(Native Method)
	at java.base/jdk.internal.reflect.NativeConstructorAccessorImpl.newInstance(NativeConstructorAccessorImpl.java:62)
	at java.base/jdk.internal.reflect.DelegatingConstructorAccessorImpl.newInstance(DelegatingConstructorAccessorImpl.java:45)
	at java.base/java.lang.reflect.Constructor.newInstance(Constructor.java:490)
	at ptolemy.util.test.junit.AutoKnownFailedTests.RunModel(AutoKnownFailedTests.java:105)
	at java.base/jdk.internal.reflect.NativeMethodAccessorImpl.invoke0(Native Method)
	at java.base/jdk.internal.reflect.NativeMethodAccessorImpl.invoke(NativeMethodAccessorImpl.java:62)
	at java.base/jdk.internal.reflect.DelegatingMethodAccessorImpl.invoke(DelegatingMethodAccessorImpl.java:43)
	at java.base/java.lang.reflect.Method.invoke(Method.java:566)
	at org.junit.runners.model.FrameworkMethod$1.runReflectiveCall(FrameworkMethod.java:44)
	at org.junit.internal.runners.model.ReflectiveCallable.run(ReflectiveCallable.java:15)
	at org.junit.runners.model.FrameworkMethod.invokeExplosively(FrameworkMethod.java:41)
	at junitparams.internal.InvokeParameterisedMethod.evaluate(InvokeParameterisedMethod.java:102)
	at org.junit.internal.runners.statements.FailOnTimeout$1.run(FailOnTimeout.java:28)
Caused by: ptolemy.kernel.util.IllegalActionException: Found a zero delay loop containing .dependencyLoop.original
  in .dependencyLoop and .dependencyLoop.original
	at ptolemy.actor.util.CausalityInterfaceForComposites._computeOutputPortDepth(CausalityInterfaceForComposites.java:759)
	at ptolemy.actor.util.CausalityInterfaceForComposites._computeInputDepth(CausalityInterfaceForComposites.java:696)
	at ptolemy.actor.util.CausalityInterfaceForComposites._computeOutputPortDepth(CausalityInterfaceForComposites.java:765)
	at ptolemy.actor.util.CausalityInterfaceForComposites._computeInputDepth(CausalityInterfaceForComposites.java:696)
	at ptolemy.actor.util.CausalityInterfaceForComposites._computeOutputPortDepth(CausalityInterfaceForComposites.java:765)
	at ptolemy.actor.util.CausalityInterfaceForComposites._computeInputDepth(CausalityInterfaceForComposites.java:696)
	at ptolemy.actor.util.CausalityInterfaceForComposites._computeActorDepth(CausalityInterfaceForComposites.java:532)
	at ptolemy.actor.util.CausalityInterfaceForComposites.checkForCycles(CausalityInterfaceForComposites.java:96)
	at ptolemy.domains.de.kernel.DEDirector.preinitialize(DEDirector.java:1338)
	at ptolemy.actor.CompositeActor.preinitialize(CompositeActor.java:1828)
	at ptolemy.actor.Manager.preinitializeAndResolveTypes(Manager.java:1040)
	at ptolemy.actor.Manager.initialize(Manager.java:710)
	at ptolemy.actor.Manager.execute(Manager.java:356)
	at ptolemy.actor.Manager.run(Manager.java:1263)
	at ptolemy.actor.Manager$PtolemyRunThread.run(Manager.java:1933)
java.lang.RuntimeException: Execution failed
	at ptolemy.moml.MoMLSimpleApplication$UnloadThread.run(MoMLSimpleApplication.java:402)
Caused by: ptolemy.kernel.util.IllegalActionException: Found a zero delay loop containing .dependencyLoop2.original
  in .dependencyLoop2 and .dependencyLoop2.original
	at ptolemy.actor.util.CausalityInterfaceForComposites._computeOutputPortDepth(CausalityInterfaceForComposites.java:759)
	at ptolemy.actor.util.CausalityInterfaceForComposites._computeInputDepth(CausalityInterfaceForComposites.java:696)
	at ptolemy.actor.util.CausalityInterfaceForComposites._computeOutputPortDepth(CausalityInterfaceForComposites.java:765)
	at ptolemy.actor.util.CausalityInterfaceForComposites._computeInputDepth(CausalityInterfaceForComposites.java:696)
	at ptolemy.actor.util.CausalityInterfaceForComposites._computeOutputPortDepth(CausalityInterfaceForComposites.java:765)
	at ptolemy.actor.util.CausalityInterfaceForComposites._computeInputDepth(CausalityInterfaceForComposites.java:696)
	at ptolemy.actor.util.CausalityInterfaceForComposites._computeActorDepth(CausalityInterfaceForComposites.java:532)
	at ptolemy.actor.util.CausalityInterfaceForComposites.checkForCycles(CausalityInterfaceForComposites.java:96)
	at ptolemy.domains.de.kernel.DEDirector.preinitialize(DEDirector.java:1338)
	at ptolemy.actor.CompositeActor.preinitialize(CompositeActor.java:1828)
	at ptolemy.actor.Manager.preinitializeAndResolveTypes(Manager.java:1040)
	at ptolemy.actor.Manager.initialize(Manager.java:710)
	at ptolemy.actor.Manager.execute(Manager.java:356)
	at ptolemy.actor.Manager.run(Manager.java:1263)
	at ptolemy.actor.Manager$PtolemyRunThread.run(Manager.java:1933)
java.lang.reflect.InvocationTargetException
	at java.base/jdk.internal.reflect.NativeConstructorAccessorImpl.newInstance0(Native Method)
	at java.base/jdk.internal.reflect.NativeConstructorAccessorImpl.newInstance(NativeConstructorAccessorImpl.java:62)
	at java.base/jdk.internal.reflect.DelegatingConstructorAccessorImpl.newInstance(DelegatingConstructorAccessorImpl.java:45)
	at java.base/java.lang.reflect.Constructor.newInstance(Constructor.java:490)
	at ptolemy.util.test.junit.AutoKnownFailedTests.RunModel(AutoKnownFailedTests.java:105)
	at java.base/jdk.internal.reflect.NativeMethodAccessorImpl.invoke0(Native Method)
	at java.base/jdk.internal.reflect.NativeMethodAccessorImpl.invoke(NativeMethodAccessorImpl.java:62)
	at java.base/jdk.internal.reflect.DelegatingMethodAccessorImpl.invoke(DelegatingMethodAccessorImpl.java:43)
	at java.base/java.lang.reflect.Method.invoke(Method.java:566)
	at org.junit.runners.model.FrameworkMethod$1.runReflectiveCall(FrameworkMethod.java:44)
	at org.junit.internal.runners.model.ReflectiveCallable.run(ReflectiveCallable.java:15)
	at org.junit.runners.model.FrameworkMethod.invokeExplosively(FrameworkMethod.java:41)
	at junitparams.internal.InvokeParameterisedMethod.evaluate(InvokeParameterisedMethod.java:102)
	at org.junit.internal.runners.statements.FailOnTimeout$1.run(FailOnTimeout.java:28)
Caused by: ptolemy.kernel.util.IllegalActionException: Found a zero delay loop containing .dependencyLoop2.original
  in .dependencyLoop2 and .dependencyLoop2.original
	at ptolemy.actor.util.CausalityInterfaceForComposites._computeOutputPortDepth(CausalityInterfaceForComposites.java:759)
	at ptolemy.actor.util.CausalityInterfaceForComposites._computeInputDepth(CausalityInterfaceForComposites.java:696)
	at ptolemy.actor.util.CausalityInterfaceForComposites._computeOutputPortDepth(CausalityInterfaceForComposites.java:765)
	at ptolemy.actor.util.CausalityInterfaceForComposites._computeInputDepth(CausalityInterfaceForComposites.java:696)
	at ptolemy.actor.util.CausalityInterfaceForComposites._computeOutputPortDepth(CausalityInterfaceForComposites.java:765)
	at ptolemy.actor.util.CausalityInterfaceForComposites._computeInputDepth(CausalityInterfaceForComposites.java:696)
	at ptolemy.actor.util.CausalityInterfaceForComposites._computeActorDepth(CausalityInterfaceForComposites.java:532)
	at ptolemy.actor.util.CausalityInterfaceForComposites.checkForCycles(CausalityInterfaceForComposites.java:96)
	at ptolemy.domains.de.kernel.DEDirector.preinitialize(DEDirector.java:1338)
	at ptolemy.actor.CompositeActor.preinitialize(CompositeActor.java:1828)
	at ptolemy.actor.Manager.preinitializeAndResolveTypes(Manager.java:1040)
	at ptolemy.actor.Manager.initialize(Manager.java:710)
	at ptolemy.actor.Manager.execute(Manager.java:356)
	at ptolemy.actor.Manager.run(Manager.java:1263)
	at ptolemy.actor.Manager$PtolemyRunThread.run(Manager.java:1933)
]]></system-err>
</testsuite>
