<?xml version="1.0" encoding="UTF-8" ?>
<testsuite errors="0" failures="0" hostname="travis-job-28a01ab7-8135-40d3-9b8d-39e38cf5f3b4" name="ptolemy.actor.lib.test.junit.JUnitTclTest" skipped="0" tests="517" time="61.263" timestamp="2020-07-12T15:04:24">
  <properties>
    <property name="npm.executable" value="npm" />
    <property name="env.TRAVIS_ROOT" value="/" />
    <property name="ptII.mk.exists" value="true" />
    <property name="env.TRAVIS_APP_HOST" value="build.travis-ci.org" />
    <property name="env.rvm_bin_path" value="/home/travis/.rvm/bin" />
    <property name="java.home" value="/usr/local/lib/jvm/openjdk11" />
    <property name="env.TRAVIS_JOB_NUMBER" value="1689.8" />
    <property name="env.TRAVIS_HOME" value="/home/travis" />
    <property name="env.DISPLAY" value=":99.0" />
    <property name="env.TRAVIS_INIT" value="systemd" />
    <property name="env.SSH_TTY" value="/dev/pts/0" />
    <property name="java.net.preferIPv4Stack" value="true" />
    <property name="env.RUN_TESTS" value="true" />
    <property name="timeout.short" value="1000000" />
    <property name="junit.formatter" value="xml" />
    <property name="env.TRAVIS_SUDO" value="true" />
    <property name="env.TRAVIS_JOB_NAME" value="" />
    <property name="env.TRAVIS_STACK_NODE_ATTRIBUTES" value="/.node-attributes.yml" />
    <property name="env.LOGNAME" value="travis" />
    <property name="env.PT_TRAVIS_TEST_CORE1_XML" value="true" />
    <property name="jsdoc.home" value="node_modules/@terraswarm/jsdoc" />
    <property name="debuglevel" value="source,lines,vars" />
    <property name="checkstyle.formatter" value="xml" />
    <property name="env._system_version" value="16.04" />
    <property name="bin.vergil.makeable" value="true" />
    <property name="sun.os.patch.level" value="unknown" />
    <property name="java.vendor.url" value="http://java.oracle.com/" />
    <property name="env.TRAVIS_BUILD_WEB_URL" value="https://travis-ci.org/icyphy/ptII/builds/707381015" />
    <property name="java.version" value="11.0.2" />
    <property name="env.TZ" value="UTC" />
    <property name="env.TRAVIS_PULL_REQUEST_SHA" value="" />
    <property name="env.PT_NO_NET" value="true" />
    <property name="env.TRAVIS_SECURE_ENV_VARS" value="true" />
    <property name="env._system_type" value="Linux" />
    <property name="java.vendor.url.bug" value="http://bugreport.java.com/bugreport/" />
    <property name="npmjs-org-is-up" value="true" />
    <property name="env.LANGUAGE" value="en_US.UTF-8" />
    <property name="env.SSH_CLIENT" value="10.24.2.88 44460 22" />
    <property name="env.GEM_HOME" value="/home/travis/.rvm/gems/ruby-2.5.3" />
    <property name="env.HAS_ANTARES_THREE_LITTLE_FRONZIES_BADGE" value="true" />
    <property name="java.version.date" value="2019-01-15" />
    <property name="env.PS4" value="+" />
    <property name="ant.project.invoked-targets" value="build,test.core1.xml" />
    <property name="env.TRAVIS_PULL_REQUEST_BRANCH" value="" />
    <property name="env.TRAVIS_REPO_SLUG" value="icyphy/ptII" />
    <property name="env.XDG_DATA_DIRS" value="/usr/local/share:/usr/share:/var/lib/snapd/desktop" />
    <property name="jdk.debug" value="release" />
    <property name="env.TRAVIS_APT_PROXY" value="http://build-cache.travisci.net" />
    <property name="env.TRAVIS_CPU_ARCH" value="amd64" />
    <property name="node.in.path" value="true" />
    <property name="user.name" value="travis" />
    <property name="java.maxmemory" value="1400m" />
    <property name="env.RUBY_VERSION" value="ruby-2.5.3" />
    <property name="env.LANG" value="en_US.UTF-8" />
    <property name="sun.io.unicode.encoding" value="UnicodeLittle" />
    <property name="sun.jnu.encoding" value="UTF-8" />
    <property name="java.runtime.name" value="OpenJDK Runtime Environment" />
    <property name="usefile" value="false" />
    <property name="return.code" value="0" />
    <property name="junit.single.formatter" value="plain" />
    <property name="env.DYLD_LIBRARY_PATH" value="/home/travis/pthla/certi-tools/lib:" />
    <property name="env.DEBIAN_FRONTEND" value="noninteractive" />
    <property name="env.SSH_CONNECTION" value="10.24.2.88 44460 10.20.0.215 22" />
    <property name="env.MYSQL_UNIX_PORT" value="/var/run/mysqld/mysqld.sock" />
    <property name="env.LC_ALL" value="en_US.UTF-8" />
    <property name="env.TRAVIS_ALLOW_FAILURE" value="" />
    <property name="env.TRAVIS_JOB_WEB_URL" value="https://travis-ci.org/icyphy/ptII/jobs/707381030" />
    <property name="java.specification.name" value="Java Platform API Specification" />
    <property name="node.works" value="true" />
    <property name="user.timezone" value="" />
    <property name="path.separator" value=":" />
    <property name="env.TRAVIS_ENABLE_INFRA_DETECTION" value="true" />
    <property name="env.PYTHON_CFLAGS" value="-g -fstack-protector --param=ssp-buffer-size=4 -Wformat -Werror=format-security" />
    <property name="timeout.long" value="4000000" />
    <property name="env.CERTI_HOME" value="/home/travis/pthla/certi-tools" />
    <property name="ant.file.ptII" value="/home/travis/build/icyphy/ptII/build.xml" />
    <property name="javadoc.packagenames" value="com.*,diva.*,lbnl.*,org.hlacerti.*,org.json.*,org.ptolemy.*,org.terraswarm.*,ptolemy.*,ptserver.*" />
    <property name="file.encoding" value="UTF-8" />
    <property name="env.TRAVIS_PULL_REQUEST_SLUG" value="" />
    <property name="ant.project.default-target" value="build" />
    <property name="env.GIT_ASKPASS" value="echo" />
    <property name="env.HOME" value="/home/travis" />
    <property name="sun.java.command" value="org.apache.tools.ant.taskdefs.optional.junit.JUnitTestRunner ptolemy.actor.lib.test.junit.JUnitTclTest skipNonTests=false filtertrace=true haltOnError=false haltOnFailure=false formatter=org.apache.tools.ant.taskdefs.optional.junit.OutErrSummaryJUnitResultFormatter showoutput=true outputtoformatters=true logfailedtests=true threadid=0 logtestlistenerevents=false formatter=org.apache.tools.ant.taskdefs.optional.junit.XMLJUnitResultFormatter,/home/travis/build/icyphy/ptII/reports/junit/TEST-ptolemy.actor.lib.test.junit.JUnitTclTest.xml crashfile=/home/travis/build/icyphy/ptII/junitvmwatcher4963248277890538172.properties propsfile=/home/travis/build/icyphy/ptII/junit12335113515795139241.properties" />
    <property name="env.COMPOSER_NO_INTERACTION" value="1" />
    <property name="env.MANPATH" value="/home/travis/.nvm/versions/node/v7.10.1/share/man:/home/travis/.rvm/rubies/ruby-2.5.3/share/man:/usr/local/cmake-3.12.4/man:/usr/local/clang-7.0.0/share/man:/usr/local/man:/usr/local/share/man:/usr/share/man:/home/travis/.rvm/man" />
    <property name="env.TRAVIS_TIMER_ID" value="1e90f796" />
    <property name="ant.file" value="/home/travis/build/icyphy/ptII/build.xml" />
    <property name="env.TRAVIS_COMMIT_RANGE" value="3e950cfe0f3c004454147d0a7dfedd7f8d8e77cc...52bfcaaec950ad6b43d11ffdb9cd3f924b0c1f76" />
    <property name="env._system_name" value="Ubuntu" />
    <property name="ptII.classpath.optional.property" value="/home/travis/build/icyphy/ptII/lib/bsh-2.0b4.jar:/home/travis/build/icyphy/ptII/lib/ptCal.jar:/home/travis/build/icyphy/ptII/lib/java_cup.jar:/home/travis/build/icyphy/ptII/lib/saxon8.jar:/home/travis/build/icyphy/ptII/lib/saxon8-dom.jar:/home/travis/build/icyphy/ptII/lib/chic.jar:/home/travis/build/icyphy/ptII/lib/ptcolt.jar:/home/travis/build/icyphy/ptII/vendors/misc/itext/iText.jar:/home/travis/build/icyphy/ptII/lib/g4ltl.jar:/home/travis/build/icyphy/ptII/lib/StructuralCoder.jar:/home/travis/build/icyphy/ptII/lib/jcerti.jar:/home/travis/build/icyphy/ptII/lib/javax.mail.jar:/home/travis/build/icyphy/ptII/vendors/JMF-2.1.1e/lib/jmf.jar:/home/travis/build/icyphy/ptII/lib/jna-4.0.0-variadic.jar:/home/travis/build/icyphy/ptII/vendors/misc/joystick/Joystick.jar:/home/travis/build/icyphy/ptII/lib/ptjacl.jar:/home/travis/build/icyphy/ptII/lib/jsoup-1.8.2.jar:/home/travis/build/icyphy/ptII/lib/junit-4.8.2.jar:/home/travis/build/icyphy/ptII/lib/JUnitParams-0.4.0.jar:/home/travis/build/icyphy/ptII/ptolemy/actor/lib/excel/jxl.jar:/home/travis/build/icyphy/ptII/lib/jython.jar:/home/travis/build/icyphy/ptII/lib/kieler.jar:/home/travis/build/icyphy/ptII/vendors/opencv/share/OpenCV/java/opencv-341.jar:/home/travis/build/icyphy/ptII/lib/oscP5.jar:/home/travis/build/icyphy/ptII/lib/nrjavaserial-3.11.0.devel.jar:/home/travis/build/icyphy/ptII/vendors/j3d/lib/Linux/j3dcore.jar:/home/travis/build/icyphy/ptII/vendors/j3d/lib/Linux/j3dutils.jar:/home/travis/build/icyphy/ptII/vendors/j3d/lib/Linux/vecmath.jar:/home/travis/build/icyphy/ptII/vendors/jogl/lib/Linux/gluegen-rt-natives-linux-amd64.jar:/home/travis/build/icyphy/ptII/vendors/jogl/lib/Linux/gluegen-rt.jar:/home/travis/build/icyphy/ptII/vendors/jogl/lib/Linux/jogl-all-natives-linux-amd64.jar:/home/travis/build/icyphy/ptII/vendors/jogl/lib/Linux/jogl-all.jar:/home/travis/build/icyphy/ptII/ptolemy/distributed/jini/jar/jini-core.jar:/home/travis/build/icyphy/ptII/ptolemy/distributed/jini/jar/jini-ext.jar:/home/travis/build/icyphy/ptII/ptolemy/distributed/jini/jar/sun-util.jar:/home/travis/build/icyphy/ptII/lib/protobuf-java-2.4.1.jar:/home/travis/build/icyphy/ptII/lib/org.eclipse.paho.client.mqttv3.jar:/home/travis/build/icyphy/ptII/lib/mapss.jar:/home/travis/build/icyphy/ptII/ptolemy/actor/ptalon/antlr/antlr.jar:/home/travis/build/icyphy/ptII/lib/JRI.jar:/home/travis/build/icyphy/ptII/lib/commons-lang-2.6.jar:/home/travis/build/icyphy/ptII/lib/commons-logging-1.1.1.jar:/home/travis/build/icyphy/ptII/lib/sootclasses.jar:/home/travis/build/icyphy/ptII/ptolemy/actor/lib/database/mysql-connector-java-5.1.6-bin.jar:/home/travis/build/icyphy/ptII/vendors/misc/sphinx4/sphinx4-data-5prealpha.jar:/home/travis/build/icyphy/ptII/vendors/misc/sphinx4/sphinx4-core-5prealpha.jar:/home/travis/build/icyphy/ptII/lib/PDFRenderer.jar:/home/travis/build/icyphy/ptII/lib/svgSalamander.jar:/home/travis/build/icyphy/ptII/lib/rsyntaxtextarea-2.6.0-SNAPSHOT.jar:/home/travis/build/icyphy/ptII/lib/hazelcast-3.8.2.jar:/home/travis/build/icyphy/ptII/lib/jackson-annotations-2.9.0.jar:/home/travis/build/icyphy/ptII/lib/jackson-core-2.9.3.jar:/home/travis/build/icyphy/ptII/lib/jackson-databind-2.9.3.jar:/home/travis/build/icyphy/ptII/lib/netty-buffer-4.1.19.Final.jar:/home/travis/build/icyphy/ptII/lib/netty-codec-4.1.19.Final.jar:/home/travis/build/icyphy/ptII/lib/netty-codec-dns-4.1.19.Final.jar:/home/travis/build/icyphy/ptII/lib/netty-codec-http-4.1.19.Final.jar:/home/travis/build/icyphy/ptII/lib/netty-codec-http2-4.1.19.Final.jar:/home/travis/build/icyphy/ptII/lib/netty-common-4.1.19.Final.jar:/home/travis/build/icyphy/ptII/lib/netty-handler-4.1.19.Final.jar:/home/travis/build/icyphy/ptII/lib/netty-resolver-4.1.19.Final.jar:/home/travis/build/icyphy/ptII/lib/netty-resolver-dns-4.1.19.Final.jar:/home/travis/build/icyphy/ptII/lib/netty-transport-4.1.19.Final.jar:/home/travis/build/icyphy/ptII/lib/vertx-codegen-3.5.1.jar:/home/travis/build/icyphy/ptII/lib/vertx-core-3.5.2-SNAPSHOT.jar:/home/travis/build/icyphy/ptII/lib/vertx-hazelcast-3.5.1.jar:/home/travis/build/icyphy/ptII/lib/vertx-lang-js-3.5.1.jar:/home/travis/build/icyphy/ptII/lib/vertx-service-proxy-3.5.1.jar:/home/travis/build/icyphy/ptII/lib/vertx-web-3.5.1.jar:/home/travis/build/icyphy/ptII/lib/slf4j-api-1.7.13.jar:/home/travis/build/icyphy/ptII/lib/slf4j-simple-1.7.13.jar:/home/travis/build/icyphy/ptII/lib/webcam-capture-0.3.12.jar:/home/travis/build/icyphy/ptII/lib/bridj-0.7.0.jar:/home/travis/build/icyphy/ptII/lib/xbjlib-1.1.0.nrjavaserial.jar" />
    <property name="timeout" value="2400000" />
    <property name="test.batch" value="**/junit/*.java" />
    <property name="env._" value="/usr/bin/timeout" />
    <property name="java.io.tmpdir" value="/tmp" />
    <property name="user.language" value="en" />
    <property name="env.TRAVIS_INTERNAL_RUBY_REGEX" value="^ruby-(2\.[0-4]\.[0-9]|1\.9\.3)" />
    <property name="env.HISTCONTROL" value="ignoredups:ignorespace" />
    <property name="env.GOROOT" value="/home/travis/.gimme/versions/go1.11.1.linux.amd64" />
    <property name="line.separator" value="&#xa;" />
    <property name="target" value="11" />
    <property name="env.TRAVIS_BUILD_DIR" value="/home/travis/build/icyphy/ptII" />
    <property name="env.ANT_OPTS" value="-Xmx2048m" />
    <property name="ant.file.type" value="file" />
    <property name="ptolemy.ptII.batchMode" value="true" />
    <property name="env.HISTSIZE" value="1000" />
    <property name="env.MERB_ENV" value="test" />
    <property name="java.vm.info" value="mixed mode" />
    <property name="source" value="11" />
    <property name="java.vm.specification.name" value="Java Virtual Machine Specification" />
    <property name="env.TRAVIS_TEST_RESULT" value="0" />
    <property name="jsdoc.command" value="node_modules/@terraswarm/jsdoc/jsdoc.js" />
    <property name="npm.works" value="true" />
    <property name="cobertura.dir" value="/home/travis/build/icyphy/ptII/vendors/cobertura-2.0.3" />
    <property name="jsdoc.command.exists" value="true" />
    <property name="env.rvm_path" value="/home/travis/.rvm" />
    <property name="env.GEM_PATH" value="/home/travis/.rvm/gems/ruby-2.5.3:/home/travis/.rvm/gems/ruby-2.5.3@global" />
    <property name="env.LC_CTYPE" value="en_US.UTF-8" />
    <property name="env.TRAVIS_CMD" value="$PTII/bin/ptIITravisBuild.sh $SECONDS" />
    <property name="java.awt.printerjob" value="sun.print.PSPrinterJob" />
    <property name="env.TRAVIS_STACK_NAME" value="sardonyx" />
    <property name="env.TRAVIS_TIMER_START_TIME" value="1594565671560983063" />
    <property name="ant.version" value="Apache Ant(TM) version 1.10.1 compiled on February 2 2017" />
    <property name="ptII.reports" value="/home/travis/build/icyphy/ptII/reports" />
    <property name="env.TRAVIS_STACK_TIMESTAMP" value="2019-03-25 16:16:56 UTC" />
    <property name="ant.file.type.ptII" value="file" />
    <property name="env.RBENV_SHELL" value="bash" />
    <property name="os.name" value="Linux" />
    <property name="java.specification.vendor" value="Oracle Corporation" />
    <property name="env.rvm_version" value="1.29.7 (latest)" />
    <property name="env.TRAVIS_INFRA" value="gce" />
    <property name="env.TERM" value="xterm" />
    <property name="java.vm.name" value="OpenJDK 64-Bit Server VM" />
    <property name="env.TRAVIS_BUILD_NUMBER" value="1689" />
    <property name="env.CI" value="true" />
    <property name="java.library.path" value="/home/travis/pthla/certi-tools/lib:/usr/lib/jni:/usr/local/share/OpenCV/java/:/usr/share/OpenCV/java::/usr/java/packages/lib:/usr/lib64:/lib64:/lib:/usr/lib" />
    <property name="jdk.module.path" value="/home/travis/build/icyphy/ptII/vendors/javafx/javafx-sdk-11.0.2/lib:" />
    <property name="env.rvm_prefix" value="/home/travis" />
    <property name="env.PATH" value="/home/travis/pthla/certi-tools/share/scripts:/home/travis/.rvm/gems/ruby-2.5.3/bin:/home/travis/.rvm/gems/ruby-2.5.3@global/bin:/home/travis/.rvm/rubies/ruby-2.5.3/bin:/home/travis/.rvm/bin:/home/travis/.nvm/versions/node/v7.10.1/bin:./node_modules/.bin:/home/travis/build/icyphy/ptII/bin:/home/travis/pthla/certi-tools/bin:/home/travis/bin:/home/travis/.local/bin:/usr/local/lib/jvm/openjdk11/bin:/opt/pyenv/shims:/home/travis/.phpenv/shims:/home/travis/perl5/perlbrew/bin:/home/travis/gopath/bin:/home/travis/.gimme/versions/go1.11.1.linux.amd64/bin:/usr/local/maven-3.6.0/bin:/usr/local/cmake-3.12.4/bin:/usr/local/clang-7.0.0/bin:/usr/local/sbin:/usr/local/bin:/usr/sbin:/usr/bin:/sbin:/bin:/snap/bin:/home/travis/.phpenv/bin:/opt/pyenv/bin:/home/travis/.yarn/bin" />
    <property name="env.TRAVIS_OS_NAME" value="linux" />
    <property name="ant.java.version" value="9" />
    <property name="basedir" value="/home/travis/build/icyphy/ptII" />
    <property name="java.class.version" value="55.0" />
    <property name="env.SHLVL" value="3" />
    <property name="env.LD_LIBRARY_PATH" value="/home/travis/pthla/certi-tools/lib:/usr/lib/jni:/usr/local/share/OpenCV/java/:/usr/share/OpenCV/java:" />
    <property name="env.RACK_ENV" value="test" />
    <property name="ant.home" value="/home/travis/build/icyphy/ptII/ant" />
    <property name="env.NVM_DIR" value="/home/travis/.nvm" />
    <property name="env.CERTI_FOM_PATH" value="/home/travis/pthla/certi-tools/share/federations" />
    <property name="env.TRAVIS_BUILD_ID" value="707381015" />
    <property name="env.PYENV_ROOT" value="/opt/pyenv" />
    <property name="env.TRAVIS_UID" value="2000" />
    <property name="prism.verbose" value="true" />
    <property name="env.NVM_BIN" value="/home/travis/.nvm/versions/node/v7.10.1/bin" />
    <property name="env.TRAVIS_COMMIT" value="52bfcaaec950ad6b43d11ffdb9cd3f924b0c1f76" />
    <property name="env._system_arch" value="x86_64" />
    <property name="node.executable" value="node" />
    <property name="sun.boot.library.path" value="/usr/local/lib/jvm/openjdk11/lib" />
    <property name="sun.management.compiler" value="HotSpot 64-Bit Tiered Compilers" />
    <property name="java.awt.graphicsenv" value="sun.awt.X11GraphicsEnvironment" />
    <property name="env.GOPATH" value="/home/travis/gopath" />
    <property name="ptolemy.ptII.dir" value="/home/travis/build/icyphy/ptII" />
    <property name="env.USER" value="travis" />
    <property name="env.HISTFILESIZE" value="2000" />
    <property name="env.NVM_INC" value="/home/travis/.nvm/versions/node/v7.10.1/include/node" />
    <property name="timeout.longest" value="19000000" />
    <property name="env.PERLBREW_SHELLRC_VERSION" value="0.86" />
    <property name="env.TRAVIS_STACK_FEATURES" value="basic couchdb disabled-ipv6 docker docker-compose elasticsearch firefox go-toolchain google-chrome jdk memcached mongodb mysql nodejs_interpreter perl_interpreter perlbrew phantomjs postgresql python_interpreter redis ruby_interpreter sqlite xserver" />
    <property name="env.TRAVIS_PULL_REQUEST" value="false" />
    <property name="env.PYENV_SHELL" value="bash" />
    <property name="ant.project.name" value="ptII" />
    <property name="env.ANSI_RESET" value="\033[0m" />
    <property name="java.vm.specification.version" value="11" />
    <property name="env.TRAVIS_DIST" value="xenial" />
    <property name="env.CERTI_VERSION" value="4.0.0" />
    <property name="env.CERTI_HOST" value="localhost" />
    <property name="awt.toolkit" value="sun.awt.X11.XToolkit" />
    <property name="env.MY_RUBY_HOME" value="/home/travis/.rvm/rubies/ruby-2.5.3" />
    <property name="sun.cpu.isalist" value="" />
    <property name="env.TRAVIS_TMPDIR" value="/tmp/tmp.wFdnNzVxci" />
    <property name="java.vm.compressedOopsMode" value="Zero based" />
    <property name="os.version" value="4.15.0-1028-gcp" />
    <property name="user.home" value="/home/travis" />
    <property name="java.vm.vendor" value="Oracle Corporation" />
    <property name="env.TRAVIS_TAG" value="nightly" />
    <property name="env.ANSI_YELLOW" value="\033[33;1m" />
    <property name="env.TRAVIS_FILTERED" value="redirect_io" />
    <property name="env.ANSI_GREEN" value="\033[32;1m" />
    <property name="env.JAVA_HOME" value="/usr/local/lib/jvm/openjdk11" />
    <property name="javadoc.excludepackagenames" value="adm.cvs2svn.*,build.*,config.*,doc.coding.templates.*,jni.test.jni.meaningOfLife.*,jni.test.jni.testDeux.*,jni.test.jni.testTrois.*,org.terraswarm.accessor.accessors.web.node_modules.*,org.terraswarm.accessor.accessors.web.hosts.cordova.demo.*,org.terraswarm.accessor.accessors.web.hosts.cordova.plugins.*,org.terraswarm.accessor.accessors-svn.*,pt-modules.*,ptolemy.apps.agilent.*,ptolemy.apps.anytimecontrol.*,ptolemy.apps.apes.*,ptolemy.apps.charon.*,ptolemy.apps.crazyboard.*,ptolemy.apps.eclipse.*,ptolemy.apps.etherealSting.*,ptolemy.apps.fullscreen.*,ptolemy.apps.giotto.*,ptolemy.apps.ia.*,ptolemy.apps.interfaces.*,ptolemy.apps.jmf.*,ptolemy.apps.kurt.*,ptolemy.apps.kvm.*,ptolemy.apps.lego.*,ptolemy.apps.lejos.*,ptolemy.apps.midp.*,ptolemy.apps.mobileCoding.*,ptolemy.apps.pendulum.*,ptolemy.apps.rijndael.*,ptolemy.apps.robot.*,ptolemy.apps.security.*,ptolemy.apps.sobel.*,ptolemy.apps.soot.*,ptolemy.apps.throttle.*,ptolemy.apps.tini.*,ptolemy.apps.transmission.*,ptolemy.apps.vergil.*,ptolemy.apps.waba.*,ptolemy.apps.websensor.*,ptolemy.apps.webstart.*,ptolemy.apps.xsl.*,ptolemy.apps.zaurus.*,ptolemy.codegen.c.actor.lib.oldJavaFiles.*,ptolemy.codegen.dsp.lib.*,ptolemy.codegen.kernel.newInterfaces.*,ptolemy.codegen.lib.*,ptolemy.copernicus.kernel.fragment.*,ptolemy.copernicus.shallow.cg.*,ptolemy.domains.giotto.demo.Hierarchy.Hierarchy.*,ptolemy.domains.giotto.demo.Multimode.Multimode.*,ptolemy.domains.giotto.demo.Simple.Simple.*,ptolemy.domains.gr.lib.experimental.*,ptolemy.domains.gro.*,ptolemy.domains.pdf.*,ptolemy.domains.ptinyos.demo.Surge.output.*,ptolemy.moml.test.NoPackageActor.java*,ptolemy.plot.adm.*,ptolemy.plot.servlet.*,reports.*,signed.*,src.*,target.*,vendors.*,ptolemy.copernicus.applet.*,ptolemy.media.viewer.*,ptolemy.actor.corba.*,doc.doclets.*,ptolemy.apps.eclipse.awt.*,ptolemy.backtrack.*,ptolemy.backtrack.ast.*,ptolemy.cg.adapter.generic.program.procedural.c.mbed*,ptolemy.homer.*,ptolemy.actor.lib.jai.*,org.ptolemy.scala.*,diva.util.java2d.svg.*,ptolemy.domains.ptinyos.*,ptolemy.actor.lib.fmi.fmipp.*,,org.terraswarm.accessor.accessors.web.node_modules.*,org.terraswarm.accessor.accessors-svn,ptolemy.apps.*,ptolemy.actor.ptalon.demo.ptinyos.SendAndReceiveCnt.output,ptolemy.actor.ptalon.demo.ptinyos.SenseToLeds.output,ptolemy.domains.ptinyos.demo.CntToLedsAndRfm.output,ptolemy.domains.ptinyos.demo.RfmToLeds.output,ptolemy.domains.ptinyos.demo.SendAndReceiveCnt.output,ptolemy.domains.ptinyos.demo.SenseToLeds.output,ptolemy.actor.lib.jjs.modules.udpSocket.*" />
    <property name="env.PTII" value="/home/travis/build/icyphy/ptII" />
    <property name="env.XDG_SESSION_ID" value="2" />
    <property name="keystore" value="ptKeystore" />
    <property name="env.TRAVIS_COMMIT_MESSAGE" value="Updating models using array data type." />
    <property name="junit.output.dir" value="/home/travis/build/icyphy/ptII/reports/junit" />
    <property name="npm.return.code" value="0" />
    <property name="user.dir" value="/home/travis/build/icyphy/ptII/ptolemy/actor/lib/test" />
    <property name="env.TRAVIS_NODE_VERSION" value="7" />
    <property name="env.TRAVIS_EVENT_TYPE" value="cron" />
    <property name="env.MAIL" value="/var/mail/travis" />
    <property name="env.PERLBREW_ROOT" value="/home/travis/perl5/perlbrew" />
    <property name="env.PWD" value="/home/travis/build/icyphy/ptII" />
    <property name="timeout.npm" value="45000" />
    <property name="env.TRAVIS_ARCH" value="amd64" />
    <property name="sun.cpu.endian" value="little" />
    <property name="env.PAGER" value="cat" />
    <property name="env.TRAVIS_BUILD_STAGE_NAME" value="test" />
    <property name="env.PERLBREW_HOME" value="/home/travis/.perlbrew" />
    <property name="java.vm.version" value="11.0.2+9" />
    <property name="env.RAILS_ENV" value="test" />
    <property name="java.class.path" value="/home/travis/.ptolemyII:/home/travis/.ptolemyII/*:/home/travis/build/icyphy/ptII:/home/travis/build/icyphy/ptII/lib/bsh-2.0b4.jar:/home/travis/build/icyphy/ptII/lib/ptCal.jar:/home/travis/build/icyphy/ptII/lib/java_cup.jar:/home/travis/build/icyphy/ptII/lib/saxon8.jar:/home/travis/build/icyphy/ptII/lib/saxon8-dom.jar:/home/travis/build/icyphy/ptII/lib/chic.jar:/home/travis/build/icyphy/ptII/lib/ptcolt.jar:/home/travis/build/icyphy/ptII/vendors/misc/itext/iText.jar:/home/travis/build/icyphy/ptII/lib/g4ltl.jar:/home/travis/build/icyphy/ptII/lib/StructuralCoder.jar:/home/travis/build/icyphy/ptII/lib/jcerti.jar:/home/travis/build/icyphy/ptII/lib/javax.mail.jar:/home/travis/build/icyphy/ptII/vendors/JMF-2.1.1e/lib/jmf.jar:/home/travis/build/icyphy/ptII/lib/jna-4.0.0-variadic.jar:/home/travis/build/icyphy/ptII/vendors/misc/joystick/Joystick.jar:/home/travis/build/icyphy/ptII/lib/ptjacl.jar:/home/travis/build/icyphy/ptII/lib/jsoup-1.8.2.jar:/home/travis/build/icyphy/ptII/lib/junit-4.8.2.jar:/home/travis/build/icyphy/ptII/lib/JUnitParams-0.4.0.jar:/home/travis/build/icyphy/ptII/ptolemy/actor/lib/excel/jxl.jar:/home/travis/build/icyphy/ptII/lib/jython.jar:/home/travis/build/icyphy/ptII/lib/kieler.jar:/home/travis/build/icyphy/ptII/vendors/opencv/share/OpenCV/java/opencv-341.jar:/home/travis/build/icyphy/ptII/lib/oscP5.jar:/home/travis/build/icyphy/ptII/lib/nrjavaserial-3.11.0.devel.jar:/home/travis/build/icyphy/ptII/vendors/j3d/lib/Linux/j3dcore.jar:/home/travis/build/icyphy/ptII/vendors/j3d/lib/Linux/j3dutils.jar:/home/travis/build/icyphy/ptII/vendors/j3d/lib/Linux/vecmath.jar:/home/travis/build/icyphy/ptII/vendors/jogl/lib/Linux/gluegen-rt-natives-linux-amd64.jar:/home/travis/build/icyphy/ptII/vendors/jogl/lib/Linux/gluegen-rt.jar:/home/travis/build/icyphy/ptII/vendors/jogl/lib/Linux/jogl-all-natives-linux-amd64.jar:/home/travis/build/icyphy/ptII/vendors/jogl/lib/Linux/jogl-all.jar:/home/travis/build/icyphy/ptII/ptolemy/distributed/jini/jar/jini-core.jar:/home/travis/build/icyphy/ptII/ptolemy/distributed/jini/jar/jini-ext.jar:/home/travis/build/icyphy/ptII/ptolemy/distributed/jini/jar/sun-util.jar:/home/travis/build/icyphy/ptII/lib/protobuf-java-2.4.1.jar:/home/travis/build/icyphy/ptII/lib/org.eclipse.paho.client.mqttv3.jar:/home/travis/build/icyphy/ptII/lib/mapss.jar:/home/travis/build/icyphy/ptII/ptolemy/actor/ptalon/antlr/antlr.jar:/home/travis/build/icyphy/ptII/lib/JRI.jar:/home/travis/build/icyphy/ptII/lib/commons-lang-2.6.jar:/home/travis/build/icyphy/ptII/lib/commons-logging-1.1.1.jar:/home/travis/build/icyphy/ptII/lib/sootclasses.jar:/home/travis/build/icyphy/ptII/ptolemy/actor/lib/database/mysql-connector-java-5.1.6-bin.jar:/home/travis/build/icyphy/ptII/vendors/misc/sphinx4/sphinx4-data-5prealpha.jar:/home/travis/build/icyphy/ptII/vendors/misc/sphinx4/sphinx4-core-5prealpha.jar:/home/travis/build/icyphy/ptII/lib/PDFRenderer.jar:/home/travis/build/icyphy/ptII/lib/svgSalamander.jar:/home/travis/build/icyphy/ptII/lib/rsyntaxtextarea-2.6.0-SNAPSHOT.jar:/home/travis/build/icyphy/ptII/lib/hazelcast-3.8.2.jar:/home/travis/build/icyphy/ptII/lib/jackson-annotations-2.9.0.jar:/home/travis/build/icyphy/ptII/lib/jackson-core-2.9.3.jar:/home/travis/build/icyphy/ptII/lib/jackson-databind-2.9.3.jar:/home/travis/build/icyphy/ptII/lib/netty-buffer-4.1.19.Final.jar:/home/travis/build/icyphy/ptII/lib/netty-codec-4.1.19.Final.jar:/home/travis/build/icyphy/ptII/lib/netty-codec-dns-4.1.19.Final.jar:/home/travis/build/icyphy/ptII/lib/netty-codec-http-4.1.19.Final.jar:/home/travis/build/icyphy/ptII/lib/netty-codec-http2-4.1.19.Final.jar:/home/travis/build/icyphy/ptII/lib/netty-common-4.1.19.Final.jar:/home/travis/build/icyphy/ptII/lib/netty-handler-4.1.19.Final.jar:/home/travis/build/icyphy/ptII/lib/netty-resolver-4.1.19.Final.jar:/home/travis/build/icyphy/ptII/lib/netty-resolver-dns-4.1.19.Final.jar:/home/travis/build/icyphy/ptII/lib/netty-transport-4.1.19.Final.jar:/home/travis/build/icyphy/ptII/lib/vertx-codegen-3.5.1.jar:/home/travis/build/icyphy/ptII/lib/vertx-core-3.5.2-SNAPSHOT.jar:/home/travis/build/icyphy/ptII/lib/vertx-hazelcast-3.5.1.jar:/home/travis/build/icyphy/ptII/lib/vertx-lang-js-3.5.1.jar:/home/travis/build/icyphy/ptII/lib/vertx-service-proxy-3.5.1.jar:/home/travis/build/icyphy/ptII/lib/vertx-web-3.5.1.jar:/home/travis/build/icyphy/ptII/lib/slf4j-api-1.7.13.jar:/home/travis/build/icyphy/ptII/lib/slf4j-simple-1.7.13.jar:/home/travis/build/icyphy/ptII/lib/webcam-capture-0.3.12.jar:/home/travis/build/icyphy/ptII/lib/bridj-0.7.0.jar:/home/travis/build/icyphy/ptII/lib/xbjlib-1.1.0.nrjavaserial.jar:/home/travis/build/icyphy/ptII/ptolemy/moml/test:/home/travis/build/icyphy/ptII/ant/lib/ant-launcher.jar:/home/travis/build/icyphy/ptII/ant/lib/ant.jar:/home/travis/build/icyphy/ptII/ant/lib/ant-junit.jar:/home/travis/build/icyphy/ptII/ant/lib/ant-junit4.jar" />
    <property name="ant.library.dir" value="/home/travis/build/icyphy/ptII/ant/lib" />
    <property name="os.arch" value="amd64" />
    <property name="env.CONTINUOUS_INTEGRATION" value="true" />
    <property name="env.TRAVIS_LANGUAGE" value="node_js" />
    <property name="env.TRAVIS_STACK_LANGUAGES" value="__sardonyx__ c c++ clojure cplusplus cpp default generic go groovy java node_js php pure_java python ruby scala" />
    <property name="test.name" value="ptolemy.actor.lib.test.junit.JUnitTclTest" />
    <property name="env.APT_KEY_DONT_WARN_ON_DANGEROUS_USAGE" value="1" />
    <property name="sun.java.launcher" value="SUN_STANDARD" />
    <property name="env.PYTHON_CONFIGURE_OPTS" value="--enable-unicode=ucs4 --with-wide-unicode --enable-shared --enable-ipv6 --enable-loadable-sqlite-extensions --with-computed-gotos" />
    <property name="ant.core.lib" value="/home/travis/build/icyphy/ptII/ant/lib/ant.jar" />
    <property name="java.vm.specification.vendor" value="Oracle Corporation" />
    <property name="env.BCVTB_HOME" value="/home/travis/build/icyphy/ptII/lbnl" />
    <property name="file.separator" value="/" />
    <property name="spotbugs.home" value="/home/travis/build/icyphy/ptII/vendors/spotbugs-3.1.1" />
    <property name="java.runtime.version" value="11.0.2+9" />
    <property name="env.ANSI_CLEAR" value="\033[0K" />
    <property name="javafx.verbose" value="true" />
    <property name="env.HAS_JOSH_K_SEAL_OF_APPROVAL" value="true" />
    <property name="env.XDG_RUNTIME_DIR" value="/run/user/2000" />
    <property name="env.TRAVIS_OSX_IMAGE" value="" />
    <property name="env.TRAVIS_JOB_ID" value="707381030" />
    <property name="env.TRAVIS_BRANCH" value="master" />
    <property name="user.country" value="US" />
    <property name="env.CERTI_HOME_TRAVIS" value="/home/travis/pthla/certi-tools" />
    <property name="env.SHELL" value="/bin/bash" />
    <property name="java.maxmemory.large" value="3200m" />
    <property name="model" value="" />
    <property name="env.CASHER_DIR" value="/home/travis/.casher" />
    <property name="env.NVM_CD_FLAGS" value="" />
    <property name="java.vendor.version" value="18.9" />
    <property name="jshint.executable" value="/home/travis/node_modules/jshint/bin/jshint" />
    <property name="env.JRUBY_OPTS" value=" --client -J-XX:+TieredCompilation -J-XX:TieredStopAtLevel=1 -J-Xss2m -Xcompile.invokedynamic=false" />
    <property name="java.vendor" value="Oracle Corporation" />
    <property name="env.TRAVIS_PRE_CHEF_BOOTSTRAP_TIME" value="2019-03-25T16:16:42" />
    <property name="env.TRAVIS_STACK_JOB_BOARD_REGISTER" value="/.job-board-register.yml" />
    <property name="env.ANSI_RED" value="\033[31;1m" />
    <property name="java.specification.version" value="11" />
    <property name="env.IRBRC" value="/home/travis/.rvm/rubies/ruby-2.5.3/.irbrc" />
    <property name="env.TRAVIS" value="true" />
    <property name="sun.arch.data.model" value="64" />
  </properties>
  <testcase classname="ptolemy.util.test.junit.TclTests" name="[0] /home/travis/build/icyphy/ptII/ptolemy/actor/lib/test/AbsoluteValue.tcl (RunTclFile)" time="0.409" />
  <testcase classname="ptolemy.util.test.junit.TclTests" name="[1] /home/travis/build/icyphy/ptII/ptolemy/actor/lib/test/AddSubtract.tcl (RunTclFile)" time="0.144" />
  <testcase classname="ptolemy.util.test.junit.TclTests" name="[2] /home/travis/build/icyphy/ptII/ptolemy/actor/lib/test/Average.tcl (RunTclFile)" time="0.031" />
  <testcase classname="ptolemy.util.test.junit.TclTests" name="[3] /home/travis/build/icyphy/ptII/ptolemy/actor/lib/test/Bernoulli.tcl (RunTclFile)" time="0.018" />
  <testcase classname="ptolemy.util.test.junit.TclTests" name="[4] /home/travis/build/icyphy/ptII/ptolemy/actor/lib/test/Clock.tcl (RunTclFile)" time="0.106" />
  <testcase classname="ptolemy.util.test.junit.TclTests" name="[5] /home/travis/build/icyphy/ptII/ptolemy/actor/lib/test/Commutator.tcl (RunTclFile)" time="0.174" />
  <testcase classname="ptolemy.util.test.junit.TclTests" name="[6] /home/travis/build/icyphy/ptII/ptolemy/actor/lib/test/Const.tcl (RunTclFile)" time="0.084" />
  <testcase classname="ptolemy.util.test.junit.TclTests" name="[7] /home/travis/build/icyphy/ptII/ptolemy/actor/lib/test/CurrentTime.tcl (RunTclFile)" time="0.029" />
  <testcase classname="ptolemy.util.test.junit.TclTests" name="[8] /home/travis/build/icyphy/ptII/ptolemy/actor/lib/test/DB.tcl (RunTclFile)" time="0.031" />
  <testcase classname="ptolemy.util.test.junit.TclTests" name="[9] /home/travis/build/icyphy/ptII/ptolemy/actor/lib/test/DiscreteRandomSource.tcl (RunTclFile)" time="0.049" />
  <testcase classname="ptolemy.util.test.junit.TclTests" name="[10] /home/travis/build/icyphy/ptII/ptolemy/actor/lib/test/Distributor.tcl (RunTclFile)" time="0.082" />
  <testcase classname="ptolemy.util.test.junit.TclTests" name="[11] /home/travis/build/icyphy/ptII/ptolemy/actor/lib/test/Exit.tcl (RunTclFile)" time="0.063" />
  <testcase classname="ptolemy.util.test.junit.TclTests" name="[12] /home/travis/build/icyphy/ptII/ptolemy/actor/lib/test/Expression.tcl (RunTclFile)" time="0.073" />
  <testcase classname="ptolemy.util.test.junit.TclTests" name="[13] /home/travis/build/icyphy/ptII/ptolemy/actor/lib/test/Gaussian.tcl (RunTclFile)" time="0.365" />
  <testcase classname="ptolemy.util.test.junit.TclTests" name="[14] /home/travis/build/icyphy/ptII/ptolemy/actor/lib/test/IIR.tcl (RunTclFile)" time="0.038" />
  <testcase classname="ptolemy.util.test.junit.TclTests" name="[15] /home/travis/build/icyphy/ptII/ptolemy/actor/lib/test/Interpolator.tcl (RunTclFile)" time="0.094" />
  <testcase classname="ptolemy.util.test.junit.TclTests" name="[16] /home/travis/build/icyphy/ptII/ptolemy/actor/lib/test/MathFunction.tcl (RunTclFile)" time="0.074" />
  <testcase classname="ptolemy.util.test.junit.TclTests" name="[17] /home/travis/build/icyphy/ptII/ptolemy/actor/lib/test/Maximum.tcl (RunTclFile)" time="0.026" />
  <testcase classname="ptolemy.util.test.junit.TclTests" name="[18] /home/travis/build/icyphy/ptII/ptolemy/actor/lib/test/Minimum.tcl (RunTclFile)" time="0.019" />
  <testcase classname="ptolemy.util.test.junit.TclTests" name="[19] /home/travis/build/icyphy/ptII/ptolemy/actor/lib/test/MultiplyDivide.tcl (RunTclFile)" time="0.02" />
  <testcase classname="ptolemy.util.test.junit.TclTests" name="[20] /home/travis/build/icyphy/ptII/ptolemy/actor/lib/test/OrderedMerge.tcl (RunTclFile)" time="0.121" />
  <testcase classname="ptolemy.util.test.junit.TclTests" name="[21] /home/travis/build/icyphy/ptII/ptolemy/actor/lib/test/Publisher.tcl (RunTclFile)" time="0.83" />
  <testcase classname="ptolemy.util.test.junit.TclTests" name="[22] /home/travis/build/icyphy/ptII/ptolemy/actor/lib/test/Pulse.tcl (RunTclFile)" time="0.086" />
  <testcase classname="ptolemy.util.test.junit.TclTests" name="[23] /home/travis/build/icyphy/ptII/ptolemy/actor/lib/test/Ramp.tcl (RunTclFile)" time="1.792" />
  <testcase classname="ptolemy.util.test.junit.TclTests" name="[24] /home/travis/build/icyphy/ptII/ptolemy/actor/lib/test/RampContinuous.tcl (RunTclFile)" time="0.016" />
  <testcase classname="ptolemy.util.test.junit.TclTests" name="[25] /home/travis/build/icyphy/ptII/ptolemy/actor/lib/test/RecordAssembler.tcl (RunTclFile)" time="0.022" />
  <testcase classname="ptolemy.util.test.junit.TclTests" name="[26] /home/travis/build/icyphy/ptII/ptolemy/actor/lib/test/RecordDisassembler.tcl (RunTclFile)" time="0.029" />
  <testcase classname="ptolemy.util.test.junit.TclTests" name="[27] /home/travis/build/icyphy/ptII/ptolemy/actor/lib/test/Scale.tcl (RunTclFile)" time="0.015" />
  <testcase classname="ptolemy.util.test.junit.TclTests" name="[28] /home/travis/build/icyphy/ptII/ptolemy/actor/lib/test/SequentialClock.tcl (RunTclFile)" time="0.036" />
  <testcase classname="ptolemy.util.test.junit.TclTests" name="[29] /home/travis/build/icyphy/ptII/ptolemy/actor/lib/test/SetVariable.tcl (RunTclFile)" time="0.008" />
  <testcase classname="ptolemy.util.test.junit.TclTests" name="[30] /home/travis/build/icyphy/ptII/ptolemy/actor/lib/test/Sinewave.tcl (RunTclFile)" time="0.024" />
  <testcase classname="ptolemy.util.test.junit.TclTests" name="[31] /home/travis/build/icyphy/ptII/ptolemy/actor/lib/test/SubscriptionAggregator.tcl (RunTclFile)" time="2.205" />
  <testcase classname="ptolemy.util.test.junit.TclTests" name="[32] /home/travis/build/icyphy/ptII/ptolemy/actor/lib/test/Test.tcl (RunTclFile)" time="0.162" />
  <testcase classname="ptolemy.util.test.junit.TclTests" name="[33] /home/travis/build/icyphy/ptII/ptolemy/actor/lib/test/TestExceptionHandler.tcl (RunTclFile)" time="0.011" />
  <testcase classname="ptolemy.util.test.junit.TclTests" name="[34] /home/travis/build/icyphy/ptII/ptolemy/actor/lib/test/UnionDisassembler.tcl (RunTclFile)" time="0.073" />
  <testcase classname="ptolemy.util.test.junit.TclTests" name="[35] /home/travis/build/icyphy/ptII/ptolemy/actor/lib/test/VariableClock.tcl (RunTclFile)" time="0.054" />
  <testcase classname="ptolemy.util.test.junit.AutoKnownFailedTests" name="[0] /home/travis/build/icyphy/ptII/ptolemy/actor/lib/test/auto/knownFailedTests/PublisherPortToplevelSubscriber.xml (RunModel)" time="0.025" />
  <testcase classname="ptolemy.util.test.junit.AutoKnownFailedTests" name="[1] /home/travis/build/icyphy/ptII/ptolemy/actor/lib/test/auto/knownFailedTests/PublisherSubscriberPortToplevel.xml (RunModel)" time="0.018" />
  <testcase classname="ptolemy.util.test.junit.AutoKnownFailedTests" name="[2] /home/travis/build/icyphy/ptII/ptolemy/actor/lib/test/auto/knownFailedTests/PublisherSubscriptionAggregatorPort.xml (RunModel)" time="0.018" />
  <testcase classname="ptolemy.util.test.junit.AutoKnownFailedTests" name="[3] /home/travis/build/icyphy/ptII/ptolemy/actor/lib/test/auto/knownFailedTests/sizedarray3.xml (RunModel)" time="0.028" />
  <testcase classname="ptolemy.util.test.junit.AutoNameArchTests" name="[0] ThereAreNoAutoArchTests (RunModel)" time="0.001" />
  <testcase classname="ptolemy.util.test.junit.AutoTests" name="[0] /home/travis/build/icyphy/ptII/ptolemy/actor/lib/test/auto/AbsoluteValue.xml (RunModel)" time="0.085" />
  <testcase classname="ptolemy.util.test.junit.AutoTests" name="[1] /home/travis/build/icyphy/ptII/ptolemy/actor/lib/test/auto/AbsoluteValue2.xml (RunModel)" time="0.081" />
  <testcase classname="ptolemy.util.test.junit.AutoTests" name="[2] /home/travis/build/icyphy/ptII/ptolemy/actor/lib/test/auto/Accumulator.xml (RunModel)" time="0.067" />
  <testcase classname="ptolemy.util.test.junit.AutoTests" name="[3] /home/travis/build/icyphy/ptII/ptolemy/actor/lib/test/auto/Accumulator2.xml (RunModel)" time="0.096" />
  <testcase classname="ptolemy.util.test.junit.AutoTests" name="[4] /home/travis/build/icyphy/ptII/ptolemy/actor/lib/test/auto/Accumulator3.xml (RunModel)" time="0.019" />
  <testcase classname="ptolemy.util.test.junit.AutoTests" name="[5] /home/travis/build/icyphy/ptII/ptolemy/actor/lib/test/auto/ArrayAppend.xml (RunModel)" time="0.036" />
  <testcase classname="ptolemy.util.test.junit.AutoTests" name="[6] /home/travis/build/icyphy/ptII/ptolemy/actor/lib/test/auto/ArrayAppend2.xml (RunModel)" time="0.342" />
  <testcase classname="ptolemy.util.test.junit.AutoTests" name="[7] /home/travis/build/icyphy/ptII/ptolemy/actor/lib/test/auto/ArrayAppend3.xml (RunModel)" time="0.015" />
  <testcase classname="ptolemy.util.test.junit.AutoTests" name="[8] /home/travis/build/icyphy/ptII/ptolemy/actor/lib/test/auto/ArrayAppend4.xml (RunModel)" time="0.017" />
  <testcase classname="ptolemy.util.test.junit.AutoTests" name="[9] /home/travis/build/icyphy/ptII/ptolemy/actor/lib/test/auto/ArrayAppend5.xml (RunModel)" time="0.016" />
  <testcase classname="ptolemy.util.test.junit.AutoTests" name="[10] /home/travis/build/icyphy/ptII/ptolemy/actor/lib/test/auto/ArrayAppend6.xml (RunModel)" time="0.018" />
  <testcase classname="ptolemy.util.test.junit.AutoTests" name="[11] /home/travis/build/icyphy/ptII/ptolemy/actor/lib/test/auto/ArrayAppendPerformanceTest.xml (RunModel)" time="0.057" />
  <testcase classname="ptolemy.util.test.junit.AutoTests" name="[12] /home/travis/build/icyphy/ptII/ptolemy/actor/lib/test/auto/ArrayAppendWithEmptyInput.xml (RunModel)" time="0.036" />
  <testcase classname="ptolemy.util.test.junit.AutoTests" name="[13] /home/travis/build/icyphy/ptII/ptolemy/actor/lib/test/auto/ArrayAverage.xml (RunModel)" time="0.095" />
  <testcase classname="ptolemy.util.test.junit.AutoTests" name="[14] /home/travis/build/icyphy/ptII/ptolemy/actor/lib/test/auto/ArrayContains.xml (RunModel)" time="0.025" />
  <testcase classname="ptolemy.util.test.junit.AutoTests" name="[15] /home/travis/build/icyphy/ptII/ptolemy/actor/lib/test/auto/ArrayElement.xml (RunModel)" time="0.046" />
  <testcase classname="ptolemy.util.test.junit.AutoTests" name="[16] /home/travis/build/icyphy/ptII/ptolemy/actor/lib/test/auto/ArrayElementAsMatrix.xml (RunModel)" time="0.041" />
  <testcase classname="ptolemy.util.test.junit.AutoTests" name="[17] /home/travis/build/icyphy/ptII/ptolemy/actor/lib/test/auto/ArrayElementI.xml (RunModel)" time="0.016" />
  <testcase classname="ptolemy.util.test.junit.AutoTests" name="[18] /home/travis/build/icyphy/ptII/ptolemy/actor/lib/test/auto/ArrayExtract.xml (RunModel)" time="0.029" />
  <testcase classname="ptolemy.util.test.junit.AutoTests" name="[19] /home/travis/build/icyphy/ptII/ptolemy/actor/lib/test/auto/ArrayExtract2.xml (RunModel)" time="0.018" />
  <testcase classname="ptolemy.util.test.junit.AutoTests" name="[20] /home/travis/build/icyphy/ptII/ptolemy/actor/lib/test/auto/ArrayLength.xml (RunModel)" time="0.023" />
  <testcase classname="ptolemy.util.test.junit.AutoTests" name="[21] /home/travis/build/icyphy/ptII/ptolemy/actor/lib/test/auto/ArrayLevelCrossing.xml (RunModel)" time="0.027" />
  <testcase classname="ptolemy.util.test.junit.AutoTests" name="[22] /home/travis/build/icyphy/ptII/ptolemy/actor/lib/test/auto/ArrayLevelCrossing2.xml (RunModel)" time="0.02" />
  <testcase classname="ptolemy.util.test.junit.AutoTests" name="[23] /home/travis/build/icyphy/ptII/ptolemy/actor/lib/test/auto/ArrayPeakSearch.xml (RunModel)" time="0.026" />
  <testcase classname="ptolemy.util.test.junit.AutoTests" name="[24] /home/travis/build/icyphy/ptII/ptolemy/actor/lib/test/auto/ArrayPeakSearch2.xml (RunModel)" time="0.037" />
  <testcase classname="ptolemy.util.test.junit.AutoTests" name="[25] /home/travis/build/icyphy/ptII/ptolemy/actor/lib/test/auto/ArrayPeakSearch3.xml (RunModel)" time="0.029" />
  <testcase classname="ptolemy.util.test.junit.AutoTests" name="[26] /home/travis/build/icyphy/ptII/ptolemy/actor/lib/test/auto/ArrayRemoveElement.xml (RunModel)" time="0.034" />
  <testcase classname="ptolemy.util.test.junit.AutoTests" name="[27] /home/travis/build/icyphy/ptII/ptolemy/actor/lib/test/auto/ArraySort.xml (RunModel)" time="0.033" />
  <testcase classname="ptolemy.util.test.junit.AutoTests" name="[28] /home/travis/build/icyphy/ptII/ptolemy/actor/lib/test/auto/ArraySum.xml (RunModel)" time="0.018" />
  <testcase classname="ptolemy.util.test.junit.AutoTests" name="[29] /home/travis/build/icyphy/ptII/ptolemy/actor/lib/test/auto/ArrayToElements.xml (RunModel)" time="0.023" />
  <testcase classname="ptolemy.util.test.junit.AutoTests" name="[30] /home/travis/build/icyphy/ptII/ptolemy/actor/lib/test/auto/ArrayToMatrix.xml (RunModel)" time="0.047" />
  <testcase classname="ptolemy.util.test.junit.AutoTests" name="[31] /home/travis/build/icyphy/ptII/ptolemy/actor/lib/test/auto/ArrayUpdate1.xml (RunModel)" time="0.015" />
  <testcase classname="ptolemy.util.test.junit.AutoTests" name="[32] /home/travis/build/icyphy/ptII/ptolemy/actor/lib/test/auto/ArrayUpdate2.xml (RunModel)" time="0.02" />
  <testcase classname="ptolemy.util.test.junit.AutoTests" name="[33] /home/travis/build/icyphy/ptII/ptolemy/actor/lib/test/auto/ArrayUpdate3.xml (RunModel)" time="0.069" />
  <testcase classname="ptolemy.util.test.junit.AutoTests" name="[34] /home/travis/build/icyphy/ptII/ptolemy/actor/lib/test/auto/Assert1.xml (RunModel)" time="0.023" />
  <testcase classname="ptolemy.util.test.junit.AutoTests" name="[35] /home/travis/build/icyphy/ptII/ptolemy/actor/lib/test/auto/Assert2.xml (RunModel)" time="0.021" />
  <testcase classname="ptolemy.util.test.junit.AutoTests" name="[36] /home/travis/build/icyphy/ptII/ptolemy/actor/lib/test/auto/BooleanMultiplexor.xml (RunModel)" time="0.012" />
  <testcase classname="ptolemy.util.test.junit.AutoTests" name="[37] /home/travis/build/icyphy/ptII/ptolemy/actor/lib/test/auto/BooleanMultiplexor2.xml (RunModel)" time="0.024" />
  <testcase classname="ptolemy.util.test.junit.AutoTests" name="[38] /home/travis/build/icyphy/ptII/ptolemy/actor/lib/test/auto/BooleanMultiplexor3.xml (RunModel)" time="0.011" />
  <testcase classname="ptolemy.util.test.junit.AutoTests" name="[39] /home/travis/build/icyphy/ptII/ptolemy/actor/lib/test/auto/BooleanSelect.xml (RunModel)" time="0.016" />
  <testcase classname="ptolemy.util.test.junit.AutoTests" name="[40] /home/travis/build/icyphy/ptII/ptolemy/actor/lib/test/auto/BooleanSelect2.xml (RunModel)" time="0.013" />
  <testcase classname="ptolemy.util.test.junit.AutoTests" name="[41] /home/travis/build/icyphy/ptII/ptolemy/actor/lib/test/auto/BooleanSwitch.xml (RunModel)" time="0.015" />
  <testcase classname="ptolemy.util.test.junit.AutoTests" name="[42] /home/travis/build/icyphy/ptII/ptolemy/actor/lib/test/auto/BooleanSwitch2.xml (RunModel)" time="0.014" />
  <testcase classname="ptolemy.util.test.junit.AutoTests" name="[43] /home/travis/build/icyphy/ptII/ptolemy/actor/lib/test/auto/BooleanSwitchCloningBugWithClassRelationGroup.xml (RunModel)" time="0.026" />
  <testcase classname="ptolemy.util.test.junit.AutoTests" name="[44] /home/travis/build/icyphy/ptII/ptolemy/actor/lib/test/auto/BusActors.xml (RunModel)" time="0.051" />
  <testcase classname="ptolemy.util.test.junit.AutoTests" name="[45] /home/travis/build/icyphy/ptII/ptolemy/actor/lib/test/auto/ClassWrapper.xml (RunModel)" time="0.019" />
  <testcase classname="ptolemy.util.test.junit.AutoTests" name="[46] /home/travis/build/icyphy/ptII/ptolemy/actor/lib/test/auto/Clock.xml (RunModel)" time="0.011" />
  <testcase classname="ptolemy.util.test.junit.AutoTests" name="[47] /home/travis/build/icyphy/ptII/ptolemy/actor/lib/test/auto/Clock10.xml (RunModel)" time="0.016" />
  <testcase classname="ptolemy.util.test.junit.AutoTests" name="[48] /home/travis/build/icyphy/ptII/ptolemy/actor/lib/test/auto/Clock11.xml (RunModel)" time="0.017" />
  <testcase classname="ptolemy.util.test.junit.AutoTests" name="[49] /home/travis/build/icyphy/ptII/ptolemy/actor/lib/test/auto/Clock12.xml (RunModel)" time="0.02" />
  <testcase classname="ptolemy.util.test.junit.AutoTests" name="[50] /home/travis/build/icyphy/ptII/ptolemy/actor/lib/test/auto/Clock13.xml (RunModel)" time="0.018" />
  <testcase classname="ptolemy.util.test.junit.AutoTests" name="[51] /home/travis/build/icyphy/ptII/ptolemy/actor/lib/test/auto/Clock14.xml (RunModel)" time="0.017" />
  <testcase classname="ptolemy.util.test.junit.AutoTests" name="[52] /home/travis/build/icyphy/ptII/ptolemy/actor/lib/test/auto/Clock15.xml (RunModel)" time="0.012" />
  <testcase classname="ptolemy.util.test.junit.AutoTests" name="[53] /home/travis/build/icyphy/ptII/ptolemy/actor/lib/test/auto/Clock16.xml (RunModel)" time="0.074" />
  <testcase classname="ptolemy.util.test.junit.AutoTests" name="[54] /home/travis/build/icyphy/ptII/ptolemy/actor/lib/test/auto/Clock17.xml (RunModel)" time="0.047" />
  <testcase classname="ptolemy.util.test.junit.AutoTests" name="[55] /home/travis/build/icyphy/ptII/ptolemy/actor/lib/test/auto/Clock18.xml (RunModel)" time="0.085" />
  <testcase classname="ptolemy.util.test.junit.AutoTests" name="[56] /home/travis/build/icyphy/ptII/ptolemy/actor/lib/test/auto/Clock19.xml (RunModel)" time="0.047" />
  <testcase classname="ptolemy.util.test.junit.AutoTests" name="[57] /home/travis/build/icyphy/ptII/ptolemy/actor/lib/test/auto/Clock2.xml (RunModel)" time="0.017" />
  <testcase classname="ptolemy.util.test.junit.AutoTests" name="[58] /home/travis/build/icyphy/ptII/ptolemy/actor/lib/test/auto/Clock20.xml (RunModel)" time="0.02" />
  <testcase classname="ptolemy.util.test.junit.AutoTests" name="[59] /home/travis/build/icyphy/ptII/ptolemy/actor/lib/test/auto/Clock21.xml (RunModel)" time="0.021" />
  <testcase classname="ptolemy.util.test.junit.AutoTests" name="[60] /home/travis/build/icyphy/ptII/ptolemy/actor/lib/test/auto/Clock22.xml (RunModel)" time="0.015" />
  <testcase classname="ptolemy.util.test.junit.AutoTests" name="[61] /home/travis/build/icyphy/ptII/ptolemy/actor/lib/test/auto/Clock23.xml (RunModel)" time="0.021" />
  <testcase classname="ptolemy.util.test.junit.AutoTests" name="[62] /home/travis/build/icyphy/ptII/ptolemy/actor/lib/test/auto/Clock24.xml (RunModel)" time="0.016" />
  <testcase classname="ptolemy.util.test.junit.AutoTests" name="[63] /home/travis/build/icyphy/ptII/ptolemy/actor/lib/test/auto/Clock4.xml (RunModel)" time="0.012" />
  <testcase classname="ptolemy.util.test.junit.AutoTests" name="[64] /home/travis/build/icyphy/ptII/ptolemy/actor/lib/test/auto/Clock5.xml (RunModel)" time="0.011" />
  <testcase classname="ptolemy.util.test.junit.AutoTests" name="[65] /home/travis/build/icyphy/ptII/ptolemy/actor/lib/test/auto/Clock6.xml (RunModel)" time="0.015" />
  <testcase classname="ptolemy.util.test.junit.AutoTests" name="[66] /home/travis/build/icyphy/ptII/ptolemy/actor/lib/test/auto/Clock7.xml (RunModel)" time="0.01" />
  <testcase classname="ptolemy.util.test.junit.AutoTests" name="[67] /home/travis/build/icyphy/ptII/ptolemy/actor/lib/test/auto/Clock8.xml (RunModel)" time="0.015" />
  <testcase classname="ptolemy.util.test.junit.AutoTests" name="[68] /home/travis/build/icyphy/ptII/ptolemy/actor/lib/test/auto/Clock9.xml (RunModel)" time="0.014" />
  <testcase classname="ptolemy.util.test.junit.AutoTests" name="[69] /home/travis/build/icyphy/ptII/ptolemy/actor/lib/test/auto/CommDistDiscard.xml (RunModel)" time="0.024" />
  <testcase classname="ptolemy.util.test.junit.AutoTests" name="[70] /home/travis/build/icyphy/ptII/ptolemy/actor/lib/test/auto/Commutator.xml (RunModel)" time="0.017" />
  <testcase classname="ptolemy.util.test.junit.AutoTests" name="[71] /home/travis/build/icyphy/ptII/ptolemy/actor/lib/test/auto/Commutator2.xml (RunModel)" time="0.012" />
  <testcase classname="ptolemy.util.test.junit.AutoTests" name="[72] /home/travis/build/icyphy/ptII/ptolemy/actor/lib/test/auto/Commutator3.xml (RunModel)" time="0.014" />
  <testcase classname="ptolemy.util.test.junit.AutoTests" name="[73] /home/travis/build/icyphy/ptII/ptolemy/actor/lib/test/auto/Compare.xml (RunModel)" time="0.021" />
  <testcase classname="ptolemy.util.test.junit.AutoTests" name="[74] /home/travis/build/icyphy/ptII/ptolemy/actor/lib/test/auto/CompareDE.xml (RunModel)" time="0.019" />
  <testcase classname="ptolemy.util.test.junit.AutoTests" name="[75] /home/travis/build/icyphy/ptII/ptolemy/actor/lib/test/auto/ComplexDivide.xml (RunModel)" time="0.011" />
  <testcase classname="ptolemy.util.test.junit.AutoTests" name="[76] /home/travis/build/icyphy/ptII/ptolemy/actor/lib/test/auto/ComputeHistogram.xml (RunModel)" time="0.073" />
  <testcase classname="ptolemy.util.test.junit.AutoTests" name="[77] /home/travis/build/icyphy/ptII/ptolemy/actor/lib/test/auto/ConfigurationSelect.xml (RunModel)" time="0.019" />
  <testcase classname="ptolemy.util.test.junit.AutoTests" name="[78] /home/travis/build/icyphy/ptII/ptolemy/actor/lib/test/auto/ConfigurationSelect2.xml (RunModel)" time="0.019" />
  <testcase classname="ptolemy.util.test.junit.AutoTests" name="[79] /home/travis/build/icyphy/ptII/ptolemy/actor/lib/test/auto/ConfigurationSwitch.xml (RunModel)" time="0.027" />
  <testcase classname="ptolemy.util.test.junit.AutoTests" name="[80] /home/travis/build/icyphy/ptII/ptolemy/actor/lib/test/auto/ConfigurationSwitch2.xml (RunModel)" time="0.022" />
  <testcase classname="ptolemy.util.test.junit.AutoTests" name="[81] /home/travis/build/icyphy/ptII/ptolemy/actor/lib/test/auto/ConfigurationSwitchCloningBugWithClassRelationGroup.xml (RunModel)" time="0.025" />
  <testcase classname="ptolemy.util.test.junit.AutoTests" name="[82] /home/travis/build/icyphy/ptII/ptolemy/actor/lib/test/auto/ConfigurationSwitchSelectSDF.xml (RunModel)" time="0.016" />
  <testcase classname="ptolemy.util.test.junit.AutoTests" name="[83] /home/travis/build/icyphy/ptII/ptolemy/actor/lib/test/auto/ConfigurationSwitchSelectSDF2.xml (RunModel)" time="0.012" />
  <testcase classname="ptolemy.util.test.junit.AutoTests" name="[84] /home/travis/build/icyphy/ptII/ptolemy/actor/lib/test/auto/Const.xml (RunModel)" time="0.008" />
  <testcase classname="ptolemy.util.test.junit.AutoTests" name="[85] /home/travis/build/icyphy/ptII/ptolemy/actor/lib/test/auto/Const2.xml (RunModel)" time="0.01" />
  <testcase classname="ptolemy.util.test.junit.AutoTests" name="[86] /home/travis/build/icyphy/ptII/ptolemy/actor/lib/test/auto/Const3.xml (RunModel)" time="0.007" />
  <testcase classname="ptolemy.util.test.junit.AutoTests" name="[87] /home/travis/build/icyphy/ptII/ptolemy/actor/lib/test/auto/ConstantPublisherPort1.xml (RunModel)" time="0.026" />
  <testcase classname="ptolemy.util.test.junit.AutoTests" name="[88] /home/travis/build/icyphy/ptII/ptolemy/actor/lib/test/auto/ConstantPublisherPort2.xml (RunModel)" time="0.025" />
  <testcase classname="ptolemy.util.test.junit.AutoTests" name="[89] /home/travis/build/icyphy/ptII/ptolemy/actor/lib/test/auto/ConstantPublisherPort3.xml (RunModel)" time="0.026" />
  <testcase classname="ptolemy.util.test.junit.AutoTests" name="[90] /home/travis/build/icyphy/ptII/ptolemy/actor/lib/test/auto/ConstantPublisherPort4.xml (RunModel)" time="0.028" />
  <testcase classname="ptolemy.util.test.junit.AutoTests" name="[91] /home/travis/build/icyphy/ptII/ptolemy/actor/lib/test/auto/ConstantPublisherPort5.xml (RunModel)" time="0.039" />
  <testcase classname="ptolemy.util.test.junit.AutoTests" name="[92] /home/travis/build/icyphy/ptII/ptolemy/actor/lib/test/auto/ConstantPublisherPort6.xml (RunModel)" time="0.034" />
  <testcase classname="ptolemy.util.test.junit.AutoTests" name="[93] /home/travis/build/icyphy/ptII/ptolemy/actor/lib/test/auto/ConstantPublisherPort7.xml (RunModel)" time="0.037" />
  <testcase classname="ptolemy.util.test.junit.AutoTests" name="[94] /home/travis/build/icyphy/ptII/ptolemy/actor/lib/test/auto/ConstraintMonitor1.xml (RunModel)" time="0.041" />
  <testcase classname="ptolemy.util.test.junit.AutoTests" name="[95] /home/travis/build/icyphy/ptII/ptolemy/actor/lib/test/auto/ConstraintMonitor2.xml (RunModel)" time="0.014" />
  <testcase classname="ptolemy.util.test.junit.AutoTests" name="[96] /home/travis/build/icyphy/ptII/ptolemy/actor/lib/test/auto/ConstraintMonitor3.xml (RunModel)" time="0.014" />
  <testcase classname="ptolemy.util.test.junit.AutoTests" name="[97] /home/travis/build/icyphy/ptII/ptolemy/actor/lib/test/auto/ConstraintMonitor4.xml (RunModel)" time="0.015" />
  <testcase classname="ptolemy.util.test.junit.AutoTests" name="[98] /home/travis/build/icyphy/ptII/ptolemy/actor/lib/test/auto/ConstraintMonitor5.xml (RunModel)" time="0.014" />
  <testcase classname="ptolemy.util.test.junit.AutoTests" name="[99] /home/travis/build/icyphy/ptII/ptolemy/actor/lib/test/auto/ConstraintMonitor6.xml (RunModel)" time="0.017" />
  <testcase classname="ptolemy.util.test.junit.AutoTests" name="[100] /home/travis/build/icyphy/ptII/ptolemy/actor/lib/test/auto/ConstraintMonitor7.xml (RunModel)" time="0.017" />
  <testcase classname="ptolemy.util.test.junit.AutoTests" name="[101] /home/travis/build/icyphy/ptII/ptolemy/actor/lib/test/auto/ConstraintMonitor8.xml (RunModel)" time="0.017" />
  <testcase classname="ptolemy.util.test.junit.AutoTests" name="[102] /home/travis/build/icyphy/ptII/ptolemy/actor/lib/test/auto/Counter.xml (RunModel)" time="0.015" />
  <testcase classname="ptolemy.util.test.junit.AutoTests" name="[103] /home/travis/build/icyphy/ptII/ptolemy/actor/lib/test/auto/CurrentTimeSDF.xml (RunModel)" time="0.009" />
  <testcase classname="ptolemy.util.test.junit.AutoTests" name="[104] /home/travis/build/icyphy/ptII/ptolemy/actor/lib/test/auto/DB.xml (RunModel)" time="0.013" />
  <testcase classname="ptolemy.util.test.junit.AutoTests" name="[105] /home/travis/build/icyphy/ptII/ptolemy/actor/lib/test/auto/DBDE.xml (RunModel)" time="0.045" />
  <testcase classname="ptolemy.util.test.junit.AutoTests" name="[106] /home/travis/build/icyphy/ptII/ptolemy/actor/lib/test/auto/DateConstructor.xml (RunModel)" time="0.067" />
  <testcase classname="ptolemy.util.test.junit.AutoTests" name="[107] /home/travis/build/icyphy/ptII/ptolemy/actor/lib/test/auto/DelayTime.xml (RunModel)" time="0.019" />
  <testcase classname="ptolemy.util.test.junit.AutoTests" name="[108] /home/travis/build/icyphy/ptII/ptolemy/actor/lib/test/auto/Dictionary1.xml (RunModel)" time="0.019" />
  <testcase classname="ptolemy.util.test.junit.AutoTests" name="[109] /home/travis/build/icyphy/ptII/ptolemy/actor/lib/test/auto/Dictionary2.xml (RunModel)" time="0.017" />
  <testcase classname="ptolemy.util.test.junit.AutoTests" name="[110] /home/travis/build/icyphy/ptII/ptolemy/actor/lib/test/auto/Dictionary3.xml (RunModel)" time="0.012" />
  <testcase classname="ptolemy.util.test.junit.AutoTests" name="[111] /home/travis/build/icyphy/ptII/ptolemy/actor/lib/test/auto/Dictionary4.xml (RunModel)" time="0.022" />
  <testcase classname="ptolemy.util.test.junit.AutoTests" name="[112] /home/travis/build/icyphy/ptII/ptolemy/actor/lib/test/auto/Differential.xml (RunModel)" time="0.011" />
  <testcase classname="ptolemy.util.test.junit.AutoTests" name="[113] /home/travis/build/icyphy/ptII/ptolemy/actor/lib/test/auto/Director.xml (RunModel)" time="0.009" />
  <testcase classname="ptolemy.util.test.junit.AutoTests" name="[114] /home/travis/build/icyphy/ptII/ptolemy/actor/lib/test/auto/DiscreteClock.xml (RunModel)" time="0.009" />
  <testcase classname="ptolemy.util.test.junit.AutoTests" name="[115] /home/travis/build/icyphy/ptII/ptolemy/actor/lib/test/auto/DiscreteClock10.xml (RunModel)" time="0.012" />
  <testcase classname="ptolemy.util.test.junit.AutoTests" name="[116] /home/travis/build/icyphy/ptII/ptolemy/actor/lib/test/auto/DiscreteClock11.xml (RunModel)" time="0.011" />
  <testcase classname="ptolemy.util.test.junit.AutoTests" name="[117] /home/travis/build/icyphy/ptII/ptolemy/actor/lib/test/auto/DiscreteClock12.xml (RunModel)" time="0.015" />
  <testcase classname="ptolemy.util.test.junit.AutoTests" name="[118] /home/travis/build/icyphy/ptII/ptolemy/actor/lib/test/auto/DiscreteClock13.xml (RunModel)" time="0.015" />
  <testcase classname="ptolemy.util.test.junit.AutoTests" name="[119] /home/travis/build/icyphy/ptII/ptolemy/actor/lib/test/auto/DiscreteClock14.xml (RunModel)" time="0.013" />
  <testcase classname="ptolemy.util.test.junit.AutoTests" name="[120] /home/travis/build/icyphy/ptII/ptolemy/actor/lib/test/auto/DiscreteClock15.xml (RunModel)" time="0.014" />
  <testcase classname="ptolemy.util.test.junit.AutoTests" name="[121] /home/travis/build/icyphy/ptII/ptolemy/actor/lib/test/auto/DiscreteClock16.xml (RunModel)" time="0.043" />
  <testcase classname="ptolemy.util.test.junit.AutoTests" name="[122] /home/travis/build/icyphy/ptII/ptolemy/actor/lib/test/auto/DiscreteClock17.xml (RunModel)" time="0.04" />
  <testcase classname="ptolemy.util.test.junit.AutoTests" name="[123] /home/travis/build/icyphy/ptII/ptolemy/actor/lib/test/auto/DiscreteClock18.xml (RunModel)" time="0.041" />
  <testcase classname="ptolemy.util.test.junit.AutoTests" name="[124] /home/travis/build/icyphy/ptII/ptolemy/actor/lib/test/auto/DiscreteClock19.xml (RunModel)" time="0.047" />
  <testcase classname="ptolemy.util.test.junit.AutoTests" name="[125] /home/travis/build/icyphy/ptII/ptolemy/actor/lib/test/auto/DiscreteClock2.xml (RunModel)" time="0.012" />
  <testcase classname="ptolemy.util.test.junit.AutoTests" name="[126] /home/travis/build/icyphy/ptII/ptolemy/actor/lib/test/auto/DiscreteClock20.xml (RunModel)" time="0.014" />
  <testcase classname="ptolemy.util.test.junit.AutoTests" name="[127] /home/travis/build/icyphy/ptII/ptolemy/actor/lib/test/auto/DiscreteClock21.xml (RunModel)" time="0.012" />
  <testcase classname="ptolemy.util.test.junit.AutoTests" name="[128] /home/travis/build/icyphy/ptII/ptolemy/actor/lib/test/auto/DiscreteClock22.xml (RunModel)" time="0.012" />
  <testcase classname="ptolemy.util.test.junit.AutoTests" name="[129] /home/travis/build/icyphy/ptII/ptolemy/actor/lib/test/auto/DiscreteClock23.xml (RunModel)" time="0.012" />
  <testcase classname="ptolemy.util.test.junit.AutoTests" name="[130] /home/travis/build/icyphy/ptII/ptolemy/actor/lib/test/auto/DiscreteClock24.xml (RunModel)" time="0.01" />
  <testcase classname="ptolemy.util.test.junit.AutoTests" name="[131] /home/travis/build/icyphy/ptII/ptolemy/actor/lib/test/auto/DiscreteClock4.xml (RunModel)" time="0.019" />
  <testcase classname="ptolemy.util.test.junit.AutoTests" name="[132] /home/travis/build/icyphy/ptII/ptolemy/actor/lib/test/auto/DiscreteClock5.xml (RunModel)" time="0.01" />
  <testcase classname="ptolemy.util.test.junit.AutoTests" name="[133] /home/travis/build/icyphy/ptII/ptolemy/actor/lib/test/auto/DiscreteClock6.xml (RunModel)" time="0.011" />
  <testcase classname="ptolemy.util.test.junit.AutoTests" name="[134] /home/travis/build/icyphy/ptII/ptolemy/actor/lib/test/auto/DiscreteClock7.xml (RunModel)" time="0.01" />
  <testcase classname="ptolemy.util.test.junit.AutoTests" name="[135] /home/travis/build/icyphy/ptII/ptolemy/actor/lib/test/auto/DiscreteClock8.xml (RunModel)" time="0.025" />
  <testcase classname="ptolemy.util.test.junit.AutoTests" name="[136] /home/travis/build/icyphy/ptII/ptolemy/actor/lib/test/auto/DiscreteClock9.xml (RunModel)" time="0.013" />
  <testcase classname="ptolemy.util.test.junit.AutoTests" name="[137] /home/travis/build/icyphy/ptII/ptolemy/actor/lib/test/auto/DisplayArray.xml (RunModel)" time="0.009" />
  <testcase classname="ptolemy.util.test.junit.AutoTests" name="[138] /home/travis/build/icyphy/ptII/ptolemy/actor/lib/test/auto/Distributor.xml (RunModel)" time="0.013" />
  <testcase classname="ptolemy.util.test.junit.AutoTests" name="[139] /home/travis/build/icyphy/ptII/ptolemy/actor/lib/test/auto/Distributor2.xml (RunModel)" time="0.009" />
  <testcase classname="ptolemy.util.test.junit.AutoTests" name="[140] /home/travis/build/icyphy/ptII/ptolemy/actor/lib/test/auto/DownSample.xml (RunModel)" time="0.013" />
  <testcase classname="ptolemy.util.test.junit.AutoTests" name="[141] /home/travis/build/icyphy/ptII/ptolemy/actor/lib/test/auto/ElectronicUnitBase1.xml (RunModel)" time="0.057" />
  <testcase classname="ptolemy.util.test.junit.AutoTests" name="[142] /home/travis/build/icyphy/ptII/ptolemy/actor/lib/test/auto/ElementsToArray.xml (RunModel)" time="0.01" />
  <testcase classname="ptolemy.util.test.junit.AutoTests" name="[143] /home/travis/build/icyphy/ptII/ptolemy/actor/lib/test/auto/Equals.xml (RunModel)" time="0.012" />
  <testcase classname="ptolemy.util.test.junit.AutoTests" name="[144] /home/travis/build/icyphy/ptII/ptolemy/actor/lib/test/auto/Exec.xml (RunModel)" time="0.024" />
  <testcase classname="ptolemy.util.test.junit.AutoTests" name="[145] /home/travis/build/icyphy/ptII/ptolemy/actor/lib/test/auto/ExecEnvironment.xml (RunModel)" time="0.034" />
  <testcase classname="ptolemy.util.test.junit.AutoTests" name="[146] /home/travis/build/icyphy/ptII/ptolemy/actor/lib/test/auto/ExecNonZeroReturnOutput.xml (RunModel)" time="0.174" />
  <testcase classname="ptolemy.util.test.junit.AutoTests" name="[147] /home/travis/build/icyphy/ptII/ptolemy/actor/lib/test/auto/ExecRunDemos.xml (RunModel)" time="10.58" />
  <testcase classname="ptolemy.util.test.junit.AutoTests" name="[148] /home/travis/build/icyphy/ptII/ptolemy/actor/lib/test/auto/ExecStop.xml (RunModel)" time="5.03" />
  <testcase classname="ptolemy.util.test.junit.AutoTests" name="[149] /home/travis/build/icyphy/ptII/ptolemy/actor/lib/test/auto/ExecutionTimeSDF.xml (RunModel)" time="6.03" />
  <testcase classname="ptolemy.util.test.junit.AutoTests" name="[150] /home/travis/build/icyphy/ptII/ptolemy/actor/lib/test/auto/Expression1.xml (RunModel)" time="0.007" />
  <testcase classname="ptolemy.util.test.junit.AutoTests" name="[151] /home/travis/build/icyphy/ptII/ptolemy/actor/lib/test/auto/Expression10.xml (RunModel)" time="0.016" />
  <testcase classname="ptolemy.util.test.junit.AutoTests" name="[152] /home/travis/build/icyphy/ptII/ptolemy/actor/lib/test/auto/Expression11.xml (RunModel)" time="0.023" />
  <testcase classname="ptolemy.util.test.junit.AutoTests" name="[153] /home/travis/build/icyphy/ptII/ptolemy/actor/lib/test/auto/Expression12.xml (RunModel)" time="0.026" />
  <testcase classname="ptolemy.util.test.junit.AutoTests" name="[154] /home/travis/build/icyphy/ptII/ptolemy/actor/lib/test/auto/Expression13.xml (RunModel)" time="0.011" />
  <testcase classname="ptolemy.util.test.junit.AutoTests" name="[155] /home/travis/build/icyphy/ptII/ptolemy/actor/lib/test/auto/Expression14.xml (RunModel)" time="0.017" />
  <testcase classname="ptolemy.util.test.junit.AutoTests" name="[156] /home/travis/build/icyphy/ptII/ptolemy/actor/lib/test/auto/Expression15.xml (RunModel)" time="0.008" />
  <testcase classname="ptolemy.util.test.junit.AutoTests" name="[157] /home/travis/build/icyphy/ptII/ptolemy/actor/lib/test/auto/Expression16.xml (RunModel)" time="0.011" />
  <testcase classname="ptolemy.util.test.junit.AutoTests" name="[158] /home/travis/build/icyphy/ptII/ptolemy/actor/lib/test/auto/Expression17.xml (RunModel)" time="0.01" />
  <testcase classname="ptolemy.util.test.junit.AutoTests" name="[159] /home/travis/build/icyphy/ptII/ptolemy/actor/lib/test/auto/Expression18.xml (RunModel)" time="0.013" />
  <testcase classname="ptolemy.util.test.junit.AutoTests" name="[160] /home/travis/build/icyphy/ptII/ptolemy/actor/lib/test/auto/Expression2.xml (RunModel)" time="0.01" />
  <testcase classname="ptolemy.util.test.junit.AutoTests" name="[161] /home/travis/build/icyphy/ptII/ptolemy/actor/lib/test/auto/Expression3.xml (RunModel)" time="0.011" />
  <testcase classname="ptolemy.util.test.junit.AutoTests" name="[162] /home/travis/build/icyphy/ptII/ptolemy/actor/lib/test/auto/Expression4.xml (RunModel)" time="0.019" />
  <testcase classname="ptolemy.util.test.junit.AutoTests" name="[163] /home/travis/build/icyphy/ptII/ptolemy/actor/lib/test/auto/Expression5.xml (RunModel)" time="0.011" />
  <testcase classname="ptolemy.util.test.junit.AutoTests" name="[164] /home/travis/build/icyphy/ptII/ptolemy/actor/lib/test/auto/Expression6.xml (RunModel)" time="0.011" />
  <testcase classname="ptolemy.util.test.junit.AutoTests" name="[165] /home/travis/build/icyphy/ptII/ptolemy/actor/lib/test/auto/Expression7.xml (RunModel)" time="0.012" />
  <testcase classname="ptolemy.util.test.junit.AutoTests" name="[166] /home/travis/build/icyphy/ptII/ptolemy/actor/lib/test/auto/Expression8.xml (RunModel)" time="0.014" />
  <testcase classname="ptolemy.util.test.junit.AutoTests" name="[167] /home/travis/build/icyphy/ptII/ptolemy/actor/lib/test/auto/Expression9.xml (RunModel)" time="0.008" />
  <testcase classname="ptolemy.util.test.junit.AutoTests" name="[168] /home/travis/build/icyphy/ptII/ptolemy/actor/lib/test/auto/ExpressionConcatenateArrayType.xml (RunModel)" time="0.026" />
  <testcase classname="ptolemy.util.test.junit.AutoTests" name="[169] /home/travis/build/icyphy/ptII/ptolemy/actor/lib/test/auto/ExpressionConcatenateArrayType2.xml (RunModel)" time="0.021" />
  <testcase classname="ptolemy.util.test.junit.AutoTests" name="[170] /home/travis/build/icyphy/ptII/ptolemy/actor/lib/test/auto/ExpressionFix.xml (RunModel)" time="0.044" />
  <testcase classname="ptolemy.util.test.junit.AutoTests" name="[171] /home/travis/build/icyphy/ptII/ptolemy/actor/lib/test/auto/ExpressionFix2.xml (RunModel)" time="0.011" />
  <testcase classname="ptolemy.util.test.junit.AutoTests" name="[172] /home/travis/build/icyphy/ptII/ptolemy/actor/lib/test/auto/ExpressionFix3.xml (RunModel)" time="0.012" />
  <testcase classname="ptolemy.util.test.junit.AutoTests" name="[173] /home/travis/build/icyphy/ptII/ptolemy/actor/lib/test/auto/FileWriter1.xml (RunModel)" time="0.009" />
  <testcase classname="ptolemy.util.test.junit.AutoTests" name="[174] /home/travis/build/icyphy/ptII/ptolemy/actor/lib/test/auto/FileWriter2.xml (RunModel)" time="0.011" />
  <testcase classname="ptolemy.util.test.junit.AutoTests" name="[175] /home/travis/build/icyphy/ptII/ptolemy/actor/lib/test/auto/FileWriter3.xml (RunModel)" time="0.01" />
  <testcase classname="ptolemy.util.test.junit.AutoTests" name="[176] /home/travis/build/icyphy/ptII/ptolemy/actor/lib/test/auto/Gaussian.xml (RunModel)" time="0.01" />
  <testcase classname="ptolemy.util.test.junit.AutoTests" name="[177] /home/travis/build/icyphy/ptII/ptolemy/actor/lib/test/auto/Gaussian1.xml (RunModel)" time="0.013" />
  <testcase classname="ptolemy.util.test.junit.AutoTests" name="[178] /home/travis/build/icyphy/ptII/ptolemy/actor/lib/test/auto/Gaussian2.xml (RunModel)" time="0.063" />
  <testcase classname="ptolemy.util.test.junit.AutoTests" name="[179] /home/travis/build/icyphy/ptII/ptolemy/actor/lib/test/auto/GradientAdaptiveLattice.xml (RunModel)" time="0.018" />
  <testcase classname="ptolemy.util.test.junit.AutoTests" name="[180] /home/travis/build/icyphy/ptII/ptolemy/actor/lib/test/auto/IIR.xml (RunModel)" time="0.009" />
  <testcase classname="ptolemy.util.test.junit.AutoTests" name="[181] /home/travis/build/icyphy/ptII/ptolemy/actor/lib/test/auto/InputOutputTransparentPorts.xml (RunModel)" time="0.02" />
  <testcase classname="ptolemy.util.test.junit.AutoTests" name="[182] /home/travis/build/icyphy/ptII/ptolemy/actor/lib/test/auto/Interpolator.xml (RunModel)" time="0.01" />
  <testcase classname="ptolemy.util.test.junit.AutoTests" name="[183] /home/travis/build/icyphy/ptII/ptolemy/actor/lib/test/auto/InterpolatorFiringLimitDE.xml (RunModel)" time="0.013" />
  <testcase classname="ptolemy.util.test.junit.AutoTests" name="[184] /home/travis/build/icyphy/ptII/ptolemy/actor/lib/test/auto/Lattice.xml (RunModel)" time="0.01" />
  <testcase classname="ptolemy.util.test.junit.AutoTests" name="[185] /home/travis/build/icyphy/ptII/ptolemy/actor/lib/test/auto/LazyAOCTestLazy.xml (RunModel)" time="0.021" />
  <testcase classname="ptolemy.util.test.junit.AutoTests" name="[186] /home/travis/build/icyphy/ptII/ptolemy/actor/lib/test/auto/LazyAOCTestNonLazy.xml (RunModel)" time="0.044" />
  <testcase classname="ptolemy.util.test.junit.AutoTests" name="[187] /home/travis/build/icyphy/ptII/ptolemy/actor/lib/test/auto/LazyInnerClass.xml (RunModel)" time="0.048" />
  <testcase classname="ptolemy.util.test.junit.AutoTests" name="[188] /home/travis/build/icyphy/ptII/ptolemy/actor/lib/test/auto/LazyPubSub.xml (RunModel)" time="0.056" />
  <testcase classname="ptolemy.util.test.junit.AutoTests" name="[189] /home/travis/build/icyphy/ptII/ptolemy/actor/lib/test/auto/LazyPubSub2.xml (RunModel)" time="0.045" />
  <testcase classname="ptolemy.util.test.junit.AutoTests" name="[190] /home/travis/build/icyphy/ptII/ptolemy/actor/lib/test/auto/LazyPubSub3.xml (RunModel)" time="0.025" />
  <testcase classname="ptolemy.util.test.junit.AutoTests" name="[191] /home/travis/build/icyphy/ptII/ptolemy/actor/lib/test/auto/LazySubClassModel.xml (RunModel)" time="0.027" />
  <testcase classname="ptolemy.util.test.junit.AutoTests" name="[192] /home/travis/build/icyphy/ptII/ptolemy/actor/lib/test/auto/LevelCrossTest1.xml (RunModel)" time="0.009" />
  <testcase classname="ptolemy.util.test.junit.AutoTests" name="[193] /home/travis/build/icyphy/ptII/ptolemy/actor/lib/test/auto/LevelCrossTest10.xml (RunModel)" time="0.015" />
  <testcase classname="ptolemy.util.test.junit.AutoTests" name="[194] /home/travis/build/icyphy/ptII/ptolemy/actor/lib/test/auto/LevelCrossTest11.xml (RunModel)" time="0.016" />
  <testcase classname="ptolemy.util.test.junit.AutoTests" name="[195] /home/travis/build/icyphy/ptII/ptolemy/actor/lib/test/auto/LevelCrossTest12.xml (RunModel)" time="0.016" />
  <testcase classname="ptolemy.util.test.junit.AutoTests" name="[196] /home/travis/build/icyphy/ptII/ptolemy/actor/lib/test/auto/LevelCrossTest13.xml (RunModel)" time="0.012" />
  <testcase classname="ptolemy.util.test.junit.AutoTests" name="[197] /home/travis/build/icyphy/ptII/ptolemy/actor/lib/test/auto/LevelCrossTest2.xml (RunModel)" time="0.009" />
  <testcase classname="ptolemy.util.test.junit.AutoTests" name="[198] /home/travis/build/icyphy/ptII/ptolemy/actor/lib/test/auto/LevelCrossTest3.xml (RunModel)" time="0.011" />
  <testcase classname="ptolemy.util.test.junit.AutoTests" name="[199] /home/travis/build/icyphy/ptII/ptolemy/actor/lib/test/auto/LevelCrossTest4.xml (RunModel)" time="0.01" />
  <testcase classname="ptolemy.util.test.junit.AutoTests" name="[200] /home/travis/build/icyphy/ptII/ptolemy/actor/lib/test/auto/LevelCrossTest5.xml (RunModel)" time="0.012" />
  <testcase classname="ptolemy.util.test.junit.AutoTests" name="[201] /home/travis/build/icyphy/ptII/ptolemy/actor/lib/test/auto/LevelCrossTest6.xml (RunModel)" time="0.011" />
  <testcase classname="ptolemy.util.test.junit.AutoTests" name="[202] /home/travis/build/icyphy/ptII/ptolemy/actor/lib/test/auto/LevelCrossTest7.xml (RunModel)" time="0.026" />
  <testcase classname="ptolemy.util.test.junit.AutoTests" name="[203] /home/travis/build/icyphy/ptII/ptolemy/actor/lib/test/auto/LevelCrossTest8.xml (RunModel)" time="0.013" />
  <testcase classname="ptolemy.util.test.junit.AutoTests" name="[204] /home/travis/build/icyphy/ptII/ptolemy/actor/lib/test/auto/LevelCrossTest9.xml (RunModel)" time="0.013" />
  <testcase classname="ptolemy.util.test.junit.AutoTests" name="[205] /home/travis/build/icyphy/ptII/ptolemy/actor/lib/test/auto/LevinsonDurbin.xml (RunModel)" time="0.009" />
  <testcase classname="ptolemy.util.test.junit.AutoTests" name="[206] /home/travis/build/icyphy/ptII/ptolemy/actor/lib/test/auto/LevinsonDurbin2.xml (RunModel)" time="0.011" />
  <testcase classname="ptolemy.util.test.junit.AutoTests" name="[207] /home/travis/build/icyphy/ptII/ptolemy/actor/lib/test/auto/LevinsonDurbin3.xml (RunModel)" time="0.009" />
  <testcase classname="ptolemy.util.test.junit.AutoTests" name="[208] /home/travis/build/icyphy/ptII/ptolemy/actor/lib/test/auto/Limiter.xml (RunModel)" time="0.038" />
  <testcase classname="ptolemy.util.test.junit.AutoTests" name="[209] /home/travis/build/icyphy/ptII/ptolemy/actor/lib/test/auto/LinearDifferenceEquationSystem.xml (RunModel)" time="0.021" />
  <testcase classname="ptolemy.util.test.junit.AutoTests" name="[210] /home/travis/build/icyphy/ptII/ptolemy/actor/lib/test/auto/LookupTable.xml (RunModel)" time="0.008" />
  <testcase classname="ptolemy.util.test.junit.AutoTests" name="[211] /home/travis/build/icyphy/ptII/ptolemy/actor/lib/test/auto/MathFunction.xml (RunModel)" time="0.03" />
  <testcase classname="ptolemy.util.test.junit.AutoTests" name="[212] /home/travis/build/icyphy/ptII/ptolemy/actor/lib/test/auto/MathFunction2.xml (RunModel)" time="0.019" />
  <testcase classname="ptolemy.util.test.junit.AutoTests" name="[213] /home/travis/build/icyphy/ptII/ptolemy/actor/lib/test/auto/MathFunction3.xml (RunModel)" time="0.017" />
  <testcase classname="ptolemy.util.test.junit.AutoTests" name="[214] /home/travis/build/icyphy/ptII/ptolemy/actor/lib/test/auto/MatrixCropBoolean.xml (RunModel)" time="0.014" />
  <testcase classname="ptolemy.util.test.junit.AutoTests" name="[215] /home/travis/build/icyphy/ptII/ptolemy/actor/lib/test/auto/MatrixCropComplex.xml (RunModel)" time="0.013" />
  <testcase classname="ptolemy.util.test.junit.AutoTests" name="[216] /home/travis/build/icyphy/ptII/ptolemy/actor/lib/test/auto/MatrixCropDouble.xml (RunModel)" time="0.009" />
  <testcase classname="ptolemy.util.test.junit.AutoTests" name="[217] /home/travis/build/icyphy/ptII/ptolemy/actor/lib/test/auto/MatrixCropFix.xml (RunModel)" time="0.011" />
  <testcase classname="ptolemy.util.test.junit.AutoTests" name="[218] /home/travis/build/icyphy/ptII/ptolemy/actor/lib/test/auto/MatrixCropInt.xml (RunModel)" time="0.009" />
  <testcase classname="ptolemy.util.test.junit.AutoTests" name="[219] /home/travis/build/icyphy/ptII/ptolemy/actor/lib/test/auto/MatrixCropLong.xml (RunModel)" time="0.009" />
  <testcase classname="ptolemy.util.test.junit.AutoTests" name="[220] /home/travis/build/icyphy/ptII/ptolemy/actor/lib/test/auto/MatrixToArray.xml (RunModel)" time="0.046" />
  <testcase classname="ptolemy.util.test.junit.AutoTests" name="[221] /home/travis/build/icyphy/ptII/ptolemy/actor/lib/test/auto/MaxIndex.xml (RunModel)" time="0.012" />
  <testcase classname="ptolemy.util.test.junit.AutoTests" name="[222] /home/travis/build/icyphy/ptII/ptolemy/actor/lib/test/auto/Maximum.xml (RunModel)" time="0.013" />
  <testcase classname="ptolemy.util.test.junit.AutoTests" name="[223] /home/travis/build/icyphy/ptII/ptolemy/actor/lib/test/auto/MaximumComplex.xml (RunModel)" time="0.049" />
  <testcase classname="ptolemy.util.test.junit.AutoTests" name="[224] /home/travis/build/icyphy/ptII/ptolemy/actor/lib/test/auto/MethodCallTest.xml (RunModel)" time="0.026" />
  <testcase classname="ptolemy.util.test.junit.AutoTests" name="[225] /home/travis/build/icyphy/ptII/ptolemy/actor/lib/test/auto/Minimum.xml (RunModel)" time="0.018" />
  <testcase classname="ptolemy.util.test.junit.AutoTests" name="[226] /home/travis/build/icyphy/ptII/ptolemy/actor/lib/test/auto/MinimumComplex.xml (RunModel)" time="0.025" />
  <testcase classname="ptolemy.util.test.junit.AutoTests" name="[227] /home/travis/build/icyphy/ptII/ptolemy/actor/lib/test/auto/MinimumMultiports.xml (RunModel)" time="0.017" />
  <testcase classname="ptolemy.util.test.junit.AutoTests" name="[228] /home/travis/build/icyphy/ptII/ptolemy/actor/lib/test/auto/ModifyDate.xml (RunModel)" time="0.039" />
  <testcase classname="ptolemy.util.test.junit.AutoTests" name="[229] /home/travis/build/icyphy/ptII/ptolemy/actor/lib/test/auto/ModifyDate2.xml (RunModel)" time="0.026" />
  <testcase classname="ptolemy.util.test.junit.AutoTests" name="[230] /home/travis/build/icyphy/ptII/ptolemy/actor/lib/test/auto/MovingAverage.xml (RunModel)" time="0.01" />
  <testcase classname="ptolemy.util.test.junit.AutoTests" name="[231] /home/travis/build/icyphy/ptII/ptolemy/actor/lib/test/auto/MovingMaximum.xml (RunModel)" time="0.01" />
  <testcase classname="ptolemy.util.test.junit.AutoTests" name="[232] /home/travis/build/icyphy/ptII/ptolemy/actor/lib/test/auto/MultipleLinksToSameRelation.xml (RunModel)" time="0.006" />
  <testcase classname="ptolemy.util.test.junit.AutoTests" name="[233] /home/travis/build/icyphy/ptII/ptolemy/actor/lib/test/auto/MultipleLinksToSameRelationDE.xml (RunModel)" time="0.007" />
  <testcase classname="ptolemy.util.test.junit.AutoTests" name="[234] /home/travis/build/icyphy/ptII/ptolemy/actor/lib/test/auto/Multiplexor.xml (RunModel)" time="0.01" />
  <testcase classname="ptolemy.util.test.junit.AutoTests" name="[235] /home/travis/build/icyphy/ptII/ptolemy/actor/lib/test/auto/Multiplexor1.xml (RunModel)" time="0.011" />
  <testcase classname="ptolemy.util.test.junit.AutoTests" name="[236] /home/travis/build/icyphy/ptII/ptolemy/actor/lib/test/auto/Multiplexor2.xml (RunModel)" time="0.017" />
  <testcase classname="ptolemy.util.test.junit.AutoTests" name="[237] /home/travis/build/icyphy/ptII/ptolemy/actor/lib/test/auto/Multiplexor3.xml (RunModel)" time="0.009" />
  <testcase classname="ptolemy.util.test.junit.AutoTests" name="[238] /home/travis/build/icyphy/ptII/ptolemy/actor/lib/test/auto/MultiplexorDE.xml (RunModel)" time="0.015" />
  <testcase classname="ptolemy.util.test.junit.AutoTests" name="[239] /home/travis/build/icyphy/ptII/ptolemy/actor/lib/test/auto/MultiportBroadcastTest.xml (RunModel)" time="0.086" />
  <testcase classname="ptolemy.util.test.junit.AutoTests" name="[240] /home/travis/build/icyphy/ptII/ptolemy/actor/lib/test/auto/MultiportOutHangDuringGetWidth.xml (RunModel)" time="0.032" />
  <testcase classname="ptolemy.util.test.junit.AutoTests" name="[241] /home/travis/build/icyphy/ptII/ptolemy/actor/lib/test/auto/NilToken.xml (RunModel)" time="0.011" />
  <testcase classname="ptolemy.util.test.junit.AutoTests" name="[242] /home/travis/build/icyphy/ptII/ptolemy/actor/lib/test/auto/NilTokenNonStrictTest.xml (RunModel)" time="0.01" />
  <testcase classname="ptolemy.util.test.junit.AutoTests" name="[243] /home/travis/build/icyphy/ptII/ptolemy/actor/lib/test/auto/NilTokenRecord.xml (RunModel)" time="0.025" />
  <testcase classname="ptolemy.util.test.junit.AutoTests" name="[244] /home/travis/build/icyphy/ptII/ptolemy/actor/lib/test/auto/NilTokenTypeTest.xml (RunModel)" time="0.028" />
  <testcase classname="ptolemy.util.test.junit.AutoTests" name="[245] /home/travis/build/icyphy/ptII/ptolemy/actor/lib/test/auto/ObjectToken1.xml (RunModel)" time="0.008" />
  <testcase classname="ptolemy.util.test.junit.AutoTests" name="[246] /home/travis/build/icyphy/ptII/ptolemy/actor/lib/test/auto/OrderedMerge.xml (RunModel)" time="0.019" />
  <testcase classname="ptolemy.util.test.junit.AutoTests" name="[247] /home/travis/build/icyphy/ptII/ptolemy/actor/lib/test/auto/OrderedRecordDisassembler.xml (RunModel)" time="0.017" />
  <testcase classname="ptolemy.util.test.junit.AutoTests" name="[248] /home/travis/build/icyphy/ptII/ptolemy/actor/lib/test/auto/OrderedRecordDisassembler2.xml (RunModel)" time="0.02" />
  <testcase classname="ptolemy.util.test.junit.AutoTests" name="[249] /home/travis/build/icyphy/ptII/ptolemy/actor/lib/test/auto/OrderedRecordUpdater.xml (RunModel)" time="0.011" />
  <testcase classname="ptolemy.util.test.junit.AutoTests" name="[250] /home/travis/build/icyphy/ptII/ptolemy/actor/lib/test/auto/OrderedRecordUpdater2.xml (RunModel)" time="0.019" />
  <testcase classname="ptolemy.util.test.junit.AutoTests" name="[251] /home/travis/build/icyphy/ptII/ptolemy/actor/lib/test/auto/PhaseUnwrap.xml (RunModel)" time="0.012" />
  <testcase classname="ptolemy.util.test.junit.AutoTests" name="[252] /home/travis/build/icyphy/ptII/ptolemy/actor/lib/test/auto/PoissonClock.xml (RunModel)" time="0.009" />
  <testcase classname="ptolemy.util.test.junit.AutoTests" name="[253] /home/travis/build/icyphy/ptII/ptolemy/actor/lib/test/auto/PoissonClock2.xml (RunModel)" time="0.008" />
  <testcase classname="ptolemy.util.test.junit.AutoTests" name="[254] /home/travis/build/icyphy/ptII/ptolemy/actor/lib/test/auto/PoissonClock3.xml (RunModel)" time="0.024" />
  <testcase classname="ptolemy.util.test.junit.AutoTests" name="[255] /home/travis/build/icyphy/ptII/ptolemy/actor/lib/test/auto/PubSubWithInitialTokens.xml (RunModel)" time="0.016" />
  <testcase classname="ptolemy.util.test.junit.AutoTests" name="[256] /home/travis/build/icyphy/ptII/ptolemy/actor/lib/test/auto/PubSubWithInitialTokens2.xml (RunModel)" time="0.012" />
  <testcase classname="ptolemy.util.test.junit.AutoTests" name="[257] /home/travis/build/icyphy/ptII/ptolemy/actor/lib/test/auto/PublisherClassNoParameter.xml (RunModel)" time="0.026" />
  <testcase classname="ptolemy.util.test.junit.AutoTests" name="[258] /home/travis/build/icyphy/ptII/ptolemy/actor/lib/test/auto/PublisherClassParameter.xml (RunModel)" time="0.021" />
  <testcase classname="ptolemy.util.test.junit.AutoTests" name="[259] /home/travis/build/icyphy/ptII/ptolemy/actor/lib/test/auto/PublisherNonStrictTest.xml (RunModel)" time="0.013" />
  <testcase classname="ptolemy.util.test.junit.AutoTests" name="[260] /home/travis/build/icyphy/ptII/ptolemy/actor/lib/test/auto/PublisherPort1.xml (RunModel)" time="0.018" />
  <testcase classname="ptolemy.util.test.junit.AutoTests" name="[261] /home/travis/build/icyphy/ptII/ptolemy/actor/lib/test/auto/PublisherPort2.xml (RunModel)" time="0.009" />
  <testcase classname="ptolemy.util.test.junit.AutoTests" name="[262] /home/travis/build/icyphy/ptII/ptolemy/actor/lib/test/auto/PublisherPort3.xml (RunModel)" time="0.011" />
  <testcase classname="ptolemy.util.test.junit.AutoTests" name="[263] /home/travis/build/icyphy/ptII/ptolemy/actor/lib/test/auto/PublisherPort4.xml (RunModel)" time="0.013" />
  <testcase classname="ptolemy.util.test.junit.AutoTests" name="[264] /home/travis/build/icyphy/ptII/ptolemy/actor/lib/test/auto/PublisherPort5.xml (RunModel)" time="0.016" />
  <testcase classname="ptolemy.util.test.junit.AutoTests" name="[265] /home/travis/build/icyphy/ptII/ptolemy/actor/lib/test/auto/PublisherPort5LookAlike.xml (RunModel)" time="0.016" />
  <testcase classname="ptolemy.util.test.junit.AutoTests" name="[266] /home/travis/build/icyphy/ptII/ptolemy/actor/lib/test/auto/PublisherPort6.xml (RunModel)" time="0.013" />
  <testcase classname="ptolemy.util.test.junit.AutoTests" name="[267] /home/travis/build/icyphy/ptII/ptolemy/actor/lib/test/auto/PublisherPort7.xml (RunModel)" time="0.014" />
  <testcase classname="ptolemy.util.test.junit.AutoTests" name="[268] /home/travis/build/icyphy/ptII/ptolemy/actor/lib/test/auto/PublisherPort8.xml (RunModel)" time="0.054" />
  <testcase classname="ptolemy.util.test.junit.AutoTests" name="[269] /home/travis/build/icyphy/ptII/ptolemy/actor/lib/test/auto/PublisherPortSubscriberChannelVariablesAOC2.xml (RunModel)" time="0.033" />
  <testcase classname="ptolemy.util.test.junit.AutoTests" name="[270] /home/travis/build/icyphy/ptII/ptolemy/actor/lib/test/auto/PublisherPortSubscriberOpaqueWidthInference.xml (RunModel)" time="0.014" />
  <testcase classname="ptolemy.util.test.junit.AutoTests" name="[271] /home/travis/build/icyphy/ptII/ptolemy/actor/lib/test/auto/PublisherPortSubscriberPortAdjacent.xml (RunModel)" time="0.017" />
  <testcase classname="ptolemy.util.test.junit.AutoTests" name="[272] /home/travis/build/icyphy/ptII/ptolemy/actor/lib/test/auto/PublisherPortSubscriberPortExpression.xml (RunModel)" time="0.016" />
  <testcase classname="ptolemy.util.test.junit.AutoTests" name="[273] /home/travis/build/icyphy/ptII/ptolemy/actor/lib/test/auto/PublisherPortSubscriberPortOpaqueD3Reverse.xml (RunModel)" time="0.019" />
  <testcase classname="ptolemy.util.test.junit.AutoTests" name="[274] /home/travis/build/icyphy/ptII/ptolemy/actor/lib/test/auto/PublisherPortSubscriberPortOpaqueWidthInference.xml (RunModel)" time="0.017" />
  <testcase classname="ptolemy.util.test.junit.AutoTests" name="[275] /home/travis/build/icyphy/ptII/ptolemy/actor/lib/test/auto/PublisherPortToplevelSubscriberPortAOC.xml (RunModel)" time="0.01" />
  <testcase classname="ptolemy.util.test.junit.AutoTests" name="[276] /home/travis/build/icyphy/ptII/ptolemy/actor/lib/test/auto/PublisherSubscriber.xml (RunModel)" time="0.013" />
  <testcase classname="ptolemy.util.test.junit.AutoTests" name="[277] /home/travis/build/icyphy/ptII/ptolemy/actor/lib/test/auto/PublisherSubscriber10.xml (RunModel)" time="0.02" />
  <testcase classname="ptolemy.util.test.junit.AutoTests" name="[278] /home/travis/build/icyphy/ptII/ptolemy/actor/lib/test/auto/PublisherSubscriber10InitialOutputs.xml (RunModel)" time="0.026" />
  <testcase classname="ptolemy.util.test.junit.AutoTests" name="[279] /home/travis/build/icyphy/ptII/ptolemy/actor/lib/test/auto/PublisherSubscriber11.xml (RunModel)" time="0.016" />
  <testcase classname="ptolemy.util.test.junit.AutoTests" name="[280] /home/travis/build/icyphy/ptII/ptolemy/actor/lib/test/auto/PublisherSubscriber12.xml (RunModel)" time="0.017" />
  <testcase classname="ptolemy.util.test.junit.AutoTests" name="[281] /home/travis/build/icyphy/ptII/ptolemy/actor/lib/test/auto/PublisherSubscriber13.xml (RunModel)" time="0.021" />
  <testcase classname="ptolemy.util.test.junit.AutoTests" name="[282] /home/travis/build/icyphy/ptII/ptolemy/actor/lib/test/auto/PublisherSubscriber14.xml (RunModel)" time="0.018" />
  <testcase classname="ptolemy.util.test.junit.AutoTests" name="[283] /home/travis/build/icyphy/ptII/ptolemy/actor/lib/test/auto/PublisherSubscriber2.xml (RunModel)" time="0.012" />
  <testcase classname="ptolemy.util.test.junit.AutoTests" name="[284] /home/travis/build/icyphy/ptII/ptolemy/actor/lib/test/auto/PublisherSubscriber3.xml (RunModel)" time="0.009" />
  <testcase classname="ptolemy.util.test.junit.AutoTests" name="[285] /home/travis/build/icyphy/ptII/ptolemy/actor/lib/test/auto/PublisherSubscriber4.xml (RunModel)" time="0.01" />
  <testcase classname="ptolemy.util.test.junit.AutoTests" name="[286] /home/travis/build/icyphy/ptII/ptolemy/actor/lib/test/auto/PublisherSubscriber5.xml (RunModel)" time="0.011" />
  <testcase classname="ptolemy.util.test.junit.AutoTests" name="[287] /home/travis/build/icyphy/ptII/ptolemy/actor/lib/test/auto/PublisherSubscriber6.xml (RunModel)" time="0.017" />
  <testcase classname="ptolemy.util.test.junit.AutoTests" name="[288] /home/travis/build/icyphy/ptII/ptolemy/actor/lib/test/auto/PublisherSubscriber7.xml (RunModel)" time="0.016" />
  <testcase classname="ptolemy.util.test.junit.AutoTests" name="[289] /home/travis/build/icyphy/ptII/ptolemy/actor/lib/test/auto/PublisherSubscriber8.xml (RunModel)" time="0.024" />
  <testcase classname="ptolemy.util.test.junit.AutoTests" name="[290] /home/travis/build/icyphy/ptII/ptolemy/actor/lib/test/auto/PublisherSubscriber9.xml (RunModel)" time="0.016" />
  <testcase classname="ptolemy.util.test.junit.AutoTests" name="[291] /home/travis/build/icyphy/ptII/ptolemy/actor/lib/test/auto/PublisherSubscriberAdjacent.xml (RunModel)" time="0.016" />
  <testcase classname="ptolemy.util.test.junit.AutoTests" name="[292] /home/travis/build/icyphy/ptII/ptolemy/actor/lib/test/auto/PublisherSubscriberChannelVariablesAOC2.xml (RunModel)" time="0.026" />
  <testcase classname="ptolemy.util.test.junit.AutoTests" name="[293] /home/travis/build/icyphy/ptII/ptolemy/actor/lib/test/auto/PublisherSubscriberD3.xml (RunModel)" time="0.017" />
  <testcase classname="ptolemy.util.test.junit.AutoTests" name="[294] /home/travis/build/icyphy/ptII/ptolemy/actor/lib/test/auto/PublisherSubscriberD3Reverse.xml (RunModel)" time="0.014" />
  <testcase classname="ptolemy.util.test.junit.AutoTests" name="[295] /home/travis/build/icyphy/ptII/ptolemy/actor/lib/test/auto/PublisherSubscriberExpression.xml (RunModel)" time="0.018" />
  <testcase classname="ptolemy.util.test.junit.AutoTests" name="[296] /home/travis/build/icyphy/ptII/ptolemy/actor/lib/test/auto/PublisherSubscriberOpaque.xml (RunModel)" time="0.015" />
  <testcase classname="ptolemy.util.test.junit.AutoTests" name="[297] /home/travis/build/icyphy/ptII/ptolemy/actor/lib/test/auto/PublisherSubscriberOpaqueD3.xml (RunModel)" time="0.022" />
  <testcase classname="ptolemy.util.test.junit.AutoTests" name="[298] /home/travis/build/icyphy/ptII/ptolemy/actor/lib/test/auto/PublisherSubscriberOpaqueD3Reverse.xml (RunModel)" time="0.021" />
  <testcase classname="ptolemy.util.test.junit.AutoTests" name="[299] /home/travis/build/icyphy/ptII/ptolemy/actor/lib/test/auto/PublisherSubscriberOpaqueWidthInference.xml (RunModel)" time="0.015" />
  <testcase classname="ptolemy.util.test.junit.AutoTests" name="[300] /home/travis/build/icyphy/ptII/ptolemy/actor/lib/test/auto/PublisherTestSubscriber.xml (RunModel)" time="0.014" />
  <testcase classname="ptolemy.util.test.junit.AutoTests" name="[301] /home/travis/build/icyphy/ptII/ptolemy/actor/lib/test/auto/PublisherToplevelSubscriberPortAOC.xml (RunModel)" time="0.01" />
  <testcase classname="ptolemy.util.test.junit.AutoTests" name="[302] /home/travis/build/icyphy/ptII/ptolemy/actor/lib/test/auto/PulseFiringLimitDE.xml (RunModel)" time="0.014" />
  <testcase classname="ptolemy.util.test.junit.AutoTests" name="[303] /home/travis/build/icyphy/ptII/ptolemy/actor/lib/test/auto/Ramp1.xml (RunModel)" time="0.006" />
  <testcase classname="ptolemy.util.test.junit.AutoTests" name="[304] /home/travis/build/icyphy/ptII/ptolemy/actor/lib/test/auto/RampFiringLimitDE.xml (RunModel)" time="0.01" />
  <testcase classname="ptolemy.util.test.junit.AutoTests" name="[305] /home/travis/build/icyphy/ptII/ptolemy/actor/lib/test/auto/RampFiringLimitSDF.xml (RunModel)" time="0.051" />
  <testcase classname="ptolemy.util.test.junit.AutoTests" name="[306] /home/travis/build/icyphy/ptII/ptolemy/actor/lib/test/auto/RandomInteger.xml (RunModel)" time="0.009" />
  <testcase classname="ptolemy.util.test.junit.AutoTests" name="[307] /home/travis/build/icyphy/ptII/ptolemy/actor/lib/test/auto/ReadFile1.xml (RunModel)" time="0.008" />
  <testcase classname="ptolemy.util.test.junit.AutoTests" name="[308] /home/travis/build/icyphy/ptII/ptolemy/actor/lib/test/auto/ReadFile2.xml (RunModel)" time="0.007" />
  <testcase classname="ptolemy.util.test.junit.AutoTests" name="[309] /home/travis/build/icyphy/ptII/ptolemy/actor/lib/test/auto/Reader.xml (RunModel)" time="0.011" />
  <testcase classname="ptolemy.util.test.junit.AutoTests" name="[310] /home/travis/build/icyphy/ptII/ptolemy/actor/lib/test/auto/RecordAssemblerDisplayNameTest.xml (RunModel)" time="3.955" />
  <testcase classname="ptolemy.util.test.junit.AutoTests" name="[311] /home/travis/build/icyphy/ptII/ptolemy/actor/lib/test/auto/RecordAssemblerTypeError.xml (RunModel)" time="0.039" />
  <testcase classname="ptolemy.util.test.junit.AutoTests" name="[312] /home/travis/build/icyphy/ptII/ptolemy/actor/lib/test/auto/RecordDisassember.xml (RunModel)" time="0.017" />
  <testcase classname="ptolemy.util.test.junit.AutoTests" name="[313] /home/travis/build/icyphy/ptII/ptolemy/actor/lib/test/auto/RecordDisassemberDisplayNameTest.xml (RunModel)" time="0.022" />
  <testcase classname="ptolemy.util.test.junit.AutoTests" name="[314] /home/travis/build/icyphy/ptII/ptolemy/actor/lib/test/auto/RecordDisassembler.xml (RunModel)" time="0.013" />
  <testcase classname="ptolemy.util.test.junit.AutoTests" name="[315] /home/travis/build/icyphy/ptII/ptolemy/actor/lib/test/auto/RecordDisassembler2.xml (RunModel)" time="0.01" />
  <testcase classname="ptolemy.util.test.junit.AutoTests" name="[316] /home/travis/build/icyphy/ptII/ptolemy/actor/lib/test/auto/RecordUpdater.xml (RunModel)" time="0.008" />
  <testcase classname="ptolemy.util.test.junit.AutoTests" name="[317] /home/travis/build/icyphy/ptII/ptolemy/actor/lib/test/auto/RecordUpdater2.xml (RunModel)" time="0.008" />
  <testcase classname="ptolemy.util.test.junit.AutoTests" name="[318] /home/travis/build/icyphy/ptII/ptolemy/actor/lib/test/auto/RecursiveLattice.xml (RunModel)" time="0.008" />
  <testcase classname="ptolemy.util.test.junit.AutoTests" name="[319] /home/travis/build/icyphy/ptII/ptolemy/actor/lib/test/auto/Router.xml (RunModel)" time="3.024" />
  <testcase classname="ptolemy.util.test.junit.AutoTests" name="[320] /home/travis/build/icyphy/ptII/ptolemy/actor/lib/test/auto/Router2.xml (RunModel)" time="3.025" />
  <testcase classname="ptolemy.util.test.junit.AutoTests" name="[321] /home/travis/build/icyphy/ptII/ptolemy/actor/lib/test/auto/RunningMaximum.xml (RunModel)" time="0.016" />
  <testcase classname="ptolemy.util.test.junit.AutoTests" name="[322] /home/travis/build/icyphy/ptII/ptolemy/actor/lib/test/auto/RunningMinimum.xml (RunModel)" time="0.027" />
  <testcase classname="ptolemy.util.test.junit.AutoTests" name="[323] /home/travis/build/icyphy/ptII/ptolemy/actor/lib/test/auto/Scale.xml (RunModel)" time="0.011" />
  <testcase classname="ptolemy.util.test.junit.AutoTests" name="[324] /home/travis/build/icyphy/ptII/ptolemy/actor/lib/test/auto/Scale2.xml (RunModel)" time="0.008" />
  <testcase classname="ptolemy.util.test.junit.AutoTests" name="[325] /home/travis/build/icyphy/ptII/ptolemy/actor/lib/test/auto/Scale3.xml (RunModel)" time="0.012" />
  <testcase classname="ptolemy.util.test.junit.AutoTests" name="[326] /home/travis/build/icyphy/ptII/ptolemy/actor/lib/test/auto/ScaleArray.xml (RunModel)" time="0.008" />
  <testcase classname="ptolemy.util.test.junit.AutoTests" name="[327] /home/travis/build/icyphy/ptII/ptolemy/actor/lib/test/auto/ScaleArray2.xml (RunModel)" time="0.006" />
  <testcase classname="ptolemy.util.test.junit.AutoTests" name="[328] /home/travis/build/icyphy/ptII/ptolemy/actor/lib/test/auto/ScaleMatrix.xml (RunModel)" time="0.159" />
  <testcase classname="ptolemy.util.test.junit.AutoTests" name="[329] /home/travis/build/icyphy/ptII/ptolemy/actor/lib/test/auto/Select.xml (RunModel)" time="0.013" />
  <testcase classname="ptolemy.util.test.junit.AutoTests" name="[330] /home/travis/build/icyphy/ptII/ptolemy/actor/lib/test/auto/Select2.xml (RunModel)" time="0.009" />
  <testcase classname="ptolemy.util.test.junit.AutoTests" name="[331] /home/travis/build/icyphy/ptII/ptolemy/actor/lib/test/auto/SequenceToArray2.xml (RunModel)" time="0.148" />
  <testcase classname="ptolemy.util.test.junit.AutoTests" name="[332] /home/travis/build/icyphy/ptII/ptolemy/actor/lib/test/auto/SequentialClock.xml (RunModel)" time="0.014" />
  <testcase classname="ptolemy.util.test.junit.AutoTests" name="[333] /home/travis/build/icyphy/ptII/ptolemy/actor/lib/test/auto/SetVariable.xml (RunModel)" time="0.014" />
  <testcase classname="ptolemy.util.test.junit.AutoTests" name="[334] /home/travis/build/icyphy/ptII/ptolemy/actor/lib/test/auto/SetVariable2.xml (RunModel)" time="0.01" />
  <testcase classname="ptolemy.util.test.junit.AutoTests" name="[335] /home/travis/build/icyphy/ptII/ptolemy/actor/lib/test/auto/SetVariable3.xml (RunModel)" time="0.015" />
  <testcase classname="ptolemy.util.test.junit.AutoTests" name="[336] /home/travis/build/icyphy/ptII/ptolemy/actor/lib/test/auto/SetVariable4.xml (RunModel)" time="0.03" />
  <testcase classname="ptolemy.util.test.junit.AutoTests" name="[337] /home/travis/build/icyphy/ptII/ptolemy/actor/lib/test/auto/SetVariable5.xml (RunModel)" time="0.038" />
  <testcase classname="ptolemy.util.test.junit.AutoTests" name="[338] /home/travis/build/icyphy/ptII/ptolemy/actor/lib/test/auto/Sinewave.xml (RunModel)" time="0.023" />
  <testcase classname="ptolemy.util.test.junit.AutoTests" name="[339] /home/travis/build/icyphy/ptII/ptolemy/actor/lib/test/auto/Sinewave2.xml (RunModel)" time="0.018" />
  <testcase classname="ptolemy.util.test.junit.AutoTests" name="[340] /home/travis/build/icyphy/ptII/ptolemy/actor/lib/test/auto/Sinewave3.xml (RunModel)" time="0.017" />
  <testcase classname="ptolemy.util.test.junit.AutoTests" name="[341] /home/travis/build/icyphy/ptII/ptolemy/actor/lib/test/auto/SingleEvent.xml (RunModel)" time="0.006" />
  <testcase classname="ptolemy.util.test.junit.AutoTests" name="[342] /home/travis/build/icyphy/ptII/ptolemy/actor/lib/test/auto/Sleep.xml (RunModel)" time="6.018" />
  <testcase classname="ptolemy.util.test.junit.AutoTests" name="[343] /home/travis/build/icyphy/ptII/ptolemy/actor/lib/test/auto/SleepMultipleFire.xml (RunModel)" time="1.017" />
  <testcase classname="ptolemy.util.test.junit.AutoTests" name="[344] /home/travis/build/icyphy/ptII/ptolemy/actor/lib/test/auto/StopDE.xml (RunModel)" time="0.014" />
  <testcase classname="ptolemy.util.test.junit.AutoTests" name="[345] /home/travis/build/icyphy/ptII/ptolemy/actor/lib/test/auto/StopSDF.xml (RunModel)" time="0.011" />
  <testcase classname="ptolemy.util.test.junit.AutoTests" name="[346] /home/travis/build/icyphy/ptII/ptolemy/actor/lib/test/auto/StringConstant.xml (RunModel)" time="0.016" />
  <testcase classname="ptolemy.util.test.junit.AutoTests" name="[347] /home/travis/build/icyphy/ptII/ptolemy/actor/lib/test/auto/SubscriberPortInitialValues1.xml (RunModel)" time="0.023" />
  <testcase classname="ptolemy.util.test.junit.AutoTests" name="[348] /home/travis/build/icyphy/ptII/ptolemy/actor/lib/test/auto/SubscriberPortInitialValues13.xml (RunModel)" time="0.025" />
  <testcase classname="ptolemy.util.test.junit.AutoTests" name="[349] /home/travis/build/icyphy/ptII/ptolemy/actor/lib/test/auto/SubscriberPortInitialValues14.xml (RunModel)" time="0.013" />
  <testcase classname="ptolemy.util.test.junit.AutoTests" name="[350] /home/travis/build/icyphy/ptII/ptolemy/actor/lib/test/auto/SubscriberPortInitialValues2.xml (RunModel)" time="0.015" />
  <testcase classname="ptolemy.util.test.junit.AutoTests" name="[351] /home/travis/build/icyphy/ptII/ptolemy/actor/lib/test/auto/SubscriberPortInitialValues3.xml (RunModel)" time="0.018" />
  <testcase classname="ptolemy.util.test.junit.AutoTests" name="[352] /home/travis/build/icyphy/ptII/ptolemy/actor/lib/test/auto/SubscriptionAggregator.xml (RunModel)" time="0.01" />
  <testcase classname="ptolemy.util.test.junit.AutoTests" name="[353] /home/travis/build/icyphy/ptII/ptolemy/actor/lib/test/auto/SubscriptionAggregator2.xml (RunModel)" time="0.01" />
  <testcase classname="ptolemy.util.test.junit.AutoTests" name="[354] /home/travis/build/icyphy/ptII/ptolemy/actor/lib/test/auto/SubscriptionAggregator3.xml (RunModel)" time="0.015" />
  <testcase classname="ptolemy.util.test.junit.AutoTests" name="[355] /home/travis/build/icyphy/ptII/ptolemy/actor/lib/test/auto/SubscriptionAggregatorMultiply.xml (RunModel)" time="0.013" />
  <testcase classname="ptolemy.util.test.junit.AutoTests" name="[356] /home/travis/build/icyphy/ptII/ptolemy/actor/lib/test/auto/SubscriptionAggregatorPortMultiply1.xml (RunModel)" time="0.011" />
  <testcase classname="ptolemy.util.test.junit.AutoTests" name="[357] /home/travis/build/icyphy/ptII/ptolemy/actor/lib/test/auto/Switch.xml (RunModel)" time="0.015" />
  <testcase classname="ptolemy.util.test.junit.AutoTests" name="[358] /home/travis/build/icyphy/ptII/ptolemy/actor/lib/test/auto/Switch2.xml (RunModel)" time="0.011" />
  <testcase classname="ptolemy.util.test.junit.AutoTests" name="[359] /home/travis/build/icyphy/ptII/ptolemy/actor/lib/test/auto/SwitchDE.xml (RunModel)" time="0.01" />
  <testcase classname="ptolemy.util.test.junit.AutoTests" name="[360] /home/travis/build/icyphy/ptII/ptolemy/actor/lib/test/auto/SynchronizerDE.xml (RunModel)" time="0.019" />
  <testcase classname="ptolemy.util.test.junit.AutoTests" name="[361] /home/travis/build/icyphy/ptII/ptolemy/actor/lib/test/auto/Test.xml (RunModel)" time="0.008" />
  <testcase classname="ptolemy.util.test.junit.AutoTests" name="[362] /home/travis/build/icyphy/ptII/ptolemy/actor/lib/test/auto/TestExceptionAttribute1.xml (RunModel)" time="0.005" />
  <testcase classname="ptolemy.util.test.junit.AutoTests" name="[363] /home/travis/build/icyphy/ptII/ptolemy/actor/lib/test/auto/TestExceptionAttribute2.xml (RunModel)" time="0.006" />
  <testcase classname="ptolemy.util.test.junit.AutoTests" name="[364] /home/travis/build/icyphy/ptII/ptolemy/actor/lib/test/auto/TestExceptionAttribute3.xml (RunModel)" time="0.008" />
  <testcase classname="ptolemy.util.test.junit.AutoTests" name="[365] /home/travis/build/icyphy/ptII/ptolemy/actor/lib/test/auto/TestExceptionAttribute4.xml (RunModel)" time="0.006" />
  <testcase classname="ptolemy.util.test.junit.AutoTests" name="[366] /home/travis/build/icyphy/ptII/ptolemy/actor/lib/test/auto/TestExceptionHandler1.xml (RunModel)" time="0.008" />
  <testcase classname="ptolemy.util.test.junit.AutoTests" name="[367] /home/travis/build/icyphy/ptII/ptolemy/actor/lib/test/auto/TestExceptionHandler2.xml (RunModel)" time="0.009" />
  <testcase classname="ptolemy.util.test.junit.AutoTests" name="[368] /home/travis/build/icyphy/ptII/ptolemy/actor/lib/test/auto/TestExceptionHandler3.xml (RunModel)" time="0.004" />
  <testcase classname="ptolemy.util.test.junit.AutoTests" name="[369] /home/travis/build/icyphy/ptII/ptolemy/actor/lib/test/auto/TestExceptionHandler4.xml (RunModel)" time="0.004" />
  <testcase classname="ptolemy.util.test.junit.AutoTests" name="[370] /home/travis/build/icyphy/ptII/ptolemy/actor/lib/test/auto/TestRequireCorrectOrder.xml (RunModel)" time="0.016" />
  <testcase classname="ptolemy.util.test.junit.AutoTests" name="[371] /home/travis/build/icyphy/ptII/ptolemy/actor/lib/test/auto/TestSimple.xml (RunModel)" time="0.007" />
  <testcase classname="ptolemy.util.test.junit.AutoTests" name="[372] /home/travis/build/icyphy/ptII/ptolemy/actor/lib/test/auto/ThrowModelError.xml (RunModel)" time="0.008" />
  <testcase classname="ptolemy.util.test.junit.AutoTests" name="[373] /home/travis/build/icyphy/ptII/ptolemy/actor/lib/test/auto/TimeDelayMicrosteps.xml (RunModel)" time="0.012" />
  <testcase classname="ptolemy.util.test.junit.AutoTests" name="[374] /home/travis/build/icyphy/ptII/ptolemy/actor/lib/test/auto/TimeDelayMicrosteps2.xml (RunModel)" time="0.014" />
  <testcase classname="ptolemy.util.test.junit.AutoTests" name="[375] /home/travis/build/icyphy/ptII/ptolemy/actor/lib/test/auto/TimeDelayMicrosteps3.xml (RunModel)" time="0.011" />
  <testcase classname="ptolemy.util.test.junit.AutoTests" name="[376] /home/travis/build/icyphy/ptII/ptolemy/actor/lib/test/auto/TimeDelayVariableMicrosteps.xml (RunModel)" time="0.01" />
  <testcase classname="ptolemy.util.test.junit.AutoTests" name="[377] /home/travis/build/icyphy/ptII/ptolemy/actor/lib/test/auto/TimeGap.xml (RunModel)" time="0.015" />
  <testcase classname="ptolemy.util.test.junit.AutoTests" name="[378] /home/travis/build/icyphy/ptII/ptolemy/actor/lib/test/auto/TimeGap2.xml (RunModel)" time="0.009" />
  <testcase classname="ptolemy.util.test.junit.AutoTests" name="[379] /home/travis/build/icyphy/ptII/ptolemy/actor/lib/test/auto/TimedSinewave.xml (RunModel)" time="0.049" />
  <testcase classname="ptolemy.util.test.junit.AutoTests" name="[380] /home/travis/build/icyphy/ptII/ptolemy/actor/lib/test/auto/TimedSinewavePhase.xml (RunModel)" time="0.037" />
  <testcase classname="ptolemy.util.test.junit.AutoTests" name="[381] /home/travis/build/icyphy/ptII/ptolemy/actor/lib/test/auto/Timer.xml (RunModel)" time="0.02" />
  <testcase classname="ptolemy.util.test.junit.AutoTests" name="[382] /home/travis/build/icyphy/ptII/ptolemy/actor/lib/test/auto/TriangularDistTestModel.xml (RunModel)" time="0.015" />
  <testcase classname="ptolemy.util.test.junit.AutoTests" name="[383] /home/travis/build/icyphy/ptII/ptolemy/actor/lib/test/auto/TrigFunction.xml (RunModel)" time="0.007" />
  <testcase classname="ptolemy.util.test.junit.AutoTests" name="[384] /home/travis/build/icyphy/ptII/ptolemy/actor/lib/test/auto/TrigFunctionDE.xml (RunModel)" time="0.01" />
  <testcase classname="ptolemy.util.test.junit.AutoTests" name="[385] /home/travis/build/icyphy/ptII/ptolemy/actor/lib/test/auto/TrigFunctionInverse.xml (RunModel)" time="0.008" />
  <testcase classname="ptolemy.util.test.junit.AutoTests" name="[386] /home/travis/build/icyphy/ptII/ptolemy/actor/lib/test/auto/TrigFunctionTan.xml (RunModel)" time="0.005" />
  <testcase classname="ptolemy.util.test.junit.AutoTests" name="[387] /home/travis/build/icyphy/ptII/ptolemy/actor/lib/test/auto/TriggeredClock.xml (RunModel)" time="0.04" />
  <testcase classname="ptolemy.util.test.junit.AutoTests" name="[388] /home/travis/build/icyphy/ptII/ptolemy/actor/lib/test/auto/URLDirectoryReader.xml (RunModel)" time="0.114" />
  <testcase classname="ptolemy.util.test.junit.AutoTests" name="[389] /home/travis/build/icyphy/ptII/ptolemy/actor/lib/test/auto/URLDirectoryReader3.xml (RunModel)" time="1.34" />
  <testcase classname="ptolemy.util.test.junit.AutoTests" name="[390] /home/travis/build/icyphy/ptII/ptolemy/actor/lib/test/auto/UnaryMathFunction.xml (RunModel)" time="0.042" />
  <testcase classname="ptolemy.util.test.junit.AutoTests" name="[391] /home/travis/build/icyphy/ptII/ptolemy/actor/lib/test/auto/Uniform.xml (RunModel)" time="0.013" />
  <testcase classname="ptolemy.util.test.junit.AutoTests" name="[392] /home/travis/build/icyphy/ptII/ptolemy/actor/lib/test/auto/UnionDisassemblerTest.xml (RunModel)" time="0.02" />
  <testcase classname="ptolemy.util.test.junit.AutoTests" name="[393] /home/travis/build/icyphy/ptII/ptolemy/actor/lib/test/auto/UtilityFunctions.xml (RunModel)" time="0.007" />
  <testcase classname="ptolemy.util.test.junit.AutoTests" name="[394] /home/travis/build/icyphy/ptII/ptolemy/actor/lib/test/auto/VariableSleep.xml (RunModel)" time="0.511" />
  <testcase classname="ptolemy.util.test.junit.AutoTests" name="[395] /home/travis/build/icyphy/ptII/ptolemy/actor/lib/test/auto/VectorAssemblerDisassemblerCT.xml (RunModel)" time="0.092" />
  <testcase classname="ptolemy.util.test.junit.AutoTests" name="[396] /home/travis/build/icyphy/ptII/ptolemy/actor/lib/test/auto/VectorAssemblerDisassemblerDE.xml (RunModel)" time="0.014" />
  <testcase classname="ptolemy.util.test.junit.AutoTests" name="[397] /home/travis/build/icyphy/ptII/ptolemy/actor/lib/test/auto/VectorAssemblerDisassemblerSDF.xml (RunModel)" time="0.011" />
  <testcase classname="ptolemy.util.test.junit.AutoTests" name="[398] /home/travis/build/icyphy/ptII/ptolemy/actor/lib/test/auto/WallClockTime.xml (RunModel)" time="1.011" />
  <testcase classname="ptolemy.util.test.junit.AutoTests" name="[399] /home/travis/build/icyphy/ptII/ptolemy/actor/lib/test/auto/WidthTestWithSubscriberPublisher.xml (RunModel)" time="0.046" />
  <testcase classname="ptolemy.util.test.junit.AutoTests" name="[400] /home/travis/build/icyphy/ptII/ptolemy/actor/lib/test/auto/WidthTestWithSubscriberPublisher2.xml (RunModel)" time="0.016" />
  <testcase classname="ptolemy.util.test.junit.AutoTests" name="[401] /home/travis/build/icyphy/ptII/ptolemy/actor/lib/test/auto/WidthTestWithSubscriberPublisher3.xml (RunModel)" time="0.01" />
  <testcase classname="ptolemy.util.test.junit.AutoTests" name="[402] /home/travis/build/icyphy/ptII/ptolemy/actor/lib/test/auto/Writer.xml (RunModel)" time="0.008" />
  <testcase classname="ptolemy.util.test.junit.AutoTests" name="[403] /home/travis/build/icyphy/ptII/ptolemy/actor/lib/test/auto/array.xml (RunModel)" time="0.009" />
  <testcase classname="ptolemy.util.test.junit.AutoTests" name="[404] /home/travis/build/icyphy/ptII/ptolemy/actor/lib/test/auto/array2.xml (RunModel)" time="0.017" />
  <testcase classname="ptolemy.util.test.junit.AutoTests" name="[405] /home/travis/build/icyphy/ptII/ptolemy/actor/lib/test/auto/arrayType.xml (RunModel)" time="0.015" />
  <testcase classname="ptolemy.util.test.junit.AutoTests" name="[406] /home/travis/build/icyphy/ptII/ptolemy/actor/lib/test/auto/arrayType10.xml (RunModel)" time="0.009" />
  <testcase classname="ptolemy.util.test.junit.AutoTests" name="[407] /home/travis/build/icyphy/ptII/ptolemy/actor/lib/test/auto/arrayType11.xml (RunModel)" time="0.01" />
  <testcase classname="ptolemy.util.test.junit.AutoTests" name="[408] /home/travis/build/icyphy/ptII/ptolemy/actor/lib/test/auto/arrayType12.xml (RunModel)" time="0.009" />
  <testcase classname="ptolemy.util.test.junit.AutoTests" name="[409] /home/travis/build/icyphy/ptII/ptolemy/actor/lib/test/auto/arrayType13.xml (RunModel)" time="0.009" />
  <testcase classname="ptolemy.util.test.junit.AutoTests" name="[410] /home/travis/build/icyphy/ptII/ptolemy/actor/lib/test/auto/arrayType14.xml (RunModel)" time="0.009" />
  <testcase classname="ptolemy.util.test.junit.AutoTests" name="[411] /home/travis/build/icyphy/ptII/ptolemy/actor/lib/test/auto/arrayType15.xml (RunModel)" time="0.01" />
  <testcase classname="ptolemy.util.test.junit.AutoTests" name="[412] /home/travis/build/icyphy/ptII/ptolemy/actor/lib/test/auto/arrayType16.xml (RunModel)" time="0.009" />
  <testcase classname="ptolemy.util.test.junit.AutoTests" name="[413] /home/travis/build/icyphy/ptII/ptolemy/actor/lib/test/auto/arrayType17.xml (RunModel)" time="0.009" />
  <testcase classname="ptolemy.util.test.junit.AutoTests" name="[414] /home/travis/build/icyphy/ptII/ptolemy/actor/lib/test/auto/arrayType18.xml (RunModel)" time="0.01" />
  <testcase classname="ptolemy.util.test.junit.AutoTests" name="[415] /home/travis/build/icyphy/ptII/ptolemy/actor/lib/test/auto/arrayType19.xml (RunModel)" time="0.008" />
  <testcase classname="ptolemy.util.test.junit.AutoTests" name="[416] /home/travis/build/icyphy/ptII/ptolemy/actor/lib/test/auto/arrayType2.xml (RunModel)" time="0.009" />
  <testcase classname="ptolemy.util.test.junit.AutoTests" name="[417] /home/travis/build/icyphy/ptII/ptolemy/actor/lib/test/auto/arrayType20.xml (RunModel)" time="0.009" />
  <testcase classname="ptolemy.util.test.junit.AutoTests" name="[418] /home/travis/build/icyphy/ptII/ptolemy/actor/lib/test/auto/arrayType21.xml (RunModel)" time="0.008" />
  <testcase classname="ptolemy.util.test.junit.AutoTests" name="[419] /home/travis/build/icyphy/ptII/ptolemy/actor/lib/test/auto/arrayType22.xml (RunModel)" time="0.009" />
  <testcase classname="ptolemy.util.test.junit.AutoTests" name="[420] /home/travis/build/icyphy/ptII/ptolemy/actor/lib/test/auto/arrayType23.xml (RunModel)" time="0.009" />
  <testcase classname="ptolemy.util.test.junit.AutoTests" name="[421] /home/travis/build/icyphy/ptII/ptolemy/actor/lib/test/auto/arrayType24.xml (RunModel)" time="0.009" />
  <testcase classname="ptolemy.util.test.junit.AutoTests" name="[422] /home/travis/build/icyphy/ptII/ptolemy/actor/lib/test/auto/arrayType25.xml (RunModel)" time="0.009" />
  <testcase classname="ptolemy.util.test.junit.AutoTests" name="[423] /home/travis/build/icyphy/ptII/ptolemy/actor/lib/test/auto/arrayType26.xml (RunModel)" time="0.008" />
  <testcase classname="ptolemy.util.test.junit.AutoTests" name="[424] /home/travis/build/icyphy/ptII/ptolemy/actor/lib/test/auto/arrayType27.xml (RunModel)" time="0.008" />
  <testcase classname="ptolemy.util.test.junit.AutoTests" name="[425] /home/travis/build/icyphy/ptII/ptolemy/actor/lib/test/auto/arrayType28.xml (RunModel)" time="0.008" />
  <testcase classname="ptolemy.util.test.junit.AutoTests" name="[426] /home/travis/build/icyphy/ptII/ptolemy/actor/lib/test/auto/arrayType3.xml (RunModel)" time="0.008" />
  <testcase classname="ptolemy.util.test.junit.AutoTests" name="[427] /home/travis/build/icyphy/ptII/ptolemy/actor/lib/test/auto/arrayType4.xml (RunModel)" time="0.008" />
  <testcase classname="ptolemy.util.test.junit.AutoTests" name="[428] /home/travis/build/icyphy/ptII/ptolemy/actor/lib/test/auto/arrayType5.xml (RunModel)" time="0.009" />
  <testcase classname="ptolemy.util.test.junit.AutoTests" name="[429] /home/travis/build/icyphy/ptII/ptolemy/actor/lib/test/auto/arrayType6.xml (RunModel)" time="0.008" />
  <testcase classname="ptolemy.util.test.junit.AutoTests" name="[430] /home/travis/build/icyphy/ptII/ptolemy/actor/lib/test/auto/arrayType7.xml (RunModel)" time="0.018" />
  <testcase classname="ptolemy.util.test.junit.AutoTests" name="[431] /home/travis/build/icyphy/ptII/ptolemy/actor/lib/test/auto/arrayType8.xml (RunModel)" time="0.018" />
  <testcase classname="ptolemy.util.test.junit.AutoTests" name="[432] /home/travis/build/icyphy/ptII/ptolemy/actor/lib/test/auto/arrayType9.xml (RunModel)" time="0.036" />
  <testcase classname="ptolemy.util.test.junit.AutoTests" name="[433] /home/travis/build/icyphy/ptII/ptolemy/actor/lib/test/auto/cast.xml (RunModel)" time="0.032" />
  <testcase classname="ptolemy.util.test.junit.AutoTests" name="[434] /home/travis/build/icyphy/ptII/ptolemy/actor/lib/test/auto/compositeMultiPort.xml (RunModel)" time="0.049" />
  <testcase classname="ptolemy.util.test.junit.AutoTests" name="[435] /home/travis/build/icyphy/ptII/ptolemy/actor/lib/test/auto/expressionCastInference.xml (RunModel)" time="0.054" />
  <testcase classname="ptolemy.util.test.junit.AutoTests" name="[436] /home/travis/build/icyphy/ptII/ptolemy/actor/lib/test/auto/expressionCastInference2.xml (RunModel)" time="0.016" />
  <testcase classname="ptolemy.util.test.junit.AutoTests" name="[437] /home/travis/build/icyphy/ptII/ptolemy/actor/lib/test/auto/expressionInference.xml (RunModel)" time="0.007" />
  <testcase classname="ptolemy.util.test.junit.AutoTests" name="[438] /home/travis/build/icyphy/ptII/ptolemy/actor/lib/test/auto/expression_bug.xml (RunModel)" time="0.008" />
  <testcase classname="ptolemy.util.test.junit.AutoTests" name="[439] /home/travis/build/icyphy/ptII/ptolemy/actor/lib/test/auto/factorial.xml (RunModel)" time="0.07" />
  <testcase classname="ptolemy.util.test.junit.AutoTests" name="[440] /home/travis/build/icyphy/ptII/ptolemy/actor/lib/test/auto/filterTest1.xml (RunModel)" time="0.014" />
  <testcase classname="ptolemy.util.test.junit.AutoTests" name="[441] /home/travis/build/icyphy/ptII/ptolemy/actor/lib/test/auto/funcApplyInConst.xml (RunModel)" time="0.005" />
  <testcase classname="ptolemy.util.test.junit.AutoTests" name="[442] /home/travis/build/icyphy/ptII/ptolemy/actor/lib/test/auto/funcApplyInExpr.xml (RunModel)" time="0.005" />
  <testcase classname="ptolemy.util.test.junit.AutoTests" name="[443] /home/travis/build/icyphy/ptII/ptolemy/actor/lib/test/auto/function.xml (RunModel)" time="0.007" />
  <testcase classname="ptolemy.util.test.junit.AutoTests" name="[444] /home/travis/build/icyphy/ptII/ptolemy/actor/lib/test/auto/function2.xml (RunModel)" time="0.007" />
  <testcase classname="ptolemy.util.test.junit.AutoTests" name="[445] /home/travis/build/icyphy/ptII/ptolemy/actor/lib/test/auto/function3.xml (RunModel)" time="0.005" />
  <testcase classname="ptolemy.util.test.junit.AutoTests" name="[446] /home/travis/build/icyphy/ptII/ptolemy/actor/lib/test/auto/functionClosureTest1.xml (RunModel)" time="0.008" />
  <testcase classname="ptolemy.util.test.junit.AutoTests" name="[447] /home/travis/build/icyphy/ptII/ptolemy/actor/lib/test/auto/functionClosureTest2.xml (RunModel)" time="0.005" />
  <testcase classname="ptolemy.util.test.junit.AutoTests" name="[448] /home/travis/build/icyphy/ptII/ptolemy/actor/lib/test/auto/functionClosureTest3.xml (RunModel)" time="0.008" />
  <testcase classname="ptolemy.util.test.junit.AutoTests" name="[449] /home/travis/build/icyphy/ptII/ptolemy/actor/lib/test/auto/functionClosureTest4.xml (RunModel)" time="0.014" />
  <testcase classname="ptolemy.util.test.junit.AutoTests" name="[450] /home/travis/build/icyphy/ptII/ptolemy/actor/lib/test/auto/functionClosureTest5.xml (RunModel)" time="0.012" />
  <testcase classname="ptolemy.util.test.junit.AutoTests" name="[451] /home/travis/build/icyphy/ptII/ptolemy/actor/lib/test/auto/functionClosureTest6.xml (RunModel)" time="0.006" />
  <testcase classname="ptolemy.util.test.junit.AutoTests" name="[452] /home/travis/build/icyphy/ptII/ptolemy/actor/lib/test/auto/functionsOnArcs.xml (RunModel)" time="0.01" />
  <testcase classname="ptolemy.util.test.junit.AutoTests" name="[453] /home/travis/build/icyphy/ptII/ptolemy/actor/lib/test/auto/functionsOnArcsHOF.xml (RunModel)" time="0.011" />
  <testcase classname="ptolemy.util.test.junit.AutoTests" name="[454] /home/travis/build/icyphy/ptII/ptolemy/actor/lib/test/auto/logic.xml (RunModel)" time="0.016" />
  <testcase classname="ptolemy.util.test.junit.AutoTests" name="[455] /home/travis/build/icyphy/ptII/ptolemy/actor/lib/test/auto/matrixType.xml (RunModel)" time="0.007" />
  <testcase classname="ptolemy.util.test.junit.AutoTests" name="[456] /home/travis/build/icyphy/ptII/ptolemy/actor/lib/test/auto/matrixType10.xml (RunModel)" time="0.007" />
  <testcase classname="ptolemy.util.test.junit.AutoTests" name="[457] /home/travis/build/icyphy/ptII/ptolemy/actor/lib/test/auto/matrixType11.xml (RunModel)" time="0.007" />
  <testcase classname="ptolemy.util.test.junit.AutoTests" name="[458] /home/travis/build/icyphy/ptII/ptolemy/actor/lib/test/auto/matrixType12.xml (RunModel)" time="0.009" />
  <testcase classname="ptolemy.util.test.junit.AutoTests" name="[459] /home/travis/build/icyphy/ptII/ptolemy/actor/lib/test/auto/matrixType13.xml (RunModel)" time="0.007" />
  <testcase classname="ptolemy.util.test.junit.AutoTests" name="[460] /home/travis/build/icyphy/ptII/ptolemy/actor/lib/test/auto/matrixType14.xml (RunModel)" time="0.008" />
  <testcase classname="ptolemy.util.test.junit.AutoTests" name="[461] /home/travis/build/icyphy/ptII/ptolemy/actor/lib/test/auto/matrixType2.xml (RunModel)" time="0.007" />
  <testcase classname="ptolemy.util.test.junit.AutoTests" name="[462] /home/travis/build/icyphy/ptII/ptolemy/actor/lib/test/auto/matrixType3.xml (RunModel)" time="0.009" />
  <testcase classname="ptolemy.util.test.junit.AutoTests" name="[463] /home/travis/build/icyphy/ptII/ptolemy/actor/lib/test/auto/matrixType4.xml (RunModel)" time="0.007" />
  <testcase classname="ptolemy.util.test.junit.AutoTests" name="[464] /home/travis/build/icyphy/ptII/ptolemy/actor/lib/test/auto/matrixType5.xml (RunModel)" time="0.007" />
  <testcase classname="ptolemy.util.test.junit.AutoTests" name="[465] /home/travis/build/icyphy/ptII/ptolemy/actor/lib/test/auto/matrixType6.xml (RunModel)" time="0.006" />
  <testcase classname="ptolemy.util.test.junit.AutoTests" name="[466] /home/travis/build/icyphy/ptII/ptolemy/actor/lib/test/auto/matrixType7.xml (RunModel)" time="0.006" />
  <testcase classname="ptolemy.util.test.junit.AutoTests" name="[467] /home/travis/build/icyphy/ptII/ptolemy/actor/lib/test/auto/matrixType8.xml (RunModel)" time="0.008" />
  <testcase classname="ptolemy.util.test.junit.AutoTests" name="[468] /home/travis/build/icyphy/ptII/ptolemy/actor/lib/test/auto/matrixType9.xml (RunModel)" time="0.007" />
  <testcase classname="ptolemy.util.test.junit.AutoTests" name="[469] /home/travis/build/icyphy/ptII/ptolemy/actor/lib/test/auto/paraFunctest.xml (RunModel)" time="0.006" />
  <testcase classname="ptolemy.util.test.junit.AutoTests" name="[470] /home/travis/build/icyphy/ptII/ptolemy/actor/lib/test/auto/paraFunctest2.xml (RunModel)" time="0.008" />
  <testcase classname="ptolemy.util.test.junit.AutoTests" name="[471] /home/travis/build/icyphy/ptII/ptolemy/actor/lib/test/auto/parameterPassing.xml (RunModel)" time="0.009" />
  <testcase classname="ptolemy.util.test.junit.AutoTests" name="[472] /home/travis/build/icyphy/ptII/ptolemy/actor/lib/test/auto/record.xml (RunModel)" time="0.008" />
  <testcase classname="ptolemy.util.test.junit.AutoTests" name="[473] /home/travis/build/icyphy/ptII/ptolemy/actor/lib/test/auto/sizedarray1.xml (RunModel)" time="0.009" />
  <testcase classname="ptolemy.util.test.junit.AutoTests" name="[474] /home/travis/build/icyphy/ptII/ptolemy/actor/lib/test/auto/sizedarray2.xml (RunModel)" time="0.009" />
  <testcase classname="ptolemy.util.test.junit.AutoTests" name="[475] /home/travis/build/icyphy/ptII/ptolemy/actor/lib/test/auto/twoPublishers.xml (RunModel)" time="0.026" />
  <system-out><![CDATA[/home/travis/build/icyphy/ptII/ptolemy/actor/lib/test/AbsoluteValue.tcl
testDefs.tcl: setting time out to 9000 seconds at Sun Jul 12 15:04:24 UTC 2020
84 ms. Memory: 129024K Free: 93128K (72%)
4 ms. Memory: 129024K Free: 91080K (71%)
5 ms. Memory: 129024K Free: 90559K (70%)
4 ms. Memory: 129024K Free: 89527K (69%)
/home/travis/build/icyphy/ptII/ptolemy/actor/lib/test/AddSubtract.tcl
23 ms. Memory: 129024K Free: 87494K (68%)
13 ms. Memory: 129024K Free: 86984K (67%)
7 ms. Memory: 129024K Free: 85960K (67%)
14 ms. Memory: 129024K Free: 85439K (66%)
45 ms. Memory: 129024K Free: 82374K (64%)
5 ms. Memory: 129024K Free: 81350K (63%)
/home/travis/build/icyphy/ptII/ptolemy/actor/lib/test/Average.tcl
6 ms. Memory: 129024K Free: 79816K (62%)
6 ms. Memory: 129024K Free: 78792K (61%)
/home/travis/build/icyphy/ptII/ptolemy/actor/lib/test/Bernoulli.tcl
5 ms. Memory: 129024K Free: 77239K (60%)
2 ms. Memory: 129024K Free: 76744K (59%)
/home/travis/build/icyphy/ptII/ptolemy/actor/lib/test/Clock.tcl
preinitializing
resolving types
initializing
executing number 1
wrapping up
idle
34 ms. Memory: 129024K Free: 74182K (57%)
Completed execution with 5 iterations
preinitializing
resolving types
initializing
executing number 1
wrapping up
idle
4 ms. Memory: 129024K Free: 73127K (57%)
Completed execution with 5 iterations
preinitializing
resolving types
initializing
executing number 1
wrapping up
idle
4 ms. Memory: 129024K Free: 72648K (56%)
Completed execution with 5 iterations
/home/travis/build/icyphy/ptII/ptolemy/actor/lib/test/Commutator.tcl
15 ms. Memory: 129024K Free: 70600K (55%)
7 ms. Memory: 129024K Free: 69576K (54%)
18 ms. Memory: 129024K Free: 63911K (50%)
/home/travis/build/icyphy/ptII/ptolemy/actor/lib/test/Const.tcl
4 ms. Memory: 129024K Free: 62408K (48%)
2 ms. Memory: 129024K Free: 61879K (48%)
2 ms. Memory: 129024K Free: 61384K (48%)
2 ms. Memory: 129024K Free: 60863K (47%)
2 ms. Memory: 129024K Free: 60360K (47%)
10 ms. Memory: 129024K Free: 58822K (46%)
4 ms. Memory: 129024K Free: 57288K (44%)
3 ms. Memory: 129024K Free: 56767K (44%)
/home/travis/build/icyphy/ptII/ptolemy/actor/lib/test/CurrentTime.tcl
preinitializing
resolving types
initializing
executing number 1
wrapping up
idle
6 ms. Memory: 129024K Free: 54711K (42%)
Completed execution with 11 iterations
/home/travis/build/icyphy/ptII/ptolemy/actor/lib/test/DB.tcl
11 ms. Memory: 129024K Free: 53192K (41%)
2 ms. Memory: 129024K Free: 52677K (41%)
6 ms. Memory: 129024K Free: 52168K (40%)
/home/travis/build/icyphy/ptII/ptolemy/actor/lib/test/DiscreteRandomSource.tcl
preinitializing
resolving types
initializing
executing number 1
wrapping up
idle
8 ms. Memory: 129024K Free: 50615K (39%)
Completed execution with 4 iterations
preinitializing
resolving types
initializing
executing number 1
wrapping up
idle
2 ms. Memory: 129024K Free: 50120K (39%)
Completed execution with 4 iterations
preinitializing
resolving types
initializing
executing number 1
wrapping up
idle
10 ms. Memory: 129024K Free: 49606K (38%)
Completed execution with 4 iterations
preinitializing
resolving types
initializing
executing number 1
wrapping up
idle
2 ms. Memory: 129024K Free: 49096K (38%)
Completed execution with 4 iterations
preinitializing
resolving types
initializing
executing number 1
wrapping up
idle
3 ms. Memory: 129024K Free: 48582K (38%)
Completed execution with 4 iterations
/home/travis/build/icyphy/ptII/ptolemy/actor/lib/test/Distributor.tcl
20 ms. Memory: 129024K Free: 113626K (88%)
16 ms. Memory: 129024K Free: 113094K (88%)
StreamChangeRequest.changeExecuted(): <deleteEntity name="rec2"/> succeeded
StreamChangeRequest.changeExecuted(): <deleteRelation name="r2"/> succeeded
StreamChangeRequest.changeExecuted(): Record firings per iteration succeeded
4 ms. Memory: 129024K Free: 110537K (86%)
/home/travis/build/icyphy/ptII/ptolemy/actor/lib/test/Exit.tcl
Exit.tcl: this will print a message about Manager.exitAfterWrapup, which can be ignored.
3 ms. Memory: 129024K Free: 107479K (83%)
/home/travis/build/icyphy/ptII/ptolemy/actor/lib/test/Expression.tcl
12 ms. Memory: 129024K Free: 103900K (81%)
2 ms. Memory: 129024K Free: 103399K (80%)
3 ms. Memory: 129024K Free: 102854K (80%)
preinitializing
resolving types
initializing
executing number 1
wrapping up
idle
5 ms. Memory: 129024K Free: 101322K (79%)
Completed execution with 6 iterations
2 ms. Memory: 129024K Free: 100344K (78%)
7 ms. Memory: 129024K Free: 99796K (77%)
5 ms. Memory: 129024K Free: 98265K (76%)
11 ms. Memory: 129024K Free: 97241K (75%)
3 ms. Memory: 129024K Free: 95694K (74%)
/home/travis/build/icyphy/ptII/ptolemy/actor/lib/test/Gaussian.tcl
8 ms. Memory: 129024K Free: 94199K (73%)
sleeping 1 seconds: .............................................................................................................................................................................................................................................................................................................................................................................................................................................................................................................................................................................................................................................................................................................................................................................................................................................................................................................................................................................................................................................................................................................................................................................................................................................................................................................................................................................................................................................................................................................................................................................................................................................................................................................................................................................................................................................................................................................................................................................................................................................................................................................................................................................................................................................................................................................................................................................................................................................................................................................................................................................................................................................................................................................................................................................................................................................................................................................................................................................................................................................................................................................................................................................................................................................................................................................................................................................................................................................................................................................................................................................................................................................................................................................................................................................................................................................................................................................................................................................................................................................................................................................................................................................................................................................................................................................................................................................................................................................................................................................................................................................................................................................................................................................................................................................................................................................................................................................................................................................................................................................................................................................................................................................................................................................................................................................................................................................................................................................................................................................................................................................................................................................................................................................................................................................................................................................................................................................................................................................................................................................................................................................................................................................................................................................................................................................................................................................................................................................................................................................................................................................................................................................................................................................................................................................................................................................................................................................................................................................................................................................................................................................................................................................................................................................................................................................................................................................................................................................................................................................................................................................................................................................................................................................................................................................................................................................................................................................................................................................................................................................................................................................................................................................................................................................................................................................................................................................................................................................................................................................................................................................................................................................................................................................................................................................................................................................................................................................................................................................................................................................................................................................................................................................................................................................................................................................................................................................................................................................................................................................................................................................................................................................................................................................................................................................................................................................................................................................................................................................................................................................................................................................................................................................................................................................................................................................................................................................................................................................................................................................................................................................................................................................................................................................................................................................................................................................................................................................................................................................................................................................................................................................................................................................................................................................................................................................................................................................................................................................................................................................................................................................................................................................................................................................................................................................................................................................................................................................................................................................................................................................................................................................................................................................................................................................................................................................................................................................................................4 ms. Memory: 129024K Free: 103342K (80%)
3 ms. Memory: 129024K Free: 102324K (79%)
2 ms. Memory: 129024K Free: 101814K (79%)
4 ms. Memory: 129024K Free: 101101K (78%)
5 ms. Memory: 129024K Free: 100276K (78%)
/home/travis/build/icyphy/ptII/ptolemy/actor/lib/test/IIR.tcl
/home/travis/build/icyphy/ptII/ptolemy/actor/lib/test/Interpolator.tcl
4 ms. Memory: 129024K Free: 96694K (75%)
2 ms. Memory: 129024K Free: 96166K (75%)
5 ms. Memory: 129024K Free: 95670K (74%)
2 ms. Memory: 129024K Free: 95156K (74%)
11 ms. Memory: 129024K Free: 94118K (73%)
2 ms. Memory: 129024K Free: 93108K (72%)
2 ms. Memory: 129024K Free: 92598K (72%)
2 ms. Memory: 129024K Free: 91574K (71%)
2 ms. Memory: 129024K Free: 90550K (70%)
5 ms. Memory: 129024K Free: 89526K (69%)
/home/travis/build/icyphy/ptII/ptolemy/actor/lib/test/MathFunction.tcl
5 ms. Memory: 129024K Free: 87478K (68%)
2 ms. Memory: 129024K Free: 86454K (67%)
5 ms. Memory: 129024K Free: 85430K (66%)
2 ms. Memory: 129024K Free: 84910K (66%)
6 ms. Memory: 129024K Free: 83382K (65%)
12 ms. Memory: 129024K Free: 81334K (63%)
/home/travis/build/icyphy/ptII/ptolemy/actor/lib/test/Maximum.tcl
6 ms. Memory: 129024K Free: 79782K (62%)
2 ms. Memory: 129024K Free: 78772K (61%)
2 ms. Memory: 129024K Free: 78262K (61%)
2 ms. Memory: 129024K Free: 77748K (60%)
/home/travis/build/icyphy/ptII/ptolemy/actor/lib/test/Minimum.tcl
3 ms. Memory: 129024K Free: 75700K (59%)
2 ms. Memory: 129024K Free: 75190K (58%)
1 ms. Memory: 129024K Free: 74676K (58%)
2 ms. Memory: 129024K Free: 73652K (57%)
/home/travis/build/icyphy/ptII/ptolemy/actor/lib/test/MultiplyDivide.tcl
3 ms. Memory: 129024K Free: 72118K (56%)
2 ms. Memory: 129024K Free: 71094K (55%)
2 ms. Memory: 129024K Free: 70566K (55%)
3 ms. Memory: 129024K Free: 69550K (54%)
2 ms. Memory: 129024K Free: 69046K (54%)
/home/travis/build/icyphy/ptII/ptolemy/actor/lib/test/OrderedMerge.tcl
Connections changed on port: inputA
Connections changed on port: inputB
Connections changed on port: output
Connections changed on port: output
Connections changed on port: output
Connections changed on port: input
.top. Preinitializing ...
Invoking preinitialize():  .top.OrderedMerge
Called preinitialize()
Invoking preinitialize():  .top.Ramp
Called preinitialize()
Invoking preinitialize():  .top.Ramp2
Called preinitialize()
Invoking preinitialize():  .top.Test
Called preinitialize()
Connections changed on port: inputA
Connections changed on port: output
Connections changed on port: output
Connections changed on port: input
Connections changed on port: inputB
Connections changed on port: output
.top. Finished preinitialize().
Called initialize().
Invoking initialize():  .top.OrderedMerge
Initializing actor: .top.OrderedMerge
Adding a thread: .top.OrderedMerge
Invoking initialize():  .top.Ramp
Initializing actor: .top.Ramp
Adding a thread: .top.Ramp
Invoking initialize():  .top.Ramp2
Initializing actor: .top.Ramp2
Adding a thread: .top.Ramp2
Invoking initialize():  .top.Test
Initializing actor: .top.Test
Adding a thread: .top.Test
Called fire().
Checking for deadlock:
-- Starting thread.
Called initialize()
Called prefire()
Called fire()
-- Starting thread.
Called initialize()
Called prefire()
Called fire()
-- Starting thread.
Called initialize()
Called prefire()
Called fire()
There are 0 Blocked actors, 0 Stopped actors, and 4 active threads.
Waiting for actors to stop.
Checking for deadlock:
There are 1 Blocked actors, 0 Stopped actors, and 4 active threads.
Waiting for actors to stop.
Called postfire()
Called prefire()
Called fire()
Called postfire()
Called prefire()
Called fire()
-- Starting thread.
Called initialize()
Called prefire()
Called fire()
Checking for deadlock:
There are 2 Blocked actors, 0 Stopped actors, and 4 active threads.
Waiting for actors to stop.
Called postfire()
Called prefire()
Called fire()
Checking for deadlock:
There are 3 Blocked actors, 0 Stopped actors, and 4 active threads.
Waiting for actors to stop.
Read input token from inputA with value 0.0
Next port to read input from is inputB
Called postfire()
Called prefire()
Called fire()
Read input token from inputB with value 0.0
Sent output token with value 0.0
Next port to read input from is inputA
Called postfire()
Called prefire()
Called fire()
Read input token from inputA with value 1.0
Checking for deadlock:
There are 1 Blocked actors, 0 Stopped actors, and 4 active threads.
Waiting for actors to stop.
Called postfire()
Called prefire()
Called fire()
-- Read input: 0.0, which is expected to match: 0.0
Called prefire()
Called fire()
Checking for deadlock:
There are 2 Blocked actors, 0 Stopped actors, and 4 active threads.
Waiting for actors to stop.
Called postfire()
Called prefire()
Called fire()
Sent output token with value 0.0
Next port to read input from is inputB
Called postfire()
Called prefire()
Called fire()
Read input token from inputB with value 1.5
Checking for deadlock:
There are 2 Blocked actors, 0 Stopped actors, and 4 active threads.
Waiting for actors to stop.
-- Read input: 0.0, which is expected to match: 0.0
Called prefire()
Called fire()
Called postfire()
Called prefire()
Called fire()
Checking for deadlock:
There are 3 Blocked actors, 0 Stopped actors, and 4 active threads.
Waiting for actors to stop.
Checking for deadlock:
There are 2 Blocked actors, 0 Stopped actors, and 4 active threads.
Waiting for actors to stop.
-- Read input: 1.0, which is expected to match: 1.0
Called prefire()
Called fire()
Checking for deadlock:
There are 3 Blocked actors, 0 Stopped actors, and 4 active threads.
Waiting for actors to stop.
Sent output token with value 1.0
Next port to read input from is inputA
Called postfire()
Called prefire()
Called fire()
Checking for deadlock:
There are 2 Blocked actors, 0 Stopped actors, and 4 active threads.
Waiting for actors to stop.
Called postfire()
Called prefire()
Called fire()
Checking for deadlock:
There are 3 Blocked actors, 0 Stopped actors, and 4 active threads.
Waiting for actors to stop.
Read input token from inputA with value 2.0
Checking for deadlock:
There are 2 Blocked actors, 0 Stopped actors, and 4 active threads.
Waiting for actors to stop.
-- Read input: 1.5, which is expected to match: 1.5
Called prefire()
Called fire()
Sent output token with value 1.5
Next port to read input from is inputB
Called postfire()
Called prefire()
Called fire()
Read input token from inputB with value 3.0
Sent output token with value 2.0
Next port to read input from is inputA
Called postfire()
Called prefire()
Called fire()
Read input token from inputA with value 3.0
Checking for deadlock:
There are 1 Blocked actors, 0 Stopped actors, and 4 active threads.
Waiting for actors to stop.
Called postfire()
Called prefire()
Called fire()
Called postfire()
Called prefire()
Called fire()
-- Read input: 2.0, which is expected to match: 2.0
Called prefire()
Called fire()
Checking for deadlock:
There are 3 Blocked actors, 0 Stopped actors, and 4 active threads.
Waiting for actors to stop.
-- Read input: 3.0, which is expected to match: 3.0
Called prefire()
Called fire()
Checking for deadlock:
There are 3 Blocked actors, 0 Stopped actors, and 4 active threads.
Waiting for actors to stop.
Sent output token with value 3.0
Next port to read input from is inputB
Called postfire()
Called prefire()
Called fire()
Called postfire()
Called prefire()
Called fire()
Checking for deadlock:
There are 3 Blocked actors, 0 Stopped actors, and 4 active threads.
Waiting for actors to stop.
Read input token from inputB with value 4.5
-- Read input: 3.0, which is expected to match: 3.0
Called prefire()
Called fire()
Checking for deadlock:
There are 3 Blocked actors, 0 Stopped actors, and 4 active threads.
Waiting for actors to stop.
Sent output token with value 3.0
Next port to read input from is inputA
Called postfire()
Called prefire()
Called fire()
Checking for deadlock:
There are 2 Blocked actors, 0 Stopped actors, and 4 active threads.
Waiting for actors to stop.
Called postfire()
Called prefire()
Called fire()
Checking for deadlock:
There are 3 Blocked actors, 0 Stopped actors, and 4 active threads.
Waiting for actors to stop.
Read input token from inputA with value 4.0
Checking for deadlock:
There are 2 Blocked actors, 0 Stopped actors, and 4 active threads.
Waiting for actors to stop.
-- Read input: 4.0, which is expected to match: 4.0
Called prefire()
Called fire()
Past the end of training data. Read and discard all inputs.
Checking for deadlock:
There are 3 Blocked actors, 0 Stopped actors, and 4 active threads.
Waiting for actors to stop.
Sent output token with value 4.0
Next port to read input from is inputA
Called postfire()
Called prefire()
Called fire()
Checking for deadlock:
There are 2 Blocked actors, 0 Stopped actors, and 4 active threads.
Waiting for actors to stop.
Called postfire()
Called prefire()
Called fire()
Checking for deadlock:
There are 3 Blocked actors, 0 Stopped actors, and 4 active threads.
Waiting for actors to stop.
Read input token from inputA with value 5.0
Checking for deadlock:
There are 2 Blocked actors, 0 Stopped actors, and 4 active threads.
Waiting for actors to stop.
Called prefire()
Called fire()
Past the end of training data. Read and discard all inputs.
Checking for deadlock:
There are 3 Blocked actors, 0 Stopped actors, and 4 active threads.
Waiting for actors to stop.
Sent output token with value 4.5
Next port to read input from is inputB
Called postfire()
Called prefire()
Called fire()
Called postfire()
Called prefire()
Called fire()
Checking for deadlock:
There are 3 Blocked actors, 0 Stopped actors, and 4 active threads.
Waiting for actors to stop.
Read input token from inputB with value 6.0
Called prefire()
Called fire()
Past the end of training data. Read and discard all inputs.
Checking for deadlock:
There are 3 Blocked actors, 0 Stopped actors, and 4 active threads.
Waiting for actors to stop.
Sent output token with value 5.0
Next port to read input from is inputA
Called postfire()
Called prefire()
Called fire()
Checking for deadlock:
There are 2 Blocked actors, 0 Stopped actors, and 4 active threads.
Waiting for actors to stop.
Called postfire()
Called prefire()
Called fire()
Checking for deadlock:
There are 3 Blocked actors, 0 Stopped actors, and 4 active threads.
Waiting for actors to stop.
Read input token from inputA with value 6.0
Checking for deadlock:
There are 2 Blocked actors, 0 Stopped actors, and 4 active threads.
Waiting for actors to stop.
Called prefire()
Called fire()
Past the end of training data. Read and discard all inputs.
Checking for deadlock:
There are 3 Blocked actors, 0 Stopped actors, and 4 active threads.
Waiting for actors to stop.
Sent output token with value 6.0
Next port to read input from is inputB
Called postfire()
Called prefire()
Called fire()
Called postfire()
Called prefire()
Called fire()
Checking for deadlock:
There are 3 Blocked actors, 0 Stopped actors, and 4 active threads.
Waiting for actors to stop.
Read input token from inputB with value 7.5
Called prefire()
Called fire()
Past the end of training data. Read and discard all inputs.
Checking for deadlock:
There are 3 Blocked actors, 0 Stopped actors, and 4 active threads.
Waiting for actors to stop.
Sent output token with value 6.0
Next port to read input from is inputA
Called postfire()
Called prefire()
Called fire()
Checking for deadlock:
There are 2 Blocked actors, 0 Stopped actors, and 4 active threads.
Waiting for actors to stop.
Called postfire()
Called prefire()
Called fire()
Checking for deadlock:
There are 3 Blocked actors, 0 Stopped actors, and 4 active threads.
Waiting for actors to stop.
Read input token from inputA with value 7.0
Checking for deadlock:
There are 2 Blocked actors, 0 Stopped actors, and 4 active threads.
Waiting for actors to stop.
Called prefire()
Called fire()
Past the end of training data. Read and discard all inputs.
Checking for deadlock:
There are 3 Blocked actors, 0 Stopped actors, and 4 active threads.
Waiting for actors to stop.
Sent output token with value 7.0
Next port to read input from is inputA
Called postfire()
Called prefire()
Called fire()
Checking for deadlock:
There are 2 Blocked actors, 0 Stopped actors, and 4 active threads.
Waiting for actors to stop.
-- Thread wrapup() called.
Called wrapup()
Thread .top.Ramp is exiting.
-- Thread stopped.
Read input token from inputA with value 8.0
Sent output token with value 7.5
Next port to read input from is inputB
Called postfire()
Called prefire()
Called fire()
Read input token from inputB with value 9.0
Checking for deadlock:
There are 1 Blocked actors, 0 Stopped actors, and 3 active threads.
Waiting for actors to stop.
Called postfire()
Called prefire()
Called fire()
Called prefire()
Called fire()
Past the end of training data. Read and discard all inputs.
Checking for deadlock:
There are 2 Blocked actors, 0 Stopped actors, and 3 active threads.
Waiting for actors to stop.
Called prefire()
Called fire()
Past the end of training data. Read and discard all inputs.
Checking for deadlock:
There are 2 Blocked actors, 0 Stopped actors, and 3 active threads.
Waiting for actors to stop.
Sent output token with value 8.0
Next port to read input from is inputA
Called postfire()
Called prefire()
Called fire()
Read input token from inputA with value 9.0
Called prefire()
Called fire()
Past the end of training data. Read and discard all inputs.
Checking for deadlock:
There are 2 Blocked actors, 0 Stopped actors, and 3 active threads.
Waiting for actors to stop.
Sent output token with value 9.0
Next port to read input from is inputB
Called postfire()
Called prefire()
Called fire()
Called postfire()
Called prefire()
Called fire()
Checking for deadlock:
There are 2 Blocked actors, 0 Stopped actors, and 3 active threads.
Waiting for actors to stop.
Read input token from inputB with value 10.5
Called prefire()
Called fire()
Past the end of training data. Read and discard all inputs.
Checking for deadlock:
There are 2 Blocked actors, 0 Stopped actors, and 3 active threads.
Waiting for actors to stop.
Sent output token with value 9.0
Next port to read input from is inputA
Called postfire()
Called prefire()
Called fire()
Checking for deadlock:
There are 3 Blocked actors, 0 Stopped actors, and 3 active threads.
Actors have stopped.
Checking for deadlock:
There are 3 Blocked actors, 0 Stopped actors, and 3 active threads.
Deadlock detected.
Resolving Deadlock
Checking for deadlock:
There are 3 Blocked actors, 0 Stopped actors, and 3 active threads.
Artificial Deadlock - increasing queue capacity.
increasing the capacity of receiver ptolemy.actor.TypedIOPort {.top.OrderedMerge.inputB} to 2
Director: Called postfire().
Called postfire().
_stopRequested = false
_stopFireRequested = false
Returning from postfire(): true
Called fire().
Checking for deadlock:
There are 2 Blocked actors, 0 Stopped actors, and 3 active threads.
Waiting for actors to stop.
-- Thread wrapup() called.
Called wrapup()
Thread .top.Ramp2 is exiting.
-- Thread stopped.
Checking for deadlock:
There are 2 Blocked actors, 0 Stopped actors, and 2 active threads.
Actors have stopped.
Checking for deadlock:
There are 2 Blocked actors, 0 Stopped actors, and 2 active threads.
Deadlock detected.
Resolving Deadlock
Checking for deadlock:
There are 2 Blocked actors, 0 Stopped actors, and 2 active threads.
Deadlock detected: no processes blocked on write, but some are blocked on read.
Called postfire().
_stopRequested = false
_stopFireRequested = false
Returning from postfire(): false
Finished deactivating branches.
Called wrapup().
-- Thread wrapup() called.
-- Thread wrapup() called.
Called wrapup()
Called wrapup()
Thread .top.OrderedMerge is exiting.
-- Thread stopped.
Thread .top.Test is exiting.
-- Blocked Receiver call threw TerminateProcessException.
63 ms. Memory: 129024K Free: 110166K (85%)
.top. Preinitializing ...
Invoking preinitialize():  .top.OrderedMerge
Called preinitialize()
Invoking preinitialize():  .top.Ramp
Called preinitialize()
Invoking preinitialize():  .top.Ramp2
Called preinitialize()
Invoking preinitialize():  .top.Test
Called preinitialize()
.top. Finished preinitialize().
Called initialize().
Invoking initialize():  .top.OrderedMerge
Initializing actor: .top.OrderedMerge
Adding a thread: .top.OrderedMerge
Invoking initialize():  .top.Ramp
Initializing actor: .top.Ramp
Adding a thread: .top.Ramp
Invoking initialize():  .top.Ramp2
Initializing actor: .top.Ramp2
Adding a thread: .top.Ramp2
Invoking initialize():  .top.Test
Initializing actor: .top.Test
Adding a thread: .top.Test
-- Thread stopped.
-- Blocked Receiver call threw TerminateProcessException.
-- Starting thread.
Called initialize()
Called prefire()
Called fire()
-- Starting thread.
Called initialize()
Called prefire()
Called fire()
Called postfire()
Called prefire()
Called fire()
-- Starting thread.
Called initialize()
Called prefire()
Called fire()
Called postfire()
Called prefire()
Called fire()
Called fire().
Checking for deadlock:
There are 3 Blocked actors, 0 Stopped actors, and 4 active threads.
Waiting for actors to stop.
-- Starting thread.
Called initialize()
Called prefire()
Called fire()
Checking for deadlock:
There are 2 Blocked actors, 0 Stopped actors, and 4 active threads.
Waiting for actors to stop.
Called postfire()
Called prefire()
Called fire()
Checking for deadlock:
There are 3 Blocked actors, 0 Stopped actors, and 4 active threads.
Waiting for actors to stop.
Read input token from inputA with value 0.0
Next port to read input from is inputB
Called postfire()
Called prefire()
Called fire()
Called postfire()
Called prefire()
Called fire()
Read input token from inputB with value 0.0
Sent output token with value 0.0
Next port to read input from is inputA
Called postfire()
Called prefire()
Called fire()
Read input token from inputA with value 1.0
Checking for deadlock:
There are 2 Blocked actors, 0 Stopped actors, and 4 active threads.
Waiting for actors to stop.
Called postfire()
Called prefire()
Called fire()
-- Read input: 0.0, which is expected to match: 0.0
Called prefire()
Called fire()
Checking for deadlock:
There are 3 Blocked actors, 0 Stopped actors, and 4 active threads.
Waiting for actors to stop.
-- Read input: 0.0, which is expected to match: 0.0
Called prefire()
Called fire()
Checking for deadlock:
There are 3 Blocked actors, 0 Stopped actors, and 4 active threads.
Waiting for actors to stop.
Sent output token with value 0.0
Next port to read input from is inputB
Called postfire()
Called prefire()
Called fire()
Called postfire()
Called prefire()
Called fire()
Checking for deadlock:
There are 3 Blocked actors, 0 Stopped actors, and 4 active threads.
Waiting for actors to stop.
Read input token from inputB with value 1.5
-- Read input: 1.0, which is expected to match: 1.0
Called prefire()
Called fire()
Checking for deadlock:
There are 3 Blocked actors, 0 Stopped actors, and 4 active threads.
Waiting for actors to stop.
Sent output token with value 1.0
Next port to read input from is inputA
Called postfire()
Called prefire()
Called fire()
Called postfire()
Called prefire()
Called fire()
Checking for deadlock:
There are 3 Blocked actors, 0 Stopped actors, and 4 active threads.
Waiting for actors to stop.
Read input token from inputA with value 2.0
-- Read input: 1.5, which is expected to match: 1.5
Called prefire()
Called fire()
Checking for deadlock:
There are 3 Blocked actors, 0 Stopped actors, and 4 active threads.
Waiting for actors to stop.
Sent output token with value 1.5
Next port to read input from is inputB
Called postfire()
Called prefire()
Called fire()
Checking for deadlock:
There are 2 Blocked actors, 0 Stopped actors, and 4 active threads.
Waiting for actors to stop.
Called postfire()
Called prefire()
Called fire()
Checking for deadlock:
There are 3 Blocked actors, 0 Stopped actors, and 4 active threads.
Waiting for actors to stop.
Read input token from inputB with value 3.0
Checking for deadlock:
There are 2 Blocked actors, 0 Stopped actors, and 4 active threads.
Waiting for actors to stop.
-- Read input: 2.0, which is expected to match: 2.0
Called prefire()
Called fire()
Checking for deadlock:
There are 3 Blocked actors, 0 Stopped actors, and 4 active threads.
Waiting for actors to stop.
Sent output token with value 2.0
Next port to read input from is inputA
Called postfire()
Called prefire()
Called fire()
Called postfire()
Called prefire()
Called fire()
Checking for deadlock:
There are 3 Blocked actors, 0 Stopped actors, and 4 active threads.
Waiting for actors to stop.
Read input token from inputA with value 3.0
-- Read input: 3.0, which is expected to match: 3.0
Called prefire()
Called fire()
Checking for deadlock:
There are 3 Blocked actors, 0 Stopped actors, and 4 active threads.
Waiting for actors to stop.
Sent output token with value 3.0
Next port to read input from is inputB
Called postfire()
Called prefire()
Called fire()
Checking for deadlock:
There are 2 Blocked actors, 0 Stopped actors, and 4 active threads.
Waiting for actors to stop.
Called postfire()
Called prefire()
Called fire()
Checking for deadlock:
There are 3 Blocked actors, 0 Stopped actors, and 4 active threads.
Waiting for actors to stop.
Read input token from inputB with value 4.5
Checking for deadlock:
There are 2 Blocked actors, 0 Stopped actors, and 4 active threads.
Waiting for actors to stop.
-- Read input: 3.0, which is expected to match: 3.0
Called prefire()
Called fire()
Checking for deadlock:
There are 3 Blocked actors, 0 Stopped actors, and 4 active threads.
Waiting for actors to stop.
Sent output token with value 3.0
Next port to read input from is inputA
Called postfire()
Called prefire()
Called fire()
Called postfire()
Called prefire()
Called fire()
Checking for deadlock:
There are 3 Blocked actors, 0 Stopped actors, and 4 active threads.
Waiting for actors to stop.
Read input token from inputA with value 4.0
-- Read input: 4.0, which is expected to match: 4.0
Called prefire()
Called fire()
Past the end of training data. Read and discard all inputs.
Checking for deadlock:
There are 3 Blocked actors, 0 Stopped actors, and 4 active threads.
Waiting for actors to stop.
Sent output token with value 4.0
Next port to read input from is inputA
Called postfire()
Called prefire()
Called fire()
Called postfire()
Called prefire()
Called fire()
Checking for deadlock:
There are 3 Blocked actors, 0 Stopped actors, and 4 active threads.
Waiting for actors to stop.
Read input token from inputA with value 5.0
Called prefire()
Called fire()
Past the end of training data. Read and discard all inputs.
Checking for deadlock:
There are 3 Blocked actors, 0 Stopped actors, and 4 active threads.
Waiting for actors to stop.
Sent output token with value 4.5
Next port to read input from is inputB
Called postfire()
Called prefire()
Called fire()
Checking for deadlock:
There are 2 Blocked actors, 0 Stopped actors, and 4 active threads.
Waiting for actors to stop.
Called postfire()
Called prefire()
Called fire()
Checking for deadlock:
There are 3 Blocked actors, 0 Stopped actors, and 4 active threads.
Waiting for actors to stop.
Read input token from inputB with value 6.0
Checking for deadlock:
There are 2 Blocked actors, 0 Stopped actors, and 4 active threads.
Waiting for actors to stop.
Called prefire()
Called fire()
Past the end of training data. Read and discard all inputs.
Checking for deadlock:
There are 3 Blocked actors, 0 Stopped actors, and 4 active threads.
Waiting for actors to stop.
Sent output token with value 5.0
Next port to read input from is inputA
Called postfire()
Called prefire()
Called fire()
Called postfire()
Called prefire()
Called fire()
Checking for deadlock:
There are 3 Blocked actors, 0 Stopped actors, and 4 active threads.
Waiting for actors to stop.
Read input token from inputA with value 6.0
Called prefire()
Called fire()
Past the end of training data. Read and discard all inputs.
Checking for deadlock:
There are 3 Blocked actors, 0 Stopped actors, and 4 active threads.
Waiting for actors to stop.
Sent output token with value 6.0
Next port to read input from is inputB
Called postfire()
Called prefire()
Called fire()
Checking for deadlock:
There are 2 Blocked actors, 0 Stopped actors, and 4 active threads.
Waiting for actors to stop.
Called postfire()
Called prefire()
Called fire()
Checking for deadlock:
There are 3 Blocked actors, 0 Stopped actors, and 4 active threads.
Waiting for actors to stop.
Read input token from inputB with value 7.5
Checking for deadlock:
There are 2 Blocked actors, 0 Stopped actors, and 4 active threads.
Waiting for actors to stop.
Called prefire()
Called fire()
Past the end of training data. Read and discard all inputs.
Checking for deadlock:
There are 3 Blocked actors, 0 Stopped actors, and 4 active threads.
Waiting for actors to stop.
Sent output token with value 6.0
Next port to read input from is inputA
Called postfire()
Called prefire()
Called fire()
Called postfire()
Called prefire()
Called fire()
Checking for deadlock:
There are 3 Blocked actors, 0 Stopped actors, and 4 active threads.
Waiting for actors to stop.
Read input token from inputA with value 7.0
Called prefire()
Called fire()
Past the end of training data. Read and discard all inputs.
Checking for deadlock:
There are 3 Blocked actors, 0 Stopped actors, and 4 active threads.
Waiting for actors to stop.
Sent output token with value 7.0
Next port to read input from is inputA
Called postfire()
Called prefire()
Called fire()
-- Thread wrapup() called.
Called wrapup()
Thread .top.Ramp is exiting.
-- Thread stopped.
Checking for deadlock:
There are 2 Blocked actors, 0 Stopped actors, and 3 active threads.
Waiting for actors to stop.
Read input token from inputA with value 8.0
Checking for deadlock:
There are 1 Blocked actors, 0 Stopped actors, and 3 active threads.
Waiting for actors to stop.
Called prefire()
Called fire()
Past the end of training data. Read and discard all inputs.
Checking for deadlock:
There are 2 Blocked actors, 0 Stopped actors, and 3 active threads.
Waiting for actors to stop.
Sent output token with value 7.5
Next port to read input from is inputB
Called postfire()
Called prefire()
Called fire()
Checking for deadlock:
There are 1 Blocked actors, 0 Stopped actors, and 3 active threads.
Waiting for actors to stop.
Called postfire()
Called prefire()
Called fire()
Checking for deadlock:
There are 2 Blocked actors, 0 Stopped actors, and 3 active threads.
Waiting for actors to stop.
Read input token from inputB with value 9.0
Checking for deadlock:
There are 1 Blocked actors, 0 Stopped actors, and 3 active threads.
Waiting for actors to stop.
Called prefire()
Called fire()
Past the end of training data. Read and discard all inputs.
Checking for deadlock:
There are 2 Blocked actors, 0 Stopped actors, and 3 active threads.
Waiting for actors to stop.
Sent output token with value 8.0
Next port to read input from is inputA
Called postfire()
Called prefire()
Called fire()
Read input token from inputA with value 9.0
Called prefire()
Called fire()
Past the end of training data. Read and discard all inputs.
Checking for deadlock:
There are 2 Blocked actors, 0 Stopped actors, and 3 active threads.
Waiting for actors to stop.
Sent output token with value 9.0
Next port to read input from is inputB
Called postfire()
Called prefire()
Called fire()
Called postfire()
Called prefire()
Called fire()
Checking for deadlock:
There are 2 Blocked actors, 0 Stopped actors, and 3 active threads.
Waiting for actors to stop.
Read input token from inputB with value 10.5
Called prefire()
Called fire()
Past the end of training data. Read and discard all inputs.
Checking for deadlock:
There are 2 Blocked actors, 0 Stopped actors, and 3 active threads.
Waiting for actors to stop.
Sent output token with value 9.0
Next port to read input from is inputA
Called postfire()
Called prefire()
Called fire()
Checking for deadlock:
There are 3 Blocked actors, 0 Stopped actors, and 3 active threads.
Actors have stopped.
Checking for deadlock:
There are 3 Blocked actors, 0 Stopped actors, and 3 active threads.
Deadlock detected.
Resolving Deadlock
Checking for deadlock:
There are 3 Blocked actors, 0 Stopped actors, and 3 active threads.
Artificial Deadlock - increasing queue capacity.
increasing the capacity of receiver ptolemy.actor.TypedIOPort {.top.OrderedMerge.inputB} to 2
Director: Called postfire().
Called postfire().
_stopRequested = false
_stopFireRequested = false
Returning from postfire(): true
Called fire().
Checking for deadlock:
There are 2 Blocked actors, 0 Stopped actors, and 3 active threads.
Waiting for actors to stop.
-- Thread wrapup() called.
Called wrapup()
Thread .top.Ramp2 is exiting.
-- Thread stopped.
Checking for deadlock:
There are 2 Blocked actors, 0 Stopped actors, and 2 active threads.
Actors have stopped.
Checking for deadlock:
There are 2 Blocked actors, 0 Stopped actors, and 2 active threads.
Deadlock detected.
Resolving Deadlock
Checking for deadlock:
There are 2 Blocked actors, 0 Stopped actors, and 2 active threads.
Deadlock detected: no processes blocked on write, but some are blocked on read.
Called postfire().
_stopRequested = false
_stopFireRequested = false
Returning from postfire(): false
Finished deactivating branches.
Called wrapup().
-- Thread wrapup() called.
Called wrapup()
-- Thread wrapup() called.
Called wrapup()
Thread .top.OrderedMerge is exiting.
-- Thread stopped.
-- Blocked Receiver call threw TerminateProcessException.
Thread .top.Test is exiting.
-- Thread stopped.
-- Blocked Receiver call threw TerminateProcessException.
45 ms. Memory: 129024K Free: 108430K (84%)
/home/travis/build/icyphy/ptII/ptolemy/actor/lib/test/Publisher.tcl
10 ms. Memory: 129024K Free: 101933K (79%)
5 ms. Memory: 129024K Free: 96813K (75%)
6 ms. Memory: 129024K Free: 93227K (72%)
9 ms. Memory: 129024K Free: 92173K (71%)
5 ms. Memory: 129024K Free: 91179K (71%)
11 ms. Memory: 129024K Free: 90669K (70%)
2 ms. Memory: 129024K Free: 89645K (69%)
6 ms. Memory: 129024K Free: 88621K (69%)
34 ms. Memory: 129024K Free: 111781K (87%)
6 ms. Memory: 129024K Free: 107685K (83%)
3 ms. Memory: 129024K Free: 107165K (83%)
4 ms. Memory: 129024K Free: 105109K (81%)
6 ms. Memory: 129024K Free: 97445K (76%)
6 ms. Memory: 129024K Free: 87715K (68%)
6 ms. Memory: 129024K Free: 76965K (60%)
/home/travis/build/icyphy/ptII/ptolemy/actor/lib/test/Pulse.tcl
6 ms. Memory: 155648K Free: 126942K (82%)
4 ms. Memory: 155648K Free: 126428K (81%)
1 ms. Memory: 155648K Free: 125918K (81%)
2 ms. Memory: 155648K Free: 125390K (81%)
9 ms. Memory: 155648K Free: 124894K (80%)
13 ms. Memory: 155648K Free: 123870K (80%)
3 ms. Memory: 155648K Free: 122846K (79%)
4 ms. Memory: 155648K Free: 122332K (79%)
4 ms. Memory: 155648K Free: 121294K (78%)
/home/travis/build/icyphy/ptII/ptolemy/actor/lib/test/Ramp.tcl
5 ms. Memory: 155648K Free: 119260K (77%)
3 ms. Memory: 155648K Free: 118750K (76%)
3 ms. Memory: 155648K Free: 118230K (76%)
4 ms. Memory: 155648K Free: 117198K (75%)
4 ms. Memory: 155648K Free: 116702K (75%)
9 ms. Memory: 155648K Free: 115678K (74%)
5 ms. Memory: 155648K Free: 114654K (74%)
5 actors
8000 microseconds per iteration to create
10 ms. Memory: 155648K Free: 112078K (72%)
2 ms. Memory: 155648K Free: 111582K (72%)
1 ms. Memory: 155648K Free: 110558K (71%)
2 ms. Memory: 155648K Free: 110030K (71%)
50 actors
45000 microseconds per iteration to create
41 ms. Memory: 155648K Free: 94684K (61%)
11 ms. Memory: 155648K Free: 93660K (60%)
4 ms. Memory: 155648K Free: 92636K (60%)
23 ms. Memory: 155648K Free: 91612K (59%)
500 actors
1269000 microseconds per iteration to create
214 ms. Memory: 155648K Free: 83078K (53%)
34 ms. Memory: 155648K Free: 77958K (50%)
34 ms. Memory: 155648K Free: 72324K (46%)
34 ms. Memory: 155648K Free: 67198K (43%)
/home/travis/build/icyphy/ptII/ptolemy/actor/lib/test/RampContinuous.tcl
6 ms. Memory: 155648K Free: 65670K (42%)
/home/travis/build/icyphy/ptII/ptolemy/actor/lib/test/RecordAssembler.tcl
5 ms. Memory: 155648K Free: 64132K (41%)
3 ms. Memory: 155648K Free: 63108K (41%)
/home/travis/build/icyphy/ptII/ptolemy/actor/lib/test/RecordDisassembler.tcl
9 ms. Memory: 155648K Free: 61574K (40%)
2 ms. Memory: 155648K Free: 61046K (39%)
3 ms. Memory: 155648K Free: 59526K (38%)
/home/travis/build/icyphy/ptII/ptolemy/actor/lib/test/Scale.tcl
3 ms. Memory: 155648K Free: 57988K (37%)
1 ms. Memory: 155648K Free: 56948K (37%)
1 ms. Memory: 155648K Free: 56454K (36%)
2 ms. Memory: 155648K Free: 55430K (36%)
2 ms. Memory: 155648K Free: 54406K (35%)
/home/travis/build/icyphy/ptII/ptolemy/actor/lib/test/SequentialClock.tcl
preinitializing
resolving types
initializing
executing number 1
wrapping up
idle
2 ms. Memory: 155648K Free: 131856K (85%)
Completed execution with 5 iterations
preinitializing
resolving types
initializing
executing number 1
wrapping up
idle
2 ms. Memory: 155648K Free: 131342K (84%)
Completed execution with 5 iterations
preinitializing
resolving types
initializing
executing number 1
wrapping up
idle
1 ms. Memory: 155648K Free: 130832K (84%)
Completed execution with 5 iterations
/home/travis/build/icyphy/ptII/ptolemy/actor/lib/test/SetVariable.tcl
4 ms. Memory: 155648K Free: 128784K (83%)
/home/travis/build/icyphy/ptII/ptolemy/actor/lib/test/Sinewave.tcl
/home/travis/build/icyphy/ptII/ptolemy/actor/lib/test/SubscriptionAggregator.tcl
4 ms. Memory: 155648K Free: 117520K (76%)
2 ms. Memory: 155648K Free: 116975K (75%)
1 ms. Memory: 155648K Free: 116496K (75%)
0 ms. Memory: 155648K Free: 115975K (75%)
2 ms. Memory: 155648K Free: 112400K (72%)
7 ms. Memory: 155648K Free: 110352K (71%)
...............................................................982 ms. Memory: 264192K Free: 163838K (62%)
/home/travis/build/icyphy/ptII/ptolemy/actor/lib/test/Test.tcl
 The next command will produce a warning about training mode,
   which may be ignored.
11 ms. Memory: 264192K Free: 161792K (61%)
12 ms. Memory: 264192K Free: 160768K (61%)
2 ms. Memory: 264192K Free: 160239K (61%)
2 ms. Memory: 264192K Free: 159744K (60%)
2 ms. Memory: 264192K Free: 159230K (60%)
11 ms. Memory: 264192K Free: 157696K (60%)
3 ms. Memory: 264192K Free: 156672K (59%)
 The next command will produce a warning about training mode,
   which may be ignored.
8 ms. Memory: 264192K Free: 154103K (58%)
 The next command will produce a warning about training mode,
   which may be ignored.
15 ms. Memory: 264192K Free: 153079K (58%)
2 ms. Memory: 264192K Free: 152576K (58%)
1 ms. Memory: 264192K Free: 152031K (58%)
1 ms. Memory: 264192K Free: 151552K (57%)
6 ms. Memory: 264192K Free: 150528K (57%)
6 ms. Memory: 264192K Free: 146942K (56%)
/home/travis/build/icyphy/ptII/ptolemy/actor/lib/test/TestExceptionHandler.tcl
 The next command will produce a warning about training mode,
   which may be ignored.
2 ms. Memory: 264192K Free: 145408K (55%)
1 ms. Memory: 264192K Free: 144894K (55%)
1 ms. Memory: 264192K Free: 144384K (55%)
/home/travis/build/icyphy/ptII/ptolemy/actor/lib/test/UnionDisassembler.tcl
23 ms. Memory: 264192K Free: 137216K (52%)
/home/travis/build/icyphy/ptII/ptolemy/actor/lib/test/VariableClock.tcl
preinitializing
resolving types
initializing
executing number 1
wrapping up
idle
11 ms. Memory: 264192K Free: 135168K (51%)
Completed execution with 11 iterations
preinitializing
resolving types
initializing
executing number 1
wrapping up
idle
8 ms. Memory: 264192K Free: 133615K (51%)
Completed execution with 10 iterations
07/12/20 03:04:31
Failed: 0  Total Tests: 233  ((Passed: 233, Newly Passed: 0)  Known Failed: 0) /home/travis/build/icyphy/ptII/ptolemy/actor/lib/test
----------------- testing (KnownFailure) /home/travis/build/icyphy/ptII/ptolemy/actor/lib/test/auto/knownFailedTests/PublisherPortToplevelSubscriber.xml
3 ms. Memory: 264192K Free: 130558K (49%)
Known Failure: java.lang.reflect.InvocationTargetException
----------------- testing (KnownFailure) /home/travis/build/icyphy/ptII/ptolemy/actor/lib/test/auto/knownFailedTests/PublisherSubscriberPortToplevel.xml
1 ms. Memory: 264192K Free: 126462K (48%)
Known Failure: java.lang.reflect.InvocationTargetException
----------------- testing (KnownFailure) /home/travis/build/icyphy/ptII/ptolemy/actor/lib/test/auto/knownFailedTests/PublisherSubscriptionAggregatorPort.xml
1 ms. Memory: 264192K Free: 121856K (46%)
Known Failure: java.lang.reflect.InvocationTargetException
----------------- testing (KnownFailure) /home/travis/build/icyphy/ptII/ptolemy/actor/lib/test/auto/knownFailedTests/sizedarray3.xml
10 ms. Memory: 264192K Free: 117760K (45%)
Known Failure: java.lang.reflect.InvocationTargetException
No auto/linux-amd64/*.xml tests in /home/travis/build/icyphy/ptII/ptolemy/actor/lib/test
AutoTests.java: About to close Vertx.
AutoTests.java: Vertx closed.

===========================================================================================
----------------- testing Sun Jul 12 15:04:32 UTC 2020 /home/travis/build/icyphy/ptII/ptolemy/actor/lib/test/auto/AbsoluteValue.xml
----------------- Instantiating /home/travis/build/icyphy/ptII/ptolemy/actor/lib/test/auto/AbsoluteValue.xml
4 ms. Memory: 264192K Free: 95232K (36%)
----------------- Invoking toplevel() on ptolemy.moml.MoMLSimpleApplication@e887137
----------------- Done invoking toplevel() on ptolemy.moml.MoMLSimpleApplication@e887137
reloadAllAccessors: .AbsoluteValue

===========================================================================================
----------------- testing Sun Jul 12 15:04:32 UTC 2020 /home/travis/build/icyphy/ptII/ptolemy/actor/lib/test/auto/AbsoluteValue2.xml
----------------- Instantiating /home/travis/build/icyphy/ptII/ptolemy/actor/lib/test/auto/AbsoluteValue2.xml
5 ms. Memory: 264192K Free: 88064K (33%)
----------------- Invoking toplevel() on ptolemy.moml.MoMLSimpleApplication@29835d44
----------------- Done invoking toplevel() on ptolemy.moml.MoMLSimpleApplication@29835d44
reloadAllAccessors: .AbsoluteValue2

===========================================================================================
----------------- testing Sun Jul 12 15:04:32 UTC 2020 /home/travis/build/icyphy/ptII/ptolemy/actor/lib/test/auto/Accumulator.xml
----------------- Instantiating /home/travis/build/icyphy/ptII/ptolemy/actor/lib/test/auto/Accumulator.xml
5 ms. Memory: 264192K Free: 81920K (31%)
----------------- Invoking toplevel() on ptolemy.moml.MoMLSimpleApplication@6fa3ae9
----------------- Done invoking toplevel() on ptolemy.moml.MoMLSimpleApplication@6fa3ae9
reloadAllAccessors: .Accumulator

===========================================================================================
----------------- testing Sun Jul 12 15:04:32 UTC 2020 /home/travis/build/icyphy/ptII/ptolemy/actor/lib/test/auto/Accumulator2.xml
----------------- Instantiating /home/travis/build/icyphy/ptII/ptolemy/actor/lib/test/auto/Accumulator2.xml
3 ms. Memory: 264192K Free: 213256K (81%)
----------------- Invoking toplevel() on ptolemy.moml.MoMLSimpleApplication@7947b693
----------------- Done invoking toplevel() on ptolemy.moml.MoMLSimpleApplication@7947b693
reloadAllAccessors: .Accumulator2

===========================================================================================
----------------- testing Sun Jul 12 15:04:32 UTC 2020 /home/travis/build/icyphy/ptII/ptolemy/actor/lib/test/auto/Accumulator3.xml
----------------- Instantiating /home/travis/build/icyphy/ptII/ptolemy/actor/lib/test/auto/Accumulator3.xml
5 ms. Memory: 264192K Free: 208646K (79%)
----------------- Invoking toplevel() on ptolemy.moml.MoMLSimpleApplication@61872884
----------------- Done invoking toplevel() on ptolemy.moml.MoMLSimpleApplication@61872884
reloadAllAccessors: .Accumulator3

===========================================================================================
----------------- testing Sun Jul 12 15:04:32 UTC 2020 /home/travis/build/icyphy/ptII/ptolemy/actor/lib/test/auto/ArrayAppend.xml
----------------- Instantiating /home/travis/build/icyphy/ptII/ptolemy/actor/lib/test/auto/ArrayAppend.xml
9 ms. Memory: 264192K Free: 202487K (77%)
----------------- Invoking toplevel() on ptolemy.moml.MoMLSimpleApplication@75a9f58d
----------------- Done invoking toplevel() on ptolemy.moml.MoMLSimpleApplication@75a9f58d
reloadAllAccessors: .ArrayAppend

===========================================================================================
----------------- testing Sun Jul 12 15:04:32 UTC 2020 /home/travis/build/icyphy/ptII/ptolemy/actor/lib/test/auto/ArrayAppend2.xml
----------------- Instantiating /home/travis/build/icyphy/ptII/ptolemy/actor/lib/test/auto/ArrayAppend2.xml
300 ms. Memory: 264192K Free: 119558K (45%)
----------------- Invoking toplevel() on ptolemy.moml.MoMLSimpleApplication@56e8b511
----------------- Done invoking toplevel() on ptolemy.moml.MoMLSimpleApplication@56e8b511
reloadAllAccessors: .ArrayAppend2

===========================================================================================
----------------- testing Sun Jul 12 15:04:32 UTC 2020 /home/travis/build/icyphy/ptII/ptolemy/actor/lib/test/auto/ArrayAppend3.xml
----------------- Instantiating /home/travis/build/icyphy/ptII/ptolemy/actor/lib/test/auto/ArrayAppend3.xml
2 ms. Memory: 264192K Free: 114438K (43%)
----------------- Invoking toplevel() on ptolemy.moml.MoMLSimpleApplication@5b67bf5b
----------------- Done invoking toplevel() on ptolemy.moml.MoMLSimpleApplication@5b67bf5b
reloadAllAccessors: .ArrayAppend3

===========================================================================================
----------------- testing Sun Jul 12 15:04:32 UTC 2020 /home/travis/build/icyphy/ptII/ptolemy/actor/lib/test/auto/ArrayAppend4.xml
----------------- Instantiating /home/travis/build/icyphy/ptII/ptolemy/actor/lib/test/auto/ArrayAppend4.xml
2 ms. Memory: 264192K Free: 108808K (41%)
----------------- Invoking toplevel() on ptolemy.moml.MoMLSimpleApplication@433377e5
----------------- Done invoking toplevel() on ptolemy.moml.MoMLSimpleApplication@433377e5
reloadAllAccessors: .ArrayAppend4

===========================================================================================
----------------- testing Sun Jul 12 15:04:32 UTC 2020 /home/travis/build/icyphy/ptII/ptolemy/actor/lib/test/auto/ArrayAppend5.xml
----------------- Instantiating /home/travis/build/icyphy/ptII/ptolemy/actor/lib/test/auto/ArrayAppend5.xml
4 ms. Memory: 264192K Free: 104198K (39%)
----------------- Invoking toplevel() on ptolemy.moml.MoMLSimpleApplication@2d98d5e5
----------------- Done invoking toplevel() on ptolemy.moml.MoMLSimpleApplication@2d98d5e5
reloadAllAccessors: .ArrayAppend5

===========================================================================================
----------------- testing Sun Jul 12 15:04:33 UTC 2020 /home/travis/build/icyphy/ptII/ptolemy/actor/lib/test/auto/ArrayAppend6.xml
----------------- Instantiating /home/travis/build/icyphy/ptII/ptolemy/actor/lib/test/auto/ArrayAppend6.xml
2 ms. Memory: 264192K Free: 99078K (38%)
----------------- Invoking toplevel() on ptolemy.moml.MoMLSimpleApplication@1ac64d8f
----------------- Done invoking toplevel() on ptolemy.moml.MoMLSimpleApplication@1ac64d8f
reloadAllAccessors: .ArrayAppend6

===========================================================================================
----------------- testing Sun Jul 12 15:04:33 UTC 2020 /home/travis/build/icyphy/ptII/ptolemy/actor/lib/test/auto/ArrayAppendPerformanceTest.xml
----------------- Instantiating /home/travis/build/icyphy/ptII/ptolemy/actor/lib/test/auto/ArrayAppendPerformanceTest.xml
26 ms. Memory: 264192K Free: 87807K (33%)
----------------- Invoking toplevel() on ptolemy.moml.MoMLSimpleApplication@7e4a083c
----------------- Done invoking toplevel() on ptolemy.moml.MoMLSimpleApplication@7e4a083c
reloadAllAccessors: .ArrayAppendPerformanceTest

===========================================================================================
----------------- testing Sun Jul 12 15:04:33 UTC 2020 /home/travis/build/icyphy/ptII/ptolemy/actor/lib/test/auto/ArrayAppendWithEmptyInput.xml
----------------- Instantiating /home/travis/build/icyphy/ptII/ptolemy/actor/lib/test/auto/ArrayAppendWithEmptyInput.xml
14 ms. Memory: 264192K Free: 80136K (30%)
----------------- Invoking toplevel() on ptolemy.moml.MoMLSimpleApplication@77287700
----------------- Done invoking toplevel() on ptolemy.moml.MoMLSimpleApplication@77287700
reloadAllAccessors: .ArrayAppendWithEmptyInput

===========================================================================================
----------------- testing Sun Jul 12 15:04:33 UTC 2020 /home/travis/build/icyphy/ptII/ptolemy/actor/lib/test/auto/ArrayAverage.xml
----------------- Instantiating /home/travis/build/icyphy/ptII/ptolemy/actor/lib/test/auto/ArrayAverage.xml
14 ms. Memory: 264192K Free: 212990K (81%)
----------------- Invoking toplevel() on ptolemy.moml.MoMLSimpleApplication@68c51bf
----------------- Done invoking toplevel() on ptolemy.moml.MoMLSimpleApplication@68c51bf
reloadAllAccessors: .ArrayAverage

===========================================================================================
----------------- testing Sun Jul 12 15:04:33 UTC 2020 /home/travis/build/icyphy/ptII/ptolemy/actor/lib/test/auto/ArrayContains.xml
----------------- Instantiating /home/travis/build/icyphy/ptII/ptolemy/actor/lib/test/auto/ArrayContains.xml
3 ms. Memory: 264192K Free: 206846K (78%)
----------------- Invoking toplevel() on ptolemy.moml.MoMLSimpleApplication@4ea6047b
----------------- Done invoking toplevel() on ptolemy.moml.MoMLSimpleApplication@4ea6047b
reloadAllAccessors: .ArrayContains

===========================================================================================
----------------- testing Sun Jul 12 15:04:33 UTC 2020 /home/travis/build/icyphy/ptII/ptolemy/actor/lib/test/auto/ArrayElement.xml
----------------- Instantiating /home/travis/build/icyphy/ptII/ptolemy/actor/lib/test/auto/ArrayElement.xml
5 ms. Memory: 264192K Free: 201216K (76%)
----------------- Invoking toplevel() on ptolemy.moml.MoMLSimpleApplication@33d4cad
----------------- Done invoking toplevel() on ptolemy.moml.MoMLSimpleApplication@33d4cad
reloadAllAccessors: .ArrayElement

===========================================================================================
----------------- testing Sun Jul 12 15:04:33 UTC 2020 /home/travis/build/icyphy/ptII/ptolemy/actor/lib/test/auto/ArrayElementAsMatrix.xml
----------------- Instantiating /home/travis/build/icyphy/ptII/ptolemy/actor/lib/test/auto/ArrayElementAsMatrix.xml
10 ms. Memory: 264192K Free: 190976K (72%)
----------------- Invoking toplevel() on ptolemy.moml.MoMLSimpleApplication@5695a8b2
----------------- Done invoking toplevel() on ptolemy.moml.MoMLSimpleApplication@5695a8b2
reloadAllAccessors: .ArrayElementAsMatrix

===========================================================================================
----------------- testing Sun Jul 12 15:04:33 UTC 2020 /home/travis/build/icyphy/ptII/ptolemy/actor/lib/test/auto/ArrayElementI.xml
----------------- Instantiating /home/travis/build/icyphy/ptII/ptolemy/actor/lib/test/auto/ArrayElementI.xml
3 ms. Memory: 264192K Free: 185856K (70%)
----------------- Invoking toplevel() on ptolemy.moml.MoMLSimpleApplication@297ab6ee
----------------- Done invoking toplevel() on ptolemy.moml.MoMLSimpleApplication@297ab6ee
reloadAllAccessors: .ArrayElementI

===========================================================================================
----------------- testing Sun Jul 12 15:04:33 UTC 2020 /home/travis/build/icyphy/ptII/ptolemy/actor/lib/test/auto/ArrayExtract.xml
----------------- Instantiating /home/travis/build/icyphy/ptII/ptolemy/actor/lib/test/auto/ArrayExtract.xml
4 ms. Memory: 264192K Free: 177150K (67%)
----------------- Invoking toplevel() on ptolemy.moml.MoMLSimpleApplication@38f867ac
----------------- Done invoking toplevel() on ptolemy.moml.MoMLSimpleApplication@38f867ac
reloadAllAccessors: .ArrayExtract

===========================================================================================
----------------- testing Sun Jul 12 15:04:33 UTC 2020 /home/travis/build/icyphy/ptII/ptolemy/actor/lib/test/auto/ArrayExtract2.xml
----------------- Instantiating /home/travis/build/icyphy/ptII/ptolemy/actor/lib/test/auto/ArrayExtract2.xml
3 ms. Memory: 264192K Free: 171999K (65%)
----------------- Invoking toplevel() on ptolemy.moml.MoMLSimpleApplication@6c0d06e9
----------------- Done invoking toplevel() on ptolemy.moml.MoMLSimpleApplication@6c0d06e9
reloadAllAccessors: .ArrayExtract2

===========================================================================================
----------------- testing Sun Jul 12 15:04:33 UTC 2020 /home/travis/build/icyphy/ptII/ptolemy/actor/lib/test/auto/ArrayLength.xml
----------------- Instantiating /home/travis/build/icyphy/ptII/ptolemy/actor/lib/test/auto/ArrayLength.xml
4 ms. Memory: 264192K Free: 167934K (64%)
----------------- Invoking toplevel() on ptolemy.moml.MoMLSimpleApplication@1f812288
----------------- Done invoking toplevel() on ptolemy.moml.MoMLSimpleApplication@1f812288
reloadAllAccessors: .ArrayLength

===========================================================================================
----------------- testing Sun Jul 12 15:04:33 UTC 2020 /home/travis/build/icyphy/ptII/ptolemy/actor/lib/test/auto/ArrayLevelCrossing.xml
----------------- Instantiating /home/travis/build/icyphy/ptII/ptolemy/actor/lib/test/auto/ArrayLevelCrossing.xml
3 ms. Memory: 264192K Free: 159742K (60%)
----------------- Invoking toplevel() on ptolemy.moml.MoMLSimpleApplication@45accbf1
----------------- Done invoking toplevel() on ptolemy.moml.MoMLSimpleApplication@45accbf1
reloadAllAccessors: .ArrayLevelCrossing

===========================================================================================
----------------- testing Sun Jul 12 15:04:33 UTC 2020 /home/travis/build/icyphy/ptII/ptolemy/actor/lib/test/auto/ArrayLevelCrossing2.xml
----------------- Instantiating /home/travis/build/icyphy/ptII/ptolemy/actor/lib/test/auto/ArrayLevelCrossing2.xml
3 ms. Memory: 264192K Free: 152574K (58%)
----------------- Invoking toplevel() on ptolemy.moml.MoMLSimpleApplication@3729864
----------------- Done invoking toplevel() on ptolemy.moml.MoMLSimpleApplication@3729864
reloadAllAccessors: .ArrayLevelCrossing2

===========================================================================================
----------------- testing Sun Jul 12 15:04:33 UTC 2020 /home/travis/build/icyphy/ptII/ptolemy/actor/lib/test/auto/ArrayPeakSearch.xml
----------------- Instantiating /home/travis/build/icyphy/ptII/ptolemy/actor/lib/test/auto/ArrayPeakSearch.xml
4 ms. Memory: 264192K Free: 143872K (54%)
----------------- Invoking toplevel() on ptolemy.moml.MoMLSimpleApplication@67a11b94
----------------- Done invoking toplevel() on ptolemy.moml.MoMLSimpleApplication@67a11b94
reloadAllAccessors: .ArrayPeakSearch

===========================================================================================
----------------- testing Sun Jul 12 15:04:33 UTC 2020 /home/travis/build/icyphy/ptII/ptolemy/actor/lib/test/auto/ArrayPeakSearch2.xml
----------------- Instantiating /home/travis/build/icyphy/ptII/ptolemy/actor/lib/test/auto/ArrayPeakSearch2.xml
4 ms. Memory: 264192K Free: 133103K (50%)
----------------- Invoking toplevel() on ptolemy.moml.MoMLSimpleApplication@702c6ccd
----------------- Done invoking toplevel() on ptolemy.moml.MoMLSimpleApplication@702c6ccd
reloadAllAccessors: .ArrayPeakSearch2

===========================================================================================
----------------- testing Sun Jul 12 15:04:33 UTC 2020 /home/travis/build/icyphy/ptII/ptolemy/actor/lib/test/auto/ArrayPeakSearch3.xml
----------------- Instantiating /home/travis/build/icyphy/ptII/ptolemy/actor/lib/test/auto/ArrayPeakSearch3.xml
4 ms. Memory: 264192K Free: 124416K (47%)
----------------- Invoking toplevel() on ptolemy.moml.MoMLSimpleApplication@333fd771
----------------- Done invoking toplevel() on ptolemy.moml.MoMLSimpleApplication@333fd771
reloadAllAccessors: .ArrayPeakSearch3

===========================================================================================
----------------- testing Sun Jul 12 15:04:33 UTC 2020 /home/travis/build/icyphy/ptII/ptolemy/actor/lib/test/auto/ArrayRemoveElement.xml
----------------- Instantiating /home/travis/build/icyphy/ptII/ptolemy/actor/lib/test/auto/ArrayRemoveElement.xml
5 ms. Memory: 264192K Free: 116224K (44%)
----------------- Invoking toplevel() on ptolemy.moml.MoMLSimpleApplication@4d895de0
----------------- Done invoking toplevel() on ptolemy.moml.MoMLSimpleApplication@4d895de0
reloadAllAccessors: .ArrayRemoveElement

===========================================================================================
----------------- testing Sun Jul 12 15:04:33 UTC 2020 /home/travis/build/icyphy/ptII/ptolemy/actor/lib/test/auto/ArraySort.xml
----------------- Instantiating /home/travis/build/icyphy/ptII/ptolemy/actor/lib/test/auto/ArraySort.xml
4 ms. Memory: 264192K Free: 107518K (41%)
----------------- Invoking toplevel() on ptolemy.moml.MoMLSimpleApplication@17ecce48
----------------- Done invoking toplevel() on ptolemy.moml.MoMLSimpleApplication@17ecce48
reloadAllAccessors: .ArraySort

===========================================================================================
----------------- testing Sun Jul 12 15:04:33 UTC 2020 /home/travis/build/icyphy/ptII/ptolemy/actor/lib/test/auto/ArraySum.xml
----------------- Instantiating /home/travis/build/icyphy/ptII/ptolemy/actor/lib/test/auto/ArraySum.xml
2 ms. Memory: 264192K Free: 101888K (39%)
----------------- Invoking toplevel() on ptolemy.moml.MoMLSimpleApplication@5d083294
----------------- Done invoking toplevel() on ptolemy.moml.MoMLSimpleApplication@5d083294
reloadAllAccessors: .ArraySum

===========================================================================================
----------------- testing Sun Jul 12 15:04:33 UTC 2020 /home/travis/build/icyphy/ptII/ptolemy/actor/lib/test/auto/ArrayToElements.xml
----------------- Instantiating /home/travis/build/icyphy/ptII/ptolemy/actor/lib/test/auto/ArrayToElements.xml
11 ms. Memory: 264192K Free: 96768K (37%)
----------------- Invoking toplevel() on ptolemy.moml.MoMLSimpleApplication@399b05a6
----------------- Done invoking toplevel() on ptolemy.moml.MoMLSimpleApplication@399b05a6
reloadAllAccessors: .ArrayToElements

===========================================================================================
----------------- testing Sun Jul 12 15:04:33 UTC 2020 /home/travis/build/icyphy/ptII/ptolemy/actor/lib/test/auto/ArrayToMatrix.xml
----------------- Instantiating /home/travis/build/icyphy/ptII/ptolemy/actor/lib/test/auto/ArrayToMatrix.xml
8 ms. Memory: 264192K Free: 82432K (31%)
----------------- Invoking toplevel() on ptolemy.moml.MoMLSimpleApplication@53f4e4c
----------------- Done invoking toplevel() on ptolemy.moml.MoMLSimpleApplication@53f4e4c
reloadAllAccessors: .ArrayToMatrix

===========================================================================================
----------------- testing Sun Jul 12 15:04:33 UTC 2020 /home/travis/build/icyphy/ptII/ptolemy/actor/lib/test/auto/ArrayUpdate1.xml
----------------- Instantiating /home/travis/build/icyphy/ptII/ptolemy/actor/lib/test/auto/ArrayUpdate1.xml
2 ms. Memory: 264192K Free: 77822K (29%)
----------------- Invoking toplevel() on ptolemy.moml.MoMLSimpleApplication@25ab4248
----------------- Done invoking toplevel() on ptolemy.moml.MoMLSimpleApplication@25ab4248
reloadAllAccessors: .ArrayUpdate1

===========================================================================================
----------------- testing Sun Jul 12 15:04:33 UTC 2020 /home/travis/build/icyphy/ptII/ptolemy/actor/lib/test/auto/ArrayUpdate2.xml
----------------- Instantiating /home/travis/build/icyphy/ptII/ptolemy/actor/lib/test/auto/ArrayUpdate2.xml
8 ms. Memory: 264192K Free: 71678K (27%)
----------------- Invoking toplevel() on ptolemy.moml.MoMLSimpleApplication@ed2afb5
----------------- Done invoking toplevel() on ptolemy.moml.MoMLSimpleApplication@ed2afb5
reloadAllAccessors: .ArrayUpdate2

===========================================================================================
----------------- testing Sun Jul 12 15:04:33 UTC 2020 /home/travis/build/icyphy/ptII/ptolemy/actor/lib/test/auto/ArrayUpdate3.xml
----------------- Instantiating /home/travis/build/icyphy/ptII/ptolemy/actor/lib/test/auto/ArrayUpdate3.xml
2 ms. Memory: 264192K Free: 212959K (81%)
----------------- Invoking toplevel() on ptolemy.moml.MoMLSimpleApplication@4834c93b
----------------- Done invoking toplevel() on ptolemy.moml.MoMLSimpleApplication@4834c93b
reloadAllAccessors: .ArrayUpdate3

===========================================================================================
----------------- testing Sun Jul 12 15:04:33 UTC 2020 /home/travis/build/icyphy/ptII/ptolemy/actor/lib/test/auto/Assert1.xml
----------------- Instantiating /home/travis/build/icyphy/ptII/ptolemy/actor/lib/test/auto/Assert1.xml
7 ms. Memory: 264192K Free: 208384K (79%)
----------------- Invoking toplevel() on ptolemy.moml.MoMLSimpleApplication@b704a50
----------------- Done invoking toplevel() on ptolemy.moml.MoMLSimpleApplication@b704a50
reloadAllAccessors: .Assert1

===========================================================================================
----------------- testing Sun Jul 12 15:04:33 UTC 2020 /home/travis/build/icyphy/ptII/ptolemy/actor/lib/test/auto/Assert2.xml
----------------- Instantiating /home/travis/build/icyphy/ptII/ptolemy/actor/lib/test/auto/Assert2.xml
9 ms. Memory: 264192K Free: 202750K (77%)
----------------- Invoking toplevel() on ptolemy.moml.MoMLSimpleApplication@cc74a84
----------------- Done invoking toplevel() on ptolemy.moml.MoMLSimpleApplication@cc74a84
reloadAllAccessors: .Assert2

===========================================================================================
----------------- testing Sun Jul 12 15:04:34 UTC 2020 /home/travis/build/icyphy/ptII/ptolemy/actor/lib/test/auto/BooleanMultiplexor.xml
----------------- Instantiating /home/travis/build/icyphy/ptII/ptolemy/actor/lib/test/auto/BooleanMultiplexor.xml
2 ms. Memory: 264192K Free: 197615K (75%)
----------------- Invoking toplevel() on ptolemy.moml.MoMLSimpleApplication@7d3bb66d
----------------- Done invoking toplevel() on ptolemy.moml.MoMLSimpleApplication@7d3bb66d
reloadAllAccessors: .BooleanMultiplexor

===========================================================================================
----------------- testing Sun Jul 12 15:04:34 UTC 2020 /home/travis/build/icyphy/ptII/ptolemy/actor/lib/test/auto/BooleanMultiplexor2.xml
----------------- Instantiating /home/travis/build/icyphy/ptII/ptolemy/actor/lib/test/auto/BooleanMultiplexor2.xml
4 ms. Memory: 264192K Free: 190976K (72%)
----------------- Invoking toplevel() on ptolemy.moml.MoMLSimpleApplication@553ed566
----------------- Done invoking toplevel() on ptolemy.moml.MoMLSimpleApplication@553ed566
reloadAllAccessors: .BooleanMultiplexor2

===========================================================================================
----------------- testing Sun Jul 12 15:04:34 UTC 2020 /home/travis/build/icyphy/ptII/ptolemy/actor/lib/test/auto/BooleanMultiplexor3.xml
----------------- Instantiating /home/travis/build/icyphy/ptII/ptolemy/actor/lib/test/auto/BooleanMultiplexor3.xml
2 ms. Memory: 264192K Free: 187390K (71%)
----------------- Invoking toplevel() on ptolemy.moml.MoMLSimpleApplication@561e9fa2
----------------- Done invoking toplevel() on ptolemy.moml.MoMLSimpleApplication@561e9fa2
reloadAllAccessors: .BooleanMultiplexor3

===========================================================================================
----------------- testing Sun Jul 12 15:04:34 UTC 2020 /home/travis/build/icyphy/ptII/ptolemy/actor/lib/test/auto/BooleanSelect.xml
----------------- Instantiating /home/travis/build/icyphy/ptII/ptolemy/actor/lib/test/auto/BooleanSelect.xml
3 ms. Memory: 264192K Free: 181215K (69%)
----------------- Invoking toplevel() on ptolemy.moml.MoMLSimpleApplication@516cf649
----------------- Done invoking toplevel() on ptolemy.moml.MoMLSimpleApplication@516cf649
reloadAllAccessors: .BooleanSelect

===========================================================================================
----------------- testing Sun Jul 12 15:04:34 UTC 2020 /home/travis/build/icyphy/ptII/ptolemy/actor/lib/test/auto/BooleanSelect2.xml
----------------- Instantiating /home/travis/build/icyphy/ptII/ptolemy/actor/lib/test/auto/BooleanSelect2.xml
1 ms. Memory: 264192K Free: 177150K (67%)
----------------- Invoking toplevel() on ptolemy.moml.MoMLSimpleApplication@2b46738b
----------------- Done invoking toplevel() on ptolemy.moml.MoMLSimpleApplication@2b46738b
reloadAllAccessors: .BooleanSelect2

===========================================================================================
----------------- testing Sun Jul 12 15:04:34 UTC 2020 /home/travis/build/icyphy/ptII/ptolemy/actor/lib/test/auto/BooleanSwitch.xml
----------------- Instantiating /home/travis/build/icyphy/ptII/ptolemy/actor/lib/test/auto/BooleanSwitch.xml
2 ms. Memory: 264192K Free: 171006K (65%)
----------------- Invoking toplevel() on ptolemy.moml.MoMLSimpleApplication@44910a99
----------------- Done invoking toplevel() on ptolemy.moml.MoMLSimpleApplication@44910a99
reloadAllAccessors: .BooleanSwitch

===========================================================================================
----------------- testing Sun Jul 12 15:04:34 UTC 2020 /home/travis/build/icyphy/ptII/ptolemy/actor/lib/test/auto/BooleanSwitch2.xml
----------------- Instantiating /home/travis/build/icyphy/ptII/ptolemy/actor/lib/test/auto/BooleanSwitch2.xml
1 ms. Memory: 264192K Free: 166910K (63%)
----------------- Invoking toplevel() on ptolemy.moml.MoMLSimpleApplication@24257364
----------------- Done invoking toplevel() on ptolemy.moml.MoMLSimpleApplication@24257364
reloadAllAccessors: .BooleanSwitch2

===========================================================================================
----------------- testing Sun Jul 12 15:04:34 UTC 2020 /home/travis/build/icyphy/ptII/ptolemy/actor/lib/test/auto/BooleanSwitchCloningBugWithClassRelationGroup.xml
----------------- Instantiating /home/travis/build/icyphy/ptII/ptolemy/actor/lib/test/auto/BooleanSwitchCloningBugWithClassRelationGroup.xml
6 ms. Memory: 264192K Free: 160256K (61%)
----------------- Invoking toplevel() on ptolemy.moml.MoMLSimpleApplication@2183c76c
----------------- Done invoking toplevel() on ptolemy.moml.MoMLSimpleApplication@2183c76c
reloadAllAccessors: .BooleanSwitchCloningBugWithClassRelationGroup

===========================================================================================
----------------- testing Sun Jul 12 15:04:34 UTC 2020 /home/travis/build/icyphy/ptII/ptolemy/actor/lib/test/auto/BusActors.xml
----------------- Instantiating /home/travis/build/icyphy/ptII/ptolemy/actor/lib/test/auto/BusActors.xml
8 ms. Memory: 264192K Free: 152574K (58%)
----------------- Invoking toplevel() on ptolemy.moml.MoMLSimpleApplication@1e43f191
----------------- Done invoking toplevel() on ptolemy.moml.MoMLSimpleApplication@1e43f191
reloadAllAccessors: .BusActors

===========================================================================================
----------------- testing Sun Jul 12 15:04:34 UTC 2020 /home/travis/build/icyphy/ptII/ptolemy/actor/lib/test/auto/ClassWrapper.xml
----------------- Instantiating /home/travis/build/icyphy/ptII/ptolemy/actor/lib/test/auto/ClassWrapper.xml
3 ms. Memory: 264192K Free: 147968K (56%)
----------------- Invoking toplevel() on ptolemy.moml.MoMLSimpleApplication@68970fc0
----------------- Done invoking toplevel() on ptolemy.moml.MoMLSimpleApplication@68970fc0
reloadAllAccessors: .ClassWrapper

===========================================================================================
----------------- testing Sun Jul 12 15:04:34 UTC 2020 /home/travis/build/icyphy/ptII/ptolemy/actor/lib/test/auto/Clock.xml
----------------- Instantiating /home/travis/build/icyphy/ptII/ptolemy/actor/lib/test/auto/Clock.xml
2 ms. Memory: 264192K Free: 144382K (55%)
----------------- Invoking toplevel() on ptolemy.moml.MoMLSimpleApplication@591253ea
----------------- Done invoking toplevel() on ptolemy.moml.MoMLSimpleApplication@591253ea
reloadAllAccessors: .Clock

===========================================================================================
----------------- testing Sun Jul 12 15:04:34 UTC 2020 /home/travis/build/icyphy/ptII/ptolemy/actor/lib/test/auto/Clock10.xml
----------------- Instantiating /home/travis/build/icyphy/ptII/ptolemy/actor/lib/test/auto/Clock10.xml
4 ms. Memory: 264192K Free: 138238K (52%)
----------------- Invoking toplevel() on ptolemy.moml.MoMLSimpleApplication@4e9fd7d9
----------------- Done invoking toplevel() on ptolemy.moml.MoMLSimpleApplication@4e9fd7d9
reloadAllAccessors: .Clock10

===========================================================================================
----------------- testing Sun Jul 12 15:04:34 UTC 2020 /home/travis/build/icyphy/ptII/ptolemy/actor/lib/test/auto/Clock11.xml
----------------- Instantiating /home/travis/build/icyphy/ptII/ptolemy/actor/lib/test/auto/Clock11.xml
6 ms. Memory: 264192K Free: 132608K (50%)
----------------- Invoking toplevel() on ptolemy.moml.MoMLSimpleApplication@4255d26a
----------------- Done invoking toplevel() on ptolemy.moml.MoMLSimpleApplication@4255d26a
reloadAllAccessors: .Clock11

===========================================================================================
----------------- testing Sun Jul 12 15:04:34 UTC 2020 /home/travis/build/icyphy/ptII/ptolemy/actor/lib/test/auto/Clock12.xml
----------------- Instantiating /home/travis/build/icyphy/ptII/ptolemy/actor/lib/test/auto/Clock12.xml
5 ms. Memory: 264192K Free: 126464K (48%)
----------------- Invoking toplevel() on ptolemy.moml.MoMLSimpleApplication@324d71e9
----------------- Done invoking toplevel() on ptolemy.moml.MoMLSimpleApplication@324d71e9
reloadAllAccessors: .Clock12

===========================================================================================
----------------- testing Sun Jul 12 15:04:34 UTC 2020 /home/travis/build/icyphy/ptII/ptolemy/actor/lib/test/auto/Clock13.xml
----------------- Instantiating /home/travis/build/icyphy/ptII/ptolemy/actor/lib/test/auto/Clock13.xml
7 ms. Memory: 264192K Free: 120799K (46%)
----------------- Invoking toplevel() on ptolemy.moml.MoMLSimpleApplication@224e7242
----------------- Done invoking toplevel() on ptolemy.moml.MoMLSimpleApplication@224e7242
reloadAllAccessors: .Clock13

===========================================================================================
----------------- testing Sun Jul 12 15:04:34 UTC 2020 /home/travis/build/icyphy/ptII/ptolemy/actor/lib/test/auto/Clock14.xml
----------------- Instantiating /home/travis/build/icyphy/ptII/ptolemy/actor/lib/test/auto/Clock14.xml
4 ms. Memory: 264192K Free: 114655K (43%)
----------------- Invoking toplevel() on ptolemy.moml.MoMLSimpleApplication@2f41192e
----------------- Done invoking toplevel() on ptolemy.moml.MoMLSimpleApplication@2f41192e
reloadAllAccessors: .Clock14

===========================================================================================
----------------- testing Sun Jul 12 15:04:34 UTC 2020 /home/travis/build/icyphy/ptII/ptolemy/actor/lib/test/auto/Clock15.xml
----------------- Instantiating /home/travis/build/icyphy/ptII/ptolemy/actor/lib/test/auto/Clock15.xml
4 ms. Memory: 264192K Free: 108511K (41%)
----------------- Invoking toplevel() on ptolemy.moml.MoMLSimpleApplication@1dcda54b
----------------- Done invoking toplevel() on ptolemy.moml.MoMLSimpleApplication@1dcda54b
reloadAllAccessors: .Clock15

===========================================================================================
----------------- testing Sun Jul 12 15:04:34 UTC 2020 /home/travis/build/icyphy/ptII/ptolemy/actor/lib/test/auto/Clock16.xml
----------------- Instantiating /home/travis/build/icyphy/ptII/ptolemy/actor/lib/test/auto/Clock16.xml
25 ms. Memory: 264192K Free: 94191K (36%)
----------------- Invoking toplevel() on ptolemy.moml.MoMLSimpleApplication@3a7b012a
----------------- Done invoking toplevel() on ptolemy.moml.MoMLSimpleApplication@3a7b012a
reloadAllAccessors: .Clock16

===========================================================================================
----------------- testing Sun Jul 12 15:04:34 UTC 2020 /home/travis/build/icyphy/ptII/ptolemy/actor/lib/test/auto/Clock17.xml
----------------- Instantiating /home/travis/build/icyphy/ptII/ptolemy/actor/lib/test/auto/Clock17.xml
23 ms. Memory: 264192K Free: 79855K (30%)
----------------- Invoking toplevel() on ptolemy.moml.MoMLSimpleApplication@5ba5007e
----------------- Done invoking toplevel() on ptolemy.moml.MoMLSimpleApplication@5ba5007e
reloadAllAccessors: .Clock17

===========================================================================================
----------------- testing Sun Jul 12 15:04:34 UTC 2020 /home/travis/build/icyphy/ptII/ptolemy/actor/lib/test/auto/Clock18.xml
----------------- Instantiating /home/travis/build/icyphy/ptII/ptolemy/actor/lib/test/auto/Clock18.xml
57 ms. Memory: 510976K Free: 460288K (90%)
----------------- Invoking toplevel() on ptolemy.moml.MoMLSimpleApplication@4cda53fd
----------------- Done invoking toplevel() on ptolemy.moml.MoMLSimpleApplication@4cda53fd
reloadAllAccessors: .Clock18

===========================================================================================
----------------- testing Sun Jul 12 15:04:34 UTC 2020 /home/travis/build/icyphy/ptII/ptolemy/actor/lib/test/auto/Clock19.xml
----------------- Instantiating /home/travis/build/icyphy/ptII/ptolemy/actor/lib/test/auto/Clock19.xml
13 ms. Memory: 510976K Free: 446455K (87%)
----------------- Invoking toplevel() on ptolemy.moml.MoMLSimpleApplication@3a5327f2
----------------- Done invoking toplevel() on ptolemy.moml.MoMLSimpleApplication@3a5327f2
reloadAllAccessors: .Clock19

===========================================================================================
----------------- testing Sun Jul 12 15:04:34 UTC 2020 /home/travis/build/icyphy/ptII/ptolemy/actor/lib/test/auto/Clock2.xml
----------------- Instantiating /home/travis/build/icyphy/ptII/ptolemy/actor/lib/test/auto/Clock2.xml
5 ms. Memory: 510976K Free: 441311K (86%)
----------------- Invoking toplevel() on ptolemy.moml.MoMLSimpleApplication@1a7b167d
----------------- Done invoking toplevel() on ptolemy.moml.MoMLSimpleApplication@1a7b167d
reloadAllAccessors: .Clock2

===========================================================================================
----------------- testing Sun Jul 12 15:04:34 UTC 2020 /home/travis/build/icyphy/ptII/ptolemy/actor/lib/test/auto/Clock20.xml
----------------- Instantiating /home/travis/build/icyphy/ptII/ptolemy/actor/lib/test/auto/Clock20.xml
6 ms. Memory: 510976K Free: 436222K (85%)
----------------- Invoking toplevel() on ptolemy.moml.MoMLSimpleApplication@212988a4
----------------- Done invoking toplevel() on ptolemy.moml.MoMLSimpleApplication@212988a4
reloadAllAccessors: .Clock20

===========================================================================================
----------------- testing Sun Jul 12 15:04:34 UTC 2020 /home/travis/build/icyphy/ptII/ptolemy/actor/lib/test/auto/Clock21.xml
----------------- Instantiating /home/travis/build/icyphy/ptII/ptolemy/actor/lib/test/auto/Clock21.xml
5 ms. Memory: 510976K Free: 430592K (84%)
----------------- Invoking toplevel() on ptolemy.moml.MoMLSimpleApplication@54b82498
----------------- Done invoking toplevel() on ptolemy.moml.MoMLSimpleApplication@54b82498
reloadAllAccessors: .Clock21

===========================================================================================
----------------- testing Sun Jul 12 15:04:34 UTC 2020 /home/travis/build/icyphy/ptII/ptolemy/actor/lib/test/auto/Clock22.xml
----------------- Instantiating /home/travis/build/icyphy/ptII/ptolemy/actor/lib/test/auto/Clock22.xml
4 ms. Memory: 510976K Free: 425472K (83%)
----------------- Invoking toplevel() on ptolemy.moml.MoMLSimpleApplication@2375dc75
----------------- Done invoking toplevel() on ptolemy.moml.MoMLSimpleApplication@2375dc75
reloadAllAccessors: .Clock22

===========================================================================================
----------------- testing Sun Jul 12 15:04:34 UTC 2020 /home/travis/build/icyphy/ptII/ptolemy/actor/lib/test/auto/Clock23.xml
----------------- Instantiating /home/travis/build/icyphy/ptII/ptolemy/actor/lib/test/auto/Clock23.xml
6 ms. Memory: 510976K Free: 419838K (82%)
----------------- Invoking toplevel() on ptolemy.moml.MoMLSimpleApplication@68a4f32e
----------------- Done invoking toplevel() on ptolemy.moml.MoMLSimpleApplication@68a4f32e
reloadAllAccessors: .Clock23

===========================================================================================
----------------- testing Sun Jul 12 15:04:34 UTC 2020 /home/travis/build/icyphy/ptII/ptolemy/actor/lib/test/auto/Clock24.xml
----------------- Instantiating /home/travis/build/icyphy/ptII/ptolemy/actor/lib/test/auto/Clock24.xml
6 ms. Memory: 510976K Free: 414208K (81%)
----------------- Invoking toplevel() on ptolemy.moml.MoMLSimpleApplication@2e78477d
----------------- Done invoking toplevel() on ptolemy.moml.MoMLSimpleApplication@2e78477d
reloadAllAccessors: .Clock24

===========================================================================================
----------------- testing Sun Jul 12 15:04:34 UTC 2020 /home/travis/build/icyphy/ptII/ptolemy/actor/lib/test/auto/Clock4.xml
----------------- Instantiating /home/travis/build/icyphy/ptII/ptolemy/actor/lib/test/auto/Clock4.xml
1 ms. Memory: 510976K Free: 409567K (80%)
----------------- Invoking toplevel() on ptolemy.moml.MoMLSimpleApplication@260e2ff4
----------------- Done invoking toplevel() on ptolemy.moml.MoMLSimpleApplication@260e2ff4
reloadAllAccessors: .Clock4

===========================================================================================
----------------- testing Sun Jul 12 15:04:34 UTC 2020 /home/travis/build/icyphy/ptII/ptolemy/actor/lib/test/auto/Clock5.xml
----------------- Instantiating /home/travis/build/icyphy/ptII/ptolemy/actor/lib/test/auto/Clock5.xml
2 ms. Memory: 510976K Free: 403968K (79%)
----------------- Invoking toplevel() on ptolemy.moml.MoMLSimpleApplication@38953b59
----------------- Done invoking toplevel() on ptolemy.moml.MoMLSimpleApplication@38953b59
reloadAllAccessors: .Clock5

===========================================================================================
----------------- testing Sun Jul 12 15:04:34 UTC 2020 /home/travis/build/icyphy/ptII/ptolemy/actor/lib/test/auto/Clock6.xml
----------------- Instantiating /home/travis/build/icyphy/ptII/ptolemy/actor/lib/test/auto/Clock6.xml
3 ms. Memory: 510976K Free: 399872K (78%)
----------------- Invoking toplevel() on ptolemy.moml.MoMLSimpleApplication@2d27799a
----------------- Done invoking toplevel() on ptolemy.moml.MoMLSimpleApplication@2d27799a
reloadAllAccessors: .Clock6

===========================================================================================
----------------- testing Sun Jul 12 15:04:34 UTC 2020 /home/travis/build/icyphy/ptII/ptolemy/actor/lib/test/auto/Clock7.xml
----------------- Instantiating /home/travis/build/icyphy/ptII/ptolemy/actor/lib/test/auto/Clock7.xml
2 ms. Memory: 510976K Free: 395262K (77%)
----------------- Invoking toplevel() on ptolemy.moml.MoMLSimpleApplication@ee4c5fc
----------------- Done invoking toplevel() on ptolemy.moml.MoMLSimpleApplication@ee4c5fc
reloadAllAccessors: .Clock7

===========================================================================================
----------------- testing Sun Jul 12 15:04:34 UTC 2020 /home/travis/build/icyphy/ptII/ptolemy/actor/lib/test/auto/Clock8.xml
----------------- Instantiating /home/travis/build/icyphy/ptII/ptolemy/actor/lib/test/auto/Clock8.xml
4 ms. Memory: 510976K Free: 389632K (76%)
----------------- Invoking toplevel() on ptolemy.moml.MoMLSimpleApplication@683bd0c8
----------------- Done invoking toplevel() on ptolemy.moml.MoMLSimpleApplication@683bd0c8
reloadAllAccessors: .Clock8

===========================================================================================
----------------- testing Sun Jul 12 15:04:34 UTC 2020 /home/travis/build/icyphy/ptII/ptolemy/actor/lib/test/auto/Clock9.xml
----------------- Instantiating /home/travis/build/icyphy/ptII/ptolemy/actor/lib/test/auto/Clock9.xml
4 ms. Memory: 510976K Free: 384512K (75%)
----------------- Invoking toplevel() on ptolemy.moml.MoMLSimpleApplication@2c310d6b
----------------- Done invoking toplevel() on ptolemy.moml.MoMLSimpleApplication@2c310d6b
reloadAllAccessors: .Clock9

===========================================================================================
----------------- testing Sun Jul 12 15:04:34 UTC 2020 /home/travis/build/icyphy/ptII/ptolemy/actor/lib/test/auto/CommDistDiscard.xml
----------------- Instantiating /home/travis/build/icyphy/ptII/ptolemy/actor/lib/test/auto/CommDistDiscard.xml
5 ms. Memory: 510976K Free: 378878K (74%)
----------------- Invoking toplevel() on ptolemy.moml.MoMLSimpleApplication@23d35a9b
----------------- Done invoking toplevel() on ptolemy.moml.MoMLSimpleApplication@23d35a9b
reloadAllAccessors: .CommDistDiscard

===========================================================================================
----------------- testing Sun Jul 12 15:04:34 UTC 2020 /home/travis/build/icyphy/ptII/ptolemy/actor/lib/test/auto/Commutator.xml
----------------- Instantiating /home/travis/build/icyphy/ptII/ptolemy/actor/lib/test/auto/Commutator.xml
4 ms. Memory: 510976K Free: 374782K (73%)
----------------- Invoking toplevel() on ptolemy.moml.MoMLSimpleApplication@56a926e0
----------------- Done invoking toplevel() on ptolemy.moml.MoMLSimpleApplication@56a926e0
reloadAllAccessors: .Commutator

===========================================================================================
----------------- testing Sun Jul 12 15:04:35 UTC 2020 /home/travis/build/icyphy/ptII/ptolemy/actor/lib/test/auto/Commutator2.xml
----------------- Instantiating /home/travis/build/icyphy/ptII/ptolemy/actor/lib/test/auto/Commutator2.xml
3 ms. Memory: 510976K Free: 370176K (72%)
----------------- Invoking toplevel() on ptolemy.moml.MoMLSimpleApplication@7a07b5c1
----------------- Done invoking toplevel() on ptolemy.moml.MoMLSimpleApplication@7a07b5c1
reloadAllAccessors: .Commutator2

===========================================================================================
----------------- testing Sun Jul 12 15:04:35 UTC 2020 /home/travis/build/icyphy/ptII/ptolemy/actor/lib/test/auto/Commutator3.xml
----------------- Instantiating /home/travis/build/icyphy/ptII/ptolemy/actor/lib/test/auto/Commutator3.xml
3 ms. Memory: 510976K Free: 365566K (72%)
----------------- Invoking toplevel() on ptolemy.moml.MoMLSimpleApplication@2e505fec
----------------- Done invoking toplevel() on ptolemy.moml.MoMLSimpleApplication@2e505fec
reloadAllAccessors: .Commutator3

===========================================================================================
----------------- testing Sun Jul 12 15:04:35 UTC 2020 /home/travis/build/icyphy/ptII/ptolemy/actor/lib/test/auto/Compare.xml
----------------- Instantiating /home/travis/build/icyphy/ptII/ptolemy/actor/lib/test/auto/Compare.xml
3 ms. Memory: 510976K Free: 359422K (70%)
----------------- Invoking toplevel() on ptolemy.moml.MoMLSimpleApplication@2b474746
----------------- Done invoking toplevel() on ptolemy.moml.MoMLSimpleApplication@2b474746
reloadAllAccessors: .Compare

===========================================================================================
----------------- testing Sun Jul 12 15:04:35 UTC 2020 /home/travis/build/icyphy/ptII/ptolemy/actor/lib/test/auto/CompareDE.xml
----------------- Instantiating /home/travis/build/icyphy/ptII/ptolemy/actor/lib/test/auto/CompareDE.xml
4 ms. Memory: 510976K Free: 352239K (69%)
----------------- Invoking toplevel() on ptolemy.moml.MoMLSimpleApplication@64892d93
----------------- Done invoking toplevel() on ptolemy.moml.MoMLSimpleApplication@64892d93
reloadAllAccessors: .CompareDE

===========================================================================================
----------------- testing Sun Jul 12 15:04:35 UTC 2020 /home/travis/build/icyphy/ptII/ptolemy/actor/lib/test/auto/ComplexDivide.xml
----------------- Instantiating /home/travis/build/icyphy/ptII/ptolemy/actor/lib/test/auto/ComplexDivide.xml
2 ms. Memory: 510976K Free: 348672K (68%)
----------------- Invoking toplevel() on ptolemy.moml.MoMLSimpleApplication@7c59dc2d
----------------- Done invoking toplevel() on ptolemy.moml.MoMLSimpleApplication@7c59dc2d
reloadAllAccessors: .ComplexDivide

===========================================================================================
----------------- testing Sun Jul 12 15:04:35 UTC 2020 /home/travis/build/icyphy/ptII/ptolemy/actor/lib/test/auto/ComputeHistogram.xml
----------------- Instantiating /home/travis/build/icyphy/ptII/ptolemy/actor/lib/test/auto/ComputeHistogram.xml
37 ms. Memory: 510976K Free: 336384K (66%)
----------------- Invoking toplevel() on ptolemy.moml.MoMLSimpleApplication@4b366531
----------------- Done invoking toplevel() on ptolemy.moml.MoMLSimpleApplication@4b366531
reloadAllAccessors: .ComputeHistogram

===========================================================================================
----------------- testing Sun Jul 12 15:04:35 UTC 2020 /home/travis/build/icyphy/ptII/ptolemy/actor/lib/test/auto/ConfigurationSelect.xml
----------------- Instantiating /home/travis/build/icyphy/ptII/ptolemy/actor/lib/test/auto/ConfigurationSelect.xml
3 ms. Memory: 510976K Free: 330719K (65%)
----------------- Invoking toplevel() on ptolemy.moml.MoMLSimpleApplication@56cd1de3
----------------- Done invoking toplevel() on ptolemy.moml.MoMLSimpleApplication@56cd1de3
reloadAllAccessors: .ConfigurationSelect

===========================================================================================
----------------- testing Sun Jul 12 15:04:35 UTC 2020 /home/travis/build/icyphy/ptII/ptolemy/actor/lib/test/auto/ConfigurationSelect2.xml
----------------- Instantiating /home/travis/build/icyphy/ptII/ptolemy/actor/lib/test/auto/ConfigurationSelect2.xml
3 ms. Memory: 510976K Free: 326654K (64%)
----------------- Invoking toplevel() on ptolemy.moml.MoMLSimpleApplication@4ebef1d2
----------------- Done invoking toplevel() on ptolemy.moml.MoMLSimpleApplication@4ebef1d2
reloadAllAccessors: .ConfigurationSelect2

===========================================================================================
----------------- testing Sun Jul 12 15:04:35 UTC 2020 /home/travis/build/icyphy/ptII/ptolemy/actor/lib/test/auto/ConfigurationSwitch.xml
----------------- Instantiating /home/travis/build/icyphy/ptII/ptolemy/actor/lib/test/auto/ConfigurationSwitch.xml
3 ms. Memory: 510976K Free: 321024K (63%)
----------------- Invoking toplevel() on ptolemy.moml.MoMLSimpleApplication@2e8a658b
----------------- Done invoking toplevel() on ptolemy.moml.MoMLSimpleApplication@2e8a658b
reloadAllAccessors: .ConfigurationSwitch

===========================================================================================
----------------- testing Sun Jul 12 15:04:35 UTC 2020 /home/travis/build/icyphy/ptII/ptolemy/actor/lib/test/auto/ConfigurationSwitch2.xml
----------------- Instantiating /home/travis/build/icyphy/ptII/ptolemy/actor/lib/test/auto/ConfigurationSwitch2.xml
2 ms. Memory: 510976K Free: 315390K (62%)
----------------- Invoking toplevel() on ptolemy.moml.MoMLSimpleApplication@2f35334f
----------------- Done invoking toplevel() on ptolemy.moml.MoMLSimpleApplication@2f35334f
reloadAllAccessors: .ConfigurationSwitch2

===========================================================================================
----------------- testing Sun Jul 12 15:04:35 UTC 2020 /home/travis/build/icyphy/ptII/ptolemy/actor/lib/test/auto/ConfigurationSwitchCloningBugWithClassRelationGroup.xml
----------------- Instantiating /home/travis/build/icyphy/ptII/ptolemy/actor/lib/test/auto/ConfigurationSwitchCloningBugWithClassRelationGroup.xml
1 ms. Memory: 510976K Free: 308736K (60%)
----------------- Invoking toplevel() on ptolemy.moml.MoMLSimpleApplication@45380a1c
----------------- Done invoking toplevel() on ptolemy.moml.MoMLSimpleApplication@45380a1c
reloadAllAccessors: .ConfigurationSwitchCloningBugWithClassRelationGroup

===========================================================================================
----------------- testing Sun Jul 12 15:04:35 UTC 2020 /home/travis/build/icyphy/ptII/ptolemy/actor/lib/test/auto/ConfigurationSwitchSelectSDF.xml
----------------- Instantiating /home/travis/build/icyphy/ptII/ptolemy/actor/lib/test/auto/ConfigurationSwitchSelectSDF.xml
3 ms. Memory: 510976K Free: 302592K (59%)
----------------- Invoking toplevel() on ptolemy.moml.MoMLSimpleApplication@3c2423f9
----------------- Done invoking toplevel() on ptolemy.moml.MoMLSimpleApplication@3c2423f9
reloadAllAccessors: .ConfigurationSwitchSelectSDF

===========================================================================================
----------------- testing Sun Jul 12 15:04:35 UTC 2020 /home/travis/build/icyphy/ptII/ptolemy/actor/lib/test/auto/ConfigurationSwitchSelectSDF2.xml
----------------- Instantiating /home/travis/build/icyphy/ptII/ptolemy/actor/lib/test/auto/ConfigurationSwitchSelectSDF2.xml
2 ms. Memory: 510976K Free: 297472K (58%)
----------------- Invoking toplevel() on ptolemy.moml.MoMLSimpleApplication@aafd053
----------------- Done invoking toplevel() on ptolemy.moml.MoMLSimpleApplication@aafd053
reloadAllAccessors: .ConfigurationSwitchSelectSDF2

===========================================================================================
----------------- testing Sun Jul 12 15:04:35 UTC 2020 /home/travis/build/icyphy/ptII/ptolemy/actor/lib/test/auto/Const.xml
----------------- Instantiating /home/travis/build/icyphy/ptII/ptolemy/actor/lib/test/auto/Const.xml
1 ms. Memory: 510976K Free: 293886K (58%)
----------------- Invoking toplevel() on ptolemy.moml.MoMLSimpleApplication@3894c831
----------------- Done invoking toplevel() on ptolemy.moml.MoMLSimpleApplication@3894c831
reloadAllAccessors: .Const

===========================================================================================
----------------- testing Sun Jul 12 15:04:35 UTC 2020 /home/travis/build/icyphy/ptII/ptolemy/actor/lib/test/auto/Const2.xml
----------------- Instantiating /home/travis/build/icyphy/ptII/ptolemy/actor/lib/test/auto/Const2.xml
1 ms. Memory: 510976K Free: 289790K (57%)
----------------- Invoking toplevel() on ptolemy.moml.MoMLSimpleApplication@29cfc80c
----------------- Done invoking toplevel() on ptolemy.moml.MoMLSimpleApplication@29cfc80c
reloadAllAccessors: .Const2

===========================================================================================
----------------- testing Sun Jul 12 15:04:35 UTC 2020 /home/travis/build/icyphy/ptII/ptolemy/actor/lib/test/auto/Const3.xml
----------------- Instantiating /home/travis/build/icyphy/ptII/ptolemy/actor/lib/test/auto/Const3.xml
1 ms. Memory: 510976K Free: 287232K (56%)
----------------- Invoking toplevel() on ptolemy.moml.MoMLSimpleApplication@535e14cd
----------------- Done invoking toplevel() on ptolemy.moml.MoMLSimpleApplication@535e14cd
reloadAllAccessors: .Const3

===========================================================================================
----------------- testing Sun Jul 12 15:04:35 UTC 2020 /home/travis/build/icyphy/ptII/ptolemy/actor/lib/test/auto/ConstantPublisherPort1.xml
----------------- Instantiating /home/travis/build/icyphy/ptII/ptolemy/actor/lib/test/auto/ConstantPublisherPort1.xml
6 ms. Memory: 510976K Free: 278526K (55%)
----------------- Invoking toplevel() on ptolemy.moml.MoMLSimpleApplication@64714554
----------------- Done invoking toplevel() on ptolemy.moml.MoMLSimpleApplication@64714554
reloadAllAccessors: .ConstantPublisherPort1

===========================================================================================
----------------- testing Sun Jul 12 15:04:35 UTC 2020 /home/travis/build/icyphy/ptII/ptolemy/actor/lib/test/auto/ConstantPublisherPort2.xml
----------------- Instantiating /home/travis/build/icyphy/ptII/ptolemy/actor/lib/test/auto/ConstantPublisherPort2.xml
9 ms. Memory: 510976K Free: 270848K (53%)
----------------- Invoking toplevel() on ptolemy.moml.MoMLSimpleApplication@5d1375f9
----------------- Done invoking toplevel() on ptolemy.moml.MoMLSimpleApplication@5d1375f9
reloadAllAccessors: .ConstantPublisherPort2

===========================================================================================
----------------- testing Sun Jul 12 15:04:35 UTC 2020 /home/travis/build/icyphy/ptII/ptolemy/actor/lib/test/auto/ConstantPublisherPort3.xml
----------------- Instantiating /home/travis/build/icyphy/ptII/ptolemy/actor/lib/test/auto/ConstantPublisherPort3.xml
8 ms. Memory: 510976K Free: 263680K (52%)
----------------- Invoking toplevel() on ptolemy.moml.MoMLSimpleApplication@7087d450
----------------- Done invoking toplevel() on ptolemy.moml.MoMLSimpleApplication@7087d450
reloadAllAccessors: .ConstantPublisherPort3

===========================================================================================
----------------- testing Sun Jul 12 15:04:35 UTC 2020 /home/travis/build/icyphy/ptII/ptolemy/actor/lib/test/auto/ConstantPublisherPort4.xml
----------------- Instantiating /home/travis/build/icyphy/ptII/ptolemy/actor/lib/test/auto/ConstantPublisherPort4.xml
3 ms. Memory: 510976K Free: 256512K (50%)
----------------- Invoking toplevel() on ptolemy.moml.MoMLSimpleApplication@2563b6e5
----------------- Done invoking toplevel() on ptolemy.moml.MoMLSimpleApplication@2563b6e5
reloadAllAccessors: .ConstantPublisherPort4

===========================================================================================
----------------- testing Sun Jul 12 15:04:35 UTC 2020 /home/travis/build/icyphy/ptII/ptolemy/actor/lib/test/auto/ConstantPublisherPort5.xml
----------------- Instantiating /home/travis/build/icyphy/ptII/ptolemy/actor/lib/test/auto/ConstantPublisherPort5.xml
22 ms. Memory: 510976K Free: 247296K (48%)
----------------- Invoking toplevel() on ptolemy.moml.MoMLSimpleApplication@4d8ec282
----------------- Done invoking toplevel() on ptolemy.moml.MoMLSimpleApplication@4d8ec282
reloadAllAccessors: .ConstantPublisherPort5

===========================================================================================
----------------- testing Sun Jul 12 15:04:35 UTC 2020 /home/travis/build/icyphy/ptII/ptolemy/actor/lib/test/auto/ConstantPublisherPort6.xml
----------------- Instantiating /home/travis/build/icyphy/ptII/ptolemy/actor/lib/test/auto/ConstantPublisherPort6.xml
15 ms. Memory: 510976K Free: 238590K (47%)
----------------- Invoking toplevel() on ptolemy.moml.MoMLSimpleApplication@3d56f1e9
----------------- Done invoking toplevel() on ptolemy.moml.MoMLSimpleApplication@3d56f1e9
reloadAllAccessors: .ConstantPublisherPort6

===========================================================================================
----------------- testing Sun Jul 12 15:04:35 UTC 2020 /home/travis/build/icyphy/ptII/ptolemy/actor/lib/test/auto/ConstantPublisherPort7.xml
----------------- Instantiating /home/travis/build/icyphy/ptII/ptolemy/actor/lib/test/auto/ConstantPublisherPort7.xml
17 ms. Memory: 510976K Free: 228864K (45%)
----------------- Invoking toplevel() on ptolemy.moml.MoMLSimpleApplication@22e7d50
----------------- Done invoking toplevel() on ptolemy.moml.MoMLSimpleApplication@22e7d50
reloadAllAccessors: .ConstantPublisherPort7

===========================================================================================
----------------- testing Sun Jul 12 15:04:35 UTC 2020 /home/travis/build/icyphy/ptII/ptolemy/actor/lib/test/auto/ConstraintMonitor1.xml
----------------- Instantiating /home/travis/build/icyphy/ptII/ptolemy/actor/lib/test/auto/ConstraintMonitor1.xml
7 ms. Memory: 510976K Free: 223744K (44%)
----------------- Invoking toplevel() on ptolemy.moml.MoMLSimpleApplication@100da610
----------------- Done invoking toplevel() on ptolemy.moml.MoMLSimpleApplication@100da610
reloadAllAccessors: .ConstraintMonitor1

===========================================================================================
----------------- testing Sun Jul 12 15:04:35 UTC 2020 /home/travis/build/icyphy/ptII/ptolemy/actor/lib/test/auto/ConstraintMonitor2.xml
----------------- Instantiating /home/travis/build/icyphy/ptII/ptolemy/actor/lib/test/auto/ConstraintMonitor2.xml
4 ms. Memory: 510976K Free: 219648K (43%)
----------------- Invoking toplevel() on ptolemy.moml.MoMLSimpleApplication@b367def
----------------- Done invoking toplevel() on ptolemy.moml.MoMLSimpleApplication@b367def
reloadAllAccessors: .ConstraintMonitor2

===========================================================================================
----------------- testing Sun Jul 12 15:04:35 UTC 2020 /home/travis/build/icyphy/ptII/ptolemy/actor/lib/test/auto/ConstraintMonitor3.xml
----------------- Instantiating /home/travis/build/icyphy/ptII/ptolemy/actor/lib/test/auto/ConstraintMonitor3.xml
2 ms. Memory: 510976K Free: 215038K (42%)
----------------- Invoking toplevel() on ptolemy.moml.MoMLSimpleApplication@6c5144f
----------------- Done invoking toplevel() on ptolemy.moml.MoMLSimpleApplication@6c5144f
reloadAllAccessors: .ConstraintMonitor3

===========================================================================================
----------------- testing Sun Jul 12 15:04:35 UTC 2020 /home/travis/build/icyphy/ptII/ptolemy/actor/lib/test/auto/ConstraintMonitor4.xml
----------------- Instantiating /home/travis/build/icyphy/ptII/ptolemy/actor/lib/test/auto/ConstraintMonitor4.xml
1 ms. Memory: 510976K Free: 209918K (41%)
----------------- Invoking toplevel() on ptolemy.moml.MoMLSimpleApplication@5e61319a
----------------- Done invoking toplevel() on ptolemy.moml.MoMLSimpleApplication@5e61319a
reloadAllAccessors: .ConstraintMonitor4

===========================================================================================
----------------- testing Sun Jul 12 15:04:35 UTC 2020 /home/travis/build/icyphy/ptII/ptolemy/actor/lib/test/auto/ConstraintMonitor5.xml
----------------- Instantiating /home/travis/build/icyphy/ptII/ptolemy/actor/lib/test/auto/ConstraintMonitor5.xml
4 ms. Memory: 510976K Free: 205312K (40%)
----------------- Invoking toplevel() on ptolemy.moml.MoMLSimpleApplication@44707255
----------------- Done invoking toplevel() on ptolemy.moml.MoMLSimpleApplication@44707255
reloadAllAccessors: .ConstraintMonitor5

===========================================================================================
----------------- testing Sun Jul 12 15:04:35 UTC 2020 /home/travis/build/icyphy/ptII/ptolemy/actor/lib/test/auto/ConstraintMonitor6.xml
----------------- Instantiating /home/travis/build/icyphy/ptII/ptolemy/actor/lib/test/auto/ConstraintMonitor6.xml
5 ms. Memory: 510976K Free: 199168K (39%)
----------------- Invoking toplevel() on ptolemy.moml.MoMLSimpleApplication@40902e6c
----------------- Done invoking toplevel() on ptolemy.moml.MoMLSimpleApplication@40902e6c
reloadAllAccessors: .ConstraintMonitor6

===========================================================================================
----------------- testing Sun Jul 12 15:04:35 UTC 2020 /home/travis/build/icyphy/ptII/ptolemy/actor/lib/test/auto/ConstraintMonitor7.xml
----------------- Instantiating /home/travis/build/icyphy/ptII/ptolemy/actor/lib/test/auto/ConstraintMonitor7.xml
2 ms. Memory: 510976K Free: 192479K (38%)
----------------- Invoking toplevel() on ptolemy.moml.MoMLSimpleApplication@37fae802
----------------- Done invoking toplevel() on ptolemy.moml.MoMLSimpleApplication@37fae802
reloadAllAccessors: .ConstraintMonitor7

===========================================================================================
----------------- testing Sun Jul 12 15:04:35 UTC 2020 /home/travis/build/icyphy/ptII/ptolemy/actor/lib/test/auto/ConstraintMonitor8.xml
----------------- Instantiating /home/travis/build/icyphy/ptII/ptolemy/actor/lib/test/auto/ConstraintMonitor8.xml
5 ms. Memory: 510976K Free: 185342K (36%)
----------------- Invoking toplevel() on ptolemy.moml.MoMLSimpleApplication@239fa96f
----------------- Done invoking toplevel() on ptolemy.moml.MoMLSimpleApplication@239fa96f
reloadAllAccessors: .ConstraintMonitor8

===========================================================================================
----------------- testing Sun Jul 12 15:04:35 UTC 2020 /home/travis/build/icyphy/ptII/ptolemy/actor/lib/test/auto/Counter.xml
----------------- Instantiating /home/travis/build/icyphy/ptII/ptolemy/actor/lib/test/auto/Counter.xml
2 ms. Memory: 510976K Free: 180222K (35%)
----------------- Invoking toplevel() on ptolemy.moml.MoMLSimpleApplication@14ef6c65
----------------- Done invoking toplevel() on ptolemy.moml.MoMLSimpleApplication@14ef6c65
reloadAllAccessors: .Counter

===========================================================================================
----------------- testing Sun Jul 12 15:04:35 UTC 2020 /home/travis/build/icyphy/ptII/ptolemy/actor/lib/test/auto/CurrentTimeSDF.xml
----------------- Instantiating /home/travis/build/icyphy/ptII/ptolemy/actor/lib/test/auto/CurrentTimeSDF.xml
1 ms. Memory: 510976K Free: 176126K (34%)
----------------- Invoking toplevel() on ptolemy.moml.MoMLSimpleApplication@50066233
----------------- Done invoking toplevel() on ptolemy.moml.MoMLSimpleApplication@50066233
reloadAllAccessors: .CurrentTimeSDF

===========================================================================================
----------------- testing Sun Jul 12 15:04:35 UTC 2020 /home/travis/build/icyphy/ptII/ptolemy/actor/lib/test/auto/DB.xml
----------------- Instantiating /home/travis/build/icyphy/ptII/ptolemy/actor/lib/test/auto/DB.xml
2 ms. Memory: 510976K Free: 171520K (34%)
----------------- Invoking toplevel() on ptolemy.moml.MoMLSimpleApplication@3359e601
----------------- Done invoking toplevel() on ptolemy.moml.MoMLSimpleApplication@3359e601
reloadAllAccessors: .DB

===========================================================================================
----------------- testing Sun Jul 12 15:04:35 UTC 2020 /home/travis/build/icyphy/ptII/ptolemy/actor/lib/test/auto/DBDE.xml
----------------- Instantiating /home/travis/build/icyphy/ptII/ptolemy/actor/lib/test/auto/DBDE.xml
3 ms. Memory: 510976K Free: 459776K (90%)
----------------- Invoking toplevel() on ptolemy.moml.MoMLSimpleApplication@60940cea
----------------- Done invoking toplevel() on ptolemy.moml.MoMLSimpleApplication@60940cea
reloadAllAccessors: .DBDE

===========================================================================================
----------------- testing Sun Jul 12 15:04:35 UTC 2020 /home/travis/build/icyphy/ptII/ptolemy/actor/lib/test/auto/DateConstructor.xml
----------------- Instantiating /home/travis/build/icyphy/ptII/ptolemy/actor/lib/test/auto/DateConstructor.xml
24 ms. Memory: 510976K Free: 441854K (86%)
----------------- Invoking toplevel() on ptolemy.moml.MoMLSimpleApplication@7f99119f
----------------- Done invoking toplevel() on ptolemy.moml.MoMLSimpleApplication@7f99119f
reloadAllAccessors: .DateConstructor

===========================================================================================
----------------- testing Sun Jul 12 15:04:35 UTC 2020 /home/travis/build/icyphy/ptII/ptolemy/actor/lib/test/auto/DelayTime.xml
----------------- Instantiating /home/travis/build/icyphy/ptII/ptolemy/actor/lib/test/auto/DelayTime.xml
5 ms. Memory: 510976K Free: 436734K (85%)
----------------- Invoking toplevel() on ptolemy.moml.MoMLSimpleApplication@1f3d7220
----------------- Done invoking toplevel() on ptolemy.moml.MoMLSimpleApplication@1f3d7220
reloadAllAccessors: .DelayTime

===========================================================================================
----------------- testing Sun Jul 12 15:04:36 UTC 2020 /home/travis/build/icyphy/ptII/ptolemy/actor/lib/test/auto/Dictionary1.xml
----------------- Instantiating /home/travis/build/icyphy/ptII/ptolemy/actor/lib/test/auto/Dictionary1.xml
2 ms. Memory: 510976K Free: 431104K (84%)
----------------- Invoking toplevel() on ptolemy.moml.MoMLSimpleApplication@49d16115
----------------- Done invoking toplevel() on ptolemy.moml.MoMLSimpleApplication@49d16115
reloadAllAccessors: .Dictionary1

===========================================================================================
----------------- testing Sun Jul 12 15:04:36 UTC 2020 /home/travis/build/icyphy/ptII/ptolemy/actor/lib/test/auto/Dictionary2.xml
----------------- Instantiating /home/travis/build/icyphy/ptII/ptolemy/actor/lib/test/auto/Dictionary2.xml
3 ms. Memory: 510976K Free: 425984K (83%)
----------------- Invoking toplevel() on ptolemy.moml.MoMLSimpleApplication@14a13c37
----------------- Done invoking toplevel() on ptolemy.moml.MoMLSimpleApplication@14a13c37
reloadAllAccessors: .Dictionary2

===========================================================================================
----------------- testing Sun Jul 12 15:04:36 UTC 2020 /home/travis/build/icyphy/ptII/ptolemy/actor/lib/test/auto/Dictionary3.xml
----------------- Instantiating /home/travis/build/icyphy/ptII/ptolemy/actor/lib/test/auto/Dictionary3.xml
1 ms. Memory: 510976K Free: 420350K (82%)
----------------- Invoking toplevel() on ptolemy.moml.MoMLSimpleApplication@67245c27
----------------- Done invoking toplevel() on ptolemy.moml.MoMLSimpleApplication@67245c27
reloadAllAccessors: .Dictionary3

===========================================================================================
----------------- testing Sun Jul 12 15:04:36 UTC 2020 /home/travis/build/icyphy/ptII/ptolemy/actor/lib/test/auto/Dictionary4.xml
----------------- Instantiating /home/travis/build/icyphy/ptII/ptolemy/actor/lib/test/auto/Dictionary4.xml
3 ms. Memory: 510976K Free: 413182K (81%)
----------------- Invoking toplevel() on ptolemy.moml.MoMLSimpleApplication@6e12a3fb
----------------- Done invoking toplevel() on ptolemy.moml.MoMLSimpleApplication@6e12a3fb
reloadAllAccessors: .Dictionary4

===========================================================================================
----------------- testing Sun Jul 12 15:04:36 UTC 2020 /home/travis/build/icyphy/ptII/ptolemy/actor/lib/test/auto/Differential.xml
----------------- Instantiating /home/travis/build/icyphy/ptII/ptolemy/actor/lib/test/auto/Differential.xml
3 ms. Memory: 510976K Free: 409086K (80%)
----------------- Invoking toplevel() on ptolemy.moml.MoMLSimpleApplication@16dd4340
----------------- Done invoking toplevel() on ptolemy.moml.MoMLSimpleApplication@16dd4340
reloadAllAccessors: .Differential

===========================================================================================
----------------- testing Sun Jul 12 15:04:36 UTC 2020 /home/travis/build/icyphy/ptII/ptolemy/actor/lib/test/auto/Director.xml
----------------- Instantiating /home/travis/build/icyphy/ptII/ptolemy/actor/lib/test/auto/Director.xml
1 ms. Memory: 510976K Free: 405504K (79%)
----------------- Invoking toplevel() on ptolemy.moml.MoMLSimpleApplication@14d8c169
----------------- Done invoking toplevel() on ptolemy.moml.MoMLSimpleApplication@14d8c169
reloadAllAccessors: .Director

===========================================================================================
----------------- testing Sun Jul 12 15:04:36 UTC 2020 /home/travis/build/icyphy/ptII/ptolemy/actor/lib/test/auto/DiscreteClock.xml
----------------- Instantiating /home/travis/build/icyphy/ptII/ptolemy/actor/lib/test/auto/DiscreteClock.xml
1 ms. Memory: 510976K Free: 401408K (79%)
----------------- Invoking toplevel() on ptolemy.moml.MoMLSimpleApplication@3da5b08e
----------------- Done invoking toplevel() on ptolemy.moml.MoMLSimpleApplication@3da5b08e
reloadAllAccessors: .DiscreteClock

===========================================================================================
----------------- testing Sun Jul 12 15:04:36 UTC 2020 /home/travis/build/icyphy/ptII/ptolemy/actor/lib/test/auto/DiscreteClock10.xml
----------------- Instantiating /home/travis/build/icyphy/ptII/ptolemy/actor/lib/test/auto/DiscreteClock10.xml
4 ms. Memory: 510976K Free: 395264K (77%)
----------------- Invoking toplevel() on ptolemy.moml.MoMLSimpleApplication@5e91b377
----------------- Done invoking toplevel() on ptolemy.moml.MoMLSimpleApplication@5e91b377
reloadAllAccessors: .DiscreteClock10

===========================================================================================
----------------- testing Sun Jul 12 15:04:36 UTC 2020 /home/travis/build/icyphy/ptII/ptolemy/actor/lib/test/auto/DiscreteClock11.xml
----------------- Instantiating /home/travis/build/icyphy/ptII/ptolemy/actor/lib/test/auto/DiscreteClock11.xml
2 ms. Memory: 510976K Free: 389630K (76%)
----------------- Invoking toplevel() on ptolemy.moml.MoMLSimpleApplication@4c01c83c
----------------- Done invoking toplevel() on ptolemy.moml.MoMLSimpleApplication@4c01c83c
reloadAllAccessors: .DiscreteClock11

===========================================================================================
----------------- testing Sun Jul 12 15:04:36 UTC 2020 /home/travis/build/icyphy/ptII/ptolemy/actor/lib/test/auto/DiscreteClock12.xml
----------------- Instantiating /home/travis/build/icyphy/ptII/ptolemy/actor/lib/test/auto/DiscreteClock12.xml
2 ms. Memory: 510976K Free: 383486K (75%)
----------------- Invoking toplevel() on ptolemy.moml.MoMLSimpleApplication@6c87854f
----------------- Done invoking toplevel() on ptolemy.moml.MoMLSimpleApplication@6c87854f
reloadAllAccessors: .DiscreteClock12

===========================================================================================
----------------- testing Sun Jul 12 15:04:36 UTC 2020 /home/travis/build/icyphy/ptII/ptolemy/actor/lib/test/auto/DiscreteClock13.xml
----------------- Instantiating /home/travis/build/icyphy/ptII/ptolemy/actor/lib/test/auto/DiscreteClock13.xml
5 ms. Memory: 510976K Free: 377327K (74%)
----------------- Invoking toplevel() on ptolemy.moml.MoMLSimpleApplication@48405724
----------------- Done invoking toplevel() on ptolemy.moml.MoMLSimpleApplication@48405724
reloadAllAccessors: .DiscreteClock13

===========================================================================================
----------------- testing Sun Jul 12 15:04:36 UTC 2020 /home/travis/build/icyphy/ptII/ptolemy/actor/lib/test/auto/DiscreteClock14.xml
----------------- Instantiating /home/travis/build/icyphy/ptII/ptolemy/actor/lib/test/auto/DiscreteClock14.xml
4 ms. Memory: 510976K Free: 371183K (73%)
----------------- Invoking toplevel() on ptolemy.moml.MoMLSimpleApplication@713da20d
----------------- Done invoking toplevel() on ptolemy.moml.MoMLSimpleApplication@713da20d
reloadAllAccessors: .DiscreteClock14

===========================================================================================
----------------- testing Sun Jul 12 15:04:36 UTC 2020 /home/travis/build/icyphy/ptII/ptolemy/actor/lib/test/auto/DiscreteClock15.xml
----------------- Instantiating /home/travis/build/icyphy/ptII/ptolemy/actor/lib/test/auto/DiscreteClock15.xml
4 ms. Memory: 510976K Free: 365568K (72%)
----------------- Invoking toplevel() on ptolemy.moml.MoMLSimpleApplication@230eb4f7
----------------- Done invoking toplevel() on ptolemy.moml.MoMLSimpleApplication@230eb4f7
reloadAllAccessors: .DiscreteClock15

===========================================================================================
----------------- testing Sun Jul 12 15:04:36 UTC 2020 /home/travis/build/icyphy/ptII/ptolemy/actor/lib/test/auto/DiscreteClock16.xml
----------------- Instantiating /home/travis/build/icyphy/ptII/ptolemy/actor/lib/test/auto/DiscreteClock16.xml
17 ms. Memory: 510976K Free: 351727K (69%)
----------------- Invoking toplevel() on ptolemy.moml.MoMLSimpleApplication@6a11c41c
----------------- Done invoking toplevel() on ptolemy.moml.MoMLSimpleApplication@6a11c41c
reloadAllAccessors: .DiscreteClock16

===========================================================================================
----------------- testing Sun Jul 12 15:04:36 UTC 2020 /home/travis/build/icyphy/ptII/ptolemy/actor/lib/test/auto/DiscreteClock17.xml
----------------- Instantiating /home/travis/build/icyphy/ptII/ptolemy/actor/lib/test/auto/DiscreteClock17.xml
16 ms. Memory: 510976K Free: 337391K (66%)
----------------- Invoking toplevel() on ptolemy.moml.MoMLSimpleApplication@63da9f1a
----------------- Done invoking toplevel() on ptolemy.moml.MoMLSimpleApplication@63da9f1a
reloadAllAccessors: .DiscreteClock17

===========================================================================================
----------------- testing Sun Jul 12 15:04:36 UTC 2020 /home/travis/build/icyphy/ptII/ptolemy/actor/lib/test/auto/DiscreteClock18.xml
----------------- Instantiating /home/travis/build/icyphy/ptII/ptolemy/actor/lib/test/auto/DiscreteClock18.xml
18 ms. Memory: 510976K Free: 323584K (63%)
----------------- Invoking toplevel() on ptolemy.moml.MoMLSimpleApplication@58d9d44
----------------- Done invoking toplevel() on ptolemy.moml.MoMLSimpleApplication@58d9d44
reloadAllAccessors: .DiscreteClock18

===========================================================================================
----------------- testing Sun Jul 12 15:04:36 UTC 2020 /home/travis/build/icyphy/ptII/ptolemy/actor/lib/test/auto/DiscreteClock19.xml
----------------- Instantiating /home/travis/build/icyphy/ptII/ptolemy/actor/lib/test/auto/DiscreteClock19.xml
17 ms. Memory: 510976K Free: 310272K (61%)
----------------- Invoking toplevel() on ptolemy.moml.MoMLSimpleApplication@627bca25
----------------- Done invoking toplevel() on ptolemy.moml.MoMLSimpleApplication@627bca25
reloadAllAccessors: .DiscreteClock19

===========================================================================================
----------------- testing Sun Jul 12 15:04:36 UTC 2020 /home/travis/build/icyphy/ptII/ptolemy/actor/lib/test/auto/DiscreteClock2.xml
----------------- Instantiating /home/travis/build/icyphy/ptII/ptolemy/actor/lib/test/auto/DiscreteClock2.xml
5 ms. Memory: 510976K Free: 305662K (60%)
----------------- Invoking toplevel() on ptolemy.moml.MoMLSimpleApplication@3a2fd450
----------------- Done invoking toplevel() on ptolemy.moml.MoMLSimpleApplication@3a2fd450
reloadAllAccessors: .DiscreteClock2

===========================================================================================
----------------- testing Sun Jul 12 15:04:36 UTC 2020 /home/travis/build/icyphy/ptII/ptolemy/actor/lib/test/auto/DiscreteClock20.xml
----------------- Instantiating /home/travis/build/icyphy/ptII/ptolemy/actor/lib/test/auto/DiscreteClock20.xml
2 ms. Memory: 510976K Free: 299518K (59%)
----------------- Invoking toplevel() on ptolemy.moml.MoMLSimpleApplication@25007d76
----------------- Done invoking toplevel() on ptolemy.moml.MoMLSimpleApplication@25007d76
reloadAllAccessors: .DiscreteClock20

===========================================================================================
----------------- testing Sun Jul 12 15:04:36 UTC 2020 /home/travis/build/icyphy/ptII/ptolemy/actor/lib/test/auto/DiscreteClock21.xml
----------------- Instantiating /home/travis/build/icyphy/ptII/ptolemy/actor/lib/test/auto/DiscreteClock21.xml
3 ms. Memory: 510976K Free: 293888K (58%)
----------------- Invoking toplevel() on ptolemy.moml.MoMLSimpleApplication@66d3a281
----------------- Done invoking toplevel() on ptolemy.moml.MoMLSimpleApplication@66d3a281
reloadAllAccessors: .DiscreteClock21

===========================================================================================
----------------- testing Sun Jul 12 15:04:36 UTC 2020 /home/travis/build/icyphy/ptII/ptolemy/actor/lib/test/auto/DiscreteClock22.xml
----------------- Instantiating /home/travis/build/icyphy/ptII/ptolemy/actor/lib/test/auto/DiscreteClock22.xml
3 ms. Memory: 510976K Free: 288768K (57%)
----------------- Invoking toplevel() on ptolemy.moml.MoMLSimpleApplication@6799f152
----------------- Done invoking toplevel() on ptolemy.moml.MoMLSimpleApplication@6799f152
reloadAllAccessors: .DiscreteClock22

===========================================================================================
----------------- testing Sun Jul 12 15:04:36 UTC 2020 /home/travis/build/icyphy/ptII/ptolemy/actor/lib/test/auto/DiscreteClock23.xml
----------------- Instantiating /home/travis/build/icyphy/ptII/ptolemy/actor/lib/test/auto/DiscreteClock23.xml
2 ms. Memory: 510976K Free: 283134K (55%)
----------------- Invoking toplevel() on ptolemy.moml.MoMLSimpleApplication@6e32f910
----------------- Done invoking toplevel() on ptolemy.moml.MoMLSimpleApplication@6e32f910
reloadAllAccessors: .DiscreteClock23

===========================================================================================
----------------- testing Sun Jul 12 15:04:36 UTC 2020 /home/travis/build/icyphy/ptII/ptolemy/actor/lib/test/auto/DiscreteClock24.xml
----------------- Instantiating /home/travis/build/icyphy/ptII/ptolemy/actor/lib/test/auto/DiscreteClock24.xml
2 ms. Memory: 510976K Free: 277504K (54%)
----------------- Invoking toplevel() on ptolemy.moml.MoMLSimpleApplication@2d185759
----------------- Done invoking toplevel() on ptolemy.moml.MoMLSimpleApplication@2d185759
reloadAllAccessors: .DiscreteClock24

===========================================================================================
----------------- testing Sun Jul 12 15:04:36 UTC 2020 /home/travis/build/icyphy/ptII/ptolemy/actor/lib/test/auto/DiscreteClock4.xml
----------------- Instantiating /home/travis/build/icyphy/ptII/ptolemy/actor/lib/test/auto/DiscreteClock4.xml
4 ms. Memory: 510976K Free: 271855K (53%)
----------------- Invoking toplevel() on ptolemy.moml.MoMLSimpleApplication@dd24280
----------------- Done invoking toplevel() on ptolemy.moml.MoMLSimpleApplication@dd24280
reloadAllAccessors: .DiscreteClock4

===========================================================================================
----------------- testing Sun Jul 12 15:04:36 UTC 2020 /home/travis/build/icyphy/ptII/ptolemy/actor/lib/test/auto/DiscreteClock5.xml
----------------- Instantiating /home/travis/build/icyphy/ptII/ptolemy/actor/lib/test/auto/DiscreteClock5.xml
2 ms. Memory: 510976K Free: 266735K (52%)
----------------- Invoking toplevel() on ptolemy.moml.MoMLSimpleApplication@4c131be3
----------------- Done invoking toplevel() on ptolemy.moml.MoMLSimpleApplication@4c131be3
reloadAllAccessors: .DiscreteClock5

===========================================================================================
----------------- testing Sun Jul 12 15:04:36 UTC 2020 /home/travis/build/icyphy/ptII/ptolemy/actor/lib/test/auto/DiscreteClock6.xml
----------------- Instantiating /home/travis/build/icyphy/ptII/ptolemy/actor/lib/test/auto/DiscreteClock6.xml
1 ms. Memory: 510976K Free: 262654K (51%)
----------------- Invoking toplevel() on ptolemy.moml.MoMLSimpleApplication@2eae6c76
----------------- Done invoking toplevel() on ptolemy.moml.MoMLSimpleApplication@2eae6c76
reloadAllAccessors: .DiscreteClock6

===========================================================================================
----------------- testing Sun Jul 12 15:04:36 UTC 2020 /home/travis/build/icyphy/ptII/ptolemy/actor/lib/test/auto/DiscreteClock7.xml
----------------- Instantiating /home/travis/build/icyphy/ptII/ptolemy/actor/lib/test/auto/DiscreteClock7.xml
1 ms. Memory: 510976K Free: 258046K (51%)
----------------- Invoking toplevel() on ptolemy.moml.MoMLSimpleApplication@3efa779b
----------------- Done invoking toplevel() on ptolemy.moml.MoMLSimpleApplication@3efa779b
reloadAllAccessors: .DiscreteClock7

===========================================================================================
----------------- testing Sun Jul 12 15:04:36 UTC 2020 /home/travis/build/icyphy/ptII/ptolemy/actor/lib/test/auto/DiscreteClock8.xml
----------------- Instantiating /home/travis/build/icyphy/ptII/ptolemy/actor/lib/test/auto/DiscreteClock8.xml
4 ms. Memory: 510976K Free: 252383K (49%)
----------------- Invoking toplevel() on ptolemy.moml.MoMLSimpleApplication@254c0e6c
----------------- Done invoking toplevel() on ptolemy.moml.MoMLSimpleApplication@254c0e6c
reloadAllAccessors: .DiscreteClock8

===========================================================================================
----------------- testing Sun Jul 12 15:04:36 UTC 2020 /home/travis/build/icyphy/ptII/ptolemy/actor/lib/test/auto/DiscreteClock9.xml
----------------- Instantiating /home/travis/build/icyphy/ptII/ptolemy/actor/lib/test/auto/DiscreteClock9.xml
3 ms. Memory: 510976K Free: 246239K (48%)
----------------- Invoking toplevel() on ptolemy.moml.MoMLSimpleApplication@3c5a82ad
----------------- Done invoking toplevel() on ptolemy.moml.MoMLSimpleApplication@3c5a82ad
reloadAllAccessors: .DiscreteClock9

===========================================================================================
----------------- testing Sun Jul 12 15:04:36 UTC 2020 /home/travis/build/icyphy/ptII/ptolemy/actor/lib/test/auto/DisplayArray.xml
----------------- Instantiating /home/travis/build/icyphy/ptII/ptolemy/actor/lib/test/auto/DisplayArray.xml
3 ms. Memory: 510976K Free: 242688K (47%)
----------------- Invoking toplevel() on ptolemy.moml.MoMLSimpleApplication@493d01d9
----------------- Done invoking toplevel() on ptolemy.moml.MoMLSimpleApplication@493d01d9
reloadAllAccessors: .DisplayArray

===========================================================================================
----------------- testing Sun Jul 12 15:04:36 UTC 2020 /home/travis/build/icyphy/ptII/ptolemy/actor/lib/test/auto/Distributor.xml
----------------- Instantiating /home/travis/build/icyphy/ptII/ptolemy/actor/lib/test/auto/Distributor.xml
5 ms. Memory: 510976K Free: 238078K (47%)
----------------- Invoking toplevel() on ptolemy.moml.MoMLSimpleApplication@5aefeb56
----------------- Done invoking toplevel() on ptolemy.moml.MoMLSimpleApplication@5aefeb56
reloadAllAccessors: .Distributor

===========================================================================================
----------------- testing Sun Jul 12 15:04:36 UTC 2020 /home/travis/build/icyphy/ptII/ptolemy/actor/lib/test/auto/Distributor2.xml
----------------- Instantiating /home/travis/build/icyphy/ptII/ptolemy/actor/lib/test/auto/Distributor2.xml
2 ms. Memory: 510976K Free: 232958K (46%)
----------------- Invoking toplevel() on ptolemy.moml.MoMLSimpleApplication@18e8333a
----------------- Done invoking toplevel() on ptolemy.moml.MoMLSimpleApplication@18e8333a
reloadAllAccessors: .Distributor2

===========================================================================================
----------------- testing Sun Jul 12 15:04:36 UTC 2020 /home/travis/build/icyphy/ptII/ptolemy/actor/lib/test/auto/DownSample.xml
----------------- Instantiating /home/travis/build/icyphy/ptII/ptolemy/actor/lib/test/auto/DownSample.xml
2 ms. Memory: 510976K Free: 228352K (45%)
----------------- Invoking toplevel() on ptolemy.moml.MoMLSimpleApplication@3c2b043b
----------------- Done invoking toplevel() on ptolemy.moml.MoMLSimpleApplication@3c2b043b
reloadAllAccessors: .DownSample

===========================================================================================
----------------- testing Sun Jul 12 15:04:36 UTC 2020 /home/travis/build/icyphy/ptII/ptolemy/actor/lib/test/auto/ElectronicUnitBase1.xml
----------------- Instantiating /home/travis/build/icyphy/ptII/ptolemy/actor/lib/test/auto/ElectronicUnitBase1.xml
15 ms. Memory: 510976K Free: 212478K (42%)
----------------- Invoking toplevel() on ptolemy.moml.MoMLSimpleApplication@18eeda70
----------------- Done invoking toplevel() on ptolemy.moml.MoMLSimpleApplication@18eeda70
reloadAllAccessors: .ElectronicUnitBase1

===========================================================================================
----------------- testing Sun Jul 12 15:04:36 UTC 2020 /home/travis/build/icyphy/ptII/ptolemy/actor/lib/test/auto/ElementsToArray.xml
----------------- Instantiating /home/travis/build/icyphy/ptII/ptolemy/actor/lib/test/auto/ElementsToArray.xml
3 ms. Memory: 510976K Free: 207872K (41%)
----------------- Invoking toplevel() on ptolemy.moml.MoMLSimpleApplication@4d07a915
----------------- Done invoking toplevel() on ptolemy.moml.MoMLSimpleApplication@4d07a915
reloadAllAccessors: .ElementsToArray

===========================================================================================
----------------- testing Sun Jul 12 15:04:36 UTC 2020 /home/travis/build/icyphy/ptII/ptolemy/actor/lib/test/auto/Equals.xml
----------------- Instantiating /home/travis/build/icyphy/ptII/ptolemy/actor/lib/test/auto/Equals.xml
3 ms. Memory: 510976K Free: 203262K (40%)
----------------- Invoking toplevel() on ptolemy.moml.MoMLSimpleApplication@600d06d5
----------------- Done invoking toplevel() on ptolemy.moml.MoMLSimpleApplication@600d06d5
reloadAllAccessors: .Equals

===========================================================================================
----------------- testing Sun Jul 12 15:04:36 UTC 2020 /home/travis/build/icyphy/ptII/ptolemy/actor/lib/test/auto/Exec.xml
----------------- Instantiating /home/travis/build/icyphy/ptII/ptolemy/actor/lib/test/auto/Exec.xml
15 ms. Memory: 510976K Free: 197118K (39%)
----------------- Invoking toplevel() on ptolemy.moml.MoMLSimpleApplication@ca644b8
----------------- Done invoking toplevel() on ptolemy.moml.MoMLSimpleApplication@ca644b8
reloadAllAccessors: .Exec

===========================================================================================
----------------- testing Sun Jul 12 15:04:36 UTC 2020 /home/travis/build/icyphy/ptII/ptolemy/actor/lib/test/auto/ExecEnvironment.xml
----------------- Instantiating /home/travis/build/icyphy/ptII/ptolemy/actor/lib/test/auto/ExecEnvironment.xml
22 ms. Memory: 510976K Free: 191983K (38%)
----------------- Invoking toplevel() on ptolemy.moml.MoMLSimpleApplication@4b4a55
----------------- Done invoking toplevel() on ptolemy.moml.MoMLSimpleApplication@4b4a55
reloadAllAccessors: .ExecEnvironment

===========================================================================================
----------------- testing Sun Jul 12 15:04:36 UTC 2020 /home/travis/build/icyphy/ptII/ptolemy/actor/lib/test/auto/ExecNonZeroReturnOutput.xml
----------------- Instantiating /home/travis/build/icyphy/ptII/ptolemy/actor/lib/test/auto/ExecNonZeroReturnOutput.xml
156 ms. Memory: 510976K Free: 180224K (35%)
----------------- Invoking toplevel() on ptolemy.moml.MoMLSimpleApplication@19f718f
----------------- Done invoking toplevel() on ptolemy.moml.MoMLSimpleApplication@19f718f
reloadAllAccessors: .ExecNonZeroReturnOutput

===========================================================================================
----------------- testing Sun Jul 12 15:04:37 UTC 2020 /home/travis/build/icyphy/ptII/ptolemy/actor/lib/test/auto/ExecRunDemos.xml
----------------- Instantiating /home/travis/build/icyphy/ptII/ptolemy/actor/lib/test/auto/ExecRunDemos.xml
Finished: 116 ms. Memory: 129024K Free: 112421K (87%)

Finished: 95 ms. Memory: 129024K Free: 109444K (85%)

Finished: 76 ms. Memory: 129024K Free: 109505K (85%)

Finished: 72 ms. Memory: 129024K Free: 111064K (86%)

Finished: 63 ms. Memory: 129024K Free: 111862K (87%)

10539 ms. Memory: 510976K Free: 452823K (89%)
----------------- Invoking toplevel() on ptolemy.moml.MoMLSimpleApplication@6d1a7fdb
----------------- Done invoking toplevel() on ptolemy.moml.MoMLSimpleApplication@6d1a7fdb
reloadAllAccessors: .ExecRunDemos

===========================================================================================
----------------- testing Sun Jul 12 15:04:47 UTC 2020 /home/travis/build/icyphy/ptII/ptolemy/actor/lib/test/auto/ExecStop.xml
----------------- Instantiating /home/travis/build/icyphy/ptII/ptolemy/actor/lib/test/auto/ExecStop.xml
5013 ms. Memory: 510976K Free: 324606K (64%)
----------------- Invoking toplevel() on ptolemy.moml.MoMLSimpleApplication@7d73bd0e
----------------- Done invoking toplevel() on ptolemy.moml.MoMLSimpleApplication@7d73bd0e
reloadAllAccessors: .ExecStop

===========================================================================================
----------------- testing Sun Jul 12 15:04:52 UTC 2020 /home/travis/build/icyphy/ptII/ptolemy/actor/lib/test/auto/ExecutionTimeSDF.xml
----------------- Instantiating /home/travis/build/icyphy/ptII/ptolemy/actor/lib/test/auto/ExecutionTimeSDF.xml
Fired ExecutionTime: -382567296
Fired ExecutionTime: 1344800000
Fired ExecutionTime: -260167296
6004 ms. Memory: 510976K Free: 312832K (61%)
----------------- Invoking toplevel() on ptolemy.moml.MoMLSimpleApplication@31c412f1
----------------- Done invoking toplevel() on ptolemy.moml.MoMLSimpleApplication@31c412f1
reloadAllAccessors: .ExecutionTimeSDF

===========================================================================================
----------------- testing Sun Jul 12 15:04:58 UTC 2020 /home/travis/build/icyphy/ptII/ptolemy/actor/lib/test/auto/Expression1.xml
----------------- Instantiating /home/travis/build/icyphy/ptII/ptolemy/actor/lib/test/auto/Expression1.xml
1 ms. Memory: 510976K Free: 309246K (61%)
----------------- Invoking toplevel() on ptolemy.moml.MoMLSimpleApplication@21e127e8
----------------- Done invoking toplevel() on ptolemy.moml.MoMLSimpleApplication@21e127e8
reloadAllAccessors: .Expression1

===========================================================================================
----------------- testing Sun Jul 12 15:04:58 UTC 2020 /home/travis/build/icyphy/ptII/ptolemy/actor/lib/test/auto/Expression10.xml
----------------- Instantiating /home/travis/build/icyphy/ptII/ptolemy/actor/lib/test/auto/Expression10.xml
8 ms. Memory: 510976K Free: 303616K (59%)
----------------- Invoking toplevel() on ptolemy.moml.MoMLSimpleApplication@4d2c570e
----------------- Done invoking toplevel() on ptolemy.moml.MoMLSimpleApplication@4d2c570e
reloadAllAccessors: .Expression10

===========================================================================================
----------------- testing Sun Jul 12 15:04:58 UTC 2020 /home/travis/build/icyphy/ptII/ptolemy/actor/lib/test/auto/Expression11.xml
----------------- Instantiating /home/travis/build/icyphy/ptII/ptolemy/actor/lib/test/auto/Expression11.xml
14 ms. Memory: 510976K Free: 299006K (59%)
----------------- Invoking toplevel() on ptolemy.moml.MoMLSimpleApplication@16d6f7c3
----------------- Done invoking toplevel() on ptolemy.moml.MoMLSimpleApplication@16d6f7c3
reloadAllAccessors: .Expression11

===========================================================================================
----------------- testing Sun Jul 12 15:04:58 UTC 2020 /home/travis/build/icyphy/ptII/ptolemy/actor/lib/test/auto/Expression12.xml
----------------- Instantiating /home/travis/build/icyphy/ptII/ptolemy/actor/lib/test/auto/Expression12.xml
3 ms. Memory: 510976K Free: 293886K (58%)
----------------- Invoking toplevel() on ptolemy.moml.MoMLSimpleApplication@459d5479
----------------- Done invoking toplevel() on ptolemy.moml.MoMLSimpleApplication@459d5479
reloadAllAccessors: .Expression12

===========================================================================================
----------------- testing Sun Jul 12 15:04:58 UTC 2020 /home/travis/build/icyphy/ptII/ptolemy/actor/lib/test/auto/Expression13.xml
----------------- Instantiating /home/travis/build/icyphy/ptII/ptolemy/actor/lib/test/auto/Expression13.xml
3 ms. Memory: 510976K Free: 288766K (57%)
----------------- Invoking toplevel() on ptolemy.moml.MoMLSimpleApplication@483ac7
----------------- Done invoking toplevel() on ptolemy.moml.MoMLSimpleApplication@483ac7
reloadAllAccessors: .Expression13

===========================================================================================
----------------- testing Sun Jul 12 15:04:58 UTC 2020 /home/travis/build/icyphy/ptII/ptolemy/actor/lib/test/auto/Expression14.xml
----------------- Instantiating /home/travis/build/icyphy/ptII/ptolemy/actor/lib/test/auto/Expression14.xml
6 ms. Memory: 510976K Free: 282622K (55%)
----------------- Invoking toplevel() on ptolemy.moml.MoMLSimpleApplication@52563a7f
----------------- Done invoking toplevel() on ptolemy.moml.MoMLSimpleApplication@52563a7f
reloadAllAccessors: .Expression14

===========================================================================================
----------------- testing Sun Jul 12 15:04:58 UTC 2020 /home/travis/build/icyphy/ptII/ptolemy/actor/lib/test/auto/Expression15.xml
----------------- Instantiating /home/travis/build/icyphy/ptII/ptolemy/actor/lib/test/auto/Expression15.xml
1 ms. Memory: 510976K Free: 278526K (55%)
----------------- Invoking toplevel() on ptolemy.moml.MoMLSimpleApplication@1a1449fa
----------------- Done invoking toplevel() on ptolemy.moml.MoMLSimpleApplication@1a1449fa
reloadAllAccessors: .Expression15

===========================================================================================
----------------- testing Sun Jul 12 15:04:58 UTC 2020 /home/travis/build/icyphy/ptII/ptolemy/actor/lib/test/auto/Expression16.xml
----------------- Instantiating /home/travis/build/icyphy/ptII/ptolemy/actor/lib/test/auto/Expression16.xml
3 ms. Memory: 510976K Free: 273406K (54%)
----------------- Invoking toplevel() on ptolemy.moml.MoMLSimpleApplication@15f0d04d
----------------- Done invoking toplevel() on ptolemy.moml.MoMLSimpleApplication@15f0d04d
reloadAllAccessors: .Expression16

===========================================================================================
----------------- testing Sun Jul 12 15:04:58 UTC 2020 /home/travis/build/icyphy/ptII/ptolemy/actor/lib/test/auto/Expression17.xml
----------------- Instantiating /home/travis/build/icyphy/ptII/ptolemy/actor/lib/test/auto/Expression17.xml
3 ms. Memory: 510976K Free: 268800K (53%)
----------------- Invoking toplevel() on ptolemy.moml.MoMLSimpleApplication@5538c6d
----------------- Done invoking toplevel() on ptolemy.moml.MoMLSimpleApplication@5538c6d
reloadAllAccessors: .Expression17

===========================================================================================
----------------- testing Sun Jul 12 15:04:58 UTC 2020 /home/travis/build/icyphy/ptII/ptolemy/actor/lib/test/auto/Expression18.xml
----------------- Instantiating /home/travis/build/icyphy/ptII/ptolemy/actor/lib/test/auto/Expression18.xml
3 ms. Memory: 510976K Free: 263166K (52%)
----------------- Invoking toplevel() on ptolemy.moml.MoMLSimpleApplication@1683ff6b
----------------- Done invoking toplevel() on ptolemy.moml.MoMLSimpleApplication@1683ff6b
reloadAllAccessors: .Expression18

===========================================================================================
----------------- testing Sun Jul 12 15:04:58 UTC 2020 /home/travis/build/icyphy/ptII/ptolemy/actor/lib/test/auto/Expression2.xml
----------------- Instantiating /home/travis/build/icyphy/ptII/ptolemy/actor/lib/test/auto/Expression2.xml
3 ms. Memory: 510976K Free: 258046K (51%)
----------------- Invoking toplevel() on ptolemy.moml.MoMLSimpleApplication@7891ce4d
----------------- Done invoking toplevel() on ptolemy.moml.MoMLSimpleApplication@7891ce4d
reloadAllAccessors: .Expression2

===========================================================================================
----------------- testing Sun Jul 12 15:04:58 UTC 2020 /home/travis/build/icyphy/ptII/ptolemy/actor/lib/test/auto/Expression3.xml
----------------- Instantiating /home/travis/build/icyphy/ptII/ptolemy/actor/lib/test/auto/Expression3.xml
5 ms. Memory: 510976K Free: 252926K (49%)
----------------- Invoking toplevel() on ptolemy.moml.MoMLSimpleApplication@f5d0e4d
----------------- Done invoking toplevel() on ptolemy.moml.MoMLSimpleApplication@f5d0e4d
reloadAllAccessors: .Expression3

===========================================================================================
----------------- testing Sun Jul 12 15:04:58 UTC 2020 /home/travis/build/icyphy/ptII/ptolemy/actor/lib/test/auto/Expression4.xml
----------------- Instantiating /home/travis/build/icyphy/ptII/ptolemy/actor/lib/test/auto/Expression4.xml
5 ms. Memory: 510976K Free: 245248K (48%)
----------------- Invoking toplevel() on ptolemy.moml.MoMLSimpleApplication@7fb92dca
----------------- Done invoking toplevel() on ptolemy.moml.MoMLSimpleApplication@7fb92dca
reloadAllAccessors: .Expression4

===========================================================================================
----------------- testing Sun Jul 12 15:04:58 UTC 2020 /home/travis/build/icyphy/ptII/ptolemy/actor/lib/test/auto/Expression5.xml
----------------- Instantiating /home/travis/build/icyphy/ptII/ptolemy/actor/lib/test/auto/Expression5.xml
3 ms. Memory: 510976K Free: 240638K (47%)
----------------- Invoking toplevel() on ptolemy.moml.MoMLSimpleApplication@549bcd56
----------------- Done invoking toplevel() on ptolemy.moml.MoMLSimpleApplication@549bcd56
reloadAllAccessors: .Expression5

===========================================================================================
----------------- testing Sun Jul 12 15:04:59 UTC 2020 /home/travis/build/icyphy/ptII/ptolemy/actor/lib/test/auto/Expression6.xml
----------------- Instantiating /home/travis/build/icyphy/ptII/ptolemy/actor/lib/test/auto/Expression6.xml
2 ms. Memory: 510976K Free: 236032K (46%)
----------------- Invoking toplevel() on ptolemy.moml.MoMLSimpleApplication@742c4900
----------------- Done invoking toplevel() on ptolemy.moml.MoMLSimpleApplication@742c4900
reloadAllAccessors: .Expression6

===========================================================================================
----------------- testing Sun Jul 12 15:04:59 UTC 2020 /home/travis/build/icyphy/ptII/ptolemy/actor/lib/test/auto/Expression7.xml
----------------- Instantiating /home/travis/build/icyphy/ptII/ptolemy/actor/lib/test/auto/Expression7.xml
2 ms. Memory: 510976K Free: 230912K (45%)
----------------- Invoking toplevel() on ptolemy.moml.MoMLSimpleApplication@3b3d725
----------------- Done invoking toplevel() on ptolemy.moml.MoMLSimpleApplication@3b3d725
reloadAllAccessors: .Expression7

===========================================================================================
----------------- testing Sun Jul 12 15:04:59 UTC 2020 /home/travis/build/icyphy/ptII/ptolemy/actor/lib/test/auto/Expression8.xml
----------------- Instantiating /home/travis/build/icyphy/ptII/ptolemy/actor/lib/test/auto/Expression8.xml
7 ms. Memory: 510976K Free: 225792K (44%)
----------------- Invoking toplevel() on ptolemy.moml.MoMLSimpleApplication@3183b2fc
----------------- Done invoking toplevel() on ptolemy.moml.MoMLSimpleApplication@3183b2fc
reloadAllAccessors: .Expression8

===========================================================================================
----------------- testing Sun Jul 12 15:04:59 UTC 2020 /home/travis/build/icyphy/ptII/ptolemy/actor/lib/test/auto/Expression9.xml
----------------- Instantiating /home/travis/build/icyphy/ptII/ptolemy/actor/lib/test/auto/Expression9.xml
1 ms. Memory: 510976K Free: 221696K (43%)
----------------- Invoking toplevel() on ptolemy.moml.MoMLSimpleApplication@4731abaa
----------------- Done invoking toplevel() on ptolemy.moml.MoMLSimpleApplication@4731abaa
reloadAllAccessors: .Expression9

===========================================================================================
----------------- testing Sun Jul 12 15:04:59 UTC 2020 /home/travis/build/icyphy/ptII/ptolemy/actor/lib/test/auto/ExpressionConcatenateArrayType.xml
----------------- Instantiating /home/travis/build/icyphy/ptII/ptolemy/actor/lib/test/auto/ExpressionConcatenateArrayType.xml
3 ms. Memory: 510976K Free: 215552K (42%)
----------------- Invoking toplevel() on ptolemy.moml.MoMLSimpleApplication@3492421f
----------------- Done invoking toplevel() on ptolemy.moml.MoMLSimpleApplication@3492421f
reloadAllAccessors: .ExpressionConcatenateArrayType

===========================================================================================
----------------- testing Sun Jul 12 15:04:59 UTC 2020 /home/travis/build/icyphy/ptII/ptolemy/actor/lib/test/auto/ExpressionConcatenateArrayType2.xml
----------------- Instantiating /home/travis/build/icyphy/ptII/ptolemy/actor/lib/test/auto/ExpressionConcatenateArrayType2.xml
3 ms. Memory: 510976K Free: 209918K (41%)
----------------- Invoking toplevel() on ptolemy.moml.MoMLSimpleApplication@634538ea
----------------- Done invoking toplevel() on ptolemy.moml.MoMLSimpleApplication@634538ea
reloadAllAccessors: .ExpressionConcatenateArrayType2

===========================================================================================
----------------- testing Sun Jul 12 15:04:59 UTC 2020 /home/travis/build/icyphy/ptII/ptolemy/actor/lib/test/auto/ExpressionFix.xml
----------------- Instantiating /home/travis/build/icyphy/ptII/ptolemy/actor/lib/test/auto/ExpressionFix.xml
21 ms. Memory: 510976K Free: 203264K (40%)
----------------- Invoking toplevel() on ptolemy.moml.MoMLSimpleApplication@57f3ed84
----------------- Done invoking toplevel() on ptolemy.moml.MoMLSimpleApplication@57f3ed84
reloadAllAccessors: .ExpressionFix

===========================================================================================
----------------- testing Sun Jul 12 15:04:59 UTC 2020 /home/travis/build/icyphy/ptII/ptolemy/actor/lib/test/auto/ExpressionFix2.xml
----------------- Instantiating /home/travis/build/icyphy/ptII/ptolemy/actor/lib/test/auto/ExpressionFix2.xml
4 ms. Memory: 510976K Free: 199168K (39%)
----------------- Invoking toplevel() on ptolemy.moml.MoMLSimpleApplication@4c740af4
----------------- Done invoking toplevel() on ptolemy.moml.MoMLSimpleApplication@4c740af4
reloadAllAccessors: .ExpressionFix2

===========================================================================================
----------------- testing Sun Jul 12 15:04:59 UTC 2020 /home/travis/build/icyphy/ptII/ptolemy/actor/lib/test/auto/ExpressionFix3.xml
----------------- Instantiating /home/travis/build/icyphy/ptII/ptolemy/actor/lib/test/auto/ExpressionFix3.xml
2 ms. Memory: 510976K Free: 194558K (38%)
----------------- Invoking toplevel() on ptolemy.moml.MoMLSimpleApplication@7b70eb9a
----------------- Done invoking toplevel() on ptolemy.moml.MoMLSimpleApplication@7b70eb9a
reloadAllAccessors: .ExpressionFix3

===========================================================================================
----------------- testing Sun Jul 12 15:04:59 UTC 2020 /home/travis/build/icyphy/ptII/ptolemy/actor/lib/test/auto/FileWriter1.xml
----------------- Instantiating /home/travis/build/icyphy/ptII/ptolemy/actor/lib/test/auto/FileWriter1.xml
2 ms. Memory: 510976K Free: 190462K (37%)
----------------- Invoking toplevel() on ptolemy.moml.MoMLSimpleApplication@13014650
----------------- Done invoking toplevel() on ptolemy.moml.MoMLSimpleApplication@13014650
reloadAllAccessors: .FileWriter1

===========================================================================================
----------------- testing Sun Jul 12 15:04:59 UTC 2020 /home/travis/build/icyphy/ptII/ptolemy/actor/lib/test/auto/FileWriter2.xml
----------------- Instantiating /home/travis/build/icyphy/ptII/ptolemy/actor/lib/test/auto/FileWriter2.xml
5 ms. Memory: 510976K Free: 186366K (36%)
----------------- Invoking toplevel() on ptolemy.moml.MoMLSimpleApplication@27e58a80
----------------- Done invoking toplevel() on ptolemy.moml.MoMLSimpleApplication@27e58a80
reloadAllAccessors: .FileWriter2

===========================================================================================
----------------- testing Sun Jul 12 15:04:59 UTC 2020 /home/travis/build/icyphy/ptII/ptolemy/actor/lib/test/auto/FileWriter3.xml
----------------- Instantiating /home/travis/build/icyphy/ptII/ptolemy/actor/lib/test/auto/FileWriter3.xml
1 ms. Memory: 510976K Free: 182270K (36%)
----------------- Invoking toplevel() on ptolemy.moml.MoMLSimpleApplication@6aa8e21a
----------------- Done invoking toplevel() on ptolemy.moml.MoMLSimpleApplication@6aa8e21a
reloadAllAccessors: .FileWriter3

===========================================================================================
----------------- testing Sun Jul 12 15:04:59 UTC 2020 /home/travis/build/icyphy/ptII/ptolemy/actor/lib/test/auto/Gaussian.xml
----------------- Instantiating /home/travis/build/icyphy/ptII/ptolemy/actor/lib/test/auto/Gaussian.xml
2 ms. Memory: 510976K Free: 177664K (35%)
----------------- Invoking toplevel() on ptolemy.moml.MoMLSimpleApplication@55530e
----------------- Done invoking toplevel() on ptolemy.moml.MoMLSimpleApplication@55530e
reloadAllAccessors: .Gaussian

===========================================================================================
----------------- testing Sun Jul 12 15:04:59 UTC 2020 /home/travis/build/icyphy/ptII/ptolemy/actor/lib/test/auto/Gaussian1.xml
----------------- Instantiating /home/travis/build/icyphy/ptII/ptolemy/actor/lib/test/auto/Gaussian1.xml
2 ms. Memory: 510976K Free: 171999K (34%)
----------------- Invoking toplevel() on ptolemy.moml.MoMLSimpleApplication@3096cf1c
----------------- Done invoking toplevel() on ptolemy.moml.MoMLSimpleApplication@3096cf1c
reloadAllAccessors: .Gaussian1

===========================================================================================
----------------- testing Sun Jul 12 15:04:59 UTC 2020 /home/travis/build/icyphy/ptII/ptolemy/actor/lib/test/auto/Gaussian2.xml
----------------- Instantiating /home/travis/build/icyphy/ptII/ptolemy/actor/lib/test/auto/Gaussian2.xml
39 ms. Memory: 510976K Free: 460288K (90%)
----------------- Invoking toplevel() on ptolemy.moml.MoMLSimpleApplication@6d1f34ca
----------------- Done invoking toplevel() on ptolemy.moml.MoMLSimpleApplication@6d1f34ca
reloadAllAccessors: .Gaussian2

===========================================================================================
----------------- testing Sun Jul 12 15:04:59 UTC 2020 /home/travis/build/icyphy/ptII/ptolemy/actor/lib/test/auto/GradientAdaptiveLattice.xml
----------------- Instantiating /home/travis/build/icyphy/ptII/ptolemy/actor/lib/test/auto/GradientAdaptiveLattice.xml
3 ms. Memory: 510976K Free: 454654K (89%)
----------------- Invoking toplevel() on ptolemy.moml.MoMLSimpleApplication@22cf6fdb
----------------- Done invoking toplevel() on ptolemy.moml.MoMLSimpleApplication@22cf6fdb
reloadAllAccessors: .GradientAdaptiveLattice

===========================================================================================
----------------- testing Sun Jul 12 15:04:59 UTC 2020 /home/travis/build/icyphy/ptII/ptolemy/actor/lib/test/auto/IIR.xml
----------------- Instantiating /home/travis/build/icyphy/ptII/ptolemy/actor/lib/test/auto/IIR.xml
1 ms. Memory: 510976K Free: 450048K (88%)
----------------- Invoking toplevel() on ptolemy.moml.MoMLSimpleApplication@41f608c9
----------------- Done invoking toplevel() on ptolemy.moml.MoMLSimpleApplication@41f608c9
reloadAllAccessors: .IIR

===========================================================================================
----------------- testing Sun Jul 12 15:04:59 UTC 2020 /home/travis/build/icyphy/ptII/ptolemy/actor/lib/test/auto/InputOutputTransparentPorts.xml
----------------- Instantiating /home/travis/build/icyphy/ptII/ptolemy/actor/lib/test/auto/InputOutputTransparentPorts.xml
3 ms. Memory: 510976K Free: 442366K (87%)
----------------- Invoking toplevel() on ptolemy.moml.MoMLSimpleApplication@7ef5919d
----------------- Done invoking toplevel() on ptolemy.moml.MoMLSimpleApplication@7ef5919d
reloadAllAccessors: .InputOutputTransparentPorts

===========================================================================================
----------------- testing Sun Jul 12 15:04:59 UTC 2020 /home/travis/build/icyphy/ptII/ptolemy/actor/lib/test/auto/Interpolator.xml
----------------- Instantiating /home/travis/build/icyphy/ptII/ptolemy/actor/lib/test/auto/Interpolator.xml
3 ms. Memory: 510976K Free: 438270K (86%)
----------------- Invoking toplevel() on ptolemy.moml.MoMLSimpleApplication@7136166d
----------------- Done invoking toplevel() on ptolemy.moml.MoMLSimpleApplication@7136166d
reloadAllAccessors: .Interpolator

===========================================================================================
----------------- testing Sun Jul 12 15:04:59 UTC 2020 /home/travis/build/icyphy/ptII/ptolemy/actor/lib/test/auto/InterpolatorFiringLimitDE.xml
----------------- Instantiating /home/travis/build/icyphy/ptII/ptolemy/actor/lib/test/auto/InterpolatorFiringLimitDE.xml
2 ms. Memory: 510976K Free: 432126K (85%)
----------------- Invoking toplevel() on ptolemy.moml.MoMLSimpleApplication@673b0e18
----------------- Done invoking toplevel() on ptolemy.moml.MoMLSimpleApplication@673b0e18
reloadAllAccessors: .InterpolatorFiringLimitDE

===========================================================================================
----------------- testing Sun Jul 12 15:04:59 UTC 2020 /home/travis/build/icyphy/ptII/ptolemy/actor/lib/test/auto/Lattice.xml
----------------- Instantiating /home/travis/build/icyphy/ptII/ptolemy/actor/lib/test/auto/Lattice.xml
1 ms. Memory: 510976K Free: 428030K (84%)
----------------- Invoking toplevel() on ptolemy.moml.MoMLSimpleApplication@6880a2a6
----------------- Done invoking toplevel() on ptolemy.moml.MoMLSimpleApplication@6880a2a6
reloadAllAccessors: .Lattice

===========================================================================================
----------------- testing Sun Jul 12 15:04:59 UTC 2020 /home/travis/build/icyphy/ptII/ptolemy/actor/lib/test/auto/LazyAOCTestLazy.xml
----------------- Instantiating /home/travis/build/icyphy/ptII/ptolemy/actor/lib/test/auto/LazyAOCTestLazy.xml
7 ms. Memory: 510976K Free: 421871K (83%)
----------------- Invoking toplevel() on ptolemy.moml.MoMLSimpleApplication@341d6a07
----------------- Done invoking toplevel() on ptolemy.moml.MoMLSimpleApplication@341d6a07
reloadAllAccessors: .LazyAOCTestLazy

===========================================================================================
----------------- testing Sun Jul 12 15:04:59 UTC 2020 /home/travis/build/icyphy/ptII/ptolemy/actor/lib/test/auto/LazyAOCTestNonLazy.xml
----------------- Instantiating /home/travis/build/icyphy/ptII/ptolemy/actor/lib/test/auto/LazyAOCTestNonLazy.xml
3 ms. Memory: 510976K Free: 415742K (81%)
----------------- Invoking toplevel() on ptolemy.moml.MoMLSimpleApplication@794d4d56
----------------- Done invoking toplevel() on ptolemy.moml.MoMLSimpleApplication@794d4d56
reloadAllAccessors: .LazyAOCTestNonLazy

===========================================================================================
----------------- testing Sun Jul 12 15:04:59 UTC 2020 /home/travis/build/icyphy/ptII/ptolemy/actor/lib/test/auto/LazyInnerClass.xml
----------------- Instantiating /home/travis/build/icyphy/ptII/ptolemy/actor/lib/test/auto/LazyInnerClass.xml
22 ms. Memory: 510976K Free: 407040K (80%)
----------------- Invoking toplevel() on ptolemy.moml.MoMLSimpleApplication@55f6b5d
----------------- Done invoking toplevel() on ptolemy.moml.MoMLSimpleApplication@55f6b5d
reloadAllAccessors: .LazyInnerClass

===========================================================================================
----------------- testing Sun Jul 12 15:04:59 UTC 2020 /home/travis/build/icyphy/ptII/ptolemy/actor/lib/test/auto/LazyPubSub.xml
----------------- Instantiating /home/travis/build/icyphy/ptII/ptolemy/actor/lib/test/auto/LazyPubSub.xml
21 ms. Memory: 510976K Free: 396800K (78%)
----------------- Invoking toplevel() on ptolemy.moml.MoMLSimpleApplication@46ed7728
----------------- Done invoking toplevel() on ptolemy.moml.MoMLSimpleApplication@46ed7728
reloadAllAccessors: .LazyPubSub

===========================================================================================
----------------- testing Sun Jul 12 15:04:59 UTC 2020 /home/travis/build/icyphy/ptII/ptolemy/actor/lib/test/auto/LazyPubSub2.xml
----------------- Instantiating /home/travis/build/icyphy/ptII/ptolemy/actor/lib/test/auto/LazyPubSub2.xml
20 ms. Memory: 510976K Free: 386560K (76%)
----------------- Invoking toplevel() on ptolemy.moml.MoMLSimpleApplication@374d798f
----------------- Done invoking toplevel() on ptolemy.moml.MoMLSimpleApplication@374d798f
reloadAllAccessors: .LazyPubSub2

===========================================================================================
----------------- testing Sun Jul 12 15:04:59 UTC 2020 /home/travis/build/icyphy/ptII/ptolemy/actor/lib/test/auto/LazyPubSub3.xml
----------------- Instantiating /home/travis/build/icyphy/ptII/ptolemy/actor/lib/test/auto/LazyPubSub3.xml
12 ms. Memory: 510976K Free: 376830K (74%)
----------------- Invoking toplevel() on ptolemy.moml.MoMLSimpleApplication@f239352
----------------- Done invoking toplevel() on ptolemy.moml.MoMLSimpleApplication@f239352
reloadAllAccessors: .LazyPubSub3

===========================================================================================
----------------- testing Sun Jul 12 15:04:59 UTC 2020 /home/travis/build/icyphy/ptII/ptolemy/actor/lib/test/auto/LazySubClassModel.xml
----------------- Instantiating /home/travis/build/icyphy/ptII/ptolemy/actor/lib/test/auto/LazySubClassModel.xml
2 ms. Memory: 510976K Free: 367614K (72%)
----------------- Invoking toplevel() on ptolemy.moml.MoMLSimpleApplication@3f8d4cdf
----------------- Done invoking toplevel() on ptolemy.moml.MoMLSimpleApplication@3f8d4cdf
reloadAllAccessors: .LazySubClassModel

===========================================================================================
----------------- testing Sun Jul 12 15:04:59 UTC 2020 /home/travis/build/icyphy/ptII/ptolemy/actor/lib/test/auto/LevelCrossTest1.xml
----------------- Instantiating /home/travis/build/icyphy/ptII/ptolemy/actor/lib/test/auto/LevelCrossTest1.xml
1 ms. Memory: 510976K Free: 361984K (71%)
----------------- Invoking toplevel() on ptolemy.moml.MoMLSimpleApplication@4d86fbce
----------------- Done invoking toplevel() on ptolemy.moml.MoMLSimpleApplication@4d86fbce
reloadAllAccessors: .broken

===========================================================================================
----------------- testing Sun Jul 12 15:04:59 UTC 2020 /home/travis/build/icyphy/ptII/ptolemy/actor/lib/test/auto/LevelCrossTest10.xml
----------------- Instantiating /home/travis/build/icyphy/ptII/ptolemy/actor/lib/test/auto/LevelCrossTest10.xml
1 ms. Memory: 510976K Free: 354816K (69%)
----------------- Invoking toplevel() on ptolemy.moml.MoMLSimpleApplication@5d956f4c
----------------- Done invoking toplevel() on ptolemy.moml.MoMLSimpleApplication@5d956f4c
reloadAllAccessors: .LevelCrossTest10

===========================================================================================
----------------- testing Sun Jul 12 15:04:59 UTC 2020 /home/travis/build/icyphy/ptII/ptolemy/actor/lib/test/auto/LevelCrossTest11.xml
----------------- Instantiating /home/travis/build/icyphy/ptII/ptolemy/actor/lib/test/auto/LevelCrossTest11.xml
4 ms. Memory: 510976K Free: 348158K (68%)
----------------- Invoking toplevel() on ptolemy.moml.MoMLSimpleApplication@5a85be66
----------------- Done invoking toplevel() on ptolemy.moml.MoMLSimpleApplication@5a85be66
reloadAllAccessors: .LevelCrossTest11

===========================================================================================
----------------- testing Sun Jul 12 15:04:59 UTC 2020 /home/travis/build/icyphy/ptII/ptolemy/actor/lib/test/auto/LevelCrossTest12.xml
----------------- Instantiating /home/travis/build/icyphy/ptII/ptolemy/actor/lib/test/auto/LevelCrossTest12.xml
1 ms. Memory: 510976K Free: 340480K (67%)
----------------- Invoking toplevel() on ptolemy.moml.MoMLSimpleApplication@575ef144
----------------- Done invoking toplevel() on ptolemy.moml.MoMLSimpleApplication@575ef144
reloadAllAccessors: .LevelCrossTest12

===========================================================================================
----------------- testing Sun Jul 12 15:04:59 UTC 2020 /home/travis/build/icyphy/ptII/ptolemy/actor/lib/test/auto/LevelCrossTest13.xml
----------------- Instantiating /home/travis/build/icyphy/ptII/ptolemy/actor/lib/test/auto/LevelCrossTest13.xml
1 ms. Memory: 510976K Free: 332798K (65%)
----------------- Invoking toplevel() on ptolemy.moml.MoMLSimpleApplication@40dc1f6a
----------------- Done invoking toplevel() on ptolemy.moml.MoMLSimpleApplication@40dc1f6a
reloadAllAccessors: .LevelCrossTest13

===========================================================================================
----------------- testing Sun Jul 12 15:04:59 UTC 2020 /home/travis/build/icyphy/ptII/ptolemy/actor/lib/test/auto/LevelCrossTest2.xml
----------------- Instantiating /home/travis/build/icyphy/ptII/ptolemy/actor/lib/test/auto/LevelCrossTest2.xml
1 ms. Memory: 510976K Free: 327168K (64%)
----------------- Invoking toplevel() on ptolemy.moml.MoMLSimpleApplication@34713ee2
----------------- Done invoking toplevel() on ptolemy.moml.MoMLSimpleApplication@34713ee2
reloadAllAccessors: .broken

===========================================================================================
----------------- testing Sun Jul 12 15:04:59 UTC 2020 /home/travis/build/icyphy/ptII/ptolemy/actor/lib/test/auto/LevelCrossTest3.xml
----------------- Instantiating /home/travis/build/icyphy/ptII/ptolemy/actor/lib/test/auto/LevelCrossTest3.xml
2 ms. Memory: 510976K Free: 320510K (63%)
----------------- Invoking toplevel() on ptolemy.moml.MoMLSimpleApplication@747bafc
----------------- Done invoking toplevel() on ptolemy.moml.MoMLSimpleApplication@747bafc
reloadAllAccessors: .LevelCrossTest3

===========================================================================================
----------------- testing Sun Jul 12 15:04:59 UTC 2020 /home/travis/build/icyphy/ptII/ptolemy/actor/lib/test/auto/LevelCrossTest4.xml
----------------- Instantiating /home/travis/build/icyphy/ptII/ptolemy/actor/lib/test/auto/LevelCrossTest4.xml
1 ms. Memory: 510976K Free: 314880K (62%)
----------------- Invoking toplevel() on ptolemy.moml.MoMLSimpleApplication@76ef330d
----------------- Done invoking toplevel() on ptolemy.moml.MoMLSimpleApplication@76ef330d
reloadAllAccessors: .broken

===========================================================================================
----------------- testing Sun Jul 12 15:04:59 UTC 2020 /home/travis/build/icyphy/ptII/ptolemy/actor/lib/test/auto/LevelCrossTest5.xml
----------------- Instantiating /home/travis/build/icyphy/ptII/ptolemy/actor/lib/test/auto/LevelCrossTest5.xml
1 ms. Memory: 510976K Free: 309246K (61%)
----------------- Invoking toplevel() on ptolemy.moml.MoMLSimpleApplication@5be9303d
----------------- Done invoking toplevel() on ptolemy.moml.MoMLSimpleApplication@5be9303d
reloadAllAccessors: .LevelCrossTest5

===========================================================================================
----------------- testing Sun Jul 12 15:04:59 UTC 2020 /home/travis/build/icyphy/ptII/ptolemy/actor/lib/test/auto/LevelCrossTest6.xml
----------------- Instantiating /home/travis/build/icyphy/ptII/ptolemy/actor/lib/test/auto/LevelCrossTest6.xml
1 ms. Memory: 510976K Free: 302592K (59%)
----------------- Invoking toplevel() on ptolemy.moml.MoMLSimpleApplication@57ea8fa6
----------------- Done invoking toplevel() on ptolemy.moml.MoMLSimpleApplication@57ea8fa6
reloadAllAccessors: .LevelCrossTest6

===========================================================================================
----------------- testing Sun Jul 12 15:04:59 UTC 2020 /home/travis/build/icyphy/ptII/ptolemy/actor/lib/test/auto/LevelCrossTest7.xml
----------------- Instantiating /home/travis/build/icyphy/ptII/ptolemy/actor/lib/test/auto/LevelCrossTest7.xml
8 ms. Memory: 510976K Free: 294400K (58%)
----------------- Invoking toplevel() on ptolemy.moml.MoMLSimpleApplication@6520ebb
----------------- Done invoking toplevel() on ptolemy.moml.MoMLSimpleApplication@6520ebb
reloadAllAccessors: .LevelCrossTest7

===========================================================================================
----------------- testing Sun Jul 12 15:04:59 UTC 2020 /home/travis/build/icyphy/ptII/ptolemy/actor/lib/test/auto/LevelCrossTest8.xml
----------------- Instantiating /home/travis/build/icyphy/ptII/ptolemy/actor/lib/test/auto/LevelCrossTest8.xml
1 ms. Memory: 510976K Free: 287232K (56%)
----------------- Invoking toplevel() on ptolemy.moml.MoMLSimpleApplication@e56072c
----------------- Done invoking toplevel() on ptolemy.moml.MoMLSimpleApplication@e56072c
reloadAllAccessors: .LevelCrossTest8

===========================================================================================
----------------- testing Sun Jul 12 15:04:59 UTC 2020 /home/travis/build/icyphy/ptII/ptolemy/actor/lib/test/auto/LevelCrossTest9.xml
----------------- Instantiating /home/travis/build/icyphy/ptII/ptolemy/actor/lib/test/auto/LevelCrossTest9.xml
1 ms. Memory: 510976K Free: 280574K (55%)
----------------- Invoking toplevel() on ptolemy.moml.MoMLSimpleApplication@13186b63
----------------- Done invoking toplevel() on ptolemy.moml.MoMLSimpleApplication@13186b63
reloadAllAccessors: .LevelCrossTest9

===========================================================================================
----------------- testing Sun Jul 12 15:04:59 UTC 2020 /home/travis/build/icyphy/ptII/ptolemy/actor/lib/test/auto/LevinsonDurbin.xml
----------------- Instantiating /home/travis/build/icyphy/ptII/ptolemy/actor/lib/test/auto/LevinsonDurbin.xml
1 ms. Memory: 510976K Free: 275968K (54%)
----------------- Invoking toplevel() on ptolemy.moml.MoMLSimpleApplication@41432de6
----------------- Done invoking toplevel() on ptolemy.moml.MoMLSimpleApplication@41432de6
reloadAllAccessors: .LevinsonDurbin

===========================================================================================
----------------- testing Sun Jul 12 15:04:59 UTC 2020 /home/travis/build/icyphy/ptII/ptolemy/actor/lib/test/auto/LevinsonDurbin2.xml
----------------- Instantiating /home/travis/build/icyphy/ptII/ptolemy/actor/lib/test/auto/LevinsonDurbin2.xml
4 ms. Memory: 510976K Free: 271872K (53%)
----------------- Invoking toplevel() on ptolemy.moml.MoMLSimpleApplication@574f637f
----------------- Done invoking toplevel() on ptolemy.moml.MoMLSimpleApplication@574f637f
reloadAllAccessors: .LevinsonDurbin2

===========================================================================================
----------------- testing Sun Jul 12 15:04:59 UTC 2020 /home/travis/build/icyphy/ptII/ptolemy/actor/lib/test/auto/LevinsonDurbin3.xml
----------------- Instantiating /home/travis/build/icyphy/ptII/ptolemy/actor/lib/test/auto/LevinsonDurbin3.xml
2 ms. Memory: 510976K Free: 267776K (52%)
----------------- Invoking toplevel() on ptolemy.moml.MoMLSimpleApplication@603d1edb
----------------- Done invoking toplevel() on ptolemy.moml.MoMLSimpleApplication@603d1edb
reloadAllAccessors: .LevinsonDurbin3

===========================================================================================
----------------- testing Sun Jul 12 15:04:59 UTC 2020 /home/travis/build/icyphy/ptII/ptolemy/actor/lib/test/auto/Limiter.xml
----------------- Instantiating /home/travis/build/icyphy/ptII/ptolemy/actor/lib/test/auto/Limiter.xml
6 ms. Memory: 510976K Free: 258560K (51%)
----------------- Invoking toplevel() on ptolemy.moml.MoMLSimpleApplication@6a250b71
----------------- Done invoking toplevel() on ptolemy.moml.MoMLSimpleApplication@6a250b71
reloadAllAccessors: .Limiter

===========================================================================================
----------------- testing Sun Jul 12 15:05:00 UTC 2020 /home/travis/build/icyphy/ptII/ptolemy/actor/lib/test/auto/LinearDifferenceEquationSystem.xml
----------------- Instantiating /home/travis/build/icyphy/ptII/ptolemy/actor/lib/test/auto/LinearDifferenceEquationSystem.xml
3 ms. Memory: 510976K Free: 251392K (49%)
----------------- Invoking toplevel() on ptolemy.moml.MoMLSimpleApplication@61a9d890
----------------- Done invoking toplevel() on ptolemy.moml.MoMLSimpleApplication@61a9d890
reloadAllAccessors: .LinearDifferenceEquationSystem

===========================================================================================
----------------- testing Sun Jul 12 15:05:00 UTC 2020 /home/travis/build/icyphy/ptII/ptolemy/actor/lib/test/auto/LookupTable.xml
----------------- Instantiating /home/travis/build/icyphy/ptII/ptolemy/actor/lib/test/auto/LookupTable.xml
2 ms. Memory: 510976K Free: 246782K (48%)
----------------- Invoking toplevel() on ptolemy.moml.MoMLSimpleApplication@bc4615d
----------------- Done invoking toplevel() on ptolemy.moml.MoMLSimpleApplication@bc4615d
reloadAllAccessors: .LookupTable

===========================================================================================
----------------- testing Sun Jul 12 15:05:00 UTC 2020 /home/travis/build/icyphy/ptII/ptolemy/actor/lib/test/auto/MathFunction.xml
----------------- Instantiating /home/travis/build/icyphy/ptII/ptolemy/actor/lib/test/auto/MathFunction.xml
12 ms. Memory: 510976K Free: 238590K (47%)
----------------- Invoking toplevel() on ptolemy.moml.MoMLSimpleApplication@283da04d
----------------- Done invoking toplevel() on ptolemy.moml.MoMLSimpleApplication@283da04d
reloadAllAccessors: .MathFunction

===========================================================================================
----------------- testing Sun Jul 12 15:05:00 UTC 2020 /home/travis/build/icyphy/ptII/ptolemy/actor/lib/test/auto/MathFunction2.xml
----------------- Instantiating /home/travis/build/icyphy/ptII/ptolemy/actor/lib/test/auto/MathFunction2.xml
1 ms. Memory: 510976K Free: 234494K (46%)
----------------- Invoking toplevel() on ptolemy.moml.MoMLSimpleApplication@41f4abd5
----------------- Done invoking toplevel() on ptolemy.moml.MoMLSimpleApplication@41f4abd5
reloadAllAccessors: .MathFunction2

===========================================================================================
----------------- testing Sun Jul 12 15:05:00 UTC 2020 /home/travis/build/icyphy/ptII/ptolemy/actor/lib/test/auto/MathFunction3.xml
----------------- Instantiating /home/travis/build/icyphy/ptII/ptolemy/actor/lib/test/auto/MathFunction3.xml
2 ms. Memory: 510976K Free: 227840K (45%)
----------------- Invoking toplevel() on ptolemy.moml.MoMLSimpleApplication@627bfd6e
----------------- Done invoking toplevel() on ptolemy.moml.MoMLSimpleApplication@627bfd6e
reloadAllAccessors: .MathFunction3

===========================================================================================
----------------- testing Sun Jul 12 15:05:00 UTC 2020 /home/travis/build/icyphy/ptII/ptolemy/actor/lib/test/auto/MatrixCropBoolean.xml
----------------- Instantiating /home/travis/build/icyphy/ptII/ptolemy/actor/lib/test/auto/MatrixCropBoolean.xml
2 ms. Memory: 510976K Free: 223223K (44%)
----------------- Invoking toplevel() on ptolemy.moml.MoMLSimpleApplication@2ccae57e
----------------- Done invoking toplevel() on ptolemy.moml.MoMLSimpleApplication@2ccae57e
reloadAllAccessors: .MatrixCropBoolean

===========================================================================================
----------------- testing Sun Jul 12 15:05:00 UTC 2020 /home/travis/build/icyphy/ptII/ptolemy/actor/lib/test/auto/MatrixCropComplex.xml
----------------- Instantiating /home/travis/build/icyphy/ptII/ptolemy/actor/lib/test/auto/MatrixCropComplex.xml
3 ms. Memory: 510976K Free: 218079K (43%)
----------------- Invoking toplevel() on ptolemy.moml.MoMLSimpleApplication@729e31ce
----------------- Done invoking toplevel() on ptolemy.moml.MoMLSimpleApplication@729e31ce
reloadAllAccessors: .MatrixCropComplex

===========================================================================================
----------------- testing Sun Jul 12 15:05:00 UTC 2020 /home/travis/build/icyphy/ptII/ptolemy/actor/lib/test/auto/MatrixCropDouble.xml
----------------- Instantiating /home/travis/build/icyphy/ptII/ptolemy/actor/lib/test/auto/MatrixCropDouble.xml
2 ms. Memory: 510976K Free: 213504K (42%)
----------------- Invoking toplevel() on ptolemy.moml.MoMLSimpleApplication@7bb58f68
----------------- Done invoking toplevel() on ptolemy.moml.MoMLSimpleApplication@7bb58f68
reloadAllAccessors: .MatrixCropDouble

===========================================================================================
----------------- testing Sun Jul 12 15:05:00 UTC 2020 /home/travis/build/icyphy/ptII/ptolemy/actor/lib/test/auto/MatrixCropFix.xml
----------------- Instantiating /home/travis/build/icyphy/ptII/ptolemy/actor/lib/test/auto/MatrixCropFix.xml
2 ms. Memory: 510976K Free: 208384K (41%)
----------------- Invoking toplevel() on ptolemy.moml.MoMLSimpleApplication@3cb94b49
----------------- Done invoking toplevel() on ptolemy.moml.MoMLSimpleApplication@3cb94b49
reloadAllAccessors: .MatrixCropFix

===========================================================================================
----------------- testing Sun Jul 12 15:05:00 UTC 2020 /home/travis/build/icyphy/ptII/ptolemy/actor/lib/test/auto/MatrixCropInt.xml
----------------- Instantiating /home/travis/build/icyphy/ptII/ptolemy/actor/lib/test/auto/MatrixCropInt.xml
2 ms. Memory: 510976K Free: 203743K (40%)
----------------- Invoking toplevel() on ptolemy.moml.MoMLSimpleApplication@69641391
----------------- Done invoking toplevel() on ptolemy.moml.MoMLSimpleApplication@69641391
reloadAllAccessors: .MatrixCropInt

===========================================================================================
----------------- testing Sun Jul 12 15:05:00 UTC 2020 /home/travis/build/icyphy/ptII/ptolemy/actor/lib/test/auto/MatrixCropLong.xml
----------------- Instantiating /home/travis/build/icyphy/ptII/ptolemy/actor/lib/test/auto/MatrixCropLong.xml
2 ms. Memory: 510976K Free: 198639K (39%)
----------------- Invoking toplevel() on ptolemy.moml.MoMLSimpleApplication@20c37b99
----------------- Done invoking toplevel() on ptolemy.moml.MoMLSimpleApplication@20c37b99
reloadAllAccessors: .MatrixCropLong

===========================================================================================
----------------- testing Sun Jul 12 15:05:00 UTC 2020 /home/travis/build/icyphy/ptII/ptolemy/actor/lib/test/auto/MatrixToArray.xml
----------------- Instantiating /home/travis/build/icyphy/ptII/ptolemy/actor/lib/test/auto/MatrixToArray.xml
6 ms. Memory: 510976K Free: 183808K (36%)
----------------- Invoking toplevel() on ptolemy.moml.MoMLSimpleApplication@22e0a0e8
----------------- Done invoking toplevel() on ptolemy.moml.MoMLSimpleApplication@22e0a0e8
reloadAllAccessors: .MatrixToArray

===========================================================================================
----------------- testing Sun Jul 12 15:05:00 UTC 2020 /home/travis/build/icyphy/ptII/ptolemy/actor/lib/test/auto/MaxIndex.xml
----------------- Instantiating /home/travis/build/icyphy/ptII/ptolemy/actor/lib/test/auto/MaxIndex.xml
2 ms. Memory: 510976K Free: 178688K (35%)
----------------- Invoking toplevel() on ptolemy.moml.MoMLSimpleApplication@642b52da
----------------- Done invoking toplevel() on ptolemy.moml.MoMLSimpleApplication@642b52da
reloadAllAccessors: .MaxIndex

===========================================================================================
----------------- testing Sun Jul 12 15:05:00 UTC 2020 /home/travis/build/icyphy/ptII/ptolemy/actor/lib/test/auto/Maximum.xml
----------------- Instantiating /home/travis/build/icyphy/ptII/ptolemy/actor/lib/test/auto/Maximum.xml
2 ms. Memory: 510976K Free: 171999K (34%)
----------------- Invoking toplevel() on ptolemy.moml.MoMLSimpleApplication@4b8f6d23
----------------- Done invoking toplevel() on ptolemy.moml.MoMLSimpleApplication@4b8f6d23
reloadAllAccessors: .Maximum

===========================================================================================
----------------- testing Sun Jul 12 15:05:00 UTC 2020 /home/travis/build/icyphy/ptII/ptolemy/actor/lib/test/auto/MaximumComplex.xml
----------------- Instantiating /home/travis/build/icyphy/ptII/ptolemy/actor/lib/test/auto/MaximumComplex.xml
5 ms. Memory: 510976K Free: 459759K (90%)
----------------- Invoking toplevel() on ptolemy.moml.MoMLSimpleApplication@78ed4de3
----------------- Done invoking toplevel() on ptolemy.moml.MoMLSimpleApplication@78ed4de3
reloadAllAccessors: .MaximumComplex

===========================================================================================
----------------- testing Sun Jul 12 15:05:00 UTC 2020 /home/travis/build/icyphy/ptII/ptolemy/actor/lib/test/auto/MethodCallTest.xml
----------------- Instantiating /home/travis/build/icyphy/ptII/ptolemy/actor/lib/test/auto/MethodCallTest.xml
6 ms. Memory: 510976K Free: 452606K (89%)
----------------- Invoking toplevel() on ptolemy.moml.MoMLSimpleApplication@74f9381c
----------------- Done invoking toplevel() on ptolemy.moml.MoMLSimpleApplication@74f9381c
reloadAllAccessors: .MethodCallTest

===========================================================================================
----------------- testing Sun Jul 12 15:05:00 UTC 2020 /home/travis/build/icyphy/ptII/ptolemy/actor/lib/test/auto/Minimum.xml
----------------- Instantiating /home/travis/build/icyphy/ptII/ptolemy/actor/lib/test/auto/Minimum.xml
2 ms. Memory: 510976K Free: 446976K (87%)
----------------- Invoking toplevel() on ptolemy.moml.MoMLSimpleApplication@540b0575
----------------- Done invoking toplevel() on ptolemy.moml.MoMLSimpleApplication@540b0575
reloadAllAccessors: .Minimum

===========================================================================================
----------------- testing Sun Jul 12 15:05:00 UTC 2020 /home/travis/build/icyphy/ptII/ptolemy/actor/lib/test/auto/MinimumComplex.xml
----------------- Instantiating /home/travis/build/icyphy/ptII/ptolemy/actor/lib/test/auto/MinimumComplex.xml
3 ms. Memory: 510976K Free: 440832K (86%)
----------------- Invoking toplevel() on ptolemy.moml.MoMLSimpleApplication@5e6dd997
----------------- Done invoking toplevel() on ptolemy.moml.MoMLSimpleApplication@5e6dd997
reloadAllAccessors: .MinimumComplex

===========================================================================================
----------------- testing Sun Jul 12 15:05:00 UTC 2020 /home/travis/build/icyphy/ptII/ptolemy/actor/lib/test/auto/MinimumMultiports.xml
----------------- Instantiating /home/travis/build/icyphy/ptII/ptolemy/actor/lib/test/auto/MinimumMultiports.xml
3 ms. Memory: 510976K Free: 432111K (85%)
----------------- Invoking toplevel() on ptolemy.moml.MoMLSimpleApplication@69d9c206
----------------- Done invoking toplevel() on ptolemy.moml.MoMLSimpleApplication@69d9c206
reloadAllAccessors: .MinimumMultiports

===========================================================================================
----------------- testing Sun Jul 12 15:05:00 UTC 2020 /home/travis/build/icyphy/ptII/ptolemy/actor/lib/test/auto/ModifyDate.xml
----------------- Instantiating /home/travis/build/icyphy/ptII/ptolemy/actor/lib/test/auto/ModifyDate.xml
7 ms. Memory: 510976K Free: 419328K (82%)
----------------- Invoking toplevel() on ptolemy.moml.MoMLSimpleApplication@2f169618
----------------- Done invoking toplevel() on ptolemy.moml.MoMLSimpleApplication@2f169618
reloadAllAccessors: .ModifyDate

===========================================================================================
----------------- testing Sun Jul 12 15:05:00 UTC 2020 /home/travis/build/icyphy/ptII/ptolemy/actor/lib/test/auto/ModifyDate2.xml
----------------- Instantiating /home/travis/build/icyphy/ptII/ptolemy/actor/lib/test/auto/ModifyDate2.xml
4 ms. Memory: 510976K Free: 410622K (80%)
----------------- Invoking toplevel() on ptolemy.moml.MoMLSimpleApplication@57f592f6
----------------- Done invoking toplevel() on ptolemy.moml.MoMLSimpleApplication@57f592f6
reloadAllAccessors: .ModifyDate2

===========================================================================================
----------------- testing Sun Jul 12 15:05:00 UTC 2020 /home/travis/build/icyphy/ptII/ptolemy/actor/lib/test/auto/MovingAverage.xml
----------------- Instantiating /home/travis/build/icyphy/ptII/ptolemy/actor/lib/test/auto/MovingAverage.xml
2 ms. Memory: 510976K Free: 405502K (79%)
----------------- Invoking toplevel() on ptolemy.moml.MoMLSimpleApplication@3f52000d
----------------- Done invoking toplevel() on ptolemy.moml.MoMLSimpleApplication@3f52000d
reloadAllAccessors: .MovingAverage

===========================================================================================
----------------- testing Sun Jul 12 15:05:00 UTC 2020 /home/travis/build/icyphy/ptII/ptolemy/actor/lib/test/auto/MovingMaximum.xml
----------------- Instantiating /home/travis/build/icyphy/ptII/ptolemy/actor/lib/test/auto/MovingMaximum.xml
2 ms. Memory: 510976K Free: 400896K (78%)
----------------- Invoking toplevel() on ptolemy.moml.MoMLSimpleApplication@7cf1457c
----------------- Done invoking toplevel() on ptolemy.moml.MoMLSimpleApplication@7cf1457c
reloadAllAccessors: .MovingMaximum

===========================================================================================
----------------- testing Sun Jul 12 15:05:00 UTC 2020 /home/travis/build/icyphy/ptII/ptolemy/actor/lib/test/auto/MultipleLinksToSameRelation.xml
----------------- Instantiating /home/travis/build/icyphy/ptII/ptolemy/actor/lib/test/auto/MultipleLinksToSameRelation.xml
2 ms. Memory: 510976K Free: 396800K (78%)
----------------- Invoking toplevel() on ptolemy.moml.MoMLSimpleApplication@65c4ca18
----------------- Done invoking toplevel() on ptolemy.moml.MoMLSimpleApplication@65c4ca18
reloadAllAccessors: .MultipleLinksToSameRelation

===========================================================================================
----------------- testing Sun Jul 12 15:05:00 UTC 2020 /home/travis/build/icyphy/ptII/ptolemy/actor/lib/test/auto/MultipleLinksToSameRelationDE.xml
----------------- Instantiating /home/travis/build/icyphy/ptII/ptolemy/actor/lib/test/auto/MultipleLinksToSameRelationDE.xml
2 ms. Memory: 510976K Free: 392159K (77%)
----------------- Invoking toplevel() on ptolemy.moml.MoMLSimpleApplication@32e6e039
----------------- Done invoking toplevel() on ptolemy.moml.MoMLSimpleApplication@32e6e039
reloadAllAccessors: .MultipleLinksToSameRelationDE

===========================================================================================
----------------- testing Sun Jul 12 15:05:00 UTC 2020 /home/travis/build/icyphy/ptII/ptolemy/actor/lib/test/auto/Multiplexor.xml
----------------- Instantiating /home/travis/build/icyphy/ptII/ptolemy/actor/lib/test/auto/Multiplexor.xml
2 ms. Memory: 510976K Free: 386560K (76%)
----------------- Invoking toplevel() on ptolemy.moml.MoMLSimpleApplication@3898eef
----------------- Done invoking toplevel() on ptolemy.moml.MoMLSimpleApplication@3898eef
reloadAllAccessors: .Multiplexor

===========================================================================================
----------------- testing Sun Jul 12 15:05:00 UTC 2020 /home/travis/build/icyphy/ptII/ptolemy/actor/lib/test/auto/Multiplexor1.xml
----------------- Instantiating /home/travis/build/icyphy/ptII/ptolemy/actor/lib/test/auto/Multiplexor1.xml
2 ms. Memory: 510976K Free: 380416K (74%)
----------------- Invoking toplevel() on ptolemy.moml.MoMLSimpleApplication@74f0f508
----------------- Done invoking toplevel() on ptolemy.moml.MoMLSimpleApplication@74f0f508
reloadAllAccessors: .Multiplexor1

===========================================================================================
----------------- testing Sun Jul 12 15:05:00 UTC 2020 /home/travis/build/icyphy/ptII/ptolemy/actor/lib/test/auto/Multiplexor2.xml
----------------- Instantiating /home/travis/build/icyphy/ptII/ptolemy/actor/lib/test/auto/Multiplexor2.xml
5 ms. Memory: 510976K Free: 373758K (73%)
----------------- Invoking toplevel() on ptolemy.moml.MoMLSimpleApplication@b59ba22
----------------- Done invoking toplevel() on ptolemy.moml.MoMLSimpleApplication@b59ba22
reloadAllAccessors: .Multiplexor2

===========================================================================================
----------------- testing Sun Jul 12 15:05:00 UTC 2020 /home/travis/build/icyphy/ptII/ptolemy/actor/lib/test/auto/Multiplexor3.xml
----------------- Instantiating /home/travis/build/icyphy/ptII/ptolemy/actor/lib/test/auto/Multiplexor3.xml
2 ms. Memory: 510976K Free: 369662K (72%)
----------------- Invoking toplevel() on ptolemy.moml.MoMLSimpleApplication@51a2eb76
----------------- Done invoking toplevel() on ptolemy.moml.MoMLSimpleApplication@51a2eb76
reloadAllAccessors: .Multiplexor3

===========================================================================================
----------------- testing Sun Jul 12 15:05:00 UTC 2020 /home/travis/build/icyphy/ptII/ptolemy/actor/lib/test/auto/MultiplexorDE.xml
----------------- Instantiating /home/travis/build/icyphy/ptII/ptolemy/actor/lib/test/auto/MultiplexorDE.xml
3 ms. Memory: 510976K Free: 361984K (71%)
----------------- Invoking toplevel() on ptolemy.moml.MoMLSimpleApplication@46b3692
----------------- Done invoking toplevel() on ptolemy.moml.MoMLSimpleApplication@46b3692
reloadAllAccessors: .MultiplexorDE

===========================================================================================
----------------- testing Sun Jul 12 15:05:00 UTC 2020 /home/travis/build/icyphy/ptII/ptolemy/actor/lib/test/auto/MultiportBroadcastTest.xml
----------------- Instantiating /home/travis/build/icyphy/ptII/ptolemy/actor/lib/test/auto/MultiportBroadcastTest.xml
79 ms. Memory: 510976K Free: 355840K (70%)
----------------- Invoking toplevel() on ptolemy.moml.MoMLSimpleApplication@448e19b9
----------------- Done invoking toplevel() on ptolemy.moml.MoMLSimpleApplication@448e19b9
reloadAllAccessors: .MultiportBroadcastTest

===========================================================================================
----------------- testing Sun Jul 12 15:05:00 UTC 2020 /home/travis/build/icyphy/ptII/ptolemy/actor/lib/test/auto/MultiportOutHangDuringGetWidth.xml
----------------- Instantiating /home/travis/build/icyphy/ptII/ptolemy/actor/lib/test/auto/MultiportOutHangDuringGetWidth.xml
4 ms. Memory: 510976K Free: 344055K (67%)
----------------- Invoking toplevel() on ptolemy.moml.MoMLSimpleApplication@432507a5
----------------- Done invoking toplevel() on ptolemy.moml.MoMLSimpleApplication@432507a5
reloadAllAccessors: .MultiportOutHangDuringGetWidth

===========================================================================================
----------------- testing Sun Jul 12 15:05:00 UTC 2020 /home/travis/build/icyphy/ptII/ptolemy/actor/lib/test/auto/NilToken.xml
----------------- Instantiating /home/travis/build/icyphy/ptII/ptolemy/actor/lib/test/auto/NilToken.xml
1 ms. Memory: 510976K Free: 339966K (67%)
----------------- Invoking toplevel() on ptolemy.moml.MoMLSimpleApplication@655ef5c2
----------------- Done invoking toplevel() on ptolemy.moml.MoMLSimpleApplication@655ef5c2
reloadAllAccessors: .NilToken

===========================================================================================
----------------- testing Sun Jul 12 15:05:00 UTC 2020 /home/travis/build/icyphy/ptII/ptolemy/actor/lib/test/auto/NilTokenNonStrictTest.xml
----------------- Instantiating /home/travis/build/icyphy/ptII/ptolemy/actor/lib/test/auto/NilTokenNonStrictTest.xml
1 ms. Memory: 510976K Free: 334846K (66%)
----------------- Invoking toplevel() on ptolemy.moml.MoMLSimpleApplication@94de5df
----------------- Done invoking toplevel() on ptolemy.moml.MoMLSimpleApplication@94de5df
reloadAllAccessors: .NilTokenNonStrictTest

===========================================================================================
----------------- testing Sun Jul 12 15:05:00 UTC 2020 /home/travis/build/icyphy/ptII/ptolemy/actor/lib/test/auto/NilTokenRecord.xml
----------------- Instantiating /home/travis/build/icyphy/ptII/ptolemy/actor/lib/test/auto/NilTokenRecord.xml
10 ms. Memory: 510976K Free: 328192K (64%)
----------------- Invoking toplevel() on ptolemy.moml.MoMLSimpleApplication@697e1abc
----------------- Done invoking toplevel() on ptolemy.moml.MoMLSimpleApplication@697e1abc
reloadAllAccessors: .NilTokenRecord

===========================================================================================
----------------- testing Sun Jul 12 15:05:00 UTC 2020 /home/travis/build/icyphy/ptII/ptolemy/actor/lib/test/auto/NilTokenTypeTest.xml
----------------- Instantiating /home/travis/build/icyphy/ptII/ptolemy/actor/lib/test/auto/NilTokenTypeTest.xml
6 ms. Memory: 510976K Free: 318462K (62%)
----------------- Invoking toplevel() on ptolemy.moml.MoMLSimpleApplication@76a05ed6
----------------- Done invoking toplevel() on ptolemy.moml.MoMLSimpleApplication@76a05ed6
reloadAllAccessors: .NilTokenTypeTest

===========================================================================================
----------------- testing Sun Jul 12 15:05:00 UTC 2020 /home/travis/build/icyphy/ptII/ptolemy/actor/lib/test/auto/ObjectToken1.xml
----------------- Instantiating /home/travis/build/icyphy/ptII/ptolemy/actor/lib/test/auto/ObjectToken1.xml
2 ms. Memory: 510976K Free: 314366K (62%)
----------------- Invoking toplevel() on ptolemy.moml.MoMLSimpleApplication@55abec8b
----------------- Done invoking toplevel() on ptolemy.moml.MoMLSimpleApplication@55abec8b
reloadAllAccessors: .ObjectToken1

===========================================================================================
----------------- testing Sun Jul 12 15:05:00 UTC 2020 /home/travis/build/icyphy/ptII/ptolemy/actor/lib/test/auto/OrderedMerge.xml
----------------- Instantiating /home/travis/build/icyphy/ptII/ptolemy/actor/lib/test/auto/OrderedMerge.xml
11 ms. Memory: 510976K Free: 308736K (60%)
----------------- Invoking toplevel() on ptolemy.moml.MoMLSimpleApplication@1741836e
----------------- Done invoking toplevel() on ptolemy.moml.MoMLSimpleApplication@1741836e
reloadAllAccessors: .OrderedMerge

===========================================================================================
----------------- testing Sun Jul 12 15:05:00 UTC 2020 /home/travis/build/icyphy/ptII/ptolemy/actor/lib/test/auto/OrderedRecordDisassembler.xml
----------------- Instantiating /home/travis/build/icyphy/ptII/ptolemy/actor/lib/test/auto/OrderedRecordDisassembler.xml
3 ms. Memory: 510976K Free: 303616K (59%)
----------------- Invoking toplevel() on ptolemy.moml.MoMLSimpleApplication@555ce00e
----------------- Done invoking toplevel() on ptolemy.moml.MoMLSimpleApplication@555ce00e
reloadAllAccessors: .OrderedRecordDisassembler

===========================================================================================
----------------- testing Sun Jul 12 15:05:00 UTC 2020 /home/travis/build/icyphy/ptII/ptolemy/actor/lib/test/auto/OrderedRecordDisassembler2.xml
----------------- Instantiating /home/travis/build/icyphy/ptII/ptolemy/actor/lib/test/auto/OrderedRecordDisassembler2.xml
5 ms. Memory: 510976K Free: 295919K (58%)
----------------- Invoking toplevel() on ptolemy.moml.MoMLSimpleApplication@201c3f25
----------------- Done invoking toplevel() on ptolemy.moml.MoMLSimpleApplication@201c3f25
reloadAllAccessors: .OrderedRecordDisassembler2

===========================================================================================
----------------- testing Sun Jul 12 15:05:00 UTC 2020 /home/travis/build/icyphy/ptII/ptolemy/actor/lib/test/auto/OrderedRecordUpdater.xml
----------------- Instantiating /home/travis/build/icyphy/ptII/ptolemy/actor/lib/test/auto/OrderedRecordUpdater.xml
2 ms. Memory: 510976K Free: 290814K (57%)
----------------- Invoking toplevel() on ptolemy.moml.MoMLSimpleApplication@15e8a300
----------------- Done invoking toplevel() on ptolemy.moml.MoMLSimpleApplication@15e8a300
reloadAllAccessors: .RecordUpdater

===========================================================================================
----------------- testing Sun Jul 12 15:05:00 UTC 2020 /home/travis/build/icyphy/ptII/ptolemy/actor/lib/test/auto/OrderedRecordUpdater2.xml
----------------- Instantiating /home/travis/build/icyphy/ptII/ptolemy/actor/lib/test/auto/OrderedRecordUpdater2.xml
3 ms. Memory: 510976K Free: 285694K (56%)
----------------- Invoking toplevel() on ptolemy.moml.MoMLSimpleApplication@2f734ef8
----------------- Done invoking toplevel() on ptolemy.moml.MoMLSimpleApplication@2f734ef8
reloadAllAccessors: .RecordUpdater2

===========================================================================================
----------------- testing Sun Jul 12 15:05:00 UTC 2020 /home/travis/build/icyphy/ptII/ptolemy/actor/lib/test/auto/PhaseUnwrap.xml
----------------- Instantiating /home/travis/build/icyphy/ptII/ptolemy/actor/lib/test/auto/PhaseUnwrap.xml
2 ms. Memory: 510976K Free: 281088K (55%)
----------------- Invoking toplevel() on ptolemy.moml.MoMLSimpleApplication@431a18b3
----------------- Done invoking toplevel() on ptolemy.moml.MoMLSimpleApplication@431a18b3
reloadAllAccessors: .PhaseUnwrap

===========================================================================================
----------------- testing Sun Jul 12 15:05:01 UTC 2020 /home/travis/build/icyphy/ptII/ptolemy/actor/lib/test/auto/PoissonClock.xml
----------------- Instantiating /home/travis/build/icyphy/ptII/ptolemy/actor/lib/test/auto/PoissonClock.xml
2 ms. Memory: 510976K Free: 276992K (54%)
----------------- Invoking toplevel() on ptolemy.moml.MoMLSimpleApplication@3ef2e55b
----------------- Done invoking toplevel() on ptolemy.moml.MoMLSimpleApplication@3ef2e55b
reloadAllAccessors: .PoissonClock

===========================================================================================
----------------- testing Sun Jul 12 15:05:01 UTC 2020 /home/travis/build/icyphy/ptII/ptolemy/actor/lib/test/auto/PoissonClock2.xml
----------------- Instantiating /home/travis/build/icyphy/ptII/ptolemy/actor/lib/test/auto/PoissonClock2.xml
1 ms. Memory: 510976K Free: 272382K (53%)
----------------- Invoking toplevel() on ptolemy.moml.MoMLSimpleApplication@451193bd
----------------- Done invoking toplevel() on ptolemy.moml.MoMLSimpleApplication@451193bd
reloadAllAccessors: .PoissonClock2

===========================================================================================
----------------- testing Sun Jul 12 15:05:01 UTC 2020 /home/travis/build/icyphy/ptII/ptolemy/actor/lib/test/auto/PoissonClock3.xml
----------------- Instantiating /home/travis/build/icyphy/ptII/ptolemy/actor/lib/test/auto/PoissonClock3.xml
1 ms. Memory: 510976K Free: 267776K (52%)
----------------- Invoking toplevel() on ptolemy.moml.MoMLSimpleApplication@296aaace
----------------- Done invoking toplevel() on ptolemy.moml.MoMLSimpleApplication@296aaace
reloadAllAccessors: .PoissonClock3

===========================================================================================
----------------- testing Sun Jul 12 15:05:01 UTC 2020 /home/travis/build/icyphy/ptII/ptolemy/actor/lib/test/auto/PubSubWithInitialTokens.xml
----------------- Instantiating /home/travis/build/icyphy/ptII/ptolemy/actor/lib/test/auto/PubSubWithInitialTokens.xml
2 ms. Memory: 510976K Free: 262135K (51%)
----------------- Invoking toplevel() on ptolemy.moml.MoMLSimpleApplication@391581e0
----------------- Done invoking toplevel() on ptolemy.moml.MoMLSimpleApplication@391581e0
reloadAllAccessors: .PubSubWithInitialTokens

===========================================================================================
----------------- testing Sun Jul 12 15:05:01 UTC 2020 /home/travis/build/icyphy/ptII/ptolemy/actor/lib/test/auto/PubSubWithInitialTokens2.xml
----------------- Instantiating /home/travis/build/icyphy/ptII/ptolemy/actor/lib/test/auto/PubSubWithInitialTokens2.xml
3 ms. Memory: 510976K Free: 255991K (50%)
----------------- Invoking toplevel() on ptolemy.moml.MoMLSimpleApplication@51cd7a81
----------------- Done invoking toplevel() on ptolemy.moml.MoMLSimpleApplication@51cd7a81
reloadAllAccessors: .PubSubWithInitialTokens2

===========================================================================================
----------------- testing Sun Jul 12 15:05:01 UTC 2020 /home/travis/build/icyphy/ptII/ptolemy/actor/lib/test/auto/PublisherClassNoParameter.xml
----------------- Instantiating /home/travis/build/icyphy/ptII/ptolemy/actor/lib/test/auto/PublisherClassNoParameter.xml
3 ms. Memory: 510976K Free: 246272K (48%)
----------------- Invoking toplevel() on ptolemy.moml.MoMLSimpleApplication@f011874
----------------- Done invoking toplevel() on ptolemy.moml.MoMLSimpleApplication@f011874
reloadAllAccessors: .PublisherClassNoParameter

===========================================================================================
----------------- testing Sun Jul 12 15:05:01 UTC 2020 /home/travis/build/icyphy/ptII/ptolemy/actor/lib/test/auto/PublisherClassParameter.xml
----------------- Instantiating /home/travis/build/icyphy/ptII/ptolemy/actor/lib/test/auto/PublisherClassParameter.xml
2 ms. Memory: 510976K Free: 235518K (46%)
----------------- Invoking toplevel() on ptolemy.moml.MoMLSimpleApplication@7fcd860a
----------------- Done invoking toplevel() on ptolemy.moml.MoMLSimpleApplication@7fcd860a
reloadAllAccessors: .PublisherClassParameter

===========================================================================================
----------------- testing Sun Jul 12 15:05:01 UTC 2020 /home/travis/build/icyphy/ptII/ptolemy/actor/lib/test/auto/PublisherNonStrictTest.xml
----------------- Instantiating /home/travis/build/icyphy/ptII/ptolemy/actor/lib/test/auto/PublisherNonStrictTest.xml
3 ms. Memory: 510976K Free: 227840K (45%)
----------------- Invoking toplevel() on ptolemy.moml.MoMLSimpleApplication@17a6ff1e
----------------- Done invoking toplevel() on ptolemy.moml.MoMLSimpleApplication@17a6ff1e
reloadAllAccessors: .PublisherNonStrictTest

===========================================================================================
----------------- testing Sun Jul 12 15:05:01 UTC 2020 /home/travis/build/icyphy/ptII/ptolemy/actor/lib/test/auto/PublisherPort1.xml
----------------- Instantiating /home/travis/build/icyphy/ptII/ptolemy/actor/lib/test/auto/PublisherPort1.xml
10 ms. Memory: 510976K Free: 222191K (43%)
----------------- Invoking toplevel() on ptolemy.moml.MoMLSimpleApplication@4f1a4bb2
----------------- Done invoking toplevel() on ptolemy.moml.MoMLSimpleApplication@4f1a4bb2
reloadAllAccessors: .PublisherPort1

===========================================================================================
----------------- testing Sun Jul 12 15:05:01 UTC 2020 /home/travis/build/icyphy/ptII/ptolemy/actor/lib/test/auto/PublisherPort2.xml
----------------- Instantiating /home/travis/build/icyphy/ptII/ptolemy/actor/lib/test/auto/PublisherPort2.xml
1 ms. Memory: 510976K Free: 217086K (42%)
----------------- Invoking toplevel() on ptolemy.moml.MoMLSimpleApplication@78897a70
----------------- Done invoking toplevel() on ptolemy.moml.MoMLSimpleApplication@78897a70
reloadAllAccessors: .PublisherPort2

===========================================================================================
----------------- testing Sun Jul 12 15:05:01 UTC 2020 /home/travis/build/icyphy/ptII/ptolemy/actor/lib/test/auto/PublisherPort3.xml
----------------- Instantiating /home/travis/build/icyphy/ptII/ptolemy/actor/lib/test/auto/PublisherPort3.xml
3 ms. Memory: 510976K Free: 210432K (41%)
----------------- Invoking toplevel() on ptolemy.moml.MoMLSimpleApplication@7130c40f
----------------- Done invoking toplevel() on ptolemy.moml.MoMLSimpleApplication@7130c40f
reloadAllAccessors: .PublisherPort3

===========================================================================================
----------------- testing Sun Jul 12 15:05:01 UTC 2020 /home/travis/build/icyphy/ptII/ptolemy/actor/lib/test/auto/PublisherPort4.xml
----------------- Instantiating /home/travis/build/icyphy/ptII/ptolemy/actor/lib/test/auto/PublisherPort4.xml
3 ms. Memory: 510976K Free: 204791K (40%)
----------------- Invoking toplevel() on ptolemy.moml.MoMLSimpleApplication@60075ce1
----------------- Done invoking toplevel() on ptolemy.moml.MoMLSimpleApplication@60075ce1
reloadAllAccessors: .PublisherPort4

===========================================================================================
----------------- testing Sun Jul 12 15:05:01 UTC 2020 /home/travis/build/icyphy/ptII/ptolemy/actor/lib/test/auto/PublisherPort5.xml
----------------- Instantiating /home/travis/build/icyphy/ptII/ptolemy/actor/lib/test/auto/PublisherPort5.xml
6 ms. Memory: 510976K Free: 197120K (39%)
----------------- Invoking toplevel() on ptolemy.moml.MoMLSimpleApplication@6ff2208b
----------------- Done invoking toplevel() on ptolemy.moml.MoMLSimpleApplication@6ff2208b
reloadAllAccessors: .PublisherPort5

===========================================================================================
----------------- testing Sun Jul 12 15:05:01 UTC 2020 /home/travis/build/icyphy/ptII/ptolemy/actor/lib/test/auto/PublisherPort5LookAlike.xml
----------------- Instantiating /home/travis/build/icyphy/ptII/ptolemy/actor/lib/test/auto/PublisherPort5LookAlike.xml
6 ms. Memory: 510976K Free: 189438K (37%)
----------------- Invoking toplevel() on ptolemy.moml.MoMLSimpleApplication@5af998c3
----------------- Done invoking toplevel() on ptolemy.moml.MoMLSimpleApplication@5af998c3
reloadAllAccessors: .PublisherPort5LookAlike

===========================================================================================
----------------- testing Sun Jul 12 15:05:01 UTC 2020 /home/travis/build/icyphy/ptII/ptolemy/actor/lib/test/auto/PublisherPort6.xml
----------------- Instantiating /home/travis/build/icyphy/ptII/ptolemy/actor/lib/test/auto/PublisherPort6.xml
2 ms. Memory: 510976K Free: 182784K (36%)
----------------- Invoking toplevel() on ptolemy.moml.MoMLSimpleApplication@65b23768
----------------- Done invoking toplevel() on ptolemy.moml.MoMLSimpleApplication@65b23768
reloadAllAccessors: .PublisherPort6

===========================================================================================
----------------- testing Sun Jul 12 15:05:01 UTC 2020 /home/travis/build/icyphy/ptII/ptolemy/actor/lib/test/auto/PublisherPort7.xml
----------------- Instantiating /home/travis/build/icyphy/ptII/ptolemy/actor/lib/test/auto/PublisherPort7.xml
4 ms. Memory: 510976K Free: 175102K (34%)
----------------- Invoking toplevel() on ptolemy.moml.MoMLSimpleApplication@649ef4bb
----------------- Done invoking toplevel() on ptolemy.moml.MoMLSimpleApplication@649ef4bb
reloadAllAccessors: .PublisherPort7

===========================================================================================
----------------- testing Sun Jul 12 15:05:01 UTC 2020 /home/travis/build/icyphy/ptII/ptolemy/actor/lib/test/auto/PublisherPort8.xml
----------------- Instantiating /home/travis/build/icyphy/ptII/ptolemy/actor/lib/test/auto/PublisherPort8.xml
42 ms. Memory: 510976K Free: 459936K (90%)
----------------- Invoking toplevel() on ptolemy.moml.MoMLSimpleApplication@581e32d7
----------------- Done invoking toplevel() on ptolemy.moml.MoMLSimpleApplication@581e32d7
reloadAllAccessors: .PublisherPort8

===========================================================================================
----------------- testing Sun Jul 12 15:05:01 UTC 2020 /home/travis/build/icyphy/ptII/ptolemy/actor/lib/test/auto/PublisherPortSubscriberChannelVariablesAOC2.xml
----------------- Instantiating /home/travis/build/icyphy/ptII/ptolemy/actor/lib/test/auto/PublisherPortSubscriberChannelVariablesAOC2.xml
3 ms. Memory: 510976K Free: 442368K (87%)
----------------- Invoking toplevel() on ptolemy.moml.MoMLSimpleApplication@2b53eb86
----------------- Done invoking toplevel() on ptolemy.moml.MoMLSimpleApplication@2b53eb86
reloadAllAccessors: .PublisherPortSubscriberChannelVariablesAOC2

===========================================================================================
----------------- testing Sun Jul 12 15:05:01 UTC 2020 /home/travis/build/icyphy/ptII/ptolemy/actor/lib/test/auto/PublisherPortSubscriberOpaqueWidthInference.xml
----------------- Instantiating /home/travis/build/icyphy/ptII/ptolemy/actor/lib/test/auto/PublisherPortSubscriberOpaqueWidthInference.xml
3 ms. Memory: 510976K Free: 434176K (85%)
----------------- Invoking toplevel() on ptolemy.moml.MoMLSimpleApplication@4c1356d8
----------------- Done invoking toplevel() on ptolemy.moml.MoMLSimpleApplication@4c1356d8
reloadAllAccessors: .PublisherPortSubscriberOpaqueWidthInference

===========================================================================================
----------------- testing Sun Jul 12 15:05:01 UTC 2020 /home/travis/build/icyphy/ptII/ptolemy/actor/lib/test/auto/PublisherPortSubscriberPortAdjacent.xml
----------------- Instantiating /home/travis/build/icyphy/ptII/ptolemy/actor/lib/test/auto/PublisherPortSubscriberPortAdjacent.xml
2 ms. Memory: 510976K Free: 425984K (83%)
----------------- Invoking toplevel() on ptolemy.moml.MoMLSimpleApplication@34f636b1
----------------- Done invoking toplevel() on ptolemy.moml.MoMLSimpleApplication@34f636b1
reloadAllAccessors: .PublisherPortSubscriberPortAdjacent

===========================================================================================
----------------- testing Sun Jul 12 15:05:01 UTC 2020 /home/travis/build/icyphy/ptII/ptolemy/actor/lib/test/auto/PublisherPortSubscriberPortExpression.xml
----------------- Instantiating /home/travis/build/icyphy/ptII/ptolemy/actor/lib/test/auto/PublisherPortSubscriberPortExpression.xml
4 ms. Memory: 510976K Free: 418295K (82%)
----------------- Invoking toplevel() on ptolemy.moml.MoMLSimpleApplication@31b8ff03
----------------- Done invoking toplevel() on ptolemy.moml.MoMLSimpleApplication@31b8ff03
reloadAllAccessors: .PublisherPortSubscriberPortExpression

===========================================================================================
----------------- testing Sun Jul 12 15:05:01 UTC 2020 /home/travis/build/icyphy/ptII/ptolemy/actor/lib/test/auto/PublisherPortSubscriberPortOpaqueD3Reverse.xml
----------------- Instantiating /home/travis/build/icyphy/ptII/ptolemy/actor/lib/test/auto/PublisherPortSubscriberPortOpaqueD3Reverse.xml
7 ms. Memory: 510976K Free: 408062K (80%)
----------------- Invoking toplevel() on ptolemy.moml.MoMLSimpleApplication@3797820c
----------------- Done invoking toplevel() on ptolemy.moml.MoMLSimpleApplication@3797820c
reloadAllAccessors: .PublisherPortSubscriberPortOpaqueD3Reverse

===========================================================================================
----------------- testing Sun Jul 12 15:05:01 UTC 2020 /home/travis/build/icyphy/ptII/ptolemy/actor/lib/test/auto/PublisherPortSubscriberPortOpaqueWidthInference.xml
----------------- Instantiating /home/travis/build/icyphy/ptII/ptolemy/actor/lib/test/auto/PublisherPortSubscriberPortOpaqueWidthInference.xml
3 ms. Memory: 510976K Free: 400384K (78%)
----------------- Invoking toplevel() on ptolemy.moml.MoMLSimpleApplication@76e79c58
----------------- Done invoking toplevel() on ptolemy.moml.MoMLSimpleApplication@76e79c58
reloadAllAccessors: .PublisherPortSubscriberPortOpaqueWidthInference

===========================================================================================
----------------- testing Sun Jul 12 15:05:01 UTC 2020 /home/travis/build/icyphy/ptII/ptolemy/actor/lib/test/auto/PublisherPortToplevelSubscriberPortAOC.xml
----------------- Instantiating /home/travis/build/icyphy/ptII/ptolemy/actor/lib/test/auto/PublisherPortToplevelSubscriberPortAOC.xml
.PublisherPortToplevelSubscriberPortAOC.TestExceptionAttribute: initialize() was not invoked, but wrapup() was.  This is unusual, but not always a problem.  For example, exporting JNLP will do this.
1 ms. Memory: 510976K Free: 394750K (77%)
----------------- Invoking toplevel() on ptolemy.moml.MoMLSimpleApplication@15e85fd7
----------------- Done invoking toplevel() on ptolemy.moml.MoMLSimpleApplication@15e85fd7
reloadAllAccessors: .PublisherPortToplevelSubscriberPortAOC

===========================================================================================
----------------- testing Sun Jul 12 15:05:01 UTC 2020 /home/travis/build/icyphy/ptII/ptolemy/actor/lib/test/auto/PublisherSubscriber.xml
----------------- Instantiating /home/travis/build/icyphy/ptII/ptolemy/actor/lib/test/auto/PublisherSubscriber.xml
3 ms. Memory: 510976K Free: 387551K (76%)
----------------- Invoking toplevel() on ptolemy.moml.MoMLSimpleApplication@1a0e8327
----------------- Done invoking toplevel() on ptolemy.moml.MoMLSimpleApplication@1a0e8327
reloadAllAccessors: .PublisherSubscriber

===========================================================================================
----------------- testing Sun Jul 12 15:05:01 UTC 2020 /home/travis/build/icyphy/ptII/ptolemy/actor/lib/test/auto/PublisherSubscriber10.xml
----------------- Instantiating /home/travis/build/icyphy/ptII/ptolemy/actor/lib/test/auto/PublisherSubscriber10.xml
6 ms. Memory: 510976K Free: 377342K (74%)
----------------- Invoking toplevel() on ptolemy.moml.MoMLSimpleApplication@7389d312
----------------- Done invoking toplevel() on ptolemy.moml.MoMLSimpleApplication@7389d312
reloadAllAccessors: .PublisherSubscriber10

===========================================================================================
----------------- testing Sun Jul 12 15:05:01 UTC 2020 /home/travis/build/icyphy/ptII/ptolemy/actor/lib/test/auto/PublisherSubscriber10InitialOutputs.xml
----------------- Instantiating /home/travis/build/icyphy/ptII/ptolemy/actor/lib/test/auto/PublisherSubscriber10InitialOutputs.xml
12 ms. Memory: 510976K Free: 368126K (72%)
----------------- Invoking toplevel() on ptolemy.moml.MoMLSimpleApplication@792b2c52
----------------- Done invoking toplevel() on ptolemy.moml.MoMLSimpleApplication@792b2c52
reloadAllAccessors: .PublisherSubscriber10InitialOutputs

===========================================================================================
----------------- testing Sun Jul 12 15:05:01 UTC 2020 /home/travis/build/icyphy/ptII/ptolemy/actor/lib/test/auto/PublisherSubscriber11.xml
----------------- Instantiating /home/travis/build/icyphy/ptII/ptolemy/actor/lib/test/auto/PublisherSubscriber11.xml
2 ms. Memory: 510976K Free: 361951K (71%)
----------------- Invoking toplevel() on ptolemy.moml.MoMLSimpleApplication@23ed91fd
----------------- Done invoking toplevel() on ptolemy.moml.MoMLSimpleApplication@23ed91fd
reloadAllAccessors: .PublisherSubscriber11

===========================================================================================
----------------- testing Sun Jul 12 15:05:01 UTC 2020 /home/travis/build/icyphy/ptII/ptolemy/actor/lib/test/auto/PublisherSubscriber12.xml
----------------- Instantiating /home/travis/build/icyphy/ptII/ptolemy/actor/lib/test/auto/PublisherSubscriber12.xml
5 ms. Memory: 510976K Free: 355328K (70%)
----------------- Invoking toplevel() on ptolemy.moml.MoMLSimpleApplication@67429670
----------------- Done invoking toplevel() on ptolemy.moml.MoMLSimpleApplication@67429670
reloadAllAccessors: .PublisherSubscriber12

===========================================================================================
----------------- testing Sun Jul 12 15:05:01 UTC 2020 /home/travis/build/icyphy/ptII/ptolemy/actor/lib/test/auto/PublisherSubscriber13.xml
----------------- Instantiating /home/travis/build/icyphy/ptII/ptolemy/actor/lib/test/auto/PublisherSubscriber13.xml
2 ms. Memory: 510976K Free: 349694K (68%)
----------------- Invoking toplevel() on ptolemy.moml.MoMLSimpleApplication@7ecacfa9
----------------- Done invoking toplevel() on ptolemy.moml.MoMLSimpleApplication@7ecacfa9
reloadAllAccessors: .PublisherSubscriber13

===========================================================================================
----------------- testing Sun Jul 12 15:05:01 UTC 2020 /home/travis/build/icyphy/ptII/ptolemy/actor/lib/test/auto/PublisherSubscriber14.xml
----------------- Instantiating /home/travis/build/icyphy/ptII/ptolemy/actor/lib/test/auto/PublisherSubscriber14.xml
2 ms. Memory: 510976K Free: 340992K (67%)
----------------- Invoking toplevel() on ptolemy.moml.MoMLSimpleApplication@1659bbb1
----------------- Done invoking toplevel() on ptolemy.moml.MoMLSimpleApplication@1659bbb1
reloadAllAccessors: .PublisherSubscriber14

===========================================================================================
----------------- testing Sun Jul 12 15:05:01 UTC 2020 /home/travis/build/icyphy/ptII/ptolemy/actor/lib/test/auto/PublisherSubscriber2.xml
----------------- Instantiating /home/travis/build/icyphy/ptII/ptolemy/actor/lib/test/auto/PublisherSubscriber2.xml
3 ms. Memory: 510976K Free: 335343K (66%)
----------------- Invoking toplevel() on ptolemy.moml.MoMLSimpleApplication@224b2f0
----------------- Done invoking toplevel() on ptolemy.moml.MoMLSimpleApplication@224b2f0
reloadAllAccessors: .PublisherSubscriber2

===========================================================================================
----------------- testing Sun Jul 12 15:05:01 UTC 2020 /home/travis/build/icyphy/ptII/ptolemy/actor/lib/test/auto/PublisherSubscriber3.xml
----------------- Instantiating /home/travis/build/icyphy/ptII/ptolemy/actor/lib/test/auto/PublisherSubscriber3.xml
2 ms. Memory: 510976K Free: 329199K (64%)
----------------- Invoking toplevel() on ptolemy.moml.MoMLSimpleApplication@351dce01
----------------- Done invoking toplevel() on ptolemy.moml.MoMLSimpleApplication@351dce01
reloadAllAccessors: .PublisherSubscriber3

===========================================================================================
----------------- testing Sun Jul 12 15:05:01 UTC 2020 /home/travis/build/icyphy/ptII/ptolemy/actor/lib/test/auto/PublisherSubscriber4.xml
----------------- Instantiating /home/travis/build/icyphy/ptII/ptolemy/actor/lib/test/auto/PublisherSubscriber4.xml
2 ms. Memory: 510976K Free: 324079K (63%)
----------------- Invoking toplevel() on ptolemy.moml.MoMLSimpleApplication@33d1414f
----------------- Done invoking toplevel() on ptolemy.moml.MoMLSimpleApplication@33d1414f
reloadAllAccessors: .PublisherSubscriber4

===========================================================================================
----------------- testing Sun Jul 12 15:05:01 UTC 2020 /home/travis/build/icyphy/ptII/ptolemy/actor/lib/test/auto/PublisherSubscriber5.xml
----------------- Instantiating /home/travis/build/icyphy/ptII/ptolemy/actor/lib/test/auto/PublisherSubscriber5.xml
2 ms. Memory: 510976K Free: 317440K (62%)
----------------- Invoking toplevel() on ptolemy.moml.MoMLSimpleApplication@50225f18
----------------- Done invoking toplevel() on ptolemy.moml.MoMLSimpleApplication@50225f18
reloadAllAccessors: .PublisherSubscriber5

===========================================================================================
----------------- testing Sun Jul 12 15:05:01 UTC 2020 /home/travis/build/icyphy/ptII/ptolemy/actor/lib/test/auto/PublisherSubscriber6.xml
----------------- Instantiating /home/travis/build/icyphy/ptII/ptolemy/actor/lib/test/auto/PublisherSubscriber6.xml
4 ms. Memory: 510976K Free: 310767K (61%)
----------------- Invoking toplevel() on ptolemy.moml.MoMLSimpleApplication@281aa46e
----------------- Done invoking toplevel() on ptolemy.moml.MoMLSimpleApplication@281aa46e
reloadAllAccessors: .PublisherSubscriber6

===========================================================================================
----------------- testing Sun Jul 12 15:05:01 UTC 2020 /home/travis/build/icyphy/ptII/ptolemy/actor/lib/test/auto/PublisherSubscriber7.xml
----------------- Instantiating /home/travis/build/icyphy/ptII/ptolemy/actor/lib/test/auto/PublisherSubscriber7.xml
7 ms. Memory: 510976K Free: 304128K (60%)
----------------- Invoking toplevel() on ptolemy.moml.MoMLSimpleApplication@73b9bf8a
----------------- Done invoking toplevel() on ptolemy.moml.MoMLSimpleApplication@73b9bf8a
reloadAllAccessors: .PublisherSubscriber7

===========================================================================================
----------------- testing Sun Jul 12 15:05:01 UTC 2020 /home/travis/build/icyphy/ptII/ptolemy/actor/lib/test/auto/PublisherSubscriber8.xml
----------------- Instantiating /home/travis/build/icyphy/ptII/ptolemy/actor/lib/test/auto/PublisherSubscriber8.xml
13 ms. Memory: 510976K Free: 292350K (57%)
----------------- Invoking toplevel() on ptolemy.moml.MoMLSimpleApplication@7096b678
----------------- Done invoking toplevel() on ptolemy.moml.MoMLSimpleApplication@7096b678
reloadAllAccessors: .PublisherSubscriber8

===========================================================================================
----------------- testing Sun Jul 12 15:05:01 UTC 2020 /home/travis/build/icyphy/ptII/ptolemy/actor/lib/test/auto/PublisherSubscriber9.xml
----------------- Instantiating /home/travis/build/icyphy/ptII/ptolemy/actor/lib/test/auto/PublisherSubscriber9.xml
3 ms. Memory: 510976K Free: 284672K (56%)
----------------- Invoking toplevel() on ptolemy.moml.MoMLSimpleApplication@7f76ef6b
----------------- Done invoking toplevel() on ptolemy.moml.MoMLSimpleApplication@7f76ef6b
reloadAllAccessors: .PublisherSubscriber9

===========================================================================================
----------------- testing Sun Jul 12 15:05:01 UTC 2020 /home/travis/build/icyphy/ptII/ptolemy/actor/lib/test/auto/PublisherSubscriberAdjacent.xml
----------------- Instantiating /home/travis/build/icyphy/ptII/ptolemy/actor/lib/test/auto/PublisherSubscriberAdjacent.xml
2 ms. Memory: 510976K Free: 276480K (54%)
----------------- Invoking toplevel() on ptolemy.moml.MoMLSimpleApplication@48d9cbda
----------------- Done invoking toplevel() on ptolemy.moml.MoMLSimpleApplication@48d9cbda
reloadAllAccessors: .PublisherSubscriberAdjacent

===========================================================================================
----------------- testing Sun Jul 12 15:05:01 UTC 2020 /home/travis/build/icyphy/ptII/ptolemy/actor/lib/test/auto/PublisherSubscriberChannelVariablesAOC2.xml
----------------- Instantiating /home/travis/build/icyphy/ptII/ptolemy/actor/lib/test/auto/PublisherSubscriberChannelVariablesAOC2.xml
3 ms. Memory: 510976K Free: 262144K (51%)
----------------- Invoking toplevel() on ptolemy.moml.MoMLSimpleApplication@eb5b508
----------------- Done invoking toplevel() on ptolemy.moml.MoMLSimpleApplication@eb5b508
reloadAllAccessors: .PublisherSubscriberChannelVariablesAOC2

===========================================================================================
----------------- testing Sun Jul 12 15:05:01 UTC 2020 /home/travis/build/icyphy/ptII/ptolemy/actor/lib/test/auto/PublisherSubscriberD3.xml
----------------- Instantiating /home/travis/build/icyphy/ptII/ptolemy/actor/lib/test/auto/PublisherSubscriberD3.xml
5 ms. Memory: 510976K Free: 254976K (50%)
----------------- Invoking toplevel() on ptolemy.moml.MoMLSimpleApplication@3f210e79
----------------- Done invoking toplevel() on ptolemy.moml.MoMLSimpleApplication@3f210e79
reloadAllAccessors: .PublisherSubscriberD3

===========================================================================================
----------------- testing Sun Jul 12 15:05:01 UTC 2020 /home/travis/build/icyphy/ptII/ptolemy/actor/lib/test/auto/PublisherSubscriberD3Reverse.xml
----------------- Instantiating /home/travis/build/icyphy/ptII/ptolemy/actor/lib/test/auto/PublisherSubscriberD3Reverse.xml
2 ms. Memory: 510976K Free: 248832K (49%)
----------------- Invoking toplevel() on ptolemy.moml.MoMLSimpleApplication@684ddbf1
----------------- Done invoking toplevel() on ptolemy.moml.MoMLSimpleApplication@684ddbf1
reloadAllAccessors: .PublisherSubscriberD3Reverse

===========================================================================================
----------------- testing Sun Jul 12 15:05:01 UTC 2020 /home/travis/build/icyphy/ptII/ptolemy/actor/lib/test/auto/PublisherSubscriberExpression.xml
----------------- Instantiating /home/travis/build/icyphy/ptII/ptolemy/actor/lib/test/auto/PublisherSubscriberExpression.xml
4 ms. Memory: 510976K Free: 240111K (47%)
----------------- Invoking toplevel() on ptolemy.moml.MoMLSimpleApplication@4c26c0cc
----------------- Done invoking toplevel() on ptolemy.moml.MoMLSimpleApplication@4c26c0cc
reloadAllAccessors: .PublisherSubscriberExpression

===========================================================================================
----------------- testing Sun Jul 12 15:05:01 UTC 2020 /home/travis/build/icyphy/ptII/ptolemy/actor/lib/test/auto/PublisherSubscriberOpaque.xml
----------------- Instantiating /home/travis/build/icyphy/ptII/ptolemy/actor/lib/test/auto/PublisherSubscriberOpaque.xml
4 ms. Memory: 510976K Free: 231424K (45%)
----------------- Invoking toplevel() on ptolemy.moml.MoMLSimpleApplication@705db5d
----------------- Done invoking toplevel() on ptolemy.moml.MoMLSimpleApplication@705db5d
reloadAllAccessors: .PublisherSubscriberOpaque

===========================================================================================
----------------- testing Sun Jul 12 15:05:01 UTC 2020 /home/travis/build/icyphy/ptII/ptolemy/actor/lib/test/auto/PublisherSubscriberOpaqueD3.xml
----------------- Instantiating /home/travis/build/icyphy/ptII/ptolemy/actor/lib/test/auto/PublisherSubscriberOpaqueD3.xml
6 ms. Memory: 510976K Free: 220160K (43%)
----------------- Invoking toplevel() on ptolemy.moml.MoMLSimpleApplication@583e8977
----------------- Done invoking toplevel() on ptolemy.moml.MoMLSimpleApplication@583e8977
reloadAllAccessors: .PublisherSubscriberOpaqueD3

===========================================================================================
----------------- testing Sun Jul 12 15:05:01 UTC 2020 /home/travis/build/icyphy/ptII/ptolemy/actor/lib/test/auto/PublisherSubscriberOpaqueD3Reverse.xml
----------------- Instantiating /home/travis/build/icyphy/ptII/ptolemy/actor/lib/test/auto/PublisherSubscriberOpaqueD3Reverse.xml
8 ms. Memory: 510976K Free: 209406K (41%)
----------------- Invoking toplevel() on ptolemy.moml.MoMLSimpleApplication@17b20f5b
----------------- Done invoking toplevel() on ptolemy.moml.MoMLSimpleApplication@17b20f5b
reloadAllAccessors: .PublisherSubscriberOpaqueD3Reverse

===========================================================================================
----------------- testing Sun Jul 12 15:05:01 UTC 2020 /home/travis/build/icyphy/ptII/ptolemy/actor/lib/test/auto/PublisherSubscriberOpaqueWidthInference.xml
----------------- Instantiating /home/travis/build/icyphy/ptII/ptolemy/actor/lib/test/auto/PublisherSubscriberOpaqueWidthInference.xml
4 ms. Memory: 510976K Free: 201199K (39%)
----------------- Invoking toplevel() on ptolemy.moml.MoMLSimpleApplication@b4b83
----------------- Done invoking toplevel() on ptolemy.moml.MoMLSimpleApplication@b4b83
reloadAllAccessors: .PublisherSubscriberOpaqueWidthInference

===========================================================================================
----------------- testing Sun Jul 12 15:05:02 UTC 2020 /home/travis/build/icyphy/ptII/ptolemy/actor/lib/test/auto/PublisherTestSubscriber.xml
----------------- Instantiating /home/travis/build/icyphy/ptII/ptolemy/actor/lib/test/auto/PublisherTestSubscriber.xml
3 ms. Memory: 510976K Free: 193536K (38%)
----------------- Invoking toplevel() on ptolemy.moml.MoMLSimpleApplication@694932d1
----------------- Done invoking toplevel() on ptolemy.moml.MoMLSimpleApplication@694932d1
reloadAllAccessors: .PublisherTestSubscriber

===========================================================================================
----------------- testing Sun Jul 12 15:05:02 UTC 2020 /home/travis/build/icyphy/ptII/ptolemy/actor/lib/test/auto/PublisherToplevelSubscriberPortAOC.xml
----------------- Instantiating /home/travis/build/icyphy/ptII/ptolemy/actor/lib/test/auto/PublisherToplevelSubscriberPortAOC.xml
2 ms. Memory: 510976K Free: 186368K (36%)
----------------- Invoking toplevel() on ptolemy.moml.MoMLSimpleApplication@fa6c934
----------------- Done invoking toplevel() on ptolemy.moml.MoMLSimpleApplication@fa6c934
reloadAllAccessors: .PublisherToplevelSubscriberPortAOC

===========================================================================================
----------------- testing Sun Jul 12 15:05:02 UTC 2020 /home/travis/build/icyphy/ptII/ptolemy/actor/lib/test/auto/PulseFiringLimitDE.xml
----------------- Instantiating /home/travis/build/icyphy/ptII/ptolemy/actor/lib/test/auto/PulseFiringLimitDE.xml
2 ms. Memory: 510976K Free: 180224K (35%)
----------------- Invoking toplevel() on ptolemy.moml.MoMLSimpleApplication@cefd413
----------------- Done invoking toplevel() on ptolemy.moml.MoMLSimpleApplication@cefd413
reloadAllAccessors: .PulseFiringLimitDE

===========================================================================================
----------------- testing Sun Jul 12 15:05:02 UTC 2020 /home/travis/build/icyphy/ptII/ptolemy/actor/lib/test/auto/Ramp1.xml
----------------- Instantiating /home/travis/build/icyphy/ptII/ptolemy/actor/lib/test/auto/Ramp1.xml
1 ms. Memory: 510976K Free: 176128K (34%)
----------------- Invoking toplevel() on ptolemy.moml.MoMLSimpleApplication@33b25d0b
----------------- Done invoking toplevel() on ptolemy.moml.MoMLSimpleApplication@33b25d0b
reloadAllAccessors: .Ramp1

===========================================================================================
----------------- testing Sun Jul 12 15:05:02 UTC 2020 /home/travis/build/icyphy/ptII/ptolemy/actor/lib/test/auto/RampFiringLimitDE.xml
----------------- Instantiating /home/travis/build/icyphy/ptII/ptolemy/actor/lib/test/auto/RampFiringLimitDE.xml
2 ms. Memory: 510976K Free: 169984K (33%)
----------------- Invoking toplevel() on ptolemy.moml.MoMLSimpleApplication@280cde1
----------------- Done invoking toplevel() on ptolemy.moml.MoMLSimpleApplication@280cde1
reloadAllAccessors: .RampFiringLimitDE

===========================================================================================
----------------- testing Sun Jul 12 15:05:02 UTC 2020 /home/travis/build/icyphy/ptII/ptolemy/actor/lib/test/auto/RampFiringLimitSDF.xml
----------------- Instantiating /home/travis/build/icyphy/ptII/ptolemy/actor/lib/test/auto/RampFiringLimitSDF.xml
2 ms. Memory: 510976K Free: 458752K (90%)
----------------- Invoking toplevel() on ptolemy.moml.MoMLSimpleApplication@5c39d7a
----------------- Done invoking toplevel() on ptolemy.moml.MoMLSimpleApplication@5c39d7a
reloadAllAccessors: .RampFiringLimitSDF

===========================================================================================
----------------- testing Sun Jul 12 15:05:02 UTC 2020 /home/travis/build/icyphy/ptII/ptolemy/actor/lib/test/auto/RandomInteger.xml
----------------- Instantiating /home/travis/build/icyphy/ptII/ptolemy/actor/lib/test/auto/RandomInteger.xml
1 ms. Memory: 510976K Free: 454142K (89%)
----------------- Invoking toplevel() on ptolemy.moml.MoMLSimpleApplication@9d865ce
----------------- Done invoking toplevel() on ptolemy.moml.MoMLSimpleApplication@9d865ce
reloadAllAccessors: .RandomInteger

===========================================================================================
----------------- testing Sun Jul 12 15:05:02 UTC 2020 /home/travis/build/icyphy/ptII/ptolemy/actor/lib/test/auto/ReadFile1.xml
----------------- Instantiating /home/travis/build/icyphy/ptII/ptolemy/actor/lib/test/auto/ReadFile1.xml
2 ms. Memory: 510976K Free: 449536K (88%)
----------------- Invoking toplevel() on ptolemy.moml.MoMLSimpleApplication@4f8c9029
----------------- Done invoking toplevel() on ptolemy.moml.MoMLSimpleApplication@4f8c9029
reloadAllAccessors: .ReadFile1

===========================================================================================
----------------- testing Sun Jul 12 15:05:02 UTC 2020 /home/travis/build/icyphy/ptII/ptolemy/actor/lib/test/auto/ReadFile2.xml
----------------- Instantiating /home/travis/build/icyphy/ptII/ptolemy/actor/lib/test/auto/ReadFile2.xml
1 ms. Memory: 510976K Free: 445440K (87%)
----------------- Invoking toplevel() on ptolemy.moml.MoMLSimpleApplication@30a36c13
----------------- Done invoking toplevel() on ptolemy.moml.MoMLSimpleApplication@30a36c13
reloadAllAccessors: .ReadFile2

===========================================================================================
----------------- testing Sun Jul 12 15:05:02 UTC 2020 /home/travis/build/icyphy/ptII/ptolemy/actor/lib/test/auto/Reader.xml
----------------- Instantiating /home/travis/build/icyphy/ptII/ptolemy/actor/lib/test/auto/Reader.xml
actor.lib.Reader is obsolete, use actor.lib.io.ExpressionReader instead
4 ms. Memory: 510976K Free: 441344K (86%)
----------------- Invoking toplevel() on ptolemy.moml.MoMLSimpleApplication@4e47bdc2
----------------- Done invoking toplevel() on ptolemy.moml.MoMLSimpleApplication@4e47bdc2
reloadAllAccessors: .Reader

===========================================================================================
----------------- testing Sun Jul 12 15:05:02 UTC 2020 /home/travis/build/icyphy/ptII/ptolemy/actor/lib/test/auto/RecordAssemblerDisplayNameTest.xml
----------------- Instantiating /home/travis/build/icyphy/ptII/ptolemy/actor/lib/test/auto/RecordAssemblerDisplayNameTest.xml
3946 ms. Memory: 510976K Free: 388606K (76%)
----------------- Invoking toplevel() on ptolemy.moml.MoMLSimpleApplication@5af41320
----------------- Done invoking toplevel() on ptolemy.moml.MoMLSimpleApplication@5af41320
reloadAllAccessors: .RecordAssemblerDisplayNameTest

===========================================================================================
----------------- testing Sun Jul 12 15:05:06 UTC 2020 /home/travis/build/icyphy/ptII/ptolemy/actor/lib/test/auto/RecordAssemblerTypeError.xml
----------------- Instantiating /home/travis/build/icyphy/ptII/ptolemy/actor/lib/test/auto/RecordAssemblerTypeError.xml
15 ms. Memory: 510976K Free: 378880K (74%)
----------------- Invoking toplevel() on ptolemy.moml.MoMLSimpleApplication@24b113bb
----------------- Done invoking toplevel() on ptolemy.moml.MoMLSimpleApplication@24b113bb
reloadAllAccessors: .RecordAssemblerTypeError

===========================================================================================
----------------- testing Sun Jul 12 15:05:06 UTC 2020 /home/travis/build/icyphy/ptII/ptolemy/actor/lib/test/auto/RecordDisassember.xml
----------------- Instantiating /home/travis/build/icyphy/ptII/ptolemy/actor/lib/test/auto/RecordDisassember.xml
4 ms. Memory: 510976K Free: 374239K (73%)
----------------- Invoking toplevel() on ptolemy.moml.MoMLSimpleApplication@29f368f8
----------------- Done invoking toplevel() on ptolemy.moml.MoMLSimpleApplication@29f368f8
reloadAllAccessors: .RecordDisassember

===========================================================================================
----------------- testing Sun Jul 12 15:05:06 UTC 2020 /home/travis/build/icyphy/ptII/ptolemy/actor/lib/test/auto/RecordDisassemberDisplayNameTest.xml
----------------- Instantiating /home/travis/build/icyphy/ptII/ptolemy/actor/lib/test/auto/RecordDisassemberDisplayNameTest.xml
5 ms. Memory: 510976K Free: 366078K (72%)
----------------- Invoking toplevel() on ptolemy.moml.MoMLSimpleApplication@23d4e1a0
----------------- Done invoking toplevel() on ptolemy.moml.MoMLSimpleApplication@23d4e1a0
reloadAllAccessors: .RecordDisassemberDisplayNameTest

===========================================================================================
----------------- testing Sun Jul 12 15:05:06 UTC 2020 /home/travis/build/icyphy/ptII/ptolemy/actor/lib/test/auto/RecordDisassembler.xml
----------------- Instantiating /home/travis/build/icyphy/ptII/ptolemy/actor/lib/test/auto/RecordDisassembler.xml
4 ms. Memory: 510976K Free: 360927K (71%)
----------------- Invoking toplevel() on ptolemy.moml.MoMLSimpleApplication@63177d43
----------------- Done invoking toplevel() on ptolemy.moml.MoMLSimpleApplication@63177d43
reloadAllAccessors: .RecordDisassembler

===========================================================================================
----------------- testing Sun Jul 12 15:05:06 UTC 2020 /home/travis/build/icyphy/ptII/ptolemy/actor/lib/test/auto/RecordDisassembler2.xml
----------------- Instantiating /home/travis/build/icyphy/ptII/ptolemy/actor/lib/test/auto/RecordDisassembler2.xml
2 ms. Memory: 510976K Free: 355807K (70%)
----------------- Invoking toplevel() on ptolemy.moml.MoMLSimpleApplication@6ba19e0f
----------------- Done invoking toplevel() on ptolemy.moml.MoMLSimpleApplication@6ba19e0f
reloadAllAccessors: .RecordDisassembler2

===========================================================================================
----------------- testing Sun Jul 12 15:05:06 UTC 2020 /home/travis/build/icyphy/ptII/ptolemy/actor/lib/test/auto/RecordUpdater.xml
----------------- Instantiating /home/travis/build/icyphy/ptII/ptolemy/actor/lib/test/auto/RecordUpdater.xml
2 ms. Memory: 510976K Free: 350718K (69%)
----------------- Invoking toplevel() on ptolemy.moml.MoMLSimpleApplication@2d29fed9
----------------- Done invoking toplevel() on ptolemy.moml.MoMLSimpleApplication@2d29fed9
reloadAllAccessors: .RecordUpdater

===========================================================================================
----------------- testing Sun Jul 12 15:05:06 UTC 2020 /home/travis/build/icyphy/ptII/ptolemy/actor/lib/test/auto/RecordUpdater2.xml
----------------- Instantiating /home/travis/build/icyphy/ptII/ptolemy/actor/lib/test/auto/RecordUpdater2.xml
2 ms. Memory: 510976K Free: 345598K (68%)
----------------- Invoking toplevel() on ptolemy.moml.MoMLSimpleApplication@429736ec
----------------- Done invoking toplevel() on ptolemy.moml.MoMLSimpleApplication@429736ec
reloadAllAccessors: .RecordUpdater2

===========================================================================================
----------------- testing Sun Jul 12 15:05:06 UTC 2020 /home/travis/build/icyphy/ptII/ptolemy/actor/lib/test/auto/RecursiveLattice.xml
----------------- Instantiating /home/travis/build/icyphy/ptII/ptolemy/actor/lib/test/auto/RecursiveLattice.xml
1 ms. Memory: 510976K Free: 340992K (67%)
----------------- Invoking toplevel() on ptolemy.moml.MoMLSimpleApplication@6a5bf70f
----------------- Done invoking toplevel() on ptolemy.moml.MoMLSimpleApplication@6a5bf70f
reloadAllAccessors: .RecursiveLattice

===========================================================================================
----------------- testing Sun Jul 12 15:05:06 UTC 2020 /home/travis/build/icyphy/ptII/ptolemy/actor/lib/test/auto/Router.xml
----------------- Instantiating /home/travis/build/icyphy/ptII/ptolemy/actor/lib/test/auto/Router.xml
3004 ms. Memory: 510976K Free: 329728K (65%)
----------------- Invoking toplevel() on ptolemy.moml.MoMLSimpleApplication@470ca8e8
----------------- Done invoking toplevel() on ptolemy.moml.MoMLSimpleApplication@470ca8e8
reloadAllAccessors: .Router

===========================================================================================
----------------- testing Sun Jul 12 15:05:09 UTC 2020 /home/travis/build/icyphy/ptII/ptolemy/actor/lib/test/auto/Router2.xml
----------------- Instantiating /home/travis/build/icyphy/ptII/ptolemy/actor/lib/test/auto/Router2.xml
3003 ms. Memory: 510976K Free: 317950K (62%)
----------------- Invoking toplevel() on ptolemy.moml.MoMLSimpleApplication@28612160
----------------- Done invoking toplevel() on ptolemy.moml.MoMLSimpleApplication@28612160
reloadAllAccessors: .Router2

===========================================================================================
----------------- testing Sun Jul 12 15:05:12 UTC 2020 /home/travis/build/icyphy/ptII/ptolemy/actor/lib/test/auto/RunningMaximum.xml
----------------- Instantiating /home/travis/build/icyphy/ptII/ptolemy/actor/lib/test/auto/RunningMaximum.xml
3 ms. Memory: 510976K Free: 313344K (61%)
----------------- Invoking toplevel() on ptolemy.moml.MoMLSimpleApplication@48609d48
----------------- Done invoking toplevel() on ptolemy.moml.MoMLSimpleApplication@48609d48
reloadAllAccessors: .RunningMaximum

===========================================================================================
----------------- testing Sun Jul 12 15:05:12 UTC 2020 /home/travis/build/icyphy/ptII/ptolemy/actor/lib/test/auto/RunningMinimum.xml
----------------- Instantiating /home/travis/build/icyphy/ptII/ptolemy/actor/lib/test/auto/RunningMinimum.xml
8 ms. Memory: 510976K Free: 308734K (60%)
----------------- Invoking toplevel() on ptolemy.moml.MoMLSimpleApplication@7e5dac34
----------------- Done invoking toplevel() on ptolemy.moml.MoMLSimpleApplication@7e5dac34
reloadAllAccessors: .RunningMinimum

===========================================================================================
----------------- testing Sun Jul 12 15:05:12 UTC 2020 /home/travis/build/icyphy/ptII/ptolemy/actor/lib/test/auto/Scale.xml
----------------- Instantiating /home/travis/build/icyphy/ptII/ptolemy/actor/lib/test/auto/Scale.xml
2 ms. Memory: 510976K Free: 304128K (60%)
----------------- Invoking toplevel() on ptolemy.moml.MoMLSimpleApplication@653ea782
----------------- Done invoking toplevel() on ptolemy.moml.MoMLSimpleApplication@653ea782
reloadAllAccessors: .Scale

===========================================================================================
----------------- testing Sun Jul 12 15:05:12 UTC 2020 /home/travis/build/icyphy/ptII/ptolemy/actor/lib/test/auto/Scale2.xml
----------------- Instantiating /home/travis/build/icyphy/ptII/ptolemy/actor/lib/test/auto/Scale2.xml
2 ms. Memory: 510976K Free: 299008K (59%)
----------------- Invoking toplevel() on ptolemy.moml.MoMLSimpleApplication@6da7d6ad
----------------- Done invoking toplevel() on ptolemy.moml.MoMLSimpleApplication@6da7d6ad
reloadAllAccessors: .Scale2

===========================================================================================
----------------- testing Sun Jul 12 15:05:12 UTC 2020 /home/travis/build/icyphy/ptII/ptolemy/actor/lib/test/auto/Scale3.xml
----------------- Instantiating /home/travis/build/icyphy/ptII/ptolemy/actor/lib/test/auto/Scale3.xml
3 ms. Memory: 510976K Free: 292350K (57%)
----------------- Invoking toplevel() on ptolemy.moml.MoMLSimpleApplication@6d90f5c2
----------------- Done invoking toplevel() on ptolemy.moml.MoMLSimpleApplication@6d90f5c2
reloadAllAccessors: .Scale3

===========================================================================================
----------------- testing Sun Jul 12 15:05:12 UTC 2020 /home/travis/build/icyphy/ptII/ptolemy/actor/lib/test/auto/ScaleArray.xml
----------------- Instantiating /home/travis/build/icyphy/ptII/ptolemy/actor/lib/test/auto/ScaleArray.xml
2 ms. Memory: 510976K Free: 287744K (56%)
----------------- Invoking toplevel() on ptolemy.moml.MoMLSimpleApplication@7d71b7d
----------------- Done invoking toplevel() on ptolemy.moml.MoMLSimpleApplication@7d71b7d
reloadAllAccessors: .ScaleArray

===========================================================================================
----------------- testing Sun Jul 12 15:05:12 UTC 2020 /home/travis/build/icyphy/ptII/ptolemy/actor/lib/test/auto/ScaleArray2.xml
----------------- Instantiating /home/travis/build/icyphy/ptII/ptolemy/actor/lib/test/auto/ScaleArray2.xml
1 ms. Memory: 510976K Free: 283134K (55%)
----------------- Invoking toplevel() on ptolemy.moml.MoMLSimpleApplication@2c5f4a81
----------------- Done invoking toplevel() on ptolemy.moml.MoMLSimpleApplication@2c5f4a81
reloadAllAccessors: .ScaleArray2

===========================================================================================
----------------- testing Sun Jul 12 15:05:12 UTC 2020 /home/travis/build/icyphy/ptII/ptolemy/actor/lib/test/auto/ScaleMatrix.xml
----------------- Instantiating /home/travis/build/icyphy/ptII/ptolemy/actor/lib/test/auto/ScaleMatrix.xml
153 ms. Memory: 510976K Free: 267774K (52%)
----------------- Invoking toplevel() on ptolemy.moml.MoMLSimpleApplication@6d0f5846
----------------- Done invoking toplevel() on ptolemy.moml.MoMLSimpleApplication@6d0f5846
reloadAllAccessors: .ScaleMatrix

===========================================================================================
----------------- testing Sun Jul 12 15:05:12 UTC 2020 /home/travis/build/icyphy/ptII/ptolemy/actor/lib/test/auto/Select.xml
----------------- Instantiating /home/travis/build/icyphy/ptII/ptolemy/actor/lib/test/auto/Select.xml
2 ms. Memory: 510976K Free: 261615K (51%)
----------------- Invoking toplevel() on ptolemy.moml.MoMLSimpleApplication@34258457
----------------- Done invoking toplevel() on ptolemy.moml.MoMLSimpleApplication@34258457
reloadAllAccessors: .Select

===========================================================================================
----------------- testing Sun Jul 12 15:05:12 UTC 2020 /home/travis/build/icyphy/ptII/ptolemy/actor/lib/test/auto/Select2.xml
----------------- Instantiating /home/travis/build/icyphy/ptII/ptolemy/actor/lib/test/auto/Select2.xml
1 ms. Memory: 510976K Free: 257024K (50%)
----------------- Invoking toplevel() on ptolemy.moml.MoMLSimpleApplication@58123583
----------------- Done invoking toplevel() on ptolemy.moml.MoMLSimpleApplication@58123583
reloadAllAccessors: .Select2

===========================================================================================
----------------- testing Sun Jul 12 15:05:12 UTC 2020 /home/travis/build/icyphy/ptII/ptolemy/actor/lib/test/auto/SequenceToArray2.xml
----------------- Instantiating /home/travis/build/icyphy/ptII/ptolemy/actor/lib/test/auto/SequenceToArray2.xml
109 ms. Memory: 510976K Free: 232958K (46%)
----------------- Invoking toplevel() on ptolemy.moml.MoMLSimpleApplication@2caedab9
----------------- Done invoking toplevel() on ptolemy.moml.MoMLSimpleApplication@2caedab9
reloadAllAccessors: .SequenceToArray2

===========================================================================================
----------------- testing Sun Jul 12 15:05:12 UTC 2020 /home/travis/build/icyphy/ptII/ptolemy/actor/lib/test/auto/SequentialClock.xml
----------------- Instantiating /home/travis/build/icyphy/ptII/ptolemy/actor/lib/test/auto/SequentialClock.xml
2 ms. Memory: 510976K Free: 228352K (45%)
----------------- Invoking toplevel() on ptolemy.moml.MoMLSimpleApplication@749c1
----------------- Done invoking toplevel() on ptolemy.moml.MoMLSimpleApplication@749c1
reloadAllAccessors: .SequentialClock

===========================================================================================
----------------- testing Sun Jul 12 15:05:12 UTC 2020 /home/travis/build/icyphy/ptII/ptolemy/actor/lib/test/auto/SetVariable.xml
----------------- Instantiating /home/travis/build/icyphy/ptII/ptolemy/actor/lib/test/auto/SetVariable.xml
5 ms. Memory: 510976K Free: 223742K (44%)
----------------- Invoking toplevel() on ptolemy.moml.MoMLSimpleApplication@28e01941
----------------- Done invoking toplevel() on ptolemy.moml.MoMLSimpleApplication@28e01941
reloadAllAccessors: .SetVariable

===========================================================================================
----------------- testing Sun Jul 12 15:05:12 UTC 2020 /home/travis/build/icyphy/ptII/ptolemy/actor/lib/test/auto/SetVariable2.xml
----------------- Instantiating /home/travis/build/icyphy/ptII/ptolemy/actor/lib/test/auto/SetVariable2.xml
3 ms. Memory: 510976K Free: 218622K (43%)
----------------- Invoking toplevel() on ptolemy.moml.MoMLSimpleApplication@38db1a52
----------------- Done invoking toplevel() on ptolemy.moml.MoMLSimpleApplication@38db1a52
reloadAllAccessors: .SetVariable2

===========================================================================================
----------------- testing Sun Jul 12 15:05:12 UTC 2020 /home/travis/build/icyphy/ptII/ptolemy/actor/lib/test/auto/SetVariable3.xml
----------------- Instantiating /home/travis/build/icyphy/ptII/ptolemy/actor/lib/test/auto/SetVariable3.xml
7 ms. Memory: 510976K Free: 212992K (42%)
----------------- Invoking toplevel() on ptolemy.moml.MoMLSimpleApplication@371fd671
----------------- Done invoking toplevel() on ptolemy.moml.MoMLSimpleApplication@371fd671
reloadAllAccessors: .SetVariable3

===========================================================================================
----------------- testing Sun Jul 12 15:05:12 UTC 2020 /home/travis/build/icyphy/ptII/ptolemy/actor/lib/test/auto/SetVariable4.xml
----------------- Instantiating /home/travis/build/icyphy/ptII/ptolemy/actor/lib/test/auto/SetVariable4.xml
18 ms. Memory: 510976K Free: 203774K (40%)
----------------- Invoking toplevel() on ptolemy.moml.MoMLSimpleApplication@73c47421
----------------- Done invoking toplevel() on ptolemy.moml.MoMLSimpleApplication@73c47421
reloadAllAccessors: .SetVariable4

===========================================================================================
----------------- testing Sun Jul 12 15:05:12 UTC 2020 /home/travis/build/icyphy/ptII/ptolemy/actor/lib/test/auto/SetVariable5.xml
----------------- Instantiating /home/travis/build/icyphy/ptII/ptolemy/actor/lib/test/auto/SetVariable5.xml
20 ms. Memory: 510976K Free: 194560K (38%)
----------------- Invoking toplevel() on ptolemy.moml.MoMLSimpleApplication@74d6aa00
----------------- Done invoking toplevel() on ptolemy.moml.MoMLSimpleApplication@74d6aa00
reloadAllAccessors: .SetVariable5

===========================================================================================
----------------- testing Sun Jul 12 15:05:12 UTC 2020 /home/travis/build/icyphy/ptII/ptolemy/actor/lib/test/auto/Sinewave.xml
----------------- Instantiating /home/travis/build/icyphy/ptII/ptolemy/actor/lib/test/auto/Sinewave.xml
4 ms. Memory: 510976K Free: 184320K (36%)
----------------- Invoking toplevel() on ptolemy.moml.MoMLSimpleApplication@323d4b17
----------------- Done invoking toplevel() on ptolemy.moml.MoMLSimpleApplication@323d4b17
reloadAllAccessors: .Sinewave

===========================================================================================
----------------- testing Sun Jul 12 15:05:12 UTC 2020 /home/travis/build/icyphy/ptII/ptolemy/actor/lib/test/auto/Sinewave2.xml
----------------- Instantiating /home/travis/build/icyphy/ptII/ptolemy/actor/lib/test/auto/Sinewave2.xml
5 ms. Memory: 510976K Free: 175614K (34%)
----------------- Invoking toplevel() on ptolemy.moml.MoMLSimpleApplication@6ba2bf3f
----------------- Done invoking toplevel() on ptolemy.moml.MoMLSimpleApplication@6ba2bf3f
reloadAllAccessors: .Sinewave2

===========================================================================================
----------------- testing Sun Jul 12 15:05:13 UTC 2020 /home/travis/build/icyphy/ptII/ptolemy/actor/lib/test/auto/Sinewave3.xml
----------------- Instantiating /home/travis/build/icyphy/ptII/ptolemy/actor/lib/test/auto/Sinewave3.xml
6 ms. Memory: 510976K Free: 167391K (33%)
----------------- Invoking toplevel() on ptolemy.moml.MoMLSimpleApplication@31873acc
----------------- Done invoking toplevel() on ptolemy.moml.MoMLSimpleApplication@31873acc
reloadAllAccessors: .Sinewave3

===========================================================================================
----------------- testing Sun Jul 12 15:05:13 UTC 2020 /home/travis/build/icyphy/ptII/ptolemy/actor/lib/test/auto/SingleEvent.xml
----------------- Instantiating /home/travis/build/icyphy/ptII/ptolemy/actor/lib/test/auto/SingleEvent.xml
1 ms. Memory: 510976K Free: 456702K (89%)
----------------- Invoking toplevel() on ptolemy.moml.MoMLSimpleApplication@516a8bb9
----------------- Done invoking toplevel() on ptolemy.moml.MoMLSimpleApplication@516a8bb9
reloadAllAccessors: .SingleEvent

===========================================================================================
----------------- testing Sun Jul 12 15:05:13 UTC 2020 /home/travis/build/icyphy/ptII/ptolemy/actor/lib/test/auto/Sleep.xml
----------------- Instantiating /home/travis/build/icyphy/ptII/ptolemy/actor/lib/test/auto/Sleep.xml
6003 ms. Memory: 510976K Free: 450558K (88%)
----------------- Invoking toplevel() on ptolemy.moml.MoMLSimpleApplication@28017aa7
----------------- Done invoking toplevel() on ptolemy.moml.MoMLSimpleApplication@28017aa7
reloadAllAccessors: .Sleep

===========================================================================================
----------------- testing Sun Jul 12 15:05:19 UTC 2020 /home/travis/build/icyphy/ptII/ptolemy/actor/lib/test/auto/SleepMultipleFire.xml
----------------- Instantiating /home/travis/build/icyphy/ptII/ptolemy/actor/lib/test/auto/SleepMultipleFire.xml
1005 ms. Memory: 510976K Free: 444928K (87%)
----------------- Invoking toplevel() on ptolemy.moml.MoMLSimpleApplication@4ea57b11
----------------- Done invoking toplevel() on ptolemy.moml.MoMLSimpleApplication@4ea57b11
reloadAllAccessors: .SleepMultipleFire

===========================================================================================
----------------- testing Sun Jul 12 15:05:20 UTC 2020 /home/travis/build/icyphy/ptII/ptolemy/actor/lib/test/auto/StopDE.xml
----------------- Instantiating /home/travis/build/icyphy/ptII/ptolemy/actor/lib/test/auto/StopDE.xml
5 ms. Memory: 510976K Free: 439294K (86%)
----------------- Invoking toplevel() on ptolemy.moml.MoMLSimpleApplication@588f0cd7
----------------- Done invoking toplevel() on ptolemy.moml.MoMLSimpleApplication@588f0cd7
reloadAllAccessors: .StopDE

===========================================================================================
----------------- testing Sun Jul 12 15:05:20 UTC 2020 /home/travis/build/icyphy/ptII/ptolemy/actor/lib/test/auto/StopSDF.xml
----------------- Instantiating /home/travis/build/icyphy/ptII/ptolemy/actor/lib/test/auto/StopSDF.xml
3 ms. Memory: 510976K Free: 434174K (85%)
----------------- Invoking toplevel() on ptolemy.moml.MoMLSimpleApplication@7079f6a4
----------------- Done invoking toplevel() on ptolemy.moml.MoMLSimpleApplication@7079f6a4
reloadAllAccessors: .StopSDF

===========================================================================================
----------------- testing Sun Jul 12 15:05:20 UTC 2020 /home/travis/build/icyphy/ptII/ptolemy/actor/lib/test/auto/StringConstant.xml
----------------- Instantiating /home/travis/build/icyphy/ptII/ptolemy/actor/lib/test/auto/StringConstant.xml
8 ms. Memory: 510976K Free: 429566K (84%)
----------------- Invoking toplevel() on ptolemy.moml.MoMLSimpleApplication@2755920a
----------------- Done invoking toplevel() on ptolemy.moml.MoMLSimpleApplication@2755920a
reloadAllAccessors: .StringConstant

===========================================================================================
----------------- testing Sun Jul 12 15:05:20 UTC 2020 /home/travis/build/icyphy/ptII/ptolemy/actor/lib/test/auto/SubscriberPortInitialValues1.xml
----------------- Instantiating /home/travis/build/icyphy/ptII/ptolemy/actor/lib/test/auto/SubscriberPortInitialValues1.xml
10 ms. Memory: 510976K Free: 420862K (82%)
----------------- Invoking toplevel() on ptolemy.moml.MoMLSimpleApplication@226b36d9
----------------- Done invoking toplevel() on ptolemy.moml.MoMLSimpleApplication@226b36d9
reloadAllAccessors: .SubscriberPortInitialValues1

===========================================================================================
----------------- testing Sun Jul 12 15:05:20 UTC 2020 /home/travis/build/icyphy/ptII/ptolemy/actor/lib/test/auto/SubscriberPortInitialValues13.xml
----------------- Instantiating /home/travis/build/icyphy/ptII/ptolemy/actor/lib/test/auto/SubscriberPortInitialValues13.xml
5 ms. Memory: 510976K Free: 408574K (80%)
----------------- Invoking toplevel() on ptolemy.moml.MoMLSimpleApplication@5ea2d2ab
----------------- Done invoking toplevel() on ptolemy.moml.MoMLSimpleApplication@5ea2d2ab
reloadAllAccessors: .SubscriberPortInitialValues13

===========================================================================================
----------------- testing Sun Jul 12 15:05:20 UTC 2020 /home/travis/build/icyphy/ptII/ptolemy/actor/lib/test/auto/SubscriberPortInitialValues14.xml
----------------- Instantiating /home/travis/build/icyphy/ptII/ptolemy/actor/lib/test/auto/SubscriberPortInitialValues14.xml
4 ms. Memory: 510976K Free: 400896K (78%)
----------------- Invoking toplevel() on ptolemy.moml.MoMLSimpleApplication@50cfe76
----------------- Done invoking toplevel() on ptolemy.moml.MoMLSimpleApplication@50cfe76
reloadAllAccessors: .SubscriberPortInitialValues14

===========================================================================================
----------------- testing Sun Jul 12 15:05:20 UTC 2020 /home/travis/build/icyphy/ptII/ptolemy/actor/lib/test/auto/SubscriberPortInitialValues2.xml
----------------- Instantiating /home/travis/build/icyphy/ptII/ptolemy/actor/lib/test/auto/SubscriberPortInitialValues2.xml
5 ms. Memory: 510976K Free: 392704K (77%)
----------------- Invoking toplevel() on ptolemy.moml.MoMLSimpleApplication@5ef0f61b
----------------- Done invoking toplevel() on ptolemy.moml.MoMLSimpleApplication@5ef0f61b
reloadAllAccessors: .SubscriberPortInitialValues2

===========================================================================================
----------------- testing Sun Jul 12 15:05:20 UTC 2020 /home/travis/build/icyphy/ptII/ptolemy/actor/lib/test/auto/SubscriberPortInitialValues3.xml
----------------- Instantiating /home/travis/build/icyphy/ptII/ptolemy/actor/lib/test/auto/SubscriberPortInitialValues3.xml
4 ms. Memory: 510976K Free: 381950K (75%)
----------------- Invoking toplevel() on ptolemy.moml.MoMLSimpleApplication@32940436
----------------- Done invoking toplevel() on ptolemy.moml.MoMLSimpleApplication@32940436
reloadAllAccessors: .SubscriberPortInitialValues3

===========================================================================================
----------------- testing Sun Jul 12 15:05:20 UTC 2020 /home/travis/build/icyphy/ptII/ptolemy/actor/lib/test/auto/SubscriptionAggregator.xml
----------------- Instantiating /home/travis/build/icyphy/ptII/ptolemy/actor/lib/test/auto/SubscriptionAggregator.xml
2 ms. Memory: 510976K Free: 375296K (73%)
----------------- Invoking toplevel() on ptolemy.moml.MoMLSimpleApplication@77e8e178
----------------- Done invoking toplevel() on ptolemy.moml.MoMLSimpleApplication@77e8e178
reloadAllAccessors: .SubscriptionAggregator

===========================================================================================
----------------- testing Sun Jul 12 15:05:20 UTC 2020 /home/travis/build/icyphy/ptII/ptolemy/actor/lib/test/auto/SubscriptionAggregator2.xml
----------------- Instantiating /home/travis/build/icyphy/ptII/ptolemy/actor/lib/test/auto/SubscriptionAggregator2.xml
2 ms. Memory: 510976K Free: 368631K (72%)
----------------- Invoking toplevel() on ptolemy.moml.MoMLSimpleApplication@66c7c0d9
----------------- Done invoking toplevel() on ptolemy.moml.MoMLSimpleApplication@66c7c0d9
reloadAllAccessors: .SubscriptionAggregator2

===========================================================================================
----------------- testing Sun Jul 12 15:05:20 UTC 2020 /home/travis/build/icyphy/ptII/ptolemy/actor/lib/test/auto/SubscriptionAggregator3.xml
----------------- Instantiating /home/travis/build/icyphy/ptII/ptolemy/actor/lib/test/auto/SubscriptionAggregator3.xml
4 ms. Memory: 510976K Free: 359415K (70%)
----------------- Invoking toplevel() on ptolemy.moml.MoMLSimpleApplication@6f4e3a8d
----------------- Done invoking toplevel() on ptolemy.moml.MoMLSimpleApplication@6f4e3a8d
reloadAllAccessors: .SubscriptionAggregator3

===========================================================================================
----------------- testing Sun Jul 12 15:05:20 UTC 2020 /home/travis/build/icyphy/ptII/ptolemy/actor/lib/test/auto/SubscriptionAggregatorMultiply.xml
----------------- Instantiating /home/travis/build/icyphy/ptII/ptolemy/actor/lib/test/auto/SubscriptionAggregatorMultiply.xml
3 ms. Memory: 510976K Free: 351223K (69%)
----------------- Invoking toplevel() on ptolemy.moml.MoMLSimpleApplication@4964d8ef
----------------- Done invoking toplevel() on ptolemy.moml.MoMLSimpleApplication@4964d8ef
reloadAllAccessors: .SubscriptionAggregatorMultiply

===========================================================================================
----------------- testing Sun Jul 12 15:05:20 UTC 2020 /home/travis/build/icyphy/ptII/ptolemy/actor/lib/test/auto/SubscriptionAggregatorPortMultiply1.xml
----------------- Instantiating /home/travis/build/icyphy/ptII/ptolemy/actor/lib/test/auto/SubscriptionAggregatorPortMultiply1.xml
3 ms. Memory: 510976K Free: 343552K (67%)
----------------- Invoking toplevel() on ptolemy.moml.MoMLSimpleApplication@5d3c0d21
----------------- Done invoking toplevel() on ptolemy.moml.MoMLSimpleApplication@5d3c0d21
reloadAllAccessors: .SubscriptionAggregatorPortMultiply1

===========================================================================================
----------------- testing Sun Jul 12 15:05:20 UTC 2020 /home/travis/build/icyphy/ptII/ptolemy/actor/lib/test/auto/Switch.xml
----------------- Instantiating /home/travis/build/icyphy/ptII/ptolemy/actor/lib/test/auto/Switch.xml
5 ms. Memory: 510976K Free: 334846K (66%)
----------------- Invoking toplevel() on ptolemy.moml.MoMLSimpleApplication@12a5a6a9
----------------- Done invoking toplevel() on ptolemy.moml.MoMLSimpleApplication@12a5a6a9
reloadAllAccessors: .Switch

===========================================================================================
----------------- testing Sun Jul 12 15:05:20 UTC 2020 /home/travis/build/icyphy/ptII/ptolemy/actor/lib/test/auto/Switch2.xml
----------------- Instantiating /home/travis/build/icyphy/ptII/ptolemy/actor/lib/test/auto/Switch2.xml
1 ms. Memory: 510976K Free: 330240K (65%)
----------------- Invoking toplevel() on ptolemy.moml.MoMLSimpleApplication@456a4fce
----------------- Done invoking toplevel() on ptolemy.moml.MoMLSimpleApplication@456a4fce
reloadAllAccessors: .Switch2

===========================================================================================
----------------- testing Sun Jul 12 15:05:20 UTC 2020 /home/travis/build/icyphy/ptII/ptolemy/actor/lib/test/auto/SwitchDE.xml
----------------- Instantiating /home/travis/build/icyphy/ptII/ptolemy/actor/lib/test/auto/SwitchDE.xml
2 ms. Memory: 510976K Free: 324096K (63%)
----------------- Invoking toplevel() on ptolemy.moml.MoMLSimpleApplication@664d1ab
----------------- Done invoking toplevel() on ptolemy.moml.MoMLSimpleApplication@664d1ab
reloadAllAccessors: .SwitchDE

===========================================================================================
----------------- testing Sun Jul 12 15:05:20 UTC 2020 /home/travis/build/icyphy/ptII/ptolemy/actor/lib/test/auto/SynchronizerDE.xml
----------------- Instantiating /home/travis/build/icyphy/ptII/ptolemy/actor/lib/test/auto/SynchronizerDE.xml
7 ms. Memory: 510976K Free: 315904K (62%)
----------------- Invoking toplevel() on ptolemy.moml.MoMLSimpleApplication@75dd7567
----------------- Done invoking toplevel() on ptolemy.moml.MoMLSimpleApplication@75dd7567
reloadAllAccessors: .SynchronizerDE

===========================================================================================
----------------- testing Sun Jul 12 15:05:20 UTC 2020 /home/travis/build/icyphy/ptII/ptolemy/actor/lib/test/auto/Test.xml
----------------- Instantiating /home/travis/build/icyphy/ptII/ptolemy/actor/lib/test/auto/Test.xml
2 ms. Memory: 510976K Free: 310239K (61%)
----------------- Invoking toplevel() on ptolemy.moml.MoMLSimpleApplication@2c101433
----------------- Done invoking toplevel() on ptolemy.moml.MoMLSimpleApplication@2c101433
reloadAllAccessors: .Test

===========================================================================================
----------------- testing Sun Jul 12 15:05:20 UTC 2020 /home/travis/build/icyphy/ptII/ptolemy/actor/lib/test/auto/TestExceptionAttribute1.xml
----------------- Instantiating /home/travis/build/icyphy/ptII/ptolemy/actor/lib/test/auto/TestExceptionAttribute1.xml
2 ms. Memory: 510976K Free: 306688K (60%)
----------------- Invoking toplevel() on ptolemy.moml.MoMLSimpleApplication@752a51d
----------------- Done invoking toplevel() on ptolemy.moml.MoMLSimpleApplication@752a51d
reloadAllAccessors: .TestExceptionAttribute1

===========================================================================================
----------------- testing Sun Jul 12 15:05:20 UTC 2020 /home/travis/build/icyphy/ptII/ptolemy/actor/lib/test/auto/TestExceptionAttribute2.xml
----------------- Instantiating /home/travis/build/icyphy/ptII/ptolemy/actor/lib/test/auto/TestExceptionAttribute2.xml
1 ms. Memory: 510976K Free: 303102K (59%)
----------------- Invoking toplevel() on ptolemy.moml.MoMLSimpleApplication@1412142b
----------------- Done invoking toplevel() on ptolemy.moml.MoMLSimpleApplication@1412142b
reloadAllAccessors: .TestExceptionAttribute2

===========================================================================================
----------------- testing Sun Jul 12 15:05:20 UTC 2020 /home/travis/build/icyphy/ptII/ptolemy/actor/lib/test/auto/TestExceptionAttribute3.xml
----------------- Instantiating /home/travis/build/icyphy/ptII/ptolemy/actor/lib/test/auto/TestExceptionAttribute3.xml
.TestExceptionAttribute3.TestExceptionAttribute: initialize() was not invoked, but wrapup() was.  This is unusual, but not always a problem.  For example, exporting JNLP will do this.
1 ms. Memory: 510976K Free: 299006K (59%)
----------------- Invoking toplevel() on ptolemy.moml.MoMLSimpleApplication@52c22b32
----------------- Done invoking toplevel() on ptolemy.moml.MoMLSimpleApplication@52c22b32
reloadAllAccessors: .TestExceptionAttribute3

===========================================================================================
----------------- testing Sun Jul 12 15:05:20 UTC 2020 /home/travis/build/icyphy/ptII/ptolemy/actor/lib/test/auto/TestExceptionAttribute4.xml
----------------- Instantiating /home/travis/build/icyphy/ptII/ptolemy/actor/lib/test/auto/TestExceptionAttribute4.xml
.TestExceptionAttribute4.TestExceptionAttribute: initialize() was not invoked, but wrapup() was.  This is unusual, but not always a problem.  For example, exporting JNLP will do this.
.TestExceptionAttribute4.TestExceptionAttribute2: initialize() was not invoked, but wrapup() was.  This is unusual, but not always a problem.  For example, exporting JNLP will do this.
0 ms. Memory: 510976K Free: 294910K (58%)
----------------- Invoking toplevel() on ptolemy.moml.MoMLSimpleApplication@46e08894
----------------- Done invoking toplevel() on ptolemy.moml.MoMLSimpleApplication@46e08894
reloadAllAccessors: .TestExceptionAttribute4

===========================================================================================
----------------- testing Sun Jul 12 15:05:20 UTC 2020 /home/travis/build/icyphy/ptII/ptolemy/actor/lib/test/auto/TestExceptionHandler1.xml
----------------- Instantiating /home/travis/build/icyphy/ptII/ptolemy/actor/lib/test/auto/TestExceptionHandler1.xml
1 ms. Memory: 510976K Free: 291328K (57%)
----------------- Invoking toplevel() on ptolemy.moml.MoMLSimpleApplication@4bff624c
----------------- Done invoking toplevel() on ptolemy.moml.MoMLSimpleApplication@4bff624c
reloadAllAccessors: .TestExceptionHandler1

===========================================================================================
----------------- testing Sun Jul 12 15:05:20 UTC 2020 /home/travis/build/icyphy/ptII/ptolemy/actor/lib/test/auto/TestExceptionHandler2.xml
----------------- Instantiating /home/travis/build/icyphy/ptII/ptolemy/actor/lib/test/auto/TestExceptionHandler2.xml
1 ms. Memory: 510976K Free: 287742K (56%)
----------------- Invoking toplevel() on ptolemy.moml.MoMLSimpleApplication@3eb9a092
----------------- Done invoking toplevel() on ptolemy.moml.MoMLSimpleApplication@3eb9a092
reloadAllAccessors: .TestExceptionHandler2

===========================================================================================
----------------- testing Sun Jul 12 15:05:20 UTC 2020 /home/travis/build/icyphy/ptII/ptolemy/actor/lib/test/auto/TestExceptionHandler3.xml
----------------- Instantiating /home/travis/build/icyphy/ptII/ptolemy/actor/lib/test/auto/TestExceptionHandler3.xml
1 ms. Memory: 510976K Free: 283646K (56%)
----------------- Invoking toplevel() on ptolemy.moml.MoMLSimpleApplication@7b9f9647
----------------- Done invoking toplevel() on ptolemy.moml.MoMLSimpleApplication@7b9f9647
reloadAllAccessors: .TestExceptionHandler3

===========================================================================================
----------------- testing Sun Jul 12 15:05:20 UTC 2020 /home/travis/build/icyphy/ptII/ptolemy/actor/lib/test/auto/TestExceptionHandler4.xml
----------------- Instantiating /home/travis/build/icyphy/ptII/ptolemy/actor/lib/test/auto/TestExceptionHandler4.xml
1 ms. Memory: 510976K Free: 279550K (55%)
----------------- Invoking toplevel() on ptolemy.moml.MoMLSimpleApplication@432b4ea5
----------------- Done invoking toplevel() on ptolemy.moml.MoMLSimpleApplication@432b4ea5
reloadAllAccessors: .TestExceptionHandler4

===========================================================================================
----------------- testing Sun Jul 12 15:05:20 UTC 2020 /home/travis/build/icyphy/ptII/ptolemy/actor/lib/test/auto/TestRequireCorrectOrder.xml
----------------- Instantiating /home/travis/build/icyphy/ptII/ptolemy/actor/lib/test/auto/TestRequireCorrectOrder.xml
10 ms. Memory: 510976K Free: 274399K (54%)
----------------- Invoking toplevel() on ptolemy.moml.MoMLSimpleApplication@7408a34f
----------------- Done invoking toplevel() on ptolemy.moml.MoMLSimpleApplication@7408a34f
reloadAllAccessors: .TestRequireCorrectOrder

===========================================================================================
----------------- testing Sun Jul 12 15:05:20 UTC 2020 /home/travis/build/icyphy/ptII/ptolemy/actor/lib/test/auto/TestSimple.xml
----------------- Instantiating /home/travis/build/icyphy/ptII/ptolemy/actor/lib/test/auto/TestSimple.xml
2 ms. Memory: 510976K Free: 269310K (53%)
----------------- Invoking toplevel() on ptolemy.moml.MoMLSimpleApplication@2763365d
----------------- Done invoking toplevel() on ptolemy.moml.MoMLSimpleApplication@2763365d
reloadAllAccessors: .TestSimple

===========================================================================================
----------------- testing Sun Jul 12 15:05:20 UTC 2020 /home/travis/build/icyphy/ptII/ptolemy/actor/lib/test/auto/ThrowModelError.xml
----------------- Instantiating /home/travis/build/icyphy/ptII/ptolemy/actor/lib/test/auto/ThrowModelError.xml
1 ms. Memory: 510976K Free: 264704K (52%)
----------------- Invoking toplevel() on ptolemy.moml.MoMLSimpleApplication@245f9615
----------------- Done invoking toplevel() on ptolemy.moml.MoMLSimpleApplication@245f9615
reloadAllAccessors: .ThrowModelError

===========================================================================================
----------------- testing Sun Jul 12 15:05:20 UTC 2020 /home/travis/build/icyphy/ptII/ptolemy/actor/lib/test/auto/TimeDelayMicrosteps.xml
----------------- Instantiating /home/travis/build/icyphy/ptII/ptolemy/actor/lib/test/auto/TimeDelayMicrosteps.xml
3 ms. Memory: 510976K Free: 258031K (50%)
----------------- Invoking toplevel() on ptolemy.moml.MoMLSimpleApplication@45c5da1a
----------------- Done invoking toplevel() on ptolemy.moml.MoMLSimpleApplication@45c5da1a
reloadAllAccessors: .TimeDelayMicrosteps

===========================================================================================
----------------- testing Sun Jul 12 15:05:20 UTC 2020 /home/travis/build/icyphy/ptII/ptolemy/actor/lib/test/auto/TimeDelayMicrosteps2.xml
----------------- Instantiating /home/travis/build/icyphy/ptII/ptolemy/actor/lib/test/auto/TimeDelayMicrosteps2.xml
3 ms. Memory: 510976K Free: 250368K (49%)
----------------- Invoking toplevel() on ptolemy.moml.MoMLSimpleApplication@50617bee
----------------- Done invoking toplevel() on ptolemy.moml.MoMLSimpleApplication@50617bee
reloadAllAccessors: .TimeDelayMicrosteps2

===========================================================================================
----------------- testing Sun Jul 12 15:05:20 UTC 2020 /home/travis/build/icyphy/ptII/ptolemy/actor/lib/test/auto/TimeDelayMicrosteps3.xml
----------------- Instantiating /home/travis/build/icyphy/ptII/ptolemy/actor/lib/test/auto/TimeDelayMicrosteps3.xml
3 ms. Memory: 510976K Free: 243695K (48%)
----------------- Invoking toplevel() on ptolemy.moml.MoMLSimpleApplication@4aa6a52b
----------------- Done invoking toplevel() on ptolemy.moml.MoMLSimpleApplication@4aa6a52b
reloadAllAccessors: .TimeDelayMicrosteps3

===========================================================================================
----------------- testing Sun Jul 12 15:05:20 UTC 2020 /home/travis/build/icyphy/ptII/ptolemy/actor/lib/test/auto/TimeDelayVariableMicrosteps.xml
----------------- Instantiating /home/travis/build/icyphy/ptII/ptolemy/actor/lib/test/auto/TimeDelayVariableMicrosteps.xml
3 ms. Memory: 510976K Free: 237056K (46%)
----------------- Invoking toplevel() on ptolemy.moml.MoMLSimpleApplication@1b0e027f
----------------- Done invoking toplevel() on ptolemy.moml.MoMLSimpleApplication@1b0e027f
reloadAllAccessors: .TimeDelayVariableMicrosteps

===========================================================================================
----------------- testing Sun Jul 12 15:05:20 UTC 2020 /home/travis/build/icyphy/ptII/ptolemy/actor/lib/test/auto/TimeGap.xml
----------------- Instantiating /home/travis/build/icyphy/ptII/ptolemy/actor/lib/test/auto/TimeGap.xml
3 ms. Memory: 510976K Free: 231391K (45%)
----------------- Invoking toplevel() on ptolemy.moml.MoMLSimpleApplication@33b06139
----------------- Done invoking toplevel() on ptolemy.moml.MoMLSimpleApplication@33b06139
reloadAllAccessors: .TimeGap

===========================================================================================
----------------- testing Sun Jul 12 15:05:20 UTC 2020 /home/travis/build/icyphy/ptII/ptolemy/actor/lib/test/auto/TimeGap2.xml
----------------- Instantiating /home/travis/build/icyphy/ptII/ptolemy/actor/lib/test/auto/TimeGap2.xml
2 ms. Memory: 510976K Free: 225792K (44%)
----------------- Invoking toplevel() on ptolemy.moml.MoMLSimpleApplication@1aa2250e
----------------- Done invoking toplevel() on ptolemy.moml.MoMLSimpleApplication@1aa2250e
reloadAllAccessors: .TimeGap2

===========================================================================================
----------------- testing Sun Jul 12 15:05:20 UTC 2020 /home/travis/build/icyphy/ptII/ptolemy/actor/lib/test/auto/TimedSinewave.xml
----------------- Instantiating /home/travis/build/icyphy/ptII/ptolemy/actor/lib/test/auto/TimedSinewave.xml
23 ms. Memory: 510976K Free: 211966K (41%)
----------------- Invoking toplevel() on ptolemy.moml.MoMLSimpleApplication@3c91d717
----------------- Done invoking toplevel() on ptolemy.moml.MoMLSimpleApplication@3c91d717
reloadAllAccessors: .TimedSinewave

===========================================================================================
----------------- testing Sun Jul 12 15:05:20 UTC 2020 /home/travis/build/icyphy/ptII/ptolemy/actor/lib/test/auto/TimedSinewavePhase.xml
----------------- Instantiating /home/travis/build/icyphy/ptII/ptolemy/actor/lib/test/auto/TimedSinewavePhase.xml
9 ms. Memory: 510976K Free: 201726K (39%)
----------------- Invoking toplevel() on ptolemy.moml.MoMLSimpleApplication@613ed9e8
----------------- Done invoking toplevel() on ptolemy.moml.MoMLSimpleApplication@613ed9e8
reloadAllAccessors: .TimedSinewavePhase

===========================================================================================
----------------- testing Sun Jul 12 15:05:20 UTC 2020 /home/travis/build/icyphy/ptII/ptolemy/actor/lib/test/auto/Timer.xml
----------------- Instantiating /home/travis/build/icyphy/ptII/ptolemy/actor/lib/test/auto/Timer.xml
4 ms. Memory: 510976K Free: 196096K (38%)
----------------- Invoking toplevel() on ptolemy.moml.MoMLSimpleApplication@3556bd2e
----------------- Done invoking toplevel() on ptolemy.moml.MoMLSimpleApplication@3556bd2e
reloadAllAccessors: .Timer

===========================================================================================
----------------- testing Sun Jul 12 15:05:20 UTC 2020 /home/travis/build/icyphy/ptII/ptolemy/actor/lib/test/auto/TriangularDistTestModel.xml
----------------- Instantiating /home/travis/build/icyphy/ptII/ptolemy/actor/lib/test/auto/TriangularDistTestModel.xml
2 ms. Memory: 510976K Free: 190431K (37%)
----------------- Invoking toplevel() on ptolemy.moml.MoMLSimpleApplication@7f746b04
----------------- Done invoking toplevel() on ptolemy.moml.MoMLSimpleApplication@7f746b04
reloadAllAccessors: .TriangularDistTestModel

===========================================================================================
----------------- testing Sun Jul 12 15:05:20 UTC 2020 /home/travis/build/icyphy/ptII/ptolemy/actor/lib/test/auto/TrigFunction.xml
----------------- Instantiating /home/travis/build/icyphy/ptII/ptolemy/actor/lib/test/auto/TrigFunction.xml
1 ms. Memory: 510976K Free: 185342K (36%)
----------------- Invoking toplevel() on ptolemy.moml.MoMLSimpleApplication@501b7ad2
----------------- Done invoking toplevel() on ptolemy.moml.MoMLSimpleApplication@501b7ad2
reloadAllAccessors: .TrigFunction

===========================================================================================
----------------- testing Sun Jul 12 15:05:20 UTC 2020 /home/travis/build/icyphy/ptII/ptolemy/actor/lib/test/auto/TrigFunctionDE.xml
----------------- Instantiating /home/travis/build/icyphy/ptII/ptolemy/actor/lib/test/auto/TrigFunctionDE.xml
2 ms. Memory: 510976K Free: 179712K (35%)
----------------- Invoking toplevel() on ptolemy.moml.MoMLSimpleApplication@10defa12
----------------- Done invoking toplevel() on ptolemy.moml.MoMLSimpleApplication@10defa12
reloadAllAccessors: .TrigFunctionDE

===========================================================================================
----------------- testing Sun Jul 12 15:05:20 UTC 2020 /home/travis/build/icyphy/ptII/ptolemy/actor/lib/test/auto/TrigFunctionInverse.xml
----------------- Instantiating /home/travis/build/icyphy/ptII/ptolemy/actor/lib/test/auto/TrigFunctionInverse.xml
1 ms. Memory: 510976K Free: 174592K (34%)
----------------- Invoking toplevel() on ptolemy.moml.MoMLSimpleApplication@c0273e6
----------------- Done invoking toplevel() on ptolemy.moml.MoMLSimpleApplication@c0273e6
reloadAllAccessors: .TrigFunctionInverse

===========================================================================================
----------------- testing Sun Jul 12 15:05:20 UTC 2020 /home/travis/build/icyphy/ptII/ptolemy/actor/lib/test/auto/TrigFunctionTan.xml
----------------- Instantiating /home/travis/build/icyphy/ptII/ptolemy/actor/lib/test/auto/TrigFunctionTan.xml
2 ms. Memory: 510976K Free: 169982K (33%)
----------------- Invoking toplevel() on ptolemy.moml.MoMLSimpleApplication@48690f07
----------------- Done invoking toplevel() on ptolemy.moml.MoMLSimpleApplication@48690f07
reloadAllAccessors: .TrigFunctionTan

===========================================================================================
----------------- testing Sun Jul 12 15:05:20 UTC 2020 /home/travis/build/icyphy/ptII/ptolemy/actor/lib/test/auto/TriggeredClock.xml
----------------- Instantiating /home/travis/build/icyphy/ptII/ptolemy/actor/lib/test/auto/TriggeredClock.xml
1 ms. Memory: 510976K Free: 458757K (90%)
----------------- Invoking toplevel() on ptolemy.moml.MoMLSimpleApplication@7aefa591
----------------- Done invoking toplevel() on ptolemy.moml.MoMLSimpleApplication@7aefa591
reloadAllAccessors: .TriggeredClock

===========================================================================================
----------------- testing Sun Jul 12 15:05:20 UTC 2020 /home/travis/build/icyphy/ptII/ptolemy/actor/lib/test/auto/URLDirectoryReader.xml
----------------- Instantiating /home/travis/build/icyphy/ptII/ptolemy/actor/lib/test/auto/URLDirectoryReader.xml
38 ms. Memory: 510976K Free: 448818K (88%)
----------------- Invoking toplevel() on ptolemy.moml.MoMLSimpleApplication@348eff1b
----------------- Done invoking toplevel() on ptolemy.moml.MoMLSimpleApplication@348eff1b
reloadAllAccessors: .URLDirectoryReader

===========================================================================================
----------------- testing Sun Jul 12 15:05:21 UTC 2020 /home/travis/build/icyphy/ptII/ptolemy/actor/lib/test/auto/URLDirectoryReader3.xml
----------------- Instantiating /home/travis/build/icyphy/ptII/ptolemy/actor/lib/test/auto/URLDirectoryReader3.xml
1135 ms. Memory: 510976K Free: 450389K (88%)
----------------- Invoking toplevel() on ptolemy.moml.MoMLSimpleApplication@f69963d
----------------- Done invoking toplevel() on ptolemy.moml.MoMLSimpleApplication@f69963d
reloadAllAccessors: .URLDirectoryReader3

===========================================================================================
----------------- testing Sun Jul 12 15:05:22 UTC 2020 /home/travis/build/icyphy/ptII/ptolemy/actor/lib/test/auto/UnaryMathFunction.xml
----------------- Instantiating /home/travis/build/icyphy/ptII/ptolemy/actor/lib/test/auto/UnaryMathFunction.xml
4 ms. Memory: 510976K Free: 442108K (87%)
----------------- Invoking toplevel() on ptolemy.moml.MoMLSimpleApplication@571e9e63
----------------- Done invoking toplevel() on ptolemy.moml.MoMLSimpleApplication@571e9e63
reloadAllAccessors: .UnaryMathFunction

===========================================================================================
----------------- testing Sun Jul 12 15:05:22 UTC 2020 /home/travis/build/icyphy/ptII/ptolemy/actor/lib/test/auto/Uniform.xml
----------------- Instantiating /home/travis/build/icyphy/ptII/ptolemy/actor/lib/test/auto/Uniform.xml
4 ms. Memory: 510976K Free: 437502K (86%)
----------------- Invoking toplevel() on ptolemy.moml.MoMLSimpleApplication@79ec0d2c
----------------- Done invoking toplevel() on ptolemy.moml.MoMLSimpleApplication@79ec0d2c
reloadAllAccessors: .Uniform

===========================================================================================
----------------- testing Sun Jul 12 15:05:22 UTC 2020 /home/travis/build/icyphy/ptII/ptolemy/actor/lib/test/auto/UnionDisassemblerTest.xml
----------------- Instantiating /home/travis/build/icyphy/ptII/ptolemy/actor/lib/test/auto/UnionDisassemblerTest.xml
19 ms. Memory: 510976K Free: 433916K (85%)
----------------- Invoking toplevel() on ptolemy.moml.MoMLSimpleApplication@7bd5aff4
----------------- Done invoking toplevel() on ptolemy.moml.MoMLSimpleApplication@7bd5aff4
reloadAllAccessors: .UnionDisassemblerTest

===========================================================================================
----------------- testing Sun Jul 12 15:05:22 UTC 2020 /home/travis/build/icyphy/ptII/ptolemy/actor/lib/test/auto/UtilityFunctions.xml
----------------- Instantiating /home/travis/build/icyphy/ptII/ptolemy/actor/lib/test/auto/UtilityFunctions.xml
1 ms. Memory: 510976K Free: 429310K (84%)
----------------- Invoking toplevel() on ptolemy.moml.MoMLSimpleApplication@b3f85df
----------------- Done invoking toplevel() on ptolemy.moml.MoMLSimpleApplication@b3f85df
reloadAllAccessors: .UtilityFunctions

===========================================================================================
----------------- testing Sun Jul 12 15:05:22 UTC 2020 /home/travis/build/icyphy/ptII/ptolemy/actor/lib/test/auto/VariableSleep.xml
----------------- Instantiating /home/travis/build/icyphy/ptII/ptolemy/actor/lib/test/auto/VariableSleep.xml
502 ms. Memory: 510976K Free: 424190K (83%)
----------------- Invoking toplevel() on ptolemy.moml.MoMLSimpleApplication@2e3409fd
----------------- Done invoking toplevel() on ptolemy.moml.MoMLSimpleApplication@2e3409fd
reloadAllAccessors: .VariableSleep

===========================================================================================
----------------- testing Sun Jul 12 15:05:22 UTC 2020 /home/travis/build/icyphy/ptII/ptolemy/actor/lib/test/auto/VectorAssemblerDisassemblerCT.xml
----------------- Instantiating /home/travis/build/icyphy/ptII/ptolemy/actor/lib/test/auto/VectorAssemblerDisassemblerCT.xml
55 ms. Memory: 510976K Free: 404220K (79%)
----------------- Invoking toplevel() on ptolemy.moml.MoMLSimpleApplication@7a74e144
----------------- Done invoking toplevel() on ptolemy.moml.MoMLSimpleApplication@7a74e144
reloadAllAccessors: .VectorAssemblerDisassemblerCT

===========================================================================================
----------------- testing Sun Jul 12 15:05:23 UTC 2020 /home/travis/build/icyphy/ptII/ptolemy/actor/lib/test/auto/VectorAssemblerDisassemblerDE.xml
----------------- Instantiating /home/travis/build/icyphy/ptII/ptolemy/actor/lib/test/auto/VectorAssemblerDisassemblerDE.xml
3 ms. Memory: 510976K Free: 396542K (78%)
----------------- Invoking toplevel() on ptolemy.moml.MoMLSimpleApplication@2ff8f045
----------------- Done invoking toplevel() on ptolemy.moml.MoMLSimpleApplication@2ff8f045
reloadAllAccessors: .VectorAssemblerDisassemblerDE

===========================================================================================
----------------- testing Sun Jul 12 15:05:23 UTC 2020 /home/travis/build/icyphy/ptII/ptolemy/actor/lib/test/auto/VectorAssemblerDisassemblerSDF.xml
----------------- Instantiating /home/travis/build/icyphy/ptII/ptolemy/actor/lib/test/auto/VectorAssemblerDisassemblerSDF.xml
2 ms. Memory: 510976K Free: 389884K (76%)
----------------- Invoking toplevel() on ptolemy.moml.MoMLSimpleApplication@2972d9d9
----------------- Done invoking toplevel() on ptolemy.moml.MoMLSimpleApplication@2972d9d9
reloadAllAccessors: .VectorAssemblerDisassemblerSDF

===========================================================================================
----------------- testing Sun Jul 12 15:05:23 UTC 2020 /home/travis/build/icyphy/ptII/ptolemy/actor/lib/test/auto/WallClockTime.xml
----------------- Instantiating /home/travis/build/icyphy/ptII/ptolemy/actor/lib/test/auto/WallClockTime.xml
1003 ms. Memory: 510976K Free: 383740K (75%)
----------------- Invoking toplevel() on ptolemy.moml.MoMLSimpleApplication@3a2bcd97
----------------- Done invoking toplevel() on ptolemy.moml.MoMLSimpleApplication@3a2bcd97
reloadAllAccessors: .WallClockTime

===========================================================================================
----------------- testing Sun Jul 12 15:05:24 UTC 2020 /home/travis/build/icyphy/ptII/ptolemy/actor/lib/test/auto/WidthTestWithSubscriberPublisher.xml
----------------- Instantiating /home/travis/build/icyphy/ptII/ptolemy/actor/lib/test/auto/WidthTestWithSubscriberPublisher.xml
8 ms. Memory: 510976K Free: 365308K (71%)
----------------- Invoking toplevel() on ptolemy.moml.MoMLSimpleApplication@78b7dabd
----------------- Done invoking toplevel() on ptolemy.moml.MoMLSimpleApplication@78b7dabd
reloadAllAccessors: .WidthTestWithSubscriberPublisher

===========================================================================================
----------------- testing Sun Jul 12 15:05:24 UTC 2020 /home/travis/build/icyphy/ptII/ptolemy/actor/lib/test/auto/WidthTestWithSubscriberPublisher2.xml
----------------- Instantiating /home/travis/build/icyphy/ptII/ptolemy/actor/lib/test/auto/WidthTestWithSubscriberPublisher2.xml
2 ms. Memory: 510976K Free: 359164K (70%)
----------------- Invoking toplevel() on ptolemy.moml.MoMLSimpleApplication@760dc6f5
----------------- Done invoking toplevel() on ptolemy.moml.MoMLSimpleApplication@760dc6f5
reloadAllAccessors: .WidthTestWithSubscriberPublisher2

===========================================================================================
----------------- testing Sun Jul 12 15:05:24 UTC 2020 /home/travis/build/icyphy/ptII/ptolemy/actor/lib/test/auto/WidthTestWithSubscriberPublisher3.xml
----------------- Instantiating /home/travis/build/icyphy/ptII/ptolemy/actor/lib/test/auto/WidthTestWithSubscriberPublisher3.xml
2 ms. Memory: 510976K Free: 353020K (69%)
----------------- Invoking toplevel() on ptolemy.moml.MoMLSimpleApplication@68f45685
----------------- Done invoking toplevel() on ptolemy.moml.MoMLSimpleApplication@68f45685
reloadAllAccessors: .WidthTestWithSubscriberPublisher3

===========================================================================================
----------------- testing Sun Jul 12 15:05:24 UTC 2020 /home/travis/build/icyphy/ptII/ptolemy/actor/lib/test/auto/Writer.xml
----------------- Instantiating /home/travis/build/icyphy/ptII/ptolemy/actor/lib/test/auto/Writer.xml
0
1
2
3
4
1 ms. Memory: 510976K Free: 348414K (68%)
----------------- Invoking toplevel() on ptolemy.moml.MoMLSimpleApplication@195b6f83
----------------- Done invoking toplevel() on ptolemy.moml.MoMLSimpleApplication@195b6f83
reloadAllAccessors: .Writer

===========================================================================================
----------------- testing Sun Jul 12 15:05:24 UTC 2020 /home/travis/build/icyphy/ptII/ptolemy/actor/lib/test/auto/array.xml
----------------- Instantiating /home/travis/build/icyphy/ptII/ptolemy/actor/lib/test/auto/array.xml
2 ms. Memory: 510976K Free: 343804K (67%)
----------------- Invoking toplevel() on ptolemy.moml.MoMLSimpleApplication@422b041e
----------------- Done invoking toplevel() on ptolemy.moml.MoMLSimpleApplication@422b041e
reloadAllAccessors: .array

===========================================================================================
----------------- testing Sun Jul 12 15:05:24 UTC 2020 /home/travis/build/icyphy/ptII/ptolemy/actor/lib/test/auto/array2.xml
----------------- Instantiating /home/travis/build/icyphy/ptII/ptolemy/actor/lib/test/auto/array2.xml
9 ms. Memory: 510976K Free: 338684K (66%)
----------------- Invoking toplevel() on ptolemy.moml.MoMLSimpleApplication@36da08c4
----------------- Done invoking toplevel() on ptolemy.moml.MoMLSimpleApplication@36da08c4
reloadAllAccessors: .array2

===========================================================================================
----------------- testing Sun Jul 12 15:05:24 UTC 2020 /home/travis/build/icyphy/ptII/ptolemy/actor/lib/test/auto/arrayType.xml
----------------- Instantiating /home/travis/build/icyphy/ptII/ptolemy/actor/lib/test/auto/arrayType.xml
2 ms. Memory: 510976K Free: 333054K (65%)
----------------- Invoking toplevel() on ptolemy.moml.MoMLSimpleApplication@581b1c49
----------------- Done invoking toplevel() on ptolemy.moml.MoMLSimpleApplication@581b1c49
reloadAllAccessors: .arrayType

===========================================================================================
----------------- testing Sun Jul 12 15:05:24 UTC 2020 /home/travis/build/icyphy/ptII/ptolemy/actor/lib/test/auto/arrayType10.xml
----------------- Instantiating /home/travis/build/icyphy/ptII/ptolemy/actor/lib/test/auto/arrayType10.xml
1 ms. Memory: 510976K Free: 328444K (64%)
----------------- Invoking toplevel() on ptolemy.moml.MoMLSimpleApplication@1ddc1360
----------------- Done invoking toplevel() on ptolemy.moml.MoMLSimpleApplication@1ddc1360
reloadAllAccessors: .arrayType10

===========================================================================================
----------------- testing Sun Jul 12 15:05:24 UTC 2020 /home/travis/build/icyphy/ptII/ptolemy/actor/lib/test/auto/arrayType11.xml
----------------- Instantiating /home/travis/build/icyphy/ptII/ptolemy/actor/lib/test/auto/arrayType11.xml
1 ms. Memory: 510976K Free: 323838K (63%)
----------------- Invoking toplevel() on ptolemy.moml.MoMLSimpleApplication@276d45c7
----------------- Done invoking toplevel() on ptolemy.moml.MoMLSimpleApplication@276d45c7
reloadAllAccessors: .arrayType11

===========================================================================================
----------------- testing Sun Jul 12 15:05:24 UTC 2020 /home/travis/build/icyphy/ptII/ptolemy/actor/lib/test/auto/arrayType12.xml
----------------- Instantiating /home/travis/build/icyphy/ptII/ptolemy/actor/lib/test/auto/arrayType12.xml
2 ms. Memory: 510976K Free: 318718K (62%)
----------------- Invoking toplevel() on ptolemy.moml.MoMLSimpleApplication@402b1a8
----------------- Done invoking toplevel() on ptolemy.moml.MoMLSimpleApplication@402b1a8
reloadAllAccessors: .arrayType12

===========================================================================================
----------------- testing Sun Jul 12 15:05:24 UTC 2020 /home/travis/build/icyphy/ptII/ptolemy/actor/lib/test/auto/arrayType13.xml
----------------- Instantiating /home/travis/build/icyphy/ptII/ptolemy/actor/lib/test/auto/arrayType13.xml
2 ms. Memory: 510976K Free: 313598K (61%)
----------------- Invoking toplevel() on ptolemy.moml.MoMLSimpleApplication@6ce06cc
----------------- Done invoking toplevel() on ptolemy.moml.MoMLSimpleApplication@6ce06cc
reloadAllAccessors: .arrayType13

===========================================================================================
----------------- testing Sun Jul 12 15:05:24 UTC 2020 /home/travis/build/icyphy/ptII/ptolemy/actor/lib/test/auto/arrayType14.xml
----------------- Instantiating /home/travis/build/icyphy/ptII/ptolemy/actor/lib/test/auto/arrayType14.xml
2 ms. Memory: 510976K Free: 308478K (60%)
----------------- Invoking toplevel() on ptolemy.moml.MoMLSimpleApplication@11de2875
----------------- Done invoking toplevel() on ptolemy.moml.MoMLSimpleApplication@11de2875
reloadAllAccessors: .arrayType14

===========================================================================================
----------------- testing Sun Jul 12 15:05:24 UTC 2020 /home/travis/build/icyphy/ptII/ptolemy/actor/lib/test/auto/arrayType15.xml
----------------- Instantiating /home/travis/build/icyphy/ptII/ptolemy/actor/lib/test/auto/arrayType15.xml
3 ms. Memory: 510976K Free: 302844K (59%)
----------------- Invoking toplevel() on ptolemy.moml.MoMLSimpleApplication@339a0ef
----------------- Done invoking toplevel() on ptolemy.moml.MoMLSimpleApplication@339a0ef
reloadAllAccessors: .arrayType15

===========================================================================================
----------------- testing Sun Jul 12 15:05:24 UTC 2020 /home/travis/build/icyphy/ptII/ptolemy/actor/lib/test/auto/arrayType16.xml
----------------- Instantiating /home/travis/build/icyphy/ptII/ptolemy/actor/lib/test/auto/arrayType16.xml
2 ms. Memory: 510976K Free: 297724K (58%)
----------------- Invoking toplevel() on ptolemy.moml.MoMLSimpleApplication@46a5a354
----------------- Done invoking toplevel() on ptolemy.moml.MoMLSimpleApplication@46a5a354
reloadAllAccessors: .arrayType16

===========================================================================================
----------------- testing Sun Jul 12 15:05:24 UTC 2020 /home/travis/build/icyphy/ptII/ptolemy/actor/lib/test/auto/arrayType17.xml
----------------- Instantiating /home/travis/build/icyphy/ptII/ptolemy/actor/lib/test/auto/arrayType17.xml
2 ms. Memory: 510976K Free: 292604K (57%)
----------------- Invoking toplevel() on ptolemy.moml.MoMLSimpleApplication@4b46bc41
----------------- Done invoking toplevel() on ptolemy.moml.MoMLSimpleApplication@4b46bc41
reloadAllAccessors: .arrayType17

===========================================================================================
----------------- testing Sun Jul 12 15:05:24 UTC 2020 /home/travis/build/icyphy/ptII/ptolemy/actor/lib/test/auto/arrayType18.xml
----------------- Instantiating /home/travis/build/icyphy/ptII/ptolemy/actor/lib/test/auto/arrayType18.xml
2 ms. Memory: 510976K Free: 287484K (56%)
----------------- Invoking toplevel() on ptolemy.moml.MoMLSimpleApplication@6dbfb74d
----------------- Done invoking toplevel() on ptolemy.moml.MoMLSimpleApplication@6dbfb74d
reloadAllAccessors: .arrayType18

===========================================================================================
----------------- testing Sun Jul 12 15:05:24 UTC 2020 /home/travis/build/icyphy/ptII/ptolemy/actor/lib/test/auto/arrayType19.xml
----------------- Instantiating /home/travis/build/icyphy/ptII/ptolemy/actor/lib/test/auto/arrayType19.xml
1 ms. Memory: 510976K Free: 282878K (55%)
----------------- Invoking toplevel() on ptolemy.moml.MoMLSimpleApplication@1cebcd1a
----------------- Done invoking toplevel() on ptolemy.moml.MoMLSimpleApplication@1cebcd1a
reloadAllAccessors: .arrayType19

===========================================================================================
----------------- testing Sun Jul 12 15:05:24 UTC 2020 /home/travis/build/icyphy/ptII/ptolemy/actor/lib/test/auto/arrayType2.xml
----------------- Instantiating /home/travis/build/icyphy/ptII/ptolemy/actor/lib/test/auto/arrayType2.xml
1 ms. Memory: 510976K Free: 277244K (54%)
----------------- Invoking toplevel() on ptolemy.moml.MoMLSimpleApplication@721f42c4
----------------- Done invoking toplevel() on ptolemy.moml.MoMLSimpleApplication@721f42c4
reloadAllAccessors: .arrayType2

===========================================================================================
----------------- testing Sun Jul 12 15:05:24 UTC 2020 /home/travis/build/icyphy/ptII/ptolemy/actor/lib/test/auto/arrayType20.xml
----------------- Instantiating /home/travis/build/icyphy/ptII/ptolemy/actor/lib/test/auto/arrayType20.xml
2 ms. Memory: 510976K Free: 272638K (53%)
----------------- Invoking toplevel() on ptolemy.moml.MoMLSimpleApplication@20a690ab
----------------- Done invoking toplevel() on ptolemy.moml.MoMLSimpleApplication@20a690ab
reloadAllAccessors: .arrayType20

===========================================================================================
----------------- testing Sun Jul 12 15:05:24 UTC 2020 /home/travis/build/icyphy/ptII/ptolemy/actor/lib/test/auto/arrayType21.xml
----------------- Instantiating /home/travis/build/icyphy/ptII/ptolemy/actor/lib/test/auto/arrayType21.xml
2 ms. Memory: 510976K Free: 268028K (52%)
----------------- Invoking toplevel() on ptolemy.moml.MoMLSimpleApplication@2c382b9d
----------------- Done invoking toplevel() on ptolemy.moml.MoMLSimpleApplication@2c382b9d
reloadAllAccessors: .arrayType21

===========================================================================================
----------------- testing Sun Jul 12 15:05:24 UTC 2020 /home/travis/build/icyphy/ptII/ptolemy/actor/lib/test/auto/arrayType22.xml
----------------- Instantiating /home/travis/build/icyphy/ptII/ptolemy/actor/lib/test/auto/arrayType22.xml
1 ms. Memory: 510976K Free: 262908K (51%)
----------------- Invoking toplevel() on ptolemy.moml.MoMLSimpleApplication@2e0ce14d
----------------- Done invoking toplevel() on ptolemy.moml.MoMLSimpleApplication@2e0ce14d
reloadAllAccessors: .arrayType22

===========================================================================================
----------------- testing Sun Jul 12 15:05:24 UTC 2020 /home/travis/build/icyphy/ptII/ptolemy/actor/lib/test/auto/arrayType23.xml
----------------- Instantiating /home/travis/build/icyphy/ptII/ptolemy/actor/lib/test/auto/arrayType23.xml
1 ms. Memory: 510976K Free: 258302K (51%)
----------------- Invoking toplevel() on ptolemy.moml.MoMLSimpleApplication@315d9bcc
----------------- Done invoking toplevel() on ptolemy.moml.MoMLSimpleApplication@315d9bcc
reloadAllAccessors: .arrayType23

===========================================================================================
----------------- testing Sun Jul 12 15:05:24 UTC 2020 /home/travis/build/icyphy/ptII/ptolemy/actor/lib/test/auto/arrayType24.xml
----------------- Instantiating /home/travis/build/icyphy/ptII/ptolemy/actor/lib/test/auto/arrayType24.xml
3 ms. Memory: 510976K Free: 253692K (50%)
----------------- Invoking toplevel() on ptolemy.moml.MoMLSimpleApplication@b0d678
----------------- Done invoking toplevel() on ptolemy.moml.MoMLSimpleApplication@b0d678
reloadAllAccessors: .arrayType24

===========================================================================================
----------------- testing Sun Jul 12 15:05:24 UTC 2020 /home/travis/build/icyphy/ptII/ptolemy/actor/lib/test/auto/arrayType25.xml
----------------- Instantiating /home/travis/build/icyphy/ptII/ptolemy/actor/lib/test/auto/arrayType25.xml
2 ms. Memory: 510976K Free: 248062K (49%)
----------------- Invoking toplevel() on ptolemy.moml.MoMLSimpleApplication@59bcde1c
----------------- Done invoking toplevel() on ptolemy.moml.MoMLSimpleApplication@59bcde1c
reloadAllAccessors: .arrayType25

===========================================================================================
----------------- testing Sun Jul 12 15:05:24 UTC 2020 /home/travis/build/icyphy/ptII/ptolemy/actor/lib/test/auto/arrayType26.xml
----------------- Instantiating /home/travis/build/icyphy/ptII/ptolemy/actor/lib/test/auto/arrayType26.xml
1 ms. Memory: 510976K Free: 242942K (48%)
----------------- Invoking toplevel() on ptolemy.moml.MoMLSimpleApplication@284804e3
----------------- Done invoking toplevel() on ptolemy.moml.MoMLSimpleApplication@284804e3
reloadAllAccessors: .arrayType26

===========================================================================================
----------------- testing Sun Jul 12 15:05:24 UTC 2020 /home/travis/build/icyphy/ptII/ptolemy/actor/lib/test/auto/arrayType27.xml
----------------- Instantiating /home/travis/build/icyphy/ptII/ptolemy/actor/lib/test/auto/arrayType27.xml
2 ms. Memory: 510976K Free: 237822K (47%)
----------------- Invoking toplevel() on ptolemy.moml.MoMLSimpleApplication@4a068a4b
----------------- Done invoking toplevel() on ptolemy.moml.MoMLSimpleApplication@4a068a4b
reloadAllAccessors: .arrayType27

===========================================================================================
----------------- testing Sun Jul 12 15:05:24 UTC 2020 /home/travis/build/icyphy/ptII/ptolemy/actor/lib/test/auto/arrayType28.xml
----------------- Instantiating /home/travis/build/icyphy/ptII/ptolemy/actor/lib/test/auto/arrayType28.xml
1 ms. Memory: 510976K Free: 232188K (45%)
----------------- Invoking toplevel() on ptolemy.moml.MoMLSimpleApplication@1be61659
----------------- Done invoking toplevel() on ptolemy.moml.MoMLSimpleApplication@1be61659
reloadAllAccessors: .arrayType28

===========================================================================================
----------------- testing Sun Jul 12 15:05:24 UTC 2020 /home/travis/build/icyphy/ptII/ptolemy/actor/lib/test/auto/arrayType3.xml
----------------- Instantiating /home/travis/build/icyphy/ptII/ptolemy/actor/lib/test/auto/arrayType3.xml
1 ms. Memory: 510976K Free: 227068K (44%)
----------------- Invoking toplevel() on ptolemy.moml.MoMLSimpleApplication@3c0700c9
----------------- Done invoking toplevel() on ptolemy.moml.MoMLSimpleApplication@3c0700c9
reloadAllAccessors: .arrayType3

===========================================================================================
----------------- testing Sun Jul 12 15:05:24 UTC 2020 /home/travis/build/icyphy/ptII/ptolemy/actor/lib/test/auto/arrayType4.xml
----------------- Instantiating /home/travis/build/icyphy/ptII/ptolemy/actor/lib/test/auto/arrayType4.xml
2 ms. Memory: 510976K Free: 221438K (43%)
----------------- Invoking toplevel() on ptolemy.moml.MoMLSimpleApplication@70b5b2dd
----------------- Done invoking toplevel() on ptolemy.moml.MoMLSimpleApplication@70b5b2dd
reloadAllAccessors: .arrayType4

===========================================================================================
----------------- testing Sun Jul 12 15:05:24 UTC 2020 /home/travis/build/icyphy/ptII/ptolemy/actor/lib/test/auto/arrayType5.xml
----------------- Instantiating /home/travis/build/icyphy/ptII/ptolemy/actor/lib/test/auto/arrayType5.xml
2 ms. Memory: 510976K Free: 216318K (42%)
----------------- Invoking toplevel() on ptolemy.moml.MoMLSimpleApplication@7b0de886
----------------- Done invoking toplevel() on ptolemy.moml.MoMLSimpleApplication@7b0de886
reloadAllAccessors: .arrayType5

===========================================================================================
----------------- testing Sun Jul 12 15:05:24 UTC 2020 /home/travis/build/icyphy/ptII/ptolemy/actor/lib/test/auto/arrayType6.xml
----------------- Instantiating /home/travis/build/icyphy/ptII/ptolemy/actor/lib/test/auto/arrayType6.xml
1 ms. Memory: 510976K Free: 211708K (41%)
----------------- Invoking toplevel() on ptolemy.moml.MoMLSimpleApplication@6eee8196
----------------- Done invoking toplevel() on ptolemy.moml.MoMLSimpleApplication@6eee8196
reloadAllAccessors: .arrayType6

===========================================================================================
----------------- testing Sun Jul 12 15:05:24 UTC 2020 /home/travis/build/icyphy/ptII/ptolemy/actor/lib/test/auto/arrayType7.xml
----------------- Instantiating /home/travis/build/icyphy/ptII/ptolemy/actor/lib/test/auto/arrayType7.xml
2 ms. Memory: 510976K Free: 206588K (40%)
----------------- Invoking toplevel() on ptolemy.moml.MoMLSimpleApplication@e89510e
----------------- Done invoking toplevel() on ptolemy.moml.MoMLSimpleApplication@e89510e
reloadAllAccessors: .arrayType7

===========================================================================================
----------------- testing Sun Jul 12 15:05:24 UTC 2020 /home/travis/build/icyphy/ptII/ptolemy/actor/lib/test/auto/arrayType8.xml
----------------- Instantiating /home/travis/build/icyphy/ptII/ptolemy/actor/lib/test/auto/arrayType8.xml
6 ms. Memory: 510976K Free: 451862K (88%)
----------------- Invoking toplevel() on ptolemy.moml.MoMLSimpleApplication@4b9e8c11
----------------- Done invoking toplevel() on ptolemy.moml.MoMLSimpleApplication@4b9e8c11
reloadAllAccessors: .arrayType8

===========================================================================================
----------------- testing Sun Jul 12 15:05:24 UTC 2020 /home/travis/build/icyphy/ptII/ptolemy/actor/lib/test/auto/arrayType9.xml
----------------- Instantiating /home/travis/build/icyphy/ptII/ptolemy/actor/lib/test/auto/arrayType9.xml
2 ms. Memory: 510976K Free: 446742K (87%)
----------------- Invoking toplevel() on ptolemy.moml.MoMLSimpleApplication@5421fff8
----------------- Done invoking toplevel() on ptolemy.moml.MoMLSimpleApplication@5421fff8
reloadAllAccessors: .arrayType9

===========================================================================================
----------------- testing Sun Jul 12 15:05:24 UTC 2020 /home/travis/build/icyphy/ptII/ptolemy/actor/lib/test/auto/cast.xml
----------------- Instantiating /home/travis/build/icyphy/ptII/ptolemy/actor/lib/test/auto/cast.xml
3 ms. Memory: 510976K Free: 442136K (87%)
----------------- Invoking toplevel() on ptolemy.moml.MoMLSimpleApplication@1e335c00
----------------- Done invoking toplevel() on ptolemy.moml.MoMLSimpleApplication@1e335c00
reloadAllAccessors: .cast

===========================================================================================
----------------- testing Sun Jul 12 15:05:24 UTC 2020 /home/travis/build/icyphy/ptII/ptolemy/actor/lib/test/auto/compositeMultiPort.xml
----------------- Instantiating /home/travis/build/icyphy/ptII/ptolemy/actor/lib/test/auto/compositeMultiPort.xml
13 ms. Memory: 510976K Free: 433430K (85%)
----------------- Invoking toplevel() on ptolemy.moml.MoMLSimpleApplication@7e2282ad
----------------- Done invoking toplevel() on ptolemy.moml.MoMLSimpleApplication@7e2282ad
reloadAllAccessors: .compositeMultiPort

===========================================================================================
----------------- testing Sun Jul 12 15:05:24 UTC 2020 /home/travis/build/icyphy/ptII/ptolemy/actor/lib/test/auto/expressionCastInference.xml
----------------- Instantiating /home/travis/build/icyphy/ptII/ptolemy/actor/lib/test/auto/expressionCastInference.xml
6 ms. Memory: 510976K Free: 428310K (84%)
----------------- Invoking toplevel() on ptolemy.moml.MoMLSimpleApplication@4635523b
----------------- Done invoking toplevel() on ptolemy.moml.MoMLSimpleApplication@4635523b
reloadAllAccessors: .expressionCastInference

===========================================================================================
----------------- testing Sun Jul 12 15:05:24 UTC 2020 /home/travis/build/icyphy/ptII/ptolemy/actor/lib/test/auto/expressionCastInference2.xml
----------------- Instantiating /home/travis/build/icyphy/ptII/ptolemy/actor/lib/test/auto/expressionCastInference2.xml
2 ms. Memory: 510976K Free: 423704K (83%)
----------------- Invoking toplevel() on ptolemy.moml.MoMLSimpleApplication@64153868
----------------- Done invoking toplevel() on ptolemy.moml.MoMLSimpleApplication@64153868
reloadAllAccessors: .expressionCastInference2

===========================================================================================
----------------- testing Sun Jul 12 15:05:24 UTC 2020 /home/travis/build/icyphy/ptII/ptolemy/actor/lib/test/auto/expressionInference.xml
----------------- Instantiating /home/travis/build/icyphy/ptII/ptolemy/actor/lib/test/auto/expressionInference.xml
1 ms. Memory: 510976K Free: 419094K (82%)
----------------- Invoking toplevel() on ptolemy.moml.MoMLSimpleApplication@2ae2b320
----------------- Done invoking toplevel() on ptolemy.moml.MoMLSimpleApplication@2ae2b320
reloadAllAccessors: .expressionInference

===========================================================================================
----------------- testing Sun Jul 12 15:05:24 UTC 2020 /home/travis/build/icyphy/ptII/ptolemy/actor/lib/test/auto/expression_bug.xml
----------------- Instantiating /home/travis/build/icyphy/ptII/ptolemy/actor/lib/test/auto/expression_bug.xml
1 ms. Memory: 510976K Free: 414998K (81%)
----------------- Invoking toplevel() on ptolemy.moml.MoMLSimpleApplication@3cf40cee
----------------- Done invoking toplevel() on ptolemy.moml.MoMLSimpleApplication@3cf40cee
reloadAllAccessors: .expression_bug

===========================================================================================
----------------- testing Sun Jul 12 15:05:24 UTC 2020 /home/travis/build/icyphy/ptII/ptolemy/actor/lib/test/auto/factorial.xml
----------------- Instantiating /home/travis/build/icyphy/ptII/ptolemy/actor/lib/test/auto/factorial.xml
47 ms. Memory: 510976K Free: 406296K (80%)
----------------- Invoking toplevel() on ptolemy.moml.MoMLSimpleApplication@2f5162dc
----------------- Done invoking toplevel() on ptolemy.moml.MoMLSimpleApplication@2f5162dc
reloadAllAccessors: .factorial

===========================================================================================
----------------- testing Sun Jul 12 15:05:24 UTC 2020 /home/travis/build/icyphy/ptII/ptolemy/actor/lib/test/auto/filterTest1.xml
----------------- Instantiating /home/travis/build/icyphy/ptII/ptolemy/actor/lib/test/auto/filterTest1.xml
3 ms. Memory: 510976K Free: 400632K (78%)
----------------- Invoking toplevel() on ptolemy.moml.MoMLSimpleApplication@29c0677c
----------------- Done invoking toplevel() on ptolemy.moml.MoMLSimpleApplication@29c0677c
reloadAllAccessors: .filterTest1

===========================================================================================
----------------- testing Sun Jul 12 15:05:24 UTC 2020 /home/travis/build/icyphy/ptII/ptolemy/actor/lib/test/auto/funcApplyInConst.xml
----------------- Instantiating /home/travis/build/icyphy/ptII/ptolemy/actor/lib/test/auto/funcApplyInConst.xml
1 ms. Memory: 510976K Free: 397080K (78%)
----------------- Invoking toplevel() on ptolemy.moml.MoMLSimpleApplication@33a2b9b4
----------------- Done invoking toplevel() on ptolemy.moml.MoMLSimpleApplication@33a2b9b4
reloadAllAccessors: .funcApplyInConst

===========================================================================================
----------------- testing Sun Jul 12 15:05:24 UTC 2020 /home/travis/build/icyphy/ptII/ptolemy/actor/lib/test/auto/funcApplyInExpr.xml
----------------- Instantiating /home/travis/build/icyphy/ptII/ptolemy/actor/lib/test/auto/funcApplyInExpr.xml
2 ms. Memory: 510976K Free: 392984K (77%)
----------------- Invoking toplevel() on ptolemy.moml.MoMLSimpleApplication@58d1b9db
----------------- Done invoking toplevel() on ptolemy.moml.MoMLSimpleApplication@58d1b9db
reloadAllAccessors: .funcApplyInExpr

===========================================================================================
----------------- testing Sun Jul 12 15:05:24 UTC 2020 /home/travis/build/icyphy/ptII/ptolemy/actor/lib/test/auto/function.xml
----------------- Instantiating /home/travis/build/icyphy/ptII/ptolemy/actor/lib/test/auto/function.xml
2 ms. Memory: 510976K Free: 388374K (76%)
----------------- Invoking toplevel() on ptolemy.moml.MoMLSimpleApplication@7bd00426
----------------- Done invoking toplevel() on ptolemy.moml.MoMLSimpleApplication@7bd00426
reloadAllAccessors: .function

===========================================================================================
----------------- testing Sun Jul 12 15:05:24 UTC 2020 /home/travis/build/icyphy/ptII/ptolemy/actor/lib/test/auto/function2.xml
----------------- Instantiating /home/travis/build/icyphy/ptII/ptolemy/actor/lib/test/auto/function2.xml
2 ms. Memory: 510976K Free: 383254K (75%)
----------------- Invoking toplevel() on ptolemy.moml.MoMLSimpleApplication@56eaac0b
----------------- Done invoking toplevel() on ptolemy.moml.MoMLSimpleApplication@56eaac0b
reloadAllAccessors: .function2

===========================================================================================
----------------- testing Sun Jul 12 15:05:24 UTC 2020 /home/travis/build/icyphy/ptII/ptolemy/actor/lib/test/auto/function3.xml
----------------- Instantiating /home/travis/build/icyphy/ptII/ptolemy/actor/lib/test/auto/function3.xml
1 ms. Memory: 510976K Free: 379672K (74%)
----------------- Invoking toplevel() on ptolemy.moml.MoMLSimpleApplication@2ff6ee2c
----------------- Done invoking toplevel() on ptolemy.moml.MoMLSimpleApplication@2ff6ee2c
reloadAllAccessors: .function3

===========================================================================================
----------------- testing Sun Jul 12 15:05:24 UTC 2020 /home/travis/build/icyphy/ptII/ptolemy/actor/lib/test/auto/functionClosureTest1.xml
----------------- Instantiating /home/travis/build/icyphy/ptII/ptolemy/actor/lib/test/auto/functionClosureTest1.xml
2 ms. Memory: 510976K Free: 373528K (73%)
----------------- Invoking toplevel() on ptolemy.moml.MoMLSimpleApplication@7606db2c
----------------- Done invoking toplevel() on ptolemy.moml.MoMLSimpleApplication@7606db2c
reloadAllAccessors: .functionClosureTest1

===========================================================================================
----------------- testing Sun Jul 12 15:05:25 UTC 2020 /home/travis/build/icyphy/ptII/ptolemy/actor/lib/test/auto/functionClosureTest2.xml
----------------- Instantiating /home/travis/build/icyphy/ptII/ptolemy/actor/lib/test/auto/functionClosureTest2.xml
1 ms. Memory: 510976K Free: 369942K (72%)
----------------- Invoking toplevel() on ptolemy.moml.MoMLSimpleApplication@7bf168b1
----------------- Done invoking toplevel() on ptolemy.moml.MoMLSimpleApplication@7bf168b1
reloadAllAccessors: .functionClosureTest2

===========================================================================================
----------------- testing Sun Jul 12 15:05:25 UTC 2020 /home/travis/build/icyphy/ptII/ptolemy/actor/lib/test/auto/functionClosureTest3.xml
----------------- Instantiating /home/travis/build/icyphy/ptII/ptolemy/actor/lib/test/auto/functionClosureTest3.xml
3 ms. Memory: 510976K Free: 364312K (71%)
----------------- Invoking toplevel() on ptolemy.moml.MoMLSimpleApplication@2415e7fe
----------------- Done invoking toplevel() on ptolemy.moml.MoMLSimpleApplication@2415e7fe
reloadAllAccessors: .functionClosureTest3

===========================================================================================
----------------- testing Sun Jul 12 15:05:25 UTC 2020 /home/travis/build/icyphy/ptII/ptolemy/actor/lib/test/auto/functionClosureTest4.xml
----------------- Instantiating /home/travis/build/icyphy/ptII/ptolemy/actor/lib/test/auto/functionClosureTest4.xml
5 ms. Memory: 510976K Free: 358168K (70%)
----------------- Invoking toplevel() on ptolemy.moml.MoMLSimpleApplication@746b3df6
----------------- Done invoking toplevel() on ptolemy.moml.MoMLSimpleApplication@746b3df6
reloadAllAccessors: .functionClosureTest4

===========================================================================================
----------------- testing Sun Jul 12 15:05:25 UTC 2020 /home/travis/build/icyphy/ptII/ptolemy/actor/lib/test/auto/functionClosureTest5.xml
----------------- Instantiating /home/travis/build/icyphy/ptII/ptolemy/actor/lib/test/auto/functionClosureTest5.xml
3 ms. Memory: 510976K Free: 353048K (69%)
----------------- Invoking toplevel() on ptolemy.moml.MoMLSimpleApplication@62ef08d9
----------------- Done invoking toplevel() on ptolemy.moml.MoMLSimpleApplication@62ef08d9
reloadAllAccessors: .functionClosureTest5

===========================================================================================
----------------- testing Sun Jul 12 15:05:25 UTC 2020 /home/travis/build/icyphy/ptII/ptolemy/actor/lib/test/auto/functionClosureTest6.xml
----------------- Instantiating /home/travis/build/icyphy/ptII/ptolemy/actor/lib/test/auto/functionClosureTest6.xml
2 ms. Memory: 510976K Free: 347928K (68%)
----------------- Invoking toplevel() on ptolemy.moml.MoMLSimpleApplication@66026c38
----------------- Done invoking toplevel() on ptolemy.moml.MoMLSimpleApplication@66026c38
reloadAllAccessors: .functionClosureTest6

===========================================================================================
----------------- testing Sun Jul 12 15:05:25 UTC 2020 /home/travis/build/icyphy/ptII/ptolemy/actor/lib/test/auto/functionsOnArcs.xml
----------------- Instantiating /home/travis/build/icyphy/ptII/ptolemy/actor/lib/test/auto/functionsOnArcs.xml
4 ms. Memory: 510976K Free: 342808K (67%)
----------------- Invoking toplevel() on ptolemy.moml.MoMLSimpleApplication@e28fcb
----------------- Done invoking toplevel() on ptolemy.moml.MoMLSimpleApplication@e28fcb
reloadAllAccessors: .functionsOnArcs

===========================================================================================
----------------- testing Sun Jul 12 15:05:25 UTC 2020 /home/travis/build/icyphy/ptII/ptolemy/actor/lib/test/auto/functionsOnArcsHOF.xml
----------------- Instantiating /home/travis/build/icyphy/ptII/ptolemy/actor/lib/test/auto/functionsOnArcsHOF.xml
3 ms. Memory: 510976K Free: 336664K (66%)
----------------- Invoking toplevel() on ptolemy.moml.MoMLSimpleApplication@16d62b4b
----------------- Done invoking toplevel() on ptolemy.moml.MoMLSimpleApplication@16d62b4b
reloadAllAccessors: .functionsOnArcsHOF

===========================================================================================
----------------- testing Sun Jul 12 15:05:25 UTC 2020 /home/travis/build/icyphy/ptII/ptolemy/actor/lib/test/auto/logic.xml
----------------- Instantiating /home/travis/build/icyphy/ptII/ptolemy/actor/lib/test/auto/logic.xml
2 ms. Memory: 510976K Free: 329496K (64%)
----------------- Invoking toplevel() on ptolemy.moml.MoMLSimpleApplication@3622f73d
----------------- Done invoking toplevel() on ptolemy.moml.MoMLSimpleApplication@3622f73d
reloadAllAccessors: .logic

===========================================================================================
----------------- testing Sun Jul 12 15:05:25 UTC 2020 /home/travis/build/icyphy/ptII/ptolemy/actor/lib/test/auto/matrixType.xml
----------------- Instantiating /home/travis/build/icyphy/ptII/ptolemy/actor/lib/test/auto/matrixType.xml
2 ms. Memory: 510976K Free: 324376K (63%)
----------------- Invoking toplevel() on ptolemy.moml.MoMLSimpleApplication@70cb289d
----------------- Done invoking toplevel() on ptolemy.moml.MoMLSimpleApplication@70cb289d
reloadAllAccessors: .matrixType

===========================================================================================
----------------- testing Sun Jul 12 15:05:25 UTC 2020 /home/travis/build/icyphy/ptII/ptolemy/actor/lib/test/auto/matrixType10.xml
----------------- Instantiating /home/travis/build/icyphy/ptII/ptolemy/actor/lib/test/auto/matrixType10.xml
1 ms. Memory: 510976K Free: 319766K (63%)
----------------- Invoking toplevel() on ptolemy.moml.MoMLSimpleApplication@e328237
----------------- Done invoking toplevel() on ptolemy.moml.MoMLSimpleApplication@e328237
reloadAllAccessors: .matrixType10

===========================================================================================
----------------- testing Sun Jul 12 15:05:25 UTC 2020 /home/travis/build/icyphy/ptII/ptolemy/actor/lib/test/auto/matrixType11.xml
----------------- Instantiating /home/travis/build/icyphy/ptII/ptolemy/actor/lib/test/auto/matrixType11.xml
2 ms. Memory: 510976K Free: 314646K (62%)
----------------- Invoking toplevel() on ptolemy.moml.MoMLSimpleApplication@21855c3f
----------------- Done invoking toplevel() on ptolemy.moml.MoMLSimpleApplication@21855c3f
reloadAllAccessors: .matrixType11

===========================================================================================
----------------- testing Sun Jul 12 15:05:25 UTC 2020 /home/travis/build/icyphy/ptII/ptolemy/actor/lib/test/auto/matrixType12.xml
----------------- Instantiating /home/travis/build/icyphy/ptII/ptolemy/actor/lib/test/auto/matrixType12.xml
1 ms. Memory: 510976K Free: 310040K (61%)
----------------- Invoking toplevel() on ptolemy.moml.MoMLSimpleApplication@6f6ef7a0
----------------- Done invoking toplevel() on ptolemy.moml.MoMLSimpleApplication@6f6ef7a0
reloadAllAccessors: .matrixType12

===========================================================================================
----------------- testing Sun Jul 12 15:05:25 UTC 2020 /home/travis/build/icyphy/ptII/ptolemy/actor/lib/test/auto/matrixType13.xml
----------------- Instantiating /home/travis/build/icyphy/ptII/ptolemy/actor/lib/test/auto/matrixType13.xml
1 ms. Memory: 510976K Free: 304920K (60%)
----------------- Invoking toplevel() on ptolemy.moml.MoMLSimpleApplication@688f158d
----------------- Done invoking toplevel() on ptolemy.moml.MoMLSimpleApplication@688f158d
reloadAllAccessors: .matrixType13

===========================================================================================
----------------- testing Sun Jul 12 15:05:25 UTC 2020 /home/travis/build/icyphy/ptII/ptolemy/actor/lib/test/auto/matrixType14.xml
----------------- Instantiating /home/travis/build/icyphy/ptII/ptolemy/actor/lib/test/auto/matrixType14.xml
2 ms. Memory: 510976K Free: 300310K (59%)
----------------- Invoking toplevel() on ptolemy.moml.MoMLSimpleApplication@1be31ba9
----------------- Done invoking toplevel() on ptolemy.moml.MoMLSimpleApplication@1be31ba9
reloadAllAccessors: .matrixType14

===========================================================================================
----------------- testing Sun Jul 12 15:05:25 UTC 2020 /home/travis/build/icyphy/ptII/ptolemy/actor/lib/test/auto/matrixType2.xml
----------------- Instantiating /home/travis/build/icyphy/ptII/ptolemy/actor/lib/test/auto/matrixType2.xml
1 ms. Memory: 510976K Free: 295190K (58%)
----------------- Invoking toplevel() on ptolemy.moml.MoMLSimpleApplication@6063a16b
----------------- Done invoking toplevel() on ptolemy.moml.MoMLSimpleApplication@6063a16b
reloadAllAccessors: .matrixType2

===========================================================================================
----------------- testing Sun Jul 12 15:05:25 UTC 2020 /home/travis/build/icyphy/ptII/ptolemy/actor/lib/test/auto/matrixType3.xml
----------------- Instantiating /home/travis/build/icyphy/ptII/ptolemy/actor/lib/test/auto/matrixType3.xml
3 ms. Memory: 510976K Free: 290584K (57%)
----------------- Invoking toplevel() on ptolemy.moml.MoMLSimpleApplication@16b2b2dd
----------------- Done invoking toplevel() on ptolemy.moml.MoMLSimpleApplication@16b2b2dd
reloadAllAccessors: .matrixType3

===========================================================================================
----------------- testing Sun Jul 12 15:05:25 UTC 2020 /home/travis/build/icyphy/ptII/ptolemy/actor/lib/test/auto/matrixType4.xml
----------------- Instantiating /home/travis/build/icyphy/ptII/ptolemy/actor/lib/test/auto/matrixType4.xml
1 ms. Memory: 510976K Free: 285464K (56%)
----------------- Invoking toplevel() on ptolemy.moml.MoMLSimpleApplication@68e19d28
----------------- Done invoking toplevel() on ptolemy.moml.MoMLSimpleApplication@68e19d28
reloadAllAccessors: .matrixType4

===========================================================================================
----------------- testing Sun Jul 12 15:05:25 UTC 2020 /home/travis/build/icyphy/ptII/ptolemy/actor/lib/test/auto/matrixType5.xml
----------------- Instantiating /home/travis/build/icyphy/ptII/ptolemy/actor/lib/test/auto/matrixType5.xml
2 ms. Memory: 510976K Free: 280854K (55%)
----------------- Invoking toplevel() on ptolemy.moml.MoMLSimpleApplication@577c56fa
----------------- Done invoking toplevel() on ptolemy.moml.MoMLSimpleApplication@577c56fa
reloadAllAccessors: .matrixType5

===========================================================================================
----------------- testing Sun Jul 12 15:05:25 UTC 2020 /home/travis/build/icyphy/ptII/ptolemy/actor/lib/test/auto/matrixType6.xml
----------------- Instantiating /home/travis/build/icyphy/ptII/ptolemy/actor/lib/test/auto/matrixType6.xml
1 ms. Memory: 510976K Free: 275734K (54%)
----------------- Invoking toplevel() on ptolemy.moml.MoMLSimpleApplication@7c1fefd3
----------------- Done invoking toplevel() on ptolemy.moml.MoMLSimpleApplication@7c1fefd3
reloadAllAccessors: .matrixType6

===========================================================================================
----------------- testing Sun Jul 12 15:05:25 UTC 2020 /home/travis/build/icyphy/ptII/ptolemy/actor/lib/test/auto/matrixType7.xml
----------------- Instantiating /home/travis/build/icyphy/ptII/ptolemy/actor/lib/test/auto/matrixType7.xml
1 ms. Memory: 510976K Free: 271128K (53%)
----------------- Invoking toplevel() on ptolemy.moml.MoMLSimpleApplication@2f5c4e0d
----------------- Done invoking toplevel() on ptolemy.moml.MoMLSimpleApplication@2f5c4e0d
reloadAllAccessors: .matrixType7

===========================================================================================
----------------- testing Sun Jul 12 15:05:25 UTC 2020 /home/travis/build/icyphy/ptII/ptolemy/actor/lib/test/auto/matrixType8.xml
----------------- Instantiating /home/travis/build/icyphy/ptII/ptolemy/actor/lib/test/auto/matrixType8.xml
2 ms. Memory: 510976K Free: 266008K (52%)
----------------- Invoking toplevel() on ptolemy.moml.MoMLSimpleApplication@1c4da948
----------------- Done invoking toplevel() on ptolemy.moml.MoMLSimpleApplication@1c4da948
reloadAllAccessors: .matrixType8

===========================================================================================
----------------- testing Sun Jul 12 15:05:25 UTC 2020 /home/travis/build/icyphy/ptII/ptolemy/actor/lib/test/auto/matrixType9.xml
----------------- Instantiating /home/travis/build/icyphy/ptII/ptolemy/actor/lib/test/auto/matrixType9.xml
1 ms. Memory: 510976K Free: 261398K (51%)
----------------- Invoking toplevel() on ptolemy.moml.MoMLSimpleApplication@28a8152f
----------------- Done invoking toplevel() on ptolemy.moml.MoMLSimpleApplication@28a8152f
reloadAllAccessors: .matrixType9

===========================================================================================
----------------- testing Sun Jul 12 15:05:25 UTC 2020 /home/travis/build/icyphy/ptII/ptolemy/actor/lib/test/auto/paraFunctest.xml
----------------- Instantiating /home/travis/build/icyphy/ptII/ptolemy/actor/lib/test/auto/paraFunctest.xml
1 ms. Memory: 510976K Free: 256792K (50%)
----------------- Invoking toplevel() on ptolemy.moml.MoMLSimpleApplication@58f8ad87
----------------- Done invoking toplevel() on ptolemy.moml.MoMLSimpleApplication@58f8ad87
reloadAllAccessors: .paraFunctest

===========================================================================================
----------------- testing Sun Jul 12 15:05:25 UTC 2020 /home/travis/build/icyphy/ptII/ptolemy/actor/lib/test/auto/paraFunctest2.xml
----------------- Instantiating /home/travis/build/icyphy/ptII/ptolemy/actor/lib/test/auto/paraFunctest2.xml
1 ms. Memory: 510976K Free: 253206K (50%)
----------------- Invoking toplevel() on ptolemy.moml.MoMLSimpleApplication@39fca9b6
----------------- Done invoking toplevel() on ptolemy.moml.MoMLSimpleApplication@39fca9b6
reloadAllAccessors: .paraFunctest2

===========================================================================================
----------------- testing Sun Jul 12 15:05:25 UTC 2020 /home/travis/build/icyphy/ptII/ptolemy/actor/lib/test/auto/parameterPassing.xml
----------------- Instantiating /home/travis/build/icyphy/ptII/ptolemy/actor/lib/test/auto/parameterPassing.xml
1 ms. Memory: 510976K Free: 248600K (49%)
----------------- Invoking toplevel() on ptolemy.moml.MoMLSimpleApplication@3e86c5cb
----------------- Done invoking toplevel() on ptolemy.moml.MoMLSimpleApplication@3e86c5cb
reloadAllAccessors: .parameterPassing

===========================================================================================
----------------- testing Sun Jul 12 15:05:25 UTC 2020 /home/travis/build/icyphy/ptII/ptolemy/actor/lib/test/auto/record.xml
----------------- Instantiating /home/travis/build/icyphy/ptII/ptolemy/actor/lib/test/auto/record.xml
3 ms. Memory: 510976K Free: 243990K (48%)
----------------- Invoking toplevel() on ptolemy.moml.MoMLSimpleApplication@4d433d24
----------------- Done invoking toplevel() on ptolemy.moml.MoMLSimpleApplication@4d433d24
reloadAllAccessors: .record

===========================================================================================
----------------- testing Sun Jul 12 15:05:25 UTC 2020 /home/travis/build/icyphy/ptII/ptolemy/actor/lib/test/auto/sizedarray1.xml
----------------- Instantiating /home/travis/build/icyphy/ptII/ptolemy/actor/lib/test/auto/sizedarray1.xml
2 ms. Memory: 510976K Free: 238360K (47%)
----------------- Invoking toplevel() on ptolemy.moml.MoMLSimpleApplication@42b3843b
----------------- Done invoking toplevel() on ptolemy.moml.MoMLSimpleApplication@42b3843b
reloadAllAccessors: .sizedarray1

===========================================================================================
----------------- testing Sun Jul 12 15:05:25 UTC 2020 /home/travis/build/icyphy/ptII/ptolemy/actor/lib/test/auto/sizedarray2.xml
----------------- Instantiating /home/travis/build/icyphy/ptII/ptolemy/actor/lib/test/auto/sizedarray2.xml
3 ms. Memory: 510976K Free: 233240K (46%)
----------------- Invoking toplevel() on ptolemy.moml.MoMLSimpleApplication@2a78dbe5
----------------- Done invoking toplevel() on ptolemy.moml.MoMLSimpleApplication@2a78dbe5
reloadAllAccessors: .sizedarray2

===========================================================================================
----------------- testing Sun Jul 12 15:05:25 UTC 2020 /home/travis/build/icyphy/ptII/ptolemy/actor/lib/test/auto/twoPublishers.xml
----------------- Instantiating /home/travis/build/icyphy/ptII/ptolemy/actor/lib/test/auto/twoPublishers.xml
5 ms. Memory: 510976K Free: 222486K (44%)
----------------- Invoking toplevel() on ptolemy.moml.MoMLSimpleApplication@12c9ccea
----------------- Done invoking toplevel() on ptolemy.moml.MoMLSimpleApplication@12c9ccea
reloadAllAccessors: .twoPublishers
AutoTests.java: About to close Vertx.
AutoTests.java: Vertx closed.
]]></system-out>
  <system-err><![CDATA[java.lang.RuntimeException: Execution failed
	at ptolemy.moml.MoMLSimpleApplication$UnloadThread.run(MoMLSimpleApplication.java:402)
Caused by: java.lang.RuntimeException: StringUtilities.exit() was called. Normally, we would exit here because Manager.exitAfterWrapup() was called.  However, because the ptolemy.ptII.exitAfterWrapup property is set, we throw this exception instead.
	at ptolemy.util.StringUtilities.exit(StringUtilities.java:365)
	at ptolemy.actor.Manager.wrapup(Manager.java:1549)
	at ptolemy.actor.Manager.execute(Manager.java:407)
	at ptolemy.actor.Manager.run(Manager.java:1263)
	at ptolemy.actor.Manager$PtolemyRunThread.run(Manager.java:1933)
Warning: '.top.test' is in training mode, set the trainingMode parameter to false before checking in
Warning: '.top.test' is in training mode, set the trainingMode parameter to false before checking in
Warning: '.top.test' is in training mode, set the trainingMode parameter to false before checking in
Warning: '.BooleanSwitch_RegressionTest_WrongTrainingValues.Test' is in training mode, set the trainingMode parameter to false before checking in
Warning: '.BooleanSwitch_RegressionTest_WrongTrainingValues.Test2' is in training mode, set the trainingMode parameter to false before checking in
Warning: '.BooleanSwitch_RegressionTest_WrongTrainingValues.Test2' The test produced 0 tokens.
Warning: '.top.testExceptionHandler' is in training mode, set the trainingMode parameter to false before checking in
java.lang.RuntimeException: Execution failed
	at ptolemy.moml.MoMLSimpleApplication$UnloadThread.run(MoMLSimpleApplication.java:402)
Caused by: ptolemy.kernel.util.IllegalActionException: PublisherPorts cannot be used at the top level, use a Publisher actor instead.
  in .PublisherPortToplevelSubscriber.PublisherPort
	at ptolemy.actor.PublisherPort.preinitialize(PublisherPort.java:403)
	at ptolemy.actor.CompositeActor.preinitialize(CompositeActor.java:1769)
	at ptolemy.actor.Manager.preinitializeAndResolveTypes(Manager.java:1040)
	at ptolemy.actor.Manager.initialize(Manager.java:710)
	at ptolemy.actor.Manager.execute(Manager.java:356)
	at ptolemy.actor.Manager.run(Manager.java:1263)
	at ptolemy.actor.Manager$PtolemyRunThread.run(Manager.java:1933)
java.lang.reflect.InvocationTargetException
	at java.base/jdk.internal.reflect.NativeConstructorAccessorImpl.newInstance0(Native Method)
	at java.base/jdk.internal.reflect.NativeConstructorAccessorImpl.newInstance(NativeConstructorAccessorImpl.java:62)
	at java.base/jdk.internal.reflect.DelegatingConstructorAccessorImpl.newInstance(DelegatingConstructorAccessorImpl.java:45)
	at java.base/java.lang.reflect.Constructor.newInstance(Constructor.java:490)
	at ptolemy.util.test.junit.AutoKnownFailedTests.RunModel(AutoKnownFailedTests.java:105)
	at java.base/jdk.internal.reflect.NativeMethodAccessorImpl.invoke0(Native Method)
	at java.base/jdk.internal.reflect.NativeMethodAccessorImpl.invoke(NativeMethodAccessorImpl.java:62)
	at java.base/jdk.internal.reflect.DelegatingMethodAccessorImpl.invoke(DelegatingMethodAccessorImpl.java:43)
	at java.base/java.lang.reflect.Method.invoke(Method.java:566)
	at org.junit.runners.model.FrameworkMethod$1.runReflectiveCall(FrameworkMethod.java:44)
	at org.junit.internal.runners.model.ReflectiveCallable.run(ReflectiveCallable.java:15)
	at org.junit.runners.model.FrameworkMethod.invokeExplosively(FrameworkMethod.java:41)
	at junitparams.internal.InvokeParameterisedMethod.evaluate(InvokeParameterisedMethod.java:102)
	at org.junit.internal.runners.statements.FailOnTimeout$1.run(FailOnTimeout.java:28)
Caused by: ptolemy.kernel.util.IllegalActionException: PublisherPorts cannot be used at the top level, use a Publisher actor instead.
  in .PublisherPortToplevelSubscriber.PublisherPort
	at ptolemy.actor.PublisherPort.preinitialize(PublisherPort.java:403)
	at ptolemy.actor.CompositeActor.preinitialize(CompositeActor.java:1769)
	at ptolemy.actor.Manager.preinitializeAndResolveTypes(Manager.java:1040)
	at ptolemy.actor.Manager.initialize(Manager.java:710)
	at ptolemy.actor.Manager.execute(Manager.java:356)
	at ptolemy.actor.Manager.run(Manager.java:1263)
	at ptolemy.actor.Manager$PtolemyRunThread.run(Manager.java:1933)
java.lang.RuntimeException: Execution failed
	at ptolemy.moml.MoMLSimpleApplication$UnloadThread.run(MoMLSimpleApplication.java:402)
Caused by: ptolemy.kernel.util.IllegalActionException: SubscriberPorts cannot be used at the top level, use a Subscriber actor instead.
  in .PublisherSubscriberPortToplevel.SubscriberPort
	at ptolemy.actor.SubscriberPort.preinitialize(SubscriberPort.java:328)
	at ptolemy.actor.CompositeActor.preinitialize(CompositeActor.java:1769)
	at ptolemy.actor.Manager.preinitializeAndResolveTypes(Manager.java:1040)
	at ptolemy.actor.Manager.initialize(Manager.java:710)
	at ptolemy.actor.Manager.execute(Manager.java:356)
	at ptolemy.actor.Manager.run(Manager.java:1263)
	at ptolemy.actor.Manager$PtolemyRunThread.run(Manager.java:1933)
java.lang.reflect.InvocationTargetException
	at java.base/jdk.internal.reflect.NativeConstructorAccessorImpl.newInstance0(Native Method)
	at java.base/jdk.internal.reflect.NativeConstructorAccessorImpl.newInstance(NativeConstructorAccessorImpl.java:62)
	at java.base/jdk.internal.reflect.DelegatingConstructorAccessorImpl.newInstance(DelegatingConstructorAccessorImpl.java:45)
	at java.base/java.lang.reflect.Constructor.newInstance(Constructor.java:490)
	at ptolemy.util.test.junit.AutoKnownFailedTests.RunModel(AutoKnownFailedTests.java:105)
	at java.base/jdk.internal.reflect.NativeMethodAccessorImpl.invoke0(Native Method)
	at java.base/jdk.internal.reflect.NativeMethodAccessorImpl.invoke(NativeMethodAccessorImpl.java:62)
	at java.base/jdk.internal.reflect.DelegatingMethodAccessorImpl.invoke(DelegatingMethodAccessorImpl.java:43)
	at java.base/java.lang.reflect.Method.invoke(Method.java:566)
	at org.junit.runners.model.FrameworkMethod$1.runReflectiveCall(FrameworkMethod.java:44)
	at org.junit.internal.runners.model.ReflectiveCallable.run(ReflectiveCallable.java:15)
	at org.junit.runners.model.FrameworkMethod.invokeExplosively(FrameworkMethod.java:41)
	at junitparams.internal.InvokeParameterisedMethod.evaluate(InvokeParameterisedMethod.java:102)
	at org.junit.internal.runners.statements.FailOnTimeout$1.run(FailOnTimeout.java:28)
Caused by: ptolemy.kernel.util.IllegalActionException: SubscriberPorts cannot be used at the top level, use a Subscriber actor instead.
  in .PublisherSubscriberPortToplevel.SubscriberPort
	at ptolemy.actor.SubscriberPort.preinitialize(SubscriberPort.java:328)
	at ptolemy.actor.CompositeActor.preinitialize(CompositeActor.java:1769)
	at ptolemy.actor.Manager.preinitializeAndResolveTypes(Manager.java:1040)
	at ptolemy.actor.Manager.initialize(Manager.java:710)
	at ptolemy.actor.Manager.execute(Manager.java:356)
	at ptolemy.actor.Manager.run(Manager.java:1263)
	at ptolemy.actor.Manager$PtolemyRunThread.run(Manager.java:1933)
java.lang.RuntimeException: Execution failed
	at ptolemy.moml.MoMLSimpleApplication$UnloadThread.run(MoMLSimpleApplication.java:402)
Caused by: ptolemy.kernel.util.IllegalActionException: SubscriptionAggregatorPorts cannot be used at the top level, use a SubscriptionAggregator actor instead.
  in .PublisherSubscriptionAggregatorPort.SubscriptionAggregatorPort
	at ptolemy.actor.SubscriptionAggregatorPort.preinitialize(SubscriptionAggregatorPort.java:353)
	at ptolemy.actor.CompositeActor.preinitialize(CompositeActor.java:1769)
	at ptolemy.actor.Manager.preinitializeAndResolveTypes(Manager.java:1040)
	at ptolemy.actor.Manager.initialize(Manager.java:710)
	at ptolemy.actor.Manager.execute(Manager.java:356)
	at ptolemy.actor.Manager.run(Manager.java:1263)
	at ptolemy.actor.Manager$PtolemyRunThread.run(Manager.java:1933)
java.lang.reflect.InvocationTargetException
	at java.base/jdk.internal.reflect.NativeConstructorAccessorImpl.newInstance0(Native Method)
	at java.base/jdk.internal.reflect.NativeConstructorAccessorImpl.newInstance(NativeConstructorAccessorImpl.java:62)
	at java.base/jdk.internal.reflect.DelegatingConstructorAccessorImpl.newInstance(DelegatingConstructorAccessorImpl.java:45)
	at java.base/java.lang.reflect.Constructor.newInstance(Constructor.java:490)
	at ptolemy.util.test.junit.AutoKnownFailedTests.RunModel(AutoKnownFailedTests.java:105)
	at java.base/jdk.internal.reflect.NativeMethodAccessorImpl.invoke0(Native Method)
	at java.base/jdk.internal.reflect.NativeMethodAccessorImpl.invoke(NativeMethodAccessorImpl.java:62)
	at java.base/jdk.internal.reflect.DelegatingMethodAccessorImpl.invoke(DelegatingMethodAccessorImpl.java:43)
	at java.base/java.lang.reflect.Method.invoke(Method.java:566)
	at org.junit.runners.model.FrameworkMethod$1.runReflectiveCall(FrameworkMethod.java:44)
	at org.junit.internal.runners.model.ReflectiveCallable.run(ReflectiveCallable.java:15)
	at org.junit.runners.model.FrameworkMethod.invokeExplosively(FrameworkMethod.java:41)
	at junitparams.internal.InvokeParameterisedMethod.evaluate(InvokeParameterisedMethod.java:102)
	at org.junit.internal.runners.statements.FailOnTimeout$1.run(FailOnTimeout.java:28)
Caused by: ptolemy.kernel.util.IllegalActionException: SubscriptionAggregatorPorts cannot be used at the top level, use a SubscriptionAggregator actor instead.
  in .PublisherSubscriptionAggregatorPort.SubscriptionAggregatorPort
	at ptolemy.actor.SubscriptionAggregatorPort.preinitialize(SubscriptionAggregatorPort.java:353)
	at ptolemy.actor.CompositeActor.preinitialize(CompositeActor.java:1769)
	at ptolemy.actor.Manager.preinitializeAndResolveTypes(Manager.java:1040)
	at ptolemy.actor.Manager.initialize(Manager.java:710)
	at ptolemy.actor.Manager.execute(Manager.java:356)
	at ptolemy.actor.Manager.run(Manager.java:1263)
	at ptolemy.actor.Manager$PtolemyRunThread.run(Manager.java:1933)
java.lang.RuntimeException: Execution failed
	at ptolemy.moml.MoMLSimpleApplication$UnloadThread.run(MoMLSimpleApplication.java:402)
Caused by: ptolemy.kernel.util.IllegalActionException: TypeTest actor has no training data.
  in .sizedarray3.TypeTest
	at ptolemy.actor.lib.TypeTest.initialize(TypeTest.java:250)
	at ptolemy.actor.Director.initialize(Director.java:938)
	at ptolemy.actor.Director.initialize(Director.java:907)
	at ptolemy.actor.sched.StaticSchedulingDirector.initialize(StaticSchedulingDirector.java:159)
	at ptolemy.domains.sdf.kernel.SDFDirector.initialize(SDFDirector.java:544)
	at ptolemy.actor.CompositeActor.initialize(CompositeActor.java:935)
	at ptolemy.actor.Manager.initialize(Manager.java:724)
	at ptolemy.actor.Manager.execute(Manager.java:356)
	at ptolemy.actor.Manager.run(Manager.java:1263)
	at ptolemy.actor.Manager$PtolemyRunThread.run(Manager.java:1933)
java.lang.reflect.InvocationTargetException
	at java.base/jdk.internal.reflect.NativeConstructorAccessorImpl.newInstance0(Native Method)
	at java.base/jdk.internal.reflect.NativeConstructorAccessorImpl.newInstance(NativeConstructorAccessorImpl.java:62)
	at java.base/jdk.internal.reflect.DelegatingConstructorAccessorImpl.newInstance(DelegatingConstructorAccessorImpl.java:45)
	at java.base/java.lang.reflect.Constructor.newInstance(Constructor.java:490)
	at ptolemy.util.test.junit.AutoKnownFailedTests.RunModel(AutoKnownFailedTests.java:105)
	at java.base/jdk.internal.reflect.NativeMethodAccessorImpl.invoke0(Native Method)
	at java.base/jdk.internal.reflect.NativeMethodAccessorImpl.invoke(NativeMethodAccessorImpl.java:62)
	at java.base/jdk.internal.reflect.DelegatingMethodAccessorImpl.invoke(DelegatingMethodAccessorImpl.java:43)
	at java.base/java.lang.reflect.Method.invoke(Method.java:566)
	at org.junit.runners.model.FrameworkMethod$1.runReflectiveCall(FrameworkMethod.java:44)
	at org.junit.internal.runners.model.ReflectiveCallable.run(ReflectiveCallable.java:15)
	at org.junit.runners.model.FrameworkMethod.invokeExplosively(FrameworkMethod.java:41)
	at junitparams.internal.InvokeParameterisedMethod.evaluate(InvokeParameterisedMethod.java:102)
	at org.junit.internal.runners.statements.FailOnTimeout$1.run(FailOnTimeout.java:28)
Caused by: ptolemy.kernel.util.IllegalActionException: TypeTest actor has no training data.
  in .sizedarray3.TypeTest
	at ptolemy.actor.lib.TypeTest.initialize(TypeTest.java:250)
	at ptolemy.actor.Director.initialize(Director.java:938)
	at ptolemy.actor.Director.initialize(Director.java:907)
	at ptolemy.actor.sched.StaticSchedulingDirector.initialize(StaticSchedulingDirector.java:159)
	at ptolemy.domains.sdf.kernel.SDFDirector.initialize(SDFDirector.java:544)
	at ptolemy.actor.CompositeActor.initialize(CompositeActor.java:935)
	at ptolemy.actor.Manager.initialize(Manager.java:724)
	at ptolemy.actor.Manager.execute(Manager.java:356)
	at ptolemy.actor.Manager.run(Manager.java:1263)
	at ptolemy.actor.Manager$PtolemyRunThread.run(Manager.java:1933)
]]></system-err>
</testsuite>
