<?xml version="1.0" encoding="UTF-8" ?>
<testsuite errors="0" failures="0" hostname="travis-job-b25e4da9-1b52-4f62-aa3e-503967e4db55" name="ptolemy.actor.lib.test.junit.JUnitTclTest" skipped="0" tests="517" time="58.877" timestamp="2020-04-04T13:47:48">
  <properties>
    <property name="npm.executable" value="npm" />
    <property name="env.TRAVIS_ROOT" value="/" />
    <property name="ptII.mk.exists" value="true" />
    <property name="env.TRAVIS_APP_HOST" value="build.travis-ci.org" />
    <property name="env.rvm_bin_path" value="/home/travis/.rvm/bin" />
    <property name="java.home" value="/usr/local/lib/jvm/openjdk11" />
    <property name="env.TRAVIS_JOB_NUMBER" value="1591.8" />
    <property name="env.TRAVIS_HOME" value="/home/travis" />
    <property name="env.DISPLAY" value=":99.0" />
    <property name="env.TRAVIS_INIT" value="systemd" />
    <property name="env.SSH_TTY" value="/dev/pts/0" />
    <property name="java.net.preferIPv4Stack" value="true" />
    <property name="env.RUN_TESTS" value="true" />
    <property name="timeout.short" value="1000000" />
    <property name="junit.formatter" value="xml" />
    <property name="env.TRAVIS_SUDO" value="true" />
    <property name="env.TRAVIS_JOB_NAME" value="" />
    <property name="env.TRAVIS_STACK_NODE_ATTRIBUTES" value="/.node-attributes.yml" />
    <property name="env.LOGNAME" value="travis" />
    <property name="env.PT_TRAVIS_TEST_CORE1_XML" value="true" />
    <property name="jsdoc.home" value="node_modules/@terraswarm/jsdoc" />
    <property name="debuglevel" value="source,lines,vars" />
    <property name="checkstyle.formatter" value="xml" />
    <property name="env._system_version" value="16.04" />
    <property name="bin.vergil.makeable" value="true" />
    <property name="sun.os.patch.level" value="unknown" />
    <property name="java.vendor.url" value="http://java.oracle.com/" />
    <property name="env.TRAVIS_BUILD_WEB_URL" value="https://travis-ci.org/icyphy/ptII/builds/670932936" />
    <property name="java.version" value="11.0.2" />
    <property name="env.TZ" value="UTC" />
    <property name="env.TRAVIS_PULL_REQUEST_SHA" value="" />
    <property name="env.PT_NO_NET" value="true" />
    <property name="env.TRAVIS_SECURE_ENV_VARS" value="true" />
    <property name="env._system_type" value="Linux" />
    <property name="java.vendor.url.bug" value="http://bugreport.java.com/bugreport/" />
    <property name="npmjs-org-is-up" value="true" />
    <property name="env.LANGUAGE" value="en_US.UTF-8" />
    <property name="env.SSH_CLIENT" value="10.16.0.33 42924 22" />
    <property name="env.GEM_HOME" value="/home/travis/.rvm/gems/ruby-2.5.3" />
    <property name="env.HAS_ANTARES_THREE_LITTLE_FRONZIES_BADGE" value="true" />
    <property name="java.version.date" value="2019-01-15" />
    <property name="env.PS4" value="+" />
    <property name="ant.project.invoked-targets" value="build,test.core1.xml" />
    <property name="env.TRAVIS_PULL_REQUEST_BRANCH" value="" />
    <property name="env.TRAVIS_REPO_SLUG" value="icyphy/ptII" />
    <property name="env.XDG_DATA_DIRS" value="/usr/local/share:/usr/share:/var/lib/snapd/desktop" />
    <property name="jdk.debug" value="release" />
    <property name="env.TRAVIS_APT_PROXY" value="http://build-cache.travisci.net" />
    <property name="env.TRAVIS_CPU_ARCH" value="amd64" />
    <property name="node.in.path" value="true" />
    <property name="user.name" value="travis" />
    <property name="java.maxmemory" value="1400m" />
    <property name="env.RUBY_VERSION" value="ruby-2.5.3" />
    <property name="env.LANG" value="en_US.UTF-8" />
    <property name="sun.io.unicode.encoding" value="UnicodeLittle" />
    <property name="sun.jnu.encoding" value="UTF-8" />
    <property name="java.runtime.name" value="OpenJDK Runtime Environment" />
    <property name="usefile" value="false" />
    <property name="return.code" value="0" />
    <property name="junit.single.formatter" value="plain" />
    <property name="env.DYLD_LIBRARY_PATH" value="/home/travis/pthla/certi-tools/lib:" />
    <property name="env.DEBIAN_FRONTEND" value="noninteractive" />
    <property name="env.SSH_CONNECTION" value="10.16.0.33 42924 10.20.0.198 22" />
    <property name="env.MYSQL_UNIX_PORT" value="/var/run/mysqld/mysqld.sock" />
    <property name="env.LC_ALL" value="en_US.UTF-8" />
    <property name="env.TRAVIS_ALLOW_FAILURE" value="" />
    <property name="env.TRAVIS_JOB_WEB_URL" value="https://travis-ci.org/icyphy/ptII/jobs/670932944" />
    <property name="java.specification.name" value="Java Platform API Specification" />
    <property name="node.works" value="true" />
    <property name="user.timezone" value="" />
    <property name="path.separator" value=":" />
    <property name="env.TRAVIS_ENABLE_INFRA_DETECTION" value="true" />
    <property name="env.PYTHON_CFLAGS" value="-g -fstack-protector --param=ssp-buffer-size=4 -Wformat -Werror=format-security" />
    <property name="timeout.long" value="4000000" />
    <property name="env.CERTI_HOME" value="/home/travis/pthla/certi-tools" />
    <property name="ant.file.ptII" value="/home/travis/build/icyphy/ptII/build.xml" />
    <property name="javadoc.packagenames" value="com.*,diva.*,lbnl.*,org.hlacerti.*,org.json.*,org.ptolemy.*,org.terraswarm.*,ptolemy.*,ptserver.*" />
    <property name="file.encoding" value="UTF-8" />
    <property name="env.TRAVIS_PULL_REQUEST_SLUG" value="" />
    <property name="ant.project.default-target" value="build" />
    <property name="env.GIT_ASKPASS" value="echo" />
    <property name="env.HOME" value="/home/travis" />
    <property name="sun.java.command" value="org.apache.tools.ant.taskdefs.optional.junit.JUnitTestRunner ptolemy.actor.lib.test.junit.JUnitTclTest skipNonTests=false filtertrace=true haltOnError=false haltOnFailure=false formatter=org.apache.tools.ant.taskdefs.optional.junit.OutErrSummaryJUnitResultFormatter showoutput=true outputtoformatters=true logfailedtests=true threadid=0 logtestlistenerevents=false formatter=org.apache.tools.ant.taskdefs.optional.junit.XMLJUnitResultFormatter,/home/travis/build/icyphy/ptII/reports/junit/TEST-ptolemy.actor.lib.test.junit.JUnitTclTest.xml crashfile=/home/travis/build/icyphy/ptII/junitvmwatcher1724806730553047959.properties propsfile=/home/travis/build/icyphy/ptII/junit4046926486290884032.properties" />
    <property name="env.COMPOSER_NO_INTERACTION" value="1" />
    <property name="env.MANPATH" value="/home/travis/.nvm/versions/node/v7.10.1/share/man:/home/travis/.rvm/rubies/ruby-2.5.3/share/man:/usr/local/cmake-3.12.4/man:/usr/local/clang-7.0.0/share/man:/usr/local/man:/usr/local/share/man:/usr/share/man:/home/travis/.rvm/man" />
    <property name="env.TRAVIS_TIMER_ID" value="09622b33" />
    <property name="ant.file" value="/home/travis/build/icyphy/ptII/build.xml" />
    <property name="env.TRAVIS_COMMIT_RANGE" value="3e950cfe0f3c004454147d0a7dfedd7f8d8e77cc...52bfcaaec950ad6b43d11ffdb9cd3f924b0c1f76" />
    <property name="env._system_name" value="Ubuntu" />
    <property name="ptII.classpath.optional.property" value="/home/travis/build/icyphy/ptII/lib/bsh-2.0b4.jar:/home/travis/build/icyphy/ptII/lib/ptCal.jar:/home/travis/build/icyphy/ptII/lib/java_cup.jar:/home/travis/build/icyphy/ptII/lib/saxon8.jar:/home/travis/build/icyphy/ptII/lib/saxon8-dom.jar:/home/travis/build/icyphy/ptII/lib/chic.jar:/home/travis/build/icyphy/ptII/lib/ptcolt.jar:/home/travis/build/icyphy/ptII/vendors/misc/itext/iText.jar:/home/travis/build/icyphy/ptII/lib/g4ltl.jar:/home/travis/build/icyphy/ptII/lib/StructuralCoder.jar:/home/travis/build/icyphy/ptII/lib/jcerti.jar:/home/travis/build/icyphy/ptII/lib/javax.mail.jar:/home/travis/build/icyphy/ptII/vendors/JMF-2.1.1e/lib/jmf.jar:/home/travis/build/icyphy/ptII/lib/jna-4.0.0-variadic.jar:/home/travis/build/icyphy/ptII/vendors/misc/joystick/Joystick.jar:/home/travis/build/icyphy/ptII/lib/ptjacl.jar:/home/travis/build/icyphy/ptII/lib/jsoup-1.8.2.jar:/home/travis/build/icyphy/ptII/lib/junit-4.8.2.jar:/home/travis/build/icyphy/ptII/lib/JUnitParams-0.4.0.jar:/home/travis/build/icyphy/ptII/ptolemy/actor/lib/excel/jxl.jar:/home/travis/build/icyphy/ptII/lib/jython.jar:/home/travis/build/icyphy/ptII/lib/kieler.jar:/home/travis/build/icyphy/ptII/vendors/opencv/share/OpenCV/java/opencv-341.jar:/home/travis/build/icyphy/ptII/lib/oscP5.jar:/home/travis/build/icyphy/ptII/lib/nrjavaserial-3.11.0.devel.jar:/home/travis/build/icyphy/ptII/vendors/j3d/lib/Linux/j3dcore.jar:/home/travis/build/icyphy/ptII/vendors/j3d/lib/Linux/j3dutils.jar:/home/travis/build/icyphy/ptII/vendors/j3d/lib/Linux/vecmath.jar:/home/travis/build/icyphy/ptII/vendors/jogl/lib/Linux/gluegen-rt-natives-linux-amd64.jar:/home/travis/build/icyphy/ptII/vendors/jogl/lib/Linux/gluegen-rt.jar:/home/travis/build/icyphy/ptII/vendors/jogl/lib/Linux/jogl-all-natives-linux-amd64.jar:/home/travis/build/icyphy/ptII/vendors/jogl/lib/Linux/jogl-all.jar:/home/travis/build/icyphy/ptII/ptolemy/distributed/jini/jar/jini-core.jar:/home/travis/build/icyphy/ptII/ptolemy/distributed/jini/jar/jini-ext.jar:/home/travis/build/icyphy/ptII/ptolemy/distributed/jini/jar/sun-util.jar:/home/travis/build/icyphy/ptII/lib/protobuf-java-2.4.1.jar:/home/travis/build/icyphy/ptII/lib/org.eclipse.paho.client.mqttv3.jar:/home/travis/build/icyphy/ptII/lib/mapss.jar:/home/travis/build/icyphy/ptII/ptolemy/actor/ptalon/antlr/antlr.jar:/home/travis/build/icyphy/ptII/lib/JRI.jar:/home/travis/build/icyphy/ptII/lib/commons-lang-2.6.jar:/home/travis/build/icyphy/ptII/lib/commons-logging-1.1.1.jar:/home/travis/build/icyphy/ptII/lib/sootclasses.jar:/home/travis/build/icyphy/ptII/ptolemy/actor/lib/database/mysql-connector-java-5.1.6-bin.jar:/home/travis/build/icyphy/ptII/vendors/misc/sphinx4/sphinx4-data-5prealpha.jar:/home/travis/build/icyphy/ptII/vendors/misc/sphinx4/sphinx4-core-5prealpha.jar:/home/travis/build/icyphy/ptII/lib/PDFRenderer.jar:/home/travis/build/icyphy/ptII/lib/svgSalamander.jar:/home/travis/build/icyphy/ptII/lib/rsyntaxtextarea-2.6.0-SNAPSHOT.jar:/home/travis/build/icyphy/ptII/lib/hazelcast-3.8.2.jar:/home/travis/build/icyphy/ptII/lib/jackson-annotations-2.9.0.jar:/home/travis/build/icyphy/ptII/lib/jackson-core-2.9.3.jar:/home/travis/build/icyphy/ptII/lib/jackson-databind-2.9.3.jar:/home/travis/build/icyphy/ptII/lib/netty-buffer-4.1.19.Final.jar:/home/travis/build/icyphy/ptII/lib/netty-codec-4.1.19.Final.jar:/home/travis/build/icyphy/ptII/lib/netty-codec-dns-4.1.19.Final.jar:/home/travis/build/icyphy/ptII/lib/netty-codec-http-4.1.19.Final.jar:/home/travis/build/icyphy/ptII/lib/netty-codec-http2-4.1.19.Final.jar:/home/travis/build/icyphy/ptII/lib/netty-common-4.1.19.Final.jar:/home/travis/build/icyphy/ptII/lib/netty-handler-4.1.19.Final.jar:/home/travis/build/icyphy/ptII/lib/netty-resolver-4.1.19.Final.jar:/home/travis/build/icyphy/ptII/lib/netty-resolver-dns-4.1.19.Final.jar:/home/travis/build/icyphy/ptII/lib/netty-transport-4.1.19.Final.jar:/home/travis/build/icyphy/ptII/lib/vertx-codegen-3.5.1.jar:/home/travis/build/icyphy/ptII/lib/vertx-core-3.5.2-SNAPSHOT.jar:/home/travis/build/icyphy/ptII/lib/vertx-hazelcast-3.5.1.jar:/home/travis/build/icyphy/ptII/lib/vertx-lang-js-3.5.1.jar:/home/travis/build/icyphy/ptII/lib/vertx-service-proxy-3.5.1.jar:/home/travis/build/icyphy/ptII/lib/vertx-web-3.5.1.jar:/home/travis/build/icyphy/ptII/lib/slf4j-api-1.7.13.jar:/home/travis/build/icyphy/ptII/lib/slf4j-simple-1.7.13.jar:/home/travis/build/icyphy/ptII/lib/webcam-capture-0.3.12.jar:/home/travis/build/icyphy/ptII/lib/bridj-0.7.0.jar:/home/travis/build/icyphy/ptII/lib/xbjlib-1.1.0.nrjavaserial.jar" />
    <property name="timeout" value="2400000" />
    <property name="test.batch" value="**/junit/*.java" />
    <property name="env._" value="/usr/bin/timeout" />
    <property name="java.io.tmpdir" value="/tmp" />
    <property name="user.language" value="en" />
    <property name="env.TRAVIS_INTERNAL_RUBY_REGEX" value="^ruby-(2\.[0-4]\.[0-9]|1\.9\.3)" />
    <property name="env.HISTCONTROL" value="ignoredups:ignorespace" />
    <property name="env.GOROOT" value="/home/travis/.gimme/versions/go1.11.1.linux.amd64" />
    <property name="line.separator" value="&#xa;" />
    <property name="target" value="11" />
    <property name="env.TRAVIS_BUILD_DIR" value="/home/travis/build/icyphy/ptII" />
    <property name="env.ANT_OPTS" value="-Xmx2048m" />
    <property name="ant.file.type" value="file" />
    <property name="ptolemy.ptII.batchMode" value="true" />
    <property name="env.HISTSIZE" value="1000" />
    <property name="env.MERB_ENV" value="test" />
    <property name="java.vm.info" value="mixed mode" />
    <property name="source" value="11" />
    <property name="java.vm.specification.name" value="Java Virtual Machine Specification" />
    <property name="env.TRAVIS_TEST_RESULT" value="0" />
    <property name="jsdoc.command" value="node_modules/@terraswarm/jsdoc/jsdoc.js" />
    <property name="npm.works" value="true" />
    <property name="cobertura.dir" value="/home/travis/build/icyphy/ptII/vendors/cobertura-2.0.3" />
    <property name="jsdoc.command.exists" value="true" />
    <property name="env.rvm_path" value="/home/travis/.rvm" />
    <property name="env.GEM_PATH" value="/home/travis/.rvm/gems/ruby-2.5.3:/home/travis/.rvm/gems/ruby-2.5.3@global" />
    <property name="env.LC_CTYPE" value="en_US.UTF-8" />
    <property name="env.TRAVIS_CMD" value="$PTII/bin/ptIITravisBuild.sh $SECONDS" />
    <property name="java.awt.printerjob" value="sun.print.PSPrinterJob" />
    <property name="env.TRAVIS_STACK_NAME" value="sardonyx" />
    <property name="env.TRAVIS_TIMER_START_TIME" value="1586007489920501352" />
    <property name="ant.version" value="Apache Ant(TM) version 1.10.1 compiled on February 2 2017" />
    <property name="ptII.reports" value="/home/travis/build/icyphy/ptII/reports" />
    <property name="env.TRAVIS_STACK_TIMESTAMP" value="2019-03-25 16:16:56 UTC" />
    <property name="ant.file.type.ptII" value="file" />
    <property name="env.RBENV_SHELL" value="bash" />
    <property name="os.name" value="Linux" />
    <property name="java.specification.vendor" value="Oracle Corporation" />
    <property name="env.rvm_version" value="1.29.7 (latest)" />
    <property name="env.TRAVIS_INFRA" value="unknown" />
    <property name="env.TERM" value="xterm" />
    <property name="java.vm.name" value="OpenJDK 64-Bit Server VM" />
    <property name="env.TRAVIS_BUILD_NUMBER" value="1591" />
    <property name="env.CI" value="true" />
    <property name="java.library.path" value="/home/travis/pthla/certi-tools/lib:/usr/lib/jni:/usr/local/share/OpenCV/java/:/usr/share/OpenCV/java::/usr/java/packages/lib:/usr/lib64:/lib64:/lib:/usr/lib" />
    <property name="jdk.module.path" value="/home/travis/build/icyphy/ptII/vendors/javafx/javafx-sdk-11.0.2/lib:" />
    <property name="env.rvm_prefix" value="/home/travis" />
    <property name="env.PATH" value="/home/travis/pthla/certi-tools/share/scripts:/home/travis/.rvm/gems/ruby-2.5.3/bin:/home/travis/.rvm/gems/ruby-2.5.3@global/bin:/home/travis/.rvm/rubies/ruby-2.5.3/bin:/home/travis/.rvm/bin:/home/travis/.nvm/versions/node/v7.10.1/bin:./node_modules/.bin:/home/travis/build/icyphy/ptII/bin:/home/travis/pthla/certi-tools/bin:/home/travis/bin:/home/travis/.local/bin:/usr/local/lib/jvm/openjdk11/bin:/opt/pyenv/shims:/home/travis/.phpenv/shims:/home/travis/perl5/perlbrew/bin:/home/travis/gopath/bin:/home/travis/.gimme/versions/go1.11.1.linux.amd64/bin:/usr/local/maven-3.6.0/bin:/usr/local/cmake-3.12.4/bin:/usr/local/clang-7.0.0/bin:/usr/local/sbin:/usr/local/bin:/usr/sbin:/usr/bin:/sbin:/bin:/snap/bin:/home/travis/.phpenv/bin:/opt/pyenv/bin:/home/travis/.yarn/bin" />
    <property name="env.TRAVIS_OS_NAME" value="linux" />
    <property name="ant.java.version" value="9" />
    <property name="basedir" value="/home/travis/build/icyphy/ptII" />
    <property name="java.class.version" value="55.0" />
    <property name="env.SHLVL" value="3" />
    <property name="env.LD_LIBRARY_PATH" value="/home/travis/pthla/certi-tools/lib:/usr/lib/jni:/usr/local/share/OpenCV/java/:/usr/share/OpenCV/java:" />
    <property name="env.RACK_ENV" value="test" />
    <property name="ant.home" value="/home/travis/build/icyphy/ptII/ant" />
    <property name="env.NVM_DIR" value="/home/travis/.nvm" />
    <property name="env.CERTI_FOM_PATH" value="/home/travis/pthla/certi-tools/share/federations" />
    <property name="env.TRAVIS_BUILD_ID" value="670932936" />
    <property name="env.PYENV_ROOT" value="/opt/pyenv" />
    <property name="env.TRAVIS_UID" value="2000" />
    <property name="prism.verbose" value="true" />
    <property name="env.NVM_BIN" value="/home/travis/.nvm/versions/node/v7.10.1/bin" />
    <property name="env.TRAVIS_COMMIT" value="52bfcaaec950ad6b43d11ffdb9cd3f924b0c1f76" />
    <property name="env._system_arch" value="x86_64" />
    <property name="node.executable" value="node" />
    <property name="sun.boot.library.path" value="/usr/local/lib/jvm/openjdk11/lib" />
    <property name="sun.management.compiler" value="HotSpot 64-Bit Tiered Compilers" />
    <property name="java.awt.graphicsenv" value="sun.awt.X11GraphicsEnvironment" />
    <property name="env.GOPATH" value="/home/travis/gopath" />
    <property name="ptolemy.ptII.dir" value="/home/travis/build/icyphy/ptII" />
    <property name="env.USER" value="travis" />
    <property name="env.HISTFILESIZE" value="2000" />
    <property name="env.NVM_INC" value="/home/travis/.nvm/versions/node/v7.10.1/include/node" />
    <property name="timeout.longest" value="19000000" />
    <property name="env.PERLBREW_SHELLRC_VERSION" value="0.86" />
    <property name="env.TRAVIS_STACK_FEATURES" value="basic couchdb disabled-ipv6 docker docker-compose elasticsearch firefox go-toolchain google-chrome jdk memcached mongodb mysql nodejs_interpreter perl_interpreter perlbrew phantomjs postgresql python_interpreter redis ruby_interpreter sqlite xserver" />
    <property name="env.TRAVIS_PULL_REQUEST" value="false" />
    <property name="env.PYENV_SHELL" value="bash" />
    <property name="ant.project.name" value="ptII" />
    <property name="env.ANSI_RESET" value="\033[0m" />
    <property name="java.vm.specification.version" value="11" />
    <property name="env.TRAVIS_DIST" value="xenial" />
    <property name="env.CERTI_VERSION" value="4.0.0" />
    <property name="env.CERTI_HOST" value="localhost" />
    <property name="awt.toolkit" value="sun.awt.X11.XToolkit" />
    <property name="env.MY_RUBY_HOME" value="/home/travis/.rvm/rubies/ruby-2.5.3" />
    <property name="sun.cpu.isalist" value="" />
    <property name="env.TRAVIS_TMPDIR" value="/tmp/tmp.QRvbRiIzqe" />
    <property name="java.vm.compressedOopsMode" value="Zero based" />
    <property name="os.version" value="4.15.0-1028-gcp" />
    <property name="user.home" value="/home/travis" />
    <property name="java.vm.vendor" value="Oracle Corporation" />
    <property name="env.TRAVIS_TAG" value="nightly" />
    <property name="env.ANSI_YELLOW" value="\033[33;1m" />
    <property name="env.TRAVIS_FILTERED" value="redirect_io" />
    <property name="env.ANSI_GREEN" value="\033[32;1m" />
    <property name="env.JAVA_HOME" value="/usr/local/lib/jvm/openjdk11" />
    <property name="javadoc.excludepackagenames" value="adm.cvs2svn.*,build.*,config.*,doc.coding.templates.*,jni.test.jni.meaningOfLife.*,jni.test.jni.testDeux.*,jni.test.jni.testTrois.*,org.terraswarm.accessor.accessors.web.node_modules.*,org.terraswarm.accessor.accessors.web.hosts.cordova.demo.*,org.terraswarm.accessor.accessors.web.hosts.cordova.plugins.*,org.terraswarm.accessor.accessors-svn.*,pt-modules.*,ptolemy.apps.agilent.*,ptolemy.apps.anytimecontrol.*,ptolemy.apps.apes.*,ptolemy.apps.charon.*,ptolemy.apps.crazyboard.*,ptolemy.apps.eclipse.*,ptolemy.apps.etherealSting.*,ptolemy.apps.fullscreen.*,ptolemy.apps.giotto.*,ptolemy.apps.ia.*,ptolemy.apps.interfaces.*,ptolemy.apps.jmf.*,ptolemy.apps.kurt.*,ptolemy.apps.kvm.*,ptolemy.apps.lego.*,ptolemy.apps.lejos.*,ptolemy.apps.midp.*,ptolemy.apps.mobileCoding.*,ptolemy.apps.pendulum.*,ptolemy.apps.rijndael.*,ptolemy.apps.robot.*,ptolemy.apps.security.*,ptolemy.apps.sobel.*,ptolemy.apps.soot.*,ptolemy.apps.throttle.*,ptolemy.apps.tini.*,ptolemy.apps.transmission.*,ptolemy.apps.vergil.*,ptolemy.apps.waba.*,ptolemy.apps.websensor.*,ptolemy.apps.webstart.*,ptolemy.apps.xsl.*,ptolemy.apps.zaurus.*,ptolemy.codegen.c.actor.lib.oldJavaFiles.*,ptolemy.codegen.dsp.lib.*,ptolemy.codegen.kernel.newInterfaces.*,ptolemy.codegen.lib.*,ptolemy.copernicus.kernel.fragment.*,ptolemy.copernicus.shallow.cg.*,ptolemy.domains.giotto.demo.Hierarchy.Hierarchy.*,ptolemy.domains.giotto.demo.Multimode.Multimode.*,ptolemy.domains.giotto.demo.Simple.Simple.*,ptolemy.domains.gr.lib.experimental.*,ptolemy.domains.gro.*,ptolemy.domains.pdf.*,ptolemy.domains.ptinyos.demo.Surge.output.*,ptolemy.moml.test.NoPackageActor.java*,ptolemy.plot.adm.*,ptolemy.plot.servlet.*,reports.*,signed.*,src.*,target.*,vendors.*,ptolemy.copernicus.applet.*,ptolemy.media.viewer.*,ptolemy.actor.corba.*,doc.doclets.*,ptolemy.apps.eclipse.awt.*,ptolemy.backtrack.*,ptolemy.backtrack.ast.*,ptolemy.cg.adapter.generic.program.procedural.c.mbed*,ptolemy.homer.*,ptolemy.actor.lib.jai.*,org.ptolemy.scala.*,diva.util.java2d.svg.*,ptolemy.domains.ptinyos.*,ptolemy.actor.lib.fmi.fmipp.*,,org.terraswarm.accessor.accessors.web.node_modules.*,org.terraswarm.accessor.accessors-svn,ptolemy.apps.*,ptolemy.actor.ptalon.demo.ptinyos.SendAndReceiveCnt.output,ptolemy.actor.ptalon.demo.ptinyos.SenseToLeds.output,ptolemy.domains.ptinyos.demo.CntToLedsAndRfm.output,ptolemy.domains.ptinyos.demo.RfmToLeds.output,ptolemy.domains.ptinyos.demo.SendAndReceiveCnt.output,ptolemy.domains.ptinyos.demo.SenseToLeds.output,ptolemy.actor.lib.jjs.modules.udpSocket.*" />
    <property name="env.PTII" value="/home/travis/build/icyphy/ptII" />
    <property name="env.XDG_SESSION_ID" value="2" />
    <property name="keystore" value="ptKeystore" />
    <property name="env.TRAVIS_COMMIT_MESSAGE" value="Updating models using array data type." />
    <property name="junit.output.dir" value="/home/travis/build/icyphy/ptII/reports/junit" />
    <property name="npm.return.code" value="0" />
    <property name="user.dir" value="/home/travis/build/icyphy/ptII/ptolemy/actor/lib/test" />
    <property name="env.TRAVIS_NODE_VERSION" value="7" />
    <property name="env.TRAVIS_EVENT_TYPE" value="cron" />
    <property name="env.MAIL" value="/var/mail/travis" />
    <property name="env.PERLBREW_ROOT" value="/home/travis/perl5/perlbrew" />
    <property name="env.PWD" value="/home/travis/build/icyphy/ptII" />
    <property name="timeout.npm" value="45000" />
    <property name="env.TRAVIS_ARCH" value="amd64" />
    <property name="sun.cpu.endian" value="little" />
    <property name="env.PAGER" value="cat" />
    <property name="env.TRAVIS_BUILD_STAGE_NAME" value="test" />
    <property name="env.PERLBREW_HOME" value="/home/travis/.perlbrew" />
    <property name="java.vm.version" value="11.0.2+9" />
    <property name="env.RAILS_ENV" value="test" />
    <property name="java.class.path" value="/home/travis/.ptolemyII:/home/travis/.ptolemyII/*:/home/travis/build/icyphy/ptII:/home/travis/build/icyphy/ptII/lib/bsh-2.0b4.jar:/home/travis/build/icyphy/ptII/lib/ptCal.jar:/home/travis/build/icyphy/ptII/lib/java_cup.jar:/home/travis/build/icyphy/ptII/lib/saxon8.jar:/home/travis/build/icyphy/ptII/lib/saxon8-dom.jar:/home/travis/build/icyphy/ptII/lib/chic.jar:/home/travis/build/icyphy/ptII/lib/ptcolt.jar:/home/travis/build/icyphy/ptII/vendors/misc/itext/iText.jar:/home/travis/build/icyphy/ptII/lib/g4ltl.jar:/home/travis/build/icyphy/ptII/lib/StructuralCoder.jar:/home/travis/build/icyphy/ptII/lib/jcerti.jar:/home/travis/build/icyphy/ptII/lib/javax.mail.jar:/home/travis/build/icyphy/ptII/vendors/JMF-2.1.1e/lib/jmf.jar:/home/travis/build/icyphy/ptII/lib/jna-4.0.0-variadic.jar:/home/travis/build/icyphy/ptII/vendors/misc/joystick/Joystick.jar:/home/travis/build/icyphy/ptII/lib/ptjacl.jar:/home/travis/build/icyphy/ptII/lib/jsoup-1.8.2.jar:/home/travis/build/icyphy/ptII/lib/junit-4.8.2.jar:/home/travis/build/icyphy/ptII/lib/JUnitParams-0.4.0.jar:/home/travis/build/icyphy/ptII/ptolemy/actor/lib/excel/jxl.jar:/home/travis/build/icyphy/ptII/lib/jython.jar:/home/travis/build/icyphy/ptII/lib/kieler.jar:/home/travis/build/icyphy/ptII/vendors/opencv/share/OpenCV/java/opencv-341.jar:/home/travis/build/icyphy/ptII/lib/oscP5.jar:/home/travis/build/icyphy/ptII/lib/nrjavaserial-3.11.0.devel.jar:/home/travis/build/icyphy/ptII/vendors/j3d/lib/Linux/j3dcore.jar:/home/travis/build/icyphy/ptII/vendors/j3d/lib/Linux/j3dutils.jar:/home/travis/build/icyphy/ptII/vendors/j3d/lib/Linux/vecmath.jar:/home/travis/build/icyphy/ptII/vendors/jogl/lib/Linux/gluegen-rt-natives-linux-amd64.jar:/home/travis/build/icyphy/ptII/vendors/jogl/lib/Linux/gluegen-rt.jar:/home/travis/build/icyphy/ptII/vendors/jogl/lib/Linux/jogl-all-natives-linux-amd64.jar:/home/travis/build/icyphy/ptII/vendors/jogl/lib/Linux/jogl-all.jar:/home/travis/build/icyphy/ptII/ptolemy/distributed/jini/jar/jini-core.jar:/home/travis/build/icyphy/ptII/ptolemy/distributed/jini/jar/jini-ext.jar:/home/travis/build/icyphy/ptII/ptolemy/distributed/jini/jar/sun-util.jar:/home/travis/build/icyphy/ptII/lib/protobuf-java-2.4.1.jar:/home/travis/build/icyphy/ptII/lib/org.eclipse.paho.client.mqttv3.jar:/home/travis/build/icyphy/ptII/lib/mapss.jar:/home/travis/build/icyphy/ptII/ptolemy/actor/ptalon/antlr/antlr.jar:/home/travis/build/icyphy/ptII/lib/JRI.jar:/home/travis/build/icyphy/ptII/lib/commons-lang-2.6.jar:/home/travis/build/icyphy/ptII/lib/commons-logging-1.1.1.jar:/home/travis/build/icyphy/ptII/lib/sootclasses.jar:/home/travis/build/icyphy/ptII/ptolemy/actor/lib/database/mysql-connector-java-5.1.6-bin.jar:/home/travis/build/icyphy/ptII/vendors/misc/sphinx4/sphinx4-data-5prealpha.jar:/home/travis/build/icyphy/ptII/vendors/misc/sphinx4/sphinx4-core-5prealpha.jar:/home/travis/build/icyphy/ptII/lib/PDFRenderer.jar:/home/travis/build/icyphy/ptII/lib/svgSalamander.jar:/home/travis/build/icyphy/ptII/lib/rsyntaxtextarea-2.6.0-SNAPSHOT.jar:/home/travis/build/icyphy/ptII/lib/hazelcast-3.8.2.jar:/home/travis/build/icyphy/ptII/lib/jackson-annotations-2.9.0.jar:/home/travis/build/icyphy/ptII/lib/jackson-core-2.9.3.jar:/home/travis/build/icyphy/ptII/lib/jackson-databind-2.9.3.jar:/home/travis/build/icyphy/ptII/lib/netty-buffer-4.1.19.Final.jar:/home/travis/build/icyphy/ptII/lib/netty-codec-4.1.19.Final.jar:/home/travis/build/icyphy/ptII/lib/netty-codec-dns-4.1.19.Final.jar:/home/travis/build/icyphy/ptII/lib/netty-codec-http-4.1.19.Final.jar:/home/travis/build/icyphy/ptII/lib/netty-codec-http2-4.1.19.Final.jar:/home/travis/build/icyphy/ptII/lib/netty-common-4.1.19.Final.jar:/home/travis/build/icyphy/ptII/lib/netty-handler-4.1.19.Final.jar:/home/travis/build/icyphy/ptII/lib/netty-resolver-4.1.19.Final.jar:/home/travis/build/icyphy/ptII/lib/netty-resolver-dns-4.1.19.Final.jar:/home/travis/build/icyphy/ptII/lib/netty-transport-4.1.19.Final.jar:/home/travis/build/icyphy/ptII/lib/vertx-codegen-3.5.1.jar:/home/travis/build/icyphy/ptII/lib/vertx-core-3.5.2-SNAPSHOT.jar:/home/travis/build/icyphy/ptII/lib/vertx-hazelcast-3.5.1.jar:/home/travis/build/icyphy/ptII/lib/vertx-lang-js-3.5.1.jar:/home/travis/build/icyphy/ptII/lib/vertx-service-proxy-3.5.1.jar:/home/travis/build/icyphy/ptII/lib/vertx-web-3.5.1.jar:/home/travis/build/icyphy/ptII/lib/slf4j-api-1.7.13.jar:/home/travis/build/icyphy/ptII/lib/slf4j-simple-1.7.13.jar:/home/travis/build/icyphy/ptII/lib/webcam-capture-0.3.12.jar:/home/travis/build/icyphy/ptII/lib/bridj-0.7.0.jar:/home/travis/build/icyphy/ptII/lib/xbjlib-1.1.0.nrjavaserial.jar:/home/travis/build/icyphy/ptII/ptolemy/moml/test:/home/travis/build/icyphy/ptII/ant/lib/ant-launcher.jar:/home/travis/build/icyphy/ptII/ant/lib/ant.jar:/home/travis/build/icyphy/ptII/ant/lib/ant-junit.jar:/home/travis/build/icyphy/ptII/ant/lib/ant-junit4.jar" />
    <property name="ant.library.dir" value="/home/travis/build/icyphy/ptII/ant/lib" />
    <property name="os.arch" value="amd64" />
    <property name="env.CONTINUOUS_INTEGRATION" value="true" />
    <property name="env.TRAVIS_LANGUAGE" value="node_js" />
    <property name="env.TRAVIS_STACK_LANGUAGES" value="__sardonyx__ c c++ clojure cplusplus cpp default generic go groovy java node_js php pure_java python ruby scala" />
    <property name="test.name" value="ptolemy.actor.lib.test.junit.JUnitTclTest" />
    <property name="env.APT_KEY_DONT_WARN_ON_DANGEROUS_USAGE" value="1" />
    <property name="sun.java.launcher" value="SUN_STANDARD" />
    <property name="env.PYTHON_CONFIGURE_OPTS" value="--enable-unicode=ucs4 --with-wide-unicode --enable-shared --enable-ipv6 --enable-loadable-sqlite-extensions --with-computed-gotos" />
    <property name="ant.core.lib" value="/home/travis/build/icyphy/ptII/ant/lib/ant.jar" />
    <property name="java.vm.specification.vendor" value="Oracle Corporation" />
    <property name="env.BCVTB_HOME" value="/home/travis/build/icyphy/ptII/lbnl" />
    <property name="file.separator" value="/" />
    <property name="spotbugs.home" value="/home/travis/build/icyphy/ptII/vendors/spotbugs-3.1.1" />
    <property name="java.runtime.version" value="11.0.2+9" />
    <property name="env.ANSI_CLEAR" value="\033[0K" />
    <property name="javafx.verbose" value="true" />
    <property name="env.HAS_JOSH_K_SEAL_OF_APPROVAL" value="true" />
    <property name="env.XDG_RUNTIME_DIR" value="/run/user/2000" />
    <property name="env.TRAVIS_OSX_IMAGE" value="" />
    <property name="env.TRAVIS_JOB_ID" value="670932944" />
    <property name="env.TRAVIS_BRANCH" value="master" />
    <property name="user.country" value="US" />
    <property name="env.CERTI_HOME_TRAVIS" value="/home/travis/pthla/certi-tools" />
    <property name="env.SHELL" value="/bin/bash" />
    <property name="java.maxmemory.large" value="3200m" />
    <property name="model" value="" />
    <property name="env.CASHER_DIR" value="/home/travis/.casher" />
    <property name="env.NVM_CD_FLAGS" value="" />
    <property name="java.vendor.version" value="18.9" />
    <property name="jshint.executable" value="/home/travis/node_modules/jshint/bin/jshint" />
    <property name="env.JRUBY_OPTS" value=" --client -J-XX:+TieredCompilation -J-XX:TieredStopAtLevel=1 -J-Xss2m -Xcompile.invokedynamic=false" />
    <property name="java.vendor" value="Oracle Corporation" />
    <property name="env.TRAVIS_PRE_CHEF_BOOTSTRAP_TIME" value="2019-03-25T16:16:42" />
    <property name="env.TRAVIS_STACK_JOB_BOARD_REGISTER" value="/.job-board-register.yml" />
    <property name="env.ANSI_RED" value="\033[31;1m" />
    <property name="java.specification.version" value="11" />
    <property name="env.IRBRC" value="/home/travis/.rvm/rubies/ruby-2.5.3/.irbrc" />
    <property name="env.TRAVIS" value="true" />
    <property name="sun.arch.data.model" value="64" />
  </properties>
  <testcase classname="ptolemy.util.test.junit.TclTests" name="[0] /home/travis/build/icyphy/ptII/ptolemy/actor/lib/test/AbsoluteValue.tcl (RunTclFile)" time="0.467" />
  <testcase classname="ptolemy.util.test.junit.TclTests" name="[1] /home/travis/build/icyphy/ptII/ptolemy/actor/lib/test/AddSubtract.tcl (RunTclFile)" time="0.179" />
  <testcase classname="ptolemy.util.test.junit.TclTests" name="[2] /home/travis/build/icyphy/ptII/ptolemy/actor/lib/test/Average.tcl (RunTclFile)" time="0.053" />
  <testcase classname="ptolemy.util.test.junit.TclTests" name="[3] /home/travis/build/icyphy/ptII/ptolemy/actor/lib/test/Bernoulli.tcl (RunTclFile)" time="0.016" />
  <testcase classname="ptolemy.util.test.junit.TclTests" name="[4] /home/travis/build/icyphy/ptII/ptolemy/actor/lib/test/Clock.tcl (RunTclFile)" time="0.076" />
  <testcase classname="ptolemy.util.test.junit.TclTests" name="[5] /home/travis/build/icyphy/ptII/ptolemy/actor/lib/test/Commutator.tcl (RunTclFile)" time="0.164" />
  <testcase classname="ptolemy.util.test.junit.TclTests" name="[6] /home/travis/build/icyphy/ptII/ptolemy/actor/lib/test/Const.tcl (RunTclFile)" time="0.066" />
  <testcase classname="ptolemy.util.test.junit.TclTests" name="[7] /home/travis/build/icyphy/ptII/ptolemy/actor/lib/test/CurrentTime.tcl (RunTclFile)" time="0.041" />
  <testcase classname="ptolemy.util.test.junit.TclTests" name="[8] /home/travis/build/icyphy/ptII/ptolemy/actor/lib/test/DB.tcl (RunTclFile)" time="0.029" />
  <testcase classname="ptolemy.util.test.junit.TclTests" name="[9] /home/travis/build/icyphy/ptII/ptolemy/actor/lib/test/DiscreteRandomSource.tcl (RunTclFile)" time="0.049" />
  <testcase classname="ptolemy.util.test.junit.TclTests" name="[10] /home/travis/build/icyphy/ptII/ptolemy/actor/lib/test/Distributor.tcl (RunTclFile)" time="0.069" />
  <testcase classname="ptolemy.util.test.junit.TclTests" name="[11] /home/travis/build/icyphy/ptII/ptolemy/actor/lib/test/Exit.tcl (RunTclFile)" time="0.106" />
  <testcase classname="ptolemy.util.test.junit.TclTests" name="[12] /home/travis/build/icyphy/ptII/ptolemy/actor/lib/test/Expression.tcl (RunTclFile)" time="0.113" />
  <testcase classname="ptolemy.util.test.junit.TclTests" name="[13] /home/travis/build/icyphy/ptII/ptolemy/actor/lib/test/Gaussian.tcl (RunTclFile)" time="0.565" />
  <testcase classname="ptolemy.util.test.junit.TclTests" name="[14] /home/travis/build/icyphy/ptII/ptolemy/actor/lib/test/IIR.tcl (RunTclFile)" time="0.02" />
  <testcase classname="ptolemy.util.test.junit.TclTests" name="[15] /home/travis/build/icyphy/ptII/ptolemy/actor/lib/test/Interpolator.tcl (RunTclFile)" time="0.045" />
  <testcase classname="ptolemy.util.test.junit.TclTests" name="[16] /home/travis/build/icyphy/ptII/ptolemy/actor/lib/test/MathFunction.tcl (RunTclFile)" time="0.049" />
  <testcase classname="ptolemy.util.test.junit.TclTests" name="[17] /home/travis/build/icyphy/ptII/ptolemy/actor/lib/test/Maximum.tcl (RunTclFile)" time="0.037" />
  <testcase classname="ptolemy.util.test.junit.TclTests" name="[18] /home/travis/build/icyphy/ptII/ptolemy/actor/lib/test/Minimum.tcl (RunTclFile)" time="0.028" />
  <testcase classname="ptolemy.util.test.junit.TclTests" name="[19] /home/travis/build/icyphy/ptII/ptolemy/actor/lib/test/MultiplyDivide.tcl (RunTclFile)" time="0.044" />
  <testcase classname="ptolemy.util.test.junit.TclTests" name="[20] /home/travis/build/icyphy/ptII/ptolemy/actor/lib/test/OrderedMerge.tcl (RunTclFile)" time="0.144" />
  <testcase classname="ptolemy.util.test.junit.TclTests" name="[21] /home/travis/build/icyphy/ptII/ptolemy/actor/lib/test/Publisher.tcl (RunTclFile)" time="0.642" />
  <testcase classname="ptolemy.util.test.junit.TclTests" name="[22] /home/travis/build/icyphy/ptII/ptolemy/actor/lib/test/Pulse.tcl (RunTclFile)" time="0.052" />
  <testcase classname="ptolemy.util.test.junit.TclTests" name="[23] /home/travis/build/icyphy/ptII/ptolemy/actor/lib/test/Ramp.tcl (RunTclFile)" time="1.925" />
  <testcase classname="ptolemy.util.test.junit.TclTests" name="[24] /home/travis/build/icyphy/ptII/ptolemy/actor/lib/test/RampContinuous.tcl (RunTclFile)" time="0.015" />
  <testcase classname="ptolemy.util.test.junit.TclTests" name="[25] /home/travis/build/icyphy/ptII/ptolemy/actor/lib/test/RecordAssembler.tcl (RunTclFile)" time="0.013" />
  <testcase classname="ptolemy.util.test.junit.TclTests" name="[26] /home/travis/build/icyphy/ptII/ptolemy/actor/lib/test/RecordDisassembler.tcl (RunTclFile)" time="0.034" />
  <testcase classname="ptolemy.util.test.junit.TclTests" name="[27] /home/travis/build/icyphy/ptII/ptolemy/actor/lib/test/Scale.tcl (RunTclFile)" time="0.015" />
  <testcase classname="ptolemy.util.test.junit.TclTests" name="[28] /home/travis/build/icyphy/ptII/ptolemy/actor/lib/test/SequentialClock.tcl (RunTclFile)" time="0.012" />
  <testcase classname="ptolemy.util.test.junit.TclTests" name="[29] /home/travis/build/icyphy/ptII/ptolemy/actor/lib/test/SetVariable.tcl (RunTclFile)" time="0.012" />
  <testcase classname="ptolemy.util.test.junit.TclTests" name="[30] /home/travis/build/icyphy/ptII/ptolemy/actor/lib/test/Sinewave.tcl (RunTclFile)" time="0.053" />
  <testcase classname="ptolemy.util.test.junit.TclTests" name="[31] /home/travis/build/icyphy/ptII/ptolemy/actor/lib/test/SubscriptionAggregator.tcl (RunTclFile)" time="1.994" />
  <testcase classname="ptolemy.util.test.junit.TclTests" name="[32] /home/travis/build/icyphy/ptII/ptolemy/actor/lib/test/Test.tcl (RunTclFile)" time="0.077" />
  <testcase classname="ptolemy.util.test.junit.TclTests" name="[33] /home/travis/build/icyphy/ptII/ptolemy/actor/lib/test/TestExceptionHandler.tcl (RunTclFile)" time="0.011" />
  <testcase classname="ptolemy.util.test.junit.TclTests" name="[34] /home/travis/build/icyphy/ptII/ptolemy/actor/lib/test/UnionDisassembler.tcl (RunTclFile)" time="0.045" />
  <testcase classname="ptolemy.util.test.junit.TclTests" name="[35] /home/travis/build/icyphy/ptII/ptolemy/actor/lib/test/VariableClock.tcl (RunTclFile)" time="0.015" />
  <testcase classname="ptolemy.util.test.junit.AutoKnownFailedTests" name="[0] /home/travis/build/icyphy/ptII/ptolemy/actor/lib/test/auto/knownFailedTests/PublisherPortToplevelSubscriber.xml (RunModel)" time="0.022" />
  <testcase classname="ptolemy.util.test.junit.AutoKnownFailedTests" name="[1] /home/travis/build/icyphy/ptII/ptolemy/actor/lib/test/auto/knownFailedTests/PublisherSubscriberPortToplevel.xml (RunModel)" time="0.017" />
  <testcase classname="ptolemy.util.test.junit.AutoKnownFailedTests" name="[2] /home/travis/build/icyphy/ptII/ptolemy/actor/lib/test/auto/knownFailedTests/PublisherSubscriptionAggregatorPort.xml (RunModel)" time="0.017" />
  <testcase classname="ptolemy.util.test.junit.AutoKnownFailedTests" name="[3] /home/travis/build/icyphy/ptII/ptolemy/actor/lib/test/auto/knownFailedTests/sizedarray3.xml (RunModel)" time="0.017" />
  <testcase classname="ptolemy.util.test.junit.AutoNameArchTests" name="[0] ThereAreNoAutoArchTests (RunModel)" time="0.0" />
  <testcase classname="ptolemy.util.test.junit.AutoTests" name="[0] /home/travis/build/icyphy/ptII/ptolemy/actor/lib/test/auto/AbsoluteValue.xml (RunModel)" time="0.073" />
  <testcase classname="ptolemy.util.test.junit.AutoTests" name="[1] /home/travis/build/icyphy/ptII/ptolemy/actor/lib/test/auto/AbsoluteValue2.xml (RunModel)" time="0.057" />
  <testcase classname="ptolemy.util.test.junit.AutoTests" name="[2] /home/travis/build/icyphy/ptII/ptolemy/actor/lib/test/auto/Accumulator.xml (RunModel)" time="0.054" />
  <testcase classname="ptolemy.util.test.junit.AutoTests" name="[3] /home/travis/build/icyphy/ptII/ptolemy/actor/lib/test/auto/Accumulator2.xml (RunModel)" time="0.03" />
  <testcase classname="ptolemy.util.test.junit.AutoTests" name="[4] /home/travis/build/icyphy/ptII/ptolemy/actor/lib/test/auto/Accumulator3.xml (RunModel)" time="0.026" />
  <testcase classname="ptolemy.util.test.junit.AutoTests" name="[5] /home/travis/build/icyphy/ptII/ptolemy/actor/lib/test/auto/ArrayAppend.xml (RunModel)" time="0.047" />
  <testcase classname="ptolemy.util.test.junit.AutoTests" name="[6] /home/travis/build/icyphy/ptII/ptolemy/actor/lib/test/auto/ArrayAppend2.xml (RunModel)" time="0.404" />
  <testcase classname="ptolemy.util.test.junit.AutoTests" name="[7] /home/travis/build/icyphy/ptII/ptolemy/actor/lib/test/auto/ArrayAppend3.xml (RunModel)" time="0.014" />
  <testcase classname="ptolemy.util.test.junit.AutoTests" name="[8] /home/travis/build/icyphy/ptII/ptolemy/actor/lib/test/auto/ArrayAppend4.xml (RunModel)" time="0.015" />
  <testcase classname="ptolemy.util.test.junit.AutoTests" name="[9] /home/travis/build/icyphy/ptII/ptolemy/actor/lib/test/auto/ArrayAppend5.xml (RunModel)" time="0.013" />
  <testcase classname="ptolemy.util.test.junit.AutoTests" name="[10] /home/travis/build/icyphy/ptII/ptolemy/actor/lib/test/auto/ArrayAppend6.xml (RunModel)" time="0.011" />
  <testcase classname="ptolemy.util.test.junit.AutoTests" name="[11] /home/travis/build/icyphy/ptII/ptolemy/actor/lib/test/auto/ArrayAppendPerformanceTest.xml (RunModel)" time="0.041" />
  <testcase classname="ptolemy.util.test.junit.AutoTests" name="[12] /home/travis/build/icyphy/ptII/ptolemy/actor/lib/test/auto/ArrayAppendWithEmptyInput.xml (RunModel)" time="0.027" />
  <testcase classname="ptolemy.util.test.junit.AutoTests" name="[13] /home/travis/build/icyphy/ptII/ptolemy/actor/lib/test/auto/ArrayAverage.xml (RunModel)" time="0.03" />
  <testcase classname="ptolemy.util.test.junit.AutoTests" name="[14] /home/travis/build/icyphy/ptII/ptolemy/actor/lib/test/auto/ArrayContains.xml (RunModel)" time="0.041" />
  <testcase classname="ptolemy.util.test.junit.AutoTests" name="[15] /home/travis/build/icyphy/ptII/ptolemy/actor/lib/test/auto/ArrayElement.xml (RunModel)" time="0.071" />
  <testcase classname="ptolemy.util.test.junit.AutoTests" name="[16] /home/travis/build/icyphy/ptII/ptolemy/actor/lib/test/auto/ArrayElementAsMatrix.xml (RunModel)" time="0.055" />
  <testcase classname="ptolemy.util.test.junit.AutoTests" name="[17] /home/travis/build/icyphy/ptII/ptolemy/actor/lib/test/auto/ArrayElementI.xml (RunModel)" time="0.016" />
  <testcase classname="ptolemy.util.test.junit.AutoTests" name="[18] /home/travis/build/icyphy/ptII/ptolemy/actor/lib/test/auto/ArrayExtract.xml (RunModel)" time="0.032" />
  <testcase classname="ptolemy.util.test.junit.AutoTests" name="[19] /home/travis/build/icyphy/ptII/ptolemy/actor/lib/test/auto/ArrayExtract2.xml (RunModel)" time="0.012" />
  <testcase classname="ptolemy.util.test.junit.AutoTests" name="[20] /home/travis/build/icyphy/ptII/ptolemy/actor/lib/test/auto/ArrayLength.xml (RunModel)" time="0.017" />
  <testcase classname="ptolemy.util.test.junit.AutoTests" name="[21] /home/travis/build/icyphy/ptII/ptolemy/actor/lib/test/auto/ArrayLevelCrossing.xml (RunModel)" time="0.027" />
  <testcase classname="ptolemy.util.test.junit.AutoTests" name="[22] /home/travis/build/icyphy/ptII/ptolemy/actor/lib/test/auto/ArrayLevelCrossing2.xml (RunModel)" time="0.032" />
  <testcase classname="ptolemy.util.test.junit.AutoTests" name="[23] /home/travis/build/icyphy/ptII/ptolemy/actor/lib/test/auto/ArrayPeakSearch.xml (RunModel)" time="0.036" />
  <testcase classname="ptolemy.util.test.junit.AutoTests" name="[24] /home/travis/build/icyphy/ptII/ptolemy/actor/lib/test/auto/ArrayPeakSearch2.xml (RunModel)" time="0.036" />
  <testcase classname="ptolemy.util.test.junit.AutoTests" name="[25] /home/travis/build/icyphy/ptII/ptolemy/actor/lib/test/auto/ArrayPeakSearch3.xml (RunModel)" time="0.031" />
  <testcase classname="ptolemy.util.test.junit.AutoTests" name="[26] /home/travis/build/icyphy/ptII/ptolemy/actor/lib/test/auto/ArrayRemoveElement.xml (RunModel)" time="0.024" />
  <testcase classname="ptolemy.util.test.junit.AutoTests" name="[27] /home/travis/build/icyphy/ptII/ptolemy/actor/lib/test/auto/ArraySort.xml (RunModel)" time="0.028" />
  <testcase classname="ptolemy.util.test.junit.AutoTests" name="[28] /home/travis/build/icyphy/ptII/ptolemy/actor/lib/test/auto/ArraySum.xml (RunModel)" time="0.013" />
  <testcase classname="ptolemy.util.test.junit.AutoTests" name="[29] /home/travis/build/icyphy/ptII/ptolemy/actor/lib/test/auto/ArrayToElements.xml (RunModel)" time="0.02" />
  <testcase classname="ptolemy.util.test.junit.AutoTests" name="[30] /home/travis/build/icyphy/ptII/ptolemy/actor/lib/test/auto/ArrayToMatrix.xml (RunModel)" time="0.052" />
  <testcase classname="ptolemy.util.test.junit.AutoTests" name="[31] /home/travis/build/icyphy/ptII/ptolemy/actor/lib/test/auto/ArrayUpdate1.xml (RunModel)" time="0.009" />
  <testcase classname="ptolemy.util.test.junit.AutoTests" name="[32] /home/travis/build/icyphy/ptII/ptolemy/actor/lib/test/auto/ArrayUpdate2.xml (RunModel)" time="0.018" />
  <testcase classname="ptolemy.util.test.junit.AutoTests" name="[33] /home/travis/build/icyphy/ptII/ptolemy/actor/lib/test/auto/ArrayUpdate3.xml (RunModel)" time="0.014" />
  <testcase classname="ptolemy.util.test.junit.AutoTests" name="[34] /home/travis/build/icyphy/ptII/ptolemy/actor/lib/test/auto/Assert1.xml (RunModel)" time="0.022" />
  <testcase classname="ptolemy.util.test.junit.AutoTests" name="[35] /home/travis/build/icyphy/ptII/ptolemy/actor/lib/test/auto/Assert2.xml (RunModel)" time="0.008" />
  <testcase classname="ptolemy.util.test.junit.AutoTests" name="[36] /home/travis/build/icyphy/ptII/ptolemy/actor/lib/test/auto/BooleanMultiplexor.xml (RunModel)" time="0.026" />
  <testcase classname="ptolemy.util.test.junit.AutoTests" name="[37] /home/travis/build/icyphy/ptII/ptolemy/actor/lib/test/auto/BooleanMultiplexor2.xml (RunModel)" time="0.013" />
  <testcase classname="ptolemy.util.test.junit.AutoTests" name="[38] /home/travis/build/icyphy/ptII/ptolemy/actor/lib/test/auto/BooleanMultiplexor3.xml (RunModel)" time="0.018" />
  <testcase classname="ptolemy.util.test.junit.AutoTests" name="[39] /home/travis/build/icyphy/ptII/ptolemy/actor/lib/test/auto/BooleanSelect.xml (RunModel)" time="0.015" />
  <testcase classname="ptolemy.util.test.junit.AutoTests" name="[40] /home/travis/build/icyphy/ptII/ptolemy/actor/lib/test/auto/BooleanSelect2.xml (RunModel)" time="0.011" />
  <testcase classname="ptolemy.util.test.junit.AutoTests" name="[41] /home/travis/build/icyphy/ptII/ptolemy/actor/lib/test/auto/BooleanSwitch.xml (RunModel)" time="0.014" />
  <testcase classname="ptolemy.util.test.junit.AutoTests" name="[42] /home/travis/build/icyphy/ptII/ptolemy/actor/lib/test/auto/BooleanSwitch2.xml (RunModel)" time="0.016" />
  <testcase classname="ptolemy.util.test.junit.AutoTests" name="[43] /home/travis/build/icyphy/ptII/ptolemy/actor/lib/test/auto/BooleanSwitchCloningBugWithClassRelationGroup.xml (RunModel)" time="0.021" />
  <testcase classname="ptolemy.util.test.junit.AutoTests" name="[44] /home/travis/build/icyphy/ptII/ptolemy/actor/lib/test/auto/BusActors.xml (RunModel)" time="0.031" />
  <testcase classname="ptolemy.util.test.junit.AutoTests" name="[45] /home/travis/build/icyphy/ptII/ptolemy/actor/lib/test/auto/ClassWrapper.xml (RunModel)" time="0.008" />
  <testcase classname="ptolemy.util.test.junit.AutoTests" name="[46] /home/travis/build/icyphy/ptII/ptolemy/actor/lib/test/auto/Clock.xml (RunModel)" time="0.01" />
  <testcase classname="ptolemy.util.test.junit.AutoTests" name="[47] /home/travis/build/icyphy/ptII/ptolemy/actor/lib/test/auto/Clock10.xml (RunModel)" time="0.013" />
  <testcase classname="ptolemy.util.test.junit.AutoTests" name="[48] /home/travis/build/icyphy/ptII/ptolemy/actor/lib/test/auto/Clock11.xml (RunModel)" time="0.021" />
  <testcase classname="ptolemy.util.test.junit.AutoTests" name="[49] /home/travis/build/icyphy/ptII/ptolemy/actor/lib/test/auto/Clock12.xml (RunModel)" time="0.011" />
  <testcase classname="ptolemy.util.test.junit.AutoTests" name="[50] /home/travis/build/icyphy/ptII/ptolemy/actor/lib/test/auto/Clock13.xml (RunModel)" time="0.012" />
  <testcase classname="ptolemy.util.test.junit.AutoTests" name="[51] /home/travis/build/icyphy/ptII/ptolemy/actor/lib/test/auto/Clock14.xml (RunModel)" time="0.014" />
  <testcase classname="ptolemy.util.test.junit.AutoTests" name="[52] /home/travis/build/icyphy/ptII/ptolemy/actor/lib/test/auto/Clock15.xml (RunModel)" time="0.02" />
  <testcase classname="ptolemy.util.test.junit.AutoTests" name="[53] /home/travis/build/icyphy/ptII/ptolemy/actor/lib/test/auto/Clock16.xml (RunModel)" time="0.069" />
  <testcase classname="ptolemy.util.test.junit.AutoTests" name="[54] /home/travis/build/icyphy/ptII/ptolemy/actor/lib/test/auto/Clock17.xml (RunModel)" time="0.036" />
  <testcase classname="ptolemy.util.test.junit.AutoTests" name="[55] /home/travis/build/icyphy/ptII/ptolemy/actor/lib/test/auto/Clock18.xml (RunModel)" time="0.039" />
  <testcase classname="ptolemy.util.test.junit.AutoTests" name="[56] /home/travis/build/icyphy/ptII/ptolemy/actor/lib/test/auto/Clock19.xml (RunModel)" time="0.033" />
  <testcase classname="ptolemy.util.test.junit.AutoTests" name="[57] /home/travis/build/icyphy/ptII/ptolemy/actor/lib/test/auto/Clock2.xml (RunModel)" time="0.009" />
  <testcase classname="ptolemy.util.test.junit.AutoTests" name="[58] /home/travis/build/icyphy/ptII/ptolemy/actor/lib/test/auto/Clock20.xml (RunModel)" time="0.014" />
  <testcase classname="ptolemy.util.test.junit.AutoTests" name="[59] /home/travis/build/icyphy/ptII/ptolemy/actor/lib/test/auto/Clock21.xml (RunModel)" time="0.014" />
  <testcase classname="ptolemy.util.test.junit.AutoTests" name="[60] /home/travis/build/icyphy/ptII/ptolemy/actor/lib/test/auto/Clock22.xml (RunModel)" time="0.01" />
  <testcase classname="ptolemy.util.test.junit.AutoTests" name="[61] /home/travis/build/icyphy/ptII/ptolemy/actor/lib/test/auto/Clock23.xml (RunModel)" time="0.022" />
  <testcase classname="ptolemy.util.test.junit.AutoTests" name="[62] /home/travis/build/icyphy/ptII/ptolemy/actor/lib/test/auto/Clock24.xml (RunModel)" time="0.015" />
  <testcase classname="ptolemy.util.test.junit.AutoTests" name="[63] /home/travis/build/icyphy/ptII/ptolemy/actor/lib/test/auto/Clock4.xml (RunModel)" time="0.012" />
  <testcase classname="ptolemy.util.test.junit.AutoTests" name="[64] /home/travis/build/icyphy/ptII/ptolemy/actor/lib/test/auto/Clock5.xml (RunModel)" time="0.016" />
  <testcase classname="ptolemy.util.test.junit.AutoTests" name="[65] /home/travis/build/icyphy/ptII/ptolemy/actor/lib/test/auto/Clock6.xml (RunModel)" time="0.008" />
  <testcase classname="ptolemy.util.test.junit.AutoTests" name="[66] /home/travis/build/icyphy/ptII/ptolemy/actor/lib/test/auto/Clock7.xml (RunModel)" time="0.015" />
  <testcase classname="ptolemy.util.test.junit.AutoTests" name="[67] /home/travis/build/icyphy/ptII/ptolemy/actor/lib/test/auto/Clock8.xml (RunModel)" time="0.016" />
  <testcase classname="ptolemy.util.test.junit.AutoTests" name="[68] /home/travis/build/icyphy/ptII/ptolemy/actor/lib/test/auto/Clock9.xml (RunModel)" time="0.016" />
  <testcase classname="ptolemy.util.test.junit.AutoTests" name="[69] /home/travis/build/icyphy/ptII/ptolemy/actor/lib/test/auto/CommDistDiscard.xml (RunModel)" time="0.028" />
  <testcase classname="ptolemy.util.test.junit.AutoTests" name="[70] /home/travis/build/icyphy/ptII/ptolemy/actor/lib/test/auto/Commutator.xml (RunModel)" time="0.016" />
  <testcase classname="ptolemy.util.test.junit.AutoTests" name="[71] /home/travis/build/icyphy/ptII/ptolemy/actor/lib/test/auto/Commutator2.xml (RunModel)" time="0.012" />
  <testcase classname="ptolemy.util.test.junit.AutoTests" name="[72] /home/travis/build/icyphy/ptII/ptolemy/actor/lib/test/auto/Commutator3.xml (RunModel)" time="0.013" />
  <testcase classname="ptolemy.util.test.junit.AutoTests" name="[73] /home/travis/build/icyphy/ptII/ptolemy/actor/lib/test/auto/Compare.xml (RunModel)" time="0.02" />
  <testcase classname="ptolemy.util.test.junit.AutoTests" name="[74] /home/travis/build/icyphy/ptII/ptolemy/actor/lib/test/auto/CompareDE.xml (RunModel)" time="0.019" />
  <testcase classname="ptolemy.util.test.junit.AutoTests" name="[75] /home/travis/build/icyphy/ptII/ptolemy/actor/lib/test/auto/ComplexDivide.xml (RunModel)" time="0.009" />
  <testcase classname="ptolemy.util.test.junit.AutoTests" name="[76] /home/travis/build/icyphy/ptII/ptolemy/actor/lib/test/auto/ComputeHistogram.xml (RunModel)" time="0.056" />
  <testcase classname="ptolemy.util.test.junit.AutoTests" name="[77] /home/travis/build/icyphy/ptII/ptolemy/actor/lib/test/auto/ConfigurationSelect.xml (RunModel)" time="0.018" />
  <testcase classname="ptolemy.util.test.junit.AutoTests" name="[78] /home/travis/build/icyphy/ptII/ptolemy/actor/lib/test/auto/ConfigurationSelect2.xml (RunModel)" time="0.016" />
  <testcase classname="ptolemy.util.test.junit.AutoTests" name="[79] /home/travis/build/icyphy/ptII/ptolemy/actor/lib/test/auto/ConfigurationSwitch.xml (RunModel)" time="0.025" />
  <testcase classname="ptolemy.util.test.junit.AutoTests" name="[80] /home/travis/build/icyphy/ptII/ptolemy/actor/lib/test/auto/ConfigurationSwitch2.xml (RunModel)" time="0.021" />
  <testcase classname="ptolemy.util.test.junit.AutoTests" name="[81] /home/travis/build/icyphy/ptII/ptolemy/actor/lib/test/auto/ConfigurationSwitchCloningBugWithClassRelationGroup.xml (RunModel)" time="0.019" />
  <testcase classname="ptolemy.util.test.junit.AutoTests" name="[82] /home/travis/build/icyphy/ptII/ptolemy/actor/lib/test/auto/ConfigurationSwitchSelectSDF.xml (RunModel)" time="0.015" />
  <testcase classname="ptolemy.util.test.junit.AutoTests" name="[83] /home/travis/build/icyphy/ptII/ptolemy/actor/lib/test/auto/ConfigurationSwitchSelectSDF2.xml (RunModel)" time="0.013" />
  <testcase classname="ptolemy.util.test.junit.AutoTests" name="[84] /home/travis/build/icyphy/ptII/ptolemy/actor/lib/test/auto/Const.xml (RunModel)" time="0.006" />
  <testcase classname="ptolemy.util.test.junit.AutoTests" name="[85] /home/travis/build/icyphy/ptII/ptolemy/actor/lib/test/auto/Const2.xml (RunModel)" time="0.009" />
  <testcase classname="ptolemy.util.test.junit.AutoTests" name="[86] /home/travis/build/icyphy/ptII/ptolemy/actor/lib/test/auto/Const3.xml (RunModel)" time="0.005" />
  <testcase classname="ptolemy.util.test.junit.AutoTests" name="[87] /home/travis/build/icyphy/ptII/ptolemy/actor/lib/test/auto/ConstantPublisherPort1.xml (RunModel)" time="0.021" />
  <testcase classname="ptolemy.util.test.junit.AutoTests" name="[88] /home/travis/build/icyphy/ptII/ptolemy/actor/lib/test/auto/ConstantPublisherPort2.xml (RunModel)" time="0.023" />
  <testcase classname="ptolemy.util.test.junit.AutoTests" name="[89] /home/travis/build/icyphy/ptII/ptolemy/actor/lib/test/auto/ConstantPublisherPort3.xml (RunModel)" time="0.022" />
  <testcase classname="ptolemy.util.test.junit.AutoTests" name="[90] /home/travis/build/icyphy/ptII/ptolemy/actor/lib/test/auto/ConstantPublisherPort4.xml (RunModel)" time="0.019" />
  <testcase classname="ptolemy.util.test.junit.AutoTests" name="[91] /home/travis/build/icyphy/ptII/ptolemy/actor/lib/test/auto/ConstantPublisherPort5.xml (RunModel)" time="0.046" />
  <testcase classname="ptolemy.util.test.junit.AutoTests" name="[92] /home/travis/build/icyphy/ptII/ptolemy/actor/lib/test/auto/ConstantPublisherPort6.xml (RunModel)" time="0.03" />
  <testcase classname="ptolemy.util.test.junit.AutoTests" name="[93] /home/travis/build/icyphy/ptII/ptolemy/actor/lib/test/auto/ConstantPublisherPort7.xml (RunModel)" time="0.027" />
  <testcase classname="ptolemy.util.test.junit.AutoTests" name="[94] /home/travis/build/icyphy/ptII/ptolemy/actor/lib/test/auto/ConstraintMonitor1.xml (RunModel)" time="0.039" />
  <testcase classname="ptolemy.util.test.junit.AutoTests" name="[95] /home/travis/build/icyphy/ptII/ptolemy/actor/lib/test/auto/ConstraintMonitor2.xml (RunModel)" time="0.02" />
  <testcase classname="ptolemy.util.test.junit.AutoTests" name="[96] /home/travis/build/icyphy/ptII/ptolemy/actor/lib/test/auto/ConstraintMonitor3.xml (RunModel)" time="0.014" />
  <testcase classname="ptolemy.util.test.junit.AutoTests" name="[97] /home/travis/build/icyphy/ptII/ptolemy/actor/lib/test/auto/ConstraintMonitor4.xml (RunModel)" time="0.012" />
  <testcase classname="ptolemy.util.test.junit.AutoTests" name="[98] /home/travis/build/icyphy/ptII/ptolemy/actor/lib/test/auto/ConstraintMonitor5.xml (RunModel)" time="0.017" />
  <testcase classname="ptolemy.util.test.junit.AutoTests" name="[99] /home/travis/build/icyphy/ptII/ptolemy/actor/lib/test/auto/ConstraintMonitor6.xml (RunModel)" time="0.013" />
  <testcase classname="ptolemy.util.test.junit.AutoTests" name="[100] /home/travis/build/icyphy/ptII/ptolemy/actor/lib/test/auto/ConstraintMonitor7.xml (RunModel)" time="0.02" />
  <testcase classname="ptolemy.util.test.junit.AutoTests" name="[101] /home/travis/build/icyphy/ptII/ptolemy/actor/lib/test/auto/ConstraintMonitor8.xml (RunModel)" time="0.017" />
  <testcase classname="ptolemy.util.test.junit.AutoTests" name="[102] /home/travis/build/icyphy/ptII/ptolemy/actor/lib/test/auto/Counter.xml (RunModel)" time="0.013" />
  <testcase classname="ptolemy.util.test.junit.AutoTests" name="[103] /home/travis/build/icyphy/ptII/ptolemy/actor/lib/test/auto/CurrentTimeSDF.xml (RunModel)" time="0.008" />
  <testcase classname="ptolemy.util.test.junit.AutoTests" name="[104] /home/travis/build/icyphy/ptII/ptolemy/actor/lib/test/auto/DB.xml (RunModel)" time="0.012" />
  <testcase classname="ptolemy.util.test.junit.AutoTests" name="[105] /home/travis/build/icyphy/ptII/ptolemy/actor/lib/test/auto/DBDE.xml (RunModel)" time="0.013" />
  <testcase classname="ptolemy.util.test.junit.AutoTests" name="[106] /home/travis/build/icyphy/ptII/ptolemy/actor/lib/test/auto/DateConstructor.xml (RunModel)" time="0.067" />
  <testcase classname="ptolemy.util.test.junit.AutoTests" name="[107] /home/travis/build/icyphy/ptII/ptolemy/actor/lib/test/auto/DelayTime.xml (RunModel)" time="0.014" />
  <testcase classname="ptolemy.util.test.junit.AutoTests" name="[108] /home/travis/build/icyphy/ptII/ptolemy/actor/lib/test/auto/Dictionary1.xml (RunModel)" time="0.019" />
  <testcase classname="ptolemy.util.test.junit.AutoTests" name="[109] /home/travis/build/icyphy/ptII/ptolemy/actor/lib/test/auto/Dictionary2.xml (RunModel)" time="0.013" />
  <testcase classname="ptolemy.util.test.junit.AutoTests" name="[110] /home/travis/build/icyphy/ptII/ptolemy/actor/lib/test/auto/Dictionary3.xml (RunModel)" time="0.009" />
  <testcase classname="ptolemy.util.test.junit.AutoTests" name="[111] /home/travis/build/icyphy/ptII/ptolemy/actor/lib/test/auto/Dictionary4.xml (RunModel)" time="0.017" />
  <testcase classname="ptolemy.util.test.junit.AutoTests" name="[112] /home/travis/build/icyphy/ptII/ptolemy/actor/lib/test/auto/Differential.xml (RunModel)" time="0.009" />
  <testcase classname="ptolemy.util.test.junit.AutoTests" name="[113] /home/travis/build/icyphy/ptII/ptolemy/actor/lib/test/auto/Director.xml (RunModel)" time="0.007" />
  <testcase classname="ptolemy.util.test.junit.AutoTests" name="[114] /home/travis/build/icyphy/ptII/ptolemy/actor/lib/test/auto/DiscreteClock.xml (RunModel)" time="0.046" />
  <testcase classname="ptolemy.util.test.junit.AutoTests" name="[115] /home/travis/build/icyphy/ptII/ptolemy/actor/lib/test/auto/DiscreteClock10.xml (RunModel)" time="0.01" />
  <testcase classname="ptolemy.util.test.junit.AutoTests" name="[116] /home/travis/build/icyphy/ptII/ptolemy/actor/lib/test/auto/DiscreteClock11.xml (RunModel)" time="0.01" />
  <testcase classname="ptolemy.util.test.junit.AutoTests" name="[117] /home/travis/build/icyphy/ptII/ptolemy/actor/lib/test/auto/DiscreteClock12.xml (RunModel)" time="0.011" />
  <testcase classname="ptolemy.util.test.junit.AutoTests" name="[118] /home/travis/build/icyphy/ptII/ptolemy/actor/lib/test/auto/DiscreteClock13.xml (RunModel)" time="0.012" />
  <testcase classname="ptolemy.util.test.junit.AutoTests" name="[119] /home/travis/build/icyphy/ptII/ptolemy/actor/lib/test/auto/DiscreteClock14.xml (RunModel)" time="0.01" />
  <testcase classname="ptolemy.util.test.junit.AutoTests" name="[120] /home/travis/build/icyphy/ptII/ptolemy/actor/lib/test/auto/DiscreteClock15.xml (RunModel)" time="0.022" />
  <testcase classname="ptolemy.util.test.junit.AutoTests" name="[121] /home/travis/build/icyphy/ptII/ptolemy/actor/lib/test/auto/DiscreteClock16.xml (RunModel)" time="0.034" />
  <testcase classname="ptolemy.util.test.junit.AutoTests" name="[122] /home/travis/build/icyphy/ptII/ptolemy/actor/lib/test/auto/DiscreteClock17.xml (RunModel)" time="0.036" />
  <testcase classname="ptolemy.util.test.junit.AutoTests" name="[123] /home/travis/build/icyphy/ptII/ptolemy/actor/lib/test/auto/DiscreteClock18.xml (RunModel)" time="0.035" />
  <testcase classname="ptolemy.util.test.junit.AutoTests" name="[124] /home/travis/build/icyphy/ptII/ptolemy/actor/lib/test/auto/DiscreteClock19.xml (RunModel)" time="0.032" />
  <testcase classname="ptolemy.util.test.junit.AutoTests" name="[125] /home/travis/build/icyphy/ptII/ptolemy/actor/lib/test/auto/DiscreteClock2.xml (RunModel)" time="0.008" />
  <testcase classname="ptolemy.util.test.junit.AutoTests" name="[126] /home/travis/build/icyphy/ptII/ptolemy/actor/lib/test/auto/DiscreteClock20.xml (RunModel)" time="0.012" />
  <testcase classname="ptolemy.util.test.junit.AutoTests" name="[127] /home/travis/build/icyphy/ptII/ptolemy/actor/lib/test/auto/DiscreteClock21.xml (RunModel)" time="0.012" />
  <testcase classname="ptolemy.util.test.junit.AutoTests" name="[128] /home/travis/build/icyphy/ptII/ptolemy/actor/lib/test/auto/DiscreteClock22.xml (RunModel)" time="0.014" />
  <testcase classname="ptolemy.util.test.junit.AutoTests" name="[129] /home/travis/build/icyphy/ptII/ptolemy/actor/lib/test/auto/DiscreteClock23.xml (RunModel)" time="0.01" />
  <testcase classname="ptolemy.util.test.junit.AutoTests" name="[130] /home/travis/build/icyphy/ptII/ptolemy/actor/lib/test/auto/DiscreteClock24.xml (RunModel)" time="0.012" />
  <testcase classname="ptolemy.util.test.junit.AutoTests" name="[131] /home/travis/build/icyphy/ptII/ptolemy/actor/lib/test/auto/DiscreteClock4.xml (RunModel)" time="0.009" />
  <testcase classname="ptolemy.util.test.junit.AutoTests" name="[132] /home/travis/build/icyphy/ptII/ptolemy/actor/lib/test/auto/DiscreteClock5.xml (RunModel)" time="0.012" />
  <testcase classname="ptolemy.util.test.junit.AutoTests" name="[133] /home/travis/build/icyphy/ptII/ptolemy/actor/lib/test/auto/DiscreteClock6.xml (RunModel)" time="0.007" />
  <testcase classname="ptolemy.util.test.junit.AutoTests" name="[134] /home/travis/build/icyphy/ptII/ptolemy/actor/lib/test/auto/DiscreteClock7.xml (RunModel)" time="0.008" />
  <testcase classname="ptolemy.util.test.junit.AutoTests" name="[135] /home/travis/build/icyphy/ptII/ptolemy/actor/lib/test/auto/DiscreteClock8.xml (RunModel)" time="0.015" />
  <testcase classname="ptolemy.util.test.junit.AutoTests" name="[136] /home/travis/build/icyphy/ptII/ptolemy/actor/lib/test/auto/DiscreteClock9.xml (RunModel)" time="0.011" />
  <testcase classname="ptolemy.util.test.junit.AutoTests" name="[137] /home/travis/build/icyphy/ptII/ptolemy/actor/lib/test/auto/DisplayArray.xml (RunModel)" time="0.01" />
  <testcase classname="ptolemy.util.test.junit.AutoTests" name="[138] /home/travis/build/icyphy/ptII/ptolemy/actor/lib/test/auto/Distributor.xml (RunModel)" time="0.008" />
  <testcase classname="ptolemy.util.test.junit.AutoTests" name="[139] /home/travis/build/icyphy/ptII/ptolemy/actor/lib/test/auto/Distributor2.xml (RunModel)" time="0.008" />
  <testcase classname="ptolemy.util.test.junit.AutoTests" name="[140] /home/travis/build/icyphy/ptII/ptolemy/actor/lib/test/auto/DownSample.xml (RunModel)" time="0.008" />
  <testcase classname="ptolemy.util.test.junit.AutoTests" name="[141] /home/travis/build/icyphy/ptII/ptolemy/actor/lib/test/auto/ElectronicUnitBase1.xml (RunModel)" time="0.102" />
  <testcase classname="ptolemy.util.test.junit.AutoTests" name="[142] /home/travis/build/icyphy/ptII/ptolemy/actor/lib/test/auto/ElementsToArray.xml (RunModel)" time="0.011" />
  <testcase classname="ptolemy.util.test.junit.AutoTests" name="[143] /home/travis/build/icyphy/ptII/ptolemy/actor/lib/test/auto/Equals.xml (RunModel)" time="0.016" />
  <testcase classname="ptolemy.util.test.junit.AutoTests" name="[144] /home/travis/build/icyphy/ptII/ptolemy/actor/lib/test/auto/Exec.xml (RunModel)" time="0.025" />
  <testcase classname="ptolemy.util.test.junit.AutoTests" name="[145] /home/travis/build/icyphy/ptII/ptolemy/actor/lib/test/auto/ExecEnvironment.xml (RunModel)" time="0.035" />
  <testcase classname="ptolemy.util.test.junit.AutoTests" name="[146] /home/travis/build/icyphy/ptII/ptolemy/actor/lib/test/auto/ExecNonZeroReturnOutput.xml (RunModel)" time="0.18" />
  <testcase classname="ptolemy.util.test.junit.AutoTests" name="[147] /home/travis/build/icyphy/ptII/ptolemy/actor/lib/test/auto/ExecRunDemos.xml (RunModel)" time="9.931" />
  <testcase classname="ptolemy.util.test.junit.AutoTests" name="[148] /home/travis/build/icyphy/ptII/ptolemy/actor/lib/test/auto/ExecStop.xml (RunModel)" time="5.044" />
  <testcase classname="ptolemy.util.test.junit.AutoTests" name="[149] /home/travis/build/icyphy/ptII/ptolemy/actor/lib/test/auto/ExecutionTimeSDF.xml (RunModel)" time="6.027" />
  <testcase classname="ptolemy.util.test.junit.AutoTests" name="[150] /home/travis/build/icyphy/ptII/ptolemy/actor/lib/test/auto/Expression1.xml (RunModel)" time="0.016" />
  <testcase classname="ptolemy.util.test.junit.AutoTests" name="[151] /home/travis/build/icyphy/ptII/ptolemy/actor/lib/test/auto/Expression10.xml (RunModel)" time="0.024" />
  <testcase classname="ptolemy.util.test.junit.AutoTests" name="[152] /home/travis/build/icyphy/ptII/ptolemy/actor/lib/test/auto/Expression11.xml (RunModel)" time="0.01" />
  <testcase classname="ptolemy.util.test.junit.AutoTests" name="[153] /home/travis/build/icyphy/ptII/ptolemy/actor/lib/test/auto/Expression12.xml (RunModel)" time="0.01" />
  <testcase classname="ptolemy.util.test.junit.AutoTests" name="[154] /home/travis/build/icyphy/ptII/ptolemy/actor/lib/test/auto/Expression13.xml (RunModel)" time="0.011" />
  <testcase classname="ptolemy.util.test.junit.AutoTests" name="[155] /home/travis/build/icyphy/ptII/ptolemy/actor/lib/test/auto/Expression14.xml (RunModel)" time="0.015" />
  <testcase classname="ptolemy.util.test.junit.AutoTests" name="[156] /home/travis/build/icyphy/ptII/ptolemy/actor/lib/test/auto/Expression15.xml (RunModel)" time="0.005" />
  <testcase classname="ptolemy.util.test.junit.AutoTests" name="[157] /home/travis/build/icyphy/ptII/ptolemy/actor/lib/test/auto/Expression16.xml (RunModel)" time="0.009" />
  <testcase classname="ptolemy.util.test.junit.AutoTests" name="[158] /home/travis/build/icyphy/ptII/ptolemy/actor/lib/test/auto/Expression17.xml (RunModel)" time="0.008" />
  <testcase classname="ptolemy.util.test.junit.AutoTests" name="[159] /home/travis/build/icyphy/ptII/ptolemy/actor/lib/test/auto/Expression18.xml (RunModel)" time="0.008" />
  <testcase classname="ptolemy.util.test.junit.AutoTests" name="[160] /home/travis/build/icyphy/ptII/ptolemy/actor/lib/test/auto/Expression2.xml (RunModel)" time="0.01" />
  <testcase classname="ptolemy.util.test.junit.AutoTests" name="[161] /home/travis/build/icyphy/ptII/ptolemy/actor/lib/test/auto/Expression3.xml (RunModel)" time="0.01" />
  <testcase classname="ptolemy.util.test.junit.AutoTests" name="[162] /home/travis/build/icyphy/ptII/ptolemy/actor/lib/test/auto/Expression4.xml (RunModel)" time="0.013" />
  <testcase classname="ptolemy.util.test.junit.AutoTests" name="[163] /home/travis/build/icyphy/ptII/ptolemy/actor/lib/test/auto/Expression5.xml (RunModel)" time="0.01" />
  <testcase classname="ptolemy.util.test.junit.AutoTests" name="[164] /home/travis/build/icyphy/ptII/ptolemy/actor/lib/test/auto/Expression6.xml (RunModel)" time="0.008" />
  <testcase classname="ptolemy.util.test.junit.AutoTests" name="[165] /home/travis/build/icyphy/ptII/ptolemy/actor/lib/test/auto/Expression7.xml (RunModel)" time="0.009" />
  <testcase classname="ptolemy.util.test.junit.AutoTests" name="[166] /home/travis/build/icyphy/ptII/ptolemy/actor/lib/test/auto/Expression8.xml (RunModel)" time="0.011" />
  <testcase classname="ptolemy.util.test.junit.AutoTests" name="[167] /home/travis/build/icyphy/ptII/ptolemy/actor/lib/test/auto/Expression9.xml (RunModel)" time="0.005" />
  <testcase classname="ptolemy.util.test.junit.AutoTests" name="[168] /home/travis/build/icyphy/ptII/ptolemy/actor/lib/test/auto/ExpressionConcatenateArrayType.xml (RunModel)" time="0.022" />
  <testcase classname="ptolemy.util.test.junit.AutoTests" name="[169] /home/travis/build/icyphy/ptII/ptolemy/actor/lib/test/auto/ExpressionConcatenateArrayType2.xml (RunModel)" time="0.016" />
  <testcase classname="ptolemy.util.test.junit.AutoTests" name="[170] /home/travis/build/icyphy/ptII/ptolemy/actor/lib/test/auto/ExpressionFix.xml (RunModel)" time="0.033" />
  <testcase classname="ptolemy.util.test.junit.AutoTests" name="[171] /home/travis/build/icyphy/ptII/ptolemy/actor/lib/test/auto/ExpressionFix2.xml (RunModel)" time="0.007" />
  <testcase classname="ptolemy.util.test.junit.AutoTests" name="[172] /home/travis/build/icyphy/ptII/ptolemy/actor/lib/test/auto/ExpressionFix3.xml (RunModel)" time="0.01" />
  <testcase classname="ptolemy.util.test.junit.AutoTests" name="[173] /home/travis/build/icyphy/ptII/ptolemy/actor/lib/test/auto/FileWriter1.xml (RunModel)" time="0.007" />
  <testcase classname="ptolemy.util.test.junit.AutoTests" name="[174] /home/travis/build/icyphy/ptII/ptolemy/actor/lib/test/auto/FileWriter2.xml (RunModel)" time="0.007" />
  <testcase classname="ptolemy.util.test.junit.AutoTests" name="[175] /home/travis/build/icyphy/ptII/ptolemy/actor/lib/test/auto/FileWriter3.xml (RunModel)" time="0.01" />
  <testcase classname="ptolemy.util.test.junit.AutoTests" name="[176] /home/travis/build/icyphy/ptII/ptolemy/actor/lib/test/auto/Gaussian.xml (RunModel)" time="0.011" />
  <testcase classname="ptolemy.util.test.junit.AutoTests" name="[177] /home/travis/build/icyphy/ptII/ptolemy/actor/lib/test/auto/Gaussian1.xml (RunModel)" time="0.018" />
  <testcase classname="ptolemy.util.test.junit.AutoTests" name="[178] /home/travis/build/icyphy/ptII/ptolemy/actor/lib/test/auto/Gaussian2.xml (RunModel)" time="0.018" />
  <testcase classname="ptolemy.util.test.junit.AutoTests" name="[179] /home/travis/build/icyphy/ptII/ptolemy/actor/lib/test/auto/GradientAdaptiveLattice.xml (RunModel)" time="0.013" />
  <testcase classname="ptolemy.util.test.junit.AutoTests" name="[180] /home/travis/build/icyphy/ptII/ptolemy/actor/lib/test/auto/IIR.xml (RunModel)" time="0.008" />
  <testcase classname="ptolemy.util.test.junit.AutoTests" name="[181] /home/travis/build/icyphy/ptII/ptolemy/actor/lib/test/auto/InputOutputTransparentPorts.xml (RunModel)" time="0.015" />
  <testcase classname="ptolemy.util.test.junit.AutoTests" name="[182] /home/travis/build/icyphy/ptII/ptolemy/actor/lib/test/auto/Interpolator.xml (RunModel)" time="0.009" />
  <testcase classname="ptolemy.util.test.junit.AutoTests" name="[183] /home/travis/build/icyphy/ptII/ptolemy/actor/lib/test/auto/InterpolatorFiringLimitDE.xml (RunModel)" time="0.011" />
  <testcase classname="ptolemy.util.test.junit.AutoTests" name="[184] /home/travis/build/icyphy/ptII/ptolemy/actor/lib/test/auto/Lattice.xml (RunModel)" time="0.007" />
  <testcase classname="ptolemy.util.test.junit.AutoTests" name="[185] /home/travis/build/icyphy/ptII/ptolemy/actor/lib/test/auto/LazyAOCTestLazy.xml (RunModel)" time="0.024" />
  <testcase classname="ptolemy.util.test.junit.AutoTests" name="[186] /home/travis/build/icyphy/ptII/ptolemy/actor/lib/test/auto/LazyAOCTestNonLazy.xml (RunModel)" time="0.037" />
  <testcase classname="ptolemy.util.test.junit.AutoTests" name="[187] /home/travis/build/icyphy/ptII/ptolemy/actor/lib/test/auto/LazyInnerClass.xml (RunModel)" time="0.044" />
  <testcase classname="ptolemy.util.test.junit.AutoTests" name="[188] /home/travis/build/icyphy/ptII/ptolemy/actor/lib/test/auto/LazyPubSub.xml (RunModel)" time="0.048" />
  <testcase classname="ptolemy.util.test.junit.AutoTests" name="[189] /home/travis/build/icyphy/ptII/ptolemy/actor/lib/test/auto/LazyPubSub2.xml (RunModel)" time="0.03" />
  <testcase classname="ptolemy.util.test.junit.AutoTests" name="[190] /home/travis/build/icyphy/ptII/ptolemy/actor/lib/test/auto/LazyPubSub3.xml (RunModel)" time="0.026" />
  <testcase classname="ptolemy.util.test.junit.AutoTests" name="[191] /home/travis/build/icyphy/ptII/ptolemy/actor/lib/test/auto/LazySubClassModel.xml (RunModel)" time="0.047" />
  <testcase classname="ptolemy.util.test.junit.AutoTests" name="[192] /home/travis/build/icyphy/ptII/ptolemy/actor/lib/test/auto/LevelCrossTest1.xml (RunModel)" time="0.008" />
  <testcase classname="ptolemy.util.test.junit.AutoTests" name="[193] /home/travis/build/icyphy/ptII/ptolemy/actor/lib/test/auto/LevelCrossTest10.xml (RunModel)" time="0.012" />
  <testcase classname="ptolemy.util.test.junit.AutoTests" name="[194] /home/travis/build/icyphy/ptII/ptolemy/actor/lib/test/auto/LevelCrossTest11.xml (RunModel)" time="0.01" />
  <testcase classname="ptolemy.util.test.junit.AutoTests" name="[195] /home/travis/build/icyphy/ptII/ptolemy/actor/lib/test/auto/LevelCrossTest12.xml (RunModel)" time="0.012" />
  <testcase classname="ptolemy.util.test.junit.AutoTests" name="[196] /home/travis/build/icyphy/ptII/ptolemy/actor/lib/test/auto/LevelCrossTest13.xml (RunModel)" time="0.012" />
  <testcase classname="ptolemy.util.test.junit.AutoTests" name="[197] /home/travis/build/icyphy/ptII/ptolemy/actor/lib/test/auto/LevelCrossTest2.xml (RunModel)" time="0.009" />
  <testcase classname="ptolemy.util.test.junit.AutoTests" name="[198] /home/travis/build/icyphy/ptII/ptolemy/actor/lib/test/auto/LevelCrossTest3.xml (RunModel)" time="0.009" />
  <testcase classname="ptolemy.util.test.junit.AutoTests" name="[199] /home/travis/build/icyphy/ptII/ptolemy/actor/lib/test/auto/LevelCrossTest4.xml (RunModel)" time="0.009" />
  <testcase classname="ptolemy.util.test.junit.AutoTests" name="[200] /home/travis/build/icyphy/ptII/ptolemy/actor/lib/test/auto/LevelCrossTest5.xml (RunModel)" time="0.013" />
  <testcase classname="ptolemy.util.test.junit.AutoTests" name="[201] /home/travis/build/icyphy/ptII/ptolemy/actor/lib/test/auto/LevelCrossTest6.xml (RunModel)" time="0.016" />
  <testcase classname="ptolemy.util.test.junit.AutoTests" name="[202] /home/travis/build/icyphy/ptII/ptolemy/actor/lib/test/auto/LevelCrossTest7.xml (RunModel)" time="0.016" />
  <testcase classname="ptolemy.util.test.junit.AutoTests" name="[203] /home/travis/build/icyphy/ptII/ptolemy/actor/lib/test/auto/LevelCrossTest8.xml (RunModel)" time="0.014" />
  <testcase classname="ptolemy.util.test.junit.AutoTests" name="[204] /home/travis/build/icyphy/ptII/ptolemy/actor/lib/test/auto/LevelCrossTest9.xml (RunModel)" time="0.012" />
  <testcase classname="ptolemy.util.test.junit.AutoTests" name="[205] /home/travis/build/icyphy/ptII/ptolemy/actor/lib/test/auto/LevinsonDurbin.xml (RunModel)" time="0.015" />
  <testcase classname="ptolemy.util.test.junit.AutoTests" name="[206] /home/travis/build/icyphy/ptII/ptolemy/actor/lib/test/auto/LevinsonDurbin2.xml (RunModel)" time="0.009" />
  <testcase classname="ptolemy.util.test.junit.AutoTests" name="[207] /home/travis/build/icyphy/ptII/ptolemy/actor/lib/test/auto/LevinsonDurbin3.xml (RunModel)" time="0.007" />
  <testcase classname="ptolemy.util.test.junit.AutoTests" name="[208] /home/travis/build/icyphy/ptII/ptolemy/actor/lib/test/auto/Limiter.xml (RunModel)" time="0.043" />
  <testcase classname="ptolemy.util.test.junit.AutoTests" name="[209] /home/travis/build/icyphy/ptII/ptolemy/actor/lib/test/auto/LinearDifferenceEquationSystem.xml (RunModel)" time="0.019" />
  <testcase classname="ptolemy.util.test.junit.AutoTests" name="[210] /home/travis/build/icyphy/ptII/ptolemy/actor/lib/test/auto/LookupTable.xml (RunModel)" time="0.009" />
  <testcase classname="ptolemy.util.test.junit.AutoTests" name="[211] /home/travis/build/icyphy/ptII/ptolemy/actor/lib/test/auto/MathFunction.xml (RunModel)" time="0.019" />
  <testcase classname="ptolemy.util.test.junit.AutoTests" name="[212] /home/travis/build/icyphy/ptII/ptolemy/actor/lib/test/auto/MathFunction2.xml (RunModel)" time="0.009" />
  <testcase classname="ptolemy.util.test.junit.AutoTests" name="[213] /home/travis/build/icyphy/ptII/ptolemy/actor/lib/test/auto/MathFunction3.xml (RunModel)" time="0.025" />
  <testcase classname="ptolemy.util.test.junit.AutoTests" name="[214] /home/travis/build/icyphy/ptII/ptolemy/actor/lib/test/auto/MatrixCropBoolean.xml (RunModel)" time="0.015" />
  <testcase classname="ptolemy.util.test.junit.AutoTests" name="[215] /home/travis/build/icyphy/ptII/ptolemy/actor/lib/test/auto/MatrixCropComplex.xml (RunModel)" time="0.007" />
  <testcase classname="ptolemy.util.test.junit.AutoTests" name="[216] /home/travis/build/icyphy/ptII/ptolemy/actor/lib/test/auto/MatrixCropDouble.xml (RunModel)" time="0.008" />
  <testcase classname="ptolemy.util.test.junit.AutoTests" name="[217] /home/travis/build/icyphy/ptII/ptolemy/actor/lib/test/auto/MatrixCropFix.xml (RunModel)" time="0.01" />
  <testcase classname="ptolemy.util.test.junit.AutoTests" name="[218] /home/travis/build/icyphy/ptII/ptolemy/actor/lib/test/auto/MatrixCropInt.xml (RunModel)" time="0.007" />
  <testcase classname="ptolemy.util.test.junit.AutoTests" name="[219] /home/travis/build/icyphy/ptII/ptolemy/actor/lib/test/auto/MatrixCropLong.xml (RunModel)" time="0.007" />
  <testcase classname="ptolemy.util.test.junit.AutoTests" name="[220] /home/travis/build/icyphy/ptII/ptolemy/actor/lib/test/auto/MatrixToArray.xml (RunModel)" time="0.048" />
  <testcase classname="ptolemy.util.test.junit.AutoTests" name="[221] /home/travis/build/icyphy/ptII/ptolemy/actor/lib/test/auto/MaxIndex.xml (RunModel)" time="0.01" />
  <testcase classname="ptolemy.util.test.junit.AutoTests" name="[222] /home/travis/build/icyphy/ptII/ptolemy/actor/lib/test/auto/Maximum.xml (RunModel)" time="0.014" />
  <testcase classname="ptolemy.util.test.junit.AutoTests" name="[223] /home/travis/build/icyphy/ptII/ptolemy/actor/lib/test/auto/MaximumComplex.xml (RunModel)" time="0.013" />
  <testcase classname="ptolemy.util.test.junit.AutoTests" name="[224] /home/travis/build/icyphy/ptII/ptolemy/actor/lib/test/auto/MethodCallTest.xml (RunModel)" time="0.019" />
  <testcase classname="ptolemy.util.test.junit.AutoTests" name="[225] /home/travis/build/icyphy/ptII/ptolemy/actor/lib/test/auto/Minimum.xml (RunModel)" time="0.012" />
  <testcase classname="ptolemy.util.test.junit.AutoTests" name="[226] /home/travis/build/icyphy/ptII/ptolemy/actor/lib/test/auto/MinimumComplex.xml (RunModel)" time="0.021" />
  <testcase classname="ptolemy.util.test.junit.AutoTests" name="[227] /home/travis/build/icyphy/ptII/ptolemy/actor/lib/test/auto/MinimumMultiports.xml (RunModel)" time="0.015" />
  <testcase classname="ptolemy.util.test.junit.AutoTests" name="[228] /home/travis/build/icyphy/ptII/ptolemy/actor/lib/test/auto/ModifyDate.xml (RunModel)" time="0.038" />
  <testcase classname="ptolemy.util.test.junit.AutoTests" name="[229] /home/travis/build/icyphy/ptII/ptolemy/actor/lib/test/auto/ModifyDate2.xml (RunModel)" time="0.028" />
  <testcase classname="ptolemy.util.test.junit.AutoTests" name="[230] /home/travis/build/icyphy/ptII/ptolemy/actor/lib/test/auto/MovingAverage.xml (RunModel)" time="0.009" />
  <testcase classname="ptolemy.util.test.junit.AutoTests" name="[231] /home/travis/build/icyphy/ptII/ptolemy/actor/lib/test/auto/MovingMaximum.xml (RunModel)" time="0.008" />
  <testcase classname="ptolemy.util.test.junit.AutoTests" name="[232] /home/travis/build/icyphy/ptII/ptolemy/actor/lib/test/auto/MultipleLinksToSameRelation.xml (RunModel)" time="0.006" />
  <testcase classname="ptolemy.util.test.junit.AutoTests" name="[233] /home/travis/build/icyphy/ptII/ptolemy/actor/lib/test/auto/MultipleLinksToSameRelationDE.xml (RunModel)" time="0.006" />
  <testcase classname="ptolemy.util.test.junit.AutoTests" name="[234] /home/travis/build/icyphy/ptII/ptolemy/actor/lib/test/auto/Multiplexor.xml (RunModel)" time="0.009" />
  <testcase classname="ptolemy.util.test.junit.AutoTests" name="[235] /home/travis/build/icyphy/ptII/ptolemy/actor/lib/test/auto/Multiplexor1.xml (RunModel)" time="0.009" />
  <testcase classname="ptolemy.util.test.junit.AutoTests" name="[236] /home/travis/build/icyphy/ptII/ptolemy/actor/lib/test/auto/Multiplexor2.xml (RunModel)" time="0.011" />
  <testcase classname="ptolemy.util.test.junit.AutoTests" name="[237] /home/travis/build/icyphy/ptII/ptolemy/actor/lib/test/auto/Multiplexor3.xml (RunModel)" time="0.007" />
  <testcase classname="ptolemy.util.test.junit.AutoTests" name="[238] /home/travis/build/icyphy/ptII/ptolemy/actor/lib/test/auto/MultiplexorDE.xml (RunModel)" time="0.014" />
  <testcase classname="ptolemy.util.test.junit.AutoTests" name="[239] /home/travis/build/icyphy/ptII/ptolemy/actor/lib/test/auto/MultiportBroadcastTest.xml (RunModel)" time="0.081" />
  <testcase classname="ptolemy.util.test.junit.AutoTests" name="[240] /home/travis/build/icyphy/ptII/ptolemy/actor/lib/test/auto/MultiportOutHangDuringGetWidth.xml (RunModel)" time="0.055" />
  <testcase classname="ptolemy.util.test.junit.AutoTests" name="[241] /home/travis/build/icyphy/ptII/ptolemy/actor/lib/test/auto/NilToken.xml (RunModel)" time="0.011" />
  <testcase classname="ptolemy.util.test.junit.AutoTests" name="[242] /home/travis/build/icyphy/ptII/ptolemy/actor/lib/test/auto/NilTokenNonStrictTest.xml (RunModel)" time="0.008" />
  <testcase classname="ptolemy.util.test.junit.AutoTests" name="[243] /home/travis/build/icyphy/ptII/ptolemy/actor/lib/test/auto/NilTokenRecord.xml (RunModel)" time="0.019" />
  <testcase classname="ptolemy.util.test.junit.AutoTests" name="[244] /home/travis/build/icyphy/ptII/ptolemy/actor/lib/test/auto/NilTokenTypeTest.xml (RunModel)" time="0.031" />
  <testcase classname="ptolemy.util.test.junit.AutoTests" name="[245] /home/travis/build/icyphy/ptII/ptolemy/actor/lib/test/auto/ObjectToken1.xml (RunModel)" time="0.006" />
  <testcase classname="ptolemy.util.test.junit.AutoTests" name="[246] /home/travis/build/icyphy/ptII/ptolemy/actor/lib/test/auto/OrderedMerge.xml (RunModel)" time="0.013" />
  <testcase classname="ptolemy.util.test.junit.AutoTests" name="[247] /home/travis/build/icyphy/ptII/ptolemy/actor/lib/test/auto/OrderedRecordDisassembler.xml (RunModel)" time="0.015" />
  <testcase classname="ptolemy.util.test.junit.AutoTests" name="[248] /home/travis/build/icyphy/ptII/ptolemy/actor/lib/test/auto/OrderedRecordDisassembler2.xml (RunModel)" time="0.015" />
  <testcase classname="ptolemy.util.test.junit.AutoTests" name="[249] /home/travis/build/icyphy/ptII/ptolemy/actor/lib/test/auto/OrderedRecordUpdater.xml (RunModel)" time="0.009" />
  <testcase classname="ptolemy.util.test.junit.AutoTests" name="[250] /home/travis/build/icyphy/ptII/ptolemy/actor/lib/test/auto/OrderedRecordUpdater2.xml (RunModel)" time="0.014" />
  <testcase classname="ptolemy.util.test.junit.AutoTests" name="[251] /home/travis/build/icyphy/ptII/ptolemy/actor/lib/test/auto/PhaseUnwrap.xml (RunModel)" time="0.01" />
  <testcase classname="ptolemy.util.test.junit.AutoTests" name="[252] /home/travis/build/icyphy/ptII/ptolemy/actor/lib/test/auto/PoissonClock.xml (RunModel)" time="0.007" />
  <testcase classname="ptolemy.util.test.junit.AutoTests" name="[253] /home/travis/build/icyphy/ptII/ptolemy/actor/lib/test/auto/PoissonClock2.xml (RunModel)" time="0.006" />
  <testcase classname="ptolemy.util.test.junit.AutoTests" name="[254] /home/travis/build/icyphy/ptII/ptolemy/actor/lib/test/auto/PoissonClock3.xml (RunModel)" time="0.02" />
  <testcase classname="ptolemy.util.test.junit.AutoTests" name="[255] /home/travis/build/icyphy/ptII/ptolemy/actor/lib/test/auto/PubSubWithInitialTokens.xml (RunModel)" time="0.013" />
  <testcase classname="ptolemy.util.test.junit.AutoTests" name="[256] /home/travis/build/icyphy/ptII/ptolemy/actor/lib/test/auto/PubSubWithInitialTokens2.xml (RunModel)" time="0.008" />
  <testcase classname="ptolemy.util.test.junit.AutoTests" name="[257] /home/travis/build/icyphy/ptII/ptolemy/actor/lib/test/auto/PublisherClassNoParameter.xml (RunModel)" time="0.021" />
  <testcase classname="ptolemy.util.test.junit.AutoTests" name="[258] /home/travis/build/icyphy/ptII/ptolemy/actor/lib/test/auto/PublisherClassParameter.xml (RunModel)" time="0.017" />
  <testcase classname="ptolemy.util.test.junit.AutoTests" name="[259] /home/travis/build/icyphy/ptII/ptolemy/actor/lib/test/auto/PublisherNonStrictTest.xml (RunModel)" time="0.012" />
  <testcase classname="ptolemy.util.test.junit.AutoTests" name="[260] /home/travis/build/icyphy/ptII/ptolemy/actor/lib/test/auto/PublisherPort1.xml (RunModel)" time="0.009" />
  <testcase classname="ptolemy.util.test.junit.AutoTests" name="[261] /home/travis/build/icyphy/ptII/ptolemy/actor/lib/test/auto/PublisherPort2.xml (RunModel)" time="0.007" />
  <testcase classname="ptolemy.util.test.junit.AutoTests" name="[262] /home/travis/build/icyphy/ptII/ptolemy/actor/lib/test/auto/PublisherPort3.xml (RunModel)" time="0.017" />
  <testcase classname="ptolemy.util.test.junit.AutoTests" name="[263] /home/travis/build/icyphy/ptII/ptolemy/actor/lib/test/auto/PublisherPort4.xml (RunModel)" time="0.014" />
  <testcase classname="ptolemy.util.test.junit.AutoTests" name="[264] /home/travis/build/icyphy/ptII/ptolemy/actor/lib/test/auto/PublisherPort5.xml (RunModel)" time="0.015" />
  <testcase classname="ptolemy.util.test.junit.AutoTests" name="[265] /home/travis/build/icyphy/ptII/ptolemy/actor/lib/test/auto/PublisherPort5LookAlike.xml (RunModel)" time="0.017" />
  <testcase classname="ptolemy.util.test.junit.AutoTests" name="[266] /home/travis/build/icyphy/ptII/ptolemy/actor/lib/test/auto/PublisherPort6.xml (RunModel)" time="0.01" />
  <testcase classname="ptolemy.util.test.junit.AutoTests" name="[267] /home/travis/build/icyphy/ptII/ptolemy/actor/lib/test/auto/PublisherPort7.xml (RunModel)" time="0.016" />
  <testcase classname="ptolemy.util.test.junit.AutoTests" name="[268] /home/travis/build/icyphy/ptII/ptolemy/actor/lib/test/auto/PublisherPort8.xml (RunModel)" time="0.015" />
  <testcase classname="ptolemy.util.test.junit.AutoTests" name="[269] /home/travis/build/icyphy/ptII/ptolemy/actor/lib/test/auto/PublisherPortSubscriberChannelVariablesAOC2.xml (RunModel)" time="0.041" />
  <testcase classname="ptolemy.util.test.junit.AutoTests" name="[270] /home/travis/build/icyphy/ptII/ptolemy/actor/lib/test/auto/PublisherPortSubscriberOpaqueWidthInference.xml (RunModel)" time="0.015" />
  <testcase classname="ptolemy.util.test.junit.AutoTests" name="[271] /home/travis/build/icyphy/ptII/ptolemy/actor/lib/test/auto/PublisherPortSubscriberPortAdjacent.xml (RunModel)" time="0.017" />
  <testcase classname="ptolemy.util.test.junit.AutoTests" name="[272] /home/travis/build/icyphy/ptII/ptolemy/actor/lib/test/auto/PublisherPortSubscriberPortExpression.xml (RunModel)" time="0.014" />
  <testcase classname="ptolemy.util.test.junit.AutoTests" name="[273] /home/travis/build/icyphy/ptII/ptolemy/actor/lib/test/auto/PublisherPortSubscriberPortOpaqueD3Reverse.xml (RunModel)" time="0.016" />
  <testcase classname="ptolemy.util.test.junit.AutoTests" name="[274] /home/travis/build/icyphy/ptII/ptolemy/actor/lib/test/auto/PublisherPortSubscriberPortOpaqueWidthInference.xml (RunModel)" time="0.013" />
  <testcase classname="ptolemy.util.test.junit.AutoTests" name="[275] /home/travis/build/icyphy/ptII/ptolemy/actor/lib/test/auto/PublisherPortToplevelSubscriberPortAOC.xml (RunModel)" time="0.009" />
  <testcase classname="ptolemy.util.test.junit.AutoTests" name="[276] /home/travis/build/icyphy/ptII/ptolemy/actor/lib/test/auto/PublisherSubscriber.xml (RunModel)" time="0.019" />
  <testcase classname="ptolemy.util.test.junit.AutoTests" name="[277] /home/travis/build/icyphy/ptII/ptolemy/actor/lib/test/auto/PublisherSubscriber10.xml (RunModel)" time="0.021" />
  <testcase classname="ptolemy.util.test.junit.AutoTests" name="[278] /home/travis/build/icyphy/ptII/ptolemy/actor/lib/test/auto/PublisherSubscriber10InitialOutputs.xml (RunModel)" time="0.028" />
  <testcase classname="ptolemy.util.test.junit.AutoTests" name="[279] /home/travis/build/icyphy/ptII/ptolemy/actor/lib/test/auto/PublisherSubscriber11.xml (RunModel)" time="0.024" />
  <testcase classname="ptolemy.util.test.junit.AutoTests" name="[280] /home/travis/build/icyphy/ptII/ptolemy/actor/lib/test/auto/PublisherSubscriber12.xml (RunModel)" time="0.019" />
  <testcase classname="ptolemy.util.test.junit.AutoTests" name="[281] /home/travis/build/icyphy/ptII/ptolemy/actor/lib/test/auto/PublisherSubscriber13.xml (RunModel)" time="0.009" />
  <testcase classname="ptolemy.util.test.junit.AutoTests" name="[282] /home/travis/build/icyphy/ptII/ptolemy/actor/lib/test/auto/PublisherSubscriber14.xml (RunModel)" time="0.02" />
  <testcase classname="ptolemy.util.test.junit.AutoTests" name="[283] /home/travis/build/icyphy/ptII/ptolemy/actor/lib/test/auto/PublisherSubscriber2.xml (RunModel)" time="0.009" />
  <testcase classname="ptolemy.util.test.junit.AutoTests" name="[284] /home/travis/build/icyphy/ptII/ptolemy/actor/lib/test/auto/PublisherSubscriber3.xml (RunModel)" time="0.008" />
  <testcase classname="ptolemy.util.test.junit.AutoTests" name="[285] /home/travis/build/icyphy/ptII/ptolemy/actor/lib/test/auto/PublisherSubscriber4.xml (RunModel)" time="0.045" />
  <testcase classname="ptolemy.util.test.junit.AutoTests" name="[286] /home/travis/build/icyphy/ptII/ptolemy/actor/lib/test/auto/PublisherSubscriber5.xml (RunModel)" time="0.015" />
  <testcase classname="ptolemy.util.test.junit.AutoTests" name="[287] /home/travis/build/icyphy/ptII/ptolemy/actor/lib/test/auto/PublisherSubscriber6.xml (RunModel)" time="0.012" />
  <testcase classname="ptolemy.util.test.junit.AutoTests" name="[288] /home/travis/build/icyphy/ptII/ptolemy/actor/lib/test/auto/PublisherSubscriber7.xml (RunModel)" time="0.018" />
  <testcase classname="ptolemy.util.test.junit.AutoTests" name="[289] /home/travis/build/icyphy/ptII/ptolemy/actor/lib/test/auto/PublisherSubscriber8.xml (RunModel)" time="0.029" />
  <testcase classname="ptolemy.util.test.junit.AutoTests" name="[290] /home/travis/build/icyphy/ptII/ptolemy/actor/lib/test/auto/PublisherSubscriber9.xml (RunModel)" time="0.017" />
  <testcase classname="ptolemy.util.test.junit.AutoTests" name="[291] /home/travis/build/icyphy/ptII/ptolemy/actor/lib/test/auto/PublisherSubscriberAdjacent.xml (RunModel)" time="0.015" />
  <testcase classname="ptolemy.util.test.junit.AutoTests" name="[292] /home/travis/build/icyphy/ptII/ptolemy/actor/lib/test/auto/PublisherSubscriberChannelVariablesAOC2.xml (RunModel)" time="0.026" />
  <testcase classname="ptolemy.util.test.junit.AutoTests" name="[293] /home/travis/build/icyphy/ptII/ptolemy/actor/lib/test/auto/PublisherSubscriberD3.xml (RunModel)" time="0.011" />
  <testcase classname="ptolemy.util.test.junit.AutoTests" name="[294] /home/travis/build/icyphy/ptII/ptolemy/actor/lib/test/auto/PublisherSubscriberD3Reverse.xml (RunModel)" time="0.009" />
  <testcase classname="ptolemy.util.test.junit.AutoTests" name="[295] /home/travis/build/icyphy/ptII/ptolemy/actor/lib/test/auto/PublisherSubscriberExpression.xml (RunModel)" time="0.017" />
  <testcase classname="ptolemy.util.test.junit.AutoTests" name="[296] /home/travis/build/icyphy/ptII/ptolemy/actor/lib/test/auto/PublisherSubscriberOpaque.xml (RunModel)" time="0.015" />
  <testcase classname="ptolemy.util.test.junit.AutoTests" name="[297] /home/travis/build/icyphy/ptII/ptolemy/actor/lib/test/auto/PublisherSubscriberOpaqueD3.xml (RunModel)" time="0.021" />
  <testcase classname="ptolemy.util.test.junit.AutoTests" name="[298] /home/travis/build/icyphy/ptII/ptolemy/actor/lib/test/auto/PublisherSubscriberOpaqueD3Reverse.xml (RunModel)" time="0.021" />
  <testcase classname="ptolemy.util.test.junit.AutoTests" name="[299] /home/travis/build/icyphy/ptII/ptolemy/actor/lib/test/auto/PublisherSubscriberOpaqueWidthInference.xml (RunModel)" time="0.014" />
  <testcase classname="ptolemy.util.test.junit.AutoTests" name="[300] /home/travis/build/icyphy/ptII/ptolemy/actor/lib/test/auto/PublisherTestSubscriber.xml (RunModel)" time="0.013" />
  <testcase classname="ptolemy.util.test.junit.AutoTests" name="[301] /home/travis/build/icyphy/ptII/ptolemy/actor/lib/test/auto/PublisherToplevelSubscriberPortAOC.xml (RunModel)" time="0.009" />
  <testcase classname="ptolemy.util.test.junit.AutoTests" name="[302] /home/travis/build/icyphy/ptII/ptolemy/actor/lib/test/auto/PulseFiringLimitDE.xml (RunModel)" time="0.011" />
  <testcase classname="ptolemy.util.test.junit.AutoTests" name="[303] /home/travis/build/icyphy/ptII/ptolemy/actor/lib/test/auto/Ramp1.xml (RunModel)" time="0.006" />
  <testcase classname="ptolemy.util.test.junit.AutoTests" name="[304] /home/travis/build/icyphy/ptII/ptolemy/actor/lib/test/auto/RampFiringLimitDE.xml (RunModel)" time="0.009" />
  <testcase classname="ptolemy.util.test.junit.AutoTests" name="[305] /home/travis/build/icyphy/ptII/ptolemy/actor/lib/test/auto/RampFiringLimitSDF.xml (RunModel)" time="0.008" />
  <testcase classname="ptolemy.util.test.junit.AutoTests" name="[306] /home/travis/build/icyphy/ptII/ptolemy/actor/lib/test/auto/RandomInteger.xml (RunModel)" time="0.006" />
  <testcase classname="ptolemy.util.test.junit.AutoTests" name="[307] /home/travis/build/icyphy/ptII/ptolemy/actor/lib/test/auto/ReadFile1.xml (RunModel)" time="0.006" />
  <testcase classname="ptolemy.util.test.junit.AutoTests" name="[308] /home/travis/build/icyphy/ptII/ptolemy/actor/lib/test/auto/ReadFile2.xml (RunModel)" time="0.005" />
  <testcase classname="ptolemy.util.test.junit.AutoTests" name="[309] /home/travis/build/icyphy/ptII/ptolemy/actor/lib/test/auto/Reader.xml (RunModel)" time="0.011" />
  <testcase classname="ptolemy.util.test.junit.AutoTests" name="[310] /home/travis/build/icyphy/ptII/ptolemy/actor/lib/test/auto/RecordAssemblerDisplayNameTest.xml (RunModel)" time="3.27" />
  <testcase classname="ptolemy.util.test.junit.AutoTests" name="[311] /home/travis/build/icyphy/ptII/ptolemy/actor/lib/test/auto/RecordAssemblerTypeError.xml (RunModel)" time="0.041" />
  <testcase classname="ptolemy.util.test.junit.AutoTests" name="[312] /home/travis/build/icyphy/ptII/ptolemy/actor/lib/test/auto/RecordDisassember.xml (RunModel)" time="0.015" />
  <testcase classname="ptolemy.util.test.junit.AutoTests" name="[313] /home/travis/build/icyphy/ptII/ptolemy/actor/lib/test/auto/RecordDisassemberDisplayNameTest.xml (RunModel)" time="0.015" />
  <testcase classname="ptolemy.util.test.junit.AutoTests" name="[314] /home/travis/build/icyphy/ptII/ptolemy/actor/lib/test/auto/RecordDisassembler.xml (RunModel)" time="0.007" />
  <testcase classname="ptolemy.util.test.junit.AutoTests" name="[315] /home/travis/build/icyphy/ptII/ptolemy/actor/lib/test/auto/RecordDisassembler2.xml (RunModel)" time="0.01" />
  <testcase classname="ptolemy.util.test.junit.AutoTests" name="[316] /home/travis/build/icyphy/ptII/ptolemy/actor/lib/test/auto/RecordUpdater.xml (RunModel)" time="0.008" />
  <testcase classname="ptolemy.util.test.junit.AutoTests" name="[317] /home/travis/build/icyphy/ptII/ptolemy/actor/lib/test/auto/RecordUpdater2.xml (RunModel)" time="0.006" />
  <testcase classname="ptolemy.util.test.junit.AutoTests" name="[318] /home/travis/build/icyphy/ptII/ptolemy/actor/lib/test/auto/RecursiveLattice.xml (RunModel)" time="0.006" />
  <testcase classname="ptolemy.util.test.junit.AutoTests" name="[319] /home/travis/build/icyphy/ptII/ptolemy/actor/lib/test/auto/Router.xml (RunModel)" time="3.02" />
  <testcase classname="ptolemy.util.test.junit.AutoTests" name="[320] /home/travis/build/icyphy/ptII/ptolemy/actor/lib/test/auto/Router2.xml (RunModel)" time="3.034" />
  <testcase classname="ptolemy.util.test.junit.AutoTests" name="[321] /home/travis/build/icyphy/ptII/ptolemy/actor/lib/test/auto/RunningMaximum.xml (RunModel)" time="0.01" />
  <testcase classname="ptolemy.util.test.junit.AutoTests" name="[322] /home/travis/build/icyphy/ptII/ptolemy/actor/lib/test/auto/RunningMinimum.xml (RunModel)" time="0.015" />
  <testcase classname="ptolemy.util.test.junit.AutoTests" name="[323] /home/travis/build/icyphy/ptII/ptolemy/actor/lib/test/auto/Scale.xml (RunModel)" time="0.016" />
  <testcase classname="ptolemy.util.test.junit.AutoTests" name="[324] /home/travis/build/icyphy/ptII/ptolemy/actor/lib/test/auto/Scale2.xml (RunModel)" time="0.009" />
  <testcase classname="ptolemy.util.test.junit.AutoTests" name="[325] /home/travis/build/icyphy/ptII/ptolemy/actor/lib/test/auto/Scale3.xml (RunModel)" time="0.011" />
  <testcase classname="ptolemy.util.test.junit.AutoTests" name="[326] /home/travis/build/icyphy/ptII/ptolemy/actor/lib/test/auto/ScaleArray.xml (RunModel)" time="0.006" />
  <testcase classname="ptolemy.util.test.junit.AutoTests" name="[327] /home/travis/build/icyphy/ptII/ptolemy/actor/lib/test/auto/ScaleArray2.xml (RunModel)" time="0.006" />
  <testcase classname="ptolemy.util.test.junit.AutoTests" name="[328] /home/travis/build/icyphy/ptII/ptolemy/actor/lib/test/auto/ScaleMatrix.xml (RunModel)" time="0.097" />
  <testcase classname="ptolemy.util.test.junit.AutoTests" name="[329] /home/travis/build/icyphy/ptII/ptolemy/actor/lib/test/auto/Select.xml (RunModel)" time="0.015" />
  <testcase classname="ptolemy.util.test.junit.AutoTests" name="[330] /home/travis/build/icyphy/ptII/ptolemy/actor/lib/test/auto/Select2.xml (RunModel)" time="0.006" />
  <testcase classname="ptolemy.util.test.junit.AutoTests" name="[331] /home/travis/build/icyphy/ptII/ptolemy/actor/lib/test/auto/SequenceToArray2.xml (RunModel)" time="0.128" />
  <testcase classname="ptolemy.util.test.junit.AutoTests" name="[332] /home/travis/build/icyphy/ptII/ptolemy/actor/lib/test/auto/SequentialClock.xml (RunModel)" time="0.007" />
  <testcase classname="ptolemy.util.test.junit.AutoTests" name="[333] /home/travis/build/icyphy/ptII/ptolemy/actor/lib/test/auto/SetVariable.xml (RunModel)" time="0.013" />
  <testcase classname="ptolemy.util.test.junit.AutoTests" name="[334] /home/travis/build/icyphy/ptII/ptolemy/actor/lib/test/auto/SetVariable2.xml (RunModel)" time="0.008" />
  <testcase classname="ptolemy.util.test.junit.AutoTests" name="[335] /home/travis/build/icyphy/ptII/ptolemy/actor/lib/test/auto/SetVariable3.xml (RunModel)" time="0.012" />
  <testcase classname="ptolemy.util.test.junit.AutoTests" name="[336] /home/travis/build/icyphy/ptII/ptolemy/actor/lib/test/auto/SetVariable4.xml (RunModel)" time="0.021" />
  <testcase classname="ptolemy.util.test.junit.AutoTests" name="[337] /home/travis/build/icyphy/ptII/ptolemy/actor/lib/test/auto/SetVariable5.xml (RunModel)" time="0.036" />
  <testcase classname="ptolemy.util.test.junit.AutoTests" name="[338] /home/travis/build/icyphy/ptII/ptolemy/actor/lib/test/auto/Sinewave.xml (RunModel)" time="0.023" />
  <testcase classname="ptolemy.util.test.junit.AutoTests" name="[339] /home/travis/build/icyphy/ptII/ptolemy/actor/lib/test/auto/Sinewave2.xml (RunModel)" time="0.014" />
  <testcase classname="ptolemy.util.test.junit.AutoTests" name="[340] /home/travis/build/icyphy/ptII/ptolemy/actor/lib/test/auto/Sinewave3.xml (RunModel)" time="0.018" />
  <testcase classname="ptolemy.util.test.junit.AutoTests" name="[341] /home/travis/build/icyphy/ptII/ptolemy/actor/lib/test/auto/SingleEvent.xml (RunModel)" time="0.008" />
  <testcase classname="ptolemy.util.test.junit.AutoTests" name="[342] /home/travis/build/icyphy/ptII/ptolemy/actor/lib/test/auto/Sleep.xml (RunModel)" time="6.016" />
  <testcase classname="ptolemy.util.test.junit.AutoTests" name="[343] /home/travis/build/icyphy/ptII/ptolemy/actor/lib/test/auto/SleepMultipleFire.xml (RunModel)" time="1.029" />
  <testcase classname="ptolemy.util.test.junit.AutoTests" name="[344] /home/travis/build/icyphy/ptII/ptolemy/actor/lib/test/auto/StopDE.xml (RunModel)" time="0.011" />
  <testcase classname="ptolemy.util.test.junit.AutoTests" name="[345] /home/travis/build/icyphy/ptII/ptolemy/actor/lib/test/auto/StopSDF.xml (RunModel)" time="0.009" />
  <testcase classname="ptolemy.util.test.junit.AutoTests" name="[346] /home/travis/build/icyphy/ptII/ptolemy/actor/lib/test/auto/StringConstant.xml (RunModel)" time="0.014" />
  <testcase classname="ptolemy.util.test.junit.AutoTests" name="[347] /home/travis/build/icyphy/ptII/ptolemy/actor/lib/test/auto/SubscriberPortInitialValues1.xml (RunModel)" time="0.016" />
  <testcase classname="ptolemy.util.test.junit.AutoTests" name="[348] /home/travis/build/icyphy/ptII/ptolemy/actor/lib/test/auto/SubscriberPortInitialValues13.xml (RunModel)" time="0.021" />
  <testcase classname="ptolemy.util.test.junit.AutoTests" name="[349] /home/travis/build/icyphy/ptII/ptolemy/actor/lib/test/auto/SubscriberPortInitialValues14.xml (RunModel)" time="0.011" />
  <testcase classname="ptolemy.util.test.junit.AutoTests" name="[350] /home/travis/build/icyphy/ptII/ptolemy/actor/lib/test/auto/SubscriberPortInitialValues2.xml (RunModel)" time="0.012" />
  <testcase classname="ptolemy.util.test.junit.AutoTests" name="[351] /home/travis/build/icyphy/ptII/ptolemy/actor/lib/test/auto/SubscriberPortInitialValues3.xml (RunModel)" time="0.014" />
  <testcase classname="ptolemy.util.test.junit.AutoTests" name="[352] /home/travis/build/icyphy/ptII/ptolemy/actor/lib/test/auto/SubscriptionAggregator.xml (RunModel)" time="0.009" />
  <testcase classname="ptolemy.util.test.junit.AutoTests" name="[353] /home/travis/build/icyphy/ptII/ptolemy/actor/lib/test/auto/SubscriptionAggregator2.xml (RunModel)" time="0.008" />
  <testcase classname="ptolemy.util.test.junit.AutoTests" name="[354] /home/travis/build/icyphy/ptII/ptolemy/actor/lib/test/auto/SubscriptionAggregator3.xml (RunModel)" time="0.011" />
  <testcase classname="ptolemy.util.test.junit.AutoTests" name="[355] /home/travis/build/icyphy/ptII/ptolemy/actor/lib/test/auto/SubscriptionAggregatorMultiply.xml (RunModel)" time="0.01" />
  <testcase classname="ptolemy.util.test.junit.AutoTests" name="[356] /home/travis/build/icyphy/ptII/ptolemy/actor/lib/test/auto/SubscriptionAggregatorPortMultiply1.xml (RunModel)" time="0.01" />
  <testcase classname="ptolemy.util.test.junit.AutoTests" name="[357] /home/travis/build/icyphy/ptII/ptolemy/actor/lib/test/auto/Switch.xml (RunModel)" time="0.015" />
  <testcase classname="ptolemy.util.test.junit.AutoTests" name="[358] /home/travis/build/icyphy/ptII/ptolemy/actor/lib/test/auto/Switch2.xml (RunModel)" time="0.007" />
  <testcase classname="ptolemy.util.test.junit.AutoTests" name="[359] /home/travis/build/icyphy/ptII/ptolemy/actor/lib/test/auto/SwitchDE.xml (RunModel)" time="0.011" />
  <testcase classname="ptolemy.util.test.junit.AutoTests" name="[360] /home/travis/build/icyphy/ptII/ptolemy/actor/lib/test/auto/SynchronizerDE.xml (RunModel)" time="0.018" />
  <testcase classname="ptolemy.util.test.junit.AutoTests" name="[361] /home/travis/build/icyphy/ptII/ptolemy/actor/lib/test/auto/Test.xml (RunModel)" time="0.007" />
  <testcase classname="ptolemy.util.test.junit.AutoTests" name="[362] /home/travis/build/icyphy/ptII/ptolemy/actor/lib/test/auto/TestExceptionAttribute1.xml (RunModel)" time="0.005" />
  <testcase classname="ptolemy.util.test.junit.AutoTests" name="[363] /home/travis/build/icyphy/ptII/ptolemy/actor/lib/test/auto/TestExceptionAttribute2.xml (RunModel)" time="0.006" />
  <testcase classname="ptolemy.util.test.junit.AutoTests" name="[364] /home/travis/build/icyphy/ptII/ptolemy/actor/lib/test/auto/TestExceptionAttribute3.xml (RunModel)" time="0.009" />
  <testcase classname="ptolemy.util.test.junit.AutoTests" name="[365] /home/travis/build/icyphy/ptII/ptolemy/actor/lib/test/auto/TestExceptionAttribute4.xml (RunModel)" time="0.004" />
  <testcase classname="ptolemy.util.test.junit.AutoTests" name="[366] /home/travis/build/icyphy/ptII/ptolemy/actor/lib/test/auto/TestExceptionHandler1.xml (RunModel)" time="0.006" />
  <testcase classname="ptolemy.util.test.junit.AutoTests" name="[367] /home/travis/build/icyphy/ptII/ptolemy/actor/lib/test/auto/TestExceptionHandler2.xml (RunModel)" time="0.009" />
  <testcase classname="ptolemy.util.test.junit.AutoTests" name="[368] /home/travis/build/icyphy/ptII/ptolemy/actor/lib/test/auto/TestExceptionHandler3.xml (RunModel)" time="0.017" />
  <testcase classname="ptolemy.util.test.junit.AutoTests" name="[369] /home/travis/build/icyphy/ptII/ptolemy/actor/lib/test/auto/TestExceptionHandler4.xml (RunModel)" time="0.004" />
  <testcase classname="ptolemy.util.test.junit.AutoTests" name="[370] /home/travis/build/icyphy/ptII/ptolemy/actor/lib/test/auto/TestRequireCorrectOrder.xml (RunModel)" time="0.01" />
  <testcase classname="ptolemy.util.test.junit.AutoTests" name="[371] /home/travis/build/icyphy/ptII/ptolemy/actor/lib/test/auto/TestSimple.xml (RunModel)" time="0.005" />
  <testcase classname="ptolemy.util.test.junit.AutoTests" name="[372] /home/travis/build/icyphy/ptII/ptolemy/actor/lib/test/auto/ThrowModelError.xml (RunModel)" time="0.008" />
  <testcase classname="ptolemy.util.test.junit.AutoTests" name="[373] /home/travis/build/icyphy/ptII/ptolemy/actor/lib/test/auto/TimeDelayMicrosteps.xml (RunModel)" time="0.011" />
  <testcase classname="ptolemy.util.test.junit.AutoTests" name="[374] /home/travis/build/icyphy/ptII/ptolemy/actor/lib/test/auto/TimeDelayMicrosteps2.xml (RunModel)" time="0.011" />
  <testcase classname="ptolemy.util.test.junit.AutoTests" name="[375] /home/travis/build/icyphy/ptII/ptolemy/actor/lib/test/auto/TimeDelayMicrosteps3.xml (RunModel)" time="0.011" />
  <testcase classname="ptolemy.util.test.junit.AutoTests" name="[376] /home/travis/build/icyphy/ptII/ptolemy/actor/lib/test/auto/TimeDelayVariableMicrosteps.xml (RunModel)" time="0.009" />
  <testcase classname="ptolemy.util.test.junit.AutoTests" name="[377] /home/travis/build/icyphy/ptII/ptolemy/actor/lib/test/auto/TimeGap.xml (RunModel)" time="0.012" />
  <testcase classname="ptolemy.util.test.junit.AutoTests" name="[378] /home/travis/build/icyphy/ptII/ptolemy/actor/lib/test/auto/TimeGap2.xml (RunModel)" time="0.008" />
  <testcase classname="ptolemy.util.test.junit.AutoTests" name="[379] /home/travis/build/icyphy/ptII/ptolemy/actor/lib/test/auto/TimedSinewave.xml (RunModel)" time="0.043" />
  <testcase classname="ptolemy.util.test.junit.AutoTests" name="[380] /home/travis/build/icyphy/ptII/ptolemy/actor/lib/test/auto/TimedSinewavePhase.xml (RunModel)" time="0.027" />
  <testcase classname="ptolemy.util.test.junit.AutoTests" name="[381] /home/travis/build/icyphy/ptII/ptolemy/actor/lib/test/auto/Timer.xml (RunModel)" time="0.016" />
  <testcase classname="ptolemy.util.test.junit.AutoTests" name="[382] /home/travis/build/icyphy/ptII/ptolemy/actor/lib/test/auto/TriangularDistTestModel.xml (RunModel)" time="0.013" />
  <testcase classname="ptolemy.util.test.junit.AutoTests" name="[383] /home/travis/build/icyphy/ptII/ptolemy/actor/lib/test/auto/TrigFunction.xml (RunModel)" time="0.007" />
  <testcase classname="ptolemy.util.test.junit.AutoTests" name="[384] /home/travis/build/icyphy/ptII/ptolemy/actor/lib/test/auto/TrigFunctionDE.xml (RunModel)" time="0.007" />
  <testcase classname="ptolemy.util.test.junit.AutoTests" name="[385] /home/travis/build/icyphy/ptII/ptolemy/actor/lib/test/auto/TrigFunctionInverse.xml (RunModel)" time="0.006" />
  <testcase classname="ptolemy.util.test.junit.AutoTests" name="[386] /home/travis/build/icyphy/ptII/ptolemy/actor/lib/test/auto/TrigFunctionTan.xml (RunModel)" time="0.057" />
  <testcase classname="ptolemy.util.test.junit.AutoTests" name="[387] /home/travis/build/icyphy/ptII/ptolemy/actor/lib/test/auto/TriggeredClock.xml (RunModel)" time="0.006" />
  <testcase classname="ptolemy.util.test.junit.AutoTests" name="[388] /home/travis/build/icyphy/ptII/ptolemy/actor/lib/test/auto/URLDirectoryReader.xml (RunModel)" time="0.103" />
  <testcase classname="ptolemy.util.test.junit.AutoTests" name="[389] /home/travis/build/icyphy/ptII/ptolemy/actor/lib/test/auto/URLDirectoryReader3.xml (RunModel)" time="1.595" />
  <testcase classname="ptolemy.util.test.junit.AutoTests" name="[390] /home/travis/build/icyphy/ptII/ptolemy/actor/lib/test/auto/UnaryMathFunction.xml (RunModel)" time="0.025" />
  <testcase classname="ptolemy.util.test.junit.AutoTests" name="[391] /home/travis/build/icyphy/ptII/ptolemy/actor/lib/test/auto/Uniform.xml (RunModel)" time="0.01" />
  <testcase classname="ptolemy.util.test.junit.AutoTests" name="[392] /home/travis/build/icyphy/ptII/ptolemy/actor/lib/test/auto/UnionDisassemblerTest.xml (RunModel)" time="0.024" />
  <testcase classname="ptolemy.util.test.junit.AutoTests" name="[393] /home/travis/build/icyphy/ptII/ptolemy/actor/lib/test/auto/UtilityFunctions.xml (RunModel)" time="0.006" />
  <testcase classname="ptolemy.util.test.junit.AutoTests" name="[394] /home/travis/build/icyphy/ptII/ptolemy/actor/lib/test/auto/VariableSleep.xml (RunModel)" time="0.511" />
  <testcase classname="ptolemy.util.test.junit.AutoTests" name="[395] /home/travis/build/icyphy/ptII/ptolemy/actor/lib/test/auto/VectorAssemblerDisassemblerCT.xml (RunModel)" time="0.097" />
  <testcase classname="ptolemy.util.test.junit.AutoTests" name="[396] /home/travis/build/icyphy/ptII/ptolemy/actor/lib/test/auto/VectorAssemblerDisassemblerDE.xml (RunModel)" time="0.018" />
  <testcase classname="ptolemy.util.test.junit.AutoTests" name="[397] /home/travis/build/icyphy/ptII/ptolemy/actor/lib/test/auto/VectorAssemblerDisassemblerSDF.xml (RunModel)" time="0.011" />
  <testcase classname="ptolemy.util.test.junit.AutoTests" name="[398] /home/travis/build/icyphy/ptII/ptolemy/actor/lib/test/auto/WallClockTime.xml (RunModel)" time="1.01" />
  <testcase classname="ptolemy.util.test.junit.AutoTests" name="[399] /home/travis/build/icyphy/ptII/ptolemy/actor/lib/test/auto/WidthTestWithSubscriberPublisher.xml (RunModel)" time="0.047" />
  <testcase classname="ptolemy.util.test.junit.AutoTests" name="[400] /home/travis/build/icyphy/ptII/ptolemy/actor/lib/test/auto/WidthTestWithSubscriberPublisher2.xml (RunModel)" time="0.012" />
  <testcase classname="ptolemy.util.test.junit.AutoTests" name="[401] /home/travis/build/icyphy/ptII/ptolemy/actor/lib/test/auto/WidthTestWithSubscriberPublisher3.xml (RunModel)" time="0.01" />
  <testcase classname="ptolemy.util.test.junit.AutoTests" name="[402] /home/travis/build/icyphy/ptII/ptolemy/actor/lib/test/auto/Writer.xml (RunModel)" time="0.005" />
  <testcase classname="ptolemy.util.test.junit.AutoTests" name="[403] /home/travis/build/icyphy/ptII/ptolemy/actor/lib/test/auto/array.xml (RunModel)" time="0.017" />
  <testcase classname="ptolemy.util.test.junit.AutoTests" name="[404] /home/travis/build/icyphy/ptII/ptolemy/actor/lib/test/auto/array2.xml (RunModel)" time="0.015" />
  <testcase classname="ptolemy.util.test.junit.AutoTests" name="[405] /home/travis/build/icyphy/ptII/ptolemy/actor/lib/test/auto/arrayType.xml (RunModel)" time="0.007" />
  <testcase classname="ptolemy.util.test.junit.AutoTests" name="[406] /home/travis/build/icyphy/ptII/ptolemy/actor/lib/test/auto/arrayType10.xml (RunModel)" time="0.006" />
  <testcase classname="ptolemy.util.test.junit.AutoTests" name="[407] /home/travis/build/icyphy/ptII/ptolemy/actor/lib/test/auto/arrayType11.xml (RunModel)" time="0.006" />
  <testcase classname="ptolemy.util.test.junit.AutoTests" name="[408] /home/travis/build/icyphy/ptII/ptolemy/actor/lib/test/auto/arrayType12.xml (RunModel)" time="0.009" />
  <testcase classname="ptolemy.util.test.junit.AutoTests" name="[409] /home/travis/build/icyphy/ptII/ptolemy/actor/lib/test/auto/arrayType13.xml (RunModel)" time="0.014" />
  <testcase classname="ptolemy.util.test.junit.AutoTests" name="[410] /home/travis/build/icyphy/ptII/ptolemy/actor/lib/test/auto/arrayType14.xml (RunModel)" time="0.007" />
  <testcase classname="ptolemy.util.test.junit.AutoTests" name="[411] /home/travis/build/icyphy/ptII/ptolemy/actor/lib/test/auto/arrayType15.xml (RunModel)" time="0.007" />
  <testcase classname="ptolemy.util.test.junit.AutoTests" name="[412] /home/travis/build/icyphy/ptII/ptolemy/actor/lib/test/auto/arrayType16.xml (RunModel)" time="0.009" />
  <testcase classname="ptolemy.util.test.junit.AutoTests" name="[413] /home/travis/build/icyphy/ptII/ptolemy/actor/lib/test/auto/arrayType17.xml (RunModel)" time="0.007" />
  <testcase classname="ptolemy.util.test.junit.AutoTests" name="[414] /home/travis/build/icyphy/ptII/ptolemy/actor/lib/test/auto/arrayType18.xml (RunModel)" time="0.006" />
  <testcase classname="ptolemy.util.test.junit.AutoTests" name="[415] /home/travis/build/icyphy/ptII/ptolemy/actor/lib/test/auto/arrayType19.xml (RunModel)" time="0.01" />
  <testcase classname="ptolemy.util.test.junit.AutoTests" name="[416] /home/travis/build/icyphy/ptII/ptolemy/actor/lib/test/auto/arrayType2.xml (RunModel)" time="0.006" />
  <testcase classname="ptolemy.util.test.junit.AutoTests" name="[417] /home/travis/build/icyphy/ptII/ptolemy/actor/lib/test/auto/arrayType20.xml (RunModel)" time="0.006" />
  <testcase classname="ptolemy.util.test.junit.AutoTests" name="[418] /home/travis/build/icyphy/ptII/ptolemy/actor/lib/test/auto/arrayType21.xml (RunModel)" time="0.006" />
  <testcase classname="ptolemy.util.test.junit.AutoTests" name="[419] /home/travis/build/icyphy/ptII/ptolemy/actor/lib/test/auto/arrayType22.xml (RunModel)" time="0.006" />
  <testcase classname="ptolemy.util.test.junit.AutoTests" name="[420] /home/travis/build/icyphy/ptII/ptolemy/actor/lib/test/auto/arrayType23.xml (RunModel)" time="0.005" />
  <testcase classname="ptolemy.util.test.junit.AutoTests" name="[421] /home/travis/build/icyphy/ptII/ptolemy/actor/lib/test/auto/arrayType24.xml (RunModel)" time="0.006" />
  <testcase classname="ptolemy.util.test.junit.AutoTests" name="[422] /home/travis/build/icyphy/ptII/ptolemy/actor/lib/test/auto/arrayType25.xml (RunModel)" time="0.006" />
  <testcase classname="ptolemy.util.test.junit.AutoTests" name="[423] /home/travis/build/icyphy/ptII/ptolemy/actor/lib/test/auto/arrayType26.xml (RunModel)" time="0.006" />
  <testcase classname="ptolemy.util.test.junit.AutoTests" name="[424] /home/travis/build/icyphy/ptII/ptolemy/actor/lib/test/auto/arrayType27.xml (RunModel)" time="0.007" />
  <testcase classname="ptolemy.util.test.junit.AutoTests" name="[425] /home/travis/build/icyphy/ptII/ptolemy/actor/lib/test/auto/arrayType28.xml (RunModel)" time="0.006" />
  <testcase classname="ptolemy.util.test.junit.AutoTests" name="[426] /home/travis/build/icyphy/ptII/ptolemy/actor/lib/test/auto/arrayType3.xml (RunModel)" time="0.006" />
  <testcase classname="ptolemy.util.test.junit.AutoTests" name="[427] /home/travis/build/icyphy/ptII/ptolemy/actor/lib/test/auto/arrayType4.xml (RunModel)" time="0.006" />
  <testcase classname="ptolemy.util.test.junit.AutoTests" name="[428] /home/travis/build/icyphy/ptII/ptolemy/actor/lib/test/auto/arrayType5.xml (RunModel)" time="0.006" />
  <testcase classname="ptolemy.util.test.junit.AutoTests" name="[429] /home/travis/build/icyphy/ptII/ptolemy/actor/lib/test/auto/arrayType6.xml (RunModel)" time="0.006" />
  <testcase classname="ptolemy.util.test.junit.AutoTests" name="[430] /home/travis/build/icyphy/ptII/ptolemy/actor/lib/test/auto/arrayType7.xml (RunModel)" time="0.005" />
  <testcase classname="ptolemy.util.test.junit.AutoTests" name="[431] /home/travis/build/icyphy/ptII/ptolemy/actor/lib/test/auto/arrayType8.xml (RunModel)" time="0.011" />
  <testcase classname="ptolemy.util.test.junit.AutoTests" name="[432] /home/travis/build/icyphy/ptII/ptolemy/actor/lib/test/auto/arrayType9.xml (RunModel)" time="0.005" />
  <testcase classname="ptolemy.util.test.junit.AutoTests" name="[433] /home/travis/build/icyphy/ptII/ptolemy/actor/lib/test/auto/cast.xml (RunModel)" time="0.006" />
  <testcase classname="ptolemy.util.test.junit.AutoTests" name="[434] /home/travis/build/icyphy/ptII/ptolemy/actor/lib/test/auto/compositeMultiPort.xml (RunModel)" time="0.013" />
  <testcase classname="ptolemy.util.test.junit.AutoTests" name="[435] /home/travis/build/icyphy/ptII/ptolemy/actor/lib/test/auto/expressionCastInference.xml (RunModel)" time="0.015" />
  <testcase classname="ptolemy.util.test.junit.AutoTests" name="[436] /home/travis/build/icyphy/ptII/ptolemy/actor/lib/test/auto/expressionCastInference2.xml (RunModel)" time="0.009" />
  <testcase classname="ptolemy.util.test.junit.AutoTests" name="[437] /home/travis/build/icyphy/ptII/ptolemy/actor/lib/test/auto/expressionInference.xml (RunModel)" time="0.005" />
  <testcase classname="ptolemy.util.test.junit.AutoTests" name="[438] /home/travis/build/icyphy/ptII/ptolemy/actor/lib/test/auto/expression_bug.xml (RunModel)" time="0.036" />
  <testcase classname="ptolemy.util.test.junit.AutoTests" name="[439] /home/travis/build/icyphy/ptII/ptolemy/actor/lib/test/auto/factorial.xml (RunModel)" time="0.053" />
  <testcase classname="ptolemy.util.test.junit.AutoTests" name="[440] /home/travis/build/icyphy/ptII/ptolemy/actor/lib/test/auto/filterTest1.xml (RunModel)" time="0.02" />
  <testcase classname="ptolemy.util.test.junit.AutoTests" name="[441] /home/travis/build/icyphy/ptII/ptolemy/actor/lib/test/auto/funcApplyInConst.xml (RunModel)" time="0.033" />
  <testcase classname="ptolemy.util.test.junit.AutoTests" name="[442] /home/travis/build/icyphy/ptII/ptolemy/actor/lib/test/auto/funcApplyInExpr.xml (RunModel)" time="0.024" />
  <testcase classname="ptolemy.util.test.junit.AutoTests" name="[443] /home/travis/build/icyphy/ptII/ptolemy/actor/lib/test/auto/function.xml (RunModel)" time="0.009" />
  <testcase classname="ptolemy.util.test.junit.AutoTests" name="[444] /home/travis/build/icyphy/ptII/ptolemy/actor/lib/test/auto/function2.xml (RunModel)" time="0.007" />
  <testcase classname="ptolemy.util.test.junit.AutoTests" name="[445] /home/travis/build/icyphy/ptII/ptolemy/actor/lib/test/auto/function3.xml (RunModel)" time="0.005" />
  <testcase classname="ptolemy.util.test.junit.AutoTests" name="[446] /home/travis/build/icyphy/ptII/ptolemy/actor/lib/test/auto/functionClosureTest1.xml (RunModel)" time="0.009" />
  <testcase classname="ptolemy.util.test.junit.AutoTests" name="[447] /home/travis/build/icyphy/ptII/ptolemy/actor/lib/test/auto/functionClosureTest2.xml (RunModel)" time="0.005" />
  <testcase classname="ptolemy.util.test.junit.AutoTests" name="[448] /home/travis/build/icyphy/ptII/ptolemy/actor/lib/test/auto/functionClosureTest3.xml (RunModel)" time="0.021" />
  <testcase classname="ptolemy.util.test.junit.AutoTests" name="[449] /home/travis/build/icyphy/ptII/ptolemy/actor/lib/test/auto/functionClosureTest4.xml (RunModel)" time="0.032" />
  <testcase classname="ptolemy.util.test.junit.AutoTests" name="[450] /home/travis/build/icyphy/ptII/ptolemy/actor/lib/test/auto/functionClosureTest5.xml (RunModel)" time="0.015" />
  <testcase classname="ptolemy.util.test.junit.AutoTests" name="[451] /home/travis/build/icyphy/ptII/ptolemy/actor/lib/test/auto/functionClosureTest6.xml (RunModel)" time="0.005" />
  <testcase classname="ptolemy.util.test.junit.AutoTests" name="[452] /home/travis/build/icyphy/ptII/ptolemy/actor/lib/test/auto/functionsOnArcs.xml (RunModel)" time="0.007" />
  <testcase classname="ptolemy.util.test.junit.AutoTests" name="[453] /home/travis/build/icyphy/ptII/ptolemy/actor/lib/test/auto/functionsOnArcsHOF.xml (RunModel)" time="0.012" />
  <testcase classname="ptolemy.util.test.junit.AutoTests" name="[454] /home/travis/build/icyphy/ptII/ptolemy/actor/lib/test/auto/logic.xml (RunModel)" time="0.013" />
  <testcase classname="ptolemy.util.test.junit.AutoTests" name="[455] /home/travis/build/icyphy/ptII/ptolemy/actor/lib/test/auto/matrixType.xml (RunModel)" time="0.006" />
  <testcase classname="ptolemy.util.test.junit.AutoTests" name="[456] /home/travis/build/icyphy/ptII/ptolemy/actor/lib/test/auto/matrixType10.xml (RunModel)" time="0.007" />
  <testcase classname="ptolemy.util.test.junit.AutoTests" name="[457] /home/travis/build/icyphy/ptII/ptolemy/actor/lib/test/auto/matrixType11.xml (RunModel)" time="0.006" />
  <testcase classname="ptolemy.util.test.junit.AutoTests" name="[458] /home/travis/build/icyphy/ptII/ptolemy/actor/lib/test/auto/matrixType12.xml (RunModel)" time="0.008" />
  <testcase classname="ptolemy.util.test.junit.AutoTests" name="[459] /home/travis/build/icyphy/ptII/ptolemy/actor/lib/test/auto/matrixType13.xml (RunModel)" time="0.006" />
  <testcase classname="ptolemy.util.test.junit.AutoTests" name="[460] /home/travis/build/icyphy/ptII/ptolemy/actor/lib/test/auto/matrixType14.xml (RunModel)" time="0.007" />
  <testcase classname="ptolemy.util.test.junit.AutoTests" name="[461] /home/travis/build/icyphy/ptII/ptolemy/actor/lib/test/auto/matrixType2.xml (RunModel)" time="0.006" />
  <testcase classname="ptolemy.util.test.junit.AutoTests" name="[462] /home/travis/build/icyphy/ptII/ptolemy/actor/lib/test/auto/matrixType3.xml (RunModel)" time="0.009" />
  <testcase classname="ptolemy.util.test.junit.AutoTests" name="[463] /home/travis/build/icyphy/ptII/ptolemy/actor/lib/test/auto/matrixType4.xml (RunModel)" time="0.006" />
  <testcase classname="ptolemy.util.test.junit.AutoTests" name="[464] /home/travis/build/icyphy/ptII/ptolemy/actor/lib/test/auto/matrixType5.xml (RunModel)" time="0.005" />
  <testcase classname="ptolemy.util.test.junit.AutoTests" name="[465] /home/travis/build/icyphy/ptII/ptolemy/actor/lib/test/auto/matrixType6.xml (RunModel)" time="0.006" />
  <testcase classname="ptolemy.util.test.junit.AutoTests" name="[466] /home/travis/build/icyphy/ptII/ptolemy/actor/lib/test/auto/matrixType7.xml (RunModel)" time="0.006" />
  <testcase classname="ptolemy.util.test.junit.AutoTests" name="[467] /home/travis/build/icyphy/ptII/ptolemy/actor/lib/test/auto/matrixType8.xml (RunModel)" time="0.006" />
  <testcase classname="ptolemy.util.test.junit.AutoTests" name="[468] /home/travis/build/icyphy/ptII/ptolemy/actor/lib/test/auto/matrixType9.xml (RunModel)" time="0.005" />
  <testcase classname="ptolemy.util.test.junit.AutoTests" name="[469] /home/travis/build/icyphy/ptII/ptolemy/actor/lib/test/auto/paraFunctest.xml (RunModel)" time="0.005" />
  <testcase classname="ptolemy.util.test.junit.AutoTests" name="[470] /home/travis/build/icyphy/ptII/ptolemy/actor/lib/test/auto/paraFunctest2.xml (RunModel)" time="0.009" />
  <testcase classname="ptolemy.util.test.junit.AutoTests" name="[471] /home/travis/build/icyphy/ptII/ptolemy/actor/lib/test/auto/parameterPassing.xml (RunModel)" time="0.01" />
  <testcase classname="ptolemy.util.test.junit.AutoTests" name="[472] /home/travis/build/icyphy/ptII/ptolemy/actor/lib/test/auto/record.xml (RunModel)" time="0.008" />
  <testcase classname="ptolemy.util.test.junit.AutoTests" name="[473] /home/travis/build/icyphy/ptII/ptolemy/actor/lib/test/auto/sizedarray1.xml (RunModel)" time="0.008" />
  <testcase classname="ptolemy.util.test.junit.AutoTests" name="[474] /home/travis/build/icyphy/ptII/ptolemy/actor/lib/test/auto/sizedarray2.xml (RunModel)" time="0.008" />
  <testcase classname="ptolemy.util.test.junit.AutoTests" name="[475] /home/travis/build/icyphy/ptII/ptolemy/actor/lib/test/auto/twoPublishers.xml (RunModel)" time="0.022" />
  <system-out><![CDATA[/home/travis/build/icyphy/ptII/ptolemy/actor/lib/test/AbsoluteValue.tcl
testDefs.tcl: setting time out to 9000 seconds at Sat Apr 04 13:47:49 UTC 2020
91 ms. Memory: 129024K Free: 93123K (72%)
10 ms. Memory: 129024K Free: 91075K (71%)
5 ms. Memory: 129024K Free: 90051K (70%)
5 ms. Memory: 129024K Free: 89523K (69%)
/home/travis/build/icyphy/ptII/ptolemy/actor/lib/test/AddSubtract.tcl
16 ms. Memory: 129024K Free: 87475K (68%)
12 ms. Memory: 129024K Free: 86979K (67%)
7 ms. Memory: 129024K Free: 85955K (67%)
11 ms. Memory: 129024K Free: 85427K (66%)
73 ms. Memory: 129024K Free: 82369K (64%)
11 ms. Memory: 129024K Free: 81331K (63%)
/home/travis/build/icyphy/ptII/ptolemy/actor/lib/test/Average.tcl
14 ms. Memory: 129024K Free: 79811K (62%)
5 ms. Memory: 129024K Free: 78787K (61%)
/home/travis/build/icyphy/ptII/ptolemy/actor/lib/test/Bernoulli.tcl
3 ms. Memory: 129024K Free: 77243K (60%)
2 ms. Memory: 129024K Free: 76739K (59%)
/home/travis/build/icyphy/ptII/ptolemy/actor/lib/test/Clock.tcl
preinitializing
resolving types
initializing
executing number 1
wrapping up
idle
27 ms. Memory: 129024K Free: 74177K (57%)
Completed execution with 5 iterations
preinitializing
resolving types
initializing
executing number 1
wrapping up
idle
7 ms. Memory: 129024K Free: 73139K (57%)
Completed execution with 5 iterations
preinitializing
resolving types
initializing
executing number 1
wrapping up
idle
3 ms. Memory: 129024K Free: 72643K (56%)
Completed execution with 5 iterations
/home/travis/build/icyphy/ptII/ptolemy/actor/lib/test/Commutator.tcl
11 ms. Memory: 129024K Free: 70595K (55%)
6 ms. Memory: 129024K Free: 69571K (54%)
19 ms. Memory: 129024K Free: 63923K (50%)
/home/travis/build/icyphy/ptII/ptolemy/actor/lib/test/Const.tcl
3 ms. Memory: 129024K Free: 62403K (48%)
2 ms. Memory: 129024K Free: 61875K (48%)
2 ms. Memory: 129024K Free: 61379K (48%)
2 ms. Memory: 129024K Free: 60865K (47%)
2 ms. Memory: 129024K Free: 60355K (47%)
10 ms. Memory: 129024K Free: 58307K (45%)
4 ms. Memory: 129024K Free: 56763K (44%)
7 ms. Memory: 129024K Free: 56259K (44%)
/home/travis/build/icyphy/ptII/ptolemy/actor/lib/test/CurrentTime.tcl
preinitializing
resolving types
initializing
executing number 1
wrapping up
idle
6 ms. Memory: 129024K Free: 54211K (42%)
Completed execution with 11 iterations
/home/travis/build/icyphy/ptII/ptolemy/actor/lib/test/DB.tcl
3 ms. Memory: 129024K Free: 52659K (41%)
1 ms. Memory: 129024K Free: 51649K (40%)
2 ms. Memory: 129024K Free: 51649K (40%)
/home/travis/build/icyphy/ptII/ptolemy/actor/lib/test/DiscreteRandomSource.tcl
preinitializing
resolving types
initializing
executing number 1
wrapping up
idle
9 ms. Memory: 129024K Free: 50115K (39%)
Completed execution with 4 iterations
preinitializing
resolving types
initializing
executing number 1
wrapping up
idle
5 ms. Memory: 129024K Free: 49587K (38%)
Completed execution with 4 iterations
preinitializing
resolving types
initializing
executing number 1
wrapping up
idle
6 ms. Memory: 129024K Free: 49091K (38%)
Completed execution with 4 iterations
preinitializing
resolving types
initializing
executing number 1
wrapping up
idle
15 ms. Memory: 129024K Free: 48547K (38%)
Completed execution with 4 iterations
preinitializing
resolving types
initializing
executing number 1
wrapping up
idle
3 ms. Memory: 129024K Free: 48067K (37%)
Completed execution with 4 iterations
/home/travis/build/icyphy/ptII/ptolemy/actor/lib/test/Distributor.tcl
4 ms. Memory: 129024K Free: 113032K (88%)
10 ms. Memory: 129024K Free: 112547K (87%)
StreamChangeRequest.changeExecuted(): <deleteEntity name="rec2"/> succeeded
StreamChangeRequest.changeExecuted(): <deleteRelation name="r2"/> succeeded
StreamChangeRequest.changeExecuted(): Record firings per iteration succeeded
6 ms. Memory: 129024K Free: 109974K (85%)
/home/travis/build/icyphy/ptII/ptolemy/actor/lib/test/Exit.tcl
Exit.tcl: this will print a message about Manager.exitAfterWrapup, which can be ignored.
8 ms. Memory: 129024K Free: 106948K (83%)
/home/travis/build/icyphy/ptII/ptolemy/actor/lib/test/Expression.tcl
18 ms. Memory: 129024K Free: 103346K (80%)
11 ms. Memory: 129024K Free: 102792K (80%)
2 ms. Memory: 129024K Free: 102275K (79%)
preinitializing
resolving types
initializing
executing number 1
wrapping up
idle
12 ms. Memory: 129024K Free: 100736K (78%)
Completed execution with 6 iterations
8 ms. Memory: 129024K Free: 99734K (77%)
2 ms. Memory: 129024K Free: 99249K (77%)
9 ms. Memory: 129024K Free: 97656K (76%)
4 ms. Memory: 129024K Free: 96662K (75%)
9 ms. Memory: 129024K Free: 95131K (74%)
/home/travis/build/icyphy/ptII/ptolemy/actor/lib/test/Gaussian.tcl
8 ms. Memory: 129024K Free: 93582K (73%)
sleeping 1 seconds: ......................................................................................................................................................................................................................................................................................................................................................................................................................................................................................................................................................................................................................................................................................................................................................................................................................................................................................................................................................................................................................................................................................................................................................................................................................................................................................................................................................................................................................................................................................................................................................................................................................................................................................................................................................................................................................................................................................................................................................................................................................................................................................................................................................................................................................................................................................................................................................................................................................................................................................................................................................................................................................................................................................................................................................................................................................................................................................................................................................................................................................................................................................................................................................................................................................................................................................................................................................................................................................................................................................................................................................................................................................................................................................................................................................................................................................................................................................................................................................................................................................................................................................................................................................................................................................................................................................................................................................................................................................................................................................................................................................................................................................................................................................................................................................................................................................................................................................................................................................................................................................................................................................................................................................................................................................................................................................................................................................................................................................................................................................................................................................................................................................................................................................................................................................................................................................................................................................................................................................................................................................................................................................................................................................................................................................................................................................................................................................................................................................................................................................................................................................................................................................................................................................................................................................................................................................................................................................................................................................................................................................................................................................................................................................................................................................................................................................................................................................................................................................................................................................................................................................................................................................................................................................................................................................................................................................................................................................................................................................................................................................................................................................................................................................................................................................................................................................................................................................................................................................................................................................................................................................................................................................................................................................................................................................................................................................................................................................................................................................................................................................................................................................................................................................................................................................................................................................................................................................................................................................................................................................................................................................................................................................................................................................................................................................................................................................................................................................................................................................................................................................................................................................................................................................................................................................................................................................................................................................................................................................................................................................................................................................................................................................................................................................................................................................................................................................................................................................................................................................................................................................................................................................................................................................................................................................................................................................................................................................................................................................................................................................................................................................................................................................................................................................................................................................................................................................................................................................................................................................................................................................................................................................................................................................................................................................................................................................................................................................................................................................................................................................................................................................................................................................................................................................................................................................................................................................................................................................................................................................................................................................................................................................................................................................................................................................................................................................................................................................................................................................................................................................................................................................................................................................................................................................................................................................................................................................................................................................................................................................................................................................................................................................................................................................................................................................................................................................................................................................................................................................................................................................................................................................................................................................................................................................................................................................................................................................................................................................................................................................................................................................................................................................................................................................................................................................................................................................................................................................................................................................................................................................................................................................................................................................................................................................................................................................................................................................................................................................................................................................................................................................................................................................................................................................................................................................................................................................................................................................................................................................................................................................................................................................................................................................................................................................................................................................................................................................................................................................................................................................................................................................................................................................................................................................................................................................................................................................................................................................................................................................................................................................................................................................................................................................................................................................................................................................................................................................................................................................................................................................................................................................................................................................................................................................................................................................................................................................................................................................................................................................................................................................................................................................................................................................................................................................................................................................................................................................................................................................................................................................................................................................................................................................................................................................................................................................................................................................................................................................................................................................................................................................................................................................................................................................................................................................................................................................................................................................................................................................................................................................................................................................................................................................................................................................................................................................................................................................................................................................................................................................................................................................................................................................................................................................................................................................................................................................................................................................................................................................................................................................................................................................................................................................................................................................................................................................................................................................................................................................................................................................................................................................................................................................................................................................................................................................................................................................................................................................................................................................................................................................................................................................................................................................................................................................................................................................................................................................................................................................................................................................................................................................................................................................................................................................................................................................................................................................................................................................................................................................................................................................................................................................................................................................................................................................................................................................................................................................................................................................................................................................................................................................................................................................................................................................................................................................................................................................................................................................................................................................................................................................................................................................................................................................................................................................................................................................................................................................................................................................................................................................................................................................................................................................................................................................................................................................................................................................................................................................................................................................................................................................................................................................................................................................................................................................................................................................................................................................................................................................................................................................................................................................................................................................................................................................................................................................................................................................................................................................................................................................................................................................................................................................................................................................................................................................................................................................................................................................................................................................................................................................................................................................................................................................................................................................................................................................................................................................................................................................................................................................................................................................................................................................................................................................................................................................................................................................................................................................................................................................................................................................................................................................................................................................................................................................................................................................................................................................................................................................................................................................................................................................................................................................................................................................................................................................................................................................................................................................................................................................................................................................................................................................................................................................................................................................................................................................................................................................................................................................................................................................................................................................................................................................................................................................................................................................................................................................................................................................................................................................................................................................................................................................................................................................................................................................................................................................................................................................................................................................................................................................................................................................................................................................................................................................................................................................................................................................................................................................................................................................................................................................................................................................................................................................................................................................................................................................................................................................................................................................................................................................................................................................................................................................................................................................................................................................................................................................................................................................................................................................................................................................................................................................................................................................................................................................................................................................2 ms. Memory: 129024K Free: 73678K (57%)
2 ms. Memory: 129024K Free: 73168K (57%)
2 ms. Memory: 129024K Free: 72640K (56%)
2 ms. Memory: 129024K Free: 71616K (56%)
2 ms. Memory: 129024K Free: 71120K (55%)
/home/travis/build/icyphy/ptII/ptolemy/actor/lib/test/IIR.tcl
/home/travis/build/icyphy/ptII/ptolemy/actor/lib/test/Interpolator.tcl
3 ms. Memory: 129024K Free: 67528K (52%)
1 ms. Memory: 129024K Free: 66510K (52%)
2 ms. Memory: 129024K Free: 66000K (51%)
1 ms. Memory: 129024K Free: 65486K (51%)
2 ms. Memory: 129024K Free: 64976K (50%)
1 ms. Memory: 129024K Free: 63952K (50%)
1 ms. Memory: 129024K Free: 62928K (49%)
2 ms. Memory: 129024K Free: 61904K (48%)
1 ms. Memory: 129024K Free: 61376K (48%)
2 ms. Memory: 129024K Free: 60352K (47%)
/home/travis/build/icyphy/ptII/ptolemy/actor/lib/test/MathFunction.tcl
3 ms. Memory: 129024K Free: 58304K (45%)
2 ms. Memory: 129024K Free: 57280K (44%)
2 ms. Memory: 129024K Free: 56256K (44%)
5 ms. Memory: 129024K Free: 113242K (88%)
6 ms. Memory: 129024K Free: 112232K (87%)
5 ms. Memory: 129024K Free: 110154K (85%)
/home/travis/build/icyphy/ptII/ptolemy/actor/lib/test/Maximum.tcl
4 ms. Memory: 129024K Free: 108122K (84%)
6 ms. Memory: 129024K Free: 107626K (83%)
5 ms. Memory: 129024K Free: 107112K (83%)
4 ms. Memory: 129024K Free: 106074K (82%)
/home/travis/build/icyphy/ptII/ptolemy/actor/lib/test/Minimum.tcl
7 ms. Memory: 129024K Free: 104026K (81%)
2 ms. Memory: 129024K Free: 103530K (80%)
2 ms. Memory: 129024K Free: 102506K (79%)
3 ms. Memory: 129024K Free: 101986K (79%)
/home/travis/build/icyphy/ptII/ptolemy/actor/lib/test/MultiplyDivide.tcl
9 ms. Memory: 129024K Free: 99930K (77%)
8 ms. Memory: 129024K Free: 99432K (77%)
2 ms. Memory: 129024K Free: 98410K (76%)
3 ms. Memory: 129024K Free: 97882K (76%)
4 ms. Memory: 129024K Free: 97386K (75%)
/home/travis/build/icyphy/ptII/ptolemy/actor/lib/test/OrderedMerge.tcl
Connections changed on port: inputA
Connections changed on port: inputB
Connections changed on port: output
Connections changed on port: output
Connections changed on port: output
Connections changed on port: input
.top. Preinitializing ...
Invoking preinitialize():  .top.OrderedMerge
Called preinitialize()
Invoking preinitialize():  .top.Ramp
Called preinitialize()
Invoking preinitialize():  .top.Ramp2
Called preinitialize()
Invoking preinitialize():  .top.Test
Called preinitialize()
Connections changed on port: inputA
Connections changed on port: output
Connections changed on port: output
Connections changed on port: input
Connections changed on port: inputB
Connections changed on port: output
.top. Finished preinitialize().
Called initialize().
Invoking initialize():  .top.OrderedMerge
Initializing actor: .top.OrderedMerge
Adding a thread: .top.OrderedMerge
Invoking initialize():  .top.Ramp
Initializing actor: .top.Ramp
Adding a thread: .top.Ramp
Invoking initialize():  .top.Ramp2
Initializing actor: .top.Ramp2
Adding a thread: .top.Ramp2
Invoking initialize():  .top.Test
Initializing actor: .top.Test
Adding a thread: .top.Test
Called fire().
Checking for deadlock:
-- Starting thread.
Called initialize()
Called prefire()
Called fire()
-- Starting thread.
Called initialize()
-- Starting thread.
Called initialize()
Called prefire()
Called prefire()
Called fire()
Called fire()
-- Starting thread.
Called initialize()
Called prefire()
Called fire()
There are 0 Blocked actors, 0 Stopped actors, and 4 active threads.
Waiting for actors to stop.
Called postfire()
Called prefire()
Called fire()
Checking for deadlock:
There are 2 Blocked actors, 0 Stopped actors, and 4 active threads.
Waiting for actors to stop.
Called postfire()
Called prefire()
Called fire()
Called postfire()
Called prefire()
Called fire()
Checking for deadlock:
There are 3 Blocked actors, 0 Stopped actors, and 4 active threads.
Waiting for actors to stop.
Read input token from inputA with value 0.0
Next port to read input from is inputB
Called postfire()
Called prefire()
Called fire()
Checking for deadlock:
There are 2 Blocked actors, 0 Stopped actors, and 4 active threads.
Waiting for actors to stop.
Called postfire()
Called prefire()
Called fire()
Checking for deadlock:
There are 3 Blocked actors, 0 Stopped actors, and 4 active threads.
Read input token from inputB with value 0.0
Waiting for actors to stop.
Checking for deadlock:
There are 2 Blocked actors, 0 Stopped actors, and 4 active threads.
Waiting for actors to stop.
-- Read input: 0.0, which is expected to match: 0.0
Called prefire()
Called fire()
Checking for deadlock:
There are 3 Blocked actors, 0 Stopped actors, and 4 active threads.
Waiting for actors to stop.
Sent output token with value 0.0
Next port to read input from is inputA
Called postfire()
Called prefire()
Called fire()
Checking for deadlock:
There are 2 Blocked actors, 0 Stopped actors, and 4 active threads.
Waiting for actors to stop.
Called postfire()
Called prefire()
Called fire()
Checking for deadlock:
There are 3 Blocked actors, 0 Stopped actors, and 4 active threads.
Waiting for actors to stop.
Read input token from inputA with value 1.0
Checking for deadlock:
There are 2 Blocked actors, 0 Stopped actors, and 4 active threads.
Waiting for actors to stop.
-- Read input: 0.0, which is expected to match: 0.0
Called prefire()
Called fire()
Checking for deadlock:
Sent output token with value 0.0
There are 3 Blocked actors, 0 Stopped actors, and 4 active threads.
Waiting for actors to stop.
Next port to read input from is inputB
Called postfire()
Called prefire()
Called fire()
Checking for deadlock:
There are 2 Blocked actors, 0 Stopped actors, and 4 active threads.
Waiting for actors to stop.
Read input token from inputB with value 1.5
Called postfire()
Called prefire()
Called fire()
Checking for deadlock:
There are 3 Blocked actors, 0 Stopped actors, and 4 active threads.
Waiting for actors to stop.
Checking for deadlock:
There are 2 Blocked actors, 0 Stopped actors, and 4 active threads.
Waiting for actors to stop.
Sent output token with value 1.0
-- Read input: 1.0, which is expected to match: 1.0
Called prefire()
Called fire()
Checking for deadlock:
There are 3 Blocked actors, 0 Stopped actors, and 4 active threads.
Waiting for actors to stop.
Next port to read input from is inputA
Called postfire()
Called prefire()
Called fire()
Checking for deadlock:
There are 2 Blocked actors, 0 Stopped actors, and 4 active threads.
Waiting for actors to stop.
Read input token from inputA with value 2.0
Called postfire()
Called prefire()
Called fire()
Checking for deadlock:
There are 3 Blocked actors, 0 Stopped actors, and 4 active threads.
Waiting for actors to stop.
Checking for deadlock:
There are 2 Blocked actors, 0 Stopped actors, and 4 active threads.
Waiting for actors to stop.
Sent output token with value 1.5
-- Read input: 1.5, which is expected to match: 1.5
Called prefire()
Called fire()
Checking for deadlock:
There are 3 Blocked actors, 0 Stopped actors, and 4 active threads.
Waiting for actors to stop.
Next port to read input from is inputB
Called postfire()
Called prefire()
Called fire()
Checking for deadlock:
There are 2 Blocked actors, 0 Stopped actors, and 4 active threads.
Waiting for actors to stop.
Called postfire()
Called prefire()
Called fire()
Read input token from inputB with value 3.0
Checking for deadlock:
There are 3 Blocked actors, 0 Stopped actors, and 4 active threads.
Waiting for actors to stop.
Checking for deadlock:
There are 2 Blocked actors, 0 Stopped actors, and 4 active threads.
Waiting for actors to stop.
-- Read input: 2.0, which is expected to match: 2.0
Called prefire()
Called fire()
Checking for deadlock:
There are 3 Blocked actors, 0 Stopped actors, and 4 active threads.
Waiting for actors to stop.
Sent output token with value 2.0
Next port to read input from is inputA
Called postfire()
Called prefire()
Called fire()
Called postfire()
Called prefire()
Called fire()
Checking for deadlock:
There are 3 Blocked actors, 0 Stopped actors, and 4 active threads.
Waiting for actors to stop.
Read input token from inputA with value 3.0
-- Read input: 3.0, which is expected to match: 3.0
Called prefire()
Called fire()
Checking for deadlock:
There are 3 Blocked actors, 0 Stopped actors, and 4 active threads.
Waiting for actors to stop.
Sent output token with value 3.0
Next port to read input from is inputB
Called postfire()
Called prefire()
Called fire()
Checking for deadlock:
There are 2 Blocked actors, 0 Stopped actors, and 4 active threads.
Waiting for actors to stop.
Called postfire()
Called prefire()
Called fire()
Checking for deadlock:
There are 3 Blocked actors, 0 Stopped actors, and 4 active threads.
Waiting for actors to stop.
Read input token from inputB with value 4.5
Checking for deadlock:
There are 2 Blocked actors, 0 Stopped actors, and 4 active threads.
Sent output token with value 3.0
Waiting for actors to stop.
-- Read input: 3.0, which is expected to match: 3.0
Called prefire()
Called fire()
Checking for deadlock:
There are 3 Blocked actors, 0 Stopped actors, and 4 active threads.
Next port to read input from is inputA
Waiting for actors to stop.
Called postfire()
Called prefire()
Called fire()
Checking for deadlock:
There are 2 Blocked actors, 0 Stopped actors, and 4 active threads.
Waiting for actors to stop.
Read input token from inputA with value 4.0
Called postfire()
Called prefire()
Called fire()
Checking for deadlock:
There are 3 Blocked actors, 0 Stopped actors, and 4 active threads.
Waiting for actors to stop.
Checking for deadlock:
There are 2 Blocked actors, 0 Stopped actors, and 4 active threads.
Waiting for actors to stop.
-- Read input: 4.0, which is expected to match: 4.0
Called prefire()
Called fire()
Past the end of training data. Read and discard all inputs.
Checking for deadlock:
There are 3 Blocked actors, 0 Stopped actors, and 4 active threads.
Waiting for actors to stop.
Sent output token with value 4.0
Next port to read input from is inputA
Called postfire()
Called prefire()
Called fire()
Called postfire()
Called prefire()
Called fire()
Checking for deadlock:
There are 3 Blocked actors, 0 Stopped actors, and 4 active threads.
Waiting for actors to stop.
Read input token from inputA with value 5.0
Checking for deadlock:
Called prefire()
There are 2 Blocked actors, 0 Stopped actors, and 4 active threads.
Called fire()
Waiting for actors to stop.
Past the end of training data. Read and discard all inputs.
Checking for deadlock:
There are 3 Blocked actors, 0 Stopped actors, and 4 active threads.
Waiting for actors to stop.
Sent output token with value 4.5
Next port to read input from is inputB
Called postfire()
Called prefire()
Called fire()
Called postfire()
Called prefire()
Called fire()
Checking for deadlock:
There are 3 Blocked actors, 0 Stopped actors, and 4 active threads.
Waiting for actors to stop.
Read input token from inputB with value 6.0
Called prefire()
Called fire()
Past the end of training data. Read and discard all inputs.
Checking for deadlock:
Sent output token with value 5.0
There are 3 Blocked actors, 0 Stopped actors, and 4 active threads.
Waiting for actors to stop.
Next port to read input from is inputA
Called postfire()
Called prefire()
Called fire()
Checking for deadlock:
There are 2 Blocked actors, 0 Stopped actors, and 4 active threads.
Read input token from inputA with value 6.0
Waiting for actors to stop.
Called postfire()
Called prefire()
Called fire()
Checking for deadlock:
There are 3 Blocked actors, 0 Stopped actors, and 4 active threads.
Waiting for actors to stop.
Checking for deadlock:
There are 2 Blocked actors, 0 Stopped actors, and 4 active threads.
Waiting for actors to stop.
Sent output token with value 6.0
Called prefire()
Called fire()
Past the end of training data. Read and discard all inputs.
Checking for deadlock:
There are 3 Blocked actors, 0 Stopped actors, and 4 active threads.
Waiting for actors to stop.
Next port to read input from is inputB
Called postfire()
Called prefire()
Called fire()
Checking for deadlock:
Called postfire()
There are 2 Blocked actors, 0 Stopped actors, and 4 active threads.
Called prefire()
Waiting for actors to stop.
Called fire()
Checking for deadlock:
There are 3 Blocked actors, 0 Stopped actors, and 4 active threads.
Waiting for actors to stop.
Read input token from inputB with value 7.5
Checking for deadlock:
There are 2 Blocked actors, 0 Stopped actors, and 4 active threads.
Called prefire()
Waiting for actors to stop.
Called fire()
Past the end of training data. Read and discard all inputs.
Checking for deadlock:
There are 3 Blocked actors, 0 Stopped actors, and 4 active threads.
Waiting for actors to stop.
Sent output token with value 6.0
Next port to read input from is inputA
Called postfire()
Called prefire()
Called fire()
Checking for deadlock:
There are 2 Blocked actors, 0 Stopped actors, and 4 active threads.
Waiting for actors to stop.
Called postfire()
Called prefire()
Called fire()
Read input token from inputA with value 7.0
Checking for deadlock:
There are 3 Blocked actors, 0 Stopped actors, and 4 active threads.
Waiting for actors to stop.
Checking for deadlock:
There are 2 Blocked actors, 0 Stopped actors, and 4 active threads.
Waiting for actors to stop.
Called prefire()
Called fire()
Past the end of training data. Read and discard all inputs.
Sent output token with value 7.0
Checking for deadlock:
Next port to read input from is inputA
Called postfire()
There are 3 Blocked actors, 0 Stopped actors, and 4 active threads.
Waiting for actors to stop.
Called prefire()
Called fire()
Checking for deadlock:
-- Thread wrapup() called.
There are 2 Blocked actors, 0 Stopped actors, and 4 active threads.
Waiting for actors to stop.
Called wrapup()
Thread .top.Ramp is exiting.
-- Thread stopped.
Checking for deadlock:
There are 2 Blocked actors, 0 Stopped actors, and 3 active threads.
Waiting for actors to stop.
Read input token from inputA with value 8.0
Checking for deadlock:
There are 1 Blocked actors, 0 Stopped actors, and 3 active threads.
Sent output token with value 7.5
Waiting for actors to stop.
Called prefire()
Called fire()
Past the end of training data. Read and discard all inputs.
Checking for deadlock:
Next port to read input from is inputB
Called postfire()
There are 2 Blocked actors, 0 Stopped actors, and 3 active threads.
Waiting for actors to stop.
Called prefire()
Called fire()
Checking for deadlock:
There are 1 Blocked actors, 0 Stopped actors, and 3 active threads.
Waiting for actors to stop.
Called postfire()
Called prefire()
Called fire()
Checking for deadlock:
Read input token from inputB with value 9.0
There are 2 Blocked actors, 0 Stopped actors, and 3 active threads.
Waiting for actors to stop.
Checking for deadlock:
There are 1 Blocked actors, 0 Stopped actors, and 3 active threads.
Waiting for actors to stop.
Called prefire()
Called fire()
Past the end of training data. Read and discard all inputs.
Checking for deadlock:
Sent output token with value 8.0
There are 2 Blocked actors, 0 Stopped actors, and 3 active threads.
Waiting for actors to stop.
Next port to read input from is inputA
Called postfire()
Called prefire()
Called fire()
Read input token from inputA with value 9.0
Checking for deadlock:
Called prefire()
Called fire()
There are 1 Blocked actors, 0 Stopped actors, and 3 active threads.
Waiting for actors to stop.
Past the end of training data. Read and discard all inputs.
Checking for deadlock:
There are 2 Blocked actors, 0 Stopped actors, and 3 active threads.
Sent output token with value 9.0
Waiting for actors to stop.
Next port to read input from is inputB
Called postfire()
Called prefire()
Called fire()
Checking for deadlock:
There are 1 Blocked actors, 0 Stopped actors, and 3 active threads.
Waiting for actors to stop.
Called postfire()
Called prefire()
Called fire()
Checking for deadlock:
Read input token from inputB with value 10.5
There are 2 Blocked actors, 0 Stopped actors, and 3 active threads.
Waiting for actors to stop.
Checking for deadlock:
There are 1 Blocked actors, 0 Stopped actors, and 3 active threads.
Waiting for actors to stop.
Sent output token with value 9.0
Called prefire()
Called fire()
Past the end of training data. Read and discard all inputs.
Checking for deadlock:
There are 2 Blocked actors, 0 Stopped actors, and 3 active threads.
Waiting for actors to stop.
Next port to read input from is inputA
Called postfire()
Called prefire()
Called fire()
Checking for deadlock:
There are 3 Blocked actors, 0 Stopped actors, and 3 active threads.
Actors have stopped.
Checking for deadlock:
There are 3 Blocked actors, 0 Stopped actors, and 3 active threads.
Deadlock detected.
Resolving Deadlock
Checking for deadlock:
There are 3 Blocked actors, 0 Stopped actors, and 3 active threads.
Artificial Deadlock - increasing queue capacity.
increasing the capacity of receiver ptolemy.actor.TypedIOPort {.top.OrderedMerge.inputB} to 2
-- Thread wrapup() called.
Called wrapup()
Director: Called postfire().
Thread .top.Ramp2 is exiting.
-- Thread stopped.
Called postfire().
_stopRequested = false
_stopFireRequested = false
Returning from postfire(): true
Called fire().
Checking for deadlock:
There are 2 Blocked actors, 0 Stopped actors, and 2 active threads.
Actors have stopped.
Checking for deadlock:
There are 2 Blocked actors, 0 Stopped actors, and 2 active threads.
Deadlock detected.
Resolving Deadlock
Checking for deadlock:
There are 2 Blocked actors, 0 Stopped actors, and 2 active threads.
Deadlock detected: no processes blocked on write, but some are blocked on read.
Called postfire().
_stopRequested = false
_stopFireRequested = false
Returning from postfire(): false
Finished deactivating branches.
Called wrapup().
-- Thread wrapup() called.
Called wrapup()
Thread .top.Test is exiting.
-- Thread stopped.
-- Blocked Receiver call threw TerminateProcessException.
-- Thread wrapup() called.
Called wrapup()
Thread .top.OrderedMerge is exiting.
-- Thread stopped.
-- Blocked Receiver call threw TerminateProcessException.
70 ms. Memory: 129024K Free: 92266K (72%)
.top. Preinitializing ...
Invoking preinitialize():  .top.OrderedMerge
Called preinitialize()
Invoking preinitialize():  .top.Ramp
Called preinitialize()
Invoking preinitialize():  .top.Ramp2
Called preinitialize()
Invoking preinitialize():  .top.Test
Called preinitialize()
.top. Finished preinitialize().
Called initialize().
Invoking initialize():  .top.OrderedMerge
Initializing actor: .top.OrderedMerge
Adding a thread: .top.OrderedMerge
Invoking initialize():  .top.Ramp
Initializing actor: .top.Ramp
Adding a thread: .top.Ramp
Invoking initialize():  .top.Ramp2
Initializing actor: .top.Ramp2
Adding a thread: .top.Ramp2
Invoking initialize():  .top.Test
Initializing actor: .top.Test
Adding a thread: .top.Test
-- Starting thread.
Called initialize()
Called prefire()
Called fire()
Called postfire()
Called prefire()
Called fire()
-- Starting thread.
Called initialize()
Called fire().
Checking for deadlock:
-- Starting thread.
There are 1 Blocked actors, 0 Stopped actors, and 4 active threads.
Waiting for actors to stop.
-- Starting thread.
Called initialize()
Called prefire()
Called fire()
Called initialize()
Called prefire()
Called fire()
Checking for deadlock:
There are 3 Blocked actors, 0 Stopped actors, and 4 active threads.
Waiting for actors to stop.
Called prefire()
Called fire()
Checking for deadlock:
There are 2 Blocked actors, 0 Stopped actors, and 4 active threads.
Called postfire()
Waiting for actors to stop.
Read input token from inputA with value 0.0
Called prefire()
Called fire()
Next port to read input from is inputB
Called postfire()
Called prefire()
Called fire()
Read input token from inputB with value 0.0
Sent output token with value 0.0
Next port to read input from is inputA
Called postfire()
Called postfire()
Checking for deadlock:
Called prefire()
Called prefire()
Called fire()
Called postfire()
Called prefire()
Called fire()
Called fire()
There are 0 Blocked actors, 0 Stopped actors, and 4 active threads.
Waiting for actors to stop.
Read input token from inputA with value 1.0
-- Read input: 0.0, which is expected to match: 0.0
Called prefire()
Called fire()
Sent output token with value 0.0
Next port to read input from is inputB
Called postfire()
-- Read input: 0.0, which is expected to match: 0.0
Called prefire()
Called fire()
Called prefire()
Called fire()
Read input token from inputB with value 1.5
Sent output token with value 1.0
Next port to read input from is inputA
Called postfire()
Called prefire()
Called fire()
Called postfire()
Called prefire()
Called fire()
Read input token from inputA with value 2.0
Called postfire()
Called prefire()
Checking for deadlock:
Called fire()
There are 1 Blocked actors, 0 Stopped actors, and 4 active threads.
Waiting for actors to stop.
-- Read input: 1.0, which is expected to match: 1.0
Called prefire()
Called fire()
Called postfire()
Called prefire()
Called fire()
Checking for deadlock:
There are 3 Blocked actors, 0 Stopped actors, and 4 active threads.
Waiting for actors to stop.
Sent output token with value 1.5
-- Read input: 1.5, which is expected to match: 1.5
Next port to read input from is inputB
Called prefire()
Checking for deadlock:
There are 2 Blocked actors, 0 Stopped actors, and 4 active threads.
Waiting for actors to stop.
Called postfire()
Called prefire()
Called fire()
Read input token from inputB with value 3.0
Sent output token with value 2.0
Next port to read input from is inputA
Called postfire()
Called prefire()
Called fire()
Read input token from inputA with value 3.0
Called fire()
-- Read input: 2.0, which is expected to match: 2.0
Called prefire()
Called fire()
Called postfire()
Called prefire()
Called fire()
Sent output token with value 3.0
Called postfire()
Called prefire()
Called fire()
Next port to read input from is inputB
Called postfire()
Called prefire()
Called fire()
Read input token from inputB with value 4.5
Checking for deadlock:
There are 2 Blocked actors, 0 Stopped actors, and 4 active threads.
Waiting for actors to stop.
Called postfire()
Called prefire()
Called fire()
-- Read input: 3.0, which is expected to match: 3.0
Called prefire()
Called fire()
Sent output token with value 3.0
Next port to read input from is inputA
Called postfire()
Called prefire()
Called fire()
Read input token from inputA with value 4.0
Checking for deadlock:
There are 2 Blocked actors, 0 Stopped actors, and 4 active threads.
Waiting for actors to stop.
Called postfire()
Called prefire()
Called fire()
-- Read input: 3.0, which is expected to match: 3.0
Called prefire()
Called fire()
Checking for deadlock:
There are 3 Blocked actors, 0 Stopped actors, and 4 active threads.
Waiting for actors to stop.
Sent output token with value 4.0
Next port to read input from is inputA
Called postfire()
Called prefire()
Called fire()
Read input token from inputA with value 5.0
Checking for deadlock:
There are 2 Blocked actors, 0 Stopped actors, and 4 active threads.
Waiting for actors to stop.
Called postfire()
Called prefire()
Called fire()
-- Read input: 4.0, which is expected to match: 4.0
Called prefire()
Called fire()
Past the end of training data. Read and discard all inputs.
Checking for deadlock:
There are 3 Blocked actors, 0 Stopped actors, and 4 active threads.
Waiting for actors to stop.
Sent output token with value 4.5
Next port to read input from is inputB
Called postfire()
Called prefire()
Called fire()
Read input token from inputB with value 6.0
Called prefire()
Called fire()
Past the end of training data. Read and discard all inputs.
Checking for deadlock:
There are 2 Blocked actors, 0 Stopped actors, and 4 active threads.
Waiting for actors to stop.
Called postfire()
Called prefire()
Called fire()
Sent output token with value 5.0
Next port to read input from is inputA
Called postfire()
Called prefire()
Called fire()
Read input token from inputA with value 6.0
Called prefire()
Called fire()
Past the end of training data. Read and discard all inputs.
Called postfire()
Called prefire()
Called fire()
Checking for deadlock:
There are 2 Blocked actors, 0 Stopped actors, and 4 active threads.
Waiting for actors to stop.
Checking for deadlock:
There are 3 Blocked actors, 0 Stopped actors, and 4 active threads.
Waiting for actors to stop.
Sent output token with value 6.0
Next port to read input from is inputB
Called postfire()
Called prefire()
Called fire()
Read input token from inputB with value 7.5
Called prefire()
Called fire()
Past the end of training data. Read and discard all inputs.
Checking for deadlock:
There are 2 Blocked actors, 0 Stopped actors, and 4 active threads.
Waiting for actors to stop.
Called postfire()
Called prefire()
Called fire()
Sent output token with value 6.0
Next port to read input from is inputA
Called postfire()
Called prefire()
Called fire()
Read input token from inputA with value 7.0
Checking for deadlock:
There are 2 Blocked actors, 0 Stopped actors, and 4 active threads.
Waiting for actors to stop.
Called prefire()
Called fire()
Past the end of training data. Read and discard all inputs.
Called postfire()
Checking for deadlock:
There are 2 Blocked actors, 0 Stopped actors, and 4 active threads.
Waiting for actors to stop.
Called prefire()
Called fire()
Sent output token with value 7.0
Next port to read input from is inputA
Called postfire()
Called prefire()
Called fire()
Read input token from inputA with value 8.0
Called prefire()
Called fire()
Past the end of training data. Read and discard all inputs.
-- Thread wrapup() called.
Called wrapup()
Checking for deadlock:
There are 2 Blocked actors, 0 Stopped actors, and 4 active threads.
Waiting for actors to stop.
Thread .top.Ramp is exiting.
Checking for deadlock:
There are 2 Blocked actors, 0 Stopped actors, and 3 active threads.
Waiting for actors to stop.
-- Thread stopped.
Sent output token with value 7.5
Next port to read input from is inputB
Called postfire()
Called prefire()
Called fire()
Read input token from inputB with value 9.0
Called prefire()
Called fire()
Past the end of training data. Read and discard all inputs.
Checking for deadlock:
There are 1 Blocked actors, 0 Stopped actors, and 3 active threads.
Waiting for actors to stop.
Called postfire()
Checking for deadlock:
There are 0 Blocked actors, 0 Stopped actors, and 3 active threads.
Waiting for actors to stop.
Called prefire()
Called fire()
Past the end of training data. Read and discard all inputs.
Checking for deadlock:
There are 1 Blocked actors, 0 Stopped actors, and 3 active threads.
Waiting for actors to stop.
Sent output token with value 8.0
Called prefire()
Called fire()
Next port to read input from is inputA
Called postfire()
Called prefire()
Called fire()
Read input token from inputA with value 9.0
Sent output token with value 9.0
Next port to read input from is inputB
Called postfire()
Called prefire()
Called fire()
Read input token from inputB with value 10.5
Called prefire()
Called postfire()
Checking for deadlock:
There are 0 Blocked actors, 0 Stopped actors, and 3 active threads.
Waiting for actors to stop.
Called fire()
Called prefire()
Called fire()
Sent output token with value 9.0
Next port to read input from is inputA
Called postfire()
Called prefire()
Called fire()
Past the end of training data. Read and discard all inputs.
Checking for deadlock:
There are 1 Blocked actors, 0 Stopped actors, and 3 active threads.
Waiting for actors to stop.
Called prefire()
Called fire()
Past the end of training data. Read and discard all inputs.
Checking for deadlock:
There are 3 Blocked actors, 0 Stopped actors, and 3 active threads.
Actors have stopped.
Checking for deadlock:
There are 3 Blocked actors, 0 Stopped actors, and 3 active threads.
Deadlock detected.
Resolving Deadlock
Checking for deadlock:
There are 3 Blocked actors, 0 Stopped actors, and 3 active threads.
Artificial Deadlock - increasing queue capacity.
increasing the capacity of receiver ptolemy.actor.TypedIOPort {.top.OrderedMerge.inputB} to 2
Director: Called postfire().
Called postfire().
-- Thread wrapup() called.
_stopRequested = false
Called wrapup()
_stopFireRequested = false
Returning from postfire(): true
Called fire().
Checking for deadlock:
There are 2 Blocked actors, 0 Stopped actors, and 3 active threads.
Waiting for actors to stop.
Thread .top.Ramp2 is exiting.
-- Thread stopped.
Checking for deadlock:
There are 2 Blocked actors, 0 Stopped actors, and 2 active threads.
Actors have stopped.
Checking for deadlock:
There are 2 Blocked actors, 0 Stopped actors, and 2 active threads.
Deadlock detected.
Resolving Deadlock
Checking for deadlock:
There are 2 Blocked actors, 0 Stopped actors, and 2 active threads.
Deadlock detected: no processes blocked on write, but some are blocked on read.
Called postfire().
_stopRequested = false
_stopFireRequested = false
Returning from postfire(): false
Finished deactivating branches.
Called wrapup().
-- Thread wrapup() called.
Called wrapup()
Thread .top.OrderedMerge is exiting.
-- Thread stopped.
-- Blocked Receiver call threw TerminateProcessException.
-- Thread wrapup() called.
Called wrapup()
Thread .top.Test is exiting.
-- Thread stopped.
-- Blocked Receiver call threw TerminateProcessException.
53 ms. Memory: 129024K Free: 89704K (70%)
/home/travis/build/icyphy/ptII/ptolemy/actor/lib/test/Publisher.tcl
13 ms. Memory: 129024K Free: 83546K (65%)
3 ms. Memory: 129024K Free: 78440K (61%)
2 ms. Memory: 129024K Free: 74856K (58%)
3 ms. Memory: 129024K Free: 73834K (57%)
2 ms. Memory: 129024K Free: 72810K (56%)
2 ms. Memory: 129024K Free: 72282K (56%)
2 ms. Memory: 129024K Free: 71258K (55%)
2 ms. Memory: 129024K Free: 70234K (54%)
15 ms. Memory: 129024K Free: 103130K (80%)
3 ms. Memory: 129024K Free: 99548K (77%)
2 ms. Memory: 129024K Free: 98524K (76%)
3 ms. Memory: 129024K Free: 96476K (75%)
5 ms. Memory: 129024K Free: 88794K (69%)
5 ms. Memory: 129024K Free: 79068K (61%)
6 ms. Memory: 129024K Free: 68314K (53%)
/home/travis/build/icyphy/ptII/ptolemy/actor/lib/test/Pulse.tcl
3 ms. Memory: 155648K Free: 122192K (79%)
2 ms. Memory: 155648K Free: 121168K (78%)
2 ms. Memory: 155648K Free: 120654K (78%)
1 ms. Memory: 155648K Free: 120144K (77%)
1 ms. Memory: 155648K Free: 119616K (77%)
5 ms. Memory: 155648K Free: 118606K (76%)
7 ms. Memory: 155648K Free: 117568K (76%)
3 ms. Memory: 155648K Free: 117072K (75%)
3 ms. Memory: 155648K Free: 116048K (75%)
/home/travis/build/icyphy/ptII/ptolemy/actor/lib/test/Ramp.tcl
4 ms. Memory: 155648K Free: 114496K (74%)
4 ms. Memory: 155648K Free: 113480K (73%)
3 ms. Memory: 155648K Free: 112976K (73%)
2 ms. Memory: 155648K Free: 111952K (72%)
5 ms. Memory: 155648K Free: 111408K (72%)
7 ms. Memory: 155648K Free: 110414K (71%)
7 ms. Memory: 155648K Free: 109390K (70%)
5 actors
5000 microseconds per iteration to create
9 ms. Memory: 155648K Free: 106832K (69%)
9 ms. Memory: 155648K Free: 106318K (68%)
1 ms. Memory: 155648K Free: 105808K (68%)
1 ms. Memory: 155648K Free: 104784K (67%)
50 actors
40000 microseconds per iteration to create
36 ms. Memory: 155648K Free: 89424K (57%)
4 ms. Memory: 155648K Free: 88400K (57%)
4 ms. Memory: 155648K Free: 87376K (56%)
4 ms. Memory: 155648K Free: 86352K (55%)
500 actors
1477000 microseconds per iteration to create
196 ms. Memory: 155648K Free: 73948K (48%)
28 ms. Memory: 155648K Free: 68828K (44%)
27 ms. Memory: 155648K Free: 63708K (41%)
27 ms. Memory: 155648K Free: 58588K (38%)
/home/travis/build/icyphy/ptII/ptolemy/actor/lib/test/RampContinuous.tcl
5 ms. Memory: 155648K Free: 57050K (37%)
/home/travis/build/icyphy/ptII/ptolemy/actor/lib/test/RecordAssembler.tcl
4 ms. Memory: 155648K Free: 55516K (36%)
3 ms. Memory: 155648K Free: 54492K (35%)
/home/travis/build/icyphy/ptII/ptolemy/actor/lib/test/RecordDisassembler.tcl
5 ms. Memory: 155648K Free: 52939K (34%)
19 ms. Memory: 155648K Free: 132659K (85%)
3 ms. Memory: 155648K Free: 131653K (85%)
/home/travis/build/icyphy/ptII/ptolemy/actor/lib/test/Scale.tcl
2 ms. Memory: 155648K Free: 129605K (83%)
1 ms. Memory: 155648K Free: 129109K (83%)
1 ms. Memory: 155648K Free: 128085K (82%)
2 ms. Memory: 155648K Free: 127565K (82%)
3 ms. Memory: 155648K Free: 126547K (81%)
/home/travis/build/icyphy/ptII/ptolemy/actor/lib/test/SequentialClock.tcl
preinitializing
resolving types
initializing
executing number 1
wrapping up
idle
2 ms. Memory: 155648K Free: 125523K (81%)
Completed execution with 5 iterations
preinitializing
resolving types
initializing
executing number 1
wrapping up
idle
1 ms. Memory: 155648K Free: 125013K (80%)
Completed execution with 5 iterations
preinitializing
resolving types
initializing
executing number 1
wrapping up
idle
1 ms. Memory: 155648K Free: 124499K (80%)
Completed execution with 5 iterations
/home/travis/build/icyphy/ptII/ptolemy/actor/lib/test/SetVariable.tcl
5 ms. Memory: 155648K Free: 122451K (79%)
/home/travis/build/icyphy/ptII/ptolemy/actor/lib/test/Sinewave.tcl
/home/travis/build/icyphy/ptII/ptolemy/actor/lib/test/SubscriptionAggregator.tcl
9 ms. Memory: 155648K Free: 111173K (71%)
4 ms. Memory: 155648K Free: 110163K (71%)
1 ms. Memory: 155648K Free: 109653K (70%)
0 ms. Memory: 155648K Free: 109653K (70%)
6 ms. Memory: 155648K Free: 106061K (68%)
15 ms. Memory: 155648K Free: 103509K (67%)
...............................................................905 ms. Memory: 281600K Free: 187665K (67%)
/home/travis/build/icyphy/ptII/ptolemy/actor/lib/test/Test.tcl
 The next command will produce a warning about training mode,
   which may be ignored.
5 ms. Memory: 281600K Free: 185619K (66%)
4 ms. Memory: 281600K Free: 185075K (66%)
2 ms. Memory: 281600K Free: 184595K (66%)
1 ms. Memory: 281600K Free: 183571K (65%)
2 ms. Memory: 281600K Free: 183057K (65%)
3 ms. Memory: 281600K Free: 182019K (65%)
3 ms. Memory: 281600K Free: 180499K (64%)
 The next command will produce a warning about training mode,
   which may be ignored.
4 ms. Memory: 281600K Free: 178451K (63%)
 The next command will produce a warning about training mode,
   which may be ignored.
3 ms. Memory: 281600K Free: 176913K (63%)
1 ms. Memory: 281600K Free: 176403K (63%)
1 ms. Memory: 281600K Free: 176403K (63%)
1 ms. Memory: 281600K Free: 175379K (62%)
6 ms. Memory: 281600K Free: 174859K (62%)
3 ms. Memory: 281600K Free: 170769K (61%)
/home/travis/build/icyphy/ptII/ptolemy/actor/lib/test/TestExceptionHandler.tcl
 The next command will produce a warning about training mode,
   which may be ignored.
3 ms. Memory: 281600K Free: 169731K (60%)
1 ms. Memory: 281600K Free: 169235K (60%)
1 ms. Memory: 281600K Free: 168721K (60%)
/home/travis/build/icyphy/ptII/ptolemy/actor/lib/test/UnionDisassembler.tcl
14 ms. Memory: 281600K Free: 161043K (57%)
/home/travis/build/icyphy/ptII/ptolemy/actor/lib/test/VariableClock.tcl
preinitializing
resolving types
initializing
executing number 1
wrapping up
idle
3 ms. Memory: 281600K Free: 159491K (57%)
Completed execution with 11 iterations
preinitializing
resolving types
initializing
executing number 1
wrapping up
idle
3 ms. Memory: 281600K Free: 157971K (56%)
Completed execution with 10 iterations
04/04/20 01:47:56
Failed: 0  Total Tests: 233  ((Passed: 233, Newly Passed: 0)  Known Failed: 0) /home/travis/build/icyphy/ptII/ptolemy/actor/lib/test
----------------- testing (KnownFailure) /home/travis/build/icyphy/ptII/ptolemy/actor/lib/test/auto/knownFailedTests/PublisherPortToplevelSubscriber.xml
1 ms. Memory: 281600K Free: 154385K (55%)
Known Failure: java.lang.reflect.InvocationTargetException
----------------- testing (KnownFailure) /home/travis/build/icyphy/ptII/ptolemy/actor/lib/test/auto/knownFailedTests/PublisherSubscriberPortToplevel.xml
0 ms. Memory: 281600K Free: 150289K (53%)
Known Failure: java.lang.reflect.InvocationTargetException
----------------- testing (KnownFailure) /home/travis/build/icyphy/ptII/ptolemy/actor/lib/test/auto/knownFailedTests/PublisherSubscriptionAggregatorPort.xml
0 ms. Memory: 281600K Free: 146163K (52%)
Known Failure: java.lang.reflect.InvocationTargetException
----------------- testing (KnownFailure) /home/travis/build/icyphy/ptII/ptolemy/actor/lib/test/auto/knownFailedTests/sizedarray3.xml
3 ms. Memory: 281600K Free: 141587K (50%)
Known Failure: java.lang.reflect.InvocationTargetException
No auto/linux-amd64/*.xml tests in /home/travis/build/icyphy/ptII/ptolemy/actor/lib/test
AutoTests.java: About to close Vertx.
AutoTests.java: Vertx closed.

===========================================================================================
----------------- testing Sat Apr 04 13:47:56 UTC 2020 /home/travis/build/icyphy/ptII/ptolemy/actor/lib/test/auto/AbsoluteValue.xml
----------------- Instantiating /home/travis/build/icyphy/ptII/ptolemy/actor/lib/test/auto/AbsoluteValue.xml
4 ms. Memory: 281600K Free: 119059K (42%)
----------------- Invoking toplevel() on ptolemy.moml.MoMLSimpleApplication@2ffa48d4
----------------- Done invoking toplevel() on ptolemy.moml.MoMLSimpleApplication@2ffa48d4
reloadAllAccessors: .AbsoluteValue

===========================================================================================
----------------- testing Sat Apr 04 13:47:56 UTC 2020 /home/travis/build/icyphy/ptII/ptolemy/actor/lib/test/auto/AbsoluteValue2.xml
----------------- Instantiating /home/travis/build/icyphy/ptII/ptolemy/actor/lib/test/auto/AbsoluteValue2.xml
4 ms. Memory: 281600K Free: 111891K (40%)
----------------- Invoking toplevel() on ptolemy.moml.MoMLSimpleApplication@4b5eb459
----------------- Done invoking toplevel() on ptolemy.moml.MoMLSimpleApplication@4b5eb459
reloadAllAccessors: .AbsoluteValue2

===========================================================================================
----------------- testing Sat Apr 04 13:47:56 UTC 2020 /home/travis/build/icyphy/ptII/ptolemy/actor/lib/test/auto/Accumulator.xml
----------------- Instantiating /home/travis/build/icyphy/ptII/ptolemy/actor/lib/test/auto/Accumulator.xml
4 ms. Memory: 281600K Free: 105747K (38%)
----------------- Invoking toplevel() on ptolemy.moml.MoMLSimpleApplication@420b727c
----------------- Done invoking toplevel() on ptolemy.moml.MoMLSimpleApplication@420b727c
reloadAllAccessors: .Accumulator

===========================================================================================
----------------- testing Sat Apr 04 13:47:56 UTC 2020 /home/travis/build/icyphy/ptII/ptolemy/actor/lib/test/auto/Accumulator2.xml
----------------- Instantiating /home/travis/build/icyphy/ptII/ptolemy/actor/lib/test/auto/Accumulator2.xml
7 ms. Memory: 281600K Free: 227235K (81%)
----------------- Invoking toplevel() on ptolemy.moml.MoMLSimpleApplication@182952c0
----------------- Done invoking toplevel() on ptolemy.moml.MoMLSimpleApplication@182952c0
reloadAllAccessors: .Accumulator2

===========================================================================================
----------------- testing Sat Apr 04 13:47:56 UTC 2020 /home/travis/build/icyphy/ptII/ptolemy/actor/lib/test/auto/Accumulator3.xml
----------------- Instantiating /home/travis/build/icyphy/ptII/ptolemy/actor/lib/test/auto/Accumulator3.xml
5 ms. Memory: 281600K Free: 223139K (79%)
----------------- Invoking toplevel() on ptolemy.moml.MoMLSimpleApplication@2ddfc02c
----------------- Done invoking toplevel() on ptolemy.moml.MoMLSimpleApplication@2ddfc02c
reloadAllAccessors: .Accumulator3

===========================================================================================
----------------- testing Sat Apr 04 13:47:57 UTC 2020 /home/travis/build/icyphy/ptII/ptolemy/actor/lib/test/auto/ArrayAppend.xml
----------------- Instantiating /home/travis/build/icyphy/ptII/ptolemy/actor/lib/test/auto/ArrayAppend.xml
4 ms. Memory: 281600K Free: 216964K (77%)
----------------- Invoking toplevel() on ptolemy.moml.MoMLSimpleApplication@72486c74
----------------- Done invoking toplevel() on ptolemy.moml.MoMLSimpleApplication@72486c74
reloadAllAccessors: .ArrayAppend

===========================================================================================
----------------- testing Sat Apr 04 13:47:57 UTC 2020 /home/travis/build/icyphy/ptII/ptolemy/actor/lib/test/auto/ArrayAppend2.xml
----------------- Instantiating /home/travis/build/icyphy/ptII/ptolemy/actor/lib/test/auto/ArrayAppend2.xml
384 ms. Memory: 281600K Free: 135589K (48%)
----------------- Invoking toplevel() on ptolemy.moml.MoMLSimpleApplication@4fce2fc3
----------------- Done invoking toplevel() on ptolemy.moml.MoMLSimpleApplication@4fce2fc3
reloadAllAccessors: .ArrayAppend2

===========================================================================================
----------------- testing Sat Apr 04 13:47:57 UTC 2020 /home/travis/build/icyphy/ptII/ptolemy/actor/lib/test/auto/ArrayAppend3.xml
----------------- Instantiating /home/travis/build/icyphy/ptII/ptolemy/actor/lib/test/auto/ArrayAppend3.xml
3 ms. Memory: 281600K Free: 130979K (47%)
----------------- Invoking toplevel() on ptolemy.moml.MoMLSimpleApplication@6bff82e3
----------------- Done invoking toplevel() on ptolemy.moml.MoMLSimpleApplication@6bff82e3
reloadAllAccessors: .ArrayAppend3

===========================================================================================
----------------- testing Sat Apr 04 13:47:57 UTC 2020 /home/travis/build/icyphy/ptII/ptolemy/actor/lib/test/auto/ArrayAppend4.xml
----------------- Instantiating /home/travis/build/icyphy/ptII/ptolemy/actor/lib/test/auto/ArrayAppend4.xml
2 ms. Memory: 281600K Free: 125859K (45%)
----------------- Invoking toplevel() on ptolemy.moml.MoMLSimpleApplication@266a0830
----------------- Done invoking toplevel() on ptolemy.moml.MoMLSimpleApplication@266a0830
reloadAllAccessors: .ArrayAppend4

===========================================================================================
----------------- testing Sat Apr 04 13:47:57 UTC 2020 /home/travis/build/icyphy/ptII/ptolemy/actor/lib/test/auto/ArrayAppend5.xml
----------------- Instantiating /home/travis/build/icyphy/ptII/ptolemy/actor/lib/test/auto/ArrayAppend5.xml
1 ms. Memory: 281600K Free: 120739K (43%)
----------------- Invoking toplevel() on ptolemy.moml.MoMLSimpleApplication@7639234c
----------------- Done invoking toplevel() on ptolemy.moml.MoMLSimpleApplication@7639234c
reloadAllAccessors: .ArrayAppend5

===========================================================================================
----------------- testing Sat Apr 04 13:47:57 UTC 2020 /home/travis/build/icyphy/ptII/ptolemy/actor/lib/test/auto/ArrayAppend6.xml
----------------- Instantiating /home/travis/build/icyphy/ptII/ptolemy/actor/lib/test/auto/ArrayAppend6.xml
2 ms. Memory: 281600K Free: 115619K (41%)
----------------- Invoking toplevel() on ptolemy.moml.MoMLSimpleApplication@4d220a39
----------------- Done invoking toplevel() on ptolemy.moml.MoMLSimpleApplication@4d220a39
reloadAllAccessors: .ArrayAppend6

===========================================================================================
----------------- testing Sat Apr 04 13:47:57 UTC 2020 /home/travis/build/icyphy/ptII/ptolemy/actor/lib/test/auto/ArrayAppendPerformanceTest.xml
----------------- Instantiating /home/travis/build/icyphy/ptII/ptolemy/actor/lib/test/auto/ArrayAppendPerformanceTest.xml
25 ms. Memory: 281600K Free: 104355K (37%)
----------------- Invoking toplevel() on ptolemy.moml.MoMLSimpleApplication@58e29967
----------------- Done invoking toplevel() on ptolemy.moml.MoMLSimpleApplication@58e29967
reloadAllAccessors: .ArrayAppendPerformanceTest

===========================================================================================
----------------- testing Sat Apr 04 13:47:57 UTC 2020 /home/travis/build/icyphy/ptII/ptolemy/actor/lib/test/auto/ArrayAppendWithEmptyInput.xml
----------------- Instantiating /home/travis/build/icyphy/ptII/ptolemy/actor/lib/test/auto/ArrayAppendWithEmptyInput.xml
7 ms. Memory: 281600K Free: 96163K (34%)
----------------- Invoking toplevel() on ptolemy.moml.MoMLSimpleApplication@15b0af77
----------------- Done invoking toplevel() on ptolemy.moml.MoMLSimpleApplication@15b0af77
reloadAllAccessors: .ArrayAppendWithEmptyInput

===========================================================================================
----------------- testing Sat Apr 04 13:47:57 UTC 2020 /home/travis/build/icyphy/ptII/ptolemy/actor/lib/test/auto/ArrayAverage.xml
----------------- Instantiating /home/travis/build/icyphy/ptII/ptolemy/actor/lib/test/auto/ArrayAverage.xml
6 ms. Memory: 281600K Free: 88485K (31%)
----------------- Invoking toplevel() on ptolemy.moml.MoMLSimpleApplication@21fa56cc
----------------- Done invoking toplevel() on ptolemy.moml.MoMLSimpleApplication@21fa56cc
reloadAllAccessors: .ArrayAverage

===========================================================================================
----------------- testing Sat Apr 04 13:47:57 UTC 2020 /home/travis/build/icyphy/ptII/ptolemy/actor/lib/test/auto/ArrayContains.xml
----------------- Instantiating /home/travis/build/icyphy/ptII/ptolemy/actor/lib/test/auto/ArrayContains.xml
9 ms. Memory: 281600K Free: 82851K (29%)
----------------- Invoking toplevel() on ptolemy.moml.MoMLSimpleApplication@3a3c984d
----------------- Done invoking toplevel() on ptolemy.moml.MoMLSimpleApplication@3a3c984d
reloadAllAccessors: .ArrayContains

===========================================================================================
----------------- testing Sat Apr 04 13:47:57 UTC 2020 /home/travis/build/icyphy/ptII/ptolemy/actor/lib/test/auto/ArrayElement.xml
----------------- Instantiating /home/travis/build/icyphy/ptII/ptolemy/actor/lib/test/auto/ArrayElement.xml
4 ms. Memory: 281600K Free: 228864K (81%)
----------------- Invoking toplevel() on ptolemy.moml.MoMLSimpleApplication@517daed6
----------------- Done invoking toplevel() on ptolemy.moml.MoMLSimpleApplication@517daed6
reloadAllAccessors: .ArrayElement

===========================================================================================
----------------- testing Sat Apr 04 13:47:57 UTC 2020 /home/travis/build/icyphy/ptII/ptolemy/actor/lib/test/auto/ArrayElementAsMatrix.xml
----------------- Instantiating /home/travis/build/icyphy/ptII/ptolemy/actor/lib/test/auto/ArrayElementAsMatrix.xml
20 ms. Memory: 281600K Free: 218624K (78%)
----------------- Invoking toplevel() on ptolemy.moml.MoMLSimpleApplication@3ef1facd
----------------- Done invoking toplevel() on ptolemy.moml.MoMLSimpleApplication@3ef1facd
reloadAllAccessors: .ArrayElementAsMatrix

===========================================================================================
----------------- testing Sat Apr 04 13:47:57 UTC 2020 /home/travis/build/icyphy/ptII/ptolemy/actor/lib/test/auto/ArrayElementI.xml
----------------- Instantiating /home/travis/build/icyphy/ptII/ptolemy/actor/lib/test/auto/ArrayElementI.xml
2 ms. Memory: 281600K Free: 212990K (76%)
----------------- Invoking toplevel() on ptolemy.moml.MoMLSimpleApplication@3af205fe
----------------- Done invoking toplevel() on ptolemy.moml.MoMLSimpleApplication@3af205fe
reloadAllAccessors: .ArrayElementI

===========================================================================================
----------------- testing Sat Apr 04 13:47:57 UTC 2020 /home/travis/build/icyphy/ptII/ptolemy/actor/lib/test/auto/ArrayExtract.xml
----------------- Instantiating /home/travis/build/icyphy/ptII/ptolemy/actor/lib/test/auto/ArrayExtract.xml
6 ms. Memory: 281600K Free: 204798K (73%)
----------------- Invoking toplevel() on ptolemy.moml.MoMLSimpleApplication@26baab4f
----------------- Done invoking toplevel() on ptolemy.moml.MoMLSimpleApplication@26baab4f
reloadAllAccessors: .ArrayExtract

===========================================================================================
----------------- testing Sat Apr 04 13:47:57 UTC 2020 /home/travis/build/icyphy/ptII/ptolemy/actor/lib/test/auto/ArrayExtract2.xml
----------------- Instantiating /home/travis/build/icyphy/ptII/ptolemy/actor/lib/test/auto/ArrayExtract2.xml
2 ms. Memory: 281600K Free: 199168K (71%)
----------------- Invoking toplevel() on ptolemy.moml.MoMLSimpleApplication@9979d50
----------------- Done invoking toplevel() on ptolemy.moml.MoMLSimpleApplication@9979d50
reloadAllAccessors: .ArrayExtract2

===========================================================================================
----------------- testing Sat Apr 04 13:47:57 UTC 2020 /home/travis/build/icyphy/ptII/ptolemy/actor/lib/test/auto/ArrayLength.xml
----------------- Instantiating /home/travis/build/icyphy/ptII/ptolemy/actor/lib/test/auto/ArrayLength.xml
1 ms. Memory: 281600K Free: 195582K (69%)
----------------- Invoking toplevel() on ptolemy.moml.MoMLSimpleApplication@22e9e878
----------------- Done invoking toplevel() on ptolemy.moml.MoMLSimpleApplication@22e9e878
reloadAllAccessors: .ArrayLength

===========================================================================================
----------------- testing Sat Apr 04 13:47:57 UTC 2020 /home/travis/build/icyphy/ptII/ptolemy/actor/lib/test/auto/ArrayLevelCrossing.xml
----------------- Instantiating /home/travis/build/icyphy/ptII/ptolemy/actor/lib/test/auto/ArrayLevelCrossing.xml
6 ms. Memory: 281600K Free: 187390K (67%)
----------------- Invoking toplevel() on ptolemy.moml.MoMLSimpleApplication@67024c60
----------------- Done invoking toplevel() on ptolemy.moml.MoMLSimpleApplication@67024c60
reloadAllAccessors: .ArrayLevelCrossing

===========================================================================================
----------------- testing Sat Apr 04 13:47:57 UTC 2020 /home/travis/build/icyphy/ptII/ptolemy/actor/lib/test/auto/ArrayLevelCrossing2.xml
----------------- Instantiating /home/travis/build/icyphy/ptII/ptolemy/actor/lib/test/auto/ArrayLevelCrossing2.xml
3 ms. Memory: 281600K Free: 180736K (64%)
----------------- Invoking toplevel() on ptolemy.moml.MoMLSimpleApplication@68dcb38c
----------------- Done invoking toplevel() on ptolemy.moml.MoMLSimpleApplication@68dcb38c
reloadAllAccessors: .ArrayLevelCrossing2

===========================================================================================
----------------- testing Sat Apr 04 13:47:58 UTC 2020 /home/travis/build/icyphy/ptII/ptolemy/actor/lib/test/auto/ArrayPeakSearch.xml
----------------- Instantiating /home/travis/build/icyphy/ptII/ptolemy/actor/lib/test/auto/ArrayPeakSearch.xml
6 ms. Memory: 281600K Free: 171520K (61%)
----------------- Invoking toplevel() on ptolemy.moml.MoMLSimpleApplication@5535e50e
----------------- Done invoking toplevel() on ptolemy.moml.MoMLSimpleApplication@5535e50e
reloadAllAccessors: .ArrayPeakSearch

===========================================================================================
----------------- testing Sat Apr 04 13:47:58 UTC 2020 /home/travis/build/icyphy/ptII/ptolemy/actor/lib/test/auto/ArrayPeakSearch2.xml
----------------- Instantiating /home/travis/build/icyphy/ptII/ptolemy/actor/lib/test/auto/ArrayPeakSearch2.xml
7 ms. Memory: 281600K Free: 161280K (57%)
----------------- Invoking toplevel() on ptolemy.moml.MoMLSimpleApplication@2afa44fc
----------------- Done invoking toplevel() on ptolemy.moml.MoMLSimpleApplication@2afa44fc
reloadAllAccessors: .ArrayPeakSearch2

===========================================================================================
----------------- testing Sat Apr 04 13:47:58 UTC 2020 /home/travis/build/icyphy/ptII/ptolemy/actor/lib/test/auto/ArrayPeakSearch3.xml
----------------- Instantiating /home/travis/build/icyphy/ptII/ptolemy/actor/lib/test/auto/ArrayPeakSearch3.xml
3 ms. Memory: 281600K Free: 152064K (54%)
----------------- Invoking toplevel() on ptolemy.moml.MoMLSimpleApplication@15a975d3
----------------- Done invoking toplevel() on ptolemy.moml.MoMLSimpleApplication@15a975d3
reloadAllAccessors: .ArrayPeakSearch3

===========================================================================================
----------------- testing Sat Apr 04 13:47:58 UTC 2020 /home/travis/build/icyphy/ptII/ptolemy/actor/lib/test/auto/ArrayRemoveElement.xml
----------------- Instantiating /home/travis/build/icyphy/ptII/ptolemy/actor/lib/test/auto/ArrayRemoveElement.xml
2 ms. Memory: 281600K Free: 144382K (51%)
----------------- Invoking toplevel() on ptolemy.moml.MoMLSimpleApplication@5aec906
----------------- Done invoking toplevel() on ptolemy.moml.MoMLSimpleApplication@5aec906
reloadAllAccessors: .ArrayRemoveElement

===========================================================================================
----------------- testing Sat Apr 04 13:47:58 UTC 2020 /home/travis/build/icyphy/ptII/ptolemy/actor/lib/test/auto/ArraySort.xml
----------------- Instantiating /home/travis/build/icyphy/ptII/ptolemy/actor/lib/test/auto/ArraySort.xml
5 ms. Memory: 281600K Free: 135166K (48%)
----------------- Invoking toplevel() on ptolemy.moml.MoMLSimpleApplication@a5d4cd8
----------------- Done invoking toplevel() on ptolemy.moml.MoMLSimpleApplication@a5d4cd8
reloadAllAccessors: .ArraySort

===========================================================================================
----------------- testing Sat Apr 04 13:47:58 UTC 2020 /home/travis/build/icyphy/ptII/ptolemy/actor/lib/test/auto/ArraySum.xml
----------------- Instantiating /home/travis/build/icyphy/ptII/ptolemy/actor/lib/test/auto/ArraySum.xml
4 ms. Memory: 281600K Free: 130046K (46%)
----------------- Invoking toplevel() on ptolemy.moml.MoMLSimpleApplication@e7f2eed
----------------- Done invoking toplevel() on ptolemy.moml.MoMLSimpleApplication@e7f2eed
reloadAllAccessors: .ArraySum

===========================================================================================
----------------- testing Sat Apr 04 13:47:58 UTC 2020 /home/travis/build/icyphy/ptII/ptolemy/actor/lib/test/auto/ArrayToElements.xml
----------------- Instantiating /home/travis/build/icyphy/ptII/ptolemy/actor/lib/test/auto/ArrayToElements.xml
9 ms. Memory: 281600K Free: 124416K (44%)
----------------- Invoking toplevel() on ptolemy.moml.MoMLSimpleApplication@63847dba
----------------- Done invoking toplevel() on ptolemy.moml.MoMLSimpleApplication@63847dba
reloadAllAccessors: .ArrayToElements

===========================================================================================
----------------- testing Sat Apr 04 13:47:58 UTC 2020 /home/travis/build/icyphy/ptII/ptolemy/actor/lib/test/auto/ArrayToMatrix.xml
----------------- Instantiating /home/travis/build/icyphy/ptII/ptolemy/actor/lib/test/auto/ArrayToMatrix.xml
16 ms. Memory: 281600K Free: 110590K (39%)
----------------- Invoking toplevel() on ptolemy.moml.MoMLSimpleApplication@4e9dec8b
----------------- Done invoking toplevel() on ptolemy.moml.MoMLSimpleApplication@4e9dec8b
reloadAllAccessors: .ArrayToMatrix

===========================================================================================
----------------- testing Sat Apr 04 13:47:58 UTC 2020 /home/travis/build/icyphy/ptII/ptolemy/actor/lib/test/auto/ArrayUpdate1.xml
----------------- Instantiating /home/travis/build/icyphy/ptII/ptolemy/actor/lib/test/auto/ArrayUpdate1.xml
2 ms. Memory: 281600K Free: 105470K (37%)
----------------- Invoking toplevel() on ptolemy.moml.MoMLSimpleApplication@46ffd616
----------------- Done invoking toplevel() on ptolemy.moml.MoMLSimpleApplication@46ffd616
reloadAllAccessors: .ArrayUpdate1

===========================================================================================
----------------- testing Sat Apr 04 13:47:58 UTC 2020 /home/travis/build/icyphy/ptII/ptolemy/actor/lib/test/auto/ArrayUpdate2.xml
----------------- Instantiating /home/travis/build/icyphy/ptII/ptolemy/actor/lib/test/auto/ArrayUpdate2.xml
3 ms. Memory: 281600K Free: 99840K (35%)
----------------- Invoking toplevel() on ptolemy.moml.MoMLSimpleApplication@dd31972
----------------- Done invoking toplevel() on ptolemy.moml.MoMLSimpleApplication@dd31972
reloadAllAccessors: .ArrayUpdate2

===========================================================================================
----------------- testing Sat Apr 04 13:47:58 UTC 2020 /home/travis/build/icyphy/ptII/ptolemy/actor/lib/test/auto/ArrayUpdate3.xml
----------------- Instantiating /home/travis/build/icyphy/ptII/ptolemy/actor/lib/test/auto/ArrayUpdate3.xml
7 ms. Memory: 281600K Free: 94720K (34%)
----------------- Invoking toplevel() on ptolemy.moml.MoMLSimpleApplication@69c47345
----------------- Done invoking toplevel() on ptolemy.moml.MoMLSimpleApplication@69c47345
reloadAllAccessors: .ArrayUpdate3

===========================================================================================
----------------- testing Sat Apr 04 13:47:58 UTC 2020 /home/travis/build/icyphy/ptII/ptolemy/actor/lib/test/auto/Assert1.xml
----------------- Instantiating /home/travis/build/icyphy/ptII/ptolemy/actor/lib/test/auto/Assert1.xml
4 ms. Memory: 281600K Free: 90624K (32%)
----------------- Invoking toplevel() on ptolemy.moml.MoMLSimpleApplication@4d7bb16
----------------- Done invoking toplevel() on ptolemy.moml.MoMLSimpleApplication@4d7bb16
reloadAllAccessors: .Assert1

===========================================================================================
----------------- testing Sat Apr 04 13:47:58 UTC 2020 /home/travis/build/icyphy/ptII/ptolemy/actor/lib/test/auto/Assert2.xml
----------------- Instantiating /home/travis/build/icyphy/ptII/ptolemy/actor/lib/test/auto/Assert2.xml
2 ms. Memory: 281600K Free: 84990K (30%)
----------------- Invoking toplevel() on ptolemy.moml.MoMLSimpleApplication@656ccfcd
----------------- Done invoking toplevel() on ptolemy.moml.MoMLSimpleApplication@656ccfcd
reloadAllAccessors: .Assert2

===========================================================================================
----------------- testing Sat Apr 04 13:47:58 UTC 2020 /home/travis/build/icyphy/ptII/ptolemy/actor/lib/test/auto/BooleanMultiplexor.xml
----------------- Instantiating /home/travis/build/icyphy/ptII/ptolemy/actor/lib/test/auto/BooleanMultiplexor.xml
2 ms. Memory: 281600K Free: 79855K (28%)
----------------- Invoking toplevel() on ptolemy.moml.MoMLSimpleApplication@671352d3
----------------- Done invoking toplevel() on ptolemy.moml.MoMLSimpleApplication@671352d3
reloadAllAccessors: .BooleanMultiplexor

===========================================================================================
----------------- testing Sat Apr 04 13:47:58 UTC 2020 /home/travis/build/icyphy/ptII/ptolemy/actor/lib/test/auto/BooleanMultiplexor2.xml
----------------- Instantiating /home/travis/build/icyphy/ptII/ptolemy/actor/lib/test/auto/BooleanMultiplexor2.xml
4 ms. Memory: 281600K Free: 73216K (26%)
----------------- Invoking toplevel() on ptolemy.moml.MoMLSimpleApplication@3b5a488e
----------------- Done invoking toplevel() on ptolemy.moml.MoMLSimpleApplication@3b5a488e
reloadAllAccessors: .BooleanMultiplexor2

===========================================================================================
----------------- testing Sat Apr 04 13:47:58 UTC 2020 /home/travis/build/icyphy/ptII/ptolemy/actor/lib/test/auto/BooleanMultiplexor3.xml
----------------- Instantiating /home/travis/build/icyphy/ptII/ptolemy/actor/lib/test/auto/BooleanMultiplexor3.xml
2 ms. Memory: 281600K Free: 228350K (81%)
----------------- Invoking toplevel() on ptolemy.moml.MoMLSimpleApplication@2da52c92
----------------- Done invoking toplevel() on ptolemy.moml.MoMLSimpleApplication@2da52c92
reloadAllAccessors: .BooleanMultiplexor3

===========================================================================================
----------------- testing Sat Apr 04 13:47:58 UTC 2020 /home/travis/build/icyphy/ptII/ptolemy/actor/lib/test/auto/BooleanSelect.xml
----------------- Instantiating /home/travis/build/icyphy/ptII/ptolemy/actor/lib/test/auto/BooleanSelect.xml
5 ms. Memory: 281600K Free: 222191K (79%)
----------------- Invoking toplevel() on ptolemy.moml.MoMLSimpleApplication@e3c8bd4
----------------- Done invoking toplevel() on ptolemy.moml.MoMLSimpleApplication@e3c8bd4
reloadAllAccessors: .BooleanSelect

===========================================================================================
----------------- testing Sat Apr 04 13:47:58 UTC 2020 /home/travis/build/icyphy/ptII/ptolemy/actor/lib/test/auto/BooleanSelect2.xml
----------------- Instantiating /home/travis/build/icyphy/ptII/ptolemy/actor/lib/test/auto/BooleanSelect2.xml
1 ms. Memory: 281600K Free: 218110K (77%)
----------------- Invoking toplevel() on ptolemy.moml.MoMLSimpleApplication@62764f96
----------------- Done invoking toplevel() on ptolemy.moml.MoMLSimpleApplication@62764f96
reloadAllAccessors: .BooleanSelect2

===========================================================================================
----------------- testing Sat Apr 04 13:47:58 UTC 2020 /home/travis/build/icyphy/ptII/ptolemy/actor/lib/test/auto/BooleanSwitch.xml
----------------- Instantiating /home/travis/build/icyphy/ptII/ptolemy/actor/lib/test/auto/BooleanSwitch.xml
2 ms. Memory: 281600K Free: 211966K (75%)
----------------- Invoking toplevel() on ptolemy.moml.MoMLSimpleApplication@52e78285
----------------- Done invoking toplevel() on ptolemy.moml.MoMLSimpleApplication@52e78285
reloadAllAccessors: .BooleanSwitch

===========================================================================================
----------------- testing Sat Apr 04 13:47:58 UTC 2020 /home/travis/build/icyphy/ptII/ptolemy/actor/lib/test/auto/BooleanSwitch2.xml
----------------- Instantiating /home/travis/build/icyphy/ptII/ptolemy/actor/lib/test/auto/BooleanSwitch2.xml
1 ms. Memory: 281600K Free: 207870K (74%)
----------------- Invoking toplevel() on ptolemy.moml.MoMLSimpleApplication@7592bc51
----------------- Done invoking toplevel() on ptolemy.moml.MoMLSimpleApplication@7592bc51
reloadAllAccessors: .BooleanSwitch2

===========================================================================================
----------------- testing Sat Apr 04 13:47:58 UTC 2020 /home/travis/build/icyphy/ptII/ptolemy/actor/lib/test/auto/BooleanSwitchCloningBugWithClassRelationGroup.xml
----------------- Instantiating /home/travis/build/icyphy/ptII/ptolemy/actor/lib/test/auto/BooleanSwitchCloningBugWithClassRelationGroup.xml
3 ms. Memory: 281600K Free: 201216K (71%)
----------------- Invoking toplevel() on ptolemy.moml.MoMLSimpleApplication@51af52cf
----------------- Done invoking toplevel() on ptolemy.moml.MoMLSimpleApplication@51af52cf
reloadAllAccessors: .BooleanSwitchCloningBugWithClassRelationGroup

===========================================================================================
----------------- testing Sat Apr 04 13:47:58 UTC 2020 /home/travis/build/icyphy/ptII/ptolemy/actor/lib/test/auto/BusActors.xml
----------------- Instantiating /home/travis/build/icyphy/ptII/ptolemy/actor/lib/test/auto/BusActors.xml
6 ms. Memory: 281600K Free: 193534K (69%)
----------------- Invoking toplevel() on ptolemy.moml.MoMLSimpleApplication@5e6a617f
----------------- Done invoking toplevel() on ptolemy.moml.MoMLSimpleApplication@5e6a617f
reloadAllAccessors: .BusActors

===========================================================================================
----------------- testing Sat Apr 04 13:47:58 UTC 2020 /home/travis/build/icyphy/ptII/ptolemy/actor/lib/test/auto/ClassWrapper.xml
----------------- Instantiating /home/travis/build/icyphy/ptII/ptolemy/actor/lib/test/auto/ClassWrapper.xml
2 ms. Memory: 281600K Free: 188928K (67%)
----------------- Invoking toplevel() on ptolemy.moml.MoMLSimpleApplication@728b0527
----------------- Done invoking toplevel() on ptolemy.moml.MoMLSimpleApplication@728b0527
reloadAllAccessors: .ClassWrapper

===========================================================================================
----------------- testing Sat Apr 04 13:47:58 UTC 2020 /home/travis/build/icyphy/ptII/ptolemy/actor/lib/test/auto/Clock.xml
----------------- Instantiating /home/travis/build/icyphy/ptII/ptolemy/actor/lib/test/auto/Clock.xml
1 ms. Memory: 281600K Free: 185342K (66%)
----------------- Invoking toplevel() on ptolemy.moml.MoMLSimpleApplication@af2d943
----------------- Done invoking toplevel() on ptolemy.moml.MoMLSimpleApplication@af2d943
reloadAllAccessors: .Clock

===========================================================================================
----------------- testing Sat Apr 04 13:47:58 UTC 2020 /home/travis/build/icyphy/ptII/ptolemy/actor/lib/test/auto/Clock10.xml
----------------- Instantiating /home/travis/build/icyphy/ptII/ptolemy/actor/lib/test/auto/Clock10.xml
2 ms. Memory: 281600K Free: 179198K (64%)
----------------- Invoking toplevel() on ptolemy.moml.MoMLSimpleApplication@180168cf
----------------- Done invoking toplevel() on ptolemy.moml.MoMLSimpleApplication@180168cf
reloadAllAccessors: .Clock10

===========================================================================================
----------------- testing Sat Apr 04 13:47:58 UTC 2020 /home/travis/build/icyphy/ptII/ptolemy/actor/lib/test/auto/Clock11.xml
----------------- Instantiating /home/travis/build/icyphy/ptII/ptolemy/actor/lib/test/auto/Clock11.xml
9 ms. Memory: 281600K Free: 173566K (62%)
----------------- Invoking toplevel() on ptolemy.moml.MoMLSimpleApplication@7d21c27c
----------------- Done invoking toplevel() on ptolemy.moml.MoMLSimpleApplication@7d21c27c
reloadAllAccessors: .Clock11

===========================================================================================
----------------- testing Sat Apr 04 13:47:58 UTC 2020 /home/travis/build/icyphy/ptII/ptolemy/actor/lib/test/auto/Clock12.xml
----------------- Instantiating /home/travis/build/icyphy/ptII/ptolemy/actor/lib/test/auto/Clock12.xml
4 ms. Memory: 281600K Free: 167424K (59%)
----------------- Invoking toplevel() on ptolemy.moml.MoMLSimpleApplication@b064510
----------------- Done invoking toplevel() on ptolemy.moml.MoMLSimpleApplication@b064510
reloadAllAccessors: .Clock12

===========================================================================================
----------------- testing Sat Apr 04 13:47:58 UTC 2020 /home/travis/build/icyphy/ptII/ptolemy/actor/lib/test/auto/Clock13.xml
----------------- Instantiating /home/travis/build/icyphy/ptII/ptolemy/actor/lib/test/auto/Clock13.xml
2 ms. Memory: 281600K Free: 161759K (57%)
----------------- Invoking toplevel() on ptolemy.moml.MoMLSimpleApplication@2aeb596
----------------- Done invoking toplevel() on ptolemy.moml.MoMLSimpleApplication@2aeb596
reloadAllAccessors: .Clock13

===========================================================================================
----------------- testing Sat Apr 04 13:47:58 UTC 2020 /home/travis/build/icyphy/ptII/ptolemy/actor/lib/test/auto/Clock14.xml
----------------- Instantiating /home/travis/build/icyphy/ptII/ptolemy/actor/lib/test/auto/Clock14.xml
4 ms. Memory: 281600K Free: 155639K (55%)
----------------- Invoking toplevel() on ptolemy.moml.MoMLSimpleApplication@3343a7ad
----------------- Done invoking toplevel() on ptolemy.moml.MoMLSimpleApplication@3343a7ad
reloadAllAccessors: .Clock14

===========================================================================================
----------------- testing Sat Apr 04 13:47:58 UTC 2020 /home/travis/build/icyphy/ptII/ptolemy/actor/lib/test/auto/Clock15.xml
----------------- Instantiating /home/travis/build/icyphy/ptII/ptolemy/actor/lib/test/auto/Clock15.xml
4 ms. Memory: 281600K Free: 149495K (53%)
----------------- Invoking toplevel() on ptolemy.moml.MoMLSimpleApplication@7fddc416
----------------- Done invoking toplevel() on ptolemy.moml.MoMLSimpleApplication@7fddc416
reloadAllAccessors: .Clock15

===========================================================================================
----------------- testing Sat Apr 04 13:47:58 UTC 2020 /home/travis/build/icyphy/ptII/ptolemy/actor/lib/test/auto/Clock16.xml
----------------- Instantiating /home/travis/build/icyphy/ptII/ptolemy/actor/lib/test/auto/Clock16.xml
21 ms. Memory: 281600K Free: 135151K (48%)
----------------- Invoking toplevel() on ptolemy.moml.MoMLSimpleApplication@3a22d95c
----------------- Done invoking toplevel() on ptolemy.moml.MoMLSimpleApplication@3a22d95c
reloadAllAccessors: .Clock16

===========================================================================================
----------------- testing Sat Apr 04 13:47:58 UTC 2020 /home/travis/build/icyphy/ptII/ptolemy/actor/lib/test/auto/Clock17.xml
----------------- Instantiating /home/travis/build/icyphy/ptII/ptolemy/actor/lib/test/auto/Clock17.xml
15 ms. Memory: 281600K Free: 120815K (43%)
----------------- Invoking toplevel() on ptolemy.moml.MoMLSimpleApplication@1af37c0d
----------------- Done invoking toplevel() on ptolemy.moml.MoMLSimpleApplication@1af37c0d
reloadAllAccessors: .Clock17

===========================================================================================
----------------- testing Sat Apr 04 13:47:58 UTC 2020 /home/travis/build/icyphy/ptII/ptolemy/actor/lib/test/auto/Clock18.xml
----------------- Instantiating /home/travis/build/icyphy/ptII/ptolemy/actor/lib/test/auto/Clock18.xml
15 ms. Memory: 281600K Free: 108032K (38%)
----------------- Invoking toplevel() on ptolemy.moml.MoMLSimpleApplication@129947f3
----------------- Done invoking toplevel() on ptolemy.moml.MoMLSimpleApplication@129947f3
reloadAllAccessors: .Clock18

===========================================================================================
----------------- testing Sat Apr 04 13:47:58 UTC 2020 /home/travis/build/icyphy/ptII/ptolemy/actor/lib/test/auto/Clock19.xml
----------------- Instantiating /home/travis/build/icyphy/ptII/ptolemy/actor/lib/test/auto/Clock19.xml
10 ms. Memory: 281600K Free: 94720K (34%)
----------------- Invoking toplevel() on ptolemy.moml.MoMLSimpleApplication@f9290dd
----------------- Done invoking toplevel() on ptolemy.moml.MoMLSimpleApplication@f9290dd
reloadAllAccessors: .Clock19

===========================================================================================
----------------- testing Sat Apr 04 13:47:58 UTC 2020 /home/travis/build/icyphy/ptII/ptolemy/actor/lib/test/auto/Clock2.xml
----------------- Instantiating /home/travis/build/icyphy/ptII/ptolemy/actor/lib/test/auto/Clock2.xml
4 ms. Memory: 281600K Free: 90079K (32%)
----------------- Invoking toplevel() on ptolemy.moml.MoMLSimpleApplication@49c9c1da
----------------- Done invoking toplevel() on ptolemy.moml.MoMLSimpleApplication@49c9c1da
reloadAllAccessors: .Clock2

===========================================================================================
----------------- testing Sat Apr 04 13:47:58 UTC 2020 /home/travis/build/icyphy/ptII/ptolemy/actor/lib/test/auto/Clock20.xml
----------------- Instantiating /home/travis/build/icyphy/ptII/ptolemy/actor/lib/test/auto/Clock20.xml
5 ms. Memory: 281600K Free: 84480K (30%)
----------------- Invoking toplevel() on ptolemy.moml.MoMLSimpleApplication@c686b76
----------------- Done invoking toplevel() on ptolemy.moml.MoMLSimpleApplication@c686b76
reloadAllAccessors: .Clock20

===========================================================================================
----------------- testing Sat Apr 04 13:47:58 UTC 2020 /home/travis/build/icyphy/ptII/ptolemy/actor/lib/test/auto/Clock21.xml
----------------- Instantiating /home/travis/build/icyphy/ptII/ptolemy/actor/lib/test/auto/Clock21.xml
5 ms. Memory: 281600K Free: 79360K (28%)
----------------- Invoking toplevel() on ptolemy.moml.MoMLSimpleApplication@83f59b8
----------------- Done invoking toplevel() on ptolemy.moml.MoMLSimpleApplication@83f59b8
reloadAllAccessors: .Clock21

===========================================================================================
----------------- testing Sat Apr 04 13:47:58 UTC 2020 /home/travis/build/icyphy/ptII/ptolemy/actor/lib/test/auto/Clock22.xml
----------------- Instantiating /home/travis/build/icyphy/ptII/ptolemy/actor/lib/test/auto/Clock22.xml
2 ms. Memory: 281600K Free: 73726K (26%)
----------------- Invoking toplevel() on ptolemy.moml.MoMLSimpleApplication@a8d9f91
----------------- Done invoking toplevel() on ptolemy.moml.MoMLSimpleApplication@a8d9f91
reloadAllAccessors: .Clock22

===========================================================================================
----------------- testing Sat Apr 04 13:47:59 UTC 2020 /home/travis/build/icyphy/ptII/ptolemy/actor/lib/test/auto/Clock23.xml
----------------- Instantiating /home/travis/build/icyphy/ptII/ptolemy/actor/lib/test/auto/Clock23.xml
6 ms. Memory: 545792K Free: 491008K (90%)
----------------- Invoking toplevel() on ptolemy.moml.MoMLSimpleApplication@2c741481
----------------- Done invoking toplevel() on ptolemy.moml.MoMLSimpleApplication@2c741481
reloadAllAccessors: .Clock23

===========================================================================================
----------------- testing Sat Apr 04 13:47:59 UTC 2020 /home/travis/build/icyphy/ptII/ptolemy/actor/lib/test/auto/Clock24.xml
----------------- Instantiating /home/travis/build/icyphy/ptII/ptolemy/actor/lib/test/auto/Clock24.xml
4 ms. Memory: 545792K Free: 485888K (89%)
----------------- Invoking toplevel() on ptolemy.moml.MoMLSimpleApplication@5dfea9b1
----------------- Done invoking toplevel() on ptolemy.moml.MoMLSimpleApplication@5dfea9b1
reloadAllAccessors: .Clock24

===========================================================================================
----------------- testing Sat Apr 04 13:47:59 UTC 2020 /home/travis/build/icyphy/ptII/ptolemy/actor/lib/test/auto/Clock4.xml
----------------- Instantiating /home/travis/build/icyphy/ptII/ptolemy/actor/lib/test/auto/Clock4.xml
1 ms. Memory: 545792K Free: 480768K (88%)
----------------- Invoking toplevel() on ptolemy.moml.MoMLSimpleApplication@21ab6f87
----------------- Done invoking toplevel() on ptolemy.moml.MoMLSimpleApplication@21ab6f87
reloadAllAccessors: .Clock4

===========================================================================================
----------------- testing Sat Apr 04 13:47:59 UTC 2020 /home/travis/build/icyphy/ptII/ptolemy/actor/lib/test/auto/Clock5.xml
----------------- Instantiating /home/travis/build/icyphy/ptII/ptolemy/actor/lib/test/auto/Clock5.xml
2 ms. Memory: 545792K Free: 475648K (87%)
----------------- Invoking toplevel() on ptolemy.moml.MoMLSimpleApplication@2b5aec2f
----------------- Done invoking toplevel() on ptolemy.moml.MoMLSimpleApplication@2b5aec2f
reloadAllAccessors: .Clock5

===========================================================================================
----------------- testing Sat Apr 04 13:47:59 UTC 2020 /home/travis/build/icyphy/ptII/ptolemy/actor/lib/test/auto/Clock6.xml
----------------- Instantiating /home/travis/build/icyphy/ptII/ptolemy/actor/lib/test/auto/Clock6.xml
2 ms. Memory: 545792K Free: 471552K (86%)
----------------- Invoking toplevel() on ptolemy.moml.MoMLSimpleApplication@1ba010e0
----------------- Done invoking toplevel() on ptolemy.moml.MoMLSimpleApplication@1ba010e0
reloadAllAccessors: .Clock6

===========================================================================================
----------------- testing Sat Apr 04 13:47:59 UTC 2020 /home/travis/build/icyphy/ptII/ptolemy/actor/lib/test/auto/Clock7.xml
----------------- Instantiating /home/travis/build/icyphy/ptII/ptolemy/actor/lib/test/auto/Clock7.xml
3 ms. Memory: 545792K Free: 466942K (86%)
----------------- Invoking toplevel() on ptolemy.moml.MoMLSimpleApplication@28f947eb
----------------- Done invoking toplevel() on ptolemy.moml.MoMLSimpleApplication@28f947eb
reloadAllAccessors: .Clock7

===========================================================================================
----------------- testing Sat Apr 04 13:47:59 UTC 2020 /home/travis/build/icyphy/ptII/ptolemy/actor/lib/test/auto/Clock8.xml
----------------- Instantiating /home/travis/build/icyphy/ptII/ptolemy/actor/lib/test/auto/Clock8.xml
6 ms. Memory: 545792K Free: 461310K (85%)
----------------- Invoking toplevel() on ptolemy.moml.MoMLSimpleApplication@256a2b9e
----------------- Done invoking toplevel() on ptolemy.moml.MoMLSimpleApplication@256a2b9e
reloadAllAccessors: .Clock8

===========================================================================================
----------------- testing Sat Apr 04 13:47:59 UTC 2020 /home/travis/build/icyphy/ptII/ptolemy/actor/lib/test/auto/Clock9.xml
----------------- Instantiating /home/travis/build/icyphy/ptII/ptolemy/actor/lib/test/auto/Clock9.xml
5 ms. Memory: 545792K Free: 456192K (84%)
----------------- Invoking toplevel() on ptolemy.moml.MoMLSimpleApplication@79fb7499
----------------- Done invoking toplevel() on ptolemy.moml.MoMLSimpleApplication@79fb7499
reloadAllAccessors: .Clock9

===========================================================================================
----------------- testing Sat Apr 04 13:47:59 UTC 2020 /home/travis/build/icyphy/ptII/ptolemy/actor/lib/test/auto/CommDistDiscard.xml
----------------- Instantiating /home/travis/build/icyphy/ptII/ptolemy/actor/lib/test/auto/CommDistDiscard.xml
9 ms. Memory: 545792K Free: 450558K (83%)
----------------- Invoking toplevel() on ptolemy.moml.MoMLSimpleApplication@27f0c330
----------------- Done invoking toplevel() on ptolemy.moml.MoMLSimpleApplication@27f0c330
reloadAllAccessors: .CommDistDiscard

===========================================================================================
----------------- testing Sat Apr 04 13:47:59 UTC 2020 /home/travis/build/icyphy/ptII/ptolemy/actor/lib/test/auto/Commutator.xml
----------------- Instantiating /home/travis/build/icyphy/ptII/ptolemy/actor/lib/test/auto/Commutator.xml
2 ms. Memory: 545792K Free: 446462K (82%)
----------------- Invoking toplevel() on ptolemy.moml.MoMLSimpleApplication@239179bb
----------------- Done invoking toplevel() on ptolemy.moml.MoMLSimpleApplication@239179bb
reloadAllAccessors: .Commutator

===========================================================================================
----------------- testing Sat Apr 04 13:47:59 UTC 2020 /home/travis/build/icyphy/ptII/ptolemy/actor/lib/test/auto/Commutator2.xml
----------------- Instantiating /home/travis/build/icyphy/ptII/ptolemy/actor/lib/test/auto/Commutator2.xml
2 ms. Memory: 545792K Free: 441856K (81%)
----------------- Invoking toplevel() on ptolemy.moml.MoMLSimpleApplication@411ea878
----------------- Done invoking toplevel() on ptolemy.moml.MoMLSimpleApplication@411ea878
reloadAllAccessors: .Commutator2

===========================================================================================
----------------- testing Sat Apr 04 13:47:59 UTC 2020 /home/travis/build/icyphy/ptII/ptolemy/actor/lib/test/auto/Commutator3.xml
----------------- Instantiating /home/travis/build/icyphy/ptII/ptolemy/actor/lib/test/auto/Commutator3.xml
2 ms. Memory: 545792K Free: 437760K (80%)
----------------- Invoking toplevel() on ptolemy.moml.MoMLSimpleApplication@372d8cb2
----------------- Done invoking toplevel() on ptolemy.moml.MoMLSimpleApplication@372d8cb2
reloadAllAccessors: .Commutator3

===========================================================================================
----------------- testing Sat Apr 04 13:47:59 UTC 2020 /home/travis/build/icyphy/ptII/ptolemy/actor/lib/test/auto/Compare.xml
----------------- Instantiating /home/travis/build/icyphy/ptII/ptolemy/actor/lib/test/auto/Compare.xml
2 ms. Memory: 545792K Free: 431102K (79%)
----------------- Invoking toplevel() on ptolemy.moml.MoMLSimpleApplication@a72446a
----------------- Done invoking toplevel() on ptolemy.moml.MoMLSimpleApplication@a72446a
reloadAllAccessors: .Compare

===========================================================================================
----------------- testing Sat Apr 04 13:47:59 UTC 2020 /home/travis/build/icyphy/ptII/ptolemy/actor/lib/test/auto/CompareDE.xml
----------------- Instantiating /home/travis/build/icyphy/ptII/ptolemy/actor/lib/test/auto/CompareDE.xml
4 ms. Memory: 545792K Free: 423919K (78%)
----------------- Invoking toplevel() on ptolemy.moml.MoMLSimpleApplication@52ec422d
----------------- Done invoking toplevel() on ptolemy.moml.MoMLSimpleApplication@52ec422d
reloadAllAccessors: .CompareDE

===========================================================================================
----------------- testing Sat Apr 04 13:47:59 UTC 2020 /home/travis/build/icyphy/ptII/ptolemy/actor/lib/test/auto/ComplexDivide.xml
----------------- Instantiating /home/travis/build/icyphy/ptII/ptolemy/actor/lib/test/auto/ComplexDivide.xml
1 ms. Memory: 545792K Free: 420352K (77%)
----------------- Invoking toplevel() on ptolemy.moml.MoMLSimpleApplication@737e7d11
----------------- Done invoking toplevel() on ptolemy.moml.MoMLSimpleApplication@737e7d11
reloadAllAccessors: .ComplexDivide

===========================================================================================
----------------- testing Sat Apr 04 13:47:59 UTC 2020 /home/travis/build/icyphy/ptII/ptolemy/actor/lib/test/auto/ComputeHistogram.xml
----------------- Instantiating /home/travis/build/icyphy/ptII/ptolemy/actor/lib/test/auto/ComputeHistogram.xml
30 ms. Memory: 545792K Free: 408064K (75%)
----------------- Invoking toplevel() on ptolemy.moml.MoMLSimpleApplication@9635de9
----------------- Done invoking toplevel() on ptolemy.moml.MoMLSimpleApplication@9635de9
reloadAllAccessors: .ComputeHistogram

===========================================================================================
----------------- testing Sat Apr 04 13:47:59 UTC 2020 /home/travis/build/icyphy/ptII/ptolemy/actor/lib/test/auto/ConfigurationSelect.xml
----------------- Instantiating /home/travis/build/icyphy/ptII/ptolemy/actor/lib/test/auto/ConfigurationSelect.xml
2 ms. Memory: 545792K Free: 402944K (74%)
----------------- Invoking toplevel() on ptolemy.moml.MoMLSimpleApplication@10a35339
----------------- Done invoking toplevel() on ptolemy.moml.MoMLSimpleApplication@10a35339
reloadAllAccessors: .ConfigurationSelect

===========================================================================================
----------------- testing Sat Apr 04 13:47:59 UTC 2020 /home/travis/build/icyphy/ptII/ptolemy/actor/lib/test/auto/ConfigurationSelect2.xml
----------------- Instantiating /home/travis/build/icyphy/ptII/ptolemy/actor/lib/test/auto/ConfigurationSelect2.xml
2 ms. Memory: 545792K Free: 398334K (73%)
----------------- Invoking toplevel() on ptolemy.moml.MoMLSimpleApplication@537ce519
----------------- Done invoking toplevel() on ptolemy.moml.MoMLSimpleApplication@537ce519
reloadAllAccessors: .ConfigurationSelect2

===========================================================================================
----------------- testing Sat Apr 04 13:47:59 UTC 2020 /home/travis/build/icyphy/ptII/ptolemy/actor/lib/test/auto/ConfigurationSwitch.xml
----------------- Instantiating /home/travis/build/icyphy/ptII/ptolemy/actor/lib/test/auto/ConfigurationSwitch.xml
2 ms. Memory: 545792K Free: 393214K (72%)
----------------- Invoking toplevel() on ptolemy.moml.MoMLSimpleApplication@587e388f
----------------- Done invoking toplevel() on ptolemy.moml.MoMLSimpleApplication@587e388f
reloadAllAccessors: .ConfigurationSwitch

===========================================================================================
----------------- testing Sat Apr 04 13:47:59 UTC 2020 /home/travis/build/icyphy/ptII/ptolemy/actor/lib/test/auto/ConfigurationSwitch2.xml
----------------- Instantiating /home/travis/build/icyphy/ptII/ptolemy/actor/lib/test/auto/ConfigurationSwitch2.xml
3 ms. Memory: 545792K Free: 387584K (71%)
----------------- Invoking toplevel() on ptolemy.moml.MoMLSimpleApplication@bfcb363
----------------- Done invoking toplevel() on ptolemy.moml.MoMLSimpleApplication@bfcb363
reloadAllAccessors: .ConfigurationSwitch2

===========================================================================================
----------------- testing Sat Apr 04 13:47:59 UTC 2020 /home/travis/build/icyphy/ptII/ptolemy/actor/lib/test/auto/ConfigurationSwitchCloningBugWithClassRelationGroup.xml
----------------- Instantiating /home/travis/build/icyphy/ptII/ptolemy/actor/lib/test/auto/ConfigurationSwitchCloningBugWithClassRelationGroup.xml
1 ms. Memory: 545792K Free: 380926K (70%)
----------------- Invoking toplevel() on ptolemy.moml.MoMLSimpleApplication@204641e0
----------------- Done invoking toplevel() on ptolemy.moml.MoMLSimpleApplication@204641e0
reloadAllAccessors: .ConfigurationSwitchCloningBugWithClassRelationGroup

===========================================================================================
----------------- testing Sat Apr 04 13:47:59 UTC 2020 /home/travis/build/icyphy/ptII/ptolemy/actor/lib/test/auto/ConfigurationSwitchSelectSDF.xml
----------------- Instantiating /home/travis/build/icyphy/ptII/ptolemy/actor/lib/test/auto/ConfigurationSwitchSelectSDF.xml
3 ms. Memory: 545792K Free: 375296K (69%)
----------------- Invoking toplevel() on ptolemy.moml.MoMLSimpleApplication@50227c6e
----------------- Done invoking toplevel() on ptolemy.moml.MoMLSimpleApplication@50227c6e
reloadAllAccessors: .ConfigurationSwitchSelectSDF

===========================================================================================
----------------- testing Sat Apr 04 13:47:59 UTC 2020 /home/travis/build/icyphy/ptII/ptolemy/actor/lib/test/auto/ConfigurationSwitchSelectSDF2.xml
----------------- Instantiating /home/travis/build/icyphy/ptII/ptolemy/actor/lib/test/auto/ConfigurationSwitchSelectSDF2.xml
3 ms. Memory: 545792K Free: 369152K (68%)
----------------- Invoking toplevel() on ptolemy.moml.MoMLSimpleApplication@273d07db
----------------- Done invoking toplevel() on ptolemy.moml.MoMLSimpleApplication@273d07db
reloadAllAccessors: .ConfigurationSwitchSelectSDF2

===========================================================================================
----------------- testing Sat Apr 04 13:47:59 UTC 2020 /home/travis/build/icyphy/ptII/ptolemy/actor/lib/test/auto/Const.xml
----------------- Instantiating /home/travis/build/icyphy/ptII/ptolemy/actor/lib/test/auto/Const.xml
0 ms. Memory: 545792K Free: 366080K (67%)
----------------- Invoking toplevel() on ptolemy.moml.MoMLSimpleApplication@3d060b26
----------------- Done invoking toplevel() on ptolemy.moml.MoMLSimpleApplication@3d060b26
reloadAllAccessors: .Const

===========================================================================================
----------------- testing Sat Apr 04 13:47:59 UTC 2020 /home/travis/build/icyphy/ptII/ptolemy/actor/lib/test/auto/Const2.xml
----------------- Instantiating /home/travis/build/icyphy/ptII/ptolemy/actor/lib/test/auto/Const2.xml
1 ms. Memory: 545792K Free: 361984K (66%)
----------------- Invoking toplevel() on ptolemy.moml.MoMLSimpleApplication@302be6c8
----------------- Done invoking toplevel() on ptolemy.moml.MoMLSimpleApplication@302be6c8
reloadAllAccessors: .Const2

===========================================================================================
----------------- testing Sat Apr 04 13:47:59 UTC 2020 /home/travis/build/icyphy/ptII/ptolemy/actor/lib/test/auto/Const3.xml
----------------- Instantiating /home/travis/build/icyphy/ptII/ptolemy/actor/lib/test/auto/Const3.xml
1 ms. Memory: 545792K Free: 359422K (66%)
----------------- Invoking toplevel() on ptolemy.moml.MoMLSimpleApplication@3ddb3b88
----------------- Done invoking toplevel() on ptolemy.moml.MoMLSimpleApplication@3ddb3b88
reloadAllAccessors: .Const3

===========================================================================================
----------------- testing Sat Apr 04 13:47:59 UTC 2020 /home/travis/build/icyphy/ptII/ptolemy/actor/lib/test/auto/ConstantPublisherPort1.xml
----------------- Instantiating /home/travis/build/icyphy/ptII/ptolemy/actor/lib/test/auto/ConstantPublisherPort1.xml
5 ms. Memory: 545792K Free: 350720K (64%)
----------------- Invoking toplevel() on ptolemy.moml.MoMLSimpleApplication@198a5021
----------------- Done invoking toplevel() on ptolemy.moml.MoMLSimpleApplication@198a5021
reloadAllAccessors: .ConstantPublisherPort1

===========================================================================================
----------------- testing Sat Apr 04 13:47:59 UTC 2020 /home/travis/build/icyphy/ptII/ptolemy/actor/lib/test/auto/ConstantPublisherPort2.xml
----------------- Instantiating /home/travis/build/icyphy/ptII/ptolemy/actor/lib/test/auto/ConstantPublisherPort2.xml
9 ms. Memory: 545792K Free: 342528K (63%)
----------------- Invoking toplevel() on ptolemy.moml.MoMLSimpleApplication@615f6b2c
----------------- Done invoking toplevel() on ptolemy.moml.MoMLSimpleApplication@615f6b2c
reloadAllAccessors: .ConstantPublisherPort2

===========================================================================================
----------------- testing Sat Apr 04 13:47:59 UTC 2020 /home/travis/build/icyphy/ptII/ptolemy/actor/lib/test/auto/ConstantPublisherPort3.xml
----------------- Instantiating /home/travis/build/icyphy/ptII/ptolemy/actor/lib/test/auto/ConstantPublisherPort3.xml
5 ms. Memory: 545792K Free: 335360K (61%)
----------------- Invoking toplevel() on ptolemy.moml.MoMLSimpleApplication@59925edb
----------------- Done invoking toplevel() on ptolemy.moml.MoMLSimpleApplication@59925edb
reloadAllAccessors: .ConstantPublisherPort3

===========================================================================================
----------------- testing Sat Apr 04 13:47:59 UTC 2020 /home/travis/build/icyphy/ptII/ptolemy/actor/lib/test/auto/ConstantPublisherPort4.xml
----------------- Instantiating /home/travis/build/icyphy/ptII/ptolemy/actor/lib/test/auto/ConstantPublisherPort4.xml
3 ms. Memory: 545792K Free: 328192K (60%)
----------------- Invoking toplevel() on ptolemy.moml.MoMLSimpleApplication@44e3ef37
----------------- Done invoking toplevel() on ptolemy.moml.MoMLSimpleApplication@44e3ef37
reloadAllAccessors: .ConstantPublisherPort4

===========================================================================================
----------------- testing Sat Apr 04 13:47:59 UTC 2020 /home/travis/build/icyphy/ptII/ptolemy/actor/lib/test/auto/ConstantPublisherPort5.xml
----------------- Instantiating /home/travis/build/icyphy/ptII/ptolemy/actor/lib/test/auto/ConstantPublisherPort5.xml
29 ms. Memory: 545792K Free: 318976K (58%)
----------------- Invoking toplevel() on ptolemy.moml.MoMLSimpleApplication@1d808d9a
----------------- Done invoking toplevel() on ptolemy.moml.MoMLSimpleApplication@1d808d9a
reloadAllAccessors: .ConstantPublisherPort5

===========================================================================================
----------------- testing Sat Apr 04 13:47:59 UTC 2020 /home/travis/build/icyphy/ptII/ptolemy/actor/lib/test/auto/ConstantPublisherPort6.xml
----------------- Instantiating /home/travis/build/icyphy/ptII/ptolemy/actor/lib/test/auto/ConstantPublisherPort6.xml
15 ms. Memory: 545792K Free: 309760K (57%)
----------------- Invoking toplevel() on ptolemy.moml.MoMLSimpleApplication@1cf9a123
----------------- Done invoking toplevel() on ptolemy.moml.MoMLSimpleApplication@1cf9a123
reloadAllAccessors: .ConstantPublisherPort6

===========================================================================================
----------------- testing Sat Apr 04 13:47:59 UTC 2020 /home/travis/build/icyphy/ptII/ptolemy/actor/lib/test/auto/ConstantPublisherPort7.xml
----------------- Instantiating /home/travis/build/icyphy/ptII/ptolemy/actor/lib/test/auto/ConstantPublisherPort7.xml
13 ms. Memory: 545792K Free: 300544K (55%)
----------------- Invoking toplevel() on ptolemy.moml.MoMLSimpleApplication@1f647802
----------------- Done invoking toplevel() on ptolemy.moml.MoMLSimpleApplication@1f647802
reloadAllAccessors: .ConstantPublisherPort7

===========================================================================================
----------------- testing Sat Apr 04 13:47:59 UTC 2020 /home/travis/build/icyphy/ptII/ptolemy/actor/lib/test/auto/ConstraintMonitor1.xml
----------------- Instantiating /home/travis/build/icyphy/ptII/ptolemy/actor/lib/test/auto/ConstraintMonitor1.xml
5 ms. Memory: 545792K Free: 295424K (54%)
----------------- Invoking toplevel() on ptolemy.moml.MoMLSimpleApplication@2a49288e
----------------- Done invoking toplevel() on ptolemy.moml.MoMLSimpleApplication@2a49288e
reloadAllAccessors: .ConstraintMonitor1

===========================================================================================
----------------- testing Sat Apr 04 13:47:59 UTC 2020 /home/travis/build/icyphy/ptII/ptolemy/actor/lib/test/auto/ConstraintMonitor2.xml
----------------- Instantiating /home/travis/build/icyphy/ptII/ptolemy/actor/lib/test/auto/ConstraintMonitor2.xml
5 ms. Memory: 545792K Free: 290814K (53%)
----------------- Invoking toplevel() on ptolemy.moml.MoMLSimpleApplication@5e1fedcc
----------------- Done invoking toplevel() on ptolemy.moml.MoMLSimpleApplication@5e1fedcc
reloadAllAccessors: .ConstraintMonitor2

===========================================================================================
----------------- testing Sat Apr 04 13:47:59 UTC 2020 /home/travis/build/icyphy/ptII/ptolemy/actor/lib/test/auto/ConstraintMonitor3.xml
----------------- Instantiating /home/travis/build/icyphy/ptII/ptolemy/actor/lib/test/auto/ConstraintMonitor3.xml
7 ms. Memory: 545792K Free: 286208K (52%)
----------------- Invoking toplevel() on ptolemy.moml.MoMLSimpleApplication@3dfc9b83
----------------- Done invoking toplevel() on ptolemy.moml.MoMLSimpleApplication@3dfc9b83
reloadAllAccessors: .ConstraintMonitor3

===========================================================================================
----------------- testing Sat Apr 04 13:47:59 UTC 2020 /home/travis/build/icyphy/ptII/ptolemy/actor/lib/test/auto/ConstraintMonitor4.xml
----------------- Instantiating /home/travis/build/icyphy/ptII/ptolemy/actor/lib/test/auto/ConstraintMonitor4.xml
3 ms. Memory: 545792K Free: 281598K (52%)
----------------- Invoking toplevel() on ptolemy.moml.MoMLSimpleApplication@717e9ad0
----------------- Done invoking toplevel() on ptolemy.moml.MoMLSimpleApplication@717e9ad0
reloadAllAccessors: .ConstraintMonitor4

===========================================================================================
----------------- testing Sat Apr 04 13:47:59 UTC 2020 /home/travis/build/icyphy/ptII/ptolemy/actor/lib/test/auto/ConstraintMonitor5.xml
----------------- Instantiating /home/travis/build/icyphy/ptII/ptolemy/actor/lib/test/auto/ConstraintMonitor5.xml
4 ms. Memory: 545792K Free: 276478K (51%)
----------------- Invoking toplevel() on ptolemy.moml.MoMLSimpleApplication@62bbef5d
----------------- Done invoking toplevel() on ptolemy.moml.MoMLSimpleApplication@62bbef5d
reloadAllAccessors: .ConstraintMonitor5

===========================================================================================
----------------- testing Sat Apr 04 13:47:59 UTC 2020 /home/travis/build/icyphy/ptII/ptolemy/actor/lib/test/auto/ConstraintMonitor6.xml
----------------- Instantiating /home/travis/build/icyphy/ptII/ptolemy/actor/lib/test/auto/ConstraintMonitor6.xml
3 ms. Memory: 545792K Free: 270848K (50%)
----------------- Invoking toplevel() on ptolemy.moml.MoMLSimpleApplication@445c61fa
----------------- Done invoking toplevel() on ptolemy.moml.MoMLSimpleApplication@445c61fa
reloadAllAccessors: .ConstraintMonitor6

===========================================================================================
----------------- testing Sat Apr 04 13:47:59 UTC 2020 /home/travis/build/icyphy/ptII/ptolemy/actor/lib/test/auto/ConstraintMonitor7.xml
----------------- Instantiating /home/travis/build/icyphy/ptII/ptolemy/actor/lib/test/auto/ConstraintMonitor7.xml
7 ms. Memory: 545792K Free: 264175K (48%)
----------------- Invoking toplevel() on ptolemy.moml.MoMLSimpleApplication@1101310
----------------- Done invoking toplevel() on ptolemy.moml.MoMLSimpleApplication@1101310
reloadAllAccessors: .ConstraintMonitor7

===========================================================================================
----------------- testing Sat Apr 04 13:48:00 UTC 2020 /home/travis/build/icyphy/ptII/ptolemy/actor/lib/test/auto/ConstraintMonitor8.xml
----------------- Instantiating /home/travis/build/icyphy/ptII/ptolemy/actor/lib/test/auto/ConstraintMonitor8.xml
6 ms. Memory: 545792K Free: 256512K (47%)
----------------- Invoking toplevel() on ptolemy.moml.MoMLSimpleApplication@56fde771
----------------- Done invoking toplevel() on ptolemy.moml.MoMLSimpleApplication@56fde771
reloadAllAccessors: .ConstraintMonitor8

===========================================================================================
----------------- testing Sat Apr 04 13:48:00 UTC 2020 /home/travis/build/icyphy/ptII/ptolemy/actor/lib/test/auto/Counter.xml
----------------- Instantiating /home/travis/build/icyphy/ptII/ptolemy/actor/lib/test/auto/Counter.xml
2 ms. Memory: 545792K Free: 251902K (46%)
----------------- Invoking toplevel() on ptolemy.moml.MoMLSimpleApplication@7b2cda3d
----------------- Done invoking toplevel() on ptolemy.moml.MoMLSimpleApplication@7b2cda3d
reloadAllAccessors: .Counter

===========================================================================================
----------------- testing Sat Apr 04 13:48:00 UTC 2020 /home/travis/build/icyphy/ptII/ptolemy/actor/lib/test/auto/CurrentTimeSDF.xml
----------------- Instantiating /home/travis/build/icyphy/ptII/ptolemy/actor/lib/test/auto/CurrentTimeSDF.xml
1 ms. Memory: 545792K Free: 247806K (45%)
----------------- Invoking toplevel() on ptolemy.moml.MoMLSimpleApplication@f782991
----------------- Done invoking toplevel() on ptolemy.moml.MoMLSimpleApplication@f782991
reloadAllAccessors: .CurrentTimeSDF

===========================================================================================
----------------- testing Sat Apr 04 13:48:00 UTC 2020 /home/travis/build/icyphy/ptII/ptolemy/actor/lib/test/auto/DB.xml
----------------- Instantiating /home/travis/build/icyphy/ptII/ptolemy/actor/lib/test/auto/DB.xml
2 ms. Memory: 545792K Free: 242176K (44%)
----------------- Invoking toplevel() on ptolemy.moml.MoMLSimpleApplication@643f8204
----------------- Done invoking toplevel() on ptolemy.moml.MoMLSimpleApplication@643f8204
reloadAllAccessors: .DB

===========================================================================================
----------------- testing Sat Apr 04 13:48:00 UTC 2020 /home/travis/build/icyphy/ptII/ptolemy/actor/lib/test/auto/DBDE.xml
----------------- Instantiating /home/travis/build/icyphy/ptII/ptolemy/actor/lib/test/auto/DBDE.xml
3 ms. Memory: 545792K Free: 236511K (43%)
----------------- Invoking toplevel() on ptolemy.moml.MoMLSimpleApplication@27e27813
----------------- Done invoking toplevel() on ptolemy.moml.MoMLSimpleApplication@27e27813
reloadAllAccessors: .DBDE

===========================================================================================
----------------- testing Sat Apr 04 13:48:00 UTC 2020 /home/travis/build/icyphy/ptII/ptolemy/actor/lib/test/auto/DateConstructor.xml
----------------- Instantiating /home/travis/build/icyphy/ptII/ptolemy/actor/lib/test/auto/DateConstructor.xml
28 ms. Memory: 545792K Free: 219134K (40%)
----------------- Invoking toplevel() on ptolemy.moml.MoMLSimpleApplication@2b6e06eb
----------------- Done invoking toplevel() on ptolemy.moml.MoMLSimpleApplication@2b6e06eb
reloadAllAccessors: .DateConstructor

===========================================================================================
----------------- testing Sat Apr 04 13:48:00 UTC 2020 /home/travis/build/icyphy/ptII/ptolemy/actor/lib/test/auto/DelayTime.xml
----------------- Instantiating /home/travis/build/icyphy/ptII/ptolemy/actor/lib/test/auto/DelayTime.xml
4 ms. Memory: 545792K Free: 214014K (39%)
----------------- Invoking toplevel() on ptolemy.moml.MoMLSimpleApplication@43f4a221
----------------- Done invoking toplevel() on ptolemy.moml.MoMLSimpleApplication@43f4a221
reloadAllAccessors: .DelayTime

===========================================================================================
----------------- testing Sat Apr 04 13:48:00 UTC 2020 /home/travis/build/icyphy/ptII/ptolemy/actor/lib/test/auto/Dictionary1.xml
----------------- Instantiating /home/travis/build/icyphy/ptII/ptolemy/actor/lib/test/auto/Dictionary1.xml
6 ms. Memory: 545792K Free: 208894K (38%)
----------------- Invoking toplevel() on ptolemy.moml.MoMLSimpleApplication@32134ab
----------------- Done invoking toplevel() on ptolemy.moml.MoMLSimpleApplication@32134ab
reloadAllAccessors: .Dictionary1

===========================================================================================
----------------- testing Sat Apr 04 13:48:00 UTC 2020 /home/travis/build/icyphy/ptII/ptolemy/actor/lib/test/auto/Dictionary2.xml
----------------- Instantiating /home/travis/build/icyphy/ptII/ptolemy/actor/lib/test/auto/Dictionary2.xml
1 ms. Memory: 545792K Free: 203264K (37%)
----------------- Invoking toplevel() on ptolemy.moml.MoMLSimpleApplication@387b2ece
----------------- Done invoking toplevel() on ptolemy.moml.MoMLSimpleApplication@387b2ece
reloadAllAccessors: .Dictionary2

===========================================================================================
----------------- testing Sat Apr 04 13:48:00 UTC 2020 /home/travis/build/icyphy/ptII/ptolemy/actor/lib/test/auto/Dictionary3.xml
----------------- Instantiating /home/travis/build/icyphy/ptII/ptolemy/actor/lib/test/auto/Dictionary3.xml
1 ms. Memory: 545792K Free: 197630K (36%)
----------------- Invoking toplevel() on ptolemy.moml.MoMLSimpleApplication@7504226c
----------------- Done invoking toplevel() on ptolemy.moml.MoMLSimpleApplication@7504226c
reloadAllAccessors: .Dictionary3

===========================================================================================
----------------- testing Sat Apr 04 13:48:00 UTC 2020 /home/travis/build/icyphy/ptII/ptolemy/actor/lib/test/auto/Dictionary4.xml
----------------- Instantiating /home/travis/build/icyphy/ptII/ptolemy/actor/lib/test/auto/Dictionary4.xml
5 ms. Memory: 545792K Free: 190462K (35%)
----------------- Invoking toplevel() on ptolemy.moml.MoMLSimpleApplication@62ead0de
----------------- Done invoking toplevel() on ptolemy.moml.MoMLSimpleApplication@62ead0de
reloadAllAccessors: .Dictionary4

===========================================================================================
----------------- testing Sat Apr 04 13:48:00 UTC 2020 /home/travis/build/icyphy/ptII/ptolemy/actor/lib/test/auto/Differential.xml
----------------- Instantiating /home/travis/build/icyphy/ptII/ptolemy/actor/lib/test/auto/Differential.xml
2 ms. Memory: 545792K Free: 186366K (34%)
----------------- Invoking toplevel() on ptolemy.moml.MoMLSimpleApplication@625f003f
----------------- Done invoking toplevel() on ptolemy.moml.MoMLSimpleApplication@625f003f
reloadAllAccessors: .Differential

===========================================================================================
----------------- testing Sat Apr 04 13:48:00 UTC 2020 /home/travis/build/icyphy/ptII/ptolemy/actor/lib/test/auto/Director.xml
----------------- Instantiating /home/travis/build/icyphy/ptII/ptolemy/actor/lib/test/auto/Director.xml
1 ms. Memory: 545792K Free: 182784K (33%)
----------------- Invoking toplevel() on ptolemy.moml.MoMLSimpleApplication@18a173ba
----------------- Done invoking toplevel() on ptolemy.moml.MoMLSimpleApplication@18a173ba
reloadAllAccessors: .Director

===========================================================================================
----------------- testing Sat Apr 04 13:48:00 UTC 2020 /home/travis/build/icyphy/ptII/ptolemy/actor/lib/test/auto/DiscreteClock.xml
----------------- Instantiating /home/travis/build/icyphy/ptII/ptolemy/actor/lib/test/auto/DiscreteClock.xml
2 ms. Memory: 545792K Free: 494063K (91%)
----------------- Invoking toplevel() on ptolemy.moml.MoMLSimpleApplication@7dcd267b
----------------- Done invoking toplevel() on ptolemy.moml.MoMLSimpleApplication@7dcd267b
reloadAllAccessors: .DiscreteClock

===========================================================================================
----------------- testing Sat Apr 04 13:48:00 UTC 2020 /home/travis/build/icyphy/ptII/ptolemy/actor/lib/test/auto/DiscreteClock10.xml
----------------- Instantiating /home/travis/build/icyphy/ptII/ptolemy/actor/lib/test/auto/DiscreteClock10.xml
2 ms. Memory: 545792K Free: 487934K (89%)
----------------- Invoking toplevel() on ptolemy.moml.MoMLSimpleApplication@78cbffae
----------------- Done invoking toplevel() on ptolemy.moml.MoMLSimpleApplication@78cbffae
reloadAllAccessors: .DiscreteClock10

===========================================================================================
----------------- testing Sat Apr 04 13:48:00 UTC 2020 /home/travis/build/icyphy/ptII/ptolemy/actor/lib/test/auto/DiscreteClock11.xml
----------------- Instantiating /home/travis/build/icyphy/ptII/ptolemy/actor/lib/test/auto/DiscreteClock11.xml
2 ms. Memory: 545792K Free: 481790K (88%)
----------------- Invoking toplevel() on ptolemy.moml.MoMLSimpleApplication@2c451568
----------------- Done invoking toplevel() on ptolemy.moml.MoMLSimpleApplication@2c451568
reloadAllAccessors: .DiscreteClock11

===========================================================================================
----------------- testing Sat Apr 04 13:48:00 UTC 2020 /home/travis/build/icyphy/ptII/ptolemy/actor/lib/test/auto/DiscreteClock12.xml
----------------- Instantiating /home/travis/build/icyphy/ptII/ptolemy/actor/lib/test/auto/DiscreteClock12.xml
3 ms. Memory: 545792K Free: 475646K (87%)
----------------- Invoking toplevel() on ptolemy.moml.MoMLSimpleApplication@55c23a6e
----------------- Done invoking toplevel() on ptolemy.moml.MoMLSimpleApplication@55c23a6e
reloadAllAccessors: .DiscreteClock12

===========================================================================================
----------------- testing Sat Apr 04 13:48:00 UTC 2020 /home/travis/build/icyphy/ptII/ptolemy/actor/lib/test/auto/DiscreteClock13.xml
----------------- Instantiating /home/travis/build/icyphy/ptII/ptolemy/actor/lib/test/auto/DiscreteClock13.xml
4 ms. Memory: 545792K Free: 470016K (86%)
----------------- Invoking toplevel() on ptolemy.moml.MoMLSimpleApplication@7ee0080f
----------------- Done invoking toplevel() on ptolemy.moml.MoMLSimpleApplication@7ee0080f
reloadAllAccessors: .DiscreteClock13

===========================================================================================
----------------- testing Sat Apr 04 13:48:00 UTC 2020 /home/travis/build/icyphy/ptII/ptolemy/actor/lib/test/auto/DiscreteClock14.xml
----------------- Instantiating /home/travis/build/icyphy/ptII/ptolemy/actor/lib/test/auto/DiscreteClock14.xml
2 ms. Memory: 545792K Free: 463872K (85%)
----------------- Invoking toplevel() on ptolemy.moml.MoMLSimpleApplication@68eb8dc5
----------------- Done invoking toplevel() on ptolemy.moml.MoMLSimpleApplication@68eb8dc5
reloadAllAccessors: .DiscreteClock14

===========================================================================================
----------------- testing Sat Apr 04 13:48:00 UTC 2020 /home/travis/build/icyphy/ptII/ptolemy/actor/lib/test/auto/DiscreteClock15.xml
----------------- Instantiating /home/travis/build/icyphy/ptII/ptolemy/actor/lib/test/auto/DiscreteClock15.xml
2 ms. Memory: 545792K Free: 457728K (84%)
----------------- Invoking toplevel() on ptolemy.moml.MoMLSimpleApplication@48e8ae75
----------------- Done invoking toplevel() on ptolemy.moml.MoMLSimpleApplication@48e8ae75
reloadAllAccessors: .DiscreteClock15

===========================================================================================
----------------- testing Sat Apr 04 13:48:00 UTC 2020 /home/travis/build/icyphy/ptII/ptolemy/actor/lib/test/auto/DiscreteClock16.xml
----------------- Instantiating /home/travis/build/icyphy/ptII/ptolemy/actor/lib/test/auto/DiscreteClock16.xml
12 ms. Memory: 545792K Free: 443887K (81%)
----------------- Invoking toplevel() on ptolemy.moml.MoMLSimpleApplication@74bea98a
----------------- Done invoking toplevel() on ptolemy.moml.MoMLSimpleApplication@74bea98a
reloadAllAccessors: .DiscreteClock16

===========================================================================================
----------------- testing Sat Apr 04 13:48:00 UTC 2020 /home/travis/build/icyphy/ptII/ptolemy/actor/lib/test/auto/DiscreteClock17.xml
----------------- Instantiating /home/travis/build/icyphy/ptII/ptolemy/actor/lib/test/auto/DiscreteClock17.xml
13 ms. Memory: 545792K Free: 429535K (79%)
----------------- Invoking toplevel() on ptolemy.moml.MoMLSimpleApplication@4a66089b
----------------- Done invoking toplevel() on ptolemy.moml.MoMLSimpleApplication@4a66089b
reloadAllAccessors: .DiscreteClock17

===========================================================================================
----------------- testing Sat Apr 04 13:48:00 UTC 2020 /home/travis/build/icyphy/ptII/ptolemy/actor/lib/test/auto/DiscreteClock18.xml
----------------- Instantiating /home/travis/build/icyphy/ptII/ptolemy/actor/lib/test/auto/DiscreteClock18.xml
14 ms. Memory: 545792K Free: 415744K (76%)
----------------- Invoking toplevel() on ptolemy.moml.MoMLSimpleApplication@3c0be254
----------------- Done invoking toplevel() on ptolemy.moml.MoMLSimpleApplication@3c0be254
reloadAllAccessors: .DiscreteClock18

===========================================================================================
----------------- testing Sat Apr 04 13:48:00 UTC 2020 /home/travis/build/icyphy/ptII/ptolemy/actor/lib/test/auto/DiscreteClock19.xml
----------------- Instantiating /home/travis/build/icyphy/ptII/ptolemy/actor/lib/test/auto/DiscreteClock19.xml
9 ms. Memory: 545792K Free: 401918K (74%)
----------------- Invoking toplevel() on ptolemy.moml.MoMLSimpleApplication@3ab031bb
----------------- Done invoking toplevel() on ptolemy.moml.MoMLSimpleApplication@3ab031bb
reloadAllAccessors: .DiscreteClock19

===========================================================================================
----------------- testing Sat Apr 04 13:48:00 UTC 2020 /home/travis/build/icyphy/ptII/ptolemy/actor/lib/test/auto/DiscreteClock2.xml
----------------- Instantiating /home/travis/build/icyphy/ptII/ptolemy/actor/lib/test/auto/DiscreteClock2.xml
3 ms. Memory: 545792K Free: 396791K (73%)
----------------- Invoking toplevel() on ptolemy.moml.MoMLSimpleApplication@1d1502c
----------------- Done invoking toplevel() on ptolemy.moml.MoMLSimpleApplication@1d1502c
reloadAllAccessors: .DiscreteClock2

===========================================================================================
----------------- testing Sat Apr 04 13:48:00 UTC 2020 /home/travis/build/icyphy/ptII/ptolemy/actor/lib/test/auto/DiscreteClock20.xml
----------------- Instantiating /home/travis/build/icyphy/ptII/ptolemy/actor/lib/test/auto/DiscreteClock20.xml
3 ms. Memory: 545792K Free: 391168K (72%)
----------------- Invoking toplevel() on ptolemy.moml.MoMLSimpleApplication@690a0da
----------------- Done invoking toplevel() on ptolemy.moml.MoMLSimpleApplication@690a0da
reloadAllAccessors: .DiscreteClock20

===========================================================================================
----------------- testing Sat Apr 04 13:48:00 UTC 2020 /home/travis/build/icyphy/ptII/ptolemy/actor/lib/test/auto/DiscreteClock21.xml
----------------- Instantiating /home/travis/build/icyphy/ptII/ptolemy/actor/lib/test/auto/DiscreteClock21.xml
3 ms. Memory: 545792K Free: 385534K (71%)
----------------- Invoking toplevel() on ptolemy.moml.MoMLSimpleApplication@1285fc63
----------------- Done invoking toplevel() on ptolemy.moml.MoMLSimpleApplication@1285fc63
reloadAllAccessors: .DiscreteClock21

===========================================================================================
----------------- testing Sat Apr 04 13:48:00 UTC 2020 /home/travis/build/icyphy/ptII/ptolemy/actor/lib/test/auto/DiscreteClock22.xml
----------------- Instantiating /home/travis/build/icyphy/ptII/ptolemy/actor/lib/test/auto/DiscreteClock22.xml
6 ms. Memory: 545792K Free: 379904K (70%)
----------------- Invoking toplevel() on ptolemy.moml.MoMLSimpleApplication@285eb0bb
----------------- Done invoking toplevel() on ptolemy.moml.MoMLSimpleApplication@285eb0bb
reloadAllAccessors: .DiscreteClock22

===========================================================================================
----------------- testing Sat Apr 04 13:48:00 UTC 2020 /home/travis/build/icyphy/ptII/ptolemy/actor/lib/test/auto/DiscreteClock23.xml
----------------- Instantiating /home/travis/build/icyphy/ptII/ptolemy/actor/lib/test/auto/DiscreteClock23.xml
3 ms. Memory: 545792K Free: 374270K (69%)
----------------- Invoking toplevel() on ptolemy.moml.MoMLSimpleApplication@247cd817
----------------- Done invoking toplevel() on ptolemy.moml.MoMLSimpleApplication@247cd817
reloadAllAccessors: .DiscreteClock23

===========================================================================================
----------------- testing Sat Apr 04 13:48:00 UTC 2020 /home/travis/build/icyphy/ptII/ptolemy/actor/lib/test/auto/DiscreteClock24.xml
----------------- Instantiating /home/travis/build/icyphy/ptII/ptolemy/actor/lib/test/auto/DiscreteClock24.xml
2 ms. Memory: 545792K Free: 368640K (68%)
----------------- Invoking toplevel() on ptolemy.moml.MoMLSimpleApplication@734e7789
----------------- Done invoking toplevel() on ptolemy.moml.MoMLSimpleApplication@734e7789
reloadAllAccessors: .DiscreteClock24

===========================================================================================
----------------- testing Sat Apr 04 13:48:00 UTC 2020 /home/travis/build/icyphy/ptII/ptolemy/actor/lib/test/auto/DiscreteClock4.xml
----------------- Instantiating /home/travis/build/icyphy/ptII/ptolemy/actor/lib/test/auto/DiscreteClock4.xml
1 ms. Memory: 545792K Free: 363519K (67%)
----------------- Invoking toplevel() on ptolemy.moml.MoMLSimpleApplication@5ac8b354
----------------- Done invoking toplevel() on ptolemy.moml.MoMLSimpleApplication@5ac8b354
reloadAllAccessors: .DiscreteClock4

===========================================================================================
----------------- testing Sat Apr 04 13:48:00 UTC 2020 /home/travis/build/icyphy/ptII/ptolemy/actor/lib/test/auto/DiscreteClock5.xml
----------------- Instantiating /home/travis/build/icyphy/ptII/ptolemy/actor/lib/test/auto/DiscreteClock5.xml
2 ms. Memory: 545792K Free: 357886K (66%)
----------------- Invoking toplevel() on ptolemy.moml.MoMLSimpleApplication@4579b9b8
----------------- Done invoking toplevel() on ptolemy.moml.MoMLSimpleApplication@4579b9b8
reloadAllAccessors: .DiscreteClock5

===========================================================================================
----------------- testing Sat Apr 04 13:48:00 UTC 2020 /home/travis/build/icyphy/ptII/ptolemy/actor/lib/test/auto/DiscreteClock6.xml
----------------- Instantiating /home/travis/build/icyphy/ptII/ptolemy/actor/lib/test/auto/DiscreteClock6.xml
1 ms. Memory: 545792K Free: 353775K (65%)
----------------- Invoking toplevel() on ptolemy.moml.MoMLSimpleApplication@d6bc534
----------------- Done invoking toplevel() on ptolemy.moml.MoMLSimpleApplication@d6bc534
reloadAllAccessors: .DiscreteClock6

===========================================================================================
----------------- testing Sat Apr 04 13:48:00 UTC 2020 /home/travis/build/icyphy/ptII/ptolemy/actor/lib/test/auto/DiscreteClock7.xml
----------------- Instantiating /home/travis/build/icyphy/ptII/ptolemy/actor/lib/test/auto/DiscreteClock7.xml
2 ms. Memory: 545792K Free: 348670K (64%)
----------------- Invoking toplevel() on ptolemy.moml.MoMLSimpleApplication@5ad3e7b9
----------------- Done invoking toplevel() on ptolemy.moml.MoMLSimpleApplication@5ad3e7b9
reloadAllAccessors: .DiscreteClock7

===========================================================================================
----------------- testing Sat Apr 04 13:48:00 UTC 2020 /home/travis/build/icyphy/ptII/ptolemy/actor/lib/test/auto/DiscreteClock8.xml
----------------- Instantiating /home/travis/build/icyphy/ptII/ptolemy/actor/lib/test/auto/DiscreteClock8.xml
8 ms. Memory: 545792K Free: 343519K (63%)
----------------- Invoking toplevel() on ptolemy.moml.MoMLSimpleApplication@39ecb9fc
----------------- Done invoking toplevel() on ptolemy.moml.MoMLSimpleApplication@39ecb9fc
reloadAllAccessors: .DiscreteClock8

===========================================================================================
----------------- testing Sat Apr 04 13:48:00 UTC 2020 /home/travis/build/icyphy/ptII/ptolemy/actor/lib/test/auto/DiscreteClock9.xml
----------------- Instantiating /home/travis/build/icyphy/ptII/ptolemy/actor/lib/test/auto/DiscreteClock9.xml
4 ms. Memory: 545792K Free: 337375K (62%)
----------------- Invoking toplevel() on ptolemy.moml.MoMLSimpleApplication@4e8763c1
----------------- Done invoking toplevel() on ptolemy.moml.MoMLSimpleApplication@4e8763c1
reloadAllAccessors: .DiscreteClock9

===========================================================================================
----------------- testing Sat Apr 04 13:48:00 UTC 2020 /home/travis/build/icyphy/ptII/ptolemy/actor/lib/test/auto/DisplayArray.xml
----------------- Instantiating /home/travis/build/icyphy/ptII/ptolemy/actor/lib/test/auto/DisplayArray.xml
2 ms. Memory: 545792K Free: 333824K (61%)
----------------- Invoking toplevel() on ptolemy.moml.MoMLSimpleApplication@3b5c557c
----------------- Done invoking toplevel() on ptolemy.moml.MoMLSimpleApplication@3b5c557c
reloadAllAccessors: .DisplayArray

===========================================================================================
----------------- testing Sat Apr 04 13:48:00 UTC 2020 /home/travis/build/icyphy/ptII/ptolemy/actor/lib/test/auto/Distributor.xml
----------------- Instantiating /home/travis/build/icyphy/ptII/ptolemy/actor/lib/test/auto/Distributor.xml
1 ms. Memory: 545792K Free: 328704K (60%)
----------------- Invoking toplevel() on ptolemy.moml.MoMLSimpleApplication@52f20e41
----------------- Done invoking toplevel() on ptolemy.moml.MoMLSimpleApplication@52f20e41
reloadAllAccessors: .Distributor

===========================================================================================
----------------- testing Sat Apr 04 13:48:00 UTC 2020 /home/travis/build/icyphy/ptII/ptolemy/actor/lib/test/auto/Distributor2.xml
----------------- Instantiating /home/travis/build/icyphy/ptII/ptolemy/actor/lib/test/auto/Distributor2.xml
1 ms. Memory: 545792K Free: 323584K (59%)
----------------- Invoking toplevel() on ptolemy.moml.MoMLSimpleApplication@f85d7c1
----------------- Done invoking toplevel() on ptolemy.moml.MoMLSimpleApplication@f85d7c1
reloadAllAccessors: .Distributor2

===========================================================================================
----------------- testing Sat Apr 04 13:48:00 UTC 2020 /home/travis/build/icyphy/ptII/ptolemy/actor/lib/test/auto/DownSample.xml
----------------- Instantiating /home/travis/build/icyphy/ptII/ptolemy/actor/lib/test/auto/DownSample.xml
2 ms. Memory: 545792K Free: 319488K (59%)
----------------- Invoking toplevel() on ptolemy.moml.MoMLSimpleApplication@37185764
----------------- Done invoking toplevel() on ptolemy.moml.MoMLSimpleApplication@37185764
reloadAllAccessors: .DownSample

===========================================================================================
----------------- testing Sat Apr 04 13:48:00 UTC 2020 /home/travis/build/icyphy/ptII/ptolemy/actor/lib/test/auto/ElectronicUnitBase1.xml
----------------- Instantiating /home/travis/build/icyphy/ptII/ptolemy/actor/lib/test/auto/ElectronicUnitBase1.xml
29 ms. Memory: 545792K Free: 303614K (56%)
----------------- Invoking toplevel() on ptolemy.moml.MoMLSimpleApplication@62394248
----------------- Done invoking toplevel() on ptolemy.moml.MoMLSimpleApplication@62394248
reloadAllAccessors: .ElectronicUnitBase1

===========================================================================================
----------------- testing Sat Apr 04 13:48:01 UTC 2020 /home/travis/build/icyphy/ptII/ptolemy/actor/lib/test/auto/ElementsToArray.xml
----------------- Instantiating /home/travis/build/icyphy/ptII/ptolemy/actor/lib/test/auto/ElementsToArray.xml
2 ms. Memory: 545792K Free: 298494K (55%)
----------------- Invoking toplevel() on ptolemy.moml.MoMLSimpleApplication@76ed6fce
----------------- Done invoking toplevel() on ptolemy.moml.MoMLSimpleApplication@76ed6fce
reloadAllAccessors: .ElementsToArray

===========================================================================================
----------------- testing Sat Apr 04 13:48:01 UTC 2020 /home/travis/build/icyphy/ptII/ptolemy/actor/lib/test/auto/Equals.xml
----------------- Instantiating /home/travis/build/icyphy/ptII/ptolemy/actor/lib/test/auto/Equals.xml
1 ms. Memory: 545792K Free: 294398K (54%)
----------------- Invoking toplevel() on ptolemy.moml.MoMLSimpleApplication@3dfdc65e
----------------- Done invoking toplevel() on ptolemy.moml.MoMLSimpleApplication@3dfdc65e
reloadAllAccessors: .Equals

===========================================================================================
----------------- testing Sat Apr 04 13:48:01 UTC 2020 /home/travis/build/icyphy/ptII/ptolemy/actor/lib/test/auto/Exec.xml
----------------- Instantiating /home/travis/build/icyphy/ptII/ptolemy/actor/lib/test/auto/Exec.xml
18 ms. Memory: 545792K Free: 287744K (53%)
----------------- Invoking toplevel() on ptolemy.moml.MoMLSimpleApplication@38e6d009
----------------- Done invoking toplevel() on ptolemy.moml.MoMLSimpleApplication@38e6d009
reloadAllAccessors: .Exec

===========================================================================================
----------------- testing Sat Apr 04 13:48:01 UTC 2020 /home/travis/build/icyphy/ptII/ptolemy/actor/lib/test/auto/ExecEnvironment.xml
----------------- Instantiating /home/travis/build/icyphy/ptII/ptolemy/actor/lib/test/auto/ExecEnvironment.xml
25 ms. Memory: 545792K Free: 282624K (52%)
----------------- Invoking toplevel() on ptolemy.moml.MoMLSimpleApplication@28915fa0
----------------- Done invoking toplevel() on ptolemy.moml.MoMLSimpleApplication@28915fa0
reloadAllAccessors: .ExecEnvironment

===========================================================================================
----------------- testing Sat Apr 04 13:48:01 UTC 2020 /home/travis/build/icyphy/ptII/ptolemy/actor/lib/test/auto/ExecNonZeroReturnOutput.xml
----------------- Instantiating /home/travis/build/icyphy/ptII/ptolemy/actor/lib/test/auto/ExecNonZeroReturnOutput.xml
163 ms. Memory: 545792K Free: 271870K (50%)
----------------- Invoking toplevel() on ptolemy.moml.MoMLSimpleApplication@5c6e700c
----------------- Done invoking toplevel() on ptolemy.moml.MoMLSimpleApplication@5c6e700c
reloadAllAccessors: .ExecNonZeroReturnOutput

===========================================================================================
----------------- testing Sat Apr 04 13:48:01 UTC 2020 /home/travis/build/icyphy/ptII/ptolemy/actor/lib/test/auto/ExecRunDemos.xml
----------------- Instantiating /home/travis/build/icyphy/ptII/ptolemy/actor/lib/test/auto/ExecRunDemos.xml
Finished: 66 ms. Memory: 129024K Free: 112095K (87%)

Finished: 65 ms. Memory: 129024K Free: 109463K (85%)

Finished: 72 ms. Memory: 129024K Free: 109576K (85%)

Finished: 62 ms. Memory: 129024K Free: 111076K (86%)

Finished: 55 ms. Memory: 129024K Free: 111954K (87%)

9893 ms. Memory: 545792K Free: 250366K (46%)
----------------- Invoking toplevel() on ptolemy.moml.MoMLSimpleApplication@1d0c350e
----------------- Done invoking toplevel() on ptolemy.moml.MoMLSimpleApplication@1d0c350e
reloadAllAccessors: .ExecRunDemos

===========================================================================================
----------------- testing Sat Apr 04 13:48:11 UTC 2020 /home/travis/build/icyphy/ptII/ptolemy/actor/lib/test/auto/ExecStop.xml
----------------- Instantiating /home/travis/build/icyphy/ptII/ptolemy/actor/lib/test/auto/ExecStop.xml
5021 ms. Memory: 545792K Free: 421629K (77%)
----------------- Invoking toplevel() on ptolemy.moml.MoMLSimpleApplication@757e56b
----------------- Done invoking toplevel() on ptolemy.moml.MoMLSimpleApplication@757e56b
reloadAllAccessors: .ExecStop

===========================================================================================
----------------- testing Sat Apr 04 13:48:16 UTC 2020 /home/travis/build/icyphy/ptII/ptolemy/actor/lib/test/auto/ExecutionTimeSDF.xml
----------------- Instantiating /home/travis/build/icyphy/ptII/ptolemy/actor/lib/test/auto/ExecutionTimeSDF.xml
Fired ExecutionTime: -970967296
Fired ExecutionTime: 1337200000
Fired ExecutionTime: 196632704
6004 ms. Memory: 545792K Free: 408576K (75%)
----------------- Invoking toplevel() on ptolemy.moml.MoMLSimpleApplication@3e775a62
----------------- Done invoking toplevel() on ptolemy.moml.MoMLSimpleApplication@3e775a62
reloadAllAccessors: .ExecutionTimeSDF

===========================================================================================
----------------- testing Sat Apr 04 13:48:22 UTC 2020 /home/travis/build/icyphy/ptII/ptolemy/actor/lib/test/auto/Expression1.xml
----------------- Instantiating /home/travis/build/icyphy/ptII/ptolemy/actor/lib/test/auto/Expression1.xml
4 ms. Memory: 545792K Free: 404990K (74%)
----------------- Invoking toplevel() on ptolemy.moml.MoMLSimpleApplication@157d5fc6
----------------- Done invoking toplevel() on ptolemy.moml.MoMLSimpleApplication@157d5fc6
reloadAllAccessors: .Expression1

===========================================================================================
----------------- testing Sat Apr 04 13:48:22 UTC 2020 /home/travis/build/icyphy/ptII/ptolemy/actor/lib/test/auto/Expression10.xml
----------------- Instantiating /home/travis/build/icyphy/ptII/ptolemy/actor/lib/test/auto/Expression10.xml
7 ms. Memory: 545792K Free: 399870K (73%)
----------------- Invoking toplevel() on ptolemy.moml.MoMLSimpleApplication@614cc858
----------------- Done invoking toplevel() on ptolemy.moml.MoMLSimpleApplication@614cc858
reloadAllAccessors: .Expression10

===========================================================================================
----------------- testing Sat Apr 04 13:48:22 UTC 2020 /home/travis/build/icyphy/ptII/ptolemy/actor/lib/test/auto/Expression11.xml
----------------- Instantiating /home/travis/build/icyphy/ptII/ptolemy/actor/lib/test/auto/Expression11.xml
2 ms. Memory: 545792K Free: 394750K (72%)
----------------- Invoking toplevel() on ptolemy.moml.MoMLSimpleApplication@64e95a7c
----------------- Done invoking toplevel() on ptolemy.moml.MoMLSimpleApplication@64e95a7c
reloadAllAccessors: .Expression11

===========================================================================================
----------------- testing Sat Apr 04 13:48:22 UTC 2020 /home/travis/build/icyphy/ptII/ptolemy/actor/lib/test/auto/Expression12.xml
----------------- Instantiating /home/travis/build/icyphy/ptII/ptolemy/actor/lib/test/auto/Expression12.xml
3 ms. Memory: 545792K Free: 389120K (71%)
----------------- Invoking toplevel() on ptolemy.moml.MoMLSimpleApplication@38a616e7
----------------- Done invoking toplevel() on ptolemy.moml.MoMLSimpleApplication@38a616e7
reloadAllAccessors: .Expression12

===========================================================================================
----------------- testing Sat Apr 04 13:48:22 UTC 2020 /home/travis/build/icyphy/ptII/ptolemy/actor/lib/test/auto/Expression13.xml
----------------- Instantiating /home/travis/build/icyphy/ptII/ptolemy/actor/lib/test/auto/Expression13.xml
3 ms. Memory: 545792K Free: 384510K (70%)
----------------- Invoking toplevel() on ptolemy.moml.MoMLSimpleApplication@5e41b866
----------------- Done invoking toplevel() on ptolemy.moml.MoMLSimpleApplication@5e41b866
reloadAllAccessors: .Expression13

===========================================================================================
----------------- testing Sat Apr 04 13:48:22 UTC 2020 /home/travis/build/icyphy/ptII/ptolemy/actor/lib/test/auto/Expression14.xml
----------------- Instantiating /home/travis/build/icyphy/ptII/ptolemy/actor/lib/test/auto/Expression14.xml
6 ms. Memory: 545792K Free: 378366K (69%)
----------------- Invoking toplevel() on ptolemy.moml.MoMLSimpleApplication@1fc274e7
----------------- Done invoking toplevel() on ptolemy.moml.MoMLSimpleApplication@1fc274e7
reloadAllAccessors: .Expression14

===========================================================================================
----------------- testing Sat Apr 04 13:48:22 UTC 2020 /home/travis/build/icyphy/ptII/ptolemy/actor/lib/test/auto/Expression15.xml
----------------- Instantiating /home/travis/build/icyphy/ptII/ptolemy/actor/lib/test/auto/Expression15.xml
1 ms. Memory: 545792K Free: 374784K (69%)
----------------- Invoking toplevel() on ptolemy.moml.MoMLSimpleApplication@334be1f0
----------------- Done invoking toplevel() on ptolemy.moml.MoMLSimpleApplication@334be1f0
reloadAllAccessors: .Expression15

===========================================================================================
----------------- testing Sat Apr 04 13:48:22 UTC 2020 /home/travis/build/icyphy/ptII/ptolemy/actor/lib/test/auto/Expression16.xml
----------------- Instantiating /home/travis/build/icyphy/ptII/ptolemy/actor/lib/test/auto/Expression16.xml
3 ms. Memory: 545792K Free: 369664K (68%)
----------------- Invoking toplevel() on ptolemy.moml.MoMLSimpleApplication@3cd4ffbe
----------------- Done invoking toplevel() on ptolemy.moml.MoMLSimpleApplication@3cd4ffbe
reloadAllAccessors: .Expression16

===========================================================================================
----------------- testing Sat Apr 04 13:48:22 UTC 2020 /home/travis/build/icyphy/ptII/ptolemy/actor/lib/test/auto/Expression17.xml
----------------- Instantiating /home/travis/build/icyphy/ptII/ptolemy/actor/lib/test/auto/Expression17.xml
2 ms. Memory: 545792K Free: 364544K (67%)
----------------- Invoking toplevel() on ptolemy.moml.MoMLSimpleApplication@4b4d691
----------------- Done invoking toplevel() on ptolemy.moml.MoMLSimpleApplication@4b4d691
reloadAllAccessors: .Expression17

===========================================================================================
----------------- testing Sat Apr 04 13:48:22 UTC 2020 /home/travis/build/icyphy/ptII/ptolemy/actor/lib/test/auto/Expression18.xml
----------------- Instantiating /home/travis/build/icyphy/ptII/ptolemy/actor/lib/test/auto/Expression18.xml
2 ms. Memory: 545792K Free: 359919K (66%)
----------------- Invoking toplevel() on ptolemy.moml.MoMLSimpleApplication@54f9d642
----------------- Done invoking toplevel() on ptolemy.moml.MoMLSimpleApplication@54f9d642
reloadAllAccessors: .Expression18

===========================================================================================
----------------- testing Sat Apr 04 13:48:22 UTC 2020 /home/travis/build/icyphy/ptII/ptolemy/actor/lib/test/auto/Expression2.xml
----------------- Instantiating /home/travis/build/icyphy/ptII/ptolemy/actor/lib/test/auto/Expression2.xml
2 ms. Memory: 545792K Free: 354304K (65%)
----------------- Invoking toplevel() on ptolemy.moml.MoMLSimpleApplication@1ff783b6
----------------- Done invoking toplevel() on ptolemy.moml.MoMLSimpleApplication@1ff783b6
reloadAllAccessors: .Expression2

===========================================================================================
----------------- testing Sat Apr 04 13:48:22 UTC 2020 /home/travis/build/icyphy/ptII/ptolemy/actor/lib/test/auto/Expression3.xml
----------------- Instantiating /home/travis/build/icyphy/ptII/ptolemy/actor/lib/test/auto/Expression3.xml
5 ms. Memory: 545792K Free: 349184K (64%)
----------------- Invoking toplevel() on ptolemy.moml.MoMLSimpleApplication@12831003
----------------- Done invoking toplevel() on ptolemy.moml.MoMLSimpleApplication@12831003
reloadAllAccessors: .Expression3

===========================================================================================
----------------- testing Sat Apr 04 13:48:22 UTC 2020 /home/travis/build/icyphy/ptII/ptolemy/actor/lib/test/auto/Expression4.xml
----------------- Instantiating /home/travis/build/icyphy/ptII/ptolemy/actor/lib/test/auto/Expression4.xml
3 ms. Memory: 545792K Free: 342016K (63%)
----------------- Invoking toplevel() on ptolemy.moml.MoMLSimpleApplication@1d47ed79
----------------- Done invoking toplevel() on ptolemy.moml.MoMLSimpleApplication@1d47ed79
reloadAllAccessors: .Expression4

===========================================================================================
----------------- testing Sat Apr 04 13:48:22 UTC 2020 /home/travis/build/icyphy/ptII/ptolemy/actor/lib/test/auto/Expression5.xml
----------------- Instantiating /home/travis/build/icyphy/ptII/ptolemy/actor/lib/test/auto/Expression5.xml
3 ms. Memory: 545792K Free: 336896K (62%)
----------------- Invoking toplevel() on ptolemy.moml.MoMLSimpleApplication@236415eb
----------------- Done invoking toplevel() on ptolemy.moml.MoMLSimpleApplication@236415eb
reloadAllAccessors: .Expression5

===========================================================================================
----------------- testing Sat Apr 04 13:48:22 UTC 2020 /home/travis/build/icyphy/ptII/ptolemy/actor/lib/test/auto/Expression6.xml
----------------- Instantiating /home/travis/build/icyphy/ptII/ptolemy/actor/lib/test/auto/Expression6.xml
3 ms. Memory: 545792K Free: 332800K (61%)
----------------- Invoking toplevel() on ptolemy.moml.MoMLSimpleApplication@1c2abda6
----------------- Done invoking toplevel() on ptolemy.moml.MoMLSimpleApplication@1c2abda6
reloadAllAccessors: .Expression6

===========================================================================================
----------------- testing Sat Apr 04 13:48:22 UTC 2020 /home/travis/build/icyphy/ptII/ptolemy/actor/lib/test/auto/Expression7.xml
----------------- Instantiating /home/travis/build/icyphy/ptII/ptolemy/actor/lib/test/auto/Expression7.xml
3 ms. Memory: 545792K Free: 327680K (60%)
----------------- Invoking toplevel() on ptolemy.moml.MoMLSimpleApplication@47a17b31
----------------- Done invoking toplevel() on ptolemy.moml.MoMLSimpleApplication@47a17b31
reloadAllAccessors: .Expression7

===========================================================================================
----------------- testing Sat Apr 04 13:48:22 UTC 2020 /home/travis/build/icyphy/ptII/ptolemy/actor/lib/test/auto/Expression8.xml
----------------- Instantiating /home/travis/build/icyphy/ptII/ptolemy/actor/lib/test/auto/Expression8.xml
7 ms. Memory: 545792K Free: 322560K (59%)
----------------- Invoking toplevel() on ptolemy.moml.MoMLSimpleApplication@3ce9ec4d
----------------- Done invoking toplevel() on ptolemy.moml.MoMLSimpleApplication@3ce9ec4d
reloadAllAccessors: .Expression8

===========================================================================================
----------------- testing Sat Apr 04 13:48:22 UTC 2020 /home/travis/build/icyphy/ptII/ptolemy/actor/lib/test/auto/Expression9.xml
----------------- Instantiating /home/travis/build/icyphy/ptII/ptolemy/actor/lib/test/auto/Expression9.xml
1 ms. Memory: 545792K Free: 318974K (58%)
----------------- Invoking toplevel() on ptolemy.moml.MoMLSimpleApplication@57c500ab
----------------- Done invoking toplevel() on ptolemy.moml.MoMLSimpleApplication@57c500ab
reloadAllAccessors: .Expression9

===========================================================================================
----------------- testing Sat Apr 04 13:48:22 UTC 2020 /home/travis/build/icyphy/ptII/ptolemy/actor/lib/test/auto/ExpressionConcatenateArrayType.xml
----------------- Instantiating /home/travis/build/icyphy/ptII/ptolemy/actor/lib/test/auto/ExpressionConcatenateArrayType.xml
3 ms. Memory: 545792K Free: 312320K (57%)
----------------- Invoking toplevel() on ptolemy.moml.MoMLSimpleApplication@4eb281ad
----------------- Done invoking toplevel() on ptolemy.moml.MoMLSimpleApplication@4eb281ad
reloadAllAccessors: .ExpressionConcatenateArrayType

===========================================================================================
----------------- testing Sat Apr 04 13:48:22 UTC 2020 /home/travis/build/icyphy/ptII/ptolemy/actor/lib/test/auto/ExpressionConcatenateArrayType2.xml
----------------- Instantiating /home/travis/build/icyphy/ptII/ptolemy/actor/lib/test/auto/ExpressionConcatenateArrayType2.xml
1 ms. Memory: 545792K Free: 306686K (56%)
----------------- Invoking toplevel() on ptolemy.moml.MoMLSimpleApplication@3ef1cfd5
----------------- Done invoking toplevel() on ptolemy.moml.MoMLSimpleApplication@3ef1cfd5
reloadAllAccessors: .ExpressionConcatenateArrayType2

===========================================================================================
----------------- testing Sat Apr 04 13:48:22 UTC 2020 /home/travis/build/icyphy/ptII/ptolemy/actor/lib/test/auto/ExpressionFix.xml
----------------- Instantiating /home/travis/build/icyphy/ptII/ptolemy/actor/lib/test/auto/ExpressionFix.xml
17 ms. Memory: 545792K Free: 300542K (55%)
----------------- Invoking toplevel() on ptolemy.moml.MoMLSimpleApplication@7f7fa1cc
----------------- Done invoking toplevel() on ptolemy.moml.MoMLSimpleApplication@7f7fa1cc
reloadAllAccessors: .ExpressionFix

===========================================================================================
----------------- testing Sat Apr 04 13:48:22 UTC 2020 /home/travis/build/icyphy/ptII/ptolemy/actor/lib/test/auto/ExpressionFix2.xml
----------------- Instantiating /home/travis/build/icyphy/ptII/ptolemy/actor/lib/test/auto/ExpressionFix2.xml
3 ms. Memory: 545792K Free: 296446K (54%)
----------------- Invoking toplevel() on ptolemy.moml.MoMLSimpleApplication@59f216c8
----------------- Done invoking toplevel() on ptolemy.moml.MoMLSimpleApplication@59f216c8
reloadAllAccessors: .ExpressionFix2

===========================================================================================
----------------- testing Sat Apr 04 13:48:22 UTC 2020 /home/travis/build/icyphy/ptII/ptolemy/actor/lib/test/auto/ExpressionFix3.xml
----------------- Instantiating /home/travis/build/icyphy/ptII/ptolemy/actor/lib/test/auto/ExpressionFix3.xml
2 ms. Memory: 545792K Free: 292350K (54%)
----------------- Invoking toplevel() on ptolemy.moml.MoMLSimpleApplication@70799c5
----------------- Done invoking toplevel() on ptolemy.moml.MoMLSimpleApplication@70799c5
reloadAllAccessors: .ExpressionFix3

===========================================================================================
----------------- testing Sat Apr 04 13:48:22 UTC 2020 /home/travis/build/icyphy/ptII/ptolemy/actor/lib/test/auto/FileWriter1.xml
----------------- Instantiating /home/travis/build/icyphy/ptII/ptolemy/actor/lib/test/auto/FileWriter1.xml
1 ms. Memory: 545792K Free: 288254K (53%)
----------------- Invoking toplevel() on ptolemy.moml.MoMLSimpleApplication@571ce64e
----------------- Done invoking toplevel() on ptolemy.moml.MoMLSimpleApplication@571ce64e
reloadAllAccessors: .FileWriter1

===========================================================================================
----------------- testing Sat Apr 04 13:48:22 UTC 2020 /home/travis/build/icyphy/ptII/ptolemy/actor/lib/test/auto/FileWriter2.xml
----------------- Instantiating /home/travis/build/icyphy/ptII/ptolemy/actor/lib/test/auto/FileWriter2.xml
1 ms. Memory: 545792K Free: 283648K (52%)
----------------- Invoking toplevel() on ptolemy.moml.MoMLSimpleApplication@3aa87628
----------------- Done invoking toplevel() on ptolemy.moml.MoMLSimpleApplication@3aa87628
reloadAllAccessors: .FileWriter2

===========================================================================================
----------------- testing Sat Apr 04 13:48:22 UTC 2020 /home/travis/build/icyphy/ptII/ptolemy/actor/lib/test/auto/FileWriter3.xml
----------------- Instantiating /home/travis/build/icyphy/ptII/ptolemy/actor/lib/test/auto/FileWriter3.xml
3 ms. Memory: 545792K Free: 279552K (51%)
----------------- Invoking toplevel() on ptolemy.moml.MoMLSimpleApplication@20498def
----------------- Done invoking toplevel() on ptolemy.moml.MoMLSimpleApplication@20498def
reloadAllAccessors: .FileWriter3

===========================================================================================
----------------- testing Sat Apr 04 13:48:22 UTC 2020 /home/travis/build/icyphy/ptII/ptolemy/actor/lib/test/auto/Gaussian.xml
----------------- Instantiating /home/travis/build/icyphy/ptII/ptolemy/actor/lib/test/auto/Gaussian.xml
3 ms. Memory: 545792K Free: 275456K (50%)
----------------- Invoking toplevel() on ptolemy.moml.MoMLSimpleApplication@c47ac5f
----------------- Done invoking toplevel() on ptolemy.moml.MoMLSimpleApplication@c47ac5f
reloadAllAccessors: .Gaussian

===========================================================================================
----------------- testing Sat Apr 04 13:48:22 UTC 2020 /home/travis/build/icyphy/ptII/ptolemy/actor/lib/test/auto/Gaussian1.xml
----------------- Instantiating /home/travis/build/icyphy/ptII/ptolemy/actor/lib/test/auto/Gaussian1.xml
7 ms. Memory: 545792K Free: 269807K (49%)
----------------- Invoking toplevel() on ptolemy.moml.MoMLSimpleApplication@33090408
----------------- Done invoking toplevel() on ptolemy.moml.MoMLSimpleApplication@33090408
reloadAllAccessors: .Gaussian1

===========================================================================================
----------------- testing Sat Apr 04 13:48:22 UTC 2020 /home/travis/build/icyphy/ptII/ptolemy/actor/lib/test/auto/Gaussian2.xml
----------------- Instantiating /home/travis/build/icyphy/ptII/ptolemy/actor/lib/test/auto/Gaussian2.xml
5 ms. Memory: 545792K Free: 264192K (48%)
----------------- Invoking toplevel() on ptolemy.moml.MoMLSimpleApplication@76a6ab2d
----------------- Done invoking toplevel() on ptolemy.moml.MoMLSimpleApplication@76a6ab2d
reloadAllAccessors: .Gaussian2

===========================================================================================
----------------- testing Sat Apr 04 13:48:22 UTC 2020 /home/travis/build/icyphy/ptII/ptolemy/actor/lib/test/auto/GradientAdaptiveLattice.xml
----------------- Instantiating /home/travis/build/icyphy/ptII/ptolemy/actor/lib/test/auto/GradientAdaptiveLattice.xml
3 ms. Memory: 545792K Free: 259582K (48%)
----------------- Invoking toplevel() on ptolemy.moml.MoMLSimpleApplication@18d329da
----------------- Done invoking toplevel() on ptolemy.moml.MoMLSimpleApplication@18d329da
reloadAllAccessors: .GradientAdaptiveLattice

===========================================================================================
----------------- testing Sat Apr 04 13:48:22 UTC 2020 /home/travis/build/icyphy/ptII/ptolemy/actor/lib/test/auto/IIR.xml
----------------- Instantiating /home/travis/build/icyphy/ptII/ptolemy/actor/lib/test/auto/IIR.xml
1 ms. Memory: 545792K Free: 254976K (47%)
----------------- Invoking toplevel() on ptolemy.moml.MoMLSimpleApplication@94cfc51
----------------- Done invoking toplevel() on ptolemy.moml.MoMLSimpleApplication@94cfc51
reloadAllAccessors: .IIR

===========================================================================================
----------------- testing Sat Apr 04 13:48:22 UTC 2020 /home/travis/build/icyphy/ptII/ptolemy/actor/lib/test/auto/InputOutputTransparentPorts.xml
----------------- Instantiating /home/travis/build/icyphy/ptII/ptolemy/actor/lib/test/auto/InputOutputTransparentPorts.xml
1 ms. Memory: 545792K Free: 247294K (45%)
----------------- Invoking toplevel() on ptolemy.moml.MoMLSimpleApplication@69a8848e
----------------- Done invoking toplevel() on ptolemy.moml.MoMLSimpleApplication@69a8848e
reloadAllAccessors: .InputOutputTransparentPorts

===========================================================================================
----------------- testing Sat Apr 04 13:48:22 UTC 2020 /home/travis/build/icyphy/ptII/ptolemy/actor/lib/test/auto/Interpolator.xml
----------------- Instantiating /home/travis/build/icyphy/ptII/ptolemy/actor/lib/test/auto/Interpolator.xml
2 ms. Memory: 545792K Free: 243198K (45%)
----------------- Invoking toplevel() on ptolemy.moml.MoMLSimpleApplication@1f84773a
----------------- Done invoking toplevel() on ptolemy.moml.MoMLSimpleApplication@1f84773a
reloadAllAccessors: .Interpolator

===========================================================================================
----------------- testing Sat Apr 04 13:48:22 UTC 2020 /home/travis/build/icyphy/ptII/ptolemy/actor/lib/test/auto/InterpolatorFiringLimitDE.xml
----------------- Instantiating /home/travis/build/icyphy/ptII/ptolemy/actor/lib/test/auto/InterpolatorFiringLimitDE.xml
1 ms. Memory: 545792K Free: 237054K (43%)
----------------- Invoking toplevel() on ptolemy.moml.MoMLSimpleApplication@5600c22d
----------------- Done invoking toplevel() on ptolemy.moml.MoMLSimpleApplication@5600c22d
reloadAllAccessors: .InterpolatorFiringLimitDE

===========================================================================================
----------------- testing Sat Apr 04 13:48:22 UTC 2020 /home/travis/build/icyphy/ptII/ptolemy/actor/lib/test/auto/Lattice.xml
----------------- Instantiating /home/travis/build/icyphy/ptII/ptolemy/actor/lib/test/auto/Lattice.xml
1 ms. Memory: 545792K Free: 232958K (43%)
----------------- Invoking toplevel() on ptolemy.moml.MoMLSimpleApplication@4547c42f
----------------- Done invoking toplevel() on ptolemy.moml.MoMLSimpleApplication@4547c42f
reloadAllAccessors: .Lattice

===========================================================================================
----------------- testing Sat Apr 04 13:48:22 UTC 2020 /home/travis/build/icyphy/ptII/ptolemy/actor/lib/test/auto/LazyAOCTestLazy.xml
----------------- Instantiating /home/travis/build/icyphy/ptII/ptolemy/actor/lib/test/auto/LazyAOCTestLazy.xml
10 ms. Memory: 545792K Free: 226799K (42%)
----------------- Invoking toplevel() on ptolemy.moml.MoMLSimpleApplication@5ece9c0e
----------------- Done invoking toplevel() on ptolemy.moml.MoMLSimpleApplication@5ece9c0e
reloadAllAccessors: .LazyAOCTestLazy

===========================================================================================
----------------- testing Sat Apr 04 13:48:22 UTC 2020 /home/travis/build/icyphy/ptII/ptolemy/actor/lib/test/auto/LazyAOCTestNonLazy.xml
----------------- Instantiating /home/travis/build/icyphy/ptII/ptolemy/actor/lib/test/auto/LazyAOCTestNonLazy.xml
2 ms. Memory: 545792K Free: 220670K (40%)
----------------- Invoking toplevel() on ptolemy.moml.MoMLSimpleApplication@65e739bd
----------------- Done invoking toplevel() on ptolemy.moml.MoMLSimpleApplication@65e739bd
reloadAllAccessors: .LazyAOCTestNonLazy

===========================================================================================
----------------- testing Sat Apr 04 13:48:22 UTC 2020 /home/travis/build/icyphy/ptII/ptolemy/actor/lib/test/auto/LazyInnerClass.xml
----------------- Instantiating /home/travis/build/icyphy/ptII/ptolemy/actor/lib/test/auto/LazyInnerClass.xml
20 ms. Memory: 545792K Free: 211968K (39%)
----------------- Invoking toplevel() on ptolemy.moml.MoMLSimpleApplication@2ef66040
----------------- Done invoking toplevel() on ptolemy.moml.MoMLSimpleApplication@2ef66040
reloadAllAccessors: .LazyInnerClass

===========================================================================================
----------------- testing Sat Apr 04 13:48:22 UTC 2020 /home/travis/build/icyphy/ptII/ptolemy/actor/lib/test/auto/LazyPubSub.xml
----------------- Instantiating /home/travis/build/icyphy/ptII/ptolemy/actor/lib/test/auto/LazyPubSub.xml
11 ms. Memory: 545792K Free: 201728K (37%)
----------------- Invoking toplevel() on ptolemy.moml.MoMLSimpleApplication@2cbc07f2
----------------- Done invoking toplevel() on ptolemy.moml.MoMLSimpleApplication@2cbc07f2
reloadAllAccessors: .LazyPubSub

===========================================================================================
----------------- testing Sat Apr 04 13:48:23 UTC 2020 /home/travis/build/icyphy/ptII/ptolemy/actor/lib/test/auto/LazyPubSub2.xml
----------------- Instantiating /home/travis/build/icyphy/ptII/ptolemy/actor/lib/test/auto/LazyPubSub2.xml
13 ms. Memory: 545792K Free: 191998K (35%)
----------------- Invoking toplevel() on ptolemy.moml.MoMLSimpleApplication@1a445dc6
----------------- Done invoking toplevel() on ptolemy.moml.MoMLSimpleApplication@1a445dc6
reloadAllAccessors: .LazyPubSub2

===========================================================================================
----------------- testing Sat Apr 04 13:48:23 UTC 2020 /home/travis/build/icyphy/ptII/ptolemy/actor/lib/test/auto/LazyPubSub3.xml
----------------- Instantiating /home/travis/build/icyphy/ptII/ptolemy/actor/lib/test/auto/LazyPubSub3.xml
11 ms. Memory: 545792K Free: 181758K (33%)
----------------- Invoking toplevel() on ptolemy.moml.MoMLSimpleApplication@31f6d8b5
----------------- Done invoking toplevel() on ptolemy.moml.MoMLSimpleApplication@31f6d8b5
reloadAllAccessors: .LazyPubSub3

===========================================================================================
----------------- testing Sat Apr 04 13:48:23 UTC 2020 /home/travis/build/icyphy/ptII/ptolemy/actor/lib/test/auto/LazySubClassModel.xml
----------------- Instantiating /home/travis/build/icyphy/ptII/ptolemy/actor/lib/test/auto/LazySubClassModel.xml
1 ms. Memory: 545792K Free: 488446K (89%)
----------------- Invoking toplevel() on ptolemy.moml.MoMLSimpleApplication@19d89ab7
----------------- Done invoking toplevel() on ptolemy.moml.MoMLSimpleApplication@19d89ab7
reloadAllAccessors: .LazySubClassModel

===========================================================================================
----------------- testing Sat Apr 04 13:48:23 UTC 2020 /home/travis/build/icyphy/ptII/ptolemy/actor/lib/test/auto/LevelCrossTest1.xml
----------------- Instantiating /home/travis/build/icyphy/ptII/ptolemy/actor/lib/test/auto/LevelCrossTest1.xml
1 ms. Memory: 545792K Free: 482816K (88%)
----------------- Invoking toplevel() on ptolemy.moml.MoMLSimpleApplication@705b2912
----------------- Done invoking toplevel() on ptolemy.moml.MoMLSimpleApplication@705b2912
reloadAllAccessors: .broken

===========================================================================================
----------------- testing Sat Apr 04 13:48:23 UTC 2020 /home/travis/build/icyphy/ptII/ptolemy/actor/lib/test/auto/LevelCrossTest10.xml
----------------- Instantiating /home/travis/build/icyphy/ptII/ptolemy/actor/lib/test/auto/LevelCrossTest10.xml
1 ms. Memory: 545792K Free: 475648K (87%)
----------------- Invoking toplevel() on ptolemy.moml.MoMLSimpleApplication@67140de4
----------------- Done invoking toplevel() on ptolemy.moml.MoMLSimpleApplication@67140de4
reloadAllAccessors: .LevelCrossTest10

===========================================================================================
----------------- testing Sat Apr 04 13:48:23 UTC 2020 /home/travis/build/icyphy/ptII/ptolemy/actor/lib/test/auto/LevelCrossTest11.xml
----------------- Instantiating /home/travis/build/icyphy/ptII/ptolemy/actor/lib/test/auto/LevelCrossTest11.xml
1 ms. Memory: 545792K Free: 468990K (86%)
----------------- Invoking toplevel() on ptolemy.moml.MoMLSimpleApplication@3f62bcd7
----------------- Done invoking toplevel() on ptolemy.moml.MoMLSimpleApplication@3f62bcd7
reloadAllAccessors: .LevelCrossTest11

===========================================================================================
----------------- testing Sat Apr 04 13:48:23 UTC 2020 /home/travis/build/icyphy/ptII/ptolemy/actor/lib/test/auto/LevelCrossTest12.xml
----------------- Instantiating /home/travis/build/icyphy/ptII/ptolemy/actor/lib/test/auto/LevelCrossTest12.xml
1 ms. Memory: 545792K Free: 462846K (85%)
----------------- Invoking toplevel() on ptolemy.moml.MoMLSimpleApplication@4e307243
----------------- Done invoking toplevel() on ptolemy.moml.MoMLSimpleApplication@4e307243
reloadAllAccessors: .LevelCrossTest12

===========================================================================================
----------------- testing Sat Apr 04 13:48:23 UTC 2020 /home/travis/build/icyphy/ptII/ptolemy/actor/lib/test/auto/LevelCrossTest13.xml
----------------- Instantiating /home/travis/build/icyphy/ptII/ptolemy/actor/lib/test/auto/LevelCrossTest13.xml
1 ms. Memory: 545792K Free: 455168K (83%)
----------------- Invoking toplevel() on ptolemy.moml.MoMLSimpleApplication@16562987
----------------- Done invoking toplevel() on ptolemy.moml.MoMLSimpleApplication@16562987
reloadAllAccessors: .LevelCrossTest13

===========================================================================================
----------------- testing Sat Apr 04 13:48:23 UTC 2020 /home/travis/build/icyphy/ptII/ptolemy/actor/lib/test/auto/LevelCrossTest2.xml
----------------- Instantiating /home/travis/build/icyphy/ptII/ptolemy/actor/lib/test/auto/LevelCrossTest2.xml
1 ms. Memory: 545792K Free: 449534K (82%)
----------------- Invoking toplevel() on ptolemy.moml.MoMLSimpleApplication@5a0a6a7e
----------------- Done invoking toplevel() on ptolemy.moml.MoMLSimpleApplication@5a0a6a7e
reloadAllAccessors: .broken

===========================================================================================
----------------- testing Sat Apr 04 13:48:23 UTC 2020 /home/travis/build/icyphy/ptII/ptolemy/actor/lib/test/auto/LevelCrossTest3.xml
----------------- Instantiating /home/travis/build/icyphy/ptII/ptolemy/actor/lib/test/auto/LevelCrossTest3.xml
1 ms. Memory: 545792K Free: 443390K (81%)
----------------- Invoking toplevel() on ptolemy.moml.MoMLSimpleApplication@353d0e04
----------------- Done invoking toplevel() on ptolemy.moml.MoMLSimpleApplication@353d0e04
reloadAllAccessors: .LevelCrossTest3

===========================================================================================
----------------- testing Sat Apr 04 13:48:23 UTC 2020 /home/travis/build/icyphy/ptII/ptolemy/actor/lib/test/auto/LevelCrossTest4.xml
----------------- Instantiating /home/travis/build/icyphy/ptII/ptolemy/actor/lib/test/auto/LevelCrossTest4.xml
1 ms. Memory: 545792K Free: 438270K (80%)
----------------- Invoking toplevel() on ptolemy.moml.MoMLSimpleApplication@3a415d2a
----------------- Done invoking toplevel() on ptolemy.moml.MoMLSimpleApplication@3a415d2a
reloadAllAccessors: .broken

===========================================================================================
----------------- testing Sat Apr 04 13:48:23 UTC 2020 /home/travis/build/icyphy/ptII/ptolemy/actor/lib/test/auto/LevelCrossTest5.xml
----------------- Instantiating /home/travis/build/icyphy/ptII/ptolemy/actor/lib/test/auto/LevelCrossTest5.xml
3 ms. Memory: 545792K Free: 431616K (79%)
----------------- Invoking toplevel() on ptolemy.moml.MoMLSimpleApplication@693b8af8
----------------- Done invoking toplevel() on ptolemy.moml.MoMLSimpleApplication@693b8af8
reloadAllAccessors: .LevelCrossTest5

===========================================================================================
----------------- testing Sat Apr 04 13:48:23 UTC 2020 /home/travis/build/icyphy/ptII/ptolemy/actor/lib/test/auto/LevelCrossTest6.xml
----------------- Instantiating /home/travis/build/icyphy/ptII/ptolemy/actor/lib/test/auto/LevelCrossTest6.xml
1 ms. Memory: 545792K Free: 424958K (78%)
----------------- Invoking toplevel() on ptolemy.moml.MoMLSimpleApplication@1f5c4e4
----------------- Done invoking toplevel() on ptolemy.moml.MoMLSimpleApplication@1f5c4e4
reloadAllAccessors: .LevelCrossTest6

===========================================================================================
----------------- testing Sat Apr 04 13:48:23 UTC 2020 /home/travis/build/icyphy/ptII/ptolemy/actor/lib/test/auto/LevelCrossTest7.xml
----------------- Instantiating /home/travis/build/icyphy/ptII/ptolemy/actor/lib/test/auto/LevelCrossTest7.xml
1 ms. Memory: 545792K Free: 417790K (77%)
----------------- Invoking toplevel() on ptolemy.moml.MoMLSimpleApplication@23c17821
----------------- Done invoking toplevel() on ptolemy.moml.MoMLSimpleApplication@23c17821
reloadAllAccessors: .LevelCrossTest7

===========================================================================================
----------------- testing Sat Apr 04 13:48:23 UTC 2020 /home/travis/build/icyphy/ptII/ptolemy/actor/lib/test/auto/LevelCrossTest8.xml
----------------- Instantiating /home/travis/build/icyphy/ptII/ptolemy/actor/lib/test/auto/LevelCrossTest8.xml
1 ms. Memory: 545792K Free: 410622K (75%)
----------------- Invoking toplevel() on ptolemy.moml.MoMLSimpleApplication@58bbb6c4
----------------- Done invoking toplevel() on ptolemy.moml.MoMLSimpleApplication@58bbb6c4
reloadAllAccessors: .LevelCrossTest8

===========================================================================================
----------------- testing Sat Apr 04 13:48:23 UTC 2020 /home/travis/build/icyphy/ptII/ptolemy/actor/lib/test/auto/LevelCrossTest9.xml
----------------- Instantiating /home/travis/build/icyphy/ptII/ptolemy/actor/lib/test/auto/LevelCrossTest9.xml
1 ms. Memory: 545792K Free: 403454K (74%)
----------------- Invoking toplevel() on ptolemy.moml.MoMLSimpleApplication@667543dd
----------------- Done invoking toplevel() on ptolemy.moml.MoMLSimpleApplication@667543dd
reloadAllAccessors: .LevelCrossTest9

===========================================================================================
----------------- testing Sat Apr 04 13:48:23 UTC 2020 /home/travis/build/icyphy/ptII/ptolemy/actor/lib/test/auto/LevinsonDurbin.xml
----------------- Instantiating /home/travis/build/icyphy/ptII/ptolemy/actor/lib/test/auto/LevinsonDurbin.xml
8 ms. Memory: 545792K Free: 399358K (73%)
----------------- Invoking toplevel() on ptolemy.moml.MoMLSimpleApplication@3690afa8
----------------- Done invoking toplevel() on ptolemy.moml.MoMLSimpleApplication@3690afa8
reloadAllAccessors: .LevinsonDurbin

===========================================================================================
----------------- testing Sat Apr 04 13:48:23 UTC 2020 /home/travis/build/icyphy/ptII/ptolemy/actor/lib/test/auto/LevinsonDurbin2.xml
----------------- Instantiating /home/travis/build/icyphy/ptII/ptolemy/actor/lib/test/auto/LevinsonDurbin2.xml
1 ms. Memory: 545792K Free: 395262K (72%)
----------------- Invoking toplevel() on ptolemy.moml.MoMLSimpleApplication@76ffa5f7
----------------- Done invoking toplevel() on ptolemy.moml.MoMLSimpleApplication@76ffa5f7
reloadAllAccessors: .LevinsonDurbin2

===========================================================================================
----------------- testing Sat Apr 04 13:48:23 UTC 2020 /home/travis/build/icyphy/ptII/ptolemy/actor/lib/test/auto/LevinsonDurbin3.xml
----------------- Instantiating /home/travis/build/icyphy/ptII/ptolemy/actor/lib/test/auto/LevinsonDurbin3.xml
2 ms. Memory: 545792K Free: 391680K (72%)
----------------- Invoking toplevel() on ptolemy.moml.MoMLSimpleApplication@1cdabe61
----------------- Done invoking toplevel() on ptolemy.moml.MoMLSimpleApplication@1cdabe61
reloadAllAccessors: .LevinsonDurbin3

===========================================================================================
----------------- testing Sat Apr 04 13:48:23 UTC 2020 /home/travis/build/icyphy/ptII/ptolemy/actor/lib/test/auto/Limiter.xml
----------------- Instantiating /home/travis/build/icyphy/ptII/ptolemy/actor/lib/test/auto/Limiter.xml
11 ms. Memory: 545792K Free: 382464K (70%)
----------------- Invoking toplevel() on ptolemy.moml.MoMLSimpleApplication@500f0282
----------------- Done invoking toplevel() on ptolemy.moml.MoMLSimpleApplication@500f0282
reloadAllAccessors: .Limiter

===========================================================================================
----------------- testing Sat Apr 04 13:48:23 UTC 2020 /home/travis/build/icyphy/ptII/ptolemy/actor/lib/test/auto/LinearDifferenceEquationSystem.xml
----------------- Instantiating /home/travis/build/icyphy/ptII/ptolemy/actor/lib/test/auto/LinearDifferenceEquationSystem.xml
3 ms. Memory: 545792K Free: 375296K (69%)
----------------- Invoking toplevel() on ptolemy.moml.MoMLSimpleApplication@8770b38
----------------- Done invoking toplevel() on ptolemy.moml.MoMLSimpleApplication@8770b38
reloadAllAccessors: .LinearDifferenceEquationSystem

===========================================================================================
----------------- testing Sat Apr 04 13:48:23 UTC 2020 /home/travis/build/icyphy/ptII/ptolemy/actor/lib/test/auto/LookupTable.xml
----------------- Instantiating /home/travis/build/icyphy/ptII/ptolemy/actor/lib/test/auto/LookupTable.xml
1 ms. Memory: 545792K Free: 370686K (68%)
----------------- Invoking toplevel() on ptolemy.moml.MoMLSimpleApplication@133ba8cc
----------------- Done invoking toplevel() on ptolemy.moml.MoMLSimpleApplication@133ba8cc
reloadAllAccessors: .LookupTable

===========================================================================================
----------------- testing Sat Apr 04 13:48:23 UTC 2020 /home/travis/build/icyphy/ptII/ptolemy/actor/lib/test/auto/MathFunction.xml
----------------- Instantiating /home/travis/build/icyphy/ptII/ptolemy/actor/lib/test/auto/MathFunction.xml
2 ms. Memory: 545792K Free: 363008K (67%)
----------------- Invoking toplevel() on ptolemy.moml.MoMLSimpleApplication@52ac4064
----------------- Done invoking toplevel() on ptolemy.moml.MoMLSimpleApplication@52ac4064
reloadAllAccessors: .MathFunction

===========================================================================================
----------------- testing Sat Apr 04 13:48:23 UTC 2020 /home/travis/build/icyphy/ptII/ptolemy/actor/lib/test/auto/MathFunction2.xml
----------------- Instantiating /home/travis/build/icyphy/ptII/ptolemy/actor/lib/test/auto/MathFunction2.xml
1 ms. Memory: 545792K Free: 358912K (66%)
----------------- Invoking toplevel() on ptolemy.moml.MoMLSimpleApplication@cd690d1
----------------- Done invoking toplevel() on ptolemy.moml.MoMLSimpleApplication@cd690d1
reloadAllAccessors: .MathFunction2

===========================================================================================
----------------- testing Sat Apr 04 13:48:23 UTC 2020 /home/travis/build/icyphy/ptII/ptolemy/actor/lib/test/auto/MathFunction3.xml
----------------- Instantiating /home/travis/build/icyphy/ptII/ptolemy/actor/lib/test/auto/MathFunction3.xml
11 ms. Memory: 545792K Free: 351744K (64%)
----------------- Invoking toplevel() on ptolemy.moml.MoMLSimpleApplication@48324845
----------------- Done invoking toplevel() on ptolemy.moml.MoMLSimpleApplication@48324845
reloadAllAccessors: .MathFunction3

===========================================================================================
----------------- testing Sat Apr 04 13:48:23 UTC 2020 /home/travis/build/icyphy/ptII/ptolemy/actor/lib/test/auto/MatrixCropBoolean.xml
----------------- Instantiating /home/travis/build/icyphy/ptII/ptolemy/actor/lib/test/auto/MatrixCropBoolean.xml
1 ms. Memory: 545792K Free: 347134K (64%)
----------------- Invoking toplevel() on ptolemy.moml.MoMLSimpleApplication@62315f53
----------------- Done invoking toplevel() on ptolemy.moml.MoMLSimpleApplication@62315f53
reloadAllAccessors: .MatrixCropBoolean

===========================================================================================
----------------- testing Sat Apr 04 13:48:23 UTC 2020 /home/travis/build/icyphy/ptII/ptolemy/actor/lib/test/auto/MatrixCropComplex.xml
----------------- Instantiating /home/travis/build/icyphy/ptII/ptolemy/actor/lib/test/auto/MatrixCropComplex.xml
2 ms. Memory: 545792K Free: 341983K (63%)
----------------- Invoking toplevel() on ptolemy.moml.MoMLSimpleApplication@23ae3ade
----------------- Done invoking toplevel() on ptolemy.moml.MoMLSimpleApplication@23ae3ade
reloadAllAccessors: .MatrixCropComplex

===========================================================================================
----------------- testing Sat Apr 04 13:48:23 UTC 2020 /home/travis/build/icyphy/ptII/ptolemy/actor/lib/test/auto/MatrixCropDouble.xml
----------------- Instantiating /home/travis/build/icyphy/ptII/ptolemy/actor/lib/test/auto/MatrixCropDouble.xml
1 ms. Memory: 545792K Free: 337408K (62%)
----------------- Invoking toplevel() on ptolemy.moml.MoMLSimpleApplication@6e19ccfc
----------------- Done invoking toplevel() on ptolemy.moml.MoMLSimpleApplication@6e19ccfc
reloadAllAccessors: .MatrixCropDouble

===========================================================================================
----------------- testing Sat Apr 04 13:48:23 UTC 2020 /home/travis/build/icyphy/ptII/ptolemy/actor/lib/test/auto/MatrixCropFix.xml
----------------- Instantiating /home/travis/build/icyphy/ptII/ptolemy/actor/lib/test/auto/MatrixCropFix.xml
1 ms. Memory: 545792K Free: 332288K (61%)
----------------- Invoking toplevel() on ptolemy.moml.MoMLSimpleApplication@7916b128
----------------- Done invoking toplevel() on ptolemy.moml.MoMLSimpleApplication@7916b128
reloadAllAccessors: .MatrixCropFix

===========================================================================================
----------------- testing Sat Apr 04 13:48:23 UTC 2020 /home/travis/build/icyphy/ptII/ptolemy/actor/lib/test/auto/MatrixCropInt.xml
----------------- Instantiating /home/travis/build/icyphy/ptII/ptolemy/actor/lib/test/auto/MatrixCropInt.xml
1 ms. Memory: 545792K Free: 327671K (60%)
----------------- Invoking toplevel() on ptolemy.moml.MoMLSimpleApplication@46a45c49
----------------- Done invoking toplevel() on ptolemy.moml.MoMLSimpleApplication@46a45c49
reloadAllAccessors: .MatrixCropInt

===========================================================================================
----------------- testing Sat Apr 04 13:48:23 UTC 2020 /home/travis/build/icyphy/ptII/ptolemy/actor/lib/test/auto/MatrixCropLong.xml
----------------- Instantiating /home/travis/build/icyphy/ptII/ptolemy/actor/lib/test/auto/MatrixCropLong.xml
1 ms. Memory: 545792K Free: 322527K (59%)
----------------- Invoking toplevel() on ptolemy.moml.MoMLSimpleApplication@49532126
----------------- Done invoking toplevel() on ptolemy.moml.MoMLSimpleApplication@49532126
reloadAllAccessors: .MatrixCropLong

===========================================================================================
----------------- testing Sat Apr 04 13:48:23 UTC 2020 /home/travis/build/icyphy/ptII/ptolemy/actor/lib/test/auto/MatrixToArray.xml
----------------- Instantiating /home/travis/build/icyphy/ptII/ptolemy/actor/lib/test/auto/MatrixToArray.xml
5 ms. Memory: 545792K Free: 307198K (56%)
----------------- Invoking toplevel() on ptolemy.moml.MoMLSimpleApplication@67f74282
----------------- Done invoking toplevel() on ptolemy.moml.MoMLSimpleApplication@67f74282
reloadAllAccessors: .MatrixToArray

===========================================================================================
----------------- testing Sat Apr 04 13:48:23 UTC 2020 /home/travis/build/icyphy/ptII/ptolemy/actor/lib/test/auto/MaxIndex.xml
----------------- Instantiating /home/travis/build/icyphy/ptII/ptolemy/actor/lib/test/auto/MaxIndex.xml
1 ms. Memory: 545792K Free: 302592K (55%)
----------------- Invoking toplevel() on ptolemy.moml.MoMLSimpleApplication@33f2ea04
----------------- Done invoking toplevel() on ptolemy.moml.MoMLSimpleApplication@33f2ea04
reloadAllAccessors: .MaxIndex

===========================================================================================
----------------- testing Sat Apr 04 13:48:23 UTC 2020 /home/travis/build/icyphy/ptII/ptolemy/actor/lib/test/auto/Maximum.xml
----------------- Instantiating /home/travis/build/icyphy/ptII/ptolemy/actor/lib/test/auto/Maximum.xml
4 ms. Memory: 545792K Free: 295903K (54%)
----------------- Invoking toplevel() on ptolemy.moml.MoMLSimpleApplication@4ff509a5
----------------- Done invoking toplevel() on ptolemy.moml.MoMLSimpleApplication@4ff509a5
reloadAllAccessors: .Maximum

===========================================================================================
----------------- testing Sat Apr 04 13:48:23 UTC 2020 /home/travis/build/icyphy/ptII/ptolemy/actor/lib/test/auto/MaximumComplex.xml
----------------- Instantiating /home/travis/build/icyphy/ptII/ptolemy/actor/lib/test/auto/MaximumComplex.xml
4 ms. Memory: 545792K Free: 289775K (53%)
----------------- Invoking toplevel() on ptolemy.moml.MoMLSimpleApplication@2bc1259
----------------- Done invoking toplevel() on ptolemy.moml.MoMLSimpleApplication@2bc1259
reloadAllAccessors: .MaximumComplex

===========================================================================================
----------------- testing Sat Apr 04 13:48:23 UTC 2020 /home/travis/build/icyphy/ptII/ptolemy/actor/lib/test/auto/MethodCallTest.xml
----------------- Instantiating /home/travis/build/icyphy/ptII/ptolemy/actor/lib/test/auto/MethodCallTest.xml
1 ms. Memory: 545792K Free: 283136K (52%)
----------------- Invoking toplevel() on ptolemy.moml.MoMLSimpleApplication@57e740fe
----------------- Done invoking toplevel() on ptolemy.moml.MoMLSimpleApplication@57e740fe
reloadAllAccessors: .MethodCallTest

===========================================================================================
----------------- testing Sat Apr 04 13:48:23 UTC 2020 /home/travis/build/icyphy/ptII/ptolemy/actor/lib/test/auto/Minimum.xml
----------------- Instantiating /home/travis/build/icyphy/ptII/ptolemy/actor/lib/test/auto/Minimum.xml
2 ms. Memory: 545792K Free: 276478K (51%)
----------------- Invoking toplevel() on ptolemy.moml.MoMLSimpleApplication@706fed1b
----------------- Done invoking toplevel() on ptolemy.moml.MoMLSimpleApplication@706fed1b
reloadAllAccessors: .Minimum

===========================================================================================
----------------- testing Sat Apr 04 13:48:23 UTC 2020 /home/travis/build/icyphy/ptII/ptolemy/actor/lib/test/auto/MinimumComplex.xml
----------------- Instantiating /home/travis/build/icyphy/ptII/ptolemy/actor/lib/test/auto/MinimumComplex.xml
2 ms. Memory: 545792K Free: 270848K (50%)
----------------- Invoking toplevel() on ptolemy.moml.MoMLSimpleApplication@2ecc4863
----------------- Done invoking toplevel() on ptolemy.moml.MoMLSimpleApplication@2ecc4863
reloadAllAccessors: .MinimumComplex

===========================================================================================
----------------- testing Sat Apr 04 13:48:23 UTC 2020 /home/travis/build/icyphy/ptII/ptolemy/actor/lib/test/auto/MinimumMultiports.xml
----------------- Instantiating /home/travis/build/icyphy/ptII/ptolemy/actor/lib/test/auto/MinimumMultiports.xml
3 ms. Memory: 545792K Free: 262111K (48%)
----------------- Invoking toplevel() on ptolemy.moml.MoMLSimpleApplication@35bf4b92
----------------- Done invoking toplevel() on ptolemy.moml.MoMLSimpleApplication@35bf4b92
reloadAllAccessors: .MinimumMultiports

===========================================================================================
----------------- testing Sat Apr 04 13:48:23 UTC 2020 /home/travis/build/icyphy/ptII/ptolemy/actor/lib/test/auto/ModifyDate.xml
----------------- Instantiating /home/travis/build/icyphy/ptII/ptolemy/actor/lib/test/auto/ModifyDate.xml
6 ms. Memory: 545792K Free: 249344K (46%)
----------------- Invoking toplevel() on ptolemy.moml.MoMLSimpleApplication@2c7f46ba
----------------- Done invoking toplevel() on ptolemy.moml.MoMLSimpleApplication@2c7f46ba
reloadAllAccessors: .ModifyDate

===========================================================================================
----------------- testing Sat Apr 04 13:48:23 UTC 2020 /home/travis/build/icyphy/ptII/ptolemy/actor/lib/test/auto/ModifyDate2.xml
----------------- Instantiating /home/travis/build/icyphy/ptII/ptolemy/actor/lib/test/auto/ModifyDate2.xml
3 ms. Memory: 545792K Free: 240623K (44%)
----------------- Invoking toplevel() on ptolemy.moml.MoMLSimpleApplication@15c03307
----------------- Done invoking toplevel() on ptolemy.moml.MoMLSimpleApplication@15c03307
reloadAllAccessors: .ModifyDate2

===========================================================================================
----------------- testing Sat Apr 04 13:48:23 UTC 2020 /home/travis/build/icyphy/ptII/ptolemy/actor/lib/test/auto/MovingAverage.xml
----------------- Instantiating /home/travis/build/icyphy/ptII/ptolemy/actor/lib/test/auto/MovingAverage.xml
1 ms. Memory: 545792K Free: 235518K (43%)
----------------- Invoking toplevel() on ptolemy.moml.MoMLSimpleApplication@66573e2c
----------------- Done invoking toplevel() on ptolemy.moml.MoMLSimpleApplication@66573e2c
reloadAllAccessors: .MovingAverage

===========================================================================================
----------------- testing Sat Apr 04 13:48:23 UTC 2020 /home/travis/build/icyphy/ptII/ptolemy/actor/lib/test/auto/MovingMaximum.xml
----------------- Instantiating /home/travis/build/icyphy/ptII/ptolemy/actor/lib/test/auto/MovingMaximum.xml
1 ms. Memory: 545792K Free: 230912K (42%)
----------------- Invoking toplevel() on ptolemy.moml.MoMLSimpleApplication@2b909b30
----------------- Done invoking toplevel() on ptolemy.moml.MoMLSimpleApplication@2b909b30
reloadAllAccessors: .MovingMaximum

===========================================================================================
----------------- testing Sat Apr 04 13:48:23 UTC 2020 /home/travis/build/icyphy/ptII/ptolemy/actor/lib/test/auto/MultipleLinksToSameRelation.xml
----------------- Instantiating /home/travis/build/icyphy/ptII/ptolemy/actor/lib/test/auto/MultipleLinksToSameRelation.xml
2 ms. Memory: 545792K Free: 227326K (42%)
----------------- Invoking toplevel() on ptolemy.moml.MoMLSimpleApplication@57534335
----------------- Done invoking toplevel() on ptolemy.moml.MoMLSimpleApplication@57534335
reloadAllAccessors: .MultipleLinksToSameRelation

===========================================================================================
----------------- testing Sat Apr 04 13:48:23 UTC 2020 /home/travis/build/icyphy/ptII/ptolemy/actor/lib/test/auto/MultipleLinksToSameRelationDE.xml
----------------- Instantiating /home/travis/build/icyphy/ptII/ptolemy/actor/lib/test/auto/MultipleLinksToSameRelationDE.xml
1 ms. Memory: 545792K Free: 222720K (41%)
----------------- Invoking toplevel() on ptolemy.moml.MoMLSimpleApplication@66fe51a3
----------------- Done invoking toplevel() on ptolemy.moml.MoMLSimpleApplication@66fe51a3
reloadAllAccessors: .MultipleLinksToSameRelationDE

===========================================================================================
----------------- testing Sat Apr 04 13:48:23 UTC 2020 /home/travis/build/icyphy/ptII/ptolemy/actor/lib/test/auto/Multiplexor.xml
----------------- Instantiating /home/travis/build/icyphy/ptII/ptolemy/actor/lib/test/auto/Multiplexor.xml
1 ms. Memory: 545792K Free: 217086K (40%)
----------------- Invoking toplevel() on ptolemy.moml.MoMLSimpleApplication@59434a
----------------- Done invoking toplevel() on ptolemy.moml.MoMLSimpleApplication@59434a
reloadAllAccessors: .Multiplexor

===========================================================================================
----------------- testing Sat Apr 04 13:48:23 UTC 2020 /home/travis/build/icyphy/ptII/ptolemy/actor/lib/test/auto/Multiplexor1.xml
----------------- Instantiating /home/travis/build/icyphy/ptII/ptolemy/actor/lib/test/auto/Multiplexor1.xml
1 ms. Memory: 545792K Free: 211456K (39%)
----------------- Invoking toplevel() on ptolemy.moml.MoMLSimpleApplication@3516e8cd
----------------- Done invoking toplevel() on ptolemy.moml.MoMLSimpleApplication@3516e8cd
reloadAllAccessors: .Multiplexor1

===========================================================================================
----------------- testing Sat Apr 04 13:48:23 UTC 2020 /home/travis/build/icyphy/ptII/ptolemy/actor/lib/test/auto/Multiplexor2.xml
----------------- Instantiating /home/travis/build/icyphy/ptII/ptolemy/actor/lib/test/auto/Multiplexor2.xml
2 ms. Memory: 545792K Free: 204798K (38%)
----------------- Invoking toplevel() on ptolemy.moml.MoMLSimpleApplication@73088926
----------------- Done invoking toplevel() on ptolemy.moml.MoMLSimpleApplication@73088926
reloadAllAccessors: .Multiplexor2

===========================================================================================
----------------- testing Sat Apr 04 13:48:23 UTC 2020 /home/travis/build/icyphy/ptII/ptolemy/actor/lib/test/auto/Multiplexor3.xml
----------------- Instantiating /home/travis/build/icyphy/ptII/ptolemy/actor/lib/test/auto/Multiplexor3.xml
1 ms. Memory: 545792K Free: 200702K (37%)
----------------- Invoking toplevel() on ptolemy.moml.MoMLSimpleApplication@7e69e1e2
----------------- Done invoking toplevel() on ptolemy.moml.MoMLSimpleApplication@7e69e1e2
reloadAllAccessors: .Multiplexor3

===========================================================================================
----------------- testing Sat Apr 04 13:48:23 UTC 2020 /home/travis/build/icyphy/ptII/ptolemy/actor/lib/test/auto/MultiplexorDE.xml
----------------- Instantiating /home/travis/build/icyphy/ptII/ptolemy/actor/lib/test/auto/MultiplexorDE.xml
2 ms. Memory: 545792K Free: 193024K (35%)
----------------- Invoking toplevel() on ptolemy.moml.MoMLSimpleApplication@293bddd1
----------------- Done invoking toplevel() on ptolemy.moml.MoMLSimpleApplication@293bddd1
reloadAllAccessors: .MultiplexorDE

===========================================================================================
----------------- testing Sat Apr 04 13:48:23 UTC 2020 /home/travis/build/icyphy/ptII/ptolemy/actor/lib/test/auto/MultiportBroadcastTest.xml
----------------- Instantiating /home/travis/build/icyphy/ptII/ptolemy/actor/lib/test/auto/MultiportBroadcastTest.xml
73 ms. Memory: 545792K Free: 186880K (34%)
----------------- Invoking toplevel() on ptolemy.moml.MoMLSimpleApplication@eab936d
----------------- Done invoking toplevel() on ptolemy.moml.MoMLSimpleApplication@eab936d
reloadAllAccessors: .MultiportBroadcastTest

===========================================================================================
----------------- testing Sat Apr 04 13:48:24 UTC 2020 /home/travis/build/icyphy/ptII/ptolemy/actor/lib/test/auto/MultiportOutHangDuringGetWidth.xml
----------------- Instantiating /home/travis/build/icyphy/ptII/ptolemy/actor/lib/test/auto/MultiportOutHangDuringGetWidth.xml
4 ms. Memory: 545792K Free: 489967K (90%)
----------------- Invoking toplevel() on ptolemy.moml.MoMLSimpleApplication@48410dff
----------------- Done invoking toplevel() on ptolemy.moml.MoMLSimpleApplication@48410dff
reloadAllAccessors: .MultiportOutHangDuringGetWidth

===========================================================================================
----------------- testing Sat Apr 04 13:48:24 UTC 2020 /home/travis/build/icyphy/ptII/ptolemy/actor/lib/test/auto/NilToken.xml
----------------- Instantiating /home/travis/build/icyphy/ptII/ptolemy/actor/lib/test/auto/NilToken.xml
1 ms. Memory: 545792K Free: 485886K (89%)
----------------- Invoking toplevel() on ptolemy.moml.MoMLSimpleApplication@13c430dd
----------------- Done invoking toplevel() on ptolemy.moml.MoMLSimpleApplication@13c430dd
reloadAllAccessors: .NilToken

===========================================================================================
----------------- testing Sat Apr 04 13:48:24 UTC 2020 /home/travis/build/icyphy/ptII/ptolemy/actor/lib/test/auto/NilTokenNonStrictTest.xml
----------------- Instantiating /home/travis/build/icyphy/ptII/ptolemy/actor/lib/test/auto/NilTokenNonStrictTest.xml
2 ms. Memory: 545792K Free: 480766K (88%)
----------------- Invoking toplevel() on ptolemy.moml.MoMLSimpleApplication@16f9b6fb
----------------- Done invoking toplevel() on ptolemy.moml.MoMLSimpleApplication@16f9b6fb
reloadAllAccessors: .NilTokenNonStrictTest

===========================================================================================
----------------- testing Sat Apr 04 13:48:24 UTC 2020 /home/travis/build/icyphy/ptII/ptolemy/actor/lib/test/auto/NilTokenRecord.xml
----------------- Instantiating /home/travis/build/icyphy/ptII/ptolemy/actor/lib/test/auto/NilTokenRecord.xml
4 ms. Memory: 545792K Free: 474112K (87%)
----------------- Invoking toplevel() on ptolemy.moml.MoMLSimpleApplication@71c581f7
----------------- Done invoking toplevel() on ptolemy.moml.MoMLSimpleApplication@71c581f7
reloadAllAccessors: .NilTokenRecord

===========================================================================================
----------------- testing Sat Apr 04 13:48:24 UTC 2020 /home/travis/build/icyphy/ptII/ptolemy/actor/lib/test/auto/NilTokenTypeTest.xml
----------------- Instantiating /home/travis/build/icyphy/ptII/ptolemy/actor/lib/test/auto/NilTokenTypeTest.xml
13 ms. Memory: 545792K Free: 464382K (85%)
----------------- Invoking toplevel() on ptolemy.moml.MoMLSimpleApplication@7eb4890d
----------------- Done invoking toplevel() on ptolemy.moml.MoMLSimpleApplication@7eb4890d
reloadAllAccessors: .NilTokenTypeTest

===========================================================================================
----------------- testing Sat Apr 04 13:48:24 UTC 2020 /home/travis/build/icyphy/ptII/ptolemy/actor/lib/test/auto/ObjectToken1.xml
----------------- Instantiating /home/travis/build/icyphy/ptII/ptolemy/actor/lib/test/auto/ObjectToken1.xml
2 ms. Memory: 545792K Free: 460286K (84%)
----------------- Invoking toplevel() on ptolemy.moml.MoMLSimpleApplication@38cbbc4b
----------------- Done invoking toplevel() on ptolemy.moml.MoMLSimpleApplication@38cbbc4b
reloadAllAccessors: .ObjectToken1

===========================================================================================
----------------- testing Sat Apr 04 13:48:24 UTC 2020 /home/travis/build/icyphy/ptII/ptolemy/actor/lib/test/auto/OrderedMerge.xml
----------------- Instantiating /home/travis/build/icyphy/ptII/ptolemy/actor/lib/test/auto/OrderedMerge.xml
6 ms. Memory: 545792K Free: 454656K (83%)
----------------- Invoking toplevel() on ptolemy.moml.MoMLSimpleApplication@781139e4
----------------- Done invoking toplevel() on ptolemy.moml.MoMLSimpleApplication@781139e4
reloadAllAccessors: .OrderedMerge

===========================================================================================
----------------- testing Sat Apr 04 13:48:24 UTC 2020 /home/travis/build/icyphy/ptII/ptolemy/actor/lib/test/auto/OrderedRecordDisassembler.xml
----------------- Instantiating /home/travis/build/icyphy/ptII/ptolemy/actor/lib/test/auto/OrderedRecordDisassembler.xml
2 ms. Memory: 545792K Free: 449536K (82%)
----------------- Invoking toplevel() on ptolemy.moml.MoMLSimpleApplication@2636dc16
----------------- Done invoking toplevel() on ptolemy.moml.MoMLSimpleApplication@2636dc16
reloadAllAccessors: .OrderedRecordDisassembler

===========================================================================================
----------------- testing Sat Apr 04 13:48:24 UTC 2020 /home/travis/build/icyphy/ptII/ptolemy/actor/lib/test/auto/OrderedRecordDisassembler2.xml
----------------- Instantiating /home/travis/build/icyphy/ptII/ptolemy/actor/lib/test/auto/OrderedRecordDisassembler2.xml
3 ms. Memory: 545792K Free: 442368K (81%)
----------------- Invoking toplevel() on ptolemy.moml.MoMLSimpleApplication@3abe901d
----------------- Done invoking toplevel() on ptolemy.moml.MoMLSimpleApplication@3abe901d
reloadAllAccessors: .OrderedRecordDisassembler2

===========================================================================================
----------------- testing Sat Apr 04 13:48:24 UTC 2020 /home/travis/build/icyphy/ptII/ptolemy/actor/lib/test/auto/OrderedRecordUpdater.xml
----------------- Instantiating /home/travis/build/icyphy/ptII/ptolemy/actor/lib/test/auto/OrderedRecordUpdater.xml
2 ms. Memory: 545792K Free: 437758K (80%)
----------------- Invoking toplevel() on ptolemy.moml.MoMLSimpleApplication@580f4c4e
----------------- Done invoking toplevel() on ptolemy.moml.MoMLSimpleApplication@580f4c4e
reloadAllAccessors: .RecordUpdater

===========================================================================================
----------------- testing Sat Apr 04 13:48:24 UTC 2020 /home/travis/build/icyphy/ptII/ptolemy/actor/lib/test/auto/OrderedRecordUpdater2.xml
----------------- Instantiating /home/travis/build/icyphy/ptII/ptolemy/actor/lib/test/auto/OrderedRecordUpdater2.xml
2 ms. Memory: 545792K Free: 432638K (79%)
----------------- Invoking toplevel() on ptolemy.moml.MoMLSimpleApplication@31c0769e
----------------- Done invoking toplevel() on ptolemy.moml.MoMLSimpleApplication@31c0769e
reloadAllAccessors: .RecordUpdater2

===========================================================================================
----------------- testing Sat Apr 04 13:48:24 UTC 2020 /home/travis/build/icyphy/ptII/ptolemy/actor/lib/test/auto/PhaseUnwrap.xml
----------------- Instantiating /home/travis/build/icyphy/ptII/ptolemy/actor/lib/test/auto/PhaseUnwrap.xml
1 ms. Memory: 545792K Free: 428032K (78%)
----------------- Invoking toplevel() on ptolemy.moml.MoMLSimpleApplication@42629296
----------------- Done invoking toplevel() on ptolemy.moml.MoMLSimpleApplication@42629296
reloadAllAccessors: .PhaseUnwrap

===========================================================================================
----------------- testing Sat Apr 04 13:48:24 UTC 2020 /home/travis/build/icyphy/ptII/ptolemy/actor/lib/test/auto/PoissonClock.xml
----------------- Instantiating /home/travis/build/icyphy/ptII/ptolemy/actor/lib/test/auto/PoissonClock.xml
1 ms. Memory: 545792K Free: 423936K (78%)
----------------- Invoking toplevel() on ptolemy.moml.MoMLSimpleApplication@355045e3
----------------- Done invoking toplevel() on ptolemy.moml.MoMLSimpleApplication@355045e3
reloadAllAccessors: .PoissonClock

===========================================================================================
----------------- testing Sat Apr 04 13:48:24 UTC 2020 /home/travis/build/icyphy/ptII/ptolemy/actor/lib/test/auto/PoissonClock2.xml
----------------- Instantiating /home/travis/build/icyphy/ptII/ptolemy/actor/lib/test/auto/PoissonClock2.xml
1 ms. Memory: 545792K Free: 419326K (77%)
----------------- Invoking toplevel() on ptolemy.moml.MoMLSimpleApplication@1ac0b913
----------------- Done invoking toplevel() on ptolemy.moml.MoMLSimpleApplication@1ac0b913
reloadAllAccessors: .PoissonClock2

===========================================================================================
----------------- testing Sat Apr 04 13:48:24 UTC 2020 /home/travis/build/icyphy/ptII/ptolemy/actor/lib/test/auto/PoissonClock3.xml
----------------- Instantiating /home/travis/build/icyphy/ptII/ptolemy/actor/lib/test/auto/PoissonClock3.xml
1 ms. Memory: 545792K Free: 414720K (76%)
----------------- Invoking toplevel() on ptolemy.moml.MoMLSimpleApplication@1bc9a61f
----------------- Done invoking toplevel() on ptolemy.moml.MoMLSimpleApplication@1bc9a61f
reloadAllAccessors: .PoissonClock3

===========================================================================================
----------------- testing Sat Apr 04 13:48:24 UTC 2020 /home/travis/build/icyphy/ptII/ptolemy/actor/lib/test/auto/PubSubWithInitialTokens.xml
----------------- Instantiating /home/travis/build/icyphy/ptII/ptolemy/actor/lib/test/auto/PubSubWithInitialTokens.xml
2 ms. Memory: 545792K Free: 409055K (75%)
----------------- Invoking toplevel() on ptolemy.moml.MoMLSimpleApplication@20516170
----------------- Done invoking toplevel() on ptolemy.moml.MoMLSimpleApplication@20516170
reloadAllAccessors: .PubSubWithInitialTokens

===========================================================================================
----------------- testing Sat Apr 04 13:48:24 UTC 2020 /home/travis/build/icyphy/ptII/ptolemy/actor/lib/test/auto/PubSubWithInitialTokens2.xml
----------------- Instantiating /home/travis/build/icyphy/ptII/ptolemy/actor/lib/test/auto/PubSubWithInitialTokens2.xml
2 ms. Memory: 545792K Free: 402935K (74%)
----------------- Invoking toplevel() on ptolemy.moml.MoMLSimpleApplication@72bca7f
----------------- Done invoking toplevel() on ptolemy.moml.MoMLSimpleApplication@72bca7f
reloadAllAccessors: .PubSubWithInitialTokens2

===========================================================================================
----------------- testing Sat Apr 04 13:48:24 UTC 2020 /home/travis/build/icyphy/ptII/ptolemy/actor/lib/test/auto/PublisherClassNoParameter.xml
----------------- Instantiating /home/travis/build/icyphy/ptII/ptolemy/actor/lib/test/auto/PublisherClassNoParameter.xml
1 ms. Memory: 545792K Free: 393216K (72%)
----------------- Invoking toplevel() on ptolemy.moml.MoMLSimpleApplication@b51e044
----------------- Done invoking toplevel() on ptolemy.moml.MoMLSimpleApplication@b51e044
reloadAllAccessors: .PublisherClassNoParameter

===========================================================================================
----------------- testing Sat Apr 04 13:48:24 UTC 2020 /home/travis/build/icyphy/ptII/ptolemy/actor/lib/test/auto/PublisherClassParameter.xml
----------------- Instantiating /home/travis/build/icyphy/ptII/ptolemy/actor/lib/test/auto/PublisherClassParameter.xml
2 ms. Memory: 545792K Free: 383471K (70%)
----------------- Invoking toplevel() on ptolemy.moml.MoMLSimpleApplication@d89613a
----------------- Done invoking toplevel() on ptolemy.moml.MoMLSimpleApplication@d89613a
reloadAllAccessors: .PublisherClassParameter

===========================================================================================
----------------- testing Sat Apr 04 13:48:24 UTC 2020 /home/travis/build/icyphy/ptII/ptolemy/actor/lib/test/auto/PublisherNonStrictTest.xml
----------------- Instantiating /home/travis/build/icyphy/ptII/ptolemy/actor/lib/test/auto/PublisherNonStrictTest.xml
3 ms. Memory: 545792K Free: 375808K (69%)
----------------- Invoking toplevel() on ptolemy.moml.MoMLSimpleApplication@18e8a6fb
----------------- Done invoking toplevel() on ptolemy.moml.MoMLSimpleApplication@18e8a6fb
reloadAllAccessors: .PublisherNonStrictTest

===========================================================================================
----------------- testing Sat Apr 04 13:48:24 UTC 2020 /home/travis/build/icyphy/ptII/ptolemy/actor/lib/test/auto/PublisherPort1.xml
----------------- Instantiating /home/travis/build/icyphy/ptII/ptolemy/actor/lib/test/auto/PublisherPort1.xml
3 ms. Memory: 545792K Free: 370143K (68%)
----------------- Invoking toplevel() on ptolemy.moml.MoMLSimpleApplication@4361615c
----------------- Done invoking toplevel() on ptolemy.moml.MoMLSimpleApplication@4361615c
reloadAllAccessors: .PublisherPort1

===========================================================================================
----------------- testing Sat Apr 04 13:48:24 UTC 2020 /home/travis/build/icyphy/ptII/ptolemy/actor/lib/test/auto/PublisherPort2.xml
----------------- Instantiating /home/travis/build/icyphy/ptII/ptolemy/actor/lib/test/auto/PublisherPort2.xml
1 ms. Memory: 545792K Free: 365054K (67%)
----------------- Invoking toplevel() on ptolemy.moml.MoMLSimpleApplication@e95fdf8
----------------- Done invoking toplevel() on ptolemy.moml.MoMLSimpleApplication@e95fdf8
reloadAllAccessors: .PublisherPort2

===========================================================================================
----------------- testing Sat Apr 04 13:48:24 UTC 2020 /home/travis/build/icyphy/ptII/ptolemy/actor/lib/test/auto/PublisherPort3.xml
----------------- Instantiating /home/travis/build/icyphy/ptII/ptolemy/actor/lib/test/auto/PublisherPort3.xml
10 ms. Memory: 545792K Free: 358400K (66%)
----------------- Invoking toplevel() on ptolemy.moml.MoMLSimpleApplication@30d7bdfb
----------------- Done invoking toplevel() on ptolemy.moml.MoMLSimpleApplication@30d7bdfb
reloadAllAccessors: .PublisherPort3

===========================================================================================
----------------- testing Sat Apr 04 13:48:24 UTC 2020 /home/travis/build/icyphy/ptII/ptolemy/actor/lib/test/auto/PublisherPort4.xml
----------------- Instantiating /home/travis/build/icyphy/ptII/ptolemy/actor/lib/test/auto/PublisherPort4.xml
2 ms. Memory: 545792K Free: 352751K (65%)
----------------- Invoking toplevel() on ptolemy.moml.MoMLSimpleApplication@4ef4d7aa
----------------- Done invoking toplevel() on ptolemy.moml.MoMLSimpleApplication@4ef4d7aa
reloadAllAccessors: .PublisherPort4

===========================================================================================
----------------- testing Sat Apr 04 13:48:24 UTC 2020 /home/travis/build/icyphy/ptII/ptolemy/actor/lib/test/auto/PublisherPort5.xml
----------------- Instantiating /home/travis/build/icyphy/ptII/ptolemy/actor/lib/test/auto/PublisherPort5.xml
5 ms. Memory: 545792K Free: 345088K (63%)
----------------- Invoking toplevel() on ptolemy.moml.MoMLSimpleApplication@2ff631bb
----------------- Done invoking toplevel() on ptolemy.moml.MoMLSimpleApplication@2ff631bb
reloadAllAccessors: .PublisherPort5

===========================================================================================
----------------- testing Sat Apr 04 13:48:24 UTC 2020 /home/travis/build/icyphy/ptII/ptolemy/actor/lib/test/auto/PublisherPort5LookAlike.xml
----------------- Instantiating /home/travis/build/icyphy/ptII/ptolemy/actor/lib/test/auto/PublisherPort5LookAlike.xml
7 ms. Memory: 545792K Free: 337399K (62%)
----------------- Invoking toplevel() on ptolemy.moml.MoMLSimpleApplication@b3b5483
----------------- Done invoking toplevel() on ptolemy.moml.MoMLSimpleApplication@b3b5483
reloadAllAccessors: .PublisherPort5LookAlike

===========================================================================================
----------------- testing Sat Apr 04 13:48:24 UTC 2020 /home/travis/build/icyphy/ptII/ptolemy/actor/lib/test/auto/PublisherPort6.xml
----------------- Instantiating /home/travis/build/icyphy/ptII/ptolemy/actor/lib/test/auto/PublisherPort6.xml
2 ms. Memory: 545792K Free: 330752K (61%)
----------------- Invoking toplevel() on ptolemy.moml.MoMLSimpleApplication@22204150
----------------- Done invoking toplevel() on ptolemy.moml.MoMLSimpleApplication@22204150
reloadAllAccessors: .PublisherPort6

===========================================================================================
----------------- testing Sat Apr 04 13:48:24 UTC 2020 /home/travis/build/icyphy/ptII/ptolemy/actor/lib/test/auto/PublisherPort7.xml
----------------- Instantiating /home/travis/build/icyphy/ptII/ptolemy/actor/lib/test/auto/PublisherPort7.xml
4 ms. Memory: 545792K Free: 323070K (59%)
----------------- Invoking toplevel() on ptolemy.moml.MoMLSimpleApplication@77289a8c
----------------- Done invoking toplevel() on ptolemy.moml.MoMLSimpleApplication@77289a8c
reloadAllAccessors: .PublisherPort7

===========================================================================================
----------------- testing Sat Apr 04 13:48:24 UTC 2020 /home/travis/build/icyphy/ptII/ptolemy/actor/lib/test/auto/PublisherPort8.xml
----------------- Instantiating /home/travis/build/icyphy/ptII/ptolemy/actor/lib/test/auto/PublisherPort8.xml
4 ms. Memory: 545792K Free: 314368K (58%)
----------------- Invoking toplevel() on ptolemy.moml.MoMLSimpleApplication@60ad76fd
----------------- Done invoking toplevel() on ptolemy.moml.MoMLSimpleApplication@60ad76fd
reloadAllAccessors: .PublisherPort8

===========================================================================================
----------------- testing Sat Apr 04 13:48:24 UTC 2020 /home/travis/build/icyphy/ptII/ptolemy/actor/lib/test/auto/PublisherPortSubscriberChannelVariablesAOC2.xml
----------------- Instantiating /home/travis/build/icyphy/ptII/ptolemy/actor/lib/test/auto/PublisherPortSubscriberChannelVariablesAOC2.xml
3 ms. Memory: 545792K Free: 296439K (54%)
----------------- Invoking toplevel() on ptolemy.moml.MoMLSimpleApplication@73abeef2
----------------- Done invoking toplevel() on ptolemy.moml.MoMLSimpleApplication@73abeef2
reloadAllAccessors: .PublisherPortSubscriberChannelVariablesAOC2

===========================================================================================
----------------- testing Sat Apr 04 13:48:24 UTC 2020 /home/travis/build/icyphy/ptII/ptolemy/actor/lib/test/auto/PublisherPortSubscriberOpaqueWidthInference.xml
----------------- Instantiating /home/travis/build/icyphy/ptII/ptolemy/actor/lib/test/auto/PublisherPortSubscriberOpaqueWidthInference.xml
3 ms. Memory: 545792K Free: 288239K (53%)
----------------- Invoking toplevel() on ptolemy.moml.MoMLSimpleApplication@200d01
----------------- Done invoking toplevel() on ptolemy.moml.MoMLSimpleApplication@200d01
reloadAllAccessors: .PublisherPortSubscriberOpaqueWidthInference

===========================================================================================
----------------- testing Sat Apr 04 13:48:24 UTC 2020 /home/travis/build/icyphy/ptII/ptolemy/actor/lib/test/auto/PublisherPortSubscriberPortAdjacent.xml
----------------- Instantiating /home/travis/build/icyphy/ptII/ptolemy/actor/lib/test/auto/PublisherPortSubscriberPortAdjacent.xml
2 ms. Memory: 545792K Free: 280062K (51%)
----------------- Invoking toplevel() on ptolemy.moml.MoMLSimpleApplication@2c1feaf3
----------------- Done invoking toplevel() on ptolemy.moml.MoMLSimpleApplication@2c1feaf3
reloadAllAccessors: .PublisherPortSubscriberPortAdjacent

===========================================================================================
----------------- testing Sat Apr 04 13:48:24 UTC 2020 /home/travis/build/icyphy/ptII/ptolemy/actor/lib/test/auto/PublisherPortSubscriberPortExpression.xml
----------------- Instantiating /home/travis/build/icyphy/ptII/ptolemy/actor/lib/test/auto/PublisherPortSubscriberPortExpression.xml
3 ms. Memory: 545792K Free: 272384K (50%)
----------------- Invoking toplevel() on ptolemy.moml.MoMLSimpleApplication@2ff50346
----------------- Done invoking toplevel() on ptolemy.moml.MoMLSimpleApplication@2ff50346
reloadAllAccessors: .PublisherPortSubscriberPortExpression

===========================================================================================
----------------- testing Sat Apr 04 13:48:24 UTC 2020 /home/travis/build/icyphy/ptII/ptolemy/actor/lib/test/auto/PublisherPortSubscriberPortOpaqueD3Reverse.xml
----------------- Instantiating /home/travis/build/icyphy/ptII/ptolemy/actor/lib/test/auto/PublisherPortSubscriberPortOpaqueD3Reverse.xml
5 ms. Memory: 545792K Free: 262654K (48%)
----------------- Invoking toplevel() on ptolemy.moml.MoMLSimpleApplication@2aeed7c6
----------------- Done invoking toplevel() on ptolemy.moml.MoMLSimpleApplication@2aeed7c6
reloadAllAccessors: .PublisherPortSubscriberPortOpaqueD3Reverse

===========================================================================================
----------------- testing Sat Apr 04 13:48:24 UTC 2020 /home/travis/build/icyphy/ptII/ptolemy/actor/lib/test/auto/PublisherPortSubscriberPortOpaqueWidthInference.xml
----------------- Instantiating /home/travis/build/icyphy/ptII/ptolemy/actor/lib/test/auto/PublisherPortSubscriberPortOpaqueWidthInference.xml
3 ms. Memory: 545792K Free: 254976K (47%)
----------------- Invoking toplevel() on ptolemy.moml.MoMLSimpleApplication@6473a841
----------------- Done invoking toplevel() on ptolemy.moml.MoMLSimpleApplication@6473a841
reloadAllAccessors: .PublisherPortSubscriberPortOpaqueWidthInference

===========================================================================================
----------------- testing Sat Apr 04 13:48:24 UTC 2020 /home/travis/build/icyphy/ptII/ptolemy/actor/lib/test/auto/PublisherPortToplevelSubscriberPortAOC.xml
----------------- Instantiating /home/travis/build/icyphy/ptII/ptolemy/actor/lib/test/auto/PublisherPortToplevelSubscriberPortAOC.xml
.PublisherPortToplevelSubscriberPortAOC.TestExceptionAttribute: initialize() was not invoked, but wrapup() was.  This is unusual, but not always a problem.  For example, exporting JNLP will do this.
1 ms. Memory: 545792K Free: 248832K (46%)
----------------- Invoking toplevel() on ptolemy.moml.MoMLSimpleApplication@1d55e8a1
----------------- Done invoking toplevel() on ptolemy.moml.MoMLSimpleApplication@1d55e8a1
reloadAllAccessors: .PublisherPortToplevelSubscriberPortAOC

===========================================================================================
----------------- testing Sat Apr 04 13:48:24 UTC 2020 /home/travis/build/icyphy/ptII/ptolemy/actor/lib/test/auto/PublisherSubscriber.xml
----------------- Instantiating /home/travis/build/icyphy/ptII/ptolemy/actor/lib/test/auto/PublisherSubscriber.xml
3 ms. Memory: 545792K Free: 241119K (44%)
----------------- Invoking toplevel() on ptolemy.moml.MoMLSimpleApplication@41f5c857
----------------- Done invoking toplevel() on ptolemy.moml.MoMLSimpleApplication@41f5c857
reloadAllAccessors: .PublisherSubscriber

===========================================================================================
----------------- testing Sat Apr 04 13:48:24 UTC 2020 /home/travis/build/icyphy/ptII/ptolemy/actor/lib/test/auto/PublisherSubscriber10.xml
----------------- Instantiating /home/travis/build/icyphy/ptII/ptolemy/actor/lib/test/auto/PublisherSubscriber10.xml
6 ms. Memory: 545792K Free: 231424K (42%)
----------------- Invoking toplevel() on ptolemy.moml.MoMLSimpleApplication@88edee6
----------------- Done invoking toplevel() on ptolemy.moml.MoMLSimpleApplication@88edee6
reloadAllAccessors: .PublisherSubscriber10

===========================================================================================
----------------- testing Sat Apr 04 13:48:24 UTC 2020 /home/travis/build/icyphy/ptII/ptolemy/actor/lib/test/auto/PublisherSubscriber10InitialOutputs.xml
----------------- Instantiating /home/travis/build/icyphy/ptII/ptolemy/actor/lib/test/auto/PublisherSubscriber10InitialOutputs.xml
14 ms. Memory: 545792K Free: 222208K (41%)
----------------- Invoking toplevel() on ptolemy.moml.MoMLSimpleApplication@51e5451a
----------------- Done invoking toplevel() on ptolemy.moml.MoMLSimpleApplication@51e5451a
reloadAllAccessors: .PublisherSubscriber10InitialOutputs

===========================================================================================
----------------- testing Sat Apr 04 13:48:24 UTC 2020 /home/travis/build/icyphy/ptII/ptolemy/actor/lib/test/auto/PublisherSubscriber11.xml
----------------- Instantiating /home/travis/build/icyphy/ptII/ptolemy/actor/lib/test/auto/PublisherSubscriber11.xml
3 ms. Memory: 545792K Free: 216064K (40%)
----------------- Invoking toplevel() on ptolemy.moml.MoMLSimpleApplication@4101ac8f
----------------- Done invoking toplevel() on ptolemy.moml.MoMLSimpleApplication@4101ac8f
reloadAllAccessors: .PublisherSubscriber11

===========================================================================================
----------------- testing Sat Apr 04 13:48:24 UTC 2020 /home/travis/build/icyphy/ptII/ptolemy/actor/lib/test/auto/PublisherSubscriber12.xml
----------------- Instantiating /home/travis/build/icyphy/ptII/ptolemy/actor/lib/test/auto/PublisherSubscriber12.xml
4 ms. Memory: 545792K Free: 208896K (38%)
----------------- Invoking toplevel() on ptolemy.moml.MoMLSimpleApplication@7ad1e44f
----------------- Done invoking toplevel() on ptolemy.moml.MoMLSimpleApplication@7ad1e44f
reloadAllAccessors: .PublisherSubscriber12

===========================================================================================
----------------- testing Sat Apr 04 13:48:24 UTC 2020 /home/travis/build/icyphy/ptII/ptolemy/actor/lib/test/auto/PublisherSubscriber13.xml
----------------- Instantiating /home/travis/build/icyphy/ptII/ptolemy/actor/lib/test/auto/PublisherSubscriber13.xml
2 ms. Memory: 545792K Free: 203231K (37%)
----------------- Invoking toplevel() on ptolemy.moml.MoMLSimpleApplication@33cd629b
----------------- Done invoking toplevel() on ptolemy.moml.MoMLSimpleApplication@33cd629b
reloadAllAccessors: .PublisherSubscriber13

===========================================================================================
----------------- testing Sat Apr 04 13:48:24 UTC 2020 /home/travis/build/icyphy/ptII/ptolemy/actor/lib/test/auto/PublisherSubscriber14.xml
----------------- Instantiating /home/travis/build/icyphy/ptII/ptolemy/actor/lib/test/auto/PublisherSubscriber14.xml
2 ms. Memory: 545792K Free: 194560K (36%)
----------------- Invoking toplevel() on ptolemy.moml.MoMLSimpleApplication@70e0c16c
----------------- Done invoking toplevel() on ptolemy.moml.MoMLSimpleApplication@70e0c16c
reloadAllAccessors: .PublisherSubscriber14

===========================================================================================
----------------- testing Sat Apr 04 13:48:24 UTC 2020 /home/travis/build/icyphy/ptII/ptolemy/actor/lib/test/auto/PublisherSubscriber2.xml
----------------- Instantiating /home/travis/build/icyphy/ptII/ptolemy/actor/lib/test/auto/PublisherSubscriber2.xml
3 ms. Memory: 545792K Free: 188911K (35%)
----------------- Invoking toplevel() on ptolemy.moml.MoMLSimpleApplication@1112a74e
----------------- Done invoking toplevel() on ptolemy.moml.MoMLSimpleApplication@1112a74e
reloadAllAccessors: .PublisherSubscriber2

===========================================================================================
----------------- testing Sat Apr 04 13:48:24 UTC 2020 /home/travis/build/icyphy/ptII/ptolemy/actor/lib/test/auto/PublisherSubscriber3.xml
----------------- Instantiating /home/travis/build/icyphy/ptII/ptolemy/actor/lib/test/auto/PublisherSubscriber3.xml
1 ms. Memory: 545792K Free: 183296K (34%)
----------------- Invoking toplevel() on ptolemy.moml.MoMLSimpleApplication@48847bb7
----------------- Done invoking toplevel() on ptolemy.moml.MoMLSimpleApplication@48847bb7
reloadAllAccessors: .PublisherSubscriber3

===========================================================================================
----------------- testing Sat Apr 04 13:48:24 UTC 2020 /home/travis/build/icyphy/ptII/ptolemy/actor/lib/test/auto/PublisherSubscriber4.xml
----------------- Instantiating /home/travis/build/icyphy/ptII/ptolemy/actor/lib/test/auto/PublisherSubscriber4.xml
37 ms. Memory: 545792K Free: 494080K (91%)
----------------- Invoking toplevel() on ptolemy.moml.MoMLSimpleApplication@62f51a71
----------------- Done invoking toplevel() on ptolemy.moml.MoMLSimpleApplication@62f51a71
reloadAllAccessors: .PublisherSubscriber4

===========================================================================================
----------------- testing Sat Apr 04 13:48:24 UTC 2020 /home/travis/build/icyphy/ptII/ptolemy/actor/lib/test/auto/PublisherSubscriber5.xml
----------------- Instantiating /home/travis/build/icyphy/ptII/ptolemy/actor/lib/test/auto/PublisherSubscriber5.xml
2 ms. Memory: 545792K Free: 486912K (89%)
----------------- Invoking toplevel() on ptolemy.moml.MoMLSimpleApplication@d66b30f
----------------- Done invoking toplevel() on ptolemy.moml.MoMLSimpleApplication@d66b30f
reloadAllAccessors: .PublisherSubscriber5

===========================================================================================
----------------- testing Sat Apr 04 13:48:24 UTC 2020 /home/travis/build/icyphy/ptII/ptolemy/actor/lib/test/auto/PublisherSubscriber6.xml
----------------- Instantiating /home/travis/build/icyphy/ptII/ptolemy/actor/lib/test/auto/PublisherSubscriber6.xml
3 ms. Memory: 545792K Free: 480247K (88%)
----------------- Invoking toplevel() on ptolemy.moml.MoMLSimpleApplication@7252632a
----------------- Done invoking toplevel() on ptolemy.moml.MoMLSimpleApplication@7252632a
reloadAllAccessors: .PublisherSubscriber6

===========================================================================================
----------------- testing Sat Apr 04 13:48:24 UTC 2020 /home/travis/build/icyphy/ptII/ptolemy/actor/lib/test/auto/PublisherSubscriber7.xml
----------------- Instantiating /home/travis/build/icyphy/ptII/ptolemy/actor/lib/test/auto/PublisherSubscriber7.xml
6 ms. Memory: 545792K Free: 473086K (87%)
----------------- Invoking toplevel() on ptolemy.moml.MoMLSimpleApplication@6383d9de
----------------- Done invoking toplevel() on ptolemy.moml.MoMLSimpleApplication@6383d9de
reloadAllAccessors: .PublisherSubscriber7

===========================================================================================
----------------- testing Sat Apr 04 13:48:24 UTC 2020 /home/travis/build/icyphy/ptII/ptolemy/actor/lib/test/auto/PublisherSubscriber8.xml
----------------- Instantiating /home/travis/build/icyphy/ptII/ptolemy/actor/lib/test/auto/PublisherSubscriber8.xml
17 ms. Memory: 545792K Free: 461312K (85%)
----------------- Invoking toplevel() on ptolemy.moml.MoMLSimpleApplication@73424db5
----------------- Done invoking toplevel() on ptolemy.moml.MoMLSimpleApplication@73424db5
reloadAllAccessors: .PublisherSubscriber8

===========================================================================================
----------------- testing Sat Apr 04 13:48:25 UTC 2020 /home/travis/build/icyphy/ptII/ptolemy/actor/lib/test/auto/PublisherSubscriber9.xml
----------------- Instantiating /home/travis/build/icyphy/ptII/ptolemy/actor/lib/test/auto/PublisherSubscriber9.xml
3 ms. Memory: 545792K Free: 454144K (83%)
----------------- Invoking toplevel() on ptolemy.moml.MoMLSimpleApplication@3e895718
----------------- Done invoking toplevel() on ptolemy.moml.MoMLSimpleApplication@3e895718
reloadAllAccessors: .PublisherSubscriber9

===========================================================================================
----------------- testing Sat Apr 04 13:48:25 UTC 2020 /home/travis/build/icyphy/ptII/ptolemy/actor/lib/test/auto/PublisherSubscriberAdjacent.xml
----------------- Instantiating /home/travis/build/icyphy/ptII/ptolemy/actor/lib/test/auto/PublisherSubscriberAdjacent.xml
2 ms. Memory: 545792K Free: 445952K (82%)
----------------- Invoking toplevel() on ptolemy.moml.MoMLSimpleApplication@7c240007
----------------- Done invoking toplevel() on ptolemy.moml.MoMLSimpleApplication@7c240007
reloadAllAccessors: .PublisherSubscriberAdjacent

===========================================================================================
----------------- testing Sat Apr 04 13:48:25 UTC 2020 /home/travis/build/icyphy/ptII/ptolemy/actor/lib/test/auto/PublisherSubscriberChannelVariablesAOC2.xml
----------------- Instantiating /home/travis/build/icyphy/ptII/ptolemy/actor/lib/test/auto/PublisherSubscriberChannelVariablesAOC2.xml
2 ms. Memory: 545792K Free: 431616K (79%)
----------------- Invoking toplevel() on ptolemy.moml.MoMLSimpleApplication@5d83f826
----------------- Done invoking toplevel() on ptolemy.moml.MoMLSimpleApplication@5d83f826
reloadAllAccessors: .PublisherSubscriberChannelVariablesAOC2

===========================================================================================
----------------- testing Sat Apr 04 13:48:25 UTC 2020 /home/travis/build/icyphy/ptII/ptolemy/actor/lib/test/auto/PublisherSubscriberD3.xml
----------------- Instantiating /home/travis/build/icyphy/ptII/ptolemy/actor/lib/test/auto/PublisherSubscriberD3.xml
2 ms. Memory: 545792K Free: 424448K (78%)
----------------- Invoking toplevel() on ptolemy.moml.MoMLSimpleApplication@1c05e8cb
----------------- Done invoking toplevel() on ptolemy.moml.MoMLSimpleApplication@1c05e8cb
reloadAllAccessors: .PublisherSubscriberD3

===========================================================================================
----------------- testing Sat Apr 04 13:48:25 UTC 2020 /home/travis/build/icyphy/ptII/ptolemy/actor/lib/test/auto/PublisherSubscriberD3Reverse.xml
----------------- Instantiating /home/travis/build/icyphy/ptII/ptolemy/actor/lib/test/auto/PublisherSubscriberD3Reverse.xml
1 ms. Memory: 545792K Free: 418304K (77%)
----------------- Invoking toplevel() on ptolemy.moml.MoMLSimpleApplication@19e2002f
----------------- Done invoking toplevel() on ptolemy.moml.MoMLSimpleApplication@19e2002f
reloadAllAccessors: .PublisherSubscriberD3Reverse

===========================================================================================
----------------- testing Sat Apr 04 13:48:25 UTC 2020 /home/travis/build/icyphy/ptII/ptolemy/actor/lib/test/auto/PublisherSubscriberExpression.xml
----------------- Instantiating /home/travis/build/icyphy/ptII/ptolemy/actor/lib/test/auto/PublisherSubscriberExpression.xml
4 ms. Memory: 545792K Free: 410112K (75%)
----------------- Invoking toplevel() on ptolemy.moml.MoMLSimpleApplication@4ebfbbad
----------------- Done invoking toplevel() on ptolemy.moml.MoMLSimpleApplication@4ebfbbad
reloadAllAccessors: .PublisherSubscriberExpression

===========================================================================================
----------------- testing Sat Apr 04 13:48:25 UTC 2020 /home/travis/build/icyphy/ptII/ptolemy/actor/lib/test/auto/PublisherSubscriberOpaque.xml
----------------- Instantiating /home/travis/build/icyphy/ptII/ptolemy/actor/lib/test/auto/PublisherSubscriberOpaque.xml
4 ms. Memory: 545792K Free: 401920K (74%)
----------------- Invoking toplevel() on ptolemy.moml.MoMLSimpleApplication@7ce354aa
----------------- Done invoking toplevel() on ptolemy.moml.MoMLSimpleApplication@7ce354aa
reloadAllAccessors: .PublisherSubscriberOpaque

===========================================================================================
----------------- testing Sat Apr 04 13:48:25 UTC 2020 /home/travis/build/icyphy/ptII/ptolemy/actor/lib/test/auto/PublisherSubscriberOpaqueD3.xml
----------------- Instantiating /home/travis/build/icyphy/ptII/ptolemy/actor/lib/test/auto/PublisherSubscriberOpaqueD3.xml
6 ms. Memory: 545792K Free: 390656K (72%)
----------------- Invoking toplevel() on ptolemy.moml.MoMLSimpleApplication@29a4f31e
----------------- Done invoking toplevel() on ptolemy.moml.MoMLSimpleApplication@29a4f31e
reloadAllAccessors: .PublisherSubscriberOpaqueD3

===========================================================================================
----------------- testing Sat Apr 04 13:48:25 UTC 2020 /home/travis/build/icyphy/ptII/ptolemy/actor/lib/test/auto/PublisherSubscriberOpaqueD3Reverse.xml
----------------- Instantiating /home/travis/build/icyphy/ptII/ptolemy/actor/lib/test/auto/PublisherSubscriberOpaqueD3Reverse.xml
8 ms. Memory: 545792K Free: 379902K (70%)
----------------- Invoking toplevel() on ptolemy.moml.MoMLSimpleApplication@37edf215
----------------- Done invoking toplevel() on ptolemy.moml.MoMLSimpleApplication@37edf215
reloadAllAccessors: .PublisherSubscriberOpaqueD3Reverse

===========================================================================================
----------------- testing Sat Apr 04 13:48:25 UTC 2020 /home/travis/build/icyphy/ptII/ptolemy/actor/lib/test/auto/PublisherSubscriberOpaqueWidthInference.xml
----------------- Instantiating /home/travis/build/icyphy/ptII/ptolemy/actor/lib/test/auto/PublisherSubscriberOpaqueWidthInference.xml
4 ms. Memory: 545792K Free: 371695K (68%)
----------------- Invoking toplevel() on ptolemy.moml.MoMLSimpleApplication@71475ca8
----------------- Done invoking toplevel() on ptolemy.moml.MoMLSimpleApplication@71475ca8
reloadAllAccessors: .PublisherSubscriberOpaqueWidthInference

===========================================================================================
----------------- testing Sat Apr 04 13:48:25 UTC 2020 /home/travis/build/icyphy/ptII/ptolemy/actor/lib/test/auto/PublisherTestSubscriber.xml
----------------- Instantiating /home/travis/build/icyphy/ptII/ptolemy/actor/lib/test/auto/PublisherTestSubscriber.xml
3 ms. Memory: 545792K Free: 364032K (67%)
----------------- Invoking toplevel() on ptolemy.moml.MoMLSimpleApplication@6159adcd
----------------- Done invoking toplevel() on ptolemy.moml.MoMLSimpleApplication@6159adcd
reloadAllAccessors: .PublisherTestSubscriber

===========================================================================================
----------------- testing Sat Apr 04 13:48:25 UTC 2020 /home/travis/build/icyphy/ptII/ptolemy/actor/lib/test/auto/PublisherToplevelSubscriberPortAOC.xml
----------------- Instantiating /home/travis/build/icyphy/ptII/ptolemy/actor/lib/test/auto/PublisherToplevelSubscriberPortAOC.xml
2 ms. Memory: 545792K Free: 357359K (65%)
----------------- Invoking toplevel() on ptolemy.moml.MoMLSimpleApplication@669f0ab2
----------------- Done invoking toplevel() on ptolemy.moml.MoMLSimpleApplication@669f0ab2
reloadAllAccessors: .PublisherToplevelSubscriberPortAOC

===========================================================================================
----------------- testing Sat Apr 04 13:48:25 UTC 2020 /home/travis/build/icyphy/ptII/ptolemy/actor/lib/test/auto/PulseFiringLimitDE.xml
----------------- Instantiating /home/travis/build/icyphy/ptII/ptolemy/actor/lib/test/auto/PulseFiringLimitDE.xml
2 ms. Memory: 545792K Free: 351230K (64%)
----------------- Invoking toplevel() on ptolemy.moml.MoMLSimpleApplication@5046f966
----------------- Done invoking toplevel() on ptolemy.moml.MoMLSimpleApplication@5046f966
reloadAllAccessors: .PulseFiringLimitDE

===========================================================================================
----------------- testing Sat Apr 04 13:48:25 UTC 2020 /home/travis/build/icyphy/ptII/ptolemy/actor/lib/test/auto/Ramp1.xml
----------------- Instantiating /home/travis/build/icyphy/ptII/ptolemy/actor/lib/test/auto/Ramp1.xml
2 ms. Memory: 545792K Free: 347127K (64%)
----------------- Invoking toplevel() on ptolemy.moml.MoMLSimpleApplication@5565c797
----------------- Done invoking toplevel() on ptolemy.moml.MoMLSimpleApplication@5565c797
reloadAllAccessors: .Ramp1

===========================================================================================
----------------- testing Sat Apr 04 13:48:25 UTC 2020 /home/travis/build/icyphy/ptII/ptolemy/actor/lib/test/auto/RampFiringLimitDE.xml
----------------- Instantiating /home/travis/build/icyphy/ptII/ptolemy/actor/lib/test/auto/RampFiringLimitDE.xml
1 ms. Memory: 545792K Free: 340975K (62%)
----------------- Invoking toplevel() on ptolemy.moml.MoMLSimpleApplication@506572dc
----------------- Done invoking toplevel() on ptolemy.moml.MoMLSimpleApplication@506572dc
reloadAllAccessors: .RampFiringLimitDE

===========================================================================================
----------------- testing Sat Apr 04 13:48:25 UTC 2020 /home/travis/build/icyphy/ptII/ptolemy/actor/lib/test/auto/RampFiringLimitSDF.xml
----------------- Instantiating /home/travis/build/icyphy/ptII/ptolemy/actor/lib/test/auto/RampFiringLimitSDF.xml
1 ms. Memory: 545792K Free: 335839K (62%)
----------------- Invoking toplevel() on ptolemy.moml.MoMLSimpleApplication@2509322f
----------------- Done invoking toplevel() on ptolemy.moml.MoMLSimpleApplication@2509322f
reloadAllAccessors: .RampFiringLimitSDF

===========================================================================================
----------------- testing Sat Apr 04 13:48:25 UTC 2020 /home/travis/build/icyphy/ptII/ptolemy/actor/lib/test/auto/RandomInteger.xml
----------------- Instantiating /home/travis/build/icyphy/ptII/ptolemy/actor/lib/test/auto/RandomInteger.xml
1 ms. Memory: 545792K Free: 331774K (61%)
----------------- Invoking toplevel() on ptolemy.moml.MoMLSimpleApplication@59819825
----------------- Done invoking toplevel() on ptolemy.moml.MoMLSimpleApplication@59819825
reloadAllAccessors: .RandomInteger

===========================================================================================
----------------- testing Sat Apr 04 13:48:25 UTC 2020 /home/travis/build/icyphy/ptII/ptolemy/actor/lib/test/auto/ReadFile1.xml
----------------- Instantiating /home/travis/build/icyphy/ptII/ptolemy/actor/lib/test/auto/ReadFile1.xml
1 ms. Memory: 545792K Free: 327168K (60%)
----------------- Invoking toplevel() on ptolemy.moml.MoMLSimpleApplication@dddb6fd
----------------- Done invoking toplevel() on ptolemy.moml.MoMLSimpleApplication@dddb6fd
reloadAllAccessors: .ReadFile1

===========================================================================================
----------------- testing Sat Apr 04 13:48:25 UTC 2020 /home/travis/build/icyphy/ptII/ptolemy/actor/lib/test/auto/ReadFile2.xml
----------------- Instantiating /home/travis/build/icyphy/ptII/ptolemy/actor/lib/test/auto/ReadFile2.xml
1 ms. Memory: 545792K Free: 323072K (59%)
----------------- Invoking toplevel() on ptolemy.moml.MoMLSimpleApplication@3608d536
----------------- Done invoking toplevel() on ptolemy.moml.MoMLSimpleApplication@3608d536
reloadAllAccessors: .ReadFile2

===========================================================================================
----------------- testing Sat Apr 04 13:48:25 UTC 2020 /home/travis/build/icyphy/ptII/ptolemy/actor/lib/test/auto/Reader.xml
----------------- Instantiating /home/travis/build/icyphy/ptII/ptolemy/actor/lib/test/auto/Reader.xml
actor.lib.Reader is obsolete, use actor.lib.io.ExpressionReader instead
3 ms. Memory: 545792K Free: 318976K (58%)
----------------- Invoking toplevel() on ptolemy.moml.MoMLSimpleApplication@74ebf175
----------------- Done invoking toplevel() on ptolemy.moml.MoMLSimpleApplication@74ebf175
reloadAllAccessors: .Reader

===========================================================================================
----------------- testing Sat Apr 04 13:48:25 UTC 2020 /home/travis/build/icyphy/ptII/ptolemy/actor/lib/test/auto/RecordAssemblerDisplayNameTest.xml
----------------- Instantiating /home/travis/build/icyphy/ptII/ptolemy/actor/lib/test/auto/RecordAssemblerDisplayNameTest.xml
3262 ms. Memory: 545792K Free: 370688K (68%)
----------------- Invoking toplevel() on ptolemy.moml.MoMLSimpleApplication@fe30826
----------------- Done invoking toplevel() on ptolemy.moml.MoMLSimpleApplication@fe30826
reloadAllAccessors: .RecordAssemblerDisplayNameTest

===========================================================================================
----------------- testing Sat Apr 04 13:48:28 UTC 2020 /home/travis/build/icyphy/ptII/ptolemy/actor/lib/test/auto/RecordAssemblerTypeError.xml
----------------- Instantiating /home/travis/build/icyphy/ptII/ptolemy/actor/lib/test/auto/RecordAssemblerTypeError.xml
18 ms. Memory: 545792K Free: 360958K (66%)
----------------- Invoking toplevel() on ptolemy.moml.MoMLSimpleApplication@49486384
----------------- Done invoking toplevel() on ptolemy.moml.MoMLSimpleApplication@49486384
reloadAllAccessors: .RecordAssemblerTypeError

===========================================================================================
----------------- testing Sat Apr 04 13:48:28 UTC 2020 /home/travis/build/icyphy/ptII/ptolemy/actor/lib/test/auto/RecordDisassember.xml
----------------- Instantiating /home/travis/build/icyphy/ptII/ptolemy/actor/lib/test/auto/RecordDisassember.xml
3 ms. Memory: 545792K Free: 356352K (65%)
----------------- Invoking toplevel() on ptolemy.moml.MoMLSimpleApplication@d63b0cb
----------------- Done invoking toplevel() on ptolemy.moml.MoMLSimpleApplication@d63b0cb
reloadAllAccessors: .RecordDisassember

===========================================================================================
----------------- testing Sat Apr 04 13:48:28 UTC 2020 /home/travis/build/icyphy/ptII/ptolemy/actor/lib/test/auto/RecordDisassemberDisplayNameTest.xml
----------------- Instantiating /home/travis/build/icyphy/ptII/ptolemy/actor/lib/test/auto/RecordDisassemberDisplayNameTest.xml
5 ms. Memory: 545792K Free: 348670K (64%)
----------------- Invoking toplevel() on ptolemy.moml.MoMLSimpleApplication@2f0e041a
----------------- Done invoking toplevel() on ptolemy.moml.MoMLSimpleApplication@2f0e041a
reloadAllAccessors: .RecordDisassemberDisplayNameTest

===========================================================================================
----------------- testing Sat Apr 04 13:48:28 UTC 2020 /home/travis/build/icyphy/ptII/ptolemy/actor/lib/test/auto/RecordDisassembler.xml
----------------- Instantiating /home/travis/build/icyphy/ptII/ptolemy/actor/lib/test/auto/RecordDisassembler.xml
2 ms. Memory: 545792K Free: 343519K (63%)
----------------- Invoking toplevel() on ptolemy.moml.MoMLSimpleApplication@71fe3217
----------------- Done invoking toplevel() on ptolemy.moml.MoMLSimpleApplication@71fe3217
reloadAllAccessors: .RecordDisassembler

===========================================================================================
----------------- testing Sat Apr 04 13:48:28 UTC 2020 /home/travis/build/icyphy/ptII/ptolemy/actor/lib/test/auto/RecordDisassembler2.xml
----------------- Instantiating /home/travis/build/icyphy/ptII/ptolemy/actor/lib/test/auto/RecordDisassembler2.xml
3 ms. Memory: 545792K Free: 338399K (62%)
----------------- Invoking toplevel() on ptolemy.moml.MoMLSimpleApplication@32f5ab5f
----------------- Done invoking toplevel() on ptolemy.moml.MoMLSimpleApplication@32f5ab5f
reloadAllAccessors: .RecordDisassembler2

===========================================================================================
----------------- testing Sat Apr 04 13:48:28 UTC 2020 /home/travis/build/icyphy/ptII/ptolemy/actor/lib/test/auto/RecordUpdater.xml
----------------- Instantiating /home/travis/build/icyphy/ptII/ptolemy/actor/lib/test/auto/RecordUpdater.xml
2 ms. Memory: 545792K Free: 332800K (61%)
----------------- Invoking toplevel() on ptolemy.moml.MoMLSimpleApplication@735b14e2
----------------- Done invoking toplevel() on ptolemy.moml.MoMLSimpleApplication@735b14e2
reloadAllAccessors: .RecordUpdater

===========================================================================================
----------------- testing Sat Apr 04 13:48:28 UTC 2020 /home/travis/build/icyphy/ptII/ptolemy/actor/lib/test/auto/RecordUpdater2.xml
----------------- Instantiating /home/travis/build/icyphy/ptII/ptolemy/actor/lib/test/auto/RecordUpdater2.xml
2 ms. Memory: 545792K Free: 328190K (60%)
----------------- Invoking toplevel() on ptolemy.moml.MoMLSimpleApplication@68fb02e8
----------------- Done invoking toplevel() on ptolemy.moml.MoMLSimpleApplication@68fb02e8
reloadAllAccessors: .RecordUpdater2

===========================================================================================
----------------- testing Sat Apr 04 13:48:28 UTC 2020 /home/travis/build/icyphy/ptII/ptolemy/actor/lib/test/auto/RecursiveLattice.xml
----------------- Instantiating /home/travis/build/icyphy/ptII/ptolemy/actor/lib/test/auto/RecursiveLattice.xml
1 ms. Memory: 545792K Free: 324094K (59%)
----------------- Invoking toplevel() on ptolemy.moml.MoMLSimpleApplication@5f727c37
----------------- Done invoking toplevel() on ptolemy.moml.MoMLSimpleApplication@5f727c37
reloadAllAccessors: .RecursiveLattice

===========================================================================================
----------------- testing Sat Apr 04 13:48:28 UTC 2020 /home/travis/build/icyphy/ptII/ptolemy/actor/lib/test/auto/Router.xml
----------------- Instantiating /home/travis/build/icyphy/ptII/ptolemy/actor/lib/test/auto/Router.xml
3003 ms. Memory: 545792K Free: 312830K (57%)
----------------- Invoking toplevel() on ptolemy.moml.MoMLSimpleApplication@12b3301e
----------------- Done invoking toplevel() on ptolemy.moml.MoMLSimpleApplication@12b3301e
reloadAllAccessors: .Router

===========================================================================================
----------------- testing Sat Apr 04 13:48:31 UTC 2020 /home/travis/build/icyphy/ptII/ptolemy/actor/lib/test/auto/Router2.xml
----------------- Instantiating /home/travis/build/icyphy/ptII/ptolemy/actor/lib/test/auto/Router2.xml
3005 ms. Memory: 545792K Free: 299518K (55%)
----------------- Invoking toplevel() on ptolemy.moml.MoMLSimpleApplication@2cb7b5a6
----------------- Done invoking toplevel() on ptolemy.moml.MoMLSimpleApplication@2cb7b5a6
reloadAllAccessors: .Router2

===========================================================================================
----------------- testing Sat Apr 04 13:48:34 UTC 2020 /home/travis/build/icyphy/ptII/ptolemy/actor/lib/test/auto/RunningMaximum.xml
----------------- Instantiating /home/travis/build/icyphy/ptII/ptolemy/actor/lib/test/auto/RunningMaximum.xml
4 ms. Memory: 545792K Free: 294912K (54%)
----------------- Invoking toplevel() on ptolemy.moml.MoMLSimpleApplication@4a5be0db
----------------- Done invoking toplevel() on ptolemy.moml.MoMLSimpleApplication@4a5be0db
reloadAllAccessors: .RunningMaximum

===========================================================================================
----------------- testing Sat Apr 04 13:48:34 UTC 2020 /home/travis/build/icyphy/ptII/ptolemy/actor/lib/test/auto/RunningMinimum.xml
----------------- Instantiating /home/travis/build/icyphy/ptII/ptolemy/actor/lib/test/auto/RunningMinimum.xml
2 ms. Memory: 545792K Free: 290302K (53%)
----------------- Invoking toplevel() on ptolemy.moml.MoMLSimpleApplication@5d94309e
----------------- Done invoking toplevel() on ptolemy.moml.MoMLSimpleApplication@5d94309e
reloadAllAccessors: .RunningMinimum

===========================================================================================
----------------- testing Sat Apr 04 13:48:34 UTC 2020 /home/travis/build/icyphy/ptII/ptolemy/actor/lib/test/auto/Scale.xml
----------------- Instantiating /home/travis/build/icyphy/ptII/ptolemy/actor/lib/test/auto/Scale.xml
2 ms. Memory: 545792K Free: 285696K (52%)
----------------- Invoking toplevel() on ptolemy.moml.MoMLSimpleApplication@4022b0c8
----------------- Done invoking toplevel() on ptolemy.moml.MoMLSimpleApplication@4022b0c8
reloadAllAccessors: .Scale

===========================================================================================
----------------- testing Sat Apr 04 13:48:34 UTC 2020 /home/travis/build/icyphy/ptII/ptolemy/actor/lib/test/auto/Scale2.xml
----------------- Instantiating /home/travis/build/icyphy/ptII/ptolemy/actor/lib/test/auto/Scale2.xml
1 ms. Memory: 545792K Free: 281086K (52%)
----------------- Invoking toplevel() on ptolemy.moml.MoMLSimpleApplication@6cf9c9b9
----------------- Done invoking toplevel() on ptolemy.moml.MoMLSimpleApplication@6cf9c9b9
reloadAllAccessors: .Scale2

===========================================================================================
----------------- testing Sat Apr 04 13:48:34 UTC 2020 /home/travis/build/icyphy/ptII/ptolemy/actor/lib/test/auto/Scale3.xml
----------------- Instantiating /home/travis/build/icyphy/ptII/ptolemy/actor/lib/test/auto/Scale3.xml
2 ms. Memory: 545792K Free: 274942K (50%)
----------------- Invoking toplevel() on ptolemy.moml.MoMLSimpleApplication@7e03995c
----------------- Done invoking toplevel() on ptolemy.moml.MoMLSimpleApplication@7e03995c
reloadAllAccessors: .Scale3

===========================================================================================
----------------- testing Sat Apr 04 13:48:34 UTC 2020 /home/travis/build/icyphy/ptII/ptolemy/actor/lib/test/auto/ScaleArray.xml
----------------- Instantiating /home/travis/build/icyphy/ptII/ptolemy/actor/lib/test/auto/ScaleArray.xml
1 ms. Memory: 545792K Free: 270336K (50%)
----------------- Invoking toplevel() on ptolemy.moml.MoMLSimpleApplication@28e907e2
----------------- Done invoking toplevel() on ptolemy.moml.MoMLSimpleApplication@28e907e2
reloadAllAccessors: .ScaleArray

===========================================================================================
----------------- testing Sat Apr 04 13:48:34 UTC 2020 /home/travis/build/icyphy/ptII/ptolemy/actor/lib/test/auto/ScaleArray2.xml
----------------- Instantiating /home/travis/build/icyphy/ptII/ptolemy/actor/lib/test/auto/ScaleArray2.xml
1 ms. Memory: 545792K Free: 265726K (49%)
----------------- Invoking toplevel() on ptolemy.moml.MoMLSimpleApplication@7439ab22
----------------- Done invoking toplevel() on ptolemy.moml.MoMLSimpleApplication@7439ab22
reloadAllAccessors: .ScaleArray2

===========================================================================================
----------------- testing Sat Apr 04 13:48:34 UTC 2020 /home/travis/build/icyphy/ptII/ptolemy/actor/lib/test/auto/ScaleMatrix.xml
----------------- Instantiating /home/travis/build/icyphy/ptII/ptolemy/actor/lib/test/auto/ScaleMatrix.xml
92 ms. Memory: 545792K Free: 253438K (46%)
----------------- Invoking toplevel() on ptolemy.moml.MoMLSimpleApplication@54d07d72
----------------- Done invoking toplevel() on ptolemy.moml.MoMLSimpleApplication@54d07d72
reloadAllAccessors: .ScaleMatrix

===========================================================================================
----------------- testing Sat Apr 04 13:48:35 UTC 2020 /home/travis/build/icyphy/ptII/ptolemy/actor/lib/test/auto/Select.xml
----------------- Instantiating /home/travis/build/icyphy/ptII/ptolemy/actor/lib/test/auto/Select.xml
2 ms. Memory: 545792K Free: 246784K (45%)
----------------- Invoking toplevel() on ptolemy.moml.MoMLSimpleApplication@40d07ce2
----------------- Done invoking toplevel() on ptolemy.moml.MoMLSimpleApplication@40d07ce2
reloadAllAccessors: .Select

===========================================================================================
----------------- testing Sat Apr 04 13:48:35 UTC 2020 /home/travis/build/icyphy/ptII/ptolemy/actor/lib/test/auto/Select2.xml
----------------- Instantiating /home/travis/build/icyphy/ptII/ptolemy/actor/lib/test/auto/Select2.xml
1 ms. Memory: 545792K Free: 242174K (44%)
----------------- Invoking toplevel() on ptolemy.moml.MoMLSimpleApplication@71778937
----------------- Done invoking toplevel() on ptolemy.moml.MoMLSimpleApplication@71778937
reloadAllAccessors: .Select2

===========================================================================================
----------------- testing Sat Apr 04 13:48:35 UTC 2020 /home/travis/build/icyphy/ptII/ptolemy/actor/lib/test/auto/SequenceToArray2.xml
----------------- Instantiating /home/travis/build/icyphy/ptII/ptolemy/actor/lib/test/auto/SequenceToArray2.xml
96 ms. Memory: 545792K Free: 218112K (40%)
----------------- Invoking toplevel() on ptolemy.moml.MoMLSimpleApplication@24c477eb
----------------- Done invoking toplevel() on ptolemy.moml.MoMLSimpleApplication@24c477eb
reloadAllAccessors: .SequenceToArray2

===========================================================================================
----------------- testing Sat Apr 04 13:48:35 UTC 2020 /home/travis/build/icyphy/ptII/ptolemy/actor/lib/test/auto/SequentialClock.xml
----------------- Instantiating /home/travis/build/icyphy/ptII/ptolemy/actor/lib/test/auto/SequentialClock.xml
1 ms. Memory: 545792K Free: 214016K (39%)
----------------- Invoking toplevel() on ptolemy.moml.MoMLSimpleApplication@1004958a
----------------- Done invoking toplevel() on ptolemy.moml.MoMLSimpleApplication@1004958a
reloadAllAccessors: .SequentialClock

===========================================================================================
----------------- testing Sat Apr 04 13:48:35 UTC 2020 /home/travis/build/icyphy/ptII/ptolemy/actor/lib/test/auto/SetVariable.xml
----------------- Instantiating /home/travis/build/icyphy/ptII/ptolemy/actor/lib/test/auto/SetVariable.xml
3 ms. Memory: 545792K Free: 209406K (38%)
----------------- Invoking toplevel() on ptolemy.moml.MoMLSimpleApplication@a0a1196
----------------- Done invoking toplevel() on ptolemy.moml.MoMLSimpleApplication@a0a1196
reloadAllAccessors: .SetVariable

===========================================================================================
----------------- testing Sat Apr 04 13:48:35 UTC 2020 /home/travis/build/icyphy/ptII/ptolemy/actor/lib/test/auto/SetVariable2.xml
----------------- Instantiating /home/travis/build/icyphy/ptII/ptolemy/actor/lib/test/auto/SetVariable2.xml
3 ms. Memory: 545792K Free: 204286K (37%)
----------------- Invoking toplevel() on ptolemy.moml.MoMLSimpleApplication@2e7e98c2
----------------- Done invoking toplevel() on ptolemy.moml.MoMLSimpleApplication@2e7e98c2
reloadAllAccessors: .SetVariable2

===========================================================================================
----------------- testing Sat Apr 04 13:48:35 UTC 2020 /home/travis/build/icyphy/ptII/ptolemy/actor/lib/test/auto/SetVariable3.xml
----------------- Instantiating /home/travis/build/icyphy/ptII/ptolemy/actor/lib/test/auto/SetVariable3.xml
6 ms. Memory: 545792K Free: 199166K (36%)
----------------- Invoking toplevel() on ptolemy.moml.MoMLSimpleApplication@1a740133
----------------- Done invoking toplevel() on ptolemy.moml.MoMLSimpleApplication@1a740133
reloadAllAccessors: .SetVariable3

===========================================================================================
----------------- testing Sat Apr 04 13:48:35 UTC 2020 /home/travis/build/icyphy/ptII/ptolemy/actor/lib/test/auto/SetVariable4.xml
----------------- Instantiating /home/travis/build/icyphy/ptII/ptolemy/actor/lib/test/auto/SetVariable4.xml
11 ms. Memory: 545792K Free: 189440K (35%)
----------------- Invoking toplevel() on ptolemy.moml.MoMLSimpleApplication@1c2a3d5a
----------------- Done invoking toplevel() on ptolemy.moml.MoMLSimpleApplication@1c2a3d5a
reloadAllAccessors: .SetVariable4

===========================================================================================
----------------- testing Sat Apr 04 13:48:35 UTC 2020 /home/travis/build/icyphy/ptII/ptolemy/actor/lib/test/auto/SetVariable5.xml
----------------- Instantiating /home/travis/build/icyphy/ptII/ptolemy/actor/lib/test/auto/SetVariable5.xml
18 ms. Memory: 545792K Free: 180224K (33%)
----------------- Invoking toplevel() on ptolemy.moml.MoMLSimpleApplication@51a6373e
----------------- Done invoking toplevel() on ptolemy.moml.MoMLSimpleApplication@51a6373e
reloadAllAccessors: .SetVariable5

===========================================================================================
----------------- testing Sat Apr 04 13:48:35 UTC 2020 /home/travis/build/icyphy/ptII/ptolemy/actor/lib/test/auto/Sinewave.xml
----------------- Instantiating /home/travis/build/icyphy/ptII/ptolemy/actor/lib/test/auto/Sinewave.xml
4 ms. Memory: 545792K Free: 484862K (89%)
----------------- Invoking toplevel() on ptolemy.moml.MoMLSimpleApplication@11b618
----------------- Done invoking toplevel() on ptolemy.moml.MoMLSimpleApplication@11b618
reloadAllAccessors: .Sinewave

===========================================================================================
----------------- testing Sat Apr 04 13:48:35 UTC 2020 /home/travis/build/icyphy/ptII/ptolemy/actor/lib/test/auto/Sinewave2.xml
----------------- Instantiating /home/travis/build/icyphy/ptII/ptolemy/actor/lib/test/auto/Sinewave2.xml
6 ms. Memory: 545792K Free: 476670K (87%)
----------------- Invoking toplevel() on ptolemy.moml.MoMLSimpleApplication@da43067
----------------- Done invoking toplevel() on ptolemy.moml.MoMLSimpleApplication@da43067
reloadAllAccessors: .Sinewave2

===========================================================================================
----------------- testing Sat Apr 04 13:48:35 UTC 2020 /home/travis/build/icyphy/ptII/ptolemy/actor/lib/test/auto/Sinewave3.xml
----------------- Instantiating /home/travis/build/icyphy/ptII/ptolemy/actor/lib/test/auto/Sinewave3.xml
10 ms. Memory: 545792K Free: 468463K (86%)
----------------- Invoking toplevel() on ptolemy.moml.MoMLSimpleApplication@fe5a7cb
----------------- Done invoking toplevel() on ptolemy.moml.MoMLSimpleApplication@fe5a7cb
reloadAllAccessors: .Sinewave3

===========================================================================================
----------------- testing Sat Apr 04 13:48:35 UTC 2020 /home/travis/build/icyphy/ptII/ptolemy/actor/lib/test/auto/SingleEvent.xml
----------------- Instantiating /home/travis/build/icyphy/ptII/ptolemy/actor/lib/test/auto/SingleEvent.xml
1 ms. Memory: 545792K Free: 464382K (85%)
----------------- Invoking toplevel() on ptolemy.moml.MoMLSimpleApplication@14972f0a
----------------- Done invoking toplevel() on ptolemy.moml.MoMLSimpleApplication@14972f0a
reloadAllAccessors: .SingleEvent

===========================================================================================
----------------- testing Sat Apr 04 13:48:35 UTC 2020 /home/travis/build/icyphy/ptII/ptolemy/actor/lib/test/auto/Sleep.xml
----------------- Instantiating /home/travis/build/icyphy/ptII/ptolemy/actor/lib/test/auto/Sleep.xml
6002 ms. Memory: 545792K Free: 458238K (84%)
----------------- Invoking toplevel() on ptolemy.moml.MoMLSimpleApplication@7736a038
----------------- Done invoking toplevel() on ptolemy.moml.MoMLSimpleApplication@7736a038
reloadAllAccessors: .Sleep

===========================================================================================
----------------- testing Sat Apr 04 13:48:41 UTC 2020 /home/travis/build/icyphy/ptII/ptolemy/actor/lib/test/auto/SleepMultipleFire.xml
----------------- Instantiating /home/travis/build/icyphy/ptII/ptolemy/actor/lib/test/auto/SleepMultipleFire.xml
1005 ms. Memory: 545792K Free: 452608K (83%)
----------------- Invoking toplevel() on ptolemy.moml.MoMLSimpleApplication@a3970e2
----------------- Done invoking toplevel() on ptolemy.moml.MoMLSimpleApplication@a3970e2
reloadAllAccessors: .SleepMultipleFire

===========================================================================================
----------------- testing Sat Apr 04 13:48:42 UTC 2020 /home/travis/build/icyphy/ptII/ptolemy/actor/lib/test/auto/StopDE.xml
----------------- Instantiating /home/travis/build/icyphy/ptII/ptolemy/actor/lib/test/auto/StopDE.xml
3 ms. Memory: 545792K Free: 446974K (82%)
----------------- Invoking toplevel() on ptolemy.moml.MoMLSimpleApplication@3aef0fe9
----------------- Done invoking toplevel() on ptolemy.moml.MoMLSimpleApplication@3aef0fe9
reloadAllAccessors: .StopDE

===========================================================================================
----------------- testing Sat Apr 04 13:48:42 UTC 2020 /home/travis/build/icyphy/ptII/ptolemy/actor/lib/test/auto/StopSDF.xml
----------------- Instantiating /home/travis/build/icyphy/ptII/ptolemy/actor/lib/test/auto/StopSDF.xml
2 ms. Memory: 545792K Free: 441344K (81%)
----------------- Invoking toplevel() on ptolemy.moml.MoMLSimpleApplication@2fd4a2bd
----------------- Done invoking toplevel() on ptolemy.moml.MoMLSimpleApplication@2fd4a2bd
reloadAllAccessors: .StopSDF

===========================================================================================
----------------- testing Sat Apr 04 13:48:42 UTC 2020 /home/travis/build/icyphy/ptII/ptolemy/actor/lib/test/auto/StringConstant.xml
----------------- Instantiating /home/travis/build/icyphy/ptII/ptolemy/actor/lib/test/auto/StringConstant.xml
9 ms. Memory: 545792K Free: 436731K (80%)
----------------- Invoking toplevel() on ptolemy.moml.MoMLSimpleApplication@459253d8
----------------- Done invoking toplevel() on ptolemy.moml.MoMLSimpleApplication@459253d8
reloadAllAccessors: .StringConstant

===========================================================================================
----------------- testing Sat Apr 04 13:48:42 UTC 2020 /home/travis/build/icyphy/ptII/ptolemy/actor/lib/test/auto/SubscriberPortInitialValues1.xml
----------------- Instantiating /home/travis/build/icyphy/ptII/ptolemy/actor/lib/test/auto/SubscriberPortInitialValues1.xml
7 ms. Memory: 545792K Free: 428032K (78%)
----------------- Invoking toplevel() on ptolemy.moml.MoMLSimpleApplication@283aa069
----------------- Done invoking toplevel() on ptolemy.moml.MoMLSimpleApplication@283aa069
reloadAllAccessors: .SubscriberPortInitialValues1

===========================================================================================
----------------- testing Sat Apr 04 13:48:42 UTC 2020 /home/travis/build/icyphy/ptII/ptolemy/actor/lib/test/auto/SubscriberPortInitialValues13.xml
----------------- Instantiating /home/travis/build/icyphy/ptII/ptolemy/actor/lib/test/auto/SubscriberPortInitialValues13.xml
4 ms. Memory: 545792K Free: 415230K (76%)
----------------- Invoking toplevel() on ptolemy.moml.MoMLSimpleApplication@18ab3477
----------------- Done invoking toplevel() on ptolemy.moml.MoMLSimpleApplication@18ab3477
reloadAllAccessors: .SubscriberPortInitialValues13

===========================================================================================
----------------- testing Sat Apr 04 13:48:42 UTC 2020 /home/travis/build/icyphy/ptII/ptolemy/actor/lib/test/auto/SubscriberPortInitialValues14.xml
----------------- Instantiating /home/travis/build/icyphy/ptII/ptolemy/actor/lib/test/auto/SubscriberPortInitialValues14.xml
3 ms. Memory: 545792K Free: 407552K (75%)
----------------- Invoking toplevel() on ptolemy.moml.MoMLSimpleApplication@5780fcd2
----------------- Done invoking toplevel() on ptolemy.moml.MoMLSimpleApplication@5780fcd2
reloadAllAccessors: .SubscriberPortInitialValues14

===========================================================================================
----------------- testing Sat Apr 04 13:48:42 UTC 2020 /home/travis/build/icyphy/ptII/ptolemy/actor/lib/test/auto/SubscriberPortInitialValues2.xml
----------------- Instantiating /home/travis/build/icyphy/ptII/ptolemy/actor/lib/test/auto/SubscriberPortInitialValues2.xml
4 ms. Memory: 545792K Free: 399870K (73%)
----------------- Invoking toplevel() on ptolemy.moml.MoMLSimpleApplication@1d302a04
----------------- Done invoking toplevel() on ptolemy.moml.MoMLSimpleApplication@1d302a04
reloadAllAccessors: .SubscriberPortInitialValues2

===========================================================================================
----------------- testing Sat Apr 04 13:48:42 UTC 2020 /home/travis/build/icyphy/ptII/ptolemy/actor/lib/test/auto/SubscriberPortInitialValues3.xml
----------------- Instantiating /home/travis/build/icyphy/ptII/ptolemy/actor/lib/test/auto/SubscriberPortInitialValues3.xml
3 ms. Memory: 545792K Free: 388606K (71%)
----------------- Invoking toplevel() on ptolemy.moml.MoMLSimpleApplication@2a4ff0c5
----------------- Done invoking toplevel() on ptolemy.moml.MoMLSimpleApplication@2a4ff0c5
reloadAllAccessors: .SubscriberPortInitialValues3

===========================================================================================
----------------- testing Sat Apr 04 13:48:42 UTC 2020 /home/travis/build/icyphy/ptII/ptolemy/actor/lib/test/auto/SubscriptionAggregator.xml
----------------- Instantiating /home/travis/build/icyphy/ptII/ptolemy/actor/lib/test/auto/SubscriptionAggregator.xml
2 ms. Memory: 545792K Free: 381952K (70%)
----------------- Invoking toplevel() on ptolemy.moml.MoMLSimpleApplication@c3e9ddc
----------------- Done invoking toplevel() on ptolemy.moml.MoMLSimpleApplication@c3e9ddc
reloadAllAccessors: .SubscriptionAggregator

===========================================================================================
----------------- testing Sat Apr 04 13:48:42 UTC 2020 /home/travis/build/icyphy/ptII/ptolemy/actor/lib/test/auto/SubscriptionAggregator2.xml
----------------- Instantiating /home/travis/build/icyphy/ptII/ptolemy/actor/lib/test/auto/SubscriptionAggregator2.xml
2 ms. Memory: 545792K Free: 374784K (69%)
----------------- Invoking toplevel() on ptolemy.moml.MoMLSimpleApplication@6c5b988c
----------------- Done invoking toplevel() on ptolemy.moml.MoMLSimpleApplication@6c5b988c
reloadAllAccessors: .SubscriptionAggregator2

===========================================================================================
----------------- testing Sat Apr 04 13:48:42 UTC 2020 /home/travis/build/icyphy/ptII/ptolemy/actor/lib/test/auto/SubscriptionAggregator3.xml
----------------- Instantiating /home/travis/build/icyphy/ptII/ptolemy/actor/lib/test/auto/SubscriptionAggregator3.xml
3 ms. Memory: 545792K Free: 366063K (67%)
----------------- Invoking toplevel() on ptolemy.moml.MoMLSimpleApplication@23c33001
----------------- Done invoking toplevel() on ptolemy.moml.MoMLSimpleApplication@23c33001
reloadAllAccessors: .SubscriptionAggregator3

===========================================================================================
----------------- testing Sat Apr 04 13:48:42 UTC 2020 /home/travis/build/icyphy/ptII/ptolemy/actor/lib/test/auto/SubscriptionAggregatorMultiply.xml
----------------- Instantiating /home/travis/build/icyphy/ptII/ptolemy/actor/lib/test/auto/SubscriptionAggregatorMultiply.xml
2 ms. Memory: 545792K Free: 357376K (65%)
----------------- Invoking toplevel() on ptolemy.moml.MoMLSimpleApplication@378fea7e
----------------- Done invoking toplevel() on ptolemy.moml.MoMLSimpleApplication@378fea7e
reloadAllAccessors: .SubscriptionAggregatorMultiply

===========================================================================================
----------------- testing Sat Apr 04 13:48:42 UTC 2020 /home/travis/build/icyphy/ptII/ptolemy/actor/lib/test/auto/SubscriptionAggregatorPortMultiply1.xml
----------------- Instantiating /home/travis/build/icyphy/ptII/ptolemy/actor/lib/test/auto/SubscriptionAggregatorPortMultiply1.xml
3 ms. Memory: 545792K Free: 349184K (64%)
----------------- Invoking toplevel() on ptolemy.moml.MoMLSimpleApplication@61d7e3e1
----------------- Done invoking toplevel() on ptolemy.moml.MoMLSimpleApplication@61d7e3e1
reloadAllAccessors: .SubscriptionAggregatorPortMultiply1

===========================================================================================
----------------- testing Sat Apr 04 13:48:42 UTC 2020 /home/travis/build/icyphy/ptII/ptolemy/actor/lib/test/auto/Switch.xml
----------------- Instantiating /home/travis/build/icyphy/ptII/ptolemy/actor/lib/test/auto/Switch.xml
7 ms. Memory: 545792K Free: 340478K (62%)
----------------- Invoking toplevel() on ptolemy.moml.MoMLSimpleApplication@1a63a654
----------------- Done invoking toplevel() on ptolemy.moml.MoMLSimpleApplication@1a63a654
reloadAllAccessors: .Switch

===========================================================================================
----------------- testing Sat Apr 04 13:48:42 UTC 2020 /home/travis/build/icyphy/ptII/ptolemy/actor/lib/test/auto/Switch2.xml
----------------- Instantiating /home/travis/build/icyphy/ptII/ptolemy/actor/lib/test/auto/Switch2.xml
1 ms. Memory: 545792K Free: 335872K (62%)
----------------- Invoking toplevel() on ptolemy.moml.MoMLSimpleApplication@d821aaf
----------------- Done invoking toplevel() on ptolemy.moml.MoMLSimpleApplication@d821aaf
reloadAllAccessors: .Switch2

===========================================================================================
----------------- testing Sat Apr 04 13:48:42 UTC 2020 /home/travis/build/icyphy/ptII/ptolemy/actor/lib/test/auto/SwitchDE.xml
----------------- Instantiating /home/travis/build/icyphy/ptII/ptolemy/actor/lib/test/auto/SwitchDE.xml
2 ms. Memory: 545792K Free: 329728K (60%)
----------------- Invoking toplevel() on ptolemy.moml.MoMLSimpleApplication@10f9aa92
----------------- Done invoking toplevel() on ptolemy.moml.MoMLSimpleApplication@10f9aa92
reloadAllAccessors: .SwitchDE

===========================================================================================
----------------- testing Sat Apr 04 13:48:42 UTC 2020 /home/travis/build/icyphy/ptII/ptolemy/actor/lib/test/auto/SynchronizerDE.xml
----------------- Instantiating /home/travis/build/icyphy/ptII/ptolemy/actor/lib/test/auto/SynchronizerDE.xml
6 ms. Memory: 545792K Free: 321536K (59%)
----------------- Invoking toplevel() on ptolemy.moml.MoMLSimpleApplication@607cd0cf
----------------- Done invoking toplevel() on ptolemy.moml.MoMLSimpleApplication@607cd0cf
reloadAllAccessors: .SynchronizerDE

===========================================================================================
----------------- testing Sat Apr 04 13:48:42 UTC 2020 /home/travis/build/icyphy/ptII/ptolemy/actor/lib/test/auto/Test.xml
----------------- Instantiating /home/travis/build/icyphy/ptII/ptolemy/actor/lib/test/auto/Test.xml
1 ms. Memory: 545792K Free: 316416K (58%)
----------------- Invoking toplevel() on ptolemy.moml.MoMLSimpleApplication@489f8da8
----------------- Done invoking toplevel() on ptolemy.moml.MoMLSimpleApplication@489f8da8
reloadAllAccessors: .Test

===========================================================================================
----------------- testing Sat Apr 04 13:48:42 UTC 2020 /home/travis/build/icyphy/ptII/ptolemy/actor/lib/test/auto/TestExceptionAttribute1.xml
----------------- Instantiating /home/travis/build/icyphy/ptII/ptolemy/actor/lib/test/auto/TestExceptionAttribute1.xml
1 ms. Memory: 545792K Free: 312830K (57%)
----------------- Invoking toplevel() on ptolemy.moml.MoMLSimpleApplication@3826bba0
----------------- Done invoking toplevel() on ptolemy.moml.MoMLSimpleApplication@3826bba0
reloadAllAccessors: .TestExceptionAttribute1

===========================================================================================
----------------- testing Sat Apr 04 13:48:42 UTC 2020 /home/travis/build/icyphy/ptII/ptolemy/actor/lib/test/auto/TestExceptionAttribute2.xml
----------------- Instantiating /home/travis/build/icyphy/ptII/ptolemy/actor/lib/test/auto/TestExceptionAttribute2.xml
1 ms. Memory: 545792K Free: 308734K (57%)
----------------- Invoking toplevel() on ptolemy.moml.MoMLSimpleApplication@21c21541
----------------- Done invoking toplevel() on ptolemy.moml.MoMLSimpleApplication@21c21541
reloadAllAccessors: .TestExceptionAttribute2

===========================================================================================
----------------- testing Sat Apr 04 13:48:42 UTC 2020 /home/travis/build/icyphy/ptII/ptolemy/actor/lib/test/auto/TestExceptionAttribute3.xml
----------------- Instantiating /home/travis/build/icyphy/ptII/ptolemy/actor/lib/test/auto/TestExceptionAttribute3.xml
.TestExceptionAttribute3.TestExceptionAttribute: initialize() was not invoked, but wrapup() was.  This is unusual, but not always a problem.  For example, exporting JNLP will do this.
0 ms. Memory: 545792K Free: 305152K (56%)
----------------- Invoking toplevel() on ptolemy.moml.MoMLSimpleApplication@1f183362
----------------- Done invoking toplevel() on ptolemy.moml.MoMLSimpleApplication@1f183362
reloadAllAccessors: .TestExceptionAttribute3

===========================================================================================
----------------- testing Sat Apr 04 13:48:42 UTC 2020 /home/travis/build/icyphy/ptII/ptolemy/actor/lib/test/auto/TestExceptionAttribute4.xml
----------------- Instantiating /home/travis/build/icyphy/ptII/ptolemy/actor/lib/test/auto/TestExceptionAttribute4.xml
.TestExceptionAttribute4.TestExceptionAttribute: initialize() was not invoked, but wrapup() was.  This is unusual, but not always a problem.  For example, exporting JNLP will do this.
.TestExceptionAttribute4.TestExceptionAttribute2: initialize() was not invoked, but wrapup() was.  This is unusual, but not always a problem.  For example, exporting JNLP will do this.
0 ms. Memory: 545792K Free: 301056K (55%)
----------------- Invoking toplevel() on ptolemy.moml.MoMLSimpleApplication@6d61a6e1
----------------- Done invoking toplevel() on ptolemy.moml.MoMLSimpleApplication@6d61a6e1
reloadAllAccessors: .TestExceptionAttribute4

===========================================================================================
----------------- testing Sat Apr 04 13:48:42 UTC 2020 /home/travis/build/icyphy/ptII/ptolemy/actor/lib/test/auto/TestExceptionHandler1.xml
----------------- Instantiating /home/travis/build/icyphy/ptII/ptolemy/actor/lib/test/auto/TestExceptionHandler1.xml
1 ms. Memory: 545792K Free: 297470K (55%)
----------------- Invoking toplevel() on ptolemy.moml.MoMLSimpleApplication@d7f15f8
----------------- Done invoking toplevel() on ptolemy.moml.MoMLSimpleApplication@d7f15f8
reloadAllAccessors: .TestExceptionHandler1

===========================================================================================
----------------- testing Sat Apr 04 13:48:42 UTC 2020 /home/travis/build/icyphy/ptII/ptolemy/actor/lib/test/auto/TestExceptionHandler2.xml
----------------- Instantiating /home/travis/build/icyphy/ptII/ptolemy/actor/lib/test/auto/TestExceptionHandler2.xml
1 ms. Memory: 545792K Free: 293888K (54%)
----------------- Invoking toplevel() on ptolemy.moml.MoMLSimpleApplication@69539fed
----------------- Done invoking toplevel() on ptolemy.moml.MoMLSimpleApplication@69539fed
reloadAllAccessors: .TestExceptionHandler2

===========================================================================================
----------------- testing Sat Apr 04 13:48:42 UTC 2020 /home/travis/build/icyphy/ptII/ptolemy/actor/lib/test/auto/TestExceptionHandler3.xml
----------------- Instantiating /home/travis/build/icyphy/ptII/ptolemy/actor/lib/test/auto/TestExceptionHandler3.xml
1 ms. Memory: 545792K Free: 289278K (53%)
----------------- Invoking toplevel() on ptolemy.moml.MoMLSimpleApplication@bd59da0
----------------- Done invoking toplevel() on ptolemy.moml.MoMLSimpleApplication@bd59da0
reloadAllAccessors: .TestExceptionHandler3

===========================================================================================
----------------- testing Sat Apr 04 13:48:42 UTC 2020 /home/travis/build/icyphy/ptII/ptolemy/actor/lib/test/auto/TestExceptionHandler4.xml
----------------- Instantiating /home/travis/build/icyphy/ptII/ptolemy/actor/lib/test/auto/TestExceptionHandler4.xml
1 ms. Memory: 545792K Free: 285182K (52%)
----------------- Invoking toplevel() on ptolemy.moml.MoMLSimpleApplication@48aca366
----------------- Done invoking toplevel() on ptolemy.moml.MoMLSimpleApplication@48aca366
reloadAllAccessors: .TestExceptionHandler4

===========================================================================================
----------------- testing Sat Apr 04 13:48:42 UTC 2020 /home/travis/build/icyphy/ptII/ptolemy/actor/lib/test/auto/TestRequireCorrectOrder.xml
----------------- Instantiating /home/travis/build/icyphy/ptII/ptolemy/actor/lib/test/auto/TestRequireCorrectOrder.xml
5 ms. Memory: 545792K Free: 280031K (51%)
----------------- Invoking toplevel() on ptolemy.moml.MoMLSimpleApplication@2acd552a
----------------- Done invoking toplevel() on ptolemy.moml.MoMLSimpleApplication@2acd552a
reloadAllAccessors: .TestRequireCorrectOrder

===========================================================================================
----------------- testing Sat Apr 04 13:48:42 UTC 2020 /home/travis/build/icyphy/ptII/ptolemy/actor/lib/test/auto/TestSimple.xml
----------------- Instantiating /home/travis/build/icyphy/ptII/ptolemy/actor/lib/test/auto/TestSimple.xml
1 ms. Memory: 545792K Free: 274942K (50%)
----------------- Invoking toplevel() on ptolemy.moml.MoMLSimpleApplication@3f6678c0
----------------- Done invoking toplevel() on ptolemy.moml.MoMLSimpleApplication@3f6678c0
reloadAllAccessors: .TestSimple

===========================================================================================
----------------- testing Sat Apr 04 13:48:42 UTC 2020 /home/travis/build/icyphy/ptII/ptolemy/actor/lib/test/auto/ThrowModelError.xml
----------------- Instantiating /home/travis/build/icyphy/ptII/ptolemy/actor/lib/test/auto/ThrowModelError.xml
1 ms. Memory: 545792K Free: 270336K (50%)
----------------- Invoking toplevel() on ptolemy.moml.MoMLSimpleApplication@67ae338f
----------------- Done invoking toplevel() on ptolemy.moml.MoMLSimpleApplication@67ae338f
reloadAllAccessors: .ThrowModelError

===========================================================================================
----------------- testing Sat Apr 04 13:48:42 UTC 2020 /home/travis/build/icyphy/ptII/ptolemy/actor/lib/test/auto/TimeDelayMicrosteps.xml
----------------- Instantiating /home/travis/build/icyphy/ptII/ptolemy/actor/lib/test/auto/TimeDelayMicrosteps.xml
2 ms. Memory: 545792K Free: 263647K (48%)
----------------- Invoking toplevel() on ptolemy.moml.MoMLSimpleApplication@11808509
----------------- Done invoking toplevel() on ptolemy.moml.MoMLSimpleApplication@11808509
reloadAllAccessors: .TimeDelayMicrosteps

===========================================================================================
----------------- testing Sat Apr 04 13:48:42 UTC 2020 /home/travis/build/icyphy/ptII/ptolemy/actor/lib/test/auto/TimeDelayMicrosteps2.xml
----------------- Instantiating /home/travis/build/icyphy/ptII/ptolemy/actor/lib/test/auto/TimeDelayMicrosteps2.xml
2 ms. Memory: 545792K Free: 256495K (47%)
----------------- Invoking toplevel() on ptolemy.moml.MoMLSimpleApplication@20436f2c
----------------- Done invoking toplevel() on ptolemy.moml.MoMLSimpleApplication@20436f2c
reloadAllAccessors: .TimeDelayMicrosteps2

===========================================================================================
----------------- testing Sat Apr 04 13:48:42 UTC 2020 /home/travis/build/icyphy/ptII/ptolemy/actor/lib/test/auto/TimeDelayMicrosteps3.xml
----------------- Instantiating /home/travis/build/icyphy/ptII/ptolemy/actor/lib/test/auto/TimeDelayMicrosteps3.xml
2 ms. Memory: 545792K Free: 249856K (46%)
----------------- Invoking toplevel() on ptolemy.moml.MoMLSimpleApplication@1a057e5d
----------------- Done invoking toplevel() on ptolemy.moml.MoMLSimpleApplication@1a057e5d
reloadAllAccessors: .TimeDelayMicrosteps3

===========================================================================================
----------------- testing Sat Apr 04 13:48:42 UTC 2020 /home/travis/build/icyphy/ptII/ptolemy/actor/lib/test/auto/TimeDelayVariableMicrosteps.xml
----------------- Instantiating /home/travis/build/icyphy/ptII/ptolemy/actor/lib/test/auto/TimeDelayVariableMicrosteps.xml
2 ms. Memory: 545792K Free: 242688K (44%)
----------------- Invoking toplevel() on ptolemy.moml.MoMLSimpleApplication@2d45350f
----------------- Done invoking toplevel() on ptolemy.moml.MoMLSimpleApplication@2d45350f
reloadAllAccessors: .TimeDelayVariableMicrosteps

===========================================================================================
----------------- testing Sat Apr 04 13:48:42 UTC 2020 /home/travis/build/icyphy/ptII/ptolemy/actor/lib/test/auto/TimeGap.xml
----------------- Instantiating /home/travis/build/icyphy/ptII/ptolemy/actor/lib/test/auto/TimeGap.xml
2 ms. Memory: 545792K Free: 237568K (44%)
----------------- Invoking toplevel() on ptolemy.moml.MoMLSimpleApplication@1233efad
----------------- Done invoking toplevel() on ptolemy.moml.MoMLSimpleApplication@1233efad
reloadAllAccessors: .TimeGap

===========================================================================================
----------------- testing Sat Apr 04 13:48:42 UTC 2020 /home/travis/build/icyphy/ptII/ptolemy/actor/lib/test/auto/TimeGap2.xml
----------------- Instantiating /home/travis/build/icyphy/ptII/ptolemy/actor/lib/test/auto/TimeGap2.xml
1 ms. Memory: 545792K Free: 231903K (42%)
----------------- Invoking toplevel() on ptolemy.moml.MoMLSimpleApplication@403babfc
----------------- Done invoking toplevel() on ptolemy.moml.MoMLSimpleApplication@403babfc
reloadAllAccessors: .TimeGap2

===========================================================================================
----------------- testing Sat Apr 04 13:48:42 UTC 2020 /home/travis/build/icyphy/ptII/ptolemy/actor/lib/test/auto/TimedSinewave.xml
----------------- Instantiating /home/travis/build/icyphy/ptII/ptolemy/actor/lib/test/auto/TimedSinewave.xml
18 ms. Memory: 545792K Free: 217598K (40%)
----------------- Invoking toplevel() on ptolemy.moml.MoMLSimpleApplication@5d45648d
----------------- Done invoking toplevel() on ptolemy.moml.MoMLSimpleApplication@5d45648d
reloadAllAccessors: .TimedSinewave

===========================================================================================
----------------- testing Sat Apr 04 13:48:42 UTC 2020 /home/travis/build/icyphy/ptII/ptolemy/actor/lib/test/auto/TimedSinewavePhase.xml
----------------- Instantiating /home/travis/build/icyphy/ptII/ptolemy/actor/lib/test/auto/TimedSinewavePhase.xml
8 ms. Memory: 545792K Free: 207872K (38%)
----------------- Invoking toplevel() on ptolemy.moml.MoMLSimpleApplication@4e04886e
----------------- Done invoking toplevel() on ptolemy.moml.MoMLSimpleApplication@4e04886e
reloadAllAccessors: .TimedSinewavePhase

===========================================================================================
----------------- testing Sat Apr 04 13:48:43 UTC 2020 /home/travis/build/icyphy/ptII/ptolemy/actor/lib/test/auto/Timer.xml
----------------- Instantiating /home/travis/build/icyphy/ptII/ptolemy/actor/lib/test/auto/Timer.xml
1 ms. Memory: 545792K Free: 202238K (37%)
----------------- Invoking toplevel() on ptolemy.moml.MoMLSimpleApplication@6dc99eb7
----------------- Done invoking toplevel() on ptolemy.moml.MoMLSimpleApplication@6dc99eb7
reloadAllAccessors: .Timer

===========================================================================================
----------------- testing Sat Apr 04 13:48:43 UTC 2020 /home/travis/build/icyphy/ptII/ptolemy/actor/lib/test/auto/TriangularDistTestModel.xml
----------------- Instantiating /home/travis/build/icyphy/ptII/ptolemy/actor/lib/test/auto/TriangularDistTestModel.xml
2 ms. Memory: 545792K Free: 196079K (36%)
----------------- Invoking toplevel() on ptolemy.moml.MoMLSimpleApplication@636c9ed8
----------------- Done invoking toplevel() on ptolemy.moml.MoMLSimpleApplication@636c9ed8
reloadAllAccessors: .TriangularDistTestModel

===========================================================================================
----------------- testing Sat Apr 04 13:48:43 UTC 2020 /home/travis/build/icyphy/ptII/ptolemy/actor/lib/test/auto/TrigFunction.xml
----------------- Instantiating /home/travis/build/icyphy/ptII/ptolemy/actor/lib/test/auto/TrigFunction.xml
2 ms. Memory: 545792K Free: 190974K (35%)
----------------- Invoking toplevel() on ptolemy.moml.MoMLSimpleApplication@64943993
----------------- Done invoking toplevel() on ptolemy.moml.MoMLSimpleApplication@64943993
reloadAllAccessors: .TrigFunction

===========================================================================================
----------------- testing Sat Apr 04 13:48:43 UTC 2020 /home/travis/build/icyphy/ptII/ptolemy/actor/lib/test/auto/TrigFunctionDE.xml
----------------- Instantiating /home/travis/build/icyphy/ptII/ptolemy/actor/lib/test/auto/TrigFunctionDE.xml
1 ms. Memory: 545792K Free: 185344K (34%)
----------------- Invoking toplevel() on ptolemy.moml.MoMLSimpleApplication@48a8691b
----------------- Done invoking toplevel() on ptolemy.moml.MoMLSimpleApplication@48a8691b
reloadAllAccessors: .TrigFunctionDE

===========================================================================================
----------------- testing Sat Apr 04 13:48:43 UTC 2020 /home/travis/build/icyphy/ptII/ptolemy/actor/lib/test/auto/TrigFunctionInverse.xml
----------------- Instantiating /home/travis/build/icyphy/ptII/ptolemy/actor/lib/test/auto/TrigFunctionInverse.xml
1 ms. Memory: 545792K Free: 180224K (33%)
----------------- Invoking toplevel() on ptolemy.moml.MoMLSimpleApplication@11459ce9
----------------- Done invoking toplevel() on ptolemy.moml.MoMLSimpleApplication@11459ce9
reloadAllAccessors: .TrigFunctionInverse

===========================================================================================
----------------- testing Sat Apr 04 13:48:43 UTC 2020 /home/travis/build/icyphy/ptII/ptolemy/actor/lib/test/auto/TrigFunctionTan.xml
----------------- Instantiating /home/travis/build/icyphy/ptII/ptolemy/actor/lib/test/auto/TrigFunctionTan.xml
1 ms. Memory: 545792K Free: 492032K (90%)
----------------- Invoking toplevel() on ptolemy.moml.MoMLSimpleApplication@688731bb
----------------- Done invoking toplevel() on ptolemy.moml.MoMLSimpleApplication@688731bb
reloadAllAccessors: .TrigFunctionTan

===========================================================================================
----------------- testing Sat Apr 04 13:48:43 UTC 2020 /home/travis/build/icyphy/ptII/ptolemy/actor/lib/test/auto/TriggeredClock.xml
----------------- Instantiating /home/travis/build/icyphy/ptII/ptolemy/actor/lib/test/auto/TriggeredClock.xml
1 ms. Memory: 545792K Free: 486879K (89%)
----------------- Invoking toplevel() on ptolemy.moml.MoMLSimpleApplication@2045920
----------------- Done invoking toplevel() on ptolemy.moml.MoMLSimpleApplication@2045920
reloadAllAccessors: .TriggeredClock

===========================================================================================
----------------- testing Sat Apr 04 13:48:43 UTC 2020 /home/travis/build/icyphy/ptII/ptolemy/actor/lib/test/auto/URLDirectoryReader.xml
----------------- Instantiating /home/travis/build/icyphy/ptII/ptolemy/actor/lib/test/auto/URLDirectoryReader.xml
42 ms. Memory: 545792K Free: 477696K (88%)
----------------- Invoking toplevel() on ptolemy.moml.MoMLSimpleApplication@5b7b8edb
----------------- Done invoking toplevel() on ptolemy.moml.MoMLSimpleApplication@5b7b8edb
reloadAllAccessors: .URLDirectoryReader

===========================================================================================
----------------- testing Sat Apr 04 13:48:43 UTC 2020 /home/travis/build/icyphy/ptII/ptolemy/actor/lib/test/auto/URLDirectoryReader3.xml
----------------- Instantiating /home/travis/build/icyphy/ptII/ptolemy/actor/lib/test/auto/URLDirectoryReader3.xml
1276 ms. Memory: 545792K Free: 485215K (89%)
----------------- Invoking toplevel() on ptolemy.moml.MoMLSimpleApplication@5fde43d2
----------------- Done invoking toplevel() on ptolemy.moml.MoMLSimpleApplication@5fde43d2
reloadAllAccessors: .URLDirectoryReader3

===========================================================================================
----------------- testing Sat Apr 04 13:48:44 UTC 2020 /home/travis/build/icyphy/ptII/ptolemy/actor/lib/test/auto/UnaryMathFunction.xml
----------------- Instantiating /home/travis/build/icyphy/ptII/ptolemy/actor/lib/test/auto/UnaryMathFunction.xml
2 ms. Memory: 545792K Free: 477484K (87%)
----------------- Invoking toplevel() on ptolemy.moml.MoMLSimpleApplication@f889e1a
----------------- Done invoking toplevel() on ptolemy.moml.MoMLSimpleApplication@f889e1a
reloadAllAccessors: .UnaryMathFunction

===========================================================================================
----------------- testing Sat Apr 04 13:48:44 UTC 2020 /home/travis/build/icyphy/ptII/ptolemy/actor/lib/test/auto/Uniform.xml
----------------- Instantiating /home/travis/build/icyphy/ptII/ptolemy/actor/lib/test/auto/Uniform.xml
1 ms. Memory: 545792K Free: 472878K (87%)
----------------- Invoking toplevel() on ptolemy.moml.MoMLSimpleApplication@17da0e75
----------------- Done invoking toplevel() on ptolemy.moml.MoMLSimpleApplication@17da0e75
reloadAllAccessors: .Uniform

===========================================================================================
----------------- testing Sat Apr 04 13:48:44 UTC 2020 /home/travis/build/icyphy/ptII/ptolemy/actor/lib/test/auto/UnionDisassemblerTest.xml
----------------- Instantiating /home/travis/build/icyphy/ptII/ptolemy/actor/lib/test/auto/UnionDisassemblerTest.xml
23 ms. Memory: 545792K Free: 469277K (86%)
----------------- Invoking toplevel() on ptolemy.moml.MoMLSimpleApplication@71f093a3
----------------- Done invoking toplevel() on ptolemy.moml.MoMLSimpleApplication@71f093a3
reloadAllAccessors: .UnionDisassemblerTest

===========================================================================================
----------------- testing Sat Apr 04 13:48:44 UTC 2020 /home/travis/build/icyphy/ptII/ptolemy/actor/lib/test/auto/UtilityFunctions.xml
----------------- Instantiating /home/travis/build/icyphy/ptII/ptolemy/actor/lib/test/auto/UtilityFunctions.xml
1 ms. Memory: 545792K Free: 465196K (85%)
----------------- Invoking toplevel() on ptolemy.moml.MoMLSimpleApplication@65977020
----------------- Done invoking toplevel() on ptolemy.moml.MoMLSimpleApplication@65977020
reloadAllAccessors: .UtilityFunctions

===========================================================================================
----------------- testing Sat Apr 04 13:48:44 UTC 2020 /home/travis/build/icyphy/ptII/ptolemy/actor/lib/test/auto/VariableSleep.xml
----------------- Instantiating /home/travis/build/icyphy/ptII/ptolemy/actor/lib/test/auto/VariableSleep.xml
502 ms. Memory: 545792K Free: 459566K (84%)
----------------- Invoking toplevel() on ptolemy.moml.MoMLSimpleApplication@da57692
----------------- Done invoking toplevel() on ptolemy.moml.MoMLSimpleApplication@da57692
reloadAllAccessors: .VariableSleep

===========================================================================================
----------------- testing Sat Apr 04 13:48:45 UTC 2020 /home/travis/build/icyphy/ptII/ptolemy/actor/lib/test/auto/VectorAssemblerDisassemblerCT.xml
----------------- Instantiating /home/travis/build/icyphy/ptII/ptolemy/actor/lib/test/auto/VectorAssemblerDisassemblerCT.xml
60 ms. Memory: 545792K Free: 438572K (80%)
----------------- Invoking toplevel() on ptolemy.moml.MoMLSimpleApplication@71f1fbd3
----------------- Done invoking toplevel() on ptolemy.moml.MoMLSimpleApplication@71f1fbd3
reloadAllAccessors: .VectorAssemblerDisassemblerCT

===========================================================================================
----------------- testing Sat Apr 04 13:48:45 UTC 2020 /home/travis/build/icyphy/ptII/ptolemy/actor/lib/test/auto/VectorAssemblerDisassemblerDE.xml
----------------- Instantiating /home/travis/build/icyphy/ptII/ptolemy/actor/lib/test/auto/VectorAssemblerDisassemblerDE.xml
10 ms. Memory: 545792K Free: 431404K (79%)
----------------- Invoking toplevel() on ptolemy.moml.MoMLSimpleApplication@30397403
----------------- Done invoking toplevel() on ptolemy.moml.MoMLSimpleApplication@30397403
reloadAllAccessors: .VectorAssemblerDisassemblerDE

===========================================================================================
----------------- testing Sat Apr 04 13:48:45 UTC 2020 /home/travis/build/icyphy/ptII/ptolemy/actor/lib/test/auto/VectorAssemblerDisassemblerSDF.xml
----------------- Instantiating /home/travis/build/icyphy/ptII/ptolemy/actor/lib/test/auto/VectorAssemblerDisassemblerSDF.xml
2 ms. Memory: 545792K Free: 425260K (78%)
----------------- Invoking toplevel() on ptolemy.moml.MoMLSimpleApplication@24ca1f72
----------------- Done invoking toplevel() on ptolemy.moml.MoMLSimpleApplication@24ca1f72
reloadAllAccessors: .VectorAssemblerDisassemblerSDF

===========================================================================================
----------------- testing Sat Apr 04 13:48:45 UTC 2020 /home/travis/build/icyphy/ptII/ptolemy/actor/lib/test/auto/WallClockTime.xml
----------------- Instantiating /home/travis/build/icyphy/ptII/ptolemy/actor/lib/test/auto/WallClockTime.xml
1003 ms. Memory: 545792K Free: 420140K (77%)
----------------- Invoking toplevel() on ptolemy.moml.MoMLSimpleApplication@210854d3
----------------- Done invoking toplevel() on ptolemy.moml.MoMLSimpleApplication@210854d3
reloadAllAccessors: .WallClockTime

===========================================================================================
----------------- testing Sat Apr 04 13:48:46 UTC 2020 /home/travis/build/icyphy/ptII/ptolemy/actor/lib/test/auto/WidthTestWithSubscriberPublisher.xml
----------------- Instantiating /home/travis/build/icyphy/ptII/ptolemy/actor/lib/test/auto/WidthTestWithSubscriberPublisher.xml
17 ms. Memory: 545792K Free: 401708K (74%)
----------------- Invoking toplevel() on ptolemy.moml.MoMLSimpleApplication@66d3fd7e
----------------- Done invoking toplevel() on ptolemy.moml.MoMLSimpleApplication@66d3fd7e
reloadAllAccessors: .WidthTestWithSubscriberPublisher

===========================================================================================
----------------- testing Sat Apr 04 13:48:46 UTC 2020 /home/travis/build/icyphy/ptII/ptolemy/actor/lib/test/auto/WidthTestWithSubscriberPublisher2.xml
----------------- Instantiating /home/travis/build/icyphy/ptII/ptolemy/actor/lib/test/auto/WidthTestWithSubscriberPublisher2.xml
1 ms. Memory: 545792K Free: 395564K (72%)
----------------- Invoking toplevel() on ptolemy.moml.MoMLSimpleApplication@361d9cef
----------------- Done invoking toplevel() on ptolemy.moml.MoMLSimpleApplication@361d9cef
reloadAllAccessors: .WidthTestWithSubscriberPublisher2

===========================================================================================
----------------- testing Sat Apr 04 13:48:46 UTC 2020 /home/travis/build/icyphy/ptII/ptolemy/actor/lib/test/auto/WidthTestWithSubscriberPublisher3.xml
----------------- Instantiating /home/travis/build/icyphy/ptII/ptolemy/actor/lib/test/auto/WidthTestWithSubscriberPublisher3.xml
1 ms. Memory: 545792K Free: 389934K (71%)
----------------- Invoking toplevel() on ptolemy.moml.MoMLSimpleApplication@1d53226a
----------------- Done invoking toplevel() on ptolemy.moml.MoMLSimpleApplication@1d53226a
reloadAllAccessors: .WidthTestWithSubscriberPublisher3

===========================================================================================
----------------- testing Sat Apr 04 13:48:46 UTC 2020 /home/travis/build/icyphy/ptII/ptolemy/actor/lib/test/auto/Writer.xml
----------------- Instantiating /home/travis/build/icyphy/ptII/ptolemy/actor/lib/test/auto/Writer.xml
0
1
2
3
4
1 ms. Memory: 545792K Free: 385838K (71%)
----------------- Invoking toplevel() on ptolemy.moml.MoMLSimpleApplication@4cab81a
----------------- Done invoking toplevel() on ptolemy.moml.MoMLSimpleApplication@4cab81a
reloadAllAccessors: .Writer

===========================================================================================
----------------- testing Sat Apr 04 13:48:46 UTC 2020 /home/travis/build/icyphy/ptII/ptolemy/actor/lib/test/auto/array.xml
----------------- Instantiating /home/travis/build/icyphy/ptII/ptolemy/actor/lib/test/auto/array.xml
9 ms. Memory: 545792K Free: 380718K (70%)
----------------- Invoking toplevel() on ptolemy.moml.MoMLSimpleApplication@d7d31a5
----------------- Done invoking toplevel() on ptolemy.moml.MoMLSimpleApplication@d7d31a5
reloadAllAccessors: .array

===========================================================================================
----------------- testing Sat Apr 04 13:48:46 UTC 2020 /home/travis/build/icyphy/ptII/ptolemy/actor/lib/test/auto/array2.xml
----------------- Instantiating /home/travis/build/icyphy/ptII/ptolemy/actor/lib/test/auto/array2.xml
5 ms. Memory: 545792K Free: 376093K (69%)
----------------- Invoking toplevel() on ptolemy.moml.MoMLSimpleApplication@65fb38ff
----------------- Done invoking toplevel() on ptolemy.moml.MoMLSimpleApplication@65fb38ff
reloadAllAccessors: .array2

===========================================================================================
----------------- testing Sat Apr 04 13:48:46 UTC 2020 /home/travis/build/icyphy/ptII/ptolemy/actor/lib/test/auto/arrayType.xml
----------------- Instantiating /home/travis/build/icyphy/ptII/ptolemy/actor/lib/test/auto/arrayType.xml
2 ms. Memory: 545792K Free: 370988K (68%)
----------------- Invoking toplevel() on ptolemy.moml.MoMLSimpleApplication@2dcd59f1
----------------- Done invoking toplevel() on ptolemy.moml.MoMLSimpleApplication@2dcd59f1
reloadAllAccessors: .arrayType

===========================================================================================
----------------- testing Sat Apr 04 13:48:46 UTC 2020 /home/travis/build/icyphy/ptII/ptolemy/actor/lib/test/auto/arrayType10.xml
----------------- Instantiating /home/travis/build/icyphy/ptII/ptolemy/actor/lib/test/auto/arrayType10.xml
1 ms. Memory: 545792K Free: 366382K (67%)
----------------- Invoking toplevel() on ptolemy.moml.MoMLSimpleApplication@7dc542c3
----------------- Done invoking toplevel() on ptolemy.moml.MoMLSimpleApplication@7dc542c3
reloadAllAccessors: .arrayType10

===========================================================================================
----------------- testing Sat Apr 04 13:48:46 UTC 2020 /home/travis/build/icyphy/ptII/ptolemy/actor/lib/test/auto/arrayType11.xml
----------------- Instantiating /home/travis/build/icyphy/ptII/ptolemy/actor/lib/test/auto/arrayType11.xml
1 ms. Memory: 545792K Free: 361262K (66%)
----------------- Invoking toplevel() on ptolemy.moml.MoMLSimpleApplication@7cb357bc
----------------- Done invoking toplevel() on ptolemy.moml.MoMLSimpleApplication@7cb357bc
reloadAllAccessors: .arrayType11

===========================================================================================
----------------- testing Sat Apr 04 13:48:46 UTC 2020 /home/travis/build/icyphy/ptII/ptolemy/actor/lib/test/auto/arrayType12.xml
----------------- Instantiating /home/travis/build/icyphy/ptII/ptolemy/actor/lib/test/auto/arrayType12.xml
2 ms. Memory: 545792K Free: 356652K (65%)
----------------- Invoking toplevel() on ptolemy.moml.MoMLSimpleApplication@b344380
----------------- Done invoking toplevel() on ptolemy.moml.MoMLSimpleApplication@b344380
reloadAllAccessors: .arrayType12

===========================================================================================
----------------- testing Sat Apr 04 13:48:46 UTC 2020 /home/travis/build/icyphy/ptII/ptolemy/actor/lib/test/auto/arrayType13.xml
----------------- Instantiating /home/travis/build/icyphy/ptII/ptolemy/actor/lib/test/auto/arrayType13.xml
1 ms. Memory: 545792K Free: 351532K (64%)
----------------- Invoking toplevel() on ptolemy.moml.MoMLSimpleApplication@5aba48f6
----------------- Done invoking toplevel() on ptolemy.moml.MoMLSimpleApplication@5aba48f6
reloadAllAccessors: .arrayType13

===========================================================================================
----------------- testing Sat Apr 04 13:48:46 UTC 2020 /home/travis/build/icyphy/ptII/ptolemy/actor/lib/test/auto/arrayType14.xml
----------------- Instantiating /home/travis/build/icyphy/ptII/ptolemy/actor/lib/test/auto/arrayType14.xml
1 ms. Memory: 545792K Free: 346412K (63%)
----------------- Invoking toplevel() on ptolemy.moml.MoMLSimpleApplication@103eb53
----------------- Done invoking toplevel() on ptolemy.moml.MoMLSimpleApplication@103eb53
reloadAllAccessors: .arrayType14

===========================================================================================
----------------- testing Sat Apr 04 13:48:46 UTC 2020 /home/travis/build/icyphy/ptII/ptolemy/actor/lib/test/auto/arrayType15.xml
----------------- Instantiating /home/travis/build/icyphy/ptII/ptolemy/actor/lib/test/auto/arrayType15.xml
2 ms. Memory: 545792K Free: 340782K (62%)
----------------- Invoking toplevel() on ptolemy.moml.MoMLSimpleApplication@65dff212
----------------- Done invoking toplevel() on ptolemy.moml.MoMLSimpleApplication@65dff212
reloadAllAccessors: .arrayType15

===========================================================================================
----------------- testing Sat Apr 04 13:48:46 UTC 2020 /home/travis/build/icyphy/ptII/ptolemy/actor/lib/test/auto/arrayType16.xml
----------------- Instantiating /home/travis/build/icyphy/ptII/ptolemy/actor/lib/test/auto/arrayType16.xml
1 ms. Memory: 545792K Free: 335662K (61%)
----------------- Invoking toplevel() on ptolemy.moml.MoMLSimpleApplication@686304f0
----------------- Done invoking toplevel() on ptolemy.moml.MoMLSimpleApplication@686304f0
reloadAllAccessors: .arrayType16

===========================================================================================
----------------- testing Sat Apr 04 13:48:46 UTC 2020 /home/travis/build/icyphy/ptII/ptolemy/actor/lib/test/auto/arrayType17.xml
----------------- Instantiating /home/travis/build/icyphy/ptII/ptolemy/actor/lib/test/auto/arrayType17.xml
1 ms. Memory: 545792K Free: 330542K (61%)
----------------- Invoking toplevel() on ptolemy.moml.MoMLSimpleApplication@1e36f632
----------------- Done invoking toplevel() on ptolemy.moml.MoMLSimpleApplication@1e36f632
reloadAllAccessors: .arrayType17

===========================================================================================
----------------- testing Sat Apr 04 13:48:46 UTC 2020 /home/travis/build/icyphy/ptII/ptolemy/actor/lib/test/auto/arrayType18.xml
----------------- Instantiating /home/travis/build/icyphy/ptII/ptolemy/actor/lib/test/auto/arrayType18.xml
1 ms. Memory: 545792K Free: 325932K (60%)
----------------- Invoking toplevel() on ptolemy.moml.MoMLSimpleApplication@58bc986c
----------------- Done invoking toplevel() on ptolemy.moml.MoMLSimpleApplication@58bc986c
reloadAllAccessors: .arrayType18

===========================================================================================
----------------- testing Sat Apr 04 13:48:46 UTC 2020 /home/travis/build/icyphy/ptII/ptolemy/actor/lib/test/auto/arrayType19.xml
----------------- Instantiating /home/travis/build/icyphy/ptII/ptolemy/actor/lib/test/auto/arrayType19.xml
1 ms. Memory: 545792K Free: 320812K (59%)
----------------- Invoking toplevel() on ptolemy.moml.MoMLSimpleApplication@1e515065
----------------- Done invoking toplevel() on ptolemy.moml.MoMLSimpleApplication@1e515065
reloadAllAccessors: .arrayType19

===========================================================================================
----------------- testing Sat Apr 04 13:48:46 UTC 2020 /home/travis/build/icyphy/ptII/ptolemy/actor/lib/test/auto/arrayType2.xml
----------------- Instantiating /home/travis/build/icyphy/ptII/ptolemy/actor/lib/test/auto/arrayType2.xml
1 ms. Memory: 545792K Free: 315692K (58%)
----------------- Invoking toplevel() on ptolemy.moml.MoMLSimpleApplication@581b1c49
----------------- Done invoking toplevel() on ptolemy.moml.MoMLSimpleApplication@581b1c49
reloadAllAccessors: .arrayType2

===========================================================================================
----------------- testing Sat Apr 04 13:48:46 UTC 2020 /home/travis/build/icyphy/ptII/ptolemy/actor/lib/test/auto/arrayType20.xml
----------------- Instantiating /home/travis/build/icyphy/ptII/ptolemy/actor/lib/test/auto/arrayType20.xml
1 ms. Memory: 545792K Free: 311086K (57%)
----------------- Invoking toplevel() on ptolemy.moml.MoMLSimpleApplication@5d3c842a
----------------- Done invoking toplevel() on ptolemy.moml.MoMLSimpleApplication@5d3c842a
reloadAllAccessors: .arrayType20

===========================================================================================
----------------- testing Sat Apr 04 13:48:46 UTC 2020 /home/travis/build/icyphy/ptII/ptolemy/actor/lib/test/auto/arrayType21.xml
----------------- Instantiating /home/travis/build/icyphy/ptII/ptolemy/actor/lib/test/auto/arrayType21.xml
1 ms. Memory: 545792K Free: 306476K (56%)
----------------- Invoking toplevel() on ptolemy.moml.MoMLSimpleApplication@276d45c7
----------------- Done invoking toplevel() on ptolemy.moml.MoMLSimpleApplication@276d45c7
reloadAllAccessors: .arrayType21

===========================================================================================
----------------- testing Sat Apr 04 13:48:46 UTC 2020 /home/travis/build/icyphy/ptII/ptolemy/actor/lib/test/auto/arrayType22.xml
----------------- Instantiating /home/travis/build/icyphy/ptII/ptolemy/actor/lib/test/auto/arrayType22.xml
1 ms. Memory: 545792K Free: 301356K (55%)
----------------- Invoking toplevel() on ptolemy.moml.MoMLSimpleApplication@17312950
----------------- Done invoking toplevel() on ptolemy.moml.MoMLSimpleApplication@17312950
reloadAllAccessors: .arrayType22

===========================================================================================
----------------- testing Sat Apr 04 13:48:46 UTC 2020 /home/travis/build/icyphy/ptII/ptolemy/actor/lib/test/auto/arrayType23.xml
----------------- Instantiating /home/travis/build/icyphy/ptII/ptolemy/actor/lib/test/auto/arrayType23.xml
1 ms. Memory: 545792K Free: 296750K (54%)
----------------- Invoking toplevel() on ptolemy.moml.MoMLSimpleApplication@35db0646
----------------- Done invoking toplevel() on ptolemy.moml.MoMLSimpleApplication@35db0646
reloadAllAccessors: .arrayType23

===========================================================================================
----------------- testing Sat Apr 04 13:48:46 UTC 2020 /home/travis/build/icyphy/ptII/ptolemy/actor/lib/test/auto/arrayType24.xml
----------------- Instantiating /home/travis/build/icyphy/ptII/ptolemy/actor/lib/test/auto/arrayType24.xml
1 ms. Memory: 545792K Free: 292140K (54%)
----------------- Invoking toplevel() on ptolemy.moml.MoMLSimpleApplication@37517bd9
----------------- Done invoking toplevel() on ptolemy.moml.MoMLSimpleApplication@37517bd9
reloadAllAccessors: .arrayType24

===========================================================================================
----------------- testing Sat Apr 04 13:48:46 UTC 2020 /home/travis/build/icyphy/ptII/ptolemy/actor/lib/test/auto/arrayType25.xml
----------------- Instantiating /home/travis/build/icyphy/ptII/ptolemy/actor/lib/test/auto/arrayType25.xml
1 ms. Memory: 545792K Free: 286510K (52%)
----------------- Invoking toplevel() on ptolemy.moml.MoMLSimpleApplication@64a96d7b
----------------- Done invoking toplevel() on ptolemy.moml.MoMLSimpleApplication@64a96d7b
reloadAllAccessors: .arrayType25

===========================================================================================
----------------- testing Sat Apr 04 13:48:46 UTC 2020 /home/travis/build/icyphy/ptII/ptolemy/actor/lib/test/auto/arrayType26.xml
----------------- Instantiating /home/travis/build/icyphy/ptII/ptolemy/actor/lib/test/auto/arrayType26.xml
1 ms. Memory: 545792K Free: 281390K (52%)
----------------- Invoking toplevel() on ptolemy.moml.MoMLSimpleApplication@315e7e24
----------------- Done invoking toplevel() on ptolemy.moml.MoMLSimpleApplication@315e7e24
reloadAllAccessors: .arrayType26

===========================================================================================
----------------- testing Sat Apr 04 13:48:46 UTC 2020 /home/travis/build/icyphy/ptII/ptolemy/actor/lib/test/auto/arrayType27.xml
----------------- Instantiating /home/travis/build/icyphy/ptII/ptolemy/actor/lib/test/auto/arrayType27.xml
2 ms. Memory: 545792K Free: 276270K (51%)
----------------- Invoking toplevel() on ptolemy.moml.MoMLSimpleApplication@6dcf627d
----------------- Done invoking toplevel() on ptolemy.moml.MoMLSimpleApplication@6dcf627d
reloadAllAccessors: .arrayType27

===========================================================================================
----------------- testing Sat Apr 04 13:48:46 UTC 2020 /home/travis/build/icyphy/ptII/ptolemy/actor/lib/test/auto/arrayType28.xml
----------------- Instantiating /home/travis/build/icyphy/ptII/ptolemy/actor/lib/test/auto/arrayType28.xml
1 ms. Memory: 545792K Free: 271150K (50%)
----------------- Invoking toplevel() on ptolemy.moml.MoMLSimpleApplication@65ef322e
----------------- Done invoking toplevel() on ptolemy.moml.MoMLSimpleApplication@65ef322e
reloadAllAccessors: .arrayType28

===========================================================================================
----------------- testing Sat Apr 04 13:48:46 UTC 2020 /home/travis/build/icyphy/ptII/ptolemy/actor/lib/test/auto/arrayType3.xml
----------------- Instantiating /home/travis/build/icyphy/ptII/ptolemy/actor/lib/test/auto/arrayType3.xml
1 ms. Memory: 545792K Free: 265516K (49%)
----------------- Invoking toplevel() on ptolemy.moml.MoMLSimpleApplication@7b21fd25
----------------- Done invoking toplevel() on ptolemy.moml.MoMLSimpleApplication@7b21fd25
reloadAllAccessors: .arrayType3

===========================================================================================
----------------- testing Sat Apr 04 13:48:46 UTC 2020 /home/travis/build/icyphy/ptII/ptolemy/actor/lib/test/auto/arrayType4.xml
----------------- Instantiating /home/travis/build/icyphy/ptII/ptolemy/actor/lib/test/auto/arrayType4.xml
1 ms. Memory: 545792K Free: 260396K (48%)
----------------- Invoking toplevel() on ptolemy.moml.MoMLSimpleApplication@46de0a37
----------------- Done invoking toplevel() on ptolemy.moml.MoMLSimpleApplication@46de0a37
reloadAllAccessors: .arrayType4

===========================================================================================
----------------- testing Sat Apr 04 13:48:46 UTC 2020 /home/travis/build/icyphy/ptII/ptolemy/actor/lib/test/auto/arrayType5.xml
----------------- Instantiating /home/travis/build/icyphy/ptII/ptolemy/actor/lib/test/auto/arrayType5.xml
1 ms. Memory: 545792K Free: 255261K (47%)
----------------- Invoking toplevel() on ptolemy.moml.MoMLSimpleApplication@2c1ae056
----------------- Done invoking toplevel() on ptolemy.moml.MoMLSimpleApplication@2c1ae056
reloadAllAccessors: .arrayType5

===========================================================================================
----------------- testing Sat Apr 04 13:48:46 UTC 2020 /home/travis/build/icyphy/ptII/ptolemy/actor/lib/test/auto/arrayType6.xml
----------------- Instantiating /home/travis/build/icyphy/ptII/ptolemy/actor/lib/test/auto/arrayType6.xml
1 ms. Memory: 545792K Free: 250156K (46%)
----------------- Invoking toplevel() on ptolemy.moml.MoMLSimpleApplication@2879e8f3
----------------- Done invoking toplevel() on ptolemy.moml.MoMLSimpleApplication@2879e8f3
reloadAllAccessors: .arrayType6

===========================================================================================
----------------- testing Sat Apr 04 13:48:46 UTC 2020 /home/travis/build/icyphy/ptII/ptolemy/actor/lib/test/auto/arrayType7.xml
----------------- Instantiating /home/travis/build/icyphy/ptII/ptolemy/actor/lib/test/auto/arrayType7.xml
1 ms. Memory: 545792K Free: 245550K (45%)
----------------- Invoking toplevel() on ptolemy.moml.MoMLSimpleApplication@1452d242
----------------- Done invoking toplevel() on ptolemy.moml.MoMLSimpleApplication@1452d242
reloadAllAccessors: .arrayType7

===========================================================================================
----------------- testing Sat Apr 04 13:48:46 UTC 2020 /home/travis/build/icyphy/ptII/ptolemy/actor/lib/test/auto/arrayType8.xml
----------------- Instantiating /home/travis/build/icyphy/ptII/ptolemy/actor/lib/test/auto/arrayType8.xml
5 ms. Memory: 545792K Free: 240940K (44%)
----------------- Invoking toplevel() on ptolemy.moml.MoMLSimpleApplication@42c2f0f6
----------------- Done invoking toplevel() on ptolemy.moml.MoMLSimpleApplication@42c2f0f6
reloadAllAccessors: .arrayType8

===========================================================================================
----------------- testing Sat Apr 04 13:48:47 UTC 2020 /home/travis/build/icyphy/ptII/ptolemy/actor/lib/test/auto/arrayType9.xml
----------------- Instantiating /home/travis/build/icyphy/ptII/ptolemy/actor/lib/test/auto/arrayType9.xml
1 ms. Memory: 545792K Free: 235820K (43%)
----------------- Invoking toplevel() on ptolemy.moml.MoMLSimpleApplication@7ecbb54b
----------------- Done invoking toplevel() on ptolemy.moml.MoMLSimpleApplication@7ecbb54b
reloadAllAccessors: .arrayType9

===========================================================================================
----------------- testing Sat Apr 04 13:48:47 UTC 2020 /home/travis/build/icyphy/ptII/ptolemy/actor/lib/test/auto/cast.xml
----------------- Instantiating /home/travis/build/icyphy/ptII/ptolemy/actor/lib/test/auto/cast.xml
2 ms. Memory: 545792K Free: 231214K (42%)
----------------- Invoking toplevel() on ptolemy.moml.MoMLSimpleApplication@5df173ea
----------------- Done invoking toplevel() on ptolemy.moml.MoMLSimpleApplication@5df173ea
reloadAllAccessors: .cast

===========================================================================================
----------------- testing Sat Apr 04 13:48:47 UTC 2020 /home/travis/build/icyphy/ptII/ptolemy/actor/lib/test/auto/compositeMultiPort.xml
----------------- Instantiating /home/travis/build/icyphy/ptII/ptolemy/actor/lib/test/auto/compositeMultiPort.xml
3 ms. Memory: 545792K Free: 222501K (41%)
----------------- Invoking toplevel() on ptolemy.moml.MoMLSimpleApplication@31b84e1e
----------------- Done invoking toplevel() on ptolemy.moml.MoMLSimpleApplication@31b84e1e
reloadAllAccessors: .compositeMultiPort

===========================================================================================
----------------- testing Sat Apr 04 13:48:47 UTC 2020 /home/travis/build/icyphy/ptII/ptolemy/actor/lib/test/auto/expressionCastInference.xml
----------------- Instantiating /home/travis/build/icyphy/ptII/ptolemy/actor/lib/test/auto/expressionCastInference.xml
10 ms. Memory: 545792K Free: 217388K (40%)
----------------- Invoking toplevel() on ptolemy.moml.MoMLSimpleApplication@1af4ef5c
----------------- Done invoking toplevel() on ptolemy.moml.MoMLSimpleApplication@1af4ef5c
reloadAllAccessors: .expressionCastInference

===========================================================================================
----------------- testing Sat Apr 04 13:48:47 UTC 2020 /home/travis/build/icyphy/ptII/ptolemy/actor/lib/test/auto/expressionCastInference2.xml
----------------- Instantiating /home/travis/build/icyphy/ptII/ptolemy/actor/lib/test/auto/expressionCastInference2.xml
5 ms. Memory: 545792K Free: 212782K (39%)
----------------- Invoking toplevel() on ptolemy.moml.MoMLSimpleApplication@72437ec
----------------- Done invoking toplevel() on ptolemy.moml.MoMLSimpleApplication@72437ec
reloadAllAccessors: .expressionCastInference2

===========================================================================================
----------------- testing Sat Apr 04 13:48:47 UTC 2020 /home/travis/build/icyphy/ptII/ptolemy/actor/lib/test/auto/expressionInference.xml
----------------- Instantiating /home/travis/build/icyphy/ptII/ptolemy/actor/lib/test/auto/expressionInference.xml
1 ms. Memory: 545792K Free: 208686K (38%)
----------------- Invoking toplevel() on ptolemy.moml.MoMLSimpleApplication@60e15807
----------------- Done invoking toplevel() on ptolemy.moml.MoMLSimpleApplication@60e15807
reloadAllAccessors: .expressionInference

===========================================================================================
----------------- testing Sat Apr 04 13:48:47 UTC 2020 /home/travis/build/icyphy/ptII/ptolemy/actor/lib/test/auto/expression_bug.xml
----------------- Instantiating /home/travis/build/icyphy/ptII/ptolemy/actor/lib/test/auto/expression_bug.xml
1 ms. Memory: 545792K Free: 486910K (89%)
----------------- Invoking toplevel() on ptolemy.moml.MoMLSimpleApplication@1c1ceec7
----------------- Done invoking toplevel() on ptolemy.moml.MoMLSimpleApplication@1c1ceec7
reloadAllAccessors: .expression_bug

===========================================================================================
----------------- testing Sat Apr 04 13:48:47 UTC 2020 /home/travis/build/icyphy/ptII/ptolemy/actor/lib/test/auto/factorial.xml
----------------- Instantiating /home/travis/build/icyphy/ptII/ptolemy/actor/lib/test/auto/factorial.xml
34 ms. Memory: 545792K Free: 478718K (88%)
----------------- Invoking toplevel() on ptolemy.moml.MoMLSimpleApplication@664e620d
----------------- Done invoking toplevel() on ptolemy.moml.MoMLSimpleApplication@664e620d
reloadAllAccessors: .factorial

===========================================================================================
----------------- testing Sat Apr 04 13:48:47 UTC 2020 /home/travis/build/icyphy/ptII/ptolemy/actor/lib/test/auto/filterTest1.xml
----------------- Instantiating /home/travis/build/icyphy/ptII/ptolemy/actor/lib/test/auto/filterTest1.xml
3 ms. Memory: 545792K Free: 473088K (87%)
----------------- Invoking toplevel() on ptolemy.moml.MoMLSimpleApplication@76c9e281
----------------- Done invoking toplevel() on ptolemy.moml.MoMLSimpleApplication@76c9e281
reloadAllAccessors: .filterTest1

===========================================================================================
----------------- testing Sat Apr 04 13:48:47 UTC 2020 /home/travis/build/icyphy/ptII/ptolemy/actor/lib/test/auto/funcApplyInConst.xml
----------------- Instantiating /home/travis/build/icyphy/ptII/ptolemy/actor/lib/test/auto/funcApplyInConst.xml
1 ms. Memory: 545792K Free: 468992K (86%)
----------------- Invoking toplevel() on ptolemy.moml.MoMLSimpleApplication@1bc0a43a
----------------- Done invoking toplevel() on ptolemy.moml.MoMLSimpleApplication@1bc0a43a
reloadAllAccessors: .funcApplyInConst

===========================================================================================
----------------- testing Sat Apr 04 13:48:47 UTC 2020 /home/travis/build/icyphy/ptII/ptolemy/actor/lib/test/auto/funcApplyInExpr.xml
----------------- Instantiating /home/travis/build/icyphy/ptII/ptolemy/actor/lib/test/auto/funcApplyInExpr.xml
1 ms. Memory: 545792K Free: 465406K (85%)
----------------- Invoking toplevel() on ptolemy.moml.MoMLSimpleApplication@1a2ce5e3
----------------- Done invoking toplevel() on ptolemy.moml.MoMLSimpleApplication@1a2ce5e3
reloadAllAccessors: .funcApplyInExpr

===========================================================================================
----------------- testing Sat Apr 04 13:48:47 UTC 2020 /home/travis/build/icyphy/ptII/ptolemy/actor/lib/test/auto/function.xml
----------------- Instantiating /home/travis/build/icyphy/ptII/ptolemy/actor/lib/test/auto/function.xml
2 ms. Memory: 545792K Free: 460800K (84%)
----------------- Invoking toplevel() on ptolemy.moml.MoMLSimpleApplication@97835e4
----------------- Done invoking toplevel() on ptolemy.moml.MoMLSimpleApplication@97835e4
reloadAllAccessors: .function

===========================================================================================
----------------- testing Sat Apr 04 13:48:47 UTC 2020 /home/travis/build/icyphy/ptII/ptolemy/actor/lib/test/auto/function2.xml
----------------- Instantiating /home/travis/build/icyphy/ptII/ptolemy/actor/lib/test/auto/function2.xml
1 ms. Memory: 545792K Free: 455680K (83%)
----------------- Invoking toplevel() on ptolemy.moml.MoMLSimpleApplication@5a19cde2
----------------- Done invoking toplevel() on ptolemy.moml.MoMLSimpleApplication@5a19cde2
reloadAllAccessors: .function2

===========================================================================================
----------------- testing Sat Apr 04 13:48:47 UTC 2020 /home/travis/build/icyphy/ptII/ptolemy/actor/lib/test/auto/function3.xml
----------------- Instantiating /home/travis/build/icyphy/ptII/ptolemy/actor/lib/test/auto/function3.xml
1 ms. Memory: 545792K Free: 452094K (83%)
----------------- Invoking toplevel() on ptolemy.moml.MoMLSimpleApplication@116e0c24
----------------- Done invoking toplevel() on ptolemy.moml.MoMLSimpleApplication@116e0c24
reloadAllAccessors: .function3

===========================================================================================
----------------- testing Sat Apr 04 13:48:47 UTC 2020 /home/travis/build/icyphy/ptII/ptolemy/actor/lib/test/auto/functionClosureTest1.xml
----------------- Instantiating /home/travis/build/icyphy/ptII/ptolemy/actor/lib/test/auto/functionClosureTest1.xml
1 ms. Memory: 545792K Free: 446464K (82%)
----------------- Invoking toplevel() on ptolemy.moml.MoMLSimpleApplication@29cd27e8
----------------- Done invoking toplevel() on ptolemy.moml.MoMLSimpleApplication@29cd27e8
reloadAllAccessors: .functionClosureTest1

===========================================================================================
----------------- testing Sat Apr 04 13:48:47 UTC 2020 /home/travis/build/icyphy/ptII/ptolemy/actor/lib/test/auto/functionClosureTest2.xml
----------------- Instantiating /home/travis/build/icyphy/ptII/ptolemy/actor/lib/test/auto/functionClosureTest2.xml
1 ms. Memory: 545792K Free: 442368K (81%)
----------------- Invoking toplevel() on ptolemy.moml.MoMLSimpleApplication@33b6d79e
----------------- Done invoking toplevel() on ptolemy.moml.MoMLSimpleApplication@33b6d79e
reloadAllAccessors: .functionClosureTest2

===========================================================================================
----------------- testing Sat Apr 04 13:48:47 UTC 2020 /home/travis/build/icyphy/ptII/ptolemy/actor/lib/test/auto/functionClosureTest3.xml
----------------- Instantiating /home/travis/build/icyphy/ptII/ptolemy/actor/lib/test/auto/functionClosureTest3.xml
2 ms. Memory: 545792K Free: 437248K (80%)
----------------- Invoking toplevel() on ptolemy.moml.MoMLSimpleApplication@4d859c93
----------------- Done invoking toplevel() on ptolemy.moml.MoMLSimpleApplication@4d859c93
reloadAllAccessors: .functionClosureTest3

===========================================================================================
----------------- testing Sat Apr 04 13:48:47 UTC 2020 /home/travis/build/icyphy/ptII/ptolemy/actor/lib/test/auto/functionClosureTest4.xml
----------------- Instantiating /home/travis/build/icyphy/ptII/ptolemy/actor/lib/test/auto/functionClosureTest4.xml
2 ms. Memory: 545792K Free: 431104K (79%)
----------------- Invoking toplevel() on ptolemy.moml.MoMLSimpleApplication@2f2aedf1
----------------- Done invoking toplevel() on ptolemy.moml.MoMLSimpleApplication@2f2aedf1
reloadAllAccessors: .functionClosureTest4

===========================================================================================
----------------- testing Sat Apr 04 13:48:47 UTC 2020 /home/travis/build/icyphy/ptII/ptolemy/actor/lib/test/auto/functionClosureTest5.xml
----------------- Instantiating /home/travis/build/icyphy/ptII/ptolemy/actor/lib/test/auto/functionClosureTest5.xml
3 ms. Memory: 545792K Free: 425455K (78%)
----------------- Invoking toplevel() on ptolemy.moml.MoMLSimpleApplication@56146f50
----------------- Done invoking toplevel() on ptolemy.moml.MoMLSimpleApplication@56146f50
reloadAllAccessors: .functionClosureTest5

===========================================================================================
----------------- testing Sat Apr 04 13:48:47 UTC 2020 /home/travis/build/icyphy/ptII/ptolemy/actor/lib/test/auto/functionClosureTest6.xml
----------------- Instantiating /home/travis/build/icyphy/ptII/ptolemy/actor/lib/test/auto/functionClosureTest6.xml
1 ms. Memory: 545792K Free: 420864K (77%)
----------------- Invoking toplevel() on ptolemy.moml.MoMLSimpleApplication@6ce8ebe
----------------- Done invoking toplevel() on ptolemy.moml.MoMLSimpleApplication@6ce8ebe
reloadAllAccessors: .functionClosureTest6

===========================================================================================
----------------- testing Sat Apr 04 13:48:47 UTC 2020 /home/travis/build/icyphy/ptII/ptolemy/actor/lib/test/auto/functionsOnArcs.xml
----------------- Instantiating /home/travis/build/icyphy/ptII/ptolemy/actor/lib/test/auto/functionsOnArcs.xml
1 ms. Memory: 545792K Free: 415744K (76%)
----------------- Invoking toplevel() on ptolemy.moml.MoMLSimpleApplication@18f2dbc8
----------------- Done invoking toplevel() on ptolemy.moml.MoMLSimpleApplication@18f2dbc8
reloadAllAccessors: .functionsOnArcs

===========================================================================================
----------------- testing Sat Apr 04 13:48:47 UTC 2020 /home/travis/build/icyphy/ptII/ptolemy/actor/lib/test/auto/functionsOnArcsHOF.xml
----------------- Instantiating /home/travis/build/icyphy/ptII/ptolemy/actor/lib/test/auto/functionsOnArcsHOF.xml
5 ms. Memory: 545792K Free: 409600K (75%)
----------------- Invoking toplevel() on ptolemy.moml.MoMLSimpleApplication@1ca8497
----------------- Done invoking toplevel() on ptolemy.moml.MoMLSimpleApplication@1ca8497
reloadAllAccessors: .functionsOnArcsHOF

===========================================================================================
----------------- testing Sat Apr 04 13:48:47 UTC 2020 /home/travis/build/icyphy/ptII/ptolemy/actor/lib/test/auto/logic.xml
----------------- Instantiating /home/travis/build/icyphy/ptII/ptolemy/actor/lib/test/auto/logic.xml
2 ms. Memory: 545792K Free: 402432K (74%)
----------------- Invoking toplevel() on ptolemy.moml.MoMLSimpleApplication@46376238
----------------- Done invoking toplevel() on ptolemy.moml.MoMLSimpleApplication@46376238
reloadAllAccessors: .logic

===========================================================================================
----------------- testing Sat Apr 04 13:48:47 UTC 2020 /home/travis/build/icyphy/ptII/ptolemy/actor/lib/test/auto/matrixType.xml
----------------- Instantiating /home/travis/build/icyphy/ptII/ptolemy/actor/lib/test/auto/matrixType.xml
1 ms. Memory: 545792K Free: 396783K (73%)
----------------- Invoking toplevel() on ptolemy.moml.MoMLSimpleApplication@57070a96
----------------- Done invoking toplevel() on ptolemy.moml.MoMLSimpleApplication@57070a96
reloadAllAccessors: .matrixType

===========================================================================================
----------------- testing Sat Apr 04 13:48:47 UTC 2020 /home/travis/build/icyphy/ptII/ptolemy/actor/lib/test/auto/matrixType10.xml
----------------- Instantiating /home/travis/build/icyphy/ptII/ptolemy/actor/lib/test/auto/matrixType10.xml
1 ms. Memory: 545792K Free: 392192K (72%)
----------------- Invoking toplevel() on ptolemy.moml.MoMLSimpleApplication@72e78f27
----------------- Done invoking toplevel() on ptolemy.moml.MoMLSimpleApplication@72e78f27
reloadAllAccessors: .matrixType10

===========================================================================================
----------------- testing Sat Apr 04 13:48:47 UTC 2020 /home/travis/build/icyphy/ptII/ptolemy/actor/lib/test/auto/matrixType11.xml
----------------- Instantiating /home/travis/build/icyphy/ptII/ptolemy/actor/lib/test/auto/matrixType11.xml
1 ms. Memory: 545792K Free: 387582K (71%)
----------------- Invoking toplevel() on ptolemy.moml.MoMLSimpleApplication@608bf8d4
----------------- Done invoking toplevel() on ptolemy.moml.MoMLSimpleApplication@608bf8d4
reloadAllAccessors: .matrixType11

===========================================================================================
----------------- testing Sat Apr 04 13:48:47 UTC 2020 /home/travis/build/icyphy/ptII/ptolemy/actor/lib/test/auto/matrixType12.xml
----------------- Instantiating /home/travis/build/icyphy/ptII/ptolemy/actor/lib/test/auto/matrixType12.xml
1 ms. Memory: 545792K Free: 382462K (70%)
----------------- Invoking toplevel() on ptolemy.moml.MoMLSimpleApplication@d7e76a6
----------------- Done invoking toplevel() on ptolemy.moml.MoMLSimpleApplication@d7e76a6
reloadAllAccessors: .matrixType12

===========================================================================================
----------------- testing Sat Apr 04 13:48:47 UTC 2020 /home/travis/build/icyphy/ptII/ptolemy/actor/lib/test/auto/matrixType13.xml
----------------- Instantiating /home/travis/build/icyphy/ptII/ptolemy/actor/lib/test/auto/matrixType13.xml
1 ms. Memory: 545792K Free: 377856K (69%)
----------------- Invoking toplevel() on ptolemy.moml.MoMLSimpleApplication@40712a9
----------------- Done invoking toplevel() on ptolemy.moml.MoMLSimpleApplication@40712a9
reloadAllAccessors: .matrixType13

===========================================================================================
----------------- testing Sat Apr 04 13:48:47 UTC 2020 /home/travis/build/icyphy/ptII/ptolemy/actor/lib/test/auto/matrixType14.xml
----------------- Instantiating /home/travis/build/icyphy/ptII/ptolemy/actor/lib/test/auto/matrixType14.xml
1 ms. Memory: 545792K Free: 372207K (68%)
----------------- Invoking toplevel() on ptolemy.moml.MoMLSimpleApplication@a3fdfdf
----------------- Done invoking toplevel() on ptolemy.moml.MoMLSimpleApplication@a3fdfdf
reloadAllAccessors: .matrixType14

===========================================================================================
----------------- testing Sat Apr 04 13:48:47 UTC 2020 /home/travis/build/icyphy/ptII/ptolemy/actor/lib/test/auto/matrixType2.xml
----------------- Instantiating /home/travis/build/icyphy/ptII/ptolemy/actor/lib/test/auto/matrixType2.xml
1 ms. Memory: 545792K Free: 367087K (67%)
----------------- Invoking toplevel() on ptolemy.moml.MoMLSimpleApplication@3a57f6a4
----------------- Done invoking toplevel() on ptolemy.moml.MoMLSimpleApplication@3a57f6a4
reloadAllAccessors: .matrixType2

===========================================================================================
----------------- testing Sat Apr 04 13:48:47 UTC 2020 /home/travis/build/icyphy/ptII/ptolemy/actor/lib/test/auto/matrixType3.xml
----------------- Instantiating /home/travis/build/icyphy/ptII/ptolemy/actor/lib/test/auto/matrixType3.xml
2 ms. Memory: 545792K Free: 362496K (66%)
----------------- Invoking toplevel() on ptolemy.moml.MoMLSimpleApplication@135ec336
----------------- Done invoking toplevel() on ptolemy.moml.MoMLSimpleApplication@135ec336
reloadAllAccessors: .matrixType3

===========================================================================================
----------------- testing Sat Apr 04 13:48:47 UTC 2020 /home/travis/build/icyphy/ptII/ptolemy/actor/lib/test/auto/matrixType4.xml
----------------- Instantiating /home/travis/build/icyphy/ptII/ptolemy/actor/lib/test/auto/matrixType4.xml
1 ms. Memory: 545792K Free: 357376K (65%)
----------------- Invoking toplevel() on ptolemy.moml.MoMLSimpleApplication@54ece2c1
----------------- Done invoking toplevel() on ptolemy.moml.MoMLSimpleApplication@54ece2c1
reloadAllAccessors: .matrixType4

===========================================================================================
----------------- testing Sat Apr 04 13:48:47 UTC 2020 /home/travis/build/icyphy/ptII/ptolemy/actor/lib/test/auto/matrixType5.xml
----------------- Instantiating /home/travis/build/icyphy/ptII/ptolemy/actor/lib/test/auto/matrixType5.xml
1 ms. Memory: 545792K Free: 352766K (65%)
----------------- Invoking toplevel() on ptolemy.moml.MoMLSimpleApplication@2f337514
----------------- Done invoking toplevel() on ptolemy.moml.MoMLSimpleApplication@2f337514
reloadAllAccessors: .matrixType5

===========================================================================================
----------------- testing Sat Apr 04 13:48:47 UTC 2020 /home/travis/build/icyphy/ptII/ptolemy/actor/lib/test/auto/matrixType6.xml
----------------- Instantiating /home/travis/build/icyphy/ptII/ptolemy/actor/lib/test/auto/matrixType6.xml
1 ms. Memory: 545792K Free: 347646K (64%)
----------------- Invoking toplevel() on ptolemy.moml.MoMLSimpleApplication@586c15ce
----------------- Done invoking toplevel() on ptolemy.moml.MoMLSimpleApplication@586c15ce
reloadAllAccessors: .matrixType6

===========================================================================================
----------------- testing Sat Apr 04 13:48:47 UTC 2020 /home/travis/build/icyphy/ptII/ptolemy/actor/lib/test/auto/matrixType7.xml
----------------- Instantiating /home/travis/build/icyphy/ptII/ptolemy/actor/lib/test/auto/matrixType7.xml
1 ms. Memory: 545792K Free: 343040K (63%)
----------------- Invoking toplevel() on ptolemy.moml.MoMLSimpleApplication@bb90c75
----------------- Done invoking toplevel() on ptolemy.moml.MoMLSimpleApplication@bb90c75
reloadAllAccessors: .matrixType7

===========================================================================================
----------------- testing Sat Apr 04 13:48:47 UTC 2020 /home/travis/build/icyphy/ptII/ptolemy/actor/lib/test/auto/matrixType8.xml
----------------- Instantiating /home/travis/build/icyphy/ptII/ptolemy/actor/lib/test/auto/matrixType8.xml
1 ms. Memory: 545792K Free: 338430K (62%)
----------------- Invoking toplevel() on ptolemy.moml.MoMLSimpleApplication@513db2dd
----------------- Done invoking toplevel() on ptolemy.moml.MoMLSimpleApplication@513db2dd
reloadAllAccessors: .matrixType8

===========================================================================================
----------------- testing Sat Apr 04 13:48:47 UTC 2020 /home/travis/build/icyphy/ptII/ptolemy/actor/lib/test/auto/matrixType9.xml
----------------- Instantiating /home/travis/build/icyphy/ptII/ptolemy/actor/lib/test/auto/matrixType9.xml
1 ms. Memory: 545792K Free: 333310K (61%)
----------------- Invoking toplevel() on ptolemy.moml.MoMLSimpleApplication@d540b50
----------------- Done invoking toplevel() on ptolemy.moml.MoMLSimpleApplication@d540b50
reloadAllAccessors: .matrixType9

===========================================================================================
----------------- testing Sat Apr 04 13:48:47 UTC 2020 /home/travis/build/icyphy/ptII/ptolemy/actor/lib/test/auto/paraFunctest.xml
----------------- Instantiating /home/travis/build/icyphy/ptII/ptolemy/actor/lib/test/auto/paraFunctest.xml
1 ms. Memory: 545792K Free: 329214K (60%)
----------------- Invoking toplevel() on ptolemy.moml.MoMLSimpleApplication@286351b7
----------------- Done invoking toplevel() on ptolemy.moml.MoMLSimpleApplication@286351b7
reloadAllAccessors: .paraFunctest

===========================================================================================
----------------- testing Sat Apr 04 13:48:47 UTC 2020 /home/travis/build/icyphy/ptII/ptolemy/actor/lib/test/auto/paraFunctest2.xml
----------------- Instantiating /home/travis/build/icyphy/ptII/ptolemy/actor/lib/test/auto/paraFunctest2.xml
1 ms. Memory: 545792K Free: 324094K (59%)
----------------- Invoking toplevel() on ptolemy.moml.MoMLSimpleApplication@2f6b79f6
----------------- Done invoking toplevel() on ptolemy.moml.MoMLSimpleApplication@2f6b79f6
reloadAllAccessors: .paraFunctest2

===========================================================================================
----------------- testing Sat Apr 04 13:48:47 UTC 2020 /home/travis/build/icyphy/ptII/ptolemy/actor/lib/test/auto/parameterPassing.xml
----------------- Instantiating /home/travis/build/icyphy/ptII/ptolemy/actor/lib/test/auto/parameterPassing.xml
1 ms. Memory: 545792K Free: 319998K (59%)
----------------- Invoking toplevel() on ptolemy.moml.MoMLSimpleApplication@350fb22e
----------------- Done invoking toplevel() on ptolemy.moml.MoMLSimpleApplication@350fb22e
reloadAllAccessors: .parameterPassing

===========================================================================================
----------------- testing Sat Apr 04 13:48:47 UTC 2020 /home/travis/build/icyphy/ptII/ptolemy/actor/lib/test/auto/record.xml
----------------- Instantiating /home/travis/build/icyphy/ptII/ptolemy/actor/lib/test/auto/record.xml
1 ms. Memory: 545792K Free: 314878K (58%)
----------------- Invoking toplevel() on ptolemy.moml.MoMLSimpleApplication@55c852ac
----------------- Done invoking toplevel() on ptolemy.moml.MoMLSimpleApplication@55c852ac
reloadAllAccessors: .record

===========================================================================================
----------------- testing Sat Apr 04 13:48:47 UTC 2020 /home/travis/build/icyphy/ptII/ptolemy/actor/lib/test/auto/sizedarray1.xml
----------------- Instantiating /home/travis/build/icyphy/ptII/ptolemy/actor/lib/test/auto/sizedarray1.xml
2 ms. Memory: 545792K Free: 309758K (57%)
----------------- Invoking toplevel() on ptolemy.moml.MoMLSimpleApplication@484679e3
----------------- Done invoking toplevel() on ptolemy.moml.MoMLSimpleApplication@484679e3
reloadAllAccessors: .sizedarray1

===========================================================================================
----------------- testing Sat Apr 04 13:48:47 UTC 2020 /home/travis/build/icyphy/ptII/ptolemy/actor/lib/test/auto/sizedarray2.xml
----------------- Instantiating /home/travis/build/icyphy/ptII/ptolemy/actor/lib/test/auto/sizedarray2.xml
2 ms. Memory: 545792K Free: 304638K (56%)
----------------- Invoking toplevel() on ptolemy.moml.MoMLSimpleApplication@7941ad
----------------- Done invoking toplevel() on ptolemy.moml.MoMLSimpleApplication@7941ad
reloadAllAccessors: .sizedarray2

===========================================================================================
----------------- testing Sat Apr 04 13:48:47 UTC 2020 /home/travis/build/icyphy/ptII/ptolemy/actor/lib/test/auto/twoPublishers.xml
----------------- Instantiating /home/travis/build/icyphy/ptII/ptolemy/actor/lib/test/auto/twoPublishers.xml
5 ms. Memory: 545792K Free: 294398K (54%)
----------------- Invoking toplevel() on ptolemy.moml.MoMLSimpleApplication@334897d3
----------------- Done invoking toplevel() on ptolemy.moml.MoMLSimpleApplication@334897d3
reloadAllAccessors: .twoPublishers
AutoTests.java: About to close Vertx.
AutoTests.java: Vertx closed.
]]></system-out>
  <system-err><![CDATA[java.lang.RuntimeException: Execution failed
	at ptolemy.moml.MoMLSimpleApplication$UnloadThread.run(MoMLSimpleApplication.java:402)
Caused by: java.lang.RuntimeException: StringUtilities.exit() was called. Normally, we would exit here because Manager.exitAfterWrapup() was called.  However, because the ptolemy.ptII.exitAfterWrapup property is set, we throw this exception instead.
	at ptolemy.util.StringUtilities.exit(StringUtilities.java:365)
	at ptolemy.actor.Manager.wrapup(Manager.java:1549)
	at ptolemy.actor.Manager.execute(Manager.java:407)
	at ptolemy.actor.Manager.run(Manager.java:1263)
	at ptolemy.actor.Manager$PtolemyRunThread.run(Manager.java:1933)
Warning: '.top.test' is in training mode, set the trainingMode parameter to false before checking in
Warning: '.top.test' is in training mode, set the trainingMode parameter to false before checking in
Warning: '.top.test' is in training mode, set the trainingMode parameter to false before checking in
Warning: '.BooleanSwitch_RegressionTest_WrongTrainingValues.Test' is in training mode, set the trainingMode parameter to false before checking in
Warning: '.BooleanSwitch_RegressionTest_WrongTrainingValues.Test2' is in training mode, set the trainingMode parameter to false before checking in
Warning: '.BooleanSwitch_RegressionTest_WrongTrainingValues.Test2' The test produced 0 tokens.
Warning: '.top.testExceptionHandler' is in training mode, set the trainingMode parameter to false before checking in
java.lang.RuntimeException: Execution failed
	at ptolemy.moml.MoMLSimpleApplication$UnloadThread.run(MoMLSimpleApplication.java:402)
Caused by: ptolemy.kernel.util.IllegalActionException: PublisherPorts cannot be used at the top level, use a Publisher actor instead.
  in .PublisherPortToplevelSubscriber.PublisherPort
	at ptolemy.actor.PublisherPort.preinitialize(PublisherPort.java:403)
	at ptolemy.actor.CompositeActor.preinitialize(CompositeActor.java:1769)
	at ptolemy.actor.Manager.preinitializeAndResolveTypes(Manager.java:1040)
	at ptolemy.actor.Manager.initialize(Manager.java:710)
	at ptolemy.actor.Manager.execute(Manager.java:356)
	at ptolemy.actor.Manager.run(Manager.java:1263)
	at ptolemy.actor.Manager$PtolemyRunThread.run(Manager.java:1933)
java.lang.reflect.InvocationTargetException
	at java.base/jdk.internal.reflect.NativeConstructorAccessorImpl.newInstance0(Native Method)
	at java.base/jdk.internal.reflect.NativeConstructorAccessorImpl.newInstance(NativeConstructorAccessorImpl.java:62)
	at java.base/jdk.internal.reflect.DelegatingConstructorAccessorImpl.newInstance(DelegatingConstructorAccessorImpl.java:45)
	at java.base/java.lang.reflect.Constructor.newInstance(Constructor.java:490)
	at ptolemy.util.test.junit.AutoKnownFailedTests.RunModel(AutoKnownFailedTests.java:105)
	at java.base/jdk.internal.reflect.NativeMethodAccessorImpl.invoke0(Native Method)
	at java.base/jdk.internal.reflect.NativeMethodAccessorImpl.invoke(NativeMethodAccessorImpl.java:62)
	at java.base/jdk.internal.reflect.DelegatingMethodAccessorImpl.invoke(DelegatingMethodAccessorImpl.java:43)
	at java.base/java.lang.reflect.Method.invoke(Method.java:566)
	at org.junit.runners.model.FrameworkMethod$1.runReflectiveCall(FrameworkMethod.java:44)
	at org.junit.internal.runners.model.ReflectiveCallable.run(ReflectiveCallable.java:15)
	at org.junit.runners.model.FrameworkMethod.invokeExplosively(FrameworkMethod.java:41)
	at junitparams.internal.InvokeParameterisedMethod.evaluate(InvokeParameterisedMethod.java:102)
	at org.junit.internal.runners.statements.FailOnTimeout$1.run(FailOnTimeout.java:28)
Caused by: ptolemy.kernel.util.IllegalActionException: PublisherPorts cannot be used at the top level, use a Publisher actor instead.
  in .PublisherPortToplevelSubscriber.PublisherPort
	at ptolemy.actor.PublisherPort.preinitialize(PublisherPort.java:403)
	at ptolemy.actor.CompositeActor.preinitialize(CompositeActor.java:1769)
	at ptolemy.actor.Manager.preinitializeAndResolveTypes(Manager.java:1040)
	at ptolemy.actor.Manager.initialize(Manager.java:710)
	at ptolemy.actor.Manager.execute(Manager.java:356)
	at ptolemy.actor.Manager.run(Manager.java:1263)
	at ptolemy.actor.Manager$PtolemyRunThread.run(Manager.java:1933)
java.lang.RuntimeException: Execution failed
	at ptolemy.moml.MoMLSimpleApplication$UnloadThread.run(MoMLSimpleApplication.java:402)
Caused by: ptolemy.kernel.util.IllegalActionException: SubscriberPorts cannot be used at the top level, use a Subscriber actor instead.
  in .PublisherSubscriberPortToplevel.SubscriberPort
	at ptolemy.actor.SubscriberPort.preinitialize(SubscriberPort.java:328)
	at ptolemy.actor.CompositeActor.preinitialize(CompositeActor.java:1769)
	at ptolemy.actor.Manager.preinitializeAndResolveTypes(Manager.java:1040)
	at ptolemy.actor.Manager.initialize(Manager.java:710)
	at ptolemy.actor.Manager.execute(Manager.java:356)
	at ptolemy.actor.Manager.run(Manager.java:1263)
	at ptolemy.actor.Manager$PtolemyRunThread.run(Manager.java:1933)
java.lang.reflect.InvocationTargetException
	at java.base/jdk.internal.reflect.NativeConstructorAccessorImpl.newInstance0(Native Method)
	at java.base/jdk.internal.reflect.NativeConstructorAccessorImpl.newInstance(NativeConstructorAccessorImpl.java:62)
	at java.base/jdk.internal.reflect.DelegatingConstructorAccessorImpl.newInstance(DelegatingConstructorAccessorImpl.java:45)
	at java.base/java.lang.reflect.Constructor.newInstance(Constructor.java:490)
	at ptolemy.util.test.junit.AutoKnownFailedTests.RunModel(AutoKnownFailedTests.java:105)
	at java.base/jdk.internal.reflect.NativeMethodAccessorImpl.invoke0(Native Method)
	at java.base/jdk.internal.reflect.NativeMethodAccessorImpl.invoke(NativeMethodAccessorImpl.java:62)
	at java.base/jdk.internal.reflect.DelegatingMethodAccessorImpl.invoke(DelegatingMethodAccessorImpl.java:43)
	at java.base/java.lang.reflect.Method.invoke(Method.java:566)
	at org.junit.runners.model.FrameworkMethod$1.runReflectiveCall(FrameworkMethod.java:44)
	at org.junit.internal.runners.model.ReflectiveCallable.run(ReflectiveCallable.java:15)
	at org.junit.runners.model.FrameworkMethod.invokeExplosively(FrameworkMethod.java:41)
	at junitparams.internal.InvokeParameterisedMethod.evaluate(InvokeParameterisedMethod.java:102)
	at org.junit.internal.runners.statements.FailOnTimeout$1.run(FailOnTimeout.java:28)
Caused by: ptolemy.kernel.util.IllegalActionException: SubscriberPorts cannot be used at the top level, use a Subscriber actor instead.
  in .PublisherSubscriberPortToplevel.SubscriberPort
	at ptolemy.actor.SubscriberPort.preinitialize(SubscriberPort.java:328)
	at ptolemy.actor.CompositeActor.preinitialize(CompositeActor.java:1769)
	at ptolemy.actor.Manager.preinitializeAndResolveTypes(Manager.java:1040)
	at ptolemy.actor.Manager.initialize(Manager.java:710)
	at ptolemy.actor.Manager.execute(Manager.java:356)
	at ptolemy.actor.Manager.run(Manager.java:1263)
	at ptolemy.actor.Manager$PtolemyRunThread.run(Manager.java:1933)
java.lang.RuntimeException: Execution failed
	at ptolemy.moml.MoMLSimpleApplication$UnloadThread.run(MoMLSimpleApplication.java:402)
Caused by: ptolemy.kernel.util.IllegalActionException: SubscriptionAggregatorPorts cannot be used at the top level, use a SubscriptionAggregator actor instead.
  in .PublisherSubscriptionAggregatorPort.SubscriptionAggregatorPort
	at ptolemy.actor.SubscriptionAggregatorPort.preinitialize(SubscriptionAggregatorPort.java:353)
	at ptolemy.actor.CompositeActor.preinitialize(CompositeActor.java:1769)
	at ptolemy.actor.Manager.preinitializeAndResolveTypes(Manager.java:1040)
	at ptolemy.actor.Manager.initialize(Manager.java:710)
	at ptolemy.actor.Manager.execute(Manager.java:356)
	at ptolemy.actor.Manager.run(Manager.java:1263)
	at ptolemy.actor.Manager$PtolemyRunThread.run(Manager.java:1933)
java.lang.reflect.InvocationTargetException
	at java.base/jdk.internal.reflect.NativeConstructorAccessorImpl.newInstance0(Native Method)
	at java.base/jdk.internal.reflect.NativeConstructorAccessorImpl.newInstance(NativeConstructorAccessorImpl.java:62)
	at java.base/jdk.internal.reflect.DelegatingConstructorAccessorImpl.newInstance(DelegatingConstructorAccessorImpl.java:45)
	at java.base/java.lang.reflect.Constructor.newInstance(Constructor.java:490)
	at ptolemy.util.test.junit.AutoKnownFailedTests.RunModel(AutoKnownFailedTests.java:105)
	at java.base/jdk.internal.reflect.NativeMethodAccessorImpl.invoke0(Native Method)
	at java.base/jdk.internal.reflect.NativeMethodAccessorImpl.invoke(NativeMethodAccessorImpl.java:62)
	at java.base/jdk.internal.reflect.DelegatingMethodAccessorImpl.invoke(DelegatingMethodAccessorImpl.java:43)
	at java.base/java.lang.reflect.Method.invoke(Method.java:566)
	at org.junit.runners.model.FrameworkMethod$1.runReflectiveCall(FrameworkMethod.java:44)
	at org.junit.internal.runners.model.ReflectiveCallable.run(ReflectiveCallable.java:15)
	at org.junit.runners.model.FrameworkMethod.invokeExplosively(FrameworkMethod.java:41)
	at junitparams.internal.InvokeParameterisedMethod.evaluate(InvokeParameterisedMethod.java:102)
	at org.junit.internal.runners.statements.FailOnTimeout$1.run(FailOnTimeout.java:28)
Caused by: ptolemy.kernel.util.IllegalActionException: SubscriptionAggregatorPorts cannot be used at the top level, use a SubscriptionAggregator actor instead.
  in .PublisherSubscriptionAggregatorPort.SubscriptionAggregatorPort
	at ptolemy.actor.SubscriptionAggregatorPort.preinitialize(SubscriptionAggregatorPort.java:353)
	at ptolemy.actor.CompositeActor.preinitialize(CompositeActor.java:1769)
	at ptolemy.actor.Manager.preinitializeAndResolveTypes(Manager.java:1040)
	at ptolemy.actor.Manager.initialize(Manager.java:710)
	at ptolemy.actor.Manager.execute(Manager.java:356)
	at ptolemy.actor.Manager.run(Manager.java:1263)
	at ptolemy.actor.Manager$PtolemyRunThread.run(Manager.java:1933)
java.lang.RuntimeException: Execution failed
	at ptolemy.moml.MoMLSimpleApplication$UnloadThread.run(MoMLSimpleApplication.java:402)
Caused by: ptolemy.kernel.util.IllegalActionException: TypeTest actor has no training data.
  in .sizedarray3.TypeTest
	at ptolemy.actor.lib.TypeTest.initialize(TypeTest.java:250)
	at ptolemy.actor.Director.initialize(Director.java:938)
	at ptolemy.actor.Director.initialize(Director.java:907)
	at ptolemy.actor.sched.StaticSchedulingDirector.initialize(StaticSchedulingDirector.java:159)
	at ptolemy.domains.sdf.kernel.SDFDirector.initialize(SDFDirector.java:544)
	at ptolemy.actor.CompositeActor.initialize(CompositeActor.java:935)
	at ptolemy.actor.Manager.initialize(Manager.java:724)
	at ptolemy.actor.Manager.execute(Manager.java:356)
	at ptolemy.actor.Manager.run(Manager.java:1263)
	at ptolemy.actor.Manager$PtolemyRunThread.run(Manager.java:1933)
java.lang.reflect.InvocationTargetException
	at java.base/jdk.internal.reflect.NativeConstructorAccessorImpl.newInstance0(Native Method)
	at java.base/jdk.internal.reflect.NativeConstructorAccessorImpl.newInstance(NativeConstructorAccessorImpl.java:62)
	at java.base/jdk.internal.reflect.DelegatingConstructorAccessorImpl.newInstance(DelegatingConstructorAccessorImpl.java:45)
	at java.base/java.lang.reflect.Constructor.newInstance(Constructor.java:490)
	at ptolemy.util.test.junit.AutoKnownFailedTests.RunModel(AutoKnownFailedTests.java:105)
	at java.base/jdk.internal.reflect.NativeMethodAccessorImpl.invoke0(Native Method)
	at java.base/jdk.internal.reflect.NativeMethodAccessorImpl.invoke(NativeMethodAccessorImpl.java:62)
	at java.base/jdk.internal.reflect.DelegatingMethodAccessorImpl.invoke(DelegatingMethodAccessorImpl.java:43)
	at java.base/java.lang.reflect.Method.invoke(Method.java:566)
	at org.junit.runners.model.FrameworkMethod$1.runReflectiveCall(FrameworkMethod.java:44)
	at org.junit.internal.runners.model.ReflectiveCallable.run(ReflectiveCallable.java:15)
	at org.junit.runners.model.FrameworkMethod.invokeExplosively(FrameworkMethod.java:41)
	at junitparams.internal.InvokeParameterisedMethod.evaluate(InvokeParameterisedMethod.java:102)
	at org.junit.internal.runners.statements.FailOnTimeout$1.run(FailOnTimeout.java:28)
Caused by: ptolemy.kernel.util.IllegalActionException: TypeTest actor has no training data.
  in .sizedarray3.TypeTest
	at ptolemy.actor.lib.TypeTest.initialize(TypeTest.java:250)
	at ptolemy.actor.Director.initialize(Director.java:938)
	at ptolemy.actor.Director.initialize(Director.java:907)
	at ptolemy.actor.sched.StaticSchedulingDirector.initialize(StaticSchedulingDirector.java:159)
	at ptolemy.domains.sdf.kernel.SDFDirector.initialize(SDFDirector.java:544)
	at ptolemy.actor.CompositeActor.initialize(CompositeActor.java:935)
	at ptolemy.actor.Manager.initialize(Manager.java:724)
	at ptolemy.actor.Manager.execute(Manager.java:356)
	at ptolemy.actor.Manager.run(Manager.java:1263)
	at ptolemy.actor.Manager$PtolemyRunThread.run(Manager.java:1933)
]]></system-err>
</testsuite>
