<?xml version="1.0" encoding="UTF-8" ?>
<testsuite errors="0" failures="0" hostname="travis-job-2240711a-42a2-44ec-96fc-cc99f6c13828" name="ptolemy.domains.de.test.junit.JUnitTclTest" skipped="0" tests="101" time="133.992" timestamp="2019-09-18T05:42:01">
  <properties>
    <property name="npm.executable" value="npm" />
    <property name="env.TRAVIS_ROOT" value="/" />
    <property name="ptII.mk.exists" value="true" />
    <property name="env.TRAVIS_APP_HOST" value="build.travis-ci.org" />
    <property name="env.rvm_bin_path" value="/home/travis/.rvm/bin" />
    <property name="java.home" value="/usr/local/lib/jvm/openjdk11" />
    <property name="env.TRAVIS_JOB_NUMBER" value="1333.9" />
    <property name="env.TRAVIS_HOME" value="/home/travis" />
    <property name="env.DISPLAY" value=":99.0" />
    <property name="env.TRAVIS_INIT" value="systemd" />
    <property name="env.SSH_TTY" value="/dev/pts/0" />
    <property name="java.net.preferIPv4Stack" value="true" />
    <property name="env.RUN_TESTS" value="true" />
    <property name="timeout.short" value="1000000" />
    <property name="junit.formatter" value="xml" />
    <property name="env.TRAVIS_SUDO" value="true" />
    <property name="env.TRAVIS_JOB_NAME" value="" />
    <property name="env.TRAVIS_STACK_NODE_ATTRIBUTES" value="/.node-attributes.yml" />
    <property name="env.LOGNAME" value="travis" />
    <property name="jsdoc.home" value="node_modules/@terraswarm/jsdoc" />
    <property name="debuglevel" value="source,lines,vars" />
    <property name="checkstyle.formatter" value="xml" />
    <property name="env._system_version" value="16.04" />
    <property name="bin.vergil.makeable" value="true" />
    <property name="sun.os.patch.level" value="unknown" />
    <property name="java.vendor.url" value="http://java.oracle.com/" />
    <property name="env.TRAVIS_BUILD_WEB_URL" value="https://travis-ci.org/icyphy/ptII/builds/586372259" />
    <property name="java.version" value="11.0.2" />
    <property name="env.TZ" value="UTC" />
    <property name="env.TRAVIS_PULL_REQUEST_SHA" value="" />
    <property name="env.PT_NO_NET" value="true" />
    <property name="env.TRAVIS_SECURE_ENV_VARS" value="true" />
    <property name="env._system_type" value="Linux" />
    <property name="java.vendor.url.bug" value="http://bugreport.java.com/bugreport/" />
    <property name="npmjs-org-is-up" value="true" />
    <property name="env.LANGUAGE" value="en_US.UTF-8" />
    <property name="env.SSH_CLIENT" value="10.24.30.5 58334 22" />
    <property name="env.GEM_HOME" value="/home/travis/.rvm/gems/ruby-2.5.3" />
    <property name="env.HAS_ANTARES_THREE_LITTLE_FRONZIES_BADGE" value="true" />
    <property name="java.version.date" value="2019-01-15" />
    <property name="env.PS4" value="+" />
    <property name="ant.project.invoked-targets" value="build,test.core2.xml" />
    <property name="env.TRAVIS_PULL_REQUEST_BRANCH" value="" />
    <property name="env.TRAVIS_REPO_SLUG" value="icyphy/ptII" />
    <property name="env.XDG_DATA_DIRS" value="/usr/local/share:/usr/share:/var/lib/snapd/desktop" />
    <property name="jdk.debug" value="release" />
    <property name="env.TRAVIS_APT_PROXY" value="http://apt.cache.travis-ci.com" />
    <property name="node.in.path" value="true" />
    <property name="user.name" value="travis" />
    <property name="java.maxmemory" value="1400m" />
    <property name="env.RUBY_VERSION" value="ruby-2.5.3" />
    <property name="env.LANG" value="en_US.UTF-8" />
    <property name="sun.io.unicode.encoding" value="UnicodeLittle" />
    <property name="sun.jnu.encoding" value="UTF-8" />
    <property name="java.runtime.name" value="OpenJDK Runtime Environment" />
    <property name="usefile" value="false" />
    <property name="return.code" value="0" />
    <property name="junit.single.formatter" value="plain" />
    <property name="env.DYLD_LIBRARY_PATH" value="/home/travis/pthla/certi-tools/lib:" />
    <property name="env.DEBIAN_FRONTEND" value="noninteractive" />
    <property name="env.SSH_CONNECTION" value="10.24.30.5 58334 10.20.1.39 22" />
    <property name="env.MYSQL_UNIX_PORT" value="/var/run/mysqld/mysqld.sock" />
    <property name="env.LC_ALL" value="en_US.UTF-8" />
    <property name="env.TRAVIS_ALLOW_FAILURE" value="false" />
    <property name="env.TRAVIS_JOB_WEB_URL" value="https://travis-ci.org/icyphy/ptII/jobs/586372268" />
    <property name="java.specification.name" value="Java Platform API Specification" />
    <property name="node.works" value="true" />
    <property name="user.timezone" value="" />
    <property name="path.separator" value=":" />
    <property name="env.TRAVIS_ENABLE_INFRA_DETECTION" value="true" />
    <property name="env.PYTHON_CFLAGS" value="-g -fstack-protector --param=ssp-buffer-size=4 -Wformat -Werror=format-security" />
    <property name="timeout.long" value="4000000" />
    <property name="env.CERTI_HOME" value="/home/travis/pthla/certi-tools" />
    <property name="ant.file.ptII" value="/home/travis/build/icyphy/ptII/build.xml" />
    <property name="javadoc.packagenames" value="com.*,diva.*,lbnl.*,org.hlacerti.*,org.json.*,org.ptolemy.*,org.terraswarm.*,ptolemy.*,ptserver.*" />
    <property name="file.encoding" value="UTF-8" />
    <property name="env.TRAVIS_PULL_REQUEST_SLUG" value="" />
    <property name="ant.project.default-target" value="build" />
    <property name="env.GIT_ASKPASS" value="echo" />
    <property name="env.HOME" value="/home/travis" />
    <property name="sun.java.command" value="org.apache.tools.ant.taskdefs.optional.junit.JUnitTestRunner ptolemy.domains.de.test.junit.JUnitTclTest skipNonTests=false filtertrace=true haltOnError=false haltOnFailure=false formatter=org.apache.tools.ant.taskdefs.optional.junit.OutErrSummaryJUnitResultFormatter showoutput=true outputtoformatters=true logfailedtests=true threadid=0 logtestlistenerevents=false formatter=org.apache.tools.ant.taskdefs.optional.junit.XMLJUnitResultFormatter,/home/travis/build/icyphy/ptII/reports/junit/TEST-ptolemy.domains.de.test.junit.JUnitTclTest.xml crashfile=/home/travis/build/icyphy/ptII/junitvmwatcher10956496579505749044.properties propsfile=/home/travis/build/icyphy/ptII/junit7692468602274461423.properties" />
    <property name="env.COMPOSER_NO_INTERACTION" value="1" />
    <property name="env.MANPATH" value="/home/travis/.nvm/versions/node/v7.10.1/share/man:/home/travis/.rvm/rubies/ruby-2.5.3/share/man:/usr/local/cmake-3.12.4/man:/usr/local/clang-7.0.0/share/man:/usr/local/man:/usr/local/share/man:/usr/share/man:/home/travis/.rvm/man" />
    <property name="env.TRAVIS_TIMER_ID" value="06a1e7a6" />
    <property name="ant.file" value="/home/travis/build/icyphy/ptII/build.xml" />
    <property name="env.TRAVIS_COMMIT_RANGE" value="bc7bfed3151ace78f6177b95f8054c233d74f1bf...1691c4a63a7f6e8f7441362a7c71a7ee30ba8bb1" />
    <property name="env._system_name" value="Ubuntu" />
    <property name="ptII.classpath.optional.property" value="/home/travis/build/icyphy/ptII/lib/bsh-2.0b4.jar:/home/travis/build/icyphy/ptII/lib/ptCal.jar:/home/travis/build/icyphy/ptII/lib/java_cup.jar:/home/travis/build/icyphy/ptII/lib/saxon8.jar:/home/travis/build/icyphy/ptII/lib/saxon8-dom.jar:/home/travis/build/icyphy/ptII/lib/chic.jar:/home/travis/build/icyphy/ptII/lib/ptcolt.jar:/home/travis/build/icyphy/ptII/vendors/misc/itext/iText.jar:/home/travis/build/icyphy/ptII/lib/g4ltl.jar:/home/travis/build/icyphy/ptII/lib/StructuralCoder.jar:/home/travis/build/icyphy/ptII/lib/jcerti.jar:/home/travis/build/icyphy/ptII/lib/javax.mail.jar:/home/travis/build/icyphy/ptII/vendors/JMF-2.1.1e/lib/jmf.jar:/home/travis/build/icyphy/ptII/lib/jna-4.0.0-variadic.jar:/home/travis/build/icyphy/ptII/vendors/misc/joystick/Joystick.jar:/home/travis/build/icyphy/ptII/lib/ptjacl.jar:/home/travis/build/icyphy/ptII/lib/jsoup-1.8.2.jar:/home/travis/build/icyphy/ptII/lib/junit-4.8.2.jar:/home/travis/build/icyphy/ptII/lib/JUnitParams-0.4.0.jar:/home/travis/build/icyphy/ptII/ptolemy/actor/lib/excel/jxl.jar:/home/travis/build/icyphy/ptII/lib/jython.jar:/home/travis/build/icyphy/ptII/lib/kieler.jar:/home/travis/build/icyphy/ptII/vendors/opencv/share/OpenCV/java/opencv-341.jar:/home/travis/build/icyphy/ptII/lib/oscP5.jar:/home/travis/build/icyphy/ptII/lib/nrjavaserial-3.11.0.devel.jar:/home/travis/build/icyphy/ptII/vendors/j3d/lib/Linux/j3dcore.jar:/home/travis/build/icyphy/ptII/vendors/j3d/lib/Linux/j3dutils.jar:/home/travis/build/icyphy/ptII/vendors/j3d/lib/Linux/vecmath.jar:/home/travis/build/icyphy/ptII/vendors/jogl/lib/Linux/gluegen-rt-natives-linux-amd64.jar:/home/travis/build/icyphy/ptII/vendors/jogl/lib/Linux/gluegen-rt.jar:/home/travis/build/icyphy/ptII/vendors/jogl/lib/Linux/jogl-all-natives-linux-amd64.jar:/home/travis/build/icyphy/ptII/vendors/jogl/lib/Linux/jogl-all.jar:/home/travis/build/icyphy/ptII/ptolemy/distributed/jini/jar/jini-core.jar:/home/travis/build/icyphy/ptII/ptolemy/distributed/jini/jar/jini-ext.jar:/home/travis/build/icyphy/ptII/ptolemy/distributed/jini/jar/sun-util.jar:/home/travis/build/icyphy/ptII/lib/protobuf-java-2.4.1.jar:/home/travis/build/icyphy/ptII/lib/org.eclipse.paho.client.mqttv3.jar:/home/travis/build/icyphy/ptII/lib/mapss.jar:/home/travis/build/icyphy/ptII/ptolemy/actor/ptalon/antlr/antlr.jar:/home/travis/build/icyphy/ptII/lib/JRI.jar:/home/travis/build/icyphy/ptII/lib/commons-lang-2.6.jar:/home/travis/build/icyphy/ptII/lib/commons-logging-1.1.1.jar:/home/travis/build/icyphy/ptII/lib/sootclasses.jar:/home/travis/build/icyphy/ptII/ptolemy/actor/lib/database/mysql-connector-java-5.1.6-bin.jar:/home/travis/build/icyphy/ptII/vendors/misc/sphinx4/sphinx4-data-5prealpha.jar:/home/travis/build/icyphy/ptII/vendors/misc/sphinx4/sphinx4-core-5prealpha.jar:/home/travis/build/icyphy/ptII/lib/PDFRenderer.jar:/home/travis/build/icyphy/ptII/lib/svgSalamander.jar:/home/travis/build/icyphy/ptII/lib/rsyntaxtextarea-2.6.0-SNAPSHOT.jar:/home/travis/build/icyphy/ptII/lib/hazelcast-3.8.2.jar:/home/travis/build/icyphy/ptII/lib/jackson-annotations-2.9.0.jar:/home/travis/build/icyphy/ptII/lib/jackson-core-2.9.3.jar:/home/travis/build/icyphy/ptII/lib/jackson-databind-2.9.3.jar:/home/travis/build/icyphy/ptII/lib/netty-buffer-4.1.19.Final.jar:/home/travis/build/icyphy/ptII/lib/netty-codec-4.1.19.Final.jar:/home/travis/build/icyphy/ptII/lib/netty-codec-dns-4.1.19.Final.jar:/home/travis/build/icyphy/ptII/lib/netty-codec-http-4.1.19.Final.jar:/home/travis/build/icyphy/ptII/lib/netty-codec-http2-4.1.19.Final.jar:/home/travis/build/icyphy/ptII/lib/netty-common-4.1.19.Final.jar:/home/travis/build/icyphy/ptII/lib/netty-handler-4.1.19.Final.jar:/home/travis/build/icyphy/ptII/lib/netty-resolver-4.1.19.Final.jar:/home/travis/build/icyphy/ptII/lib/netty-resolver-dns-4.1.19.Final.jar:/home/travis/build/icyphy/ptII/lib/netty-transport-4.1.19.Final.jar:/home/travis/build/icyphy/ptII/lib/vertx-codegen-3.5.1.jar:/home/travis/build/icyphy/ptII/lib/vertx-core-3.5.2-SNAPSHOT.jar:/home/travis/build/icyphy/ptII/lib/vertx-hazelcast-3.5.1.jar:/home/travis/build/icyphy/ptII/lib/vertx-lang-js-3.5.1.jar:/home/travis/build/icyphy/ptII/lib/vertx-service-proxy-3.5.1.jar:/home/travis/build/icyphy/ptII/lib/vertx-web-3.5.1.jar:/home/travis/build/icyphy/ptII/lib/slf4j-api-1.7.13.jar:/home/travis/build/icyphy/ptII/lib/slf4j-simple-1.7.13.jar:/home/travis/build/icyphy/ptII/lib/webcam-capture-0.3.12.jar:/home/travis/build/icyphy/ptII/lib/bridj-0.7.0.jar:/home/travis/build/icyphy/ptII/lib/xbjlib-1.1.0.nrjavaserial.jar" />
    <property name="timeout" value="2400000" />
    <property name="test.batch" value="**/junit/*.java" />
    <property name="env._" value="/usr/bin/timeout" />
    <property name="java.io.tmpdir" value="/tmp" />
    <property name="user.language" value="en" />
    <property name="env.TRAVIS_INTERNAL_RUBY_REGEX" value="^ruby-(2\.[0-4]\.[0-9]|1\.9\.3)" />
    <property name="env.HISTCONTROL" value="ignoredups:ignorespace" />
    <property name="env.GOROOT" value="/home/travis/.gimme/versions/go1.11.1.linux.amd64" />
    <property name="line.separator" value="&#xa;" />
    <property name="target" value="11" />
    <property name="env.TRAVIS_BUILD_DIR" value="/home/travis/build/icyphy/ptII" />
    <property name="env.ANT_OPTS" value="-Xmx2048m" />
    <property name="ant.file.type" value="file" />
    <property name="ptolemy.ptII.batchMode" value="true" />
    <property name="env.HISTSIZE" value="1000" />
    <property name="env.MERB_ENV" value="test" />
    <property name="java.vm.info" value="mixed mode" />
    <property name="source" value="11" />
    <property name="java.vm.specification.name" value="Java Virtual Machine Specification" />
    <property name="env.TRAVIS_TEST_RESULT" value="0" />
    <property name="jsdoc.command" value="node_modules/@terraswarm/jsdoc/jsdoc.js" />
    <property name="npm.works" value="true" />
    <property name="cobertura.dir" value="/home/travis/build/icyphy/ptII/vendors/cobertura-2.0.3" />
    <property name="jsdoc.command.exists" value="true" />
    <property name="env.rvm_path" value="/home/travis/.rvm" />
    <property name="env.GEM_PATH" value="/home/travis/.rvm/gems/ruby-2.5.3:/home/travis/.rvm/gems/ruby-2.5.3@global" />
    <property name="env.LC_CTYPE" value="en_US.UTF-8" />
    <property name="env.TRAVIS_CMD" value="$PTII/bin/ptIITravisBuild.sh $SECONDS" />
    <property name="java.awt.printerjob" value="sun.print.PSPrinterJob" />
    <property name="env.TRAVIS_STACK_NAME" value="sardonyx" />
    <property name="env.TRAVIS_TIMER_START_TIME" value="1568785088345194970" />
    <property name="ant.version" value="Apache Ant(TM) version 1.10.1 compiled on February 2 2017" />
    <property name="ptII.reports" value="/home/travis/build/icyphy/ptII/reports" />
    <property name="env.TRAVIS_STACK_TIMESTAMP" value="2019-03-25 16:16:56 UTC" />
    <property name="ant.file.type.ptII" value="file" />
    <property name="env.RBENV_SHELL" value="bash" />
    <property name="os.name" value="Linux" />
    <property name="java.specification.vendor" value="Oracle Corporation" />
    <property name="env.rvm_version" value="1.29.7 (latest)" />
    <property name="env.TRAVIS_INFRA" value="unknown" />
    <property name="env.TERM" value="xterm" />
    <property name="java.vm.name" value="OpenJDK 64-Bit Server VM" />
    <property name="env.TRAVIS_BUILD_NUMBER" value="1333" />
    <property name="env.CI" value="true" />
    <property name="java.library.path" value="/home/travis/pthla/certi-tools/lib:/usr/lib/jni:/usr/local/share/OpenCV/java/:/usr/share/OpenCV/java::/usr/java/packages/lib:/usr/lib64:/lib64:/lib:/usr/lib" />
    <property name="jdk.module.path" value="/home/travis/build/icyphy/ptII/vendors/javafx/javafx-sdk-11.0.2/lib:" />
    <property name="env.rvm_prefix" value="/home/travis" />
    <property name="env.PATH" value="/home/travis/pthla/certi-tools/share/scripts:/home/travis/.rvm/gems/ruby-2.5.3/bin:/home/travis/.rvm/gems/ruby-2.5.3@global/bin:/home/travis/.rvm/rubies/ruby-2.5.3/bin:/home/travis/.rvm/bin:/home/travis/.nvm/versions/node/v7.10.1/bin:./node_modules/.bin:/home/travis/build/icyphy/ptII/bin:/home/travis/pthla/certi-tools/bin:/home/travis/bin:/home/travis/.local/bin:/usr/local/lib/jvm/openjdk11/bin:/opt/pyenv/shims:/home/travis/.phpenv/shims:/home/travis/perl5/perlbrew/bin:/home/travis/gopath/bin:/home/travis/.gimme/versions/go1.11.1.linux.amd64/bin:/usr/local/maven-3.6.0/bin:/usr/local/cmake-3.12.4/bin:/usr/local/clang-7.0.0/bin:/usr/local/sbin:/usr/local/bin:/usr/sbin:/usr/bin:/sbin:/bin:/snap/bin:/home/travis/.phpenv/bin:/opt/pyenv/bin:/home/travis/.yarn/bin" />
    <property name="env.TRAVIS_OS_NAME" value="linux" />
    <property name="ant.java.version" value="9" />
    <property name="basedir" value="/home/travis/build/icyphy/ptII" />
    <property name="java.class.version" value="55.0" />
    <property name="env.SHLVL" value="3" />
    <property name="env.LD_LIBRARY_PATH" value="/home/travis/pthla/certi-tools/lib:/usr/lib/jni:/usr/local/share/OpenCV/java/:/usr/share/OpenCV/java:" />
    <property name="env.RACK_ENV" value="test" />
    <property name="ant.home" value="/home/travis/build/icyphy/ptII/ant" />
    <property name="env.NVM_DIR" value="/home/travis/.nvm" />
    <property name="env.CERTI_FOM_PATH" value="/home/travis/pthla/certi-tools/share/federations" />
    <property name="env.TRAVIS_BUILD_ID" value="586372259" />
    <property name="env.PYENV_ROOT" value="/opt/pyenv" />
    <property name="env.TRAVIS_UID" value="2000" />
    <property name="prism.verbose" value="true" />
    <property name="env.NVM_BIN" value="/home/travis/.nvm/versions/node/v7.10.1/bin" />
    <property name="env.TRAVIS_COMMIT" value="1691c4a63a7f6e8f7441362a7c71a7ee30ba8bb1" />
    <property name="env._system_arch" value="x86_64" />
    <property name="node.executable" value="node" />
    <property name="sun.boot.library.path" value="/usr/local/lib/jvm/openjdk11/lib" />
    <property name="sun.management.compiler" value="HotSpot 64-Bit Tiered Compilers" />
    <property name="java.awt.graphicsenv" value="sun.awt.X11GraphicsEnvironment" />
    <property name="env.GOPATH" value="/home/travis/gopath" />
    <property name="ptolemy.ptII.dir" value="/home/travis/build/icyphy/ptII" />
    <property name="env.USER" value="travis" />
    <property name="env.HISTFILESIZE" value="2000" />
    <property name="timeout.longest" value="19000000" />
    <property name="env.PERLBREW_SHELLRC_VERSION" value="0.86" />
    <property name="env.TRAVIS_STACK_FEATURES" value="basic couchdb disabled-ipv6 docker docker-compose elasticsearch firefox go-toolchain google-chrome jdk memcached mongodb mysql nodejs_interpreter perl_interpreter perlbrew phantomjs postgresql python_interpreter redis ruby_interpreter sqlite xserver" />
    <property name="env.TRAVIS_PULL_REQUEST" value="false" />
    <property name="env.PYENV_SHELL" value="bash" />
    <property name="ant.project.name" value="ptII" />
    <property name="env.ANSI_RESET" value="\033[0m" />
    <property name="java.vm.specification.version" value="11" />
    <property name="env.TRAVIS_DIST" value="xenial" />
    <property name="env.CERTI_VERSION" value="4.0.0" />
    <property name="env.CERTI_HOST" value="localhost" />
    <property name="awt.toolkit" value="sun.awt.X11.XToolkit" />
    <property name="env.MY_RUBY_HOME" value="/home/travis/.rvm/rubies/ruby-2.5.3" />
    <property name="sun.cpu.isalist" value="" />
    <property name="env.TRAVIS_TMPDIR" value="/tmp/tmp.ifQBxkgV54" />
    <property name="java.vm.compressedOopsMode" value="Zero based" />
    <property name="os.version" value="4.15.0-1028-gcp" />
    <property name="user.home" value="/home/travis" />
    <property name="java.vm.vendor" value="Oracle Corporation" />
    <property name="env.TRAVIS_TAG" value="nightly" />
    <property name="env.ANSI_YELLOW" value="\033[33;1m" />
    <property name="env.TRAVIS_FILTERED" value="redirect_io" />
    <property name="env.ANSI_GREEN" value="\033[32;1m" />
    <property name="env.JAVA_HOME" value="/usr/local/lib/jvm/openjdk11" />
    <property name="javadoc.excludepackagenames" value="adm.cvs2svn.*,build.*,config.*,doc.coding.templates.*,jni.test.jni.meaningOfLife.*,jni.test.jni.testDeux.*,jni.test.jni.testTrois.*,org.terraswarm.accessor.accessors.web.node_modules.*,org.terraswarm.accessor.accessors.web.hosts.cordova.demo.*,org.terraswarm.accessor.accessors.web.hosts.cordova.plugins.*,org.terraswarm.accessor.accessors-svn.*,pt-modules.*,ptolemy.apps.agilent.*,ptolemy.apps.anytimecontrol.*,ptolemy.apps.apes.*,ptolemy.apps.charon.*,ptolemy.apps.crazyboard.*,ptolemy.apps.eclipse.*,ptolemy.apps.etherealSting.*,ptolemy.apps.fullscreen.*,ptolemy.apps.giotto.*,ptolemy.apps.ia.*,ptolemy.apps.interfaces.*,ptolemy.apps.jmf.*,ptolemy.apps.kurt.*,ptolemy.apps.kvm.*,ptolemy.apps.lego.*,ptolemy.apps.lejos.*,ptolemy.apps.midp.*,ptolemy.apps.mobileCoding.*,ptolemy.apps.pendulum.*,ptolemy.apps.rijndael.*,ptolemy.apps.robot.*,ptolemy.apps.security.*,ptolemy.apps.sobel.*,ptolemy.apps.soot.*,ptolemy.apps.throttle.*,ptolemy.apps.tini.*,ptolemy.apps.transmission.*,ptolemy.apps.vergil.*,ptolemy.apps.waba.*,ptolemy.apps.websensor.*,ptolemy.apps.webstart.*,ptolemy.apps.xsl.*,ptolemy.apps.zaurus.*,ptolemy.codegen.c.actor.lib.oldJavaFiles.*,ptolemy.codegen.dsp.lib.*,ptolemy.codegen.kernel.newInterfaces.*,ptolemy.codegen.lib.*,ptolemy.copernicus.kernel.fragment.*,ptolemy.copernicus.shallow.cg.*,ptolemy.domains.giotto.demo.Hierarchy.Hierarchy.*,ptolemy.domains.giotto.demo.Multimode.Multimode.*,ptolemy.domains.giotto.demo.Simple.Simple.*,ptolemy.domains.gr.lib.experimental.*,ptolemy.domains.gro.*,ptolemy.domains.pdf.*,ptolemy.domains.ptinyos.demo.Surge.output.*,ptolemy.moml.test.NoPackageActor.java*,ptolemy.plot.adm.*,ptolemy.plot.servlet.*,reports.*,signed.*,src.*,target.*,vendors.*,ptolemy.copernicus.applet.*,ptolemy.media.viewer.*,ptolemy.actor.corba.*,doc.doclets.*,ptolemy.apps.eclipse.awt.*,ptolemy.backtrack.*,ptolemy.backtrack.ast.*,ptolemy.cg.adapter.generic.program.procedural.c.mbed*,ptolemy.homer.*,ptolemy.actor.lib.jai.*,org.ptolemy.scala.*,diva.util.java2d.svg.*,ptolemy.domains.ptinyos.*,ptolemy.actor.lib.fmi.fmipp.*,,org.terraswarm.accessor.accessors.web.node_modules.*,org.terraswarm.accessor.accessors-svn,ptolemy.apps.*,ptolemy.actor.ptalon.demo.ptinyos.SendAndReceiveCnt.output,ptolemy.actor.ptalon.demo.ptinyos.SenseToLeds.output,ptolemy.domains.ptinyos.demo.CntToLedsAndRfm.output,ptolemy.domains.ptinyos.demo.RfmToLeds.output,ptolemy.domains.ptinyos.demo.SendAndReceiveCnt.output,ptolemy.domains.ptinyos.demo.SenseToLeds.output,ptolemy.actor.lib.jjs.modules.udpSocket.*" />
    <property name="env.PTII" value="/home/travis/build/icyphy/ptII" />
    <property name="env.XDG_SESSION_ID" value="2" />
    <property name="keystore" value="ptKeystore" />
    <property name="env.TRAVIS_COMMIT_MESSAGE" value="Use --release 8 instead of -target 8 -release 8 because --release 8 includes -target 8." />
    <property name="junit.output.dir" value="/home/travis/build/icyphy/ptII/reports/junit" />
    <property name="npm.return.code" value="0" />
    <property name="user.dir" value="/home/travis/build/icyphy/ptII/ptolemy/domains/de/test" />
    <property name="env.TRAVIS_NODE_VERSION" value="7" />
    <property name="env.TRAVIS_EVENT_TYPE" value="cron" />
    <property name="env.MAIL" value="/var/mail/travis" />
    <property name="env.PERLBREW_ROOT" value="/home/travis/perl5/perlbrew" />
    <property name="env.PWD" value="/home/travis/build/icyphy/ptII" />
    <property name="timeout.npm" value="45000" />
    <property name="env.PT_TRAVIS_TEST_CORE2_XML" value="true" />
    <property name="env.TRAVIS_ARCH" value="amd64" />
    <property name="sun.cpu.endian" value="little" />
    <property name="env.PAGER" value="cat" />
    <property name="env.TRAVIS_BUILD_STAGE_NAME" value="Test" />
    <property name="env.PERLBREW_HOME" value="/home/travis/.perlbrew" />
    <property name="java.vm.version" value="11.0.2+9" />
    <property name="env.RAILS_ENV" value="test" />
    <property name="java.class.path" value="/home/travis/build/icyphy/ptII:/home/travis/build/icyphy/ptII/lib/bsh-2.0b4.jar:/home/travis/build/icyphy/ptII/lib/ptCal.jar:/home/travis/build/icyphy/ptII/lib/java_cup.jar:/home/travis/build/icyphy/ptII/lib/saxon8.jar:/home/travis/build/icyphy/ptII/lib/saxon8-dom.jar:/home/travis/build/icyphy/ptII/lib/chic.jar:/home/travis/build/icyphy/ptII/lib/ptcolt.jar:/home/travis/build/icyphy/ptII/vendors/misc/itext/iText.jar:/home/travis/build/icyphy/ptII/lib/g4ltl.jar:/home/travis/build/icyphy/ptII/lib/StructuralCoder.jar:/home/travis/build/icyphy/ptII/lib/jcerti.jar:/home/travis/build/icyphy/ptII/lib/javax.mail.jar:/home/travis/build/icyphy/ptII/vendors/JMF-2.1.1e/lib/jmf.jar:/home/travis/build/icyphy/ptII/lib/jna-4.0.0-variadic.jar:/home/travis/build/icyphy/ptII/vendors/misc/joystick/Joystick.jar:/home/travis/build/icyphy/ptII/lib/ptjacl.jar:/home/travis/build/icyphy/ptII/lib/jsoup-1.8.2.jar:/home/travis/build/icyphy/ptII/lib/junit-4.8.2.jar:/home/travis/build/icyphy/ptII/lib/JUnitParams-0.4.0.jar:/home/travis/build/icyphy/ptII/ptolemy/actor/lib/excel/jxl.jar:/home/travis/build/icyphy/ptII/lib/jython.jar:/home/travis/build/icyphy/ptII/lib/kieler.jar:/home/travis/build/icyphy/ptII/vendors/opencv/share/OpenCV/java/opencv-341.jar:/home/travis/build/icyphy/ptII/lib/oscP5.jar:/home/travis/build/icyphy/ptII/lib/nrjavaserial-3.11.0.devel.jar:/home/travis/build/icyphy/ptII/vendors/j3d/lib/Linux/j3dcore.jar:/home/travis/build/icyphy/ptII/vendors/j3d/lib/Linux/j3dutils.jar:/home/travis/build/icyphy/ptII/vendors/j3d/lib/Linux/vecmath.jar:/home/travis/build/icyphy/ptII/vendors/jogl/lib/Linux/gluegen-rt-natives-linux-amd64.jar:/home/travis/build/icyphy/ptII/vendors/jogl/lib/Linux/gluegen-rt.jar:/home/travis/build/icyphy/ptII/vendors/jogl/lib/Linux/jogl-all-natives-linux-amd64.jar:/home/travis/build/icyphy/ptII/vendors/jogl/lib/Linux/jogl-all.jar:/home/travis/build/icyphy/ptII/ptolemy/distributed/jini/jar/jini-core.jar:/home/travis/build/icyphy/ptII/ptolemy/distributed/jini/jar/jini-ext.jar:/home/travis/build/icyphy/ptII/ptolemy/distributed/jini/jar/sun-util.jar:/home/travis/build/icyphy/ptII/lib/protobuf-java-2.4.1.jar:/home/travis/build/icyphy/ptII/lib/org.eclipse.paho.client.mqttv3.jar:/home/travis/build/icyphy/ptII/lib/mapss.jar:/home/travis/build/icyphy/ptII/ptolemy/actor/ptalon/antlr/antlr.jar:/home/travis/build/icyphy/ptII/lib/JRI.jar:/home/travis/build/icyphy/ptII/lib/commons-lang-2.6.jar:/home/travis/build/icyphy/ptII/lib/commons-logging-1.1.1.jar:/home/travis/build/icyphy/ptII/lib/sootclasses.jar:/home/travis/build/icyphy/ptII/ptolemy/actor/lib/database/mysql-connector-java-5.1.6-bin.jar:/home/travis/build/icyphy/ptII/vendors/misc/sphinx4/sphinx4-data-5prealpha.jar:/home/travis/build/icyphy/ptII/vendors/misc/sphinx4/sphinx4-core-5prealpha.jar:/home/travis/build/icyphy/ptII/lib/PDFRenderer.jar:/home/travis/build/icyphy/ptII/lib/svgSalamander.jar:/home/travis/build/icyphy/ptII/lib/rsyntaxtextarea-2.6.0-SNAPSHOT.jar:/home/travis/build/icyphy/ptII/lib/hazelcast-3.8.2.jar:/home/travis/build/icyphy/ptII/lib/jackson-annotations-2.9.0.jar:/home/travis/build/icyphy/ptII/lib/jackson-core-2.9.3.jar:/home/travis/build/icyphy/ptII/lib/jackson-databind-2.9.3.jar:/home/travis/build/icyphy/ptII/lib/netty-buffer-4.1.19.Final.jar:/home/travis/build/icyphy/ptII/lib/netty-codec-4.1.19.Final.jar:/home/travis/build/icyphy/ptII/lib/netty-codec-dns-4.1.19.Final.jar:/home/travis/build/icyphy/ptII/lib/netty-codec-http-4.1.19.Final.jar:/home/travis/build/icyphy/ptII/lib/netty-codec-http2-4.1.19.Final.jar:/home/travis/build/icyphy/ptII/lib/netty-common-4.1.19.Final.jar:/home/travis/build/icyphy/ptII/lib/netty-handler-4.1.19.Final.jar:/home/travis/build/icyphy/ptII/lib/netty-resolver-4.1.19.Final.jar:/home/travis/build/icyphy/ptII/lib/netty-resolver-dns-4.1.19.Final.jar:/home/travis/build/icyphy/ptII/lib/netty-transport-4.1.19.Final.jar:/home/travis/build/icyphy/ptII/lib/vertx-codegen-3.5.1.jar:/home/travis/build/icyphy/ptII/lib/vertx-core-3.5.2-SNAPSHOT.jar:/home/travis/build/icyphy/ptII/lib/vertx-hazelcast-3.5.1.jar:/home/travis/build/icyphy/ptII/lib/vertx-lang-js-3.5.1.jar:/home/travis/build/icyphy/ptII/lib/vertx-service-proxy-3.5.1.jar:/home/travis/build/icyphy/ptII/lib/vertx-web-3.5.1.jar:/home/travis/build/icyphy/ptII/lib/slf4j-api-1.7.13.jar:/home/travis/build/icyphy/ptII/lib/slf4j-simple-1.7.13.jar:/home/travis/build/icyphy/ptII/lib/webcam-capture-0.3.12.jar:/home/travis/build/icyphy/ptII/lib/bridj-0.7.0.jar:/home/travis/build/icyphy/ptII/lib/xbjlib-1.1.0.nrjavaserial.jar:/home/travis/build/icyphy/ptII/ptolemy/moml/test:/home/travis/build/icyphy/ptII/ant/lib/ant-launcher.jar:/home/travis/build/icyphy/ptII/ant/lib/ant.jar:/home/travis/build/icyphy/ptII/ant/lib/ant-junit.jar:/home/travis/build/icyphy/ptII/ant/lib/ant-junit4.jar" />
    <property name="ant.library.dir" value="/home/travis/build/icyphy/ptII/ant/lib" />
    <property name="os.arch" value="amd64" />
    <property name="env.CONTINUOUS_INTEGRATION" value="true" />
    <property name="env.TRAVIS_LANGUAGE" value="node_js" />
    <property name="env.TRAVIS_STACK_LANGUAGES" value="__sardonyx__ c c++ clojure cplusplus cpp default generic go groovy java node_js php pure_java python ruby scala" />
    <property name="test.name" value="ptolemy.actor.lib.test.junit.JUnitTclTest" />
    <property name="env.APT_KEY_DONT_WARN_ON_DANGEROUS_USAGE" value="1" />
    <property name="sun.java.launcher" value="SUN_STANDARD" />
    <property name="env.PYTHON_CONFIGURE_OPTS" value="--enable-unicode=ucs4 --with-wide-unicode --enable-shared --enable-ipv6 --enable-loadable-sqlite-extensions --with-computed-gotos" />
    <property name="ant.core.lib" value="/home/travis/build/icyphy/ptII/ant/lib/ant.jar" />
    <property name="java.vm.specification.vendor" value="Oracle Corporation" />
    <property name="env.BCVTB_HOME" value="/home/travis/build/icyphy/ptII/lbnl" />
    <property name="file.separator" value="/" />
    <property name="spotbugs.home" value="/home/travis/build/icyphy/ptII/vendors/spotbugs-3.1.1" />
    <property name="java.runtime.version" value="11.0.2+9" />
    <property name="env.ANSI_CLEAR" value="\033[0K" />
    <property name="javafx.verbose" value="true" />
    <property name="env.HAS_JOSH_K_SEAL_OF_APPROVAL" value="true" />
    <property name="env.XDG_RUNTIME_DIR" value="/run/user/2000" />
    <property name="env.TRAVIS_OSX_IMAGE" value="" />
    <property name="env.TRAVIS_JOB_ID" value="586372268" />
    <property name="env.TRAVIS_BRANCH" value="master" />
    <property name="user.country" value="US" />
    <property name="env.CERTI_HOME_TRAVIS" value="/home/travis/pthla/certi-tools" />
    <property name="env.SHELL" value="/bin/bash" />
    <property name="java.maxmemory.large" value="3200m" />
    <property name="model" value="" />
    <property name="env.CASHER_DIR" value="/home/travis/.casher" />
    <property name="env.NVM_CD_FLAGS" value="" />
    <property name="java.vendor.version" value="18.9" />
    <property name="jshint.executable" value="/home/travis/node_modules/jshint/bin/jshint" />
    <property name="env.JRUBY_OPTS" value=" --client -J-XX:+TieredCompilation -J-XX:TieredStopAtLevel=1 -J-Xss2m -Xcompile.invokedynamic=false" />
    <property name="java.vendor" value="Oracle Corporation" />
    <property name="env.TRAVIS_PRE_CHEF_BOOTSTRAP_TIME" value="2019-03-25T16:16:42" />
    <property name="env.TRAVIS_STACK_JOB_BOARD_REGISTER" value="/.job-board-register.yml" />
    <property name="env.ANSI_RED" value="\033[31;1m" />
    <property name="java.specification.version" value="11" />
    <property name="env.IRBRC" value="/home/travis/.rvm/rubies/ruby-2.5.3/.irbrc" />
    <property name="env.TRAVIS" value="true" />
    <property name="sun.arch.data.model" value="64" />
  </properties>
  <testcase classname="ptolemy.util.test.junit.TclTests" name="[0] /home/travis/build/icyphy/ptII/ptolemy/domains/de/test/DependencyLoop.tcl (RunTclFile)" time="1.147" />
  <testcase classname="ptolemy.util.test.junit.TclTests" name="[1] /home/travis/build/icyphy/ptII/ptolemy/domains/de/test/RunDETestsAsQSS.tcl (RunTclFile)" time="91.572" />
  <testcase classname="ptolemy.util.test.junit.AutoKnownFailedTests" name="[0] /home/travis/build/icyphy/ptII/ptolemy/domains/de/test/auto/knownFailedTests/DESDFClockTest.xml (RunModel)" time="2.051" />
  <testcase classname="ptolemy.util.test.junit.AutoKnownFailedTests" name="[1] /home/travis/build/icyphy/ptII/ptolemy/domains/de/test/auto/knownFailedTests/DirectFeedback.xml (RunModel)" time="0.015" />
  <testcase classname="ptolemy.util.test.junit.AutoKnownFailedTests" name="[2] /home/travis/build/icyphy/ptII/ptolemy/domains/de/test/auto/knownFailedTests/FSMSource.xml (RunModel)" time="0.026" />
  <testcase classname="ptolemy.util.test.junit.AutoKnownFailedTests" name="[3] /home/travis/build/icyphy/ptII/ptolemy/domains/de/test/auto/knownFailedTests/HierarchicalModel.xml (RunModel)" time="0.058" />
  <testcase classname="ptolemy.util.test.junit.AutoKnownFailedTests" name="[4] /home/travis/build/icyphy/ptII/ptolemy/domains/de/test/auto/knownFailedTests/dependencyLoop.xml (RunModel)" time="0.044" />
  <testcase classname="ptolemy.util.test.junit.AutoKnownFailedTests" name="[5] /home/travis/build/icyphy/ptII/ptolemy/domains/de/test/auto/knownFailedTests/dependencyLoop2.xml (RunModel)" time="0.047" />
  <testcase classname="ptolemy.util.test.junit.AutoNameArchTests" name="[0] ThereAreNoAutoArchTests (RunModel)" time="0.001" />
  <testcase classname="ptolemy.util.test.junit.AutoTests" name="[0] /home/travis/build/icyphy/ptII/ptolemy/domains/de/test/auto/ActorDepthCalculation_actorWithoutPorts.xml (RunModel)" time="0.024" />
  <testcase classname="ptolemy.util.test.junit.AutoTests" name="[1] /home/travis/build/icyphy/ptII/ptolemy/domains/de/test/auto/AssemblyLine.xml (RunModel)" time="0.022" />
  <testcase classname="ptolemy.util.test.junit.AutoTests" name="[2] /home/travis/build/icyphy/ptII/ptolemy/domains/de/test/auto/CQBug1.xml (RunModel)" time="0.017" />
  <testcase classname="ptolemy.util.test.junit.AutoTests" name="[3] /home/travis/build/icyphy/ptII/ptolemy/domains/de/test/auto/CancelFireAt.xml (RunModel)" time="0.01" />
  <testcase classname="ptolemy.util.test.junit.AutoTests" name="[4] /home/travis/build/icyphy/ptII/ptolemy/domains/de/test/auto/CausalityAndComposabilityAnalysis.xml (RunModel)" time="0.01" />
  <testcase classname="ptolemy.util.test.junit.AutoTests" name="[5] /home/travis/build/icyphy/ptII/ptolemy/domains/de/test/auto/CausalityInterface1.xml (RunModel)" time="0.014" />
  <testcase classname="ptolemy.util.test.junit.AutoTests" name="[6] /home/travis/build/icyphy/ptII/ptolemy/domains/de/test/auto/CausalityInterface15.xml (RunModel)" time="0.016" />
  <testcase classname="ptolemy.util.test.junit.AutoTests" name="[7] /home/travis/build/icyphy/ptII/ptolemy/domains/de/test/auto/CausalityInterface2.xml (RunModel)" time="0.012" />
  <testcase classname="ptolemy.util.test.junit.AutoTests" name="[8] /home/travis/build/icyphy/ptII/ptolemy/domains/de/test/auto/CausalityInterface3.xml (RunModel)" time="0.018" />
  <testcase classname="ptolemy.util.test.junit.AutoTests" name="[9] /home/travis/build/icyphy/ptII/ptolemy/domains/de/test/auto/ClockDrift.xml (RunModel)" time="0.037" />
  <testcase classname="ptolemy.util.test.junit.AutoTests" name="[10] /home/travis/build/icyphy/ptII/ptolemy/domains/de/test/auto/ClockDriftAndValueChange.xml (RunModel)" time="0.03" />
  <testcase classname="ptolemy.util.test.junit.AutoTests" name="[11] /home/travis/build/icyphy/ptII/ptolemy/domains/de/test/auto/ClockDriftChange.xml (RunModel)" time="0.033" />
  <testcase classname="ptolemy.util.test.junit.AutoTests" name="[12] /home/travis/build/icyphy/ptII/ptolemy/domains/de/test/auto/ComposableCausalityAnalysis.xml (RunModel)" time="0.014" />
  <testcase classname="ptolemy.util.test.junit.AutoTests" name="[13] /home/travis/build/icyphy/ptII/ptolemy/domains/de/test/auto/DEFixedPointLimitation.xml (RunModel)" time="0.01" />
  <testcase classname="ptolemy.util.test.junit.AutoTests" name="[14] /home/travis/build/icyphy/ptII/ptolemy/domains/de/test/auto/DEScheduleTest.xml (RunModel)" time="0.01" />
  <testcase classname="ptolemy.util.test.junit.AutoTests" name="[15] /home/travis/build/icyphy/ptII/ptolemy/domains/de/test/auto/DEinDEwithStartTimes.xml (RunModel)" time="0.013" />
  <testcase classname="ptolemy.util.test.junit.AutoTests" name="[16] /home/travis/build/icyphy/ptII/ptolemy/domains/de/test/auto/DEinDEwithStartTimes2.xml (RunModel)" time="0.02" />
  <testcase classname="ptolemy.util.test.junit.AutoTests" name="[17] /home/travis/build/icyphy/ptII/ptolemy/domains/de/test/auto/DateDemo.xml (RunModel)" time="0.03" />
  <testcase classname="ptolemy.util.test.junit.AutoTests" name="[18] /home/travis/build/icyphy/ptII/ptolemy/domains/de/test/auto/DateToEvent.xml (RunModel)" time="2.042" />
  <testcase classname="ptolemy.util.test.junit.AutoTests" name="[19] /home/travis/build/icyphy/ptII/ptolemy/domains/de/test/auto/DepthTest1.xml (RunModel)" time="0.019" />
  <testcase classname="ptolemy.util.test.junit.AutoTests" name="[20] /home/travis/build/icyphy/ptII/ptolemy/domains/de/test/auto/DepthTest2.xml (RunModel)" time="0.025" />
  <testcase classname="ptolemy.util.test.junit.AutoTests" name="[21] /home/travis/build/icyphy/ptII/ptolemy/domains/de/test/auto/DepthTest3.xml (RunModel)" time="0.012" />
  <testcase classname="ptolemy.util.test.junit.AutoTests" name="[22] /home/travis/build/icyphy/ptII/ptolemy/domains/de/test/auto/DepthTest4.xml (RunModel)" time="0.022" />
  <testcase classname="ptolemy.util.test.junit.AutoTests" name="[23] /home/travis/build/icyphy/ptII/ptolemy/domains/de/test/auto/DepthTest5.xml (RunModel)" time="0.022" />
  <testcase classname="ptolemy.util.test.junit.AutoTests" name="[24] /home/travis/build/icyphy/ptII/ptolemy/domains/de/test/auto/DepthTest6.xml (RunModel)" time="0.019" />
  <testcase classname="ptolemy.util.test.junit.AutoTests" name="[25] /home/travis/build/icyphy/ptII/ptolemy/domains/de/test/auto/DepthTest7.xml (RunModel)" time="0.013" />
  <testcase classname="ptolemy.util.test.junit.AutoTests" name="[26] /home/travis/build/icyphy/ptII/ptolemy/domains/de/test/auto/EventToDate.xml (RunModel)" time="3.056" />
  <testcase classname="ptolemy.util.test.junit.AutoTests" name="[27] /home/travis/build/icyphy/ptII/ptolemy/domains/de/test/auto/FSM1.xml (RunModel)" time="0.053" />
  <testcase classname="ptolemy.util.test.junit.AutoTests" name="[28] /home/travis/build/icyphy/ptII/ptolemy/domains/de/test/auto/FSM7.xml (RunModel)" time="0.047" />
  <testcase classname="ptolemy.util.test.junit.AutoTests" name="[29] /home/travis/build/icyphy/ptII/ptolemy/domains/de/test/auto/Inspection.xml (RunModel)" time="0.055" />
  <testcase classname="ptolemy.util.test.junit.AutoTests" name="[30] /home/travis/build/icyphy/ptII/ptolemy/domains/de/test/auto/Iteration.xml (RunModel)" time="0.028" />
  <testcase classname="ptolemy.util.test.junit.AutoTests" name="[31] /home/travis/build/icyphy/ptII/ptolemy/domains/de/test/auto/LineFault.xml (RunModel)" time="0.646" />
  <testcase classname="ptolemy.util.test.junit.AutoTests" name="[32] /home/travis/build/icyphy/ptII/ptolemy/domains/de/test/auto/MergeModel1Add.xml (RunModel)" time="0.048" />
  <testcase classname="ptolemy.util.test.junit.AutoTests" name="[33] /home/travis/build/icyphy/ptII/ptolemy/domains/de/test/auto/MergeModel2Add.xml (RunModel)" time="0.039" />
  <testcase classname="ptolemy.util.test.junit.AutoTests" name="[34] /home/travis/build/icyphy/ptII/ptolemy/domains/de/test/auto/MergeModel3Add.xml (RunModel)" time="0.046" />
  <testcase classname="ptolemy.util.test.junit.AutoTests" name="[35] /home/travis/build/icyphy/ptII/ptolemy/domains/de/test/auto/MergeWithoutDiscard.xml (RunModel)" time="0.017" />
  <testcase classname="ptolemy.util.test.junit.AutoTests" name="[36] /home/travis/build/icyphy/ptII/ptolemy/domains/de/test/auto/Modal1.xml (RunModel)" time="0.033" />
  <testcase classname="ptolemy.util.test.junit.AutoTests" name="[37] /home/travis/build/icyphy/ptII/ptolemy/domains/de/test/auto/Modal2.xml (RunModel)" time="0.038" />
  <testcase classname="ptolemy.util.test.junit.AutoTests" name="[38] /home/travis/build/icyphy/ptII/ptolemy/domains/de/test/auto/Modal3.xml (RunModel)" time="0.029" />
  <testcase classname="ptolemy.util.test.junit.AutoTests" name="[39] /home/travis/build/icyphy/ptII/ptolemy/domains/de/test/auto/Modal4.xml (RunModel)" time="0.033" />
  <testcase classname="ptolemy.util.test.junit.AutoTests" name="[40] /home/travis/build/icyphy/ptII/ptolemy/domains/de/test/auto/Modal5.xml (RunModel)" time="0.029" />
  <testcase classname="ptolemy.util.test.junit.AutoTests" name="[41] /home/travis/build/icyphy/ptII/ptolemy/domains/de/test/auto/Modal6.xml (RunModel)" time="0.031" />
  <testcase classname="ptolemy.util.test.junit.AutoTests" name="[42] /home/travis/build/icyphy/ptII/ptolemy/domains/de/test/auto/Modal7.xml (RunModel)" time="0.041" />
  <testcase classname="ptolemy.util.test.junit.AutoTests" name="[43] /home/travis/build/icyphy/ptII/ptolemy/domains/de/test/auto/ModalModel.xml (RunModel)" time="0.194" />
  <testcase classname="ptolemy.util.test.junit.AutoTests" name="[44] /home/travis/build/icyphy/ptII/ptolemy/domains/de/test/auto/ModalSource.xml (RunModel)" time="0.021" />
  <testcase classname="ptolemy.util.test.junit.AutoTests" name="[45] /home/travis/build/icyphy/ptII/ptolemy/domains/de/test/auto/NonInterruptibleTimerZeroDelay.xml (RunModel)" time="0.009" />
  <testcase classname="ptolemy.util.test.junit.AutoTests" name="[46] /home/travis/build/icyphy/ptII/ptolemy/domains/de/test/auto/OpenQueueingNetwork.xml (RunModel)" time="2.126" />
  <testcase classname="ptolemy.util.test.junit.AutoTests" name="[47] /home/travis/build/icyphy/ptII/ptolemy/domains/de/test/auto/OpenQueuingNetwork.xml (RunModel)" time="0.289" />
  <testcase classname="ptolemy.util.test.junit.AutoTests" name="[48] /home/travis/build/icyphy/ptII/ptolemy/domains/de/test/auto/PeriodicSampler.xml (RunModel)" time="0.008" />
  <testcase classname="ptolemy.util.test.junit.AutoTests" name="[49] /home/travis/build/icyphy/ptII/ptolemy/domains/de/test/auto/PersistentIO.xml (RunModel)" time="0.018" />
  <testcase classname="ptolemy.util.test.junit.AutoTests" name="[50] /home/travis/build/icyphy/ptII/ptolemy/domains/de/test/auto/PortParameterResetOnInitialize.xml (RunModel)" time="0.01" />
  <testcase classname="ptolemy.util.test.junit.AutoTests" name="[51] /home/travis/build/icyphy/ptII/ptolemy/domains/de/test/auto/PortParameterUpdates.xml (RunModel)" time="0.014" />
  <testcase classname="ptolemy.util.test.junit.AutoTests" name="[52] /home/travis/build/icyphy/ptII/ptolemy/domains/de/test/auto/QueueAndServer.xml (RunModel)" time="0.024" />
  <testcase classname="ptolemy.util.test.junit.AutoTests" name="[53] /home/travis/build/icyphy/ptII/ptolemy/domains/de/test/auto/Records.xml (RunModel)" time="0.013" />
  <testcase classname="ptolemy.util.test.junit.AutoTests" name="[54] /home/travis/build/icyphy/ptII/ptolemy/domains/de/test/auto/ResetTransitionWithStartTime1.xml (RunModel)" time="0.019" />
  <testcase classname="ptolemy.util.test.junit.AutoTests" name="[55] /home/travis/build/icyphy/ptII/ptolemy/domains/de/test/auto/ResetTransitionWithStartTime2.xml (RunModel)" time="0.021" />
  <testcase classname="ptolemy.util.test.junit.AutoTests" name="[56] /home/travis/build/icyphy/ptII/ptolemy/domains/de/test/auto/ResetTransitionWithStartTime3.xml (RunModel)" time="0.024" />
  <testcase classname="ptolemy.util.test.junit.AutoTests" name="[57] /home/travis/build/icyphy/ptII/ptolemy/domains/de/test/auto/ResetTransitionWithStartTime4.xml (RunModel)" time="0.019" />
  <testcase classname="ptolemy.util.test.junit.AutoTests" name="[58] /home/travis/build/icyphy/ptII/ptolemy/domains/de/test/auto/ResettableTimer1.xml (RunModel)" time="0.01" />
  <testcase classname="ptolemy.util.test.junit.AutoTests" name="[59] /home/travis/build/icyphy/ptII/ptolemy/domains/de/test/auto/ResettableTimer2.xml (RunModel)" time="0.01" />
  <testcase classname="ptolemy.util.test.junit.AutoTests" name="[60] /home/travis/build/icyphy/ptII/ptolemy/domains/de/test/auto/ResettableTimer3.xml (RunModel)" time="0.009" />
  <testcase classname="ptolemy.util.test.junit.AutoTests" name="[61] /home/travis/build/icyphy/ptII/ptolemy/domains/de/test/auto/ResettableTimer4.xml (RunModel)" time="0.01" />
  <testcase classname="ptolemy.util.test.junit.AutoTests" name="[62] /home/travis/build/icyphy/ptII/ptolemy/domains/de/test/auto/ResettableTimer5.xml (RunModel)" time="0.009" />
  <testcase classname="ptolemy.util.test.junit.AutoTests" name="[63] /home/travis/build/icyphy/ptII/ptolemy/domains/de/test/auto/ResettableTimer6.xml (RunModel)" time="0.015" />
  <testcase classname="ptolemy.util.test.junit.AutoTests" name="[64] /home/travis/build/icyphy/ptII/ptolemy/domains/de/test/auto/ServerZeroDelay.xml (RunModel)" time="0.009" />
  <testcase classname="ptolemy.util.test.junit.AutoTests" name="[65] /home/travis/build/icyphy/ptII/ptolemy/domains/de/test/auto/SmartSender.xml (RunModel)" time="3.012" />
  <testcase classname="ptolemy.util.test.junit.AutoTests" name="[66] /home/travis/build/icyphy/ptII/ptolemy/domains/de/test/auto/ThreadedComposite.xml (RunModel)" time="0.212" />
  <testcase classname="ptolemy.util.test.junit.AutoTests" name="[67] /home/travis/build/icyphy/ptII/ptolemy/domains/de/test/auto/Time.xml (RunModel)" time="0.445" />
  <testcase classname="ptolemy.util.test.junit.AutoTests" name="[68] /home/travis/build/icyphy/ptII/ptolemy/domains/de/test/auto/TimeDelayZeroDelay.xml (RunModel)" time="0.01" />
  <testcase classname="ptolemy.util.test.junit.AutoTests" name="[69] /home/travis/build/icyphy/ptII/ptolemy/domains/de/test/auto/TimerZeroDelay.xml (RunModel)" time="0.018" />
  <testcase classname="ptolemy.util.test.junit.AutoTests" name="[70] /home/travis/build/icyphy/ptII/ptolemy/domains/de/test/auto/TimingParadox.xml (RunModel)" time="0.351" />
  <testcase classname="ptolemy.util.test.junit.AutoTests" name="[71] /home/travis/build/icyphy/ptII/ptolemy/domains/de/test/auto/TransferInputs.xml (RunModel)" time="0.013" />
  <testcase classname="ptolemy.util.test.junit.AutoTests" name="[72] /home/travis/build/icyphy/ptII/ptolemy/domains/de/test/auto/TransferOutputs2.xml (RunModel)" time="0.015" />
  <testcase classname="ptolemy.util.test.junit.AutoTests" name="[73] /home/travis/build/icyphy/ptII/ptolemy/domains/de/test/auto/Trilateration.xml (RunModel)" time="12.27" />
  <testcase classname="ptolemy.util.test.junit.AutoTests" name="[74] /home/travis/build/icyphy/ptII/ptolemy/domains/de/test/auto/TwoSigmaDelta.xml (RunModel)" time="2.406" />
  <testcase classname="ptolemy.util.test.junit.AutoTests" name="[75] /home/travis/build/icyphy/ptII/ptolemy/domains/de/test/auto/VariableDelay.xml (RunModel)" time="0.019" />
  <testcase classname="ptolemy.util.test.junit.AutoTests" name="[76] /home/travis/build/icyphy/ptII/ptolemy/domains/de/test/auto/VariableDelay2.xml (RunModel)" time="0.01" />
  <testcase classname="ptolemy.util.test.junit.AutoTests" name="[77] /home/travis/build/icyphy/ptII/ptolemy/domains/de/test/auto/VariableDelayZeroDelay.xml (RunModel)" time="0.011" />
  <testcase classname="ptolemy.util.test.junit.AutoTests" name="[78] /home/travis/build/icyphy/ptII/ptolemy/domains/de/test/auto/VariableDelayZeroDelay2.xml (RunModel)" time="0.009" />
  <testcase classname="ptolemy.util.test.junit.AutoTests" name="[79] /home/travis/build/icyphy/ptII/ptolemy/domains/de/test/auto/deInCt.xml (RunModel)" time="0.017" />
  <testcase classname="ptolemy.util.test.junit.AutoTests" name="[80] /home/travis/build/icyphy/ptII/ptolemy/domains/de/test/auto/deInCt2.xml (RunModel)" time="0.014" />
  <testcase classname="ptolemy.util.test.junit.AutoTests" name="[81] /home/travis/build/icyphy/ptII/ptolemy/domains/de/test/auto/dynamicCausalityInterface1.xml (RunModel)" time="0.018" />
  <testcase classname="ptolemy.util.test.junit.AutoTests" name="[82] /home/travis/build/icyphy/ptII/ptolemy/domains/de/test/auto/fsm_de_test.xml (RunModel)" time="0.017" />
  <testcase classname="ptolemy.util.test.junit.AutoTests" name="[83] /home/travis/build/icyphy/ptII/ptolemy/domains/de/test/auto/functionDependencyReconstruction.xml (RunModel)" time="0.038" />
  <testcase classname="ptolemy.util.test.junit.AutoTests" name="[84] /home/travis/build/icyphy/ptII/ptolemy/domains/de/test/auto/multirate.xml (RunModel)" time="0.022" />
  <testcase classname="ptolemy.util.test.junit.AutoTests" name="[85] /home/travis/build/icyphy/ptII/ptolemy/domains/de/test/auto/multirate2.xml (RunModel)" time="0.014" />
  <testcase classname="ptolemy.util.test.junit.AutoTests" name="[86] /home/travis/build/icyphy/ptII/ptolemy/domains/de/test/auto/realtime.xml (RunModel)" time="10.01" />
  <testcase classname="ptolemy.util.test.junit.AutoTests" name="[87] /home/travis/build/icyphy/ptII/ptolemy/domains/de/test/auto/relationGroup.xml (RunModel)" time="0.009" />
  <testcase classname="ptolemy.util.test.junit.AutoTests" name="[88] /home/travis/build/icyphy/ptII/ptolemy/domains/de/test/auto/relationGroup2.xml (RunModel)" time="0.009" />
  <testcase classname="ptolemy.util.test.junit.AutoTests" name="[89] /home/travis/build/icyphy/ptII/ptolemy/domains/de/test/auto/sortWithOpaquePorts.xml (RunModel)" time="0.012" />
  <testcase classname="ptolemy.util.test.junit.AutoTests" name="[90] /home/travis/build/icyphy/ptII/ptolemy/domains/de/test/auto/transferInputsandOutputs.xml (RunModel)" time="0.025" />
  <testcase classname="ptolemy.util.test.junit.AutoTests" name="[91] /home/travis/build/icyphy/ptII/ptolemy/domains/de/test/auto/triggerType.xml (RunModel)" time="0.013" />
  <system-out><![CDATA[/home/travis/build/icyphy/ptII/ptolemy/domains/de/test/DependencyLoop.tcl
testDefs.tcl: setting time out to 9000 seconds at Wed Sep 18 05:42:01 UTC 2019
76 ms. Memory: 120832K Free: 72133K (60%)
24 ms. Memory: 120832K Free: 54718K (45%)
/home/travis/build/icyphy/ptII/ptolemy/domains/de/test/RunDETestsAsQSS.tcl
Run the DE tests using ptolemy.domains.qss.test.QSSDirectorTest, which extends QSSDirector and prints a message in the constructors.
------------------ testing $PTII/ptolemy/domains/de/test/auto/knownFailedTests/DirectFeedback.xml (Known Failure) 
53 ms. Memory: 120832K Free: 48581K (40%)


==== $PTIIhome/travis/build/icyphy/ptII/ptolemy/domains/de/test/../../../../: Auto Automatic test in file $PTII/ptolemy/domains/de/test/auto/knownFailedTests/DirectFeedback.xml
==== Contents of test case:

	    # FIXME: we should use $relativeFilename here, but it
	    # might have backslashes under Windows, which causes no end
	    # of trouble.
	    createAndExecute $file
	    list {}
	
.... Test generated KNOWN error:
    while executing
ptolemy.kernel.util.IllegalActionException: Test fails in iteration 1.
Value was: 1.0. Should have been: 2.0
  in .DirectFeedback.Test
	at ptolemy.actor.lib.Test.fire(Test.java:268)
	at ptolemy.domains.de.kernel.DEDirector._fire(DEDirector.java:1949)
	at ptolemy.domains.de.kernel.DEDirector.fire(DEDirector.java:502)
	at ptolemy.actor.CompositeActor.fire(CompositeActor.java:455)
	at ptolemy.actor.Manager.iterate(Manager.java:851)
	at ptolemy.actor.Manager.execute(Manager.java:369)
	at ptolemy.actor.Manager.run(Manager.java:1263)
	at ptolemy.actor.Manager$PtolemyRunThread.run(Manager.java:1933)

    while executing
ptolemy.kernel.util.IllegalActionException: Test fails in iteration 1.
Value was: 1.0. Should have been: 2.0
  in .DirectFeedback.Test
    while executing
"java::new ptolemy.moml.MoMLSimpleApplication $file
"
    (procedure "createAndExecute" line 2)
    invoked from within
"createAndExecute $file"
    ("uplevel" body line 5)
    invoked from within
"uplevel $contents_of_test"
------------------ testing $PTII/ptolemy/domains/de/test/auto/knownFailedTests/dependencyLoop.xml (Known Failure) 
30 ms. Memory: 120832K Free: 107964K (89%)


==== $PTIIhome/travis/build/icyphy/ptII/ptolemy/domains/de/test/../../../../: Auto Automatic test in file $PTII/ptolemy/domains/de/test/auto/knownFailedTests/dependencyLoop.xml
==== Contents of test case:

	    # FIXME: we should use $relativeFilename here, but it
	    # might have backslashes under Windows, which causes no end
	    # of trouble.
	    createAndExecute $file
	    list {}
	
.... Test generated KNOWN error:
    while executing
ptolemy.kernel.util.IllegalActionException: Found a zero delay loop containing .dependencyLoop.original
  in .dependencyLoop and .dependencyLoop.original
	at ptolemy.actor.util.CausalityInterfaceForComposites._computeOutputPortDepth(CausalityInterfaceForComposites.java:759)
	at ptolemy.actor.util.CausalityInterfaceForComposites._computeInputDepth(CausalityInterfaceForComposites.java:696)
	at ptolemy.actor.util.CausalityInterfaceForComposites._computeOutputPortDepth(CausalityInterfaceForComposites.java:765)
	at ptolemy.actor.util.CausalityInterfaceForComposites._computeInputDepth(CausalityInterfaceForComposites.java:696)
	at ptolemy.actor.util.CausalityInterfaceForComposites._computeOutputPortDepth(CausalityInterfaceForComposites.java:765)
	at ptolemy.actor.util.CausalityInterfaceForComposites._computeInputDepth(CausalityInterfaceForComposites.java:696)
	at ptolemy.actor.util.CausalityInterfaceForComposites._computeActorDepth(CausalityInterfaceForComposites.java:532)
	at ptolemy.actor.util.CausalityInterfaceForComposites.checkForCycles(CausalityInterfaceForComposites.java:96)
	at ptolemy.domains.de.kernel.DEDirector.preinitialize(DEDirector.java:1338)
	at ptolemy.actor.CompositeActor.preinitialize(CompositeActor.java:1828)
	at ptolemy.actor.Manager.preinitializeAndResolveTypes(Manager.java:1040)
	at ptolemy.actor.Manager.initialize(Manager.java:710)
	at ptolemy.actor.Manager.execute(Manager.java:356)
	at ptolemy.actor.Manager.run(Manager.java:1263)
	at ptolemy.actor.Manager$PtolemyRunThread.run(Manager.java:1933)

    while executing
ptolemy.kernel.util.IllegalActionException: Found a zero delay loop containing .dependencyLoop.original
  in .dependencyLoop and .dependencyLoop.original
    while executing
"java::new ptolemy.moml.MoMLSimpleApplication $file
"
    (procedure "createAndExecute" line 2)
    invoked from within
"createAndExecute $file"
    ("uplevel" body line 5)
    invoked from within
"uplevel $contents_of_test"
------------------ testing $PTII/ptolemy/domains/de/test/auto/knownFailedTests/FSMSource.xml (Known Failure) 
71 ms. Memory: 120832K Free: 98809K (82%)
!!!! Auto was marked as failing, but now passes
------------------ testing $PTII/ptolemy/domains/de/test/auto/knownFailedTests/HierarchicalModel.xml (Known Failure) 
9 ms. Memory: 120832K Free: 81385K (67%)


==== $PTIIhome/travis/build/icyphy/ptII/ptolemy/domains/de/test/../../../../: Auto Automatic test in file $PTII/ptolemy/domains/de/test/auto/knownFailedTests/HierarchicalModel.xml
==== Contents of test case:

	    # FIXME: we should use $relativeFilename here, but it
	    # might have backslashes under Windows, which causes no end
	    # of trouble.
	    createAndExecute $file
	    list {}
	
.... Test generated KNOWN error:
    while executing
ptolemy.kernel.util.IllegalActionException: Found a zero delay loop containing .HierarchicalModel.A
  in .HierarchicalModel and .HierarchicalModel.A
	at ptolemy.actor.util.CausalityInterfaceForComposites._computeOutputPortDepth(CausalityInterfaceForComposites.java:759)
	at ptolemy.actor.util.CausalityInterfaceForComposites._computeInputDepth(CausalityInterfaceForComposites.java:696)
	at ptolemy.actor.util.CausalityInterfaceForComposites._computeOutputPortDepth(CausalityInterfaceForComposites.java:765)
	at ptolemy.actor.util.CausalityInterfaceForComposites._computeInputDepth(CausalityInterfaceForComposites.java:696)
	at ptolemy.actor.util.CausalityInterfaceForComposites._computeOutputPortDepth(CausalityInterfaceForComposites.java:765)
	at ptolemy.actor.util.CausalityInterfaceForComposites._computeInputDepth(CausalityInterfaceForComposites.java:696)
	at ptolemy.actor.util.CausalityInterfaceForComposites._computeActorDepth(CausalityInterfaceForComposites.java:532)
	at ptolemy.actor.util.CausalityInterfaceForComposites.checkForCycles(CausalityInterfaceForComposites.java:96)
	at ptolemy.domains.de.kernel.DEDirector.preinitialize(DEDirector.java:1338)
	at ptolemy.actor.CompositeActor.preinitialize(CompositeActor.java:1828)
	at ptolemy.actor.Manager.preinitializeAndResolveTypes(Manager.java:1040)
	at ptolemy.actor.Manager.initialize(Manager.java:710)
	at ptolemy.actor.Manager.execute(Manager.java:356)
	at ptolemy.actor.Manager.run(Manager.java:1263)
	at ptolemy.actor.Manager$PtolemyRunThread.run(Manager.java:1933)

    while executing
ptolemy.kernel.util.IllegalActionException: Found a zero delay loop containing .HierarchicalModel.A
  in .HierarchicalModel and .HierarchicalModel.A
    while executing
"java::new ptolemy.moml.MoMLSimpleApplication $file
"
    (procedure "createAndExecute" line 2)
    invoked from within
"createAndExecute $file"
    ("uplevel" body line 5)
    invoked from within
"uplevel $contents_of_test"
------------------ testing $PTII/ptolemy/domains/de/test/auto/knownFailedTests/dependencyLoop2.xml (Known Failure) 
5 ms. Memory: 120832K Free: 65369K (54%)


==== $PTIIhome/travis/build/icyphy/ptII/ptolemy/domains/de/test/../../../../: Auto Automatic test in file $PTII/ptolemy/domains/de/test/auto/knownFailedTests/dependencyLoop2.xml
==== Contents of test case:

	    # FIXME: we should use $relativeFilename here, but it
	    # might have backslashes under Windows, which causes no end
	    # of trouble.
	    createAndExecute $file
	    list {}
	
.... Test generated KNOWN error:
    while executing
ptolemy.kernel.util.IllegalActionException: Found a zero delay loop containing .dependencyLoop2.original
  in .dependencyLoop2 and .dependencyLoop2.original
	at ptolemy.actor.util.CausalityInterfaceForComposites._computeOutputPortDepth(CausalityInterfaceForComposites.java:759)
	at ptolemy.actor.util.CausalityInterfaceForComposites._computeInputDepth(CausalityInterfaceForComposites.java:696)
	at ptolemy.actor.util.CausalityInterfaceForComposites._computeOutputPortDepth(CausalityInterfaceForComposites.java:765)
	at ptolemy.actor.util.CausalityInterfaceForComposites._computeInputDepth(CausalityInterfaceForComposites.java:696)
	at ptolemy.actor.util.CausalityInterfaceForComposites._computeOutputPortDepth(CausalityInterfaceForComposites.java:765)
	at ptolemy.actor.util.CausalityInterfaceForComposites._computeInputDepth(CausalityInterfaceForComposites.java:696)
	at ptolemy.actor.util.CausalityInterfaceForComposites._computeActorDepth(CausalityInterfaceForComposites.java:532)
	at ptolemy.actor.util.CausalityInterfaceForComposites.checkForCycles(CausalityInterfaceForComposites.java:96)
	at ptolemy.domains.de.kernel.DEDirector.preinitialize(DEDirector.java:1338)
	at ptolemy.actor.CompositeActor.preinitialize(CompositeActor.java:1828)
	at ptolemy.actor.Manager.preinitializeAndResolveTypes(Manager.java:1040)
	at ptolemy.actor.Manager.initialize(Manager.java:710)
	at ptolemy.actor.Manager.execute(Manager.java:356)
	at ptolemy.actor.Manager.run(Manager.java:1263)
	at ptolemy.actor.Manager$PtolemyRunThread.run(Manager.java:1933)

    while executing
ptolemy.kernel.util.IllegalActionException: Found a zero delay loop containing .dependencyLoop2.original
  in .dependencyLoop2 and .dependencyLoop2.original
    while executing
"java::new ptolemy.moml.MoMLSimpleApplication $file
"
    (procedure "createAndExecute" line 2)
    invoked from within
"createAndExecute $file"
    ("uplevel" body line 5)
    invoked from within
"uplevel $contents_of_test"
------------------ testing $PTII/ptolemy/domains/de/test/auto/knownFailedTests/DESDFClockTest.xml (Known Failure) 
2045 ms. Memory: 120832K Free: 94680K (78%)


==== $PTIIhome/travis/build/icyphy/ptII/ptolemy/domains/de/test/../../../../: Auto Automatic test in file $PTII/ptolemy/domains/de/test/auto/knownFailedTests/DESDFClockTest.xml
==== Contents of test case:

	    # FIXME: we should use $relativeFilename here, but it
	    # might have backslashes under Windows, which causes no end
	    # of trouble.
	    createAndExecute $file
	    list {}
	
.... Test generated KNOWN error:
    while executing
ptolemy.kernel.util.IllegalActionException: Actor is not ready to fire.  Perhaps UpSample.prefire() returned false? Try debugging the actor by selecting "Listen to Actor".  Also, for SDF check moml for tokenConsumptionRate on input.
  in .DESDFClockTest.Play Bell.Copy1:SDF Director and .DESDFClockTest.Play Bell.UpSample
	at ptolemy.actor.sched.StaticSchedulingDirector.fire(StaticSchedulingDirector.java:227)
	at ptolemy.domains.sdf.kernel.SDFDirector.fire(SDFDirector.java:500)
	at ptolemy.actor.CompositeActor.fire(CompositeActor.java:455)
	at ptolemy.domains.de.kernel.DEDirector._fire(DEDirector.java:1949)
	at ptolemy.domains.de.kernel.DEDirector.fire(DEDirector.java:502)
	at ptolemy.actor.CompositeActor.fire(CompositeActor.java:455)
	at ptolemy.actor.Manager.iterate(Manager.java:851)
	at ptolemy.actor.Manager.execute(Manager.java:369)
	at ptolemy.actor.Manager.run(Manager.java:1263)
	at ptolemy.actor.Manager$PtolemyRunThread.run(Manager.java:1933)

    while executing
ptolemy.kernel.util.IllegalActionException: Actor is not ready to fire.  Perhaps UpSample.prefire() returned false? Try debugging the actor by selecting "Listen to Actor".  Also, for SDF check moml for tokenConsumptionRate on input.
  in .DESDFClockTest.Play Bell.Copy1:SDF Director and .DESDFClockTest.Play Bell.UpSample
    while executing
"java::new ptolemy.moml.MoMLSimpleApplication $file
"
    (procedure "createAndExecute" line 2)
    invoked from within
"createAndExecute $file"
    ("uplevel" body line 5)
    invoked from within
"uplevel $contents_of_test"
------------------ testing $PTII/ptolemy/domains/de/test/auto/ActorDepthCalculation_actorWithoutPorts.xml
auto.tcl: Setting watchdog for 200 seconds at Wed Sep 18 05:42:05 UTC 2019
5 ms. Memory: 120832K Free: 87475K (72%)
ptolemy.util.test.WatchDog.cancel(): canceling Wed Sep 18 05:42:05 UTC 2019
auto.tcl: Setting watchdog for 200 seconds at Wed Sep 18 05:42:05 UTC 2019
11 ms. Memory: 120832K Free: 86332K (71%)
ptolemy.util.test.WatchDog.cancel(): canceling Wed Sep 18 05:42:05 UTC 2019
------------------ testing $PTII/ptolemy/domains/de/test/auto/AssemblyLine.xml
auto.tcl: Setting watchdog for 200 seconds at Wed Sep 18 05:42:06 UTC 2019
9 ms. Memory: 48128K Free: 26016K (54%)
ptolemy.util.test.WatchDog.cancel(): canceling Wed Sep 18 05:42:06 UTC 2019
auto.tcl: Setting watchdog for 200 seconds at Wed Sep 18 05:42:06 UTC 2019
12 ms. Memory: 48128K Free: 25311K (53%)
ptolemy.util.test.WatchDog.cancel(): canceling Wed Sep 18 05:42:06 UTC 2019
------------------ testing $PTII/ptolemy/domains/de/test/auto/CQBug1.xml
auto.tcl: Setting watchdog for 200 seconds at Wed Sep 18 05:42:06 UTC 2019
4 ms. Memory: 48128K Free: 31556K (66%)
ptolemy.util.test.WatchDog.cancel(): canceling Wed Sep 18 05:42:06 UTC 2019
auto.tcl: Setting watchdog for 200 seconds at Wed Sep 18 05:42:06 UTC 2019
3 ms. Memory: 48128K Free: 31128K (65%)
ptolemy.util.test.WatchDog.cancel(): canceling Wed Sep 18 05:42:06 UTC 2019
------------------ testing $PTII/ptolemy/domains/de/test/auto/CancelFireAt.xml
auto.tcl: Setting watchdog for 200 seconds at Wed Sep 18 05:42:06 UTC 2019
3 ms. Memory: 45056K Free: 29729K (66%)
ptolemy.util.test.WatchDog.cancel(): canceling Wed Sep 18 05:42:06 UTC 2019
auto.tcl: Setting watchdog for 200 seconds at Wed Sep 18 05:42:06 UTC 2019
3 ms. Memory: 45056K Free: 29337K (65%)
ptolemy.util.test.WatchDog.cancel(): canceling Wed Sep 18 05:42:06 UTC 2019
------------------ testing $PTII/ptolemy/domains/de/test/auto/CausalityAndComposabilityAnalysis.xml
auto.tcl: Setting watchdog for 200 seconds at Wed Sep 18 05:42:06 UTC 2019
9 ms. Memory: 45056K Free: 27930K (62%)
ptolemy.util.test.WatchDog.cancel(): canceling Wed Sep 18 05:42:06 UTC 2019
auto.tcl: Setting watchdog for 200 seconds at Wed Sep 18 05:42:06 UTC 2019
6 ms. Memory: 45056K Free: 27111K (60%)
ptolemy.util.test.WatchDog.cancel(): canceling Wed Sep 18 05:42:06 UTC 2019
------------------ testing $PTII/ptolemy/domains/de/test/auto/CausalityInterface1.xml
auto.tcl: Setting watchdog for 200 seconds at Wed Sep 18 05:42:06 UTC 2019
25 ms. Memory: 45056K Free: 26391K (59%)
ptolemy.util.test.WatchDog.cancel(): canceling Wed Sep 18 05:42:06 UTC 2019
auto.tcl: Setting watchdog for 200 seconds at Wed Sep 18 05:42:06 UTC 2019
12 ms. Memory: 45056K Free: 25412K (56%)
ptolemy.util.test.WatchDog.cancel(): canceling Wed Sep 18 05:42:06 UTC 2019
------------------ testing $PTII/ptolemy/domains/de/test/auto/CausalityInterface15.xml
auto.tcl: Setting watchdog for 200 seconds at Wed Sep 18 05:42:06 UTC 2019
5 ms. Memory: 45056K Free: 25994K (58%)
ptolemy.util.test.WatchDog.cancel(): canceling Wed Sep 18 05:42:07 UTC 2019
auto.tcl: Setting watchdog for 200 seconds at Wed Sep 18 05:42:07 UTC 2019
4 ms. Memory: 45056K Free: 25248K (56%)
ptolemy.util.test.WatchDog.cancel(): canceling Wed Sep 18 05:42:07 UTC 2019
------------------ testing $PTII/ptolemy/domains/de/test/auto/CausalityInterface2.xml
auto.tcl: Setting watchdog for 200 seconds at Wed Sep 18 05:42:07 UTC 2019
4 ms. Memory: 45056K Free: 27159K (60%)
ptolemy.util.test.WatchDog.cancel(): canceling Wed Sep 18 05:42:07 UTC 2019
auto.tcl: Setting watchdog for 200 seconds at Wed Sep 18 05:42:07 UTC 2019
6 ms. Memory: 45056K Free: 26257K (58%)
ptolemy.util.test.WatchDog.cancel(): canceling Wed Sep 18 05:42:07 UTC 2019
------------------ testing $PTII/ptolemy/domains/de/test/auto/CausalityInterface3.xml
auto.tcl: Setting watchdog for 200 seconds at Wed Sep 18 05:42:07 UTC 2019
4 ms. Memory: 45056K Free: 26465K (59%)
ptolemy.util.test.WatchDog.cancel(): canceling Wed Sep 18 05:42:07 UTC 2019
auto.tcl: Setting watchdog for 200 seconds at Wed Sep 18 05:42:07 UTC 2019
3 ms. Memory: 45056K Free: 25680K (57%)
ptolemy.util.test.WatchDog.cancel(): canceling Wed Sep 18 05:42:07 UTC 2019
------------------ testing $PTII/ptolemy/domains/de/test/auto/ClockDrift.xml
auto.tcl: Setting watchdog for 200 seconds at Wed Sep 18 05:42:07 UTC 2019
94 ms. Memory: 45056K Free: 19060K (42%)
ptolemy.util.test.WatchDog.cancel(): canceling Wed Sep 18 05:42:07 UTC 2019
auto.tcl: Setting watchdog for 200 seconds at Wed Sep 18 05:42:07 UTC 2019
51 ms. Memory: 45056K Free: 16046K (36%)
ptolemy.util.test.WatchDog.cancel(): canceling Wed Sep 18 05:42:07 UTC 2019
------------------ testing $PTII/ptolemy/domains/de/test/auto/ClockDriftAndValueChange.xml
auto.tcl: Setting watchdog for 200 seconds at Wed Sep 18 05:42:07 UTC 2019
48 ms. Memory: 45056K Free: 19128K (42%)
ptolemy.util.test.WatchDog.cancel(): canceling Wed Sep 18 05:42:07 UTC 2019
auto.tcl: Setting watchdog for 200 seconds at Wed Sep 18 05:42:07 UTC 2019
24 ms. Memory: 45056K Free: 16284K (36%)
ptolemy.util.test.WatchDog.cancel(): canceling Wed Sep 18 05:42:07 UTC 2019
------------------ testing $PTII/ptolemy/domains/de/test/auto/ClockDriftChange.xml
auto.tcl: Setting watchdog for 200 seconds at Wed Sep 18 05:42:07 UTC 2019
23 ms. Memory: 45056K Free: 21184K (47%)
ptolemy.util.test.WatchDog.cancel(): canceling Wed Sep 18 05:42:07 UTC 2019
auto.tcl: Setting watchdog for 200 seconds at Wed Sep 18 05:42:07 UTC 2019
33 ms. Memory: 45056K Free: 18329K (41%)
ptolemy.util.test.WatchDog.cancel(): canceling Wed Sep 18 05:42:07 UTC 2019
------------------ testing $PTII/ptolemy/domains/de/test/auto/ComposableCausalityAnalysis.xml
auto.tcl: Setting watchdog for 200 seconds at Wed Sep 18 05:42:07 UTC 2019
2 ms. Memory: 45056K Free: 25794K (57%)
ptolemy.util.test.WatchDog.cancel(): canceling Wed Sep 18 05:42:07 UTC 2019
auto.tcl: Setting watchdog for 200 seconds at Wed Sep 18 05:42:07 UTC 2019
5 ms. Memory: 45056K Free: 24512K (54%)
ptolemy.util.test.WatchDog.cancel(): canceling Wed Sep 18 05:42:07 UTC 2019
------------------ testing $PTII/ptolemy/domains/de/test/auto/DEFixedPointLimitation.xml
auto.tcl: Setting watchdog for 200 seconds at Wed Sep 18 05:42:07 UTC 2019
3 ms. Memory: 45056K Free: 27128K (60%)
ptolemy.util.test.WatchDog.cancel(): canceling Wed Sep 18 05:42:07 UTC 2019
auto.tcl: Setting watchdog for 200 seconds at Wed Sep 18 05:42:07 UTC 2019
2 ms. Memory: 45056K Free: 26263K (58%)
ptolemy.util.test.WatchDog.cancel(): canceling Wed Sep 18 05:42:07 UTC 2019
------------------ testing $PTII/ptolemy/domains/de/test/auto/DEScheduleTest.xml
auto.tcl: Setting watchdog for 200 seconds at Wed Sep 18 05:42:07 UTC 2019
6 ms. Memory: 45056K Free: 27411K (61%)
ptolemy.util.test.WatchDog.cancel(): canceling Wed Sep 18 05:42:07 UTC 2019
auto.tcl: Setting watchdog for 200 seconds at Wed Sep 18 05:42:07 UTC 2019
3 ms. Memory: 45056K Free: 26674K (59%)
ptolemy.util.test.WatchDog.cancel(): canceling Wed Sep 18 05:42:07 UTC 2019
------------------ testing $PTII/ptolemy/domains/de/test/auto/DEinDEwithStartTimes.xml
auto.tcl: Setting watchdog for 200 seconds at Wed Sep 18 05:42:08 UTC 2019
4 ms. Memory: 45056K Free: 25643K (57%)
ptolemy.util.test.WatchDog.cancel(): canceling Wed Sep 18 05:42:08 UTC 2019
auto.tcl: Setting watchdog for 200 seconds at Wed Sep 18 05:42:08 UTC 2019
3 ms. Memory: 45056K Free: 24577K (55%)
ptolemy.util.test.WatchDog.cancel(): canceling Wed Sep 18 05:42:08 UTC 2019
------------------ testing $PTII/ptolemy/domains/de/test/auto/DEinDEwithStartTimes2.xml
auto.tcl: Setting watchdog for 200 seconds at Wed Sep 18 05:42:08 UTC 2019
5 ms. Memory: 45056K Free: 24885K (55%)
ptolemy.util.test.WatchDog.cancel(): canceling Wed Sep 18 05:42:08 UTC 2019
auto.tcl: Setting watchdog for 200 seconds at Wed Sep 18 05:42:08 UTC 2019
4 ms. Memory: 45056K Free: 23532K (52%)
ptolemy.util.test.WatchDog.cancel(): canceling Wed Sep 18 05:42:08 UTC 2019
------------------ testing $PTII/ptolemy/domains/de/test/auto/DateDemo.xml
auto.tcl: Setting watchdog for 200 seconds at Wed Sep 18 05:42:08 UTC 2019
12 ms. Memory: 45056K Free: 19184K (43%)
ptolemy.util.test.WatchDog.cancel(): canceling Wed Sep 18 05:42:08 UTC 2019
auto.tcl: Setting watchdog for 200 seconds at Wed Sep 18 05:42:08 UTC 2019
9 ms. Memory: 45056K Free: 17634K (39%)
ptolemy.util.test.WatchDog.cancel(): canceling Wed Sep 18 05:42:08 UTC 2019
------------------ testing $PTII/ptolemy/domains/de/test/auto/DateToEvent.xml
auto.tcl: Setting watchdog for 200 seconds at Wed Sep 18 05:42:08 UTC 2019
2016 ms. Memory: 45056K Free: 14643K (32%)
ptolemy.util.test.WatchDog.cancel(): canceling Wed Sep 18 05:42:10 UTC 2019
auto.tcl: Setting watchdog for 200 seconds at Wed Sep 18 05:42:10 UTC 2019
2009 ms. Memory: 45056K Free: 14273K (32%)
ptolemy.util.test.WatchDog.cancel(): canceling Wed Sep 18 05:42:12 UTC 2019
------------------ testing $PTII/ptolemy/domains/de/test/auto/DepthTest1.xml
auto.tcl: Setting watchdog for 200 seconds at Wed Sep 18 05:42:12 UTC 2019
3 ms. Memory: 45056K Free: 28059K (62%)
ptolemy.util.test.WatchDog.cancel(): canceling Wed Sep 18 05:42:12 UTC 2019
auto.tcl: Setting watchdog for 200 seconds at Wed Sep 18 05:42:12 UTC 2019
2 ms. Memory: 45056K Free: 27551K (61%)
ptolemy.util.test.WatchDog.cancel(): canceling Wed Sep 18 05:42:12 UTC 2019
------------------ testing $PTII/ptolemy/domains/de/test/auto/DepthTest2.xml
auto.tcl: Setting watchdog for 200 seconds at Wed Sep 18 05:42:12 UTC 2019
5 ms. Memory: 45056K Free: 24789K (55%)
ptolemy.util.test.WatchDog.cancel(): canceling Wed Sep 18 05:42:12 UTC 2019
auto.tcl: Setting watchdog for 200 seconds at Wed Sep 18 05:42:12 UTC 2019
3 ms. Memory: 45056K Free: 24386K (54%)
ptolemy.util.test.WatchDog.cancel(): canceling Wed Sep 18 05:42:12 UTC 2019
------------------ testing $PTII/ptolemy/domains/de/test/auto/DepthTest3.xml
auto.tcl: Setting watchdog for 200 seconds at Wed Sep 18 05:42:12 UTC 2019
9 ms. Memory: 45056K Free: 28402K (63%)
ptolemy.util.test.WatchDog.cancel(): canceling Wed Sep 18 05:42:12 UTC 2019
auto.tcl: Setting watchdog for 200 seconds at Wed Sep 18 05:42:12 UTC 2019
2 ms. Memory: 45056K Free: 27842K (62%)
ptolemy.util.test.WatchDog.cancel(): canceling Wed Sep 18 05:42:12 UTC 2019
------------------ testing $PTII/ptolemy/domains/de/test/auto/DepthTest4.xml
auto.tcl: Setting watchdog for 200 seconds at Wed Sep 18 05:42:12 UTC 2019
7 ms. Memory: 45056K Free: 26609K (59%)
ptolemy.util.test.WatchDog.cancel(): canceling Wed Sep 18 05:42:12 UTC 2019
auto.tcl: Setting watchdog for 200 seconds at Wed Sep 18 05:42:12 UTC 2019
6 ms. Memory: 45056K Free: 25901K (57%)
ptolemy.util.test.WatchDog.cancel(): canceling Wed Sep 18 05:42:12 UTC 2019
------------------ testing $PTII/ptolemy/domains/de/test/auto/DepthTest5.xml
auto.tcl: Setting watchdog for 200 seconds at Wed Sep 18 05:42:12 UTC 2019
12 ms. Memory: 45056K Free: 25712K (57%)
ptolemy.util.test.WatchDog.cancel(): canceling Wed Sep 18 05:42:12 UTC 2019
auto.tcl: Setting watchdog for 200 seconds at Wed Sep 18 05:42:12 UTC 2019
4 ms. Memory: 45056K Free: 25325K (56%)
ptolemy.util.test.WatchDog.cancel(): canceling Wed Sep 18 05:42:12 UTC 2019
------------------ testing $PTII/ptolemy/domains/de/test/auto/DepthTest6.xml
auto.tcl: Setting watchdog for 200 seconds at Wed Sep 18 05:42:12 UTC 2019
4 ms. Memory: 45056K Free: 25697K (57%)
ptolemy.util.test.WatchDog.cancel(): canceling Wed Sep 18 05:42:12 UTC 2019
auto.tcl: Setting watchdog for 200 seconds at Wed Sep 18 05:42:12 UTC 2019
3 ms. Memory: 45056K Free: 25184K (56%)
ptolemy.util.test.WatchDog.cancel(): canceling Wed Sep 18 05:42:12 UTC 2019
------------------ testing $PTII/ptolemy/domains/de/test/auto/DepthTest7.xml
auto.tcl: Setting watchdog for 200 seconds at Wed Sep 18 05:42:12 UTC 2019
3 ms. Memory: 45056K Free: 26527K (59%)
ptolemy.util.test.WatchDog.cancel(): canceling Wed Sep 18 05:42:12 UTC 2019
auto.tcl: Setting watchdog for 200 seconds at Wed Sep 18 05:42:12 UTC 2019
2 ms. Memory: 45056K Free: 25784K (57%)
ptolemy.util.test.WatchDog.cancel(): canceling Wed Sep 18 05:42:12 UTC 2019
------------------ testing $PTII/ptolemy/domains/de/test/auto/EventToDate.xml
auto.tcl: Setting watchdog for 200 seconds at Wed Sep 18 05:42:13 UTC 2019
3007 ms. Memory: 45056K Free: 17340K (38%)
ptolemy.util.test.WatchDog.cancel(): canceling Wed Sep 18 05:42:16 UTC 2019
auto.tcl: Setting watchdog for 200 seconds at Wed Sep 18 05:42:16 UTC 2019
3006 ms. Memory: 45056K Free: 16644K (37%)
ptolemy.util.test.WatchDog.cancel(): canceling Wed Sep 18 05:42:19 UTC 2019
------------------ testing $PTII/ptolemy/domains/de/test/auto/FSM1.xml
auto.tcl: Setting watchdog for 200 seconds at Wed Sep 18 05:42:19 UTC 2019
48 ms. Memory: 45056K Free: 18039K (40%)
ptolemy.util.test.WatchDog.cancel(): canceling Wed Sep 18 05:42:19 UTC 2019
auto.tcl: Setting watchdog for 200 seconds at Wed Sep 18 05:42:19 UTC 2019
37 ms. Memory: 45056K Free: 14902K (33%)
ptolemy.util.test.WatchDog.cancel(): canceling Wed Sep 18 05:42:19 UTC 2019
------------------ testing $PTII/ptolemy/domains/de/test/auto/FSM7.xml
auto.tcl: Setting watchdog for 200 seconds at Wed Sep 18 05:42:19 UTC 2019
16 ms. Memory: 45056K Free: 18208K (40%)
ptolemy.util.test.WatchDog.cancel(): canceling Wed Sep 18 05:42:19 UTC 2019
auto.tcl: Setting watchdog for 200 seconds at Wed Sep 18 05:42:19 UTC 2019
25 ms. Memory: 45056K Free: 15114K (34%)
ptolemy.util.test.WatchDog.cancel(): canceling Wed Sep 18 05:42:19 UTC 2019
------------------ testing $PTII/ptolemy/domains/de/test/auto/Inspection.xml
auto.tcl: Setting watchdog for 200 seconds at Wed Sep 18 05:42:19 UTC 2019
34 ms. Memory: 45056K Free: 18052K (40%)
ptolemy.util.test.WatchDog.cancel(): canceling Wed Sep 18 05:42:19 UTC 2019
auto.tcl: Setting watchdog for 200 seconds at Wed Sep 18 05:42:19 UTC 2019
37 ms. Memory: 45056K Free: 16315K (36%)
ptolemy.util.test.WatchDog.cancel(): canceling Wed Sep 18 05:42:19 UTC 2019
------------------ testing $PTII/ptolemy/domains/de/test/auto/Iteration.xml
auto.tcl: Setting watchdog for 200 seconds at Wed Sep 18 05:42:19 UTC 2019
10 ms. Memory: 45056K Free: 23776K (53%)
ptolemy.util.test.WatchDog.cancel(): canceling Wed Sep 18 05:42:19 UTC 2019
auto.tcl: Setting watchdog for 200 seconds at Wed Sep 18 05:42:19 UTC 2019
9 ms. Memory: 45056K Free: 22386K (50%)
ptolemy.util.test.WatchDog.cancel(): canceling Wed Sep 18 05:42:19 UTC 2019
------------------ testing $PTII/ptolemy/domains/de/test/auto/LineFault.xml
auto.tcl: Setting watchdog for 200 seconds at Wed Sep 18 05:42:19 UTC 2019
769 ms. Memory: 45056K Free: 25153K (56%)
ptolemy.util.test.WatchDog.cancel(): canceling Wed Sep 18 05:42:20 UTC 2019
auto.tcl: Setting watchdog for 200 seconds at Wed Sep 18 05:42:20 UTC 2019
658 ms. Memory: 56320K Free: 20225K (36%)
ptolemy.util.test.WatchDog.cancel(): canceling Wed Sep 18 05:42:21 UTC 2019
------------------ testing $PTII/ptolemy/domains/de/test/auto/MergeModel1Add.xml
auto.tcl: Setting watchdog for 200 seconds at Wed Sep 18 05:42:21 UTC 2019
30 ms. Memory: 55296K Free: 20010K (36%)
ptolemy.util.test.WatchDog.cancel(): canceling Wed Sep 18 05:42:21 UTC 2019
auto.tcl: Setting watchdog for 200 seconds at Wed Sep 18 05:42:21 UTC 2019
20 ms. Memory: 55296K Free: 18420K (33%)
ptolemy.util.test.WatchDog.cancel(): canceling Wed Sep 18 05:42:21 UTC 2019
------------------ testing $PTII/ptolemy/domains/de/test/auto/MergeModel2Add.xml
auto.tcl: Setting watchdog for 200 seconds at Wed Sep 18 05:42:21 UTC 2019
9 ms. Memory: 55296K Free: 21849K (40%)
ptolemy.util.test.WatchDog.cancel(): canceling Wed Sep 18 05:42:21 UTC 2019
auto.tcl: Setting watchdog for 200 seconds at Wed Sep 18 05:42:21 UTC 2019
8 ms. Memory: 55296K Free: 20105K (36%)
ptolemy.util.test.WatchDog.cancel(): canceling Wed Sep 18 05:42:21 UTC 2019
------------------ testing $PTII/ptolemy/domains/de/test/auto/MergeModel3Add.xml
auto.tcl: Setting watchdog for 200 seconds at Wed Sep 18 05:42:21 UTC 2019
10 ms. Memory: 55296K Free: 22072K (40%)
ptolemy.util.test.WatchDog.cancel(): canceling Wed Sep 18 05:42:22 UTC 2019
auto.tcl: Setting watchdog for 200 seconds at Wed Sep 18 05:42:22 UTC 2019
10 ms. Memory: 55296K Free: 20527K (37%)
ptolemy.util.test.WatchDog.cancel(): canceling Wed Sep 18 05:42:22 UTC 2019
------------------ testing $PTII/ptolemy/domains/de/test/auto/MergeWithoutDiscard.xml
auto.tcl: Setting watchdog for 200 seconds at Wed Sep 18 05:42:22 UTC 2019
2 ms. Memory: 51200K Free: 32572K (64%)
ptolemy.util.test.WatchDog.cancel(): canceling Wed Sep 18 05:42:22 UTC 2019
auto.tcl: Setting watchdog for 200 seconds at Wed Sep 18 05:42:22 UTC 2019
2 ms. Memory: 51200K Free: 32161K (63%)
ptolemy.util.test.WatchDog.cancel(): canceling Wed Sep 18 05:42:22 UTC 2019
------------------ testing $PTII/ptolemy/domains/de/test/auto/Modal1.xml
auto.tcl: Setting watchdog for 200 seconds at Wed Sep 18 05:42:22 UTC 2019
17 ms. Memory: 51200K Free: 24478K (48%)
ptolemy.util.test.WatchDog.cancel(): canceling Wed Sep 18 05:42:22 UTC 2019
auto.tcl: Setting watchdog for 200 seconds at Wed Sep 18 05:42:22 UTC 2019
19 ms. Memory: 51200K Free: 21053K (41%)
ptolemy.util.test.WatchDog.cancel(): canceling Wed Sep 18 05:42:22 UTC 2019
------------------ testing $PTII/ptolemy/domains/de/test/auto/Modal2.xml
auto.tcl: Setting watchdog for 200 seconds at Wed Sep 18 05:42:22 UTC 2019
20 ms. Memory: 51200K Free: 24559K (48%)
ptolemy.util.test.WatchDog.cancel(): canceling Wed Sep 18 05:42:22 UTC 2019
auto.tcl: Setting watchdog for 200 seconds at Wed Sep 18 05:42:22 UTC 2019
17 ms. Memory: 51200K Free: 21327K (42%)
ptolemy.util.test.WatchDog.cancel(): canceling Wed Sep 18 05:42:22 UTC 2019
------------------ testing $PTII/ptolemy/domains/de/test/auto/Modal3.xml
auto.tcl: Setting watchdog for 200 seconds at Wed Sep 18 05:42:22 UTC 2019
12 ms. Memory: 51200K Free: 24550K (48%)
ptolemy.util.test.WatchDog.cancel(): canceling Wed Sep 18 05:42:22 UTC 2019
auto.tcl: Setting watchdog for 200 seconds at Wed Sep 18 05:42:22 UTC 2019
13 ms. Memory: 51200K Free: 20990K (41%)
ptolemy.util.test.WatchDog.cancel(): canceling Wed Sep 18 05:42:22 UTC 2019
------------------ testing $PTII/ptolemy/domains/de/test/auto/Modal4.xml
auto.tcl: Setting watchdog for 200 seconds at Wed Sep 18 05:42:22 UTC 2019
14 ms. Memory: 51200K Free: 23514K (46%)
ptolemy.util.test.WatchDog.cancel(): canceling Wed Sep 18 05:42:22 UTC 2019
auto.tcl: Setting watchdog for 200 seconds at Wed Sep 18 05:42:22 UTC 2019
15 ms. Memory: 51200K Free: 19683K (38%)
ptolemy.util.test.WatchDog.cancel(): canceling Wed Sep 18 05:42:22 UTC 2019
------------------ testing $PTII/ptolemy/domains/de/test/auto/Modal5.xml
auto.tcl: Setting watchdog for 200 seconds at Wed Sep 18 05:42:22 UTC 2019
14 ms. Memory: 51200K Free: 23509K (46%)
ptolemy.util.test.WatchDog.cancel(): canceling Wed Sep 18 05:42:22 UTC 2019
auto.tcl: Setting watchdog for 200 seconds at Wed Sep 18 05:42:22 UTC 2019
16 ms. Memory: 51200K Free: 19670K (38%)
ptolemy.util.test.WatchDog.cancel(): canceling Wed Sep 18 05:42:22 UTC 2019
------------------ testing $PTII/ptolemy/domains/de/test/auto/Modal6.xml
auto.tcl: Setting watchdog for 200 seconds at Wed Sep 18 05:42:22 UTC 2019
13 ms. Memory: 51200K Free: 24289K (47%)
ptolemy.util.test.WatchDog.cancel(): canceling Wed Sep 18 05:42:22 UTC 2019
auto.tcl: Setting watchdog for 200 seconds at Wed Sep 18 05:42:22 UTC 2019
15 ms. Memory: 51200K Free: 20348K (40%)
ptolemy.util.test.WatchDog.cancel(): canceling Wed Sep 18 05:42:22 UTC 2019
------------------ testing $PTII/ptolemy/domains/de/test/auto/Modal7.xml
auto.tcl: Setting watchdog for 200 seconds at Wed Sep 18 05:42:22 UTC 2019
17 ms. Memory: 51200K Free: 23291K (45%)
ptolemy.util.test.WatchDog.cancel(): canceling Wed Sep 18 05:42:22 UTC 2019
auto.tcl: Setting watchdog for 200 seconds at Wed Sep 18 05:42:22 UTC 2019
25 ms. Memory: 51200K Free: 19685K (38%)
ptolemy.util.test.WatchDog.cancel(): canceling Wed Sep 18 05:42:22 UTC 2019
------------------ testing $PTII/ptolemy/domains/de/test/auto/ModalModel.xml
auto.tcl: Setting watchdog for 200 seconds at Wed Sep 18 05:42:22 UTC 2019
212 ms. Memory: 65536K Free: 49039K (75%)
ptolemy.util.test.WatchDog.cancel(): canceling Wed Sep 18 05:42:23 UTC 2019
auto.tcl: Setting watchdog for 200 seconds at Wed Sep 18 05:42:23 UTC 2019
206 ms. Memory: 65536K Free: 49463K (75%)
ptolemy.util.test.WatchDog.cancel(): canceling Wed Sep 18 05:42:23 UTC 2019
------------------ testing $PTII/ptolemy/domains/de/test/auto/ModalSource.xml
auto.tcl: Setting watchdog for 200 seconds at Wed Sep 18 05:42:23 UTC 2019
11 ms. Memory: 51200K Free: 28353K (55%)
ptolemy.util.test.WatchDog.cancel(): canceling Wed Sep 18 05:42:23 UTC 2019
auto.tcl: Setting watchdog for 200 seconds at Wed Sep 18 05:42:23 UTC 2019
6 ms. Memory: 51200K Free: 26399K (52%)
ptolemy.util.test.WatchDog.cancel(): canceling Wed Sep 18 05:42:23 UTC 2019
------------------ testing $PTII/ptolemy/domains/de/test/auto/NonInterruptibleTimerZeroDelay.xml
auto.tcl: Setting watchdog for 200 seconds at Wed Sep 18 05:42:23 UTC 2019
3 ms. Memory: 51200K Free: 33271K (65%)
ptolemy.util.test.WatchDog.cancel(): canceling Wed Sep 18 05:42:23 UTC 2019
auto.tcl: Setting watchdog for 200 seconds at Wed Sep 18 05:42:23 UTC 2019
2 ms. Memory: 51200K Free: 32600K (64%)
ptolemy.util.test.WatchDog.cancel(): canceling Wed Sep 18 05:42:23 UTC 2019
------------------ testing $PTII/ptolemy/domains/de/test/auto/OpenQueueingNetwork.xml
auto.tcl: Setting watchdog for 200 seconds at Wed Sep 18 05:42:23 UTC 2019
2975 ms. Memory: 124928K Free: 105474K (84%)
ptolemy.util.test.WatchDog.cancel(): canceling Wed Sep 18 05:42:26 UTC 2019
auto.tcl: Setting watchdog for 200 seconds at Wed Sep 18 05:42:26 UTC 2019
2511 ms. Memory: 150528K Free: 64547K (43%)
ptolemy.util.test.WatchDog.cancel(): canceling Wed Sep 18 05:42:29 UTC 2019
------------------ testing $PTII/ptolemy/domains/de/test/auto/OpenQueuingNetwork.xml
auto.tcl: Setting watchdog for 200 seconds at Wed Sep 18 05:42:29 UTC 2019
246 ms. Memory: 58368K Free: 32496K (56%)
ptolemy.util.test.WatchDog.cancel(): canceling Wed Sep 18 05:42:29 UTC 2019
auto.tcl: Setting watchdog for 200 seconds at Wed Sep 18 05:42:29 UTC 2019
223 ms. Memory: 58368K Free: 13393K (23%)
ptolemy.util.test.WatchDog.cancel(): canceling Wed Sep 18 05:42:29 UTC 2019
------------------ testing $PTII/ptolemy/domains/de/test/auto/PeriodicSampler.xml
auto.tcl: Setting watchdog for 200 seconds at Wed Sep 18 05:42:29 UTC 2019
3 ms. Memory: 51200K Free: 32474K (63%)
ptolemy.util.test.WatchDog.cancel(): canceling Wed Sep 18 05:42:29 UTC 2019
auto.tcl: Setting watchdog for 200 seconds at Wed Sep 18 05:42:29 UTC 2019
3 ms. Memory: 51200K Free: 31954K (62%)
ptolemy.util.test.WatchDog.cancel(): canceling Wed Sep 18 05:42:30 UTC 2019
------------------ testing $PTII/ptolemy/domains/de/test/auto/PersistentIO.xml
auto.tcl: Setting watchdog for 200 seconds at Wed Sep 18 05:42:30 UTC 2019
16 ms. Memory: 51200K Free: 27398K (54%)
ptolemy.util.test.WatchDog.cancel(): canceling Wed Sep 18 05:42:30 UTC 2019
auto.tcl: Setting watchdog for 200 seconds at Wed Sep 18 05:42:30 UTC 2019
4 ms. Memory: 51200K Free: 25878K (51%)
ptolemy.util.test.WatchDog.cancel(): canceling Wed Sep 18 05:42:30 UTC 2019
------------------ testing $PTII/ptolemy/domains/de/test/auto/PortParameterResetOnInitialize.xml
auto.tcl: Setting watchdog for 200 seconds at Wed Sep 18 05:42:30 UTC 2019
1 ms. Memory: 51200K Free: 32396K (63%)
ptolemy.util.test.WatchDog.cancel(): canceling Wed Sep 18 05:42:30 UTC 2019
auto.tcl: Setting watchdog for 200 seconds at Wed Sep 18 05:42:30 UTC 2019
2 ms. Memory: 51200K Free: 31886K (62%)
ptolemy.util.test.WatchDog.cancel(): canceling Wed Sep 18 05:42:30 UTC 2019
------------------ testing $PTII/ptolemy/domains/de/test/auto/PortParameterUpdates.xml
auto.tcl: Setting watchdog for 200 seconds at Wed Sep 18 05:42:30 UTC 2019
3 ms. Memory: 51200K Free: 30665K (60%)
ptolemy.util.test.WatchDog.cancel(): canceling Wed Sep 18 05:42:30 UTC 2019
auto.tcl: Setting watchdog for 200 seconds at Wed Sep 18 05:42:30 UTC 2019
3 ms. Memory: 51200K Free: 29442K (58%)
ptolemy.util.test.WatchDog.cancel(): canceling Wed Sep 18 05:42:30 UTC 2019
------------------ testing $PTII/ptolemy/domains/de/test/auto/QueueAndServer.xml
auto.tcl: Setting watchdog for 200 seconds at Wed Sep 18 05:42:30 UTC 2019
7 ms. Memory: 51200K Free: 29634K (58%)
ptolemy.util.test.WatchDog.cancel(): canceling Wed Sep 18 05:42:30 UTC 2019
auto.tcl: Setting watchdog for 200 seconds at Wed Sep 18 05:42:30 UTC 2019
6 ms. Memory: 51200K Free: 27885K (54%)
ptolemy.util.test.WatchDog.cancel(): canceling Wed Sep 18 05:42:30 UTC 2019
------------------ testing $PTII/ptolemy/domains/de/test/auto/Records.xml
auto.tcl: Setting watchdog for 200 seconds at Wed Sep 18 05:42:30 UTC 2019
3 ms. Memory: 51200K Free: 31627K (62%)
ptolemy.util.test.WatchDog.cancel(): canceling Wed Sep 18 05:42:30 UTC 2019
auto.tcl: Setting watchdog for 200 seconds at Wed Sep 18 05:42:30 UTC 2019
3 ms. Memory: 51200K Free: 31112K (61%)
ptolemy.util.test.WatchDog.cancel(): canceling Wed Sep 18 05:42:30 UTC 2019
------------------ testing $PTII/ptolemy/domains/de/test/auto/ResetTransitionWithStartTime1.xml
auto.tcl: Setting watchdog for 200 seconds at Wed Sep 18 05:42:30 UTC 2019
14 ms. Memory: 51200K Free: 28882K (56%)
ptolemy.util.test.WatchDog.cancel(): canceling Wed Sep 18 05:42:30 UTC 2019
auto.tcl: Setting watchdog for 200 seconds at Wed Sep 18 05:42:30 UTC 2019
10 ms. Memory: 51200K Free: 26834K (52%)
ptolemy.util.test.WatchDog.cancel(): canceling Wed Sep 18 05:42:30 UTC 2019
------------------ testing $PTII/ptolemy/domains/de/test/auto/ResetTransitionWithStartTime2.xml
auto.tcl: Setting watchdog for 200 seconds at Wed Sep 18 05:42:30 UTC 2019
6 ms. Memory: 51200K Free: 28837K (56%)
ptolemy.util.test.WatchDog.cancel(): canceling Wed Sep 18 05:42:30 UTC 2019
auto.tcl: Setting watchdog for 200 seconds at Wed Sep 18 05:42:30 UTC 2019
7 ms. Memory: 51200K Free: 26789K (52%)
ptolemy.util.test.WatchDog.cancel(): canceling Wed Sep 18 05:42:30 UTC 2019
------------------ testing $PTII/ptolemy/domains/de/test/auto/ResetTransitionWithStartTime3.xml
auto.tcl: Setting watchdog for 200 seconds at Wed Sep 18 05:42:30 UTC 2019
9 ms. Memory: 51200K Free: 28873K (56%)
ptolemy.util.test.WatchDog.cancel(): canceling Wed Sep 18 05:42:30 UTC 2019
auto.tcl: Setting watchdog for 200 seconds at Wed Sep 18 05:42:30 UTC 2019
9 ms. Memory: 51200K Free: 26788K (52%)
ptolemy.util.test.WatchDog.cancel(): canceling Wed Sep 18 05:42:30 UTC 2019
------------------ testing $PTII/ptolemy/domains/de/test/auto/ResetTransitionWithStartTime4.xml
auto.tcl: Setting watchdog for 200 seconds at Wed Sep 18 05:42:30 UTC 2019
12 ms. Memory: 51200K Free: 29259K (57%)
ptolemy.util.test.WatchDog.cancel(): canceling Wed Sep 18 05:42:30 UTC 2019
auto.tcl: Setting watchdog for 200 seconds at Wed Sep 18 05:42:30 UTC 2019
7 ms. Memory: 51200K Free: 27811K (54%)
ptolemy.util.test.WatchDog.cancel(): canceling Wed Sep 18 05:42:30 UTC 2019
------------------ testing $PTII/ptolemy/domains/de/test/auto/ResettableTimer1.xml
auto.tcl: Setting watchdog for 200 seconds at Wed Sep 18 05:42:30 UTC 2019
2 ms. Memory: 51200K Free: 33012K (64%)
ptolemy.util.test.WatchDog.cancel(): canceling Wed Sep 18 05:42:30 UTC 2019
auto.tcl: Setting watchdog for 200 seconds at Wed Sep 18 05:42:30 UTC 2019
2 ms. Memory: 51200K Free: 32385K (63%)
ptolemy.util.test.WatchDog.cancel(): canceling Wed Sep 18 05:42:30 UTC 2019
------------------ testing $PTII/ptolemy/domains/de/test/auto/ResettableTimer2.xml
auto.tcl: Setting watchdog for 200 seconds at Wed Sep 18 05:42:30 UTC 2019
2 ms. Memory: 51200K Free: 33068K (65%)
ptolemy.util.test.WatchDog.cancel(): canceling Wed Sep 18 05:42:30 UTC 2019
auto.tcl: Setting watchdog for 200 seconds at Wed Sep 18 05:42:30 UTC 2019
2 ms. Memory: 51200K Free: 32455K (63%)
ptolemy.util.test.WatchDog.cancel(): canceling Wed Sep 18 05:42:30 UTC 2019
------------------ testing $PTII/ptolemy/domains/de/test/auto/ResettableTimer3.xml
auto.tcl: Setting watchdog for 200 seconds at Wed Sep 18 05:42:31 UTC 2019
2 ms. Memory: 51200K Free: 32968K (64%)
ptolemy.util.test.WatchDog.cancel(): canceling Wed Sep 18 05:42:31 UTC 2019
auto.tcl: Setting watchdog for 200 seconds at Wed Sep 18 05:42:31 UTC 2019
1 ms. Memory: 51200K Free: 32968K (64%)
ptolemy.util.test.WatchDog.cancel(): canceling Wed Sep 18 05:42:31 UTC 2019
------------------ testing $PTII/ptolemy/domains/de/test/auto/ResettableTimer4.xml
auto.tcl: Setting watchdog for 200 seconds at Wed Sep 18 05:42:31 UTC 2019
1 ms. Memory: 51200K Free: 32982K (64%)
ptolemy.util.test.WatchDog.cancel(): canceling Wed Sep 18 05:42:31 UTC 2019
auto.tcl: Setting watchdog for 200 seconds at Wed Sep 18 05:42:31 UTC 2019
2 ms. Memory: 51200K Free: 32468K (63%)
ptolemy.util.test.WatchDog.cancel(): canceling Wed Sep 18 05:42:31 UTC 2019
------------------ testing $PTII/ptolemy/domains/de/test/auto/ResettableTimer5.xml
auto.tcl: Setting watchdog for 200 seconds at Wed Sep 18 05:42:31 UTC 2019
1 ms. Memory: 51200K Free: 32466K (63%)
ptolemy.util.test.WatchDog.cancel(): canceling Wed Sep 18 05:42:31 UTC 2019
auto.tcl: Setting watchdog for 200 seconds at Wed Sep 18 05:42:31 UTC 2019
1 ms. Memory: 51200K Free: 31956K (62%)
ptolemy.util.test.WatchDog.cancel(): canceling Wed Sep 18 05:42:31 UTC 2019
------------------ testing $PTII/ptolemy/domains/de/test/auto/ResettableTimer6.xml
auto.tcl: Setting watchdog for 200 seconds at Wed Sep 18 05:42:31 UTC 2019
2 ms. Memory: 51200K Free: 32457K (63%)
ptolemy.util.test.WatchDog.cancel(): canceling Wed Sep 18 05:42:31 UTC 2019
auto.tcl: Setting watchdog for 200 seconds at Wed Sep 18 05:42:31 UTC 2019
2 ms. Memory: 51200K Free: 31947K (62%)
ptolemy.util.test.WatchDog.cancel(): canceling Wed Sep 18 05:42:31 UTC 2019
------------------ testing $PTII/ptolemy/domains/de/test/auto/ServerZeroDelay.xml
auto.tcl: Setting watchdog for 200 seconds at Wed Sep 18 05:42:31 UTC 2019
6 ms. Memory: 51200K Free: 33045K (65%)
ptolemy.util.test.WatchDog.cancel(): canceling Wed Sep 18 05:42:31 UTC 2019
auto.tcl: Setting watchdog for 200 seconds at Wed Sep 18 05:42:31 UTC 2019
3 ms. Memory: 51200K Free: 31938K (62%)
ptolemy.util.test.WatchDog.cancel(): canceling Wed Sep 18 05:42:31 UTC 2019
------------------ testing $PTII/ptolemy/domains/de/test/auto/SmartSender.xml
auto.tcl: Setting watchdog for 200 seconds at Wed Sep 18 05:42:31 UTC 2019
3001 ms. Memory: 51200K Free: 32956K (64%)
ptolemy.util.test.WatchDog.cancel(): canceling Wed Sep 18 05:42:34 UTC 2019
auto.tcl: Setting watchdog for 200 seconds at Wed Sep 18 05:42:34 UTC 2019
3002 ms. Memory: 51200K Free: 32436K (63%)
ptolemy.util.test.WatchDog.cancel(): canceling Wed Sep 18 05:42:37 UTC 2019
------------------ testing $PTII/ptolemy/domains/de/test/auto/ThreadedComposite.xml
auto.tcl: Setting watchdog for 200 seconds at Wed Sep 18 05:42:37 UTC 2019
262 ms. Memory: 51200K Free: 12490K (24%)
ptolemy.util.test.WatchDog.cancel(): canceling Wed Sep 18 05:42:37 UTC 2019
auto.tcl: Setting watchdog for 200 seconds at Wed Sep 18 05:42:37 UTC 2019
411 ms. Memory: 51200K Free: 10792K (21%)
ptolemy.util.test.WatchDog.cancel(): canceling Wed Sep 18 05:42:38 UTC 2019
------------------ testing $PTII/ptolemy/domains/de/test/auto/Time.xml
auto.tcl: Setting watchdog for 200 seconds at Wed Sep 18 05:42:38 UTC 2019
556 ms. Memory: 61440K Free: 17673K (29%)
ptolemy.util.test.WatchDog.cancel(): canceling Wed Sep 18 05:42:38 UTC 2019
auto.tcl: Setting watchdog for 200 seconds at Wed Sep 18 05:42:38 UTC 2019
511 ms. Memory: 61440K Free: 35213K (57%)
ptolemy.util.test.WatchDog.cancel(): canceling Wed Sep 18 05:42:39 UTC 2019
------------------ testing $PTII/ptolemy/domains/de/test/auto/TimeDelayZeroDelay.xml
auto.tcl: Setting watchdog for 200 seconds at Wed Sep 18 05:42:39 UTC 2019
3 ms. Memory: 51200K Free: 33396K (65%)
ptolemy.util.test.WatchDog.cancel(): canceling Wed Sep 18 05:42:39 UTC 2019
auto.tcl: Setting watchdog for 200 seconds at Wed Sep 18 05:42:39 UTC 2019
2 ms. Memory: 51200K Free: 32509K (63%)
ptolemy.util.test.WatchDog.cancel(): canceling Wed Sep 18 05:42:39 UTC 2019
------------------ testing $PTII/ptolemy/domains/de/test/auto/TimerZeroDelay.xml
auto.tcl: Setting watchdog for 200 seconds at Wed Sep 18 05:42:39 UTC 2019
4 ms. Memory: 51200K Free: 33361K (65%)
ptolemy.util.test.WatchDog.cancel(): canceling Wed Sep 18 05:42:39 UTC 2019
auto.tcl: Setting watchdog for 200 seconds at Wed Sep 18 05:42:39 UTC 2019
2 ms. Memory: 51200K Free: 32602K (64%)
ptolemy.util.test.WatchDog.cancel(): canceling Wed Sep 18 05:42:39 UTC 2019
------------------ testing $PTII/ptolemy/domains/de/test/auto/TimingParadox.xml
auto.tcl: Setting watchdog for 200 seconds at Wed Sep 18 05:42:39 UTC 2019
406 ms. Memory: 51200K Free: 22060K (43%)
ptolemy.util.test.WatchDog.cancel(): canceling Wed Sep 18 05:42:40 UTC 2019
auto.tcl: Setting watchdog for 200 seconds at Wed Sep 18 05:42:40 UTC 2019
378 ms. Memory: 51200K Free: 13273K (26%)
ptolemy.util.test.WatchDog.cancel(): canceling Wed Sep 18 05:42:40 UTC 2019
------------------ testing $PTII/ptolemy/domains/de/test/auto/TransferInputs.xml
auto.tcl: Setting watchdog for 200 seconds at Wed Sep 18 05:42:40 UTC 2019
1 ms. Memory: 51200K Free: 31411K (61%)
ptolemy.util.test.WatchDog.cancel(): canceling Wed Sep 18 05:42:40 UTC 2019
auto.tcl: Setting watchdog for 200 seconds at Wed Sep 18 05:42:40 UTC 2019
2 ms. Memory: 51200K Free: 30515K (60%)
ptolemy.util.test.WatchDog.cancel(): canceling Wed Sep 18 05:42:40 UTC 2019
------------------ testing $PTII/ptolemy/domains/de/test/auto/TransferOutputs2.xml
auto.tcl: Setting watchdog for 200 seconds at Wed Sep 18 05:42:40 UTC 2019
3 ms. Memory: 51200K Free: 28839K (56%)
ptolemy.util.test.WatchDog.cancel(): canceling Wed Sep 18 05:42:40 UTC 2019
auto.tcl: Setting watchdog for 200 seconds at Wed Sep 18 05:42:40 UTC 2019
3 ms. Memory: 51200K Free: 27430K (54%)
ptolemy.util.test.WatchDog.cancel(): canceling Wed Sep 18 05:42:40 UTC 2019
------------------ testing $PTII/ptolemy/domains/de/test/auto/Trilateration.xml
auto.tcl: Setting watchdog for 200 seconds at Wed Sep 18 05:42:40 UTC 2019
14551 ms. Memory: 380928K Free: 174241K (46%)
ptolemy.util.test.WatchDog.cancel(): canceling Wed Sep 18 05:42:56 UTC 2019
auto.tcl: Setting watchdog for 200 seconds at Wed Sep 18 05:42:56 UTC 2019
11517 ms. Memory: 380928K Free: 251497K (66%)
ptolemy.util.test.WatchDog.cancel(): canceling Wed Sep 18 05:43:07 UTC 2019
------------------ testing $PTII/ptolemy/domains/de/test/auto/TwoSigmaDelta.xml
auto.tcl: Setting watchdog for 200 seconds at Wed Sep 18 05:43:08 UTC 2019
2786 ms. Memory: 89088K Free: 22402K (25%)
ptolemy.util.test.WatchDog.cancel(): canceling Wed Sep 18 05:43:10 UTC 2019
auto.tcl: Setting watchdog for 200 seconds at Wed Sep 18 05:43:10 UTC 2019
2119 ms. Memory: 89088K Free: 17255K (19%)
ptolemy.util.test.WatchDog.cancel(): canceling Wed Sep 18 05:43:13 UTC 2019
------------------ testing $PTII/ptolemy/domains/de/test/auto/VariableDelay.xml
auto.tcl: Setting watchdog for 200 seconds at Wed Sep 18 05:43:13 UTC 2019
2 ms. Memory: 55296K Free: 35967K (65%)
ptolemy.util.test.WatchDog.cancel(): canceling Wed Sep 18 05:43:13 UTC 2019
auto.tcl: Setting watchdog for 200 seconds at Wed Sep 18 05:43:13 UTC 2019
2 ms. Memory: 55296K Free: 34973K (63%)
ptolemy.util.test.WatchDog.cancel(): canceling Wed Sep 18 05:43:13 UTC 2019
------------------ testing $PTII/ptolemy/domains/de/test/auto/VariableDelay2.xml
auto.tcl: Setting watchdog for 200 seconds at Wed Sep 18 05:43:13 UTC 2019
8 ms. Memory: 55296K Free: 36365K (66%)
ptolemy.util.test.WatchDog.cancel(): canceling Wed Sep 18 05:43:13 UTC 2019
auto.tcl: Setting watchdog for 200 seconds at Wed Sep 18 05:43:13 UTC 2019
2 ms. Memory: 55296K Free: 35883K (65%)
ptolemy.util.test.WatchDog.cancel(): canceling Wed Sep 18 05:43:13 UTC 2019
------------------ testing $PTII/ptolemy/domains/de/test/auto/VariableDelayZeroDelay.xml
auto.tcl: Setting watchdog for 200 seconds at Wed Sep 18 05:43:13 UTC 2019
2 ms. Memory: 55296K Free: 36920K (67%)
ptolemy.util.test.WatchDog.cancel(): canceling Wed Sep 18 05:43:13 UTC 2019
auto.tcl: Setting watchdog for 200 seconds at Wed Sep 18 05:43:13 UTC 2019
2 ms. Memory: 55296K Free: 36363K (66%)
ptolemy.util.test.WatchDog.cancel(): canceling Wed Sep 18 05:43:13 UTC 2019
------------------ testing $PTII/ptolemy/domains/de/test/auto/VariableDelayZeroDelay2.xml
auto.tcl: Setting watchdog for 200 seconds at Wed Sep 18 05:43:13 UTC 2019
2 ms. Memory: 55296K Free: 36907K (67%)
ptolemy.util.test.WatchDog.cancel(): canceling Wed Sep 18 05:43:13 UTC 2019
auto.tcl: Setting watchdog for 200 seconds at Wed Sep 18 05:43:13 UTC 2019
2 ms. Memory: 55296K Free: 35883K (65%)
ptolemy.util.test.WatchDog.cancel(): canceling Wed Sep 18 05:43:13 UTC 2019
------------------ testing $PTII/ptolemy/domains/de/test/auto/deInCt.xml
auto.tcl: Setting watchdog for 200 seconds at Wed Sep 18 05:43:13 UTC 2019
0
1
1
0
0
0
1
1
1
0
0
0
1
1
1
0
0
0
1
1
1
1
1
0
0
0
1
1
0
0
1
1
1
0
0
0
1
1
1
0
0
0
0
0
15 ms. Memory: 51200K Free: 31784K (62%)
ptolemy.util.test.WatchDog.cancel(): canceling Wed Sep 18 05:43:13 UTC 2019
auto.tcl: Setting watchdog for 200 seconds at Wed Sep 18 05:43:13 UTC 2019
0
1
1
1
1
0
0
1
1
1
0
0
0
0
1
1
1
1
0
0
0
0
0
1
1
1
0
0
0
1
1
1
1
1
8 ms. Memory: 51200K Free: 30246K (59%)
ptolemy.util.test.WatchDog.cancel(): canceling Wed Sep 18 05:43:13 UTC 2019
------------------ testing $PTII/ptolemy/domains/de/test/auto/deInCt2.xml
auto.tcl: Setting watchdog for 200 seconds at Wed Sep 18 05:43:13 UTC 2019
0
1
1
1
0
0
1
1
1
0
0
1
1
1
0
0
1
1
1
0
0
1
1
1
0
0
1
1
1
0
0
1
1
1
0
0
1
1
1
0
0
0
11 ms. Memory: 51200K Free: 31787K (62%)
ptolemy.util.test.WatchDog.cancel(): canceling Wed Sep 18 05:43:13 UTC 2019
auto.tcl: Setting watchdog for 200 seconds at Wed Sep 18 05:43:13 UTC 2019
0
1
1
1
0
0
1
1
1
0
0
1
1
1
0
0
1
1
1
0
0
1
1
1
0
0
1
1
1
0
0
1
1
1
0
0
1
1
1
0
0
0
9 ms. Memory: 51200K Free: 30235K (59%)
ptolemy.util.test.WatchDog.cancel(): canceling Wed Sep 18 05:43:13 UTC 2019
------------------ testing $PTII/ptolemy/domains/de/test/auto/dynamicCausalityInterface1.xml
auto.tcl: Setting watchdog for 200 seconds at Wed Sep 18 05:43:13 UTC 2019
1 ms. Memory: 51200K Free: 27165K (53%)
ptolemy.util.test.WatchDog.cancel(): canceling Wed Sep 18 05:43:13 UTC 2019
auto.tcl: Setting watchdog for 200 seconds at Wed Sep 18 05:43:13 UTC 2019
1 ms. Memory: 51200K Free: 26661K (52%)
ptolemy.util.test.WatchDog.cancel(): canceling Wed Sep 18 05:43:13 UTC 2019
------------------ testing $PTII/ptolemy/domains/de/test/auto/fsm_de_test.xml
auto.tcl: Setting watchdog for 200 seconds at Wed Sep 18 05:43:13 UTC 2019
16 ms. Memory: 51200K Free: 27583K (54%)
ptolemy.util.test.WatchDog.cancel(): canceling Wed Sep 18 05:43:13 UTC 2019
auto.tcl: Setting watchdog for 200 seconds at Wed Sep 18 05:43:13 UTC 2019
7 ms. Memory: 51200K Free: 25535K (50%)
ptolemy.util.test.WatchDog.cancel(): canceling Wed Sep 18 05:43:13 UTC 2019
------------------ testing $PTII/ptolemy/domains/de/test/auto/functionDependencyReconstruction.xml
auto.tcl: Setting watchdog for 200 seconds at Wed Sep 18 05:43:13 UTC 2019
2 ms. Memory: 51200K Free: 21552K (42%)
ptolemy.util.test.WatchDog.cancel(): canceling Wed Sep 18 05:43:13 UTC 2019
auto.tcl: Setting watchdog for 200 seconds at Wed Sep 18 05:43:13 UTC 2019
4 ms. Memory: 51200K Free: 19381K (38%)
ptolemy.util.test.WatchDog.cancel(): canceling Wed Sep 18 05:43:13 UTC 2019
------------------ testing $PTII/ptolemy/domains/de/test/auto/multirate.xml
auto.tcl: Setting watchdog for 200 seconds at Wed Sep 18 05:43:13 UTC 2019
10 ms. Memory: 51200K Free: 30158K (59%)
ptolemy.util.test.WatchDog.cancel(): canceling Wed Sep 18 05:43:13 UTC 2019
auto.tcl: Setting watchdog for 200 seconds at Wed Sep 18 05:43:13 UTC 2019
3 ms. Memory: 51200K Free: 28480K (56%)
ptolemy.util.test.WatchDog.cancel(): canceling Wed Sep 18 05:43:13 UTC 2019
------------------ testing $PTII/ptolemy/domains/de/test/auto/multirate2.xml
auto.tcl: Setting watchdog for 200 seconds at Wed Sep 18 05:43:13 UTC 2019
6 ms. Memory: 51200K Free: 30406K (59%)
ptolemy.util.test.WatchDog.cancel(): canceling Wed Sep 18 05:43:14 UTC 2019
auto.tcl: Setting watchdog for 200 seconds at Wed Sep 18 05:43:14 UTC 2019
2 ms. Memory: 51200K Free: 28686K (56%)
ptolemy.util.test.WatchDog.cancel(): canceling Wed Sep 18 05:43:14 UTC 2019
------------------ testing $PTII/ptolemy/domains/de/test/auto/realtime.xml
auto.tcl: Setting watchdog for 200 seconds at Wed Sep 18 05:43:14 UTC 2019
10001 ms. Memory: 51200K Free: 32466K (63%)
ptolemy.util.test.WatchDog.cancel(): canceling Wed Sep 18 05:43:24 UTC 2019
auto.tcl: Setting watchdog for 200 seconds at Wed Sep 18 05:43:24 UTC 2019
10001 ms. Memory: 51200K Free: 31731K (62%)
ptolemy.util.test.WatchDog.cancel(): canceling Wed Sep 18 05:43:34 UTC 2019
------------------ testing $PTII/ptolemy/domains/de/test/auto/relationGroup.xml
auto.tcl: Setting watchdog for 200 seconds at Wed Sep 18 05:43:34 UTC 2019
3 ms. Memory: 51200K Free: 33537K (66%)
ptolemy.util.test.WatchDog.cancel(): canceling Wed Sep 18 05:43:34 UTC 2019
auto.tcl: Setting watchdog for 200 seconds at Wed Sep 18 05:43:34 UTC 2019
2 ms. Memory: 51200K Free: 33009K (64%)
ptolemy.util.test.WatchDog.cancel(): canceling Wed Sep 18 05:43:34 UTC 2019
------------------ testing $PTII/ptolemy/domains/de/test/auto/relationGroup2.xml
auto.tcl: Setting watchdog for 200 seconds at Wed Sep 18 05:43:34 UTC 2019
2 ms. Memory: 51200K Free: 33563K (66%)
ptolemy.util.test.WatchDog.cancel(): canceling Wed Sep 18 05:43:34 UTC 2019
auto.tcl: Setting watchdog for 200 seconds at Wed Sep 18 05:43:34 UTC 2019
2 ms. Memory: 51200K Free: 33051K (65%)
ptolemy.util.test.WatchDog.cancel(): canceling Wed Sep 18 05:43:34 UTC 2019
------------------ testing $PTII/ptolemy/domains/de/test/auto/sortWithOpaquePorts.xml
auto.tcl: Setting watchdog for 200 seconds at Wed Sep 18 05:43:34 UTC 2019
2 ms. Memory: 51200K Free: 32311K (63%)
ptolemy.util.test.WatchDog.cancel(): canceling Wed Sep 18 05:43:34 UTC 2019
auto.tcl: Setting watchdog for 200 seconds at Wed Sep 18 05:43:34 UTC 2019
2 ms. Memory: 51200K Free: 31287K (61%)
ptolemy.util.test.WatchDog.cancel(): canceling Wed Sep 18 05:43:34 UTC 2019
------------------ testing $PTII/ptolemy/domains/de/test/auto/transferInputsandOutputs.xml
auto.tcl: Setting watchdog for 200 seconds at Wed Sep 18 05:43:34 UTC 2019
6 ms. Memory: 51200K Free: 29754K (58%)
ptolemy.util.test.WatchDog.cancel(): canceling Wed Sep 18 05:43:34 UTC 2019
auto.tcl: Setting watchdog for 200 seconds at Wed Sep 18 05:43:34 UTC 2019
6 ms. Memory: 51200K Free: 28742K (56%)
ptolemy.util.test.WatchDog.cancel(): canceling Wed Sep 18 05:43:34 UTC 2019
------------------ testing $PTII/ptolemy/domains/de/test/auto/triggerType.xml
auto.tcl: Setting watchdog for 200 seconds at Wed Sep 18 05:43:34 UTC 2019
2 ms. Memory: 51200K Free: 32779K (64%)
ptolemy.util.test.WatchDog.cancel(): canceling Wed Sep 18 05:43:34 UTC 2019
auto.tcl: Setting watchdog for 200 seconds at Wed Sep 18 05:43:34 UTC 2019
2 ms. Memory: 51200K Free: 31755K (62%)
ptolemy.util.test.WatchDog.cancel(): canceling Wed Sep 18 05:43:34 UTC 2019
09/18/19 05:43:34
Failed: 0  Total Tests: 192  ((Passed: 187, Newly Passed: 1)  Known Failed: 5) /home/travis/build/icyphy/ptII/ptolemy/domains/de/test
09/18/19 05:43:34
Failed: 0  Total Tests: 192  ((Passed: 187, Newly Passed: 1)  Known Failed: 5) /home/travis/build/icyphy/ptII/ptolemy/domains/de/test
----------------- testing (KnownFailure) /home/travis/build/icyphy/ptII/ptolemy/domains/de/test/auto/knownFailedTests/DESDFClockTest.xml
2020 ms. Memory: 51200K Free: 25664K (50%)
Known Failure: java.lang.reflect.InvocationTargetException
----------------- testing (KnownFailure) /home/travis/build/icyphy/ptII/ptolemy/domains/de/test/auto/knownFailedTests/DirectFeedback.xml
2 ms. Memory: 51200K Free: 22078K (43%)
Known Failure: java.lang.reflect.InvocationTargetException
----------------- testing (KnownFailure) /home/travis/build/icyphy/ptII/ptolemy/domains/de/test/auto/knownFailedTests/FSMSource.xml
6 ms. Memory: 51200K Free: 14400K (28%)
----------------- testing (KnownFailure) /home/travis/build/icyphy/ptII/ptolemy/domains/de/test/auto/knownFailedTests/HierarchicalModel.xml
2 ms. Memory: 51200K Free: 26589K (52%)
Known Failure: java.lang.reflect.InvocationTargetException
----------------- testing (KnownFailure) /home/travis/build/icyphy/ptII/ptolemy/domains/de/test/auto/knownFailedTests/dependencyLoop.xml
2 ms. Memory: 51200K Free: 11277K (22%)
Known Failure: java.lang.reflect.InvocationTargetException
----------------- testing (KnownFailure) /home/travis/build/icyphy/ptII/ptolemy/domains/de/test/auto/knownFailedTests/dependencyLoop2.xml
4 ms. Memory: 51200K Free: 24242K (47%)
Known Failure: java.lang.reflect.InvocationTargetException
No auto/linux-amd64/*.xml tests in /home/travis/build/icyphy/ptII/ptolemy/domains/de/test
AutoTests.java: About to close Vertx.
AutoTests.java: Vertx closed.

===========================================================================================
----------------- testing Wed Sep 18 05:43:36 UTC 2019 /home/travis/build/icyphy/ptII/ptolemy/domains/de/test/auto/ActorDepthCalculation_actorWithoutPorts.xml
----------------- Instantiating /home/travis/build/icyphy/ptII/ptolemy/domains/de/test/auto/ActorDepthCalculation_actorWithoutPorts.xml
1 ms. Memory: 51200K Free: 17424K (34%)
----------------- Invoking toplevel() on ptolemy.moml.MoMLSimpleApplication@64a83167
----------------- Done invoking toplevel() on ptolemy.moml.MoMLSimpleApplication@64a83167
reloadAllAccessors: .ActorDepthCalculation_actorWithoutPorts

===========================================================================================
----------------- testing Wed Sep 18 05:43:36 UTC 2019 /home/travis/build/icyphy/ptII/ptolemy/domains/de/test/auto/AssemblyLine.xml
----------------- Instantiating /home/travis/build/icyphy/ptII/ptolemy/domains/de/test/auto/AssemblyLine.xml
4 ms. Memory: 51200K Free: 10555K (21%)
----------------- Invoking toplevel() on ptolemy.moml.MoMLSimpleApplication@75e94cf9
----------------- Done invoking toplevel() on ptolemy.moml.MoMLSimpleApplication@75e94cf9
reloadAllAccessors: .AssemblyLine

===========================================================================================
----------------- testing Wed Sep 18 05:43:36 UTC 2019 /home/travis/build/icyphy/ptII/ptolemy/domains/de/test/auto/CQBug1.xml
----------------- Instantiating /home/travis/build/icyphy/ptII/ptolemy/domains/de/test/auto/CQBug1.xml
0 ms. Memory: 51200K Free: 35304K (69%)
----------------- Invoking toplevel() on ptolemy.moml.MoMLSimpleApplication@61d3b455
----------------- Done invoking toplevel() on ptolemy.moml.MoMLSimpleApplication@61d3b455
reloadAllAccessors: .CQBug1

===========================================================================================
----------------- testing Wed Sep 18 05:43:36 UTC 2019 /home/travis/build/icyphy/ptII/ptolemy/domains/de/test/auto/CancelFireAt.xml
----------------- Instantiating /home/travis/build/icyphy/ptII/ptolemy/domains/de/test/auto/CancelFireAt.xml
2 ms. Memory: 51200K Free: 32687K (64%)
----------------- Invoking toplevel() on ptolemy.moml.MoMLSimpleApplication@5537433b
----------------- Done invoking toplevel() on ptolemy.moml.MoMLSimpleApplication@5537433b
reloadAllAccessors: .CancelFireAt

===========================================================================================
----------------- testing Wed Sep 18 05:43:36 UTC 2019 /home/travis/build/icyphy/ptII/ptolemy/domains/de/test/auto/CausalityAndComposabilityAnalysis.xml
----------------- Instantiating /home/travis/build/icyphy/ptII/ptolemy/domains/de/test/auto/CausalityAndComposabilityAnalysis.xml
2 ms. Memory: 51200K Free: 28558K (56%)
----------------- Invoking toplevel() on ptolemy.moml.MoMLSimpleApplication@1fa38a82
----------------- Done invoking toplevel() on ptolemy.moml.MoMLSimpleApplication@1fa38a82
reloadAllAccessors: .CausalityAndComposabilityAnalysis

===========================================================================================
----------------- testing Wed Sep 18 05:43:36 UTC 2019 /home/travis/build/icyphy/ptII/ptolemy/domains/de/test/auto/CausalityInterface1.xml
----------------- Instantiating /home/travis/build/icyphy/ptII/ptolemy/domains/de/test/auto/CausalityInterface1.xml
6 ms. Memory: 51200K Free: 23439K (46%)
----------------- Invoking toplevel() on ptolemy.moml.MoMLSimpleApplication@33ee5479
----------------- Done invoking toplevel() on ptolemy.moml.MoMLSimpleApplication@33ee5479
reloadAllAccessors: .CausalityInterface1

===========================================================================================
----------------- testing Wed Sep 18 05:43:36 UTC 2019 /home/travis/build/icyphy/ptII/ptolemy/domains/de/test/auto/CausalityInterface15.xml
----------------- Instantiating /home/travis/build/icyphy/ptII/ptolemy/domains/de/test/auto/CausalityInterface15.xml
1 ms. Memory: 51200K Free: 17887K (35%)
----------------- Invoking toplevel() on ptolemy.moml.MoMLSimpleApplication@743bc6e6
----------------- Done invoking toplevel() on ptolemy.moml.MoMLSimpleApplication@743bc6e6
reloadAllAccessors: .CausalityInterface15

===========================================================================================
----------------- testing Wed Sep 18 05:43:36 UTC 2019 /home/travis/build/icyphy/ptII/ptolemy/domains/de/test/auto/CausalityInterface2.xml
----------------- Instantiating /home/travis/build/icyphy/ptII/ptolemy/domains/de/test/auto/CausalityInterface2.xml
1 ms. Memory: 51200K Free: 13245K (26%)
----------------- Invoking toplevel() on ptolemy.moml.MoMLSimpleApplication@5c56a47f
----------------- Done invoking toplevel() on ptolemy.moml.MoMLSimpleApplication@5c56a47f
reloadAllAccessors: .CausalityInterface2

===========================================================================================
----------------- testing Wed Sep 18 05:43:36 UTC 2019 /home/travis/build/icyphy/ptII/ptolemy/domains/de/test/auto/CausalityInterface3.xml
----------------- Instantiating /home/travis/build/icyphy/ptII/ptolemy/domains/de/test/auto/CausalityInterface3.xml
7 ms. Memory: 51200K Free: 36016K (70%)
----------------- Invoking toplevel() on ptolemy.moml.MoMLSimpleApplication@1d5be172
----------------- Done invoking toplevel() on ptolemy.moml.MoMLSimpleApplication@1d5be172
reloadAllAccessors: .CausalityInterface3

===========================================================================================
----------------- testing Wed Sep 18 05:43:36 UTC 2019 /home/travis/build/icyphy/ptII/ptolemy/domains/de/test/auto/ClockDrift.xml
----------------- Instantiating /home/travis/build/icyphy/ptII/ptolemy/domains/de/test/auto/ClockDrift.xml
13 ms. Memory: 51200K Free: 24006K (47%)
----------------- Invoking toplevel() on ptolemy.moml.MoMLSimpleApplication@2265c060
----------------- Done invoking toplevel() on ptolemy.moml.MoMLSimpleApplication@2265c060
reloadAllAccessors: .ClockDrift

===========================================================================================
----------------- testing Wed Sep 18 05:43:37 UTC 2019 /home/travis/build/icyphy/ptII/ptolemy/domains/de/test/auto/ClockDriftAndValueChange.xml
----------------- Instantiating /home/travis/build/icyphy/ptII/ptolemy/domains/de/test/auto/ClockDriftAndValueChange.xml
10 ms. Memory: 51200K Free: 12373K (24%)
----------------- Invoking toplevel() on ptolemy.moml.MoMLSimpleApplication@2c7db5ed
----------------- Done invoking toplevel() on ptolemy.moml.MoMLSimpleApplication@2c7db5ed
reloadAllAccessors: .ClockDriftAndValueChange

===========================================================================================
----------------- testing Wed Sep 18 05:43:37 UTC 2019 /home/travis/build/icyphy/ptII/ptolemy/domains/de/test/auto/ClockDriftChange.xml
----------------- Instantiating /home/travis/build/icyphy/ptII/ptolemy/domains/de/test/auto/ClockDriftChange.xml
9 ms. Memory: 51200K Free: 30187K (59%)
----------------- Invoking toplevel() on ptolemy.moml.MoMLSimpleApplication@165709f3
----------------- Done invoking toplevel() on ptolemy.moml.MoMLSimpleApplication@165709f3
reloadAllAccessors: .ClockDriftChange

===========================================================================================
----------------- testing Wed Sep 18 05:43:37 UTC 2019 /home/travis/build/icyphy/ptII/ptolemy/domains/de/test/auto/ComposableCausalityAnalysis.xml
----------------- Instantiating /home/travis/build/icyphy/ptII/ptolemy/domains/de/test/auto/ComposableCausalityAnalysis.xml
1 ms. Memory: 51200K Free: 24588K (48%)
----------------- Invoking toplevel() on ptolemy.moml.MoMLSimpleApplication@39d3e11
----------------- Done invoking toplevel() on ptolemy.moml.MoMLSimpleApplication@39d3e11
reloadAllAccessors: .ComposableCausalityAnalysis

===========================================================================================
----------------- testing Wed Sep 18 05:43:37 UTC 2019 /home/travis/build/icyphy/ptII/ptolemy/domains/de/test/auto/DEFixedPointLimitation.xml
----------------- Instantiating /home/travis/build/icyphy/ptII/ptolemy/domains/de/test/auto/DEFixedPointLimitation.xml
1 ms. Memory: 51200K Free: 19909K (39%)
----------------- Invoking toplevel() on ptolemy.moml.MoMLSimpleApplication@45d7efba
----------------- Done invoking toplevel() on ptolemy.moml.MoMLSimpleApplication@45d7efba
reloadAllAccessors: .DEFixedPointLimitation

===========================================================================================
----------------- testing Wed Sep 18 05:43:37 UTC 2019 /home/travis/build/icyphy/ptII/ptolemy/domains/de/test/auto/DEScheduleTest.xml
----------------- Instantiating /home/travis/build/icyphy/ptII/ptolemy/domains/de/test/auto/DEScheduleTest.xml
2 ms. Memory: 51200K Free: 15565K (30%)
----------------- Invoking toplevel() on ptolemy.moml.MoMLSimpleApplication@2e921b72
----------------- Done invoking toplevel() on ptolemy.moml.MoMLSimpleApplication@2e921b72
reloadAllAccessors: .DEScheduleTest

===========================================================================================
----------------- testing Wed Sep 18 05:43:37 UTC 2019 /home/travis/build/icyphy/ptII/ptolemy/domains/de/test/auto/DEinDEwithStartTimes.xml
----------------- Instantiating /home/travis/build/icyphy/ptII/ptolemy/domains/de/test/auto/DEinDEwithStartTimes.xml
2 ms. Memory: 51200K Free: 9693K (19%)
----------------- Invoking toplevel() on ptolemy.moml.MoMLSimpleApplication@74c021f2
----------------- Done invoking toplevel() on ptolemy.moml.MoMLSimpleApplication@74c021f2
reloadAllAccessors: .DEinDEwithStartTimes

===========================================================================================
----------------- testing Wed Sep 18 05:43:37 UTC 2019 /home/travis/build/icyphy/ptII/ptolemy/domains/de/test/auto/DEinDEwithStartTimes2.xml
----------------- Instantiating /home/travis/build/icyphy/ptII/ptolemy/domains/de/test/auto/DEinDEwithStartTimes2.xml
2 ms. Memory: 51200K Free: 30775K (60%)
----------------- Invoking toplevel() on ptolemy.moml.MoMLSimpleApplication@1e56e983
----------------- Done invoking toplevel() on ptolemy.moml.MoMLSimpleApplication@1e56e983
reloadAllAccessors: .DEinDEwithStartTimes2

===========================================================================================
----------------- testing Wed Sep 18 05:43:37 UTC 2019 /home/travis/build/icyphy/ptII/ptolemy/domains/de/test/auto/DateDemo.xml
----------------- Instantiating /home/travis/build/icyphy/ptII/ptolemy/domains/de/test/auto/DateDemo.xml
7 ms. Memory: 51200K Free: 19481K (38%)
----------------- Invoking toplevel() on ptolemy.moml.MoMLSimpleApplication@9add49f
----------------- Done invoking toplevel() on ptolemy.moml.MoMLSimpleApplication@9add49f
reloadAllAccessors: .DateDemo

===========================================================================================
----------------- testing Wed Sep 18 05:43:37 UTC 2019 /home/travis/build/icyphy/ptII/ptolemy/domains/de/test/auto/DateToEvent.xml
----------------- Instantiating /home/travis/build/icyphy/ptII/ptolemy/domains/de/test/auto/DateToEvent.xml
2004 ms. Memory: 51200K Free: 31217K (61%)
----------------- Invoking toplevel() on ptolemy.moml.MoMLSimpleApplication@142bc47a
----------------- Done invoking toplevel() on ptolemy.moml.MoMLSimpleApplication@142bc47a
reloadAllAccessors: .DateToEvent

===========================================================================================
----------------- testing Wed Sep 18 05:43:39 UTC 2019 /home/travis/build/icyphy/ptII/ptolemy/domains/de/test/auto/DepthTest1.xml
----------------- Instantiating /home/travis/build/icyphy/ptII/ptolemy/domains/de/test/auto/DepthTest1.xml
10 ms. Memory: 51200K Free: 28409K (55%)
----------------- Invoking toplevel() on ptolemy.moml.MoMLSimpleApplication@55bb4548
----------------- Done invoking toplevel() on ptolemy.moml.MoMLSimpleApplication@55bb4548
reloadAllAccessors: .DepthTest1

===========================================================================================
----------------- testing Wed Sep 18 05:43:39 UTC 2019 /home/travis/build/icyphy/ptII/ptolemy/domains/de/test/auto/DepthTest2.xml
----------------- Instantiating /home/travis/build/icyphy/ptII/ptolemy/domains/de/test/auto/DepthTest2.xml
3 ms. Memory: 51200K Free: 21969K (43%)
----------------- Invoking toplevel() on ptolemy.moml.MoMLSimpleApplication@343d9273
----------------- Done invoking toplevel() on ptolemy.moml.MoMLSimpleApplication@343d9273
reloadAllAccessors: .DepthTest2

===========================================================================================
----------------- testing Wed Sep 18 05:43:39 UTC 2019 /home/travis/build/icyphy/ptII/ptolemy/domains/de/test/auto/DepthTest3.xml
----------------- Instantiating /home/travis/build/icyphy/ptII/ptolemy/domains/de/test/auto/DepthTest3.xml
1 ms. Memory: 51200K Free: 18889K (37%)
----------------- Invoking toplevel() on ptolemy.moml.MoMLSimpleApplication@26eae4a7
----------------- Done invoking toplevel() on ptolemy.moml.MoMLSimpleApplication@26eae4a7
reloadAllAccessors: .DepthTest3

===========================================================================================
----------------- testing Wed Sep 18 05:43:39 UTC 2019 /home/travis/build/icyphy/ptII/ptolemy/domains/de/test/auto/DepthTest4.xml
----------------- Instantiating /home/travis/build/icyphy/ptII/ptolemy/domains/de/test/auto/DepthTest4.xml
2 ms. Memory: 51200K Free: 14043K (27%)
----------------- Invoking toplevel() on ptolemy.moml.MoMLSimpleApplication@405a9c4e
----------------- Done invoking toplevel() on ptolemy.moml.MoMLSimpleApplication@405a9c4e
reloadAllAccessors: .DepthTest4

===========================================================================================
----------------- testing Wed Sep 18 05:43:39 UTC 2019 /home/travis/build/icyphy/ptII/ptolemy/domains/de/test/auto/DepthTest5.xml
----------------- Instantiating /home/travis/build/icyphy/ptII/ptolemy/domains/de/test/auto/DepthTest5.xml
6 ms. Memory: 51200K Free: 35661K (70%)
----------------- Invoking toplevel() on ptolemy.moml.MoMLSimpleApplication@1a6d3459
----------------- Done invoking toplevel() on ptolemy.moml.MoMLSimpleApplication@1a6d3459
reloadAllAccessors: .DepthTest5

===========================================================================================
----------------- testing Wed Sep 18 05:43:39 UTC 2019 /home/travis/build/icyphy/ptII/ptolemy/domains/de/test/auto/DepthTest6.xml
----------------- Instantiating /home/travis/build/icyphy/ptII/ptolemy/domains/de/test/auto/DepthTest6.xml
2 ms. Memory: 51200K Free: 30140K (59%)
----------------- Invoking toplevel() on ptolemy.moml.MoMLSimpleApplication@472b6bce
----------------- Done invoking toplevel() on ptolemy.moml.MoMLSimpleApplication@472b6bce
reloadAllAccessors: .DepthTest6

===========================================================================================
----------------- testing Wed Sep 18 05:43:39 UTC 2019 /home/travis/build/icyphy/ptII/ptolemy/domains/de/test/auto/DepthTest7.xml
----------------- Instantiating /home/travis/build/icyphy/ptII/ptolemy/domains/de/test/auto/DepthTest7.xml
1 ms. Memory: 51200K Free: 25316K (49%)
----------------- Invoking toplevel() on ptolemy.moml.MoMLSimpleApplication@3cab7845
----------------- Done invoking toplevel() on ptolemy.moml.MoMLSimpleApplication@3cab7845
reloadAllAccessors: .DepthTest7

===========================================================================================
----------------- testing Wed Sep 18 05:43:39 UTC 2019 /home/travis/build/icyphy/ptII/ptolemy/domains/de/test/auto/EventToDate.xml
----------------- Instantiating /home/travis/build/icyphy/ptII/ptolemy/domains/de/test/auto/EventToDate.xml
3011 ms. Memory: 51200K Free: 12184K (24%)
----------------- Invoking toplevel() on ptolemy.moml.MoMLSimpleApplication@527365e0
----------------- Done invoking toplevel() on ptolemy.moml.MoMLSimpleApplication@527365e0
reloadAllAccessors: .EventToDate

===========================================================================================
----------------- testing Wed Sep 18 05:43:42 UTC 2019 /home/travis/build/icyphy/ptII/ptolemy/domains/de/test/auto/FSM1.xml
----------------- Instantiating /home/travis/build/icyphy/ptII/ptolemy/domains/de/test/auto/FSM1.xml
26 ms. Memory: 51200K Free: 26721K (52%)
----------------- Invoking toplevel() on ptolemy.moml.MoMLSimpleApplication@32b8d878
----------------- Done invoking toplevel() on ptolemy.moml.MoMLSimpleApplication@32b8d878
reloadAllAccessors: .FSM1

===========================================================================================
----------------- testing Wed Sep 18 05:43:42 UTC 2019 /home/travis/build/icyphy/ptII/ptolemy/domains/de/test/auto/FSM7.xml
----------------- Instantiating /home/travis/build/icyphy/ptII/ptolemy/domains/de/test/auto/FSM7.xml
20 ms. Memory: 51200K Free: 14419K (28%)
----------------- Invoking toplevel() on ptolemy.moml.MoMLSimpleApplication@b5f3ef1
----------------- Done invoking toplevel() on ptolemy.moml.MoMLSimpleApplication@b5f3ef1
reloadAllAccessors: .FSM7

===========================================================================================
----------------- testing Wed Sep 18 05:43:42 UTC 2019 /home/travis/build/icyphy/ptII/ptolemy/domains/de/test/auto/Inspection.xml
----------------- Instantiating /home/travis/build/icyphy/ptII/ptolemy/domains/de/test/auto/Inspection.xml
15 ms. Memory: 51200K Free: 29147K (57%)
----------------- Invoking toplevel() on ptolemy.moml.MoMLSimpleApplication@3b86940c
----------------- Done invoking toplevel() on ptolemy.moml.MoMLSimpleApplication@3b86940c
reloadAllAccessors: .Inspection

===========================================================================================
----------------- testing Wed Sep 18 05:43:42 UTC 2019 /home/travis/build/icyphy/ptII/ptolemy/domains/de/test/auto/Iteration.xml
----------------- Instantiating /home/travis/build/icyphy/ptII/ptolemy/domains/de/test/auto/Iteration.xml
12 ms. Memory: 51200K Free: 22060K (43%)
----------------- Invoking toplevel() on ptolemy.moml.MoMLSimpleApplication@77f2c581
----------------- Done invoking toplevel() on ptolemy.moml.MoMLSimpleApplication@77f2c581
reloadAllAccessors: .Iteration

===========================================================================================
----------------- testing Wed Sep 18 05:43:42 UTC 2019 /home/travis/build/icyphy/ptII/ptolemy/domains/de/test/auto/LineFault.xml
----------------- Instantiating /home/travis/build/icyphy/ptII/ptolemy/domains/de/test/auto/LineFault.xml
497 ms. Memory: 51200K Free: 12119K (24%)
----------------- Invoking toplevel() on ptolemy.moml.MoMLSimpleApplication@17a65b2f
----------------- Done invoking toplevel() on ptolemy.moml.MoMLSimpleApplication@17a65b2f
reloadAllAccessors: .LineFault

===========================================================================================
----------------- testing Wed Sep 18 05:43:43 UTC 2019 /home/travis/build/icyphy/ptII/ptolemy/domains/de/test/auto/MergeModel1Add.xml
----------------- Instantiating /home/travis/build/icyphy/ptII/ptolemy/domains/de/test/auto/MergeModel1Add.xml
6 ms. Memory: 51200K Free: 18319K (36%)
----------------- Invoking toplevel() on ptolemy.moml.MoMLSimpleApplication@2f7dc40d
----------------- Done invoking toplevel() on ptolemy.moml.MoMLSimpleApplication@2f7dc40d
reloadAllAccessors: .MergeModel1Add

===========================================================================================
----------------- testing Wed Sep 18 05:43:43 UTC 2019 /home/travis/build/icyphy/ptII/ptolemy/domains/de/test/auto/MergeModel2Add.xml
----------------- Instantiating /home/travis/build/icyphy/ptII/ptolemy/domains/de/test/auto/MergeModel2Add.xml
6 ms. Memory: 51200K Free: 25519K (50%)
----------------- Invoking toplevel() on ptolemy.moml.MoMLSimpleApplication@3a730d95
----------------- Done invoking toplevel() on ptolemy.moml.MoMLSimpleApplication@3a730d95
reloadAllAccessors: .MergeModel2Add

===========================================================================================
----------------- testing Wed Sep 18 05:43:43 UTC 2019 /home/travis/build/icyphy/ptII/ptolemy/domains/de/test/auto/MergeModel3Add.xml
----------------- Instantiating /home/travis/build/icyphy/ptII/ptolemy/domains/de/test/auto/MergeModel3Add.xml
6 ms. Memory: 51200K Free: 31949K (62%)
----------------- Invoking toplevel() on ptolemy.moml.MoMLSimpleApplication@9b0fb92
----------------- Done invoking toplevel() on ptolemy.moml.MoMLSimpleApplication@9b0fb92
reloadAllAccessors: .MergeModel3Add

===========================================================================================
----------------- testing Wed Sep 18 05:43:43 UTC 2019 /home/travis/build/icyphy/ptII/ptolemy/domains/de/test/auto/MergeWithoutDiscard.xml
----------------- Instantiating /home/travis/build/icyphy/ptII/ptolemy/domains/de/test/auto/MergeWithoutDiscard.xml
1 ms. Memory: 51200K Free: 27830K (54%)
----------------- Invoking toplevel() on ptolemy.moml.MoMLSimpleApplication@44aa0a0f
----------------- Done invoking toplevel() on ptolemy.moml.MoMLSimpleApplication@44aa0a0f
reloadAllAccessors: .MergeWithoutDiscard

===========================================================================================
----------------- testing Wed Sep 18 05:43:43 UTC 2019 /home/travis/build/icyphy/ptII/ptolemy/domains/de/test/auto/Modal1.xml
----------------- Instantiating /home/travis/build/icyphy/ptII/ptolemy/domains/de/test/auto/Modal1.xml
12 ms. Memory: 51200K Free: 15795K (31%)
----------------- Invoking toplevel() on ptolemy.moml.MoMLSimpleApplication@3adf9f02
----------------- Done invoking toplevel() on ptolemy.moml.MoMLSimpleApplication@3adf9f02
reloadAllAccessors: .Modal1

===========================================================================================
----------------- testing Wed Sep 18 05:43:43 UTC 2019 /home/travis/build/icyphy/ptII/ptolemy/domains/de/test/auto/Modal2.xml
----------------- Instantiating /home/travis/build/icyphy/ptII/ptolemy/domains/de/test/auto/Modal2.xml
11 ms. Memory: 51200K Free: 28516K (56%)
----------------- Invoking toplevel() on ptolemy.moml.MoMLSimpleApplication@3c258bcb
----------------- Done invoking toplevel() on ptolemy.moml.MoMLSimpleApplication@3c258bcb
reloadAllAccessors: .Modal2

===========================================================================================
----------------- testing Wed Sep 18 05:43:43 UTC 2019 /home/travis/build/icyphy/ptII/ptolemy/domains/de/test/auto/Modal3.xml
----------------- Instantiating /home/travis/build/icyphy/ptII/ptolemy/domains/de/test/auto/Modal3.xml
9 ms. Memory: 51200K Free: 16198K (32%)
----------------- Invoking toplevel() on ptolemy.moml.MoMLSimpleApplication@2d1c707
----------------- Done invoking toplevel() on ptolemy.moml.MoMLSimpleApplication@2d1c707
reloadAllAccessors: .Modal3

===========================================================================================
----------------- testing Wed Sep 18 05:43:43 UTC 2019 /home/travis/build/icyphy/ptII/ptolemy/domains/de/test/auto/Modal4.xml
----------------- Instantiating /home/travis/build/icyphy/ptII/ptolemy/domains/de/test/auto/Modal4.xml
10 ms. Memory: 51200K Free: 27930K (55%)
----------------- Invoking toplevel() on ptolemy.moml.MoMLSimpleApplication@75171bd8
----------------- Done invoking toplevel() on ptolemy.moml.MoMLSimpleApplication@75171bd8
reloadAllAccessors: .Modal4

===========================================================================================
----------------- testing Wed Sep 18 05:43:43 UTC 2019 /home/travis/build/icyphy/ptII/ptolemy/domains/de/test/auto/Modal5.xml
----------------- Instantiating /home/travis/build/icyphy/ptII/ptolemy/domains/de/test/auto/Modal5.xml
9 ms. Memory: 51200K Free: 14832K (29%)
----------------- Invoking toplevel() on ptolemy.moml.MoMLSimpleApplication@48fc51f8
----------------- Done invoking toplevel() on ptolemy.moml.MoMLSimpleApplication@48fc51f8
reloadAllAccessors: .Modal5

===========================================================================================
----------------- testing Wed Sep 18 05:43:43 UTC 2019 /home/travis/build/icyphy/ptII/ptolemy/domains/de/test/auto/Modal6.xml
----------------- Instantiating /home/travis/build/icyphy/ptII/ptolemy/domains/de/test/auto/Modal6.xml
9 ms. Memory: 51200K Free: 27163K (53%)
----------------- Invoking toplevel() on ptolemy.moml.MoMLSimpleApplication@bfb43cc
----------------- Done invoking toplevel() on ptolemy.moml.MoMLSimpleApplication@bfb43cc
reloadAllAccessors: .Modal6

===========================================================================================
----------------- testing Wed Sep 18 05:43:43 UTC 2019 /home/travis/build/icyphy/ptII/ptolemy/domains/de/test/auto/Modal7.xml
----------------- Instantiating /home/travis/build/icyphy/ptII/ptolemy/domains/de/test/auto/Modal7.xml
8 ms. Memory: 51200K Free: 13850K (27%)
----------------- Invoking toplevel() on ptolemy.moml.MoMLSimpleApplication@4f57c57b
----------------- Done invoking toplevel() on ptolemy.moml.MoMLSimpleApplication@4f57c57b
reloadAllAccessors: .Modal7

===========================================================================================
----------------- testing Wed Sep 18 05:43:43 UTC 2019 /home/travis/build/icyphy/ptII/ptolemy/domains/de/test/auto/ModalModel.xml
----------------- Instantiating /home/travis/build/icyphy/ptII/ptolemy/domains/de/test/auto/ModalModel.xml
149 ms. Memory: 66560K Free: 34908K (52%)
----------------- Invoking toplevel() on ptolemy.moml.MoMLSimpleApplication@5462b031
----------------- Done invoking toplevel() on ptolemy.moml.MoMLSimpleApplication@5462b031
reloadAllAccessors: .ModalModel

===========================================================================================
----------------- testing Wed Sep 18 05:43:43 UTC 2019 /home/travis/build/icyphy/ptII/ptolemy/domains/de/test/auto/ModalSource.xml
----------------- Instantiating /home/travis/build/icyphy/ptII/ptolemy/domains/de/test/auto/ModalSource.xml
5 ms. Memory: 66560K Free: 26551K (40%)
----------------- Invoking toplevel() on ptolemy.moml.MoMLSimpleApplication@5e01d9bb
----------------- Done invoking toplevel() on ptolemy.moml.MoMLSimpleApplication@5e01d9bb
reloadAllAccessors: .ModalSource

===========================================================================================
----------------- testing Wed Sep 18 05:43:43 UTC 2019 /home/travis/build/icyphy/ptII/ptolemy/domains/de/test/auto/NonInterruptibleTimerZeroDelay.xml
----------------- Instantiating /home/travis/build/icyphy/ptII/ptolemy/domains/de/test/auto/NonInterruptibleTimerZeroDelay.xml
2 ms. Memory: 66560K Free: 22769K (34%)
----------------- Invoking toplevel() on ptolemy.moml.MoMLSimpleApplication@979f514
----------------- Done invoking toplevel() on ptolemy.moml.MoMLSimpleApplication@979f514
reloadAllAccessors: .NonInterruptibleTimerZeroDelay

===========================================================================================
----------------- testing Wed Sep 18 05:43:43 UTC 2019 /home/travis/build/icyphy/ptII/ptolemy/domains/de/test/auto/OpenQueueingNetwork.xml
----------------- Instantiating /home/travis/build/icyphy/ptII/ptolemy/domains/de/test/auto/OpenQueueingNetwork.xml
2026 ms. Memory: 129024K Free: 63489K (49%)
----------------- Invoking toplevel() on ptolemy.moml.MoMLSimpleApplication@24e8aac1
----------------- Done invoking toplevel() on ptolemy.moml.MoMLSimpleApplication@24e8aac1
reloadAllAccessors: .OpenQueueingNetwork

===========================================================================================
----------------- testing Wed Sep 18 05:43:46 UTC 2019 /home/travis/build/icyphy/ptII/ptolemy/domains/de/test/auto/OpenQueuingNetwork.xml
----------------- Instantiating /home/travis/build/icyphy/ptII/ptolemy/domains/de/test/auto/OpenQueuingNetwork.xml
234 ms. Memory: 129024K Free: 62329K (48%)
----------------- Invoking toplevel() on ptolemy.moml.MoMLSimpleApplication@d129765
----------------- Done invoking toplevel() on ptolemy.moml.MoMLSimpleApplication@d129765
reloadAllAccessors: .OpenQueuingNetwork

===========================================================================================
----------------- testing Wed Sep 18 05:43:46 UTC 2019 /home/travis/build/icyphy/ptII/ptolemy/domains/de/test/auto/PeriodicSampler.xml
----------------- Instantiating /home/travis/build/icyphy/ptII/ptolemy/domains/de/test/auto/PeriodicSampler.xml
2 ms. Memory: 129024K Free: 57743K (45%)
----------------- Invoking toplevel() on ptolemy.moml.MoMLSimpleApplication@34ba1b81
----------------- Done invoking toplevel() on ptolemy.moml.MoMLSimpleApplication@34ba1b81
reloadAllAccessors: .PeriodicSampler

===========================================================================================
----------------- testing Wed Sep 18 05:43:46 UTC 2019 /home/travis/build/icyphy/ptII/ptolemy/domains/de/test/auto/PersistentIO.xml
----------------- Instantiating /home/travis/build/icyphy/ptII/ptolemy/domains/de/test/auto/PersistentIO.xml
4 ms. Memory: 129024K Free: 47983K (37%)
----------------- Invoking toplevel() on ptolemy.moml.MoMLSimpleApplication@5faae496
----------------- Done invoking toplevel() on ptolemy.moml.MoMLSimpleApplication@5faae496
reloadAllAccessors: .PersistentIO

===========================================================================================
----------------- testing Wed Sep 18 05:43:46 UTC 2019 /home/travis/build/icyphy/ptII/ptolemy/domains/de/test/auto/PortParameterResetOnInitialize.xml
----------------- Instantiating /home/travis/build/icyphy/ptII/ptolemy/domains/de/test/auto/PortParameterResetOnInitialize.xml
2 ms. Memory: 129024K Free: 43407K (34%)
----------------- Invoking toplevel() on ptolemy.moml.MoMLSimpleApplication@2272132c
----------------- Done invoking toplevel() on ptolemy.moml.MoMLSimpleApplication@2272132c
reloadAllAccessors: .PortParameterResetOnInitialize

===========================================================================================
----------------- testing Wed Sep 18 05:43:46 UTC 2019 /home/travis/build/icyphy/ptII/ptolemy/domains/de/test/auto/PortParameterUpdates.xml
----------------- Instantiating /home/travis/build/icyphy/ptII/ptolemy/domains/de/test/auto/PortParameterUpdates.xml
5 ms. Memory: 129024K Free: 37263K (29%)
----------------- Invoking toplevel() on ptolemy.moml.MoMLSimpleApplication@777dddd
----------------- Done invoking toplevel() on ptolemy.moml.MoMLSimpleApplication@777dddd
reloadAllAccessors: .PortParameterUpdates

===========================================================================================
----------------- testing Wed Sep 18 05:43:46 UTC 2019 /home/travis/build/icyphy/ptII/ptolemy/domains/de/test/auto/QueueAndServer.xml
----------------- Instantiating /home/travis/build/icyphy/ptII/ptolemy/domains/de/test/auto/QueueAndServer.xml
4 ms. Memory: 129024K Free: 105646K (82%)
----------------- Invoking toplevel() on ptolemy.moml.MoMLSimpleApplication@43d96284
----------------- Done invoking toplevel() on ptolemy.moml.MoMLSimpleApplication@43d96284
reloadAllAccessors: .QueueAndServer

===========================================================================================
----------------- testing Wed Sep 18 05:43:46 UTC 2019 /home/travis/build/icyphy/ptII/ptolemy/domains/de/test/auto/Records.xml
----------------- Instantiating /home/travis/build/icyphy/ptII/ptolemy/domains/de/test/auto/Records.xml
4 ms. Memory: 129024K Free: 100016K (78%)
----------------- Invoking toplevel() on ptolemy.moml.MoMLSimpleApplication@63185077
----------------- Done invoking toplevel() on ptolemy.moml.MoMLSimpleApplication@63185077
reloadAllAccessors: .Records

===========================================================================================
----------------- testing Wed Sep 18 05:43:46 UTC 2019 /home/travis/build/icyphy/ptII/ptolemy/domains/de/test/auto/ResetTransitionWithStartTime1.xml
----------------- Instantiating /home/travis/build/icyphy/ptII/ptolemy/domains/de/test/auto/ResetTransitionWithStartTime1.xml
7 ms. Memory: 129024K Free: 91824K (71%)
----------------- Invoking toplevel() on ptolemy.moml.MoMLSimpleApplication@1f3855f
----------------- Done invoking toplevel() on ptolemy.moml.MoMLSimpleApplication@1f3855f
reloadAllAccessors: .ResetTransitionWithStartTime1

===========================================================================================
----------------- testing Wed Sep 18 05:43:46 UTC 2019 /home/travis/build/icyphy/ptII/ptolemy/domains/de/test/auto/ResetTransitionWithStartTime2.xml
----------------- Instantiating /home/travis/build/icyphy/ptII/ptolemy/domains/de/test/auto/ResetTransitionWithStartTime2.xml
5 ms. Memory: 129024K Free: 83632K (65%)
----------------- Invoking toplevel() on ptolemy.moml.MoMLSimpleApplication@2e260795
----------------- Done invoking toplevel() on ptolemy.moml.MoMLSimpleApplication@2e260795
reloadAllAccessors: .ResetTransitionWithStartTime2

===========================================================================================
----------------- testing Wed Sep 18 05:43:46 UTC 2019 /home/travis/build/icyphy/ptII/ptolemy/domains/de/test/auto/ResetTransitionWithStartTime3.xml
----------------- Instantiating /home/travis/build/icyphy/ptII/ptolemy/domains/de/test/auto/ResetTransitionWithStartTime3.xml
9 ms. Memory: 129024K Free: 75440K (58%)
----------------- Invoking toplevel() on ptolemy.moml.MoMLSimpleApplication@16a6aba4
----------------- Done invoking toplevel() on ptolemy.moml.MoMLSimpleApplication@16a6aba4
reloadAllAccessors: .ResetTransitionWithStartTime3

===========================================================================================
----------------- testing Wed Sep 18 05:43:46 UTC 2019 /home/travis/build/icyphy/ptII/ptolemy/domains/de/test/auto/ResetTransitionWithStartTime4.xml
----------------- Instantiating /home/travis/build/icyphy/ptII/ptolemy/domains/de/test/auto/ResetTransitionWithStartTime4.xml
3 ms. Memory: 129024K Free: 67752K (53%)
----------------- Invoking toplevel() on ptolemy.moml.MoMLSimpleApplication@480e8407
----------------- Done invoking toplevel() on ptolemy.moml.MoMLSimpleApplication@480e8407
reloadAllAccessors: .ResetTransitionWithStartTime4

===========================================================================================
----------------- testing Wed Sep 18 05:43:46 UTC 2019 /home/travis/build/icyphy/ptII/ptolemy/domains/de/test/auto/ResettableTimer1.xml
----------------- Instantiating /home/travis/build/icyphy/ptII/ptolemy/domains/de/test/auto/ResettableTimer1.xml
1 ms. Memory: 129024K Free: 63648K (49%)
----------------- Invoking toplevel() on ptolemy.moml.MoMLSimpleApplication@4ebe47ca
----------------- Done invoking toplevel() on ptolemy.moml.MoMLSimpleApplication@4ebe47ca
reloadAllAccessors: .ResettableTimer1

===========================================================================================
----------------- testing Wed Sep 18 05:43:46 UTC 2019 /home/travis/build/icyphy/ptII/ptolemy/domains/de/test/auto/ResettableTimer2.xml
----------------- Instantiating /home/travis/build/icyphy/ptII/ptolemy/domains/de/test/auto/ResettableTimer2.xml
2 ms. Memory: 129024K Free: 59552K (46%)
----------------- Invoking toplevel() on ptolemy.moml.MoMLSimpleApplication@622de323
----------------- Done invoking toplevel() on ptolemy.moml.MoMLSimpleApplication@622de323
reloadAllAccessors: .ResettableTimer2

===========================================================================================
----------------- testing Wed Sep 18 05:43:46 UTC 2019 /home/travis/build/icyphy/ptII/ptolemy/domains/de/test/auto/ResettableTimer3.xml
----------------- Instantiating /home/travis/build/icyphy/ptII/ptolemy/domains/de/test/auto/ResettableTimer3.xml
1 ms. Memory: 129024K Free: 55984K (43%)
----------------- Invoking toplevel() on ptolemy.moml.MoMLSimpleApplication@29ded07a
----------------- Done invoking toplevel() on ptolemy.moml.MoMLSimpleApplication@29ded07a
reloadAllAccessors: .ResettableTimer3

===========================================================================================
----------------- testing Wed Sep 18 05:43:46 UTC 2019 /home/travis/build/icyphy/ptII/ptolemy/domains/de/test/auto/ResettableTimer4.xml
----------------- Instantiating /home/travis/build/icyphy/ptII/ptolemy/domains/de/test/auto/ResettableTimer4.xml
0 ms. Memory: 129024K Free: 51888K (40%)
----------------- Invoking toplevel() on ptolemy.moml.MoMLSimpleApplication@7e4ca9cf
----------------- Done invoking toplevel() on ptolemy.moml.MoMLSimpleApplication@7e4ca9cf
reloadAllAccessors: .ResettableTimer4

===========================================================================================
----------------- testing Wed Sep 18 05:43:46 UTC 2019 /home/travis/build/icyphy/ptII/ptolemy/domains/de/test/auto/ResettableTimer5.xml
----------------- Instantiating /home/travis/build/icyphy/ptII/ptolemy/domains/de/test/auto/ResettableTimer5.xml
1 ms. Memory: 129024K Free: 47792K (37%)
----------------- Invoking toplevel() on ptolemy.moml.MoMLSimpleApplication@2c0c3a6a
----------------- Done invoking toplevel() on ptolemy.moml.MoMLSimpleApplication@2c0c3a6a
reloadAllAccessors: .ResettableTimer5

===========================================================================================
----------------- testing Wed Sep 18 05:43:46 UTC 2019 /home/travis/build/icyphy/ptII/ptolemy/domains/de/test/auto/ResettableTimer6.xml
----------------- Instantiating /home/travis/build/icyphy/ptII/ptolemy/domains/de/test/auto/ResettableTimer6.xml
6 ms. Memory: 129024K Free: 43180K (33%)
----------------- Invoking toplevel() on ptolemy.moml.MoMLSimpleApplication@7a4cadda
----------------- Done invoking toplevel() on ptolemy.moml.MoMLSimpleApplication@7a4cadda
reloadAllAccessors: .ResettableTimer6

===========================================================================================
----------------- testing Wed Sep 18 05:43:46 UTC 2019 /home/travis/build/icyphy/ptII/ptolemy/domains/de/test/auto/ServerZeroDelay.xml
----------------- Instantiating /home/travis/build/icyphy/ptII/ptolemy/domains/de/test/auto/ServerZeroDelay.xml
1 ms. Memory: 129024K Free: 39056K (30%)
----------------- Invoking toplevel() on ptolemy.moml.MoMLSimpleApplication@37bd3447
----------------- Done invoking toplevel() on ptolemy.moml.MoMLSimpleApplication@37bd3447
reloadAllAccessors: .ServerZeroDelay

===========================================================================================
----------------- testing Wed Sep 18 05:43:46 UTC 2019 /home/travis/build/icyphy/ptII/ptolemy/domains/de/test/auto/SmartSender.xml
----------------- Instantiating /home/travis/build/icyphy/ptII/ptolemy/domains/de/test/auto/SmartSender.xml
3001 ms. Memory: 155648K Free: 137445K (88%)
----------------- Invoking toplevel() on ptolemy.moml.MoMLSimpleApplication@193a9fa1
----------------- Done invoking toplevel() on ptolemy.moml.MoMLSimpleApplication@193a9fa1
reloadAllAccessors: .SmartSender

===========================================================================================
----------------- testing Wed Sep 18 05:43:49 UTC 2019 /home/travis/build/icyphy/ptII/ptolemy/domains/de/test/auto/ThreadedComposite.xml
----------------- Instantiating /home/travis/build/icyphy/ptII/ptolemy/domains/de/test/auto/ThreadedComposite.xml
179 ms. Memory: 155648K Free: 113907K (73%)
----------------- Invoking toplevel() on ptolemy.moml.MoMLSimpleApplication@2d622c
----------------- Done invoking toplevel() on ptolemy.moml.MoMLSimpleApplication@2d622c
reloadAllAccessors: .ThreadedComposite

===========================================================================================
----------------- testing Wed Sep 18 05:43:49 UTC 2019 /home/travis/build/icyphy/ptII/ptolemy/domains/de/test/auto/Time.xml
----------------- Instantiating /home/travis/build/icyphy/ptII/ptolemy/domains/de/test/auto/Time.xml
430 ms. Memory: 155648K Free: 60149K (39%)
----------------- Invoking toplevel() on ptolemy.moml.MoMLSimpleApplication@77c69a5e
----------------- Done invoking toplevel() on ptolemy.moml.MoMLSimpleApplication@77c69a5e
reloadAllAccessors: .Time

===========================================================================================
----------------- testing Wed Sep 18 05:43:50 UTC 2019 /home/travis/build/icyphy/ptII/ptolemy/domains/de/test/auto/TimeDelayZeroDelay.xml
----------------- Instantiating /home/travis/build/icyphy/ptII/ptolemy/domains/de/test/auto/TimeDelayZeroDelay.xml
2 ms. Memory: 155648K Free: 56053K (36%)
----------------- Invoking toplevel() on ptolemy.moml.MoMLSimpleApplication@2606af9
----------------- Done invoking toplevel() on ptolemy.moml.MoMLSimpleApplication@2606af9
reloadAllAccessors: .TimeDelayZeroDelay

===========================================================================================
----------------- testing Wed Sep 18 05:43:50 UTC 2019 /home/travis/build/icyphy/ptII/ptolemy/domains/de/test/auto/TimerZeroDelay.xml
----------------- Instantiating /home/travis/build/icyphy/ptII/ptolemy/domains/de/test/auto/TimerZeroDelay.xml
1 ms. Memory: 155648K Free: 51957K (33%)
----------------- Invoking toplevel() on ptolemy.moml.MoMLSimpleApplication@3819e649
----------------- Done invoking toplevel() on ptolemy.moml.MoMLSimpleApplication@3819e649
reloadAllAccessors: .TimerZeroDelay

===========================================================================================
----------------- testing Wed Sep 18 05:43:50 UTC 2019 /home/travis/build/icyphy/ptII/ptolemy/domains/de/test/auto/TimingParadox.xml
----------------- Instantiating /home/travis/build/icyphy/ptII/ptolemy/domains/de/test/auto/TimingParadox.xml
286 ms. Memory: 155648K Free: 75752K (49%)
----------------- Invoking toplevel() on ptolemy.moml.MoMLSimpleApplication@779a9bc0
----------------- Done invoking toplevel() on ptolemy.moml.MoMLSimpleApplication@779a9bc0
reloadAllAccessors: .TimingParadox

===========================================================================================
----------------- testing Wed Sep 18 05:43:50 UTC 2019 /home/travis/build/icyphy/ptII/ptolemy/domains/de/test/auto/TransferInputs.xml
----------------- Instantiating /home/travis/build/icyphy/ptII/ptolemy/domains/de/test/auto/TransferInputs.xml
1 ms. Memory: 155648K Free: 71146K (46%)
----------------- Invoking toplevel() on ptolemy.moml.MoMLSimpleApplication@42b6bce6
----------------- Done invoking toplevel() on ptolemy.moml.MoMLSimpleApplication@42b6bce6
reloadAllAccessors: .TransferInputs

===========================================================================================
----------------- testing Wed Sep 18 05:43:50 UTC 2019 /home/travis/build/icyphy/ptII/ptolemy/domains/de/test/auto/TransferOutputs2.xml
----------------- Instantiating /home/travis/build/icyphy/ptII/ptolemy/domains/de/test/auto/TransferOutputs2.xml
2 ms. Memory: 155648K Free: 62954K (40%)
----------------- Invoking toplevel() on ptolemy.moml.MoMLSimpleApplication@5b7f0cd1
----------------- Done invoking toplevel() on ptolemy.moml.MoMLSimpleApplication@5b7f0cd1
reloadAllAccessors: .TransferOutputs2

===========================================================================================
----------------- testing Wed Sep 18 05:43:50 UTC 2019 /home/travis/build/icyphy/ptII/ptolemy/domains/de/test/auto/Trilateration.xml
----------------- Instantiating /home/travis/build/icyphy/ptII/ptolemy/domains/de/test/auto/Trilateration.xml
11463 ms. Memory: 370688K Free: 262348K (71%)
----------------- Invoking toplevel() on ptolemy.moml.MoMLSimpleApplication@37c2ab09
----------------- Done invoking toplevel() on ptolemy.moml.MoMLSimpleApplication@37c2ab09
reloadAllAccessors: .Trilateration

===========================================================================================
----------------- testing Wed Sep 18 05:44:02 UTC 2019 /home/travis/build/icyphy/ptII/ptolemy/domains/de/test/auto/TwoSigmaDelta.xml
----------------- Instantiating /home/travis/build/icyphy/ptII/ptolemy/domains/de/test/auto/TwoSigmaDelta.xml
2364 ms. Memory: 370688K Free: 278952K (75%)
----------------- Invoking toplevel() on ptolemy.moml.MoMLSimpleApplication@1c4bf2e5
----------------- Done invoking toplevel() on ptolemy.moml.MoMLSimpleApplication@1c4bf2e5
reloadAllAccessors: .TwoSigmaDelta

===========================================================================================
----------------- testing Wed Sep 18 05:44:05 UTC 2019 /home/travis/build/icyphy/ptII/ptolemy/domains/de/test/auto/VariableDelay.xml
----------------- Instantiating /home/travis/build/icyphy/ptII/ptolemy/domains/de/test/auto/VariableDelay.xml
3 ms. Memory: 370688K Free: 273832K (74%)
----------------- Invoking toplevel() on ptolemy.moml.MoMLSimpleApplication@162ab5f8
----------------- Done invoking toplevel() on ptolemy.moml.MoMLSimpleApplication@162ab5f8
reloadAllAccessors: .VariableDelay

===========================================================================================
----------------- testing Wed Sep 18 05:44:05 UTC 2019 /home/travis/build/icyphy/ptII/ptolemy/domains/de/test/auto/VariableDelay2.xml
----------------- Instantiating /home/travis/build/icyphy/ptII/ptolemy/domains/de/test/auto/VariableDelay2.xml
1 ms. Memory: 370688K Free: 269208K (73%)
----------------- Invoking toplevel() on ptolemy.moml.MoMLSimpleApplication@3ac3dc20
----------------- Done invoking toplevel() on ptolemy.moml.MoMLSimpleApplication@3ac3dc20
reloadAllAccessors: .VariableDelay2

===========================================================================================
----------------- testing Wed Sep 18 05:44:05 UTC 2019 /home/travis/build/icyphy/ptII/ptolemy/domains/de/test/auto/VariableDelayZeroDelay.xml
----------------- Instantiating /home/travis/build/icyphy/ptII/ptolemy/domains/de/test/auto/VariableDelayZeroDelay.xml
3 ms. Memory: 370688K Free: 265126K (72%)
----------------- Invoking toplevel() on ptolemy.moml.MoMLSimpleApplication@2f824822
----------------- Done invoking toplevel() on ptolemy.moml.MoMLSimpleApplication@2f824822
reloadAllAccessors: .VariableDelayZeroDelay

===========================================================================================
----------------- testing Wed Sep 18 05:44:05 UTC 2019 /home/travis/build/icyphy/ptII/ptolemy/domains/de/test/auto/VariableDelayZeroDelay2.xml
----------------- Instantiating /home/travis/build/icyphy/ptII/ptolemy/domains/de/test/auto/VariableDelayZeroDelay2.xml
1 ms. Memory: 370688K Free: 260520K (70%)
----------------- Invoking toplevel() on ptolemy.moml.MoMLSimpleApplication@12bc2214
----------------- Done invoking toplevel() on ptolemy.moml.MoMLSimpleApplication@12bc2214
reloadAllAccessors: .VariableDelayZeroDelay2

===========================================================================================
----------------- testing Wed Sep 18 05:44:05 UTC 2019 /home/travis/build/icyphy/ptII/ptolemy/domains/de/test/auto/deInCt.xml
----------------- Instantiating /home/travis/build/icyphy/ptII/ptolemy/domains/de/test/auto/deInCt.xml
0
1
1
1
0
0
0
0
1
1
1
1
1
0
0
0
0
1
1
1
1
1
0
0
0
0
0
9 ms. Memory: 370688K Free: 255400K (69%)
----------------- Invoking toplevel() on ptolemy.moml.MoMLSimpleApplication@5359a87a
----------------- Done invoking toplevel() on ptolemy.moml.MoMLSimpleApplication@5359a87a
reloadAllAccessors: .deInCt

===========================================================================================
----------------- testing Wed Sep 18 05:44:05 UTC 2019 /home/travis/build/icyphy/ptII/ptolemy/domains/de/test/auto/deInCt2.xml
----------------- Instantiating /home/travis/build/icyphy/ptII/ptolemy/domains/de/test/auto/deInCt2.xml
0
1
1
1
0
0
1
1
1
0
0
1
1
1
0
0
1
1
1
0
0
1
1
1
0
0
1
1
1
0
0
1
1
1
0
0
1
1
1
0
0
0
7 ms. Memory: 370688K Free: 250280K (68%)
----------------- Invoking toplevel() on ptolemy.moml.MoMLSimpleApplication@3aab8d0b
----------------- Done invoking toplevel() on ptolemy.moml.MoMLSimpleApplication@3aab8d0b
reloadAllAccessors: .deInCt2

===========================================================================================
----------------- testing Wed Sep 18 05:44:05 UTC 2019 /home/travis/build/icyphy/ptII/ptolemy/domains/de/test/auto/dynamicCausalityInterface1.xml
----------------- Instantiating /home/travis/build/icyphy/ptII/ptolemy/domains/de/test/auto/dynamicCausalityInterface1.xml
1 ms. Memory: 370688K Free: 241064K (65%)
----------------- Invoking toplevel() on ptolemy.moml.MoMLSimpleApplication@394547d0
----------------- Done invoking toplevel() on ptolemy.moml.MoMLSimpleApplication@394547d0
reloadAllAccessors: .dynamicCausalityInterface1

===========================================================================================
----------------- testing Wed Sep 18 05:44:05 UTC 2019 /home/travis/build/icyphy/ptII/ptolemy/domains/de/test/auto/fsm_de_test.xml
----------------- Instantiating /home/travis/build/icyphy/ptII/ptolemy/domains/de/test/auto/fsm_de_test.xml
3 ms. Memory: 370688K Free: 231848K (63%)
----------------- Invoking toplevel() on ptolemy.moml.MoMLSimpleApplication@7040c268
----------------- Done invoking toplevel() on ptolemy.moml.MoMLSimpleApplication@7040c268
reloadAllAccessors: .fsm_de_test

===========================================================================================
----------------- testing Wed Sep 18 05:44:05 UTC 2019 /home/travis/build/icyphy/ptII/ptolemy/domains/de/test/auto/functionDependencyReconstruction.xml
----------------- Instantiating /home/travis/build/icyphy/ptII/ptolemy/domains/de/test/auto/functionDependencyReconstruction.xml
2 ms. Memory: 370688K Free: 216968K (59%)
----------------- Invoking toplevel() on ptolemy.moml.MoMLSimpleApplication@579647d7
----------------- Done invoking toplevel() on ptolemy.moml.MoMLSimpleApplication@579647d7
reloadAllAccessors: .functionDependencyReconstruction

===========================================================================================
----------------- testing Wed Sep 18 05:44:05 UTC 2019 /home/travis/build/icyphy/ptII/ptolemy/domains/de/test/auto/multirate.xml
----------------- Instantiating /home/travis/build/icyphy/ptII/ptolemy/domains/de/test/auto/multirate.xml
3 ms. Memory: 370688K Free: 210344K (57%)
----------------- Invoking toplevel() on ptolemy.moml.MoMLSimpleApplication@d214d80
----------------- Done invoking toplevel() on ptolemy.moml.MoMLSimpleApplication@d214d80
reloadAllAccessors: .multirate

===========================================================================================
----------------- testing Wed Sep 18 05:44:05 UTC 2019 /home/travis/build/icyphy/ptII/ptolemy/domains/de/test/auto/multirate2.xml
----------------- Instantiating /home/travis/build/icyphy/ptII/ptolemy/domains/de/test/auto/multirate2.xml
2 ms. Memory: 370688K Free: 203672K (55%)
----------------- Invoking toplevel() on ptolemy.moml.MoMLSimpleApplication@eff12c0
----------------- Done invoking toplevel() on ptolemy.moml.MoMLSimpleApplication@eff12c0
reloadAllAccessors: .multirate2

===========================================================================================
----------------- testing Wed Sep 18 05:44:05 UTC 2019 /home/travis/build/icyphy/ptII/ptolemy/domains/de/test/auto/realtime.xml
----------------- Instantiating /home/travis/build/icyphy/ptII/ptolemy/domains/de/test/auto/realtime.xml
10003 ms. Memory: 370688K Free: 199080K (54%)
----------------- Invoking toplevel() on ptolemy.moml.MoMLSimpleApplication@1643b6bc
----------------- Done invoking toplevel() on ptolemy.moml.MoMLSimpleApplication@1643b6bc
reloadAllAccessors: .realtime

===========================================================================================
----------------- testing Wed Sep 18 05:44:15 UTC 2019 /home/travis/build/icyphy/ptII/ptolemy/domains/de/test/auto/relationGroup.xml
----------------- Instantiating /home/travis/build/icyphy/ptII/ptolemy/domains/de/test/auto/relationGroup.xml
2 ms. Memory: 370688K Free: 195494K (53%)
----------------- Invoking toplevel() on ptolemy.moml.MoMLSimpleApplication@12242e7b
----------------- Done invoking toplevel() on ptolemy.moml.MoMLSimpleApplication@12242e7b
reloadAllAccessors: .relationGroup

===========================================================================================
----------------- testing Wed Sep 18 05:44:15 UTC 2019 /home/travis/build/icyphy/ptII/ptolemy/domains/de/test/auto/relationGroup2.xml
----------------- Instantiating /home/travis/build/icyphy/ptII/ptolemy/domains/de/test/auto/relationGroup2.xml
2 ms. Memory: 370688K Free: 191912K (52%)
----------------- Invoking toplevel() on ptolemy.moml.MoMLSimpleApplication@734ec2ff
----------------- Done invoking toplevel() on ptolemy.moml.MoMLSimpleApplication@734ec2ff
reloadAllAccessors: .relationGroup2

===========================================================================================
----------------- testing Wed Sep 18 05:44:15 UTC 2019 /home/travis/build/icyphy/ptII/ptolemy/domains/de/test/auto/sortWithOpaquePorts.xml
----------------- Instantiating /home/travis/build/icyphy/ptII/ptolemy/domains/de/test/auto/sortWithOpaquePorts.xml
3 ms. Memory: 370688K Free: 187272K (51%)
----------------- Invoking toplevel() on ptolemy.moml.MoMLSimpleApplication@6d3e42ba
----------------- Done invoking toplevel() on ptolemy.moml.MoMLSimpleApplication@6d3e42ba
reloadAllAccessors: .sortWithOpaquePorts

===========================================================================================
----------------- testing Wed Sep 18 05:44:15 UTC 2019 /home/travis/build/icyphy/ptII/ptolemy/domains/de/test/auto/transferInputsandOutputs.xml
----------------- Instantiating /home/travis/build/icyphy/ptII/ptolemy/domains/de/test/auto/transferInputsandOutputs.xml
5 ms. Memory: 370688K Free: 180134K (49%)
----------------- Invoking toplevel() on ptolemy.moml.MoMLSimpleApplication@4c10d705
----------------- Done invoking toplevel() on ptolemy.moml.MoMLSimpleApplication@4c10d705
reloadAllAccessors: .transferInputsandOutputs

===========================================================================================
----------------- testing Wed Sep 18 05:44:15 UTC 2019 /home/travis/build/icyphy/ptII/ptolemy/domains/de/test/auto/triggerType.xml
----------------- Instantiating /home/travis/build/icyphy/ptII/ptolemy/domains/de/test/auto/triggerType.xml
2 ms. Memory: 370688K Free: 176032K (47%)
----------------- Invoking toplevel() on ptolemy.moml.MoMLSimpleApplication@193b5a36
----------------- Done invoking toplevel() on ptolemy.moml.MoMLSimpleApplication@193b5a36
reloadAllAccessors: .triggerType
AutoTests.java: About to close Vertx.
AutoTests.java: Vertx closed.
]]></system-out>
  <system-err><![CDATA[java.lang.RuntimeException: Execution failed
	at ptolemy.moml.MoMLSimpleApplication$UnloadThread.run(MoMLSimpleApplication.java:402)
Caused by: ptolemy.kernel.util.IllegalActionException: Found a zero delay loop containing .dependencyLoop.original
  in .dependencyLoop and .dependencyLoop.original
	at ptolemy.actor.util.CausalityInterfaceForComposites._computeOutputPortDepth(CausalityInterfaceForComposites.java:759)
	at ptolemy.actor.util.CausalityInterfaceForComposites._computeInputDepth(CausalityInterfaceForComposites.java:696)
	at ptolemy.actor.util.CausalityInterfaceForComposites._computeOutputPortDepth(CausalityInterfaceForComposites.java:765)
	at ptolemy.actor.util.CausalityInterfaceForComposites._computeInputDepth(CausalityInterfaceForComposites.java:696)
	at ptolemy.actor.util.CausalityInterfaceForComposites._computeOutputPortDepth(CausalityInterfaceForComposites.java:765)
	at ptolemy.actor.util.CausalityInterfaceForComposites._computeInputDepth(CausalityInterfaceForComposites.java:696)
	at ptolemy.actor.util.CausalityInterfaceForComposites._computeActorDepth(CausalityInterfaceForComposites.java:532)
	at ptolemy.actor.util.CausalityInterfaceForComposites.checkForCycles(CausalityInterfaceForComposites.java:96)
	at ptolemy.domains.de.kernel.DEDirector.preinitialize(DEDirector.java:1338)
	at ptolemy.actor.CompositeActor.preinitialize(CompositeActor.java:1828)
	at ptolemy.actor.Manager.preinitializeAndResolveTypes(Manager.java:1040)
	at ptolemy.actor.Manager.initialize(Manager.java:710)
	at ptolemy.actor.Manager.execute(Manager.java:356)
	at ptolemy.actor.Manager.run(Manager.java:1263)
	at ptolemy.actor.Manager$PtolemyRunThread.run(Manager.java:1933)
java.lang.RuntimeException: Execution failed
	at ptolemy.moml.MoMLSimpleApplication$UnloadThread.run(MoMLSimpleApplication.java:402)
Caused by: ptolemy.kernel.util.IllegalActionException: Found a zero delay loop containing .dependencyLoop2.original
  in .dependencyLoop2 and .dependencyLoop2.original
	at ptolemy.actor.util.CausalityInterfaceForComposites._computeOutputPortDepth(CausalityInterfaceForComposites.java:759)
	at ptolemy.actor.util.CausalityInterfaceForComposites._computeInputDepth(CausalityInterfaceForComposites.java:696)
	at ptolemy.actor.util.CausalityInterfaceForComposites._computeOutputPortDepth(CausalityInterfaceForComposites.java:765)
	at ptolemy.actor.util.CausalityInterfaceForComposites._computeInputDepth(CausalityInterfaceForComposites.java:696)
	at ptolemy.actor.util.CausalityInterfaceForComposites._computeOutputPortDepth(CausalityInterfaceForComposites.java:765)
	at ptolemy.actor.util.CausalityInterfaceForComposites._computeInputDepth(CausalityInterfaceForComposites.java:696)
	at ptolemy.actor.util.CausalityInterfaceForComposites._computeActorDepth(CausalityInterfaceForComposites.java:532)
	at ptolemy.actor.util.CausalityInterfaceForComposites.checkForCycles(CausalityInterfaceForComposites.java:96)
	at ptolemy.domains.de.kernel.DEDirector.preinitialize(DEDirector.java:1338)
	at ptolemy.actor.CompositeActor.preinitialize(CompositeActor.java:1828)
	at ptolemy.actor.Manager.preinitializeAndResolveTypes(Manager.java:1040)
	at ptolemy.actor.Manager.initialize(Manager.java:710)
	at ptolemy.actor.Manager.execute(Manager.java:356)
	at ptolemy.actor.Manager.run(Manager.java:1263)
	at ptolemy.actor.Manager$PtolemyRunThread.run(Manager.java:1933)
java.lang.RuntimeException: Execution failed
	at ptolemy.moml.MoMLSimpleApplication$UnloadThread.run(MoMLSimpleApplication.java:402)
Caused by: ptolemy.kernel.util.IllegalActionException: Test fails in iteration 1.
Value was: 1.0. Should have been: 2.0
  in .DirectFeedback.Test
	at ptolemy.actor.lib.Test.fire(Test.java:268)
	at ptolemy.domains.de.kernel.DEDirector._fire(DEDirector.java:1949)
	at ptolemy.domains.de.kernel.DEDirector.fire(DEDirector.java:502)
	at ptolemy.actor.CompositeActor.fire(CompositeActor.java:455)
	at ptolemy.actor.Manager.iterate(Manager.java:851)
	at ptolemy.actor.Manager.execute(Manager.java:369)
	at ptolemy.actor.Manager.run(Manager.java:1263)
	at ptolemy.actor.Manager$PtolemyRunThread.run(Manager.java:1933)
java.lang.RuntimeException: Execution failed
	at ptolemy.moml.MoMLSimpleApplication$UnloadThread.run(MoMLSimpleApplication.java:402)
Caused by: ptolemy.kernel.util.IllegalActionException: Found a zero delay loop containing .dependencyLoop.original
  in .dependencyLoop and .dependencyLoop.original
	at ptolemy.actor.util.CausalityInterfaceForComposites._computeOutputPortDepth(CausalityInterfaceForComposites.java:759)
	at ptolemy.actor.util.CausalityInterfaceForComposites._computeInputDepth(CausalityInterfaceForComposites.java:696)
	at ptolemy.actor.util.CausalityInterfaceForComposites._computeOutputPortDepth(CausalityInterfaceForComposites.java:765)
	at ptolemy.actor.util.CausalityInterfaceForComposites._computeInputDepth(CausalityInterfaceForComposites.java:696)
	at ptolemy.actor.util.CausalityInterfaceForComposites._computeOutputPortDepth(CausalityInterfaceForComposites.java:765)
	at ptolemy.actor.util.CausalityInterfaceForComposites._computeInputDepth(CausalityInterfaceForComposites.java:696)
	at ptolemy.actor.util.CausalityInterfaceForComposites._computeActorDepth(CausalityInterfaceForComposites.java:532)
	at ptolemy.actor.util.CausalityInterfaceForComposites.checkForCycles(CausalityInterfaceForComposites.java:96)
	at ptolemy.domains.de.kernel.DEDirector.preinitialize(DEDirector.java:1338)
	at ptolemy.actor.CompositeActor.preinitialize(CompositeActor.java:1828)
	at ptolemy.actor.Manager.preinitializeAndResolveTypes(Manager.java:1040)
	at ptolemy.actor.Manager.initialize(Manager.java:710)
	at ptolemy.actor.Manager.execute(Manager.java:356)
	at ptolemy.actor.Manager.run(Manager.java:1263)
	at ptolemy.actor.Manager$PtolemyRunThread.run(Manager.java:1933)
java.lang.RuntimeException: Execution failed
	at ptolemy.moml.MoMLSimpleApplication$UnloadThread.run(MoMLSimpleApplication.java:402)
Caused by: ptolemy.kernel.util.IllegalActionException: Found a zero delay loop containing .HierarchicalModel.A
  in .HierarchicalModel and .HierarchicalModel.A
	at ptolemy.actor.util.CausalityInterfaceForComposites._computeOutputPortDepth(CausalityInterfaceForComposites.java:759)
	at ptolemy.actor.util.CausalityInterfaceForComposites._computeInputDepth(CausalityInterfaceForComposites.java:696)
	at ptolemy.actor.util.CausalityInterfaceForComposites._computeOutputPortDepth(CausalityInterfaceForComposites.java:765)
	at ptolemy.actor.util.CausalityInterfaceForComposites._computeInputDepth(CausalityInterfaceForComposites.java:696)
	at ptolemy.actor.util.CausalityInterfaceForComposites._computeOutputPortDepth(CausalityInterfaceForComposites.java:765)
	at ptolemy.actor.util.CausalityInterfaceForComposites._computeInputDepth(CausalityInterfaceForComposites.java:696)
	at ptolemy.actor.util.CausalityInterfaceForComposites._computeActorDepth(CausalityInterfaceForComposites.java:532)
	at ptolemy.actor.util.CausalityInterfaceForComposites.checkForCycles(CausalityInterfaceForComposites.java:96)
	at ptolemy.domains.de.kernel.DEDirector.preinitialize(DEDirector.java:1338)
	at ptolemy.actor.CompositeActor.preinitialize(CompositeActor.java:1828)
	at ptolemy.actor.Manager.preinitializeAndResolveTypes(Manager.java:1040)
	at ptolemy.actor.Manager.initialize(Manager.java:710)
	at ptolemy.actor.Manager.execute(Manager.java:356)
	at ptolemy.actor.Manager.run(Manager.java:1263)
	at ptolemy.actor.Manager$PtolemyRunThread.run(Manager.java:1933)
java.lang.RuntimeException: Execution failed
	at ptolemy.moml.MoMLSimpleApplication$UnloadThread.run(MoMLSimpleApplication.java:402)
Caused by: ptolemy.kernel.util.IllegalActionException: Found a zero delay loop containing .dependencyLoop2.original
  in .dependencyLoop2 and .dependencyLoop2.original
	at ptolemy.actor.util.CausalityInterfaceForComposites._computeOutputPortDepth(CausalityInterfaceForComposites.java:759)
	at ptolemy.actor.util.CausalityInterfaceForComposites._computeInputDepth(CausalityInterfaceForComposites.java:696)
	at ptolemy.actor.util.CausalityInterfaceForComposites._computeOutputPortDepth(CausalityInterfaceForComposites.java:765)
	at ptolemy.actor.util.CausalityInterfaceForComposites._computeInputDepth(CausalityInterfaceForComposites.java:696)
	at ptolemy.actor.util.CausalityInterfaceForComposites._computeOutputPortDepth(CausalityInterfaceForComposites.java:765)
	at ptolemy.actor.util.CausalityInterfaceForComposites._computeInputDepth(CausalityInterfaceForComposites.java:696)
	at ptolemy.actor.util.CausalityInterfaceForComposites._computeActorDepth(CausalityInterfaceForComposites.java:532)
	at ptolemy.actor.util.CausalityInterfaceForComposites.checkForCycles(CausalityInterfaceForComposites.java:96)
	at ptolemy.domains.de.kernel.DEDirector.preinitialize(DEDirector.java:1338)
	at ptolemy.actor.CompositeActor.preinitialize(CompositeActor.java:1828)
	at ptolemy.actor.Manager.preinitializeAndResolveTypes(Manager.java:1040)
	at ptolemy.actor.Manager.initialize(Manager.java:710)
	at ptolemy.actor.Manager.execute(Manager.java:356)
	at ptolemy.actor.Manager.run(Manager.java:1263)
	at ptolemy.actor.Manager$PtolemyRunThread.run(Manager.java:1933)
java.lang.RuntimeException: Execution failed
	at ptolemy.moml.MoMLSimpleApplication$UnloadThread.run(MoMLSimpleApplication.java:402)
Caused by: ptolemy.kernel.util.IllegalActionException: Actor is not ready to fire.  Perhaps UpSample.prefire() returned false? Try debugging the actor by selecting "Listen to Actor".  Also, for SDF check moml for tokenConsumptionRate on input.
  in .DESDFClockTest.Play Bell.Copy1:SDF Director and .DESDFClockTest.Play Bell.UpSample
	at ptolemy.actor.sched.StaticSchedulingDirector.fire(StaticSchedulingDirector.java:227)
	at ptolemy.domains.sdf.kernel.SDFDirector.fire(SDFDirector.java:500)
	at ptolemy.actor.CompositeActor.fire(CompositeActor.java:455)
	at ptolemy.domains.de.kernel.DEDirector._fire(DEDirector.java:1949)
	at ptolemy.domains.de.kernel.DEDirector.fire(DEDirector.java:502)
	at ptolemy.actor.CompositeActor.fire(CompositeActor.java:455)
	at ptolemy.actor.Manager.iterate(Manager.java:851)
	at ptolemy.actor.Manager.execute(Manager.java:369)
	at ptolemy.actor.Manager.run(Manager.java:1263)
	at ptolemy.actor.Manager$PtolemyRunThread.run(Manager.java:1933)
java.lang.RuntimeException: Execution failed
	at ptolemy.moml.MoMLSimpleApplication$UnloadThread.run(MoMLSimpleApplication.java:402)
Caused by: ptolemy.kernel.util.IllegalActionException: Actor is not ready to fire.  Perhaps UpSample.prefire() returned false? Try debugging the actor by selecting "Listen to Actor".  Also, for SDF check moml for tokenConsumptionRate on input.
  in .DESDFClockTest.Play Bell.Copy1:SDF Director and .DESDFClockTest.Play Bell.UpSample
	at ptolemy.actor.sched.StaticSchedulingDirector.fire(StaticSchedulingDirector.java:227)
	at ptolemy.domains.sdf.kernel.SDFDirector.fire(SDFDirector.java:500)
	at ptolemy.actor.CompositeActor.fire(CompositeActor.java:455)
	at ptolemy.domains.de.kernel.DEDirector._fire(DEDirector.java:1949)
	at ptolemy.domains.de.kernel.DEDirector.fire(DEDirector.java:502)
	at ptolemy.actor.CompositeActor.fire(CompositeActor.java:455)
	at ptolemy.actor.Manager.iterate(Manager.java:851)
	at ptolemy.actor.Manager.execute(Manager.java:369)
	at ptolemy.actor.Manager.run(Manager.java:1263)
	at ptolemy.actor.Manager$PtolemyRunThread.run(Manager.java:1933)
java.lang.reflect.InvocationTargetException
	at java.base/jdk.internal.reflect.NativeConstructorAccessorImpl.newInstance0(Native Method)
	at java.base/jdk.internal.reflect.NativeConstructorAccessorImpl.newInstance(NativeConstructorAccessorImpl.java:62)
	at java.base/jdk.internal.reflect.DelegatingConstructorAccessorImpl.newInstance(DelegatingConstructorAccessorImpl.java:45)
	at java.base/java.lang.reflect.Constructor.newInstance(Constructor.java:490)
	at ptolemy.util.test.junit.AutoKnownFailedTests.RunModel(AutoKnownFailedTests.java:105)
	at java.base/jdk.internal.reflect.NativeMethodAccessorImpl.invoke0(Native Method)
	at java.base/jdk.internal.reflect.NativeMethodAccessorImpl.invoke(NativeMethodAccessorImpl.java:62)
	at java.base/jdk.internal.reflect.DelegatingMethodAccessorImpl.invoke(DelegatingMethodAccessorImpl.java:43)
	at java.base/java.lang.reflect.Method.invoke(Method.java:566)
	at org.junit.runners.model.FrameworkMethod$1.runReflectiveCall(FrameworkMethod.java:44)
	at org.junit.internal.runners.model.ReflectiveCallable.run(ReflectiveCallable.java:15)
	at org.junit.runners.model.FrameworkMethod.invokeExplosively(FrameworkMethod.java:41)
	at junitparams.internal.InvokeParameterisedMethod.evaluate(InvokeParameterisedMethod.java:102)
	at org.junit.internal.runners.statements.FailOnTimeout$1.run(FailOnTimeout.java:28)
Caused by: ptolemy.kernel.util.IllegalActionException: Actor is not ready to fire.  Perhaps UpSample.prefire() returned false? Try debugging the actor by selecting "Listen to Actor".  Also, for SDF check moml for tokenConsumptionRate on input.
  in .DESDFClockTest.Play Bell.Copy1:SDF Director and .DESDFClockTest.Play Bell.UpSample
	at ptolemy.actor.sched.StaticSchedulingDirector.fire(StaticSchedulingDirector.java:227)
	at ptolemy.domains.sdf.kernel.SDFDirector.fire(SDFDirector.java:500)
	at ptolemy.actor.CompositeActor.fire(CompositeActor.java:455)
	at ptolemy.domains.de.kernel.DEDirector._fire(DEDirector.java:1949)
	at ptolemy.domains.de.kernel.DEDirector.fire(DEDirector.java:502)
	at ptolemy.actor.CompositeActor.fire(CompositeActor.java:455)
	at ptolemy.actor.Manager.iterate(Manager.java:851)
	at ptolemy.actor.Manager.execute(Manager.java:369)
	at ptolemy.actor.Manager.run(Manager.java:1263)
	at ptolemy.actor.Manager$PtolemyRunThread.run(Manager.java:1933)
java.lang.RuntimeException: Execution failed
	at ptolemy.moml.MoMLSimpleApplication$UnloadThread.run(MoMLSimpleApplication.java:402)
Caused by: ptolemy.kernel.util.IllegalActionException: Test fails in iteration 1.
Value was: 1.0. Should have been: 2.0
  in .DirectFeedback.Test
	at ptolemy.actor.lib.Test.fire(Test.java:268)
	at ptolemy.domains.de.kernel.DEDirector._fire(DEDirector.java:1949)
	at ptolemy.domains.de.kernel.DEDirector.fire(DEDirector.java:502)
	at ptolemy.actor.CompositeActor.fire(CompositeActor.java:455)
	at ptolemy.actor.Manager.iterate(Manager.java:851)
	at ptolemy.actor.Manager.execute(Manager.java:369)
	at ptolemy.actor.Manager.run(Manager.java:1263)
	at ptolemy.actor.Manager$PtolemyRunThread.run(Manager.java:1933)
java.lang.reflect.InvocationTargetException
	at java.base/jdk.internal.reflect.NativeConstructorAccessorImpl.newInstance0(Native Method)
	at java.base/jdk.internal.reflect.NativeConstructorAccessorImpl.newInstance(NativeConstructorAccessorImpl.java:62)
	at java.base/jdk.internal.reflect.DelegatingConstructorAccessorImpl.newInstance(DelegatingConstructorAccessorImpl.java:45)
	at java.base/java.lang.reflect.Constructor.newInstance(Constructor.java:490)
	at ptolemy.util.test.junit.AutoKnownFailedTests.RunModel(AutoKnownFailedTests.java:105)
	at java.base/jdk.internal.reflect.NativeMethodAccessorImpl.invoke0(Native Method)
	at java.base/jdk.internal.reflect.NativeMethodAccessorImpl.invoke(NativeMethodAccessorImpl.java:62)
	at java.base/jdk.internal.reflect.DelegatingMethodAccessorImpl.invoke(DelegatingMethodAccessorImpl.java:43)
	at java.base/java.lang.reflect.Method.invoke(Method.java:566)
	at org.junit.runners.model.FrameworkMethod$1.runReflectiveCall(FrameworkMethod.java:44)
	at org.junit.internal.runners.model.ReflectiveCallable.run(ReflectiveCallable.java:15)
	at org.junit.runners.model.FrameworkMethod.invokeExplosively(FrameworkMethod.java:41)
	at junitparams.internal.InvokeParameterisedMethod.evaluate(InvokeParameterisedMethod.java:102)
	at org.junit.internal.runners.statements.FailOnTimeout$1.run(FailOnTimeout.java:28)
Caused by: ptolemy.kernel.util.IllegalActionException: Test fails in iteration 1.
Value was: 1.0. Should have been: 2.0
  in .DirectFeedback.Test
	at ptolemy.actor.lib.Test.fire(Test.java:268)
	at ptolemy.domains.de.kernel.DEDirector._fire(DEDirector.java:1949)
	at ptolemy.domains.de.kernel.DEDirector.fire(DEDirector.java:502)
	at ptolemy.actor.CompositeActor.fire(CompositeActor.java:455)
	at ptolemy.actor.Manager.iterate(Manager.java:851)
	at ptolemy.actor.Manager.execute(Manager.java:369)
	at ptolemy.actor.Manager.run(Manager.java:1263)
	at ptolemy.actor.Manager$PtolemyRunThread.run(Manager.java:1933)
java.lang.RuntimeException: Execution failed
	at ptolemy.moml.MoMLSimpleApplication$UnloadThread.run(MoMLSimpleApplication.java:402)
Caused by: ptolemy.kernel.util.IllegalActionException: Found a zero delay loop containing .HierarchicalModel.A
  in .HierarchicalModel and .HierarchicalModel.A
	at ptolemy.actor.util.CausalityInterfaceForComposites._computeOutputPortDepth(CausalityInterfaceForComposites.java:759)
	at ptolemy.actor.util.CausalityInterfaceForComposites._computeInputDepth(CausalityInterfaceForComposites.java:696)
	at ptolemy.actor.util.CausalityInterfaceForComposites._computeOutputPortDepth(CausalityInterfaceForComposites.java:765)
	at ptolemy.actor.util.CausalityInterfaceForComposites._computeInputDepth(CausalityInterfaceForComposites.java:696)
	at ptolemy.actor.util.CausalityInterfaceForComposites._computeOutputPortDepth(CausalityInterfaceForComposites.java:765)
	at ptolemy.actor.util.CausalityInterfaceForComposites._computeInputDepth(CausalityInterfaceForComposites.java:696)
	at ptolemy.actor.util.CausalityInterfaceForComposites._computeActorDepth(CausalityInterfaceForComposites.java:532)
	at ptolemy.actor.util.CausalityInterfaceForComposites.checkForCycles(CausalityInterfaceForComposites.java:96)
	at ptolemy.domains.de.kernel.DEDirector.preinitialize(DEDirector.java:1338)
	at ptolemy.actor.CompositeActor.preinitialize(CompositeActor.java:1828)
	at ptolemy.actor.Manager.preinitializeAndResolveTypes(Manager.java:1040)
	at ptolemy.actor.Manager.initialize(Manager.java:710)
	at ptolemy.actor.Manager.execute(Manager.java:356)
	at ptolemy.actor.Manager.run(Manager.java:1263)
	at ptolemy.actor.Manager$PtolemyRunThread.run(Manager.java:1933)
java.lang.reflect.InvocationTargetException
	at java.base/jdk.internal.reflect.NativeConstructorAccessorImpl.newInstance0(Native Method)
	at java.base/jdk.internal.reflect.NativeConstructorAccessorImpl.newInstance(NativeConstructorAccessorImpl.java:62)
	at java.base/jdk.internal.reflect.DelegatingConstructorAccessorImpl.newInstance(DelegatingConstructorAccessorImpl.java:45)
	at java.base/java.lang.reflect.Constructor.newInstance(Constructor.java:490)
	at ptolemy.util.test.junit.AutoKnownFailedTests.RunModel(AutoKnownFailedTests.java:105)
	at java.base/jdk.internal.reflect.NativeMethodAccessorImpl.invoke0(Native Method)
	at java.base/jdk.internal.reflect.NativeMethodAccessorImpl.invoke(NativeMethodAccessorImpl.java:62)
	at java.base/jdk.internal.reflect.DelegatingMethodAccessorImpl.invoke(DelegatingMethodAccessorImpl.java:43)
	at java.base/java.lang.reflect.Method.invoke(Method.java:566)
	at org.junit.runners.model.FrameworkMethod$1.runReflectiveCall(FrameworkMethod.java:44)
	at org.junit.internal.runners.model.ReflectiveCallable.run(ReflectiveCallable.java:15)
	at org.junit.runners.model.FrameworkMethod.invokeExplosively(FrameworkMethod.java:41)
	at junitparams.internal.InvokeParameterisedMethod.evaluate(InvokeParameterisedMethod.java:102)
	at org.junit.internal.runners.statements.FailOnTimeout$1.run(FailOnTimeout.java:28)
Caused by: ptolemy.kernel.util.IllegalActionException: Found a zero delay loop containing .HierarchicalModel.A
  in .HierarchicalModel and .HierarchicalModel.A
	at ptolemy.actor.util.CausalityInterfaceForComposites._computeOutputPortDepth(CausalityInterfaceForComposites.java:759)
	at ptolemy.actor.util.CausalityInterfaceForComposites._computeInputDepth(CausalityInterfaceForComposites.java:696)
	at ptolemy.actor.util.CausalityInterfaceForComposites._computeOutputPortDepth(CausalityInterfaceForComposites.java:765)
	at ptolemy.actor.util.CausalityInterfaceForComposites._computeInputDepth(CausalityInterfaceForComposites.java:696)
	at ptolemy.actor.util.CausalityInterfaceForComposites._computeOutputPortDepth(CausalityInterfaceForComposites.java:765)
	at ptolemy.actor.util.CausalityInterfaceForComposites._computeInputDepth(CausalityInterfaceForComposites.java:696)
	at ptolemy.actor.util.CausalityInterfaceForComposites._computeActorDepth(CausalityInterfaceForComposites.java:532)
	at ptolemy.actor.util.CausalityInterfaceForComposites.checkForCycles(CausalityInterfaceForComposites.java:96)
	at ptolemy.domains.de.kernel.DEDirector.preinitialize(DEDirector.java:1338)
	at ptolemy.actor.CompositeActor.preinitialize(CompositeActor.java:1828)
	at ptolemy.actor.Manager.preinitializeAndResolveTypes(Manager.java:1040)
	at ptolemy.actor.Manager.initialize(Manager.java:710)
	at ptolemy.actor.Manager.execute(Manager.java:356)
	at ptolemy.actor.Manager.run(Manager.java:1263)
	at ptolemy.actor.Manager$PtolemyRunThread.run(Manager.java:1933)
java.lang.RuntimeException: Execution failed
	at ptolemy.moml.MoMLSimpleApplication$UnloadThread.run(MoMLSimpleApplication.java:402)
Caused by: ptolemy.kernel.util.IllegalActionException: Found a zero delay loop containing .dependencyLoop.original
  in .dependencyLoop and .dependencyLoop.original
	at ptolemy.actor.util.CausalityInterfaceForComposites._computeOutputPortDepth(CausalityInterfaceForComposites.java:759)
	at ptolemy.actor.util.CausalityInterfaceForComposites._computeInputDepth(CausalityInterfaceForComposites.java:696)
	at ptolemy.actor.util.CausalityInterfaceForComposites._computeOutputPortDepth(CausalityInterfaceForComposites.java:765)
	at ptolemy.actor.util.CausalityInterfaceForComposites._computeInputDepth(CausalityInterfaceForComposites.java:696)
	at ptolemy.actor.util.CausalityInterfaceForComposites._computeOutputPortDepth(CausalityInterfaceForComposites.java:765)
	at ptolemy.actor.util.CausalityInterfaceForComposites._computeInputDepth(CausalityInterfaceForComposites.java:696)
	at ptolemy.actor.util.CausalityInterfaceForComposites._computeActorDepth(CausalityInterfaceForComposites.java:532)
	at ptolemy.actor.util.CausalityInterfaceForComposites.checkForCycles(CausalityInterfaceForComposites.java:96)
	at ptolemy.domains.de.kernel.DEDirector.preinitialize(DEDirector.java:1338)
	at ptolemy.actor.CompositeActor.preinitialize(CompositeActor.java:1828)
	at ptolemy.actor.Manager.preinitializeAndResolveTypes(Manager.java:1040)
	at ptolemy.actor.Manager.initialize(Manager.java:710)
	at ptolemy.actor.Manager.execute(Manager.java:356)
	at ptolemy.actor.Manager.run(Manager.java:1263)
	at ptolemy.actor.Manager$PtolemyRunThread.run(Manager.java:1933)
java.lang.reflect.InvocationTargetException
	at java.base/jdk.internal.reflect.NativeConstructorAccessorImpl.newInstance0(Native Method)
	at java.base/jdk.internal.reflect.NativeConstructorAccessorImpl.newInstance(NativeConstructorAccessorImpl.java:62)
	at java.base/jdk.internal.reflect.DelegatingConstructorAccessorImpl.newInstance(DelegatingConstructorAccessorImpl.java:45)
	at java.base/java.lang.reflect.Constructor.newInstance(Constructor.java:490)
	at ptolemy.util.test.junit.AutoKnownFailedTests.RunModel(AutoKnownFailedTests.java:105)
	at java.base/jdk.internal.reflect.NativeMethodAccessorImpl.invoke0(Native Method)
	at java.base/jdk.internal.reflect.NativeMethodAccessorImpl.invoke(NativeMethodAccessorImpl.java:62)
	at java.base/jdk.internal.reflect.DelegatingMethodAccessorImpl.invoke(DelegatingMethodAccessorImpl.java:43)
	at java.base/java.lang.reflect.Method.invoke(Method.java:566)
	at org.junit.runners.model.FrameworkMethod$1.runReflectiveCall(FrameworkMethod.java:44)
	at org.junit.internal.runners.model.ReflectiveCallable.run(ReflectiveCallable.java:15)
	at org.junit.runners.model.FrameworkMethod.invokeExplosively(FrameworkMethod.java:41)
	at junitparams.internal.InvokeParameterisedMethod.evaluate(InvokeParameterisedMethod.java:102)
	at org.junit.internal.runners.statements.FailOnTimeout$1.run(FailOnTimeout.java:28)
Caused by: ptolemy.kernel.util.IllegalActionException: Found a zero delay loop containing .dependencyLoop.original
  in .dependencyLoop and .dependencyLoop.original
	at ptolemy.actor.util.CausalityInterfaceForComposites._computeOutputPortDepth(CausalityInterfaceForComposites.java:759)
	at ptolemy.actor.util.CausalityInterfaceForComposites._computeInputDepth(CausalityInterfaceForComposites.java:696)
	at ptolemy.actor.util.CausalityInterfaceForComposites._computeOutputPortDepth(CausalityInterfaceForComposites.java:765)
	at ptolemy.actor.util.CausalityInterfaceForComposites._computeInputDepth(CausalityInterfaceForComposites.java:696)
	at ptolemy.actor.util.CausalityInterfaceForComposites._computeOutputPortDepth(CausalityInterfaceForComposites.java:765)
	at ptolemy.actor.util.CausalityInterfaceForComposites._computeInputDepth(CausalityInterfaceForComposites.java:696)
	at ptolemy.actor.util.CausalityInterfaceForComposites._computeActorDepth(CausalityInterfaceForComposites.java:532)
	at ptolemy.actor.util.CausalityInterfaceForComposites.checkForCycles(CausalityInterfaceForComposites.java:96)
	at ptolemy.domains.de.kernel.DEDirector.preinitialize(DEDirector.java:1338)
	at ptolemy.actor.CompositeActor.preinitialize(CompositeActor.java:1828)
	at ptolemy.actor.Manager.preinitializeAndResolveTypes(Manager.java:1040)
	at ptolemy.actor.Manager.initialize(Manager.java:710)
	at ptolemy.actor.Manager.execute(Manager.java:356)
	at ptolemy.actor.Manager.run(Manager.java:1263)
	at ptolemy.actor.Manager$PtolemyRunThread.run(Manager.java:1933)
java.lang.RuntimeException: Execution failed
	at ptolemy.moml.MoMLSimpleApplication$UnloadThread.run(MoMLSimpleApplication.java:402)
Caused by: ptolemy.kernel.util.IllegalActionException: Found a zero delay loop containing .dependencyLoop2.original
  in .dependencyLoop2 and .dependencyLoop2.original
	at ptolemy.actor.util.CausalityInterfaceForComposites._computeOutputPortDepth(CausalityInterfaceForComposites.java:759)
	at ptolemy.actor.util.CausalityInterfaceForComposites._computeInputDepth(CausalityInterfaceForComposites.java:696)
	at ptolemy.actor.util.CausalityInterfaceForComposites._computeOutputPortDepth(CausalityInterfaceForComposites.java:765)
	at ptolemy.actor.util.CausalityInterfaceForComposites._computeInputDepth(CausalityInterfaceForComposites.java:696)
	at ptolemy.actor.util.CausalityInterfaceForComposites._computeOutputPortDepth(CausalityInterfaceForComposites.java:765)
	at ptolemy.actor.util.CausalityInterfaceForComposites._computeInputDepth(CausalityInterfaceForComposites.java:696)
	at ptolemy.actor.util.CausalityInterfaceForComposites._computeActorDepth(CausalityInterfaceForComposites.java:532)
	at ptolemy.actor.util.CausalityInterfaceForComposites.checkForCycles(CausalityInterfaceForComposites.java:96)
	at ptolemy.domains.de.kernel.DEDirector.preinitialize(DEDirector.java:1338)
	at ptolemy.actor.CompositeActor.preinitialize(CompositeActor.java:1828)
	at ptolemy.actor.Manager.preinitializeAndResolveTypes(Manager.java:1040)
	at ptolemy.actor.Manager.initialize(Manager.java:710)
	at ptolemy.actor.Manager.execute(Manager.java:356)
	at ptolemy.actor.Manager.run(Manager.java:1263)
	at ptolemy.actor.Manager$PtolemyRunThread.run(Manager.java:1933)
java.lang.reflect.InvocationTargetException
	at java.base/jdk.internal.reflect.NativeConstructorAccessorImpl.newInstance0(Native Method)
	at java.base/jdk.internal.reflect.NativeConstructorAccessorImpl.newInstance(NativeConstructorAccessorImpl.java:62)
	at java.base/jdk.internal.reflect.DelegatingConstructorAccessorImpl.newInstance(DelegatingConstructorAccessorImpl.java:45)
	at java.base/java.lang.reflect.Constructor.newInstance(Constructor.java:490)
	at ptolemy.util.test.junit.AutoKnownFailedTests.RunModel(AutoKnownFailedTests.java:105)
	at java.base/jdk.internal.reflect.NativeMethodAccessorImpl.invoke0(Native Method)
	at java.base/jdk.internal.reflect.NativeMethodAccessorImpl.invoke(NativeMethodAccessorImpl.java:62)
	at java.base/jdk.internal.reflect.DelegatingMethodAccessorImpl.invoke(DelegatingMethodAccessorImpl.java:43)
	at java.base/java.lang.reflect.Method.invoke(Method.java:566)
	at org.junit.runners.model.FrameworkMethod$1.runReflectiveCall(FrameworkMethod.java:44)
	at org.junit.internal.runners.model.ReflectiveCallable.run(ReflectiveCallable.java:15)
	at org.junit.runners.model.FrameworkMethod.invokeExplosively(FrameworkMethod.java:41)
	at junitparams.internal.InvokeParameterisedMethod.evaluate(InvokeParameterisedMethod.java:102)
	at org.junit.internal.runners.statements.FailOnTimeout$1.run(FailOnTimeout.java:28)
Caused by: ptolemy.kernel.util.IllegalActionException: Found a zero delay loop containing .dependencyLoop2.original
  in .dependencyLoop2 and .dependencyLoop2.original
	at ptolemy.actor.util.CausalityInterfaceForComposites._computeOutputPortDepth(CausalityInterfaceForComposites.java:759)
	at ptolemy.actor.util.CausalityInterfaceForComposites._computeInputDepth(CausalityInterfaceForComposites.java:696)
	at ptolemy.actor.util.CausalityInterfaceForComposites._computeOutputPortDepth(CausalityInterfaceForComposites.java:765)
	at ptolemy.actor.util.CausalityInterfaceForComposites._computeInputDepth(CausalityInterfaceForComposites.java:696)
	at ptolemy.actor.util.CausalityInterfaceForComposites._computeOutputPortDepth(CausalityInterfaceForComposites.java:765)
	at ptolemy.actor.util.CausalityInterfaceForComposites._computeInputDepth(CausalityInterfaceForComposites.java:696)
	at ptolemy.actor.util.CausalityInterfaceForComposites._computeActorDepth(CausalityInterfaceForComposites.java:532)
	at ptolemy.actor.util.CausalityInterfaceForComposites.checkForCycles(CausalityInterfaceForComposites.java:96)
	at ptolemy.domains.de.kernel.DEDirector.preinitialize(DEDirector.java:1338)
	at ptolemy.actor.CompositeActor.preinitialize(CompositeActor.java:1828)
	at ptolemy.actor.Manager.preinitializeAndResolveTypes(Manager.java:1040)
	at ptolemy.actor.Manager.initialize(Manager.java:710)
	at ptolemy.actor.Manager.execute(Manager.java:356)
	at ptolemy.actor.Manager.run(Manager.java:1263)
	at ptolemy.actor.Manager$PtolemyRunThread.run(Manager.java:1933)
]]></system-err>
</testsuite>
