<?xml version="1.0" encoding="UTF-8" ?>
<testsuite errors="0" failures="0" hostname="travis-job-284a058f-dd9d-420d-ba06-7728a97cfbda" name="ptolemy.actor.lib.test.junit.JUnitTclTest" skipped="0" tests="517" time="60.429" timestamp="2021-06-27T17:24:10">
  <properties>
    <property name="npm.executable" value="npm" />
    <property name="env.TRAVIS_ROOT" value="/" />
    <property name="ptII.mk.exists" value="true" />
    <property name="env.TRAVIS_APP_HOST" value="build.travis-ci.com" />
    <property name="env.rvm_bin_path" value="/home/travis/.rvm/bin" />
    <property name="java.home" value="/usr/local/lib/jvm/openjdk11" />
    <property name="env.TRAVIS_JOB_NUMBER" value="1820.8" />
    <property name="env.TRAVIS_HOME" value="/home/travis" />
    <property name="env.DISPLAY" value=":99.0" />
    <property name="env.TRAVIS_INIT" value="systemd" />
    <property name="env.SSH_TTY" value="/dev/pts/0" />
    <property name="java.net.preferIPv4Stack" value="true" />
    <property name="env.RUN_TESTS" value="true" />
    <property name="timeout.short" value="1000000" />
    <property name="junit.formatter" value="xml" />
    <property name="env.TRAVIS_SUDO" value="true" />
    <property name="env.TRAVIS_JOB_NAME" value="" />
    <property name="env.TRAVIS_STACK_NODE_ATTRIBUTES" value="/.node-attributes.yml" />
    <property name="env.LOGNAME" value="travis" />
    <property name="env.PT_TRAVIS_TEST_CORE1_XML" value="true" />
    <property name="jsdoc.home" value="node_modules/@terraswarm/jsdoc" />
    <property name="debuglevel" value="source,lines,vars" />
    <property name="checkstyle.formatter" value="xml" />
    <property name="bin.vergil.makeable" value="true" />
    <property name="sun.os.patch.level" value="unknown" />
    <property name="java.vendor.url" value="http://java.oracle.com/" />
    <property name="env.TRAVIS_BUILD_WEB_URL" value="https://travis-ci.com/icyphy/ptII/builds/231004013" />
    <property name="java.version" value="11.0.2" />
    <property name="env.TZ" value="UTC" />
    <property name="env.TRAVIS_PULL_REQUEST_SHA" value="" />
    <property name="env.PT_NO_NET" value="true" />
    <property name="env.TRAVIS_SECURE_ENV_VARS" value="true" />
    <property name="java.vendor.url.bug" value="http://bugreport.java.com/bugreport/" />
    <property name="npmjs-org-is-up" value="true" />
    <property name="env.LANGUAGE" value="en_US.UTF-8" />
    <property name="env.SSH_CLIENT" value="10.16.0.17 60106 22" />
    <property name="env.GEM_HOME" value="/home/travis/.rvm/gems/ruby-2.5.3" />
    <property name="env.HAS_ANTARES_THREE_LITTLE_FRONZIES_BADGE" value="true" />
    <property name="java.version.date" value="2019-01-15" />
    <property name="env.PS4" value="+" />
    <property name="ant.project.invoked-targets" value="build,test.core1.xml" />
    <property name="env.TRAVIS_PULL_REQUEST_BRANCH" value="" />
    <property name="env.TRAVIS_REPO_SLUG" value="icyphy/ptII" />
    <property name="env.XDG_DATA_DIRS" value="/usr/local/share:/usr/share:/var/lib/snapd/desktop" />
    <property name="jdk.debug" value="release" />
    <property name="env.TRAVIS_APT_PROXY" value="http://build-cache.travisci.net" />
    <property name="env.TRAVIS_CPU_ARCH" value="amd64" />
    <property name="node.in.path" value="true" />
    <property name="user.name" value="travis" />
    <property name="java.maxmemory" value="1400m" />
    <property name="env.RUBY_VERSION" value="ruby-2.5.3" />
    <property name="env.LANG" value="en_US.UTF-8" />
    <property name="sun.io.unicode.encoding" value="UnicodeLittle" />
    <property name="sun.jnu.encoding" value="UTF-8" />
    <property name="java.runtime.name" value="OpenJDK Runtime Environment" />
    <property name="usefile" value="false" />
    <property name="return.code" value="0" />
    <property name="junit.single.formatter" value="plain" />
    <property name="env.DYLD_LIBRARY_PATH" value="/home/travis/pthla/certi-tools/lib:" />
    <property name="env.DEBIAN_FRONTEND" value="noninteractive" />
    <property name="env.SSH_CONNECTION" value="10.16.0.17 60106 10.30.0.35 22" />
    <property name="env.MYSQL_UNIX_PORT" value="/var/run/mysqld/mysqld.sock" />
    <property name="env.LC_ALL" value="en_US.UTF-8" />
    <property name="env.TRAVIS_ALLOW_FAILURE" value="" />
    <property name="env.TRAVIS_JOB_WEB_URL" value="https://travis-ci.com/icyphy/ptII/jobs/519516874" />
    <property name="java.specification.name" value="Java Platform API Specification" />
    <property name="node.works" value="true" />
    <property name="user.timezone" value="" />
    <property name="path.separator" value=":" />
    <property name="env.TRAVIS_ENABLE_INFRA_DETECTION" value="true" />
    <property name="env.PYTHON_CFLAGS" value="-g -fstack-protector --param=ssp-buffer-size=4 -Wformat -Werror=format-security" />
    <property name="timeout.long" value="4000000" />
    <property name="env.CERTI_HOME" value="/home/travis/pthla/certi-tools" />
    <property name="ant.file.ptII" value="/home/travis/build/icyphy/ptII/build.xml" />
    <property name="javadoc.packagenames" value="com.*,diva.*,lbnl.*,org.hlacerti.*,org.json.*,org.ptolemy.*,org.terraswarm.*,ptolemy.*,ptserver.*" />
    <property name="file.encoding" value="UTF-8" />
    <property name="env.TRAVIS_PULL_REQUEST_SLUG" value="" />
    <property name="ant.project.default-target" value="build" />
    <property name="env.GIT_ASKPASS" value="echo" />
    <property name="env.HOME" value="/home/travis" />
    <property name="sun.java.command" value="org.apache.tools.ant.taskdefs.optional.junit.JUnitTestRunner ptolemy.actor.lib.test.junit.JUnitTclTest skipNonTests=false filtertrace=true haltOnError=false haltOnFailure=false formatter=org.apache.tools.ant.taskdefs.optional.junit.OutErrSummaryJUnitResultFormatter showoutput=true outputtoformatters=true logfailedtests=true threadid=0 logtestlistenerevents=false formatter=org.apache.tools.ant.taskdefs.optional.junit.XMLJUnitResultFormatter,/home/travis/build/icyphy/ptII/reports/junit/TEST-ptolemy.actor.lib.test.junit.JUnitTclTest.xml crashfile=/home/travis/build/icyphy/ptII/junitvmwatcher16685073095292941367.properties propsfile=/home/travis/build/icyphy/ptII/junit17128268076775304193.properties" />
    <property name="env.COMPOSER_NO_INTERACTION" value="1" />
    <property name="env.MANPATH" value="/home/travis/.nvm/versions/node/v7.10.1/share/man:/home/travis/.rvm/rubies/ruby-2.5.3/share/man:/usr/local/cmake-3.12.4/man:/usr/local/clang-7.0.0/share/man:/usr/local/man:/usr/local/share/man:/usr/share/man:/home/travis/.rvm/man" />
    <property name="env.TRAVIS_TIMER_ID" value="05b41b3a" />
    <property name="ant.file" value="/home/travis/build/icyphy/ptII/build.xml" />
    <property name="env.TRAVIS_COMMIT_RANGE" value="" />
    <property name="ptII.classpath.optional.property" value="/home/travis/build/icyphy/ptII/lib/bsh-2.0b4.jar:/home/travis/build/icyphy/ptII/lib/ptCal.jar:/home/travis/build/icyphy/ptII/lib/java_cup.jar:/home/travis/build/icyphy/ptII/lib/saxon8.jar:/home/travis/build/icyphy/ptII/lib/saxon8-dom.jar:/home/travis/build/icyphy/ptII/lib/chic.jar:/home/travis/build/icyphy/ptII/lib/ptcolt.jar:/home/travis/build/icyphy/ptII/vendors/misc/itext/iText.jar:/home/travis/build/icyphy/ptII/lib/g4ltl.jar:/home/travis/build/icyphy/ptII/lib/StructuralCoder.jar:/home/travis/build/icyphy/ptII/lib/jcerti.jar:/home/travis/build/icyphy/ptII/lib/javax.mail.jar:/home/travis/build/icyphy/ptII/vendors/JMF-2.1.1e/lib/jmf.jar:/home/travis/build/icyphy/ptII/lib/jna-4.0.0-variadic.jar:/home/travis/build/icyphy/ptII/vendors/misc/joystick/Joystick.jar:/home/travis/build/icyphy/ptII/lib/ptjacl.jar:/home/travis/build/icyphy/ptII/lib/jsoup-1.8.2.jar:/home/travis/build/icyphy/ptII/lib/junit-4.8.2.jar:/home/travis/build/icyphy/ptII/lib/JUnitParams-0.4.0.jar:/home/travis/build/icyphy/ptII/ptolemy/actor/lib/excel/jxl.jar:/home/travis/build/icyphy/ptII/lib/jython.jar:/home/travis/build/icyphy/ptII/lib/kieler.jar:/home/travis/build/icyphy/ptII/vendors/opencv/share/OpenCV/java/opencv-341.jar:/home/travis/build/icyphy/ptII/lib/oscP5.jar:/home/travis/build/icyphy/ptII/lib/nrjavaserial-3.11.0.devel.jar:/home/travis/build/icyphy/ptII/vendors/j3d/lib/Linux/j3dcore.jar:/home/travis/build/icyphy/ptII/vendors/j3d/lib/Linux/j3dutils.jar:/home/travis/build/icyphy/ptII/vendors/j3d/lib/Linux/vecmath.jar:/home/travis/build/icyphy/ptII/vendors/jogl/lib/Linux/gluegen-rt-natives-linux-amd64.jar:/home/travis/build/icyphy/ptII/vendors/jogl/lib/Linux/gluegen-rt.jar:/home/travis/build/icyphy/ptII/vendors/jogl/lib/Linux/jogl-all-natives-linux-amd64.jar:/home/travis/build/icyphy/ptII/vendors/jogl/lib/Linux/jogl-all.jar:/home/travis/build/icyphy/ptII/ptolemy/distributed/jini/jar/jini-core.jar:/home/travis/build/icyphy/ptII/ptolemy/distributed/jini/jar/jini-ext.jar:/home/travis/build/icyphy/ptII/ptolemy/distributed/jini/jar/sun-util.jar:/home/travis/build/icyphy/ptII/lib/protobuf-java-2.4.1.jar:/home/travis/build/icyphy/ptII/lib/org.eclipse.paho.client.mqttv3.jar:/home/travis/build/icyphy/ptII/lib/mapss.jar:/home/travis/build/icyphy/ptII/ptolemy/actor/ptalon/antlr/antlr.jar:/home/travis/build/icyphy/ptII/lib/JRI.jar:/home/travis/build/icyphy/ptII/lib/commons-lang-2.6.jar:/home/travis/build/icyphy/ptII/lib/commons-logging-1.1.1.jar:/home/travis/build/icyphy/ptII/lib/sootclasses.jar:/home/travis/build/icyphy/ptII/ptolemy/actor/lib/database/mysql-connector-java-5.1.6-bin.jar:/home/travis/build/icyphy/ptII/vendors/misc/sphinx4/sphinx4-data-5prealpha.jar:/home/travis/build/icyphy/ptII/vendors/misc/sphinx4/sphinx4-core-5prealpha.jar:/home/travis/build/icyphy/ptII/lib/PDFRenderer.jar:/home/travis/build/icyphy/ptII/lib/svgSalamander.jar:/home/travis/build/icyphy/ptII/lib/rsyntaxtextarea-2.6.0-SNAPSHOT.jar:/home/travis/build/icyphy/ptII/lib/hazelcast-3.8.2.jar:/home/travis/build/icyphy/ptII/lib/jackson-annotations-2.9.0.jar:/home/travis/build/icyphy/ptII/lib/jackson-core-2.9.3.jar:/home/travis/build/icyphy/ptII/lib/jackson-databind-2.9.3.jar:/home/travis/build/icyphy/ptII/lib/netty-buffer-4.1.19.Final.jar:/home/travis/build/icyphy/ptII/lib/netty-codec-4.1.19.Final.jar:/home/travis/build/icyphy/ptII/lib/netty-codec-dns-4.1.19.Final.jar:/home/travis/build/icyphy/ptII/lib/netty-codec-http-4.1.19.Final.jar:/home/travis/build/icyphy/ptII/lib/netty-codec-http2-4.1.19.Final.jar:/home/travis/build/icyphy/ptII/lib/netty-common-4.1.19.Final.jar:/home/travis/build/icyphy/ptII/lib/netty-handler-4.1.19.Final.jar:/home/travis/build/icyphy/ptII/lib/netty-resolver-4.1.19.Final.jar:/home/travis/build/icyphy/ptII/lib/netty-resolver-dns-4.1.19.Final.jar:/home/travis/build/icyphy/ptII/lib/netty-transport-4.1.19.Final.jar:/home/travis/build/icyphy/ptII/lib/vertx-codegen-3.5.1.jar:/home/travis/build/icyphy/ptII/lib/vertx-core-3.5.2-SNAPSHOT.jar:/home/travis/build/icyphy/ptII/lib/vertx-hazelcast-3.5.1.jar:/home/travis/build/icyphy/ptII/lib/vertx-lang-js-3.5.1.jar:/home/travis/build/icyphy/ptII/lib/vertx-service-proxy-3.5.1.jar:/home/travis/build/icyphy/ptII/lib/vertx-web-3.5.1.jar:/home/travis/build/icyphy/ptII/lib/slf4j-api-1.7.13.jar:/home/travis/build/icyphy/ptII/lib/slf4j-simple-1.7.13.jar:/home/travis/build/icyphy/ptII/lib/webcam-capture-0.3.12.jar:/home/travis/build/icyphy/ptII/lib/bridj-0.7.0.jar:/home/travis/build/icyphy/ptII/lib/xbjlib-1.1.0.nrjavaserial.jar" />
    <property name="timeout" value="2400000" />
    <property name="test.batch" value="**/junit/*.java" />
    <property name="env._" value="/usr/bin/timeout" />
    <property name="java.io.tmpdir" value="/tmp" />
    <property name="user.language" value="en" />
    <property name="env.TRAVIS_INTERNAL_RUBY_REGEX" value="^ruby-(2\.[0-4]\.[0-9]|1\.9\.3)" />
    <property name="env.HISTCONTROL" value="ignoredups:ignorespace" />
    <property name="env.GOROOT" value="/home/travis/.gimme/versions/go1.11.1.linux.amd64" />
    <property name="line.separator" value="&#xa;" />
    <property name="target" value="11" />
    <property name="env.TRAVIS_BUILD_DIR" value="/home/travis/build/icyphy/ptII" />
    <property name="env.ANT_OPTS" value="-Xmx2048m" />
    <property name="ant.file.type" value="file" />
    <property name="ptolemy.ptII.batchMode" value="true" />
    <property name="env.HISTSIZE" value="1000" />
    <property name="env.MERB_ENV" value="test" />
    <property name="java.vm.info" value="mixed mode" />
    <property name="source" value="11" />
    <property name="java.vm.specification.name" value="Java Virtual Machine Specification" />
    <property name="env.TRAVIS_TEST_RESULT" value="0" />
    <property name="jsdoc.command" value="node_modules/@terraswarm/jsdoc/jsdoc.js" />
    <property name="npm.works" value="true" />
    <property name="cobertura.dir" value="/home/travis/build/icyphy/ptII/vendors/cobertura-2.0.3" />
    <property name="jsdoc.command.exists" value="true" />
    <property name="env.rvm_path" value="/home/travis/.rvm" />
    <property name="env.GEM_PATH" value="/home/travis/.rvm/gems/ruby-2.5.3:/home/travis/.rvm/gems/ruby-2.5.3@global" />
    <property name="env.LC_CTYPE" value="en_US.UTF-8" />
    <property name="env.TRAVIS_CMD" value="$PTII/bin/ptIITravisBuild.sh $SECONDS" />
    <property name="java.awt.printerjob" value="sun.print.PSPrinterJob" />
    <property name="env.TRAVIS_STACK_NAME" value="sardonyx" />
    <property name="env.TRAVIS_TIMER_START_TIME" value="1624814047636753602" />
    <property name="ant.version" value="Apache Ant(TM) version 1.10.1 compiled on February 2 2017" />
    <property name="ptII.reports" value="/home/travis/build/icyphy/ptII/reports" />
    <property name="env.TRAVIS_STACK_TIMESTAMP" value="2020-06-24 13:13:18 UTC" />
    <property name="ant.file.type.ptII" value="file" />
    <property name="env.RBENV_SHELL" value="bash" />
    <property name="os.name" value="Linux" />
    <property name="java.specification.vendor" value="Oracle Corporation" />
    <property name="env.rvm_version" value="1.29.10 (latest)" />
    <property name="env.TRAVIS_INFRA" value="unknown" />
    <property name="env.TERM" value="xterm" />
    <property name="java.vm.name" value="OpenJDK 64-Bit Server VM" />
    <property name="env.TRAVIS_BUILD_NUMBER" value="1820" />
    <property name="env.CI" value="true" />
    <property name="java.library.path" value="/home/travis/pthla/certi-tools/lib:/usr/lib/jni:/usr/local/share/OpenCV/java/:/usr/share/OpenCV/java::/usr/java/packages/lib:/usr/lib64:/lib64:/lib:/usr/lib" />
    <property name="jdk.module.path" value="/home/travis/build/icyphy/ptII/vendors/javafx/javafx-sdk-11.0.2/lib:" />
    <property name="env.rvm_prefix" value="/home/travis" />
    <property name="env.PATH" value="/home/travis/pthla/certi-tools/share/scripts:/home/travis/.rvm/gems/ruby-2.5.3/bin:/home/travis/.rvm/gems/ruby-2.5.3@global/bin:/home/travis/.rvm/rubies/ruby-2.5.3/bin:/home/travis/.rvm/bin:./node_modules/.bin:/home/travis/build/icyphy/ptII/bin:/home/travis/pthla/certi-tools/bin:/home/travis/bin:/home/travis/.local/bin:/usr/local/lib/jvm/openjdk11/bin:/opt/pyenv/shims:/home/travis/.phpenv/shims:/home/travis/perl5/perlbrew/bin:/home/travis/.nvm/versions/node/v7.10.1/bin:/home/travis/gopath/bin:/home/travis/.gimme/versions/go1.11.1.linux.amd64/bin:/usr/local/maven-3.6.3/bin:/usr/local/cmake-3.12.4/bin:/usr/local/clang-7.0.0/bin:/usr/local/sbin:/usr/local/bin:/usr/sbin:/usr/bin:/sbin:/bin:/snap/bin:/home/travis/.phpenv/bin:/opt/pyenv/bin:/home/travis/.yarn/bin" />
    <property name="env.TRAVIS_OS_NAME" value="linux" />
    <property name="ant.java.version" value="9" />
    <property name="basedir" value="/home/travis/build/icyphy/ptII" />
    <property name="java.class.version" value="55.0" />
    <property name="env.SHLVL" value="3" />
    <property name="env.LD_LIBRARY_PATH" value="/home/travis/pthla/certi-tools/lib:/usr/lib/jni:/usr/local/share/OpenCV/java/:/usr/share/OpenCV/java:" />
    <property name="env.RACK_ENV" value="test" />
    <property name="ant.home" value="/home/travis/build/icyphy/ptII/ant" />
    <property name="env.NVM_DIR" value="/home/travis/.nvm" />
    <property name="env.CERTI_FOM_PATH" value="/home/travis/pthla/certi-tools/share/federations" />
    <property name="env.TRAVIS_BUILD_ID" value="231004013" />
    <property name="env.PYENV_ROOT" value="/opt/pyenv" />
    <property name="env.TRAVIS_UID" value="2000" />
    <property name="prism.verbose" value="true" />
    <property name="env.NVM_BIN" value="/home/travis/.nvm/versions/node/v7.10.1/bin" />
    <property name="env.TRAVIS_COMMIT" value="bc16a08a674c6fdcd249f7acc8e2e9f35aeec18f" />
    <property name="node.executable" value="node" />
    <property name="sun.boot.library.path" value="/usr/local/lib/jvm/openjdk11/lib" />
    <property name="sun.management.compiler" value="HotSpot 64-Bit Tiered Compilers" />
    <property name="java.awt.graphicsenv" value="sun.awt.X11GraphicsEnvironment" />
    <property name="env.GOPATH" value="/home/travis/gopath" />
    <property name="ptolemy.ptII.dir" value="/home/travis/build/icyphy/ptII" />
    <property name="env.USER" value="travis" />
    <property name="env.HISTFILESIZE" value="2000" />
    <property name="env.NVM_INC" value="/home/travis/.nvm/versions/node/v7.10.1/include/node" />
    <property name="timeout.longest" value="19000000" />
    <property name="env.PERLBREW_SHELLRC_VERSION" value="0.88" />
    <property name="env.TRAVIS_STACK_FEATURES" value="basic couchdb disabled-ipv6 docker docker-compose elasticsearch firefox go-toolchain google-chrome jdk memcached mongodb mysql nodejs_interpreter perl_interpreter perlbrew phantomjs postgresql python_interpreter redis ruby_interpreter sqlite xserver" />
    <property name="env.TRAVIS_PULL_REQUEST" value="false" />
    <property name="env.PYENV_SHELL" value="bash" />
    <property name="ant.project.name" value="ptII" />
    <property name="env.ANSI_RESET" value="\033[0m" />
    <property name="java.vm.specification.version" value="11" />
    <property name="env.TRAVIS_DIST" value="xenial" />
    <property name="env.CERTI_VERSION" value="4.0.0" />
    <property name="env.CERTI_HOST" value="localhost" />
    <property name="awt.toolkit" value="sun.awt.X11.XToolkit" />
    <property name="env.MY_RUBY_HOME" value="/home/travis/.rvm/rubies/ruby-2.5.3" />
    <property name="sun.cpu.isalist" value="" />
    <property name="env.TRAVIS_TMPDIR" value="/tmp/tmp.fT59qr36pf" />
    <property name="java.vm.compressedOopsMode" value="Zero based" />
    <property name="os.version" value="4.15.0-1077-gcp" />
    <property name="user.home" value="/home/travis" />
    <property name="java.vm.vendor" value="Oracle Corporation" />
    <property name="env.TRAVIS_TAG" value="nightly" />
    <property name="env.ANSI_YELLOW" value="\033[33;1m" />
    <property name="env.TRAVIS_FILTERED" value="redirect_io" />
    <property name="env.ANSI_GREEN" value="\033[32;1m" />
    <property name="env.JAVA_HOME" value="/usr/local/lib/jvm/openjdk11" />
    <property name="javadoc.excludepackagenames" value="adm.cvs2svn.*,build.*,config.*,doc.coding.templates.*,jni.test.jni.meaningOfLife.*,jni.test.jni.testDeux.*,jni.test.jni.testTrois.*,org.terraswarm.accessor.accessors.web.node_modules.*,org.terraswarm.accessor.accessors.web.hosts.cordova.demo.*,org.terraswarm.accessor.accessors.web.hosts.cordova.plugins.*,org.terraswarm.accessor.accessors-svn.*,pt-modules.*,ptolemy.apps.agilent.*,ptolemy.apps.anytimecontrol.*,ptolemy.apps.apes.*,ptolemy.apps.charon.*,ptolemy.apps.crazyboard.*,ptolemy.apps.eclipse.*,ptolemy.apps.etherealSting.*,ptolemy.apps.fullscreen.*,ptolemy.apps.giotto.*,ptolemy.apps.ia.*,ptolemy.apps.interfaces.*,ptolemy.apps.jmf.*,ptolemy.apps.kurt.*,ptolemy.apps.kvm.*,ptolemy.apps.lego.*,ptolemy.apps.lejos.*,ptolemy.apps.midp.*,ptolemy.apps.mobileCoding.*,ptolemy.apps.pendulum.*,ptolemy.apps.rijndael.*,ptolemy.apps.robot.*,ptolemy.apps.security.*,ptolemy.apps.sobel.*,ptolemy.apps.soot.*,ptolemy.apps.throttle.*,ptolemy.apps.tini.*,ptolemy.apps.transmission.*,ptolemy.apps.vergil.*,ptolemy.apps.waba.*,ptolemy.apps.websensor.*,ptolemy.apps.webstart.*,ptolemy.apps.xsl.*,ptolemy.apps.zaurus.*,ptolemy.codegen.c.actor.lib.oldJavaFiles.*,ptolemy.codegen.dsp.lib.*,ptolemy.codegen.kernel.newInterfaces.*,ptolemy.codegen.lib.*,ptolemy.copernicus.kernel.fragment.*,ptolemy.copernicus.shallow.cg.*,ptolemy.domains.giotto.demo.Hierarchy.Hierarchy.*,ptolemy.domains.giotto.demo.Multimode.Multimode.*,ptolemy.domains.giotto.demo.Simple.Simple.*,ptolemy.domains.gr.lib.experimental.*,ptolemy.domains.gro.*,ptolemy.domains.pdf.*,ptolemy.domains.ptinyos.demo.Surge.output.*,ptolemy.moml.test.NoPackageActor.java*,ptolemy.plot.adm.*,ptolemy.plot.servlet.*,reports.*,signed.*,src.*,target.*,vendors.*,ptolemy.copernicus.applet.*,ptolemy.media.viewer.*,ptolemy.actor.corba.*,doc.doclets.*,ptolemy.apps.eclipse.awt.*,ptolemy.backtrack.*,ptolemy.backtrack.ast.*,ptolemy.cg.adapter.generic.program.procedural.c.mbed*,ptolemy.homer.*,ptolemy.actor.lib.jai.*,org.ptolemy.scala.*,diva.util.java2d.svg.*,ptolemy.domains.ptinyos.*,ptolemy.actor.lib.fmi.fmipp.*,,org.terraswarm.accessor.accessors.web.node_modules.*,org.terraswarm.accessor.accessors-svn,ptolemy.apps.*,ptolemy.actor.ptalon.demo.ptinyos.SendAndReceiveCnt.output,ptolemy.actor.ptalon.demo.ptinyos.SenseToLeds.output,ptolemy.domains.ptinyos.demo.CntToLedsAndRfm.output,ptolemy.domains.ptinyos.demo.RfmToLeds.output,ptolemy.domains.ptinyos.demo.SendAndReceiveCnt.output,ptolemy.domains.ptinyos.demo.SenseToLeds.output,ptolemy.actor.lib.jjs.modules.udpSocket.*" />
    <property name="env.PTII" value="/home/travis/build/icyphy/ptII" />
    <property name="env.XDG_SESSION_ID" value="2" />
    <property name="keystore" value="ptKeystore" />
    <property name="env.TRAVIS_COMMIT_MESSAGE" value="Bump junit from 4.8.2 to 4.13.1&#xa;&#xa;Bumps [junit](https://github.com/junit-team/junit4) from 4.8.2 to 4.13.1.&#xa;- [Release notes](https://github.com/junit-team/junit4/releases)&#xa;- [Changelog](https://github.com/junit-team/junit4/blob/main/doc/ReleaseNotes4.13.1.md)&#xa;- [Commits](https://github.com/junit-team/junit4/compare/r4.8.2...r4.13.1)&#xa;&#xa;---&#xa;updated-dependencies:&#xa;- dependency-name: junit:junit&#xa;  dependency-type: direct:production&#xa;...&#xa;&#xa;Signed-off-by: dependabot[bot] &lt;support@github.com&gt;" />
    <property name="junit.output.dir" value="/home/travis/build/icyphy/ptII/reports/junit" />
    <property name="npm.return.code" value="0" />
    <property name="user.dir" value="/home/travis/build/icyphy/ptII/ptolemy/actor/lib/test" />
    <property name="env.TRAVIS_NODE_VERSION" value="7" />
    <property name="env.TRAVIS_EVENT_TYPE" value="push" />
    <property name="env.MAIL" value="/var/mail/travis" />
    <property name="env.PERLBREW_ROOT" value="/home/travis/perl5/perlbrew" />
    <property name="env.PWD" value="/home/travis/build/icyphy/ptII" />
    <property name="timeout.npm" value="45000" />
    <property name="env.TRAVIS_ARCH" value="amd64" />
    <property name="sun.cpu.endian" value="little" />
    <property name="env.PAGER" value="cat" />
    <property name="env.TRAVIS_BUILD_STAGE_NAME" value="test" />
    <property name="env.PERLBREW_HOME" value="/home/travis/.perlbrew" />
    <property name="java.vm.version" value="11.0.2+9" />
    <property name="env.RAILS_ENV" value="test" />
    <property name="java.class.path" value="/home/travis/.ptolemyII:/home/travis/.ptolemyII/*:/home/travis/build/icyphy/ptII:/home/travis/build/icyphy/ptII/lib/bsh-2.0b4.jar:/home/travis/build/icyphy/ptII/lib/ptCal.jar:/home/travis/build/icyphy/ptII/lib/java_cup.jar:/home/travis/build/icyphy/ptII/lib/saxon8.jar:/home/travis/build/icyphy/ptII/lib/saxon8-dom.jar:/home/travis/build/icyphy/ptII/lib/chic.jar:/home/travis/build/icyphy/ptII/lib/ptcolt.jar:/home/travis/build/icyphy/ptII/vendors/misc/itext/iText.jar:/home/travis/build/icyphy/ptII/lib/g4ltl.jar:/home/travis/build/icyphy/ptII/lib/StructuralCoder.jar:/home/travis/build/icyphy/ptII/lib/jcerti.jar:/home/travis/build/icyphy/ptII/lib/javax.mail.jar:/home/travis/build/icyphy/ptII/vendors/JMF-2.1.1e/lib/jmf.jar:/home/travis/build/icyphy/ptII/lib/jna-4.0.0-variadic.jar:/home/travis/build/icyphy/ptII/vendors/misc/joystick/Joystick.jar:/home/travis/build/icyphy/ptII/lib/ptjacl.jar:/home/travis/build/icyphy/ptII/lib/jsoup-1.8.2.jar:/home/travis/build/icyphy/ptII/lib/junit-4.8.2.jar:/home/travis/build/icyphy/ptII/lib/JUnitParams-0.4.0.jar:/home/travis/build/icyphy/ptII/ptolemy/actor/lib/excel/jxl.jar:/home/travis/build/icyphy/ptII/lib/jython.jar:/home/travis/build/icyphy/ptII/lib/kieler.jar:/home/travis/build/icyphy/ptII/vendors/opencv/share/OpenCV/java/opencv-341.jar:/home/travis/build/icyphy/ptII/lib/oscP5.jar:/home/travis/build/icyphy/ptII/lib/nrjavaserial-3.11.0.devel.jar:/home/travis/build/icyphy/ptII/vendors/j3d/lib/Linux/j3dcore.jar:/home/travis/build/icyphy/ptII/vendors/j3d/lib/Linux/j3dutils.jar:/home/travis/build/icyphy/ptII/vendors/j3d/lib/Linux/vecmath.jar:/home/travis/build/icyphy/ptII/vendors/jogl/lib/Linux/gluegen-rt-natives-linux-amd64.jar:/home/travis/build/icyphy/ptII/vendors/jogl/lib/Linux/gluegen-rt.jar:/home/travis/build/icyphy/ptII/vendors/jogl/lib/Linux/jogl-all-natives-linux-amd64.jar:/home/travis/build/icyphy/ptII/vendors/jogl/lib/Linux/jogl-all.jar:/home/travis/build/icyphy/ptII/ptolemy/distributed/jini/jar/jini-core.jar:/home/travis/build/icyphy/ptII/ptolemy/distributed/jini/jar/jini-ext.jar:/home/travis/build/icyphy/ptII/ptolemy/distributed/jini/jar/sun-util.jar:/home/travis/build/icyphy/ptII/lib/protobuf-java-2.4.1.jar:/home/travis/build/icyphy/ptII/lib/org.eclipse.paho.client.mqttv3.jar:/home/travis/build/icyphy/ptII/lib/mapss.jar:/home/travis/build/icyphy/ptII/ptolemy/actor/ptalon/antlr/antlr.jar:/home/travis/build/icyphy/ptII/lib/JRI.jar:/home/travis/build/icyphy/ptII/lib/commons-lang-2.6.jar:/home/travis/build/icyphy/ptII/lib/commons-logging-1.1.1.jar:/home/travis/build/icyphy/ptII/lib/sootclasses.jar:/home/travis/build/icyphy/ptII/ptolemy/actor/lib/database/mysql-connector-java-5.1.6-bin.jar:/home/travis/build/icyphy/ptII/vendors/misc/sphinx4/sphinx4-data-5prealpha.jar:/home/travis/build/icyphy/ptII/vendors/misc/sphinx4/sphinx4-core-5prealpha.jar:/home/travis/build/icyphy/ptII/lib/PDFRenderer.jar:/home/travis/build/icyphy/ptII/lib/svgSalamander.jar:/home/travis/build/icyphy/ptII/lib/rsyntaxtextarea-2.6.0-SNAPSHOT.jar:/home/travis/build/icyphy/ptII/lib/hazelcast-3.8.2.jar:/home/travis/build/icyphy/ptII/lib/jackson-annotations-2.9.0.jar:/home/travis/build/icyphy/ptII/lib/jackson-core-2.9.3.jar:/home/travis/build/icyphy/ptII/lib/jackson-databind-2.9.3.jar:/home/travis/build/icyphy/ptII/lib/netty-buffer-4.1.19.Final.jar:/home/travis/build/icyphy/ptII/lib/netty-codec-4.1.19.Final.jar:/home/travis/build/icyphy/ptII/lib/netty-codec-dns-4.1.19.Final.jar:/home/travis/build/icyphy/ptII/lib/netty-codec-http-4.1.19.Final.jar:/home/travis/build/icyphy/ptII/lib/netty-codec-http2-4.1.19.Final.jar:/home/travis/build/icyphy/ptII/lib/netty-common-4.1.19.Final.jar:/home/travis/build/icyphy/ptII/lib/netty-handler-4.1.19.Final.jar:/home/travis/build/icyphy/ptII/lib/netty-resolver-4.1.19.Final.jar:/home/travis/build/icyphy/ptII/lib/netty-resolver-dns-4.1.19.Final.jar:/home/travis/build/icyphy/ptII/lib/netty-transport-4.1.19.Final.jar:/home/travis/build/icyphy/ptII/lib/vertx-codegen-3.5.1.jar:/home/travis/build/icyphy/ptII/lib/vertx-core-3.5.2-SNAPSHOT.jar:/home/travis/build/icyphy/ptII/lib/vertx-hazelcast-3.5.1.jar:/home/travis/build/icyphy/ptII/lib/vertx-lang-js-3.5.1.jar:/home/travis/build/icyphy/ptII/lib/vertx-service-proxy-3.5.1.jar:/home/travis/build/icyphy/ptII/lib/vertx-web-3.5.1.jar:/home/travis/build/icyphy/ptII/lib/slf4j-api-1.7.13.jar:/home/travis/build/icyphy/ptII/lib/slf4j-simple-1.7.13.jar:/home/travis/build/icyphy/ptII/lib/webcam-capture-0.3.12.jar:/home/travis/build/icyphy/ptII/lib/bridj-0.7.0.jar:/home/travis/build/icyphy/ptII/lib/xbjlib-1.1.0.nrjavaserial.jar:/home/travis/build/icyphy/ptII/ptolemy/moml/test:/home/travis/build/icyphy/ptII/ant/lib/ant-launcher.jar:/home/travis/build/icyphy/ptII/ant/lib/ant.jar:/home/travis/build/icyphy/ptII/ant/lib/ant-junit.jar:/home/travis/build/icyphy/ptII/ant/lib/ant-junit4.jar" />
    <property name="ant.library.dir" value="/home/travis/build/icyphy/ptII/ant/lib" />
    <property name="os.arch" value="amd64" />
    <property name="env.CONTINUOUS_INTEGRATION" value="true" />
    <property name="env.TRAVIS_LANGUAGE" value="node_js" />
    <property name="env.TRAVIS_STACK_LANGUAGES" value="__sardonyx__ c c++ clojure cplusplus cpp default generic go groovy java node_js php pure_java python ruby scala" />
    <property name="test.name" value="ptolemy.actor.lib.test.junit.JUnitTclTest" />
    <property name="env.APT_KEY_DONT_WARN_ON_DANGEROUS_USAGE" value="1" />
    <property name="sun.java.launcher" value="SUN_STANDARD" />
    <property name="env.PYTHON_CONFIGURE_OPTS" value="--enable-unicode=ucs4 --with-wide-unicode --enable-shared --enable-ipv6 --enable-loadable-sqlite-extensions --with-computed-gotos" />
    <property name="ant.core.lib" value="/home/travis/build/icyphy/ptII/ant/lib/ant.jar" />
    <property name="java.vm.specification.vendor" value="Oracle Corporation" />
    <property name="env.BCVTB_HOME" value="/home/travis/build/icyphy/ptII/lbnl" />
    <property name="file.separator" value="/" />
    <property name="spotbugs.home" value="/home/travis/build/icyphy/ptII/vendors/spotbugs-3.1.1" />
    <property name="java.runtime.version" value="11.0.2+9" />
    <property name="env.ANSI_CLEAR" value="\033[0K" />
    <property name="javafx.verbose" value="true" />
    <property name="env.HAS_JOSH_K_SEAL_OF_APPROVAL" value="true" />
    <property name="env.XDG_RUNTIME_DIR" value="/run/user/2000" />
    <property name="env.TRAVIS_OSX_IMAGE" value="" />
    <property name="env.TRAVIS_JOB_ID" value="519516874" />
    <property name="env.TRAVIS_BRANCH" value="dependabot/maven/junit-junit-4.13.1" />
    <property name="user.country" value="US" />
    <property name="env.CERTI_HOME_TRAVIS" value="/home/travis/pthla/certi-tools" />
    <property name="env.SHELL" value="/bin/bash" />
    <property name="java.maxmemory.large" value="3200m" />
    <property name="model" value="" />
    <property name="env.CASHER_DIR" value="/home/travis/.casher" />
    <property name="env.NVM_CD_FLAGS" value="" />
    <property name="java.vendor.version" value="18.9" />
    <property name="jshint.executable" value="/home/travis/node_modules/jshint/bin/jshint" />
    <property name="env.JRUBY_OPTS" value=" --client -J-XX:+TieredCompilation -J-XX:TieredStopAtLevel=1 -J-Xss2m -Xcompile.invokedynamic=false" />
    <property name="java.vendor" value="Oracle Corporation" />
    <property name="env.TRAVIS_PRE_CHEF_BOOTSTRAP_TIME" value="2020-06-24T13:13:03" />
    <property name="env.TRAVIS_STACK_JOB_BOARD_REGISTER" value="/.job-board-register.yml" />
    <property name="env.ANSI_RED" value="\033[31;1m" />
    <property name="java.specification.version" value="11" />
    <property name="env.IRBRC" value="/home/travis/.rvm/rubies/ruby-2.5.3/.irbrc" />
    <property name="env.TRAVIS" value="true" />
    <property name="sun.arch.data.model" value="64" />
  </properties>
  <testcase classname="ptolemy.util.test.junit.TclTests" name="[0] /home/travis/build/icyphy/ptII/ptolemy/actor/lib/test/AbsoluteValue.tcl (RunTclFile)" time="0.518" />
  <testcase classname="ptolemy.util.test.junit.TclTests" name="[1] /home/travis/build/icyphy/ptII/ptolemy/actor/lib/test/AddSubtract.tcl (RunTclFile)" time="0.102" />
  <testcase classname="ptolemy.util.test.junit.TclTests" name="[2] /home/travis/build/icyphy/ptII/ptolemy/actor/lib/test/Average.tcl (RunTclFile)" time="0.058" />
  <testcase classname="ptolemy.util.test.junit.TclTests" name="[3] /home/travis/build/icyphy/ptII/ptolemy/actor/lib/test/Bernoulli.tcl (RunTclFile)" time="0.02" />
  <testcase classname="ptolemy.util.test.junit.TclTests" name="[4] /home/travis/build/icyphy/ptII/ptolemy/actor/lib/test/Clock.tcl (RunTclFile)" time="0.097" />
  <testcase classname="ptolemy.util.test.junit.TclTests" name="[5] /home/travis/build/icyphy/ptII/ptolemy/actor/lib/test/Commutator.tcl (RunTclFile)" time="0.106" />
  <testcase classname="ptolemy.util.test.junit.TclTests" name="[6] /home/travis/build/icyphy/ptII/ptolemy/actor/lib/test/Const.tcl (RunTclFile)" time="0.129" />
  <testcase classname="ptolemy.util.test.junit.TclTests" name="[7] /home/travis/build/icyphy/ptII/ptolemy/actor/lib/test/CurrentTime.tcl (RunTclFile)" time="0.037" />
  <testcase classname="ptolemy.util.test.junit.TclTests" name="[8] /home/travis/build/icyphy/ptII/ptolemy/actor/lib/test/DB.tcl (RunTclFile)" time="0.036" />
  <testcase classname="ptolemy.util.test.junit.TclTests" name="[9] /home/travis/build/icyphy/ptII/ptolemy/actor/lib/test/DiscreteRandomSource.tcl (RunTclFile)" time="0.048" />
  <testcase classname="ptolemy.util.test.junit.TclTests" name="[10] /home/travis/build/icyphy/ptII/ptolemy/actor/lib/test/Distributor.tcl (RunTclFile)" time="0.086" />
  <testcase classname="ptolemy.util.test.junit.TclTests" name="[11] /home/travis/build/icyphy/ptII/ptolemy/actor/lib/test/Exit.tcl (RunTclFile)" time="0.079" />
  <testcase classname="ptolemy.util.test.junit.TclTests" name="[12] /home/travis/build/icyphy/ptII/ptolemy/actor/lib/test/Expression.tcl (RunTclFile)" time="0.118" />
  <testcase classname="ptolemy.util.test.junit.TclTests" name="[13] /home/travis/build/icyphy/ptII/ptolemy/actor/lib/test/Gaussian.tcl (RunTclFile)" time="0.372" />
  <testcase classname="ptolemy.util.test.junit.TclTests" name="[14] /home/travis/build/icyphy/ptII/ptolemy/actor/lib/test/IIR.tcl (RunTclFile)" time="0.039" />
  <testcase classname="ptolemy.util.test.junit.TclTests" name="[15] /home/travis/build/icyphy/ptII/ptolemy/actor/lib/test/Interpolator.tcl (RunTclFile)" time="0.097" />
  <testcase classname="ptolemy.util.test.junit.TclTests" name="[16] /home/travis/build/icyphy/ptII/ptolemy/actor/lib/test/MathFunction.tcl (RunTclFile)" time="0.073" />
  <testcase classname="ptolemy.util.test.junit.TclTests" name="[17] /home/travis/build/icyphy/ptII/ptolemy/actor/lib/test/Maximum.tcl (RunTclFile)" time="0.032" />
  <testcase classname="ptolemy.util.test.junit.TclTests" name="[18] /home/travis/build/icyphy/ptII/ptolemy/actor/lib/test/Minimum.tcl (RunTclFile)" time="0.031" />
  <testcase classname="ptolemy.util.test.junit.TclTests" name="[19] /home/travis/build/icyphy/ptII/ptolemy/actor/lib/test/MultiplyDivide.tcl (RunTclFile)" time="0.044" />
  <testcase classname="ptolemy.util.test.junit.TclTests" name="[20] /home/travis/build/icyphy/ptII/ptolemy/actor/lib/test/OrderedMerge.tcl (RunTclFile)" time="0.127" />
  <testcase classname="ptolemy.util.test.junit.TclTests" name="[21] /home/travis/build/icyphy/ptII/ptolemy/actor/lib/test/Publisher.tcl (RunTclFile)" time="0.764" />
  <testcase classname="ptolemy.util.test.junit.TclTests" name="[22] /home/travis/build/icyphy/ptII/ptolemy/actor/lib/test/Pulse.tcl (RunTclFile)" time="0.077" />
  <testcase classname="ptolemy.util.test.junit.TclTests" name="[23] /home/travis/build/icyphy/ptII/ptolemy/actor/lib/test/Ramp.tcl (RunTclFile)" time="1.958" />
  <testcase classname="ptolemy.util.test.junit.TclTests" name="[24] /home/travis/build/icyphy/ptII/ptolemy/actor/lib/test/RampContinuous.tcl (RunTclFile)" time="0.016" />
  <testcase classname="ptolemy.util.test.junit.TclTests" name="[25] /home/travis/build/icyphy/ptII/ptolemy/actor/lib/test/RecordAssembler.tcl (RunTclFile)" time="0.014" />
  <testcase classname="ptolemy.util.test.junit.TclTests" name="[26] /home/travis/build/icyphy/ptII/ptolemy/actor/lib/test/RecordDisassembler.tcl (RunTclFile)" time="0.017" />
  <testcase classname="ptolemy.util.test.junit.TclTests" name="[27] /home/travis/build/icyphy/ptII/ptolemy/actor/lib/test/Scale.tcl (RunTclFile)" time="0.016" />
  <testcase classname="ptolemy.util.test.junit.TclTests" name="[28] /home/travis/build/icyphy/ptII/ptolemy/actor/lib/test/SequentialClock.tcl (RunTclFile)" time="0.011" />
  <testcase classname="ptolemy.util.test.junit.TclTests" name="[29] /home/travis/build/icyphy/ptII/ptolemy/actor/lib/test/SetVariable.tcl (RunTclFile)" time="0.009" />
  <testcase classname="ptolemy.util.test.junit.TclTests" name="[30] /home/travis/build/icyphy/ptII/ptolemy/actor/lib/test/Sinewave.tcl (RunTclFile)" time="0.05" />
  <testcase classname="ptolemy.util.test.junit.TclTests" name="[31] /home/travis/build/icyphy/ptII/ptolemy/actor/lib/test/SubscriptionAggregator.tcl (RunTclFile)" time="1.979" />
  <testcase classname="ptolemy.util.test.junit.TclTests" name="[32] /home/travis/build/icyphy/ptII/ptolemy/actor/lib/test/Test.tcl (RunTclFile)" time="0.079" />
  <testcase classname="ptolemy.util.test.junit.TclTests" name="[33] /home/travis/build/icyphy/ptII/ptolemy/actor/lib/test/TestExceptionHandler.tcl (RunTclFile)" time="0.011" />
  <testcase classname="ptolemy.util.test.junit.TclTests" name="[34] /home/travis/build/icyphy/ptII/ptolemy/actor/lib/test/UnionDisassembler.tcl (RunTclFile)" time="0.071" />
  <testcase classname="ptolemy.util.test.junit.TclTests" name="[35] /home/travis/build/icyphy/ptII/ptolemy/actor/lib/test/VariableClock.tcl (RunTclFile)" time="0.015" />
  <testcase classname="ptolemy.util.test.junit.AutoKnownFailedTests" name="[0] /home/travis/build/icyphy/ptII/ptolemy/actor/lib/test/auto/knownFailedTests/PublisherPortToplevelSubscriber.xml (RunModel)" time="0.028" />
  <testcase classname="ptolemy.util.test.junit.AutoKnownFailedTests" name="[1] /home/travis/build/icyphy/ptII/ptolemy/actor/lib/test/auto/knownFailedTests/PublisherSubscriberPortToplevel.xml (RunModel)" time="0.018" />
  <testcase classname="ptolemy.util.test.junit.AutoKnownFailedTests" name="[2] /home/travis/build/icyphy/ptII/ptolemy/actor/lib/test/auto/knownFailedTests/PublisherSubscriptionAggregatorPort.xml (RunModel)" time="0.022" />
  <testcase classname="ptolemy.util.test.junit.AutoKnownFailedTests" name="[3] /home/travis/build/icyphy/ptII/ptolemy/actor/lib/test/auto/knownFailedTests/sizedarray3.xml (RunModel)" time="0.024" />
  <testcase classname="ptolemy.util.test.junit.AutoNameArchTests" name="[0] ThereAreNoAutoArchTests (RunModel)" time="0.004" />
  <testcase classname="ptolemy.util.test.junit.AutoTests" name="[0] /home/travis/build/icyphy/ptII/ptolemy/actor/lib/test/auto/AbsoluteValue.xml (RunModel)" time="0.076" />
  <testcase classname="ptolemy.util.test.junit.AutoTests" name="[1] /home/travis/build/icyphy/ptII/ptolemy/actor/lib/test/auto/AbsoluteValue2.xml (RunModel)" time="0.16" />
  <testcase classname="ptolemy.util.test.junit.AutoTests" name="[2] /home/travis/build/icyphy/ptII/ptolemy/actor/lib/test/auto/Accumulator.xml (RunModel)" time="0.067" />
  <testcase classname="ptolemy.util.test.junit.AutoTests" name="[3] /home/travis/build/icyphy/ptII/ptolemy/actor/lib/test/auto/Accumulator2.xml (RunModel)" time="0.028" />
  <testcase classname="ptolemy.util.test.junit.AutoTests" name="[4] /home/travis/build/icyphy/ptII/ptolemy/actor/lib/test/auto/Accumulator3.xml (RunModel)" time="0.027" />
  <testcase classname="ptolemy.util.test.junit.AutoTests" name="[5] /home/travis/build/icyphy/ptII/ptolemy/actor/lib/test/auto/ArrayAppend.xml (RunModel)" time="0.039" />
  <testcase classname="ptolemy.util.test.junit.AutoTests" name="[6] /home/travis/build/icyphy/ptII/ptolemy/actor/lib/test/auto/ArrayAppend2.xml (RunModel)" time="0.287" />
  <testcase classname="ptolemy.util.test.junit.AutoTests" name="[7] /home/travis/build/icyphy/ptII/ptolemy/actor/lib/test/auto/ArrayAppend3.xml (RunModel)" time="0.025" />
  <testcase classname="ptolemy.util.test.junit.AutoTests" name="[8] /home/travis/build/icyphy/ptII/ptolemy/actor/lib/test/auto/ArrayAppend4.xml (RunModel)" time="0.024" />
  <testcase classname="ptolemy.util.test.junit.AutoTests" name="[9] /home/travis/build/icyphy/ptII/ptolemy/actor/lib/test/auto/ArrayAppend5.xml (RunModel)" time="0.034" />
  <testcase classname="ptolemy.util.test.junit.AutoTests" name="[10] /home/travis/build/icyphy/ptII/ptolemy/actor/lib/test/auto/ArrayAppend6.xml (RunModel)" time="0.013" />
  <testcase classname="ptolemy.util.test.junit.AutoTests" name="[11] /home/travis/build/icyphy/ptII/ptolemy/actor/lib/test/auto/ArrayAppendPerformanceTest.xml (RunModel)" time="0.065" />
  <testcase classname="ptolemy.util.test.junit.AutoTests" name="[12] /home/travis/build/icyphy/ptII/ptolemy/actor/lib/test/auto/ArrayAppendWithEmptyInput.xml (RunModel)" time="0.051" />
  <testcase classname="ptolemy.util.test.junit.AutoTests" name="[13] /home/travis/build/icyphy/ptII/ptolemy/actor/lib/test/auto/ArrayAverage.xml (RunModel)" time="0.051" />
  <testcase classname="ptolemy.util.test.junit.AutoTests" name="[14] /home/travis/build/icyphy/ptII/ptolemy/actor/lib/test/auto/ArrayContains.xml (RunModel)" time="0.022" />
  <testcase classname="ptolemy.util.test.junit.AutoTests" name="[15] /home/travis/build/icyphy/ptII/ptolemy/actor/lib/test/auto/ArrayElement.xml (RunModel)" time="0.084" />
  <testcase classname="ptolemy.util.test.junit.AutoTests" name="[16] /home/travis/build/icyphy/ptII/ptolemy/actor/lib/test/auto/ArrayElementAsMatrix.xml (RunModel)" time="0.055" />
  <testcase classname="ptolemy.util.test.junit.AutoTests" name="[17] /home/travis/build/icyphy/ptII/ptolemy/actor/lib/test/auto/ArrayElementI.xml (RunModel)" time="0.012" />
  <testcase classname="ptolemy.util.test.junit.AutoTests" name="[18] /home/travis/build/icyphy/ptII/ptolemy/actor/lib/test/auto/ArrayExtract.xml (RunModel)" time="0.023" />
  <testcase classname="ptolemy.util.test.junit.AutoTests" name="[19] /home/travis/build/icyphy/ptII/ptolemy/actor/lib/test/auto/ArrayExtract2.xml (RunModel)" time="0.014" />
  <testcase classname="ptolemy.util.test.junit.AutoTests" name="[20] /home/travis/build/icyphy/ptII/ptolemy/actor/lib/test/auto/ArrayLength.xml (RunModel)" time="0.012" />
  <testcase classname="ptolemy.util.test.junit.AutoTests" name="[21] /home/travis/build/icyphy/ptII/ptolemy/actor/lib/test/auto/ArrayLevelCrossing.xml (RunModel)" time="0.022" />
  <testcase classname="ptolemy.util.test.junit.AutoTests" name="[22] /home/travis/build/icyphy/ptII/ptolemy/actor/lib/test/auto/ArrayLevelCrossing2.xml (RunModel)" time="0.016" />
  <testcase classname="ptolemy.util.test.junit.AutoTests" name="[23] /home/travis/build/icyphy/ptII/ptolemy/actor/lib/test/auto/ArrayPeakSearch.xml (RunModel)" time="0.026" />
  <testcase classname="ptolemy.util.test.junit.AutoTests" name="[24] /home/travis/build/icyphy/ptII/ptolemy/actor/lib/test/auto/ArrayPeakSearch2.xml (RunModel)" time="0.029" />
  <testcase classname="ptolemy.util.test.junit.AutoTests" name="[25] /home/travis/build/icyphy/ptII/ptolemy/actor/lib/test/auto/ArrayPeakSearch3.xml (RunModel)" time="0.024" />
  <testcase classname="ptolemy.util.test.junit.AutoTests" name="[26] /home/travis/build/icyphy/ptII/ptolemy/actor/lib/test/auto/ArrayRemoveElement.xml (RunModel)" time="0.025" />
  <testcase classname="ptolemy.util.test.junit.AutoTests" name="[27] /home/travis/build/icyphy/ptII/ptolemy/actor/lib/test/auto/ArraySort.xml (RunModel)" time="0.025" />
  <testcase classname="ptolemy.util.test.junit.AutoTests" name="[28] /home/travis/build/icyphy/ptII/ptolemy/actor/lib/test/auto/ArraySum.xml (RunModel)" time="0.017" />
  <testcase classname="ptolemy.util.test.junit.AutoTests" name="[29] /home/travis/build/icyphy/ptII/ptolemy/actor/lib/test/auto/ArrayToElements.xml (RunModel)" time="0.022" />
  <testcase classname="ptolemy.util.test.junit.AutoTests" name="[30] /home/travis/build/icyphy/ptII/ptolemy/actor/lib/test/auto/ArrayToMatrix.xml (RunModel)" time="0.06" />
  <testcase classname="ptolemy.util.test.junit.AutoTests" name="[31] /home/travis/build/icyphy/ptII/ptolemy/actor/lib/test/auto/ArrayUpdate1.xml (RunModel)" time="0.019" />
  <testcase classname="ptolemy.util.test.junit.AutoTests" name="[32] /home/travis/build/icyphy/ptII/ptolemy/actor/lib/test/auto/ArrayUpdate2.xml (RunModel)" time="0.018" />
  <testcase classname="ptolemy.util.test.junit.AutoTests" name="[33] /home/travis/build/icyphy/ptII/ptolemy/actor/lib/test/auto/ArrayUpdate3.xml (RunModel)" time="0.013" />
  <testcase classname="ptolemy.util.test.junit.AutoTests" name="[34] /home/travis/build/icyphy/ptII/ptolemy/actor/lib/test/auto/Assert1.xml (RunModel)" time="0.02" />
  <testcase classname="ptolemy.util.test.junit.AutoTests" name="[35] /home/travis/build/icyphy/ptII/ptolemy/actor/lib/test/auto/Assert2.xml (RunModel)" time="0.013" />
  <testcase classname="ptolemy.util.test.junit.AutoTests" name="[36] /home/travis/build/icyphy/ptII/ptolemy/actor/lib/test/auto/BooleanMultiplexor.xml (RunModel)" time="0.013" />
  <testcase classname="ptolemy.util.test.junit.AutoTests" name="[37] /home/travis/build/icyphy/ptII/ptolemy/actor/lib/test/auto/BooleanMultiplexor2.xml (RunModel)" time="0.061" />
  <testcase classname="ptolemy.util.test.junit.AutoTests" name="[38] /home/travis/build/icyphy/ptII/ptolemy/actor/lib/test/auto/BooleanMultiplexor3.xml (RunModel)" time="0.013" />
  <testcase classname="ptolemy.util.test.junit.AutoTests" name="[39] /home/travis/build/icyphy/ptII/ptolemy/actor/lib/test/auto/BooleanSelect.xml (RunModel)" time="0.02" />
  <testcase classname="ptolemy.util.test.junit.AutoTests" name="[40] /home/travis/build/icyphy/ptII/ptolemy/actor/lib/test/auto/BooleanSelect2.xml (RunModel)" time="0.017" />
  <testcase classname="ptolemy.util.test.junit.AutoTests" name="[41] /home/travis/build/icyphy/ptII/ptolemy/actor/lib/test/auto/BooleanSwitch.xml (RunModel)" time="0.018" />
  <testcase classname="ptolemy.util.test.junit.AutoTests" name="[42] /home/travis/build/icyphy/ptII/ptolemy/actor/lib/test/auto/BooleanSwitch2.xml (RunModel)" time="0.013" />
  <testcase classname="ptolemy.util.test.junit.AutoTests" name="[43] /home/travis/build/icyphy/ptII/ptolemy/actor/lib/test/auto/BooleanSwitchCloningBugWithClassRelationGroup.xml (RunModel)" time="0.031" />
  <testcase classname="ptolemy.util.test.junit.AutoTests" name="[44] /home/travis/build/icyphy/ptII/ptolemy/actor/lib/test/auto/BusActors.xml (RunModel)" time="0.045" />
  <testcase classname="ptolemy.util.test.junit.AutoTests" name="[45] /home/travis/build/icyphy/ptII/ptolemy/actor/lib/test/auto/ClassWrapper.xml (RunModel)" time="0.02" />
  <testcase classname="ptolemy.util.test.junit.AutoTests" name="[46] /home/travis/build/icyphy/ptII/ptolemy/actor/lib/test/auto/Clock.xml (RunModel)" time="0.01" />
  <testcase classname="ptolemy.util.test.junit.AutoTests" name="[47] /home/travis/build/icyphy/ptII/ptolemy/actor/lib/test/auto/Clock10.xml (RunModel)" time="0.02" />
  <testcase classname="ptolemy.util.test.junit.AutoTests" name="[48] /home/travis/build/icyphy/ptII/ptolemy/actor/lib/test/auto/Clock11.xml (RunModel)" time="0.016" />
  <testcase classname="ptolemy.util.test.junit.AutoTests" name="[49] /home/travis/build/icyphy/ptII/ptolemy/actor/lib/test/auto/Clock12.xml (RunModel)" time="0.018" />
  <testcase classname="ptolemy.util.test.junit.AutoTests" name="[50] /home/travis/build/icyphy/ptII/ptolemy/actor/lib/test/auto/Clock13.xml (RunModel)" time="0.016" />
  <testcase classname="ptolemy.util.test.junit.AutoTests" name="[51] /home/travis/build/icyphy/ptII/ptolemy/actor/lib/test/auto/Clock14.xml (RunModel)" time="0.016" />
  <testcase classname="ptolemy.util.test.junit.AutoTests" name="[52] /home/travis/build/icyphy/ptII/ptolemy/actor/lib/test/auto/Clock15.xml (RunModel)" time="0.015" />
  <testcase classname="ptolemy.util.test.junit.AutoTests" name="[53] /home/travis/build/icyphy/ptII/ptolemy/actor/lib/test/auto/Clock16.xml (RunModel)" time="0.091" />
  <testcase classname="ptolemy.util.test.junit.AutoTests" name="[54] /home/travis/build/icyphy/ptII/ptolemy/actor/lib/test/auto/Clock17.xml (RunModel)" time="0.071" />
  <testcase classname="ptolemy.util.test.junit.AutoTests" name="[55] /home/travis/build/icyphy/ptII/ptolemy/actor/lib/test/auto/Clock18.xml (RunModel)" time="0.044" />
  <testcase classname="ptolemy.util.test.junit.AutoTests" name="[56] /home/travis/build/icyphy/ptII/ptolemy/actor/lib/test/auto/Clock19.xml (RunModel)" time="0.041" />
  <testcase classname="ptolemy.util.test.junit.AutoTests" name="[57] /home/travis/build/icyphy/ptII/ptolemy/actor/lib/test/auto/Clock2.xml (RunModel)" time="0.013" />
  <testcase classname="ptolemy.util.test.junit.AutoTests" name="[58] /home/travis/build/icyphy/ptII/ptolemy/actor/lib/test/auto/Clock20.xml (RunModel)" time="0.02" />
  <testcase classname="ptolemy.util.test.junit.AutoTests" name="[59] /home/travis/build/icyphy/ptII/ptolemy/actor/lib/test/auto/Clock21.xml (RunModel)" time="0.011" />
  <testcase classname="ptolemy.util.test.junit.AutoTests" name="[60] /home/travis/build/icyphy/ptII/ptolemy/actor/lib/test/auto/Clock22.xml (RunModel)" time="0.021" />
  <testcase classname="ptolemy.util.test.junit.AutoTests" name="[61] /home/travis/build/icyphy/ptII/ptolemy/actor/lib/test/auto/Clock23.xml (RunModel)" time="0.017" />
  <testcase classname="ptolemy.util.test.junit.AutoTests" name="[62] /home/travis/build/icyphy/ptII/ptolemy/actor/lib/test/auto/Clock24.xml (RunModel)" time="0.015" />
  <testcase classname="ptolemy.util.test.junit.AutoTests" name="[63] /home/travis/build/icyphy/ptII/ptolemy/actor/lib/test/auto/Clock4.xml (RunModel)" time="0.011" />
  <testcase classname="ptolemy.util.test.junit.AutoTests" name="[64] /home/travis/build/icyphy/ptII/ptolemy/actor/lib/test/auto/Clock5.xml (RunModel)" time="0.012" />
  <testcase classname="ptolemy.util.test.junit.AutoTests" name="[65] /home/travis/build/icyphy/ptII/ptolemy/actor/lib/test/auto/Clock6.xml (RunModel)" time="0.008" />
  <testcase classname="ptolemy.util.test.junit.AutoTests" name="[66] /home/travis/build/icyphy/ptII/ptolemy/actor/lib/test/auto/Clock7.xml (RunModel)" time="0.011" />
  <testcase classname="ptolemy.util.test.junit.AutoTests" name="[67] /home/travis/build/icyphy/ptII/ptolemy/actor/lib/test/auto/Clock8.xml (RunModel)" time="0.014" />
  <testcase classname="ptolemy.util.test.junit.AutoTests" name="[68] /home/travis/build/icyphy/ptII/ptolemy/actor/lib/test/auto/Clock9.xml (RunModel)" time="0.014" />
  <testcase classname="ptolemy.util.test.junit.AutoTests" name="[69] /home/travis/build/icyphy/ptII/ptolemy/actor/lib/test/auto/CommDistDiscard.xml (RunModel)" time="0.018" />
  <testcase classname="ptolemy.util.test.junit.AutoTests" name="[70] /home/travis/build/icyphy/ptII/ptolemy/actor/lib/test/auto/Commutator.xml (RunModel)" time="0.015" />
  <testcase classname="ptolemy.util.test.junit.AutoTests" name="[71] /home/travis/build/icyphy/ptII/ptolemy/actor/lib/test/auto/Commutator2.xml (RunModel)" time="0.01" />
  <testcase classname="ptolemy.util.test.junit.AutoTests" name="[72] /home/travis/build/icyphy/ptII/ptolemy/actor/lib/test/auto/Commutator3.xml (RunModel)" time="0.01" />
  <testcase classname="ptolemy.util.test.junit.AutoTests" name="[73] /home/travis/build/icyphy/ptII/ptolemy/actor/lib/test/auto/Compare.xml (RunModel)" time="0.018" />
  <testcase classname="ptolemy.util.test.junit.AutoTests" name="[74] /home/travis/build/icyphy/ptII/ptolemy/actor/lib/test/auto/CompareDE.xml (RunModel)" time="0.018" />
  <testcase classname="ptolemy.util.test.junit.AutoTests" name="[75] /home/travis/build/icyphy/ptII/ptolemy/actor/lib/test/auto/ComplexDivide.xml (RunModel)" time="0.01" />
  <testcase classname="ptolemy.util.test.junit.AutoTests" name="[76] /home/travis/build/icyphy/ptII/ptolemy/actor/lib/test/auto/ComputeHistogram.xml (RunModel)" time="0.051" />
  <testcase classname="ptolemy.util.test.junit.AutoTests" name="[77] /home/travis/build/icyphy/ptII/ptolemy/actor/lib/test/auto/ConfigurationSelect.xml (RunModel)" time="0.017" />
  <testcase classname="ptolemy.util.test.junit.AutoTests" name="[78] /home/travis/build/icyphy/ptII/ptolemy/actor/lib/test/auto/ConfigurationSelect2.xml (RunModel)" time="0.018" />
  <testcase classname="ptolemy.util.test.junit.AutoTests" name="[79] /home/travis/build/icyphy/ptII/ptolemy/actor/lib/test/auto/ConfigurationSwitch.xml (RunModel)" time="0.024" />
  <testcase classname="ptolemy.util.test.junit.AutoTests" name="[80] /home/travis/build/icyphy/ptII/ptolemy/actor/lib/test/auto/ConfigurationSwitch2.xml (RunModel)" time="0.023" />
  <testcase classname="ptolemy.util.test.junit.AutoTests" name="[81] /home/travis/build/icyphy/ptII/ptolemy/actor/lib/test/auto/ConfigurationSwitchCloningBugWithClassRelationGroup.xml (RunModel)" time="0.017" />
  <testcase classname="ptolemy.util.test.junit.AutoTests" name="[82] /home/travis/build/icyphy/ptII/ptolemy/actor/lib/test/auto/ConfigurationSwitchSelectSDF.xml (RunModel)" time="0.013" />
  <testcase classname="ptolemy.util.test.junit.AutoTests" name="[83] /home/travis/build/icyphy/ptII/ptolemy/actor/lib/test/auto/ConfigurationSwitchSelectSDF2.xml (RunModel)" time="0.02" />
  <testcase classname="ptolemy.util.test.junit.AutoTests" name="[84] /home/travis/build/icyphy/ptII/ptolemy/actor/lib/test/auto/Const.xml (RunModel)" time="0.007" />
  <testcase classname="ptolemy.util.test.junit.AutoTests" name="[85] /home/travis/build/icyphy/ptII/ptolemy/actor/lib/test/auto/Const2.xml (RunModel)" time="0.009" />
  <testcase classname="ptolemy.util.test.junit.AutoTests" name="[86] /home/travis/build/icyphy/ptII/ptolemy/actor/lib/test/auto/Const3.xml (RunModel)" time="0.005" />
  <testcase classname="ptolemy.util.test.junit.AutoTests" name="[87] /home/travis/build/icyphy/ptII/ptolemy/actor/lib/test/auto/ConstantPublisherPort1.xml (RunModel)" time="0.022" />
  <testcase classname="ptolemy.util.test.junit.AutoTests" name="[88] /home/travis/build/icyphy/ptII/ptolemy/actor/lib/test/auto/ConstantPublisherPort2.xml (RunModel)" time="0.018" />
  <testcase classname="ptolemy.util.test.junit.AutoTests" name="[89] /home/travis/build/icyphy/ptII/ptolemy/actor/lib/test/auto/ConstantPublisherPort3.xml (RunModel)" time="0.021" />
  <testcase classname="ptolemy.util.test.junit.AutoTests" name="[90] /home/travis/build/icyphy/ptII/ptolemy/actor/lib/test/auto/ConstantPublisherPort4.xml (RunModel)" time="0.029" />
  <testcase classname="ptolemy.util.test.junit.AutoTests" name="[91] /home/travis/build/icyphy/ptII/ptolemy/actor/lib/test/auto/ConstantPublisherPort5.xml (RunModel)" time="0.04" />
  <testcase classname="ptolemy.util.test.junit.AutoTests" name="[92] /home/travis/build/icyphy/ptII/ptolemy/actor/lib/test/auto/ConstantPublisherPort6.xml (RunModel)" time="0.035" />
  <testcase classname="ptolemy.util.test.junit.AutoTests" name="[93] /home/travis/build/icyphy/ptII/ptolemy/actor/lib/test/auto/ConstantPublisherPort7.xml (RunModel)" time="0.039" />
  <testcase classname="ptolemy.util.test.junit.AutoTests" name="[94] /home/travis/build/icyphy/ptII/ptolemy/actor/lib/test/auto/ConstraintMonitor1.xml (RunModel)" time="0.033" />
  <testcase classname="ptolemy.util.test.junit.AutoTests" name="[95] /home/travis/build/icyphy/ptII/ptolemy/actor/lib/test/auto/ConstraintMonitor2.xml (RunModel)" time="0.013" />
  <testcase classname="ptolemy.util.test.junit.AutoTests" name="[96] /home/travis/build/icyphy/ptII/ptolemy/actor/lib/test/auto/ConstraintMonitor3.xml (RunModel)" time="0.017" />
  <testcase classname="ptolemy.util.test.junit.AutoTests" name="[97] /home/travis/build/icyphy/ptII/ptolemy/actor/lib/test/auto/ConstraintMonitor4.xml (RunModel)" time="0.012" />
  <testcase classname="ptolemy.util.test.junit.AutoTests" name="[98] /home/travis/build/icyphy/ptII/ptolemy/actor/lib/test/auto/ConstraintMonitor5.xml (RunModel)" time="0.012" />
  <testcase classname="ptolemy.util.test.junit.AutoTests" name="[99] /home/travis/build/icyphy/ptII/ptolemy/actor/lib/test/auto/ConstraintMonitor6.xml (RunModel)" time="0.026" />
  <testcase classname="ptolemy.util.test.junit.AutoTests" name="[100] /home/travis/build/icyphy/ptII/ptolemy/actor/lib/test/auto/ConstraintMonitor7.xml (RunModel)" time="0.017" />
  <testcase classname="ptolemy.util.test.junit.AutoTests" name="[101] /home/travis/build/icyphy/ptII/ptolemy/actor/lib/test/auto/ConstraintMonitor8.xml (RunModel)" time="0.02" />
  <testcase classname="ptolemy.util.test.junit.AutoTests" name="[102] /home/travis/build/icyphy/ptII/ptolemy/actor/lib/test/auto/Counter.xml (RunModel)" time="0.015" />
  <testcase classname="ptolemy.util.test.junit.AutoTests" name="[103] /home/travis/build/icyphy/ptII/ptolemy/actor/lib/test/auto/CurrentTimeSDF.xml (RunModel)" time="0.009" />
  <testcase classname="ptolemy.util.test.junit.AutoTests" name="[104] /home/travis/build/icyphy/ptII/ptolemy/actor/lib/test/auto/DB.xml (RunModel)" time="0.013" />
  <testcase classname="ptolemy.util.test.junit.AutoTests" name="[105] /home/travis/build/icyphy/ptII/ptolemy/actor/lib/test/auto/DBDE.xml (RunModel)" time="0.015" />
  <testcase classname="ptolemy.util.test.junit.AutoTests" name="[106] /home/travis/build/icyphy/ptII/ptolemy/actor/lib/test/auto/DateConstructor.xml (RunModel)" time="0.072" />
  <testcase classname="ptolemy.util.test.junit.AutoTests" name="[107] /home/travis/build/icyphy/ptII/ptolemy/actor/lib/test/auto/DelayTime.xml (RunModel)" time="0.016" />
  <testcase classname="ptolemy.util.test.junit.AutoTests" name="[108] /home/travis/build/icyphy/ptII/ptolemy/actor/lib/test/auto/Dictionary1.xml (RunModel)" time="0.016" />
  <testcase classname="ptolemy.util.test.junit.AutoTests" name="[109] /home/travis/build/icyphy/ptII/ptolemy/actor/lib/test/auto/Dictionary2.xml (RunModel)" time="0.021" />
  <testcase classname="ptolemy.util.test.junit.AutoTests" name="[110] /home/travis/build/icyphy/ptII/ptolemy/actor/lib/test/auto/Dictionary3.xml (RunModel)" time="0.013" />
  <testcase classname="ptolemy.util.test.junit.AutoTests" name="[111] /home/travis/build/icyphy/ptII/ptolemy/actor/lib/test/auto/Dictionary4.xml (RunModel)" time="0.018" />
  <testcase classname="ptolemy.util.test.junit.AutoTests" name="[112] /home/travis/build/icyphy/ptII/ptolemy/actor/lib/test/auto/Differential.xml (RunModel)" time="0.011" />
  <testcase classname="ptolemy.util.test.junit.AutoTests" name="[113] /home/travis/build/icyphy/ptII/ptolemy/actor/lib/test/auto/Director.xml (RunModel)" time="0.048" />
  <testcase classname="ptolemy.util.test.junit.AutoTests" name="[114] /home/travis/build/icyphy/ptII/ptolemy/actor/lib/test/auto/DiscreteClock.xml (RunModel)" time="0.013" />
  <testcase classname="ptolemy.util.test.junit.AutoTests" name="[115] /home/travis/build/icyphy/ptII/ptolemy/actor/lib/test/auto/DiscreteClock10.xml (RunModel)" time="0.013" />
  <testcase classname="ptolemy.util.test.junit.AutoTests" name="[116] /home/travis/build/icyphy/ptII/ptolemy/actor/lib/test/auto/DiscreteClock11.xml (RunModel)" time="0.011" />
  <testcase classname="ptolemy.util.test.junit.AutoTests" name="[117] /home/travis/build/icyphy/ptII/ptolemy/actor/lib/test/auto/DiscreteClock12.xml (RunModel)" time="0.012" />
  <testcase classname="ptolemy.util.test.junit.AutoTests" name="[118] /home/travis/build/icyphy/ptII/ptolemy/actor/lib/test/auto/DiscreteClock13.xml (RunModel)" time="0.014" />
  <testcase classname="ptolemy.util.test.junit.AutoTests" name="[119] /home/travis/build/icyphy/ptII/ptolemy/actor/lib/test/auto/DiscreteClock14.xml (RunModel)" time="0.015" />
  <testcase classname="ptolemy.util.test.junit.AutoTests" name="[120] /home/travis/build/icyphy/ptII/ptolemy/actor/lib/test/auto/DiscreteClock15.xml (RunModel)" time="0.015" />
  <testcase classname="ptolemy.util.test.junit.AutoTests" name="[121] /home/travis/build/icyphy/ptII/ptolemy/actor/lib/test/auto/DiscreteClock16.xml (RunModel)" time="0.041" />
  <testcase classname="ptolemy.util.test.junit.AutoTests" name="[122] /home/travis/build/icyphy/ptII/ptolemy/actor/lib/test/auto/DiscreteClock17.xml (RunModel)" time="0.038" />
  <testcase classname="ptolemy.util.test.junit.AutoTests" name="[123] /home/travis/build/icyphy/ptII/ptolemy/actor/lib/test/auto/DiscreteClock18.xml (RunModel)" time="0.04" />
  <testcase classname="ptolemy.util.test.junit.AutoTests" name="[124] /home/travis/build/icyphy/ptII/ptolemy/actor/lib/test/auto/DiscreteClock19.xml (RunModel)" time="0.039" />
  <testcase classname="ptolemy.util.test.junit.AutoTests" name="[125] /home/travis/build/icyphy/ptII/ptolemy/actor/lib/test/auto/DiscreteClock2.xml (RunModel)" time="0.01" />
  <testcase classname="ptolemy.util.test.junit.AutoTests" name="[126] /home/travis/build/icyphy/ptII/ptolemy/actor/lib/test/auto/DiscreteClock20.xml (RunModel)" time="0.018" />
  <testcase classname="ptolemy.util.test.junit.AutoTests" name="[127] /home/travis/build/icyphy/ptII/ptolemy/actor/lib/test/auto/DiscreteClock21.xml (RunModel)" time="0.016" />
  <testcase classname="ptolemy.util.test.junit.AutoTests" name="[128] /home/travis/build/icyphy/ptII/ptolemy/actor/lib/test/auto/DiscreteClock22.xml (RunModel)" time="0.014" />
  <testcase classname="ptolemy.util.test.junit.AutoTests" name="[129] /home/travis/build/icyphy/ptII/ptolemy/actor/lib/test/auto/DiscreteClock23.xml (RunModel)" time="0.019" />
  <testcase classname="ptolemy.util.test.junit.AutoTests" name="[130] /home/travis/build/icyphy/ptII/ptolemy/actor/lib/test/auto/DiscreteClock24.xml (RunModel)" time="0.012" />
  <testcase classname="ptolemy.util.test.junit.AutoTests" name="[131] /home/travis/build/icyphy/ptII/ptolemy/actor/lib/test/auto/DiscreteClock4.xml (RunModel)" time="0.01" />
  <testcase classname="ptolemy.util.test.junit.AutoTests" name="[132] /home/travis/build/icyphy/ptII/ptolemy/actor/lib/test/auto/DiscreteClock5.xml (RunModel)" time="0.011" />
  <testcase classname="ptolemy.util.test.junit.AutoTests" name="[133] /home/travis/build/icyphy/ptII/ptolemy/actor/lib/test/auto/DiscreteClock6.xml (RunModel)" time="0.007" />
  <testcase classname="ptolemy.util.test.junit.AutoTests" name="[134] /home/travis/build/icyphy/ptII/ptolemy/actor/lib/test/auto/DiscreteClock7.xml (RunModel)" time="0.01" />
  <testcase classname="ptolemy.util.test.junit.AutoTests" name="[135] /home/travis/build/icyphy/ptII/ptolemy/actor/lib/test/auto/DiscreteClock8.xml (RunModel)" time="0.023" />
  <testcase classname="ptolemy.util.test.junit.AutoTests" name="[136] /home/travis/build/icyphy/ptII/ptolemy/actor/lib/test/auto/DiscreteClock9.xml (RunModel)" time="0.013" />
  <testcase classname="ptolemy.util.test.junit.AutoTests" name="[137] /home/travis/build/icyphy/ptII/ptolemy/actor/lib/test/auto/DisplayArray.xml (RunModel)" time="0.008" />
  <testcase classname="ptolemy.util.test.junit.AutoTests" name="[138] /home/travis/build/icyphy/ptII/ptolemy/actor/lib/test/auto/Distributor.xml (RunModel)" time="0.008" />
  <testcase classname="ptolemy.util.test.junit.AutoTests" name="[139] /home/travis/build/icyphy/ptII/ptolemy/actor/lib/test/auto/Distributor2.xml (RunModel)" time="0.009" />
  <testcase classname="ptolemy.util.test.junit.AutoTests" name="[140] /home/travis/build/icyphy/ptII/ptolemy/actor/lib/test/auto/DownSample.xml (RunModel)" time="0.022" />
  <testcase classname="ptolemy.util.test.junit.AutoTests" name="[141] /home/travis/build/icyphy/ptII/ptolemy/actor/lib/test/auto/ElectronicUnitBase1.xml (RunModel)" time="0.064" />
  <testcase classname="ptolemy.util.test.junit.AutoTests" name="[142] /home/travis/build/icyphy/ptII/ptolemy/actor/lib/test/auto/ElementsToArray.xml (RunModel)" time="0.01" />
  <testcase classname="ptolemy.util.test.junit.AutoTests" name="[143] /home/travis/build/icyphy/ptII/ptolemy/actor/lib/test/auto/Equals.xml (RunModel)" time="0.012" />
  <testcase classname="ptolemy.util.test.junit.AutoTests" name="[144] /home/travis/build/icyphy/ptII/ptolemy/actor/lib/test/auto/Exec.xml (RunModel)" time="0.034" />
  <testcase classname="ptolemy.util.test.junit.AutoTests" name="[145] /home/travis/build/icyphy/ptII/ptolemy/actor/lib/test/auto/ExecEnvironment.xml (RunModel)" time="0.049" />
  <testcase classname="ptolemy.util.test.junit.AutoTests" name="[146] /home/travis/build/icyphy/ptII/ptolemy/actor/lib/test/auto/ExecNonZeroReturnOutput.xml (RunModel)" time="0.186" />
  <testcase classname="ptolemy.util.test.junit.AutoTests" name="[147] /home/travis/build/icyphy/ptII/ptolemy/actor/lib/test/auto/ExecRunDemos.xml (RunModel)" time="10.529" />
  <testcase classname="ptolemy.util.test.junit.AutoTests" name="[148] /home/travis/build/icyphy/ptII/ptolemy/actor/lib/test/auto/ExecStop.xml (RunModel)" time="5.028" />
  <testcase classname="ptolemy.util.test.junit.AutoTests" name="[149] /home/travis/build/icyphy/ptII/ptolemy/actor/lib/test/auto/ExecutionTimeSDF.xml (RunModel)" time="6.029" />
  <testcase classname="ptolemy.util.test.junit.AutoTests" name="[150] /home/travis/build/icyphy/ptII/ptolemy/actor/lib/test/auto/Expression1.xml (RunModel)" time="0.019" />
  <testcase classname="ptolemy.util.test.junit.AutoTests" name="[151] /home/travis/build/icyphy/ptII/ptolemy/actor/lib/test/auto/Expression10.xml (RunModel)" time="0.013" />
  <testcase classname="ptolemy.util.test.junit.AutoTests" name="[152] /home/travis/build/icyphy/ptII/ptolemy/actor/lib/test/auto/Expression11.xml (RunModel)" time="0.01" />
  <testcase classname="ptolemy.util.test.junit.AutoTests" name="[153] /home/travis/build/icyphy/ptII/ptolemy/actor/lib/test/auto/Expression12.xml (RunModel)" time="0.011" />
  <testcase classname="ptolemy.util.test.junit.AutoTests" name="[154] /home/travis/build/icyphy/ptII/ptolemy/actor/lib/test/auto/Expression13.xml (RunModel)" time="0.01" />
  <testcase classname="ptolemy.util.test.junit.AutoTests" name="[155] /home/travis/build/icyphy/ptII/ptolemy/actor/lib/test/auto/Expression14.xml (RunModel)" time="0.014" />
  <testcase classname="ptolemy.util.test.junit.AutoTests" name="[156] /home/travis/build/icyphy/ptII/ptolemy/actor/lib/test/auto/Expression15.xml (RunModel)" time="0.007" />
  <testcase classname="ptolemy.util.test.junit.AutoTests" name="[157] /home/travis/build/icyphy/ptII/ptolemy/actor/lib/test/auto/Expression16.xml (RunModel)" time="0.011" />
  <testcase classname="ptolemy.util.test.junit.AutoTests" name="[158] /home/travis/build/icyphy/ptII/ptolemy/actor/lib/test/auto/Expression17.xml (RunModel)" time="0.01" />
  <testcase classname="ptolemy.util.test.junit.AutoTests" name="[159] /home/travis/build/icyphy/ptII/ptolemy/actor/lib/test/auto/Expression18.xml (RunModel)" time="0.012" />
  <testcase classname="ptolemy.util.test.junit.AutoTests" name="[160] /home/travis/build/icyphy/ptII/ptolemy/actor/lib/test/auto/Expression2.xml (RunModel)" time="0.014" />
  <testcase classname="ptolemy.util.test.junit.AutoTests" name="[161] /home/travis/build/icyphy/ptII/ptolemy/actor/lib/test/auto/Expression3.xml (RunModel)" time="0.012" />
  <testcase classname="ptolemy.util.test.junit.AutoTests" name="[162] /home/travis/build/icyphy/ptII/ptolemy/actor/lib/test/auto/Expression4.xml (RunModel)" time="0.017" />
  <testcase classname="ptolemy.util.test.junit.AutoTests" name="[163] /home/travis/build/icyphy/ptII/ptolemy/actor/lib/test/auto/Expression5.xml (RunModel)" time="0.01" />
  <testcase classname="ptolemy.util.test.junit.AutoTests" name="[164] /home/travis/build/icyphy/ptII/ptolemy/actor/lib/test/auto/Expression6.xml (RunModel)" time="0.01" />
  <testcase classname="ptolemy.util.test.junit.AutoTests" name="[165] /home/travis/build/icyphy/ptII/ptolemy/actor/lib/test/auto/Expression7.xml (RunModel)" time="0.011" />
  <testcase classname="ptolemy.util.test.junit.AutoTests" name="[166] /home/travis/build/icyphy/ptII/ptolemy/actor/lib/test/auto/Expression8.xml (RunModel)" time="0.015" />
  <testcase classname="ptolemy.util.test.junit.AutoTests" name="[167] /home/travis/build/icyphy/ptII/ptolemy/actor/lib/test/auto/Expression9.xml (RunModel)" time="0.007" />
  <testcase classname="ptolemy.util.test.junit.AutoTests" name="[168] /home/travis/build/icyphy/ptII/ptolemy/actor/lib/test/auto/ExpressionConcatenateArrayType.xml (RunModel)" time="0.026" />
  <testcase classname="ptolemy.util.test.junit.AutoTests" name="[169] /home/travis/build/icyphy/ptII/ptolemy/actor/lib/test/auto/ExpressionConcatenateArrayType2.xml (RunModel)" time="0.019" />
  <testcase classname="ptolemy.util.test.junit.AutoTests" name="[170] /home/travis/build/icyphy/ptII/ptolemy/actor/lib/test/auto/ExpressionFix.xml (RunModel)" time="0.038" />
  <testcase classname="ptolemy.util.test.junit.AutoTests" name="[171] /home/travis/build/icyphy/ptII/ptolemy/actor/lib/test/auto/ExpressionFix2.xml (RunModel)" time="0.014" />
  <testcase classname="ptolemy.util.test.junit.AutoTests" name="[172] /home/travis/build/icyphy/ptII/ptolemy/actor/lib/test/auto/ExpressionFix3.xml (RunModel)" time="0.009" />
  <testcase classname="ptolemy.util.test.junit.AutoTests" name="[173] /home/travis/build/icyphy/ptII/ptolemy/actor/lib/test/auto/FileWriter1.xml (RunModel)" time="0.007" />
  <testcase classname="ptolemy.util.test.junit.AutoTests" name="[174] /home/travis/build/icyphy/ptII/ptolemy/actor/lib/test/auto/FileWriter2.xml (RunModel)" time="0.008" />
  <testcase classname="ptolemy.util.test.junit.AutoTests" name="[175] /home/travis/build/icyphy/ptII/ptolemy/actor/lib/test/auto/FileWriter3.xml (RunModel)" time="0.016" />
  <testcase classname="ptolemy.util.test.junit.AutoTests" name="[176] /home/travis/build/icyphy/ptII/ptolemy/actor/lib/test/auto/Gaussian.xml (RunModel)" time="0.01" />
  <testcase classname="ptolemy.util.test.junit.AutoTests" name="[177] /home/travis/build/icyphy/ptII/ptolemy/actor/lib/test/auto/Gaussian1.xml (RunModel)" time="0.013" />
  <testcase classname="ptolemy.util.test.junit.AutoTests" name="[178] /home/travis/build/icyphy/ptII/ptolemy/actor/lib/test/auto/Gaussian2.xml (RunModel)" time="0.023" />
  <testcase classname="ptolemy.util.test.junit.AutoTests" name="[179] /home/travis/build/icyphy/ptII/ptolemy/actor/lib/test/auto/GradientAdaptiveLattice.xml (RunModel)" time="0.02" />
  <testcase classname="ptolemy.util.test.junit.AutoTests" name="[180] /home/travis/build/icyphy/ptII/ptolemy/actor/lib/test/auto/IIR.xml (RunModel)" time="0.009" />
  <testcase classname="ptolemy.util.test.junit.AutoTests" name="[181] /home/travis/build/icyphy/ptII/ptolemy/actor/lib/test/auto/InputOutputTransparentPorts.xml (RunModel)" time="0.017" />
  <testcase classname="ptolemy.util.test.junit.AutoTests" name="[182] /home/travis/build/icyphy/ptII/ptolemy/actor/lib/test/auto/Interpolator.xml (RunModel)" time="0.009" />
  <testcase classname="ptolemy.util.test.junit.AutoTests" name="[183] /home/travis/build/icyphy/ptII/ptolemy/actor/lib/test/auto/InterpolatorFiringLimitDE.xml (RunModel)" time="0.011" />
  <testcase classname="ptolemy.util.test.junit.AutoTests" name="[184] /home/travis/build/icyphy/ptII/ptolemy/actor/lib/test/auto/Lattice.xml (RunModel)" time="0.008" />
  <testcase classname="ptolemy.util.test.junit.AutoTests" name="[185] /home/travis/build/icyphy/ptII/ptolemy/actor/lib/test/auto/LazyAOCTestLazy.xml (RunModel)" time="0.027" />
  <testcase classname="ptolemy.util.test.junit.AutoTests" name="[186] /home/travis/build/icyphy/ptII/ptolemy/actor/lib/test/auto/LazyAOCTestNonLazy.xml (RunModel)" time="0.014" />
  <testcase classname="ptolemy.util.test.junit.AutoTests" name="[187] /home/travis/build/icyphy/ptII/ptolemy/actor/lib/test/auto/LazyInnerClass.xml (RunModel)" time="0.041" />
  <testcase classname="ptolemy.util.test.junit.AutoTests" name="[188] /home/travis/build/icyphy/ptII/ptolemy/actor/lib/test/auto/LazyPubSub.xml (RunModel)" time="0.055" />
  <testcase classname="ptolemy.util.test.junit.AutoTests" name="[189] /home/travis/build/icyphy/ptII/ptolemy/actor/lib/test/auto/LazyPubSub2.xml (RunModel)" time="0.058" />
  <testcase classname="ptolemy.util.test.junit.AutoTests" name="[190] /home/travis/build/icyphy/ptII/ptolemy/actor/lib/test/auto/LazyPubSub3.xml (RunModel)" time="0.047" />
  <testcase classname="ptolemy.util.test.junit.AutoTests" name="[191] /home/travis/build/icyphy/ptII/ptolemy/actor/lib/test/auto/LazySubClassModel.xml (RunModel)" time="0.061" />
  <testcase classname="ptolemy.util.test.junit.AutoTests" name="[192] /home/travis/build/icyphy/ptII/ptolemy/actor/lib/test/auto/LevelCrossTest1.xml (RunModel)" time="0.014" />
  <testcase classname="ptolemy.util.test.junit.AutoTests" name="[193] /home/travis/build/icyphy/ptII/ptolemy/actor/lib/test/auto/LevelCrossTest10.xml (RunModel)" time="0.019" />
  <testcase classname="ptolemy.util.test.junit.AutoTests" name="[194] /home/travis/build/icyphy/ptII/ptolemy/actor/lib/test/auto/LevelCrossTest11.xml (RunModel)" time="0.013" />
  <testcase classname="ptolemy.util.test.junit.AutoTests" name="[195] /home/travis/build/icyphy/ptII/ptolemy/actor/lib/test/auto/LevelCrossTest12.xml (RunModel)" time="0.016" />
  <testcase classname="ptolemy.util.test.junit.AutoTests" name="[196] /home/travis/build/icyphy/ptII/ptolemy/actor/lib/test/auto/LevelCrossTest13.xml (RunModel)" time="0.013" />
  <testcase classname="ptolemy.util.test.junit.AutoTests" name="[197] /home/travis/build/icyphy/ptII/ptolemy/actor/lib/test/auto/LevelCrossTest2.xml (RunModel)" time="0.008" />
  <testcase classname="ptolemy.util.test.junit.AutoTests" name="[198] /home/travis/build/icyphy/ptII/ptolemy/actor/lib/test/auto/LevelCrossTest3.xml (RunModel)" time="0.01" />
  <testcase classname="ptolemy.util.test.junit.AutoTests" name="[199] /home/travis/build/icyphy/ptII/ptolemy/actor/lib/test/auto/LevelCrossTest4.xml (RunModel)" time="0.01" />
  <testcase classname="ptolemy.util.test.junit.AutoTests" name="[200] /home/travis/build/icyphy/ptII/ptolemy/actor/lib/test/auto/LevelCrossTest5.xml (RunModel)" time="0.012" />
  <testcase classname="ptolemy.util.test.junit.AutoTests" name="[201] /home/travis/build/icyphy/ptII/ptolemy/actor/lib/test/auto/LevelCrossTest6.xml (RunModel)" time="0.016" />
  <testcase classname="ptolemy.util.test.junit.AutoTests" name="[202] /home/travis/build/icyphy/ptII/ptolemy/actor/lib/test/auto/LevelCrossTest7.xml (RunModel)" time="0.014" />
  <testcase classname="ptolemy.util.test.junit.AutoTests" name="[203] /home/travis/build/icyphy/ptII/ptolemy/actor/lib/test/auto/LevelCrossTest8.xml (RunModel)" time="0.012" />
  <testcase classname="ptolemy.util.test.junit.AutoTests" name="[204] /home/travis/build/icyphy/ptII/ptolemy/actor/lib/test/auto/LevelCrossTest9.xml (RunModel)" time="0.011" />
  <testcase classname="ptolemy.util.test.junit.AutoTests" name="[205] /home/travis/build/icyphy/ptII/ptolemy/actor/lib/test/auto/LevinsonDurbin.xml (RunModel)" time="0.008" />
  <testcase classname="ptolemy.util.test.junit.AutoTests" name="[206] /home/travis/build/icyphy/ptII/ptolemy/actor/lib/test/auto/LevinsonDurbin2.xml (RunModel)" time="0.009" />
  <testcase classname="ptolemy.util.test.junit.AutoTests" name="[207] /home/travis/build/icyphy/ptII/ptolemy/actor/lib/test/auto/LevinsonDurbin3.xml (RunModel)" time="0.008" />
  <testcase classname="ptolemy.util.test.junit.AutoTests" name="[208] /home/travis/build/icyphy/ptII/ptolemy/actor/lib/test/auto/Limiter.xml (RunModel)" time="0.027" />
  <testcase classname="ptolemy.util.test.junit.AutoTests" name="[209] /home/travis/build/icyphy/ptII/ptolemy/actor/lib/test/auto/LinearDifferenceEquationSystem.xml (RunModel)" time="0.025" />
  <testcase classname="ptolemy.util.test.junit.AutoTests" name="[210] /home/travis/build/icyphy/ptII/ptolemy/actor/lib/test/auto/LookupTable.xml (RunModel)" time="0.021" />
  <testcase classname="ptolemy.util.test.junit.AutoTests" name="[211] /home/travis/build/icyphy/ptII/ptolemy/actor/lib/test/auto/MathFunction.xml (RunModel)" time="0.019" />
  <testcase classname="ptolemy.util.test.junit.AutoTests" name="[212] /home/travis/build/icyphy/ptII/ptolemy/actor/lib/test/auto/MathFunction2.xml (RunModel)" time="0.011" />
  <testcase classname="ptolemy.util.test.junit.AutoTests" name="[213] /home/travis/build/icyphy/ptII/ptolemy/actor/lib/test/auto/MathFunction3.xml (RunModel)" time="0.016" />
  <testcase classname="ptolemy.util.test.junit.AutoTests" name="[214] /home/travis/build/icyphy/ptII/ptolemy/actor/lib/test/auto/MatrixCropBoolean.xml (RunModel)" time="0.013" />
  <testcase classname="ptolemy.util.test.junit.AutoTests" name="[215] /home/travis/build/icyphy/ptII/ptolemy/actor/lib/test/auto/MatrixCropComplex.xml (RunModel)" time="0.013" />
  <testcase classname="ptolemy.util.test.junit.AutoTests" name="[216] /home/travis/build/icyphy/ptII/ptolemy/actor/lib/test/auto/MatrixCropDouble.xml (RunModel)" time="0.018" />
  <testcase classname="ptolemy.util.test.junit.AutoTests" name="[217] /home/travis/build/icyphy/ptII/ptolemy/actor/lib/test/auto/MatrixCropFix.xml (RunModel)" time="0.013" />
  <testcase classname="ptolemy.util.test.junit.AutoTests" name="[218] /home/travis/build/icyphy/ptII/ptolemy/actor/lib/test/auto/MatrixCropInt.xml (RunModel)" time="0.009" />
  <testcase classname="ptolemy.util.test.junit.AutoTests" name="[219] /home/travis/build/icyphy/ptII/ptolemy/actor/lib/test/auto/MatrixCropLong.xml (RunModel)" time="0.01" />
  <testcase classname="ptolemy.util.test.junit.AutoTests" name="[220] /home/travis/build/icyphy/ptII/ptolemy/actor/lib/test/auto/MatrixToArray.xml (RunModel)" time="0.049" />
  <testcase classname="ptolemy.util.test.junit.AutoTests" name="[221] /home/travis/build/icyphy/ptII/ptolemy/actor/lib/test/auto/MaxIndex.xml (RunModel)" time="0.014" />
  <testcase classname="ptolemy.util.test.junit.AutoTests" name="[222] /home/travis/build/icyphy/ptII/ptolemy/actor/lib/test/auto/Maximum.xml (RunModel)" time="0.016" />
  <testcase classname="ptolemy.util.test.junit.AutoTests" name="[223] /home/travis/build/icyphy/ptII/ptolemy/actor/lib/test/auto/MaximumComplex.xml (RunModel)" time="0.013" />
  <testcase classname="ptolemy.util.test.junit.AutoTests" name="[224] /home/travis/build/icyphy/ptII/ptolemy/actor/lib/test/auto/MethodCallTest.xml (RunModel)" time="0.023" />
  <testcase classname="ptolemy.util.test.junit.AutoTests" name="[225] /home/travis/build/icyphy/ptII/ptolemy/actor/lib/test/auto/Minimum.xml (RunModel)" time="0.012" />
  <testcase classname="ptolemy.util.test.junit.AutoTests" name="[226] /home/travis/build/icyphy/ptII/ptolemy/actor/lib/test/auto/MinimumComplex.xml (RunModel)" time="0.023" />
  <testcase classname="ptolemy.util.test.junit.AutoTests" name="[227] /home/travis/build/icyphy/ptII/ptolemy/actor/lib/test/auto/MinimumMultiports.xml (RunModel)" time="0.014" />
  <testcase classname="ptolemy.util.test.junit.AutoTests" name="[228] /home/travis/build/icyphy/ptII/ptolemy/actor/lib/test/auto/ModifyDate.xml (RunModel)" time="0.037" />
  <testcase classname="ptolemy.util.test.junit.AutoTests" name="[229] /home/travis/build/icyphy/ptII/ptolemy/actor/lib/test/auto/ModifyDate2.xml (RunModel)" time="0.033" />
  <testcase classname="ptolemy.util.test.junit.AutoTests" name="[230] /home/travis/build/icyphy/ptII/ptolemy/actor/lib/test/auto/MovingAverage.xml (RunModel)" time="0.01" />
  <testcase classname="ptolemy.util.test.junit.AutoTests" name="[231] /home/travis/build/icyphy/ptII/ptolemy/actor/lib/test/auto/MovingMaximum.xml (RunModel)" time="0.01" />
  <testcase classname="ptolemy.util.test.junit.AutoTests" name="[232] /home/travis/build/icyphy/ptII/ptolemy/actor/lib/test/auto/MultipleLinksToSameRelation.xml (RunModel)" time="0.006" />
  <testcase classname="ptolemy.util.test.junit.AutoTests" name="[233] /home/travis/build/icyphy/ptII/ptolemy/actor/lib/test/auto/MultipleLinksToSameRelationDE.xml (RunModel)" time="0.018" />
  <testcase classname="ptolemy.util.test.junit.AutoTests" name="[234] /home/travis/build/icyphy/ptII/ptolemy/actor/lib/test/auto/Multiplexor.xml (RunModel)" time="0.01" />
  <testcase classname="ptolemy.util.test.junit.AutoTests" name="[235] /home/travis/build/icyphy/ptII/ptolemy/actor/lib/test/auto/Multiplexor1.xml (RunModel)" time="0.01" />
  <testcase classname="ptolemy.util.test.junit.AutoTests" name="[236] /home/travis/build/icyphy/ptII/ptolemy/actor/lib/test/auto/Multiplexor2.xml (RunModel)" time="0.012" />
  <testcase classname="ptolemy.util.test.junit.AutoTests" name="[237] /home/travis/build/icyphy/ptII/ptolemy/actor/lib/test/auto/Multiplexor3.xml (RunModel)" time="0.008" />
  <testcase classname="ptolemy.util.test.junit.AutoTests" name="[238] /home/travis/build/icyphy/ptII/ptolemy/actor/lib/test/auto/MultiplexorDE.xml (RunModel)" time="0.014" />
  <testcase classname="ptolemy.util.test.junit.AutoTests" name="[239] /home/travis/build/icyphy/ptII/ptolemy/actor/lib/test/auto/MultiportBroadcastTest.xml (RunModel)" time="0.098" />
  <testcase classname="ptolemy.util.test.junit.AutoTests" name="[240] /home/travis/build/icyphy/ptII/ptolemy/actor/lib/test/auto/MultiportOutHangDuringGetWidth.xml (RunModel)" time="0.024" />
  <testcase classname="ptolemy.util.test.junit.AutoTests" name="[241] /home/travis/build/icyphy/ptII/ptolemy/actor/lib/test/auto/NilToken.xml (RunModel)" time="0.012" />
  <testcase classname="ptolemy.util.test.junit.AutoTests" name="[242] /home/travis/build/icyphy/ptII/ptolemy/actor/lib/test/auto/NilTokenNonStrictTest.xml (RunModel)" time="0.009" />
  <testcase classname="ptolemy.util.test.junit.AutoTests" name="[243] /home/travis/build/icyphy/ptII/ptolemy/actor/lib/test/auto/NilTokenRecord.xml (RunModel)" time="0.019" />
  <testcase classname="ptolemy.util.test.junit.AutoTests" name="[244] /home/travis/build/icyphy/ptII/ptolemy/actor/lib/test/auto/NilTokenTypeTest.xml (RunModel)" time="0.024" />
  <testcase classname="ptolemy.util.test.junit.AutoTests" name="[245] /home/travis/build/icyphy/ptII/ptolemy/actor/lib/test/auto/ObjectToken1.xml (RunModel)" time="0.007" />
  <testcase classname="ptolemy.util.test.junit.AutoTests" name="[246] /home/travis/build/icyphy/ptII/ptolemy/actor/lib/test/auto/OrderedMerge.xml (RunModel)" time="0.015" />
  <testcase classname="ptolemy.util.test.junit.AutoTests" name="[247] /home/travis/build/icyphy/ptII/ptolemy/actor/lib/test/auto/OrderedRecordDisassembler.xml (RunModel)" time="0.022" />
  <testcase classname="ptolemy.util.test.junit.AutoTests" name="[248] /home/travis/build/icyphy/ptII/ptolemy/actor/lib/test/auto/OrderedRecordDisassembler2.xml (RunModel)" time="0.021" />
  <testcase classname="ptolemy.util.test.junit.AutoTests" name="[249] /home/travis/build/icyphy/ptII/ptolemy/actor/lib/test/auto/OrderedRecordUpdater.xml (RunModel)" time="0.01" />
  <testcase classname="ptolemy.util.test.junit.AutoTests" name="[250] /home/travis/build/icyphy/ptII/ptolemy/actor/lib/test/auto/OrderedRecordUpdater2.xml (RunModel)" time="0.016" />
  <testcase classname="ptolemy.util.test.junit.AutoTests" name="[251] /home/travis/build/icyphy/ptII/ptolemy/actor/lib/test/auto/PhaseUnwrap.xml (RunModel)" time="0.011" />
  <testcase classname="ptolemy.util.test.junit.AutoTests" name="[252] /home/travis/build/icyphy/ptII/ptolemy/actor/lib/test/auto/PoissonClock.xml (RunModel)" time="0.01" />
  <testcase classname="ptolemy.util.test.junit.AutoTests" name="[253] /home/travis/build/icyphy/ptII/ptolemy/actor/lib/test/auto/PoissonClock2.xml (RunModel)" time="0.007" />
  <testcase classname="ptolemy.util.test.junit.AutoTests" name="[254] /home/travis/build/icyphy/ptII/ptolemy/actor/lib/test/auto/PoissonClock3.xml (RunModel)" time="0.021" />
  <testcase classname="ptolemy.util.test.junit.AutoTests" name="[255] /home/travis/build/icyphy/ptII/ptolemy/actor/lib/test/auto/PubSubWithInitialTokens.xml (RunModel)" time="0.014" />
  <testcase classname="ptolemy.util.test.junit.AutoTests" name="[256] /home/travis/build/icyphy/ptII/ptolemy/actor/lib/test/auto/PubSubWithInitialTokens2.xml (RunModel)" time="0.01" />
  <testcase classname="ptolemy.util.test.junit.AutoTests" name="[257] /home/travis/build/icyphy/ptII/ptolemy/actor/lib/test/auto/PublisherClassNoParameter.xml (RunModel)" time="0.021" />
  <testcase classname="ptolemy.util.test.junit.AutoTests" name="[258] /home/travis/build/icyphy/ptII/ptolemy/actor/lib/test/auto/PublisherClassParameter.xml (RunModel)" time="0.019" />
  <testcase classname="ptolemy.util.test.junit.AutoTests" name="[259] /home/travis/build/icyphy/ptII/ptolemy/actor/lib/test/auto/PublisherNonStrictTest.xml (RunModel)" time="0.014" />
  <testcase classname="ptolemy.util.test.junit.AutoTests" name="[260] /home/travis/build/icyphy/ptII/ptolemy/actor/lib/test/auto/PublisherPort1.xml (RunModel)" time="0.009" />
  <testcase classname="ptolemy.util.test.junit.AutoTests" name="[261] /home/travis/build/icyphy/ptII/ptolemy/actor/lib/test/auto/PublisherPort2.xml (RunModel)" time="0.008" />
  <testcase classname="ptolemy.util.test.junit.AutoTests" name="[262] /home/travis/build/icyphy/ptII/ptolemy/actor/lib/test/auto/PublisherPort3.xml (RunModel)" time="0.021" />
  <testcase classname="ptolemy.util.test.junit.AutoTests" name="[263] /home/travis/build/icyphy/ptII/ptolemy/actor/lib/test/auto/PublisherPort4.xml (RunModel)" time="0.014" />
  <testcase classname="ptolemy.util.test.junit.AutoTests" name="[264] /home/travis/build/icyphy/ptII/ptolemy/actor/lib/test/auto/PublisherPort5.xml (RunModel)" time="0.018" />
  <testcase classname="ptolemy.util.test.junit.AutoTests" name="[265] /home/travis/build/icyphy/ptII/ptolemy/actor/lib/test/auto/PublisherPort5LookAlike.xml (RunModel)" time="0.018" />
  <testcase classname="ptolemy.util.test.junit.AutoTests" name="[266] /home/travis/build/icyphy/ptII/ptolemy/actor/lib/test/auto/PublisherPort6.xml (RunModel)" time="0.011" />
  <testcase classname="ptolemy.util.test.junit.AutoTests" name="[267] /home/travis/build/icyphy/ptII/ptolemy/actor/lib/test/auto/PublisherPort7.xml (RunModel)" time="0.014" />
  <testcase classname="ptolemy.util.test.junit.AutoTests" name="[268] /home/travis/build/icyphy/ptII/ptolemy/actor/lib/test/auto/PublisherPort8.xml (RunModel)" time="0.016" />
  <testcase classname="ptolemy.util.test.junit.AutoTests" name="[269] /home/travis/build/icyphy/ptII/ptolemy/actor/lib/test/auto/PublisherPortSubscriberChannelVariablesAOC2.xml (RunModel)" time="0.028" />
  <testcase classname="ptolemy.util.test.junit.AutoTests" name="[270] /home/travis/build/icyphy/ptII/ptolemy/actor/lib/test/auto/PublisherPortSubscriberOpaqueWidthInference.xml (RunModel)" time="0.02" />
  <testcase classname="ptolemy.util.test.junit.AutoTests" name="[271] /home/travis/build/icyphy/ptII/ptolemy/actor/lib/test/auto/PublisherPortSubscriberPortAdjacent.xml (RunModel)" time="0.018" />
  <testcase classname="ptolemy.util.test.junit.AutoTests" name="[272] /home/travis/build/icyphy/ptII/ptolemy/actor/lib/test/auto/PublisherPortSubscriberPortExpression.xml (RunModel)" time="0.016" />
  <testcase classname="ptolemy.util.test.junit.AutoTests" name="[273] /home/travis/build/icyphy/ptII/ptolemy/actor/lib/test/auto/PublisherPortSubscriberPortOpaqueD3Reverse.xml (RunModel)" time="0.017" />
  <testcase classname="ptolemy.util.test.junit.AutoTests" name="[274] /home/travis/build/icyphy/ptII/ptolemy/actor/lib/test/auto/PublisherPortSubscriberPortOpaqueWidthInference.xml (RunModel)" time="0.014" />
  <testcase classname="ptolemy.util.test.junit.AutoTests" name="[275] /home/travis/build/icyphy/ptII/ptolemy/actor/lib/test/auto/PublisherPortToplevelSubscriberPortAOC.xml (RunModel)" time="0.009" />
  <testcase classname="ptolemy.util.test.junit.AutoTests" name="[276] /home/travis/build/icyphy/ptII/ptolemy/actor/lib/test/auto/PublisherSubscriber.xml (RunModel)" time="0.01" />
  <testcase classname="ptolemy.util.test.junit.AutoTests" name="[277] /home/travis/build/icyphy/ptII/ptolemy/actor/lib/test/auto/PublisherSubscriber10.xml (RunModel)" time="0.026" />
  <testcase classname="ptolemy.util.test.junit.AutoTests" name="[278] /home/travis/build/icyphy/ptII/ptolemy/actor/lib/test/auto/PublisherSubscriber10InitialOutputs.xml (RunModel)" time="0.026" />
  <testcase classname="ptolemy.util.test.junit.AutoTests" name="[279] /home/travis/build/icyphy/ptII/ptolemy/actor/lib/test/auto/PublisherSubscriber11.xml (RunModel)" time="0.02" />
  <testcase classname="ptolemy.util.test.junit.AutoTests" name="[280] /home/travis/build/icyphy/ptII/ptolemy/actor/lib/test/auto/PublisherSubscriber12.xml (RunModel)" time="0.01" />
  <testcase classname="ptolemy.util.test.junit.AutoTests" name="[281] /home/travis/build/icyphy/ptII/ptolemy/actor/lib/test/auto/PublisherSubscriber13.xml (RunModel)" time="0.008" />
  <testcase classname="ptolemy.util.test.junit.AutoTests" name="[282] /home/travis/build/icyphy/ptII/ptolemy/actor/lib/test/auto/PublisherSubscriber14.xml (RunModel)" time="0.017" />
  <testcase classname="ptolemy.util.test.junit.AutoTests" name="[283] /home/travis/build/icyphy/ptII/ptolemy/actor/lib/test/auto/PublisherSubscriber2.xml (RunModel)" time="0.009" />
  <testcase classname="ptolemy.util.test.junit.AutoTests" name="[284] /home/travis/build/icyphy/ptII/ptolemy/actor/lib/test/auto/PublisherSubscriber3.xml (RunModel)" time="0.009" />
  <testcase classname="ptolemy.util.test.junit.AutoTests" name="[285] /home/travis/build/icyphy/ptII/ptolemy/actor/lib/test/auto/PublisherSubscriber4.xml (RunModel)" time="0.007" />
  <testcase classname="ptolemy.util.test.junit.AutoTests" name="[286] /home/travis/build/icyphy/ptII/ptolemy/actor/lib/test/auto/PublisherSubscriber5.xml (RunModel)" time="0.011" />
  <testcase classname="ptolemy.util.test.junit.AutoTests" name="[287] /home/travis/build/icyphy/ptII/ptolemy/actor/lib/test/auto/PublisherSubscriber6.xml (RunModel)" time="0.018" />
  <testcase classname="ptolemy.util.test.junit.AutoTests" name="[288] /home/travis/build/icyphy/ptII/ptolemy/actor/lib/test/auto/PublisherSubscriber7.xml (RunModel)" time="0.016" />
  <testcase classname="ptolemy.util.test.junit.AutoTests" name="[289] /home/travis/build/icyphy/ptII/ptolemy/actor/lib/test/auto/PublisherSubscriber8.xml (RunModel)" time="0.028" />
  <testcase classname="ptolemy.util.test.junit.AutoTests" name="[290] /home/travis/build/icyphy/ptII/ptolemy/actor/lib/test/auto/PublisherSubscriber9.xml (RunModel)" time="0.016" />
  <testcase classname="ptolemy.util.test.junit.AutoTests" name="[291] /home/travis/build/icyphy/ptII/ptolemy/actor/lib/test/auto/PublisherSubscriberAdjacent.xml (RunModel)" time="0.014" />
  <testcase classname="ptolemy.util.test.junit.AutoTests" name="[292] /home/travis/build/icyphy/ptII/ptolemy/actor/lib/test/auto/PublisherSubscriberChannelVariablesAOC2.xml (RunModel)" time="0.024" />
  <testcase classname="ptolemy.util.test.junit.AutoTests" name="[293] /home/travis/build/icyphy/ptII/ptolemy/actor/lib/test/auto/PublisherSubscriberD3.xml (RunModel)" time="0.013" />
  <testcase classname="ptolemy.util.test.junit.AutoTests" name="[294] /home/travis/build/icyphy/ptII/ptolemy/actor/lib/test/auto/PublisherSubscriberD3Reverse.xml (RunModel)" time="0.009" />
  <testcase classname="ptolemy.util.test.junit.AutoTests" name="[295] /home/travis/build/icyphy/ptII/ptolemy/actor/lib/test/auto/PublisherSubscriberExpression.xml (RunModel)" time="0.016" />
  <testcase classname="ptolemy.util.test.junit.AutoTests" name="[296] /home/travis/build/icyphy/ptII/ptolemy/actor/lib/test/auto/PublisherSubscriberOpaque.xml (RunModel)" time="0.014" />
  <testcase classname="ptolemy.util.test.junit.AutoTests" name="[297] /home/travis/build/icyphy/ptII/ptolemy/actor/lib/test/auto/PublisherSubscriberOpaqueD3.xml (RunModel)" time="0.02" />
  <testcase classname="ptolemy.util.test.junit.AutoTests" name="[298] /home/travis/build/icyphy/ptII/ptolemy/actor/lib/test/auto/PublisherSubscriberOpaqueD3Reverse.xml (RunModel)" time="0.019" />
  <testcase classname="ptolemy.util.test.junit.AutoTests" name="[299] /home/travis/build/icyphy/ptII/ptolemy/actor/lib/test/auto/PublisherSubscriberOpaqueWidthInference.xml (RunModel)" time="0.015" />
  <testcase classname="ptolemy.util.test.junit.AutoTests" name="[300] /home/travis/build/icyphy/ptII/ptolemy/actor/lib/test/auto/PublisherTestSubscriber.xml (RunModel)" time="0.013" />
  <testcase classname="ptolemy.util.test.junit.AutoTests" name="[301] /home/travis/build/icyphy/ptII/ptolemy/actor/lib/test/auto/PublisherToplevelSubscriberPortAOC.xml (RunModel)" time="0.008" />
  <testcase classname="ptolemy.util.test.junit.AutoTests" name="[302] /home/travis/build/icyphy/ptII/ptolemy/actor/lib/test/auto/PulseFiringLimitDE.xml (RunModel)" time="0.014" />
  <testcase classname="ptolemy.util.test.junit.AutoTests" name="[303] /home/travis/build/icyphy/ptII/ptolemy/actor/lib/test/auto/Ramp1.xml (RunModel)" time="0.006" />
  <testcase classname="ptolemy.util.test.junit.AutoTests" name="[304] /home/travis/build/icyphy/ptII/ptolemy/actor/lib/test/auto/RampFiringLimitDE.xml (RunModel)" time="0.009" />
  <testcase classname="ptolemy.util.test.junit.AutoTests" name="[305] /home/travis/build/icyphy/ptII/ptolemy/actor/lib/test/auto/RampFiringLimitSDF.xml (RunModel)" time="0.009" />
  <testcase classname="ptolemy.util.test.junit.AutoTests" name="[306] /home/travis/build/icyphy/ptII/ptolemy/actor/lib/test/auto/RandomInteger.xml (RunModel)" time="0.007" />
  <testcase classname="ptolemy.util.test.junit.AutoTests" name="[307] /home/travis/build/icyphy/ptII/ptolemy/actor/lib/test/auto/ReadFile1.xml (RunModel)" time="0.006" />
  <testcase classname="ptolemy.util.test.junit.AutoTests" name="[308] /home/travis/build/icyphy/ptII/ptolemy/actor/lib/test/auto/ReadFile2.xml (RunModel)" time="0.009" />
  <testcase classname="ptolemy.util.test.junit.AutoTests" name="[309] /home/travis/build/icyphy/ptII/ptolemy/actor/lib/test/auto/Reader.xml (RunModel)" time="0.008" />
  <testcase classname="ptolemy.util.test.junit.AutoTests" name="[310] /home/travis/build/icyphy/ptII/ptolemy/actor/lib/test/auto/RecordAssemblerDisplayNameTest.xml (RunModel)" time="3.644" />
  <testcase classname="ptolemy.util.test.junit.AutoTests" name="[311] /home/travis/build/icyphy/ptII/ptolemy/actor/lib/test/auto/RecordAssemblerTypeError.xml (RunModel)" time="0.028" />
  <testcase classname="ptolemy.util.test.junit.AutoTests" name="[312] /home/travis/build/icyphy/ptII/ptolemy/actor/lib/test/auto/RecordDisassember.xml (RunModel)" time="0.019" />
  <testcase classname="ptolemy.util.test.junit.AutoTests" name="[313] /home/travis/build/icyphy/ptII/ptolemy/actor/lib/test/auto/RecordDisassemberDisplayNameTest.xml (RunModel)" time="0.019" />
  <testcase classname="ptolemy.util.test.junit.AutoTests" name="[314] /home/travis/build/icyphy/ptII/ptolemy/actor/lib/test/auto/RecordDisassembler.xml (RunModel)" time="0.01" />
  <testcase classname="ptolemy.util.test.junit.AutoTests" name="[315] /home/travis/build/icyphy/ptII/ptolemy/actor/lib/test/auto/RecordDisassembler2.xml (RunModel)" time="0.01" />
  <testcase classname="ptolemy.util.test.junit.AutoTests" name="[316] /home/travis/build/icyphy/ptII/ptolemy/actor/lib/test/auto/RecordUpdater.xml (RunModel)" time="0.008" />
  <testcase classname="ptolemy.util.test.junit.AutoTests" name="[317] /home/travis/build/icyphy/ptII/ptolemy/actor/lib/test/auto/RecordUpdater2.xml (RunModel)" time="0.007" />
  <testcase classname="ptolemy.util.test.junit.AutoTests" name="[318] /home/travis/build/icyphy/ptII/ptolemy/actor/lib/test/auto/RecursiveLattice.xml (RunModel)" time="0.008" />
  <testcase classname="ptolemy.util.test.junit.AutoTests" name="[319] /home/travis/build/icyphy/ptII/ptolemy/actor/lib/test/auto/Router.xml (RunModel)" time="3.022" />
  <testcase classname="ptolemy.util.test.junit.AutoTests" name="[320] /home/travis/build/icyphy/ptII/ptolemy/actor/lib/test/auto/Router2.xml (RunModel)" time="3.019" />
  <testcase classname="ptolemy.util.test.junit.AutoTests" name="[321] /home/travis/build/icyphy/ptII/ptolemy/actor/lib/test/auto/RunningMaximum.xml (RunModel)" time="0.018" />
  <testcase classname="ptolemy.util.test.junit.AutoTests" name="[322] /home/travis/build/icyphy/ptII/ptolemy/actor/lib/test/auto/RunningMinimum.xml (RunModel)" time="0.022" />
  <testcase classname="ptolemy.util.test.junit.AutoTests" name="[323] /home/travis/build/icyphy/ptII/ptolemy/actor/lib/test/auto/Scale.xml (RunModel)" time="0.008" />
  <testcase classname="ptolemy.util.test.junit.AutoTests" name="[324] /home/travis/build/icyphy/ptII/ptolemy/actor/lib/test/auto/Scale2.xml (RunModel)" time="0.007" />
  <testcase classname="ptolemy.util.test.junit.AutoTests" name="[325] /home/travis/build/icyphy/ptII/ptolemy/actor/lib/test/auto/Scale3.xml (RunModel)" time="0.011" />
  <testcase classname="ptolemy.util.test.junit.AutoTests" name="[326] /home/travis/build/icyphy/ptII/ptolemy/actor/lib/test/auto/ScaleArray.xml (RunModel)" time="0.006" />
  <testcase classname="ptolemy.util.test.junit.AutoTests" name="[327] /home/travis/build/icyphy/ptII/ptolemy/actor/lib/test/auto/ScaleArray2.xml (RunModel)" time="0.006" />
  <testcase classname="ptolemy.util.test.junit.AutoTests" name="[328] /home/travis/build/icyphy/ptII/ptolemy/actor/lib/test/auto/ScaleMatrix.xml (RunModel)" time="0.145" />
  <testcase classname="ptolemy.util.test.junit.AutoTests" name="[329] /home/travis/build/icyphy/ptII/ptolemy/actor/lib/test/auto/Select.xml (RunModel)" time="0.011" />
  <testcase classname="ptolemy.util.test.junit.AutoTests" name="[330] /home/travis/build/icyphy/ptII/ptolemy/actor/lib/test/auto/Select2.xml (RunModel)" time="0.007" />
  <testcase classname="ptolemy.util.test.junit.AutoTests" name="[331] /home/travis/build/icyphy/ptII/ptolemy/actor/lib/test/auto/SequenceToArray2.xml (RunModel)" time="0.133" />
  <testcase classname="ptolemy.util.test.junit.AutoTests" name="[332] /home/travis/build/icyphy/ptII/ptolemy/actor/lib/test/auto/SequentialClock.xml (RunModel)" time="0.01" />
  <testcase classname="ptolemy.util.test.junit.AutoTests" name="[333] /home/travis/build/icyphy/ptII/ptolemy/actor/lib/test/auto/SetVariable.xml (RunModel)" time="0.013" />
  <testcase classname="ptolemy.util.test.junit.AutoTests" name="[334] /home/travis/build/icyphy/ptII/ptolemy/actor/lib/test/auto/SetVariable2.xml (RunModel)" time="0.009" />
  <testcase classname="ptolemy.util.test.junit.AutoTests" name="[335] /home/travis/build/icyphy/ptII/ptolemy/actor/lib/test/auto/SetVariable3.xml (RunModel)" time="0.013" />
  <testcase classname="ptolemy.util.test.junit.AutoTests" name="[336] /home/travis/build/icyphy/ptII/ptolemy/actor/lib/test/auto/SetVariable4.xml (RunModel)" time="0.025" />
  <testcase classname="ptolemy.util.test.junit.AutoTests" name="[337] /home/travis/build/icyphy/ptII/ptolemy/actor/lib/test/auto/SetVariable5.xml (RunModel)" time="0.032" />
  <testcase classname="ptolemy.util.test.junit.AutoTests" name="[338] /home/travis/build/icyphy/ptII/ptolemy/actor/lib/test/auto/Sinewave.xml (RunModel)" time="0.022" />
  <testcase classname="ptolemy.util.test.junit.AutoTests" name="[339] /home/travis/build/icyphy/ptII/ptolemy/actor/lib/test/auto/Sinewave2.xml (RunModel)" time="0.015" />
  <testcase classname="ptolemy.util.test.junit.AutoTests" name="[340] /home/travis/build/icyphy/ptII/ptolemy/actor/lib/test/auto/Sinewave3.xml (RunModel)" time="0.02" />
  <testcase classname="ptolemy.util.test.junit.AutoTests" name="[341] /home/travis/build/icyphy/ptII/ptolemy/actor/lib/test/auto/SingleEvent.xml (RunModel)" time="0.007" />
  <testcase classname="ptolemy.util.test.junit.AutoTests" name="[342] /home/travis/build/icyphy/ptII/ptolemy/actor/lib/test/auto/Sleep.xml (RunModel)" time="6.023" />
  <testcase classname="ptolemy.util.test.junit.AutoTests" name="[343] /home/travis/build/icyphy/ptII/ptolemy/actor/lib/test/auto/SleepMultipleFire.xml (RunModel)" time="1.025" />
  <testcase classname="ptolemy.util.test.junit.AutoTests" name="[344] /home/travis/build/icyphy/ptII/ptolemy/actor/lib/test/auto/StopDE.xml (RunModel)" time="0.014" />
  <testcase classname="ptolemy.util.test.junit.AutoTests" name="[345] /home/travis/build/icyphy/ptII/ptolemy/actor/lib/test/auto/StopSDF.xml (RunModel)" time="0.01" />
  <testcase classname="ptolemy.util.test.junit.AutoTests" name="[346] /home/travis/build/icyphy/ptII/ptolemy/actor/lib/test/auto/StringConstant.xml (RunModel)" time="0.013" />
  <testcase classname="ptolemy.util.test.junit.AutoTests" name="[347] /home/travis/build/icyphy/ptII/ptolemy/actor/lib/test/auto/SubscriberPortInitialValues1.xml (RunModel)" time="0.017" />
  <testcase classname="ptolemy.util.test.junit.AutoTests" name="[348] /home/travis/build/icyphy/ptII/ptolemy/actor/lib/test/auto/SubscriberPortInitialValues13.xml (RunModel)" time="0.03" />
  <testcase classname="ptolemy.util.test.junit.AutoTests" name="[349] /home/travis/build/icyphy/ptII/ptolemy/actor/lib/test/auto/SubscriberPortInitialValues14.xml (RunModel)" time="0.012" />
  <testcase classname="ptolemy.util.test.junit.AutoTests" name="[350] /home/travis/build/icyphy/ptII/ptolemy/actor/lib/test/auto/SubscriberPortInitialValues2.xml (RunModel)" time="0.015" />
  <testcase classname="ptolemy.util.test.junit.AutoTests" name="[351] /home/travis/build/icyphy/ptII/ptolemy/actor/lib/test/auto/SubscriberPortInitialValues3.xml (RunModel)" time="0.023" />
  <testcase classname="ptolemy.util.test.junit.AutoTests" name="[352] /home/travis/build/icyphy/ptII/ptolemy/actor/lib/test/auto/SubscriptionAggregator.xml (RunModel)" time="0.01" />
  <testcase classname="ptolemy.util.test.junit.AutoTests" name="[353] /home/travis/build/icyphy/ptII/ptolemy/actor/lib/test/auto/SubscriptionAggregator2.xml (RunModel)" time="0.01" />
  <testcase classname="ptolemy.util.test.junit.AutoTests" name="[354] /home/travis/build/icyphy/ptII/ptolemy/actor/lib/test/auto/SubscriptionAggregator3.xml (RunModel)" time="0.013" />
  <testcase classname="ptolemy.util.test.junit.AutoTests" name="[355] /home/travis/build/icyphy/ptII/ptolemy/actor/lib/test/auto/SubscriptionAggregatorMultiply.xml (RunModel)" time="0.017" />
  <testcase classname="ptolemy.util.test.junit.AutoTests" name="[356] /home/travis/build/icyphy/ptII/ptolemy/actor/lib/test/auto/SubscriptionAggregatorPortMultiply1.xml (RunModel)" time="0.016" />
  <testcase classname="ptolemy.util.test.junit.AutoTests" name="[357] /home/travis/build/icyphy/ptII/ptolemy/actor/lib/test/auto/Switch.xml (RunModel)" time="0.017" />
  <testcase classname="ptolemy.util.test.junit.AutoTests" name="[358] /home/travis/build/icyphy/ptII/ptolemy/actor/lib/test/auto/Switch2.xml (RunModel)" time="0.011" />
  <testcase classname="ptolemy.util.test.junit.AutoTests" name="[359] /home/travis/build/icyphy/ptII/ptolemy/actor/lib/test/auto/SwitchDE.xml (RunModel)" time="0.013" />
  <testcase classname="ptolemy.util.test.junit.AutoTests" name="[360] /home/travis/build/icyphy/ptII/ptolemy/actor/lib/test/auto/SynchronizerDE.xml (RunModel)" time="0.018" />
  <testcase classname="ptolemy.util.test.junit.AutoTests" name="[361] /home/travis/build/icyphy/ptII/ptolemy/actor/lib/test/auto/Test.xml (RunModel)" time="0.008" />
  <testcase classname="ptolemy.util.test.junit.AutoTests" name="[362] /home/travis/build/icyphy/ptII/ptolemy/actor/lib/test/auto/TestExceptionAttribute1.xml (RunModel)" time="0.008" />
  <testcase classname="ptolemy.util.test.junit.AutoTests" name="[363] /home/travis/build/icyphy/ptII/ptolemy/actor/lib/test/auto/TestExceptionAttribute2.xml (RunModel)" time="0.007" />
  <testcase classname="ptolemy.util.test.junit.AutoTests" name="[364] /home/travis/build/icyphy/ptII/ptolemy/actor/lib/test/auto/TestExceptionAttribute3.xml (RunModel)" time="0.01" />
  <testcase classname="ptolemy.util.test.junit.AutoTests" name="[365] /home/travis/build/icyphy/ptII/ptolemy/actor/lib/test/auto/TestExceptionAttribute4.xml (RunModel)" time="0.007" />
  <testcase classname="ptolemy.util.test.junit.AutoTests" name="[366] /home/travis/build/icyphy/ptII/ptolemy/actor/lib/test/auto/TestExceptionHandler1.xml (RunModel)" time="0.007" />
  <testcase classname="ptolemy.util.test.junit.AutoTests" name="[367] /home/travis/build/icyphy/ptII/ptolemy/actor/lib/test/auto/TestExceptionHandler2.xml (RunModel)" time="0.013" />
  <testcase classname="ptolemy.util.test.junit.AutoTests" name="[368] /home/travis/build/icyphy/ptII/ptolemy/actor/lib/test/auto/TestExceptionHandler3.xml (RunModel)" time="0.005" />
  <testcase classname="ptolemy.util.test.junit.AutoTests" name="[369] /home/travis/build/icyphy/ptII/ptolemy/actor/lib/test/auto/TestExceptionHandler4.xml (RunModel)" time="0.004" />
  <testcase classname="ptolemy.util.test.junit.AutoTests" name="[370] /home/travis/build/icyphy/ptII/ptolemy/actor/lib/test/auto/TestRequireCorrectOrder.xml (RunModel)" time="0.011" />
  <testcase classname="ptolemy.util.test.junit.AutoTests" name="[371] /home/travis/build/icyphy/ptII/ptolemy/actor/lib/test/auto/TestSimple.xml (RunModel)" time="0.005" />
  <testcase classname="ptolemy.util.test.junit.AutoTests" name="[372] /home/travis/build/icyphy/ptII/ptolemy/actor/lib/test/auto/ThrowModelError.xml (RunModel)" time="0.01" />
  <testcase classname="ptolemy.util.test.junit.AutoTests" name="[373] /home/travis/build/icyphy/ptII/ptolemy/actor/lib/test/auto/TimeDelayMicrosteps.xml (RunModel)" time="0.014" />
  <testcase classname="ptolemy.util.test.junit.AutoTests" name="[374] /home/travis/build/icyphy/ptII/ptolemy/actor/lib/test/auto/TimeDelayMicrosteps2.xml (RunModel)" time="0.013" />
  <testcase classname="ptolemy.util.test.junit.AutoTests" name="[375] /home/travis/build/icyphy/ptII/ptolemy/actor/lib/test/auto/TimeDelayMicrosteps3.xml (RunModel)" time="0.011" />
  <testcase classname="ptolemy.util.test.junit.AutoTests" name="[376] /home/travis/build/icyphy/ptII/ptolemy/actor/lib/test/auto/TimeDelayVariableMicrosteps.xml (RunModel)" time="0.011" />
  <testcase classname="ptolemy.util.test.junit.AutoTests" name="[377] /home/travis/build/icyphy/ptII/ptolemy/actor/lib/test/auto/TimeGap.xml (RunModel)" time="0.014" />
  <testcase classname="ptolemy.util.test.junit.AutoTests" name="[378] /home/travis/build/icyphy/ptII/ptolemy/actor/lib/test/auto/TimeGap2.xml (RunModel)" time="0.009" />
  <testcase classname="ptolemy.util.test.junit.AutoTests" name="[379] /home/travis/build/icyphy/ptII/ptolemy/actor/lib/test/auto/TimedSinewave.xml (RunModel)" time="0.044" />
  <testcase classname="ptolemy.util.test.junit.AutoTests" name="[380] /home/travis/build/icyphy/ptII/ptolemy/actor/lib/test/auto/TimedSinewavePhase.xml (RunModel)" time="0.026" />
  <testcase classname="ptolemy.util.test.junit.AutoTests" name="[381] /home/travis/build/icyphy/ptII/ptolemy/actor/lib/test/auto/Timer.xml (RunModel)" time="0.018" />
  <testcase classname="ptolemy.util.test.junit.AutoTests" name="[382] /home/travis/build/icyphy/ptII/ptolemy/actor/lib/test/auto/TriangularDistTestModel.xml (RunModel)" time="0.015" />
  <testcase classname="ptolemy.util.test.junit.AutoTests" name="[383] /home/travis/build/icyphy/ptII/ptolemy/actor/lib/test/auto/TrigFunction.xml (RunModel)" time="0.007" />
  <testcase classname="ptolemy.util.test.junit.AutoTests" name="[384] /home/travis/build/icyphy/ptII/ptolemy/actor/lib/test/auto/TrigFunctionDE.xml (RunModel)" time="0.01" />
  <testcase classname="ptolemy.util.test.junit.AutoTests" name="[385] /home/travis/build/icyphy/ptII/ptolemy/actor/lib/test/auto/TrigFunctionInverse.xml (RunModel)" time="0.01" />
  <testcase classname="ptolemy.util.test.junit.AutoTests" name="[386] /home/travis/build/icyphy/ptII/ptolemy/actor/lib/test/auto/TrigFunctionTan.xml (RunModel)" time="0.006" />
  <testcase classname="ptolemy.util.test.junit.AutoTests" name="[387] /home/travis/build/icyphy/ptII/ptolemy/actor/lib/test/auto/TriggeredClock.xml (RunModel)" time="0.007" />
  <testcase classname="ptolemy.util.test.junit.AutoTests" name="[388] /home/travis/build/icyphy/ptII/ptolemy/actor/lib/test/auto/URLDirectoryReader.xml (RunModel)" time="0.12" />
  <testcase classname="ptolemy.util.test.junit.AutoTests" name="[389] /home/travis/build/icyphy/ptII/ptolemy/actor/lib/test/auto/URLDirectoryReader3.xml (RunModel)" time="1.446" />
  <testcase classname="ptolemy.util.test.junit.AutoTests" name="[390] /home/travis/build/icyphy/ptII/ptolemy/actor/lib/test/auto/UnaryMathFunction.xml (RunModel)" time="0.023" />
  <testcase classname="ptolemy.util.test.junit.AutoTests" name="[391] /home/travis/build/icyphy/ptII/ptolemy/actor/lib/test/auto/Uniform.xml (RunModel)" time="0.018" />
  <testcase classname="ptolemy.util.test.junit.AutoTests" name="[392] /home/travis/build/icyphy/ptII/ptolemy/actor/lib/test/auto/UnionDisassemblerTest.xml (RunModel)" time="0.008" />
  <testcase classname="ptolemy.util.test.junit.AutoTests" name="[393] /home/travis/build/icyphy/ptII/ptolemy/actor/lib/test/auto/UtilityFunctions.xml (RunModel)" time="0.006" />
  <testcase classname="ptolemy.util.test.junit.AutoTests" name="[394] /home/travis/build/icyphy/ptII/ptolemy/actor/lib/test/auto/VariableSleep.xml (RunModel)" time="0.51" />
  <testcase classname="ptolemy.util.test.junit.AutoTests" name="[395] /home/travis/build/icyphy/ptII/ptolemy/actor/lib/test/auto/VectorAssemblerDisassemblerCT.xml (RunModel)" time="0.11" />
  <testcase classname="ptolemy.util.test.junit.AutoTests" name="[396] /home/travis/build/icyphy/ptII/ptolemy/actor/lib/test/auto/VectorAssemblerDisassemblerDE.xml (RunModel)" time="0.018" />
  <testcase classname="ptolemy.util.test.junit.AutoTests" name="[397] /home/travis/build/icyphy/ptII/ptolemy/actor/lib/test/auto/VectorAssemblerDisassemblerSDF.xml (RunModel)" time="0.011" />
  <testcase classname="ptolemy.util.test.junit.AutoTests" name="[398] /home/travis/build/icyphy/ptII/ptolemy/actor/lib/test/auto/WallClockTime.xml (RunModel)" time="1.011" />
  <testcase classname="ptolemy.util.test.junit.AutoTests" name="[399] /home/travis/build/icyphy/ptII/ptolemy/actor/lib/test/auto/WidthTestWithSubscriberPublisher.xml (RunModel)" time="0.034" />
  <testcase classname="ptolemy.util.test.junit.AutoTests" name="[400] /home/travis/build/icyphy/ptII/ptolemy/actor/lib/test/auto/WidthTestWithSubscriberPublisher2.xml (RunModel)" time="0.023" />
  <testcase classname="ptolemy.util.test.junit.AutoTests" name="[401] /home/travis/build/icyphy/ptII/ptolemy/actor/lib/test/auto/WidthTestWithSubscriberPublisher3.xml (RunModel)" time="0.009" />
  <testcase classname="ptolemy.util.test.junit.AutoTests" name="[402] /home/travis/build/icyphy/ptII/ptolemy/actor/lib/test/auto/Writer.xml (RunModel)" time="0.006" />
  <testcase classname="ptolemy.util.test.junit.AutoTests" name="[403] /home/travis/build/icyphy/ptII/ptolemy/actor/lib/test/auto/array.xml (RunModel)" time="0.023" />
  <testcase classname="ptolemy.util.test.junit.AutoTests" name="[404] /home/travis/build/icyphy/ptII/ptolemy/actor/lib/test/auto/array2.xml (RunModel)" time="0.01" />
  <testcase classname="ptolemy.util.test.junit.AutoTests" name="[405] /home/travis/build/icyphy/ptII/ptolemy/actor/lib/test/auto/arrayType.xml (RunModel)" time="0.009" />
  <testcase classname="ptolemy.util.test.junit.AutoTests" name="[406] /home/travis/build/icyphy/ptII/ptolemy/actor/lib/test/auto/arrayType10.xml (RunModel)" time="0.007" />
  <testcase classname="ptolemy.util.test.junit.AutoTests" name="[407] /home/travis/build/icyphy/ptII/ptolemy/actor/lib/test/auto/arrayType11.xml (RunModel)" time="0.007" />
  <testcase classname="ptolemy.util.test.junit.AutoTests" name="[408] /home/travis/build/icyphy/ptII/ptolemy/actor/lib/test/auto/arrayType12.xml (RunModel)" time="0.006" />
  <testcase classname="ptolemy.util.test.junit.AutoTests" name="[409] /home/travis/build/icyphy/ptII/ptolemy/actor/lib/test/auto/arrayType13.xml (RunModel)" time="0.007" />
  <testcase classname="ptolemy.util.test.junit.AutoTests" name="[410] /home/travis/build/icyphy/ptII/ptolemy/actor/lib/test/auto/arrayType14.xml (RunModel)" time="0.007" />
  <testcase classname="ptolemy.util.test.junit.AutoTests" name="[411] /home/travis/build/icyphy/ptII/ptolemy/actor/lib/test/auto/arrayType15.xml (RunModel)" time="0.007" />
  <testcase classname="ptolemy.util.test.junit.AutoTests" name="[412] /home/travis/build/icyphy/ptII/ptolemy/actor/lib/test/auto/arrayType16.xml (RunModel)" time="0.007" />
  <testcase classname="ptolemy.util.test.junit.AutoTests" name="[413] /home/travis/build/icyphy/ptII/ptolemy/actor/lib/test/auto/arrayType17.xml (RunModel)" time="0.006" />
  <testcase classname="ptolemy.util.test.junit.AutoTests" name="[414] /home/travis/build/icyphy/ptII/ptolemy/actor/lib/test/auto/arrayType18.xml (RunModel)" time="0.006" />
  <testcase classname="ptolemy.util.test.junit.AutoTests" name="[415] /home/travis/build/icyphy/ptII/ptolemy/actor/lib/test/auto/arrayType19.xml (RunModel)" time="0.006" />
  <testcase classname="ptolemy.util.test.junit.AutoTests" name="[416] /home/travis/build/icyphy/ptII/ptolemy/actor/lib/test/auto/arrayType2.xml (RunModel)" time="0.007" />
  <testcase classname="ptolemy.util.test.junit.AutoTests" name="[417] /home/travis/build/icyphy/ptII/ptolemy/actor/lib/test/auto/arrayType20.xml (RunModel)" time="0.006" />
  <testcase classname="ptolemy.util.test.junit.AutoTests" name="[418] /home/travis/build/icyphy/ptII/ptolemy/actor/lib/test/auto/arrayType21.xml (RunModel)" time="0.006" />
  <testcase classname="ptolemy.util.test.junit.AutoTests" name="[419] /home/travis/build/icyphy/ptII/ptolemy/actor/lib/test/auto/arrayType22.xml (RunModel)" time="0.006" />
  <testcase classname="ptolemy.util.test.junit.AutoTests" name="[420] /home/travis/build/icyphy/ptII/ptolemy/actor/lib/test/auto/arrayType23.xml (RunModel)" time="0.007" />
  <testcase classname="ptolemy.util.test.junit.AutoTests" name="[421] /home/travis/build/icyphy/ptII/ptolemy/actor/lib/test/auto/arrayType24.xml (RunModel)" time="0.008" />
  <testcase classname="ptolemy.util.test.junit.AutoTests" name="[422] /home/travis/build/icyphy/ptII/ptolemy/actor/lib/test/auto/arrayType25.xml (RunModel)" time="0.007" />
  <testcase classname="ptolemy.util.test.junit.AutoTests" name="[423] /home/travis/build/icyphy/ptII/ptolemy/actor/lib/test/auto/arrayType26.xml (RunModel)" time="0.008" />
  <testcase classname="ptolemy.util.test.junit.AutoTests" name="[424] /home/travis/build/icyphy/ptII/ptolemy/actor/lib/test/auto/arrayType27.xml (RunModel)" time="0.008" />
  <testcase classname="ptolemy.util.test.junit.AutoTests" name="[425] /home/travis/build/icyphy/ptII/ptolemy/actor/lib/test/auto/arrayType28.xml (RunModel)" time="0.017" />
  <testcase classname="ptolemy.util.test.junit.AutoTests" name="[426] /home/travis/build/icyphy/ptII/ptolemy/actor/lib/test/auto/arrayType3.xml (RunModel)" time="0.008" />
  <testcase classname="ptolemy.util.test.junit.AutoTests" name="[427] /home/travis/build/icyphy/ptII/ptolemy/actor/lib/test/auto/arrayType4.xml (RunModel)" time="0.007" />
  <testcase classname="ptolemy.util.test.junit.AutoTests" name="[428] /home/travis/build/icyphy/ptII/ptolemy/actor/lib/test/auto/arrayType5.xml (RunModel)" time="0.009" />
  <testcase classname="ptolemy.util.test.junit.AutoTests" name="[429] /home/travis/build/icyphy/ptII/ptolemy/actor/lib/test/auto/arrayType6.xml (RunModel)" time="0.006" />
  <testcase classname="ptolemy.util.test.junit.AutoTests" name="[430] /home/travis/build/icyphy/ptII/ptolemy/actor/lib/test/auto/arrayType7.xml (RunModel)" time="0.011" />
  <testcase classname="ptolemy.util.test.junit.AutoTests" name="[431] /home/travis/build/icyphy/ptII/ptolemy/actor/lib/test/auto/arrayType8.xml (RunModel)" time="0.007" />
  <testcase classname="ptolemy.util.test.junit.AutoTests" name="[432] /home/travis/build/icyphy/ptII/ptolemy/actor/lib/test/auto/arrayType9.xml (RunModel)" time="0.006" />
  <testcase classname="ptolemy.util.test.junit.AutoTests" name="[433] /home/travis/build/icyphy/ptII/ptolemy/actor/lib/test/auto/cast.xml (RunModel)" time="0.029" />
  <testcase classname="ptolemy.util.test.junit.AutoTests" name="[434] /home/travis/build/icyphy/ptII/ptolemy/actor/lib/test/auto/compositeMultiPort.xml (RunModel)" time="0.015" />
  <testcase classname="ptolemy.util.test.junit.AutoTests" name="[435] /home/travis/build/icyphy/ptII/ptolemy/actor/lib/test/auto/expressionCastInference.xml (RunModel)" time="0.007" />
  <testcase classname="ptolemy.util.test.junit.AutoTests" name="[436] /home/travis/build/icyphy/ptII/ptolemy/actor/lib/test/auto/expressionCastInference2.xml (RunModel)" time="0.007" />
  <testcase classname="ptolemy.util.test.junit.AutoTests" name="[437] /home/travis/build/icyphy/ptII/ptolemy/actor/lib/test/auto/expressionInference.xml (RunModel)" time="0.006" />
  <testcase classname="ptolemy.util.test.junit.AutoTests" name="[438] /home/travis/build/icyphy/ptII/ptolemy/actor/lib/test/auto/expression_bug.xml (RunModel)" time="0.006" />
  <testcase classname="ptolemy.util.test.junit.AutoTests" name="[439] /home/travis/build/icyphy/ptII/ptolemy/actor/lib/test/auto/factorial.xml (RunModel)" time="0.049" />
  <testcase classname="ptolemy.util.test.junit.AutoTests" name="[440] /home/travis/build/icyphy/ptII/ptolemy/actor/lib/test/auto/filterTest1.xml (RunModel)" time="0.011" />
  <testcase classname="ptolemy.util.test.junit.AutoTests" name="[441] /home/travis/build/icyphy/ptII/ptolemy/actor/lib/test/auto/funcApplyInConst.xml (RunModel)" time="0.005" />
  <testcase classname="ptolemy.util.test.junit.AutoTests" name="[442] /home/travis/build/icyphy/ptII/ptolemy/actor/lib/test/auto/funcApplyInExpr.xml (RunModel)" time="0.008" />
  <testcase classname="ptolemy.util.test.junit.AutoTests" name="[443] /home/travis/build/icyphy/ptII/ptolemy/actor/lib/test/auto/function.xml (RunModel)" time="0.008" />
  <testcase classname="ptolemy.util.test.junit.AutoTests" name="[444] /home/travis/build/icyphy/ptII/ptolemy/actor/lib/test/auto/function2.xml (RunModel)" time="0.03" />
  <testcase classname="ptolemy.util.test.junit.AutoTests" name="[445] /home/travis/build/icyphy/ptII/ptolemy/actor/lib/test/auto/function3.xml (RunModel)" time="0.025" />
  <testcase classname="ptolemy.util.test.junit.AutoTests" name="[446] /home/travis/build/icyphy/ptII/ptolemy/actor/lib/test/auto/functionClosureTest1.xml (RunModel)" time="0.015" />
  <testcase classname="ptolemy.util.test.junit.AutoTests" name="[447] /home/travis/build/icyphy/ptII/ptolemy/actor/lib/test/auto/functionClosureTest2.xml (RunModel)" time="0.024" />
  <testcase classname="ptolemy.util.test.junit.AutoTests" name="[448] /home/travis/build/icyphy/ptII/ptolemy/actor/lib/test/auto/functionClosureTest3.xml (RunModel)" time="0.035" />
  <testcase classname="ptolemy.util.test.junit.AutoTests" name="[449] /home/travis/build/icyphy/ptII/ptolemy/actor/lib/test/auto/functionClosureTest4.xml (RunModel)" time="0.047" />
  <testcase classname="ptolemy.util.test.junit.AutoTests" name="[450] /home/travis/build/icyphy/ptII/ptolemy/actor/lib/test/auto/functionClosureTest5.xml (RunModel)" time="0.038" />
  <testcase classname="ptolemy.util.test.junit.AutoTests" name="[451] /home/travis/build/icyphy/ptII/ptolemy/actor/lib/test/auto/functionClosureTest6.xml (RunModel)" time="0.015" />
  <testcase classname="ptolemy.util.test.junit.AutoTests" name="[452] /home/travis/build/icyphy/ptII/ptolemy/actor/lib/test/auto/functionsOnArcs.xml (RunModel)" time="0.027" />
  <testcase classname="ptolemy.util.test.junit.AutoTests" name="[453] /home/travis/build/icyphy/ptII/ptolemy/actor/lib/test/auto/functionsOnArcsHOF.xml (RunModel)" time="0.012" />
  <testcase classname="ptolemy.util.test.junit.AutoTests" name="[454] /home/travis/build/icyphy/ptII/ptolemy/actor/lib/test/auto/logic.xml (RunModel)" time="0.015" />
  <testcase classname="ptolemy.util.test.junit.AutoTests" name="[455] /home/travis/build/icyphy/ptII/ptolemy/actor/lib/test/auto/matrixType.xml (RunModel)" time="0.007" />
  <testcase classname="ptolemy.util.test.junit.AutoTests" name="[456] /home/travis/build/icyphy/ptII/ptolemy/actor/lib/test/auto/matrixType10.xml (RunModel)" time="0.008" />
  <testcase classname="ptolemy.util.test.junit.AutoTests" name="[457] /home/travis/build/icyphy/ptII/ptolemy/actor/lib/test/auto/matrixType11.xml (RunModel)" time="0.007" />
  <testcase classname="ptolemy.util.test.junit.AutoTests" name="[458] /home/travis/build/icyphy/ptII/ptolemy/actor/lib/test/auto/matrixType12.xml (RunModel)" time="0.009" />
  <testcase classname="ptolemy.util.test.junit.AutoTests" name="[459] /home/travis/build/icyphy/ptII/ptolemy/actor/lib/test/auto/matrixType13.xml (RunModel)" time="0.007" />
  <testcase classname="ptolemy.util.test.junit.AutoTests" name="[460] /home/travis/build/icyphy/ptII/ptolemy/actor/lib/test/auto/matrixType14.xml (RunModel)" time="0.009" />
  <testcase classname="ptolemy.util.test.junit.AutoTests" name="[461] /home/travis/build/icyphy/ptII/ptolemy/actor/lib/test/auto/matrixType2.xml (RunModel)" time="0.009" />
  <testcase classname="ptolemy.util.test.junit.AutoTests" name="[462] /home/travis/build/icyphy/ptII/ptolemy/actor/lib/test/auto/matrixType3.xml (RunModel)" time="0.01" />
  <testcase classname="ptolemy.util.test.junit.AutoTests" name="[463] /home/travis/build/icyphy/ptII/ptolemy/actor/lib/test/auto/matrixType4.xml (RunModel)" time="0.007" />
  <testcase classname="ptolemy.util.test.junit.AutoTests" name="[464] /home/travis/build/icyphy/ptII/ptolemy/actor/lib/test/auto/matrixType5.xml (RunModel)" time="0.007" />
  <testcase classname="ptolemy.util.test.junit.AutoTests" name="[465] /home/travis/build/icyphy/ptII/ptolemy/actor/lib/test/auto/matrixType6.xml (RunModel)" time="0.007" />
  <testcase classname="ptolemy.util.test.junit.AutoTests" name="[466] /home/travis/build/icyphy/ptII/ptolemy/actor/lib/test/auto/matrixType7.xml (RunModel)" time="0.007" />
  <testcase classname="ptolemy.util.test.junit.AutoTests" name="[467] /home/travis/build/icyphy/ptII/ptolemy/actor/lib/test/auto/matrixType8.xml (RunModel)" time="0.007" />
  <testcase classname="ptolemy.util.test.junit.AutoTests" name="[468] /home/travis/build/icyphy/ptII/ptolemy/actor/lib/test/auto/matrixType9.xml (RunModel)" time="0.006" />
  <testcase classname="ptolemy.util.test.junit.AutoTests" name="[469] /home/travis/build/icyphy/ptII/ptolemy/actor/lib/test/auto/paraFunctest.xml (RunModel)" time="0.006" />
  <testcase classname="ptolemy.util.test.junit.AutoTests" name="[470] /home/travis/build/icyphy/ptII/ptolemy/actor/lib/test/auto/paraFunctest2.xml (RunModel)" time="0.01" />
  <testcase classname="ptolemy.util.test.junit.AutoTests" name="[471] /home/travis/build/icyphy/ptII/ptolemy/actor/lib/test/auto/parameterPassing.xml (RunModel)" time="0.007" />
  <testcase classname="ptolemy.util.test.junit.AutoTests" name="[472] /home/travis/build/icyphy/ptII/ptolemy/actor/lib/test/auto/record.xml (RunModel)" time="0.008" />
  <testcase classname="ptolemy.util.test.junit.AutoTests" name="[473] /home/travis/build/icyphy/ptII/ptolemy/actor/lib/test/auto/sizedarray1.xml (RunModel)" time="0.008" />
  <testcase classname="ptolemy.util.test.junit.AutoTests" name="[474] /home/travis/build/icyphy/ptII/ptolemy/actor/lib/test/auto/sizedarray2.xml (RunModel)" time="0.009" />
  <testcase classname="ptolemy.util.test.junit.AutoTests" name="[475] /home/travis/build/icyphy/ptII/ptolemy/actor/lib/test/auto/twoPublishers.xml (RunModel)" time="0.027" />
  <system-out><![CDATA[/home/travis/build/icyphy/ptII/ptolemy/actor/lib/test/AbsoluteValue.tcl
testDefs.tcl: setting time out to 9000 seconds at Sun Jun 27 17:24:10 UTC 2021
86 ms. Memory: 129024K Free: 93123K (72%)
5 ms. Memory: 129024K Free: 91075K (71%)
5 ms. Memory: 129024K Free: 90555K (70%)
5 ms. Memory: 129024K Free: 89523K (69%)
/home/travis/build/icyphy/ptII/ptolemy/actor/lib/test/AddSubtract.tcl
10 ms. Memory: 129024K Free: 87489K (68%)
5 ms. Memory: 129024K Free: 86979K (67%)
5 ms. Memory: 129024K Free: 85955K (67%)
8 ms. Memory: 129024K Free: 85435K (66%)
40 ms. Memory: 129024K Free: 82369K (64%)
9 ms. Memory: 129024K Free: 81345K (63%)
/home/travis/build/icyphy/ptII/ptolemy/actor/lib/test/Average.tcl
17 ms. Memory: 129024K Free: 79811K (62%)
6 ms. Memory: 129024K Free: 78787K (61%)
/home/travis/build/icyphy/ptII/ptolemy/actor/lib/test/Bernoulli.tcl
4 ms. Memory: 129024K Free: 77235K (60%)
2 ms. Memory: 129024K Free: 76739K (59%)
/home/travis/build/icyphy/ptII/ptolemy/actor/lib/test/Clock.tcl
preinitializing
resolving types
initializing
executing number 1
wrapping up
idle
30 ms. Memory: 129024K Free: 74177K (57%)
Completed execution with 5 iterations
preinitializing
resolving types
initializing
executing number 1
wrapping up
idle
8 ms. Memory: 129024K Free: 73123K (57%)
Completed execution with 5 iterations
preinitializing
resolving types
initializing
executing number 1
wrapping up
idle
12 ms. Memory: 129024K Free: 72643K (56%)
Completed execution with 5 iterations
/home/travis/build/icyphy/ptII/ptolemy/actor/lib/test/Commutator.tcl
6 ms. Memory: 129024K Free: 70595K (55%)
6 ms. Memory: 129024K Free: 69571K (54%)
15 ms. Memory: 129024K Free: 63907K (50%)
/home/travis/build/icyphy/ptII/ptolemy/actor/lib/test/Const.tcl
12 ms. Memory: 129024K Free: 62403K (48%)
2 ms. Memory: 129024K Free: 61875K (48%)
4 ms. Memory: 129024K Free: 61379K (48%)
3 ms. Memory: 129024K Free: 60859K (47%)
5 ms. Memory: 129024K Free: 60355K (47%)
21 ms. Memory: 129024K Free: 58817K (46%)
5 ms. Memory: 129024K Free: 57283K (44%)
3 ms. Memory: 129024K Free: 56763K (44%)
/home/travis/build/icyphy/ptII/ptolemy/actor/lib/test/CurrentTime.tcl
preinitializing
resolving types
initializing
executing number 1
wrapping up
idle
15 ms. Memory: 129024K Free: 54707K (42%)
Completed execution with 11 iterations
/home/travis/build/icyphy/ptII/ptolemy/actor/lib/test/DB.tcl
7 ms. Memory: 129024K Free: 53187K (41%)
2 ms. Memory: 129024K Free: 52672K (41%)
3 ms. Memory: 129024K Free: 52163K (40%)
/home/travis/build/icyphy/ptII/ptolemy/actor/lib/test/DiscreteRandomSource.tcl
preinitializing
resolving types
initializing
executing number 1
wrapping up
idle
20 ms. Memory: 129024K Free: 50611K (39%)
Completed execution with 4 iterations
preinitializing
resolving types
initializing
executing number 1
wrapping up
idle
2 ms. Memory: 129024K Free: 50115K (39%)
Completed execution with 4 iterations
preinitializing
resolving types
initializing
executing number 1
wrapping up
idle
5 ms. Memory: 129024K Free: 49601K (38%)
Completed execution with 4 iterations
preinitializing
resolving types
initializing
executing number 1
wrapping up
idle
6 ms. Memory: 129024K Free: 49091K (38%)
Completed execution with 4 iterations
preinitializing
resolving types
initializing
executing number 1
wrapping up
idle
5 ms. Memory: 129024K Free: 48577K (38%)
Completed execution with 4 iterations
/home/travis/build/icyphy/ptII/ptolemy/actor/lib/test/Distributor.tcl
37 ms. Memory: 129024K Free: 113452K (88%)
6 ms. Memory: 129024K Free: 112904K (88%)
StreamChangeRequest.changeExecuted(): <deleteEntity name="rec2"/> succeeded
StreamChangeRequest.changeExecuted(): <deleteRelation name="r2"/> succeeded
StreamChangeRequest.changeExecuted(): Record firings per iteration succeeded
4 ms. Memory: 129024K Free: 110388K (86%)
/home/travis/build/icyphy/ptII/ptolemy/actor/lib/test/Exit.tcl
Exit.tcl: this will print a message about Manager.exitAfterWrapup, which can be ignored.
8 ms. Memory: 129024K Free: 107367K (83%)
/home/travis/build/icyphy/ptII/ptolemy/actor/lib/test/Expression.tcl
26 ms. Memory: 129024K Free: 104148K (81%)
8 ms. Memory: 129024K Free: 103226K (80%)
2 ms. Memory: 129024K Free: 102656K (80%)
preinitializing
resolving types
initializing
executing number 1
wrapping up
idle
8 ms. Memory: 129024K Free: 101186K (78%)
Completed execution with 6 iterations
9 ms. Memory: 129024K Free: 100186K (78%)
8 ms. Memory: 129024K Free: 99584K (77%)
7 ms. Memory: 129024K Free: 98107K (76%)
4 ms. Memory: 129024K Free: 97060K (75%)
5 ms. Memory: 129024K Free: 95956K (74%)
/home/travis/build/icyphy/ptII/ptolemy/actor/lib/test/Gaussian.tcl
9 ms. Memory: 129024K Free: 93980K (73%)
sleeping 1 seconds: ..........................................................................................................................................................................................................................................................................................................................................................................................................................................................................................................................................................................................................................................................................................................................................................................................................................................................................................................................................................................................................................................................................................................................................................................................................................................................................................................................................................................................................................................................................................................................................................................................................................................................................................................................................................................................................................................................................................................................................................................................................................................................................................................................................................................................................................................................................................................................................................................................................................................................................................................................................................................................................................................................................................................................................................................................................................................................................................................................................................................................................................................................................................................................................................................................................................................................................................................................................................................................................................................................................................................................................................................................................................................................................................................................................................................................................................................................................................................................................................................................................................................................................................................................................................................................................................................................................................................................................................................................................................................................................................................................................................................................................................................................................................................................................................................................................................................................................................................................................................................................................................................................................................................................................................................................................................................................................................................................................................................................................................................................................................................................................................................................................................................................................................................................................................................................................................................................................................................................................................................................................................................................................................................................................................................................................................................................................................................................................................................................................................................................................................................................................................................................................................................................................................................................................................................................................................................................................................................................................................................................................................................................................................................................................................................................................................................................................................................................................................................................................................................................................................................................................................................................................................................................................................................................................................................................................................................................................................................................................................................................................................................................................................................................................................................................................................................................................................................................................................................................................................................................................................................................................................................................................................................................................................................................................................................................................................................................................................................................................................................................................................................................................................................................................................................................................................................................................................................................................................................................................................................................................................................................................................................................................................................................................................................................................................................................................................................................................................................................................................................................................................................................................................................................................................................................................................................................................................................................................................................................................................................................................................................................................................................................................................................................................................................................................................................................................................................................................................................................................................................................................................................................................................................................................................................................................................................................................................................................................................................................................................................................................................................................................................................................................................................................................................................................................................................................................................................................................................................................................................................................................................................................................................................................................................................................................................................................................................................................................................................................................................................................................................................................................................................................................................................................................................................................................................................................................................................................................................................................................................................................................................................................................................................................................................................................................................................................................................................................................................................................................................................................................................................................................................................................................................................................................................................................................................................................................................................................................................................................................................................................................................................................................................................................................................................................................................................................................................................................................................................................................................................................................................................................................................................................................................................................................................................................................................................................................................................................................................................................................................................................................................................................................................................................................................................................................................................................................................................................................................................................................................................................................................................................2 ms. Memory: 129024K Free: 86078K (67%)
2 ms. Memory: 129024K Free: 85550K (66%)
2 ms. Memory: 129024K Free: 85054K (66%)
6 ms. Memory: 129024K Free: 84030K (65%)
3 ms. Memory: 129024K Free: 83502K (65%)
/home/travis/build/icyphy/ptII/ptolemy/actor/lib/test/IIR.tcl
/home/travis/build/icyphy/ptII/ptolemy/actor/lib/test/Interpolator.tcl
3 ms. Memory: 129024K Free: 79934K (62%)
2 ms. Memory: 129024K Free: 79420K (62%)
4 ms. Memory: 129024K Free: 78396K (61%)
2 ms. Memory: 129024K Free: 77886K (60%)
2 ms. Memory: 129024K Free: 77358K (60%)
3 ms. Memory: 129024K Free: 76334K (59%)
2 ms. Memory: 129024K Free: 75324K (58%)
10 ms. Memory: 129024K Free: 74300K (58%)
4 ms. Memory: 129024K Free: 73790K (57%)
2 ms. Memory: 129024K Free: 72766K (56%)
/home/travis/build/icyphy/ptII/ptolemy/actor/lib/test/MathFunction.tcl
4 ms. Memory: 129024K Free: 70718K (55%)
2 ms. Memory: 129024K Free: 69694K (54%)
2 ms. Memory: 129024K Free: 68670K (53%)
6 ms. Memory: 129024K Free: 112369K (87%)
8 ms. Memory: 129024K Free: 111343K (86%)
6 ms. Memory: 129024K Free: 109297K (85%)
/home/travis/build/icyphy/ptII/ptolemy/actor/lib/test/Maximum.tcl
4 ms. Memory: 129024K Free: 107249K (83%)
3 ms. Memory: 129024K Free: 106729K (83%)
5 ms. Memory: 129024K Free: 106225K (82%)
3 ms. Memory: 129024K Free: 105201K (82%)
/home/travis/build/icyphy/ptII/ptolemy/actor/lib/test/Minimum.tcl
6 ms. Memory: 129024K Free: 103663K (80%)
5 ms. Memory: 129024K Free: 103153K (80%)
2 ms. Memory: 129024K Free: 102129K (79%)
3 ms. Memory: 129024K Free: 101615K (79%)
/home/travis/build/icyphy/ptII/ptolemy/actor/lib/test/MultiplyDivide.tcl
11 ms. Memory: 129024K Free: 99567K (77%)
8 ms. Memory: 129024K Free: 99055K (77%)
3 ms. Memory: 129024K Free: 98543K (76%)
5 ms. Memory: 129024K Free: 97519K (76%)
4 ms. Memory: 129024K Free: 97009K (75%)
/home/travis/build/icyphy/ptII/ptolemy/actor/lib/test/OrderedMerge.tcl
Connections changed on port: inputA
Connections changed on port: inputB
Connections changed on port: output
Connections changed on port: output
Connections changed on port: output
Connections changed on port: input
.top. Preinitializing ...
Invoking preinitialize():  .top.OrderedMerge
Called preinitialize()
Invoking preinitialize():  .top.Ramp
Called preinitialize()
Invoking preinitialize():  .top.Ramp2
Called preinitialize()
Invoking preinitialize():  .top.Test
Called preinitialize()
Connections changed on port: inputA
Connections changed on port: output
Connections changed on port: output
Connections changed on port: input
Connections changed on port: inputB
Connections changed on port: output
.top. Finished preinitialize().
Called initialize().
Invoking initialize():  .top.OrderedMerge
Initializing actor: .top.OrderedMerge
Adding a thread: .top.OrderedMerge
Invoking initialize():  .top.Ramp
Initializing actor: .top.Ramp
Adding a thread: .top.Ramp
Invoking initialize():  .top.Ramp2
Initializing actor: .top.Ramp2
Adding a thread: .top.Ramp2
Invoking initialize():  .top.Test
Initializing actor: .top.Test
Adding a thread: .top.Test
Called fire().
Checking for deadlock:
-- Starting thread.
Called initialize()
Called prefire()
Called fire()
-- Starting thread.
Called initialize()
Called prefire()
Called fire()
-- Starting thread.
Called initialize()
Called prefire()
Called fire()
-- Starting thread.
Called initialize()
Called prefire()
Called fire()
There are 0 Blocked actors, 0 Stopped actors, and 4 active threads.
Waiting for actors to stop.
Called postfire()
Called prefire()
Called fire()
Called postfire()
Called prefire()
Called fire()
Checking for deadlock:
There are 2 Blocked actors, 0 Stopped actors, and 4 active threads.
Waiting for actors to stop.
Called postfire()
Called prefire()
Called fire()
Read input token from inputA with value 0.0
Next port to read input from is inputB
Called postfire()
Called prefire()
Called fire()
Read input token from inputB with value 0.0
Sent output token with value 0.0
Next port to read input from is inputA
Called postfire()
Called prefire()
Called fire()
Read input token from inputA with value 1.0
Checking for deadlock:
There are 1 Blocked actors, 0 Stopped actors, and 4 active threads.
Waiting for actors to stop.
-- Read input: 0.0, which is expected to match: 0.0
Called prefire()
Called fire()
Called postfire()
Called prefire()
Called fire()
Called postfire()
Called prefire()
Called fire()
Checking for deadlock:
There are 3 Blocked actors, 0 Stopped actors, and 4 active threads.
Waiting for actors to stop.
-- Read input: 0.0, which is expected to match: 0.0
Called prefire()
Called fire()
Checking for deadlock:
There are 3 Blocked actors, 0 Stopped actors, and 4 active threads.
Waiting for actors to stop.
Sent output token with value 0.0
Next port to read input from is inputB
Called postfire()
Called prefire()
Called fire()
Checking for deadlock:
There are 2 Blocked actors, 0 Stopped actors, and 4 active threads.
Waiting for actors to stop.
Called postfire()
Called prefire()
Called fire()
Checking for deadlock:
There are 3 Blocked actors, 0 Stopped actors, and 4 active threads.
Waiting for actors to stop.
Read input token from inputB with value 1.5
Checking for deadlock:
There are 2 Blocked actors, 0 Stopped actors, and 4 active threads.
Waiting for actors to stop.
-- Read input: 1.0, which is expected to match: 1.0
Called prefire()
Called fire()
Checking for deadlock:
There are 3 Blocked actors, 0 Stopped actors, and 4 active threads.
Waiting for actors to stop.
Sent output token with value 1.0
Next port to read input from is inputA
Called postfire()
Called prefire()
Called fire()
Called postfire()
Called prefire()
Called fire()
Checking for deadlock:
There are 3 Blocked actors, 0 Stopped actors, and 4 active threads.
Waiting for actors to stop.
Read input token from inputA with value 2.0
-- Read input: 1.5, which is expected to match: 1.5
Called prefire()
Called fire()
Checking for deadlock:
There are 3 Blocked actors, 0 Stopped actors, and 4 active threads.
Waiting for actors to stop.
Sent output token with value 1.5
Next port to read input from is inputB
Called postfire()
Called prefire()
Called fire()
Checking for deadlock:
There are 2 Blocked actors, 0 Stopped actors, and 4 active threads.
Waiting for actors to stop.
Called postfire()
Called prefire()
Called fire()
Checking for deadlock:
There are 3 Blocked actors, 0 Stopped actors, and 4 active threads.
Waiting for actors to stop.
Read input token from inputB with value 3.0
Checking for deadlock:
There are 2 Blocked actors, 0 Stopped actors, and 4 active threads.
Waiting for actors to stop.
-- Read input: 2.0, which is expected to match: 2.0
Called prefire()
Called fire()
Checking for deadlock:
There are 3 Blocked actors, 0 Stopped actors, and 4 active threads.
Waiting for actors to stop.
Sent output token with value 2.0
Next port to read input from is inputA
Called postfire()
Called prefire()
Called fire()
Called postfire()
Called prefire()
Called fire()
Checking for deadlock:
There are 3 Blocked actors, 0 Stopped actors, and 4 active threads.
Waiting for actors to stop.
Read input token from inputA with value 3.0
-- Read input: 3.0, which is expected to match: 3.0
Called prefire()
Called fire()
Checking for deadlock:
There are 3 Blocked actors, 0 Stopped actors, and 4 active threads.
Waiting for actors to stop.
Sent output token with value 3.0
Next port to read input from is inputB
Called postfire()
Called prefire()
Called fire()
Checking for deadlock:
There are 2 Blocked actors, 0 Stopped actors, and 4 active threads.
Waiting for actors to stop.
Called postfire()
Called prefire()
Called fire()
Checking for deadlock:
There are 3 Blocked actors, 0 Stopped actors, and 4 active threads.
Waiting for actors to stop.
Read input token from inputB with value 4.5
Checking for deadlock:
There are 2 Blocked actors, 0 Stopped actors, and 4 active threads.
Waiting for actors to stop.
-- Read input: 3.0, which is expected to match: 3.0
Called prefire()
Called fire()
Checking for deadlock:
There are 3 Blocked actors, 0 Stopped actors, and 4 active threads.
Waiting for actors to stop.
Sent output token with value 3.0
Next port to read input from is inputA
Called postfire()
Called prefire()
Called fire()
Called postfire()
Called prefire()
Called fire()
Checking for deadlock:
There are 3 Blocked actors, 0 Stopped actors, and 4 active threads.
Waiting for actors to stop.
Read input token from inputA with value 4.0
-- Read input: 4.0, which is expected to match: 4.0
Called prefire()
Called fire()
Past the end of training data. Read and discard all inputs.
Checking for deadlock:
There are 3 Blocked actors, 0 Stopped actors, and 4 active threads.
Waiting for actors to stop.
Sent output token with value 4.0
Next port to read input from is inputA
Called postfire()
Called prefire()
Called fire()
Called postfire()
Called prefire()
Called fire()
Checking for deadlock:
There are 3 Blocked actors, 0 Stopped actors, and 4 active threads.
Waiting for actors to stop.
Read input token from inputA with value 5.0
Called prefire()
Called fire()
Past the end of training data. Read and discard all inputs.
Checking for deadlock:
There are 3 Blocked actors, 0 Stopped actors, and 4 active threads.
Waiting for actors to stop.
Sent output token with value 4.5
Next port to read input from is inputB
Called postfire()
Called prefire()
Called fire()
Checking for deadlock:
There are 2 Blocked actors, 0 Stopped actors, and 4 active threads.
Waiting for actors to stop.
Called postfire()
Called prefire()
Called fire()
Checking for deadlock:
There are 3 Blocked actors, 0 Stopped actors, and 4 active threads.
Waiting for actors to stop.
Read input token from inputB with value 6.0
Checking for deadlock:
There are 2 Blocked actors, 0 Stopped actors, and 4 active threads.
Waiting for actors to stop.
Called prefire()
Called fire()
Past the end of training data. Read and discard all inputs.
Checking for deadlock:
There are 3 Blocked actors, 0 Stopped actors, and 4 active threads.
Waiting for actors to stop.
Sent output token with value 5.0
Next port to read input from is inputA
Called postfire()
Called prefire()
Called fire()
Called postfire()
Called prefire()
Called fire()
Checking for deadlock:
There are 3 Blocked actors, 0 Stopped actors, and 4 active threads.
Waiting for actors to stop.
Read input token from inputA with value 6.0
Called prefire()
Called fire()
Past the end of training data. Read and discard all inputs.
Checking for deadlock:
There are 3 Blocked actors, 0 Stopped actors, and 4 active threads.
Waiting for actors to stop.
Sent output token with value 6.0
Next port to read input from is inputB
Called postfire()
Called prefire()
Called fire()
Checking for deadlock:
There are 2 Blocked actors, 0 Stopped actors, and 4 active threads.
Waiting for actors to stop.
Called postfire()
Called prefire()
Called fire()
Checking for deadlock:
There are 3 Blocked actors, 0 Stopped actors, and 4 active threads.
Waiting for actors to stop.
Read input token from inputB with value 7.5
Checking for deadlock:
There are 2 Blocked actors, 0 Stopped actors, and 4 active threads.
Waiting for actors to stop.
Called prefire()
Called fire()
Past the end of training data. Read and discard all inputs.
Checking for deadlock:
There are 3 Blocked actors, 0 Stopped actors, and 4 active threads.
Waiting for actors to stop.
Sent output token with value 6.0
Next port to read input from is inputA
Called postfire()
Called prefire()
Called fire()
Called postfire()
Called prefire()
Called fire()
Checking for deadlock:
There are 3 Blocked actors, 0 Stopped actors, and 4 active threads.
Waiting for actors to stop.
Read input token from inputA with value 7.0
Called prefire()
Called fire()
Past the end of training data. Read and discard all inputs.
Checking for deadlock:
There are 3 Blocked actors, 0 Stopped actors, and 4 active threads.
Waiting for actors to stop.
Sent output token with value 7.0
Next port to read input from is inputA
Called postfire()
Called prefire()
Called fire()
-- Thread wrapup() called.
Called wrapup()
Thread .top.Ramp is exiting.
-- Thread stopped.
Checking for deadlock:
There are 2 Blocked actors, 0 Stopped actors, and 3 active threads.
Waiting for actors to stop.
Read input token from inputA with value 8.0
Sent output token with value 7.5
Next port to read input from is inputB
Called postfire()
Called prefire()
Called fire()
Read input token from inputB with value 9.0
Checking for deadlock:
There are 1 Blocked actors, 0 Stopped actors, and 3 active threads.
Waiting for actors to stop.
Called prefire()
Called fire()
Past the end of training data. Read and discard all inputs.
Called postfire()
Called prefire()
Called fire()
Checking for deadlock:
There are 2 Blocked actors, 0 Stopped actors, and 3 active threads.
Waiting for actors to stop.
Called prefire()
Called fire()
Past the end of training data. Read and discard all inputs.
Checking for deadlock:
There are 2 Blocked actors, 0 Stopped actors, and 3 active threads.
Waiting for actors to stop.
Sent output token with value 8.0
Next port to read input from is inputA
Called postfire()
Called prefire()
Called fire()
Read input token from inputA with value 9.0
Called prefire()
Called fire()
Past the end of training data. Read and discard all inputs.
Checking for deadlock:
There are 2 Blocked actors, 0 Stopped actors, and 3 active threads.
Waiting for actors to stop.
Sent output token with value 9.0
Next port to read input from is inputB
Called postfire()
Called prefire()
Called fire()
Checking for deadlock:
There are 1 Blocked actors, 0 Stopped actors, and 3 active threads.
Waiting for actors to stop.
Called postfire()
Called prefire()
Called fire()
Checking for deadlock:
There are 2 Blocked actors, 0 Stopped actors, and 3 active threads.
Waiting for actors to stop.
Read input token from inputB with value 10.5
Checking for deadlock:
There are 1 Blocked actors, 0 Stopped actors, and 3 active threads.
Waiting for actors to stop.
Called prefire()
Called fire()
Past the end of training data. Read and discard all inputs.
Checking for deadlock:
There are 2 Blocked actors, 0 Stopped actors, and 3 active threads.
Waiting for actors to stop.
Sent output token with value 9.0
Next port to read input from is inputA
Called postfire()
Called prefire()
Called fire()
Checking for deadlock:
There are 3 Blocked actors, 0 Stopped actors, and 3 active threads.
Actors have stopped.
Checking for deadlock:
There are 3 Blocked actors, 0 Stopped actors, and 3 active threads.
Deadlock detected.
Resolving Deadlock
Checking for deadlock:
There are 3 Blocked actors, 0 Stopped actors, and 3 active threads.
Artificial Deadlock - increasing queue capacity.
increasing the capacity of receiver ptolemy.actor.TypedIOPort {.top.OrderedMerge.inputB} to 2
-- Thread wrapup() called.
Called wrapup()
Thread .top.Ramp2 is exiting.
-- Thread stopped.
Director: Called postfire().
Called postfire().
_stopRequested = false
_stopFireRequested = false
Returning from postfire(): true
Called fire().
Checking for deadlock:
There are 2 Blocked actors, 0 Stopped actors, and 2 active threads.
Actors have stopped.
Checking for deadlock:
There are 2 Blocked actors, 0 Stopped actors, and 2 active threads.
Deadlock detected.
Resolving Deadlock
Checking for deadlock:
There are 2 Blocked actors, 0 Stopped actors, and 2 active threads.
Deadlock detected: no processes blocked on write, but some are blocked on read.
Called postfire().
_stopRequested = false
_stopFireRequested = false
Returning from postfire(): false
Finished deactivating branches.
Called wrapup().
-- Thread wrapup() called.
Called wrapup()
Thread .top.Test is exiting.
-- Thread stopped.
-- Blocked Receiver call threw TerminateProcessException.
-- Thread wrapup() called.
Called wrapup()
Thread .top.OrderedMerge is exiting.
-- Thread stopped.
-- Blocked Receiver call threw TerminateProcessException.
67 ms. Memory: 129024K Free: 91375K (71%)
.top. Preinitializing ...
Invoking preinitialize():  .top.OrderedMerge
Called preinitialize()
Invoking preinitialize():  .top.Ramp
Called preinitialize()
Invoking preinitialize():  .top.Ramp2
Called preinitialize()
Invoking preinitialize():  .top.Test
Called preinitialize()
.top. Finished preinitialize().
Called initialize().
Invoking initialize():  .top.OrderedMerge
Initializing actor: .top.OrderedMerge
Adding a thread: .top.OrderedMerge
Invoking initialize():  .top.Ramp
Initializing actor: .top.Ramp
Adding a thread: .top.Ramp
Invoking initialize():  .top.Ramp2
Initializing actor: .top.Ramp2
Adding a thread: .top.Ramp2
Invoking initialize():  .top.Test
Initializing actor: .top.Test
Adding a thread: .top.Test
-- Starting thread.
Called initialize()
Called prefire()
Called fire()
-- Starting thread.
Called initialize()
Called prefire()
Called fire()
Called postfire()
Called prefire()
Called fire()
-- Starting thread.
Called initialize()
Called prefire()
Called fire()
Called postfire()
Called prefire()
Called fire()
Called fire().
Checking for deadlock:
There are 3 Blocked actors, 0 Stopped actors, and 4 active threads.
Waiting for actors to stop.
-- Starting thread.
Called initialize()
Called prefire()
Called fire()
Checking for deadlock:
There are 2 Blocked actors, 0 Stopped actors, and 4 active threads.
Waiting for actors to stop.
Called postfire()
Called prefire()
Called fire()
Read input token from inputA with value 0.0
Next port to read input from is inputB
Called postfire()
Called prefire()
Called fire()
Read input token from inputB with value 0.0
Sent output token with value 0.0
Next port to read input from is inputA
Called postfire()
Called prefire()
Called fire()
Read input token from inputA with value 1.0
Checking for deadlock:
There are 1 Blocked actors, 0 Stopped actors, and 4 active threads.
Waiting for actors to stop.
Called postfire()
Called prefire()
Called fire()
-- Read input: 0.0, which is expected to match: 0.0
Called prefire()
Called fire()
Called postfire()
Called prefire()
Called fire()
Checking for deadlock:
There are 3 Blocked actors, 0 Stopped actors, and 4 active threads.
Waiting for actors to stop.
-- Read input: 0.0, which is expected to match: 0.0
Called prefire()
Called fire()
Checking for deadlock:
There are 3 Blocked actors, 0 Stopped actors, and 4 active threads.
Waiting for actors to stop.
Sent output token with value 0.0
Next port to read input from is inputB
Called postfire()
Called prefire()
Called fire()
Called postfire()
Called prefire()
Called fire()
Checking for deadlock:
There are 3 Blocked actors, 0 Stopped actors, and 4 active threads.
Waiting for actors to stop.
Read input token from inputB with value 1.5
-- Read input: 1.0, which is expected to match: 1.0
Called prefire()
Called fire()
Checking for deadlock:
There are 3 Blocked actors, 0 Stopped actors, and 4 active threads.
Waiting for actors to stop.
Sent output token with value 1.0
Next port to read input from is inputA
Called postfire()
Called prefire()
Called fire()
Checking for deadlock:
There are 2 Blocked actors, 0 Stopped actors, and 4 active threads.
Waiting for actors to stop.
Read input token from inputA with value 2.0
Called postfire()
Called prefire()
Called fire()
Checking for deadlock:
There are 3 Blocked actors, 0 Stopped actors, and 4 active threads.
Waiting for actors to stop.
Checking for deadlock:
There are 2 Blocked actors, 0 Stopped actors, and 4 active threads.
Waiting for actors to stop.
-- Read input: 1.5, which is expected to match: 1.5
Called prefire()
Called fire()
Checking for deadlock:
There are 3 Blocked actors, 0 Stopped actors, and 4 active threads.
Waiting for actors to stop.
Sent output token with value 1.5
Next port to read input from is inputB
Called postfire()
Called prefire()
Called fire()
Checking for deadlock:
There are 2 Blocked actors, 0 Stopped actors, and 4 active threads.
Waiting for actors to stop.
Called postfire()
Called prefire()
Called fire()
Checking for deadlock:
There are 3 Blocked actors, 0 Stopped actors, and 4 active threads.
Waiting for actors to stop.
Read input token from inputB with value 3.0
Checking for deadlock:
There are 2 Blocked actors, 0 Stopped actors, and 4 active threads.
Waiting for actors to stop.
-- Read input: 2.0, which is expected to match: 2.0
Called prefire()
Called fire()
Checking for deadlock:
Sent output token with value 2.0
There are 3 Blocked actors, 0 Stopped actors, and 4 active threads.
Waiting for actors to stop.
Next port to read input from is inputA
Called postfire()
Called prefire()
Called fire()
Checking for deadlock:
There are 2 Blocked actors, 0 Stopped actors, and 4 active threads.
Waiting for actors to stop.
Read input token from inputA with value 3.0
Called postfire()
Called prefire()
Called fire()
Checking for deadlock:
There are 3 Blocked actors, 0 Stopped actors, and 4 active threads.
Waiting for actors to stop.
Checking for deadlock:
There are 2 Blocked actors, 0 Stopped actors, and 4 active threads.
Waiting for actors to stop.
-- Read input: 3.0, which is expected to match: 3.0
Called prefire()
Called fire()
Checking for deadlock:
There are 3 Blocked actors, 0 Stopped actors, and 4 active threads.
Waiting for actors to stop.
Sent output token with value 3.0
Next port to read input from is inputB
Called postfire()
Called prefire()
Called fire()
Checking for deadlock:
There are 2 Blocked actors, 0 Stopped actors, and 4 active threads.
Waiting for actors to stop.
Called postfire()
Called prefire()
Called fire()
Checking for deadlock:
There are 3 Blocked actors, 0 Stopped actors, and 4 active threads.
Waiting for actors to stop.
Read input token from inputB with value 4.5
Checking for deadlock:
There are 2 Blocked actors, 0 Stopped actors, and 4 active threads.
Waiting for actors to stop.
-- Read input: 3.0, which is expected to match: 3.0
Called prefire()
Called fire()
Checking for deadlock:
There are 3 Blocked actors, 0 Stopped actors, and 4 active threads.
Waiting for actors to stop.
Sent output token with value 3.0
Next port to read input from is inputA
Called postfire()
Called prefire()
Called fire()
Called postfire()
Called prefire()
Called fire()
Checking for deadlock:
There are 3 Blocked actors, 0 Stopped actors, and 4 active threads.
Waiting for actors to stop.
Read input token from inputA with value 4.0
-- Read input: 4.0, which is expected to match: 4.0
Called prefire()
Called fire()
Past the end of training data. Read and discard all inputs.
Checking for deadlock:
There are 3 Blocked actors, 0 Stopped actors, and 4 active threads.
Waiting for actors to stop.
Sent output token with value 4.0
Next port to read input from is inputA
Called postfire()
Called prefire()
Called fire()
Called postfire()
Called prefire()
Called fire()
Checking for deadlock:
There are 3 Blocked actors, 0 Stopped actors, and 4 active threads.
Waiting for actors to stop.
Read input token from inputA with value 5.0
Called prefire()
Called fire()
Past the end of training data. Read and discard all inputs.
Checking for deadlock:
There are 3 Blocked actors, 0 Stopped actors, and 4 active threads.
Waiting for actors to stop.
Sent output token with value 4.5
Next port to read input from is inputB
Called postfire()
Called prefire()
Called fire()
Checking for deadlock:
There are 2 Blocked actors, 0 Stopped actors, and 4 active threads.
Waiting for actors to stop.
Read input token from inputB with value 6.0
Called postfire()
Called prefire()
Called fire()
Checking for deadlock:
There are 3 Blocked actors, 0 Stopped actors, and 4 active threads.
Waiting for actors to stop.
Checking for deadlock:
There are 2 Blocked actors, 0 Stopped actors, and 4 active threads.
Waiting for actors to stop.
Called prefire()
Called fire()
Past the end of training data. Read and discard all inputs.
Checking for deadlock:
Sent output token with value 5.0
There are 3 Blocked actors, 0 Stopped actors, and 4 active threads.
Waiting for actors to stop.
Next port to read input from is inputA
Called postfire()
Called prefire()
Called fire()
Checking for deadlock:
There are 2 Blocked actors, 0 Stopped actors, and 4 active threads.
Waiting for actors to stop.
Called postfire()
Called prefire()
Called fire()
Checking for deadlock:
Read input token from inputA with value 6.0
There are 3 Blocked actors, 0 Stopped actors, and 4 active threads.
Waiting for actors to stop.
Checking for deadlock:
There are 2 Blocked actors, 0 Stopped actors, and 4 active threads.
Waiting for actors to stop.
Sent output token with value 6.0
Called prefire()
Called fire()
Past the end of training data. Read and discard all inputs.
Checking for deadlock:
There are 3 Blocked actors, 0 Stopped actors, and 4 active threads.
Waiting for actors to stop.
Next port to read input from is inputB
Called postfire()
Called prefire()
Called fire()
Checking for deadlock:
Called postfire()
Called prefire()
There are 2 Blocked actors, 0 Stopped actors, and 4 active threads.
Called fire()
Waiting for actors to stop.
Checking for deadlock:
There are 3 Blocked actors, 0 Stopped actors, and 4 active threads.
Waiting for actors to stop.
Read input token from inputB with value 7.5
Checking for deadlock:
There are 2 Blocked actors, 0 Stopped actors, and 4 active threads.
Sent output token with value 6.0
Waiting for actors to stop.
Called prefire()
Called fire()
Past the end of training data. Read and discard all inputs.
Checking for deadlock:
There are 3 Blocked actors, 0 Stopped actors, and 4 active threads.
Waiting for actors to stop.
Next port to read input from is inputA
Called postfire()
Called prefire()
Called fire()
Checking for deadlock:
There are 2 Blocked actors, 0 Stopped actors, and 4 active threads.
Waiting for actors to stop.
Read input token from inputA with value 7.0
Called postfire()
Called prefire()
Called fire()
Checking for deadlock:
There are 3 Blocked actors, 0 Stopped actors, and 4 active threads.
Waiting for actors to stop.
Checking for deadlock:
There are 2 Blocked actors, 0 Stopped actors, and 4 active threads.
Waiting for actors to stop.
Sent output token with value 7.0
Called prefire()
Called fire()
Past the end of training data. Read and discard all inputs.
Checking for deadlock:
There are 3 Blocked actors, 0 Stopped actors, and 4 active threads.
Next port to read input from is inputA
Called postfire()
Waiting for actors to stop.
Called prefire()
Called fire()
Checking for deadlock:
-- Thread wrapup() called.
There are 2 Blocked actors, 0 Stopped actors, and 4 active threads.
Called wrapup()
Waiting for actors to stop.
Thread .top.Ramp is exiting.
-- Thread stopped.
Checking for deadlock:
There are 2 Blocked actors, 0 Stopped actors, and 3 active threads.
Read input token from inputA with value 8.0
Waiting for actors to stop.
Checking for deadlock:
There are 1 Blocked actors, 0 Stopped actors, and 3 active threads.
Waiting for actors to stop.
Called prefire()
Called fire()
Past the end of training data. Read and discard all inputs.
Sent output token with value 7.5
Checking for deadlock:
There are 2 Blocked actors, 0 Stopped actors, and 3 active threads.
Waiting for actors to stop.
Next port to read input from is inputB
Called postfire()
Called prefire()
Called fire()
Checking for deadlock:
There are 1 Blocked actors, 0 Stopped actors, and 3 active threads.
Waiting for actors to stop.
Read input token from inputB with value 9.0
Called postfire()
Called prefire()
Called fire()
Checking for deadlock:
There are 2 Blocked actors, 0 Stopped actors, and 3 active threads.
Waiting for actors to stop.
Checking for deadlock:
There are 1 Blocked actors, 0 Stopped actors, and 3 active threads.
Waiting for actors to stop.
Sent output token with value 8.0
Called prefire()
Called fire()
Past the end of training data. Read and discard all inputs.
Checking for deadlock:
There are 2 Blocked actors, 0 Stopped actors, and 3 active threads.
Next port to read input from is inputA
Called postfire()
Waiting for actors to stop.
Called prefire()
Called fire()
Read input token from inputA with value 9.0
Called prefire()
Called fire()
Past the end of training data. Read and discard all inputs.
Checking for deadlock:
There are 2 Blocked actors, 0 Stopped actors, and 3 active threads.
Waiting for actors to stop.
Sent output token with value 9.0
Next port to read input from is inputB
Called postfire()
Called prefire()
Called fire()
Checking for deadlock:
There are 1 Blocked actors, 0 Stopped actors, and 3 active threads.
Waiting for actors to stop.
Called postfire()
Called prefire()
Called fire()
Checking for deadlock:
Read input token from inputB with value 10.5
There are 2 Blocked actors, 0 Stopped actors, and 3 active threads.
Waiting for actors to stop.
Checking for deadlock:
There are 1 Blocked actors, 0 Stopped actors, and 3 active threads.
Waiting for actors to stop.
Sent output token with value 9.0
Called prefire()
Called fire()
Past the end of training data. Read and discard all inputs.
Checking for deadlock:
Next port to read input from is inputA
Called postfire()
There are 2 Blocked actors, 0 Stopped actors, and 3 active threads.
Called prefire()
Called fire()
Waiting for actors to stop.
Checking for deadlock:
There are 3 Blocked actors, 0 Stopped actors, and 3 active threads.
Actors have stopped.
Checking for deadlock:
There are 3 Blocked actors, 0 Stopped actors, and 3 active threads.
Deadlock detected.
Resolving Deadlock
Checking for deadlock:
There are 3 Blocked actors, 0 Stopped actors, and 3 active threads.
Artificial Deadlock - increasing queue capacity.
increasing the capacity of receiver ptolemy.actor.TypedIOPort {.top.OrderedMerge.inputB} to 2
Director: Called postfire().
Called postfire().
_stopRequested = false
_stopFireRequested = false
Returning from postfire(): true
-- Thread wrapup() called.
Called fire().
Checking for deadlock:
Called wrapup()
There are 2 Blocked actors, 0 Stopped actors, and 3 active threads.
Waiting for actors to stop.
Thread .top.Ramp2 is exiting.
-- Thread stopped.
Checking for deadlock:
There are 2 Blocked actors, 0 Stopped actors, and 2 active threads.
Actors have stopped.
Checking for deadlock:
There are 2 Blocked actors, 0 Stopped actors, and 2 active threads.
Deadlock detected.
Resolving Deadlock
Checking for deadlock:
There are 2 Blocked actors, 0 Stopped actors, and 2 active threads.
Deadlock detected: no processes blocked on write, but some are blocked on read.
Called postfire().
_stopRequested = false
_stopFireRequested = false
Returning from postfire(): false
Finished deactivating branches.
Called wrapup().
-- Thread wrapup() called.
Called wrapup()
Thread .top.Test is exiting.
-- Thread stopped.
-- Blocked Receiver call threw TerminateProcessException.
-- Thread wrapup() called.
Called wrapup()
Thread .top.OrderedMerge is exiting.
-- Thread stopped.
-- Blocked Receiver call threw TerminateProcessException.
41 ms. Memory: 129024K Free: 88817K (69%)
/home/travis/build/icyphy/ptII/ptolemy/actor/lib/test/Publisher.tcl
11 ms. Memory: 129024K Free: 82673K (64%)
3 ms. Memory: 129024K Free: 77553K (60%)
2 ms. Memory: 129024K Free: 73953K (57%)
3 ms. Memory: 129024K Free: 72943K (57%)
2 ms. Memory: 129024K Free: 71919K (56%)
3 ms. Memory: 129024K Free: 70895K (55%)
2 ms. Memory: 129024K Free: 70385K (55%)
3 ms. Memory: 129024K Free: 69361K (54%)
28 ms. Memory: 129024K Free: 111381K (86%)
8 ms. Memory: 129024K Free: 107789K (84%)
2 ms. Memory: 129024K Free: 107285K (83%)
3 ms. Memory: 129024K Free: 104709K (81%)
6 ms. Memory: 129024K Free: 97045K (75%)
5 ms. Memory: 129024K Free: 87315K (68%)
5 ms. Memory: 129024K Free: 76565K (59%)
/home/travis/build/icyphy/ptII/ptolemy/actor/lib/test/Pulse.tcl
6 ms. Memory: 159744K Free: 127715K (80%)
8 ms. Memory: 159744K Free: 127187K (80%)
2 ms. Memory: 159744K Free: 126691K (79%)
2 ms. Memory: 159744K Free: 126163K (79%)
2 ms. Memory: 159744K Free: 125667K (79%)
9 ms. Memory: 159744K Free: 124643K (78%)
6 ms. Memory: 159744K Free: 123619K (77%)
6 ms. Memory: 159744K Free: 122595K (77%)
2 ms. Memory: 159744K Free: 122067K (76%)
/home/travis/build/icyphy/ptII/ptolemy/actor/lib/test/Ramp.tcl
5 ms. Memory: 159744K Free: 120003K (75%)
8 ms. Memory: 159744K Free: 119523K (75%)
4 ms. Memory: 159744K Free: 118499K (74%)
4 ms. Memory: 159744K Free: 117971K (74%)
6 ms. Memory: 159744K Free: 116931K (73%)
8 ms. Memory: 159744K Free: 115937K (73%)
8 ms. Memory: 159744K Free: 115427K (72%)
5 actors
6000 microseconds per iteration to create
10 ms. Memory: 159744K Free: 112355K (70%)
3 ms. Memory: 159744K Free: 111841K (70%)
4 ms. Memory: 159744K Free: 111331K (70%)
2 ms. Memory: 159744K Free: 110803K (69%)
50 actors
43000 microseconds per iteration to create
42 ms. Memory: 159744K Free: 94947K (59%)
13 ms. Memory: 159744K Free: 93923K (59%)
9 ms. Memory: 159744K Free: 92899K (58%)
4 ms. Memory: 159744K Free: 91875K (58%)
500 actors
1392000 microseconds per iteration to create
235 ms. Memory: 159744K Free: 75109K (47%)
35 ms. Memory: 159744K Free: 69989K (44%)
37 ms. Memory: 159744K Free: 64869K (41%)
47 ms. Memory: 159744K Free: 133584K (84%)
/home/travis/build/icyphy/ptII/ptolemy/actor/lib/test/RampContinuous.tcl
6 ms. Memory: 159744K Free: 132048K (83%)
/home/travis/build/icyphy/ptII/ptolemy/actor/lib/test/RecordAssembler.tcl
4 ms. Memory: 159744K Free: 130512K (82%)
3 ms. Memory: 159744K Free: 129482K (81%)
/home/travis/build/icyphy/ptII/ptolemy/actor/lib/test/RecordDisassembler.tcl
5 ms. Memory: 159744K Free: 127954K (80%)
2 ms. Memory: 159744K Free: 127426K (80%)
3 ms. Memory: 159744K Free: 125906K (79%)
/home/travis/build/icyphy/ptII/ptolemy/actor/lib/test/Scale.tcl
2 ms. Memory: 159744K Free: 124354K (78%)
1 ms. Memory: 159744K Free: 123344K (77%)
1 ms. Memory: 159744K Free: 122834K (77%)
2 ms. Memory: 159744K Free: 121810K (76%)
2 ms. Memory: 159744K Free: 120786K (76%)
/home/travis/build/icyphy/ptII/ptolemy/actor/lib/test/SequentialClock.tcl
preinitializing
resolving types
initializing
executing number 1
wrapping up
idle
2 ms. Memory: 159744K Free: 119762K (75%)
Completed execution with 5 iterations
preinitializing
resolving types
initializing
executing number 1
wrapping up
idle
1 ms. Memory: 159744K Free: 119248K (75%)
Completed execution with 5 iterations
preinitializing
resolving types
initializing
executing number 1
wrapping up
idle
1 ms. Memory: 159744K Free: 118738K (74%)
Completed execution with 5 iterations
/home/travis/build/icyphy/ptII/ptolemy/actor/lib/test/SetVariable.tcl
4 ms. Memory: 159744K Free: 116690K (73%)
/home/travis/build/icyphy/ptII/ptolemy/actor/lib/test/Sinewave.tcl
/home/travis/build/icyphy/ptII/ptolemy/actor/lib/test/SubscriptionAggregator.tcl
5 ms. Memory: 159744K Free: 105426K (66%)
4 ms. Memory: 159744K Free: 104882K (66%)
0 ms. Memory: 159744K Free: 104402K (65%)
0 ms. Memory: 159744K Free: 103874K (65%)
3 ms. Memory: 159744K Free: 100306K (63%)
10 ms. Memory: 159744K Free: 98258K (62%)
...............................................................895 ms. Memory: 276480K Free: 179696K (65%)
/home/travis/build/icyphy/ptII/ptolemy/actor/lib/test/Test.tcl
 The next command will produce a warning about training mode,
   which may be ignored.
5 ms. Memory: 276480K Free: 177650K (64%)
3 ms. Memory: 276480K Free: 177106K (64%)
1 ms. Memory: 276480K Free: 176626K (64%)
1 ms. Memory: 276480K Free: 175602K (64%)
2 ms. Memory: 276480K Free: 175088K (63%)
4 ms. Memory: 276480K Free: 174064K (63%)
4 ms. Memory: 276480K Free: 172530K (62%)
 The next command will produce a warning about training mode,
   which may be ignored.
4 ms. Memory: 276480K Free: 170482K (62%)
 The next command will produce a warning about training mode,
   which may be ignored.
2 ms. Memory: 276480K Free: 168914K (61%)
1 ms. Memory: 276480K Free: 168914K (61%)
2 ms. Memory: 276480K Free: 168434K (61%)
1 ms. Memory: 276480K Free: 167914K (61%)
5 ms. Memory: 276480K Free: 166882K (60%)
3 ms. Memory: 276480K Free: 162800K (59%)
/home/travis/build/icyphy/ptII/ptolemy/actor/lib/test/TestExceptionHandler.tcl
 The next command will produce a warning about training mode,
   which may be ignored.
3 ms. Memory: 276480K Free: 161762K (59%)
1 ms. Memory: 276480K Free: 161266K (58%)
1 ms. Memory: 276480K Free: 160752K (58%)
/home/travis/build/icyphy/ptII/ptolemy/actor/lib/test/UnionDisassembler.tcl
31 ms. Memory: 276480K Free: 153074K (55%)
/home/travis/build/icyphy/ptII/ptolemy/actor/lib/test/VariableClock.tcl
preinitializing
resolving types
initializing
executing number 1
wrapping up
idle
3 ms. Memory: 276480K Free: 151536K (55%)
Completed execution with 11 iterations
preinitializing
resolving types
initializing
executing number 1
wrapping up
idle
3 ms. Memory: 276480K Free: 150002K (54%)
Completed execution with 10 iterations
06/27/21 05:24:17
Failed: 0  Total Tests: 233  ((Passed: 233, Newly Passed: 0)  Known Failed: 0) /home/travis/build/icyphy/ptII/ptolemy/actor/lib/test
----------------- testing (KnownFailure) /home/travis/build/icyphy/ptII/ptolemy/actor/lib/test/auto/knownFailedTests/PublisherPortToplevelSubscriber.xml
0 ms. Memory: 276480K Free: 146416K (53%)
Known Failure: java.lang.reflect.InvocationTargetException
----------------- testing (KnownFailure) /home/travis/build/icyphy/ptII/ptolemy/actor/lib/test/auto/knownFailedTests/PublisherSubscriberPortToplevel.xml
0 ms. Memory: 276480K Free: 142320K (51%)
Known Failure: java.lang.reflect.InvocationTargetException
----------------- testing (KnownFailure) /home/travis/build/icyphy/ptII/ptolemy/actor/lib/test/auto/knownFailedTests/PublisherSubscriptionAggregatorPort.xml
0 ms. Memory: 276480K Free: 138224K (50%)
Known Failure: java.lang.reflect.InvocationTargetException
----------------- testing (KnownFailure) /home/travis/build/icyphy/ptII/ptolemy/actor/lib/test/auto/knownFailedTests/sizedarray3.xml
3 ms. Memory: 276480K Free: 134128K (49%)
Known Failure: java.lang.reflect.InvocationTargetException
No auto/linux-amd64/*.xml tests in /home/travis/build/icyphy/ptII/ptolemy/actor/lib/test
AutoTests.java: About to close Vertx.
AutoTests.java: Vertx closed.

===========================================================================================
----------------- testing Sun Jun 27 17:24:18 UTC 2021 /home/travis/build/icyphy/ptII/ptolemy/actor/lib/test/auto/AbsoluteValue.xml
----------------- Instantiating /home/travis/build/icyphy/ptII/ptolemy/actor/lib/test/auto/AbsoluteValue.xml
4 ms. Memory: 276480K Free: 111090K (40%)
----------------- Invoking toplevel() on ptolemy.moml.MoMLSimpleApplication@15aa895d
----------------- Done invoking toplevel() on ptolemy.moml.MoMLSimpleApplication@15aa895d
reloadAllAccessors: .AbsoluteValue

===========================================================================================
----------------- testing Sun Jun 27 17:24:18 UTC 2021 /home/travis/build/icyphy/ptII/ptolemy/actor/lib/test/auto/AbsoluteValue2.xml
----------------- Instantiating /home/travis/build/icyphy/ptII/ptolemy/actor/lib/test/auto/AbsoluteValue2.xml
99 ms. Memory: 276480K Free: 225790K (82%)
----------------- Invoking toplevel() on ptolemy.moml.MoMLSimpleApplication@63967827
----------------- Done invoking toplevel() on ptolemy.moml.MoMLSimpleApplication@63967827
reloadAllAccessors: .AbsoluteValue2

===========================================================================================
----------------- testing Sun Jun 27 17:24:18 UTC 2021 /home/travis/build/icyphy/ptII/ptolemy/actor/lib/test/auto/Accumulator.xml
----------------- Instantiating /home/travis/build/icyphy/ptII/ptolemy/actor/lib/test/auto/Accumulator.xml
6 ms. Memory: 276480K Free: 218616K (79%)
----------------- Invoking toplevel() on ptolemy.moml.MoMLSimpleApplication@425a9ffd
----------------- Done invoking toplevel() on ptolemy.moml.MoMLSimpleApplication@425a9ffd
reloadAllAccessors: .Accumulator

===========================================================================================
----------------- testing Sun Jun 27 17:24:18 UTC 2021 /home/travis/build/icyphy/ptII/ptolemy/actor/lib/test/auto/Accumulator2.xml
----------------- Instantiating /home/travis/build/icyphy/ptII/ptolemy/actor/lib/test/auto/Accumulator2.xml
2 ms. Memory: 276480K Free: 213502K (77%)
----------------- Invoking toplevel() on ptolemy.moml.MoMLSimpleApplication@3363d481
----------------- Done invoking toplevel() on ptolemy.moml.MoMLSimpleApplication@3363d481
reloadAllAccessors: .Accumulator2

===========================================================================================
----------------- testing Sun Jun 27 17:24:18 UTC 2021 /home/travis/build/icyphy/ptII/ptolemy/actor/lib/test/auto/Accumulator3.xml
----------------- Instantiating /home/travis/build/icyphy/ptII/ptolemy/actor/lib/test/auto/Accumulator3.xml
2 ms. Memory: 276480K Free: 209406K (76%)
----------------- Invoking toplevel() on ptolemy.moml.MoMLSimpleApplication@4c359cce
----------------- Done invoking toplevel() on ptolemy.moml.MoMLSimpleApplication@4c359cce
reloadAllAccessors: .Accumulator3

===========================================================================================
----------------- testing Sun Jun 27 17:24:18 UTC 2021 /home/travis/build/icyphy/ptII/ptolemy/actor/lib/test/auto/ArrayAppend.xml
----------------- Instantiating /home/travis/build/icyphy/ptII/ptolemy/actor/lib/test/auto/ArrayAppend.xml
6 ms. Memory: 276480K Free: 203247K (74%)
----------------- Invoking toplevel() on ptolemy.moml.MoMLSimpleApplication@35703aae
----------------- Done invoking toplevel() on ptolemy.moml.MoMLSimpleApplication@35703aae
reloadAllAccessors: .ArrayAppend

===========================================================================================
----------------- testing Sun Jun 27 17:24:18 UTC 2021 /home/travis/build/icyphy/ptII/ptolemy/actor/lib/test/auto/ArrayAppend2.xml
----------------- Instantiating /home/travis/build/icyphy/ptII/ptolemy/actor/lib/test/auto/ArrayAppend2.xml
271 ms. Memory: 276480K Free: 133630K (48%)
----------------- Invoking toplevel() on ptolemy.moml.MoMLSimpleApplication@5f086998
----------------- Done invoking toplevel() on ptolemy.moml.MoMLSimpleApplication@5f086998
reloadAllAccessors: .ArrayAppend2

===========================================================================================
----------------- testing Sun Jun 27 17:24:18 UTC 2021 /home/travis/build/icyphy/ptII/ptolemy/actor/lib/test/auto/ArrayAppend3.xml
----------------- Instantiating /home/travis/build/icyphy/ptII/ptolemy/actor/lib/test/auto/ArrayAppend3.xml
3 ms. Memory: 276480K Free: 128510K (46%)
----------------- Invoking toplevel() on ptolemy.moml.MoMLSimpleApplication@6794789e
----------------- Done invoking toplevel() on ptolemy.moml.MoMLSimpleApplication@6794789e
reloadAllAccessors: .ArrayAppend3

===========================================================================================
----------------- testing Sun Jun 27 17:24:18 UTC 2021 /home/travis/build/icyphy/ptII/ptolemy/actor/lib/test/auto/ArrayAppend4.xml
----------------- Instantiating /home/travis/build/icyphy/ptII/ptolemy/actor/lib/test/auto/ArrayAppend4.xml
2 ms. Memory: 276480K Free: 123390K (45%)
----------------- Invoking toplevel() on ptolemy.moml.MoMLSimpleApplication@867055c
----------------- Done invoking toplevel() on ptolemy.moml.MoMLSimpleApplication@867055c
reloadAllAccessors: .ArrayAppend4

===========================================================================================
----------------- testing Sun Jun 27 17:24:18 UTC 2021 /home/travis/build/icyphy/ptII/ptolemy/actor/lib/test/auto/ArrayAppend5.xml
----------------- Instantiating /home/travis/build/icyphy/ptII/ptolemy/actor/lib/test/auto/ArrayAppend5.xml
8 ms. Memory: 276480K Free: 117760K (43%)
----------------- Invoking toplevel() on ptolemy.moml.MoMLSimpleApplication@266a0830
----------------- Done invoking toplevel() on ptolemy.moml.MoMLSimpleApplication@266a0830
reloadAllAccessors: .ArrayAppend5

===========================================================================================
----------------- testing Sun Jun 27 17:24:18 UTC 2021 /home/travis/build/icyphy/ptII/ptolemy/actor/lib/test/auto/ArrayAppend6.xml
----------------- Instantiating /home/travis/build/icyphy/ptII/ptolemy/actor/lib/test/auto/ArrayAppend6.xml
2 ms. Memory: 276480K Free: 112640K (41%)
----------------- Invoking toplevel() on ptolemy.moml.MoMLSimpleApplication@7a9812c4
----------------- Done invoking toplevel() on ptolemy.moml.MoMLSimpleApplication@7a9812c4
reloadAllAccessors: .ArrayAppend6

===========================================================================================
----------------- testing Sun Jun 27 17:24:18 UTC 2021 /home/travis/build/icyphy/ptII/ptolemy/actor/lib/test/auto/ArrayAppendPerformanceTest.xml
----------------- Instantiating /home/travis/build/icyphy/ptII/ptolemy/actor/lib/test/auto/ArrayAppendPerformanceTest.xml
36 ms. Memory: 276480K Free: 101886K (37%)
----------------- Invoking toplevel() on ptolemy.moml.MoMLSimpleApplication@1ec6d59a
----------------- Done invoking toplevel() on ptolemy.moml.MoMLSimpleApplication@1ec6d59a
reloadAllAccessors: .ArrayAppendPerformanceTest

===========================================================================================
----------------- testing Sun Jun 27 17:24:18 UTC 2021 /home/travis/build/icyphy/ptII/ptolemy/actor/lib/test/auto/ArrayAppendWithEmptyInput.xml
----------------- Instantiating /home/travis/build/icyphy/ptII/ptolemy/actor/lib/test/auto/ArrayAppendWithEmptyInput.xml
14 ms. Memory: 276480K Free: 93694K (34%)
----------------- Invoking toplevel() on ptolemy.moml.MoMLSimpleApplication@6d2529ed
----------------- Done invoking toplevel() on ptolemy.moml.MoMLSimpleApplication@6d2529ed
reloadAllAccessors: .ArrayAppendWithEmptyInput

===========================================================================================
----------------- testing Sun Jun 27 17:24:18 UTC 2021 /home/travis/build/icyphy/ptII/ptolemy/actor/lib/test/auto/ArrayAverage.xml
----------------- Instantiating /home/travis/build/icyphy/ptII/ptolemy/actor/lib/test/auto/ArrayAverage.xml
5 ms. Memory: 276480K Free: 86016K (31%)
----------------- Invoking toplevel() on ptolemy.moml.MoMLSimpleApplication@2c7c9380
----------------- Done invoking toplevel() on ptolemy.moml.MoMLSimpleApplication@2c7c9380
reloadAllAccessors: .ArrayAverage

===========================================================================================
----------------- testing Sun Jun 27 17:24:19 UTC 2021 /home/travis/build/icyphy/ptII/ptolemy/actor/lib/test/auto/ArrayContains.xml
----------------- Instantiating /home/travis/build/icyphy/ptII/ptolemy/actor/lib/test/auto/ArrayContains.xml
3 ms. Memory: 276480K Free: 79872K (29%)
----------------- Invoking toplevel() on ptolemy.moml.MoMLSimpleApplication@243a2639
----------------- Done invoking toplevel() on ptolemy.moml.MoMLSimpleApplication@243a2639
reloadAllAccessors: .ArrayContains

===========================================================================================
----------------- testing Sun Jun 27 17:24:19 UTC 2021 /home/travis/build/icyphy/ptII/ptolemy/actor/lib/test/auto/ArrayElement.xml
----------------- Instantiating /home/travis/build/icyphy/ptII/ptolemy/actor/lib/test/auto/ArrayElement.xml
4 ms. Memory: 276480K Free: 223346K (81%)
----------------- Invoking toplevel() on ptolemy.moml.MoMLSimpleApplication@5f3f3e04
----------------- Done invoking toplevel() on ptolemy.moml.MoMLSimpleApplication@5f3f3e04
reloadAllAccessors: .ArrayElement

===========================================================================================
----------------- testing Sun Jun 27 17:24:19 UTC 2021 /home/travis/build/icyphy/ptII/ptolemy/actor/lib/test/auto/ArrayElementAsMatrix.xml
----------------- Instantiating /home/travis/build/icyphy/ptII/ptolemy/actor/lib/test/auto/ArrayElementAsMatrix.xml
23 ms. Memory: 276480K Free: 213106K (77%)
----------------- Invoking toplevel() on ptolemy.moml.MoMLSimpleApplication@482aaddc
----------------- Done invoking toplevel() on ptolemy.moml.MoMLSimpleApplication@482aaddc
reloadAllAccessors: .ArrayElementAsMatrix

===========================================================================================
----------------- testing Sun Jun 27 17:24:19 UTC 2021 /home/travis/build/icyphy/ptII/ptolemy/actor/lib/test/auto/ArrayElementI.xml
----------------- Instantiating /home/travis/build/icyphy/ptII/ptolemy/actor/lib/test/auto/ArrayElementI.xml
2 ms. Memory: 276480K Free: 208496K (75%)
----------------- Invoking toplevel() on ptolemy.moml.MoMLSimpleApplication@6dad29fa
----------------- Done invoking toplevel() on ptolemy.moml.MoMLSimpleApplication@6dad29fa
reloadAllAccessors: .ArrayElementI

===========================================================================================
----------------- testing Sun Jun 27 17:24:19 UTC 2021 /home/travis/build/icyphy/ptII/ptolemy/actor/lib/test/auto/ArrayExtract.xml
----------------- Instantiating /home/travis/build/icyphy/ptII/ptolemy/actor/lib/test/auto/ArrayExtract.xml
5 ms. Memory: 276480K Free: 199794K (72%)
----------------- Invoking toplevel() on ptolemy.moml.MoMLSimpleApplication@57f58c86
----------------- Done invoking toplevel() on ptolemy.moml.MoMLSimpleApplication@57f58c86
reloadAllAccessors: .ArrayExtract

===========================================================================================
----------------- testing Sun Jun 27 17:24:19 UTC 2021 /home/travis/build/icyphy/ptII/ptolemy/actor/lib/test/auto/ArrayExtract2.xml
----------------- Instantiating /home/travis/build/icyphy/ptII/ptolemy/actor/lib/test/auto/ArrayExtract2.xml
2 ms. Memory: 276480K Free: 194674K (70%)
----------------- Invoking toplevel() on ptolemy.moml.MoMLSimpleApplication@1426fe15
----------------- Done invoking toplevel() on ptolemy.moml.MoMLSimpleApplication@1426fe15
reloadAllAccessors: .ArrayExtract2

===========================================================================================
----------------- testing Sun Jun 27 17:24:19 UTC 2021 /home/travis/build/icyphy/ptII/ptolemy/actor/lib/test/auto/ArrayLength.xml
----------------- Instantiating /home/travis/build/icyphy/ptII/ptolemy/actor/lib/test/auto/ArrayLength.xml
2 ms. Memory: 276480K Free: 190578K (69%)
----------------- Invoking toplevel() on ptolemy.moml.MoMLSimpleApplication@32ecfaa
----------------- Done invoking toplevel() on ptolemy.moml.MoMLSimpleApplication@32ecfaa
reloadAllAccessors: .ArrayLength

===========================================================================================
----------------- testing Sun Jun 27 17:24:19 UTC 2021 /home/travis/build/icyphy/ptII/ptolemy/actor/lib/test/auto/ArrayLevelCrossing.xml
----------------- Instantiating /home/travis/build/icyphy/ptII/ptolemy/actor/lib/test/auto/ArrayLevelCrossing.xml
3 ms. Memory: 276480K Free: 182896K (66%)
----------------- Invoking toplevel() on ptolemy.moml.MoMLSimpleApplication@5221af83
----------------- Done invoking toplevel() on ptolemy.moml.MoMLSimpleApplication@5221af83
reloadAllAccessors: .ArrayLevelCrossing

===========================================================================================
----------------- testing Sun Jun 27 17:24:19 UTC 2021 /home/travis/build/icyphy/ptII/ptolemy/actor/lib/test/auto/ArrayLevelCrossing2.xml
----------------- Instantiating /home/travis/build/icyphy/ptII/ptolemy/actor/lib/test/auto/ArrayLevelCrossing2.xml
3 ms. Memory: 276480K Free: 176242K (64%)
----------------- Invoking toplevel() on ptolemy.moml.MoMLSimpleApplication@6b78fac6
----------------- Done invoking toplevel() on ptolemy.moml.MoMLSimpleApplication@6b78fac6
reloadAllAccessors: .ArrayLevelCrossing2

===========================================================================================
----------------- testing Sun Jun 27 17:24:19 UTC 2021 /home/travis/build/icyphy/ptII/ptolemy/actor/lib/test/auto/ArrayPeakSearch.xml
----------------- Instantiating /home/travis/build/icyphy/ptII/ptolemy/actor/lib/test/auto/ArrayPeakSearch.xml
4 ms. Memory: 276480K Free: 167026K (60%)
----------------- Invoking toplevel() on ptolemy.moml.MoMLSimpleApplication@587fd9af
----------------- Done invoking toplevel() on ptolemy.moml.MoMLSimpleApplication@587fd9af
reloadAllAccessors: .ArrayPeakSearch

===========================================================================================
----------------- testing Sun Jun 27 17:24:19 UTC 2021 /home/travis/build/icyphy/ptII/ptolemy/actor/lib/test/auto/ArrayPeakSearch2.xml
----------------- Instantiating /home/travis/build/icyphy/ptII/ptolemy/actor/lib/test/auto/ArrayPeakSearch2.xml
4 ms. Memory: 276480K Free: 156786K (57%)
----------------- Invoking toplevel() on ptolemy.moml.MoMLSimpleApplication@2afa44fc
----------------- Done invoking toplevel() on ptolemy.moml.MoMLSimpleApplication@2afa44fc
reloadAllAccessors: .ArrayPeakSearch2

===========================================================================================
----------------- testing Sun Jun 27 17:24:19 UTC 2021 /home/travis/build/icyphy/ptII/ptolemy/actor/lib/test/auto/ArrayPeakSearch3.xml
----------------- Instantiating /home/travis/build/icyphy/ptII/ptolemy/actor/lib/test/auto/ArrayPeakSearch3.xml
4 ms. Memory: 276480K Free: 147570K (53%)
----------------- Invoking toplevel() on ptolemy.moml.MoMLSimpleApplication@6915499d
----------------- Done invoking toplevel() on ptolemy.moml.MoMLSimpleApplication@6915499d
reloadAllAccessors: .ArrayPeakSearch3

===========================================================================================
----------------- testing Sun Jun 27 17:24:19 UTC 2021 /home/travis/build/icyphy/ptII/ptolemy/actor/lib/test/auto/ArrayRemoveElement.xml
----------------- Instantiating /home/travis/build/icyphy/ptII/ptolemy/actor/lib/test/auto/ArrayRemoveElement.xml
3 ms. Memory: 276480K Free: 139888K (51%)
----------------- Invoking toplevel() on ptolemy.moml.MoMLSimpleApplication@70a3cfe6
----------------- Done invoking toplevel() on ptolemy.moml.MoMLSimpleApplication@70a3cfe6
reloadAllAccessors: .ArrayRemoveElement

===========================================================================================
----------------- testing Sun Jun 27 17:24:19 UTC 2021 /home/travis/build/icyphy/ptII/ptolemy/actor/lib/test/auto/ArraySort.xml
----------------- Instantiating /home/travis/build/icyphy/ptII/ptolemy/actor/lib/test/auto/ArraySort.xml
4 ms. Memory: 276480K Free: 130672K (47%)
----------------- Invoking toplevel() on ptolemy.moml.MoMLSimpleApplication@70f863ce
----------------- Done invoking toplevel() on ptolemy.moml.MoMLSimpleApplication@70f863ce
reloadAllAccessors: .ArraySort

===========================================================================================
----------------- testing Sun Jun 27 17:24:19 UTC 2021 /home/travis/build/icyphy/ptII/ptolemy/actor/lib/test/auto/ArraySum.xml
----------------- Instantiating /home/travis/build/icyphy/ptII/ptolemy/actor/lib/test/auto/ArraySum.xml
5 ms. Memory: 276480K Free: 125552K (45%)
----------------- Invoking toplevel() on ptolemy.moml.MoMLSimpleApplication@a372470
----------------- Done invoking toplevel() on ptolemy.moml.MoMLSimpleApplication@a372470
reloadAllAccessors: .ArraySum

===========================================================================================
----------------- testing Sun Jun 27 17:24:19 UTC 2021 /home/travis/build/icyphy/ptII/ptolemy/actor/lib/test/auto/ArrayToElements.xml
----------------- Instantiating /home/travis/build/icyphy/ptII/ptolemy/actor/lib/test/auto/ArrayToElements.xml
8 ms. Memory: 276480K Free: 119922K (43%)
----------------- Invoking toplevel() on ptolemy.moml.MoMLSimpleApplication@4f0c4acd
----------------- Done invoking toplevel() on ptolemy.moml.MoMLSimpleApplication@4f0c4acd
reloadAllAccessors: .ArrayToElements

===========================================================================================
----------------- testing Sun Jun 27 17:24:19 UTC 2021 /home/travis/build/icyphy/ptII/ptolemy/actor/lib/test/auto/ArrayToMatrix.xml
----------------- Instantiating /home/travis/build/icyphy/ptII/ptolemy/actor/lib/test/auto/ArrayToMatrix.xml
21 ms. Memory: 276480K Free: 106096K (38%)
----------------- Invoking toplevel() on ptolemy.moml.MoMLSimpleApplication@17e42077
----------------- Done invoking toplevel() on ptolemy.moml.MoMLSimpleApplication@17e42077
reloadAllAccessors: .ArrayToMatrix

===========================================================================================
----------------- testing Sun Jun 27 17:24:19 UTC 2021 /home/travis/build/icyphy/ptII/ptolemy/actor/lib/test/auto/ArrayUpdate1.xml
----------------- Instantiating /home/travis/build/icyphy/ptII/ptolemy/actor/lib/test/auto/ArrayUpdate1.xml
4 ms. Memory: 276480K Free: 100976K (37%)
----------------- Invoking toplevel() on ptolemy.moml.MoMLSimpleApplication@7fee7ff1
----------------- Done invoking toplevel() on ptolemy.moml.MoMLSimpleApplication@7fee7ff1
reloadAllAccessors: .ArrayUpdate1

===========================================================================================
----------------- testing Sun Jun 27 17:24:19 UTC 2021 /home/travis/build/icyphy/ptII/ptolemy/actor/lib/test/auto/ArrayUpdate2.xml
----------------- Instantiating /home/travis/build/icyphy/ptII/ptolemy/actor/lib/test/auto/ArrayUpdate2.xml
8 ms. Memory: 276480K Free: 95346K (34%)
----------------- Invoking toplevel() on ptolemy.moml.MoMLSimpleApplication@7daf7600
----------------- Done invoking toplevel() on ptolemy.moml.MoMLSimpleApplication@7daf7600
reloadAllAccessors: .ArrayUpdate2

===========================================================================================
----------------- testing Sun Jun 27 17:24:19 UTC 2021 /home/travis/build/icyphy/ptII/ptolemy/actor/lib/test/auto/ArrayUpdate3.xml
----------------- Instantiating /home/travis/build/icyphy/ptII/ptolemy/actor/lib/test/auto/ArrayUpdate3.xml
4 ms. Memory: 276480K Free: 90736K (33%)
----------------- Invoking toplevel() on ptolemy.moml.MoMLSimpleApplication@8d9cf0
----------------- Done invoking toplevel() on ptolemy.moml.MoMLSimpleApplication@8d9cf0
reloadAllAccessors: .ArrayUpdate3

===========================================================================================
----------------- testing Sun Jun 27 17:24:19 UTC 2021 /home/travis/build/icyphy/ptII/ptolemy/actor/lib/test/auto/Assert1.xml
----------------- Instantiating /home/travis/build/icyphy/ptII/ptolemy/actor/lib/test/auto/Assert1.xml
5 ms. Memory: 276480K Free: 86130K (31%)
----------------- Invoking toplevel() on ptolemy.moml.MoMLSimpleApplication@4fea3ae7
----------------- Done invoking toplevel() on ptolemy.moml.MoMLSimpleApplication@4fea3ae7
reloadAllAccessors: .Assert1

===========================================================================================
----------------- testing Sun Jun 27 17:24:19 UTC 2021 /home/travis/build/icyphy/ptII/ptolemy/actor/lib/test/auto/Assert2.xml
----------------- Instantiating /home/travis/build/icyphy/ptII/ptolemy/actor/lib/test/auto/Assert2.xml
4 ms. Memory: 276480K Free: 81520K (29%)
----------------- Invoking toplevel() on ptolemy.moml.MoMLSimpleApplication@7909589a
----------------- Done invoking toplevel() on ptolemy.moml.MoMLSimpleApplication@7909589a
reloadAllAccessors: .Assert2

===========================================================================================
----------------- testing Sun Jun 27 17:24:19 UTC 2021 /home/travis/build/icyphy/ptII/ptolemy/actor/lib/test/auto/BooleanMultiplexor.xml
----------------- Instantiating /home/travis/build/icyphy/ptII/ptolemy/actor/lib/test/auto/BooleanMultiplexor.xml
2 ms. Memory: 276480K Free: 75890K (27%)
----------------- Invoking toplevel() on ptolemy.moml.MoMLSimpleApplication@7c1f2a48
----------------- Done invoking toplevel() on ptolemy.moml.MoMLSimpleApplication@7c1f2a48
reloadAllAccessors: .BooleanMultiplexor

===========================================================================================
----------------- testing Sun Jun 27 17:24:19 UTC 2021 /home/travis/build/icyphy/ptII/ptolemy/actor/lib/test/auto/BooleanMultiplexor2.xml
----------------- Instantiating /home/travis/build/icyphy/ptII/ptolemy/actor/lib/test/auto/BooleanMultiplexor2.xml
4 ms. Memory: 276480K Free: 224880K (81%)
----------------- Invoking toplevel() on ptolemy.moml.MoMLSimpleApplication@420ab629
----------------- Done invoking toplevel() on ptolemy.moml.MoMLSimpleApplication@420ab629
reloadAllAccessors: .BooleanMultiplexor2

===========================================================================================
----------------- testing Sun Jun 27 17:24:19 UTC 2021 /home/travis/build/icyphy/ptII/ptolemy/actor/lib/test/auto/BooleanMultiplexor3.xml
----------------- Instantiating /home/travis/build/icyphy/ptII/ptolemy/actor/lib/test/auto/BooleanMultiplexor3.xml
1 ms. Memory: 276480K Free: 220784K (80%)
----------------- Invoking toplevel() on ptolemy.moml.MoMLSimpleApplication@5839c506
----------------- Done invoking toplevel() on ptolemy.moml.MoMLSimpleApplication@5839c506
reloadAllAccessors: .BooleanMultiplexor3

===========================================================================================
----------------- testing Sun Jun 27 17:24:19 UTC 2021 /home/travis/build/icyphy/ptII/ptolemy/actor/lib/test/auto/BooleanSelect.xml
----------------- Instantiating /home/travis/build/icyphy/ptII/ptolemy/actor/lib/test/auto/BooleanSelect.xml
8 ms. Memory: 276480K Free: 215154K (78%)
----------------- Invoking toplevel() on ptolemy.moml.MoMLSimpleApplication@4a1f3514
----------------- Done invoking toplevel() on ptolemy.moml.MoMLSimpleApplication@4a1f3514
reloadAllAccessors: .BooleanSelect

===========================================================================================
----------------- testing Sun Jun 27 17:24:19 UTC 2021 /home/travis/build/icyphy/ptII/ptolemy/actor/lib/test/auto/BooleanSelect2.xml
----------------- Instantiating /home/travis/build/icyphy/ptII/ptolemy/actor/lib/test/auto/BooleanSelect2.xml
4 ms. Memory: 276480K Free: 210544K (76%)
----------------- Invoking toplevel() on ptolemy.moml.MoMLSimpleApplication@162896e
----------------- Done invoking toplevel() on ptolemy.moml.MoMLSimpleApplication@162896e
reloadAllAccessors: .BooleanSelect2

===========================================================================================
----------------- testing Sun Jun 27 17:24:19 UTC 2021 /home/travis/build/icyphy/ptII/ptolemy/actor/lib/test/auto/BooleanSwitch.xml
----------------- Instantiating /home/travis/build/icyphy/ptII/ptolemy/actor/lib/test/auto/BooleanSwitch.xml
5 ms. Memory: 276480K Free: 204400K (74%)
----------------- Invoking toplevel() on ptolemy.moml.MoMLSimpleApplication@7f4c1cd0
----------------- Done invoking toplevel() on ptolemy.moml.MoMLSimpleApplication@7f4c1cd0
reloadAllAccessors: .BooleanSwitch

===========================================================================================
----------------- testing Sun Jun 27 17:24:19 UTC 2021 /home/travis/build/icyphy/ptII/ptolemy/actor/lib/test/auto/BooleanSwitch2.xml
----------------- Instantiating /home/travis/build/icyphy/ptII/ptolemy/actor/lib/test/auto/BooleanSwitch2.xml
2 ms. Memory: 276480K Free: 199794K (72%)
----------------- Invoking toplevel() on ptolemy.moml.MoMLSimpleApplication@a77f8
----------------- Done invoking toplevel() on ptolemy.moml.MoMLSimpleApplication@a77f8
reloadAllAccessors: .BooleanSwitch2

===========================================================================================
----------------- testing Sun Jun 27 17:24:19 UTC 2021 /home/travis/build/icyphy/ptII/ptolemy/actor/lib/test/auto/BooleanSwitchCloningBugWithClassRelationGroup.xml
----------------- Instantiating /home/travis/build/icyphy/ptII/ptolemy/actor/lib/test/auto/BooleanSwitchCloningBugWithClassRelationGroup.xml
4 ms. Memory: 276480K Free: 193650K (70%)
----------------- Invoking toplevel() on ptolemy.moml.MoMLSimpleApplication@3c4f588a
----------------- Done invoking toplevel() on ptolemy.moml.MoMLSimpleApplication@3c4f588a
reloadAllAccessors: .BooleanSwitchCloningBugWithClassRelationGroup

===========================================================================================
----------------- testing Sun Jun 27 17:24:19 UTC 2021 /home/travis/build/icyphy/ptII/ptolemy/actor/lib/test/auto/BusActors.xml
----------------- Instantiating /home/travis/build/icyphy/ptII/ptolemy/actor/lib/test/auto/BusActors.xml
9 ms. Memory: 276480K Free: 185458K (67%)
----------------- Invoking toplevel() on ptolemy.moml.MoMLSimpleApplication@5bd0fb04
----------------- Done invoking toplevel() on ptolemy.moml.MoMLSimpleApplication@5bd0fb04
reloadAllAccessors: .BusActors

===========================================================================================
----------------- testing Sun Jun 27 17:24:19 UTC 2021 /home/travis/build/icyphy/ptII/ptolemy/actor/lib/test/auto/ClassWrapper.xml
----------------- Instantiating /home/travis/build/icyphy/ptII/ptolemy/actor/lib/test/auto/ClassWrapper.xml
3 ms. Memory: 276480K Free: 181362K (66%)
----------------- Invoking toplevel() on ptolemy.moml.MoMLSimpleApplication@2fafb8b7
----------------- Done invoking toplevel() on ptolemy.moml.MoMLSimpleApplication@2fafb8b7
reloadAllAccessors: .ClassWrapper

===========================================================================================
----------------- testing Sun Jun 27 17:24:19 UTC 2021 /home/travis/build/icyphy/ptII/ptolemy/actor/lib/test/auto/Clock.xml
----------------- Instantiating /home/travis/build/icyphy/ptII/ptolemy/actor/lib/test/auto/Clock.xml
4 ms. Memory: 276480K Free: 177266K (64%)
----------------- Invoking toplevel() on ptolemy.moml.MoMLSimpleApplication@39cc960d
----------------- Done invoking toplevel() on ptolemy.moml.MoMLSimpleApplication@39cc960d
reloadAllAccessors: .Clock

===========================================================================================
----------------- testing Sun Jun 27 17:24:19 UTC 2021 /home/travis/build/icyphy/ptII/ptolemy/actor/lib/test/auto/Clock10.xml
----------------- Instantiating /home/travis/build/icyphy/ptII/ptolemy/actor/lib/test/auto/Clock10.xml
9 ms. Memory: 276480K Free: 171632K (62%)
----------------- Invoking toplevel() on ptolemy.moml.MoMLSimpleApplication@3849c238
----------------- Done invoking toplevel() on ptolemy.moml.MoMLSimpleApplication@3849c238
reloadAllAccessors: .Clock10

===========================================================================================
----------------- testing Sun Jun 27 17:24:20 UTC 2021 /home/travis/build/icyphy/ptII/ptolemy/actor/lib/test/auto/Clock11.xml
----------------- Instantiating /home/travis/build/icyphy/ptII/ptolemy/actor/lib/test/auto/Clock11.xml
5 ms. Memory: 276480K Free: 165488K (60%)
----------------- Invoking toplevel() on ptolemy.moml.MoMLSimpleApplication@3f00e598
----------------- Done invoking toplevel() on ptolemy.moml.MoMLSimpleApplication@3f00e598
reloadAllAccessors: .Clock11

===========================================================================================
----------------- testing Sun Jun 27 17:24:20 UTC 2021 /home/travis/build/icyphy/ptII/ptolemy/actor/lib/test/auto/Clock12.xml
----------------- Instantiating /home/travis/build/icyphy/ptII/ptolemy/actor/lib/test/auto/Clock12.xml
3 ms. Memory: 276480K Free: 159858K (58%)
----------------- Invoking toplevel() on ptolemy.moml.MoMLSimpleApplication@15cd7a3e
----------------- Done invoking toplevel() on ptolemy.moml.MoMLSimpleApplication@15cd7a3e
reloadAllAccessors: .Clock12

===========================================================================================
----------------- testing Sun Jun 27 17:24:20 UTC 2021 /home/travis/build/icyphy/ptII/ptolemy/actor/lib/test/auto/Clock13.xml
----------------- Instantiating /home/travis/build/icyphy/ptII/ptolemy/actor/lib/test/auto/Clock13.xml
3 ms. Memory: 276480K Free: 153714K (56%)
----------------- Invoking toplevel() on ptolemy.moml.MoMLSimpleApplication@76a11a69
----------------- Done invoking toplevel() on ptolemy.moml.MoMLSimpleApplication@76a11a69
reloadAllAccessors: .Clock13

===========================================================================================
----------------- testing Sun Jun 27 17:24:20 UTC 2021 /home/travis/build/icyphy/ptII/ptolemy/actor/lib/test/auto/Clock14.xml
----------------- Instantiating /home/travis/build/icyphy/ptII/ptolemy/actor/lib/test/auto/Clock14.xml
4 ms. Memory: 276480K Free: 148049K (54%)
----------------- Invoking toplevel() on ptolemy.moml.MoMLSimpleApplication@206299c0
----------------- Done invoking toplevel() on ptolemy.moml.MoMLSimpleApplication@206299c0
reloadAllAccessors: .Clock14

===========================================================================================
----------------- testing Sun Jun 27 17:24:20 UTC 2021 /home/travis/build/icyphy/ptII/ptolemy/actor/lib/test/auto/Clock15.xml
----------------- Instantiating /home/travis/build/icyphy/ptII/ptolemy/actor/lib/test/auto/Clock15.xml
6 ms. Memory: 276480K Free: 141929K (51%)
----------------- Invoking toplevel() on ptolemy.moml.MoMLSimpleApplication@7e72b4ec
----------------- Done invoking toplevel() on ptolemy.moml.MoMLSimpleApplication@7e72b4ec
reloadAllAccessors: .Clock15

===========================================================================================
----------------- testing Sun Jun 27 17:24:20 UTC 2021 /home/travis/build/icyphy/ptII/ptolemy/actor/lib/test/auto/Clock16.xml
----------------- Instantiating /home/travis/build/icyphy/ptII/ptolemy/actor/lib/test/auto/Clock16.xml
34 ms. Memory: 276480K Free: 127073K (46%)
----------------- Invoking toplevel() on ptolemy.moml.MoMLSimpleApplication@5b3467d2
----------------- Done invoking toplevel() on ptolemy.moml.MoMLSimpleApplication@5b3467d2
reloadAllAccessors: .Clock16

===========================================================================================
----------------- testing Sun Jun 27 17:24:20 UTC 2021 /home/travis/build/icyphy/ptII/ptolemy/actor/lib/test/auto/Clock17.xml
----------------- Instantiating /home/travis/build/icyphy/ptII/ptolemy/actor/lib/test/auto/Clock17.xml
25 ms. Memory: 276480K Free: 113249K (41%)
----------------- Invoking toplevel() on ptolemy.moml.MoMLSimpleApplication@a802d0a
----------------- Done invoking toplevel() on ptolemy.moml.MoMLSimpleApplication@a802d0a
reloadAllAccessors: .Clock17

===========================================================================================
----------------- testing Sun Jun 27 17:24:20 UTC 2021 /home/travis/build/icyphy/ptII/ptolemy/actor/lib/test/auto/Clock18.xml
----------------- Instantiating /home/travis/build/icyphy/ptII/ptolemy/actor/lib/test/auto/Clock18.xml
21 ms. Memory: 276480K Free: 99921K (36%)
----------------- Invoking toplevel() on ptolemy.moml.MoMLSimpleApplication@ce2b3e2
----------------- Done invoking toplevel() on ptolemy.moml.MoMLSimpleApplication@ce2b3e2
reloadAllAccessors: .Clock18

===========================================================================================
----------------- testing Sun Jun 27 17:24:20 UTC 2021 /home/travis/build/icyphy/ptII/ptolemy/actor/lib/test/auto/Clock19.xml
----------------- Instantiating /home/travis/build/icyphy/ptII/ptolemy/actor/lib/test/auto/Clock19.xml
14 ms. Memory: 276480K Free: 87152K (32%)
----------------- Invoking toplevel() on ptolemy.moml.MoMLSimpleApplication@35cae7db
----------------- Done invoking toplevel() on ptolemy.moml.MoMLSimpleApplication@35cae7db
reloadAllAccessors: .Clock19

===========================================================================================
----------------- testing Sun Jun 27 17:24:20 UTC 2021 /home/travis/build/icyphy/ptII/ptolemy/actor/lib/test/auto/Clock2.xml
----------------- Instantiating /home/travis/build/icyphy/ptII/ptolemy/actor/lib/test/auto/Clock2.xml
6 ms. Memory: 276480K Free: 82034K (30%)
----------------- Invoking toplevel() on ptolemy.moml.MoMLSimpleApplication@652849ef
----------------- Done invoking toplevel() on ptolemy.moml.MoMLSimpleApplication@652849ef
reloadAllAccessors: .Clock2

===========================================================================================
----------------- testing Sun Jun 27 17:24:20 UTC 2021 /home/travis/build/icyphy/ptII/ptolemy/actor/lib/test/auto/Clock20.xml
----------------- Instantiating /home/travis/build/icyphy/ptII/ptolemy/actor/lib/test/auto/Clock20.xml
9 ms. Memory: 276480K Free: 76914K (28%)
----------------- Invoking toplevel() on ptolemy.moml.MoMLSimpleApplication@58d0723f
----------------- Done invoking toplevel() on ptolemy.moml.MoMLSimpleApplication@58d0723f
reloadAllAccessors: .Clock20

===========================================================================================
----------------- testing Sun Jun 27 17:24:20 UTC 2021 /home/travis/build/icyphy/ptII/ptolemy/actor/lib/test/auto/Clock21.xml
----------------- Instantiating /home/travis/build/icyphy/ptII/ptolemy/actor/lib/test/auto/Clock21.xml
3 ms. Memory: 276480K Free: 71280K (26%)
----------------- Invoking toplevel() on ptolemy.moml.MoMLSimpleApplication@5dfea9b1
----------------- Done invoking toplevel() on ptolemy.moml.MoMLSimpleApplication@5dfea9b1
reloadAllAccessors: .Clock21

===========================================================================================
----------------- testing Sun Jun 27 17:24:20 UTC 2021 /home/travis/build/icyphy/ptII/ptolemy/actor/lib/test/auto/Clock22.xml
----------------- Instantiating /home/travis/build/icyphy/ptII/ptolemy/actor/lib/test/auto/Clock22.xml
5 ms. Memory: 552960K Free: 498800K (90%)
----------------- Invoking toplevel() on ptolemy.moml.MoMLSimpleApplication@2da5e99
----------------- Done invoking toplevel() on ptolemy.moml.MoMLSimpleApplication@2da5e99
reloadAllAccessors: .Clock22

===========================================================================================
----------------- testing Sun Jun 27 17:24:20 UTC 2021 /home/travis/build/icyphy/ptII/ptolemy/actor/lib/test/auto/Clock23.xml
----------------- Instantiating /home/travis/build/icyphy/ptII/ptolemy/actor/lib/test/auto/Clock23.xml
5 ms. Memory: 552960K Free: 493170K (89%)
----------------- Invoking toplevel() on ptolemy.moml.MoMLSimpleApplication@47f324d1
----------------- Done invoking toplevel() on ptolemy.moml.MoMLSimpleApplication@47f324d1
reloadAllAccessors: .Clock23

===========================================================================================
----------------- testing Sun Jun 27 17:24:20 UTC 2021 /home/travis/build/icyphy/ptII/ptolemy/actor/lib/test/auto/Clock24.xml
----------------- Instantiating /home/travis/build/icyphy/ptII/ptolemy/actor/lib/test/auto/Clock24.xml
4 ms. Memory: 552960K Free: 487536K (88%)
----------------- Invoking toplevel() on ptolemy.moml.MoMLSimpleApplication@6e274d7b
----------------- Done invoking toplevel() on ptolemy.moml.MoMLSimpleApplication@6e274d7b
reloadAllAccessors: .Clock24

===========================================================================================
----------------- testing Sun Jun 27 17:24:20 UTC 2021 /home/travis/build/icyphy/ptII/ptolemy/actor/lib/test/auto/Clock4.xml
----------------- Instantiating /home/travis/build/icyphy/ptII/ptolemy/actor/lib/test/auto/Clock4.xml
2 ms. Memory: 552960K Free: 482930K (87%)
----------------- Invoking toplevel() on ptolemy.moml.MoMLSimpleApplication@13d43883
----------------- Done invoking toplevel() on ptolemy.moml.MoMLSimpleApplication@13d43883
reloadAllAccessors: .Clock4

===========================================================================================
----------------- testing Sun Jun 27 17:24:20 UTC 2021 /home/travis/build/icyphy/ptII/ptolemy/actor/lib/test/auto/Clock5.xml
----------------- Instantiating /home/travis/build/icyphy/ptII/ptolemy/actor/lib/test/auto/Clock5.xml
2 ms. Memory: 552960K Free: 477281K (86%)
----------------- Invoking toplevel() on ptolemy.moml.MoMLSimpleApplication@16f5cb1d
----------------- Done invoking toplevel() on ptolemy.moml.MoMLSimpleApplication@16f5cb1d
reloadAllAccessors: .Clock5

===========================================================================================
----------------- testing Sun Jun 27 17:24:20 UTC 2021 /home/travis/build/icyphy/ptII/ptolemy/actor/lib/test/auto/Clock6.xml
----------------- Instantiating /home/travis/build/icyphy/ptII/ptolemy/actor/lib/test/auto/Clock6.xml
2 ms. Memory: 552960K Free: 473714K (86%)
----------------- Invoking toplevel() on ptolemy.moml.MoMLSimpleApplication@640b7bcf
----------------- Done invoking toplevel() on ptolemy.moml.MoMLSimpleApplication@640b7bcf
reloadAllAccessors: .Clock6

===========================================================================================
----------------- testing Sun Jun 27 17:24:20 UTC 2021 /home/travis/build/icyphy/ptII/ptolemy/actor/lib/test/auto/Clock7.xml
----------------- Instantiating /home/travis/build/icyphy/ptII/ptolemy/actor/lib/test/auto/Clock7.xml
1 ms. Memory: 552960K Free: 469104K (85%)
----------------- Invoking toplevel() on ptolemy.moml.MoMLSimpleApplication@4585ef50
----------------- Done invoking toplevel() on ptolemy.moml.MoMLSimpleApplication@4585ef50
reloadAllAccessors: .Clock7

===========================================================================================
----------------- testing Sun Jun 27 17:24:20 UTC 2021 /home/travis/build/icyphy/ptII/ptolemy/actor/lib/test/auto/Clock8.xml
----------------- Instantiating /home/travis/build/icyphy/ptII/ptolemy/actor/lib/test/auto/Clock8.xml
5 ms. Memory: 552960K Free: 463977K (84%)
----------------- Invoking toplevel() on ptolemy.moml.MoMLSimpleApplication@51f47724
----------------- Done invoking toplevel() on ptolemy.moml.MoMLSimpleApplication@51f47724
reloadAllAccessors: .Clock8

===========================================================================================
----------------- testing Sun Jun 27 17:24:20 UTC 2021 /home/travis/build/icyphy/ptII/ptolemy/actor/lib/test/auto/Clock9.xml
----------------- Instantiating /home/travis/build/icyphy/ptII/ptolemy/actor/lib/test/auto/Clock9.xml
5 ms. Memory: 552960K Free: 458354K (83%)
----------------- Invoking toplevel() on ptolemy.moml.MoMLSimpleApplication@6dd76adf
----------------- Done invoking toplevel() on ptolemy.moml.MoMLSimpleApplication@6dd76adf
reloadAllAccessors: .Clock9

===========================================================================================
----------------- testing Sun Jun 27 17:24:20 UTC 2021 /home/travis/build/icyphy/ptII/ptolemy/actor/lib/test/auto/CommDistDiscard.xml
----------------- Instantiating /home/travis/build/icyphy/ptII/ptolemy/actor/lib/test/auto/CommDistDiscard.xml
2 ms. Memory: 552960K Free: 453234K (82%)
----------------- Invoking toplevel() on ptolemy.moml.MoMLSimpleApplication@2d2afac2
----------------- Done invoking toplevel() on ptolemy.moml.MoMLSimpleApplication@2d2afac2
reloadAllAccessors: .CommDistDiscard

===========================================================================================
----------------- testing Sun Jun 27 17:24:20 UTC 2021 /home/travis/build/icyphy/ptII/ptolemy/actor/lib/test/auto/Commutator.xml
----------------- Instantiating /home/travis/build/icyphy/ptII/ptolemy/actor/lib/test/auto/Commutator.xml
2 ms. Memory: 552960K Free: 448624K (81%)
----------------- Invoking toplevel() on ptolemy.moml.MoMLSimpleApplication@74346757
----------------- Done invoking toplevel() on ptolemy.moml.MoMLSimpleApplication@74346757
reloadAllAccessors: .Commutator

===========================================================================================
----------------- testing Sun Jun 27 17:24:20 UTC 2021 /home/travis/build/icyphy/ptII/ptolemy/actor/lib/test/auto/Commutator2.xml
----------------- Instantiating /home/travis/build/icyphy/ptII/ptolemy/actor/lib/test/auto/Commutator2.xml
1 ms. Memory: 552960K Free: 444018K (80%)
----------------- Invoking toplevel() on ptolemy.moml.MoMLSimpleApplication@1def3b38
----------------- Done invoking toplevel() on ptolemy.moml.MoMLSimpleApplication@1def3b38
reloadAllAccessors: .Commutator2

===========================================================================================
----------------- testing Sun Jun 27 17:24:20 UTC 2021 /home/travis/build/icyphy/ptII/ptolemy/actor/lib/test/auto/Commutator3.xml
----------------- Instantiating /home/travis/build/icyphy/ptII/ptolemy/actor/lib/test/auto/Commutator3.xml
1 ms. Memory: 552960K Free: 439922K (80%)
----------------- Invoking toplevel() on ptolemy.moml.MoMLSimpleApplication@5d6f18fd
----------------- Done invoking toplevel() on ptolemy.moml.MoMLSimpleApplication@5d6f18fd
reloadAllAccessors: .Commutator3

===========================================================================================
----------------- testing Sun Jun 27 17:24:20 UTC 2021 /home/travis/build/icyphy/ptII/ptolemy/actor/lib/test/auto/Compare.xml
----------------- Instantiating /home/travis/build/icyphy/ptII/ptolemy/actor/lib/test/auto/Compare.xml
2 ms. Memory: 552960K Free: 433264K (78%)
----------------- Invoking toplevel() on ptolemy.moml.MoMLSimpleApplication@73344264
----------------- Done invoking toplevel() on ptolemy.moml.MoMLSimpleApplication@73344264
reloadAllAccessors: .Compare

===========================================================================================
----------------- testing Sun Jun 27 17:24:20 UTC 2021 /home/travis/build/icyphy/ptII/ptolemy/actor/lib/test/auto/CompareDE.xml
----------------- Instantiating /home/travis/build/icyphy/ptII/ptolemy/actor/lib/test/auto/CompareDE.xml
3 ms. Memory: 552960K Free: 426610K (77%)
----------------- Invoking toplevel() on ptolemy.moml.MoMLSimpleApplication@4eb2186f
----------------- Done invoking toplevel() on ptolemy.moml.MoMLSimpleApplication@4eb2186f
reloadAllAccessors: .CompareDE

===========================================================================================
----------------- testing Sun Jun 27 17:24:20 UTC 2021 /home/travis/build/icyphy/ptII/ptolemy/actor/lib/test/auto/ComplexDivide.xml
----------------- Instantiating /home/travis/build/icyphy/ptII/ptolemy/actor/lib/test/auto/ComplexDivide.xml
1 ms. Memory: 552960K Free: 422514K (76%)
----------------- Invoking toplevel() on ptolemy.moml.MoMLSimpleApplication@74be1863
----------------- Done invoking toplevel() on ptolemy.moml.MoMLSimpleApplication@74be1863
reloadAllAccessors: .ComplexDivide

===========================================================================================
----------------- testing Sun Jun 27 17:24:20 UTC 2021 /home/travis/build/icyphy/ptII/ptolemy/actor/lib/test/auto/ComputeHistogram.xml
----------------- Instantiating /home/travis/build/icyphy/ptII/ptolemy/actor/lib/test/auto/ComputeHistogram.xml
21 ms. Memory: 552960K Free: 410226K (74%)
----------------- Invoking toplevel() on ptolemy.moml.MoMLSimpleApplication@7256d84e
----------------- Done invoking toplevel() on ptolemy.moml.MoMLSimpleApplication@7256d84e
reloadAllAccessors: .ComputeHistogram

===========================================================================================
----------------- testing Sun Jun 27 17:24:20 UTC 2021 /home/travis/build/icyphy/ptII/ptolemy/actor/lib/test/auto/ConfigurationSelect.xml
----------------- Instantiating /home/travis/build/icyphy/ptII/ptolemy/actor/lib/test/auto/ConfigurationSelect.xml
3 ms. Memory: 552960K Free: 404585K (73%)
----------------- Invoking toplevel() on ptolemy.moml.MoMLSimpleApplication@5f683159
----------------- Done invoking toplevel() on ptolemy.moml.MoMLSimpleApplication@5f683159
reloadAllAccessors: .ConfigurationSelect

===========================================================================================
----------------- testing Sun Jun 27 17:24:20 UTC 2021 /home/travis/build/icyphy/ptII/ptolemy/actor/lib/test/auto/ConfigurationSelect2.xml
----------------- Instantiating /home/travis/build/icyphy/ptII/ptolemy/actor/lib/test/auto/ConfigurationSelect2.xml
2 ms. Memory: 552960K Free: 399986K (72%)
----------------- Invoking toplevel() on ptolemy.moml.MoMLSimpleApplication@29bf936
----------------- Done invoking toplevel() on ptolemy.moml.MoMLSimpleApplication@29bf936
reloadAllAccessors: .ConfigurationSelect2

===========================================================================================
----------------- testing Sun Jun 27 17:24:20 UTC 2021 /home/travis/build/icyphy/ptII/ptolemy/actor/lib/test/auto/ConfigurationSwitch.xml
----------------- Instantiating /home/travis/build/icyphy/ptII/ptolemy/actor/lib/test/auto/ConfigurationSwitch.xml
3 ms. Memory: 552960K Free: 394866K (71%)
----------------- Invoking toplevel() on ptolemy.moml.MoMLSimpleApplication@b520100
----------------- Done invoking toplevel() on ptolemy.moml.MoMLSimpleApplication@b520100
reloadAllAccessors: .ConfigurationSwitch

===========================================================================================
----------------- testing Sun Jun 27 17:24:20 UTC 2021 /home/travis/build/icyphy/ptII/ptolemy/actor/lib/test/auto/ConfigurationSwitch2.xml
----------------- Instantiating /home/travis/build/icyphy/ptII/ptolemy/actor/lib/test/auto/ConfigurationSwitch2.xml
3 ms. Memory: 552960K Free: 389232K (70%)
----------------- Invoking toplevel() on ptolemy.moml.MoMLSimpleApplication@6f0879ee
----------------- Done invoking toplevel() on ptolemy.moml.MoMLSimpleApplication@6f0879ee
reloadAllAccessors: .ConfigurationSwitch2

===========================================================================================
----------------- testing Sun Jun 27 17:24:20 UTC 2021 /home/travis/build/icyphy/ptII/ptolemy/actor/lib/test/auto/ConfigurationSwitchCloningBugWithClassRelationGroup.xml
----------------- Instantiating /home/travis/build/icyphy/ptII/ptolemy/actor/lib/test/auto/ConfigurationSwitchCloningBugWithClassRelationGroup.xml
2 ms. Memory: 552960K Free: 382578K (69%)
----------------- Invoking toplevel() on ptolemy.moml.MoMLSimpleApplication@14833cb2
----------------- Done invoking toplevel() on ptolemy.moml.MoMLSimpleApplication@14833cb2
reloadAllAccessors: .ConfigurationSwitchCloningBugWithClassRelationGroup

===========================================================================================
----------------- testing Sun Jun 27 17:24:20 UTC 2021 /home/travis/build/icyphy/ptII/ptolemy/actor/lib/test/auto/ConfigurationSwitchSelectSDF.xml
----------------- Instantiating /home/travis/build/icyphy/ptII/ptolemy/actor/lib/test/auto/ConfigurationSwitchSelectSDF.xml
2 ms. Memory: 552960K Free: 376944K (68%)
----------------- Invoking toplevel() on ptolemy.moml.MoMLSimpleApplication@26650608
----------------- Done invoking toplevel() on ptolemy.moml.MoMLSimpleApplication@26650608
reloadAllAccessors: .ConfigurationSwitchSelectSDF

===========================================================================================
----------------- testing Sun Jun 27 17:24:20 UTC 2021 /home/travis/build/icyphy/ptII/ptolemy/actor/lib/test/auto/ConfigurationSwitchSelectSDF2.xml
----------------- Instantiating /home/travis/build/icyphy/ptII/ptolemy/actor/lib/test/auto/ConfigurationSwitchSelectSDF2.xml
4 ms. Memory: 552960K Free: 370800K (67%)
----------------- Invoking toplevel() on ptolemy.moml.MoMLSimpleApplication@1f967ad3
----------------- Done invoking toplevel() on ptolemy.moml.MoMLSimpleApplication@1f967ad3
reloadAllAccessors: .ConfigurationSwitchSelectSDF2

===========================================================================================
----------------- testing Sun Jun 27 17:24:20 UTC 2021 /home/travis/build/icyphy/ptII/ptolemy/actor/lib/test/auto/Const.xml
----------------- Instantiating /home/travis/build/icyphy/ptII/ptolemy/actor/lib/test/auto/Const.xml
1 ms. Memory: 552960K Free: 367728K (67%)
----------------- Invoking toplevel() on ptolemy.moml.MoMLSimpleApplication@5646cf2b
----------------- Done invoking toplevel() on ptolemy.moml.MoMLSimpleApplication@5646cf2b
reloadAllAccessors: .Const

===========================================================================================
----------------- testing Sun Jun 27 17:24:20 UTC 2021 /home/travis/build/icyphy/ptII/ptolemy/actor/lib/test/auto/Const2.xml
----------------- Instantiating /home/travis/build/icyphy/ptII/ptolemy/actor/lib/test/auto/Const2.xml
2 ms. Memory: 552960K Free: 363632K (66%)
----------------- Invoking toplevel() on ptolemy.moml.MoMLSimpleApplication@7f5685f5
----------------- Done invoking toplevel() on ptolemy.moml.MoMLSimpleApplication@7f5685f5
reloadAllAccessors: .Const2

===========================================================================================
----------------- testing Sun Jun 27 17:24:20 UTC 2021 /home/travis/build/icyphy/ptII/ptolemy/actor/lib/test/auto/Const3.xml
----------------- Instantiating /home/travis/build/icyphy/ptII/ptolemy/actor/lib/test/auto/Const3.xml
1 ms. Memory: 552960K Free: 361074K (65%)
----------------- Invoking toplevel() on ptolemy.moml.MoMLSimpleApplication@6281dce7
----------------- Done invoking toplevel() on ptolemy.moml.MoMLSimpleApplication@6281dce7
reloadAllAccessors: .Const3

===========================================================================================
----------------- testing Sun Jun 27 17:24:21 UTC 2021 /home/travis/build/icyphy/ptII/ptolemy/actor/lib/test/auto/ConstantPublisherPort1.xml
----------------- Instantiating /home/travis/build/icyphy/ptII/ptolemy/actor/lib/test/auto/ConstantPublisherPort1.xml
6 ms. Memory: 552960K Free: 351858K (64%)
----------------- Invoking toplevel() on ptolemy.moml.MoMLSimpleApplication@5df57949
----------------- Done invoking toplevel() on ptolemy.moml.MoMLSimpleApplication@5df57949
reloadAllAccessors: .ConstantPublisherPort1

===========================================================================================
----------------- testing Sun Jun 27 17:24:21 UTC 2021 /home/travis/build/icyphy/ptII/ptolemy/actor/lib/test/auto/ConstantPublisherPort2.xml
----------------- Instantiating /home/travis/build/icyphy/ptII/ptolemy/actor/lib/test/auto/ConstantPublisherPort2.xml
4 ms. Memory: 552960K Free: 343666K (62%)
----------------- Invoking toplevel() on ptolemy.moml.MoMLSimpleApplication@683dad32
----------------- Done invoking toplevel() on ptolemy.moml.MoMLSimpleApplication@683dad32
reloadAllAccessors: .ConstantPublisherPort2

===========================================================================================
----------------- testing Sun Jun 27 17:24:21 UTC 2021 /home/travis/build/icyphy/ptII/ptolemy/actor/lib/test/auto/ConstantPublisherPort3.xml
----------------- Instantiating /home/travis/build/icyphy/ptII/ptolemy/actor/lib/test/auto/ConstantPublisherPort3.xml
6 ms. Memory: 552960K Free: 336498K (61%)
----------------- Invoking toplevel() on ptolemy.moml.MoMLSimpleApplication@7c90a7f5
----------------- Done invoking toplevel() on ptolemy.moml.MoMLSimpleApplication@7c90a7f5
reloadAllAccessors: .ConstantPublisherPort3

===========================================================================================
----------------- testing Sun Jun 27 17:24:21 UTC 2021 /home/travis/build/icyphy/ptII/ptolemy/actor/lib/test/auto/ConstantPublisherPort4.xml
----------------- Instantiating /home/travis/build/icyphy/ptII/ptolemy/actor/lib/test/auto/ConstantPublisherPort4.xml
4 ms. Memory: 552960K Free: 329330K (60%)
----------------- Invoking toplevel() on ptolemy.moml.MoMLSimpleApplication@4b035e00
----------------- Done invoking toplevel() on ptolemy.moml.MoMLSimpleApplication@4b035e00
reloadAllAccessors: .ConstantPublisherPort4

===========================================================================================
----------------- testing Sun Jun 27 17:24:21 UTC 2021 /home/travis/build/icyphy/ptII/ptolemy/actor/lib/test/auto/ConstantPublisherPort5.xml
----------------- Instantiating /home/travis/build/icyphy/ptII/ptolemy/actor/lib/test/auto/ConstantPublisherPort5.xml
24 ms. Memory: 552960K Free: 320114K (58%)
----------------- Invoking toplevel() on ptolemy.moml.MoMLSimpleApplication@b12f2c7
----------------- Done invoking toplevel() on ptolemy.moml.MoMLSimpleApplication@b12f2c7
reloadAllAccessors: .ConstantPublisherPort5

===========================================================================================
----------------- testing Sun Jun 27 17:24:21 UTC 2021 /home/travis/build/icyphy/ptII/ptolemy/actor/lib/test/auto/ConstantPublisherPort6.xml
----------------- Instantiating /home/travis/build/icyphy/ptII/ptolemy/actor/lib/test/auto/ConstantPublisherPort6.xml
18 ms. Memory: 552960K Free: 310898K (56%)
----------------- Invoking toplevel() on ptolemy.moml.MoMLSimpleApplication@593f981a
----------------- Done invoking toplevel() on ptolemy.moml.MoMLSimpleApplication@593f981a
reloadAllAccessors: .ConstantPublisherPort6

===========================================================================================
----------------- testing Sun Jun 27 17:24:21 UTC 2021 /home/travis/build/icyphy/ptII/ptolemy/actor/lib/test/auto/ConstantPublisherPort7.xml
----------------- Instantiating /home/travis/build/icyphy/ptII/ptolemy/actor/lib/test/auto/ConstantPublisherPort7.xml
23 ms. Memory: 552960K Free: 301168K (54%)
----------------- Invoking toplevel() on ptolemy.moml.MoMLSimpleApplication@72823b1a
----------------- Done invoking toplevel() on ptolemy.moml.MoMLSimpleApplication@72823b1a
reloadAllAccessors: .ConstantPublisherPort7

===========================================================================================
----------------- testing Sun Jun 27 17:24:21 UTC 2021 /home/travis/build/icyphy/ptII/ptolemy/actor/lib/test/auto/ConstraintMonitor1.xml
----------------- Instantiating /home/travis/build/icyphy/ptII/ptolemy/actor/lib/test/auto/ConstraintMonitor1.xml
2 ms. Memory: 552960K Free: 296562K (54%)
----------------- Invoking toplevel() on ptolemy.moml.MoMLSimpleApplication@231021b
----------------- Done invoking toplevel() on ptolemy.moml.MoMLSimpleApplication@231021b
reloadAllAccessors: .ConstraintMonitor1

===========================================================================================
----------------- testing Sun Jun 27 17:24:21 UTC 2021 /home/travis/build/icyphy/ptII/ptolemy/actor/lib/test/auto/ConstraintMonitor2.xml
----------------- Instantiating /home/travis/build/icyphy/ptII/ptolemy/actor/lib/test/auto/ConstraintMonitor2.xml
5 ms. Memory: 552960K Free: 291952K (53%)
----------------- Invoking toplevel() on ptolemy.moml.MoMLSimpleApplication@12dbe951
----------------- Done invoking toplevel() on ptolemy.moml.MoMLSimpleApplication@12dbe951
reloadAllAccessors: .ConstraintMonitor2

===========================================================================================
----------------- testing Sun Jun 27 17:24:21 UTC 2021 /home/travis/build/icyphy/ptII/ptolemy/actor/lib/test/auto/ConstraintMonitor3.xml
----------------- Instantiating /home/travis/build/icyphy/ptII/ptolemy/actor/lib/test/auto/ConstraintMonitor3.xml
7 ms. Memory: 552960K Free: 287346K (52%)
----------------- Invoking toplevel() on ptolemy.moml.MoMLSimpleApplication@17e28685
----------------- Done invoking toplevel() on ptolemy.moml.MoMLSimpleApplication@17e28685
reloadAllAccessors: .ConstraintMonitor3

===========================================================================================
----------------- testing Sun Jun 27 17:24:21 UTC 2021 /home/travis/build/icyphy/ptII/ptolemy/actor/lib/test/auto/ConstraintMonitor4.xml
----------------- Instantiating /home/travis/build/icyphy/ptII/ptolemy/actor/lib/test/auto/ConstraintMonitor4.xml
1 ms. Memory: 552960K Free: 282736K (51%)
----------------- Invoking toplevel() on ptolemy.moml.MoMLSimpleApplication@4b69484f
----------------- Done invoking toplevel() on ptolemy.moml.MoMLSimpleApplication@4b69484f
reloadAllAccessors: .ConstraintMonitor4

===========================================================================================
----------------- testing Sun Jun 27 17:24:21 UTC 2021 /home/travis/build/icyphy/ptII/ptolemy/actor/lib/test/auto/ConstraintMonitor5.xml
----------------- Instantiating /home/travis/build/icyphy/ptII/ptolemy/actor/lib/test/auto/ConstraintMonitor5.xml
3 ms. Memory: 552960K Free: 277616K (50%)
----------------- Invoking toplevel() on ptolemy.moml.MoMLSimpleApplication@6c44cf41
----------------- Done invoking toplevel() on ptolemy.moml.MoMLSimpleApplication@6c44cf41
reloadAllAccessors: .ConstraintMonitor5

===========================================================================================
----------------- testing Sun Jun 27 17:24:21 UTC 2021 /home/travis/build/icyphy/ptII/ptolemy/actor/lib/test/auto/ConstraintMonitor6.xml
----------------- Instantiating /home/travis/build/icyphy/ptII/ptolemy/actor/lib/test/auto/ConstraintMonitor6.xml
7 ms. Memory: 552960K Free: 271465K (49%)
----------------- Invoking toplevel() on ptolemy.moml.MoMLSimpleApplication@40902e6c
----------------- Done invoking toplevel() on ptolemy.moml.MoMLSimpleApplication@40902e6c
reloadAllAccessors: .ConstraintMonitor6

===========================================================================================
----------------- testing Sun Jun 27 17:24:21 UTC 2021 /home/travis/build/icyphy/ptII/ptolemy/actor/lib/test/auto/ConstraintMonitor7.xml
----------------- Instantiating /home/travis/build/icyphy/ptII/ptolemy/actor/lib/test/auto/ConstraintMonitor7.xml
3 ms. Memory: 552960K Free: 265313K (48%)
----------------- Invoking toplevel() on ptolemy.moml.MoMLSimpleApplication@37fae802
----------------- Done invoking toplevel() on ptolemy.moml.MoMLSimpleApplication@37fae802
reloadAllAccessors: .ConstraintMonitor7

===========================================================================================
----------------- testing Sun Jun 27 17:24:21 UTC 2021 /home/travis/build/icyphy/ptII/ptolemy/actor/lib/test/auto/ConstraintMonitor8.xml
----------------- Instantiating /home/travis/build/icyphy/ptII/ptolemy/actor/lib/test/auto/ConstraintMonitor8.xml
6 ms. Memory: 552960K Free: 257650K (47%)
----------------- Invoking toplevel() on ptolemy.moml.MoMLSimpleApplication@239fa96f
----------------- Done invoking toplevel() on ptolemy.moml.MoMLSimpleApplication@239fa96f
reloadAllAccessors: .ConstraintMonitor8

===========================================================================================
----------------- testing Sun Jun 27 17:24:21 UTC 2021 /home/travis/build/icyphy/ptII/ptolemy/actor/lib/test/auto/Counter.xml
----------------- Instantiating /home/travis/build/icyphy/ptII/ptolemy/actor/lib/test/auto/Counter.xml
3 ms. Memory: 552960K Free: 252530K (46%)
----------------- Invoking toplevel() on ptolemy.moml.MoMLSimpleApplication@14ef6c65
----------------- Done invoking toplevel() on ptolemy.moml.MoMLSimpleApplication@14ef6c65
reloadAllAccessors: .Counter

===========================================================================================
----------------- testing Sun Jun 27 17:24:21 UTC 2021 /home/travis/build/icyphy/ptII/ptolemy/actor/lib/test/auto/CurrentTimeSDF.xml
----------------- Instantiating /home/travis/build/icyphy/ptII/ptolemy/actor/lib/test/auto/CurrentTimeSDF.xml
1 ms. Memory: 552960K Free: 248944K (45%)
----------------- Invoking toplevel() on ptolemy.moml.MoMLSimpleApplication@50066233
----------------- Done invoking toplevel() on ptolemy.moml.MoMLSimpleApplication@50066233
reloadAllAccessors: .CurrentTimeSDF

===========================================================================================
----------------- testing Sun Jun 27 17:24:21 UTC 2021 /home/travis/build/icyphy/ptII/ptolemy/actor/lib/test/auto/DB.xml
----------------- Instantiating /home/travis/build/icyphy/ptII/ptolemy/actor/lib/test/auto/DB.xml
3 ms. Memory: 552960K Free: 243824K (44%)
----------------- Invoking toplevel() on ptolemy.moml.MoMLSimpleApplication@3359e601
----------------- Done invoking toplevel() on ptolemy.moml.MoMLSimpleApplication@3359e601
reloadAllAccessors: .DB

===========================================================================================
----------------- testing Sun Jun 27 17:24:21 UTC 2021 /home/travis/build/icyphy/ptII/ptolemy/actor/lib/test/auto/DBDE.xml
----------------- Instantiating /home/travis/build/icyphy/ptII/ptolemy/actor/lib/test/auto/DBDE.xml
2 ms. Memory: 552960K Free: 237673K (43%)
----------------- Invoking toplevel() on ptolemy.moml.MoMLSimpleApplication@60940cea
----------------- Done invoking toplevel() on ptolemy.moml.MoMLSimpleApplication@60940cea
reloadAllAccessors: .DBDE

===========================================================================================
----------------- testing Sun Jun 27 17:24:21 UTC 2021 /home/travis/build/icyphy/ptII/ptolemy/actor/lib/test/auto/DateConstructor.xml
----------------- Instantiating /home/travis/build/icyphy/ptII/ptolemy/actor/lib/test/auto/DateConstructor.xml
29 ms. Memory: 552960K Free: 220786K (40%)
----------------- Invoking toplevel() on ptolemy.moml.MoMLSimpleApplication@7f99119f
----------------- Done invoking toplevel() on ptolemy.moml.MoMLSimpleApplication@7f99119f
reloadAllAccessors: .DateConstructor

===========================================================================================
----------------- testing Sun Jun 27 17:24:21 UTC 2021 /home/travis/build/icyphy/ptII/ptolemy/actor/lib/test/auto/DelayTime.xml
----------------- Instantiating /home/travis/build/icyphy/ptII/ptolemy/actor/lib/test/auto/DelayTime.xml
8 ms. Memory: 552960K Free: 215666K (39%)
----------------- Invoking toplevel() on ptolemy.moml.MoMLSimpleApplication@413c2cc7
----------------- Done invoking toplevel() on ptolemy.moml.MoMLSimpleApplication@413c2cc7
reloadAllAccessors: .DelayTime

===========================================================================================
----------------- testing Sun Jun 27 17:24:21 UTC 2021 /home/travis/build/icyphy/ptII/ptolemy/actor/lib/test/auto/Dictionary1.xml
----------------- Instantiating /home/travis/build/icyphy/ptII/ptolemy/actor/lib/test/auto/Dictionary1.xml
1 ms. Memory: 552960K Free: 210032K (38%)
----------------- Invoking toplevel() on ptolemy.moml.MoMLSimpleApplication@5de0b7e5
----------------- Done invoking toplevel() on ptolemy.moml.MoMLSimpleApplication@5de0b7e5
reloadAllAccessors: .Dictionary1

===========================================================================================
----------------- testing Sun Jun 27 17:24:21 UTC 2021 /home/travis/build/icyphy/ptII/ptolemy/actor/lib/test/auto/Dictionary2.xml
----------------- Instantiating /home/travis/build/icyphy/ptII/ptolemy/actor/lib/test/auto/Dictionary2.xml
5 ms. Memory: 552960K Free: 204402K (37%)
----------------- Invoking toplevel() on ptolemy.moml.MoMLSimpleApplication@766681f2
----------------- Done invoking toplevel() on ptolemy.moml.MoMLSimpleApplication@766681f2
reloadAllAccessors: .Dictionary2

===========================================================================================
----------------- testing Sun Jun 27 17:24:21 UTC 2021 /home/travis/build/icyphy/ptII/ptolemy/actor/lib/test/auto/Dictionary3.xml
----------------- Instantiating /home/travis/build/icyphy/ptII/ptolemy/actor/lib/test/auto/Dictionary3.xml
2 ms. Memory: 552960K Free: 199282K (36%)
----------------- Invoking toplevel() on ptolemy.moml.MoMLSimpleApplication@6ff263dd
----------------- Done invoking toplevel() on ptolemy.moml.MoMLSimpleApplication@6ff263dd
reloadAllAccessors: .Dictionary3

===========================================================================================
----------------- testing Sun Jun 27 17:24:21 UTC 2021 /home/travis/build/icyphy/ptII/ptolemy/actor/lib/test/auto/Dictionary4.xml
----------------- Instantiating /home/travis/build/icyphy/ptII/ptolemy/actor/lib/test/auto/Dictionary4.xml
3 ms. Memory: 552960K Free: 192114K (35%)
----------------- Invoking toplevel() on ptolemy.moml.MoMLSimpleApplication@3b4d8b66
----------------- Done invoking toplevel() on ptolemy.moml.MoMLSimpleApplication@3b4d8b66
reloadAllAccessors: .Dictionary4

===========================================================================================
----------------- testing Sun Jun 27 17:24:21 UTC 2021 /home/travis/build/icyphy/ptII/ptolemy/actor/lib/test/auto/Differential.xml
----------------- Instantiating /home/travis/build/icyphy/ptII/ptolemy/actor/lib/test/auto/Differential.xml
3 ms. Memory: 552960K Free: 187504K (34%)
----------------- Invoking toplevel() on ptolemy.moml.MoMLSimpleApplication@46896078
----------------- Done invoking toplevel() on ptolemy.moml.MoMLSimpleApplication@46896078
reloadAllAccessors: .Differential

===========================================================================================
----------------- testing Sun Jun 27 17:24:21 UTC 2021 /home/travis/build/icyphy/ptII/ptolemy/actor/lib/test/auto/Director.xml
----------------- Instantiating /home/travis/build/icyphy/ptII/ptolemy/actor/lib/test/auto/Director.xml
1 ms. Memory: 552960K Free: 500848K (91%)
----------------- Invoking toplevel() on ptolemy.moml.MoMLSimpleApplication@6fa9ac4f
----------------- Done invoking toplevel() on ptolemy.moml.MoMLSimpleApplication@6fa9ac4f
reloadAllAccessors: .Director

===========================================================================================
----------------- testing Sun Jun 27 17:24:21 UTC 2021 /home/travis/build/icyphy/ptII/ptolemy/actor/lib/test/auto/DiscreteClock.xml
----------------- Instantiating /home/travis/build/icyphy/ptII/ptolemy/actor/lib/test/auto/DiscreteClock.xml
1 ms. Memory: 552960K Free: 496752K (90%)
----------------- Invoking toplevel() on ptolemy.moml.MoMLSimpleApplication@4ff22029
----------------- Done invoking toplevel() on ptolemy.moml.MoMLSimpleApplication@4ff22029
reloadAllAccessors: .DiscreteClock

===========================================================================================
----------------- testing Sun Jun 27 17:24:21 UTC 2021 /home/travis/build/icyphy/ptII/ptolemy/actor/lib/test/auto/DiscreteClock10.xml
----------------- Instantiating /home/travis/build/icyphy/ptII/ptolemy/actor/lib/test/auto/DiscreteClock10.xml
3 ms. Memory: 552960K Free: 490608K (89%)
----------------- Invoking toplevel() on ptolemy.moml.MoMLSimpleApplication@7349c35e
----------------- Done invoking toplevel() on ptolemy.moml.MoMLSimpleApplication@7349c35e
reloadAllAccessors: .DiscreteClock10

===========================================================================================
----------------- testing Sun Jun 27 17:24:21 UTC 2021 /home/travis/build/icyphy/ptII/ptolemy/actor/lib/test/auto/DiscreteClock11.xml
----------------- Instantiating /home/travis/build/icyphy/ptII/ptolemy/actor/lib/test/auto/DiscreteClock11.xml
2 ms. Memory: 552960K Free: 484464K (88%)
----------------- Invoking toplevel() on ptolemy.moml.MoMLSimpleApplication@13eb71c0
----------------- Done invoking toplevel() on ptolemy.moml.MoMLSimpleApplication@13eb71c0
reloadAllAccessors: .DiscreteClock11

===========================================================================================
----------------- testing Sun Jun 27 17:24:21 UTC 2021 /home/travis/build/icyphy/ptII/ptolemy/actor/lib/test/auto/DiscreteClock12.xml
----------------- Instantiating /home/travis/build/icyphy/ptII/ptolemy/actor/lib/test/auto/DiscreteClock12.xml
3 ms. Memory: 552960K Free: 478834K (87%)
----------------- Invoking toplevel() on ptolemy.moml.MoMLSimpleApplication@490e56d4
----------------- Done invoking toplevel() on ptolemy.moml.MoMLSimpleApplication@490e56d4
reloadAllAccessors: .DiscreteClock12

===========================================================================================
----------------- testing Sun Jun 27 17:24:21 UTC 2021 /home/travis/build/icyphy/ptII/ptolemy/actor/lib/test/auto/DiscreteClock13.xml
----------------- Instantiating /home/travis/build/icyphy/ptII/ptolemy/actor/lib/test/auto/DiscreteClock13.xml
4 ms. Memory: 552960K Free: 472690K (85%)
----------------- Invoking toplevel() on ptolemy.moml.MoMLSimpleApplication@5ad7e1f7
----------------- Done invoking toplevel() on ptolemy.moml.MoMLSimpleApplication@5ad7e1f7
reloadAllAccessors: .DiscreteClock13

===========================================================================================
----------------- testing Sun Jun 27 17:24:21 UTC 2021 /home/travis/build/icyphy/ptII/ptolemy/actor/lib/test/auto/DiscreteClock14.xml
----------------- Instantiating /home/travis/build/icyphy/ptII/ptolemy/actor/lib/test/auto/DiscreteClock14.xml
5 ms. Memory: 552960K Free: 466546K (84%)
----------------- Invoking toplevel() on ptolemy.moml.MoMLSimpleApplication@39f420af
----------------- Done invoking toplevel() on ptolemy.moml.MoMLSimpleApplication@39f420af
reloadAllAccessors: .DiscreteClock14

===========================================================================================
----------------- testing Sun Jun 27 17:24:21 UTC 2021 /home/travis/build/icyphy/ptII/ptolemy/actor/lib/test/auto/DiscreteClock15.xml
----------------- Instantiating /home/travis/build/icyphy/ptII/ptolemy/actor/lib/test/auto/DiscreteClock15.xml
5 ms. Memory: 552960K Free: 460402K (83%)
----------------- Invoking toplevel() on ptolemy.moml.MoMLSimpleApplication@2166f23f
----------------- Done invoking toplevel() on ptolemy.moml.MoMLSimpleApplication@2166f23f
reloadAllAccessors: .DiscreteClock15

===========================================================================================
----------------- testing Sun Jun 27 17:24:21 UTC 2021 /home/travis/build/icyphy/ptII/ptolemy/actor/lib/test/auto/DiscreteClock16.xml
----------------- Instantiating /home/travis/build/icyphy/ptII/ptolemy/actor/lib/test/auto/DiscreteClock16.xml
17 ms. Memory: 552960K Free: 447090K (81%)
----------------- Invoking toplevel() on ptolemy.moml.MoMLSimpleApplication@ef165dd
----------------- Done invoking toplevel() on ptolemy.moml.MoMLSimpleApplication@ef165dd
reloadAllAccessors: .DiscreteClock16

===========================================================================================
----------------- testing Sun Jun 27 17:24:21 UTC 2021 /home/travis/build/icyphy/ptII/ptolemy/actor/lib/test/auto/DiscreteClock17.xml
----------------- Instantiating /home/travis/build/icyphy/ptII/ptolemy/actor/lib/test/auto/DiscreteClock17.xml
16 ms. Memory: 552960K Free: 432209K (78%)
----------------- Invoking toplevel() on ptolemy.moml.MoMLSimpleApplication@9617959
----------------- Done invoking toplevel() on ptolemy.moml.MoMLSimpleApplication@9617959
reloadAllAccessors: .DiscreteClock17

===========================================================================================
----------------- testing Sun Jun 27 17:24:22 UTC 2021 /home/travis/build/icyphy/ptII/ptolemy/actor/lib/test/auto/DiscreteClock18.xml
----------------- Instantiating /home/travis/build/icyphy/ptII/ptolemy/actor/lib/test/auto/DiscreteClock18.xml
22 ms. Memory: 552960K Free: 418418K (76%)
----------------- Invoking toplevel() on ptolemy.moml.MoMLSimpleApplication@2129b40c
----------------- Done invoking toplevel() on ptolemy.moml.MoMLSimpleApplication@2129b40c
reloadAllAccessors: .DiscreteClock18

===========================================================================================
----------------- testing Sun Jun 27 17:24:22 UTC 2021 /home/travis/build/icyphy/ptII/ptolemy/actor/lib/test/auto/DiscreteClock19.xml
----------------- Instantiating /home/travis/build/icyphy/ptII/ptolemy/actor/lib/test/auto/DiscreteClock19.xml
14 ms. Memory: 552960K Free: 404577K (73%)
----------------- Invoking toplevel() on ptolemy.moml.MoMLSimpleApplication@3e0e5a74
----------------- Done invoking toplevel() on ptolemy.moml.MoMLSimpleApplication@3e0e5a74
reloadAllAccessors: .DiscreteClock19

===========================================================================================
----------------- testing Sun Jun 27 17:24:22 UTC 2021 /home/travis/build/icyphy/ptII/ptolemy/actor/lib/test/auto/DiscreteClock2.xml
----------------- Instantiating /home/travis/build/icyphy/ptII/ptolemy/actor/lib/test/auto/DiscreteClock2.xml
2 ms. Memory: 552960K Free: 399986K (72%)
----------------- Invoking toplevel() on ptolemy.moml.MoMLSimpleApplication@660cf005
----------------- Done invoking toplevel() on ptolemy.moml.MoMLSimpleApplication@660cf005
reloadAllAccessors: .DiscreteClock2

===========================================================================================
----------------- testing Sun Jun 27 17:24:22 UTC 2021 /home/travis/build/icyphy/ptII/ptolemy/actor/lib/test/auto/DiscreteClock20.xml
----------------- Instantiating /home/travis/build/icyphy/ptII/ptolemy/actor/lib/test/auto/DiscreteClock20.xml
7 ms. Memory: 552960K Free: 394352K (71%)
----------------- Invoking toplevel() on ptolemy.moml.MoMLSimpleApplication@66d3a281
----------------- Done invoking toplevel() on ptolemy.moml.MoMLSimpleApplication@66d3a281
reloadAllAccessors: .DiscreteClock20

===========================================================================================
----------------- testing Sun Jun 27 17:24:22 UTC 2021 /home/travis/build/icyphy/ptII/ptolemy/actor/lib/test/auto/DiscreteClock21.xml
----------------- Instantiating /home/travis/build/icyphy/ptII/ptolemy/actor/lib/test/auto/DiscreteClock21.xml
5 ms. Memory: 552960K Free: 388722K (70%)
----------------- Invoking toplevel() on ptolemy.moml.MoMLSimpleApplication@53c0a6bb
----------------- Done invoking toplevel() on ptolemy.moml.MoMLSimpleApplication@53c0a6bb
reloadAllAccessors: .DiscreteClock21

===========================================================================================
----------------- testing Sun Jun 27 17:24:22 UTC 2021 /home/travis/build/icyphy/ptII/ptolemy/actor/lib/test/auto/DiscreteClock22.xml
----------------- Instantiating /home/travis/build/icyphy/ptII/ptolemy/actor/lib/test/auto/DiscreteClock22.xml
5 ms. Memory: 552960K Free: 383088K (69%)
----------------- Invoking toplevel() on ptolemy.moml.MoMLSimpleApplication@62ae5a44
----------------- Done invoking toplevel() on ptolemy.moml.MoMLSimpleApplication@62ae5a44
reloadAllAccessors: .DiscreteClock22

===========================================================================================
----------------- testing Sun Jun 27 17:24:22 UTC 2021 /home/travis/build/icyphy/ptII/ptolemy/actor/lib/test/auto/DiscreteClock23.xml
----------------- Instantiating /home/travis/build/icyphy/ptII/ptolemy/actor/lib/test/auto/DiscreteClock23.xml
8 ms. Memory: 552960K Free: 377968K (68%)
----------------- Invoking toplevel() on ptolemy.moml.MoMLSimpleApplication@2d185759
----------------- Done invoking toplevel() on ptolemy.moml.MoMLSimpleApplication@2d185759
reloadAllAccessors: .DiscreteClock23

===========================================================================================
----------------- testing Sun Jun 27 17:24:22 UTC 2021 /home/travis/build/icyphy/ptII/ptolemy/actor/lib/test/auto/DiscreteClock24.xml
----------------- Instantiating /home/travis/build/icyphy/ptII/ptolemy/actor/lib/test/auto/DiscreteClock24.xml
4 ms. Memory: 552960K Free: 372338K (67%)
----------------- Invoking toplevel() on ptolemy.moml.MoMLSimpleApplication@655e17d0
----------------- Done invoking toplevel() on ptolemy.moml.MoMLSimpleApplication@655e17d0
reloadAllAccessors: .DiscreteClock24

===========================================================================================
----------------- testing Sun Jun 27 17:24:22 UTC 2021 /home/travis/build/icyphy/ptII/ptolemy/actor/lib/test/auto/DiscreteClock4.xml
----------------- Instantiating /home/travis/build/icyphy/ptII/ptolemy/actor/lib/test/auto/DiscreteClock4.xml
4 ms. Memory: 552960K Free: 366689K (66%)
----------------- Invoking toplevel() on ptolemy.moml.MoMLSimpleApplication@7fed1000
----------------- Done invoking toplevel() on ptolemy.moml.MoMLSimpleApplication@7fed1000
reloadAllAccessors: .DiscreteClock4

===========================================================================================
----------------- testing Sun Jun 27 17:24:22 UTC 2021 /home/travis/build/icyphy/ptII/ptolemy/actor/lib/test/auto/DiscreteClock5.xml
----------------- Instantiating /home/travis/build/icyphy/ptII/ptolemy/actor/lib/test/auto/DiscreteClock5.xml
1 ms. Memory: 552960K Free: 361074K (65%)
----------------- Invoking toplevel() on ptolemy.moml.MoMLSimpleApplication@33393318
----------------- Done invoking toplevel() on ptolemy.moml.MoMLSimpleApplication@33393318
reloadAllAccessors: .DiscreteClock5

===========================================================================================
----------------- testing Sun Jun 27 17:24:22 UTC 2021 /home/travis/build/icyphy/ptII/ptolemy/actor/lib/test/auto/DiscreteClock6.xml
----------------- Instantiating /home/travis/build/icyphy/ptII/ptolemy/actor/lib/test/auto/DiscreteClock6.xml
1 ms. Memory: 552960K Free: 356464K (64%)
----------------- Invoking toplevel() on ptolemy.moml.MoMLSimpleApplication@4daf39c2
----------------- Done invoking toplevel() on ptolemy.moml.MoMLSimpleApplication@4daf39c2
reloadAllAccessors: .DiscreteClock6

===========================================================================================
----------------- testing Sun Jun 27 17:24:22 UTC 2021 /home/travis/build/icyphy/ptII/ptolemy/actor/lib/test/auto/DiscreteClock7.xml
----------------- Instantiating /home/travis/build/icyphy/ptII/ptolemy/actor/lib/test/auto/DiscreteClock7.xml
2 ms. Memory: 552960K Free: 352368K (64%)
----------------- Invoking toplevel() on ptolemy.moml.MoMLSimpleApplication@7ee7315a
----------------- Done invoking toplevel() on ptolemy.moml.MoMLSimpleApplication@7ee7315a
reloadAllAccessors: .DiscreteClock7

===========================================================================================
----------------- testing Sun Jun 27 17:24:22 UTC 2021 /home/travis/build/icyphy/ptII/ptolemy/actor/lib/test/auto/DiscreteClock8.xml
----------------- Instantiating /home/travis/build/icyphy/ptII/ptolemy/actor/lib/test/auto/DiscreteClock8.xml
4 ms. Memory: 552960K Free: 346738K (63%)
----------------- Invoking toplevel() on ptolemy.moml.MoMLSimpleApplication@53fcafe3
----------------- Done invoking toplevel() on ptolemy.moml.MoMLSimpleApplication@53fcafe3
reloadAllAccessors: .DiscreteClock8

===========================================================================================
----------------- testing Sun Jun 27 17:24:22 UTC 2021 /home/travis/build/icyphy/ptII/ptolemy/actor/lib/test/auto/DiscreteClock9.xml
----------------- Instantiating /home/travis/build/icyphy/ptII/ptolemy/actor/lib/test/auto/DiscreteClock9.xml
4 ms. Memory: 552960K Free: 340594K (62%)
----------------- Invoking toplevel() on ptolemy.moml.MoMLSimpleApplication@50d79db6
----------------- Done invoking toplevel() on ptolemy.moml.MoMLSimpleApplication@50d79db6
reloadAllAccessors: .DiscreteClock9

===========================================================================================
----------------- testing Sun Jun 27 17:24:22 UTC 2021 /home/travis/build/icyphy/ptII/ptolemy/actor/lib/test/auto/DisplayArray.xml
----------------- Instantiating /home/travis/build/icyphy/ptII/ptolemy/actor/lib/test/auto/DisplayArray.xml
0 ms. Memory: 552960K Free: 337008K (61%)
----------------- Invoking toplevel() on ptolemy.moml.MoMLSimpleApplication@7581a787
----------------- Done invoking toplevel() on ptolemy.moml.MoMLSimpleApplication@7581a787
reloadAllAccessors: .DisplayArray

===========================================================================================
----------------- testing Sun Jun 27 17:24:22 UTC 2021 /home/travis/build/icyphy/ptII/ptolemy/actor/lib/test/auto/Distributor.xml
----------------- Instantiating /home/travis/build/icyphy/ptII/ptolemy/actor/lib/test/auto/Distributor.xml
1 ms. Memory: 552960K Free: 332912K (60%)
----------------- Invoking toplevel() on ptolemy.moml.MoMLSimpleApplication@1d77f799
----------------- Done invoking toplevel() on ptolemy.moml.MoMLSimpleApplication@1d77f799
reloadAllAccessors: .Distributor

===========================================================================================
----------------- testing Sun Jun 27 17:24:22 UTC 2021 /home/travis/build/icyphy/ptII/ptolemy/actor/lib/test/auto/Distributor2.xml
----------------- Instantiating /home/travis/build/icyphy/ptII/ptolemy/actor/lib/test/auto/Distributor2.xml
1 ms. Memory: 552960K Free: 328306K (59%)
----------------- Invoking toplevel() on ptolemy.moml.MoMLSimpleApplication@4526b4a3
----------------- Done invoking toplevel() on ptolemy.moml.MoMLSimpleApplication@4526b4a3
reloadAllAccessors: .Distributor2

===========================================================================================
----------------- testing Sun Jun 27 17:24:22 UTC 2021 /home/travis/build/icyphy/ptII/ptolemy/actor/lib/test/auto/DownSample.xml
----------------- Instantiating /home/travis/build/icyphy/ptII/ptolemy/actor/lib/test/auto/DownSample.xml
12 ms. Memory: 552960K Free: 323186K (58%)
----------------- Invoking toplevel() on ptolemy.moml.MoMLSimpleApplication@551d534c
----------------- Done invoking toplevel() on ptolemy.moml.MoMLSimpleApplication@551d534c
reloadAllAccessors: .DownSample

===========================================================================================
----------------- testing Sun Jun 27 17:24:22 UTC 2021 /home/travis/build/icyphy/ptII/ptolemy/actor/lib/test/auto/ElectronicUnitBase1.xml
----------------- Instantiating /home/travis/build/icyphy/ptII/ptolemy/actor/lib/test/auto/ElectronicUnitBase1.xml
18 ms. Memory: 552960K Free: 307312K (56%)
----------------- Invoking toplevel() on ptolemy.moml.MoMLSimpleApplication@4e8cfb7b
----------------- Done invoking toplevel() on ptolemy.moml.MoMLSimpleApplication@4e8cfb7b
reloadAllAccessors: .ElectronicUnitBase1

===========================================================================================
----------------- testing Sun Jun 27 17:24:22 UTC 2021 /home/travis/build/icyphy/ptII/ptolemy/actor/lib/test/auto/ElementsToArray.xml
----------------- Instantiating /home/travis/build/icyphy/ptII/ptolemy/actor/lib/test/auto/ElementsToArray.xml
2 ms. Memory: 552960K Free: 302192K (55%)
----------------- Invoking toplevel() on ptolemy.moml.MoMLSimpleApplication@2d61741c
----------------- Done invoking toplevel() on ptolemy.moml.MoMLSimpleApplication@2d61741c
reloadAllAccessors: .ElementsToArray

===========================================================================================
----------------- testing Sun Jun 27 17:24:22 UTC 2021 /home/travis/build/icyphy/ptII/ptolemy/actor/lib/test/auto/Equals.xml
----------------- Instantiating /home/travis/build/icyphy/ptII/ptolemy/actor/lib/test/auto/Equals.xml
3 ms. Memory: 552960K Free: 298096K (54%)
----------------- Invoking toplevel() on ptolemy.moml.MoMLSimpleApplication@267e7b8e
----------------- Done invoking toplevel() on ptolemy.moml.MoMLSimpleApplication@267e7b8e
reloadAllAccessors: .Equals

===========================================================================================
----------------- testing Sun Jun 27 17:24:22 UTC 2021 /home/travis/build/icyphy/ptII/ptolemy/actor/lib/test/auto/Exec.xml
----------------- Instantiating /home/travis/build/icyphy/ptII/ptolemy/actor/lib/test/auto/Exec.xml
21 ms. Memory: 552960K Free: 291952K (53%)
----------------- Invoking toplevel() on ptolemy.moml.MoMLSimpleApplication@4a3a27d9
----------------- Done invoking toplevel() on ptolemy.moml.MoMLSimpleApplication@4a3a27d9
reloadAllAccessors: .Exec

===========================================================================================
----------------- testing Sun Jun 27 17:24:22 UTC 2021 /home/travis/build/icyphy/ptII/ptolemy/actor/lib/test/auto/ExecEnvironment.xml
----------------- Instantiating /home/travis/build/icyphy/ptII/ptolemy/actor/lib/test/auto/ExecEnvironment.xml
31 ms. Memory: 552960K Free: 285805K (52%)
----------------- Invoking toplevel() on ptolemy.moml.MoMLSimpleApplication@10c2b045
----------------- Done invoking toplevel() on ptolemy.moml.MoMLSimpleApplication@10c2b045
reloadAllAccessors: .ExecEnvironment

===========================================================================================
----------------- testing Sun Jun 27 17:24:22 UTC 2021 /home/travis/build/icyphy/ptII/ptolemy/actor/lib/test/auto/ExecNonZeroReturnOutput.xml
----------------- Instantiating /home/travis/build/icyphy/ptII/ptolemy/actor/lib/test/auto/ExecNonZeroReturnOutput.xml
162 ms. Memory: 552960K Free: 274544K (50%)
----------------- Invoking toplevel() on ptolemy.moml.MoMLSimpleApplication@68929ad6
----------------- Done invoking toplevel() on ptolemy.moml.MoMLSimpleApplication@68929ad6
reloadAllAccessors: .ExecNonZeroReturnOutput

===========================================================================================
----------------- testing Sun Jun 27 17:24:22 UTC 2021 /home/travis/build/icyphy/ptII/ptolemy/actor/lib/test/auto/ExecRunDemos.xml
----------------- Instantiating /home/travis/build/icyphy/ptII/ptolemy/actor/lib/test/auto/ExecRunDemos.xml
Finished: 81 ms. Memory: 129024K Free: 112026K (87%)

Finished: 74 ms. Memory: 129024K Free: 109500K (85%)

Finished: 78 ms. Memory: 129024K Free: 109671K (85%)

Finished: 63 ms. Memory: 129024K Free: 110978K (86%)

Finished: 77 ms. Memory: 129024K Free: 111826K (87%)

10496 ms. Memory: 552960K Free: 253552K (46%)
----------------- Invoking toplevel() on ptolemy.moml.MoMLSimpleApplication@104d4883
----------------- Done invoking toplevel() on ptolemy.moml.MoMLSimpleApplication@104d4883
reloadAllAccessors: .ExecRunDemos

===========================================================================================
----------------- testing Sun Jun 27 17:24:33 UTC 2021 /home/travis/build/icyphy/ptII/ptolemy/actor/lib/test/auto/ExecStop.xml
----------------- Instantiating /home/travis/build/icyphy/ptII/ptolemy/actor/lib/test/auto/ExecStop.xml
5016 ms. Memory: 552960K Free: 433264K (78%)
----------------- Invoking toplevel() on ptolemy.moml.MoMLSimpleApplication@6c9c7094
----------------- Done invoking toplevel() on ptolemy.moml.MoMLSimpleApplication@6c9c7094
reloadAllAccessors: .ExecStop

===========================================================================================
----------------- testing Sun Jun 27 17:24:38 UTC 2021 /home/travis/build/icyphy/ptII/ptolemy/actor/lib/test/auto/ExecutionTimeSDF.xml
----------------- Instantiating /home/travis/build/icyphy/ptII/ptolemy/actor/lib/test/auto/ExecutionTimeSDF.xml
Fired ExecutionTime: -660967296
Fired ExecutionTime: 1318800000
Fired ExecutionTime: 1374800000
6005 ms. Memory: 552960K Free: 419954K (76%)
----------------- Invoking toplevel() on ptolemy.moml.MoMLSimpleApplication@34fe5775
----------------- Done invoking toplevel() on ptolemy.moml.MoMLSimpleApplication@34fe5775
reloadAllAccessors: .ExecutionTimeSDF

===========================================================================================
----------------- testing Sun Jun 27 17:24:44 UTC 2021 /home/travis/build/icyphy/ptII/ptolemy/actor/lib/test/auto/Expression1.xml
----------------- Instantiating /home/travis/build/icyphy/ptII/ptolemy/actor/lib/test/auto/Expression1.xml
4 ms. Memory: 552960K Free: 416368K (75%)
----------------- Invoking toplevel() on ptolemy.moml.MoMLSimpleApplication@51aa77ed
----------------- Done invoking toplevel() on ptolemy.moml.MoMLSimpleApplication@51aa77ed
reloadAllAccessors: .Expression1

===========================================================================================
----------------- testing Sun Jun 27 17:24:44 UTC 2021 /home/travis/build/icyphy/ptII/ptolemy/actor/lib/test/auto/Expression10.xml
----------------- Instantiating /home/travis/build/icyphy/ptII/ptolemy/actor/lib/test/auto/Expression10.xml
4 ms. Memory: 552960K Free: 411248K (74%)
----------------- Invoking toplevel() on ptolemy.moml.MoMLSimpleApplication@427e566a
----------------- Done invoking toplevel() on ptolemy.moml.MoMLSimpleApplication@427e566a
reloadAllAccessors: .Expression10

===========================================================================================
----------------- testing Sun Jun 27 17:24:44 UTC 2021 /home/travis/build/icyphy/ptII/ptolemy/actor/lib/test/auto/Expression11.xml
----------------- Instantiating /home/travis/build/icyphy/ptII/ptolemy/actor/lib/test/auto/Expression11.xml
2 ms. Memory: 552960K Free: 406642K (74%)
----------------- Invoking toplevel() on ptolemy.moml.MoMLSimpleApplication@4a3c3c92
----------------- Done invoking toplevel() on ptolemy.moml.MoMLSimpleApplication@4a3c3c92
reloadAllAccessors: .Expression11

===========================================================================================
----------------- testing Sun Jun 27 17:24:44 UTC 2021 /home/travis/build/icyphy/ptII/ptolemy/actor/lib/test/auto/Expression12.xml
----------------- Instantiating /home/travis/build/icyphy/ptII/ptolemy/actor/lib/test/auto/Expression12.xml
2 ms. Memory: 552960K Free: 401008K (73%)
----------------- Invoking toplevel() on ptolemy.moml.MoMLSimpleApplication@48e1cc43
----------------- Done invoking toplevel() on ptolemy.moml.MoMLSimpleApplication@48e1cc43
reloadAllAccessors: .Expression12

===========================================================================================
----------------- testing Sun Jun 27 17:24:44 UTC 2021 /home/travis/build/icyphy/ptII/ptolemy/actor/lib/test/auto/Expression13.xml
----------------- Instantiating /home/travis/build/icyphy/ptII/ptolemy/actor/lib/test/auto/Expression13.xml
3 ms. Memory: 552960K Free: 395888K (72%)
----------------- Invoking toplevel() on ptolemy.moml.MoMLSimpleApplication@521575f3
----------------- Done invoking toplevel() on ptolemy.moml.MoMLSimpleApplication@521575f3
reloadAllAccessors: .Expression13

===========================================================================================
----------------- testing Sun Jun 27 17:24:44 UTC 2021 /home/travis/build/icyphy/ptII/ptolemy/actor/lib/test/auto/Expression14.xml
----------------- Instantiating /home/travis/build/icyphy/ptII/ptolemy/actor/lib/test/auto/Expression14.xml
4 ms. Memory: 552960K Free: 389744K (70%)
----------------- Invoking toplevel() on ptolemy.moml.MoMLSimpleApplication@6ba97b3f
----------------- Done invoking toplevel() on ptolemy.moml.MoMLSimpleApplication@6ba97b3f
reloadAllAccessors: .Expression14

===========================================================================================
----------------- testing Sun Jun 27 17:24:44 UTC 2021 /home/travis/build/icyphy/ptII/ptolemy/actor/lib/test/auto/Expression15.xml
----------------- Instantiating /home/travis/build/icyphy/ptII/ptolemy/actor/lib/test/auto/Expression15.xml
1 ms. Memory: 552960K Free: 386162K (70%)
----------------- Invoking toplevel() on ptolemy.moml.MoMLSimpleApplication@3d36fd31
----------------- Done invoking toplevel() on ptolemy.moml.MoMLSimpleApplication@3d36fd31
reloadAllAccessors: .Expression15

===========================================================================================
----------------- testing Sun Jun 27 17:24:44 UTC 2021 /home/travis/build/icyphy/ptII/ptolemy/actor/lib/test/auto/Expression16.xml
----------------- Instantiating /home/travis/build/icyphy/ptII/ptolemy/actor/lib/test/auto/Expression16.xml
2 ms. Memory: 552960K Free: 381042K (69%)
----------------- Invoking toplevel() on ptolemy.moml.MoMLSimpleApplication@23bbd6b1
----------------- Done invoking toplevel() on ptolemy.moml.MoMLSimpleApplication@23bbd6b1
reloadAllAccessors: .Expression16

===========================================================================================
----------------- testing Sun Jun 27 17:24:44 UTC 2021 /home/travis/build/icyphy/ptII/ptolemy/actor/lib/test/auto/Expression17.xml
----------------- Instantiating /home/travis/build/icyphy/ptII/ptolemy/actor/lib/test/auto/Expression17.xml
4 ms. Memory: 552960K Free: 375922K (68%)
----------------- Invoking toplevel() on ptolemy.moml.MoMLSimpleApplication@641438ee
----------------- Done invoking toplevel() on ptolemy.moml.MoMLSimpleApplication@641438ee
reloadAllAccessors: .Expression17

===========================================================================================
----------------- testing Sun Jun 27 17:24:44 UTC 2021 /home/travis/build/icyphy/ptII/ptolemy/actor/lib/test/auto/Expression18.xml
----------------- Instantiating /home/travis/build/icyphy/ptII/ptolemy/actor/lib/test/auto/Expression18.xml
3 ms. Memory: 552960K Free: 370800K (67%)
----------------- Invoking toplevel() on ptolemy.moml.MoMLSimpleApplication@168412b2
----------------- Done invoking toplevel() on ptolemy.moml.MoMLSimpleApplication@168412b2
reloadAllAccessors: .Expression18

===========================================================================================
----------------- testing Sun Jun 27 17:24:44 UTC 2021 /home/travis/build/icyphy/ptII/ptolemy/actor/lib/test/auto/Expression2.xml
----------------- Instantiating /home/travis/build/icyphy/ptII/ptolemy/actor/lib/test/auto/Expression2.xml
3 ms. Memory: 552960K Free: 366192K (66%)
----------------- Invoking toplevel() on ptolemy.moml.MoMLSimpleApplication@310b8130
----------------- Done invoking toplevel() on ptolemy.moml.MoMLSimpleApplication@310b8130
reloadAllAccessors: .Expression2

===========================================================================================
----------------- testing Sun Jun 27 17:24:44 UTC 2021 /home/travis/build/icyphy/ptII/ptolemy/actor/lib/test/auto/Expression3.xml
----------------- Instantiating /home/travis/build/icyphy/ptII/ptolemy/actor/lib/test/auto/Expression3.xml
5 ms. Memory: 552960K Free: 361072K (65%)
----------------- Invoking toplevel() on ptolemy.moml.MoMLSimpleApplication@53e61170
----------------- Done invoking toplevel() on ptolemy.moml.MoMLSimpleApplication@53e61170
reloadAllAccessors: .Expression3

===========================================================================================
----------------- testing Sun Jun 27 17:24:44 UTC 2021 /home/travis/build/icyphy/ptII/ptolemy/actor/lib/test/auto/Expression4.xml
----------------- Instantiating /home/travis/build/icyphy/ptII/ptolemy/actor/lib/test/auto/Expression4.xml
6 ms. Memory: 552960K Free: 353394K (64%)
----------------- Invoking toplevel() on ptolemy.moml.MoMLSimpleApplication@68074950
----------------- Done invoking toplevel() on ptolemy.moml.MoMLSimpleApplication@68074950
reloadAllAccessors: .Expression4

===========================================================================================
----------------- testing Sun Jun 27 17:24:44 UTC 2021 /home/travis/build/icyphy/ptII/ptolemy/actor/lib/test/auto/Expression5.xml
----------------- Instantiating /home/travis/build/icyphy/ptII/ptolemy/actor/lib/test/auto/Expression5.xml
3 ms. Memory: 552960K Free: 348274K (63%)
----------------- Invoking toplevel() on ptolemy.moml.MoMLSimpleApplication@a3cb8d7
----------------- Done invoking toplevel() on ptolemy.moml.MoMLSimpleApplication@a3cb8d7
reloadAllAccessors: .Expression5

===========================================================================================
----------------- testing Sun Jun 27 17:24:44 UTC 2021 /home/travis/build/icyphy/ptII/ptolemy/actor/lib/test/auto/Expression6.xml
----------------- Instantiating /home/travis/build/icyphy/ptII/ptolemy/actor/lib/test/auto/Expression6.xml
2 ms. Memory: 552960K Free: 343664K (62%)
----------------- Invoking toplevel() on ptolemy.moml.MoMLSimpleApplication@2b862013
----------------- Done invoking toplevel() on ptolemy.moml.MoMLSimpleApplication@2b862013
reloadAllAccessors: .Expression6

===========================================================================================
----------------- testing Sun Jun 27 17:24:44 UTC 2021 /home/travis/build/icyphy/ptII/ptolemy/actor/lib/test/auto/Expression7.xml
----------------- Instantiating /home/travis/build/icyphy/ptII/ptolemy/actor/lib/test/auto/Expression7.xml
2 ms. Memory: 552960K Free: 338544K (61%)
----------------- Invoking toplevel() on ptolemy.moml.MoMLSimpleApplication@431b5b96
----------------- Done invoking toplevel() on ptolemy.moml.MoMLSimpleApplication@431b5b96
reloadAllAccessors: .Expression7

===========================================================================================
----------------- testing Sun Jun 27 17:24:44 UTC 2021 /home/travis/build/icyphy/ptII/ptolemy/actor/lib/test/auto/Expression8.xml
----------------- Instantiating /home/travis/build/icyphy/ptII/ptolemy/actor/lib/test/auto/Expression8.xml
8 ms. Memory: 552960K Free: 333938K (60%)
----------------- Invoking toplevel() on ptolemy.moml.MoMLSimpleApplication@2cebfff9
----------------- Done invoking toplevel() on ptolemy.moml.MoMLSimpleApplication@2cebfff9
reloadAllAccessors: .Expression8

===========================================================================================
----------------- testing Sun Jun 27 17:24:44 UTC 2021 /home/travis/build/icyphy/ptII/ptolemy/actor/lib/test/auto/Expression9.xml
----------------- Instantiating /home/travis/build/icyphy/ptII/ptolemy/actor/lib/test/auto/Expression9.xml
0 ms. Memory: 552960K Free: 329842K (60%)
----------------- Invoking toplevel() on ptolemy.moml.MoMLSimpleApplication@74d3d86f
----------------- Done invoking toplevel() on ptolemy.moml.MoMLSimpleApplication@74d3d86f
reloadAllAccessors: .Expression9

===========================================================================================
----------------- testing Sun Jun 27 17:24:44 UTC 2021 /home/travis/build/icyphy/ptII/ptolemy/actor/lib/test/auto/ExpressionConcatenateArrayType.xml
----------------- Instantiating /home/travis/build/icyphy/ptII/ptolemy/actor/lib/test/auto/ExpressionConcatenateArrayType.xml
3 ms. Memory: 552960K Free: 323184K (58%)
----------------- Invoking toplevel() on ptolemy.moml.MoMLSimpleApplication@59a4d72e
----------------- Done invoking toplevel() on ptolemy.moml.MoMLSimpleApplication@59a4d72e
reloadAllAccessors: .ExpressionConcatenateArrayType

===========================================================================================
----------------- testing Sun Jun 27 17:24:44 UTC 2021 /home/travis/build/icyphy/ptII/ptolemy/actor/lib/test/auto/ExpressionConcatenateArrayType2.xml
----------------- Instantiating /home/travis/build/icyphy/ptII/ptolemy/actor/lib/test/auto/ExpressionConcatenateArrayType2.xml
1 ms. Memory: 552960K Free: 317554K (57%)
----------------- Invoking toplevel() on ptolemy.moml.MoMLSimpleApplication@6c38cfdc
----------------- Done invoking toplevel() on ptolemy.moml.MoMLSimpleApplication@6c38cfdc
reloadAllAccessors: .ExpressionConcatenateArrayType2

===========================================================================================
----------------- testing Sun Jun 27 17:24:44 UTC 2021 /home/travis/build/icyphy/ptII/ptolemy/actor/lib/test/auto/ExpressionFix.xml
----------------- Instantiating /home/travis/build/icyphy/ptII/ptolemy/actor/lib/test/auto/ExpressionFix.xml
19 ms. Memory: 552960K Free: 310896K (56%)
----------------- Invoking toplevel() on ptolemy.moml.MoMLSimpleApplication@5e60b52a
----------------- Done invoking toplevel() on ptolemy.moml.MoMLSimpleApplication@5e60b52a
reloadAllAccessors: .ExpressionFix

===========================================================================================
----------------- testing Sun Jun 27 17:24:44 UTC 2021 /home/travis/build/icyphy/ptII/ptolemy/actor/lib/test/auto/ExpressionFix2.xml
----------------- Instantiating /home/travis/build/icyphy/ptII/ptolemy/actor/lib/test/auto/ExpressionFix2.xml
5 ms. Memory: 552960K Free: 306800K (55%)
----------------- Invoking toplevel() on ptolemy.moml.MoMLSimpleApplication@60e93e2a
----------------- Done invoking toplevel() on ptolemy.moml.MoMLSimpleApplication@60e93e2a
reloadAllAccessors: .ExpressionFix2

===========================================================================================
----------------- testing Sun Jun 27 17:24:44 UTC 2021 /home/travis/build/icyphy/ptII/ptolemy/actor/lib/test/auto/ExpressionFix3.xml
----------------- Instantiating /home/travis/build/icyphy/ptII/ptolemy/actor/lib/test/auto/ExpressionFix3.xml
2 ms. Memory: 552960K Free: 302194K (55%)
----------------- Invoking toplevel() on ptolemy.moml.MoMLSimpleApplication@5201ca9d
----------------- Done invoking toplevel() on ptolemy.moml.MoMLSimpleApplication@5201ca9d
reloadAllAccessors: .ExpressionFix3

===========================================================================================
----------------- testing Sun Jun 27 17:24:44 UTC 2021 /home/travis/build/icyphy/ptII/ptolemy/actor/lib/test/auto/FileWriter1.xml
----------------- Instantiating /home/travis/build/icyphy/ptII/ptolemy/actor/lib/test/auto/FileWriter1.xml
1 ms. Memory: 552960K Free: 298098K (54%)
----------------- Invoking toplevel() on ptolemy.moml.MoMLSimpleApplication@3e54c63a
----------------- Done invoking toplevel() on ptolemy.moml.MoMLSimpleApplication@3e54c63a
reloadAllAccessors: .FileWriter1

===========================================================================================
----------------- testing Sun Jun 27 17:24:44 UTC 2021 /home/travis/build/icyphy/ptII/ptolemy/actor/lib/test/auto/FileWriter2.xml
----------------- Instantiating /home/travis/build/icyphy/ptII/ptolemy/actor/lib/test/auto/FileWriter2.xml
2 ms. Memory: 552960K Free: 293473K (53%)
----------------- Invoking toplevel() on ptolemy.moml.MoMLSimpleApplication@186f08a
----------------- Done invoking toplevel() on ptolemy.moml.MoMLSimpleApplication@186f08a
reloadAllAccessors: .FileWriter2

===========================================================================================
----------------- testing Sun Jun 27 17:24:44 UTC 2021 /home/travis/build/icyphy/ptII/ptolemy/actor/lib/test/auto/FileWriter3.xml
----------------- Instantiating /home/travis/build/icyphy/ptII/ptolemy/actor/lib/test/auto/FileWriter3.xml
5 ms. Memory: 552960K Free: 289392K (52%)
----------------- Invoking toplevel() on ptolemy.moml.MoMLSimpleApplication@6d49e3a
----------------- Done invoking toplevel() on ptolemy.moml.MoMLSimpleApplication@6d49e3a
reloadAllAccessors: .FileWriter3

===========================================================================================
----------------- testing Sun Jun 27 17:24:44 UTC 2021 /home/travis/build/icyphy/ptII/ptolemy/actor/lib/test/auto/Gaussian.xml
----------------- Instantiating /home/travis/build/icyphy/ptII/ptolemy/actor/lib/test/auto/Gaussian.xml
3 ms. Memory: 552960K Free: 284786K (52%)
----------------- Invoking toplevel() on ptolemy.moml.MoMLSimpleApplication@39576cf3
----------------- Done invoking toplevel() on ptolemy.moml.MoMLSimpleApplication@39576cf3
reloadAllAccessors: .Gaussian

===========================================================================================
----------------- testing Sun Jun 27 17:24:44 UTC 2021 /home/travis/build/icyphy/ptII/ptolemy/actor/lib/test/auto/Gaussian1.xml
----------------- Instantiating /home/travis/build/icyphy/ptII/ptolemy/actor/lib/test/auto/Gaussian1.xml
2 ms. Memory: 552960K Free: 279666K (51%)
----------------- Invoking toplevel() on ptolemy.moml.MoMLSimpleApplication@351091cf
----------------- Done invoking toplevel() on ptolemy.moml.MoMLSimpleApplication@351091cf
reloadAllAccessors: .Gaussian1

===========================================================================================
----------------- testing Sun Jun 27 17:24:44 UTC 2021 /home/travis/build/icyphy/ptII/ptolemy/actor/lib/test/auto/Gaussian2.xml
----------------- Instantiating /home/travis/build/icyphy/ptII/ptolemy/actor/lib/test/auto/Gaussian2.xml
10 ms. Memory: 552960K Free: 274017K (50%)
----------------- Invoking toplevel() on ptolemy.moml.MoMLSimpleApplication@3e6d9cb9
----------------- Done invoking toplevel() on ptolemy.moml.MoMLSimpleApplication@3e6d9cb9
reloadAllAccessors: .Gaussian2

===========================================================================================
----------------- testing Sun Jun 27 17:24:44 UTC 2021 /home/travis/build/icyphy/ptII/ptolemy/actor/lib/test/auto/GradientAdaptiveLattice.xml
----------------- Instantiating /home/travis/build/icyphy/ptII/ptolemy/actor/lib/test/auto/GradientAdaptiveLattice.xml
2 ms. Memory: 552960K Free: 268912K (49%)
----------------- Invoking toplevel() on ptolemy.moml.MoMLSimpleApplication@76416035
----------------- Done invoking toplevel() on ptolemy.moml.MoMLSimpleApplication@76416035
reloadAllAccessors: .GradientAdaptiveLattice

===========================================================================================
----------------- testing Sun Jun 27 17:24:44 UTC 2021 /home/travis/build/icyphy/ptII/ptolemy/actor/lib/test/auto/IIR.xml
----------------- Instantiating /home/travis/build/icyphy/ptII/ptolemy/actor/lib/test/auto/IIR.xml
1 ms. Memory: 552960K Free: 264306K (48%)
----------------- Invoking toplevel() on ptolemy.moml.MoMLSimpleApplication@5992e57e
----------------- Done invoking toplevel() on ptolemy.moml.MoMLSimpleApplication@5992e57e
reloadAllAccessors: .IIR

===========================================================================================
----------------- testing Sun Jun 27 17:24:44 UTC 2021 /home/travis/build/icyphy/ptII/ptolemy/actor/lib/test/auto/InputOutputTransparentPorts.xml
----------------- Instantiating /home/travis/build/icyphy/ptII/ptolemy/actor/lib/test/auto/InputOutputTransparentPorts.xml
2 ms. Memory: 552960K Free: 256624K (46%)
----------------- Invoking toplevel() on ptolemy.moml.MoMLSimpleApplication@4e6ef23c
----------------- Done invoking toplevel() on ptolemy.moml.MoMLSimpleApplication@4e6ef23c
reloadAllAccessors: .InputOutputTransparentPorts

===========================================================================================
----------------- testing Sun Jun 27 17:24:44 UTC 2021 /home/travis/build/icyphy/ptII/ptolemy/actor/lib/test/auto/Interpolator.xml
----------------- Instantiating /home/travis/build/icyphy/ptII/ptolemy/actor/lib/test/auto/Interpolator.xml
3 ms. Memory: 552960K Free: 252528K (46%)
----------------- Invoking toplevel() on ptolemy.moml.MoMLSimpleApplication@53a44214
----------------- Done invoking toplevel() on ptolemy.moml.MoMLSimpleApplication@53a44214
reloadAllAccessors: .Interpolator

===========================================================================================
----------------- testing Sun Jun 27 17:24:44 UTC 2021 /home/travis/build/icyphy/ptII/ptolemy/actor/lib/test/auto/InterpolatorFiringLimitDE.xml
----------------- Instantiating /home/travis/build/icyphy/ptII/ptolemy/actor/lib/test/auto/InterpolatorFiringLimitDE.xml
2 ms. Memory: 552960K Free: 246384K (45%)
----------------- Invoking toplevel() on ptolemy.moml.MoMLSimpleApplication@23f0502c
----------------- Done invoking toplevel() on ptolemy.moml.MoMLSimpleApplication@23f0502c
reloadAllAccessors: .InterpolatorFiringLimitDE

===========================================================================================
----------------- testing Sun Jun 27 17:24:44 UTC 2021 /home/travis/build/icyphy/ptII/ptolemy/actor/lib/test/auto/Lattice.xml
----------------- Instantiating /home/travis/build/icyphy/ptII/ptolemy/actor/lib/test/auto/Lattice.xml
1 ms. Memory: 552960K Free: 242288K (44%)
----------------- Invoking toplevel() on ptolemy.moml.MoMLSimpleApplication@3251e1c9
----------------- Done invoking toplevel() on ptolemy.moml.MoMLSimpleApplication@3251e1c9
reloadAllAccessors: .Lattice

===========================================================================================
----------------- testing Sun Jun 27 17:24:44 UTC 2021 /home/travis/build/icyphy/ptII/ptolemy/actor/lib/test/auto/LazyAOCTestLazy.xml
----------------- Instantiating /home/travis/build/icyphy/ptII/ptolemy/actor/lib/test/auto/LazyAOCTestLazy.xml
16 ms. Memory: 552960K Free: 236658K (43%)
----------------- Invoking toplevel() on ptolemy.moml.MoMLSimpleApplication@6a7a7b56
----------------- Done invoking toplevel() on ptolemy.moml.MoMLSimpleApplication@6a7a7b56
reloadAllAccessors: .LazyAOCTestLazy

===========================================================================================
----------------- testing Sun Jun 27 17:24:45 UTC 2021 /home/travis/build/icyphy/ptII/ptolemy/actor/lib/test/auto/LazyAOCTestNonLazy.xml
----------------- Instantiating /home/travis/build/icyphy/ptII/ptolemy/actor/lib/test/auto/LazyAOCTestNonLazy.xml
2 ms. Memory: 552960K Free: 230000K (42%)
----------------- Invoking toplevel() on ptolemy.moml.MoMLSimpleApplication@3cf87273
----------------- Done invoking toplevel() on ptolemy.moml.MoMLSimpleApplication@3cf87273
reloadAllAccessors: .LazyAOCTestNonLazy

===========================================================================================
----------------- testing Sun Jun 27 17:24:45 UTC 2021 /home/travis/build/icyphy/ptII/ptolemy/actor/lib/test/auto/LazyInnerClass.xml
----------------- Instantiating /home/travis/build/icyphy/ptII/ptolemy/actor/lib/test/auto/LazyInnerClass.xml
18 ms. Memory: 552960K Free: 221298K (40%)
----------------- Invoking toplevel() on ptolemy.moml.MoMLSimpleApplication@780d277e
----------------- Done invoking toplevel() on ptolemy.moml.MoMLSimpleApplication@780d277e
reloadAllAccessors: .LazyInnerClass

===========================================================================================
----------------- testing Sun Jun 27 17:24:45 UTC 2021 /home/travis/build/icyphy/ptII/ptolemy/actor/lib/test/auto/LazyPubSub.xml
----------------- Instantiating /home/travis/build/icyphy/ptII/ptolemy/actor/lib/test/auto/LazyPubSub.xml
16 ms. Memory: 552960K Free: 211058K (38%)
----------------- Invoking toplevel() on ptolemy.moml.MoMLSimpleApplication@3866e83
----------------- Done invoking toplevel() on ptolemy.moml.MoMLSimpleApplication@3866e83
reloadAllAccessors: .LazyPubSub

===========================================================================================
----------------- testing Sun Jun 27 17:24:45 UTC 2021 /home/travis/build/icyphy/ptII/ptolemy/actor/lib/test/auto/LazyPubSub2.xml
----------------- Instantiating /home/travis/build/icyphy/ptII/ptolemy/actor/lib/test/auto/LazyPubSub2.xml
14 ms. Memory: 552960K Free: 200818K (36%)
----------------- Invoking toplevel() on ptolemy.moml.MoMLSimpleApplication@7d9602a3
----------------- Done invoking toplevel() on ptolemy.moml.MoMLSimpleApplication@7d9602a3
reloadAllAccessors: .LazyPubSub2

===========================================================================================
----------------- testing Sun Jun 27 17:24:45 UTC 2021 /home/travis/build/icyphy/ptII/ptolemy/actor/lib/test/auto/LazyPubSub3.xml
----------------- Instantiating /home/travis/build/icyphy/ptII/ptolemy/actor/lib/test/auto/LazyPubSub3.xml
15 ms. Memory: 552960K Free: 190578K (34%)
----------------- Invoking toplevel() on ptolemy.moml.MoMLSimpleApplication@4adc4391
----------------- Done invoking toplevel() on ptolemy.moml.MoMLSimpleApplication@4adc4391
reloadAllAccessors: .LazyPubSub3

===========================================================================================
----------------- testing Sun Jun 27 17:24:45 UTC 2021 /home/travis/build/icyphy/ptII/ptolemy/actor/lib/test/auto/LazySubClassModel.xml
----------------- Instantiating /home/travis/build/icyphy/ptII/ptolemy/actor/lib/test/auto/LazySubClassModel.xml
2 ms. Memory: 552960K Free: 181362K (33%)
----------------- Invoking toplevel() on ptolemy.moml.MoMLSimpleApplication@6fc053b5
----------------- Done invoking toplevel() on ptolemy.moml.MoMLSimpleApplication@6fc053b5
reloadAllAccessors: .LazySubClassModel

===========================================================================================
----------------- testing Sun Jun 27 17:24:45 UTC 2021 /home/travis/build/icyphy/ptII/ptolemy/actor/lib/test/auto/LevelCrossTest1.xml
----------------- Instantiating /home/travis/build/icyphy/ptII/ptolemy/actor/lib/test/auto/LevelCrossTest1.xml
1 ms. Memory: 552960K Free: 495730K (90%)
----------------- Invoking toplevel() on ptolemy.moml.MoMLSimpleApplication@24ddb77c
----------------- Done invoking toplevel() on ptolemy.moml.MoMLSimpleApplication@24ddb77c
reloadAllAccessors: .broken

===========================================================================================
----------------- testing Sun Jun 27 17:24:45 UTC 2021 /home/travis/build/icyphy/ptII/ptolemy/actor/lib/test/auto/LevelCrossTest10.xml
----------------- Instantiating /home/travis/build/icyphy/ptII/ptolemy/actor/lib/test/auto/LevelCrossTest10.xml
1 ms. Memory: 552960K Free: 488048K (88%)
----------------- Invoking toplevel() on ptolemy.moml.MoMLSimpleApplication@5eac910c
----------------- Done invoking toplevel() on ptolemy.moml.MoMLSimpleApplication@5eac910c
reloadAllAccessors: .LevelCrossTest10

===========================================================================================
----------------- testing Sun Jun 27 17:24:45 UTC 2021 /home/travis/build/icyphy/ptII/ptolemy/actor/lib/test/auto/LevelCrossTest11.xml
----------------- Instantiating /home/travis/build/icyphy/ptII/ptolemy/actor/lib/test/auto/LevelCrossTest11.xml
1 ms. Memory: 552960K Free: 480880K (87%)
----------------- Invoking toplevel() on ptolemy.moml.MoMLSimpleApplication@17186f62
----------------- Done invoking toplevel() on ptolemy.moml.MoMLSimpleApplication@17186f62
reloadAllAccessors: .LevelCrossTest11

===========================================================================================
----------------- testing Sun Jun 27 17:24:45 UTC 2021 /home/travis/build/icyphy/ptII/ptolemy/actor/lib/test/auto/LevelCrossTest12.xml
----------------- Instantiating /home/travis/build/icyphy/ptII/ptolemy/actor/lib/test/auto/LevelCrossTest12.xml
1 ms. Memory: 552960K Free: 474226K (86%)
----------------- Invoking toplevel() on ptolemy.moml.MoMLSimpleApplication@4419632e
----------------- Done invoking toplevel() on ptolemy.moml.MoMLSimpleApplication@4419632e
reloadAllAccessors: .LevelCrossTest12

===========================================================================================
----------------- testing Sun Jun 27 17:24:45 UTC 2021 /home/travis/build/icyphy/ptII/ptolemy/actor/lib/test/auto/LevelCrossTest13.xml
----------------- Instantiating /home/travis/build/icyphy/ptII/ptolemy/actor/lib/test/auto/LevelCrossTest13.xml
3 ms. Memory: 552960K Free: 467058K (84%)
----------------- Invoking toplevel() on ptolemy.moml.MoMLSimpleApplication@3ddab523
----------------- Done invoking toplevel() on ptolemy.moml.MoMLSimpleApplication@3ddab523
reloadAllAccessors: .LevelCrossTest13

===========================================================================================
----------------- testing Sun Jun 27 17:24:45 UTC 2021 /home/travis/build/icyphy/ptII/ptolemy/actor/lib/test/auto/LevelCrossTest2.xml
----------------- Instantiating /home/travis/build/icyphy/ptII/ptolemy/actor/lib/test/auto/LevelCrossTest2.xml
1 ms. Memory: 552960K Free: 461938K (84%)
----------------- Invoking toplevel() on ptolemy.moml.MoMLSimpleApplication@5eec68aa
----------------- Done invoking toplevel() on ptolemy.moml.MoMLSimpleApplication@5eec68aa
reloadAllAccessors: .broken

===========================================================================================
----------------- testing Sun Jun 27 17:24:45 UTC 2021 /home/travis/build/icyphy/ptII/ptolemy/actor/lib/test/auto/LevelCrossTest3.xml
----------------- Instantiating /home/travis/build/icyphy/ptII/ptolemy/actor/lib/test/auto/LevelCrossTest3.xml
2 ms. Memory: 552960K Free: 455280K (82%)
----------------- Invoking toplevel() on ptolemy.moml.MoMLSimpleApplication@3f0a7ebb
----------------- Done invoking toplevel() on ptolemy.moml.MoMLSimpleApplication@3f0a7ebb
reloadAllAccessors: .LevelCrossTest3

===========================================================================================
----------------- testing Sun Jun 27 17:24:45 UTC 2021 /home/travis/build/icyphy/ptII/ptolemy/actor/lib/test/auto/LevelCrossTest4.xml
----------------- Instantiating /home/travis/build/icyphy/ptII/ptolemy/actor/lib/test/auto/LevelCrossTest4.xml
1 ms. Memory: 552960K Free: 450145K (81%)
----------------- Invoking toplevel() on ptolemy.moml.MoMLSimpleApplication@12297d12
----------------- Done invoking toplevel() on ptolemy.moml.MoMLSimpleApplication@12297d12
reloadAllAccessors: .broken

===========================================================================================
----------------- testing Sun Jun 27 17:24:45 UTC 2021 /home/travis/build/icyphy/ptII/ptolemy/actor/lib/test/auto/LevelCrossTest5.xml
----------------- Instantiating /home/travis/build/icyphy/ptII/ptolemy/actor/lib/test/auto/LevelCrossTest5.xml
1 ms. Memory: 552960K Free: 443506K (80%)
----------------- Invoking toplevel() on ptolemy.moml.MoMLSimpleApplication@4197066d
----------------- Done invoking toplevel() on ptolemy.moml.MoMLSimpleApplication@4197066d
reloadAllAccessors: .LevelCrossTest5

===========================================================================================
----------------- testing Sun Jun 27 17:24:45 UTC 2021 /home/travis/build/icyphy/ptII/ptolemy/actor/lib/test/auto/LevelCrossTest6.xml
----------------- Instantiating /home/travis/build/icyphy/ptII/ptolemy/actor/lib/test/auto/LevelCrossTest6.xml
1 ms. Memory: 552960K Free: 435824K (79%)
----------------- Invoking toplevel() on ptolemy.moml.MoMLSimpleApplication@7d0b84cd
----------------- Done invoking toplevel() on ptolemy.moml.MoMLSimpleApplication@7d0b84cd
reloadAllAccessors: .LevelCrossTest6

===========================================================================================
----------------- testing Sun Jun 27 17:24:45 UTC 2021 /home/travis/build/icyphy/ptII/ptolemy/actor/lib/test/auto/LevelCrossTest7.xml
----------------- Instantiating /home/travis/build/icyphy/ptII/ptolemy/actor/lib/test/auto/LevelCrossTest7.xml
1 ms. Memory: 552960K Free: 428146K (77%)
----------------- Invoking toplevel() on ptolemy.moml.MoMLSimpleApplication@18a46eb
----------------- Done invoking toplevel() on ptolemy.moml.MoMLSimpleApplication@18a46eb
reloadAllAccessors: .LevelCrossTest7

===========================================================================================
----------------- testing Sun Jun 27 17:24:45 UTC 2021 /home/travis/build/icyphy/ptII/ptolemy/actor/lib/test/auto/LevelCrossTest8.xml
----------------- Instantiating /home/travis/build/icyphy/ptII/ptolemy/actor/lib/test/auto/LevelCrossTest8.xml
1 ms. Memory: 552960K Free: 420978K (76%)
----------------- Invoking toplevel() on ptolemy.moml.MoMLSimpleApplication@57d60af1
----------------- Done invoking toplevel() on ptolemy.moml.MoMLSimpleApplication@57d60af1
reloadAllAccessors: .LevelCrossTest8

===========================================================================================
----------------- testing Sun Jun 27 17:24:45 UTC 2021 /home/travis/build/icyphy/ptII/ptolemy/actor/lib/test/auto/LevelCrossTest9.xml
----------------- Instantiating /home/travis/build/icyphy/ptII/ptolemy/actor/lib/test/auto/LevelCrossTest9.xml
1 ms. Memory: 552960K Free: 414320K (75%)
----------------- Invoking toplevel() on ptolemy.moml.MoMLSimpleApplication@6fba2ee1
----------------- Done invoking toplevel() on ptolemy.moml.MoMLSimpleApplication@6fba2ee1
reloadAllAccessors: .LevelCrossTest9

===========================================================================================
----------------- testing Sun Jun 27 17:24:45 UTC 2021 /home/travis/build/icyphy/ptII/ptolemy/actor/lib/test/auto/LevinsonDurbin.xml
----------------- Instantiating /home/travis/build/icyphy/ptII/ptolemy/actor/lib/test/auto/LevinsonDurbin.xml
1 ms. Memory: 552960K Free: 410224K (74%)
----------------- Invoking toplevel() on ptolemy.moml.MoMLSimpleApplication@74f3f1aa
----------------- Done invoking toplevel() on ptolemy.moml.MoMLSimpleApplication@74f3f1aa
reloadAllAccessors: .LevinsonDurbin

===========================================================================================
----------------- testing Sun Jun 27 17:24:45 UTC 2021 /home/travis/build/icyphy/ptII/ptolemy/actor/lib/test/auto/LevinsonDurbin2.xml
----------------- Instantiating /home/travis/build/icyphy/ptII/ptolemy/actor/lib/test/auto/LevinsonDurbin2.xml
1 ms. Memory: 552960K Free: 406128K (73%)
----------------- Invoking toplevel() on ptolemy.moml.MoMLSimpleApplication@5e00d743
----------------- Done invoking toplevel() on ptolemy.moml.MoMLSimpleApplication@5e00d743
reloadAllAccessors: .LevinsonDurbin2

===========================================================================================
----------------- testing Sun Jun 27 17:24:45 UTC 2021 /home/travis/build/icyphy/ptII/ptolemy/actor/lib/test/auto/LevinsonDurbin3.xml
----------------- Instantiating /home/travis/build/icyphy/ptII/ptolemy/actor/lib/test/auto/LevinsonDurbin3.xml
2 ms. Memory: 552960K Free: 402032K (73%)
----------------- Invoking toplevel() on ptolemy.moml.MoMLSimpleApplication@5f1cb979
----------------- Done invoking toplevel() on ptolemy.moml.MoMLSimpleApplication@5f1cb979
reloadAllAccessors: .LevinsonDurbin3

===========================================================================================
----------------- testing Sun Jun 27 17:24:45 UTC 2021 /home/travis/build/icyphy/ptII/ptolemy/actor/lib/test/auto/Limiter.xml
----------------- Instantiating /home/travis/build/icyphy/ptII/ptolemy/actor/lib/test/auto/Limiter.xml
3 ms. Memory: 552960K Free: 392801K (71%)
----------------- Invoking toplevel() on ptolemy.moml.MoMLSimpleApplication@3243f40a
----------------- Done invoking toplevel() on ptolemy.moml.MoMLSimpleApplication@3243f40a
reloadAllAccessors: .Limiter

===========================================================================================
----------------- testing Sun Jun 27 17:24:45 UTC 2021 /home/travis/build/icyphy/ptII/ptolemy/actor/lib/test/auto/LinearDifferenceEquationSystem.xml
----------------- Instantiating /home/travis/build/icyphy/ptII/ptolemy/actor/lib/test/auto/LinearDifferenceEquationSystem.xml
9 ms. Memory: 552960K Free: 385648K (70%)
----------------- Invoking toplevel() on ptolemy.moml.MoMLSimpleApplication@2f7f89d4
----------------- Done invoking toplevel() on ptolemy.moml.MoMLSimpleApplication@2f7f89d4
reloadAllAccessors: .LinearDifferenceEquationSystem

===========================================================================================
----------------- testing Sun Jun 27 17:24:45 UTC 2021 /home/travis/build/icyphy/ptII/ptolemy/actor/lib/test/auto/LookupTable.xml
----------------- Instantiating /home/travis/build/icyphy/ptII/ptolemy/actor/lib/test/auto/LookupTable.xml
1 ms. Memory: 552960K Free: 380528K (69%)
----------------- Invoking toplevel() on ptolemy.moml.MoMLSimpleApplication@542e619a
----------------- Done invoking toplevel() on ptolemy.moml.MoMLSimpleApplication@542e619a
reloadAllAccessors: .LookupTable

===========================================================================================
----------------- testing Sun Jun 27 17:24:45 UTC 2021 /home/travis/build/icyphy/ptII/ptolemy/actor/lib/test/auto/MathFunction.xml
----------------- Instantiating /home/travis/build/icyphy/ptII/ptolemy/actor/lib/test/auto/MathFunction.xml
2 ms. Memory: 552960K Free: 372850K (67%)
----------------- Invoking toplevel() on ptolemy.moml.MoMLSimpleApplication@d0f0814
----------------- Done invoking toplevel() on ptolemy.moml.MoMLSimpleApplication@d0f0814
reloadAllAccessors: .MathFunction

===========================================================================================
----------------- testing Sun Jun 27 17:24:45 UTC 2021 /home/travis/build/icyphy/ptII/ptolemy/actor/lib/test/auto/MathFunction2.xml
----------------- Instantiating /home/travis/build/icyphy/ptII/ptolemy/actor/lib/test/auto/MathFunction2.xml
1 ms. Memory: 552960K Free: 368754K (67%)
----------------- Invoking toplevel() on ptolemy.moml.MoMLSimpleApplication@3c100600
----------------- Done invoking toplevel() on ptolemy.moml.MoMLSimpleApplication@3c100600
reloadAllAccessors: .MathFunction2

===========================================================================================
----------------- testing Sun Jun 27 17:24:45 UTC 2021 /home/travis/build/icyphy/ptII/ptolemy/actor/lib/test/auto/MathFunction3.xml
----------------- Instantiating /home/travis/build/icyphy/ptII/ptolemy/actor/lib/test/auto/MathFunction3.xml
2 ms. Memory: 552960K Free: 361586K (65%)
----------------- Invoking toplevel() on ptolemy.moml.MoMLSimpleApplication@4951bb0a
----------------- Done invoking toplevel() on ptolemy.moml.MoMLSimpleApplication@4951bb0a
reloadAllAccessors: .MathFunction3

===========================================================================================
----------------- testing Sun Jun 27 17:24:45 UTC 2021 /home/travis/build/icyphy/ptII/ptolemy/actor/lib/test/auto/MatrixCropBoolean.xml
----------------- Instantiating /home/travis/build/icyphy/ptII/ptolemy/actor/lib/test/auto/MatrixCropBoolean.xml
2 ms. Memory: 552960K Free: 356466K (64%)
----------------- Invoking toplevel() on ptolemy.moml.MoMLSimpleApplication@308fa099
----------------- Done invoking toplevel() on ptolemy.moml.MoMLSimpleApplication@308fa099
reloadAllAccessors: .MatrixCropBoolean

===========================================================================================
----------------- testing Sun Jun 27 17:24:45 UTC 2021 /home/travis/build/icyphy/ptII/ptolemy/actor/lib/test/auto/MatrixCropComplex.xml
----------------- Instantiating /home/travis/build/icyphy/ptII/ptolemy/actor/lib/test/auto/MatrixCropComplex.xml
2 ms. Memory: 552960K Free: 351346K (64%)
----------------- Invoking toplevel() on ptolemy.moml.MoMLSimpleApplication@4b44eb97
----------------- Done invoking toplevel() on ptolemy.moml.MoMLSimpleApplication@4b44eb97
reloadAllAccessors: .MatrixCropComplex

===========================================================================================
----------------- testing Sun Jun 27 17:24:45 UTC 2021 /home/travis/build/icyphy/ptII/ptolemy/actor/lib/test/auto/MatrixCropDouble.xml
----------------- Instantiating /home/travis/build/icyphy/ptII/ptolemy/actor/lib/test/auto/MatrixCropDouble.xml
11 ms. Memory: 552960K Free: 346729K (63%)
----------------- Invoking toplevel() on ptolemy.moml.MoMLSimpleApplication@3d524481
----------------- Done invoking toplevel() on ptolemy.moml.MoMLSimpleApplication@3d524481
reloadAllAccessors: .MatrixCropDouble

===========================================================================================
----------------- testing Sun Jun 27 17:24:45 UTC 2021 /home/travis/build/icyphy/ptII/ptolemy/actor/lib/test/auto/MatrixCropFix.xml
----------------- Instantiating /home/travis/build/icyphy/ptII/ptolemy/actor/lib/test/auto/MatrixCropFix.xml
1 ms. Memory: 552960K Free: 341609K (62%)
----------------- Invoking toplevel() on ptolemy.moml.MoMLSimpleApplication@35046f31
----------------- Done invoking toplevel() on ptolemy.moml.MoMLSimpleApplication@35046f31
reloadAllAccessors: .MatrixCropFix

===========================================================================================
----------------- testing Sun Jun 27 17:24:45 UTC 2021 /home/travis/build/icyphy/ptII/ptolemy/actor/lib/test/auto/MatrixCropInt.xml
----------------- Instantiating /home/travis/build/icyphy/ptII/ptolemy/actor/lib/test/auto/MatrixCropInt.xml
1 ms. Memory: 552960K Free: 336465K (61%)
----------------- Invoking toplevel() on ptolemy.moml.MoMLSimpleApplication@6a1f3b73
----------------- Done invoking toplevel() on ptolemy.moml.MoMLSimpleApplication@6a1f3b73
reloadAllAccessors: .MatrixCropInt

===========================================================================================
----------------- testing Sun Jun 27 17:24:45 UTC 2021 /home/travis/build/icyphy/ptII/ptolemy/actor/lib/test/auto/MatrixCropLong.xml
----------------- Instantiating /home/travis/build/icyphy/ptII/ptolemy/actor/lib/test/auto/MatrixCropLong.xml
1 ms. Memory: 552960K Free: 331890K (60%)
----------------- Invoking toplevel() on ptolemy.moml.MoMLSimpleApplication@2db39403
----------------- Done invoking toplevel() on ptolemy.moml.MoMLSimpleApplication@2db39403
reloadAllAccessors: .MatrixCropLong

===========================================================================================
----------------- testing Sun Jun 27 17:24:45 UTC 2021 /home/travis/build/icyphy/ptII/ptolemy/actor/lib/test/auto/MatrixToArray.xml
----------------- Instantiating /home/travis/build/icyphy/ptII/ptolemy/actor/lib/test/auto/MatrixToArray.xml
10 ms. Memory: 552960K Free: 316530K (57%)
----------------- Invoking toplevel() on ptolemy.moml.MoMLSimpleApplication@42cdcda6
----------------- Done invoking toplevel() on ptolemy.moml.MoMLSimpleApplication@42cdcda6
reloadAllAccessors: .MatrixToArray

===========================================================================================
----------------- testing Sun Jun 27 17:24:45 UTC 2021 /home/travis/build/icyphy/ptII/ptolemy/actor/lib/test/auto/MaxIndex.xml
----------------- Instantiating /home/travis/build/icyphy/ptII/ptolemy/actor/lib/test/auto/MaxIndex.xml
2 ms. Memory: 552960K Free: 311410K (56%)
----------------- Invoking toplevel() on ptolemy.moml.MoMLSimpleApplication@78fff86c
----------------- Done invoking toplevel() on ptolemy.moml.MoMLSimpleApplication@78fff86c
reloadAllAccessors: .MaxIndex

===========================================================================================
----------------- testing Sun Jun 27 17:24:45 UTC 2021 /home/travis/build/icyphy/ptII/ptolemy/actor/lib/test/auto/Maximum.xml
----------------- Instantiating /home/travis/build/icyphy/ptII/ptolemy/actor/lib/test/auto/Maximum.xml
5 ms. Memory: 552960K Free: 304721K (55%)
----------------- Invoking toplevel() on ptolemy.moml.MoMLSimpleApplication@4b2db72
----------------- Done invoking toplevel() on ptolemy.moml.MoMLSimpleApplication@4b2db72
reloadAllAccessors: .Maximum

===========================================================================================
----------------- testing Sun Jun 27 17:24:45 UTC 2021 /home/travis/build/icyphy/ptII/ptolemy/actor/lib/test/auto/MaximumComplex.xml
----------------- Instantiating /home/travis/build/icyphy/ptII/ptolemy/actor/lib/test/auto/MaximumComplex.xml
4 ms. Memory: 552960K Free: 298593K (54%)
----------------- Invoking toplevel() on ptolemy.moml.MoMLSimpleApplication@2316d34e
----------------- Done invoking toplevel() on ptolemy.moml.MoMLSimpleApplication@2316d34e
reloadAllAccessors: .MaximumComplex

===========================================================================================
----------------- testing Sun Jun 27 17:24:45 UTC 2021 /home/travis/build/icyphy/ptII/ptolemy/actor/lib/test/auto/MethodCallTest.xml
----------------- Instantiating /home/travis/build/icyphy/ptII/ptolemy/actor/lib/test/auto/MethodCallTest.xml
3 ms. Memory: 552960K Free: 291954K (53%)
----------------- Invoking toplevel() on ptolemy.moml.MoMLSimpleApplication@155e6796
----------------- Done invoking toplevel() on ptolemy.moml.MoMLSimpleApplication@155e6796
reloadAllAccessors: .MethodCallTest

===========================================================================================
----------------- testing Sun Jun 27 17:24:45 UTC 2021 /home/travis/build/icyphy/ptII/ptolemy/actor/lib/test/auto/Minimum.xml
----------------- Instantiating /home/travis/build/icyphy/ptII/ptolemy/actor/lib/test/auto/Minimum.xml
2 ms. Memory: 552960K Free: 285810K (52%)
----------------- Invoking toplevel() on ptolemy.moml.MoMLSimpleApplication@106ec325
----------------- Done invoking toplevel() on ptolemy.moml.MoMLSimpleApplication@106ec325
reloadAllAccessors: .Minimum

===========================================================================================
----------------- testing Sun Jun 27 17:24:45 UTC 2021 /home/travis/build/icyphy/ptII/ptolemy/actor/lib/test/auto/MinimumComplex.xml
----------------- Instantiating /home/travis/build/icyphy/ptII/ptolemy/actor/lib/test/auto/MinimumComplex.xml
5 ms. Memory: 552960K Free: 279666K (51%)
----------------- Invoking toplevel() on ptolemy.moml.MoMLSimpleApplication@4d9c6659
----------------- Done invoking toplevel() on ptolemy.moml.MoMLSimpleApplication@4d9c6659
reloadAllAccessors: .MinimumComplex

===========================================================================================
----------------- testing Sun Jun 27 17:24:45 UTC 2021 /home/travis/build/icyphy/ptII/ptolemy/actor/lib/test/auto/MinimumMultiports.xml
----------------- Instantiating /home/travis/build/icyphy/ptII/ptolemy/actor/lib/test/auto/MinimumMultiports.xml
3 ms. Memory: 552960K Free: 270945K (49%)
----------------- Invoking toplevel() on ptolemy.moml.MoMLSimpleApplication@68f1eb52
----------------- Done invoking toplevel() on ptolemy.moml.MoMLSimpleApplication@68f1eb52
reloadAllAccessors: .MinimumMultiports

===========================================================================================
----------------- testing Sun Jun 27 17:24:45 UTC 2021 /home/travis/build/icyphy/ptII/ptolemy/actor/lib/test/auto/ModifyDate.xml
----------------- Instantiating /home/travis/build/icyphy/ptII/ptolemy/actor/lib/test/auto/ModifyDate.xml
6 ms. Memory: 552960K Free: 258162K (47%)
----------------- Invoking toplevel() on ptolemy.moml.MoMLSimpleApplication@7eb56d13
----------------- Done invoking toplevel() on ptolemy.moml.MoMLSimpleApplication@7eb56d13
reloadAllAccessors: .ModifyDate

===========================================================================================
----------------- testing Sun Jun 27 17:24:46 UTC 2021 /home/travis/build/icyphy/ptII/ptolemy/actor/lib/test/auto/ModifyDate2.xml
----------------- Instantiating /home/travis/build/icyphy/ptII/ptolemy/actor/lib/test/auto/ModifyDate2.xml
5 ms. Memory: 552960K Free: 249456K (45%)
----------------- Invoking toplevel() on ptolemy.moml.MoMLSimpleApplication@1c05061d
----------------- Done invoking toplevel() on ptolemy.moml.MoMLSimpleApplication@1c05061d
reloadAllAccessors: .ModifyDate2

===========================================================================================
----------------- testing Sun Jun 27 17:24:46 UTC 2021 /home/travis/build/icyphy/ptII/ptolemy/actor/lib/test/auto/MovingAverage.xml
----------------- Instantiating /home/travis/build/icyphy/ptII/ptolemy/actor/lib/test/auto/MovingAverage.xml
1 ms. Memory: 552960K Free: 244336K (44%)
----------------- Invoking toplevel() on ptolemy.moml.MoMLSimpleApplication@7622a660
----------------- Done invoking toplevel() on ptolemy.moml.MoMLSimpleApplication@7622a660
reloadAllAccessors: .MovingAverage

===========================================================================================
----------------- testing Sun Jun 27 17:24:46 UTC 2021 /home/travis/build/icyphy/ptII/ptolemy/actor/lib/test/auto/MovingMaximum.xml
----------------- Instantiating /home/travis/build/icyphy/ptII/ptolemy/actor/lib/test/auto/MovingMaximum.xml
2 ms. Memory: 552960K Free: 239730K (43%)
----------------- Invoking toplevel() on ptolemy.moml.MoMLSimpleApplication@2b5233de
----------------- Done invoking toplevel() on ptolemy.moml.MoMLSimpleApplication@2b5233de
reloadAllAccessors: .MovingMaximum

===========================================================================================
----------------- testing Sun Jun 27 17:24:46 UTC 2021 /home/travis/build/icyphy/ptII/ptolemy/actor/lib/test/auto/MultipleLinksToSameRelation.xml
----------------- Instantiating /home/travis/build/icyphy/ptII/ptolemy/actor/lib/test/auto/MultipleLinksToSameRelation.xml
1 ms. Memory: 552960K Free: 235634K (43%)
----------------- Invoking toplevel() on ptolemy.moml.MoMLSimpleApplication@7862dbb0
----------------- Done invoking toplevel() on ptolemy.moml.MoMLSimpleApplication@7862dbb0
reloadAllAccessors: .MultipleLinksToSameRelation

===========================================================================================
----------------- testing Sun Jun 27 17:24:46 UTC 2021 /home/travis/build/icyphy/ptII/ptolemy/actor/lib/test/auto/MultipleLinksToSameRelationDE.xml
----------------- Instantiating /home/travis/build/icyphy/ptII/ptolemy/actor/lib/test/auto/MultipleLinksToSameRelationDE.xml
9 ms. Memory: 552960K Free: 231009K (42%)
----------------- Invoking toplevel() on ptolemy.moml.MoMLSimpleApplication@45cc6bfa
----------------- Done invoking toplevel() on ptolemy.moml.MoMLSimpleApplication@45cc6bfa
reloadAllAccessors: .MultipleLinksToSameRelationDE

===========================================================================================
----------------- testing Sun Jun 27 17:24:46 UTC 2021 /home/travis/build/icyphy/ptII/ptolemy/actor/lib/test/auto/Multiplexor.xml
----------------- Instantiating /home/travis/build/icyphy/ptII/ptolemy/actor/lib/test/auto/Multiplexor.xml
2 ms. Memory: 552960K Free: 225394K (41%)
----------------- Invoking toplevel() on ptolemy.moml.MoMLSimpleApplication@6e917c20
----------------- Done invoking toplevel() on ptolemy.moml.MoMLSimpleApplication@6e917c20
reloadAllAccessors: .Multiplexor

===========================================================================================
----------------- testing Sun Jun 27 17:24:46 UTC 2021 /home/travis/build/icyphy/ptII/ptolemy/actor/lib/test/auto/Multiplexor1.xml
----------------- Instantiating /home/travis/build/icyphy/ptII/ptolemy/actor/lib/test/auto/Multiplexor1.xml
2 ms. Memory: 552960K Free: 219753K (40%)
----------------- Invoking toplevel() on ptolemy.moml.MoMLSimpleApplication@40649780
----------------- Done invoking toplevel() on ptolemy.moml.MoMLSimpleApplication@40649780
reloadAllAccessors: .Multiplexor1

===========================================================================================
----------------- testing Sun Jun 27 17:24:46 UTC 2021 /home/travis/build/icyphy/ptII/ptolemy/actor/lib/test/auto/Multiplexor2.xml
----------------- Instantiating /home/travis/build/icyphy/ptII/ptolemy/actor/lib/test/auto/Multiplexor2.xml
2 ms. Memory: 552960K Free: 213106K (39%)
----------------- Invoking toplevel() on ptolemy.moml.MoMLSimpleApplication@20bf8a8b
----------------- Done invoking toplevel() on ptolemy.moml.MoMLSimpleApplication@20bf8a8b
reloadAllAccessors: .Multiplexor2

===========================================================================================
----------------- testing Sun Jun 27 17:24:46 UTC 2021 /home/travis/build/icyphy/ptII/ptolemy/actor/lib/test/auto/Multiplexor3.xml
----------------- Instantiating /home/travis/build/icyphy/ptII/ptolemy/actor/lib/test/auto/Multiplexor3.xml
2 ms. Memory: 552960K Free: 209010K (38%)
----------------- Invoking toplevel() on ptolemy.moml.MoMLSimpleApplication@602abf8b
----------------- Done invoking toplevel() on ptolemy.moml.MoMLSimpleApplication@602abf8b
reloadAllAccessors: .Multiplexor3

===========================================================================================
----------------- testing Sun Jun 27 17:24:46 UTC 2021 /home/travis/build/icyphy/ptII/ptolemy/actor/lib/test/auto/MultiplexorDE.xml
----------------- Instantiating /home/travis/build/icyphy/ptII/ptolemy/actor/lib/test/auto/MultiplexorDE.xml
2 ms. Memory: 552960K Free: 201297K (36%)
----------------- Invoking toplevel() on ptolemy.moml.MoMLSimpleApplication@425dd64a
----------------- Done invoking toplevel() on ptolemy.moml.MoMLSimpleApplication@425dd64a
reloadAllAccessors: .MultiplexorDE

===========================================================================================
----------------- testing Sun Jun 27 17:24:46 UTC 2021 /home/travis/build/icyphy/ptII/ptolemy/actor/lib/test/auto/MultiportBroadcastTest.xml
----------------- Instantiating /home/travis/build/icyphy/ptII/ptolemy/actor/lib/test/auto/MultiportBroadcastTest.xml
90 ms. Memory: 552960K Free: 194674K (35%)
----------------- Invoking toplevel() on ptolemy.moml.MoMLSimpleApplication@79954474
----------------- Done invoking toplevel() on ptolemy.moml.MoMLSimpleApplication@79954474
reloadAllAccessors: .MultiportBroadcastTest

===========================================================================================
----------------- testing Sun Jun 27 17:24:46 UTC 2021 /home/travis/build/icyphy/ptII/ptolemy/actor/lib/test/auto/MultiportOutHangDuringGetWidth.xml
----------------- Instantiating /home/travis/build/icyphy/ptII/ptolemy/actor/lib/test/auto/MultiportOutHangDuringGetWidth.xml
4 ms. Memory: 552960K Free: 182386K (33%)
----------------- Invoking toplevel() on ptolemy.moml.MoMLSimpleApplication@55fd11d2
----------------- Done invoking toplevel() on ptolemy.moml.MoMLSimpleApplication@55fd11d2
reloadAllAccessors: .MultiportOutHangDuringGetWidth

===========================================================================================
----------------- testing Sun Jun 27 17:24:46 UTC 2021 /home/travis/build/icyphy/ptII/ptolemy/actor/lib/test/auto/NilToken.xml
----------------- Instantiating /home/travis/build/icyphy/ptII/ptolemy/actor/lib/test/auto/NilToken.xml
2 ms. Memory: 552960K Free: 498802K (90%)
----------------- Invoking toplevel() on ptolemy.moml.MoMLSimpleApplication@6a7e30f
----------------- Done invoking toplevel() on ptolemy.moml.MoMLSimpleApplication@6a7e30f
reloadAllAccessors: .NilToken

===========================================================================================
----------------- testing Sun Jun 27 17:24:46 UTC 2021 /home/travis/build/icyphy/ptII/ptolemy/actor/lib/test/auto/NilTokenNonStrictTest.xml
----------------- Instantiating /home/travis/build/icyphy/ptII/ptolemy/actor/lib/test/auto/NilTokenNonStrictTest.xml
2 ms. Memory: 552960K Free: 493682K (89%)
----------------- Invoking toplevel() on ptolemy.moml.MoMLSimpleApplication@5dd91795
----------------- Done invoking toplevel() on ptolemy.moml.MoMLSimpleApplication@5dd91795
reloadAllAccessors: .NilTokenNonStrictTest

===========================================================================================
----------------- testing Sun Jun 27 17:24:46 UTC 2021 /home/travis/build/icyphy/ptII/ptolemy/actor/lib/test/auto/NilTokenRecord.xml
----------------- Instantiating /home/travis/build/icyphy/ptII/ptolemy/actor/lib/test/auto/NilTokenRecord.xml
4 ms. Memory: 552960K Free: 487024K (88%)
----------------- Invoking toplevel() on ptolemy.moml.MoMLSimpleApplication@7cdff3e9
----------------- Done invoking toplevel() on ptolemy.moml.MoMLSimpleApplication@7cdff3e9
reloadAllAccessors: .NilTokenRecord

===========================================================================================
----------------- testing Sun Jun 27 17:24:46 UTC 2021 /home/travis/build/icyphy/ptII/ptolemy/actor/lib/test/auto/NilTokenTypeTest.xml
----------------- Instantiating /home/travis/build/icyphy/ptII/ptolemy/actor/lib/test/auto/NilTokenTypeTest.xml
6 ms. Memory: 552960K Free: 477298K (86%)
----------------- Invoking toplevel() on ptolemy.moml.MoMLSimpleApplication@5ccbe577
----------------- Done invoking toplevel() on ptolemy.moml.MoMLSimpleApplication@5ccbe577
reloadAllAccessors: .NilTokenTypeTest

===========================================================================================
----------------- testing Sun Jun 27 17:24:46 UTC 2021 /home/travis/build/icyphy/ptII/ptolemy/actor/lib/test/auto/ObjectToken1.xml
----------------- Instantiating /home/travis/build/icyphy/ptII/ptolemy/actor/lib/test/auto/ObjectToken1.xml
2 ms. Memory: 552960K Free: 473202K (86%)
----------------- Invoking toplevel() on ptolemy.moml.MoMLSimpleApplication@409f26e4
----------------- Done invoking toplevel() on ptolemy.moml.MoMLSimpleApplication@409f26e4
reloadAllAccessors: .ObjectToken1

===========================================================================================
----------------- testing Sun Jun 27 17:24:46 UTC 2021 /home/travis/build/icyphy/ptII/ptolemy/actor/lib/test/auto/OrderedMerge.xml
----------------- Instantiating /home/travis/build/icyphy/ptII/ptolemy/actor/lib/test/auto/OrderedMerge.xml
8 ms. Memory: 552960K Free: 467568K (85%)
----------------- Invoking toplevel() on ptolemy.moml.MoMLSimpleApplication@32e0d48
----------------- Done invoking toplevel() on ptolemy.moml.MoMLSimpleApplication@32e0d48
reloadAllAccessors: .OrderedMerge

===========================================================================================
----------------- testing Sun Jun 27 17:24:46 UTC 2021 /home/travis/build/icyphy/ptII/ptolemy/actor/lib/test/auto/OrderedRecordDisassembler.xml
----------------- Instantiating /home/travis/build/icyphy/ptII/ptolemy/actor/lib/test/auto/OrderedRecordDisassembler.xml
2 ms. Memory: 552960K Free: 462417K (84%)
----------------- Invoking toplevel() on ptolemy.moml.MoMLSimpleApplication@216f0f21
----------------- Done invoking toplevel() on ptolemy.moml.MoMLSimpleApplication@216f0f21
reloadAllAccessors: .OrderedRecordDisassembler

===========================================================================================
----------------- testing Sun Jun 27 17:24:46 UTC 2021 /home/travis/build/icyphy/ptII/ptolemy/actor/lib/test/auto/OrderedRecordDisassembler2.xml
----------------- Instantiating /home/travis/build/icyphy/ptII/ptolemy/actor/lib/test/auto/OrderedRecordDisassembler2.xml
4 ms. Memory: 552960K Free: 454241K (82%)
----------------- Invoking toplevel() on ptolemy.moml.MoMLSimpleApplication@4bfd04c7
----------------- Done invoking toplevel() on ptolemy.moml.MoMLSimpleApplication@4bfd04c7
reloadAllAccessors: .OrderedRecordDisassembler2

===========================================================================================
----------------- testing Sun Jun 27 17:24:46 UTC 2021 /home/travis/build/icyphy/ptII/ptolemy/actor/lib/test/auto/OrderedRecordUpdater.xml
----------------- Instantiating /home/travis/build/icyphy/ptII/ptolemy/actor/lib/test/auto/OrderedRecordUpdater.xml
1 ms. Memory: 552960K Free: 449650K (81%)
----------------- Invoking toplevel() on ptolemy.moml.MoMLSimpleApplication@4ea9153b
----------------- Done invoking toplevel() on ptolemy.moml.MoMLSimpleApplication@4ea9153b
reloadAllAccessors: .RecordUpdater

===========================================================================================
----------------- testing Sun Jun 27 17:24:46 UTC 2021 /home/travis/build/icyphy/ptII/ptolemy/actor/lib/test/auto/OrderedRecordUpdater2.xml
----------------- Instantiating /home/travis/build/icyphy/ptII/ptolemy/actor/lib/test/auto/OrderedRecordUpdater2.xml
2 ms. Memory: 552960K Free: 444530K (80%)
----------------- Invoking toplevel() on ptolemy.moml.MoMLSimpleApplication@6cc71750
----------------- Done invoking toplevel() on ptolemy.moml.MoMLSimpleApplication@6cc71750
reloadAllAccessors: .RecordUpdater2

===========================================================================================
----------------- testing Sun Jun 27 17:24:46 UTC 2021 /home/travis/build/icyphy/ptII/ptolemy/actor/lib/test/auto/PhaseUnwrap.xml
----------------- Instantiating /home/travis/build/icyphy/ptII/ptolemy/actor/lib/test/auto/PhaseUnwrap.xml
1 ms. Memory: 552960K Free: 439920K (80%)
----------------- Invoking toplevel() on ptolemy.moml.MoMLSimpleApplication@6b0100ff
----------------- Done invoking toplevel() on ptolemy.moml.MoMLSimpleApplication@6b0100ff
reloadAllAccessors: .PhaseUnwrap

===========================================================================================
----------------- testing Sun Jun 27 17:24:46 UTC 2021 /home/travis/build/icyphy/ptII/ptolemy/actor/lib/test/auto/PoissonClock.xml
----------------- Instantiating /home/travis/build/icyphy/ptII/ptolemy/actor/lib/test/auto/PoissonClock.xml
2 ms. Memory: 552960K Free: 435824K (79%)
----------------- Invoking toplevel() on ptolemy.moml.MoMLSimpleApplication@3e0e9dd
----------------- Done invoking toplevel() on ptolemy.moml.MoMLSimpleApplication@3e0e9dd
reloadAllAccessors: .PoissonClock

===========================================================================================
----------------- testing Sun Jun 27 17:24:46 UTC 2021 /home/travis/build/icyphy/ptII/ptolemy/actor/lib/test/auto/PoissonClock2.xml
----------------- Instantiating /home/travis/build/icyphy/ptII/ptolemy/actor/lib/test/auto/PoissonClock2.xml
1 ms. Memory: 552960K Free: 431218K (78%)
----------------- Invoking toplevel() on ptolemy.moml.MoMLSimpleApplication@493363d6
----------------- Done invoking toplevel() on ptolemy.moml.MoMLSimpleApplication@493363d6
reloadAllAccessors: .PoissonClock2

===========================================================================================
----------------- testing Sun Jun 27 17:24:46 UTC 2021 /home/travis/build/icyphy/ptII/ptolemy/actor/lib/test/auto/PoissonClock3.xml
----------------- Instantiating /home/travis/build/icyphy/ptII/ptolemy/actor/lib/test/auto/PoissonClock3.xml
1 ms. Memory: 552960K Free: 426608K (77%)
----------------- Invoking toplevel() on ptolemy.moml.MoMLSimpleApplication@18517117
----------------- Done invoking toplevel() on ptolemy.moml.MoMLSimpleApplication@18517117
reloadAllAccessors: .PoissonClock3

===========================================================================================
----------------- testing Sun Jun 27 17:24:46 UTC 2021 /home/travis/build/icyphy/ptII/ptolemy/actor/lib/test/auto/PubSubWithInitialTokens.xml
----------------- Instantiating /home/travis/build/icyphy/ptII/ptolemy/actor/lib/test/auto/PubSubWithInitialTokens.xml
1 ms. Memory: 552960K Free: 420978K (76%)
----------------- Invoking toplevel() on ptolemy.moml.MoMLSimpleApplication@3a456f11
----------------- Done invoking toplevel() on ptolemy.moml.MoMLSimpleApplication@3a456f11
reloadAllAccessors: .PubSubWithInitialTokens

===========================================================================================
----------------- testing Sun Jun 27 17:24:46 UTC 2021 /home/travis/build/icyphy/ptII/ptolemy/actor/lib/test/auto/PubSubWithInitialTokens2.xml
----------------- Instantiating /home/travis/build/icyphy/ptII/ptolemy/actor/lib/test/auto/PubSubWithInitialTokens2.xml
2 ms. Memory: 552960K Free: 414834K (75%)
----------------- Invoking toplevel() on ptolemy.moml.MoMLSimpleApplication@4e279029
----------------- Done invoking toplevel() on ptolemy.moml.MoMLSimpleApplication@4e279029
reloadAllAccessors: .PubSubWithInitialTokens2

===========================================================================================
----------------- testing Sun Jun 27 17:24:46 UTC 2021 /home/travis/build/icyphy/ptII/ptolemy/actor/lib/test/auto/PublisherClassNoParameter.xml
----------------- Instantiating /home/travis/build/icyphy/ptII/ptolemy/actor/lib/test/auto/PublisherClassNoParameter.xml
1 ms. Memory: 552960K Free: 405089K (73%)
----------------- Invoking toplevel() on ptolemy.moml.MoMLSimpleApplication@4ecf7c1c
----------------- Done invoking toplevel() on ptolemy.moml.MoMLSimpleApplication@4ecf7c1c
reloadAllAccessors: .PublisherClassNoParameter

===========================================================================================
----------------- testing Sun Jun 27 17:24:46 UTC 2021 /home/travis/build/icyphy/ptII/ptolemy/actor/lib/test/auto/PublisherClassParameter.xml
----------------- Instantiating /home/travis/build/icyphy/ptII/ptolemy/actor/lib/test/auto/PublisherClassParameter.xml
2 ms. Memory: 552960K Free: 394849K (71%)
----------------- Invoking toplevel() on ptolemy.moml.MoMLSimpleApplication@5854331d
----------------- Done invoking toplevel() on ptolemy.moml.MoMLSimpleApplication@5854331d
reloadAllAccessors: .PublisherClassParameter

===========================================================================================
----------------- testing Sun Jun 27 17:24:46 UTC 2021 /home/travis/build/icyphy/ptII/ptolemy/actor/lib/test/auto/PublisherNonStrictTest.xml
----------------- Instantiating /home/travis/build/icyphy/ptII/ptolemy/actor/lib/test/auto/PublisherNonStrictTest.xml
4 ms. Memory: 552960K Free: 387186K (70%)
----------------- Invoking toplevel() on ptolemy.moml.MoMLSimpleApplication@555dceab
----------------- Done invoking toplevel() on ptolemy.moml.MoMLSimpleApplication@555dceab
reloadAllAccessors: .PublisherNonStrictTest

===========================================================================================
----------------- testing Sun Jun 27 17:24:46 UTC 2021 /home/travis/build/icyphy/ptII/ptolemy/actor/lib/test/auto/PublisherPort1.xml
----------------- Instantiating /home/travis/build/icyphy/ptII/ptolemy/actor/lib/test/auto/PublisherPort1.xml
3 ms. Memory: 552960K Free: 381537K (69%)
----------------- Invoking toplevel() on ptolemy.moml.MoMLSimpleApplication@6dfb79c2
----------------- Done invoking toplevel() on ptolemy.moml.MoMLSimpleApplication@6dfb79c2
reloadAllAccessors: .PublisherPort1

===========================================================================================
----------------- testing Sun Jun 27 17:24:46 UTC 2021 /home/travis/build/icyphy/ptII/ptolemy/actor/lib/test/auto/PublisherPort2.xml
----------------- Instantiating /home/travis/build/icyphy/ptII/ptolemy/actor/lib/test/auto/PublisherPort2.xml
2 ms. Memory: 552960K Free: 376432K (68%)
----------------- Invoking toplevel() on ptolemy.moml.MoMLSimpleApplication@3a861fba
----------------- Done invoking toplevel() on ptolemy.moml.MoMLSimpleApplication@3a861fba
reloadAllAccessors: .PublisherPort2

===========================================================================================
----------------- testing Sun Jun 27 17:24:46 UTC 2021 /home/travis/build/icyphy/ptII/ptolemy/actor/lib/test/auto/PublisherPort3.xml
----------------- Instantiating /home/travis/build/icyphy/ptII/ptolemy/actor/lib/test/auto/PublisherPort3.xml
12 ms. Memory: 552960K Free: 369233K (67%)
----------------- Invoking toplevel() on ptolemy.moml.MoMLSimpleApplication@33c1c3d1
----------------- Done invoking toplevel() on ptolemy.moml.MoMLSimpleApplication@33c1c3d1
reloadAllAccessors: .PublisherPort3

===========================================================================================
----------------- testing Sun Jun 27 17:24:46 UTC 2021 /home/travis/build/icyphy/ptII/ptolemy/actor/lib/test/auto/PublisherPort4.xml
----------------- Instantiating /home/travis/build/icyphy/ptII/ptolemy/actor/lib/test/auto/PublisherPort4.xml
3 ms. Memory: 552960K Free: 363634K (66%)
----------------- Invoking toplevel() on ptolemy.moml.MoMLSimpleApplication@7e4d9693
----------------- Done invoking toplevel() on ptolemy.moml.MoMLSimpleApplication@7e4d9693
reloadAllAccessors: .PublisherPort4

===========================================================================================
----------------- testing Sun Jun 27 17:24:46 UTC 2021 /home/travis/build/icyphy/ptII/ptolemy/actor/lib/test/auto/PublisherPort5.xml
----------------- Instantiating /home/travis/build/icyphy/ptII/ptolemy/actor/lib/test/auto/PublisherPort5.xml
8 ms. Memory: 552960K Free: 355952K (64%)
----------------- Invoking toplevel() on ptolemy.moml.MoMLSimpleApplication@368af67d
----------------- Done invoking toplevel() on ptolemy.moml.MoMLSimpleApplication@368af67d
reloadAllAccessors: .PublisherPort5

===========================================================================================
----------------- testing Sun Jun 27 17:24:46 UTC 2021 /home/travis/build/icyphy/ptII/ptolemy/actor/lib/test/auto/PublisherPort5LookAlike.xml
----------------- Instantiating /home/travis/build/icyphy/ptII/ptolemy/actor/lib/test/auto/PublisherPort5LookAlike.xml
7 ms. Memory: 552960K Free: 348274K (63%)
----------------- Invoking toplevel() on ptolemy.moml.MoMLSimpleApplication@5a8b5795
----------------- Done invoking toplevel() on ptolemy.moml.MoMLSimpleApplication@5a8b5795
reloadAllAccessors: .PublisherPort5LookAlike

===========================================================================================
----------------- testing Sun Jun 27 17:24:46 UTC 2021 /home/travis/build/icyphy/ptII/ptolemy/actor/lib/test/auto/PublisherPort6.xml
----------------- Instantiating /home/travis/build/icyphy/ptII/ptolemy/actor/lib/test/auto/PublisherPort6.xml
1 ms. Memory: 552960K Free: 341616K (62%)
----------------- Invoking toplevel() on ptolemy.moml.MoMLSimpleApplication@5797a90e
----------------- Done invoking toplevel() on ptolemy.moml.MoMLSimpleApplication@5797a90e
reloadAllAccessors: .PublisherPort6

===========================================================================================
----------------- testing Sun Jun 27 17:24:46 UTC 2021 /home/travis/build/icyphy/ptII/ptolemy/actor/lib/test/auto/PublisherPort7.xml
----------------- Instantiating /home/travis/build/icyphy/ptII/ptolemy/actor/lib/test/auto/PublisherPort7.xml
3 ms. Memory: 552960K Free: 333938K (60%)
----------------- Invoking toplevel() on ptolemy.moml.MoMLSimpleApplication@31a9ae5e
----------------- Done invoking toplevel() on ptolemy.moml.MoMLSimpleApplication@31a9ae5e
reloadAllAccessors: .PublisherPort7

===========================================================================================
----------------- testing Sun Jun 27 17:24:46 UTC 2021 /home/travis/build/icyphy/ptII/ptolemy/actor/lib/test/auto/PublisherPort8.xml
----------------- Instantiating /home/travis/build/icyphy/ptII/ptolemy/actor/lib/test/auto/PublisherPort8.xml
4 ms. Memory: 552960K Free: 325232K (59%)
----------------- Invoking toplevel() on ptolemy.moml.MoMLSimpleApplication@6f18a772
----------------- Done invoking toplevel() on ptolemy.moml.MoMLSimpleApplication@6f18a772
reloadAllAccessors: .PublisherPort8

===========================================================================================
----------------- testing Sun Jun 27 17:24:46 UTC 2021 /home/travis/build/icyphy/ptII/ptolemy/actor/lib/test/auto/PublisherPortSubscriberChannelVariablesAOC2.xml
----------------- Instantiating /home/travis/build/icyphy/ptII/ptolemy/actor/lib/test/auto/PublisherPortSubscriberChannelVariablesAOC2.xml
3 ms. Memory: 552960K Free: 307314K (56%)
----------------- Invoking toplevel() on ptolemy.moml.MoMLSimpleApplication@403e1e2b
----------------- Done invoking toplevel() on ptolemy.moml.MoMLSimpleApplication@403e1e2b
reloadAllAccessors: .PublisherPortSubscriberChannelVariablesAOC2

===========================================================================================
----------------- testing Sun Jun 27 17:24:46 UTC 2021 /home/travis/build/icyphy/ptII/ptolemy/actor/lib/test/auto/PublisherPortSubscriberOpaqueWidthInference.xml
----------------- Instantiating /home/travis/build/icyphy/ptII/ptolemy/actor/lib/test/auto/PublisherPortSubscriberOpaqueWidthInference.xml
3 ms. Memory: 552960K Free: 299122K (54%)
----------------- Invoking toplevel() on ptolemy.moml.MoMLSimpleApplication@31f4f155
----------------- Done invoking toplevel() on ptolemy.moml.MoMLSimpleApplication@31f4f155
reloadAllAccessors: .PublisherPortSubscriberOpaqueWidthInference

===========================================================================================
----------------- testing Sun Jun 27 17:24:46 UTC 2021 /home/travis/build/icyphy/ptII/ptolemy/actor/lib/test/auto/PublisherPortSubscriberPortAdjacent.xml
----------------- Instantiating /home/travis/build/icyphy/ptII/ptolemy/actor/lib/test/auto/PublisherPortSubscriberPortAdjacent.xml
1 ms. Memory: 552960K Free: 290930K (53%)
----------------- Invoking toplevel() on ptolemy.moml.MoMLSimpleApplication@2b502d63
----------------- Done invoking toplevel() on ptolemy.moml.MoMLSimpleApplication@2b502d63
reloadAllAccessors: .PublisherPortSubscriberPortAdjacent

===========================================================================================
----------------- testing Sun Jun 27 17:24:46 UTC 2021 /home/travis/build/icyphy/ptII/ptolemy/actor/lib/test/auto/PublisherPortSubscriberPortExpression.xml
----------------- Instantiating /home/travis/build/icyphy/ptII/ptolemy/actor/lib/test/auto/PublisherPortSubscriberPortExpression.xml
5 ms. Memory: 552960K Free: 282209K (51%)
----------------- Invoking toplevel() on ptolemy.moml.MoMLSimpleApplication@437aa9ce
----------------- Done invoking toplevel() on ptolemy.moml.MoMLSimpleApplication@437aa9ce
reloadAllAccessors: .PublisherPortSubscriberPortExpression

===========================================================================================
----------------- testing Sun Jun 27 17:24:46 UTC 2021 /home/travis/build/icyphy/ptII/ptolemy/actor/lib/test/auto/PublisherPortSubscriberPortOpaqueD3Reverse.xml
----------------- Instantiating /home/travis/build/icyphy/ptII/ptolemy/actor/lib/test/auto/PublisherPortSubscriberPortOpaqueD3Reverse.xml
6 ms. Memory: 552960K Free: 271984K (49%)
----------------- Invoking toplevel() on ptolemy.moml.MoMLSimpleApplication@188a2c01
----------------- Done invoking toplevel() on ptolemy.moml.MoMLSimpleApplication@188a2c01
reloadAllAccessors: .PublisherPortSubscriberPortOpaqueD3Reverse

===========================================================================================
----------------- testing Sun Jun 27 17:24:46 UTC 2021 /home/travis/build/icyphy/ptII/ptolemy/actor/lib/test/auto/PublisherPortSubscriberPortOpaqueWidthInference.xml
----------------- Instantiating /home/travis/build/icyphy/ptII/ptolemy/actor/lib/test/auto/PublisherPortSubscriberPortOpaqueWidthInference.xml
3 ms. Memory: 552960K Free: 264306K (48%)
----------------- Invoking toplevel() on ptolemy.moml.MoMLSimpleApplication@a053780
----------------- Done invoking toplevel() on ptolemy.moml.MoMLSimpleApplication@a053780
reloadAllAccessors: .PublisherPortSubscriberPortOpaqueWidthInference

===========================================================================================
----------------- testing Sun Jun 27 17:24:47 UTC 2021 /home/travis/build/icyphy/ptII/ptolemy/actor/lib/test/auto/PublisherPortToplevelSubscriberPortAOC.xml
----------------- Instantiating /home/travis/build/icyphy/ptII/ptolemy/actor/lib/test/auto/PublisherPortToplevelSubscriberPortAOC.xml
.PublisherPortToplevelSubscriberPortAOC.TestExceptionAttribute: initialize() was not invoked, but wrapup() was.  This is unusual, but not always a problem.  For example, exporting JNLP will do this.
1 ms. Memory: 552960K Free: 258672K (47%)
----------------- Invoking toplevel() on ptolemy.moml.MoMLSimpleApplication@431ea8ba
----------------- Done invoking toplevel() on ptolemy.moml.MoMLSimpleApplication@431ea8ba
reloadAllAccessors: .PublisherPortToplevelSubscriberPortAOC

===========================================================================================
----------------- testing Sun Jun 27 17:24:47 UTC 2021 /home/travis/build/icyphy/ptII/ptolemy/actor/lib/test/auto/PublisherSubscriber.xml
----------------- Instantiating /home/travis/build/icyphy/ptII/ptolemy/actor/lib/test/auto/PublisherSubscriber.xml
2 ms. Memory: 552960K Free: 251473K (45%)
----------------- Invoking toplevel() on ptolemy.moml.MoMLSimpleApplication@62acf570
----------------- Done invoking toplevel() on ptolemy.moml.MoMLSimpleApplication@62acf570
reloadAllAccessors: .PublisherSubscriber

===========================================================================================
----------------- testing Sun Jun 27 17:24:47 UTC 2021 /home/travis/build/icyphy/ptII/ptolemy/actor/lib/test/auto/PublisherSubscriber10.xml
----------------- Instantiating /home/travis/build/icyphy/ptII/ptolemy/actor/lib/test/auto/PublisherSubscriber10.xml
6 ms. Memory: 552960K Free: 241778K (44%)
----------------- Invoking toplevel() on ptolemy.moml.MoMLSimpleApplication@5a3eb23e
----------------- Done invoking toplevel() on ptolemy.moml.MoMLSimpleApplication@5a3eb23e
reloadAllAccessors: .PublisherSubscriber10

===========================================================================================
----------------- testing Sun Jun 27 17:24:47 UTC 2021 /home/travis/build/icyphy/ptII/ptolemy/actor/lib/test/auto/PublisherSubscriber10InitialOutputs.xml
----------------- Instantiating /home/travis/build/icyphy/ptII/ptolemy/actor/lib/test/auto/PublisherSubscriber10InitialOutputs.xml
14 ms. Memory: 552960K Free: 232562K (42%)
----------------- Invoking toplevel() on ptolemy.moml.MoMLSimpleApplication@4b0c3f92
----------------- Done invoking toplevel() on ptolemy.moml.MoMLSimpleApplication@4b0c3f92
reloadAllAccessors: .PublisherSubscriber10InitialOutputs

===========================================================================================
----------------- testing Sun Jun 27 17:24:47 UTC 2021 /home/travis/build/icyphy/ptII/ptolemy/actor/lib/test/auto/PublisherSubscriber11.xml
----------------- Instantiating /home/travis/build/icyphy/ptII/ptolemy/actor/lib/test/auto/PublisherSubscriber11.xml
3 ms. Memory: 552960K Free: 226418K (41%)
----------------- Invoking toplevel() on ptolemy.moml.MoMLSimpleApplication@2839c95e
----------------- Done invoking toplevel() on ptolemy.moml.MoMLSimpleApplication@2839c95e
reloadAllAccessors: .PublisherSubscriber11

===========================================================================================
----------------- testing Sun Jun 27 17:24:47 UTC 2021 /home/travis/build/icyphy/ptII/ptolemy/actor/lib/test/auto/PublisherSubscriber12.xml
----------------- Instantiating /home/travis/build/icyphy/ptII/ptolemy/actor/lib/test/auto/PublisherSubscriber12.xml
2 ms. Memory: 552960K Free: 219250K (40%)
----------------- Invoking toplevel() on ptolemy.moml.MoMLSimpleApplication@6e607cd0
----------------- Done invoking toplevel() on ptolemy.moml.MoMLSimpleApplication@6e607cd0
reloadAllAccessors: .PublisherSubscriber12

===========================================================================================
----------------- testing Sun Jun 27 17:24:47 UTC 2021 /home/travis/build/icyphy/ptII/ptolemy/actor/lib/test/auto/PublisherSubscriber13.xml
----------------- Instantiating /home/travis/build/icyphy/ptII/ptolemy/actor/lib/test/auto/PublisherSubscriber13.xml
2 ms. Memory: 552960K Free: 213585K (39%)
----------------- Invoking toplevel() on ptolemy.moml.MoMLSimpleApplication@64071674
----------------- Done invoking toplevel() on ptolemy.moml.MoMLSimpleApplication@64071674
reloadAllAccessors: .PublisherSubscriber13

===========================================================================================
----------------- testing Sun Jun 27 17:24:47 UTC 2021 /home/travis/build/icyphy/ptII/ptolemy/actor/lib/test/auto/PublisherSubscriber14.xml
----------------- Instantiating /home/travis/build/icyphy/ptII/ptolemy/actor/lib/test/auto/PublisherSubscriber14.xml
2 ms. Memory: 552960K Free: 204914K (37%)
----------------- Invoking toplevel() on ptolemy.moml.MoMLSimpleApplication@76639335
----------------- Done invoking toplevel() on ptolemy.moml.MoMLSimpleApplication@76639335
reloadAllAccessors: .PublisherSubscriber14

===========================================================================================
----------------- testing Sun Jun 27 17:24:47 UTC 2021 /home/travis/build/icyphy/ptII/ptolemy/actor/lib/test/auto/PublisherSubscriber2.xml
----------------- Instantiating /home/travis/build/icyphy/ptII/ptolemy/actor/lib/test/auto/PublisherSubscriber2.xml
3 ms. Memory: 552960K Free: 199249K (36%)
----------------- Invoking toplevel() on ptolemy.moml.MoMLSimpleApplication@1650c28
----------------- Done invoking toplevel() on ptolemy.moml.MoMLSimpleApplication@1650c28
reloadAllAccessors: .PublisherSubscriber2

===========================================================================================
----------------- testing Sun Jun 27 17:24:47 UTC 2021 /home/travis/build/icyphy/ptII/ptolemy/actor/lib/test/auto/PublisherSubscriber3.xml
----------------- Instantiating /home/travis/build/icyphy/ptII/ptolemy/actor/lib/test/auto/PublisherSubscriber3.xml
1 ms. Memory: 552960K Free: 193650K (35%)
----------------- Invoking toplevel() on ptolemy.moml.MoMLSimpleApplication@2b3f2cb9
----------------- Done invoking toplevel() on ptolemy.moml.MoMLSimpleApplication@2b3f2cb9
reloadAllAccessors: .PublisherSubscriber3

===========================================================================================
----------------- testing Sun Jun 27 17:24:47 UTC 2021 /home/travis/build/icyphy/ptII/ptolemy/actor/lib/test/auto/PublisherSubscriber4.xml
----------------- Instantiating /home/travis/build/icyphy/ptII/ptolemy/actor/lib/test/auto/PublisherSubscriber4.xml
2 ms. Memory: 552960K Free: 188530K (34%)
----------------- Invoking toplevel() on ptolemy.moml.MoMLSimpleApplication@cddf9de
----------------- Done invoking toplevel() on ptolemy.moml.MoMLSimpleApplication@cddf9de
reloadAllAccessors: .PublisherSubscriber4

===========================================================================================
----------------- testing Sun Jun 27 17:24:47 UTC 2021 /home/travis/build/icyphy/ptII/ptolemy/actor/lib/test/auto/PublisherSubscriber5.xml
----------------- Instantiating /home/travis/build/icyphy/ptII/ptolemy/actor/lib/test/auto/PublisherSubscriber5.xml
2 ms. Memory: 552960K Free: 181362K (33%)
----------------- Invoking toplevel() on ptolemy.moml.MoMLSimpleApplication@7cb57683
----------------- Done invoking toplevel() on ptolemy.moml.MoMLSimpleApplication@7cb57683
reloadAllAccessors: .PublisherSubscriber5

===========================================================================================
----------------- testing Sun Jun 27 17:24:47 UTC 2021 /home/travis/build/icyphy/ptII/ptolemy/actor/lib/test/auto/PublisherSubscriber6.xml
----------------- Instantiating /home/travis/build/icyphy/ptII/ptolemy/actor/lib/test/auto/PublisherSubscriber6.xml
3 ms. Memory: 552960K Free: 495201K (90%)
----------------- Invoking toplevel() on ptolemy.moml.MoMLSimpleApplication@3faa9b28
----------------- Done invoking toplevel() on ptolemy.moml.MoMLSimpleApplication@3faa9b28
reloadAllAccessors: .PublisherSubscriber6

===========================================================================================
----------------- testing Sun Jun 27 17:24:47 UTC 2021 /home/travis/build/icyphy/ptII/ptolemy/actor/lib/test/auto/PublisherSubscriber7.xml
----------------- Instantiating /home/travis/build/icyphy/ptII/ptolemy/actor/lib/test/auto/PublisherSubscriber7.xml
6 ms. Memory: 552960K Free: 488562K (88%)
----------------- Invoking toplevel() on ptolemy.moml.MoMLSimpleApplication@3ee32da6
----------------- Done invoking toplevel() on ptolemy.moml.MoMLSimpleApplication@3ee32da6
reloadAllAccessors: .PublisherSubscriber7

===========================================================================================
----------------- testing Sun Jun 27 17:24:47 UTC 2021 /home/travis/build/icyphy/ptII/ptolemy/actor/lib/test/auto/PublisherSubscriber8.xml
----------------- Instantiating /home/travis/build/icyphy/ptII/ptolemy/actor/lib/test/auto/PublisherSubscriber8.xml
15 ms. Memory: 552960K Free: 476274K (86%)
----------------- Invoking toplevel() on ptolemy.moml.MoMLSimpleApplication@6f5e1dd2
----------------- Done invoking toplevel() on ptolemy.moml.MoMLSimpleApplication@6f5e1dd2
reloadAllAccessors: .PublisherSubscriber8

===========================================================================================
----------------- testing Sun Jun 27 17:24:47 UTC 2021 /home/travis/build/icyphy/ptII/ptolemy/actor/lib/test/auto/PublisherSubscriber9.xml
----------------- Instantiating /home/travis/build/icyphy/ptII/ptolemy/actor/lib/test/auto/PublisherSubscriber9.xml
2 ms. Memory: 552960K Free: 469106K (85%)
----------------- Invoking toplevel() on ptolemy.moml.MoMLSimpleApplication@6dfafb5b
----------------- Done invoking toplevel() on ptolemy.moml.MoMLSimpleApplication@6dfafb5b
reloadAllAccessors: .PublisherSubscriber9

===========================================================================================
----------------- testing Sun Jun 27 17:24:47 UTC 2021 /home/travis/build/icyphy/ptII/ptolemy/actor/lib/test/auto/PublisherSubscriberAdjacent.xml
----------------- Instantiating /home/travis/build/icyphy/ptII/ptolemy/actor/lib/test/auto/PublisherSubscriberAdjacent.xml
1 ms. Memory: 552960K Free: 460914K (83%)
----------------- Invoking toplevel() on ptolemy.moml.MoMLSimpleApplication@607f9561
----------------- Done invoking toplevel() on ptolemy.moml.MoMLSimpleApplication@607f9561
reloadAllAccessors: .PublisherSubscriberAdjacent

===========================================================================================
----------------- testing Sun Jun 27 17:24:47 UTC 2021 /home/travis/build/icyphy/ptII/ptolemy/actor/lib/test/auto/PublisherSubscriberChannelVariablesAOC2.xml
----------------- Instantiating /home/travis/build/icyphy/ptII/ptolemy/actor/lib/test/auto/PublisherSubscriberChannelVariablesAOC2.xml
2 ms. Memory: 552960K Free: 445554K (81%)
----------------- Invoking toplevel() on ptolemy.moml.MoMLSimpleApplication@5a9b2937
----------------- Done invoking toplevel() on ptolemy.moml.MoMLSimpleApplication@5a9b2937
reloadAllAccessors: .PublisherSubscriberChannelVariablesAOC2

===========================================================================================
----------------- testing Sun Jun 27 17:24:47 UTC 2021 /home/travis/build/icyphy/ptII/ptolemy/actor/lib/test/auto/PublisherSubscriberD3.xml
----------------- Instantiating /home/travis/build/icyphy/ptII/ptolemy/actor/lib/test/auto/PublisherSubscriberD3.xml
2 ms. Memory: 552960K Free: 438386K (79%)
----------------- Invoking toplevel() on ptolemy.moml.MoMLSimpleApplication@335f123b
----------------- Done invoking toplevel() on ptolemy.moml.MoMLSimpleApplication@335f123b
reloadAllAccessors: .PublisherSubscriberD3

===========================================================================================
----------------- testing Sun Jun 27 17:24:47 UTC 2021 /home/travis/build/icyphy/ptII/ptolemy/actor/lib/test/auto/PublisherSubscriberD3Reverse.xml
----------------- Instantiating /home/travis/build/icyphy/ptII/ptolemy/actor/lib/test/auto/PublisherSubscriberD3Reverse.xml
2 ms. Memory: 552960K Free: 432242K (78%)
----------------- Invoking toplevel() on ptolemy.moml.MoMLSimpleApplication@28823e8c
----------------- Done invoking toplevel() on ptolemy.moml.MoMLSimpleApplication@28823e8c
reloadAllAccessors: .PublisherSubscriberD3Reverse

===========================================================================================
----------------- testing Sun Jun 27 17:24:47 UTC 2021 /home/travis/build/icyphy/ptII/ptolemy/actor/lib/test/auto/PublisherSubscriberExpression.xml
----------------- Instantiating /home/travis/build/icyphy/ptII/ptolemy/actor/lib/test/auto/PublisherSubscriberExpression.xml
3 ms. Memory: 552960K Free: 423521K (77%)
----------------- Invoking toplevel() on ptolemy.moml.MoMLSimpleApplication@56b77799
----------------- Done invoking toplevel() on ptolemy.moml.MoMLSimpleApplication@56b77799
reloadAllAccessors: .PublisherSubscriberExpression

===========================================================================================
----------------- testing Sun Jun 27 17:24:47 UTC 2021 /home/travis/build/icyphy/ptII/ptolemy/actor/lib/test/auto/PublisherSubscriberOpaque.xml
----------------- Instantiating /home/travis/build/icyphy/ptII/ptolemy/actor/lib/test/auto/PublisherSubscriberOpaque.xml
3 ms. Memory: 552960K Free: 415344K (75%)
----------------- Invoking toplevel() on ptolemy.moml.MoMLSimpleApplication@88a1d53
----------------- Done invoking toplevel() on ptolemy.moml.MoMLSimpleApplication@88a1d53
reloadAllAccessors: .PublisherSubscriberOpaque

===========================================================================================
----------------- testing Sun Jun 27 17:24:47 UTC 2021 /home/travis/build/icyphy/ptII/ptolemy/actor/lib/test/auto/PublisherSubscriberOpaqueD3.xml
----------------- Instantiating /home/travis/build/icyphy/ptII/ptolemy/actor/lib/test/auto/PublisherSubscriberOpaqueD3.xml
5 ms. Memory: 552960K Free: 404080K (73%)
----------------- Invoking toplevel() on ptolemy.moml.MoMLSimpleApplication@60cf2eed
----------------- Done invoking toplevel() on ptolemy.moml.MoMLSimpleApplication@60cf2eed
reloadAllAccessors: .PublisherSubscriberOpaqueD3

===========================================================================================
----------------- testing Sun Jun 27 17:24:47 UTC 2021 /home/travis/build/icyphy/ptII/ptolemy/actor/lib/test/auto/PublisherSubscriberOpaqueD3Reverse.xml
----------------- Instantiating /home/travis/build/icyphy/ptII/ptolemy/actor/lib/test/auto/PublisherSubscriberOpaqueD3Reverse.xml
7 ms. Memory: 552960K Free: 392816K (71%)
----------------- Invoking toplevel() on ptolemy.moml.MoMLSimpleApplication@1094afae
----------------- Done invoking toplevel() on ptolemy.moml.MoMLSimpleApplication@1094afae
reloadAllAccessors: .PublisherSubscriberOpaqueD3Reverse

===========================================================================================
----------------- testing Sun Jun 27 17:24:47 UTC 2021 /home/travis/build/icyphy/ptII/ptolemy/actor/lib/test/auto/PublisherSubscriberOpaqueWidthInference.xml
----------------- Instantiating /home/travis/build/icyphy/ptII/ptolemy/actor/lib/test/auto/PublisherSubscriberOpaqueWidthInference.xml
4 ms. Memory: 552960K Free: 384609K (70%)
----------------- Invoking toplevel() on ptolemy.moml.MoMLSimpleApplication@4d037f96
----------------- Done invoking toplevel() on ptolemy.moml.MoMLSimpleApplication@4d037f96
reloadAllAccessors: .PublisherSubscriberOpaqueWidthInference

===========================================================================================
----------------- testing Sun Jun 27 17:24:47 UTC 2021 /home/travis/build/icyphy/ptII/ptolemy/actor/lib/test/auto/PublisherTestSubscriber.xml
----------------- Instantiating /home/travis/build/icyphy/ptII/ptolemy/actor/lib/test/auto/PublisherTestSubscriber.xml
3 ms. Memory: 552960K Free: 376425K (68%)
----------------- Invoking toplevel() on ptolemy.moml.MoMLSimpleApplication@7d1aec7c
----------------- Done invoking toplevel() on ptolemy.moml.MoMLSimpleApplication@7d1aec7c
reloadAllAccessors: .PublisherTestSubscriber

===========================================================================================
----------------- testing Sun Jun 27 17:24:47 UTC 2021 /home/travis/build/icyphy/ptII/ptolemy/actor/lib/test/auto/PublisherToplevelSubscriberPortAOC.xml
----------------- Instantiating /home/travis/build/icyphy/ptII/ptolemy/actor/lib/test/auto/PublisherToplevelSubscriberPortAOC.xml
1 ms. Memory: 552960K Free: 370281K (67%)
----------------- Invoking toplevel() on ptolemy.moml.MoMLSimpleApplication@6771300f
----------------- Done invoking toplevel() on ptolemy.moml.MoMLSimpleApplication@6771300f
reloadAllAccessors: .PublisherToplevelSubscriberPortAOC

===========================================================================================
----------------- testing Sun Jun 27 17:24:47 UTC 2021 /home/travis/build/icyphy/ptII/ptolemy/actor/lib/test/auto/PulseFiringLimitDE.xml
----------------- Instantiating /home/travis/build/icyphy/ptII/ptolemy/actor/lib/test/auto/PulseFiringLimitDE.xml
1 ms. Memory: 552960K Free: 364144K (66%)
----------------- Invoking toplevel() on ptolemy.moml.MoMLSimpleApplication@544b64af
----------------- Done invoking toplevel() on ptolemy.moml.MoMLSimpleApplication@544b64af
reloadAllAccessors: .PulseFiringLimitDE

===========================================================================================
----------------- testing Sun Jun 27 17:24:47 UTC 2021 /home/travis/build/icyphy/ptII/ptolemy/actor/lib/test/auto/Ramp1.xml
----------------- Instantiating /home/travis/build/icyphy/ptII/ptolemy/actor/lib/test/auto/Ramp1.xml
1 ms. Memory: 552960K Free: 359009K (65%)
----------------- Invoking toplevel() on ptolemy.moml.MoMLSimpleApplication@74091851
----------------- Done invoking toplevel() on ptolemy.moml.MoMLSimpleApplication@74091851
reloadAllAccessors: .Ramp1

===========================================================================================
----------------- testing Sun Jun 27 17:24:47 UTC 2021 /home/travis/build/icyphy/ptII/ptolemy/actor/lib/test/auto/RampFiringLimitDE.xml
----------------- Instantiating /home/travis/build/icyphy/ptII/ptolemy/actor/lib/test/auto/RampFiringLimitDE.xml
2 ms. Memory: 552960K Free: 352865K (64%)
----------------- Invoking toplevel() on ptolemy.moml.MoMLSimpleApplication@4fd3875a
----------------- Done invoking toplevel() on ptolemy.moml.MoMLSimpleApplication@4fd3875a
reloadAllAccessors: .RampFiringLimitDE

===========================================================================================
----------------- testing Sun Jun 27 17:24:47 UTC 2021 /home/travis/build/icyphy/ptII/ptolemy/actor/lib/test/auto/RampFiringLimitSDF.xml
----------------- Instantiating /home/travis/build/icyphy/ptII/ptolemy/actor/lib/test/auto/RampFiringLimitSDF.xml
2 ms. Memory: 552960K Free: 347745K (63%)
----------------- Invoking toplevel() on ptolemy.moml.MoMLSimpleApplication@53014153
----------------- Done invoking toplevel() on ptolemy.moml.MoMLSimpleApplication@53014153
reloadAllAccessors: .RampFiringLimitSDF

===========================================================================================
----------------- testing Sun Jun 27 17:24:47 UTC 2021 /home/travis/build/icyphy/ptII/ptolemy/actor/lib/test/auto/RandomInteger.xml
----------------- Instantiating /home/travis/build/icyphy/ptII/ptolemy/actor/lib/test/auto/RandomInteger.xml
1 ms. Memory: 552960K Free: 343664K (62%)
----------------- Invoking toplevel() on ptolemy.moml.MoMLSimpleApplication@1e6c048f
----------------- Done invoking toplevel() on ptolemy.moml.MoMLSimpleApplication@1e6c048f
reloadAllAccessors: .RandomInteger

===========================================================================================
----------------- testing Sun Jun 27 17:24:47 UTC 2021 /home/travis/build/icyphy/ptII/ptolemy/actor/lib/test/auto/ReadFile1.xml
----------------- Instantiating /home/travis/build/icyphy/ptII/ptolemy/actor/lib/test/auto/ReadFile1.xml
1 ms. Memory: 552960K Free: 338544K (61%)
----------------- Invoking toplevel() on ptolemy.moml.MoMLSimpleApplication@3470dca2
----------------- Done invoking toplevel() on ptolemy.moml.MoMLSimpleApplication@3470dca2
reloadAllAccessors: .ReadFile1

===========================================================================================
----------------- testing Sun Jun 27 17:24:47 UTC 2021 /home/travis/build/icyphy/ptII/ptolemy/actor/lib/test/auto/ReadFile2.xml
----------------- Instantiating /home/travis/build/icyphy/ptII/ptolemy/actor/lib/test/auto/ReadFile2.xml
1 ms. Memory: 552960K Free: 334448K (60%)
----------------- Invoking toplevel() on ptolemy.moml.MoMLSimpleApplication@2443adc8
----------------- Done invoking toplevel() on ptolemy.moml.MoMLSimpleApplication@2443adc8
reloadAllAccessors: .ReadFile2

===========================================================================================
----------------- testing Sun Jun 27 17:24:47 UTC 2021 /home/travis/build/icyphy/ptII/ptolemy/actor/lib/test/auto/Reader.xml
----------------- Instantiating /home/travis/build/icyphy/ptII/ptolemy/actor/lib/test/auto/Reader.xml
actor.lib.Reader is obsolete, use actor.lib.io.ExpressionReader instead
2 ms. Memory: 552960K Free: 330352K (60%)
----------------- Invoking toplevel() on ptolemy.moml.MoMLSimpleApplication@3363df32
----------------- Done invoking toplevel() on ptolemy.moml.MoMLSimpleApplication@3363df32
reloadAllAccessors: .Reader

===========================================================================================
----------------- testing Sun Jun 27 17:24:47 UTC 2021 /home/travis/build/icyphy/ptII/ptolemy/actor/lib/test/auto/RecordAssemblerDisplayNameTest.xml
----------------- Instantiating /home/travis/build/icyphy/ptII/ptolemy/actor/lib/test/auto/RecordAssemblerDisplayNameTest.xml
3632 ms. Memory: 552960K Free: 383090K (69%)
----------------- Invoking toplevel() on ptolemy.moml.MoMLSimpleApplication@40811708
----------------- Done invoking toplevel() on ptolemy.moml.MoMLSimpleApplication@40811708
reloadAllAccessors: .RecordAssemblerDisplayNameTest

===========================================================================================
----------------- testing Sun Jun 27 17:24:51 UTC 2021 /home/travis/build/icyphy/ptII/ptolemy/actor/lib/test/auto/RecordAssemblerTypeError.xml
----------------- Instantiating /home/travis/build/icyphy/ptII/ptolemy/actor/lib/test/auto/RecordAssemblerTypeError.xml
7 ms. Memory: 552960K Free: 373360K (68%)
----------------- Invoking toplevel() on ptolemy.moml.MoMLSimpleApplication@1fef43db
----------------- Done invoking toplevel() on ptolemy.moml.MoMLSimpleApplication@1fef43db
reloadAllAccessors: .RecordAssemblerTypeError

===========================================================================================
----------------- testing Sun Jun 27 17:24:51 UTC 2021 /home/travis/build/icyphy/ptII/ptolemy/actor/lib/test/auto/RecordDisassember.xml
----------------- Instantiating /home/travis/build/icyphy/ptII/ptolemy/actor/lib/test/auto/RecordDisassember.xml
11 ms. Memory: 552960K Free: 368209K (67%)
----------------- Invoking toplevel() on ptolemy.moml.MoMLSimpleApplication@5063ed35
----------------- Done invoking toplevel() on ptolemy.moml.MoMLSimpleApplication@5063ed35
reloadAllAccessors: .RecordDisassember

===========================================================================================
----------------- testing Sun Jun 27 17:24:51 UTC 2021 /home/travis/build/icyphy/ptII/ptolemy/actor/lib/test/auto/RecordDisassemberDisplayNameTest.xml
----------------- Instantiating /home/travis/build/icyphy/ptII/ptolemy/actor/lib/test/auto/RecordDisassemberDisplayNameTest.xml
5 ms. Memory: 552960K Free: 360562K (65%)
----------------- Invoking toplevel() on ptolemy.moml.MoMLSimpleApplication@7d161234
----------------- Done invoking toplevel() on ptolemy.moml.MoMLSimpleApplication@7d161234
reloadAllAccessors: .RecordDisassemberDisplayNameTest

===========================================================================================
----------------- testing Sun Jun 27 17:24:51 UTC 2021 /home/travis/build/icyphy/ptII/ptolemy/actor/lib/test/auto/RecordDisassembler.xml
----------------- Instantiating /home/travis/build/icyphy/ptII/ptolemy/actor/lib/test/auto/RecordDisassembler.xml
3 ms. Memory: 552960K Free: 355442K (64%)
----------------- Invoking toplevel() on ptolemy.moml.MoMLSimpleApplication@3de4afd8
----------------- Done invoking toplevel() on ptolemy.moml.MoMLSimpleApplication@3de4afd8
reloadAllAccessors: .RecordDisassembler

===========================================================================================
----------------- testing Sun Jun 27 17:24:51 UTC 2021 /home/travis/build/icyphy/ptII/ptolemy/actor/lib/test/auto/RecordDisassembler2.xml
----------------- Instantiating /home/travis/build/icyphy/ptII/ptolemy/actor/lib/test/auto/RecordDisassembler2.xml
2 ms. Memory: 552960K Free: 350322K (63%)
----------------- Invoking toplevel() on ptolemy.moml.MoMLSimpleApplication@8d1697
----------------- Done invoking toplevel() on ptolemy.moml.MoMLSimpleApplication@8d1697
reloadAllAccessors: .RecordDisassembler2

===========================================================================================
----------------- testing Sun Jun 27 17:24:51 UTC 2021 /home/travis/build/icyphy/ptII/ptolemy/actor/lib/test/auto/RecordUpdater.xml
----------------- Instantiating /home/travis/build/icyphy/ptII/ptolemy/actor/lib/test/auto/RecordUpdater.xml
2 ms. Memory: 552960K Free: 345712K (63%)
----------------- Invoking toplevel() on ptolemy.moml.MoMLSimpleApplication@4b13f612
----------------- Done invoking toplevel() on ptolemy.moml.MoMLSimpleApplication@4b13f612
reloadAllAccessors: .RecordUpdater

===========================================================================================
----------------- testing Sun Jun 27 17:24:51 UTC 2021 /home/travis/build/icyphy/ptII/ptolemy/actor/lib/test/auto/RecordUpdater2.xml
----------------- Instantiating /home/travis/build/icyphy/ptII/ptolemy/actor/lib/test/auto/RecordUpdater2.xml
2 ms. Memory: 552960K Free: 340592K (62%)
----------------- Invoking toplevel() on ptolemy.moml.MoMLSimpleApplication@144b109
----------------- Done invoking toplevel() on ptolemy.moml.MoMLSimpleApplication@144b109
reloadAllAccessors: .RecordUpdater2

===========================================================================================
----------------- testing Sun Jun 27 17:24:51 UTC 2021 /home/travis/build/icyphy/ptII/ptolemy/actor/lib/test/auto/RecursiveLattice.xml
----------------- Instantiating /home/travis/build/icyphy/ptII/ptolemy/actor/lib/test/auto/RecursiveLattice.xml
1 ms. Memory: 552960K Free: 336465K (61%)
----------------- Invoking toplevel() on ptolemy.moml.MoMLSimpleApplication@24c79d4d
----------------- Done invoking toplevel() on ptolemy.moml.MoMLSimpleApplication@24c79d4d
reloadAllAccessors: .RecursiveLattice

===========================================================================================
----------------- testing Sun Jun 27 17:24:51 UTC 2021 /home/travis/build/icyphy/ptII/ptolemy/actor/lib/test/auto/Router.xml
----------------- Instantiating /home/travis/build/icyphy/ptII/ptolemy/actor/lib/test/auto/Router.xml
3004 ms. Memory: 552960K Free: 325232K (59%)
----------------- Invoking toplevel() on ptolemy.moml.MoMLSimpleApplication@13bf9609
----------------- Done invoking toplevel() on ptolemy.moml.MoMLSimpleApplication@13bf9609
reloadAllAccessors: .Router

===========================================================================================
----------------- testing Sun Jun 27 17:24:54 UTC 2021 /home/travis/build/icyphy/ptII/ptolemy/actor/lib/test/auto/Router2.xml
----------------- Instantiating /home/travis/build/icyphy/ptII/ptolemy/actor/lib/test/auto/Router2.xml
3003 ms. Memory: 552960K Free: 314482K (57%)
----------------- Invoking toplevel() on ptolemy.moml.MoMLSimpleApplication@4f60ccd0
----------------- Done invoking toplevel() on ptolemy.moml.MoMLSimpleApplication@4f60ccd0
reloadAllAccessors: .Router2

===========================================================================================
----------------- testing Sun Jun 27 17:24:57 UTC 2021 /home/travis/build/icyphy/ptII/ptolemy/actor/lib/test/auto/RunningMaximum.xml
----------------- Instantiating /home/travis/build/icyphy/ptII/ptolemy/actor/lib/test/auto/RunningMaximum.xml
2 ms. Memory: 552960K Free: 309362K (56%)
----------------- Invoking toplevel() on ptolemy.moml.MoMLSimpleApplication@5eae99f0
----------------- Done invoking toplevel() on ptolemy.moml.MoMLSimpleApplication@5eae99f0
reloadAllAccessors: .RunningMaximum

===========================================================================================
----------------- testing Sun Jun 27 17:24:57 UTC 2021 /home/travis/build/icyphy/ptII/ptolemy/actor/lib/test/auto/RunningMinimum.xml
----------------- Instantiating /home/travis/build/icyphy/ptII/ptolemy/actor/lib/test/auto/RunningMinimum.xml
14 ms. Memory: 552960K Free: 304752K (55%)
----------------- Invoking toplevel() on ptolemy.moml.MoMLSimpleApplication@71b5b554
----------------- Done invoking toplevel() on ptolemy.moml.MoMLSimpleApplication@71b5b554
reloadAllAccessors: .RunningMinimum

===========================================================================================
----------------- testing Sun Jun 27 17:24:57 UTC 2021 /home/travis/build/icyphy/ptII/ptolemy/actor/lib/test/auto/Scale.xml
----------------- Instantiating /home/travis/build/icyphy/ptII/ptolemy/actor/lib/test/auto/Scale.xml
2 ms. Memory: 552960K Free: 300146K (54%)
----------------- Invoking toplevel() on ptolemy.moml.MoMLSimpleApplication@7cb65174
----------------- Done invoking toplevel() on ptolemy.moml.MoMLSimpleApplication@7cb65174
reloadAllAccessors: .Scale

===========================================================================================
----------------- testing Sun Jun 27 17:24:57 UTC 2021 /home/travis/build/icyphy/ptII/ptolemy/actor/lib/test/auto/Scale2.xml
----------------- Instantiating /home/travis/build/icyphy/ptII/ptolemy/actor/lib/test/auto/Scale2.xml
2 ms. Memory: 552960K Free: 295536K (53%)
----------------- Invoking toplevel() on ptolemy.moml.MoMLSimpleApplication@c5653dc
----------------- Done invoking toplevel() on ptolemy.moml.MoMLSimpleApplication@c5653dc
reloadAllAccessors: .Scale2

===========================================================================================
----------------- testing Sun Jun 27 17:24:57 UTC 2021 /home/travis/build/icyphy/ptII/ptolemy/actor/lib/test/auto/Scale3.xml
----------------- Instantiating /home/travis/build/icyphy/ptII/ptolemy/actor/lib/test/auto/Scale3.xml
3 ms. Memory: 552960K Free: 288368K (52%)
----------------- Invoking toplevel() on ptolemy.moml.MoMLSimpleApplication@5b490cf9
----------------- Done invoking toplevel() on ptolemy.moml.MoMLSimpleApplication@5b490cf9
reloadAllAccessors: .Scale3

===========================================================================================
----------------- testing Sun Jun 27 17:24:57 UTC 2021 /home/travis/build/icyphy/ptII/ptolemy/actor/lib/test/auto/ScaleArray.xml
----------------- Instantiating /home/travis/build/icyphy/ptII/ptolemy/actor/lib/test/auto/ScaleArray.xml
2 ms. Memory: 552960K Free: 283762K (51%)
----------------- Invoking toplevel() on ptolemy.moml.MoMLSimpleApplication@3956a8b2
----------------- Done invoking toplevel() on ptolemy.moml.MoMLSimpleApplication@3956a8b2
reloadAllAccessors: .ScaleArray

===========================================================================================
----------------- testing Sun Jun 27 17:24:57 UTC 2021 /home/travis/build/icyphy/ptII/ptolemy/actor/lib/test/auto/ScaleArray2.xml
----------------- Instantiating /home/travis/build/icyphy/ptII/ptolemy/actor/lib/test/auto/ScaleArray2.xml
1 ms. Memory: 552960K Free: 279152K (50%)
----------------- Invoking toplevel() on ptolemy.moml.MoMLSimpleApplication@4ba67808
----------------- Done invoking toplevel() on ptolemy.moml.MoMLSimpleApplication@4ba67808
reloadAllAccessors: .ScaleArray2

===========================================================================================
----------------- testing Sun Jun 27 17:24:57 UTC 2021 /home/travis/build/icyphy/ptII/ptolemy/actor/lib/test/auto/ScaleMatrix.xml
----------------- Instantiating /home/travis/build/icyphy/ptII/ptolemy/actor/lib/test/auto/ScaleMatrix.xml
140 ms. Memory: 552960K Free: 265330K (48%)
----------------- Invoking toplevel() on ptolemy.moml.MoMLSimpleApplication@199714b2
----------------- Done invoking toplevel() on ptolemy.moml.MoMLSimpleApplication@199714b2
reloadAllAccessors: .ScaleMatrix

===========================================================================================
----------------- testing Sun Jun 27 17:24:57 UTC 2021 /home/travis/build/icyphy/ptII/ptolemy/actor/lib/test/auto/Select.xml
----------------- Instantiating /home/travis/build/icyphy/ptII/ptolemy/actor/lib/test/auto/Select.xml
2 ms. Memory: 552960K Free: 259186K (47%)
----------------- Invoking toplevel() on ptolemy.moml.MoMLSimpleApplication@376b80fd
----------------- Done invoking toplevel() on ptolemy.moml.MoMLSimpleApplication@376b80fd
reloadAllAccessors: .Select

===========================================================================================
----------------- testing Sun Jun 27 17:24:57 UTC 2021 /home/travis/build/icyphy/ptII/ptolemy/actor/lib/test/auto/Select2.xml
----------------- Instantiating /home/travis/build/icyphy/ptII/ptolemy/actor/lib/test/auto/Select2.xml
1 ms. Memory: 552960K Free: 254576K (46%)
----------------- Invoking toplevel() on ptolemy.moml.MoMLSimpleApplication@2e1d9ffd
----------------- Done invoking toplevel() on ptolemy.moml.MoMLSimpleApplication@2e1d9ffd
reloadAllAccessors: .Select2

===========================================================================================
----------------- testing Sun Jun 27 17:24:57 UTC 2021 /home/travis/build/icyphy/ptII/ptolemy/actor/lib/test/auto/SequenceToArray2.xml
----------------- Instantiating /home/travis/build/icyphy/ptII/ptolemy/actor/lib/test/auto/SequenceToArray2.xml
102 ms. Memory: 552960K Free: 230514K (42%)
----------------- Invoking toplevel() on ptolemy.moml.MoMLSimpleApplication@71291218
----------------- Done invoking toplevel() on ptolemy.moml.MoMLSimpleApplication@71291218
reloadAllAccessors: .SequenceToArray2

===========================================================================================
----------------- testing Sun Jun 27 17:24:57 UTC 2021 /home/travis/build/icyphy/ptII/ptolemy/actor/lib/test/auto/SequentialClock.xml
----------------- Instantiating /home/travis/build/icyphy/ptII/ptolemy/actor/lib/test/auto/SequentialClock.xml
1 ms. Memory: 552960K Free: 226418K (41%)
----------------- Invoking toplevel() on ptolemy.moml.MoMLSimpleApplication@7972aaae
----------------- Done invoking toplevel() on ptolemy.moml.MoMLSimpleApplication@7972aaae
reloadAllAccessors: .SequentialClock

===========================================================================================
----------------- testing Sun Jun 27 17:24:57 UTC 2021 /home/travis/build/icyphy/ptII/ptolemy/actor/lib/test/auto/SetVariable.xml
----------------- Instantiating /home/travis/build/icyphy/ptII/ptolemy/actor/lib/test/auto/SetVariable.xml
7 ms. Memory: 552960K Free: 221808K (40%)
----------------- Invoking toplevel() on ptolemy.moml.MoMLSimpleApplication@5edef0ae
----------------- Done invoking toplevel() on ptolemy.moml.MoMLSimpleApplication@5edef0ae
reloadAllAccessors: .SetVariable

===========================================================================================
----------------- testing Sun Jun 27 17:24:57 UTC 2021 /home/travis/build/icyphy/ptII/ptolemy/actor/lib/test/auto/SetVariable2.xml
----------------- Instantiating /home/travis/build/icyphy/ptII/ptolemy/actor/lib/test/auto/SetVariable2.xml
4 ms. Memory: 552960K Free: 216688K (39%)
----------------- Invoking toplevel() on ptolemy.moml.MoMLSimpleApplication@4b877d3c
----------------- Done invoking toplevel() on ptolemy.moml.MoMLSimpleApplication@4b877d3c
reloadAllAccessors: .SetVariable2

===========================================================================================
----------------- testing Sun Jun 27 17:24:57 UTC 2021 /home/travis/build/icyphy/ptII/ptolemy/actor/lib/test/auto/SetVariable3.xml
----------------- Instantiating /home/travis/build/icyphy/ptII/ptolemy/actor/lib/test/auto/SetVariable3.xml
5 ms. Memory: 552960K Free: 211568K (38%)
----------------- Invoking toplevel() on ptolemy.moml.MoMLSimpleApplication@45639745
----------------- Done invoking toplevel() on ptolemy.moml.MoMLSimpleApplication@45639745
reloadAllAccessors: .SetVariable3

===========================================================================================
----------------- testing Sun Jun 27 17:24:57 UTC 2021 /home/travis/build/icyphy/ptII/ptolemy/actor/lib/test/auto/SetVariable4.xml
----------------- Instantiating /home/travis/build/icyphy/ptII/ptolemy/actor/lib/test/auto/SetVariable4.xml
17 ms. Memory: 552960K Free: 201840K (37%)
----------------- Invoking toplevel() on ptolemy.moml.MoMLSimpleApplication@28827739
----------------- Done invoking toplevel() on ptolemy.moml.MoMLSimpleApplication@28827739
reloadAllAccessors: .SetVariable4

===========================================================================================
----------------- testing Sun Jun 27 17:24:57 UTC 2021 /home/travis/build/icyphy/ptII/ptolemy/actor/lib/test/auto/SetVariable5.xml
----------------- Instantiating /home/travis/build/icyphy/ptII/ptolemy/actor/lib/test/auto/SetVariable5.xml
16 ms. Memory: 552960K Free: 192626K (35%)
----------------- Invoking toplevel() on ptolemy.moml.MoMLSimpleApplication@13dc7f5e
----------------- Done invoking toplevel() on ptolemy.moml.MoMLSimpleApplication@13dc7f5e
reloadAllAccessors: .SetVariable5

===========================================================================================
----------------- testing Sun Jun 27 17:24:58 UTC 2021 /home/travis/build/icyphy/ptII/ptolemy/actor/lib/test/auto/Sinewave.xml
----------------- Instantiating /home/travis/build/icyphy/ptII/ptolemy/actor/lib/test/auto/Sinewave.xml
5 ms. Memory: 552960K Free: 182386K (33%)
----------------- Invoking toplevel() on ptolemy.moml.MoMLSimpleApplication@69d1e10a
----------------- Done invoking toplevel() on ptolemy.moml.MoMLSimpleApplication@69d1e10a
reloadAllAccessors: .Sinewave

===========================================================================================
----------------- testing Sun Jun 27 17:24:58 UTC 2021 /home/travis/build/icyphy/ptII/ptolemy/actor/lib/test/auto/Sinewave2.xml
----------------- Instantiating /home/travis/build/icyphy/ptII/ptolemy/actor/lib/test/auto/Sinewave2.xml
4 ms. Memory: 552960K Free: 493680K (89%)
----------------- Invoking toplevel() on ptolemy.moml.MoMLSimpleApplication@5e13d974
----------------- Done invoking toplevel() on ptolemy.moml.MoMLSimpleApplication@5e13d974
reloadAllAccessors: .Sinewave2

===========================================================================================
----------------- testing Sun Jun 27 17:24:58 UTC 2021 /home/travis/build/icyphy/ptII/ptolemy/actor/lib/test/auto/Sinewave3.xml
----------------- Instantiating /home/travis/build/icyphy/ptII/ptolemy/actor/lib/test/auto/Sinewave3.xml
8 ms. Memory: 552960K Free: 485473K (88%)
----------------- Invoking toplevel() on ptolemy.moml.MoMLSimpleApplication@329591b
----------------- Done invoking toplevel() on ptolemy.moml.MoMLSimpleApplication@329591b
reloadAllAccessors: .Sinewave3

===========================================================================================
----------------- testing Sun Jun 27 17:24:58 UTC 2021 /home/travis/build/icyphy/ptII/ptolemy/actor/lib/test/auto/SingleEvent.xml
----------------- Instantiating /home/travis/build/icyphy/ptII/ptolemy/actor/lib/test/auto/SingleEvent.xml
1 ms. Memory: 552960K Free: 481392K (87%)
----------------- Invoking toplevel() on ptolemy.moml.MoMLSimpleApplication@6984c43c
----------------- Done invoking toplevel() on ptolemy.moml.MoMLSimpleApplication@6984c43c
reloadAllAccessors: .SingleEvent

===========================================================================================
----------------- testing Sun Jun 27 17:24:58 UTC 2021 /home/travis/build/icyphy/ptII/ptolemy/actor/lib/test/auto/Sleep.xml
----------------- Instantiating /home/travis/build/icyphy/ptII/ptolemy/actor/lib/test/auto/Sleep.xml
6003 ms. Memory: 552960K Free: 475217K (86%)
----------------- Invoking toplevel() on ptolemy.moml.MoMLSimpleApplication@6f1226fc
----------------- Done invoking toplevel() on ptolemy.moml.MoMLSimpleApplication@6f1226fc
reloadAllAccessors: .Sleep

===========================================================================================
----------------- testing Sun Jun 27 17:25:04 UTC 2021 /home/travis/build/icyphy/ptII/ptolemy/actor/lib/test/auto/SleepMultipleFire.xml
----------------- Instantiating /home/travis/build/icyphy/ptII/ptolemy/actor/lib/test/auto/SleepMultipleFire.xml
1012 ms. Memory: 552960K Free: 469618K (85%)
----------------- Invoking toplevel() on ptolemy.moml.MoMLSimpleApplication@7e8ee666
----------------- Done invoking toplevel() on ptolemy.moml.MoMLSimpleApplication@7e8ee666
reloadAllAccessors: .SleepMultipleFire

===========================================================================================
----------------- testing Sun Jun 27 17:25:05 UTC 2021 /home/travis/build/icyphy/ptII/ptolemy/actor/lib/test/auto/StopDE.xml
----------------- Instantiating /home/travis/build/icyphy/ptII/ptolemy/actor/lib/test/auto/StopDE.xml
3 ms. Memory: 552960K Free: 463984K (84%)
----------------- Invoking toplevel() on ptolemy.moml.MoMLSimpleApplication@660b40c8
----------------- Done invoking toplevel() on ptolemy.moml.MoMLSimpleApplication@660b40c8
reloadAllAccessors: .StopDE

===========================================================================================
----------------- testing Sun Jun 27 17:25:05 UTC 2021 /home/travis/build/icyphy/ptII/ptolemy/actor/lib/test/auto/StopSDF.xml
----------------- Instantiating /home/travis/build/icyphy/ptII/ptolemy/actor/lib/test/auto/StopSDF.xml
3 ms. Memory: 552960K Free: 458864K (83%)
----------------- Invoking toplevel() on ptolemy.moml.MoMLSimpleApplication@7ae9c031
----------------- Done invoking toplevel() on ptolemy.moml.MoMLSimpleApplication@7ae9c031
reloadAllAccessors: .StopSDF

===========================================================================================
----------------- testing Sun Jun 27 17:25:05 UTC 2021 /home/travis/build/icyphy/ptII/ptolemy/actor/lib/test/auto/StringConstant.xml
----------------- Instantiating /home/travis/build/icyphy/ptII/ptolemy/actor/lib/test/auto/StringConstant.xml
8 ms. Memory: 552960K Free: 454256K (82%)
----------------- Invoking toplevel() on ptolemy.moml.MoMLSimpleApplication@2f077c55
----------------- Done invoking toplevel() on ptolemy.moml.MoMLSimpleApplication@2f077c55
reloadAllAccessors: .StringConstant

===========================================================================================
----------------- testing Sun Jun 27 17:25:05 UTC 2021 /home/travis/build/icyphy/ptII/ptolemy/actor/lib/test/auto/SubscriberPortInitialValues1.xml
----------------- Instantiating /home/travis/build/icyphy/ptII/ptolemy/actor/lib/test/auto/SubscriberPortInitialValues1.xml
8 ms. Memory: 552960K Free: 445552K (81%)
----------------- Invoking toplevel() on ptolemy.moml.MoMLSimpleApplication@4871dcf2
----------------- Done invoking toplevel() on ptolemy.moml.MoMLSimpleApplication@4871dcf2
reloadAllAccessors: .SubscriberPortInitialValues1

===========================================================================================
----------------- testing Sun Jun 27 17:25:05 UTC 2021 /home/travis/build/icyphy/ptII/ptolemy/actor/lib/test/auto/SubscriberPortInitialValues13.xml
----------------- Instantiating /home/travis/build/icyphy/ptII/ptolemy/actor/lib/test/auto/SubscriberPortInitialValues13.xml
13 ms. Memory: 552960K Free: 432240K (78%)
----------------- Invoking toplevel() on ptolemy.moml.MoMLSimpleApplication@16c6fa37
----------------- Done invoking toplevel() on ptolemy.moml.MoMLSimpleApplication@16c6fa37
reloadAllAccessors: .SubscriberPortInitialValues13

===========================================================================================
----------------- testing Sun Jun 27 17:25:05 UTC 2021 /home/travis/build/icyphy/ptII/ptolemy/actor/lib/test/auto/SubscriberPortInitialValues14.xml
----------------- Instantiating /home/travis/build/icyphy/ptII/ptolemy/actor/lib/test/auto/SubscriberPortInitialValues14.xml
3 ms. Memory: 552960K Free: 424562K (77%)
----------------- Invoking toplevel() on ptolemy.moml.MoMLSimpleApplication@4b4aa6d0
----------------- Done invoking toplevel() on ptolemy.moml.MoMLSimpleApplication@4b4aa6d0
reloadAllAccessors: .SubscriberPortInitialValues14

===========================================================================================
----------------- testing Sun Jun 27 17:25:05 UTC 2021 /home/travis/build/icyphy/ptII/ptolemy/actor/lib/test/auto/SubscriberPortInitialValues2.xml
----------------- Instantiating /home/travis/build/icyphy/ptII/ptolemy/actor/lib/test/auto/SubscriberPortInitialValues2.xml
4 ms. Memory: 552960K Free: 416370K (75%)
----------------- Invoking toplevel() on ptolemy.moml.MoMLSimpleApplication@2b8d6617
----------------- Done invoking toplevel() on ptolemy.moml.MoMLSimpleApplication@2b8d6617
reloadAllAccessors: .SubscriberPortInitialValues2

===========================================================================================
----------------- testing Sun Jun 27 17:25:05 UTC 2021 /home/travis/build/icyphy/ptII/ptolemy/actor/lib/test/auto/SubscriberPortInitialValues3.xml
----------------- Instantiating /home/travis/build/icyphy/ptII/ptolemy/actor/lib/test/auto/SubscriberPortInitialValues3.xml
3 ms. Memory: 552960K Free: 405616K (73%)
----------------- Invoking toplevel() on ptolemy.moml.MoMLSimpleApplication@444cc69b
----------------- Done invoking toplevel() on ptolemy.moml.MoMLSimpleApplication@444cc69b
reloadAllAccessors: .SubscriberPortInitialValues3

===========================================================================================
----------------- testing Sun Jun 27 17:25:05 UTC 2021 /home/travis/build/icyphy/ptII/ptolemy/actor/lib/test/auto/SubscriptionAggregator.xml
----------------- Instantiating /home/travis/build/icyphy/ptII/ptolemy/actor/lib/test/auto/SubscriptionAggregator.xml
2 ms. Memory: 552960K Free: 398962K (72%)
----------------- Invoking toplevel() on ptolemy.moml.MoMLSimpleApplication@cf4bf79
----------------- Done invoking toplevel() on ptolemy.moml.MoMLSimpleApplication@cf4bf79
reloadAllAccessors: .SubscriptionAggregator

===========================================================================================
----------------- testing Sun Jun 27 17:25:05 UTC 2021 /home/travis/build/icyphy/ptII/ptolemy/actor/lib/test/auto/SubscriptionAggregator2.xml
----------------- Instantiating /home/travis/build/icyphy/ptII/ptolemy/actor/lib/test/auto/SubscriptionAggregator2.xml
3 ms. Memory: 552960K Free: 391794K (71%)
----------------- Invoking toplevel() on ptolemy.moml.MoMLSimpleApplication@58808a21
----------------- Done invoking toplevel() on ptolemy.moml.MoMLSimpleApplication@58808a21
reloadAllAccessors: .SubscriptionAggregator2

===========================================================================================
----------------- testing Sun Jun 27 17:25:05 UTC 2021 /home/travis/build/icyphy/ptII/ptolemy/actor/lib/test/auto/SubscriptionAggregator3.xml
----------------- Instantiating /home/travis/build/icyphy/ptII/ptolemy/actor/lib/test/auto/SubscriptionAggregator3.xml
3 ms. Memory: 552960K Free: 382578K (69%)
----------------- Invoking toplevel() on ptolemy.moml.MoMLSimpleApplication@1a11eba3
----------------- Done invoking toplevel() on ptolemy.moml.MoMLSimpleApplication@1a11eba3
reloadAllAccessors: .SubscriptionAggregator3

===========================================================================================
----------------- testing Sun Jun 27 17:25:05 UTC 2021 /home/travis/build/icyphy/ptII/ptolemy/actor/lib/test/auto/SubscriptionAggregatorMultiply.xml
----------------- Instantiating /home/travis/build/icyphy/ptII/ptolemy/actor/lib/test/auto/SubscriptionAggregatorMultiply.xml
7 ms. Memory: 552960K Free: 374386K (68%)
----------------- Invoking toplevel() on ptolemy.moml.MoMLSimpleApplication@9aaaef0
----------------- Done invoking toplevel() on ptolemy.moml.MoMLSimpleApplication@9aaaef0
reloadAllAccessors: .SubscriptionAggregatorMultiply

===========================================================================================
----------------- testing Sun Jun 27 17:25:05 UTC 2021 /home/travis/build/icyphy/ptII/ptolemy/actor/lib/test/auto/SubscriptionAggregatorPortMultiply1.xml
----------------- Instantiating /home/travis/build/icyphy/ptII/ptolemy/actor/lib/test/auto/SubscriptionAggregatorPortMultiply1.xml
3 ms. Memory: 552960K Free: 366704K (66%)
----------------- Invoking toplevel() on ptolemy.moml.MoMLSimpleApplication@7b93d6cc
----------------- Done invoking toplevel() on ptolemy.moml.MoMLSimpleApplication@7b93d6cc
reloadAllAccessors: .SubscriptionAggregatorPortMultiply1

===========================================================================================
----------------- testing Sun Jun 27 17:25:05 UTC 2021 /home/travis/build/icyphy/ptII/ptolemy/actor/lib/test/auto/Switch.xml
----------------- Instantiating /home/travis/build/icyphy/ptII/ptolemy/actor/lib/test/auto/Switch.xml
7 ms. Memory: 552960K Free: 358512K (65%)
----------------- Invoking toplevel() on ptolemy.moml.MoMLSimpleApplication@6b2e93cf
----------------- Done invoking toplevel() on ptolemy.moml.MoMLSimpleApplication@6b2e93cf
reloadAllAccessors: .Switch

===========================================================================================
----------------- testing Sun Jun 27 17:25:05 UTC 2021 /home/travis/build/icyphy/ptII/ptolemy/actor/lib/test/auto/Switch2.xml
----------------- Instantiating /home/travis/build/icyphy/ptII/ptolemy/actor/lib/test/auto/Switch2.xml
1 ms. Memory: 552960K Free: 353392K (64%)
----------------- Invoking toplevel() on ptolemy.moml.MoMLSimpleApplication@5df452f4
----------------- Done invoking toplevel() on ptolemy.moml.MoMLSimpleApplication@5df452f4
reloadAllAccessors: .Switch2

===========================================================================================
----------------- testing Sun Jun 27 17:25:05 UTC 2021 /home/travis/build/icyphy/ptII/ptolemy/actor/lib/test/auto/SwitchDE.xml
----------------- Instantiating /home/travis/build/icyphy/ptII/ptolemy/actor/lib/test/auto/SwitchDE.xml
4 ms. Memory: 552960K Free: 347217K (63%)
----------------- Invoking toplevel() on ptolemy.moml.MoMLSimpleApplication@ae0729
----------------- Done invoking toplevel() on ptolemy.moml.MoMLSimpleApplication@ae0729
reloadAllAccessors: .SwitchDE

===========================================================================================
----------------- testing Sun Jun 27 17:25:05 UTC 2021 /home/travis/build/icyphy/ptII/ptolemy/actor/lib/test/auto/SynchronizerDE.xml
----------------- Instantiating /home/travis/build/icyphy/ptII/ptolemy/actor/lib/test/auto/SynchronizerDE.xml
6 ms. Memory: 552960K Free: 339025K (61%)
----------------- Invoking toplevel() on ptolemy.moml.MoMLSimpleApplication@5118e555
----------------- Done invoking toplevel() on ptolemy.moml.MoMLSimpleApplication@5118e555
reloadAllAccessors: .SynchronizerDE

===========================================================================================
----------------- testing Sun Jun 27 17:25:05 UTC 2021 /home/travis/build/icyphy/ptII/ptolemy/actor/lib/test/auto/Test.xml
----------------- Instantiating /home/travis/build/icyphy/ptII/ptolemy/actor/lib/test/auto/Test.xml
1 ms. Memory: 552960K Free: 333426K (60%)
----------------- Invoking toplevel() on ptolemy.moml.MoMLSimpleApplication@1f7a80a6
----------------- Done invoking toplevel() on ptolemy.moml.MoMLSimpleApplication@1f7a80a6
reloadAllAccessors: .Test

===========================================================================================
----------------- testing Sun Jun 27 17:25:05 UTC 2021 /home/travis/build/icyphy/ptII/ptolemy/actor/lib/test/auto/TestExceptionAttribute1.xml
----------------- Instantiating /home/travis/build/icyphy/ptII/ptolemy/actor/lib/test/auto/TestExceptionAttribute1.xml
1 ms. Memory: 552960K Free: 329840K (60%)
----------------- Invoking toplevel() on ptolemy.moml.MoMLSimpleApplication@7797146a
----------------- Done invoking toplevel() on ptolemy.moml.MoMLSimpleApplication@7797146a
reloadAllAccessors: .TestExceptionAttribute1

===========================================================================================
----------------- testing Sun Jun 27 17:25:05 UTC 2021 /home/travis/build/icyphy/ptII/ptolemy/actor/lib/test/auto/TestExceptionAttribute2.xml
----------------- Instantiating /home/travis/build/icyphy/ptII/ptolemy/actor/lib/test/auto/TestExceptionAttribute2.xml
1 ms. Memory: 552960K Free: 326258K (59%)
----------------- Invoking toplevel() on ptolemy.moml.MoMLSimpleApplication@71d82c89
----------------- Done invoking toplevel() on ptolemy.moml.MoMLSimpleApplication@71d82c89
reloadAllAccessors: .TestExceptionAttribute2

===========================================================================================
----------------- testing Sun Jun 27 17:25:05 UTC 2021 /home/travis/build/icyphy/ptII/ptolemy/actor/lib/test/auto/TestExceptionAttribute3.xml
----------------- Instantiating /home/travis/build/icyphy/ptII/ptolemy/actor/lib/test/auto/TestExceptionAttribute3.xml
.TestExceptionAttribute3.TestExceptionAttribute: initialize() was not invoked, but wrapup() was.  This is unusual, but not always a problem.  For example, exporting JNLP will do this.
1 ms. Memory: 552960K Free: 322162K (58%)
----------------- Invoking toplevel() on ptolemy.moml.MoMLSimpleApplication@4dbb92be
----------------- Done invoking toplevel() on ptolemy.moml.MoMLSimpleApplication@4dbb92be
reloadAllAccessors: .TestExceptionAttribute3

===========================================================================================
----------------- testing Sun Jun 27 17:25:05 UTC 2021 /home/travis/build/icyphy/ptII/ptolemy/actor/lib/test/auto/TestExceptionAttribute4.xml
----------------- Instantiating /home/travis/build/icyphy/ptII/ptolemy/actor/lib/test/auto/TestExceptionAttribute4.xml
.TestExceptionAttribute4.TestExceptionAttribute: initialize() was not invoked, but wrapup() was.  This is unusual, but not always a problem.  For example, exporting JNLP will do this.
.TestExceptionAttribute4.TestExceptionAttribute2: initialize() was not invoked, but wrapup() was.  This is unusual, but not always a problem.  For example, exporting JNLP will do this.
0 ms. Memory: 552960K Free: 318066K (58%)
----------------- Invoking toplevel() on ptolemy.moml.MoMLSimpleApplication@284a0779
----------------- Done invoking toplevel() on ptolemy.moml.MoMLSimpleApplication@284a0779
reloadAllAccessors: .TestExceptionAttribute4

===========================================================================================
----------------- testing Sun Jun 27 17:25:05 UTC 2021 /home/travis/build/icyphy/ptII/ptolemy/actor/lib/test/auto/TestExceptionHandler1.xml
----------------- Instantiating /home/travis/build/icyphy/ptII/ptolemy/actor/lib/test/auto/TestExceptionHandler1.xml
1 ms. Memory: 552960K Free: 314480K (57%)
----------------- Invoking toplevel() on ptolemy.moml.MoMLSimpleApplication@5ddcab2
----------------- Done invoking toplevel() on ptolemy.moml.MoMLSimpleApplication@5ddcab2
reloadAllAccessors: .TestExceptionHandler1

===========================================================================================
----------------- testing Sun Jun 27 17:25:05 UTC 2021 /home/travis/build/icyphy/ptII/ptolemy/actor/lib/test/auto/TestExceptionHandler2.xml
----------------- Instantiating /home/travis/build/icyphy/ptII/ptolemy/actor/lib/test/auto/TestExceptionHandler2.xml
1 ms. Memory: 552960K Free: 310898K (56%)
----------------- Invoking toplevel() on ptolemy.moml.MoMLSimpleApplication@74135f56
----------------- Done invoking toplevel() on ptolemy.moml.MoMLSimpleApplication@74135f56
reloadAllAccessors: .TestExceptionHandler2

===========================================================================================
----------------- testing Sun Jun 27 17:25:05 UTC 2021 /home/travis/build/icyphy/ptII/ptolemy/actor/lib/test/auto/TestExceptionHandler3.xml
----------------- Instantiating /home/travis/build/icyphy/ptII/ptolemy/actor/lib/test/auto/TestExceptionHandler3.xml
1 ms. Memory: 552960K Free: 306802K (55%)
----------------- Invoking toplevel() on ptolemy.moml.MoMLSimpleApplication@28fc54c
----------------- Done invoking toplevel() on ptolemy.moml.MoMLSimpleApplication@28fc54c
reloadAllAccessors: .TestExceptionHandler3

===========================================================================================
----------------- testing Sun Jun 27 17:25:05 UTC 2021 /home/travis/build/icyphy/ptII/ptolemy/actor/lib/test/auto/TestExceptionHandler4.xml
----------------- Instantiating /home/travis/build/icyphy/ptII/ptolemy/actor/lib/test/auto/TestExceptionHandler4.xml
0 ms. Memory: 552960K Free: 302706K (55%)
----------------- Invoking toplevel() on ptolemy.moml.MoMLSimpleApplication@37c53b6e
----------------- Done invoking toplevel() on ptolemy.moml.MoMLSimpleApplication@37c53b6e
reloadAllAccessors: .TestExceptionHandler4

===========================================================================================
----------------- testing Sun Jun 27 17:25:05 UTC 2021 /home/travis/build/icyphy/ptII/ptolemy/actor/lib/test/auto/TestRequireCorrectOrder.xml
----------------- Instantiating /home/travis/build/icyphy/ptII/ptolemy/actor/lib/test/auto/TestRequireCorrectOrder.xml
6 ms. Memory: 552960K Free: 297586K (54%)
----------------- Invoking toplevel() on ptolemy.moml.MoMLSimpleApplication@36d86e8a
----------------- Done invoking toplevel() on ptolemy.moml.MoMLSimpleApplication@36d86e8a
reloadAllAccessors: .TestRequireCorrectOrder

===========================================================================================
----------------- testing Sun Jun 27 17:25:05 UTC 2021 /home/travis/build/icyphy/ptII/ptolemy/actor/lib/test/auto/TestSimple.xml
----------------- Instantiating /home/travis/build/icyphy/ptII/ptolemy/actor/lib/test/auto/TestSimple.xml
2 ms. Memory: 552960K Free: 292976K (53%)
----------------- Invoking toplevel() on ptolemy.moml.MoMLSimpleApplication@60a7d6c2
----------------- Done invoking toplevel() on ptolemy.moml.MoMLSimpleApplication@60a7d6c2
reloadAllAccessors: .TestSimple

===========================================================================================
----------------- testing Sun Jun 27 17:25:05 UTC 2021 /home/travis/build/icyphy/ptII/ptolemy/actor/lib/test/auto/ThrowModelError.xml
----------------- Instantiating /home/travis/build/icyphy/ptII/ptolemy/actor/lib/test/auto/ThrowModelError.xml
1 ms. Memory: 552960K Free: 288370K (52%)
----------------- Invoking toplevel() on ptolemy.moml.MoMLSimpleApplication@1ab15bb4
----------------- Done invoking toplevel() on ptolemy.moml.MoMLSimpleApplication@1ab15bb4
reloadAllAccessors: .ThrowModelError

===========================================================================================
----------------- testing Sun Jun 27 17:25:05 UTC 2021 /home/travis/build/icyphy/ptII/ptolemy/actor/lib/test/auto/TimeDelayMicrosteps.xml
----------------- Instantiating /home/travis/build/icyphy/ptII/ptolemy/actor/lib/test/auto/TimeDelayMicrosteps.xml
2 ms. Memory: 552960K Free: 281697K (51%)
----------------- Invoking toplevel() on ptolemy.moml.MoMLSimpleApplication@41323566
----------------- Done invoking toplevel() on ptolemy.moml.MoMLSimpleApplication@41323566
reloadAllAccessors: .TimeDelayMicrosteps

===========================================================================================
----------------- testing Sun Jun 27 17:25:05 UTC 2021 /home/travis/build/icyphy/ptII/ptolemy/actor/lib/test/auto/TimeDelayMicrosteps2.xml
----------------- Instantiating /home/travis/build/icyphy/ptII/ptolemy/actor/lib/test/auto/TimeDelayMicrosteps2.xml
2 ms. Memory: 552960K Free: 274034K (50%)
----------------- Invoking toplevel() on ptolemy.moml.MoMLSimpleApplication@37d8b16e
----------------- Done invoking toplevel() on ptolemy.moml.MoMLSimpleApplication@37d8b16e
reloadAllAccessors: .TimeDelayMicrosteps2

===========================================================================================
----------------- testing Sun Jun 27 17:25:05 UTC 2021 /home/travis/build/icyphy/ptII/ptolemy/actor/lib/test/auto/TimeDelayMicrosteps3.xml
----------------- Instantiating /home/travis/build/icyphy/ptII/ptolemy/actor/lib/test/auto/TimeDelayMicrosteps3.xml
2 ms. Memory: 552960K Free: 267345K (48%)
----------------- Invoking toplevel() on ptolemy.moml.MoMLSimpleApplication@32226491
----------------- Done invoking toplevel() on ptolemy.moml.MoMLSimpleApplication@32226491
reloadAllAccessors: .TimeDelayMicrosteps3

===========================================================================================
----------------- testing Sun Jun 27 17:25:05 UTC 2021 /home/travis/build/icyphy/ptII/ptolemy/actor/lib/test/auto/TimeDelayVariableMicrosteps.xml
----------------- Instantiating /home/travis/build/icyphy/ptII/ptolemy/actor/lib/test/auto/TimeDelayVariableMicrosteps.xml
3 ms. Memory: 552960K Free: 260722K (47%)
----------------- Invoking toplevel() on ptolemy.moml.MoMLSimpleApplication@75e80318
----------------- Done invoking toplevel() on ptolemy.moml.MoMLSimpleApplication@75e80318
reloadAllAccessors: .TimeDelayVariableMicrosteps

===========================================================================================
----------------- testing Sun Jun 27 17:25:05 UTC 2021 /home/travis/build/icyphy/ptII/ptolemy/actor/lib/test/auto/TimeGap.xml
----------------- Instantiating /home/travis/build/icyphy/ptII/ptolemy/actor/lib/test/auto/TimeGap.xml
3 ms. Memory: 552960K Free: 255073K (46%)
----------------- Invoking toplevel() on ptolemy.moml.MoMLSimpleApplication@e98bed2
----------------- Done invoking toplevel() on ptolemy.moml.MoMLSimpleApplication@e98bed2
reloadAllAccessors: .TimeGap

===========================================================================================
----------------- testing Sun Jun 27 17:25:05 UTC 2021 /home/travis/build/icyphy/ptII/ptolemy/actor/lib/test/auto/TimeGap2.xml
----------------- Instantiating /home/travis/build/icyphy/ptII/ptolemy/actor/lib/test/auto/TimeGap2.xml
1 ms. Memory: 552960K Free: 249458K (45%)
----------------- Invoking toplevel() on ptolemy.moml.MoMLSimpleApplication@537fffb4
----------------- Done invoking toplevel() on ptolemy.moml.MoMLSimpleApplication@537fffb4
reloadAllAccessors: .TimeGap2

===========================================================================================
----------------- testing Sun Jun 27 17:25:05 UTC 2021 /home/travis/build/icyphy/ptII/ptolemy/actor/lib/test/auto/TimedSinewave.xml
----------------- Instantiating /home/travis/build/icyphy/ptII/ptolemy/actor/lib/test/auto/TimedSinewave.xml
22 ms. Memory: 552960K Free: 235122K (43%)
----------------- Invoking toplevel() on ptolemy.moml.MoMLSimpleApplication@1081103f
----------------- Done invoking toplevel() on ptolemy.moml.MoMLSimpleApplication@1081103f
reloadAllAccessors: .TimedSinewave

===========================================================================================
----------------- testing Sun Jun 27 17:25:05 UTC 2021 /home/travis/build/icyphy/ptII/ptolemy/actor/lib/test/auto/TimedSinewavePhase.xml
----------------- Instantiating /home/travis/build/icyphy/ptII/ptolemy/actor/lib/test/auto/TimedSinewavePhase.xml
8 ms. Memory: 552960K Free: 224882K (41%)
----------------- Invoking toplevel() on ptolemy.moml.MoMLSimpleApplication@b1ff81d
----------------- Done invoking toplevel() on ptolemy.moml.MoMLSimpleApplication@b1ff81d
reloadAllAccessors: .TimedSinewavePhase

===========================================================================================
----------------- testing Sun Jun 27 17:25:05 UTC 2021 /home/travis/build/icyphy/ptII/ptolemy/actor/lib/test/auto/Timer.xml
----------------- Instantiating /home/travis/build/icyphy/ptII/ptolemy/actor/lib/test/auto/Timer.xml
4 ms. Memory: 552960K Free: 219241K (40%)
----------------- Invoking toplevel() on ptolemy.moml.MoMLSimpleApplication@4e6e734
----------------- Done invoking toplevel() on ptolemy.moml.MoMLSimpleApplication@4e6e734
reloadAllAccessors: .Timer

===========================================================================================
----------------- testing Sun Jun 27 17:25:05 UTC 2021 /home/travis/build/icyphy/ptII/ptolemy/actor/lib/test/auto/TriangularDistTestModel.xml
----------------- Instantiating /home/travis/build/icyphy/ptII/ptolemy/actor/lib/test/auto/TriangularDistTestModel.xml
2 ms. Memory: 552960K Free: 213618K (39%)
----------------- Invoking toplevel() on ptolemy.moml.MoMLSimpleApplication@773e64fb
----------------- Done invoking toplevel() on ptolemy.moml.MoMLSimpleApplication@773e64fb
reloadAllAccessors: .TriangularDistTestModel

===========================================================================================
----------------- testing Sun Jun 27 17:25:05 UTC 2021 /home/travis/build/icyphy/ptII/ptolemy/actor/lib/test/auto/TrigFunction.xml
----------------- Instantiating /home/travis/build/icyphy/ptII/ptolemy/actor/lib/test/auto/TrigFunction.xml
1 ms. Memory: 552960K Free: 208498K (38%)
----------------- Invoking toplevel() on ptolemy.moml.MoMLSimpleApplication@45787781
----------------- Done invoking toplevel() on ptolemy.moml.MoMLSimpleApplication@45787781
reloadAllAccessors: .TrigFunction

===========================================================================================
----------------- testing Sun Jun 27 17:25:05 UTC 2021 /home/travis/build/icyphy/ptII/ptolemy/actor/lib/test/auto/TrigFunctionDE.xml
----------------- Instantiating /home/travis/build/icyphy/ptII/ptolemy/actor/lib/test/auto/TrigFunctionDE.xml
2 ms. Memory: 552960K Free: 202864K (37%)
----------------- Invoking toplevel() on ptolemy.moml.MoMLSimpleApplication@382ad173
----------------- Done invoking toplevel() on ptolemy.moml.MoMLSimpleApplication@382ad173
reloadAllAccessors: .TrigFunctionDE

===========================================================================================
----------------- testing Sun Jun 27 17:25:05 UTC 2021 /home/travis/build/icyphy/ptII/ptolemy/actor/lib/test/auto/TrigFunctionInverse.xml
----------------- Instantiating /home/travis/build/icyphy/ptII/ptolemy/actor/lib/test/auto/TrigFunctionInverse.xml
2 ms. Memory: 552960K Free: 197744K (36%)
----------------- Invoking toplevel() on ptolemy.moml.MoMLSimpleApplication@524caab6
----------------- Done invoking toplevel() on ptolemy.moml.MoMLSimpleApplication@524caab6
reloadAllAccessors: .TrigFunctionInverse

===========================================================================================
----------------- testing Sun Jun 27 17:25:05 UTC 2021 /home/travis/build/icyphy/ptII/ptolemy/actor/lib/test/auto/TrigFunctionTan.xml
----------------- Instantiating /home/travis/build/icyphy/ptII/ptolemy/actor/lib/test/auto/TrigFunctionTan.xml
2 ms. Memory: 552960K Free: 192624K (35%)
----------------- Invoking toplevel() on ptolemy.moml.MoMLSimpleApplication@74a2fc9
----------------- Done invoking toplevel() on ptolemy.moml.MoMLSimpleApplication@74a2fc9
reloadAllAccessors: .TrigFunctionTan

===========================================================================================
----------------- testing Sun Jun 27 17:25:05 UTC 2021 /home/travis/build/icyphy/ptII/ptolemy/actor/lib/test/auto/TriggeredClock.xml
----------------- Instantiating /home/travis/build/icyphy/ptII/ptolemy/actor/lib/test/auto/TriggeredClock.xml
1 ms. Memory: 552960K Free: 187489K (34%)
----------------- Invoking toplevel() on ptolemy.moml.MoMLSimpleApplication@61bf03f0
----------------- Done invoking toplevel() on ptolemy.moml.MoMLSimpleApplication@61bf03f0
reloadAllAccessors: .TriggeredClock

===========================================================================================
----------------- testing Sun Jun 27 17:25:05 UTC 2021 /home/travis/build/icyphy/ptII/ptolemy/actor/lib/test/auto/URLDirectoryReader.xml
----------------- Instantiating /home/travis/build/icyphy/ptII/ptolemy/actor/lib/test/auto/URLDirectoryReader.xml
72 ms. Memory: 552960K Free: 497220K (90%)
----------------- Invoking toplevel() on ptolemy.moml.MoMLSimpleApplication@44ae351a
----------------- Done invoking toplevel() on ptolemy.moml.MoMLSimpleApplication@44ae351a
reloadAllAccessors: .URLDirectoryReader

===========================================================================================
----------------- testing Sun Jun 27 17:25:06 UTC 2021 /home/travis/build/icyphy/ptII/ptolemy/actor/lib/test/auto/URLDirectoryReader3.xml
----------------- Instantiating /home/travis/build/icyphy/ptII/ptolemy/actor/lib/test/auto/URLDirectoryReader3.xml
1144 ms. Memory: 552960K Free: 493252K (89%)
----------------- Invoking toplevel() on ptolemy.moml.MoMLSimpleApplication@6e3e4a2
----------------- Done invoking toplevel() on ptolemy.moml.MoMLSimpleApplication@6e3e4a2
reloadAllAccessors: .URLDirectoryReader3

===========================================================================================
----------------- testing Sun Jun 27 17:25:07 UTC 2021 /home/travis/build/icyphy/ptII/ptolemy/actor/lib/test/auto/UnaryMathFunction.xml
----------------- Instantiating /home/travis/build/icyphy/ptII/ptolemy/actor/lib/test/auto/UnaryMathFunction.xml
4 ms. Memory: 552960K Free: 485060K (88%)
----------------- Invoking toplevel() on ptolemy.moml.MoMLSimpleApplication@2ebc51ee
----------------- Done invoking toplevel() on ptolemy.moml.MoMLSimpleApplication@2ebc51ee
reloadAllAccessors: .UnaryMathFunction

===========================================================================================
----------------- testing Sun Jun 27 17:25:07 UTC 2021 /home/travis/build/icyphy/ptII/ptolemy/actor/lib/test/auto/Uniform.xml
----------------- Instantiating /home/travis/build/icyphy/ptII/ptolemy/actor/lib/test/auto/Uniform.xml
1 ms. Memory: 552960K Free: 479426K (87%)
----------------- Invoking toplevel() on ptolemy.moml.MoMLSimpleApplication@2f2423d
----------------- Done invoking toplevel() on ptolemy.moml.MoMLSimpleApplication@2f2423d
reloadAllAccessors: .Uniform

===========================================================================================
----------------- testing Sun Jun 27 17:25:07 UTC 2021 /home/travis/build/icyphy/ptII/ptolemy/actor/lib/test/auto/UnionDisassemblerTest.xml
----------------- Instantiating /home/travis/build/icyphy/ptII/ptolemy/actor/lib/test/auto/UnionDisassemblerTest.xml
7 ms. Memory: 552960K Free: 475316K (86%)
----------------- Invoking toplevel() on ptolemy.moml.MoMLSimpleApplication@172d7e16
----------------- Done invoking toplevel() on ptolemy.moml.MoMLSimpleApplication@172d7e16
reloadAllAccessors: .UnionDisassemblerTest

===========================================================================================
----------------- testing Sun Jun 27 17:25:07 UTC 2021 /home/travis/build/icyphy/ptII/ptolemy/actor/lib/test/auto/UtilityFunctions.xml
----------------- Instantiating /home/travis/build/icyphy/ptII/ptolemy/actor/lib/test/auto/UtilityFunctions.xml
1 ms. Memory: 552960K Free: 471234K (85%)
----------------- Invoking toplevel() on ptolemy.moml.MoMLSimpleApplication@4ce90ec0
----------------- Done invoking toplevel() on ptolemy.moml.MoMLSimpleApplication@4ce90ec0
reloadAllAccessors: .UtilityFunctions

===========================================================================================
----------------- testing Sun Jun 27 17:25:07 UTC 2021 /home/travis/build/icyphy/ptII/ptolemy/actor/lib/test/auto/VariableSleep.xml
----------------- Instantiating /home/travis/build/icyphy/ptII/ptolemy/actor/lib/test/auto/VariableSleep.xml
503 ms. Memory: 552960K Free: 466114K (84%)
----------------- Invoking toplevel() on ptolemy.moml.MoMLSimpleApplication@5e42a85c
----------------- Done invoking toplevel() on ptolemy.moml.MoMLSimpleApplication@5e42a85c
reloadAllAccessors: .VariableSleep

===========================================================================================
----------------- testing Sun Jun 27 17:25:08 UTC 2021 /home/travis/build/icyphy/ptII/ptolemy/actor/lib/test/auto/VectorAssemblerDisassemblerCT.xml
----------------- Instantiating /home/travis/build/icyphy/ptII/ptolemy/actor/lib/test/auto/VectorAssemblerDisassemblerCT.xml
75 ms. Memory: 552960K Free: 445634K (81%)
----------------- Invoking toplevel() on ptolemy.moml.MoMLSimpleApplication@23719146
----------------- Done invoking toplevel() on ptolemy.moml.MoMLSimpleApplication@23719146
reloadAllAccessors: .VectorAssemblerDisassemblerCT

===========================================================================================
----------------- testing Sun Jun 27 17:25:08 UTC 2021 /home/travis/build/icyphy/ptII/ptolemy/actor/lib/test/auto/VectorAssemblerDisassemblerDE.xml
----------------- Instantiating /home/travis/build/icyphy/ptII/ptolemy/actor/lib/test/auto/VectorAssemblerDisassemblerDE.xml
4 ms. Memory: 552960K Free: 438466K (79%)
----------------- Invoking toplevel() on ptolemy.moml.MoMLSimpleApplication@c0f75be
----------------- Done invoking toplevel() on ptolemy.moml.MoMLSimpleApplication@c0f75be
reloadAllAccessors: .VectorAssemblerDisassemblerDE

===========================================================================================
----------------- testing Sun Jun 27 17:25:08 UTC 2021 /home/travis/build/icyphy/ptII/ptolemy/actor/lib/test/auto/VectorAssemblerDisassemblerSDF.xml
----------------- Instantiating /home/travis/build/icyphy/ptII/ptolemy/actor/lib/test/auto/VectorAssemblerDisassemblerSDF.xml
3 ms. Memory: 552960K Free: 431812K (78%)
----------------- Invoking toplevel() on ptolemy.moml.MoMLSimpleApplication@63fc880f
----------------- Done invoking toplevel() on ptolemy.moml.MoMLSimpleApplication@63fc880f
reloadAllAccessors: .VectorAssemblerDisassemblerSDF

===========================================================================================
----------------- testing Sun Jun 27 17:25:08 UTC 2021 /home/travis/build/icyphy/ptII/ptolemy/actor/lib/test/auto/WallClockTime.xml
----------------- Instantiating /home/travis/build/icyphy/ptII/ptolemy/actor/lib/test/auto/WallClockTime.xml
1004 ms. Memory: 552960K Free: 426178K (77%)
----------------- Invoking toplevel() on ptolemy.moml.MoMLSimpleApplication@546b9d51
----------------- Done invoking toplevel() on ptolemy.moml.MoMLSimpleApplication@546b9d51
reloadAllAccessors: .WallClockTime

===========================================================================================
----------------- testing Sun Jun 27 17:25:09 UTC 2021 /home/travis/build/icyphy/ptII/ptolemy/actor/lib/test/auto/WidthTestWithSubscriberPublisher.xml
----------------- Instantiating /home/travis/build/icyphy/ptII/ptolemy/actor/lib/test/auto/WidthTestWithSubscriberPublisher.xml
7 ms. Memory: 552960K Free: 408260K (74%)
----------------- Invoking toplevel() on ptolemy.moml.MoMLSimpleApplication@7785fc25
----------------- Done invoking toplevel() on ptolemy.moml.MoMLSimpleApplication@7785fc25
reloadAllAccessors: .WidthTestWithSubscriberPublisher

===========================================================================================
----------------- testing Sun Jun 27 17:25:09 UTC 2021 /home/travis/build/icyphy/ptII/ptolemy/actor/lib/test/auto/WidthTestWithSubscriberPublisher2.xml
----------------- Instantiating /home/travis/build/icyphy/ptII/ptolemy/actor/lib/test/auto/WidthTestWithSubscriberPublisher2.xml
2 ms. Memory: 552960K Free: 401602K (73%)
----------------- Invoking toplevel() on ptolemy.moml.MoMLSimpleApplication@68c89bf6
----------------- Done invoking toplevel() on ptolemy.moml.MoMLSimpleApplication@68c89bf6
reloadAllAccessors: .WidthTestWithSubscriberPublisher2

===========================================================================================
----------------- testing Sun Jun 27 17:25:09 UTC 2021 /home/travis/build/icyphy/ptII/ptolemy/actor/lib/test/auto/WidthTestWithSubscriberPublisher3.xml
----------------- Instantiating /home/travis/build/icyphy/ptII/ptolemy/actor/lib/test/auto/WidthTestWithSubscriberPublisher3.xml
2 ms. Memory: 552960K Free: 395458K (72%)
----------------- Invoking toplevel() on ptolemy.moml.MoMLSimpleApplication@6ef1de4e
----------------- Done invoking toplevel() on ptolemy.moml.MoMLSimpleApplication@6ef1de4e
reloadAllAccessors: .WidthTestWithSubscriberPublisher3

===========================================================================================
----------------- testing Sun Jun 27 17:25:09 UTC 2021 /home/travis/build/icyphy/ptII/ptolemy/actor/lib/test/auto/Writer.xml
----------------- Instantiating /home/travis/build/icyphy/ptII/ptolemy/actor/lib/test/auto/Writer.xml
0
1
2
3
4
1 ms. Memory: 552960K Free: 391356K (71%)
----------------- Invoking toplevel() on ptolemy.moml.MoMLSimpleApplication@65426b0d
----------------- Done invoking toplevel() on ptolemy.moml.MoMLSimpleApplication@65426b0d
reloadAllAccessors: .Writer

===========================================================================================
----------------- testing Sun Jun 27 17:25:09 UTC 2021 /home/travis/build/icyphy/ptII/ptolemy/actor/lib/test/auto/array.xml
----------------- Instantiating /home/travis/build/icyphy/ptII/ptolemy/actor/lib/test/auto/array.xml
2 ms. Memory: 552960K Free: 386756K (70%)
----------------- Invoking toplevel() on ptolemy.moml.MoMLSimpleApplication@2d5e316f
----------------- Done invoking toplevel() on ptolemy.moml.MoMLSimpleApplication@2d5e316f
reloadAllAccessors: .array

===========================================================================================
----------------- testing Sun Jun 27 17:25:09 UTC 2021 /home/travis/build/icyphy/ptII/ptolemy/actor/lib/test/auto/array2.xml
----------------- Instantiating /home/travis/build/icyphy/ptII/ptolemy/actor/lib/test/auto/array2.xml
4 ms. Memory: 552960K Free: 381108K (69%)
----------------- Invoking toplevel() on ptolemy.moml.MoMLSimpleApplication@3b9dbfbe
----------------- Done invoking toplevel() on ptolemy.moml.MoMLSimpleApplication@3b9dbfbe
reloadAllAccessors: .array2

===========================================================================================
----------------- testing Sun Jun 27 17:25:09 UTC 2021 /home/travis/build/icyphy/ptII/ptolemy/actor/lib/test/auto/arrayType.xml
----------------- Instantiating /home/travis/build/icyphy/ptII/ptolemy/actor/lib/test/auto/arrayType.xml
1 ms. Memory: 552960K Free: 376002K (68%)
----------------- Invoking toplevel() on ptolemy.moml.MoMLSimpleApplication@2fe53fd5
----------------- Done invoking toplevel() on ptolemy.moml.MoMLSimpleApplication@2fe53fd5
reloadAllAccessors: .arrayType

===========================================================================================
----------------- testing Sun Jun 27 17:25:09 UTC 2021 /home/travis/build/icyphy/ptII/ptolemy/actor/lib/test/auto/arrayType10.xml
----------------- Instantiating /home/travis/build/icyphy/ptII/ptolemy/actor/lib/test/auto/arrayType10.xml
1 ms. Memory: 552960K Free: 371396K (67%)
----------------- Invoking toplevel() on ptolemy.moml.MoMLSimpleApplication@7d5c70b1
----------------- Done invoking toplevel() on ptolemy.moml.MoMLSimpleApplication@7d5c70b1
reloadAllAccessors: .arrayType10

===========================================================================================
----------------- testing Sun Jun 27 17:25:09 UTC 2021 /home/travis/build/icyphy/ptII/ptolemy/actor/lib/test/auto/arrayType11.xml
----------------- Instantiating /home/travis/build/icyphy/ptII/ptolemy/actor/lib/test/auto/arrayType11.xml
2 ms. Memory: 552960K Free: 366276K (66%)
----------------- Invoking toplevel() on ptolemy.moml.MoMLSimpleApplication@6b2411ba
----------------- Done invoking toplevel() on ptolemy.moml.MoMLSimpleApplication@6b2411ba
reloadAllAccessors: .arrayType11

===========================================================================================
----------------- testing Sun Jun 27 17:25:09 UTC 2021 /home/travis/build/icyphy/ptII/ptolemy/actor/lib/test/auto/arrayType12.xml
----------------- Instantiating /home/travis/build/icyphy/ptII/ptolemy/actor/lib/test/auto/arrayType12.xml
1 ms. Memory: 552960K Free: 361666K (65%)
----------------- Invoking toplevel() on ptolemy.moml.MoMLSimpleApplication@149e0747
----------------- Done invoking toplevel() on ptolemy.moml.MoMLSimpleApplication@149e0747
reloadAllAccessors: .arrayType12

===========================================================================================
----------------- testing Sun Jun 27 17:25:09 UTC 2021 /home/travis/build/icyphy/ptII/ptolemy/actor/lib/test/auto/arrayType13.xml
----------------- Instantiating /home/travis/build/icyphy/ptII/ptolemy/actor/lib/test/auto/arrayType13.xml
2 ms. Memory: 552960K Free: 356546K (64%)
----------------- Invoking toplevel() on ptolemy.moml.MoMLSimpleApplication@20dbd132
----------------- Done invoking toplevel() on ptolemy.moml.MoMLSimpleApplication@20dbd132
reloadAllAccessors: .arrayType13

===========================================================================================
----------------- testing Sun Jun 27 17:25:09 UTC 2021 /home/travis/build/icyphy/ptII/ptolemy/actor/lib/test/auto/arrayType14.xml
----------------- Instantiating /home/travis/build/icyphy/ptII/ptolemy/actor/lib/test/auto/arrayType14.xml
1 ms. Memory: 552960K Free: 350916K (63%)
----------------- Invoking toplevel() on ptolemy.moml.MoMLSimpleApplication@44fa2f2c
----------------- Done invoking toplevel() on ptolemy.moml.MoMLSimpleApplication@44fa2f2c
reloadAllAccessors: .arrayType14

===========================================================================================
----------------- testing Sun Jun 27 17:25:09 UTC 2021 /home/travis/build/icyphy/ptII/ptolemy/actor/lib/test/auto/arrayType15.xml
----------------- Instantiating /home/travis/build/icyphy/ptII/ptolemy/actor/lib/test/auto/arrayType15.xml
2 ms. Memory: 552960K Free: 345796K (63%)
----------------- Invoking toplevel() on ptolemy.moml.MoMLSimpleApplication@1f0eeb8f
----------------- Done invoking toplevel() on ptolemy.moml.MoMLSimpleApplication@1f0eeb8f
reloadAllAccessors: .arrayType15

===========================================================================================
----------------- testing Sun Jun 27 17:25:09 UTC 2021 /home/travis/build/icyphy/ptII/ptolemy/actor/lib/test/auto/arrayType16.xml
----------------- Instantiating /home/travis/build/icyphy/ptII/ptolemy/actor/lib/test/auto/arrayType16.xml
2 ms. Memory: 552960K Free: 340676K (62%)
----------------- Invoking toplevel() on ptolemy.moml.MoMLSimpleApplication@3bf51217
----------------- Done invoking toplevel() on ptolemy.moml.MoMLSimpleApplication@3bf51217
reloadAllAccessors: .arrayType16

===========================================================================================
----------------- testing Sun Jun 27 17:25:09 UTC 2021 /home/travis/build/icyphy/ptII/ptolemy/actor/lib/test/auto/arrayType17.xml
----------------- Instantiating /home/travis/build/icyphy/ptII/ptolemy/actor/lib/test/auto/arrayType17.xml
1 ms. Memory: 552960K Free: 335042K (61%)
----------------- Invoking toplevel() on ptolemy.moml.MoMLSimpleApplication@76faee0
----------------- Done invoking toplevel() on ptolemy.moml.MoMLSimpleApplication@76faee0
reloadAllAccessors: .arrayType17

===========================================================================================
----------------- testing Sun Jun 27 17:25:09 UTC 2021 /home/travis/build/icyphy/ptII/ptolemy/actor/lib/test/auto/arrayType18.xml
----------------- Instantiating /home/travis/build/icyphy/ptII/ptolemy/actor/lib/test/auto/arrayType18.xml
2 ms. Memory: 552960K Free: 330436K (60%)
----------------- Invoking toplevel() on ptolemy.moml.MoMLSimpleApplication@7cb357bc
----------------- Done invoking toplevel() on ptolemy.moml.MoMLSimpleApplication@7cb357bc
reloadAllAccessors: .arrayType18

===========================================================================================
----------------- testing Sun Jun 27 17:25:09 UTC 2021 /home/travis/build/icyphy/ptII/ptolemy/actor/lib/test/auto/arrayType19.xml
----------------- Instantiating /home/travis/build/icyphy/ptII/ptolemy/actor/lib/test/auto/arrayType19.xml
1 ms. Memory: 552960K Free: 325826K (59%)
----------------- Invoking toplevel() on ptolemy.moml.MoMLSimpleApplication@32c44974
----------------- Done invoking toplevel() on ptolemy.moml.MoMLSimpleApplication@32c44974
reloadAllAccessors: .arrayType19

===========================================================================================
----------------- testing Sun Jun 27 17:25:09 UTC 2021 /home/travis/build/icyphy/ptII/ptolemy/actor/lib/test/auto/arrayType2.xml
----------------- Instantiating /home/travis/build/icyphy/ptII/ptolemy/actor/lib/test/auto/arrayType2.xml
1 ms. Memory: 552960K Free: 320706K (58%)
----------------- Invoking toplevel() on ptolemy.moml.MoMLSimpleApplication@5aba48f6
----------------- Done invoking toplevel() on ptolemy.moml.MoMLSimpleApplication@5aba48f6
reloadAllAccessors: .arrayType2

===========================================================================================
----------------- testing Sun Jun 27 17:25:09 UTC 2021 /home/travis/build/icyphy/ptII/ptolemy/actor/lib/test/auto/arrayType20.xml
----------------- Instantiating /home/travis/build/icyphy/ptII/ptolemy/actor/lib/test/auto/arrayType20.xml
1 ms. Memory: 552960K Free: 315586K (57%)
----------------- Invoking toplevel() on ptolemy.moml.MoMLSimpleApplication@7e1de333
----------------- Done invoking toplevel() on ptolemy.moml.MoMLSimpleApplication@7e1de333
reloadAllAccessors: .arrayType20

===========================================================================================
----------------- testing Sun Jun 27 17:25:09 UTC 2021 /home/travis/build/icyphy/ptII/ptolemy/actor/lib/test/auto/arrayType21.xml
----------------- Instantiating /home/travis/build/icyphy/ptII/ptolemy/actor/lib/test/auto/arrayType21.xml
1 ms. Memory: 552960K Free: 310980K (56%)
----------------- Invoking toplevel() on ptolemy.moml.MoMLSimpleApplication@1c09b265
----------------- Done invoking toplevel() on ptolemy.moml.MoMLSimpleApplication@1c09b265
reloadAllAccessors: .arrayType21

===========================================================================================
----------------- testing Sun Jun 27 17:25:09 UTC 2021 /home/travis/build/icyphy/ptII/ptolemy/actor/lib/test/auto/arrayType22.xml
----------------- Instantiating /home/travis/build/icyphy/ptII/ptolemy/actor/lib/test/auto/arrayType22.xml
1 ms. Memory: 552960K Free: 305860K (55%)
----------------- Invoking toplevel() on ptolemy.moml.MoMLSimpleApplication@1ab56045
----------------- Done invoking toplevel() on ptolemy.moml.MoMLSimpleApplication@1ab56045
reloadAllAccessors: .arrayType22

===========================================================================================
----------------- testing Sun Jun 27 17:25:09 UTC 2021 /home/travis/build/icyphy/ptII/ptolemy/actor/lib/test/auto/arrayType23.xml
----------------- Instantiating /home/travis/build/icyphy/ptII/ptolemy/actor/lib/test/auto/arrayType23.xml
1 ms. Memory: 552960K Free: 301250K (54%)
----------------- Invoking toplevel() on ptolemy.moml.MoMLSimpleApplication@1e435362
----------------- Done invoking toplevel() on ptolemy.moml.MoMLSimpleApplication@1e435362
reloadAllAccessors: .arrayType23

===========================================================================================
----------------- testing Sun Jun 27 17:25:09 UTC 2021 /home/travis/build/icyphy/ptII/ptolemy/actor/lib/test/auto/arrayType24.xml
----------------- Instantiating /home/travis/build/icyphy/ptII/ptolemy/actor/lib/test/auto/arrayType24.xml
1 ms. Memory: 552960K Free: 296644K (54%)
----------------- Invoking toplevel() on ptolemy.moml.MoMLSimpleApplication@337aae2c
----------------- Done invoking toplevel() on ptolemy.moml.MoMLSimpleApplication@337aae2c
reloadAllAccessors: .arrayType24

===========================================================================================
----------------- testing Sun Jun 27 17:25:09 UTC 2021 /home/travis/build/icyphy/ptII/ptolemy/actor/lib/test/auto/arrayType25.xml
----------------- Instantiating /home/travis/build/icyphy/ptII/ptolemy/actor/lib/test/auto/arrayType25.xml
1 ms. Memory: 552960K Free: 291010K (53%)
----------------- Invoking toplevel() on ptolemy.moml.MoMLSimpleApplication@581b1c49
----------------- Done invoking toplevel() on ptolemy.moml.MoMLSimpleApplication@581b1c49
reloadAllAccessors: .arrayType25

===========================================================================================
----------------- testing Sun Jun 27 17:25:09 UTC 2021 /home/travis/build/icyphy/ptII/ptolemy/actor/lib/test/auto/arrayType26.xml
----------------- Instantiating /home/travis/build/icyphy/ptII/ptolemy/actor/lib/test/auto/arrayType26.xml
1 ms. Memory: 552960K Free: 285890K (52%)
----------------- Invoking toplevel() on ptolemy.moml.MoMLSimpleApplication@223c64bd
----------------- Done invoking toplevel() on ptolemy.moml.MoMLSimpleApplication@223c64bd
reloadAllAccessors: .arrayType26

===========================================================================================
----------------- testing Sun Jun 27 17:25:09 UTC 2021 /home/travis/build/icyphy/ptII/ptolemy/actor/lib/test/auto/arrayType27.xml
----------------- Instantiating /home/travis/build/icyphy/ptII/ptolemy/actor/lib/test/auto/arrayType27.xml
2 ms. Memory: 552960K Free: 280260K (51%)
----------------- Invoking toplevel() on ptolemy.moml.MoMLSimpleApplication@7a4a1b20
----------------- Done invoking toplevel() on ptolemy.moml.MoMLSimpleApplication@7a4a1b20
reloadAllAccessors: .arrayType27

===========================================================================================
----------------- testing Sun Jun 27 17:25:09 UTC 2021 /home/travis/build/icyphy/ptII/ptolemy/actor/lib/test/auto/arrayType28.xml
----------------- Instantiating /home/travis/build/icyphy/ptII/ptolemy/actor/lib/test/auto/arrayType28.xml
6 ms. Memory: 552960K Free: 275140K (50%)
----------------- Invoking toplevel() on ptolemy.moml.MoMLSimpleApplication@668b2cad
----------------- Done invoking toplevel() on ptolemy.moml.MoMLSimpleApplication@668b2cad
reloadAllAccessors: .arrayType28

===========================================================================================
----------------- testing Sun Jun 27 17:25:09 UTC 2021 /home/travis/build/icyphy/ptII/ptolemy/actor/lib/test/auto/arrayType3.xml
----------------- Instantiating /home/travis/build/icyphy/ptII/ptolemy/actor/lib/test/auto/arrayType3.xml
1 ms. Memory: 552960K Free: 270020K (49%)
----------------- Invoking toplevel() on ptolemy.moml.MoMLSimpleApplication@6ce06cc
----------------- Done invoking toplevel() on ptolemy.moml.MoMLSimpleApplication@6ce06cc
reloadAllAccessors: .arrayType3

===========================================================================================
----------------- testing Sun Jun 27 17:25:09 UTC 2021 /home/travis/build/icyphy/ptII/ptolemy/actor/lib/test/auto/arrayType4.xml
----------------- Instantiating /home/travis/build/icyphy/ptII/ptolemy/actor/lib/test/auto/arrayType4.xml
2 ms. Memory: 552960K Free: 264386K (48%)
----------------- Invoking toplevel() on ptolemy.moml.MoMLSimpleApplication@11de2875
----------------- Done invoking toplevel() on ptolemy.moml.MoMLSimpleApplication@11de2875
reloadAllAccessors: .arrayType4

===========================================================================================
----------------- testing Sun Jun 27 17:25:09 UTC 2021 /home/travis/build/icyphy/ptII/ptolemy/actor/lib/test/auto/arrayType5.xml
----------------- Instantiating /home/travis/build/icyphy/ptII/ptolemy/actor/lib/test/auto/arrayType5.xml
1 ms. Memory: 552960K Free: 259266K (47%)
----------------- Invoking toplevel() on ptolemy.moml.MoMLSimpleApplication@339a0ef
----------------- Done invoking toplevel() on ptolemy.moml.MoMLSimpleApplication@339a0ef
reloadAllAccessors: .arrayType5

===========================================================================================
----------------- testing Sun Jun 27 17:25:09 UTC 2021 /home/travis/build/icyphy/ptII/ptolemy/actor/lib/test/auto/arrayType6.xml
----------------- Instantiating /home/travis/build/icyphy/ptII/ptolemy/actor/lib/test/auto/arrayType6.xml
1 ms. Memory: 552960K Free: 254146K (46%)
----------------- Invoking toplevel() on ptolemy.moml.MoMLSimpleApplication@79f96d49
----------------- Done invoking toplevel() on ptolemy.moml.MoMLSimpleApplication@79f96d49
reloadAllAccessors: .arrayType6

===========================================================================================
----------------- testing Sun Jun 27 17:25:09 UTC 2021 /home/travis/build/icyphy/ptII/ptolemy/actor/lib/test/auto/arrayType7.xml
----------------- Instantiating /home/travis/build/icyphy/ptII/ptolemy/actor/lib/test/auto/arrayType7.xml
6 ms. Memory: 552960K Free: 249540K (45%)
----------------- Invoking toplevel() on ptolemy.moml.MoMLSimpleApplication@a09dba
----------------- Done invoking toplevel() on ptolemy.moml.MoMLSimpleApplication@a09dba
reloadAllAccessors: .arrayType7

===========================================================================================
----------------- testing Sun Jun 27 17:25:09 UTC 2021 /home/travis/build/icyphy/ptII/ptolemy/actor/lib/test/auto/arrayType8.xml
----------------- Instantiating /home/travis/build/icyphy/ptII/ptolemy/actor/lib/test/auto/arrayType8.xml
1 ms. Memory: 552960K Free: 244930K (44%)
----------------- Invoking toplevel() on ptolemy.moml.MoMLSimpleApplication@422ebf6b
----------------- Done invoking toplevel() on ptolemy.moml.MoMLSimpleApplication@422ebf6b
reloadAllAccessors: .arrayType8

===========================================================================================
----------------- testing Sun Jun 27 17:25:09 UTC 2021 /home/travis/build/icyphy/ptII/ptolemy/actor/lib/test/auto/arrayType9.xml
----------------- Instantiating /home/travis/build/icyphy/ptII/ptolemy/actor/lib/test/auto/arrayType9.xml
1 ms. Memory: 552960K Free: 239810K (43%)
----------------- Invoking toplevel() on ptolemy.moml.MoMLSimpleApplication@14c3a233
----------------- Done invoking toplevel() on ptolemy.moml.MoMLSimpleApplication@14c3a233
reloadAllAccessors: .arrayType9

===========================================================================================
----------------- testing Sun Jun 27 17:25:09 UTC 2021 /home/travis/build/icyphy/ptII/ptolemy/actor/lib/test/auto/cast.xml
----------------- Instantiating /home/travis/build/icyphy/ptII/ptolemy/actor/lib/test/auto/cast.xml
24 ms. Memory: 552960K Free: 235204K (43%)
----------------- Invoking toplevel() on ptolemy.moml.MoMLSimpleApplication@6c01b73f
----------------- Done invoking toplevel() on ptolemy.moml.MoMLSimpleApplication@6c01b73f
reloadAllAccessors: .cast

===========================================================================================
----------------- testing Sun Jun 27 17:25:09 UTC 2021 /home/travis/build/icyphy/ptII/ptolemy/actor/lib/test/auto/compositeMultiPort.xml
----------------- Instantiating /home/travis/build/icyphy/ptII/ptolemy/actor/lib/test/auto/compositeMultiPort.xml
3 ms. Memory: 552960K Free: 225988K (41%)
----------------- Invoking toplevel() on ptolemy.moml.MoMLSimpleApplication@51e1031e
----------------- Done invoking toplevel() on ptolemy.moml.MoMLSimpleApplication@51e1031e
reloadAllAccessors: .compositeMultiPort

===========================================================================================
----------------- testing Sun Jun 27 17:25:09 UTC 2021 /home/travis/build/icyphy/ptII/ptolemy/actor/lib/test/auto/expressionCastInference.xml
----------------- Instantiating /home/travis/build/icyphy/ptII/ptolemy/actor/lib/test/auto/expressionCastInference.xml
2 ms. Memory: 552960K Free: 221378K (40%)
----------------- Invoking toplevel() on ptolemy.moml.MoMLSimpleApplication@2973c172
----------------- Done invoking toplevel() on ptolemy.moml.MoMLSimpleApplication@2973c172
reloadAllAccessors: .expressionCastInference

===========================================================================================
----------------- testing Sun Jun 27 17:25:09 UTC 2021 /home/travis/build/icyphy/ptII/ptolemy/actor/lib/test/auto/expressionCastInference2.xml
----------------- Instantiating /home/travis/build/icyphy/ptII/ptolemy/actor/lib/test/auto/expressionCastInference2.xml
1 ms. Memory: 552960K Free: 216772K (39%)
----------------- Invoking toplevel() on ptolemy.moml.MoMLSimpleApplication@328d382
----------------- Done invoking toplevel() on ptolemy.moml.MoMLSimpleApplication@328d382
reloadAllAccessors: .expressionCastInference2

===========================================================================================
----------------- testing Sun Jun 27 17:25:09 UTC 2021 /home/travis/build/icyphy/ptII/ptolemy/actor/lib/test/auto/expressionInference.xml
----------------- Instantiating /home/travis/build/icyphy/ptII/ptolemy/actor/lib/test/auto/expressionInference.xml
1 ms. Memory: 552960K Free: 212162K (38%)
----------------- Invoking toplevel() on ptolemy.moml.MoMLSimpleApplication@79f601a2
----------------- Done invoking toplevel() on ptolemy.moml.MoMLSimpleApplication@79f601a2
reloadAllAccessors: .expressionInference

===========================================================================================
----------------- testing Sun Jun 27 17:25:09 UTC 2021 /home/travis/build/icyphy/ptII/ptolemy/actor/lib/test/auto/expression_bug.xml
----------------- Instantiating /home/travis/build/icyphy/ptII/ptolemy/actor/lib/test/auto/expression_bug.xml
1 ms. Memory: 552960K Free: 208066K (38%)
----------------- Invoking toplevel() on ptolemy.moml.MoMLSimpleApplication@5627b31b
----------------- Done invoking toplevel() on ptolemy.moml.MoMLSimpleApplication@5627b31b
reloadAllAccessors: .expression_bug

===========================================================================================
----------------- testing Sun Jun 27 17:25:09 UTC 2021 /home/travis/build/icyphy/ptII/ptolemy/actor/lib/test/auto/factorial.xml
----------------- Instantiating /home/travis/build/icyphy/ptII/ptolemy/actor/lib/test/auto/factorial.xml
35 ms. Memory: 552960K Free: 199364K (36%)
----------------- Invoking toplevel() on ptolemy.moml.MoMLSimpleApplication@5baa3095
----------------- Done invoking toplevel() on ptolemy.moml.MoMLSimpleApplication@5baa3095
reloadAllAccessors: .factorial

===========================================================================================
----------------- testing Sun Jun 27 17:25:09 UTC 2021 /home/travis/build/icyphy/ptII/ptolemy/actor/lib/test/auto/filterTest1.xml
----------------- Instantiating /home/travis/build/icyphy/ptII/ptolemy/actor/lib/test/auto/filterTest1.xml
2 ms. Memory: 552960K Free: 193716K (35%)
----------------- Invoking toplevel() on ptolemy.moml.MoMLSimpleApplication@5fd7907b
----------------- Done invoking toplevel() on ptolemy.moml.MoMLSimpleApplication@5fd7907b
reloadAllAccessors: .filterTest1

===========================================================================================
----------------- testing Sun Jun 27 17:25:09 UTC 2021 /home/travis/build/icyphy/ptII/ptolemy/actor/lib/test/auto/funcApplyInConst.xml
----------------- Instantiating /home/travis/build/icyphy/ptII/ptolemy/actor/lib/test/auto/funcApplyInConst.xml
1 ms. Memory: 552960K Free: 189634K (34%)
----------------- Invoking toplevel() on ptolemy.moml.MoMLSimpleApplication@1c841601
----------------- Done invoking toplevel() on ptolemy.moml.MoMLSimpleApplication@1c841601
reloadAllAccessors: .funcApplyInConst

===========================================================================================
----------------- testing Sun Jun 27 17:25:09 UTC 2021 /home/travis/build/icyphy/ptII/ptolemy/actor/lib/test/auto/funcApplyInExpr.xml
----------------- Instantiating /home/travis/build/icyphy/ptII/ptolemy/actor/lib/test/auto/funcApplyInExpr.xml
3 ms. Memory: 552960K Free: 186052K (34%)
----------------- Invoking toplevel() on ptolemy.moml.MoMLSimpleApplication@6c027e80
----------------- Done invoking toplevel() on ptolemy.moml.MoMLSimpleApplication@6c027e80
reloadAllAccessors: .funcApplyInExpr

===========================================================================================
----------------- testing Sun Jun 27 17:25:09 UTC 2021 /home/travis/build/icyphy/ptII/ptolemy/actor/lib/test/auto/function.xml
----------------- Instantiating /home/travis/build/icyphy/ptII/ptolemy/actor/lib/test/auto/function.xml
2 ms. Memory: 552960K Free: 181442K (33%)
----------------- Invoking toplevel() on ptolemy.moml.MoMLSimpleApplication@22c5e823
----------------- Done invoking toplevel() on ptolemy.moml.MoMLSimpleApplication@22c5e823
reloadAllAccessors: .function

===========================================================================================
----------------- testing Sun Jun 27 17:25:09 UTC 2021 /home/travis/build/icyphy/ptII/ptolemy/actor/lib/test/auto/function2.xml
----------------- Instantiating /home/travis/build/icyphy/ptII/ptolemy/actor/lib/test/auto/function2.xml
22 ms. Memory: 552960K Free: 496884K (90%)
----------------- Invoking toplevel() on ptolemy.moml.MoMLSimpleApplication@7827a692
----------------- Done invoking toplevel() on ptolemy.moml.MoMLSimpleApplication@7827a692
reloadAllAccessors: .function2

===========================================================================================
----------------- testing Sun Jun 27 17:25:09 UTC 2021 /home/travis/build/icyphy/ptII/ptolemy/actor/lib/test/auto/function3.xml
----------------- Instantiating /home/travis/build/icyphy/ptII/ptolemy/actor/lib/test/auto/function3.xml
1 ms. Memory: 552960K Free: 492032K (89%)
----------------- Invoking toplevel() on ptolemy.moml.MoMLSimpleApplication@715274ff
----------------- Done invoking toplevel() on ptolemy.moml.MoMLSimpleApplication@715274ff
reloadAllAccessors: .function3

===========================================================================================
----------------- testing Sun Jun 27 17:25:09 UTC 2021 /home/travis/build/icyphy/ptII/ptolemy/actor/lib/test/auto/functionClosureTest1.xml
----------------- Instantiating /home/travis/build/icyphy/ptII/ptolemy/actor/lib/test/auto/functionClosureTest1.xml
1 ms. Memory: 552960K Free: 486383K (88%)
----------------- Invoking toplevel() on ptolemy.moml.MoMLSimpleApplication@78f45c6b
----------------- Done invoking toplevel() on ptolemy.moml.MoMLSimpleApplication@78f45c6b
reloadAllAccessors: .functionClosureTest1

===========================================================================================
----------------- testing Sun Jun 27 17:25:09 UTC 2021 /home/travis/build/icyphy/ptII/ptolemy/actor/lib/test/auto/functionClosureTest2.xml
----------------- Instantiating /home/travis/build/icyphy/ptII/ptolemy/actor/lib/test/auto/functionClosureTest2.xml
2 ms. Memory: 552960K Free: 482302K (87%)
----------------- Invoking toplevel() on ptolemy.moml.MoMLSimpleApplication@441fd46
----------------- Done invoking toplevel() on ptolemy.moml.MoMLSimpleApplication@441fd46
reloadAllAccessors: .functionClosureTest2

===========================================================================================
----------------- testing Sun Jun 27 17:25:10 UTC 2021 /home/travis/build/icyphy/ptII/ptolemy/actor/lib/test/auto/functionClosureTest3.xml
----------------- Instantiating /home/travis/build/icyphy/ptII/ptolemy/actor/lib/test/auto/functionClosureTest3.xml
3 ms. Memory: 552960K Free: 477167K (86%)
----------------- Invoking toplevel() on ptolemy.moml.MoMLSimpleApplication@419daf40
----------------- Done invoking toplevel() on ptolemy.moml.MoMLSimpleApplication@419daf40
reloadAllAccessors: .functionClosureTest3

===========================================================================================
----------------- testing Sun Jun 27 17:25:10 UTC 2021 /home/travis/build/icyphy/ptII/ptolemy/actor/lib/test/auto/functionClosureTest4.xml
----------------- Instantiating /home/travis/build/icyphy/ptII/ptolemy/actor/lib/test/auto/functionClosureTest4.xml
4 ms. Memory: 552960K Free: 470528K (85%)
----------------- Invoking toplevel() on ptolemy.moml.MoMLSimpleApplication@99bd099
----------------- Done invoking toplevel() on ptolemy.moml.MoMLSimpleApplication@99bd099
reloadAllAccessors: .functionClosureTest4

===========================================================================================
----------------- testing Sun Jun 27 17:25:10 UTC 2021 /home/travis/build/icyphy/ptII/ptolemy/actor/lib/test/auto/functionClosureTest5.xml
----------------- Instantiating /home/travis/build/icyphy/ptII/ptolemy/actor/lib/test/auto/functionClosureTest5.xml
3 ms. Memory: 552960K Free: 465408K (84%)
----------------- Invoking toplevel() on ptolemy.moml.MoMLSimpleApplication@4c855e8
----------------- Done invoking toplevel() on ptolemy.moml.MoMLSimpleApplication@4c855e8
reloadAllAccessors: .functionClosureTest5

===========================================================================================
----------------- testing Sun Jun 27 17:25:10 UTC 2021 /home/travis/build/icyphy/ptII/ptolemy/actor/lib/test/auto/functionClosureTest6.xml
----------------- Instantiating /home/travis/build/icyphy/ptII/ptolemy/actor/lib/test/auto/functionClosureTest6.xml
2 ms. Memory: 552960K Free: 460288K (83%)
----------------- Invoking toplevel() on ptolemy.moml.MoMLSimpleApplication@3a2f7d58
----------------- Done invoking toplevel() on ptolemy.moml.MoMLSimpleApplication@3a2f7d58
reloadAllAccessors: .functionClosureTest6

===========================================================================================
----------------- testing Sun Jun 27 17:25:10 UTC 2021 /home/travis/build/icyphy/ptII/ptolemy/actor/lib/test/auto/functionsOnArcs.xml
----------------- Instantiating /home/travis/build/icyphy/ptII/ptolemy/actor/lib/test/auto/functionsOnArcs.xml
2 ms. Memory: 552960K Free: 455168K (82%)
----------------- Invoking toplevel() on ptolemy.moml.MoMLSimpleApplication@7797897a
----------------- Done invoking toplevel() on ptolemy.moml.MoMLSimpleApplication@7797897a
reloadAllAccessors: .functionsOnArcs

===========================================================================================
----------------- testing Sun Jun 27 17:25:10 UTC 2021 /home/travis/build/icyphy/ptII/ptolemy/actor/lib/test/auto/functionsOnArcsHOF.xml
----------------- Instantiating /home/travis/build/icyphy/ptII/ptolemy/actor/lib/test/auto/functionsOnArcsHOF.xml
4 ms. Memory: 552960K Free: 449024K (81%)
----------------- Invoking toplevel() on ptolemy.moml.MoMLSimpleApplication@7b4859d1
----------------- Done invoking toplevel() on ptolemy.moml.MoMLSimpleApplication@7b4859d1
reloadAllAccessors: .functionsOnArcsHOF

===========================================================================================
----------------- testing Sun Jun 27 17:25:10 UTC 2021 /home/travis/build/icyphy/ptII/ptolemy/actor/lib/test/auto/logic.xml
----------------- Instantiating /home/travis/build/icyphy/ptII/ptolemy/actor/lib/test/auto/logic.xml
1 ms. Memory: 552960K Free: 441856K (80%)
----------------- Invoking toplevel() on ptolemy.moml.MoMLSimpleApplication@31e458b6
----------------- Done invoking toplevel() on ptolemy.moml.MoMLSimpleApplication@31e458b6
reloadAllAccessors: .logic

===========================================================================================
----------------- testing Sun Jun 27 17:25:10 UTC 2021 /home/travis/build/icyphy/ptII/ptolemy/actor/lib/test/auto/matrixType.xml
----------------- Instantiating /home/travis/build/icyphy/ptII/ptolemy/actor/lib/test/auto/matrixType.xml
1 ms. Memory: 552960K Free: 436222K (79%)
----------------- Invoking toplevel() on ptolemy.moml.MoMLSimpleApplication@6a405f06
----------------- Done invoking toplevel() on ptolemy.moml.MoMLSimpleApplication@6a405f06
reloadAllAccessors: .matrixType

===========================================================================================
----------------- testing Sun Jun 27 17:25:10 UTC 2021 /home/travis/build/icyphy/ptII/ptolemy/actor/lib/test/auto/matrixType10.xml
----------------- Instantiating /home/travis/build/icyphy/ptII/ptolemy/actor/lib/test/auto/matrixType10.xml
2 ms. Memory: 552960K Free: 431616K (78%)
----------------- Invoking toplevel() on ptolemy.moml.MoMLSimpleApplication@4b3458ae
----------------- Done invoking toplevel() on ptolemy.moml.MoMLSimpleApplication@4b3458ae
reloadAllAccessors: .matrixType10

===========================================================================================
----------------- testing Sun Jun 27 17:25:10 UTC 2021 /home/travis/build/icyphy/ptII/ptolemy/actor/lib/test/auto/matrixType11.xml
----------------- Instantiating /home/travis/build/icyphy/ptII/ptolemy/actor/lib/test/auto/matrixType11.xml
2 ms. Memory: 552960K Free: 426496K (77%)
----------------- Invoking toplevel() on ptolemy.moml.MoMLSimpleApplication@4d83cdcb
----------------- Done invoking toplevel() on ptolemy.moml.MoMLSimpleApplication@4d83cdcb
reloadAllAccessors: .matrixType11

===========================================================================================
----------------- testing Sun Jun 27 17:25:10 UTC 2021 /home/travis/build/icyphy/ptII/ptolemy/actor/lib/test/auto/matrixType12.xml
----------------- Instantiating /home/travis/build/icyphy/ptII/ptolemy/actor/lib/test/auto/matrixType12.xml
1 ms. Memory: 552960K Free: 421886K (76%)
----------------- Invoking toplevel() on ptolemy.moml.MoMLSimpleApplication@2da9c7f9
----------------- Done invoking toplevel() on ptolemy.moml.MoMLSimpleApplication@2da9c7f9
reloadAllAccessors: .matrixType12

===========================================================================================
----------------- testing Sun Jun 27 17:25:10 UTC 2021 /home/travis/build/icyphy/ptII/ptolemy/actor/lib/test/auto/matrixType13.xml
----------------- Instantiating /home/travis/build/icyphy/ptII/ptolemy/actor/lib/test/auto/matrixType13.xml
1 ms. Memory: 552960K Free: 417280K (75%)
----------------- Invoking toplevel() on ptolemy.moml.MoMLSimpleApplication@1c58cbf3
----------------- Done invoking toplevel() on ptolemy.moml.MoMLSimpleApplication@1c58cbf3
reloadAllAccessors: .matrixType13

===========================================================================================
----------------- testing Sun Jun 27 17:25:10 UTC 2021 /home/travis/build/icyphy/ptII/ptolemy/actor/lib/test/auto/matrixType14.xml
----------------- Instantiating /home/travis/build/icyphy/ptII/ptolemy/actor/lib/test/auto/matrixType14.xml
2 ms. Memory: 552960K Free: 411646K (74%)
----------------- Invoking toplevel() on ptolemy.moml.MoMLSimpleApplication@7a878850
----------------- Done invoking toplevel() on ptolemy.moml.MoMLSimpleApplication@7a878850
reloadAllAccessors: .matrixType14

===========================================================================================
----------------- testing Sun Jun 27 17:25:10 UTC 2021 /home/travis/build/icyphy/ptII/ptolemy/actor/lib/test/auto/matrixType2.xml
----------------- Instantiating /home/travis/build/icyphy/ptII/ptolemy/actor/lib/test/auto/matrixType2.xml
1 ms. Memory: 552960K Free: 406526K (74%)
----------------- Invoking toplevel() on ptolemy.moml.MoMLSimpleApplication@212af82f
----------------- Done invoking toplevel() on ptolemy.moml.MoMLSimpleApplication@212af82f
reloadAllAccessors: .matrixType2

===========================================================================================
----------------- testing Sun Jun 27 17:25:10 UTC 2021 /home/travis/build/icyphy/ptII/ptolemy/actor/lib/test/auto/matrixType3.xml
----------------- Instantiating /home/travis/build/icyphy/ptII/ptolemy/actor/lib/test/auto/matrixType3.xml
3 ms. Memory: 552960K Free: 401406K (73%)
----------------- Invoking toplevel() on ptolemy.moml.MoMLSimpleApplication@64d5fb6b
----------------- Done invoking toplevel() on ptolemy.moml.MoMLSimpleApplication@64d5fb6b
reloadAllAccessors: .matrixType3

===========================================================================================
----------------- testing Sun Jun 27 17:25:10 UTC 2021 /home/travis/build/icyphy/ptII/ptolemy/actor/lib/test/auto/matrixType4.xml
----------------- Instantiating /home/travis/build/icyphy/ptII/ptolemy/actor/lib/test/auto/matrixType4.xml
1 ms. Memory: 552960K Free: 396800K (72%)
----------------- Invoking toplevel() on ptolemy.moml.MoMLSimpleApplication@72e78f27
----------------- Done invoking toplevel() on ptolemy.moml.MoMLSimpleApplication@72e78f27
reloadAllAccessors: .matrixType4

===========================================================================================
----------------- testing Sun Jun 27 17:25:10 UTC 2021 /home/travis/build/icyphy/ptII/ptolemy/actor/lib/test/auto/matrixType5.xml
----------------- Instantiating /home/travis/build/icyphy/ptII/ptolemy/actor/lib/test/auto/matrixType5.xml
1 ms. Memory: 552960K Free: 391680K (71%)
----------------- Invoking toplevel() on ptolemy.moml.MoMLSimpleApplication@6698e2e0
----------------- Done invoking toplevel() on ptolemy.moml.MoMLSimpleApplication@6698e2e0
reloadAllAccessors: .matrixType5

===========================================================================================
----------------- testing Sun Jun 27 17:25:10 UTC 2021 /home/travis/build/icyphy/ptII/ptolemy/actor/lib/test/auto/matrixType6.xml
----------------- Instantiating /home/travis/build/icyphy/ptII/ptolemy/actor/lib/test/auto/matrixType6.xml
1 ms. Memory: 552960K Free: 387070K (70%)
----------------- Invoking toplevel() on ptolemy.moml.MoMLSimpleApplication@2b3a4165
----------------- Done invoking toplevel() on ptolemy.moml.MoMLSimpleApplication@2b3a4165
reloadAllAccessors: .matrixType6

===========================================================================================
----------------- testing Sun Jun 27 17:25:10 UTC 2021 /home/travis/build/icyphy/ptII/ptolemy/actor/lib/test/auto/matrixType7.xml
----------------- Instantiating /home/travis/build/icyphy/ptII/ptolemy/actor/lib/test/auto/matrixType7.xml
1 ms. Memory: 552960K Free: 381950K (69%)
----------------- Invoking toplevel() on ptolemy.moml.MoMLSimpleApplication@63649a56
----------------- Done invoking toplevel() on ptolemy.moml.MoMLSimpleApplication@63649a56
reloadAllAccessors: .matrixType7

===========================================================================================
----------------- testing Sun Jun 27 17:25:10 UTC 2021 /home/travis/build/icyphy/ptII/ptolemy/actor/lib/test/auto/matrixType8.xml
----------------- Instantiating /home/travis/build/icyphy/ptII/ptolemy/actor/lib/test/auto/matrixType8.xml
2 ms. Memory: 552960K Free: 377344K (68%)
----------------- Invoking toplevel() on ptolemy.moml.MoMLSimpleApplication@4851264e
----------------- Done invoking toplevel() on ptolemy.moml.MoMLSimpleApplication@4851264e
reloadAllAccessors: .matrixType8

===========================================================================================
----------------- testing Sun Jun 27 17:25:10 UTC 2021 /home/travis/build/icyphy/ptII/ptolemy/actor/lib/test/auto/matrixType9.xml
----------------- Instantiating /home/travis/build/icyphy/ptII/ptolemy/actor/lib/test/auto/matrixType9.xml
1 ms. Memory: 552960K Free: 372224K (67%)
----------------- Invoking toplevel() on ptolemy.moml.MoMLSimpleApplication@49032978
----------------- Done invoking toplevel() on ptolemy.moml.MoMLSimpleApplication@49032978
reloadAllAccessors: .matrixType9

===========================================================================================
----------------- testing Sun Jun 27 17:25:10 UTC 2021 /home/travis/build/icyphy/ptII/ptolemy/actor/lib/test/auto/paraFunctest.xml
----------------- Instantiating /home/travis/build/icyphy/ptII/ptolemy/actor/lib/test/auto/paraFunctest.xml
2 ms. Memory: 552960K Free: 368128K (67%)
----------------- Invoking toplevel() on ptolemy.moml.MoMLSimpleApplication@2897d1b8
----------------- Done invoking toplevel() on ptolemy.moml.MoMLSimpleApplication@2897d1b8
reloadAllAccessors: .paraFunctest

===========================================================================================
----------------- testing Sun Jun 27 17:25:10 UTC 2021 /home/travis/build/icyphy/ptII/ptolemy/actor/lib/test/auto/paraFunctest2.xml
----------------- Instantiating /home/travis/build/icyphy/ptII/ptolemy/actor/lib/test/auto/paraFunctest2.xml
1 ms. Memory: 552960K Free: 363518K (66%)
----------------- Invoking toplevel() on ptolemy.moml.MoMLSimpleApplication@74b1683a
----------------- Done invoking toplevel() on ptolemy.moml.MoMLSimpleApplication@74b1683a
reloadAllAccessors: .paraFunctest2

===========================================================================================
----------------- testing Sun Jun 27 17:25:10 UTC 2021 /home/travis/build/icyphy/ptII/ptolemy/actor/lib/test/auto/parameterPassing.xml
----------------- Instantiating /home/travis/build/icyphy/ptII/ptolemy/actor/lib/test/auto/parameterPassing.xml
1 ms. Memory: 552960K Free: 359422K (65%)
----------------- Invoking toplevel() on ptolemy.moml.MoMLSimpleApplication@1442ead4
----------------- Done invoking toplevel() on ptolemy.moml.MoMLSimpleApplication@1442ead4
reloadAllAccessors: .parameterPassing

===========================================================================================
----------------- testing Sun Jun 27 17:25:10 UTC 2021 /home/travis/build/icyphy/ptII/ptolemy/actor/lib/test/auto/record.xml
----------------- Instantiating /home/travis/build/icyphy/ptII/ptolemy/actor/lib/test/auto/record.xml
2 ms. Memory: 552960K Free: 354302K (64%)
----------------- Invoking toplevel() on ptolemy.moml.MoMLSimpleApplication@2332945e
----------------- Done invoking toplevel() on ptolemy.moml.MoMLSimpleApplication@2332945e
reloadAllAccessors: .record

===========================================================================================
----------------- testing Sun Jun 27 17:25:10 UTC 2021 /home/travis/build/icyphy/ptII/ptolemy/actor/lib/test/auto/sizedarray1.xml
----------------- Instantiating /home/travis/build/icyphy/ptII/ptolemy/actor/lib/test/auto/sizedarray1.xml
1 ms. Memory: 552960K Free: 349182K (63%)
----------------- Invoking toplevel() on ptolemy.moml.MoMLSimpleApplication@552cfc12
----------------- Done invoking toplevel() on ptolemy.moml.MoMLSimpleApplication@552cfc12
reloadAllAccessors: .sizedarray1

===========================================================================================
----------------- testing Sun Jun 27 17:25:10 UTC 2021 /home/travis/build/icyphy/ptII/ptolemy/actor/lib/test/auto/sizedarray2.xml
----------------- Instantiating /home/travis/build/icyphy/ptII/ptolemy/actor/lib/test/auto/sizedarray2.xml
3 ms. Memory: 552960K Free: 343552K (62%)
----------------- Invoking toplevel() on ptolemy.moml.MoMLSimpleApplication@51e03efc
----------------- Done invoking toplevel() on ptolemy.moml.MoMLSimpleApplication@51e03efc
reloadAllAccessors: .sizedarray2

===========================================================================================
----------------- testing Sun Jun 27 17:25:10 UTC 2021 /home/travis/build/icyphy/ptII/ptolemy/actor/lib/test/auto/twoPublishers.xml
----------------- Instantiating /home/travis/build/icyphy/ptII/ptolemy/actor/lib/test/auto/twoPublishers.xml
9 ms. Memory: 552960K Free: 332288K (60%)
----------------- Invoking toplevel() on ptolemy.moml.MoMLSimpleApplication@774c3782
----------------- Done invoking toplevel() on ptolemy.moml.MoMLSimpleApplication@774c3782
reloadAllAccessors: .twoPublishers
AutoTests.java: About to close Vertx.
AutoTests.java: Vertx closed.
]]></system-out>
  <system-err><![CDATA[java.lang.RuntimeException: Execution failed
	at ptolemy.moml.MoMLSimpleApplication$UnloadThread.run(MoMLSimpleApplication.java:402)
Caused by: java.lang.RuntimeException: StringUtilities.exit() was called. Normally, we would exit here because Manager.exitAfterWrapup() was called.  However, because the ptolemy.ptII.exitAfterWrapup property is set, we throw this exception instead.
	at ptolemy.util.StringUtilities.exit(StringUtilities.java:365)
	at ptolemy.actor.Manager.wrapup(Manager.java:1549)
	at ptolemy.actor.Manager.execute(Manager.java:407)
	at ptolemy.actor.Manager.run(Manager.java:1263)
	at ptolemy.actor.Manager$PtolemyRunThread.run(Manager.java:1933)
Warning: '.top.test' is in training mode, set the trainingMode parameter to false before checking in
Warning: '.top.test' is in training mode, set the trainingMode parameter to false before checking in
Warning: '.top.test' is in training mode, set the trainingMode parameter to false before checking in
Warning: '.BooleanSwitch_RegressionTest_WrongTrainingValues.Test' is in training mode, set the trainingMode parameter to false before checking in
Warning: '.BooleanSwitch_RegressionTest_WrongTrainingValues.Test2' is in training mode, set the trainingMode parameter to false before checking in
Warning: '.BooleanSwitch_RegressionTest_WrongTrainingValues.Test2' The test produced 0 tokens.
Warning: '.top.testExceptionHandler' is in training mode, set the trainingMode parameter to false before checking in
java.lang.RuntimeException: Execution failed
	at ptolemy.moml.MoMLSimpleApplication$UnloadThread.run(MoMLSimpleApplication.java:402)
Caused by: ptolemy.kernel.util.IllegalActionException: PublisherPorts cannot be used at the top level, use a Publisher actor instead.
  in .PublisherPortToplevelSubscriber.PublisherPort
	at ptolemy.actor.PublisherPort.preinitialize(PublisherPort.java:403)
	at ptolemy.actor.CompositeActor.preinitialize(CompositeActor.java:1769)
	at ptolemy.actor.Manager.preinitializeAndResolveTypes(Manager.java:1040)
	at ptolemy.actor.Manager.initialize(Manager.java:710)
	at ptolemy.actor.Manager.execute(Manager.java:356)
	at ptolemy.actor.Manager.run(Manager.java:1263)
	at ptolemy.actor.Manager$PtolemyRunThread.run(Manager.java:1933)
java.lang.reflect.InvocationTargetException
	at java.base/jdk.internal.reflect.NativeConstructorAccessorImpl.newInstance0(Native Method)
	at java.base/jdk.internal.reflect.NativeConstructorAccessorImpl.newInstance(NativeConstructorAccessorImpl.java:62)
	at java.base/jdk.internal.reflect.DelegatingConstructorAccessorImpl.newInstance(DelegatingConstructorAccessorImpl.java:45)
	at java.base/java.lang.reflect.Constructor.newInstance(Constructor.java:490)
	at ptolemy.util.test.junit.AutoKnownFailedTests.RunModel(AutoKnownFailedTests.java:105)
	at java.base/jdk.internal.reflect.NativeMethodAccessorImpl.invoke0(Native Method)
	at java.base/jdk.internal.reflect.NativeMethodAccessorImpl.invoke(NativeMethodAccessorImpl.java:62)
	at java.base/jdk.internal.reflect.DelegatingMethodAccessorImpl.invoke(DelegatingMethodAccessorImpl.java:43)
	at java.base/java.lang.reflect.Method.invoke(Method.java:566)
	at org.junit.runners.model.FrameworkMethod$1.runReflectiveCall(FrameworkMethod.java:44)
	at org.junit.internal.runners.model.ReflectiveCallable.run(ReflectiveCallable.java:15)
	at org.junit.runners.model.FrameworkMethod.invokeExplosively(FrameworkMethod.java:41)
	at junitparams.internal.InvokeParameterisedMethod.evaluate(InvokeParameterisedMethod.java:102)
	at org.junit.internal.runners.statements.FailOnTimeout$1.run(FailOnTimeout.java:28)
Caused by: ptolemy.kernel.util.IllegalActionException: PublisherPorts cannot be used at the top level, use a Publisher actor instead.
  in .PublisherPortToplevelSubscriber.PublisherPort
	at ptolemy.actor.PublisherPort.preinitialize(PublisherPort.java:403)
	at ptolemy.actor.CompositeActor.preinitialize(CompositeActor.java:1769)
	at ptolemy.actor.Manager.preinitializeAndResolveTypes(Manager.java:1040)
	at ptolemy.actor.Manager.initialize(Manager.java:710)
	at ptolemy.actor.Manager.execute(Manager.java:356)
	at ptolemy.actor.Manager.run(Manager.java:1263)
	at ptolemy.actor.Manager$PtolemyRunThread.run(Manager.java:1933)
java.lang.RuntimeException: Execution failed
	at ptolemy.moml.MoMLSimpleApplication$UnloadThread.run(MoMLSimpleApplication.java:402)
Caused by: ptolemy.kernel.util.IllegalActionException: SubscriberPorts cannot be used at the top level, use a Subscriber actor instead.
  in .PublisherSubscriberPortToplevel.SubscriberPort
	at ptolemy.actor.SubscriberPort.preinitialize(SubscriberPort.java:328)
	at ptolemy.actor.CompositeActor.preinitialize(CompositeActor.java:1769)
	at ptolemy.actor.Manager.preinitializeAndResolveTypes(Manager.java:1040)
	at ptolemy.actor.Manager.initialize(Manager.java:710)
	at ptolemy.actor.Manager.execute(Manager.java:356)
	at ptolemy.actor.Manager.run(Manager.java:1263)
	at ptolemy.actor.Manager$PtolemyRunThread.run(Manager.java:1933)
java.lang.reflect.InvocationTargetException
	at java.base/jdk.internal.reflect.NativeConstructorAccessorImpl.newInstance0(Native Method)
	at java.base/jdk.internal.reflect.NativeConstructorAccessorImpl.newInstance(NativeConstructorAccessorImpl.java:62)
	at java.base/jdk.internal.reflect.DelegatingConstructorAccessorImpl.newInstance(DelegatingConstructorAccessorImpl.java:45)
	at java.base/java.lang.reflect.Constructor.newInstance(Constructor.java:490)
	at ptolemy.util.test.junit.AutoKnownFailedTests.RunModel(AutoKnownFailedTests.java:105)
	at java.base/jdk.internal.reflect.NativeMethodAccessorImpl.invoke0(Native Method)
	at java.base/jdk.internal.reflect.NativeMethodAccessorImpl.invoke(NativeMethodAccessorImpl.java:62)
	at java.base/jdk.internal.reflect.DelegatingMethodAccessorImpl.invoke(DelegatingMethodAccessorImpl.java:43)
	at java.base/java.lang.reflect.Method.invoke(Method.java:566)
	at org.junit.runners.model.FrameworkMethod$1.runReflectiveCall(FrameworkMethod.java:44)
	at org.junit.internal.runners.model.ReflectiveCallable.run(ReflectiveCallable.java:15)
	at org.junit.runners.model.FrameworkMethod.invokeExplosively(FrameworkMethod.java:41)
	at junitparams.internal.InvokeParameterisedMethod.evaluate(InvokeParameterisedMethod.java:102)
	at org.junit.internal.runners.statements.FailOnTimeout$1.run(FailOnTimeout.java:28)
Caused by: ptolemy.kernel.util.IllegalActionException: SubscriberPorts cannot be used at the top level, use a Subscriber actor instead.
  in .PublisherSubscriberPortToplevel.SubscriberPort
	at ptolemy.actor.SubscriberPort.preinitialize(SubscriberPort.java:328)
	at ptolemy.actor.CompositeActor.preinitialize(CompositeActor.java:1769)
	at ptolemy.actor.Manager.preinitializeAndResolveTypes(Manager.java:1040)
	at ptolemy.actor.Manager.initialize(Manager.java:710)
	at ptolemy.actor.Manager.execute(Manager.java:356)
	at ptolemy.actor.Manager.run(Manager.java:1263)
	at ptolemy.actor.Manager$PtolemyRunThread.run(Manager.java:1933)
java.lang.RuntimeException: Execution failed
	at ptolemy.moml.MoMLSimpleApplication$UnloadThread.run(MoMLSimpleApplication.java:402)
Caused by: ptolemy.kernel.util.IllegalActionException: SubscriptionAggregatorPorts cannot be used at the top level, use a SubscriptionAggregator actor instead.
  in .PublisherSubscriptionAggregatorPort.SubscriptionAggregatorPort
	at ptolemy.actor.SubscriptionAggregatorPort.preinitialize(SubscriptionAggregatorPort.java:353)
	at ptolemy.actor.CompositeActor.preinitialize(CompositeActor.java:1769)
	at ptolemy.actor.Manager.preinitializeAndResolveTypes(Manager.java:1040)
	at ptolemy.actor.Manager.initialize(Manager.java:710)
	at ptolemy.actor.Manager.execute(Manager.java:356)
	at ptolemy.actor.Manager.run(Manager.java:1263)
	at ptolemy.actor.Manager$PtolemyRunThread.run(Manager.java:1933)
java.lang.reflect.InvocationTargetException
	at java.base/jdk.internal.reflect.NativeConstructorAccessorImpl.newInstance0(Native Method)
	at java.base/jdk.internal.reflect.NativeConstructorAccessorImpl.newInstance(NativeConstructorAccessorImpl.java:62)
	at java.base/jdk.internal.reflect.DelegatingConstructorAccessorImpl.newInstance(DelegatingConstructorAccessorImpl.java:45)
	at java.base/java.lang.reflect.Constructor.newInstance(Constructor.java:490)
	at ptolemy.util.test.junit.AutoKnownFailedTests.RunModel(AutoKnownFailedTests.java:105)
	at java.base/jdk.internal.reflect.NativeMethodAccessorImpl.invoke0(Native Method)
	at java.base/jdk.internal.reflect.NativeMethodAccessorImpl.invoke(NativeMethodAccessorImpl.java:62)
	at java.base/jdk.internal.reflect.DelegatingMethodAccessorImpl.invoke(DelegatingMethodAccessorImpl.java:43)
	at java.base/java.lang.reflect.Method.invoke(Method.java:566)
	at org.junit.runners.model.FrameworkMethod$1.runReflectiveCall(FrameworkMethod.java:44)
	at org.junit.internal.runners.model.ReflectiveCallable.run(ReflectiveCallable.java:15)
	at org.junit.runners.model.FrameworkMethod.invokeExplosively(FrameworkMethod.java:41)
	at junitparams.internal.InvokeParameterisedMethod.evaluate(InvokeParameterisedMethod.java:102)
	at org.junit.internal.runners.statements.FailOnTimeout$1.run(FailOnTimeout.java:28)
Caused by: ptolemy.kernel.util.IllegalActionException: SubscriptionAggregatorPorts cannot be used at the top level, use a SubscriptionAggregator actor instead.
  in .PublisherSubscriptionAggregatorPort.SubscriptionAggregatorPort
	at ptolemy.actor.SubscriptionAggregatorPort.preinitialize(SubscriptionAggregatorPort.java:353)
	at ptolemy.actor.CompositeActor.preinitialize(CompositeActor.java:1769)
	at ptolemy.actor.Manager.preinitializeAndResolveTypes(Manager.java:1040)
	at ptolemy.actor.Manager.initialize(Manager.java:710)
	at ptolemy.actor.Manager.execute(Manager.java:356)
	at ptolemy.actor.Manager.run(Manager.java:1263)
	at ptolemy.actor.Manager$PtolemyRunThread.run(Manager.java:1933)
java.lang.RuntimeException: Execution failed
	at ptolemy.moml.MoMLSimpleApplication$UnloadThread.run(MoMLSimpleApplication.java:402)
Caused by: ptolemy.kernel.util.IllegalActionException: TypeTest actor has no training data.
  in .sizedarray3.TypeTest
	at ptolemy.actor.lib.TypeTest.initialize(TypeTest.java:250)
	at ptolemy.actor.Director.initialize(Director.java:938)
	at ptolemy.actor.Director.initialize(Director.java:907)
	at ptolemy.actor.sched.StaticSchedulingDirector.initialize(StaticSchedulingDirector.java:159)
	at ptolemy.domains.sdf.kernel.SDFDirector.initialize(SDFDirector.java:544)
	at ptolemy.actor.CompositeActor.initialize(CompositeActor.java:935)
	at ptolemy.actor.Manager.initialize(Manager.java:724)
	at ptolemy.actor.Manager.execute(Manager.java:356)
	at ptolemy.actor.Manager.run(Manager.java:1263)
	at ptolemy.actor.Manager$PtolemyRunThread.run(Manager.java:1933)
java.lang.reflect.InvocationTargetException
	at java.base/jdk.internal.reflect.NativeConstructorAccessorImpl.newInstance0(Native Method)
	at java.base/jdk.internal.reflect.NativeConstructorAccessorImpl.newInstance(NativeConstructorAccessorImpl.java:62)
	at java.base/jdk.internal.reflect.DelegatingConstructorAccessorImpl.newInstance(DelegatingConstructorAccessorImpl.java:45)
	at java.base/java.lang.reflect.Constructor.newInstance(Constructor.java:490)
	at ptolemy.util.test.junit.AutoKnownFailedTests.RunModel(AutoKnownFailedTests.java:105)
	at java.base/jdk.internal.reflect.NativeMethodAccessorImpl.invoke0(Native Method)
	at java.base/jdk.internal.reflect.NativeMethodAccessorImpl.invoke(NativeMethodAccessorImpl.java:62)
	at java.base/jdk.internal.reflect.DelegatingMethodAccessorImpl.invoke(DelegatingMethodAccessorImpl.java:43)
	at java.base/java.lang.reflect.Method.invoke(Method.java:566)
	at org.junit.runners.model.FrameworkMethod$1.runReflectiveCall(FrameworkMethod.java:44)
	at org.junit.internal.runners.model.ReflectiveCallable.run(ReflectiveCallable.java:15)
	at org.junit.runners.model.FrameworkMethod.invokeExplosively(FrameworkMethod.java:41)
	at junitparams.internal.InvokeParameterisedMethod.evaluate(InvokeParameterisedMethod.java:102)
	at org.junit.internal.runners.statements.FailOnTimeout$1.run(FailOnTimeout.java:28)
Caused by: ptolemy.kernel.util.IllegalActionException: TypeTest actor has no training data.
  in .sizedarray3.TypeTest
	at ptolemy.actor.lib.TypeTest.initialize(TypeTest.java:250)
	at ptolemy.actor.Director.initialize(Director.java:938)
	at ptolemy.actor.Director.initialize(Director.java:907)
	at ptolemy.actor.sched.StaticSchedulingDirector.initialize(StaticSchedulingDirector.java:159)
	at ptolemy.domains.sdf.kernel.SDFDirector.initialize(SDFDirector.java:544)
	at ptolemy.actor.CompositeActor.initialize(CompositeActor.java:935)
	at ptolemy.actor.Manager.initialize(Manager.java:724)
	at ptolemy.actor.Manager.execute(Manager.java:356)
	at ptolemy.actor.Manager.run(Manager.java:1263)
	at ptolemy.actor.Manager$PtolemyRunThread.run(Manager.java:1933)
]]></system-err>
</testsuite>
