<?xml version="1.0" encoding="UTF-8" ?>
<testsuite errors="0" failures="0" hostname="travis-job-bd90a24c-9d99-4b4b-a21d-05dca06289f4" name="ptolemy.domains.de.test.junit.JUnitTclTest" skipped="0" tests="101" time="142.067" timestamp="2019-10-28T06:07:26">
  <properties>
    <property name="npm.executable" value="npm" />
    <property name="env.TRAVIS_ROOT" value="/" />
    <property name="ptII.mk.exists" value="true" />
    <property name="env.TRAVIS_APP_HOST" value="build.travis-ci.org" />
    <property name="env.rvm_bin_path" value="/home/travis/.rvm/bin" />
    <property name="java.home" value="/usr/local/lib/jvm/openjdk11" />
    <property name="env.TRAVIS_JOB_NUMBER" value="1378.9" />
    <property name="env.TRAVIS_HOME" value="/home/travis" />
    <property name="env.DISPLAY" value=":99.0" />
    <property name="env.TRAVIS_INIT" value="systemd" />
    <property name="env.SSH_TTY" value="/dev/pts/0" />
    <property name="java.net.preferIPv4Stack" value="true" />
    <property name="env.RUN_TESTS" value="true" />
    <property name="timeout.short" value="1000000" />
    <property name="junit.formatter" value="xml" />
    <property name="env.TRAVIS_SUDO" value="true" />
    <property name="env.TRAVIS_JOB_NAME" value="" />
    <property name="env.TRAVIS_STACK_NODE_ATTRIBUTES" value="/.node-attributes.yml" />
    <property name="env.LOGNAME" value="travis" />
    <property name="jsdoc.home" value="node_modules/@terraswarm/jsdoc" />
    <property name="debuglevel" value="source,lines,vars" />
    <property name="checkstyle.formatter" value="xml" />
    <property name="env._system_version" value="16.04" />
    <property name="bin.vergil.makeable" value="true" />
    <property name="sun.os.patch.level" value="unknown" />
    <property name="java.vendor.url" value="http://java.oracle.com/" />
    <property name="env.TRAVIS_BUILD_WEB_URL" value="https://travis-ci.org/icyphy/ptII/builds/603739716" />
    <property name="java.version" value="11.0.2" />
    <property name="env.TZ" value="UTC" />
    <property name="env.TRAVIS_PULL_REQUEST_SHA" value="" />
    <property name="env.PT_NO_NET" value="true" />
    <property name="env.TRAVIS_SECURE_ENV_VARS" value="true" />
    <property name="env._system_type" value="Linux" />
    <property name="java.vendor.url.bug" value="http://bugreport.java.com/bugreport/" />
    <property name="npmjs-org-is-up" value="true" />
    <property name="env.LANGUAGE" value="en_US.UTF-8" />
    <property name="env.SSH_CLIENT" value="10.24.6.19 41666 22" />
    <property name="env.GEM_HOME" value="/home/travis/.rvm/gems/ruby-2.5.3" />
    <property name="env.HAS_ANTARES_THREE_LITTLE_FRONZIES_BADGE" value="true" />
    <property name="java.version.date" value="2019-01-15" />
    <property name="env.PS4" value="+" />
    <property name="ant.project.invoked-targets" value="build,test.core2.xml" />
    <property name="env.TRAVIS_PULL_REQUEST_BRANCH" value="" />
    <property name="env.TRAVIS_REPO_SLUG" value="icyphy/ptII" />
    <property name="env.XDG_DATA_DIRS" value="/usr/local/share:/usr/share:/var/lib/snapd/desktop" />
    <property name="jdk.debug" value="release" />
    <property name="env.TRAVIS_APT_PROXY" value="http://apt.cache.travis-ci.com" />
    <property name="node.in.path" value="true" />
    <property name="user.name" value="travis" />
    <property name="java.maxmemory" value="1400m" />
    <property name="env.RUBY_VERSION" value="ruby-2.5.3" />
    <property name="env.LANG" value="en_US.UTF-8" />
    <property name="sun.io.unicode.encoding" value="UnicodeLittle" />
    <property name="sun.jnu.encoding" value="UTF-8" />
    <property name="java.runtime.name" value="OpenJDK Runtime Environment" />
    <property name="usefile" value="false" />
    <property name="return.code" value="0" />
    <property name="junit.single.formatter" value="plain" />
    <property name="env.DYLD_LIBRARY_PATH" value="/home/travis/pthla/certi-tools/lib:" />
    <property name="env.DEBIAN_FRONTEND" value="noninteractive" />
    <property name="env.SSH_CONNECTION" value="10.24.6.19 41666 10.20.0.195 22" />
    <property name="env.MYSQL_UNIX_PORT" value="/var/run/mysqld/mysqld.sock" />
    <property name="env.LC_ALL" value="en_US.UTF-8" />
    <property name="env.TRAVIS_ALLOW_FAILURE" value="false" />
    <property name="env.TRAVIS_JOB_WEB_URL" value="https://travis-ci.org/icyphy/ptII/jobs/603739725" />
    <property name="java.specification.name" value="Java Platform API Specification" />
    <property name="node.works" value="true" />
    <property name="user.timezone" value="" />
    <property name="path.separator" value=":" />
    <property name="env.TRAVIS_ENABLE_INFRA_DETECTION" value="true" />
    <property name="env.PYTHON_CFLAGS" value="-g -fstack-protector --param=ssp-buffer-size=4 -Wformat -Werror=format-security" />
    <property name="timeout.long" value="4000000" />
    <property name="env.CERTI_HOME" value="/home/travis/pthla/certi-tools" />
    <property name="ant.file.ptII" value="/home/travis/build/icyphy/ptII/build.xml" />
    <property name="javadoc.packagenames" value="com.*,diva.*,lbnl.*,org.hlacerti.*,org.json.*,org.ptolemy.*,org.terraswarm.*,ptolemy.*,ptserver.*" />
    <property name="file.encoding" value="UTF-8" />
    <property name="env.TRAVIS_PULL_REQUEST_SLUG" value="" />
    <property name="ant.project.default-target" value="build" />
    <property name="env.GIT_ASKPASS" value="echo" />
    <property name="env.HOME" value="/home/travis" />
    <property name="sun.java.command" value="org.apache.tools.ant.taskdefs.optional.junit.JUnitTestRunner ptolemy.domains.de.test.junit.JUnitTclTest skipNonTests=false filtertrace=true haltOnError=false haltOnFailure=false formatter=org.apache.tools.ant.taskdefs.optional.junit.OutErrSummaryJUnitResultFormatter showoutput=true outputtoformatters=true logfailedtests=true threadid=0 logtestlistenerevents=false formatter=org.apache.tools.ant.taskdefs.optional.junit.XMLJUnitResultFormatter,/home/travis/build/icyphy/ptII/reports/junit/TEST-ptolemy.domains.de.test.junit.JUnitTclTest.xml crashfile=/home/travis/build/icyphy/ptII/junitvmwatcher8196519779340347819.properties propsfile=/home/travis/build/icyphy/ptII/junit16280820280644167719.properties" />
    <property name="env.COMPOSER_NO_INTERACTION" value="1" />
    <property name="env.MANPATH" value="/home/travis/.nvm/versions/node/v7.10.1/share/man:/home/travis/.rvm/rubies/ruby-2.5.3/share/man:/usr/local/cmake-3.12.4/man:/usr/local/clang-7.0.0/share/man:/usr/local/man:/usr/local/share/man:/usr/share/man:/home/travis/.rvm/man" />
    <property name="env.TRAVIS_TIMER_ID" value="0302541e" />
    <property name="ant.file" value="/home/travis/build/icyphy/ptII/build.xml" />
    <property name="env.TRAVIS_COMMIT_RANGE" value="948bf656f66248ff65af09b7e6cc9885ef1f544d...4d8f235a1445b5e1cf53b20eaca7c153db736dc2" />
    <property name="env._system_name" value="Ubuntu" />
    <property name="ptII.classpath.optional.property" value="/home/travis/build/icyphy/ptII/lib/bsh-2.0b4.jar:/home/travis/build/icyphy/ptII/lib/ptCal.jar:/home/travis/build/icyphy/ptII/lib/java_cup.jar:/home/travis/build/icyphy/ptII/lib/saxon8.jar:/home/travis/build/icyphy/ptII/lib/saxon8-dom.jar:/home/travis/build/icyphy/ptII/lib/chic.jar:/home/travis/build/icyphy/ptII/lib/ptcolt.jar:/home/travis/build/icyphy/ptII/vendors/misc/itext/iText.jar:/home/travis/build/icyphy/ptII/lib/g4ltl.jar:/home/travis/build/icyphy/ptII/lib/StructuralCoder.jar:/home/travis/build/icyphy/ptII/lib/jcerti.jar:/home/travis/build/icyphy/ptII/lib/javax.mail.jar:/home/travis/build/icyphy/ptII/vendors/JMF-2.1.1e/lib/jmf.jar:/home/travis/build/icyphy/ptII/lib/jna-4.0.0-variadic.jar:/home/travis/build/icyphy/ptII/vendors/misc/joystick/Joystick.jar:/home/travis/build/icyphy/ptII/lib/ptjacl.jar:/home/travis/build/icyphy/ptII/lib/jsoup-1.8.2.jar:/home/travis/build/icyphy/ptII/lib/junit-4.8.2.jar:/home/travis/build/icyphy/ptII/lib/JUnitParams-0.4.0.jar:/home/travis/build/icyphy/ptII/ptolemy/actor/lib/excel/jxl.jar:/home/travis/build/icyphy/ptII/lib/jython.jar:/home/travis/build/icyphy/ptII/lib/kieler.jar:/home/travis/build/icyphy/ptII/vendors/opencv/share/OpenCV/java/opencv-341.jar:/home/travis/build/icyphy/ptII/lib/oscP5.jar:/home/travis/build/icyphy/ptII/lib/nrjavaserial-3.11.0.devel.jar:/home/travis/build/icyphy/ptII/vendors/j3d/lib/Linux/j3dcore.jar:/home/travis/build/icyphy/ptII/vendors/j3d/lib/Linux/j3dutils.jar:/home/travis/build/icyphy/ptII/vendors/j3d/lib/Linux/vecmath.jar:/home/travis/build/icyphy/ptII/vendors/jogl/lib/Linux/gluegen-rt-natives-linux-amd64.jar:/home/travis/build/icyphy/ptII/vendors/jogl/lib/Linux/gluegen-rt.jar:/home/travis/build/icyphy/ptII/vendors/jogl/lib/Linux/jogl-all-natives-linux-amd64.jar:/home/travis/build/icyphy/ptII/vendors/jogl/lib/Linux/jogl-all.jar:/home/travis/build/icyphy/ptII/ptolemy/distributed/jini/jar/jini-core.jar:/home/travis/build/icyphy/ptII/ptolemy/distributed/jini/jar/jini-ext.jar:/home/travis/build/icyphy/ptII/ptolemy/distributed/jini/jar/sun-util.jar:/home/travis/build/icyphy/ptII/lib/protobuf-java-2.4.1.jar:/home/travis/build/icyphy/ptII/lib/org.eclipse.paho.client.mqttv3.jar:/home/travis/build/icyphy/ptII/lib/mapss.jar:/home/travis/build/icyphy/ptII/ptolemy/actor/ptalon/antlr/antlr.jar:/home/travis/build/icyphy/ptII/lib/JRI.jar:/home/travis/build/icyphy/ptII/lib/commons-lang-2.6.jar:/home/travis/build/icyphy/ptII/lib/commons-logging-1.1.1.jar:/home/travis/build/icyphy/ptII/lib/sootclasses.jar:/home/travis/build/icyphy/ptII/ptolemy/actor/lib/database/mysql-connector-java-5.1.6-bin.jar:/home/travis/build/icyphy/ptII/vendors/misc/sphinx4/sphinx4-data-5prealpha.jar:/home/travis/build/icyphy/ptII/vendors/misc/sphinx4/sphinx4-core-5prealpha.jar:/home/travis/build/icyphy/ptII/lib/PDFRenderer.jar:/home/travis/build/icyphy/ptII/lib/svgSalamander.jar:/home/travis/build/icyphy/ptII/lib/rsyntaxtextarea-2.6.0-SNAPSHOT.jar:/home/travis/build/icyphy/ptII/lib/hazelcast-3.8.2.jar:/home/travis/build/icyphy/ptII/lib/jackson-annotations-2.9.0.jar:/home/travis/build/icyphy/ptII/lib/jackson-core-2.9.3.jar:/home/travis/build/icyphy/ptII/lib/jackson-databind-2.9.3.jar:/home/travis/build/icyphy/ptII/lib/netty-buffer-4.1.19.Final.jar:/home/travis/build/icyphy/ptII/lib/netty-codec-4.1.19.Final.jar:/home/travis/build/icyphy/ptII/lib/netty-codec-dns-4.1.19.Final.jar:/home/travis/build/icyphy/ptII/lib/netty-codec-http-4.1.19.Final.jar:/home/travis/build/icyphy/ptII/lib/netty-codec-http2-4.1.19.Final.jar:/home/travis/build/icyphy/ptII/lib/netty-common-4.1.19.Final.jar:/home/travis/build/icyphy/ptII/lib/netty-handler-4.1.19.Final.jar:/home/travis/build/icyphy/ptII/lib/netty-resolver-4.1.19.Final.jar:/home/travis/build/icyphy/ptII/lib/netty-resolver-dns-4.1.19.Final.jar:/home/travis/build/icyphy/ptII/lib/netty-transport-4.1.19.Final.jar:/home/travis/build/icyphy/ptII/lib/vertx-codegen-3.5.1.jar:/home/travis/build/icyphy/ptII/lib/vertx-core-3.5.2-SNAPSHOT.jar:/home/travis/build/icyphy/ptII/lib/vertx-hazelcast-3.5.1.jar:/home/travis/build/icyphy/ptII/lib/vertx-lang-js-3.5.1.jar:/home/travis/build/icyphy/ptII/lib/vertx-service-proxy-3.5.1.jar:/home/travis/build/icyphy/ptII/lib/vertx-web-3.5.1.jar:/home/travis/build/icyphy/ptII/lib/slf4j-api-1.7.13.jar:/home/travis/build/icyphy/ptII/lib/slf4j-simple-1.7.13.jar:/home/travis/build/icyphy/ptII/lib/webcam-capture-0.3.12.jar:/home/travis/build/icyphy/ptII/lib/bridj-0.7.0.jar:/home/travis/build/icyphy/ptII/lib/xbjlib-1.1.0.nrjavaserial.jar" />
    <property name="timeout" value="2400000" />
    <property name="test.batch" value="**/junit/*.java" />
    <property name="env._" value="/usr/bin/timeout" />
    <property name="java.io.tmpdir" value="/tmp" />
    <property name="user.language" value="en" />
    <property name="env.TRAVIS_INTERNAL_RUBY_REGEX" value="^ruby-(2\.[0-4]\.[0-9]|1\.9\.3)" />
    <property name="env.HISTCONTROL" value="ignoredups:ignorespace" />
    <property name="env.GOROOT" value="/home/travis/.gimme/versions/go1.11.1.linux.amd64" />
    <property name="line.separator" value="&#xa;" />
    <property name="target" value="11" />
    <property name="env.TRAVIS_BUILD_DIR" value="/home/travis/build/icyphy/ptII" />
    <property name="env.ANT_OPTS" value="-Xmx2048m" />
    <property name="ant.file.type" value="file" />
    <property name="ptolemy.ptII.batchMode" value="true" />
    <property name="env.HISTSIZE" value="1000" />
    <property name="env.MERB_ENV" value="test" />
    <property name="java.vm.info" value="mixed mode" />
    <property name="source" value="11" />
    <property name="java.vm.specification.name" value="Java Virtual Machine Specification" />
    <property name="env.TRAVIS_TEST_RESULT" value="0" />
    <property name="jsdoc.command" value="node_modules/@terraswarm/jsdoc/jsdoc.js" />
    <property name="npm.works" value="true" />
    <property name="cobertura.dir" value="/home/travis/build/icyphy/ptII/vendors/cobertura-2.0.3" />
    <property name="jsdoc.command.exists" value="true" />
    <property name="env.rvm_path" value="/home/travis/.rvm" />
    <property name="env.GEM_PATH" value="/home/travis/.rvm/gems/ruby-2.5.3:/home/travis/.rvm/gems/ruby-2.5.3@global" />
    <property name="env.LC_CTYPE" value="en_US.UTF-8" />
    <property name="env.TRAVIS_CMD" value="$PTII/bin/ptIITravisBuild.sh $SECONDS" />
    <property name="java.awt.printerjob" value="sun.print.PSPrinterJob" />
    <property name="env.TRAVIS_STACK_NAME" value="sardonyx" />
    <property name="env.TRAVIS_TIMER_START_TIME" value="1572242612594519017" />
    <property name="ant.version" value="Apache Ant(TM) version 1.10.1 compiled on February 2 2017" />
    <property name="ptII.reports" value="/home/travis/build/icyphy/ptII/reports" />
    <property name="env.TRAVIS_STACK_TIMESTAMP" value="2019-03-25 16:16:56 UTC" />
    <property name="ant.file.type.ptII" value="file" />
    <property name="env.RBENV_SHELL" value="bash" />
    <property name="os.name" value="Linux" />
    <property name="java.specification.vendor" value="Oracle Corporation" />
    <property name="env.rvm_version" value="1.29.7 (latest)" />
    <property name="env.TRAVIS_INFRA" value="unknown" />
    <property name="env.TERM" value="xterm" />
    <property name="java.vm.name" value="OpenJDK 64-Bit Server VM" />
    <property name="env.TRAVIS_BUILD_NUMBER" value="1378" />
    <property name="env.CI" value="true" />
    <property name="java.library.path" value="/home/travis/pthla/certi-tools/lib:/usr/lib/jni:/usr/local/share/OpenCV/java/:/usr/share/OpenCV/java::/usr/java/packages/lib:/usr/lib64:/lib64:/lib:/usr/lib" />
    <property name="jdk.module.path" value="/home/travis/build/icyphy/ptII/vendors/javafx/javafx-sdk-11.0.2/lib:" />
    <property name="env.rvm_prefix" value="/home/travis" />
    <property name="env.PATH" value="/home/travis/pthla/certi-tools/share/scripts:/home/travis/.rvm/gems/ruby-2.5.3/bin:/home/travis/.rvm/gems/ruby-2.5.3@global/bin:/home/travis/.rvm/rubies/ruby-2.5.3/bin:/home/travis/.rvm/bin:/home/travis/.nvm/versions/node/v7.10.1/bin:./node_modules/.bin:/home/travis/build/icyphy/ptII/bin:/home/travis/pthla/certi-tools/bin:/home/travis/bin:/home/travis/.local/bin:/usr/local/lib/jvm/openjdk11/bin:/opt/pyenv/shims:/home/travis/.phpenv/shims:/home/travis/perl5/perlbrew/bin:/home/travis/gopath/bin:/home/travis/.gimme/versions/go1.11.1.linux.amd64/bin:/usr/local/maven-3.6.0/bin:/usr/local/cmake-3.12.4/bin:/usr/local/clang-7.0.0/bin:/usr/local/sbin:/usr/local/bin:/usr/sbin:/usr/bin:/sbin:/bin:/snap/bin:/home/travis/.phpenv/bin:/opt/pyenv/bin:/home/travis/.yarn/bin" />
    <property name="env.TRAVIS_OS_NAME" value="linux" />
    <property name="ant.java.version" value="9" />
    <property name="basedir" value="/home/travis/build/icyphy/ptII" />
    <property name="java.class.version" value="55.0" />
    <property name="env.SHLVL" value="3" />
    <property name="env.LD_LIBRARY_PATH" value="/home/travis/pthla/certi-tools/lib:/usr/lib/jni:/usr/local/share/OpenCV/java/:/usr/share/OpenCV/java:" />
    <property name="env.RACK_ENV" value="test" />
    <property name="ant.home" value="/home/travis/build/icyphy/ptII/ant" />
    <property name="env.NVM_DIR" value="/home/travis/.nvm" />
    <property name="env.CERTI_FOM_PATH" value="/home/travis/pthla/certi-tools/share/federations" />
    <property name="env.TRAVIS_BUILD_ID" value="603739716" />
    <property name="env.PYENV_ROOT" value="/opt/pyenv" />
    <property name="env.TRAVIS_UID" value="2000" />
    <property name="prism.verbose" value="true" />
    <property name="env.NVM_BIN" value="/home/travis/.nvm/versions/node/v7.10.1/bin" />
    <property name="env.TRAVIS_COMMIT" value="4d8f235a1445b5e1cf53b20eaca7c153db736dc2" />
    <property name="env._system_arch" value="x86_64" />
    <property name="node.executable" value="node" />
    <property name="sun.boot.library.path" value="/usr/local/lib/jvm/openjdk11/lib" />
    <property name="sun.management.compiler" value="HotSpot 64-Bit Tiered Compilers" />
    <property name="java.awt.graphicsenv" value="sun.awt.X11GraphicsEnvironment" />
    <property name="env.GOPATH" value="/home/travis/gopath" />
    <property name="ptolemy.ptII.dir" value="/home/travis/build/icyphy/ptII" />
    <property name="env.USER" value="travis" />
    <property name="env.HISTFILESIZE" value="2000" />
    <property name="timeout.longest" value="19000000" />
    <property name="env.PERLBREW_SHELLRC_VERSION" value="0.86" />
    <property name="env.TRAVIS_STACK_FEATURES" value="basic couchdb disabled-ipv6 docker docker-compose elasticsearch firefox go-toolchain google-chrome jdk memcached mongodb mysql nodejs_interpreter perl_interpreter perlbrew phantomjs postgresql python_interpreter redis ruby_interpreter sqlite xserver" />
    <property name="env.TRAVIS_PULL_REQUEST" value="false" />
    <property name="env.PYENV_SHELL" value="bash" />
    <property name="ant.project.name" value="ptII" />
    <property name="env.ANSI_RESET" value="\033[0m" />
    <property name="java.vm.specification.version" value="11" />
    <property name="env.TRAVIS_DIST" value="xenial" />
    <property name="env.CERTI_VERSION" value="4.0.0" />
    <property name="env.CERTI_HOST" value="localhost" />
    <property name="awt.toolkit" value="sun.awt.X11.XToolkit" />
    <property name="env.MY_RUBY_HOME" value="/home/travis/.rvm/rubies/ruby-2.5.3" />
    <property name="sun.cpu.isalist" value="" />
    <property name="env.TRAVIS_TMPDIR" value="/tmp/tmp.HIUIsA8y3K" />
    <property name="java.vm.compressedOopsMode" value="Zero based" />
    <property name="os.version" value="4.15.0-1028-gcp" />
    <property name="user.home" value="/home/travis" />
    <property name="java.vm.vendor" value="Oracle Corporation" />
    <property name="env.TRAVIS_TAG" value="nightly" />
    <property name="env.ANSI_YELLOW" value="\033[33;1m" />
    <property name="env.TRAVIS_FILTERED" value="redirect_io" />
    <property name="env.ANSI_GREEN" value="\033[32;1m" />
    <property name="env.JAVA_HOME" value="/usr/local/lib/jvm/openjdk11" />
    <property name="javadoc.excludepackagenames" value="adm.cvs2svn.*,build.*,config.*,doc.coding.templates.*,jni.test.jni.meaningOfLife.*,jni.test.jni.testDeux.*,jni.test.jni.testTrois.*,org.terraswarm.accessor.accessors.web.node_modules.*,org.terraswarm.accessor.accessors.web.hosts.cordova.demo.*,org.terraswarm.accessor.accessors.web.hosts.cordova.plugins.*,org.terraswarm.accessor.accessors-svn.*,pt-modules.*,ptolemy.apps.agilent.*,ptolemy.apps.anytimecontrol.*,ptolemy.apps.apes.*,ptolemy.apps.charon.*,ptolemy.apps.crazyboard.*,ptolemy.apps.eclipse.*,ptolemy.apps.etherealSting.*,ptolemy.apps.fullscreen.*,ptolemy.apps.giotto.*,ptolemy.apps.ia.*,ptolemy.apps.interfaces.*,ptolemy.apps.jmf.*,ptolemy.apps.kurt.*,ptolemy.apps.kvm.*,ptolemy.apps.lego.*,ptolemy.apps.lejos.*,ptolemy.apps.midp.*,ptolemy.apps.mobileCoding.*,ptolemy.apps.pendulum.*,ptolemy.apps.rijndael.*,ptolemy.apps.robot.*,ptolemy.apps.security.*,ptolemy.apps.sobel.*,ptolemy.apps.soot.*,ptolemy.apps.throttle.*,ptolemy.apps.tini.*,ptolemy.apps.transmission.*,ptolemy.apps.vergil.*,ptolemy.apps.waba.*,ptolemy.apps.websensor.*,ptolemy.apps.webstart.*,ptolemy.apps.xsl.*,ptolemy.apps.zaurus.*,ptolemy.codegen.c.actor.lib.oldJavaFiles.*,ptolemy.codegen.dsp.lib.*,ptolemy.codegen.kernel.newInterfaces.*,ptolemy.codegen.lib.*,ptolemy.copernicus.kernel.fragment.*,ptolemy.copernicus.shallow.cg.*,ptolemy.domains.giotto.demo.Hierarchy.Hierarchy.*,ptolemy.domains.giotto.demo.Multimode.Multimode.*,ptolemy.domains.giotto.demo.Simple.Simple.*,ptolemy.domains.gr.lib.experimental.*,ptolemy.domains.gro.*,ptolemy.domains.pdf.*,ptolemy.domains.ptinyos.demo.Surge.output.*,ptolemy.moml.test.NoPackageActor.java*,ptolemy.plot.adm.*,ptolemy.plot.servlet.*,reports.*,signed.*,src.*,target.*,vendors.*,ptolemy.copernicus.applet.*,ptolemy.media.viewer.*,ptolemy.actor.corba.*,doc.doclets.*,ptolemy.apps.eclipse.awt.*,ptolemy.backtrack.*,ptolemy.backtrack.ast.*,ptolemy.cg.adapter.generic.program.procedural.c.mbed*,ptolemy.homer.*,ptolemy.actor.lib.jai.*,org.ptolemy.scala.*,diva.util.java2d.svg.*,ptolemy.domains.ptinyos.*,ptolemy.actor.lib.fmi.fmipp.*,,org.terraswarm.accessor.accessors.web.node_modules.*,org.terraswarm.accessor.accessors-svn,ptolemy.apps.*,ptolemy.actor.ptalon.demo.ptinyos.SendAndReceiveCnt.output,ptolemy.actor.ptalon.demo.ptinyos.SenseToLeds.output,ptolemy.domains.ptinyos.demo.CntToLedsAndRfm.output,ptolemy.domains.ptinyos.demo.RfmToLeds.output,ptolemy.domains.ptinyos.demo.SendAndReceiveCnt.output,ptolemy.domains.ptinyos.demo.SenseToLeds.output,ptolemy.actor.lib.jjs.modules.udpSocket.*" />
    <property name="env.PTII" value="/home/travis/build/icyphy/ptII" />
    <property name="env.XDG_SESSION_ID" value="2" />
    <property name="keystore" value="ptKeystore" />
    <property name="env.TRAVIS_COMMIT_MESSAGE" value="Updated occupancy" />
    <property name="junit.output.dir" value="/home/travis/build/icyphy/ptII/reports/junit" />
    <property name="npm.return.code" value="0" />
    <property name="user.dir" value="/home/travis/build/icyphy/ptII/ptolemy/domains/de/test" />
    <property name="env.TRAVIS_NODE_VERSION" value="7" />
    <property name="env.TRAVIS_EVENT_TYPE" value="cron" />
    <property name="env.MAIL" value="/var/mail/travis" />
    <property name="env.PERLBREW_ROOT" value="/home/travis/perl5/perlbrew" />
    <property name="env.PWD" value="/home/travis/build/icyphy/ptII" />
    <property name="timeout.npm" value="45000" />
    <property name="env.PT_TRAVIS_TEST_CORE2_XML" value="true" />
    <property name="env.TRAVIS_ARCH" value="amd64" />
    <property name="sun.cpu.endian" value="little" />
    <property name="env.PAGER" value="cat" />
    <property name="env.TRAVIS_BUILD_STAGE_NAME" value="Test" />
    <property name="env.PERLBREW_HOME" value="/home/travis/.perlbrew" />
    <property name="java.vm.version" value="11.0.2+9" />
    <property name="env.RAILS_ENV" value="test" />
    <property name="java.class.path" value="/home/travis/build/icyphy/ptII:/home/travis/build/icyphy/ptII/lib/bsh-2.0b4.jar:/home/travis/build/icyphy/ptII/lib/ptCal.jar:/home/travis/build/icyphy/ptII/lib/java_cup.jar:/home/travis/build/icyphy/ptII/lib/saxon8.jar:/home/travis/build/icyphy/ptII/lib/saxon8-dom.jar:/home/travis/build/icyphy/ptII/lib/chic.jar:/home/travis/build/icyphy/ptII/lib/ptcolt.jar:/home/travis/build/icyphy/ptII/vendors/misc/itext/iText.jar:/home/travis/build/icyphy/ptII/lib/g4ltl.jar:/home/travis/build/icyphy/ptII/lib/StructuralCoder.jar:/home/travis/build/icyphy/ptII/lib/jcerti.jar:/home/travis/build/icyphy/ptII/lib/javax.mail.jar:/home/travis/build/icyphy/ptII/vendors/JMF-2.1.1e/lib/jmf.jar:/home/travis/build/icyphy/ptII/lib/jna-4.0.0-variadic.jar:/home/travis/build/icyphy/ptII/vendors/misc/joystick/Joystick.jar:/home/travis/build/icyphy/ptII/lib/ptjacl.jar:/home/travis/build/icyphy/ptII/lib/jsoup-1.8.2.jar:/home/travis/build/icyphy/ptII/lib/junit-4.8.2.jar:/home/travis/build/icyphy/ptII/lib/JUnitParams-0.4.0.jar:/home/travis/build/icyphy/ptII/ptolemy/actor/lib/excel/jxl.jar:/home/travis/build/icyphy/ptII/lib/jython.jar:/home/travis/build/icyphy/ptII/lib/kieler.jar:/home/travis/build/icyphy/ptII/vendors/opencv/share/OpenCV/java/opencv-341.jar:/home/travis/build/icyphy/ptII/lib/oscP5.jar:/home/travis/build/icyphy/ptII/lib/nrjavaserial-3.11.0.devel.jar:/home/travis/build/icyphy/ptII/vendors/j3d/lib/Linux/j3dcore.jar:/home/travis/build/icyphy/ptII/vendors/j3d/lib/Linux/j3dutils.jar:/home/travis/build/icyphy/ptII/vendors/j3d/lib/Linux/vecmath.jar:/home/travis/build/icyphy/ptII/vendors/jogl/lib/Linux/gluegen-rt-natives-linux-amd64.jar:/home/travis/build/icyphy/ptII/vendors/jogl/lib/Linux/gluegen-rt.jar:/home/travis/build/icyphy/ptII/vendors/jogl/lib/Linux/jogl-all-natives-linux-amd64.jar:/home/travis/build/icyphy/ptII/vendors/jogl/lib/Linux/jogl-all.jar:/home/travis/build/icyphy/ptII/ptolemy/distributed/jini/jar/jini-core.jar:/home/travis/build/icyphy/ptII/ptolemy/distributed/jini/jar/jini-ext.jar:/home/travis/build/icyphy/ptII/ptolemy/distributed/jini/jar/sun-util.jar:/home/travis/build/icyphy/ptII/lib/protobuf-java-2.4.1.jar:/home/travis/build/icyphy/ptII/lib/org.eclipse.paho.client.mqttv3.jar:/home/travis/build/icyphy/ptII/lib/mapss.jar:/home/travis/build/icyphy/ptII/ptolemy/actor/ptalon/antlr/antlr.jar:/home/travis/build/icyphy/ptII/lib/JRI.jar:/home/travis/build/icyphy/ptII/lib/commons-lang-2.6.jar:/home/travis/build/icyphy/ptII/lib/commons-logging-1.1.1.jar:/home/travis/build/icyphy/ptII/lib/sootclasses.jar:/home/travis/build/icyphy/ptII/ptolemy/actor/lib/database/mysql-connector-java-5.1.6-bin.jar:/home/travis/build/icyphy/ptII/vendors/misc/sphinx4/sphinx4-data-5prealpha.jar:/home/travis/build/icyphy/ptII/vendors/misc/sphinx4/sphinx4-core-5prealpha.jar:/home/travis/build/icyphy/ptII/lib/PDFRenderer.jar:/home/travis/build/icyphy/ptII/lib/svgSalamander.jar:/home/travis/build/icyphy/ptII/lib/rsyntaxtextarea-2.6.0-SNAPSHOT.jar:/home/travis/build/icyphy/ptII/lib/hazelcast-3.8.2.jar:/home/travis/build/icyphy/ptII/lib/jackson-annotations-2.9.0.jar:/home/travis/build/icyphy/ptII/lib/jackson-core-2.9.3.jar:/home/travis/build/icyphy/ptII/lib/jackson-databind-2.9.3.jar:/home/travis/build/icyphy/ptII/lib/netty-buffer-4.1.19.Final.jar:/home/travis/build/icyphy/ptII/lib/netty-codec-4.1.19.Final.jar:/home/travis/build/icyphy/ptII/lib/netty-codec-dns-4.1.19.Final.jar:/home/travis/build/icyphy/ptII/lib/netty-codec-http-4.1.19.Final.jar:/home/travis/build/icyphy/ptII/lib/netty-codec-http2-4.1.19.Final.jar:/home/travis/build/icyphy/ptII/lib/netty-common-4.1.19.Final.jar:/home/travis/build/icyphy/ptII/lib/netty-handler-4.1.19.Final.jar:/home/travis/build/icyphy/ptII/lib/netty-resolver-4.1.19.Final.jar:/home/travis/build/icyphy/ptII/lib/netty-resolver-dns-4.1.19.Final.jar:/home/travis/build/icyphy/ptII/lib/netty-transport-4.1.19.Final.jar:/home/travis/build/icyphy/ptII/lib/vertx-codegen-3.5.1.jar:/home/travis/build/icyphy/ptII/lib/vertx-core-3.5.2-SNAPSHOT.jar:/home/travis/build/icyphy/ptII/lib/vertx-hazelcast-3.5.1.jar:/home/travis/build/icyphy/ptII/lib/vertx-lang-js-3.5.1.jar:/home/travis/build/icyphy/ptII/lib/vertx-service-proxy-3.5.1.jar:/home/travis/build/icyphy/ptII/lib/vertx-web-3.5.1.jar:/home/travis/build/icyphy/ptII/lib/slf4j-api-1.7.13.jar:/home/travis/build/icyphy/ptII/lib/slf4j-simple-1.7.13.jar:/home/travis/build/icyphy/ptII/lib/webcam-capture-0.3.12.jar:/home/travis/build/icyphy/ptII/lib/bridj-0.7.0.jar:/home/travis/build/icyphy/ptII/lib/xbjlib-1.1.0.nrjavaserial.jar:/home/travis/build/icyphy/ptII/ptolemy/moml/test:/home/travis/build/icyphy/ptII/ant/lib/ant-launcher.jar:/home/travis/build/icyphy/ptII/ant/lib/ant.jar:/home/travis/build/icyphy/ptII/ant/lib/ant-junit.jar:/home/travis/build/icyphy/ptII/ant/lib/ant-junit4.jar" />
    <property name="ant.library.dir" value="/home/travis/build/icyphy/ptII/ant/lib" />
    <property name="os.arch" value="amd64" />
    <property name="env.CONTINUOUS_INTEGRATION" value="true" />
    <property name="env.TRAVIS_LANGUAGE" value="node_js" />
    <property name="env.TRAVIS_STACK_LANGUAGES" value="__sardonyx__ c c++ clojure cplusplus cpp default generic go groovy java node_js php pure_java python ruby scala" />
    <property name="test.name" value="ptolemy.actor.lib.test.junit.JUnitTclTest" />
    <property name="env.APT_KEY_DONT_WARN_ON_DANGEROUS_USAGE" value="1" />
    <property name="sun.java.launcher" value="SUN_STANDARD" />
    <property name="env.PYTHON_CONFIGURE_OPTS" value="--enable-unicode=ucs4 --with-wide-unicode --enable-shared --enable-ipv6 --enable-loadable-sqlite-extensions --with-computed-gotos" />
    <property name="ant.core.lib" value="/home/travis/build/icyphy/ptII/ant/lib/ant.jar" />
    <property name="java.vm.specification.vendor" value="Oracle Corporation" />
    <property name="env.BCVTB_HOME" value="/home/travis/build/icyphy/ptII/lbnl" />
    <property name="file.separator" value="/" />
    <property name="spotbugs.home" value="/home/travis/build/icyphy/ptII/vendors/spotbugs-3.1.1" />
    <property name="java.runtime.version" value="11.0.2+9" />
    <property name="env.ANSI_CLEAR" value="\033[0K" />
    <property name="javafx.verbose" value="true" />
    <property name="env.HAS_JOSH_K_SEAL_OF_APPROVAL" value="true" />
    <property name="env.XDG_RUNTIME_DIR" value="/run/user/2000" />
    <property name="env.TRAVIS_OSX_IMAGE" value="" />
    <property name="env.TRAVIS_JOB_ID" value="603739725" />
    <property name="env.TRAVIS_BRANCH" value="master" />
    <property name="user.country" value="US" />
    <property name="env.CERTI_HOME_TRAVIS" value="/home/travis/pthla/certi-tools" />
    <property name="env.SHELL" value="/bin/bash" />
    <property name="java.maxmemory.large" value="3200m" />
    <property name="model" value="" />
    <property name="env.CASHER_DIR" value="/home/travis/.casher" />
    <property name="env.NVM_CD_FLAGS" value="" />
    <property name="java.vendor.version" value="18.9" />
    <property name="jshint.executable" value="/home/travis/node_modules/jshint/bin/jshint" />
    <property name="env.JRUBY_OPTS" value=" --client -J-XX:+TieredCompilation -J-XX:TieredStopAtLevel=1 -J-Xss2m -Xcompile.invokedynamic=false" />
    <property name="java.vendor" value="Oracle Corporation" />
    <property name="env.TRAVIS_PRE_CHEF_BOOTSTRAP_TIME" value="2019-03-25T16:16:42" />
    <property name="env.TRAVIS_STACK_JOB_BOARD_REGISTER" value="/.job-board-register.yml" />
    <property name="env.ANSI_RED" value="\033[31;1m" />
    <property name="java.specification.version" value="11" />
    <property name="env.IRBRC" value="/home/travis/.rvm/rubies/ruby-2.5.3/.irbrc" />
    <property name="env.TRAVIS" value="true" />
    <property name="sun.arch.data.model" value="64" />
  </properties>
  <testcase classname="ptolemy.util.test.junit.TclTests" name="[0] /home/travis/build/icyphy/ptII/ptolemy/domains/de/test/DependencyLoop.tcl (RunTclFile)" time="1.152" />
  <testcase classname="ptolemy.util.test.junit.TclTests" name="[1] /home/travis/build/icyphy/ptII/ptolemy/domains/de/test/RunDETestsAsQSS.tcl (RunTclFile)" time="96.639" />
  <testcase classname="ptolemy.util.test.junit.AutoKnownFailedTests" name="[0] /home/travis/build/icyphy/ptII/ptolemy/domains/de/test/auto/knownFailedTests/DESDFClockTest.xml (RunModel)" time="2.047" />
  <testcase classname="ptolemy.util.test.junit.AutoKnownFailedTests" name="[1] /home/travis/build/icyphy/ptII/ptolemy/domains/de/test/auto/knownFailedTests/DirectFeedback.xml (RunModel)" time="0.02" />
  <testcase classname="ptolemy.util.test.junit.AutoKnownFailedTests" name="[2] /home/travis/build/icyphy/ptII/ptolemy/domains/de/test/auto/knownFailedTests/FSMSource.xml (RunModel)" time="0.03" />
  <testcase classname="ptolemy.util.test.junit.AutoKnownFailedTests" name="[3] /home/travis/build/icyphy/ptII/ptolemy/domains/de/test/auto/knownFailedTests/HierarchicalModel.xml (RunModel)" time="0.045" />
  <testcase classname="ptolemy.util.test.junit.AutoKnownFailedTests" name="[4] /home/travis/build/icyphy/ptII/ptolemy/domains/de/test/auto/knownFailedTests/dependencyLoop.xml (RunModel)" time="0.049" />
  <testcase classname="ptolemy.util.test.junit.AutoKnownFailedTests" name="[5] /home/travis/build/icyphy/ptII/ptolemy/domains/de/test/auto/knownFailedTests/dependencyLoop2.xml (RunModel)" time="0.042" />
  <testcase classname="ptolemy.util.test.junit.AutoNameArchTests" name="[0] ThereAreNoAutoArchTests (RunModel)" time="0.005" />
  <testcase classname="ptolemy.util.test.junit.AutoTests" name="[0] /home/travis/build/icyphy/ptII/ptolemy/domains/de/test/auto/ActorDepthCalculation_actorWithoutPorts.xml (RunModel)" time="0.028" />
  <testcase classname="ptolemy.util.test.junit.AutoTests" name="[1] /home/travis/build/icyphy/ptII/ptolemy/domains/de/test/auto/AssemblyLine.xml (RunModel)" time="0.023" />
  <testcase classname="ptolemy.util.test.junit.AutoTests" name="[2] /home/travis/build/icyphy/ptII/ptolemy/domains/de/test/auto/CQBug1.xml (RunModel)" time="0.007" />
  <testcase classname="ptolemy.util.test.junit.AutoTests" name="[3] /home/travis/build/icyphy/ptII/ptolemy/domains/de/test/auto/CancelFireAt.xml (RunModel)" time="0.022" />
  <testcase classname="ptolemy.util.test.junit.AutoTests" name="[4] /home/travis/build/icyphy/ptII/ptolemy/domains/de/test/auto/CausalityAndComposabilityAnalysis.xml (RunModel)" time="0.022" />
  <testcase classname="ptolemy.util.test.junit.AutoTests" name="[5] /home/travis/build/icyphy/ptII/ptolemy/domains/de/test/auto/CausalityInterface1.xml (RunModel)" time="0.018" />
  <testcase classname="ptolemy.util.test.junit.AutoTests" name="[6] /home/travis/build/icyphy/ptII/ptolemy/domains/de/test/auto/CausalityInterface15.xml (RunModel)" time="0.018" />
  <testcase classname="ptolemy.util.test.junit.AutoTests" name="[7] /home/travis/build/icyphy/ptII/ptolemy/domains/de/test/auto/CausalityInterface2.xml (RunModel)" time="0.013" />
  <testcase classname="ptolemy.util.test.junit.AutoTests" name="[8] /home/travis/build/icyphy/ptII/ptolemy/domains/de/test/auto/CausalityInterface3.xml (RunModel)" time="0.014" />
  <testcase classname="ptolemy.util.test.junit.AutoTests" name="[9] /home/travis/build/icyphy/ptII/ptolemy/domains/de/test/auto/ClockDrift.xml (RunModel)" time="0.04" />
  <testcase classname="ptolemy.util.test.junit.AutoTests" name="[10] /home/travis/build/icyphy/ptII/ptolemy/domains/de/test/auto/ClockDriftAndValueChange.xml (RunModel)" time="0.038" />
  <testcase classname="ptolemy.util.test.junit.AutoTests" name="[11] /home/travis/build/icyphy/ptII/ptolemy/domains/de/test/auto/ClockDriftChange.xml (RunModel)" time="0.042" />
  <testcase classname="ptolemy.util.test.junit.AutoTests" name="[12] /home/travis/build/icyphy/ptII/ptolemy/domains/de/test/auto/ComposableCausalityAnalysis.xml (RunModel)" time="0.017" />
  <testcase classname="ptolemy.util.test.junit.AutoTests" name="[13] /home/travis/build/icyphy/ptII/ptolemy/domains/de/test/auto/DEFixedPointLimitation.xml (RunModel)" time="0.009" />
  <testcase classname="ptolemy.util.test.junit.AutoTests" name="[14] /home/travis/build/icyphy/ptII/ptolemy/domains/de/test/auto/DEScheduleTest.xml (RunModel)" time="0.014" />
  <testcase classname="ptolemy.util.test.junit.AutoTests" name="[15] /home/travis/build/icyphy/ptII/ptolemy/domains/de/test/auto/DEinDEwithStartTimes.xml (RunModel)" time="0.015" />
  <testcase classname="ptolemy.util.test.junit.AutoTests" name="[16] /home/travis/build/icyphy/ptII/ptolemy/domains/de/test/auto/DEinDEwithStartTimes2.xml (RunModel)" time="0.021" />
  <testcase classname="ptolemy.util.test.junit.AutoTests" name="[17] /home/travis/build/icyphy/ptII/ptolemy/domains/de/test/auto/DateDemo.xml (RunModel)" time="0.048" />
  <testcase classname="ptolemy.util.test.junit.AutoTests" name="[18] /home/travis/build/icyphy/ptII/ptolemy/domains/de/test/auto/DateToEvent.xml (RunModel)" time="2.043" />
  <testcase classname="ptolemy.util.test.junit.AutoTests" name="[19] /home/travis/build/icyphy/ptII/ptolemy/domains/de/test/auto/DepthTest1.xml (RunModel)" time="0.009" />
  <testcase classname="ptolemy.util.test.junit.AutoTests" name="[20] /home/travis/build/icyphy/ptII/ptolemy/domains/de/test/auto/DepthTest2.xml (RunModel)" time="0.032" />
  <testcase classname="ptolemy.util.test.junit.AutoTests" name="[21] /home/travis/build/icyphy/ptII/ptolemy/domains/de/test/auto/DepthTest3.xml (RunModel)" time="0.01" />
  <testcase classname="ptolemy.util.test.junit.AutoTests" name="[22] /home/travis/build/icyphy/ptII/ptolemy/domains/de/test/auto/DepthTest4.xml (RunModel)" time="0.02" />
  <testcase classname="ptolemy.util.test.junit.AutoTests" name="[23] /home/travis/build/icyphy/ptII/ptolemy/domains/de/test/auto/DepthTest5.xml (RunModel)" time="0.017" />
  <testcase classname="ptolemy.util.test.junit.AutoTests" name="[24] /home/travis/build/icyphy/ptII/ptolemy/domains/de/test/auto/DepthTest6.xml (RunModel)" time="0.013" />
  <testcase classname="ptolemy.util.test.junit.AutoTests" name="[25] /home/travis/build/icyphy/ptII/ptolemy/domains/de/test/auto/DepthTest7.xml (RunModel)" time="0.019" />
  <testcase classname="ptolemy.util.test.junit.AutoTests" name="[26] /home/travis/build/icyphy/ptII/ptolemy/domains/de/test/auto/EventToDate.xml (RunModel)" time="3.037" />
  <testcase classname="ptolemy.util.test.junit.AutoTests" name="[27] /home/travis/build/icyphy/ptII/ptolemy/domains/de/test/auto/FSM1.xml (RunModel)" time="0.046" />
  <testcase classname="ptolemy.util.test.junit.AutoTests" name="[28] /home/travis/build/icyphy/ptII/ptolemy/domains/de/test/auto/FSM7.xml (RunModel)" time="0.052" />
  <testcase classname="ptolemy.util.test.junit.AutoTests" name="[29] /home/travis/build/icyphy/ptII/ptolemy/domains/de/test/auto/Inspection.xml (RunModel)" time="0.052" />
  <testcase classname="ptolemy.util.test.junit.AutoTests" name="[30] /home/travis/build/icyphy/ptII/ptolemy/domains/de/test/auto/Iteration.xml (RunModel)" time="0.039" />
  <testcase classname="ptolemy.util.test.junit.AutoTests" name="[31] /home/travis/build/icyphy/ptII/ptolemy/domains/de/test/auto/LineFault.xml (RunModel)" time="0.752" />
  <testcase classname="ptolemy.util.test.junit.AutoTests" name="[32] /home/travis/build/icyphy/ptII/ptolemy/domains/de/test/auto/MergeModel1Add.xml (RunModel)" time="0.055" />
  <testcase classname="ptolemy.util.test.junit.AutoTests" name="[33] /home/travis/build/icyphy/ptII/ptolemy/domains/de/test/auto/MergeModel2Add.xml (RunModel)" time="0.037" />
  <testcase classname="ptolemy.util.test.junit.AutoTests" name="[34] /home/travis/build/icyphy/ptII/ptolemy/domains/de/test/auto/MergeModel3Add.xml (RunModel)" time="0.048" />
  <testcase classname="ptolemy.util.test.junit.AutoTests" name="[35] /home/travis/build/icyphy/ptII/ptolemy/domains/de/test/auto/MergeWithoutDiscard.xml (RunModel)" time="0.015" />
  <testcase classname="ptolemy.util.test.junit.AutoTests" name="[36] /home/travis/build/icyphy/ptII/ptolemy/domains/de/test/auto/Modal1.xml (RunModel)" time="0.026" />
  <testcase classname="ptolemy.util.test.junit.AutoTests" name="[37] /home/travis/build/icyphy/ptII/ptolemy/domains/de/test/auto/Modal2.xml (RunModel)" time="0.032" />
  <testcase classname="ptolemy.util.test.junit.AutoTests" name="[38] /home/travis/build/icyphy/ptII/ptolemy/domains/de/test/auto/Modal3.xml (RunModel)" time="0.029" />
  <testcase classname="ptolemy.util.test.junit.AutoTests" name="[39] /home/travis/build/icyphy/ptII/ptolemy/domains/de/test/auto/Modal4.xml (RunModel)" time="0.037" />
  <testcase classname="ptolemy.util.test.junit.AutoTests" name="[40] /home/travis/build/icyphy/ptII/ptolemy/domains/de/test/auto/Modal5.xml (RunModel)" time="0.03" />
  <testcase classname="ptolemy.util.test.junit.AutoTests" name="[41] /home/travis/build/icyphy/ptII/ptolemy/domains/de/test/auto/Modal6.xml (RunModel)" time="0.027" />
  <testcase classname="ptolemy.util.test.junit.AutoTests" name="[42] /home/travis/build/icyphy/ptII/ptolemy/domains/de/test/auto/Modal7.xml (RunModel)" time="0.037" />
  <testcase classname="ptolemy.util.test.junit.AutoTests" name="[43] /home/travis/build/icyphy/ptII/ptolemy/domains/de/test/auto/ModalModel.xml (RunModel)" time="0.197" />
  <testcase classname="ptolemy.util.test.junit.AutoTests" name="[44] /home/travis/build/icyphy/ptII/ptolemy/domains/de/test/auto/ModalSource.xml (RunModel)" time="0.024" />
  <testcase classname="ptolemy.util.test.junit.AutoTests" name="[45] /home/travis/build/icyphy/ptII/ptolemy/domains/de/test/auto/NonInterruptibleTimerZeroDelay.xml (RunModel)" time="0.013" />
  <testcase classname="ptolemy.util.test.junit.AutoTests" name="[46] /home/travis/build/icyphy/ptII/ptolemy/domains/de/test/auto/OpenQueueingNetwork.xml (RunModel)" time="2.586" />
  <testcase classname="ptolemy.util.test.junit.AutoTests" name="[47] /home/travis/build/icyphy/ptII/ptolemy/domains/de/test/auto/OpenQueuingNetwork.xml (RunModel)" time="0.296" />
  <testcase classname="ptolemy.util.test.junit.AutoTests" name="[48] /home/travis/build/icyphy/ptII/ptolemy/domains/de/test/auto/PeriodicSampler.xml (RunModel)" time="0.012" />
  <testcase classname="ptolemy.util.test.junit.AutoTests" name="[49] /home/travis/build/icyphy/ptII/ptolemy/domains/de/test/auto/PersistentIO.xml (RunModel)" time="0.02" />
  <testcase classname="ptolemy.util.test.junit.AutoTests" name="[50] /home/travis/build/icyphy/ptII/ptolemy/domains/de/test/auto/PortParameterResetOnInitialize.xml (RunModel)" time="0.013" />
  <testcase classname="ptolemy.util.test.junit.AutoTests" name="[51] /home/travis/build/icyphy/ptII/ptolemy/domains/de/test/auto/PortParameterUpdates.xml (RunModel)" time="0.014" />
  <testcase classname="ptolemy.util.test.junit.AutoTests" name="[52] /home/travis/build/icyphy/ptII/ptolemy/domains/de/test/auto/QueueAndServer.xml (RunModel)" time="0.027" />
  <testcase classname="ptolemy.util.test.junit.AutoTests" name="[53] /home/travis/build/icyphy/ptII/ptolemy/domains/de/test/auto/Records.xml (RunModel)" time="0.015" />
  <testcase classname="ptolemy.util.test.junit.AutoTests" name="[54] /home/travis/build/icyphy/ptII/ptolemy/domains/de/test/auto/ResetTransitionWithStartTime1.xml (RunModel)" time="0.022" />
  <testcase classname="ptolemy.util.test.junit.AutoTests" name="[55] /home/travis/build/icyphy/ptII/ptolemy/domains/de/test/auto/ResetTransitionWithStartTime2.xml (RunModel)" time="0.023" />
  <testcase classname="ptolemy.util.test.junit.AutoTests" name="[56] /home/travis/build/icyphy/ptII/ptolemy/domains/de/test/auto/ResetTransitionWithStartTime3.xml (RunModel)" time="0.019" />
  <testcase classname="ptolemy.util.test.junit.AutoTests" name="[57] /home/travis/build/icyphy/ptII/ptolemy/domains/de/test/auto/ResetTransitionWithStartTime4.xml (RunModel)" time="0.018" />
  <testcase classname="ptolemy.util.test.junit.AutoTests" name="[58] /home/travis/build/icyphy/ptII/ptolemy/domains/de/test/auto/ResettableTimer1.xml (RunModel)" time="0.01" />
  <testcase classname="ptolemy.util.test.junit.AutoTests" name="[59] /home/travis/build/icyphy/ptII/ptolemy/domains/de/test/auto/ResettableTimer2.xml (RunModel)" time="0.011" />
  <testcase classname="ptolemy.util.test.junit.AutoTests" name="[60] /home/travis/build/icyphy/ptII/ptolemy/domains/de/test/auto/ResettableTimer3.xml (RunModel)" time="0.009" />
  <testcase classname="ptolemy.util.test.junit.AutoTests" name="[61] /home/travis/build/icyphy/ptII/ptolemy/domains/de/test/auto/ResettableTimer4.xml (RunModel)" time="0.011" />
  <testcase classname="ptolemy.util.test.junit.AutoTests" name="[62] /home/travis/build/icyphy/ptII/ptolemy/domains/de/test/auto/ResettableTimer5.xml (RunModel)" time="0.009" />
  <testcase classname="ptolemy.util.test.junit.AutoTests" name="[63] /home/travis/build/icyphy/ptII/ptolemy/domains/de/test/auto/ResettableTimer6.xml (RunModel)" time="0.015" />
  <testcase classname="ptolemy.util.test.junit.AutoTests" name="[64] /home/travis/build/icyphy/ptII/ptolemy/domains/de/test/auto/ServerZeroDelay.xml (RunModel)" time="0.012" />
  <testcase classname="ptolemy.util.test.junit.AutoTests" name="[65] /home/travis/build/icyphy/ptII/ptolemy/domains/de/test/auto/SmartSender.xml (RunModel)" time="3.009" />
  <testcase classname="ptolemy.util.test.junit.AutoTests" name="[66] /home/travis/build/icyphy/ptII/ptolemy/domains/de/test/auto/ThreadedComposite.xml (RunModel)" time="0.351" />
  <testcase classname="ptolemy.util.test.junit.AutoTests" name="[67] /home/travis/build/icyphy/ptII/ptolemy/domains/de/test/auto/Time.xml (RunModel)" time="0.465" />
  <testcase classname="ptolemy.util.test.junit.AutoTests" name="[68] /home/travis/build/icyphy/ptII/ptolemy/domains/de/test/auto/TimeDelayZeroDelay.xml (RunModel)" time="0.015" />
  <testcase classname="ptolemy.util.test.junit.AutoTests" name="[69] /home/travis/build/icyphy/ptII/ptolemy/domains/de/test/auto/TimerZeroDelay.xml (RunModel)" time="0.014" />
  <testcase classname="ptolemy.util.test.junit.AutoTests" name="[70] /home/travis/build/icyphy/ptII/ptolemy/domains/de/test/auto/TimingParadox.xml (RunModel)" time="0.42" />
  <testcase classname="ptolemy.util.test.junit.AutoTests" name="[71] /home/travis/build/icyphy/ptII/ptolemy/domains/de/test/auto/TransferInputs.xml (RunModel)" time="0.02" />
  <testcase classname="ptolemy.util.test.junit.AutoTests" name="[72] /home/travis/build/icyphy/ptII/ptolemy/domains/de/test/auto/TransferOutputs2.xml (RunModel)" time="0.021" />
  <testcase classname="ptolemy.util.test.junit.AutoTests" name="[73] /home/travis/build/icyphy/ptII/ptolemy/domains/de/test/auto/Trilateration.xml (RunModel)" time="14.315" />
  <testcase classname="ptolemy.util.test.junit.AutoTests" name="[74] /home/travis/build/icyphy/ptII/ptolemy/domains/de/test/auto/TwoSigmaDelta.xml (RunModel)" time="2.429" />
  <testcase classname="ptolemy.util.test.junit.AutoTests" name="[75] /home/travis/build/icyphy/ptII/ptolemy/domains/de/test/auto/VariableDelay.xml (RunModel)" time="0.011" />
  <testcase classname="ptolemy.util.test.junit.AutoTests" name="[76] /home/travis/build/icyphy/ptII/ptolemy/domains/de/test/auto/VariableDelay2.xml (RunModel)" time="0.016" />
  <testcase classname="ptolemy.util.test.junit.AutoTests" name="[77] /home/travis/build/icyphy/ptII/ptolemy/domains/de/test/auto/VariableDelayZeroDelay.xml (RunModel)" time="0.018" />
  <testcase classname="ptolemy.util.test.junit.AutoTests" name="[78] /home/travis/build/icyphy/ptII/ptolemy/domains/de/test/auto/VariableDelayZeroDelay2.xml (RunModel)" time="0.019" />
  <testcase classname="ptolemy.util.test.junit.AutoTests" name="[79] /home/travis/build/icyphy/ptII/ptolemy/domains/de/test/auto/deInCt.xml (RunModel)" time="0.012" />
  <testcase classname="ptolemy.util.test.junit.AutoTests" name="[80] /home/travis/build/icyphy/ptII/ptolemy/domains/de/test/auto/deInCt2.xml (RunModel)" time="0.013" />
  <testcase classname="ptolemy.util.test.junit.AutoTests" name="[81] /home/travis/build/icyphy/ptII/ptolemy/domains/de/test/auto/dynamicCausalityInterface1.xml (RunModel)" time="0.02" />
  <testcase classname="ptolemy.util.test.junit.AutoTests" name="[82] /home/travis/build/icyphy/ptII/ptolemy/domains/de/test/auto/fsm_de_test.xml (RunModel)" time="0.024" />
  <testcase classname="ptolemy.util.test.junit.AutoTests" name="[83] /home/travis/build/icyphy/ptII/ptolemy/domains/de/test/auto/functionDependencyReconstruction.xml (RunModel)" time="0.032" />
  <testcase classname="ptolemy.util.test.junit.AutoTests" name="[84] /home/travis/build/icyphy/ptII/ptolemy/domains/de/test/auto/multirate.xml (RunModel)" time="0.03" />
  <testcase classname="ptolemy.util.test.junit.AutoTests" name="[85] /home/travis/build/icyphy/ptII/ptolemy/domains/de/test/auto/multirate2.xml (RunModel)" time="0.021" />
  <testcase classname="ptolemy.util.test.junit.AutoTests" name="[86] /home/travis/build/icyphy/ptII/ptolemy/domains/de/test/auto/realtime.xml (RunModel)" time="10.018" />
  <testcase classname="ptolemy.util.test.junit.AutoTests" name="[87] /home/travis/build/icyphy/ptII/ptolemy/domains/de/test/auto/relationGroup.xml (RunModel)" time="0.017" />
  <testcase classname="ptolemy.util.test.junit.AutoTests" name="[88] /home/travis/build/icyphy/ptII/ptolemy/domains/de/test/auto/relationGroup2.xml (RunModel)" time="0.015" />
  <testcase classname="ptolemy.util.test.junit.AutoTests" name="[89] /home/travis/build/icyphy/ptII/ptolemy/domains/de/test/auto/sortWithOpaquePorts.xml (RunModel)" time="0.018" />
  <testcase classname="ptolemy.util.test.junit.AutoTests" name="[90] /home/travis/build/icyphy/ptII/ptolemy/domains/de/test/auto/transferInputsandOutputs.xml (RunModel)" time="0.02" />
  <testcase classname="ptolemy.util.test.junit.AutoTests" name="[91] /home/travis/build/icyphy/ptII/ptolemy/domains/de/test/auto/triggerType.xml (RunModel)" time="0.01" />
  <system-out><![CDATA[/home/travis/build/icyphy/ptII/ptolemy/domains/de/test/DependencyLoop.tcl
testDefs.tcl: setting time out to 9000 seconds at Mon Oct 28 06:07:26 UTC 2019
109 ms. Memory: 120832K Free: 72134K (60%)
31 ms. Memory: 120832K Free: 54711K (45%)
/home/travis/build/icyphy/ptII/ptolemy/domains/de/test/RunDETestsAsQSS.tcl
Run the DE tests using ptolemy.domains.qss.test.QSSDirectorTest, which extends QSSDirector and prints a message in the constructors.
------------------ testing $PTII/ptolemy/domains/de/test/auto/knownFailedTests/DirectFeedback.xml (Known Failure) 
54 ms. Memory: 120832K Free: 48582K (40%)


==== $PTIIhome/travis/build/icyphy/ptII/ptolemy/domains/de/test/../../../../: Auto Automatic test in file $PTII/ptolemy/domains/de/test/auto/knownFailedTests/DirectFeedback.xml
==== Contents of test case:

	    # FIXME: we should use $relativeFilename here, but it
	    # might have backslashes under Windows, which causes no end
	    # of trouble.
	    createAndExecute $file
	    list {}
	
.... Test generated KNOWN error:
    while executing
ptolemy.kernel.util.IllegalActionException: Test fails in iteration 1.
Value was: 1.0. Should have been: 2.0
  in .DirectFeedback.Test
	at ptolemy.actor.lib.Test.fire(Test.java:268)
	at ptolemy.domains.de.kernel.DEDirector._fire(DEDirector.java:1949)
	at ptolemy.domains.de.kernel.DEDirector.fire(DEDirector.java:502)
	at ptolemy.actor.CompositeActor.fire(CompositeActor.java:455)
	at ptolemy.actor.Manager.iterate(Manager.java:851)
	at ptolemy.actor.Manager.execute(Manager.java:369)
	at ptolemy.actor.Manager.run(Manager.java:1263)
	at ptolemy.actor.Manager$PtolemyRunThread.run(Manager.java:1933)

    while executing
ptolemy.kernel.util.IllegalActionException: Test fails in iteration 1.
Value was: 1.0. Should have been: 2.0
  in .DirectFeedback.Test
    while executing
"java::new ptolemy.moml.MoMLSimpleApplication $file
"
    (procedure "createAndExecute" line 2)
    invoked from within
"createAndExecute $file"
    ("uplevel" body line 5)
    invoked from within
"uplevel $contents_of_test"
------------------ testing $PTII/ptolemy/domains/de/test/auto/knownFailedTests/dependencyLoop.xml (Known Failure) 
41 ms. Memory: 120832K Free: 108188K (90%)


==== $PTIIhome/travis/build/icyphy/ptII/ptolemy/domains/de/test/../../../../: Auto Automatic test in file $PTII/ptolemy/domains/de/test/auto/knownFailedTests/dependencyLoop.xml
==== Contents of test case:

	    # FIXME: we should use $relativeFilename here, but it
	    # might have backslashes under Windows, which causes no end
	    # of trouble.
	    createAndExecute $file
	    list {}
	
.... Test generated KNOWN error:
    while executing
ptolemy.kernel.util.IllegalActionException: Found a zero delay loop containing .dependencyLoop.original
  in .dependencyLoop and .dependencyLoop.original
	at ptolemy.actor.util.CausalityInterfaceForComposites._computeOutputPortDepth(CausalityInterfaceForComposites.java:759)
	at ptolemy.actor.util.CausalityInterfaceForComposites._computeInputDepth(CausalityInterfaceForComposites.java:696)
	at ptolemy.actor.util.CausalityInterfaceForComposites._computeOutputPortDepth(CausalityInterfaceForComposites.java:765)
	at ptolemy.actor.util.CausalityInterfaceForComposites._computeInputDepth(CausalityInterfaceForComposites.java:696)
	at ptolemy.actor.util.CausalityInterfaceForComposites._computeOutputPortDepth(CausalityInterfaceForComposites.java:765)
	at ptolemy.actor.util.CausalityInterfaceForComposites._computeInputDepth(CausalityInterfaceForComposites.java:696)
	at ptolemy.actor.util.CausalityInterfaceForComposites._computeActorDepth(CausalityInterfaceForComposites.java:532)
	at ptolemy.actor.util.CausalityInterfaceForComposites.checkForCycles(CausalityInterfaceForComposites.java:96)
	at ptolemy.domains.de.kernel.DEDirector.preinitialize(DEDirector.java:1338)
	at ptolemy.actor.CompositeActor.preinitialize(CompositeActor.java:1828)
	at ptolemy.actor.Manager.preinitializeAndResolveTypes(Manager.java:1040)
	at ptolemy.actor.Manager.initialize(Manager.java:710)
	at ptolemy.actor.Manager.execute(Manager.java:356)
	at ptolemy.actor.Manager.run(Manager.java:1263)
	at ptolemy.actor.Manager$PtolemyRunThread.run(Manager.java:1933)

    while executing
ptolemy.kernel.util.IllegalActionException: Found a zero delay loop containing .dependencyLoop.original
  in .dependencyLoop and .dependencyLoop.original
    while executing
"java::new ptolemy.moml.MoMLSimpleApplication $file
"
    (procedure "createAndExecute" line 2)
    invoked from within
"createAndExecute $file"
    ("uplevel" body line 5)
    invoked from within
"uplevel $contents_of_test"
------------------ testing $PTII/ptolemy/domains/de/test/auto/knownFailedTests/FSMSource.xml (Known Failure) 
89 ms. Memory: 120832K Free: 99326K (82%)
!!!! Auto was marked as failing, but now passes
------------------ testing $PTII/ptolemy/domains/de/test/auto/knownFailedTests/HierarchicalModel.xml (Known Failure) 
5 ms. Memory: 120832K Free: 81888K (68%)


==== $PTIIhome/travis/build/icyphy/ptII/ptolemy/domains/de/test/../../../../: Auto Automatic test in file $PTII/ptolemy/domains/de/test/auto/knownFailedTests/HierarchicalModel.xml
==== Contents of test case:

	    # FIXME: we should use $relativeFilename here, but it
	    # might have backslashes under Windows, which causes no end
	    # of trouble.
	    createAndExecute $file
	    list {}
	
.... Test generated KNOWN error:
    while executing
ptolemy.kernel.util.IllegalActionException: Found a zero delay loop containing .HierarchicalModel.A
  in .HierarchicalModel and .HierarchicalModel.A
	at ptolemy.actor.util.CausalityInterfaceForComposites._computeOutputPortDepth(CausalityInterfaceForComposites.java:759)
	at ptolemy.actor.util.CausalityInterfaceForComposites._computeInputDepth(CausalityInterfaceForComposites.java:696)
	at ptolemy.actor.util.CausalityInterfaceForComposites._computeOutputPortDepth(CausalityInterfaceForComposites.java:765)
	at ptolemy.actor.util.CausalityInterfaceForComposites._computeInputDepth(CausalityInterfaceForComposites.java:696)
	at ptolemy.actor.util.CausalityInterfaceForComposites._computeOutputPortDepth(CausalityInterfaceForComposites.java:765)
	at ptolemy.actor.util.CausalityInterfaceForComposites._computeInputDepth(CausalityInterfaceForComposites.java:696)
	at ptolemy.actor.util.CausalityInterfaceForComposites._computeActorDepth(CausalityInterfaceForComposites.java:532)
	at ptolemy.actor.util.CausalityInterfaceForComposites.checkForCycles(CausalityInterfaceForComposites.java:96)
	at ptolemy.domains.de.kernel.DEDirector.preinitialize(DEDirector.java:1338)
	at ptolemy.actor.CompositeActor.preinitialize(CompositeActor.java:1828)
	at ptolemy.actor.Manager.preinitializeAndResolveTypes(Manager.java:1040)
	at ptolemy.actor.Manager.initialize(Manager.java:710)
	at ptolemy.actor.Manager.execute(Manager.java:356)
	at ptolemy.actor.Manager.run(Manager.java:1263)
	at ptolemy.actor.Manager$PtolemyRunThread.run(Manager.java:1933)

    while executing
ptolemy.kernel.util.IllegalActionException: Found a zero delay loop containing .HierarchicalModel.A
  in .HierarchicalModel and .HierarchicalModel.A
    while executing
"java::new ptolemy.moml.MoMLSimpleApplication $file
"
    (procedure "createAndExecute" line 2)
    invoked from within
"createAndExecute $file"
    ("uplevel" body line 5)
    invoked from within
"uplevel $contents_of_test"
------------------ testing $PTII/ptolemy/domains/de/test/auto/knownFailedTests/dependencyLoop2.xml (Known Failure) 
9 ms. Memory: 120832K Free: 65952K (55%)


==== $PTIIhome/travis/build/icyphy/ptII/ptolemy/domains/de/test/../../../../: Auto Automatic test in file $PTII/ptolemy/domains/de/test/auto/knownFailedTests/dependencyLoop2.xml
==== Contents of test case:

	    # FIXME: we should use $relativeFilename here, but it
	    # might have backslashes under Windows, which causes no end
	    # of trouble.
	    createAndExecute $file
	    list {}
	
.... Test generated KNOWN error:
    while executing
ptolemy.kernel.util.IllegalActionException: Found a zero delay loop containing .dependencyLoop2.original
  in .dependencyLoop2 and .dependencyLoop2.original
	at ptolemy.actor.util.CausalityInterfaceForComposites._computeOutputPortDepth(CausalityInterfaceForComposites.java:759)
	at ptolemy.actor.util.CausalityInterfaceForComposites._computeInputDepth(CausalityInterfaceForComposites.java:696)
	at ptolemy.actor.util.CausalityInterfaceForComposites._computeOutputPortDepth(CausalityInterfaceForComposites.java:765)
	at ptolemy.actor.util.CausalityInterfaceForComposites._computeInputDepth(CausalityInterfaceForComposites.java:696)
	at ptolemy.actor.util.CausalityInterfaceForComposites._computeOutputPortDepth(CausalityInterfaceForComposites.java:765)
	at ptolemy.actor.util.CausalityInterfaceForComposites._computeInputDepth(CausalityInterfaceForComposites.java:696)
	at ptolemy.actor.util.CausalityInterfaceForComposites._computeActorDepth(CausalityInterfaceForComposites.java:532)
	at ptolemy.actor.util.CausalityInterfaceForComposites.checkForCycles(CausalityInterfaceForComposites.java:96)
	at ptolemy.domains.de.kernel.DEDirector.preinitialize(DEDirector.java:1338)
	at ptolemy.actor.CompositeActor.preinitialize(CompositeActor.java:1828)
	at ptolemy.actor.Manager.preinitializeAndResolveTypes(Manager.java:1040)
	at ptolemy.actor.Manager.initialize(Manager.java:710)
	at ptolemy.actor.Manager.execute(Manager.java:356)
	at ptolemy.actor.Manager.run(Manager.java:1263)
	at ptolemy.actor.Manager$PtolemyRunThread.run(Manager.java:1933)

    while executing
ptolemy.kernel.util.IllegalActionException: Found a zero delay loop containing .dependencyLoop2.original
  in .dependencyLoop2 and .dependencyLoop2.original
    while executing
"java::new ptolemy.moml.MoMLSimpleApplication $file
"
    (procedure "createAndExecute" line 2)
    invoked from within
"createAndExecute $file"
    ("uplevel" body line 5)
    invoked from within
"uplevel $contents_of_test"
------------------ testing $PTII/ptolemy/domains/de/test/auto/knownFailedTests/DESDFClockTest.xml (Known Failure) 
2072 ms. Memory: 120832K Free: 94307K (78%)


==== $PTIIhome/travis/build/icyphy/ptII/ptolemy/domains/de/test/../../../../: Auto Automatic test in file $PTII/ptolemy/domains/de/test/auto/knownFailedTests/DESDFClockTest.xml
==== Contents of test case:

	    # FIXME: we should use $relativeFilename here, but it
	    # might have backslashes under Windows, which causes no end
	    # of trouble.
	    createAndExecute $file
	    list {}
	
.... Test generated KNOWN error:
    while executing
ptolemy.kernel.util.IllegalActionException: Actor is not ready to fire.  Perhaps UpSample.prefire() returned false? Try debugging the actor by selecting "Listen to Actor".  Also, for SDF check moml for tokenConsumptionRate on input.
  in .DESDFClockTest.Play Bell.Copy1:SDF Director and .DESDFClockTest.Play Bell.UpSample
	at ptolemy.actor.sched.StaticSchedulingDirector.fire(StaticSchedulingDirector.java:227)
	at ptolemy.domains.sdf.kernel.SDFDirector.fire(SDFDirector.java:500)
	at ptolemy.actor.CompositeActor.fire(CompositeActor.java:455)
	at ptolemy.domains.de.kernel.DEDirector._fire(DEDirector.java:1949)
	at ptolemy.domains.de.kernel.DEDirector.fire(DEDirector.java:502)
	at ptolemy.actor.CompositeActor.fire(CompositeActor.java:455)
	at ptolemy.actor.Manager.iterate(Manager.java:851)
	at ptolemy.actor.Manager.execute(Manager.java:369)
	at ptolemy.actor.Manager.run(Manager.java:1263)
	at ptolemy.actor.Manager$PtolemyRunThread.run(Manager.java:1933)

    while executing
ptolemy.kernel.util.IllegalActionException: Actor is not ready to fire.  Perhaps UpSample.prefire() returned false? Try debugging the actor by selecting "Listen to Actor".  Also, for SDF check moml for tokenConsumptionRate on input.
  in .DESDFClockTest.Play Bell.Copy1:SDF Director and .DESDFClockTest.Play Bell.UpSample
    while executing
"java::new ptolemy.moml.MoMLSimpleApplication $file
"
    (procedure "createAndExecute" line 2)
    invoked from within
"createAndExecute $file"
    ("uplevel" body line 5)
    invoked from within
"uplevel $contents_of_test"
------------------ testing $PTII/ptolemy/domains/de/test/auto/ActorDepthCalculation_actorWithoutPorts.xml
auto.tcl: Setting watchdog for 200 seconds at Mon Oct 28 06:07:31 UTC 2019
11 ms. Memory: 120832K Free: 87100K (72%)
ptolemy.util.test.WatchDog.cancel(): canceling Mon Oct 28 06:07:31 UTC 2019
auto.tcl: Setting watchdog for 200 seconds at Mon Oct 28 06:07:31 UTC 2019
5 ms. Memory: 120832K Free: 85844K (71%)
ptolemy.util.test.WatchDog.cancel(): canceling Mon Oct 28 06:07:31 UTC 2019
------------------ testing $PTII/ptolemy/domains/de/test/auto/AssemblyLine.xml
auto.tcl: Setting watchdog for 200 seconds at Mon Oct 28 06:07:31 UTC 2019
11 ms. Memory: 45056K Free: 22455K (50%)
ptolemy.util.test.WatchDog.cancel(): canceling Mon Oct 28 06:07:31 UTC 2019
auto.tcl: Setting watchdog for 200 seconds at Mon Oct 28 06:07:31 UTC 2019
7 ms. Memory: 45056K Free: 21669K (48%)
ptolemy.util.test.WatchDog.cancel(): canceling Mon Oct 28 06:07:31 UTC 2019
------------------ testing $PTII/ptolemy/domains/de/test/auto/CQBug1.xml
auto.tcl: Setting watchdog for 200 seconds at Mon Oct 28 06:07:31 UTC 2019
2 ms. Memory: 45056K Free: 28581K (63%)
ptolemy.util.test.WatchDog.cancel(): canceling Mon Oct 28 06:07:31 UTC 2019
auto.tcl: Setting watchdog for 200 seconds at Mon Oct 28 06:07:31 UTC 2019
3 ms. Memory: 45056K Free: 28180K (63%)
ptolemy.util.test.WatchDog.cancel(): canceling Mon Oct 28 06:07:31 UTC 2019
------------------ testing $PTII/ptolemy/domains/de/test/auto/CancelFireAt.xml
auto.tcl: Setting watchdog for 200 seconds at Mon Oct 28 06:07:31 UTC 2019
3 ms. Memory: 45056K Free: 29696K (66%)
ptolemy.util.test.WatchDog.cancel(): canceling Mon Oct 28 06:07:31 UTC 2019
auto.tcl: Setting watchdog for 200 seconds at Mon Oct 28 06:07:31 UTC 2019
3 ms. Memory: 45056K Free: 29253K (65%)
ptolemy.util.test.WatchDog.cancel(): canceling Mon Oct 28 06:07:31 UTC 2019
------------------ testing $PTII/ptolemy/domains/de/test/auto/CausalityAndComposabilityAnalysis.xml
auto.tcl: Setting watchdog for 200 seconds at Mon Oct 28 06:07:31 UTC 2019
20 ms. Memory: 45056K Free: 27921K (62%)
ptolemy.util.test.WatchDog.cancel(): canceling Mon Oct 28 06:07:32 UTC 2019
auto.tcl: Setting watchdog for 200 seconds at Mon Oct 28 06:07:32 UTC 2019
4 ms. Memory: 45056K Free: 27098K (60%)
ptolemy.util.test.WatchDog.cancel(): canceling Mon Oct 28 06:07:32 UTC 2019
------------------ testing $PTII/ptolemy/domains/de/test/auto/CausalityInterface1.xml
auto.tcl: Setting watchdog for 200 seconds at Mon Oct 28 06:07:32 UTC 2019
29 ms. Memory: 45056K Free: 26366K (59%)
ptolemy.util.test.WatchDog.cancel(): canceling Mon Oct 28 06:07:32 UTC 2019
auto.tcl: Setting watchdog for 200 seconds at Mon Oct 28 06:07:32 UTC 2019
5 ms. Memory: 45056K Free: 25388K (56%)
ptolemy.util.test.WatchDog.cancel(): canceling Mon Oct 28 06:07:32 UTC 2019
------------------ testing $PTII/ptolemy/domains/de/test/auto/CausalityInterface15.xml
auto.tcl: Setting watchdog for 200 seconds at Mon Oct 28 06:07:32 UTC 2019
10 ms. Memory: 45056K Free: 26055K (58%)
ptolemy.util.test.WatchDog.cancel(): canceling Mon Oct 28 06:07:32 UTC 2019
auto.tcl: Setting watchdog for 200 seconds at Mon Oct 28 06:07:32 UTC 2019
3 ms. Memory: 45056K Free: 25354K (56%)
ptolemy.util.test.WatchDog.cancel(): canceling Mon Oct 28 06:07:32 UTC 2019
------------------ testing $PTII/ptolemy/domains/de/test/auto/CausalityInterface2.xml
auto.tcl: Setting watchdog for 200 seconds at Mon Oct 28 06:07:32 UTC 2019
4 ms. Memory: 45056K Free: 27024K (60%)
ptolemy.util.test.WatchDog.cancel(): canceling Mon Oct 28 06:07:32 UTC 2019
auto.tcl: Setting watchdog for 200 seconds at Mon Oct 28 06:07:32 UTC 2019
3 ms. Memory: 45056K Free: 25984K (58%)
ptolemy.util.test.WatchDog.cancel(): canceling Mon Oct 28 06:07:32 UTC 2019
------------------ testing $PTII/ptolemy/domains/de/test/auto/CausalityInterface3.xml
auto.tcl: Setting watchdog for 200 seconds at Mon Oct 28 06:07:32 UTC 2019
7 ms. Memory: 45056K Free: 26545K (59%)
ptolemy.util.test.WatchDog.cancel(): canceling Mon Oct 28 06:07:32 UTC 2019
auto.tcl: Setting watchdog for 200 seconds at Mon Oct 28 06:07:32 UTC 2019
3 ms. Memory: 45056K Free: 25759K (57%)
ptolemy.util.test.WatchDog.cancel(): canceling Mon Oct 28 06:07:32 UTC 2019
------------------ testing $PTII/ptolemy/domains/de/test/auto/ClockDrift.xml
auto.tcl: Setting watchdog for 200 seconds at Mon Oct 28 06:07:32 UTC 2019
75 ms. Memory: 45056K Free: 19150K (43%)
ptolemy.util.test.WatchDog.cancel(): canceling Mon Oct 28 06:07:32 UTC 2019
auto.tcl: Setting watchdog for 200 seconds at Mon Oct 28 06:07:32 UTC 2019
40 ms. Memory: 45056K Free: 16136K (36%)
ptolemy.util.test.WatchDog.cancel(): canceling Mon Oct 28 06:07:32 UTC 2019
------------------ testing $PTII/ptolemy/domains/de/test/auto/ClockDriftAndValueChange.xml
auto.tcl: Setting watchdog for 200 seconds at Mon Oct 28 06:07:32 UTC 2019
27 ms. Memory: 45056K Free: 19219K (43%)
ptolemy.util.test.WatchDog.cancel(): canceling Mon Oct 28 06:07:32 UTC 2019
auto.tcl: Setting watchdog for 200 seconds at Mon Oct 28 06:07:32 UTC 2019
32 ms. Memory: 45056K Free: 16374K (36%)
ptolemy.util.test.WatchDog.cancel(): canceling Mon Oct 28 06:07:32 UTC 2019
------------------ testing $PTII/ptolemy/domains/de/test/auto/ClockDriftChange.xml
auto.tcl: Setting watchdog for 200 seconds at Mon Oct 28 06:07:32 UTC 2019
33 ms. Memory: 45056K Free: 21277K (47%)
ptolemy.util.test.WatchDog.cancel(): canceling Mon Oct 28 06:07:32 UTC 2019
auto.tcl: Setting watchdog for 200 seconds at Mon Oct 28 06:07:32 UTC 2019
27 ms. Memory: 45056K Free: 18422K (41%)
ptolemy.util.test.WatchDog.cancel(): canceling Mon Oct 28 06:07:33 UTC 2019
------------------ testing $PTII/ptolemy/domains/de/test/auto/ComposableCausalityAnalysis.xml
auto.tcl: Setting watchdog for 200 seconds at Mon Oct 28 06:07:33 UTC 2019
2 ms. Memory: 45056K Free: 25871K (57%)
ptolemy.util.test.WatchDog.cancel(): canceling Mon Oct 28 06:07:33 UTC 2019
auto.tcl: Setting watchdog for 200 seconds at Mon Oct 28 06:07:33 UTC 2019
5 ms. Memory: 45056K Free: 24604K (55%)
ptolemy.util.test.WatchDog.cancel(): canceling Mon Oct 28 06:07:33 UTC 2019
------------------ testing $PTII/ptolemy/domains/de/test/auto/DEFixedPointLimitation.xml
auto.tcl: Setting watchdog for 200 seconds at Mon Oct 28 06:07:33 UTC 2019
3 ms. Memory: 45056K Free: 27184K (60%)
ptolemy.util.test.WatchDog.cancel(): canceling Mon Oct 28 06:07:33 UTC 2019
auto.tcl: Setting watchdog for 200 seconds at Mon Oct 28 06:07:33 UTC 2019
1 ms. Memory: 45056K Free: 26346K (58%)
ptolemy.util.test.WatchDog.cancel(): canceling Mon Oct 28 06:07:33 UTC 2019
------------------ testing $PTII/ptolemy/domains/de/test/auto/DEScheduleTest.xml
auto.tcl: Setting watchdog for 200 seconds at Mon Oct 28 06:07:33 UTC 2019
8 ms. Memory: 45056K Free: 27552K (61%)
ptolemy.util.test.WatchDog.cancel(): canceling Mon Oct 28 06:07:33 UTC 2019
auto.tcl: Setting watchdog for 200 seconds at Mon Oct 28 06:07:33 UTC 2019
3 ms. Memory: 45056K Free: 26774K (59%)
ptolemy.util.test.WatchDog.cancel(): canceling Mon Oct 28 06:07:33 UTC 2019
------------------ testing $PTII/ptolemy/domains/de/test/auto/DEinDEwithStartTimes.xml
auto.tcl: Setting watchdog for 200 seconds at Mon Oct 28 06:07:33 UTC 2019
8 ms. Memory: 45056K Free: 25769K (57%)
ptolemy.util.test.WatchDog.cancel(): canceling Mon Oct 28 06:07:33 UTC 2019
auto.tcl: Setting watchdog for 200 seconds at Mon Oct 28 06:07:33 UTC 2019
4 ms. Memory: 45056K Free: 24323K (54%)
ptolemy.util.test.WatchDog.cancel(): canceling Mon Oct 28 06:07:33 UTC 2019
------------------ testing $PTII/ptolemy/domains/de/test/auto/DEinDEwithStartTimes2.xml
auto.tcl: Setting watchdog for 200 seconds at Mon Oct 28 06:07:33 UTC 2019
12 ms. Memory: 45056K Free: 24970K (55%)
ptolemy.util.test.WatchDog.cancel(): canceling Mon Oct 28 06:07:33 UTC 2019
auto.tcl: Setting watchdog for 200 seconds at Mon Oct 28 06:07:33 UTC 2019
4 ms. Memory: 45056K Free: 23624K (52%)
ptolemy.util.test.WatchDog.cancel(): canceling Mon Oct 28 06:07:33 UTC 2019
------------------ testing $PTII/ptolemy/domains/de/test/auto/DateDemo.xml
auto.tcl: Setting watchdog for 200 seconds at Mon Oct 28 06:07:33 UTC 2019
13 ms. Memory: 45056K Free: 19276K (43%)
ptolemy.util.test.WatchDog.cancel(): canceling Mon Oct 28 06:07:33 UTC 2019
auto.tcl: Setting watchdog for 200 seconds at Mon Oct 28 06:07:33 UTC 2019
10 ms. Memory: 45056K Free: 17741K (39%)
ptolemy.util.test.WatchDog.cancel(): canceling Mon Oct 28 06:07:33 UTC 2019
------------------ testing $PTII/ptolemy/domains/de/test/auto/DateToEvent.xml
auto.tcl: Setting watchdog for 200 seconds at Mon Oct 28 06:07:33 UTC 2019
2024 ms. Memory: 45056K Free: 15048K (33%)
ptolemy.util.test.WatchDog.cancel(): canceling Mon Oct 28 06:07:35 UTC 2019
auto.tcl: Setting watchdog for 200 seconds at Mon Oct 28 06:07:35 UTC 2019
2006 ms. Memory: 45056K Free: 14285K (32%)
ptolemy.util.test.WatchDog.cancel(): canceling Mon Oct 28 06:07:37 UTC 2019
------------------ testing $PTII/ptolemy/domains/de/test/auto/DepthTest1.xml
auto.tcl: Setting watchdog for 200 seconds at Mon Oct 28 06:07:37 UTC 2019
8 ms. Memory: 45056K Free: 28332K (63%)
ptolemy.util.test.WatchDog.cancel(): canceling Mon Oct 28 06:07:37 UTC 2019
auto.tcl: Setting watchdog for 200 seconds at Mon Oct 28 06:07:37 UTC 2019
2 ms. Memory: 45056K Free: 27824K (62%)
ptolemy.util.test.WatchDog.cancel(): canceling Mon Oct 28 06:07:37 UTC 2019
------------------ testing $PTII/ptolemy/domains/de/test/auto/DepthTest2.xml
auto.tcl: Setting watchdog for 200 seconds at Mon Oct 28 06:07:37 UTC 2019
5 ms. Memory: 45056K Free: 24972K (55%)
ptolemy.util.test.WatchDog.cancel(): canceling Mon Oct 28 06:07:37 UTC 2019
auto.tcl: Setting watchdog for 200 seconds at Mon Oct 28 06:07:37 UTC 2019
3 ms. Memory: 45056K Free: 24522K (54%)
ptolemy.util.test.WatchDog.cancel(): canceling Mon Oct 28 06:07:37 UTC 2019
------------------ testing $PTII/ptolemy/domains/de/test/auto/DepthTest3.xml
auto.tcl: Setting watchdog for 200 seconds at Mon Oct 28 06:07:37 UTC 2019
3 ms. Memory: 45056K Free: 28665K (64%)
ptolemy.util.test.WatchDog.cancel(): canceling Mon Oct 28 06:07:37 UTC 2019
auto.tcl: Setting watchdog for 200 seconds at Mon Oct 28 06:07:37 UTC 2019
2 ms. Memory: 45056K Free: 28116K (62%)
ptolemy.util.test.WatchDog.cancel(): canceling Mon Oct 28 06:07:37 UTC 2019
------------------ testing $PTII/ptolemy/domains/de/test/auto/DepthTest4.xml
auto.tcl: Setting watchdog for 200 seconds at Mon Oct 28 06:07:38 UTC 2019
6 ms. Memory: 45056K Free: 26882K (60%)
ptolemy.util.test.WatchDog.cancel(): canceling Mon Oct 28 06:07:38 UTC 2019
auto.tcl: Setting watchdog for 200 seconds at Mon Oct 28 06:07:38 UTC 2019
2 ms. Memory: 45056K Free: 26150K (58%)
ptolemy.util.test.WatchDog.cancel(): canceling Mon Oct 28 06:07:38 UTC 2019
------------------ testing $PTII/ptolemy/domains/de/test/auto/DepthTest5.xml
auto.tcl: Setting watchdog for 200 seconds at Mon Oct 28 06:07:38 UTC 2019
3 ms. Memory: 45056K Free: 26281K (58%)
ptolemy.util.test.WatchDog.cancel(): canceling Mon Oct 28 06:07:38 UTC 2019
auto.tcl: Setting watchdog for 200 seconds at Mon Oct 28 06:07:38 UTC 2019
2 ms. Memory: 45056K Free: 25484K (57%)
ptolemy.util.test.WatchDog.cancel(): canceling Mon Oct 28 06:07:38 UTC 2019
------------------ testing $PTII/ptolemy/domains/de/test/auto/DepthTest6.xml
auto.tcl: Setting watchdog for 200 seconds at Mon Oct 28 06:07:38 UTC 2019
3 ms. Memory: 45056K Free: 25968K (58%)
ptolemy.util.test.WatchDog.cancel(): canceling Mon Oct 28 06:07:38 UTC 2019
auto.tcl: Setting watchdog for 200 seconds at Mon Oct 28 06:07:38 UTC 2019
3 ms. Memory: 45056K Free: 25463K (57%)
ptolemy.util.test.WatchDog.cancel(): canceling Mon Oct 28 06:07:38 UTC 2019
------------------ testing $PTII/ptolemy/domains/de/test/auto/DepthTest7.xml
auto.tcl: Setting watchdog for 200 seconds at Mon Oct 28 06:07:38 UTC 2019
2 ms. Memory: 45056K Free: 26812K (60%)
ptolemy.util.test.WatchDog.cancel(): canceling Mon Oct 28 06:07:38 UTC 2019
auto.tcl: Setting watchdog for 200 seconds at Mon Oct 28 06:07:38 UTC 2019
1 ms. Memory: 45056K Free: 26083K (58%)
ptolemy.util.test.WatchDog.cancel(): canceling Mon Oct 28 06:07:38 UTC 2019
------------------ testing $PTII/ptolemy/domains/de/test/auto/EventToDate.xml
auto.tcl: Setting watchdog for 200 seconds at Mon Oct 28 06:07:38 UTC 2019
3006 ms. Memory: 45056K Free: 17288K (38%)
ptolemy.util.test.WatchDog.cancel(): canceling Mon Oct 28 06:07:41 UTC 2019
auto.tcl: Setting watchdog for 200 seconds at Mon Oct 28 06:07:41 UTC 2019
3004 ms. Memory: 45056K Free: 16535K (37%)
ptolemy.util.test.WatchDog.cancel(): canceling Mon Oct 28 06:07:44 UTC 2019
------------------ testing $PTII/ptolemy/domains/de/test/auto/FSM1.xml
auto.tcl: Setting watchdog for 200 seconds at Mon Oct 28 06:07:44 UTC 2019
48 ms. Memory: 45056K Free: 18809K (42%)
ptolemy.util.test.WatchDog.cancel(): canceling Mon Oct 28 06:07:44 UTC 2019
auto.tcl: Setting watchdog for 200 seconds at Mon Oct 28 06:07:44 UTC 2019
19 ms. Memory: 45056K Free: 15577K (35%)
ptolemy.util.test.WatchDog.cancel(): canceling Mon Oct 28 06:07:44 UTC 2019
------------------ testing $PTII/ptolemy/domains/de/test/auto/FSM7.xml
auto.tcl: Setting watchdog for 200 seconds at Mon Oct 28 06:07:44 UTC 2019
20 ms. Memory: 45056K Free: 18489K (41%)
ptolemy.util.test.WatchDog.cancel(): canceling Mon Oct 28 06:07:44 UTC 2019
auto.tcl: Setting watchdog for 200 seconds at Mon Oct 28 06:07:44 UTC 2019
33 ms. Memory: 45056K Free: 15382K (34%)
ptolemy.util.test.WatchDog.cancel(): canceling Mon Oct 28 06:07:44 UTC 2019
------------------ testing $PTII/ptolemy/domains/de/test/auto/Inspection.xml
auto.tcl: Setting watchdog for 200 seconds at Mon Oct 28 06:07:44 UTC 2019
23 ms. Memory: 45056K Free: 18537K (41%)
ptolemy.util.test.WatchDog.cancel(): canceling Mon Oct 28 06:07:44 UTC 2019
auto.tcl: Setting watchdog for 200 seconds at Mon Oct 28 06:07:44 UTC 2019
34 ms. Memory: 45056K Free: 16799K (37%)
ptolemy.util.test.WatchDog.cancel(): canceling Mon Oct 28 06:07:44 UTC 2019
------------------ testing $PTII/ptolemy/domains/de/test/auto/Iteration.xml
auto.tcl: Setting watchdog for 200 seconds at Mon Oct 28 06:07:44 UTC 2019
7 ms. Memory: 45056K Free: 24262K (54%)
ptolemy.util.test.WatchDog.cancel(): canceling Mon Oct 28 06:07:44 UTC 2019
auto.tcl: Setting watchdog for 200 seconds at Mon Oct 28 06:07:44 UTC 2019
8 ms. Memory: 45056K Free: 22873K (51%)
ptolemy.util.test.WatchDog.cancel(): canceling Mon Oct 28 06:07:44 UTC 2019
------------------ testing $PTII/ptolemy/domains/de/test/auto/LineFault.xml
auto.tcl: Setting watchdog for 200 seconds at Mon Oct 28 06:07:45 UTC 2019
767 ms. Memory: 56320K Free: 23767K (42%)
ptolemy.util.test.WatchDog.cancel(): canceling Mon Oct 28 06:07:46 UTC 2019
auto.tcl: Setting watchdog for 200 seconds at Mon Oct 28 06:07:46 UTC 2019
586 ms. Memory: 56320K Free: 40512K (72%)
ptolemy.util.test.WatchDog.cancel(): canceling Mon Oct 28 06:07:46 UTC 2019
------------------ testing $PTII/ptolemy/domains/de/test/auto/MergeModel1Add.xml
auto.tcl: Setting watchdog for 200 seconds at Mon Oct 28 06:07:46 UTC 2019
32 ms. Memory: 55296K Free: 20474K (37%)
ptolemy.util.test.WatchDog.cancel(): canceling Mon Oct 28 06:07:46 UTC 2019
auto.tcl: Setting watchdog for 200 seconds at Mon Oct 28 06:07:46 UTC 2019
14 ms. Memory: 55296K Free: 18874K (34%)
ptolemy.util.test.WatchDog.cancel(): canceling Mon Oct 28 06:07:46 UTC 2019
------------------ testing $PTII/ptolemy/domains/de/test/auto/MergeModel2Add.xml
auto.tcl: Setting watchdog for 200 seconds at Mon Oct 28 06:07:46 UTC 2019
9 ms. Memory: 51200K Free: 18183K (36%)
ptolemy.util.test.WatchDog.cancel(): canceling Mon Oct 28 06:07:46 UTC 2019
auto.tcl: Setting watchdog for 200 seconds at Mon Oct 28 06:07:46 UTC 2019
9 ms. Memory: 51200K Free: 16495K (32%)
ptolemy.util.test.WatchDog.cancel(): canceling Mon Oct 28 06:07:46 UTC 2019
------------------ testing $PTII/ptolemy/domains/de/test/auto/MergeModel3Add.xml
auto.tcl: Setting watchdog for 200 seconds at Mon Oct 28 06:07:47 UTC 2019
10 ms. Memory: 51200K Free: 18399K (36%)
ptolemy.util.test.WatchDog.cancel(): canceling Mon Oct 28 06:07:47 UTC 2019
auto.tcl: Setting watchdog for 200 seconds at Mon Oct 28 06:07:47 UTC 2019
13 ms. Memory: 51200K Free: 16915K (33%)
ptolemy.util.test.WatchDog.cancel(): canceling Mon Oct 28 06:07:47 UTC 2019
------------------ testing $PTII/ptolemy/domains/de/test/auto/MergeWithoutDiscard.xml
auto.tcl: Setting watchdog for 200 seconds at Mon Oct 28 06:07:47 UTC 2019
2 ms. Memory: 48128K Free: 29722K (62%)
ptolemy.util.test.WatchDog.cancel(): canceling Mon Oct 28 06:07:47 UTC 2019
auto.tcl: Setting watchdog for 200 seconds at Mon Oct 28 06:07:47 UTC 2019
2 ms. Memory: 48128K Free: 29286K (61%)
ptolemy.util.test.WatchDog.cancel(): canceling Mon Oct 28 06:07:47 UTC 2019
------------------ testing $PTII/ptolemy/domains/de/test/auto/Modal1.xml
auto.tcl: Setting watchdog for 200 seconds at Mon Oct 28 06:07:47 UTC 2019
15 ms. Memory: 48128K Free: 21856K (45%)
ptolemy.util.test.WatchDog.cancel(): canceling Mon Oct 28 06:07:47 UTC 2019
auto.tcl: Setting watchdog for 200 seconds at Mon Oct 28 06:07:47 UTC 2019
14 ms. Memory: 48128K Free: 18446K (38%)
ptolemy.util.test.WatchDog.cancel(): canceling Mon Oct 28 06:07:47 UTC 2019
------------------ testing $PTII/ptolemy/domains/de/test/auto/Modal2.xml
auto.tcl: Setting watchdog for 200 seconds at Mon Oct 28 06:07:47 UTC 2019
14 ms. Memory: 48128K Free: 21969K (46%)
ptolemy.util.test.WatchDog.cancel(): canceling Mon Oct 28 06:07:47 UTC 2019
auto.tcl: Setting watchdog for 200 seconds at Mon Oct 28 06:07:47 UTC 2019
13 ms. Memory: 48128K Free: 18759K (39%)
ptolemy.util.test.WatchDog.cancel(): canceling Mon Oct 28 06:07:47 UTC 2019
------------------ testing $PTII/ptolemy/domains/de/test/auto/Modal3.xml
auto.tcl: Setting watchdog for 200 seconds at Mon Oct 28 06:07:47 UTC 2019
19 ms. Memory: 48128K Free: 21692K (45%)
ptolemy.util.test.WatchDog.cancel(): canceling Mon Oct 28 06:07:47 UTC 2019
auto.tcl: Setting watchdog for 200 seconds at Mon Oct 28 06:07:47 UTC 2019
15 ms. Memory: 48128K Free: 18736K (39%)
ptolemy.util.test.WatchDog.cancel(): canceling Mon Oct 28 06:07:47 UTC 2019
------------------ testing $PTII/ptolemy/domains/de/test/auto/Modal4.xml
auto.tcl: Setting watchdog for 200 seconds at Mon Oct 28 06:07:47 UTC 2019
14 ms. Memory: 48128K Free: 20932K (43%)
ptolemy.util.test.WatchDog.cancel(): canceling Mon Oct 28 06:07:47 UTC 2019
auto.tcl: Setting watchdog for 200 seconds at Mon Oct 28 06:07:47 UTC 2019
15 ms. Memory: 48128K Free: 17096K (36%)
ptolemy.util.test.WatchDog.cancel(): canceling Mon Oct 28 06:07:47 UTC 2019
------------------ testing $PTII/ptolemy/domains/de/test/auto/Modal5.xml
auto.tcl: Setting watchdog for 200 seconds at Mon Oct 28 06:07:47 UTC 2019
15 ms. Memory: 48128K Free: 20911K (43%)
ptolemy.util.test.WatchDog.cancel(): canceling Mon Oct 28 06:07:47 UTC 2019
auto.tcl: Setting watchdog for 200 seconds at Mon Oct 28 06:07:47 UTC 2019
16 ms. Memory: 48128K Free: 17082K (35%)
ptolemy.util.test.WatchDog.cancel(): canceling Mon Oct 28 06:07:47 UTC 2019
------------------ testing $PTII/ptolemy/domains/de/test/auto/Modal6.xml
auto.tcl: Setting watchdog for 200 seconds at Mon Oct 28 06:07:47 UTC 2019
19 ms. Memory: 48128K Free: 21727K (45%)
ptolemy.util.test.WatchDog.cancel(): canceling Mon Oct 28 06:07:47 UTC 2019
auto.tcl: Setting watchdog for 200 seconds at Mon Oct 28 06:07:47 UTC 2019
13 ms. Memory: 48128K Free: 17730K (37%)
ptolemy.util.test.WatchDog.cancel(): canceling Mon Oct 28 06:07:47 UTC 2019
------------------ testing $PTII/ptolemy/domains/de/test/auto/Modal7.xml
auto.tcl: Setting watchdog for 200 seconds at Mon Oct 28 06:07:47 UTC 2019
9 ms. Memory: 48128K Free: 20894K (43%)
ptolemy.util.test.WatchDog.cancel(): canceling Mon Oct 28 06:07:47 UTC 2019
auto.tcl: Setting watchdog for 200 seconds at Mon Oct 28 06:07:47 UTC 2019
10 ms. Memory: 48128K Free: 17374K (36%)
ptolemy.util.test.WatchDog.cancel(): canceling Mon Oct 28 06:07:47 UTC 2019
------------------ testing $PTII/ptolemy/domains/de/test/auto/ModalModel.xml
auto.tcl: Setting watchdog for 200 seconds at Mon Oct 28 06:07:48 UTC 2019
229 ms. Memory: 58368K Free: 24729K (42%)
ptolemy.util.test.WatchDog.cancel(): canceling Mon Oct 28 06:07:48 UTC 2019
auto.tcl: Setting watchdog for 200 seconds at Mon Oct 28 06:07:48 UTC 2019
214 ms. Memory: 58368K Free: 23494K (40%)
ptolemy.util.test.WatchDog.cancel(): canceling Mon Oct 28 06:07:48 UTC 2019
------------------ testing $PTII/ptolemy/domains/de/test/auto/ModalSource.xml
auto.tcl: Setting watchdog for 200 seconds at Mon Oct 28 06:07:48 UTC 2019
6 ms. Memory: 48128K Free: 25756K (54%)
ptolemy.util.test.WatchDog.cancel(): canceling Mon Oct 28 06:07:48 UTC 2019
auto.tcl: Setting watchdog for 200 seconds at Mon Oct 28 06:07:48 UTC 2019
6 ms. Memory: 48128K Free: 23708K (49%)
ptolemy.util.test.WatchDog.cancel(): canceling Mon Oct 28 06:07:48 UTC 2019
------------------ testing $PTII/ptolemy/domains/de/test/auto/NonInterruptibleTimerZeroDelay.xml
auto.tcl: Setting watchdog for 200 seconds at Mon Oct 28 06:07:48 UTC 2019
3 ms. Memory: 48128K Free: 30713K (64%)
ptolemy.util.test.WatchDog.cancel(): canceling Mon Oct 28 06:07:48 UTC 2019
auto.tcl: Setting watchdog for 200 seconds at Mon Oct 28 06:07:48 UTC 2019
2 ms. Memory: 48128K Free: 30054K (62%)
ptolemy.util.test.WatchDog.cancel(): canceling Mon Oct 28 06:07:48 UTC 2019
------------------ testing $PTII/ptolemy/domains/de/test/auto/OpenQueueingNetwork.xml
auto.tcl: Setting watchdog for 200 seconds at Mon Oct 28 06:07:48 UTC 2019
2996 ms. Memory: 112640K Free: 62002K (55%)
ptolemy.util.test.WatchDog.cancel(): canceling Mon Oct 28 06:07:51 UTC 2019
auto.tcl: Setting watchdog for 200 seconds at Mon Oct 28 06:07:51 UTC 2019
2680 ms. Memory: 162816K Free: 103532K (64%)
ptolemy.util.test.WatchDog.cancel(): canceling Mon Oct 28 06:07:54 UTC 2019
------------------ testing $PTII/ptolemy/domains/de/test/auto/OpenQueuingNetwork.xml
auto.tcl: Setting watchdog for 200 seconds at Mon Oct 28 06:07:54 UTC 2019
274 ms. Memory: 55296K Free: 26396K (48%)
ptolemy.util.test.WatchDog.cancel(): canceling Mon Oct 28 06:07:54 UTC 2019
auto.tcl: Setting watchdog for 200 seconds at Mon Oct 28 06:07:54 UTC 2019
282 ms. Memory: 55296K Free: 35943K (65%)
ptolemy.util.test.WatchDog.cancel(): canceling Mon Oct 28 06:07:55 UTC 2019
------------------ testing $PTII/ptolemy/domains/de/test/auto/PeriodicSampler.xml
auto.tcl: Setting watchdog for 200 seconds at Mon Oct 28 06:07:55 UTC 2019
3 ms. Memory: 51200K Free: 32962K (64%)
ptolemy.util.test.WatchDog.cancel(): canceling Mon Oct 28 06:07:55 UTC 2019
auto.tcl: Setting watchdog for 200 seconds at Mon Oct 28 06:07:55 UTC 2019
2 ms. Memory: 51200K Free: 32468K (63%)
ptolemy.util.test.WatchDog.cancel(): canceling Mon Oct 28 06:07:55 UTC 2019
------------------ testing $PTII/ptolemy/domains/de/test/auto/PersistentIO.xml
auto.tcl: Setting watchdog for 200 seconds at Mon Oct 28 06:07:55 UTC 2019
12 ms. Memory: 51200K Free: 27886K (54%)
ptolemy.util.test.WatchDog.cancel(): canceling Mon Oct 28 06:07:55 UTC 2019
auto.tcl: Setting watchdog for 200 seconds at Mon Oct 28 06:07:55 UTC 2019
10 ms. Memory: 51200K Free: 26379K (52%)
ptolemy.util.test.WatchDog.cancel(): canceling Mon Oct 28 06:07:55 UTC 2019
------------------ testing $PTII/ptolemy/domains/de/test/auto/PortParameterResetOnInitialize.xml
auto.tcl: Setting watchdog for 200 seconds at Mon Oct 28 06:07:55 UTC 2019
3 ms. Memory: 51200K Free: 32867K (64%)
ptolemy.util.test.WatchDog.cancel(): canceling Mon Oct 28 06:07:55 UTC 2019
auto.tcl: Setting watchdog for 200 seconds at Mon Oct 28 06:07:55 UTC 2019
2 ms. Memory: 51200K Free: 32374K (63%)
ptolemy.util.test.WatchDog.cancel(): canceling Mon Oct 28 06:07:55 UTC 2019
------------------ testing $PTII/ptolemy/domains/de/test/auto/PortParameterUpdates.xml
auto.tcl: Setting watchdog for 200 seconds at Mon Oct 28 06:07:55 UTC 2019
4 ms. Memory: 48128K Free: 28110K (58%)
ptolemy.util.test.WatchDog.cancel(): canceling Mon Oct 28 06:07:55 UTC 2019
auto.tcl: Setting watchdog for 200 seconds at Mon Oct 28 06:07:55 UTC 2019
4 ms. Memory: 48128K Free: 26880K (56%)
ptolemy.util.test.WatchDog.cancel(): canceling Mon Oct 28 06:07:55 UTC 2019
------------------ testing $PTII/ptolemy/domains/de/test/auto/QueueAndServer.xml
auto.tcl: Setting watchdog for 200 seconds at Mon Oct 28 06:07:55 UTC 2019
22 ms. Memory: 48128K Free: 26795K (56%)
ptolemy.util.test.WatchDog.cancel(): canceling Mon Oct 28 06:07:55 UTC 2019
auto.tcl: Setting watchdog for 200 seconds at Mon Oct 28 06:07:55 UTC 2019
8 ms. Memory: 48128K Free: 25360K (53%)
ptolemy.util.test.WatchDog.cancel(): canceling Mon Oct 28 06:07:55 UTC 2019
------------------ testing $PTII/ptolemy/domains/de/test/auto/Records.xml
auto.tcl: Setting watchdog for 200 seconds at Mon Oct 28 06:07:55 UTC 2019
11 ms. Memory: 48128K Free: 29357K (61%)
ptolemy.util.test.WatchDog.cancel(): canceling Mon Oct 28 06:07:55 UTC 2019
auto.tcl: Setting watchdog for 200 seconds at Mon Oct 28 06:07:55 UTC 2019
3 ms. Memory: 48128K Free: 28838K (60%)
ptolemy.util.test.WatchDog.cancel(): canceling Mon Oct 28 06:07:55 UTC 2019
------------------ testing $PTII/ptolemy/domains/de/test/auto/ResetTransitionWithStartTime1.xml
auto.tcl: Setting watchdog for 200 seconds at Mon Oct 28 06:07:55 UTC 2019
15 ms. Memory: 48128K Free: 26298K (55%)
ptolemy.util.test.WatchDog.cancel(): canceling Mon Oct 28 06:07:55 UTC 2019
auto.tcl: Setting watchdog for 200 seconds at Mon Oct 28 06:07:55 UTC 2019
7 ms. Memory: 48128K Free: 24250K (50%)
ptolemy.util.test.WatchDog.cancel(): canceling Mon Oct 28 06:07:55 UTC 2019
------------------ testing $PTII/ptolemy/domains/de/test/auto/ResetTransitionWithStartTime2.xml
auto.tcl: Setting watchdog for 200 seconds at Mon Oct 28 06:07:55 UTC 2019
7 ms. Memory: 48128K Free: 26253K (55%)
ptolemy.util.test.WatchDog.cancel(): canceling Mon Oct 28 06:07:56 UTC 2019
auto.tcl: Setting watchdog for 200 seconds at Mon Oct 28 06:07:56 UTC 2019
6 ms. Memory: 48128K Free: 23733K (49%)
ptolemy.util.test.WatchDog.cancel(): canceling Mon Oct 28 06:07:56 UTC 2019
------------------ testing $PTII/ptolemy/domains/de/test/auto/ResetTransitionWithStartTime3.xml
auto.tcl: Setting watchdog for 200 seconds at Mon Oct 28 06:07:56 UTC 2019
14 ms. Memory: 48128K Free: 26252K (55%)
ptolemy.util.test.WatchDog.cancel(): canceling Mon Oct 28 06:07:56 UTC 2019
auto.tcl: Setting watchdog for 200 seconds at Mon Oct 28 06:07:56 UTC 2019
5 ms. Memory: 48128K Free: 24200K (50%)
ptolemy.util.test.WatchDog.cancel(): canceling Mon Oct 28 06:07:56 UTC 2019
------------------ testing $PTII/ptolemy/domains/de/test/auto/ResetTransitionWithStartTime4.xml
auto.tcl: Setting watchdog for 200 seconds at Mon Oct 28 06:07:56 UTC 2019
13 ms. Memory: 48128K Free: 26747K (56%)
ptolemy.util.test.WatchDog.cancel(): canceling Mon Oct 28 06:07:56 UTC 2019
auto.tcl: Setting watchdog for 200 seconds at Mon Oct 28 06:07:56 UTC 2019
6 ms. Memory: 48128K Free: 25227K (52%)
ptolemy.util.test.WatchDog.cancel(): canceling Mon Oct 28 06:07:56 UTC 2019
------------------ testing $PTII/ptolemy/domains/de/test/auto/ResettableTimer1.xml
auto.tcl: Setting watchdog for 200 seconds at Mon Oct 28 06:07:56 UTC 2019
5 ms. Memory: 48128K Free: 30730K (64%)
ptolemy.util.test.WatchDog.cancel(): canceling Mon Oct 28 06:07:56 UTC 2019
auto.tcl: Setting watchdog for 200 seconds at Mon Oct 28 06:07:56 UTC 2019
3 ms. Memory: 48128K Free: 29861K (62%)
ptolemy.util.test.WatchDog.cancel(): canceling Mon Oct 28 06:07:56 UTC 2019
------------------ testing $PTII/ptolemy/domains/de/test/auto/ResettableTimer2.xml
auto.tcl: Setting watchdog for 200 seconds at Mon Oct 28 06:07:56 UTC 2019
3 ms. Memory: 48128K Free: 30773K (64%)
ptolemy.util.test.WatchDog.cancel(): canceling Mon Oct 28 06:07:56 UTC 2019
auto.tcl: Setting watchdog for 200 seconds at Mon Oct 28 06:07:56 UTC 2019
3 ms. Memory: 48128K Free: 29897K (62%)
ptolemy.util.test.WatchDog.cancel(): canceling Mon Oct 28 06:07:56 UTC 2019
------------------ testing $PTII/ptolemy/domains/de/test/auto/ResettableTimer3.xml
auto.tcl: Setting watchdog for 200 seconds at Mon Oct 28 06:07:56 UTC 2019
2 ms. Memory: 48128K Free: 30408K (63%)
ptolemy.util.test.WatchDog.cancel(): canceling Mon Oct 28 06:07:56 UTC 2019
auto.tcl: Setting watchdog for 200 seconds at Mon Oct 28 06:07:56 UTC 2019
1 ms. Memory: 48128K Free: 29926K (62%)
ptolemy.util.test.WatchDog.cancel(): canceling Mon Oct 28 06:07:56 UTC 2019
------------------ testing $PTII/ptolemy/domains/de/test/auto/ResettableTimer4.xml
auto.tcl: Setting watchdog for 200 seconds at Mon Oct 28 06:07:56 UTC 2019
2 ms. Memory: 48128K Free: 30438K (63%)
ptolemy.util.test.WatchDog.cancel(): canceling Mon Oct 28 06:07:56 UTC 2019
auto.tcl: Setting watchdog for 200 seconds at Mon Oct 28 06:07:56 UTC 2019
2 ms. Memory: 48128K Free: 29940K (62%)
ptolemy.util.test.WatchDog.cancel(): canceling Mon Oct 28 06:07:56 UTC 2019
------------------ testing $PTII/ptolemy/domains/de/test/auto/ResettableTimer5.xml
auto.tcl: Setting watchdog for 200 seconds at Mon Oct 28 06:07:56 UTC 2019
2 ms. Memory: 48128K Free: 29882K (62%)
ptolemy.util.test.WatchDog.cancel(): canceling Mon Oct 28 06:07:56 UTC 2019
auto.tcl: Setting watchdog for 200 seconds at Mon Oct 28 06:07:56 UTC 2019
1 ms. Memory: 48128K Free: 29418K (61%)
ptolemy.util.test.WatchDog.cancel(): canceling Mon Oct 28 06:07:56 UTC 2019
------------------ testing $PTII/ptolemy/domains/de/test/auto/ResettableTimer6.xml
auto.tcl: Setting watchdog for 200 seconds at Mon Oct 28 06:07:56 UTC 2019
2 ms. Memory: 48128K Free: 29859K (62%)
ptolemy.util.test.WatchDog.cancel(): canceling Mon Oct 28 06:07:56 UTC 2019
auto.tcl: Setting watchdog for 200 seconds at Mon Oct 28 06:07:56 UTC 2019
2 ms. Memory: 48128K Free: 29363K (61%)
ptolemy.util.test.WatchDog.cancel(): canceling Mon Oct 28 06:07:56 UTC 2019
------------------ testing $PTII/ptolemy/domains/de/test/auto/ServerZeroDelay.xml
auto.tcl: Setting watchdog for 200 seconds at Mon Oct 28 06:07:56 UTC 2019
3 ms. Memory: 48128K Free: 30378K (63%)
ptolemy.util.test.WatchDog.cancel(): canceling Mon Oct 28 06:07:56 UTC 2019
auto.tcl: Setting watchdog for 200 seconds at Mon Oct 28 06:07:56 UTC 2019
3 ms. Memory: 48128K Free: 29463K (61%)
ptolemy.util.test.WatchDog.cancel(): canceling Mon Oct 28 06:07:56 UTC 2019
------------------ testing $PTII/ptolemy/domains/de/test/auto/SmartSender.xml
auto.tcl: Setting watchdog for 200 seconds at Mon Oct 28 06:07:56 UTC 2019
3002 ms. Memory: 48128K Free: 30405K (63%)
ptolemy.util.test.WatchDog.cancel(): canceling Mon Oct 28 06:07:59 UTC 2019
auto.tcl: Setting watchdog for 200 seconds at Mon Oct 28 06:07:59 UTC 2019
3002 ms. Memory: 48128K Free: 29901K (62%)
ptolemy.util.test.WatchDog.cancel(): canceling Mon Oct 28 06:08:02 UTC 2019
------------------ testing $PTII/ptolemy/domains/de/test/auto/ThreadedComposite.xml
auto.tcl: Setting watchdog for 200 seconds at Mon Oct 28 06:08:02 UTC 2019
302 ms. Memory: 48128K Free: 8883K (18%)
ptolemy.util.test.WatchDog.cancel(): canceling Mon Oct 28 06:08:03 UTC 2019
auto.tcl: Setting watchdog for 200 seconds at Mon Oct 28 06:08:03 UTC 2019
183 ms. Memory: 48128K Free: 20765K (43%)
ptolemy.util.test.WatchDog.cancel(): canceling Mon Oct 28 06:08:03 UTC 2019
------------------ testing $PTII/ptolemy/domains/de/test/auto/Time.xml
auto.tcl: Setting watchdog for 200 seconds at Mon Oct 28 06:08:03 UTC 2019
729 ms. Memory: 48128K Free: 29446K (61%)
ptolemy.util.test.WatchDog.cancel(): canceling Mon Oct 28 06:08:04 UTC 2019
auto.tcl: Setting watchdog for 200 seconds at Mon Oct 28 06:08:04 UTC 2019
685 ms. Memory: 48128K Free: 27898K (58%)
ptolemy.util.test.WatchDog.cancel(): canceling Mon Oct 28 06:08:04 UTC 2019
------------------ testing $PTII/ptolemy/domains/de/test/auto/TimeDelayZeroDelay.xml
auto.tcl: Setting watchdog for 200 seconds at Mon Oct 28 06:08:04 UTC 2019
3 ms. Memory: 48128K Free: 30807K (64%)
ptolemy.util.test.WatchDog.cancel(): canceling Mon Oct 28 06:08:05 UTC 2019
auto.tcl: Setting watchdog for 200 seconds at Mon Oct 28 06:08:05 UTC 2019
2 ms. Memory: 48128K Free: 29918K (62%)
ptolemy.util.test.WatchDog.cancel(): canceling Mon Oct 28 06:08:05 UTC 2019
------------------ testing $PTII/ptolemy/domains/de/test/auto/TimerZeroDelay.xml
auto.tcl: Setting watchdog for 200 seconds at Mon Oct 28 06:08:05 UTC 2019
3 ms. Memory: 48128K Free: 30842K (64%)
ptolemy.util.test.WatchDog.cancel(): canceling Mon Oct 28 06:08:05 UTC 2019
auto.tcl: Setting watchdog for 200 seconds at Mon Oct 28 06:08:05 UTC 2019
2 ms. Memory: 48128K Free: 29961K (62%)
ptolemy.util.test.WatchDog.cancel(): canceling Mon Oct 28 06:08:05 UTC 2019
------------------ testing $PTII/ptolemy/domains/de/test/auto/TimingParadox.xml
auto.tcl: Setting watchdog for 200 seconds at Mon Oct 28 06:08:05 UTC 2019
531 ms. Memory: 62464K Free: 34801K (56%)
ptolemy.util.test.WatchDog.cancel(): canceling Mon Oct 28 06:08:05 UTC 2019
auto.tcl: Setting watchdog for 200 seconds at Mon Oct 28 06:08:05 UTC 2019
523 ms. Memory: 62464K Free: 30416K (49%)
ptolemy.util.test.WatchDog.cancel(): canceling Mon Oct 28 06:08:06 UTC 2019
------------------ testing $PTII/ptolemy/domains/de/test/auto/TransferInputs.xml
auto.tcl: Setting watchdog for 200 seconds at Mon Oct 28 06:08:06 UTC 2019
2 ms. Memory: 55296K Free: 35980K (65%)
ptolemy.util.test.WatchDog.cancel(): canceling Mon Oct 28 06:08:06 UTC 2019
auto.tcl: Setting watchdog for 200 seconds at Mon Oct 28 06:08:06 UTC 2019
2 ms. Memory: 55296K Free: 35035K (63%)
ptolemy.util.test.WatchDog.cancel(): canceling Mon Oct 28 06:08:06 UTC 2019
------------------ testing $PTII/ptolemy/domains/de/test/auto/TransferOutputs2.xml
auto.tcl: Setting watchdog for 200 seconds at Mon Oct 28 06:08:06 UTC 2019
10 ms. Memory: 48128K Free: 26254K (55%)
ptolemy.util.test.WatchDog.cancel(): canceling Mon Oct 28 06:08:06 UTC 2019
auto.tcl: Setting watchdog for 200 seconds at Mon Oct 28 06:08:06 UTC 2019
4 ms. Memory: 48128K Free: 24841K (52%)
ptolemy.util.test.WatchDog.cancel(): canceling Mon Oct 28 06:08:06 UTC 2019
------------------ testing $PTII/ptolemy/domains/de/test/auto/Trilateration.xml
auto.tcl: Setting watchdog for 200 seconds at Mon Oct 28 06:08:06 UTC 2019
17514 ms. Memory: 430080K Free: 239019K (56%)
ptolemy.util.test.WatchDog.cancel(): canceling Mon Oct 28 06:08:25 UTC 2019
auto.tcl: Setting watchdog for 200 seconds at Mon Oct 28 06:08:25 UTC 2019
12585 ms. Memory: 516096K Free: 297405K (58%)
ptolemy.util.test.WatchDog.cancel(): canceling Mon Oct 28 06:08:37 UTC 2019
------------------ testing $PTII/ptolemy/domains/de/test/auto/TwoSigmaDelta.xml
auto.tcl: Setting watchdog for 200 seconds at Mon Oct 28 06:08:38 UTC 2019
2938 ms. Memory: 89088K Free: 13674K (15%)
ptolemy.util.test.WatchDog.cancel(): canceling Mon Oct 28 06:08:41 UTC 2019
auto.tcl: Setting watchdog for 200 seconds at Mon Oct 28 06:08:41 UTC 2019
2046 ms. Memory: 89088K Free: 57172K (64%)
ptolemy.util.test.WatchDog.cancel(): canceling Mon Oct 28 06:08:43 UTC 2019
------------------ testing $PTII/ptolemy/domains/de/test/auto/VariableDelay.xml
auto.tcl: Setting watchdog for 200 seconds at Mon Oct 28 06:08:43 UTC 2019
3 ms. Memory: 51200K Free: 32363K (63%)
ptolemy.util.test.WatchDog.cancel(): canceling Mon Oct 28 06:08:43 UTC 2019
auto.tcl: Setting watchdog for 200 seconds at Mon Oct 28 06:08:43 UTC 2019
2 ms. Memory: 51200K Free: 31369K (61%)
ptolemy.util.test.WatchDog.cancel(): canceling Mon Oct 28 06:08:43 UTC 2019
------------------ testing $PTII/ptolemy/domains/de/test/auto/VariableDelay2.xml
auto.tcl: Setting watchdog for 200 seconds at Mon Oct 28 06:08:43 UTC 2019
4 ms. Memory: 51200K Free: 32977K (64%)
ptolemy.util.test.WatchDog.cancel(): canceling Mon Oct 28 06:08:43 UTC 2019
auto.tcl: Setting watchdog for 200 seconds at Mon Oct 28 06:08:43 UTC 2019
2 ms. Memory: 51200K Free: 32465K (63%)
ptolemy.util.test.WatchDog.cancel(): canceling Mon Oct 28 06:08:43 UTC 2019
------------------ testing $PTII/ptolemy/domains/de/test/auto/VariableDelayZeroDelay.xml
auto.tcl: Setting watchdog for 200 seconds at Mon Oct 28 06:08:43 UTC 2019
2 ms. Memory: 51200K Free: 33404K (65%)
ptolemy.util.test.WatchDog.cancel(): canceling Mon Oct 28 06:08:43 UTC 2019
auto.tcl: Setting watchdog for 200 seconds at Mon Oct 28 06:08:43 UTC 2019
3 ms. Memory: 51200K Free: 32777K (64%)
ptolemy.util.test.WatchDog.cancel(): canceling Mon Oct 28 06:08:43 UTC 2019
------------------ testing $PTII/ptolemy/domains/de/test/auto/VariableDelayZeroDelay2.xml
auto.tcl: Setting watchdog for 200 seconds at Mon Oct 28 06:08:43 UTC 2019
2 ms. Memory: 51200K Free: 33379K (65%)
ptolemy.util.test.WatchDog.cancel(): canceling Mon Oct 28 06:08:43 UTC 2019
auto.tcl: Setting watchdog for 200 seconds at Mon Oct 28 06:08:43 UTC 2019
3 ms. Memory: 51200K Free: 32280K (63%)
ptolemy.util.test.WatchDog.cancel(): canceling Mon Oct 28 06:08:43 UTC 2019
------------------ testing $PTII/ptolemy/domains/de/test/auto/deInCt.xml
auto.tcl: Setting watchdog for 200 seconds at Mon Oct 28 06:08:43 UTC 2019
0
1
1
1
0
0
0
1
1
0
0
0
0
1
1
0
0
0
1
1
1
0
0
0
0
1
1
1
0
0
0
0
0
1
1
1
0
0
0
0
16 ms. Memory: 51200K Free: 32277K (63%)
ptolemy.util.test.WatchDog.cancel(): canceling Mon Oct 28 06:08:43 UTC 2019
auto.tcl: Setting watchdog for 200 seconds at Mon Oct 28 06:08:43 UTC 2019
0
1
1
1
0
0
0
0
0
1
1
1
0
0
1
1
1
0
0
0
0
1
1
1
1
1
0
0
0
1
1
1
1
10 ms. Memory: 51200K Free: 30739K (60%)
ptolemy.util.test.WatchDog.cancel(): canceling Mon Oct 28 06:08:43 UTC 2019
------------------ testing $PTII/ptolemy/domains/de/test/auto/deInCt2.xml
auto.tcl: Setting watchdog for 200 seconds at Mon Oct 28 06:08:43 UTC 2019
0
1
1
1
0
0
1
1
1
0
0
1
1
1
0
0
1
1
1
0
0
1
1
1
0
0
1
1
1
0
0
1
1
1
0
0
1
1
1
0
0
0
13 ms. Memory: 51200K Free: 32280K (63%)
ptolemy.util.test.WatchDog.cancel(): canceling Mon Oct 28 06:08:43 UTC 2019
auto.tcl: Setting watchdog for 200 seconds at Mon Oct 28 06:08:43 UTC 2019
0
1
1
1
0
0
1
1
1
0
0
1
1
1
0
0
1
1
1
0
0
1
1
1
0
0
1
1
1
0
0
1
1
1
0
0
1
1
1
0
0
0
8 ms. Memory: 51200K Free: 30728K (60%)
ptolemy.util.test.WatchDog.cancel(): canceling Mon Oct 28 06:08:43 UTC 2019
------------------ testing $PTII/ptolemy/domains/de/test/auto/dynamicCausalityInterface1.xml
auto.tcl: Setting watchdog for 200 seconds at Mon Oct 28 06:08:43 UTC 2019
2 ms. Memory: 51200K Free: 28178K (55%)
ptolemy.util.test.WatchDog.cancel(): canceling Mon Oct 28 06:08:43 UTC 2019
auto.tcl: Setting watchdog for 200 seconds at Mon Oct 28 06:08:43 UTC 2019
1 ms. Memory: 51200K Free: 27664K (54%)
ptolemy.util.test.WatchDog.cancel(): canceling Mon Oct 28 06:08:43 UTC 2019
------------------ testing $PTII/ptolemy/domains/de/test/auto/fsm_de_test.xml
auto.tcl: Setting watchdog for 200 seconds at Mon Oct 28 06:08:43 UTC 2019
15 ms. Memory: 51200K Free: 28076K (55%)
ptolemy.util.test.WatchDog.cancel(): canceling Mon Oct 28 06:08:43 UTC 2019
auto.tcl: Setting watchdog for 200 seconds at Mon Oct 28 06:08:43 UTC 2019
13 ms. Memory: 51200K Free: 26028K (51%)
ptolemy.util.test.WatchDog.cancel(): canceling Mon Oct 28 06:08:43 UTC 2019
------------------ testing $PTII/ptolemy/domains/de/test/auto/functionDependencyReconstruction.xml
auto.tcl: Setting watchdog for 200 seconds at Mon Oct 28 06:08:43 UTC 2019
4 ms. Memory: 51200K Free: 21922K (43%)
ptolemy.util.test.WatchDog.cancel(): canceling Mon Oct 28 06:08:43 UTC 2019
auto.tcl: Setting watchdog for 200 seconds at Mon Oct 28 06:08:43 UTC 2019
4 ms. Memory: 51200K Free: 19874K (39%)
ptolemy.util.test.WatchDog.cancel(): canceling Mon Oct 28 06:08:44 UTC 2019
------------------ testing $PTII/ptolemy/domains/de/test/auto/multirate.xml
auto.tcl: Setting watchdog for 200 seconds at Mon Oct 28 06:08:44 UTC 2019
8 ms. Memory: 51200K Free: 30651K (60%)
ptolemy.util.test.WatchDog.cancel(): canceling Mon Oct 28 06:08:44 UTC 2019
auto.tcl: Setting watchdog for 200 seconds at Mon Oct 28 06:08:44 UTC 2019
4 ms. Memory: 51200K Free: 28972K (57%)
ptolemy.util.test.WatchDog.cancel(): canceling Mon Oct 28 06:08:44 UTC 2019
------------------ testing $PTII/ptolemy/domains/de/test/auto/multirate2.xml
auto.tcl: Setting watchdog for 200 seconds at Mon Oct 28 06:08:44 UTC 2019
3 ms. Memory: 51200K Free: 30872K (60%)
ptolemy.util.test.WatchDog.cancel(): canceling Mon Oct 28 06:08:44 UTC 2019
auto.tcl: Setting watchdog for 200 seconds at Mon Oct 28 06:08:44 UTC 2019
3 ms. Memory: 51200K Free: 29153K (57%)
ptolemy.util.test.WatchDog.cancel(): canceling Mon Oct 28 06:08:44 UTC 2019
------------------ testing $PTII/ptolemy/domains/de/test/auto/realtime.xml
auto.tcl: Setting watchdog for 200 seconds at Mon Oct 28 06:08:44 UTC 2019
10003 ms. Memory: 51200K Free: 32949K (64%)
ptolemy.util.test.WatchDog.cancel(): canceling Mon Oct 28 06:08:54 UTC 2019
auto.tcl: Setting watchdog for 200 seconds at Mon Oct 28 06:08:54 UTC 2019
10001 ms. Memory: 51200K Free: 32224K (63%)
ptolemy.util.test.WatchDog.cancel(): canceling Mon Oct 28 06:09:04 UTC 2019
------------------ testing $PTII/ptolemy/domains/de/test/auto/relationGroup.xml
auto.tcl: Setting watchdog for 200 seconds at Mon Oct 28 06:09:04 UTC 2019
2 ms. Memory: 51200K Free: 34031K (66%)
ptolemy.util.test.WatchDog.cancel(): canceling Mon Oct 28 06:09:04 UTC 2019
auto.tcl: Setting watchdog for 200 seconds at Mon Oct 28 06:09:04 UTC 2019
2 ms. Memory: 51200K Free: 33519K (65%)
ptolemy.util.test.WatchDog.cancel(): canceling Mon Oct 28 06:09:04 UTC 2019
------------------ testing $PTII/ptolemy/domains/de/test/auto/relationGroup2.xml
auto.tcl: Setting watchdog for 200 seconds at Mon Oct 28 06:09:04 UTC 2019
1 ms. Memory: 51200K Free: 34056K (67%)
ptolemy.util.test.WatchDog.cancel(): canceling Mon Oct 28 06:09:04 UTC 2019
auto.tcl: Setting watchdog for 200 seconds at Mon Oct 28 06:09:04 UTC 2019
2 ms. Memory: 51200K Free: 33514K (65%)
ptolemy.util.test.WatchDog.cancel(): canceling Mon Oct 28 06:09:04 UTC 2019
------------------ testing $PTII/ptolemy/domains/de/test/auto/sortWithOpaquePorts.xml
auto.tcl: Setting watchdog for 200 seconds at Mon Oct 28 06:09:04 UTC 2019
3 ms. Memory: 51200K Free: 32804K (64%)
ptolemy.util.test.WatchDog.cancel(): canceling Mon Oct 28 06:09:04 UTC 2019
auto.tcl: Setting watchdog for 200 seconds at Mon Oct 28 06:09:04 UTC 2019
3 ms. Memory: 51200K Free: 31782K (62%)
ptolemy.util.test.WatchDog.cancel(): canceling Mon Oct 28 06:09:04 UTC 2019
------------------ testing $PTII/ptolemy/domains/de/test/auto/transferInputsandOutputs.xml
auto.tcl: Setting watchdog for 200 seconds at Mon Oct 28 06:09:04 UTC 2019
2 ms. Memory: 51200K Free: 30248K (59%)
ptolemy.util.test.WatchDog.cancel(): canceling Mon Oct 28 06:09:04 UTC 2019
auto.tcl: Setting watchdog for 200 seconds at Mon Oct 28 06:09:04 UTC 2019
3 ms. Memory: 51200K Free: 29224K (57%)
ptolemy.util.test.WatchDog.cancel(): canceling Mon Oct 28 06:09:04 UTC 2019
------------------ testing $PTII/ptolemy/domains/de/test/auto/triggerType.xml
auto.tcl: Setting watchdog for 200 seconds at Mon Oct 28 06:09:04 UTC 2019
2 ms. Memory: 51200K Free: 33273K (65%)
ptolemy.util.test.WatchDog.cancel(): canceling Mon Oct 28 06:09:04 UTC 2019
auto.tcl: Setting watchdog for 200 seconds at Mon Oct 28 06:09:04 UTC 2019
1 ms. Memory: 51200K Free: 32249K (63%)
ptolemy.util.test.WatchDog.cancel(): canceling Mon Oct 28 06:09:04 UTC 2019
10/28/19 06:09:04
Failed: 0  Total Tests: 192  ((Passed: 187, Newly Passed: 1)  Known Failed: 5) /home/travis/build/icyphy/ptII/ptolemy/domains/de/test
10/28/19 06:09:04
Failed: 0  Total Tests: 192  ((Passed: 187, Newly Passed: 1)  Known Failed: 5) /home/travis/build/icyphy/ptII/ptolemy/domains/de/test
----------------- testing (KnownFailure) /home/travis/build/icyphy/ptII/ptolemy/domains/de/test/auto/knownFailedTests/DESDFClockTest.xml
2011 ms. Memory: 51200K Free: 26157K (51%)
Known Failure: java.lang.reflect.InvocationTargetException
----------------- testing (KnownFailure) /home/travis/build/icyphy/ptII/ptolemy/domains/de/test/auto/knownFailedTests/DirectFeedback.xml
3 ms. Memory: 51200K Free: 22061K (43%)
Known Failure: java.lang.reflect.InvocationTargetException
----------------- testing (KnownFailure) /home/travis/build/icyphy/ptII/ptolemy/domains/de/test/auto/knownFailedTests/FSMSource.xml
17 ms. Memory: 51200K Free: 14893K (29%)
----------------- testing (KnownFailure) /home/travis/build/icyphy/ptII/ptolemy/domains/de/test/auto/knownFailedTests/HierarchicalModel.xml
2 ms. Memory: 51200K Free: 27747K (54%)
Known Failure: java.lang.reflect.InvocationTargetException
----------------- testing (KnownFailure) /home/travis/build/icyphy/ptII/ptolemy/domains/de/test/auto/knownFailedTests/dependencyLoop.xml
3 ms. Memory: 51200K Free: 12387K (24%)
Known Failure: java.lang.reflect.InvocationTargetException
----------------- testing (KnownFailure) /home/travis/build/icyphy/ptII/ptolemy/domains/de/test/auto/knownFailedTests/dependencyLoop2.xml
6 ms. Memory: 51200K Free: 25705K (50%)
Known Failure: java.lang.reflect.InvocationTargetException
No auto/linux-amd64/*.xml tests in /home/travis/build/icyphy/ptII/ptolemy/domains/de/test
AutoTests.java: About to close Vertx.
AutoTests.java: Vertx closed.

===========================================================================================
----------------- testing Mon Oct 28 06:09:06 UTC 2019 /home/travis/build/icyphy/ptII/ptolemy/domains/de/test/auto/ActorDepthCalculation_actorWithoutPorts.xml
----------------- Instantiating /home/travis/build/icyphy/ptII/ptolemy/domains/de/test/auto/ActorDepthCalculation_actorWithoutPorts.xml
3 ms. Memory: 51200K Free: 18784K (37%)
----------------- Invoking toplevel() on ptolemy.moml.MoMLSimpleApplication@57e33837
----------------- Done invoking toplevel() on ptolemy.moml.MoMLSimpleApplication@57e33837
reloadAllAccessors: .ActorDepthCalculation_actorWithoutPorts

===========================================================================================
----------------- testing Mon Oct 28 06:09:06 UTC 2019 /home/travis/build/icyphy/ptII/ptolemy/domains/de/test/auto/AssemblyLine.xml
----------------- Instantiating /home/travis/build/icyphy/ptII/ptolemy/domains/de/test/auto/AssemblyLine.xml
2 ms. Memory: 51200K Free: 11656K (23%)
----------------- Invoking toplevel() on ptolemy.moml.MoMLSimpleApplication@147517d2
----------------- Done invoking toplevel() on ptolemy.moml.MoMLSimpleApplication@147517d2
reloadAllAccessors: .AssemblyLine

===========================================================================================
----------------- testing Mon Oct 28 06:09:06 UTC 2019 /home/travis/build/icyphy/ptII/ptolemy/domains/de/test/auto/CQBug1.xml
----------------- Instantiating /home/travis/build/icyphy/ptII/ptolemy/domains/de/test/auto/CQBug1.xml
1 ms. Memory: 51200K Free: 8911K (17%)
----------------- Invoking toplevel() on ptolemy.moml.MoMLSimpleApplication@5f0081cc
----------------- Done invoking toplevel() on ptolemy.moml.MoMLSimpleApplication@5f0081cc
reloadAllAccessors: .CQBug1

===========================================================================================
----------------- testing Mon Oct 28 06:09:07 UTC 2019 /home/travis/build/icyphy/ptII/ptolemy/domains/de/test/auto/CancelFireAt.xml
----------------- Instantiating /home/travis/build/icyphy/ptII/ptolemy/domains/de/test/auto/CancelFireAt.xml
13 ms. Memory: 51200K Free: 35337K (69%)
----------------- Invoking toplevel() on ptolemy.moml.MoMLSimpleApplication@7e583a7b
----------------- Done invoking toplevel() on ptolemy.moml.MoMLSimpleApplication@7e583a7b
reloadAllAccessors: .CancelFireAt

===========================================================================================
----------------- testing Mon Oct 28 06:09:07 UTC 2019 /home/travis/build/icyphy/ptII/ptolemy/domains/de/test/auto/CausalityAndComposabilityAnalysis.xml
----------------- Instantiating /home/travis/build/icyphy/ptII/ptolemy/domains/de/test/auto/CausalityAndComposabilityAnalysis.xml
2 ms. Memory: 51200K Free: 31073K (61%)
----------------- Invoking toplevel() on ptolemy.moml.MoMLSimpleApplication@1d6fc420
----------------- Done invoking toplevel() on ptolemy.moml.MoMLSimpleApplication@1d6fc420
reloadAllAccessors: .CausalityAndComposabilityAnalysis

===========================================================================================
----------------- testing Mon Oct 28 06:09:07 UTC 2019 /home/travis/build/icyphy/ptII/ptolemy/domains/de/test/auto/CausalityInterface1.xml
----------------- Instantiating /home/travis/build/icyphy/ptII/ptolemy/domains/de/test/auto/CausalityInterface1.xml
7 ms. Memory: 51200K Free: 25959K (51%)
----------------- Invoking toplevel() on ptolemy.moml.MoMLSimpleApplication@45c88a7b
----------------- Done invoking toplevel() on ptolemy.moml.MoMLSimpleApplication@45c88a7b
reloadAllAccessors: .CausalityInterface1

===========================================================================================
----------------- testing Mon Oct 28 06:09:07 UTC 2019 /home/travis/build/icyphy/ptII/ptolemy/domains/de/test/auto/CausalityInterface15.xml
----------------- Instantiating /home/travis/build/icyphy/ptII/ptolemy/domains/de/test/auto/CausalityInterface15.xml
3 ms. Memory: 51200K Free: 20413K (40%)
----------------- Invoking toplevel() on ptolemy.moml.MoMLSimpleApplication@de3f23d
----------------- Done invoking toplevel() on ptolemy.moml.MoMLSimpleApplication@de3f23d
reloadAllAccessors: .CausalityInterface15

===========================================================================================
----------------- testing Mon Oct 28 06:09:07 UTC 2019 /home/travis/build/icyphy/ptII/ptolemy/domains/de/test/auto/CausalityInterface2.xml
----------------- Instantiating /home/travis/build/icyphy/ptII/ptolemy/domains/de/test/auto/CausalityInterface2.xml
1 ms. Memory: 51200K Free: 15743K (31%)
----------------- Invoking toplevel() on ptolemy.moml.MoMLSimpleApplication@359a2a42
----------------- Done invoking toplevel() on ptolemy.moml.MoMLSimpleApplication@359a2a42
reloadAllAccessors: .CausalityInterface2

===========================================================================================
----------------- testing Mon Oct 28 06:09:07 UTC 2019 /home/travis/build/icyphy/ptII/ptolemy/domains/de/test/auto/CausalityInterface3.xml
----------------- Instantiating /home/travis/build/icyphy/ptII/ptolemy/domains/de/test/auto/CausalityInterface3.xml
3 ms. Memory: 51200K Free: 10848K (21%)
----------------- Invoking toplevel() on ptolemy.moml.MoMLSimpleApplication@554b158c
----------------- Done invoking toplevel() on ptolemy.moml.MoMLSimpleApplication@554b158c
reloadAllAccessors: .CausalityInterface3

===========================================================================================
----------------- testing Mon Oct 28 06:09:07 UTC 2019 /home/travis/build/icyphy/ptII/ptolemy/domains/de/test/auto/ClockDrift.xml
----------------- Instantiating /home/travis/build/icyphy/ptII/ptolemy/domains/de/test/auto/ClockDrift.xml
14 ms. Memory: 51200K Free: 27433K (54%)
----------------- Invoking toplevel() on ptolemy.moml.MoMLSimpleApplication@2e721c2b
----------------- Done invoking toplevel() on ptolemy.moml.MoMLSimpleApplication@2e721c2b
reloadAllAccessors: .ClockDrift

===========================================================================================
----------------- testing Mon Oct 28 06:09:07 UTC 2019 /home/travis/build/icyphy/ptII/ptolemy/domains/de/test/auto/ClockDriftAndValueChange.xml
----------------- Instantiating /home/travis/build/icyphy/ptII/ptolemy/domains/de/test/auto/ClockDriftAndValueChange.xml
12 ms. Memory: 51200K Free: 15787K (31%)
----------------- Invoking toplevel() on ptolemy.moml.MoMLSimpleApplication@673e0421
----------------- Done invoking toplevel() on ptolemy.moml.MoMLSimpleApplication@673e0421
reloadAllAccessors: .ClockDriftAndValueChange

===========================================================================================
----------------- testing Mon Oct 28 06:09:07 UTC 2019 /home/travis/build/icyphy/ptII/ptolemy/domains/de/test/auto/ClockDriftChange.xml
----------------- Instantiating /home/travis/build/icyphy/ptII/ptolemy/domains/de/test/auto/ClockDriftChange.xml
16 ms. Memory: 51200K Free: 34815K (68%)
----------------- Invoking toplevel() on ptolemy.moml.MoMLSimpleApplication@2d0d503
----------------- Done invoking toplevel() on ptolemy.moml.MoMLSimpleApplication@2d0d503
reloadAllAccessors: .ClockDriftChange

===========================================================================================
----------------- testing Mon Oct 28 06:09:07 UTC 2019 /home/travis/build/icyphy/ptII/ptolemy/domains/de/test/auto/ComposableCausalityAnalysis.xml
----------------- Instantiating /home/travis/build/icyphy/ptII/ptolemy/domains/de/test/auto/ComposableCausalityAnalysis.xml
2 ms. Memory: 51200K Free: 28884K (56%)
----------------- Invoking toplevel() on ptolemy.moml.MoMLSimpleApplication@1af3c20b
----------------- Done invoking toplevel() on ptolemy.moml.MoMLSimpleApplication@1af3c20b
reloadAllAccessors: .ComposableCausalityAnalysis

===========================================================================================
----------------- testing Mon Oct 28 06:09:07 UTC 2019 /home/travis/build/icyphy/ptII/ptolemy/domains/de/test/auto/DEFixedPointLimitation.xml
----------------- Instantiating /home/travis/build/icyphy/ptII/ptolemy/domains/de/test/auto/DEFixedPointLimitation.xml
1 ms. Memory: 51200K Free: 24141K (47%)
----------------- Invoking toplevel() on ptolemy.moml.MoMLSimpleApplication@1f03b1a6
----------------- Done invoking toplevel() on ptolemy.moml.MoMLSimpleApplication@1f03b1a6
reloadAllAccessors: .DEFixedPointLimitation

===========================================================================================
----------------- testing Mon Oct 28 06:09:07 UTC 2019 /home/travis/build/icyphy/ptII/ptolemy/domains/de/test/auto/DEScheduleTest.xml
----------------- Instantiating /home/travis/build/icyphy/ptII/ptolemy/domains/de/test/auto/DEScheduleTest.xml
2 ms. Memory: 51200K Free: 19894K (39%)
----------------- Invoking toplevel() on ptolemy.moml.MoMLSimpleApplication@656db888
----------------- Done invoking toplevel() on ptolemy.moml.MoMLSimpleApplication@656db888
reloadAllAccessors: .DEScheduleTest

===========================================================================================
----------------- testing Mon Oct 28 06:09:07 UTC 2019 /home/travis/build/icyphy/ptII/ptolemy/domains/de/test/auto/DEinDEwithStartTimes.xml
----------------- Instantiating /home/travis/build/icyphy/ptII/ptolemy/domains/de/test/auto/DEinDEwithStartTimes.xml
2 ms. Memory: 51200K Free: 14106K (28%)
----------------- Invoking toplevel() on ptolemy.moml.MoMLSimpleApplication@22d8a755
----------------- Done invoking toplevel() on ptolemy.moml.MoMLSimpleApplication@22d8a755
reloadAllAccessors: .DEinDEwithStartTimes

===========================================================================================
----------------- testing Mon Oct 28 06:09:07 UTC 2019 /home/travis/build/icyphy/ptII/ptolemy/domains/de/test/auto/DEinDEwithStartTimes2.xml
----------------- Instantiating /home/travis/build/icyphy/ptII/ptolemy/domains/de/test/auto/DEinDEwithStartTimes2.xml
7 ms. Memory: 51200K Free: 36325K (71%)
----------------- Invoking toplevel() on ptolemy.moml.MoMLSimpleApplication@4a413c8b
----------------- Done invoking toplevel() on ptolemy.moml.MoMLSimpleApplication@4a413c8b
reloadAllAccessors: .DEinDEwithStartTimes2

===========================================================================================
----------------- testing Mon Oct 28 06:09:07 UTC 2019 /home/travis/build/icyphy/ptII/ptolemy/domains/de/test/auto/DateDemo.xml
----------------- Instantiating /home/travis/build/icyphy/ptII/ptolemy/domains/de/test/auto/DateDemo.xml
17 ms. Memory: 51200K Free: 25076K (49%)
----------------- Invoking toplevel() on ptolemy.moml.MoMLSimpleApplication@9e3ec25
----------------- Done invoking toplevel() on ptolemy.moml.MoMLSimpleApplication@9e3ec25
reloadAllAccessors: .DateDemo

===========================================================================================
----------------- testing Mon Oct 28 06:09:07 UTC 2019 /home/travis/build/icyphy/ptII/ptolemy/domains/de/test/auto/DateToEvent.xml
----------------- Instantiating /home/travis/build/icyphy/ptII/ptolemy/domains/de/test/auto/DateToEvent.xml
2006 ms. Memory: 51200K Free: 9444K (18%)
----------------- Invoking toplevel() on ptolemy.moml.MoMLSimpleApplication@c19adc6
----------------- Done invoking toplevel() on ptolemy.moml.MoMLSimpleApplication@c19adc6
reloadAllAccessors: .DateToEvent

===========================================================================================
----------------- testing Mon Oct 28 06:09:09 UTC 2019 /home/travis/build/icyphy/ptII/ptolemy/domains/de/test/auto/DepthTest1.xml
----------------- Instantiating /home/travis/build/icyphy/ptII/ptolemy/domains/de/test/auto/DepthTest1.xml
2 ms. Memory: 51200K Free: 33783K (66%)
----------------- Invoking toplevel() on ptolemy.moml.MoMLSimpleApplication@199df8d4
----------------- Done invoking toplevel() on ptolemy.moml.MoMLSimpleApplication@199df8d4
reloadAllAccessors: .DepthTest1

===========================================================================================
----------------- testing Mon Oct 28 06:09:09 UTC 2019 /home/travis/build/icyphy/ptII/ptolemy/domains/de/test/auto/DepthTest2.xml
----------------- Instantiating /home/travis/build/icyphy/ptII/ptolemy/domains/de/test/auto/DepthTest2.xml
13 ms. Memory: 51200K Free: 27450K (54%)
----------------- Invoking toplevel() on ptolemy.moml.MoMLSimpleApplication@15cdbaf5
----------------- Done invoking toplevel() on ptolemy.moml.MoMLSimpleApplication@15cdbaf5
reloadAllAccessors: .DepthTest2

===========================================================================================
----------------- testing Mon Oct 28 06:09:09 UTC 2019 /home/travis/build/icyphy/ptII/ptolemy/domains/de/test/auto/DepthTest3.xml
----------------- Instantiating /home/travis/build/icyphy/ptII/ptolemy/domains/de/test/auto/DepthTest3.xml
1 ms. Memory: 51200K Free: 24378K (48%)
----------------- Invoking toplevel() on ptolemy.moml.MoMLSimpleApplication@6feb0389
----------------- Done invoking toplevel() on ptolemy.moml.MoMLSimpleApplication@6feb0389
reloadAllAccessors: .DepthTest3

===========================================================================================
----------------- testing Mon Oct 28 06:09:09 UTC 2019 /home/travis/build/icyphy/ptII/ptolemy/domains/de/test/auto/DepthTest4.xml
----------------- Instantiating /home/travis/build/icyphy/ptII/ptolemy/domains/de/test/auto/DepthTest4.xml
1 ms. Memory: 51200K Free: 19633K (38%)
----------------- Invoking toplevel() on ptolemy.moml.MoMLSimpleApplication@7268bb1d
----------------- Done invoking toplevel() on ptolemy.moml.MoMLSimpleApplication@7268bb1d
reloadAllAccessors: .DepthTest4

===========================================================================================
----------------- testing Mon Oct 28 06:09:09 UTC 2019 /home/travis/build/icyphy/ptII/ptolemy/domains/de/test/auto/DepthTest5.xml
----------------- Instantiating /home/travis/build/icyphy/ptII/ptolemy/domains/de/test/auto/DepthTest5.xml
2 ms. Memory: 51200K Free: 14513K (28%)
----------------- Invoking toplevel() on ptolemy.moml.MoMLSimpleApplication@22e0a03
----------------- Done invoking toplevel() on ptolemy.moml.MoMLSimpleApplication@22e0a03
reloadAllAccessors: .DepthTest5

===========================================================================================
----------------- testing Mon Oct 28 06:09:09 UTC 2019 /home/travis/build/icyphy/ptII/ptolemy/domains/de/test/auto/DepthTest6.xml
----------------- Instantiating /home/travis/build/icyphy/ptII/ptolemy/domains/de/test/auto/DepthTest6.xml
2 ms. Memory: 51200K Free: 9018K (18%)
----------------- Invoking toplevel() on ptolemy.moml.MoMLSimpleApplication@45be49e8
----------------- Done invoking toplevel() on ptolemy.moml.MoMLSimpleApplication@45be49e8
reloadAllAccessors: .DepthTest6

===========================================================================================
----------------- testing Mon Oct 28 06:09:09 UTC 2019 /home/travis/build/icyphy/ptII/ptolemy/domains/de/test/auto/DepthTest7.xml
----------------- Instantiating /home/travis/build/icyphy/ptII/ptolemy/domains/de/test/auto/DepthTest7.xml
1 ms. Memory: 51200K Free: 32311K (63%)
----------------- Invoking toplevel() on ptolemy.moml.MoMLSimpleApplication@14ae46d3
----------------- Done invoking toplevel() on ptolemy.moml.MoMLSimpleApplication@14ae46d3
reloadAllAccessors: .DepthTest7

===========================================================================================
----------------- testing Mon Oct 28 06:09:09 UTC 2019 /home/travis/build/icyphy/ptII/ptolemy/domains/de/test/auto/EventToDate.xml
----------------- Instantiating /home/travis/build/icyphy/ptII/ptolemy/domains/de/test/auto/EventToDate.xml
3004 ms. Memory: 51200K Free: 19061K (37%)
----------------- Invoking toplevel() on ptolemy.moml.MoMLSimpleApplication@668d8b08
----------------- Done invoking toplevel() on ptolemy.moml.MoMLSimpleApplication@668d8b08
reloadAllAccessors: .EventToDate

===========================================================================================
----------------- testing Mon Oct 28 06:09:12 UTC 2019 /home/travis/build/icyphy/ptII/ptolemy/domains/de/test/auto/FSM1.xml
----------------- Instantiating /home/travis/build/icyphy/ptII/ptolemy/domains/de/test/auto/FSM1.xml
18 ms. Memory: 51200K Free: 34477K (67%)
----------------- Invoking toplevel() on ptolemy.moml.MoMLSimpleApplication@77f25c57
----------------- Done invoking toplevel() on ptolemy.moml.MoMLSimpleApplication@77f25c57
reloadAllAccessors: .FSM1

===========================================================================================
----------------- testing Mon Oct 28 06:09:12 UTC 2019 /home/travis/build/icyphy/ptII/ptolemy/domains/de/test/auto/FSM7.xml
----------------- Instantiating /home/travis/build/icyphy/ptII/ptolemy/domains/de/test/auto/FSM7.xml
12 ms. Memory: 51200K Free: 21958K (43%)
----------------- Invoking toplevel() on ptolemy.moml.MoMLSimpleApplication@771063d0
----------------- Done invoking toplevel() on ptolemy.moml.MoMLSimpleApplication@771063d0
reloadAllAccessors: .FSM7

===========================================================================================
----------------- testing Mon Oct 28 06:09:12 UTC 2019 /home/travis/build/icyphy/ptII/ptolemy/domains/de/test/auto/Inspection.xml
----------------- Instantiating /home/travis/build/icyphy/ptII/ptolemy/domains/de/test/auto/Inspection.xml
17 ms. Memory: 51200K Free: 9710K (19%)
----------------- Invoking toplevel() on ptolemy.moml.MoMLSimpleApplication@6b1069ba
----------------- Done invoking toplevel() on ptolemy.moml.MoMLSimpleApplication@6b1069ba
reloadAllAccessors: .Inspection

===========================================================================================
----------------- testing Mon Oct 28 06:09:12 UTC 2019 /home/travis/build/icyphy/ptII/ptolemy/domains/de/test/auto/Iteration.xml
----------------- Instantiating /home/travis/build/icyphy/ptII/ptolemy/domains/de/test/auto/Iteration.xml
17 ms. Memory: 51200K Free: 30396K (59%)
----------------- Invoking toplevel() on ptolemy.moml.MoMLSimpleApplication@674ec671
----------------- Done invoking toplevel() on ptolemy.moml.MoMLSimpleApplication@674ec671
reloadAllAccessors: .Iteration

===========================================================================================
----------------- testing Mon Oct 28 06:09:12 UTC 2019 /home/travis/build/icyphy/ptII/ptolemy/domains/de/test/auto/LineFault.xml
----------------- Instantiating /home/travis/build/icyphy/ptII/ptolemy/domains/de/test/auto/LineFault.xml
566 ms. Memory: 51200K Free: 22709K (44%)
----------------- Invoking toplevel() on ptolemy.moml.MoMLSimpleApplication@1410d83b
----------------- Done invoking toplevel() on ptolemy.moml.MoMLSimpleApplication@1410d83b
reloadAllAccessors: .LineFault

===========================================================================================
----------------- testing Mon Oct 28 06:09:13 UTC 2019 /home/travis/build/icyphy/ptII/ptolemy/domains/de/test/auto/MergeModel1Add.xml
----------------- Instantiating /home/travis/build/icyphy/ptII/ptolemy/domains/de/test/auto/MergeModel1Add.xml
7 ms. Memory: 61440K Free: 38729K (63%)
----------------- Invoking toplevel() on ptolemy.moml.MoMLSimpleApplication@4530083e
----------------- Done invoking toplevel() on ptolemy.moml.MoMLSimpleApplication@4530083e
reloadAllAccessors: .MergeModel1Add

===========================================================================================
----------------- testing Mon Oct 28 06:09:13 UTC 2019 /home/travis/build/icyphy/ptII/ptolemy/domains/de/test/auto/MergeModel2Add.xml
----------------- Instantiating /home/travis/build/icyphy/ptII/ptolemy/domains/de/test/auto/MergeModel2Add.xml
7 ms. Memory: 61440K Free: 21042K (34%)
----------------- Invoking toplevel() on ptolemy.moml.MoMLSimpleApplication@1ddc19ad
----------------- Done invoking toplevel() on ptolemy.moml.MoMLSimpleApplication@1ddc19ad
reloadAllAccessors: .MergeModel2Add

===========================================================================================
----------------- testing Mon Oct 28 06:09:13 UTC 2019 /home/travis/build/icyphy/ptII/ptolemy/domains/de/test/auto/MergeModel3Add.xml
----------------- Instantiating /home/travis/build/icyphy/ptII/ptolemy/domains/de/test/auto/MergeModel3Add.xml
5 ms. Memory: 61440K Free: 35142K (57%)
----------------- Invoking toplevel() on ptolemy.moml.MoMLSimpleApplication@176e821
----------------- Done invoking toplevel() on ptolemy.moml.MoMLSimpleApplication@176e821
reloadAllAccessors: .MergeModel3Add

===========================================================================================
----------------- testing Mon Oct 28 06:09:13 UTC 2019 /home/travis/build/icyphy/ptII/ptolemy/domains/de/test/auto/MergeWithoutDiscard.xml
----------------- Instantiating /home/travis/build/icyphy/ptII/ptolemy/domains/de/test/auto/MergeWithoutDiscard.xml
1 ms. Memory: 61440K Free: 30713K (50%)
----------------- Invoking toplevel() on ptolemy.moml.MoMLSimpleApplication@b3d867e
----------------- Done invoking toplevel() on ptolemy.moml.MoMLSimpleApplication@b3d867e
reloadAllAccessors: .MergeWithoutDiscard

===========================================================================================
----------------- testing Mon Oct 28 06:09:13 UTC 2019 /home/travis/build/icyphy/ptII/ptolemy/domains/de/test/auto/Modal1.xml
----------------- Instantiating /home/travis/build/icyphy/ptII/ptolemy/domains/de/test/auto/Modal1.xml
6 ms. Memory: 61440K Free: 18379K (30%)
----------------- Invoking toplevel() on ptolemy.moml.MoMLSimpleApplication@5794b21d
----------------- Done invoking toplevel() on ptolemy.moml.MoMLSimpleApplication@5794b21d
reloadAllAccessors: .Modal1

===========================================================================================
----------------- testing Mon Oct 28 06:09:13 UTC 2019 /home/travis/build/icyphy/ptII/ptolemy/domains/de/test/auto/Modal2.xml
----------------- Instantiating /home/travis/build/icyphy/ptII/ptolemy/domains/de/test/auto/Modal2.xml
12 ms. Memory: 61440K Free: 37992K (62%)
----------------- Invoking toplevel() on ptolemy.moml.MoMLSimpleApplication@97feb2a
----------------- Done invoking toplevel() on ptolemy.moml.MoMLSimpleApplication@97feb2a
reloadAllAccessors: .Modal2

===========================================================================================
----------------- testing Mon Oct 28 06:09:13 UTC 2019 /home/travis/build/icyphy/ptII/ptolemy/domains/de/test/auto/Modal3.xml
----------------- Instantiating /home/travis/build/icyphy/ptII/ptolemy/domains/de/test/auto/Modal3.xml
8 ms. Memory: 61440K Free: 25368K (41%)
----------------- Invoking toplevel() on ptolemy.moml.MoMLSimpleApplication@7ce08bd2
----------------- Done invoking toplevel() on ptolemy.moml.MoMLSimpleApplication@7ce08bd2
reloadAllAccessors: .Modal3

===========================================================================================
----------------- testing Mon Oct 28 06:09:13 UTC 2019 /home/travis/build/icyphy/ptII/ptolemy/domains/de/test/auto/Modal4.xml
----------------- Instantiating /home/travis/build/icyphy/ptII/ptolemy/domains/de/test/auto/Modal4.xml
16 ms. Memory: 61440K Free: 45145K (73%)
----------------- Invoking toplevel() on ptolemy.moml.MoMLSimpleApplication@64689c74
----------------- Done invoking toplevel() on ptolemy.moml.MoMLSimpleApplication@64689c74
reloadAllAccessors: .Modal4

===========================================================================================
----------------- testing Mon Oct 28 06:09:13 UTC 2019 /home/travis/build/icyphy/ptII/ptolemy/domains/de/test/auto/Modal5.xml
----------------- Instantiating /home/travis/build/icyphy/ptII/ptolemy/domains/de/test/auto/Modal5.xml
9 ms. Memory: 61440K Free: 32074K (52%)
----------------- Invoking toplevel() on ptolemy.moml.MoMLSimpleApplication@28899959
----------------- Done invoking toplevel() on ptolemy.moml.MoMLSimpleApplication@28899959
reloadAllAccessors: .Modal5

===========================================================================================
----------------- testing Mon Oct 28 06:09:13 UTC 2019 /home/travis/build/icyphy/ptII/ptolemy/domains/de/test/auto/Modal6.xml
----------------- Instantiating /home/travis/build/icyphy/ptII/ptolemy/domains/de/test/auto/Modal6.xml
10 ms. Memory: 61440K Free: 19802K (32%)
----------------- Invoking toplevel() on ptolemy.moml.MoMLSimpleApplication@1d4db9df
----------------- Done invoking toplevel() on ptolemy.moml.MoMLSimpleApplication@1d4db9df
reloadAllAccessors: .Modal6

===========================================================================================
----------------- testing Mon Oct 28 06:09:13 UTC 2019 /home/travis/build/icyphy/ptII/ptolemy/domains/de/test/auto/Modal7.xml
----------------- Instantiating /home/travis/build/icyphy/ptII/ptolemy/domains/de/test/auto/Modal7.xml
7 ms. Memory: 61440K Free: 39315K (64%)
----------------- Invoking toplevel() on ptolemy.moml.MoMLSimpleApplication@4bd4f65
----------------- Done invoking toplevel() on ptolemy.moml.MoMLSimpleApplication@4bd4f65
reloadAllAccessors: .Modal7

===========================================================================================
----------------- testing Mon Oct 28 06:09:13 UTC 2019 /home/travis/build/icyphy/ptII/ptolemy/domains/de/test/auto/ModalModel.xml
----------------- Instantiating /home/travis/build/icyphy/ptII/ptolemy/domains/de/test/auto/ModalModel.xml
150 ms. Memory: 61440K Free: 38367K (62%)
----------------- Invoking toplevel() on ptolemy.moml.MoMLSimpleApplication@9e7ef15
----------------- Done invoking toplevel() on ptolemy.moml.MoMLSimpleApplication@9e7ef15
reloadAllAccessors: .ModalModel

===========================================================================================
----------------- testing Mon Oct 28 06:09:14 UTC 2019 /home/travis/build/icyphy/ptII/ptolemy/domains/de/test/auto/ModalSource.xml
----------------- Instantiating /home/travis/build/icyphy/ptII/ptolemy/domains/de/test/auto/ModalSource.xml
6 ms. Memory: 61440K Free: 29951K (49%)
----------------- Invoking toplevel() on ptolemy.moml.MoMLSimpleApplication@3519497b
----------------- Done invoking toplevel() on ptolemy.moml.MoMLSimpleApplication@3519497b
reloadAllAccessors: .ModalSource

===========================================================================================
----------------- testing Mon Oct 28 06:09:14 UTC 2019 /home/travis/build/icyphy/ptII/ptolemy/domains/de/test/auto/NonInterruptibleTimerZeroDelay.xml
----------------- Instantiating /home/travis/build/icyphy/ptII/ptolemy/domains/de/test/auto/NonInterruptibleTimerZeroDelay.xml
2 ms. Memory: 61440K Free: 26200K (43%)
----------------- Invoking toplevel() on ptolemy.moml.MoMLSimpleApplication@6a5ca1ed
----------------- Done invoking toplevel() on ptolemy.moml.MoMLSimpleApplication@6a5ca1ed
reloadAllAccessors: .NonInterruptibleTimerZeroDelay

===========================================================================================
----------------- testing Mon Oct 28 06:09:14 UTC 2019 /home/travis/build/icyphy/ptII/ptolemy/domains/de/test/auto/OpenQueueingNetwork.xml
----------------- Instantiating /home/travis/build/icyphy/ptII/ptolemy/domains/de/test/auto/OpenQueueingNetwork.xml
2480 ms. Memory: 123904K Free: 77176K (62%)
----------------- Invoking toplevel() on ptolemy.moml.MoMLSimpleApplication@408d2fef
----------------- Done invoking toplevel() on ptolemy.moml.MoMLSimpleApplication@408d2fef
reloadAllAccessors: .OpenQueueingNetwork

===========================================================================================
----------------- testing Mon Oct 28 06:09:16 UTC 2019 /home/travis/build/icyphy/ptII/ptolemy/domains/de/test/auto/OpenQueuingNetwork.xml
----------------- Instantiating /home/travis/build/icyphy/ptII/ptolemy/domains/de/test/auto/OpenQueuingNetwork.xml
245 ms. Memory: 123904K Free: 66580K (54%)
----------------- Invoking toplevel() on ptolemy.moml.MoMLSimpleApplication@2c9fee2d
----------------- Done invoking toplevel() on ptolemy.moml.MoMLSimpleApplication@2c9fee2d
reloadAllAccessors: .OpenQueuingNetwork

===========================================================================================
----------------- testing Mon Oct 28 06:09:17 UTC 2019 /home/travis/build/icyphy/ptII/ptolemy/domains/de/test/auto/PeriodicSampler.xml
----------------- Instantiating /home/travis/build/icyphy/ptII/ptolemy/domains/de/test/auto/PeriodicSampler.xml
2 ms. Memory: 123904K Free: 61816K (50%)
----------------- Invoking toplevel() on ptolemy.moml.MoMLSimpleApplication@27d5d603
----------------- Done invoking toplevel() on ptolemy.moml.MoMLSimpleApplication@27d5d603
reloadAllAccessors: .PeriodicSampler

===========================================================================================
----------------- testing Mon Oct 28 06:09:17 UTC 2019 /home/travis/build/icyphy/ptII/ptolemy/domains/de/test/auto/PersistentIO.xml
----------------- Instantiating /home/travis/build/icyphy/ptII/ptolemy/domains/de/test/auto/PersistentIO.xml
4 ms. Memory: 123904K Free: 52056K (42%)
----------------- Invoking toplevel() on ptolemy.moml.MoMLSimpleApplication@26662436
----------------- Done invoking toplevel() on ptolemy.moml.MoMLSimpleApplication@26662436
reloadAllAccessors: .PersistentIO

===========================================================================================
----------------- testing Mon Oct 28 06:09:17 UTC 2019 /home/travis/build/icyphy/ptII/ptolemy/domains/de/test/auto/PortParameterResetOnInitialize.xml
----------------- Instantiating /home/travis/build/icyphy/ptII/ptolemy/domains/de/test/auto/PortParameterResetOnInitialize.xml
5 ms. Memory: 123904K Free: 47480K (38%)
----------------- Invoking toplevel() on ptolemy.moml.MoMLSimpleApplication@55395892
----------------- Done invoking toplevel() on ptolemy.moml.MoMLSimpleApplication@55395892
reloadAllAccessors: .PortParameterResetOnInitialize

===========================================================================================
----------------- testing Mon Oct 28 06:09:17 UTC 2019 /home/travis/build/icyphy/ptII/ptolemy/domains/de/test/auto/PortParameterUpdates.xml
----------------- Instantiating /home/travis/build/icyphy/ptII/ptolemy/domains/de/test/auto/PortParameterUpdates.xml
4 ms. Memory: 123904K Free: 40808K (33%)
----------------- Invoking toplevel() on ptolemy.moml.MoMLSimpleApplication@124052f8
----------------- Done invoking toplevel() on ptolemy.moml.MoMLSimpleApplication@124052f8
reloadAllAccessors: .PortParameterUpdates

===========================================================================================
----------------- testing Mon Oct 28 06:09:17 UTC 2019 /home/travis/build/icyphy/ptII/ptolemy/domains/de/test/auto/QueueAndServer.xml
----------------- Instantiating /home/travis/build/icyphy/ptII/ptolemy/domains/de/test/auto/QueueAndServer.xml
5 ms. Memory: 123904K Free: 102254K (83%)
----------------- Invoking toplevel() on ptolemy.moml.MoMLSimpleApplication@9165e4d
----------------- Done invoking toplevel() on ptolemy.moml.MoMLSimpleApplication@9165e4d
reloadAllAccessors: .QueueAndServer

===========================================================================================
----------------- testing Mon Oct 28 06:09:17 UTC 2019 /home/travis/build/icyphy/ptII/ptolemy/domains/de/test/auto/Records.xml
----------------- Instantiating /home/travis/build/icyphy/ptII/ptolemy/domains/de/test/auto/Records.xml
3 ms. Memory: 123904K Free: 96620K (78%)
----------------- Invoking toplevel() on ptolemy.moml.MoMLSimpleApplication@7aeefc5d
----------------- Done invoking toplevel() on ptolemy.moml.MoMLSimpleApplication@7aeefc5d
reloadAllAccessors: .Records

===========================================================================================
----------------- testing Mon Oct 28 06:09:17 UTC 2019 /home/travis/build/icyphy/ptII/ptolemy/domains/de/test/auto/ResetTransitionWithStartTime1.xml
----------------- Instantiating /home/travis/build/icyphy/ptII/ptolemy/domains/de/test/auto/ResetTransitionWithStartTime1.xml
9 ms. Memory: 123904K Free: 88414K (71%)
----------------- Invoking toplevel() on ptolemy.moml.MoMLSimpleApplication@123425b4
----------------- Done invoking toplevel() on ptolemy.moml.MoMLSimpleApplication@123425b4
reloadAllAccessors: .ResetTransitionWithStartTime1

===========================================================================================
----------------- testing Mon Oct 28 06:09:17 UTC 2019 /home/travis/build/icyphy/ptII/ptolemy/domains/de/test/auto/ResetTransitionWithStartTime2.xml
----------------- Instantiating /home/travis/build/icyphy/ptII/ptolemy/domains/de/test/auto/ResetTransitionWithStartTime2.xml
5 ms. Memory: 123904K Free: 80222K (65%)
----------------- Invoking toplevel() on ptolemy.moml.MoMLSimpleApplication@3ad163e
----------------- Done invoking toplevel() on ptolemy.moml.MoMLSimpleApplication@3ad163e
reloadAllAccessors: .ResetTransitionWithStartTime2

===========================================================================================
----------------- testing Mon Oct 28 06:09:17 UTC 2019 /home/travis/build/icyphy/ptII/ptolemy/domains/de/test/auto/ResetTransitionWithStartTime3.xml
----------------- Instantiating /home/travis/build/icyphy/ptII/ptolemy/domains/de/test/auto/ResetTransitionWithStartTime3.xml
4 ms. Memory: 123904K Free: 72014K (58%)
----------------- Invoking toplevel() on ptolemy.moml.MoMLSimpleApplication@11c642a
----------------- Done invoking toplevel() on ptolemy.moml.MoMLSimpleApplication@11c642a
reloadAllAccessors: .ResetTransitionWithStartTime3

===========================================================================================
----------------- testing Mon Oct 28 06:09:17 UTC 2019 /home/travis/build/icyphy/ptII/ptolemy/domains/de/test/auto/ResetTransitionWithStartTime4.xml
----------------- Instantiating /home/travis/build/icyphy/ptII/ptolemy/domains/de/test/auto/ResetTransitionWithStartTime4.xml
3 ms. Memory: 123904K Free: 64366K (52%)
----------------- Invoking toplevel() on ptolemy.moml.MoMLSimpleApplication@4a008084
----------------- Done invoking toplevel() on ptolemy.moml.MoMLSimpleApplication@4a008084
reloadAllAccessors: .ResetTransitionWithStartTime4

===========================================================================================
----------------- testing Mon Oct 28 06:09:17 UTC 2019 /home/travis/build/icyphy/ptII/ptolemy/domains/de/test/auto/ResettableTimer1.xml
----------------- Instantiating /home/travis/build/icyphy/ptII/ptolemy/domains/de/test/auto/ResettableTimer1.xml
2 ms. Memory: 123904K Free: 60270K (49%)
----------------- Invoking toplevel() on ptolemy.moml.MoMLSimpleApplication@3ef0e61a
----------------- Done invoking toplevel() on ptolemy.moml.MoMLSimpleApplication@3ef0e61a
reloadAllAccessors: .ResettableTimer1

===========================================================================================
----------------- testing Mon Oct 28 06:09:17 UTC 2019 /home/travis/build/icyphy/ptII/ptolemy/domains/de/test/auto/ResettableTimer2.xml
----------------- Instantiating /home/travis/build/icyphy/ptII/ptolemy/domains/de/test/auto/ResettableTimer2.xml
3 ms. Memory: 123904K Free: 56174K (45%)
----------------- Invoking toplevel() on ptolemy.moml.MoMLSimpleApplication@622de323
----------------- Done invoking toplevel() on ptolemy.moml.MoMLSimpleApplication@622de323
reloadAllAccessors: .ResettableTimer2

===========================================================================================
----------------- testing Mon Oct 28 06:09:17 UTC 2019 /home/travis/build/icyphy/ptII/ptolemy/domains/de/test/auto/ResettableTimer3.xml
----------------- Instantiating /home/travis/build/icyphy/ptII/ptolemy/domains/de/test/auto/ResettableTimer3.xml
1 ms. Memory: 123904K Free: 52588K (42%)
----------------- Invoking toplevel() on ptolemy.moml.MoMLSimpleApplication@41890436
----------------- Done invoking toplevel() on ptolemy.moml.MoMLSimpleApplication@41890436
reloadAllAccessors: .ResettableTimer3

===========================================================================================
----------------- testing Mon Oct 28 06:09:17 UTC 2019 /home/travis/build/icyphy/ptII/ptolemy/domains/de/test/auto/ResettableTimer4.xml
----------------- Instantiating /home/travis/build/icyphy/ptII/ptolemy/domains/de/test/auto/ResettableTimer4.xml
1 ms. Memory: 123904K Free: 48492K (39%)
----------------- Invoking toplevel() on ptolemy.moml.MoMLSimpleApplication@76813cc0
----------------- Done invoking toplevel() on ptolemy.moml.MoMLSimpleApplication@76813cc0
reloadAllAccessors: .ResettableTimer4

===========================================================================================
----------------- testing Mon Oct 28 06:09:17 UTC 2019 /home/travis/build/icyphy/ptII/ptolemy/domains/de/test/auto/ResettableTimer5.xml
----------------- Instantiating /home/travis/build/icyphy/ptII/ptolemy/domains/de/test/auto/ResettableTimer5.xml
1 ms. Memory: 123904K Free: 44382K (36%)
----------------- Invoking toplevel() on ptolemy.moml.MoMLSimpleApplication@52a29e2
----------------- Done invoking toplevel() on ptolemy.moml.MoMLSimpleApplication@52a29e2
reloadAllAccessors: .ResettableTimer5

===========================================================================================
----------------- testing Mon Oct 28 06:09:17 UTC 2019 /home/travis/build/icyphy/ptII/ptolemy/domains/de/test/auto/ResettableTimer6.xml
----------------- Instantiating /home/travis/build/icyphy/ptII/ptolemy/domains/de/test/auto/ResettableTimer6.xml
6 ms. Memory: 123904K Free: 39790K (32%)
----------------- Invoking toplevel() on ptolemy.moml.MoMLSimpleApplication@62db7021
----------------- Done invoking toplevel() on ptolemy.moml.MoMLSimpleApplication@62db7021
reloadAllAccessors: .ResettableTimer6

===========================================================================================
----------------- testing Mon Oct 28 06:09:17 UTC 2019 /home/travis/build/icyphy/ptII/ptolemy/domains/de/test/auto/ServerZeroDelay.xml
----------------- Instantiating /home/travis/build/icyphy/ptII/ptolemy/domains/de/test/auto/ServerZeroDelay.xml
2 ms. Memory: 123904K Free: 107290K (87%)
----------------- Invoking toplevel() on ptolemy.moml.MoMLSimpleApplication@4ffa8c9b
----------------- Done invoking toplevel() on ptolemy.moml.MoMLSimpleApplication@4ffa8c9b
reloadAllAccessors: .ServerZeroDelay

===========================================================================================
----------------- testing Mon Oct 28 06:09:17 UTC 2019 /home/travis/build/icyphy/ptII/ptolemy/domains/de/test/auto/SmartSender.xml
----------------- Instantiating /home/travis/build/icyphy/ptII/ptolemy/domains/de/test/auto/SmartSender.xml
3001 ms. Memory: 123904K Free: 103194K (83%)
----------------- Invoking toplevel() on ptolemy.moml.MoMLSimpleApplication@a505906
----------------- Done invoking toplevel() on ptolemy.moml.MoMLSimpleApplication@a505906
reloadAllAccessors: .SmartSender

===========================================================================================
----------------- testing Mon Oct 28 06:09:20 UTC 2019 /home/travis/build/icyphy/ptII/ptolemy/domains/de/test/auto/ThreadedComposite.xml
----------------- Instantiating /home/travis/build/icyphy/ptII/ptolemy/domains/de/test/auto/ThreadedComposite.xml
327 ms. Memory: 123904K Free: 65816K (53%)
----------------- Invoking toplevel() on ptolemy.moml.MoMLSimpleApplication@2d622c
----------------- Done invoking toplevel() on ptolemy.moml.MoMLSimpleApplication@2d622c
reloadAllAccessors: .ThreadedComposite

===========================================================================================
----------------- testing Mon Oct 28 06:09:20 UTC 2019 /home/travis/build/icyphy/ptII/ptolemy/domains/de/test/auto/Time.xml
----------------- Instantiating /home/travis/build/icyphy/ptII/ptolemy/domains/de/test/auto/Time.xml
453 ms. Memory: 149504K Free: 110953K (74%)
----------------- Invoking toplevel() on ptolemy.moml.MoMLSimpleApplication@c193072
----------------- Done invoking toplevel() on ptolemy.moml.MoMLSimpleApplication@c193072
reloadAllAccessors: .Time

===========================================================================================
----------------- testing Mon Oct 28 06:09:21 UTC 2019 /home/travis/build/icyphy/ptII/ptolemy/domains/de/test/auto/TimeDelayZeroDelay.xml
----------------- Instantiating /home/travis/build/icyphy/ptII/ptolemy/domains/de/test/auto/TimeDelayZeroDelay.xml
2 ms. Memory: 149504K Free: 106347K (71%)
----------------- Invoking toplevel() on ptolemy.moml.MoMLSimpleApplication@6dc6ed32
----------------- Done invoking toplevel() on ptolemy.moml.MoMLSimpleApplication@6dc6ed32
reloadAllAccessors: .TimeDelayZeroDelay

===========================================================================================
----------------- testing Mon Oct 28 06:09:21 UTC 2019 /home/travis/build/icyphy/ptII/ptolemy/domains/de/test/auto/TimerZeroDelay.xml
----------------- Instantiating /home/travis/build/icyphy/ptII/ptolemy/domains/de/test/auto/TimerZeroDelay.xml
4 ms. Memory: 149504K Free: 102251K (68%)
----------------- Invoking toplevel() on ptolemy.moml.MoMLSimpleApplication@6e3d4ea1
----------------- Done invoking toplevel() on ptolemy.moml.MoMLSimpleApplication@6e3d4ea1
reloadAllAccessors: .TimerZeroDelay

===========================================================================================
----------------- testing Mon Oct 28 06:09:21 UTC 2019 /home/travis/build/icyphy/ptII/ptolemy/domains/de/test/auto/TimingParadox.xml
----------------- Instantiating /home/travis/build/icyphy/ptII/ptolemy/domains/de/test/auto/TimingParadox.xml
344 ms. Memory: 149504K Free: 121286K (81%)
----------------- Invoking toplevel() on ptolemy.moml.MoMLSimpleApplication@2a384180
----------------- Done invoking toplevel() on ptolemy.moml.MoMLSimpleApplication@2a384180
reloadAllAccessors: .TimingParadox

===========================================================================================
----------------- testing Mon Oct 28 06:09:21 UTC 2019 /home/travis/build/icyphy/ptII/ptolemy/domains/de/test/auto/TransferInputs.xml
----------------- Instantiating /home/travis/build/icyphy/ptII/ptolemy/domains/de/test/auto/TransferInputs.xml
4 ms. Memory: 149504K Free: 116116K (78%)
----------------- Invoking toplevel() on ptolemy.moml.MoMLSimpleApplication@30536403
----------------- Done invoking toplevel() on ptolemy.moml.MoMLSimpleApplication@30536403
reloadAllAccessors: .TransferInputs

===========================================================================================
----------------- testing Mon Oct 28 06:09:21 UTC 2019 /home/travis/build/icyphy/ptII/ptolemy/domains/de/test/auto/TransferOutputs2.xml
----------------- Instantiating /home/travis/build/icyphy/ptII/ptolemy/domains/de/test/auto/TransferOutputs2.xml
4 ms. Memory: 149504K Free: 108452K (73%)
----------------- Invoking toplevel() on ptolemy.moml.MoMLSimpleApplication@725f9337
----------------- Done invoking toplevel() on ptolemy.moml.MoMLSimpleApplication@725f9337
reloadAllAccessors: .TransferOutputs2

===========================================================================================
----------------- testing Mon Oct 28 06:09:21 UTC 2019 /home/travis/build/icyphy/ptII/ptolemy/domains/de/test/auto/Trilateration.xml
----------------- Instantiating /home/travis/build/icyphy/ptII/ptolemy/domains/de/test/auto/Trilateration.xml
13500 ms. Memory: 439296K Free: 241924K (55%)
----------------- Invoking toplevel() on ptolemy.moml.MoMLSimpleApplication@3b8df1df
----------------- Done invoking toplevel() on ptolemy.moml.MoMLSimpleApplication@3b8df1df
reloadAllAccessors: .Trilateration

===========================================================================================
----------------- testing Mon Oct 28 06:09:36 UTC 2019 /home/travis/build/icyphy/ptII/ptolemy/domains/de/test/auto/TwoSigmaDelta.xml
----------------- Instantiating /home/travis/build/icyphy/ptII/ptolemy/domains/de/test/auto/TwoSigmaDelta.xml
2356 ms. Memory: 439296K Free: 294115K (67%)
----------------- Invoking toplevel() on ptolemy.moml.MoMLSimpleApplication@d88ad6
----------------- Done invoking toplevel() on ptolemy.moml.MoMLSimpleApplication@d88ad6
reloadAllAccessors: .TwoSigmaDelta

===========================================================================================
----------------- testing Mon Oct 28 06:09:38 UTC 2019 /home/travis/build/icyphy/ptII/ptolemy/domains/de/test/auto/VariableDelay.xml
----------------- Instantiating /home/travis/build/icyphy/ptII/ptolemy/domains/de/test/auto/VariableDelay.xml
2 ms. Memory: 439296K Free: 288995K (66%)
----------------- Invoking toplevel() on ptolemy.moml.MoMLSimpleApplication@5fd21f58
----------------- Done invoking toplevel() on ptolemy.moml.MoMLSimpleApplication@5fd21f58
reloadAllAccessors: .VariableDelay

===========================================================================================
----------------- testing Mon Oct 28 06:09:38 UTC 2019 /home/travis/build/icyphy/ptII/ptolemy/domains/de/test/auto/VariableDelay2.xml
----------------- Instantiating /home/travis/build/icyphy/ptII/ptolemy/domains/de/test/auto/VariableDelay2.xml
1 ms. Memory: 439296K Free: 284355K (65%)
----------------- Invoking toplevel() on ptolemy.moml.MoMLSimpleApplication@62b3f9f3
----------------- Done invoking toplevel() on ptolemy.moml.MoMLSimpleApplication@62b3f9f3
reloadAllAccessors: .VariableDelay2

===========================================================================================
----------------- testing Mon Oct 28 06:09:38 UTC 2019 /home/travis/build/icyphy/ptII/ptolemy/domains/de/test/auto/VariableDelayZeroDelay.xml
----------------- Instantiating /home/travis/build/icyphy/ptII/ptolemy/domains/de/test/auto/VariableDelayZeroDelay.xml
6 ms. Memory: 439296K Free: 280289K (64%)
----------------- Invoking toplevel() on ptolemy.moml.MoMLSimpleApplication@5da96085
----------------- Done invoking toplevel() on ptolemy.moml.MoMLSimpleApplication@5da96085
reloadAllAccessors: .VariableDelayZeroDelay

===========================================================================================
----------------- testing Mon Oct 28 06:09:38 UTC 2019 /home/travis/build/icyphy/ptII/ptolemy/domains/de/test/auto/VariableDelayZeroDelay2.xml
----------------- Instantiating /home/travis/build/icyphy/ptII/ptolemy/domains/de/test/auto/VariableDelayZeroDelay2.xml
2 ms. Memory: 439296K Free: 275683K (63%)
----------------- Invoking toplevel() on ptolemy.moml.MoMLSimpleApplication@6da7b50a
----------------- Done invoking toplevel() on ptolemy.moml.MoMLSimpleApplication@6da7b50a
reloadAllAccessors: .VariableDelayZeroDelay2

===========================================================================================
----------------- testing Mon Oct 28 06:09:38 UTC 2019 /home/travis/build/icyphy/ptII/ptolemy/domains/de/test/auto/deInCt.xml
----------------- Instantiating /home/travis/build/icyphy/ptII/ptolemy/domains/de/test/auto/deInCt.xml
0
1
1
0
0
0
1
1
1
0
0
0
1
1
1
0
0
0
0
1
1
1
1
1
1
1
0
0
0
0
4 ms. Memory: 439296K Free: 270563K (62%)
----------------- Invoking toplevel() on ptolemy.moml.MoMLSimpleApplication@140a7180
----------------- Done invoking toplevel() on ptolemy.moml.MoMLSimpleApplication@140a7180
reloadAllAccessors: .deInCt

===========================================================================================
----------------- testing Mon Oct 28 06:09:38 UTC 2019 /home/travis/build/icyphy/ptII/ptolemy/domains/de/test/auto/deInCt2.xml
----------------- Instantiating /home/travis/build/icyphy/ptII/ptolemy/domains/de/test/auto/deInCt2.xml
0
1
1
1
0
0
1
1
1
0
0
1
1
1
0
0
1
1
1
0
0
1
1
1
0
0
1
1
1
0
0
1
1
1
0
0
1
1
1
0
0
0
6 ms. Memory: 439296K Free: 265443K (60%)
----------------- Invoking toplevel() on ptolemy.moml.MoMLSimpleApplication@4f640f61
----------------- Done invoking toplevel() on ptolemy.moml.MoMLSimpleApplication@4f640f61
reloadAllAccessors: .deInCt2

===========================================================================================
----------------- testing Mon Oct 28 06:09:38 UTC 2019 /home/travis/build/icyphy/ptII/ptolemy/domains/de/test/auto/dynamicCausalityInterface1.xml
----------------- Instantiating /home/travis/build/icyphy/ptII/ptolemy/domains/de/test/auto/dynamicCausalityInterface1.xml
1 ms. Memory: 439296K Free: 256227K (58%)
----------------- Invoking toplevel() on ptolemy.moml.MoMLSimpleApplication@4a8da72d
----------------- Done invoking toplevel() on ptolemy.moml.MoMLSimpleApplication@4a8da72d
reloadAllAccessors: .dynamicCausalityInterface1

===========================================================================================
----------------- testing Mon Oct 28 06:09:38 UTC 2019 /home/travis/build/icyphy/ptII/ptolemy/domains/de/test/auto/fsm_de_test.xml
----------------- Instantiating /home/travis/build/icyphy/ptII/ptolemy/domains/de/test/auto/fsm_de_test.xml
7 ms. Memory: 439296K Free: 247011K (56%)
----------------- Invoking toplevel() on ptolemy.moml.MoMLSimpleApplication@1e1bca0e
----------------- Done invoking toplevel() on ptolemy.moml.MoMLSimpleApplication@1e1bca0e
reloadAllAccessors: .fsm_de_test

===========================================================================================
----------------- testing Mon Oct 28 06:09:38 UTC 2019 /home/travis/build/icyphy/ptII/ptolemy/domains/de/test/auto/functionDependencyReconstruction.xml
----------------- Instantiating /home/travis/build/icyphy/ptII/ptolemy/domains/de/test/auto/functionDependencyReconstruction.xml
2 ms. Memory: 439296K Free: 232131K (53%)
----------------- Invoking toplevel() on ptolemy.moml.MoMLSimpleApplication@89f47e9
----------------- Done invoking toplevel() on ptolemy.moml.MoMLSimpleApplication@89f47e9
reloadAllAccessors: .functionDependencyReconstruction

===========================================================================================
----------------- testing Mon Oct 28 06:09:38 UTC 2019 /home/travis/build/icyphy/ptII/ptolemy/domains/de/test/auto/multirate.xml
----------------- Instantiating /home/travis/build/icyphy/ptII/ptolemy/domains/de/test/auto/multirate.xml
5 ms. Memory: 439296K Free: 225507K (51%)
----------------- Invoking toplevel() on ptolemy.moml.MoMLSimpleApplication@359e3849
----------------- Done invoking toplevel() on ptolemy.moml.MoMLSimpleApplication@359e3849
reloadAllAccessors: .multirate

===========================================================================================
----------------- testing Mon Oct 28 06:09:38 UTC 2019 /home/travis/build/icyphy/ptII/ptolemy/domains/de/test/auto/multirate2.xml
----------------- Instantiating /home/travis/build/icyphy/ptII/ptolemy/domains/de/test/auto/multirate2.xml
4 ms. Memory: 439296K Free: 218835K (50%)
----------------- Invoking toplevel() on ptolemy.moml.MoMLSimpleApplication@70085ed9
----------------- Done invoking toplevel() on ptolemy.moml.MoMLSimpleApplication@70085ed9
reloadAllAccessors: .multirate2

===========================================================================================
----------------- testing Mon Oct 28 06:09:38 UTC 2019 /home/travis/build/icyphy/ptII/ptolemy/domains/de/test/auto/realtime.xml
----------------- Instantiating /home/travis/build/icyphy/ptII/ptolemy/domains/de/test/auto/realtime.xml
10002 ms. Memory: 439296K Free: 214243K (49%)
----------------- Invoking toplevel() on ptolemy.moml.MoMLSimpleApplication@4b10b745
----------------- Done invoking toplevel() on ptolemy.moml.MoMLSimpleApplication@4b10b745
reloadAllAccessors: .realtime

===========================================================================================
----------------- testing Mon Oct 28 06:09:48 UTC 2019 /home/travis/build/icyphy/ptII/ptolemy/domains/de/test/auto/relationGroup.xml
----------------- Instantiating /home/travis/build/icyphy/ptII/ptolemy/domains/de/test/auto/relationGroup.xml
2 ms. Memory: 439296K Free: 210657K (48%)
----------------- Invoking toplevel() on ptolemy.moml.MoMLSimpleApplication@2ca9d345
----------------- Done invoking toplevel() on ptolemy.moml.MoMLSimpleApplication@2ca9d345
reloadAllAccessors: .relationGroup

===========================================================================================
----------------- testing Mon Oct 28 06:09:48 UTC 2019 /home/travis/build/icyphy/ptII/ptolemy/domains/de/test/auto/relationGroup2.xml
----------------- Instantiating /home/travis/build/icyphy/ptII/ptolemy/domains/de/test/auto/relationGroup2.xml
1 ms. Memory: 439296K Free: 207075K (47%)
----------------- Invoking toplevel() on ptolemy.moml.MoMLSimpleApplication@72e19594
----------------- Done invoking toplevel() on ptolemy.moml.MoMLSimpleApplication@72e19594
reloadAllAccessors: .relationGroup2

===========================================================================================
----------------- testing Mon Oct 28 06:09:48 UTC 2019 /home/travis/build/icyphy/ptII/ptolemy/domains/de/test/auto/sortWithOpaquePorts.xml
----------------- Instantiating /home/travis/build/icyphy/ptII/ptolemy/domains/de/test/auto/sortWithOpaquePorts.xml
2 ms. Memory: 439296K Free: 202435K (46%)
----------------- Invoking toplevel() on ptolemy.moml.MoMLSimpleApplication@371c8c65
----------------- Done invoking toplevel() on ptolemy.moml.MoMLSimpleApplication@371c8c65
reloadAllAccessors: .sortWithOpaquePorts

===========================================================================================
----------------- testing Mon Oct 28 06:09:48 UTC 2019 /home/travis/build/icyphy/ptII/ptolemy/domains/de/test/auto/transferInputsandOutputs.xml
----------------- Instantiating /home/travis/build/icyphy/ptII/ptolemy/domains/de/test/auto/transferInputsandOutputs.xml
3 ms. Memory: 439296K Free: 195297K (44%)
----------------- Invoking toplevel() on ptolemy.moml.MoMLSimpleApplication@57fe4097
----------------- Done invoking toplevel() on ptolemy.moml.MoMLSimpleApplication@57fe4097
reloadAllAccessors: .transferInputsandOutputs

===========================================================================================
----------------- testing Mon Oct 28 06:09:48 UTC 2019 /home/travis/build/icyphy/ptII/ptolemy/domains/de/test/auto/triggerType.xml
----------------- Instantiating /home/travis/build/icyphy/ptII/ptolemy/domains/de/test/auto/triggerType.xml
2 ms. Memory: 439296K Free: 191187K (44%)
----------------- Invoking toplevel() on ptolemy.moml.MoMLSimpleApplication@450aafd3
----------------- Done invoking toplevel() on ptolemy.moml.MoMLSimpleApplication@450aafd3
reloadAllAccessors: .triggerType
AutoTests.java: About to close Vertx.
AutoTests.java: Vertx closed.
]]></system-out>
  <system-err><![CDATA[java.lang.RuntimeException: Execution failed
	at ptolemy.moml.MoMLSimpleApplication$UnloadThread.run(MoMLSimpleApplication.java:402)
Caused by: ptolemy.kernel.util.IllegalActionException: Found a zero delay loop containing .dependencyLoop.original
  in .dependencyLoop and .dependencyLoop.original
	at ptolemy.actor.util.CausalityInterfaceForComposites._computeOutputPortDepth(CausalityInterfaceForComposites.java:759)
	at ptolemy.actor.util.CausalityInterfaceForComposites._computeInputDepth(CausalityInterfaceForComposites.java:696)
	at ptolemy.actor.util.CausalityInterfaceForComposites._computeOutputPortDepth(CausalityInterfaceForComposites.java:765)
	at ptolemy.actor.util.CausalityInterfaceForComposites._computeInputDepth(CausalityInterfaceForComposites.java:696)
	at ptolemy.actor.util.CausalityInterfaceForComposites._computeOutputPortDepth(CausalityInterfaceForComposites.java:765)
	at ptolemy.actor.util.CausalityInterfaceForComposites._computeInputDepth(CausalityInterfaceForComposites.java:696)
	at ptolemy.actor.util.CausalityInterfaceForComposites._computeActorDepth(CausalityInterfaceForComposites.java:532)
	at ptolemy.actor.util.CausalityInterfaceForComposites.checkForCycles(CausalityInterfaceForComposites.java:96)
	at ptolemy.domains.de.kernel.DEDirector.preinitialize(DEDirector.java:1338)
	at ptolemy.actor.CompositeActor.preinitialize(CompositeActor.java:1828)
	at ptolemy.actor.Manager.preinitializeAndResolveTypes(Manager.java:1040)
	at ptolemy.actor.Manager.initialize(Manager.java:710)
	at ptolemy.actor.Manager.execute(Manager.java:356)
	at ptolemy.actor.Manager.run(Manager.java:1263)
	at ptolemy.actor.Manager$PtolemyRunThread.run(Manager.java:1933)
java.lang.RuntimeException: Execution failed
	at ptolemy.moml.MoMLSimpleApplication$UnloadThread.run(MoMLSimpleApplication.java:402)
Caused by: ptolemy.kernel.util.IllegalActionException: Found a zero delay loop containing .dependencyLoop2.original
  in .dependencyLoop2 and .dependencyLoop2.original
	at ptolemy.actor.util.CausalityInterfaceForComposites._computeOutputPortDepth(CausalityInterfaceForComposites.java:759)
	at ptolemy.actor.util.CausalityInterfaceForComposites._computeInputDepth(CausalityInterfaceForComposites.java:696)
	at ptolemy.actor.util.CausalityInterfaceForComposites._computeOutputPortDepth(CausalityInterfaceForComposites.java:765)
	at ptolemy.actor.util.CausalityInterfaceForComposites._computeInputDepth(CausalityInterfaceForComposites.java:696)
	at ptolemy.actor.util.CausalityInterfaceForComposites._computeOutputPortDepth(CausalityInterfaceForComposites.java:765)
	at ptolemy.actor.util.CausalityInterfaceForComposites._computeInputDepth(CausalityInterfaceForComposites.java:696)
	at ptolemy.actor.util.CausalityInterfaceForComposites._computeActorDepth(CausalityInterfaceForComposites.java:532)
	at ptolemy.actor.util.CausalityInterfaceForComposites.checkForCycles(CausalityInterfaceForComposites.java:96)
	at ptolemy.domains.de.kernel.DEDirector.preinitialize(DEDirector.java:1338)
	at ptolemy.actor.CompositeActor.preinitialize(CompositeActor.java:1828)
	at ptolemy.actor.Manager.preinitializeAndResolveTypes(Manager.java:1040)
	at ptolemy.actor.Manager.initialize(Manager.java:710)
	at ptolemy.actor.Manager.execute(Manager.java:356)
	at ptolemy.actor.Manager.run(Manager.java:1263)
	at ptolemy.actor.Manager$PtolemyRunThread.run(Manager.java:1933)
java.lang.RuntimeException: Execution failed
	at ptolemy.moml.MoMLSimpleApplication$UnloadThread.run(MoMLSimpleApplication.java:402)
Caused by: ptolemy.kernel.util.IllegalActionException: Test fails in iteration 1.
Value was: 1.0. Should have been: 2.0
  in .DirectFeedback.Test
	at ptolemy.actor.lib.Test.fire(Test.java:268)
	at ptolemy.domains.de.kernel.DEDirector._fire(DEDirector.java:1949)
	at ptolemy.domains.de.kernel.DEDirector.fire(DEDirector.java:502)
	at ptolemy.actor.CompositeActor.fire(CompositeActor.java:455)
	at ptolemy.actor.Manager.iterate(Manager.java:851)
	at ptolemy.actor.Manager.execute(Manager.java:369)
	at ptolemy.actor.Manager.run(Manager.java:1263)
	at ptolemy.actor.Manager$PtolemyRunThread.run(Manager.java:1933)
java.lang.RuntimeException: Execution failed
	at ptolemy.moml.MoMLSimpleApplication$UnloadThread.run(MoMLSimpleApplication.java:402)
Caused by: ptolemy.kernel.util.IllegalActionException: Found a zero delay loop containing .dependencyLoop.original
  in .dependencyLoop and .dependencyLoop.original
	at ptolemy.actor.util.CausalityInterfaceForComposites._computeOutputPortDepth(CausalityInterfaceForComposites.java:759)
	at ptolemy.actor.util.CausalityInterfaceForComposites._computeInputDepth(CausalityInterfaceForComposites.java:696)
	at ptolemy.actor.util.CausalityInterfaceForComposites._computeOutputPortDepth(CausalityInterfaceForComposites.java:765)
	at ptolemy.actor.util.CausalityInterfaceForComposites._computeInputDepth(CausalityInterfaceForComposites.java:696)
	at ptolemy.actor.util.CausalityInterfaceForComposites._computeOutputPortDepth(CausalityInterfaceForComposites.java:765)
	at ptolemy.actor.util.CausalityInterfaceForComposites._computeInputDepth(CausalityInterfaceForComposites.java:696)
	at ptolemy.actor.util.CausalityInterfaceForComposites._computeActorDepth(CausalityInterfaceForComposites.java:532)
	at ptolemy.actor.util.CausalityInterfaceForComposites.checkForCycles(CausalityInterfaceForComposites.java:96)
	at ptolemy.domains.de.kernel.DEDirector.preinitialize(DEDirector.java:1338)
	at ptolemy.actor.CompositeActor.preinitialize(CompositeActor.java:1828)
	at ptolemy.actor.Manager.preinitializeAndResolveTypes(Manager.java:1040)
	at ptolemy.actor.Manager.initialize(Manager.java:710)
	at ptolemy.actor.Manager.execute(Manager.java:356)
	at ptolemy.actor.Manager.run(Manager.java:1263)
	at ptolemy.actor.Manager$PtolemyRunThread.run(Manager.java:1933)
java.lang.RuntimeException: Execution failed
	at ptolemy.moml.MoMLSimpleApplication$UnloadThread.run(MoMLSimpleApplication.java:402)
Caused by: ptolemy.kernel.util.IllegalActionException: Found a zero delay loop containing .HierarchicalModel.A
  in .HierarchicalModel and .HierarchicalModel.A
	at ptolemy.actor.util.CausalityInterfaceForComposites._computeOutputPortDepth(CausalityInterfaceForComposites.java:759)
	at ptolemy.actor.util.CausalityInterfaceForComposites._computeInputDepth(CausalityInterfaceForComposites.java:696)
	at ptolemy.actor.util.CausalityInterfaceForComposites._computeOutputPortDepth(CausalityInterfaceForComposites.java:765)
	at ptolemy.actor.util.CausalityInterfaceForComposites._computeInputDepth(CausalityInterfaceForComposites.java:696)
	at ptolemy.actor.util.CausalityInterfaceForComposites._computeOutputPortDepth(CausalityInterfaceForComposites.java:765)
	at ptolemy.actor.util.CausalityInterfaceForComposites._computeInputDepth(CausalityInterfaceForComposites.java:696)
	at ptolemy.actor.util.CausalityInterfaceForComposites._computeActorDepth(CausalityInterfaceForComposites.java:532)
	at ptolemy.actor.util.CausalityInterfaceForComposites.checkForCycles(CausalityInterfaceForComposites.java:96)
	at ptolemy.domains.de.kernel.DEDirector.preinitialize(DEDirector.java:1338)
	at ptolemy.actor.CompositeActor.preinitialize(CompositeActor.java:1828)
	at ptolemy.actor.Manager.preinitializeAndResolveTypes(Manager.java:1040)
	at ptolemy.actor.Manager.initialize(Manager.java:710)
	at ptolemy.actor.Manager.execute(Manager.java:356)
	at ptolemy.actor.Manager.run(Manager.java:1263)
	at ptolemy.actor.Manager$PtolemyRunThread.run(Manager.java:1933)
java.lang.RuntimeException: Execution failed
	at ptolemy.moml.MoMLSimpleApplication$UnloadThread.run(MoMLSimpleApplication.java:402)
Caused by: ptolemy.kernel.util.IllegalActionException: Found a zero delay loop containing .dependencyLoop2.original
  in .dependencyLoop2 and .dependencyLoop2.original
	at ptolemy.actor.util.CausalityInterfaceForComposites._computeOutputPortDepth(CausalityInterfaceForComposites.java:759)
	at ptolemy.actor.util.CausalityInterfaceForComposites._computeInputDepth(CausalityInterfaceForComposites.java:696)
	at ptolemy.actor.util.CausalityInterfaceForComposites._computeOutputPortDepth(CausalityInterfaceForComposites.java:765)
	at ptolemy.actor.util.CausalityInterfaceForComposites._computeInputDepth(CausalityInterfaceForComposites.java:696)
	at ptolemy.actor.util.CausalityInterfaceForComposites._computeOutputPortDepth(CausalityInterfaceForComposites.java:765)
	at ptolemy.actor.util.CausalityInterfaceForComposites._computeInputDepth(CausalityInterfaceForComposites.java:696)
	at ptolemy.actor.util.CausalityInterfaceForComposites._computeActorDepth(CausalityInterfaceForComposites.java:532)
	at ptolemy.actor.util.CausalityInterfaceForComposites.checkForCycles(CausalityInterfaceForComposites.java:96)
	at ptolemy.domains.de.kernel.DEDirector.preinitialize(DEDirector.java:1338)
	at ptolemy.actor.CompositeActor.preinitialize(CompositeActor.java:1828)
	at ptolemy.actor.Manager.preinitializeAndResolveTypes(Manager.java:1040)
	at ptolemy.actor.Manager.initialize(Manager.java:710)
	at ptolemy.actor.Manager.execute(Manager.java:356)
	at ptolemy.actor.Manager.run(Manager.java:1263)
	at ptolemy.actor.Manager$PtolemyRunThread.run(Manager.java:1933)
java.lang.RuntimeException: Execution failed
	at ptolemy.moml.MoMLSimpleApplication$UnloadThread.run(MoMLSimpleApplication.java:402)
Caused by: ptolemy.kernel.util.IllegalActionException: Actor is not ready to fire.  Perhaps UpSample.prefire() returned false? Try debugging the actor by selecting "Listen to Actor".  Also, for SDF check moml for tokenConsumptionRate on input.
  in .DESDFClockTest.Play Bell.Copy1:SDF Director and .DESDFClockTest.Play Bell.UpSample
	at ptolemy.actor.sched.StaticSchedulingDirector.fire(StaticSchedulingDirector.java:227)
	at ptolemy.domains.sdf.kernel.SDFDirector.fire(SDFDirector.java:500)
	at ptolemy.actor.CompositeActor.fire(CompositeActor.java:455)
	at ptolemy.domains.de.kernel.DEDirector._fire(DEDirector.java:1949)
	at ptolemy.domains.de.kernel.DEDirector.fire(DEDirector.java:502)
	at ptolemy.actor.CompositeActor.fire(CompositeActor.java:455)
	at ptolemy.actor.Manager.iterate(Manager.java:851)
	at ptolemy.actor.Manager.execute(Manager.java:369)
	at ptolemy.actor.Manager.run(Manager.java:1263)
	at ptolemy.actor.Manager$PtolemyRunThread.run(Manager.java:1933)
java.lang.RuntimeException: Execution failed
	at ptolemy.moml.MoMLSimpleApplication$UnloadThread.run(MoMLSimpleApplication.java:402)
Caused by: ptolemy.kernel.util.IllegalActionException: Actor is not ready to fire.  Perhaps UpSample.prefire() returned false? Try debugging the actor by selecting "Listen to Actor".  Also, for SDF check moml for tokenConsumptionRate on input.
  in .DESDFClockTest.Play Bell.Copy1:SDF Director and .DESDFClockTest.Play Bell.UpSample
	at ptolemy.actor.sched.StaticSchedulingDirector.fire(StaticSchedulingDirector.java:227)
	at ptolemy.domains.sdf.kernel.SDFDirector.fire(SDFDirector.java:500)
	at ptolemy.actor.CompositeActor.fire(CompositeActor.java:455)
	at ptolemy.domains.de.kernel.DEDirector._fire(DEDirector.java:1949)
	at ptolemy.domains.de.kernel.DEDirector.fire(DEDirector.java:502)
	at ptolemy.actor.CompositeActor.fire(CompositeActor.java:455)
	at ptolemy.actor.Manager.iterate(Manager.java:851)
	at ptolemy.actor.Manager.execute(Manager.java:369)
	at ptolemy.actor.Manager.run(Manager.java:1263)
	at ptolemy.actor.Manager$PtolemyRunThread.run(Manager.java:1933)
java.lang.reflect.InvocationTargetException
	at java.base/jdk.internal.reflect.NativeConstructorAccessorImpl.newInstance0(Native Method)
	at java.base/jdk.internal.reflect.NativeConstructorAccessorImpl.newInstance(NativeConstructorAccessorImpl.java:62)
	at java.base/jdk.internal.reflect.DelegatingConstructorAccessorImpl.newInstance(DelegatingConstructorAccessorImpl.java:45)
	at java.base/java.lang.reflect.Constructor.newInstance(Constructor.java:490)
	at ptolemy.util.test.junit.AutoKnownFailedTests.RunModel(AutoKnownFailedTests.java:105)
	at java.base/jdk.internal.reflect.NativeMethodAccessorImpl.invoke0(Native Method)
	at java.base/jdk.internal.reflect.NativeMethodAccessorImpl.invoke(NativeMethodAccessorImpl.java:62)
	at java.base/jdk.internal.reflect.DelegatingMethodAccessorImpl.invoke(DelegatingMethodAccessorImpl.java:43)
	at java.base/java.lang.reflect.Method.invoke(Method.java:566)
	at org.junit.runners.model.FrameworkMethod$1.runReflectiveCall(FrameworkMethod.java:44)
	at org.junit.internal.runners.model.ReflectiveCallable.run(ReflectiveCallable.java:15)
	at org.junit.runners.model.FrameworkMethod.invokeExplosively(FrameworkMethod.java:41)
	at junitparams.internal.InvokeParameterisedMethod.evaluate(InvokeParameterisedMethod.java:102)
	at org.junit.internal.runners.statements.FailOnTimeout$1.run(FailOnTimeout.java:28)
Caused by: ptolemy.kernel.util.IllegalActionException: Actor is not ready to fire.  Perhaps UpSample.prefire() returned false? Try debugging the actor by selecting "Listen to Actor".  Also, for SDF check moml for tokenConsumptionRate on input.
  in .DESDFClockTest.Play Bell.Copy1:SDF Director and .DESDFClockTest.Play Bell.UpSample
	at ptolemy.actor.sched.StaticSchedulingDirector.fire(StaticSchedulingDirector.java:227)
	at ptolemy.domains.sdf.kernel.SDFDirector.fire(SDFDirector.java:500)
	at ptolemy.actor.CompositeActor.fire(CompositeActor.java:455)
	at ptolemy.domains.de.kernel.DEDirector._fire(DEDirector.java:1949)
	at ptolemy.domains.de.kernel.DEDirector.fire(DEDirector.java:502)
	at ptolemy.actor.CompositeActor.fire(CompositeActor.java:455)
	at ptolemy.actor.Manager.iterate(Manager.java:851)
	at ptolemy.actor.Manager.execute(Manager.java:369)
	at ptolemy.actor.Manager.run(Manager.java:1263)
	at ptolemy.actor.Manager$PtolemyRunThread.run(Manager.java:1933)
java.lang.RuntimeException: Execution failed
	at ptolemy.moml.MoMLSimpleApplication$UnloadThread.run(MoMLSimpleApplication.java:402)
Caused by: ptolemy.kernel.util.IllegalActionException: Test fails in iteration 1.
Value was: 1.0. Should have been: 2.0
  in .DirectFeedback.Test
	at ptolemy.actor.lib.Test.fire(Test.java:268)
	at ptolemy.domains.de.kernel.DEDirector._fire(DEDirector.java:1949)
	at ptolemy.domains.de.kernel.DEDirector.fire(DEDirector.java:502)
	at ptolemy.actor.CompositeActor.fire(CompositeActor.java:455)
	at ptolemy.actor.Manager.iterate(Manager.java:851)
	at ptolemy.actor.Manager.execute(Manager.java:369)
	at ptolemy.actor.Manager.run(Manager.java:1263)
	at ptolemy.actor.Manager$PtolemyRunThread.run(Manager.java:1933)
java.lang.reflect.InvocationTargetException
	at java.base/jdk.internal.reflect.NativeConstructorAccessorImpl.newInstance0(Native Method)
	at java.base/jdk.internal.reflect.NativeConstructorAccessorImpl.newInstance(NativeConstructorAccessorImpl.java:62)
	at java.base/jdk.internal.reflect.DelegatingConstructorAccessorImpl.newInstance(DelegatingConstructorAccessorImpl.java:45)
	at java.base/java.lang.reflect.Constructor.newInstance(Constructor.java:490)
	at ptolemy.util.test.junit.AutoKnownFailedTests.RunModel(AutoKnownFailedTests.java:105)
	at java.base/jdk.internal.reflect.NativeMethodAccessorImpl.invoke0(Native Method)
	at java.base/jdk.internal.reflect.NativeMethodAccessorImpl.invoke(NativeMethodAccessorImpl.java:62)
	at java.base/jdk.internal.reflect.DelegatingMethodAccessorImpl.invoke(DelegatingMethodAccessorImpl.java:43)
	at java.base/java.lang.reflect.Method.invoke(Method.java:566)
	at org.junit.runners.model.FrameworkMethod$1.runReflectiveCall(FrameworkMethod.java:44)
	at org.junit.internal.runners.model.ReflectiveCallable.run(ReflectiveCallable.java:15)
	at org.junit.runners.model.FrameworkMethod.invokeExplosively(FrameworkMethod.java:41)
	at junitparams.internal.InvokeParameterisedMethod.evaluate(InvokeParameterisedMethod.java:102)
	at org.junit.internal.runners.statements.FailOnTimeout$1.run(FailOnTimeout.java:28)
Caused by: ptolemy.kernel.util.IllegalActionException: Test fails in iteration 1.
Value was: 1.0. Should have been: 2.0
  in .DirectFeedback.Test
	at ptolemy.actor.lib.Test.fire(Test.java:268)
	at ptolemy.domains.de.kernel.DEDirector._fire(DEDirector.java:1949)
	at ptolemy.domains.de.kernel.DEDirector.fire(DEDirector.java:502)
	at ptolemy.actor.CompositeActor.fire(CompositeActor.java:455)
	at ptolemy.actor.Manager.iterate(Manager.java:851)
	at ptolemy.actor.Manager.execute(Manager.java:369)
	at ptolemy.actor.Manager.run(Manager.java:1263)
	at ptolemy.actor.Manager$PtolemyRunThread.run(Manager.java:1933)
java.lang.RuntimeException: Execution failed
	at ptolemy.moml.MoMLSimpleApplication$UnloadThread.run(MoMLSimpleApplication.java:402)
Caused by: ptolemy.kernel.util.IllegalActionException: Found a zero delay loop containing .HierarchicalModel.A
  in .HierarchicalModel and .HierarchicalModel.A
	at ptolemy.actor.util.CausalityInterfaceForComposites._computeOutputPortDepth(CausalityInterfaceForComposites.java:759)
	at ptolemy.actor.util.CausalityInterfaceForComposites._computeInputDepth(CausalityInterfaceForComposites.java:696)
	at ptolemy.actor.util.CausalityInterfaceForComposites._computeOutputPortDepth(CausalityInterfaceForComposites.java:765)
	at ptolemy.actor.util.CausalityInterfaceForComposites._computeInputDepth(CausalityInterfaceForComposites.java:696)
	at ptolemy.actor.util.CausalityInterfaceForComposites._computeOutputPortDepth(CausalityInterfaceForComposites.java:765)
	at ptolemy.actor.util.CausalityInterfaceForComposites._computeInputDepth(CausalityInterfaceForComposites.java:696)
	at ptolemy.actor.util.CausalityInterfaceForComposites._computeActorDepth(CausalityInterfaceForComposites.java:532)
	at ptolemy.actor.util.CausalityInterfaceForComposites.checkForCycles(CausalityInterfaceForComposites.java:96)
	at ptolemy.domains.de.kernel.DEDirector.preinitialize(DEDirector.java:1338)
	at ptolemy.actor.CompositeActor.preinitialize(CompositeActor.java:1828)
	at ptolemy.actor.Manager.preinitializeAndResolveTypes(Manager.java:1040)
	at ptolemy.actor.Manager.initialize(Manager.java:710)
	at ptolemy.actor.Manager.execute(Manager.java:356)
	at ptolemy.actor.Manager.run(Manager.java:1263)
	at ptolemy.actor.Manager$PtolemyRunThread.run(Manager.java:1933)
java.lang.reflect.InvocationTargetException
	at java.base/jdk.internal.reflect.NativeConstructorAccessorImpl.newInstance0(Native Method)
	at java.base/jdk.internal.reflect.NativeConstructorAccessorImpl.newInstance(NativeConstructorAccessorImpl.java:62)
	at java.base/jdk.internal.reflect.DelegatingConstructorAccessorImpl.newInstance(DelegatingConstructorAccessorImpl.java:45)
	at java.base/java.lang.reflect.Constructor.newInstance(Constructor.java:490)
	at ptolemy.util.test.junit.AutoKnownFailedTests.RunModel(AutoKnownFailedTests.java:105)
	at java.base/jdk.internal.reflect.NativeMethodAccessorImpl.invoke0(Native Method)
	at java.base/jdk.internal.reflect.NativeMethodAccessorImpl.invoke(NativeMethodAccessorImpl.java:62)
	at java.base/jdk.internal.reflect.DelegatingMethodAccessorImpl.invoke(DelegatingMethodAccessorImpl.java:43)
	at java.base/java.lang.reflect.Method.invoke(Method.java:566)
	at org.junit.runners.model.FrameworkMethod$1.runReflectiveCall(FrameworkMethod.java:44)
	at org.junit.internal.runners.model.ReflectiveCallable.run(ReflectiveCallable.java:15)
	at org.junit.runners.model.FrameworkMethod.invokeExplosively(FrameworkMethod.java:41)
	at junitparams.internal.InvokeParameterisedMethod.evaluate(InvokeParameterisedMethod.java:102)
	at org.junit.internal.runners.statements.FailOnTimeout$1.run(FailOnTimeout.java:28)
Caused by: ptolemy.kernel.util.IllegalActionException: Found a zero delay loop containing .HierarchicalModel.A
  in .HierarchicalModel and .HierarchicalModel.A
	at ptolemy.actor.util.CausalityInterfaceForComposites._computeOutputPortDepth(CausalityInterfaceForComposites.java:759)
	at ptolemy.actor.util.CausalityInterfaceForComposites._computeInputDepth(CausalityInterfaceForComposites.java:696)
	at ptolemy.actor.util.CausalityInterfaceForComposites._computeOutputPortDepth(CausalityInterfaceForComposites.java:765)
	at ptolemy.actor.util.CausalityInterfaceForComposites._computeInputDepth(CausalityInterfaceForComposites.java:696)
	at ptolemy.actor.util.CausalityInterfaceForComposites._computeOutputPortDepth(CausalityInterfaceForComposites.java:765)
	at ptolemy.actor.util.CausalityInterfaceForComposites._computeInputDepth(CausalityInterfaceForComposites.java:696)
	at ptolemy.actor.util.CausalityInterfaceForComposites._computeActorDepth(CausalityInterfaceForComposites.java:532)
	at ptolemy.actor.util.CausalityInterfaceForComposites.checkForCycles(CausalityInterfaceForComposites.java:96)
	at ptolemy.domains.de.kernel.DEDirector.preinitialize(DEDirector.java:1338)
	at ptolemy.actor.CompositeActor.preinitialize(CompositeActor.java:1828)
	at ptolemy.actor.Manager.preinitializeAndResolveTypes(Manager.java:1040)
	at ptolemy.actor.Manager.initialize(Manager.java:710)
	at ptolemy.actor.Manager.execute(Manager.java:356)
	at ptolemy.actor.Manager.run(Manager.java:1263)
	at ptolemy.actor.Manager$PtolemyRunThread.run(Manager.java:1933)
java.lang.RuntimeException: Execution failed
	at ptolemy.moml.MoMLSimpleApplication$UnloadThread.run(MoMLSimpleApplication.java:402)
Caused by: ptolemy.kernel.util.IllegalActionException: Found a zero delay loop containing .dependencyLoop.original
  in .dependencyLoop and .dependencyLoop.original
	at ptolemy.actor.util.CausalityInterfaceForComposites._computeOutputPortDepth(CausalityInterfaceForComposites.java:759)
	at ptolemy.actor.util.CausalityInterfaceForComposites._computeInputDepth(CausalityInterfaceForComposites.java:696)
	at ptolemy.actor.util.CausalityInterfaceForComposites._computeOutputPortDepth(CausalityInterfaceForComposites.java:765)
	at ptolemy.actor.util.CausalityInterfaceForComposites._computeInputDepth(CausalityInterfaceForComposites.java:696)
	at ptolemy.actor.util.CausalityInterfaceForComposites._computeOutputPortDepth(CausalityInterfaceForComposites.java:765)
	at ptolemy.actor.util.CausalityInterfaceForComposites._computeInputDepth(CausalityInterfaceForComposites.java:696)
	at ptolemy.actor.util.CausalityInterfaceForComposites._computeActorDepth(CausalityInterfaceForComposites.java:532)
	at ptolemy.actor.util.CausalityInterfaceForComposites.checkForCycles(CausalityInterfaceForComposites.java:96)
	at ptolemy.domains.de.kernel.DEDirector.preinitialize(DEDirector.java:1338)
	at ptolemy.actor.CompositeActor.preinitialize(CompositeActor.java:1828)
	at ptolemy.actor.Manager.preinitializeAndResolveTypes(Manager.java:1040)
	at ptolemy.actor.Manager.initialize(Manager.java:710)
	at ptolemy.actor.Manager.execute(Manager.java:356)
	at ptolemy.actor.Manager.run(Manager.java:1263)
	at ptolemy.actor.Manager$PtolemyRunThread.run(Manager.java:1933)
java.lang.reflect.InvocationTargetException
	at java.base/jdk.internal.reflect.NativeConstructorAccessorImpl.newInstance0(Native Method)
	at java.base/jdk.internal.reflect.NativeConstructorAccessorImpl.newInstance(NativeConstructorAccessorImpl.java:62)
	at java.base/jdk.internal.reflect.DelegatingConstructorAccessorImpl.newInstance(DelegatingConstructorAccessorImpl.java:45)
	at java.base/java.lang.reflect.Constructor.newInstance(Constructor.java:490)
	at ptolemy.util.test.junit.AutoKnownFailedTests.RunModel(AutoKnownFailedTests.java:105)
	at java.base/jdk.internal.reflect.NativeMethodAccessorImpl.invoke0(Native Method)
	at java.base/jdk.internal.reflect.NativeMethodAccessorImpl.invoke(NativeMethodAccessorImpl.java:62)
	at java.base/jdk.internal.reflect.DelegatingMethodAccessorImpl.invoke(DelegatingMethodAccessorImpl.java:43)
	at java.base/java.lang.reflect.Method.invoke(Method.java:566)
	at org.junit.runners.model.FrameworkMethod$1.runReflectiveCall(FrameworkMethod.java:44)
	at org.junit.internal.runners.model.ReflectiveCallable.run(ReflectiveCallable.java:15)
	at org.junit.runners.model.FrameworkMethod.invokeExplosively(FrameworkMethod.java:41)
	at junitparams.internal.InvokeParameterisedMethod.evaluate(InvokeParameterisedMethod.java:102)
	at org.junit.internal.runners.statements.FailOnTimeout$1.run(FailOnTimeout.java:28)
Caused by: ptolemy.kernel.util.IllegalActionException: Found a zero delay loop containing .dependencyLoop.original
  in .dependencyLoop and .dependencyLoop.original
	at ptolemy.actor.util.CausalityInterfaceForComposites._computeOutputPortDepth(CausalityInterfaceForComposites.java:759)
	at ptolemy.actor.util.CausalityInterfaceForComposites._computeInputDepth(CausalityInterfaceForComposites.java:696)
	at ptolemy.actor.util.CausalityInterfaceForComposites._computeOutputPortDepth(CausalityInterfaceForComposites.java:765)
	at ptolemy.actor.util.CausalityInterfaceForComposites._computeInputDepth(CausalityInterfaceForComposites.java:696)
	at ptolemy.actor.util.CausalityInterfaceForComposites._computeOutputPortDepth(CausalityInterfaceForComposites.java:765)
	at ptolemy.actor.util.CausalityInterfaceForComposites._computeInputDepth(CausalityInterfaceForComposites.java:696)
	at ptolemy.actor.util.CausalityInterfaceForComposites._computeActorDepth(CausalityInterfaceForComposites.java:532)
	at ptolemy.actor.util.CausalityInterfaceForComposites.checkForCycles(CausalityInterfaceForComposites.java:96)
	at ptolemy.domains.de.kernel.DEDirector.preinitialize(DEDirector.java:1338)
	at ptolemy.actor.CompositeActor.preinitialize(CompositeActor.java:1828)
	at ptolemy.actor.Manager.preinitializeAndResolveTypes(Manager.java:1040)
	at ptolemy.actor.Manager.initialize(Manager.java:710)
	at ptolemy.actor.Manager.execute(Manager.java:356)
	at ptolemy.actor.Manager.run(Manager.java:1263)
	at ptolemy.actor.Manager$PtolemyRunThread.run(Manager.java:1933)
java.lang.RuntimeException: Execution failed
	at ptolemy.moml.MoMLSimpleApplication$UnloadThread.run(MoMLSimpleApplication.java:402)
Caused by: ptolemy.kernel.util.IllegalActionException: Found a zero delay loop containing .dependencyLoop2.original
  in .dependencyLoop2 and .dependencyLoop2.original
	at ptolemy.actor.util.CausalityInterfaceForComposites._computeOutputPortDepth(CausalityInterfaceForComposites.java:759)
	at ptolemy.actor.util.CausalityInterfaceForComposites._computeInputDepth(CausalityInterfaceForComposites.java:696)
	at ptolemy.actor.util.CausalityInterfaceForComposites._computeOutputPortDepth(CausalityInterfaceForComposites.java:765)
	at ptolemy.actor.util.CausalityInterfaceForComposites._computeInputDepth(CausalityInterfaceForComposites.java:696)
	at ptolemy.actor.util.CausalityInterfaceForComposites._computeOutputPortDepth(CausalityInterfaceForComposites.java:765)
	at ptolemy.actor.util.CausalityInterfaceForComposites._computeInputDepth(CausalityInterfaceForComposites.java:696)
	at ptolemy.actor.util.CausalityInterfaceForComposites._computeActorDepth(CausalityInterfaceForComposites.java:532)
	at ptolemy.actor.util.CausalityInterfaceForComposites.checkForCycles(CausalityInterfaceForComposites.java:96)
	at ptolemy.domains.de.kernel.DEDirector.preinitialize(DEDirector.java:1338)
	at ptolemy.actor.CompositeActor.preinitialize(CompositeActor.java:1828)
	at ptolemy.actor.Manager.preinitializeAndResolveTypes(Manager.java:1040)
	at ptolemy.actor.Manager.initialize(Manager.java:710)
	at ptolemy.actor.Manager.execute(Manager.java:356)
	at ptolemy.actor.Manager.run(Manager.java:1263)
	at ptolemy.actor.Manager$PtolemyRunThread.run(Manager.java:1933)
java.lang.reflect.InvocationTargetException
	at java.base/jdk.internal.reflect.NativeConstructorAccessorImpl.newInstance0(Native Method)
	at java.base/jdk.internal.reflect.NativeConstructorAccessorImpl.newInstance(NativeConstructorAccessorImpl.java:62)
	at java.base/jdk.internal.reflect.DelegatingConstructorAccessorImpl.newInstance(DelegatingConstructorAccessorImpl.java:45)
	at java.base/java.lang.reflect.Constructor.newInstance(Constructor.java:490)
	at ptolemy.util.test.junit.AutoKnownFailedTests.RunModel(AutoKnownFailedTests.java:105)
	at java.base/jdk.internal.reflect.NativeMethodAccessorImpl.invoke0(Native Method)
	at java.base/jdk.internal.reflect.NativeMethodAccessorImpl.invoke(NativeMethodAccessorImpl.java:62)
	at java.base/jdk.internal.reflect.DelegatingMethodAccessorImpl.invoke(DelegatingMethodAccessorImpl.java:43)
	at java.base/java.lang.reflect.Method.invoke(Method.java:566)
	at org.junit.runners.model.FrameworkMethod$1.runReflectiveCall(FrameworkMethod.java:44)
	at org.junit.internal.runners.model.ReflectiveCallable.run(ReflectiveCallable.java:15)
	at org.junit.runners.model.FrameworkMethod.invokeExplosively(FrameworkMethod.java:41)
	at junitparams.internal.InvokeParameterisedMethod.evaluate(InvokeParameterisedMethod.java:102)
	at org.junit.internal.runners.statements.FailOnTimeout$1.run(FailOnTimeout.java:28)
Caused by: ptolemy.kernel.util.IllegalActionException: Found a zero delay loop containing .dependencyLoop2.original
  in .dependencyLoop2 and .dependencyLoop2.original
	at ptolemy.actor.util.CausalityInterfaceForComposites._computeOutputPortDepth(CausalityInterfaceForComposites.java:759)
	at ptolemy.actor.util.CausalityInterfaceForComposites._computeInputDepth(CausalityInterfaceForComposites.java:696)
	at ptolemy.actor.util.CausalityInterfaceForComposites._computeOutputPortDepth(CausalityInterfaceForComposites.java:765)
	at ptolemy.actor.util.CausalityInterfaceForComposites._computeInputDepth(CausalityInterfaceForComposites.java:696)
	at ptolemy.actor.util.CausalityInterfaceForComposites._computeOutputPortDepth(CausalityInterfaceForComposites.java:765)
	at ptolemy.actor.util.CausalityInterfaceForComposites._computeInputDepth(CausalityInterfaceForComposites.java:696)
	at ptolemy.actor.util.CausalityInterfaceForComposites._computeActorDepth(CausalityInterfaceForComposites.java:532)
	at ptolemy.actor.util.CausalityInterfaceForComposites.checkForCycles(CausalityInterfaceForComposites.java:96)
	at ptolemy.domains.de.kernel.DEDirector.preinitialize(DEDirector.java:1338)
	at ptolemy.actor.CompositeActor.preinitialize(CompositeActor.java:1828)
	at ptolemy.actor.Manager.preinitializeAndResolveTypes(Manager.java:1040)
	at ptolemy.actor.Manager.initialize(Manager.java:710)
	at ptolemy.actor.Manager.execute(Manager.java:356)
	at ptolemy.actor.Manager.run(Manager.java:1263)
	at ptolemy.actor.Manager$PtolemyRunThread.run(Manager.java:1933)
]]></system-err>
</testsuite>
