<?xml version="1.0" encoding="UTF-8" ?>
<testsuite errors="0" failures="0" hostname="travis-job-7b0cb8b2-98ae-40d5-98fd-4e2e66616bf0" name="ptolemy.actor.lib.test.junit.JUnitTclTest" skipped="0" tests="517" time="62.606" timestamp="2020-02-20T07:06:49">
  <properties>
    <property name="npm.executable" value="npm" />
    <property name="env.TRAVIS_ROOT" value="/" />
    <property name="ptII.mk.exists" value="true" />
    <property name="env.TRAVIS_APP_HOST" value="build.travis-ci.org" />
    <property name="env.rvm_bin_path" value="/home/travis/.rvm/bin" />
    <property name="java.home" value="/usr/local/lib/jvm/openjdk11" />
    <property name="env.TRAVIS_JOB_NUMBER" value="1525.8" />
    <property name="env.TRAVIS_HOME" value="/home/travis" />
    <property name="env.DISPLAY" value=":99.0" />
    <property name="env.TRAVIS_INIT" value="systemd" />
    <property name="env.SSH_TTY" value="/dev/pts/0" />
    <property name="java.net.preferIPv4Stack" value="true" />
    <property name="env.RUN_TESTS" value="true" />
    <property name="timeout.short" value="1000000" />
    <property name="junit.formatter" value="xml" />
    <property name="env.TRAVIS_SUDO" value="true" />
    <property name="env.TRAVIS_JOB_NAME" value="" />
    <property name="env.TRAVIS_STACK_NODE_ATTRIBUTES" value="/.node-attributes.yml" />
    <property name="env.LOGNAME" value="travis" />
    <property name="env.PT_TRAVIS_TEST_CORE1_XML" value="true" />
    <property name="jsdoc.home" value="node_modules/@terraswarm/jsdoc" />
    <property name="debuglevel" value="source,lines,vars" />
    <property name="checkstyle.formatter" value="xml" />
    <property name="env._system_version" value="16.04" />
    <property name="bin.vergil.makeable" value="true" />
    <property name="sun.os.patch.level" value="unknown" />
    <property name="java.vendor.url" value="http://java.oracle.com/" />
    <property name="env.TRAVIS_BUILD_WEB_URL" value="https://travis-ci.org/icyphy/ptII/builds/652848733" />
    <property name="java.version" value="11.0.2" />
    <property name="env.TZ" value="UTC" />
    <property name="env.TRAVIS_PULL_REQUEST_SHA" value="" />
    <property name="env.PT_NO_NET" value="true" />
    <property name="env.TRAVIS_SECURE_ENV_VARS" value="true" />
    <property name="env._system_type" value="Linux" />
    <property name="java.vendor.url.bug" value="http://bugreport.java.com/bugreport/" />
    <property name="npmjs-org-is-up" value="true" />
    <property name="env.LANGUAGE" value="en_US.UTF-8" />
    <property name="env.SSH_CLIENT" value="10.16.6.76 53326 22" />
    <property name="env.GEM_HOME" value="/home/travis/.rvm/gems/ruby-2.5.3" />
    <property name="env.HAS_ANTARES_THREE_LITTLE_FRONZIES_BADGE" value="true" />
    <property name="java.version.date" value="2019-01-15" />
    <property name="env.PS4" value="+" />
    <property name="ant.project.invoked-targets" value="build,test.core1.xml" />
    <property name="env.TRAVIS_PULL_REQUEST_BRANCH" value="" />
    <property name="env.TRAVIS_REPO_SLUG" value="icyphy/ptII" />
    <property name="env.XDG_DATA_DIRS" value="/usr/local/share:/usr/share:/var/lib/snapd/desktop" />
    <property name="jdk.debug" value="release" />
    <property name="env.TRAVIS_APT_PROXY" value="http://build-cache.travisci.net" />
    <property name="env.TRAVIS_CPU_ARCH" value="amd64" />
    <property name="node.in.path" value="true" />
    <property name="user.name" value="travis" />
    <property name="java.maxmemory" value="1400m" />
    <property name="env.RUBY_VERSION" value="ruby-2.5.3" />
    <property name="env.LANG" value="en_US.UTF-8" />
    <property name="sun.io.unicode.encoding" value="UnicodeLittle" />
    <property name="sun.jnu.encoding" value="UTF-8" />
    <property name="java.runtime.name" value="OpenJDK Runtime Environment" />
    <property name="usefile" value="false" />
    <property name="return.code" value="0" />
    <property name="junit.single.formatter" value="plain" />
    <property name="env.DYLD_LIBRARY_PATH" value="/home/travis/pthla/certi-tools/lib:" />
    <property name="env.DEBIAN_FRONTEND" value="noninteractive" />
    <property name="env.SSH_CONNECTION" value="10.16.6.76 53326 10.20.0.216 22" />
    <property name="env.MYSQL_UNIX_PORT" value="/var/run/mysqld/mysqld.sock" />
    <property name="env.LC_ALL" value="en_US.UTF-8" />
    <property name="env.TRAVIS_ALLOW_FAILURE" value="false" />
    <property name="env.TRAVIS_JOB_WEB_URL" value="https://travis-ci.org/icyphy/ptII/jobs/652848741" />
    <property name="java.specification.name" value="Java Platform API Specification" />
    <property name="node.works" value="true" />
    <property name="user.timezone" value="" />
    <property name="path.separator" value=":" />
    <property name="env.TRAVIS_ENABLE_INFRA_DETECTION" value="true" />
    <property name="env.PYTHON_CFLAGS" value="-g -fstack-protector --param=ssp-buffer-size=4 -Wformat -Werror=format-security" />
    <property name="timeout.long" value="4000000" />
    <property name="env.CERTI_HOME" value="/home/travis/pthla/certi-tools" />
    <property name="ant.file.ptII" value="/home/travis/build/icyphy/ptII/build.xml" />
    <property name="javadoc.packagenames" value="com.*,diva.*,lbnl.*,org.hlacerti.*,org.json.*,org.ptolemy.*,org.terraswarm.*,ptolemy.*,ptserver.*" />
    <property name="file.encoding" value="UTF-8" />
    <property name="env.TRAVIS_PULL_REQUEST_SLUG" value="" />
    <property name="ant.project.default-target" value="build" />
    <property name="env.GIT_ASKPASS" value="echo" />
    <property name="env.HOME" value="/home/travis" />
    <property name="sun.java.command" value="org.apache.tools.ant.taskdefs.optional.junit.JUnitTestRunner ptolemy.actor.lib.test.junit.JUnitTclTest skipNonTests=false filtertrace=true haltOnError=false haltOnFailure=false formatter=org.apache.tools.ant.taskdefs.optional.junit.OutErrSummaryJUnitResultFormatter showoutput=true outputtoformatters=true logfailedtests=true threadid=0 logtestlistenerevents=false formatter=org.apache.tools.ant.taskdefs.optional.junit.XMLJUnitResultFormatter,/home/travis/build/icyphy/ptII/reports/junit/TEST-ptolemy.actor.lib.test.junit.JUnitTclTest.xml crashfile=/home/travis/build/icyphy/ptII/junitvmwatcher10620007230635049511.properties propsfile=/home/travis/build/icyphy/ptII/junit12074089425971685954.properties" />
    <property name="env.COMPOSER_NO_INTERACTION" value="1" />
    <property name="env.MANPATH" value="/home/travis/.nvm/versions/node/v7.10.1/share/man:/home/travis/.rvm/rubies/ruby-2.5.3/share/man:/usr/local/cmake-3.12.4/man:/usr/local/clang-7.0.0/share/man:/usr/local/man:/usr/local/share/man:/usr/share/man:/home/travis/.rvm/man" />
    <property name="env.TRAVIS_TIMER_ID" value="0ce976d8" />
    <property name="ant.file" value="/home/travis/build/icyphy/ptII/build.xml" />
    <property name="env.TRAVIS_COMMIT_RANGE" value="c9f3b086a752b9cd5f160210f448d43efcdd2ddf...198d5e5614c59c3dad3ed2ffb3f8747ec78cc1c8" />
    <property name="env._system_name" value="Ubuntu" />
    <property name="ptII.classpath.optional.property" value="/home/travis/build/icyphy/ptII/lib/bsh-2.0b4.jar:/home/travis/build/icyphy/ptII/lib/ptCal.jar:/home/travis/build/icyphy/ptII/lib/java_cup.jar:/home/travis/build/icyphy/ptII/lib/saxon8.jar:/home/travis/build/icyphy/ptII/lib/saxon8-dom.jar:/home/travis/build/icyphy/ptII/lib/chic.jar:/home/travis/build/icyphy/ptII/lib/ptcolt.jar:/home/travis/build/icyphy/ptII/vendors/misc/itext/iText.jar:/home/travis/build/icyphy/ptII/lib/g4ltl.jar:/home/travis/build/icyphy/ptII/lib/StructuralCoder.jar:/home/travis/build/icyphy/ptII/lib/jcerti.jar:/home/travis/build/icyphy/ptII/lib/javax.mail.jar:/home/travis/build/icyphy/ptII/vendors/JMF-2.1.1e/lib/jmf.jar:/home/travis/build/icyphy/ptII/lib/jna-4.0.0-variadic.jar:/home/travis/build/icyphy/ptII/vendors/misc/joystick/Joystick.jar:/home/travis/build/icyphy/ptII/lib/ptjacl.jar:/home/travis/build/icyphy/ptII/lib/jsoup-1.8.2.jar:/home/travis/build/icyphy/ptII/lib/junit-4.8.2.jar:/home/travis/build/icyphy/ptII/lib/JUnitParams-0.4.0.jar:/home/travis/build/icyphy/ptII/ptolemy/actor/lib/excel/jxl.jar:/home/travis/build/icyphy/ptII/lib/jython.jar:/home/travis/build/icyphy/ptII/lib/kieler.jar:/home/travis/build/icyphy/ptII/vendors/opencv/share/OpenCV/java/opencv-341.jar:/home/travis/build/icyphy/ptII/lib/oscP5.jar:/home/travis/build/icyphy/ptII/lib/nrjavaserial-3.11.0.devel.jar:/home/travis/build/icyphy/ptII/vendors/j3d/lib/Linux/j3dcore.jar:/home/travis/build/icyphy/ptII/vendors/j3d/lib/Linux/j3dutils.jar:/home/travis/build/icyphy/ptII/vendors/j3d/lib/Linux/vecmath.jar:/home/travis/build/icyphy/ptII/vendors/jogl/lib/Linux/gluegen-rt-natives-linux-amd64.jar:/home/travis/build/icyphy/ptII/vendors/jogl/lib/Linux/gluegen-rt.jar:/home/travis/build/icyphy/ptII/vendors/jogl/lib/Linux/jogl-all-natives-linux-amd64.jar:/home/travis/build/icyphy/ptII/vendors/jogl/lib/Linux/jogl-all.jar:/home/travis/build/icyphy/ptII/ptolemy/distributed/jini/jar/jini-core.jar:/home/travis/build/icyphy/ptII/ptolemy/distributed/jini/jar/jini-ext.jar:/home/travis/build/icyphy/ptII/ptolemy/distributed/jini/jar/sun-util.jar:/home/travis/build/icyphy/ptII/lib/protobuf-java-2.4.1.jar:/home/travis/build/icyphy/ptII/lib/org.eclipse.paho.client.mqttv3.jar:/home/travis/build/icyphy/ptII/lib/mapss.jar:/home/travis/build/icyphy/ptII/ptolemy/actor/ptalon/antlr/antlr.jar:/home/travis/build/icyphy/ptII/lib/JRI.jar:/home/travis/build/icyphy/ptII/lib/commons-lang-2.6.jar:/home/travis/build/icyphy/ptII/lib/commons-logging-1.1.1.jar:/home/travis/build/icyphy/ptII/lib/sootclasses.jar:/home/travis/build/icyphy/ptII/ptolemy/actor/lib/database/mysql-connector-java-5.1.6-bin.jar:/home/travis/build/icyphy/ptII/vendors/misc/sphinx4/sphinx4-data-5prealpha.jar:/home/travis/build/icyphy/ptII/vendors/misc/sphinx4/sphinx4-core-5prealpha.jar:/home/travis/build/icyphy/ptII/lib/PDFRenderer.jar:/home/travis/build/icyphy/ptII/lib/svgSalamander.jar:/home/travis/build/icyphy/ptII/lib/rsyntaxtextarea-2.6.0-SNAPSHOT.jar:/home/travis/build/icyphy/ptII/lib/hazelcast-3.8.2.jar:/home/travis/build/icyphy/ptII/lib/jackson-annotations-2.9.0.jar:/home/travis/build/icyphy/ptII/lib/jackson-core-2.9.3.jar:/home/travis/build/icyphy/ptII/lib/jackson-databind-2.9.3.jar:/home/travis/build/icyphy/ptII/lib/netty-buffer-4.1.19.Final.jar:/home/travis/build/icyphy/ptII/lib/netty-codec-4.1.19.Final.jar:/home/travis/build/icyphy/ptII/lib/netty-codec-dns-4.1.19.Final.jar:/home/travis/build/icyphy/ptII/lib/netty-codec-http-4.1.19.Final.jar:/home/travis/build/icyphy/ptII/lib/netty-codec-http2-4.1.19.Final.jar:/home/travis/build/icyphy/ptII/lib/netty-common-4.1.19.Final.jar:/home/travis/build/icyphy/ptII/lib/netty-handler-4.1.19.Final.jar:/home/travis/build/icyphy/ptII/lib/netty-resolver-4.1.19.Final.jar:/home/travis/build/icyphy/ptII/lib/netty-resolver-dns-4.1.19.Final.jar:/home/travis/build/icyphy/ptII/lib/netty-transport-4.1.19.Final.jar:/home/travis/build/icyphy/ptII/lib/vertx-codegen-3.5.1.jar:/home/travis/build/icyphy/ptII/lib/vertx-core-3.5.2-SNAPSHOT.jar:/home/travis/build/icyphy/ptII/lib/vertx-hazelcast-3.5.1.jar:/home/travis/build/icyphy/ptII/lib/vertx-lang-js-3.5.1.jar:/home/travis/build/icyphy/ptII/lib/vertx-service-proxy-3.5.1.jar:/home/travis/build/icyphy/ptII/lib/vertx-web-3.5.1.jar:/home/travis/build/icyphy/ptII/lib/slf4j-api-1.7.13.jar:/home/travis/build/icyphy/ptII/lib/slf4j-simple-1.7.13.jar:/home/travis/build/icyphy/ptII/lib/webcam-capture-0.3.12.jar:/home/travis/build/icyphy/ptII/lib/bridj-0.7.0.jar:/home/travis/build/icyphy/ptII/lib/xbjlib-1.1.0.nrjavaserial.jar" />
    <property name="timeout" value="2400000" />
    <property name="test.batch" value="**/junit/*.java" />
    <property name="env._" value="/usr/bin/timeout" />
    <property name="java.io.tmpdir" value="/tmp" />
    <property name="user.language" value="en" />
    <property name="env.TRAVIS_INTERNAL_RUBY_REGEX" value="^ruby-(2\.[0-4]\.[0-9]|1\.9\.3)" />
    <property name="env.HISTCONTROL" value="ignoredups:ignorespace" />
    <property name="env.GOROOT" value="/home/travis/.gimme/versions/go1.11.1.linux.amd64" />
    <property name="line.separator" value="&#xa;" />
    <property name="target" value="11" />
    <property name="env.TRAVIS_BUILD_DIR" value="/home/travis/build/icyphy/ptII" />
    <property name="env.ANT_OPTS" value="-Xmx2048m" />
    <property name="ant.file.type" value="file" />
    <property name="ptolemy.ptII.batchMode" value="true" />
    <property name="env.HISTSIZE" value="1000" />
    <property name="env.MERB_ENV" value="test" />
    <property name="java.vm.info" value="mixed mode" />
    <property name="source" value="11" />
    <property name="java.vm.specification.name" value="Java Virtual Machine Specification" />
    <property name="env.TRAVIS_TEST_RESULT" value="0" />
    <property name="jsdoc.command" value="node_modules/@terraswarm/jsdoc/jsdoc.js" />
    <property name="npm.works" value="true" />
    <property name="cobertura.dir" value="/home/travis/build/icyphy/ptII/vendors/cobertura-2.0.3" />
    <property name="jsdoc.command.exists" value="true" />
    <property name="env.rvm_path" value="/home/travis/.rvm" />
    <property name="env.GEM_PATH" value="/home/travis/.rvm/gems/ruby-2.5.3:/home/travis/.rvm/gems/ruby-2.5.3@global" />
    <property name="env.LC_CTYPE" value="en_US.UTF-8" />
    <property name="env.TRAVIS_CMD" value="$PTII/bin/ptIITravisBuild.sh $SECONDS" />
    <property name="java.awt.printerjob" value="sun.print.PSPrinterJob" />
    <property name="env.TRAVIS_STACK_NAME" value="sardonyx" />
    <property name="env.TRAVIS_TIMER_START_TIME" value="1582181757342163035" />
    <property name="ant.version" value="Apache Ant(TM) version 1.10.1 compiled on February 2 2017" />
    <property name="ptII.reports" value="/home/travis/build/icyphy/ptII/reports" />
    <property name="env.TRAVIS_STACK_TIMESTAMP" value="2019-03-25 16:16:56 UTC" />
    <property name="ant.file.type.ptII" value="file" />
    <property name="env.RBENV_SHELL" value="bash" />
    <property name="os.name" value="Linux" />
    <property name="java.specification.vendor" value="Oracle Corporation" />
    <property name="env.rvm_version" value="1.29.7 (latest)" />
    <property name="env.TRAVIS_INFRA" value="unknown" />
    <property name="env.TERM" value="xterm" />
    <property name="java.vm.name" value="OpenJDK 64-Bit Server VM" />
    <property name="env.TRAVIS_BUILD_NUMBER" value="1525" />
    <property name="env.CI" value="true" />
    <property name="java.library.path" value="/home/travis/pthla/certi-tools/lib:/usr/lib/jni:/usr/local/share/OpenCV/java/:/usr/share/OpenCV/java::/usr/java/packages/lib:/usr/lib64:/lib64:/lib:/usr/lib" />
    <property name="jdk.module.path" value="/home/travis/build/icyphy/ptII/vendors/javafx/javafx-sdk-11.0.2/lib:" />
    <property name="env.rvm_prefix" value="/home/travis" />
    <property name="env.PATH" value="/home/travis/pthla/certi-tools/share/scripts:/home/travis/.rvm/gems/ruby-2.5.3/bin:/home/travis/.rvm/gems/ruby-2.5.3@global/bin:/home/travis/.rvm/rubies/ruby-2.5.3/bin:/home/travis/.rvm/bin:/home/travis/.nvm/versions/node/v7.10.1/bin:./node_modules/.bin:/home/travis/build/icyphy/ptII/bin:/home/travis/pthla/certi-tools/bin:/home/travis/bin:/home/travis/.local/bin:/usr/local/lib/jvm/openjdk11/bin:/opt/pyenv/shims:/home/travis/.phpenv/shims:/home/travis/perl5/perlbrew/bin:/home/travis/gopath/bin:/home/travis/.gimme/versions/go1.11.1.linux.amd64/bin:/usr/local/maven-3.6.0/bin:/usr/local/cmake-3.12.4/bin:/usr/local/clang-7.0.0/bin:/usr/local/sbin:/usr/local/bin:/usr/sbin:/usr/bin:/sbin:/bin:/snap/bin:/home/travis/.phpenv/bin:/opt/pyenv/bin:/home/travis/.yarn/bin" />
    <property name="env.TRAVIS_OS_NAME" value="linux" />
    <property name="ant.java.version" value="9" />
    <property name="basedir" value="/home/travis/build/icyphy/ptII" />
    <property name="java.class.version" value="55.0" />
    <property name="env.SHLVL" value="3" />
    <property name="env.LD_LIBRARY_PATH" value="/home/travis/pthla/certi-tools/lib:/usr/lib/jni:/usr/local/share/OpenCV/java/:/usr/share/OpenCV/java:" />
    <property name="env.RACK_ENV" value="test" />
    <property name="ant.home" value="/home/travis/build/icyphy/ptII/ant" />
    <property name="env.NVM_DIR" value="/home/travis/.nvm" />
    <property name="env.CERTI_FOM_PATH" value="/home/travis/pthla/certi-tools/share/federations" />
    <property name="env.TRAVIS_BUILD_ID" value="652848733" />
    <property name="env.PYENV_ROOT" value="/opt/pyenv" />
    <property name="env.TRAVIS_UID" value="2000" />
    <property name="prism.verbose" value="true" />
    <property name="env.NVM_BIN" value="/home/travis/.nvm/versions/node/v7.10.1/bin" />
    <property name="env.TRAVIS_COMMIT" value="198d5e5614c59c3dad3ed2ffb3f8747ec78cc1c8" />
    <property name="env._system_arch" value="x86_64" />
    <property name="node.executable" value="node" />
    <property name="sun.boot.library.path" value="/usr/local/lib/jvm/openjdk11/lib" />
    <property name="sun.management.compiler" value="HotSpot 64-Bit Tiered Compilers" />
    <property name="java.awt.graphicsenv" value="sun.awt.X11GraphicsEnvironment" />
    <property name="env.GOPATH" value="/home/travis/gopath" />
    <property name="ptolemy.ptII.dir" value="/home/travis/build/icyphy/ptII" />
    <property name="env.USER" value="travis" />
    <property name="env.HISTFILESIZE" value="2000" />
    <property name="timeout.longest" value="19000000" />
    <property name="env.PERLBREW_SHELLRC_VERSION" value="0.86" />
    <property name="env.TRAVIS_STACK_FEATURES" value="basic couchdb disabled-ipv6 docker docker-compose elasticsearch firefox go-toolchain google-chrome jdk memcached mongodb mysql nodejs_interpreter perl_interpreter perlbrew phantomjs postgresql python_interpreter redis ruby_interpreter sqlite xserver" />
    <property name="env.TRAVIS_PULL_REQUEST" value="false" />
    <property name="env.PYENV_SHELL" value="bash" />
    <property name="ant.project.name" value="ptII" />
    <property name="env.ANSI_RESET" value="\033[0m" />
    <property name="java.vm.specification.version" value="11" />
    <property name="env.TRAVIS_DIST" value="xenial" />
    <property name="env.CERTI_VERSION" value="4.0.0" />
    <property name="env.CERTI_HOST" value="localhost" />
    <property name="awt.toolkit" value="sun.awt.X11.XToolkit" />
    <property name="env.MY_RUBY_HOME" value="/home/travis/.rvm/rubies/ruby-2.5.3" />
    <property name="sun.cpu.isalist" value="" />
    <property name="env.TRAVIS_TMPDIR" value="/tmp/tmp.ZhIixPSmnE" />
    <property name="java.vm.compressedOopsMode" value="Zero based" />
    <property name="os.version" value="4.15.0-1028-gcp" />
    <property name="user.home" value="/home/travis" />
    <property name="java.vm.vendor" value="Oracle Corporation" />
    <property name="env.TRAVIS_TAG" value="nightly" />
    <property name="env.ANSI_YELLOW" value="\033[33;1m" />
    <property name="env.TRAVIS_FILTERED" value="redirect_io" />
    <property name="env.ANSI_GREEN" value="\033[32;1m" />
    <property name="env.JAVA_HOME" value="/usr/local/lib/jvm/openjdk11" />
    <property name="javadoc.excludepackagenames" value="adm.cvs2svn.*,build.*,config.*,doc.coding.templates.*,jni.test.jni.meaningOfLife.*,jni.test.jni.testDeux.*,jni.test.jni.testTrois.*,org.terraswarm.accessor.accessors.web.node_modules.*,org.terraswarm.accessor.accessors.web.hosts.cordova.demo.*,org.terraswarm.accessor.accessors.web.hosts.cordova.plugins.*,org.terraswarm.accessor.accessors-svn.*,pt-modules.*,ptolemy.apps.agilent.*,ptolemy.apps.anytimecontrol.*,ptolemy.apps.apes.*,ptolemy.apps.charon.*,ptolemy.apps.crazyboard.*,ptolemy.apps.eclipse.*,ptolemy.apps.etherealSting.*,ptolemy.apps.fullscreen.*,ptolemy.apps.giotto.*,ptolemy.apps.ia.*,ptolemy.apps.interfaces.*,ptolemy.apps.jmf.*,ptolemy.apps.kurt.*,ptolemy.apps.kvm.*,ptolemy.apps.lego.*,ptolemy.apps.lejos.*,ptolemy.apps.midp.*,ptolemy.apps.mobileCoding.*,ptolemy.apps.pendulum.*,ptolemy.apps.rijndael.*,ptolemy.apps.robot.*,ptolemy.apps.security.*,ptolemy.apps.sobel.*,ptolemy.apps.soot.*,ptolemy.apps.throttle.*,ptolemy.apps.tini.*,ptolemy.apps.transmission.*,ptolemy.apps.vergil.*,ptolemy.apps.waba.*,ptolemy.apps.websensor.*,ptolemy.apps.webstart.*,ptolemy.apps.xsl.*,ptolemy.apps.zaurus.*,ptolemy.codegen.c.actor.lib.oldJavaFiles.*,ptolemy.codegen.dsp.lib.*,ptolemy.codegen.kernel.newInterfaces.*,ptolemy.codegen.lib.*,ptolemy.copernicus.kernel.fragment.*,ptolemy.copernicus.shallow.cg.*,ptolemy.domains.giotto.demo.Hierarchy.Hierarchy.*,ptolemy.domains.giotto.demo.Multimode.Multimode.*,ptolemy.domains.giotto.demo.Simple.Simple.*,ptolemy.domains.gr.lib.experimental.*,ptolemy.domains.gro.*,ptolemy.domains.pdf.*,ptolemy.domains.ptinyos.demo.Surge.output.*,ptolemy.moml.test.NoPackageActor.java*,ptolemy.plot.adm.*,ptolemy.plot.servlet.*,reports.*,signed.*,src.*,target.*,vendors.*,ptolemy.copernicus.applet.*,ptolemy.media.viewer.*,ptolemy.actor.corba.*,doc.doclets.*,ptolemy.apps.eclipse.awt.*,ptolemy.backtrack.*,ptolemy.backtrack.ast.*,ptolemy.cg.adapter.generic.program.procedural.c.mbed*,ptolemy.homer.*,ptolemy.actor.lib.jai.*,org.ptolemy.scala.*,diva.util.java2d.svg.*,ptolemy.domains.ptinyos.*,ptolemy.actor.lib.fmi.fmipp.*,,org.terraswarm.accessor.accessors.web.node_modules.*,org.terraswarm.accessor.accessors-svn,ptolemy.apps.*,ptolemy.actor.ptalon.demo.ptinyos.SendAndReceiveCnt.output,ptolemy.actor.ptalon.demo.ptinyos.SenseToLeds.output,ptolemy.domains.ptinyos.demo.CntToLedsAndRfm.output,ptolemy.domains.ptinyos.demo.RfmToLeds.output,ptolemy.domains.ptinyos.demo.SendAndReceiveCnt.output,ptolemy.domains.ptinyos.demo.SenseToLeds.output,ptolemy.actor.lib.jjs.modules.udpSocket.*" />
    <property name="env.PTII" value="/home/travis/build/icyphy/ptII" />
    <property name="env.XDG_SESSION_ID" value="2" />
    <property name="keystore" value="ptKeystore" />
    <property name="env.TRAVIS_COMMIT_MESSAGE" value="Renaming back FEDandFDDfiles as FEDfiles for avoinding changing messages in the tests." />
    <property name="junit.output.dir" value="/home/travis/build/icyphy/ptII/reports/junit" />
    <property name="npm.return.code" value="0" />
    <property name="user.dir" value="/home/travis/build/icyphy/ptII/ptolemy/actor/lib/test" />
    <property name="env.TRAVIS_NODE_VERSION" value="7" />
    <property name="env.TRAVIS_EVENT_TYPE" value="cron" />
    <property name="env.MAIL" value="/var/mail/travis" />
    <property name="env.PERLBREW_ROOT" value="/home/travis/perl5/perlbrew" />
    <property name="env.PWD" value="/home/travis/build/icyphy/ptII" />
    <property name="timeout.npm" value="45000" />
    <property name="env.TRAVIS_ARCH" value="amd64" />
    <property name="sun.cpu.endian" value="little" />
    <property name="env.PAGER" value="cat" />
    <property name="env.TRAVIS_BUILD_STAGE_NAME" value="Test" />
    <property name="env.PERLBREW_HOME" value="/home/travis/.perlbrew" />
    <property name="java.vm.version" value="11.0.2+9" />
    <property name="env.RAILS_ENV" value="test" />
    <property name="java.class.path" value="/home/travis/.ptolemyII:/home/travis/.ptolemyII/*:/home/travis/build/icyphy/ptII:/home/travis/build/icyphy/ptII/lib/bsh-2.0b4.jar:/home/travis/build/icyphy/ptII/lib/ptCal.jar:/home/travis/build/icyphy/ptII/lib/java_cup.jar:/home/travis/build/icyphy/ptII/lib/saxon8.jar:/home/travis/build/icyphy/ptII/lib/saxon8-dom.jar:/home/travis/build/icyphy/ptII/lib/chic.jar:/home/travis/build/icyphy/ptII/lib/ptcolt.jar:/home/travis/build/icyphy/ptII/vendors/misc/itext/iText.jar:/home/travis/build/icyphy/ptII/lib/g4ltl.jar:/home/travis/build/icyphy/ptII/lib/StructuralCoder.jar:/home/travis/build/icyphy/ptII/lib/jcerti.jar:/home/travis/build/icyphy/ptII/lib/javax.mail.jar:/home/travis/build/icyphy/ptII/vendors/JMF-2.1.1e/lib/jmf.jar:/home/travis/build/icyphy/ptII/lib/jna-4.0.0-variadic.jar:/home/travis/build/icyphy/ptII/vendors/misc/joystick/Joystick.jar:/home/travis/build/icyphy/ptII/lib/ptjacl.jar:/home/travis/build/icyphy/ptII/lib/jsoup-1.8.2.jar:/home/travis/build/icyphy/ptII/lib/junit-4.8.2.jar:/home/travis/build/icyphy/ptII/lib/JUnitParams-0.4.0.jar:/home/travis/build/icyphy/ptII/ptolemy/actor/lib/excel/jxl.jar:/home/travis/build/icyphy/ptII/lib/jython.jar:/home/travis/build/icyphy/ptII/lib/kieler.jar:/home/travis/build/icyphy/ptII/vendors/opencv/share/OpenCV/java/opencv-341.jar:/home/travis/build/icyphy/ptII/lib/oscP5.jar:/home/travis/build/icyphy/ptII/lib/nrjavaserial-3.11.0.devel.jar:/home/travis/build/icyphy/ptII/vendors/j3d/lib/Linux/j3dcore.jar:/home/travis/build/icyphy/ptII/vendors/j3d/lib/Linux/j3dutils.jar:/home/travis/build/icyphy/ptII/vendors/j3d/lib/Linux/vecmath.jar:/home/travis/build/icyphy/ptII/vendors/jogl/lib/Linux/gluegen-rt-natives-linux-amd64.jar:/home/travis/build/icyphy/ptII/vendors/jogl/lib/Linux/gluegen-rt.jar:/home/travis/build/icyphy/ptII/vendors/jogl/lib/Linux/jogl-all-natives-linux-amd64.jar:/home/travis/build/icyphy/ptII/vendors/jogl/lib/Linux/jogl-all.jar:/home/travis/build/icyphy/ptII/ptolemy/distributed/jini/jar/jini-core.jar:/home/travis/build/icyphy/ptII/ptolemy/distributed/jini/jar/jini-ext.jar:/home/travis/build/icyphy/ptII/ptolemy/distributed/jini/jar/sun-util.jar:/home/travis/build/icyphy/ptII/lib/protobuf-java-2.4.1.jar:/home/travis/build/icyphy/ptII/lib/org.eclipse.paho.client.mqttv3.jar:/home/travis/build/icyphy/ptII/lib/mapss.jar:/home/travis/build/icyphy/ptII/ptolemy/actor/ptalon/antlr/antlr.jar:/home/travis/build/icyphy/ptII/lib/JRI.jar:/home/travis/build/icyphy/ptII/lib/commons-lang-2.6.jar:/home/travis/build/icyphy/ptII/lib/commons-logging-1.1.1.jar:/home/travis/build/icyphy/ptII/lib/sootclasses.jar:/home/travis/build/icyphy/ptII/ptolemy/actor/lib/database/mysql-connector-java-5.1.6-bin.jar:/home/travis/build/icyphy/ptII/vendors/misc/sphinx4/sphinx4-data-5prealpha.jar:/home/travis/build/icyphy/ptII/vendors/misc/sphinx4/sphinx4-core-5prealpha.jar:/home/travis/build/icyphy/ptII/lib/PDFRenderer.jar:/home/travis/build/icyphy/ptII/lib/svgSalamander.jar:/home/travis/build/icyphy/ptII/lib/rsyntaxtextarea-2.6.0-SNAPSHOT.jar:/home/travis/build/icyphy/ptII/lib/hazelcast-3.8.2.jar:/home/travis/build/icyphy/ptII/lib/jackson-annotations-2.9.0.jar:/home/travis/build/icyphy/ptII/lib/jackson-core-2.9.3.jar:/home/travis/build/icyphy/ptII/lib/jackson-databind-2.9.3.jar:/home/travis/build/icyphy/ptII/lib/netty-buffer-4.1.19.Final.jar:/home/travis/build/icyphy/ptII/lib/netty-codec-4.1.19.Final.jar:/home/travis/build/icyphy/ptII/lib/netty-codec-dns-4.1.19.Final.jar:/home/travis/build/icyphy/ptII/lib/netty-codec-http-4.1.19.Final.jar:/home/travis/build/icyphy/ptII/lib/netty-codec-http2-4.1.19.Final.jar:/home/travis/build/icyphy/ptII/lib/netty-common-4.1.19.Final.jar:/home/travis/build/icyphy/ptII/lib/netty-handler-4.1.19.Final.jar:/home/travis/build/icyphy/ptII/lib/netty-resolver-4.1.19.Final.jar:/home/travis/build/icyphy/ptII/lib/netty-resolver-dns-4.1.19.Final.jar:/home/travis/build/icyphy/ptII/lib/netty-transport-4.1.19.Final.jar:/home/travis/build/icyphy/ptII/lib/vertx-codegen-3.5.1.jar:/home/travis/build/icyphy/ptII/lib/vertx-core-3.5.2-SNAPSHOT.jar:/home/travis/build/icyphy/ptII/lib/vertx-hazelcast-3.5.1.jar:/home/travis/build/icyphy/ptII/lib/vertx-lang-js-3.5.1.jar:/home/travis/build/icyphy/ptII/lib/vertx-service-proxy-3.5.1.jar:/home/travis/build/icyphy/ptII/lib/vertx-web-3.5.1.jar:/home/travis/build/icyphy/ptII/lib/slf4j-api-1.7.13.jar:/home/travis/build/icyphy/ptII/lib/slf4j-simple-1.7.13.jar:/home/travis/build/icyphy/ptII/lib/webcam-capture-0.3.12.jar:/home/travis/build/icyphy/ptII/lib/bridj-0.7.0.jar:/home/travis/build/icyphy/ptII/lib/xbjlib-1.1.0.nrjavaserial.jar:/home/travis/build/icyphy/ptII/ptolemy/moml/test:/home/travis/build/icyphy/ptII/ant/lib/ant-launcher.jar:/home/travis/build/icyphy/ptII/ant/lib/ant.jar:/home/travis/build/icyphy/ptII/ant/lib/ant-junit.jar:/home/travis/build/icyphy/ptII/ant/lib/ant-junit4.jar" />
    <property name="ant.library.dir" value="/home/travis/build/icyphy/ptII/ant/lib" />
    <property name="os.arch" value="amd64" />
    <property name="env.CONTINUOUS_INTEGRATION" value="true" />
    <property name="env.TRAVIS_LANGUAGE" value="node_js" />
    <property name="env.TRAVIS_STACK_LANGUAGES" value="__sardonyx__ c c++ clojure cplusplus cpp default generic go groovy java node_js php pure_java python ruby scala" />
    <property name="test.name" value="ptolemy.actor.lib.test.junit.JUnitTclTest" />
    <property name="env.APT_KEY_DONT_WARN_ON_DANGEROUS_USAGE" value="1" />
    <property name="sun.java.launcher" value="SUN_STANDARD" />
    <property name="env.PYTHON_CONFIGURE_OPTS" value="--enable-unicode=ucs4 --with-wide-unicode --enable-shared --enable-ipv6 --enable-loadable-sqlite-extensions --with-computed-gotos" />
    <property name="ant.core.lib" value="/home/travis/build/icyphy/ptII/ant/lib/ant.jar" />
    <property name="java.vm.specification.vendor" value="Oracle Corporation" />
    <property name="env.BCVTB_HOME" value="/home/travis/build/icyphy/ptII/lbnl" />
    <property name="file.separator" value="/" />
    <property name="spotbugs.home" value="/home/travis/build/icyphy/ptII/vendors/spotbugs-3.1.1" />
    <property name="java.runtime.version" value="11.0.2+9" />
    <property name="env.ANSI_CLEAR" value="\033[0K" />
    <property name="javafx.verbose" value="true" />
    <property name="env.HAS_JOSH_K_SEAL_OF_APPROVAL" value="true" />
    <property name="env.XDG_RUNTIME_DIR" value="/run/user/2000" />
    <property name="env.TRAVIS_OSX_IMAGE" value="" />
    <property name="env.TRAVIS_JOB_ID" value="652848741" />
    <property name="env.TRAVIS_BRANCH" value="master" />
    <property name="user.country" value="US" />
    <property name="env.CERTI_HOME_TRAVIS" value="/home/travis/pthla/certi-tools" />
    <property name="env.SHELL" value="/bin/bash" />
    <property name="java.maxmemory.large" value="3200m" />
    <property name="model" value="" />
    <property name="env.CASHER_DIR" value="/home/travis/.casher" />
    <property name="env.NVM_CD_FLAGS" value="" />
    <property name="java.vendor.version" value="18.9" />
    <property name="jshint.executable" value="/home/travis/node_modules/jshint/bin/jshint" />
    <property name="env.JRUBY_OPTS" value=" --client -J-XX:+TieredCompilation -J-XX:TieredStopAtLevel=1 -J-Xss2m -Xcompile.invokedynamic=false" />
    <property name="java.vendor" value="Oracle Corporation" />
    <property name="env.TRAVIS_PRE_CHEF_BOOTSTRAP_TIME" value="2019-03-25T16:16:42" />
    <property name="env.TRAVIS_STACK_JOB_BOARD_REGISTER" value="/.job-board-register.yml" />
    <property name="env.ANSI_RED" value="\033[31;1m" />
    <property name="java.specification.version" value="11" />
    <property name="env.IRBRC" value="/home/travis/.rvm/rubies/ruby-2.5.3/.irbrc" />
    <property name="env.TRAVIS" value="true" />
    <property name="sun.arch.data.model" value="64" />
  </properties>
  <testcase classname="ptolemy.util.test.junit.TclTests" name="[0] /home/travis/build/icyphy/ptII/ptolemy/actor/lib/test/AbsoluteValue.tcl (RunTclFile)" time="0.568" />
  <testcase classname="ptolemy.util.test.junit.TclTests" name="[1] /home/travis/build/icyphy/ptII/ptolemy/actor/lib/test/AddSubtract.tcl (RunTclFile)" time="0.168" />
  <testcase classname="ptolemy.util.test.junit.TclTests" name="[2] /home/travis/build/icyphy/ptII/ptolemy/actor/lib/test/Average.tcl (RunTclFile)" time="0.034" />
  <testcase classname="ptolemy.util.test.junit.TclTests" name="[3] /home/travis/build/icyphy/ptII/ptolemy/actor/lib/test/Bernoulli.tcl (RunTclFile)" time="0.021" />
  <testcase classname="ptolemy.util.test.junit.TclTests" name="[4] /home/travis/build/icyphy/ptII/ptolemy/actor/lib/test/Clock.tcl (RunTclFile)" time="0.126" />
  <testcase classname="ptolemy.util.test.junit.TclTests" name="[5] /home/travis/build/icyphy/ptII/ptolemy/actor/lib/test/Commutator.tcl (RunTclFile)" time="0.195" />
  <testcase classname="ptolemy.util.test.junit.TclTests" name="[6] /home/travis/build/icyphy/ptII/ptolemy/actor/lib/test/Const.tcl (RunTclFile)" time="0.135" />
  <testcase classname="ptolemy.util.test.junit.TclTests" name="[7] /home/travis/build/icyphy/ptII/ptolemy/actor/lib/test/CurrentTime.tcl (RunTclFile)" time="0.022" />
  <testcase classname="ptolemy.util.test.junit.TclTests" name="[8] /home/travis/build/icyphy/ptII/ptolemy/actor/lib/test/DB.tcl (RunTclFile)" time="0.038" />
  <testcase classname="ptolemy.util.test.junit.TclTests" name="[9] /home/travis/build/icyphy/ptII/ptolemy/actor/lib/test/DiscreteRandomSource.tcl (RunTclFile)" time="0.057" />
  <testcase classname="ptolemy.util.test.junit.TclTests" name="[10] /home/travis/build/icyphy/ptII/ptolemy/actor/lib/test/Distributor.tcl (RunTclFile)" time="0.097" />
  <testcase classname="ptolemy.util.test.junit.TclTests" name="[11] /home/travis/build/icyphy/ptII/ptolemy/actor/lib/test/Exit.tcl (RunTclFile)" time="0.095" />
  <testcase classname="ptolemy.util.test.junit.TclTests" name="[12] /home/travis/build/icyphy/ptII/ptolemy/actor/lib/test/Expression.tcl (RunTclFile)" time="0.121" />
  <testcase classname="ptolemy.util.test.junit.TclTests" name="[13] /home/travis/build/icyphy/ptII/ptolemy/actor/lib/test/Gaussian.tcl (RunTclFile)" time="0.281" />
  <testcase classname="ptolemy.util.test.junit.TclTests" name="[14] /home/travis/build/icyphy/ptII/ptolemy/actor/lib/test/IIR.tcl (RunTclFile)" time="0.043" />
  <testcase classname="ptolemy.util.test.junit.TclTests" name="[15] /home/travis/build/icyphy/ptII/ptolemy/actor/lib/test/Interpolator.tcl (RunTclFile)" time="0.102" />
  <testcase classname="ptolemy.util.test.junit.TclTests" name="[16] /home/travis/build/icyphy/ptII/ptolemy/actor/lib/test/MathFunction.tcl (RunTclFile)" time="0.073" />
  <testcase classname="ptolemy.util.test.junit.TclTests" name="[17] /home/travis/build/icyphy/ptII/ptolemy/actor/lib/test/Maximum.tcl (RunTclFile)" time="0.03" />
  <testcase classname="ptolemy.util.test.junit.TclTests" name="[18] /home/travis/build/icyphy/ptII/ptolemy/actor/lib/test/Minimum.tcl (RunTclFile)" time="0.027" />
  <testcase classname="ptolemy.util.test.junit.TclTests" name="[19] /home/travis/build/icyphy/ptII/ptolemy/actor/lib/test/MultiplyDivide.tcl (RunTclFile)" time="0.036" />
  <testcase classname="ptolemy.util.test.junit.TclTests" name="[20] /home/travis/build/icyphy/ptII/ptolemy/actor/lib/test/OrderedMerge.tcl (RunTclFile)" time="0.109" />
  <testcase classname="ptolemy.util.test.junit.TclTests" name="[21] /home/travis/build/icyphy/ptII/ptolemy/actor/lib/test/Publisher.tcl (RunTclFile)" time="1.01" />
  <testcase classname="ptolemy.util.test.junit.TclTests" name="[22] /home/travis/build/icyphy/ptII/ptolemy/actor/lib/test/Pulse.tcl (RunTclFile)" time="0.071" />
  <testcase classname="ptolemy.util.test.junit.TclTests" name="[23] /home/travis/build/icyphy/ptII/ptolemy/actor/lib/test/Ramp.tcl (RunTclFile)" time="2.029" />
  <testcase classname="ptolemy.util.test.junit.TclTests" name="[24] /home/travis/build/icyphy/ptII/ptolemy/actor/lib/test/RampContinuous.tcl (RunTclFile)" time="0.017" />
  <testcase classname="ptolemy.util.test.junit.TclTests" name="[25] /home/travis/build/icyphy/ptII/ptolemy/actor/lib/test/RecordAssembler.tcl (RunTclFile)" time="0.03" />
  <testcase classname="ptolemy.util.test.junit.TclTests" name="[26] /home/travis/build/icyphy/ptII/ptolemy/actor/lib/test/RecordDisassembler.tcl (RunTclFile)" time="0.032" />
  <testcase classname="ptolemy.util.test.junit.TclTests" name="[27] /home/travis/build/icyphy/ptII/ptolemy/actor/lib/test/Scale.tcl (RunTclFile)" time="0.018" />
  <testcase classname="ptolemy.util.test.junit.TclTests" name="[28] /home/travis/build/icyphy/ptII/ptolemy/actor/lib/test/SequentialClock.tcl (RunTclFile)" time="0.012" />
  <testcase classname="ptolemy.util.test.junit.TclTests" name="[29] /home/travis/build/icyphy/ptII/ptolemy/actor/lib/test/SetVariable.tcl (RunTclFile)" time="0.009" />
  <testcase classname="ptolemy.util.test.junit.TclTests" name="[30] /home/travis/build/icyphy/ptII/ptolemy/actor/lib/test/Sinewave.tcl (RunTclFile)" time="0.027" />
  <testcase classname="ptolemy.util.test.junit.TclTests" name="[31] /home/travis/build/icyphy/ptII/ptolemy/actor/lib/test/SubscriptionAggregator.tcl (RunTclFile)" time="2.217" />
  <testcase classname="ptolemy.util.test.junit.TclTests" name="[32] /home/travis/build/icyphy/ptII/ptolemy/actor/lib/test/Test.tcl (RunTclFile)" time="0.114" />
  <testcase classname="ptolemy.util.test.junit.TclTests" name="[33] /home/travis/build/icyphy/ptII/ptolemy/actor/lib/test/TestExceptionHandler.tcl (RunTclFile)" time="0.013" />
  <testcase classname="ptolemy.util.test.junit.TclTests" name="[34] /home/travis/build/icyphy/ptII/ptolemy/actor/lib/test/UnionDisassembler.tcl (RunTclFile)" time="0.077" />
  <testcase classname="ptolemy.util.test.junit.TclTests" name="[35] /home/travis/build/icyphy/ptII/ptolemy/actor/lib/test/VariableClock.tcl (RunTclFile)" time="0.032" />
  <testcase classname="ptolemy.util.test.junit.AutoKnownFailedTests" name="[0] /home/travis/build/icyphy/ptII/ptolemy/actor/lib/test/auto/knownFailedTests/PublisherPortToplevelSubscriber.xml (RunModel)" time="0.025" />
  <testcase classname="ptolemy.util.test.junit.AutoKnownFailedTests" name="[1] /home/travis/build/icyphy/ptII/ptolemy/actor/lib/test/auto/knownFailedTests/PublisherSubscriberPortToplevel.xml (RunModel)" time="0.022" />
  <testcase classname="ptolemy.util.test.junit.AutoKnownFailedTests" name="[2] /home/travis/build/icyphy/ptII/ptolemy/actor/lib/test/auto/knownFailedTests/PublisherSubscriptionAggregatorPort.xml (RunModel)" time="0.015" />
  <testcase classname="ptolemy.util.test.junit.AutoKnownFailedTests" name="[3] /home/travis/build/icyphy/ptII/ptolemy/actor/lib/test/auto/knownFailedTests/sizedarray3.xml (RunModel)" time="0.028" />
  <testcase classname="ptolemy.util.test.junit.AutoNameArchTests" name="[0] ThereAreNoAutoArchTests (RunModel)" time="0.001" />
  <testcase classname="ptolemy.util.test.junit.AutoTests" name="[0] /home/travis/build/icyphy/ptII/ptolemy/actor/lib/test/auto/AbsoluteValue.xml (RunModel)" time="0.09" />
  <testcase classname="ptolemy.util.test.junit.AutoTests" name="[1] /home/travis/build/icyphy/ptII/ptolemy/actor/lib/test/auto/AbsoluteValue2.xml (RunModel)" time="0.037" />
  <testcase classname="ptolemy.util.test.junit.AutoTests" name="[2] /home/travis/build/icyphy/ptII/ptolemy/actor/lib/test/auto/Accumulator.xml (RunModel)" time="0.05" />
  <testcase classname="ptolemy.util.test.junit.AutoTests" name="[3] /home/travis/build/icyphy/ptII/ptolemy/actor/lib/test/auto/Accumulator2.xml (RunModel)" time="0.06" />
  <testcase classname="ptolemy.util.test.junit.AutoTests" name="[4] /home/travis/build/icyphy/ptII/ptolemy/actor/lib/test/auto/Accumulator3.xml (RunModel)" time="0.048" />
  <testcase classname="ptolemy.util.test.junit.AutoTests" name="[5] /home/travis/build/icyphy/ptII/ptolemy/actor/lib/test/auto/ArrayAppend.xml (RunModel)" time="0.059" />
  <testcase classname="ptolemy.util.test.junit.AutoTests" name="[6] /home/travis/build/icyphy/ptII/ptolemy/actor/lib/test/auto/ArrayAppend2.xml (RunModel)" time="0.423" />
  <testcase classname="ptolemy.util.test.junit.AutoTests" name="[7] /home/travis/build/icyphy/ptII/ptolemy/actor/lib/test/auto/ArrayAppend3.xml (RunModel)" time="0.046" />
  <testcase classname="ptolemy.util.test.junit.AutoTests" name="[8] /home/travis/build/icyphy/ptII/ptolemy/actor/lib/test/auto/ArrayAppend4.xml (RunModel)" time="0.04" />
  <testcase classname="ptolemy.util.test.junit.AutoTests" name="[9] /home/travis/build/icyphy/ptII/ptolemy/actor/lib/test/auto/ArrayAppend5.xml (RunModel)" time="0.016" />
  <testcase classname="ptolemy.util.test.junit.AutoTests" name="[10] /home/travis/build/icyphy/ptII/ptolemy/actor/lib/test/auto/ArrayAppend6.xml (RunModel)" time="0.086" />
  <testcase classname="ptolemy.util.test.junit.AutoTests" name="[11] /home/travis/build/icyphy/ptII/ptolemy/actor/lib/test/auto/ArrayAppendPerformanceTest.xml (RunModel)" time="0.065" />
  <testcase classname="ptolemy.util.test.junit.AutoTests" name="[12] /home/travis/build/icyphy/ptII/ptolemy/actor/lib/test/auto/ArrayAppendWithEmptyInput.xml (RunModel)" time="0.056" />
  <testcase classname="ptolemy.util.test.junit.AutoTests" name="[13] /home/travis/build/icyphy/ptII/ptolemy/actor/lib/test/auto/ArrayAverage.xml (RunModel)" time="0.04" />
  <testcase classname="ptolemy.util.test.junit.AutoTests" name="[14] /home/travis/build/icyphy/ptII/ptolemy/actor/lib/test/auto/ArrayContains.xml (RunModel)" time="0.024" />
  <testcase classname="ptolemy.util.test.junit.AutoTests" name="[15] /home/travis/build/icyphy/ptII/ptolemy/actor/lib/test/auto/ArrayElement.xml (RunModel)" time="0.016" />
  <testcase classname="ptolemy.util.test.junit.AutoTests" name="[16] /home/travis/build/icyphy/ptII/ptolemy/actor/lib/test/auto/ArrayElementAsMatrix.xml (RunModel)" time="0.037" />
  <testcase classname="ptolemy.util.test.junit.AutoTests" name="[17] /home/travis/build/icyphy/ptII/ptolemy/actor/lib/test/auto/ArrayElementI.xml (RunModel)" time="0.015" />
  <testcase classname="ptolemy.util.test.junit.AutoTests" name="[18] /home/travis/build/icyphy/ptII/ptolemy/actor/lib/test/auto/ArrayExtract.xml (RunModel)" time="0.026" />
  <testcase classname="ptolemy.util.test.junit.AutoTests" name="[19] /home/travis/build/icyphy/ptII/ptolemy/actor/lib/test/auto/ArrayExtract2.xml (RunModel)" time="0.022" />
  <testcase classname="ptolemy.util.test.junit.AutoTests" name="[20] /home/travis/build/icyphy/ptII/ptolemy/actor/lib/test/auto/ArrayLength.xml (RunModel)" time="0.023" />
  <testcase classname="ptolemy.util.test.junit.AutoTests" name="[21] /home/travis/build/icyphy/ptII/ptolemy/actor/lib/test/auto/ArrayLevelCrossing.xml (RunModel)" time="0.031" />
  <testcase classname="ptolemy.util.test.junit.AutoTests" name="[22] /home/travis/build/icyphy/ptII/ptolemy/actor/lib/test/auto/ArrayLevelCrossing2.xml (RunModel)" time="0.023" />
  <testcase classname="ptolemy.util.test.junit.AutoTests" name="[23] /home/travis/build/icyphy/ptII/ptolemy/actor/lib/test/auto/ArrayPeakSearch.xml (RunModel)" time="0.053" />
  <testcase classname="ptolemy.util.test.junit.AutoTests" name="[24] /home/travis/build/icyphy/ptII/ptolemy/actor/lib/test/auto/ArrayPeakSearch2.xml (RunModel)" time="0.05" />
  <testcase classname="ptolemy.util.test.junit.AutoTests" name="[25] /home/travis/build/icyphy/ptII/ptolemy/actor/lib/test/auto/ArrayPeakSearch3.xml (RunModel)" time="0.046" />
  <testcase classname="ptolemy.util.test.junit.AutoTests" name="[26] /home/travis/build/icyphy/ptII/ptolemy/actor/lib/test/auto/ArrayRemoveElement.xml (RunModel)" time="0.031" />
  <testcase classname="ptolemy.util.test.junit.AutoTests" name="[27] /home/travis/build/icyphy/ptII/ptolemy/actor/lib/test/auto/ArraySort.xml (RunModel)" time="0.038" />
  <testcase classname="ptolemy.util.test.junit.AutoTests" name="[28] /home/travis/build/icyphy/ptII/ptolemy/actor/lib/test/auto/ArraySum.xml (RunModel)" time="0.03" />
  <testcase classname="ptolemy.util.test.junit.AutoTests" name="[29] /home/travis/build/icyphy/ptII/ptolemy/actor/lib/test/auto/ArrayToElements.xml (RunModel)" time="0.043" />
  <testcase classname="ptolemy.util.test.junit.AutoTests" name="[30] /home/travis/build/icyphy/ptII/ptolemy/actor/lib/test/auto/ArrayToMatrix.xml (RunModel)" time="0.082" />
  <testcase classname="ptolemy.util.test.junit.AutoTests" name="[31] /home/travis/build/icyphy/ptII/ptolemy/actor/lib/test/auto/ArrayUpdate1.xml (RunModel)" time="0.021" />
  <testcase classname="ptolemy.util.test.junit.AutoTests" name="[32] /home/travis/build/icyphy/ptII/ptolemy/actor/lib/test/auto/ArrayUpdate2.xml (RunModel)" time="0.034" />
  <testcase classname="ptolemy.util.test.junit.AutoTests" name="[33] /home/travis/build/icyphy/ptII/ptolemy/actor/lib/test/auto/ArrayUpdate3.xml (RunModel)" time="0.019" />
  <testcase classname="ptolemy.util.test.junit.AutoTests" name="[34] /home/travis/build/icyphy/ptII/ptolemy/actor/lib/test/auto/Assert1.xml (RunModel)" time="0.023" />
  <testcase classname="ptolemy.util.test.junit.AutoTests" name="[35] /home/travis/build/icyphy/ptII/ptolemy/actor/lib/test/auto/Assert2.xml (RunModel)" time="0.022" />
  <testcase classname="ptolemy.util.test.junit.AutoTests" name="[36] /home/travis/build/icyphy/ptII/ptolemy/actor/lib/test/auto/BooleanMultiplexor.xml (RunModel)" time="0.02" />
  <testcase classname="ptolemy.util.test.junit.AutoTests" name="[37] /home/travis/build/icyphy/ptII/ptolemy/actor/lib/test/auto/BooleanMultiplexor2.xml (RunModel)" time="0.035" />
  <testcase classname="ptolemy.util.test.junit.AutoTests" name="[38] /home/travis/build/icyphy/ptII/ptolemy/actor/lib/test/auto/BooleanMultiplexor3.xml (RunModel)" time="0.023" />
  <testcase classname="ptolemy.util.test.junit.AutoTests" name="[39] /home/travis/build/icyphy/ptII/ptolemy/actor/lib/test/auto/BooleanSelect.xml (RunModel)" time="0.028" />
  <testcase classname="ptolemy.util.test.junit.AutoTests" name="[40] /home/travis/build/icyphy/ptII/ptolemy/actor/lib/test/auto/BooleanSelect2.xml (RunModel)" time="0.019" />
  <testcase classname="ptolemy.util.test.junit.AutoTests" name="[41] /home/travis/build/icyphy/ptII/ptolemy/actor/lib/test/auto/BooleanSwitch.xml (RunModel)" time="0.024" />
  <testcase classname="ptolemy.util.test.junit.AutoTests" name="[42] /home/travis/build/icyphy/ptII/ptolemy/actor/lib/test/auto/BooleanSwitch2.xml (RunModel)" time="0.014" />
  <testcase classname="ptolemy.util.test.junit.AutoTests" name="[43] /home/travis/build/icyphy/ptII/ptolemy/actor/lib/test/auto/BooleanSwitchCloningBugWithClassRelationGroup.xml (RunModel)" time="0.056" />
  <testcase classname="ptolemy.util.test.junit.AutoTests" name="[44] /home/travis/build/icyphy/ptII/ptolemy/actor/lib/test/auto/BusActors.xml (RunModel)" time="0.044" />
  <testcase classname="ptolemy.util.test.junit.AutoTests" name="[45] /home/travis/build/icyphy/ptII/ptolemy/actor/lib/test/auto/ClassWrapper.xml (RunModel)" time="0.013" />
  <testcase classname="ptolemy.util.test.junit.AutoTests" name="[46] /home/travis/build/icyphy/ptII/ptolemy/actor/lib/test/auto/Clock.xml (RunModel)" time="0.01" />
  <testcase classname="ptolemy.util.test.junit.AutoTests" name="[47] /home/travis/build/icyphy/ptII/ptolemy/actor/lib/test/auto/Clock10.xml (RunModel)" time="0.024" />
  <testcase classname="ptolemy.util.test.junit.AutoTests" name="[48] /home/travis/build/icyphy/ptII/ptolemy/actor/lib/test/auto/Clock11.xml (RunModel)" time="0.021" />
  <testcase classname="ptolemy.util.test.junit.AutoTests" name="[49] /home/travis/build/icyphy/ptII/ptolemy/actor/lib/test/auto/Clock12.xml (RunModel)" time="0.024" />
  <testcase classname="ptolemy.util.test.junit.AutoTests" name="[50] /home/travis/build/icyphy/ptII/ptolemy/actor/lib/test/auto/Clock13.xml (RunModel)" time="0.022" />
  <testcase classname="ptolemy.util.test.junit.AutoTests" name="[51] /home/travis/build/icyphy/ptII/ptolemy/actor/lib/test/auto/Clock14.xml (RunModel)" time="0.023" />
  <testcase classname="ptolemy.util.test.junit.AutoTests" name="[52] /home/travis/build/icyphy/ptII/ptolemy/actor/lib/test/auto/Clock15.xml (RunModel)" time="0.017" />
  <testcase classname="ptolemy.util.test.junit.AutoTests" name="[53] /home/travis/build/icyphy/ptII/ptolemy/actor/lib/test/auto/Clock16.xml (RunModel)" time="0.1" />
  <testcase classname="ptolemy.util.test.junit.AutoTests" name="[54] /home/travis/build/icyphy/ptII/ptolemy/actor/lib/test/auto/Clock17.xml (RunModel)" time="0.063" />
  <testcase classname="ptolemy.util.test.junit.AutoTests" name="[55] /home/travis/build/icyphy/ptII/ptolemy/actor/lib/test/auto/Clock18.xml (RunModel)" time="0.059" />
  <testcase classname="ptolemy.util.test.junit.AutoTests" name="[56] /home/travis/build/icyphy/ptII/ptolemy/actor/lib/test/auto/Clock19.xml (RunModel)" time="0.056" />
  <testcase classname="ptolemy.util.test.junit.AutoTests" name="[57] /home/travis/build/icyphy/ptII/ptolemy/actor/lib/test/auto/Clock2.xml (RunModel)" time="0.017" />
  <testcase classname="ptolemy.util.test.junit.AutoTests" name="[58] /home/travis/build/icyphy/ptII/ptolemy/actor/lib/test/auto/Clock20.xml (RunModel)" time="0.02" />
  <testcase classname="ptolemy.util.test.junit.AutoTests" name="[59] /home/travis/build/icyphy/ptII/ptolemy/actor/lib/test/auto/Clock21.xml (RunModel)" time="0.018" />
  <testcase classname="ptolemy.util.test.junit.AutoTests" name="[60] /home/travis/build/icyphy/ptII/ptolemy/actor/lib/test/auto/Clock22.xml (RunModel)" time="0.016" />
  <testcase classname="ptolemy.util.test.junit.AutoTests" name="[61] /home/travis/build/icyphy/ptII/ptolemy/actor/lib/test/auto/Clock23.xml (RunModel)" time="0.023" />
  <testcase classname="ptolemy.util.test.junit.AutoTests" name="[62] /home/travis/build/icyphy/ptII/ptolemy/actor/lib/test/auto/Clock24.xml (RunModel)" time="0.015" />
  <testcase classname="ptolemy.util.test.junit.AutoTests" name="[63] /home/travis/build/icyphy/ptII/ptolemy/actor/lib/test/auto/Clock4.xml (RunModel)" time="0.018" />
  <testcase classname="ptolemy.util.test.junit.AutoTests" name="[64] /home/travis/build/icyphy/ptII/ptolemy/actor/lib/test/auto/Clock5.xml (RunModel)" time="0.013" />
  <testcase classname="ptolemy.util.test.junit.AutoTests" name="[65] /home/travis/build/icyphy/ptII/ptolemy/actor/lib/test/auto/Clock6.xml (RunModel)" time="0.02" />
  <testcase classname="ptolemy.util.test.junit.AutoTests" name="[66] /home/travis/build/icyphy/ptII/ptolemy/actor/lib/test/auto/Clock7.xml (RunModel)" time="0.011" />
  <testcase classname="ptolemy.util.test.junit.AutoTests" name="[67] /home/travis/build/icyphy/ptII/ptolemy/actor/lib/test/auto/Clock8.xml (RunModel)" time="0.012" />
  <testcase classname="ptolemy.util.test.junit.AutoTests" name="[68] /home/travis/build/icyphy/ptII/ptolemy/actor/lib/test/auto/Clock9.xml (RunModel)" time="0.017" />
  <testcase classname="ptolemy.util.test.junit.AutoTests" name="[69] /home/travis/build/icyphy/ptII/ptolemy/actor/lib/test/auto/CommDistDiscard.xml (RunModel)" time="0.025" />
  <testcase classname="ptolemy.util.test.junit.AutoTests" name="[70] /home/travis/build/icyphy/ptII/ptolemy/actor/lib/test/auto/Commutator.xml (RunModel)" time="0.015" />
  <testcase classname="ptolemy.util.test.junit.AutoTests" name="[71] /home/travis/build/icyphy/ptII/ptolemy/actor/lib/test/auto/Commutator2.xml (RunModel)" time="0.011" />
  <testcase classname="ptolemy.util.test.junit.AutoTests" name="[72] /home/travis/build/icyphy/ptII/ptolemy/actor/lib/test/auto/Commutator3.xml (RunModel)" time="0.012" />
  <testcase classname="ptolemy.util.test.junit.AutoTests" name="[73] /home/travis/build/icyphy/ptII/ptolemy/actor/lib/test/auto/Compare.xml (RunModel)" time="0.02" />
  <testcase classname="ptolemy.util.test.junit.AutoTests" name="[74] /home/travis/build/icyphy/ptII/ptolemy/actor/lib/test/auto/CompareDE.xml (RunModel)" time="0.019" />
  <testcase classname="ptolemy.util.test.junit.AutoTests" name="[75] /home/travis/build/icyphy/ptII/ptolemy/actor/lib/test/auto/ComplexDivide.xml (RunModel)" time="0.011" />
  <testcase classname="ptolemy.util.test.junit.AutoTests" name="[76] /home/travis/build/icyphy/ptII/ptolemy/actor/lib/test/auto/ComputeHistogram.xml (RunModel)" time="0.069" />
  <testcase classname="ptolemy.util.test.junit.AutoTests" name="[77] /home/travis/build/icyphy/ptII/ptolemy/actor/lib/test/auto/ConfigurationSelect.xml (RunModel)" time="0.022" />
  <testcase classname="ptolemy.util.test.junit.AutoTests" name="[78] /home/travis/build/icyphy/ptII/ptolemy/actor/lib/test/auto/ConfigurationSelect2.xml (RunModel)" time="0.015" />
  <testcase classname="ptolemy.util.test.junit.AutoTests" name="[79] /home/travis/build/icyphy/ptII/ptolemy/actor/lib/test/auto/ConfigurationSwitch.xml (RunModel)" time="0.026" />
  <testcase classname="ptolemy.util.test.junit.AutoTests" name="[80] /home/travis/build/icyphy/ptII/ptolemy/actor/lib/test/auto/ConfigurationSwitch2.xml (RunModel)" time="0.021" />
  <testcase classname="ptolemy.util.test.junit.AutoTests" name="[81] /home/travis/build/icyphy/ptII/ptolemy/actor/lib/test/auto/ConfigurationSwitchCloningBugWithClassRelationGroup.xml (RunModel)" time="0.024" />
  <testcase classname="ptolemy.util.test.junit.AutoTests" name="[82] /home/travis/build/icyphy/ptII/ptolemy/actor/lib/test/auto/ConfigurationSwitchSelectSDF.xml (RunModel)" time="0.019" />
  <testcase classname="ptolemy.util.test.junit.AutoTests" name="[83] /home/travis/build/icyphy/ptII/ptolemy/actor/lib/test/auto/ConfigurationSwitchSelectSDF2.xml (RunModel)" time="0.018" />
  <testcase classname="ptolemy.util.test.junit.AutoTests" name="[84] /home/travis/build/icyphy/ptII/ptolemy/actor/lib/test/auto/Const.xml (RunModel)" time="0.008" />
  <testcase classname="ptolemy.util.test.junit.AutoTests" name="[85] /home/travis/build/icyphy/ptII/ptolemy/actor/lib/test/auto/Const2.xml (RunModel)" time="0.012" />
  <testcase classname="ptolemy.util.test.junit.AutoTests" name="[86] /home/travis/build/icyphy/ptII/ptolemy/actor/lib/test/auto/Const3.xml (RunModel)" time="0.008" />
  <testcase classname="ptolemy.util.test.junit.AutoTests" name="[87] /home/travis/build/icyphy/ptII/ptolemy/actor/lib/test/auto/ConstantPublisherPort1.xml (RunModel)" time="0.027" />
  <testcase classname="ptolemy.util.test.junit.AutoTests" name="[88] /home/travis/build/icyphy/ptII/ptolemy/actor/lib/test/auto/ConstantPublisherPort2.xml (RunModel)" time="0.03" />
  <testcase classname="ptolemy.util.test.junit.AutoTests" name="[89] /home/travis/build/icyphy/ptII/ptolemy/actor/lib/test/auto/ConstantPublisherPort3.xml (RunModel)" time="0.036" />
  <testcase classname="ptolemy.util.test.junit.AutoTests" name="[90] /home/travis/build/icyphy/ptII/ptolemy/actor/lib/test/auto/ConstantPublisherPort4.xml (RunModel)" time="0.017" />
  <testcase classname="ptolemy.util.test.junit.AutoTests" name="[91] /home/travis/build/icyphy/ptII/ptolemy/actor/lib/test/auto/ConstantPublisherPort5.xml (RunModel)" time="0.048" />
  <testcase classname="ptolemy.util.test.junit.AutoTests" name="[92] /home/travis/build/icyphy/ptII/ptolemy/actor/lib/test/auto/ConstantPublisherPort6.xml (RunModel)" time="0.032" />
  <testcase classname="ptolemy.util.test.junit.AutoTests" name="[93] /home/travis/build/icyphy/ptII/ptolemy/actor/lib/test/auto/ConstantPublisherPort7.xml (RunModel)" time="0.033" />
  <testcase classname="ptolemy.util.test.junit.AutoTests" name="[94] /home/travis/build/icyphy/ptII/ptolemy/actor/lib/test/auto/ConstraintMonitor1.xml (RunModel)" time="0.049" />
  <testcase classname="ptolemy.util.test.junit.AutoTests" name="[95] /home/travis/build/icyphy/ptII/ptolemy/actor/lib/test/auto/ConstraintMonitor2.xml (RunModel)" time="0.013" />
  <testcase classname="ptolemy.util.test.junit.AutoTests" name="[96] /home/travis/build/icyphy/ptII/ptolemy/actor/lib/test/auto/ConstraintMonitor3.xml (RunModel)" time="0.015" />
  <testcase classname="ptolemy.util.test.junit.AutoTests" name="[97] /home/travis/build/icyphy/ptII/ptolemy/actor/lib/test/auto/ConstraintMonitor4.xml (RunModel)" time="0.012" />
  <testcase classname="ptolemy.util.test.junit.AutoTests" name="[98] /home/travis/build/icyphy/ptII/ptolemy/actor/lib/test/auto/ConstraintMonitor5.xml (RunModel)" time="0.014" />
  <testcase classname="ptolemy.util.test.junit.AutoTests" name="[99] /home/travis/build/icyphy/ptII/ptolemy/actor/lib/test/auto/ConstraintMonitor6.xml (RunModel)" time="0.018" />
  <testcase classname="ptolemy.util.test.junit.AutoTests" name="[100] /home/travis/build/icyphy/ptII/ptolemy/actor/lib/test/auto/ConstraintMonitor7.xml (RunModel)" time="0.018" />
  <testcase classname="ptolemy.util.test.junit.AutoTests" name="[101] /home/travis/build/icyphy/ptII/ptolemy/actor/lib/test/auto/ConstraintMonitor8.xml (RunModel)" time="0.018" />
  <testcase classname="ptolemy.util.test.junit.AutoTests" name="[102] /home/travis/build/icyphy/ptII/ptolemy/actor/lib/test/auto/Counter.xml (RunModel)" time="0.017" />
  <testcase classname="ptolemy.util.test.junit.AutoTests" name="[103] /home/travis/build/icyphy/ptII/ptolemy/actor/lib/test/auto/CurrentTimeSDF.xml (RunModel)" time="0.011" />
  <testcase classname="ptolemy.util.test.junit.AutoTests" name="[104] /home/travis/build/icyphy/ptII/ptolemy/actor/lib/test/auto/DB.xml (RunModel)" time="0.015" />
  <testcase classname="ptolemy.util.test.junit.AutoTests" name="[105] /home/travis/build/icyphy/ptII/ptolemy/actor/lib/test/auto/DBDE.xml (RunModel)" time="0.018" />
  <testcase classname="ptolemy.util.test.junit.AutoTests" name="[106] /home/travis/build/icyphy/ptII/ptolemy/actor/lib/test/auto/DateConstructor.xml (RunModel)" time="0.081" />
  <testcase classname="ptolemy.util.test.junit.AutoTests" name="[107] /home/travis/build/icyphy/ptII/ptolemy/actor/lib/test/auto/DelayTime.xml (RunModel)" time="0.022" />
  <testcase classname="ptolemy.util.test.junit.AutoTests" name="[108] /home/travis/build/icyphy/ptII/ptolemy/actor/lib/test/auto/Dictionary1.xml (RunModel)" time="0.024" />
  <testcase classname="ptolemy.util.test.junit.AutoTests" name="[109] /home/travis/build/icyphy/ptII/ptolemy/actor/lib/test/auto/Dictionary2.xml (RunModel)" time="0.022" />
  <testcase classname="ptolemy.util.test.junit.AutoTests" name="[110] /home/travis/build/icyphy/ptII/ptolemy/actor/lib/test/auto/Dictionary3.xml (RunModel)" time="0.013" />
  <testcase classname="ptolemy.util.test.junit.AutoTests" name="[111] /home/travis/build/icyphy/ptII/ptolemy/actor/lib/test/auto/Dictionary4.xml (RunModel)" time="0.019" />
  <testcase classname="ptolemy.util.test.junit.AutoTests" name="[112] /home/travis/build/icyphy/ptII/ptolemy/actor/lib/test/auto/Differential.xml (RunModel)" time="0.012" />
  <testcase classname="ptolemy.util.test.junit.AutoTests" name="[113] /home/travis/build/icyphy/ptII/ptolemy/actor/lib/test/auto/Director.xml (RunModel)" time="0.011" />
  <testcase classname="ptolemy.util.test.junit.AutoTests" name="[114] /home/travis/build/icyphy/ptII/ptolemy/actor/lib/test/auto/DiscreteClock.xml (RunModel)" time="0.008" />
  <testcase classname="ptolemy.util.test.junit.AutoTests" name="[115] /home/travis/build/icyphy/ptII/ptolemy/actor/lib/test/auto/DiscreteClock10.xml (RunModel)" time="0.017" />
  <testcase classname="ptolemy.util.test.junit.AutoTests" name="[116] /home/travis/build/icyphy/ptII/ptolemy/actor/lib/test/auto/DiscreteClock11.xml (RunModel)" time="0.014" />
  <testcase classname="ptolemy.util.test.junit.AutoTests" name="[117] /home/travis/build/icyphy/ptII/ptolemy/actor/lib/test/auto/DiscreteClock12.xml (RunModel)" time="0.013" />
  <testcase classname="ptolemy.util.test.junit.AutoTests" name="[118] /home/travis/build/icyphy/ptII/ptolemy/actor/lib/test/auto/DiscreteClock13.xml (RunModel)" time="0.012" />
  <testcase classname="ptolemy.util.test.junit.AutoTests" name="[119] /home/travis/build/icyphy/ptII/ptolemy/actor/lib/test/auto/DiscreteClock14.xml (RunModel)" time="0.016" />
  <testcase classname="ptolemy.util.test.junit.AutoTests" name="[120] /home/travis/build/icyphy/ptII/ptolemy/actor/lib/test/auto/DiscreteClock15.xml (RunModel)" time="0.012" />
  <testcase classname="ptolemy.util.test.junit.AutoTests" name="[121] /home/travis/build/icyphy/ptII/ptolemy/actor/lib/test/auto/DiscreteClock16.xml (RunModel)" time="0.045" />
  <testcase classname="ptolemy.util.test.junit.AutoTests" name="[122] /home/travis/build/icyphy/ptII/ptolemy/actor/lib/test/auto/DiscreteClock17.xml (RunModel)" time="0.038" />
  <testcase classname="ptolemy.util.test.junit.AutoTests" name="[123] /home/travis/build/icyphy/ptII/ptolemy/actor/lib/test/auto/DiscreteClock18.xml (RunModel)" time="0.044" />
  <testcase classname="ptolemy.util.test.junit.AutoTests" name="[124] /home/travis/build/icyphy/ptII/ptolemy/actor/lib/test/auto/DiscreteClock19.xml (RunModel)" time="0.044" />
  <testcase classname="ptolemy.util.test.junit.AutoTests" name="[125] /home/travis/build/icyphy/ptII/ptolemy/actor/lib/test/auto/DiscreteClock2.xml (RunModel)" time="0.01" />
  <testcase classname="ptolemy.util.test.junit.AutoTests" name="[126] /home/travis/build/icyphy/ptII/ptolemy/actor/lib/test/auto/DiscreteClock20.xml (RunModel)" time="0.018" />
  <testcase classname="ptolemy.util.test.junit.AutoTests" name="[127] /home/travis/build/icyphy/ptII/ptolemy/actor/lib/test/auto/DiscreteClock21.xml (RunModel)" time="0.018" />
  <testcase classname="ptolemy.util.test.junit.AutoTests" name="[128] /home/travis/build/icyphy/ptII/ptolemy/actor/lib/test/auto/DiscreteClock22.xml (RunModel)" time="0.013" />
  <testcase classname="ptolemy.util.test.junit.AutoTests" name="[129] /home/travis/build/icyphy/ptII/ptolemy/actor/lib/test/auto/DiscreteClock23.xml (RunModel)" time="0.022" />
  <testcase classname="ptolemy.util.test.junit.AutoTests" name="[130] /home/travis/build/icyphy/ptII/ptolemy/actor/lib/test/auto/DiscreteClock24.xml (RunModel)" time="0.013" />
  <testcase classname="ptolemy.util.test.junit.AutoTests" name="[131] /home/travis/build/icyphy/ptII/ptolemy/actor/lib/test/auto/DiscreteClock4.xml (RunModel)" time="0.012" />
  <testcase classname="ptolemy.util.test.junit.AutoTests" name="[132] /home/travis/build/icyphy/ptII/ptolemy/actor/lib/test/auto/DiscreteClock5.xml (RunModel)" time="0.012" />
  <testcase classname="ptolemy.util.test.junit.AutoTests" name="[133] /home/travis/build/icyphy/ptII/ptolemy/actor/lib/test/auto/DiscreteClock6.xml (RunModel)" time="0.01" />
  <testcase classname="ptolemy.util.test.junit.AutoTests" name="[134] /home/travis/build/icyphy/ptII/ptolemy/actor/lib/test/auto/DiscreteClock7.xml (RunModel)" time="0.01" />
  <testcase classname="ptolemy.util.test.junit.AutoTests" name="[135] /home/travis/build/icyphy/ptII/ptolemy/actor/lib/test/auto/DiscreteClock8.xml (RunModel)" time="0.011" />
  <testcase classname="ptolemy.util.test.junit.AutoTests" name="[136] /home/travis/build/icyphy/ptII/ptolemy/actor/lib/test/auto/DiscreteClock9.xml (RunModel)" time="0.012" />
  <testcase classname="ptolemy.util.test.junit.AutoTests" name="[137] /home/travis/build/icyphy/ptII/ptolemy/actor/lib/test/auto/DisplayArray.xml (RunModel)" time="0.022" />
  <testcase classname="ptolemy.util.test.junit.AutoTests" name="[138] /home/travis/build/icyphy/ptII/ptolemy/actor/lib/test/auto/Distributor.xml (RunModel)" time="0.01" />
  <testcase classname="ptolemy.util.test.junit.AutoTests" name="[139] /home/travis/build/icyphy/ptII/ptolemy/actor/lib/test/auto/Distributor2.xml (RunModel)" time="0.009" />
  <testcase classname="ptolemy.util.test.junit.AutoTests" name="[140] /home/travis/build/icyphy/ptII/ptolemy/actor/lib/test/auto/DownSample.xml (RunModel)" time="0.01" />
  <testcase classname="ptolemy.util.test.junit.AutoTests" name="[141] /home/travis/build/icyphy/ptII/ptolemy/actor/lib/test/auto/ElectronicUnitBase1.xml (RunModel)" time="0.069" />
  <testcase classname="ptolemy.util.test.junit.AutoTests" name="[142] /home/travis/build/icyphy/ptII/ptolemy/actor/lib/test/auto/ElementsToArray.xml (RunModel)" time="0.01" />
  <testcase classname="ptolemy.util.test.junit.AutoTests" name="[143] /home/travis/build/icyphy/ptII/ptolemy/actor/lib/test/auto/Equals.xml (RunModel)" time="0.014" />
  <testcase classname="ptolemy.util.test.junit.AutoTests" name="[144] /home/travis/build/icyphy/ptII/ptolemy/actor/lib/test/auto/Exec.xml (RunModel)" time="0.023" />
  <testcase classname="ptolemy.util.test.junit.AutoTests" name="[145] /home/travis/build/icyphy/ptII/ptolemy/actor/lib/test/auto/ExecEnvironment.xml (RunModel)" time="0.043" />
  <testcase classname="ptolemy.util.test.junit.AutoTests" name="[146] /home/travis/build/icyphy/ptII/ptolemy/actor/lib/test/auto/ExecNonZeroReturnOutput.xml (RunModel)" time="0.182" />
  <testcase classname="ptolemy.util.test.junit.AutoTests" name="[147] /home/travis/build/icyphy/ptII/ptolemy/actor/lib/test/auto/ExecRunDemos.xml (RunModel)" time="11.022" />
  <testcase classname="ptolemy.util.test.junit.AutoTests" name="[148] /home/travis/build/icyphy/ptII/ptolemy/actor/lib/test/auto/ExecStop.xml (RunModel)" time="5.04" />
  <testcase classname="ptolemy.util.test.junit.AutoTests" name="[149] /home/travis/build/icyphy/ptII/ptolemy/actor/lib/test/auto/ExecutionTimeSDF.xml (RunModel)" time="6.04" />
  <testcase classname="ptolemy.util.test.junit.AutoTests" name="[150] /home/travis/build/icyphy/ptII/ptolemy/actor/lib/test/auto/Expression1.xml (RunModel)" time="0.008" />
  <testcase classname="ptolemy.util.test.junit.AutoTests" name="[151] /home/travis/build/icyphy/ptII/ptolemy/actor/lib/test/auto/Expression10.xml (RunModel)" time="0.03" />
  <testcase classname="ptolemy.util.test.junit.AutoTests" name="[152] /home/travis/build/icyphy/ptII/ptolemy/actor/lib/test/auto/Expression11.xml (RunModel)" time="0.015" />
  <testcase classname="ptolemy.util.test.junit.AutoTests" name="[153] /home/travis/build/icyphy/ptII/ptolemy/actor/lib/test/auto/Expression12.xml (RunModel)" time="0.013" />
  <testcase classname="ptolemy.util.test.junit.AutoTests" name="[154] /home/travis/build/icyphy/ptII/ptolemy/actor/lib/test/auto/Expression13.xml (RunModel)" time="0.012" />
  <testcase classname="ptolemy.util.test.junit.AutoTests" name="[155] /home/travis/build/icyphy/ptII/ptolemy/actor/lib/test/auto/Expression14.xml (RunModel)" time="0.016" />
  <testcase classname="ptolemy.util.test.junit.AutoTests" name="[156] /home/travis/build/icyphy/ptII/ptolemy/actor/lib/test/auto/Expression15.xml (RunModel)" time="0.008" />
  <testcase classname="ptolemy.util.test.junit.AutoTests" name="[157] /home/travis/build/icyphy/ptII/ptolemy/actor/lib/test/auto/Expression16.xml (RunModel)" time="0.019" />
  <testcase classname="ptolemy.util.test.junit.AutoTests" name="[158] /home/travis/build/icyphy/ptII/ptolemy/actor/lib/test/auto/Expression17.xml (RunModel)" time="0.011" />
  <testcase classname="ptolemy.util.test.junit.AutoTests" name="[159] /home/travis/build/icyphy/ptII/ptolemy/actor/lib/test/auto/Expression18.xml (RunModel)" time="0.014" />
  <testcase classname="ptolemy.util.test.junit.AutoTests" name="[160] /home/travis/build/icyphy/ptII/ptolemy/actor/lib/test/auto/Expression2.xml (RunModel)" time="0.014" />
  <testcase classname="ptolemy.util.test.junit.AutoTests" name="[161] /home/travis/build/icyphy/ptII/ptolemy/actor/lib/test/auto/Expression3.xml (RunModel)" time="0.014" />
  <testcase classname="ptolemy.util.test.junit.AutoTests" name="[162] /home/travis/build/icyphy/ptII/ptolemy/actor/lib/test/auto/Expression4.xml (RunModel)" time="0.022" />
  <testcase classname="ptolemy.util.test.junit.AutoTests" name="[163] /home/travis/build/icyphy/ptII/ptolemy/actor/lib/test/auto/Expression5.xml (RunModel)" time="0.012" />
  <testcase classname="ptolemy.util.test.junit.AutoTests" name="[164] /home/travis/build/icyphy/ptII/ptolemy/actor/lib/test/auto/Expression6.xml (RunModel)" time="0.01" />
  <testcase classname="ptolemy.util.test.junit.AutoTests" name="[165] /home/travis/build/icyphy/ptII/ptolemy/actor/lib/test/auto/Expression7.xml (RunModel)" time="0.013" />
  <testcase classname="ptolemy.util.test.junit.AutoTests" name="[166] /home/travis/build/icyphy/ptII/ptolemy/actor/lib/test/auto/Expression8.xml (RunModel)" time="0.016" />
  <testcase classname="ptolemy.util.test.junit.AutoTests" name="[167] /home/travis/build/icyphy/ptII/ptolemy/actor/lib/test/auto/Expression9.xml (RunModel)" time="0.008" />
  <testcase classname="ptolemy.util.test.junit.AutoTests" name="[168] /home/travis/build/icyphy/ptII/ptolemy/actor/lib/test/auto/ExpressionConcatenateArrayType.xml (RunModel)" time="0.032" />
  <testcase classname="ptolemy.util.test.junit.AutoTests" name="[169] /home/travis/build/icyphy/ptII/ptolemy/actor/lib/test/auto/ExpressionConcatenateArrayType2.xml (RunModel)" time="0.023" />
  <testcase classname="ptolemy.util.test.junit.AutoTests" name="[170] /home/travis/build/icyphy/ptII/ptolemy/actor/lib/test/auto/ExpressionFix.xml (RunModel)" time="0.047" />
  <testcase classname="ptolemy.util.test.junit.AutoTests" name="[171] /home/travis/build/icyphy/ptII/ptolemy/actor/lib/test/auto/ExpressionFix2.xml (RunModel)" time="0.016" />
  <testcase classname="ptolemy.util.test.junit.AutoTests" name="[172] /home/travis/build/icyphy/ptII/ptolemy/actor/lib/test/auto/ExpressionFix3.xml (RunModel)" time="0.014" />
  <testcase classname="ptolemy.util.test.junit.AutoTests" name="[173] /home/travis/build/icyphy/ptII/ptolemy/actor/lib/test/auto/FileWriter1.xml (RunModel)" time="0.01" />
  <testcase classname="ptolemy.util.test.junit.AutoTests" name="[174] /home/travis/build/icyphy/ptII/ptolemy/actor/lib/test/auto/FileWriter2.xml (RunModel)" time="0.011" />
  <testcase classname="ptolemy.util.test.junit.AutoTests" name="[175] /home/travis/build/icyphy/ptII/ptolemy/actor/lib/test/auto/FileWriter3.xml (RunModel)" time="0.014" />
  <testcase classname="ptolemy.util.test.junit.AutoTests" name="[176] /home/travis/build/icyphy/ptII/ptolemy/actor/lib/test/auto/Gaussian.xml (RunModel)" time="0.012" />
  <testcase classname="ptolemy.util.test.junit.AutoTests" name="[177] /home/travis/build/icyphy/ptII/ptolemy/actor/lib/test/auto/Gaussian1.xml (RunModel)" time="0.013" />
  <testcase classname="ptolemy.util.test.junit.AutoTests" name="[178] /home/travis/build/icyphy/ptII/ptolemy/actor/lib/test/auto/Gaussian2.xml (RunModel)" time="0.025" />
  <testcase classname="ptolemy.util.test.junit.AutoTests" name="[179] /home/travis/build/icyphy/ptII/ptolemy/actor/lib/test/auto/GradientAdaptiveLattice.xml (RunModel)" time="0.02" />
  <testcase classname="ptolemy.util.test.junit.AutoTests" name="[180] /home/travis/build/icyphy/ptII/ptolemy/actor/lib/test/auto/IIR.xml (RunModel)" time="0.011" />
  <testcase classname="ptolemy.util.test.junit.AutoTests" name="[181] /home/travis/build/icyphy/ptII/ptolemy/actor/lib/test/auto/InputOutputTransparentPorts.xml (RunModel)" time="0.02" />
  <testcase classname="ptolemy.util.test.junit.AutoTests" name="[182] /home/travis/build/icyphy/ptII/ptolemy/actor/lib/test/auto/Interpolator.xml (RunModel)" time="0.014" />
  <testcase classname="ptolemy.util.test.junit.AutoTests" name="[183] /home/travis/build/icyphy/ptII/ptolemy/actor/lib/test/auto/InterpolatorFiringLimitDE.xml (RunModel)" time="0.015" />
  <testcase classname="ptolemy.util.test.junit.AutoTests" name="[184] /home/travis/build/icyphy/ptII/ptolemy/actor/lib/test/auto/Lattice.xml (RunModel)" time="0.009" />
  <testcase classname="ptolemy.util.test.junit.AutoTests" name="[185] /home/travis/build/icyphy/ptII/ptolemy/actor/lib/test/auto/LazyAOCTestLazy.xml (RunModel)" time="0.034" />
  <testcase classname="ptolemy.util.test.junit.AutoTests" name="[186] /home/travis/build/icyphy/ptII/ptolemy/actor/lib/test/auto/LazyAOCTestNonLazy.xml (RunModel)" time="0.047" />
  <testcase classname="ptolemy.util.test.junit.AutoTests" name="[187] /home/travis/build/icyphy/ptII/ptolemy/actor/lib/test/auto/LazyInnerClass.xml (RunModel)" time="0.054" />
  <testcase classname="ptolemy.util.test.junit.AutoTests" name="[188] /home/travis/build/icyphy/ptII/ptolemy/actor/lib/test/auto/LazyPubSub.xml (RunModel)" time="0.073" />
  <testcase classname="ptolemy.util.test.junit.AutoTests" name="[189] /home/travis/build/icyphy/ptII/ptolemy/actor/lib/test/auto/LazyPubSub2.xml (RunModel)" time="0.035" />
  <testcase classname="ptolemy.util.test.junit.AutoTests" name="[190] /home/travis/build/icyphy/ptII/ptolemy/actor/lib/test/auto/LazyPubSub3.xml (RunModel)" time="0.031" />
  <testcase classname="ptolemy.util.test.junit.AutoTests" name="[191] /home/travis/build/icyphy/ptII/ptolemy/actor/lib/test/auto/LazySubClassModel.xml (RunModel)" time="0.035" />
  <testcase classname="ptolemy.util.test.junit.AutoTests" name="[192] /home/travis/build/icyphy/ptII/ptolemy/actor/lib/test/auto/LevelCrossTest1.xml (RunModel)" time="0.012" />
  <testcase classname="ptolemy.util.test.junit.AutoTests" name="[193] /home/travis/build/icyphy/ptII/ptolemy/actor/lib/test/auto/LevelCrossTest10.xml (RunModel)" time="0.016" />
  <testcase classname="ptolemy.util.test.junit.AutoTests" name="[194] /home/travis/build/icyphy/ptII/ptolemy/actor/lib/test/auto/LevelCrossTest11.xml (RunModel)" time="0.019" />
  <testcase classname="ptolemy.util.test.junit.AutoTests" name="[195] /home/travis/build/icyphy/ptII/ptolemy/actor/lib/test/auto/LevelCrossTest12.xml (RunModel)" time="0.018" />
  <testcase classname="ptolemy.util.test.junit.AutoTests" name="[196] /home/travis/build/icyphy/ptII/ptolemy/actor/lib/test/auto/LevelCrossTest13.xml (RunModel)" time="0.016" />
  <testcase classname="ptolemy.util.test.junit.AutoTests" name="[197] /home/travis/build/icyphy/ptII/ptolemy/actor/lib/test/auto/LevelCrossTest2.xml (RunModel)" time="0.012" />
  <testcase classname="ptolemy.util.test.junit.AutoTests" name="[198] /home/travis/build/icyphy/ptII/ptolemy/actor/lib/test/auto/LevelCrossTest3.xml (RunModel)" time="0.013" />
  <testcase classname="ptolemy.util.test.junit.AutoTests" name="[199] /home/travis/build/icyphy/ptII/ptolemy/actor/lib/test/auto/LevelCrossTest4.xml (RunModel)" time="0.012" />
  <testcase classname="ptolemy.util.test.junit.AutoTests" name="[200] /home/travis/build/icyphy/ptII/ptolemy/actor/lib/test/auto/LevelCrossTest5.xml (RunModel)" time="0.018" />
  <testcase classname="ptolemy.util.test.junit.AutoTests" name="[201] /home/travis/build/icyphy/ptII/ptolemy/actor/lib/test/auto/LevelCrossTest6.xml (RunModel)" time="0.014" />
  <testcase classname="ptolemy.util.test.junit.AutoTests" name="[202] /home/travis/build/icyphy/ptII/ptolemy/actor/lib/test/auto/LevelCrossTest7.xml (RunModel)" time="0.019" />
  <testcase classname="ptolemy.util.test.junit.AutoTests" name="[203] /home/travis/build/icyphy/ptII/ptolemy/actor/lib/test/auto/LevelCrossTest8.xml (RunModel)" time="0.014" />
  <testcase classname="ptolemy.util.test.junit.AutoTests" name="[204] /home/travis/build/icyphy/ptII/ptolemy/actor/lib/test/auto/LevelCrossTest9.xml (RunModel)" time="0.023" />
  <testcase classname="ptolemy.util.test.junit.AutoTests" name="[205] /home/travis/build/icyphy/ptII/ptolemy/actor/lib/test/auto/LevinsonDurbin.xml (RunModel)" time="0.019" />
  <testcase classname="ptolemy.util.test.junit.AutoTests" name="[206] /home/travis/build/icyphy/ptII/ptolemy/actor/lib/test/auto/LevinsonDurbin2.xml (RunModel)" time="0.009" />
  <testcase classname="ptolemy.util.test.junit.AutoTests" name="[207] /home/travis/build/icyphy/ptII/ptolemy/actor/lib/test/auto/LevinsonDurbin3.xml (RunModel)" time="0.014" />
  <testcase classname="ptolemy.util.test.junit.AutoTests" name="[208] /home/travis/build/icyphy/ptII/ptolemy/actor/lib/test/auto/Limiter.xml (RunModel)" time="0.039" />
  <testcase classname="ptolemy.util.test.junit.AutoTests" name="[209] /home/travis/build/icyphy/ptII/ptolemy/actor/lib/test/auto/LinearDifferenceEquationSystem.xml (RunModel)" time="0.023" />
  <testcase classname="ptolemy.util.test.junit.AutoTests" name="[210] /home/travis/build/icyphy/ptII/ptolemy/actor/lib/test/auto/LookupTable.xml (RunModel)" time="0.012" />
  <testcase classname="ptolemy.util.test.junit.AutoTests" name="[211] /home/travis/build/icyphy/ptII/ptolemy/actor/lib/test/auto/MathFunction.xml (RunModel)" time="0.02" />
  <testcase classname="ptolemy.util.test.junit.AutoTests" name="[212] /home/travis/build/icyphy/ptII/ptolemy/actor/lib/test/auto/MathFunction2.xml (RunModel)" time="0.011" />
  <testcase classname="ptolemy.util.test.junit.AutoTests" name="[213] /home/travis/build/icyphy/ptII/ptolemy/actor/lib/test/auto/MathFunction3.xml (RunModel)" time="0.018" />
  <testcase classname="ptolemy.util.test.junit.AutoTests" name="[214] /home/travis/build/icyphy/ptII/ptolemy/actor/lib/test/auto/MatrixCropBoolean.xml (RunModel)" time="0.014" />
  <testcase classname="ptolemy.util.test.junit.AutoTests" name="[215] /home/travis/build/icyphy/ptII/ptolemy/actor/lib/test/auto/MatrixCropComplex.xml (RunModel)" time="0.009" />
  <testcase classname="ptolemy.util.test.junit.AutoTests" name="[216] /home/travis/build/icyphy/ptII/ptolemy/actor/lib/test/auto/MatrixCropDouble.xml (RunModel)" time="0.012" />
  <testcase classname="ptolemy.util.test.junit.AutoTests" name="[217] /home/travis/build/icyphy/ptII/ptolemy/actor/lib/test/auto/MatrixCropFix.xml (RunModel)" time="0.016" />
  <testcase classname="ptolemy.util.test.junit.AutoTests" name="[218] /home/travis/build/icyphy/ptII/ptolemy/actor/lib/test/auto/MatrixCropInt.xml (RunModel)" time="0.01" />
  <testcase classname="ptolemy.util.test.junit.AutoTests" name="[219] /home/travis/build/icyphy/ptII/ptolemy/actor/lib/test/auto/MatrixCropLong.xml (RunModel)" time="0.01" />
  <testcase classname="ptolemy.util.test.junit.AutoTests" name="[220] /home/travis/build/icyphy/ptII/ptolemy/actor/lib/test/auto/MatrixToArray.xml (RunModel)" time="0.056" />
  <testcase classname="ptolemy.util.test.junit.AutoTests" name="[221] /home/travis/build/icyphy/ptII/ptolemy/actor/lib/test/auto/MaxIndex.xml (RunModel)" time="0.014" />
  <testcase classname="ptolemy.util.test.junit.AutoTests" name="[222] /home/travis/build/icyphy/ptII/ptolemy/actor/lib/test/auto/Maximum.xml (RunModel)" time="0.014" />
  <testcase classname="ptolemy.util.test.junit.AutoTests" name="[223] /home/travis/build/icyphy/ptII/ptolemy/actor/lib/test/auto/MaximumComplex.xml (RunModel)" time="0.017" />
  <testcase classname="ptolemy.util.test.junit.AutoTests" name="[224] /home/travis/build/icyphy/ptII/ptolemy/actor/lib/test/auto/MethodCallTest.xml (RunModel)" time="0.024" />
  <testcase classname="ptolemy.util.test.junit.AutoTests" name="[225] /home/travis/build/icyphy/ptII/ptolemy/actor/lib/test/auto/Minimum.xml (RunModel)" time="0.017" />
  <testcase classname="ptolemy.util.test.junit.AutoTests" name="[226] /home/travis/build/icyphy/ptII/ptolemy/actor/lib/test/auto/MinimumComplex.xml (RunModel)" time="0.031" />
  <testcase classname="ptolemy.util.test.junit.AutoTests" name="[227] /home/travis/build/icyphy/ptII/ptolemy/actor/lib/test/auto/MinimumMultiports.xml (RunModel)" time="0.018" />
  <testcase classname="ptolemy.util.test.junit.AutoTests" name="[228] /home/travis/build/icyphy/ptII/ptolemy/actor/lib/test/auto/ModifyDate.xml (RunModel)" time="0.052" />
  <testcase classname="ptolemy.util.test.junit.AutoTests" name="[229] /home/travis/build/icyphy/ptII/ptolemy/actor/lib/test/auto/ModifyDate2.xml (RunModel)" time="0.024" />
  <testcase classname="ptolemy.util.test.junit.AutoTests" name="[230] /home/travis/build/icyphy/ptII/ptolemy/actor/lib/test/auto/MovingAverage.xml (RunModel)" time="0.011" />
  <testcase classname="ptolemy.util.test.junit.AutoTests" name="[231] /home/travis/build/icyphy/ptII/ptolemy/actor/lib/test/auto/MovingMaximum.xml (RunModel)" time="0.011" />
  <testcase classname="ptolemy.util.test.junit.AutoTests" name="[232] /home/travis/build/icyphy/ptII/ptolemy/actor/lib/test/auto/MultipleLinksToSameRelation.xml (RunModel)" time="0.008" />
  <testcase classname="ptolemy.util.test.junit.AutoTests" name="[233] /home/travis/build/icyphy/ptII/ptolemy/actor/lib/test/auto/MultipleLinksToSameRelationDE.xml (RunModel)" time="0.016" />
  <testcase classname="ptolemy.util.test.junit.AutoTests" name="[234] /home/travis/build/icyphy/ptII/ptolemy/actor/lib/test/auto/Multiplexor.xml (RunModel)" time="0.015" />
  <testcase classname="ptolemy.util.test.junit.AutoTests" name="[235] /home/travis/build/icyphy/ptII/ptolemy/actor/lib/test/auto/Multiplexor1.xml (RunModel)" time="0.013" />
  <testcase classname="ptolemy.util.test.junit.AutoTests" name="[236] /home/travis/build/icyphy/ptII/ptolemy/actor/lib/test/auto/Multiplexor2.xml (RunModel)" time="0.014" />
  <testcase classname="ptolemy.util.test.junit.AutoTests" name="[237] /home/travis/build/icyphy/ptII/ptolemy/actor/lib/test/auto/Multiplexor3.xml (RunModel)" time="0.009" />
  <testcase classname="ptolemy.util.test.junit.AutoTests" name="[238] /home/travis/build/icyphy/ptII/ptolemy/actor/lib/test/auto/MultiplexorDE.xml (RunModel)" time="0.018" />
  <testcase classname="ptolemy.util.test.junit.AutoTests" name="[239] /home/travis/build/icyphy/ptII/ptolemy/actor/lib/test/auto/MultiportBroadcastTest.xml (RunModel)" time="0.096" />
  <testcase classname="ptolemy.util.test.junit.AutoTests" name="[240] /home/travis/build/icyphy/ptII/ptolemy/actor/lib/test/auto/MultiportOutHangDuringGetWidth.xml (RunModel)" time="0.037" />
  <testcase classname="ptolemy.util.test.junit.AutoTests" name="[241] /home/travis/build/icyphy/ptII/ptolemy/actor/lib/test/auto/NilToken.xml (RunModel)" time="0.008" />
  <testcase classname="ptolemy.util.test.junit.AutoTests" name="[242] /home/travis/build/icyphy/ptII/ptolemy/actor/lib/test/auto/NilTokenNonStrictTest.xml (RunModel)" time="0.01" />
  <testcase classname="ptolemy.util.test.junit.AutoTests" name="[243] /home/travis/build/icyphy/ptII/ptolemy/actor/lib/test/auto/NilTokenRecord.xml (RunModel)" time="0.019" />
  <testcase classname="ptolemy.util.test.junit.AutoTests" name="[244] /home/travis/build/icyphy/ptII/ptolemy/actor/lib/test/auto/NilTokenTypeTest.xml (RunModel)" time="0.041" />
  <testcase classname="ptolemy.util.test.junit.AutoTests" name="[245] /home/travis/build/icyphy/ptII/ptolemy/actor/lib/test/auto/ObjectToken1.xml (RunModel)" time="0.013" />
  <testcase classname="ptolemy.util.test.junit.AutoTests" name="[246] /home/travis/build/icyphy/ptII/ptolemy/actor/lib/test/auto/OrderedMerge.xml (RunModel)" time="0.027" />
  <testcase classname="ptolemy.util.test.junit.AutoTests" name="[247] /home/travis/build/icyphy/ptII/ptolemy/actor/lib/test/auto/OrderedRecordDisassembler.xml (RunModel)" time="0.019" />
  <testcase classname="ptolemy.util.test.junit.AutoTests" name="[248] /home/travis/build/icyphy/ptII/ptolemy/actor/lib/test/auto/OrderedRecordDisassembler2.xml (RunModel)" time="0.019" />
  <testcase classname="ptolemy.util.test.junit.AutoTests" name="[249] /home/travis/build/icyphy/ptII/ptolemy/actor/lib/test/auto/OrderedRecordUpdater.xml (RunModel)" time="0.011" />
  <testcase classname="ptolemy.util.test.junit.AutoTests" name="[250] /home/travis/build/icyphy/ptII/ptolemy/actor/lib/test/auto/OrderedRecordUpdater2.xml (RunModel)" time="0.019" />
  <testcase classname="ptolemy.util.test.junit.AutoTests" name="[251] /home/travis/build/icyphy/ptII/ptolemy/actor/lib/test/auto/PhaseUnwrap.xml (RunModel)" time="0.012" />
  <testcase classname="ptolemy.util.test.junit.AutoTests" name="[252] /home/travis/build/icyphy/ptII/ptolemy/actor/lib/test/auto/PoissonClock.xml (RunModel)" time="0.012" />
  <testcase classname="ptolemy.util.test.junit.AutoTests" name="[253] /home/travis/build/icyphy/ptII/ptolemy/actor/lib/test/auto/PoissonClock2.xml (RunModel)" time="0.009" />
  <testcase classname="ptolemy.util.test.junit.AutoTests" name="[254] /home/travis/build/icyphy/ptII/ptolemy/actor/lib/test/auto/PoissonClock3.xml (RunModel)" time="0.024" />
  <testcase classname="ptolemy.util.test.junit.AutoTests" name="[255] /home/travis/build/icyphy/ptII/ptolemy/actor/lib/test/auto/PubSubWithInitialTokens.xml (RunModel)" time="0.019" />
  <testcase classname="ptolemy.util.test.junit.AutoTests" name="[256] /home/travis/build/icyphy/ptII/ptolemy/actor/lib/test/auto/PubSubWithInitialTokens2.xml (RunModel)" time="0.012" />
  <testcase classname="ptolemy.util.test.junit.AutoTests" name="[257] /home/travis/build/icyphy/ptII/ptolemy/actor/lib/test/auto/PublisherClassNoParameter.xml (RunModel)" time="0.026" />
  <testcase classname="ptolemy.util.test.junit.AutoTests" name="[258] /home/travis/build/icyphy/ptII/ptolemy/actor/lib/test/auto/PublisherClassParameter.xml (RunModel)" time="0.024" />
  <testcase classname="ptolemy.util.test.junit.AutoTests" name="[259] /home/travis/build/icyphy/ptII/ptolemy/actor/lib/test/auto/PublisherNonStrictTest.xml (RunModel)" time="0.015" />
  <testcase classname="ptolemy.util.test.junit.AutoTests" name="[260] /home/travis/build/icyphy/ptII/ptolemy/actor/lib/test/auto/PublisherPort1.xml (RunModel)" time="0.021" />
  <testcase classname="ptolemy.util.test.junit.AutoTests" name="[261] /home/travis/build/icyphy/ptII/ptolemy/actor/lib/test/auto/PublisherPort2.xml (RunModel)" time="0.01" />
  <testcase classname="ptolemy.util.test.junit.AutoTests" name="[262] /home/travis/build/icyphy/ptII/ptolemy/actor/lib/test/auto/PublisherPort3.xml (RunModel)" time="0.014" />
  <testcase classname="ptolemy.util.test.junit.AutoTests" name="[263] /home/travis/build/icyphy/ptII/ptolemy/actor/lib/test/auto/PublisherPort4.xml (RunModel)" time="0.013" />
  <testcase classname="ptolemy.util.test.junit.AutoTests" name="[264] /home/travis/build/icyphy/ptII/ptolemy/actor/lib/test/auto/PublisherPort5.xml (RunModel)" time="0.015" />
  <testcase classname="ptolemy.util.test.junit.AutoTests" name="[265] /home/travis/build/icyphy/ptII/ptolemy/actor/lib/test/auto/PublisherPort5LookAlike.xml (RunModel)" time="0.021" />
  <testcase classname="ptolemy.util.test.junit.AutoTests" name="[266] /home/travis/build/icyphy/ptII/ptolemy/actor/lib/test/auto/PublisherPort6.xml (RunModel)" time="0.013" />
  <testcase classname="ptolemy.util.test.junit.AutoTests" name="[267] /home/travis/build/icyphy/ptII/ptolemy/actor/lib/test/auto/PublisherPort7.xml (RunModel)" time="0.017" />
  <testcase classname="ptolemy.util.test.junit.AutoTests" name="[268] /home/travis/build/icyphy/ptII/ptolemy/actor/lib/test/auto/PublisherPort8.xml (RunModel)" time="0.016" />
  <testcase classname="ptolemy.util.test.junit.AutoTests" name="[269] /home/travis/build/icyphy/ptII/ptolemy/actor/lib/test/auto/PublisherPortSubscriberChannelVariablesAOC2.xml (RunModel)" time="0.039" />
  <testcase classname="ptolemy.util.test.junit.AutoTests" name="[270] /home/travis/build/icyphy/ptII/ptolemy/actor/lib/test/auto/PublisherPortSubscriberOpaqueWidthInference.xml (RunModel)" time="0.015" />
  <testcase classname="ptolemy.util.test.junit.AutoTests" name="[271] /home/travis/build/icyphy/ptII/ptolemy/actor/lib/test/auto/PublisherPortSubscriberPortAdjacent.xml (RunModel)" time="0.02" />
  <testcase classname="ptolemy.util.test.junit.AutoTests" name="[272] /home/travis/build/icyphy/ptII/ptolemy/actor/lib/test/auto/PublisherPortSubscriberPortExpression.xml (RunModel)" time="0.016" />
  <testcase classname="ptolemy.util.test.junit.AutoTests" name="[273] /home/travis/build/icyphy/ptII/ptolemy/actor/lib/test/auto/PublisherPortSubscriberPortOpaqueD3Reverse.xml (RunModel)" time="0.021" />
  <testcase classname="ptolemy.util.test.junit.AutoTests" name="[274] /home/travis/build/icyphy/ptII/ptolemy/actor/lib/test/auto/PublisherPortSubscriberPortOpaqueWidthInference.xml (RunModel)" time="0.016" />
  <testcase classname="ptolemy.util.test.junit.AutoTests" name="[275] /home/travis/build/icyphy/ptII/ptolemy/actor/lib/test/auto/PublisherPortToplevelSubscriberPortAOC.xml (RunModel)" time="0.011" />
  <testcase classname="ptolemy.util.test.junit.AutoTests" name="[276] /home/travis/build/icyphy/ptII/ptolemy/actor/lib/test/auto/PublisherSubscriber.xml (RunModel)" time="0.015" />
  <testcase classname="ptolemy.util.test.junit.AutoTests" name="[277] /home/travis/build/icyphy/ptII/ptolemy/actor/lib/test/auto/PublisherSubscriber10.xml (RunModel)" time="0.02" />
  <testcase classname="ptolemy.util.test.junit.AutoTests" name="[278] /home/travis/build/icyphy/ptII/ptolemy/actor/lib/test/auto/PublisherSubscriber10InitialOutputs.xml (RunModel)" time="0.03" />
  <testcase classname="ptolemy.util.test.junit.AutoTests" name="[279] /home/travis/build/icyphy/ptII/ptolemy/actor/lib/test/auto/PublisherSubscriber11.xml (RunModel)" time="0.024" />
  <testcase classname="ptolemy.util.test.junit.AutoTests" name="[280] /home/travis/build/icyphy/ptII/ptolemy/actor/lib/test/auto/PublisherSubscriber12.xml (RunModel)" time="0.014" />
  <testcase classname="ptolemy.util.test.junit.AutoTests" name="[281] /home/travis/build/icyphy/ptII/ptolemy/actor/lib/test/auto/PublisherSubscriber13.xml (RunModel)" time="0.009" />
  <testcase classname="ptolemy.util.test.junit.AutoTests" name="[282] /home/travis/build/icyphy/ptII/ptolemy/actor/lib/test/auto/PublisherSubscriber14.xml (RunModel)" time="0.019" />
  <testcase classname="ptolemy.util.test.junit.AutoTests" name="[283] /home/travis/build/icyphy/ptII/ptolemy/actor/lib/test/auto/PublisherSubscriber2.xml (RunModel)" time="0.011" />
  <testcase classname="ptolemy.util.test.junit.AutoTests" name="[284] /home/travis/build/icyphy/ptII/ptolemy/actor/lib/test/auto/PublisherSubscriber3.xml (RunModel)" time="0.009" />
  <testcase classname="ptolemy.util.test.junit.AutoTests" name="[285] /home/travis/build/icyphy/ptII/ptolemy/actor/lib/test/auto/PublisherSubscriber4.xml (RunModel)" time="0.01" />
  <testcase classname="ptolemy.util.test.junit.AutoTests" name="[286] /home/travis/build/icyphy/ptII/ptolemy/actor/lib/test/auto/PublisherSubscriber5.xml (RunModel)" time="0.014" />
  <testcase classname="ptolemy.util.test.junit.AutoTests" name="[287] /home/travis/build/icyphy/ptII/ptolemy/actor/lib/test/auto/PublisherSubscriber6.xml (RunModel)" time="0.015" />
  <testcase classname="ptolemy.util.test.junit.AutoTests" name="[288] /home/travis/build/icyphy/ptII/ptolemy/actor/lib/test/auto/PublisherSubscriber7.xml (RunModel)" time="0.019" />
  <testcase classname="ptolemy.util.test.junit.AutoTests" name="[289] /home/travis/build/icyphy/ptII/ptolemy/actor/lib/test/auto/PublisherSubscriber8.xml (RunModel)" time="0.051" />
  <testcase classname="ptolemy.util.test.junit.AutoTests" name="[290] /home/travis/build/icyphy/ptII/ptolemy/actor/lib/test/auto/PublisherSubscriber9.xml (RunModel)" time="0.021" />
  <testcase classname="ptolemy.util.test.junit.AutoTests" name="[291] /home/travis/build/icyphy/ptII/ptolemy/actor/lib/test/auto/PublisherSubscriberAdjacent.xml (RunModel)" time="0.016" />
  <testcase classname="ptolemy.util.test.junit.AutoTests" name="[292] /home/travis/build/icyphy/ptII/ptolemy/actor/lib/test/auto/PublisherSubscriberChannelVariablesAOC2.xml (RunModel)" time="0.027" />
  <testcase classname="ptolemy.util.test.junit.AutoTests" name="[293] /home/travis/build/icyphy/ptII/ptolemy/actor/lib/test/auto/PublisherSubscriberD3.xml (RunModel)" time="0.014" />
  <testcase classname="ptolemy.util.test.junit.AutoTests" name="[294] /home/travis/build/icyphy/ptII/ptolemy/actor/lib/test/auto/PublisherSubscriberD3Reverse.xml (RunModel)" time="0.013" />
  <testcase classname="ptolemy.util.test.junit.AutoTests" name="[295] /home/travis/build/icyphy/ptII/ptolemy/actor/lib/test/auto/PublisherSubscriberExpression.xml (RunModel)" time="0.02" />
  <testcase classname="ptolemy.util.test.junit.AutoTests" name="[296] /home/travis/build/icyphy/ptII/ptolemy/actor/lib/test/auto/PublisherSubscriberOpaque.xml (RunModel)" time="0.031" />
  <testcase classname="ptolemy.util.test.junit.AutoTests" name="[297] /home/travis/build/icyphy/ptII/ptolemy/actor/lib/test/auto/PublisherSubscriberOpaqueD3.xml (RunModel)" time="0.023" />
  <testcase classname="ptolemy.util.test.junit.AutoTests" name="[298] /home/travis/build/icyphy/ptII/ptolemy/actor/lib/test/auto/PublisherSubscriberOpaqueD3Reverse.xml (RunModel)" time="0.019" />
  <testcase classname="ptolemy.util.test.junit.AutoTests" name="[299] /home/travis/build/icyphy/ptII/ptolemy/actor/lib/test/auto/PublisherSubscriberOpaqueWidthInference.xml (RunModel)" time="0.016" />
  <testcase classname="ptolemy.util.test.junit.AutoTests" name="[300] /home/travis/build/icyphy/ptII/ptolemy/actor/lib/test/auto/PublisherTestSubscriber.xml (RunModel)" time="0.014" />
  <testcase classname="ptolemy.util.test.junit.AutoTests" name="[301] /home/travis/build/icyphy/ptII/ptolemy/actor/lib/test/auto/PublisherToplevelSubscriberPortAOC.xml (RunModel)" time="0.011" />
  <testcase classname="ptolemy.util.test.junit.AutoTests" name="[302] /home/travis/build/icyphy/ptII/ptolemy/actor/lib/test/auto/PulseFiringLimitDE.xml (RunModel)" time="0.013" />
  <testcase classname="ptolemy.util.test.junit.AutoTests" name="[303] /home/travis/build/icyphy/ptII/ptolemy/actor/lib/test/auto/Ramp1.xml (RunModel)" time="0.007" />
  <testcase classname="ptolemy.util.test.junit.AutoTests" name="[304] /home/travis/build/icyphy/ptII/ptolemy/actor/lib/test/auto/RampFiringLimitDE.xml (RunModel)" time="0.012" />
  <testcase classname="ptolemy.util.test.junit.AutoTests" name="[305] /home/travis/build/icyphy/ptII/ptolemy/actor/lib/test/auto/RampFiringLimitSDF.xml (RunModel)" time="0.01" />
  <testcase classname="ptolemy.util.test.junit.AutoTests" name="[306] /home/travis/build/icyphy/ptII/ptolemy/actor/lib/test/auto/RandomInteger.xml (RunModel)" time="0.009" />
  <testcase classname="ptolemy.util.test.junit.AutoTests" name="[307] /home/travis/build/icyphy/ptII/ptolemy/actor/lib/test/auto/ReadFile1.xml (RunModel)" time="0.008" />
  <testcase classname="ptolemy.util.test.junit.AutoTests" name="[308] /home/travis/build/icyphy/ptII/ptolemy/actor/lib/test/auto/ReadFile2.xml (RunModel)" time="0.008" />
  <testcase classname="ptolemy.util.test.junit.AutoTests" name="[309] /home/travis/build/icyphy/ptII/ptolemy/actor/lib/test/auto/Reader.xml (RunModel)" time="0.016" />
  <testcase classname="ptolemy.util.test.junit.AutoTests" name="[310] /home/travis/build/icyphy/ptII/ptolemy/actor/lib/test/auto/RecordAssemblerDisplayNameTest.xml (RunModel)" time="3.809" />
  <testcase classname="ptolemy.util.test.junit.AutoTests" name="[311] /home/travis/build/icyphy/ptII/ptolemy/actor/lib/test/auto/RecordAssemblerTypeError.xml (RunModel)" time="0.039" />
  <testcase classname="ptolemy.util.test.junit.AutoTests" name="[312] /home/travis/build/icyphy/ptII/ptolemy/actor/lib/test/auto/RecordDisassember.xml (RunModel)" time="0.011" />
  <testcase classname="ptolemy.util.test.junit.AutoTests" name="[313] /home/travis/build/icyphy/ptII/ptolemy/actor/lib/test/auto/RecordDisassemberDisplayNameTest.xml (RunModel)" time="0.017" />
  <testcase classname="ptolemy.util.test.junit.AutoTests" name="[314] /home/travis/build/icyphy/ptII/ptolemy/actor/lib/test/auto/RecordDisassembler.xml (RunModel)" time="0.012" />
  <testcase classname="ptolemy.util.test.junit.AutoTests" name="[315] /home/travis/build/icyphy/ptII/ptolemy/actor/lib/test/auto/RecordDisassembler2.xml (RunModel)" time="0.009" />
  <testcase classname="ptolemy.util.test.junit.AutoTests" name="[316] /home/travis/build/icyphy/ptII/ptolemy/actor/lib/test/auto/RecordUpdater.xml (RunModel)" time="0.009" />
  <testcase classname="ptolemy.util.test.junit.AutoTests" name="[317] /home/travis/build/icyphy/ptII/ptolemy/actor/lib/test/auto/RecordUpdater2.xml (RunModel)" time="0.009" />
  <testcase classname="ptolemy.util.test.junit.AutoTests" name="[318] /home/travis/build/icyphy/ptII/ptolemy/actor/lib/test/auto/RecursiveLattice.xml (RunModel)" time="0.008" />
  <testcase classname="ptolemy.util.test.junit.AutoTests" name="[319] /home/travis/build/icyphy/ptII/ptolemy/actor/lib/test/auto/Router.xml (RunModel)" time="3.026" />
  <testcase classname="ptolemy.util.test.junit.AutoTests" name="[320] /home/travis/build/icyphy/ptII/ptolemy/actor/lib/test/auto/Router2.xml (RunModel)" time="3.024" />
  <testcase classname="ptolemy.util.test.junit.AutoTests" name="[321] /home/travis/build/icyphy/ptII/ptolemy/actor/lib/test/auto/RunningMaximum.xml (RunModel)" time="0.024" />
  <testcase classname="ptolemy.util.test.junit.AutoTests" name="[322] /home/travis/build/icyphy/ptII/ptolemy/actor/lib/test/auto/RunningMinimum.xml (RunModel)" time="0.03" />
  <testcase classname="ptolemy.util.test.junit.AutoTests" name="[323] /home/travis/build/icyphy/ptII/ptolemy/actor/lib/test/auto/Scale.xml (RunModel)" time="0.008" />
  <testcase classname="ptolemy.util.test.junit.AutoTests" name="[324] /home/travis/build/icyphy/ptII/ptolemy/actor/lib/test/auto/Scale2.xml (RunModel)" time="0.009" />
  <testcase classname="ptolemy.util.test.junit.AutoTests" name="[325] /home/travis/build/icyphy/ptII/ptolemy/actor/lib/test/auto/Scale3.xml (RunModel)" time="0.018" />
  <testcase classname="ptolemy.util.test.junit.AutoTests" name="[326] /home/travis/build/icyphy/ptII/ptolemy/actor/lib/test/auto/ScaleArray.xml (RunModel)" time="0.007" />
  <testcase classname="ptolemy.util.test.junit.AutoTests" name="[327] /home/travis/build/icyphy/ptII/ptolemy/actor/lib/test/auto/ScaleArray2.xml (RunModel)" time="0.008" />
  <testcase classname="ptolemy.util.test.junit.AutoTests" name="[328] /home/travis/build/icyphy/ptII/ptolemy/actor/lib/test/auto/ScaleMatrix.xml (RunModel)" time="0.124" />
  <testcase classname="ptolemy.util.test.junit.AutoTests" name="[329] /home/travis/build/icyphy/ptII/ptolemy/actor/lib/test/auto/Select.xml (RunModel)" time="0.014" />
  <testcase classname="ptolemy.util.test.junit.AutoTests" name="[330] /home/travis/build/icyphy/ptII/ptolemy/actor/lib/test/auto/Select2.xml (RunModel)" time="0.009" />
  <testcase classname="ptolemy.util.test.junit.AutoTests" name="[331] /home/travis/build/icyphy/ptII/ptolemy/actor/lib/test/auto/SequenceToArray2.xml (RunModel)" time="0.151" />
  <testcase classname="ptolemy.util.test.junit.AutoTests" name="[332] /home/travis/build/icyphy/ptII/ptolemy/actor/lib/test/auto/SequentialClock.xml (RunModel)" time="0.009" />
  <testcase classname="ptolemy.util.test.junit.AutoTests" name="[333] /home/travis/build/icyphy/ptII/ptolemy/actor/lib/test/auto/SetVariable.xml (RunModel)" time="0.009" />
  <testcase classname="ptolemy.util.test.junit.AutoTests" name="[334] /home/travis/build/icyphy/ptII/ptolemy/actor/lib/test/auto/SetVariable2.xml (RunModel)" time="0.01" />
  <testcase classname="ptolemy.util.test.junit.AutoTests" name="[335] /home/travis/build/icyphy/ptII/ptolemy/actor/lib/test/auto/SetVariable3.xml (RunModel)" time="0.015" />
  <testcase classname="ptolemy.util.test.junit.AutoTests" name="[336] /home/travis/build/icyphy/ptII/ptolemy/actor/lib/test/auto/SetVariable4.xml (RunModel)" time="0.029" />
  <testcase classname="ptolemy.util.test.junit.AutoTests" name="[337] /home/travis/build/icyphy/ptII/ptolemy/actor/lib/test/auto/SetVariable5.xml (RunModel)" time="0.038" />
  <testcase classname="ptolemy.util.test.junit.AutoTests" name="[338] /home/travis/build/icyphy/ptII/ptolemy/actor/lib/test/auto/Sinewave.xml (RunModel)" time="0.024" />
  <testcase classname="ptolemy.util.test.junit.AutoTests" name="[339] /home/travis/build/icyphy/ptII/ptolemy/actor/lib/test/auto/Sinewave2.xml (RunModel)" time="0.015" />
  <testcase classname="ptolemy.util.test.junit.AutoTests" name="[340] /home/travis/build/icyphy/ptII/ptolemy/actor/lib/test/auto/Sinewave3.xml (RunModel)" time="0.02" />
  <testcase classname="ptolemy.util.test.junit.AutoTests" name="[341] /home/travis/build/icyphy/ptII/ptolemy/actor/lib/test/auto/SingleEvent.xml (RunModel)" time="0.006" />
  <testcase classname="ptolemy.util.test.junit.AutoTests" name="[342] /home/travis/build/icyphy/ptII/ptolemy/actor/lib/test/auto/Sleep.xml (RunModel)" time="6.027" />
  <testcase classname="ptolemy.util.test.junit.AutoTests" name="[343] /home/travis/build/icyphy/ptII/ptolemy/actor/lib/test/auto/SleepMultipleFire.xml (RunModel)" time="1.021" />
  <testcase classname="ptolemy.util.test.junit.AutoTests" name="[344] /home/travis/build/icyphy/ptII/ptolemy/actor/lib/test/auto/StopDE.xml (RunModel)" time="0.016" />
  <testcase classname="ptolemy.util.test.junit.AutoTests" name="[345] /home/travis/build/icyphy/ptII/ptolemy/actor/lib/test/auto/StopSDF.xml (RunModel)" time="0.016" />
  <testcase classname="ptolemy.util.test.junit.AutoTests" name="[346] /home/travis/build/icyphy/ptII/ptolemy/actor/lib/test/auto/StringConstant.xml (RunModel)" time="0.015" />
  <testcase classname="ptolemy.util.test.junit.AutoTests" name="[347] /home/travis/build/icyphy/ptII/ptolemy/actor/lib/test/auto/SubscriberPortInitialValues1.xml (RunModel)" time="0.02" />
  <testcase classname="ptolemy.util.test.junit.AutoTests" name="[348] /home/travis/build/icyphy/ptII/ptolemy/actor/lib/test/auto/SubscriberPortInitialValues13.xml (RunModel)" time="0.024" />
  <testcase classname="ptolemy.util.test.junit.AutoTests" name="[349] /home/travis/build/icyphy/ptII/ptolemy/actor/lib/test/auto/SubscriberPortInitialValues14.xml (RunModel)" time="0.014" />
  <testcase classname="ptolemy.util.test.junit.AutoTests" name="[350] /home/travis/build/icyphy/ptII/ptolemy/actor/lib/test/auto/SubscriberPortInitialValues2.xml (RunModel)" time="0.015" />
  <testcase classname="ptolemy.util.test.junit.AutoTests" name="[351] /home/travis/build/icyphy/ptII/ptolemy/actor/lib/test/auto/SubscriberPortInitialValues3.xml (RunModel)" time="0.017" />
  <testcase classname="ptolemy.util.test.junit.AutoTests" name="[352] /home/travis/build/icyphy/ptII/ptolemy/actor/lib/test/auto/SubscriptionAggregator.xml (RunModel)" time="0.01" />
  <testcase classname="ptolemy.util.test.junit.AutoTests" name="[353] /home/travis/build/icyphy/ptII/ptolemy/actor/lib/test/auto/SubscriptionAggregator2.xml (RunModel)" time="0.011" />
  <testcase classname="ptolemy.util.test.junit.AutoTests" name="[354] /home/travis/build/icyphy/ptII/ptolemy/actor/lib/test/auto/SubscriptionAggregator3.xml (RunModel)" time="0.015" />
  <testcase classname="ptolemy.util.test.junit.AutoTests" name="[355] /home/travis/build/icyphy/ptII/ptolemy/actor/lib/test/auto/SubscriptionAggregatorMultiply.xml (RunModel)" time="0.023" />
  <testcase classname="ptolemy.util.test.junit.AutoTests" name="[356] /home/travis/build/icyphy/ptII/ptolemy/actor/lib/test/auto/SubscriptionAggregatorPortMultiply1.xml (RunModel)" time="0.013" />
  <testcase classname="ptolemy.util.test.junit.AutoTests" name="[357] /home/travis/build/icyphy/ptII/ptolemy/actor/lib/test/auto/Switch.xml (RunModel)" time="0.018" />
  <testcase classname="ptolemy.util.test.junit.AutoTests" name="[358] /home/travis/build/icyphy/ptII/ptolemy/actor/lib/test/auto/Switch2.xml (RunModel)" time="0.008" />
  <testcase classname="ptolemy.util.test.junit.AutoTests" name="[359] /home/travis/build/icyphy/ptII/ptolemy/actor/lib/test/auto/SwitchDE.xml (RunModel)" time="0.013" />
  <testcase classname="ptolemy.util.test.junit.AutoTests" name="[360] /home/travis/build/icyphy/ptII/ptolemy/actor/lib/test/auto/SynchronizerDE.xml (RunModel)" time="0.02" />
  <testcase classname="ptolemy.util.test.junit.AutoTests" name="[361] /home/travis/build/icyphy/ptII/ptolemy/actor/lib/test/auto/Test.xml (RunModel)" time="0.008" />
  <testcase classname="ptolemy.util.test.junit.AutoTests" name="[362] /home/travis/build/icyphy/ptII/ptolemy/actor/lib/test/auto/TestExceptionAttribute1.xml (RunModel)" time="0.007" />
  <testcase classname="ptolemy.util.test.junit.AutoTests" name="[363] /home/travis/build/icyphy/ptII/ptolemy/actor/lib/test/auto/TestExceptionAttribute2.xml (RunModel)" time="0.009" />
  <testcase classname="ptolemy.util.test.junit.AutoTests" name="[364] /home/travis/build/icyphy/ptII/ptolemy/actor/lib/test/auto/TestExceptionAttribute3.xml (RunModel)" time="0.01" />
  <testcase classname="ptolemy.util.test.junit.AutoTests" name="[365] /home/travis/build/icyphy/ptII/ptolemy/actor/lib/test/auto/TestExceptionAttribute4.xml (RunModel)" time="0.008" />
  <testcase classname="ptolemy.util.test.junit.AutoTests" name="[366] /home/travis/build/icyphy/ptII/ptolemy/actor/lib/test/auto/TestExceptionHandler1.xml (RunModel)" time="0.006" />
  <testcase classname="ptolemy.util.test.junit.AutoTests" name="[367] /home/travis/build/icyphy/ptII/ptolemy/actor/lib/test/auto/TestExceptionHandler2.xml (RunModel)" time="0.01" />
  <testcase classname="ptolemy.util.test.junit.AutoTests" name="[368] /home/travis/build/icyphy/ptII/ptolemy/actor/lib/test/auto/TestExceptionHandler3.xml (RunModel)" time="0.008" />
  <testcase classname="ptolemy.util.test.junit.AutoTests" name="[369] /home/travis/build/icyphy/ptII/ptolemy/actor/lib/test/auto/TestExceptionHandler4.xml (RunModel)" time="0.006" />
  <testcase classname="ptolemy.util.test.junit.AutoTests" name="[370] /home/travis/build/icyphy/ptII/ptolemy/actor/lib/test/auto/TestRequireCorrectOrder.xml (RunModel)" time="0.016" />
  <testcase classname="ptolemy.util.test.junit.AutoTests" name="[371] /home/travis/build/icyphy/ptII/ptolemy/actor/lib/test/auto/TestSimple.xml (RunModel)" time="0.008" />
  <testcase classname="ptolemy.util.test.junit.AutoTests" name="[372] /home/travis/build/icyphy/ptII/ptolemy/actor/lib/test/auto/ThrowModelError.xml (RunModel)" time="0.01" />
  <testcase classname="ptolemy.util.test.junit.AutoTests" name="[373] /home/travis/build/icyphy/ptII/ptolemy/actor/lib/test/auto/TimeDelayMicrosteps.xml (RunModel)" time="0.014" />
  <testcase classname="ptolemy.util.test.junit.AutoTests" name="[374] /home/travis/build/icyphy/ptII/ptolemy/actor/lib/test/auto/TimeDelayMicrosteps2.xml (RunModel)" time="0.015" />
  <testcase classname="ptolemy.util.test.junit.AutoTests" name="[375] /home/travis/build/icyphy/ptII/ptolemy/actor/lib/test/auto/TimeDelayMicrosteps3.xml (RunModel)" time="0.011" />
  <testcase classname="ptolemy.util.test.junit.AutoTests" name="[376] /home/travis/build/icyphy/ptII/ptolemy/actor/lib/test/auto/TimeDelayVariableMicrosteps.xml (RunModel)" time="0.012" />
  <testcase classname="ptolemy.util.test.junit.AutoTests" name="[377] /home/travis/build/icyphy/ptII/ptolemy/actor/lib/test/auto/TimeGap.xml (RunModel)" time="0.014" />
  <testcase classname="ptolemy.util.test.junit.AutoTests" name="[378] /home/travis/build/icyphy/ptII/ptolemy/actor/lib/test/auto/TimeGap2.xml (RunModel)" time="0.009" />
  <testcase classname="ptolemy.util.test.junit.AutoTests" name="[379] /home/travis/build/icyphy/ptII/ptolemy/actor/lib/test/auto/TimedSinewave.xml (RunModel)" time="0.05" />
  <testcase classname="ptolemy.util.test.junit.AutoTests" name="[380] /home/travis/build/icyphy/ptII/ptolemy/actor/lib/test/auto/TimedSinewavePhase.xml (RunModel)" time="0.034" />
  <testcase classname="ptolemy.util.test.junit.AutoTests" name="[381] /home/travis/build/icyphy/ptII/ptolemy/actor/lib/test/auto/Timer.xml (RunModel)" time="0.019" />
  <testcase classname="ptolemy.util.test.junit.AutoTests" name="[382] /home/travis/build/icyphy/ptII/ptolemy/actor/lib/test/auto/TriangularDistTestModel.xml (RunModel)" time="0.017" />
  <testcase classname="ptolemy.util.test.junit.AutoTests" name="[383] /home/travis/build/icyphy/ptII/ptolemy/actor/lib/test/auto/TrigFunction.xml (RunModel)" time="0.009" />
  <testcase classname="ptolemy.util.test.junit.AutoTests" name="[384] /home/travis/build/icyphy/ptII/ptolemy/actor/lib/test/auto/TrigFunctionDE.xml (RunModel)" time="0.012" />
  <testcase classname="ptolemy.util.test.junit.AutoTests" name="[385] /home/travis/build/icyphy/ptII/ptolemy/actor/lib/test/auto/TrigFunctionInverse.xml (RunModel)" time="0.009" />
  <testcase classname="ptolemy.util.test.junit.AutoTests" name="[386] /home/travis/build/icyphy/ptII/ptolemy/actor/lib/test/auto/TrigFunctionTan.xml (RunModel)" time="0.007" />
  <testcase classname="ptolemy.util.test.junit.AutoTests" name="[387] /home/travis/build/icyphy/ptII/ptolemy/actor/lib/test/auto/TriggeredClock.xml (RunModel)" time="0.009" />
  <testcase classname="ptolemy.util.test.junit.AutoTests" name="[388] /home/travis/build/icyphy/ptII/ptolemy/actor/lib/test/auto/URLDirectoryReader.xml (RunModel)" time="0.125" />
  <testcase classname="ptolemy.util.test.junit.AutoTests" name="[389] /home/travis/build/icyphy/ptII/ptolemy/actor/lib/test/auto/URLDirectoryReader3.xml (RunModel)" time="1.274" />
  <testcase classname="ptolemy.util.test.junit.AutoTests" name="[390] /home/travis/build/icyphy/ptII/ptolemy/actor/lib/test/auto/UnaryMathFunction.xml (RunModel)" time="0.028" />
  <testcase classname="ptolemy.util.test.junit.AutoTests" name="[391] /home/travis/build/icyphy/ptII/ptolemy/actor/lib/test/auto/Uniform.xml (RunModel)" time="0.011" />
  <testcase classname="ptolemy.util.test.junit.AutoTests" name="[392] /home/travis/build/icyphy/ptII/ptolemy/actor/lib/test/auto/UnionDisassemblerTest.xml (RunModel)" time="0.01" />
  <testcase classname="ptolemy.util.test.junit.AutoTests" name="[393] /home/travis/build/icyphy/ptII/ptolemy/actor/lib/test/auto/UtilityFunctions.xml (RunModel)" time="0.007" />
  <testcase classname="ptolemy.util.test.junit.AutoTests" name="[394] /home/travis/build/icyphy/ptII/ptolemy/actor/lib/test/auto/VariableSleep.xml (RunModel)" time="0.511" />
  <testcase classname="ptolemy.util.test.junit.AutoTests" name="[395] /home/travis/build/icyphy/ptII/ptolemy/actor/lib/test/auto/VectorAssemblerDisassemblerCT.xml (RunModel)" time="0.112" />
  <testcase classname="ptolemy.util.test.junit.AutoTests" name="[396] /home/travis/build/icyphy/ptII/ptolemy/actor/lib/test/auto/VectorAssemblerDisassemblerDE.xml (RunModel)" time="0.013" />
  <testcase classname="ptolemy.util.test.junit.AutoTests" name="[397] /home/travis/build/icyphy/ptII/ptolemy/actor/lib/test/auto/VectorAssemblerDisassemblerSDF.xml (RunModel)" time="0.011" />
  <testcase classname="ptolemy.util.test.junit.AutoTests" name="[398] /home/travis/build/icyphy/ptII/ptolemy/actor/lib/test/auto/WallClockTime.xml (RunModel)" time="1.012" />
  <testcase classname="ptolemy.util.test.junit.AutoTests" name="[399] /home/travis/build/icyphy/ptII/ptolemy/actor/lib/test/auto/WidthTestWithSubscriberPublisher.xml (RunModel)" time="0.041" />
  <testcase classname="ptolemy.util.test.junit.AutoTests" name="[400] /home/travis/build/icyphy/ptII/ptolemy/actor/lib/test/auto/WidthTestWithSubscriberPublisher2.xml (RunModel)" time="0.012" />
  <testcase classname="ptolemy.util.test.junit.AutoTests" name="[401] /home/travis/build/icyphy/ptII/ptolemy/actor/lib/test/auto/WidthTestWithSubscriberPublisher3.xml (RunModel)" time="0.012" />
  <testcase classname="ptolemy.util.test.junit.AutoTests" name="[402] /home/travis/build/icyphy/ptII/ptolemy/actor/lib/test/auto/Writer.xml (RunModel)" time="0.007" />
  <testcase classname="ptolemy.util.test.junit.AutoTests" name="[403] /home/travis/build/icyphy/ptII/ptolemy/actor/lib/test/auto/array.xml (RunModel)" time="0.009" />
  <testcase classname="ptolemy.util.test.junit.AutoTests" name="[404] /home/travis/build/icyphy/ptII/ptolemy/actor/lib/test/auto/array2.xml (RunModel)" time="0.011" />
  <testcase classname="ptolemy.util.test.junit.AutoTests" name="[405] /home/travis/build/icyphy/ptII/ptolemy/actor/lib/test/auto/arrayType.xml (RunModel)" time="0.01" />
  <testcase classname="ptolemy.util.test.junit.AutoTests" name="[406] /home/travis/build/icyphy/ptII/ptolemy/actor/lib/test/auto/arrayType10.xml (RunModel)" time="0.007" />
  <testcase classname="ptolemy.util.test.junit.AutoTests" name="[407] /home/travis/build/icyphy/ptII/ptolemy/actor/lib/test/auto/arrayType11.xml (RunModel)" time="0.008" />
  <testcase classname="ptolemy.util.test.junit.AutoTests" name="[408] /home/travis/build/icyphy/ptII/ptolemy/actor/lib/test/auto/arrayType12.xml (RunModel)" time="0.008" />
  <testcase classname="ptolemy.util.test.junit.AutoTests" name="[409] /home/travis/build/icyphy/ptII/ptolemy/actor/lib/test/auto/arrayType13.xml (RunModel)" time="0.008" />
  <testcase classname="ptolemy.util.test.junit.AutoTests" name="[410] /home/travis/build/icyphy/ptII/ptolemy/actor/lib/test/auto/arrayType14.xml (RunModel)" time="0.009" />
  <testcase classname="ptolemy.util.test.junit.AutoTests" name="[411] /home/travis/build/icyphy/ptII/ptolemy/actor/lib/test/auto/arrayType15.xml (RunModel)" time="0.009" />
  <testcase classname="ptolemy.util.test.junit.AutoTests" name="[412] /home/travis/build/icyphy/ptII/ptolemy/actor/lib/test/auto/arrayType16.xml (RunModel)" time="0.008" />
  <testcase classname="ptolemy.util.test.junit.AutoTests" name="[413] /home/travis/build/icyphy/ptII/ptolemy/actor/lib/test/auto/arrayType17.xml (RunModel)" time="0.008" />
  <testcase classname="ptolemy.util.test.junit.AutoTests" name="[414] /home/travis/build/icyphy/ptII/ptolemy/actor/lib/test/auto/arrayType18.xml (RunModel)" time="0.007" />
  <testcase classname="ptolemy.util.test.junit.AutoTests" name="[415] /home/travis/build/icyphy/ptII/ptolemy/actor/lib/test/auto/arrayType19.xml (RunModel)" time="0.007" />
  <testcase classname="ptolemy.util.test.junit.AutoTests" name="[416] /home/travis/build/icyphy/ptII/ptolemy/actor/lib/test/auto/arrayType2.xml (RunModel)" time="0.008" />
  <testcase classname="ptolemy.util.test.junit.AutoTests" name="[417] /home/travis/build/icyphy/ptII/ptolemy/actor/lib/test/auto/arrayType20.xml (RunModel)" time="0.008" />
  <testcase classname="ptolemy.util.test.junit.AutoTests" name="[418] /home/travis/build/icyphy/ptII/ptolemy/actor/lib/test/auto/arrayType21.xml (RunModel)" time="0.007" />
  <testcase classname="ptolemy.util.test.junit.AutoTests" name="[419] /home/travis/build/icyphy/ptII/ptolemy/actor/lib/test/auto/arrayType22.xml (RunModel)" time="0.008" />
  <testcase classname="ptolemy.util.test.junit.AutoTests" name="[420] /home/travis/build/icyphy/ptII/ptolemy/actor/lib/test/auto/arrayType23.xml (RunModel)" time="0.008" />
  <testcase classname="ptolemy.util.test.junit.AutoTests" name="[421] /home/travis/build/icyphy/ptII/ptolemy/actor/lib/test/auto/arrayType24.xml (RunModel)" time="0.007" />
  <testcase classname="ptolemy.util.test.junit.AutoTests" name="[422] /home/travis/build/icyphy/ptII/ptolemy/actor/lib/test/auto/arrayType25.xml (RunModel)" time="0.007" />
  <testcase classname="ptolemy.util.test.junit.AutoTests" name="[423] /home/travis/build/icyphy/ptII/ptolemy/actor/lib/test/auto/arrayType26.xml (RunModel)" time="0.007" />
  <testcase classname="ptolemy.util.test.junit.AutoTests" name="[424] /home/travis/build/icyphy/ptII/ptolemy/actor/lib/test/auto/arrayType27.xml (RunModel)" time="0.007" />
  <testcase classname="ptolemy.util.test.junit.AutoTests" name="[425] /home/travis/build/icyphy/ptII/ptolemy/actor/lib/test/auto/arrayType28.xml (RunModel)" time="0.008" />
  <testcase classname="ptolemy.util.test.junit.AutoTests" name="[426] /home/travis/build/icyphy/ptII/ptolemy/actor/lib/test/auto/arrayType3.xml (RunModel)" time="0.011" />
  <testcase classname="ptolemy.util.test.junit.AutoTests" name="[427] /home/travis/build/icyphy/ptII/ptolemy/actor/lib/test/auto/arrayType4.xml (RunModel)" time="0.007" />
  <testcase classname="ptolemy.util.test.junit.AutoTests" name="[428] /home/travis/build/icyphy/ptII/ptolemy/actor/lib/test/auto/arrayType5.xml (RunModel)" time="0.008" />
  <testcase classname="ptolemy.util.test.junit.AutoTests" name="[429] /home/travis/build/icyphy/ptII/ptolemy/actor/lib/test/auto/arrayType6.xml (RunModel)" time="0.007" />
  <testcase classname="ptolemy.util.test.junit.AutoTests" name="[430] /home/travis/build/icyphy/ptII/ptolemy/actor/lib/test/auto/arrayType7.xml (RunModel)" time="0.011" />
  <testcase classname="ptolemy.util.test.junit.AutoTests" name="[431] /home/travis/build/icyphy/ptII/ptolemy/actor/lib/test/auto/arrayType8.xml (RunModel)" time="0.014" />
  <testcase classname="ptolemy.util.test.junit.AutoTests" name="[432] /home/travis/build/icyphy/ptII/ptolemy/actor/lib/test/auto/arrayType9.xml (RunModel)" time="0.008" />
  <testcase classname="ptolemy.util.test.junit.AutoTests" name="[433] /home/travis/build/icyphy/ptII/ptolemy/actor/lib/test/auto/cast.xml (RunModel)" time="0.017" />
  <testcase classname="ptolemy.util.test.junit.AutoTests" name="[434] /home/travis/build/icyphy/ptII/ptolemy/actor/lib/test/auto/compositeMultiPort.xml (RunModel)" time="0.016" />
  <testcase classname="ptolemy.util.test.junit.AutoTests" name="[435] /home/travis/build/icyphy/ptII/ptolemy/actor/lib/test/auto/expressionCastInference.xml (RunModel)" time="0.007" />
  <testcase classname="ptolemy.util.test.junit.AutoTests" name="[436] /home/travis/build/icyphy/ptII/ptolemy/actor/lib/test/auto/expressionCastInference2.xml (RunModel)" time="0.008" />
  <testcase classname="ptolemy.util.test.junit.AutoTests" name="[437] /home/travis/build/icyphy/ptII/ptolemy/actor/lib/test/auto/expressionInference.xml (RunModel)" time="0.006" />
  <testcase classname="ptolemy.util.test.junit.AutoTests" name="[438] /home/travis/build/icyphy/ptII/ptolemy/actor/lib/test/auto/expression_bug.xml (RunModel)" time="0.007" />
  <testcase classname="ptolemy.util.test.junit.AutoTests" name="[439] /home/travis/build/icyphy/ptII/ptolemy/actor/lib/test/auto/factorial.xml (RunModel)" time="0.045" />
  <testcase classname="ptolemy.util.test.junit.AutoTests" name="[440] /home/travis/build/icyphy/ptII/ptolemy/actor/lib/test/auto/filterTest1.xml (RunModel)" time="0.013" />
  <testcase classname="ptolemy.util.test.junit.AutoTests" name="[441] /home/travis/build/icyphy/ptII/ptolemy/actor/lib/test/auto/funcApplyInConst.xml (RunModel)" time="0.008" />
  <testcase classname="ptolemy.util.test.junit.AutoTests" name="[442] /home/travis/build/icyphy/ptII/ptolemy/actor/lib/test/auto/funcApplyInExpr.xml (RunModel)" time="0.007" />
  <testcase classname="ptolemy.util.test.junit.AutoTests" name="[443] /home/travis/build/icyphy/ptII/ptolemy/actor/lib/test/auto/function.xml (RunModel)" time="0.013" />
  <testcase classname="ptolemy.util.test.junit.AutoTests" name="[444] /home/travis/build/icyphy/ptII/ptolemy/actor/lib/test/auto/function2.xml (RunModel)" time="0.032" />
  <testcase classname="ptolemy.util.test.junit.AutoTests" name="[445] /home/travis/build/icyphy/ptII/ptolemy/actor/lib/test/auto/function3.xml (RunModel)" time="0.006" />
  <testcase classname="ptolemy.util.test.junit.AutoTests" name="[446] /home/travis/build/icyphy/ptII/ptolemy/actor/lib/test/auto/functionClosureTest1.xml (RunModel)" time="0.01" />
  <testcase classname="ptolemy.util.test.junit.AutoTests" name="[447] /home/travis/build/icyphy/ptII/ptolemy/actor/lib/test/auto/functionClosureTest2.xml (RunModel)" time="0.006" />
  <testcase classname="ptolemy.util.test.junit.AutoTests" name="[448] /home/travis/build/icyphy/ptII/ptolemy/actor/lib/test/auto/functionClosureTest3.xml (RunModel)" time="0.009" />
  <testcase classname="ptolemy.util.test.junit.AutoTests" name="[449] /home/travis/build/icyphy/ptII/ptolemy/actor/lib/test/auto/functionClosureTest4.xml (RunModel)" time="0.014" />
  <testcase classname="ptolemy.util.test.junit.AutoTests" name="[450] /home/travis/build/icyphy/ptII/ptolemy/actor/lib/test/auto/functionClosureTest5.xml (RunModel)" time="0.01" />
  <testcase classname="ptolemy.util.test.junit.AutoTests" name="[451] /home/travis/build/icyphy/ptII/ptolemy/actor/lib/test/auto/functionClosureTest6.xml (RunModel)" time="0.007" />
  <testcase classname="ptolemy.util.test.junit.AutoTests" name="[452] /home/travis/build/icyphy/ptII/ptolemy/actor/lib/test/auto/functionsOnArcs.xml (RunModel)" time="0.008" />
  <testcase classname="ptolemy.util.test.junit.AutoTests" name="[453] /home/travis/build/icyphy/ptII/ptolemy/actor/lib/test/auto/functionsOnArcsHOF.xml (RunModel)" time="0.011" />
  <testcase classname="ptolemy.util.test.junit.AutoTests" name="[454] /home/travis/build/icyphy/ptII/ptolemy/actor/lib/test/auto/logic.xml (RunModel)" time="0.015" />
  <testcase classname="ptolemy.util.test.junit.AutoTests" name="[455] /home/travis/build/icyphy/ptII/ptolemy/actor/lib/test/auto/matrixType.xml (RunModel)" time="0.009" />
  <testcase classname="ptolemy.util.test.junit.AutoTests" name="[456] /home/travis/build/icyphy/ptII/ptolemy/actor/lib/test/auto/matrixType10.xml (RunModel)" time="0.008" />
  <testcase classname="ptolemy.util.test.junit.AutoTests" name="[457] /home/travis/build/icyphy/ptII/ptolemy/actor/lib/test/auto/matrixType11.xml (RunModel)" time="0.008" />
  <testcase classname="ptolemy.util.test.junit.AutoTests" name="[458] /home/travis/build/icyphy/ptII/ptolemy/actor/lib/test/auto/matrixType12.xml (RunModel)" time="0.01" />
  <testcase classname="ptolemy.util.test.junit.AutoTests" name="[459] /home/travis/build/icyphy/ptII/ptolemy/actor/lib/test/auto/matrixType13.xml (RunModel)" time="0.008" />
  <testcase classname="ptolemy.util.test.junit.AutoTests" name="[460] /home/travis/build/icyphy/ptII/ptolemy/actor/lib/test/auto/matrixType14.xml (RunModel)" time="0.009" />
  <testcase classname="ptolemy.util.test.junit.AutoTests" name="[461] /home/travis/build/icyphy/ptII/ptolemy/actor/lib/test/auto/matrixType2.xml (RunModel)" time="0.008" />
  <testcase classname="ptolemy.util.test.junit.AutoTests" name="[462] /home/travis/build/icyphy/ptII/ptolemy/actor/lib/test/auto/matrixType3.xml (RunModel)" time="0.01" />
  <testcase classname="ptolemy.util.test.junit.AutoTests" name="[463] /home/travis/build/icyphy/ptII/ptolemy/actor/lib/test/auto/matrixType4.xml (RunModel)" time="0.007" />
  <testcase classname="ptolemy.util.test.junit.AutoTests" name="[464] /home/travis/build/icyphy/ptII/ptolemy/actor/lib/test/auto/matrixType5.xml (RunModel)" time="0.008" />
  <testcase classname="ptolemy.util.test.junit.AutoTests" name="[465] /home/travis/build/icyphy/ptII/ptolemy/actor/lib/test/auto/matrixType6.xml (RunModel)" time="0.008" />
  <testcase classname="ptolemy.util.test.junit.AutoTests" name="[466] /home/travis/build/icyphy/ptII/ptolemy/actor/lib/test/auto/matrixType7.xml (RunModel)" time="0.007" />
  <testcase classname="ptolemy.util.test.junit.AutoTests" name="[467] /home/travis/build/icyphy/ptII/ptolemy/actor/lib/test/auto/matrixType8.xml (RunModel)" time="0.008" />
  <testcase classname="ptolemy.util.test.junit.AutoTests" name="[468] /home/travis/build/icyphy/ptII/ptolemy/actor/lib/test/auto/matrixType9.xml (RunModel)" time="0.007" />
  <testcase classname="ptolemy.util.test.junit.AutoTests" name="[469] /home/travis/build/icyphy/ptII/ptolemy/actor/lib/test/auto/paraFunctest.xml (RunModel)" time="0.006" />
  <testcase classname="ptolemy.util.test.junit.AutoTests" name="[470] /home/travis/build/icyphy/ptII/ptolemy/actor/lib/test/auto/paraFunctest2.xml (RunModel)" time="0.013" />
  <testcase classname="ptolemy.util.test.junit.AutoTests" name="[471] /home/travis/build/icyphy/ptII/ptolemy/actor/lib/test/auto/parameterPassing.xml (RunModel)" time="0.008" />
  <testcase classname="ptolemy.util.test.junit.AutoTests" name="[472] /home/travis/build/icyphy/ptII/ptolemy/actor/lib/test/auto/record.xml (RunModel)" time="0.009" />
  <testcase classname="ptolemy.util.test.junit.AutoTests" name="[473] /home/travis/build/icyphy/ptII/ptolemy/actor/lib/test/auto/sizedarray1.xml (RunModel)" time="0.009" />
  <testcase classname="ptolemy.util.test.junit.AutoTests" name="[474] /home/travis/build/icyphy/ptII/ptolemy/actor/lib/test/auto/sizedarray2.xml (RunModel)" time="0.009" />
  <testcase classname="ptolemy.util.test.junit.AutoTests" name="[475] /home/travis/build/icyphy/ptII/ptolemy/actor/lib/test/auto/twoPublishers.xml (RunModel)" time="0.018" />
  <system-out><![CDATA[/home/travis/build/icyphy/ptII/ptolemy/actor/lib/test/AbsoluteValue.tcl
testDefs.tcl: setting time out to 9000 seconds at Thu Feb 20 07:06:50 UTC 2020
125 ms. Memory: 129024K Free: 92599K (72%)
5 ms. Memory: 129024K Free: 90535K (70%)
17 ms. Memory: 129024K Free: 90053K (70%)
10 ms. Memory: 129024K Free: 89031K (69%)
/home/travis/build/icyphy/ptII/ptolemy/actor/lib/test/AddSubtract.tcl
9 ms. Memory: 129024K Free: 86983K (67%)
5 ms. Memory: 129024K Free: 86439K (67%)
6 ms. Memory: 129024K Free: 85445K (66%)
9 ms. Memory: 129024K Free: 84935K (66%)
84 ms. Memory: 129024K Free: 81863K (63%)
13 ms. Memory: 129024K Free: 80839K (63%)
/home/travis/build/icyphy/ptII/ptolemy/actor/lib/test/Average.tcl
7 ms. Memory: 129024K Free: 79301K (61%)
7 ms. Memory: 129024K Free: 78277K (61%)
/home/travis/build/icyphy/ptII/ptolemy/actor/lib/test/Bernoulli.tcl
5 ms. Memory: 129024K Free: 76743K (59%)
2 ms. Memory: 129024K Free: 76215K (59%)
/home/travis/build/icyphy/ptII/ptolemy/actor/lib/test/Clock.tcl
preinitializing
resolving types
initializing
executing number 1
wrapping up
idle
40 ms. Memory: 129024K Free: 73671K (57%)
Completed execution with 5 iterations
preinitializing
resolving types
initializing
executing number 1
wrapping up
idle
9 ms. Memory: 129024K Free: 72647K (56%)
Completed execution with 5 iterations
preinitializing
resolving types
initializing
executing number 1
wrapping up
idle
12 ms. Memory: 129024K Free: 72119K (56%)
Completed execution with 5 iterations
/home/travis/build/icyphy/ptII/ptolemy/actor/lib/test/Commutator.tcl
15 ms. Memory: 129024K Free: 70055K (54%)
10 ms. Memory: 129024K Free: 69031K (54%)
19 ms. Memory: 129024K Free: 63431K (49%)
/home/travis/build/icyphy/ptII/ptolemy/actor/lib/test/Const.tcl
16 ms. Memory: 129024K Free: 61879K (48%)
4 ms. Memory: 129024K Free: 61383K (48%)
10 ms. Memory: 129024K Free: 60855K (47%)
9 ms. Memory: 129024K Free: 60359K (47%)
7 ms. Memory: 129024K Free: 59845K (46%)
16 ms. Memory: 129024K Free: 57797K (45%)
5 ms. Memory: 129024K Free: 56743K (44%)
4 ms. Memory: 129024K Free: 56263K (44%)
/home/travis/build/icyphy/ptII/ptolemy/actor/lib/test/CurrentTime.tcl
preinitializing
resolving types
initializing
executing number 1
wrapping up
idle
7 ms. Memory: 129024K Free: 54215K (42%)
Completed execution with 11 iterations
/home/travis/build/icyphy/ptII/ptolemy/actor/lib/test/DB.tcl
9 ms. Memory: 129024K Free: 52663K (41%)
2 ms. Memory: 129024K Free: 52167K (40%)
7 ms. Memory: 129024K Free: 51653K (40%)
/home/travis/build/icyphy/ptII/ptolemy/actor/lib/test/DiscreteRandomSource.tcl
preinitializing
resolving types
initializing
executing number 1
wrapping up
idle
10 ms. Memory: 129024K Free: 50119K (39%)
Completed execution with 4 iterations
preinitializing
resolving types
initializing
executing number 1
wrapping up
idle
6 ms. Memory: 129024K Free: 49591K (38%)
Completed execution with 4 iterations
preinitializing
resolving types
initializing
executing number 1
wrapping up
idle
5 ms. Memory: 129024K Free: 49095K (38%)
Completed execution with 4 iterations
preinitializing
resolving types
initializing
executing number 1
wrapping up
idle
10 ms. Memory: 129024K Free: 48581K (38%)
Completed execution with 4 iterations
preinitializing
resolving types
initializing
executing number 1
wrapping up
idle
7 ms. Memory: 129024K Free: 48071K (37%)
Completed execution with 4 iterations
/home/travis/build/icyphy/ptII/ptolemy/actor/lib/test/Distributor.tcl
5 ms. Memory: 129024K Free: 113143K (88%)
11 ms. Memory: 129024K Free: 112103K (87%)
StreamChangeRequest.changeExecuted(): <deleteEntity name="rec2"/> succeeded
StreamChangeRequest.changeExecuted(): <deleteRelation name="r2"/> succeeded
StreamChangeRequest.changeExecuted(): Record firings per iteration succeeded
8 ms. Memory: 129024K Free: 110055K (85%)
/home/travis/build/icyphy/ptII/ptolemy/actor/lib/test/Exit.tcl
Exit.tcl: this will print a message about Manager.exitAfterWrapup, which can be ignored.
8 ms. Memory: 129024K Free: 106965K (83%)
/home/travis/build/icyphy/ptII/ptolemy/actor/lib/test/Expression.tcl
19 ms. Memory: 129024K Free: 103498K (80%)
11 ms. Memory: 129024K Free: 102909K (80%)
4 ms. Memory: 129024K Free: 102338K (79%)
preinitializing
resolving types
initializing
executing number 1
wrapping up
idle
11 ms. Memory: 129024K Free: 100869K (78%)
Completed execution with 6 iterations
9 ms. Memory: 129024K Free: 99831K (77%)
6 ms. Memory: 129024K Free: 99266K (77%)
8 ms. Memory: 129024K Free: 97767K (76%)
5 ms. Memory: 129024K Free: 96772K (75%)
5 ms. Memory: 129024K Free: 95284K (74%)
/home/travis/build/icyphy/ptII/ptolemy/actor/lib/test/Gaussian.tcl
5 ms. Memory: 129024K Free: 93693K (73%)
sleeping 1 seconds: ...........................................................................................................................................................................................................................................................................................................................................................................................................................................................................................................................................................................................................................................................................................................................................................................................................................................................................................................................................................................................................................................................................................................................................................................................................................................................................................................................................................................................................................................................................................................................................................................................................................................................................................................................................................................................................................................................................................................................................................................................................................................................................................................................................................................................................................................................................................................................................................................................................................................................................................................................................................................................................................................................................................................................................................................................................................................................................................................................................................................................................................................................................................................................................................................................................................................................................................................................................................................................................................................................................................................................................................................................................................................................................................................................................................................................................................................................................................................................................................................................................................................................................................................................................................................................................................................................................................................................................................................................................................................................................................................................................................................................................................................................................................................................................................................................................................................................................................................................................................................................................................................................................................................................................................................................................................................................................................................................................................................................................................................................................................................................................................................................................................................................................................................................................................................................................................................................................................................................................................................................................................................................................................................................................................................................................................................................................................................................................................................................................................................................................................................................................................................................................................................................................................................................................................................................................................................................................................................................................................................................................................................................................................................................................................................................................................................................................................................................................................................................................................................................................................................................................................................................................................................................................................................................................................................................................................................................................................................................................................................................................................................................................................................................................................................................................................................................................................................................................................................................................................................................................................................................................................................................................................................................................................................................................................................................................................................................................................................................................................................................................................................................................................................................................................................................................................................................................................................................................................................................................................................................................................................................................................................................................................................................................................3 ms. Memory: 129024K Free: 111434K (86%)
3 ms. Memory: 129024K Free: 110440K (86%)
2 ms. Memory: 129024K Free: 109930K (85%)
2 ms. Memory: 129024K Free: 109259K (85%)
8 ms. Memory: 129024K Free: 108906K (84%)
/home/travis/build/icyphy/ptII/ptolemy/actor/lib/test/IIR.tcl
/home/travis/build/icyphy/ptII/ptolemy/actor/lib/test/Interpolator.tcl
4 ms. Memory: 129024K Free: 104810K (81%)
1 ms. Memory: 129024K Free: 104282K (81%)
3 ms. Memory: 129024K Free: 103786K (80%)
4 ms. Memory: 129024K Free: 103258K (80%)
7 ms. Memory: 129024K Free: 102234K (79%)
5 ms. Memory: 129024K Free: 101738K (79%)
2 ms. Memory: 129024K Free: 100714K (78%)
7 ms. Memory: 129024K Free: 99690K (77%)
2 ms. Memory: 129024K Free: 99146K (77%)
2 ms. Memory: 129024K Free: 98122K (76%)
/home/travis/build/icyphy/ptII/ptolemy/actor/lib/test/MathFunction.tcl
4 ms. Memory: 129024K Free: 96090K (74%)
2 ms. Memory: 129024K Free: 95066K (74%)
2 ms. Memory: 129024K Free: 94026K (73%)
9 ms. Memory: 129024K Free: 93032K (72%)
7 ms. Memory: 129024K Free: 91994K (71%)
8 ms. Memory: 129024K Free: 89960K (70%)
/home/travis/build/icyphy/ptII/ptolemy/actor/lib/test/Maximum.tcl
5 ms. Memory: 129024K Free: 87898K (68%)
3 ms. Memory: 129024K Free: 87402K (68%)
5 ms. Memory: 129024K Free: 86888K (67%)
3 ms. Memory: 129024K Free: 85850K (67%)
/home/travis/build/icyphy/ptII/ptolemy/actor/lib/test/Minimum.tcl
6 ms. Memory: 129024K Free: 84330K (65%)
3 ms. Memory: 129024K Free: 83816K (65%)
2 ms. Memory: 129024K Free: 82792K (64%)
3 ms. Memory: 129024K Free: 82282K (64%)
/home/travis/build/icyphy/ptII/ptolemy/actor/lib/test/MultiplyDivide.tcl
7 ms. Memory: 129024K Free: 80234K (62%)
9 ms. Memory: 129024K Free: 79229K (61%)
3 ms. Memory: 129024K Free: 78696K (61%)
3 ms. Memory: 129024K Free: 77666K (60%)
2 ms. Memory: 129024K Free: 77162K (60%)
/home/travis/build/icyphy/ptII/ptolemy/actor/lib/test/OrderedMerge.tcl
Connections changed on port: inputA
Connections changed on port: inputB
Connections changed on port: output
Connections changed on port: output
Connections changed on port: output
Connections changed on port: input
.top. Preinitializing ...
Invoking preinitialize():  .top.OrderedMerge
Called preinitialize()
Invoking preinitialize():  .top.Ramp
Called preinitialize()
Invoking preinitialize():  .top.Ramp2
Called preinitialize()
Invoking preinitialize():  .top.Test
Called preinitialize()
Connections changed on port: inputA
Connections changed on port: output
Connections changed on port: output
Connections changed on port: input
Connections changed on port: inputB
Connections changed on port: output
.top. Finished preinitialize().
Called initialize().
Invoking initialize():  .top.OrderedMerge
Initializing actor: .top.OrderedMerge
Adding a thread: .top.OrderedMerge
Invoking initialize():  .top.Ramp
Initializing actor: .top.Ramp
Adding a thread: .top.Ramp
Invoking initialize():  .top.Ramp2
Initializing actor: .top.Ramp2
Adding a thread: .top.Ramp2
Invoking initialize():  .top.Test
Initializing actor: .top.Test
Adding a thread: .top.Test
Called fire().
Checking for deadlock:
-- Starting thread.
Called initialize()
Called prefire()
Called fire()
-- Starting thread.
Called initialize()
-- Starting thread.
Called initialize()
Called prefire()
Called prefire()
-- Starting thread.
Called fire()
Called initialize()
Called fire()
Called prefire()
Called fire()
There are 0 Blocked actors, 0 Stopped actors, and 4 active threads.
Waiting for actors to stop.
Called postfire()
Called prefire()
Called fire()
Called postfire()
Called prefire()
Called fire()
Called postfire()
Called prefire()
Called fire()
Checking for deadlock:
Read input token from inputA with value 0.0
Next port to read input from is inputB
Called postfire()
Called prefire()
Called fire()
There are 3 Blocked actors, 0 Stopped actors, and 4 active threads.
Waiting for actors to stop.
Called postfire()
Called prefire()
Called fire()
Read input token from inputB with value 0.0
Sent output token with value 0.0
Next port to read input from is inputA
Called postfire()
Called prefire()
Called fire()
Read input token from inputA with value 1.0
Checking for deadlock:
There are 2 Blocked actors, 0 Stopped actors, and 4 active threads.
Waiting for actors to stop.
Called postfire()
Called prefire()
Called fire()
Checking for deadlock:
There are 2 Blocked actors, 0 Stopped actors, and 4 active threads.
Waiting for actors to stop.
Sent output token with value 0.0
Next port to read input from is inputB
Called postfire()
Called prefire()
Called fire()
Called postfire()
Called prefire()
Called fire()
Read input token from inputB with value 1.5
Checking for deadlock:
There are 3 Blocked actors, 0 Stopped actors, and 4 active threads.
Waiting for actors to stop.
-- Read input: 0.0, which is expected to match: 0.0
Called prefire()
Called fire()
-- Read input: 0.0, which is expected to match: 0.0
Called prefire()
Called fire()
Sent output token with value 1.0
Next port to read input from is inputA
Called postfire()
-- Read input: 1.0, which is expected to match: 1.0
Checking for deadlock:
Called prefire()
Called prefire()
Called fire()
There are 2 Blocked actors, 0 Stopped actors, and 4 active threads.
Called fire()
Waiting for actors to stop.
Read input token from inputA with value 2.0
Sent output token with value 1.5
Next port to read input from is inputB
Called postfire()
Called prefire()
Called fire()
Read input token from inputB with value 3.0
Checking for deadlock:
There are 1 Blocked actors, 0 Stopped actors, and 4 active threads.
Waiting for actors to stop.
Called postfire()
Called prefire()
Called fire()
Called postfire()
Called prefire()
Called fire()
Checking for deadlock:
There are 3 Blocked actors, 0 Stopped actors, and 4 active threads.
Waiting for actors to stop.
Sent output token with value 2.0
-- Read input: 1.5, which is expected to match: 1.5
Called prefire()
Checking for deadlock:
There are 2 Blocked actors, 0 Stopped actors, and 4 active threads.
Waiting for actors to stop.
Next port to read input from is inputA
Called fire()
Called postfire()
Called prefire()
Called fire()
-- Read input: 2.0, which is expected to match: 2.0
Called postfire()
Called prefire()
Called fire()
Called prefire()
Called fire()
Read input token from inputA with value 3.0
Sent output token with value 3.0
Next port to read input from is inputB
Called postfire()
Called prefire()
Called fire()
Read input token from inputB with value 4.5
Checking for deadlock:
There are 2 Blocked actors, 0 Stopped actors, and 4 active threads.
Waiting for actors to stop.
Called postfire()
-- Read input: 3.0, which is expected to match: 3.0
Checking for deadlock:
Called prefire()
Called prefire()
Called fire()
Called fire()
There are 1 Blocked actors, 0 Stopped actors, and 4 active threads.
Waiting for actors to stop.
Checking for deadlock:
-- Read input: 3.0, which is expected to match: 3.0
There are 2 Blocked actors, 0 Stopped actors, and 4 active threads.
Waiting for actors to stop.
Called prefire()
Called fire()
Sent output token with value 3.0
Next port to read input from is inputA
Called postfire()
Called prefire()
Called fire()
Read input token from inputA with value 4.0
Sent output token with value 4.0
Next port to read input from is inputA
Called postfire()
Called prefire()
Called fire()
Checking for deadlock:
There are 2 Blocked actors, 0 Stopped actors, and 4 active threads.
Waiting for actors to stop.
Called postfire()
Called prefire()
Called fire()
Checking for deadlock:
There are 2 Blocked actors, 0 Stopped actors, and 4 active threads.
-- Read input: 4.0, which is expected to match: 4.0
Waiting for actors to stop.
Called prefire()
Called fire()
Past the end of training data. Read and discard all inputs.
Called postfire()
Called prefire()
Called fire()
Checking for deadlock:
There are 3 Blocked actors, 0 Stopped actors, and 4 active threads.
Waiting for actors to stop.
Read input token from inputA with value 5.0
Checking for deadlock:
There are 2 Blocked actors, 0 Stopped actors, and 4 active threads.
Called prefire()
Called fire()
Past the end of training data. Read and discard all inputs.
Sent output token with value 4.5
Next port to read input from is inputB
Called postfire()
Called prefire()
Called fire()
Waiting for actors to stop.
Read input token from inputB with value 6.0
Sent output token with value 5.0
Next port to read input from is inputA
Called postfire()
Called prefire()
Called fire()
Read input token from inputA with value 6.0
Checking for deadlock:
There are 1 Blocked actors, 0 Stopped actors, and 4 active threads.
Waiting for actors to stop.
Called postfire()
Called prefire()
Called fire()
Called postfire()
Called prefire()
Called fire()
Checking for deadlock:
There are 3 Blocked actors, 0 Stopped actors, and 4 active threads.
Waiting for actors to stop.
Called prefire()
Called fire()
Past the end of training data. Read and discard all inputs.
Checking for deadlock:
There are 2 Blocked actors, 0 Stopped actors, and 4 active threads.
Waiting for actors to stop.
Called prefire()
Called fire()
Past the end of training data. Read and discard all inputs.
Sent output token with value 6.0
Next port to read input from is inputB
Called postfire()
Called prefire()
Called fire()
Checking for deadlock:
There are 3 Blocked actors, 0 Stopped actors, and 4 active threads.
Waiting for actors to stop.
Read input token from inputB with value 7.5
Sent output token with value 6.0
Next port to read input from is inputA
Called postfire()
Called prefire()
Called fire()
Read input token from inputA with value 7.0
Checking for deadlock:
There are 1 Blocked actors, 0 Stopped actors, and 4 active threads.
Waiting for actors to stop.
Called postfire()
Called prefire()
Called fire()
Called postfire()
Called prefire()
Called fire()
Checking for deadlock:
There are 3 Blocked actors, 0 Stopped actors, and 4 active threads.
Waiting for actors to stop.
Called prefire()
Called fire()
Past the end of training data. Read and discard all inputs.
Checking for deadlock:
There are 2 Blocked actors, 0 Stopped actors, and 4 active threads.
Waiting for actors to stop.
Called prefire()
Called fire()
Past the end of training data. Read and discard all inputs.
Sent output token with value 7.0
Next port to read input from is inputA
Called postfire()
Called prefire()
Called fire()
Checking for deadlock:
There are 3 Blocked actors, 0 Stopped actors, and 4 active threads.
Waiting for actors to stop.
Read input token from inputA with value 8.0
Sent output token with value 7.5
Next port to read input from is inputB
Called postfire()
Called prefire()
Called fire()
Read input token from inputB with value 9.0
Checking for deadlock:
There are 1 Blocked actors, 0 Stopped actors, and 4 active threads.
Waiting for actors to stop.
Called postfire()
Called prefire()
Called fire()
-- Thread wrapup() called.
Called wrapup()
Thread .top.Ramp is exiting.
-- Thread stopped.
Checking for deadlock:
There are 2 Blocked actors, 0 Stopped actors, and 3 active threads.
Waiting for actors to stop.
Checking for deadlock:
There are 1 Blocked actors, 0 Stopped actors, and 3 active threads.
Waiting for actors to stop.
Called prefire()
Called fire()
Past the end of training data. Read and discard all inputs.
Called prefire()
Called fire()
Sent output token with value 8.0
Past the end of training data. Read and discard all inputs.
Next port to read input from is inputA
Called postfire()
Called prefire()
Called fire()
Read input token from inputA with value 9.0
Sent output token with value 9.0
Next port to read input from is inputB
Called postfire()
Called prefire()
Called fire()
Read input token from inputB with value 10.5
Checking for deadlock:
There are 1 Blocked actors, 0 Stopped actors, and 3 active threads.
Waiting for actors to stop.
Called prefire()
Checking for deadlock:
Called postfire()
Called fire()
Called prefire()
Past the end of training data. Read and discard all inputs.
Called fire()
There are 0 Blocked actors, 0 Stopped actors, and 3 active threads.
Waiting for actors to stop.
Checking for deadlock:
Called prefire()
Called fire()
Past the end of training data. Read and discard all inputs.
Sent output token with value 9.0
Next port to read input from is inputA
Called postfire()
Called prefire()
Called fire()
There are 1 Blocked actors, 0 Stopped actors, and 3 active threads.
Waiting for actors to stop.
Checking for deadlock:
There are 3 Blocked actors, 0 Stopped actors, and 3 active threads.
Actors have stopped.
Checking for deadlock:
There are 3 Blocked actors, 0 Stopped actors, and 3 active threads.
Deadlock detected.
Resolving Deadlock
Checking for deadlock:
There are 3 Blocked actors, 0 Stopped actors, and 3 active threads.
Artificial Deadlock - increasing queue capacity.
increasing the capacity of receiver ptolemy.actor.TypedIOPort {.top.OrderedMerge.inputB} to 2
-- Thread wrapup() called.
Called wrapup()
Thread .top.Ramp2 is exiting.
-- Thread stopped.
Director: Called postfire().
Called postfire().
_stopRequested = false
_stopFireRequested = false
Returning from postfire(): true
Called fire().
Checking for deadlock:
There are 2 Blocked actors, 0 Stopped actors, and 2 active threads.
Actors have stopped.
Checking for deadlock:
There are 2 Blocked actors, 0 Stopped actors, and 2 active threads.
Deadlock detected.
Resolving Deadlock
Checking for deadlock:
There are 2 Blocked actors, 0 Stopped actors, and 2 active threads.
Deadlock detected: no processes blocked on write, but some are blocked on read.
Called postfire().
_stopRequested = false
_stopFireRequested = false
Returning from postfire(): false
Finished deactivating branches.
Called wrapup().
-- Thread wrapup() called.
Called wrapup()
-- Thread wrapup() called.
Thread .top.OrderedMerge is exiting.
Called wrapup()
-- Thread stopped.
-- Blocked Receiver call threw TerminateProcessException.
Thread .top.Test is exiting.
-- Thread stopped.
-- Blocked Receiver call threw TerminateProcessException.
50 ms. Memory: 129024K Free: 72552K (56%)
.top. Preinitializing ...
Invoking preinitialize():  .top.OrderedMerge
Called preinitialize()
Invoking preinitialize():  .top.Ramp
Called preinitialize()
Invoking preinitialize():  .top.Ramp2
Called preinitialize()
Invoking preinitialize():  .top.Test
Called preinitialize()
.top. Finished preinitialize().
Called initialize().
Invoking initialize():  .top.OrderedMerge
Initializing actor: .top.OrderedMerge
Adding a thread: .top.OrderedMerge
Invoking initialize():  .top.Ramp
Initializing actor: .top.Ramp
Adding a thread: .top.Ramp
Invoking initialize():  .top.Ramp2
Initializing actor: .top.Ramp2
Adding a thread: .top.Ramp2
Invoking initialize():  .top.Test
Initializing actor: .top.Test
Adding a thread: .top.Test
-- Starting thread.
Called initialize()
Called prefire()
Called fire()
-- Starting thread.
Called initialize()
-- Starting thread.
Called prefire()
Called fire()
Called postfire()
Called prefire()
Called fire()
Called fire().
Checking for deadlock:
There are 2 Blocked actors, 0 Stopped actors, and 4 active threads.
Waiting for actors to stop.
Called initialize()
Called prefire()
Called fire()
Called postfire()
Called prefire()
Called fire()
Checking for deadlock:
There are 3 Blocked actors, 0 Stopped actors, and 4 active threads.
Waiting for actors to stop.
-- Starting thread.
Called initialize()
Called prefire()
Called fire()
Read input token from inputA with value 0.0
Next port to read input from is inputB
Called postfire()
Called prefire()
Called fire()
Checking for deadlock:
There are 1 Blocked actors, 0 Stopped actors, and 4 active threads.
Waiting for actors to stop.
Called postfire()
Called prefire()
Called fire()
Checking for deadlock:
There are 2 Blocked actors, 0 Stopped actors, and 4 active threads.
Waiting for actors to stop.
Called postfire()
Called prefire()
Called fire()
Checking for deadlock:
There are 3 Blocked actors, 0 Stopped actors, and 4 active threads.
Waiting for actors to stop.
Read input token from inputB with value 0.0
Sent output token with value 0.0
Next port to read input from is inputA
Called postfire()
Called prefire()
Checking for deadlock:
There are 2 Blocked actors, 0 Stopped actors, and 4 active threads.
Waiting for actors to stop.
-- Read input: 0.0, which is expected to match: 0.0
Called prefire()
Called fire()
Checking for deadlock:
There are 3 Blocked actors, 0 Stopped actors, and 4 active threads.
Waiting for actors to stop.
Called fire()
Checking for deadlock:
There are 2 Blocked actors, 0 Stopped actors, and 4 active threads.
Waiting for actors to stop.
Called postfire()
Called prefire()
Called fire()
Checking for deadlock:
There are 3 Blocked actors, 0 Stopped actors, and 4 active threads.
Waiting for actors to stop.
Read input token from inputA with value 1.0
Sent output token with value 0.0
Next port to read input from is inputB
Called postfire()
Called prefire()
Called fire()
Read input token from inputB with value 1.5
Checking for deadlock:
There are 2 Blocked actors, 0 Stopped actors, and 4 active threads.
Waiting for actors to stop.
-- Read input: 0.0, which is expected to match: 0.0
Called prefire()
Called fire()
Called postfire()
Called prefire()
Called fire()
Checking for deadlock:
There are 3 Blocked actors, 0 Stopped actors, and 4 active threads.
Waiting for actors to stop.
Checking for deadlock:
There are 2 Blocked actors, 0 Stopped actors, and 4 active threads.
Waiting for actors to stop.
-- Read input: 1.0, which is expected to match: 1.0
Called prefire()
Called fire()
Checking for deadlock:
There are 3 Blocked actors, 0 Stopped actors, and 4 active threads.
Waiting for actors to stop.
Sent output token with value 1.0
Next port to read input from is inputA
Called postfire()
Called prefire()
Called fire()
Checking for deadlock:
There are 2 Blocked actors, 0 Stopped actors, and 4 active threads.
Waiting for actors to stop.
Called postfire()
Called prefire()
Called fire()
Checking for deadlock:
There are 3 Blocked actors, 0 Stopped actors, and 4 active threads.
Waiting for actors to stop.
Read input token from inputA with value 2.0
Sent output token with value 1.5
Next port to read input from is inputB
Called postfire()
Called prefire()
Called fire()
Read input token from inputB with value 3.0
Checking for deadlock:
There are 2 Blocked actors, 0 Stopped actors, and 4 active threads.
Waiting for actors to stop.
-- Read input: 1.5, which is expected to match: 1.5
Called prefire()
Called fire()
Called postfire()
Called prefire()
Called fire()
Checking for deadlock:
There are 3 Blocked actors, 0 Stopped actors, and 4 active threads.
Waiting for actors to stop.
Checking for deadlock:
There are 2 Blocked actors, 0 Stopped actors, and 4 active threads.
Waiting for actors to stop.
-- Read input: 2.0, which is expected to match: 2.0
Called prefire()
Called fire()
Checking for deadlock:
There are 3 Blocked actors, 0 Stopped actors, and 4 active threads.
Waiting for actors to stop.
Sent output token with value 2.0
Next port to read input from is inputA
Called postfire()
Called prefire()
Called fire()
Checking for deadlock:
There are 2 Blocked actors, 0 Stopped actors, and 4 active threads.
Waiting for actors to stop.
Called postfire()
Called prefire()
Called fire()
Checking for deadlock:
There are 3 Blocked actors, 0 Stopped actors, and 4 active threads.
Waiting for actors to stop.
Read input token from inputA with value 3.0
Sent output token with value 3.0
Next port to read input from is inputB
Called postfire()
Called prefire()
Called fire()
Read input token from inputB with value 4.5
Checking for deadlock:
There are 2 Blocked actors, 0 Stopped actors, and 4 active threads.
Waiting for actors to stop.
-- Read input: 3.0, which is expected to match: 3.0
Called prefire()
Called fire()
Called postfire()
Called prefire()
Called fire()
Checking for deadlock:
There are 3 Blocked actors, 0 Stopped actors, and 4 active threads.
Waiting for actors to stop.
Checking for deadlock:
There are 2 Blocked actors, 0 Stopped actors, and 4 active threads.
Waiting for actors to stop.
-- Read input: 3.0, which is expected to match: 3.0
Called prefire()
Called fire()
Checking for deadlock:
There are 3 Blocked actors, 0 Stopped actors, and 4 active threads.
Waiting for actors to stop.
Sent output token with value 3.0
Next port to read input from is inputA
Called postfire()
Called prefire()
Called fire()
Checking for deadlock:
There are 2 Blocked actors, 0 Stopped actors, and 4 active threads.
Waiting for actors to stop.
Called postfire()
Called prefire()
Called fire()
Checking for deadlock:
There are 3 Blocked actors, 0 Stopped actors, and 4 active threads.
Waiting for actors to stop.
Read input token from inputA with value 4.0
Sent output token with value 4.0
Next port to read input from is inputA
Called postfire()
Called prefire()
Called fire()
Read input token from inputA with value 5.0
Checking for deadlock:
There are 2 Blocked actors, 0 Stopped actors, and 4 active threads.
Waiting for actors to stop.
-- Read input: 4.0, which is expected to match: 4.0
Called prefire()
Called fire()
Past the end of training data. Read and discard all inputs.
Called postfire()
Called prefire()
Called fire()
Checking for deadlock:
There are 3 Blocked actors, 0 Stopped actors, and 4 active threads.
Waiting for actors to stop.
Sent output token with value 4.5
Next port to read input from is inputB
Called postfire()
Called prefire()
Called fire()
Read input token from inputB with value 6.0
Checking for deadlock:
There are 2 Blocked actors, 0 Stopped actors, and 4 active threads.
Waiting for actors to stop.
Called prefire()
Called fire()
Past the end of training data. Read and discard all inputs.
Called postfire()
Called prefire()
Called fire()
Checking for deadlock:
There are 3 Blocked actors, 0 Stopped actors, and 4 active threads.
Waiting for actors to stop.
Called prefire()
Called fire()
Past the end of training data. Read and discard all inputs.
Checking for deadlock:
There are 3 Blocked actors, 0 Stopped actors, and 4 active threads.
Waiting for actors to stop.
Sent output token with value 5.0
Next port to read input from is inputA
Called postfire()
Called prefire()
Called fire()
Checking for deadlock:
There are 2 Blocked actors, 0 Stopped actors, and 4 active threads.
Waiting for actors to stop.
Called postfire()
Called prefire()
Called fire()
Checking for deadlock:
There are 3 Blocked actors, 0 Stopped actors, and 4 active threads.
Waiting for actors to stop.
Read input token from inputA with value 6.0
Sent output token with value 6.0
Next port to read input from is inputB
Called postfire()
Called prefire()
Called fire()
Read input token from inputB with value 7.5
Called postfire()
Called prefire()
Called fire()
Checking for deadlock:
There are 3 Blocked actors, 0 Stopped actors, and 4 active threads.
Waiting for actors to stop.
Called prefire()
Called fire()
Past the end of training data. Read and discard all inputs.
Checking for deadlock:
There are 3 Blocked actors, 0 Stopped actors, and 4 active threads.
Waiting for actors to stop.
Called prefire()
Called fire()
Past the end of training data. Read and discard all inputs.
Checking for deadlock:
There are 3 Blocked actors, 0 Stopped actors, and 4 active threads.
Waiting for actors to stop.
Sent output token with value 6.0
Next port to read input from is inputA
Called postfire()
Called prefire()
Called fire()
Checking for deadlock:
There are 2 Blocked actors, 0 Stopped actors, and 4 active threads.
Waiting for actors to stop.
Called postfire()
Called prefire()
Called fire()
Checking for deadlock:
There are 3 Blocked actors, 0 Stopped actors, and 4 active threads.
Waiting for actors to stop.
Read input token from inputA with value 7.0
Sent output token with value 7.0
Next port to read input from is inputA
Called postfire()
Called prefire()
Called fire()
Read input token from inputA with value 8.0
Checking for deadlock:
There are 2 Blocked actors, 0 Stopped actors, and 4 active threads.
Waiting for actors to stop.
Called prefire()
Called fire()
Past the end of training data. Read and discard all inputs.
-- Thread wrapup() called.
Called wrapup()
Thread .top.Ramp is exiting.
-- Thread stopped.
Checking for deadlock:
There are 2 Blocked actors, 0 Stopped actors, and 3 active threads.
Waiting for actors to stop.
Called prefire()
Called fire()
Past the end of training data. Read and discard all inputs.
Checking for deadlock:
There are 2 Blocked actors, 0 Stopped actors, and 3 active threads.
Waiting for actors to stop.
Sent output token with value 7.5
Next port to read input from is inputB
Called postfire()
Called prefire()
Called fire()
Called postfire()
Called prefire()
Called fire()
Checking for deadlock:
There are 2 Blocked actors, 0 Stopped actors, and 3 active threads.
Waiting for actors to stop.
Read input token from inputB with value 9.0
Called prefire()
Called fire()
Past the end of training data. Read and discard all inputs.
Checking for deadlock:
There are 2 Blocked actors, 0 Stopped actors, and 3 active threads.
Waiting for actors to stop.
Sent output token with value 8.0
Next port to read input from is inputA
Called postfire()
Called prefire()
Called fire()
Read input token from inputA with value 9.0
Called prefire()
Called fire()
Past the end of training data. Read and discard all inputs.
Checking for deadlock:
There are 2 Blocked actors, 0 Stopped actors, and 3 active threads.
Waiting for actors to stop.
Sent output token with value 9.0
Next port to read input from is inputB
Called postfire()
Called prefire()
Called fire()
Checking for deadlock:
There are 1 Blocked actors, 0 Stopped actors, and 3 active threads.
Waiting for actors to stop.
Called postfire()
Called prefire()
Called fire()
Checking for deadlock:
There are 2 Blocked actors, 0 Stopped actors, and 3 active threads.
Waiting for actors to stop.
Read input token from inputB with value 10.5
Checking for deadlock:
There are 1 Blocked actors, 0 Stopped actors, and 3 active threads.
Waiting for actors to stop.
Called prefire()
Called fire()
Past the end of training data. Read and discard all inputs.
Checking for deadlock:
There are 2 Blocked actors, 0 Stopped actors, and 3 active threads.
Waiting for actors to stop.
Sent output token with value 9.0
Next port to read input from is inputA
Called postfire()
Called prefire()
Called fire()
Checking for deadlock:
There are 3 Blocked actors, 0 Stopped actors, and 3 active threads.
Actors have stopped.
Checking for deadlock:
There are 3 Blocked actors, 0 Stopped actors, and 3 active threads.
Deadlock detected.
Resolving Deadlock
Checking for deadlock:
There are 3 Blocked actors, 0 Stopped actors, and 3 active threads.
Artificial Deadlock - increasing queue capacity.
increasing the capacity of receiver ptolemy.actor.TypedIOPort {.top.OrderedMerge.inputB} to 2
Director: Called postfire().
Called postfire().
_stopRequested = false
_stopFireRequested = false
Returning from postfire(): true
Called fire().
Checking for deadlock:
There are 2 Blocked actors, 0 Stopped actors, and 3 active threads.
Waiting for actors to stop.
-- Thread wrapup() called.
Called wrapup()
Thread .top.Ramp2 is exiting.
-- Thread stopped.
Checking for deadlock:
There are 2 Blocked actors, 0 Stopped actors, and 2 active threads.
Actors have stopped.
Checking for deadlock:
There are 2 Blocked actors, 0 Stopped actors, and 2 active threads.
Deadlock detected.
Resolving Deadlock
Checking for deadlock:
There are 2 Blocked actors, 0 Stopped actors, and 2 active threads.
Deadlock detected: no processes blocked on write, but some are blocked on read.
Called postfire().
_stopRequested = false
_stopFireRequested = false
Returning from postfire(): false
Finished deactivating branches.
Called wrapup().
-- Thread wrapup() called.
Called wrapup()
-- Thread wrapup() called.
Called wrapup()
Thread .top.Test is exiting.
-- Thread stopped.
-- Blocked Receiver call threw TerminateProcessException.
Thread .top.OrderedMerge is exiting.
-- Thread stopped.
-- Blocked Receiver call threw TerminateProcessException.
36 ms. Memory: 129024K Free: 71018K (55%)
/home/travis/build/icyphy/ptII/ptolemy/actor/lib/test/Publisher.tcl
29 ms. Memory: 156672K Free: 139841K (89%)
10 ms. Memory: 156672K Free: 134209K (86%)
12 ms. Memory: 156672K Free: 130609K (83%)
3 ms. Memory: 156672K Free: 129599K (83%)
5 ms. Memory: 156672K Free: 129089K (82%)
10 ms. Memory: 156672K Free: 128065K (82%)
3 ms. Memory: 156672K Free: 127521K (81%)
6 ms. Memory: 156672K Free: 126527K (81%)
20 ms. Memory: 156672K Free: 116287K (74%)
9 ms. Memory: 156672K Free: 112705K (72%)
3 ms. Memory: 156672K Free: 112191K (72%)
4 ms. Memory: 156672K Free: 109633K (70%)
15 ms. Memory: 156672K Free: 101937K (65%)
6 ms. Memory: 156672K Free: 133010K (85%)
15 ms. Memory: 156672K Free: 121746K (78%)
/home/travis/build/icyphy/ptII/ptolemy/actor/lib/test/Pulse.tcl
5 ms. Memory: 156672K Free: 138305K (88%)
8 ms. Memory: 156672K Free: 137791K (88%)
1 ms. Memory: 156672K Free: 137281K (88%)
1 ms. Memory: 156672K Free: 136753K (87%)
4 ms. Memory: 156672K Free: 136257K (87%)
7 ms. Memory: 156672K Free: 135233K (86%)
7 ms. Memory: 156672K Free: 134209K (86%)
5 ms. Memory: 156672K Free: 133185K (85%)
2 ms. Memory: 156672K Free: 132671K (85%)
/home/travis/build/icyphy/ptII/ptolemy/actor/lib/test/Ramp.tcl
5 ms. Memory: 156672K Free: 130609K (83%)
3 ms. Memory: 156672K Free: 130113K (83%)
1 ms. Memory: 156672K Free: 129089K (82%)
2 ms. Memory: 156672K Free: 128561K (82%)
5 ms. Memory: 156672K Free: 127551K (81%)
8 ms. Memory: 156672K Free: 126527K (81%)
5 ms. Memory: 156672K Free: 126015K (80%)
5 actors
10000 microseconds per iteration to create
10 ms. Memory: 156672K Free: 122945K (78%)
2 ms. Memory: 156672K Free: 122417K (78%)
5 ms. Memory: 156672K Free: 121921K (78%)
2 ms. Memory: 156672K Free: 121393K (77%)
50 actors
53000 microseconds per iteration to create
39 ms. Memory: 156672K Free: 105537K (67%)
5 ms. Memory: 156672K Free: 104513K (67%)
13 ms. Memory: 156672K Free: 103489K (66%)
4 ms. Memory: 156672K Free: 102465K (65%)
500 actors
1487000 microseconds per iteration to create
224 ms. Memory: 188416K Free: 104978K (56%)
36 ms. Memory: 188416K Free: 99858K (53%)
35 ms. Memory: 188416K Free: 94738K (50%)
34 ms. Memory: 188416K Free: 89618K (48%)
/home/travis/build/icyphy/ptII/ptolemy/actor/lib/test/RampContinuous.tcl
6 ms. Memory: 188416K Free: 88564K (47%)
/home/travis/build/icyphy/ptII/ptolemy/actor/lib/test/RecordAssembler.tcl
4 ms. Memory: 188416K Free: 87060K (46%)
2 ms. Memory: 188416K Free: 86036K (46%)
/home/travis/build/icyphy/ptII/ptolemy/actor/lib/test/RecordDisassembler.tcl
14 ms. Memory: 188416K Free: 163332K (87%)
4 ms. Memory: 188416K Free: 162820K (86%)
3 ms. Memory: 188416K Free: 161286K (86%)
/home/travis/build/icyphy/ptII/ptolemy/actor/lib/test/Scale.tcl
2 ms. Memory: 188416K Free: 159734K (85%)
1 ms. Memory: 188416K Free: 159222K (85%)
2 ms. Memory: 188416K Free: 158214K (84%)
2 ms. Memory: 188416K Free: 157190K (83%)
3 ms. Memory: 188416K Free: 156676K (83%)
/home/travis/build/icyphy/ptII/ptolemy/actor/lib/test/SequentialClock.tcl
preinitializing
resolving types
initializing
executing number 1
wrapping up
idle
2 ms. Memory: 188416K Free: 155142K (82%)
Completed execution with 5 iterations
preinitializing
resolving types
initializing
executing number 1
wrapping up
idle
1 ms. Memory: 188416K Free: 154614K (82%)
Completed execution with 5 iterations
preinitializing
resolving types
initializing
executing number 1
wrapping up
idle
1 ms. Memory: 188416K Free: 154118K (82%)
Completed execution with 5 iterations
/home/travis/build/icyphy/ptII/ptolemy/actor/lib/test/SetVariable.tcl
4 ms. Memory: 188416K Free: 152566K (81%)
/home/travis/build/icyphy/ptII/ptolemy/actor/lib/test/Sinewave.tcl
/home/travis/build/icyphy/ptII/ptolemy/actor/lib/test/SubscriptionAggregator.tcl
5 ms. Memory: 188416K Free: 140806K (75%)
2 ms. Memory: 188416K Free: 140292K (74%)
1 ms. Memory: 188416K Free: 139782K (74%)
1 ms. Memory: 188416K Free: 139254K (74%)
2 ms. Memory: 188416K Free: 135686K (72%)
8 ms. Memory: 188416K Free: 133638K (71%)
...............................................................977 ms. Memory: 271360K Free: 138186K (51%)
/home/travis/build/icyphy/ptII/ptolemy/actor/lib/test/Test.tcl
 The next command will produce a warning about training mode,
   which may be ignored.
7 ms. Memory: 271360K Free: 136138K (50%)
2 ms. Memory: 271360K Free: 135610K (50%)
1 ms. Memory: 271360K Free: 134586K (50%)
2 ms. Memory: 271360K Free: 134090K (49%)
3 ms. Memory: 271360K Free: 133570K (49%)
10 ms. Memory: 271360K Free: 132042K (49%)
3 ms. Memory: 271360K Free: 131018K (48%)
 The next command will produce a warning about training mode,
   which may be ignored.
4 ms. Memory: 271360K Free: 128442K (47%)
 The next command will produce a warning about training mode,
   which may be ignored.
3 ms. Memory: 271360K Free: 127426K (47%)
1 ms. Memory: 271360K Free: 126922K (47%)
1 ms. Memory: 271360K Free: 126394K (47%)
3 ms. Memory: 271360K Free: 125898K (46%)
8 ms. Memory: 271360K Free: 124874K (46%)
4 ms. Memory: 271360K Free: 121274K (45%)
/home/travis/build/icyphy/ptII/ptolemy/actor/lib/test/TestExceptionHandler.tcl
 The next command will produce a warning about training mode,
   which may be ignored.
2 ms. Memory: 271360K Free: 119754K (44%)
1 ms. Memory: 271360K Free: 119240K (44%)
1 ms. Memory: 271360K Free: 118730K (44%)
/home/travis/build/icyphy/ptII/ptolemy/actor/lib/test/UnionDisassembler.tcl
31 ms. Memory: 271360K Free: 111562K (41%)
/home/travis/build/icyphy/ptII/ptolemy/actor/lib/test/VariableClock.tcl
preinitializing
resolving types
initializing
executing number 1
wrapping up
idle
9 ms. Memory: 271360K Free: 109514K (40%)
Completed execution with 11 iterations
preinitializing
resolving types
initializing
executing number 1
wrapping up
idle
8 ms. Memory: 271360K Free: 108490K (40%)
Completed execution with 10 iterations
02/20/20 07:06:58
Failed: 0  Total Tests: 233  ((Passed: 233, Newly Passed: 0)  Known Failed: 0) /home/travis/build/icyphy/ptII/ptolemy/actor/lib/test
----------------- testing (KnownFailure) /home/travis/build/icyphy/ptII/ptolemy/actor/lib/test/auto/knownFailedTests/PublisherPortToplevelSubscriber.xml
0 ms. Memory: 271360K Free: 104904K (39%)
Known Failure: java.lang.reflect.InvocationTargetException
----------------- testing (KnownFailure) /home/travis/build/icyphy/ptII/ptolemy/actor/lib/test/auto/knownFailedTests/PublisherSubscriberPortToplevel.xml
3 ms. Memory: 271360K Free: 100808K (37%)
Known Failure: java.lang.reflect.InvocationTargetException
----------------- testing (KnownFailure) /home/travis/build/icyphy/ptII/ptolemy/actor/lib/test/auto/knownFailedTests/PublisherSubscriptionAggregatorPort.xml
0 ms. Memory: 271360K Free: 96712K (36%)
Known Failure: java.lang.reflect.InvocationTargetException
----------------- testing (KnownFailure) /home/travis/build/icyphy/ptII/ptolemy/actor/lib/test/auto/knownFailedTests/sizedarray3.xml
6 ms. Memory: 271360K Free: 92616K (34%)
Known Failure: java.lang.reflect.InvocationTargetException
No auto/linux-amd64/*.xml tests in /home/travis/build/icyphy/ptII/ptolemy/actor/lib/test
AutoTests.java: About to close Vertx.
AutoTests.java: Vertx closed.

===========================================================================================
----------------- testing Thu Feb 20 07:06:58 UTC 2020 /home/travis/build/icyphy/ptII/ptolemy/actor/lib/test/auto/AbsoluteValue.xml
----------------- Instantiating /home/travis/build/icyphy/ptII/ptolemy/actor/lib/test/auto/AbsoluteValue.xml
6 ms. Memory: 271360K Free: 210888K (78%)
----------------- Invoking toplevel() on ptolemy.moml.MoMLSimpleApplication@15aa895d
----------------- Done invoking toplevel() on ptolemy.moml.MoMLSimpleApplication@15aa895d
reloadAllAccessors: .AbsoluteValue

===========================================================================================
----------------- testing Thu Feb 20 07:06:58 UTC 2020 /home/travis/build/icyphy/ptII/ptolemy/actor/lib/test/auto/AbsoluteValue2.xml
----------------- Instantiating /home/travis/build/icyphy/ptII/ptolemy/actor/lib/test/auto/AbsoluteValue2.xml
4 ms. Memory: 271360K Free: 204234K (75%)
----------------- Invoking toplevel() on ptolemy.moml.MoMLSimpleApplication@6545935b
----------------- Done invoking toplevel() on ptolemy.moml.MoMLSimpleApplication@6545935b
reloadAllAccessors: .AbsoluteValue2

===========================================================================================
----------------- testing Thu Feb 20 07:06:58 UTC 2020 /home/travis/build/icyphy/ptII/ptolemy/actor/lib/test/auto/Accumulator.xml
----------------- Instantiating /home/travis/build/icyphy/ptII/ptolemy/actor/lib/test/auto/Accumulator.xml
16 ms. Memory: 271360K Free: 198090K (73%)
----------------- Invoking toplevel() on ptolemy.moml.MoMLSimpleApplication@43cc9039
----------------- Done invoking toplevel() on ptolemy.moml.MoMLSimpleApplication@43cc9039
reloadAllAccessors: .Accumulator

===========================================================================================
----------------- testing Thu Feb 20 07:06:58 UTC 2020 /home/travis/build/icyphy/ptII/ptolemy/actor/lib/test/auto/Accumulator2.xml
----------------- Instantiating /home/travis/build/icyphy/ptII/ptolemy/actor/lib/test/auto/Accumulator2.xml
4 ms. Memory: 271360K Free: 192456K (71%)
----------------- Invoking toplevel() on ptolemy.moml.MoMLSimpleApplication@3c297445
----------------- Done invoking toplevel() on ptolemy.moml.MoMLSimpleApplication@3c297445
reloadAllAccessors: .Accumulator2

===========================================================================================
----------------- testing Thu Feb 20 07:06:58 UTC 2020 /home/travis/build/icyphy/ptII/ptolemy/actor/lib/test/auto/Accumulator3.xml
----------------- Instantiating /home/travis/build/icyphy/ptII/ptolemy/actor/lib/test/auto/Accumulator3.xml
3 ms. Memory: 271360K Free: 188360K (69%)
----------------- Invoking toplevel() on ptolemy.moml.MoMLSimpleApplication@7a24e6e5
----------------- Done invoking toplevel() on ptolemy.moml.MoMLSimpleApplication@7a24e6e5
reloadAllAccessors: .Accumulator3

===========================================================================================
----------------- testing Thu Feb 20 07:06:58 UTC 2020 /home/travis/build/icyphy/ptII/ptolemy/actor/lib/test/auto/ArrayAppend.xml
----------------- Instantiating /home/travis/build/icyphy/ptII/ptolemy/actor/lib/test/auto/ArrayAppend.xml
7 ms. Memory: 271360K Free: 182202K (67%)
----------------- Invoking toplevel() on ptolemy.moml.MoMLSimpleApplication@73c0bcde
----------------- Done invoking toplevel() on ptolemy.moml.MoMLSimpleApplication@73c0bcde
reloadAllAccessors: .ArrayAppend

===========================================================================================
----------------- testing Thu Feb 20 07:06:59 UTC 2020 /home/travis/build/icyphy/ptII/ptolemy/actor/lib/test/auto/ArrayAppend2.xml
----------------- Instantiating /home/travis/build/icyphy/ptII/ptolemy/actor/lib/test/auto/ArrayAppend2.xml
403 ms. Memory: 271360K Free: 99786K (37%)
----------------- Invoking toplevel() on ptolemy.moml.MoMLSimpleApplication@409aa55d
----------------- Done invoking toplevel() on ptolemy.moml.MoMLSimpleApplication@409aa55d
reloadAllAccessors: .ArrayAppend2

===========================================================================================
----------------- testing Thu Feb 20 07:06:59 UTC 2020 /home/travis/build/icyphy/ptII/ptolemy/actor/lib/test/auto/ArrayAppend3.xml
----------------- Instantiating /home/travis/build/icyphy/ptII/ptolemy/actor/lib/test/auto/ArrayAppend3.xml
6 ms. Memory: 271360K Free: 94152K (35%)
----------------- Invoking toplevel() on ptolemy.moml.MoMLSimpleApplication@5b67bf5b
----------------- Done invoking toplevel() on ptolemy.moml.MoMLSimpleApplication@5b67bf5b
reloadAllAccessors: .ArrayAppend3

===========================================================================================
----------------- testing Thu Feb 20 07:06:59 UTC 2020 /home/travis/build/icyphy/ptII/ptolemy/actor/lib/test/auto/ArrayAppend4.xml
----------------- Instantiating /home/travis/build/icyphy/ptII/ptolemy/actor/lib/test/auto/ArrayAppend4.xml
8 ms. Memory: 271360K Free: 89032K (33%)
----------------- Invoking toplevel() on ptolemy.moml.MoMLSimpleApplication@6c670ffd
----------------- Done invoking toplevel() on ptolemy.moml.MoMLSimpleApplication@6c670ffd
reloadAllAccessors: .ArrayAppend4

===========================================================================================
----------------- testing Thu Feb 20 07:06:59 UTC 2020 /home/travis/build/icyphy/ptII/ptolemy/actor/lib/test/auto/ArrayAppend5.xml
----------------- Instantiating /home/travis/build/icyphy/ptII/ptolemy/actor/lib/test/auto/ArrayAppend5.xml
3 ms. Memory: 271360K Free: 83912K (31%)
----------------- Invoking toplevel() on ptolemy.moml.MoMLSimpleApplication@31515516
----------------- Done invoking toplevel() on ptolemy.moml.MoMLSimpleApplication@31515516
reloadAllAccessors: .ArrayAppend5

===========================================================================================
----------------- testing Thu Feb 20 07:06:59 UTC 2020 /home/travis/build/icyphy/ptII/ptolemy/actor/lib/test/auto/ArrayAppend6.xml
----------------- Instantiating /home/travis/build/icyphy/ptII/ptolemy/actor/lib/test/auto/ArrayAppend6.xml
1 ms. Memory: 271360K Free: 219595K (81%)
----------------- Invoking toplevel() on ptolemy.moml.MoMLSimpleApplication@714946a5
----------------- Done invoking toplevel() on ptolemy.moml.MoMLSimpleApplication@714946a5
reloadAllAccessors: .ArrayAppend6

===========================================================================================
----------------- testing Thu Feb 20 07:06:59 UTC 2020 /home/travis/build/icyphy/ptII/ptolemy/actor/lib/test/auto/ArrayAppendPerformanceTest.xml
----------------- Instantiating /home/travis/build/icyphy/ptII/ptolemy/actor/lib/test/auto/ArrayAppendPerformanceTest.xml
37 ms. Memory: 271360K Free: 208331K (77%)
----------------- Invoking toplevel() on ptolemy.moml.MoMLSimpleApplication@12d0e9cb
----------------- Done invoking toplevel() on ptolemy.moml.MoMLSimpleApplication@12d0e9cb
reloadAllAccessors: .ArrayAppendPerformanceTest

===========================================================================================
----------------- testing Thu Feb 20 07:06:59 UTC 2020 /home/travis/build/icyphy/ptII/ptolemy/actor/lib/test/auto/ArrayAppendWithEmptyInput.xml
----------------- Instantiating /home/travis/build/icyphy/ptII/ptolemy/actor/lib/test/auto/ArrayAppendWithEmptyInput.xml
18 ms. Memory: 271360K Free: 200653K (74%)
----------------- Invoking toplevel() on ptolemy.moml.MoMLSimpleApplication@1d22d117
----------------- Done invoking toplevel() on ptolemy.moml.MoMLSimpleApplication@1d22d117
reloadAllAccessors: .ArrayAppendWithEmptyInput

===========================================================================================
----------------- testing Thu Feb 20 07:06:59 UTC 2020 /home/travis/build/icyphy/ptII/ptolemy/actor/lib/test/auto/ArrayAverage.xml
----------------- Instantiating /home/travis/build/icyphy/ptII/ptolemy/actor/lib/test/auto/ArrayAverage.xml
4 ms. Memory: 271360K Free: 192461K (71%)
----------------- Invoking toplevel() on ptolemy.moml.MoMLSimpleApplication@32e98f7e
----------------- Done invoking toplevel() on ptolemy.moml.MoMLSimpleApplication@32e98f7e
reloadAllAccessors: .ArrayAverage

===========================================================================================
----------------- testing Thu Feb 20 07:06:59 UTC 2020 /home/travis/build/icyphy/ptII/ptolemy/actor/lib/test/auto/ArrayContains.xml
----------------- Instantiating /home/travis/build/icyphy/ptII/ptolemy/actor/lib/test/auto/ArrayContains.xml
3 ms. Memory: 271360K Free: 186827K (69%)
----------------- Invoking toplevel() on ptolemy.moml.MoMLSimpleApplication@5f56d2b8
----------------- Done invoking toplevel() on ptolemy.moml.MoMLSimpleApplication@5f56d2b8
reloadAllAccessors: .ArrayContains

===========================================================================================
----------------- testing Thu Feb 20 07:06:59 UTC 2020 /home/travis/build/icyphy/ptII/ptolemy/actor/lib/test/auto/ArrayElement.xml
----------------- Instantiating /home/travis/build/icyphy/ptII/ptolemy/actor/lib/test/auto/ArrayElement.xml
3 ms. Memory: 271360K Free: 180683K (67%)
----------------- Invoking toplevel() on ptolemy.moml.MoMLSimpleApplication@7404d5ed
----------------- Done invoking toplevel() on ptolemy.moml.MoMLSimpleApplication@7404d5ed
reloadAllAccessors: .ArrayElement

===========================================================================================
----------------- testing Thu Feb 20 07:06:59 UTC 2020 /home/travis/build/icyphy/ptII/ptolemy/actor/lib/test/auto/ArrayElementAsMatrix.xml
----------------- Instantiating /home/travis/build/icyphy/ptII/ptolemy/actor/lib/test/auto/ArrayElementAsMatrix.xml
10 ms. Memory: 271360K Free: 170957K (63%)
----------------- Invoking toplevel() on ptolemy.moml.MoMLSimpleApplication@5aaac648
----------------- Done invoking toplevel() on ptolemy.moml.MoMLSimpleApplication@5aaac648
reloadAllAccessors: .ArrayElementAsMatrix

===========================================================================================
----------------- testing Thu Feb 20 07:06:59 UTC 2020 /home/travis/build/icyphy/ptII/ptolemy/actor/lib/test/auto/ArrayElementI.xml
----------------- Instantiating /home/travis/build/icyphy/ptII/ptolemy/actor/lib/test/auto/ArrayElementI.xml
3 ms. Memory: 271360K Free: 165309K (61%)
----------------- Invoking toplevel() on ptolemy.moml.MoMLSimpleApplication@39233370
----------------- Done invoking toplevel() on ptolemy.moml.MoMLSimpleApplication@39233370
reloadAllAccessors: .ArrayElementI

===========================================================================================
----------------- testing Thu Feb 20 07:06:59 UTC 2020 /home/travis/build/icyphy/ptII/ptolemy/actor/lib/test/auto/ArrayExtract.xml
----------------- Instantiating /home/travis/build/icyphy/ptII/ptolemy/actor/lib/test/auto/ArrayExtract.xml
4 ms. Memory: 271360K Free: 157645K (58%)
----------------- Invoking toplevel() on ptolemy.moml.MoMLSimpleApplication@76a5d4a4
----------------- Done invoking toplevel() on ptolemy.moml.MoMLSimpleApplication@76a5d4a4
reloadAllAccessors: .ArrayExtract

===========================================================================================
----------------- testing Thu Feb 20 07:06:59 UTC 2020 /home/travis/build/icyphy/ptII/ptolemy/actor/lib/test/auto/ArrayExtract2.xml
----------------- Instantiating /home/travis/build/icyphy/ptII/ptolemy/actor/lib/test/auto/ArrayExtract2.xml
3 ms. Memory: 271360K Free: 151997K (56%)
----------------- Invoking toplevel() on ptolemy.moml.MoMLSimpleApplication@9435e95
----------------- Done invoking toplevel() on ptolemy.moml.MoMLSimpleApplication@9435e95
reloadAllAccessors: .ArrayExtract2

===========================================================================================
----------------- testing Thu Feb 20 07:07:00 UTC 2020 /home/travis/build/icyphy/ptII/ptolemy/actor/lib/test/auto/ArrayLength.xml
----------------- Instantiating /home/travis/build/icyphy/ptII/ptolemy/actor/lib/test/auto/ArrayLength.xml
3 ms. Memory: 271360K Free: 148429K (55%)
----------------- Invoking toplevel() on ptolemy.moml.MoMLSimpleApplication@45b636fb
----------------- Done invoking toplevel() on ptolemy.moml.MoMLSimpleApplication@45b636fb
reloadAllAccessors: .ArrayLength

===========================================================================================
----------------- testing Thu Feb 20 07:07:00 UTC 2020 /home/travis/build/icyphy/ptII/ptolemy/actor/lib/test/auto/ArrayLevelCrossing.xml
----------------- Instantiating /home/travis/build/icyphy/ptII/ptolemy/actor/lib/test/auto/ArrayLevelCrossing.xml
5 ms. Memory: 271360K Free: 140747K (52%)
----------------- Invoking toplevel() on ptolemy.moml.MoMLSimpleApplication@28c5ee69
----------------- Done invoking toplevel() on ptolemy.moml.MoMLSimpleApplication@28c5ee69
reloadAllAccessors: .ArrayLevelCrossing

===========================================================================================
----------------- testing Thu Feb 20 07:07:00 UTC 2020 /home/travis/build/icyphy/ptII/ptolemy/actor/lib/test/auto/ArrayLevelCrossing2.xml
----------------- Instantiating /home/travis/build/icyphy/ptII/ptolemy/actor/lib/test/auto/ArrayLevelCrossing2.xml
2 ms. Memory: 271360K Free: 133069K (49%)
----------------- Invoking toplevel() on ptolemy.moml.MoMLSimpleApplication@5dff9362
----------------- Done invoking toplevel() on ptolemy.moml.MoMLSimpleApplication@5dff9362
reloadAllAccessors: .ArrayLevelCrossing2

===========================================================================================
----------------- testing Thu Feb 20 07:07:00 UTC 2020 /home/travis/build/icyphy/ptII/ptolemy/actor/lib/test/auto/ArrayPeakSearch.xml
----------------- Instantiating /home/travis/build/icyphy/ptII/ptolemy/actor/lib/test/auto/ArrayPeakSearch.xml
7 ms. Memory: 271360K Free: 124363K (46%)
----------------- Invoking toplevel() on ptolemy.moml.MoMLSimpleApplication@77cf3ee1
----------------- Done invoking toplevel() on ptolemy.moml.MoMLSimpleApplication@77cf3ee1
reloadAllAccessors: .ArrayPeakSearch

===========================================================================================
----------------- testing Thu Feb 20 07:07:00 UTC 2020 /home/travis/build/icyphy/ptII/ptolemy/actor/lib/test/auto/ArrayPeakSearch2.xml
----------------- Instantiating /home/travis/build/icyphy/ptII/ptolemy/actor/lib/test/auto/ArrayPeakSearch2.xml
4 ms. Memory: 271360K Free: 113613K (42%)
----------------- Invoking toplevel() on ptolemy.moml.MoMLSimpleApplication@79970016
----------------- Done invoking toplevel() on ptolemy.moml.MoMLSimpleApplication@79970016
reloadAllAccessors: .ArrayPeakSearch2

===========================================================================================
----------------- testing Thu Feb 20 07:07:00 UTC 2020 /home/travis/build/icyphy/ptII/ptolemy/actor/lib/test/auto/ArrayPeakSearch3.xml
----------------- Instantiating /home/travis/build/icyphy/ptII/ptolemy/actor/lib/test/auto/ArrayPeakSearch3.xml
9 ms. Memory: 271360K Free: 104907K (39%)
----------------- Invoking toplevel() on ptolemy.moml.MoMLSimpleApplication@5cf78fc3
----------------- Done invoking toplevel() on ptolemy.moml.MoMLSimpleApplication@5cf78fc3
reloadAllAccessors: .ArrayPeakSearch3

===========================================================================================
----------------- testing Thu Feb 20 07:07:00 UTC 2020 /home/travis/build/icyphy/ptII/ptolemy/actor/lib/test/auto/ArrayRemoveElement.xml
----------------- Instantiating /home/travis/build/icyphy/ptII/ptolemy/actor/lib/test/auto/ArrayRemoveElement.xml
3 ms. Memory: 271360K Free: 96715K (36%)
----------------- Invoking toplevel() on ptolemy.moml.MoMLSimpleApplication@71bcac09
----------------- Done invoking toplevel() on ptolemy.moml.MoMLSimpleApplication@71bcac09
reloadAllAccessors: .ArrayRemoveElement

===========================================================================================
----------------- testing Thu Feb 20 07:07:00 UTC 2020 /home/travis/build/icyphy/ptII/ptolemy/actor/lib/test/auto/ArraySort.xml
----------------- Instantiating /home/travis/build/icyphy/ptII/ptolemy/actor/lib/test/auto/ArraySort.xml
12 ms. Memory: 271360K Free: 88013K (32%)
----------------- Invoking toplevel() on ptolemy.moml.MoMLSimpleApplication@3da77ecf
----------------- Done invoking toplevel() on ptolemy.moml.MoMLSimpleApplication@3da77ecf
reloadAllAccessors: .ArraySort

===========================================================================================
----------------- testing Thu Feb 20 07:07:00 UTC 2020 /home/travis/build/icyphy/ptII/ptolemy/actor/lib/test/auto/ArraySum.xml
----------------- Instantiating /home/travis/build/icyphy/ptII/ptolemy/actor/lib/test/auto/ArraySum.xml
15 ms. Memory: 271360K Free: 82379K (30%)
----------------- Invoking toplevel() on ptolemy.moml.MoMLSimpleApplication@560724d0
----------------- Done invoking toplevel() on ptolemy.moml.MoMLSimpleApplication@560724d0
reloadAllAccessors: .ArraySum

===========================================================================================
----------------- testing Thu Feb 20 07:07:00 UTC 2020 /home/travis/build/icyphy/ptII/ptolemy/actor/lib/test/auto/ArrayToElements.xml
----------------- Instantiating /home/travis/build/icyphy/ptII/ptolemy/actor/lib/test/auto/ArrayToElements.xml
11 ms. Memory: 271360K Free: 77259K (28%)
----------------- Invoking toplevel() on ptolemy.moml.MoMLSimpleApplication@52ce4037
----------------- Done invoking toplevel() on ptolemy.moml.MoMLSimpleApplication@52ce4037
reloadAllAccessors: .ArrayToElements

===========================================================================================
----------------- testing Thu Feb 20 07:07:00 UTC 2020 /home/travis/build/icyphy/ptII/ptolemy/actor/lib/test/auto/ArrayToMatrix.xml
----------------- Instantiating /home/travis/build/icyphy/ptII/ptolemy/actor/lib/test/auto/ArrayToMatrix.xml
10 ms. Memory: 538624K Free: 486390K (90%)
----------------- Invoking toplevel() on ptolemy.moml.MoMLSimpleApplication@12311c58
----------------- Done invoking toplevel() on ptolemy.moml.MoMLSimpleApplication@12311c58
reloadAllAccessors: .ArrayToMatrix

===========================================================================================
----------------- testing Thu Feb 20 07:07:00 UTC 2020 /home/travis/build/icyphy/ptII/ptolemy/actor/lib/test/auto/ArrayUpdate1.xml
----------------- Instantiating /home/travis/build/icyphy/ptII/ptolemy/actor/lib/test/auto/ArrayUpdate1.xml
5 ms. Memory: 538624K Free: 481270K (89%)
----------------- Invoking toplevel() on ptolemy.moml.MoMLSimpleApplication@1174bcab
----------------- Done invoking toplevel() on ptolemy.moml.MoMLSimpleApplication@1174bcab
reloadAllAccessors: .ArrayUpdate1

===========================================================================================
----------------- testing Thu Feb 20 07:07:00 UTC 2020 /home/travis/build/icyphy/ptII/ptolemy/actor/lib/test/auto/ArrayUpdate2.xml
----------------- Instantiating /home/travis/build/icyphy/ptII/ptolemy/actor/lib/test/auto/ArrayUpdate2.xml
8 ms. Memory: 538624K Free: 475112K (88%)
----------------- Invoking toplevel() on ptolemy.moml.MoMLSimpleApplication@e536a1e
----------------- Done invoking toplevel() on ptolemy.moml.MoMLSimpleApplication@e536a1e
reloadAllAccessors: .ArrayUpdate2

===========================================================================================
----------------- testing Thu Feb 20 07:07:00 UTC 2020 /home/travis/build/icyphy/ptII/ptolemy/actor/lib/test/auto/ArrayUpdate3.xml
----------------- Instantiating /home/travis/build/icyphy/ptII/ptolemy/actor/lib/test/auto/ArrayUpdate3.xml
5 ms. Memory: 538624K Free: 470006K (87%)
----------------- Invoking toplevel() on ptolemy.moml.MoMLSimpleApplication@18b74e36
----------------- Done invoking toplevel() on ptolemy.moml.MoMLSimpleApplication@18b74e36
reloadAllAccessors: .ArrayUpdate3

===========================================================================================
----------------- testing Thu Feb 20 07:07:00 UTC 2020 /home/travis/build/icyphy/ptII/ptolemy/actor/lib/test/auto/Assert1.xml
----------------- Instantiating /home/travis/build/icyphy/ptII/ptolemy/actor/lib/test/auto/Assert1.xml
5 ms. Memory: 538624K Free: 465400K (86%)
----------------- Invoking toplevel() on ptolemy.moml.MoMLSimpleApplication@31aba50
----------------- Done invoking toplevel() on ptolemy.moml.MoMLSimpleApplication@31aba50
reloadAllAccessors: .Assert1

===========================================================================================
----------------- testing Thu Feb 20 07:07:00 UTC 2020 /home/travis/build/icyphy/ptII/ptolemy/actor/lib/test/auto/Assert2.xml
----------------- Instantiating /home/travis/build/icyphy/ptII/ptolemy/actor/lib/test/auto/Assert2.xml
6 ms. Memory: 538624K Free: 460790K (86%)
----------------- Invoking toplevel() on ptolemy.moml.MoMLSimpleApplication@135f454a
----------------- Done invoking toplevel() on ptolemy.moml.MoMLSimpleApplication@135f454a
reloadAllAccessors: .Assert2

===========================================================================================
----------------- testing Thu Feb 20 07:07:00 UTC 2020 /home/travis/build/icyphy/ptII/ptolemy/actor/lib/test/auto/BooleanMultiplexor.xml
----------------- Instantiating /home/travis/build/icyphy/ptII/ptolemy/actor/lib/test/auto/BooleanMultiplexor.xml
2 ms. Memory: 538624K Free: 455160K (85%)
----------------- Invoking toplevel() on ptolemy.moml.MoMLSimpleApplication@41e1594e
----------------- Done invoking toplevel() on ptolemy.moml.MoMLSimpleApplication@41e1594e
reloadAllAccessors: .BooleanMultiplexor

===========================================================================================
----------------- testing Thu Feb 20 07:07:00 UTC 2020 /home/travis/build/icyphy/ptII/ptolemy/actor/lib/test/auto/BooleanMultiplexor2.xml
----------------- Instantiating /home/travis/build/icyphy/ptII/ptolemy/actor/lib/test/auto/BooleanMultiplexor2.xml
16 ms. Memory: 538624K Free: 449016K (83%)
----------------- Invoking toplevel() on ptolemy.moml.MoMLSimpleApplication@34f4695d
----------------- Done invoking toplevel() on ptolemy.moml.MoMLSimpleApplication@34f4695d
reloadAllAccessors: .BooleanMultiplexor2

===========================================================================================
----------------- testing Thu Feb 20 07:07:00 UTC 2020 /home/travis/build/icyphy/ptII/ptolemy/actor/lib/test/auto/BooleanMultiplexor3.xml
----------------- Instantiating /home/travis/build/icyphy/ptII/ptolemy/actor/lib/test/auto/BooleanMultiplexor3.xml
4 ms. Memory: 538624K Free: 444920K (83%)
----------------- Invoking toplevel() on ptolemy.moml.MoMLSimpleApplication@26ff5558
----------------- Done invoking toplevel() on ptolemy.moml.MoMLSimpleApplication@26ff5558
reloadAllAccessors: .BooleanMultiplexor3

===========================================================================================
----------------- testing Thu Feb 20 07:07:00 UTC 2020 /home/travis/build/icyphy/ptII/ptolemy/actor/lib/test/auto/BooleanSelect.xml
----------------- Instantiating /home/travis/build/icyphy/ptII/ptolemy/actor/lib/test/auto/BooleanSelect.xml
9 ms. Memory: 538624K Free: 439272K (82%)
----------------- Invoking toplevel() on ptolemy.moml.MoMLSimpleApplication@46474ce9
----------------- Done invoking toplevel() on ptolemy.moml.MoMLSimpleApplication@46474ce9
reloadAllAccessors: .BooleanSelect

===========================================================================================
----------------- testing Thu Feb 20 07:07:00 UTC 2020 /home/travis/build/icyphy/ptII/ptolemy/actor/lib/test/auto/BooleanSelect2.xml
----------------- Instantiating /home/travis/build/icyphy/ptII/ptolemy/actor/lib/test/auto/BooleanSelect2.xml
1 ms. Memory: 538624K Free: 434680K (81%)
----------------- Invoking toplevel() on ptolemy.moml.MoMLSimpleApplication@20c303d
----------------- Done invoking toplevel() on ptolemy.moml.MoMLSimpleApplication@20c303d
reloadAllAccessors: .BooleanSelect2

===========================================================================================
----------------- testing Thu Feb 20 07:07:00 UTC 2020 /home/travis/build/icyphy/ptII/ptolemy/actor/lib/test/auto/BooleanSwitch.xml
----------------- Instantiating /home/travis/build/icyphy/ptII/ptolemy/actor/lib/test/auto/BooleanSwitch.xml
7 ms. Memory: 538624K Free: 429046K (80%)
----------------- Invoking toplevel() on ptolemy.moml.MoMLSimpleApplication@6b38c05a
----------------- Done invoking toplevel() on ptolemy.moml.MoMLSimpleApplication@6b38c05a
reloadAllAccessors: .BooleanSwitch

===========================================================================================
----------------- testing Thu Feb 20 07:07:00 UTC 2020 /home/travis/build/icyphy/ptII/ptolemy/actor/lib/test/auto/BooleanSwitch2.xml
----------------- Instantiating /home/travis/build/icyphy/ptII/ptolemy/actor/lib/test/auto/BooleanSwitch2.xml
2 ms. Memory: 538624K Free: 424440K (79%)
----------------- Invoking toplevel() on ptolemy.moml.MoMLSimpleApplication@3ef8a34c
----------------- Done invoking toplevel() on ptolemy.moml.MoMLSimpleApplication@3ef8a34c
reloadAllAccessors: .BooleanSwitch2

===========================================================================================
----------------- testing Thu Feb 20 07:07:00 UTC 2020 /home/travis/build/icyphy/ptII/ptolemy/actor/lib/test/auto/BooleanSwitchCloningBugWithClassRelationGroup.xml
----------------- Instantiating /home/travis/build/icyphy/ptII/ptolemy/actor/lib/test/auto/BooleanSwitchCloningBugWithClassRelationGroup.xml
3 ms. Memory: 538624K Free: 418296K (78%)
----------------- Invoking toplevel() on ptolemy.moml.MoMLSimpleApplication@3f06d46e
----------------- Done invoking toplevel() on ptolemy.moml.MoMLSimpleApplication@3f06d46e
reloadAllAccessors: .BooleanSwitchCloningBugWithClassRelationGroup

===========================================================================================
----------------- testing Thu Feb 20 07:07:00 UTC 2020 /home/travis/build/icyphy/ptII/ptolemy/actor/lib/test/auto/BusActors.xml
----------------- Instantiating /home/travis/build/icyphy/ptII/ptolemy/actor/lib/test/auto/BusActors.xml
5 ms. Memory: 538624K Free: 410104K (76%)
----------------- Invoking toplevel() on ptolemy.moml.MoMLSimpleApplication@9bd09a6
----------------- Done invoking toplevel() on ptolemy.moml.MoMLSimpleApplication@9bd09a6
reloadAllAccessors: .BusActors

===========================================================================================
----------------- testing Thu Feb 20 07:07:00 UTC 2020 /home/travis/build/icyphy/ptII/ptolemy/actor/lib/test/auto/ClassWrapper.xml
----------------- Instantiating /home/travis/build/icyphy/ptII/ptolemy/actor/lib/test/auto/ClassWrapper.xml
3 ms. Memory: 538624K Free: 406008K (75%)
----------------- Invoking toplevel() on ptolemy.moml.MoMLSimpleApplication@6f2ab1cd
----------------- Done invoking toplevel() on ptolemy.moml.MoMLSimpleApplication@6f2ab1cd
reloadAllAccessors: .ClassWrapper

===========================================================================================
----------------- testing Thu Feb 20 07:07:01 UTC 2020 /home/travis/build/icyphy/ptII/ptolemy/actor/lib/test/auto/Clock.xml
----------------- Instantiating /home/travis/build/icyphy/ptII/ptolemy/actor/lib/test/auto/Clock.xml
1 ms. Memory: 538624K Free: 401912K (75%)
----------------- Invoking toplevel() on ptolemy.moml.MoMLSimpleApplication@5acb66c2
----------------- Done invoking toplevel() on ptolemy.moml.MoMLSimpleApplication@5acb66c2
reloadAllAccessors: .Clock

===========================================================================================
----------------- testing Thu Feb 20 07:07:01 UTC 2020 /home/travis/build/icyphy/ptII/ptolemy/actor/lib/test/auto/Clock10.xml
----------------- Instantiating /home/travis/build/icyphy/ptII/ptolemy/actor/lib/test/auto/Clock10.xml
6 ms. Memory: 538624K Free: 396278K (74%)
----------------- Invoking toplevel() on ptolemy.moml.MoMLSimpleApplication@5db75b1c
----------------- Done invoking toplevel() on ptolemy.moml.MoMLSimpleApplication@5db75b1c
reloadAllAccessors: .Clock10

===========================================================================================
----------------- testing Thu Feb 20 07:07:01 UTC 2020 /home/travis/build/icyphy/ptII/ptolemy/actor/lib/test/auto/Clock11.xml
----------------- Instantiating /home/travis/build/icyphy/ptII/ptolemy/actor/lib/test/auto/Clock11.xml
4 ms. Memory: 538624K Free: 390134K (72%)
----------------- Invoking toplevel() on ptolemy.moml.MoMLSimpleApplication@15cd7a3e
----------------- Done invoking toplevel() on ptolemy.moml.MoMLSimpleApplication@15cd7a3e
reloadAllAccessors: .Clock11

===========================================================================================
----------------- testing Thu Feb 20 07:07:01 UTC 2020 /home/travis/build/icyphy/ptII/ptolemy/actor/lib/test/auto/Clock12.xml
----------------- Instantiating /home/travis/build/icyphy/ptII/ptolemy/actor/lib/test/auto/Clock12.xml
5 ms. Memory: 538624K Free: 384504K (71%)
----------------- Invoking toplevel() on ptolemy.moml.MoMLSimpleApplication@73ea920f
----------------- Done invoking toplevel() on ptolemy.moml.MoMLSimpleApplication@73ea920f
reloadAllAccessors: .Clock12

===========================================================================================
----------------- testing Thu Feb 20 07:07:01 UTC 2020 /home/travis/build/icyphy/ptII/ptolemy/actor/lib/test/auto/Clock13.xml
----------------- Instantiating /home/travis/build/icyphy/ptII/ptolemy/actor/lib/test/auto/Clock13.xml
7 ms. Memory: 538624K Free: 378360K (70%)
----------------- Invoking toplevel() on ptolemy.moml.MoMLSimpleApplication@49c7a92f
----------------- Done invoking toplevel() on ptolemy.moml.MoMLSimpleApplication@49c7a92f
reloadAllAccessors: .Clock13

===========================================================================================
----------------- testing Thu Feb 20 07:07:01 UTC 2020 /home/travis/build/icyphy/ptII/ptolemy/actor/lib/test/auto/Clock14.xml
----------------- Instantiating /home/travis/build/icyphy/ptII/ptolemy/actor/lib/test/auto/Clock14.xml
6 ms. Memory: 538624K Free: 372696K (69%)
----------------- Invoking toplevel() on ptolemy.moml.MoMLSimpleApplication@31280a24
----------------- Done invoking toplevel() on ptolemy.moml.MoMLSimpleApplication@31280a24
reloadAllAccessors: .Clock14

===========================================================================================
----------------- testing Thu Feb 20 07:07:01 UTC 2020 /home/travis/build/icyphy/ptII/ptolemy/actor/lib/test/auto/Clock15.xml
----------------- Instantiating /home/travis/build/icyphy/ptII/ptolemy/actor/lib/test/auto/Clock15.xml
4 ms. Memory: 538624K Free: 366552K (68%)
----------------- Invoking toplevel() on ptolemy.moml.MoMLSimpleApplication@47446e69
----------------- Done invoking toplevel() on ptolemy.moml.MoMLSimpleApplication@47446e69
reloadAllAccessors: .Clock15

===========================================================================================
----------------- testing Thu Feb 20 07:07:01 UTC 2020 /home/travis/build/icyphy/ptII/ptolemy/actor/lib/test/auto/Clock16.xml
----------------- Instantiating /home/travis/build/icyphy/ptII/ptolemy/actor/lib/test/auto/Clock16.xml
37 ms. Memory: 538624K Free: 351720K (65%)
----------------- Invoking toplevel() on ptolemy.moml.MoMLSimpleApplication@5b3467d2
----------------- Done invoking toplevel() on ptolemy.moml.MoMLSimpleApplication@5b3467d2
reloadAllAccessors: .Clock16

===========================================================================================
----------------- testing Thu Feb 20 07:07:01 UTC 2020 /home/travis/build/icyphy/ptII/ptolemy/actor/lib/test/auto/Clock17.xml
----------------- Instantiating /home/travis/build/icyphy/ptII/ptolemy/actor/lib/test/auto/Clock17.xml
18 ms. Memory: 538624K Free: 337896K (63%)
----------------- Invoking toplevel() on ptolemy.moml.MoMLSimpleApplication@a802d0a
----------------- Done invoking toplevel() on ptolemy.moml.MoMLSimpleApplication@a802d0a
reloadAllAccessors: .Clock17

===========================================================================================
----------------- testing Thu Feb 20 07:07:01 UTC 2020 /home/travis/build/icyphy/ptII/ptolemy/actor/lib/test/auto/Clock18.xml
----------------- Instantiating /home/travis/build/icyphy/ptII/ptolemy/actor/lib/test/auto/Clock18.xml
24 ms. Memory: 538624K Free: 324584K (60%)
----------------- Invoking toplevel() on ptolemy.moml.MoMLSimpleApplication@61192dba
----------------- Done invoking toplevel() on ptolemy.moml.MoMLSimpleApplication@61192dba
reloadAllAccessors: .Clock18

===========================================================================================
----------------- testing Thu Feb 20 07:07:01 UTC 2020 /home/travis/build/icyphy/ptII/ptolemy/actor/lib/test/auto/Clock19.xml
----------------- Instantiating /home/travis/build/icyphy/ptII/ptolemy/actor/lib/test/auto/Clock19.xml
20 ms. Memory: 538624K Free: 311800K (58%)
----------------- Invoking toplevel() on ptolemy.moml.MoMLSimpleApplication@7a4dfde0
----------------- Done invoking toplevel() on ptolemy.moml.MoMLSimpleApplication@7a4dfde0
reloadAllAccessors: .Clock19

===========================================================================================
----------------- testing Thu Feb 20 07:07:01 UTC 2020 /home/travis/build/icyphy/ptII/ptolemy/actor/lib/test/auto/Clock2.xml
----------------- Instantiating /home/travis/build/icyphy/ptII/ptolemy/actor/lib/test/auto/Clock2.xml
9 ms. Memory: 538624K Free: 307160K (57%)
----------------- Invoking toplevel() on ptolemy.moml.MoMLSimpleApplication@509f15bb
----------------- Done invoking toplevel() on ptolemy.moml.MoMLSimpleApplication@509f15bb
reloadAllAccessors: .Clock2

===========================================================================================
----------------- testing Thu Feb 20 07:07:01 UTC 2020 /home/travis/build/icyphy/ptII/ptolemy/actor/lib/test/auto/Clock20.xml
----------------- Instantiating /home/travis/build/icyphy/ptII/ptolemy/actor/lib/test/auto/Clock20.xml
6 ms. Memory: 538624K Free: 301560K (56%)
----------------- Invoking toplevel() on ptolemy.moml.MoMLSimpleApplication@7e1f51ec
----------------- Done invoking toplevel() on ptolemy.moml.MoMLSimpleApplication@7e1f51ec
reloadAllAccessors: .Clock20

===========================================================================================
----------------- testing Thu Feb 20 07:07:01 UTC 2020 /home/travis/build/icyphy/ptII/ptolemy/actor/lib/test/auto/Clock21.xml
----------------- Instantiating /home/travis/build/icyphy/ptII/ptolemy/actor/lib/test/auto/Clock21.xml
4 ms. Memory: 538624K Free: 296440K (55%)
----------------- Invoking toplevel() on ptolemy.moml.MoMLSimpleApplication@12c3b2d9
----------------- Done invoking toplevel() on ptolemy.moml.MoMLSimpleApplication@12c3b2d9
reloadAllAccessors: .Clock21

===========================================================================================
----------------- testing Thu Feb 20 07:07:01 UTC 2020 /home/travis/build/icyphy/ptII/ptolemy/actor/lib/test/auto/Clock22.xml
----------------- Instantiating /home/travis/build/icyphy/ptII/ptolemy/actor/lib/test/auto/Clock22.xml
3 ms. Memory: 538624K Free: 290806K (54%)
----------------- Invoking toplevel() on ptolemy.moml.MoMLSimpleApplication@42cfa6c9
----------------- Done invoking toplevel() on ptolemy.moml.MoMLSimpleApplication@42cfa6c9
reloadAllAccessors: .Clock22

===========================================================================================
----------------- testing Thu Feb 20 07:07:01 UTC 2020 /home/travis/build/icyphy/ptII/ptolemy/actor/lib/test/auto/Clock23.xml
----------------- Instantiating /home/travis/build/icyphy/ptII/ptolemy/actor/lib/test/auto/Clock23.xml
8 ms. Memory: 538624K Free: 285686K (53%)
----------------- Invoking toplevel() on ptolemy.moml.MoMLSimpleApplication@7ae10994
----------------- Done invoking toplevel() on ptolemy.moml.MoMLSimpleApplication@7ae10994
reloadAllAccessors: .Clock23

===========================================================================================
----------------- testing Thu Feb 20 07:07:01 UTC 2020 /home/travis/build/icyphy/ptII/ptolemy/actor/lib/test/auto/Clock24.xml
----------------- Instantiating /home/travis/build/icyphy/ptII/ptolemy/actor/lib/test/auto/Clock24.xml
3 ms. Memory: 538624K Free: 280056K (52%)
----------------- Invoking toplevel() on ptolemy.moml.MoMLSimpleApplication@2637ca4c
----------------- Done invoking toplevel() on ptolemy.moml.MoMLSimpleApplication@2637ca4c
reloadAllAccessors: .Clock24

===========================================================================================
----------------- testing Thu Feb 20 07:07:01 UTC 2020 /home/travis/build/icyphy/ptII/ptolemy/actor/lib/test/auto/Clock4.xml
----------------- Instantiating /home/travis/build/icyphy/ptII/ptolemy/actor/lib/test/auto/Clock4.xml
2 ms. Memory: 538624K Free: 275416K (51%)
----------------- Invoking toplevel() on ptolemy.moml.MoMLSimpleApplication@6cc4798d
----------------- Done invoking toplevel() on ptolemy.moml.MoMLSimpleApplication@6cc4798d
reloadAllAccessors: .Clock4

===========================================================================================
----------------- testing Thu Feb 20 07:07:01 UTC 2020 /home/travis/build/icyphy/ptII/ptolemy/actor/lib/test/auto/Clock5.xml
----------------- Instantiating /home/travis/build/icyphy/ptII/ptolemy/actor/lib/test/auto/Clock5.xml
2 ms. Memory: 538624K Free: 269816K (50%)
----------------- Invoking toplevel() on ptolemy.moml.MoMLSimpleApplication@338516a2
----------------- Done invoking toplevel() on ptolemy.moml.MoMLSimpleApplication@338516a2
reloadAllAccessors: .Clock5

===========================================================================================
----------------- testing Thu Feb 20 07:07:01 UTC 2020 /home/travis/build/icyphy/ptII/ptolemy/actor/lib/test/auto/Clock6.xml
----------------- Instantiating /home/travis/build/icyphy/ptII/ptolemy/actor/lib/test/auto/Clock6.xml
3 ms. Memory: 538624K Free: 487225K (90%)
----------------- Invoking toplevel() on ptolemy.moml.MoMLSimpleApplication@1e8a858f
----------------- Done invoking toplevel() on ptolemy.moml.MoMLSimpleApplication@1e8a858f
reloadAllAccessors: .Clock6

===========================================================================================
----------------- testing Thu Feb 20 07:07:01 UTC 2020 /home/travis/build/icyphy/ptII/ptolemy/actor/lib/test/auto/Clock7.xml
----------------- Instantiating /home/travis/build/icyphy/ptII/ptolemy/actor/lib/test/auto/Clock7.xml
3 ms. Memory: 538624K Free: 483129K (90%)
----------------- Invoking toplevel() on ptolemy.moml.MoMLSimpleApplication@7446f0db
----------------- Done invoking toplevel() on ptolemy.moml.MoMLSimpleApplication@7446f0db
reloadAllAccessors: .Clock7

===========================================================================================
----------------- testing Thu Feb 20 07:07:01 UTC 2020 /home/travis/build/icyphy/ptII/ptolemy/actor/lib/test/auto/Clock8.xml
----------------- Instantiating /home/travis/build/icyphy/ptII/ptolemy/actor/lib/test/auto/Clock8.xml
2 ms. Memory: 538624K Free: 477499K (89%)
----------------- Invoking toplevel() on ptolemy.moml.MoMLSimpleApplication@1e577c6
----------------- Done invoking toplevel() on ptolemy.moml.MoMLSimpleApplication@1e577c6
reloadAllAccessors: .Clock8

===========================================================================================
----------------- testing Thu Feb 20 07:07:01 UTC 2020 /home/travis/build/icyphy/ptII/ptolemy/actor/lib/test/auto/Clock9.xml
----------------- Instantiating /home/travis/build/icyphy/ptII/ptolemy/actor/lib/test/auto/Clock9.xml
5 ms. Memory: 538624K Free: 472379K (88%)
----------------- Invoking toplevel() on ptolemy.moml.MoMLSimpleApplication@50c29758
----------------- Done invoking toplevel() on ptolemy.moml.MoMLSimpleApplication@50c29758
reloadAllAccessors: .Clock9

===========================================================================================
----------------- testing Thu Feb 20 07:07:01 UTC 2020 /home/travis/build/icyphy/ptII/ptolemy/actor/lib/test/auto/CommDistDiscard.xml
----------------- Instantiating /home/travis/build/icyphy/ptII/ptolemy/actor/lib/test/auto/CommDistDiscard.xml
4 ms. Memory: 538624K Free: 466745K (87%)
----------------- Invoking toplevel() on ptolemy.moml.MoMLSimpleApplication@1e3df36
----------------- Done invoking toplevel() on ptolemy.moml.MoMLSimpleApplication@1e3df36
reloadAllAccessors: .CommDistDiscard

===========================================================================================
----------------- testing Thu Feb 20 07:07:01 UTC 2020 /home/travis/build/icyphy/ptII/ptolemy/actor/lib/test/auto/Commutator.xml
----------------- Instantiating /home/travis/build/icyphy/ptII/ptolemy/actor/lib/test/auto/Commutator.xml
1 ms. Memory: 538624K Free: 462139K (86%)
----------------- Invoking toplevel() on ptolemy.moml.MoMLSimpleApplication@766653cc
----------------- Done invoking toplevel() on ptolemy.moml.MoMLSimpleApplication@766653cc
reloadAllAccessors: .Commutator

===========================================================================================
----------------- testing Thu Feb 20 07:07:01 UTC 2020 /home/travis/build/icyphy/ptII/ptolemy/actor/lib/test/auto/Commutator2.xml
----------------- Instantiating /home/travis/build/icyphy/ptII/ptolemy/actor/lib/test/auto/Commutator2.xml
2 ms. Memory: 538624K Free: 458043K (85%)
----------------- Invoking toplevel() on ptolemy.moml.MoMLSimpleApplication@357c72b6
----------------- Done invoking toplevel() on ptolemy.moml.MoMLSimpleApplication@357c72b6
reloadAllAccessors: .Commutator2

===========================================================================================
----------------- testing Thu Feb 20 07:07:01 UTC 2020 /home/travis/build/icyphy/ptII/ptolemy/actor/lib/test/auto/Commutator3.xml
----------------- Instantiating /home/travis/build/icyphy/ptII/ptolemy/actor/lib/test/auto/Commutator3.xml
2 ms. Memory: 538624K Free: 453433K (84%)
----------------- Invoking toplevel() on ptolemy.moml.MoMLSimpleApplication@53d3745e
----------------- Done invoking toplevel() on ptolemy.moml.MoMLSimpleApplication@53d3745e
reloadAllAccessors: .Commutator3

===========================================================================================
----------------- testing Thu Feb 20 07:07:01 UTC 2020 /home/travis/build/icyphy/ptII/ptolemy/actor/lib/test/auto/Compare.xml
----------------- Instantiating /home/travis/build/icyphy/ptII/ptolemy/actor/lib/test/auto/Compare.xml
2 ms. Memory: 538624K Free: 447289K (83%)
----------------- Invoking toplevel() on ptolemy.moml.MoMLSimpleApplication@36c37a15
----------------- Done invoking toplevel() on ptolemy.moml.MoMLSimpleApplication@36c37a15
reloadAllAccessors: .Compare

===========================================================================================
----------------- testing Thu Feb 20 07:07:01 UTC 2020 /home/travis/build/icyphy/ptII/ptolemy/actor/lib/test/auto/CompareDE.xml
----------------- Instantiating /home/travis/build/icyphy/ptII/ptolemy/actor/lib/test/auto/CompareDE.xml
5 ms. Memory: 538624K Free: 440107K (82%)
----------------- Invoking toplevel() on ptolemy.moml.MoMLSimpleApplication@2f6739eb
----------------- Done invoking toplevel() on ptolemy.moml.MoMLSimpleApplication@2f6739eb
reloadAllAccessors: .CompareDE

===========================================================================================
----------------- testing Thu Feb 20 07:07:01 UTC 2020 /home/travis/build/icyphy/ptII/ptolemy/actor/lib/test/auto/ComplexDivide.xml
----------------- Instantiating /home/travis/build/icyphy/ptII/ptolemy/actor/lib/test/auto/ComplexDivide.xml
1 ms. Memory: 538624K Free: 436025K (81%)
----------------- Invoking toplevel() on ptolemy.moml.MoMLSimpleApplication@17aa0b9d
----------------- Done invoking toplevel() on ptolemy.moml.MoMLSimpleApplication@17aa0b9d
reloadAllAccessors: .ComplexDivide

===========================================================================================
----------------- testing Thu Feb 20 07:07:01 UTC 2020 /home/travis/build/icyphy/ptII/ptolemy/actor/lib/test/auto/ComputeHistogram.xml
----------------- Instantiating /home/travis/build/icyphy/ptII/ptolemy/actor/lib/test/auto/ComputeHistogram.xml
34 ms. Memory: 538624K Free: 423737K (79%)
----------------- Invoking toplevel() on ptolemy.moml.MoMLSimpleApplication@11501b8
----------------- Done invoking toplevel() on ptolemy.moml.MoMLSimpleApplication@11501b8
reloadAllAccessors: .ComputeHistogram

===========================================================================================
----------------- testing Thu Feb 20 07:07:02 UTC 2020 /home/travis/build/icyphy/ptII/ptolemy/actor/lib/test/auto/ConfigurationSelect.xml
----------------- Instantiating /home/travis/build/icyphy/ptII/ptolemy/actor/lib/test/auto/ConfigurationSelect.xml
9 ms. Memory: 538624K Free: 418107K (78%)
----------------- Invoking toplevel() on ptolemy.moml.MoMLSimpleApplication@72a6df02
----------------- Done invoking toplevel() on ptolemy.moml.MoMLSimpleApplication@72a6df02
reloadAllAccessors: .ConfigurationSelect

===========================================================================================
----------------- testing Thu Feb 20 07:07:02 UTC 2020 /home/travis/build/icyphy/ptII/ptolemy/actor/lib/test/auto/ConfigurationSelect2.xml
----------------- Instantiating /home/travis/build/icyphy/ptII/ptolemy/actor/lib/test/auto/ConfigurationSelect2.xml
2 ms. Memory: 538624K Free: 413497K (77%)
----------------- Invoking toplevel() on ptolemy.moml.MoMLSimpleApplication@10b1ff3
----------------- Done invoking toplevel() on ptolemy.moml.MoMLSimpleApplication@10b1ff3
reloadAllAccessors: .ConfigurationSelect2

===========================================================================================
----------------- testing Thu Feb 20 07:07:02 UTC 2020 /home/travis/build/icyphy/ptII/ptolemy/actor/lib/test/auto/ConfigurationSwitch.xml
----------------- Instantiating /home/travis/build/icyphy/ptII/ptolemy/actor/lib/test/auto/ConfigurationSwitch.xml
3 ms. Memory: 538624K Free: 408377K (76%)
----------------- Invoking toplevel() on ptolemy.moml.MoMLSimpleApplication@b88a781
----------------- Done invoking toplevel() on ptolemy.moml.MoMLSimpleApplication@b88a781
reloadAllAccessors: .ConfigurationSwitch

===========================================================================================
----------------- testing Thu Feb 20 07:07:02 UTC 2020 /home/travis/build/icyphy/ptII/ptolemy/actor/lib/test/auto/ConfigurationSwitch2.xml
----------------- Instantiating /home/travis/build/icyphy/ptII/ptolemy/actor/lib/test/auto/ConfigurationSwitch2.xml
4 ms. Memory: 538624K Free: 402747K (75%)
----------------- Invoking toplevel() on ptolemy.moml.MoMLSimpleApplication@60f5e0f5
----------------- Done invoking toplevel() on ptolemy.moml.MoMLSimpleApplication@60f5e0f5
reloadAllAccessors: .ConfigurationSwitch2

===========================================================================================
----------------- testing Thu Feb 20 07:07:02 UTC 2020 /home/travis/build/icyphy/ptII/ptolemy/actor/lib/test/auto/ConfigurationSwitchCloningBugWithClassRelationGroup.xml
----------------- Instantiating /home/travis/build/icyphy/ptII/ptolemy/actor/lib/test/auto/ConfigurationSwitchCloningBugWithClassRelationGroup.xml
1 ms. Memory: 538624K Free: 396603K (74%)
----------------- Invoking toplevel() on ptolemy.moml.MoMLSimpleApplication@d9e29a0
----------------- Done invoking toplevel() on ptolemy.moml.MoMLSimpleApplication@d9e29a0
reloadAllAccessors: .ConfigurationSwitchCloningBugWithClassRelationGroup

===========================================================================================
----------------- testing Thu Feb 20 07:07:02 UTC 2020 /home/travis/build/icyphy/ptII/ptolemy/actor/lib/test/auto/ConfigurationSwitchSelectSDF.xml
----------------- Instantiating /home/travis/build/icyphy/ptII/ptolemy/actor/lib/test/auto/ConfigurationSwitchSelectSDF.xml
3 ms. Memory: 538624K Free: 390969K (73%)
----------------- Invoking toplevel() on ptolemy.moml.MoMLSimpleApplication@7e6c213e
----------------- Done invoking toplevel() on ptolemy.moml.MoMLSimpleApplication@7e6c213e
reloadAllAccessors: .ConfigurationSwitchSelectSDF

===========================================================================================
----------------- testing Thu Feb 20 07:07:02 UTC 2020 /home/travis/build/icyphy/ptII/ptolemy/actor/lib/test/auto/ConfigurationSwitchSelectSDF2.xml
----------------- Instantiating /home/travis/build/icyphy/ptII/ptolemy/actor/lib/test/auto/ConfigurationSwitchSelectSDF2.xml
2 ms. Memory: 538624K Free: 385339K (72%)
----------------- Invoking toplevel() on ptolemy.moml.MoMLSimpleApplication@3271b44
----------------- Done invoking toplevel() on ptolemy.moml.MoMLSimpleApplication@3271b44
reloadAllAccessors: .ConfigurationSwitchSelectSDF2

===========================================================================================
----------------- testing Thu Feb 20 07:07:02 UTC 2020 /home/travis/build/icyphy/ptII/ptolemy/actor/lib/test/auto/Const.xml
----------------- Instantiating /home/travis/build/icyphy/ptII/ptolemy/actor/lib/test/auto/Const.xml
1 ms. Memory: 538624K Free: 381753K (71%)
----------------- Invoking toplevel() on ptolemy.moml.MoMLSimpleApplication@6c2d091f
----------------- Done invoking toplevel() on ptolemy.moml.MoMLSimpleApplication@6c2d091f
reloadAllAccessors: .Const

===========================================================================================
----------------- testing Thu Feb 20 07:07:02 UTC 2020 /home/travis/build/icyphy/ptII/ptolemy/actor/lib/test/auto/Const2.xml
----------------- Instantiating /home/travis/build/icyphy/ptII/ptolemy/actor/lib/test/auto/Const2.xml
1 ms. Memory: 538624K Free: 377657K (70%)
----------------- Invoking toplevel() on ptolemy.moml.MoMLSimpleApplication@619a052e
----------------- Done invoking toplevel() on ptolemy.moml.MoMLSimpleApplication@619a052e
reloadAllAccessors: .Const2

===========================================================================================
----------------- testing Thu Feb 20 07:07:02 UTC 2020 /home/travis/build/icyphy/ptII/ptolemy/actor/lib/test/auto/Const3.xml
----------------- Instantiating /home/travis/build/icyphy/ptII/ptolemy/actor/lib/test/auto/Const3.xml
1 ms. Memory: 538624K Free: 375099K (70%)
----------------- Invoking toplevel() on ptolemy.moml.MoMLSimpleApplication@656c6bcc
----------------- Done invoking toplevel() on ptolemy.moml.MoMLSimpleApplication@656c6bcc
reloadAllAccessors: .Const3

===========================================================================================
----------------- testing Thu Feb 20 07:07:02 UTC 2020 /home/travis/build/icyphy/ptII/ptolemy/actor/lib/test/auto/ConstantPublisherPort1.xml
----------------- Instantiating /home/travis/build/icyphy/ptII/ptolemy/actor/lib/test/auto/ConstantPublisherPort1.xml
8 ms. Memory: 538624K Free: 365883K (68%)
----------------- Invoking toplevel() on ptolemy.moml.MoMLSimpleApplication@2fb2ad4f
----------------- Done invoking toplevel() on ptolemy.moml.MoMLSimpleApplication@2fb2ad4f
reloadAllAccessors: .ConstantPublisherPort1

===========================================================================================
----------------- testing Thu Feb 20 07:07:02 UTC 2020 /home/travis/build/icyphy/ptII/ptolemy/actor/lib/test/auto/ConstantPublisherPort2.xml
----------------- Instantiating /home/travis/build/icyphy/ptII/ptolemy/actor/lib/test/auto/ConstantPublisherPort2.xml
11 ms. Memory: 538624K Free: 358715K (67%)
----------------- Invoking toplevel() on ptolemy.moml.MoMLSimpleApplication@9d8f4ff
----------------- Done invoking toplevel() on ptolemy.moml.MoMLSimpleApplication@9d8f4ff
reloadAllAccessors: .ConstantPublisherPort2

===========================================================================================
----------------- testing Thu Feb 20 07:07:02 UTC 2020 /home/travis/build/icyphy/ptII/ptolemy/actor/lib/test/auto/ConstantPublisherPort3.xml
----------------- Instantiating /home/travis/build/icyphy/ptII/ptolemy/actor/lib/test/auto/ConstantPublisherPort3.xml
6 ms. Memory: 538624K Free: 350523K (65%)
----------------- Invoking toplevel() on ptolemy.moml.MoMLSimpleApplication@8ebdf13
----------------- Done invoking toplevel() on ptolemy.moml.MoMLSimpleApplication@8ebdf13
reloadAllAccessors: .ConstantPublisherPort3

===========================================================================================
----------------- testing Thu Feb 20 07:07:02 UTC 2020 /home/travis/build/icyphy/ptII/ptolemy/actor/lib/test/auto/ConstantPublisherPort4.xml
----------------- Instantiating /home/travis/build/icyphy/ptII/ptolemy/actor/lib/test/auto/ConstantPublisherPort4.xml
2 ms. Memory: 538624K Free: 343355K (64%)
----------------- Invoking toplevel() on ptolemy.moml.MoMLSimpleApplication@1bd19436
----------------- Done invoking toplevel() on ptolemy.moml.MoMLSimpleApplication@1bd19436
reloadAllAccessors: .ConstantPublisherPort4

===========================================================================================
----------------- testing Thu Feb 20 07:07:02 UTC 2020 /home/travis/build/icyphy/ptII/ptolemy/actor/lib/test/auto/ConstantPublisherPort5.xml
----------------- Instantiating /home/travis/build/icyphy/ptII/ptolemy/actor/lib/test/auto/ConstantPublisherPort5.xml
32 ms. Memory: 538624K Free: 334139K (62%)
----------------- Invoking toplevel() on ptolemy.moml.MoMLSimpleApplication@4d97a8e1
----------------- Done invoking toplevel() on ptolemy.moml.MoMLSimpleApplication@4d97a8e1
reloadAllAccessors: .ConstantPublisherPort5

===========================================================================================
----------------- testing Thu Feb 20 07:07:02 UTC 2020 /home/travis/build/icyphy/ptII/ptolemy/actor/lib/test/auto/ConstantPublisherPort6.xml
----------------- Instantiating /home/travis/build/icyphy/ptII/ptolemy/actor/lib/test/auto/ConstantPublisherPort6.xml
16 ms. Memory: 538624K Free: 324923K (60%)
----------------- Invoking toplevel() on ptolemy.moml.MoMLSimpleApplication@5e8f2356
----------------- Done invoking toplevel() on ptolemy.moml.MoMLSimpleApplication@5e8f2356
reloadAllAccessors: .ConstantPublisherPort6

===========================================================================================
----------------- testing Thu Feb 20 07:07:02 UTC 2020 /home/travis/build/icyphy/ptII/ptolemy/actor/lib/test/auto/ConstantPublisherPort7.xml
----------------- Instantiating /home/travis/build/icyphy/ptII/ptolemy/actor/lib/test/auto/ConstantPublisherPort7.xml
15 ms. Memory: 538624K Free: 316217K (59%)
----------------- Invoking toplevel() on ptolemy.moml.MoMLSimpleApplication@11fca767
----------------- Done invoking toplevel() on ptolemy.moml.MoMLSimpleApplication@11fca767
reloadAllAccessors: .ConstantPublisherPort7

===========================================================================================
----------------- testing Thu Feb 20 07:07:02 UTC 2020 /home/travis/build/icyphy/ptII/ptolemy/actor/lib/test/auto/ConstraintMonitor1.xml
----------------- Instantiating /home/travis/build/icyphy/ptII/ptolemy/actor/lib/test/auto/ConstraintMonitor1.xml
4 ms. Memory: 538624K Free: 311097K (58%)
----------------- Invoking toplevel() on ptolemy.moml.MoMLSimpleApplication@1959e707
----------------- Done invoking toplevel() on ptolemy.moml.MoMLSimpleApplication@1959e707
reloadAllAccessors: .ConstraintMonitor1

===========================================================================================
----------------- testing Thu Feb 20 07:07:02 UTC 2020 /home/travis/build/icyphy/ptII/ptolemy/actor/lib/test/auto/ConstraintMonitor2.xml
----------------- Instantiating /home/travis/build/icyphy/ptII/ptolemy/actor/lib/test/auto/ConstraintMonitor2.xml
4 ms. Memory: 538624K Free: 306491K (57%)
----------------- Invoking toplevel() on ptolemy.moml.MoMLSimpleApplication@795bbebc
----------------- Done invoking toplevel() on ptolemy.moml.MoMLSimpleApplication@795bbebc
reloadAllAccessors: .ConstraintMonitor2

===========================================================================================
----------------- testing Thu Feb 20 07:07:02 UTC 2020 /home/travis/build/icyphy/ptII/ptolemy/actor/lib/test/auto/ConstraintMonitor3.xml
----------------- Instantiating /home/travis/build/icyphy/ptII/ptolemy/actor/lib/test/auto/ConstraintMonitor3.xml
4 ms. Memory: 538624K Free: 301881K (56%)
----------------- Invoking toplevel() on ptolemy.moml.MoMLSimpleApplication@20613c1
----------------- Done invoking toplevel() on ptolemy.moml.MoMLSimpleApplication@20613c1
reloadAllAccessors: .ConstraintMonitor3

===========================================================================================
----------------- testing Thu Feb 20 07:07:02 UTC 2020 /home/travis/build/icyphy/ptII/ptolemy/actor/lib/test/auto/ConstraintMonitor4.xml
----------------- Instantiating /home/travis/build/icyphy/ptII/ptolemy/actor/lib/test/auto/ConstraintMonitor4.xml
2 ms. Memory: 538624K Free: 296761K (55%)
----------------- Invoking toplevel() on ptolemy.moml.MoMLSimpleApplication@7d7fc2aa
----------------- Done invoking toplevel() on ptolemy.moml.MoMLSimpleApplication@7d7fc2aa
reloadAllAccessors: .ConstraintMonitor4

===========================================================================================
----------------- testing Thu Feb 20 07:07:02 UTC 2020 /home/travis/build/icyphy/ptII/ptolemy/actor/lib/test/auto/ConstraintMonitor5.xml
----------------- Instantiating /home/travis/build/icyphy/ptII/ptolemy/actor/lib/test/auto/ConstraintMonitor5.xml
4 ms. Memory: 538624K Free: 291131K (54%)
----------------- Invoking toplevel() on ptolemy.moml.MoMLSimpleApplication@5aee08d2
----------------- Done invoking toplevel() on ptolemy.moml.MoMLSimpleApplication@5aee08d2
reloadAllAccessors: .ConstraintMonitor5

===========================================================================================
----------------- testing Thu Feb 20 07:07:02 UTC 2020 /home/travis/build/icyphy/ptII/ptolemy/actor/lib/test/auto/ConstraintMonitor6.xml
----------------- Instantiating /home/travis/build/icyphy/ptII/ptolemy/actor/lib/test/auto/ConstraintMonitor6.xml
6 ms. Memory: 538624K Free: 285483K (53%)
----------------- Invoking toplevel() on ptolemy.moml.MoMLSimpleApplication@69142128
----------------- Done invoking toplevel() on ptolemy.moml.MoMLSimpleApplication@69142128
reloadAllAccessors: .ConstraintMonitor6

===========================================================================================
----------------- testing Thu Feb 20 07:07:02 UTC 2020 /home/travis/build/icyphy/ptII/ptolemy/actor/lib/test/auto/ConstraintMonitor7.xml
----------------- Instantiating /home/travis/build/icyphy/ptII/ptolemy/actor/lib/test/auto/ConstraintMonitor7.xml
4 ms. Memory: 538624K Free: 278843K (52%)
----------------- Invoking toplevel() on ptolemy.moml.MoMLSimpleApplication@56b00575
----------------- Done invoking toplevel() on ptolemy.moml.MoMLSimpleApplication@56b00575
reloadAllAccessors: .ConstraintMonitor7

===========================================================================================
----------------- testing Thu Feb 20 07:07:02 UTC 2020 /home/travis/build/icyphy/ptII/ptolemy/actor/lib/test/auto/ConstraintMonitor8.xml
----------------- Instantiating /home/travis/build/icyphy/ptII/ptolemy/actor/lib/test/auto/ConstraintMonitor8.xml
4 ms. Memory: 538624K Free: 271675K (50%)
----------------- Invoking toplevel() on ptolemy.moml.MoMLSimpleApplication@64e4f485
----------------- Done invoking toplevel() on ptolemy.moml.MoMLSimpleApplication@64e4f485
reloadAllAccessors: .ConstraintMonitor8

===========================================================================================
----------------- testing Thu Feb 20 07:07:02 UTC 2020 /home/travis/build/icyphy/ptII/ptolemy/actor/lib/test/auto/Counter.xml
----------------- Instantiating /home/travis/build/icyphy/ptII/ptolemy/actor/lib/test/auto/Counter.xml
3 ms. Memory: 538624K Free: 266555K (49%)
----------------- Invoking toplevel() on ptolemy.moml.MoMLSimpleApplication@8e0dfc3
----------------- Done invoking toplevel() on ptolemy.moml.MoMLSimpleApplication@8e0dfc3
reloadAllAccessors: .Counter

===========================================================================================
----------------- testing Thu Feb 20 07:07:02 UTC 2020 /home/travis/build/icyphy/ptII/ptolemy/actor/lib/test/auto/CurrentTimeSDF.xml
----------------- Instantiating /home/travis/build/icyphy/ptII/ptolemy/actor/lib/test/auto/CurrentTimeSDF.xml
1 ms. Memory: 538624K Free: 262459K (49%)
----------------- Invoking toplevel() on ptolemy.moml.MoMLSimpleApplication@256d08b7
----------------- Done invoking toplevel() on ptolemy.moml.MoMLSimpleApplication@256d08b7
reloadAllAccessors: .CurrentTimeSDF

===========================================================================================
----------------- testing Thu Feb 20 07:07:02 UTC 2020 /home/travis/build/icyphy/ptII/ptolemy/actor/lib/test/auto/DB.xml
----------------- Instantiating /home/travis/build/icyphy/ptII/ptolemy/actor/lib/test/auto/DB.xml
2 ms. Memory: 538624K Free: 257339K (48%)
----------------- Invoking toplevel() on ptolemy.moml.MoMLSimpleApplication@5bfb2d34
----------------- Done invoking toplevel() on ptolemy.moml.MoMLSimpleApplication@5bfb2d34
reloadAllAccessors: .DB

===========================================================================================
----------------- testing Thu Feb 20 07:07:02 UTC 2020 /home/travis/build/icyphy/ptII/ptolemy/actor/lib/test/auto/DBDE.xml
----------------- Instantiating /home/travis/build/icyphy/ptII/ptolemy/actor/lib/test/auto/DBDE.xml
2 ms. Memory: 538624K Free: 251195K (47%)
----------------- Invoking toplevel() on ptolemy.moml.MoMLSimpleApplication@209bf6bd
----------------- Done invoking toplevel() on ptolemy.moml.MoMLSimpleApplication@209bf6bd
reloadAllAccessors: .DBDE

===========================================================================================
----------------- testing Thu Feb 20 07:07:02 UTC 2020 /home/travis/build/icyphy/ptII/ptolemy/actor/lib/test/auto/DateConstructor.xml
----------------- Instantiating /home/travis/build/icyphy/ptII/ptolemy/actor/lib/test/auto/DateConstructor.xml
27 ms. Memory: 538624K Free: 233273K (43%)
----------------- Invoking toplevel() on ptolemy.moml.MoMLSimpleApplication@529ec542
----------------- Done invoking toplevel() on ptolemy.moml.MoMLSimpleApplication@529ec542
reloadAllAccessors: .DateConstructor

===========================================================================================
----------------- testing Thu Feb 20 07:07:02 UTC 2020 /home/travis/build/icyphy/ptII/ptolemy/actor/lib/test/auto/DelayTime.xml
----------------- Instantiating /home/travis/build/icyphy/ptII/ptolemy/actor/lib/test/auto/DelayTime.xml
6 ms. Memory: 538624K Free: 228667K (42%)
----------------- Invoking toplevel() on ptolemy.moml.MoMLSimpleApplication@5bedc126
----------------- Done invoking toplevel() on ptolemy.moml.MoMLSimpleApplication@5bedc126
reloadAllAccessors: .DelayTime

===========================================================================================
----------------- testing Thu Feb 20 07:07:02 UTC 2020 /home/travis/build/icyphy/ptII/ptolemy/actor/lib/test/auto/Dictionary1.xml
----------------- Instantiating /home/travis/build/icyphy/ptII/ptolemy/actor/lib/test/auto/Dictionary1.xml
7 ms. Memory: 538624K Free: 223033K (41%)
----------------- Invoking toplevel() on ptolemy.moml.MoMLSimpleApplication@51bc58ad
----------------- Done invoking toplevel() on ptolemy.moml.MoMLSimpleApplication@51bc58ad
reloadAllAccessors: .Dictionary1

===========================================================================================
----------------- testing Thu Feb 20 07:07:02 UTC 2020 /home/travis/build/icyphy/ptII/ptolemy/actor/lib/test/auto/Dictionary2.xml
----------------- Instantiating /home/travis/build/icyphy/ptII/ptolemy/actor/lib/test/auto/Dictionary2.xml
3 ms. Memory: 538624K Free: 217403K (40%)
----------------- Invoking toplevel() on ptolemy.moml.MoMLSimpleApplication@3d253547
----------------- Done invoking toplevel() on ptolemy.moml.MoMLSimpleApplication@3d253547
reloadAllAccessors: .Dictionary2

===========================================================================================
----------------- testing Thu Feb 20 07:07:02 UTC 2020 /home/travis/build/icyphy/ptII/ptolemy/actor/lib/test/auto/Dictionary3.xml
----------------- Instantiating /home/travis/build/icyphy/ptII/ptolemy/actor/lib/test/auto/Dictionary3.xml
1 ms. Memory: 538624K Free: 211769K (39%)
----------------- Invoking toplevel() on ptolemy.moml.MoMLSimpleApplication@7b726e18
----------------- Done invoking toplevel() on ptolemy.moml.MoMLSimpleApplication@7b726e18
reloadAllAccessors: .Dictionary3

===========================================================================================
----------------- testing Thu Feb 20 07:07:02 UTC 2020 /home/travis/build/icyphy/ptII/ptolemy/actor/lib/test/auto/Dictionary4.xml
----------------- Instantiating /home/travis/build/icyphy/ptII/ptolemy/actor/lib/test/auto/Dictionary4.xml
3 ms. Memory: 538624K Free: 205115K (38%)
----------------- Invoking toplevel() on ptolemy.moml.MoMLSimpleApplication@1342959f
----------------- Done invoking toplevel() on ptolemy.moml.MoMLSimpleApplication@1342959f
reloadAllAccessors: .Dictionary4

===========================================================================================
----------------- testing Thu Feb 20 07:07:02 UTC 2020 /home/travis/build/icyphy/ptII/ptolemy/actor/lib/test/auto/Differential.xml
----------------- Instantiating /home/travis/build/icyphy/ptII/ptolemy/actor/lib/test/auto/Differential.xml
3 ms. Memory: 538624K Free: 200505K (37%)
----------------- Invoking toplevel() on ptolemy.moml.MoMLSimpleApplication@631f75f1
----------------- Done invoking toplevel() on ptolemy.moml.MoMLSimpleApplication@631f75f1
reloadAllAccessors: .Differential

===========================================================================================
----------------- testing Thu Feb 20 07:07:02 UTC 2020 /home/travis/build/icyphy/ptII/ptolemy/actor/lib/test/auto/Director.xml
----------------- Instantiating /home/travis/build/icyphy/ptII/ptolemy/actor/lib/test/auto/Director.xml
4 ms. Memory: 538624K Free: 196923K (37%)
----------------- Invoking toplevel() on ptolemy.moml.MoMLSimpleApplication@6d5167b7
----------------- Done invoking toplevel() on ptolemy.moml.MoMLSimpleApplication@6d5167b7
reloadAllAccessors: .Director

===========================================================================================
----------------- testing Thu Feb 20 07:07:02 UTC 2020 /home/travis/build/icyphy/ptII/ptolemy/actor/lib/test/auto/DiscreteClock.xml
----------------- Instantiating /home/travis/build/icyphy/ptII/ptolemy/actor/lib/test/auto/DiscreteClock.xml
1 ms. Memory: 538624K Free: 193337K (36%)
----------------- Invoking toplevel() on ptolemy.moml.MoMLSimpleApplication@5e351e04
----------------- Done invoking toplevel() on ptolemy.moml.MoMLSimpleApplication@5e351e04
reloadAllAccessors: .DiscreteClock

===========================================================================================
----------------- testing Thu Feb 20 07:07:02 UTC 2020 /home/travis/build/icyphy/ptII/ptolemy/actor/lib/test/auto/DiscreteClock10.xml
----------------- Instantiating /home/travis/build/icyphy/ptII/ptolemy/actor/lib/test/auto/DiscreteClock10.xml
3 ms. Memory: 538624K Free: 485101K (90%)
----------------- Invoking toplevel() on ptolemy.moml.MoMLSimpleApplication@190ddd0f
----------------- Done invoking toplevel() on ptolemy.moml.MoMLSimpleApplication@190ddd0f
reloadAllAccessors: .DiscreteClock10

===========================================================================================
----------------- testing Thu Feb 20 07:07:03 UTC 2020 /home/travis/build/icyphy/ptII/ptolemy/actor/lib/test/auto/DiscreteClock11.xml
----------------- Instantiating /home/travis/build/icyphy/ptII/ptolemy/actor/lib/test/auto/DiscreteClock11.xml
2 ms. Memory: 538624K Free: 478957K (89%)
----------------- Invoking toplevel() on ptolemy.moml.MoMLSimpleApplication@7626bc1d
----------------- Done invoking toplevel() on ptolemy.moml.MoMLSimpleApplication@7626bc1d
reloadAllAccessors: .DiscreteClock11

===========================================================================================
----------------- testing Thu Feb 20 07:07:03 UTC 2020 /home/travis/build/icyphy/ptII/ptolemy/actor/lib/test/auto/DiscreteClock12.xml
----------------- Instantiating /home/travis/build/icyphy/ptII/ptolemy/actor/lib/test/auto/DiscreteClock12.xml
2 ms. Memory: 538624K Free: 472813K (88%)
----------------- Invoking toplevel() on ptolemy.moml.MoMLSimpleApplication@588c2cbb
----------------- Done invoking toplevel() on ptolemy.moml.MoMLSimpleApplication@588c2cbb
reloadAllAccessors: .DiscreteClock12

===========================================================================================
----------------- testing Thu Feb 20 07:07:03 UTC 2020 /home/travis/build/icyphy/ptII/ptolemy/actor/lib/test/auto/DiscreteClock13.xml
----------------- Instantiating /home/travis/build/icyphy/ptII/ptolemy/actor/lib/test/auto/DiscreteClock13.xml
3 ms. Memory: 538624K Free: 467183K (87%)
----------------- Invoking toplevel() on ptolemy.moml.MoMLSimpleApplication@36f8d330
----------------- Done invoking toplevel() on ptolemy.moml.MoMLSimpleApplication@36f8d330
reloadAllAccessors: .DiscreteClock13

===========================================================================================
----------------- testing Thu Feb 20 07:07:03 UTC 2020 /home/travis/build/icyphy/ptII/ptolemy/actor/lib/test/auto/DiscreteClock14.xml
----------------- Instantiating /home/travis/build/icyphy/ptII/ptolemy/actor/lib/test/auto/DiscreteClock14.xml
3 ms. Memory: 538624K Free: 461039K (86%)
----------------- Invoking toplevel() on ptolemy.moml.MoMLSimpleApplication@599151fa
----------------- Done invoking toplevel() on ptolemy.moml.MoMLSimpleApplication@599151fa
reloadAllAccessors: .DiscreteClock14

===========================================================================================
----------------- testing Thu Feb 20 07:07:03 UTC 2020 /home/travis/build/icyphy/ptII/ptolemy/actor/lib/test/auto/DiscreteClock15.xml
----------------- Instantiating /home/travis/build/icyphy/ptII/ptolemy/actor/lib/test/auto/DiscreteClock15.xml
3 ms. Memory: 538624K Free: 454895K (84%)
----------------- Invoking toplevel() on ptolemy.moml.MoMLSimpleApplication@412d6543
----------------- Done invoking toplevel() on ptolemy.moml.MoMLSimpleApplication@412d6543
reloadAllAccessors: .DiscreteClock15

===========================================================================================
----------------- testing Thu Feb 20 07:07:03 UTC 2020 /home/travis/build/icyphy/ptII/ptolemy/actor/lib/test/auto/DiscreteClock16.xml
----------------- Instantiating /home/travis/build/icyphy/ptII/ptolemy/actor/lib/test/auto/DiscreteClock16.xml
20 ms. Memory: 538624K Free: 441583K (82%)
----------------- Invoking toplevel() on ptolemy.moml.MoMLSimpleApplication@cb9bb90
----------------- Done invoking toplevel() on ptolemy.moml.MoMLSimpleApplication@cb9bb90
reloadAllAccessors: .DiscreteClock16

===========================================================================================
----------------- testing Thu Feb 20 07:07:03 UTC 2020 /home/travis/build/icyphy/ptII/ptolemy/actor/lib/test/auto/DiscreteClock17.xml
----------------- Instantiating /home/travis/build/icyphy/ptII/ptolemy/actor/lib/test/auto/DiscreteClock17.xml
16 ms. Memory: 538624K Free: 426733K (79%)
----------------- Invoking toplevel() on ptolemy.moml.MoMLSimpleApplication@1bfa5276
----------------- Done invoking toplevel() on ptolemy.moml.MoMLSimpleApplication@1bfa5276
reloadAllAccessors: .DiscreteClock17

===========================================================================================
----------------- testing Thu Feb 20 07:07:03 UTC 2020 /home/travis/build/icyphy/ptII/ptolemy/actor/lib/test/auto/DiscreteClock18.xml
----------------- Instantiating /home/travis/build/icyphy/ptII/ptolemy/actor/lib/test/auto/DiscreteClock18.xml
23 ms. Memory: 538624K Free: 412911K (77%)
----------------- Invoking toplevel() on ptolemy.moml.MoMLSimpleApplication@243902e8
----------------- Done invoking toplevel() on ptolemy.moml.MoMLSimpleApplication@243902e8
reloadAllAccessors: .DiscreteClock18

===========================================================================================
----------------- testing Thu Feb 20 07:07:03 UTC 2020 /home/travis/build/icyphy/ptII/ptolemy/actor/lib/test/auto/DiscreteClock19.xml
----------------- Instantiating /home/travis/build/icyphy/ptII/ptolemy/actor/lib/test/auto/DiscreteClock19.xml
14 ms. Memory: 538624K Free: 399055K (74%)
----------------- Invoking toplevel() on ptolemy.moml.MoMLSimpleApplication@3cffbaee
----------------- Done invoking toplevel() on ptolemy.moml.MoMLSimpleApplication@3cffbaee
reloadAllAccessors: .DiscreteClock19

===========================================================================================
----------------- testing Thu Feb 20 07:07:03 UTC 2020 /home/travis/build/icyphy/ptII/ptolemy/actor/lib/test/auto/DiscreteClock2.xml
----------------- Instantiating /home/travis/build/icyphy/ptII/ptolemy/actor/lib/test/auto/DiscreteClock2.xml
4 ms. Memory: 538624K Free: 393935K (73%)
----------------- Invoking toplevel() on ptolemy.moml.MoMLSimpleApplication@755757dd
----------------- Done invoking toplevel() on ptolemy.moml.MoMLSimpleApplication@755757dd
reloadAllAccessors: .DiscreteClock2

===========================================================================================
----------------- testing Thu Feb 20 07:07:03 UTC 2020 /home/travis/build/icyphy/ptII/ptolemy/actor/lib/test/auto/DiscreteClock20.xml
----------------- Instantiating /home/travis/build/icyphy/ptII/ptolemy/actor/lib/test/auto/DiscreteClock20.xml
7 ms. Memory: 538624K Free: 388845K (72%)
----------------- Invoking toplevel() on ptolemy.moml.MoMLSimpleApplication@1ab3c7e6
----------------- Done invoking toplevel() on ptolemy.moml.MoMLSimpleApplication@1ab3c7e6
reloadAllAccessors: .DiscreteClock20

===========================================================================================
----------------- testing Thu Feb 20 07:07:03 UTC 2020 /home/travis/build/icyphy/ptII/ptolemy/actor/lib/test/auto/DiscreteClock21.xml
----------------- Instantiating /home/travis/build/icyphy/ptII/ptolemy/actor/lib/test/auto/DiscreteClock21.xml
5 ms. Memory: 538624K Free: 383215K (71%)
----------------- Invoking toplevel() on ptolemy.moml.MoMLSimpleApplication@536af5e1
----------------- Done invoking toplevel() on ptolemy.moml.MoMLSimpleApplication@536af5e1
reloadAllAccessors: .DiscreteClock21

===========================================================================================
----------------- testing Thu Feb 20 07:07:03 UTC 2020 /home/travis/build/icyphy/ptII/ptolemy/actor/lib/test/auto/DiscreteClock22.xml
----------------- Instantiating /home/travis/build/icyphy/ptII/ptolemy/actor/lib/test/auto/DiscreteClock22.xml
4 ms. Memory: 538624K Free: 377581K (70%)
----------------- Invoking toplevel() on ptolemy.moml.MoMLSimpleApplication@792616d
----------------- Done invoking toplevel() on ptolemy.moml.MoMLSimpleApplication@792616d
reloadAllAccessors: .DiscreteClock22

===========================================================================================
----------------- testing Thu Feb 20 07:07:03 UTC 2020 /home/travis/build/icyphy/ptII/ptolemy/actor/lib/test/auto/DiscreteClock23.xml
----------------- Instantiating /home/travis/build/icyphy/ptII/ptolemy/actor/lib/test/auto/DiscreteClock23.xml
9 ms. Memory: 538624K Free: 371951K (69%)
----------------- Invoking toplevel() on ptolemy.moml.MoMLSimpleApplication@4fe38d8c
----------------- Done invoking toplevel() on ptolemy.moml.MoMLSimpleApplication@4fe38d8c
reloadAllAccessors: .DiscreteClock23

===========================================================================================
----------------- testing Thu Feb 20 07:07:03 UTC 2020 /home/travis/build/icyphy/ptII/ptolemy/actor/lib/test/auto/DiscreteClock24.xml
----------------- Instantiating /home/travis/build/icyphy/ptII/ptolemy/actor/lib/test/auto/DiscreteClock24.xml
4 ms. Memory: 538624K Free: 366831K (68%)
----------------- Invoking toplevel() on ptolemy.moml.MoMLSimpleApplication@5ff281a5
----------------- Done invoking toplevel() on ptolemy.moml.MoMLSimpleApplication@5ff281a5
reloadAllAccessors: .DiscreteClock24

===========================================================================================
----------------- testing Thu Feb 20 07:07:03 UTC 2020 /home/travis/build/icyphy/ptII/ptolemy/actor/lib/test/auto/DiscreteClock4.xml
----------------- Instantiating /home/travis/build/icyphy/ptII/ptolemy/actor/lib/test/auto/DiscreteClock4.xml
4 ms. Memory: 538624K Free: 361183K (67%)
----------------- Invoking toplevel() on ptolemy.moml.MoMLSimpleApplication@506eaf04
----------------- Done invoking toplevel() on ptolemy.moml.MoMLSimpleApplication@506eaf04
reloadAllAccessors: .DiscreteClock4

===========================================================================================
----------------- testing Thu Feb 20 07:07:03 UTC 2020 /home/travis/build/icyphy/ptII/ptolemy/actor/lib/test/auto/DiscreteClock5.xml
----------------- Instantiating /home/travis/build/icyphy/ptII/ptolemy/actor/lib/test/auto/DiscreteClock5.xml
1 ms. Memory: 538624K Free: 355567K (66%)
----------------- Invoking toplevel() on ptolemy.moml.MoMLSimpleApplication@593831f4
----------------- Done invoking toplevel() on ptolemy.moml.MoMLSimpleApplication@593831f4
reloadAllAccessors: .DiscreteClock5

===========================================================================================
----------------- testing Thu Feb 20 07:07:03 UTC 2020 /home/travis/build/icyphy/ptII/ptolemy/actor/lib/test/auto/DiscreteClock6.xml
----------------- Instantiating /home/travis/build/icyphy/ptII/ptolemy/actor/lib/test/auto/DiscreteClock6.xml
1 ms. Memory: 538624K Free: 350957K (65%)
----------------- Invoking toplevel() on ptolemy.moml.MoMLSimpleApplication@1ec63c9
----------------- Done invoking toplevel() on ptolemy.moml.MoMLSimpleApplication@1ec63c9
reloadAllAccessors: .DiscreteClock6

===========================================================================================
----------------- testing Thu Feb 20 07:07:03 UTC 2020 /home/travis/build/icyphy/ptII/ptolemy/actor/lib/test/auto/DiscreteClock7.xml
----------------- Instantiating /home/travis/build/icyphy/ptII/ptolemy/actor/lib/test/auto/DiscreteClock7.xml
1 ms. Memory: 538624K Free: 345837K (64%)
----------------- Invoking toplevel() on ptolemy.moml.MoMLSimpleApplication@4eb4c5ad
----------------- Done invoking toplevel() on ptolemy.moml.MoMLSimpleApplication@4eb4c5ad
reloadAllAccessors: .DiscreteClock7

===========================================================================================
----------------- testing Thu Feb 20 07:07:03 UTC 2020 /home/travis/build/icyphy/ptII/ptolemy/actor/lib/test/auto/DiscreteClock8.xml
----------------- Instantiating /home/travis/build/icyphy/ptII/ptolemy/actor/lib/test/auto/DiscreteClock8.xml
3 ms. Memory: 538624K Free: 340703K (63%)
----------------- Invoking toplevel() on ptolemy.moml.MoMLSimpleApplication@28dfa643
----------------- Done invoking toplevel() on ptolemy.moml.MoMLSimpleApplication@28dfa643
reloadAllAccessors: .DiscreteClock8

===========================================================================================
----------------- testing Thu Feb 20 07:07:03 UTC 2020 /home/travis/build/icyphy/ptII/ptolemy/actor/lib/test/auto/DiscreteClock9.xml
----------------- Instantiating /home/travis/build/icyphy/ptII/ptolemy/actor/lib/test/auto/DiscreteClock9.xml
4 ms. Memory: 538624K Free: 335087K (62%)
----------------- Invoking toplevel() on ptolemy.moml.MoMLSimpleApplication@5acdb849
----------------- Done invoking toplevel() on ptolemy.moml.MoMLSimpleApplication@5acdb849
reloadAllAccessors: .DiscreteClock9

===========================================================================================
----------------- testing Thu Feb 20 07:07:03 UTC 2020 /home/travis/build/icyphy/ptII/ptolemy/actor/lib/test/auto/DisplayArray.xml
----------------- Instantiating /home/travis/build/icyphy/ptII/ptolemy/actor/lib/test/auto/DisplayArray.xml
1 ms. Memory: 538624K Free: 331501K (62%)
----------------- Invoking toplevel() on ptolemy.moml.MoMLSimpleApplication@6471b1ba
----------------- Done invoking toplevel() on ptolemy.moml.MoMLSimpleApplication@6471b1ba
reloadAllAccessors: .DisplayArray

===========================================================================================
----------------- testing Thu Feb 20 07:07:03 UTC 2020 /home/travis/build/icyphy/ptII/ptolemy/actor/lib/test/auto/Distributor.xml
----------------- Instantiating /home/travis/build/icyphy/ptII/ptolemy/actor/lib/test/auto/Distributor.xml
1 ms. Memory: 538624K Free: 326381K (61%)
----------------- Invoking toplevel() on ptolemy.moml.MoMLSimpleApplication@3f0d71a0
----------------- Done invoking toplevel() on ptolemy.moml.MoMLSimpleApplication@3f0d71a0
reloadAllAccessors: .Distributor

===========================================================================================
----------------- testing Thu Feb 20 07:07:03 UTC 2020 /home/travis/build/icyphy/ptII/ptolemy/actor/lib/test/auto/Distributor2.xml
----------------- Instantiating /home/travis/build/icyphy/ptII/ptolemy/actor/lib/test/auto/Distributor2.xml
1 ms. Memory: 538624K Free: 322285K (60%)
----------------- Invoking toplevel() on ptolemy.moml.MoMLSimpleApplication@5bf29bae
----------------- Done invoking toplevel() on ptolemy.moml.MoMLSimpleApplication@5bf29bae
reloadAllAccessors: .Distributor2

===========================================================================================
----------------- testing Thu Feb 20 07:07:03 UTC 2020 /home/travis/build/icyphy/ptII/ptolemy/actor/lib/test/auto/DownSample.xml
----------------- Instantiating /home/travis/build/icyphy/ptII/ptolemy/actor/lib/test/auto/DownSample.xml
1 ms. Memory: 538624K Free: 317679K (59%)
----------------- Invoking toplevel() on ptolemy.moml.MoMLSimpleApplication@2de5eb2e
----------------- Done invoking toplevel() on ptolemy.moml.MoMLSimpleApplication@2de5eb2e
reloadAllAccessors: .DownSample

===========================================================================================
----------------- testing Thu Feb 20 07:07:03 UTC 2020 /home/travis/build/icyphy/ptII/ptolemy/actor/lib/test/auto/ElectronicUnitBase1.xml
----------------- Instantiating /home/travis/build/icyphy/ptII/ptolemy/actor/lib/test/auto/ElectronicUnitBase1.xml
25 ms. Memory: 538624K Free: 301805K (56%)
----------------- Invoking toplevel() on ptolemy.moml.MoMLSimpleApplication@6b8f5432
----------------- Done invoking toplevel() on ptolemy.moml.MoMLSimpleApplication@6b8f5432
reloadAllAccessors: .ElectronicUnitBase1

===========================================================================================
----------------- testing Thu Feb 20 07:07:03 UTC 2020 /home/travis/build/icyphy/ptII/ptolemy/actor/lib/test/auto/ElementsToArray.xml
----------------- Instantiating /home/travis/build/icyphy/ptII/ptolemy/actor/lib/test/auto/ElementsToArray.xml
2 ms. Memory: 538624K Free: 296685K (55%)
----------------- Invoking toplevel() on ptolemy.moml.MoMLSimpleApplication@3000be5d
----------------- Done invoking toplevel() on ptolemy.moml.MoMLSimpleApplication@3000be5d
reloadAllAccessors: .ElementsToArray

===========================================================================================
----------------- testing Thu Feb 20 07:07:03 UTC 2020 /home/travis/build/icyphy/ptII/ptolemy/actor/lib/test/auto/Equals.xml
----------------- Instantiating /home/travis/build/icyphy/ptII/ptolemy/actor/lib/test/auto/Equals.xml
3 ms. Memory: 538624K Free: 292079K (54%)
----------------- Invoking toplevel() on ptolemy.moml.MoMLSimpleApplication@5e00ce93
----------------- Done invoking toplevel() on ptolemy.moml.MoMLSimpleApplication@5e00ce93
reloadAllAccessors: .Equals

===========================================================================================
----------------- testing Thu Feb 20 07:07:03 UTC 2020 /home/travis/build/icyphy/ptII/ptolemy/actor/lib/test/auto/Exec.xml
----------------- Instantiating /home/travis/build/icyphy/ptII/ptolemy/actor/lib/test/auto/Exec.xml
14 ms. Memory: 538624K Free: 287469K (53%)
----------------- Invoking toplevel() on ptolemy.moml.MoMLSimpleApplication@77bc90e5
----------------- Done invoking toplevel() on ptolemy.moml.MoMLSimpleApplication@77bc90e5
reloadAllAccessors: .Exec

===========================================================================================
----------------- testing Thu Feb 20 07:07:03 UTC 2020 /home/travis/build/icyphy/ptII/ptolemy/actor/lib/test/auto/ExecEnvironment.xml
----------------- Instantiating /home/travis/build/icyphy/ptII/ptolemy/actor/lib/test/auto/ExecEnvironment.xml
27 ms. Memory: 538624K Free: 281311K (52%)
----------------- Invoking toplevel() on ptolemy.moml.MoMLSimpleApplication@579e7fa9
----------------- Done invoking toplevel() on ptolemy.moml.MoMLSimpleApplication@579e7fa9
reloadAllAccessors: .ExecEnvironment

===========================================================================================
----------------- testing Thu Feb 20 07:07:03 UTC 2020 /home/travis/build/icyphy/ptII/ptolemy/actor/lib/test/auto/ExecNonZeroReturnOutput.xml
----------------- Instantiating /home/travis/build/icyphy/ptII/ptolemy/actor/lib/test/auto/ExecNonZeroReturnOutput.xml
159 ms. Memory: 538624K Free: 269551K (50%)
----------------- Invoking toplevel() on ptolemy.moml.MoMLSimpleApplication@73644ff4
----------------- Done invoking toplevel() on ptolemy.moml.MoMLSimpleApplication@73644ff4
reloadAllAccessors: .ExecNonZeroReturnOutput

===========================================================================================
----------------- testing Thu Feb 20 07:07:03 UTC 2020 /home/travis/build/icyphy/ptII/ptolemy/actor/lib/test/auto/ExecRunDemos.xml
----------------- Instantiating /home/travis/build/icyphy/ptII/ptolemy/actor/lib/test/auto/ExecRunDemos.xml
Finished: 103 ms. Memory: 129024K Free: 112452K (87%)

Finished: 54 ms. Memory: 129024K Free: 109567K (85%)

Finished: 82 ms. Memory: 129024K Free: 109570K (85%)

Finished: 84 ms. Memory: 129024K Free: 111074K (86%)

Finished: 70 ms. Memory: 129024K Free: 111899K (87%)

10979 ms. Memory: 538624K Free: 248045K (46%)
----------------- Invoking toplevel() on ptolemy.moml.MoMLSimpleApplication@13c10f7a
----------------- Done invoking toplevel() on ptolemy.moml.MoMLSimpleApplication@13c10f7a
reloadAllAccessors: .ExecRunDemos

===========================================================================================
----------------- testing Thu Feb 20 07:07:14 UTC 2020 /home/travis/build/icyphy/ptII/ptolemy/actor/lib/test/auto/ExecStop.xml
----------------- Instantiating /home/travis/build/icyphy/ptII/ptolemy/actor/lib/test/auto/ExecStop.xml
5024 ms. Memory: 538624K Free: 429475K (80%)
----------------- Invoking toplevel() on ptolemy.moml.MoMLSimpleApplication@7449535b
----------------- Done invoking toplevel() on ptolemy.moml.MoMLSimpleApplication@7449535b
reloadAllAccessors: .ExecStop

===========================================================================================
----------------- testing Thu Feb 20 07:07:20 UTC 2020 /home/travis/build/icyphy/ptII/ptolemy/actor/lib/test/auto/ExecutionTimeSDF.xml
----------------- Instantiating /home/travis/build/icyphy/ptII/ptolemy/actor/lib/test/auto/ExecutionTimeSDF.xml
Fired ExecutionTime: -1440567296
Fired ExecutionTime: 1518000000
Fired ExecutionTime: 1561200000
6009 ms. Memory: 538624K Free: 416916K (77%)
----------------- Invoking toplevel() on ptolemy.moml.MoMLSimpleApplication@346453bd
----------------- Done invoking toplevel() on ptolemy.moml.MoMLSimpleApplication@346453bd
reloadAllAccessors: .ExecutionTimeSDF

===========================================================================================
----------------- testing Thu Feb 20 07:07:26 UTC 2020 /home/travis/build/icyphy/ptII/ptolemy/actor/lib/test/auto/Expression1.xml
----------------- Instantiating /home/travis/build/icyphy/ptII/ptolemy/actor/lib/test/auto/Expression1.xml
2 ms. Memory: 538624K Free: 413348K (77%)
----------------- Invoking toplevel() on ptolemy.moml.MoMLSimpleApplication@373d6ecb
----------------- Done invoking toplevel() on ptolemy.moml.MoMLSimpleApplication@373d6ecb
reloadAllAccessors: .Expression1

===========================================================================================
----------------- testing Thu Feb 20 07:07:26 UTC 2020 /home/travis/build/icyphy/ptII/ptolemy/actor/lib/test/auto/Expression10.xml
----------------- Instantiating /home/travis/build/icyphy/ptII/ptolemy/actor/lib/test/auto/Expression10.xml
7 ms. Memory: 538624K Free: 408228K (76%)
----------------- Invoking toplevel() on ptolemy.moml.MoMLSimpleApplication@4ba135d3
----------------- Done invoking toplevel() on ptolemy.moml.MoMLSimpleApplication@4ba135d3
reloadAllAccessors: .Expression10

===========================================================================================
----------------- testing Thu Feb 20 07:07:26 UTC 2020 /home/travis/build/icyphy/ptII/ptolemy/actor/lib/test/auto/Expression11.xml
----------------- Instantiating /home/travis/build/icyphy/ptII/ptolemy/actor/lib/test/auto/Expression11.xml
2 ms. Memory: 538624K Free: 403618K (75%)
----------------- Invoking toplevel() on ptolemy.moml.MoMLSimpleApplication@30b4e1ff
----------------- Done invoking toplevel() on ptolemy.moml.MoMLSimpleApplication@30b4e1ff
reloadAllAccessors: .Expression11

===========================================================================================
----------------- testing Thu Feb 20 07:07:26 UTC 2020 /home/travis/build/icyphy/ptII/ptolemy/actor/lib/test/auto/Expression12.xml
----------------- Instantiating /home/travis/build/icyphy/ptII/ptolemy/actor/lib/test/auto/Expression12.xml
2 ms. Memory: 538624K Free: 397988K (74%)
----------------- Invoking toplevel() on ptolemy.moml.MoMLSimpleApplication@a6f24e3
----------------- Done invoking toplevel() on ptolemy.moml.MoMLSimpleApplication@a6f24e3
reloadAllAccessors: .Expression12

===========================================================================================
----------------- testing Thu Feb 20 07:07:26 UTC 2020 /home/travis/build/icyphy/ptII/ptolemy/actor/lib/test/auto/Expression13.xml
----------------- Instantiating /home/travis/build/icyphy/ptII/ptolemy/actor/lib/test/auto/Expression13.xml
4 ms. Memory: 538624K Free: 393378K (73%)
----------------- Invoking toplevel() on ptolemy.moml.MoMLSimpleApplication@542126df
----------------- Done invoking toplevel() on ptolemy.moml.MoMLSimpleApplication@542126df
reloadAllAccessors: .Expression13

===========================================================================================
----------------- testing Thu Feb 20 07:07:26 UTC 2020 /home/travis/build/icyphy/ptII/ptolemy/actor/lib/test/auto/Expression14.xml
----------------- Instantiating /home/travis/build/icyphy/ptII/ptolemy/actor/lib/test/auto/Expression14.xml
4 ms. Memory: 538624K Free: 387234K (72%)
----------------- Invoking toplevel() on ptolemy.moml.MoMLSimpleApplication@7357106
----------------- Done invoking toplevel() on ptolemy.moml.MoMLSimpleApplication@7357106
reloadAllAccessors: .Expression14

===========================================================================================
----------------- testing Thu Feb 20 07:07:26 UTC 2020 /home/travis/build/icyphy/ptII/ptolemy/actor/lib/test/auto/Expression15.xml
----------------- Instantiating /home/travis/build/icyphy/ptII/ptolemy/actor/lib/test/auto/Expression15.xml
2 ms. Memory: 538624K Free: 383652K (71%)
----------------- Invoking toplevel() on ptolemy.moml.MoMLSimpleApplication@20de0b0b
----------------- Done invoking toplevel() on ptolemy.moml.MoMLSimpleApplication@20de0b0b
reloadAllAccessors: .Expression15

===========================================================================================
----------------- testing Thu Feb 20 07:07:26 UTC 2020 /home/travis/build/icyphy/ptII/ptolemy/actor/lib/test/auto/Expression16.xml
----------------- Instantiating /home/travis/build/icyphy/ptII/ptolemy/actor/lib/test/auto/Expression16.xml
2 ms. Memory: 538624K Free: 378532K (70%)
----------------- Invoking toplevel() on ptolemy.moml.MoMLSimpleApplication@439b063c
----------------- Done invoking toplevel() on ptolemy.moml.MoMLSimpleApplication@439b063c
reloadAllAccessors: .Expression16

===========================================================================================
----------------- testing Thu Feb 20 07:07:26 UTC 2020 /home/travis/build/icyphy/ptII/ptolemy/actor/lib/test/auto/Expression17.xml
----------------- Instantiating /home/travis/build/icyphy/ptII/ptolemy/actor/lib/test/auto/Expression17.xml
3 ms. Memory: 538624K Free: 373922K (69%)
----------------- Invoking toplevel() on ptolemy.moml.MoMLSimpleApplication@12a942a6
----------------- Done invoking toplevel() on ptolemy.moml.MoMLSimpleApplication@12a942a6
reloadAllAccessors: .Expression17

===========================================================================================
----------------- testing Thu Feb 20 07:07:26 UTC 2020 /home/travis/build/icyphy/ptII/ptolemy/actor/lib/test/auto/Expression18.xml
----------------- Instantiating /home/travis/build/icyphy/ptII/ptolemy/actor/lib/test/auto/Expression18.xml
2 ms. Memory: 538624K Free: 368788K (68%)
----------------- Invoking toplevel() on ptolemy.moml.MoMLSimpleApplication@160f0648
----------------- Done invoking toplevel() on ptolemy.moml.MoMLSimpleApplication@160f0648
reloadAllAccessors: .Expression18

===========================================================================================
----------------- testing Thu Feb 20 07:07:26 UTC 2020 /home/travis/build/icyphy/ptII/ptolemy/actor/lib/test/auto/Expression2.xml
----------------- Instantiating /home/travis/build/icyphy/ptII/ptolemy/actor/lib/test/auto/Expression2.xml
3 ms. Memory: 538624K Free: 363682K (68%)
----------------- Invoking toplevel() on ptolemy.moml.MoMLSimpleApplication@4073dea0
----------------- Done invoking toplevel() on ptolemy.moml.MoMLSimpleApplication@4073dea0
reloadAllAccessors: .Expression2

===========================================================================================
----------------- testing Thu Feb 20 07:07:26 UTC 2020 /home/travis/build/icyphy/ptII/ptolemy/actor/lib/test/auto/Expression3.xml
----------------- Instantiating /home/travis/build/icyphy/ptII/ptolemy/actor/lib/test/auto/Expression3.xml
5 ms. Memory: 538624K Free: 359076K (67%)
----------------- Invoking toplevel() on ptolemy.moml.MoMLSimpleApplication@4dcebe4d
----------------- Done invoking toplevel() on ptolemy.moml.MoMLSimpleApplication@4dcebe4d
reloadAllAccessors: .Expression3

===========================================================================================
----------------- testing Thu Feb 20 07:07:26 UTC 2020 /home/travis/build/icyphy/ptII/ptolemy/actor/lib/test/auto/Expression4.xml
----------------- Instantiating /home/travis/build/icyphy/ptII/ptolemy/actor/lib/test/auto/Expression4.xml
6 ms. Memory: 538624K Free: 351394K (65%)
----------------- Invoking toplevel() on ptolemy.moml.MoMLSimpleApplication@121700d7
----------------- Done invoking toplevel() on ptolemy.moml.MoMLSimpleApplication@121700d7
reloadAllAccessors: .Expression4

===========================================================================================
----------------- testing Thu Feb 20 07:07:26 UTC 2020 /home/travis/build/icyphy/ptII/ptolemy/actor/lib/test/auto/Expression5.xml
----------------- Instantiating /home/travis/build/icyphy/ptII/ptolemy/actor/lib/test/auto/Expression5.xml
4 ms. Memory: 538624K Free: 346274K (64%)
----------------- Invoking toplevel() on ptolemy.moml.MoMLSimpleApplication@14ddffa6
----------------- Done invoking toplevel() on ptolemy.moml.MoMLSimpleApplication@14ddffa6
reloadAllAccessors: .Expression5

===========================================================================================
----------------- testing Thu Feb 20 07:07:26 UTC 2020 /home/travis/build/icyphy/ptII/ptolemy/actor/lib/test/auto/Expression6.xml
----------------- Instantiating /home/travis/build/icyphy/ptII/ptolemy/actor/lib/test/auto/Expression6.xml
2 ms. Memory: 538624K Free: 341668K (63%)
----------------- Invoking toplevel() on ptolemy.moml.MoMLSimpleApplication@4b8fb3a3
----------------- Done invoking toplevel() on ptolemy.moml.MoMLSimpleApplication@4b8fb3a3
reloadAllAccessors: .Expression6

===========================================================================================
----------------- testing Thu Feb 20 07:07:26 UTC 2020 /home/travis/build/icyphy/ptII/ptolemy/actor/lib/test/auto/Expression7.xml
----------------- Instantiating /home/travis/build/icyphy/ptII/ptolemy/actor/lib/test/auto/Expression7.xml
2 ms. Memory: 538624K Free: 337058K (63%)
----------------- Invoking toplevel() on ptolemy.moml.MoMLSimpleApplication@798276a2
----------------- Done invoking toplevel() on ptolemy.moml.MoMLSimpleApplication@798276a2
reloadAllAccessors: .Expression7

===========================================================================================
----------------- testing Thu Feb 20 07:07:26 UTC 2020 /home/travis/build/icyphy/ptII/ptolemy/actor/lib/test/auto/Expression8.xml
----------------- Instantiating /home/travis/build/icyphy/ptII/ptolemy/actor/lib/test/auto/Expression8.xml
8 ms. Memory: 538624K Free: 331938K (62%)
----------------- Invoking toplevel() on ptolemy.moml.MoMLSimpleApplication@dadfcf9
----------------- Done invoking toplevel() on ptolemy.moml.MoMLSimpleApplication@dadfcf9
reloadAllAccessors: .Expression8

===========================================================================================
----------------- testing Thu Feb 20 07:07:26 UTC 2020 /home/travis/build/icyphy/ptII/ptolemy/actor/lib/test/auto/Expression9.xml
----------------- Instantiating /home/travis/build/icyphy/ptII/ptolemy/actor/lib/test/auto/Expression9.xml
1 ms. Memory: 538624K Free: 327842K (61%)
----------------- Invoking toplevel() on ptolemy.moml.MoMLSimpleApplication@3dc3467
----------------- Done invoking toplevel() on ptolemy.moml.MoMLSimpleApplication@3dc3467
reloadAllAccessors: .Expression9

===========================================================================================
----------------- testing Thu Feb 20 07:07:26 UTC 2020 /home/travis/build/icyphy/ptII/ptolemy/actor/lib/test/auto/ExpressionConcatenateArrayType.xml
----------------- Instantiating /home/travis/build/icyphy/ptII/ptolemy/actor/lib/test/auto/ExpressionConcatenateArrayType.xml
3 ms. Memory: 538624K Free: 321698K (60%)
----------------- Invoking toplevel() on ptolemy.moml.MoMLSimpleApplication@79c94b88
----------------- Done invoking toplevel() on ptolemy.moml.MoMLSimpleApplication@79c94b88
reloadAllAccessors: .ExpressionConcatenateArrayType

===========================================================================================
----------------- testing Thu Feb 20 07:07:26 UTC 2020 /home/travis/build/icyphy/ptII/ptolemy/actor/lib/test/auto/ExpressionConcatenateArrayType2.xml
----------------- Instantiating /home/travis/build/icyphy/ptII/ptolemy/actor/lib/test/auto/ExpressionConcatenateArrayType2.xml
3 ms. Memory: 538624K Free: 315554K (59%)
----------------- Invoking toplevel() on ptolemy.moml.MoMLSimpleApplication@9e13732
----------------- Done invoking toplevel() on ptolemy.moml.MoMLSimpleApplication@9e13732
reloadAllAccessors: .ExpressionConcatenateArrayType2

===========================================================================================
----------------- testing Thu Feb 20 07:07:26 UTC 2020 /home/travis/build/icyphy/ptII/ptolemy/actor/lib/test/auto/ExpressionFix.xml
----------------- Instantiating /home/travis/build/icyphy/ptII/ptolemy/actor/lib/test/auto/ExpressionFix.xml
26 ms. Memory: 538624K Free: 308900K (57%)
----------------- Invoking toplevel() on ptolemy.moml.MoMLSimpleApplication@618ec3b0
----------------- Done invoking toplevel() on ptolemy.moml.MoMLSimpleApplication@618ec3b0
reloadAllAccessors: .ExpressionFix

===========================================================================================
----------------- testing Thu Feb 20 07:07:26 UTC 2020 /home/travis/build/icyphy/ptII/ptolemy/actor/lib/test/auto/ExpressionFix2.xml
----------------- Instantiating /home/travis/build/icyphy/ptII/ptolemy/actor/lib/test/auto/ExpressionFix2.xml
5 ms. Memory: 538624K Free: 305314K (57%)
----------------- Invoking toplevel() on ptolemy.moml.MoMLSimpleApplication@228125c0
----------------- Done invoking toplevel() on ptolemy.moml.MoMLSimpleApplication@228125c0
reloadAllAccessors: .ExpressionFix2

===========================================================================================
----------------- testing Thu Feb 20 07:07:26 UTC 2020 /home/travis/build/icyphy/ptII/ptolemy/actor/lib/test/auto/ExpressionFix3.xml
----------------- Instantiating /home/travis/build/icyphy/ptII/ptolemy/actor/lib/test/auto/ExpressionFix3.xml
2 ms. Memory: 538624K Free: 300708K (56%)
----------------- Invoking toplevel() on ptolemy.moml.MoMLSimpleApplication@1d22d619
----------------- Done invoking toplevel() on ptolemy.moml.MoMLSimpleApplication@1d22d619
reloadAllAccessors: .ExpressionFix3

===========================================================================================
----------------- testing Thu Feb 20 07:07:26 UTC 2020 /home/travis/build/icyphy/ptII/ptolemy/actor/lib/test/auto/FileWriter1.xml
----------------- Instantiating /home/travis/build/icyphy/ptII/ptolemy/actor/lib/test/auto/FileWriter1.xml
2 ms. Memory: 538624K Free: 297122K (55%)
----------------- Invoking toplevel() on ptolemy.moml.MoMLSimpleApplication@268034dd
----------------- Done invoking toplevel() on ptolemy.moml.MoMLSimpleApplication@268034dd
reloadAllAccessors: .FileWriter1

===========================================================================================
----------------- testing Thu Feb 20 07:07:26 UTC 2020 /home/travis/build/icyphy/ptII/ptolemy/actor/lib/test/auto/FileWriter2.xml
----------------- Instantiating /home/travis/build/icyphy/ptII/ptolemy/actor/lib/test/auto/FileWriter2.xml
3 ms. Memory: 538624K Free: 292516K (54%)
----------------- Invoking toplevel() on ptolemy.moml.MoMLSimpleApplication@1b87d577
----------------- Done invoking toplevel() on ptolemy.moml.MoMLSimpleApplication@1b87d577
reloadAllAccessors: .FileWriter2

===========================================================================================
----------------- testing Thu Feb 20 07:07:26 UTC 2020 /home/travis/build/icyphy/ptII/ptolemy/actor/lib/test/auto/FileWriter3.xml
----------------- Instantiating /home/travis/build/icyphy/ptII/ptolemy/actor/lib/test/auto/FileWriter3.xml
2 ms. Memory: 538624K Free: 288420K (54%)
----------------- Invoking toplevel() on ptolemy.moml.MoMLSimpleApplication@f9ae74e
----------------- Done invoking toplevel() on ptolemy.moml.MoMLSimpleApplication@f9ae74e
reloadAllAccessors: .FileWriter3

===========================================================================================
----------------- testing Thu Feb 20 07:07:26 UTC 2020 /home/travis/build/icyphy/ptII/ptolemy/actor/lib/test/auto/Gaussian.xml
----------------- Instantiating /home/travis/build/icyphy/ptII/ptolemy/actor/lib/test/auto/Gaussian.xml
2 ms. Memory: 538624K Free: 284324K (53%)
----------------- Invoking toplevel() on ptolemy.moml.MoMLSimpleApplication@2cbda6a1
----------------- Done invoking toplevel() on ptolemy.moml.MoMLSimpleApplication@2cbda6a1
reloadAllAccessors: .Gaussian

===========================================================================================
----------------- testing Thu Feb 20 07:07:26 UTC 2020 /home/travis/build/icyphy/ptII/ptolemy/actor/lib/test/auto/Gaussian1.xml
----------------- Instantiating /home/travis/build/icyphy/ptII/ptolemy/actor/lib/test/auto/Gaussian1.xml
1 ms. Memory: 538624K Free: 278660K (52%)
----------------- Invoking toplevel() on ptolemy.moml.MoMLSimpleApplication@70dff176
----------------- Done invoking toplevel() on ptolemy.moml.MoMLSimpleApplication@70dff176
reloadAllAccessors: .Gaussian1

===========================================================================================
----------------- testing Thu Feb 20 07:07:26 UTC 2020 /home/travis/build/icyphy/ptII/ptolemy/actor/lib/test/auto/Gaussian2.xml
----------------- Instantiating /home/travis/build/icyphy/ptII/ptolemy/actor/lib/test/auto/Gaussian2.xml
10 ms. Memory: 538624K Free: 273060K (51%)
----------------- Invoking toplevel() on ptolemy.moml.MoMLSimpleApplication@4e8e7ca
----------------- Done invoking toplevel() on ptolemy.moml.MoMLSimpleApplication@4e8e7ca
reloadAllAccessors: .Gaussian2

===========================================================================================
----------------- testing Thu Feb 20 07:07:26 UTC 2020 /home/travis/build/icyphy/ptII/ptolemy/actor/lib/test/auto/GradientAdaptiveLattice.xml
----------------- Instantiating /home/travis/build/icyphy/ptII/ptolemy/actor/lib/test/auto/GradientAdaptiveLattice.xml
4 ms. Memory: 538624K Free: 268450K (50%)
----------------- Invoking toplevel() on ptolemy.moml.MoMLSimpleApplication@44ea240c
----------------- Done invoking toplevel() on ptolemy.moml.MoMLSimpleApplication@44ea240c
reloadAllAccessors: .GradientAdaptiveLattice

===========================================================================================
----------------- testing Thu Feb 20 07:07:26 UTC 2020 /home/travis/build/icyphy/ptII/ptolemy/actor/lib/test/auto/IIR.xml
----------------- Instantiating /home/travis/build/icyphy/ptII/ptolemy/actor/lib/test/auto/IIR.xml
1 ms. Memory: 538624K Free: 263844K (49%)
----------------- Invoking toplevel() on ptolemy.moml.MoMLSimpleApplication@e52f17
----------------- Done invoking toplevel() on ptolemy.moml.MoMLSimpleApplication@e52f17
reloadAllAccessors: .IIR

===========================================================================================
----------------- testing Thu Feb 20 07:07:26 UTC 2020 /home/travis/build/icyphy/ptII/ptolemy/actor/lib/test/auto/InputOutputTransparentPorts.xml
----------------- Instantiating /home/travis/build/icyphy/ptII/ptolemy/actor/lib/test/auto/InputOutputTransparentPorts.xml
2 ms. Memory: 538624K Free: 257186K (48%)
----------------- Invoking toplevel() on ptolemy.moml.MoMLSimpleApplication@7b57ed72
----------------- Done invoking toplevel() on ptolemy.moml.MoMLSimpleApplication@7b57ed72
reloadAllAccessors: .InputOutputTransparentPorts

===========================================================================================
----------------- testing Thu Feb 20 07:07:26 UTC 2020 /home/travis/build/icyphy/ptII/ptolemy/actor/lib/test/auto/Interpolator.xml
----------------- Instantiating /home/travis/build/icyphy/ptII/ptolemy/actor/lib/test/auto/Interpolator.xml
6 ms. Memory: 538624K Free: 252578K (47%)
----------------- Invoking toplevel() on ptolemy.moml.MoMLSimpleApplication@12065429
----------------- Done invoking toplevel() on ptolemy.moml.MoMLSimpleApplication@12065429
reloadAllAccessors: .Interpolator

===========================================================================================
----------------- testing Thu Feb 20 07:07:26 UTC 2020 /home/travis/build/icyphy/ptII/ptolemy/actor/lib/test/auto/InterpolatorFiringLimitDE.xml
----------------- Instantiating /home/travis/build/icyphy/ptII/ptolemy/actor/lib/test/auto/InterpolatorFiringLimitDE.xml
2 ms. Memory: 538624K Free: 246436K (46%)
----------------- Invoking toplevel() on ptolemy.moml.MoMLSimpleApplication@2e0e4310
----------------- Done invoking toplevel() on ptolemy.moml.MoMLSimpleApplication@2e0e4310
reloadAllAccessors: .InterpolatorFiringLimitDE

===========================================================================================
----------------- testing Thu Feb 20 07:07:26 UTC 2020 /home/travis/build/icyphy/ptII/ptolemy/actor/lib/test/auto/Lattice.xml
----------------- Instantiating /home/travis/build/icyphy/ptII/ptolemy/actor/lib/test/auto/Lattice.xml
1 ms. Memory: 538624K Free: 242850K (45%)
----------------- Invoking toplevel() on ptolemy.moml.MoMLSimpleApplication@64bca492
----------------- Done invoking toplevel() on ptolemy.moml.MoMLSimpleApplication@64bca492
reloadAllAccessors: .Lattice

===========================================================================================
----------------- testing Thu Feb 20 07:07:26 UTC 2020 /home/travis/build/icyphy/ptII/ptolemy/actor/lib/test/auto/LazyAOCTestLazy.xml
----------------- Instantiating /home/travis/build/icyphy/ptII/ptolemy/actor/lib/test/auto/LazyAOCTestLazy.xml
21 ms. Memory: 538624K Free: 236692K (44%)
----------------- Invoking toplevel() on ptolemy.moml.MoMLSimpleApplication@7f09b63e
----------------- Done invoking toplevel() on ptolemy.moml.MoMLSimpleApplication@7f09b63e
reloadAllAccessors: .LazyAOCTestLazy

===========================================================================================
----------------- testing Thu Feb 20 07:07:26 UTC 2020 /home/travis/build/icyphy/ptII/ptolemy/actor/lib/test/auto/LazyAOCTestNonLazy.xml
----------------- Instantiating /home/travis/build/icyphy/ptII/ptolemy/actor/lib/test/auto/LazyAOCTestNonLazy.xml
2 ms. Memory: 538624K Free: 230052K (43%)
----------------- Invoking toplevel() on ptolemy.moml.MoMLSimpleApplication@62a4214
----------------- Done invoking toplevel() on ptolemy.moml.MoMLSimpleApplication@62a4214
reloadAllAccessors: .LazyAOCTestNonLazy

===========================================================================================
----------------- testing Thu Feb 20 07:07:26 UTC 2020 /home/travis/build/icyphy/ptII/ptolemy/actor/lib/test/auto/LazyInnerClass.xml
----------------- Instantiating /home/travis/build/icyphy/ptII/ptolemy/actor/lib/test/auto/LazyInnerClass.xml
21 ms. Memory: 538624K Free: 221860K (41%)
----------------- Invoking toplevel() on ptolemy.moml.MoMLSimpleApplication@343bdaff
----------------- Done invoking toplevel() on ptolemy.moml.MoMLSimpleApplication@343bdaff
reloadAllAccessors: .LazyInnerClass

===========================================================================================
----------------- testing Thu Feb 20 07:07:26 UTC 2020 /home/travis/build/icyphy/ptII/ptolemy/actor/lib/test/auto/LazyPubSub.xml
----------------- Instantiating /home/travis/build/icyphy/ptII/ptolemy/actor/lib/test/auto/LazyPubSub.xml
30 ms. Memory: 538624K Free: 211620K (39%)
----------------- Invoking toplevel() on ptolemy.moml.MoMLSimpleApplication@70f6a7c1
----------------- Done invoking toplevel() on ptolemy.moml.MoMLSimpleApplication@70f6a7c1
reloadAllAccessors: .LazyPubSub

===========================================================================================
----------------- testing Thu Feb 20 07:07:27 UTC 2020 /home/travis/build/icyphy/ptII/ptolemy/actor/lib/test/auto/LazyPubSub2.xml
----------------- Instantiating /home/travis/build/icyphy/ptII/ptolemy/actor/lib/test/auto/LazyPubSub2.xml
17 ms. Memory: 538624K Free: 201890K (37%)
----------------- Invoking toplevel() on ptolemy.moml.MoMLSimpleApplication@6814fdb3
----------------- Done invoking toplevel() on ptolemy.moml.MoMLSimpleApplication@6814fdb3
reloadAllAccessors: .LazyPubSub2

===========================================================================================
----------------- testing Thu Feb 20 07:07:27 UTC 2020 /home/travis/build/icyphy/ptII/ptolemy/actor/lib/test/auto/LazyPubSub3.xml
----------------- Instantiating /home/travis/build/icyphy/ptII/ptolemy/actor/lib/test/auto/LazyPubSub3.xml
16 ms. Memory: 538624K Free: 192164K (36%)
----------------- Invoking toplevel() on ptolemy.moml.MoMLSimpleApplication@1e3cc604
----------------- Done invoking toplevel() on ptolemy.moml.MoMLSimpleApplication@1e3cc604
reloadAllAccessors: .LazyPubSub3

===========================================================================================
----------------- testing Thu Feb 20 07:07:27 UTC 2020 /home/travis/build/icyphy/ptII/ptolemy/actor/lib/test/auto/LazySubClassModel.xml
----------------- Instantiating /home/travis/build/icyphy/ptII/ptolemy/actor/lib/test/auto/LazySubClassModel.xml
2 ms. Memory: 538624K Free: 182948K (34%)
----------------- Invoking toplevel() on ptolemy.moml.MoMLSimpleApplication@e1c2e5e
----------------- Done invoking toplevel() on ptolemy.moml.MoMLSimpleApplication@e1c2e5e
reloadAllAccessors: .LazySubClassModel

===========================================================================================
----------------- testing Thu Feb 20 07:07:27 UTC 2020 /home/travis/build/icyphy/ptII/ptolemy/actor/lib/test/auto/LevelCrossTest1.xml
----------------- Instantiating /home/travis/build/icyphy/ptII/ptolemy/actor/lib/test/auto/LevelCrossTest1.xml
2 ms. Memory: 538624K Free: 177314K (33%)
----------------- Invoking toplevel() on ptolemy.moml.MoMLSimpleApplication@6a0a67a8
----------------- Done invoking toplevel() on ptolemy.moml.MoMLSimpleApplication@6a0a67a8
reloadAllAccessors: .broken

===========================================================================================
----------------- testing Thu Feb 20 07:07:27 UTC 2020 /home/travis/build/icyphy/ptII/ptolemy/actor/lib/test/auto/LevelCrossTest10.xml
----------------- Instantiating /home/travis/build/icyphy/ptII/ptolemy/actor/lib/test/auto/LevelCrossTest10.xml
1 ms. Memory: 538624K Free: 170660K (32%)
----------------- Invoking toplevel() on ptolemy.moml.MoMLSimpleApplication@7771c40b
----------------- Done invoking toplevel() on ptolemy.moml.MoMLSimpleApplication@7771c40b
reloadAllAccessors: .LevelCrossTest10

===========================================================================================
----------------- testing Thu Feb 20 07:07:27 UTC 2020 /home/travis/build/icyphy/ptII/ptolemy/actor/lib/test/auto/LevelCrossTest11.xml
----------------- Instantiating /home/travis/build/icyphy/ptII/ptolemy/actor/lib/test/auto/LevelCrossTest11.xml
1 ms. Memory: 538624K Free: 482560K (90%)
----------------- Invoking toplevel() on ptolemy.moml.MoMLSimpleApplication@2ba37313
----------------- Done invoking toplevel() on ptolemy.moml.MoMLSimpleApplication@2ba37313
reloadAllAccessors: .LevelCrossTest11

===========================================================================================
----------------- testing Thu Feb 20 07:07:27 UTC 2020 /home/travis/build/icyphy/ptII/ptolemy/actor/lib/test/auto/LevelCrossTest12.xml
----------------- Instantiating /home/travis/build/icyphy/ptII/ptolemy/actor/lib/test/auto/LevelCrossTest12.xml
2 ms. Memory: 538624K Free: 475902K (88%)
----------------- Invoking toplevel() on ptolemy.moml.MoMLSimpleApplication@608059fc
----------------- Done invoking toplevel() on ptolemy.moml.MoMLSimpleApplication@608059fc
reloadAllAccessors: .LevelCrossTest12

===========================================================================================
----------------- testing Thu Feb 20 07:07:27 UTC 2020 /home/travis/build/icyphy/ptII/ptolemy/actor/lib/test/auto/LevelCrossTest13.xml
----------------- Instantiating /home/travis/build/icyphy/ptII/ptolemy/actor/lib/test/auto/LevelCrossTest13.xml
1 ms. Memory: 538624K Free: 468734K (87%)
----------------- Invoking toplevel() on ptolemy.moml.MoMLSimpleApplication@12574fb6
----------------- Done invoking toplevel() on ptolemy.moml.MoMLSimpleApplication@12574fb6
reloadAllAccessors: .LevelCrossTest13

===========================================================================================
----------------- testing Thu Feb 20 07:07:27 UTC 2020 /home/travis/build/icyphy/ptII/ptolemy/actor/lib/test/auto/LevelCrossTest2.xml
----------------- Instantiating /home/travis/build/icyphy/ptII/ptolemy/actor/lib/test/auto/LevelCrossTest2.xml
2 ms. Memory: 538624K Free: 463104K (86%)
----------------- Invoking toplevel() on ptolemy.moml.MoMLSimpleApplication@52f8c044
----------------- Done invoking toplevel() on ptolemy.moml.MoMLSimpleApplication@52f8c044
reloadAllAccessors: .broken

===========================================================================================
----------------- testing Thu Feb 20 07:07:27 UTC 2020 /home/travis/build/icyphy/ptII/ptolemy/actor/lib/test/auto/LevelCrossTest3.xml
----------------- Instantiating /home/travis/build/icyphy/ptII/ptolemy/actor/lib/test/auto/LevelCrossTest3.xml
1 ms. Memory: 538624K Free: 456960K (85%)
----------------- Invoking toplevel() on ptolemy.moml.MoMLSimpleApplication@3e6d5b85
----------------- Done invoking toplevel() on ptolemy.moml.MoMLSimpleApplication@3e6d5b85
reloadAllAccessors: .LevelCrossTest3

===========================================================================================
----------------- testing Thu Feb 20 07:07:27 UTC 2020 /home/travis/build/icyphy/ptII/ptolemy/actor/lib/test/auto/LevelCrossTest4.xml
----------------- Instantiating /home/travis/build/icyphy/ptII/ptolemy/actor/lib/test/auto/LevelCrossTest4.xml
2 ms. Memory: 538624K Free: 452350K (84%)
----------------- Invoking toplevel() on ptolemy.moml.MoMLSimpleApplication@118f5eb7
----------------- Done invoking toplevel() on ptolemy.moml.MoMLSimpleApplication@118f5eb7
reloadAllAccessors: .broken

===========================================================================================
----------------- testing Thu Feb 20 07:07:27 UTC 2020 /home/travis/build/icyphy/ptII/ptolemy/actor/lib/test/auto/LevelCrossTest5.xml
----------------- Instantiating /home/travis/build/icyphy/ptII/ptolemy/actor/lib/test/auto/LevelCrossTest5.xml
4 ms. Memory: 538624K Free: 446206K (83%)
----------------- Invoking toplevel() on ptolemy.moml.MoMLSimpleApplication@3b78403c
----------------- Done invoking toplevel() on ptolemy.moml.MoMLSimpleApplication@3b78403c
reloadAllAccessors: .LevelCrossTest5

===========================================================================================
----------------- testing Thu Feb 20 07:07:27 UTC 2020 /home/travis/build/icyphy/ptII/ptolemy/actor/lib/test/auto/LevelCrossTest6.xml
----------------- Instantiating /home/travis/build/icyphy/ptII/ptolemy/actor/lib/test/auto/LevelCrossTest6.xml
2 ms. Memory: 538624K Free: 439552K (82%)
----------------- Invoking toplevel() on ptolemy.moml.MoMLSimpleApplication@4d2cb3ec
----------------- Done invoking toplevel() on ptolemy.moml.MoMLSimpleApplication@4d2cb3ec
reloadAllAccessors: .LevelCrossTest6

===========================================================================================
----------------- testing Thu Feb 20 07:07:27 UTC 2020 /home/travis/build/icyphy/ptII/ptolemy/actor/lib/test/auto/LevelCrossTest7.xml
----------------- Instantiating /home/travis/build/icyphy/ptII/ptolemy/actor/lib/test/auto/LevelCrossTest7.xml
2 ms. Memory: 538624K Free: 432384K (80%)
----------------- Invoking toplevel() on ptolemy.moml.MoMLSimpleApplication@f321711
----------------- Done invoking toplevel() on ptolemy.moml.MoMLSimpleApplication@f321711
reloadAllAccessors: .LevelCrossTest7

===========================================================================================
----------------- testing Thu Feb 20 07:07:27 UTC 2020 /home/travis/build/icyphy/ptII/ptolemy/actor/lib/test/auto/LevelCrossTest8.xml
----------------- Instantiating /home/travis/build/icyphy/ptII/ptolemy/actor/lib/test/auto/LevelCrossTest8.xml
1 ms. Memory: 538624K Free: 425216K (79%)
----------------- Invoking toplevel() on ptolemy.moml.MoMLSimpleApplication@64dc29b2
----------------- Done invoking toplevel() on ptolemy.moml.MoMLSimpleApplication@64dc29b2
reloadAllAccessors: .LevelCrossTest8

===========================================================================================
----------------- testing Thu Feb 20 07:07:27 UTC 2020 /home/travis/build/icyphy/ptII/ptolemy/actor/lib/test/auto/LevelCrossTest9.xml
----------------- Instantiating /home/travis/build/icyphy/ptII/ptolemy/actor/lib/test/auto/LevelCrossTest9.xml
10 ms. Memory: 538624K Free: 418048K (78%)
----------------- Invoking toplevel() on ptolemy.moml.MoMLSimpleApplication@5144dcff
----------------- Done invoking toplevel() on ptolemy.moml.MoMLSimpleApplication@5144dcff
reloadAllAccessors: .LevelCrossTest9

===========================================================================================
----------------- testing Thu Feb 20 07:07:27 UTC 2020 /home/travis/build/icyphy/ptII/ptolemy/actor/lib/test/auto/LevinsonDurbin.xml
----------------- Instantiating /home/travis/build/icyphy/ptII/ptolemy/actor/lib/test/auto/LevinsonDurbin.xml
1 ms. Memory: 538624K Free: 413952K (77%)
----------------- Invoking toplevel() on ptolemy.moml.MoMLSimpleApplication@415c91b2
----------------- Done invoking toplevel() on ptolemy.moml.MoMLSimpleApplication@415c91b2
reloadAllAccessors: .LevinsonDurbin

===========================================================================================
----------------- testing Thu Feb 20 07:07:27 UTC 2020 /home/travis/build/icyphy/ptII/ptolemy/actor/lib/test/auto/LevinsonDurbin2.xml
----------------- Instantiating /home/travis/build/icyphy/ptII/ptolemy/actor/lib/test/auto/LevinsonDurbin2.xml
1 ms. Memory: 538624K Free: 410366K (76%)
----------------- Invoking toplevel() on ptolemy.moml.MoMLSimpleApplication@48973e3e
----------------- Done invoking toplevel() on ptolemy.moml.MoMLSimpleApplication@48973e3e
reloadAllAccessors: .LevinsonDurbin2

===========================================================================================
----------------- testing Thu Feb 20 07:07:27 UTC 2020 /home/travis/build/icyphy/ptII/ptolemy/actor/lib/test/auto/LevinsonDurbin3.xml
----------------- Instantiating /home/travis/build/icyphy/ptII/ptolemy/actor/lib/test/auto/LevinsonDurbin3.xml
3 ms. Memory: 538624K Free: 406270K (75%)
----------------- Invoking toplevel() on ptolemy.moml.MoMLSimpleApplication@14f6832f
----------------- Done invoking toplevel() on ptolemy.moml.MoMLSimpleApplication@14f6832f
reloadAllAccessors: .LevinsonDurbin3

===========================================================================================
----------------- testing Thu Feb 20 07:07:27 UTC 2020 /home/travis/build/icyphy/ptII/ptolemy/actor/lib/test/auto/Limiter.xml
----------------- Instantiating /home/travis/build/icyphy/ptII/ptolemy/actor/lib/test/auto/Limiter.xml
4 ms. Memory: 538624K Free: 397024K (74%)
----------------- Invoking toplevel() on ptolemy.moml.MoMLSimpleApplication@23d09c1f
----------------- Done invoking toplevel() on ptolemy.moml.MoMLSimpleApplication@23d09c1f
reloadAllAccessors: .Limiter

===========================================================================================
----------------- testing Thu Feb 20 07:07:27 UTC 2020 /home/travis/build/icyphy/ptII/ptolemy/actor/lib/test/auto/LinearDifferenceEquationSystem.xml
----------------- Instantiating /home/travis/build/icyphy/ptII/ptolemy/actor/lib/test/auto/LinearDifferenceEquationSystem.xml
3 ms. Memory: 538624K Free: 389886K (72%)
----------------- Invoking toplevel() on ptolemy.moml.MoMLSimpleApplication@bdfde38
----------------- Done invoking toplevel() on ptolemy.moml.MoMLSimpleApplication@bdfde38
reloadAllAccessors: .LinearDifferenceEquationSystem

===========================================================================================
----------------- testing Thu Feb 20 07:07:27 UTC 2020 /home/travis/build/icyphy/ptII/ptolemy/actor/lib/test/auto/LookupTable.xml
----------------- Instantiating /home/travis/build/icyphy/ptII/ptolemy/actor/lib/test/auto/LookupTable.xml
2 ms. Memory: 538624K Free: 385280K (72%)
----------------- Invoking toplevel() on ptolemy.moml.MoMLSimpleApplication@a698396
----------------- Done invoking toplevel() on ptolemy.moml.MoMLSimpleApplication@a698396
reloadAllAccessors: .LookupTable

===========================================================================================
----------------- testing Thu Feb 20 07:07:27 UTC 2020 /home/travis/build/icyphy/ptII/ptolemy/actor/lib/test/auto/MathFunction.xml
----------------- Instantiating /home/travis/build/icyphy/ptII/ptolemy/actor/lib/test/auto/MathFunction.xml
2 ms. Memory: 538624K Free: 377088K (70%)
----------------- Invoking toplevel() on ptolemy.moml.MoMLSimpleApplication@4553196
----------------- Done invoking toplevel() on ptolemy.moml.MoMLSimpleApplication@4553196
reloadAllAccessors: .MathFunction

===========================================================================================
----------------- testing Thu Feb 20 07:07:27 UTC 2020 /home/travis/build/icyphy/ptII/ptolemy/actor/lib/test/auto/MathFunction2.xml
----------------- Instantiating /home/travis/build/icyphy/ptII/ptolemy/actor/lib/test/auto/MathFunction2.xml
2 ms. Memory: 538624K Free: 372992K (69%)
----------------- Invoking toplevel() on ptolemy.moml.MoMLSimpleApplication@29298f1f
----------------- Done invoking toplevel() on ptolemy.moml.MoMLSimpleApplication@29298f1f
reloadAllAccessors: .MathFunction2

===========================================================================================
----------------- testing Thu Feb 20 07:07:27 UTC 2020 /home/travis/build/icyphy/ptII/ptolemy/actor/lib/test/auto/MathFunction3.xml
----------------- Instantiating /home/travis/build/icyphy/ptII/ptolemy/actor/lib/test/auto/MathFunction3.xml
2 ms. Memory: 538624K Free: 366334K (68%)
----------------- Invoking toplevel() on ptolemy.moml.MoMLSimpleApplication@2af0f3f9
----------------- Done invoking toplevel() on ptolemy.moml.MoMLSimpleApplication@2af0f3f9
reloadAllAccessors: .MathFunction3

===========================================================================================
----------------- testing Thu Feb 20 07:07:27 UTC 2020 /home/travis/build/icyphy/ptII/ptolemy/actor/lib/test/auto/MatrixCropBoolean.xml
----------------- Instantiating /home/travis/build/icyphy/ptII/ptolemy/actor/lib/test/auto/MatrixCropBoolean.xml
2 ms. Memory: 538624K Free: 361200K (67%)
----------------- Invoking toplevel() on ptolemy.moml.MoMLSimpleApplication@36307589
----------------- Done invoking toplevel() on ptolemy.moml.MoMLSimpleApplication@36307589
reloadAllAccessors: .MatrixCropBoolean

===========================================================================================
----------------- testing Thu Feb 20 07:07:27 UTC 2020 /home/travis/build/icyphy/ptII/ptolemy/actor/lib/test/auto/MatrixCropComplex.xml
----------------- Instantiating /home/travis/build/icyphy/ptII/ptolemy/actor/lib/test/auto/MatrixCropComplex.xml
2 ms. Memory: 538624K Free: 356064K (66%)
----------------- Invoking toplevel() on ptolemy.moml.MoMLSimpleApplication@4b53a2dc
----------------- Done invoking toplevel() on ptolemy.moml.MoMLSimpleApplication@4b53a2dc
reloadAllAccessors: .MatrixCropComplex

===========================================================================================
----------------- testing Thu Feb 20 07:07:27 UTC 2020 /home/travis/build/icyphy/ptII/ptolemy/actor/lib/test/auto/MatrixCropDouble.xml
----------------- Instantiating /home/travis/build/icyphy/ptII/ptolemy/actor/lib/test/auto/MatrixCropDouble.xml
2 ms. Memory: 538624K Free: 351488K (65%)
----------------- Invoking toplevel() on ptolemy.moml.MoMLSimpleApplication@4c02a277
----------------- Done invoking toplevel() on ptolemy.moml.MoMLSimpleApplication@4c02a277
reloadAllAccessors: .MatrixCropDouble

===========================================================================================
----------------- testing Thu Feb 20 07:07:27 UTC 2020 /home/travis/build/icyphy/ptII/ptolemy/actor/lib/test/auto/MatrixCropFix.xml
----------------- Instantiating /home/travis/build/icyphy/ptII/ptolemy/actor/lib/test/auto/MatrixCropFix.xml
2 ms. Memory: 538624K Free: 346368K (64%)
----------------- Invoking toplevel() on ptolemy.moml.MoMLSimpleApplication@67aaabd6
----------------- Done invoking toplevel() on ptolemy.moml.MoMLSimpleApplication@67aaabd6
reloadAllAccessors: .MatrixCropFix

===========================================================================================
----------------- testing Thu Feb 20 07:07:27 UTC 2020 /home/travis/build/icyphy/ptII/ptolemy/actor/lib/test/auto/MatrixCropInt.xml
----------------- Instantiating /home/travis/build/icyphy/ptII/ptolemy/actor/lib/test/auto/MatrixCropInt.xml
2 ms. Memory: 538624K Free: 341248K (63%)
----------------- Invoking toplevel() on ptolemy.moml.MoMLSimpleApplication@58e67333
----------------- Done invoking toplevel() on ptolemy.moml.MoMLSimpleApplication@58e67333
reloadAllAccessors: .MatrixCropInt

===========================================================================================
----------------- testing Thu Feb 20 07:07:27 UTC 2020 /home/travis/build/icyphy/ptII/ptolemy/actor/lib/test/auto/MatrixCropLong.xml
----------------- Instantiating /home/travis/build/icyphy/ptII/ptolemy/actor/lib/test/auto/MatrixCropLong.xml
2 ms. Memory: 538624K Free: 336632K (62%)
----------------- Invoking toplevel() on ptolemy.moml.MoMLSimpleApplication@1825b768
----------------- Done invoking toplevel() on ptolemy.moml.MoMLSimpleApplication@1825b768
reloadAllAccessors: .MatrixCropLong

===========================================================================================
----------------- testing Thu Feb 20 07:07:27 UTC 2020 /home/travis/build/icyphy/ptII/ptolemy/actor/lib/test/auto/MatrixToArray.xml
----------------- Instantiating /home/travis/build/icyphy/ptII/ptolemy/actor/lib/test/auto/MatrixToArray.xml
6 ms. Memory: 538624K Free: 321278K (60%)
----------------- Invoking toplevel() on ptolemy.moml.MoMLSimpleApplication@384d20bc
----------------- Done invoking toplevel() on ptolemy.moml.MoMLSimpleApplication@384d20bc
reloadAllAccessors: .MatrixToArray

===========================================================================================
----------------- testing Thu Feb 20 07:07:27 UTC 2020 /home/travis/build/icyphy/ptII/ptolemy/actor/lib/test/auto/MaxIndex.xml
----------------- Instantiating /home/travis/build/icyphy/ptII/ptolemy/actor/lib/test/auto/MaxIndex.xml
2 ms. Memory: 538624K Free: 316672K (59%)
----------------- Invoking toplevel() on ptolemy.moml.MoMLSimpleApplication@27e72b42
----------------- Done invoking toplevel() on ptolemy.moml.MoMLSimpleApplication@27e72b42
reloadAllAccessors: .MaxIndex

===========================================================================================
----------------- testing Thu Feb 20 07:07:27 UTC 2020 /home/travis/build/icyphy/ptII/ptolemy/actor/lib/test/auto/Maximum.xml
----------------- Instantiating /home/travis/build/icyphy/ptII/ptolemy/actor/lib/test/auto/Maximum.xml
2 ms. Memory: 538624K Free: 309984K (58%)
----------------- Invoking toplevel() on ptolemy.moml.MoMLSimpleApplication@634724c5
----------------- Done invoking toplevel() on ptolemy.moml.MoMLSimpleApplication@634724c5
reloadAllAccessors: .Maximum

===========================================================================================
----------------- testing Thu Feb 20 07:07:27 UTC 2020 /home/travis/build/icyphy/ptII/ptolemy/actor/lib/test/auto/MaximumComplex.xml
----------------- Instantiating /home/travis/build/icyphy/ptII/ptolemy/actor/lib/test/auto/MaximumComplex.xml
5 ms. Memory: 538624K Free: 303840K (56%)
----------------- Invoking toplevel() on ptolemy.moml.MoMLSimpleApplication@2799c45a
----------------- Done invoking toplevel() on ptolemy.moml.MoMLSimpleApplication@2799c45a
reloadAllAccessors: .MaximumComplex

===========================================================================================
----------------- testing Thu Feb 20 07:07:27 UTC 2020 /home/travis/build/icyphy/ptII/ptolemy/actor/lib/test/auto/MethodCallTest.xml
----------------- Instantiating /home/travis/build/icyphy/ptII/ptolemy/actor/lib/test/auto/MethodCallTest.xml
2 ms. Memory: 538624K Free: 297216K (55%)
----------------- Invoking toplevel() on ptolemy.moml.MoMLSimpleApplication@764c7bc7
----------------- Done invoking toplevel() on ptolemy.moml.MoMLSimpleApplication@764c7bc7
reloadAllAccessors: .MethodCallTest

===========================================================================================
----------------- testing Thu Feb 20 07:07:27 UTC 2020 /home/travis/build/icyphy/ptII/ptolemy/actor/lib/test/auto/Minimum.xml
----------------- Instantiating /home/travis/build/icyphy/ptII/ptolemy/actor/lib/test/auto/Minimum.xml
4 ms. Memory: 538624K Free: 291072K (54%)
----------------- Invoking toplevel() on ptolemy.moml.MoMLSimpleApplication@46fe943c
----------------- Done invoking toplevel() on ptolemy.moml.MoMLSimpleApplication@46fe943c
reloadAllAccessors: .Minimum

===========================================================================================
----------------- testing Thu Feb 20 07:07:27 UTC 2020 /home/travis/build/icyphy/ptII/ptolemy/actor/lib/test/auto/MinimumComplex.xml
----------------- Instantiating /home/travis/build/icyphy/ptII/ptolemy/actor/lib/test/auto/MinimumComplex.xml
7 ms. Memory: 538624K Free: 284928K (53%)
----------------- Invoking toplevel() on ptolemy.moml.MoMLSimpleApplication@5f4ddc43
----------------- Done invoking toplevel() on ptolemy.moml.MoMLSimpleApplication@5f4ddc43
reloadAllAccessors: .MinimumComplex

===========================================================================================
----------------- testing Thu Feb 20 07:07:27 UTC 2020 /home/travis/build/icyphy/ptII/ptolemy/actor/lib/test/auto/MinimumMultiports.xml
----------------- Instantiating /home/travis/build/icyphy/ptII/ptolemy/actor/lib/test/auto/MinimumMultiports.xml
4 ms. Memory: 538624K Free: 276192K (51%)
----------------- Invoking toplevel() on ptolemy.moml.MoMLSimpleApplication@22389abb
----------------- Done invoking toplevel() on ptolemy.moml.MoMLSimpleApplication@22389abb
reloadAllAccessors: .MinimumMultiports

===========================================================================================
----------------- testing Thu Feb 20 07:07:27 UTC 2020 /home/travis/build/icyphy/ptII/ptolemy/actor/lib/test/auto/ModifyDate.xml
----------------- Instantiating /home/travis/build/icyphy/ptII/ptolemy/actor/lib/test/auto/ModifyDate.xml
10 ms. Memory: 538624K Free: 262910K (49%)
----------------- Invoking toplevel() on ptolemy.moml.MoMLSimpleApplication@cd37a91
----------------- Done invoking toplevel() on ptolemy.moml.MoMLSimpleApplication@cd37a91
reloadAllAccessors: .ModifyDate

===========================================================================================
----------------- testing Thu Feb 20 07:07:27 UTC 2020 /home/travis/build/icyphy/ptII/ptolemy/actor/lib/test/auto/ModifyDate2.xml
----------------- Instantiating /home/travis/build/icyphy/ptII/ptolemy/actor/lib/test/auto/ModifyDate2.xml
3 ms. Memory: 538624K Free: 254208K (47%)
----------------- Invoking toplevel() on ptolemy.moml.MoMLSimpleApplication@71b54ab3
----------------- Done invoking toplevel() on ptolemy.moml.MoMLSimpleApplication@71b54ab3
reloadAllAccessors: .ModifyDate2

===========================================================================================
----------------- testing Thu Feb 20 07:07:27 UTC 2020 /home/travis/build/icyphy/ptII/ptolemy/actor/lib/test/auto/MovingAverage.xml
----------------- Instantiating /home/travis/build/icyphy/ptII/ptolemy/actor/lib/test/auto/MovingAverage.xml
1 ms. Memory: 538624K Free: 249598K (46%)
----------------- Invoking toplevel() on ptolemy.moml.MoMLSimpleApplication@5467cdd0
----------------- Done invoking toplevel() on ptolemy.moml.MoMLSimpleApplication@5467cdd0
reloadAllAccessors: .MovingAverage

===========================================================================================
----------------- testing Thu Feb 20 07:07:28 UTC 2020 /home/travis/build/icyphy/ptII/ptolemy/actor/lib/test/auto/MovingMaximum.xml
----------------- Instantiating /home/travis/build/icyphy/ptII/ptolemy/actor/lib/test/auto/MovingMaximum.xml
2 ms. Memory: 538624K Free: 244992K (45%)
----------------- Invoking toplevel() on ptolemy.moml.MoMLSimpleApplication@2566e220
----------------- Done invoking toplevel() on ptolemy.moml.MoMLSimpleApplication@2566e220
reloadAllAccessors: .MovingMaximum

===========================================================================================
----------------- testing Thu Feb 20 07:07:28 UTC 2020 /home/travis/build/icyphy/ptII/ptolemy/actor/lib/test/auto/MultipleLinksToSameRelation.xml
----------------- Instantiating /home/travis/build/icyphy/ptII/ptolemy/actor/lib/test/auto/MultipleLinksToSameRelation.xml
1 ms. Memory: 538624K Free: 240896K (45%)
----------------- Invoking toplevel() on ptolemy.moml.MoMLSimpleApplication@3bfd132f
----------------- Done invoking toplevel() on ptolemy.moml.MoMLSimpleApplication@3bfd132f
reloadAllAccessors: .MultipleLinksToSameRelation

===========================================================================================
----------------- testing Thu Feb 20 07:07:28 UTC 2020 /home/travis/build/icyphy/ptII/ptolemy/actor/lib/test/auto/MultipleLinksToSameRelationDE.xml
----------------- Instantiating /home/travis/build/icyphy/ptII/ptolemy/actor/lib/test/auto/MultipleLinksToSameRelationDE.xml
2 ms. Memory: 538624K Free: 236272K (44%)
----------------- Invoking toplevel() on ptolemy.moml.MoMLSimpleApplication@2debcb7b
----------------- Done invoking toplevel() on ptolemy.moml.MoMLSimpleApplication@2debcb7b
reloadAllAccessors: .MultipleLinksToSameRelationDE

===========================================================================================
----------------- testing Thu Feb 20 07:07:28 UTC 2020 /home/travis/build/icyphy/ptII/ptolemy/actor/lib/test/auto/Multiplexor.xml
----------------- Instantiating /home/travis/build/icyphy/ptII/ptolemy/actor/lib/test/auto/Multiplexor.xml
2 ms. Memory: 538624K Free: 231166K (43%)
----------------- Invoking toplevel() on ptolemy.moml.MoMLSimpleApplication@7576741a
----------------- Done invoking toplevel() on ptolemy.moml.MoMLSimpleApplication@7576741a
reloadAllAccessors: .Multiplexor

===========================================================================================
----------------- testing Thu Feb 20 07:07:28 UTC 2020 /home/travis/build/icyphy/ptII/ptolemy/actor/lib/test/auto/Multiplexor1.xml
----------------- Instantiating /home/travis/build/icyphy/ptII/ptolemy/actor/lib/test/auto/Multiplexor1.xml
2 ms. Memory: 538624K Free: 225536K (42%)
----------------- Invoking toplevel() on ptolemy.moml.MoMLSimpleApplication@431617ce
----------------- Done invoking toplevel() on ptolemy.moml.MoMLSimpleApplication@431617ce
reloadAllAccessors: .Multiplexor1

===========================================================================================
----------------- testing Thu Feb 20 07:07:28 UTC 2020 /home/travis/build/icyphy/ptII/ptolemy/actor/lib/test/auto/Multiplexor2.xml
----------------- Instantiating /home/travis/build/icyphy/ptII/ptolemy/actor/lib/test/auto/Multiplexor2.xml
3 ms. Memory: 538624K Free: 218878K (41%)
----------------- Invoking toplevel() on ptolemy.moml.MoMLSimpleApplication@2caa5582
----------------- Done invoking toplevel() on ptolemy.moml.MoMLSimpleApplication@2caa5582
reloadAllAccessors: .Multiplexor2

===========================================================================================
----------------- testing Thu Feb 20 07:07:28 UTC 2020 /home/travis/build/icyphy/ptII/ptolemy/actor/lib/test/auto/Multiplexor3.xml
----------------- Instantiating /home/travis/build/icyphy/ptII/ptolemy/actor/lib/test/auto/Multiplexor3.xml
1 ms. Memory: 538624K Free: 214782K (40%)
----------------- Invoking toplevel() on ptolemy.moml.MoMLSimpleApplication@2f5aafa4
----------------- Done invoking toplevel() on ptolemy.moml.MoMLSimpleApplication@2f5aafa4
reloadAllAccessors: .Multiplexor3

===========================================================================================
----------------- testing Thu Feb 20 07:07:28 UTC 2020 /home/travis/build/icyphy/ptII/ptolemy/actor/lib/test/auto/MultiplexorDE.xml
----------------- Instantiating /home/travis/build/icyphy/ptII/ptolemy/actor/lib/test/auto/MultiplexorDE.xml
2 ms. Memory: 538624K Free: 207104K (38%)
----------------- Invoking toplevel() on ptolemy.moml.MoMLSimpleApplication@16f0b99c
----------------- Done invoking toplevel() on ptolemy.moml.MoMLSimpleApplication@16f0b99c
reloadAllAccessors: .MultiplexorDE

===========================================================================================
----------------- testing Thu Feb 20 07:07:28 UTC 2020 /home/travis/build/icyphy/ptII/ptolemy/actor/lib/test/auto/MultiportBroadcastTest.xml
----------------- Instantiating /home/travis/build/icyphy/ptII/ptolemy/actor/lib/test/auto/MultiportBroadcastTest.xml
87 ms. Memory: 538624K Free: 200960K (37%)
----------------- Invoking toplevel() on ptolemy.moml.MoMLSimpleApplication@bf3c06c
----------------- Done invoking toplevel() on ptolemy.moml.MoMLSimpleApplication@bf3c06c
reloadAllAccessors: .MultiportBroadcastTest

===========================================================================================
----------------- testing Thu Feb 20 07:07:28 UTC 2020 /home/travis/build/icyphy/ptII/ptolemy/actor/lib/test/auto/MultiportOutHangDuringGetWidth.xml
----------------- Instantiating /home/travis/build/icyphy/ptII/ptolemy/actor/lib/test/auto/MultiportOutHangDuringGetWidth.xml
6 ms. Memory: 538624K Free: 188672K (35%)
----------------- Invoking toplevel() on ptolemy.moml.MoMLSimpleApplication@6edd4a95
----------------- Done invoking toplevel() on ptolemy.moml.MoMLSimpleApplication@6edd4a95
reloadAllAccessors: .MultiportOutHangDuringGetWidth

===========================================================================================
----------------- testing Thu Feb 20 07:07:28 UTC 2020 /home/travis/build/icyphy/ptII/ptolemy/actor/lib/test/auto/NilToken.xml
----------------- Instantiating /home/travis/build/icyphy/ptII/ptolemy/actor/lib/test/auto/NilToken.xml
2 ms. Memory: 538624K Free: 184576K (34%)
----------------- Invoking toplevel() on ptolemy.moml.MoMLSimpleApplication@5f3250f9
----------------- Done invoking toplevel() on ptolemy.moml.MoMLSimpleApplication@5f3250f9
reloadAllAccessors: .NilToken

===========================================================================================
----------------- testing Thu Feb 20 07:07:28 UTC 2020 /home/travis/build/icyphy/ptII/ptolemy/actor/lib/test/auto/NilTokenNonStrictTest.xml
----------------- Instantiating /home/travis/build/icyphy/ptII/ptolemy/actor/lib/test/auto/NilTokenNonStrictTest.xml
1 ms. Memory: 538624K Free: 179966K (33%)
----------------- Invoking toplevel() on ptolemy.moml.MoMLSimpleApplication@76a16123
----------------- Done invoking toplevel() on ptolemy.moml.MoMLSimpleApplication@76a16123
reloadAllAccessors: .NilTokenNonStrictTest

===========================================================================================
----------------- testing Thu Feb 20 07:07:28 UTC 2020 /home/travis/build/icyphy/ptII/ptolemy/actor/lib/test/auto/NilTokenRecord.xml
----------------- Instantiating /home/travis/build/icyphy/ptII/ptolemy/actor/lib/test/auto/NilTokenRecord.xml
5 ms. Memory: 538624K Free: 173312K (32%)
----------------- Invoking toplevel() on ptolemy.moml.MoMLSimpleApplication@100e2fa6
----------------- Done invoking toplevel() on ptolemy.moml.MoMLSimpleApplication@100e2fa6
reloadAllAccessors: .NilTokenRecord

===========================================================================================
----------------- testing Thu Feb 20 07:07:28 UTC 2020 /home/travis/build/icyphy/ptII/ptolemy/actor/lib/test/auto/NilTokenTypeTest.xml
----------------- Instantiating /home/travis/build/icyphy/ptII/ptolemy/actor/lib/test/auto/NilTokenTypeTest.xml
12 ms. Memory: 538624K Free: 483422K (90%)
----------------- Invoking toplevel() on ptolemy.moml.MoMLSimpleApplication@53af185e
----------------- Done invoking toplevel() on ptolemy.moml.MoMLSimpleApplication@53af185e
reloadAllAccessors: .NilTokenTypeTest

===========================================================================================
----------------- testing Thu Feb 20 07:07:28 UTC 2020 /home/travis/build/icyphy/ptII/ptolemy/actor/lib/test/auto/ObjectToken1.xml
----------------- Instantiating /home/travis/build/icyphy/ptII/ptolemy/actor/lib/test/auto/ObjectToken1.xml
2 ms. Memory: 538624K Free: 479326K (89%)
----------------- Invoking toplevel() on ptolemy.moml.MoMLSimpleApplication@241be868
----------------- Done invoking toplevel() on ptolemy.moml.MoMLSimpleApplication@241be868
reloadAllAccessors: .ObjectToken1

===========================================================================================
----------------- testing Thu Feb 20 07:07:28 UTC 2020 /home/travis/build/icyphy/ptII/ptolemy/actor/lib/test/auto/OrderedMerge.xml
----------------- Instantiating /home/travis/build/icyphy/ptII/ptolemy/actor/lib/test/auto/OrderedMerge.xml
16 ms. Memory: 538624K Free: 473692K (88%)
----------------- Invoking toplevel() on ptolemy.moml.MoMLSimpleApplication@51420418
----------------- Done invoking toplevel() on ptolemy.moml.MoMLSimpleApplication@51420418
reloadAllAccessors: .OrderedMerge

===========================================================================================
----------------- testing Thu Feb 20 07:07:28 UTC 2020 /home/travis/build/icyphy/ptII/ptolemy/actor/lib/test/auto/OrderedRecordDisassembler.xml
----------------- Instantiating /home/travis/build/icyphy/ptII/ptolemy/actor/lib/test/auto/OrderedRecordDisassembler.xml
3 ms. Memory: 538624K Free: 468542K (87%)
----------------- Invoking toplevel() on ptolemy.moml.MoMLSimpleApplication@1775e74a
----------------- Done invoking toplevel() on ptolemy.moml.MoMLSimpleApplication@1775e74a
reloadAllAccessors: .OrderedRecordDisassembler

===========================================================================================
----------------- testing Thu Feb 20 07:07:28 UTC 2020 /home/travis/build/icyphy/ptII/ptolemy/actor/lib/test/auto/OrderedRecordDisassembler2.xml
----------------- Instantiating /home/travis/build/icyphy/ptII/ptolemy/actor/lib/test/auto/OrderedRecordDisassembler2.xml
4 ms. Memory: 538624K Free: 460894K (86%)
----------------- Invoking toplevel() on ptolemy.moml.MoMLSimpleApplication@7519917e
----------------- Done invoking toplevel() on ptolemy.moml.MoMLSimpleApplication@7519917e
reloadAllAccessors: .OrderedRecordDisassembler2

===========================================================================================
----------------- testing Thu Feb 20 07:07:28 UTC 2020 /home/travis/build/icyphy/ptII/ptolemy/actor/lib/test/auto/OrderedRecordUpdater.xml
----------------- Instantiating /home/travis/build/icyphy/ptII/ptolemy/actor/lib/test/auto/OrderedRecordUpdater.xml
1 ms. Memory: 538624K Free: 455774K (85%)
----------------- Invoking toplevel() on ptolemy.moml.MoMLSimpleApplication@1b15ccc4
----------------- Done invoking toplevel() on ptolemy.moml.MoMLSimpleApplication@1b15ccc4
reloadAllAccessors: .RecordUpdater

===========================================================================================
----------------- testing Thu Feb 20 07:07:28 UTC 2020 /home/travis/build/icyphy/ptII/ptolemy/actor/lib/test/auto/OrderedRecordUpdater2.xml
----------------- Instantiating /home/travis/build/icyphy/ptII/ptolemy/actor/lib/test/auto/OrderedRecordUpdater2.xml
3 ms. Memory: 538624K Free: 451164K (84%)
----------------- Invoking toplevel() on ptolemy.moml.MoMLSimpleApplication@13281634
----------------- Done invoking toplevel() on ptolemy.moml.MoMLSimpleApplication@13281634
reloadAllAccessors: .RecordUpdater2

===========================================================================================
----------------- testing Thu Feb 20 07:07:28 UTC 2020 /home/travis/build/icyphy/ptII/ptolemy/actor/lib/test/auto/PhaseUnwrap.xml
----------------- Instantiating /home/travis/build/icyphy/ptII/ptolemy/actor/lib/test/auto/PhaseUnwrap.xml
2 ms. Memory: 538624K Free: 446558K (83%)
----------------- Invoking toplevel() on ptolemy.moml.MoMLSimpleApplication@73f0a202
----------------- Done invoking toplevel() on ptolemy.moml.MoMLSimpleApplication@73f0a202
reloadAllAccessors: .PhaseUnwrap

===========================================================================================
----------------- testing Thu Feb 20 07:07:28 UTC 2020 /home/travis/build/icyphy/ptII/ptolemy/actor/lib/test/auto/PoissonClock.xml
----------------- Instantiating /home/travis/build/icyphy/ptII/ptolemy/actor/lib/test/auto/PoissonClock.xml
2 ms. Memory: 538624K Free: 442462K (82%)
----------------- Invoking toplevel() on ptolemy.moml.MoMLSimpleApplication@64daf346
----------------- Done invoking toplevel() on ptolemy.moml.MoMLSimpleApplication@64daf346
reloadAllAccessors: .PoissonClock

===========================================================================================
----------------- testing Thu Feb 20 07:07:28 UTC 2020 /home/travis/build/icyphy/ptII/ptolemy/actor/lib/test/auto/PoissonClock2.xml
----------------- Instantiating /home/travis/build/icyphy/ptII/ptolemy/actor/lib/test/auto/PoissonClock2.xml
1 ms. Memory: 538624K Free: 437852K (81%)
----------------- Invoking toplevel() on ptolemy.moml.MoMLSimpleApplication@5dfe214e
----------------- Done invoking toplevel() on ptolemy.moml.MoMLSimpleApplication@5dfe214e
reloadAllAccessors: .PoissonClock2

===========================================================================================
----------------- testing Thu Feb 20 07:07:28 UTC 2020 /home/travis/build/icyphy/ptII/ptolemy/actor/lib/test/auto/PoissonClock3.xml
----------------- Instantiating /home/travis/build/icyphy/ptII/ptolemy/actor/lib/test/auto/PoissonClock3.xml
1 ms. Memory: 538624K Free: 433246K (80%)
----------------- Invoking toplevel() on ptolemy.moml.MoMLSimpleApplication@e2f2cd5
----------------- Done invoking toplevel() on ptolemy.moml.MoMLSimpleApplication@e2f2cd5
reloadAllAccessors: .PoissonClock3

===========================================================================================
----------------- testing Thu Feb 20 07:07:28 UTC 2020 /home/travis/build/icyphy/ptII/ptolemy/actor/lib/test/auto/PubSubWithInitialTokens.xml
----------------- Instantiating /home/travis/build/icyphy/ptII/ptolemy/actor/lib/test/auto/PubSubWithInitialTokens.xml
2 ms. Memory: 538624K Free: 427582K (79%)
----------------- Invoking toplevel() on ptolemy.moml.MoMLSimpleApplication@6a338170
----------------- Done invoking toplevel() on ptolemy.moml.MoMLSimpleApplication@6a338170
reloadAllAccessors: .PubSubWithInitialTokens

===========================================================================================
----------------- testing Thu Feb 20 07:07:28 UTC 2020 /home/travis/build/icyphy/ptII/ptolemy/actor/lib/test/auto/PubSubWithInitialTokens2.xml
----------------- Instantiating /home/travis/build/icyphy/ptII/ptolemy/actor/lib/test/auto/PubSubWithInitialTokens2.xml
2 ms. Memory: 538624K Free: 421454K (78%)
----------------- Invoking toplevel() on ptolemy.moml.MoMLSimpleApplication@58d41824
----------------- Done invoking toplevel() on ptolemy.moml.MoMLSimpleApplication@58d41824
reloadAllAccessors: .PubSubWithInitialTokens2

===========================================================================================
----------------- testing Thu Feb 20 07:07:28 UTC 2020 /home/travis/build/icyphy/ptII/ptolemy/actor/lib/test/auto/PublisherClassNoParameter.xml
----------------- Instantiating /home/travis/build/icyphy/ptII/ptolemy/actor/lib/test/auto/PublisherClassNoParameter.xml
2 ms. Memory: 538624K Free: 412246K (77%)
----------------- Invoking toplevel() on ptolemy.moml.MoMLSimpleApplication@6c6da248
----------------- Done invoking toplevel() on ptolemy.moml.MoMLSimpleApplication@6c6da248
reloadAllAccessors: .PublisherClassNoParameter

===========================================================================================
----------------- testing Thu Feb 20 07:07:28 UTC 2020 /home/travis/build/icyphy/ptII/ptolemy/actor/lib/test/auto/PublisherClassParameter.xml
----------------- Instantiating /home/travis/build/icyphy/ptII/ptolemy/actor/lib/test/auto/PublisherClassParameter.xml
2 ms. Memory: 538624K Free: 401502K (75%)
----------------- Invoking toplevel() on ptolemy.moml.MoMLSimpleApplication@4ac5b579
----------------- Done invoking toplevel() on ptolemy.moml.MoMLSimpleApplication@4ac5b579
reloadAllAccessors: .PublisherClassParameter

===========================================================================================
----------------- testing Thu Feb 20 07:07:28 UTC 2020 /home/travis/build/icyphy/ptII/ptolemy/actor/lib/test/auto/PublisherNonStrictTest.xml
----------------- Instantiating /home/travis/build/icyphy/ptII/ptolemy/actor/lib/test/auto/PublisherNonStrictTest.xml
3 ms. Memory: 538624K Free: 393814K (73%)
----------------- Invoking toplevel() on ptolemy.moml.MoMLSimpleApplication@6e5e50f4
----------------- Done invoking toplevel() on ptolemy.moml.MoMLSimpleApplication@6e5e50f4
reloadAllAccessors: .PublisherNonStrictTest

===========================================================================================
----------------- testing Thu Feb 20 07:07:28 UTC 2020 /home/travis/build/icyphy/ptII/ptolemy/actor/lib/test/auto/PublisherPort1.xml
----------------- Instantiating /home/travis/build/icyphy/ptII/ptolemy/actor/lib/test/auto/PublisherPort1.xml
13 ms. Memory: 538624K Free: 388190K (72%)
----------------- Invoking toplevel() on ptolemy.moml.MoMLSimpleApplication@61aeff6b
----------------- Done invoking toplevel() on ptolemy.moml.MoMLSimpleApplication@61aeff6b
reloadAllAccessors: .PublisherPort1

===========================================================================================
----------------- testing Thu Feb 20 07:07:28 UTC 2020 /home/travis/build/icyphy/ptII/ptolemy/actor/lib/test/auto/PublisherPort2.xml
----------------- Instantiating /home/travis/build/icyphy/ptII/ptolemy/actor/lib/test/auto/PublisherPort2.xml
1 ms. Memory: 538624K Free: 383070K (71%)
----------------- Invoking toplevel() on ptolemy.moml.MoMLSimpleApplication@43fc0415
----------------- Done invoking toplevel() on ptolemy.moml.MoMLSimpleApplication@43fc0415
reloadAllAccessors: .PublisherPort2

===========================================================================================
----------------- testing Thu Feb 20 07:07:28 UTC 2020 /home/travis/build/icyphy/ptII/ptolemy/actor/lib/test/auto/PublisherPort3.xml
----------------- Instantiating /home/travis/build/icyphy/ptII/ptolemy/actor/lib/test/auto/PublisherPort3.xml
3 ms. Memory: 538624K Free: 376382K (70%)
----------------- Invoking toplevel() on ptolemy.moml.MoMLSimpleApplication@5f2fe327
----------------- Done invoking toplevel() on ptolemy.moml.MoMLSimpleApplication@5f2fe327
reloadAllAccessors: .PublisherPort3

===========================================================================================
----------------- testing Thu Feb 20 07:07:28 UTC 2020 /home/travis/build/icyphy/ptII/ptolemy/actor/lib/test/auto/PublisherPort4.xml
----------------- Instantiating /home/travis/build/icyphy/ptII/ptolemy/actor/lib/test/auto/PublisherPort4.xml
2 ms. Memory: 538624K Free: 370782K (69%)
----------------- Invoking toplevel() on ptolemy.moml.MoMLSimpleApplication@1e43cf95
----------------- Done invoking toplevel() on ptolemy.moml.MoMLSimpleApplication@1e43cf95
reloadAllAccessors: .PublisherPort4

===========================================================================================
----------------- testing Thu Feb 20 07:07:28 UTC 2020 /home/travis/build/icyphy/ptII/ptolemy/actor/lib/test/auto/PublisherPort5.xml
----------------- Instantiating /home/travis/build/icyphy/ptII/ptolemy/actor/lib/test/auto/PublisherPort5.xml
4 ms. Memory: 538624K Free: 363100K (67%)
----------------- Invoking toplevel() on ptolemy.moml.MoMLSimpleApplication@5bcab5ab
----------------- Done invoking toplevel() on ptolemy.moml.MoMLSimpleApplication@5bcab5ab
reloadAllAccessors: .PublisherPort5

===========================================================================================
----------------- testing Thu Feb 20 07:07:28 UTC 2020 /home/travis/build/icyphy/ptII/ptolemy/actor/lib/test/auto/PublisherPort5LookAlike.xml
----------------- Instantiating /home/travis/build/icyphy/ptII/ptolemy/actor/lib/test/auto/PublisherPort5LookAlike.xml
8 ms. Memory: 538624K Free: 355926K (66%)
----------------- Invoking toplevel() on ptolemy.moml.MoMLSimpleApplication@e1e5127
----------------- Done invoking toplevel() on ptolemy.moml.MoMLSimpleApplication@e1e5127
reloadAllAccessors: .PublisherPort5LookAlike

===========================================================================================
----------------- testing Thu Feb 20 07:07:28 UTC 2020 /home/travis/build/icyphy/ptII/ptolemy/actor/lib/test/auto/PublisherPort6.xml
----------------- Instantiating /home/travis/build/icyphy/ptII/ptolemy/actor/lib/test/auto/PublisherPort6.xml
2 ms. Memory: 538624K Free: 349278K (65%)
----------------- Invoking toplevel() on ptolemy.moml.MoMLSimpleApplication@7a1ad502
----------------- Done invoking toplevel() on ptolemy.moml.MoMLSimpleApplication@7a1ad502
reloadAllAccessors: .PublisherPort6

===========================================================================================
----------------- testing Thu Feb 20 07:07:28 UTC 2020 /home/travis/build/icyphy/ptII/ptolemy/actor/lib/test/auto/PublisherPort7.xml
----------------- Instantiating /home/travis/build/icyphy/ptII/ptolemy/actor/lib/test/auto/PublisherPort7.xml
4 ms. Memory: 538624K Free: 341596K (63%)
----------------- Invoking toplevel() on ptolemy.moml.MoMLSimpleApplication@2f47cb52
----------------- Done invoking toplevel() on ptolemy.moml.MoMLSimpleApplication@2f47cb52
reloadAllAccessors: .PublisherPort7

===========================================================================================
----------------- testing Thu Feb 20 07:07:28 UTC 2020 /home/travis/build/icyphy/ptII/ptolemy/actor/lib/test/auto/PublisherPort8.xml
----------------- Instantiating /home/travis/build/icyphy/ptII/ptolemy/actor/lib/test/auto/PublisherPort8.xml
3 ms. Memory: 538624K Free: 332894K (62%)
----------------- Invoking toplevel() on ptolemy.moml.MoMLSimpleApplication@7da0d831
----------------- Done invoking toplevel() on ptolemy.moml.MoMLSimpleApplication@7da0d831
reloadAllAccessors: .PublisherPort8

===========================================================================================
----------------- testing Thu Feb 20 07:07:28 UTC 2020 /home/travis/build/icyphy/ptII/ptolemy/actor/lib/test/auto/PublisherPortSubscriberChannelVariablesAOC2.xml
----------------- Instantiating /home/travis/build/icyphy/ptII/ptolemy/actor/lib/test/auto/PublisherPortSubscriberChannelVariablesAOC2.xml
2 ms. Memory: 538624K Free: 315486K (59%)
----------------- Invoking toplevel() on ptolemy.moml.MoMLSimpleApplication@3c1b9e9d
----------------- Done invoking toplevel() on ptolemy.moml.MoMLSimpleApplication@3c1b9e9d
reloadAllAccessors: .PublisherPortSubscriberChannelVariablesAOC2

===========================================================================================
----------------- testing Thu Feb 20 07:07:28 UTC 2020 /home/travis/build/icyphy/ptII/ptolemy/actor/lib/test/auto/PublisherPortSubscriberOpaqueWidthInference.xml
----------------- Instantiating /home/travis/build/icyphy/ptII/ptolemy/actor/lib/test/auto/PublisherPortSubscriberOpaqueWidthInference.xml
3 ms. Memory: 538624K Free: 307790K (57%)
----------------- Invoking toplevel() on ptolemy.moml.MoMLSimpleApplication@2466745f
----------------- Done invoking toplevel() on ptolemy.moml.MoMLSimpleApplication@2466745f
reloadAllAccessors: .PublisherPortSubscriberOpaqueWidthInference

===========================================================================================
----------------- testing Thu Feb 20 07:07:28 UTC 2020 /home/travis/build/icyphy/ptII/ptolemy/actor/lib/test/auto/PublisherPortSubscriberPortAdjacent.xml
----------------- Instantiating /home/travis/build/icyphy/ptII/ptolemy/actor/lib/test/auto/PublisherPortSubscriberPortAdjacent.xml
2 ms. Memory: 538624K Free: 299612K (56%)
----------------- Invoking toplevel() on ptolemy.moml.MoMLSimpleApplication@2e4e8cfc
----------------- Done invoking toplevel() on ptolemy.moml.MoMLSimpleApplication@2e4e8cfc
reloadAllAccessors: .PublisherPortSubscriberPortAdjacent

===========================================================================================
----------------- testing Thu Feb 20 07:07:28 UTC 2020 /home/travis/build/icyphy/ptII/ptolemy/actor/lib/test/auto/PublisherPortSubscriberPortExpression.xml
----------------- Instantiating /home/travis/build/icyphy/ptII/ptolemy/actor/lib/test/auto/PublisherPortSubscriberPortExpression.xml
3 ms. Memory: 538624K Free: 291934K (54%)
----------------- Invoking toplevel() on ptolemy.moml.MoMLSimpleApplication@4416e6b6
----------------- Done invoking toplevel() on ptolemy.moml.MoMLSimpleApplication@4416e6b6
reloadAllAccessors: .PublisherPortSubscriberPortExpression

===========================================================================================
----------------- testing Thu Feb 20 07:07:28 UTC 2020 /home/travis/build/icyphy/ptII/ptolemy/actor/lib/test/auto/PublisherPortSubscriberPortOpaqueD3Reverse.xml
----------------- Instantiating /home/travis/build/icyphy/ptII/ptolemy/actor/lib/test/auto/PublisherPortSubscriberPortOpaqueD3Reverse.xml
7 ms. Memory: 538624K Free: 281694K (52%)
----------------- Invoking toplevel() on ptolemy.moml.MoMLSimpleApplication@9ad958
----------------- Done invoking toplevel() on ptolemy.moml.MoMLSimpleApplication@9ad958
reloadAllAccessors: .PublisherPortSubscriberPortOpaqueD3Reverse

===========================================================================================
----------------- testing Thu Feb 20 07:07:28 UTC 2020 /home/travis/build/icyphy/ptII/ptolemy/actor/lib/test/auto/PublisherPortSubscriberPortOpaqueWidthInference.xml
----------------- Instantiating /home/travis/build/icyphy/ptII/ptolemy/actor/lib/test/auto/PublisherPortSubscriberPortOpaqueWidthInference.xml
4 ms. Memory: 538624K Free: 274526K (51%)
----------------- Invoking toplevel() on ptolemy.moml.MoMLSimpleApplication@2043c20f
----------------- Done invoking toplevel() on ptolemy.moml.MoMLSimpleApplication@2043c20f
reloadAllAccessors: .PublisherPortSubscriberPortOpaqueWidthInference

===========================================================================================
----------------- testing Thu Feb 20 07:07:28 UTC 2020 /home/travis/build/icyphy/ptII/ptolemy/actor/lib/test/auto/PublisherPortToplevelSubscriberPortAOC.xml
----------------- Instantiating /home/travis/build/icyphy/ptII/ptolemy/actor/lib/test/auto/PublisherPortToplevelSubscriberPortAOC.xml
.PublisherPortToplevelSubscriberPortAOC.TestExceptionAttribute: initialize() was not invoked, but wrapup() was.  This is unusual, but not always a problem.  For example, exporting JNLP will do this.
1 ms. Memory: 538624K Free: 268382K (50%)
----------------- Invoking toplevel() on ptolemy.moml.MoMLSimpleApplication@43df0f0e
----------------- Done invoking toplevel() on ptolemy.moml.MoMLSimpleApplication@43df0f0e
reloadAllAccessors: .PublisherPortToplevelSubscriberPortAOC

===========================================================================================
----------------- testing Thu Feb 20 07:07:29 UTC 2020 /home/travis/build/icyphy/ptII/ptolemy/actor/lib/test/auto/PublisherSubscriber.xml
----------------- Instantiating /home/travis/build/icyphy/ptII/ptolemy/actor/lib/test/auto/PublisherSubscriber.xml
3 ms. Memory: 538624K Free: 261214K (48%)
----------------- Invoking toplevel() on ptolemy.moml.MoMLSimpleApplication@6e2545d9
----------------- Done invoking toplevel() on ptolemy.moml.MoMLSimpleApplication@6e2545d9
reloadAllAccessors: .PublisherSubscriber

===========================================================================================
----------------- testing Thu Feb 20 07:07:29 UTC 2020 /home/travis/build/icyphy/ptII/ptolemy/actor/lib/test/auto/PublisherSubscriber10.xml
----------------- Instantiating /home/travis/build/icyphy/ptII/ptolemy/actor/lib/test/auto/PublisherSubscriber10.xml
5 ms. Memory: 538624K Free: 251484K (47%)
----------------- Invoking toplevel() on ptolemy.moml.MoMLSimpleApplication@3b0249dc
----------------- Done invoking toplevel() on ptolemy.moml.MoMLSimpleApplication@3b0249dc
reloadAllAccessors: .PublisherSubscriber10

===========================================================================================
----------------- testing Thu Feb 20 07:07:29 UTC 2020 /home/travis/build/icyphy/ptII/ptolemy/actor/lib/test/auto/PublisherSubscriber10InitialOutputs.xml
----------------- Instantiating /home/travis/build/icyphy/ptII/ptolemy/actor/lib/test/auto/PublisherSubscriber10InitialOutputs.xml
15 ms. Memory: 538624K Free: 242268K (45%)
----------------- Invoking toplevel() on ptolemy.moml.MoMLSimpleApplication@45a95abc
----------------- Done invoking toplevel() on ptolemy.moml.MoMLSimpleApplication@45a95abc
reloadAllAccessors: .PublisherSubscriber10InitialOutputs

===========================================================================================
----------------- testing Thu Feb 20 07:07:29 UTC 2020 /home/travis/build/icyphy/ptII/ptolemy/actor/lib/test/auto/PublisherSubscriber11.xml
----------------- Instantiating /home/travis/build/icyphy/ptII/ptolemy/actor/lib/test/auto/PublisherSubscriber11.xml
4 ms. Memory: 538624K Free: 235614K (44%)
----------------- Invoking toplevel() on ptolemy.moml.MoMLSimpleApplication@32a3fef8
----------------- Done invoking toplevel() on ptolemy.moml.MoMLSimpleApplication@32a3fef8
reloadAllAccessors: .PublisherSubscriber11

===========================================================================================
----------------- testing Thu Feb 20 07:07:29 UTC 2020 /home/travis/build/icyphy/ptII/ptolemy/actor/lib/test/auto/PublisherSubscriber12.xml
----------------- Instantiating /home/travis/build/icyphy/ptII/ptolemy/actor/lib/test/auto/PublisherSubscriber12.xml
5 ms. Memory: 538624K Free: 228956K (43%)
----------------- Invoking toplevel() on ptolemy.moml.MoMLSimpleApplication@60ce7438
----------------- Done invoking toplevel() on ptolemy.moml.MoMLSimpleApplication@60ce7438
reloadAllAccessors: .PublisherSubscriber12

===========================================================================================
----------------- testing Thu Feb 20 07:07:29 UTC 2020 /home/travis/build/icyphy/ptII/ptolemy/actor/lib/test/auto/PublisherSubscriber13.xml
----------------- Instantiating /home/travis/build/icyphy/ptII/ptolemy/actor/lib/test/auto/PublisherSubscriber13.xml
2 ms. Memory: 538624K Free: 223326K (41%)
----------------- Invoking toplevel() on ptolemy.moml.MoMLSimpleApplication@4b65b311
----------------- Done invoking toplevel() on ptolemy.moml.MoMLSimpleApplication@4b65b311
reloadAllAccessors: .PublisherSubscriber13

===========================================================================================
----------------- testing Thu Feb 20 07:07:29 UTC 2020 /home/travis/build/icyphy/ptII/ptolemy/actor/lib/test/auto/PublisherSubscriber14.xml
----------------- Instantiating /home/travis/build/icyphy/ptII/ptolemy/actor/lib/test/auto/PublisherSubscriber14.xml
2 ms. Memory: 538624K Free: 214606K (40%)
----------------- Invoking toplevel() on ptolemy.moml.MoMLSimpleApplication@3d908cac
----------------- Done invoking toplevel() on ptolemy.moml.MoMLSimpleApplication@3d908cac
reloadAllAccessors: .PublisherSubscriber14

===========================================================================================
----------------- testing Thu Feb 20 07:07:29 UTC 2020 /home/travis/build/icyphy/ptII/ptolemy/actor/lib/test/auto/PublisherSubscriber2.xml
----------------- Instantiating /home/travis/build/icyphy/ptII/ptolemy/actor/lib/test/auto/PublisherSubscriber2.xml
3 ms. Memory: 538624K Free: 208990K (39%)
----------------- Invoking toplevel() on ptolemy.moml.MoMLSimpleApplication@5b6b6514
----------------- Done invoking toplevel() on ptolemy.moml.MoMLSimpleApplication@5b6b6514
reloadAllAccessors: .PublisherSubscriber2

===========================================================================================
----------------- testing Thu Feb 20 07:07:29 UTC 2020 /home/travis/build/icyphy/ptII/ptolemy/actor/lib/test/auto/PublisherSubscriber3.xml
----------------- Instantiating /home/travis/build/icyphy/ptII/ptolemy/actor/lib/test/auto/PublisherSubscriber3.xml
2 ms. Memory: 538624K Free: 203326K (38%)
----------------- Invoking toplevel() on ptolemy.moml.MoMLSimpleApplication@468757d6
----------------- Done invoking toplevel() on ptolemy.moml.MoMLSimpleApplication@468757d6
reloadAllAccessors: .PublisherSubscriber3

===========================================================================================
----------------- testing Thu Feb 20 07:07:29 UTC 2020 /home/travis/build/icyphy/ptII/ptolemy/actor/lib/test/auto/PublisherSubscriber4.xml
----------------- Instantiating /home/travis/build/icyphy/ptII/ptolemy/actor/lib/test/auto/PublisherSubscriber4.xml
2 ms. Memory: 538624K Free: 198206K (37%)
----------------- Invoking toplevel() on ptolemy.moml.MoMLSimpleApplication@65e40fdb
----------------- Done invoking toplevel() on ptolemy.moml.MoMLSimpleApplication@65e40fdb
reloadAllAccessors: .PublisherSubscriber4

===========================================================================================
----------------- testing Thu Feb 20 07:07:29 UTC 2020 /home/travis/build/icyphy/ptII/ptolemy/actor/lib/test/auto/PublisherSubscriber5.xml
----------------- Instantiating /home/travis/build/icyphy/ptII/ptolemy/actor/lib/test/auto/PublisherSubscriber5.xml
2 ms. Memory: 538624K Free: 191582K (36%)
----------------- Invoking toplevel() on ptolemy.moml.MoMLSimpleApplication@565f788b
----------------- Done invoking toplevel() on ptolemy.moml.MoMLSimpleApplication@565f788b
reloadAllAccessors: .PublisherSubscriber5

===========================================================================================
----------------- testing Thu Feb 20 07:07:29 UTC 2020 /home/travis/build/icyphy/ptII/ptolemy/actor/lib/test/auto/PublisherSubscriber6.xml
----------------- Instantiating /home/travis/build/icyphy/ptII/ptolemy/actor/lib/test/auto/PublisherSubscriber6.xml
4 ms. Memory: 538624K Free: 185438K (34%)
----------------- Invoking toplevel() on ptolemy.moml.MoMLSimpleApplication@2de32f47
----------------- Done invoking toplevel() on ptolemy.moml.MoMLSimpleApplication@2de32f47
reloadAllAccessors: .PublisherSubscriber6

===========================================================================================
----------------- testing Thu Feb 20 07:07:29 UTC 2020 /home/travis/build/icyphy/ptII/ptolemy/actor/lib/test/auto/PublisherSubscriber7.xml
----------------- Instantiating /home/travis/build/icyphy/ptII/ptolemy/actor/lib/test/auto/PublisherSubscriber7.xml
7 ms. Memory: 538624K Free: 178780K (33%)
----------------- Invoking toplevel() on ptolemy.moml.MoMLSimpleApplication@46a13d72
----------------- Done invoking toplevel() on ptolemy.moml.MoMLSimpleApplication@46a13d72
reloadAllAccessors: .PublisherSubscriber7

===========================================================================================
----------------- testing Thu Feb 20 07:07:29 UTC 2020 /home/travis/build/icyphy/ptII/ptolemy/actor/lib/test/auto/PublisherSubscriber8.xml
----------------- Instantiating /home/travis/build/icyphy/ptII/ptolemy/actor/lib/test/auto/PublisherSubscriber8.xml
35 ms. Memory: 538624K Free: 485910K (90%)
----------------- Invoking toplevel() on ptolemy.moml.MoMLSimpleApplication@2dacc824
----------------- Done invoking toplevel() on ptolemy.moml.MoMLSimpleApplication@2dacc824
reloadAllAccessors: .PublisherSubscriber8

===========================================================================================
----------------- testing Thu Feb 20 07:07:29 UTC 2020 /home/travis/build/icyphy/ptII/ptolemy/actor/lib/test/auto/PublisherSubscriber9.xml
----------------- Instantiating /home/travis/build/icyphy/ptII/ptolemy/actor/lib/test/auto/PublisherSubscriber9.xml
4 ms. Memory: 538624K Free: 478232K (89%)
----------------- Invoking toplevel() on ptolemy.moml.MoMLSimpleApplication@3a31cb89
----------------- Done invoking toplevel() on ptolemy.moml.MoMLSimpleApplication@3a31cb89
reloadAllAccessors: .PublisherSubscriber9

===========================================================================================
----------------- testing Thu Feb 20 07:07:29 UTC 2020 /home/travis/build/icyphy/ptII/ptolemy/actor/lib/test/auto/PublisherSubscriberAdjacent.xml
----------------- Instantiating /home/travis/build/icyphy/ptII/ptolemy/actor/lib/test/auto/PublisherSubscriberAdjacent.xml
2 ms. Memory: 538624K Free: 470040K (87%)
----------------- Invoking toplevel() on ptolemy.moml.MoMLSimpleApplication@2e22e373
----------------- Done invoking toplevel() on ptolemy.moml.MoMLSimpleApplication@2e22e373
reloadAllAccessors: .PublisherSubscriberAdjacent

===========================================================================================
----------------- testing Thu Feb 20 07:07:29 UTC 2020 /home/travis/build/icyphy/ptII/ptolemy/actor/lib/test/auto/PublisherSubscriberChannelVariablesAOC2.xml
----------------- Instantiating /home/travis/build/icyphy/ptII/ptolemy/actor/lib/test/auto/PublisherSubscriberChannelVariablesAOC2.xml
3 ms. Memory: 538624K Free: 455190K (85%)
----------------- Invoking toplevel() on ptolemy.moml.MoMLSimpleApplication@569916ab
----------------- Done invoking toplevel() on ptolemy.moml.MoMLSimpleApplication@569916ab
reloadAllAccessors: .PublisherSubscriberChannelVariablesAOC2

===========================================================================================
----------------- testing Thu Feb 20 07:07:29 UTC 2020 /home/travis/build/icyphy/ptII/ptolemy/actor/lib/test/auto/PublisherSubscriberD3.xml
----------------- Instantiating /home/travis/build/icyphy/ptII/ptolemy/actor/lib/test/auto/PublisherSubscriberD3.xml
1 ms. Memory: 538624K Free: 448022K (83%)
----------------- Invoking toplevel() on ptolemy.moml.MoMLSimpleApplication@7012dbb9
----------------- Done invoking toplevel() on ptolemy.moml.MoMLSimpleApplication@7012dbb9
reloadAllAccessors: .PublisherSubscriberD3

===========================================================================================
----------------- testing Thu Feb 20 07:07:29 UTC 2020 /home/travis/build/icyphy/ptII/ptolemy/actor/lib/test/auto/PublisherSubscriberD3Reverse.xml
----------------- Instantiating /home/travis/build/icyphy/ptII/ptolemy/actor/lib/test/auto/PublisherSubscriberD3Reverse.xml
2 ms. Memory: 538624K Free: 441878K (82%)
----------------- Invoking toplevel() on ptolemy.moml.MoMLSimpleApplication@252587be
----------------- Done invoking toplevel() on ptolemy.moml.MoMLSimpleApplication@252587be
reloadAllAccessors: .PublisherSubscriberD3Reverse

===========================================================================================
----------------- testing Thu Feb 20 07:07:29 UTC 2020 /home/travis/build/icyphy/ptII/ptolemy/actor/lib/test/auto/PublisherSubscriberExpression.xml
----------------- Instantiating /home/travis/build/icyphy/ptII/ptolemy/actor/lib/test/auto/PublisherSubscriberExpression.xml
4 ms. Memory: 538624K Free: 433656K (81%)
----------------- Invoking toplevel() on ptolemy.moml.MoMLSimpleApplication@e38a95
----------------- Done invoking toplevel() on ptolemy.moml.MoMLSimpleApplication@e38a95
reloadAllAccessors: .PublisherSubscriberExpression

===========================================================================================
----------------- testing Thu Feb 20 07:07:29 UTC 2020 /home/travis/build/icyphy/ptII/ptolemy/actor/lib/test/auto/PublisherSubscriberOpaque.xml
----------------- Instantiating /home/travis/build/icyphy/ptII/ptolemy/actor/lib/test/auto/PublisherSubscriberOpaque.xml
3 ms. Memory: 538624K Free: 425494K (79%)
----------------- Invoking toplevel() on ptolemy.moml.MoMLSimpleApplication@2da3e0bc
----------------- Done invoking toplevel() on ptolemy.moml.MoMLSimpleApplication@2da3e0bc
reloadAllAccessors: .PublisherSubscriberOpaque

===========================================================================================
----------------- testing Thu Feb 20 07:07:29 UTC 2020 /home/travis/build/icyphy/ptII/ptolemy/actor/lib/test/auto/PublisherSubscriberOpaqueD3.xml
----------------- Instantiating /home/travis/build/icyphy/ptII/ptolemy/actor/lib/test/auto/PublisherSubscriberOpaqueD3.xml
5 ms. Memory: 538624K Free: 413720K (77%)
----------------- Invoking toplevel() on ptolemy.moml.MoMLSimpleApplication@5656559c
----------------- Done invoking toplevel() on ptolemy.moml.MoMLSimpleApplication@5656559c
reloadAllAccessors: .PublisherSubscriberOpaqueD3

===========================================================================================
----------------- testing Thu Feb 20 07:07:29 UTC 2020 /home/travis/build/icyphy/ptII/ptolemy/actor/lib/test/auto/PublisherSubscriberOpaqueD3Reverse.xml
----------------- Instantiating /home/travis/build/icyphy/ptII/ptolemy/actor/lib/test/auto/PublisherSubscriberOpaqueD3Reverse.xml
5 ms. Memory: 538624K Free: 403480K (75%)
----------------- Invoking toplevel() on ptolemy.moml.MoMLSimpleApplication@5941c0b1
----------------- Done invoking toplevel() on ptolemy.moml.MoMLSimpleApplication@5941c0b1
reloadAllAccessors: .PublisherSubscriberOpaqueD3Reverse

===========================================================================================
----------------- testing Thu Feb 20 07:07:29 UTC 2020 /home/travis/build/icyphy/ptII/ptolemy/actor/lib/test/auto/PublisherSubscriberOpaqueWidthInference.xml
----------------- Instantiating /home/travis/build/icyphy/ptII/ptolemy/actor/lib/test/auto/PublisherSubscriberOpaqueWidthInference.xml
4 ms. Memory: 538624K Free: 394760K (73%)
----------------- Invoking toplevel() on ptolemy.moml.MoMLSimpleApplication@672939aa
----------------- Done invoking toplevel() on ptolemy.moml.MoMLSimpleApplication@672939aa
reloadAllAccessors: .PublisherSubscriberOpaqueWidthInference

===========================================================================================
----------------- testing Thu Feb 20 07:07:29 UTC 2020 /home/travis/build/icyphy/ptII/ptolemy/actor/lib/test/auto/PublisherTestSubscriber.xml
----------------- Instantiating /home/travis/build/icyphy/ptII/ptolemy/actor/lib/test/auto/PublisherTestSubscriber.xml
2 ms. Memory: 538624K Free: 386576K (72%)
----------------- Invoking toplevel() on ptolemy.moml.MoMLSimpleApplication@555b4a56
----------------- Done invoking toplevel() on ptolemy.moml.MoMLSimpleApplication@555b4a56
reloadAllAccessors: .PublisherTestSubscriber

===========================================================================================
----------------- testing Thu Feb 20 07:07:29 UTC 2020 /home/travis/build/icyphy/ptII/ptolemy/actor/lib/test/auto/PublisherToplevelSubscriberPortAOC.xml
----------------- Instantiating /home/travis/build/icyphy/ptII/ptolemy/actor/lib/test/auto/PublisherToplevelSubscriberPortAOC.xml
1 ms. Memory: 538624K Free: 380432K (71%)
----------------- Invoking toplevel() on ptolemy.moml.MoMLSimpleApplication@61f13b57
----------------- Done invoking toplevel() on ptolemy.moml.MoMLSimpleApplication@61f13b57
reloadAllAccessors: .PublisherToplevelSubscriberPortAOC

===========================================================================================
----------------- testing Thu Feb 20 07:07:29 UTC 2020 /home/travis/build/icyphy/ptII/ptolemy/actor/lib/test/auto/PulseFiringLimitDE.xml
----------------- Instantiating /home/travis/build/icyphy/ptII/ptolemy/actor/lib/test/auto/PulseFiringLimitDE.xml
2 ms. Memory: 538624K Free: 373784K (69%)
----------------- Invoking toplevel() on ptolemy.moml.MoMLSimpleApplication@76ea71a4
----------------- Done invoking toplevel() on ptolemy.moml.MoMLSimpleApplication@76ea71a4
reloadAllAccessors: .PulseFiringLimitDE

===========================================================================================
----------------- testing Thu Feb 20 07:07:29 UTC 2020 /home/travis/build/icyphy/ptII/ptolemy/actor/lib/test/auto/Ramp1.xml
----------------- Instantiating /home/travis/build/icyphy/ptII/ptolemy/actor/lib/test/auto/Ramp1.xml
1 ms. Memory: 538624K Free: 369688K (69%)
----------------- Invoking toplevel() on ptolemy.moml.MoMLSimpleApplication@c16ad2b
----------------- Done invoking toplevel() on ptolemy.moml.MoMLSimpleApplication@c16ad2b
reloadAllAccessors: .Ramp1

===========================================================================================
----------------- testing Thu Feb 20 07:07:29 UTC 2020 /home/travis/build/icyphy/ptII/ptolemy/actor/lib/test/auto/RampFiringLimitDE.xml
----------------- Instantiating /home/travis/build/icyphy/ptII/ptolemy/actor/lib/test/auto/RampFiringLimitDE.xml
2 ms. Memory: 538624K Free: 363544K (67%)
----------------- Invoking toplevel() on ptolemy.moml.MoMLSimpleApplication@680d706e
----------------- Done invoking toplevel() on ptolemy.moml.MoMLSimpleApplication@680d706e
reloadAllAccessors: .RampFiringLimitDE

===========================================================================================
----------------- testing Thu Feb 20 07:07:29 UTC 2020 /home/travis/build/icyphy/ptII/ptolemy/actor/lib/test/auto/RampFiringLimitSDF.xml
----------------- Instantiating /home/travis/build/icyphy/ptII/ptolemy/actor/lib/test/auto/RampFiringLimitSDF.xml
2 ms. Memory: 538624K Free: 358424K (67%)
----------------- Invoking toplevel() on ptolemy.moml.MoMLSimpleApplication@31272d79
----------------- Done invoking toplevel() on ptolemy.moml.MoMLSimpleApplication@31272d79
reloadAllAccessors: .RampFiringLimitSDF

===========================================================================================
----------------- testing Thu Feb 20 07:07:29 UTC 2020 /home/travis/build/icyphy/ptII/ptolemy/actor/lib/test/auto/RandomInteger.xml
----------------- Instantiating /home/travis/build/icyphy/ptII/ptolemy/actor/lib/test/auto/RandomInteger.xml
1 ms. Memory: 538624K Free: 354328K (66%)
----------------- Invoking toplevel() on ptolemy.moml.MoMLSimpleApplication@7cebd586
----------------- Done invoking toplevel() on ptolemy.moml.MoMLSimpleApplication@7cebd586
reloadAllAccessors: .RandomInteger

===========================================================================================
----------------- testing Thu Feb 20 07:07:29 UTC 2020 /home/travis/build/icyphy/ptII/ptolemy/actor/lib/test/auto/ReadFile1.xml
----------------- Instantiating /home/travis/build/icyphy/ptII/ptolemy/actor/lib/test/auto/ReadFile1.xml
2 ms. Memory: 538624K Free: 349718K (65%)
----------------- Invoking toplevel() on ptolemy.moml.MoMLSimpleApplication@18c6b0f5
----------------- Done invoking toplevel() on ptolemy.moml.MoMLSimpleApplication@18c6b0f5
reloadAllAccessors: .ReadFile1

===========================================================================================
----------------- testing Thu Feb 20 07:07:29 UTC 2020 /home/travis/build/icyphy/ptII/ptolemy/actor/lib/test/auto/ReadFile2.xml
----------------- Instantiating /home/travis/build/icyphy/ptII/ptolemy/actor/lib/test/auto/ReadFile2.xml
1 ms. Memory: 538624K Free: 345622K (64%)
----------------- Invoking toplevel() on ptolemy.moml.MoMLSimpleApplication@55a44871
----------------- Done invoking toplevel() on ptolemy.moml.MoMLSimpleApplication@55a44871
reloadAllAccessors: .ReadFile2

===========================================================================================
----------------- testing Thu Feb 20 07:07:29 UTC 2020 /home/travis/build/icyphy/ptII/ptolemy/actor/lib/test/auto/Reader.xml
----------------- Instantiating /home/travis/build/icyphy/ptII/ptolemy/actor/lib/test/auto/Reader.xml
actor.lib.Reader is obsolete, use actor.lib.io.ExpressionReader instead
8 ms. Memory: 538624K Free: 341526K (63%)
----------------- Invoking toplevel() on ptolemy.moml.MoMLSimpleApplication@11831af1
----------------- Done invoking toplevel() on ptolemy.moml.MoMLSimpleApplication@11831af1
reloadAllAccessors: .Reader

===========================================================================================
----------------- testing Thu Feb 20 07:07:29 UTC 2020 /home/travis/build/icyphy/ptII/ptolemy/actor/lib/test/auto/RecordAssemblerDisplayNameTest.xml
----------------- Instantiating /home/travis/build/icyphy/ptII/ptolemy/actor/lib/test/auto/RecordAssemblerDisplayNameTest.xml
3799 ms. Memory: 538624K Free: 396772K (74%)
----------------- Invoking toplevel() on ptolemy.moml.MoMLSimpleApplication@2eab7eec
----------------- Done invoking toplevel() on ptolemy.moml.MoMLSimpleApplication@2eab7eec
reloadAllAccessors: .RecordAssemblerDisplayNameTest

===========================================================================================
----------------- testing Thu Feb 20 07:07:33 UTC 2020 /home/travis/build/icyphy/ptII/ptolemy/actor/lib/test/auto/RecordAssemblerTypeError.xml
----------------- Instantiating /home/travis/build/icyphy/ptII/ptolemy/actor/lib/test/auto/RecordAssemblerTypeError.xml
14 ms. Memory: 538624K Free: 387046K (72%)
----------------- Invoking toplevel() on ptolemy.moml.MoMLSimpleApplication@188efa85
----------------- Done invoking toplevel() on ptolemy.moml.MoMLSimpleApplication@188efa85
reloadAllAccessors: .RecordAssemblerTypeError

===========================================================================================
----------------- testing Thu Feb 20 07:07:33 UTC 2020 /home/travis/build/icyphy/ptII/ptolemy/actor/lib/test/auto/RecordDisassember.xml
----------------- Instantiating /home/travis/build/icyphy/ptII/ptolemy/actor/lib/test/auto/RecordDisassember.xml
3 ms. Memory: 538624K Free: 382406K (71%)
----------------- Invoking toplevel() on ptolemy.moml.MoMLSimpleApplication@1affda16
----------------- Done invoking toplevel() on ptolemy.moml.MoMLSimpleApplication@1affda16
reloadAllAccessors: .RecordDisassember

===========================================================================================
----------------- testing Thu Feb 20 07:07:33 UTC 2020 /home/travis/build/icyphy/ptII/ptolemy/actor/lib/test/auto/RecordDisassemberDisplayNameTest.xml
----------------- Instantiating /home/travis/build/icyphy/ptII/ptolemy/actor/lib/test/auto/RecordDisassemberDisplayNameTest.xml
5 ms. Memory: 538624K Free: 374244K (69%)
----------------- Invoking toplevel() on ptolemy.moml.MoMLSimpleApplication@450d91e9
----------------- Done invoking toplevel() on ptolemy.moml.MoMLSimpleApplication@450d91e9
reloadAllAccessors: .RecordDisassemberDisplayNameTest

===========================================================================================
----------------- testing Thu Feb 20 07:07:33 UTC 2020 /home/travis/build/icyphy/ptII/ptolemy/actor/lib/test/auto/RecordDisassembler.xml
----------------- Instantiating /home/travis/build/icyphy/ptII/ptolemy/actor/lib/test/auto/RecordDisassembler.xml
3 ms. Memory: 538624K Free: 369118K (69%)
----------------- Invoking toplevel() on ptolemy.moml.MoMLSimpleApplication@20655d6e
----------------- Done invoking toplevel() on ptolemy.moml.MoMLSimpleApplication@20655d6e
reloadAllAccessors: .RecordDisassembler

===========================================================================================
----------------- testing Thu Feb 20 07:07:33 UTC 2020 /home/travis/build/icyphy/ptII/ptolemy/actor/lib/test/auto/RecordDisassembler2.xml
----------------- Instantiating /home/travis/build/icyphy/ptII/ptolemy/actor/lib/test/auto/RecordDisassembler2.xml
3 ms. Memory: 538624K Free: 363990K (68%)
----------------- Invoking toplevel() on ptolemy.moml.MoMLSimpleApplication@16d65772
----------------- Done invoking toplevel() on ptolemy.moml.MoMLSimpleApplication@16d65772
reloadAllAccessors: .RecordDisassembler2

===========================================================================================
----------------- testing Thu Feb 20 07:07:33 UTC 2020 /home/travis/build/icyphy/ptII/ptolemy/actor/lib/test/auto/RecordUpdater.xml
----------------- Instantiating /home/travis/build/icyphy/ptII/ptolemy/actor/lib/test/auto/RecordUpdater.xml
2 ms. Memory: 538624K Free: 359398K (67%)
----------------- Invoking toplevel() on ptolemy.moml.MoMLSimpleApplication@7329273d
----------------- Done invoking toplevel() on ptolemy.moml.MoMLSimpleApplication@7329273d
reloadAllAccessors: .RecordUpdater

===========================================================================================
----------------- testing Thu Feb 20 07:07:33 UTC 2020 /home/travis/build/icyphy/ptII/ptolemy/actor/lib/test/auto/RecordUpdater2.xml
----------------- Instantiating /home/travis/build/icyphy/ptII/ptolemy/actor/lib/test/auto/RecordUpdater2.xml
1 ms. Memory: 538624K Free: 354788K (66%)
----------------- Invoking toplevel() on ptolemy.moml.MoMLSimpleApplication@708768d5
----------------- Done invoking toplevel() on ptolemy.moml.MoMLSimpleApplication@708768d5
reloadAllAccessors: .RecordUpdater2

===========================================================================================
----------------- testing Thu Feb 20 07:07:33 UTC 2020 /home/travis/build/icyphy/ptII/ptolemy/actor/lib/test/auto/RecursiveLattice.xml
----------------- Instantiating /home/travis/build/icyphy/ptII/ptolemy/actor/lib/test/auto/RecursiveLattice.xml
1 ms. Memory: 538624K Free: 350182K (65%)
----------------- Invoking toplevel() on ptolemy.moml.MoMLSimpleApplication@5877c7c8
----------------- Done invoking toplevel() on ptolemy.moml.MoMLSimpleApplication@5877c7c8
reloadAllAccessors: .RecursiveLattice

===========================================================================================
----------------- testing Thu Feb 20 07:07:33 UTC 2020 /home/travis/build/icyphy/ptII/ptolemy/actor/lib/test/auto/Router.xml
----------------- Instantiating /home/travis/build/icyphy/ptII/ptolemy/actor/lib/test/auto/Router.xml
3004 ms. Memory: 538624K Free: 339428K (63%)
----------------- Invoking toplevel() on ptolemy.moml.MoMLSimpleApplication@2bfc3624
----------------- Done invoking toplevel() on ptolemy.moml.MoMLSimpleApplication@2bfc3624
reloadAllAccessors: .Router

===========================================================================================
----------------- testing Thu Feb 20 07:07:36 UTC 2020 /home/travis/build/icyphy/ptII/ptolemy/actor/lib/test/auto/Router2.xml
----------------- Instantiating /home/travis/build/icyphy/ptII/ptolemy/actor/lib/test/auto/Router2.xml
3004 ms. Memory: 538624K Free: 329188K (61%)
----------------- Invoking toplevel() on ptolemy.moml.MoMLSimpleApplication@7850f25b
----------------- Done invoking toplevel() on ptolemy.moml.MoMLSimpleApplication@7850f25b
reloadAllAccessors: .Router2

===========================================================================================
----------------- testing Thu Feb 20 07:07:39 UTC 2020 /home/travis/build/icyphy/ptII/ptolemy/actor/lib/test/auto/RunningMaximum.xml
----------------- Instantiating /home/travis/build/icyphy/ptII/ptolemy/actor/lib/test/auto/RunningMaximum.xml
3 ms. Memory: 538624K Free: 324582K (60%)
----------------- Invoking toplevel() on ptolemy.moml.MoMLSimpleApplication@21438012
----------------- Done invoking toplevel() on ptolemy.moml.MoMLSimpleApplication@21438012
reloadAllAccessors: .RunningMaximum

===========================================================================================
----------------- testing Thu Feb 20 07:07:39 UTC 2020 /home/travis/build/icyphy/ptII/ptolemy/actor/lib/test/auto/RunningMinimum.xml
----------------- Instantiating /home/travis/build/icyphy/ptII/ptolemy/actor/lib/test/auto/RunningMinimum.xml
1 ms. Memory: 538624K Free: 319972K (59%)
----------------- Invoking toplevel() on ptolemy.moml.MoMLSimpleApplication@4ca4f76a
----------------- Done invoking toplevel() on ptolemy.moml.MoMLSimpleApplication@4ca4f76a
reloadAllAccessors: .RunningMinimum

===========================================================================================
----------------- testing Thu Feb 20 07:07:39 UTC 2020 /home/travis/build/icyphy/ptII/ptolemy/actor/lib/test/auto/Scale.xml
----------------- Instantiating /home/travis/build/icyphy/ptII/ptolemy/actor/lib/test/auto/Scale.xml
1 ms. Memory: 538624K Free: 315366K (59%)
----------------- Invoking toplevel() on ptolemy.moml.MoMLSimpleApplication@2edfa574
----------------- Done invoking toplevel() on ptolemy.moml.MoMLSimpleApplication@2edfa574
reloadAllAccessors: .Scale

===========================================================================================
----------------- testing Thu Feb 20 07:07:39 UTC 2020 /home/travis/build/icyphy/ptII/ptolemy/actor/lib/test/auto/Scale2.xml
----------------- Instantiating /home/travis/build/icyphy/ptII/ptolemy/actor/lib/test/auto/Scale2.xml
1 ms. Memory: 538624K Free: 310756K (58%)
----------------- Invoking toplevel() on ptolemy.moml.MoMLSimpleApplication@4a065e68
----------------- Done invoking toplevel() on ptolemy.moml.MoMLSimpleApplication@4a065e68
reloadAllAccessors: .Scale2

===========================================================================================
----------------- testing Thu Feb 20 07:07:39 UTC 2020 /home/travis/build/icyphy/ptII/ptolemy/actor/lib/test/auto/Scale3.xml
----------------- Instantiating /home/travis/build/icyphy/ptII/ptolemy/actor/lib/test/auto/Scale3.xml
7 ms. Memory: 538624K Free: 304612K (57%)
----------------- Invoking toplevel() on ptolemy.moml.MoMLSimpleApplication@46c655d9
----------------- Done invoking toplevel() on ptolemy.moml.MoMLSimpleApplication@46c655d9
reloadAllAccessors: .Scale3

===========================================================================================
----------------- testing Thu Feb 20 07:07:39 UTC 2020 /home/travis/build/icyphy/ptII/ptolemy/actor/lib/test/auto/ScaleArray.xml
----------------- Instantiating /home/travis/build/icyphy/ptII/ptolemy/actor/lib/test/auto/ScaleArray.xml
2 ms. Memory: 538624K Free: 299492K (56%)
----------------- Invoking toplevel() on ptolemy.moml.MoMLSimpleApplication@64d653ca
----------------- Done invoking toplevel() on ptolemy.moml.MoMLSimpleApplication@64d653ca
reloadAllAccessors: .ScaleArray

===========================================================================================
----------------- testing Thu Feb 20 07:07:39 UTC 2020 /home/travis/build/icyphy/ptII/ptolemy/actor/lib/test/auto/ScaleArray2.xml
----------------- Instantiating /home/travis/build/icyphy/ptII/ptolemy/actor/lib/test/auto/ScaleArray2.xml
2 ms. Memory: 538624K Free: 294886K (55%)
----------------- Invoking toplevel() on ptolemy.moml.MoMLSimpleApplication@64f7690e
----------------- Done invoking toplevel() on ptolemy.moml.MoMLSimpleApplication@64f7690e
reloadAllAccessors: .ScaleArray2

===========================================================================================
----------------- testing Thu Feb 20 07:07:39 UTC 2020 /home/travis/build/icyphy/ptII/ptolemy/actor/lib/test/auto/ScaleMatrix.xml
----------------- Instantiating /home/travis/build/icyphy/ptII/ptolemy/actor/lib/test/auto/ScaleMatrix.xml
117 ms. Memory: 538624K Free: 279012K (52%)
----------------- Invoking toplevel() on ptolemy.moml.MoMLSimpleApplication@61e1cd62
----------------- Done invoking toplevel() on ptolemy.moml.MoMLSimpleApplication@61e1cd62
reloadAllAccessors: .ScaleMatrix

===========================================================================================
----------------- testing Thu Feb 20 07:07:39 UTC 2020 /home/travis/build/icyphy/ptII/ptolemy/actor/lib/test/auto/Select.xml
----------------- Instantiating /home/travis/build/icyphy/ptII/ptolemy/actor/lib/test/auto/Select.xml
2 ms. Memory: 538624K Free: 272854K (51%)
----------------- Invoking toplevel() on ptolemy.moml.MoMLSimpleApplication@6724411d
----------------- Done invoking toplevel() on ptolemy.moml.MoMLSimpleApplication@6724411d
reloadAllAccessors: .Select

===========================================================================================
----------------- testing Thu Feb 20 07:07:39 UTC 2020 /home/travis/build/icyphy/ptII/ptolemy/actor/lib/test/auto/Select2.xml
----------------- Instantiating /home/travis/build/icyphy/ptII/ptolemy/actor/lib/test/auto/Select2.xml
1 ms. Memory: 538624K Free: 268262K (50%)
----------------- Invoking toplevel() on ptolemy.moml.MoMLSimpleApplication@3b1707f5
----------------- Done invoking toplevel() on ptolemy.moml.MoMLSimpleApplication@3b1707f5
reloadAllAccessors: .Select2

===========================================================================================
----------------- testing Thu Feb 20 07:07:40 UTC 2020 /home/travis/build/icyphy/ptII/ptolemy/actor/lib/test/auto/SequenceToArray2.xml
----------------- Instantiating /home/travis/build/icyphy/ptII/ptolemy/actor/lib/test/auto/SequenceToArray2.xml
112 ms. Memory: 538624K Free: 244182K (45%)
----------------- Invoking toplevel() on ptolemy.moml.MoMLSimpleApplication@42b89d37
----------------- Done invoking toplevel() on ptolemy.moml.MoMLSimpleApplication@42b89d37
reloadAllAccessors: .SequenceToArray2

===========================================================================================
----------------- testing Thu Feb 20 07:07:40 UTC 2020 /home/travis/build/icyphy/ptII/ptolemy/actor/lib/test/auto/SequentialClock.xml
----------------- Instantiating /home/travis/build/icyphy/ptII/ptolemy/actor/lib/test/auto/SequentialClock.xml
1 ms. Memory: 538624K Free: 240100K (45%)
----------------- Invoking toplevel() on ptolemy.moml.MoMLSimpleApplication@5f58f2ea
----------------- Done invoking toplevel() on ptolemy.moml.MoMLSimpleApplication@5f58f2ea
reloadAllAccessors: .SequentialClock

===========================================================================================
----------------- testing Thu Feb 20 07:07:40 UTC 2020 /home/travis/build/icyphy/ptII/ptolemy/actor/lib/test/auto/SetVariable.xml
----------------- Instantiating /home/travis/build/icyphy/ptII/ptolemy/actor/lib/test/auto/SetVariable.xml
3 ms. Memory: 538624K Free: 234980K (44%)
----------------- Invoking toplevel() on ptolemy.moml.MoMLSimpleApplication@66a5c998
----------------- Done invoking toplevel() on ptolemy.moml.MoMLSimpleApplication@66a5c998
reloadAllAccessors: .SetVariable

===========================================================================================
----------------- testing Thu Feb 20 07:07:40 UTC 2020 /home/travis/build/icyphy/ptII/ptolemy/actor/lib/test/auto/SetVariable2.xml
----------------- Instantiating /home/travis/build/icyphy/ptII/ptolemy/actor/lib/test/auto/SetVariable2.xml
2 ms. Memory: 538624K Free: 229860K (43%)
----------------- Invoking toplevel() on ptolemy.moml.MoMLSimpleApplication@51b80332
----------------- Done invoking toplevel() on ptolemy.moml.MoMLSimpleApplication@51b80332
reloadAllAccessors: .SetVariable2

===========================================================================================
----------------- testing Thu Feb 20 07:07:40 UTC 2020 /home/travis/build/icyphy/ptII/ptolemy/actor/lib/test/auto/SetVariable3.xml
----------------- Instantiating /home/travis/build/icyphy/ptII/ptolemy/actor/lib/test/auto/SetVariable3.xml
6 ms. Memory: 538624K Free: 224740K (42%)
----------------- Invoking toplevel() on ptolemy.moml.MoMLSimpleApplication@69b0664b
----------------- Done invoking toplevel() on ptolemy.moml.MoMLSimpleApplication@69b0664b
reloadAllAccessors: .SetVariable3

===========================================================================================
----------------- testing Thu Feb 20 07:07:40 UTC 2020 /home/travis/build/icyphy/ptII/ptolemy/actor/lib/test/auto/SetVariable4.xml
----------------- Instantiating /home/travis/build/icyphy/ptII/ptolemy/actor/lib/test/auto/SetVariable4.xml
19 ms. Memory: 538624K Free: 215014K (40%)
----------------- Invoking toplevel() on ptolemy.moml.MoMLSimpleApplication@12776d80
----------------- Done invoking toplevel() on ptolemy.moml.MoMLSimpleApplication@12776d80
reloadAllAccessors: .SetVariable4

===========================================================================================
----------------- testing Thu Feb 20 07:07:40 UTC 2020 /home/travis/build/icyphy/ptII/ptolemy/actor/lib/test/auto/SetVariable5.xml
----------------- Instantiating /home/travis/build/icyphy/ptII/ptolemy/actor/lib/test/auto/SetVariable5.xml
21 ms. Memory: 538624K Free: 205798K (38%)
----------------- Invoking toplevel() on ptolemy.moml.MoMLSimpleApplication@774c3717
----------------- Done invoking toplevel() on ptolemy.moml.MoMLSimpleApplication@774c3717
reloadAllAccessors: .SetVariable5

===========================================================================================
----------------- testing Thu Feb 20 07:07:40 UTC 2020 /home/travis/build/icyphy/ptII/ptolemy/actor/lib/test/auto/Sinewave.xml
----------------- Instantiating /home/travis/build/icyphy/ptII/ptolemy/actor/lib/test/auto/Sinewave.xml
3 ms. Memory: 538624K Free: 195558K (36%)
----------------- Invoking toplevel() on ptolemy.moml.MoMLSimpleApplication@58008cf2
----------------- Done invoking toplevel() on ptolemy.moml.MoMLSimpleApplication@58008cf2
reloadAllAccessors: .Sinewave

===========================================================================================
----------------- testing Thu Feb 20 07:07:40 UTC 2020 /home/travis/build/icyphy/ptII/ptolemy/actor/lib/test/auto/Sinewave2.xml
----------------- Instantiating /home/travis/build/icyphy/ptII/ptolemy/actor/lib/test/auto/Sinewave2.xml
6 ms. Memory: 538624K Free: 187862K (35%)
----------------- Invoking toplevel() on ptolemy.moml.MoMLSimpleApplication@68580f9b
----------------- Done invoking toplevel() on ptolemy.moml.MoMLSimpleApplication@68580f9b
reloadAllAccessors: .Sinewave2

===========================================================================================
----------------- testing Thu Feb 20 07:07:40 UTC 2020 /home/travis/build/icyphy/ptII/ptolemy/actor/lib/test/auto/Sinewave3.xml
----------------- Instantiating /home/travis/build/icyphy/ptII/ptolemy/actor/lib/test/auto/Sinewave3.xml
7 ms. Memory: 538624K Free: 179654K (33%)
----------------- Invoking toplevel() on ptolemy.moml.MoMLSimpleApplication@24f0ed50
----------------- Done invoking toplevel() on ptolemy.moml.MoMLSimpleApplication@24f0ed50
reloadAllAccessors: .Sinewave3

===========================================================================================
----------------- testing Thu Feb 20 07:07:40 UTC 2020 /home/travis/build/icyphy/ptII/ptolemy/actor/lib/test/auto/SingleEvent.xml
----------------- Instantiating /home/travis/build/icyphy/ptII/ptolemy/actor/lib/test/auto/SingleEvent.xml
1 ms. Memory: 538624K Free: 175078K (33%)
----------------- Invoking toplevel() on ptolemy.moml.MoMLSimpleApplication@4f426e7b
----------------- Done invoking toplevel() on ptolemy.moml.MoMLSimpleApplication@4f426e7b
reloadAllAccessors: .SingleEvent

===========================================================================================
----------------- testing Thu Feb 20 07:07:40 UTC 2020 /home/travis/build/icyphy/ptII/ptolemy/actor/lib/test/auto/Sleep.xml
----------------- Instantiating /home/travis/build/icyphy/ptII/ptolemy/actor/lib/test/auto/Sleep.xml
6012 ms. Memory: 538624K Free: 487863K (91%)
----------------- Invoking toplevel() on ptolemy.moml.MoMLSimpleApplication@2898e398
----------------- Done invoking toplevel() on ptolemy.moml.MoMLSimpleApplication@2898e398
reloadAllAccessors: .Sleep

===========================================================================================
----------------- testing Thu Feb 20 07:07:46 UTC 2020 /home/travis/build/icyphy/ptII/ptolemy/actor/lib/test/auto/SleepMultipleFire.xml
----------------- Instantiating /home/travis/build/icyphy/ptII/ptolemy/actor/lib/test/auto/SleepMultipleFire.xml
1004 ms. Memory: 538624K Free: 481719K (89%)
----------------- Invoking toplevel() on ptolemy.moml.MoMLSimpleApplication@281e0e3c
----------------- Done invoking toplevel() on ptolemy.moml.MoMLSimpleApplication@281e0e3c
reloadAllAccessors: .SleepMultipleFire

===========================================================================================
----------------- testing Thu Feb 20 07:07:47 UTC 2020 /home/travis/build/icyphy/ptII/ptolemy/actor/lib/test/auto/StopDE.xml
----------------- Instantiating /home/travis/build/icyphy/ptII/ptolemy/actor/lib/test/auto/StopDE.xml
4 ms. Memory: 538624K Free: 476085K (88%)
----------------- Invoking toplevel() on ptolemy.moml.MoMLSimpleApplication@9412b88
----------------- Done invoking toplevel() on ptolemy.moml.MoMLSimpleApplication@9412b88
reloadAllAccessors: .StopDE

===========================================================================================
----------------- testing Thu Feb 20 07:07:47 UTC 2020 /home/travis/build/icyphy/ptII/ptolemy/actor/lib/test/auto/StopSDF.xml
----------------- Instantiating /home/travis/build/icyphy/ptII/ptolemy/actor/lib/test/auto/StopSDF.xml
4 ms. Memory: 538624K Free: 470965K (87%)
----------------- Invoking toplevel() on ptolemy.moml.MoMLSimpleApplication@1bd6baa1
----------------- Done invoking toplevel() on ptolemy.moml.MoMLSimpleApplication@1bd6baa1
reloadAllAccessors: .StopSDF

===========================================================================================
----------------- testing Thu Feb 20 07:07:47 UTC 2020 /home/travis/build/icyphy/ptII/ptolemy/actor/lib/test/auto/StringConstant.xml
----------------- Instantiating /home/travis/build/icyphy/ptII/ptolemy/actor/lib/test/auto/StringConstant.xml
9 ms. Memory: 538624K Free: 466852K (87%)
----------------- Invoking toplevel() on ptolemy.moml.MoMLSimpleApplication@20ce5a55
----------------- Done invoking toplevel() on ptolemy.moml.MoMLSimpleApplication@20ce5a55
reloadAllAccessors: .StringConstant

===========================================================================================
----------------- testing Thu Feb 20 07:07:47 UTC 2020 /home/travis/build/icyphy/ptII/ptolemy/actor/lib/test/auto/SubscriberPortInitialValues1.xml
----------------- Instantiating /home/travis/build/icyphy/ptII/ptolemy/actor/lib/test/auto/SubscriberPortInitialValues1.xml
9 ms. Memory: 538624K Free: 457653K (85%)
----------------- Invoking toplevel() on ptolemy.moml.MoMLSimpleApplication@3bbf275b
----------------- Done invoking toplevel() on ptolemy.moml.MoMLSimpleApplication@3bbf275b
reloadAllAccessors: .SubscriberPortInitialValues1

===========================================================================================
----------------- testing Thu Feb 20 07:07:47 UTC 2020 /home/travis/build/icyphy/ptII/ptolemy/actor/lib/test/auto/SubscriberPortInitialValues13.xml
----------------- Instantiating /home/travis/build/icyphy/ptII/ptolemy/actor/lib/test/auto/SubscriberPortInitialValues13.xml
5 ms. Memory: 538624K Free: 444855K (83%)
----------------- Invoking toplevel() on ptolemy.moml.MoMLSimpleApplication@2007ad77
----------------- Done invoking toplevel() on ptolemy.moml.MoMLSimpleApplication@2007ad77
reloadAllAccessors: .SubscriberPortInitialValues13

===========================================================================================
----------------- testing Thu Feb 20 07:07:47 UTC 2020 /home/travis/build/icyphy/ptII/ptolemy/actor/lib/test/auto/SubscriberPortInitialValues14.xml
----------------- Instantiating /home/travis/build/icyphy/ptII/ptolemy/actor/lib/test/auto/SubscriberPortInitialValues14.xml
4 ms. Memory: 538624K Free: 437173K (81%)
----------------- Invoking toplevel() on ptolemy.moml.MoMLSimpleApplication@61990410
----------------- Done invoking toplevel() on ptolemy.moml.MoMLSimpleApplication@61990410
reloadAllAccessors: .SubscriberPortInitialValues14

===========================================================================================
----------------- testing Thu Feb 20 07:07:47 UTC 2020 /home/travis/build/icyphy/ptII/ptolemy/actor/lib/test/auto/SubscriberPortInitialValues2.xml
----------------- Instantiating /home/travis/build/icyphy/ptII/ptolemy/actor/lib/test/auto/SubscriberPortInitialValues2.xml
4 ms. Memory: 538624K Free: 429495K (80%)
----------------- Invoking toplevel() on ptolemy.moml.MoMLSimpleApplication@6cc90933
----------------- Done invoking toplevel() on ptolemy.moml.MoMLSimpleApplication@6cc90933
reloadAllAccessors: .SubscriberPortInitialValues2

===========================================================================================
----------------- testing Thu Feb 20 07:07:47 UTC 2020 /home/travis/build/icyphy/ptII/ptolemy/actor/lib/test/auto/SubscriberPortInitialValues3.xml
----------------- Instantiating /home/travis/build/icyphy/ptII/ptolemy/actor/lib/test/auto/SubscriberPortInitialValues3.xml
4 ms. Memory: 538624K Free: 418741K (78%)
----------------- Invoking toplevel() on ptolemy.moml.MoMLSimpleApplication@4c2ddd3a
----------------- Done invoking toplevel() on ptolemy.moml.MoMLSimpleApplication@4c2ddd3a
reloadAllAccessors: .SubscriberPortInitialValues3

===========================================================================================
----------------- testing Thu Feb 20 07:07:47 UTC 2020 /home/travis/build/icyphy/ptII/ptolemy/actor/lib/test/auto/SubscriptionAggregator.xml
----------------- Instantiating /home/travis/build/icyphy/ptII/ptolemy/actor/lib/test/auto/SubscriptionAggregator.xml
3 ms. Memory: 538624K Free: 412087K (77%)
----------------- Invoking toplevel() on ptolemy.moml.MoMLSimpleApplication@64275452
----------------- Done invoking toplevel() on ptolemy.moml.MoMLSimpleApplication@64275452
reloadAllAccessors: .SubscriptionAggregator

===========================================================================================
----------------- testing Thu Feb 20 07:07:47 UTC 2020 /home/travis/build/icyphy/ptII/ptolemy/actor/lib/test/auto/SubscriptionAggregator2.xml
----------------- Instantiating /home/travis/build/icyphy/ptII/ptolemy/actor/lib/test/auto/SubscriptionAggregator2.xml
2 ms. Memory: 538624K Free: 405423K (75%)
----------------- Invoking toplevel() on ptolemy.moml.MoMLSimpleApplication@200bfbc5
----------------- Done invoking toplevel() on ptolemy.moml.MoMLSimpleApplication@200bfbc5
reloadAllAccessors: .SubscriptionAggregator2

===========================================================================================
----------------- testing Thu Feb 20 07:07:47 UTC 2020 /home/travis/build/icyphy/ptII/ptolemy/actor/lib/test/auto/SubscriptionAggregator3.xml
----------------- Instantiating /home/travis/build/icyphy/ptII/ptolemy/actor/lib/test/auto/SubscriptionAggregator3.xml
3 ms. Memory: 538624K Free: 396727K (74%)
----------------- Invoking toplevel() on ptolemy.moml.MoMLSimpleApplication@3ec04810
----------------- Done invoking toplevel() on ptolemy.moml.MoMLSimpleApplication@3ec04810
reloadAllAccessors: .SubscriptionAggregator3

===========================================================================================
----------------- testing Thu Feb 20 07:07:47 UTC 2020 /home/travis/build/icyphy/ptII/ptolemy/actor/lib/test/auto/SubscriptionAggregatorMultiply.xml
----------------- Instantiating /home/travis/build/icyphy/ptII/ptolemy/actor/lib/test/auto/SubscriptionAggregatorMultiply.xml
13 ms. Memory: 538624K Free: 388535K (72%)
----------------- Invoking toplevel() on ptolemy.moml.MoMLSimpleApplication@62d5b1d4
----------------- Done invoking toplevel() on ptolemy.moml.MoMLSimpleApplication@62d5b1d4
reloadAllAccessors: .SubscriptionAggregatorMultiply

===========================================================================================
----------------- testing Thu Feb 20 07:07:47 UTC 2020 /home/travis/build/icyphy/ptII/ptolemy/actor/lib/test/auto/SubscriptionAggregatorPortMultiply1.xml
----------------- Instantiating /home/travis/build/icyphy/ptII/ptolemy/actor/lib/test/auto/SubscriptionAggregatorPortMultiply1.xml
4 ms. Memory: 538624K Free: 380853K (71%)
----------------- Invoking toplevel() on ptolemy.moml.MoMLSimpleApplication@6d7433ae
----------------- Done invoking toplevel() on ptolemy.moml.MoMLSimpleApplication@6d7433ae
reloadAllAccessors: .SubscriptionAggregatorPortMultiply1

===========================================================================================
----------------- testing Thu Feb 20 07:07:47 UTC 2020 /home/travis/build/icyphy/ptII/ptolemy/actor/lib/test/auto/Switch.xml
----------------- Instantiating /home/travis/build/icyphy/ptII/ptolemy/actor/lib/test/auto/Switch.xml
9 ms. Memory: 538624K Free: 372661K (69%)
----------------- Invoking toplevel() on ptolemy.moml.MoMLSimpleApplication@53b30a41
----------------- Done invoking toplevel() on ptolemy.moml.MoMLSimpleApplication@53b30a41
reloadAllAccessors: .Switch

===========================================================================================
----------------- testing Thu Feb 20 07:07:47 UTC 2020 /home/travis/build/icyphy/ptII/ptolemy/actor/lib/test/auto/Switch2.xml
----------------- Instantiating /home/travis/build/icyphy/ptII/ptolemy/actor/lib/test/auto/Switch2.xml
1 ms. Memory: 538624K Free: 368055K (68%)
----------------- Invoking toplevel() on ptolemy.moml.MoMLSimpleApplication@4a213358
----------------- Done invoking toplevel() on ptolemy.moml.MoMLSimpleApplication@4a213358
reloadAllAccessors: .Switch2

===========================================================================================
----------------- testing Thu Feb 20 07:07:47 UTC 2020 /home/travis/build/icyphy/ptII/ptolemy/actor/lib/test/auto/SwitchDE.xml
----------------- Instantiating /home/travis/build/icyphy/ptII/ptolemy/actor/lib/test/auto/SwitchDE.xml
2 ms. Memory: 538624K Free: 361911K (67%)
----------------- Invoking toplevel() on ptolemy.moml.MoMLSimpleApplication@3a997130
----------------- Done invoking toplevel() on ptolemy.moml.MoMLSimpleApplication@3a997130
reloadAllAccessors: .SwitchDE

===========================================================================================
----------------- testing Thu Feb 20 07:07:47 UTC 2020 /home/travis/build/icyphy/ptII/ptolemy/actor/lib/test/auto/SynchronizerDE.xml
----------------- Instantiating /home/travis/build/icyphy/ptII/ptolemy/actor/lib/test/auto/SynchronizerDE.xml
7 ms. Memory: 538624K Free: 353719K (66%)
----------------- Invoking toplevel() on ptolemy.moml.MoMLSimpleApplication@7b33014f
----------------- Done invoking toplevel() on ptolemy.moml.MoMLSimpleApplication@7b33014f
reloadAllAccessors: .SynchronizerDE

===========================================================================================
----------------- testing Thu Feb 20 07:07:47 UTC 2020 /home/travis/build/icyphy/ptII/ptolemy/actor/lib/test/auto/Test.xml
----------------- Instantiating /home/travis/build/icyphy/ptII/ptolemy/actor/lib/test/auto/Test.xml
2 ms. Memory: 538624K Free: 348599K (65%)
----------------- Invoking toplevel() on ptolemy.moml.MoMLSimpleApplication@74d14d66
----------------- Done invoking toplevel() on ptolemy.moml.MoMLSimpleApplication@74d14d66
reloadAllAccessors: .Test

===========================================================================================
----------------- testing Thu Feb 20 07:07:47 UTC 2020 /home/travis/build/icyphy/ptII/ptolemy/actor/lib/test/auto/TestExceptionAttribute1.xml
----------------- Instantiating /home/travis/build/icyphy/ptII/ptolemy/actor/lib/test/auto/TestExceptionAttribute1.xml
1 ms. Memory: 538624K Free: 345013K (64%)
----------------- Invoking toplevel() on ptolemy.moml.MoMLSimpleApplication@7d9f25
----------------- Done invoking toplevel() on ptolemy.moml.MoMLSimpleApplication@7d9f25
reloadAllAccessors: .TestExceptionAttribute1

===========================================================================================
----------------- testing Thu Feb 20 07:07:47 UTC 2020 /home/travis/build/icyphy/ptII/ptolemy/actor/lib/test/auto/TestExceptionAttribute2.xml
----------------- Instantiating /home/travis/build/icyphy/ptII/ptolemy/actor/lib/test/auto/TestExceptionAttribute2.xml
1 ms. Memory: 538624K Free: 340917K (63%)
----------------- Invoking toplevel() on ptolemy.moml.MoMLSimpleApplication@78ae6a72
----------------- Done invoking toplevel() on ptolemy.moml.MoMLSimpleApplication@78ae6a72
reloadAllAccessors: .TestExceptionAttribute2

===========================================================================================
----------------- testing Thu Feb 20 07:07:47 UTC 2020 /home/travis/build/icyphy/ptII/ptolemy/actor/lib/test/auto/TestExceptionAttribute3.xml
----------------- Instantiating /home/travis/build/icyphy/ptII/ptolemy/actor/lib/test/auto/TestExceptionAttribute3.xml
.TestExceptionAttribute3.TestExceptionAttribute: initialize() was not invoked, but wrapup() was.  This is unusual, but not always a problem.  For example, exporting JNLP will do this.
1 ms. Memory: 538624K Free: 337335K (63%)
----------------- Invoking toplevel() on ptolemy.moml.MoMLSimpleApplication@799d7bd7
----------------- Done invoking toplevel() on ptolemy.moml.MoMLSimpleApplication@799d7bd7
reloadAllAccessors: .TestExceptionAttribute3

===========================================================================================
----------------- testing Thu Feb 20 07:07:47 UTC 2020 /home/travis/build/icyphy/ptII/ptolemy/actor/lib/test/auto/TestExceptionAttribute4.xml
----------------- Instantiating /home/travis/build/icyphy/ptII/ptolemy/actor/lib/test/auto/TestExceptionAttribute4.xml
.TestExceptionAttribute4.TestExceptionAttribute: initialize() was not invoked, but wrapup() was.  This is unusual, but not always a problem.  For example, exporting JNLP will do this.
.TestExceptionAttribute4.TestExceptionAttribute2: initialize() was not invoked, but wrapup() was.  This is unusual, but not always a problem.  For example, exporting JNLP will do this.
0 ms. Memory: 538624K Free: 333239K (62%)
----------------- Invoking toplevel() on ptolemy.moml.MoMLSimpleApplication@5a7105f9
----------------- Done invoking toplevel() on ptolemy.moml.MoMLSimpleApplication@5a7105f9
reloadAllAccessors: .TestExceptionAttribute4

===========================================================================================
----------------- testing Thu Feb 20 07:07:47 UTC 2020 /home/travis/build/icyphy/ptII/ptolemy/actor/lib/test/auto/TestExceptionHandler1.xml
----------------- Instantiating /home/travis/build/icyphy/ptII/ptolemy/actor/lib/test/auto/TestExceptionHandler1.xml
1 ms. Memory: 538624K Free: 329653K (61%)
----------------- Invoking toplevel() on ptolemy.moml.MoMLSimpleApplication@12196a3b
----------------- Done invoking toplevel() on ptolemy.moml.MoMLSimpleApplication@12196a3b
reloadAllAccessors: .TestExceptionHandler1

===========================================================================================
----------------- testing Thu Feb 20 07:07:47 UTC 2020 /home/travis/build/icyphy/ptII/ptolemy/actor/lib/test/auto/TestExceptionHandler2.xml
----------------- Instantiating /home/travis/build/icyphy/ptII/ptolemy/actor/lib/test/auto/TestExceptionHandler2.xml
1 ms. Memory: 538624K Free: 326071K (61%)
----------------- Invoking toplevel() on ptolemy.moml.MoMLSimpleApplication@36d823a4
----------------- Done invoking toplevel() on ptolemy.moml.MoMLSimpleApplication@36d823a4
reloadAllAccessors: .TestExceptionHandler2

===========================================================================================
----------------- testing Thu Feb 20 07:07:47 UTC 2020 /home/travis/build/icyphy/ptII/ptolemy/actor/lib/test/auto/TestExceptionHandler3.xml
----------------- Instantiating /home/travis/build/icyphy/ptII/ptolemy/actor/lib/test/auto/TestExceptionHandler3.xml
0 ms. Memory: 538624K Free: 322485K (60%)
----------------- Invoking toplevel() on ptolemy.moml.MoMLSimpleApplication@67977ffa
----------------- Done invoking toplevel() on ptolemy.moml.MoMLSimpleApplication@67977ffa
reloadAllAccessors: .TestExceptionHandler3

===========================================================================================
----------------- testing Thu Feb 20 07:07:47 UTC 2020 /home/travis/build/icyphy/ptII/ptolemy/actor/lib/test/auto/TestExceptionHandler4.xml
----------------- Instantiating /home/travis/build/icyphy/ptII/ptolemy/actor/lib/test/auto/TestExceptionHandler4.xml
1 ms. Memory: 538624K Free: 318389K (59%)
----------------- Invoking toplevel() on ptolemy.moml.MoMLSimpleApplication@3cd983ed
----------------- Done invoking toplevel() on ptolemy.moml.MoMLSimpleApplication@3cd983ed
reloadAllAccessors: .TestExceptionHandler4

===========================================================================================
----------------- testing Thu Feb 20 07:07:47 UTC 2020 /home/travis/build/icyphy/ptII/ptolemy/actor/lib/test/auto/TestRequireCorrectOrder.xml
----------------- Instantiating /home/travis/build/icyphy/ptII/ptolemy/actor/lib/test/auto/TestRequireCorrectOrder.xml
9 ms. Memory: 538624K Free: 313239K (58%)
----------------- Invoking toplevel() on ptolemy.moml.MoMLSimpleApplication@7b721d08
----------------- Done invoking toplevel() on ptolemy.moml.MoMLSimpleApplication@7b721d08
reloadAllAccessors: .TestRequireCorrectOrder

===========================================================================================
----------------- testing Thu Feb 20 07:07:47 UTC 2020 /home/travis/build/icyphy/ptII/ptolemy/actor/lib/test/auto/TestSimple.xml
----------------- Instantiating /home/travis/build/icyphy/ptII/ptolemy/actor/lib/test/auto/TestSimple.xml
2 ms. Memory: 538624K Free: 308663K (57%)
----------------- Invoking toplevel() on ptolemy.moml.MoMLSimpleApplication@40852083
----------------- Done invoking toplevel() on ptolemy.moml.MoMLSimpleApplication@40852083
reloadAllAccessors: .TestSimple

===========================================================================================
----------------- testing Thu Feb 20 07:07:47 UTC 2020 /home/travis/build/icyphy/ptII/ptolemy/actor/lib/test/auto/ThrowModelError.xml
----------------- Instantiating /home/travis/build/icyphy/ptII/ptolemy/actor/lib/test/auto/ThrowModelError.xml
1 ms. Memory: 538624K Free: 304053K (56%)
----------------- Invoking toplevel() on ptolemy.moml.MoMLSimpleApplication@1b04fefa
----------------- Done invoking toplevel() on ptolemy.moml.MoMLSimpleApplication@1b04fefa
reloadAllAccessors: .ThrowModelError

===========================================================================================
----------------- testing Thu Feb 20 07:07:47 UTC 2020 /home/travis/build/icyphy/ptII/ptolemy/actor/lib/test/auto/TimeDelayMicrosteps.xml
----------------- Instantiating /home/travis/build/icyphy/ptII/ptolemy/actor/lib/test/auto/TimeDelayMicrosteps.xml
4 ms. Memory: 538624K Free: 297399K (55%)
----------------- Invoking toplevel() on ptolemy.moml.MoMLSimpleApplication@3d22066e
----------------- Done invoking toplevel() on ptolemy.moml.MoMLSimpleApplication@3d22066e
reloadAllAccessors: .TimeDelayMicrosteps

===========================================================================================
----------------- testing Thu Feb 20 07:07:47 UTC 2020 /home/travis/build/icyphy/ptII/ptolemy/actor/lib/test/auto/TimeDelayMicrosteps2.xml
----------------- Instantiating /home/travis/build/icyphy/ptII/ptolemy/actor/lib/test/auto/TimeDelayMicrosteps2.xml
3 ms. Memory: 538624K Free: 289703K (54%)
----------------- Invoking toplevel() on ptolemy.moml.MoMLSimpleApplication@78613493
----------------- Done invoking toplevel() on ptolemy.moml.MoMLSimpleApplication@78613493
reloadAllAccessors: .TimeDelayMicrosteps2

===========================================================================================
----------------- testing Thu Feb 20 07:07:47 UTC 2020 /home/travis/build/icyphy/ptII/ptolemy/actor/lib/test/auto/TimeDelayMicrosteps3.xml
----------------- Instantiating /home/travis/build/icyphy/ptII/ptolemy/actor/lib/test/auto/TimeDelayMicrosteps3.xml
3 ms. Memory: 538624K Free: 283063K (53%)
----------------- Invoking toplevel() on ptolemy.moml.MoMLSimpleApplication@a053412
----------------- Done invoking toplevel() on ptolemy.moml.MoMLSimpleApplication@a053412
reloadAllAccessors: .TimeDelayMicrosteps3

===========================================================================================
----------------- testing Thu Feb 20 07:07:47 UTC 2020 /home/travis/build/icyphy/ptII/ptolemy/actor/lib/test/auto/TimeDelayVariableMicrosteps.xml
----------------- Instantiating /home/travis/build/icyphy/ptII/ptolemy/actor/lib/test/auto/TimeDelayVariableMicrosteps.xml
3 ms. Memory: 538624K Free: 276405K (51%)
----------------- Invoking toplevel() on ptolemy.moml.MoMLSimpleApplication@696d45b8
----------------- Done invoking toplevel() on ptolemy.moml.MoMLSimpleApplication@696d45b8
reloadAllAccessors: .TimeDelayVariableMicrosteps

===========================================================================================
----------------- testing Thu Feb 20 07:07:47 UTC 2020 /home/travis/build/icyphy/ptII/ptolemy/actor/lib/test/auto/TimeGap.xml
----------------- Instantiating /home/travis/build/icyphy/ptII/ptolemy/actor/lib/test/auto/TimeGap.xml
4 ms. Memory: 538624K Free: 271271K (50%)
----------------- Invoking toplevel() on ptolemy.moml.MoMLSimpleApplication@6ac7585
----------------- Done invoking toplevel() on ptolemy.moml.MoMLSimpleApplication@6ac7585
reloadAllAccessors: .TimeGap

===========================================================================================
----------------- testing Thu Feb 20 07:07:47 UTC 2020 /home/travis/build/icyphy/ptII/ptolemy/actor/lib/test/auto/TimeGap2.xml
----------------- Instantiating /home/travis/build/icyphy/ptII/ptolemy/actor/lib/test/auto/TimeGap2.xml
2 ms. Memory: 538624K Free: 265655K (49%)
----------------- Invoking toplevel() on ptolemy.moml.MoMLSimpleApplication@26a20d4a
----------------- Done invoking toplevel() on ptolemy.moml.MoMLSimpleApplication@26a20d4a
reloadAllAccessors: .TimeGap2

===========================================================================================
----------------- testing Thu Feb 20 07:07:48 UTC 2020 /home/travis/build/icyphy/ptII/ptolemy/actor/lib/test/auto/TimedSinewave.xml
----------------- Instantiating /home/travis/build/icyphy/ptII/ptolemy/actor/lib/test/auto/TimedSinewave.xml
21 ms. Memory: 538624K Free: 251319K (47%)
----------------- Invoking toplevel() on ptolemy.moml.MoMLSimpleApplication@271fa5f0
----------------- Done invoking toplevel() on ptolemy.moml.MoMLSimpleApplication@271fa5f0
reloadAllAccessors: .TimedSinewave

===========================================================================================
----------------- testing Thu Feb 20 07:07:48 UTC 2020 /home/travis/build/icyphy/ptII/ptolemy/actor/lib/test/auto/TimedSinewavePhase.xml
----------------- Instantiating /home/travis/build/icyphy/ptII/ptolemy/actor/lib/test/auto/TimedSinewavePhase.xml
9 ms. Memory: 538624K Free: 241589K (45%)
----------------- Invoking toplevel() on ptolemy.moml.MoMLSimpleApplication@6aafbe1b
----------------- Done invoking toplevel() on ptolemy.moml.MoMLSimpleApplication@6aafbe1b
reloadAllAccessors: .TimedSinewavePhase

===========================================================================================
----------------- testing Thu Feb 20 07:07:48 UTC 2020 /home/travis/build/icyphy/ptII/ptolemy/actor/lib/test/auto/Timer.xml
----------------- Instantiating /home/travis/build/icyphy/ptII/ptolemy/actor/lib/test/auto/Timer.xml
2 ms. Memory: 538624K Free: 235959K (44%)
----------------- Invoking toplevel() on ptolemy.moml.MoMLSimpleApplication@786a61a7
----------------- Done invoking toplevel() on ptolemy.moml.MoMLSimpleApplication@786a61a7
reloadAllAccessors: .Timer

===========================================================================================
----------------- testing Thu Feb 20 07:07:48 UTC 2020 /home/travis/build/icyphy/ptII/ptolemy/actor/lib/test/auto/TriangularDistTestModel.xml
----------------- Instantiating /home/travis/build/icyphy/ptII/ptolemy/actor/lib/test/auto/TriangularDistTestModel.xml
1 ms. Memory: 538624K Free: 230295K (43%)
----------------- Invoking toplevel() on ptolemy.moml.MoMLSimpleApplication@206460b1
----------------- Done invoking toplevel() on ptolemy.moml.MoMLSimpleApplication@206460b1
reloadAllAccessors: .TriangularDistTestModel

===========================================================================================
----------------- testing Thu Feb 20 07:07:48 UTC 2020 /home/travis/build/icyphy/ptII/ptolemy/actor/lib/test/auto/TrigFunction.xml
----------------- Instantiating /home/travis/build/icyphy/ptII/ptolemy/actor/lib/test/auto/TrigFunction.xml
1 ms. Memory: 538624K Free: 225205K (42%)
----------------- Invoking toplevel() on ptolemy.moml.MoMLSimpleApplication@f6c9c2b
----------------- Done invoking toplevel() on ptolemy.moml.MoMLSimpleApplication@f6c9c2b
reloadAllAccessors: .TrigFunction

===========================================================================================
----------------- testing Thu Feb 20 07:07:48 UTC 2020 /home/travis/build/icyphy/ptII/ptolemy/actor/lib/test/auto/TrigFunctionDE.xml
----------------- Instantiating /home/travis/build/icyphy/ptII/ptolemy/actor/lib/test/auto/TrigFunctionDE.xml
2 ms. Memory: 538624K Free: 219575K (41%)
----------------- Invoking toplevel() on ptolemy.moml.MoMLSimpleApplication@60ffe036
----------------- Done invoking toplevel() on ptolemy.moml.MoMLSimpleApplication@60ffe036
reloadAllAccessors: .TrigFunctionDE

===========================================================================================
----------------- testing Thu Feb 20 07:07:48 UTC 2020 /home/travis/build/icyphy/ptII/ptolemy/actor/lib/test/auto/TrigFunctionInverse.xml
----------------- Instantiating /home/travis/build/icyphy/ptII/ptolemy/actor/lib/test/auto/TrigFunctionInverse.xml
2 ms. Memory: 538624K Free: 214455K (40%)
----------------- Invoking toplevel() on ptolemy.moml.MoMLSimpleApplication@eb801e3
----------------- Done invoking toplevel() on ptolemy.moml.MoMLSimpleApplication@eb801e3
reloadAllAccessors: .TrigFunctionInverse

===========================================================================================
----------------- testing Thu Feb 20 07:07:48 UTC 2020 /home/travis/build/icyphy/ptII/ptolemy/actor/lib/test/auto/TrigFunctionTan.xml
----------------- Instantiating /home/travis/build/icyphy/ptII/ptolemy/actor/lib/test/auto/TrigFunctionTan.xml
1 ms. Memory: 538624K Free: 209845K (39%)
----------------- Invoking toplevel() on ptolemy.moml.MoMLSimpleApplication@3ff6f612
----------------- Done invoking toplevel() on ptolemy.moml.MoMLSimpleApplication@3ff6f612
reloadAllAccessors: .TrigFunctionTan

===========================================================================================
----------------- testing Thu Feb 20 07:07:48 UTC 2020 /home/travis/build/icyphy/ptII/ptolemy/actor/lib/test/auto/TriggeredClock.xml
----------------- Instantiating /home/travis/build/icyphy/ptII/ptolemy/actor/lib/test/auto/TriggeredClock.xml
1 ms. Memory: 538624K Free: 204719K (38%)
----------------- Invoking toplevel() on ptolemy.moml.MoMLSimpleApplication@6f7e4e10
----------------- Done invoking toplevel() on ptolemy.moml.MoMLSimpleApplication@6f7e4e10
reloadAllAccessors: .TriggeredClock

===========================================================================================
----------------- testing Thu Feb 20 07:07:48 UTC 2020 /home/travis/build/icyphy/ptII/ptolemy/actor/lib/test/auto/URLDirectoryReader.xml
----------------- Instantiating /home/travis/build/icyphy/ptII/ptolemy/actor/lib/test/auto/URLDirectoryReader.xml
38 ms. Memory: 538624K Free: 194999K (36%)
----------------- Invoking toplevel() on ptolemy.moml.MoMLSimpleApplication@f6d858f
----------------- Done invoking toplevel() on ptolemy.moml.MoMLSimpleApplication@f6d858f
reloadAllAccessors: .URLDirectoryReader

===========================================================================================
----------------- testing Thu Feb 20 07:07:48 UTC 2020 /home/travis/build/icyphy/ptII/ptolemy/actor/lib/test/auto/URLDirectoryReader3.xml
----------------- Instantiating /home/travis/build/icyphy/ptII/ptolemy/actor/lib/test/auto/URLDirectoryReader3.xml
1010 ms. Memory: 538624K Free: 480626K (89%)
----------------- Invoking toplevel() on ptolemy.moml.MoMLSimpleApplication@a62a66d
----------------- Done invoking toplevel() on ptolemy.moml.MoMLSimpleApplication@a62a66d
reloadAllAccessors: .URLDirectoryReader3

===========================================================================================
----------------- testing Thu Feb 20 07:07:49 UTC 2020 /home/travis/build/icyphy/ptII/ptolemy/actor/lib/test/auto/UnaryMathFunction.xml
----------------- Instantiating /home/travis/build/icyphy/ptII/ptolemy/actor/lib/test/auto/UnaryMathFunction.xml
5 ms. Memory: 538624K Free: 472789K (88%)
----------------- Invoking toplevel() on ptolemy.moml.MoMLSimpleApplication@461a5cb
----------------- Done invoking toplevel() on ptolemy.moml.MoMLSimpleApplication@461a5cb
reloadAllAccessors: .UnaryMathFunction

===========================================================================================
----------------- testing Thu Feb 20 07:07:49 UTC 2020 /home/travis/build/icyphy/ptII/ptolemy/actor/lib/test/auto/Uniform.xml
----------------- Instantiating /home/travis/build/icyphy/ptII/ptolemy/actor/lib/test/auto/Uniform.xml
2 ms. Memory: 538624K Free: 468179K (87%)
----------------- Invoking toplevel() on ptolemy.moml.MoMLSimpleApplication@1716cb92
----------------- Done invoking toplevel() on ptolemy.moml.MoMLSimpleApplication@1716cb92
reloadAllAccessors: .Uniform

===========================================================================================
----------------- testing Thu Feb 20 07:07:49 UTC 2020 /home/travis/build/icyphy/ptII/ptolemy/actor/lib/test/auto/UnionDisassemblerTest.xml
----------------- Instantiating /home/travis/build/icyphy/ptII/ptolemy/actor/lib/test/auto/UnionDisassemblerTest.xml
8 ms. Memory: 538624K Free: 464597K (86%)
----------------- Invoking toplevel() on ptolemy.moml.MoMLSimpleApplication@42fe99b1
----------------- Done invoking toplevel() on ptolemy.moml.MoMLSimpleApplication@42fe99b1
reloadAllAccessors: .UnionDisassemblerTest

===========================================================================================
----------------- testing Thu Feb 20 07:07:49 UTC 2020 /home/travis/build/icyphy/ptII/ptolemy/actor/lib/test/auto/UtilityFunctions.xml
----------------- Instantiating /home/travis/build/icyphy/ptII/ptolemy/actor/lib/test/auto/UtilityFunctions.xml
1 ms. Memory: 538624K Free: 460501K (85%)
----------------- Invoking toplevel() on ptolemy.moml.MoMLSimpleApplication@2f4b5905
----------------- Done invoking toplevel() on ptolemy.moml.MoMLSimpleApplication@2f4b5905
reloadAllAccessors: .UtilityFunctions

===========================================================================================
----------------- testing Thu Feb 20 07:07:49 UTC 2020 /home/travis/build/icyphy/ptII/ptolemy/actor/lib/test/auto/VariableSleep.xml
----------------- Instantiating /home/travis/build/icyphy/ptII/ptolemy/actor/lib/test/auto/VariableSleep.xml
503 ms. Memory: 538624K Free: 455381K (85%)
----------------- Invoking toplevel() on ptolemy.moml.MoMLSimpleApplication@2dfbd2ec
----------------- Done invoking toplevel() on ptolemy.moml.MoMLSimpleApplication@2dfbd2ec
reloadAllAccessors: .VariableSleep

===========================================================================================
----------------- testing Thu Feb 20 07:07:50 UTC 2020 /home/travis/build/icyphy/ptII/ptolemy/actor/lib/test/auto/VectorAssemblerDisassemblerCT.xml
----------------- Instantiating /home/travis/build/icyphy/ptII/ptolemy/actor/lib/test/auto/VectorAssemblerDisassemblerCT.xml
74 ms. Memory: 538624K Free: 434387K (81%)
----------------- Invoking toplevel() on ptolemy.moml.MoMLSimpleApplication@6e6ea2f7
----------------- Done invoking toplevel() on ptolemy.moml.MoMLSimpleApplication@6e6ea2f7
reloadAllAccessors: .VectorAssemblerDisassemblerCT

===========================================================================================
----------------- testing Thu Feb 20 07:07:50 UTC 2020 /home/travis/build/icyphy/ptII/ptolemy/actor/lib/test/auto/VectorAssemblerDisassemblerDE.xml
----------------- Instantiating /home/travis/build/icyphy/ptII/ptolemy/actor/lib/test/auto/VectorAssemblerDisassemblerDE.xml
3 ms. Memory: 538624K Free: 427219K (79%)
----------------- Invoking toplevel() on ptolemy.moml.MoMLSimpleApplication@18a1826
----------------- Done invoking toplevel() on ptolemy.moml.MoMLSimpleApplication@18a1826
reloadAllAccessors: .VectorAssemblerDisassemblerDE

===========================================================================================
----------------- testing Thu Feb 20 07:07:50 UTC 2020 /home/travis/build/icyphy/ptII/ptolemy/actor/lib/test/auto/VectorAssemblerDisassemblerSDF.xml
----------------- Instantiating /home/travis/build/icyphy/ptII/ptolemy/actor/lib/test/auto/VectorAssemblerDisassemblerSDF.xml
2 ms. Memory: 538624K Free: 421061K (78%)
----------------- Invoking toplevel() on ptolemy.moml.MoMLSimpleApplication@17a7854b
----------------- Done invoking toplevel() on ptolemy.moml.MoMLSimpleApplication@17a7854b
reloadAllAccessors: .VectorAssemblerDisassemblerSDF

===========================================================================================
----------------- testing Thu Feb 20 07:07:50 UTC 2020 /home/travis/build/icyphy/ptII/ptolemy/actor/lib/test/auto/WallClockTime.xml
----------------- Instantiating /home/travis/build/icyphy/ptII/ptolemy/actor/lib/test/auto/WallClockTime.xml
1004 ms. Memory: 538624K Free: 415955K (77%)
----------------- Invoking toplevel() on ptolemy.moml.MoMLSimpleApplication@6927923c
----------------- Done invoking toplevel() on ptolemy.moml.MoMLSimpleApplication@6927923c
reloadAllAccessors: .WallClockTime

===========================================================================================
----------------- testing Thu Feb 20 07:07:51 UTC 2020 /home/travis/build/icyphy/ptII/ptolemy/actor/lib/test/auto/WidthTestWithSubscriberPublisher.xml
----------------- Instantiating /home/travis/build/icyphy/ptII/ptolemy/actor/lib/test/auto/WidthTestWithSubscriberPublisher.xml
10 ms. Memory: 538624K Free: 398037K (74%)
----------------- Invoking toplevel() on ptolemy.moml.MoMLSimpleApplication@7ff025bd
----------------- Done invoking toplevel() on ptolemy.moml.MoMLSimpleApplication@7ff025bd
reloadAllAccessors: .WidthTestWithSubscriberPublisher

===========================================================================================
----------------- testing Thu Feb 20 07:07:51 UTC 2020 /home/travis/build/icyphy/ptII/ptolemy/actor/lib/test/auto/WidthTestWithSubscriberPublisher2.xml
----------------- Instantiating /home/travis/build/icyphy/ptII/ptolemy/actor/lib/test/auto/WidthTestWithSubscriberPublisher2.xml
2 ms. Memory: 538624K Free: 391379K (73%)
----------------- Invoking toplevel() on ptolemy.moml.MoMLSimpleApplication@332447de
----------------- Done invoking toplevel() on ptolemy.moml.MoMLSimpleApplication@332447de
reloadAllAccessors: .WidthTestWithSubscriberPublisher2

===========================================================================================
----------------- testing Thu Feb 20 07:07:51 UTC 2020 /home/travis/build/icyphy/ptII/ptolemy/actor/lib/test/auto/WidthTestWithSubscriberPublisher3.xml
----------------- Instantiating /home/travis/build/icyphy/ptII/ptolemy/actor/lib/test/auto/WidthTestWithSubscriberPublisher3.xml
2 ms. Memory: 538624K Free: 385749K (72%)
----------------- Invoking toplevel() on ptolemy.moml.MoMLSimpleApplication@3c526231
----------------- Done invoking toplevel() on ptolemy.moml.MoMLSimpleApplication@3c526231
reloadAllAccessors: .WidthTestWithSubscriberPublisher3

===========================================================================================
----------------- testing Thu Feb 20 07:07:51 UTC 2020 /home/travis/build/icyphy/ptII/ptolemy/actor/lib/test/auto/Writer.xml
----------------- Instantiating /home/travis/build/icyphy/ptII/ptolemy/actor/lib/test/auto/Writer.xml
0
1
2
3
4
2 ms. Memory: 538624K Free: 381653K (71%)
----------------- Invoking toplevel() on ptolemy.moml.MoMLSimpleApplication@1bcea2ea
----------------- Done invoking toplevel() on ptolemy.moml.MoMLSimpleApplication@1bcea2ea
reloadAllAccessors: .Writer

===========================================================================================
----------------- testing Thu Feb 20 07:07:51 UTC 2020 /home/travis/build/icyphy/ptII/ptolemy/actor/lib/test/auto/array.xml
----------------- Instantiating /home/travis/build/icyphy/ptII/ptolemy/actor/lib/test/auto/array.xml
3 ms. Memory: 538624K Free: 377043K (70%)
----------------- Invoking toplevel() on ptolemy.moml.MoMLSimpleApplication@5ce316cf
----------------- Done invoking toplevel() on ptolemy.moml.MoMLSimpleApplication@5ce316cf
reloadAllAccessors: .array

===========================================================================================
----------------- testing Thu Feb 20 07:07:51 UTC 2020 /home/travis/build/icyphy/ptII/ptolemy/actor/lib/test/auto/array2.xml
----------------- Instantiating /home/travis/build/icyphy/ptII/ptolemy/actor/lib/test/auto/array2.xml
5 ms. Memory: 538624K Free: 371909K (69%)
----------------- Invoking toplevel() on ptolemy.moml.MoMLSimpleApplication@4403aa5c
----------------- Done invoking toplevel() on ptolemy.moml.MoMLSimpleApplication@4403aa5c
reloadAllAccessors: .array2

===========================================================================================
----------------- testing Thu Feb 20 07:07:51 UTC 2020 /home/travis/build/icyphy/ptII/ptolemy/actor/lib/test/auto/arrayType.xml
----------------- Instantiating /home/travis/build/icyphy/ptII/ptolemy/actor/lib/test/auto/arrayType.xml
2 ms. Memory: 538624K Free: 365779K (68%)
----------------- Invoking toplevel() on ptolemy.moml.MoMLSimpleApplication@5f559678
----------------- Done invoking toplevel() on ptolemy.moml.MoMLSimpleApplication@5f559678
reloadAllAccessors: .arrayType

===========================================================================================
----------------- testing Thu Feb 20 07:07:51 UTC 2020 /home/travis/build/icyphy/ptII/ptolemy/actor/lib/test/auto/arrayType10.xml
----------------- Instantiating /home/travis/build/icyphy/ptII/ptolemy/actor/lib/test/auto/arrayType10.xml
1 ms. Memory: 538624K Free: 360659K (67%)
----------------- Invoking toplevel() on ptolemy.moml.MoMLSimpleApplication@6c977cfd
----------------- Done invoking toplevel() on ptolemy.moml.MoMLSimpleApplication@6c977cfd
reloadAllAccessors: .arrayType10

===========================================================================================
----------------- testing Thu Feb 20 07:07:51 UTC 2020 /home/travis/build/icyphy/ptII/ptolemy/actor/lib/test/auto/arrayType11.xml
----------------- Instantiating /home/travis/build/icyphy/ptII/ptolemy/actor/lib/test/auto/arrayType11.xml
1 ms. Memory: 538624K Free: 356053K (66%)
----------------- Invoking toplevel() on ptolemy.moml.MoMLSimpleApplication@4d70be91
----------------- Done invoking toplevel() on ptolemy.moml.MoMLSimpleApplication@4d70be91
reloadAllAccessors: .arrayType11

===========================================================================================
----------------- testing Thu Feb 20 07:07:51 UTC 2020 /home/travis/build/icyphy/ptII/ptolemy/actor/lib/test/auto/arrayType12.xml
----------------- Instantiating /home/travis/build/icyphy/ptII/ptolemy/actor/lib/test/auto/arrayType12.xml
1 ms. Memory: 538624K Free: 351443K (65%)
----------------- Invoking toplevel() on ptolemy.moml.MoMLSimpleApplication@6a6e8b80
----------------- Done invoking toplevel() on ptolemy.moml.MoMLSimpleApplication@6a6e8b80
reloadAllAccessors: .arrayType12

===========================================================================================
----------------- testing Thu Feb 20 07:07:51 UTC 2020 /home/travis/build/icyphy/ptII/ptolemy/actor/lib/test/auto/arrayType13.xml
----------------- Instantiating /home/travis/build/icyphy/ptII/ptolemy/actor/lib/test/auto/arrayType13.xml
1 ms. Memory: 538624K Free: 346323K (64%)
----------------- Invoking toplevel() on ptolemy.moml.MoMLSimpleApplication@2a3db8eb
----------------- Done invoking toplevel() on ptolemy.moml.MoMLSimpleApplication@2a3db8eb
reloadAllAccessors: .arrayType13

===========================================================================================
----------------- testing Thu Feb 20 07:07:51 UTC 2020 /home/travis/build/icyphy/ptII/ptolemy/actor/lib/test/auto/arrayType14.xml
----------------- Instantiating /home/travis/build/icyphy/ptII/ptolemy/actor/lib/test/auto/arrayType14.xml
1 ms. Memory: 538624K Free: 341203K (63%)
----------------- Invoking toplevel() on ptolemy.moml.MoMLSimpleApplication@3a5a56f8
----------------- Done invoking toplevel() on ptolemy.moml.MoMLSimpleApplication@3a5a56f8
reloadAllAccessors: .arrayType14

===========================================================================================
----------------- testing Thu Feb 20 07:07:51 UTC 2020 /home/travis/build/icyphy/ptII/ptolemy/actor/lib/test/auto/arrayType15.xml
----------------- Instantiating /home/travis/build/icyphy/ptII/ptolemy/actor/lib/test/auto/arrayType15.xml
2 ms. Memory: 538624K Free: 335573K (62%)
----------------- Invoking toplevel() on ptolemy.moml.MoMLSimpleApplication@198964ae
----------------- Done invoking toplevel() on ptolemy.moml.MoMLSimpleApplication@198964ae
reloadAllAccessors: .arrayType15

===========================================================================================
----------------- testing Thu Feb 20 07:07:51 UTC 2020 /home/travis/build/icyphy/ptII/ptolemy/actor/lib/test/auto/arrayType16.xml
----------------- Instantiating /home/travis/build/icyphy/ptII/ptolemy/actor/lib/test/auto/arrayType16.xml
1 ms. Memory: 538624K Free: 330453K (61%)
----------------- Invoking toplevel() on ptolemy.moml.MoMLSimpleApplication@2325d858
----------------- Done invoking toplevel() on ptolemy.moml.MoMLSimpleApplication@2325d858
reloadAllAccessors: .arrayType16

===========================================================================================
----------------- testing Thu Feb 20 07:07:51 UTC 2020 /home/travis/build/icyphy/ptII/ptolemy/actor/lib/test/auto/arrayType17.xml
----------------- Instantiating /home/travis/build/icyphy/ptII/ptolemy/actor/lib/test/auto/arrayType17.xml
1 ms. Memory: 538624K Free: 325333K (60%)
----------------- Invoking toplevel() on ptolemy.moml.MoMLSimpleApplication@2fe53fd5
----------------- Done invoking toplevel() on ptolemy.moml.MoMLSimpleApplication@2fe53fd5
reloadAllAccessors: .arrayType17

===========================================================================================
----------------- testing Thu Feb 20 07:07:51 UTC 2020 /home/travis/build/icyphy/ptII/ptolemy/actor/lib/test/auto/arrayType18.xml
----------------- Instantiating /home/travis/build/icyphy/ptII/ptolemy/actor/lib/test/auto/arrayType18.xml
1 ms. Memory: 538624K Free: 320723K (60%)
----------------- Invoking toplevel() on ptolemy.moml.MoMLSimpleApplication@71c2b59
----------------- Done invoking toplevel() on ptolemy.moml.MoMLSimpleApplication@71c2b59
reloadAllAccessors: .arrayType18

===========================================================================================
----------------- testing Thu Feb 20 07:07:51 UTC 2020 /home/travis/build/icyphy/ptII/ptolemy/actor/lib/test/auto/arrayType19.xml
----------------- Instantiating /home/travis/build/icyphy/ptII/ptolemy/actor/lib/test/auto/arrayType19.xml
1 ms. Memory: 538624K Free: 316117K (59%)
----------------- Invoking toplevel() on ptolemy.moml.MoMLSimpleApplication@2c3b6d8
----------------- Done invoking toplevel() on ptolemy.moml.MoMLSimpleApplication@2c3b6d8
reloadAllAccessors: .arrayType19

===========================================================================================
----------------- testing Thu Feb 20 07:07:51 UTC 2020 /home/travis/build/icyphy/ptII/ptolemy/actor/lib/test/auto/arrayType2.xml
----------------- Instantiating /home/travis/build/icyphy/ptII/ptolemy/actor/lib/test/auto/arrayType2.xml
1 ms. Memory: 538624K Free: 310483K (58%)
----------------- Invoking toplevel() on ptolemy.moml.MoMLSimpleApplication@7eaec4d9
----------------- Done invoking toplevel() on ptolemy.moml.MoMLSimpleApplication@7eaec4d9
reloadAllAccessors: .arrayType2

===========================================================================================
----------------- testing Thu Feb 20 07:07:51 UTC 2020 /home/travis/build/icyphy/ptII/ptolemy/actor/lib/test/auto/arrayType20.xml
----------------- Instantiating /home/travis/build/icyphy/ptII/ptolemy/actor/lib/test/auto/arrayType20.xml
1 ms. Memory: 538624K Free: 305877K (57%)
----------------- Invoking toplevel() on ptolemy.moml.MoMLSimpleApplication@159e1d90
----------------- Done invoking toplevel() on ptolemy.moml.MoMLSimpleApplication@159e1d90
reloadAllAccessors: .arrayType20

===========================================================================================
----------------- testing Thu Feb 20 07:07:51 UTC 2020 /home/travis/build/icyphy/ptII/ptolemy/actor/lib/test/auto/arrayType21.xml
----------------- Instantiating /home/travis/build/icyphy/ptII/ptolemy/actor/lib/test/auto/arrayType21.xml
2 ms. Memory: 538624K Free: 301267K (56%)
----------------- Invoking toplevel() on ptolemy.moml.MoMLSimpleApplication@43484476
----------------- Done invoking toplevel() on ptolemy.moml.MoMLSimpleApplication@43484476
reloadAllAccessors: .arrayType21

===========================================================================================
----------------- testing Thu Feb 20 07:07:51 UTC 2020 /home/travis/build/icyphy/ptII/ptolemy/actor/lib/test/auto/arrayType22.xml
----------------- Instantiating /home/travis/build/icyphy/ptII/ptolemy/actor/lib/test/auto/arrayType22.xml
2 ms. Memory: 538624K Free: 296661K (55%)
----------------- Invoking toplevel() on ptolemy.moml.MoMLSimpleApplication@6e4bba83
----------------- Done invoking toplevel() on ptolemy.moml.MoMLSimpleApplication@6e4bba83
reloadAllAccessors: .arrayType22

===========================================================================================
----------------- testing Thu Feb 20 07:07:51 UTC 2020 /home/travis/build/icyphy/ptII/ptolemy/actor/lib/test/auto/arrayType23.xml
----------------- Instantiating /home/travis/build/icyphy/ptII/ptolemy/actor/lib/test/auto/arrayType23.xml
3 ms. Memory: 538624K Free: 291541K (54%)
----------------- Invoking toplevel() on ptolemy.moml.MoMLSimpleApplication@688319c4
----------------- Done invoking toplevel() on ptolemy.moml.MoMLSimpleApplication@688319c4
reloadAllAccessors: .arrayType23

===========================================================================================
----------------- testing Thu Feb 20 07:07:51 UTC 2020 /home/travis/build/icyphy/ptII/ptolemy/actor/lib/test/auto/arrayType24.xml
----------------- Instantiating /home/travis/build/icyphy/ptII/ptolemy/actor/lib/test/auto/arrayType24.xml
2 ms. Memory: 538624K Free: 286931K (53%)
----------------- Invoking toplevel() on ptolemy.moml.MoMLSimpleApplication@698fd78e
----------------- Done invoking toplevel() on ptolemy.moml.MoMLSimpleApplication@698fd78e
reloadAllAccessors: .arrayType24

===========================================================================================
----------------- testing Thu Feb 20 07:07:51 UTC 2020 /home/travis/build/icyphy/ptII/ptolemy/actor/lib/test/auto/arrayType25.xml
----------------- Instantiating /home/travis/build/icyphy/ptII/ptolemy/actor/lib/test/auto/arrayType25.xml
1 ms. Memory: 538624K Free: 281811K (52%)
----------------- Invoking toplevel() on ptolemy.moml.MoMLSimpleApplication@5cc0750c
----------------- Done invoking toplevel() on ptolemy.moml.MoMLSimpleApplication@5cc0750c
reloadAllAccessors: .arrayType25

===========================================================================================
----------------- testing Thu Feb 20 07:07:51 UTC 2020 /home/travis/build/icyphy/ptII/ptolemy/actor/lib/test/auto/arrayType26.xml
----------------- Instantiating /home/travis/build/icyphy/ptII/ptolemy/actor/lib/test/auto/arrayType26.xml
1 ms. Memory: 538624K Free: 276691K (51%)
----------------- Invoking toplevel() on ptolemy.moml.MoMLSimpleApplication@2b507afd
----------------- Done invoking toplevel() on ptolemy.moml.MoMLSimpleApplication@2b507afd
reloadAllAccessors: .arrayType26

===========================================================================================
----------------- testing Thu Feb 20 07:07:51 UTC 2020 /home/travis/build/icyphy/ptII/ptolemy/actor/lib/test/auto/arrayType27.xml
----------------- Instantiating /home/travis/build/icyphy/ptII/ptolemy/actor/lib/test/auto/arrayType27.xml
2 ms. Memory: 538624K Free: 271061K (50%)
----------------- Invoking toplevel() on ptolemy.moml.MoMLSimpleApplication@4629aaf3
----------------- Done invoking toplevel() on ptolemy.moml.MoMLSimpleApplication@4629aaf3
reloadAllAccessors: .arrayType27

===========================================================================================
----------------- testing Thu Feb 20 07:07:51 UTC 2020 /home/travis/build/icyphy/ptII/ptolemy/actor/lib/test/auto/arrayType28.xml
----------------- Instantiating /home/travis/build/icyphy/ptII/ptolemy/actor/lib/test/auto/arrayType28.xml
1 ms. Memory: 538624K Free: 265941K (49%)
----------------- Invoking toplevel() on ptolemy.moml.MoMLSimpleApplication@5aba48f6
----------------- Done invoking toplevel() on ptolemy.moml.MoMLSimpleApplication@5aba48f6
reloadAllAccessors: .arrayType28

===========================================================================================
----------------- testing Thu Feb 20 07:07:51 UTC 2020 /home/travis/build/icyphy/ptII/ptolemy/actor/lib/test/auto/arrayType3.xml
----------------- Instantiating /home/travis/build/icyphy/ptII/ptolemy/actor/lib/test/auto/arrayType3.xml
5 ms. Memory: 538624K Free: 260821K (48%)
----------------- Invoking toplevel() on ptolemy.moml.MoMLSimpleApplication@12f65f51
----------------- Done invoking toplevel() on ptolemy.moml.MoMLSimpleApplication@12f65f51
reloadAllAccessors: .arrayType3

===========================================================================================
----------------- testing Thu Feb 20 07:07:51 UTC 2020 /home/travis/build/icyphy/ptII/ptolemy/actor/lib/test/auto/arrayType4.xml
----------------- Instantiating /home/travis/build/icyphy/ptII/ptolemy/actor/lib/test/auto/arrayType4.xml
1 ms. Memory: 538624K Free: 255701K (47%)
----------------- Invoking toplevel() on ptolemy.moml.MoMLSimpleApplication@7eee3fd5
----------------- Done invoking toplevel() on ptolemy.moml.MoMLSimpleApplication@7eee3fd5
reloadAllAccessors: .arrayType4

===========================================================================================
----------------- testing Thu Feb 20 07:07:51 UTC 2020 /home/travis/build/icyphy/ptII/ptolemy/actor/lib/test/auto/arrayType5.xml
----------------- Instantiating /home/travis/build/icyphy/ptII/ptolemy/actor/lib/test/auto/arrayType5.xml
1 ms. Memory: 538624K Free: 250067K (46%)
----------------- Invoking toplevel() on ptolemy.moml.MoMLSimpleApplication@468cb880
----------------- Done invoking toplevel() on ptolemy.moml.MoMLSimpleApplication@468cb880
reloadAllAccessors: .arrayType5

===========================================================================================
----------------- testing Thu Feb 20 07:07:51 UTC 2020 /home/travis/build/icyphy/ptII/ptolemy/actor/lib/test/auto/arrayType6.xml
----------------- Instantiating /home/travis/build/icyphy/ptII/ptolemy/actor/lib/test/auto/arrayType6.xml
1 ms. Memory: 538624K Free: 245461K (46%)
----------------- Invoking toplevel() on ptolemy.moml.MoMLSimpleApplication@1e435362
----------------- Done invoking toplevel() on ptolemy.moml.MoMLSimpleApplication@1e435362
reloadAllAccessors: .arrayType6

===========================================================================================
----------------- testing Thu Feb 20 07:07:51 UTC 2020 /home/travis/build/icyphy/ptII/ptolemy/actor/lib/test/auto/arrayType7.xml
----------------- Instantiating /home/travis/build/icyphy/ptII/ptolemy/actor/lib/test/auto/arrayType7.xml
2 ms. Memory: 538624K Free: 240851K (45%)
----------------- Invoking toplevel() on ptolemy.moml.MoMLSimpleApplication@ff2d52c
----------------- Done invoking toplevel() on ptolemy.moml.MoMLSimpleApplication@ff2d52c
reloadAllAccessors: .arrayType7

===========================================================================================
----------------- testing Thu Feb 20 07:07:51 UTC 2020 /home/travis/build/icyphy/ptII/ptolemy/actor/lib/test/auto/arrayType8.xml
----------------- Instantiating /home/travis/build/icyphy/ptII/ptolemy/actor/lib/test/auto/arrayType8.xml
5 ms. Memory: 538624K Free: 236245K (44%)
----------------- Invoking toplevel() on ptolemy.moml.MoMLSimpleApplication@38401f46
----------------- Done invoking toplevel() on ptolemy.moml.MoMLSimpleApplication@38401f46
reloadAllAccessors: .arrayType8

===========================================================================================
----------------- testing Thu Feb 20 07:07:51 UTC 2020 /home/travis/build/icyphy/ptII/ptolemy/actor/lib/test/auto/arrayType9.xml
----------------- Instantiating /home/travis/build/icyphy/ptII/ptolemy/actor/lib/test/auto/arrayType9.xml
2 ms. Memory: 538624K Free: 231125K (43%)
----------------- Invoking toplevel() on ptolemy.moml.MoMLSimpleApplication@54d8a6a0
----------------- Done invoking toplevel() on ptolemy.moml.MoMLSimpleApplication@54d8a6a0
reloadAllAccessors: .arrayType9

===========================================================================================
----------------- testing Thu Feb 20 07:07:51 UTC 2020 /home/travis/build/icyphy/ptII/ptolemy/actor/lib/test/auto/cast.xml
----------------- Instantiating /home/travis/build/icyphy/ptII/ptolemy/actor/lib/test/auto/cast.xml
11 ms. Memory: 538624K Free: 226515K (42%)
----------------- Invoking toplevel() on ptolemy.moml.MoMLSimpleApplication@39911959
----------------- Done invoking toplevel() on ptolemy.moml.MoMLSimpleApplication@39911959
reloadAllAccessors: .cast

===========================================================================================
----------------- testing Thu Feb 20 07:07:51 UTC 2020 /home/travis/build/icyphy/ptII/ptolemy/actor/lib/test/auto/compositeMultiPort.xml
----------------- Instantiating /home/travis/build/icyphy/ptII/ptolemy/actor/lib/test/auto/compositeMultiPort.xml
3 ms. Memory: 538624K Free: 217813K (40%)
----------------- Invoking toplevel() on ptolemy.moml.MoMLSimpleApplication@8fde909
----------------- Done invoking toplevel() on ptolemy.moml.MoMLSimpleApplication@8fde909
reloadAllAccessors: .compositeMultiPort

===========================================================================================
----------------- testing Thu Feb 20 07:07:51 UTC 2020 /home/travis/build/icyphy/ptII/ptolemy/actor/lib/test/auto/expressionCastInference.xml
----------------- Instantiating /home/travis/build/icyphy/ptII/ptolemy/actor/lib/test/auto/expressionCastInference.xml
2 ms. Memory: 538624K Free: 213203K (40%)
----------------- Invoking toplevel() on ptolemy.moml.MoMLSimpleApplication@73485c4f
----------------- Done invoking toplevel() on ptolemy.moml.MoMLSimpleApplication@73485c4f
reloadAllAccessors: .expressionCastInference

===========================================================================================
----------------- testing Thu Feb 20 07:07:51 UTC 2020 /home/travis/build/icyphy/ptII/ptolemy/actor/lib/test/auto/expressionCastInference2.xml
----------------- Instantiating /home/travis/build/icyphy/ptII/ptolemy/actor/lib/test/auto/expressionCastInference2.xml
2 ms. Memory: 538624K Free: 208083K (39%)
----------------- Invoking toplevel() on ptolemy.moml.MoMLSimpleApplication@7d799d88
----------------- Done invoking toplevel() on ptolemy.moml.MoMLSimpleApplication@7d799d88
reloadAllAccessors: .expressionCastInference2

===========================================================================================
----------------- testing Thu Feb 20 07:07:51 UTC 2020 /home/travis/build/icyphy/ptII/ptolemy/actor/lib/test/auto/expressionInference.xml
----------------- Instantiating /home/travis/build/icyphy/ptII/ptolemy/actor/lib/test/auto/expressionInference.xml
1 ms. Memory: 538624K Free: 203987K (38%)
----------------- Invoking toplevel() on ptolemy.moml.MoMLSimpleApplication@7667a5b4
----------------- Done invoking toplevel() on ptolemy.moml.MoMLSimpleApplication@7667a5b4
reloadAllAccessors: .expressionInference

===========================================================================================
----------------- testing Thu Feb 20 07:07:51 UTC 2020 /home/travis/build/icyphy/ptII/ptolemy/actor/lib/test/auto/expression_bug.xml
----------------- Instantiating /home/travis/build/icyphy/ptII/ptolemy/actor/lib/test/auto/expression_bug.xml
1 ms. Memory: 538624K Free: 199891K (37%)
----------------- Invoking toplevel() on ptolemy.moml.MoMLSimpleApplication@717b861f
----------------- Done invoking toplevel() on ptolemy.moml.MoMLSimpleApplication@717b861f
reloadAllAccessors: .expression_bug

===========================================================================================
----------------- testing Thu Feb 20 07:07:51 UTC 2020 /home/travis/build/icyphy/ptII/ptolemy/actor/lib/test/auto/factorial.xml
----------------- Instantiating /home/travis/build/icyphy/ptII/ptolemy/actor/lib/test/auto/factorial.xml
33 ms. Memory: 538624K Free: 191189K (35%)
----------------- Invoking toplevel() on ptolemy.moml.MoMLSimpleApplication@76f5c28e
----------------- Done invoking toplevel() on ptolemy.moml.MoMLSimpleApplication@76f5c28e
reloadAllAccessors: .factorial

===========================================================================================
----------------- testing Thu Feb 20 07:07:51 UTC 2020 /home/travis/build/icyphy/ptII/ptolemy/actor/lib/test/auto/filterTest1.xml
----------------- Instantiating /home/travis/build/icyphy/ptII/ptolemy/actor/lib/test/auto/filterTest1.xml
3 ms. Memory: 538624K Free: 185045K (34%)
----------------- Invoking toplevel() on ptolemy.moml.MoMLSimpleApplication@79080dba
----------------- Done invoking toplevel() on ptolemy.moml.MoMLSimpleApplication@79080dba
reloadAllAccessors: .filterTest1

===========================================================================================
----------------- testing Thu Feb 20 07:07:51 UTC 2020 /home/travis/build/icyphy/ptII/ptolemy/actor/lib/test/auto/funcApplyInConst.xml
----------------- Instantiating /home/travis/build/icyphy/ptII/ptolemy/actor/lib/test/auto/funcApplyInConst.xml
1 ms. Memory: 538624K Free: 181459K (34%)
----------------- Invoking toplevel() on ptolemy.moml.MoMLSimpleApplication@36639708
----------------- Done invoking toplevel() on ptolemy.moml.MoMLSimpleApplication@36639708
reloadAllAccessors: .funcApplyInConst

===========================================================================================
----------------- testing Thu Feb 20 07:07:51 UTC 2020 /home/travis/build/icyphy/ptII/ptolemy/actor/lib/test/auto/funcApplyInExpr.xml
----------------- Instantiating /home/travis/build/icyphy/ptII/ptolemy/actor/lib/test/auto/funcApplyInExpr.xml
2 ms. Memory: 538624K Free: 177877K (33%)
----------------- Invoking toplevel() on ptolemy.moml.MoMLSimpleApplication@4d3a3a52
----------------- Done invoking toplevel() on ptolemy.moml.MoMLSimpleApplication@4d3a3a52
reloadAllAccessors: .funcApplyInExpr

===========================================================================================
----------------- testing Thu Feb 20 07:07:51 UTC 2020 /home/travis/build/icyphy/ptII/ptolemy/actor/lib/test/auto/function.xml
----------------- Instantiating /home/travis/build/icyphy/ptII/ptolemy/actor/lib/test/auto/function.xml
2 ms. Memory: 538624K Free: 172757K (32%)
----------------- Invoking toplevel() on ptolemy.moml.MoMLSimpleApplication@289cdda4
----------------- Done invoking toplevel() on ptolemy.moml.MoMLSimpleApplication@289cdda4
reloadAllAccessors: .function

===========================================================================================
----------------- testing Thu Feb 20 07:07:51 UTC 2020 /home/travis/build/icyphy/ptII/ptolemy/actor/lib/test/auto/function2.xml
----------------- Instantiating /home/travis/build/icyphy/ptII/ptolemy/actor/lib/test/auto/function2.xml
3 ms. Memory: 538624K Free: 483963K (90%)
----------------- Invoking toplevel() on ptolemy.moml.MoMLSimpleApplication@4161b41a
----------------- Done invoking toplevel() on ptolemy.moml.MoMLSimpleApplication@4161b41a
reloadAllAccessors: .function2

===========================================================================================
----------------- testing Thu Feb 20 07:07:52 UTC 2020 /home/travis/build/icyphy/ptII/ptolemy/actor/lib/test/auto/function3.xml
----------------- Instantiating /home/travis/build/icyphy/ptII/ptolemy/actor/lib/test/auto/function3.xml
1 ms. Memory: 538624K Free: 479357K (89%)
----------------- Invoking toplevel() on ptolemy.moml.MoMLSimpleApplication@8450045
----------------- Done invoking toplevel() on ptolemy.moml.MoMLSimpleApplication@8450045
reloadAllAccessors: .function3

===========================================================================================
----------------- testing Thu Feb 20 07:07:52 UTC 2020 /home/travis/build/icyphy/ptII/ptolemy/actor/lib/test/auto/functionClosureTest1.xml
----------------- Instantiating /home/travis/build/icyphy/ptII/ptolemy/actor/lib/test/auto/functionClosureTest1.xml
1 ms. Memory: 538624K Free: 473723K (88%)
----------------- Invoking toplevel() on ptolemy.moml.MoMLSimpleApplication@a906724
----------------- Done invoking toplevel() on ptolemy.moml.MoMLSimpleApplication@a906724
reloadAllAccessors: .functionClosureTest1

===========================================================================================
----------------- testing Thu Feb 20 07:07:52 UTC 2020 /home/travis/build/icyphy/ptII/ptolemy/actor/lib/test/auto/functionClosureTest2.xml
----------------- Instantiating /home/travis/build/icyphy/ptII/ptolemy/actor/lib/test/auto/functionClosureTest2.xml
1 ms. Memory: 538624K Free: 470141K (87%)
----------------- Invoking toplevel() on ptolemy.moml.MoMLSimpleApplication@6d88b1c3
----------------- Done invoking toplevel() on ptolemy.moml.MoMLSimpleApplication@6d88b1c3
reloadAllAccessors: .functionClosureTest2

===========================================================================================
----------------- testing Thu Feb 20 07:07:52 UTC 2020 /home/travis/build/icyphy/ptII/ptolemy/actor/lib/test/auto/functionClosureTest3.xml
----------------- Instantiating /home/travis/build/icyphy/ptII/ptolemy/actor/lib/test/auto/functionClosureTest3.xml
2 ms. Memory: 538624K Free: 464493K (86%)
----------------- Invoking toplevel() on ptolemy.moml.MoMLSimpleApplication@17054949
----------------- Done invoking toplevel() on ptolemy.moml.MoMLSimpleApplication@17054949
reloadAllAccessors: .functionClosureTest3

===========================================================================================
----------------- testing Thu Feb 20 07:07:52 UTC 2020 /home/travis/build/icyphy/ptII/ptolemy/actor/lib/test/auto/functionClosureTest4.xml
----------------- Instantiating /home/travis/build/icyphy/ptII/ptolemy/actor/lib/test/auto/functionClosureTest4.xml
4 ms. Memory: 538624K Free: 458363K (85%)
----------------- Invoking toplevel() on ptolemy.moml.MoMLSimpleApplication@72c4e24d
----------------- Done invoking toplevel() on ptolemy.moml.MoMLSimpleApplication@72c4e24d
reloadAllAccessors: .functionClosureTest4

===========================================================================================
----------------- testing Thu Feb 20 07:07:52 UTC 2020 /home/travis/build/icyphy/ptII/ptolemy/actor/lib/test/auto/functionClosureTest5.xml
----------------- Instantiating /home/travis/build/icyphy/ptII/ptolemy/actor/lib/test/auto/functionClosureTest5.xml
4 ms. Memory: 538624K Free: 453229K (84%)
----------------- Invoking toplevel() on ptolemy.moml.MoMLSimpleApplication@790e076d
----------------- Done invoking toplevel() on ptolemy.moml.MoMLSimpleApplication@790e076d
reloadAllAccessors: .functionClosureTest5

===========================================================================================
----------------- testing Thu Feb 20 07:07:52 UTC 2020 /home/travis/build/icyphy/ptII/ptolemy/actor/lib/test/auto/functionClosureTest6.xml
----------------- Instantiating /home/travis/build/icyphy/ptII/ptolemy/actor/lib/test/auto/functionClosureTest6.xml
2 ms. Memory: 538624K Free: 448117K (83%)
----------------- Invoking toplevel() on ptolemy.moml.MoMLSimpleApplication@26fbc1ca
----------------- Done invoking toplevel() on ptolemy.moml.MoMLSimpleApplication@26fbc1ca
reloadAllAccessors: .functionClosureTest6

===========================================================================================
----------------- testing Thu Feb 20 07:07:52 UTC 2020 /home/travis/build/icyphy/ptII/ptolemy/actor/lib/test/auto/functionsOnArcs.xml
----------------- Instantiating /home/travis/build/icyphy/ptII/ptolemy/actor/lib/test/auto/functionsOnArcs.xml
2 ms. Memory: 538624K Free: 443003K (82%)
----------------- Invoking toplevel() on ptolemy.moml.MoMLSimpleApplication@6d1da77c
----------------- Done invoking toplevel() on ptolemy.moml.MoMLSimpleApplication@6d1da77c
reloadAllAccessors: .functionsOnArcs

===========================================================================================
----------------- testing Thu Feb 20 07:07:52 UTC 2020 /home/travis/build/icyphy/ptII/ptolemy/actor/lib/test/auto/functionsOnArcsHOF.xml
----------------- Instantiating /home/travis/build/icyphy/ptII/ptolemy/actor/lib/test/auto/functionsOnArcsHOF.xml
3 ms. Memory: 538624K Free: 437373K (81%)
----------------- Invoking toplevel() on ptolemy.moml.MoMLSimpleApplication@27635899
----------------- Done invoking toplevel() on ptolemy.moml.MoMLSimpleApplication@27635899
reloadAllAccessors: .functionsOnArcsHOF

===========================================================================================
----------------- testing Thu Feb 20 07:07:52 UTC 2020 /home/travis/build/icyphy/ptII/ptolemy/actor/lib/test/auto/logic.xml
----------------- Instantiating /home/travis/build/icyphy/ptII/ptolemy/actor/lib/test/auto/logic.xml
2 ms. Memory: 538624K Free: 429691K (80%)
----------------- Invoking toplevel() on ptolemy.moml.MoMLSimpleApplication@25af3f78
----------------- Done invoking toplevel() on ptolemy.moml.MoMLSimpleApplication@25af3f78
reloadAllAccessors: .logic

===========================================================================================
----------------- testing Thu Feb 20 07:07:52 UTC 2020 /home/travis/build/icyphy/ptII/ptolemy/actor/lib/test/auto/matrixType.xml
----------------- Instantiating /home/travis/build/icyphy/ptII/ptolemy/actor/lib/test/auto/matrixType.xml
2 ms. Memory: 538624K Free: 424571K (79%)
----------------- Invoking toplevel() on ptolemy.moml.MoMLSimpleApplication@7b01db1f
----------------- Done invoking toplevel() on ptolemy.moml.MoMLSimpleApplication@7b01db1f
reloadAllAccessors: .matrixType

===========================================================================================
----------------- testing Thu Feb 20 07:07:52 UTC 2020 /home/travis/build/icyphy/ptII/ptolemy/actor/lib/test/auto/matrixType10.xml
----------------- Instantiating /home/travis/build/icyphy/ptII/ptolemy/actor/lib/test/auto/matrixType10.xml
2 ms. Memory: 538624K Free: 419965K (78%)
----------------- Invoking toplevel() on ptolemy.moml.MoMLSimpleApplication@2368579e
----------------- Done invoking toplevel() on ptolemy.moml.MoMLSimpleApplication@2368579e
reloadAllAccessors: .matrixType10

===========================================================================================
----------------- testing Thu Feb 20 07:07:52 UTC 2020 /home/travis/build/icyphy/ptII/ptolemy/actor/lib/test/auto/matrixType11.xml
----------------- Instantiating /home/travis/build/icyphy/ptII/ptolemy/actor/lib/test/auto/matrixType11.xml
1 ms. Memory: 538624K Free: 414845K (77%)
----------------- Invoking toplevel() on ptolemy.moml.MoMLSimpleApplication@2ad053c4
----------------- Done invoking toplevel() on ptolemy.moml.MoMLSimpleApplication@2ad053c4
reloadAllAccessors: .matrixType11

===========================================================================================
----------------- testing Thu Feb 20 07:07:52 UTC 2020 /home/travis/build/icyphy/ptII/ptolemy/actor/lib/test/auto/matrixType12.xml
----------------- Instantiating /home/travis/build/icyphy/ptII/ptolemy/actor/lib/test/auto/matrixType12.xml
1 ms. Memory: 538624K Free: 410235K (76%)
----------------- Invoking toplevel() on ptolemy.moml.MoMLSimpleApplication@66a85b43
----------------- Done invoking toplevel() on ptolemy.moml.MoMLSimpleApplication@66a85b43
reloadAllAccessors: .matrixType12

===========================================================================================
----------------- testing Thu Feb 20 07:07:52 UTC 2020 /home/travis/build/icyphy/ptII/ptolemy/actor/lib/test/auto/matrixType13.xml
----------------- Instantiating /home/travis/build/icyphy/ptII/ptolemy/actor/lib/test/auto/matrixType13.xml
2 ms. Memory: 538624K Free: 405629K (75%)
----------------- Invoking toplevel() on ptolemy.moml.MoMLSimpleApplication@458d9aee
----------------- Done invoking toplevel() on ptolemy.moml.MoMLSimpleApplication@458d9aee
reloadAllAccessors: .matrixType13

===========================================================================================
----------------- testing Thu Feb 20 07:07:52 UTC 2020 /home/travis/build/icyphy/ptII/ptolemy/actor/lib/test/auto/matrixType14.xml
----------------- Instantiating /home/travis/build/icyphy/ptII/ptolemy/actor/lib/test/auto/matrixType14.xml
2 ms. Memory: 538624K Free: 399995K (74%)
----------------- Invoking toplevel() on ptolemy.moml.MoMLSimpleApplication@2504cf5a
----------------- Done invoking toplevel() on ptolemy.moml.MoMLSimpleApplication@2504cf5a
reloadAllAccessors: .matrixType14

===========================================================================================
----------------- testing Thu Feb 20 07:07:52 UTC 2020 /home/travis/build/icyphy/ptII/ptolemy/actor/lib/test/auto/matrixType2.xml
----------------- Instantiating /home/travis/build/icyphy/ptII/ptolemy/actor/lib/test/auto/matrixType2.xml
2 ms. Memory: 538624K Free: 394875K (73%)
----------------- Invoking toplevel() on ptolemy.moml.MoMLSimpleApplication@42fe3009
----------------- Done invoking toplevel() on ptolemy.moml.MoMLSimpleApplication@42fe3009
reloadAllAccessors: .matrixType2

===========================================================================================
----------------- testing Thu Feb 20 07:07:52 UTC 2020 /home/travis/build/icyphy/ptII/ptolemy/actor/lib/test/auto/matrixType3.xml
----------------- Instantiating /home/travis/build/icyphy/ptII/ptolemy/actor/lib/test/auto/matrixType3.xml
3 ms. Memory: 538624K Free: 390269K (72%)
----------------- Invoking toplevel() on ptolemy.moml.MoMLSimpleApplication@350dfacd
----------------- Done invoking toplevel() on ptolemy.moml.MoMLSimpleApplication@350dfacd
reloadAllAccessors: .matrixType3

===========================================================================================
----------------- testing Thu Feb 20 07:07:52 UTC 2020 /home/travis/build/icyphy/ptII/ptolemy/actor/lib/test/auto/matrixType4.xml
----------------- Instantiating /home/travis/build/icyphy/ptII/ptolemy/actor/lib/test/auto/matrixType4.xml
2 ms. Memory: 538624K Free: 385149K (72%)
----------------- Invoking toplevel() on ptolemy.moml.MoMLSimpleApplication@91f278a
----------------- Done invoking toplevel() on ptolemy.moml.MoMLSimpleApplication@91f278a
reloadAllAccessors: .matrixType4

===========================================================================================
----------------- testing Thu Feb 20 07:07:52 UTC 2020 /home/travis/build/icyphy/ptII/ptolemy/actor/lib/test/auto/matrixType5.xml
----------------- Instantiating /home/travis/build/icyphy/ptII/ptolemy/actor/lib/test/auto/matrixType5.xml
2 ms. Memory: 538624K Free: 380539K (71%)
----------------- Invoking toplevel() on ptolemy.moml.MoMLSimpleApplication@19e9538e
----------------- Done invoking toplevel() on ptolemy.moml.MoMLSimpleApplication@19e9538e
reloadAllAccessors: .matrixType5

===========================================================================================
----------------- testing Thu Feb 20 07:07:52 UTC 2020 /home/travis/build/icyphy/ptII/ptolemy/actor/lib/test/auto/matrixType6.xml
----------------- Instantiating /home/travis/build/icyphy/ptII/ptolemy/actor/lib/test/auto/matrixType6.xml
1 ms. Memory: 538624K Free: 375933K (70%)
----------------- Invoking toplevel() on ptolemy.moml.MoMLSimpleApplication@6cbbfd1
----------------- Done invoking toplevel() on ptolemy.moml.MoMLSimpleApplication@6cbbfd1
reloadAllAccessors: .matrixType6

===========================================================================================
----------------- testing Thu Feb 20 07:07:52 UTC 2020 /home/travis/build/icyphy/ptII/ptolemy/actor/lib/test/auto/matrixType7.xml
----------------- Instantiating /home/travis/build/icyphy/ptII/ptolemy/actor/lib/test/auto/matrixType7.xml
2 ms. Memory: 538624K Free: 370813K (69%)
----------------- Invoking toplevel() on ptolemy.moml.MoMLSimpleApplication@2c3459f1
----------------- Done invoking toplevel() on ptolemy.moml.MoMLSimpleApplication@2c3459f1
reloadAllAccessors: .matrixType7

===========================================================================================
----------------- testing Thu Feb 20 07:07:52 UTC 2020 /home/travis/build/icyphy/ptII/ptolemy/actor/lib/test/auto/matrixType8.xml
----------------- Instantiating /home/travis/build/icyphy/ptII/ptolemy/actor/lib/test/auto/matrixType8.xml
2 ms. Memory: 538624K Free: 366203K (68%)
----------------- Invoking toplevel() on ptolemy.moml.MoMLSimpleApplication@88553c7
----------------- Done invoking toplevel() on ptolemy.moml.MoMLSimpleApplication@88553c7
reloadAllAccessors: .matrixType8

===========================================================================================
----------------- testing Thu Feb 20 07:07:52 UTC 2020 /home/travis/build/icyphy/ptII/ptolemy/actor/lib/test/auto/matrixType9.xml
----------------- Instantiating /home/travis/build/icyphy/ptII/ptolemy/actor/lib/test/auto/matrixType9.xml
1 ms. Memory: 538624K Free: 361083K (67%)
----------------- Invoking toplevel() on ptolemy.moml.MoMLSimpleApplication@1c891512
----------------- Done invoking toplevel() on ptolemy.moml.MoMLSimpleApplication@1c891512
reloadAllAccessors: .matrixType9

===========================================================================================
----------------- testing Thu Feb 20 07:07:52 UTC 2020 /home/travis/build/icyphy/ptII/ptolemy/actor/lib/test/auto/paraFunctest.xml
----------------- Instantiating /home/travis/build/icyphy/ptII/ptolemy/actor/lib/test/auto/paraFunctest.xml
2 ms. Memory: 538624K Free: 357501K (66%)
----------------- Invoking toplevel() on ptolemy.moml.MoMLSimpleApplication@18d5f987
----------------- Done invoking toplevel() on ptolemy.moml.MoMLSimpleApplication@18d5f987
reloadAllAccessors: .paraFunctest

===========================================================================================
----------------- testing Thu Feb 20 07:07:52 UTC 2020 /home/travis/build/icyphy/ptII/ptolemy/actor/lib/test/auto/paraFunctest2.xml
----------------- Instantiating /home/travis/build/icyphy/ptII/ptolemy/actor/lib/test/auto/paraFunctest2.xml
2 ms. Memory: 538624K Free: 353915K (66%)
----------------- Invoking toplevel() on ptolemy.moml.MoMLSimpleApplication@4eb574e
----------------- Done invoking toplevel() on ptolemy.moml.MoMLSimpleApplication@4eb574e
reloadAllAccessors: .paraFunctest2

===========================================================================================
----------------- testing Thu Feb 20 07:07:52 UTC 2020 /home/travis/build/icyphy/ptII/ptolemy/actor/lib/test/auto/parameterPassing.xml
----------------- Instantiating /home/travis/build/icyphy/ptII/ptolemy/actor/lib/test/auto/parameterPassing.xml
1 ms. Memory: 538624K Free: 349309K (65%)
----------------- Invoking toplevel() on ptolemy.moml.MoMLSimpleApplication@6fd1799b
----------------- Done invoking toplevel() on ptolemy.moml.MoMLSimpleApplication@6fd1799b
reloadAllAccessors: .parameterPassing

===========================================================================================
----------------- testing Thu Feb 20 07:07:52 UTC 2020 /home/travis/build/icyphy/ptII/ptolemy/actor/lib/test/auto/record.xml
----------------- Instantiating /home/travis/build/icyphy/ptII/ptolemy/actor/lib/test/auto/record.xml
3 ms. Memory: 538624K Free: 344699K (64%)
----------------- Invoking toplevel() on ptolemy.moml.MoMLSimpleApplication@43339723
----------------- Done invoking toplevel() on ptolemy.moml.MoMLSimpleApplication@43339723
reloadAllAccessors: .record

===========================================================================================
----------------- testing Thu Feb 20 07:07:52 UTC 2020 /home/travis/build/icyphy/ptII/ptolemy/actor/lib/test/auto/sizedarray1.xml
----------------- Instantiating /home/travis/build/icyphy/ptII/ptolemy/actor/lib/test/auto/sizedarray1.xml
2 ms. Memory: 538624K Free: 339579K (63%)
----------------- Invoking toplevel() on ptolemy.moml.MoMLSimpleApplication@3c2b6a18
----------------- Done invoking toplevel() on ptolemy.moml.MoMLSimpleApplication@3c2b6a18
reloadAllAccessors: .sizedarray1

===========================================================================================
----------------- testing Thu Feb 20 07:07:52 UTC 2020 /home/travis/build/icyphy/ptII/ptolemy/actor/lib/test/auto/sizedarray2.xml
----------------- Instantiating /home/travis/build/icyphy/ptII/ptolemy/actor/lib/test/auto/sizedarray2.xml
1 ms. Memory: 538624K Free: 333435K (62%)
----------------- Invoking toplevel() on ptolemy.moml.MoMLSimpleApplication@147e1d3e
----------------- Done invoking toplevel() on ptolemy.moml.MoMLSimpleApplication@147e1d3e
reloadAllAccessors: .sizedarray2

===========================================================================================
----------------- testing Thu Feb 20 07:07:52 UTC 2020 /home/travis/build/icyphy/ptII/ptolemy/actor/lib/test/auto/twoPublishers.xml
----------------- Instantiating /home/travis/build/icyphy/ptII/ptolemy/actor/lib/test/auto/twoPublishers.xml
3 ms. Memory: 538624K Free: 323181K (60%)
----------------- Invoking toplevel() on ptolemy.moml.MoMLSimpleApplication@3a238ea6
----------------- Done invoking toplevel() on ptolemy.moml.MoMLSimpleApplication@3a238ea6
reloadAllAccessors: .twoPublishers
AutoTests.java: About to close Vertx.
AutoTests.java: Vertx closed.
]]></system-out>
  <system-err><![CDATA[java.lang.RuntimeException: Execution failed
	at ptolemy.moml.MoMLSimpleApplication$UnloadThread.run(MoMLSimpleApplication.java:402)
Caused by: java.lang.RuntimeException: StringUtilities.exit() was called. Normally, we would exit here because Manager.exitAfterWrapup() was called.  However, because the ptolemy.ptII.exitAfterWrapup property is set, we throw this exception instead.
	at ptolemy.util.StringUtilities.exit(StringUtilities.java:365)
	at ptolemy.actor.Manager.wrapup(Manager.java:1549)
	at ptolemy.actor.Manager.execute(Manager.java:407)
	at ptolemy.actor.Manager.run(Manager.java:1263)
	at ptolemy.actor.Manager$PtolemyRunThread.run(Manager.java:1933)
Warning: '.top.test' is in training mode, set the trainingMode parameter to false before checking in
Warning: '.top.test' is in training mode, set the trainingMode parameter to false before checking in
Warning: '.top.test' is in training mode, set the trainingMode parameter to false before checking in
Warning: '.BooleanSwitch_RegressionTest_WrongTrainingValues.Test' is in training mode, set the trainingMode parameter to false before checking in
Warning: '.BooleanSwitch_RegressionTest_WrongTrainingValues.Test2' is in training mode, set the trainingMode parameter to false before checking in
Warning: '.BooleanSwitch_RegressionTest_WrongTrainingValues.Test2' The test produced 0 tokens.
Warning: '.top.testExceptionHandler' is in training mode, set the trainingMode parameter to false before checking in
java.lang.RuntimeException: Execution failed
	at ptolemy.moml.MoMLSimpleApplication$UnloadThread.run(MoMLSimpleApplication.java:402)
Caused by: ptolemy.kernel.util.IllegalActionException: PublisherPorts cannot be used at the top level, use a Publisher actor instead.
  in .PublisherPortToplevelSubscriber.PublisherPort
	at ptolemy.actor.PublisherPort.preinitialize(PublisherPort.java:403)
	at ptolemy.actor.CompositeActor.preinitialize(CompositeActor.java:1769)
	at ptolemy.actor.Manager.preinitializeAndResolveTypes(Manager.java:1040)
	at ptolemy.actor.Manager.initialize(Manager.java:710)
	at ptolemy.actor.Manager.execute(Manager.java:356)
	at ptolemy.actor.Manager.run(Manager.java:1263)
	at ptolemy.actor.Manager$PtolemyRunThread.run(Manager.java:1933)
java.lang.reflect.InvocationTargetException
	at java.base/jdk.internal.reflect.NativeConstructorAccessorImpl.newInstance0(Native Method)
	at java.base/jdk.internal.reflect.NativeConstructorAccessorImpl.newInstance(NativeConstructorAccessorImpl.java:62)
	at java.base/jdk.internal.reflect.DelegatingConstructorAccessorImpl.newInstance(DelegatingConstructorAccessorImpl.java:45)
	at java.base/java.lang.reflect.Constructor.newInstance(Constructor.java:490)
	at ptolemy.util.test.junit.AutoKnownFailedTests.RunModel(AutoKnownFailedTests.java:105)
	at java.base/jdk.internal.reflect.NativeMethodAccessorImpl.invoke0(Native Method)
	at java.base/jdk.internal.reflect.NativeMethodAccessorImpl.invoke(NativeMethodAccessorImpl.java:62)
	at java.base/jdk.internal.reflect.DelegatingMethodAccessorImpl.invoke(DelegatingMethodAccessorImpl.java:43)
	at java.base/java.lang.reflect.Method.invoke(Method.java:566)
	at org.junit.runners.model.FrameworkMethod$1.runReflectiveCall(FrameworkMethod.java:44)
	at org.junit.internal.runners.model.ReflectiveCallable.run(ReflectiveCallable.java:15)
	at org.junit.runners.model.FrameworkMethod.invokeExplosively(FrameworkMethod.java:41)
	at junitparams.internal.InvokeParameterisedMethod.evaluate(InvokeParameterisedMethod.java:102)
	at org.junit.internal.runners.statements.FailOnTimeout$1.run(FailOnTimeout.java:28)
Caused by: ptolemy.kernel.util.IllegalActionException: PublisherPorts cannot be used at the top level, use a Publisher actor instead.
  in .PublisherPortToplevelSubscriber.PublisherPort
	at ptolemy.actor.PublisherPort.preinitialize(PublisherPort.java:403)
	at ptolemy.actor.CompositeActor.preinitialize(CompositeActor.java:1769)
	at ptolemy.actor.Manager.preinitializeAndResolveTypes(Manager.java:1040)
	at ptolemy.actor.Manager.initialize(Manager.java:710)
	at ptolemy.actor.Manager.execute(Manager.java:356)
	at ptolemy.actor.Manager.run(Manager.java:1263)
	at ptolemy.actor.Manager$PtolemyRunThread.run(Manager.java:1933)
java.lang.RuntimeException: Execution failed
	at ptolemy.moml.MoMLSimpleApplication$UnloadThread.run(MoMLSimpleApplication.java:402)
Caused by: ptolemy.kernel.util.IllegalActionException: SubscriberPorts cannot be used at the top level, use a Subscriber actor instead.
  in .PublisherSubscriberPortToplevel.SubscriberPort
	at ptolemy.actor.SubscriberPort.preinitialize(SubscriberPort.java:328)
	at ptolemy.actor.CompositeActor.preinitialize(CompositeActor.java:1769)
	at ptolemy.actor.Manager.preinitializeAndResolveTypes(Manager.java:1040)
	at ptolemy.actor.Manager.initialize(Manager.java:710)
	at ptolemy.actor.Manager.execute(Manager.java:356)
	at ptolemy.actor.Manager.run(Manager.java:1263)
	at ptolemy.actor.Manager$PtolemyRunThread.run(Manager.java:1933)
java.lang.reflect.InvocationTargetException
	at java.base/jdk.internal.reflect.NativeConstructorAccessorImpl.newInstance0(Native Method)
	at java.base/jdk.internal.reflect.NativeConstructorAccessorImpl.newInstance(NativeConstructorAccessorImpl.java:62)
	at java.base/jdk.internal.reflect.DelegatingConstructorAccessorImpl.newInstance(DelegatingConstructorAccessorImpl.java:45)
	at java.base/java.lang.reflect.Constructor.newInstance(Constructor.java:490)
	at ptolemy.util.test.junit.AutoKnownFailedTests.RunModel(AutoKnownFailedTests.java:105)
	at java.base/jdk.internal.reflect.NativeMethodAccessorImpl.invoke0(Native Method)
	at java.base/jdk.internal.reflect.NativeMethodAccessorImpl.invoke(NativeMethodAccessorImpl.java:62)
	at java.base/jdk.internal.reflect.DelegatingMethodAccessorImpl.invoke(DelegatingMethodAccessorImpl.java:43)
	at java.base/java.lang.reflect.Method.invoke(Method.java:566)
	at org.junit.runners.model.FrameworkMethod$1.runReflectiveCall(FrameworkMethod.java:44)
	at org.junit.internal.runners.model.ReflectiveCallable.run(ReflectiveCallable.java:15)
	at org.junit.runners.model.FrameworkMethod.invokeExplosively(FrameworkMethod.java:41)
	at junitparams.internal.InvokeParameterisedMethod.evaluate(InvokeParameterisedMethod.java:102)
	at org.junit.internal.runners.statements.FailOnTimeout$1.run(FailOnTimeout.java:28)
Caused by: ptolemy.kernel.util.IllegalActionException: SubscriberPorts cannot be used at the top level, use a Subscriber actor instead.
  in .PublisherSubscriberPortToplevel.SubscriberPort
	at ptolemy.actor.SubscriberPort.preinitialize(SubscriberPort.java:328)
	at ptolemy.actor.CompositeActor.preinitialize(CompositeActor.java:1769)
	at ptolemy.actor.Manager.preinitializeAndResolveTypes(Manager.java:1040)
	at ptolemy.actor.Manager.initialize(Manager.java:710)
	at ptolemy.actor.Manager.execute(Manager.java:356)
	at ptolemy.actor.Manager.run(Manager.java:1263)
	at ptolemy.actor.Manager$PtolemyRunThread.run(Manager.java:1933)
java.lang.RuntimeException: Execution failed
	at ptolemy.moml.MoMLSimpleApplication$UnloadThread.run(MoMLSimpleApplication.java:402)
Caused by: ptolemy.kernel.util.IllegalActionException: SubscriptionAggregatorPorts cannot be used at the top level, use a SubscriptionAggregator actor instead.
  in .PublisherSubscriptionAggregatorPort.SubscriptionAggregatorPort
	at ptolemy.actor.SubscriptionAggregatorPort.preinitialize(SubscriptionAggregatorPort.java:353)
	at ptolemy.actor.CompositeActor.preinitialize(CompositeActor.java:1769)
	at ptolemy.actor.Manager.preinitializeAndResolveTypes(Manager.java:1040)
	at ptolemy.actor.Manager.initialize(Manager.java:710)
	at ptolemy.actor.Manager.execute(Manager.java:356)
	at ptolemy.actor.Manager.run(Manager.java:1263)
	at ptolemy.actor.Manager$PtolemyRunThread.run(Manager.java:1933)
java.lang.reflect.InvocationTargetException
	at java.base/jdk.internal.reflect.NativeConstructorAccessorImpl.newInstance0(Native Method)
	at java.base/jdk.internal.reflect.NativeConstructorAccessorImpl.newInstance(NativeConstructorAccessorImpl.java:62)
	at java.base/jdk.internal.reflect.DelegatingConstructorAccessorImpl.newInstance(DelegatingConstructorAccessorImpl.java:45)
	at java.base/java.lang.reflect.Constructor.newInstance(Constructor.java:490)
	at ptolemy.util.test.junit.AutoKnownFailedTests.RunModel(AutoKnownFailedTests.java:105)
	at java.base/jdk.internal.reflect.NativeMethodAccessorImpl.invoke0(Native Method)
	at java.base/jdk.internal.reflect.NativeMethodAccessorImpl.invoke(NativeMethodAccessorImpl.java:62)
	at java.base/jdk.internal.reflect.DelegatingMethodAccessorImpl.invoke(DelegatingMethodAccessorImpl.java:43)
	at java.base/java.lang.reflect.Method.invoke(Method.java:566)
	at org.junit.runners.model.FrameworkMethod$1.runReflectiveCall(FrameworkMethod.java:44)
	at org.junit.internal.runners.model.ReflectiveCallable.run(ReflectiveCallable.java:15)
	at org.junit.runners.model.FrameworkMethod.invokeExplosively(FrameworkMethod.java:41)
	at junitparams.internal.InvokeParameterisedMethod.evaluate(InvokeParameterisedMethod.java:102)
	at org.junit.internal.runners.statements.FailOnTimeout$1.run(FailOnTimeout.java:28)
Caused by: ptolemy.kernel.util.IllegalActionException: SubscriptionAggregatorPorts cannot be used at the top level, use a SubscriptionAggregator actor instead.
  in .PublisherSubscriptionAggregatorPort.SubscriptionAggregatorPort
	at ptolemy.actor.SubscriptionAggregatorPort.preinitialize(SubscriptionAggregatorPort.java:353)
	at ptolemy.actor.CompositeActor.preinitialize(CompositeActor.java:1769)
	at ptolemy.actor.Manager.preinitializeAndResolveTypes(Manager.java:1040)
	at ptolemy.actor.Manager.initialize(Manager.java:710)
	at ptolemy.actor.Manager.execute(Manager.java:356)
	at ptolemy.actor.Manager.run(Manager.java:1263)
	at ptolemy.actor.Manager$PtolemyRunThread.run(Manager.java:1933)
java.lang.RuntimeException: Execution failed
	at ptolemy.moml.MoMLSimpleApplication$UnloadThread.run(MoMLSimpleApplication.java:402)
Caused by: ptolemy.kernel.util.IllegalActionException: TypeTest actor has no training data.
  in .sizedarray3.TypeTest
	at ptolemy.actor.lib.TypeTest.initialize(TypeTest.java:250)
	at ptolemy.actor.Director.initialize(Director.java:938)
	at ptolemy.actor.Director.initialize(Director.java:907)
	at ptolemy.actor.sched.StaticSchedulingDirector.initialize(StaticSchedulingDirector.java:159)
	at ptolemy.domains.sdf.kernel.SDFDirector.initialize(SDFDirector.java:544)
	at ptolemy.actor.CompositeActor.initialize(CompositeActor.java:935)
	at ptolemy.actor.Manager.initialize(Manager.java:724)
	at ptolemy.actor.Manager.execute(Manager.java:356)
	at ptolemy.actor.Manager.run(Manager.java:1263)
	at ptolemy.actor.Manager$PtolemyRunThread.run(Manager.java:1933)
java.lang.reflect.InvocationTargetException
	at java.base/jdk.internal.reflect.NativeConstructorAccessorImpl.newInstance0(Native Method)
	at java.base/jdk.internal.reflect.NativeConstructorAccessorImpl.newInstance(NativeConstructorAccessorImpl.java:62)
	at java.base/jdk.internal.reflect.DelegatingConstructorAccessorImpl.newInstance(DelegatingConstructorAccessorImpl.java:45)
	at java.base/java.lang.reflect.Constructor.newInstance(Constructor.java:490)
	at ptolemy.util.test.junit.AutoKnownFailedTests.RunModel(AutoKnownFailedTests.java:105)
	at java.base/jdk.internal.reflect.NativeMethodAccessorImpl.invoke0(Native Method)
	at java.base/jdk.internal.reflect.NativeMethodAccessorImpl.invoke(NativeMethodAccessorImpl.java:62)
	at java.base/jdk.internal.reflect.DelegatingMethodAccessorImpl.invoke(DelegatingMethodAccessorImpl.java:43)
	at java.base/java.lang.reflect.Method.invoke(Method.java:566)
	at org.junit.runners.model.FrameworkMethod$1.runReflectiveCall(FrameworkMethod.java:44)
	at org.junit.internal.runners.model.ReflectiveCallable.run(ReflectiveCallable.java:15)
	at org.junit.runners.model.FrameworkMethod.invokeExplosively(FrameworkMethod.java:41)
	at junitparams.internal.InvokeParameterisedMethod.evaluate(InvokeParameterisedMethod.java:102)
	at org.junit.internal.runners.statements.FailOnTimeout$1.run(FailOnTimeout.java:28)
Caused by: ptolemy.kernel.util.IllegalActionException: TypeTest actor has no training data.
  in .sizedarray3.TypeTest
	at ptolemy.actor.lib.TypeTest.initialize(TypeTest.java:250)
	at ptolemy.actor.Director.initialize(Director.java:938)
	at ptolemy.actor.Director.initialize(Director.java:907)
	at ptolemy.actor.sched.StaticSchedulingDirector.initialize(StaticSchedulingDirector.java:159)
	at ptolemy.domains.sdf.kernel.SDFDirector.initialize(SDFDirector.java:544)
	at ptolemy.actor.CompositeActor.initialize(CompositeActor.java:935)
	at ptolemy.actor.Manager.initialize(Manager.java:724)
	at ptolemy.actor.Manager.execute(Manager.java:356)
	at ptolemy.actor.Manager.run(Manager.java:1263)
	at ptolemy.actor.Manager$PtolemyRunThread.run(Manager.java:1933)
]]></system-err>
</testsuite>
