<?xml version="1.0" encoding="UTF-8" ?>
<testsuite errors="0" failures="0" hostname="travis-job-48617c20-4d05-41db-856e-0b347a237f69" name="ptolemy.actor.lib.test.junit.JUnitTclTest" skipped="0" tests="517" time="63.393" timestamp="2018-09-23T02:11:34">
  <properties>
    <property name="npm.executable" value="npm" />
    <property name="file.encoding.pkg" value="sun.io" />
    <property name="env.TRAVIS_ROOT" value="/" />
    <property name="ptII.mk.exists" value="true" />
    <property name="env.TRAVIS_APP_HOST" value="build.travis-ci.org" />
    <property name="env.rvm_bin_path" value="/home/travis/.rvm/bin" />
    <property name="java.home" value="/usr/lib/jvm/java-8-oracle/jre" />
    <property name="env.TRAVIS_JOB_NUMBER" value="740.8" />
    <property name="env.TRAVIS_HOME" value="/home/travis" />
    <property name="env.DISPLAY" value=":99.0" />
    <property name="java.net.preferIPv4Stack" value="true" />
    <property name="env.TRAVIS_INIT" value="upstart" />
    <property name="env.SSH_TTY" value="/dev/pts/0" />
    <property name="env.RUN_TESTS" value="false" />
    <property name="timeout.short" value="1000000" />
    <property name="env.TRAVIS_STACK_NODE_ATTRIBUTES" value="/.node-attributes.yml" />
    <property name="junit.formatter" value="xml" />
    <property name="java.endorsed.dirs" value="/usr/lib/jvm/java-8-oracle/jre/lib/endorsed" />
    <property name="env.TRAVIS_SUDO" value="true" />
    <property name="env.LOGNAME" value="travis" />
    <property name="env.PT_TRAVIS_TEST_CORE1_XML" value="true" />
    <property name="jsdoc.home" value="node_modules/@terraswarm/jsdoc" />
    <property name="debuglevel" value="source,lines,vars" />
    <property name="checkstyle.formatter" value="xml" />
    <property name="bin.vergil.makeable" value="true" />
    <property name="env._system_version" value="14.04" />
    <property name="sun.os.patch.level" value="unknown" />
    <property name="java.vendor.url" value="http://java.oracle.com/" />
    <property name="java.version" value="1.8.0_151" />
    <property name="env.TZ" value="UTC" />
    <property name="env.PT_NO_NET" value="true" />
    <property name="env.TRAVIS_PULL_REQUEST_SHA" value="" />
    <property name="env.TRAVIS_SECURE_ENV_VARS" value="true" />
    <property name="env._system_type" value="Linux" />
    <property name="java.vendor.url.bug" value="http://bugreport.sun.com/bugreport/" />
    <property name="env.SSH_CLIENT" value="10.10.4.10 35710 22" />
    <property name="npmjs-org-is-up" value="true" />
    <property name="env.GEM_HOME" value="/home/travis/.rvm/gems/ruby-2.4.1" />
    <property name="env.HAS_ANTARES_THREE_LITTLE_FRONZIES_BADGE" value="true" />
    <property name="env.PS4" value="+" />
    <property name="ant.project.invoked-targets" value="build,test.core1.xml" />
    <property name="env.TRAVIS_PULL_REQUEST_BRANCH" value="" />
    <property name="env.TRAVIS_REPO_SLUG" value="icyphy/ptII" />
    <property name="node.in.path" value="true" />
    <property name="java.maxmemory" value="1400m" />
    <property name="env.RUBY_VERSION" value="ruby-2.4.1" />
    <property name="user.name" value="travis" />
    <property name="env.LANG" value="en_US.UTF-8" />
    <property name="sun.io.unicode.encoding" value="UnicodeLittle" />
    <property name="sun.jnu.encoding" value="UTF-8" />
    <property name="java.runtime.name" value="Java(TM) SE Runtime Environment" />
    <property name="usefile" value="false" />
    <property name="return.code" value="0" />
    <property name="junit.single.formatter" value="plain" />
    <property name="env.DYLD_LIBRARY_PATH" value="/home/travis/pthla/certi-tools/lib:" />
    <property name="env.DEBIAN_FRONTEND" value="noninteractive" />
    <property name="env.SSH_CONNECTION" value="10.10.4.10 35710 10.20.0.134 22" />
    <property name="env.MYSQL_UNIX_PORT" value="/var/run/mysqld/mysqld.sock" />
    <property name="env.TRAVIS_ALLOW_FAILURE" value="false" />
    <property name="env.LC_ALL" value="en_US.UTF-8" />
    <property name="java.specification.name" value="Java Platform API Specification" />
    <property name="node.works" value="true" />
    <property name="user.timezone" value="" />
    <property name="path.separator" value=":" />
    <property name="env.TRAVIS_ENABLE_INFRA_DETECTION" value="true" />
    <property name="env.PYTHON_CFLAGS" value="-g -fstack-protector --param=ssp-buffer-size=4 -Wformat -Werror=format-security" />
    <property name="timeout.long" value="4000000" />
    <property name="env.CERTI_HOME" value="/home/travis/pthla/certi-tools" />
    <property name="file.encoding" value="UTF-8" />
    <property name="ant.file.ptII" value="/home/travis/build/icyphy/ptII/build.xml" />
    <property name="javadoc.packagenames" value="com.*,diva.*,lbnl.*,org.hlacerti.*,org.json.*,org.ptolemy.*,org.terraswarm.*,ptolemy.*,ptserver.*" />
    <property name="env.TRAVIS_PULL_REQUEST_SLUG" value="" />
    <property name="ant.project.default-target" value="build" />
    <property name="env.GIT_ASKPASS" value="echo" />
    <property name="env.HOME" value="/home/travis" />
    <property name="sun.java.command" value="org.apache.tools.ant.taskdefs.optional.junit.JUnitTestRunner ptolemy.actor.lib.test.junit.JUnitTclTest skipNonTests=false filtertrace=true haltOnError=false haltOnFailure=false formatter=org.apache.tools.ant.taskdefs.optional.junit.OutErrSummaryJUnitResultFormatter showoutput=true outputtoformatters=true logfailedtests=true threadid=0 logtestlistenerevents=false formatter=org.apache.tools.ant.taskdefs.optional.junit.XMLJUnitResultFormatter,/home/travis/build/icyphy/ptII/reports/junit/TEST-ptolemy.actor.lib.test.junit.JUnitTclTest.xml crashfile=/home/travis/build/icyphy/ptII/junitvmwatcher5717642052681308072.properties propsfile=/home/travis/build/icyphy/ptII/junit9022228464693369347.properties" />
    <property name="env.MANPATH" value="/home/travis/.nvm/versions/node/v7.10.1/share/man:/home/travis/.kiex/elixirs/elixir-1.4.5/man:/home/travis/.rvm/rubies/ruby-2.4.1/share/man:/usr/local/man:/usr/local/cmake-3.9.2/man:/usr/local/clang-5.0.0/share/man:/usr/local/share/man:/usr/share/man:/home/travis/.rvm/man" />
    <property name="env.COMPOSER_NO_INTERACTION" value="1" />
    <property name="env.JDK_SWITCHER_DEFAULT" value="oraclejdk8" />
    <property name="env.TRAVIS_TIMER_ID" value="02411bd4" />
    <property name="ant.file" value="/home/travis/build/icyphy/ptII/build.xml" />
    <property name="env.TRAVIS_COMMIT_RANGE" value="174d25ae00a8222af5053fded25af12a98e456d7...1249563af6184b9dca3f37daf1208c27ba2ef8f6" />
    <property name="env._system_name" value="Ubuntu" />
    <property name="timeout" value="2400000" />
    <property name="ptII.classpath.optional.property" value="/home/travis/build/icyphy/ptII/lib/bsh-2.0b4.jar:/home/travis/build/icyphy/ptII/lib/ptCal.jar:/home/travis/build/icyphy/ptII/lib/java_cup.jar:/home/travis/build/icyphy/ptII/lib/saxon8.jar:/home/travis/build/icyphy/ptII/lib/saxon8-dom.jar:/home/travis/build/icyphy/ptII/lib/chic.jar:/home/travis/build/icyphy/ptII/lib/ptcolt.jar:/usr/lib/jvm/java-8-oracle/lib/tools.jar:/usr/lib/eclipse/plugins/org.eclipse.jdt.core_3.8.2.dist.jar:/usr/lib/eclipse/plugins/org.eclipse.core.runtime_3.8.0.dist.jar:/usr/lib/eclipse/plugins/org.eclipse.osgi_3.8.1.dist.jar:/usr/lib/eclipse/plugins/org.eclipse.core.resources_3.8.1.dist.jar:/usr/lib/eclipse/plugins/org.eclipse.equinox.common_3.6.100.dist.jar:/usr/lib/eclipse/plugins/org.eclipse.core.jobs_3.5.200.dist.jar:/usr/lib/eclipse/plugins/org.eclipse.core.contenttype_3.4.200.dist.jar:/usr/lib/eclipse/plugins/org.eclipse.equinox.preferences_3.5.0.dist.jar:/usr/lib/eclipse/plugins/org.eclipse.text_3.5.200.dist.jar:/usr/lib/eclipse/plugins/org.eclipse.ui.workbench_3.8.1.dist.jar:/usr/lib/eclipse/plugins/org.eclipse.jface_3.8.0.dist.jar:/usr/lib/eclipse/plugins/org.eclipse.swt_3.8.2.jar:/usr/lib/eclipse/plugins/org.eclipse.jface.text_3.8.1.dist.jar:/usr/lib/eclipse/plugins/org.eclipse.ui.workbench.texteditor_3.8.0.dist.jar:/usr/lib/eclipse/plugins/org.eclipse.ui.editors_3.8.0.dist.jar:/usr/lib/eclipse/plugins/org.eclipse.core.commands_3.6.1.dist.jar:/usr/lib/eclipse/plugins/org.eclipse.equinox.registry_3.5.200.dist.jar:/usr/lib/eclipse/plugins/org.eclipse.ui.console_3.5.100.dist.jar:/usr/lib/eclipse/plugins/org.eclipse.ui.forms_3.5.200.dist.jar:/usr/lib/eclipse/plugins/org.eclipse.ui.ide_3.8.1.dist.jar:/home/travis/build/icyphy/ptII/vendors/oracle/dbxml.jar:/home/travis/build/icyphy/ptII/vendors/oracle/db.jar:/home/travis/build/icyphy/ptII/vendors/misc/itext/iText.jar:/home/travis/build/icyphy/ptII/lib/g4ltl.jar:/home/travis/build/icyphy/ptII/lib/StructuralCoder.jar:/home/travis/build/icyphy/ptII/lib/org-openide-util.jar:/home/travis/build/icyphy/ptII/lib/org-openide-util-lookup.jar:/home/travis/build/icyphy/ptII/lib/org-netbeans-api-visual.jar:/home/travis/build/icyphy/ptII/vendors/jai-1_1_2_01/lib/jai_core.jar:/home/travis/build/icyphy/ptII/vendors/jai-1_1_2_01/lib/jai_codec.jar:/home/travis/build/icyphy/ptII/lib/jcerti.jar:/home/travis/build/icyphy/ptII/lib/smack.jar:/home/travis/build/icyphy/ptII/lib/smackx.jar:/home/travis/build/icyphy/ptII/lib/jetty-all-8.1.5-v20120716.jar:/home/travis/build/icyphy/ptII/lib/javax.servlet-api-3.0.1.jar:/home/travis/build/icyphy/ptII/lib/javax.mail.jar:/home/travis/build/icyphy/ptII/vendors/JMF-2.1.1e/lib/jmf.jar:/home/travis/build/icyphy/ptII/lib/jna-4.0.0-variadic.jar:/home/travis/build/icyphy/ptII/vendors/misc/joystick/Joystick.jar:/home/travis/build/icyphy/ptII/lib/ptjacl.jar:/home/travis/build/icyphy/ptII/lib/jsoup-1.8.2.jar:/home/travis/build/icyphy/ptII/lib/junit-4.8.2.jar:/home/travis/build/icyphy/ptII/lib/JUnitParams-0.4.0.jar:/home/travis/build/icyphy/ptII/ptolemy/actor/lib/excel/jxl.jar:/home/travis/build/icyphy/ptII/lib/jython.jar:/home/travis/build/icyphy/ptII/lib/kieler.jar:/home/travis/build/icyphy/ptII/vendors/opencv/share/OpenCV/java/opencv-341.jar:/home/travis/build/icyphy/ptII/lib/oscP5.jar:/home/travis/build/icyphy/ptII/lib/nrjavaserial-3.11.0.devel.jar:/home/travis/build/icyphy/ptII/vendors/j3d/lib/j3dcore.jar:/home/travis/build/icyphy/ptII/vendors/j3d/lib/j3dutils.jar:/home/travis/build/icyphy/ptII/vendors/j3d/lib/vecmath.jar:/home/travis/build/icyphy/ptII/ptolemy/distributed/jini/jar/jini-core.jar:/home/travis/build/icyphy/ptII/ptolemy/distributed/jini/jar/jini-ext.jar:/home/travis/build/icyphy/ptII/ptolemy/distributed/jini/jar/sun-util.jar:/home/travis/build/icyphy/ptII/lib/protobuf-java-2.4.1.jar:/home/travis/build/icyphy/ptII/lib/org.eclipse.paho.client.mqttv3.jar:/home/travis/build/icyphy/ptII/ptserver/lib/hessian-4.0.7.jar:/home/travis/build/icyphy/ptII/ptserver/lib/wmqtt.jar:/home/travis/build/icyphy/ptII/lib/mapss.jar:/home/travis/build/icyphy/ptII/ptolemy/actor/ptalon/antlr/antlr.jar:/home/travis/build/icyphy/ptII/lib/JRI.jar:/home/travis/build/icyphy/ptII/lib/commons-lang-2.6.jar:/home/travis/build/icyphy/ptII/lib/commons-logging-1.1.1.jar:/home/travis/build/icyphy/ptII/lib/sootclasses.jar:/home/travis/build/icyphy/ptII/ptolemy/actor/lib/database/mysql-connector-java-5.1.6-bin.jar:/home/travis/build/icyphy/ptII/vendors/misc/sphinx4/sphinx4-data-5prealpha.jar:/home/travis/build/icyphy/ptII/vendors/misc/sphinx4/sphinx4-core-5prealpha.jar:/home/travis/build/icyphy/ptII/lib/PDFRenderer.jar:/home/travis/build/icyphy/ptII/lib/svgSalamander.jar:/home/travis/build/icyphy/ptII/lib/rsyntaxtextarea-2.6.0-SNAPSHOT.jar:/home/travis/build/icyphy/ptII/lib/hazelcast-3.8.2.jar:/home/travis/build/icyphy/ptII/lib/jackson-annotations-2.9.0.jar:/home/travis/build/icyphy/ptII/lib/jackson-core-2.9.3.jar:/home/travis/build/icyphy/ptII/lib/jackson-databind-2.9.3.jar:/home/travis/build/icyphy/ptII/lib/netty-buffer-4.1.19.Final.jar:/home/travis/build/icyphy/ptII/lib/netty-codec-4.1.19.Final.jar:/home/travis/build/icyphy/ptII/lib/netty-codec-dns-4.1.19.Final.jar:/home/travis/build/icyphy/ptII/lib/netty-codec-http-4.1.19.Final.jar:/home/travis/build/icyphy/ptII/lib/netty-codec-http2-4.1.19.Final.jar:/home/travis/build/icyphy/ptII/lib/netty-common-4.1.19.Final.jar:/home/travis/build/icyphy/ptII/lib/netty-handler-4.1.19.Final.jar:/home/travis/build/icyphy/ptII/lib/netty-resolver-4.1.19.Final.jar:/home/travis/build/icyphy/ptII/lib/netty-resolver-dns-4.1.19.Final.jar:/home/travis/build/icyphy/ptII/lib/netty-transport-4.1.19.Final.jar:/home/travis/build/icyphy/ptII/lib/vertx-codegen-3.5.1.jar:/home/travis/build/icyphy/ptII/lib/vertx-core-3.5.2-SNAPSHOT.jar:/home/travis/build/icyphy/ptII/lib/vertx-hazelcast-3.5.1.jar:/home/travis/build/icyphy/ptII/lib/vertx-lang-js-3.5.1.jar:/home/travis/build/icyphy/ptII/lib/vertx-service-proxy-3.5.1.jar:/home/travis/build/icyphy/ptII/lib/vertx-web-3.5.1.jar:/home/travis/build/icyphy/ptII/lib/slf4j-api-1.7.13.jar:/home/travis/build/icyphy/ptII/lib/slf4j-simple-1.7.13.jar:/home/travis/build/icyphy/ptII/lib/webcam-capture-0.3.12.jar:/home/travis/build/icyphy/ptII/lib/bridj-0.7.0.jar:/home/travis/build/icyphy/ptII/lib/xbjlib-1.1.0.nrjavaserial.jar" />
    <property name="test.batch" value="**/junit/*.java" />
    <property name="env._" value="/usr/bin/timeout" />
    <property name="java.io.tmpdir" value="/tmp" />
    <property name="env.TRAVIS_INTERNAL_RUBY_REGEX" value="^ruby-(2\.[0-2]\.[0-9]|1\.9\.3)" />
    <property name="user.language" value="en" />
    <property name="env.HISTCONTROL" value="ignoredups:ignorespace" />
    <property name="env.GOROOT" value="/home/travis/.gimme/versions/go1.7.4.linux.amd64" />
    <property name="line.separator" value="&#xa;" />
    <property name="target" value="1.8" />
    <property name="env.TRAVIS_BUILD_DIR" value="/home/travis/build/icyphy/ptII" />
    <property name="env.ANT_OPTS" value="-Xmx2048m" />
    <property name="ant.file.type" value="file" />
    <property name="ptolemy.ptII.batchMode" value="true" />
    <property name="env.HISTSIZE" value="1000" />
    <property name="env.MERB_ENV" value="test" />
    <property name="java.vm.info" value="mixed mode" />
    <property name="source" value="1.8" />
    <property name="java.vm.specification.name" value="Java Virtual Machine Specification" />
    <property name="env.TRAVIS_TEST_RESULT" value="0" />
    <property name="jsdoc.command" value="node_modules/@terraswarm/jsdoc/jsdoc.js" />
    <property name="npm.works" value="true" />
    <property name="cobertura.dir" value="/home/travis/build/icyphy/ptII/vendors/cobertura-2.0.3" />
    <property name="env.rvm_path" value="/home/travis/.rvm" />
    <property name="env.GEM_PATH" value="/home/travis/.rvm/gems/ruby-2.4.1:/home/travis/.rvm/gems/ruby-2.4.1@global" />
    <property name="env.LC_CTYPE" value="en_US.UTF-8" />
    <property name="java.awt.printerjob" value="sun.print.PSPrinterJob" />
    <property name="env.TRAVIS_CMD" value="$PTII/bin/ptIITravisBuild.sh $SECONDS" />
    <property name="env.TRAVIS_STACK_NAME" value="garnet" />
    <property name="env.TRAVIS_TIMER_START_TIME" value="1537668312233408011" />
    <property name="ant.version" value="Apache Ant(TM) version 1.10.1 compiled on February 2 2017" />
    <property name="ptII.reports" value="/home/travis/build/icyphy/ptII/reports" />
    <property name="env.TRAVIS_STACK_TIMESTAMP" value="2017-12-05 19:33:09 UTC" />
    <property name="ant.file.type.ptII" value="file" />
    <property name="env.RBENV_SHELL" value="bash" />
    <property name="os.name" value="Linux" />
    <property name="java.specification.vendor" value="Oracle Corporation" />
    <property name="env.rvm_version" value="1.29.3 (latest)" />
    <property name="env.TRAVIS_INFRA" value="gce" />
    <property name="env.TERM" value="xterm" />
    <property name="java.vm.name" value="Java HotSpot(TM) 64-Bit Server VM" />
    <property name="env.TRAVIS_BUILD_NUMBER" value="740" />
    <property name="env.CI" value="true" />
    <property name="java.library.path" value="/home/travis/pthla/certi-tools/lib:/usr/lib/jni:/usr/local/share/OpenCV/java/:/usr/share/OpenCV/java::/usr/java/packages/lib/amd64:/usr/lib64:/lib64:/lib:/usr/lib" />
    <property name="env.rvm_prefix" value="/home/travis" />
    <property name="env.PATH" value="/home/travis/pthla/certi-tools/share/scripts:/home/travis/.rvm/gems/ruby-2.4.1/bin:/home/travis/.rvm/gems/ruby-2.4.1@global/bin:/home/travis/.rvm/rubies/ruby-2.4.1/bin:/home/travis/.rvm/bin:/home/travis/.nvm/versions/node/v7.10.1/bin:./node_modules/.bin:/home/travis/build/icyphy/ptII/bin:/home/travis/pthla/certi-tools/bin:/home/travis/bin:/home/travis/.local/bin:/opt/pyenv/shims:/home/travis/.phpenv/shims:/home/travis/perl5/perlbrew/bin:/home/travis/.kiex/elixirs/elixir-1.4.5/bin:/home/travis/.kiex/bin:/home/travis/gopath/bin:/home/travis/.gimme/versions/go1.7.4.linux.amd64/bin:/usr/local/phantomjs/bin:/usr/local/phantomjs:/usr/local/neo4j-3.2.7/bin:/usr/local/maven-3.5.2/bin:/usr/local/cmake-3.9.2/bin:/usr/local/clang-5.0.0/bin:/usr/local/sbin:/usr/local/bin:/usr/sbin:/usr/bin:/sbin:/bin:/home/travis/.phpenv/bin:/opt/pyenv/bin:/home/travis/.yarn/bin" />
    <property name="env.TRAVIS_OS_NAME" value="linux" />
    <property name="ant.java.version" value="1.8" />
    <property name="basedir" value="/home/travis/build/icyphy/ptII" />
    <property name="java.class.version" value="52.0" />
    <property name="env.SHLVL" value="3" />
    <property name="env.LD_LIBRARY_PATH" value="/home/travis/pthla/certi-tools/lib:/usr/lib/jni:/usr/local/share/OpenCV/java/:/usr/share/OpenCV/java:" />
    <property name="env.RACK_ENV" value="test" />
    <property name="ant.home" value="/home/travis/build/icyphy/ptII/ant" />
    <property name="env.NVM_DIR" value="/home/travis/.nvm" />
    <property name="env.PERLBREW_BASHRC_VERSION" value="0.80" />
    <property name="env.CERTI_FOM_PATH" value="/home/travis/pthla/certi-tools/share/federations" />
    <property name="env.TRAVIS_BUILD_ID" value="432021591" />
    <property name="env.PYENV_ROOT" value="/opt/pyenv" />
    <property name="env.TRAVIS_UID" value="2000" />
    <property name="env.rvm_pretty_print_flag" value="auto" />
    <property name="env.NVM_BIN" value="/home/travis/.nvm/versions/node/v7.10.1/bin" />
    <property name="env.TRAVIS_COMMIT" value="1249563af6184b9dca3f37daf1208c27ba2ef8f6" />
    <property name="env._system_arch" value="x86_64" />
    <property name="node.executable" value="node" />
    <property name="sun.boot.library.path" value="/usr/lib/jvm/java-8-oracle/jre/lib/amd64" />
    <property name="sun.management.compiler" value="HotSpot 64-Bit Tiered Compilers" />
    <property name="env.GOPATH" value="/home/travis/gopath" />
    <property name="java.awt.graphicsenv" value="sun.awt.X11GraphicsEnvironment" />
    <property name="ptolemy.ptII.dir" value="/home/travis/build/icyphy/ptII" />
    <property name="env.USER" value="travis" />
    <property name="env.HISTFILESIZE" value="2000" />
    <property name="timeout.longest" value="19000000" />
    <property name="env.TRAVIS_STACK_FEATURES" value="basic cassandra chromium couchdb disabled-ipv6 docker docker-compose elasticsearch firefox go-toolchain google-chrome jdk memcached mongodb mysql neo4j nodejs_interpreter perl_interpreter perlbrew phantomjs postgresql python_interpreter rabbitmq redis riak ruby_interpreter sqlite xserver" />
    <property name="env.TRAVIS_PULL_REQUEST" value="false" />
    <property name="env.PYENV_SHELL" value="bash" />
    <property name="ant.project.name" value="ptII" />
    <property name="env.ANSI_RESET" value="\033[0m" />
    <property name="java.vm.specification.version" value="1.8" />
    <property name="env.TRAVIS_DIST" value="trusty" />
    <property name="env.CERTI_VERSION" value="4.0.0" />
    <property name="env.NLSPATH" value="/usr/dt/lib/nls/msg/%L/%N.cat" />
    <property name="env.CERTI_HOST" value="localhost" />
    <property name="awt.toolkit" value="sun.awt.X11.XToolkit" />
    <property name="env.MY_RUBY_HOME" value="/home/travis/.rvm/rubies/ruby-2.4.1" />
    <property name="sun.cpu.isalist" value="" />
    <property name="env.TRAVIS_TMPDIR" value="/tmp/tmp.6IcXNNeRwi" />
    <property name="java.ext.dirs" value="/usr/lib/jvm/java-8-oracle/jre/lib/ext:/usr/java/packages/lib/ext" />
    <property name="os.version" value="4.4.0-101-generic" />
    <property name="user.home" value="/home/travis" />
    <property name="env.MIX_ARCHIVES" value="/home/travis/.kiex/mix/elixir-1.4.5" />
    <property name="java.vm.vendor" value="Oracle Corporation" />
    <property name="env.TRAVIS_TAG" value="nightly" />
    <property name="env.ANSI_YELLOW" value="\033[33;1m" />
    <property name="env.TRAVIS_FILTERED" value="redirect_io" />
    <property name="env.ANSI_GREEN" value="\033[32;1m" />
    <property name="env.PTII" value="/home/travis/build/icyphy/ptII" />
    <property name="env.JAVA_HOME" value="/usr/lib/jvm/java-8-oracle" />
    <property name="javadoc.excludepackagenames" value="adm.cvs2svn.*,build.*,config.*,doc.coding.templates.*,jni.test.jni.meaningOfLife.*,jni.test.jni.testDeux.*,jni.test.jni.testTrois.*,org.terraswarm.accessor.accessors.web.node_modules.*,org.terraswarm.accessor.accessors.web.hosts.cordova.demo.*,org.terraswarm.accessor.accessors.web.hosts.cordova.plugins.*,org.terraswarm.accessor.accessors-svn.*,pt-modules.*,ptolemy.apps.agilent.*,ptolemy.apps.anytimecontrol.*,ptolemy.apps.apes.*,ptolemy.apps.charon.*,ptolemy.apps.crazyboard.*,ptolemy.apps.eclipse.*,ptolemy.apps.etherealSting.*,ptolemy.apps.fullscreen.*,ptolemy.apps.giotto.*,ptolemy.apps.ia.*,ptolemy.apps.interfaces.*,ptolemy.apps.jmf.*,ptolemy.apps.kurt.*,ptolemy.apps.kvm.*,ptolemy.apps.lego.*,ptolemy.apps.lejos.*,ptolemy.apps.midp.*,ptolemy.apps.mobileCoding.*,ptolemy.apps.pendulum.*,ptolemy.apps.rijndael.*,ptolemy.apps.robot.*,ptolemy.apps.security.*,ptolemy.apps.sobel.*,ptolemy.apps.soot.*,ptolemy.apps.throttle.*,ptolemy.apps.tini.*,ptolemy.apps.transmission.*,ptolemy.apps.vergil.*,ptolemy.apps.waba.*,ptolemy.apps.websensor.*,ptolemy.apps.webstart.*,ptolemy.apps.xsl.*,ptolemy.apps.zaurus.*,ptolemy.backtrack.eclipse.plugin.*,ptolemy.backtrack.test.*,ptolemy.codegen.c.actor.lib.oldJavaFiles.*,ptolemy.codegen.dsp.lib.*,ptolemy.codegen.kernel.newInterfaces.*,ptolemy.codegen.lib.*,ptolemy.copernicus.kernel.fragment.*,ptolemy.copernicus.shallow.cg.*,ptolemy.domains.giotto.demo.Hierarchy.Hierarchy.*,ptolemy.domains.giotto.demo.Multimode.Multimode.*,ptolemy.domains.giotto.demo.Simple.Simple.*,ptolemy.domains.gr.lib.experimental.*,ptolemy.domains.gro.*,ptolemy.domains.pdf.*,ptolemy.domains.ptinyos.demo.Surge.output.*,ptolemy.moml.test.NoPackageActor.java*,ptolemy.plot.adm.*,ptolemy.plot.servlet.*,reports.*,signed.*,src.*,target.*,vendors.*,ptolemy.cg.adapter.generic.program.procedural.c.mbed*,ptolemy.actor.lib.fmi.fmus.omc*,ptolemy.domains.openmodelica*,ptdb.kernel.bl.save.test.*,ptdb.kernel.bl.load.test.*,ptdb.kernel.bl.search.test.*,ptdb.kernel.bl.migration.test.*,ptdb.kernel.database.test.*,ptdb.test.*,ptdb.gui.test.*,org.ptolemy.scala.*,diva.util.java2d.svg.*,ptolemy.domains.ptinyos.*,ptolemy.actor.lib.fmi.fmipp.*,,org.terraswarm.accessor.accessors.web.node_modules.*,org.terraswarm.accessor.accessors-svn,ptolemy.apps.*,ptolemy.actor.ptalon.demo.ptinyos.SendAndReceiveCnt.output,ptolemy.actor.ptalon.demo.ptinyos.SenseToLeds.output,ptolemy.domains.ptinyos.demo.CntToLedsAndRfm.output,ptolemy.domains.ptinyos.demo.RfmToLeds.output,ptolemy.domains.ptinyos.demo.SendAndReceiveCnt.output,ptolemy.domains.ptinyos.demo.SenseToLeds.output,ptolemy.actor.lib.jjs.modules.udpSocket.*" />
    <property name="env.TRAVIS_COMMIT_MESSAGE" value="UPdates to seating chart" />
    <property name="keystore" value="ptKeystore" />
    <property name="env.XDG_SESSION_ID" value="2" />
    <property name="junit.output.dir" value="/home/travis/build/icyphy/ptII/reports/junit" />
    <property name="npm.return.code" value="0" />
    <property name="user.dir" value="/home/travis/build/icyphy/ptII/ptolemy/actor/lib/test" />
    <property name="env.TRAVIS_NODE_VERSION" value="7" />
    <property name="env.XFILESEARCHPATH" value="/usr/dt/app-defaults/%L/Dt" />
    <property name="env.TRAVIS_EVENT_TYPE" value="cron" />
    <property name="env.MAIL" value="/var/mail/travis" />
    <property name="env.PWD" value="/home/travis/build/icyphy/ptII" />
    <property name="env.PERLBREW_ROOT" value="/home/travis/perl5/perlbrew" />
    <property name="timeout.npm" value="45000" />
    <property name="env.TRAVIS_ARCH" value="amd64" />
    <property name="env.PAGER" value="cat" />
    <property name="sun.cpu.endian" value="little" />
    <property name="env.TRAVIS_BUILD_STAGE_NAME" value="Test" />
    <property name="env.PERLBREW_HOME" value="/home/travis/.perlbrew" />
    <property name="java.vm.version" value="25.151-b12" />
    <property name="env.RAILS_ENV" value="test" />
    <property name="java.class.path" value="/home/travis/.ptolemyII:/home/travis/.ptolemyII/*:/home/travis/build/icyphy/ptII:/home/travis/build/icyphy/ptII/lib/bsh-2.0b4.jar:/home/travis/build/icyphy/ptII/lib/ptCal.jar:/home/travis/build/icyphy/ptII/lib/java_cup.jar:/home/travis/build/icyphy/ptII/lib/saxon8.jar:/home/travis/build/icyphy/ptII/lib/saxon8-dom.jar:/home/travis/build/icyphy/ptII/lib/chic.jar:/home/travis/build/icyphy/ptII/lib/ptcolt.jar:/usr/lib/jvm/java-8-oracle/lib/tools.jar:/usr/lib/eclipse/plugins/org.eclipse.jdt.core_3.8.2.dist.jar:/usr/lib/eclipse/plugins/org.eclipse.core.runtime_3.8.0.dist.jar:/usr/lib/eclipse/plugins/org.eclipse.osgi_3.8.1.dist.jar:/usr/lib/eclipse/plugins/org.eclipse.core.resources_3.8.1.dist.jar:/usr/lib/eclipse/plugins/org.eclipse.equinox.common_3.6.100.dist.jar:/usr/lib/eclipse/plugins/org.eclipse.core.jobs_3.5.200.dist.jar:/usr/lib/eclipse/plugins/org.eclipse.core.contenttype_3.4.200.dist.jar:/usr/lib/eclipse/plugins/org.eclipse.equinox.preferences_3.5.0.dist.jar:/usr/lib/eclipse/plugins/org.eclipse.text_3.5.200.dist.jar:/usr/lib/eclipse/plugins/org.eclipse.ui.workbench_3.8.1.dist.jar:/usr/lib/eclipse/plugins/org.eclipse.jface_3.8.0.dist.jar:/usr/lib/eclipse/plugins/org.eclipse.swt_3.8.2.jar:/usr/lib/eclipse/plugins/org.eclipse.jface.text_3.8.1.dist.jar:/usr/lib/eclipse/plugins/org.eclipse.ui.workbench.texteditor_3.8.0.dist.jar:/usr/lib/eclipse/plugins/org.eclipse.ui.editors_3.8.0.dist.jar:/usr/lib/eclipse/plugins/org.eclipse.core.commands_3.6.1.dist.jar:/usr/lib/eclipse/plugins/org.eclipse.equinox.registry_3.5.200.dist.jar:/usr/lib/eclipse/plugins/org.eclipse.ui.console_3.5.100.dist.jar:/usr/lib/eclipse/plugins/org.eclipse.ui.forms_3.5.200.dist.jar:/usr/lib/eclipse/plugins/org.eclipse.ui.ide_3.8.1.dist.jar:/home/travis/build/icyphy/ptII/vendors/oracle/dbxml.jar:/home/travis/build/icyphy/ptII/vendors/oracle/db.jar:/home/travis/build/icyphy/ptII/vendors/misc/itext/iText.jar:/home/travis/build/icyphy/ptII/lib/g4ltl.jar:/home/travis/build/icyphy/ptII/lib/StructuralCoder.jar:/home/travis/build/icyphy/ptII/lib/org-openide-util.jar:/home/travis/build/icyphy/ptII/lib/org-openide-util-lookup.jar:/home/travis/build/icyphy/ptII/lib/org-netbeans-api-visual.jar:/home/travis/build/icyphy/ptII/vendors/jai-1_1_2_01/lib/jai_core.jar:/home/travis/build/icyphy/ptII/vendors/jai-1_1_2_01/lib/jai_codec.jar:/home/travis/build/icyphy/ptII/lib/jcerti.jar:/home/travis/build/icyphy/ptII/lib/smack.jar:/home/travis/build/icyphy/ptII/lib/smackx.jar:/home/travis/build/icyphy/ptII/lib/jetty-all-8.1.5-v20120716.jar:/home/travis/build/icyphy/ptII/lib/javax.servlet-api-3.0.1.jar:/home/travis/build/icyphy/ptII/lib/javax.mail.jar:/home/travis/build/icyphy/ptII/vendors/JMF-2.1.1e/lib/jmf.jar:/home/travis/build/icyphy/ptII/lib/jna-4.0.0-variadic.jar:/home/travis/build/icyphy/ptII/vendors/misc/joystick/Joystick.jar:/home/travis/build/icyphy/ptII/lib/ptjacl.jar:/home/travis/build/icyphy/ptII/lib/jsoup-1.8.2.jar:/home/travis/build/icyphy/ptII/lib/junit-4.8.2.jar:/home/travis/build/icyphy/ptII/lib/JUnitParams-0.4.0.jar:/home/travis/build/icyphy/ptII/ptolemy/actor/lib/excel/jxl.jar:/home/travis/build/icyphy/ptII/lib/jython.jar:/home/travis/build/icyphy/ptII/lib/kieler.jar:/home/travis/build/icyphy/ptII/vendors/opencv/share/OpenCV/java/opencv-341.jar:/home/travis/build/icyphy/ptII/lib/oscP5.jar:/home/travis/build/icyphy/ptII/lib/nrjavaserial-3.11.0.devel.jar:/home/travis/build/icyphy/ptII/vendors/j3d/lib/j3dcore.jar:/home/travis/build/icyphy/ptII/vendors/j3d/lib/j3dutils.jar:/home/travis/build/icyphy/ptII/vendors/j3d/lib/vecmath.jar:/home/travis/build/icyphy/ptII/ptolemy/distributed/jini/jar/jini-core.jar:/home/travis/build/icyphy/ptII/ptolemy/distributed/jini/jar/jini-ext.jar:/home/travis/build/icyphy/ptII/ptolemy/distributed/jini/jar/sun-util.jar:/home/travis/build/icyphy/ptII/lib/protobuf-java-2.4.1.jar:/home/travis/build/icyphy/ptII/lib/org.eclipse.paho.client.mqttv3.jar:/home/travis/build/icyphy/ptII/ptserver/lib/hessian-4.0.7.jar:/home/travis/build/icyphy/ptII/ptserver/lib/wmqtt.jar:/home/travis/build/icyphy/ptII/lib/mapss.jar:/home/travis/build/icyphy/ptII/ptolemy/actor/ptalon/antlr/antlr.jar:/home/travis/build/icyphy/ptII/lib/JRI.jar:/home/travis/build/icyphy/ptII/lib/commons-lang-2.6.jar:/home/travis/build/icyphy/ptII/lib/commons-logging-1.1.1.jar:/home/travis/build/icyphy/ptII/lib/sootclasses.jar:/home/travis/build/icyphy/ptII/ptolemy/actor/lib/database/mysql-connector-java-5.1.6-bin.jar:/home/travis/build/icyphy/ptII/vendors/misc/sphinx4/sphinx4-data-5prealpha.jar:/home/travis/build/icyphy/ptII/vendors/misc/sphinx4/sphinx4-core-5prealpha.jar:/home/travis/build/icyphy/ptII/lib/PDFRenderer.jar:/home/travis/build/icyphy/ptII/lib/svgSalamander.jar:/home/travis/build/icyphy/ptII/lib/rsyntaxtextarea-2.6.0-SNAPSHOT.jar:/home/travis/build/icyphy/ptII/lib/hazelcast-3.8.2.jar:/home/travis/build/icyphy/ptII/lib/jackson-annotations-2.9.0.jar:/home/travis/build/icyphy/ptII/lib/jackson-core-2.9.3.jar:/home/travis/build/icyphy/ptII/lib/jackson-databind-2.9.3.jar:/home/travis/build/icyphy/ptII/lib/netty-buffer-4.1.19.Final.jar:/home/travis/build/icyphy/ptII/lib/netty-codec-4.1.19.Final.jar:/home/travis/build/icyphy/ptII/lib/netty-codec-dns-4.1.19.Final.jar:/home/travis/build/icyphy/ptII/lib/netty-codec-http-4.1.19.Final.jar:/home/travis/build/icyphy/ptII/lib/netty-codec-http2-4.1.19.Final.jar:/home/travis/build/icyphy/ptII/lib/netty-common-4.1.19.Final.jar:/home/travis/build/icyphy/ptII/lib/netty-handler-4.1.19.Final.jar:/home/travis/build/icyphy/ptII/lib/netty-resolver-4.1.19.Final.jar:/home/travis/build/icyphy/ptII/lib/netty-resolver-dns-4.1.19.Final.jar:/home/travis/build/icyphy/ptII/lib/netty-transport-4.1.19.Final.jar:/home/travis/build/icyphy/ptII/lib/vertx-codegen-3.5.1.jar:/home/travis/build/icyphy/ptII/lib/vertx-core-3.5.2-SNAPSHOT.jar:/home/travis/build/icyphy/ptII/lib/vertx-hazelcast-3.5.1.jar:/home/travis/build/icyphy/ptII/lib/vertx-lang-js-3.5.1.jar:/home/travis/build/icyphy/ptII/lib/vertx-service-proxy-3.5.1.jar:/home/travis/build/icyphy/ptII/lib/vertx-web-3.5.1.jar:/home/travis/build/icyphy/ptII/lib/slf4j-api-1.7.13.jar:/home/travis/build/icyphy/ptII/lib/slf4j-simple-1.7.13.jar:/home/travis/build/icyphy/ptII/lib/webcam-capture-0.3.12.jar:/home/travis/build/icyphy/ptII/lib/bridj-0.7.0.jar:/home/travis/build/icyphy/ptII/lib/xbjlib-1.1.0.nrjavaserial.jar:/home/travis/build/icyphy/ptII/ptolemy/moml/test:/home/travis/build/icyphy/ptII/ant/lib/ant-launcher.jar:/home/travis/build/icyphy/ptII/ant/lib/ant.jar:/home/travis/build/icyphy/ptII/ant/lib/ant-junit.jar:/home/travis/build/icyphy/ptII/ant/lib/ant-junit4.jar" />
    <property name="ant.library.dir" value="/home/travis/build/icyphy/ptII/ant/lib" />
    <property name="os.arch" value="amd64" />
    <property name="env.TRAVIS_LANGUAGE" value="node_js" />
    <property name="env.CONTINUOUS_INTEGRATION" value="true" />
    <property name="env.TRAVIS_STACK_LANGUAGES" value="__garnet__ c c++ clojure cplusplus cpp default go groovy java node_js php pure_java python ruby scala" />
    <property name="test.name" value="ptolemy.actor.lib.test.junit.JUnitTclTest" />
    <property name="sun.java.launcher" value="SUN_STANDARD" />
    <property name="env.PYTHON_CONFIGURE_OPTS" value="--enable-unicode=ucs4 --with-wide-unicode --enable-shared --enable-ipv6 --enable-loadable-sqlite-extensions --with-computed-gotos" />
    <property name="ant.core.lib" value="/home/travis/build/icyphy/ptII/ant/lib/ant.jar" />
    <property name="java.vm.specification.vendor" value="Oracle Corporation" />
    <property name="env.BCVTB_HOME" value="/home/travis/build/icyphy/ptII/lbnl" />
    <property name="file.separator" value="/" />
    <property name="java.runtime.version" value="1.8.0_151-b12" />
    <property name="spotbugs.home" value="/home/travis/build/icyphy/ptII/vendors/spotbugs-3.1.1" />
    <property name="sun.boot.class.path" value="/usr/lib/jvm/java-8-oracle/jre/lib/resources.jar:/usr/lib/jvm/java-8-oracle/jre/lib/rt.jar:/usr/lib/jvm/java-8-oracle/jre/lib/sunrsasign.jar:/usr/lib/jvm/java-8-oracle/jre/lib/jsse.jar:/usr/lib/jvm/java-8-oracle/jre/lib/jce.jar:/usr/lib/jvm/java-8-oracle/jre/lib/charsets.jar:/usr/lib/jvm/java-8-oracle/jre/lib/jfr.jar:/usr/lib/jvm/java-8-oracle/jre/classes" />
    <property name="env.ANSI_CLEAR" value="\033[0K" />
    <property name="env.HAS_JOSH_K_SEAL_OF_APPROVAL" value="true" />
    <property name="env.TRAVIS_OSX_IMAGE" value="" />
    <property name="env.XDG_RUNTIME_DIR" value="/run/user/2000" />
    <property name="env.TRAVIS_JOB_ID" value="432021599" />
    <property name="env.TRAVIS_BRANCH" value="master" />
    <property name="user.country" value="US" />
    <property name="env.CERTI_HOME_TRAVIS" value="/home/travis/pthla/certi-tools" />
    <property name="env.SHELL" value="/bin/bash" />
    <property name="model" value="" />
    <property name="java.maxmemory.large" value="5000m" />
    <property name="env.CASHER_DIR" value="/home/travis/.casher" />
    <property name="env.NVM_CD_FLAGS" value="" />
    <property name="jshint.executable" value="/home/travis/node_modules/jshint/bin/jshint" />
    <property name="env.JRUBY_OPTS" value=" --client -J-XX:+TieredCompilation -J-XX:TieredStopAtLevel=1 -J-Xss2m -Xcompile.invokedynamic=false" />
    <property name="java.vendor" value="Oracle Corporation" />
    <property name="env.TRAVIS_PRE_CHEF_BOOTSTRAP_TIME" value="2017-12-05T19:32:55" />
    <property name="env.TRAVIS_STACK_JOB_BOARD_REGISTER" value="/.job-board-register.yml" />
    <property name="env.ELIXIR_VERSION" value="1.4.5" />
    <property name="env.ANSI_RED" value="\033[31;1m" />
    <property name="java.specification.version" value="1.8" />
    <property name="env.TRAVIS" value="true" />
    <property name="env.IRBRC" value="/home/travis/.rvm/rubies/ruby-2.4.1/.irbrc" />
    <property name="sun.arch.data.model" value="64" />
  </properties>
  <testcase classname="ptolemy.util.test.junit.TclTests" name="[0] /home/travis/build/icyphy/ptII/ptolemy/actor/lib/test/AbsoluteValue.tcl (RunTclFile)" time="0.447" />
  <testcase classname="ptolemy.util.test.junit.TclTests" name="[1] /home/travis/build/icyphy/ptII/ptolemy/actor/lib/test/AddSubtract.tcl (RunTclFile)" time="0.063" />
  <testcase classname="ptolemy.util.test.junit.TclTests" name="[2] /home/travis/build/icyphy/ptII/ptolemy/actor/lib/test/Average.tcl (RunTclFile)" time="0.04" />
  <testcase classname="ptolemy.util.test.junit.TclTests" name="[3] /home/travis/build/icyphy/ptII/ptolemy/actor/lib/test/Bernoulli.tcl (RunTclFile)" time="0.021" />
  <testcase classname="ptolemy.util.test.junit.TclTests" name="[4] /home/travis/build/icyphy/ptII/ptolemy/actor/lib/test/Clock.tcl (RunTclFile)" time="0.103" />
  <testcase classname="ptolemy.util.test.junit.TclTests" name="[5] /home/travis/build/icyphy/ptII/ptolemy/actor/lib/test/Commutator.tcl (RunTclFile)" time="0.154" />
  <testcase classname="ptolemy.util.test.junit.TclTests" name="[6] /home/travis/build/icyphy/ptII/ptolemy/actor/lib/test/Const.tcl (RunTclFile)" time="0.164" />
  <testcase classname="ptolemy.util.test.junit.TclTests" name="[7] /home/travis/build/icyphy/ptII/ptolemy/actor/lib/test/CurrentTime.tcl (RunTclFile)" time="0.047" />
  <testcase classname="ptolemy.util.test.junit.TclTests" name="[8] /home/travis/build/icyphy/ptII/ptolemy/actor/lib/test/DB.tcl (RunTclFile)" time="0.039" />
  <testcase classname="ptolemy.util.test.junit.TclTests" name="[9] /home/travis/build/icyphy/ptII/ptolemy/actor/lib/test/DiscreteRandomSource.tcl (RunTclFile)" time="0.049" />
  <testcase classname="ptolemy.util.test.junit.TclTests" name="[10] /home/travis/build/icyphy/ptII/ptolemy/actor/lib/test/Distributor.tcl (RunTclFile)" time="0.066" />
  <testcase classname="ptolemy.util.test.junit.TclTests" name="[11] /home/travis/build/icyphy/ptII/ptolemy/actor/lib/test/Exit.tcl (RunTclFile)" time="0.05" />
  <testcase classname="ptolemy.util.test.junit.TclTests" name="[12] /home/travis/build/icyphy/ptII/ptolemy/actor/lib/test/Expression.tcl (RunTclFile)" time="0.168" />
  <testcase classname="ptolemy.util.test.junit.TclTests" name="[13] /home/travis/build/icyphy/ptII/ptolemy/actor/lib/test/Gaussian.tcl (RunTclFile)" time="0.156" />
  <testcase classname="ptolemy.util.test.junit.TclTests" name="[14] /home/travis/build/icyphy/ptII/ptolemy/actor/lib/test/IIR.tcl (RunTclFile)" time="0.049" />
  <testcase classname="ptolemy.util.test.junit.TclTests" name="[15] /home/travis/build/icyphy/ptII/ptolemy/actor/lib/test/Interpolator.tcl (RunTclFile)" time="0.109" />
  <testcase classname="ptolemy.util.test.junit.TclTests" name="[16] /home/travis/build/icyphy/ptII/ptolemy/actor/lib/test/MathFunction.tcl (RunTclFile)" time="0.067" />
  <testcase classname="ptolemy.util.test.junit.TclTests" name="[17] /home/travis/build/icyphy/ptII/ptolemy/actor/lib/test/Maximum.tcl (RunTclFile)" time="0.034" />
  <testcase classname="ptolemy.util.test.junit.TclTests" name="[18] /home/travis/build/icyphy/ptII/ptolemy/actor/lib/test/Minimum.tcl (RunTclFile)" time="0.023" />
  <testcase classname="ptolemy.util.test.junit.TclTests" name="[19] /home/travis/build/icyphy/ptII/ptolemy/actor/lib/test/MultiplyDivide.tcl (RunTclFile)" time="0.043" />
  <testcase classname="ptolemy.util.test.junit.TclTests" name="[20] /home/travis/build/icyphy/ptII/ptolemy/actor/lib/test/OrderedMerge.tcl (RunTclFile)" time="0.1" />
  <testcase classname="ptolemy.util.test.junit.TclTests" name="[21] /home/travis/build/icyphy/ptII/ptolemy/actor/lib/test/Publisher.tcl (RunTclFile)" time="0.825" />
  <testcase classname="ptolemy.util.test.junit.TclTests" name="[22] /home/travis/build/icyphy/ptII/ptolemy/actor/lib/test/Pulse.tcl (RunTclFile)" time="0.034" />
  <testcase classname="ptolemy.util.test.junit.TclTests" name="[23] /home/travis/build/icyphy/ptII/ptolemy/actor/lib/test/Ramp.tcl (RunTclFile)" time="2.388" />
  <testcase classname="ptolemy.util.test.junit.TclTests" name="[24] /home/travis/build/icyphy/ptII/ptolemy/actor/lib/test/RampContinuous.tcl (RunTclFile)" time="0.02" />
  <testcase classname="ptolemy.util.test.junit.TclTests" name="[25] /home/travis/build/icyphy/ptII/ptolemy/actor/lib/test/RecordAssembler.tcl (RunTclFile)" time="0.02" />
  <testcase classname="ptolemy.util.test.junit.TclTests" name="[26] /home/travis/build/icyphy/ptII/ptolemy/actor/lib/test/RecordDisassembler.tcl (RunTclFile)" time="0.044" />
  <testcase classname="ptolemy.util.test.junit.TclTests" name="[27] /home/travis/build/icyphy/ptII/ptolemy/actor/lib/test/Scale.tcl (RunTclFile)" time="0.045" />
  <testcase classname="ptolemy.util.test.junit.TclTests" name="[28] /home/travis/build/icyphy/ptII/ptolemy/actor/lib/test/SequentialClock.tcl (RunTclFile)" time="0.019" />
  <testcase classname="ptolemy.util.test.junit.TclTests" name="[29] /home/travis/build/icyphy/ptII/ptolemy/actor/lib/test/SetVariable.tcl (RunTclFile)" time="0.014" />
  <testcase classname="ptolemy.util.test.junit.TclTests" name="[30] /home/travis/build/icyphy/ptII/ptolemy/actor/lib/test/Sinewave.tcl (RunTclFile)" time="0.059" />
  <testcase classname="ptolemy.util.test.junit.TclTests" name="[31] /home/travis/build/icyphy/ptII/ptolemy/actor/lib/test/SubscriptionAggregator.tcl (RunTclFile)" time="2.164" />
  <testcase classname="ptolemy.util.test.junit.TclTests" name="[32] /home/travis/build/icyphy/ptII/ptolemy/actor/lib/test/Test.tcl (RunTclFile)" time="0.128" />
  <testcase classname="ptolemy.util.test.junit.TclTests" name="[33] /home/travis/build/icyphy/ptII/ptolemy/actor/lib/test/TestExceptionHandler.tcl (RunTclFile)" time="0.018" />
  <testcase classname="ptolemy.util.test.junit.TclTests" name="[34] /home/travis/build/icyphy/ptII/ptolemy/actor/lib/test/UnionDisassembler.tcl (RunTclFile)" time="0.085" />
  <testcase classname="ptolemy.util.test.junit.TclTests" name="[35] /home/travis/build/icyphy/ptII/ptolemy/actor/lib/test/VariableClock.tcl (RunTclFile)" time="0.032" />
  <testcase classname="ptolemy.util.test.junit.AutoKnownFailedTests" name="[0] /home/travis/build/icyphy/ptII/ptolemy/actor/lib/test/auto/knownFailedTests/PublisherPortToplevelSubscriber.xml (RunModel)" time="0.014" />
  <testcase classname="ptolemy.util.test.junit.AutoKnownFailedTests" name="[1] /home/travis/build/icyphy/ptII/ptolemy/actor/lib/test/auto/knownFailedTests/PublisherSubscriberPortToplevel.xml (RunModel)" time="0.024" />
  <testcase classname="ptolemy.util.test.junit.AutoKnownFailedTests" name="[2] /home/travis/build/icyphy/ptII/ptolemy/actor/lib/test/auto/knownFailedTests/PublisherSubscriptionAggregatorPort.xml (RunModel)" time="0.023" />
  <testcase classname="ptolemy.util.test.junit.AutoKnownFailedTests" name="[3] /home/travis/build/icyphy/ptII/ptolemy/actor/lib/test/auto/knownFailedTests/sizedarray3.xml (RunModel)" time="0.03" />
  <testcase classname="ptolemy.util.test.junit.AutoNameArchTests" name="[0] ThereAreNoAutoArchTests (RunModel)" time="0.001" />
  <testcase classname="ptolemy.util.test.junit.AutoTests" name="[0] /home/travis/build/icyphy/ptII/ptolemy/actor/lib/test/auto/AbsoluteValue.xml (RunModel)" time="0.102" />
  <testcase classname="ptolemy.util.test.junit.AutoTests" name="[1] /home/travis/build/icyphy/ptII/ptolemy/actor/lib/test/auto/AbsoluteValue2.xml (RunModel)" time="0.08" />
  <testcase classname="ptolemy.util.test.junit.AutoTests" name="[2] /home/travis/build/icyphy/ptII/ptolemy/actor/lib/test/auto/Accumulator.xml (RunModel)" time="0.07" />
  <testcase classname="ptolemy.util.test.junit.AutoTests" name="[3] /home/travis/build/icyphy/ptII/ptolemy/actor/lib/test/auto/Accumulator2.xml (RunModel)" time="0.056" />
  <testcase classname="ptolemy.util.test.junit.AutoTests" name="[4] /home/travis/build/icyphy/ptII/ptolemy/actor/lib/test/auto/Accumulator3.xml (RunModel)" time="0.02" />
  <testcase classname="ptolemy.util.test.junit.AutoTests" name="[5] /home/travis/build/icyphy/ptII/ptolemy/actor/lib/test/auto/ArrayAppend.xml (RunModel)" time="0.031" />
  <testcase classname="ptolemy.util.test.junit.AutoTests" name="[6] /home/travis/build/icyphy/ptII/ptolemy/actor/lib/test/auto/ArrayAppend2.xml (RunModel)" time="0.522" />
  <testcase classname="ptolemy.util.test.junit.AutoTests" name="[7] /home/travis/build/icyphy/ptII/ptolemy/actor/lib/test/auto/ArrayAppend3.xml (RunModel)" time="0.031" />
  <testcase classname="ptolemy.util.test.junit.AutoTests" name="[8] /home/travis/build/icyphy/ptII/ptolemy/actor/lib/test/auto/ArrayAppend4.xml (RunModel)" time="0.016" />
  <testcase classname="ptolemy.util.test.junit.AutoTests" name="[9] /home/travis/build/icyphy/ptII/ptolemy/actor/lib/test/auto/ArrayAppend5.xml (RunModel)" time="0.123" />
  <testcase classname="ptolemy.util.test.junit.AutoTests" name="[10] /home/travis/build/icyphy/ptII/ptolemy/actor/lib/test/auto/ArrayAppend6.xml (RunModel)" time="0.034" />
  <testcase classname="ptolemy.util.test.junit.AutoTests" name="[11] /home/travis/build/icyphy/ptII/ptolemy/actor/lib/test/auto/ArrayAppendPerformanceTest.xml (RunModel)" time="0.068" />
  <testcase classname="ptolemy.util.test.junit.AutoTests" name="[12] /home/travis/build/icyphy/ptII/ptolemy/actor/lib/test/auto/ArrayAppendWithEmptyInput.xml (RunModel)" time="0.062" />
  <testcase classname="ptolemy.util.test.junit.AutoTests" name="[13] /home/travis/build/icyphy/ptII/ptolemy/actor/lib/test/auto/ArrayAverage.xml (RunModel)" time="0.069" />
  <testcase classname="ptolemy.util.test.junit.AutoTests" name="[14] /home/travis/build/icyphy/ptII/ptolemy/actor/lib/test/auto/ArrayContains.xml (RunModel)" time="0.039" />
  <testcase classname="ptolemy.util.test.junit.AutoTests" name="[15] /home/travis/build/icyphy/ptII/ptolemy/actor/lib/test/auto/ArrayElement.xml (RunModel)" time="0.027" />
  <testcase classname="ptolemy.util.test.junit.AutoTests" name="[16] /home/travis/build/icyphy/ptII/ptolemy/actor/lib/test/auto/ArrayElementAsMatrix.xml (RunModel)" time="0.078" />
  <testcase classname="ptolemy.util.test.junit.AutoTests" name="[17] /home/travis/build/icyphy/ptII/ptolemy/actor/lib/test/auto/ArrayElementI.xml (RunModel)" time="0.025" />
  <testcase classname="ptolemy.util.test.junit.AutoTests" name="[18] /home/travis/build/icyphy/ptII/ptolemy/actor/lib/test/auto/ArrayExtract.xml (RunModel)" time="0.037" />
  <testcase classname="ptolemy.util.test.junit.AutoTests" name="[19] /home/travis/build/icyphy/ptII/ptolemy/actor/lib/test/auto/ArrayExtract2.xml (RunModel)" time="0.039" />
  <testcase classname="ptolemy.util.test.junit.AutoTests" name="[20] /home/travis/build/icyphy/ptII/ptolemy/actor/lib/test/auto/ArrayLength.xml (RunModel)" time="0.027" />
  <testcase classname="ptolemy.util.test.junit.AutoTests" name="[21] /home/travis/build/icyphy/ptII/ptolemy/actor/lib/test/auto/ArrayLevelCrossing.xml (RunModel)" time="0.041" />
  <testcase classname="ptolemy.util.test.junit.AutoTests" name="[22] /home/travis/build/icyphy/ptII/ptolemy/actor/lib/test/auto/ArrayLevelCrossing2.xml (RunModel)" time="0.032" />
  <testcase classname="ptolemy.util.test.junit.AutoTests" name="[23] /home/travis/build/icyphy/ptII/ptolemy/actor/lib/test/auto/ArrayPeakSearch.xml (RunModel)" time="0.048" />
  <testcase classname="ptolemy.util.test.junit.AutoTests" name="[24] /home/travis/build/icyphy/ptII/ptolemy/actor/lib/test/auto/ArrayPeakSearch2.xml (RunModel)" time="0.035" />
  <testcase classname="ptolemy.util.test.junit.AutoTests" name="[25] /home/travis/build/icyphy/ptII/ptolemy/actor/lib/test/auto/ArrayPeakSearch3.xml (RunModel)" time="0.035" />
  <testcase classname="ptolemy.util.test.junit.AutoTests" name="[26] /home/travis/build/icyphy/ptII/ptolemy/actor/lib/test/auto/ArrayRemoveElement.xml (RunModel)" time="0.038" />
  <testcase classname="ptolemy.util.test.junit.AutoTests" name="[27] /home/travis/build/icyphy/ptII/ptolemy/actor/lib/test/auto/ArraySort.xml (RunModel)" time="0.039" />
  <testcase classname="ptolemy.util.test.junit.AutoTests" name="[28] /home/travis/build/icyphy/ptII/ptolemy/actor/lib/test/auto/ArraySum.xml (RunModel)" time="0.026" />
  <testcase classname="ptolemy.util.test.junit.AutoTests" name="[29] /home/travis/build/icyphy/ptII/ptolemy/actor/lib/test/auto/ArrayToElements.xml (RunModel)" time="0.026" />
  <testcase classname="ptolemy.util.test.junit.AutoTests" name="[30] /home/travis/build/icyphy/ptII/ptolemy/actor/lib/test/auto/ArrayToMatrix.xml (RunModel)" time="0.059" />
  <testcase classname="ptolemy.util.test.junit.AutoTests" name="[31] /home/travis/build/icyphy/ptII/ptolemy/actor/lib/test/auto/ArrayUpdate1.xml (RunModel)" time="0.037" />
  <testcase classname="ptolemy.util.test.junit.AutoTests" name="[32] /home/travis/build/icyphy/ptII/ptolemy/actor/lib/test/auto/ArrayUpdate2.xml (RunModel)" time="0.018" />
  <testcase classname="ptolemy.util.test.junit.AutoTests" name="[33] /home/travis/build/icyphy/ptII/ptolemy/actor/lib/test/auto/ArrayUpdate3.xml (RunModel)" time="0.014" />
  <testcase classname="ptolemy.util.test.junit.AutoTests" name="[34] /home/travis/build/icyphy/ptII/ptolemy/actor/lib/test/auto/Assert1.xml (RunModel)" time="0.024" />
  <testcase classname="ptolemy.util.test.junit.AutoTests" name="[35] /home/travis/build/icyphy/ptII/ptolemy/actor/lib/test/auto/Assert2.xml (RunModel)" time="0.017" />
  <testcase classname="ptolemy.util.test.junit.AutoTests" name="[36] /home/travis/build/icyphy/ptII/ptolemy/actor/lib/test/auto/BooleanMultiplexor.xml (RunModel)" time="0.019" />
  <testcase classname="ptolemy.util.test.junit.AutoTests" name="[37] /home/travis/build/icyphy/ptII/ptolemy/actor/lib/test/auto/BooleanMultiplexor2.xml (RunModel)" time="0.041" />
  <testcase classname="ptolemy.util.test.junit.AutoTests" name="[38] /home/travis/build/icyphy/ptII/ptolemy/actor/lib/test/auto/BooleanMultiplexor3.xml (RunModel)" time="0.022" />
  <testcase classname="ptolemy.util.test.junit.AutoTests" name="[39] /home/travis/build/icyphy/ptII/ptolemy/actor/lib/test/auto/BooleanSelect.xml (RunModel)" time="0.031" />
  <testcase classname="ptolemy.util.test.junit.AutoTests" name="[40] /home/travis/build/icyphy/ptII/ptolemy/actor/lib/test/auto/BooleanSelect2.xml (RunModel)" time="0.051" />
  <testcase classname="ptolemy.util.test.junit.AutoTests" name="[41] /home/travis/build/icyphy/ptII/ptolemy/actor/lib/test/auto/BooleanSwitch.xml (RunModel)" time="0.023" />
  <testcase classname="ptolemy.util.test.junit.AutoTests" name="[42] /home/travis/build/icyphy/ptII/ptolemy/actor/lib/test/auto/BooleanSwitch2.xml (RunModel)" time="0.017" />
  <testcase classname="ptolemy.util.test.junit.AutoTests" name="[43] /home/travis/build/icyphy/ptII/ptolemy/actor/lib/test/auto/BooleanSwitchCloningBugWithClassRelationGroup.xml (RunModel)" time="0.034" />
  <testcase classname="ptolemy.util.test.junit.AutoTests" name="[44] /home/travis/build/icyphy/ptII/ptolemy/actor/lib/test/auto/BusActors.xml (RunModel)" time="0.052" />
  <testcase classname="ptolemy.util.test.junit.AutoTests" name="[45] /home/travis/build/icyphy/ptII/ptolemy/actor/lib/test/auto/ClassWrapper.xml (RunModel)" time="0.011" />
  <testcase classname="ptolemy.util.test.junit.AutoTests" name="[46] /home/travis/build/icyphy/ptII/ptolemy/actor/lib/test/auto/Clock.xml (RunModel)" time="0.01" />
  <testcase classname="ptolemy.util.test.junit.AutoTests" name="[47] /home/travis/build/icyphy/ptII/ptolemy/actor/lib/test/auto/Clock10.xml (RunModel)" time="0.018" />
  <testcase classname="ptolemy.util.test.junit.AutoTests" name="[48] /home/travis/build/icyphy/ptII/ptolemy/actor/lib/test/auto/Clock11.xml (RunModel)" time="0.016" />
  <testcase classname="ptolemy.util.test.junit.AutoTests" name="[49] /home/travis/build/icyphy/ptII/ptolemy/actor/lib/test/auto/Clock12.xml (RunModel)" time="0.023" />
  <testcase classname="ptolemy.util.test.junit.AutoTests" name="[50] /home/travis/build/icyphy/ptII/ptolemy/actor/lib/test/auto/Clock13.xml (RunModel)" time="0.019" />
  <testcase classname="ptolemy.util.test.junit.AutoTests" name="[51] /home/travis/build/icyphy/ptII/ptolemy/actor/lib/test/auto/Clock14.xml (RunModel)" time="0.018" />
  <testcase classname="ptolemy.util.test.junit.AutoTests" name="[52] /home/travis/build/icyphy/ptII/ptolemy/actor/lib/test/auto/Clock15.xml (RunModel)" time="0.022" />
  <testcase classname="ptolemy.util.test.junit.AutoTests" name="[53] /home/travis/build/icyphy/ptII/ptolemy/actor/lib/test/auto/Clock16.xml (RunModel)" time="0.083" />
  <testcase classname="ptolemy.util.test.junit.AutoTests" name="[54] /home/travis/build/icyphy/ptII/ptolemy/actor/lib/test/auto/Clock17.xml (RunModel)" time="0.07" />
  <testcase classname="ptolemy.util.test.junit.AutoTests" name="[55] /home/travis/build/icyphy/ptII/ptolemy/actor/lib/test/auto/Clock18.xml (RunModel)" time="0.069" />
  <testcase classname="ptolemy.util.test.junit.AutoTests" name="[56] /home/travis/build/icyphy/ptII/ptolemy/actor/lib/test/auto/Clock19.xml (RunModel)" time="0.037" />
  <testcase classname="ptolemy.util.test.junit.AutoTests" name="[57] /home/travis/build/icyphy/ptII/ptolemy/actor/lib/test/auto/Clock2.xml (RunModel)" time="0.016" />
  <testcase classname="ptolemy.util.test.junit.AutoTests" name="[58] /home/travis/build/icyphy/ptII/ptolemy/actor/lib/test/auto/Clock20.xml (RunModel)" time="0.03" />
  <testcase classname="ptolemy.util.test.junit.AutoTests" name="[59] /home/travis/build/icyphy/ptII/ptolemy/actor/lib/test/auto/Clock21.xml (RunModel)" time="0.019" />
  <testcase classname="ptolemy.util.test.junit.AutoTests" name="[60] /home/travis/build/icyphy/ptII/ptolemy/actor/lib/test/auto/Clock22.xml (RunModel)" time="0.019" />
  <testcase classname="ptolemy.util.test.junit.AutoTests" name="[61] /home/travis/build/icyphy/ptII/ptolemy/actor/lib/test/auto/Clock23.xml (RunModel)" time="0.02" />
  <testcase classname="ptolemy.util.test.junit.AutoTests" name="[62] /home/travis/build/icyphy/ptII/ptolemy/actor/lib/test/auto/Clock24.xml (RunModel)" time="0.02" />
  <testcase classname="ptolemy.util.test.junit.AutoTests" name="[63] /home/travis/build/icyphy/ptII/ptolemy/actor/lib/test/auto/Clock4.xml (RunModel)" time="0.017" />
  <testcase classname="ptolemy.util.test.junit.AutoTests" name="[64] /home/travis/build/icyphy/ptII/ptolemy/actor/lib/test/auto/Clock5.xml (RunModel)" time="0.02" />
  <testcase classname="ptolemy.util.test.junit.AutoTests" name="[65] /home/travis/build/icyphy/ptII/ptolemy/actor/lib/test/auto/Clock6.xml (RunModel)" time="0.008" />
  <testcase classname="ptolemy.util.test.junit.AutoTests" name="[66] /home/travis/build/icyphy/ptII/ptolemy/actor/lib/test/auto/Clock7.xml (RunModel)" time="0.015" />
  <testcase classname="ptolemy.util.test.junit.AutoTests" name="[67] /home/travis/build/icyphy/ptII/ptolemy/actor/lib/test/auto/Clock8.xml (RunModel)" time="0.016" />
  <testcase classname="ptolemy.util.test.junit.AutoTests" name="[68] /home/travis/build/icyphy/ptII/ptolemy/actor/lib/test/auto/Clock9.xml (RunModel)" time="0.017" />
  <testcase classname="ptolemy.util.test.junit.AutoTests" name="[69] /home/travis/build/icyphy/ptII/ptolemy/actor/lib/test/auto/CommDistDiscard.xml (RunModel)" time="0.018" />
  <testcase classname="ptolemy.util.test.junit.AutoTests" name="[70] /home/travis/build/icyphy/ptII/ptolemy/actor/lib/test/auto/Commutator.xml (RunModel)" time="0.013" />
  <testcase classname="ptolemy.util.test.junit.AutoTests" name="[71] /home/travis/build/icyphy/ptII/ptolemy/actor/lib/test/auto/Commutator2.xml (RunModel)" time="0.012" />
  <testcase classname="ptolemy.util.test.junit.AutoTests" name="[72] /home/travis/build/icyphy/ptII/ptolemy/actor/lib/test/auto/Commutator3.xml (RunModel)" time="0.011" />
  <testcase classname="ptolemy.util.test.junit.AutoTests" name="[73] /home/travis/build/icyphy/ptII/ptolemy/actor/lib/test/auto/Compare.xml (RunModel)" time="0.021" />
  <testcase classname="ptolemy.util.test.junit.AutoTests" name="[74] /home/travis/build/icyphy/ptII/ptolemy/actor/lib/test/auto/CompareDE.xml (RunModel)" time="0.02" />
  <testcase classname="ptolemy.util.test.junit.AutoTests" name="[75] /home/travis/build/icyphy/ptII/ptolemy/actor/lib/test/auto/ComplexDivide.xml (RunModel)" time="0.015" />
  <testcase classname="ptolemy.util.test.junit.AutoTests" name="[76] /home/travis/build/icyphy/ptII/ptolemy/actor/lib/test/auto/ComputeHistogram.xml (RunModel)" time="0.064" />
  <testcase classname="ptolemy.util.test.junit.AutoTests" name="[77] /home/travis/build/icyphy/ptII/ptolemy/actor/lib/test/auto/ConfigurationSelect.xml (RunModel)" time="0.017" />
  <testcase classname="ptolemy.util.test.junit.AutoTests" name="[78] /home/travis/build/icyphy/ptII/ptolemy/actor/lib/test/auto/ConfigurationSelect2.xml (RunModel)" time="0.014" />
  <testcase classname="ptolemy.util.test.junit.AutoTests" name="[79] /home/travis/build/icyphy/ptII/ptolemy/actor/lib/test/auto/ConfigurationSwitch.xml (RunModel)" time="0.019" />
  <testcase classname="ptolemy.util.test.junit.AutoTests" name="[80] /home/travis/build/icyphy/ptII/ptolemy/actor/lib/test/auto/ConfigurationSwitch2.xml (RunModel)" time="0.017" />
  <testcase classname="ptolemy.util.test.junit.AutoTests" name="[81] /home/travis/build/icyphy/ptII/ptolemy/actor/lib/test/auto/ConfigurationSwitchCloningBugWithClassRelationGroup.xml (RunModel)" time="0.021" />
  <testcase classname="ptolemy.util.test.junit.AutoTests" name="[82] /home/travis/build/icyphy/ptII/ptolemy/actor/lib/test/auto/ConfigurationSwitchSelectSDF.xml (RunModel)" time="0.017" />
  <testcase classname="ptolemy.util.test.junit.AutoTests" name="[83] /home/travis/build/icyphy/ptII/ptolemy/actor/lib/test/auto/ConfigurationSwitchSelectSDF2.xml (RunModel)" time="0.016" />
  <testcase classname="ptolemy.util.test.junit.AutoTests" name="[84] /home/travis/build/icyphy/ptII/ptolemy/actor/lib/test/auto/Const.xml (RunModel)" time="0.009" />
  <testcase classname="ptolemy.util.test.junit.AutoTests" name="[85] /home/travis/build/icyphy/ptII/ptolemy/actor/lib/test/auto/Const2.xml (RunModel)" time="0.012" />
  <testcase classname="ptolemy.util.test.junit.AutoTests" name="[86] /home/travis/build/icyphy/ptII/ptolemy/actor/lib/test/auto/Const3.xml (RunModel)" time="0.008" />
  <testcase classname="ptolemy.util.test.junit.AutoTests" name="[87] /home/travis/build/icyphy/ptII/ptolemy/actor/lib/test/auto/ConstantPublisherPort1.xml (RunModel)" time="0.025" />
  <testcase classname="ptolemy.util.test.junit.AutoTests" name="[88] /home/travis/build/icyphy/ptII/ptolemy/actor/lib/test/auto/ConstantPublisherPort2.xml (RunModel)" time="0.021" />
  <testcase classname="ptolemy.util.test.junit.AutoTests" name="[89] /home/travis/build/icyphy/ptII/ptolemy/actor/lib/test/auto/ConstantPublisherPort3.xml (RunModel)" time="0.021" />
  <testcase classname="ptolemy.util.test.junit.AutoTests" name="[90] /home/travis/build/icyphy/ptII/ptolemy/actor/lib/test/auto/ConstantPublisherPort4.xml (RunModel)" time="0.02" />
  <testcase classname="ptolemy.util.test.junit.AutoTests" name="[91] /home/travis/build/icyphy/ptII/ptolemy/actor/lib/test/auto/ConstantPublisherPort5.xml (RunModel)" time="0.041" />
  <testcase classname="ptolemy.util.test.junit.AutoTests" name="[92] /home/travis/build/icyphy/ptII/ptolemy/actor/lib/test/auto/ConstantPublisherPort6.xml (RunModel)" time="0.042" />
  <testcase classname="ptolemy.util.test.junit.AutoTests" name="[93] /home/travis/build/icyphy/ptII/ptolemy/actor/lib/test/auto/ConstantPublisherPort7.xml (RunModel)" time="0.036" />
  <testcase classname="ptolemy.util.test.junit.AutoTests" name="[94] /home/travis/build/icyphy/ptII/ptolemy/actor/lib/test/auto/ConstraintMonitor1.xml (RunModel)" time="0.035" />
  <testcase classname="ptolemy.util.test.junit.AutoTests" name="[95] /home/travis/build/icyphy/ptII/ptolemy/actor/lib/test/auto/ConstraintMonitor2.xml (RunModel)" time="0.02" />
  <testcase classname="ptolemy.util.test.junit.AutoTests" name="[96] /home/travis/build/icyphy/ptII/ptolemy/actor/lib/test/auto/ConstraintMonitor3.xml (RunModel)" time="0.015" />
  <testcase classname="ptolemy.util.test.junit.AutoTests" name="[97] /home/travis/build/icyphy/ptII/ptolemy/actor/lib/test/auto/ConstraintMonitor4.xml (RunModel)" time="0.017" />
  <testcase classname="ptolemy.util.test.junit.AutoTests" name="[98] /home/travis/build/icyphy/ptII/ptolemy/actor/lib/test/auto/ConstraintMonitor5.xml (RunModel)" time="0.015" />
  <testcase classname="ptolemy.util.test.junit.AutoTests" name="[99] /home/travis/build/icyphy/ptII/ptolemy/actor/lib/test/auto/ConstraintMonitor6.xml (RunModel)" time="0.017" />
  <testcase classname="ptolemy.util.test.junit.AutoTests" name="[100] /home/travis/build/icyphy/ptII/ptolemy/actor/lib/test/auto/ConstraintMonitor7.xml (RunModel)" time="0.024" />
  <testcase classname="ptolemy.util.test.junit.AutoTests" name="[101] /home/travis/build/icyphy/ptII/ptolemy/actor/lib/test/auto/ConstraintMonitor8.xml (RunModel)" time="0.024" />
  <testcase classname="ptolemy.util.test.junit.AutoTests" name="[102] /home/travis/build/icyphy/ptII/ptolemy/actor/lib/test/auto/Counter.xml (RunModel)" time="0.014" />
  <testcase classname="ptolemy.util.test.junit.AutoTests" name="[103] /home/travis/build/icyphy/ptII/ptolemy/actor/lib/test/auto/CurrentTimeSDF.xml (RunModel)" time="0.009" />
  <testcase classname="ptolemy.util.test.junit.AutoTests" name="[104] /home/travis/build/icyphy/ptII/ptolemy/actor/lib/test/auto/DB.xml (RunModel)" time="0.018" />
  <testcase classname="ptolemy.util.test.junit.AutoTests" name="[105] /home/travis/build/icyphy/ptII/ptolemy/actor/lib/test/auto/DBDE.xml (RunModel)" time="0.016" />
  <testcase classname="ptolemy.util.test.junit.AutoTests" name="[106] /home/travis/build/icyphy/ptII/ptolemy/actor/lib/test/auto/DateConstructor.xml (RunModel)" time="0.058" />
  <testcase classname="ptolemy.util.test.junit.AutoTests" name="[107] /home/travis/build/icyphy/ptII/ptolemy/actor/lib/test/auto/DelayTime.xml (RunModel)" time="0.018" />
  <testcase classname="ptolemy.util.test.junit.AutoTests" name="[108] /home/travis/build/icyphy/ptII/ptolemy/actor/lib/test/auto/Dictionary1.xml (RunModel)" time="0.017" />
  <testcase classname="ptolemy.util.test.junit.AutoTests" name="[109] /home/travis/build/icyphy/ptII/ptolemy/actor/lib/test/auto/Dictionary2.xml (RunModel)" time="0.022" />
  <testcase classname="ptolemy.util.test.junit.AutoTests" name="[110] /home/travis/build/icyphy/ptII/ptolemy/actor/lib/test/auto/Dictionary3.xml (RunModel)" time="0.014" />
  <testcase classname="ptolemy.util.test.junit.AutoTests" name="[111] /home/travis/build/icyphy/ptII/ptolemy/actor/lib/test/auto/Dictionary4.xml (RunModel)" time="0.019" />
  <testcase classname="ptolemy.util.test.junit.AutoTests" name="[112] /home/travis/build/icyphy/ptII/ptolemy/actor/lib/test/auto/Differential.xml (RunModel)" time="0.014" />
  <testcase classname="ptolemy.util.test.junit.AutoTests" name="[113] /home/travis/build/icyphy/ptII/ptolemy/actor/lib/test/auto/Director.xml (RunModel)" time="0.015" />
  <testcase classname="ptolemy.util.test.junit.AutoTests" name="[114] /home/travis/build/icyphy/ptII/ptolemy/actor/lib/test/auto/DiscreteClock.xml (RunModel)" time="0.009" />
  <testcase classname="ptolemy.util.test.junit.AutoTests" name="[115] /home/travis/build/icyphy/ptII/ptolemy/actor/lib/test/auto/DiscreteClock10.xml (RunModel)" time="0.016" />
  <testcase classname="ptolemy.util.test.junit.AutoTests" name="[116] /home/travis/build/icyphy/ptII/ptolemy/actor/lib/test/auto/DiscreteClock11.xml (RunModel)" time="0.018" />
  <testcase classname="ptolemy.util.test.junit.AutoTests" name="[117] /home/travis/build/icyphy/ptII/ptolemy/actor/lib/test/auto/DiscreteClock12.xml (RunModel)" time="0.016" />
  <testcase classname="ptolemy.util.test.junit.AutoTests" name="[118] /home/travis/build/icyphy/ptII/ptolemy/actor/lib/test/auto/DiscreteClock13.xml (RunModel)" time="0.02" />
  <testcase classname="ptolemy.util.test.junit.AutoTests" name="[119] /home/travis/build/icyphy/ptII/ptolemy/actor/lib/test/auto/DiscreteClock14.xml (RunModel)" time="0.017" />
  <testcase classname="ptolemy.util.test.junit.AutoTests" name="[120] /home/travis/build/icyphy/ptII/ptolemy/actor/lib/test/auto/DiscreteClock15.xml (RunModel)" time="0.022" />
  <testcase classname="ptolemy.util.test.junit.AutoTests" name="[121] /home/travis/build/icyphy/ptII/ptolemy/actor/lib/test/auto/DiscreteClock16.xml (RunModel)" time="0.041" />
  <testcase classname="ptolemy.util.test.junit.AutoTests" name="[122] /home/travis/build/icyphy/ptII/ptolemy/actor/lib/test/auto/DiscreteClock17.xml (RunModel)" time="0.037" />
  <testcase classname="ptolemy.util.test.junit.AutoTests" name="[123] /home/travis/build/icyphy/ptII/ptolemy/actor/lib/test/auto/DiscreteClock18.xml (RunModel)" time="0.047" />
  <testcase classname="ptolemy.util.test.junit.AutoTests" name="[124] /home/travis/build/icyphy/ptII/ptolemy/actor/lib/test/auto/DiscreteClock19.xml (RunModel)" time="0.053" />
  <testcase classname="ptolemy.util.test.junit.AutoTests" name="[125] /home/travis/build/icyphy/ptII/ptolemy/actor/lib/test/auto/DiscreteClock2.xml (RunModel)" time="0.015" />
  <testcase classname="ptolemy.util.test.junit.AutoTests" name="[126] /home/travis/build/icyphy/ptII/ptolemy/actor/lib/test/auto/DiscreteClock20.xml (RunModel)" time="0.017" />
  <testcase classname="ptolemy.util.test.junit.AutoTests" name="[127] /home/travis/build/icyphy/ptII/ptolemy/actor/lib/test/auto/DiscreteClock21.xml (RunModel)" time="0.032" />
  <testcase classname="ptolemy.util.test.junit.AutoTests" name="[128] /home/travis/build/icyphy/ptII/ptolemy/actor/lib/test/auto/DiscreteClock22.xml (RunModel)" time="0.02" />
  <testcase classname="ptolemy.util.test.junit.AutoTests" name="[129] /home/travis/build/icyphy/ptII/ptolemy/actor/lib/test/auto/DiscreteClock23.xml (RunModel)" time="0.024" />
  <testcase classname="ptolemy.util.test.junit.AutoTests" name="[130] /home/travis/build/icyphy/ptII/ptolemy/actor/lib/test/auto/DiscreteClock24.xml (RunModel)" time="0.02" />
  <testcase classname="ptolemy.util.test.junit.AutoTests" name="[131] /home/travis/build/icyphy/ptII/ptolemy/actor/lib/test/auto/DiscreteClock4.xml (RunModel)" time="0.016" />
  <testcase classname="ptolemy.util.test.junit.AutoTests" name="[132] /home/travis/build/icyphy/ptII/ptolemy/actor/lib/test/auto/DiscreteClock5.xml (RunModel)" time="0.011" />
  <testcase classname="ptolemy.util.test.junit.AutoTests" name="[133] /home/travis/build/icyphy/ptII/ptolemy/actor/lib/test/auto/DiscreteClock6.xml (RunModel)" time="0.011" />
  <testcase classname="ptolemy.util.test.junit.AutoTests" name="[134] /home/travis/build/icyphy/ptII/ptolemy/actor/lib/test/auto/DiscreteClock7.xml (RunModel)" time="0.015" />
  <testcase classname="ptolemy.util.test.junit.AutoTests" name="[135] /home/travis/build/icyphy/ptII/ptolemy/actor/lib/test/auto/DiscreteClock8.xml (RunModel)" time="0.017" />
  <testcase classname="ptolemy.util.test.junit.AutoTests" name="[136] /home/travis/build/icyphy/ptII/ptolemy/actor/lib/test/auto/DiscreteClock9.xml (RunModel)" time="0.016" />
  <testcase classname="ptolemy.util.test.junit.AutoTests" name="[137] /home/travis/build/icyphy/ptII/ptolemy/actor/lib/test/auto/DisplayArray.xml (RunModel)" time="0.027" />
  <testcase classname="ptolemy.util.test.junit.AutoTests" name="[138] /home/travis/build/icyphy/ptII/ptolemy/actor/lib/test/auto/Distributor.xml (RunModel)" time="0.01" />
  <testcase classname="ptolemy.util.test.junit.AutoTests" name="[139] /home/travis/build/icyphy/ptII/ptolemy/actor/lib/test/auto/Distributor2.xml (RunModel)" time="0.011" />
  <testcase classname="ptolemy.util.test.junit.AutoTests" name="[140] /home/travis/build/icyphy/ptII/ptolemy/actor/lib/test/auto/DownSample.xml (RunModel)" time="0.512" />
  <testcase classname="ptolemy.util.test.junit.AutoTests" name="[141] /home/travis/build/icyphy/ptII/ptolemy/actor/lib/test/auto/ElectronicUnitBase1.xml (RunModel)" time="0.067" />
  <testcase classname="ptolemy.util.test.junit.AutoTests" name="[142] /home/travis/build/icyphy/ptII/ptolemy/actor/lib/test/auto/ElementsToArray.xml (RunModel)" time="0.014" />
  <testcase classname="ptolemy.util.test.junit.AutoTests" name="[143] /home/travis/build/icyphy/ptII/ptolemy/actor/lib/test/auto/Equals.xml (RunModel)" time="0.017" />
  <testcase classname="ptolemy.util.test.junit.AutoTests" name="[144] /home/travis/build/icyphy/ptII/ptolemy/actor/lib/test/auto/Exec.xml (RunModel)" time="0.019" />
  <testcase classname="ptolemy.util.test.junit.AutoTests" name="[145] /home/travis/build/icyphy/ptII/ptolemy/actor/lib/test/auto/ExecEnvironment.xml (RunModel)" time="0.039" />
  <testcase classname="ptolemy.util.test.junit.AutoTests" name="[146] /home/travis/build/icyphy/ptII/ptolemy/actor/lib/test/auto/ExecNonZeroReturnOutput.xml (RunModel)" time="0.167" />
  <testcase classname="ptolemy.util.test.junit.AutoTests" name="[147] /home/travis/build/icyphy/ptII/ptolemy/actor/lib/test/auto/ExecRunDemos.xml (RunModel)" time="9.889" />
  <testcase classname="ptolemy.util.test.junit.AutoTests" name="[148] /home/travis/build/icyphy/ptII/ptolemy/actor/lib/test/auto/ExecStop.xml (RunModel)" time="5.031" />
  <testcase classname="ptolemy.util.test.junit.AutoTests" name="[149] /home/travis/build/icyphy/ptII/ptolemy/actor/lib/test/auto/ExecutionTimeSDF.xml (RunModel)" time="6.029" />
  <testcase classname="ptolemy.util.test.junit.AutoTests" name="[150] /home/travis/build/icyphy/ptII/ptolemy/actor/lib/test/auto/Expression1.xml (RunModel)" time="0.008" />
  <testcase classname="ptolemy.util.test.junit.AutoTests" name="[151] /home/travis/build/icyphy/ptII/ptolemy/actor/lib/test/auto/Expression10.xml (RunModel)" time="0.014" />
  <testcase classname="ptolemy.util.test.junit.AutoTests" name="[152] /home/travis/build/icyphy/ptII/ptolemy/actor/lib/test/auto/Expression11.xml (RunModel)" time="0.016" />
  <testcase classname="ptolemy.util.test.junit.AutoTests" name="[153] /home/travis/build/icyphy/ptII/ptolemy/actor/lib/test/auto/Expression12.xml (RunModel)" time="0.014" />
  <testcase classname="ptolemy.util.test.junit.AutoTests" name="[154] /home/travis/build/icyphy/ptII/ptolemy/actor/lib/test/auto/Expression13.xml (RunModel)" time="0.014" />
  <testcase classname="ptolemy.util.test.junit.AutoTests" name="[155] /home/travis/build/icyphy/ptII/ptolemy/actor/lib/test/auto/Expression14.xml (RunModel)" time="0.031" />
  <testcase classname="ptolemy.util.test.junit.AutoTests" name="[156] /home/travis/build/icyphy/ptII/ptolemy/actor/lib/test/auto/Expression15.xml (RunModel)" time="0.01" />
  <testcase classname="ptolemy.util.test.junit.AutoTests" name="[157] /home/travis/build/icyphy/ptII/ptolemy/actor/lib/test/auto/Expression16.xml (RunModel)" time="0.015" />
  <testcase classname="ptolemy.util.test.junit.AutoTests" name="[158] /home/travis/build/icyphy/ptII/ptolemy/actor/lib/test/auto/Expression17.xml (RunModel)" time="0.014" />
  <testcase classname="ptolemy.util.test.junit.AutoTests" name="[159] /home/travis/build/icyphy/ptII/ptolemy/actor/lib/test/auto/Expression18.xml (RunModel)" time="0.014" />
  <testcase classname="ptolemy.util.test.junit.AutoTests" name="[160] /home/travis/build/icyphy/ptII/ptolemy/actor/lib/test/auto/Expression2.xml (RunModel)" time="0.014" />
  <testcase classname="ptolemy.util.test.junit.AutoTests" name="[161] /home/travis/build/icyphy/ptII/ptolemy/actor/lib/test/auto/Expression3.xml (RunModel)" time="0.013" />
  <testcase classname="ptolemy.util.test.junit.AutoTests" name="[162] /home/travis/build/icyphy/ptII/ptolemy/actor/lib/test/auto/Expression4.xml (RunModel)" time="0.026" />
  <testcase classname="ptolemy.util.test.junit.AutoTests" name="[163] /home/travis/build/icyphy/ptII/ptolemy/actor/lib/test/auto/Expression5.xml (RunModel)" time="0.015" />
  <testcase classname="ptolemy.util.test.junit.AutoTests" name="[164] /home/travis/build/icyphy/ptII/ptolemy/actor/lib/test/auto/Expression6.xml (RunModel)" time="0.013" />
  <testcase classname="ptolemy.util.test.junit.AutoTests" name="[165] /home/travis/build/icyphy/ptII/ptolemy/actor/lib/test/auto/Expression7.xml (RunModel)" time="0.015" />
  <testcase classname="ptolemy.util.test.junit.AutoTests" name="[166] /home/travis/build/icyphy/ptII/ptolemy/actor/lib/test/auto/Expression8.xml (RunModel)" time="0.022" />
  <testcase classname="ptolemy.util.test.junit.AutoTests" name="[167] /home/travis/build/icyphy/ptII/ptolemy/actor/lib/test/auto/Expression9.xml (RunModel)" time="0.012" />
  <testcase classname="ptolemy.util.test.junit.AutoTests" name="[168] /home/travis/build/icyphy/ptII/ptolemy/actor/lib/test/auto/ExpressionConcatenateArrayType.xml (RunModel)" time="0.028" />
  <testcase classname="ptolemy.util.test.junit.AutoTests" name="[169] /home/travis/build/icyphy/ptII/ptolemy/actor/lib/test/auto/ExpressionConcatenateArrayType2.xml (RunModel)" time="0.019" />
  <testcase classname="ptolemy.util.test.junit.AutoTests" name="[170] /home/travis/build/icyphy/ptII/ptolemy/actor/lib/test/auto/ExpressionFix.xml (RunModel)" time="0.029" />
  <testcase classname="ptolemy.util.test.junit.AutoTests" name="[171] /home/travis/build/icyphy/ptII/ptolemy/actor/lib/test/auto/ExpressionFix2.xml (RunModel)" time="0.011" />
  <testcase classname="ptolemy.util.test.junit.AutoTests" name="[172] /home/travis/build/icyphy/ptII/ptolemy/actor/lib/test/auto/ExpressionFix3.xml (RunModel)" time="0.011" />
  <testcase classname="ptolemy.util.test.junit.AutoTests" name="[173] /home/travis/build/icyphy/ptII/ptolemy/actor/lib/test/auto/FileWriter1.xml (RunModel)" time="0.01" />
  <testcase classname="ptolemy.util.test.junit.AutoTests" name="[174] /home/travis/build/icyphy/ptII/ptolemy/actor/lib/test/auto/FileWriter2.xml (RunModel)" time="0.011" />
  <testcase classname="ptolemy.util.test.junit.AutoTests" name="[175] /home/travis/build/icyphy/ptII/ptolemy/actor/lib/test/auto/FileWriter3.xml (RunModel)" time="0.014" />
  <testcase classname="ptolemy.util.test.junit.AutoTests" name="[176] /home/travis/build/icyphy/ptII/ptolemy/actor/lib/test/auto/Gaussian.xml (RunModel)" time="0.015" />
  <testcase classname="ptolemy.util.test.junit.AutoTests" name="[177] /home/travis/build/icyphy/ptII/ptolemy/actor/lib/test/auto/Gaussian1.xml (RunModel)" time="0.015" />
  <testcase classname="ptolemy.util.test.junit.AutoTests" name="[178] /home/travis/build/icyphy/ptII/ptolemy/actor/lib/test/auto/Gaussian2.xml (RunModel)" time="0.024" />
  <testcase classname="ptolemy.util.test.junit.AutoTests" name="[179] /home/travis/build/icyphy/ptII/ptolemy/actor/lib/test/auto/GradientAdaptiveLattice.xml (RunModel)" time="0.022" />
  <testcase classname="ptolemy.util.test.junit.AutoTests" name="[180] /home/travis/build/icyphy/ptII/ptolemy/actor/lib/test/auto/IIR.xml (RunModel)" time="0.01" />
  <testcase classname="ptolemy.util.test.junit.AutoTests" name="[181] /home/travis/build/icyphy/ptII/ptolemy/actor/lib/test/auto/InputOutputTransparentPorts.xml (RunModel)" time="0.023" />
  <testcase classname="ptolemy.util.test.junit.AutoTests" name="[182] /home/travis/build/icyphy/ptII/ptolemy/actor/lib/test/auto/Interpolator.xml (RunModel)" time="0.012" />
  <testcase classname="ptolemy.util.test.junit.AutoTests" name="[183] /home/travis/build/icyphy/ptII/ptolemy/actor/lib/test/auto/InterpolatorFiringLimitDE.xml (RunModel)" time="0.015" />
  <testcase classname="ptolemy.util.test.junit.AutoTests" name="[184] /home/travis/build/icyphy/ptII/ptolemy/actor/lib/test/auto/Lattice.xml (RunModel)" time="0.01" />
  <testcase classname="ptolemy.util.test.junit.AutoTests" name="[185] /home/travis/build/icyphy/ptII/ptolemy/actor/lib/test/auto/LazyAOCTestLazy.xml (RunModel)" time="0.023" />
  <testcase classname="ptolemy.util.test.junit.AutoTests" name="[186] /home/travis/build/icyphy/ptII/ptolemy/actor/lib/test/auto/LazyAOCTestNonLazy.xml (RunModel)" time="0.044" />
  <testcase classname="ptolemy.util.test.junit.AutoTests" name="[187] /home/travis/build/icyphy/ptII/ptolemy/actor/lib/test/auto/LazyInnerClass.xml (RunModel)" time="0.048" />
  <testcase classname="ptolemy.util.test.junit.AutoTests" name="[188] /home/travis/build/icyphy/ptII/ptolemy/actor/lib/test/auto/LazyPubSub.xml (RunModel)" time="0.074" />
  <testcase classname="ptolemy.util.test.junit.AutoTests" name="[189] /home/travis/build/icyphy/ptII/ptolemy/actor/lib/test/auto/LazyPubSub2.xml (RunModel)" time="0.037" />
  <testcase classname="ptolemy.util.test.junit.AutoTests" name="[190] /home/travis/build/icyphy/ptII/ptolemy/actor/lib/test/auto/LazyPubSub3.xml (RunModel)" time="0.029" />
  <testcase classname="ptolemy.util.test.junit.AutoTests" name="[191] /home/travis/build/icyphy/ptII/ptolemy/actor/lib/test/auto/LazySubClassModel.xml (RunModel)" time="0.028" />
  <testcase classname="ptolemy.util.test.junit.AutoTests" name="[192] /home/travis/build/icyphy/ptII/ptolemy/actor/lib/test/auto/LevelCrossTest1.xml (RunModel)" time="0.014" />
  <testcase classname="ptolemy.util.test.junit.AutoTests" name="[193] /home/travis/build/icyphy/ptII/ptolemy/actor/lib/test/auto/LevelCrossTest10.xml (RunModel)" time="0.024" />
  <testcase classname="ptolemy.util.test.junit.AutoTests" name="[194] /home/travis/build/icyphy/ptII/ptolemy/actor/lib/test/auto/LevelCrossTest11.xml (RunModel)" time="0.014" />
  <testcase classname="ptolemy.util.test.junit.AutoTests" name="[195] /home/travis/build/icyphy/ptII/ptolemy/actor/lib/test/auto/LevelCrossTest12.xml (RunModel)" time="0.02" />
  <testcase classname="ptolemy.util.test.junit.AutoTests" name="[196] /home/travis/build/icyphy/ptII/ptolemy/actor/lib/test/auto/LevelCrossTest13.xml (RunModel)" time="0.016" />
  <testcase classname="ptolemy.util.test.junit.AutoTests" name="[197] /home/travis/build/icyphy/ptII/ptolemy/actor/lib/test/auto/LevelCrossTest2.xml (RunModel)" time="0.013" />
  <testcase classname="ptolemy.util.test.junit.AutoTests" name="[198] /home/travis/build/icyphy/ptII/ptolemy/actor/lib/test/auto/LevelCrossTest3.xml (RunModel)" time="0.017" />
  <testcase classname="ptolemy.util.test.junit.AutoTests" name="[199] /home/travis/build/icyphy/ptII/ptolemy/actor/lib/test/auto/LevelCrossTest4.xml (RunModel)" time="0.012" />
  <testcase classname="ptolemy.util.test.junit.AutoTests" name="[200] /home/travis/build/icyphy/ptII/ptolemy/actor/lib/test/auto/LevelCrossTest5.xml (RunModel)" time="0.015" />
  <testcase classname="ptolemy.util.test.junit.AutoTests" name="[201] /home/travis/build/icyphy/ptII/ptolemy/actor/lib/test/auto/LevelCrossTest6.xml (RunModel)" time="0.02" />
  <testcase classname="ptolemy.util.test.junit.AutoTests" name="[202] /home/travis/build/icyphy/ptII/ptolemy/actor/lib/test/auto/LevelCrossTest7.xml (RunModel)" time="0.034" />
  <testcase classname="ptolemy.util.test.junit.AutoTests" name="[203] /home/travis/build/icyphy/ptII/ptolemy/actor/lib/test/auto/LevelCrossTest8.xml (RunModel)" time="0.025" />
  <testcase classname="ptolemy.util.test.junit.AutoTests" name="[204] /home/travis/build/icyphy/ptII/ptolemy/actor/lib/test/auto/LevelCrossTest9.xml (RunModel)" time="0.024" />
  <testcase classname="ptolemy.util.test.junit.AutoTests" name="[205] /home/travis/build/icyphy/ptII/ptolemy/actor/lib/test/auto/LevinsonDurbin.xml (RunModel)" time="0.015" />
  <testcase classname="ptolemy.util.test.junit.AutoTests" name="[206] /home/travis/build/icyphy/ptII/ptolemy/actor/lib/test/auto/LevinsonDurbin2.xml (RunModel)" time="0.008" />
  <testcase classname="ptolemy.util.test.junit.AutoTests" name="[207] /home/travis/build/icyphy/ptII/ptolemy/actor/lib/test/auto/LevinsonDurbin3.xml (RunModel)" time="0.011" />
  <testcase classname="ptolemy.util.test.junit.AutoTests" name="[208] /home/travis/build/icyphy/ptII/ptolemy/actor/lib/test/auto/Limiter.xml (RunModel)" time="0.036" />
  <testcase classname="ptolemy.util.test.junit.AutoTests" name="[209] /home/travis/build/icyphy/ptII/ptolemy/actor/lib/test/auto/LinearDifferenceEquationSystem.xml (RunModel)" time="0.023" />
  <testcase classname="ptolemy.util.test.junit.AutoTests" name="[210] /home/travis/build/icyphy/ptII/ptolemy/actor/lib/test/auto/LookupTable.xml (RunModel)" time="0.011" />
  <testcase classname="ptolemy.util.test.junit.AutoTests" name="[211] /home/travis/build/icyphy/ptII/ptolemy/actor/lib/test/auto/MathFunction.xml (RunModel)" time="0.022" />
  <testcase classname="ptolemy.util.test.junit.AutoTests" name="[212] /home/travis/build/icyphy/ptII/ptolemy/actor/lib/test/auto/MathFunction2.xml (RunModel)" time="0.011" />
  <testcase classname="ptolemy.util.test.junit.AutoTests" name="[213] /home/travis/build/icyphy/ptII/ptolemy/actor/lib/test/auto/MathFunction3.xml (RunModel)" time="0.023" />
  <testcase classname="ptolemy.util.test.junit.AutoTests" name="[214] /home/travis/build/icyphy/ptII/ptolemy/actor/lib/test/auto/MatrixCropBoolean.xml (RunModel)" time="0.013" />
  <testcase classname="ptolemy.util.test.junit.AutoTests" name="[215] /home/travis/build/icyphy/ptII/ptolemy/actor/lib/test/auto/MatrixCropComplex.xml (RunModel)" time="0.01" />
  <testcase classname="ptolemy.util.test.junit.AutoTests" name="[216] /home/travis/build/icyphy/ptII/ptolemy/actor/lib/test/auto/MatrixCropDouble.xml (RunModel)" time="0.016" />
  <testcase classname="ptolemy.util.test.junit.AutoTests" name="[217] /home/travis/build/icyphy/ptII/ptolemy/actor/lib/test/auto/MatrixCropFix.xml (RunModel)" time="0.011" />
  <testcase classname="ptolemy.util.test.junit.AutoTests" name="[218] /home/travis/build/icyphy/ptII/ptolemy/actor/lib/test/auto/MatrixCropInt.xml (RunModel)" time="0.01" />
  <testcase classname="ptolemy.util.test.junit.AutoTests" name="[219] /home/travis/build/icyphy/ptII/ptolemy/actor/lib/test/auto/MatrixCropLong.xml (RunModel)" time="0.009" />
  <testcase classname="ptolemy.util.test.junit.AutoTests" name="[220] /home/travis/build/icyphy/ptII/ptolemy/actor/lib/test/auto/MatrixToArray.xml (RunModel)" time="0.045" />
  <testcase classname="ptolemy.util.test.junit.AutoTests" name="[221] /home/travis/build/icyphy/ptII/ptolemy/actor/lib/test/auto/MaxIndex.xml (RunModel)" time="0.012" />
  <testcase classname="ptolemy.util.test.junit.AutoTests" name="[222] /home/travis/build/icyphy/ptII/ptolemy/actor/lib/test/auto/Maximum.xml (RunModel)" time="0.014" />
  <testcase classname="ptolemy.util.test.junit.AutoTests" name="[223] /home/travis/build/icyphy/ptII/ptolemy/actor/lib/test/auto/MaximumComplex.xml (RunModel)" time="0.015" />
  <testcase classname="ptolemy.util.test.junit.AutoTests" name="[224] /home/travis/build/icyphy/ptII/ptolemy/actor/lib/test/auto/MethodCallTest.xml (RunModel)" time="0.02" />
  <testcase classname="ptolemy.util.test.junit.AutoTests" name="[225] /home/travis/build/icyphy/ptII/ptolemy/actor/lib/test/auto/Minimum.xml (RunModel)" time="0.017" />
  <testcase classname="ptolemy.util.test.junit.AutoTests" name="[226] /home/travis/build/icyphy/ptII/ptolemy/actor/lib/test/auto/MinimumComplex.xml (RunModel)" time="0.017" />
  <testcase classname="ptolemy.util.test.junit.AutoTests" name="[227] /home/travis/build/icyphy/ptII/ptolemy/actor/lib/test/auto/MinimumMultiports.xml (RunModel)" time="0.019" />
  <testcase classname="ptolemy.util.test.junit.AutoTests" name="[228] /home/travis/build/icyphy/ptII/ptolemy/actor/lib/test/auto/ModifyDate.xml (RunModel)" time="0.049" />
  <testcase classname="ptolemy.util.test.junit.AutoTests" name="[229] /home/travis/build/icyphy/ptII/ptolemy/actor/lib/test/auto/ModifyDate2.xml (RunModel)" time="0.033" />
  <testcase classname="ptolemy.util.test.junit.AutoTests" name="[230] /home/travis/build/icyphy/ptII/ptolemy/actor/lib/test/auto/MovingAverage.xml (RunModel)" time="0.013" />
  <testcase classname="ptolemy.util.test.junit.AutoTests" name="[231] /home/travis/build/icyphy/ptII/ptolemy/actor/lib/test/auto/MovingMaximum.xml (RunModel)" time="0.012" />
  <testcase classname="ptolemy.util.test.junit.AutoTests" name="[232] /home/travis/build/icyphy/ptII/ptolemy/actor/lib/test/auto/MultipleLinksToSameRelation.xml (RunModel)" time="0.008" />
  <testcase classname="ptolemy.util.test.junit.AutoTests" name="[233] /home/travis/build/icyphy/ptII/ptolemy/actor/lib/test/auto/MultipleLinksToSameRelationDE.xml (RunModel)" time="0.011" />
  <testcase classname="ptolemy.util.test.junit.AutoTests" name="[234] /home/travis/build/icyphy/ptII/ptolemy/actor/lib/test/auto/Multiplexor.xml (RunModel)" time="0.014" />
  <testcase classname="ptolemy.util.test.junit.AutoTests" name="[235] /home/travis/build/icyphy/ptII/ptolemy/actor/lib/test/auto/Multiplexor1.xml (RunModel)" time="0.016" />
  <testcase classname="ptolemy.util.test.junit.AutoTests" name="[236] /home/travis/build/icyphy/ptII/ptolemy/actor/lib/test/auto/Multiplexor2.xml (RunModel)" time="0.016" />
  <testcase classname="ptolemy.util.test.junit.AutoTests" name="[237] /home/travis/build/icyphy/ptII/ptolemy/actor/lib/test/auto/Multiplexor3.xml (RunModel)" time="0.01" />
  <testcase classname="ptolemy.util.test.junit.AutoTests" name="[238] /home/travis/build/icyphy/ptII/ptolemy/actor/lib/test/auto/MultiplexorDE.xml (RunModel)" time="0.02" />
  <testcase classname="ptolemy.util.test.junit.AutoTests" name="[239] /home/travis/build/icyphy/ptII/ptolemy/actor/lib/test/auto/MultiportBroadcastTest.xml (RunModel)" time="0.102" />
  <testcase classname="ptolemy.util.test.junit.AutoTests" name="[240] /home/travis/build/icyphy/ptII/ptolemy/actor/lib/test/auto/MultiportOutHangDuringGetWidth.xml (RunModel)" time="0.042" />
  <testcase classname="ptolemy.util.test.junit.AutoTests" name="[241] /home/travis/build/icyphy/ptII/ptolemy/actor/lib/test/auto/NilToken.xml (RunModel)" time="0.017" />
  <testcase classname="ptolemy.util.test.junit.AutoTests" name="[242] /home/travis/build/icyphy/ptII/ptolemy/actor/lib/test/auto/NilTokenNonStrictTest.xml (RunModel)" time="0.024" />
  <testcase classname="ptolemy.util.test.junit.AutoTests" name="[243] /home/travis/build/icyphy/ptII/ptolemy/actor/lib/test/auto/NilTokenRecord.xml (RunModel)" time="0.024" />
  <testcase classname="ptolemy.util.test.junit.AutoTests" name="[244] /home/travis/build/icyphy/ptII/ptolemy/actor/lib/test/auto/NilTokenTypeTest.xml (RunModel)" time="0.04" />
  <testcase classname="ptolemy.util.test.junit.AutoTests" name="[245] /home/travis/build/icyphy/ptII/ptolemy/actor/lib/test/auto/ObjectToken1.xml (RunModel)" time="0.012" />
  <testcase classname="ptolemy.util.test.junit.AutoTests" name="[246] /home/travis/build/icyphy/ptII/ptolemy/actor/lib/test/auto/OrderedMerge.xml (RunModel)" time="0.017" />
  <testcase classname="ptolemy.util.test.junit.AutoTests" name="[247] /home/travis/build/icyphy/ptII/ptolemy/actor/lib/test/auto/OrderedRecordDisassembler.xml (RunModel)" time="0.016" />
  <testcase classname="ptolemy.util.test.junit.AutoTests" name="[248] /home/travis/build/icyphy/ptII/ptolemy/actor/lib/test/auto/OrderedRecordDisassembler2.xml (RunModel)" time="0.024" />
  <testcase classname="ptolemy.util.test.junit.AutoTests" name="[249] /home/travis/build/icyphy/ptII/ptolemy/actor/lib/test/auto/OrderedRecordUpdater.xml (RunModel)" time="0.012" />
  <testcase classname="ptolemy.util.test.junit.AutoTests" name="[250] /home/travis/build/icyphy/ptII/ptolemy/actor/lib/test/auto/OrderedRecordUpdater2.xml (RunModel)" time="0.028" />
  <testcase classname="ptolemy.util.test.junit.AutoTests" name="[251] /home/travis/build/icyphy/ptII/ptolemy/actor/lib/test/auto/PhaseUnwrap.xml (RunModel)" time="0.013" />
  <testcase classname="ptolemy.util.test.junit.AutoTests" name="[252] /home/travis/build/icyphy/ptII/ptolemy/actor/lib/test/auto/PoissonClock.xml (RunModel)" time="0.012" />
  <testcase classname="ptolemy.util.test.junit.AutoTests" name="[253] /home/travis/build/icyphy/ptII/ptolemy/actor/lib/test/auto/PoissonClock2.xml (RunModel)" time="0.01" />
  <testcase classname="ptolemy.util.test.junit.AutoTests" name="[254] /home/travis/build/icyphy/ptII/ptolemy/actor/lib/test/auto/PoissonClock3.xml (RunModel)" time="0.017" />
  <testcase classname="ptolemy.util.test.junit.AutoTests" name="[255] /home/travis/build/icyphy/ptII/ptolemy/actor/lib/test/auto/PubSubWithInitialTokens.xml (RunModel)" time="0.013" />
  <testcase classname="ptolemy.util.test.junit.AutoTests" name="[256] /home/travis/build/icyphy/ptII/ptolemy/actor/lib/test/auto/PubSubWithInitialTokens2.xml (RunModel)" time="0.013" />
  <testcase classname="ptolemy.util.test.junit.AutoTests" name="[257] /home/travis/build/icyphy/ptII/ptolemy/actor/lib/test/auto/PublisherClassNoParameter.xml (RunModel)" time="0.023" />
  <testcase classname="ptolemy.util.test.junit.AutoTests" name="[258] /home/travis/build/icyphy/ptII/ptolemy/actor/lib/test/auto/PublisherClassParameter.xml (RunModel)" time="0.025" />
  <testcase classname="ptolemy.util.test.junit.AutoTests" name="[259] /home/travis/build/icyphy/ptII/ptolemy/actor/lib/test/auto/PublisherNonStrictTest.xml (RunModel)" time="0.019" />
  <testcase classname="ptolemy.util.test.junit.AutoTests" name="[260] /home/travis/build/icyphy/ptII/ptolemy/actor/lib/test/auto/PublisherPort1.xml (RunModel)" time="0.016" />
  <testcase classname="ptolemy.util.test.junit.AutoTests" name="[261] /home/travis/build/icyphy/ptII/ptolemy/actor/lib/test/auto/PublisherPort2.xml (RunModel)" time="0.012" />
  <testcase classname="ptolemy.util.test.junit.AutoTests" name="[262] /home/travis/build/icyphy/ptII/ptolemy/actor/lib/test/auto/PublisherPort3.xml (RunModel)" time="0.014" />
  <testcase classname="ptolemy.util.test.junit.AutoTests" name="[263] /home/travis/build/icyphy/ptII/ptolemy/actor/lib/test/auto/PublisherPort4.xml (RunModel)" time="0.013" />
  <testcase classname="ptolemy.util.test.junit.AutoTests" name="[264] /home/travis/build/icyphy/ptII/ptolemy/actor/lib/test/auto/PublisherPort5.xml (RunModel)" time="0.017" />
  <testcase classname="ptolemy.util.test.junit.AutoTests" name="[265] /home/travis/build/icyphy/ptII/ptolemy/actor/lib/test/auto/PublisherPort5LookAlike.xml (RunModel)" time="0.018" />
  <testcase classname="ptolemy.util.test.junit.AutoTests" name="[266] /home/travis/build/icyphy/ptII/ptolemy/actor/lib/test/auto/PublisherPort6.xml (RunModel)" time="0.014" />
  <testcase classname="ptolemy.util.test.junit.AutoTests" name="[267] /home/travis/build/icyphy/ptII/ptolemy/actor/lib/test/auto/PublisherPort7.xml (RunModel)" time="0.016" />
  <testcase classname="ptolemy.util.test.junit.AutoTests" name="[268] /home/travis/build/icyphy/ptII/ptolemy/actor/lib/test/auto/PublisherPort8.xml (RunModel)" time="0.018" />
  <testcase classname="ptolemy.util.test.junit.AutoTests" name="[269] /home/travis/build/icyphy/ptII/ptolemy/actor/lib/test/auto/PublisherPortSubscriberChannelVariablesAOC2.xml (RunModel)" time="0.036" />
  <testcase classname="ptolemy.util.test.junit.AutoTests" name="[270] /home/travis/build/icyphy/ptII/ptolemy/actor/lib/test/auto/PublisherPortSubscriberOpaqueWidthInference.xml (RunModel)" time="0.019" />
  <testcase classname="ptolemy.util.test.junit.AutoTests" name="[271] /home/travis/build/icyphy/ptII/ptolemy/actor/lib/test/auto/PublisherPortSubscriberPortAdjacent.xml (RunModel)" time="0.02" />
  <testcase classname="ptolemy.util.test.junit.AutoTests" name="[272] /home/travis/build/icyphy/ptII/ptolemy/actor/lib/test/auto/PublisherPortSubscriberPortExpression.xml (RunModel)" time="0.019" />
  <testcase classname="ptolemy.util.test.junit.AutoTests" name="[273] /home/travis/build/icyphy/ptII/ptolemy/actor/lib/test/auto/PublisherPortSubscriberPortOpaqueD3Reverse.xml (RunModel)" time="0.022" />
  <testcase classname="ptolemy.util.test.junit.AutoTests" name="[274] /home/travis/build/icyphy/ptII/ptolemy/actor/lib/test/auto/PublisherPortSubscriberPortOpaqueWidthInference.xml (RunModel)" time="0.018" />
  <testcase classname="ptolemy.util.test.junit.AutoTests" name="[275] /home/travis/build/icyphy/ptII/ptolemy/actor/lib/test/auto/PublisherPortToplevelSubscriberPortAOC.xml (RunModel)" time="0.012" />
  <testcase classname="ptolemy.util.test.junit.AutoTests" name="[276] /home/travis/build/icyphy/ptII/ptolemy/actor/lib/test/auto/PublisherSubscriber.xml (RunModel)" time="0.015" />
  <testcase classname="ptolemy.util.test.junit.AutoTests" name="[277] /home/travis/build/icyphy/ptII/ptolemy/actor/lib/test/auto/PublisherSubscriber10.xml (RunModel)" time="0.022" />
  <testcase classname="ptolemy.util.test.junit.AutoTests" name="[278] /home/travis/build/icyphy/ptII/ptolemy/actor/lib/test/auto/PublisherSubscriber10InitialOutputs.xml (RunModel)" time="0.022" />
  <testcase classname="ptolemy.util.test.junit.AutoTests" name="[279] /home/travis/build/icyphy/ptII/ptolemy/actor/lib/test/auto/PublisherSubscriber11.xml (RunModel)" time="0.019" />
  <testcase classname="ptolemy.util.test.junit.AutoTests" name="[280] /home/travis/build/icyphy/ptII/ptolemy/actor/lib/test/auto/PublisherSubscriber12.xml (RunModel)" time="0.014" />
  <testcase classname="ptolemy.util.test.junit.AutoTests" name="[281] /home/travis/build/icyphy/ptII/ptolemy/actor/lib/test/auto/PublisherSubscriber13.xml (RunModel)" time="0.012" />
  <testcase classname="ptolemy.util.test.junit.AutoTests" name="[282] /home/travis/build/icyphy/ptII/ptolemy/actor/lib/test/auto/PublisherSubscriber14.xml (RunModel)" time="0.02" />
  <testcase classname="ptolemy.util.test.junit.AutoTests" name="[283] /home/travis/build/icyphy/ptII/ptolemy/actor/lib/test/auto/PublisherSubscriber2.xml (RunModel)" time="0.011" />
  <testcase classname="ptolemy.util.test.junit.AutoTests" name="[284] /home/travis/build/icyphy/ptII/ptolemy/actor/lib/test/auto/PublisherSubscriber3.xml (RunModel)" time="0.011" />
  <testcase classname="ptolemy.util.test.junit.AutoTests" name="[285] /home/travis/build/icyphy/ptII/ptolemy/actor/lib/test/auto/PublisherSubscriber4.xml (RunModel)" time="0.01" />
  <testcase classname="ptolemy.util.test.junit.AutoTests" name="[286] /home/travis/build/icyphy/ptII/ptolemy/actor/lib/test/auto/PublisherSubscriber5.xml (RunModel)" time="0.015" />
  <testcase classname="ptolemy.util.test.junit.AutoTests" name="[287] /home/travis/build/icyphy/ptII/ptolemy/actor/lib/test/auto/PublisherSubscriber6.xml (RunModel)" time="0.015" />
  <testcase classname="ptolemy.util.test.junit.AutoTests" name="[288] /home/travis/build/icyphy/ptII/ptolemy/actor/lib/test/auto/PublisherSubscriber7.xml (RunModel)" time="0.016" />
  <testcase classname="ptolemy.util.test.junit.AutoTests" name="[289] /home/travis/build/icyphy/ptII/ptolemy/actor/lib/test/auto/PublisherSubscriber8.xml (RunModel)" time="0.026" />
  <testcase classname="ptolemy.util.test.junit.AutoTests" name="[290] /home/travis/build/icyphy/ptII/ptolemy/actor/lib/test/auto/PublisherSubscriber9.xml (RunModel)" time="0.029" />
  <testcase classname="ptolemy.util.test.junit.AutoTests" name="[291] /home/travis/build/icyphy/ptII/ptolemy/actor/lib/test/auto/PublisherSubscriberAdjacent.xml (RunModel)" time="0.019" />
  <testcase classname="ptolemy.util.test.junit.AutoTests" name="[292] /home/travis/build/icyphy/ptII/ptolemy/actor/lib/test/auto/PublisherSubscriberChannelVariablesAOC2.xml (RunModel)" time="0.03" />
  <testcase classname="ptolemy.util.test.junit.AutoTests" name="[293] /home/travis/build/icyphy/ptII/ptolemy/actor/lib/test/auto/PublisherSubscriberD3.xml (RunModel)" time="0.016" />
  <testcase classname="ptolemy.util.test.junit.AutoTests" name="[294] /home/travis/build/icyphy/ptII/ptolemy/actor/lib/test/auto/PublisherSubscriberD3Reverse.xml (RunModel)" time="0.024" />
  <testcase classname="ptolemy.util.test.junit.AutoTests" name="[295] /home/travis/build/icyphy/ptII/ptolemy/actor/lib/test/auto/PublisherSubscriberExpression.xml (RunModel)" time="0.022" />
  <testcase classname="ptolemy.util.test.junit.AutoTests" name="[296] /home/travis/build/icyphy/ptII/ptolemy/actor/lib/test/auto/PublisherSubscriberOpaque.xml (RunModel)" time="0.018" />
  <testcase classname="ptolemy.util.test.junit.AutoTests" name="[297] /home/travis/build/icyphy/ptII/ptolemy/actor/lib/test/auto/PublisherSubscriberOpaqueD3.xml (RunModel)" time="0.029" />
  <testcase classname="ptolemy.util.test.junit.AutoTests" name="[298] /home/travis/build/icyphy/ptII/ptolemy/actor/lib/test/auto/PublisherSubscriberOpaqueD3Reverse.xml (RunModel)" time="0.026" />
  <testcase classname="ptolemy.util.test.junit.AutoTests" name="[299] /home/travis/build/icyphy/ptII/ptolemy/actor/lib/test/auto/PublisherSubscriberOpaqueWidthInference.xml (RunModel)" time="0.018" />
  <testcase classname="ptolemy.util.test.junit.AutoTests" name="[300] /home/travis/build/icyphy/ptII/ptolemy/actor/lib/test/auto/PublisherTestSubscriber.xml (RunModel)" time="0.018" />
  <testcase classname="ptolemy.util.test.junit.AutoTests" name="[301] /home/travis/build/icyphy/ptII/ptolemy/actor/lib/test/auto/PublisherToplevelSubscriberPortAOC.xml (RunModel)" time="0.014" />
  <testcase classname="ptolemy.util.test.junit.AutoTests" name="[302] /home/travis/build/icyphy/ptII/ptolemy/actor/lib/test/auto/PulseFiringLimitDE.xml (RunModel)" time="0.018" />
  <testcase classname="ptolemy.util.test.junit.AutoTests" name="[303] /home/travis/build/icyphy/ptII/ptolemy/actor/lib/test/auto/Ramp1.xml (RunModel)" time="0.009" />
  <testcase classname="ptolemy.util.test.junit.AutoTests" name="[304] /home/travis/build/icyphy/ptII/ptolemy/actor/lib/test/auto/RampFiringLimitDE.xml (RunModel)" time="0.032" />
  <testcase classname="ptolemy.util.test.junit.AutoTests" name="[305] /home/travis/build/icyphy/ptII/ptolemy/actor/lib/test/auto/RampFiringLimitSDF.xml (RunModel)" time="0.013" />
  <testcase classname="ptolemy.util.test.junit.AutoTests" name="[306] /home/travis/build/icyphy/ptII/ptolemy/actor/lib/test/auto/RandomInteger.xml (RunModel)" time="0.009" />
  <testcase classname="ptolemy.util.test.junit.AutoTests" name="[307] /home/travis/build/icyphy/ptII/ptolemy/actor/lib/test/auto/ReadFile1.xml (RunModel)" time="0.012" />
  <testcase classname="ptolemy.util.test.junit.AutoTests" name="[308] /home/travis/build/icyphy/ptII/ptolemy/actor/lib/test/auto/ReadFile2.xml (RunModel)" time="0.011" />
  <testcase classname="ptolemy.util.test.junit.AutoTests" name="[309] /home/travis/build/icyphy/ptII/ptolemy/actor/lib/test/auto/Reader.xml (RunModel)" time="0.012" />
  <testcase classname="ptolemy.util.test.junit.AutoTests" name="[310] /home/travis/build/icyphy/ptII/ptolemy/actor/lib/test/auto/RecordAssemblerDisplayNameTest.xml (RunModel)" time="3.94" />
  <testcase classname="ptolemy.util.test.junit.AutoTests" name="[311] /home/travis/build/icyphy/ptII/ptolemy/actor/lib/test/auto/RecordAssemblerTypeError.xml (RunModel)" time="0.037" />
  <testcase classname="ptolemy.util.test.junit.AutoTests" name="[312] /home/travis/build/icyphy/ptII/ptolemy/actor/lib/test/auto/RecordDisassember.xml (RunModel)" time="0.016" />
  <testcase classname="ptolemy.util.test.junit.AutoTests" name="[313] /home/travis/build/icyphy/ptII/ptolemy/actor/lib/test/auto/RecordDisassemberDisplayNameTest.xml (RunModel)" time="0.018" />
  <testcase classname="ptolemy.util.test.junit.AutoTests" name="[314] /home/travis/build/icyphy/ptII/ptolemy/actor/lib/test/auto/RecordDisassembler.xml (RunModel)" time="0.013" />
  <testcase classname="ptolemy.util.test.junit.AutoTests" name="[315] /home/travis/build/icyphy/ptII/ptolemy/actor/lib/test/auto/RecordDisassembler2.xml (RunModel)" time="0.011" />
  <testcase classname="ptolemy.util.test.junit.AutoTests" name="[316] /home/travis/build/icyphy/ptII/ptolemy/actor/lib/test/auto/RecordUpdater.xml (RunModel)" time="0.009" />
  <testcase classname="ptolemy.util.test.junit.AutoTests" name="[317] /home/travis/build/icyphy/ptII/ptolemy/actor/lib/test/auto/RecordUpdater2.xml (RunModel)" time="0.017" />
  <testcase classname="ptolemy.util.test.junit.AutoTests" name="[318] /home/travis/build/icyphy/ptII/ptolemy/actor/lib/test/auto/RecursiveLattice.xml (RunModel)" time="0.01" />
  <testcase classname="ptolemy.util.test.junit.AutoTests" name="[319] /home/travis/build/icyphy/ptII/ptolemy/actor/lib/test/auto/Router.xml (RunModel)" time="3.026" />
  <testcase classname="ptolemy.util.test.junit.AutoTests" name="[320] /home/travis/build/icyphy/ptII/ptolemy/actor/lib/test/auto/Router2.xml (RunModel)" time="3.026" />
  <testcase classname="ptolemy.util.test.junit.AutoTests" name="[321] /home/travis/build/icyphy/ptII/ptolemy/actor/lib/test/auto/RunningMaximum.xml (RunModel)" time="0.02" />
  <testcase classname="ptolemy.util.test.junit.AutoTests" name="[322] /home/travis/build/icyphy/ptII/ptolemy/actor/lib/test/auto/RunningMinimum.xml (RunModel)" time="0.012" />
  <testcase classname="ptolemy.util.test.junit.AutoTests" name="[323] /home/travis/build/icyphy/ptII/ptolemy/actor/lib/test/auto/Scale.xml (RunModel)" time="0.009" />
  <testcase classname="ptolemy.util.test.junit.AutoTests" name="[324] /home/travis/build/icyphy/ptII/ptolemy/actor/lib/test/auto/Scale2.xml (RunModel)" time="0.015" />
  <testcase classname="ptolemy.util.test.junit.AutoTests" name="[325] /home/travis/build/icyphy/ptII/ptolemy/actor/lib/test/auto/Scale3.xml (RunModel)" time="0.015" />
  <testcase classname="ptolemy.util.test.junit.AutoTests" name="[326] /home/travis/build/icyphy/ptII/ptolemy/actor/lib/test/auto/ScaleArray.xml (RunModel)" time="0.008" />
  <testcase classname="ptolemy.util.test.junit.AutoTests" name="[327] /home/travis/build/icyphy/ptII/ptolemy/actor/lib/test/auto/ScaleArray2.xml (RunModel)" time="0.01" />
  <testcase classname="ptolemy.util.test.junit.AutoTests" name="[328] /home/travis/build/icyphy/ptII/ptolemy/actor/lib/test/auto/ScaleMatrix.xml (RunModel)" time="0.146" />
  <testcase classname="ptolemy.util.test.junit.AutoTests" name="[329] /home/travis/build/icyphy/ptII/ptolemy/actor/lib/test/auto/Select.xml (RunModel)" time="0.014" />
  <testcase classname="ptolemy.util.test.junit.AutoTests" name="[330] /home/travis/build/icyphy/ptII/ptolemy/actor/lib/test/auto/Select2.xml (RunModel)" time="0.009" />
  <testcase classname="ptolemy.util.test.junit.AutoTests" name="[331] /home/travis/build/icyphy/ptII/ptolemy/actor/lib/test/auto/SequenceToArray2.xml (RunModel)" time="0.127" />
  <testcase classname="ptolemy.util.test.junit.AutoTests" name="[332] /home/travis/build/icyphy/ptII/ptolemy/actor/lib/test/auto/SequentialClock.xml (RunModel)" time="0.01" />
  <testcase classname="ptolemy.util.test.junit.AutoTests" name="[333] /home/travis/build/icyphy/ptII/ptolemy/actor/lib/test/auto/SetVariable.xml (RunModel)" time="0.012" />
  <testcase classname="ptolemy.util.test.junit.AutoTests" name="[334] /home/travis/build/icyphy/ptII/ptolemy/actor/lib/test/auto/SetVariable2.xml (RunModel)" time="0.014" />
  <testcase classname="ptolemy.util.test.junit.AutoTests" name="[335] /home/travis/build/icyphy/ptII/ptolemy/actor/lib/test/auto/SetVariable3.xml (RunModel)" time="0.017" />
  <testcase classname="ptolemy.util.test.junit.AutoTests" name="[336] /home/travis/build/icyphy/ptII/ptolemy/actor/lib/test/auto/SetVariable4.xml (RunModel)" time="0.03" />
  <testcase classname="ptolemy.util.test.junit.AutoTests" name="[337] /home/travis/build/icyphy/ptII/ptolemy/actor/lib/test/auto/SetVariable5.xml (RunModel)" time="0.038" />
  <testcase classname="ptolemy.util.test.junit.AutoTests" name="[338] /home/travis/build/icyphy/ptII/ptolemy/actor/lib/test/auto/Sinewave.xml (RunModel)" time="0.026" />
  <testcase classname="ptolemy.util.test.junit.AutoTests" name="[339] /home/travis/build/icyphy/ptII/ptolemy/actor/lib/test/auto/Sinewave2.xml (RunModel)" time="0.02" />
  <testcase classname="ptolemy.util.test.junit.AutoTests" name="[340] /home/travis/build/icyphy/ptII/ptolemy/actor/lib/test/auto/Sinewave3.xml (RunModel)" time="0.019" />
  <testcase classname="ptolemy.util.test.junit.AutoTests" name="[341] /home/travis/build/icyphy/ptII/ptolemy/actor/lib/test/auto/SingleEvent.xml (RunModel)" time="0.007" />
  <testcase classname="ptolemy.util.test.junit.AutoTests" name="[342] /home/travis/build/icyphy/ptII/ptolemy/actor/lib/test/auto/Sleep.xml (RunModel)" time="6.023" />
  <testcase classname="ptolemy.util.test.junit.AutoTests" name="[343] /home/travis/build/icyphy/ptII/ptolemy/actor/lib/test/auto/SleepMultipleFire.xml (RunModel)" time="1.035" />
  <testcase classname="ptolemy.util.test.junit.AutoTests" name="[344] /home/travis/build/icyphy/ptII/ptolemy/actor/lib/test/auto/StopDE.xml (RunModel)" time="0.016" />
  <testcase classname="ptolemy.util.test.junit.AutoTests" name="[345] /home/travis/build/icyphy/ptII/ptolemy/actor/lib/test/auto/StopSDF.xml (RunModel)" time="0.015" />
  <testcase classname="ptolemy.util.test.junit.AutoTests" name="[346] /home/travis/build/icyphy/ptII/ptolemy/actor/lib/test/auto/StringConstant.xml (RunModel)" time="0.007" />
  <testcase classname="ptolemy.util.test.junit.AutoTests" name="[347] /home/travis/build/icyphy/ptII/ptolemy/actor/lib/test/auto/SubscriberPortInitialValues1.xml (RunModel)" time="0.022" />
  <testcase classname="ptolemy.util.test.junit.AutoTests" name="[348] /home/travis/build/icyphy/ptII/ptolemy/actor/lib/test/auto/SubscriberPortInitialValues13.xml (RunModel)" time="0.022" />
  <testcase classname="ptolemy.util.test.junit.AutoTests" name="[349] /home/travis/build/icyphy/ptII/ptolemy/actor/lib/test/auto/SubscriberPortInitialValues14.xml (RunModel)" time="0.015" />
  <testcase classname="ptolemy.util.test.junit.AutoTests" name="[350] /home/travis/build/icyphy/ptII/ptolemy/actor/lib/test/auto/SubscriberPortInitialValues2.xml (RunModel)" time="0.011" />
  <testcase classname="ptolemy.util.test.junit.AutoTests" name="[351] /home/travis/build/icyphy/ptII/ptolemy/actor/lib/test/auto/SubscriberPortInitialValues3.xml (RunModel)" time="0.013" />
  <testcase classname="ptolemy.util.test.junit.AutoTests" name="[352] /home/travis/build/icyphy/ptII/ptolemy/actor/lib/test/auto/SubscriptionAggregator.xml (RunModel)" time="0.01" />
  <testcase classname="ptolemy.util.test.junit.AutoTests" name="[353] /home/travis/build/icyphy/ptII/ptolemy/actor/lib/test/auto/SubscriptionAggregator2.xml (RunModel)" time="0.014" />
  <testcase classname="ptolemy.util.test.junit.AutoTests" name="[354] /home/travis/build/icyphy/ptII/ptolemy/actor/lib/test/auto/SubscriptionAggregator3.xml (RunModel)" time="0.018" />
  <testcase classname="ptolemy.util.test.junit.AutoTests" name="[355] /home/travis/build/icyphy/ptII/ptolemy/actor/lib/test/auto/SubscriptionAggregatorMultiply.xml (RunModel)" time="0.018" />
  <testcase classname="ptolemy.util.test.junit.AutoTests" name="[356] /home/travis/build/icyphy/ptII/ptolemy/actor/lib/test/auto/SubscriptionAggregatorPortMultiply1.xml (RunModel)" time="0.018" />
  <testcase classname="ptolemy.util.test.junit.AutoTests" name="[357] /home/travis/build/icyphy/ptII/ptolemy/actor/lib/test/auto/Switch.xml (RunModel)" time="0.016" />
  <testcase classname="ptolemy.util.test.junit.AutoTests" name="[358] /home/travis/build/icyphy/ptII/ptolemy/actor/lib/test/auto/Switch2.xml (RunModel)" time="0.012" />
  <testcase classname="ptolemy.util.test.junit.AutoTests" name="[359] /home/travis/build/icyphy/ptII/ptolemy/actor/lib/test/auto/SwitchDE.xml (RunModel)" time="0.015" />
  <testcase classname="ptolemy.util.test.junit.AutoTests" name="[360] /home/travis/build/icyphy/ptII/ptolemy/actor/lib/test/auto/SynchronizerDE.xml (RunModel)" time="0.026" />
  <testcase classname="ptolemy.util.test.junit.AutoTests" name="[361] /home/travis/build/icyphy/ptII/ptolemy/actor/lib/test/auto/Test.xml (RunModel)" time="0.012" />
  <testcase classname="ptolemy.util.test.junit.AutoTests" name="[362] /home/travis/build/icyphy/ptII/ptolemy/actor/lib/test/auto/TestExceptionAttribute1.xml (RunModel)" time="0.007" />
  <testcase classname="ptolemy.util.test.junit.AutoTests" name="[363] /home/travis/build/icyphy/ptII/ptolemy/actor/lib/test/auto/TestExceptionAttribute2.xml (RunModel)" time="0.007" />
  <testcase classname="ptolemy.util.test.junit.AutoTests" name="[364] /home/travis/build/icyphy/ptII/ptolemy/actor/lib/test/auto/TestExceptionAttribute3.xml (RunModel)" time="0.007" />
  <testcase classname="ptolemy.util.test.junit.AutoTests" name="[365] /home/travis/build/icyphy/ptII/ptolemy/actor/lib/test/auto/TestExceptionAttribute4.xml (RunModel)" time="0.008" />
  <testcase classname="ptolemy.util.test.junit.AutoTests" name="[366] /home/travis/build/icyphy/ptII/ptolemy/actor/lib/test/auto/TestExceptionHandler1.xml (RunModel)" time="0.007" />
  <testcase classname="ptolemy.util.test.junit.AutoTests" name="[367] /home/travis/build/icyphy/ptII/ptolemy/actor/lib/test/auto/TestExceptionHandler2.xml (RunModel)" time="0.007" />
  <testcase classname="ptolemy.util.test.junit.AutoTests" name="[368] /home/travis/build/icyphy/ptII/ptolemy/actor/lib/test/auto/TestExceptionHandler3.xml (RunModel)" time="0.007" />
  <testcase classname="ptolemy.util.test.junit.AutoTests" name="[369] /home/travis/build/icyphy/ptII/ptolemy/actor/lib/test/auto/TestExceptionHandler4.xml (RunModel)" time="0.008" />
  <testcase classname="ptolemy.util.test.junit.AutoTests" name="[370] /home/travis/build/icyphy/ptII/ptolemy/actor/lib/test/auto/TestRequireCorrectOrder.xml (RunModel)" time="0.012" />
  <testcase classname="ptolemy.util.test.junit.AutoTests" name="[371] /home/travis/build/icyphy/ptII/ptolemy/actor/lib/test/auto/TestSimple.xml (RunModel)" time="0.008" />
  <testcase classname="ptolemy.util.test.junit.AutoTests" name="[372] /home/travis/build/icyphy/ptII/ptolemy/actor/lib/test/auto/ThrowModelError.xml (RunModel)" time="0.013" />
  <testcase classname="ptolemy.util.test.junit.AutoTests" name="[373] /home/travis/build/icyphy/ptII/ptolemy/actor/lib/test/auto/TimeDelayMicrosteps.xml (RunModel)" time="0.02" />
  <testcase classname="ptolemy.util.test.junit.AutoTests" name="[374] /home/travis/build/icyphy/ptII/ptolemy/actor/lib/test/auto/TimeDelayMicrosteps2.xml (RunModel)" time="0.019" />
  <testcase classname="ptolemy.util.test.junit.AutoTests" name="[375] /home/travis/build/icyphy/ptII/ptolemy/actor/lib/test/auto/TimeDelayMicrosteps3.xml (RunModel)" time="0.015" />
  <testcase classname="ptolemy.util.test.junit.AutoTests" name="[376] /home/travis/build/icyphy/ptII/ptolemy/actor/lib/test/auto/TimeDelayVariableMicrosteps.xml (RunModel)" time="0.016" />
  <testcase classname="ptolemy.util.test.junit.AutoTests" name="[377] /home/travis/build/icyphy/ptII/ptolemy/actor/lib/test/auto/TimeGap.xml (RunModel)" time="0.015" />
  <testcase classname="ptolemy.util.test.junit.AutoTests" name="[378] /home/travis/build/icyphy/ptII/ptolemy/actor/lib/test/auto/TimeGap2.xml (RunModel)" time="0.014" />
  <testcase classname="ptolemy.util.test.junit.AutoTests" name="[379] /home/travis/build/icyphy/ptII/ptolemy/actor/lib/test/auto/TimedSinewave.xml (RunModel)" time="0.052" />
  <testcase classname="ptolemy.util.test.junit.AutoTests" name="[380] /home/travis/build/icyphy/ptII/ptolemy/actor/lib/test/auto/TimedSinewavePhase.xml (RunModel)" time="0.059" />
  <testcase classname="ptolemy.util.test.junit.AutoTests" name="[381] /home/travis/build/icyphy/ptII/ptolemy/actor/lib/test/auto/Timer.xml (RunModel)" time="0.013" />
  <testcase classname="ptolemy.util.test.junit.AutoTests" name="[382] /home/travis/build/icyphy/ptII/ptolemy/actor/lib/test/auto/TriangularDistTestModel.xml (RunModel)" time="0.016" />
  <testcase classname="ptolemy.util.test.junit.AutoTests" name="[383] /home/travis/build/icyphy/ptII/ptolemy/actor/lib/test/auto/TrigFunction.xml (RunModel)" time="0.011" />
  <testcase classname="ptolemy.util.test.junit.AutoTests" name="[384] /home/travis/build/icyphy/ptII/ptolemy/actor/lib/test/auto/TrigFunctionDE.xml (RunModel)" time="0.014" />
  <testcase classname="ptolemy.util.test.junit.AutoTests" name="[385] /home/travis/build/icyphy/ptII/ptolemy/actor/lib/test/auto/TrigFunctionInverse.xml (RunModel)" time="0.012" />
  <testcase classname="ptolemy.util.test.junit.AutoTests" name="[386] /home/travis/build/icyphy/ptII/ptolemy/actor/lib/test/auto/TrigFunctionTan.xml (RunModel)" time="0.008" />
  <testcase classname="ptolemy.util.test.junit.AutoTests" name="[387] /home/travis/build/icyphy/ptII/ptolemy/actor/lib/test/auto/TriggeredClock.xml (RunModel)" time="0.011" />
  <testcase classname="ptolemy.util.test.junit.AutoTests" name="[388] /home/travis/build/icyphy/ptII/ptolemy/actor/lib/test/auto/URLDirectoryReader.xml (RunModel)" time="0.092" />
  <testcase classname="ptolemy.util.test.junit.AutoTests" name="[389] /home/travis/build/icyphy/ptII/ptolemy/actor/lib/test/auto/URLDirectoryReader3.xml (RunModel)" time="1.351" />
  <testcase classname="ptolemy.util.test.junit.AutoTests" name="[390] /home/travis/build/icyphy/ptII/ptolemy/actor/lib/test/auto/UnaryMathFunction.xml (RunModel)" time="0.034" />
  <testcase classname="ptolemy.util.test.junit.AutoTests" name="[391] /home/travis/build/icyphy/ptII/ptolemy/actor/lib/test/auto/Uniform.xml (RunModel)" time="0.036" />
  <testcase classname="ptolemy.util.test.junit.AutoTests" name="[392] /home/travis/build/icyphy/ptII/ptolemy/actor/lib/test/auto/UnionDisassemblerTest.xml (RunModel)" time="0.019" />
  <testcase classname="ptolemy.util.test.junit.AutoTests" name="[393] /home/travis/build/icyphy/ptII/ptolemy/actor/lib/test/auto/UtilityFunctions.xml (RunModel)" time="0.033" />
  <testcase classname="ptolemy.util.test.junit.AutoTests" name="[394] /home/travis/build/icyphy/ptII/ptolemy/actor/lib/test/auto/VariableSleep.xml (RunModel)" time="0.55" />
  <testcase classname="ptolemy.util.test.junit.AutoTests" name="[395] /home/travis/build/icyphy/ptII/ptolemy/actor/lib/test/auto/VectorAssemblerDisassemblerCT.xml (RunModel)" time="0.132" />
  <testcase classname="ptolemy.util.test.junit.AutoTests" name="[396] /home/travis/build/icyphy/ptII/ptolemy/actor/lib/test/auto/VectorAssemblerDisassemblerDE.xml (RunModel)" time="0.015" />
  <testcase classname="ptolemy.util.test.junit.AutoTests" name="[397] /home/travis/build/icyphy/ptII/ptolemy/actor/lib/test/auto/VectorAssemblerDisassemblerSDF.xml (RunModel)" time="0.014" />
  <testcase classname="ptolemy.util.test.junit.AutoTests" name="[398] /home/travis/build/icyphy/ptII/ptolemy/actor/lib/test/auto/WallClockTime.xml (RunModel)" time="1.014" />
  <testcase classname="ptolemy.util.test.junit.AutoTests" name="[399] /home/travis/build/icyphy/ptII/ptolemy/actor/lib/test/auto/WidthTestWithSubscriberPublisher.xml (RunModel)" time="0.048" />
  <testcase classname="ptolemy.util.test.junit.AutoTests" name="[400] /home/travis/build/icyphy/ptII/ptolemy/actor/lib/test/auto/WidthTestWithSubscriberPublisher2.xml (RunModel)" time="0.015" />
  <testcase classname="ptolemy.util.test.junit.AutoTests" name="[401] /home/travis/build/icyphy/ptII/ptolemy/actor/lib/test/auto/WidthTestWithSubscriberPublisher3.xml (RunModel)" time="0.028" />
  <testcase classname="ptolemy.util.test.junit.AutoTests" name="[402] /home/travis/build/icyphy/ptII/ptolemy/actor/lib/test/auto/Writer.xml (RunModel)" time="0.008" />
  <testcase classname="ptolemy.util.test.junit.AutoTests" name="[403] /home/travis/build/icyphy/ptII/ptolemy/actor/lib/test/auto/array.xml (RunModel)" time="0.009" />
  <testcase classname="ptolemy.util.test.junit.AutoTests" name="[404] /home/travis/build/icyphy/ptII/ptolemy/actor/lib/test/auto/array2.xml (RunModel)" time="0.01" />
  <testcase classname="ptolemy.util.test.junit.AutoTests" name="[405] /home/travis/build/icyphy/ptII/ptolemy/actor/lib/test/auto/arrayType.xml (RunModel)" time="0.017" />
  <testcase classname="ptolemy.util.test.junit.AutoTests" name="[406] /home/travis/build/icyphy/ptII/ptolemy/actor/lib/test/auto/arrayType10.xml (RunModel)" time="0.01" />
  <testcase classname="ptolemy.util.test.junit.AutoTests" name="[407] /home/travis/build/icyphy/ptII/ptolemy/actor/lib/test/auto/arrayType11.xml (RunModel)" time="0.009" />
  <testcase classname="ptolemy.util.test.junit.AutoTests" name="[408] /home/travis/build/icyphy/ptII/ptolemy/actor/lib/test/auto/arrayType12.xml (RunModel)" time="0.01" />
  <testcase classname="ptolemy.util.test.junit.AutoTests" name="[409] /home/travis/build/icyphy/ptII/ptolemy/actor/lib/test/auto/arrayType13.xml (RunModel)" time="0.009" />
  <testcase classname="ptolemy.util.test.junit.AutoTests" name="[410] /home/travis/build/icyphy/ptII/ptolemy/actor/lib/test/auto/arrayType14.xml (RunModel)" time="0.017" />
  <testcase classname="ptolemy.util.test.junit.AutoTests" name="[411] /home/travis/build/icyphy/ptII/ptolemy/actor/lib/test/auto/arrayType15.xml (RunModel)" time="0.013" />
  <testcase classname="ptolemy.util.test.junit.AutoTests" name="[412] /home/travis/build/icyphy/ptII/ptolemy/actor/lib/test/auto/arrayType16.xml (RunModel)" time="0.01" />
  <testcase classname="ptolemy.util.test.junit.AutoTests" name="[413] /home/travis/build/icyphy/ptII/ptolemy/actor/lib/test/auto/arrayType17.xml (RunModel)" time="0.01" />
  <testcase classname="ptolemy.util.test.junit.AutoTests" name="[414] /home/travis/build/icyphy/ptII/ptolemy/actor/lib/test/auto/arrayType18.xml (RunModel)" time="0.009" />
  <testcase classname="ptolemy.util.test.junit.AutoTests" name="[415] /home/travis/build/icyphy/ptII/ptolemy/actor/lib/test/auto/arrayType19.xml (RunModel)" time="0.008" />
  <testcase classname="ptolemy.util.test.junit.AutoTests" name="[416] /home/travis/build/icyphy/ptII/ptolemy/actor/lib/test/auto/arrayType2.xml (RunModel)" time="0.013" />
  <testcase classname="ptolemy.util.test.junit.AutoTests" name="[417] /home/travis/build/icyphy/ptII/ptolemy/actor/lib/test/auto/arrayType20.xml (RunModel)" time="0.01" />
  <testcase classname="ptolemy.util.test.junit.AutoTests" name="[418] /home/travis/build/icyphy/ptII/ptolemy/actor/lib/test/auto/arrayType21.xml (RunModel)" time="0.01" />
  <testcase classname="ptolemy.util.test.junit.AutoTests" name="[419] /home/travis/build/icyphy/ptII/ptolemy/actor/lib/test/auto/arrayType22.xml (RunModel)" time="0.009" />
  <testcase classname="ptolemy.util.test.junit.AutoTests" name="[420] /home/travis/build/icyphy/ptII/ptolemy/actor/lib/test/auto/arrayType23.xml (RunModel)" time="0.009" />
  <testcase classname="ptolemy.util.test.junit.AutoTests" name="[421] /home/travis/build/icyphy/ptII/ptolemy/actor/lib/test/auto/arrayType24.xml (RunModel)" time="0.01" />
  <testcase classname="ptolemy.util.test.junit.AutoTests" name="[422] /home/travis/build/icyphy/ptII/ptolemy/actor/lib/test/auto/arrayType25.xml (RunModel)" time="0.014" />
  <testcase classname="ptolemy.util.test.junit.AutoTests" name="[423] /home/travis/build/icyphy/ptII/ptolemy/actor/lib/test/auto/arrayType26.xml (RunModel)" time="0.012" />
  <testcase classname="ptolemy.util.test.junit.AutoTests" name="[424] /home/travis/build/icyphy/ptII/ptolemy/actor/lib/test/auto/arrayType27.xml (RunModel)" time="0.01" />
  <testcase classname="ptolemy.util.test.junit.AutoTests" name="[425] /home/travis/build/icyphy/ptII/ptolemy/actor/lib/test/auto/arrayType28.xml (RunModel)" time="0.01" />
  <testcase classname="ptolemy.util.test.junit.AutoTests" name="[426] /home/travis/build/icyphy/ptII/ptolemy/actor/lib/test/auto/arrayType3.xml (RunModel)" time="0.01" />
  <testcase classname="ptolemy.util.test.junit.AutoTests" name="[427] /home/travis/build/icyphy/ptII/ptolemy/actor/lib/test/auto/arrayType4.xml (RunModel)" time="0.01" />
  <testcase classname="ptolemy.util.test.junit.AutoTests" name="[428] /home/travis/build/icyphy/ptII/ptolemy/actor/lib/test/auto/arrayType5.xml (RunModel)" time="0.009" />
  <testcase classname="ptolemy.util.test.junit.AutoTests" name="[429] /home/travis/build/icyphy/ptII/ptolemy/actor/lib/test/auto/arrayType6.xml (RunModel)" time="0.009" />
  <testcase classname="ptolemy.util.test.junit.AutoTests" name="[430] /home/travis/build/icyphy/ptII/ptolemy/actor/lib/test/auto/arrayType7.xml (RunModel)" time="0.011" />
  <testcase classname="ptolemy.util.test.junit.AutoTests" name="[431] /home/travis/build/icyphy/ptII/ptolemy/actor/lib/test/auto/arrayType8.xml (RunModel)" time="0.011" />
  <testcase classname="ptolemy.util.test.junit.AutoTests" name="[432] /home/travis/build/icyphy/ptII/ptolemy/actor/lib/test/auto/arrayType9.xml (RunModel)" time="0.009" />
  <testcase classname="ptolemy.util.test.junit.AutoTests" name="[433] /home/travis/build/icyphy/ptII/ptolemy/actor/lib/test/auto/cast.xml (RunModel)" time="0.013" />
  <testcase classname="ptolemy.util.test.junit.AutoTests" name="[434] /home/travis/build/icyphy/ptII/ptolemy/actor/lib/test/auto/compositeMultiPort.xml (RunModel)" time="0.02" />
  <testcase classname="ptolemy.util.test.junit.AutoTests" name="[435] /home/travis/build/icyphy/ptII/ptolemy/actor/lib/test/auto/expressionCastInference.xml (RunModel)" time="0.016" />
  <testcase classname="ptolemy.util.test.junit.AutoTests" name="[436] /home/travis/build/icyphy/ptII/ptolemy/actor/lib/test/auto/expressionCastInference2.xml (RunModel)" time="0.009" />
  <testcase classname="ptolemy.util.test.junit.AutoTests" name="[437] /home/travis/build/icyphy/ptII/ptolemy/actor/lib/test/auto/expressionInference.xml (RunModel)" time="0.007" />
  <testcase classname="ptolemy.util.test.junit.AutoTests" name="[438] /home/travis/build/icyphy/ptII/ptolemy/actor/lib/test/auto/expression_bug.xml (RunModel)" time="0.008" />
  <testcase classname="ptolemy.util.test.junit.AutoTests" name="[439] /home/travis/build/icyphy/ptII/ptolemy/actor/lib/test/auto/factorial.xml (RunModel)" time="0.055" />
  <testcase classname="ptolemy.util.test.junit.AutoTests" name="[440] /home/travis/build/icyphy/ptII/ptolemy/actor/lib/test/auto/filterTest1.xml (RunModel)" time="0.016" />
  <testcase classname="ptolemy.util.test.junit.AutoTests" name="[441] /home/travis/build/icyphy/ptII/ptolemy/actor/lib/test/auto/funcApplyInConst.xml (RunModel)" time="0.006" />
  <testcase classname="ptolemy.util.test.junit.AutoTests" name="[442] /home/travis/build/icyphy/ptII/ptolemy/actor/lib/test/auto/funcApplyInExpr.xml (RunModel)" time="0.007" />
  <testcase classname="ptolemy.util.test.junit.AutoTests" name="[443] /home/travis/build/icyphy/ptII/ptolemy/actor/lib/test/auto/function.xml (RunModel)" time="0.01" />
  <testcase classname="ptolemy.util.test.junit.AutoTests" name="[444] /home/travis/build/icyphy/ptII/ptolemy/actor/lib/test/auto/function2.xml (RunModel)" time="0.025" />
  <testcase classname="ptolemy.util.test.junit.AutoTests" name="[445] /home/travis/build/icyphy/ptII/ptolemy/actor/lib/test/auto/function3.xml (RunModel)" time="0.014" />
  <testcase classname="ptolemy.util.test.junit.AutoTests" name="[446] /home/travis/build/icyphy/ptII/ptolemy/actor/lib/test/auto/functionClosureTest1.xml (RunModel)" time="0.016" />
  <testcase classname="ptolemy.util.test.junit.AutoTests" name="[447] /home/travis/build/icyphy/ptII/ptolemy/actor/lib/test/auto/functionClosureTest2.xml (RunModel)" time="0.007" />
  <testcase classname="ptolemy.util.test.junit.AutoTests" name="[448] /home/travis/build/icyphy/ptII/ptolemy/actor/lib/test/auto/functionClosureTest3.xml (RunModel)" time="0.01" />
  <testcase classname="ptolemy.util.test.junit.AutoTests" name="[449] /home/travis/build/icyphy/ptII/ptolemy/actor/lib/test/auto/functionClosureTest4.xml (RunModel)" time="0.014" />
  <testcase classname="ptolemy.util.test.junit.AutoTests" name="[450] /home/travis/build/icyphy/ptII/ptolemy/actor/lib/test/auto/functionClosureTest5.xml (RunModel)" time="0.012" />
  <testcase classname="ptolemy.util.test.junit.AutoTests" name="[451] /home/travis/build/icyphy/ptII/ptolemy/actor/lib/test/auto/functionClosureTest6.xml (RunModel)" time="0.009" />
  <testcase classname="ptolemy.util.test.junit.AutoTests" name="[452] /home/travis/build/icyphy/ptII/ptolemy/actor/lib/test/auto/functionsOnArcs.xml (RunModel)" time="0.011" />
  <testcase classname="ptolemy.util.test.junit.AutoTests" name="[453] /home/travis/build/icyphy/ptII/ptolemy/actor/lib/test/auto/functionsOnArcsHOF.xml (RunModel)" time="0.013" />
  <testcase classname="ptolemy.util.test.junit.AutoTests" name="[454] /home/travis/build/icyphy/ptII/ptolemy/actor/lib/test/auto/logic.xml (RunModel)" time="0.017" />
  <testcase classname="ptolemy.util.test.junit.AutoTests" name="[455] /home/travis/build/icyphy/ptII/ptolemy/actor/lib/test/auto/matrixType.xml (RunModel)" time="0.01" />
  <testcase classname="ptolemy.util.test.junit.AutoTests" name="[456] /home/travis/build/icyphy/ptII/ptolemy/actor/lib/test/auto/matrixType10.xml (RunModel)" time="0.01" />
  <testcase classname="ptolemy.util.test.junit.AutoTests" name="[457] /home/travis/build/icyphy/ptII/ptolemy/actor/lib/test/auto/matrixType11.xml (RunModel)" time="0.009" />
  <testcase classname="ptolemy.util.test.junit.AutoTests" name="[458] /home/travis/build/icyphy/ptII/ptolemy/actor/lib/test/auto/matrixType12.xml (RunModel)" time="0.009" />
  <testcase classname="ptolemy.util.test.junit.AutoTests" name="[459] /home/travis/build/icyphy/ptII/ptolemy/actor/lib/test/auto/matrixType13.xml (RunModel)" time="0.008" />
  <testcase classname="ptolemy.util.test.junit.AutoTests" name="[460] /home/travis/build/icyphy/ptII/ptolemy/actor/lib/test/auto/matrixType14.xml (RunModel)" time="0.01" />
  <testcase classname="ptolemy.util.test.junit.AutoTests" name="[461] /home/travis/build/icyphy/ptII/ptolemy/actor/lib/test/auto/matrixType2.xml (RunModel)" time="0.01" />
  <testcase classname="ptolemy.util.test.junit.AutoTests" name="[462] /home/travis/build/icyphy/ptII/ptolemy/actor/lib/test/auto/matrixType3.xml (RunModel)" time="0.009" />
  <testcase classname="ptolemy.util.test.junit.AutoTests" name="[463] /home/travis/build/icyphy/ptII/ptolemy/actor/lib/test/auto/matrixType4.xml (RunModel)" time="0.01" />
  <testcase classname="ptolemy.util.test.junit.AutoTests" name="[464] /home/travis/build/icyphy/ptII/ptolemy/actor/lib/test/auto/matrixType5.xml (RunModel)" time="0.009" />
  <testcase classname="ptolemy.util.test.junit.AutoTests" name="[465] /home/travis/build/icyphy/ptII/ptolemy/actor/lib/test/auto/matrixType6.xml (RunModel)" time="0.009" />
  <testcase classname="ptolemy.util.test.junit.AutoTests" name="[466] /home/travis/build/icyphy/ptII/ptolemy/actor/lib/test/auto/matrixType7.xml (RunModel)" time="0.008" />
  <testcase classname="ptolemy.util.test.junit.AutoTests" name="[467] /home/travis/build/icyphy/ptII/ptolemy/actor/lib/test/auto/matrixType8.xml (RunModel)" time="0.01" />
  <testcase classname="ptolemy.util.test.junit.AutoTests" name="[468] /home/travis/build/icyphy/ptII/ptolemy/actor/lib/test/auto/matrixType9.xml (RunModel)" time="0.009" />
  <testcase classname="ptolemy.util.test.junit.AutoTests" name="[469] /home/travis/build/icyphy/ptII/ptolemy/actor/lib/test/auto/paraFunctest.xml (RunModel)" time="0.008" />
  <testcase classname="ptolemy.util.test.junit.AutoTests" name="[470] /home/travis/build/icyphy/ptII/ptolemy/actor/lib/test/auto/paraFunctest2.xml (RunModel)" time="0.008" />
  <testcase classname="ptolemy.util.test.junit.AutoTests" name="[471] /home/travis/build/icyphy/ptII/ptolemy/actor/lib/test/auto/parameterPassing.xml (RunModel)" time="0.008" />
  <testcase classname="ptolemy.util.test.junit.AutoTests" name="[472] /home/travis/build/icyphy/ptII/ptolemy/actor/lib/test/auto/record.xml (RunModel)" time="0.009" />
  <testcase classname="ptolemy.util.test.junit.AutoTests" name="[473] /home/travis/build/icyphy/ptII/ptolemy/actor/lib/test/auto/sizedarray1.xml (RunModel)" time="0.009" />
  <testcase classname="ptolemy.util.test.junit.AutoTests" name="[474] /home/travis/build/icyphy/ptII/ptolemy/actor/lib/test/auto/sizedarray2.xml (RunModel)" time="0.011" />
  <testcase classname="ptolemy.util.test.junit.AutoTests" name="[475] /home/travis/build/icyphy/ptII/ptolemy/actor/lib/test/auto/twoPublishers.xml (RunModel)" time="0.021" />
  <system-out><![CDATA[/home/travis/build/icyphy/ptII/ptolemy/actor/lib/test/AbsoluteValue.tcl
testDefs.tcl: setting time out to 9000 seconds at Sun Sep 23 02:11:34 UTC 2018
75 ms. Memory: 116224K Free: 106772K (92%)
5 ms. Memory: 116224K Free: 105577K (91%)
4 ms. Memory: 116224K Free: 104382K (90%)
5 ms. Memory: 116224K Free: 103776K (89%)
/home/travis/build/icyphy/ptII/ptolemy/actor/lib/test/AddSubtract.tcl
9 ms. Memory: 116224K Free: 101990K (88%)
6 ms. Memory: 116224K Free: 100794K (87%)
6 ms. Memory: 116224K Free: 100205K (86%)
7 ms. Memory: 116224K Free: 99599K (86%)
6 ms. Memory: 116224K Free: 98420K (85%)
5 ms. Memory: 116224K Free: 97831K (84%)
/home/travis/build/icyphy/ptII/ptolemy/actor/lib/test/Average.tcl
7 ms. Memory: 116224K Free: 96054K (83%)
7 ms. Memory: 116224K Free: 94834K (82%)
/home/travis/build/icyphy/ptII/ptolemy/actor/lib/test/Bernoulli.tcl
5 ms. Memory: 116224K Free: 93026K (80%)
2 ms. Memory: 116224K Free: 93026K (80%)
/home/travis/build/icyphy/ptII/ptolemy/actor/lib/test/Clock.tcl
preinitializing
resolving types
initializing
executing number 1
wrapping up
idle
26 ms. Memory: 116224K Free: 90651K (78%)
Completed execution with 5 iterations
preinitializing
resolving types
initializing
executing number 1
wrapping up
idle
9 ms. Memory: 116224K Free: 90046K (77%)
Completed execution with 5 iterations
preinitializing
resolving types
initializing
executing number 1
wrapping up
idle
4 ms. Memory: 116224K Free: 89456K (77%)
Completed execution with 5 iterations
/home/travis/build/icyphy/ptII/ptolemy/actor/lib/test/Commutator.tcl
11 ms. Memory: 116224K Free: 87090K (75%)
7 ms. Memory: 116224K Free: 85855K (74%)
16 ms. Memory: 116224K Free: 81607K (70%)
/home/travis/build/icyphy/ptII/ptolemy/actor/lib/test/Const.tcl
13 ms. Memory: 116224K Free: 110226K (95%)
3 ms. Memory: 116224K Free: 109612K (94%)
4 ms. Memory: 116224K Free: 108998K (94%)
5 ms. Memory: 116224K Free: 108184K (93%)
2 ms. Memory: 116224K Free: 107569K (93%)
24 ms. Memory: 116224K Free: 105160K (90%)
8 ms. Memory: 116224K Free: 104546K (90%)
5 ms. Memory: 116224K Free: 103318K (89%)
/home/travis/build/icyphy/ptII/ptolemy/actor/lib/test/CurrentTime.tcl
preinitializing
resolving types
initializing
executing number 1
wrapping up
idle
11 ms. Memory: 116224K Free: 101499K (87%)
Completed execution with 11 iterations
/home/travis/build/icyphy/ptII/ptolemy/actor/lib/test/DB.tcl
12 ms. Memory: 116224K Free: 99680K (86%)
6 ms. Memory: 116224K Free: 99042K (85%)
2 ms. Memory: 116224K Free: 98403K (85%)
/home/travis/build/icyphy/ptII/ptolemy/actor/lib/test/DiscreteRandomSource.tcl
preinitializing
resolving types
initializing
executing number 1
wrapping up
idle
10 ms. Memory: 116224K Free: 97183K (84%)
Completed execution with 4 iterations
preinitializing
resolving types
initializing
executing number 1
wrapping up
idle
8 ms. Memory: 116224K Free: 96584K (83%)
Completed execution with 4 iterations
preinitializing
resolving types
initializing
executing number 1
wrapping up
idle
2 ms. Memory: 116224K Free: 95986K (83%)
Completed execution with 4 iterations
preinitializing
resolving types
initializing
executing number 1
wrapping up
idle
7 ms. Memory: 116224K Free: 95986K (83%)
Completed execution with 4 iterations
preinitializing
resolving types
initializing
executing number 1
wrapping up
idle
4 ms. Memory: 116224K Free: 95388K (82%)
Completed execution with 4 iterations
/home/travis/build/icyphy/ptII/ptolemy/actor/lib/test/Distributor.tcl
13 ms. Memory: 116224K Free: 93593K (81%)
11 ms. Memory: 116224K Free: 92995K (80%)
StreamChangeRequest.changeExecuted(): <deleteEntity name="rec2"/> succeeded
StreamChangeRequest.changeExecuted(): <deleteRelation name="r2"/> succeeded
StreamChangeRequest.changeExecuted(): Record firings per iteration succeeded
5 ms. Memory: 116224K Free: 90602K (78%)
/home/travis/build/icyphy/ptII/ptolemy/actor/lib/test/Exit.tcl
Exit.tcl: this will print a message about Manager.exitAfterWrapup, which can be ignored.
3 ms. Memory: 116224K Free: 86964K (75%)
/home/travis/build/icyphy/ptII/ptolemy/actor/lib/test/Expression.tcl
12 ms. Memory: 116224K Free: 84506K (73%)
15 ms. Memory: 116224K Free: 83892K (72%)
3 ms. Memory: 116224K Free: 83294K (72%)
preinitializing
resolving types
initializing
executing number 1
wrapping up
idle
6 ms. Memory: 116224K Free: 81499K (70%)
Completed execution with 6 iterations
28 ms. Memory: 116224K Free: 110598K (95%)
9 ms. Memory: 116224K Free: 110010K (95%)
14 ms. Memory: 116224K Free: 108816K (94%)
12 ms. Memory: 116224K Free: 107639K (93%)
8 ms. Memory: 116224K Free: 106461K (92%)
/home/travis/build/icyphy/ptII/ptolemy/actor/lib/test/Gaussian.tcl
4 ms. Memory: 116224K Free: 104694K (90%)
sleeping 1 seconds: ......................................................................................................................................................................................................................................................................................................................................................................................................................................................................................................................................................................................................................................................................................................................................................................................................................................................................................................................................................................................................................................................................................................................................................................................................................................................................................................................................................................................................................................................................................................................................................................................................................................................................................................................................................................................................................................................................................................................................................................................................................................................................................................................................................................................................................................................................................................................................................................................................................................................................................................................................................................................................................................................................................................................................................................................................................................................................................................................................................................................................................................................................................3 ms. Memory: 116224K Free: 91152K (78%)
3 ms. Memory: 116224K Free: 90548K (78%)
2 ms. Memory: 116224K Free: 89959K (77%)
6 ms. Memory: 116224K Free: 89338K (77%)
4 ms. Memory: 116224K Free: 88749K (76%)
/home/travis/build/icyphy/ptII/ptolemy/actor/lib/test/IIR.tcl
/home/travis/build/icyphy/ptII/ptolemy/actor/lib/test/Interpolator.tcl
4 ms. Memory: 116224K Free: 84532K (73%)
2 ms. Memory: 116224K Free: 83943K (72%)
2 ms. Memory: 116224K Free: 83354K (72%)
2 ms. Memory: 116224K Free: 82766K (71%)
3 ms. Memory: 116224K Free: 82177K (71%)
2 ms. Memory: 116224K Free: 81588K (70%)
7 ms. Memory: 116224K Free: 80597K (69%)
3 ms. Memory: 146944K Free: 140506K (96%)
10 ms. Memory: 146944K Free: 139141K (95%)
2 ms. Memory: 146944K Free: 137946K (94%)
/home/travis/build/icyphy/ptII/ptolemy/actor/lib/test/MathFunction.tcl
4 ms. Memory: 146944K Free: 136750K (93%)
2 ms. Memory: 146944K Free: 135555K (92%)
2 ms. Memory: 146944K Free: 134359K (91%)
2 ms. Memory: 146944K Free: 133164K (91%)
6 ms. Memory: 146944K Free: 131968K (90%)
6 ms. Memory: 146944K Free: 129577K (88%)
/home/travis/build/icyphy/ptII/ptolemy/actor/lib/test/Maximum.tcl
7 ms. Memory: 146944K Free: 128382K (87%)
6 ms. Memory: 146944K Free: 127186K (87%)
2 ms. Memory: 146944K Free: 127186K (87%)
2 ms. Memory: 146944K Free: 125991K (86%)
/home/travis/build/icyphy/ptII/ptolemy/actor/lib/test/Minimum.tcl
3 ms. Memory: 146944K Free: 124795K (85%)
2 ms. Memory: 146944K Free: 123600K (84%)
2 ms. Memory: 146944K Free: 122404K (83%)
2 ms. Memory: 146944K Free: 122404K (83%)
/home/travis/build/icyphy/ptII/ptolemy/actor/lib/test/MultiplyDivide.tcl
9 ms. Memory: 146944K Free: 120013K (82%)
7 ms. Memory: 146944K Free: 120013K (82%)
3 ms. Memory: 146944K Free: 118818K (81%)
3 ms. Memory: 146944K Free: 117622K (80%)
2 ms. Memory: 146944K Free: 117622K (80%)
/home/travis/build/icyphy/ptII/ptolemy/actor/lib/test/OrderedMerge.tcl
Connections changed on port: inputA
Connections changed on port: inputB
Connections changed on port: output
Connections changed on port: output
Connections changed on port: output
Connections changed on port: input
.top. Preinitializing ...
Invoking preinitialize():  .top.OrderedMerge
Called preinitialize()
Invoking preinitialize():  .top.Ramp
Called preinitialize()
Invoking preinitialize():  .top.Ramp2
Called preinitialize()
Invoking preinitialize():  .top.Test
Called preinitialize()
Connections changed on port: inputA
Connections changed on port: output
Connections changed on port: inputB
Connections changed on port: output
Connections changed on port: output
Connections changed on port: input
.top. Finished preinitialize().
Called initialize().
Invoking initialize():  .top.OrderedMerge
Initializing actor: .top.OrderedMerge
Adding a thread: .top.OrderedMerge
Invoking initialize():  .top.Ramp
Initializing actor: .top.Ramp
Adding a thread: .top.Ramp
Invoking initialize():  .top.Ramp2
Initializing actor: .top.Ramp2
Adding a thread: .top.Ramp2
Invoking initialize():  .top.Test
Initializing actor: .top.Test
Adding a thread: .top.Test
-- Starting thread.
Called initialize()
Called prefire()
Called fire()
-- Starting thread.
Called initialize()
Called prefire()
Called fire()
Called postfire()
Called prefire()
Called fire()
-- Starting thread.
Called initialize()
Called prefire()
Called fire()
Called postfire()
Called prefire()
Called fire()
Called fire().
Checking for deadlock:
There are 3 Blocked actors, 0 Stopped actors, and 4 active threads.
Waiting for actors to stop.
-- Starting thread.
Called initialize()
Called prefire()
Called fire()
Checking for deadlock:
There are 2 Blocked actors, 0 Stopped actors, and 4 active threads.
Waiting for actors to stop.
Called postfire()
Called prefire()
Called fire()
Checking for deadlock:
There are 3 Blocked actors, 0 Stopped actors, and 4 active threads.
Waiting for actors to stop.
Read input token from inputA with value 0.0
Next port to read input from is inputB
Called postfire()
Called prefire()
Called fire()
Checking for deadlock:
There are 2 Blocked actors, 0 Stopped actors, and 4 active threads.
Waiting for actors to stop.
Called postfire()
Called prefire()
Called fire()
Checking for deadlock:
There are 3 Blocked actors, 0 Stopped actors, and 4 active threads.
Waiting for actors to stop.
Read input token from inputB with value 0.0
Checking for deadlock:
There are 2 Blocked actors, 0 Stopped actors, and 4 active threads.
Waiting for actors to stop.
-- Read input: 0.0, which is expected to match: 0.0
Called prefire()
Called fire()
Checking for deadlock:
There are 3 Blocked actors, 0 Stopped actors, and 4 active threads.
Waiting for actors to stop.
Sent output token with value 0.0
Next port to read input from is inputA
Called postfire()
Called prefire()
Called fire()
Called postfire()
Called prefire()
Called fire()
Checking for deadlock:
There are 3 Blocked actors, 0 Stopped actors, and 4 active threads.
Waiting for actors to stop.
Read input token from inputA with value 1.0
-- Read input: 0.0, which is expected to match: 0.0
Called prefire()
Called fire()
Checking for deadlock:
There are 3 Blocked actors, 0 Stopped actors, and 4 active threads.
Waiting for actors to stop.
Sent output token with value 0.0
Next port to read input from is inputB
Called postfire()
Called prefire()
Called fire()
Checking for deadlock:
There are 2 Blocked actors, 0 Stopped actors, and 4 active threads.
Waiting for actors to stop.
Called postfire()
Called prefire()
Called fire()
Checking for deadlock:
There are 3 Blocked actors, 0 Stopped actors, and 4 active threads.
Waiting for actors to stop.
Read input token from inputB with value 1.5
Checking for deadlock:
There are 2 Blocked actors, 0 Stopped actors, and 4 active threads.
Waiting for actors to stop.
-- Read input: 1.0, which is expected to match: 1.0
Called prefire()
Called fire()
Checking for deadlock:
There are 3 Blocked actors, 0 Stopped actors, and 4 active threads.
Waiting for actors to stop.
Sent output token with value 1.0
Next port to read input from is inputA
Called postfire()
Called prefire()
Called fire()
Called postfire()
Called prefire()
Called fire()
Checking for deadlock:
There are 3 Blocked actors, 0 Stopped actors, and 4 active threads.
Waiting for actors to stop.
Read input token from inputA with value 2.0
-- Read input: 1.5, which is expected to match: 1.5
Called prefire()
Called fire()
Checking for deadlock:
There are 3 Blocked actors, 0 Stopped actors, and 4 active threads.
Waiting for actors to stop.
Sent output token with value 1.5
Next port to read input from is inputB
Called postfire()
Called prefire()
Called fire()
Checking for deadlock:
There are 2 Blocked actors, 0 Stopped actors, and 4 active threads.
Waiting for actors to stop.
Called postfire()
Called prefire()
Called fire()
Checking for deadlock:
There are 3 Blocked actors, 0 Stopped actors, and 4 active threads.
Waiting for actors to stop.
Read input token from inputB with value 3.0
Checking for deadlock:
There are 2 Blocked actors, 0 Stopped actors, and 4 active threads.
Waiting for actors to stop.
-- Read input: 2.0, which is expected to match: 2.0
Called prefire()
Called fire()
Checking for deadlock:
There are 3 Blocked actors, 0 Stopped actors, and 4 active threads.
Waiting for actors to stop.
Sent output token with value 2.0
Next port to read input from is inputA
Called postfire()
Called prefire()
Called fire()
Called postfire()
Called prefire()
Called fire()
Checking for deadlock:
There are 3 Blocked actors, 0 Stopped actors, and 4 active threads.
Waiting for actors to stop.
Read input token from inputA with value 3.0
-- Read input: 3.0, which is expected to match: 3.0
Called prefire()
Called fire()
Checking for deadlock:
There are 3 Blocked actors, 0 Stopped actors, and 4 active threads.
Waiting for actors to stop.
Sent output token with value 3.0
Next port to read input from is inputB
Called postfire()
Called prefire()
Called fire()
Checking for deadlock:
There are 2 Blocked actors, 0 Stopped actors, and 4 active threads.
Waiting for actors to stop.
Called postfire()
Called prefire()
Called fire()
Checking for deadlock:
There are 3 Blocked actors, 0 Stopped actors, and 4 active threads.
Waiting for actors to stop.
Read input token from inputB with value 4.5
Checking for deadlock:
There are 2 Blocked actors, 0 Stopped actors, and 4 active threads.
Waiting for actors to stop.
-- Read input: 3.0, which is expected to match: 3.0
Called prefire()
Called fire()
Checking for deadlock:
There are 3 Blocked actors, 0 Stopped actors, and 4 active threads.
Waiting for actors to stop.
Sent output token with value 3.0
Next port to read input from is inputA
Called postfire()
Called prefire()
Called fire()
Called postfire()
Called prefire()
Called fire()
Checking for deadlock:
There are 3 Blocked actors, 0 Stopped actors, and 4 active threads.
Waiting for actors to stop.
Read input token from inputA with value 4.0
-- Read input: 4.0, which is expected to match: 4.0
Called prefire()
Called fire()
Past the end of training data. Read and discard all inputs.
Checking for deadlock:
There are 3 Blocked actors, 0 Stopped actors, and 4 active threads.
Waiting for actors to stop.
Sent output token with value 4.0
Next port to read input from is inputA
Called postfire()
Called prefire()
Called fire()
Called postfire()
Called prefire()
Called fire()
Checking for deadlock:
There are 3 Blocked actors, 0 Stopped actors, and 4 active threads.
Waiting for actors to stop.
Read input token from inputA with value 5.0
Called prefire()
Called fire()
Past the end of training data. Read and discard all inputs.
Checking for deadlock:
There are 3 Blocked actors, 0 Stopped actors, and 4 active threads.
Waiting for actors to stop.
Sent output token with value 4.5
Next port to read input from is inputB
Called postfire()
Called prefire()
Called fire()
Checking for deadlock:
There are 2 Blocked actors, 0 Stopped actors, and 4 active threads.
Waiting for actors to stop.
Called postfire()
Called prefire()
Called fire()
Checking for deadlock:
There are 3 Blocked actors, 0 Stopped actors, and 4 active threads.
Waiting for actors to stop.
Read input token from inputB with value 6.0
Checking for deadlock:
There are 2 Blocked actors, 0 Stopped actors, and 4 active threads.
Waiting for actors to stop.
Called prefire()
Called fire()
Past the end of training data. Read and discard all inputs.
Checking for deadlock:
There are 3 Blocked actors, 0 Stopped actors, and 4 active threads.
Waiting for actors to stop.
Sent output token with value 5.0
Next port to read input from is inputA
Called postfire()
Called prefire()
Called fire()
Called postfire()
Called prefire()
Called fire()
Checking for deadlock:
There are 3 Blocked actors, 0 Stopped actors, and 4 active threads.
Waiting for actors to stop.
Read input token from inputA with value 6.0
Called prefire()
Called fire()
Past the end of training data. Read and discard all inputs.
Checking for deadlock:
There are 3 Blocked actors, 0 Stopped actors, and 4 active threads.
Waiting for actors to stop.
Sent output token with value 6.0
Next port to read input from is inputB
Called postfire()
Called prefire()
Called fire()
Checking for deadlock:
There are 2 Blocked actors, 0 Stopped actors, and 4 active threads.
Waiting for actors to stop.
Called postfire()
Called prefire()
Called fire()
Checking for deadlock:
There are 3 Blocked actors, 0 Stopped actors, and 4 active threads.
Waiting for actors to stop.
Read input token from inputB with value 7.5
Checking for deadlock:
There are 2 Blocked actors, 0 Stopped actors, and 4 active threads.
Waiting for actors to stop.
Called prefire()
Called fire()
Past the end of training data. Read and discard all inputs.
Checking for deadlock:
There are 3 Blocked actors, 0 Stopped actors, and 4 active threads.
Waiting for actors to stop.
Sent output token with value 6.0
Next port to read input from is inputA
Called postfire()
Called prefire()
Called fire()
Called postfire()
Called prefire()
Called fire()
Checking for deadlock:
There are 3 Blocked actors, 0 Stopped actors, and 4 active threads.
Waiting for actors to stop.
Read input token from inputA with value 7.0
Called prefire()
Called fire()
Past the end of training data. Read and discard all inputs.
Checking for deadlock:
There are 3 Blocked actors, 0 Stopped actors, and 4 active threads.
Waiting for actors to stop.
Sent output token with value 7.0
Next port to read input from is inputA
Called postfire()
Called prefire()
Called fire()
-- Thread wrapup() called.
Called wrapup()
Thread .top.Ramp is exiting.
-- Thread stopped.
Checking for deadlock:
There are 2 Blocked actors, 0 Stopped actors, and 3 active threads.
Waiting for actors to stop.
Read input token from inputA with value 8.0
Called prefire()
Called fire()
Past the end of training data. Read and discard all inputs.
Checking for deadlock:
There are 2 Blocked actors, 0 Stopped actors, and 3 active threads.
Waiting for actors to stop.
Sent output token with value 7.5
Next port to read input from is inputB
Called postfire()
Called prefire()
Called fire()
Checking for deadlock:
There are 1 Blocked actors, 0 Stopped actors, and 3 active threads.
Waiting for actors to stop.
Called postfire()
Called prefire()
Called fire()
Checking for deadlock:
There are 2 Blocked actors, 0 Stopped actors, and 3 active threads.
Waiting for actors to stop.
Read input token from inputB with value 9.0
Checking for deadlock:
There are 1 Blocked actors, 0 Stopped actors, and 3 active threads.
Waiting for actors to stop.
Called prefire()
Called fire()
Past the end of training data. Read and discard all inputs.
Checking for deadlock:
There are 2 Blocked actors, 0 Stopped actors, and 3 active threads.
Waiting for actors to stop.
Sent output token with value 8.0
Next port to read input from is inputA
Called postfire()
Called prefire()
Called fire()
Read input token from inputA with value 9.0
Checking for deadlock:
There are 1 Blocked actors, 0 Stopped actors, and 3 active threads.
Waiting for actors to stop.
Called prefire()
Called fire()
Past the end of training data. Read and discard all inputs.
Checking for deadlock:
There are 2 Blocked actors, 0 Stopped actors, and 3 active threads.
Waiting for actors to stop.
Sent output token with value 9.0
Next port to read input from is inputB
Called postfire()
Called prefire()
Called fire()
Checking for deadlock:
There are 1 Blocked actors, 0 Stopped actors, and 3 active threads.
Waiting for actors to stop.
Called postfire()
Called prefire()
Called fire()
Checking for deadlock:
There are 2 Blocked actors, 0 Stopped actors, and 3 active threads.
Waiting for actors to stop.
Read input token from inputB with value 10.5
Checking for deadlock:
There are 1 Blocked actors, 0 Stopped actors, and 3 active threads.
Waiting for actors to stop.
Called prefire()
Called fire()
Past the end of training data. Read and discard all inputs.
Checking for deadlock:
There are 2 Blocked actors, 0 Stopped actors, and 3 active threads.
Waiting for actors to stop.
Sent output token with value 9.0
Next port to read input from is inputA
Called postfire()
Called prefire()
Called fire()
Checking for deadlock:
There are 3 Blocked actors, 0 Stopped actors, and 3 active threads.
Actors have stopped.
Checking for deadlock:
There are 3 Blocked actors, 0 Stopped actors, and 3 active threads.
Deadlock detected.
Resolving Deadlock
Checking for deadlock:
There are 3 Blocked actors, 0 Stopped actors, and 3 active threads.
Artificial Deadlock - increasing queue capacity.
increasing the capacity of receiver ptolemy.actor.TypedIOPort {.top.OrderedMerge.inputB} to 2
Director: Called postfire().
Called postfire().
_stopRequested = false
_stopFireRequested = false
Returning from postfire(): true
Called fire().
Checking for deadlock:
There are 2 Blocked actors, 0 Stopped actors, and 3 active threads.
Waiting for actors to stop.
-- Thread wrapup() called.
Called wrapup()
Thread .top.Ramp2 is exiting.
-- Thread stopped.
Checking for deadlock:
There are 2 Blocked actors, 0 Stopped actors, and 2 active threads.
Actors have stopped.
Checking for deadlock:
There are 2 Blocked actors, 0 Stopped actors, and 2 active threads.
Deadlock detected.
Resolving Deadlock
Checking for deadlock:
There are 2 Blocked actors, 0 Stopped actors, and 2 active threads.
Deadlock detected: no processes blocked on write, but some are blocked on read.
Called postfire().
_stopRequested = false
_stopFireRequested = false
Returning from postfire(): false
Finished deactivating branches.
Called wrapup().
-- Thread wrapup() called.
Called wrapup()
Thread .top.Test is exiting.
-- Thread stopped.
-- Blocked Receiver call threw TerminateProcessException.
-- Thread wrapup() called.
Called wrapup()
Thread .top.OrderedMerge is exiting.
41 ms. Memory: 146944K Free: 112769K (77%)
.top. Preinitializing ...
Invoking preinitialize():  .top.OrderedMerge
Called preinitialize()
Invoking preinitialize():  .top.Ramp
Called preinitialize()
Invoking preinitialize():  .top.Ramp2
Called preinitialize()
Invoking preinitialize():  .top.Test
Called preinitialize()
.top. Finished preinitialize().
Called initialize().
Invoking initialize():  .top.OrderedMerge
Initializing actor: .top.OrderedMerge
Adding a thread: .top.OrderedMerge
Invoking initialize():  .top.Ramp
Initializing actor: .top.Ramp
Adding a thread: .top.Ramp
Invoking initialize():  .top.Ramp2
Initializing actor: .top.Ramp2
Adding a thread: .top.Ramp2
Invoking initialize():  .top.Test
Initializing actor: .top.Test
Adding a thread: .top.Test
-- Thread stopped.
-- Blocked Receiver call threw TerminateProcessException.
-- Starting thread.
Called initialize()
Called prefire()
Called fire()
-- Starting thread.
Called initialize()
Called prefire()
Called fire()
Called postfire()
Called prefire()
Called fire()
-- Starting thread.
Called initialize()
Called prefire()
Called fire()
Called postfire()
Called prefire()
Called fire()
Called fire().
Checking for deadlock:
There are 3 Blocked actors, 0 Stopped actors, and 4 active threads.
Waiting for actors to stop.
-- Starting thread.
Called initialize()
Called prefire()
Called fire()
Checking for deadlock:
There are 2 Blocked actors, 0 Stopped actors, and 4 active threads.
Waiting for actors to stop.
Called postfire()
Called prefire()
Called fire()
Checking for deadlock:
There are 3 Blocked actors, 0 Stopped actors, and 4 active threads.
Waiting for actors to stop.
Read input token from inputA with value 0.0
Next port to read input from is inputB
Called postfire()
Called prefire()
Called fire()
Checking for deadlock:
There are 2 Blocked actors, 0 Stopped actors, and 4 active threads.
Waiting for actors to stop.
Called postfire()
Called prefire()
Called fire()
Checking for deadlock:
There are 3 Blocked actors, 0 Stopped actors, and 4 active threads.
Waiting for actors to stop.
Read input token from inputB with value 0.0
Checking for deadlock:
There are 2 Blocked actors, 0 Stopped actors, and 4 active threads.
Waiting for actors to stop.
-- Read input: 0.0, which is expected to match: 0.0
Called prefire()
Called fire()
Checking for deadlock:
There are 3 Blocked actors, 0 Stopped actors, and 4 active threads.
Waiting for actors to stop.
Sent output token with value 0.0
Next port to read input from is inputA
Called postfire()
Called prefire()
Called fire()
Checking for deadlock:
There are 2 Blocked actors, 0 Stopped actors, and 4 active threads.
Waiting for actors to stop.
Called postfire()
Called prefire()
Called fire()
Checking for deadlock:
There are 3 Blocked actors, 0 Stopped actors, and 4 active threads.
Waiting for actors to stop.
Read input token from inputA with value 1.0
Checking for deadlock:
There are 2 Blocked actors, 0 Stopped actors, and 4 active threads.
Waiting for actors to stop.
-- Read input: 0.0, which is expected to match: 0.0
Called prefire()
Called fire()
Checking for deadlock:
There are 3 Blocked actors, 0 Stopped actors, and 4 active threads.
Waiting for actors to stop.
Sent output token with value 0.0
Next port to read input from is inputB
Called postfire()
Called prefire()
Called fire()
Checking for deadlock:
There are 2 Blocked actors, 0 Stopped actors, and 4 active threads.
Waiting for actors to stop.
Called postfire()
Called prefire()
Called fire()
Checking for deadlock:
There are 3 Blocked actors, 0 Stopped actors, and 4 active threads.
Waiting for actors to stop.
Read input token from inputB with value 1.5
Checking for deadlock:
There are 2 Blocked actors, 0 Stopped actors, and 4 active threads.
Waiting for actors to stop.
-- Read input: 1.0, which is expected to match: 1.0
Called prefire()
Called fire()
Checking for deadlock:
There are 3 Blocked actors, 0 Stopped actors, and 4 active threads.
Waiting for actors to stop.
Sent output token with value 1.0
Next port to read input from is inputA
Called postfire()
Called prefire()
Called fire()
Checking for deadlock:
There are 2 Blocked actors, 0 Stopped actors, and 4 active threads.
Waiting for actors to stop.
Called postfire()
Called prefire()
Called fire()
Checking for deadlock:
There are 3 Blocked actors, 0 Stopped actors, and 4 active threads.
Waiting for actors to stop.
Read input token from inputA with value 2.0
Checking for deadlock:
There are 2 Blocked actors, 0 Stopped actors, and 4 active threads.
Waiting for actors to stop.
-- Read input: 1.5, which is expected to match: 1.5
Sent output token with value 1.5
Called prefire()
Called fire()
Checking for deadlock:
There are 3 Blocked actors, 0 Stopped actors, and 4 active threads.
Waiting for actors to stop.
Next port to read input from is inputB
Called postfire()
Called prefire()
Called fire()
Checking for deadlock:
There are 2 Blocked actors, 0 Stopped actors, and 4 active threads.
Waiting for actors to stop.
Called postfire()
Called prefire()
Called fire()
Read input token from inputB with value 3.0
Sent output token with value 2.0
Next port to read input from is inputA
Called postfire()
Called prefire()
Called fire()
Read input token from inputA with value 3.0
Called postfire()
Called prefire()
Called fire()
-- Read input: 2.0, which is expected to match: 2.0
Called prefire()
Called fire()
Checking for deadlock:
There are 3 Blocked actors, 0 Stopped actors, and 4 active threads.
Waiting for actors to stop.
Checking for deadlock:
There are 2 Blocked actors, 0 Stopped actors, and 4 active threads.
Waiting for actors to stop.
-- Read input: 3.0, which is expected to match: 3.0
Called prefire()
Called fire()
Checking for deadlock:
There are 3 Blocked actors, 0 Stopped actors, and 4 active threads.
Waiting for actors to stop.
Sent output token with value 3.0
Next port to read input from is inputB
Called postfire()
Called prefire()
Called fire()
Checking for deadlock:
There are 2 Blocked actors, 0 Stopped actors, and 4 active threads.
Waiting for actors to stop.
Called postfire()
Called prefire()
Called fire()
Checking for deadlock:
There are 3 Blocked actors, 0 Stopped actors, and 4 active threads.
Waiting for actors to stop.
Read input token from inputB with value 4.5
Checking for deadlock:
There are 2 Blocked actors, 0 Stopped actors, and 4 active threads.
Waiting for actors to stop.
-- Read input: 3.0, which is expected to match: 3.0
Called prefire()
Called fire()
Checking for deadlock:
There are 3 Blocked actors, 0 Stopped actors, and 4 active threads.
Waiting for actors to stop.
Sent output token with value 3.0
Next port to read input from is inputA
Called postfire()
Called prefire()
Called fire()
Called postfire()
Called prefire()
Called fire()
Checking for deadlock:
There are 3 Blocked actors, 0 Stopped actors, and 4 active threads.
Waiting for actors to stop.
Read input token from inputA with value 4.0
-- Read input: 4.0, which is expected to match: 4.0
Called prefire()
Called fire()
Past the end of training data. Read and discard all inputs.
Checking for deadlock:
There are 3 Blocked actors, 0 Stopped actors, and 4 active threads.
Waiting for actors to stop.
Sent output token with value 4.0
Next port to read input from is inputA
Called postfire()
Called prefire()
Called fire()
Called postfire()
Called prefire()
Called fire()
Checking for deadlock:
There are 3 Blocked actors, 0 Stopped actors, and 4 active threads.
Waiting for actors to stop.
Read input token from inputA with value 5.0
Called prefire()
Called fire()
Past the end of training data. Read and discard all inputs.
Checking for deadlock:
There are 3 Blocked actors, 0 Stopped actors, and 4 active threads.
Waiting for actors to stop.
Sent output token with value 4.5
Next port to read input from is inputB
Called postfire()
Called prefire()
Called fire()
Checking for deadlock:
There are 2 Blocked actors, 0 Stopped actors, and 4 active threads.
Waiting for actors to stop.
Called postfire()
Called prefire()
Called fire()
Checking for deadlock:
There are 3 Blocked actors, 0 Stopped actors, and 4 active threads.
Waiting for actors to stop.
Read input token from inputB with value 6.0
Checking for deadlock:
There are 2 Blocked actors, 0 Stopped actors, and 4 active threads.
Waiting for actors to stop.
Called prefire()
Called fire()
Past the end of training data. Read and discard all inputs.
Checking for deadlock:
There are 3 Blocked actors, 0 Stopped actors, and 4 active threads.
Waiting for actors to stop.
Sent output token with value 5.0
Next port to read input from is inputA
Called postfire()
Called prefire()
Called fire()
Called postfire()
Called prefire()
Called fire()
Checking for deadlock:
There are 3 Blocked actors, 0 Stopped actors, and 4 active threads.
Waiting for actors to stop.
Read input token from inputA with value 6.0
Called prefire()
Called fire()
Past the end of training data. Read and discard all inputs.
Checking for deadlock:
There are 3 Blocked actors, 0 Stopped actors, and 4 active threads.
Waiting for actors to stop.
Sent output token with value 6.0
Next port to read input from is inputB
Called postfire()
Called prefire()
Called fire()
Checking for deadlock:
There are 2 Blocked actors, 0 Stopped actors, and 4 active threads.
Waiting for actors to stop.
Called postfire()
Called prefire()
Called fire()
Checking for deadlock:
There are 3 Blocked actors, 0 Stopped actors, and 4 active threads.
Waiting for actors to stop.
Read input token from inputB with value 7.5
Checking for deadlock:
There are 2 Blocked actors, 0 Stopped actors, and 4 active threads.
Waiting for actors to stop.
Called prefire()
Called fire()
Past the end of training data. Read and discard all inputs.
Checking for deadlock:
There are 3 Blocked actors, 0 Stopped actors, and 4 active threads.
Waiting for actors to stop.
Sent output token with value 6.0
Next port to read input from is inputA
Called postfire()
Called prefire()
Called fire()
Checking for deadlock:
There are 2 Blocked actors, 0 Stopped actors, and 4 active threads.
Waiting for actors to stop.
Called postfire()
Called prefire()
Called fire()
Checking for deadlock:
There are 3 Blocked actors, 0 Stopped actors, and 4 active threads.
Waiting for actors to stop.
Read input token from inputA with value 7.0
Checking for deadlock:
There are 2 Blocked actors, 0 Stopped actors, and 4 active threads.
Waiting for actors to stop.
Called prefire()
Called fire()
Past the end of training data. Read and discard all inputs.
Checking for deadlock:
There are 3 Blocked actors, 0 Stopped actors, and 4 active threads.
Waiting for actors to stop.
Sent output token with value 7.0
Next port to read input from is inputA
Called postfire()
Called prefire()
Called fire()
Checking for deadlock:
There are 2 Blocked actors, 0 Stopped actors, and 4 active threads.
Waiting for actors to stop.
-- Thread wrapup() called.
Called wrapup()
Thread .top.Ramp is exiting.
-- Thread stopped.
Checking for deadlock:
There are 2 Blocked actors, 0 Stopped actors, and 3 active threads.
Waiting for actors to stop.
Read input token from inputA with value 8.0
Checking for deadlock:
There are 1 Blocked actors, 0 Stopped actors, and 3 active threads.
Waiting for actors to stop.
Called prefire()
Called fire()
Past the end of training data. Read and discard all inputs.
Checking for deadlock:
There are 2 Blocked actors, 0 Stopped actors, and 3 active threads.
Waiting for actors to stop.
Sent output token with value 7.5
Next port to read input from is inputB
Called postfire()
Called prefire()
Called fire()
Checking for deadlock:
There are 1 Blocked actors, 0 Stopped actors, and 3 active threads.
Waiting for actors to stop.
Called postfire()
Called prefire()
Called fire()
Checking for deadlock:
There are 2 Blocked actors, 0 Stopped actors, and 3 active threads.
Waiting for actors to stop.
Read input token from inputB with value 9.0
Checking for deadlock:
There are 1 Blocked actors, 0 Stopped actors, and 3 active threads.
Waiting for actors to stop.
Called prefire()
Called fire()
Past the end of training data. Read and discard all inputs.
Checking for deadlock:
There are 2 Blocked actors, 0 Stopped actors, and 3 active threads.
Waiting for actors to stop.
Sent output token with value 8.0
Next port to read input from is inputA
Called postfire()
Called prefire()
Called fire()
Read input token from inputA with value 9.0
Checking for deadlock:
There are 1 Blocked actors, 0 Stopped actors, and 3 active threads.
Waiting for actors to stop.
Called prefire()
Called fire()
Past the end of training data. Read and discard all inputs.
Checking for deadlock:
There are 2 Blocked actors, 0 Stopped actors, and 3 active threads.
Waiting for actors to stop.
Sent output token with value 9.0
Next port to read input from is inputB
Called postfire()
Called prefire()
Called fire()
Checking for deadlock:
There are 1 Blocked actors, 0 Stopped actors, and 3 active threads.
Waiting for actors to stop.
Called postfire()
Called prefire()
Called fire()
Checking for deadlock:
There are 2 Blocked actors, 0 Stopped actors, and 3 active threads.
Waiting for actors to stop.
Read input token from inputB with value 10.5
Checking for deadlock:
There are 1 Blocked actors, 0 Stopped actors, and 3 active threads.
Waiting for actors to stop.
Called prefire()
Called fire()
Past the end of training data. Read and discard all inputs.
Checking for deadlock:
There are 2 Blocked actors, 0 Stopped actors, and 3 active threads.
Waiting for actors to stop.
Sent output token with value 9.0
Next port to read input from is inputA
Called postfire()
Called prefire()
Called fire()
Checking for deadlock:
There are 3 Blocked actors, 0 Stopped actors, and 3 active threads.
Actors have stopped.
Checking for deadlock:
There are 3 Blocked actors, 0 Stopped actors, and 3 active threads.
Deadlock detected.
Resolving Deadlock
Checking for deadlock:
There are 3 Blocked actors, 0 Stopped actors, and 3 active threads.
Artificial Deadlock - increasing queue capacity.
increasing the capacity of receiver ptolemy.actor.TypedIOPort {.top.OrderedMerge.inputB} to 2
Director: Called postfire().
Called postfire().
_stopRequested = false
_stopFireRequested = false
Returning from postfire(): true
Called fire().
Checking for deadlock:
There are 2 Blocked actors, 0 Stopped actors, and 3 active threads.
Waiting for actors to stop.
-- Thread wrapup() called.
Called wrapup()
Thread .top.Ramp2 is exiting.
-- Thread stopped.
Checking for deadlock:
There are 2 Blocked actors, 0 Stopped actors, and 2 active threads.
Actors have stopped.
Checking for deadlock:
There are 2 Blocked actors, 0 Stopped actors, and 2 active threads.
Deadlock detected.
Resolving Deadlock
Checking for deadlock:
There are 2 Blocked actors, 0 Stopped actors, and 2 active threads.
Deadlock detected: no processes blocked on write, but some are blocked on read.
Called postfire().
_stopRequested = false
_stopFireRequested = false
Returning from postfire(): false
Finished deactivating branches.
Called wrapup().
-- Thread wrapup() called.
Called wrapup()
Thread .top.Test is exiting.
-- Thread stopped.
-- Blocked Receiver call threw TerminateProcessException.
-- Thread wrapup() called.
Called wrapup()
Thread .top.OrderedMerge is exiting.
21 ms. Memory: 146944K Free: 109116K (74%)
/home/travis/build/icyphy/ptII/ptolemy/actor/lib/test/Publisher.tcl
-- Thread stopped.
-- Blocked Receiver call threw TerminateProcessException.
5 ms. Memory: 146944K Free: 103138K (70%)
17 ms. Memory: 146944K Free: 97161K (66%)
11 ms. Memory: 146944K Free: 93574K (64%)
10 ms. Memory: 146944K Free: 92379K (63%)
6 ms. Memory: 146944K Free: 91183K (62%)
4 ms. Memory: 146944K Free: 91183K (62%)
2 ms. Memory: 146944K Free: 89988K (61%)
6 ms. Memory: 146944K Free: 88792K (60%)
2 ms. Memory: 146944K Free: 80416K (55%)
8 ms. Memory: 146944K Free: 135787K (92%)
6 ms. Memory: 146944K Free: 135787K (92%)
2 ms. Memory: 146944K Free: 133414K (91%)
16 ms. Memory: 146944K Free: 125218K (85%)
6 ms. Memory: 146944K Free: 114649K (78%)
6 ms. Memory: 146944K Free: 102909K (70%)
/home/travis/build/icyphy/ptII/ptolemy/actor/lib/test/Pulse.tcl
2 ms. Memory: 209920K Free: 183580K (87%)
2 ms. Memory: 209920K Free: 183580K (87%)
1 ms. Memory: 209920K Free: 181202K (86%)
1 ms. Memory: 209920K Free: 181202K (86%)
2 ms. Memory: 209920K Free: 181202K (86%)
1 ms. Memory: 209920K Free: 181202K (86%)
3 ms. Memory: 209920K Free: 178823K (85%)
1 ms. Memory: 209920K Free: 178823K (85%)
1 ms. Memory: 209920K Free: 178823K (85%)
/home/travis/build/icyphy/ptII/ptolemy/actor/lib/test/Ramp.tcl
3 ms. Memory: 209920K Free: 176445K (84%)
2 ms. Memory: 209920K Free: 174051K (83%)
2 ms. Memory: 209920K Free: 174051K (83%)
2 ms. Memory: 209920K Free: 174051K (83%)
7 ms. Memory: 209920K Free: 174051K (83%)
4 ms. Memory: 209920K Free: 171673K (82%)
5 ms. Memory: 209920K Free: 171530K (82%)
5 actors
13000 microseconds per iteration to create
10 ms. Memory: 209920K Free: 169152K (81%)
2 ms. Memory: 209920K Free: 166758K (79%)
7 ms. Memory: 209920K Free: 166758K (79%)
11 ms. Memory: 209920K Free: 166758K (79%)
50 actors
48000 microseconds per iteration to create
53 ms. Memory: 209920K Free: 150064K (71%)
11 ms. Memory: 209920K Free: 150064K (71%)
12 ms. Memory: 209920K Free: 147686K (70%)
9 ms. Memory: 209920K Free: 147686K (70%)
500 actors
1746000 microseconds per iteration to create
279 ms. Memory: 209920K Free: 95107K (45%)
52 ms. Memory: 209920K Free: 90299K (43%)
44 ms. Memory: 209920K Free: 85490K (41%)
35 ms. Memory: 209920K Free: 80682K (38%)
/home/travis/build/icyphy/ptII/ptolemy/actor/lib/test/RampContinuous.tcl
8 ms. Memory: 209920K Free: 78278K (37%)
/home/travis/build/icyphy/ptII/ptolemy/actor/lib/test/RecordAssembler.tcl
5 ms. Memory: 209920K Free: 76236K (36%)
3 ms. Memory: 209920K Free: 76236K (36%)
/home/travis/build/icyphy/ptII/ptolemy/actor/lib/test/RecordDisassembler.tcl
4 ms. Memory: 334848K Free: 317425K (95%)
5 ms. Memory: 334848K Free: 317425K (95%)
4 ms. Memory: 334848K Free: 317425K (95%)
/home/travis/build/icyphy/ptII/ptolemy/actor/lib/test/Scale.tcl
3 ms. Memory: 334848K Free: 312585K (93%)
7 ms. Memory: 334848K Free: 312585K (93%)
2 ms. Memory: 334848K Free: 312585K (93%)
2 ms. Memory: 334848K Free: 312585K (93%)
3 ms. Memory: 334848K Free: 312585K (93%)
/home/travis/build/icyphy/ptII/ptolemy/actor/lib/test/SequentialClock.tcl
preinitializing
resolving types
initializing
executing number 1
wrapping up
idle
2 ms. Memory: 334848K Free: 312585K (93%)
Completed execution with 5 iterations
preinitializing
resolving types
initializing
executing number 1
wrapping up
idle
2 ms. Memory: 334848K Free: 307729K (92%)
Completed execution with 5 iterations
preinitializing
resolving types
initializing
executing number 1
wrapping up
idle
2 ms. Memory: 334848K Free: 307729K (92%)
Completed execution with 5 iterations
/home/travis/build/icyphy/ptII/ptolemy/actor/lib/test/SetVariable.tcl
4 ms. Memory: 334848K Free: 307729K (92%)
/home/travis/build/icyphy/ptII/ptolemy/actor/lib/test/Sinewave.tcl
/home/travis/build/icyphy/ptII/ptolemy/actor/lib/test/SubscriptionAggregator.tcl
6 ms. Memory: 334848K Free: 293193K (88%)
4 ms. Memory: 334848K Free: 293193K (88%)
1 ms. Memory: 334848K Free: 293193K (88%)
1 ms. Memory: 334848K Free: 293193K (88%)
1 ms. Memory: 334848K Free: 288353K (86%)
4 ms. Memory: 334848K Free: 288353K (86%)
...............................................................919 ms. Memory: 481792K Free: 388367K (81%)
/home/travis/build/icyphy/ptII/ptolemy/actor/lib/test/Test.tcl
 The next command will produce a warning about training mode,
   which may be ignored.
4 ms. Memory: 481792K Free: 380639K (79%)
2 ms. Memory: 481792K Free: 380639K (79%)
1 ms. Memory: 481792K Free: 380639K (79%)
12 ms. Memory: 481792K Free: 380639K (79%)
1 ms. Memory: 481792K Free: 380639K (79%)
3 ms. Memory: 481792K Free: 380639K (79%)
16 ms. Memory: 481792K Free: 380639K (79%)
 The next command will produce a warning about training mode,
   which may be ignored.
5 ms. Memory: 481792K Free: 372912K (77%)
 The next command will produce a warning about training mode,
   which may be ignored.
11 ms. Memory: 481792K Free: 372912K (77%)
1 ms. Memory: 481792K Free: 372912K (77%)
1 ms. Memory: 481792K Free: 372912K (77%)
1 ms. Memory: 481792K Free: 372912K (77%)
2 ms. Memory: 481792K Free: 372912K (77%)
3 ms. Memory: 481792K Free: 365176K (76%)
/home/travis/build/icyphy/ptII/ptolemy/actor/lib/test/TestExceptionHandler.tcl
 The next command will produce a warning about training mode,
   which may be ignored.
1 ms. Memory: 481792K Free: 365176K (76%)
1 ms. Memory: 481792K Free: 365176K (76%)
1 ms. Memory: 481792K Free: 365176K (76%)
/home/travis/build/icyphy/ptII/ptolemy/actor/lib/test/UnionDisassembler.tcl
22 ms. Memory: 481792K Free: 357441K (74%)
/home/travis/build/icyphy/ptII/ptolemy/actor/lib/test/VariableClock.tcl
preinitializing
resolving types
initializing
executing number 1
wrapping up
idle
11 ms. Memory: 481792K Free: 357441K (74%)
Completed execution with 11 iterations
preinitializing
resolving types
initializing
executing number 1
wrapping up
idle
12 ms. Memory: 481792K Free: 357441K (74%)
Completed execution with 10 iterations
09/23/18 02:11:42
Failed: 0  Total Tests: 234  ((Passed: 234, Newly Passed: 0)  Known Failed: 0) /home/travis/build/icyphy/ptII/ptolemy/actor/lib/test
----------------- testing (KnownFailure) /home/travis/build/icyphy/ptII/ptolemy/actor/lib/test/auto/knownFailedTests/PublisherPortToplevelSubscriber.xml
0 ms. Memory: 481792K Free: 341931K (71%)
Known Failure: java.lang.reflect.InvocationTargetException
----------------- testing (KnownFailure) /home/travis/build/icyphy/ptII/ptolemy/actor/lib/test/auto/knownFailedTests/PublisherSubscriberPortToplevel.xml
0 ms. Memory: 481792K Free: 326366K (68%)
Known Failure: java.lang.reflect.InvocationTargetException
----------------- testing (KnownFailure) /home/travis/build/icyphy/ptII/ptolemy/actor/lib/test/auto/knownFailedTests/PublisherSubscriptionAggregatorPort.xml
2 ms. Memory: 481792K Free: 310801K (65%)
Known Failure: java.lang.reflect.InvocationTargetException
----------------- testing (KnownFailure) /home/travis/build/icyphy/ptII/ptolemy/actor/lib/test/auto/knownFailedTests/sizedarray3.xml
9 ms. Memory: 481792K Free: 295236K (61%)
Known Failure: java.lang.reflect.InvocationTargetException
No auto/linux-amd64/*.xml tests in /home/travis/build/icyphy/ptII/ptolemy/actor/lib/test
AutoTests.java: About to close Vertx.
AutoTests.java: Vertx closed.

===========================================================================================
----------------- testing Sun Sep 23 02:11:42 UTC 2018 /home/travis/build/icyphy/ptII/ptolemy/actor/lib/test/auto/AbsoluteValue.xml
----------------- Instantiating /home/travis/build/icyphy/ptII/ptolemy/actor/lib/test/auto/AbsoluteValue.xml
5 ms. Memory: 481792K Free: 225358K (47%)
----------------- Invoking toplevel() on ptolemy.moml.MoMLSimpleApplication@27cdd140
----------------- Done invoking toplevel() on ptolemy.moml.MoMLSimpleApplication@27cdd140
reloadAllAccessors: .AbsoluteValue

===========================================================================================
----------------- testing Sun Sep 23 02:11:42 UTC 2018 /home/travis/build/icyphy/ptII/ptolemy/actor/lib/test/auto/AbsoluteValue2.xml
----------------- Instantiating /home/travis/build/icyphy/ptII/ptolemy/actor/lib/test/auto/AbsoluteValue2.xml
4 ms. Memory: 481792K Free: 213676K (44%)
----------------- Invoking toplevel() on ptolemy.moml.MoMLSimpleApplication@65a2b364
----------------- Done invoking toplevel() on ptolemy.moml.MoMLSimpleApplication@65a2b364
reloadAllAccessors: .AbsoluteValue2

===========================================================================================
----------------- testing Sun Sep 23 02:11:43 UTC 2018 /home/travis/build/icyphy/ptII/ptolemy/actor/lib/test/auto/Accumulator.xml
----------------- Instantiating /home/travis/build/icyphy/ptII/ptolemy/actor/lib/test/auto/Accumulator.xml
16 ms. Memory: 481792K Free: 194259K (40%)
----------------- Invoking toplevel() on ptolemy.moml.MoMLSimpleApplication@477e430d
----------------- Done invoking toplevel() on ptolemy.moml.MoMLSimpleApplication@477e430d
reloadAllAccessors: .Accumulator

===========================================================================================
----------------- testing Sun Sep 23 02:11:43 UTC 2018 /home/travis/build/icyphy/ptII/ptolemy/actor/lib/test/auto/Accumulator2.xml
----------------- Instantiating /home/travis/build/icyphy/ptII/ptolemy/actor/lib/test/auto/Accumulator2.xml
4 ms. Memory: 481792K Free: 186477K (39%)
----------------- Invoking toplevel() on ptolemy.moml.MoMLSimpleApplication@993f338
----------------- Done invoking toplevel() on ptolemy.moml.MoMLSimpleApplication@993f338
reloadAllAccessors: .Accumulator2

===========================================================================================
----------------- testing Sun Sep 23 02:11:43 UTC 2018 /home/travis/build/icyphy/ptII/ptolemy/actor/lib/test/auto/Accumulator3.xml
----------------- Instantiating /home/travis/build/icyphy/ptII/ptolemy/actor/lib/test/auto/Accumulator3.xml
3 ms. Memory: 481792K Free: 178694K (37%)
----------------- Invoking toplevel() on ptolemy.moml.MoMLSimpleApplication@2a5ca600
----------------- Done invoking toplevel() on ptolemy.moml.MoMLSimpleApplication@2a5ca600
reloadAllAccessors: .Accumulator3

===========================================================================================
----------------- testing Sun Sep 23 02:11:43 UTC 2018 /home/travis/build/icyphy/ptII/ptolemy/actor/lib/test/auto/ArrayAppend.xml
----------------- Instantiating /home/travis/build/icyphy/ptII/ptolemy/actor/lib/test/auto/ArrayAppend.xml
5 ms. Memory: 481792K Free: 167020K (35%)
----------------- Invoking toplevel() on ptolemy.moml.MoMLSimpleApplication@32ad77d9
----------------- Done invoking toplevel() on ptolemy.moml.MoMLSimpleApplication@32ad77d9
reloadAllAccessors: .ArrayAppend

===========================================================================================
----------------- testing Sun Sep 23 02:11:43 UTC 2018 /home/travis/build/icyphy/ptII/ptolemy/actor/lib/test/auto/ArrayAppend2.xml
----------------- Instantiating /home/travis/build/icyphy/ptII/ptolemy/actor/lib/test/auto/ArrayAppend2.xml
490 ms. Memory: 481792K Free: 73686K (15%)
----------------- Invoking toplevel() on ptolemy.moml.MoMLSimpleApplication@7c120fd7
----------------- Done invoking toplevel() on ptolemy.moml.MoMLSimpleApplication@7c120fd7
reloadAllAccessors: .ArrayAppend2

===========================================================================================
----------------- testing Sun Sep 23 02:11:43 UTC 2018 /home/travis/build/icyphy/ptII/ptolemy/actor/lib/test/auto/ArrayAppend3.xml
----------------- Instantiating /home/travis/build/icyphy/ptII/ptolemy/actor/lib/test/auto/ArrayAppend3.xml
4 ms. Memory: 481792K Free: 65903K (14%)
----------------- Invoking toplevel() on ptolemy.moml.MoMLSimpleApplication@5a3f434
----------------- Done invoking toplevel() on ptolemy.moml.MoMLSimpleApplication@5a3f434
reloadAllAccessors: .ArrayAppend3

===========================================================================================
----------------- testing Sun Sep 23 02:11:43 UTC 2018 /home/travis/build/icyphy/ptII/ptolemy/actor/lib/test/auto/ArrayAppend4.xml
----------------- Instantiating /home/travis/build/icyphy/ptII/ptolemy/actor/lib/test/auto/ArrayAppend4.xml
2 ms. Memory: 481792K Free: 61148K (13%)
----------------- Invoking toplevel() on ptolemy.moml.MoMLSimpleApplication@124c730
----------------- Done invoking toplevel() on ptolemy.moml.MoMLSimpleApplication@124c730
reloadAllAccessors: .ArrayAppend4

===========================================================================================
----------------- testing Sun Sep 23 02:11:43 UTC 2018 /home/travis/build/icyphy/ptII/ptolemy/actor/lib/test/auto/ArrayAppend5.xml
----------------- Instantiating /home/travis/build/icyphy/ptII/ptolemy/actor/lib/test/auto/ArrayAppend5.xml
9 ms. Memory: 485888K Free: 431786K (89%)
----------------- Invoking toplevel() on ptolemy.moml.MoMLSimpleApplication@4f716f84
----------------- Done invoking toplevel() on ptolemy.moml.MoMLSimpleApplication@4f716f84
reloadAllAccessors: .ArrayAppend5

===========================================================================================
----------------- testing Sun Sep 23 02:11:44 UTC 2018 /home/travis/build/icyphy/ptII/ptolemy/actor/lib/test/auto/ArrayAppend6.xml
----------------- Instantiating /home/travis/build/icyphy/ptII/ptolemy/actor/lib/test/auto/ArrayAppend6.xml
3 ms. Memory: 485888K Free: 418061K (86%)
----------------- Invoking toplevel() on ptolemy.moml.MoMLSimpleApplication@54909be2
----------------- Done invoking toplevel() on ptolemy.moml.MoMLSimpleApplication@54909be2
reloadAllAccessors: .ArrayAppend6

===========================================================================================
----------------- testing Sun Sep 23 02:11:44 UTC 2018 /home/travis/build/icyphy/ptII/ptolemy/actor/lib/test/auto/ArrayAppendPerformanceTest.xml
----------------- Instantiating /home/travis/build/icyphy/ptII/ptolemy/actor/lib/test/auto/ArrayAppendPerformanceTest.xml
29 ms. Memory: 485888K Free: 402480K (83%)
----------------- Invoking toplevel() on ptolemy.moml.MoMLSimpleApplication@683362b7
----------------- Done invoking toplevel() on ptolemy.moml.MoMLSimpleApplication@683362b7
reloadAllAccessors: .ArrayAppendPerformanceTest

===========================================================================================
----------------- testing Sun Sep 23 02:11:44 UTC 2018 /home/travis/build/icyphy/ptII/ptolemy/actor/lib/test/auto/ArrayAppendWithEmptyInput.xml
----------------- Instantiating /home/travis/build/icyphy/ptII/ptolemy/actor/lib/test/auto/ArrayAppendWithEmptyInput.xml
17 ms. Memory: 485888K Free: 384848K (79%)
----------------- Invoking toplevel() on ptolemy.moml.MoMLSimpleApplication@13538d85
----------------- Done invoking toplevel() on ptolemy.moml.MoMLSimpleApplication@13538d85
reloadAllAccessors: .ArrayAppendWithEmptyInput

===========================================================================================
----------------- testing Sun Sep 23 02:11:44 UTC 2018 /home/travis/build/icyphy/ptII/ptolemy/actor/lib/test/auto/ArrayAverage.xml
----------------- Instantiating /home/travis/build/icyphy/ptII/ptolemy/actor/lib/test/auto/ArrayAverage.xml
6 ms. Memory: 485888K Free: 373158K (77%)
----------------- Invoking toplevel() on ptolemy.moml.MoMLSimpleApplication@4f18258d
----------------- Done invoking toplevel() on ptolemy.moml.MoMLSimpleApplication@4f18258d
reloadAllAccessors: .ArrayAverage

===========================================================================================
----------------- testing Sun Sep 23 02:11:44 UTC 2018 /home/travis/build/icyphy/ptII/ptolemy/actor/lib/test/auto/ArrayContains.xml
----------------- Instantiating /home/travis/build/icyphy/ptII/ptolemy/actor/lib/test/auto/ArrayContains.xml
9 ms. Memory: 485888K Free: 365376K (75%)
----------------- Invoking toplevel() on ptolemy.moml.MoMLSimpleApplication@ce59e62
----------------- Done invoking toplevel() on ptolemy.moml.MoMLSimpleApplication@ce59e62
reloadAllAccessors: .ArrayContains

===========================================================================================
----------------- testing Sun Sep 23 02:11:44 UTC 2018 /home/travis/build/icyphy/ptII/ptolemy/actor/lib/test/auto/ArrayElement.xml
----------------- Instantiating /home/travis/build/icyphy/ptII/ptolemy/actor/lib/test/auto/ArrayElement.xml
3 ms. Memory: 485888K Free: 351651K (72%)
----------------- Invoking toplevel() on ptolemy.moml.MoMLSimpleApplication@d6e70e8
----------------- Done invoking toplevel() on ptolemy.moml.MoMLSimpleApplication@d6e70e8
reloadAllAccessors: .ArrayElement

===========================================================================================
----------------- testing Sun Sep 23 02:11:44 UTC 2018 /home/travis/build/icyphy/ptII/ptolemy/actor/lib/test/auto/ArrayElementAsMatrix.xml
----------------- Instantiating /home/travis/build/icyphy/ptII/ptolemy/actor/lib/test/auto/ArrayElementAsMatrix.xml
28 ms. Memory: 485888K Free: 339977K (70%)
----------------- Invoking toplevel() on ptolemy.moml.MoMLSimpleApplication@5c24011d
----------------- Done invoking toplevel() on ptolemy.moml.MoMLSimpleApplication@5c24011d
reloadAllAccessors: .ArrayElementAsMatrix

===========================================================================================
----------------- testing Sun Sep 23 02:11:44 UTC 2018 /home/travis/build/icyphy/ptII/ptolemy/actor/lib/test/auto/ArrayElementI.xml
----------------- Instantiating /home/travis/build/icyphy/ptII/ptolemy/actor/lib/test/auto/ArrayElementI.xml
4 ms. Memory: 485888K Free: 332194K (68%)
----------------- Invoking toplevel() on ptolemy.moml.MoMLSimpleApplication@3f0edcc6
----------------- Done invoking toplevel() on ptolemy.moml.MoMLSimpleApplication@3f0edcc6
reloadAllAccessors: .ArrayElementI

===========================================================================================
----------------- testing Sun Sep 23 02:11:44 UTC 2018 /home/travis/build/icyphy/ptII/ptolemy/actor/lib/test/auto/ArrayExtract.xml
----------------- Instantiating /home/travis/build/icyphy/ptII/ptolemy/actor/lib/test/auto/ArrayExtract.xml
6 ms. Memory: 485888K Free: 314562K (65%)
----------------- Invoking toplevel() on ptolemy.moml.MoMLSimpleApplication@234a1e46
----------------- Done invoking toplevel() on ptolemy.moml.MoMLSimpleApplication@234a1e46
reloadAllAccessors: .ArrayExtract

===========================================================================================
----------------- testing Sun Sep 23 02:11:44 UTC 2018 /home/travis/build/icyphy/ptII/ptolemy/actor/lib/test/auto/ArrayExtract2.xml
----------------- Instantiating /home/travis/build/icyphy/ptII/ptolemy/actor/lib/test/auto/ArrayExtract2.xml
2 ms. Memory: 485888K Free: 306780K (63%)
----------------- Invoking toplevel() on ptolemy.moml.MoMLSimpleApplication@45ec6bf
----------------- Done invoking toplevel() on ptolemy.moml.MoMLSimpleApplication@45ec6bf
reloadAllAccessors: .ArrayExtract2

===========================================================================================
----------------- testing Sun Sep 23 02:11:44 UTC 2018 /home/travis/build/icyphy/ptII/ptolemy/actor/lib/test/auto/ArrayLength.xml
----------------- Instantiating /home/travis/build/icyphy/ptII/ptolemy/actor/lib/test/auto/ArrayLength.xml
1 ms. Memory: 485888K Free: 293054K (60%)
----------------- Invoking toplevel() on ptolemy.moml.MoMLSimpleApplication@424d5804
----------------- Done invoking toplevel() on ptolemy.moml.MoMLSimpleApplication@424d5804
reloadAllAccessors: .ArrayLength

===========================================================================================
----------------- testing Sun Sep 23 02:11:44 UTC 2018 /home/travis/build/icyphy/ptII/ptolemy/actor/lib/test/auto/ArrayLevelCrossing.xml
----------------- Instantiating /home/travis/build/icyphy/ptII/ptolemy/actor/lib/test/auto/ArrayLevelCrossing.xml
3 ms. Memory: 485888K Free: 281365K (58%)
----------------- Invoking toplevel() on ptolemy.moml.MoMLSimpleApplication@13f8ade4
----------------- Done invoking toplevel() on ptolemy.moml.MoMLSimpleApplication@13f8ade4
reloadAllAccessors: .ArrayLevelCrossing

===========================================================================================
----------------- testing Sun Sep 23 02:11:44 UTC 2018 /home/travis/build/icyphy/ptII/ptolemy/actor/lib/test/auto/ArrayLevelCrossing2.xml
----------------- Instantiating /home/travis/build/icyphy/ptII/ptolemy/actor/lib/test/auto/ArrayLevelCrossing2.xml
3 ms. Memory: 485888K Free: 265784K (55%)
----------------- Invoking toplevel() on ptolemy.moml.MoMLSimpleApplication@752e1190
----------------- Done invoking toplevel() on ptolemy.moml.MoMLSimpleApplication@752e1190
reloadAllAccessors: .ArrayLevelCrossing2

===========================================================================================
----------------- testing Sun Sep 23 02:11:44 UTC 2018 /home/travis/build/icyphy/ptII/ptolemy/actor/lib/test/auto/ArrayPeakSearch.xml
----------------- Instantiating /home/travis/build/icyphy/ptII/ptolemy/actor/lib/test/auto/ArrayPeakSearch.xml
4 ms. Memory: 485888K Free: 248152K (51%)
----------------- Invoking toplevel() on ptolemy.moml.MoMLSimpleApplication@78f1d78a
----------------- Done invoking toplevel() on ptolemy.moml.MoMLSimpleApplication@78f1d78a
reloadAllAccessors: .ArrayPeakSearch

===========================================================================================
----------------- testing Sun Sep 23 02:11:44 UTC 2018 /home/travis/build/icyphy/ptII/ptolemy/actor/lib/test/auto/ArrayPeakSearch2.xml
----------------- Instantiating /home/travis/build/icyphy/ptII/ptolemy/actor/lib/test/auto/ArrayPeakSearch2.xml
4 ms. Memory: 485888K Free: 232579K (48%)
----------------- Invoking toplevel() on ptolemy.moml.MoMLSimpleApplication@1a4c9ccc
----------------- Done invoking toplevel() on ptolemy.moml.MoMLSimpleApplication@1a4c9ccc
reloadAllAccessors: .ArrayPeakSearch2

===========================================================================================
----------------- testing Sun Sep 23 02:11:44 UTC 2018 /home/travis/build/icyphy/ptII/ptolemy/actor/lib/test/auto/ArrayPeakSearch3.xml
----------------- Instantiating /home/travis/build/icyphy/ptII/ptolemy/actor/lib/test/auto/ArrayPeakSearch3.xml
4 ms. Memory: 485888K Free: 220889K (45%)
----------------- Invoking toplevel() on ptolemy.moml.MoMLSimpleApplication@6f820340
----------------- Done invoking toplevel() on ptolemy.moml.MoMLSimpleApplication@6f820340
reloadAllAccessors: .ArrayPeakSearch3

===========================================================================================
----------------- testing Sun Sep 23 02:11:44 UTC 2018 /home/travis/build/icyphy/ptII/ptolemy/actor/lib/test/auto/ArrayRemoveElement.xml
----------------- Instantiating /home/travis/build/icyphy/ptII/ptolemy/actor/lib/test/auto/ArrayRemoveElement.xml
4 ms. Memory: 485888K Free: 203273K (42%)
----------------- Invoking toplevel() on ptolemy.moml.MoMLSimpleApplication@31456acb
----------------- Done invoking toplevel() on ptolemy.moml.MoMLSimpleApplication@31456acb
reloadAllAccessors: .ArrayRemoveElement

===========================================================================================
----------------- testing Sun Sep 23 02:11:44 UTC 2018 /home/travis/build/icyphy/ptII/ptolemy/actor/lib/test/auto/ArraySort.xml
----------------- Instantiating /home/travis/build/icyphy/ptII/ptolemy/actor/lib/test/auto/ArraySort.xml
3 ms. Memory: 485888K Free: 191599K (39%)
----------------- Invoking toplevel() on ptolemy.moml.MoMLSimpleApplication@7ac832ca
----------------- Done invoking toplevel() on ptolemy.moml.MoMLSimpleApplication@7ac832ca
reloadAllAccessors: .ArraySort

===========================================================================================
----------------- testing Sun Sep 23 02:11:44 UTC 2018 /home/travis/build/icyphy/ptII/ptolemy/actor/lib/test/auto/ArraySum.xml
----------------- Instantiating /home/travis/build/icyphy/ptII/ptolemy/actor/lib/test/auto/ArraySum.xml
7 ms. Memory: 485888K Free: 177874K (37%)
----------------- Invoking toplevel() on ptolemy.moml.MoMLSimpleApplication@452add49
----------------- Done invoking toplevel() on ptolemy.moml.MoMLSimpleApplication@452add49
reloadAllAccessors: .ArraySum

===========================================================================================
----------------- testing Sun Sep 23 02:11:44 UTC 2018 /home/travis/build/icyphy/ptII/ptolemy/actor/lib/test/auto/ArrayToElements.xml
----------------- Instantiating /home/travis/build/icyphy/ptII/ptolemy/actor/lib/test/auto/ArrayToElements.xml
7 ms. Memory: 485888K Free: 170091K (35%)
----------------- Invoking toplevel() on ptolemy.moml.MoMLSimpleApplication@7ecb0028
----------------- Done invoking toplevel() on ptolemy.moml.MoMLSimpleApplication@7ecb0028
reloadAllAccessors: .ArrayToElements

===========================================================================================
----------------- testing Sun Sep 23 02:11:45 UTC 2018 /home/travis/build/icyphy/ptII/ptolemy/actor/lib/test/auto/ArrayToMatrix.xml
----------------- Instantiating /home/travis/build/icyphy/ptII/ptolemy/actor/lib/test/auto/ArrayToMatrix.xml
6 ms. Memory: 485888K Free: 150619K (31%)
----------------- Invoking toplevel() on ptolemy.moml.MoMLSimpleApplication@41d52e68
----------------- Done invoking toplevel() on ptolemy.moml.MoMLSimpleApplication@41d52e68
reloadAllAccessors: .ArrayToMatrix

===========================================================================================
----------------- testing Sun Sep 23 02:11:45 UTC 2018 /home/travis/build/icyphy/ptII/ptolemy/actor/lib/test/auto/ArrayUpdate1.xml
----------------- Instantiating /home/travis/build/icyphy/ptII/ptolemy/actor/lib/test/auto/ArrayUpdate1.xml
2 ms. Memory: 485888K Free: 136893K (28%)
----------------- Invoking toplevel() on ptolemy.moml.MoMLSimpleApplication@65c5db84
----------------- Done invoking toplevel() on ptolemy.moml.MoMLSimpleApplication@65c5db84
reloadAllAccessors: .ArrayUpdate1

===========================================================================================
----------------- testing Sun Sep 23 02:11:45 UTC 2018 /home/travis/build/icyphy/ptII/ptolemy/actor/lib/test/auto/ArrayUpdate2.xml
----------------- Instantiating /home/travis/build/icyphy/ptII/ptolemy/actor/lib/test/auto/ArrayUpdate2.xml
3 ms. Memory: 485888K Free: 129111K (27%)
----------------- Invoking toplevel() on ptolemy.moml.MoMLSimpleApplication@1a7d25c9
----------------- Done invoking toplevel() on ptolemy.moml.MoMLSimpleApplication@1a7d25c9
reloadAllAccessors: .ArrayUpdate2

===========================================================================================
----------------- testing Sun Sep 23 02:11:45 UTC 2018 /home/travis/build/icyphy/ptII/ptolemy/actor/lib/test/auto/ArrayUpdate3.xml
----------------- Instantiating /home/travis/build/icyphy/ptII/ptolemy/actor/lib/test/auto/ArrayUpdate3.xml
2 ms. Memory: 485888K Free: 121328K (25%)
----------------- Invoking toplevel() on ptolemy.moml.MoMLSimpleApplication@33519ed3
----------------- Done invoking toplevel() on ptolemy.moml.MoMLSimpleApplication@33519ed3
reloadAllAccessors: .ArrayUpdate3

===========================================================================================
----------------- testing Sun Sep 23 02:11:45 UTC 2018 /home/travis/build/icyphy/ptII/ptolemy/actor/lib/test/auto/Assert1.xml
----------------- Instantiating /home/travis/build/icyphy/ptII/ptolemy/actor/lib/test/auto/Assert1.xml
3 ms. Memory: 485888K Free: 107603K (22%)
----------------- Invoking toplevel() on ptolemy.moml.MoMLSimpleApplication@6690b150
----------------- Done invoking toplevel() on ptolemy.moml.MoMLSimpleApplication@6690b150
reloadAllAccessors: .Assert1

===========================================================================================
----------------- testing Sun Sep 23 02:11:45 UTC 2018 /home/travis/build/icyphy/ptII/ptolemy/actor/lib/test/auto/Assert2.xml
----------------- Instantiating /home/travis/build/icyphy/ptII/ptolemy/actor/lib/test/auto/Assert2.xml
3 ms. Memory: 485888K Free: 99821K (21%)
----------------- Invoking toplevel() on ptolemy.moml.MoMLSimpleApplication@68c3316
----------------- Done invoking toplevel() on ptolemy.moml.MoMLSimpleApplication@68c3316
reloadAllAccessors: .Assert2

===========================================================================================
----------------- testing Sun Sep 23 02:11:45 UTC 2018 /home/travis/build/icyphy/ptII/ptolemy/actor/lib/test/auto/BooleanMultiplexor.xml
----------------- Instantiating /home/travis/build/icyphy/ptII/ptolemy/actor/lib/test/auto/BooleanMultiplexor.xml
2 ms. Memory: 485888K Free: 86096K (18%)
----------------- Invoking toplevel() on ptolemy.moml.MoMLSimpleApplication@5d91a014
----------------- Done invoking toplevel() on ptolemy.moml.MoMLSimpleApplication@5d91a014
reloadAllAccessors: .BooleanMultiplexor

===========================================================================================
----------------- testing Sun Sep 23 02:11:45 UTC 2018 /home/travis/build/icyphy/ptII/ptolemy/actor/lib/test/auto/BooleanMultiplexor2.xml
----------------- Instantiating /home/travis/build/icyphy/ptII/ptolemy/actor/lib/test/auto/BooleanMultiplexor2.xml
9 ms. Memory: 485888K Free: 74406K (15%)
----------------- Invoking toplevel() on ptolemy.moml.MoMLSimpleApplication@7006e383
----------------- Done invoking toplevel() on ptolemy.moml.MoMLSimpleApplication@7006e383
reloadAllAccessors: .BooleanMultiplexor2

===========================================================================================
----------------- testing Sun Sep 23 02:11:45 UTC 2018 /home/travis/build/icyphy/ptII/ptolemy/actor/lib/test/auto/BooleanMultiplexor3.xml
----------------- Instantiating /home/travis/build/icyphy/ptII/ptolemy/actor/lib/test/auto/BooleanMultiplexor3.xml
3 ms. Memory: 485888K Free: 66624K (14%)
----------------- Invoking toplevel() on ptolemy.moml.MoMLSimpleApplication@71faf7c9
----------------- Done invoking toplevel() on ptolemy.moml.MoMLSimpleApplication@71faf7c9
reloadAllAccessors: .BooleanMultiplexor3

===========================================================================================
----------------- testing Sun Sep 23 02:11:45 UTC 2018 /home/travis/build/icyphy/ptII/ptolemy/actor/lib/test/auto/BooleanSelect.xml
----------------- Instantiating /home/travis/build/icyphy/ptII/ptolemy/actor/lib/test/auto/BooleanSelect.xml
8 ms. Memory: 485888K Free: 54392K (11%)
----------------- Invoking toplevel() on ptolemy.moml.MoMLSimpleApplication@49a70102
----------------- Done invoking toplevel() on ptolemy.moml.MoMLSimpleApplication@49a70102
reloadAllAccessors: .BooleanSelect

===========================================================================================
----------------- testing Sun Sep 23 02:11:45 UTC 2018 /home/travis/build/icyphy/ptII/ptolemy/actor/lib/test/auto/BooleanSelect2.xml
----------------- Instantiating /home/travis/build/icyphy/ptII/ptolemy/actor/lib/test/auto/BooleanSelect2.xml
1 ms. Memory: 719360K Free: 667888K (93%)
----------------- Invoking toplevel() on ptolemy.moml.MoMLSimpleApplication@25003424
----------------- Done invoking toplevel() on ptolemy.moml.MoMLSimpleApplication@25003424
reloadAllAccessors: .BooleanSelect2

===========================================================================================
----------------- testing Sun Sep 23 02:11:45 UTC 2018 /home/travis/build/icyphy/ptII/ptolemy/actor/lib/test/auto/BooleanSwitch.xml
----------------- Instantiating /home/travis/build/icyphy/ptII/ptolemy/actor/lib/test/auto/BooleanSwitch.xml
5 ms. Memory: 719360K Free: 652602K (91%)
----------------- Invoking toplevel() on ptolemy.moml.MoMLSimpleApplication@24b8cfd2
----------------- Done invoking toplevel() on ptolemy.moml.MoMLSimpleApplication@24b8cfd2
reloadAllAccessors: .BooleanSwitch

===========================================================================================
----------------- testing Sun Sep 23 02:11:45 UTC 2018 /home/travis/build/icyphy/ptII/ptolemy/actor/lib/test/auto/BooleanSwitch2.xml
----------------- Instantiating /home/travis/build/icyphy/ptII/ptolemy/actor/lib/test/auto/BooleanSwitch2.xml
2 ms. Memory: 719360K Free: 644308K (90%)
----------------- Invoking toplevel() on ptolemy.moml.MoMLSimpleApplication@39c084b2
----------------- Done invoking toplevel() on ptolemy.moml.MoMLSimpleApplication@39c084b2
reloadAllAccessors: .BooleanSwitch2

===========================================================================================
----------------- testing Sun Sep 23 02:11:45 UTC 2018 /home/travis/build/icyphy/ptII/ptolemy/actor/lib/test/auto/BooleanSwitchCloningBugWithClassRelationGroup.xml
----------------- Instantiating /home/travis/build/icyphy/ptII/ptolemy/actor/lib/test/auto/BooleanSwitchCloningBugWithClassRelationGroup.xml
3 ms. Memory: 719360K Free: 631850K (88%)
----------------- Invoking toplevel() on ptolemy.moml.MoMLSimpleApplication@512d7ec2
----------------- Done invoking toplevel() on ptolemy.moml.MoMLSimpleApplication@512d7ec2
reloadAllAccessors: .BooleanSwitchCloningBugWithClassRelationGroup

===========================================================================================
----------------- testing Sun Sep 23 02:11:45 UTC 2018 /home/travis/build/icyphy/ptII/ptolemy/actor/lib/test/auto/BusActors.xml
----------------- Instantiating /home/travis/build/icyphy/ptII/ptolemy/actor/lib/test/auto/BusActors.xml
4 ms. Memory: 719360K Free: 612401K (85%)
----------------- Invoking toplevel() on ptolemy.moml.MoMLSimpleApplication@55bb54a9
----------------- Done invoking toplevel() on ptolemy.moml.MoMLSimpleApplication@55bb54a9
reloadAllAccessors: .BusActors

===========================================================================================
----------------- testing Sun Sep 23 02:11:45 UTC 2018 /home/travis/build/icyphy/ptII/ptolemy/actor/lib/test/auto/ClassWrapper.xml
----------------- Instantiating /home/travis/build/icyphy/ptII/ptolemy/actor/lib/test/auto/ClassWrapper.xml
3 ms. Memory: 719360K Free: 604106K (84%)
----------------- Invoking toplevel() on ptolemy.moml.MoMLSimpleApplication@6b46a471
----------------- Done invoking toplevel() on ptolemy.moml.MoMLSimpleApplication@6b46a471
reloadAllAccessors: .ClassWrapper

===========================================================================================
----------------- testing Sun Sep 23 02:11:45 UTC 2018 /home/travis/build/icyphy/ptII/ptolemy/actor/lib/test/auto/Clock.xml
----------------- Instantiating /home/travis/build/icyphy/ptII/ptolemy/actor/lib/test/auto/Clock.xml
1 ms. Memory: 719360K Free: 595757K (83%)
----------------- Invoking toplevel() on ptolemy.moml.MoMLSimpleApplication@5f46b985
----------------- Done invoking toplevel() on ptolemy.moml.MoMLSimpleApplication@5f46b985
reloadAllAccessors: .Clock

===========================================================================================
----------------- testing Sun Sep 23 02:11:45 UTC 2018 /home/travis/build/icyphy/ptII/ptolemy/actor/lib/test/auto/Clock10.xml
----------------- Instantiating /home/travis/build/icyphy/ptII/ptolemy/actor/lib/test/auto/Clock10.xml
2 ms. Memory: 719360K Free: 580471K (81%)
----------------- Invoking toplevel() on ptolemy.moml.MoMLSimpleApplication@6b149e0b
----------------- Done invoking toplevel() on ptolemy.moml.MoMLSimpleApplication@6b149e0b
reloadAllAccessors: .Clock10

===========================================================================================
----------------- testing Sun Sep 23 02:11:45 UTC 2018 /home/travis/build/icyphy/ptII/ptolemy/actor/lib/test/auto/Clock11.xml
----------------- Instantiating /home/travis/build/icyphy/ptII/ptolemy/actor/lib/test/auto/Clock11.xml
3 ms. Memory: 719360K Free: 572176K (80%)
----------------- Invoking toplevel() on ptolemy.moml.MoMLSimpleApplication@6701f64
----------------- Done invoking toplevel() on ptolemy.moml.MoMLSimpleApplication@6701f64
reloadAllAccessors: .Clock11

===========================================================================================
----------------- testing Sun Sep 23 02:11:45 UTC 2018 /home/travis/build/icyphy/ptII/ptolemy/actor/lib/test/auto/Clock12.xml
----------------- Instantiating /home/travis/build/icyphy/ptII/ptolemy/actor/lib/test/auto/Clock12.xml
2 ms. Memory: 719360K Free: 563882K (78%)
----------------- Invoking toplevel() on ptolemy.moml.MoMLSimpleApplication@3607b480
----------------- Done invoking toplevel() on ptolemy.moml.MoMLSimpleApplication@3607b480
reloadAllAccessors: .Clock12

===========================================================================================
----------------- testing Sun Sep 23 02:11:45 UTC 2018 /home/travis/build/icyphy/ptII/ptolemy/actor/lib/test/auto/Clock13.xml
----------------- Instantiating /home/travis/build/icyphy/ptII/ptolemy/actor/lib/test/auto/Clock13.xml
6 ms. Memory: 719360K Free: 548596K (76%)
----------------- Invoking toplevel() on ptolemy.moml.MoMLSimpleApplication@606ed0d2
----------------- Done invoking toplevel() on ptolemy.moml.MoMLSimpleApplication@606ed0d2
reloadAllAccessors: .Clock13

===========================================================================================
----------------- testing Sun Sep 23 02:11:45 UTC 2018 /home/travis/build/icyphy/ptII/ptolemy/actor/lib/test/auto/Clock14.xml
----------------- Instantiating /home/travis/build/icyphy/ptII/ptolemy/actor/lib/test/auto/Clock14.xml
7 ms. Memory: 719360K Free: 540301K (75%)
----------------- Invoking toplevel() on ptolemy.moml.MoMLSimpleApplication@3c43df1
----------------- Done invoking toplevel() on ptolemy.moml.MoMLSimpleApplication@3c43df1
reloadAllAccessors: .Clock14

===========================================================================================
----------------- testing Sun Sep 23 02:11:45 UTC 2018 /home/travis/build/icyphy/ptII/ptolemy/actor/lib/test/auto/Clock15.xml
----------------- Instantiating /home/travis/build/icyphy/ptII/ptolemy/actor/lib/test/auto/Clock15.xml
6 ms. Memory: 719360K Free: 532007K (74%)
----------------- Invoking toplevel() on ptolemy.moml.MoMLSimpleApplication@678ed2f3
----------------- Done invoking toplevel() on ptolemy.moml.MoMLSimpleApplication@678ed2f3
reloadAllAccessors: .Clock15

===========================================================================================
----------------- testing Sun Sep 23 02:11:45 UTC 2018 /home/travis/build/icyphy/ptII/ptolemy/actor/lib/test/auto/Clock16.xml
----------------- Instantiating /home/travis/build/icyphy/ptII/ptolemy/actor/lib/test/auto/Clock16.xml
24 ms. Memory: 719360K Free: 508410K (71%)
----------------- Invoking toplevel() on ptolemy.moml.MoMLSimpleApplication@6f0a5f7b
----------------- Done invoking toplevel() on ptolemy.moml.MoMLSimpleApplication@6f0a5f7b
reloadAllAccessors: .Clock16

===========================================================================================
----------------- testing Sun Sep 23 02:11:45 UTC 2018 /home/travis/build/icyphy/ptII/ptolemy/actor/lib/test/auto/Clock17.xml
----------------- Instantiating /home/travis/build/icyphy/ptII/ptolemy/actor/lib/test/auto/Clock17.xml
11 ms. Memory: 719360K Free: 491789K (68%)
----------------- Invoking toplevel() on ptolemy.moml.MoMLSimpleApplication@a13adfc
----------------- Done invoking toplevel() on ptolemy.moml.MoMLSimpleApplication@a13adfc
reloadAllAccessors: .Clock17

===========================================================================================
----------------- testing Sun Sep 23 02:11:45 UTC 2018 /home/travis/build/icyphy/ptII/ptolemy/actor/lib/test/auto/Clock18.xml
----------------- Instantiating /home/travis/build/icyphy/ptII/ptolemy/actor/lib/test/auto/Clock18.xml
25 ms. Memory: 719360K Free: 475169K (66%)
----------------- Invoking toplevel() on ptolemy.moml.MoMLSimpleApplication@6c0a1979
----------------- Done invoking toplevel() on ptolemy.moml.MoMLSimpleApplication@6c0a1979
reloadAllAccessors: .Clock18

===========================================================================================
----------------- testing Sun Sep 23 02:11:46 UTC 2018 /home/travis/build/icyphy/ptII/ptolemy/actor/lib/test/auto/Clock19.xml
----------------- Instantiating /home/travis/build/icyphy/ptII/ptolemy/actor/lib/test/auto/Clock19.xml
10 ms. Memory: 719360K Free: 451572K (63%)
----------------- Invoking toplevel() on ptolemy.moml.MoMLSimpleApplication@4218f2f7
----------------- Done invoking toplevel() on ptolemy.moml.MoMLSimpleApplication@4218f2f7
reloadAllAccessors: .Clock19

===========================================================================================
----------------- testing Sun Sep 23 02:11:46 UTC 2018 /home/travis/build/icyphy/ptII/ptolemy/actor/lib/test/auto/Clock2.xml
----------------- Instantiating /home/travis/build/icyphy/ptII/ptolemy/actor/lib/test/auto/Clock2.xml
7 ms. Memory: 719360K Free: 443278K (62%)
----------------- Invoking toplevel() on ptolemy.moml.MoMLSimpleApplication@6a5d61e6
----------------- Done invoking toplevel() on ptolemy.moml.MoMLSimpleApplication@6a5d61e6
reloadAllAccessors: .Clock2

===========================================================================================
----------------- testing Sun Sep 23 02:11:46 UTC 2018 /home/travis/build/icyphy/ptII/ptolemy/actor/lib/test/auto/Clock20.xml
----------------- Instantiating /home/travis/build/icyphy/ptII/ptolemy/actor/lib/test/auto/Clock20.xml
15 ms. Memory: 719360K Free: 434983K (60%)
----------------- Invoking toplevel() on ptolemy.moml.MoMLSimpleApplication@34db54b4
----------------- Done invoking toplevel() on ptolemy.moml.MoMLSimpleApplication@34db54b4
reloadAllAccessors: .Clock20

===========================================================================================
----------------- testing Sun Sep 23 02:11:46 UTC 2018 /home/travis/build/icyphy/ptII/ptolemy/actor/lib/test/auto/Clock21.xml
----------------- Instantiating /home/travis/build/icyphy/ptII/ptolemy/actor/lib/test/auto/Clock21.xml
7 ms. Memory: 719360K Free: 419697K (58%)
----------------- Invoking toplevel() on ptolemy.moml.MoMLSimpleApplication@4169fc1e
----------------- Done invoking toplevel() on ptolemy.moml.MoMLSimpleApplication@4169fc1e
reloadAllAccessors: .Clock21

===========================================================================================
----------------- testing Sun Sep 23 02:11:46 UTC 2018 /home/travis/build/icyphy/ptII/ptolemy/actor/lib/test/auto/Clock22.xml
----------------- Instantiating /home/travis/build/icyphy/ptII/ptolemy/actor/lib/test/auto/Clock22.xml
7 ms. Memory: 719360K Free: 411402K (57%)
----------------- Invoking toplevel() on ptolemy.moml.MoMLSimpleApplication@59753f8f
----------------- Done invoking toplevel() on ptolemy.moml.MoMLSimpleApplication@59753f8f
reloadAllAccessors: .Clock22

===========================================================================================
----------------- testing Sun Sep 23 02:11:46 UTC 2018 /home/travis/build/icyphy/ptII/ptolemy/actor/lib/test/auto/Clock23.xml
----------------- Instantiating /home/travis/build/icyphy/ptII/ptolemy/actor/lib/test/auto/Clock23.xml
8 ms. Memory: 719360K Free: 403108K (56%)
----------------- Invoking toplevel() on ptolemy.moml.MoMLSimpleApplication@97356b3
----------------- Done invoking toplevel() on ptolemy.moml.MoMLSimpleApplication@97356b3
reloadAllAccessors: .Clock23

===========================================================================================
----------------- testing Sun Sep 23 02:11:46 UTC 2018 /home/travis/build/icyphy/ptII/ptolemy/actor/lib/test/auto/Clock24.xml
----------------- Instantiating /home/travis/build/icyphy/ptII/ptolemy/actor/lib/test/auto/Clock24.xml
8 ms. Memory: 719360K Free: 387822K (54%)
----------------- Invoking toplevel() on ptolemy.moml.MoMLSimpleApplication@5bd6fe53
----------------- Done invoking toplevel() on ptolemy.moml.MoMLSimpleApplication@5bd6fe53
reloadAllAccessors: .Clock24

===========================================================================================
----------------- testing Sun Sep 23 02:11:46 UTC 2018 /home/travis/build/icyphy/ptII/ptolemy/actor/lib/test/auto/Clock4.xml
----------------- Instantiating /home/travis/build/icyphy/ptII/ptolemy/actor/lib/test/auto/Clock4.xml
5 ms. Memory: 719360K Free: 379527K (53%)
----------------- Invoking toplevel() on ptolemy.moml.MoMLSimpleApplication@13adc59b
----------------- Done invoking toplevel() on ptolemy.moml.MoMLSimpleApplication@13adc59b
reloadAllAccessors: .Clock4

===========================================================================================
----------------- testing Sun Sep 23 02:11:46 UTC 2018 /home/travis/build/icyphy/ptII/ptolemy/actor/lib/test/auto/Clock5.xml
----------------- Instantiating /home/travis/build/icyphy/ptII/ptolemy/actor/lib/test/auto/Clock5.xml
2 ms. Memory: 719360K Free: 371233K (52%)
----------------- Invoking toplevel() on ptolemy.moml.MoMLSimpleApplication@18de92ea
----------------- Done invoking toplevel() on ptolemy.moml.MoMLSimpleApplication@18de92ea
reloadAllAccessors: .Clock5

===========================================================================================
----------------- testing Sun Sep 23 02:11:46 UTC 2018 /home/travis/build/icyphy/ptII/ptolemy/actor/lib/test/auto/Clock6.xml
----------------- Instantiating /home/travis/build/icyphy/ptII/ptolemy/actor/lib/test/auto/Clock6.xml
1 ms. Memory: 719360K Free: 355947K (49%)
----------------- Invoking toplevel() on ptolemy.moml.MoMLSimpleApplication@d50f2fc
----------------- Done invoking toplevel() on ptolemy.moml.MoMLSimpleApplication@d50f2fc
reloadAllAccessors: .Clock6

===========================================================================================
----------------- testing Sun Sep 23 02:11:46 UTC 2018 /home/travis/build/icyphy/ptII/ptolemy/actor/lib/test/auto/Clock7.xml
----------------- Instantiating /home/travis/build/icyphy/ptII/ptolemy/actor/lib/test/auto/Clock7.xml
2 ms. Memory: 719360K Free: 347652K (48%)
----------------- Invoking toplevel() on ptolemy.moml.MoMLSimpleApplication@67520a3a
----------------- Done invoking toplevel() on ptolemy.moml.MoMLSimpleApplication@67520a3a
reloadAllAccessors: .Clock7

===========================================================================================
----------------- testing Sun Sep 23 02:11:46 UTC 2018 /home/travis/build/icyphy/ptII/ptolemy/actor/lib/test/auto/Clock8.xml
----------------- Instantiating /home/travis/build/icyphy/ptII/ptolemy/actor/lib/test/auto/Clock8.xml
6 ms. Memory: 719360K Free: 339358K (47%)
----------------- Invoking toplevel() on ptolemy.moml.MoMLSimpleApplication@7c56f16f
----------------- Done invoking toplevel() on ptolemy.moml.MoMLSimpleApplication@7c56f16f
reloadAllAccessors: .Clock8

===========================================================================================
----------------- testing Sun Sep 23 02:11:46 UTC 2018 /home/travis/build/icyphy/ptII/ptolemy/actor/lib/test/auto/Clock9.xml
----------------- Instantiating /home/travis/build/icyphy/ptII/ptolemy/actor/lib/test/auto/Clock9.xml
6 ms. Memory: 719360K Free: 331063K (46%)
----------------- Invoking toplevel() on ptolemy.moml.MoMLSimpleApplication@bcc22d2
----------------- Done invoking toplevel() on ptolemy.moml.MoMLSimpleApplication@bcc22d2
reloadAllAccessors: .Clock9

===========================================================================================
----------------- testing Sun Sep 23 02:11:46 UTC 2018 /home/travis/build/icyphy/ptII/ptolemy/actor/lib/test/auto/CommDistDiscard.xml
----------------- Instantiating /home/travis/build/icyphy/ptII/ptolemy/actor/lib/test/auto/CommDistDiscard.xml
2 ms. Memory: 719360K Free: 315777K (44%)
----------------- Invoking toplevel() on ptolemy.moml.MoMLSimpleApplication@5c89bb4c
----------------- Done invoking toplevel() on ptolemy.moml.MoMLSimpleApplication@5c89bb4c
reloadAllAccessors: .CommDistDiscard

===========================================================================================
----------------- testing Sun Sep 23 02:11:46 UTC 2018 /home/travis/build/icyphy/ptII/ptolemy/actor/lib/test/auto/Commutator.xml
----------------- Instantiating /home/travis/build/icyphy/ptII/ptolemy/actor/lib/test/auto/Commutator.xml
2 ms. Memory: 719360K Free: 307483K (43%)
----------------- Invoking toplevel() on ptolemy.moml.MoMLSimpleApplication@cf81d8c
----------------- Done invoking toplevel() on ptolemy.moml.MoMLSimpleApplication@cf81d8c
reloadAllAccessors: .Commutator

===========================================================================================
----------------- testing Sun Sep 23 02:11:46 UTC 2018 /home/travis/build/icyphy/ptII/ptolemy/actor/lib/test/auto/Commutator2.xml
----------------- Instantiating /home/travis/build/icyphy/ptII/ptolemy/actor/lib/test/auto/Commutator2.xml
2 ms. Memory: 719360K Free: 299188K (42%)
----------------- Invoking toplevel() on ptolemy.moml.MoMLSimpleApplication@36b865e4
----------------- Done invoking toplevel() on ptolemy.moml.MoMLSimpleApplication@36b865e4
reloadAllAccessors: .Commutator2

===========================================================================================
----------------- testing Sun Sep 23 02:11:46 UTC 2018 /home/travis/build/icyphy/ptII/ptolemy/actor/lib/test/auto/Commutator3.xml
----------------- Instantiating /home/travis/build/icyphy/ptII/ptolemy/actor/lib/test/auto/Commutator3.xml
1 ms. Memory: 719360K Free: 283902K (39%)
----------------- Invoking toplevel() on ptolemy.moml.MoMLSimpleApplication@1cbe91a7
----------------- Done invoking toplevel() on ptolemy.moml.MoMLSimpleApplication@1cbe91a7
reloadAllAccessors: .Commutator3

===========================================================================================
----------------- testing Sun Sep 23 02:11:46 UTC 2018 /home/travis/build/icyphy/ptII/ptolemy/actor/lib/test/auto/Compare.xml
----------------- Instantiating /home/travis/build/icyphy/ptII/ptolemy/actor/lib/test/auto/Compare.xml
2 ms. Memory: 719360K Free: 271461K (38%)
----------------- Invoking toplevel() on ptolemy.moml.MoMLSimpleApplication@4ddfb2bd
----------------- Done invoking toplevel() on ptolemy.moml.MoMLSimpleApplication@4ddfb2bd
reloadAllAccessors: .Compare

===========================================================================================
----------------- testing Sun Sep 23 02:11:46 UTC 2018 /home/travis/build/icyphy/ptII/ptolemy/actor/lib/test/auto/CompareDE.xml
----------------- Instantiating /home/travis/build/icyphy/ptII/ptolemy/actor/lib/test/auto/CompareDE.xml
4 ms. Memory: 719360K Free: 259011K (36%)
----------------- Invoking toplevel() on ptolemy.moml.MoMLSimpleApplication@3acabbcf
----------------- Done invoking toplevel() on ptolemy.moml.MoMLSimpleApplication@3acabbcf
reloadAllAccessors: .CompareDE

===========================================================================================
----------------- testing Sun Sep 23 02:11:46 UTC 2018 /home/travis/build/icyphy/ptII/ptolemy/actor/lib/test/auto/ComplexDivide.xml
----------------- Instantiating /home/travis/build/icyphy/ptII/ptolemy/actor/lib/test/auto/ComplexDivide.xml
2 ms. Memory: 719360K Free: 243725K (34%)
----------------- Invoking toplevel() on ptolemy.moml.MoMLSimpleApplication@87130e7
----------------- Done invoking toplevel() on ptolemy.moml.MoMLSimpleApplication@87130e7
reloadAllAccessors: .ComplexDivide

===========================================================================================
----------------- testing Sun Sep 23 02:11:46 UTC 2018 /home/travis/build/icyphy/ptII/ptolemy/actor/lib/test/auto/ComputeHistogram.xml
----------------- Instantiating /home/travis/build/icyphy/ptII/ptolemy/actor/lib/test/auto/ComputeHistogram.xml
29 ms. Memory: 719360K Free: 227120K (32%)
----------------- Invoking toplevel() on ptolemy.moml.MoMLSimpleApplication@327dbc3f
----------------- Done invoking toplevel() on ptolemy.moml.MoMLSimpleApplication@327dbc3f
reloadAllAccessors: .ComputeHistogram

===========================================================================================
----------------- testing Sun Sep 23 02:11:46 UTC 2018 /home/travis/build/icyphy/ptII/ptolemy/actor/lib/test/auto/ConfigurationSelect.xml
----------------- Instantiating /home/travis/build/icyphy/ptII/ptolemy/actor/lib/test/auto/ConfigurationSelect.xml
3 ms. Memory: 719360K Free: 218825K (30%)
----------------- Invoking toplevel() on ptolemy.moml.MoMLSimpleApplication@38f3f513
----------------- Done invoking toplevel() on ptolemy.moml.MoMLSimpleApplication@38f3f513
reloadAllAccessors: .ConfigurationSelect

===========================================================================================
----------------- testing Sun Sep 23 02:11:46 UTC 2018 /home/travis/build/icyphy/ptII/ptolemy/actor/lib/test/auto/ConfigurationSelect2.xml
----------------- Instantiating /home/travis/build/icyphy/ptII/ptolemy/actor/lib/test/auto/ConfigurationSelect2.xml
2 ms. Memory: 719360K Free: 203539K (28%)
----------------- Invoking toplevel() on ptolemy.moml.MoMLSimpleApplication@12602495
----------------- Done invoking toplevel() on ptolemy.moml.MoMLSimpleApplication@12602495
reloadAllAccessors: .ConfigurationSelect2

===========================================================================================
----------------- testing Sun Sep 23 02:11:46 UTC 2018 /home/travis/build/icyphy/ptII/ptolemy/actor/lib/test/auto/ConfigurationSwitch.xml
----------------- Instantiating /home/travis/build/icyphy/ptII/ptolemy/actor/lib/test/auto/ConfigurationSwitch.xml
2 ms. Memory: 719360K Free: 195245K (27%)
----------------- Invoking toplevel() on ptolemy.moml.MoMLSimpleApplication@1ebb9586
----------------- Done invoking toplevel() on ptolemy.moml.MoMLSimpleApplication@1ebb9586
reloadAllAccessors: .ConfigurationSwitch

===========================================================================================
----------------- testing Sun Sep 23 02:11:46 UTC 2018 /home/travis/build/icyphy/ptII/ptolemy/actor/lib/test/auto/ConfigurationSwitch2.xml
----------------- Instantiating /home/travis/build/icyphy/ptII/ptolemy/actor/lib/test/auto/ConfigurationSwitch2.xml
2 ms. Memory: 719360K Free: 186950K (26%)
----------------- Invoking toplevel() on ptolemy.moml.MoMLSimpleApplication@46e3b77f
----------------- Done invoking toplevel() on ptolemy.moml.MoMLSimpleApplication@46e3b77f
reloadAllAccessors: .ConfigurationSwitch2

===========================================================================================
----------------- testing Sun Sep 23 02:11:46 UTC 2018 /home/travis/build/icyphy/ptII/ptolemy/actor/lib/test/auto/ConfigurationSwitchCloningBugWithClassRelationGroup.xml
----------------- Instantiating /home/travis/build/icyphy/ptII/ptolemy/actor/lib/test/auto/ConfigurationSwitchCloningBugWithClassRelationGroup.xml
1 ms. Memory: 719360K Free: 167517K (23%)
----------------- Invoking toplevel() on ptolemy.moml.MoMLSimpleApplication@27b40c82
----------------- Done invoking toplevel() on ptolemy.moml.MoMLSimpleApplication@27b40c82
reloadAllAccessors: .ConfigurationSwitchCloningBugWithClassRelationGroup

===========================================================================================
----------------- testing Sun Sep 23 02:11:46 UTC 2018 /home/travis/build/icyphy/ptII/ptolemy/actor/lib/test/auto/ConfigurationSwitchSelectSDF.xml
----------------- Instantiating /home/travis/build/icyphy/ptII/ptolemy/actor/lib/test/auto/ConfigurationSwitchSelectSDF.xml
2 ms. Memory: 719360K Free: 159223K (22%)
----------------- Invoking toplevel() on ptolemy.moml.MoMLSimpleApplication@3d486a09
----------------- Done invoking toplevel() on ptolemy.moml.MoMLSimpleApplication@3d486a09
reloadAllAccessors: .ConfigurationSwitchSelectSDF

===========================================================================================
----------------- testing Sun Sep 23 02:11:46 UTC 2018 /home/travis/build/icyphy/ptII/ptolemy/actor/lib/test/auto/ConfigurationSwitchSelectSDF2.xml
----------------- Instantiating /home/travis/build/icyphy/ptII/ptolemy/actor/lib/test/auto/ConfigurationSwitchSelectSDF2.xml
3 ms. Memory: 719360K Free: 150928K (21%)
----------------- Invoking toplevel() on ptolemy.moml.MoMLSimpleApplication@6c71d63f
----------------- Done invoking toplevel() on ptolemy.moml.MoMLSimpleApplication@6c71d63f
reloadAllAccessors: .ConfigurationSwitchSelectSDF2

===========================================================================================
----------------- testing Sun Sep 23 02:11:46 UTC 2018 /home/travis/build/icyphy/ptII/ptolemy/actor/lib/test/auto/Const.xml
----------------- Instantiating /home/travis/build/icyphy/ptII/ptolemy/actor/lib/test/auto/Const.xml
1 ms. Memory: 719360K Free: 135642K (19%)
----------------- Invoking toplevel() on ptolemy.moml.MoMLSimpleApplication@24f6c911
----------------- Done invoking toplevel() on ptolemy.moml.MoMLSimpleApplication@24f6c911
reloadAllAccessors: .Const

===========================================================================================
----------------- testing Sun Sep 23 02:11:46 UTC 2018 /home/travis/build/icyphy/ptII/ptolemy/actor/lib/test/auto/Const2.xml
----------------- Instantiating /home/travis/build/icyphy/ptII/ptolemy/actor/lib/test/auto/Const2.xml
1 ms. Memory: 719360K Free: 127348K (18%)
----------------- Invoking toplevel() on ptolemy.moml.MoMLSimpleApplication@5270865
----------------- Done invoking toplevel() on ptolemy.moml.MoMLSimpleApplication@5270865
reloadAllAccessors: .Const2

===========================================================================================
----------------- testing Sun Sep 23 02:11:46 UTC 2018 /home/travis/build/icyphy/ptII/ptolemy/actor/lib/test/auto/Const3.xml
----------------- Instantiating /home/travis/build/icyphy/ptII/ptolemy/actor/lib/test/auto/Const3.xml
2 ms. Memory: 719360K Free: 119053K (17%)
----------------- Invoking toplevel() on ptolemy.moml.MoMLSimpleApplication@1dfe0ddc
----------------- Done invoking toplevel() on ptolemy.moml.MoMLSimpleApplication@1dfe0ddc
reloadAllAccessors: .Const3

===========================================================================================
----------------- testing Sun Sep 23 02:11:46 UTC 2018 /home/travis/build/icyphy/ptII/ptolemy/actor/lib/test/auto/ConstantPublisherPort1.xml
----------------- Instantiating /home/travis/build/icyphy/ptII/ptolemy/actor/lib/test/auto/ConstantPublisherPort1.xml
7 ms. Memory: 719360K Free: 99604K (14%)
----------------- Invoking toplevel() on ptolemy.moml.MoMLSimpleApplication@5e23a242
----------------- Done invoking toplevel() on ptolemy.moml.MoMLSimpleApplication@5e23a242
reloadAllAccessors: .ConstantPublisherPort1

===========================================================================================
----------------- testing Sun Sep 23 02:11:46 UTC 2018 /home/travis/build/icyphy/ptII/ptolemy/actor/lib/test/auto/ConstantPublisherPort2.xml
----------------- Instantiating /home/travis/build/icyphy/ptII/ptolemy/actor/lib/test/auto/ConstantPublisherPort2.xml
5 ms. Memory: 719360K Free: 87147K (12%)
----------------- Invoking toplevel() on ptolemy.moml.MoMLSimpleApplication@7c41e726
----------------- Done invoking toplevel() on ptolemy.moml.MoMLSimpleApplication@7c41e726
reloadAllAccessors: .ConstantPublisherPort2

===========================================================================================
----------------- testing Sun Sep 23 02:11:46 UTC 2018 /home/travis/build/icyphy/ptII/ptolemy/actor/lib/test/auto/ConstantPublisherPort3.xml
----------------- Instantiating /home/travis/build/icyphy/ptII/ptolemy/actor/lib/test/auto/ConstantPublisherPort3.xml
5 ms. Memory: 719360K Free: 74689K (10%)
----------------- Invoking toplevel() on ptolemy.moml.MoMLSimpleApplication@49302d5e
----------------- Done invoking toplevel() on ptolemy.moml.MoMLSimpleApplication@49302d5e
reloadAllAccessors: .ConstantPublisherPort3

===========================================================================================
----------------- testing Sun Sep 23 02:11:46 UTC 2018 /home/travis/build/icyphy/ptII/ptolemy/actor/lib/test/auto/ConstantPublisherPort4.xml
----------------- Instantiating /home/travis/build/icyphy/ptII/ptolemy/actor/lib/test/auto/ConstantPublisherPort4.xml
3 ms. Memory: 719360K Free: 56176K (8%)
----------------- Invoking toplevel() on ptolemy.moml.MoMLSimpleApplication@22d06521
----------------- Done invoking toplevel() on ptolemy.moml.MoMLSimpleApplication@22d06521
reloadAllAccessors: .ConstantPublisherPort4

===========================================================================================
----------------- testing Sun Sep 23 02:11:46 UTC 2018 /home/travis/build/icyphy/ptII/ptolemy/actor/lib/test/auto/ConstantPublisherPort5.xml
----------------- Instantiating /home/travis/build/icyphy/ptII/ptolemy/actor/lib/test/auto/ConstantPublisherPort5.xml
19 ms. Memory: 719872K Free: 651312K (90%)
----------------- Invoking toplevel() on ptolemy.moml.MoMLSimpleApplication@7e91697f
----------------- Done invoking toplevel() on ptolemy.moml.MoMLSimpleApplication@7e91697f
reloadAllAccessors: .ConstantPublisherPort5

===========================================================================================
----------------- testing Sun Sep 23 02:11:47 UTC 2018 /home/travis/build/icyphy/ptII/ptolemy/actor/lib/test/auto/ConstantPublisherPort6.xml
----------------- Instantiating /home/travis/build/icyphy/ptII/ptolemy/actor/lib/test/auto/ConstantPublisherPort6.xml
26 ms. Memory: 719872K Free: 614859K (85%)
----------------- Invoking toplevel() on ptolemy.moml.MoMLSimpleApplication@4c268f22
----------------- Done invoking toplevel() on ptolemy.moml.MoMLSimpleApplication@4c268f22
reloadAllAccessors: .ConstantPublisherPort6

===========================================================================================
----------------- testing Sun Sep 23 02:11:47 UTC 2018 /home/travis/build/icyphy/ptII/ptolemy/actor/lib/test/auto/ConstantPublisherPort7.xml
----------------- Instantiating /home/travis/build/icyphy/ptII/ptolemy/actor/lib/test/auto/ConstantPublisherPort7.xml
15 ms. Memory: 719872K Free: 583755K (81%)
----------------- Invoking toplevel() on ptolemy.moml.MoMLSimpleApplication@51daba24
----------------- Done invoking toplevel() on ptolemy.moml.MoMLSimpleApplication@51daba24
reloadAllAccessors: .ConstantPublisherPort7

===========================================================================================
----------------- testing Sun Sep 23 02:11:47 UTC 2018 /home/travis/build/icyphy/ptII/ptolemy/actor/lib/test/auto/ConstraintMonitor1.xml
----------------- Instantiating /home/travis/build/icyphy/ptII/ptolemy/actor/lib/test/auto/ConstraintMonitor1.xml
6 ms. Memory: 719872K Free: 565965K (79%)
----------------- Invoking toplevel() on ptolemy.moml.MoMLSimpleApplication@53c33977
----------------- Done invoking toplevel() on ptolemy.moml.MoMLSimpleApplication@53c33977
reloadAllAccessors: .ConstraintMonitor1

===========================================================================================
----------------- testing Sun Sep 23 02:11:47 UTC 2018 /home/travis/build/icyphy/ptII/ptolemy/actor/lib/test/auto/ConstraintMonitor2.xml
----------------- Instantiating /home/travis/build/icyphy/ptII/ptolemy/actor/lib/test/auto/ConstraintMonitor2.xml
7 ms. Memory: 719872K Free: 553523K (77%)
----------------- Invoking toplevel() on ptolemy.moml.MoMLSimpleApplication@6ba2c55d
----------------- Done invoking toplevel() on ptolemy.moml.MoMLSimpleApplication@6ba2c55d
reloadAllAccessors: .ConstraintMonitor2

===========================================================================================
----------------- testing Sun Sep 23 02:11:47 UTC 2018 /home/travis/build/icyphy/ptII/ptolemy/actor/lib/test/auto/ConstraintMonitor3.xml
----------------- Instantiating /home/travis/build/icyphy/ptII/ptolemy/actor/lib/test/auto/ConstraintMonitor3.xml
1 ms. Memory: 719872K Free: 535733K (74%)
----------------- Invoking toplevel() on ptolemy.moml.MoMLSimpleApplication@dee7118
----------------- Done invoking toplevel() on ptolemy.moml.MoMLSimpleApplication@dee7118
reloadAllAccessors: .ConstraintMonitor3

===========================================================================================
----------------- testing Sun Sep 23 02:11:47 UTC 2018 /home/travis/build/icyphy/ptII/ptolemy/actor/lib/test/auto/ConstraintMonitor4.xml
----------------- Instantiating /home/travis/build/icyphy/ptII/ptolemy/actor/lib/test/auto/ConstraintMonitor4.xml
6 ms. Memory: 719872K Free: 523291K (73%)
----------------- Invoking toplevel() on ptolemy.moml.MoMLSimpleApplication@703ad050
----------------- Done invoking toplevel() on ptolemy.moml.MoMLSimpleApplication@703ad050
reloadAllAccessors: .ConstraintMonitor4

===========================================================================================
----------------- testing Sun Sep 23 02:11:47 UTC 2018 /home/travis/build/icyphy/ptII/ptolemy/actor/lib/test/auto/ConstraintMonitor5.xml
----------------- Instantiating /home/travis/build/icyphy/ptII/ptolemy/actor/lib/test/auto/ConstraintMonitor5.xml
3 ms. Memory: 719872K Free: 505501K (70%)
----------------- Invoking toplevel() on ptolemy.moml.MoMLSimpleApplication@6de2e92d
----------------- Done invoking toplevel() on ptolemy.moml.MoMLSimpleApplication@6de2e92d
reloadAllAccessors: .ConstraintMonitor5

===========================================================================================
----------------- testing Sun Sep 23 02:11:47 UTC 2018 /home/travis/build/icyphy/ptII/ptolemy/actor/lib/test/auto/ConstraintMonitor6.xml
----------------- Instantiating /home/travis/build/icyphy/ptII/ptolemy/actor/lib/test/auto/ConstraintMonitor6.xml
3 ms. Memory: 719872K Free: 493059K (68%)
----------------- Invoking toplevel() on ptolemy.moml.MoMLSimpleApplication@14e29ea2
----------------- Done invoking toplevel() on ptolemy.moml.MoMLSimpleApplication@14e29ea2
reloadAllAccessors: .ConstraintMonitor6

===========================================================================================
----------------- testing Sun Sep 23 02:11:47 UTC 2018 /home/travis/build/icyphy/ptII/ptolemy/actor/lib/test/auto/ConstraintMonitor7.xml
----------------- Instantiating /home/travis/build/icyphy/ptII/ptolemy/actor/lib/test/auto/ConstraintMonitor7.xml
6 ms. Memory: 719872K Free: 480617K (67%)
----------------- Invoking toplevel() on ptolemy.moml.MoMLSimpleApplication@6810c6bb
----------------- Done invoking toplevel() on ptolemy.moml.MoMLSimpleApplication@6810c6bb
reloadAllAccessors: .ConstraintMonitor7

===========================================================================================
----------------- testing Sun Sep 23 02:11:47 UTC 2018 /home/travis/build/icyphy/ptII/ptolemy/actor/lib/test/auto/ConstraintMonitor8.xml
----------------- Instantiating /home/travis/build/icyphy/ptII/ptolemy/actor/lib/test/auto/ConstraintMonitor8.xml
9 ms. Memory: 719872K Free: 462827K (64%)
----------------- Invoking toplevel() on ptolemy.moml.MoMLSimpleApplication@5e83dc7c
----------------- Done invoking toplevel() on ptolemy.moml.MoMLSimpleApplication@5e83dc7c
reloadAllAccessors: .ConstraintMonitor8

===========================================================================================
----------------- testing Sun Sep 23 02:11:47 UTC 2018 /home/travis/build/icyphy/ptII/ptolemy/actor/lib/test/auto/Counter.xml
----------------- Instantiating /home/travis/build/icyphy/ptII/ptolemy/actor/lib/test/auto/Counter.xml
4 ms. Memory: 719872K Free: 450386K (63%)
----------------- Invoking toplevel() on ptolemy.moml.MoMLSimpleApplication@2afd7bd7
----------------- Done invoking toplevel() on ptolemy.moml.MoMLSimpleApplication@2afd7bd7
reloadAllAccessors: .Counter

===========================================================================================
----------------- testing Sun Sep 23 02:11:47 UTC 2018 /home/travis/build/icyphy/ptII/ptolemy/actor/lib/test/auto/CurrentTimeSDF.xml
----------------- Instantiating /home/travis/build/icyphy/ptII/ptolemy/actor/lib/test/auto/CurrentTimeSDF.xml
1 ms. Memory: 719872K Free: 432595K (60%)
----------------- Invoking toplevel() on ptolemy.moml.MoMLSimpleApplication@4e542c6a
----------------- Done invoking toplevel() on ptolemy.moml.MoMLSimpleApplication@4e542c6a
reloadAllAccessors: .CurrentTimeSDF

===========================================================================================
----------------- testing Sun Sep 23 02:11:47 UTC 2018 /home/travis/build/icyphy/ptII/ptolemy/actor/lib/test/auto/DB.xml
----------------- Instantiating /home/travis/build/icyphy/ptII/ptolemy/actor/lib/test/auto/DB.xml
3 ms. Memory: 719872K Free: 420154K (58%)
----------------- Invoking toplevel() on ptolemy.moml.MoMLSimpleApplication@4a31ec6
----------------- Done invoking toplevel() on ptolemy.moml.MoMLSimpleApplication@4a31ec6
reloadAllAccessors: .DB

===========================================================================================
----------------- testing Sun Sep 23 02:11:47 UTC 2018 /home/travis/build/icyphy/ptII/ptolemy/actor/lib/test/auto/DBDE.xml
----------------- Instantiating /home/travis/build/icyphy/ptII/ptolemy/actor/lib/test/auto/DBDE.xml
2 ms. Memory: 719872K Free: 402364K (56%)
----------------- Invoking toplevel() on ptolemy.moml.MoMLSimpleApplication@2e22ff57
----------------- Done invoking toplevel() on ptolemy.moml.MoMLSimpleApplication@2e22ff57
reloadAllAccessors: .DBDE

===========================================================================================
----------------- testing Sun Sep 23 02:11:47 UTC 2018 /home/travis/build/icyphy/ptII/ptolemy/actor/lib/test/auto/DateConstructor.xml
----------------- Instantiating /home/travis/build/icyphy/ptII/ptolemy/actor/lib/test/auto/DateConstructor.xml
17 ms. Memory: 719872K Free: 377456K (52%)
----------------- Invoking toplevel() on ptolemy.moml.MoMLSimpleApplication@6de9d541
----------------- Done invoking toplevel() on ptolemy.moml.MoMLSimpleApplication@6de9d541
reloadAllAccessors: .DateConstructor

===========================================================================================
----------------- testing Sun Sep 23 02:11:47 UTC 2018 /home/travis/build/icyphy/ptII/ptolemy/actor/lib/test/auto/DelayTime.xml
----------------- Instantiating /home/travis/build/icyphy/ptII/ptolemy/actor/lib/test/auto/DelayTime.xml
4 ms. Memory: 719872K Free: 365015K (51%)
----------------- Invoking toplevel() on ptolemy.moml.MoMLSimpleApplication@73ed1ea7
----------------- Done invoking toplevel() on ptolemy.moml.MoMLSimpleApplication@73ed1ea7
reloadAllAccessors: .DelayTime

===========================================================================================
----------------- testing Sun Sep 23 02:11:47 UTC 2018 /home/travis/build/icyphy/ptII/ptolemy/actor/lib/test/auto/Dictionary1.xml
----------------- Instantiating /home/travis/build/icyphy/ptII/ptolemy/actor/lib/test/auto/Dictionary1.xml
2 ms. Memory: 719872K Free: 347224K (48%)
----------------- Invoking toplevel() on ptolemy.moml.MoMLSimpleApplication@499fca11
----------------- Done invoking toplevel() on ptolemy.moml.MoMLSimpleApplication@499fca11
reloadAllAccessors: .Dictionary1

===========================================================================================
----------------- testing Sun Sep 23 02:11:47 UTC 2018 /home/travis/build/icyphy/ptII/ptolemy/actor/lib/test/auto/Dictionary2.xml
----------------- Instantiating /home/travis/build/icyphy/ptII/ptolemy/actor/lib/test/auto/Dictionary2.xml
3 ms. Memory: 719872K Free: 334782K (47%)
----------------- Invoking toplevel() on ptolemy.moml.MoMLSimpleApplication@64b4ca95
----------------- Done invoking toplevel() on ptolemy.moml.MoMLSimpleApplication@64b4ca95
reloadAllAccessors: .Dictionary2

===========================================================================================
----------------- testing Sun Sep 23 02:11:47 UTC 2018 /home/travis/build/icyphy/ptII/ptolemy/actor/lib/test/auto/Dictionary3.xml
----------------- Instantiating /home/travis/build/icyphy/ptII/ptolemy/actor/lib/test/auto/Dictionary3.xml
2 ms. Memory: 719872K Free: 316992K (44%)
----------------- Invoking toplevel() on ptolemy.moml.MoMLSimpleApplication@4744f287
----------------- Done invoking toplevel() on ptolemy.moml.MoMLSimpleApplication@4744f287
reloadAllAccessors: .Dictionary3

===========================================================================================
----------------- testing Sun Sep 23 02:11:47 UTC 2018 /home/travis/build/icyphy/ptII/ptolemy/actor/lib/test/auto/Dictionary4.xml
----------------- Instantiating /home/travis/build/icyphy/ptII/ptolemy/actor/lib/test/auto/Dictionary4.xml
5 ms. Memory: 719872K Free: 304551K (42%)
----------------- Invoking toplevel() on ptolemy.moml.MoMLSimpleApplication@4777e672
----------------- Done invoking toplevel() on ptolemy.moml.MoMLSimpleApplication@4777e672
reloadAllAccessors: .Dictionary4

===========================================================================================
----------------- testing Sun Sep 23 02:11:47 UTC 2018 /home/travis/build/icyphy/ptII/ptolemy/actor/lib/test/auto/Differential.xml
----------------- Instantiating /home/travis/build/icyphy/ptII/ptolemy/actor/lib/test/auto/Differential.xml
3 ms. Memory: 719872K Free: 286760K (40%)
----------------- Invoking toplevel() on ptolemy.moml.MoMLSimpleApplication@5939cb91
----------------- Done invoking toplevel() on ptolemy.moml.MoMLSimpleApplication@5939cb91
reloadAllAccessors: .Differential

===========================================================================================
----------------- testing Sun Sep 23 02:11:47 UTC 2018 /home/travis/build/icyphy/ptII/ptolemy/actor/lib/test/auto/Director.xml
----------------- Instantiating /home/travis/build/icyphy/ptII/ptolemy/actor/lib/test/auto/Director.xml
4 ms. Memory: 719872K Free: 274319K (38%)
----------------- Invoking toplevel() on ptolemy.moml.MoMLSimpleApplication@36396053
----------------- Done invoking toplevel() on ptolemy.moml.MoMLSimpleApplication@36396053
reloadAllAccessors: .Director

===========================================================================================
----------------- testing Sun Sep 23 02:11:47 UTC 2018 /home/travis/build/icyphy/ptII/ptolemy/actor/lib/test/auto/DiscreteClock.xml
----------------- Instantiating /home/travis/build/icyphy/ptII/ptolemy/actor/lib/test/auto/DiscreteClock.xml
1 ms. Memory: 719872K Free: 261877K (36%)
----------------- Invoking toplevel() on ptolemy.moml.MoMLSimpleApplication@3c657733
----------------- Done invoking toplevel() on ptolemy.moml.MoMLSimpleApplication@3c657733
reloadAllAccessors: .DiscreteClock

===========================================================================================
----------------- testing Sun Sep 23 02:11:47 UTC 2018 /home/travis/build/icyphy/ptII/ptolemy/actor/lib/test/auto/DiscreteClock10.xml
----------------- Instantiating /home/travis/build/icyphy/ptII/ptolemy/actor/lib/test/auto/DiscreteClock10.xml
5 ms. Memory: 719872K Free: 244087K (34%)
----------------- Invoking toplevel() on ptolemy.moml.MoMLSimpleApplication@1c4b58a
----------------- Done invoking toplevel() on ptolemy.moml.MoMLSimpleApplication@1c4b58a
reloadAllAccessors: .DiscreteClock10

===========================================================================================
----------------- testing Sun Sep 23 02:11:47 UTC 2018 /home/travis/build/icyphy/ptII/ptolemy/actor/lib/test/auto/DiscreteClock11.xml
----------------- Instantiating /home/travis/build/icyphy/ptII/ptolemy/actor/lib/test/auto/DiscreteClock11.xml
2 ms. Memory: 719872K Free: 231645K (32%)
----------------- Invoking toplevel() on ptolemy.moml.MoMLSimpleApplication@1d05149
----------------- Done invoking toplevel() on ptolemy.moml.MoMLSimpleApplication@1d05149
reloadAllAccessors: .DiscreteClock11

===========================================================================================
----------------- testing Sun Sep 23 02:11:47 UTC 2018 /home/travis/build/icyphy/ptII/ptolemy/actor/lib/test/auto/DiscreteClock12.xml
----------------- Instantiating /home/travis/build/icyphy/ptII/ptolemy/actor/lib/test/auto/DiscreteClock12.xml
4 ms. Memory: 719872K Free: 213855K (30%)
----------------- Invoking toplevel() on ptolemy.moml.MoMLSimpleApplication@377f562a
----------------- Done invoking toplevel() on ptolemy.moml.MoMLSimpleApplication@377f562a
reloadAllAccessors: .DiscreteClock12

===========================================================================================
----------------- testing Sun Sep 23 02:11:47 UTC 2018 /home/travis/build/icyphy/ptII/ptolemy/actor/lib/test/auto/DiscreteClock13.xml
----------------- Instantiating /home/travis/build/icyphy/ptII/ptolemy/actor/lib/test/auto/DiscreteClock13.xml
6 ms. Memory: 719872K Free: 201413K (28%)
----------------- Invoking toplevel() on ptolemy.moml.MoMLSimpleApplication@1479c154
----------------- Done invoking toplevel() on ptolemy.moml.MoMLSimpleApplication@1479c154
reloadAllAccessors: .DiscreteClock13

===========================================================================================
----------------- testing Sun Sep 23 02:11:47 UTC 2018 /home/travis/build/icyphy/ptII/ptolemy/actor/lib/test/auto/DiscreteClock14.xml
----------------- Instantiating /home/travis/build/icyphy/ptII/ptolemy/actor/lib/test/auto/DiscreteClock14.xml
7 ms. Memory: 719872K Free: 183623K (26%)
----------------- Invoking toplevel() on ptolemy.moml.MoMLSimpleApplication@79335b2b
----------------- Done invoking toplevel() on ptolemy.moml.MoMLSimpleApplication@79335b2b
reloadAllAccessors: .DiscreteClock14

===========================================================================================
----------------- testing Sun Sep 23 02:11:47 UTC 2018 /home/travis/build/icyphy/ptII/ptolemy/actor/lib/test/auto/DiscreteClock15.xml
----------------- Instantiating /home/travis/build/icyphy/ptII/ptolemy/actor/lib/test/auto/DiscreteClock15.xml
7 ms. Memory: 719872K Free: 171181K (24%)
----------------- Invoking toplevel() on ptolemy.moml.MoMLSimpleApplication@79f9c4cc
----------------- Done invoking toplevel() on ptolemy.moml.MoMLSimpleApplication@79f9c4cc
reloadAllAccessors: .DiscreteClock15

===========================================================================================
----------------- testing Sun Sep 23 02:11:47 UTC 2018 /home/travis/build/icyphy/ptII/ptolemy/actor/lib/test/auto/DiscreteClock16.xml
----------------- Instantiating /home/travis/build/icyphy/ptII/ptolemy/actor/lib/test/auto/DiscreteClock16.xml
12 ms. Memory: 719872K Free: 152503K (21%)
----------------- Invoking toplevel() on ptolemy.moml.MoMLSimpleApplication@53f2e8a6
----------------- Done invoking toplevel() on ptolemy.moml.MoMLSimpleApplication@53f2e8a6
reloadAllAccessors: .DiscreteClock16

===========================================================================================
----------------- testing Sun Sep 23 02:11:47 UTC 2018 /home/travis/build/icyphy/ptII/ptolemy/actor/lib/test/auto/DiscreteClock17.xml
----------------- Instantiating /home/travis/build/icyphy/ptII/ptolemy/actor/lib/test/auto/DiscreteClock17.xml
10 ms. Memory: 719872K Free: 128492K (18%)
----------------- Invoking toplevel() on ptolemy.moml.MoMLSimpleApplication@404cbe82
----------------- Done invoking toplevel() on ptolemy.moml.MoMLSimpleApplication@404cbe82
reloadAllAccessors: .DiscreteClock17

===========================================================================================
----------------- testing Sun Sep 23 02:11:47 UTC 2018 /home/travis/build/icyphy/ptII/ptolemy/actor/lib/test/auto/DiscreteClock18.xml
----------------- Instantiating /home/travis/build/icyphy/ptII/ptolemy/actor/lib/test/auto/DiscreteClock18.xml
22 ms. Memory: 719872K Free: 109813K (15%)
----------------- Invoking toplevel() on ptolemy.moml.MoMLSimpleApplication@7affd93f
----------------- Done invoking toplevel() on ptolemy.moml.MoMLSimpleApplication@7affd93f
reloadAllAccessors: .DiscreteClock18

===========================================================================================
----------------- testing Sun Sep 23 02:11:48 UTC 2018 /home/travis/build/icyphy/ptII/ptolemy/actor/lib/test/auto/DiscreteClock19.xml
----------------- Instantiating /home/travis/build/icyphy/ptII/ptolemy/actor/lib/test/auto/DiscreteClock19.xml
18 ms. Memory: 719872K Free: 85786K (12%)
----------------- Invoking toplevel() on ptolemy.moml.MoMLSimpleApplication@2f8e7fc5
----------------- Done invoking toplevel() on ptolemy.moml.MoMLSimpleApplication@2f8e7fc5
reloadAllAccessors: .DiscreteClock19

===========================================================================================
----------------- testing Sun Sep 23 02:11:48 UTC 2018 /home/travis/build/icyphy/ptII/ptolemy/actor/lib/test/auto/DiscreteClock2.xml
----------------- Instantiating /home/travis/build/icyphy/ptII/ptolemy/actor/lib/test/auto/DiscreteClock2.xml
5 ms. Memory: 719872K Free: 73345K (10%)
----------------- Invoking toplevel() on ptolemy.moml.MoMLSimpleApplication@4440c2de
----------------- Done invoking toplevel() on ptolemy.moml.MoMLSimpleApplication@4440c2de
reloadAllAccessors: .DiscreteClock2

===========================================================================================
----------------- testing Sun Sep 23 02:11:48 UTC 2018 /home/travis/build/icyphy/ptII/ptolemy/actor/lib/test/auto/DiscreteClock20.xml
----------------- Instantiating /home/travis/build/icyphy/ptII/ptolemy/actor/lib/test/auto/DiscreteClock20.xml
3 ms. Memory: 719872K Free: 56240K (8%)
----------------- Invoking toplevel() on ptolemy.moml.MoMLSimpleApplication@16ac6504
----------------- Done invoking toplevel() on ptolemy.moml.MoMLSimpleApplication@16ac6504
reloadAllAccessors: .DiscreteClock20

===========================================================================================
----------------- testing Sun Sep 23 02:11:48 UTC 2018 /home/travis/build/icyphy/ptII/ptolemy/actor/lib/test/auto/DiscreteClock21.xml
----------------- Instantiating /home/travis/build/icyphy/ptII/ptolemy/actor/lib/test/auto/DiscreteClock21.xml
9 ms. Memory: 1093120K Free: 1025056K (94%)
----------------- Invoking toplevel() on ptolemy.moml.MoMLSimpleApplication@121c7bdb
----------------- Done invoking toplevel() on ptolemy.moml.MoMLSimpleApplication@121c7bdb
reloadAllAccessors: .DiscreteClock21

===========================================================================================
----------------- testing Sun Sep 23 02:11:48 UTC 2018 /home/travis/build/icyphy/ptII/ptolemy/actor/lib/test/auto/DiscreteClock22.xml
----------------- Instantiating /home/travis/build/icyphy/ptII/ptolemy/actor/lib/test/auto/DiscreteClock22.xml
8 ms. Memory: 1093120K Free: 998614K (91%)
----------------- Invoking toplevel() on ptolemy.moml.MoMLSimpleApplication@654501e6
----------------- Done invoking toplevel() on ptolemy.moml.MoMLSimpleApplication@654501e6
reloadAllAccessors: .DiscreteClock22

===========================================================================================
----------------- testing Sun Sep 23 02:11:48 UTC 2018 /home/travis/build/icyphy/ptII/ptolemy/actor/lib/test/auto/DiscreteClock23.xml
----------------- Instantiating /home/travis/build/icyphy/ptII/ptolemy/actor/lib/test/auto/DiscreteClock23.xml
12 ms. Memory: 1093120K Free: 978707K (90%)
----------------- Invoking toplevel() on ptolemy.moml.MoMLSimpleApplication@6a8f9b7c
----------------- Done invoking toplevel() on ptolemy.moml.MoMLSimpleApplication@6a8f9b7c
reloadAllAccessors: .DiscreteClock23

===========================================================================================
----------------- testing Sun Sep 23 02:11:48 UTC 2018 /home/travis/build/icyphy/ptII/ptolemy/actor/lib/test/auto/DiscreteClock24.xml
----------------- Instantiating /home/travis/build/icyphy/ptII/ptolemy/actor/lib/test/auto/DiscreteClock24.xml
6 ms. Memory: 1093120K Free: 952302K (87%)
----------------- Invoking toplevel() on ptolemy.moml.MoMLSimpleApplication@2af398e7
----------------- Done invoking toplevel() on ptolemy.moml.MoMLSimpleApplication@2af398e7
reloadAllAccessors: .DiscreteClock24

===========================================================================================
----------------- testing Sun Sep 23 02:11:48 UTC 2018 /home/travis/build/icyphy/ptII/ptolemy/actor/lib/test/auto/DiscreteClock4.xml
----------------- Instantiating /home/travis/build/icyphy/ptII/ptolemy/actor/lib/test/auto/DiscreteClock4.xml
4 ms. Memory: 1093120K Free: 932395K (85%)
----------------- Invoking toplevel() on ptolemy.moml.MoMLSimpleApplication@51e7cec6
----------------- Done invoking toplevel() on ptolemy.moml.MoMLSimpleApplication@51e7cec6
reloadAllAccessors: .DiscreteClock4

===========================================================================================
----------------- testing Sun Sep 23 02:11:48 UTC 2018 /home/travis/build/icyphy/ptII/ptolemy/actor/lib/test/auto/DiscreteClock5.xml
----------------- Instantiating /home/travis/build/icyphy/ptII/ptolemy/actor/lib/test/auto/DiscreteClock5.xml
1 ms. Memory: 1093120K Free: 912489K (83%)
----------------- Invoking toplevel() on ptolemy.moml.MoMLSimpleApplication@5c3b0802
----------------- Done invoking toplevel() on ptolemy.moml.MoMLSimpleApplication@5c3b0802
reloadAllAccessors: .DiscreteClock5

===========================================================================================
----------------- testing Sun Sep 23 02:11:48 UTC 2018 /home/travis/build/icyphy/ptII/ptolemy/actor/lib/test/auto/DiscreteClock6.xml
----------------- Instantiating /home/travis/build/icyphy/ptII/ptolemy/actor/lib/test/auto/DiscreteClock6.xml
1 ms. Memory: 1093120K Free: 886083K (81%)
----------------- Invoking toplevel() on ptolemy.moml.MoMLSimpleApplication@3ce49b54
----------------- Done invoking toplevel() on ptolemy.moml.MoMLSimpleApplication@3ce49b54
reloadAllAccessors: .DiscreteClock6

===========================================================================================
----------------- testing Sun Sep 23 02:11:48 UTC 2018 /home/travis/build/icyphy/ptII/ptolemy/actor/lib/test/auto/DiscreteClock7.xml
----------------- Instantiating /home/travis/build/icyphy/ptII/ptolemy/actor/lib/test/auto/DiscreteClock7.xml
1 ms. Memory: 1093120K Free: 866176K (79%)
----------------- Invoking toplevel() on ptolemy.moml.MoMLSimpleApplication@450e85db
----------------- Done invoking toplevel() on ptolemy.moml.MoMLSimpleApplication@450e85db
reloadAllAccessors: .DiscreteClock7

===========================================================================================
----------------- testing Sun Sep 23 02:11:48 UTC 2018 /home/travis/build/icyphy/ptII/ptolemy/actor/lib/test/auto/DiscreteClock8.xml
----------------- Instantiating /home/travis/build/icyphy/ptII/ptolemy/actor/lib/test/auto/DiscreteClock8.xml
6 ms. Memory: 1093120K Free: 846270K (77%)
----------------- Invoking toplevel() on ptolemy.moml.MoMLSimpleApplication@2b367e58
----------------- Done invoking toplevel() on ptolemy.moml.MoMLSimpleApplication@2b367e58
reloadAllAccessors: .DiscreteClock8

===========================================================================================
----------------- testing Sun Sep 23 02:11:48 UTC 2018 /home/travis/build/icyphy/ptII/ptolemy/actor/lib/test/auto/DiscreteClock9.xml
----------------- Instantiating /home/travis/build/icyphy/ptII/ptolemy/actor/lib/test/auto/DiscreteClock9.xml
6 ms. Memory: 1093120K Free: 819864K (75%)
----------------- Invoking toplevel() on ptolemy.moml.MoMLSimpleApplication@13cdc893
----------------- Done invoking toplevel() on ptolemy.moml.MoMLSimpleApplication@13cdc893
reloadAllAccessors: .DiscreteClock9

===========================================================================================
----------------- testing Sun Sep 23 02:11:48 UTC 2018 /home/travis/build/icyphy/ptII/ptolemy/actor/lib/test/auto/DisplayArray.xml
----------------- Instantiating /home/travis/build/icyphy/ptII/ptolemy/actor/lib/test/auto/DisplayArray.xml
4 ms. Memory: 1093120K Free: 799958K (73%)
----------------- Invoking toplevel() on ptolemy.moml.MoMLSimpleApplication@3102284f
----------------- Done invoking toplevel() on ptolemy.moml.MoMLSimpleApplication@3102284f
reloadAllAccessors: .DisplayArray

===========================================================================================
----------------- testing Sun Sep 23 02:11:48 UTC 2018 /home/travis/build/icyphy/ptII/ptolemy/actor/lib/test/auto/Distributor.xml
----------------- Instantiating /home/travis/build/icyphy/ptII/ptolemy/actor/lib/test/auto/Distributor.xml
2 ms. Memory: 1093120K Free: 780051K (71%)
----------------- Invoking toplevel() on ptolemy.moml.MoMLSimpleApplication@16730b4c
----------------- Done invoking toplevel() on ptolemy.moml.MoMLSimpleApplication@16730b4c
reloadAllAccessors: .Distributor

===========================================================================================
----------------- testing Sun Sep 23 02:11:48 UTC 2018 /home/travis/build/icyphy/ptII/ptolemy/actor/lib/test/auto/Distributor2.xml
----------------- Instantiating /home/travis/build/icyphy/ptII/ptolemy/actor/lib/test/auto/Distributor2.xml
2 ms. Memory: 1093120K Free: 753646K (69%)
----------------- Invoking toplevel() on ptolemy.moml.MoMLSimpleApplication@27f393c2
----------------- Done invoking toplevel() on ptolemy.moml.MoMLSimpleApplication@27f393c2
reloadAllAccessors: .Distributor2

===========================================================================================
----------------- testing Sun Sep 23 02:11:48 UTC 2018 /home/travis/build/icyphy/ptII/ptolemy/actor/lib/test/auto/DownSample.xml
----------------- Instantiating /home/travis/build/icyphy/ptII/ptolemy/actor/lib/test/auto/DownSample.xml
2 ms. Memory: 1110016K Free: 1049665K (95%)
----------------- Invoking toplevel() on ptolemy.moml.MoMLSimpleApplication@4757f87b
----------------- Done invoking toplevel() on ptolemy.moml.MoMLSimpleApplication@4757f87b
reloadAllAccessors: .DownSample

===========================================================================================
----------------- testing Sun Sep 23 02:11:48 UTC 2018 /home/travis/build/icyphy/ptII/ptolemy/actor/lib/test/auto/ElectronicUnitBase1.xml
----------------- Instantiating /home/travis/build/icyphy/ptII/ptolemy/actor/lib/test/auto/ElectronicUnitBase1.xml
18 ms. Memory: 1110016K Free: 1016592K (92%)
----------------- Invoking toplevel() on ptolemy.moml.MoMLSimpleApplication@359610c0
----------------- Done invoking toplevel() on ptolemy.moml.MoMLSimpleApplication@359610c0
reloadAllAccessors: .ElectronicUnitBase1

===========================================================================================
----------------- testing Sun Sep 23 02:11:49 UTC 2018 /home/travis/build/icyphy/ptII/ptolemy/actor/lib/test/auto/ElementsToArray.xml
----------------- Instantiating /home/travis/build/icyphy/ptII/ptolemy/actor/lib/test/auto/ElementsToArray.xml
3 ms. Memory: 1110016K Free: 1003321K (90%)
----------------- Invoking toplevel() on ptolemy.moml.MoMLSimpleApplication@10adf8b
----------------- Done invoking toplevel() on ptolemy.moml.MoMLSimpleApplication@10adf8b
reloadAllAccessors: .ElementsToArray

===========================================================================================
----------------- testing Sun Sep 23 02:11:49 UTC 2018 /home/travis/build/icyphy/ptII/ptolemy/actor/lib/test/auto/Equals.xml
----------------- Instantiating /home/travis/build/icyphy/ptII/ptolemy/actor/lib/test/auto/Equals.xml
4 ms. Memory: 1110016K Free: 983551K (89%)
----------------- Invoking toplevel() on ptolemy.moml.MoMLSimpleApplication@60695899
----------------- Done invoking toplevel() on ptolemy.moml.MoMLSimpleApplication@60695899
reloadAllAccessors: .Equals

===========================================================================================
----------------- testing Sun Sep 23 02:11:49 UTC 2018 /home/travis/build/icyphy/ptII/ptolemy/actor/lib/test/auto/Exec.xml
----------------- Instantiating /home/travis/build/icyphy/ptII/ptolemy/actor/lib/test/auto/Exec.xml
7 ms. Memory: 1110016K Free: 953691K (86%)
----------------- Invoking toplevel() on ptolemy.moml.MoMLSimpleApplication@f1ef99a
----------------- Done invoking toplevel() on ptolemy.moml.MoMLSimpleApplication@f1ef99a
reloadAllAccessors: .Exec

===========================================================================================
----------------- testing Sun Sep 23 02:11:49 UTC 2018 /home/travis/build/icyphy/ptII/ptolemy/actor/lib/test/auto/ExecEnvironment.xml
----------------- Instantiating /home/travis/build/icyphy/ptII/ptolemy/actor/lib/test/auto/ExecEnvironment.xml
24 ms. Memory: 1110016K Free: 913877K (82%)
----------------- Invoking toplevel() on ptolemy.moml.MoMLSimpleApplication@7669e0e1
----------------- Done invoking toplevel() on ptolemy.moml.MoMLSimpleApplication@7669e0e1
reloadAllAccessors: .ExecEnvironment

===========================================================================================
----------------- testing Sun Sep 23 02:11:49 UTC 2018 /home/travis/build/icyphy/ptII/ptolemy/actor/lib/test/auto/ExecNonZeroReturnOutput.xml
----------------- Instantiating /home/travis/build/icyphy/ptII/ptolemy/actor/lib/test/auto/ExecNonZeroReturnOutput.xml
149 ms. Memory: 1110016K Free: 807845K (73%)
----------------- Invoking toplevel() on ptolemy.moml.MoMLSimpleApplication@3523543f
----------------- Done invoking toplevel() on ptolemy.moml.MoMLSimpleApplication@3523543f
reloadAllAccessors: .ExecNonZeroReturnOutput

===========================================================================================
----------------- testing Sun Sep 23 02:11:49 UTC 2018 /home/travis/build/icyphy/ptII/ptolemy/actor/lib/test/auto/ExecRunDemos.xml
----------------- Instantiating /home/travis/build/icyphy/ptII/ptolemy/actor/lib/test/auto/ExecRunDemos.xml
Finished: 102 ms. Memory: 116224K Free: 100103K (86%)

Finished: 36 ms. Memory: 116224K Free: 96344K (83%)

Finished: 45 ms. Memory: 116224K Free: 96957K (83%)

Finished: 41 ms. Memory: 116224K Free: 98268K (85%)

Finished: 40 ms. Memory: 116224K Free: 99505K (86%)

9838 ms. Memory: 1110016K Free: 714920K (64%)
----------------- Invoking toplevel() on ptolemy.moml.MoMLSimpleApplication@69cfaf19
----------------- Done invoking toplevel() on ptolemy.moml.MoMLSimpleApplication@69cfaf19
reloadAllAccessors: .ExecRunDemos

===========================================================================================
----------------- testing Sun Sep 23 02:11:59 UTC 2018 /home/travis/build/icyphy/ptII/ptolemy/actor/lib/test/auto/ExecStop.xml
----------------- Instantiating /home/travis/build/icyphy/ptII/ptolemy/actor/lib/test/auto/ExecStop.xml
5015 ms. Memory: 1110016K Free: 549031K (49%)
----------------- Invoking toplevel() on ptolemy.moml.MoMLSimpleApplication@2a6d8615
----------------- Done invoking toplevel() on ptolemy.moml.MoMLSimpleApplication@2a6d8615
reloadAllAccessors: .ExecStop

===========================================================================================
----------------- testing Sun Sep 23 02:12:04 UTC 2018 /home/travis/build/icyphy/ptII/ptolemy/actor/lib/test/auto/ExecutionTimeSDF.xml
----------------- Instantiating /home/travis/build/icyphy/ptII/ptolemy/actor/lib/test/auto/ExecutionTimeSDF.xml
Fired ExecutionTime: 1798800000
Fired ExecutionTime: 898000000
Fired ExecutionTime: -967767296
6003 ms. Memory: 1110016K Free: 522609K (47%)
----------------- Invoking toplevel() on ptolemy.moml.MoMLSimpleApplication@5a107ace
----------------- Done invoking toplevel() on ptolemy.moml.MoMLSimpleApplication@5a107ace
reloadAllAccessors: .ExecutionTimeSDF

===========================================================================================
----------------- testing Sun Sep 23 02:12:10 UTC 2018 /home/travis/build/icyphy/ptII/ptolemy/actor/lib/test/auto/Expression1.xml
----------------- Instantiating /home/travis/build/icyphy/ptII/ptolemy/actor/lib/test/auto/Expression1.xml
1 ms. Memory: 1110016K Free: 509338K (46%)
----------------- Invoking toplevel() on ptolemy.moml.MoMLSimpleApplication@633ab257
----------------- Done invoking toplevel() on ptolemy.moml.MoMLSimpleApplication@633ab257
reloadAllAccessors: .Expression1

===========================================================================================
----------------- testing Sun Sep 23 02:12:10 UTC 2018 /home/travis/build/icyphy/ptII/ptolemy/actor/lib/test/auto/Expression10.xml
----------------- Instantiating /home/travis/build/icyphy/ptII/ptolemy/actor/lib/test/auto/Expression10.xml
4 ms. Memory: 1110016K Free: 496067K (45%)
----------------- Invoking toplevel() on ptolemy.moml.MoMLSimpleApplication@16b4a168
----------------- Done invoking toplevel() on ptolemy.moml.MoMLSimpleApplication@16b4a168
reloadAllAccessors: .Expression10

===========================================================================================
----------------- testing Sun Sep 23 02:12:10 UTC 2018 /home/travis/build/icyphy/ptII/ptolemy/actor/lib/test/auto/Expression11.xml
----------------- Instantiating /home/travis/build/icyphy/ptII/ptolemy/actor/lib/test/auto/Expression11.xml
2 ms. Memory: 1110016K Free: 476297K (43%)
----------------- Invoking toplevel() on ptolemy.moml.MoMLSimpleApplication@7ab9f514
----------------- Done invoking toplevel() on ptolemy.moml.MoMLSimpleApplication@7ab9f514
reloadAllAccessors: .Expression11

===========================================================================================
----------------- testing Sun Sep 23 02:12:10 UTC 2018 /home/travis/build/icyphy/ptII/ptolemy/actor/lib/test/auto/Expression12.xml
----------------- Instantiating /home/travis/build/icyphy/ptII/ptolemy/actor/lib/test/auto/Expression12.xml
3 ms. Memory: 1110016K Free: 463026K (42%)
----------------- Invoking toplevel() on ptolemy.moml.MoMLSimpleApplication@2303723d
----------------- Done invoking toplevel() on ptolemy.moml.MoMLSimpleApplication@2303723d
reloadAllAccessors: .Expression12

===========================================================================================
----------------- testing Sun Sep 23 02:12:10 UTC 2018 /home/travis/build/icyphy/ptII/ptolemy/actor/lib/test/auto/Expression13.xml
----------------- Instantiating /home/travis/build/icyphy/ptII/ptolemy/actor/lib/test/auto/Expression13.xml
3 ms. Memory: 1110016K Free: 443256K (40%)
----------------- Invoking toplevel() on ptolemy.moml.MoMLSimpleApplication@6c2d1aee
----------------- Done invoking toplevel() on ptolemy.moml.MoMLSimpleApplication@6c2d1aee
reloadAllAccessors: .Expression13

===========================================================================================
----------------- testing Sun Sep 23 02:12:10 UTC 2018 /home/travis/build/icyphy/ptII/ptolemy/actor/lib/test/auto/Expression14.xml
----------------- Instantiating /home/travis/build/icyphy/ptII/ptolemy/actor/lib/test/auto/Expression14.xml
8 ms. Memory: 1110016K Free: 429985K (39%)
----------------- Invoking toplevel() on ptolemy.moml.MoMLSimpleApplication@60cf3edd
----------------- Done invoking toplevel() on ptolemy.moml.MoMLSimpleApplication@60cf3edd
reloadAllAccessors: .Expression14

===========================================================================================
----------------- testing Sun Sep 23 02:12:10 UTC 2018 /home/travis/build/icyphy/ptII/ptolemy/actor/lib/test/auto/Expression15.xml
----------------- Instantiating /home/travis/build/icyphy/ptII/ptolemy/actor/lib/test/auto/Expression15.xml
2 ms. Memory: 1110016K Free: 416714K (38%)
----------------- Invoking toplevel() on ptolemy.moml.MoMLSimpleApplication@56e64d5c
----------------- Done invoking toplevel() on ptolemy.moml.MoMLSimpleApplication@56e64d5c
reloadAllAccessors: .Expression15

===========================================================================================
----------------- testing Sun Sep 23 02:12:10 UTC 2018 /home/travis/build/icyphy/ptII/ptolemy/actor/lib/test/auto/Expression16.xml
----------------- Instantiating /home/travis/build/icyphy/ptII/ptolemy/actor/lib/test/auto/Expression16.xml
4 ms. Memory: 1110016K Free: 396944K (36%)
----------------- Invoking toplevel() on ptolemy.moml.MoMLSimpleApplication@7934fab9
----------------- Done invoking toplevel() on ptolemy.moml.MoMLSimpleApplication@7934fab9
reloadAllAccessors: .Expression16

===========================================================================================
----------------- testing Sun Sep 23 02:12:10 UTC 2018 /home/travis/build/icyphy/ptII/ptolemy/actor/lib/test/auto/Expression17.xml
----------------- Instantiating /home/travis/build/icyphy/ptII/ptolemy/actor/lib/test/auto/Expression17.xml
3 ms. Memory: 1110016K Free: 383673K (35%)
----------------- Invoking toplevel() on ptolemy.moml.MoMLSimpleApplication@2ee792b2
----------------- Done invoking toplevel() on ptolemy.moml.MoMLSimpleApplication@2ee792b2
reloadAllAccessors: .Expression17

===========================================================================================
----------------- testing Sun Sep 23 02:12:10 UTC 2018 /home/travis/build/icyphy/ptII/ptolemy/actor/lib/test/auto/Expression18.xml
----------------- Instantiating /home/travis/build/icyphy/ptII/ptolemy/actor/lib/test/auto/Expression18.xml
2 ms. Memory: 1110016K Free: 370402K (33%)
----------------- Invoking toplevel() on ptolemy.moml.MoMLSimpleApplication@27a29959
----------------- Done invoking toplevel() on ptolemy.moml.MoMLSimpleApplication@27a29959
reloadAllAccessors: .Expression18

===========================================================================================
----------------- testing Sun Sep 23 02:12:10 UTC 2018 /home/travis/build/icyphy/ptII/ptolemy/actor/lib/test/auto/Expression2.xml
----------------- Instantiating /home/travis/build/icyphy/ptII/ptolemy/actor/lib/test/auto/Expression2.xml
3 ms. Memory: 1110016K Free: 350632K (32%)
----------------- Invoking toplevel() on ptolemy.moml.MoMLSimpleApplication@5ccfbadd
----------------- Done invoking toplevel() on ptolemy.moml.MoMLSimpleApplication@5ccfbadd
reloadAllAccessors: .Expression2

===========================================================================================
----------------- testing Sun Sep 23 02:12:10 UTC 2018 /home/travis/build/icyphy/ptII/ptolemy/actor/lib/test/auto/Expression3.xml
----------------- Instantiating /home/travis/build/icyphy/ptII/ptolemy/actor/lib/test/auto/Expression3.xml
3 ms. Memory: 1110016K Free: 337361K (30%)
----------------- Invoking toplevel() on ptolemy.moml.MoMLSimpleApplication@7d742a1d
----------------- Done invoking toplevel() on ptolemy.moml.MoMLSimpleApplication@7d742a1d
reloadAllAccessors: .Expression3

===========================================================================================
----------------- testing Sun Sep 23 02:12:10 UTC 2018 /home/travis/build/icyphy/ptII/ptolemy/actor/lib/test/auto/Expression4.xml
----------------- Instantiating /home/travis/build/icyphy/ptII/ptolemy/actor/lib/test/auto/Expression4.xml
4 ms. Memory: 1110016K Free: 324090K (29%)
----------------- Invoking toplevel() on ptolemy.moml.MoMLSimpleApplication@21deca59
----------------- Done invoking toplevel() on ptolemy.moml.MoMLSimpleApplication@21deca59
reloadAllAccessors: .Expression4

===========================================================================================
----------------- testing Sun Sep 23 02:12:10 UTC 2018 /home/travis/build/icyphy/ptII/ptolemy/actor/lib/test/auto/Expression5.xml
----------------- Instantiating /home/travis/build/icyphy/ptII/ptolemy/actor/lib/test/auto/Expression5.xml
3 ms. Memory: 1110016K Free: 304320K (27%)
----------------- Invoking toplevel() on ptolemy.moml.MoMLSimpleApplication@303607f4
----------------- Done invoking toplevel() on ptolemy.moml.MoMLSimpleApplication@303607f4
reloadAllAccessors: .Expression5

===========================================================================================
----------------- testing Sun Sep 23 02:12:10 UTC 2018 /home/travis/build/icyphy/ptII/ptolemy/actor/lib/test/auto/Expression6.xml
----------------- Instantiating /home/travis/build/icyphy/ptII/ptolemy/actor/lib/test/auto/Expression6.xml
2 ms. Memory: 1110016K Free: 291049K (26%)
----------------- Invoking toplevel() on ptolemy.moml.MoMLSimpleApplication@71e1d63e
----------------- Done invoking toplevel() on ptolemy.moml.MoMLSimpleApplication@71e1d63e
reloadAllAccessors: .Expression6

===========================================================================================
----------------- testing Sun Sep 23 02:12:10 UTC 2018 /home/travis/build/icyphy/ptII/ptolemy/actor/lib/test/auto/Expression7.xml
----------------- Instantiating /home/travis/build/icyphy/ptII/ptolemy/actor/lib/test/auto/Expression7.xml
3 ms. Memory: 1110016K Free: 277778K (25%)
----------------- Invoking toplevel() on ptolemy.moml.MoMLSimpleApplication@57e44579
----------------- Done invoking toplevel() on ptolemy.moml.MoMLSimpleApplication@57e44579
reloadAllAccessors: .Expression7

===========================================================================================
----------------- testing Sun Sep 23 02:12:10 UTC 2018 /home/travis/build/icyphy/ptII/ptolemy/actor/lib/test/auto/Expression8.xml
----------------- Instantiating /home/travis/build/icyphy/ptII/ptolemy/actor/lib/test/auto/Expression8.xml
4 ms. Memory: 1110016K Free: 258008K (23%)
----------------- Invoking toplevel() on ptolemy.moml.MoMLSimpleApplication@368c5485
----------------- Done invoking toplevel() on ptolemy.moml.MoMLSimpleApplication@368c5485
reloadAllAccessors: .Expression8

===========================================================================================
----------------- testing Sun Sep 23 02:12:10 UTC 2018 /home/travis/build/icyphy/ptII/ptolemy/actor/lib/test/auto/Expression9.xml
----------------- Instantiating /home/travis/build/icyphy/ptII/ptolemy/actor/lib/test/auto/Expression9.xml
2 ms. Memory: 1110016K Free: 244737K (22%)
----------------- Invoking toplevel() on ptolemy.moml.MoMLSimpleApplication@74efb9fe
----------------- Done invoking toplevel() on ptolemy.moml.MoMLSimpleApplication@74efb9fe
reloadAllAccessors: .Expression9

===========================================================================================
----------------- testing Sun Sep 23 02:12:10 UTC 2018 /home/travis/build/icyphy/ptII/ptolemy/actor/lib/test/auto/ExpressionConcatenateArrayType.xml
----------------- Instantiating /home/travis/build/icyphy/ptII/ptolemy/actor/lib/test/auto/ExpressionConcatenateArrayType.xml
3 ms. Memory: 1110016K Free: 231465K (21%)
----------------- Invoking toplevel() on ptolemy.moml.MoMLSimpleApplication@7218a40b
----------------- Done invoking toplevel() on ptolemy.moml.MoMLSimpleApplication@7218a40b
reloadAllAccessors: .ExpressionConcatenateArrayType

===========================================================================================
----------------- testing Sun Sep 23 02:12:10 UTC 2018 /home/travis/build/icyphy/ptII/ptolemy/actor/lib/test/auto/ExpressionConcatenateArrayType2.xml
----------------- Instantiating /home/travis/build/icyphy/ptII/ptolemy/actor/lib/test/auto/ExpressionConcatenateArrayType2.xml
3 ms. Memory: 1110016K Free: 211695K (19%)
----------------- Invoking toplevel() on ptolemy.moml.MoMLSimpleApplication@55ee4006
----------------- Done invoking toplevel() on ptolemy.moml.MoMLSimpleApplication@55ee4006
reloadAllAccessors: .ExpressionConcatenateArrayType2

===========================================================================================
----------------- testing Sun Sep 23 02:12:10 UTC 2018 /home/travis/build/icyphy/ptII/ptolemy/actor/lib/test/auto/ExpressionFix.xml
----------------- Instantiating /home/travis/build/icyphy/ptII/ptolemy/actor/lib/test/auto/ExpressionFix.xml
9 ms. Memory: 1110016K Free: 198424K (18%)
----------------- Invoking toplevel() on ptolemy.moml.MoMLSimpleApplication@70179a
----------------- Done invoking toplevel() on ptolemy.moml.MoMLSimpleApplication@70179a
reloadAllAccessors: .ExpressionFix

===========================================================================================
----------------- testing Sun Sep 23 02:12:10 UTC 2018 /home/travis/build/icyphy/ptII/ptolemy/actor/lib/test/auto/ExpressionFix2.xml
----------------- Instantiating /home/travis/build/icyphy/ptII/ptolemy/actor/lib/test/auto/ExpressionFix2.xml
3 ms. Memory: 1110016K Free: 185153K (17%)
----------------- Invoking toplevel() on ptolemy.moml.MoMLSimpleApplication@4fbf26a1
----------------- Done invoking toplevel() on ptolemy.moml.MoMLSimpleApplication@4fbf26a1
reloadAllAccessors: .ExpressionFix2

===========================================================================================
----------------- testing Sun Sep 23 02:12:10 UTC 2018 /home/travis/build/icyphy/ptII/ptolemy/actor/lib/test/auto/ExpressionFix3.xml
----------------- Instantiating /home/travis/build/icyphy/ptII/ptolemy/actor/lib/test/auto/ExpressionFix3.xml
2 ms. Memory: 1110016K Free: 165383K (15%)
----------------- Invoking toplevel() on ptolemy.moml.MoMLSimpleApplication@6e85efd9
----------------- Done invoking toplevel() on ptolemy.moml.MoMLSimpleApplication@6e85efd9
reloadAllAccessors: .ExpressionFix3

===========================================================================================
----------------- testing Sun Sep 23 02:12:10 UTC 2018 /home/travis/build/icyphy/ptII/ptolemy/actor/lib/test/auto/FileWriter1.xml
----------------- Instantiating /home/travis/build/icyphy/ptII/ptolemy/actor/lib/test/auto/FileWriter1.xml
2 ms. Memory: 1110016K Free: 152112K (14%)
----------------- Invoking toplevel() on ptolemy.moml.MoMLSimpleApplication@36b23718
----------------- Done invoking toplevel() on ptolemy.moml.MoMLSimpleApplication@36b23718
reloadAllAccessors: .FileWriter1

===========================================================================================
----------------- testing Sun Sep 23 02:12:10 UTC 2018 /home/travis/build/icyphy/ptII/ptolemy/actor/lib/test/auto/FileWriter2.xml
----------------- Instantiating /home/travis/build/icyphy/ptII/ptolemy/actor/lib/test/auto/FileWriter2.xml
3 ms. Memory: 1110016K Free: 138841K (13%)
----------------- Invoking toplevel() on ptolemy.moml.MoMLSimpleApplication@616e16a3
----------------- Done invoking toplevel() on ptolemy.moml.MoMLSimpleApplication@616e16a3
reloadAllAccessors: .FileWriter2

===========================================================================================
----------------- testing Sun Sep 23 02:12:10 UTC 2018 /home/travis/build/icyphy/ptII/ptolemy/actor/lib/test/auto/FileWriter3.xml
----------------- Instantiating /home/travis/build/icyphy/ptII/ptolemy/actor/lib/test/auto/FileWriter3.xml
3 ms. Memory: 1110016K Free: 119071K (11%)
----------------- Invoking toplevel() on ptolemy.moml.MoMLSimpleApplication@324a7483
----------------- Done invoking toplevel() on ptolemy.moml.MoMLSimpleApplication@324a7483
reloadAllAccessors: .FileWriter3

===========================================================================================
----------------- testing Sun Sep 23 02:12:10 UTC 2018 /home/travis/build/icyphy/ptII/ptolemy/actor/lib/test/auto/Gaussian.xml
----------------- Instantiating /home/travis/build/icyphy/ptII/ptolemy/actor/lib/test/auto/Gaussian.xml
2 ms. Memory: 1110016K Free: 105800K (10%)
----------------- Invoking toplevel() on ptolemy.moml.MoMLSimpleApplication@5fa3db66
----------------- Done invoking toplevel() on ptolemy.moml.MoMLSimpleApplication@5fa3db66
reloadAllAccessors: .Gaussian

===========================================================================================
----------------- testing Sun Sep 23 02:12:10 UTC 2018 /home/travis/build/icyphy/ptII/ptolemy/actor/lib/test/auto/Gaussian1.xml
----------------- Instantiating /home/travis/build/icyphy/ptII/ptolemy/actor/lib/test/auto/Gaussian1.xml
2 ms. Memory: 1110016K Free: 86030K (8%)
----------------- Invoking toplevel() on ptolemy.moml.MoMLSimpleApplication@1ea34ddf
----------------- Done invoking toplevel() on ptolemy.moml.MoMLSimpleApplication@1ea34ddf
reloadAllAccessors: .Gaussian1

===========================================================================================
----------------- testing Sun Sep 23 02:12:10 UTC 2018 /home/travis/build/icyphy/ptII/ptolemy/actor/lib/test/auto/Gaussian2.xml
----------------- Instantiating /home/travis/build/icyphy/ptII/ptolemy/actor/lib/test/auto/Gaussian2.xml
2 ms. Memory: 1110016K Free: 77433K (7%)
----------------- Invoking toplevel() on ptolemy.moml.MoMLSimpleApplication@23132dcc
----------------- Done invoking toplevel() on ptolemy.moml.MoMLSimpleApplication@23132dcc
reloadAllAccessors: .Gaussian2

===========================================================================================
----------------- testing Sun Sep 23 02:12:10 UTC 2018 /home/travis/build/icyphy/ptII/ptolemy/actor/lib/test/auto/GradientAdaptiveLattice.xml
----------------- Instantiating /home/travis/build/icyphy/ptII/ptolemy/actor/lib/test/auto/GradientAdaptiveLattice.xml
2 ms. Memory: 1280000K Free: 1225926K (96%)
----------------- Invoking toplevel() on ptolemy.moml.MoMLSimpleApplication@4b7ea5ba
----------------- Done invoking toplevel() on ptolemy.moml.MoMLSimpleApplication@4b7ea5ba
reloadAllAccessors: .GradientAdaptiveLattice

===========================================================================================
----------------- testing Sun Sep 23 02:12:10 UTC 2018 /home/travis/build/icyphy/ptII/ptolemy/actor/lib/test/auto/IIR.xml
----------------- Instantiating /home/travis/build/icyphy/ptII/ptolemy/actor/lib/test/auto/IIR.xml
2 ms. Memory: 1280000K Free: 1204471K (94%)
----------------- Invoking toplevel() on ptolemy.moml.MoMLSimpleApplication@1c3dc5fe
----------------- Done invoking toplevel() on ptolemy.moml.MoMLSimpleApplication@1c3dc5fe
reloadAllAccessors: .IIR

===========================================================================================
----------------- testing Sun Sep 23 02:12:10 UTC 2018 /home/travis/build/icyphy/ptII/ptolemy/actor/lib/test/auto/InputOutputTransparentPorts.xml
----------------- Instantiating /home/travis/build/icyphy/ptII/ptolemy/actor/lib/test/auto/InputOutputTransparentPorts.xml
2 ms. Memory: 1280000K Free: 1188729K (93%)
----------------- Invoking toplevel() on ptolemy.moml.MoMLSimpleApplication@45277544
----------------- Done invoking toplevel() on ptolemy.moml.MoMLSimpleApplication@45277544
reloadAllAccessors: .InputOutputTransparentPorts

===========================================================================================
----------------- testing Sun Sep 23 02:12:10 UTC 2018 /home/travis/build/icyphy/ptII/ptolemy/actor/lib/test/auto/Interpolator.xml
----------------- Instantiating /home/travis/build/icyphy/ptII/ptolemy/actor/lib/test/auto/Interpolator.xml
3 ms. Memory: 1280000K Free: 1167274K (91%)
----------------- Invoking toplevel() on ptolemy.moml.MoMLSimpleApplication@41f083f8
----------------- Done invoking toplevel() on ptolemy.moml.MoMLSimpleApplication@41f083f8
reloadAllAccessors: .Interpolator

===========================================================================================
----------------- testing Sun Sep 23 02:12:10 UTC 2018 /home/travis/build/icyphy/ptII/ptolemy/actor/lib/test/auto/InterpolatorFiringLimitDE.xml
----------------- Instantiating /home/travis/build/icyphy/ptII/ptolemy/actor/lib/test/auto/InterpolatorFiringLimitDE.xml
2 ms. Memory: 1280000K Free: 1151532K (90%)
----------------- Invoking toplevel() on ptolemy.moml.MoMLSimpleApplication@4aa99431
----------------- Done invoking toplevel() on ptolemy.moml.MoMLSimpleApplication@4aa99431
reloadAllAccessors: .InterpolatorFiringLimitDE

===========================================================================================
----------------- testing Sun Sep 23 02:12:11 UTC 2018 /home/travis/build/icyphy/ptII/ptolemy/actor/lib/test/auto/Lattice.xml
----------------- Instantiating /home/travis/build/icyphy/ptII/ptolemy/actor/lib/test/auto/Lattice.xml
1 ms. Memory: 1280000K Free: 1130077K (88%)
----------------- Invoking toplevel() on ptolemy.moml.MoMLSimpleApplication@5e667dd2
----------------- Done invoking toplevel() on ptolemy.moml.MoMLSimpleApplication@5e667dd2
reloadAllAccessors: .Lattice

===========================================================================================
----------------- testing Sun Sep 23 02:12:11 UTC 2018 /home/travis/build/icyphy/ptII/ptolemy/actor/lib/test/auto/LazyAOCTestLazy.xml
----------------- Instantiating /home/travis/build/icyphy/ptII/ptolemy/actor/lib/test/auto/LazyAOCTestLazy.xml
8 ms. Memory: 1280000K Free: 1114335K (87%)
----------------- Invoking toplevel() on ptolemy.moml.MoMLSimpleApplication@39e5adf
----------------- Done invoking toplevel() on ptolemy.moml.MoMLSimpleApplication@39e5adf
reloadAllAccessors: .LazyAOCTestLazy

===========================================================================================
----------------- testing Sun Sep 23 02:12:11 UTC 2018 /home/travis/build/icyphy/ptII/ptolemy/actor/lib/test/auto/LazyAOCTestNonLazy.xml
----------------- Instantiating /home/travis/build/icyphy/ptII/ptolemy/actor/lib/test/auto/LazyAOCTestNonLazy.xml
9 ms. Memory: 1280000K Free: 1098593K (86%)
----------------- Invoking toplevel() on ptolemy.moml.MoMLSimpleApplication@def2194
----------------- Done invoking toplevel() on ptolemy.moml.MoMLSimpleApplication@def2194
reloadAllAccessors: .LazyAOCTestNonLazy

===========================================================================================
----------------- testing Sun Sep 23 02:12:11 UTC 2018 /home/travis/build/icyphy/ptII/ptolemy/actor/lib/test/auto/LazyInnerClass.xml
----------------- Instantiating /home/travis/build/icyphy/ptII/ptolemy/actor/lib/test/auto/LazyInnerClass.xml
19 ms. Memory: 1280000K Free: 1077138K (84%)
----------------- Invoking toplevel() on ptolemy.moml.MoMLSimpleApplication@1b59907
----------------- Done invoking toplevel() on ptolemy.moml.MoMLSimpleApplication@1b59907
reloadAllAccessors: .LazyInnerClass

===========================================================================================
----------------- testing Sun Sep 23 02:12:11 UTC 2018 /home/travis/build/icyphy/ptII/ptolemy/actor/lib/test/auto/LazyPubSub.xml
----------------- Instantiating /home/travis/build/icyphy/ptII/ptolemy/actor/lib/test/auto/LazyPubSub.xml
22 ms. Memory: 1280000K Free: 1061396K (83%)
----------------- Invoking toplevel() on ptolemy.moml.MoMLSimpleApplication@2059dcdb
----------------- Done invoking toplevel() on ptolemy.moml.MoMLSimpleApplication@2059dcdb
reloadAllAccessors: .LazyPubSub

===========================================================================================
----------------- testing Sun Sep 23 02:12:11 UTC 2018 /home/travis/build/icyphy/ptII/ptolemy/actor/lib/test/auto/LazyPubSub2.xml
----------------- Instantiating /home/travis/build/icyphy/ptII/ptolemy/actor/lib/test/auto/LazyPubSub2.xml
18 ms. Memory: 1280000K Free: 1039912K (81%)
----------------- Invoking toplevel() on ptolemy.moml.MoMLSimpleApplication@4095498e
----------------- Done invoking toplevel() on ptolemy.moml.MoMLSimpleApplication@4095498e
reloadAllAccessors: .LazyPubSub2

===========================================================================================
----------------- testing Sun Sep 23 02:12:11 UTC 2018 /home/travis/build/icyphy/ptII/ptolemy/actor/lib/test/auto/LazyPubSub3.xml
----------------- Instantiating /home/travis/build/icyphy/ptII/ptolemy/actor/lib/test/auto/LazyPubSub3.xml
10 ms. Memory: 1280000K Free: 1024170K (80%)
----------------- Invoking toplevel() on ptolemy.moml.MoMLSimpleApplication@3922da78
----------------- Done invoking toplevel() on ptolemy.moml.MoMLSimpleApplication@3922da78
reloadAllAccessors: .LazyPubSub3

===========================================================================================
----------------- testing Sun Sep 23 02:12:11 UTC 2018 /home/travis/build/icyphy/ptII/ptolemy/actor/lib/test/auto/LazySubClassModel.xml
----------------- Instantiating /home/travis/build/icyphy/ptII/ptolemy/actor/lib/test/auto/LazySubClassModel.xml
2 ms. Memory: 1280000K Free: 1008428K (79%)
----------------- Invoking toplevel() on ptolemy.moml.MoMLSimpleApplication@754ecabf
----------------- Done invoking toplevel() on ptolemy.moml.MoMLSimpleApplication@754ecabf
reloadAllAccessors: .LazySubClassModel

===========================================================================================
----------------- testing Sun Sep 23 02:12:11 UTC 2018 /home/travis/build/icyphy/ptII/ptolemy/actor/lib/test/auto/LevelCrossTest1.xml
----------------- Instantiating /home/travis/build/icyphy/ptII/ptolemy/actor/lib/test/auto/LevelCrossTest1.xml
1 ms. Memory: 1280000K Free: 986973K (77%)
----------------- Invoking toplevel() on ptolemy.moml.MoMLSimpleApplication@cf4920e
----------------- Done invoking toplevel() on ptolemy.moml.MoMLSimpleApplication@cf4920e
reloadAllAccessors: .broken

===========================================================================================
----------------- testing Sun Sep 23 02:12:11 UTC 2018 /home/travis/build/icyphy/ptII/ptolemy/actor/lib/test/auto/LevelCrossTest10.xml
----------------- Instantiating /home/travis/build/icyphy/ptII/ptolemy/actor/lib/test/auto/LevelCrossTest10.xml
1 ms. Memory: 1280000K Free: 971231K (76%)
----------------- Invoking toplevel() on ptolemy.moml.MoMLSimpleApplication@7b004b93
----------------- Done invoking toplevel() on ptolemy.moml.MoMLSimpleApplication@7b004b93
reloadAllAccessors: .LevelCrossTest10

===========================================================================================
----------------- testing Sun Sep 23 02:12:11 UTC 2018 /home/travis/build/icyphy/ptII/ptolemy/actor/lib/test/auto/LevelCrossTest11.xml
----------------- Instantiating /home/travis/build/icyphy/ptII/ptolemy/actor/lib/test/auto/LevelCrossTest11.xml
1 ms. Memory: 1280000K Free: 949776K (74%)
----------------- Invoking toplevel() on ptolemy.moml.MoMLSimpleApplication@3390c324
----------------- Done invoking toplevel() on ptolemy.moml.MoMLSimpleApplication@3390c324
reloadAllAccessors: .LevelCrossTest11

===========================================================================================
----------------- testing Sun Sep 23 02:12:11 UTC 2018 /home/travis/build/icyphy/ptII/ptolemy/actor/lib/test/auto/LevelCrossTest12.xml
----------------- Instantiating /home/travis/build/icyphy/ptII/ptolemy/actor/lib/test/auto/LevelCrossTest12.xml
2 ms. Memory: 1280000K Free: 934033K (73%)
----------------- Invoking toplevel() on ptolemy.moml.MoMLSimpleApplication@458797f2
----------------- Done invoking toplevel() on ptolemy.moml.MoMLSimpleApplication@458797f2
reloadAllAccessors: .LevelCrossTest12

===========================================================================================
----------------- testing Sun Sep 23 02:12:11 UTC 2018 /home/travis/build/icyphy/ptII/ptolemy/actor/lib/test/auto/LevelCrossTest13.xml
----------------- Instantiating /home/travis/build/icyphy/ptII/ptolemy/actor/lib/test/auto/LevelCrossTest13.xml
1 ms. Memory: 1280000K Free: 918291K (72%)
----------------- Invoking toplevel() on ptolemy.moml.MoMLSimpleApplication@5c57e21
----------------- Done invoking toplevel() on ptolemy.moml.MoMLSimpleApplication@5c57e21
reloadAllAccessors: .LevelCrossTest13

===========================================================================================
----------------- testing Sun Sep 23 02:12:11 UTC 2018 /home/travis/build/icyphy/ptII/ptolemy/actor/lib/test/auto/LevelCrossTest2.xml
----------------- Instantiating /home/travis/build/icyphy/ptII/ptolemy/actor/lib/test/auto/LevelCrossTest2.xml
1 ms. Memory: 1280000K Free: 896836K (70%)
----------------- Invoking toplevel() on ptolemy.moml.MoMLSimpleApplication@121743c1
----------------- Done invoking toplevel() on ptolemy.moml.MoMLSimpleApplication@121743c1
reloadAllAccessors: .broken

===========================================================================================
----------------- testing Sun Sep 23 02:12:11 UTC 2018 /home/travis/build/icyphy/ptII/ptolemy/actor/lib/test/auto/LevelCrossTest3.xml
----------------- Instantiating /home/travis/build/icyphy/ptII/ptolemy/actor/lib/test/auto/LevelCrossTest3.xml
1 ms. Memory: 1280000K Free: 881094K (69%)
----------------- Invoking toplevel() on ptolemy.moml.MoMLSimpleApplication@5ac9dc2f
----------------- Done invoking toplevel() on ptolemy.moml.MoMLSimpleApplication@5ac9dc2f
reloadAllAccessors: .LevelCrossTest3

===========================================================================================
----------------- testing Sun Sep 23 02:12:11 UTC 2018 /home/travis/build/icyphy/ptII/ptolemy/actor/lib/test/auto/LevelCrossTest4.xml
----------------- Instantiating /home/travis/build/icyphy/ptII/ptolemy/actor/lib/test/auto/LevelCrossTest4.xml
1 ms. Memory: 1280000K Free: 851965K (67%)
----------------- Invoking toplevel() on ptolemy.moml.MoMLSimpleApplication@9ffa86d
----------------- Done invoking toplevel() on ptolemy.moml.MoMLSimpleApplication@9ffa86d
reloadAllAccessors: .broken

===========================================================================================
----------------- testing Sun Sep 23 02:12:11 UTC 2018 /home/travis/build/icyphy/ptII/ptolemy/actor/lib/test/auto/LevelCrossTest5.xml
----------------- Instantiating /home/travis/build/icyphy/ptII/ptolemy/actor/lib/test/auto/LevelCrossTest5.xml
1 ms. Memory: 1280000K Free: 836223K (65%)
----------------- Invoking toplevel() on ptolemy.moml.MoMLSimpleApplication@61c2c7a1
----------------- Done invoking toplevel() on ptolemy.moml.MoMLSimpleApplication@61c2c7a1
reloadAllAccessors: .LevelCrossTest5

===========================================================================================
----------------- testing Sun Sep 23 02:12:11 UTC 2018 /home/travis/build/icyphy/ptII/ptolemy/actor/lib/test/auto/LevelCrossTest6.xml
----------------- Instantiating /home/travis/build/icyphy/ptII/ptolemy/actor/lib/test/auto/LevelCrossTest6.xml
4 ms. Memory: 1280000K Free: 820480K (64%)
----------------- Invoking toplevel() on ptolemy.moml.MoMLSimpleApplication@75a5878f
----------------- Done invoking toplevel() on ptolemy.moml.MoMLSimpleApplication@75a5878f
reloadAllAccessors: .LevelCrossTest6

===========================================================================================
----------------- testing Sun Sep 23 02:12:11 UTC 2018 /home/travis/build/icyphy/ptII/ptolemy/actor/lib/test/auto/LevelCrossTest7.xml
----------------- Instantiating /home/travis/build/icyphy/ptII/ptolemy/actor/lib/test/auto/LevelCrossTest7.xml
4 ms. Memory: 1280000K Free: 799025K (62%)
----------------- Invoking toplevel() on ptolemy.moml.MoMLSimpleApplication@6541f310
----------------- Done invoking toplevel() on ptolemy.moml.MoMLSimpleApplication@6541f310
reloadAllAccessors: .LevelCrossTest7

===========================================================================================
----------------- testing Sun Sep 23 02:12:11 UTC 2018 /home/travis/build/icyphy/ptII/ptolemy/actor/lib/test/auto/LevelCrossTest8.xml
----------------- Instantiating /home/travis/build/icyphy/ptII/ptolemy/actor/lib/test/auto/LevelCrossTest8.xml
1 ms. Memory: 1280000K Free: 783283K (61%)
----------------- Invoking toplevel() on ptolemy.moml.MoMLSimpleApplication@17bf9711
----------------- Done invoking toplevel() on ptolemy.moml.MoMLSimpleApplication@17bf9711
reloadAllAccessors: .LevelCrossTest8

===========================================================================================
----------------- testing Sun Sep 23 02:12:11 UTC 2018 /home/travis/build/icyphy/ptII/ptolemy/actor/lib/test/auto/LevelCrossTest9.xml
----------------- Instantiating /home/travis/build/icyphy/ptII/ptolemy/actor/lib/test/auto/LevelCrossTest9.xml
3 ms. Memory: 1280000K Free: 761829K (60%)
----------------- Invoking toplevel() on ptolemy.moml.MoMLSimpleApplication@2526d68f
----------------- Done invoking toplevel() on ptolemy.moml.MoMLSimpleApplication@2526d68f
reloadAllAccessors: .LevelCrossTest9

===========================================================================================
----------------- testing Sun Sep 23 02:12:11 UTC 2018 /home/travis/build/icyphy/ptII/ptolemy/actor/lib/test/auto/LevinsonDurbin.xml
----------------- Instantiating /home/travis/build/icyphy/ptII/ptolemy/actor/lib/test/auto/LevinsonDurbin.xml
7 ms. Memory: 1280000K Free: 746086K (58%)
----------------- Invoking toplevel() on ptolemy.moml.MoMLSimpleApplication@20fe1fb7
----------------- Done invoking toplevel() on ptolemy.moml.MoMLSimpleApplication@20fe1fb7
reloadAllAccessors: .LevinsonDurbin

===========================================================================================
----------------- testing Sun Sep 23 02:12:11 UTC 2018 /home/travis/build/icyphy/ptII/ptolemy/actor/lib/test/auto/LevinsonDurbin2.xml
----------------- Instantiating /home/travis/build/icyphy/ptII/ptolemy/actor/lib/test/auto/LevinsonDurbin2.xml
1 ms. Memory: 1280000K Free: 730344K (57%)
----------------- Invoking toplevel() on ptolemy.moml.MoMLSimpleApplication@a5a17d0
----------------- Done invoking toplevel() on ptolemy.moml.MoMLSimpleApplication@a5a17d0
reloadAllAccessors: .LevinsonDurbin2

===========================================================================================
----------------- testing Sun Sep 23 02:12:11 UTC 2018 /home/travis/build/icyphy/ptII/ptolemy/actor/lib/test/auto/LevinsonDurbin3.xml
----------------- Instantiating /home/travis/build/icyphy/ptII/ptolemy/actor/lib/test/auto/LevinsonDurbin3.xml
3 ms. Memory: 1280000K Free: 708889K (55%)
----------------- Invoking toplevel() on ptolemy.moml.MoMLSimpleApplication@26526e15
----------------- Done invoking toplevel() on ptolemy.moml.MoMLSimpleApplication@26526e15
reloadAllAccessors: .LevinsonDurbin3

===========================================================================================
----------------- testing Sun Sep 23 02:12:11 UTC 2018 /home/travis/build/icyphy/ptII/ptolemy/actor/lib/test/auto/Limiter.xml
----------------- Instantiating /home/travis/build/icyphy/ptII/ptolemy/actor/lib/test/auto/Limiter.xml
4 ms. Memory: 1280000K Free: 693147K (54%)
----------------- Invoking toplevel() on ptolemy.moml.MoMLSimpleApplication@3aa75889
----------------- Done invoking toplevel() on ptolemy.moml.MoMLSimpleApplication@3aa75889
reloadAllAccessors: .Limiter

===========================================================================================
----------------- testing Sun Sep 23 02:12:11 UTC 2018 /home/travis/build/icyphy/ptII/ptolemy/actor/lib/test/auto/LinearDifferenceEquationSystem.xml
----------------- Instantiating /home/travis/build/icyphy/ptII/ptolemy/actor/lib/test/auto/LinearDifferenceEquationSystem.xml
4 ms. Memory: 1280000K Free: 671692K (52%)
----------------- Invoking toplevel() on ptolemy.moml.MoMLSimpleApplication@57f0c465
----------------- Done invoking toplevel() on ptolemy.moml.MoMLSimpleApplication@57f0c465
reloadAllAccessors: .LinearDifferenceEquationSystem

===========================================================================================
----------------- testing Sun Sep 23 02:12:11 UTC 2018 /home/travis/build/icyphy/ptII/ptolemy/actor/lib/test/auto/LookupTable.xml
----------------- Instantiating /home/travis/build/icyphy/ptII/ptolemy/actor/lib/test/auto/LookupTable.xml
1 ms. Memory: 1280000K Free: 655950K (51%)
----------------- Invoking toplevel() on ptolemy.moml.MoMLSimpleApplication@108359ef
----------------- Done invoking toplevel() on ptolemy.moml.MoMLSimpleApplication@108359ef
reloadAllAccessors: .LookupTable

===========================================================================================
----------------- testing Sun Sep 23 02:12:11 UTC 2018 /home/travis/build/icyphy/ptII/ptolemy/actor/lib/test/auto/MathFunction.xml
----------------- Instantiating /home/travis/build/icyphy/ptII/ptolemy/actor/lib/test/auto/MathFunction.xml
2 ms. Memory: 1280000K Free: 640207K (50%)
----------------- Invoking toplevel() on ptolemy.moml.MoMLSimpleApplication@da26db2
----------------- Done invoking toplevel() on ptolemy.moml.MoMLSimpleApplication@da26db2
reloadAllAccessors: .MathFunction

===========================================================================================
----------------- testing Sun Sep 23 02:12:11 UTC 2018 /home/travis/build/icyphy/ptII/ptolemy/actor/lib/test/auto/MathFunction2.xml
----------------- Instantiating /home/travis/build/icyphy/ptII/ptolemy/actor/lib/test/auto/MathFunction2.xml
1 ms. Memory: 1280000K Free: 618752K (48%)
----------------- Invoking toplevel() on ptolemy.moml.MoMLSimpleApplication@35325839
----------------- Done invoking toplevel() on ptolemy.moml.MoMLSimpleApplication@35325839
reloadAllAccessors: .MathFunction2

===========================================================================================
----------------- testing Sun Sep 23 02:12:11 UTC 2018 /home/travis/build/icyphy/ptII/ptolemy/actor/lib/test/auto/MathFunction3.xml
----------------- Instantiating /home/travis/build/icyphy/ptII/ptolemy/actor/lib/test/auto/MathFunction3.xml
6 ms. Memory: 1280000K Free: 603010K (47%)
----------------- Invoking toplevel() on ptolemy.moml.MoMLSimpleApplication@2d2627c7
----------------- Done invoking toplevel() on ptolemy.moml.MoMLSimpleApplication@2d2627c7
reloadAllAccessors: .MathFunction3

===========================================================================================
----------------- testing Sun Sep 23 02:12:11 UTC 2018 /home/travis/build/icyphy/ptII/ptolemy/actor/lib/test/auto/MatrixCropBoolean.xml
----------------- Instantiating /home/travis/build/icyphy/ptII/ptolemy/actor/lib/test/auto/MatrixCropBoolean.xml
2 ms. Memory: 1280000K Free: 581555K (45%)
----------------- Invoking toplevel() on ptolemy.moml.MoMLSimpleApplication@bf89bad
----------------- Done invoking toplevel() on ptolemy.moml.MoMLSimpleApplication@bf89bad
reloadAllAccessors: .MatrixCropBoolean

===========================================================================================
----------------- testing Sun Sep 23 02:12:11 UTC 2018 /home/travis/build/icyphy/ptII/ptolemy/actor/lib/test/auto/MatrixCropComplex.xml
----------------- Instantiating /home/travis/build/icyphy/ptII/ptolemy/actor/lib/test/auto/MatrixCropComplex.xml
2 ms. Memory: 1280000K Free: 565813K (44%)
----------------- Invoking toplevel() on ptolemy.moml.MoMLSimpleApplication@665e4cbe
----------------- Done invoking toplevel() on ptolemy.moml.MoMLSimpleApplication@665e4cbe
reloadAllAccessors: .MatrixCropComplex

===========================================================================================
----------------- testing Sun Sep 23 02:12:11 UTC 2018 /home/travis/build/icyphy/ptII/ptolemy/actor/lib/test/auto/MatrixCropDouble.xml
----------------- Instantiating /home/travis/build/icyphy/ptII/ptolemy/actor/lib/test/auto/MatrixCropDouble.xml
1 ms. Memory: 1280000K Free: 550071K (43%)
----------------- Invoking toplevel() on ptolemy.moml.MoMLSimpleApplication@f475c13
----------------- Done invoking toplevel() on ptolemy.moml.MoMLSimpleApplication@f475c13
reloadAllAccessors: .MatrixCropDouble

===========================================================================================
----------------- testing Sun Sep 23 02:12:11 UTC 2018 /home/travis/build/icyphy/ptII/ptolemy/actor/lib/test/auto/MatrixCropFix.xml
----------------- Instantiating /home/travis/build/icyphy/ptII/ptolemy/actor/lib/test/auto/MatrixCropFix.xml
2 ms. Memory: 1280000K Free: 528616K (41%)
----------------- Invoking toplevel() on ptolemy.moml.MoMLSimpleApplication@66807809
----------------- Done invoking toplevel() on ptolemy.moml.MoMLSimpleApplication@66807809
reloadAllAccessors: .MatrixCropFix

===========================================================================================
----------------- testing Sun Sep 23 02:12:11 UTC 2018 /home/travis/build/icyphy/ptII/ptolemy/actor/lib/test/auto/MatrixCropInt.xml
----------------- Instantiating /home/travis/build/icyphy/ptII/ptolemy/actor/lib/test/auto/MatrixCropInt.xml
2 ms. Memory: 1280000K Free: 512873K (40%)
----------------- Invoking toplevel() on ptolemy.moml.MoMLSimpleApplication@da0d74b
----------------- Done invoking toplevel() on ptolemy.moml.MoMLSimpleApplication@da0d74b
reloadAllAccessors: .MatrixCropInt

===========================================================================================
----------------- testing Sun Sep 23 02:12:11 UTC 2018 /home/travis/build/icyphy/ptII/ptolemy/actor/lib/test/auto/MatrixCropLong.xml
----------------- Instantiating /home/travis/build/icyphy/ptII/ptolemy/actor/lib/test/auto/MatrixCropLong.xml
2 ms. Memory: 1280000K Free: 491419K (38%)
----------------- Invoking toplevel() on ptolemy.moml.MoMLSimpleApplication@70573f69
----------------- Done invoking toplevel() on ptolemy.moml.MoMLSimpleApplication@70573f69
reloadAllAccessors: .MatrixCropLong

===========================================================================================
----------------- testing Sun Sep 23 02:12:11 UTC 2018 /home/travis/build/icyphy/ptII/ptolemy/actor/lib/test/auto/MatrixToArray.xml
----------------- Instantiating /home/travis/build/icyphy/ptII/ptolemy/actor/lib/test/auto/MatrixToArray.xml
5 ms. Memory: 1280000K Free: 467805K (37%)
----------------- Invoking toplevel() on ptolemy.moml.MoMLSimpleApplication@57137859
----------------- Done invoking toplevel() on ptolemy.moml.MoMLSimpleApplication@57137859
reloadAllAccessors: .MatrixToArray

===========================================================================================
----------------- testing Sun Sep 23 02:12:12 UTC 2018 /home/travis/build/icyphy/ptII/ptolemy/actor/lib/test/auto/MaxIndex.xml
----------------- Instantiating /home/travis/build/icyphy/ptII/ptolemy/actor/lib/test/auto/MaxIndex.xml
2 ms. Memory: 1280000K Free: 446350K (35%)
----------------- Invoking toplevel() on ptolemy.moml.MoMLSimpleApplication@3c397e1d
----------------- Done invoking toplevel() on ptolemy.moml.MoMLSimpleApplication@3c397e1d
reloadAllAccessors: .MaxIndex

===========================================================================================
----------------- testing Sun Sep 23 02:12:12 UTC 2018 /home/travis/build/icyphy/ptII/ptolemy/actor/lib/test/auto/Maximum.xml
----------------- Instantiating /home/travis/build/icyphy/ptII/ptolemy/actor/lib/test/auto/Maximum.xml
3 ms. Memory: 1280000K Free: 430608K (34%)
----------------- Invoking toplevel() on ptolemy.moml.MoMLSimpleApplication@183a1225
----------------- Done invoking toplevel() on ptolemy.moml.MoMLSimpleApplication@183a1225
reloadAllAccessors: .Maximum

===========================================================================================
----------------- testing Sun Sep 23 02:12:12 UTC 2018 /home/travis/build/icyphy/ptII/ptolemy/actor/lib/test/auto/MaximumComplex.xml
----------------- Instantiating /home/travis/build/icyphy/ptII/ptolemy/actor/lib/test/auto/MaximumComplex.xml
3 ms. Memory: 1280000K Free: 414866K (32%)
----------------- Invoking toplevel() on ptolemy.moml.MoMLSimpleApplication@4cd7a7b6
----------------- Done invoking toplevel() on ptolemy.moml.MoMLSimpleApplication@4cd7a7b6
reloadAllAccessors: .MaximumComplex

===========================================================================================
----------------- testing Sun Sep 23 02:12:12 UTC 2018 /home/travis/build/icyphy/ptII/ptolemy/actor/lib/test/auto/MethodCallTest.xml
----------------- Instantiating /home/travis/build/icyphy/ptII/ptolemy/actor/lib/test/auto/MethodCallTest.xml
2 ms. Memory: 1280000K Free: 393411K (31%)
----------------- Invoking toplevel() on ptolemy.moml.MoMLSimpleApplication@351b8003
----------------- Done invoking toplevel() on ptolemy.moml.MoMLSimpleApplication@351b8003
reloadAllAccessors: .MethodCallTest

===========================================================================================
----------------- testing Sun Sep 23 02:12:12 UTC 2018 /home/travis/build/icyphy/ptII/ptolemy/actor/lib/test/auto/Minimum.xml
----------------- Instantiating /home/travis/build/icyphy/ptII/ptolemy/actor/lib/test/auto/Minimum.xml
3 ms. Memory: 1280000K Free: 377669K (30%)
----------------- Invoking toplevel() on ptolemy.moml.MoMLSimpleApplication@7167cee1
----------------- Done invoking toplevel() on ptolemy.moml.MoMLSimpleApplication@7167cee1
reloadAllAccessors: .Minimum

===========================================================================================
----------------- testing Sun Sep 23 02:12:12 UTC 2018 /home/travis/build/icyphy/ptII/ptolemy/actor/lib/test/auto/MinimumComplex.xml
----------------- Instantiating /home/travis/build/icyphy/ptII/ptolemy/actor/lib/test/auto/MinimumComplex.xml
3 ms. Memory: 1280000K Free: 356214K (28%)
----------------- Invoking toplevel() on ptolemy.moml.MoMLSimpleApplication@511a0cdb
----------------- Done invoking toplevel() on ptolemy.moml.MoMLSimpleApplication@511a0cdb
reloadAllAccessors: .MinimumComplex

===========================================================================================
----------------- testing Sun Sep 23 02:12:12 UTC 2018 /home/travis/build/icyphy/ptII/ptolemy/actor/lib/test/auto/MinimumMultiports.xml
----------------- Instantiating /home/travis/build/icyphy/ptII/ptolemy/actor/lib/test/auto/MinimumMultiports.xml
3 ms. Memory: 1280000K Free: 340472K (27%)
----------------- Invoking toplevel() on ptolemy.moml.MoMLSimpleApplication@4cb7ced8
----------------- Done invoking toplevel() on ptolemy.moml.MoMLSimpleApplication@4cb7ced8
reloadAllAccessors: .MinimumMultiports

===========================================================================================
----------------- testing Sun Sep 23 02:12:12 UTC 2018 /home/travis/build/icyphy/ptII/ptolemy/actor/lib/test/auto/ModifyDate.xml
----------------- Instantiating /home/travis/build/icyphy/ptII/ptolemy/actor/lib/test/auto/ModifyDate.xml
5 ms. Memory: 1280000K Free: 316842K (25%)
----------------- Invoking toplevel() on ptolemy.moml.MoMLSimpleApplication@13b7f435
----------------- Done invoking toplevel() on ptolemy.moml.MoMLSimpleApplication@13b7f435
reloadAllAccessors: .ModifyDate

===========================================================================================
----------------- testing Sun Sep 23 02:12:12 UTC 2018 /home/travis/build/icyphy/ptII/ptolemy/actor/lib/test/auto/ModifyDate2.xml
----------------- Instantiating /home/travis/build/icyphy/ptII/ptolemy/actor/lib/test/auto/ModifyDate2.xml
2 ms. Memory: 1280000K Free: 287500K (22%)
----------------- Invoking toplevel() on ptolemy.moml.MoMLSimpleApplication@46c446be
----------------- Done invoking toplevel() on ptolemy.moml.MoMLSimpleApplication@46c446be
reloadAllAccessors: .ModifyDate2

===========================================================================================
----------------- testing Sun Sep 23 02:12:12 UTC 2018 /home/travis/build/icyphy/ptII/ptolemy/actor/lib/test/auto/MovingAverage.xml
----------------- Instantiating /home/travis/build/icyphy/ptII/ptolemy/actor/lib/test/auto/MovingAverage.xml
2 ms. Memory: 1280000K Free: 271758K (21%)
----------------- Invoking toplevel() on ptolemy.moml.MoMLSimpleApplication@361428d
----------------- Done invoking toplevel() on ptolemy.moml.MoMLSimpleApplication@361428d
reloadAllAccessors: .MovingAverage

===========================================================================================
----------------- testing Sun Sep 23 02:12:12 UTC 2018 /home/travis/build/icyphy/ptII/ptolemy/actor/lib/test/auto/MovingMaximum.xml
----------------- Instantiating /home/travis/build/icyphy/ptII/ptolemy/actor/lib/test/auto/MovingMaximum.xml
2 ms. Memory: 1280000K Free: 250303K (20%)
----------------- Invoking toplevel() on ptolemy.moml.MoMLSimpleApplication@13d4be31
----------------- Done invoking toplevel() on ptolemy.moml.MoMLSimpleApplication@13d4be31
reloadAllAccessors: .MovingMaximum

===========================================================================================
----------------- testing Sun Sep 23 02:12:12 UTC 2018 /home/travis/build/icyphy/ptII/ptolemy/actor/lib/test/auto/MultipleLinksToSameRelation.xml
----------------- Instantiating /home/travis/build/icyphy/ptII/ptolemy/actor/lib/test/auto/MultipleLinksToSameRelation.xml
2 ms. Memory: 1280000K Free: 234561K (18%)
----------------- Invoking toplevel() on ptolemy.moml.MoMLSimpleApplication@1ba5abfe
----------------- Done invoking toplevel() on ptolemy.moml.MoMLSimpleApplication@1ba5abfe
reloadAllAccessors: .MultipleLinksToSameRelation

===========================================================================================
----------------- testing Sun Sep 23 02:12:12 UTC 2018 /home/travis/build/icyphy/ptII/ptolemy/actor/lib/test/auto/MultipleLinksToSameRelationDE.xml
----------------- Instantiating /home/travis/build/icyphy/ptII/ptolemy/actor/lib/test/auto/MultipleLinksToSameRelationDE.xml
2 ms. Memory: 1280000K Free: 218819K (17%)
----------------- Invoking toplevel() on ptolemy.moml.MoMLSimpleApplication@4bcf6709
----------------- Done invoking toplevel() on ptolemy.moml.MoMLSimpleApplication@4bcf6709
reloadAllAccessors: .MultipleLinksToSameRelationDE

===========================================================================================
----------------- testing Sun Sep 23 02:12:12 UTC 2018 /home/travis/build/icyphy/ptII/ptolemy/actor/lib/test/auto/Multiplexor.xml
----------------- Instantiating /home/travis/build/icyphy/ptII/ptolemy/actor/lib/test/auto/Multiplexor.xml
3 ms. Memory: 1280000K Free: 197364K (15%)
----------------- Invoking toplevel() on ptolemy.moml.MoMLSimpleApplication@19977eab
----------------- Done invoking toplevel() on ptolemy.moml.MoMLSimpleApplication@19977eab
reloadAllAccessors: .Multiplexor

===========================================================================================
----------------- testing Sun Sep 23 02:12:12 UTC 2018 /home/travis/build/icyphy/ptII/ptolemy/actor/lib/test/auto/Multiplexor1.xml
----------------- Instantiating /home/travis/build/icyphy/ptII/ptolemy/actor/lib/test/auto/Multiplexor1.xml
2 ms. Memory: 1280000K Free: 181622K (14%)
----------------- Invoking toplevel() on ptolemy.moml.MoMLSimpleApplication@69cd8ba0
----------------- Done invoking toplevel() on ptolemy.moml.MoMLSimpleApplication@69cd8ba0
reloadAllAccessors: .Multiplexor1

===========================================================================================
----------------- testing Sun Sep 23 02:12:12 UTC 2018 /home/travis/build/icyphy/ptII/ptolemy/actor/lib/test/auto/Multiplexor2.xml
----------------- Instantiating /home/travis/build/icyphy/ptII/ptolemy/actor/lib/test/auto/Multiplexor2.xml
3 ms. Memory: 1280000K Free: 160167K (13%)
----------------- Invoking toplevel() on ptolemy.moml.MoMLSimpleApplication@24119560
----------------- Done invoking toplevel() on ptolemy.moml.MoMLSimpleApplication@24119560
reloadAllAccessors: .Multiplexor2

===========================================================================================
----------------- testing Sun Sep 23 02:12:12 UTC 2018 /home/travis/build/icyphy/ptII/ptolemy/actor/lib/test/auto/Multiplexor3.xml
----------------- Instantiating /home/travis/build/icyphy/ptII/ptolemy/actor/lib/test/auto/Multiplexor3.xml
2 ms. Memory: 1280000K Free: 144425K (11%)
----------------- Invoking toplevel() on ptolemy.moml.MoMLSimpleApplication@1cb9be8d
----------------- Done invoking toplevel() on ptolemy.moml.MoMLSimpleApplication@1cb9be8d
reloadAllAccessors: .Multiplexor3

===========================================================================================
----------------- testing Sun Sep 23 02:12:12 UTC 2018 /home/travis/build/icyphy/ptII/ptolemy/actor/lib/test/auto/MultiplexorDE.xml
----------------- Instantiating /home/travis/build/icyphy/ptII/ptolemy/actor/lib/test/auto/MultiplexorDE.xml
2 ms. Memory: 1280000K Free: 122970K (10%)
----------------- Invoking toplevel() on ptolemy.moml.MoMLSimpleApplication@302a8503
----------------- Done invoking toplevel() on ptolemy.moml.MoMLSimpleApplication@302a8503
reloadAllAccessors: .MultiplexorDE

===========================================================================================
----------------- testing Sun Sep 23 02:12:12 UTC 2018 /home/travis/build/icyphy/ptII/ptolemy/actor/lib/test/auto/MultiportBroadcastTest.xml
----------------- Instantiating /home/travis/build/icyphy/ptII/ptolemy/actor/lib/test/auto/MultiportBroadcastTest.xml
85 ms. Memory: 1280000K Free: 107228K (8%)
----------------- Invoking toplevel() on ptolemy.moml.MoMLSimpleApplication@7036686e
----------------- Done invoking toplevel() on ptolemy.moml.MoMLSimpleApplication@7036686e
reloadAllAccessors: .MultiportBroadcastTest

===========================================================================================
----------------- testing Sun Sep 23 02:12:12 UTC 2018 /home/travis/build/icyphy/ptII/ptolemy/actor/lib/test/auto/MultiportOutHangDuringGetWidth.xml
----------------- Instantiating /home/travis/build/icyphy/ptII/ptolemy/actor/lib/test/auto/MultiportOutHangDuringGetWidth.xml
10 ms. Memory: 1280000K Free: 83598K (7%)
----------------- Invoking toplevel() on ptolemy.moml.MoMLSimpleApplication@36829ed3
----------------- Done invoking toplevel() on ptolemy.moml.MoMLSimpleApplication@36829ed3
reloadAllAccessors: .MultiportOutHangDuringGetWidth

===========================================================================================
----------------- testing Sun Sep 23 02:12:12 UTC 2018 /home/travis/build/icyphy/ptII/ptolemy/actor/lib/test/auto/NilToken.xml
----------------- Instantiating /home/travis/build/icyphy/ptII/ptolemy/actor/lib/test/auto/NilToken.xml
3 ms. Memory: 1280000K Free: 62144K (5%)
----------------- Invoking toplevel() on ptolemy.moml.MoMLSimpleApplication@2cb0f215
----------------- Done invoking toplevel() on ptolemy.moml.MoMLSimpleApplication@2cb0f215
reloadAllAccessors: .NilToken

===========================================================================================
----------------- testing Sun Sep 23 02:12:12 UTC 2018 /home/travis/build/icyphy/ptII/ptolemy/actor/lib/test/auto/NilTokenNonStrictTest.xml
----------------- Instantiating /home/travis/build/icyphy/ptII/ptolemy/actor/lib/test/auto/NilTokenNonStrictTest.xml
2 ms. Memory: 1404928K Free: 1355071K (96%)
----------------- Invoking toplevel() on ptolemy.moml.MoMLSimpleApplication@4be6c24c
----------------- Done invoking toplevel() on ptolemy.moml.MoMLSimpleApplication@4be6c24c
reloadAllAccessors: .NilTokenNonStrictTest

===========================================================================================
----------------- testing Sun Sep 23 02:12:12 UTC 2018 /home/travis/build/icyphy/ptII/ptolemy/actor/lib/test/auto/NilTokenRecord.xml
----------------- Instantiating /home/travis/build/icyphy/ptII/ptolemy/actor/lib/test/auto/NilTokenRecord.xml
5 ms. Memory: 1404928K Free: 1336754K (95%)
----------------- Invoking toplevel() on ptolemy.moml.MoMLSimpleApplication@31eb25ff
----------------- Done invoking toplevel() on ptolemy.moml.MoMLSimpleApplication@31eb25ff
reloadAllAccessors: .NilTokenRecord

===========================================================================================
----------------- testing Sun Sep 23 02:12:12 UTC 2018 /home/travis/build/icyphy/ptII/ptolemy/actor/lib/test/auto/NilTokenTypeTest.xml
----------------- Instantiating /home/travis/build/icyphy/ptII/ptolemy/actor/lib/test/auto/NilTokenTypeTest.xml
12 ms. Memory: 1404928K Free: 1317170K (94%)
----------------- Invoking toplevel() on ptolemy.moml.MoMLSimpleApplication@732f9768
----------------- Done invoking toplevel() on ptolemy.moml.MoMLSimpleApplication@732f9768
reloadAllAccessors: .NilTokenTypeTest

===========================================================================================
----------------- testing Sun Sep 23 02:12:12 UTC 2018 /home/travis/build/icyphy/ptII/ptolemy/actor/lib/test/auto/ObjectToken1.xml
----------------- Instantiating /home/travis/build/icyphy/ptII/ptolemy/actor/lib/test/auto/ObjectToken1.xml
1 ms. Memory: 1404928K Free: 1298873K (92%)
----------------- Invoking toplevel() on ptolemy.moml.MoMLSimpleApplication@1b021008
----------------- Done invoking toplevel() on ptolemy.moml.MoMLSimpleApplication@1b021008
reloadAllAccessors: .ObjectToken1

===========================================================================================
----------------- testing Sun Sep 23 02:12:12 UTC 2018 /home/travis/build/icyphy/ptII/ptolemy/actor/lib/test/auto/OrderedMerge.xml
----------------- Instantiating /home/travis/build/icyphy/ptII/ptolemy/actor/lib/test/auto/OrderedMerge.xml
6 ms. Memory: 1404928K Free: 1259720K (90%)
----------------- Invoking toplevel() on ptolemy.moml.MoMLSimpleApplication@462be89b
----------------- Done invoking toplevel() on ptolemy.moml.MoMLSimpleApplication@462be89b
reloadAllAccessors: .OrderedMerge

===========================================================================================
----------------- testing Sun Sep 23 02:12:12 UTC 2018 /home/travis/build/icyphy/ptII/ptolemy/actor/lib/test/auto/OrderedRecordDisassembler.xml
----------------- Instantiating /home/travis/build/icyphy/ptII/ptolemy/actor/lib/test/auto/OrderedRecordDisassembler.xml
3 ms. Memory: 1404928K Free: 1241423K (88%)
----------------- Invoking toplevel() on ptolemy.moml.MoMLSimpleApplication@1acee832
----------------- Done invoking toplevel() on ptolemy.moml.MoMLSimpleApplication@1acee832
reloadAllAccessors: .OrderedRecordDisassembler

===========================================================================================
----------------- testing Sun Sep 23 02:12:12 UTC 2018 /home/travis/build/icyphy/ptII/ptolemy/actor/lib/test/auto/OrderedRecordDisassembler2.xml
----------------- Instantiating /home/travis/build/icyphy/ptII/ptolemy/actor/lib/test/auto/OrderedRecordDisassembler2.xml
4 ms. Memory: 1404928K Free: 1228372K (87%)
----------------- Invoking toplevel() on ptolemy.moml.MoMLSimpleApplication@500c47f1
----------------- Done invoking toplevel() on ptolemy.moml.MoMLSimpleApplication@500c47f1
reloadAllAccessors: .OrderedRecordDisassembler2

===========================================================================================
----------------- testing Sun Sep 23 02:12:12 UTC 2018 /home/travis/build/icyphy/ptII/ptolemy/actor/lib/test/auto/OrderedRecordUpdater.xml
----------------- Instantiating /home/travis/build/icyphy/ptII/ptolemy/actor/lib/test/auto/OrderedRecordUpdater.xml
2 ms. Memory: 1404928K Free: 1210075K (86%)
----------------- Invoking toplevel() on ptolemy.moml.MoMLSimpleApplication@71c163d2
----------------- Done invoking toplevel() on ptolemy.moml.MoMLSimpleApplication@71c163d2
reloadAllAccessors: .RecordUpdater

===========================================================================================
----------------- testing Sun Sep 23 02:12:12 UTC 2018 /home/travis/build/icyphy/ptII/ptolemy/actor/lib/test/auto/OrderedRecordUpdater2.xml
----------------- Instantiating /home/travis/build/icyphy/ptII/ptolemy/actor/lib/test/auto/OrderedRecordUpdater2.xml
10 ms. Memory: 1404928K Free: 1197025K (85%)
----------------- Invoking toplevel() on ptolemy.moml.MoMLSimpleApplication@1b19ba5a
----------------- Done invoking toplevel() on ptolemy.moml.MoMLSimpleApplication@1b19ba5a
reloadAllAccessors: .RecordUpdater2

===========================================================================================
----------------- testing Sun Sep 23 02:12:12 UTC 2018 /home/travis/build/icyphy/ptII/ptolemy/actor/lib/test/auto/PhaseUnwrap.xml
----------------- Instantiating /home/travis/build/icyphy/ptII/ptolemy/actor/lib/test/auto/PhaseUnwrap.xml
1 ms. Memory: 1404928K Free: 1178728K (84%)
----------------- Invoking toplevel() on ptolemy.moml.MoMLSimpleApplication@7b3a3c32
----------------- Done invoking toplevel() on ptolemy.moml.MoMLSimpleApplication@7b3a3c32
reloadAllAccessors: .PhaseUnwrap

===========================================================================================
----------------- testing Sun Sep 23 02:12:12 UTC 2018 /home/travis/build/icyphy/ptII/ptolemy/actor/lib/test/auto/PoissonClock.xml
----------------- Instantiating /home/travis/build/icyphy/ptII/ptolemy/actor/lib/test/auto/PoissonClock.xml
1 ms. Memory: 1404928K Free: 1165677K (83%)
----------------- Invoking toplevel() on ptolemy.moml.MoMLSimpleApplication@6eb0509b
----------------- Done invoking toplevel() on ptolemy.moml.MoMLSimpleApplication@6eb0509b
reloadAllAccessors: .PoissonClock

===========================================================================================
----------------- testing Sun Sep 23 02:12:12 UTC 2018 /home/travis/build/icyphy/ptII/ptolemy/actor/lib/test/auto/PoissonClock2.xml
----------------- Instantiating /home/travis/build/icyphy/ptII/ptolemy/actor/lib/test/auto/PoissonClock2.xml
1 ms. Memory: 1404928K Free: 1152626K (82%)
----------------- Invoking toplevel() on ptolemy.moml.MoMLSimpleApplication@66270742
----------------- Done invoking toplevel() on ptolemy.moml.MoMLSimpleApplication@66270742
reloadAllAccessors: .PoissonClock2

===========================================================================================
----------------- testing Sun Sep 23 02:12:12 UTC 2018 /home/travis/build/icyphy/ptII/ptolemy/actor/lib/test/auto/PoissonClock3.xml
----------------- Instantiating /home/travis/build/icyphy/ptII/ptolemy/actor/lib/test/auto/PoissonClock3.xml
1 ms. Memory: 1404928K Free: 1134329K (81%)
----------------- Invoking toplevel() on ptolemy.moml.MoMLSimpleApplication@6b923171
----------------- Done invoking toplevel() on ptolemy.moml.MoMLSimpleApplication@6b923171
reloadAllAccessors: .PoissonClock3

===========================================================================================
----------------- testing Sun Sep 23 02:12:12 UTC 2018 /home/travis/build/icyphy/ptII/ptolemy/actor/lib/test/auto/PubSubWithInitialTokens.xml
----------------- Instantiating /home/travis/build/icyphy/ptII/ptolemy/actor/lib/test/auto/PubSubWithInitialTokens.xml
3 ms. Memory: 1404928K Free: 1121278K (80%)
----------------- Invoking toplevel() on ptolemy.moml.MoMLSimpleApplication@3808cc86
----------------- Done invoking toplevel() on ptolemy.moml.MoMLSimpleApplication@3808cc86
reloadAllAccessors: .PubSubWithInitialTokens

===========================================================================================
----------------- testing Sun Sep 23 02:12:12 UTC 2018 /home/travis/build/icyphy/ptII/ptolemy/actor/lib/test/auto/PubSubWithInitialTokens2.xml
----------------- Instantiating /home/travis/build/icyphy/ptII/ptolemy/actor/lib/test/auto/PubSubWithInitialTokens2.xml
2 ms. Memory: 1404928K Free: 1102982K (79%)
----------------- Invoking toplevel() on ptolemy.moml.MoMLSimpleApplication@21c97e58
----------------- Done invoking toplevel() on ptolemy.moml.MoMLSimpleApplication@21c97e58
reloadAllAccessors: .PubSubWithInitialTokens2

===========================================================================================
----------------- testing Sun Sep 23 02:12:12 UTC 2018 /home/travis/build/icyphy/ptII/ptolemy/actor/lib/test/auto/PublisherClassNoParameter.xml
----------------- Instantiating /home/travis/build/icyphy/ptII/ptolemy/actor/lib/test/auto/PublisherClassNoParameter.xml
2 ms. Memory: 1404928K Free: 1083389K (77%)
----------------- Invoking toplevel() on ptolemy.moml.MoMLSimpleApplication@f320f7a
----------------- Done invoking toplevel() on ptolemy.moml.MoMLSimpleApplication@f320f7a
reloadAllAccessors: .PublisherClassNoParameter

===========================================================================================
----------------- testing Sun Sep 23 02:12:12 UTC 2018 /home/travis/build/icyphy/ptII/ptolemy/actor/lib/test/auto/PublisherClassParameter.xml
----------------- Instantiating /home/travis/build/icyphy/ptII/ptolemy/actor/lib/test/auto/PublisherClassParameter.xml
3 ms. Memory: 1404928K Free: 1058567K (75%)
----------------- Invoking toplevel() on ptolemy.moml.MoMLSimpleApplication@560e3e77
----------------- Done invoking toplevel() on ptolemy.moml.MoMLSimpleApplication@560e3e77
reloadAllAccessors: .PublisherClassParameter

===========================================================================================
----------------- testing Sun Sep 23 02:12:13 UTC 2018 /home/travis/build/icyphy/ptII/ptolemy/actor/lib/test/auto/PublisherNonStrictTest.xml
----------------- Instantiating /home/travis/build/icyphy/ptII/ptolemy/actor/lib/test/auto/PublisherNonStrictTest.xml
3 ms. Memory: 1404928K Free: 1045516K (74%)
----------------- Invoking toplevel() on ptolemy.moml.MoMLSimpleApplication@3e212ad6
----------------- Done invoking toplevel() on ptolemy.moml.MoMLSimpleApplication@3e212ad6
reloadAllAccessors: .PublisherNonStrictTest

===========================================================================================
----------------- testing Sun Sep 23 02:12:13 UTC 2018 /home/travis/build/icyphy/ptII/ptolemy/actor/lib/test/auto/PublisherPort1.xml
----------------- Instantiating /home/travis/build/icyphy/ptII/ptolemy/actor/lib/test/auto/PublisherPort1.xml
2 ms. Memory: 1404928K Free: 1027219K (73%)
----------------- Invoking toplevel() on ptolemy.moml.MoMLSimpleApplication@19eae2a4
----------------- Done invoking toplevel() on ptolemy.moml.MoMLSimpleApplication@19eae2a4
reloadAllAccessors: .PublisherPort1

===========================================================================================
----------------- testing Sun Sep 23 02:12:13 UTC 2018 /home/travis/build/icyphy/ptII/ptolemy/actor/lib/test/auto/PublisherPort2.xml
----------------- Instantiating /home/travis/build/icyphy/ptII/ptolemy/actor/lib/test/auto/PublisherPort2.xml
2 ms. Memory: 1404928K Free: 1014169K (72%)
----------------- Invoking toplevel() on ptolemy.moml.MoMLSimpleApplication@68cfc000
----------------- Done invoking toplevel() on ptolemy.moml.MoMLSimpleApplication@68cfc000
reloadAllAccessors: .PublisherPort2

===========================================================================================
----------------- testing Sun Sep 23 02:12:13 UTC 2018 /home/travis/build/icyphy/ptII/ptolemy/actor/lib/test/auto/PublisherPort3.xml
----------------- Instantiating /home/travis/build/icyphy/ptII/ptolemy/actor/lib/test/auto/PublisherPort3.xml
3 ms. Memory: 1404928K Free: 995872K (71%)
----------------- Invoking toplevel() on ptolemy.moml.MoMLSimpleApplication@2211cc09
----------------- Done invoking toplevel() on ptolemy.moml.MoMLSimpleApplication@2211cc09
reloadAllAccessors: .PublisherPort3

===========================================================================================
----------------- testing Sun Sep 23 02:12:13 UTC 2018 /home/travis/build/icyphy/ptII/ptolemy/actor/lib/test/auto/PublisherPort4.xml
----------------- Instantiating /home/travis/build/icyphy/ptII/ptolemy/actor/lib/test/auto/PublisherPort4.xml
2 ms. Memory: 1404928K Free: 982821K (70%)
----------------- Invoking toplevel() on ptolemy.moml.MoMLSimpleApplication@43417f18
----------------- Done invoking toplevel() on ptolemy.moml.MoMLSimpleApplication@43417f18
reloadAllAccessors: .PublisherPort4

===========================================================================================
----------------- testing Sun Sep 23 02:12:13 UTC 2018 /home/travis/build/icyphy/ptII/ptolemy/actor/lib/test/auto/PublisherPort5.xml
----------------- Instantiating /home/travis/build/icyphy/ptII/ptolemy/actor/lib/test/auto/PublisherPort5.xml
3 ms. Memory: 1404928K Free: 969770K (69%)
----------------- Invoking toplevel() on ptolemy.moml.MoMLSimpleApplication@57229230
----------------- Done invoking toplevel() on ptolemy.moml.MoMLSimpleApplication@57229230
reloadAllAccessors: .PublisherPort5

===========================================================================================
----------------- testing Sun Sep 23 02:12:13 UTC 2018 /home/travis/build/icyphy/ptII/ptolemy/actor/lib/test/auto/PublisherPort5LookAlike.xml
----------------- Instantiating /home/travis/build/icyphy/ptII/ptolemy/actor/lib/test/auto/PublisherPort5LookAlike.xml
3 ms. Memory: 1404928K Free: 951473K (68%)
----------------- Invoking toplevel() on ptolemy.moml.MoMLSimpleApplication@7bcae2bb
----------------- Done invoking toplevel() on ptolemy.moml.MoMLSimpleApplication@7bcae2bb
reloadAllAccessors: .PublisherPort5LookAlike

===========================================================================================
----------------- testing Sun Sep 23 02:12:13 UTC 2018 /home/travis/build/icyphy/ptII/ptolemy/actor/lib/test/auto/PublisherPort6.xml
----------------- Instantiating /home/travis/build/icyphy/ptII/ptolemy/actor/lib/test/auto/PublisherPort6.xml
2 ms. Memory: 1404928K Free: 938422K (67%)
----------------- Invoking toplevel() on ptolemy.moml.MoMLSimpleApplication@448f404e
----------------- Done invoking toplevel() on ptolemy.moml.MoMLSimpleApplication@448f404e
reloadAllAccessors: .PublisherPort6

===========================================================================================
----------------- testing Sun Sep 23 02:12:13 UTC 2018 /home/travis/build/icyphy/ptII/ptolemy/actor/lib/test/auto/PublisherPort7.xml
----------------- Instantiating /home/travis/build/icyphy/ptII/ptolemy/actor/lib/test/auto/PublisherPort7.xml
3 ms. Memory: 1404928K Free: 920126K (65%)
----------------- Invoking toplevel() on ptolemy.moml.MoMLSimpleApplication@719171d8
----------------- Done invoking toplevel() on ptolemy.moml.MoMLSimpleApplication@719171d8
reloadAllAccessors: .PublisherPort7

===========================================================================================
----------------- testing Sun Sep 23 02:12:13 UTC 2018 /home/travis/build/icyphy/ptII/ptolemy/actor/lib/test/auto/PublisherPort8.xml
----------------- Instantiating /home/travis/build/icyphy/ptII/ptolemy/actor/lib/test/auto/PublisherPort8.xml
4 ms. Memory: 1404928K Free: 907075K (65%)
----------------- Invoking toplevel() on ptolemy.moml.MoMLSimpleApplication@1124eaa8
----------------- Done invoking toplevel() on ptolemy.moml.MoMLSimpleApplication@1124eaa8
reloadAllAccessors: .PublisherPort8

===========================================================================================
----------------- testing Sun Sep 23 02:12:13 UTC 2018 /home/travis/build/icyphy/ptII/ptolemy/actor/lib/test/auto/PublisherPortSubscriberChannelVariablesAOC2.xml
----------------- Instantiating /home/travis/build/icyphy/ptII/ptolemy/actor/lib/test/auto/PublisherPortSubscriberChannelVariablesAOC2.xml
3 ms. Memory: 1404928K Free: 875711K (62%)
----------------- Invoking toplevel() on ptolemy.moml.MoMLSimpleApplication@6db9b681
----------------- Done invoking toplevel() on ptolemy.moml.MoMLSimpleApplication@6db9b681
reloadAllAccessors: .PublisherPortSubscriberChannelVariablesAOC2

===========================================================================================
----------------- testing Sun Sep 23 02:12:13 UTC 2018 /home/travis/build/icyphy/ptII/ptolemy/actor/lib/test/auto/PublisherPortSubscriberOpaqueWidthInference.xml
----------------- Instantiating /home/travis/build/icyphy/ptII/ptolemy/actor/lib/test/auto/PublisherPortSubscriberOpaqueWidthInference.xml
4 ms. Memory: 1404928K Free: 862660K (61%)
----------------- Invoking toplevel() on ptolemy.moml.MoMLSimpleApplication@5d408483
----------------- Done invoking toplevel() on ptolemy.moml.MoMLSimpleApplication@5d408483
reloadAllAccessors: .PublisherPortSubscriberOpaqueWidthInference

===========================================================================================
----------------- testing Sun Sep 23 02:12:13 UTC 2018 /home/travis/build/icyphy/ptII/ptolemy/actor/lib/test/auto/PublisherPortSubscriberPortAdjacent.xml
----------------- Instantiating /home/travis/build/icyphy/ptII/ptolemy/actor/lib/test/auto/PublisherPortSubscriberPortAdjacent.xml
2 ms. Memory: 1404928K Free: 837822K (60%)
----------------- Invoking toplevel() on ptolemy.moml.MoMLSimpleApplication@7f55e0d6
----------------- Done invoking toplevel() on ptolemy.moml.MoMLSimpleApplication@7f55e0d6
reloadAllAccessors: .PublisherPortSubscriberPortAdjacent

===========================================================================================
----------------- testing Sun Sep 23 02:12:13 UTC 2018 /home/travis/build/icyphy/ptII/ptolemy/actor/lib/test/auto/PublisherPortSubscriberPortExpression.xml
----------------- Instantiating /home/travis/build/icyphy/ptII/ptolemy/actor/lib/test/auto/PublisherPortSubscriberPortExpression.xml
4 ms. Memory: 1404928K Free: 824771K (59%)
----------------- Invoking toplevel() on ptolemy.moml.MoMLSimpleApplication@79223891
----------------- Done invoking toplevel() on ptolemy.moml.MoMLSimpleApplication@79223891
reloadAllAccessors: .PublisherPortSubscriberPortExpression

===========================================================================================
----------------- testing Sun Sep 23 02:12:13 UTC 2018 /home/travis/build/icyphy/ptII/ptolemy/actor/lib/test/auto/PublisherPortSubscriberPortOpaqueD3Reverse.xml
----------------- Instantiating /home/travis/build/icyphy/ptII/ptolemy/actor/lib/test/auto/PublisherPortSubscriberPortOpaqueD3Reverse.xml
6 ms. Memory: 1404928K Free: 806474K (57%)
----------------- Invoking toplevel() on ptolemy.moml.MoMLSimpleApplication@134407e8
----------------- Done invoking toplevel() on ptolemy.moml.MoMLSimpleApplication@134407e8
reloadAllAccessors: .PublisherPortSubscriberPortOpaqueD3Reverse

===========================================================================================
----------------- testing Sun Sep 23 02:12:13 UTC 2018 /home/travis/build/icyphy/ptII/ptolemy/actor/lib/test/auto/PublisherPortSubscriberPortOpaqueWidthInference.xml
----------------- Instantiating /home/travis/build/icyphy/ptII/ptolemy/actor/lib/test/auto/PublisherPortSubscriberPortOpaqueWidthInference.xml
3 ms. Memory: 1404928K Free: 793423K (56%)
----------------- Invoking toplevel() on ptolemy.moml.MoMLSimpleApplication@25482f18
----------------- Done invoking toplevel() on ptolemy.moml.MoMLSimpleApplication@25482f18
reloadAllAccessors: .PublisherPortSubscriberPortOpaqueWidthInference

===========================================================================================
----------------- testing Sun Sep 23 02:12:13 UTC 2018 /home/travis/build/icyphy/ptII/ptolemy/actor/lib/test/auto/PublisherPortToplevelSubscriberPortAOC.xml
----------------- Instantiating /home/travis/build/icyphy/ptII/ptolemy/actor/lib/test/auto/PublisherPortToplevelSubscriberPortAOC.xml
.PublisherPortToplevelSubscriberPortAOC.TestExceptionAttribute: initialize() was not invoked, but wrapup() was.  This is unusual, but not always a problem.  For example, exporting JNLP will do this.
0 ms. Memory: 1404928K Free: 775126K (55%)
----------------- Invoking toplevel() on ptolemy.moml.MoMLSimpleApplication@becb545
----------------- Done invoking toplevel() on ptolemy.moml.MoMLSimpleApplication@becb545
reloadAllAccessors: .PublisherPortToplevelSubscriberPortAOC

===========================================================================================
----------------- testing Sun Sep 23 02:12:13 UTC 2018 /home/travis/build/icyphy/ptII/ptolemy/actor/lib/test/auto/PublisherSubscriber.xml
----------------- Instantiating /home/travis/build/icyphy/ptII/ptolemy/actor/lib/test/auto/PublisherSubscriber.xml
2 ms. Memory: 1404928K Free: 762075K (54%)
----------------- Invoking toplevel() on ptolemy.moml.MoMLSimpleApplication@40aa1c80
----------------- Done invoking toplevel() on ptolemy.moml.MoMLSimpleApplication@40aa1c80
reloadAllAccessors: .PublisherSubscriber

===========================================================================================
----------------- testing Sun Sep 23 02:12:13 UTC 2018 /home/travis/build/icyphy/ptII/ptolemy/actor/lib/test/auto/PublisherSubscriber10.xml
----------------- Instantiating /home/travis/build/icyphy/ptII/ptolemy/actor/lib/test/auto/PublisherSubscriber10.xml
5 ms. Memory: 1404928K Free: 742499K (53%)
----------------- Invoking toplevel() on ptolemy.moml.MoMLSimpleApplication@b664d41
----------------- Done invoking toplevel() on ptolemy.moml.MoMLSimpleApplication@b664d41
reloadAllAccessors: .PublisherSubscriber10

===========================================================================================
----------------- testing Sun Sep 23 02:12:13 UTC 2018 /home/travis/build/icyphy/ptII/ptolemy/actor/lib/test/auto/PublisherSubscriber10InitialOutputs.xml
----------------- Instantiating /home/travis/build/icyphy/ptII/ptolemy/actor/lib/test/auto/PublisherSubscriber10InitialOutputs.xml
5 ms. Memory: 1404928K Free: 724202K (52%)
----------------- Invoking toplevel() on ptolemy.moml.MoMLSimpleApplication@23bc429f
----------------- Done invoking toplevel() on ptolemy.moml.MoMLSimpleApplication@23bc429f
reloadAllAccessors: .PublisherSubscriber10InitialOutputs

===========================================================================================
----------------- testing Sun Sep 23 02:12:13 UTC 2018 /home/travis/build/icyphy/ptII/ptolemy/actor/lib/test/auto/PublisherSubscriber11.xml
----------------- Instantiating /home/travis/build/icyphy/ptII/ptolemy/actor/lib/test/auto/PublisherSubscriber11.xml
3 ms. Memory: 1404928K Free: 711151K (51%)
----------------- Invoking toplevel() on ptolemy.moml.MoMLSimpleApplication@267a7a64
----------------- Done invoking toplevel() on ptolemy.moml.MoMLSimpleApplication@267a7a64
reloadAllAccessors: .PublisherSubscriber11

===========================================================================================
----------------- testing Sun Sep 23 02:12:13 UTC 2018 /home/travis/build/icyphy/ptII/ptolemy/actor/lib/test/auto/PublisherSubscriber12.xml
----------------- Instantiating /home/travis/build/icyphy/ptII/ptolemy/actor/lib/test/auto/PublisherSubscriber12.xml
3 ms. Memory: 1404928K Free: 692855K (49%)
----------------- Invoking toplevel() on ptolemy.moml.MoMLSimpleApplication@26e1a11
----------------- Done invoking toplevel() on ptolemy.moml.MoMLSimpleApplication@26e1a11
reloadAllAccessors: .PublisherSubscriber12

===========================================================================================
----------------- testing Sun Sep 23 02:12:13 UTC 2018 /home/travis/build/icyphy/ptII/ptolemy/actor/lib/test/auto/PublisherSubscriber13.xml
----------------- Instantiating /home/travis/build/icyphy/ptII/ptolemy/actor/lib/test/auto/PublisherSubscriber13.xml
2 ms. Memory: 1404928K Free: 679804K (48%)
----------------- Invoking toplevel() on ptolemy.moml.MoMLSimpleApplication@1e2eab7b
----------------- Done invoking toplevel() on ptolemy.moml.MoMLSimpleApplication@1e2eab7b
reloadAllAccessors: .PublisherSubscriber13

===========================================================================================
----------------- testing Sun Sep 23 02:12:13 UTC 2018 /home/travis/build/icyphy/ptII/ptolemy/actor/lib/test/auto/PublisherSubscriber14.xml
----------------- Instantiating /home/travis/build/icyphy/ptII/ptolemy/actor/lib/test/auto/PublisherSubscriber14.xml
2 ms. Memory: 1404928K Free: 661507K (47%)
----------------- Invoking toplevel() on ptolemy.moml.MoMLSimpleApplication@1d6c2246
----------------- Done invoking toplevel() on ptolemy.moml.MoMLSimpleApplication@1d6c2246
reloadAllAccessors: .PublisherSubscriber14

===========================================================================================
----------------- testing Sun Sep 23 02:12:13 UTC 2018 /home/travis/build/icyphy/ptII/ptolemy/actor/lib/test/auto/PublisherSubscriber2.xml
----------------- Instantiating /home/travis/build/icyphy/ptII/ptolemy/actor/lib/test/auto/PublisherSubscriber2.xml
2 ms. Memory: 1404928K Free: 648456K (46%)
----------------- Invoking toplevel() on ptolemy.moml.MoMLSimpleApplication@4d5845df
----------------- Done invoking toplevel() on ptolemy.moml.MoMLSimpleApplication@4d5845df
reloadAllAccessors: .PublisherSubscriber2

===========================================================================================
----------------- testing Sun Sep 23 02:12:13 UTC 2018 /home/travis/build/icyphy/ptII/ptolemy/actor/lib/test/auto/PublisherSubscriber3.xml
----------------- Instantiating /home/travis/build/icyphy/ptII/ptolemy/actor/lib/test/auto/PublisherSubscriber3.xml
2 ms. Memory: 1404928K Free: 630160K (45%)
----------------- Invoking toplevel() on ptolemy.moml.MoMLSimpleApplication@250a73f9
----------------- Done invoking toplevel() on ptolemy.moml.MoMLSimpleApplication@250a73f9
reloadAllAccessors: .PublisherSubscriber3

===========================================================================================
----------------- testing Sun Sep 23 02:12:13 UTC 2018 /home/travis/build/icyphy/ptII/ptolemy/actor/lib/test/auto/PublisherSubscriber4.xml
----------------- Instantiating /home/travis/build/icyphy/ptII/ptolemy/actor/lib/test/auto/PublisherSubscriber4.xml
1 ms. Memory: 1404928K Free: 617109K (44%)
----------------- Invoking toplevel() on ptolemy.moml.MoMLSimpleApplication@1a89017f
----------------- Done invoking toplevel() on ptolemy.moml.MoMLSimpleApplication@1a89017f
reloadAllAccessors: .PublisherSubscriber4

===========================================================================================
----------------- testing Sun Sep 23 02:12:13 UTC 2018 /home/travis/build/icyphy/ptII/ptolemy/actor/lib/test/auto/PublisherSubscriber5.xml
----------------- Instantiating /home/travis/build/icyphy/ptII/ptolemy/actor/lib/test/auto/PublisherSubscriber5.xml
2 ms. Memory: 1404928K Free: 598812K (43%)
----------------- Invoking toplevel() on ptolemy.moml.MoMLSimpleApplication@63e532f9
----------------- Done invoking toplevel() on ptolemy.moml.MoMLSimpleApplication@63e532f9
reloadAllAccessors: .PublisherSubscriber5

===========================================================================================
----------------- testing Sun Sep 23 02:12:13 UTC 2018 /home/travis/build/icyphy/ptII/ptolemy/actor/lib/test/auto/PublisherSubscriber6.xml
----------------- Instantiating /home/travis/build/icyphy/ptII/ptolemy/actor/lib/test/auto/PublisherSubscriber6.xml
2 ms. Memory: 1404928K Free: 585761K (42%)
----------------- Invoking toplevel() on ptolemy.moml.MoMLSimpleApplication@5e87ca8f
----------------- Done invoking toplevel() on ptolemy.moml.MoMLSimpleApplication@5e87ca8f
reloadAllAccessors: .PublisherSubscriber6

===========================================================================================
----------------- testing Sun Sep 23 02:12:13 UTC 2018 /home/travis/build/icyphy/ptII/ptolemy/actor/lib/test/auto/PublisherSubscriber7.xml
----------------- Instantiating /home/travis/build/icyphy/ptII/ptolemy/actor/lib/test/auto/PublisherSubscriber7.xml
3 ms. Memory: 1404928K Free: 567464K (40%)
----------------- Invoking toplevel() on ptolemy.moml.MoMLSimpleApplication@59764309
----------------- Done invoking toplevel() on ptolemy.moml.MoMLSimpleApplication@59764309
reloadAllAccessors: .PublisherSubscriber7

===========================================================================================
----------------- testing Sun Sep 23 02:12:13 UTC 2018 /home/travis/build/icyphy/ptII/ptolemy/actor/lib/test/auto/PublisherSubscriber8.xml
----------------- Instantiating /home/travis/build/icyphy/ptII/ptolemy/actor/lib/test/auto/PublisherSubscriber8.xml
10 ms. Memory: 1404928K Free: 489159K (35%)
----------------- Invoking toplevel() on ptolemy.moml.MoMLSimpleApplication@7b65cde6
----------------- Done invoking toplevel() on ptolemy.moml.MoMLSimpleApplication@7b65cde6
reloadAllAccessors: .PublisherSubscriber8

===========================================================================================
----------------- testing Sun Sep 23 02:12:13 UTC 2018 /home/travis/build/icyphy/ptII/ptolemy/actor/lib/test/auto/PublisherSubscriber9.xml
----------------- Instantiating /home/travis/build/icyphy/ptII/ptolemy/actor/lib/test/auto/PublisherSubscriber9.xml
4 ms. Memory: 1404928K Free: 476108K (34%)
----------------- Invoking toplevel() on ptolemy.moml.MoMLSimpleApplication@1d5c8715
----------------- Done invoking toplevel() on ptolemy.moml.MoMLSimpleApplication@1d5c8715
reloadAllAccessors: .PublisherSubscriber9

===========================================================================================
----------------- testing Sun Sep 23 02:12:13 UTC 2018 /home/travis/build/icyphy/ptII/ptolemy/actor/lib/test/auto/PublisherSubscriberAdjacent.xml
----------------- Instantiating /home/travis/build/icyphy/ptII/ptolemy/actor/lib/test/auto/PublisherSubscriberAdjacent.xml
1 ms. Memory: 1404928K Free: 451270K (32%)
----------------- Invoking toplevel() on ptolemy.moml.MoMLSimpleApplication@216652ec
----------------- Done invoking toplevel() on ptolemy.moml.MoMLSimpleApplication@216652ec
reloadAllAccessors: .PublisherSubscriberAdjacent

===========================================================================================
----------------- testing Sun Sep 23 02:12:13 UTC 2018 /home/travis/build/icyphy/ptII/ptolemy/actor/lib/test/auto/PublisherSubscriberChannelVariablesAOC2.xml
----------------- Instantiating /home/travis/build/icyphy/ptII/ptolemy/actor/lib/test/auto/PublisherSubscriberChannelVariablesAOC2.xml
2 ms. Memory: 1404928K Free: 431677K (31%)
----------------- Invoking toplevel() on ptolemy.moml.MoMLSimpleApplication@6dd3aec0
----------------- Done invoking toplevel() on ptolemy.moml.MoMLSimpleApplication@6dd3aec0
reloadAllAccessors: .PublisherSubscriberChannelVariablesAOC2

===========================================================================================
----------------- testing Sun Sep 23 02:12:13 UTC 2018 /home/travis/build/icyphy/ptII/ptolemy/actor/lib/test/auto/PublisherSubscriberD3.xml
----------------- Instantiating /home/travis/build/icyphy/ptII/ptolemy/actor/lib/test/auto/PublisherSubscriberD3.xml
1 ms. Memory: 1404928K Free: 413380K (29%)
----------------- Invoking toplevel() on ptolemy.moml.MoMLSimpleApplication@15e39b65
----------------- Done invoking toplevel() on ptolemy.moml.MoMLSimpleApplication@15e39b65
reloadAllAccessors: .PublisherSubscriberD3

===========================================================================================
----------------- testing Sun Sep 23 02:12:13 UTC 2018 /home/travis/build/icyphy/ptII/ptolemy/actor/lib/test/auto/PublisherSubscriberD3Reverse.xml
----------------- Instantiating /home/travis/build/icyphy/ptII/ptolemy/actor/lib/test/auto/PublisherSubscriberD3Reverse.xml
2 ms. Memory: 1404928K Free: 400330K (28%)
----------------- Invoking toplevel() on ptolemy.moml.MoMLSimpleApplication@7ce9b147
----------------- Done invoking toplevel() on ptolemy.moml.MoMLSimpleApplication@7ce9b147
reloadAllAccessors: .PublisherSubscriberD3Reverse

===========================================================================================
----------------- testing Sun Sep 23 02:12:13 UTC 2018 /home/travis/build/icyphy/ptII/ptolemy/actor/lib/test/auto/PublisherSubscriberExpression.xml
----------------- Instantiating /home/travis/build/icyphy/ptII/ptolemy/actor/lib/test/auto/PublisherSubscriberExpression.xml
4 ms. Memory: 1404928K Free: 382033K (27%)
----------------- Invoking toplevel() on ptolemy.moml.MoMLSimpleApplication@1c5fb2bf
----------------- Done invoking toplevel() on ptolemy.moml.MoMLSimpleApplication@1c5fb2bf
reloadAllAccessors: .PublisherSubscriberExpression

===========================================================================================
----------------- testing Sun Sep 23 02:12:13 UTC 2018 /home/travis/build/icyphy/ptII/ptolemy/actor/lib/test/auto/PublisherSubscriberOpaque.xml
----------------- Instantiating /home/travis/build/icyphy/ptII/ptolemy/actor/lib/test/auto/PublisherSubscriberOpaque.xml
4 ms. Memory: 1404928K Free: 368982K (26%)
----------------- Invoking toplevel() on ptolemy.moml.MoMLSimpleApplication@745d6dd8
----------------- Done invoking toplevel() on ptolemy.moml.MoMLSimpleApplication@745d6dd8
reloadAllAccessors: .PublisherSubscriberOpaque

===========================================================================================
----------------- testing Sun Sep 23 02:12:13 UTC 2018 /home/travis/build/icyphy/ptII/ptolemy/actor/lib/test/auto/PublisherSubscriberOpaqueD3.xml
----------------- Instantiating /home/travis/build/icyphy/ptII/ptolemy/actor/lib/test/auto/PublisherSubscriberOpaqueD3.xml
5 ms. Memory: 1404928K Free: 344144K (24%)
----------------- Invoking toplevel() on ptolemy.moml.MoMLSimpleApplication@109a0554
----------------- Done invoking toplevel() on ptolemy.moml.MoMLSimpleApplication@109a0554
reloadAllAccessors: .PublisherSubscriberOpaqueD3

===========================================================================================
----------------- testing Sun Sep 23 02:12:13 UTC 2018 /home/travis/build/icyphy/ptII/ptolemy/actor/lib/test/auto/PublisherSubscriberOpaqueD3Reverse.xml
----------------- Instantiating /home/travis/build/icyphy/ptII/ptolemy/actor/lib/test/auto/PublisherSubscriberOpaqueD3Reverse.xml
7 ms. Memory: 1404928K Free: 324551K (23%)
----------------- Invoking toplevel() on ptolemy.moml.MoMLSimpleApplication@4f200a72
----------------- Done invoking toplevel() on ptolemy.moml.MoMLSimpleApplication@4f200a72
reloadAllAccessors: .PublisherSubscriberOpaqueD3Reverse

===========================================================================================
----------------- testing Sun Sep 23 02:12:13 UTC 2018 /home/travis/build/icyphy/ptII/ptolemy/actor/lib/test/auto/PublisherSubscriberOpaqueWidthInference.xml
----------------- Instantiating /home/travis/build/icyphy/ptII/ptolemy/actor/lib/test/auto/PublisherSubscriberOpaqueWidthInference.xml
4 ms. Memory: 1404928K Free: 306254K (22%)
----------------- Invoking toplevel() on ptolemy.moml.MoMLSimpleApplication@4048d2fe
----------------- Done invoking toplevel() on ptolemy.moml.MoMLSimpleApplication@4048d2fe
reloadAllAccessors: .PublisherSubscriberOpaqueWidthInference

===========================================================================================
----------------- testing Sun Sep 23 02:12:13 UTC 2018 /home/travis/build/icyphy/ptII/ptolemy/actor/lib/test/auto/PublisherTestSubscriber.xml
----------------- Instantiating /home/travis/build/icyphy/ptII/ptolemy/actor/lib/test/auto/PublisherTestSubscriber.xml
3 ms. Memory: 1404928K Free: 293204K (21%)
----------------- Invoking toplevel() on ptolemy.moml.MoMLSimpleApplication@4ee45469
----------------- Done invoking toplevel() on ptolemy.moml.MoMLSimpleApplication@4ee45469
reloadAllAccessors: .PublisherTestSubscriber

===========================================================================================
----------------- testing Sun Sep 23 02:12:14 UTC 2018 /home/travis/build/icyphy/ptII/ptolemy/actor/lib/test/auto/PublisherToplevelSubscriberPortAOC.xml
----------------- Instantiating /home/travis/build/icyphy/ptII/ptolemy/actor/lib/test/auto/PublisherToplevelSubscriberPortAOC.xml
2 ms. Memory: 1404928K Free: 274907K (20%)
----------------- Invoking toplevel() on ptolemy.moml.MoMLSimpleApplication@7f24a5e5
----------------- Done invoking toplevel() on ptolemy.moml.MoMLSimpleApplication@7f24a5e5
reloadAllAccessors: .PublisherToplevelSubscriberPortAOC

===========================================================================================
----------------- testing Sun Sep 23 02:12:14 UTC 2018 /home/travis/build/icyphy/ptII/ptolemy/actor/lib/test/auto/PulseFiringLimitDE.xml
----------------- Instantiating /home/travis/build/icyphy/ptII/ptolemy/actor/lib/test/auto/PulseFiringLimitDE.xml
2 ms. Memory: 1404928K Free: 261856K (19%)
----------------- Invoking toplevel() on ptolemy.moml.MoMLSimpleApplication@7bb15b6e
----------------- Done invoking toplevel() on ptolemy.moml.MoMLSimpleApplication@7bb15b6e
reloadAllAccessors: .PulseFiringLimitDE

===========================================================================================
----------------- testing Sun Sep 23 02:12:14 UTC 2018 /home/travis/build/icyphy/ptII/ptolemy/actor/lib/test/auto/Ramp1.xml
----------------- Instantiating /home/travis/build/icyphy/ptII/ptolemy/actor/lib/test/auto/Ramp1.xml
2 ms. Memory: 1404928K Free: 243559K (17%)
----------------- Invoking toplevel() on ptolemy.moml.MoMLSimpleApplication@2f129455
----------------- Done invoking toplevel() on ptolemy.moml.MoMLSimpleApplication@2f129455
reloadAllAccessors: .Ramp1

===========================================================================================
----------------- testing Sun Sep 23 02:12:14 UTC 2018 /home/travis/build/icyphy/ptII/ptolemy/actor/lib/test/auto/RampFiringLimitDE.xml
----------------- Instantiating /home/travis/build/icyphy/ptII/ptolemy/actor/lib/test/auto/RampFiringLimitDE.xml
2 ms. Memory: 1404928K Free: 230508K (16%)
----------------- Invoking toplevel() on ptolemy.moml.MoMLSimpleApplication@13072ae1
----------------- Done invoking toplevel() on ptolemy.moml.MoMLSimpleApplication@13072ae1
reloadAllAccessors: .RampFiringLimitDE

===========================================================================================
----------------- testing Sun Sep 23 02:12:14 UTC 2018 /home/travis/build/icyphy/ptII/ptolemy/actor/lib/test/auto/RampFiringLimitSDF.xml
----------------- Instantiating /home/travis/build/icyphy/ptII/ptolemy/actor/lib/test/auto/RampFiringLimitSDF.xml
2 ms. Memory: 1404928K Free: 217457K (15%)
----------------- Invoking toplevel() on ptolemy.moml.MoMLSimpleApplication@40f8e594
----------------- Done invoking toplevel() on ptolemy.moml.MoMLSimpleApplication@40f8e594
reloadAllAccessors: .RampFiringLimitSDF

===========================================================================================
----------------- testing Sun Sep 23 02:12:14 UTC 2018 /home/travis/build/icyphy/ptII/ptolemy/actor/lib/test/auto/RandomInteger.xml
----------------- Instantiating /home/travis/build/icyphy/ptII/ptolemy/actor/lib/test/auto/RandomInteger.xml
1 ms. Memory: 1404928K Free: 199161K (14%)
----------------- Invoking toplevel() on ptolemy.moml.MoMLSimpleApplication@58f8b1f7
----------------- Done invoking toplevel() on ptolemy.moml.MoMLSimpleApplication@58f8b1f7
reloadAllAccessors: .RandomInteger

===========================================================================================
----------------- testing Sun Sep 23 02:12:14 UTC 2018 /home/travis/build/icyphy/ptII/ptolemy/actor/lib/test/auto/ReadFile1.xml
----------------- Instantiating /home/travis/build/icyphy/ptII/ptolemy/actor/lib/test/auto/ReadFile1.xml
2 ms. Memory: 1404928K Free: 186110K (13%)
----------------- Invoking toplevel() on ptolemy.moml.MoMLSimpleApplication@5618e735
----------------- Done invoking toplevel() on ptolemy.moml.MoMLSimpleApplication@5618e735
reloadAllAccessors: .ReadFile1

===========================================================================================
----------------- testing Sun Sep 23 02:12:14 UTC 2018 /home/travis/build/icyphy/ptII/ptolemy/actor/lib/test/auto/ReadFile2.xml
----------------- Instantiating /home/travis/build/icyphy/ptII/ptolemy/actor/lib/test/auto/ReadFile2.xml
1 ms. Memory: 1404928K Free: 167813K (12%)
----------------- Invoking toplevel() on ptolemy.moml.MoMLSimpleApplication@40df6865
----------------- Done invoking toplevel() on ptolemy.moml.MoMLSimpleApplication@40df6865
reloadAllAccessors: .ReadFile2

===========================================================================================
----------------- testing Sun Sep 23 02:12:14 UTC 2018 /home/travis/build/icyphy/ptII/ptolemy/actor/lib/test/auto/Reader.xml
----------------- Instantiating /home/travis/build/icyphy/ptII/ptolemy/actor/lib/test/auto/Reader.xml
actor.lib.Reader is obsolete, use actor.lib.io.ExpressionReader instead
3 ms. Memory: 1404928K Free: 154762K (11%)
----------------- Invoking toplevel() on ptolemy.moml.MoMLSimpleApplication@7b960683
----------------- Done invoking toplevel() on ptolemy.moml.MoMLSimpleApplication@7b960683
reloadAllAccessors: .Reader

===========================================================================================
----------------- testing Sun Sep 23 02:12:14 UTC 2018 /home/travis/build/icyphy/ptII/ptolemy/actor/lib/test/auto/RecordAssemblerDisplayNameTest.xml
----------------- Instantiating /home/travis/build/icyphy/ptII/ptolemy/actor/lib/test/auto/RecordAssemblerDisplayNameTest.xml
3925 ms. Memory: 1521664K Free: 285801K (19%)
----------------- Invoking toplevel() on ptolemy.moml.MoMLSimpleApplication@7317dadb
----------------- Done invoking toplevel() on ptolemy.moml.MoMLSimpleApplication@7317dadb
reloadAllAccessors: .RecordAssemblerDisplayNameTest

===========================================================================================
----------------- testing Sun Sep 23 02:12:18 UTC 2018 /home/travis/build/icyphy/ptII/ptolemy/actor/lib/test/auto/RecordAssemblerTypeError.xml
----------------- Instantiating /home/travis/build/icyphy/ptII/ptolemy/actor/lib/test/auto/RecordAssemblerTypeError.xml
4 ms. Memory: 1521664K Free: 255921K (17%)
----------------- Invoking toplevel() on ptolemy.moml.MoMLSimpleApplication@729b6dd3
----------------- Done invoking toplevel() on ptolemy.moml.MoMLSimpleApplication@729b6dd3
reloadAllAccessors: .RecordAssemblerTypeError

===========================================================================================
----------------- testing Sun Sep 23 02:12:18 UTC 2018 /home/travis/build/icyphy/ptII/ptolemy/actor/lib/test/auto/RecordDisassember.xml
----------------- Instantiating /home/travis/build/icyphy/ptII/ptolemy/actor/lib/test/auto/RecordDisassember.xml
3 ms. Memory: 1521664K Free: 241703K (16%)
----------------- Invoking toplevel() on ptolemy.moml.MoMLSimpleApplication@5663ef00
----------------- Done invoking toplevel() on ptolemy.moml.MoMLSimpleApplication@5663ef00
reloadAllAccessors: .RecordDisassember

===========================================================================================
----------------- testing Sun Sep 23 02:12:18 UTC 2018 /home/travis/build/icyphy/ptII/ptolemy/actor/lib/test/auto/RecordDisassemberDisplayNameTest.xml
----------------- Instantiating /home/travis/build/icyphy/ptII/ptolemy/actor/lib/test/auto/RecordDisassemberDisplayNameTest.xml
4 ms. Memory: 1521664K Free: 222501K (15%)
----------------- Invoking toplevel() on ptolemy.moml.MoMLSimpleApplication@537592bd
----------------- Done invoking toplevel() on ptolemy.moml.MoMLSimpleApplication@537592bd
reloadAllAccessors: .RecordDisassemberDisplayNameTest

===========================================================================================
----------------- testing Sun Sep 23 02:12:18 UTC 2018 /home/travis/build/icyphy/ptII/ptolemy/actor/lib/test/auto/RecordDisassembler.xml
----------------- Instantiating /home/travis/build/icyphy/ptII/ptolemy/actor/lib/test/auto/RecordDisassembler.xml
2 ms. Memory: 1521664K Free: 208282K (14%)
----------------- Invoking toplevel() on ptolemy.moml.MoMLSimpleApplication@47760c92
----------------- Done invoking toplevel() on ptolemy.moml.MoMLSimpleApplication@47760c92
reloadAllAccessors: .RecordDisassembler

===========================================================================================
----------------- testing Sun Sep 23 02:12:18 UTC 2018 /home/travis/build/icyphy/ptII/ptolemy/actor/lib/test/auto/RecordDisassembler2.xml
----------------- Instantiating /home/travis/build/icyphy/ptII/ptolemy/actor/lib/test/auto/RecordDisassembler2.xml
2 ms. Memory: 1521664K Free: 189080K (12%)
----------------- Invoking toplevel() on ptolemy.moml.MoMLSimpleApplication@a996bcb
----------------- Done invoking toplevel() on ptolemy.moml.MoMLSimpleApplication@a996bcb
reloadAllAccessors: .RecordDisassembler2

===========================================================================================
----------------- testing Sun Sep 23 02:12:18 UTC 2018 /home/travis/build/icyphy/ptII/ptolemy/actor/lib/test/auto/RecordUpdater.xml
----------------- Instantiating /home/travis/build/icyphy/ptII/ptolemy/actor/lib/test/auto/RecordUpdater.xml
1 ms. Memory: 1521664K Free: 174862K (11%)
----------------- Invoking toplevel() on ptolemy.moml.MoMLSimpleApplication@448cbec4
----------------- Done invoking toplevel() on ptolemy.moml.MoMLSimpleApplication@448cbec4
reloadAllAccessors: .RecordUpdater

===========================================================================================
----------------- testing Sun Sep 23 02:12:18 UTC 2018 /home/travis/build/icyphy/ptII/ptolemy/actor/lib/test/auto/RecordUpdater2.xml
----------------- Instantiating /home/travis/build/icyphy/ptII/ptolemy/actor/lib/test/auto/RecordUpdater2.xml
5 ms. Memory: 1521664K Free: 155660K (10%)
----------------- Invoking toplevel() on ptolemy.moml.MoMLSimpleApplication@351a9ed0
----------------- Done invoking toplevel() on ptolemy.moml.MoMLSimpleApplication@351a9ed0
reloadAllAccessors: .RecordUpdater2

===========================================================================================
----------------- testing Sun Sep 23 02:12:18 UTC 2018 /home/travis/build/icyphy/ptII/ptolemy/actor/lib/test/auto/RecursiveLattice.xml
----------------- Instantiating /home/travis/build/icyphy/ptII/ptolemy/actor/lib/test/auto/RecursiveLattice.xml
2 ms. Memory: 1521664K Free: 141442K (9%)
----------------- Invoking toplevel() on ptolemy.moml.MoMLSimpleApplication@2e375b66
----------------- Done invoking toplevel() on ptolemy.moml.MoMLSimpleApplication@2e375b66
reloadAllAccessors: .RecursiveLattice

===========================================================================================
----------------- testing Sun Sep 23 02:12:18 UTC 2018 /home/travis/build/icyphy/ptII/ptolemy/actor/lib/test/auto/Router.xml
----------------- Instantiating /home/travis/build/icyphy/ptII/ptolemy/actor/lib/test/auto/Router.xml
3005 ms. Memory: 1521664K Free: 122240K (8%)
----------------- Invoking toplevel() on ptolemy.moml.MoMLSimpleApplication@205c84d5
----------------- Done invoking toplevel() on ptolemy.moml.MoMLSimpleApplication@205c84d5
reloadAllAccessors: .Router

===========================================================================================
----------------- testing Sun Sep 23 02:12:21 UTC 2018 /home/travis/build/icyphy/ptII/ptolemy/actor/lib/test/auto/Router2.xml
----------------- Instantiating /home/travis/build/icyphy/ptII/ptolemy/actor/lib/test/auto/Router2.xml
3004 ms. Memory: 1521664K Free: 108022K (7%)
----------------- Invoking toplevel() on ptolemy.moml.MoMLSimpleApplication@26fd863d
----------------- Done invoking toplevel() on ptolemy.moml.MoMLSimpleApplication@26fd863d
reloadAllAccessors: .Router2

===========================================================================================
----------------- testing Sun Sep 23 02:12:24 UTC 2018 /home/travis/build/icyphy/ptII/ptolemy/actor/lib/test/auto/RunningMaximum.xml
----------------- Instantiating /home/travis/build/icyphy/ptII/ptolemy/actor/lib/test/auto/RunningMaximum.xml
2 ms. Memory: 1521664K Free: 88820K (6%)
----------------- Invoking toplevel() on ptolemy.moml.MoMLSimpleApplication@1123e33a
----------------- Done invoking toplevel() on ptolemy.moml.MoMLSimpleApplication@1123e33a
reloadAllAccessors: .RunningMaximum

===========================================================================================
----------------- testing Sun Sep 23 02:12:24 UTC 2018 /home/travis/build/icyphy/ptII/ptolemy/actor/lib/test/auto/RunningMinimum.xml
----------------- Instantiating /home/travis/build/icyphy/ptII/ptolemy/actor/lib/test/auto/RunningMinimum.xml
3 ms. Memory: 1521664K Free: 74602K (5%)
----------------- Invoking toplevel() on ptolemy.moml.MoMLSimpleApplication@7d9743ef
----------------- Done invoking toplevel() on ptolemy.moml.MoMLSimpleApplication@7d9743ef
reloadAllAccessors: .RunningMinimum

===========================================================================================
----------------- testing Sun Sep 23 02:12:24 UTC 2018 /home/travis/build/icyphy/ptII/ptolemy/actor/lib/test/auto/Scale.xml
----------------- Instantiating /home/travis/build/icyphy/ptII/ptolemy/actor/lib/test/auto/Scale.xml
2 ms. Memory: 1521664K Free: 60772K (4%)
----------------- Invoking toplevel() on ptolemy.moml.MoMLSimpleApplication@339d3d10
----------------- Done invoking toplevel() on ptolemy.moml.MoMLSimpleApplication@339d3d10
reloadAllAccessors: .Scale

===========================================================================================
----------------- testing Sun Sep 23 02:12:24 UTC 2018 /home/travis/build/icyphy/ptII/ptolemy/actor/lib/test/auto/Scale2.xml
----------------- Instantiating /home/travis/build/icyphy/ptII/ptolemy/actor/lib/test/auto/Scale2.xml
2 ms. Memory: 1624064K Free: 1571112K (97%)
----------------- Invoking toplevel() on ptolemy.moml.MoMLSimpleApplication@1ea0ce8c
----------------- Done invoking toplevel() on ptolemy.moml.MoMLSimpleApplication@1ea0ce8c
reloadAllAccessors: .Scale2

===========================================================================================
----------------- testing Sun Sep 23 02:12:24 UTC 2018 /home/travis/build/icyphy/ptII/ptolemy/actor/lib/test/auto/Scale3.xml
----------------- Instantiating /home/travis/build/icyphy/ptII/ptolemy/actor/lib/test/auto/Scale3.xml
2 ms. Memory: 1624064K Free: 1547080K (95%)
----------------- Invoking toplevel() on ptolemy.moml.MoMLSimpleApplication@29687c28
----------------- Done invoking toplevel() on ptolemy.moml.MoMLSimpleApplication@29687c28
reloadAllAccessors: .Scale3

===========================================================================================
----------------- testing Sun Sep 23 02:12:24 UTC 2018 /home/travis/build/icyphy/ptII/ptolemy/actor/lib/test/auto/ScaleArray.xml
----------------- Instantiating /home/travis/build/icyphy/ptII/ptolemy/actor/lib/test/auto/ScaleArray.xml
1 ms. Memory: 1624064K Free: 1523048K (94%)
----------------- Invoking toplevel() on ptolemy.moml.MoMLSimpleApplication@11d0dc2a
----------------- Done invoking toplevel() on ptolemy.moml.MoMLSimpleApplication@11d0dc2a
reloadAllAccessors: .ScaleArray

===========================================================================================
----------------- testing Sun Sep 23 02:12:24 UTC 2018 /home/travis/build/icyphy/ptII/ptolemy/actor/lib/test/auto/ScaleArray2.xml
----------------- Instantiating /home/travis/build/icyphy/ptII/ptolemy/actor/lib/test/auto/ScaleArray2.xml
1 ms. Memory: 1624064K Free: 1499006K (92%)
----------------- Invoking toplevel() on ptolemy.moml.MoMLSimpleApplication@65e64ac4
----------------- Done invoking toplevel() on ptolemy.moml.MoMLSimpleApplication@65e64ac4
reloadAllAccessors: .ScaleArray2

===========================================================================================
----------------- testing Sun Sep 23 02:12:24 UTC 2018 /home/travis/build/icyphy/ptII/ptolemy/actor/lib/test/auto/ScaleMatrix.xml
----------------- Instantiating /home/travis/build/icyphy/ptII/ptolemy/actor/lib/test/auto/ScaleMatrix.xml
138 ms. Memory: 1624064K Free: 1468521K (90%)
----------------- Invoking toplevel() on ptolemy.moml.MoMLSimpleApplication@51c0bff7
----------------- Done invoking toplevel() on ptolemy.moml.MoMLSimpleApplication@51c0bff7
reloadAllAccessors: .ScaleMatrix

===========================================================================================
----------------- testing Sun Sep 23 02:12:24 UTC 2018 /home/travis/build/icyphy/ptII/ptolemy/actor/lib/test/auto/Select.xml
----------------- Instantiating /home/travis/build/icyphy/ptII/ptolemy/actor/lib/test/auto/Select.xml
2 ms. Memory: 1624064K Free: 1444489K (89%)
----------------- Invoking toplevel() on ptolemy.moml.MoMLSimpleApplication@7583ba46
----------------- Done invoking toplevel() on ptolemy.moml.MoMLSimpleApplication@7583ba46
reloadAllAccessors: .Select

===========================================================================================
----------------- testing Sun Sep 23 02:12:24 UTC 2018 /home/travis/build/icyphy/ptII/ptolemy/actor/lib/test/auto/Select2.xml
----------------- Instantiating /home/travis/build/icyphy/ptII/ptolemy/actor/lib/test/auto/Select2.xml
1 ms. Memory: 1624064K Free: 1420457K (87%)
----------------- Invoking toplevel() on ptolemy.moml.MoMLSimpleApplication@4cba0118
----------------- Done invoking toplevel() on ptolemy.moml.MoMLSimpleApplication@4cba0118
reloadAllAccessors: .Select2

===========================================================================================
----------------- testing Sun Sep 23 02:12:24 UTC 2018 /home/travis/build/icyphy/ptII/ptolemy/actor/lib/test/auto/SequenceToArray2.xml
----------------- Instantiating /home/travis/build/icyphy/ptII/ptolemy/actor/lib/test/auto/SequenceToArray2.xml
88 ms. Memory: 1624064K Free: 1298510K (80%)
----------------- Invoking toplevel() on ptolemy.moml.MoMLSimpleApplication@9f80521
----------------- Done invoking toplevel() on ptolemy.moml.MoMLSimpleApplication@9f80521
reloadAllAccessors: .SequenceToArray2

===========================================================================================
----------------- testing Sun Sep 23 02:12:24 UTC 2018 /home/travis/build/icyphy/ptII/ptolemy/actor/lib/test/auto/SequentialClock.xml
----------------- Instantiating /home/travis/build/icyphy/ptII/ptolemy/actor/lib/test/auto/SequentialClock.xml
2 ms. Memory: 1624064K Free: 1274478K (78%)
----------------- Invoking toplevel() on ptolemy.moml.MoMLSimpleApplication@3cd66475
----------------- Done invoking toplevel() on ptolemy.moml.MoMLSimpleApplication@3cd66475
reloadAllAccessors: .SequentialClock

===========================================================================================
----------------- testing Sun Sep 23 02:12:24 UTC 2018 /home/travis/build/icyphy/ptII/ptolemy/actor/lib/test/auto/SetVariable.xml
----------------- Instantiating /home/travis/build/icyphy/ptII/ptolemy/actor/lib/test/auto/SetVariable.xml
3 ms. Memory: 1624064K Free: 1250446K (77%)
----------------- Invoking toplevel() on ptolemy.moml.MoMLSimpleApplication@d95558e
----------------- Done invoking toplevel() on ptolemy.moml.MoMLSimpleApplication@d95558e
reloadAllAccessors: .SetVariable

===========================================================================================
----------------- testing Sun Sep 23 02:12:24 UTC 2018 /home/travis/build/icyphy/ptII/ptolemy/actor/lib/test/auto/SetVariable2.xml
----------------- Instantiating /home/travis/build/icyphy/ptII/ptolemy/actor/lib/test/auto/SetVariable2.xml
4 ms. Memory: 1624064K Free: 1230123K (76%)
----------------- Invoking toplevel() on ptolemy.moml.MoMLSimpleApplication@239a63a9
----------------- Done invoking toplevel() on ptolemy.moml.MoMLSimpleApplication@239a63a9
reloadAllAccessors: .SetVariable2

===========================================================================================
----------------- testing Sun Sep 23 02:12:24 UTC 2018 /home/travis/build/icyphy/ptII/ptolemy/actor/lib/test/auto/SetVariable3.xml
----------------- Instantiating /home/travis/build/icyphy/ptII/ptolemy/actor/lib/test/auto/SetVariable3.xml
7 ms. Memory: 1624064K Free: 1206090K (74%)
----------------- Invoking toplevel() on ptolemy.moml.MoMLSimpleApplication@15c48c8e
----------------- Done invoking toplevel() on ptolemy.moml.MoMLSimpleApplication@15c48c8e
reloadAllAccessors: .SetVariable3

===========================================================================================
----------------- testing Sun Sep 23 02:12:24 UTC 2018 /home/travis/build/icyphy/ptII/ptolemy/actor/lib/test/auto/SetVariable4.xml
----------------- Instantiating /home/travis/build/icyphy/ptII/ptolemy/actor/lib/test/auto/SetVariable4.xml
16 ms. Memory: 1624064K Free: 1110928K (68%)
----------------- Invoking toplevel() on ptolemy.moml.MoMLSimpleApplication@39bf4b5d
----------------- Done invoking toplevel() on ptolemy.moml.MoMLSimpleApplication@39bf4b5d
reloadAllAccessors: .SetVariable4

===========================================================================================
----------------- testing Sun Sep 23 02:12:24 UTC 2018 /home/travis/build/icyphy/ptII/ptolemy/actor/lib/test/auto/SetVariable5.xml
----------------- Instantiating /home/travis/build/icyphy/ptII/ptolemy/actor/lib/test/auto/SetVariable5.xml
14 ms. Memory: 1624064K Free: 1090605K (67%)
----------------- Invoking toplevel() on ptolemy.moml.MoMLSimpleApplication@271014f6
----------------- Done invoking toplevel() on ptolemy.moml.MoMLSimpleApplication@271014f6
reloadAllAccessors: .SetVariable5

===========================================================================================
----------------- testing Sun Sep 23 02:12:24 UTC 2018 /home/travis/build/icyphy/ptII/ptolemy/actor/lib/test/auto/Sinewave.xml
----------------- Instantiating /home/travis/build/icyphy/ptII/ptolemy/actor/lib/test/auto/Sinewave.xml
4 ms. Memory: 1624064K Free: 1066572K (66%)
----------------- Invoking toplevel() on ptolemy.moml.MoMLSimpleApplication@7679bfc3
----------------- Done invoking toplevel() on ptolemy.moml.MoMLSimpleApplication@7679bfc3
reloadAllAccessors: .Sinewave

===========================================================================================
----------------- testing Sun Sep 23 02:12:24 UTC 2018 /home/travis/build/icyphy/ptII/ptolemy/actor/lib/test/auto/Sinewave2.xml
----------------- Instantiating /home/travis/build/icyphy/ptII/ptolemy/actor/lib/test/auto/Sinewave2.xml
6 ms. Memory: 1624064K Free: 1042540K (64%)
----------------- Invoking toplevel() on ptolemy.moml.MoMLSimpleApplication@6f3c6703
----------------- Done invoking toplevel() on ptolemy.moml.MoMLSimpleApplication@6f3c6703
reloadAllAccessors: .Sinewave2

===========================================================================================
----------------- testing Sun Sep 23 02:12:24 UTC 2018 /home/travis/build/icyphy/ptII/ptolemy/actor/lib/test/auto/Sinewave3.xml
----------------- Instantiating /home/travis/build/icyphy/ptII/ptolemy/actor/lib/test/auto/Sinewave3.xml
8 ms. Memory: 1624064K Free: 1022217K (63%)
----------------- Invoking toplevel() on ptolemy.moml.MoMLSimpleApplication@55ac8882
----------------- Done invoking toplevel() on ptolemy.moml.MoMLSimpleApplication@55ac8882
reloadAllAccessors: .Sinewave3

===========================================================================================
----------------- testing Sun Sep 23 02:12:25 UTC 2018 /home/travis/build/icyphy/ptII/ptolemy/actor/lib/test/auto/SingleEvent.xml
----------------- Instantiating /home/travis/build/icyphy/ptII/ptolemy/actor/lib/test/auto/SingleEvent.xml
1 ms. Memory: 1624064K Free: 998185K (61%)
----------------- Invoking toplevel() on ptolemy.moml.MoMLSimpleApplication@6ab977e2
----------------- Done invoking toplevel() on ptolemy.moml.MoMLSimpleApplication@6ab977e2
reloadAllAccessors: .SingleEvent

===========================================================================================
----------------- testing Sun Sep 23 02:12:25 UTC 2018 /home/travis/build/icyphy/ptII/ptolemy/actor/lib/test/auto/Sleep.xml
----------------- Instantiating /home/travis/build/icyphy/ptII/ptolemy/actor/lib/test/auto/Sleep.xml
6005 ms. Memory: 1624064K Free: 974153K (60%)
----------------- Invoking toplevel() on ptolemy.moml.MoMLSimpleApplication@2817b807
----------------- Done invoking toplevel() on ptolemy.moml.MoMLSimpleApplication@2817b807
reloadAllAccessors: .Sleep

===========================================================================================
----------------- testing Sun Sep 23 02:12:31 UTC 2018 /home/travis/build/icyphy/ptII/ptolemy/actor/lib/test/auto/SleepMultipleFire.xml
----------------- Instantiating /home/travis/build/icyphy/ptII/ptolemy/actor/lib/test/auto/SleepMultipleFire.xml
1006 ms. Memory: 1624064K Free: 953830K (59%)
----------------- Invoking toplevel() on ptolemy.moml.MoMLSimpleApplication@126054dd
----------------- Done invoking toplevel() on ptolemy.moml.MoMLSimpleApplication@126054dd
reloadAllAccessors: .SleepMultipleFire

===========================================================================================
----------------- testing Sun Sep 23 02:12:32 UTC 2018 /home/travis/build/icyphy/ptII/ptolemy/actor/lib/test/auto/StopDE.xml
----------------- Instantiating /home/travis/build/icyphy/ptII/ptolemy/actor/lib/test/auto/StopDE.xml
2 ms. Memory: 1624064K Free: 929798K (57%)
----------------- Invoking toplevel() on ptolemy.moml.MoMLSimpleApplication@2ad243d6
----------------- Done invoking toplevel() on ptolemy.moml.MoMLSimpleApplication@2ad243d6
reloadAllAccessors: .StopDE

===========================================================================================
----------------- testing Sun Sep 23 02:12:32 UTC 2018 /home/travis/build/icyphy/ptII/ptolemy/actor/lib/test/auto/StopSDF.xml
----------------- Instantiating /home/travis/build/icyphy/ptII/ptolemy/actor/lib/test/auto/StopSDF.xml
3 ms. Memory: 1624064K Free: 905765K (56%)
----------------- Invoking toplevel() on ptolemy.moml.MoMLSimpleApplication@574221a3
----------------- Done invoking toplevel() on ptolemy.moml.MoMLSimpleApplication@574221a3
reloadAllAccessors: .StopSDF

===========================================================================================
----------------- testing Sun Sep 23 02:12:32 UTC 2018 /home/travis/build/icyphy/ptII/ptolemy/actor/lib/test/auto/StringConstant.xml
----------------- Instantiating /home/travis/build/icyphy/ptII/ptolemy/actor/lib/test/auto/StringConstant.xml
1 ms. Memory: 1624064K Free: 885442K (55%)
----------------- Invoking toplevel() on ptolemy.moml.MoMLSimpleApplication@6236df9b
----------------- Done invoking toplevel() on ptolemy.moml.MoMLSimpleApplication@6236df9b
reloadAllAccessors: .StringConstant

===========================================================================================
----------------- testing Sun Sep 23 02:12:32 UTC 2018 /home/travis/build/icyphy/ptII/ptolemy/actor/lib/test/auto/SubscriberPortInitialValues1.xml
----------------- Instantiating /home/travis/build/icyphy/ptII/ptolemy/actor/lib/test/auto/SubscriberPortInitialValues1.xml
11 ms. Memory: 1624064K Free: 861410K (53%)
----------------- Invoking toplevel() on ptolemy.moml.MoMLSimpleApplication@7f1e9cd2
----------------- Done invoking toplevel() on ptolemy.moml.MoMLSimpleApplication@7f1e9cd2
reloadAllAccessors: .SubscriberPortInitialValues1

===========================================================================================
----------------- testing Sun Sep 23 02:12:32 UTC 2018 /home/travis/build/icyphy/ptII/ptolemy/actor/lib/test/auto/SubscriberPortInitialValues13.xml
----------------- Instantiating /home/travis/build/icyphy/ptII/ptolemy/actor/lib/test/auto/SubscriberPortInitialValues13.xml
3 ms. Memory: 1624064K Free: 837378K (52%)
----------------- Invoking toplevel() on ptolemy.moml.MoMLSimpleApplication@1ac20dfa
----------------- Done invoking toplevel() on ptolemy.moml.MoMLSimpleApplication@1ac20dfa
reloadAllAccessors: .SubscriberPortInitialValues13

===========================================================================================
----------------- testing Sun Sep 23 02:12:32 UTC 2018 /home/travis/build/icyphy/ptII/ptolemy/actor/lib/test/auto/SubscriberPortInitialValues14.xml
----------------- Instantiating /home/travis/build/icyphy/ptII/ptolemy/actor/lib/test/auto/SubscriberPortInitialValues14.xml
5 ms. Memory: 1624064K Free: 817055K (50%)
----------------- Invoking toplevel() on ptolemy.moml.MoMLSimpleApplication@202f6f6b
----------------- Done invoking toplevel() on ptolemy.moml.MoMLSimpleApplication@202f6f6b
reloadAllAccessors: .SubscriberPortInitialValues14

===========================================================================================
----------------- testing Sun Sep 23 02:12:32 UTC 2018 /home/travis/build/icyphy/ptII/ptolemy/actor/lib/test/auto/SubscriberPortInitialValues2.xml
----------------- Instantiating /home/travis/build/icyphy/ptII/ptolemy/actor/lib/test/auto/SubscriberPortInitialValues2.xml
2 ms. Memory: 1624064K Free: 793022K (49%)
----------------- Invoking toplevel() on ptolemy.moml.MoMLSimpleApplication@1d50c60b
----------------- Done invoking toplevel() on ptolemy.moml.MoMLSimpleApplication@1d50c60b
reloadAllAccessors: .SubscriberPortInitialValues2

===========================================================================================
----------------- testing Sun Sep 23 02:12:32 UTC 2018 /home/travis/build/icyphy/ptII/ptolemy/actor/lib/test/auto/SubscriberPortInitialValues3.xml
----------------- Instantiating /home/travis/build/icyphy/ptII/ptolemy/actor/lib/test/auto/SubscriberPortInitialValues3.xml
3 ms. Memory: 1624064K Free: 768990K (47%)
----------------- Invoking toplevel() on ptolemy.moml.MoMLSimpleApplication@2936f353
----------------- Done invoking toplevel() on ptolemy.moml.MoMLSimpleApplication@2936f353
reloadAllAccessors: .SubscriberPortInitialValues3

===========================================================================================
----------------- testing Sun Sep 23 02:12:32 UTC 2018 /home/travis/build/icyphy/ptII/ptolemy/actor/lib/test/auto/SubscriptionAggregator.xml
----------------- Instantiating /home/travis/build/icyphy/ptII/ptolemy/actor/lib/test/auto/SubscriptionAggregator.xml
2 ms. Memory: 1624064K Free: 748667K (46%)
----------------- Invoking toplevel() on ptolemy.moml.MoMLSimpleApplication@460e46a3
----------------- Done invoking toplevel() on ptolemy.moml.MoMLSimpleApplication@460e46a3
reloadAllAccessors: .SubscriptionAggregator

===========================================================================================
----------------- testing Sun Sep 23 02:12:32 UTC 2018 /home/travis/build/icyphy/ptII/ptolemy/actor/lib/test/auto/SubscriptionAggregator2.xml
----------------- Instantiating /home/travis/build/icyphy/ptII/ptolemy/actor/lib/test/auto/SubscriptionAggregator2.xml
3 ms. Memory: 1624064K Free: 724635K (45%)
----------------- Invoking toplevel() on ptolemy.moml.MoMLSimpleApplication@40cdd919
----------------- Done invoking toplevel() on ptolemy.moml.MoMLSimpleApplication@40cdd919
reloadAllAccessors: .SubscriptionAggregator2

===========================================================================================
----------------- testing Sun Sep 23 02:12:32 UTC 2018 /home/travis/build/icyphy/ptII/ptolemy/actor/lib/test/auto/SubscriptionAggregator3.xml
----------------- Instantiating /home/travis/build/icyphy/ptII/ptolemy/actor/lib/test/auto/SubscriptionAggregator3.xml
3 ms. Memory: 1624064K Free: 700602K (43%)
----------------- Invoking toplevel() on ptolemy.moml.MoMLSimpleApplication@6f9a354e
----------------- Done invoking toplevel() on ptolemy.moml.MoMLSimpleApplication@6f9a354e
reloadAllAccessors: .SubscriptionAggregator3

===========================================================================================
----------------- testing Sun Sep 23 02:12:32 UTC 2018 /home/travis/build/icyphy/ptII/ptolemy/actor/lib/test/auto/SubscriptionAggregatorMultiply.xml
----------------- Instantiating /home/travis/build/icyphy/ptII/ptolemy/actor/lib/test/auto/SubscriptionAggregatorMultiply.xml
3 ms. Memory: 1624064K Free: 680279K (42%)
----------------- Invoking toplevel() on ptolemy.moml.MoMLSimpleApplication@5e9585b6
----------------- Done invoking toplevel() on ptolemy.moml.MoMLSimpleApplication@5e9585b6
reloadAllAccessors: .SubscriptionAggregatorMultiply

===========================================================================================
----------------- testing Sun Sep 23 02:12:32 UTC 2018 /home/travis/build/icyphy/ptII/ptolemy/actor/lib/test/auto/SubscriptionAggregatorPortMultiply1.xml
----------------- Instantiating /home/travis/build/icyphy/ptII/ptolemy/actor/lib/test/auto/SubscriptionAggregatorPortMultiply1.xml
5 ms. Memory: 1624064K Free: 656247K (40%)
----------------- Invoking toplevel() on ptolemy.moml.MoMLSimpleApplication@100e8f0d
----------------- Done invoking toplevel() on ptolemy.moml.MoMLSimpleApplication@100e8f0d
reloadAllAccessors: .SubscriptionAggregatorPortMultiply1

===========================================================================================
----------------- testing Sun Sep 23 02:12:32 UTC 2018 /home/travis/build/icyphy/ptII/ptolemy/actor/lib/test/auto/Switch.xml
----------------- Instantiating /home/travis/build/icyphy/ptII/ptolemy/actor/lib/test/auto/Switch.xml
4 ms. Memory: 1624064K Free: 571246K (35%)
----------------- Invoking toplevel() on ptolemy.moml.MoMLSimpleApplication@59b8e297
----------------- Done invoking toplevel() on ptolemy.moml.MoMLSimpleApplication@59b8e297
reloadAllAccessors: .Switch

===========================================================================================
----------------- testing Sun Sep 23 02:12:32 UTC 2018 /home/travis/build/icyphy/ptII/ptolemy/actor/lib/test/auto/Switch2.xml
----------------- Instantiating /home/travis/build/icyphy/ptII/ptolemy/actor/lib/test/auto/Switch2.xml
1 ms. Memory: 1624064K Free: 550923K (34%)
----------------- Invoking toplevel() on ptolemy.moml.MoMLSimpleApplication@39bd4c62
----------------- Done invoking toplevel() on ptolemy.moml.MoMLSimpleApplication@39bd4c62
reloadAllAccessors: .Switch2

===========================================================================================
----------------- testing Sun Sep 23 02:12:32 UTC 2018 /home/travis/build/icyphy/ptII/ptolemy/actor/lib/test/auto/SwitchDE.xml
----------------- Instantiating /home/travis/build/icyphy/ptII/ptolemy/actor/lib/test/auto/SwitchDE.xml
2 ms. Memory: 1624064K Free: 526890K (32%)
----------------- Invoking toplevel() on ptolemy.moml.MoMLSimpleApplication@52993181
----------------- Done invoking toplevel() on ptolemy.moml.MoMLSimpleApplication@52993181
reloadAllAccessors: .SwitchDE

===========================================================================================
----------------- testing Sun Sep 23 02:12:32 UTC 2018 /home/travis/build/icyphy/ptII/ptolemy/actor/lib/test/auto/SynchronizerDE.xml
----------------- Instantiating /home/travis/build/icyphy/ptII/ptolemy/actor/lib/test/auto/SynchronizerDE.xml
6 ms. Memory: 1624064K Free: 502858K (31%)
----------------- Invoking toplevel() on ptolemy.moml.MoMLSimpleApplication@2b985ccf
----------------- Done invoking toplevel() on ptolemy.moml.MoMLSimpleApplication@2b985ccf
reloadAllAccessors: .SynchronizerDE

===========================================================================================
----------------- testing Sun Sep 23 02:12:32 UTC 2018 /home/travis/build/icyphy/ptII/ptolemy/actor/lib/test/auto/Test.xml
----------------- Instantiating /home/travis/build/icyphy/ptII/ptolemy/actor/lib/test/auto/Test.xml
2 ms. Memory: 1624064K Free: 482535K (30%)
----------------- Invoking toplevel() on ptolemy.moml.MoMLSimpleApplication@3fb689c1
----------------- Done invoking toplevel() on ptolemy.moml.MoMLSimpleApplication@3fb689c1
reloadAllAccessors: .Test

===========================================================================================
----------------- testing Sun Sep 23 02:12:32 UTC 2018 /home/travis/build/icyphy/ptII/ptolemy/actor/lib/test/auto/TestExceptionAttribute1.xml
----------------- Instantiating /home/travis/build/icyphy/ptII/ptolemy/actor/lib/test/auto/TestExceptionAttribute1.xml
1 ms. Memory: 1624064K Free: 458503K (28%)
----------------- Invoking toplevel() on ptolemy.moml.MoMLSimpleApplication@4757aa77
----------------- Done invoking toplevel() on ptolemy.moml.MoMLSimpleApplication@4757aa77
reloadAllAccessors: .TestExceptionAttribute1

===========================================================================================
----------------- testing Sun Sep 23 02:12:32 UTC 2018 /home/travis/build/icyphy/ptII/ptolemy/actor/lib/test/auto/TestExceptionAttribute2.xml
----------------- Instantiating /home/travis/build/icyphy/ptII/ptolemy/actor/lib/test/auto/TestExceptionAttribute2.xml
1 ms. Memory: 1624064K Free: 434471K (27%)
----------------- Invoking toplevel() on ptolemy.moml.MoMLSimpleApplication@6f5b525e
----------------- Done invoking toplevel() on ptolemy.moml.MoMLSimpleApplication@6f5b525e
reloadAllAccessors: .TestExceptionAttribute2

===========================================================================================
----------------- testing Sun Sep 23 02:12:32 UTC 2018 /home/travis/build/icyphy/ptII/ptolemy/actor/lib/test/auto/TestExceptionAttribute3.xml
----------------- Instantiating /home/travis/build/icyphy/ptII/ptolemy/actor/lib/test/auto/TestExceptionAttribute3.xml
.TestExceptionAttribute3.TestExceptionAttribute: initialize() was not invoked, but wrapup() was.  This is unusual, but not always a problem.  For example, exporting JNLP will do this.
1 ms. Memory: 1624064K Free: 414148K (26%)
----------------- Invoking toplevel() on ptolemy.moml.MoMLSimpleApplication@2acf3cdd
----------------- Done invoking toplevel() on ptolemy.moml.MoMLSimpleApplication@2acf3cdd
reloadAllAccessors: .TestExceptionAttribute3

===========================================================================================
----------------- testing Sun Sep 23 02:12:32 UTC 2018 /home/travis/build/icyphy/ptII/ptolemy/actor/lib/test/auto/TestExceptionAttribute4.xml
----------------- Instantiating /home/travis/build/icyphy/ptII/ptolemy/actor/lib/test/auto/TestExceptionAttribute4.xml
.TestExceptionAttribute4.TestExceptionAttribute: initialize() was not invoked, but wrapup() was.  This is unusual, but not always a problem.  For example, exporting JNLP will do this.
.TestExceptionAttribute4.TestExceptionAttribute2: initialize() was not invoked, but wrapup() was.  This is unusual, but not always a problem.  For example, exporting JNLP will do this.
1 ms. Memory: 1624064K Free: 390116K (24%)
----------------- Invoking toplevel() on ptolemy.moml.MoMLSimpleApplication@5ab12abb
----------------- Done invoking toplevel() on ptolemy.moml.MoMLSimpleApplication@5ab12abb
reloadAllAccessors: .TestExceptionAttribute4

===========================================================================================
----------------- testing Sun Sep 23 02:12:32 UTC 2018 /home/travis/build/icyphy/ptII/ptolemy/actor/lib/test/auto/TestExceptionHandler1.xml
----------------- Instantiating /home/travis/build/icyphy/ptII/ptolemy/actor/lib/test/auto/TestExceptionHandler1.xml
1 ms. Memory: 1624064K Free: 366084K (23%)
----------------- Invoking toplevel() on ptolemy.moml.MoMLSimpleApplication@7386fb2b
----------------- Done invoking toplevel() on ptolemy.moml.MoMLSimpleApplication@7386fb2b
reloadAllAccessors: .TestExceptionHandler1

===========================================================================================
----------------- testing Sun Sep 23 02:12:32 UTC 2018 /home/travis/build/icyphy/ptII/ptolemy/actor/lib/test/auto/TestExceptionHandler2.xml
----------------- Instantiating /home/travis/build/icyphy/ptII/ptolemy/actor/lib/test/auto/TestExceptionHandler2.xml
0 ms. Memory: 1624064K Free: 345761K (21%)
----------------- Invoking toplevel() on ptolemy.moml.MoMLSimpleApplication@1ece8643
----------------- Done invoking toplevel() on ptolemy.moml.MoMLSimpleApplication@1ece8643
reloadAllAccessors: .TestExceptionHandler2

===========================================================================================
----------------- testing Sun Sep 23 02:12:32 UTC 2018 /home/travis/build/icyphy/ptII/ptolemy/actor/lib/test/auto/TestExceptionHandler3.xml
----------------- Instantiating /home/travis/build/icyphy/ptII/ptolemy/actor/lib/test/auto/TestExceptionHandler3.xml
1 ms. Memory: 1624064K Free: 321728K (20%)
----------------- Invoking toplevel() on ptolemy.moml.MoMLSimpleApplication@378ef224
----------------- Done invoking toplevel() on ptolemy.moml.MoMLSimpleApplication@378ef224
reloadAllAccessors: .TestExceptionHandler3

===========================================================================================
----------------- testing Sun Sep 23 02:12:32 UTC 2018 /home/travis/build/icyphy/ptII/ptolemy/actor/lib/test/auto/TestExceptionHandler4.xml
----------------- Instantiating /home/travis/build/icyphy/ptII/ptolemy/actor/lib/test/auto/TestExceptionHandler4.xml
0 ms. Memory: 1624064K Free: 297696K (18%)
----------------- Invoking toplevel() on ptolemy.moml.MoMLSimpleApplication@759a371f
----------------- Done invoking toplevel() on ptolemy.moml.MoMLSimpleApplication@759a371f
reloadAllAccessors: .TestExceptionHandler4

===========================================================================================
----------------- testing Sun Sep 23 02:12:32 UTC 2018 /home/travis/build/icyphy/ptII/ptolemy/actor/lib/test/auto/TestRequireCorrectOrder.xml
----------------- Instantiating /home/travis/build/icyphy/ptII/ptolemy/actor/lib/test/auto/TestRequireCorrectOrder.xml
3 ms. Memory: 1624064K Free: 277373K (17%)
----------------- Invoking toplevel() on ptolemy.moml.MoMLSimpleApplication@58e5b55f
----------------- Done invoking toplevel() on ptolemy.moml.MoMLSimpleApplication@58e5b55f
reloadAllAccessors: .TestRequireCorrectOrder

===========================================================================================
----------------- testing Sun Sep 23 02:12:32 UTC 2018 /home/travis/build/icyphy/ptII/ptolemy/actor/lib/test/auto/TestSimple.xml
----------------- Instantiating /home/travis/build/icyphy/ptII/ptolemy/actor/lib/test/auto/TestSimple.xml
1 ms. Memory: 1624064K Free: 253340K (16%)
----------------- Invoking toplevel() on ptolemy.moml.MoMLSimpleApplication@5bf8c5a3
----------------- Done invoking toplevel() on ptolemy.moml.MoMLSimpleApplication@5bf8c5a3
reloadAllAccessors: .TestSimple

===========================================================================================
----------------- testing Sun Sep 23 02:12:32 UTC 2018 /home/travis/build/icyphy/ptII/ptolemy/actor/lib/test/auto/ThrowModelError.xml
----------------- Instantiating /home/travis/build/icyphy/ptII/ptolemy/actor/lib/test/auto/ThrowModelError.xml
2 ms. Memory: 1624064K Free: 229308K (14%)
----------------- Invoking toplevel() on ptolemy.moml.MoMLSimpleApplication@52fed15c
----------------- Done invoking toplevel() on ptolemy.moml.MoMLSimpleApplication@52fed15c
reloadAllAccessors: .ThrowModelError

===========================================================================================
----------------- testing Sun Sep 23 02:12:32 UTC 2018 /home/travis/build/icyphy/ptII/ptolemy/actor/lib/test/auto/TimeDelayMicrosteps.xml
----------------- Instantiating /home/travis/build/icyphy/ptII/ptolemy/actor/lib/test/auto/TimeDelayMicrosteps.xml
5 ms. Memory: 1624064K Free: 208985K (13%)
----------------- Invoking toplevel() on ptolemy.moml.MoMLSimpleApplication@2c6ec4cc
----------------- Done invoking toplevel() on ptolemy.moml.MoMLSimpleApplication@2c6ec4cc
reloadAllAccessors: .TimeDelayMicrosteps

===========================================================================================
----------------- testing Sun Sep 23 02:12:32 UTC 2018 /home/travis/build/icyphy/ptII/ptolemy/actor/lib/test/auto/TimeDelayMicrosteps2.xml
----------------- Instantiating /home/travis/build/icyphy/ptII/ptolemy/actor/lib/test/auto/TimeDelayMicrosteps2.xml
4 ms. Memory: 1624064K Free: 184953K (11%)
----------------- Invoking toplevel() on ptolemy.moml.MoMLSimpleApplication@1b5c6dce
----------------- Done invoking toplevel() on ptolemy.moml.MoMLSimpleApplication@1b5c6dce
reloadAllAccessors: .TimeDelayMicrosteps2

===========================================================================================
----------------- testing Sun Sep 23 02:12:32 UTC 2018 /home/travis/build/icyphy/ptII/ptolemy/actor/lib/test/auto/TimeDelayMicrosteps3.xml
----------------- Instantiating /home/travis/build/icyphy/ptII/ptolemy/actor/lib/test/auto/TimeDelayMicrosteps3.xml
3 ms. Memory: 1624064K Free: 160921K (10%)
----------------- Invoking toplevel() on ptolemy.moml.MoMLSimpleApplication@361db9b9
----------------- Done invoking toplevel() on ptolemy.moml.MoMLSimpleApplication@361db9b9
reloadAllAccessors: .TimeDelayMicrosteps3

===========================================================================================
----------------- testing Sun Sep 23 02:12:32 UTC 2018 /home/travis/build/icyphy/ptII/ptolemy/actor/lib/test/auto/TimeDelayVariableMicrosteps.xml
----------------- Instantiating /home/travis/build/icyphy/ptII/ptolemy/actor/lib/test/auto/TimeDelayVariableMicrosteps.xml
3 ms. Memory: 1624064K Free: 140598K (9%)
----------------- Invoking toplevel() on ptolemy.moml.MoMLSimpleApplication@1ba0f62
----------------- Done invoking toplevel() on ptolemy.moml.MoMLSimpleApplication@1ba0f62
reloadAllAccessors: .TimeDelayVariableMicrosteps

===========================================================================================
----------------- testing Sun Sep 23 02:12:32 UTC 2018 /home/travis/build/icyphy/ptII/ptolemy/actor/lib/test/auto/TimeGap.xml
----------------- Instantiating /home/travis/build/icyphy/ptII/ptolemy/actor/lib/test/auto/TimeGap.xml
4 ms. Memory: 1624064K Free: 116565K (7%)
----------------- Invoking toplevel() on ptolemy.moml.MoMLSimpleApplication@1230022a
----------------- Done invoking toplevel() on ptolemy.moml.MoMLSimpleApplication@1230022a
reloadAllAccessors: .TimeGap

===========================================================================================
----------------- testing Sun Sep 23 02:12:32 UTC 2018 /home/travis/build/icyphy/ptII/ptolemy/actor/lib/test/auto/TimeGap2.xml
----------------- Instantiating /home/travis/build/icyphy/ptII/ptolemy/actor/lib/test/auto/TimeGap2.xml
2 ms. Memory: 1624064K Free: 92533K (6%)
----------------- Invoking toplevel() on ptolemy.moml.MoMLSimpleApplication@2299b8d6
----------------- Done invoking toplevel() on ptolemy.moml.MoMLSimpleApplication@2299b8d6
reloadAllAccessors: .TimeGap2

===========================================================================================
----------------- testing Sun Sep 23 02:12:32 UTC 2018 /home/travis/build/icyphy/ptII/ptolemy/actor/lib/test/auto/TimedSinewave.xml
----------------- Instantiating /home/travis/build/icyphy/ptII/ptolemy/actor/lib/test/auto/TimedSinewave.xml
17 ms. Memory: 1624064K Free: 62033K (4%)
----------------- Invoking toplevel() on ptolemy.moml.MoMLSimpleApplication@a6c0255
----------------- Done invoking toplevel() on ptolemy.moml.MoMLSimpleApplication@a6c0255
reloadAllAccessors: .TimedSinewave

===========================================================================================
----------------- testing Sun Sep 23 02:12:32 UTC 2018 /home/travis/build/icyphy/ptII/ptolemy/actor/lib/test/auto/TimedSinewavePhase.xml
----------------- Instantiating /home/travis/build/icyphy/ptII/ptolemy/actor/lib/test/auto/TimedSinewavePhase.xml
17 ms. Memory: 1678336K Free: 1614129K (96%)
----------------- Invoking toplevel() on ptolemy.moml.MoMLSimpleApplication@549169b0
----------------- Done invoking toplevel() on ptolemy.moml.MoMLSimpleApplication@549169b0
reloadAllAccessors: .TimedSinewavePhase

===========================================================================================
----------------- testing Sun Sep 23 02:12:32 UTC 2018 /home/travis/build/icyphy/ptII/ptolemy/actor/lib/test/auto/Timer.xml
----------------- Instantiating /home/travis/build/icyphy/ptII/ptolemy/actor/lib/test/auto/Timer.xml
2 ms. Memory: 1678336K Free: 1589741K (95%)
----------------- Invoking toplevel() on ptolemy.moml.MoMLSimpleApplication@718803e4
----------------- Done invoking toplevel() on ptolemy.moml.MoMLSimpleApplication@718803e4
reloadAllAccessors: .Timer

===========================================================================================
----------------- testing Sun Sep 23 02:12:32 UTC 2018 /home/travis/build/icyphy/ptII/ptolemy/actor/lib/test/auto/TriangularDistTestModel.xml
----------------- Instantiating /home/travis/build/icyphy/ptII/ptolemy/actor/lib/test/auto/TriangularDistTestModel.xml
3 ms. Memory: 1678336K Free: 1568865K (93%)
----------------- Invoking toplevel() on ptolemy.moml.MoMLSimpleApplication@11263897
----------------- Done invoking toplevel() on ptolemy.moml.MoMLSimpleApplication@11263897
reloadAllAccessors: .TriangularDistTestModel

===========================================================================================
----------------- testing Sun Sep 23 02:12:32 UTC 2018 /home/travis/build/icyphy/ptII/ptolemy/actor/lib/test/auto/TrigFunction.xml
----------------- Instantiating /home/travis/build/icyphy/ptII/ptolemy/actor/lib/test/auto/TrigFunction.xml
2 ms. Memory: 1678336K Free: 1544483K (92%)
----------------- Invoking toplevel() on ptolemy.moml.MoMLSimpleApplication@7f5a2378
----------------- Done invoking toplevel() on ptolemy.moml.MoMLSimpleApplication@7f5a2378
reloadAllAccessors: .TrigFunction

===========================================================================================
----------------- testing Sun Sep 23 02:12:32 UTC 2018 /home/travis/build/icyphy/ptII/ptolemy/actor/lib/test/auto/TrigFunctionDE.xml
----------------- Instantiating /home/travis/build/icyphy/ptII/ptolemy/actor/lib/test/auto/TrigFunctionDE.xml
2 ms. Memory: 1678336K Free: 1520101K (91%)
----------------- Invoking toplevel() on ptolemy.moml.MoMLSimpleApplication@1c172409
----------------- Done invoking toplevel() on ptolemy.moml.MoMLSimpleApplication@1c172409
reloadAllAccessors: .TrigFunctionDE

===========================================================================================
----------------- testing Sun Sep 23 02:12:32 UTC 2018 /home/travis/build/icyphy/ptII/ptolemy/actor/lib/test/auto/TrigFunctionInverse.xml
----------------- Instantiating /home/travis/build/icyphy/ptII/ptolemy/actor/lib/test/auto/TrigFunctionInverse.xml
2 ms. Memory: 1678336K Free: 1499225K (89%)
----------------- Invoking toplevel() on ptolemy.moml.MoMLSimpleApplication@16999d23
----------------- Done invoking toplevel() on ptolemy.moml.MoMLSimpleApplication@16999d23
reloadAllAccessors: .TrigFunctionInverse

===========================================================================================
----------------- testing Sun Sep 23 02:12:32 UTC 2018 /home/travis/build/icyphy/ptII/ptolemy/actor/lib/test/auto/TrigFunctionTan.xml
----------------- Instantiating /home/travis/build/icyphy/ptII/ptolemy/actor/lib/test/auto/TrigFunctionTan.xml
1 ms. Memory: 1678336K Free: 1474844K (88%)
----------------- Invoking toplevel() on ptolemy.moml.MoMLSimpleApplication@40e7ab2d
----------------- Done invoking toplevel() on ptolemy.moml.MoMLSimpleApplication@40e7ab2d
reloadAllAccessors: .TrigFunctionTan

===========================================================================================
----------------- testing Sun Sep 23 02:12:32 UTC 2018 /home/travis/build/icyphy/ptII/ptolemy/actor/lib/test/auto/TriggeredClock.xml
----------------- Instantiating /home/travis/build/icyphy/ptII/ptolemy/actor/lib/test/auto/TriggeredClock.xml
1 ms. Memory: 1678336K Free: 1450463K (86%)
----------------- Invoking toplevel() on ptolemy.moml.MoMLSimpleApplication@79662d50
----------------- Done invoking toplevel() on ptolemy.moml.MoMLSimpleApplication@79662d50
reloadAllAccessors: .TriggeredClock

===========================================================================================
----------------- testing Sun Sep 23 02:12:32 UTC 2018 /home/travis/build/icyphy/ptII/ptolemy/actor/lib/test/auto/URLDirectoryReader.xml
----------------- Instantiating /home/travis/build/icyphy/ptII/ptolemy/actor/lib/test/auto/URLDirectoryReader.xml
39 ms. Memory: 1678336K Free: 1426081K (85%)
----------------- Invoking toplevel() on ptolemy.moml.MoMLSimpleApplication@b4ce21e
----------------- Done invoking toplevel() on ptolemy.moml.MoMLSimpleApplication@b4ce21e
reloadAllAccessors: .URLDirectoryReader

===========================================================================================
----------------- testing Sun Sep 23 02:12:33 UTC 2018 /home/travis/build/icyphy/ptII/ptolemy/actor/lib/test/auto/URLDirectoryReader3.xml
----------------- Instantiating /home/travis/build/icyphy/ptII/ptolemy/actor/lib/test/auto/URLDirectoryReader3.xml
1131 ms. Memory: 1678336K Free: 1363446K (81%)
----------------- Invoking toplevel() on ptolemy.moml.MoMLSimpleApplication@45ef5465
----------------- Done invoking toplevel() on ptolemy.moml.MoMLSimpleApplication@45ef5465
reloadAllAccessors: .URLDirectoryReader3

===========================================================================================
----------------- testing Sun Sep 23 02:12:34 UTC 2018 /home/travis/build/icyphy/ptII/ptolemy/actor/lib/test/auto/UnaryMathFunction.xml
----------------- Instantiating /home/travis/build/icyphy/ptII/ptolemy/actor/lib/test/auto/UnaryMathFunction.xml
2 ms. Memory: 1678336K Free: 1339064K (80%)
----------------- Invoking toplevel() on ptolemy.moml.MoMLSimpleApplication@590f058b
----------------- Done invoking toplevel() on ptolemy.moml.MoMLSimpleApplication@590f058b
reloadAllAccessors: .UnaryMathFunction

===========================================================================================
----------------- testing Sun Sep 23 02:12:34 UTC 2018 /home/travis/build/icyphy/ptII/ptolemy/actor/lib/test/auto/Uniform.xml
----------------- Instantiating /home/travis/build/icyphy/ptII/ptolemy/actor/lib/test/auto/Uniform.xml
5 ms. Memory: 1678336K Free: 1314683K (78%)
----------------- Invoking toplevel() on ptolemy.moml.MoMLSimpleApplication@64c19262
----------------- Done invoking toplevel() on ptolemy.moml.MoMLSimpleApplication@64c19262
reloadAllAccessors: .Uniform

===========================================================================================
----------------- testing Sun Sep 23 02:12:34 UTC 2018 /home/travis/build/icyphy/ptII/ptolemy/actor/lib/test/auto/UnionDisassemblerTest.xml
----------------- Instantiating /home/travis/build/icyphy/ptII/ptolemy/actor/lib/test/auto/UnionDisassemblerTest.xml
7 ms. Memory: 1678336K Free: 1293807K (77%)
----------------- Invoking toplevel() on ptolemy.moml.MoMLSimpleApplication@726512e1
----------------- Done invoking toplevel() on ptolemy.moml.MoMLSimpleApplication@726512e1
reloadAllAccessors: .UnionDisassemblerTest

===========================================================================================
----------------- testing Sun Sep 23 02:12:34 UTC 2018 /home/travis/build/icyphy/ptII/ptolemy/actor/lib/test/auto/UtilityFunctions.xml
----------------- Instantiating /home/travis/build/icyphy/ptII/ptolemy/actor/lib/test/auto/UtilityFunctions.xml
2 ms. Memory: 1678336K Free: 1269426K (76%)
----------------- Invoking toplevel() on ptolemy.moml.MoMLSimpleApplication@2557caf8
----------------- Done invoking toplevel() on ptolemy.moml.MoMLSimpleApplication@2557caf8
reloadAllAccessors: .UtilityFunctions

===========================================================================================
----------------- testing Sun Sep 23 02:12:34 UTC 2018 /home/travis/build/icyphy/ptII/ptolemy/actor/lib/test/auto/VariableSleep.xml
----------------- Instantiating /home/travis/build/icyphy/ptII/ptolemy/actor/lib/test/auto/VariableSleep.xml
511 ms. Memory: 1678336K Free: 1245044K (74%)
----------------- Invoking toplevel() on ptolemy.moml.MoMLSimpleApplication@4ad56557
----------------- Done invoking toplevel() on ptolemy.moml.MoMLSimpleApplication@4ad56557
reloadAllAccessors: .VariableSleep

===========================================================================================
----------------- testing Sun Sep 23 02:12:35 UTC 2018 /home/travis/build/icyphy/ptII/ptolemy/actor/lib/test/auto/VectorAssemblerDisassemblerCT.xml
----------------- Instantiating /home/travis/build/icyphy/ptII/ptolemy/actor/lib/test/auto/VectorAssemblerDisassemblerCT.xml
76 ms. Memory: 1678336K Free: 1210218K (72%)
----------------- Invoking toplevel() on ptolemy.moml.MoMLSimpleApplication@710b5134
----------------- Done invoking toplevel() on ptolemy.moml.MoMLSimpleApplication@710b5134
reloadAllAccessors: .VectorAssemblerDisassemblerCT

===========================================================================================
----------------- testing Sun Sep 23 02:12:35 UTC 2018 /home/travis/build/icyphy/ptII/ptolemy/actor/lib/test/auto/VectorAssemblerDisassemblerDE.xml
----------------- Instantiating /home/travis/build/icyphy/ptII/ptolemy/actor/lib/test/auto/VectorAssemblerDisassemblerDE.xml
2 ms. Memory: 1678336K Free: 1189342K (71%)
----------------- Invoking toplevel() on ptolemy.moml.MoMLSimpleApplication@94c17b1
----------------- Done invoking toplevel() on ptolemy.moml.MoMLSimpleApplication@94c17b1
reloadAllAccessors: .VectorAssemblerDisassemblerDE

===========================================================================================
----------------- testing Sun Sep 23 02:12:35 UTC 2018 /home/travis/build/icyphy/ptII/ptolemy/actor/lib/test/auto/VectorAssemblerDisassemblerSDF.xml
----------------- Instantiating /home/travis/build/icyphy/ptII/ptolemy/actor/lib/test/auto/VectorAssemblerDisassemblerSDF.xml
2 ms. Memory: 1678336K Free: 1164960K (69%)
----------------- Invoking toplevel() on ptolemy.moml.MoMLSimpleApplication@6469827c
----------------- Done invoking toplevel() on ptolemy.moml.MoMLSimpleApplication@6469827c
reloadAllAccessors: .VectorAssemblerDisassemblerSDF

===========================================================================================
----------------- testing Sun Sep 23 02:12:35 UTC 2018 /home/travis/build/icyphy/ptII/ptolemy/actor/lib/test/auto/WallClockTime.xml
----------------- Instantiating /home/travis/build/icyphy/ptII/ptolemy/actor/lib/test/auto/WallClockTime.xml
1004 ms. Memory: 1678336K Free: 1140578K (68%)
----------------- Invoking toplevel() on ptolemy.moml.MoMLSimpleApplication@3c32ac17
----------------- Done invoking toplevel() on ptolemy.moml.MoMLSimpleApplication@3c32ac17
reloadAllAccessors: .WallClockTime

===========================================================================================
----------------- testing Sun Sep 23 02:12:36 UTC 2018 /home/travis/build/icyphy/ptII/ptolemy/actor/lib/test/auto/WidthTestWithSubscriberPublisher.xml
----------------- Instantiating /home/travis/build/icyphy/ptII/ptolemy/actor/lib/test/auto/WidthTestWithSubscriberPublisher.xml
6 ms. Memory: 1678336K Free: 1105743K (66%)
----------------- Invoking toplevel() on ptolemy.moml.MoMLSimpleApplication@244afd1a
----------------- Done invoking toplevel() on ptolemy.moml.MoMLSimpleApplication@244afd1a
reloadAllAccessors: .WidthTestWithSubscriberPublisher

===========================================================================================
----------------- testing Sun Sep 23 02:12:36 UTC 2018 /home/travis/build/icyphy/ptII/ptolemy/actor/lib/test/auto/WidthTestWithSubscriberPublisher2.xml
----------------- Instantiating /home/travis/build/icyphy/ptII/ptolemy/actor/lib/test/auto/WidthTestWithSubscriberPublisher2.xml
3 ms. Memory: 1678336K Free: 1084867K (65%)
----------------- Invoking toplevel() on ptolemy.moml.MoMLSimpleApplication@2d4acc25
----------------- Done invoking toplevel() on ptolemy.moml.MoMLSimpleApplication@2d4acc25
reloadAllAccessors: .WidthTestWithSubscriberPublisher2

===========================================================================================
----------------- testing Sun Sep 23 02:12:36 UTC 2018 /home/travis/build/icyphy/ptII/ptolemy/actor/lib/test/auto/WidthTestWithSubscriberPublisher3.xml
----------------- Instantiating /home/travis/build/icyphy/ptII/ptolemy/actor/lib/test/auto/WidthTestWithSubscriberPublisher3.xml
2 ms. Memory: 1678336K Free: 1060485K (63%)
----------------- Invoking toplevel() on ptolemy.moml.MoMLSimpleApplication@4410bfe5
----------------- Done invoking toplevel() on ptolemy.moml.MoMLSimpleApplication@4410bfe5
reloadAllAccessors: .WidthTestWithSubscriberPublisher3

===========================================================================================
----------------- testing Sun Sep 23 02:12:36 UTC 2018 /home/travis/build/icyphy/ptII/ptolemy/actor/lib/test/auto/Writer.xml
----------------- Instantiating /home/travis/build/icyphy/ptII/ptolemy/actor/lib/test/auto/Writer.xml
0
1
2
3
4
1 ms. Memory: 1678336K Free: 1036104K (62%)
----------------- Invoking toplevel() on ptolemy.moml.MoMLSimpleApplication@790b030
----------------- Done invoking toplevel() on ptolemy.moml.MoMLSimpleApplication@790b030
reloadAllAccessors: .Writer

===========================================================================================
----------------- testing Sun Sep 23 02:12:36 UTC 2018 /home/travis/build/icyphy/ptII/ptolemy/actor/lib/test/auto/array.xml
----------------- Instantiating /home/travis/build/icyphy/ptII/ptolemy/actor/lib/test/auto/array.xml
2 ms. Memory: 1678336K Free: 1015228K (60%)
----------------- Invoking toplevel() on ptolemy.moml.MoMLSimpleApplication@6067110
----------------- Done invoking toplevel() on ptolemy.moml.MoMLSimpleApplication@6067110
reloadAllAccessors: .array

===========================================================================================
----------------- testing Sun Sep 23 02:12:36 UTC 2018 /home/travis/build/icyphy/ptII/ptolemy/actor/lib/test/auto/array2.xml
----------------- Instantiating /home/travis/build/icyphy/ptII/ptolemy/actor/lib/test/auto/array2.xml
2 ms. Memory: 1678336K Free: 990847K (59%)
----------------- Invoking toplevel() on ptolemy.moml.MoMLSimpleApplication@53562859
----------------- Done invoking toplevel() on ptolemy.moml.MoMLSimpleApplication@53562859
reloadAllAccessors: .array2

===========================================================================================
----------------- testing Sun Sep 23 02:12:36 UTC 2018 /home/travis/build/icyphy/ptII/ptolemy/actor/lib/test/auto/arrayType.xml
----------------- Instantiating /home/travis/build/icyphy/ptII/ptolemy/actor/lib/test/auto/arrayType.xml
7 ms. Memory: 1678336K Free: 966465K (58%)
----------------- Invoking toplevel() on ptolemy.moml.MoMLSimpleApplication@2018f712
----------------- Done invoking toplevel() on ptolemy.moml.MoMLSimpleApplication@2018f712
reloadAllAccessors: .arrayType

===========================================================================================
----------------- testing Sun Sep 23 02:12:36 UTC 2018 /home/travis/build/icyphy/ptII/ptolemy/actor/lib/test/auto/arrayType10.xml
----------------- Instantiating /home/travis/build/icyphy/ptII/ptolemy/actor/lib/test/auto/arrayType10.xml
1 ms. Memory: 1678336K Free: 942083K (56%)
----------------- Invoking toplevel() on ptolemy.moml.MoMLSimpleApplication@10c798c3
----------------- Done invoking toplevel() on ptolemy.moml.MoMLSimpleApplication@10c798c3
reloadAllAccessors: .arrayType10

===========================================================================================
----------------- testing Sun Sep 23 02:12:36 UTC 2018 /home/travis/build/icyphy/ptII/ptolemy/actor/lib/test/auto/arrayType11.xml
----------------- Instantiating /home/travis/build/icyphy/ptII/ptolemy/actor/lib/test/auto/arrayType11.xml
2 ms. Memory: 1678336K Free: 921207K (55%)
----------------- Invoking toplevel() on ptolemy.moml.MoMLSimpleApplication@242d8634
----------------- Done invoking toplevel() on ptolemy.moml.MoMLSimpleApplication@242d8634
reloadAllAccessors: .arrayType11

===========================================================================================
----------------- testing Sun Sep 23 02:12:36 UTC 2018 /home/travis/build/icyphy/ptII/ptolemy/actor/lib/test/auto/arrayType12.xml
----------------- Instantiating /home/travis/build/icyphy/ptII/ptolemy/actor/lib/test/auto/arrayType12.xml
1 ms. Memory: 1678336K Free: 896826K (53%)
----------------- Invoking toplevel() on ptolemy.moml.MoMLSimpleApplication@64b117c7
----------------- Done invoking toplevel() on ptolemy.moml.MoMLSimpleApplication@64b117c7
reloadAllAccessors: .arrayType12

===========================================================================================
----------------- testing Sun Sep 23 02:12:36 UTC 2018 /home/travis/build/icyphy/ptII/ptolemy/actor/lib/test/auto/arrayType13.xml
----------------- Instantiating /home/travis/build/icyphy/ptII/ptolemy/actor/lib/test/auto/arrayType13.xml
1 ms. Memory: 1678336K Free: 872445K (52%)
----------------- Invoking toplevel() on ptolemy.moml.MoMLSimpleApplication@5a2bc648
----------------- Done invoking toplevel() on ptolemy.moml.MoMLSimpleApplication@5a2bc648
reloadAllAccessors: .arrayType13

===========================================================================================
----------------- testing Sun Sep 23 02:12:36 UTC 2018 /home/travis/build/icyphy/ptII/ptolemy/actor/lib/test/auto/arrayType14.xml
----------------- Instantiating /home/travis/build/icyphy/ptII/ptolemy/actor/lib/test/auto/arrayType14.xml
7 ms. Memory: 1678336K Free: 851569K (51%)
----------------- Invoking toplevel() on ptolemy.moml.MoMLSimpleApplication@5690649d
----------------- Done invoking toplevel() on ptolemy.moml.MoMLSimpleApplication@5690649d
reloadAllAccessors: .arrayType14

===========================================================================================
----------------- testing Sun Sep 23 02:12:36 UTC 2018 /home/travis/build/icyphy/ptII/ptolemy/actor/lib/test/auto/arrayType15.xml
----------------- Instantiating /home/travis/build/icyphy/ptII/ptolemy/actor/lib/test/auto/arrayType15.xml
2 ms. Memory: 1678336K Free: 827187K (49%)
----------------- Invoking toplevel() on ptolemy.moml.MoMLSimpleApplication@b3d1c94
----------------- Done invoking toplevel() on ptolemy.moml.MoMLSimpleApplication@b3d1c94
reloadAllAccessors: .arrayType15

===========================================================================================
----------------- testing Sun Sep 23 02:12:36 UTC 2018 /home/travis/build/icyphy/ptII/ptolemy/actor/lib/test/auto/arrayType16.xml
----------------- Instantiating /home/travis/build/icyphy/ptII/ptolemy/actor/lib/test/auto/arrayType16.xml
1 ms. Memory: 1678336K Free: 802806K (48%)
----------------- Invoking toplevel() on ptolemy.moml.MoMLSimpleApplication@37f7912a
----------------- Done invoking toplevel() on ptolemy.moml.MoMLSimpleApplication@37f7912a
reloadAllAccessors: .arrayType16

===========================================================================================
----------------- testing Sun Sep 23 02:12:36 UTC 2018 /home/travis/build/icyphy/ptII/ptolemy/actor/lib/test/auto/arrayType17.xml
----------------- Instantiating /home/travis/build/icyphy/ptII/ptolemy/actor/lib/test/auto/arrayType17.xml
2 ms. Memory: 1678336K Free: 778424K (46%)
----------------- Invoking toplevel() on ptolemy.moml.MoMLSimpleApplication@792ee066
----------------- Done invoking toplevel() on ptolemy.moml.MoMLSimpleApplication@792ee066
reloadAllAccessors: .arrayType17

===========================================================================================
----------------- testing Sun Sep 23 02:12:36 UTC 2018 /home/travis/build/icyphy/ptII/ptolemy/actor/lib/test/auto/arrayType18.xml
----------------- Instantiating /home/travis/build/icyphy/ptII/ptolemy/actor/lib/test/auto/arrayType18.xml
1 ms. Memory: 1678336K Free: 757549K (45%)
----------------- Invoking toplevel() on ptolemy.moml.MoMLSimpleApplication@399bbb4d
----------------- Done invoking toplevel() on ptolemy.moml.MoMLSimpleApplication@399bbb4d
reloadAllAccessors: .arrayType18

===========================================================================================
----------------- testing Sun Sep 23 02:12:36 UTC 2018 /home/travis/build/icyphy/ptII/ptolemy/actor/lib/test/auto/arrayType19.xml
----------------- Instantiating /home/travis/build/icyphy/ptII/ptolemy/actor/lib/test/auto/arrayType19.xml
1 ms. Memory: 1678336K Free: 733167K (44%)
----------------- Invoking toplevel() on ptolemy.moml.MoMLSimpleApplication@1b41fe31
----------------- Done invoking toplevel() on ptolemy.moml.MoMLSimpleApplication@1b41fe31
reloadAllAccessors: .arrayType19

===========================================================================================
----------------- testing Sun Sep 23 02:12:36 UTC 2018 /home/travis/build/icyphy/ptII/ptolemy/actor/lib/test/auto/arrayType2.xml
----------------- Instantiating /home/travis/build/icyphy/ptII/ptolemy/actor/lib/test/auto/arrayType2.xml
2 ms. Memory: 1678336K Free: 708785K (42%)
----------------- Invoking toplevel() on ptolemy.moml.MoMLSimpleApplication@3ba7e83f
----------------- Done invoking toplevel() on ptolemy.moml.MoMLSimpleApplication@3ba7e83f
reloadAllAccessors: .arrayType2

===========================================================================================
----------------- testing Sun Sep 23 02:12:36 UTC 2018 /home/travis/build/icyphy/ptII/ptolemy/actor/lib/test/auto/arrayType20.xml
----------------- Instantiating /home/travis/build/icyphy/ptII/ptolemy/actor/lib/test/auto/arrayType20.xml
1 ms. Memory: 1678336K Free: 684404K (41%)
----------------- Invoking toplevel() on ptolemy.moml.MoMLSimpleApplication@2b84ec32
----------------- Done invoking toplevel() on ptolemy.moml.MoMLSimpleApplication@2b84ec32
reloadAllAccessors: .arrayType20

===========================================================================================
----------------- testing Sun Sep 23 02:12:36 UTC 2018 /home/travis/build/icyphy/ptII/ptolemy/actor/lib/test/auto/arrayType21.xml
----------------- Instantiating /home/travis/build/icyphy/ptII/ptolemy/actor/lib/test/auto/arrayType21.xml
1 ms. Memory: 1678336K Free: 663528K (40%)
----------------- Invoking toplevel() on ptolemy.moml.MoMLSimpleApplication@226ef505
----------------- Done invoking toplevel() on ptolemy.moml.MoMLSimpleApplication@226ef505
reloadAllAccessors: .arrayType21

===========================================================================================
----------------- testing Sun Sep 23 02:12:36 UTC 2018 /home/travis/build/icyphy/ptII/ptolemy/actor/lib/test/auto/arrayType22.xml
----------------- Instantiating /home/travis/build/icyphy/ptII/ptolemy/actor/lib/test/auto/arrayType22.xml
1 ms. Memory: 1678336K Free: 639146K (38%)
----------------- Invoking toplevel() on ptolemy.moml.MoMLSimpleApplication@663416a2
----------------- Done invoking toplevel() on ptolemy.moml.MoMLSimpleApplication@663416a2
reloadAllAccessors: .arrayType22

===========================================================================================
----------------- testing Sun Sep 23 02:12:36 UTC 2018 /home/travis/build/icyphy/ptII/ptolemy/actor/lib/test/auto/arrayType23.xml
----------------- Instantiating /home/travis/build/icyphy/ptII/ptolemy/actor/lib/test/auto/arrayType23.xml
1 ms. Memory: 1678336K Free: 614765K (37%)
----------------- Invoking toplevel() on ptolemy.moml.MoMLSimpleApplication@4f2e636
----------------- Done invoking toplevel() on ptolemy.moml.MoMLSimpleApplication@4f2e636
reloadAllAccessors: .arrayType23

===========================================================================================
----------------- testing Sun Sep 23 02:12:36 UTC 2018 /home/travis/build/icyphy/ptII/ptolemy/actor/lib/test/auto/arrayType24.xml
----------------- Instantiating /home/travis/build/icyphy/ptII/ptolemy/actor/lib/test/auto/arrayType24.xml
2 ms. Memory: 1678336K Free: 590383K (35%)
----------------- Invoking toplevel() on ptolemy.moml.MoMLSimpleApplication@4819ae70
----------------- Done invoking toplevel() on ptolemy.moml.MoMLSimpleApplication@4819ae70
reloadAllAccessors: .arrayType24

===========================================================================================
----------------- testing Sun Sep 23 02:12:36 UTC 2018 /home/travis/build/icyphy/ptII/ptolemy/actor/lib/test/auto/arrayType25.xml
----------------- Instantiating /home/travis/build/icyphy/ptII/ptolemy/actor/lib/test/auto/arrayType25.xml
2 ms. Memory: 1678336K Free: 569507K (34%)
----------------- Invoking toplevel() on ptolemy.moml.MoMLSimpleApplication@2f8ba437
----------------- Done invoking toplevel() on ptolemy.moml.MoMLSimpleApplication@2f8ba437
reloadAllAccessors: .arrayType25

===========================================================================================
----------------- testing Sun Sep 23 02:12:36 UTC 2018 /home/travis/build/icyphy/ptII/ptolemy/actor/lib/test/auto/arrayType26.xml
----------------- Instantiating /home/travis/build/icyphy/ptII/ptolemy/actor/lib/test/auto/arrayType26.xml
1 ms. Memory: 1678336K Free: 545126K (32%)
----------------- Invoking toplevel() on ptolemy.moml.MoMLSimpleApplication@435d6c95
----------------- Done invoking toplevel() on ptolemy.moml.MoMLSimpleApplication@435d6c95
reloadAllAccessors: .arrayType26

===========================================================================================
----------------- testing Sun Sep 23 02:12:36 UTC 2018 /home/travis/build/icyphy/ptII/ptolemy/actor/lib/test/auto/arrayType27.xml
----------------- Instantiating /home/travis/build/icyphy/ptII/ptolemy/actor/lib/test/auto/arrayType27.xml
1 ms. Memory: 1678336K Free: 520744K (31%)
----------------- Invoking toplevel() on ptolemy.moml.MoMLSimpleApplication@4cf8e13
----------------- Done invoking toplevel() on ptolemy.moml.MoMLSimpleApplication@4cf8e13
reloadAllAccessors: .arrayType27

===========================================================================================
----------------- testing Sun Sep 23 02:12:36 UTC 2018 /home/travis/build/icyphy/ptII/ptolemy/actor/lib/test/auto/arrayType28.xml
----------------- Instantiating /home/travis/build/icyphy/ptII/ptolemy/actor/lib/test/auto/arrayType28.xml
2 ms. Memory: 1678336K Free: 499868K (30%)
----------------- Invoking toplevel() on ptolemy.moml.MoMLSimpleApplication@1bc92bc6
----------------- Done invoking toplevel() on ptolemy.moml.MoMLSimpleApplication@1bc92bc6
reloadAllAccessors: .arrayType28

===========================================================================================
----------------- testing Sun Sep 23 02:12:36 UTC 2018 /home/travis/build/icyphy/ptII/ptolemy/actor/lib/test/auto/arrayType3.xml
----------------- Instantiating /home/travis/build/icyphy/ptII/ptolemy/actor/lib/test/auto/arrayType3.xml
1 ms. Memory: 1678336K Free: 475487K (28%)
----------------- Invoking toplevel() on ptolemy.moml.MoMLSimpleApplication@1d7f1f0c
----------------- Done invoking toplevel() on ptolemy.moml.MoMLSimpleApplication@1d7f1f0c
reloadAllAccessors: .arrayType3

===========================================================================================
----------------- testing Sun Sep 23 02:12:36 UTC 2018 /home/travis/build/icyphy/ptII/ptolemy/actor/lib/test/auto/arrayType4.xml
----------------- Instantiating /home/travis/build/icyphy/ptII/ptolemy/actor/lib/test/auto/arrayType4.xml
2 ms. Memory: 1678336K Free: 451105K (27%)
----------------- Invoking toplevel() on ptolemy.moml.MoMLSimpleApplication@3b9733b0
----------------- Done invoking toplevel() on ptolemy.moml.MoMLSimpleApplication@3b9733b0
reloadAllAccessors: .arrayType4

===========================================================================================
----------------- testing Sun Sep 23 02:12:36 UTC 2018 /home/travis/build/icyphy/ptII/ptolemy/actor/lib/test/auto/arrayType5.xml
----------------- Instantiating /home/travis/build/icyphy/ptII/ptolemy/actor/lib/test/auto/arrayType5.xml
1 ms. Memory: 1678336K Free: 426724K (25%)
----------------- Invoking toplevel() on ptolemy.moml.MoMLSimpleApplication@39ba316b
----------------- Done invoking toplevel() on ptolemy.moml.MoMLSimpleApplication@39ba316b
reloadAllAccessors: .arrayType5

===========================================================================================
----------------- testing Sun Sep 23 02:12:36 UTC 2018 /home/travis/build/icyphy/ptII/ptolemy/actor/lib/test/auto/arrayType6.xml
----------------- Instantiating /home/travis/build/icyphy/ptII/ptolemy/actor/lib/test/auto/arrayType6.xml
1 ms. Memory: 1678336K Free: 405848K (24%)
----------------- Invoking toplevel() on ptolemy.moml.MoMLSimpleApplication@59ba6150
----------------- Done invoking toplevel() on ptolemy.moml.MoMLSimpleApplication@59ba6150
reloadAllAccessors: .arrayType6

===========================================================================================
----------------- testing Sun Sep 23 02:12:36 UTC 2018 /home/travis/build/icyphy/ptII/ptolemy/actor/lib/test/auto/arrayType7.xml
----------------- Instantiating /home/travis/build/icyphy/ptII/ptolemy/actor/lib/test/auto/arrayType7.xml
1 ms. Memory: 1678336K Free: 381466K (23%)
----------------- Invoking toplevel() on ptolemy.moml.MoMLSimpleApplication@2788ad64
----------------- Done invoking toplevel() on ptolemy.moml.MoMLSimpleApplication@2788ad64
reloadAllAccessors: .arrayType7

===========================================================================================
----------------- testing Sun Sep 23 02:12:36 UTC 2018 /home/travis/build/icyphy/ptII/ptolemy/actor/lib/test/auto/arrayType8.xml
----------------- Instantiating /home/travis/build/icyphy/ptII/ptolemy/actor/lib/test/auto/arrayType8.xml
3 ms. Memory: 1678336K Free: 357085K (21%)
----------------- Invoking toplevel() on ptolemy.moml.MoMLSimpleApplication@2801fa4a
----------------- Done invoking toplevel() on ptolemy.moml.MoMLSimpleApplication@2801fa4a
reloadAllAccessors: .arrayType8

===========================================================================================
----------------- testing Sun Sep 23 02:12:36 UTC 2018 /home/travis/build/icyphy/ptII/ptolemy/actor/lib/test/auto/arrayType9.xml
----------------- Instantiating /home/travis/build/icyphy/ptII/ptolemy/actor/lib/test/auto/arrayType9.xml
1 ms. Memory: 1678336K Free: 332703K (20%)
----------------- Invoking toplevel() on ptolemy.moml.MoMLSimpleApplication@51c167d3
----------------- Done invoking toplevel() on ptolemy.moml.MoMLSimpleApplication@51c167d3
reloadAllAccessors: .arrayType9

===========================================================================================
----------------- testing Sun Sep 23 02:12:36 UTC 2018 /home/travis/build/icyphy/ptII/ptolemy/actor/lib/test/auto/cast.xml
----------------- Instantiating /home/travis/build/icyphy/ptII/ptolemy/actor/lib/test/auto/cast.xml
2 ms. Memory: 1678336K Free: 311827K (19%)
----------------- Invoking toplevel() on ptolemy.moml.MoMLSimpleApplication@2f668b25
----------------- Done invoking toplevel() on ptolemy.moml.MoMLSimpleApplication@2f668b25
reloadAllAccessors: .cast

===========================================================================================
----------------- testing Sun Sep 23 02:12:36 UTC 2018 /home/travis/build/icyphy/ptII/ptolemy/actor/lib/test/auto/compositeMultiPort.xml
----------------- Instantiating /home/travis/build/icyphy/ptII/ptolemy/actor/lib/test/auto/compositeMultiPort.xml
3 ms. Memory: 1678336K Free: 287446K (17%)
----------------- Invoking toplevel() on ptolemy.moml.MoMLSimpleApplication@6dc30015
----------------- Done invoking toplevel() on ptolemy.moml.MoMLSimpleApplication@6dc30015
reloadAllAccessors: .compositeMultiPort

===========================================================================================
----------------- testing Sun Sep 23 02:12:36 UTC 2018 /home/travis/build/icyphy/ptII/ptolemy/actor/lib/test/auto/expressionCastInference.xml
----------------- Instantiating /home/travis/build/icyphy/ptII/ptolemy/actor/lib/test/auto/expressionCastInference.xml
10 ms. Memory: 1678336K Free: 263064K (16%)
----------------- Invoking toplevel() on ptolemy.moml.MoMLSimpleApplication@43e44d08
----------------- Done invoking toplevel() on ptolemy.moml.MoMLSimpleApplication@43e44d08
reloadAllAccessors: .expressionCastInference

===========================================================================================
----------------- testing Sun Sep 23 02:12:37 UTC 2018 /home/travis/build/icyphy/ptII/ptolemy/actor/lib/test/auto/expressionCastInference2.xml
----------------- Instantiating /home/travis/build/icyphy/ptII/ptolemy/actor/lib/test/auto/expressionCastInference2.xml
2 ms. Memory: 1678336K Free: 238683K (14%)
----------------- Invoking toplevel() on ptolemy.moml.MoMLSimpleApplication@3ca2e766
----------------- Done invoking toplevel() on ptolemy.moml.MoMLSimpleApplication@3ca2e766
reloadAllAccessors: .expressionCastInference2

===========================================================================================
----------------- testing Sun Sep 23 02:12:37 UTC 2018 /home/travis/build/icyphy/ptII/ptolemy/actor/lib/test/auto/expressionInference.xml
----------------- Instantiating /home/travis/build/icyphy/ptII/ptolemy/actor/lib/test/auto/expressionInference.xml
1 ms. Memory: 1678336K Free: 217807K (13%)
----------------- Invoking toplevel() on ptolemy.moml.MoMLSimpleApplication@23bbee5f
----------------- Done invoking toplevel() on ptolemy.moml.MoMLSimpleApplication@23bbee5f
reloadAllAccessors: .expressionInference

===========================================================================================
----------------- testing Sun Sep 23 02:12:37 UTC 2018 /home/travis/build/icyphy/ptII/ptolemy/actor/lib/test/auto/expression_bug.xml
----------------- Instantiating /home/travis/build/icyphy/ptII/ptolemy/actor/lib/test/auto/expression_bug.xml
1 ms. Memory: 1678336K Free: 193425K (12%)
----------------- Invoking toplevel() on ptolemy.moml.MoMLSimpleApplication@6905678f
----------------- Done invoking toplevel() on ptolemy.moml.MoMLSimpleApplication@6905678f
reloadAllAccessors: .expression_bug

===========================================================================================
----------------- testing Sun Sep 23 02:12:37 UTC 2018 /home/travis/build/icyphy/ptII/ptolemy/actor/lib/test/auto/factorial.xml
----------------- Instantiating /home/travis/build/icyphy/ptII/ptolemy/actor/lib/test/auto/factorial.xml
40 ms. Memory: 1678336K Free: 169044K (10%)
----------------- Invoking toplevel() on ptolemy.moml.MoMLSimpleApplication@1ff890c7
----------------- Done invoking toplevel() on ptolemy.moml.MoMLSimpleApplication@1ff890c7
reloadAllAccessors: .factorial

===========================================================================================
----------------- testing Sun Sep 23 02:12:37 UTC 2018 /home/travis/build/icyphy/ptII/ptolemy/actor/lib/test/auto/filterTest1.xml
----------------- Instantiating /home/travis/build/icyphy/ptII/ptolemy/actor/lib/test/auto/filterTest1.xml
3 ms. Memory: 1678336K Free: 148168K (9%)
----------------- Invoking toplevel() on ptolemy.moml.MoMLSimpleApplication@f1c8f13
----------------- Done invoking toplevel() on ptolemy.moml.MoMLSimpleApplication@f1c8f13
reloadAllAccessors: .filterTest1

===========================================================================================
----------------- testing Sun Sep 23 02:12:37 UTC 2018 /home/travis/build/icyphy/ptII/ptolemy/actor/lib/test/auto/funcApplyInConst.xml
----------------- Instantiating /home/travis/build/icyphy/ptII/ptolemy/actor/lib/test/auto/funcApplyInConst.xml
1 ms. Memory: 1678336K Free: 123786K (7%)
----------------- Invoking toplevel() on ptolemy.moml.MoMLSimpleApplication@5052b379
----------------- Done invoking toplevel() on ptolemy.moml.MoMLSimpleApplication@5052b379
reloadAllAccessors: .funcApplyInConst

===========================================================================================
----------------- testing Sun Sep 23 02:12:37 UTC 2018 /home/travis/build/icyphy/ptII/ptolemy/actor/lib/test/auto/funcApplyInExpr.xml
----------------- Instantiating /home/travis/build/icyphy/ptII/ptolemy/actor/lib/test/auto/funcApplyInExpr.xml
2 ms. Memory: 1678336K Free: 99405K (6%)
----------------- Invoking toplevel() on ptolemy.moml.MoMLSimpleApplication@4a7e1e27
----------------- Done invoking toplevel() on ptolemy.moml.MoMLSimpleApplication@4a7e1e27
reloadAllAccessors: .funcApplyInExpr

===========================================================================================
----------------- testing Sun Sep 23 02:12:37 UTC 2018 /home/travis/build/icyphy/ptII/ptolemy/actor/lib/test/auto/function.xml
----------------- Instantiating /home/travis/build/icyphy/ptII/ptolemy/actor/lib/test/auto/function.xml
2 ms. Memory: 1678336K Free: 75023K (4%)
----------------- Invoking toplevel() on ptolemy.moml.MoMLSimpleApplication@194f36ca
----------------- Done invoking toplevel() on ptolemy.moml.MoMLSimpleApplication@194f36ca
reloadAllAccessors: .function

===========================================================================================
----------------- testing Sun Sep 23 02:12:37 UTC 2018 /home/travis/build/icyphy/ptII/ptolemy/actor/lib/test/auto/function2.xml
----------------- Instantiating /home/travis/build/icyphy/ptII/ptolemy/actor/lib/test/auto/function2.xml
17 ms. Memory: 1677824K Free: 1623438K (97%)
----------------- Invoking toplevel() on ptolemy.moml.MoMLSimpleApplication@7d7dd4fb
----------------- Done invoking toplevel() on ptolemy.moml.MoMLSimpleApplication@7d7dd4fb
reloadAllAccessors: .function2

===========================================================================================
----------------- testing Sun Sep 23 02:12:37 UTC 2018 /home/travis/build/icyphy/ptII/ptolemy/actor/lib/test/auto/function3.xml
----------------- Instantiating /home/travis/build/icyphy/ptII/ptolemy/actor/lib/test/auto/function3.xml
1 ms. Memory: 1677824K Free: 1592539K (95%)
----------------- Invoking toplevel() on ptolemy.moml.MoMLSimpleApplication@7510e115
----------------- Done invoking toplevel() on ptolemy.moml.MoMLSimpleApplication@7510e115
reloadAllAccessors: .function3

===========================================================================================
----------------- testing Sun Sep 23 02:12:37 UTC 2018 /home/travis/build/icyphy/ptII/ptolemy/actor/lib/test/auto/functionClosureTest1.xml
----------------- Instantiating /home/travis/build/icyphy/ptII/ptolemy/actor/lib/test/auto/functionClosureTest1.xml
1 ms. Memory: 1677824K Free: 1573475K (94%)
----------------- Invoking toplevel() on ptolemy.moml.MoMLSimpleApplication@5c00a67c
----------------- Done invoking toplevel() on ptolemy.moml.MoMLSimpleApplication@5c00a67c
reloadAllAccessors: .functionClosureTest1

===========================================================================================
----------------- testing Sun Sep 23 02:12:37 UTC 2018 /home/travis/build/icyphy/ptII/ptolemy/actor/lib/test/auto/functionClosureTest2.xml
----------------- Instantiating /home/travis/build/icyphy/ptII/ptolemy/actor/lib/test/auto/functionClosureTest2.xml
1 ms. Memory: 1677824K Free: 1554411K (93%)
----------------- Invoking toplevel() on ptolemy.moml.MoMLSimpleApplication@45e06937
----------------- Done invoking toplevel() on ptolemy.moml.MoMLSimpleApplication@45e06937
reloadAllAccessors: .functionClosureTest2

===========================================================================================
----------------- testing Sun Sep 23 02:12:37 UTC 2018 /home/travis/build/icyphy/ptII/ptolemy/actor/lib/test/auto/functionClosureTest3.xml
----------------- Instantiating /home/travis/build/icyphy/ptII/ptolemy/actor/lib/test/auto/functionClosureTest3.xml
1 ms. Memory: 1677824K Free: 1535346K (92%)
----------------- Invoking toplevel() on ptolemy.moml.MoMLSimpleApplication@5cf1b9b3
----------------- Done invoking toplevel() on ptolemy.moml.MoMLSimpleApplication@5cf1b9b3
reloadAllAccessors: .functionClosureTest3

===========================================================================================
----------------- testing Sun Sep 23 02:12:37 UTC 2018 /home/travis/build/icyphy/ptII/ptolemy/actor/lib/test/auto/functionClosureTest4.xml
----------------- Instantiating /home/travis/build/icyphy/ptII/ptolemy/actor/lib/test/auto/functionClosureTest4.xml
2 ms. Memory: 1677824K Free: 1519689K (91%)
----------------- Invoking toplevel() on ptolemy.moml.MoMLSimpleApplication@65f5fd62
----------------- Done invoking toplevel() on ptolemy.moml.MoMLSimpleApplication@65f5fd62
reloadAllAccessors: .functionClosureTest4

===========================================================================================
----------------- testing Sun Sep 23 02:12:37 UTC 2018 /home/travis/build/icyphy/ptII/ptolemy/actor/lib/test/auto/functionClosureTest5.xml
----------------- Instantiating /home/travis/build/icyphy/ptII/ptolemy/actor/lib/test/auto/functionClosureTest5.xml
3 ms. Memory: 1677824K Free: 1500625K (89%)
----------------- Invoking toplevel() on ptolemy.moml.MoMLSimpleApplication@205a35a2
----------------- Done invoking toplevel() on ptolemy.moml.MoMLSimpleApplication@205a35a2
reloadAllAccessors: .functionClosureTest5

===========================================================================================
----------------- testing Sun Sep 23 02:12:37 UTC 2018 /home/travis/build/icyphy/ptII/ptolemy/actor/lib/test/auto/functionClosureTest6.xml
----------------- Instantiating /home/travis/build/icyphy/ptII/ptolemy/actor/lib/test/auto/functionClosureTest6.xml
1 ms. Memory: 1677824K Free: 1481561K (88%)
----------------- Invoking toplevel() on ptolemy.moml.MoMLSimpleApplication@68d00b7f
----------------- Done invoking toplevel() on ptolemy.moml.MoMLSimpleApplication@68d00b7f
reloadAllAccessors: .functionClosureTest6

===========================================================================================
----------------- testing Sun Sep 23 02:12:37 UTC 2018 /home/travis/build/icyphy/ptII/ptolemy/actor/lib/test/auto/functionsOnArcs.xml
----------------- Instantiating /home/travis/build/icyphy/ptII/ptolemy/actor/lib/test/auto/functionsOnArcs.xml
1 ms. Memory: 1677824K Free: 1462496K (87%)
----------------- Invoking toplevel() on ptolemy.moml.MoMLSimpleApplication@52efd707
----------------- Done invoking toplevel() on ptolemy.moml.MoMLSimpleApplication@52efd707
reloadAllAccessors: .functionsOnArcs

===========================================================================================
----------------- testing Sun Sep 23 02:12:37 UTC 2018 /home/travis/build/icyphy/ptII/ptolemy/actor/lib/test/auto/functionsOnArcsHOF.xml
----------------- Instantiating /home/travis/build/icyphy/ptII/ptolemy/actor/lib/test/auto/functionsOnArcsHOF.xml
3 ms. Memory: 1677824K Free: 1446839K (86%)
----------------- Invoking toplevel() on ptolemy.moml.MoMLSimpleApplication@402ac8a6
----------------- Done invoking toplevel() on ptolemy.moml.MoMLSimpleApplication@402ac8a6
reloadAllAccessors: .functionsOnArcsHOF

===========================================================================================
----------------- testing Sun Sep 23 02:12:37 UTC 2018 /home/travis/build/icyphy/ptII/ptolemy/actor/lib/test/auto/logic.xml
----------------- Instantiating /home/travis/build/icyphy/ptII/ptolemy/actor/lib/test/auto/logic.xml
2 ms. Memory: 1677824K Free: 1427775K (85%)
----------------- Invoking toplevel() on ptolemy.moml.MoMLSimpleApplication@4a85ea61
----------------- Done invoking toplevel() on ptolemy.moml.MoMLSimpleApplication@4a85ea61
reloadAllAccessors: .logic

===========================================================================================
----------------- testing Sun Sep 23 02:12:37 UTC 2018 /home/travis/build/icyphy/ptII/ptolemy/actor/lib/test/auto/matrixType.xml
----------------- Instantiating /home/travis/build/icyphy/ptII/ptolemy/actor/lib/test/auto/matrixType.xml
2 ms. Memory: 1677824K Free: 1408711K (84%)
----------------- Invoking toplevel() on ptolemy.moml.MoMLSimpleApplication@15f82677
----------------- Done invoking toplevel() on ptolemy.moml.MoMLSimpleApplication@15f82677
reloadAllAccessors: .matrixType

===========================================================================================
----------------- testing Sun Sep 23 02:12:37 UTC 2018 /home/travis/build/icyphy/ptII/ptolemy/actor/lib/test/auto/matrixType10.xml
----------------- Instantiating /home/travis/build/icyphy/ptII/ptolemy/actor/lib/test/auto/matrixType10.xml
2 ms. Memory: 1677824K Free: 1389646K (83%)
----------------- Invoking toplevel() on ptolemy.moml.MoMLSimpleApplication@3bbfc9b7
----------------- Done invoking toplevel() on ptolemy.moml.MoMLSimpleApplication@3bbfc9b7
reloadAllAccessors: .matrixType10

===========================================================================================
----------------- testing Sun Sep 23 02:12:37 UTC 2018 /home/travis/build/icyphy/ptII/ptolemy/actor/lib/test/auto/matrixType11.xml
----------------- Instantiating /home/travis/build/icyphy/ptII/ptolemy/actor/lib/test/auto/matrixType11.xml
1 ms. Memory: 1677824K Free: 1373989K (82%)
----------------- Invoking toplevel() on ptolemy.moml.MoMLSimpleApplication@564fb20a
----------------- Done invoking toplevel() on ptolemy.moml.MoMLSimpleApplication@564fb20a
reloadAllAccessors: .matrixType11

===========================================================================================
----------------- testing Sun Sep 23 02:12:37 UTC 2018 /home/travis/build/icyphy/ptII/ptolemy/actor/lib/test/auto/matrixType12.xml
----------------- Instantiating /home/travis/build/icyphy/ptII/ptolemy/actor/lib/test/auto/matrixType12.xml
1 ms. Memory: 1677824K Free: 1354925K (81%)
----------------- Invoking toplevel() on ptolemy.moml.MoMLSimpleApplication@36c45fd7
----------------- Done invoking toplevel() on ptolemy.moml.MoMLSimpleApplication@36c45fd7
reloadAllAccessors: .matrixType12

===========================================================================================
----------------- testing Sun Sep 23 02:12:37 UTC 2018 /home/travis/build/icyphy/ptII/ptolemy/actor/lib/test/auto/matrixType13.xml
----------------- Instantiating /home/travis/build/icyphy/ptII/ptolemy/actor/lib/test/auto/matrixType13.xml
1 ms. Memory: 1677824K Free: 1335861K (80%)
----------------- Invoking toplevel() on ptolemy.moml.MoMLSimpleApplication@762c4f55
----------------- Done invoking toplevel() on ptolemy.moml.MoMLSimpleApplication@762c4f55
reloadAllAccessors: .matrixType13

===========================================================================================
----------------- testing Sun Sep 23 02:12:37 UTC 2018 /home/travis/build/icyphy/ptII/ptolemy/actor/lib/test/auto/matrixType14.xml
----------------- Instantiating /home/travis/build/icyphy/ptII/ptolemy/actor/lib/test/auto/matrixType14.xml
1 ms. Memory: 1677824K Free: 1316796K (78%)
----------------- Invoking toplevel() on ptolemy.moml.MoMLSimpleApplication@72a5e796
----------------- Done invoking toplevel() on ptolemy.moml.MoMLSimpleApplication@72a5e796
reloadAllAccessors: .matrixType14

===========================================================================================
----------------- testing Sun Sep 23 02:12:37 UTC 2018 /home/travis/build/icyphy/ptII/ptolemy/actor/lib/test/auto/matrixType2.xml
----------------- Instantiating /home/travis/build/icyphy/ptII/ptolemy/actor/lib/test/auto/matrixType2.xml
1 ms. Memory: 1677824K Free: 1297732K (77%)
----------------- Invoking toplevel() on ptolemy.moml.MoMLSimpleApplication@278208ae
----------------- Done invoking toplevel() on ptolemy.moml.MoMLSimpleApplication@278208ae
reloadAllAccessors: .matrixType2

===========================================================================================
----------------- testing Sun Sep 23 02:12:37 UTC 2018 /home/travis/build/icyphy/ptII/ptolemy/actor/lib/test/auto/matrixType3.xml
----------------- Instantiating /home/travis/build/icyphy/ptII/ptolemy/actor/lib/test/auto/matrixType3.xml
2 ms. Memory: 1677824K Free: 1282075K (76%)
----------------- Invoking toplevel() on ptolemy.moml.MoMLSimpleApplication@5e2e1ce5
----------------- Done invoking toplevel() on ptolemy.moml.MoMLSimpleApplication@5e2e1ce5
reloadAllAccessors: .matrixType3

===========================================================================================
----------------- testing Sun Sep 23 02:12:37 UTC 2018 /home/travis/build/icyphy/ptII/ptolemy/actor/lib/test/auto/matrixType4.xml
----------------- Instantiating /home/travis/build/icyphy/ptII/ptolemy/actor/lib/test/auto/matrixType4.xml
1 ms. Memory: 1677824K Free: 1263011K (75%)
----------------- Invoking toplevel() on ptolemy.moml.MoMLSimpleApplication@d4fe59f
----------------- Done invoking toplevel() on ptolemy.moml.MoMLSimpleApplication@d4fe59f
reloadAllAccessors: .matrixType4

===========================================================================================
----------------- testing Sun Sep 23 02:12:37 UTC 2018 /home/travis/build/icyphy/ptII/ptolemy/actor/lib/test/auto/matrixType5.xml
----------------- Instantiating /home/travis/build/icyphy/ptII/ptolemy/actor/lib/test/auto/matrixType5.xml
1 ms. Memory: 1677824K Free: 1243946K (74%)
----------------- Invoking toplevel() on ptolemy.moml.MoMLSimpleApplication@1b6c7a94
----------------- Done invoking toplevel() on ptolemy.moml.MoMLSimpleApplication@1b6c7a94
reloadAllAccessors: .matrixType5

===========================================================================================
----------------- testing Sun Sep 23 02:12:37 UTC 2018 /home/travis/build/icyphy/ptII/ptolemy/actor/lib/test/auto/matrixType6.xml
----------------- Instantiating /home/travis/build/icyphy/ptII/ptolemy/actor/lib/test/auto/matrixType6.xml
1 ms. Memory: 1677824K Free: 1224882K (73%)
----------------- Invoking toplevel() on ptolemy.moml.MoMLSimpleApplication@570a451e
----------------- Done invoking toplevel() on ptolemy.moml.MoMLSimpleApplication@570a451e
reloadAllAccessors: .matrixType6

===========================================================================================
----------------- testing Sun Sep 23 02:12:37 UTC 2018 /home/travis/build/icyphy/ptII/ptolemy/actor/lib/test/auto/matrixType7.xml
----------------- Instantiating /home/travis/build/icyphy/ptII/ptolemy/actor/lib/test/auto/matrixType7.xml
1 ms. Memory: 1677824K Free: 1209225K (72%)
----------------- Invoking toplevel() on ptolemy.moml.MoMLSimpleApplication@30906951
----------------- Done invoking toplevel() on ptolemy.moml.MoMLSimpleApplication@30906951
reloadAllAccessors: .matrixType7

===========================================================================================
----------------- testing Sun Sep 23 02:12:37 UTC 2018 /home/travis/build/icyphy/ptII/ptolemy/actor/lib/test/auto/matrixType8.xml
----------------- Instantiating /home/travis/build/icyphy/ptII/ptolemy/actor/lib/test/auto/matrixType8.xml
2 ms. Memory: 1677824K Free: 1190160K (71%)
----------------- Invoking toplevel() on ptolemy.moml.MoMLSimpleApplication@5095e02
----------------- Done invoking toplevel() on ptolemy.moml.MoMLSimpleApplication@5095e02
reloadAllAccessors: .matrixType8

===========================================================================================
----------------- testing Sun Sep 23 02:12:37 UTC 2018 /home/travis/build/icyphy/ptII/ptolemy/actor/lib/test/auto/matrixType9.xml
----------------- Instantiating /home/travis/build/icyphy/ptII/ptolemy/actor/lib/test/auto/matrixType9.xml
1 ms. Memory: 1677824K Free: 1171096K (70%)
----------------- Invoking toplevel() on ptolemy.moml.MoMLSimpleApplication@320a2ec5
----------------- Done invoking toplevel() on ptolemy.moml.MoMLSimpleApplication@320a2ec5
reloadAllAccessors: .matrixType9

===========================================================================================
----------------- testing Sun Sep 23 02:12:37 UTC 2018 /home/travis/build/icyphy/ptII/ptolemy/actor/lib/test/auto/paraFunctest.xml
----------------- Instantiating /home/travis/build/icyphy/ptII/ptolemy/actor/lib/test/auto/paraFunctest.xml
2 ms. Memory: 1677824K Free: 1152031K (69%)
----------------- Invoking toplevel() on ptolemy.moml.MoMLSimpleApplication@1e30bff3
----------------- Done invoking toplevel() on ptolemy.moml.MoMLSimpleApplication@1e30bff3
reloadAllAccessors: .paraFunctest

===========================================================================================
----------------- testing Sun Sep 23 02:12:37 UTC 2018 /home/travis/build/icyphy/ptII/ptolemy/actor/lib/test/auto/paraFunctest2.xml
----------------- Instantiating /home/travis/build/icyphy/ptII/ptolemy/actor/lib/test/auto/paraFunctest2.xml
1 ms. Memory: 1677824K Free: 1136375K (68%)
----------------- Invoking toplevel() on ptolemy.moml.MoMLSimpleApplication@d173b5f
----------------- Done invoking toplevel() on ptolemy.moml.MoMLSimpleApplication@d173b5f
reloadAllAccessors: .paraFunctest2

===========================================================================================
----------------- testing Sun Sep 23 02:12:37 UTC 2018 /home/travis/build/icyphy/ptII/ptolemy/actor/lib/test/auto/parameterPassing.xml
----------------- Instantiating /home/travis/build/icyphy/ptII/ptolemy/actor/lib/test/auto/parameterPassing.xml
1 ms. Memory: 1677824K Free: 1117310K (67%)
----------------- Invoking toplevel() on ptolemy.moml.MoMLSimpleApplication@1b3b9b10
----------------- Done invoking toplevel() on ptolemy.moml.MoMLSimpleApplication@1b3b9b10
reloadAllAccessors: .parameterPassing

===========================================================================================
----------------- testing Sun Sep 23 02:12:37 UTC 2018 /home/travis/build/icyphy/ptII/ptolemy/actor/lib/test/auto/record.xml
----------------- Instantiating /home/travis/build/icyphy/ptII/ptolemy/actor/lib/test/auto/record.xml
2 ms. Memory: 1677824K Free: 1098246K (65%)
----------------- Invoking toplevel() on ptolemy.moml.MoMLSimpleApplication@7a5237ec
----------------- Done invoking toplevel() on ptolemy.moml.MoMLSimpleApplication@7a5237ec
reloadAllAccessors: .record

===========================================================================================
----------------- testing Sun Sep 23 02:12:37 UTC 2018 /home/travis/build/icyphy/ptII/ptolemy/actor/lib/test/auto/sizedarray1.xml
----------------- Instantiating /home/travis/build/icyphy/ptII/ptolemy/actor/lib/test/auto/sizedarray1.xml
1 ms. Memory: 1677824K Free: 1079181K (64%)
----------------- Invoking toplevel() on ptolemy.moml.MoMLSimpleApplication@80b1845
----------------- Done invoking toplevel() on ptolemy.moml.MoMLSimpleApplication@80b1845
reloadAllAccessors: .sizedarray1

===========================================================================================
----------------- testing Sun Sep 23 02:12:37 UTC 2018 /home/travis/build/icyphy/ptII/ptolemy/actor/lib/test/auto/sizedarray2.xml
----------------- Instantiating /home/travis/build/icyphy/ptII/ptolemy/actor/lib/test/auto/sizedarray2.xml
1 ms. Memory: 1677824K Free: 1060117K (63%)
----------------- Invoking toplevel() on ptolemy.moml.MoMLSimpleApplication@6c1a25a9
----------------- Done invoking toplevel() on ptolemy.moml.MoMLSimpleApplication@6c1a25a9
reloadAllAccessors: .sizedarray2

===========================================================================================
----------------- testing Sun Sep 23 02:12:37 UTC 2018 /home/travis/build/icyphy/ptII/ptolemy/actor/lib/test/auto/twoPublishers.xml
----------------- Instantiating /home/travis/build/icyphy/ptII/ptolemy/actor/lib/test/auto/twoPublishers.xml
2 ms. Memory: 1677824K Free: 1036616K (62%)
----------------- Invoking toplevel() on ptolemy.moml.MoMLSimpleApplication@7272c612
----------------- Done invoking toplevel() on ptolemy.moml.MoMLSimpleApplication@7272c612
reloadAllAccessors: .twoPublishers
AutoTests.java: About to close Vertx.
AutoTests.java: Vertx closed.
]]></system-out>
  <system-err><![CDATA[java.lang.RuntimeException: Execution failed
	at ptolemy.moml.MoMLSimpleApplication$UnloadThread.run(MoMLSimpleApplication.java:402)
Caused by: java.lang.RuntimeException: Normally, we would exit here because Manager.exitAfterWrapup() was called.  However, because the ptolemy.ptII.exitAfterWrapup property is set, we throw this exception instead.
	at ptolemy.util.StringUtilities.exit(StringUtilities.java:363)
	at ptolemy.actor.Manager.wrapup(Manager.java:1531)
	at ptolemy.actor.Manager.execute(Manager.java:407)
	at ptolemy.actor.Manager.run(Manager.java:1263)
	at ptolemy.actor.Manager$PtolemyRunThread.run(Manager.java:1915)
Warning: '.top.test' is in training mode, set the trainingMode parameter to false before checking in
Warning: '.top.test' is in training mode, set the trainingMode parameter to false before checking in
Warning: '.top.test' is in training mode, set the trainingMode parameter to false before checking in
Warning: '.BooleanSwitch_RegressionTest_WrongTrainingValues.Test' is in training mode, set the trainingMode parameter to false before checking in
Warning: '.BooleanSwitch_RegressionTest_WrongTrainingValues.Test2' is in training mode, set the trainingMode parameter to false before checking in
Warning: '.BooleanSwitch_RegressionTest_WrongTrainingValues.Test2' The test produced 0 tokens.
Warning: '.top.testExceptionHandler' is in training mode, set the trainingMode parameter to false before checking in
java.lang.RuntimeException: Execution failed
	at ptolemy.moml.MoMLSimpleApplication$UnloadThread.run(MoMLSimpleApplication.java:402)
Caused by: ptolemy.kernel.util.IllegalActionException: PublisherPorts cannot be used at the top level, use a Publisher actor instead.
  in .PublisherPortToplevelSubscriber.PublisherPort
	at ptolemy.actor.PublisherPort.preinitialize(PublisherPort.java:403)
	at ptolemy.actor.CompositeActor.preinitialize(CompositeActor.java:1769)
	at ptolemy.actor.Manager.preinitializeAndResolveTypes(Manager.java:1040)
	at ptolemy.actor.Manager.initialize(Manager.java:710)
	at ptolemy.actor.Manager.execute(Manager.java:356)
	at ptolemy.actor.Manager.run(Manager.java:1263)
	at ptolemy.actor.Manager$PtolemyRunThread.run(Manager.java:1915)
java.lang.reflect.InvocationTargetException
	at sun.reflect.NativeConstructorAccessorImpl.newInstance0(Native Method)
	at sun.reflect.NativeConstructorAccessorImpl.newInstance(NativeConstructorAccessorImpl.java:62)
	at sun.reflect.DelegatingConstructorAccessorImpl.newInstance(DelegatingConstructorAccessorImpl.java:45)
	at java.lang.reflect.Constructor.newInstance(Constructor.java:423)
	at ptolemy.util.test.junit.AutoKnownFailedTests.RunModel(AutoKnownFailedTests.java:107)
	at sun.reflect.NativeMethodAccessorImpl.invoke0(Native Method)
	at sun.reflect.NativeMethodAccessorImpl.invoke(NativeMethodAccessorImpl.java:62)
	at sun.reflect.DelegatingMethodAccessorImpl.invoke(DelegatingMethodAccessorImpl.java:43)
	at java.lang.reflect.Method.invoke(Method.java:498)
	at org.junit.runners.model.FrameworkMethod$1.runReflectiveCall(FrameworkMethod.java:44)
	at org.junit.internal.runners.model.ReflectiveCallable.run(ReflectiveCallable.java:15)
	at org.junit.runners.model.FrameworkMethod.invokeExplosively(FrameworkMethod.java:41)
	at junitparams.internal.InvokeParameterisedMethod.evaluate(InvokeParameterisedMethod.java:102)
	at org.junit.internal.runners.statements.FailOnTimeout$1.run(FailOnTimeout.java:28)
Caused by: ptolemy.kernel.util.IllegalActionException: PublisherPorts cannot be used at the top level, use a Publisher actor instead.
  in .PublisherPortToplevelSubscriber.PublisherPort
	at ptolemy.actor.PublisherPort.preinitialize(PublisherPort.java:403)
	at ptolemy.actor.CompositeActor.preinitialize(CompositeActor.java:1769)
	at ptolemy.actor.Manager.preinitializeAndResolveTypes(Manager.java:1040)
	at ptolemy.actor.Manager.initialize(Manager.java:710)
	at ptolemy.actor.Manager.execute(Manager.java:356)
	at ptolemy.actor.Manager.run(Manager.java:1263)
	at ptolemy.actor.Manager$PtolemyRunThread.run(Manager.java:1915)
java.lang.RuntimeException: Execution failed
	at ptolemy.moml.MoMLSimpleApplication$UnloadThread.run(MoMLSimpleApplication.java:402)
Caused by: ptolemy.kernel.util.IllegalActionException: SubscriberPorts cannot be used at the top level, use a Subscriber actor instead.
  in .PublisherSubscriberPortToplevel.SubscriberPort
	at ptolemy.actor.SubscriberPort.preinitialize(SubscriberPort.java:328)
	at ptolemy.actor.CompositeActor.preinitialize(CompositeActor.java:1769)
	at ptolemy.actor.Manager.preinitializeAndResolveTypes(Manager.java:1040)
	at ptolemy.actor.Manager.initialize(Manager.java:710)
	at ptolemy.actor.Manager.execute(Manager.java:356)
	at ptolemy.actor.Manager.run(Manager.java:1263)
	at ptolemy.actor.Manager$PtolemyRunThread.run(Manager.java:1915)
java.lang.reflect.InvocationTargetException
	at sun.reflect.NativeConstructorAccessorImpl.newInstance0(Native Method)
	at sun.reflect.NativeConstructorAccessorImpl.newInstance(NativeConstructorAccessorImpl.java:62)
	at sun.reflect.DelegatingConstructorAccessorImpl.newInstance(DelegatingConstructorAccessorImpl.java:45)
	at java.lang.reflect.Constructor.newInstance(Constructor.java:423)
	at ptolemy.util.test.junit.AutoKnownFailedTests.RunModel(AutoKnownFailedTests.java:107)
	at sun.reflect.NativeMethodAccessorImpl.invoke0(Native Method)
	at sun.reflect.NativeMethodAccessorImpl.invoke(NativeMethodAccessorImpl.java:62)
	at sun.reflect.DelegatingMethodAccessorImpl.invoke(DelegatingMethodAccessorImpl.java:43)
	at java.lang.reflect.Method.invoke(Method.java:498)
	at org.junit.runners.model.FrameworkMethod$1.runReflectiveCall(FrameworkMethod.java:44)
	at org.junit.internal.runners.model.ReflectiveCallable.run(ReflectiveCallable.java:15)
	at org.junit.runners.model.FrameworkMethod.invokeExplosively(FrameworkMethod.java:41)
	at junitparams.internal.InvokeParameterisedMethod.evaluate(InvokeParameterisedMethod.java:102)
	at org.junit.internal.runners.statements.FailOnTimeout$1.run(FailOnTimeout.java:28)
Caused by: ptolemy.kernel.util.IllegalActionException: SubscriberPorts cannot be used at the top level, use a Subscriber actor instead.
  in .PublisherSubscriberPortToplevel.SubscriberPort
	at ptolemy.actor.SubscriberPort.preinitialize(SubscriberPort.java:328)
	at ptolemy.actor.CompositeActor.preinitialize(CompositeActor.java:1769)
	at ptolemy.actor.Manager.preinitializeAndResolveTypes(Manager.java:1040)
	at ptolemy.actor.Manager.initialize(Manager.java:710)
	at ptolemy.actor.Manager.execute(Manager.java:356)
	at ptolemy.actor.Manager.run(Manager.java:1263)
	at ptolemy.actor.Manager$PtolemyRunThread.run(Manager.java:1915)
java.lang.RuntimeException: Execution failed
	at ptolemy.moml.MoMLSimpleApplication$UnloadThread.run(MoMLSimpleApplication.java:402)
Caused by: ptolemy.kernel.util.IllegalActionException: SubscriptionAggregatorPorts cannot be used at the top level, use a SubscriptionAggregator actor instead.
  in .PublisherSubscriptionAggregatorPort.SubscriptionAggregatorPort
	at ptolemy.actor.SubscriptionAggregatorPort.preinitialize(SubscriptionAggregatorPort.java:353)
	at ptolemy.actor.CompositeActor.preinitialize(CompositeActor.java:1769)
	at ptolemy.actor.Manager.preinitializeAndResolveTypes(Manager.java:1040)
	at ptolemy.actor.Manager.initialize(Manager.java:710)
	at ptolemy.actor.Manager.execute(Manager.java:356)
	at ptolemy.actor.Manager.run(Manager.java:1263)
	at ptolemy.actor.Manager$PtolemyRunThread.run(Manager.java:1915)
java.lang.reflect.InvocationTargetException
	at sun.reflect.NativeConstructorAccessorImpl.newInstance0(Native Method)
	at sun.reflect.NativeConstructorAccessorImpl.newInstance(NativeConstructorAccessorImpl.java:62)
	at sun.reflect.DelegatingConstructorAccessorImpl.newInstance(DelegatingConstructorAccessorImpl.java:45)
	at java.lang.reflect.Constructor.newInstance(Constructor.java:423)
	at ptolemy.util.test.junit.AutoKnownFailedTests.RunModel(AutoKnownFailedTests.java:107)
	at sun.reflect.NativeMethodAccessorImpl.invoke0(Native Method)
	at sun.reflect.NativeMethodAccessorImpl.invoke(NativeMethodAccessorImpl.java:62)
	at sun.reflect.DelegatingMethodAccessorImpl.invoke(DelegatingMethodAccessorImpl.java:43)
	at java.lang.reflect.Method.invoke(Method.java:498)
	at org.junit.runners.model.FrameworkMethod$1.runReflectiveCall(FrameworkMethod.java:44)
	at org.junit.internal.runners.model.ReflectiveCallable.run(ReflectiveCallable.java:15)
	at org.junit.runners.model.FrameworkMethod.invokeExplosively(FrameworkMethod.java:41)
	at junitparams.internal.InvokeParameterisedMethod.evaluate(InvokeParameterisedMethod.java:102)
	at org.junit.internal.runners.statements.FailOnTimeout$1.run(FailOnTimeout.java:28)
Caused by: ptolemy.kernel.util.IllegalActionException: SubscriptionAggregatorPorts cannot be used at the top level, use a SubscriptionAggregator actor instead.
  in .PublisherSubscriptionAggregatorPort.SubscriptionAggregatorPort
	at ptolemy.actor.SubscriptionAggregatorPort.preinitialize(SubscriptionAggregatorPort.java:353)
	at ptolemy.actor.CompositeActor.preinitialize(CompositeActor.java:1769)
	at ptolemy.actor.Manager.preinitializeAndResolveTypes(Manager.java:1040)
	at ptolemy.actor.Manager.initialize(Manager.java:710)
	at ptolemy.actor.Manager.execute(Manager.java:356)
	at ptolemy.actor.Manager.run(Manager.java:1263)
	at ptolemy.actor.Manager$PtolemyRunThread.run(Manager.java:1915)
java.lang.RuntimeException: Execution failed
	at ptolemy.moml.MoMLSimpleApplication$UnloadThread.run(MoMLSimpleApplication.java:402)
Caused by: ptolemy.kernel.util.IllegalActionException: TypeTest actor has no training data.
  in .sizedarray3.TypeTest
	at ptolemy.actor.lib.TypeTest.initialize(TypeTest.java:250)
	at ptolemy.actor.Director.initialize(Director.java:938)
	at ptolemy.actor.Director.initialize(Director.java:907)
	at ptolemy.actor.sched.StaticSchedulingDirector.initialize(StaticSchedulingDirector.java:159)
	at ptolemy.domains.sdf.kernel.SDFDirector.initialize(SDFDirector.java:544)
	at ptolemy.actor.CompositeActor.initialize(CompositeActor.java:935)
	at ptolemy.actor.Manager.initialize(Manager.java:724)
	at ptolemy.actor.Manager.execute(Manager.java:356)
	at ptolemy.actor.Manager.run(Manager.java:1263)
	at ptolemy.actor.Manager$PtolemyRunThread.run(Manager.java:1915)
java.lang.reflect.InvocationTargetException
	at sun.reflect.NativeConstructorAccessorImpl.newInstance0(Native Method)
	at sun.reflect.NativeConstructorAccessorImpl.newInstance(NativeConstructorAccessorImpl.java:62)
	at sun.reflect.DelegatingConstructorAccessorImpl.newInstance(DelegatingConstructorAccessorImpl.java:45)
	at java.lang.reflect.Constructor.newInstance(Constructor.java:423)
	at ptolemy.util.test.junit.AutoKnownFailedTests.RunModel(AutoKnownFailedTests.java:107)
	at sun.reflect.NativeMethodAccessorImpl.invoke0(Native Method)
	at sun.reflect.NativeMethodAccessorImpl.invoke(NativeMethodAccessorImpl.java:62)
	at sun.reflect.DelegatingMethodAccessorImpl.invoke(DelegatingMethodAccessorImpl.java:43)
	at java.lang.reflect.Method.invoke(Method.java:498)
	at org.junit.runners.model.FrameworkMethod$1.runReflectiveCall(FrameworkMethod.java:44)
	at org.junit.internal.runners.model.ReflectiveCallable.run(ReflectiveCallable.java:15)
	at org.junit.runners.model.FrameworkMethod.invokeExplosively(FrameworkMethod.java:41)
	at junitparams.internal.InvokeParameterisedMethod.evaluate(InvokeParameterisedMethod.java:102)
	at org.junit.internal.runners.statements.FailOnTimeout$1.run(FailOnTimeout.java:28)
Caused by: ptolemy.kernel.util.IllegalActionException: TypeTest actor has no training data.
  in .sizedarray3.TypeTest
	at ptolemy.actor.lib.TypeTest.initialize(TypeTest.java:250)
	at ptolemy.actor.Director.initialize(Director.java:938)
	at ptolemy.actor.Director.initialize(Director.java:907)
	at ptolemy.actor.sched.StaticSchedulingDirector.initialize(StaticSchedulingDirector.java:159)
	at ptolemy.domains.sdf.kernel.SDFDirector.initialize(SDFDirector.java:544)
	at ptolemy.actor.CompositeActor.initialize(CompositeActor.java:935)
	at ptolemy.actor.Manager.initialize(Manager.java:724)
	at ptolemy.actor.Manager.execute(Manager.java:356)
	at ptolemy.actor.Manager.run(Manager.java:1263)
	at ptolemy.actor.Manager$PtolemyRunThread.run(Manager.java:1915)
ptolemy.kernel.util.InternalErrorException: Exec Stdout Gobbler-4: Failed while reading from java.lang.UNIXProcess$ProcessPipeInputStream@3fac0681. To avoid this, try setting the ignoreIOExceptionReadErrors parameter to true.null
  in .ExecEnvironment.Exec
Because:
Stream closed
	at ptolemy.actor.lib.Exec$_StreamReaderThread._read(Exec.java:762)
	at ptolemy.actor.lib.Exec$_StreamReaderThread.run(Exec.java:706)
Caused by: java.io.IOException: Stream closed
	at sun.nio.cs.StreamDecoder.ensureOpen(StreamDecoder.java:46)
	at sun.nio.cs.StreamDecoder.read(StreamDecoder.java:148)
	at java.io.InputStreamReader.read(InputStreamReader.java:184)
	at ptolemy.actor.lib.Exec$_StreamReaderThread._read(Exec.java:724)
	... 1 more
Caused by: java.io.IOException: Stream closed
	at sun.nio.cs.StreamDecoder.ensureOpen(StreamDecoder.java:46)
	at sun.nio.cs.StreamDecoder.read(StreamDecoder.java:148)
	at java.io.InputStreamReader.read(InputStreamReader.java:184)
	at ptolemy.actor.lib.Exec$_StreamReaderThread._read(Exec.java:724)
	at ptolemy.actor.lib.Exec$_StreamReaderThread.run(Exec.java:706)
]]></system-err>
</testsuite>
