<?xml version="1.0" encoding="UTF-8" ?>
<testsuite errors="0" failures="0" hostname="travis-job-5b26ffbc-6212-4350-8b19-c34a9e39e56d" name="ptolemy.domains.de.test.junit.JUnitTclTest" skipped="0" tests="101" time="121.279" timestamp="2020-01-03T05:41:24">
  <properties>
    <property name="npm.executable" value="npm" />
    <property name="env.TRAVIS_ROOT" value="/" />
    <property name="ptII.mk.exists" value="true" />
    <property name="env.TRAVIS_APP_HOST" value="build.travis-ci.org" />
    <property name="env.rvm_bin_path" value="/home/travis/.rvm/bin" />
    <property name="java.home" value="/usr/local/lib/jvm/openjdk11" />
    <property name="env.TRAVIS_JOB_NUMBER" value="1452.9" />
    <property name="env.TRAVIS_HOME" value="/home/travis" />
    <property name="env.DISPLAY" value=":99.0" />
    <property name="env.TRAVIS_INIT" value="systemd" />
    <property name="env.SSH_TTY" value="/dev/pts/0" />
    <property name="java.net.preferIPv4Stack" value="true" />
    <property name="env.RUN_TESTS" value="true" />
    <property name="timeout.short" value="1000000" />
    <property name="junit.formatter" value="xml" />
    <property name="env.TRAVIS_SUDO" value="true" />
    <property name="env.TRAVIS_JOB_NAME" value="" />
    <property name="env.TRAVIS_STACK_NODE_ATTRIBUTES" value="/.node-attributes.yml" />
    <property name="env.LOGNAME" value="travis" />
    <property name="jsdoc.home" value="node_modules/@terraswarm/jsdoc" />
    <property name="debuglevel" value="source,lines,vars" />
    <property name="checkstyle.formatter" value="xml" />
    <property name="env._system_version" value="16.04" />
    <property name="bin.vergil.makeable" value="true" />
    <property name="sun.os.patch.level" value="unknown" />
    <property name="java.vendor.url" value="http://java.oracle.com/" />
    <property name="env.TRAVIS_BUILD_WEB_URL" value="https://travis-ci.org/icyphy/ptII/builds/632158352" />
    <property name="java.version" value="11.0.2" />
    <property name="env.TZ" value="UTC" />
    <property name="env.TRAVIS_PULL_REQUEST_SHA" value="" />
    <property name="env.PT_NO_NET" value="true" />
    <property name="env.TRAVIS_SECURE_ENV_VARS" value="true" />
    <property name="env._system_type" value="Linux" />
    <property name="java.vendor.url.bug" value="http://bugreport.java.com/bugreport/" />
    <property name="npmjs-org-is-up" value="true" />
    <property name="env.LANGUAGE" value="en_US.UTF-8" />
    <property name="env.SSH_CLIENT" value="10.52.1.78 43008 22" />
    <property name="env.GEM_HOME" value="/home/travis/.rvm/gems/ruby-2.5.3" />
    <property name="env.HAS_ANTARES_THREE_LITTLE_FRONZIES_BADGE" value="true" />
    <property name="java.version.date" value="2019-01-15" />
    <property name="env.PS4" value="+" />
    <property name="ant.project.invoked-targets" value="build,test.core2.xml" />
    <property name="env.TRAVIS_PULL_REQUEST_BRANCH" value="" />
    <property name="env.TRAVIS_REPO_SLUG" value="icyphy/ptII" />
    <property name="env.XDG_DATA_DIRS" value="/usr/local/share:/usr/share:/var/lib/snapd/desktop" />
    <property name="jdk.debug" value="release" />
    <property name="env.TRAVIS_APT_PROXY" value="http://build-cache.travisci.net" />
    <property name="env.TRAVIS_CPU_ARCH" value="amd64" />
    <property name="node.in.path" value="true" />
    <property name="user.name" value="travis" />
    <property name="java.maxmemory" value="1400m" />
    <property name="env.RUBY_VERSION" value="ruby-2.5.3" />
    <property name="env.LANG" value="en_US.UTF-8" />
    <property name="sun.io.unicode.encoding" value="UnicodeLittle" />
    <property name="sun.jnu.encoding" value="UTF-8" />
    <property name="java.runtime.name" value="OpenJDK Runtime Environment" />
    <property name="usefile" value="false" />
    <property name="return.code" value="0" />
    <property name="junit.single.formatter" value="plain" />
    <property name="env.DYLD_LIBRARY_PATH" value="/home/travis/pthla/certi-tools/lib:" />
    <property name="env.DEBIAN_FRONTEND" value="noninteractive" />
    <property name="env.SSH_CONNECTION" value="10.52.1.78 43008 10.20.0.77 22" />
    <property name="env.MYSQL_UNIX_PORT" value="/var/run/mysqld/mysqld.sock" />
    <property name="env.LC_ALL" value="en_US.UTF-8" />
    <property name="env.TRAVIS_ALLOW_FAILURE" value="false" />
    <property name="env.TRAVIS_JOB_WEB_URL" value="https://travis-ci.org/icyphy/ptII/jobs/632158374" />
    <property name="java.specification.name" value="Java Platform API Specification" />
    <property name="node.works" value="true" />
    <property name="user.timezone" value="" />
    <property name="path.separator" value=":" />
    <property name="env.TRAVIS_ENABLE_INFRA_DETECTION" value="true" />
    <property name="env.PYTHON_CFLAGS" value="-g -fstack-protector --param=ssp-buffer-size=4 -Wformat -Werror=format-security" />
    <property name="timeout.long" value="4000000" />
    <property name="env.CERTI_HOME" value="/home/travis/pthla/certi-tools" />
    <property name="ant.file.ptII" value="/home/travis/build/icyphy/ptII/build.xml" />
    <property name="javadoc.packagenames" value="com.*,diva.*,lbnl.*,org.hlacerti.*,org.json.*,org.ptolemy.*,org.terraswarm.*,ptolemy.*,ptserver.*" />
    <property name="file.encoding" value="UTF-8" />
    <property name="env.TRAVIS_PULL_REQUEST_SLUG" value="" />
    <property name="ant.project.default-target" value="build" />
    <property name="env.GIT_ASKPASS" value="echo" />
    <property name="env.HOME" value="/home/travis" />
    <property name="sun.java.command" value="org.apache.tools.ant.taskdefs.optional.junit.JUnitTestRunner ptolemy.domains.de.test.junit.JUnitTclTest skipNonTests=false filtertrace=true haltOnError=false haltOnFailure=false formatter=org.apache.tools.ant.taskdefs.optional.junit.OutErrSummaryJUnitResultFormatter showoutput=true outputtoformatters=true logfailedtests=true threadid=0 logtestlistenerevents=false formatter=org.apache.tools.ant.taskdefs.optional.junit.XMLJUnitResultFormatter,/home/travis/build/icyphy/ptII/reports/junit/TEST-ptolemy.domains.de.test.junit.JUnitTclTest.xml crashfile=/home/travis/build/icyphy/ptII/junitvmwatcher8423022416250275684.properties propsfile=/home/travis/build/icyphy/ptII/junit12779802974225712630.properties" />
    <property name="env.COMPOSER_NO_INTERACTION" value="1" />
    <property name="env.MANPATH" value="/home/travis/.nvm/versions/node/v7.10.1/share/man:/home/travis/.rvm/rubies/ruby-2.5.3/share/man:/usr/local/cmake-3.12.4/man:/usr/local/clang-7.0.0/share/man:/usr/local/man:/usr/local/share/man:/usr/share/man:/home/travis/.rvm/man" />
    <property name="env.TRAVIS_TIMER_ID" value="1c2406a4" />
    <property name="ant.file" value="/home/travis/build/icyphy/ptII/build.xml" />
    <property name="env.TRAVIS_COMMIT_RANGE" value="0619398bc940...890f7d9fe666" />
    <property name="env._system_name" value="Ubuntu" />
    <property name="ptII.classpath.optional.property" value="/home/travis/build/icyphy/ptII/lib/bsh-2.0b4.jar:/home/travis/build/icyphy/ptII/lib/ptCal.jar:/home/travis/build/icyphy/ptII/lib/java_cup.jar:/home/travis/build/icyphy/ptII/lib/saxon8.jar:/home/travis/build/icyphy/ptII/lib/saxon8-dom.jar:/home/travis/build/icyphy/ptII/lib/chic.jar:/home/travis/build/icyphy/ptII/lib/ptcolt.jar:/home/travis/build/icyphy/ptII/vendors/misc/itext/iText.jar:/home/travis/build/icyphy/ptII/lib/g4ltl.jar:/home/travis/build/icyphy/ptII/lib/StructuralCoder.jar:/home/travis/build/icyphy/ptII/lib/jcerti.jar:/home/travis/build/icyphy/ptII/lib/javax.mail.jar:/home/travis/build/icyphy/ptII/vendors/JMF-2.1.1e/lib/jmf.jar:/home/travis/build/icyphy/ptII/lib/jna-4.0.0-variadic.jar:/home/travis/build/icyphy/ptII/vendors/misc/joystick/Joystick.jar:/home/travis/build/icyphy/ptII/lib/ptjacl.jar:/home/travis/build/icyphy/ptII/lib/jsoup-1.8.2.jar:/home/travis/build/icyphy/ptII/lib/junit-4.8.2.jar:/home/travis/build/icyphy/ptII/lib/JUnitParams-0.4.0.jar:/home/travis/build/icyphy/ptII/ptolemy/actor/lib/excel/jxl.jar:/home/travis/build/icyphy/ptII/lib/jython.jar:/home/travis/build/icyphy/ptII/lib/kieler.jar:/home/travis/build/icyphy/ptII/vendors/opencv/share/OpenCV/java/opencv-341.jar:/home/travis/build/icyphy/ptII/lib/oscP5.jar:/home/travis/build/icyphy/ptII/lib/nrjavaserial-3.11.0.devel.jar:/home/travis/build/icyphy/ptII/vendors/j3d/lib/Linux/j3dcore.jar:/home/travis/build/icyphy/ptII/vendors/j3d/lib/Linux/j3dutils.jar:/home/travis/build/icyphy/ptII/vendors/j3d/lib/Linux/vecmath.jar:/home/travis/build/icyphy/ptII/vendors/jogl/lib/Linux/gluegen-rt-natives-linux-amd64.jar:/home/travis/build/icyphy/ptII/vendors/jogl/lib/Linux/gluegen-rt.jar:/home/travis/build/icyphy/ptII/vendors/jogl/lib/Linux/jogl-all-natives-linux-amd64.jar:/home/travis/build/icyphy/ptII/vendors/jogl/lib/Linux/jogl-all.jar:/home/travis/build/icyphy/ptII/ptolemy/distributed/jini/jar/jini-core.jar:/home/travis/build/icyphy/ptII/ptolemy/distributed/jini/jar/jini-ext.jar:/home/travis/build/icyphy/ptII/ptolemy/distributed/jini/jar/sun-util.jar:/home/travis/build/icyphy/ptII/lib/protobuf-java-2.4.1.jar:/home/travis/build/icyphy/ptII/lib/org.eclipse.paho.client.mqttv3.jar:/home/travis/build/icyphy/ptII/lib/mapss.jar:/home/travis/build/icyphy/ptII/ptolemy/actor/ptalon/antlr/antlr.jar:/home/travis/build/icyphy/ptII/lib/JRI.jar:/home/travis/build/icyphy/ptII/lib/commons-lang-2.6.jar:/home/travis/build/icyphy/ptII/lib/commons-logging-1.1.1.jar:/home/travis/build/icyphy/ptII/lib/sootclasses.jar:/home/travis/build/icyphy/ptII/ptolemy/actor/lib/database/mysql-connector-java-5.1.6-bin.jar:/home/travis/build/icyphy/ptII/vendors/misc/sphinx4/sphinx4-data-5prealpha.jar:/home/travis/build/icyphy/ptII/vendors/misc/sphinx4/sphinx4-core-5prealpha.jar:/home/travis/build/icyphy/ptII/lib/PDFRenderer.jar:/home/travis/build/icyphy/ptII/lib/svgSalamander.jar:/home/travis/build/icyphy/ptII/lib/rsyntaxtextarea-2.6.0-SNAPSHOT.jar:/home/travis/build/icyphy/ptII/lib/hazelcast-3.8.2.jar:/home/travis/build/icyphy/ptII/lib/jackson-annotations-2.9.0.jar:/home/travis/build/icyphy/ptII/lib/jackson-core-2.9.3.jar:/home/travis/build/icyphy/ptII/lib/jackson-databind-2.9.3.jar:/home/travis/build/icyphy/ptII/lib/netty-buffer-4.1.19.Final.jar:/home/travis/build/icyphy/ptII/lib/netty-codec-4.1.19.Final.jar:/home/travis/build/icyphy/ptII/lib/netty-codec-dns-4.1.19.Final.jar:/home/travis/build/icyphy/ptII/lib/netty-codec-http-4.1.19.Final.jar:/home/travis/build/icyphy/ptII/lib/netty-codec-http2-4.1.19.Final.jar:/home/travis/build/icyphy/ptII/lib/netty-common-4.1.19.Final.jar:/home/travis/build/icyphy/ptII/lib/netty-handler-4.1.19.Final.jar:/home/travis/build/icyphy/ptII/lib/netty-resolver-4.1.19.Final.jar:/home/travis/build/icyphy/ptII/lib/netty-resolver-dns-4.1.19.Final.jar:/home/travis/build/icyphy/ptII/lib/netty-transport-4.1.19.Final.jar:/home/travis/build/icyphy/ptII/lib/vertx-codegen-3.5.1.jar:/home/travis/build/icyphy/ptII/lib/vertx-core-3.5.2-SNAPSHOT.jar:/home/travis/build/icyphy/ptII/lib/vertx-hazelcast-3.5.1.jar:/home/travis/build/icyphy/ptII/lib/vertx-lang-js-3.5.1.jar:/home/travis/build/icyphy/ptII/lib/vertx-service-proxy-3.5.1.jar:/home/travis/build/icyphy/ptII/lib/vertx-web-3.5.1.jar:/home/travis/build/icyphy/ptII/lib/slf4j-api-1.7.13.jar:/home/travis/build/icyphy/ptII/lib/slf4j-simple-1.7.13.jar:/home/travis/build/icyphy/ptII/lib/webcam-capture-0.3.12.jar:/home/travis/build/icyphy/ptII/lib/bridj-0.7.0.jar:/home/travis/build/icyphy/ptII/lib/xbjlib-1.1.0.nrjavaserial.jar" />
    <property name="timeout" value="2400000" />
    <property name="test.batch" value="**/junit/*.java" />
    <property name="env._" value="/usr/bin/timeout" />
    <property name="java.io.tmpdir" value="/tmp" />
    <property name="user.language" value="en" />
    <property name="env.TRAVIS_INTERNAL_RUBY_REGEX" value="^ruby-(2\.[0-4]\.[0-9]|1\.9\.3)" />
    <property name="env.HISTCONTROL" value="ignoredups:ignorespace" />
    <property name="env.GOROOT" value="/home/travis/.gimme/versions/go1.11.1.linux.amd64" />
    <property name="line.separator" value="&#xa;" />
    <property name="target" value="11" />
    <property name="env.TRAVIS_BUILD_DIR" value="/home/travis/build/icyphy/ptII" />
    <property name="env.ANT_OPTS" value="-Xmx2048m" />
    <property name="ant.file.type" value="file" />
    <property name="ptolemy.ptII.batchMode" value="true" />
    <property name="env.HISTSIZE" value="1000" />
    <property name="env.MERB_ENV" value="test" />
    <property name="java.vm.info" value="mixed mode" />
    <property name="source" value="11" />
    <property name="java.vm.specification.name" value="Java Virtual Machine Specification" />
    <property name="env.TRAVIS_TEST_RESULT" value="0" />
    <property name="jsdoc.command" value="node_modules/@terraswarm/jsdoc/jsdoc.js" />
    <property name="npm.works" value="true" />
    <property name="cobertura.dir" value="/home/travis/build/icyphy/ptII/vendors/cobertura-2.0.3" />
    <property name="jsdoc.command.exists" value="true" />
    <property name="env.rvm_path" value="/home/travis/.rvm" />
    <property name="env.GEM_PATH" value="/home/travis/.rvm/gems/ruby-2.5.3:/home/travis/.rvm/gems/ruby-2.5.3@global" />
    <property name="env.LC_CTYPE" value="en_US.UTF-8" />
    <property name="env.TRAVIS_CMD" value="$PTII/bin/ptIITravisBuild.sh $SECONDS" />
    <property name="java.awt.printerjob" value="sun.print.PSPrinterJob" />
    <property name="env.TRAVIS_STACK_NAME" value="sardonyx" />
    <property name="env.TRAVIS_TIMER_START_TIME" value="1578029889048074755" />
    <property name="ant.version" value="Apache Ant(TM) version 1.10.1 compiled on February 2 2017" />
    <property name="ptII.reports" value="/home/travis/build/icyphy/ptII/reports" />
    <property name="env.TRAVIS_STACK_TIMESTAMP" value="2019-03-25 16:16:56 UTC" />
    <property name="ant.file.type.ptII" value="file" />
    <property name="env.RBENV_SHELL" value="bash" />
    <property name="os.name" value="Linux" />
    <property name="java.specification.vendor" value="Oracle Corporation" />
    <property name="env.rvm_version" value="1.29.7 (latest)" />
    <property name="env.TRAVIS_INFRA" value="unknown" />
    <property name="env.TERM" value="xterm" />
    <property name="java.vm.name" value="OpenJDK 64-Bit Server VM" />
    <property name="env.TRAVIS_BUILD_NUMBER" value="1452" />
    <property name="env.CI" value="true" />
    <property name="java.library.path" value="/home/travis/pthla/certi-tools/lib:/usr/lib/jni:/usr/local/share/OpenCV/java/:/usr/share/OpenCV/java::/usr/java/packages/lib:/usr/lib64:/lib64:/lib:/usr/lib" />
    <property name="jdk.module.path" value="/home/travis/build/icyphy/ptII/vendors/javafx/javafx-sdk-11.0.2/lib:" />
    <property name="env.rvm_prefix" value="/home/travis" />
    <property name="env.PATH" value="/home/travis/pthla/certi-tools/share/scripts:/home/travis/.rvm/gems/ruby-2.5.3/bin:/home/travis/.rvm/gems/ruby-2.5.3@global/bin:/home/travis/.rvm/rubies/ruby-2.5.3/bin:/home/travis/.rvm/bin:/home/travis/.nvm/versions/node/v7.10.1/bin:./node_modules/.bin:/home/travis/build/icyphy/ptII/bin:/home/travis/pthla/certi-tools/bin:/home/travis/bin:/home/travis/.local/bin:/usr/local/lib/jvm/openjdk11/bin:/opt/pyenv/shims:/home/travis/.phpenv/shims:/home/travis/perl5/perlbrew/bin:/home/travis/gopath/bin:/home/travis/.gimme/versions/go1.11.1.linux.amd64/bin:/usr/local/maven-3.6.0/bin:/usr/local/cmake-3.12.4/bin:/usr/local/clang-7.0.0/bin:/usr/local/sbin:/usr/local/bin:/usr/sbin:/usr/bin:/sbin:/bin:/snap/bin:/home/travis/.phpenv/bin:/opt/pyenv/bin:/home/travis/.yarn/bin" />
    <property name="env.TRAVIS_OS_NAME" value="linux" />
    <property name="ant.java.version" value="9" />
    <property name="basedir" value="/home/travis/build/icyphy/ptII" />
    <property name="java.class.version" value="55.0" />
    <property name="env.SHLVL" value="3" />
    <property name="env.LD_LIBRARY_PATH" value="/home/travis/pthla/certi-tools/lib:/usr/lib/jni:/usr/local/share/OpenCV/java/:/usr/share/OpenCV/java:" />
    <property name="env.RACK_ENV" value="test" />
    <property name="ant.home" value="/home/travis/build/icyphy/ptII/ant" />
    <property name="env.NVM_DIR" value="/home/travis/.nvm" />
    <property name="env.CERTI_FOM_PATH" value="/home/travis/pthla/certi-tools/share/federations" />
    <property name="env.TRAVIS_BUILD_ID" value="632158352" />
    <property name="env.PYENV_ROOT" value="/opt/pyenv" />
    <property name="env.TRAVIS_UID" value="2000" />
    <property name="prism.verbose" value="true" />
    <property name="env.NVM_BIN" value="/home/travis/.nvm/versions/node/v7.10.1/bin" />
    <property name="env.TRAVIS_COMMIT" value="890f7d9fe666e9a42bb4871dc1f4ff818d808b09" />
    <property name="env._system_arch" value="x86_64" />
    <property name="node.executable" value="node" />
    <property name="sun.boot.library.path" value="/usr/local/lib/jvm/openjdk11/lib" />
    <property name="sun.management.compiler" value="HotSpot 64-Bit Tiered Compilers" />
    <property name="java.awt.graphicsenv" value="sun.awt.X11GraphicsEnvironment" />
    <property name="env.GOPATH" value="/home/travis/gopath" />
    <property name="ptolemy.ptII.dir" value="/home/travis/build/icyphy/ptII" />
    <property name="env.USER" value="travis" />
    <property name="env.HISTFILESIZE" value="2000" />
    <property name="timeout.longest" value="19000000" />
    <property name="env.PERLBREW_SHELLRC_VERSION" value="0.86" />
    <property name="env.TRAVIS_STACK_FEATURES" value="basic couchdb disabled-ipv6 docker docker-compose elasticsearch firefox go-toolchain google-chrome jdk memcached mongodb mysql nodejs_interpreter perl_interpreter perlbrew phantomjs postgresql python_interpreter redis ruby_interpreter sqlite xserver" />
    <property name="env.TRAVIS_PULL_REQUEST" value="false" />
    <property name="env.PYENV_SHELL" value="bash" />
    <property name="ant.project.name" value="ptII" />
    <property name="env.ANSI_RESET" value="\033[0m" />
    <property name="java.vm.specification.version" value="11" />
    <property name="env.TRAVIS_DIST" value="xenial" />
    <property name="env.CERTI_VERSION" value="4.0.0" />
    <property name="env.CERTI_HOST" value="localhost" />
    <property name="awt.toolkit" value="sun.awt.X11.XToolkit" />
    <property name="env.MY_RUBY_HOME" value="/home/travis/.rvm/rubies/ruby-2.5.3" />
    <property name="sun.cpu.isalist" value="" />
    <property name="env.TRAVIS_TMPDIR" value="/tmp/tmp.FGUermJJM1" />
    <property name="java.vm.compressedOopsMode" value="Zero based" />
    <property name="os.version" value="4.15.0-1028-gcp" />
    <property name="user.home" value="/home/travis" />
    <property name="java.vm.vendor" value="Oracle Corporation" />
    <property name="env.TRAVIS_TAG" value="nightly" />
    <property name="env.ANSI_YELLOW" value="\033[33;1m" />
    <property name="env.TRAVIS_FILTERED" value="redirect_io" />
    <property name="env.ANSI_GREEN" value="\033[32;1m" />
    <property name="env.JAVA_HOME" value="/usr/local/lib/jvm/openjdk11" />
    <property name="javadoc.excludepackagenames" value="adm.cvs2svn.*,build.*,config.*,doc.coding.templates.*,jni.test.jni.meaningOfLife.*,jni.test.jni.testDeux.*,jni.test.jni.testTrois.*,org.terraswarm.accessor.accessors.web.node_modules.*,org.terraswarm.accessor.accessors.web.hosts.cordova.demo.*,org.terraswarm.accessor.accessors.web.hosts.cordova.plugins.*,org.terraswarm.accessor.accessors-svn.*,pt-modules.*,ptolemy.apps.agilent.*,ptolemy.apps.anytimecontrol.*,ptolemy.apps.apes.*,ptolemy.apps.charon.*,ptolemy.apps.crazyboard.*,ptolemy.apps.eclipse.*,ptolemy.apps.etherealSting.*,ptolemy.apps.fullscreen.*,ptolemy.apps.giotto.*,ptolemy.apps.ia.*,ptolemy.apps.interfaces.*,ptolemy.apps.jmf.*,ptolemy.apps.kurt.*,ptolemy.apps.kvm.*,ptolemy.apps.lego.*,ptolemy.apps.lejos.*,ptolemy.apps.midp.*,ptolemy.apps.mobileCoding.*,ptolemy.apps.pendulum.*,ptolemy.apps.rijndael.*,ptolemy.apps.robot.*,ptolemy.apps.security.*,ptolemy.apps.sobel.*,ptolemy.apps.soot.*,ptolemy.apps.throttle.*,ptolemy.apps.tini.*,ptolemy.apps.transmission.*,ptolemy.apps.vergil.*,ptolemy.apps.waba.*,ptolemy.apps.websensor.*,ptolemy.apps.webstart.*,ptolemy.apps.xsl.*,ptolemy.apps.zaurus.*,ptolemy.codegen.c.actor.lib.oldJavaFiles.*,ptolemy.codegen.dsp.lib.*,ptolemy.codegen.kernel.newInterfaces.*,ptolemy.codegen.lib.*,ptolemy.copernicus.kernel.fragment.*,ptolemy.copernicus.shallow.cg.*,ptolemy.domains.giotto.demo.Hierarchy.Hierarchy.*,ptolemy.domains.giotto.demo.Multimode.Multimode.*,ptolemy.domains.giotto.demo.Simple.Simple.*,ptolemy.domains.gr.lib.experimental.*,ptolemy.domains.gro.*,ptolemy.domains.pdf.*,ptolemy.domains.ptinyos.demo.Surge.output.*,ptolemy.moml.test.NoPackageActor.java*,ptolemy.plot.adm.*,ptolemy.plot.servlet.*,reports.*,signed.*,src.*,target.*,vendors.*,ptolemy.copernicus.applet.*,ptolemy.media.viewer.*,ptolemy.actor.corba.*,doc.doclets.*,ptolemy.apps.eclipse.awt.*,ptolemy.backtrack.*,ptolemy.backtrack.ast.*,ptolemy.cg.adapter.generic.program.procedural.c.mbed*,ptolemy.homer.*,ptolemy.actor.lib.jai.*,org.ptolemy.scala.*,diva.util.java2d.svg.*,ptolemy.domains.ptinyos.*,ptolemy.actor.lib.fmi.fmipp.*,,org.terraswarm.accessor.accessors.web.node_modules.*,org.terraswarm.accessor.accessors-svn,ptolemy.apps.*,ptolemy.actor.ptalon.demo.ptinyos.SendAndReceiveCnt.output,ptolemy.actor.ptalon.demo.ptinyos.SenseToLeds.output,ptolemy.domains.ptinyos.demo.CntToLedsAndRfm.output,ptolemy.domains.ptinyos.demo.RfmToLeds.output,ptolemy.domains.ptinyos.demo.SendAndReceiveCnt.output,ptolemy.domains.ptinyos.demo.SenseToLeds.output,ptolemy.actor.lib.jjs.modules.udpSocket.*" />
    <property name="env.PTII" value="/home/travis/build/icyphy/ptII" />
    <property name="env.XDG_SESSION_ID" value="2" />
    <property name="keystore" value="ptKeystore" />
    <property name="env.TRAVIS_COMMIT_MESSAGE" value="Updated to jython2.7.2.b2 so that Eclipse 2019-12 with JDK-13 will work, thus avoiding problems with &apos;import org.w3c.dom.Document;&apos; failing with &apos;The package org.w3c.dom is accessible from more than one module: &lt;unnamed&gt;,  java.xml&apos;." />
    <property name="junit.output.dir" value="/home/travis/build/icyphy/ptII/reports/junit" />
    <property name="npm.return.code" value="0" />
    <property name="user.dir" value="/home/travis/build/icyphy/ptII/ptolemy/domains/de/test" />
    <property name="env.TRAVIS_NODE_VERSION" value="7" />
    <property name="env.TRAVIS_EVENT_TYPE" value="push" />
    <property name="env.MAIL" value="/var/mail/travis" />
    <property name="env.PERLBREW_ROOT" value="/home/travis/perl5/perlbrew" />
    <property name="env.PWD" value="/home/travis/build/icyphy/ptII" />
    <property name="timeout.npm" value="45000" />
    <property name="env.PT_TRAVIS_TEST_CORE2_XML" value="true" />
    <property name="env.TRAVIS_ARCH" value="amd64" />
    <property name="sun.cpu.endian" value="little" />
    <property name="env.PAGER" value="cat" />
    <property name="env.TRAVIS_BUILD_STAGE_NAME" value="Test" />
    <property name="env.PERLBREW_HOME" value="/home/travis/.perlbrew" />
    <property name="java.vm.version" value="11.0.2+9" />
    <property name="env.RAILS_ENV" value="test" />
    <property name="java.class.path" value="/home/travis/build/icyphy/ptII:/home/travis/build/icyphy/ptII/lib/bsh-2.0b4.jar:/home/travis/build/icyphy/ptII/lib/ptCal.jar:/home/travis/build/icyphy/ptII/lib/java_cup.jar:/home/travis/build/icyphy/ptII/lib/saxon8.jar:/home/travis/build/icyphy/ptII/lib/saxon8-dom.jar:/home/travis/build/icyphy/ptII/lib/chic.jar:/home/travis/build/icyphy/ptII/lib/ptcolt.jar:/home/travis/build/icyphy/ptII/vendors/misc/itext/iText.jar:/home/travis/build/icyphy/ptII/lib/g4ltl.jar:/home/travis/build/icyphy/ptII/lib/StructuralCoder.jar:/home/travis/build/icyphy/ptII/lib/jcerti.jar:/home/travis/build/icyphy/ptII/lib/javax.mail.jar:/home/travis/build/icyphy/ptII/vendors/JMF-2.1.1e/lib/jmf.jar:/home/travis/build/icyphy/ptII/lib/jna-4.0.0-variadic.jar:/home/travis/build/icyphy/ptII/vendors/misc/joystick/Joystick.jar:/home/travis/build/icyphy/ptII/lib/ptjacl.jar:/home/travis/build/icyphy/ptII/lib/jsoup-1.8.2.jar:/home/travis/build/icyphy/ptII/lib/junit-4.8.2.jar:/home/travis/build/icyphy/ptII/lib/JUnitParams-0.4.0.jar:/home/travis/build/icyphy/ptII/ptolemy/actor/lib/excel/jxl.jar:/home/travis/build/icyphy/ptII/lib/jython.jar:/home/travis/build/icyphy/ptII/lib/kieler.jar:/home/travis/build/icyphy/ptII/vendors/opencv/share/OpenCV/java/opencv-341.jar:/home/travis/build/icyphy/ptII/lib/oscP5.jar:/home/travis/build/icyphy/ptII/lib/nrjavaserial-3.11.0.devel.jar:/home/travis/build/icyphy/ptII/vendors/j3d/lib/Linux/j3dcore.jar:/home/travis/build/icyphy/ptII/vendors/j3d/lib/Linux/j3dutils.jar:/home/travis/build/icyphy/ptII/vendors/j3d/lib/Linux/vecmath.jar:/home/travis/build/icyphy/ptII/vendors/jogl/lib/Linux/gluegen-rt-natives-linux-amd64.jar:/home/travis/build/icyphy/ptII/vendors/jogl/lib/Linux/gluegen-rt.jar:/home/travis/build/icyphy/ptII/vendors/jogl/lib/Linux/jogl-all-natives-linux-amd64.jar:/home/travis/build/icyphy/ptII/vendors/jogl/lib/Linux/jogl-all.jar:/home/travis/build/icyphy/ptII/ptolemy/distributed/jini/jar/jini-core.jar:/home/travis/build/icyphy/ptII/ptolemy/distributed/jini/jar/jini-ext.jar:/home/travis/build/icyphy/ptII/ptolemy/distributed/jini/jar/sun-util.jar:/home/travis/build/icyphy/ptII/lib/protobuf-java-2.4.1.jar:/home/travis/build/icyphy/ptII/lib/org.eclipse.paho.client.mqttv3.jar:/home/travis/build/icyphy/ptII/lib/mapss.jar:/home/travis/build/icyphy/ptII/ptolemy/actor/ptalon/antlr/antlr.jar:/home/travis/build/icyphy/ptII/lib/JRI.jar:/home/travis/build/icyphy/ptII/lib/commons-lang-2.6.jar:/home/travis/build/icyphy/ptII/lib/commons-logging-1.1.1.jar:/home/travis/build/icyphy/ptII/lib/sootclasses.jar:/home/travis/build/icyphy/ptII/ptolemy/actor/lib/database/mysql-connector-java-5.1.6-bin.jar:/home/travis/build/icyphy/ptII/vendors/misc/sphinx4/sphinx4-data-5prealpha.jar:/home/travis/build/icyphy/ptII/vendors/misc/sphinx4/sphinx4-core-5prealpha.jar:/home/travis/build/icyphy/ptII/lib/PDFRenderer.jar:/home/travis/build/icyphy/ptII/lib/svgSalamander.jar:/home/travis/build/icyphy/ptII/lib/rsyntaxtextarea-2.6.0-SNAPSHOT.jar:/home/travis/build/icyphy/ptII/lib/hazelcast-3.8.2.jar:/home/travis/build/icyphy/ptII/lib/jackson-annotations-2.9.0.jar:/home/travis/build/icyphy/ptII/lib/jackson-core-2.9.3.jar:/home/travis/build/icyphy/ptII/lib/jackson-databind-2.9.3.jar:/home/travis/build/icyphy/ptII/lib/netty-buffer-4.1.19.Final.jar:/home/travis/build/icyphy/ptII/lib/netty-codec-4.1.19.Final.jar:/home/travis/build/icyphy/ptII/lib/netty-codec-dns-4.1.19.Final.jar:/home/travis/build/icyphy/ptII/lib/netty-codec-http-4.1.19.Final.jar:/home/travis/build/icyphy/ptII/lib/netty-codec-http2-4.1.19.Final.jar:/home/travis/build/icyphy/ptII/lib/netty-common-4.1.19.Final.jar:/home/travis/build/icyphy/ptII/lib/netty-handler-4.1.19.Final.jar:/home/travis/build/icyphy/ptII/lib/netty-resolver-4.1.19.Final.jar:/home/travis/build/icyphy/ptII/lib/netty-resolver-dns-4.1.19.Final.jar:/home/travis/build/icyphy/ptII/lib/netty-transport-4.1.19.Final.jar:/home/travis/build/icyphy/ptII/lib/vertx-codegen-3.5.1.jar:/home/travis/build/icyphy/ptII/lib/vertx-core-3.5.2-SNAPSHOT.jar:/home/travis/build/icyphy/ptII/lib/vertx-hazelcast-3.5.1.jar:/home/travis/build/icyphy/ptII/lib/vertx-lang-js-3.5.1.jar:/home/travis/build/icyphy/ptII/lib/vertx-service-proxy-3.5.1.jar:/home/travis/build/icyphy/ptII/lib/vertx-web-3.5.1.jar:/home/travis/build/icyphy/ptII/lib/slf4j-api-1.7.13.jar:/home/travis/build/icyphy/ptII/lib/slf4j-simple-1.7.13.jar:/home/travis/build/icyphy/ptII/lib/webcam-capture-0.3.12.jar:/home/travis/build/icyphy/ptII/lib/bridj-0.7.0.jar:/home/travis/build/icyphy/ptII/lib/xbjlib-1.1.0.nrjavaserial.jar:/home/travis/build/icyphy/ptII/ptolemy/moml/test:/home/travis/build/icyphy/ptII/ant/lib/ant-launcher.jar:/home/travis/build/icyphy/ptII/ant/lib/ant.jar:/home/travis/build/icyphy/ptII/ant/lib/ant-junit.jar:/home/travis/build/icyphy/ptII/ant/lib/ant-junit4.jar" />
    <property name="ant.library.dir" value="/home/travis/build/icyphy/ptII/ant/lib" />
    <property name="os.arch" value="amd64" />
    <property name="env.CONTINUOUS_INTEGRATION" value="true" />
    <property name="env.TRAVIS_LANGUAGE" value="node_js" />
    <property name="env.TRAVIS_STACK_LANGUAGES" value="__sardonyx__ c c++ clojure cplusplus cpp default generic go groovy java node_js php pure_java python ruby scala" />
    <property name="test.name" value="ptolemy.actor.lib.test.junit.JUnitTclTest" />
    <property name="env.APT_KEY_DONT_WARN_ON_DANGEROUS_USAGE" value="1" />
    <property name="sun.java.launcher" value="SUN_STANDARD" />
    <property name="env.PYTHON_CONFIGURE_OPTS" value="--enable-unicode=ucs4 --with-wide-unicode --enable-shared --enable-ipv6 --enable-loadable-sqlite-extensions --with-computed-gotos" />
    <property name="ant.core.lib" value="/home/travis/build/icyphy/ptII/ant/lib/ant.jar" />
    <property name="java.vm.specification.vendor" value="Oracle Corporation" />
    <property name="env.BCVTB_HOME" value="/home/travis/build/icyphy/ptII/lbnl" />
    <property name="file.separator" value="/" />
    <property name="spotbugs.home" value="/home/travis/build/icyphy/ptII/vendors/spotbugs-3.1.1" />
    <property name="java.runtime.version" value="11.0.2+9" />
    <property name="env.ANSI_CLEAR" value="\033[0K" />
    <property name="javafx.verbose" value="true" />
    <property name="env.HAS_JOSH_K_SEAL_OF_APPROVAL" value="true" />
    <property name="env.XDG_RUNTIME_DIR" value="/run/user/2000" />
    <property name="env.TRAVIS_OSX_IMAGE" value="" />
    <property name="env.TRAVIS_JOB_ID" value="632158374" />
    <property name="env.TRAVIS_BRANCH" value="master" />
    <property name="user.country" value="US" />
    <property name="env.CERTI_HOME_TRAVIS" value="/home/travis/pthla/certi-tools" />
    <property name="env.SHELL" value="/bin/bash" />
    <property name="java.maxmemory.large" value="3200m" />
    <property name="model" value="" />
    <property name="env.CASHER_DIR" value="/home/travis/.casher" />
    <property name="env.NVM_CD_FLAGS" value="" />
    <property name="java.vendor.version" value="18.9" />
    <property name="jshint.executable" value="/home/travis/node_modules/jshint/bin/jshint" />
    <property name="env.JRUBY_OPTS" value=" --client -J-XX:+TieredCompilation -J-XX:TieredStopAtLevel=1 -J-Xss2m -Xcompile.invokedynamic=false" />
    <property name="java.vendor" value="Oracle Corporation" />
    <property name="env.TRAVIS_PRE_CHEF_BOOTSTRAP_TIME" value="2019-03-25T16:16:42" />
    <property name="env.TRAVIS_STACK_JOB_BOARD_REGISTER" value="/.job-board-register.yml" />
    <property name="env.ANSI_RED" value="\033[31;1m" />
    <property name="java.specification.version" value="11" />
    <property name="env.IRBRC" value="/home/travis/.rvm/rubies/ruby-2.5.3/.irbrc" />
    <property name="env.TRAVIS" value="true" />
    <property name="sun.arch.data.model" value="64" />
  </properties>
  <testcase classname="ptolemy.util.test.junit.TclTests" name="[0] /home/travis/build/icyphy/ptII/ptolemy/domains/de/test/DependencyLoop.tcl (RunTclFile)" time="0.988" />
  <testcase classname="ptolemy.util.test.junit.TclTests" name="[1] /home/travis/build/icyphy/ptII/ptolemy/domains/de/test/RunDETestsAsQSS.tcl (RunTclFile)" time="81.636" />
  <testcase classname="ptolemy.util.test.junit.AutoKnownFailedTests" name="[0] /home/travis/build/icyphy/ptII/ptolemy/domains/de/test/auto/knownFailedTests/DESDFClockTest.xml (RunModel)" time="2.052" />
  <testcase classname="ptolemy.util.test.junit.AutoKnownFailedTests" name="[1] /home/travis/build/icyphy/ptII/ptolemy/domains/de/test/auto/knownFailedTests/DirectFeedback.xml (RunModel)" time="0.012" />
  <testcase classname="ptolemy.util.test.junit.AutoKnownFailedTests" name="[2] /home/travis/build/icyphy/ptII/ptolemy/domains/de/test/auto/knownFailedTests/FSMSource.xml (RunModel)" time="0.027" />
  <testcase classname="ptolemy.util.test.junit.AutoKnownFailedTests" name="[3] /home/travis/build/icyphy/ptII/ptolemy/domains/de/test/auto/knownFailedTests/HierarchicalModel.xml (RunModel)" time="0.048" />
  <testcase classname="ptolemy.util.test.junit.AutoKnownFailedTests" name="[4] /home/travis/build/icyphy/ptII/ptolemy/domains/de/test/auto/knownFailedTests/dependencyLoop.xml (RunModel)" time="0.047" />
  <testcase classname="ptolemy.util.test.junit.AutoKnownFailedTests" name="[5] /home/travis/build/icyphy/ptII/ptolemy/domains/de/test/auto/knownFailedTests/dependencyLoop2.xml (RunModel)" time="0.04" />
  <testcase classname="ptolemy.util.test.junit.AutoNameArchTests" name="[0] ThereAreNoAutoArchTests (RunModel)" time="0.001" />
  <testcase classname="ptolemy.util.test.junit.AutoTests" name="[0] /home/travis/build/icyphy/ptII/ptolemy/domains/de/test/auto/ActorDepthCalculation_actorWithoutPorts.xml (RunModel)" time="0.022" />
  <testcase classname="ptolemy.util.test.junit.AutoTests" name="[1] /home/travis/build/icyphy/ptII/ptolemy/domains/de/test/auto/AssemblyLine.xml (RunModel)" time="0.023" />
  <testcase classname="ptolemy.util.test.junit.AutoTests" name="[2] /home/travis/build/icyphy/ptII/ptolemy/domains/de/test/auto/CQBug1.xml (RunModel)" time="0.012" />
  <testcase classname="ptolemy.util.test.junit.AutoTests" name="[3] /home/travis/build/icyphy/ptII/ptolemy/domains/de/test/auto/CancelFireAt.xml (RunModel)" time="0.011" />
  <testcase classname="ptolemy.util.test.junit.AutoTests" name="[4] /home/travis/build/icyphy/ptII/ptolemy/domains/de/test/auto/CausalityAndComposabilityAnalysis.xml (RunModel)" time="0.011" />
  <testcase classname="ptolemy.util.test.junit.AutoTests" name="[5] /home/travis/build/icyphy/ptII/ptolemy/domains/de/test/auto/CausalityInterface1.xml (RunModel)" time="0.017" />
  <testcase classname="ptolemy.util.test.junit.AutoTests" name="[6] /home/travis/build/icyphy/ptII/ptolemy/domains/de/test/auto/CausalityInterface15.xml (RunModel)" time="0.014" />
  <testcase classname="ptolemy.util.test.junit.AutoTests" name="[7] /home/travis/build/icyphy/ptII/ptolemy/domains/de/test/auto/CausalityInterface2.xml (RunModel)" time="0.014" />
  <testcase classname="ptolemy.util.test.junit.AutoTests" name="[8] /home/travis/build/icyphy/ptII/ptolemy/domains/de/test/auto/CausalityInterface3.xml (RunModel)" time="0.016" />
  <testcase classname="ptolemy.util.test.junit.AutoTests" name="[9] /home/travis/build/icyphy/ptII/ptolemy/domains/de/test/auto/ClockDrift.xml (RunModel)" time="0.042" />
  <testcase classname="ptolemy.util.test.junit.AutoTests" name="[10] /home/travis/build/icyphy/ptII/ptolemy/domains/de/test/auto/ClockDriftAndValueChange.xml (RunModel)" time="0.032" />
  <testcase classname="ptolemy.util.test.junit.AutoTests" name="[11] /home/travis/build/icyphy/ptII/ptolemy/domains/de/test/auto/ClockDriftChange.xml (RunModel)" time="0.035" />
  <testcase classname="ptolemy.util.test.junit.AutoTests" name="[12] /home/travis/build/icyphy/ptII/ptolemy/domains/de/test/auto/ComposableCausalityAnalysis.xml (RunModel)" time="0.014" />
  <testcase classname="ptolemy.util.test.junit.AutoTests" name="[13] /home/travis/build/icyphy/ptII/ptolemy/domains/de/test/auto/DEFixedPointLimitation.xml (RunModel)" time="0.009" />
  <testcase classname="ptolemy.util.test.junit.AutoTests" name="[14] /home/travis/build/icyphy/ptII/ptolemy/domains/de/test/auto/DEScheduleTest.xml (RunModel)" time="0.013" />
  <testcase classname="ptolemy.util.test.junit.AutoTests" name="[15] /home/travis/build/icyphy/ptII/ptolemy/domains/de/test/auto/DEinDEwithStartTimes.xml (RunModel)" time="0.015" />
  <testcase classname="ptolemy.util.test.junit.AutoTests" name="[16] /home/travis/build/icyphy/ptII/ptolemy/domains/de/test/auto/DEinDEwithStartTimes2.xml (RunModel)" time="0.019" />
  <testcase classname="ptolemy.util.test.junit.AutoTests" name="[17] /home/travis/build/icyphy/ptII/ptolemy/domains/de/test/auto/DateDemo.xml (RunModel)" time="0.038" />
  <testcase classname="ptolemy.util.test.junit.AutoTests" name="[18] /home/travis/build/icyphy/ptII/ptolemy/domains/de/test/auto/DateToEvent.xml (RunModel)" time="2.038" />
  <testcase classname="ptolemy.util.test.junit.AutoTests" name="[19] /home/travis/build/icyphy/ptII/ptolemy/domains/de/test/auto/DepthTest1.xml (RunModel)" time="0.01" />
  <testcase classname="ptolemy.util.test.junit.AutoTests" name="[20] /home/travis/build/icyphy/ptII/ptolemy/domains/de/test/auto/DepthTest2.xml (RunModel)" time="0.016" />
  <testcase classname="ptolemy.util.test.junit.AutoTests" name="[21] /home/travis/build/icyphy/ptII/ptolemy/domains/de/test/auto/DepthTest3.xml (RunModel)" time="0.007" />
  <testcase classname="ptolemy.util.test.junit.AutoTests" name="[22] /home/travis/build/icyphy/ptII/ptolemy/domains/de/test/auto/DepthTest4.xml (RunModel)" time="0.016" />
  <testcase classname="ptolemy.util.test.junit.AutoTests" name="[23] /home/travis/build/icyphy/ptII/ptolemy/domains/de/test/auto/DepthTest5.xml (RunModel)" time="0.015" />
  <testcase classname="ptolemy.util.test.junit.AutoTests" name="[24] /home/travis/build/icyphy/ptII/ptolemy/domains/de/test/auto/DepthTest6.xml (RunModel)" time="0.011" />
  <testcase classname="ptolemy.util.test.junit.AutoTests" name="[25] /home/travis/build/icyphy/ptII/ptolemy/domains/de/test/auto/DepthTest7.xml (RunModel)" time="0.009" />
  <testcase classname="ptolemy.util.test.junit.AutoTests" name="[26] /home/travis/build/icyphy/ptII/ptolemy/domains/de/test/auto/EventToDate.xml (RunModel)" time="3.043" />
  <testcase classname="ptolemy.util.test.junit.AutoTests" name="[27] /home/travis/build/icyphy/ptII/ptolemy/domains/de/test/auto/FSM1.xml (RunModel)" time="0.038" />
  <testcase classname="ptolemy.util.test.junit.AutoTests" name="[28] /home/travis/build/icyphy/ptII/ptolemy/domains/de/test/auto/FSM7.xml (RunModel)" time="0.034" />
  <testcase classname="ptolemy.util.test.junit.AutoTests" name="[29] /home/travis/build/icyphy/ptII/ptolemy/domains/de/test/auto/Inspection.xml (RunModel)" time="0.038" />
  <testcase classname="ptolemy.util.test.junit.AutoTests" name="[30] /home/travis/build/icyphy/ptII/ptolemy/domains/de/test/auto/Iteration.xml (RunModel)" time="0.021" />
  <testcase classname="ptolemy.util.test.junit.AutoTests" name="[31] /home/travis/build/icyphy/ptII/ptolemy/domains/de/test/auto/LineFault.xml (RunModel)" time="0.625" />
  <testcase classname="ptolemy.util.test.junit.AutoTests" name="[32] /home/travis/build/icyphy/ptII/ptolemy/domains/de/test/auto/MergeModel1Add.xml (RunModel)" time="0.05" />
  <testcase classname="ptolemy.util.test.junit.AutoTests" name="[33] /home/travis/build/icyphy/ptII/ptolemy/domains/de/test/auto/MergeModel2Add.xml (RunModel)" time="0.039" />
  <testcase classname="ptolemy.util.test.junit.AutoTests" name="[34] /home/travis/build/icyphy/ptII/ptolemy/domains/de/test/auto/MergeModel3Add.xml (RunModel)" time="0.051" />
  <testcase classname="ptolemy.util.test.junit.AutoTests" name="[35] /home/travis/build/icyphy/ptII/ptolemy/domains/de/test/auto/MergeWithoutDiscard.xml (RunModel)" time="0.012" />
  <testcase classname="ptolemy.util.test.junit.AutoTests" name="[36] /home/travis/build/icyphy/ptII/ptolemy/domains/de/test/auto/Modal1.xml (RunModel)" time="0.039" />
  <testcase classname="ptolemy.util.test.junit.AutoTests" name="[37] /home/travis/build/icyphy/ptII/ptolemy/domains/de/test/auto/Modal2.xml (RunModel)" time="0.031" />
  <testcase classname="ptolemy.util.test.junit.AutoTests" name="[38] /home/travis/build/icyphy/ptII/ptolemy/domains/de/test/auto/Modal3.xml (RunModel)" time="0.035" />
  <testcase classname="ptolemy.util.test.junit.AutoTests" name="[39] /home/travis/build/icyphy/ptII/ptolemy/domains/de/test/auto/Modal4.xml (RunModel)" time="0.028" />
  <testcase classname="ptolemy.util.test.junit.AutoTests" name="[40] /home/travis/build/icyphy/ptII/ptolemy/domains/de/test/auto/Modal5.xml (RunModel)" time="0.032" />
  <testcase classname="ptolemy.util.test.junit.AutoTests" name="[41] /home/travis/build/icyphy/ptII/ptolemy/domains/de/test/auto/Modal6.xml (RunModel)" time="0.025" />
  <testcase classname="ptolemy.util.test.junit.AutoTests" name="[42] /home/travis/build/icyphy/ptII/ptolemy/domains/de/test/auto/Modal7.xml (RunModel)" time="0.03" />
  <testcase classname="ptolemy.util.test.junit.AutoTests" name="[43] /home/travis/build/icyphy/ptII/ptolemy/domains/de/test/auto/ModalModel.xml (RunModel)" time="0.154" />
  <testcase classname="ptolemy.util.test.junit.AutoTests" name="[44] /home/travis/build/icyphy/ptII/ptolemy/domains/de/test/auto/ModalSource.xml (RunModel)" time="0.015" />
  <testcase classname="ptolemy.util.test.junit.AutoTests" name="[45] /home/travis/build/icyphy/ptII/ptolemy/domains/de/test/auto/NonInterruptibleTimerZeroDelay.xml (RunModel)" time="0.007" />
  <testcase classname="ptolemy.util.test.junit.AutoTests" name="[46] /home/travis/build/icyphy/ptII/ptolemy/domains/de/test/auto/OpenQueueingNetwork.xml (RunModel)" time="2.261" />
  <testcase classname="ptolemy.util.test.junit.AutoTests" name="[47] /home/travis/build/icyphy/ptII/ptolemy/domains/de/test/auto/OpenQueuingNetwork.xml (RunModel)" time="0.248" />
  <testcase classname="ptolemy.util.test.junit.AutoTests" name="[48] /home/travis/build/icyphy/ptII/ptolemy/domains/de/test/auto/PeriodicSampler.xml (RunModel)" time="0.011" />
  <testcase classname="ptolemy.util.test.junit.AutoTests" name="[49] /home/travis/build/icyphy/ptII/ptolemy/domains/de/test/auto/PersistentIO.xml (RunModel)" time="0.025" />
  <testcase classname="ptolemy.util.test.junit.AutoTests" name="[50] /home/travis/build/icyphy/ptII/ptolemy/domains/de/test/auto/PortParameterResetOnInitialize.xml (RunModel)" time="0.009" />
  <testcase classname="ptolemy.util.test.junit.AutoTests" name="[51] /home/travis/build/icyphy/ptII/ptolemy/domains/de/test/auto/PortParameterUpdates.xml (RunModel)" time="0.016" />
  <testcase classname="ptolemy.util.test.junit.AutoTests" name="[52] /home/travis/build/icyphy/ptII/ptolemy/domains/de/test/auto/QueueAndServer.xml (RunModel)" time="0.021" />
  <testcase classname="ptolemy.util.test.junit.AutoTests" name="[53] /home/travis/build/icyphy/ptII/ptolemy/domains/de/test/auto/Records.xml (RunModel)" time="0.018" />
  <testcase classname="ptolemy.util.test.junit.AutoTests" name="[54] /home/travis/build/icyphy/ptII/ptolemy/domains/de/test/auto/ResetTransitionWithStartTime1.xml (RunModel)" time="0.019" />
  <testcase classname="ptolemy.util.test.junit.AutoTests" name="[55] /home/travis/build/icyphy/ptII/ptolemy/domains/de/test/auto/ResetTransitionWithStartTime2.xml (RunModel)" time="0.019" />
  <testcase classname="ptolemy.util.test.junit.AutoTests" name="[56] /home/travis/build/icyphy/ptII/ptolemy/domains/de/test/auto/ResetTransitionWithStartTime3.xml (RunModel)" time="0.019" />
  <testcase classname="ptolemy.util.test.junit.AutoTests" name="[57] /home/travis/build/icyphy/ptII/ptolemy/domains/de/test/auto/ResetTransitionWithStartTime4.xml (RunModel)" time="0.019" />
  <testcase classname="ptolemy.util.test.junit.AutoTests" name="[58] /home/travis/build/icyphy/ptII/ptolemy/domains/de/test/auto/ResettableTimer1.xml (RunModel)" time="0.009" />
  <testcase classname="ptolemy.util.test.junit.AutoTests" name="[59] /home/travis/build/icyphy/ptII/ptolemy/domains/de/test/auto/ResettableTimer2.xml (RunModel)" time="0.008" />
  <testcase classname="ptolemy.util.test.junit.AutoTests" name="[60] /home/travis/build/icyphy/ptII/ptolemy/domains/de/test/auto/ResettableTimer3.xml (RunModel)" time="0.008" />
  <testcase classname="ptolemy.util.test.junit.AutoTests" name="[61] /home/travis/build/icyphy/ptII/ptolemy/domains/de/test/auto/ResettableTimer4.xml (RunModel)" time="0.012" />
  <testcase classname="ptolemy.util.test.junit.AutoTests" name="[62] /home/travis/build/icyphy/ptII/ptolemy/domains/de/test/auto/ResettableTimer5.xml (RunModel)" time="0.008" />
  <testcase classname="ptolemy.util.test.junit.AutoTests" name="[63] /home/travis/build/icyphy/ptII/ptolemy/domains/de/test/auto/ResettableTimer6.xml (RunModel)" time="0.016" />
  <testcase classname="ptolemy.util.test.junit.AutoTests" name="[64] /home/travis/build/icyphy/ptII/ptolemy/domains/de/test/auto/ServerZeroDelay.xml (RunModel)" time="0.01" />
  <testcase classname="ptolemy.util.test.junit.AutoTests" name="[65] /home/travis/build/icyphy/ptII/ptolemy/domains/de/test/auto/SmartSender.xml (RunModel)" time="3.008" />
  <testcase classname="ptolemy.util.test.junit.AutoTests" name="[66] /home/travis/build/icyphy/ptII/ptolemy/domains/de/test/auto/ThreadedComposite.xml (RunModel)" time="0.129" />
  <testcase classname="ptolemy.util.test.junit.AutoTests" name="[67] /home/travis/build/icyphy/ptII/ptolemy/domains/de/test/auto/Time.xml (RunModel)" time="0.442" />
  <testcase classname="ptolemy.util.test.junit.AutoTests" name="[68] /home/travis/build/icyphy/ptII/ptolemy/domains/de/test/auto/TimeDelayZeroDelay.xml (RunModel)" time="0.013" />
  <testcase classname="ptolemy.util.test.junit.AutoTests" name="[69] /home/travis/build/icyphy/ptII/ptolemy/domains/de/test/auto/TimerZeroDelay.xml (RunModel)" time="0.009" />
  <testcase classname="ptolemy.util.test.junit.AutoTests" name="[70] /home/travis/build/icyphy/ptII/ptolemy/domains/de/test/auto/TimingParadox.xml (RunModel)" time="0.302" />
  <testcase classname="ptolemy.util.test.junit.AutoTests" name="[71] /home/travis/build/icyphy/ptII/ptolemy/domains/de/test/auto/TransferInputs.xml (RunModel)" time="0.017" />
  <testcase classname="ptolemy.util.test.junit.AutoTests" name="[72] /home/travis/build/icyphy/ptII/ptolemy/domains/de/test/auto/TransferOutputs2.xml (RunModel)" time="0.015" />
  <testcase classname="ptolemy.util.test.junit.AutoTests" name="[73] /home/travis/build/icyphy/ptII/ptolemy/domains/de/test/auto/Trilateration.xml (RunModel)" time="10.498" />
  <testcase classname="ptolemy.util.test.junit.AutoTests" name="[74] /home/travis/build/icyphy/ptII/ptolemy/domains/de/test/auto/TwoSigmaDelta.xml (RunModel)" time="1.816" />
  <testcase classname="ptolemy.util.test.junit.AutoTests" name="[75] /home/travis/build/icyphy/ptII/ptolemy/domains/de/test/auto/VariableDelay.xml (RunModel)" time="0.02" />
  <testcase classname="ptolemy.util.test.junit.AutoTests" name="[76] /home/travis/build/icyphy/ptII/ptolemy/domains/de/test/auto/VariableDelay2.xml (RunModel)" time="0.008" />
  <testcase classname="ptolemy.util.test.junit.AutoTests" name="[77] /home/travis/build/icyphy/ptII/ptolemy/domains/de/test/auto/VariableDelayZeroDelay.xml (RunModel)" time="0.013" />
  <testcase classname="ptolemy.util.test.junit.AutoTests" name="[78] /home/travis/build/icyphy/ptII/ptolemy/domains/de/test/auto/VariableDelayZeroDelay2.xml (RunModel)" time="0.008" />
  <testcase classname="ptolemy.util.test.junit.AutoTests" name="[79] /home/travis/build/icyphy/ptII/ptolemy/domains/de/test/auto/deInCt.xml (RunModel)" time="0.014" />
  <testcase classname="ptolemy.util.test.junit.AutoTests" name="[80] /home/travis/build/icyphy/ptII/ptolemy/domains/de/test/auto/deInCt2.xml (RunModel)" time="0.019" />
  <testcase classname="ptolemy.util.test.junit.AutoTests" name="[81] /home/travis/build/icyphy/ptII/ptolemy/domains/de/test/auto/dynamicCausalityInterface1.xml (RunModel)" time="0.025" />
  <testcase classname="ptolemy.util.test.junit.AutoTests" name="[82] /home/travis/build/icyphy/ptII/ptolemy/domains/de/test/auto/fsm_de_test.xml (RunModel)" time="0.021" />
  <testcase classname="ptolemy.util.test.junit.AutoTests" name="[83] /home/travis/build/icyphy/ptII/ptolemy/domains/de/test/auto/functionDependencyReconstruction.xml (RunModel)" time="0.042" />
  <testcase classname="ptolemy.util.test.junit.AutoTests" name="[84] /home/travis/build/icyphy/ptII/ptolemy/domains/de/test/auto/multirate.xml (RunModel)" time="0.012" />
  <testcase classname="ptolemy.util.test.junit.AutoTests" name="[85] /home/travis/build/icyphy/ptII/ptolemy/domains/de/test/auto/multirate2.xml (RunModel)" time="0.014" />
  <testcase classname="ptolemy.util.test.junit.AutoTests" name="[86] /home/travis/build/icyphy/ptII/ptolemy/domains/de/test/auto/realtime.xml (RunModel)" time="10.009" />
  <testcase classname="ptolemy.util.test.junit.AutoTests" name="[87] /home/travis/build/icyphy/ptII/ptolemy/domains/de/test/auto/relationGroup.xml (RunModel)" time="0.005" />
  <testcase classname="ptolemy.util.test.junit.AutoTests" name="[88] /home/travis/build/icyphy/ptII/ptolemy/domains/de/test/auto/relationGroup2.xml (RunModel)" time="0.009" />
  <testcase classname="ptolemy.util.test.junit.AutoTests" name="[89] /home/travis/build/icyphy/ptII/ptolemy/domains/de/test/auto/sortWithOpaquePorts.xml (RunModel)" time="0.009" />
  <testcase classname="ptolemy.util.test.junit.AutoTests" name="[90] /home/travis/build/icyphy/ptII/ptolemy/domains/de/test/auto/transferInputsandOutputs.xml (RunModel)" time="0.015" />
  <testcase classname="ptolemy.util.test.junit.AutoTests" name="[91] /home/travis/build/icyphy/ptII/ptolemy/domains/de/test/auto/triggerType.xml (RunModel)" time="0.006" />
  <system-out><![CDATA[/home/travis/build/icyphy/ptII/ptolemy/domains/de/test/DependencyLoop.tcl
testDefs.tcl: setting time out to 9000 seconds at Fri Jan 03 05:41:24 UTC 2020
61 ms. Memory: 129024K Free: 79301K (61%)
18 ms. Memory: 129024K Free: 61878K (48%)
/home/travis/build/icyphy/ptII/ptolemy/domains/de/test/RunDETestsAsQSS.tcl
Run the DE tests using ptolemy.domains.qss.test.QSSDirectorTest, which extends QSSDirector and prints a message in the constructors.
------------------ testing $PTII/ptolemy/domains/de/test/auto/knownFailedTests/DirectFeedback.xml (Known Failure) 
47 ms. Memory: 129024K Free: 55749K (43%)


==== $PTIIhome/travis/build/icyphy/ptII/ptolemy/domains/de/test/../../../../: Auto Automatic test in file $PTII/ptolemy/domains/de/test/auto/knownFailedTests/DirectFeedback.xml
==== Contents of test case:

	    # FIXME: we should use $relativeFilename here, but it
	    # might have backslashes under Windows, which causes no end
	    # of trouble.
	    createAndExecute $file
	    list {}
	
.... Test generated KNOWN error:
    while executing
ptolemy.kernel.util.IllegalActionException: Test fails in iteration 1.
Value was: 1.0. Should have been: 2.0
  in .DirectFeedback.Test
	at ptolemy.actor.lib.Test.fire(Test.java:268)
	at ptolemy.domains.de.kernel.DEDirector._fire(DEDirector.java:1949)
	at ptolemy.domains.de.kernel.DEDirector.fire(DEDirector.java:502)
	at ptolemy.actor.CompositeActor.fire(CompositeActor.java:455)
	at ptolemy.actor.Manager.iterate(Manager.java:851)
	at ptolemy.actor.Manager.execute(Manager.java:369)
	at ptolemy.actor.Manager.run(Manager.java:1263)
	at ptolemy.actor.Manager$PtolemyRunThread.run(Manager.java:1933)

    while executing
ptolemy.kernel.util.IllegalActionException: Test fails in iteration 1.
Value was: 1.0. Should have been: 2.0
  in .DirectFeedback.Test
    while executing
"java::new ptolemy.moml.MoMLSimpleApplication $file
"
    (procedure "createAndExecute" line 2)
    invoked from within
"createAndExecute $file"
    ("uplevel" body line 5)
    invoked from within
"uplevel $contents_of_test"
------------------ testing $PTII/ptolemy/domains/de/test/auto/knownFailedTests/dependencyLoop.xml (Known Failure) 
12 ms. Memory: 129024K Free: 52677K (41%)


==== $PTIIhome/travis/build/icyphy/ptII/ptolemy/domains/de/test/../../../../: Auto Automatic test in file $PTII/ptolemy/domains/de/test/auto/knownFailedTests/dependencyLoop.xml
==== Contents of test case:

	    # FIXME: we should use $relativeFilename here, but it
	    # might have backslashes under Windows, which causes no end
	    # of trouble.
	    createAndExecute $file
	    list {}
	
.... Test generated KNOWN error:
    while executing
ptolemy.kernel.util.IllegalActionException: Found a zero delay loop containing .dependencyLoop.original
  in .dependencyLoop and .dependencyLoop.original
	at ptolemy.actor.util.CausalityInterfaceForComposites._computeOutputPortDepth(CausalityInterfaceForComposites.java:759)
	at ptolemy.actor.util.CausalityInterfaceForComposites._computeInputDepth(CausalityInterfaceForComposites.java:696)
	at ptolemy.actor.util.CausalityInterfaceForComposites._computeOutputPortDepth(CausalityInterfaceForComposites.java:765)
	at ptolemy.actor.util.CausalityInterfaceForComposites._computeInputDepth(CausalityInterfaceForComposites.java:696)
	at ptolemy.actor.util.CausalityInterfaceForComposites._computeOutputPortDepth(CausalityInterfaceForComposites.java:765)
	at ptolemy.actor.util.CausalityInterfaceForComposites._computeInputDepth(CausalityInterfaceForComposites.java:696)
	at ptolemy.actor.util.CausalityInterfaceForComposites._computeActorDepth(CausalityInterfaceForComposites.java:532)
	at ptolemy.actor.util.CausalityInterfaceForComposites.checkForCycles(CausalityInterfaceForComposites.java:96)
	at ptolemy.domains.de.kernel.DEDirector.preinitialize(DEDirector.java:1338)
	at ptolemy.actor.CompositeActor.preinitialize(CompositeActor.java:1828)
	at ptolemy.actor.Manager.preinitializeAndResolveTypes(Manager.java:1040)
	at ptolemy.actor.Manager.initialize(Manager.java:710)
	at ptolemy.actor.Manager.execute(Manager.java:356)
	at ptolemy.actor.Manager.run(Manager.java:1263)
	at ptolemy.actor.Manager$PtolemyRunThread.run(Manager.java:1933)

    while executing
ptolemy.kernel.util.IllegalActionException: Found a zero delay loop containing .dependencyLoop.original
  in .dependencyLoop and .dependencyLoop.original
    while executing
"java::new ptolemy.moml.MoMLSimpleApplication $file
"
    (procedure "createAndExecute" line 2)
    invoked from within
"createAndExecute $file"
    ("uplevel" body line 5)
    invoked from within
"uplevel $contents_of_test"
------------------ testing $PTII/ptolemy/domains/de/test/auto/knownFailedTests/FSMSource.xml (Known Failure) 
91 ms. Memory: 129024K Free: 110902K (86%)
!!!! Auto was marked as failing, but now passes
------------------ testing $PTII/ptolemy/domains/de/test/auto/knownFailedTests/HierarchicalModel.xml (Known Failure) 
5 ms. Memory: 129024K Free: 93493K (72%)


==== $PTIIhome/travis/build/icyphy/ptII/ptolemy/domains/de/test/../../../../: Auto Automatic test in file $PTII/ptolemy/domains/de/test/auto/knownFailedTests/HierarchicalModel.xml
==== Contents of test case:

	    # FIXME: we should use $relativeFilename here, but it
	    # might have backslashes under Windows, which causes no end
	    # of trouble.
	    createAndExecute $file
	    list {}
	
.... Test generated KNOWN error:
    while executing
ptolemy.kernel.util.IllegalActionException: Found a zero delay loop containing .HierarchicalModel.A
  in .HierarchicalModel and .HierarchicalModel.A
	at ptolemy.actor.util.CausalityInterfaceForComposites._computeOutputPortDepth(CausalityInterfaceForComposites.java:759)
	at ptolemy.actor.util.CausalityInterfaceForComposites._computeInputDepth(CausalityInterfaceForComposites.java:696)
	at ptolemy.actor.util.CausalityInterfaceForComposites._computeOutputPortDepth(CausalityInterfaceForComposites.java:765)
	at ptolemy.actor.util.CausalityInterfaceForComposites._computeInputDepth(CausalityInterfaceForComposites.java:696)
	at ptolemy.actor.util.CausalityInterfaceForComposites._computeOutputPortDepth(CausalityInterfaceForComposites.java:765)
	at ptolemy.actor.util.CausalityInterfaceForComposites._computeInputDepth(CausalityInterfaceForComposites.java:696)
	at ptolemy.actor.util.CausalityInterfaceForComposites._computeActorDepth(CausalityInterfaceForComposites.java:532)
	at ptolemy.actor.util.CausalityInterfaceForComposites.checkForCycles(CausalityInterfaceForComposites.java:96)
	at ptolemy.domains.de.kernel.DEDirector.preinitialize(DEDirector.java:1338)
	at ptolemy.actor.CompositeActor.preinitialize(CompositeActor.java:1828)
	at ptolemy.actor.Manager.preinitializeAndResolveTypes(Manager.java:1040)
	at ptolemy.actor.Manager.initialize(Manager.java:710)
	at ptolemy.actor.Manager.execute(Manager.java:356)
	at ptolemy.actor.Manager.run(Manager.java:1263)
	at ptolemy.actor.Manager$PtolemyRunThread.run(Manager.java:1933)

    while executing
ptolemy.kernel.util.IllegalActionException: Found a zero delay loop containing .HierarchicalModel.A
  in .HierarchicalModel and .HierarchicalModel.A
    while executing
"java::new ptolemy.moml.MoMLSimpleApplication $file
"
    (procedure "createAndExecute" line 2)
    invoked from within
"createAndExecute $file"
    ("uplevel" body line 5)
    invoked from within
"uplevel $contents_of_test"
------------------ testing $PTII/ptolemy/domains/de/test/auto/knownFailedTests/dependencyLoop2.xml (Known Failure) 
6 ms. Memory: 129024K Free: 77442K (60%)


==== $PTIIhome/travis/build/icyphy/ptII/ptolemy/domains/de/test/../../../../: Auto Automatic test in file $PTII/ptolemy/domains/de/test/auto/knownFailedTests/dependencyLoop2.xml
==== Contents of test case:

	    # FIXME: we should use $relativeFilename here, but it
	    # might have backslashes under Windows, which causes no end
	    # of trouble.
	    createAndExecute $file
	    list {}
	
.... Test generated KNOWN error:
    while executing
ptolemy.kernel.util.IllegalActionException: Found a zero delay loop containing .dependencyLoop2.original
  in .dependencyLoop2 and .dependencyLoop2.original
	at ptolemy.actor.util.CausalityInterfaceForComposites._computeOutputPortDepth(CausalityInterfaceForComposites.java:759)
	at ptolemy.actor.util.CausalityInterfaceForComposites._computeInputDepth(CausalityInterfaceForComposites.java:696)
	at ptolemy.actor.util.CausalityInterfaceForComposites._computeOutputPortDepth(CausalityInterfaceForComposites.java:765)
	at ptolemy.actor.util.CausalityInterfaceForComposites._computeInputDepth(CausalityInterfaceForComposites.java:696)
	at ptolemy.actor.util.CausalityInterfaceForComposites._computeOutputPortDepth(CausalityInterfaceForComposites.java:765)
	at ptolemy.actor.util.CausalityInterfaceForComposites._computeInputDepth(CausalityInterfaceForComposites.java:696)
	at ptolemy.actor.util.CausalityInterfaceForComposites._computeActorDepth(CausalityInterfaceForComposites.java:532)
	at ptolemy.actor.util.CausalityInterfaceForComposites.checkForCycles(CausalityInterfaceForComposites.java:96)
	at ptolemy.domains.de.kernel.DEDirector.preinitialize(DEDirector.java:1338)
	at ptolemy.actor.CompositeActor.preinitialize(CompositeActor.java:1828)
	at ptolemy.actor.Manager.preinitializeAndResolveTypes(Manager.java:1040)
	at ptolemy.actor.Manager.initialize(Manager.java:710)
	at ptolemy.actor.Manager.execute(Manager.java:356)
	at ptolemy.actor.Manager.run(Manager.java:1263)
	at ptolemy.actor.Manager$PtolemyRunThread.run(Manager.java:1933)

    while executing
ptolemy.kernel.util.IllegalActionException: Found a zero delay loop containing .dependencyLoop2.original
  in .dependencyLoop2 and .dependencyLoop2.original
    while executing
"java::new ptolemy.moml.MoMLSimpleApplication $file
"
    (procedure "createAndExecute" line 2)
    invoked from within
"createAndExecute $file"
    ("uplevel" body line 5)
    invoked from within
"uplevel $contents_of_test"
------------------ testing $PTII/ptolemy/domains/de/test/auto/knownFailedTests/DESDFClockTest.xml (Known Failure) 
2055 ms. Memory: 129024K Free: 107608K (83%)


==== $PTIIhome/travis/build/icyphy/ptII/ptolemy/domains/de/test/../../../../: Auto Automatic test in file $PTII/ptolemy/domains/de/test/auto/knownFailedTests/DESDFClockTest.xml
==== Contents of test case:

	    # FIXME: we should use $relativeFilename here, but it
	    # might have backslashes under Windows, which causes no end
	    # of trouble.
	    createAndExecute $file
	    list {}
	
.... Test generated KNOWN error:
    while executing
ptolemy.kernel.util.IllegalActionException: Actor is not ready to fire.  Perhaps UpSample.prefire() returned false? Try debugging the actor by selecting "Listen to Actor".  Also, for SDF check moml for tokenConsumptionRate on input.
  in .DESDFClockTest.Play Bell.Copy1:SDF Director and .DESDFClockTest.Play Bell.UpSample
	at ptolemy.actor.sched.StaticSchedulingDirector.fire(StaticSchedulingDirector.java:227)
	at ptolemy.domains.sdf.kernel.SDFDirector.fire(SDFDirector.java:500)
	at ptolemy.actor.CompositeActor.fire(CompositeActor.java:455)
	at ptolemy.domains.de.kernel.DEDirector._fire(DEDirector.java:1949)
	at ptolemy.domains.de.kernel.DEDirector.fire(DEDirector.java:502)
	at ptolemy.actor.CompositeActor.fire(CompositeActor.java:455)
	at ptolemy.actor.Manager.iterate(Manager.java:851)
	at ptolemy.actor.Manager.execute(Manager.java:369)
	at ptolemy.actor.Manager.run(Manager.java:1263)
	at ptolemy.actor.Manager$PtolemyRunThread.run(Manager.java:1933)

    while executing
ptolemy.kernel.util.IllegalActionException: Actor is not ready to fire.  Perhaps UpSample.prefire() returned false? Try debugging the actor by selecting "Listen to Actor".  Also, for SDF check moml for tokenConsumptionRate on input.
  in .DESDFClockTest.Play Bell.Copy1:SDF Director and .DESDFClockTest.Play Bell.UpSample
    while executing
"java::new ptolemy.moml.MoMLSimpleApplication $file
"
    (procedure "createAndExecute" line 2)
    invoked from within
"createAndExecute $file"
    ("uplevel" body line 5)
    invoked from within
"uplevel $contents_of_test"
------------------ testing $PTII/ptolemy/domains/de/test/auto/ActorDepthCalculation_actorWithoutPorts.xml
auto.tcl: Setting watchdog for 200 seconds at Fri Jan 03 05:41:28 UTC 2020
5 ms. Memory: 129024K Free: 100426K (78%)
ptolemy.util.test.WatchDog.cancel(): canceling Fri Jan 03 05:41:28 UTC 2020
auto.tcl: Setting watchdog for 200 seconds at Fri Jan 03 05:41:28 UTC 2020
5 ms. Memory: 129024K Free: 98906K (77%)
ptolemy.util.test.WatchDog.cancel(): canceling Fri Jan 03 05:41:28 UTC 2020
------------------ testing $PTII/ptolemy/domains/de/test/auto/AssemblyLine.xml
auto.tcl: Setting watchdog for 200 seconds at Fri Jan 03 05:41:28 UTC 2020
22 ms. Memory: 51200K Free: 27854K (54%)
ptolemy.util.test.WatchDog.cancel(): canceling Fri Jan 03 05:41:28 UTC 2020
auto.tcl: Setting watchdog for 200 seconds at Fri Jan 03 05:41:28 UTC 2020
6 ms. Memory: 51200K Free: 27304K (53%)
ptolemy.util.test.WatchDog.cancel(): canceling Fri Jan 03 05:41:28 UTC 2020
------------------ testing $PTII/ptolemy/domains/de/test/auto/CQBug1.xml
auto.tcl: Setting watchdog for 200 seconds at Fri Jan 03 05:41:28 UTC 2020
2 ms. Memory: 51200K Free: 33432K (65%)
ptolemy.util.test.WatchDog.cancel(): canceling Fri Jan 03 05:41:28 UTC 2020
auto.tcl: Setting watchdog for 200 seconds at Fri Jan 03 05:41:28 UTC 2020
2 ms. Memory: 51200K Free: 32980K (64%)
ptolemy.util.test.WatchDog.cancel(): canceling Fri Jan 03 05:41:28 UTC 2020
------------------ testing $PTII/ptolemy/domains/de/test/auto/CancelFireAt.xml
auto.tcl: Setting watchdog for 200 seconds at Fri Jan 03 05:41:28 UTC 2020
7 ms. Memory: 51200K Free: 34363K (67%)
ptolemy.util.test.WatchDog.cancel(): canceling Fri Jan 03 05:41:28 UTC 2020
auto.tcl: Setting watchdog for 200 seconds at Fri Jan 03 05:41:28 UTC 2020
2 ms. Memory: 51200K Free: 33920K (66%)
ptolemy.util.test.WatchDog.cancel(): canceling Fri Jan 03 05:41:28 UTC 2020
------------------ testing $PTII/ptolemy/domains/de/test/auto/CausalityAndComposabilityAnalysis.xml
auto.tcl: Setting watchdog for 200 seconds at Fri Jan 03 05:41:28 UTC 2020
8 ms. Memory: 51200K Free: 32337K (63%)
ptolemy.util.test.WatchDog.cancel(): canceling Fri Jan 03 05:41:28 UTC 2020
auto.tcl: Setting watchdog for 200 seconds at Fri Jan 03 05:41:28 UTC 2020
7 ms. Memory: 51200K Free: 31878K (62%)
ptolemy.util.test.WatchDog.cancel(): canceling Fri Jan 03 05:41:28 UTC 2020
------------------ testing $PTII/ptolemy/domains/de/test/auto/CausalityInterface1.xml
auto.tcl: Setting watchdog for 200 seconds at Fri Jan 03 05:41:28 UTC 2020
28 ms. Memory: 51200K Free: 31280K (61%)
ptolemy.util.test.WatchDog.cancel(): canceling Fri Jan 03 05:41:28 UTC 2020
auto.tcl: Setting watchdog for 200 seconds at Fri Jan 03 05:41:28 UTC 2020
4 ms. Memory: 51200K Free: 30305K (59%)
ptolemy.util.test.WatchDog.cancel(): canceling Fri Jan 03 05:41:28 UTC 2020
------------------ testing $PTII/ptolemy/domains/de/test/auto/CausalityInterface15.xml
auto.tcl: Setting watchdog for 200 seconds at Fri Jan 03 05:41:28 UTC 2020
5 ms. Memory: 51200K Free: 31463K (61%)
ptolemy.util.test.WatchDog.cancel(): canceling Fri Jan 03 05:41:29 UTC 2020
auto.tcl: Setting watchdog for 200 seconds at Fri Jan 03 05:41:29 UTC 2020
4 ms. Memory: 51200K Free: 30271K (59%)
ptolemy.util.test.WatchDog.cancel(): canceling Fri Jan 03 05:41:29 UTC 2020
------------------ testing $PTII/ptolemy/domains/de/test/auto/CausalityInterface2.xml
auto.tcl: Setting watchdog for 200 seconds at Fri Jan 03 05:41:29 UTC 2020
9 ms. Memory: 51200K Free: 31970K (62%)
ptolemy.util.test.WatchDog.cancel(): canceling Fri Jan 03 05:41:29 UTC 2020
auto.tcl: Setting watchdog for 200 seconds at Fri Jan 03 05:41:29 UTC 2020
2 ms. Memory: 51200K Free: 31265K (61%)
ptolemy.util.test.WatchDog.cancel(): canceling Fri Jan 03 05:41:29 UTC 2020
------------------ testing $PTII/ptolemy/domains/de/test/auto/CausalityInterface3.xml
auto.tcl: Setting watchdog for 200 seconds at Fri Jan 03 05:41:29 UTC 2020
3 ms. Memory: 51200K Free: 31453K (61%)
ptolemy.util.test.WatchDog.cancel(): canceling Fri Jan 03 05:41:29 UTC 2020
auto.tcl: Setting watchdog for 200 seconds at Fri Jan 03 05:41:29 UTC 2020
2 ms. Memory: 51200K Free: 30967K (60%)
ptolemy.util.test.WatchDog.cancel(): canceling Fri Jan 03 05:41:29 UTC 2020
------------------ testing $PTII/ptolemy/domains/de/test/auto/ClockDrift.xml
auto.tcl: Setting watchdog for 200 seconds at Fri Jan 03 05:41:29 UTC 2020
78 ms. Memory: 51200K Free: 24044K (47%)
ptolemy.util.test.WatchDog.cancel(): canceling Fri Jan 03 05:41:29 UTC 2020
auto.tcl: Setting watchdog for 200 seconds at Fri Jan 03 05:41:29 UTC 2020
49 ms. Memory: 51200K Free: 20857K (41%)
ptolemy.util.test.WatchDog.cancel(): canceling Fri Jan 03 05:41:29 UTC 2020
------------------ testing $PTII/ptolemy/domains/de/test/auto/ClockDriftAndValueChange.xml
auto.tcl: Setting watchdog for 200 seconds at Fri Jan 03 05:41:29 UTC 2020
20 ms. Memory: 51200K Free: 24168K (47%)
ptolemy.util.test.WatchDog.cancel(): canceling Fri Jan 03 05:41:29 UTC 2020
auto.tcl: Setting watchdog for 200 seconds at Fri Jan 03 05:41:29 UTC 2020
16 ms. Memory: 51200K Free: 21354K (42%)
ptolemy.util.test.WatchDog.cancel(): canceling Fri Jan 03 05:41:29 UTC 2020
------------------ testing $PTII/ptolemy/domains/de/test/auto/ClockDriftChange.xml
auto.tcl: Setting watchdog for 200 seconds at Fri Jan 03 05:41:29 UTC 2020
20 ms. Memory: 51200K Free: 25961K (51%)
ptolemy.util.test.WatchDog.cancel(): canceling Fri Jan 03 05:41:29 UTC 2020
auto.tcl: Setting watchdog for 200 seconds at Fri Jan 03 05:41:29 UTC 2020
27 ms. Memory: 51200K Free: 23403K (46%)
ptolemy.util.test.WatchDog.cancel(): canceling Fri Jan 03 05:41:29 UTC 2020
------------------ testing $PTII/ptolemy/domains/de/test/auto/ComposableCausalityAnalysis.xml
auto.tcl: Setting watchdog for 200 seconds at Fri Jan 03 05:41:29 UTC 2020
1 ms. Memory: 51200K Free: 30747K (60%)
ptolemy.util.test.WatchDog.cancel(): canceling Fri Jan 03 05:41:29 UTC 2020
auto.tcl: Setting watchdog for 200 seconds at Fri Jan 03 05:41:29 UTC 2020
1 ms. Memory: 51200K Free: 29738K (58%)
ptolemy.util.test.WatchDog.cancel(): canceling Fri Jan 03 05:41:29 UTC 2020
------------------ testing $PTII/ptolemy/domains/de/test/auto/DEFixedPointLimitation.xml
auto.tcl: Setting watchdog for 200 seconds at Fri Jan 03 05:41:29 UTC 2020
4 ms. Memory: 51200K Free: 32125K (63%)
ptolemy.util.test.WatchDog.cancel(): canceling Fri Jan 03 05:41:29 UTC 2020
auto.tcl: Setting watchdog for 200 seconds at Fri Jan 03 05:41:29 UTC 2020
1 ms. Memory: 51200K Free: 31246K (61%)
ptolemy.util.test.WatchDog.cancel(): canceling Fri Jan 03 05:41:29 UTC 2020
------------------ testing $PTII/ptolemy/domains/de/test/auto/DEScheduleTest.xml
auto.tcl: Setting watchdog for 200 seconds at Fri Jan 03 05:41:29 UTC 2020
4 ms. Memory: 51200K Free: 32514K (64%)
ptolemy.util.test.WatchDog.cancel(): canceling Fri Jan 03 05:41:29 UTC 2020
auto.tcl: Setting watchdog for 200 seconds at Fri Jan 03 05:41:29 UTC 2020
3 ms. Memory: 51200K Free: 31749K (62%)
ptolemy.util.test.WatchDog.cancel(): canceling Fri Jan 03 05:41:29 UTC 2020
------------------ testing $PTII/ptolemy/domains/de/test/auto/DEinDEwithStartTimes.xml
auto.tcl: Setting watchdog for 200 seconds at Fri Jan 03 05:41:29 UTC 2020
3 ms. Memory: 51200K Free: 30675K (60%)
ptolemy.util.test.WatchDog.cancel(): canceling Fri Jan 03 05:41:29 UTC 2020
auto.tcl: Setting watchdog for 200 seconds at Fri Jan 03 05:41:29 UTC 2020
4 ms. Memory: 51200K Free: 29803K (58%)
ptolemy.util.test.WatchDog.cancel(): canceling Fri Jan 03 05:41:29 UTC 2020
------------------ testing $PTII/ptolemy/domains/de/test/auto/DEinDEwithStartTimes2.xml
auto.tcl: Setting watchdog for 200 seconds at Fri Jan 03 05:41:29 UTC 2020
4 ms. Memory: 51200K Free: 29783K (58%)
ptolemy.util.test.WatchDog.cancel(): canceling Fri Jan 03 05:41:29 UTC 2020
auto.tcl: Setting watchdog for 200 seconds at Fri Jan 03 05:41:29 UTC 2020
2 ms. Memory: 51200K Free: 28606K (56%)
ptolemy.util.test.WatchDog.cancel(): canceling Fri Jan 03 05:41:29 UTC 2020
------------------ testing $PTII/ptolemy/domains/de/test/auto/DateDemo.xml
auto.tcl: Setting watchdog for 200 seconds at Fri Jan 03 05:41:29 UTC 2020
19 ms. Memory: 51200K Free: 24485K (48%)
ptolemy.util.test.WatchDog.cancel(): canceling Fri Jan 03 05:41:30 UTC 2020
auto.tcl: Setting watchdog for 200 seconds at Fri Jan 03 05:41:30 UTC 2020
7 ms. Memory: 51200K Free: 22574K (44%)
ptolemy.util.test.WatchDog.cancel(): canceling Fri Jan 03 05:41:30 UTC 2020
------------------ testing $PTII/ptolemy/domains/de/test/auto/DateToEvent.xml
auto.tcl: Setting watchdog for 200 seconds at Fri Jan 03 05:41:30 UTC 2020
2012 ms. Memory: 51200K Free: 20170K (39%)
ptolemy.util.test.WatchDog.cancel(): canceling Fri Jan 03 05:41:32 UTC 2020
auto.tcl: Setting watchdog for 200 seconds at Fri Jan 03 05:41:32 UTC 2020
2006 ms. Memory: 51200K Free: 19304K (38%)
ptolemy.util.test.WatchDog.cancel(): canceling Fri Jan 03 05:41:34 UTC 2020
------------------ testing $PTII/ptolemy/domains/de/test/auto/DepthTest1.xml
auto.tcl: Setting watchdog for 200 seconds at Fri Jan 03 05:41:34 UTC 2020
4 ms. Memory: 51200K Free: 33335K (65%)
ptolemy.util.test.WatchDog.cancel(): canceling Fri Jan 03 05:41:34 UTC 2020
auto.tcl: Setting watchdog for 200 seconds at Fri Jan 03 05:41:34 UTC 2020
1 ms. Memory: 51200K Free: 32863K (64%)
ptolemy.util.test.WatchDog.cancel(): canceling Fri Jan 03 05:41:34 UTC 2020
------------------ testing $PTII/ptolemy/domains/de/test/auto/DepthTest2.xml
auto.tcl: Setting watchdog for 200 seconds at Fri Jan 03 05:41:34 UTC 2020
3 ms. Memory: 51200K Free: 30147K (59%)
ptolemy.util.test.WatchDog.cancel(): canceling Fri Jan 03 05:41:34 UTC 2020
auto.tcl: Setting watchdog for 200 seconds at Fri Jan 03 05:41:34 UTC 2020
2 ms. Memory: 51200K Free: 29701K (58%)
ptolemy.util.test.WatchDog.cancel(): canceling Fri Jan 03 05:41:34 UTC 2020
------------------ testing $PTII/ptolemy/domains/de/test/auto/DepthTest3.xml
auto.tcl: Setting watchdog for 200 seconds at Fri Jan 03 05:41:34 UTC 2020
4 ms. Memory: 51200K Free: 33665K (66%)
ptolemy.util.test.WatchDog.cancel(): canceling Fri Jan 03 05:41:34 UTC 2020
auto.tcl: Setting watchdog for 200 seconds at Fri Jan 03 05:41:34 UTC 2020
1 ms. Memory: 51200K Free: 33177K (65%)
ptolemy.util.test.WatchDog.cancel(): canceling Fri Jan 03 05:41:34 UTC 2020
------------------ testing $PTII/ptolemy/domains/de/test/auto/DepthTest4.xml
auto.tcl: Setting watchdog for 200 seconds at Fri Jan 03 05:41:34 UTC 2020
5 ms. Memory: 51200K Free: 31894K (62%)
ptolemy.util.test.WatchDog.cancel(): canceling Fri Jan 03 05:41:34 UTC 2020
auto.tcl: Setting watchdog for 200 seconds at Fri Jan 03 05:41:34 UTC 2020
2 ms. Memory: 51200K Free: 31218K (61%)
ptolemy.util.test.WatchDog.cancel(): canceling Fri Jan 03 05:41:34 UTC 2020
------------------ testing $PTII/ptolemy/domains/de/test/auto/DepthTest5.xml
auto.tcl: Setting watchdog for 200 seconds at Fri Jan 03 05:41:34 UTC 2020
4 ms. Memory: 51200K Free: 31374K (61%)
ptolemy.util.test.WatchDog.cancel(): canceling Fri Jan 03 05:41:34 UTC 2020
auto.tcl: Setting watchdog for 200 seconds at Fri Jan 03 05:41:34 UTC 2020
2 ms. Memory: 51200K Free: 30608K (60%)
ptolemy.util.test.WatchDog.cancel(): canceling Fri Jan 03 05:41:34 UTC 2020
------------------ testing $PTII/ptolemy/domains/de/test/auto/DepthTest6.xml
auto.tcl: Setting watchdog for 200 seconds at Fri Jan 03 05:41:34 UTC 2020
4 ms. Memory: 51200K Free: 31074K (61%)
ptolemy.util.test.WatchDog.cancel(): canceling Fri Jan 03 05:41:34 UTC 2020
auto.tcl: Setting watchdog for 200 seconds at Fri Jan 03 05:41:34 UTC 2020
3 ms. Memory: 51200K Free: 30628K (60%)
ptolemy.util.test.WatchDog.cancel(): canceling Fri Jan 03 05:41:34 UTC 2020
------------------ testing $PTII/ptolemy/domains/de/test/auto/DepthTest7.xml
auto.tcl: Setting watchdog for 200 seconds at Fri Jan 03 05:41:34 UTC 2020
3 ms. Memory: 51200K Free: 31087K (61%)
ptolemy.util.test.WatchDog.cancel(): canceling Fri Jan 03 05:41:34 UTC 2020
auto.tcl: Setting watchdog for 200 seconds at Fri Jan 03 05:41:34 UTC 2020
2 ms. Memory: 51200K Free: 30616K (60%)
ptolemy.util.test.WatchDog.cancel(): canceling Fri Jan 03 05:41:34 UTC 2020
------------------ testing $PTII/ptolemy/domains/de/test/auto/EventToDate.xml
auto.tcl: Setting watchdog for 200 seconds at Fri Jan 03 05:41:34 UTC 2020
3006 ms. Memory: 51200K Free: 22412K (44%)
ptolemy.util.test.WatchDog.cancel(): canceling Fri Jan 03 05:41:37 UTC 2020
auto.tcl: Setting watchdog for 200 seconds at Fri Jan 03 05:41:37 UTC 2020
3004 ms. Memory: 51200K Free: 21954K (43%)
ptolemy.util.test.WatchDog.cancel(): canceling Fri Jan 03 05:41:40 UTC 2020
------------------ testing $PTII/ptolemy/domains/de/test/auto/FSM1.xml
auto.tcl: Setting watchdog for 200 seconds at Fri Jan 03 05:41:40 UTC 2020
20 ms. Memory: 51200K Free: 23863K (47%)
ptolemy.util.test.WatchDog.cancel(): canceling Fri Jan 03 05:41:40 UTC 2020
auto.tcl: Setting watchdog for 200 seconds at Fri Jan 03 05:41:40 UTC 2020
22 ms. Memory: 51200K Free: 20600K (40%)
ptolemy.util.test.WatchDog.cancel(): canceling Fri Jan 03 05:41:40 UTC 2020
------------------ testing $PTII/ptolemy/domains/de/test/auto/FSM7.xml
auto.tcl: Setting watchdog for 200 seconds at Fri Jan 03 05:41:40 UTC 2020
30 ms. Memory: 51200K Free: 23757K (46%)
ptolemy.util.test.WatchDog.cancel(): canceling Fri Jan 03 05:41:40 UTC 2020
auto.tcl: Setting watchdog for 200 seconds at Fri Jan 03 05:41:40 UTC 2020
22 ms. Memory: 51200K Free: 20804K (41%)
ptolemy.util.test.WatchDog.cancel(): canceling Fri Jan 03 05:41:40 UTC 2020
------------------ testing $PTII/ptolemy/domains/de/test/auto/Inspection.xml
auto.tcl: Setting watchdog for 200 seconds at Fri Jan 03 05:41:41 UTC 2020
25 ms. Memory: 51200K Free: 23540K (46%)
ptolemy.util.test.WatchDog.cancel(): canceling Fri Jan 03 05:41:41 UTC 2020
auto.tcl: Setting watchdog for 200 seconds at Fri Jan 03 05:41:41 UTC 2020
22 ms. Memory: 51200K Free: 21857K (43%)
ptolemy.util.test.WatchDog.cancel(): canceling Fri Jan 03 05:41:41 UTC 2020
------------------ testing $PTII/ptolemy/domains/de/test/auto/Iteration.xml
auto.tcl: Setting watchdog for 200 seconds at Fri Jan 03 05:41:41 UTC 2020
8 ms. Memory: 51200K Free: 29107K (57%)
ptolemy.util.test.WatchDog.cancel(): canceling Fri Jan 03 05:41:41 UTC 2020
auto.tcl: Setting watchdog for 200 seconds at Fri Jan 03 05:41:41 UTC 2020
8 ms. Memory: 51200K Free: 27917K (55%)
ptolemy.util.test.WatchDog.cancel(): canceling Fri Jan 03 05:41:41 UTC 2020
------------------ testing $PTII/ptolemy/domains/de/test/auto/LineFault.xml
auto.tcl: Setting watchdog for 200 seconds at Fri Jan 03 05:41:41 UTC 2020
675 ms. Memory: 61440K Free: 23540K (38%)
ptolemy.util.test.WatchDog.cancel(): canceling Fri Jan 03 05:41:42 UTC 2020
auto.tcl: Setting watchdog for 200 seconds at Fri Jan 03 05:41:42 UTC 2020
537 ms. Memory: 61440K Free: 23081K (38%)
ptolemy.util.test.WatchDog.cancel(): canceling Fri Jan 03 05:41:42 UTC 2020
------------------ testing $PTII/ptolemy/domains/de/test/auto/MergeModel1Add.xml
auto.tcl: Setting watchdog for 200 seconds at Fri Jan 03 05:41:42 UTC 2020
19 ms. Memory: 55296K Free: 18881K (34%)
ptolemy.util.test.WatchDog.cancel(): canceling Fri Jan 03 05:41:42 UTC 2020
auto.tcl: Setting watchdog for 200 seconds at Fri Jan 03 05:41:42 UTC 2020
12 ms. Memory: 55296K Free: 17220K (31%)
ptolemy.util.test.WatchDog.cancel(): canceling Fri Jan 03 05:41:42 UTC 2020
------------------ testing $PTII/ptolemy/domains/de/test/auto/MergeModel2Add.xml
auto.tcl: Setting watchdog for 200 seconds at Fri Jan 03 05:41:42 UTC 2020
13 ms. Memory: 55296K Free: 21752K (39%)
ptolemy.util.test.WatchDog.cancel(): canceling Fri Jan 03 05:41:43 UTC 2020
auto.tcl: Setting watchdog for 200 seconds at Fri Jan 03 05:41:43 UTC 2020
10 ms. Memory: 55296K Free: 20092K (36%)
ptolemy.util.test.WatchDog.cancel(): canceling Fri Jan 03 05:41:43 UTC 2020
------------------ testing $PTII/ptolemy/domains/de/test/auto/MergeModel3Add.xml
auto.tcl: Setting watchdog for 200 seconds at Fri Jan 03 05:41:43 UTC 2020
10 ms. Memory: 55296K Free: 22231K (40%)
ptolemy.util.test.WatchDog.cancel(): canceling Fri Jan 03 05:41:43 UTC 2020
auto.tcl: Setting watchdog for 200 seconds at Fri Jan 03 05:41:43 UTC 2020
10 ms. Memory: 55296K Free: 20539K (37%)
ptolemy.util.test.WatchDog.cancel(): canceling Fri Jan 03 05:41:43 UTC 2020
------------------ testing $PTII/ptolemy/domains/de/test/auto/MergeWithoutDiscard.xml
auto.tcl: Setting watchdog for 200 seconds at Fri Jan 03 05:41:43 UTC 2020
2 ms. Memory: 55296K Free: 36373K (66%)
ptolemy.util.test.WatchDog.cancel(): canceling Fri Jan 03 05:41:43 UTC 2020
auto.tcl: Setting watchdog for 200 seconds at Fri Jan 03 05:41:43 UTC 2020
1 ms. Memory: 55296K Free: 35892K (65%)
ptolemy.util.test.WatchDog.cancel(): canceling Fri Jan 03 05:41:43 UTC 2020
------------------ testing $PTII/ptolemy/domains/de/test/auto/Modal1.xml
auto.tcl: Setting watchdog for 200 seconds at Fri Jan 03 05:41:43 UTC 2020
13 ms. Memory: 51200K Free: 24126K (47%)
ptolemy.util.test.WatchDog.cancel(): canceling Fri Jan 03 05:41:43 UTC 2020
auto.tcl: Setting watchdog for 200 seconds at Fri Jan 03 05:41:43 UTC 2020
13 ms. Memory: 51200K Free: 20845K (41%)
ptolemy.util.test.WatchDog.cancel(): canceling Fri Jan 03 05:41:43 UTC 2020
------------------ testing $PTII/ptolemy/domains/de/test/auto/Modal2.xml
auto.tcl: Setting watchdog for 200 seconds at Fri Jan 03 05:41:43 UTC 2020
19 ms. Memory: 51200K Free: 24014K (47%)
ptolemy.util.test.WatchDog.cancel(): canceling Fri Jan 03 05:41:43 UTC 2020
auto.tcl: Setting watchdog for 200 seconds at Fri Jan 03 05:41:43 UTC 2020
18 ms. Memory: 51200K Free: 20742K (41%)
ptolemy.util.test.WatchDog.cancel(): canceling Fri Jan 03 05:41:43 UTC 2020
------------------ testing $PTII/ptolemy/domains/de/test/auto/Modal3.xml
auto.tcl: Setting watchdog for 200 seconds at Fri Jan 03 05:41:43 UTC 2020
16 ms. Memory: 51200K Free: 23658K (46%)
ptolemy.util.test.WatchDog.cancel(): canceling Fri Jan 03 05:41:43 UTC 2020
auto.tcl: Setting watchdog for 200 seconds at Fri Jan 03 05:41:43 UTC 2020
12 ms. Memory: 51200K Free: 20737K (41%)
ptolemy.util.test.WatchDog.cancel(): canceling Fri Jan 03 05:41:43 UTC 2020
------------------ testing $PTII/ptolemy/domains/de/test/auto/Modal4.xml
auto.tcl: Setting watchdog for 200 seconds at Fri Jan 03 05:41:43 UTC 2020
15 ms. Memory: 51200K Free: 22953K (45%)
ptolemy.util.test.WatchDog.cancel(): canceling Fri Jan 03 05:41:43 UTC 2020
auto.tcl: Setting watchdog for 200 seconds at Fri Jan 03 05:41:43 UTC 2020
17 ms. Memory: 51200K Free: 19286K (38%)
ptolemy.util.test.WatchDog.cancel(): canceling Fri Jan 03 05:41:43 UTC 2020
------------------ testing $PTII/ptolemy/domains/de/test/auto/Modal5.xml
auto.tcl: Setting watchdog for 200 seconds at Fri Jan 03 05:41:43 UTC 2020
17 ms. Memory: 51200K Free: 22931K (45%)
ptolemy.util.test.WatchDog.cancel(): canceling Fri Jan 03 05:41:43 UTC 2020
auto.tcl: Setting watchdog for 200 seconds at Fri Jan 03 05:41:43 UTC 2020
16 ms. Memory: 51200K Free: 19134K (37%)
ptolemy.util.test.WatchDog.cancel(): canceling Fri Jan 03 05:41:43 UTC 2020
------------------ testing $PTII/ptolemy/domains/de/test/auto/Modal6.xml
auto.tcl: Setting watchdog for 200 seconds at Fri Jan 03 05:41:43 UTC 2020
19 ms. Memory: 51200K Free: 23465K (46%)
ptolemy.util.test.WatchDog.cancel(): canceling Fri Jan 03 05:41:43 UTC 2020
auto.tcl: Setting watchdog for 200 seconds at Fri Jan 03 05:41:43 UTC 2020
18 ms. Memory: 51200K Free: 19725K (39%)
ptolemy.util.test.WatchDog.cancel(): canceling Fri Jan 03 05:41:43 UTC 2020
------------------ testing $PTII/ptolemy/domains/de/test/auto/Modal7.xml
auto.tcl: Setting watchdog for 200 seconds at Fri Jan 03 05:41:43 UTC 2020
10 ms. Memory: 51200K Free: 22701K (44%)
ptolemy.util.test.WatchDog.cancel(): canceling Fri Jan 03 05:41:43 UTC 2020
auto.tcl: Setting watchdog for 200 seconds at Fri Jan 03 05:41:43 UTC 2020
10 ms. Memory: 51200K Free: 19309K (38%)
ptolemy.util.test.WatchDog.cancel(): canceling Fri Jan 03 05:41:43 UTC 2020
------------------ testing $PTII/ptolemy/domains/de/test/auto/ModalModel.xml
auto.tcl: Setting watchdog for 200 seconds at Fri Jan 03 05:41:43 UTC 2020
178 ms. Memory: 51200K Free: 15914K (31%)
ptolemy.util.test.WatchDog.cancel(): canceling Fri Jan 03 05:41:44 UTC 2020
auto.tcl: Setting watchdog for 200 seconds at Fri Jan 03 05:41:44 UTC 2020
183 ms. Memory: 63488K Free: 23977K (38%)
ptolemy.util.test.WatchDog.cancel(): canceling Fri Jan 03 05:41:44 UTC 2020
------------------ testing $PTII/ptolemy/domains/de/test/auto/ModalSource.xml
auto.tcl: Setting watchdog for 200 seconds at Fri Jan 03 05:41:44 UTC 2020
7 ms. Memory: 55296K Free: 31887K (58%)
ptolemy.util.test.WatchDog.cancel(): canceling Fri Jan 03 05:41:44 UTC 2020
auto.tcl: Setting watchdog for 200 seconds at Fri Jan 03 05:41:44 UTC 2020
5 ms. Memory: 55296K Free: 29984K (54%)
ptolemy.util.test.WatchDog.cancel(): canceling Fri Jan 03 05:41:44 UTC 2020
------------------ testing $PTII/ptolemy/domains/de/test/auto/NonInterruptibleTimerZeroDelay.xml
auto.tcl: Setting watchdog for 200 seconds at Fri Jan 03 05:41:44 UTC 2020
3 ms. Memory: 55296K Free: 36754K (66%)
ptolemy.util.test.WatchDog.cancel(): canceling Fri Jan 03 05:41:44 UTC 2020
auto.tcl: Setting watchdog for 200 seconds at Fri Jan 03 05:41:44 UTC 2020
2 ms. Memory: 55296K Free: 36161K (65%)
ptolemy.util.test.WatchDog.cancel(): canceling Fri Jan 03 05:41:44 UTC 2020
------------------ testing $PTII/ptolemy/domains/de/test/auto/OpenQueueingNetwork.xml
auto.tcl: Setting watchdog for 200 seconds at Fri Jan 03 05:41:44 UTC 2020
2604 ms. Memory: 100352K Free: 42638K (42%)
ptolemy.util.test.WatchDog.cancel(): canceling Fri Jan 03 05:41:47 UTC 2020
auto.tcl: Setting watchdog for 200 seconds at Fri Jan 03 05:41:47 UTC 2020
2212 ms. Memory: 120832K Free: 45174K (37%)
ptolemy.util.test.WatchDog.cancel(): canceling Fri Jan 03 05:41:49 UTC 2020
------------------ testing $PTII/ptolemy/domains/de/test/auto/OpenQueuingNetwork.xml
auto.tcl: Setting watchdog for 200 seconds at Fri Jan 03 05:41:49 UTC 2020
208 ms. Memory: 58368K Free: 30904K (53%)
ptolemy.util.test.WatchDog.cancel(): canceling Fri Jan 03 05:41:49 UTC 2020
auto.tcl: Setting watchdog for 200 seconds at Fri Jan 03 05:41:49 UTC 2020
198 ms. Memory: 58368K Free: 13382K (23%)
ptolemy.util.test.WatchDog.cancel(): canceling Fri Jan 03 05:41:50 UTC 2020
------------------ testing $PTII/ptolemy/domains/de/test/auto/PeriodicSampler.xml
auto.tcl: Setting watchdog for 200 seconds at Fri Jan 03 05:41:50 UTC 2020
2 ms. Memory: 51200K Free: 31938K (62%)
ptolemy.util.test.WatchDog.cancel(): canceling Fri Jan 03 05:41:50 UTC 2020
auto.tcl: Setting watchdog for 200 seconds at Fri Jan 03 05:41:50 UTC 2020
2 ms. Memory: 51200K Free: 31418K (61%)
ptolemy.util.test.WatchDog.cancel(): canceling Fri Jan 03 05:41:50 UTC 2020
------------------ testing $PTII/ptolemy/domains/de/test/auto/PersistentIO.xml
auto.tcl: Setting watchdog for 200 seconds at Fri Jan 03 05:41:50 UTC 2020
17 ms. Memory: 51200K Free: 26864K (52%)
ptolemy.util.test.WatchDog.cancel(): canceling Fri Jan 03 05:41:50 UTC 2020
auto.tcl: Setting watchdog for 200 seconds at Fri Jan 03 05:41:50 UTC 2020
3 ms. Memory: 51200K Free: 25344K (50%)
ptolemy.util.test.WatchDog.cancel(): canceling Fri Jan 03 05:41:50 UTC 2020
------------------ testing $PTII/ptolemy/domains/de/test/auto/PortParameterResetOnInitialize.xml
auto.tcl: Setting watchdog for 200 seconds at Fri Jan 03 05:41:50 UTC 2020
2 ms. Memory: 51200K Free: 32046K (63%)
ptolemy.util.test.WatchDog.cancel(): canceling Fri Jan 03 05:41:50 UTC 2020
auto.tcl: Setting watchdog for 200 seconds at Fri Jan 03 05:41:50 UTC 2020
2 ms. Memory: 51200K Free: 31534K (62%)
ptolemy.util.test.WatchDog.cancel(): canceling Fri Jan 03 05:41:50 UTC 2020
------------------ testing $PTII/ptolemy/domains/de/test/auto/PortParameterUpdates.xml
auto.tcl: Setting watchdog for 200 seconds at Fri Jan 03 05:41:50 UTC 2020
4 ms. Memory: 51200K Free: 29932K (58%)
ptolemy.util.test.WatchDog.cancel(): canceling Fri Jan 03 05:41:50 UTC 2020
auto.tcl: Setting watchdog for 200 seconds at Fri Jan 03 05:41:50 UTC 2020
9 ms. Memory: 51200K Free: 28912K (56%)
ptolemy.util.test.WatchDog.cancel(): canceling Fri Jan 03 05:41:50 UTC 2020
------------------ testing $PTII/ptolemy/domains/de/test/auto/QueueAndServer.xml
auto.tcl: Setting watchdog for 200 seconds at Fri Jan 03 05:41:50 UTC 2020
6 ms. Memory: 51200K Free: 28824K (56%)
ptolemy.util.test.WatchDog.cancel(): canceling Fri Jan 03 05:41:50 UTC 2020
auto.tcl: Setting watchdog for 200 seconds at Fri Jan 03 05:41:50 UTC 2020
6 ms. Memory: 51200K Free: 27351K (53%)
ptolemy.util.test.WatchDog.cancel(): canceling Fri Jan 03 05:41:50 UTC 2020
------------------ testing $PTII/ptolemy/domains/de/test/auto/Records.xml
auto.tcl: Setting watchdog for 200 seconds at Fri Jan 03 05:41:50 UTC 2020
3 ms. Memory: 51200K Free: 31103K (61%)
ptolemy.util.test.WatchDog.cancel(): canceling Fri Jan 03 05:41:50 UTC 2020
auto.tcl: Setting watchdog for 200 seconds at Fri Jan 03 05:41:50 UTC 2020
3 ms. Memory: 51200K Free: 30598K (60%)
ptolemy.util.test.WatchDog.cancel(): canceling Fri Jan 03 05:41:50 UTC 2020
------------------ testing $PTII/ptolemy/domains/de/test/auto/ResetTransitionWithStartTime1.xml
auto.tcl: Setting watchdog for 200 seconds at Fri Jan 03 05:41:50 UTC 2020
7 ms. Memory: 51200K Free: 28347K (55%)
ptolemy.util.test.WatchDog.cancel(): canceling Fri Jan 03 05:41:50 UTC 2020
auto.tcl: Setting watchdog for 200 seconds at Fri Jan 03 05:41:50 UTC 2020
6 ms. Memory: 51200K Free: 25779K (50%)
ptolemy.util.test.WatchDog.cancel(): canceling Fri Jan 03 05:41:50 UTC 2020
------------------ testing $PTII/ptolemy/domains/de/test/auto/ResetTransitionWithStartTime2.xml
auto.tcl: Setting watchdog for 200 seconds at Fri Jan 03 05:41:50 UTC 2020
6 ms. Memory: 51200K Free: 28303K (55%)
ptolemy.util.test.WatchDog.cancel(): canceling Fri Jan 03 05:41:50 UTC 2020
auto.tcl: Setting watchdog for 200 seconds at Fri Jan 03 05:41:50 UTC 2020
6 ms. Memory: 51200K Free: 26255K (51%)
ptolemy.util.test.WatchDog.cancel(): canceling Fri Jan 03 05:41:50 UTC 2020
------------------ testing $PTII/ptolemy/domains/de/test/auto/ResetTransitionWithStartTime3.xml
auto.tcl: Setting watchdog for 200 seconds at Fri Jan 03 05:41:50 UTC 2020
11 ms. Memory: 51200K Free: 28301K (55%)
ptolemy.util.test.WatchDog.cancel(): canceling Fri Jan 03 05:41:50 UTC 2020
auto.tcl: Setting watchdog for 200 seconds at Fri Jan 03 05:41:50 UTC 2020
5 ms. Memory: 51200K Free: 25747K (50%)
ptolemy.util.test.WatchDog.cancel(): canceling Fri Jan 03 05:41:50 UTC 2020
------------------ testing $PTII/ptolemy/domains/de/test/auto/ResetTransitionWithStartTime4.xml
auto.tcl: Setting watchdog for 200 seconds at Fri Jan 03 05:41:50 UTC 2020
10 ms. Memory: 51200K Free: 28741K (56%)
ptolemy.util.test.WatchDog.cancel(): canceling Fri Jan 03 05:41:50 UTC 2020
auto.tcl: Setting watchdog for 200 seconds at Fri Jan 03 05:41:50 UTC 2020
4 ms. Memory: 51200K Free: 27276K (53%)
ptolemy.util.test.WatchDog.cancel(): canceling Fri Jan 03 05:41:50 UTC 2020
------------------ testing $PTII/ptolemy/domains/de/test/auto/ResettableTimer1.xml
auto.tcl: Setting watchdog for 200 seconds at Fri Jan 03 05:41:50 UTC 2020
2 ms. Memory: 51200K Free: 32513K (64%)
ptolemy.util.test.WatchDog.cancel(): canceling Fri Jan 03 05:41:50 UTC 2020
auto.tcl: Setting watchdog for 200 seconds at Fri Jan 03 05:41:50 UTC 2020
2 ms. Memory: 51200K Free: 31855K (62%)
ptolemy.util.test.WatchDog.cancel(): canceling Fri Jan 03 05:41:50 UTC 2020
------------------ testing $PTII/ptolemy/domains/de/test/auto/ResettableTimer2.xml
auto.tcl: Setting watchdog for 200 seconds at Fri Jan 03 05:41:50 UTC 2020
3 ms. Memory: 51200K Free: 32572K (64%)
ptolemy.util.test.WatchDog.cancel(): canceling Fri Jan 03 05:41:50 UTC 2020
auto.tcl: Setting watchdog for 200 seconds at Fri Jan 03 05:41:50 UTC 2020
2 ms. Memory: 51200K Free: 31928K (62%)
ptolemy.util.test.WatchDog.cancel(): canceling Fri Jan 03 05:41:50 UTC 2020
------------------ testing $PTII/ptolemy/domains/de/test/auto/ResettableTimer3.xml
auto.tcl: Setting watchdog for 200 seconds at Fri Jan 03 05:41:50 UTC 2020
2 ms. Memory: 51200K Free: 32852K (64%)
ptolemy.util.test.WatchDog.cancel(): canceling Fri Jan 03 05:41:50 UTC 2020
auto.tcl: Setting watchdog for 200 seconds at Fri Jan 03 05:41:50 UTC 2020
1 ms. Memory: 51200K Free: 31927K (62%)
ptolemy.util.test.WatchDog.cancel(): canceling Fri Jan 03 05:41:50 UTC 2020
------------------ testing $PTII/ptolemy/domains/de/test/auto/ResettableTimer4.xml
auto.tcl: Setting watchdog for 200 seconds at Fri Jan 03 05:41:50 UTC 2020
2 ms. Memory: 51200K Free: 32447K (63%)
ptolemy.util.test.WatchDog.cancel(): canceling Fri Jan 03 05:41:50 UTC 2020
auto.tcl: Setting watchdog for 200 seconds at Fri Jan 03 05:41:50 UTC 2020
1 ms. Memory: 51200K Free: 31933K (62%)
ptolemy.util.test.WatchDog.cancel(): canceling Fri Jan 03 05:41:50 UTC 2020
------------------ testing $PTII/ptolemy/domains/de/test/auto/ResettableTimer5.xml
auto.tcl: Setting watchdog for 200 seconds at Fri Jan 03 05:41:51 UTC 2020
1 ms. Memory: 51200K Free: 32451K (63%)
ptolemy.util.test.WatchDog.cancel(): canceling Fri Jan 03 05:41:51 UTC 2020
auto.tcl: Setting watchdog for 200 seconds at Fri Jan 03 05:41:51 UTC 2020
2 ms. Memory: 51200K Free: 31939K (62%)
ptolemy.util.test.WatchDog.cancel(): canceling Fri Jan 03 05:41:51 UTC 2020
------------------ testing $PTII/ptolemy/domains/de/test/auto/ResettableTimer6.xml
auto.tcl: Setting watchdog for 200 seconds at Fri Jan 03 05:41:51 UTC 2020
2 ms. Memory: 51200K Free: 31922K (62%)
ptolemy.util.test.WatchDog.cancel(): canceling Fri Jan 03 05:41:51 UTC 2020
auto.tcl: Setting watchdog for 200 seconds at Fri Jan 03 05:41:51 UTC 2020
1 ms. Memory: 51200K Free: 31412K (61%)
ptolemy.util.test.WatchDog.cancel(): canceling Fri Jan 03 05:41:51 UTC 2020
------------------ testing $PTII/ptolemy/domains/de/test/auto/ServerZeroDelay.xml
auto.tcl: Setting watchdog for 200 seconds at Fri Jan 03 05:41:51 UTC 2020
3 ms. Memory: 51200K Free: 32427K (63%)
ptolemy.util.test.WatchDog.cancel(): canceling Fri Jan 03 05:41:51 UTC 2020
auto.tcl: Setting watchdog for 200 seconds at Fri Jan 03 05:41:51 UTC 2020
2 ms. Memory: 51200K Free: 31403K (61%)
ptolemy.util.test.WatchDog.cancel(): canceling Fri Jan 03 05:41:51 UTC 2020
------------------ testing $PTII/ptolemy/domains/de/test/auto/SmartSender.xml
auto.tcl: Setting watchdog for 200 seconds at Fri Jan 03 05:41:51 UTC 2020
3001 ms. Memory: 51200K Free: 32422K (63%)
ptolemy.util.test.WatchDog.cancel(): canceling Fri Jan 03 05:41:54 UTC 2020
auto.tcl: Setting watchdog for 200 seconds at Fri Jan 03 05:41:54 UTC 2020
3001 ms. Memory: 51200K Free: 31902K (62%)
ptolemy.util.test.WatchDog.cancel(): canceling Fri Jan 03 05:41:57 UTC 2020
------------------ testing $PTII/ptolemy/domains/de/test/auto/ThreadedComposite.xml
auto.tcl: Setting watchdog for 200 seconds at Fri Jan 03 05:41:57 UTC 2020
176 ms. Memory: 51200K Free: 13490K (26%)
ptolemy.util.test.WatchDog.cancel(): canceling Fri Jan 03 05:41:57 UTC 2020
auto.tcl: Setting watchdog for 200 seconds at Fri Jan 03 05:41:57 UTC 2020
145 ms. Memory: 51200K Free: 28957K (57%)
ptolemy.util.test.WatchDog.cancel(): canceling Fri Jan 03 05:41:57 UTC 2020
------------------ testing $PTII/ptolemy/domains/de/test/auto/Time.xml
auto.tcl: Setting watchdog for 200 seconds at Fri Jan 03 05:41:57 UTC 2020
550 ms. Memory: 51200K Free: 8007K (16%)
ptolemy.util.test.WatchDog.cancel(): canceling Fri Jan 03 05:41:58 UTC 2020
auto.tcl: Setting watchdog for 200 seconds at Fri Jan 03 05:41:58 UTC 2020
627 ms. Memory: 70656K Free: 42318K (60%)
ptolemy.util.test.WatchDog.cancel(): canceling Fri Jan 03 05:41:58 UTC 2020
------------------ testing $PTII/ptolemy/domains/de/test/auto/TimeDelayZeroDelay.xml
auto.tcl: Setting watchdog for 200 seconds at Fri Jan 03 05:41:58 UTC 2020
2 ms. Memory: 55296K Free: 36929K (67%)
ptolemy.util.test.WatchDog.cancel(): canceling Fri Jan 03 05:41:58 UTC 2020
auto.tcl: Setting watchdog for 200 seconds at Fri Jan 03 05:41:58 UTC 2020
2 ms. Memory: 55296K Free: 36080K (65%)
ptolemy.util.test.WatchDog.cancel(): canceling Fri Jan 03 05:41:58 UTC 2020
------------------ testing $PTII/ptolemy/domains/de/test/auto/TimerZeroDelay.xml
auto.tcl: Setting watchdog for 200 seconds at Fri Jan 03 05:41:58 UTC 2020
3 ms. Memory: 51200K Free: 32802K (64%)
ptolemy.util.test.WatchDog.cancel(): canceling Fri Jan 03 05:41:58 UTC 2020
auto.tcl: Setting watchdog for 200 seconds at Fri Jan 03 05:41:58 UTC 2020
2 ms. Memory: 51200K Free: 32029K (63%)
ptolemy.util.test.WatchDog.cancel(): canceling Fri Jan 03 05:41:58 UTC 2020
------------------ testing $PTII/ptolemy/domains/de/test/auto/TimingParadox.xml
auto.tcl: Setting watchdog for 200 seconds at Fri Jan 03 05:41:58 UTC 2020
400 ms. Memory: 51200K Free: 21067K (41%)
ptolemy.util.test.WatchDog.cancel(): canceling Fri Jan 03 05:41:59 UTC 2020
auto.tcl: Setting watchdog for 200 seconds at Fri Jan 03 05:41:59 UTC 2020
380 ms. Memory: 51200K Free: 12739K (25%)
ptolemy.util.test.WatchDog.cancel(): canceling Fri Jan 03 05:41:59 UTC 2020
------------------ testing $PTII/ptolemy/domains/de/test/auto/TransferInputs.xml
auto.tcl: Setting watchdog for 200 seconds at Fri Jan 03 05:41:59 UTC 2020
2 ms. Memory: 51200K Free: 30871K (60%)
ptolemy.util.test.WatchDog.cancel(): canceling Fri Jan 03 05:41:59 UTC 2020
auto.tcl: Setting watchdog for 200 seconds at Fri Jan 03 05:41:59 UTC 2020
1 ms. Memory: 51200K Free: 29996K (59%)
ptolemy.util.test.WatchDog.cancel(): canceling Fri Jan 03 05:41:59 UTC 2020
------------------ testing $PTII/ptolemy/domains/de/test/auto/TransferOutputs2.xml
auto.tcl: Setting watchdog for 200 seconds at Fri Jan 03 05:41:59 UTC 2020
3 ms. Memory: 51200K Free: 28306K (55%)
ptolemy.util.test.WatchDog.cancel(): canceling Fri Jan 03 05:41:59 UTC 2020
auto.tcl: Setting watchdog for 200 seconds at Fri Jan 03 05:41:59 UTC 2020
3 ms. Memory: 51200K Free: 26898K (53%)
ptolemy.util.test.WatchDog.cancel(): canceling Fri Jan 03 05:41:59 UTC 2020
------------------ testing $PTII/ptolemy/domains/de/test/auto/Trilateration.xml
auto.tcl: Setting watchdog for 200 seconds at Fri Jan 03 05:42:00 UTC 2020
11916 ms. Memory: 456704K Free: 228330K (50%)
ptolemy.util.test.WatchDog.cancel(): canceling Fri Jan 03 05:42:12 UTC 2020
auto.tcl: Setting watchdog for 200 seconds at Fri Jan 03 05:42:12 UTC 2020
8918 ms. Memory: 456704K Free: 305921K (67%)
ptolemy.util.test.WatchDog.cancel(): canceling Fri Jan 03 05:42:21 UTC 2020
------------------ testing $PTII/ptolemy/domains/de/test/auto/TwoSigmaDelta.xml
auto.tcl: Setting watchdog for 200 seconds at Fri Jan 03 05:42:21 UTC 2020
2283 ms. Memory: 92160K Free: 25395K (28%)
ptolemy.util.test.WatchDog.cancel(): canceling Fri Jan 03 05:42:24 UTC 2020
auto.tcl: Setting watchdog for 200 seconds at Fri Jan 03 05:42:24 UTC 2020
1579 ms. Memory: 92160K Free: 28495K (31%)
ptolemy.util.test.WatchDog.cancel(): canceling Fri Jan 03 05:42:25 UTC 2020
------------------ testing $PTII/ptolemy/domains/de/test/auto/VariableDelay.xml
auto.tcl: Setting watchdog for 200 seconds at Fri Jan 03 05:42:25 UTC 2020
4 ms. Memory: 55296K Free: 35433K (64%)
ptolemy.util.test.WatchDog.cancel(): canceling Fri Jan 03 05:42:25 UTC 2020
auto.tcl: Setting watchdog for 200 seconds at Fri Jan 03 05:42:25 UTC 2020
2 ms. Memory: 55296K Free: 34439K (62%)
ptolemy.util.test.WatchDog.cancel(): canceling Fri Jan 03 05:42:25 UTC 2020
------------------ testing $PTII/ptolemy/domains/de/test/auto/VariableDelay2.xml
auto.tcl: Setting watchdog for 200 seconds at Fri Jan 03 05:42:25 UTC 2020
3 ms. Memory: 55296K Free: 36026K (65%)
ptolemy.util.test.WatchDog.cancel(): canceling Fri Jan 03 05:42:26 UTC 2020
auto.tcl: Setting watchdog for 200 seconds at Fri Jan 03 05:42:26 UTC 2020
1 ms. Memory: 55296K Free: 35352K (64%)
ptolemy.util.test.WatchDog.cancel(): canceling Fri Jan 03 05:42:26 UTC 2020
------------------ testing $PTII/ptolemy/domains/de/test/auto/VariableDelayZeroDelay.xml
auto.tcl: Setting watchdog for 200 seconds at Fri Jan 03 05:42:26 UTC 2020
3 ms. Memory: 55296K Free: 36374K (66%)
ptolemy.util.test.WatchDog.cancel(): canceling Fri Jan 03 05:42:26 UTC 2020
auto.tcl: Setting watchdog for 200 seconds at Fri Jan 03 05:42:26 UTC 2020
2 ms. Memory: 55296K Free: 35846K (65%)
ptolemy.util.test.WatchDog.cancel(): canceling Fri Jan 03 05:42:26 UTC 2020
------------------ testing $PTII/ptolemy/domains/de/test/auto/VariableDelayZeroDelay2.xml
auto.tcl: Setting watchdog for 200 seconds at Fri Jan 03 05:42:26 UTC 2020
2 ms. Memory: 55296K Free: 36373K (66%)
ptolemy.util.test.WatchDog.cancel(): canceling Fri Jan 03 05:42:26 UTC 2020
auto.tcl: Setting watchdog for 200 seconds at Fri Jan 03 05:42:26 UTC 2020
3 ms. Memory: 55296K Free: 35349K (64%)
ptolemy.util.test.WatchDog.cancel(): canceling Fri Jan 03 05:42:26 UTC 2020
------------------ testing $PTII/ptolemy/domains/de/test/auto/deInCt.xml
auto.tcl: Setting watchdog for 200 seconds at Fri Jan 03 05:42:26 UTC 2020
0
1
1
1
0
0
1
1
0
0
0
1
1
0
0
0
1
1
1
0
0
0
0
1
1
0
0
0
1
1
1
0
0
0
1
1
1
0
0
0
1
1
1
0
0
0
0
1
1
1
0
0
0
1
1
0
0
0
1
1
0
0
0
1
1
1
0
0
0
0
12 ms. Memory: 51200K Free: 31251K (61%)
ptolemy.util.test.WatchDog.cancel(): canceling Fri Jan 03 05:42:26 UTC 2020
auto.tcl: Setting watchdog for 200 seconds at Fri Jan 03 05:42:26 UTC 2020
0
1
1
1
0
0
0
1
1
1
0
0
0
0
1
1
1
0
0
0
1
1
1
0
0
0
0
1
1
1
0
0
0
1
1
0
0
0
1
1
1
0
0
0
0
0
0
6 ms. Memory: 51200K Free: 29699K (58%)
ptolemy.util.test.WatchDog.cancel(): canceling Fri Jan 03 05:42:26 UTC 2020
------------------ testing $PTII/ptolemy/domains/de/test/auto/deInCt2.xml
auto.tcl: Setting watchdog for 200 seconds at Fri Jan 03 05:42:26 UTC 2020
0
1
1
1
0
0
1
1
1
0
0
1
1
1
0
0
1
1
1
0
0
1
1
1
0
0
1
1
1
0
0
1
1
1
0
0
1
1
1
0
0
0
7 ms. Memory: 51200K Free: 31251K (61%)
ptolemy.util.test.WatchDog.cancel(): canceling Fri Jan 03 05:42:26 UTC 2020
auto.tcl: Setting watchdog for 200 seconds at Fri Jan 03 05:42:26 UTC 2020
0
1
1
1
0
0
1
1
1
0
0
1
1
1
0
0
1
1
1
0
0
1
1
1
0
0
1
1
1
0
0
1
1
1
0
0
1
1
1
0
0
0
8 ms. Memory: 51200K Free: 29713K (58%)
ptolemy.util.test.WatchDog.cancel(): canceling Fri Jan 03 05:42:26 UTC 2020
------------------ testing $PTII/ptolemy/domains/de/test/auto/dynamicCausalityInterface1.xml
auto.tcl: Setting watchdog for 200 seconds at Fri Jan 03 05:42:26 UTC 2020
2 ms. Memory: 51200K Free: 26635K (52%)
ptolemy.util.test.WatchDog.cancel(): canceling Fri Jan 03 05:42:26 UTC 2020
auto.tcl: Setting watchdog for 200 seconds at Fri Jan 03 05:42:26 UTC 2020
1 ms. Memory: 51200K Free: 26125K (51%)
ptolemy.util.test.WatchDog.cancel(): canceling Fri Jan 03 05:42:26 UTC 2020
------------------ testing $PTII/ptolemy/domains/de/test/auto/fsm_de_test.xml
auto.tcl: Setting watchdog for 200 seconds at Fri Jan 03 05:42:26 UTC 2020
6 ms. Memory: 51200K Free: 27049K (53%)
ptolemy.util.test.WatchDog.cancel(): canceling Fri Jan 03 05:42:26 UTC 2020
auto.tcl: Setting watchdog for 200 seconds at Fri Jan 03 05:42:26 UTC 2020
4 ms. Memory: 51200K Free: 25001K (49%)
ptolemy.util.test.WatchDog.cancel(): canceling Fri Jan 03 05:42:26 UTC 2020
------------------ testing $PTII/ptolemy/domains/de/test/auto/functionDependencyReconstruction.xml
auto.tcl: Setting watchdog for 200 seconds at Fri Jan 03 05:42:26 UTC 2020
3 ms. Memory: 51200K Free: 20894K (41%)
ptolemy.util.test.WatchDog.cancel(): canceling Fri Jan 03 05:42:26 UTC 2020
auto.tcl: Setting watchdog for 200 seconds at Fri Jan 03 05:42:26 UTC 2020
3 ms. Memory: 51200K Free: 18846K (37%)
ptolemy.util.test.WatchDog.cancel(): canceling Fri Jan 03 05:42:26 UTC 2020
------------------ testing $PTII/ptolemy/domains/de/test/auto/multirate.xml
auto.tcl: Setting watchdog for 200 seconds at Fri Jan 03 05:42:26 UTC 2020
3 ms. Memory: 51200K Free: 29690K (58%)
ptolemy.util.test.WatchDog.cancel(): canceling Fri Jan 03 05:42:26 UTC 2020
auto.tcl: Setting watchdog for 200 seconds at Fri Jan 03 05:42:26 UTC 2020
3 ms. Memory: 51200K Free: 27955K (55%)
ptolemy.util.test.WatchDog.cancel(): canceling Fri Jan 03 05:42:26 UTC 2020
------------------ testing $PTII/ptolemy/domains/de/test/auto/multirate2.xml
auto.tcl: Setting watchdog for 200 seconds at Fri Jan 03 05:42:26 UTC 2020
3 ms. Memory: 51200K Free: 29646K (58%)
ptolemy.util.test.WatchDog.cancel(): canceling Fri Jan 03 05:42:26 UTC 2020
auto.tcl: Setting watchdog for 200 seconds at Fri Jan 03 05:42:26 UTC 2020
2 ms. Memory: 51200K Free: 28126K (55%)
ptolemy.util.test.WatchDog.cancel(): canceling Fri Jan 03 05:42:26 UTC 2020
------------------ testing $PTII/ptolemy/domains/de/test/auto/realtime.xml
auto.tcl: Setting watchdog for 200 seconds at Fri Jan 03 05:42:26 UTC 2020
10002 ms. Memory: 51200K Free: 31931K (62%)
ptolemy.util.test.WatchDog.cancel(): canceling Fri Jan 03 05:42:36 UTC 2020
auto.tcl: Setting watchdog for 200 seconds at Fri Jan 03 05:42:36 UTC 2020
10001 ms. Memory: 51200K Free: 31196K (61%)
ptolemy.util.test.WatchDog.cancel(): canceling Fri Jan 03 05:42:46 UTC 2020
------------------ testing $PTII/ptolemy/domains/de/test/auto/relationGroup.xml
auto.tcl: Setting watchdog for 200 seconds at Fri Jan 03 05:42:46 UTC 2020
2 ms. Memory: 51200K Free: 32981K (64%)
ptolemy.util.test.WatchDog.cancel(): canceling Fri Jan 03 05:42:46 UTC 2020
auto.tcl: Setting watchdog for 200 seconds at Fri Jan 03 05:42:46 UTC 2020
1 ms. Memory: 51200K Free: 32469K (63%)
ptolemy.util.test.WatchDog.cancel(): canceling Fri Jan 03 05:42:46 UTC 2020
------------------ testing $PTII/ptolemy/domains/de/test/auto/relationGroup2.xml
auto.tcl: Setting watchdog for 200 seconds at Fri Jan 03 05:42:46 UTC 2020
1 ms. Memory: 51200K Free: 32813K (64%)
ptolemy.util.test.WatchDog.cancel(): canceling Fri Jan 03 05:42:46 UTC 2020
auto.tcl: Setting watchdog for 200 seconds at Fri Jan 03 05:42:46 UTC 2020
1 ms. Memory: 51200K Free: 31802K (62%)
ptolemy.util.test.WatchDog.cancel(): canceling Fri Jan 03 05:42:46 UTC 2020
------------------ testing $PTII/ptolemy/domains/de/test/auto/sortWithOpaquePorts.xml
auto.tcl: Setting watchdog for 200 seconds at Fri Jan 03 05:42:46 UTC 2020
1 ms. Memory: 51200K Free: 31775K (62%)
ptolemy.util.test.WatchDog.cancel(): canceling Fri Jan 03 05:42:46 UTC 2020
auto.tcl: Setting watchdog for 200 seconds at Fri Jan 03 05:42:46 UTC 2020
2 ms. Memory: 51200K Free: 30751K (60%)
ptolemy.util.test.WatchDog.cancel(): canceling Fri Jan 03 05:42:46 UTC 2020
------------------ testing $PTII/ptolemy/domains/de/test/auto/transferInputsandOutputs.xml
auto.tcl: Setting watchdog for 200 seconds at Fri Jan 03 05:42:46 UTC 2020
2 ms. Memory: 51200K Free: 29219K (57%)
ptolemy.util.test.WatchDog.cancel(): canceling Fri Jan 03 05:42:46 UTC 2020
auto.tcl: Setting watchdog for 200 seconds at Fri Jan 03 05:42:46 UTC 2020
3 ms. Memory: 51200K Free: 28198K (55%)
ptolemy.util.test.WatchDog.cancel(): canceling Fri Jan 03 05:42:46 UTC 2020
------------------ testing $PTII/ptolemy/domains/de/test/auto/triggerType.xml
auto.tcl: Setting watchdog for 200 seconds at Fri Jan 03 05:42:46 UTC 2020
2 ms. Memory: 51200K Free: 32244K (63%)
ptolemy.util.test.WatchDog.cancel(): canceling Fri Jan 03 05:42:46 UTC 2020
auto.tcl: Setting watchdog for 200 seconds at Fri Jan 03 05:42:46 UTC 2020
2 ms. Memory: 51200K Free: 31225K (61%)
ptolemy.util.test.WatchDog.cancel(): canceling Fri Jan 03 05:42:46 UTC 2020
01/03/20 05:42:46
Failed: 0  Total Tests: 192  ((Passed: 187, Newly Passed: 1)  Known Failed: 5) /home/travis/build/icyphy/ptII/ptolemy/domains/de/test
01/03/20 05:42:46
Failed: 0  Total Tests: 192  ((Passed: 187, Newly Passed: 1)  Known Failed: 5) /home/travis/build/icyphy/ptII/ptolemy/domains/de/test
----------------- testing (KnownFailure) /home/travis/build/icyphy/ptII/ptolemy/domains/de/test/auto/knownFailedTests/DESDFClockTest.xml
2012 ms. Memory: 51200K Free: 25639K (50%)
Known Failure: java.lang.reflect.InvocationTargetException
----------------- testing (KnownFailure) /home/travis/build/icyphy/ptII/ptolemy/domains/de/test/auto/knownFailedTests/DirectFeedback.xml
2 ms. Memory: 51200K Free: 22057K (43%)
Known Failure: java.lang.reflect.InvocationTargetException
----------------- testing (KnownFailure) /home/travis/build/icyphy/ptII/ptolemy/domains/de/test/auto/knownFailedTests/FSMSource.xml
14 ms. Memory: 51200K Free: 14361K (28%)
----------------- testing (KnownFailure) /home/travis/build/icyphy/ptII/ptolemy/domains/de/test/auto/knownFailedTests/HierarchicalModel.xml
4 ms. Memory: 51200K Free: 26396K (52%)
Known Failure: java.lang.reflect.InvocationTargetException
----------------- testing (KnownFailure) /home/travis/build/icyphy/ptII/ptolemy/domains/de/test/auto/knownFailedTests/dependencyLoop.xml
2 ms. Memory: 51200K Free: 11028K (22%)
Known Failure: java.lang.reflect.InvocationTargetException
----------------- testing (KnownFailure) /home/travis/build/icyphy/ptII/ptolemy/domains/de/test/auto/knownFailedTests/dependencyLoop2.xml
3 ms. Memory: 51200K Free: 23772K (46%)
Known Failure: java.lang.reflect.InvocationTargetException
No auto/linux-amd64/*.xml tests in /home/travis/build/icyphy/ptII/ptolemy/domains/de/test
AutoTests.java: About to close Vertx.
AutoTests.java: Vertx closed.

===========================================================================================
----------------- testing Fri Jan 03 05:42:49 UTC 2020 /home/travis/build/icyphy/ptII/ptolemy/domains/de/test/auto/ActorDepthCalculation_actorWithoutPorts.xml
----------------- Instantiating /home/travis/build/icyphy/ptII/ptolemy/domains/de/test/auto/ActorDepthCalculation_actorWithoutPorts.xml
2 ms. Memory: 51200K Free: 17191K (34%)
----------------- Invoking toplevel() on ptolemy.moml.MoMLSimpleApplication@18cf1ac9
----------------- Done invoking toplevel() on ptolemy.moml.MoMLSimpleApplication@18cf1ac9
reloadAllAccessors: .ActorDepthCalculation_actorWithoutPorts

===========================================================================================
----------------- testing Fri Jan 03 05:42:49 UTC 2020 /home/travis/build/icyphy/ptII/ptolemy/domains/de/test/auto/AssemblyLine.xml
----------------- Instantiating /home/travis/build/icyphy/ptII/ptolemy/domains/de/test/auto/AssemblyLine.xml
4 ms. Memory: 51200K Free: 9769K (19%)
----------------- Invoking toplevel() on ptolemy.moml.MoMLSimpleApplication@19c00348
----------------- Done invoking toplevel() on ptolemy.moml.MoMLSimpleApplication@19c00348
reloadAllAccessors: .AssemblyLine

===========================================================================================
----------------- testing Fri Jan 03 05:42:49 UTC 2020 /home/travis/build/icyphy/ptII/ptolemy/domains/de/test/auto/CQBug1.xml
----------------- Instantiating /home/travis/build/icyphy/ptII/ptolemy/domains/de/test/auto/CQBug1.xml
1 ms. Memory: 51200K Free: 34515K (67%)
----------------- Invoking toplevel() on ptolemy.moml.MoMLSimpleApplication@1f8a81ca
----------------- Done invoking toplevel() on ptolemy.moml.MoMLSimpleApplication@1f8a81ca
reloadAllAccessors: .CQBug1

===========================================================================================
----------------- testing Fri Jan 03 05:42:49 UTC 2020 /home/travis/build/icyphy/ptII/ptolemy/domains/de/test/auto/CancelFireAt.xml
----------------- Instantiating /home/travis/build/icyphy/ptII/ptolemy/domains/de/test/auto/CancelFireAt.xml
1 ms. Memory: 51200K Free: 31998K (62%)
----------------- Invoking toplevel() on ptolemy.moml.MoMLSimpleApplication@2cd45f30
----------------- Done invoking toplevel() on ptolemy.moml.MoMLSimpleApplication@2cd45f30
reloadAllAccessors: .CancelFireAt

===========================================================================================
----------------- testing Fri Jan 03 05:42:49 UTC 2020 /home/travis/build/icyphy/ptII/ptolemy/domains/de/test/auto/CausalityAndComposabilityAnalysis.xml
----------------- Instantiating /home/travis/build/icyphy/ptII/ptolemy/domains/de/test/auto/CausalityAndComposabilityAnalysis.xml
2 ms. Memory: 51200K Free: 27624K (54%)
----------------- Invoking toplevel() on ptolemy.moml.MoMLSimpleApplication@33d13134
----------------- Done invoking toplevel() on ptolemy.moml.MoMLSimpleApplication@33d13134
reloadAllAccessors: .CausalityAndComposabilityAnalysis

===========================================================================================
----------------- testing Fri Jan 03 05:42:49 UTC 2020 /home/travis/build/icyphy/ptII/ptolemy/domains/de/test/auto/CausalityInterface1.xml
----------------- Instantiating /home/travis/build/icyphy/ptII/ptolemy/domains/de/test/auto/CausalityInterface1.xml
5 ms. Memory: 51200K Free: 22782K (44%)
----------------- Invoking toplevel() on ptolemy.moml.MoMLSimpleApplication@1e0efd10
----------------- Done invoking toplevel() on ptolemy.moml.MoMLSimpleApplication@1e0efd10
reloadAllAccessors: .CausalityInterface1

===========================================================================================
----------------- testing Fri Jan 03 05:42:49 UTC 2020 /home/travis/build/icyphy/ptII/ptolemy/domains/de/test/auto/CausalityInterface15.xml
----------------- Instantiating /home/travis/build/icyphy/ptII/ptolemy/domains/de/test/auto/CausalityInterface15.xml
2 ms. Memory: 51200K Free: 17353K (34%)
----------------- Invoking toplevel() on ptolemy.moml.MoMLSimpleApplication@2ca1ecd8
----------------- Done invoking toplevel() on ptolemy.moml.MoMLSimpleApplication@2ca1ecd8
reloadAllAccessors: .CausalityInterface15

===========================================================================================
----------------- testing Fri Jan 03 05:42:49 UTC 2020 /home/travis/build/icyphy/ptII/ptolemy/domains/de/test/auto/CausalityInterface2.xml
----------------- Instantiating /home/travis/build/icyphy/ptII/ptolemy/domains/de/test/auto/CausalityInterface2.xml
1 ms. Memory: 51200K Free: 12711K (25%)
----------------- Invoking toplevel() on ptolemy.moml.MoMLSimpleApplication@1f2066f7
----------------- Done invoking toplevel() on ptolemy.moml.MoMLSimpleApplication@1f2066f7
reloadAllAccessors: .CausalityInterface2

===========================================================================================
----------------- testing Fri Jan 03 05:42:49 UTC 2020 /home/travis/build/icyphy/ptII/ptolemy/domains/de/test/auto/CausalityInterface3.xml
----------------- Instantiating /home/travis/build/icyphy/ptII/ptolemy/domains/de/test/auto/CausalityInterface3.xml
5 ms. Memory: 51200K Free: 35491K (69%)
----------------- Invoking toplevel() on ptolemy.moml.MoMLSimpleApplication@45195912
----------------- Done invoking toplevel() on ptolemy.moml.MoMLSimpleApplication@45195912
reloadAllAccessors: .CausalityInterface3

===========================================================================================
----------------- testing Fri Jan 03 05:42:49 UTC 2020 /home/travis/build/icyphy/ptII/ptolemy/domains/de/test/auto/ClockDrift.xml
----------------- Instantiating /home/travis/build/icyphy/ptII/ptolemy/domains/de/test/auto/ClockDrift.xml
17 ms. Memory: 51200K Free: 23305K (46%)
----------------- Invoking toplevel() on ptolemy.moml.MoMLSimpleApplication@7b95a20a
----------------- Done invoking toplevel() on ptolemy.moml.MoMLSimpleApplication@7b95a20a
reloadAllAccessors: .ClockDrift

===========================================================================================
----------------- testing Fri Jan 03 05:42:49 UTC 2020 /home/travis/build/icyphy/ptII/ptolemy/domains/de/test/auto/ClockDriftAndValueChange.xml
----------------- Instantiating /home/travis/build/icyphy/ptII/ptolemy/domains/de/test/auto/ClockDriftAndValueChange.xml
11 ms. Memory: 51200K Free: 11650K (23%)
----------------- Invoking toplevel() on ptolemy.moml.MoMLSimpleApplication@3be2061f
----------------- Done invoking toplevel() on ptolemy.moml.MoMLSimpleApplication@3be2061f
reloadAllAccessors: .ClockDriftAndValueChange

===========================================================================================
----------------- testing Fri Jan 03 05:42:49 UTC 2020 /home/travis/build/icyphy/ptII/ptolemy/domains/de/test/auto/ClockDriftChange.xml
----------------- Instantiating /home/travis/build/icyphy/ptII/ptolemy/domains/de/test/auto/ClockDriftChange.xml
10 ms. Memory: 51200K Free: 29273K (57%)
----------------- Invoking toplevel() on ptolemy.moml.MoMLSimpleApplication@2fef0b0e
----------------- Done invoking toplevel() on ptolemy.moml.MoMLSimpleApplication@2fef0b0e
reloadAllAccessors: .ClockDriftChange

===========================================================================================
----------------- testing Fri Jan 03 05:42:49 UTC 2020 /home/travis/build/icyphy/ptII/ptolemy/domains/de/test/auto/ComposableCausalityAnalysis.xml
----------------- Instantiating /home/travis/build/icyphy/ptII/ptolemy/domains/de/test/auto/ComposableCausalityAnalysis.xml
1 ms. Memory: 51200K Free: 23476K (46%)
----------------- Invoking toplevel() on ptolemy.moml.MoMLSimpleApplication@97f77f1
----------------- Done invoking toplevel() on ptolemy.moml.MoMLSimpleApplication@97f77f1
reloadAllAccessors: .ComposableCausalityAnalysis

===========================================================================================
----------------- testing Fri Jan 03 05:42:49 UTC 2020 /home/travis/build/icyphy/ptII/ptolemy/domains/de/test/auto/DEFixedPointLimitation.xml
----------------- Instantiating /home/travis/build/icyphy/ptII/ptolemy/domains/de/test/auto/DEFixedPointLimitation.xml
0 ms. Memory: 51200K Free: 18731K (37%)
----------------- Invoking toplevel() on ptolemy.moml.MoMLSimpleApplication@37a8d0c6
----------------- Done invoking toplevel() on ptolemy.moml.MoMLSimpleApplication@37a8d0c6
reloadAllAccessors: .DEFixedPointLimitation

===========================================================================================
----------------- testing Fri Jan 03 05:42:49 UTC 2020 /home/travis/build/icyphy/ptII/ptolemy/domains/de/test/auto/DEScheduleTest.xml
----------------- Instantiating /home/travis/build/icyphy/ptII/ptolemy/domains/de/test/auto/DEScheduleTest.xml
2 ms. Memory: 51200K Free: 14617K (29%)
----------------- Invoking toplevel() on ptolemy.moml.MoMLSimpleApplication@c684e99
----------------- Done invoking toplevel() on ptolemy.moml.MoMLSimpleApplication@c684e99
reloadAllAccessors: .DEScheduleTest

===========================================================================================
----------------- testing Fri Jan 03 05:42:49 UTC 2020 /home/travis/build/icyphy/ptII/ptolemy/domains/de/test/auto/DEinDEwithStartTimes.xml
----------------- Instantiating /home/travis/build/icyphy/ptII/ptolemy/domains/de/test/auto/DEinDEwithStartTimes.xml
2 ms. Memory: 51200K Free: 8723K (17%)
----------------- Invoking toplevel() on ptolemy.moml.MoMLSimpleApplication@22cc3506
----------------- Done invoking toplevel() on ptolemy.moml.MoMLSimpleApplication@22cc3506
reloadAllAccessors: .DEinDEwithStartTimes

===========================================================================================
----------------- testing Fri Jan 03 05:42:49 UTC 2020 /home/travis/build/icyphy/ptII/ptolemy/domains/de/test/auto/DEinDEwithStartTimes2.xml
----------------- Instantiating /home/travis/build/icyphy/ptII/ptolemy/domains/de/test/auto/DEinDEwithStartTimes2.xml
2 ms. Memory: 51200K Free: 29986K (59%)
----------------- Invoking toplevel() on ptolemy.moml.MoMLSimpleApplication@28dcd8a0
----------------- Done invoking toplevel() on ptolemy.moml.MoMLSimpleApplication@28dcd8a0
reloadAllAccessors: .DEinDEwithStartTimes2

===========================================================================================
----------------- testing Fri Jan 03 05:42:49 UTC 2020 /home/travis/build/icyphy/ptII/ptolemy/domains/de/test/auto/DateDemo.xml
----------------- Instantiating /home/travis/build/icyphy/ptII/ptolemy/domains/de/test/auto/DateDemo.xml
14 ms. Memory: 51200K Free: 18960K (37%)
----------------- Invoking toplevel() on ptolemy.moml.MoMLSimpleApplication@ca889ae
----------------- Done invoking toplevel() on ptolemy.moml.MoMLSimpleApplication@ca889ae
reloadAllAccessors: .DateDemo

===========================================================================================
----------------- testing Fri Jan 03 05:42:49 UTC 2020 /home/travis/build/icyphy/ptII/ptolemy/domains/de/test/auto/DateToEvent.xml
----------------- Instantiating /home/travis/build/icyphy/ptII/ptolemy/domains/de/test/auto/DateToEvent.xml
2004 ms. Memory: 51200K Free: 30930K (60%)
----------------- Invoking toplevel() on ptolemy.moml.MoMLSimpleApplication@217a2e60
----------------- Done invoking toplevel() on ptolemy.moml.MoMLSimpleApplication@217a2e60
reloadAllAccessors: .DateToEvent

===========================================================================================
----------------- testing Fri Jan 03 05:42:51 UTC 2020 /home/travis/build/icyphy/ptII/ptolemy/domains/de/test/auto/DepthTest1.xml
----------------- Instantiating /home/travis/build/icyphy/ptII/ptolemy/domains/de/test/auto/DepthTest1.xml
1 ms. Memory: 51200K Free: 28158K (55%)
----------------- Invoking toplevel() on ptolemy.moml.MoMLSimpleApplication@789e990
----------------- Done invoking toplevel() on ptolemy.moml.MoMLSimpleApplication@789e990
reloadAllAccessors: .DepthTest1

===========================================================================================
----------------- testing Fri Jan 03 05:42:51 UTC 2020 /home/travis/build/icyphy/ptII/ptolemy/domains/de/test/auto/DepthTest2.xml
----------------- Instantiating /home/travis/build/icyphy/ptII/ptolemy/domains/de/test/auto/DepthTest2.xml
2 ms. Memory: 51200K Free: 21845K (43%)
----------------- Invoking toplevel() on ptolemy.moml.MoMLSimpleApplication@468b1cd4
----------------- Done invoking toplevel() on ptolemy.moml.MoMLSimpleApplication@468b1cd4
reloadAllAccessors: .DepthTest2

===========================================================================================
----------------- testing Fri Jan 03 05:42:51 UTC 2020 /home/travis/build/icyphy/ptII/ptolemy/domains/de/test/auto/DepthTest3.xml
----------------- Instantiating /home/travis/build/icyphy/ptII/ptolemy/domains/de/test/auto/DepthTest3.xml
1 ms. Memory: 51200K Free: 18773K (37%)
----------------- Invoking toplevel() on ptolemy.moml.MoMLSimpleApplication@61c6ac80
----------------- Done invoking toplevel() on ptolemy.moml.MoMLSimpleApplication@61c6ac80
reloadAllAccessors: .DepthTest3

===========================================================================================
----------------- testing Fri Jan 03 05:42:51 UTC 2020 /home/travis/build/icyphy/ptII/ptolemy/domains/de/test/auto/DepthTest4.xml
----------------- Instantiating /home/travis/build/icyphy/ptII/ptolemy/domains/de/test/auto/DepthTest4.xml
2 ms. Memory: 51200K Free: 14056K (27%)
----------------- Invoking toplevel() on ptolemy.moml.MoMLSimpleApplication@47b2524c
----------------- Done invoking toplevel() on ptolemy.moml.MoMLSimpleApplication@47b2524c
reloadAllAccessors: .DepthTest4

===========================================================================================
----------------- testing Fri Jan 03 05:42:51 UTC 2020 /home/travis/build/icyphy/ptII/ptolemy/domains/de/test/auto/DepthTest5.xml
----------------- Instantiating /home/travis/build/icyphy/ptII/ptolemy/domains/de/test/auto/DepthTest5.xml
5 ms. Memory: 51200K Free: 35801K (70%)
----------------- Invoking toplevel() on ptolemy.moml.MoMLSimpleApplication@5b58ec14
----------------- Done invoking toplevel() on ptolemy.moml.MoMLSimpleApplication@5b58ec14
reloadAllAccessors: .DepthTest5

===========================================================================================
----------------- testing Fri Jan 03 05:42:51 UTC 2020 /home/travis/build/icyphy/ptII/ptolemy/domains/de/test/auto/DepthTest6.xml
----------------- Instantiating /home/travis/build/icyphy/ptII/ptolemy/domains/de/test/auto/DepthTest6.xml
1 ms. Memory: 51200K Free: 30197K (59%)
----------------- Invoking toplevel() on ptolemy.moml.MoMLSimpleApplication@6b265da6
----------------- Done invoking toplevel() on ptolemy.moml.MoMLSimpleApplication@6b265da6
reloadAllAccessors: .DepthTest6

===========================================================================================
----------------- testing Fri Jan 03 05:42:51 UTC 2020 /home/travis/build/icyphy/ptII/ptolemy/domains/de/test/auto/DepthTest7.xml
----------------- Instantiating /home/travis/build/icyphy/ptII/ptolemy/domains/de/test/auto/DepthTest7.xml
1 ms. Memory: 51200K Free: 25285K (49%)
----------------- Invoking toplevel() on ptolemy.moml.MoMLSimpleApplication@2d22a593
----------------- Done invoking toplevel() on ptolemy.moml.MoMLSimpleApplication@2d22a593
reloadAllAccessors: .DepthTest7

===========================================================================================
----------------- testing Fri Jan 03 05:42:51 UTC 2020 /home/travis/build/icyphy/ptII/ptolemy/domains/de/test/auto/EventToDate.xml
----------------- Instantiating /home/travis/build/icyphy/ptII/ptolemy/domains/de/test/auto/EventToDate.xml
3016 ms. Memory: 51200K Free: 11989K (23%)
----------------- Invoking toplevel() on ptolemy.moml.MoMLSimpleApplication@49f08ca6
----------------- Done invoking toplevel() on ptolemy.moml.MoMLSimpleApplication@49f08ca6
reloadAllAccessors: .EventToDate

===========================================================================================
----------------- testing Fri Jan 03 05:42:54 UTC 2020 /home/travis/build/icyphy/ptII/ptolemy/domains/de/test/auto/FSM1.xml
----------------- Instantiating /home/travis/build/icyphy/ptII/ptolemy/domains/de/test/auto/FSM1.xml
13 ms. Memory: 51200K Free: 26199K (51%)
----------------- Invoking toplevel() on ptolemy.moml.MoMLSimpleApplication@686b4dad
----------------- Done invoking toplevel() on ptolemy.moml.MoMLSimpleApplication@686b4dad
reloadAllAccessors: .FSM1

===========================================================================================
----------------- testing Fri Jan 03 05:42:54 UTC 2020 /home/travis/build/icyphy/ptII/ptolemy/domains/de/test/auto/FSM7.xml
----------------- Instantiating /home/travis/build/icyphy/ptII/ptolemy/domains/de/test/auto/FSM7.xml
16 ms. Memory: 51200K Free: 13909K (27%)
----------------- Invoking toplevel() on ptolemy.moml.MoMLSimpleApplication@87cbb72
----------------- Done invoking toplevel() on ptolemy.moml.MoMLSimpleApplication@87cbb72
reloadAllAccessors: .FSM7

===========================================================================================
----------------- testing Fri Jan 03 05:42:54 UTC 2020 /home/travis/build/icyphy/ptII/ptolemy/domains/de/test/auto/Inspection.xml
----------------- Instantiating /home/travis/build/icyphy/ptII/ptolemy/domains/de/test/auto/Inspection.xml
11 ms. Memory: 51200K Free: 28203K (55%)
----------------- Invoking toplevel() on ptolemy.moml.MoMLSimpleApplication@468d6487
----------------- Done invoking toplevel() on ptolemy.moml.MoMLSimpleApplication@468d6487
reloadAllAccessors: .Inspection

===========================================================================================
----------------- testing Fri Jan 03 05:42:54 UTC 2020 /home/travis/build/icyphy/ptII/ptolemy/domains/de/test/auto/Iteration.xml
----------------- Instantiating /home/travis/build/icyphy/ptII/ptolemy/domains/de/test/auto/Iteration.xml
8 ms. Memory: 51200K Free: 21213K (41%)
----------------- Invoking toplevel() on ptolemy.moml.MoMLSimpleApplication@7e7a0e5f
----------------- Done invoking toplevel() on ptolemy.moml.MoMLSimpleApplication@7e7a0e5f
reloadAllAccessors: .Iteration

===========================================================================================
----------------- testing Fri Jan 03 05:42:54 UTC 2020 /home/travis/build/icyphy/ptII/ptolemy/domains/de/test/auto/LineFault.xml
----------------- Instantiating /home/travis/build/icyphy/ptII/ptolemy/domains/de/test/auto/LineFault.xml
499 ms. Memory: 51200K Free: 33526K (65%)
----------------- Invoking toplevel() on ptolemy.moml.MoMLSimpleApplication@486898b8
----------------- Done invoking toplevel() on ptolemy.moml.MoMLSimpleApplication@486898b8
reloadAllAccessors: .LineFault

===========================================================================================
----------------- testing Fri Jan 03 05:42:55 UTC 2020 /home/travis/build/icyphy/ptII/ptolemy/domains/de/test/auto/MergeModel1Add.xml
----------------- Instantiating /home/travis/build/icyphy/ptII/ptolemy/domains/de/test/auto/MergeModel1Add.xml
6 ms. Memory: 51200K Free: 14280K (28%)
----------------- Invoking toplevel() on ptolemy.moml.MoMLSimpleApplication@262382f2
----------------- Done invoking toplevel() on ptolemy.moml.MoMLSimpleApplication@262382f2
reloadAllAccessors: .MergeModel1Add

===========================================================================================
----------------- testing Fri Jan 03 05:42:55 UTC 2020 /home/travis/build/icyphy/ptII/ptolemy/domains/de/test/auto/MergeModel2Add.xml
----------------- Instantiating /home/travis/build/icyphy/ptII/ptolemy/domains/de/test/auto/MergeModel2Add.xml
5 ms. Memory: 51200K Free: 21602K (42%)
----------------- Invoking toplevel() on ptolemy.moml.MoMLSimpleApplication@70802a16
----------------- Done invoking toplevel() on ptolemy.moml.MoMLSimpleApplication@70802a16
reloadAllAccessors: .MergeModel2Add

===========================================================================================
----------------- testing Fri Jan 03 05:42:55 UTC 2020 /home/travis/build/icyphy/ptII/ptolemy/domains/de/test/auto/MergeModel3Add.xml
----------------- Instantiating /home/travis/build/icyphy/ptII/ptolemy/domains/de/test/auto/MergeModel3Add.xml
5 ms. Memory: 51200K Free: 28553K (56%)
----------------- Invoking toplevel() on ptolemy.moml.MoMLSimpleApplication@2a329b53
----------------- Done invoking toplevel() on ptolemy.moml.MoMLSimpleApplication@2a329b53
reloadAllAccessors: .MergeModel3Add

===========================================================================================
----------------- testing Fri Jan 03 05:42:55 UTC 2020 /home/travis/build/icyphy/ptII/ptolemy/domains/de/test/auto/MergeWithoutDiscard.xml
----------------- Instantiating /home/travis/build/icyphy/ptII/ptolemy/domains/de/test/auto/MergeWithoutDiscard.xml
1 ms. Memory: 51200K Free: 24173K (47%)
----------------- Invoking toplevel() on ptolemy.moml.MoMLSimpleApplication@6c7e29cc
----------------- Done invoking toplevel() on ptolemy.moml.MoMLSimpleApplication@6c7e29cc
reloadAllAccessors: .MergeWithoutDiscard

===========================================================================================
----------------- testing Fri Jan 03 05:42:55 UTC 2020 /home/travis/build/icyphy/ptII/ptolemy/domains/de/test/auto/Modal1.xml
----------------- Instantiating /home/travis/build/icyphy/ptII/ptolemy/domains/de/test/auto/Modal1.xml
14 ms. Memory: 51200K Free: 11885K (23%)
----------------- Invoking toplevel() on ptolemy.moml.MoMLSimpleApplication@6edcaea3
----------------- Done invoking toplevel() on ptolemy.moml.MoMLSimpleApplication@6edcaea3
reloadAllAccessors: .Modal1

===========================================================================================
----------------- testing Fri Jan 03 05:42:55 UTC 2020 /home/travis/build/icyphy/ptII/ptolemy/domains/de/test/auto/Modal2.xml
----------------- Instantiating /home/travis/build/icyphy/ptII/ptolemy/domains/de/test/auto/Modal2.xml
10 ms. Memory: 51200K Free: 24569K (48%)
----------------- Invoking toplevel() on ptolemy.moml.MoMLSimpleApplication@5255be3e
----------------- Done invoking toplevel() on ptolemy.moml.MoMLSimpleApplication@5255be3e
reloadAllAccessors: .Modal2

===========================================================================================
----------------- testing Fri Jan 03 05:42:55 UTC 2020 /home/travis/build/icyphy/ptII/ptolemy/domains/de/test/auto/Modal3.xml
----------------- Instantiating /home/travis/build/icyphy/ptII/ptolemy/domains/de/test/auto/Modal3.xml
8 ms. Memory: 51200K Free: 12281K (24%)
----------------- Invoking toplevel() on ptolemy.moml.MoMLSimpleApplication@5a83433
----------------- Done invoking toplevel() on ptolemy.moml.MoMLSimpleApplication@5a83433
reloadAllAccessors: .Modal3

===========================================================================================
----------------- testing Fri Jan 03 05:42:55 UTC 2020 /home/travis/build/icyphy/ptII/ptolemy/domains/de/test/auto/Modal4.xml
----------------- Instantiating /home/travis/build/icyphy/ptII/ptolemy/domains/de/test/auto/Modal4.xml
9 ms. Memory: 51200K Free: 24115K (47%)
----------------- Invoking toplevel() on ptolemy.moml.MoMLSimpleApplication@c0e746f
----------------- Done invoking toplevel() on ptolemy.moml.MoMLSimpleApplication@c0e746f
reloadAllAccessors: .Modal4

===========================================================================================
----------------- testing Fri Jan 03 05:42:55 UTC 2020 /home/travis/build/icyphy/ptII/ptolemy/domains/de/test/auto/Modal5.xml
----------------- Instantiating /home/travis/build/icyphy/ptII/ptolemy/domains/de/test/auto/Modal5.xml
12 ms. Memory: 51200K Free: 11111K (22%)
----------------- Invoking toplevel() on ptolemy.moml.MoMLSimpleApplication@36519ff6
----------------- Done invoking toplevel() on ptolemy.moml.MoMLSimpleApplication@36519ff6
reloadAllAccessors: .Modal5

===========================================================================================
----------------- testing Fri Jan 03 05:42:55 UTC 2020 /home/travis/build/icyphy/ptII/ptolemy/domains/de/test/auto/Modal6.xml
----------------- Instantiating /home/travis/build/icyphy/ptII/ptolemy/domains/de/test/auto/Modal6.xml
9 ms. Memory: 51200K Free: 23642K (46%)
----------------- Invoking toplevel() on ptolemy.moml.MoMLSimpleApplication@28881ced
----------------- Done invoking toplevel() on ptolemy.moml.MoMLSimpleApplication@28881ced
reloadAllAccessors: .Modal6

===========================================================================================
----------------- testing Fri Jan 03 05:42:55 UTC 2020 /home/travis/build/icyphy/ptII/ptolemy/domains/de/test/auto/Modal7.xml
----------------- Instantiating /home/travis/build/icyphy/ptII/ptolemy/domains/de/test/auto/Modal7.xml
11 ms. Memory: 61440K Free: 45097K (73%)
----------------- Invoking toplevel() on ptolemy.moml.MoMLSimpleApplication@39f81cc4
----------------- Done invoking toplevel() on ptolemy.moml.MoMLSimpleApplication@39f81cc4
reloadAllAccessors: .Modal7

===========================================================================================
----------------- testing Fri Jan 03 05:42:55 UTC 2020 /home/travis/build/icyphy/ptII/ptolemy/domains/de/test/auto/ModalModel.xml
----------------- Instantiating /home/travis/build/icyphy/ptII/ptolemy/domains/de/test/auto/ModalModel.xml
112 ms. Memory: 61440K Free: 39254K (64%)
----------------- Invoking toplevel() on ptolemy.moml.MoMLSimpleApplication@32a58af
----------------- Done invoking toplevel() on ptolemy.moml.MoMLSimpleApplication@32a58af
reloadAllAccessors: .ModalModel

===========================================================================================
----------------- testing Fri Jan 03 05:42:56 UTC 2020 /home/travis/build/icyphy/ptII/ptolemy/domains/de/test/auto/ModalSource.xml
----------------- Instantiating /home/travis/build/icyphy/ptII/ptolemy/domains/de/test/auto/ModalSource.xml
4 ms. Memory: 61440K Free: 30713K (50%)
----------------- Invoking toplevel() on ptolemy.moml.MoMLSimpleApplication@596bac31
----------------- Done invoking toplevel() on ptolemy.moml.MoMLSimpleApplication@596bac31
reloadAllAccessors: .ModalSource

===========================================================================================
----------------- testing Fri Jan 03 05:42:56 UTC 2020 /home/travis/build/icyphy/ptII/ptolemy/domains/de/test/auto/NonInterruptibleTimerZeroDelay.xml
----------------- Instantiating /home/travis/build/icyphy/ptII/ptolemy/domains/de/test/auto/NonInterruptibleTimerZeroDelay.xml
1 ms. Memory: 61440K Free: 26990K (44%)
----------------- Invoking toplevel() on ptolemy.moml.MoMLSimpleApplication@4e8cb11c
----------------- Done invoking toplevel() on ptolemy.moml.MoMLSimpleApplication@4e8cb11c
reloadAllAccessors: .NonInterruptibleTimerZeroDelay

===========================================================================================
----------------- testing Fri Jan 03 05:42:56 UTC 2020 /home/travis/build/icyphy/ptII/ptolemy/domains/de/test/auto/OpenQueueingNetwork.xml
----------------- Instantiating /home/travis/build/icyphy/ptII/ptolemy/domains/de/test/auto/OpenQueueingNetwork.xml
2173 ms. Memory: 135168K Free: 58259K (43%)
----------------- Invoking toplevel() on ptolemy.moml.MoMLSimpleApplication@75d38185
----------------- Done invoking toplevel() on ptolemy.moml.MoMLSimpleApplication@75d38185
reloadAllAccessors: .OpenQueueingNetwork

===========================================================================================
----------------- testing Fri Jan 03 05:42:58 UTC 2020 /home/travis/build/icyphy/ptII/ptolemy/domains/de/test/auto/OpenQueuingNetwork.xml
----------------- Instantiating /home/travis/build/icyphy/ptII/ptolemy/domains/de/test/auto/OpenQueuingNetwork.xml
204 ms. Memory: 135168K Free: 53463K (40%)
----------------- Invoking toplevel() on ptolemy.moml.MoMLSimpleApplication@36bfe3a2
----------------- Done invoking toplevel() on ptolemy.moml.MoMLSimpleApplication@36bfe3a2
reloadAllAccessors: .OpenQueuingNetwork

===========================================================================================
----------------- testing Fri Jan 03 05:42:58 UTC 2020 /home/travis/build/icyphy/ptII/ptolemy/domains/de/test/auto/PeriodicSampler.xml
----------------- Instantiating /home/travis/build/icyphy/ptII/ptolemy/domains/de/test/auto/PeriodicSampler.xml
2 ms. Memory: 135168K Free: 49367K (37%)
----------------- Invoking toplevel() on ptolemy.moml.MoMLSimpleApplication@6ee41cd0
----------------- Done invoking toplevel() on ptolemy.moml.MoMLSimpleApplication@6ee41cd0
reloadAllAccessors: .PeriodicSampler

===========================================================================================
----------------- testing Fri Jan 03 05:42:58 UTC 2020 /home/travis/build/icyphy/ptII/ptolemy/domains/de/test/auto/PersistentIO.xml
----------------- Instantiating /home/travis/build/icyphy/ptII/ptolemy/domains/de/test/auto/PersistentIO.xml
7 ms. Memory: 135168K Free: 114399K (85%)
----------------- Invoking toplevel() on ptolemy.moml.MoMLSimpleApplication@1c273479
----------------- Done invoking toplevel() on ptolemy.moml.MoMLSimpleApplication@1c273479
reloadAllAccessors: .PersistentIO

===========================================================================================
----------------- testing Fri Jan 03 05:42:58 UTC 2020 /home/travis/build/icyphy/ptII/ptolemy/domains/de/test/auto/PortParameterResetOnInitialize.xml
----------------- Instantiating /home/travis/build/icyphy/ptII/ptolemy/domains/de/test/auto/PortParameterResetOnInitialize.xml
1 ms. Memory: 135168K Free: 109783K (81%)
----------------- Invoking toplevel() on ptolemy.moml.MoMLSimpleApplication@10344a2c
----------------- Done invoking toplevel() on ptolemy.moml.MoMLSimpleApplication@10344a2c
reloadAllAccessors: .PortParameterResetOnInitialize

===========================================================================================
----------------- testing Fri Jan 03 05:42:58 UTC 2020 /home/travis/build/icyphy/ptII/ptolemy/domains/de/test/auto/PortParameterUpdates.xml
----------------- Instantiating /home/travis/build/icyphy/ptII/ptolemy/domains/de/test/auto/PortParameterUpdates.xml
6 ms. Memory: 135168K Free: 103135K (76%)
----------------- Invoking toplevel() on ptolemy.moml.MoMLSimpleApplication@3f9e97bc
----------------- Done invoking toplevel() on ptolemy.moml.MoMLSimpleApplication@3f9e97bc
reloadAllAccessors: .PortParameterUpdates

===========================================================================================
----------------- testing Fri Jan 03 05:42:58 UTC 2020 /home/travis/build/icyphy/ptII/ptolemy/domains/de/test/auto/QueueAndServer.xml
----------------- Instantiating /home/travis/build/icyphy/ptII/ptolemy/domains/de/test/auto/QueueAndServer.xml
6 ms. Memory: 135168K Free: 95453K (71%)
----------------- Invoking toplevel() on ptolemy.moml.MoMLSimpleApplication@436c5711
----------------- Done invoking toplevel() on ptolemy.moml.MoMLSimpleApplication@436c5711
reloadAllAccessors: .QueueAndServer

===========================================================================================
----------------- testing Fri Jan 03 05:42:58 UTC 2020 /home/travis/build/icyphy/ptII/ptolemy/domains/de/test/auto/Records.xml
----------------- Instantiating /home/travis/build/icyphy/ptII/ptolemy/domains/de/test/auto/Records.xml
7 ms. Memory: 135168K Free: 89823K (66%)
----------------- Invoking toplevel() on ptolemy.moml.MoMLSimpleApplication@48219ced
----------------- Done invoking toplevel() on ptolemy.moml.MoMLSimpleApplication@48219ced
reloadAllAccessors: .Records

===========================================================================================
----------------- testing Fri Jan 03 05:42:58 UTC 2020 /home/travis/build/icyphy/ptII/ptolemy/domains/de/test/auto/ResetTransitionWithStartTime1.xml
----------------- Instantiating /home/travis/build/icyphy/ptII/ptolemy/domains/de/test/auto/ResetTransitionWithStartTime1.xml
7 ms. Memory: 135168K Free: 81631K (60%)
----------------- Invoking toplevel() on ptolemy.moml.MoMLSimpleApplication@231c655
----------------- Done invoking toplevel() on ptolemy.moml.MoMLSimpleApplication@231c655
reloadAllAccessors: .ResetTransitionWithStartTime1

===========================================================================================
----------------- testing Fri Jan 03 05:42:58 UTC 2020 /home/travis/build/icyphy/ptII/ptolemy/domains/de/test/auto/ResetTransitionWithStartTime2.xml
----------------- Instantiating /home/travis/build/icyphy/ptII/ptolemy/domains/de/test/auto/ResetTransitionWithStartTime2.xml
5 ms. Memory: 135168K Free: 73439K (54%)
----------------- Invoking toplevel() on ptolemy.moml.MoMLSimpleApplication@59f4500a
----------------- Done invoking toplevel() on ptolemy.moml.MoMLSimpleApplication@59f4500a
reloadAllAccessors: .ResetTransitionWithStartTime2

===========================================================================================
----------------- testing Fri Jan 03 05:42:58 UTC 2020 /home/travis/build/icyphy/ptII/ptolemy/domains/de/test/auto/ResetTransitionWithStartTime3.xml
----------------- Instantiating /home/travis/build/icyphy/ptII/ptolemy/domains/de/test/auto/ResetTransitionWithStartTime3.xml
6 ms. Memory: 135168K Free: 65247K (48%)
----------------- Invoking toplevel() on ptolemy.moml.MoMLSimpleApplication@75d606a1
----------------- Done invoking toplevel() on ptolemy.moml.MoMLSimpleApplication@75d606a1
reloadAllAccessors: .ResetTransitionWithStartTime3

===========================================================================================
----------------- testing Fri Jan 03 05:42:58 UTC 2020 /home/travis/build/icyphy/ptII/ptolemy/domains/de/test/auto/ResetTransitionWithStartTime4.xml
----------------- Instantiating /home/travis/build/icyphy/ptII/ptolemy/domains/de/test/auto/ResetTransitionWithStartTime4.xml
4 ms. Memory: 135168K Free: 57559K (43%)
----------------- Invoking toplevel() on ptolemy.moml.MoMLSimpleApplication@3680e64f
----------------- Done invoking toplevel() on ptolemy.moml.MoMLSimpleApplication@3680e64f
reloadAllAccessors: .ResetTransitionWithStartTime4

===========================================================================================
----------------- testing Fri Jan 03 05:42:58 UTC 2020 /home/travis/build/icyphy/ptII/ptolemy/domains/de/test/auto/ResettableTimer1.xml
----------------- Instantiating /home/travis/build/icyphy/ptII/ptolemy/domains/de/test/auto/ResettableTimer1.xml
2 ms. Memory: 135168K Free: 53455K (40%)
----------------- Invoking toplevel() on ptolemy.moml.MoMLSimpleApplication@53b750da
----------------- Done invoking toplevel() on ptolemy.moml.MoMLSimpleApplication@53b750da
reloadAllAccessors: .ResettableTimer1

===========================================================================================
----------------- testing Fri Jan 03 05:42:58 UTC 2020 /home/travis/build/icyphy/ptII/ptolemy/domains/de/test/auto/ResettableTimer2.xml
----------------- Instantiating /home/travis/build/icyphy/ptII/ptolemy/domains/de/test/auto/ResettableTimer2.xml
2 ms. Memory: 135168K Free: 49359K (37%)
----------------- Invoking toplevel() on ptolemy.moml.MoMLSimpleApplication@75e4480c
----------------- Done invoking toplevel() on ptolemy.moml.MoMLSimpleApplication@75e4480c
reloadAllAccessors: .ResettableTimer2

===========================================================================================
----------------- testing Fri Jan 03 05:42:58 UTC 2020 /home/travis/build/icyphy/ptII/ptolemy/domains/de/test/auto/ResettableTimer3.xml
----------------- Instantiating /home/travis/build/icyphy/ptII/ptolemy/domains/de/test/auto/ResettableTimer3.xml
1 ms. Memory: 135168K Free: 45277K (33%)
----------------- Invoking toplevel() on ptolemy.moml.MoMLSimpleApplication@29677ae
----------------- Done invoking toplevel() on ptolemy.moml.MoMLSimpleApplication@29677ae
reloadAllAccessors: .ResettableTimer3

===========================================================================================
----------------- testing Fri Jan 03 05:42:58 UTC 2020 /home/travis/build/icyphy/ptII/ptolemy/domains/de/test/auto/ResettableTimer4.xml
----------------- Instantiating /home/travis/build/icyphy/ptII/ptolemy/domains/de/test/auto/ResettableTimer4.xml
1 ms. Memory: 135168K Free: 118537K (88%)
----------------- Invoking toplevel() on ptolemy.moml.MoMLSimpleApplication@6da0e53d
----------------- Done invoking toplevel() on ptolemy.moml.MoMLSimpleApplication@6da0e53d
reloadAllAccessors: .ResettableTimer4

===========================================================================================
----------------- testing Fri Jan 03 05:42:58 UTC 2020 /home/travis/build/icyphy/ptII/ptolemy/domains/de/test/auto/ResettableTimer5.xml
----------------- Instantiating /home/travis/build/icyphy/ptII/ptolemy/domains/de/test/auto/ResettableTimer5.xml
1 ms. Memory: 135168K Free: 114441K (85%)
----------------- Invoking toplevel() on ptolemy.moml.MoMLSimpleApplication@454f1d26
----------------- Done invoking toplevel() on ptolemy.moml.MoMLSimpleApplication@454f1d26
reloadAllAccessors: .ResettableTimer5

===========================================================================================
----------------- testing Fri Jan 03 05:42:58 UTC 2020 /home/travis/build/icyphy/ptII/ptolemy/domains/de/test/auto/ResettableTimer6.xml
----------------- Instantiating /home/travis/build/icyphy/ptII/ptolemy/domains/de/test/auto/ResettableTimer6.xml
6 ms. Memory: 135168K Free: 109828K (81%)
----------------- Invoking toplevel() on ptolemy.moml.MoMLSimpleApplication@7e9e81d
----------------- Done invoking toplevel() on ptolemy.moml.MoMLSimpleApplication@7e9e81d
reloadAllAccessors: .ResettableTimer6

===========================================================================================
----------------- testing Fri Jan 03 05:42:58 UTC 2020 /home/travis/build/icyphy/ptII/ptolemy/domains/de/test/auto/ServerZeroDelay.xml
----------------- Instantiating /home/travis/build/icyphy/ptII/ptolemy/domains/de/test/auto/ServerZeroDelay.xml
2 ms. Memory: 135168K Free: 105729K (78%)
----------------- Invoking toplevel() on ptolemy.moml.MoMLSimpleApplication@43da41bf
----------------- Done invoking toplevel() on ptolemy.moml.MoMLSimpleApplication@43da41bf
reloadAllAccessors: .ServerZeroDelay

===========================================================================================
----------------- testing Fri Jan 03 05:42:58 UTC 2020 /home/travis/build/icyphy/ptII/ptolemy/domains/de/test/auto/SmartSender.xml
----------------- Instantiating /home/travis/build/icyphy/ptII/ptolemy/domains/de/test/auto/SmartSender.xml
3002 ms. Memory: 135168K Free: 101639K (75%)
----------------- Invoking toplevel() on ptolemy.moml.MoMLSimpleApplication@31d4337e
----------------- Done invoking toplevel() on ptolemy.moml.MoMLSimpleApplication@31d4337e
reloadAllAccessors: .SmartSender

===========================================================================================
----------------- testing Fri Jan 03 05:43:01 UTC 2020 /home/travis/build/icyphy/ptII/ptolemy/domains/de/test/auto/ThreadedComposite.xml
----------------- Instantiating /home/travis/build/icyphy/ptII/ptolemy/domains/de/test/auto/ThreadedComposite.xml
109 ms. Memory: 135168K Free: 81159K (60%)
----------------- Invoking toplevel() on ptolemy.moml.MoMLSimpleApplication@208ce19f
----------------- Done invoking toplevel() on ptolemy.moml.MoMLSimpleApplication@208ce19f
reloadAllAccessors: .ThreadedComposite

===========================================================================================
----------------- testing Fri Jan 03 05:43:02 UTC 2020 /home/travis/build/icyphy/ptII/ptolemy/domains/de/test/auto/Time.xml
----------------- Instantiating /home/travis/build/icyphy/ptII/ptolemy/domains/de/test/auto/Time.xml
431 ms. Memory: 135168K Free: 109426K (81%)
----------------- Invoking toplevel() on ptolemy.moml.MoMLSimpleApplication@5d2584b2
----------------- Done invoking toplevel() on ptolemy.moml.MoMLSimpleApplication@5d2584b2
reloadAllAccessors: .Time

===========================================================================================
----------------- testing Fri Jan 03 05:43:02 UTC 2020 /home/travis/build/icyphy/ptII/ptolemy/domains/de/test/auto/TimeDelayZeroDelay.xml
----------------- Instantiating /home/travis/build/icyphy/ptII/ptolemy/domains/de/test/auto/TimeDelayZeroDelay.xml
2 ms. Memory: 135168K Free: 104783K (78%)
----------------- Invoking toplevel() on ptolemy.moml.MoMLSimpleApplication@2f6637e3
----------------- Done invoking toplevel() on ptolemy.moml.MoMLSimpleApplication@2f6637e3
reloadAllAccessors: .TimeDelayZeroDelay

===========================================================================================
----------------- testing Fri Jan 03 05:43:02 UTC 2020 /home/travis/build/icyphy/ptII/ptolemy/domains/de/test/auto/TimerZeroDelay.xml
----------------- Instantiating /home/travis/build/icyphy/ptII/ptolemy/domains/de/test/auto/TimerZeroDelay.xml
2 ms. Memory: 135168K Free: 100706K (75%)
----------------- Invoking toplevel() on ptolemy.moml.MoMLSimpleApplication@477871a
----------------- Done invoking toplevel() on ptolemy.moml.MoMLSimpleApplication@477871a
reloadAllAccessors: .TimerZeroDelay

===========================================================================================
----------------- testing Fri Jan 03 05:43:02 UTC 2020 /home/travis/build/icyphy/ptII/ptolemy/domains/de/test/auto/TimingParadox.xml
----------------- Instantiating /home/travis/build/icyphy/ptII/ptolemy/domains/de/test/auto/TimingParadox.xml
243 ms. Memory: 135168K Free: 112031K (83%)
----------------- Invoking toplevel() on ptolemy.moml.MoMLSimpleApplication@2b31148d
----------------- Done invoking toplevel() on ptolemy.moml.MoMLSimpleApplication@2b31148d
reloadAllAccessors: .TimingParadox

===========================================================================================
----------------- testing Fri Jan 03 05:43:02 UTC 2020 /home/travis/build/icyphy/ptII/ptolemy/domains/de/test/auto/TransferInputs.xml
----------------- Instantiating /home/travis/build/icyphy/ptII/ptolemy/domains/de/test/auto/TransferInputs.xml
2 ms. Memory: 135168K Free: 106897K (79%)
----------------- Invoking toplevel() on ptolemy.moml.MoMLSimpleApplication@5c591d27
----------------- Done invoking toplevel() on ptolemy.moml.MoMLSimpleApplication@5c591d27
reloadAllAccessors: .TransferInputs

===========================================================================================
----------------- testing Fri Jan 03 05:43:02 UTC 2020 /home/travis/build/icyphy/ptII/ptolemy/domains/de/test/auto/TransferOutputs2.xml
----------------- Instantiating /home/travis/build/icyphy/ptII/ptolemy/domains/de/test/auto/TransferOutputs2.xml
3 ms. Memory: 135168K Free: 98719K (73%)
----------------- Invoking toplevel() on ptolemy.moml.MoMLSimpleApplication@40356bb8
----------------- Done invoking toplevel() on ptolemy.moml.MoMLSimpleApplication@40356bb8
reloadAllAccessors: .TransferOutputs2

===========================================================================================
----------------- testing Fri Jan 03 05:43:02 UTC 2020 /home/travis/build/icyphy/ptII/ptolemy/domains/de/test/auto/Trilateration.xml
----------------- Instantiating /home/travis/build/icyphy/ptII/ptolemy/domains/de/test/auto/Trilateration.xml
9808 ms. Memory: 448512K Free: 239516K (53%)
----------------- Invoking toplevel() on ptolemy.moml.MoMLSimpleApplication@332eb2dc
----------------- Done invoking toplevel() on ptolemy.moml.MoMLSimpleApplication@332eb2dc
reloadAllAccessors: .Trilateration

===========================================================================================
----------------- testing Fri Jan 03 05:43:13 UTC 2020 /home/travis/build/icyphy/ptII/ptolemy/domains/de/test/auto/TwoSigmaDelta.xml
----------------- Instantiating /home/travis/build/icyphy/ptII/ptolemy/domains/de/test/auto/TwoSigmaDelta.xml
1772 ms. Memory: 448512K Free: 304552K (68%)
----------------- Invoking toplevel() on ptolemy.moml.MoMLSimpleApplication@5a039179
----------------- Done invoking toplevel() on ptolemy.moml.MoMLSimpleApplication@5a039179
reloadAllAccessors: .TwoSigmaDelta

===========================================================================================
----------------- testing Fri Jan 03 05:43:15 UTC 2020 /home/travis/build/icyphy/ptII/ptolemy/domains/de/test/auto/VariableDelay.xml
----------------- Instantiating /home/travis/build/icyphy/ptII/ptolemy/domains/de/test/auto/VariableDelay.xml
2 ms. Memory: 448512K Free: 299402K (67%)
----------------- Invoking toplevel() on ptolemy.moml.MoMLSimpleApplication@2f62d3a3
----------------- Done invoking toplevel() on ptolemy.moml.MoMLSimpleApplication@2f62d3a3
reloadAllAccessors: .VariableDelay

===========================================================================================
----------------- testing Fri Jan 03 05:43:15 UTC 2020 /home/travis/build/icyphy/ptII/ptolemy/domains/de/test/auto/VariableDelay2.xml
----------------- Instantiating /home/travis/build/icyphy/ptII/ptolemy/domains/de/test/auto/VariableDelay2.xml
1 ms. Memory: 448512K Free: 294826K (66%)
----------------- Invoking toplevel() on ptolemy.moml.MoMLSimpleApplication@34996be9
----------------- Done invoking toplevel() on ptolemy.moml.MoMLSimpleApplication@34996be9
reloadAllAccessors: .VariableDelay2

===========================================================================================
----------------- testing Fri Jan 03 05:43:15 UTC 2020 /home/travis/build/icyphy/ptII/ptolemy/domains/de/test/auto/VariableDelayZeroDelay.xml
----------------- Instantiating /home/travis/build/icyphy/ptII/ptolemy/domains/de/test/auto/VariableDelayZeroDelay.xml
4 ms. Memory: 448512K Free: 290730K (65%)
----------------- Invoking toplevel() on ptolemy.moml.MoMLSimpleApplication@7c88935b
----------------- Done invoking toplevel() on ptolemy.moml.MoMLSimpleApplication@7c88935b
reloadAllAccessors: .VariableDelayZeroDelay

===========================================================================================
----------------- testing Fri Jan 03 05:43:15 UTC 2020 /home/travis/build/icyphy/ptII/ptolemy/domains/de/test/auto/VariableDelayZeroDelay2.xml
----------------- Instantiating /home/travis/build/icyphy/ptII/ptolemy/domains/de/test/auto/VariableDelayZeroDelay2.xml
1 ms. Memory: 448512K Free: 286634K (64%)
----------------- Invoking toplevel() on ptolemy.moml.MoMLSimpleApplication@698c901
----------------- Done invoking toplevel() on ptolemy.moml.MoMLSimpleApplication@698c901
reloadAllAccessors: .VariableDelayZeroDelay2

===========================================================================================
----------------- testing Fri Jan 03 05:43:15 UTC 2020 /home/travis/build/icyphy/ptII/ptolemy/domains/de/test/auto/deInCt.xml
----------------- Instantiating /home/travis/build/icyphy/ptII/ptolemy/domains/de/test/auto/deInCt.xml
0
1
1
1
0
0
0
0
1
1
1
1
1
1
0
0
1
1
1
0
0
0
1
1
1
0
0
0
0
0
1
1
1
1
6 ms. Memory: 448512K Free: 281514K (63%)
----------------- Invoking toplevel() on ptolemy.moml.MoMLSimpleApplication@16b397d
----------------- Done invoking toplevel() on ptolemy.moml.MoMLSimpleApplication@16b397d
reloadAllAccessors: .deInCt

===========================================================================================
----------------- testing Fri Jan 03 05:43:15 UTC 2020 /home/travis/build/icyphy/ptII/ptolemy/domains/de/test/auto/deInCt2.xml
----------------- Instantiating /home/travis/build/icyphy/ptII/ptolemy/domains/de/test/auto/deInCt2.xml
0
1
1
1
0
0
1
1
1
0
0
1
1
1
0
0
1
1
1
0
0
1
1
1
0
0
1
1
1
0
0
1
1
1
0
0
1
1
1
0
0
0
12 ms. Memory: 448512K Free: 276392K (62%)
----------------- Invoking toplevel() on ptolemy.moml.MoMLSimpleApplication@33422dc7
----------------- Done invoking toplevel() on ptolemy.moml.MoMLSimpleApplication@33422dc7
reloadAllAccessors: .deInCt2

===========================================================================================
----------------- testing Fri Jan 03 05:43:15 UTC 2020 /home/travis/build/icyphy/ptII/ptolemy/domains/de/test/auto/dynamicCausalityInterface1.xml
----------------- Instantiating /home/travis/build/icyphy/ptII/ptolemy/domains/de/test/auto/dynamicCausalityInterface1.xml
1 ms. Memory: 448512K Free: 267178K (60%)
----------------- Invoking toplevel() on ptolemy.moml.MoMLSimpleApplication@107a0d9c
----------------- Done invoking toplevel() on ptolemy.moml.MoMLSimpleApplication@107a0d9c
reloadAllAccessors: .dynamicCausalityInterface1

===========================================================================================
----------------- testing Fri Jan 03 05:43:15 UTC 2020 /home/travis/build/icyphy/ptII/ptolemy/domains/de/test/auto/fsm_de_test.xml
----------------- Instantiating /home/travis/build/icyphy/ptII/ptolemy/domains/de/test/auto/fsm_de_test.xml
5 ms. Memory: 448512K Free: 257962K (58%)
----------------- Invoking toplevel() on ptolemy.moml.MoMLSimpleApplication@fa98baa
----------------- Done invoking toplevel() on ptolemy.moml.MoMLSimpleApplication@fa98baa
reloadAllAccessors: .fsm_de_test

===========================================================================================
----------------- testing Fri Jan 03 05:43:15 UTC 2020 /home/travis/build/icyphy/ptII/ptolemy/domains/de/test/auto/functionDependencyReconstruction.xml
----------------- Instantiating /home/travis/build/icyphy/ptII/ptolemy/domains/de/test/auto/functionDependencyReconstruction.xml
2 ms. Memory: 448512K Free: 243112K (54%)
----------------- Invoking toplevel() on ptolemy.moml.MoMLSimpleApplication@59a65601
----------------- Done invoking toplevel() on ptolemy.moml.MoMLSimpleApplication@59a65601
reloadAllAccessors: .functionDependencyReconstruction

===========================================================================================
----------------- testing Fri Jan 03 05:43:15 UTC 2020 /home/travis/build/icyphy/ptII/ptolemy/domains/de/test/auto/multirate.xml
----------------- Instantiating /home/travis/build/icyphy/ptII/ptolemy/domains/de/test/auto/multirate.xml
2 ms. Memory: 448512K Free: 236458K (53%)
----------------- Invoking toplevel() on ptolemy.moml.MoMLSimpleApplication@1471b563
----------------- Done invoking toplevel() on ptolemy.moml.MoMLSimpleApplication@1471b563
reloadAllAccessors: .multirate

===========================================================================================
----------------- testing Fri Jan 03 05:43:15 UTC 2020 /home/travis/build/icyphy/ptII/ptolemy/domains/de/test/auto/multirate2.xml
----------------- Instantiating /home/travis/build/icyphy/ptII/ptolemy/domains/de/test/auto/multirate2.xml
3 ms. Memory: 448512K Free: 229786K (51%)
----------------- Invoking toplevel() on ptolemy.moml.MoMLSimpleApplication@2808af36
----------------- Done invoking toplevel() on ptolemy.moml.MoMLSimpleApplication@2808af36
reloadAllAccessors: .multirate2

===========================================================================================
----------------- testing Fri Jan 03 05:43:15 UTC 2020 /home/travis/build/icyphy/ptII/ptolemy/domains/de/test/auto/realtime.xml
----------------- Instantiating /home/travis/build/icyphy/ptII/ptolemy/domains/de/test/auto/realtime.xml
10002 ms. Memory: 448512K Free: 224674K (50%)
----------------- Invoking toplevel() on ptolemy.moml.MoMLSimpleApplication@6be9dbda
----------------- Done invoking toplevel() on ptolemy.moml.MoMLSimpleApplication@6be9dbda
reloadAllAccessors: .realtime

===========================================================================================
----------------- testing Fri Jan 03 05:43:25 UTC 2020 /home/travis/build/icyphy/ptII/ptolemy/domains/de/test/auto/relationGroup.xml
----------------- Instantiating /home/travis/build/icyphy/ptII/ptolemy/domains/de/test/auto/relationGroup.xml
1 ms. Memory: 448512K Free: 221098K (49%)
----------------- Invoking toplevel() on ptolemy.moml.MoMLSimpleApplication@3bbbc2f4
----------------- Done invoking toplevel() on ptolemy.moml.MoMLSimpleApplication@3bbbc2f4
reloadAllAccessors: .relationGroup

===========================================================================================
----------------- testing Fri Jan 03 05:43:25 UTC 2020 /home/travis/build/icyphy/ptII/ptolemy/domains/de/test/auto/relationGroup2.xml
----------------- Instantiating /home/travis/build/icyphy/ptII/ptolemy/domains/de/test/auto/relationGroup2.xml
1 ms. Memory: 448512K Free: 217512K (48%)
----------------- Invoking toplevel() on ptolemy.moml.MoMLSimpleApplication@a4eb014
----------------- Done invoking toplevel() on ptolemy.moml.MoMLSimpleApplication@a4eb014
reloadAllAccessors: .relationGroup2

===========================================================================================
----------------- testing Fri Jan 03 05:43:25 UTC 2020 /home/travis/build/icyphy/ptII/ptolemy/domains/de/test/auto/sortWithOpaquePorts.xml
----------------- Instantiating /home/travis/build/icyphy/ptII/ptolemy/domains/de/test/auto/sortWithOpaquePorts.xml
1 ms. Memory: 448512K Free: 212906K (47%)
----------------- Invoking toplevel() on ptolemy.moml.MoMLSimpleApplication@3977349c
----------------- Done invoking toplevel() on ptolemy.moml.MoMLSimpleApplication@3977349c
reloadAllAccessors: .sortWithOpaquePorts

===========================================================================================
----------------- testing Fri Jan 03 05:43:25 UTC 2020 /home/travis/build/icyphy/ptII/ptolemy/domains/de/test/auto/transferInputsandOutputs.xml
----------------- Instantiating /home/travis/build/icyphy/ptII/ptolemy/domains/de/test/auto/transferInputsandOutputs.xml
2 ms. Memory: 448512K Free: 205738K (46%)
----------------- Invoking toplevel() on ptolemy.moml.MoMLSimpleApplication@31c720e8
----------------- Done invoking toplevel() on ptolemy.moml.MoMLSimpleApplication@31c720e8
reloadAllAccessors: .transferInputsandOutputs

===========================================================================================
----------------- testing Fri Jan 03 05:43:25 UTC 2020 /home/travis/build/icyphy/ptII/ptolemy/domains/de/test/auto/triggerType.xml
----------------- Instantiating /home/travis/build/icyphy/ptII/ptolemy/domains/de/test/auto/triggerType.xml
1 ms. Memory: 448512K Free: 201642K (45%)
----------------- Invoking toplevel() on ptolemy.moml.MoMLSimpleApplication@2f9d6408
----------------- Done invoking toplevel() on ptolemy.moml.MoMLSimpleApplication@2f9d6408
reloadAllAccessors: .triggerType
AutoTests.java: About to close Vertx.
AutoTests.java: Vertx closed.
]]></system-out>
  <system-err><![CDATA[java.lang.RuntimeException: Execution failed
	at ptolemy.moml.MoMLSimpleApplication$UnloadThread.run(MoMLSimpleApplication.java:402)
Caused by: ptolemy.kernel.util.IllegalActionException: Found a zero delay loop containing .dependencyLoop.original
  in .dependencyLoop and .dependencyLoop.original
	at ptolemy.actor.util.CausalityInterfaceForComposites._computeOutputPortDepth(CausalityInterfaceForComposites.java:759)
	at ptolemy.actor.util.CausalityInterfaceForComposites._computeInputDepth(CausalityInterfaceForComposites.java:696)
	at ptolemy.actor.util.CausalityInterfaceForComposites._computeOutputPortDepth(CausalityInterfaceForComposites.java:765)
	at ptolemy.actor.util.CausalityInterfaceForComposites._computeInputDepth(CausalityInterfaceForComposites.java:696)
	at ptolemy.actor.util.CausalityInterfaceForComposites._computeOutputPortDepth(CausalityInterfaceForComposites.java:765)
	at ptolemy.actor.util.CausalityInterfaceForComposites._computeInputDepth(CausalityInterfaceForComposites.java:696)
	at ptolemy.actor.util.CausalityInterfaceForComposites._computeActorDepth(CausalityInterfaceForComposites.java:532)
	at ptolemy.actor.util.CausalityInterfaceForComposites.checkForCycles(CausalityInterfaceForComposites.java:96)
	at ptolemy.domains.de.kernel.DEDirector.preinitialize(DEDirector.java:1338)
	at ptolemy.actor.CompositeActor.preinitialize(CompositeActor.java:1828)
	at ptolemy.actor.Manager.preinitializeAndResolveTypes(Manager.java:1040)
	at ptolemy.actor.Manager.initialize(Manager.java:710)
	at ptolemy.actor.Manager.execute(Manager.java:356)
	at ptolemy.actor.Manager.run(Manager.java:1263)
	at ptolemy.actor.Manager$PtolemyRunThread.run(Manager.java:1933)
java.lang.RuntimeException: Execution failed
	at ptolemy.moml.MoMLSimpleApplication$UnloadThread.run(MoMLSimpleApplication.java:402)
Caused by: ptolemy.kernel.util.IllegalActionException: Found a zero delay loop containing .dependencyLoop2.original
  in .dependencyLoop2 and .dependencyLoop2.original
	at ptolemy.actor.util.CausalityInterfaceForComposites._computeOutputPortDepth(CausalityInterfaceForComposites.java:759)
	at ptolemy.actor.util.CausalityInterfaceForComposites._computeInputDepth(CausalityInterfaceForComposites.java:696)
	at ptolemy.actor.util.CausalityInterfaceForComposites._computeOutputPortDepth(CausalityInterfaceForComposites.java:765)
	at ptolemy.actor.util.CausalityInterfaceForComposites._computeInputDepth(CausalityInterfaceForComposites.java:696)
	at ptolemy.actor.util.CausalityInterfaceForComposites._computeOutputPortDepth(CausalityInterfaceForComposites.java:765)
	at ptolemy.actor.util.CausalityInterfaceForComposites._computeInputDepth(CausalityInterfaceForComposites.java:696)
	at ptolemy.actor.util.CausalityInterfaceForComposites._computeActorDepth(CausalityInterfaceForComposites.java:532)
	at ptolemy.actor.util.CausalityInterfaceForComposites.checkForCycles(CausalityInterfaceForComposites.java:96)
	at ptolemy.domains.de.kernel.DEDirector.preinitialize(DEDirector.java:1338)
	at ptolemy.actor.CompositeActor.preinitialize(CompositeActor.java:1828)
	at ptolemy.actor.Manager.preinitializeAndResolveTypes(Manager.java:1040)
	at ptolemy.actor.Manager.initialize(Manager.java:710)
	at ptolemy.actor.Manager.execute(Manager.java:356)
	at ptolemy.actor.Manager.run(Manager.java:1263)
	at ptolemy.actor.Manager$PtolemyRunThread.run(Manager.java:1933)
java.lang.RuntimeException: Execution failed
	at ptolemy.moml.MoMLSimpleApplication$UnloadThread.run(MoMLSimpleApplication.java:402)
Caused by: ptolemy.kernel.util.IllegalActionException: Test fails in iteration 1.
Value was: 1.0. Should have been: 2.0
  in .DirectFeedback.Test
	at ptolemy.actor.lib.Test.fire(Test.java:268)
	at ptolemy.domains.de.kernel.DEDirector._fire(DEDirector.java:1949)
	at ptolemy.domains.de.kernel.DEDirector.fire(DEDirector.java:502)
	at ptolemy.actor.CompositeActor.fire(CompositeActor.java:455)
	at ptolemy.actor.Manager.iterate(Manager.java:851)
	at ptolemy.actor.Manager.execute(Manager.java:369)
	at ptolemy.actor.Manager.run(Manager.java:1263)
	at ptolemy.actor.Manager$PtolemyRunThread.run(Manager.java:1933)
java.lang.RuntimeException: Execution failed
	at ptolemy.moml.MoMLSimpleApplication$UnloadThread.run(MoMLSimpleApplication.java:402)
Caused by: ptolemy.kernel.util.IllegalActionException: Found a zero delay loop containing .dependencyLoop.original
  in .dependencyLoop and .dependencyLoop.original
	at ptolemy.actor.util.CausalityInterfaceForComposites._computeOutputPortDepth(CausalityInterfaceForComposites.java:759)
	at ptolemy.actor.util.CausalityInterfaceForComposites._computeInputDepth(CausalityInterfaceForComposites.java:696)
	at ptolemy.actor.util.CausalityInterfaceForComposites._computeOutputPortDepth(CausalityInterfaceForComposites.java:765)
	at ptolemy.actor.util.CausalityInterfaceForComposites._computeInputDepth(CausalityInterfaceForComposites.java:696)
	at ptolemy.actor.util.CausalityInterfaceForComposites._computeOutputPortDepth(CausalityInterfaceForComposites.java:765)
	at ptolemy.actor.util.CausalityInterfaceForComposites._computeInputDepth(CausalityInterfaceForComposites.java:696)
	at ptolemy.actor.util.CausalityInterfaceForComposites._computeActorDepth(CausalityInterfaceForComposites.java:532)
	at ptolemy.actor.util.CausalityInterfaceForComposites.checkForCycles(CausalityInterfaceForComposites.java:96)
	at ptolemy.domains.de.kernel.DEDirector.preinitialize(DEDirector.java:1338)
	at ptolemy.actor.CompositeActor.preinitialize(CompositeActor.java:1828)
	at ptolemy.actor.Manager.preinitializeAndResolveTypes(Manager.java:1040)
	at ptolemy.actor.Manager.initialize(Manager.java:710)
	at ptolemy.actor.Manager.execute(Manager.java:356)
	at ptolemy.actor.Manager.run(Manager.java:1263)
	at ptolemy.actor.Manager$PtolemyRunThread.run(Manager.java:1933)
java.lang.RuntimeException: Execution failed
	at ptolemy.moml.MoMLSimpleApplication$UnloadThread.run(MoMLSimpleApplication.java:402)
Caused by: ptolemy.kernel.util.IllegalActionException: Found a zero delay loop containing .HierarchicalModel.A
  in .HierarchicalModel and .HierarchicalModel.A
	at ptolemy.actor.util.CausalityInterfaceForComposites._computeOutputPortDepth(CausalityInterfaceForComposites.java:759)
	at ptolemy.actor.util.CausalityInterfaceForComposites._computeInputDepth(CausalityInterfaceForComposites.java:696)
	at ptolemy.actor.util.CausalityInterfaceForComposites._computeOutputPortDepth(CausalityInterfaceForComposites.java:765)
	at ptolemy.actor.util.CausalityInterfaceForComposites._computeInputDepth(CausalityInterfaceForComposites.java:696)
	at ptolemy.actor.util.CausalityInterfaceForComposites._computeOutputPortDepth(CausalityInterfaceForComposites.java:765)
	at ptolemy.actor.util.CausalityInterfaceForComposites._computeInputDepth(CausalityInterfaceForComposites.java:696)
	at ptolemy.actor.util.CausalityInterfaceForComposites._computeActorDepth(CausalityInterfaceForComposites.java:532)
	at ptolemy.actor.util.CausalityInterfaceForComposites.checkForCycles(CausalityInterfaceForComposites.java:96)
	at ptolemy.domains.de.kernel.DEDirector.preinitialize(DEDirector.java:1338)
	at ptolemy.actor.CompositeActor.preinitialize(CompositeActor.java:1828)
	at ptolemy.actor.Manager.preinitializeAndResolveTypes(Manager.java:1040)
	at ptolemy.actor.Manager.initialize(Manager.java:710)
	at ptolemy.actor.Manager.execute(Manager.java:356)
	at ptolemy.actor.Manager.run(Manager.java:1263)
	at ptolemy.actor.Manager$PtolemyRunThread.run(Manager.java:1933)
java.lang.RuntimeException: Execution failed
	at ptolemy.moml.MoMLSimpleApplication$UnloadThread.run(MoMLSimpleApplication.java:402)
Caused by: ptolemy.kernel.util.IllegalActionException: Found a zero delay loop containing .dependencyLoop2.original
  in .dependencyLoop2 and .dependencyLoop2.original
	at ptolemy.actor.util.CausalityInterfaceForComposites._computeOutputPortDepth(CausalityInterfaceForComposites.java:759)
	at ptolemy.actor.util.CausalityInterfaceForComposites._computeInputDepth(CausalityInterfaceForComposites.java:696)
	at ptolemy.actor.util.CausalityInterfaceForComposites._computeOutputPortDepth(CausalityInterfaceForComposites.java:765)
	at ptolemy.actor.util.CausalityInterfaceForComposites._computeInputDepth(CausalityInterfaceForComposites.java:696)
	at ptolemy.actor.util.CausalityInterfaceForComposites._computeOutputPortDepth(CausalityInterfaceForComposites.java:765)
	at ptolemy.actor.util.CausalityInterfaceForComposites._computeInputDepth(CausalityInterfaceForComposites.java:696)
	at ptolemy.actor.util.CausalityInterfaceForComposites._computeActorDepth(CausalityInterfaceForComposites.java:532)
	at ptolemy.actor.util.CausalityInterfaceForComposites.checkForCycles(CausalityInterfaceForComposites.java:96)
	at ptolemy.domains.de.kernel.DEDirector.preinitialize(DEDirector.java:1338)
	at ptolemy.actor.CompositeActor.preinitialize(CompositeActor.java:1828)
	at ptolemy.actor.Manager.preinitializeAndResolveTypes(Manager.java:1040)
	at ptolemy.actor.Manager.initialize(Manager.java:710)
	at ptolemy.actor.Manager.execute(Manager.java:356)
	at ptolemy.actor.Manager.run(Manager.java:1263)
	at ptolemy.actor.Manager$PtolemyRunThread.run(Manager.java:1933)
java.lang.RuntimeException: Execution failed
	at ptolemy.moml.MoMLSimpleApplication$UnloadThread.run(MoMLSimpleApplication.java:402)
Caused by: ptolemy.kernel.util.IllegalActionException: Actor is not ready to fire.  Perhaps UpSample.prefire() returned false? Try debugging the actor by selecting "Listen to Actor".  Also, for SDF check moml for tokenConsumptionRate on input.
  in .DESDFClockTest.Play Bell.Copy1:SDF Director and .DESDFClockTest.Play Bell.UpSample
	at ptolemy.actor.sched.StaticSchedulingDirector.fire(StaticSchedulingDirector.java:227)
	at ptolemy.domains.sdf.kernel.SDFDirector.fire(SDFDirector.java:500)
	at ptolemy.actor.CompositeActor.fire(CompositeActor.java:455)
	at ptolemy.domains.de.kernel.DEDirector._fire(DEDirector.java:1949)
	at ptolemy.domains.de.kernel.DEDirector.fire(DEDirector.java:502)
	at ptolemy.actor.CompositeActor.fire(CompositeActor.java:455)
	at ptolemy.actor.Manager.iterate(Manager.java:851)
	at ptolemy.actor.Manager.execute(Manager.java:369)
	at ptolemy.actor.Manager.run(Manager.java:1263)
	at ptolemy.actor.Manager$PtolemyRunThread.run(Manager.java:1933)
java.lang.RuntimeException: Execution failed
	at ptolemy.moml.MoMLSimpleApplication$UnloadThread.run(MoMLSimpleApplication.java:402)
Caused by: ptolemy.kernel.util.IllegalActionException: Actor is not ready to fire.  Perhaps UpSample.prefire() returned false? Try debugging the actor by selecting "Listen to Actor".  Also, for SDF check moml for tokenConsumptionRate on input.
  in .DESDFClockTest.Play Bell.Copy1:SDF Director and .DESDFClockTest.Play Bell.UpSample
	at ptolemy.actor.sched.StaticSchedulingDirector.fire(StaticSchedulingDirector.java:227)
	at ptolemy.domains.sdf.kernel.SDFDirector.fire(SDFDirector.java:500)
	at ptolemy.actor.CompositeActor.fire(CompositeActor.java:455)
	at ptolemy.domains.de.kernel.DEDirector._fire(DEDirector.java:1949)
	at ptolemy.domains.de.kernel.DEDirector.fire(DEDirector.java:502)
	at ptolemy.actor.CompositeActor.fire(CompositeActor.java:455)
	at ptolemy.actor.Manager.iterate(Manager.java:851)
	at ptolemy.actor.Manager.execute(Manager.java:369)
	at ptolemy.actor.Manager.run(Manager.java:1263)
	at ptolemy.actor.Manager$PtolemyRunThread.run(Manager.java:1933)
java.lang.reflect.InvocationTargetException
	at java.base/jdk.internal.reflect.NativeConstructorAccessorImpl.newInstance0(Native Method)
	at java.base/jdk.internal.reflect.NativeConstructorAccessorImpl.newInstance(NativeConstructorAccessorImpl.java:62)
	at java.base/jdk.internal.reflect.DelegatingConstructorAccessorImpl.newInstance(DelegatingConstructorAccessorImpl.java:45)
	at java.base/java.lang.reflect.Constructor.newInstance(Constructor.java:490)
	at ptolemy.util.test.junit.AutoKnownFailedTests.RunModel(AutoKnownFailedTests.java:105)
	at java.base/jdk.internal.reflect.NativeMethodAccessorImpl.invoke0(Native Method)
	at java.base/jdk.internal.reflect.NativeMethodAccessorImpl.invoke(NativeMethodAccessorImpl.java:62)
	at java.base/jdk.internal.reflect.DelegatingMethodAccessorImpl.invoke(DelegatingMethodAccessorImpl.java:43)
	at java.base/java.lang.reflect.Method.invoke(Method.java:566)
	at org.junit.runners.model.FrameworkMethod$1.runReflectiveCall(FrameworkMethod.java:44)
	at org.junit.internal.runners.model.ReflectiveCallable.run(ReflectiveCallable.java:15)
	at org.junit.runners.model.FrameworkMethod.invokeExplosively(FrameworkMethod.java:41)
	at junitparams.internal.InvokeParameterisedMethod.evaluate(InvokeParameterisedMethod.java:102)
	at org.junit.internal.runners.statements.FailOnTimeout$1.run(FailOnTimeout.java:28)
Caused by: ptolemy.kernel.util.IllegalActionException: Actor is not ready to fire.  Perhaps UpSample.prefire() returned false? Try debugging the actor by selecting "Listen to Actor".  Also, for SDF check moml for tokenConsumptionRate on input.
  in .DESDFClockTest.Play Bell.Copy1:SDF Director and .DESDFClockTest.Play Bell.UpSample
	at ptolemy.actor.sched.StaticSchedulingDirector.fire(StaticSchedulingDirector.java:227)
	at ptolemy.domains.sdf.kernel.SDFDirector.fire(SDFDirector.java:500)
	at ptolemy.actor.CompositeActor.fire(CompositeActor.java:455)
	at ptolemy.domains.de.kernel.DEDirector._fire(DEDirector.java:1949)
	at ptolemy.domains.de.kernel.DEDirector.fire(DEDirector.java:502)
	at ptolemy.actor.CompositeActor.fire(CompositeActor.java:455)
	at ptolemy.actor.Manager.iterate(Manager.java:851)
	at ptolemy.actor.Manager.execute(Manager.java:369)
	at ptolemy.actor.Manager.run(Manager.java:1263)
	at ptolemy.actor.Manager$PtolemyRunThread.run(Manager.java:1933)
java.lang.RuntimeException: Execution failed
	at ptolemy.moml.MoMLSimpleApplication$UnloadThread.run(MoMLSimpleApplication.java:402)
Caused by: ptolemy.kernel.util.IllegalActionException: Test fails in iteration 1.
Value was: 1.0. Should have been: 2.0
  in .DirectFeedback.Test
	at ptolemy.actor.lib.Test.fire(Test.java:268)
	at ptolemy.domains.de.kernel.DEDirector._fire(DEDirector.java:1949)
	at ptolemy.domains.de.kernel.DEDirector.fire(DEDirector.java:502)
	at ptolemy.actor.CompositeActor.fire(CompositeActor.java:455)
	at ptolemy.actor.Manager.iterate(Manager.java:851)
	at ptolemy.actor.Manager.execute(Manager.java:369)
	at ptolemy.actor.Manager.run(Manager.java:1263)
	at ptolemy.actor.Manager$PtolemyRunThread.run(Manager.java:1933)
java.lang.reflect.InvocationTargetException
	at java.base/jdk.internal.reflect.NativeConstructorAccessorImpl.newInstance0(Native Method)
	at java.base/jdk.internal.reflect.NativeConstructorAccessorImpl.newInstance(NativeConstructorAccessorImpl.java:62)
	at java.base/jdk.internal.reflect.DelegatingConstructorAccessorImpl.newInstance(DelegatingConstructorAccessorImpl.java:45)
	at java.base/java.lang.reflect.Constructor.newInstance(Constructor.java:490)
	at ptolemy.util.test.junit.AutoKnownFailedTests.RunModel(AutoKnownFailedTests.java:105)
	at java.base/jdk.internal.reflect.NativeMethodAccessorImpl.invoke0(Native Method)
	at java.base/jdk.internal.reflect.NativeMethodAccessorImpl.invoke(NativeMethodAccessorImpl.java:62)
	at java.base/jdk.internal.reflect.DelegatingMethodAccessorImpl.invoke(DelegatingMethodAccessorImpl.java:43)
	at java.base/java.lang.reflect.Method.invoke(Method.java:566)
	at org.junit.runners.model.FrameworkMethod$1.runReflectiveCall(FrameworkMethod.java:44)
	at org.junit.internal.runners.model.ReflectiveCallable.run(ReflectiveCallable.java:15)
	at org.junit.runners.model.FrameworkMethod.invokeExplosively(FrameworkMethod.java:41)
	at junitparams.internal.InvokeParameterisedMethod.evaluate(InvokeParameterisedMethod.java:102)
	at org.junit.internal.runners.statements.FailOnTimeout$1.run(FailOnTimeout.java:28)
Caused by: ptolemy.kernel.util.IllegalActionException: Test fails in iteration 1.
Value was: 1.0. Should have been: 2.0
  in .DirectFeedback.Test
	at ptolemy.actor.lib.Test.fire(Test.java:268)
	at ptolemy.domains.de.kernel.DEDirector._fire(DEDirector.java:1949)
	at ptolemy.domains.de.kernel.DEDirector.fire(DEDirector.java:502)
	at ptolemy.actor.CompositeActor.fire(CompositeActor.java:455)
	at ptolemy.actor.Manager.iterate(Manager.java:851)
	at ptolemy.actor.Manager.execute(Manager.java:369)
	at ptolemy.actor.Manager.run(Manager.java:1263)
	at ptolemy.actor.Manager$PtolemyRunThread.run(Manager.java:1933)
java.lang.RuntimeException: Execution failed
	at ptolemy.moml.MoMLSimpleApplication$UnloadThread.run(MoMLSimpleApplication.java:402)
Caused by: ptolemy.kernel.util.IllegalActionException: Found a zero delay loop containing .HierarchicalModel.A
  in .HierarchicalModel and .HierarchicalModel.A
	at ptolemy.actor.util.CausalityInterfaceForComposites._computeOutputPortDepth(CausalityInterfaceForComposites.java:759)
	at ptolemy.actor.util.CausalityInterfaceForComposites._computeInputDepth(CausalityInterfaceForComposites.java:696)
	at ptolemy.actor.util.CausalityInterfaceForComposites._computeOutputPortDepth(CausalityInterfaceForComposites.java:765)
	at ptolemy.actor.util.CausalityInterfaceForComposites._computeInputDepth(CausalityInterfaceForComposites.java:696)
	at ptolemy.actor.util.CausalityInterfaceForComposites._computeOutputPortDepth(CausalityInterfaceForComposites.java:765)
	at ptolemy.actor.util.CausalityInterfaceForComposites._computeInputDepth(CausalityInterfaceForComposites.java:696)
	at ptolemy.actor.util.CausalityInterfaceForComposites._computeActorDepth(CausalityInterfaceForComposites.java:532)
	at ptolemy.actor.util.CausalityInterfaceForComposites.checkForCycles(CausalityInterfaceForComposites.java:96)
	at ptolemy.domains.de.kernel.DEDirector.preinitialize(DEDirector.java:1338)
	at ptolemy.actor.CompositeActor.preinitialize(CompositeActor.java:1828)
	at ptolemy.actor.Manager.preinitializeAndResolveTypes(Manager.java:1040)
	at ptolemy.actor.Manager.initialize(Manager.java:710)
	at ptolemy.actor.Manager.execute(Manager.java:356)
	at ptolemy.actor.Manager.run(Manager.java:1263)
	at ptolemy.actor.Manager$PtolemyRunThread.run(Manager.java:1933)
java.lang.reflect.InvocationTargetException
	at java.base/jdk.internal.reflect.NativeConstructorAccessorImpl.newInstance0(Native Method)
	at java.base/jdk.internal.reflect.NativeConstructorAccessorImpl.newInstance(NativeConstructorAccessorImpl.java:62)
	at java.base/jdk.internal.reflect.DelegatingConstructorAccessorImpl.newInstance(DelegatingConstructorAccessorImpl.java:45)
	at java.base/java.lang.reflect.Constructor.newInstance(Constructor.java:490)
	at ptolemy.util.test.junit.AutoKnownFailedTests.RunModel(AutoKnownFailedTests.java:105)
	at java.base/jdk.internal.reflect.NativeMethodAccessorImpl.invoke0(Native Method)
	at java.base/jdk.internal.reflect.NativeMethodAccessorImpl.invoke(NativeMethodAccessorImpl.java:62)
	at java.base/jdk.internal.reflect.DelegatingMethodAccessorImpl.invoke(DelegatingMethodAccessorImpl.java:43)
	at java.base/java.lang.reflect.Method.invoke(Method.java:566)
	at org.junit.runners.model.FrameworkMethod$1.runReflectiveCall(FrameworkMethod.java:44)
	at org.junit.internal.runners.model.ReflectiveCallable.run(ReflectiveCallable.java:15)
	at org.junit.runners.model.FrameworkMethod.invokeExplosively(FrameworkMethod.java:41)
	at junitparams.internal.InvokeParameterisedMethod.evaluate(InvokeParameterisedMethod.java:102)
	at org.junit.internal.runners.statements.FailOnTimeout$1.run(FailOnTimeout.java:28)
Caused by: ptolemy.kernel.util.IllegalActionException: Found a zero delay loop containing .HierarchicalModel.A
  in .HierarchicalModel and .HierarchicalModel.A
	at ptolemy.actor.util.CausalityInterfaceForComposites._computeOutputPortDepth(CausalityInterfaceForComposites.java:759)
	at ptolemy.actor.util.CausalityInterfaceForComposites._computeInputDepth(CausalityInterfaceForComposites.java:696)
	at ptolemy.actor.util.CausalityInterfaceForComposites._computeOutputPortDepth(CausalityInterfaceForComposites.java:765)
	at ptolemy.actor.util.CausalityInterfaceForComposites._computeInputDepth(CausalityInterfaceForComposites.java:696)
	at ptolemy.actor.util.CausalityInterfaceForComposites._computeOutputPortDepth(CausalityInterfaceForComposites.java:765)
	at ptolemy.actor.util.CausalityInterfaceForComposites._computeInputDepth(CausalityInterfaceForComposites.java:696)
	at ptolemy.actor.util.CausalityInterfaceForComposites._computeActorDepth(CausalityInterfaceForComposites.java:532)
	at ptolemy.actor.util.CausalityInterfaceForComposites.checkForCycles(CausalityInterfaceForComposites.java:96)
	at ptolemy.domains.de.kernel.DEDirector.preinitialize(DEDirector.java:1338)
	at ptolemy.actor.CompositeActor.preinitialize(CompositeActor.java:1828)
	at ptolemy.actor.Manager.preinitializeAndResolveTypes(Manager.java:1040)
	at ptolemy.actor.Manager.initialize(Manager.java:710)
	at ptolemy.actor.Manager.execute(Manager.java:356)
	at ptolemy.actor.Manager.run(Manager.java:1263)
	at ptolemy.actor.Manager$PtolemyRunThread.run(Manager.java:1933)
java.lang.RuntimeException: Execution failed
	at ptolemy.moml.MoMLSimpleApplication$UnloadThread.run(MoMLSimpleApplication.java:402)
Caused by: ptolemy.kernel.util.IllegalActionException: Found a zero delay loop containing .dependencyLoop.original
  in .dependencyLoop and .dependencyLoop.original
	at ptolemy.actor.util.CausalityInterfaceForComposites._computeOutputPortDepth(CausalityInterfaceForComposites.java:759)
	at ptolemy.actor.util.CausalityInterfaceForComposites._computeInputDepth(CausalityInterfaceForComposites.java:696)
	at ptolemy.actor.util.CausalityInterfaceForComposites._computeOutputPortDepth(CausalityInterfaceForComposites.java:765)
	at ptolemy.actor.util.CausalityInterfaceForComposites._computeInputDepth(CausalityInterfaceForComposites.java:696)
	at ptolemy.actor.util.CausalityInterfaceForComposites._computeOutputPortDepth(CausalityInterfaceForComposites.java:765)
	at ptolemy.actor.util.CausalityInterfaceForComposites._computeInputDepth(CausalityInterfaceForComposites.java:696)
	at ptolemy.actor.util.CausalityInterfaceForComposites._computeActorDepth(CausalityInterfaceForComposites.java:532)
	at ptolemy.actor.util.CausalityInterfaceForComposites.checkForCycles(CausalityInterfaceForComposites.java:96)
	at ptolemy.domains.de.kernel.DEDirector.preinitialize(DEDirector.java:1338)
	at ptolemy.actor.CompositeActor.preinitialize(CompositeActor.java:1828)
	at ptolemy.actor.Manager.preinitializeAndResolveTypes(Manager.java:1040)
	at ptolemy.actor.Manager.initialize(Manager.java:710)
	at ptolemy.actor.Manager.execute(Manager.java:356)
	at ptolemy.actor.Manager.run(Manager.java:1263)
	at ptolemy.actor.Manager$PtolemyRunThread.run(Manager.java:1933)
java.lang.reflect.InvocationTargetException
	at java.base/jdk.internal.reflect.NativeConstructorAccessorImpl.newInstance0(Native Method)
	at java.base/jdk.internal.reflect.NativeConstructorAccessorImpl.newInstance(NativeConstructorAccessorImpl.java:62)
	at java.base/jdk.internal.reflect.DelegatingConstructorAccessorImpl.newInstance(DelegatingConstructorAccessorImpl.java:45)
	at java.base/java.lang.reflect.Constructor.newInstance(Constructor.java:490)
	at ptolemy.util.test.junit.AutoKnownFailedTests.RunModel(AutoKnownFailedTests.java:105)
	at java.base/jdk.internal.reflect.NativeMethodAccessorImpl.invoke0(Native Method)
	at java.base/jdk.internal.reflect.NativeMethodAccessorImpl.invoke(NativeMethodAccessorImpl.java:62)
	at java.base/jdk.internal.reflect.DelegatingMethodAccessorImpl.invoke(DelegatingMethodAccessorImpl.java:43)
	at java.base/java.lang.reflect.Method.invoke(Method.java:566)
	at org.junit.runners.model.FrameworkMethod$1.runReflectiveCall(FrameworkMethod.java:44)
	at org.junit.internal.runners.model.ReflectiveCallable.run(ReflectiveCallable.java:15)
	at org.junit.runners.model.FrameworkMethod.invokeExplosively(FrameworkMethod.java:41)
	at junitparams.internal.InvokeParameterisedMethod.evaluate(InvokeParameterisedMethod.java:102)
	at org.junit.internal.runners.statements.FailOnTimeout$1.run(FailOnTimeout.java:28)
Caused by: ptolemy.kernel.util.IllegalActionException: Found a zero delay loop containing .dependencyLoop.original
  in .dependencyLoop and .dependencyLoop.original
	at ptolemy.actor.util.CausalityInterfaceForComposites._computeOutputPortDepth(CausalityInterfaceForComposites.java:759)
	at ptolemy.actor.util.CausalityInterfaceForComposites._computeInputDepth(CausalityInterfaceForComposites.java:696)
	at ptolemy.actor.util.CausalityInterfaceForComposites._computeOutputPortDepth(CausalityInterfaceForComposites.java:765)
	at ptolemy.actor.util.CausalityInterfaceForComposites._computeInputDepth(CausalityInterfaceForComposites.java:696)
	at ptolemy.actor.util.CausalityInterfaceForComposites._computeOutputPortDepth(CausalityInterfaceForComposites.java:765)
	at ptolemy.actor.util.CausalityInterfaceForComposites._computeInputDepth(CausalityInterfaceForComposites.java:696)
	at ptolemy.actor.util.CausalityInterfaceForComposites._computeActorDepth(CausalityInterfaceForComposites.java:532)
	at ptolemy.actor.util.CausalityInterfaceForComposites.checkForCycles(CausalityInterfaceForComposites.java:96)
	at ptolemy.domains.de.kernel.DEDirector.preinitialize(DEDirector.java:1338)
	at ptolemy.actor.CompositeActor.preinitialize(CompositeActor.java:1828)
	at ptolemy.actor.Manager.preinitializeAndResolveTypes(Manager.java:1040)
	at ptolemy.actor.Manager.initialize(Manager.java:710)
	at ptolemy.actor.Manager.execute(Manager.java:356)
	at ptolemy.actor.Manager.run(Manager.java:1263)
	at ptolemy.actor.Manager$PtolemyRunThread.run(Manager.java:1933)
java.lang.RuntimeException: Execution failed
	at ptolemy.moml.MoMLSimpleApplication$UnloadThread.run(MoMLSimpleApplication.java:402)
Caused by: ptolemy.kernel.util.IllegalActionException: Found a zero delay loop containing .dependencyLoop2.original
  in .dependencyLoop2 and .dependencyLoop2.original
	at ptolemy.actor.util.CausalityInterfaceForComposites._computeOutputPortDepth(CausalityInterfaceForComposites.java:759)
	at ptolemy.actor.util.CausalityInterfaceForComposites._computeInputDepth(CausalityInterfaceForComposites.java:696)
	at ptolemy.actor.util.CausalityInterfaceForComposites._computeOutputPortDepth(CausalityInterfaceForComposites.java:765)
	at ptolemy.actor.util.CausalityInterfaceForComposites._computeInputDepth(CausalityInterfaceForComposites.java:696)
	at ptolemy.actor.util.CausalityInterfaceForComposites._computeOutputPortDepth(CausalityInterfaceForComposites.java:765)
	at ptolemy.actor.util.CausalityInterfaceForComposites._computeInputDepth(CausalityInterfaceForComposites.java:696)
	at ptolemy.actor.util.CausalityInterfaceForComposites._computeActorDepth(CausalityInterfaceForComposites.java:532)
	at ptolemy.actor.util.CausalityInterfaceForComposites.checkForCycles(CausalityInterfaceForComposites.java:96)
	at ptolemy.domains.de.kernel.DEDirector.preinitialize(DEDirector.java:1338)
	at ptolemy.actor.CompositeActor.preinitialize(CompositeActor.java:1828)
	at ptolemy.actor.Manager.preinitializeAndResolveTypes(Manager.java:1040)
	at ptolemy.actor.Manager.initialize(Manager.java:710)
	at ptolemy.actor.Manager.execute(Manager.java:356)
	at ptolemy.actor.Manager.run(Manager.java:1263)
	at ptolemy.actor.Manager$PtolemyRunThread.run(Manager.java:1933)
java.lang.reflect.InvocationTargetException
	at java.base/jdk.internal.reflect.NativeConstructorAccessorImpl.newInstance0(Native Method)
	at java.base/jdk.internal.reflect.NativeConstructorAccessorImpl.newInstance(NativeConstructorAccessorImpl.java:62)
	at java.base/jdk.internal.reflect.DelegatingConstructorAccessorImpl.newInstance(DelegatingConstructorAccessorImpl.java:45)
	at java.base/java.lang.reflect.Constructor.newInstance(Constructor.java:490)
	at ptolemy.util.test.junit.AutoKnownFailedTests.RunModel(AutoKnownFailedTests.java:105)
	at java.base/jdk.internal.reflect.NativeMethodAccessorImpl.invoke0(Native Method)
	at java.base/jdk.internal.reflect.NativeMethodAccessorImpl.invoke(NativeMethodAccessorImpl.java:62)
	at java.base/jdk.internal.reflect.DelegatingMethodAccessorImpl.invoke(DelegatingMethodAccessorImpl.java:43)
	at java.base/java.lang.reflect.Method.invoke(Method.java:566)
	at org.junit.runners.model.FrameworkMethod$1.runReflectiveCall(FrameworkMethod.java:44)
	at org.junit.internal.runners.model.ReflectiveCallable.run(ReflectiveCallable.java:15)
	at org.junit.runners.model.FrameworkMethod.invokeExplosively(FrameworkMethod.java:41)
	at junitparams.internal.InvokeParameterisedMethod.evaluate(InvokeParameterisedMethod.java:102)
	at org.junit.internal.runners.statements.FailOnTimeout$1.run(FailOnTimeout.java:28)
Caused by: ptolemy.kernel.util.IllegalActionException: Found a zero delay loop containing .dependencyLoop2.original
  in .dependencyLoop2 and .dependencyLoop2.original
	at ptolemy.actor.util.CausalityInterfaceForComposites._computeOutputPortDepth(CausalityInterfaceForComposites.java:759)
	at ptolemy.actor.util.CausalityInterfaceForComposites._computeInputDepth(CausalityInterfaceForComposites.java:696)
	at ptolemy.actor.util.CausalityInterfaceForComposites._computeOutputPortDepth(CausalityInterfaceForComposites.java:765)
	at ptolemy.actor.util.CausalityInterfaceForComposites._computeInputDepth(CausalityInterfaceForComposites.java:696)
	at ptolemy.actor.util.CausalityInterfaceForComposites._computeOutputPortDepth(CausalityInterfaceForComposites.java:765)
	at ptolemy.actor.util.CausalityInterfaceForComposites._computeInputDepth(CausalityInterfaceForComposites.java:696)
	at ptolemy.actor.util.CausalityInterfaceForComposites._computeActorDepth(CausalityInterfaceForComposites.java:532)
	at ptolemy.actor.util.CausalityInterfaceForComposites.checkForCycles(CausalityInterfaceForComposites.java:96)
	at ptolemy.domains.de.kernel.DEDirector.preinitialize(DEDirector.java:1338)
	at ptolemy.actor.CompositeActor.preinitialize(CompositeActor.java:1828)
	at ptolemy.actor.Manager.preinitializeAndResolveTypes(Manager.java:1040)
	at ptolemy.actor.Manager.initialize(Manager.java:710)
	at ptolemy.actor.Manager.execute(Manager.java:356)
	at ptolemy.actor.Manager.run(Manager.java:1263)
	at ptolemy.actor.Manager$PtolemyRunThread.run(Manager.java:1933)
]]></system-err>
</testsuite>
