<?xml version="1.0" encoding="UTF-8" ?>
<testsuite errors="0" failures="0" hostname="travis-job-4a8660bb-f451-4509-b3c2-a42c47c6395d" name="ptolemy.data.ontologies.test.junit.JUnitTclTest" skipped="0" tests="40" time="13.49" timestamp="2018-08-17T01:55:49">
  <properties>
    <property name="npm.executable" value="npm" />
    <property name="file.encoding.pkg" value="sun.io" />
    <property name="ptII.mk.exists" value="true" />
    <property name="env.rvm_bin_path" value="/home/travis/.rvm/bin" />
    <property name="java.home" value="/usr/lib/jvm/java-8-oracle/jre" />
    <property name="env.TRAVIS_JOB_NUMBER" value="698.8" />
    <property name="env.DISPLAY" value=":99.0" />
    <property name="java.net.preferIPv4Stack" value="true" />
    <property name="env.TRAVIS_INIT" value="upstart" />
    <property name="env.SSH_TTY" value="/dev/pts/0" />
    <property name="env.RUN_TESTS" value="false" />
    <property name="timeout.short" value="1000000" />
    <property name="env.TRAVIS_STACK_NODE_ATTRIBUTES" value="/.node-attributes.yml" />
    <property name="junit.formatter" value="xml" />
    <property name="java.endorsed.dirs" value="/usr/lib/jvm/java-8-oracle/jre/lib/endorsed" />
    <property name="env.TRAVIS_SUDO" value="true" />
    <property name="env.LOGNAME" value="travis" />
    <property name="env.PT_TRAVIS_TEST_CORE1_XML" value="true" />
    <property name="jsdoc.home" value="node_modules/@terraswarm/jsdoc" />
    <property name="debuglevel" value="source,lines,vars" />
    <property name="checkstyle.formatter" value="xml" />
    <property name="bin.vergil.makeable" value="true" />
    <property name="env._system_version" value="14.04" />
    <property name="sun.os.patch.level" value="unknown" />
    <property name="java.vendor.url" value="http://java.oracle.com/" />
    <property name="java.version" value="1.8.0_151" />
    <property name="env.TZ" value="UTC" />
    <property name="env.PT_NO_NET" value="true" />
    <property name="env.TRAVIS_PULL_REQUEST_SHA" value="" />
    <property name="env.TRAVIS_SECURE_ENV_VARS" value="true" />
    <property name="env._system_type" value="Linux" />
    <property name="java.vendor.url.bug" value="http://bugreport.sun.com/bugreport/" />
    <property name="env.SSH_CLIENT" value="10.10.16.9 34022 22" />
    <property name="npmjs-org-is-up" value="true" />
    <property name="env.GEM_HOME" value="/home/travis/.rvm/gems/ruby-2.4.1" />
    <property name="env.HAS_ANTARES_THREE_LITTLE_FRONZIES_BADGE" value="true" />
    <property name="env.PS4" value="+" />
    <property name="ant.project.invoked-targets" value="build,test.core1.xml" />
    <property name="env.TRAVIS_PULL_REQUEST_BRANCH" value="" />
    <property name="env.TRAVIS_REPO_SLUG" value="icyphy/ptII" />
    <property name="node.in.path" value="true" />
    <property name="java.maxmemory" value="1400m" />
    <property name="env.RUBY_VERSION" value="ruby-2.4.1" />
    <property name="user.name" value="travis" />
    <property name="env.LANG" value="en_US.UTF-8" />
    <property name="sun.io.unicode.encoding" value="UnicodeLittle" />
    <property name="sun.jnu.encoding" value="UTF-8" />
    <property name="java.runtime.name" value="Java(TM) SE Runtime Environment" />
    <property name="usefile" value="false" />
    <property name="return.code" value="0" />
    <property name="junit.single.formatter" value="plain" />
    <property name="env.DYLD_LIBRARY_PATH" value="/home/travis/pthla/certi-tools/lib:" />
    <property name="env.DEBIAN_FRONTEND" value="noninteractive" />
    <property name="env.SSH_CONNECTION" value="10.10.16.9 34022 10.20.0.52 22" />
    <property name="env.MYSQL_UNIX_PORT" value="/var/run/mysqld/mysqld.sock" />
    <property name="env.TRAVIS_ALLOW_FAILURE" value="false" />
    <property name="env.LC_ALL" value="en_US.UTF-8" />
    <property name="java.specification.name" value="Java Platform API Specification" />
    <property name="node.works" value="true" />
    <property name="user.timezone" value="" />
    <property name="path.separator" value=":" />
    <property name="env.PYTHON_CFLAGS" value="-g -fstack-protector --param=ssp-buffer-size=4 -Wformat -Werror=format-security" />
    <property name="timeout.long" value="4000000" />
    <property name="env.CERTI_HOME" value="/home/travis/pthla/certi-tools" />
    <property name="file.encoding" value="UTF-8" />
    <property name="ant.file.ptII" value="/home/travis/build/icyphy/ptII/build.xml" />
    <property name="javadoc.packagenames" value="com.*,diva.*,lbnl.*,org.hlacerti.*,org.json.*,org.ptolemy.*,org.terraswarm.*,ptolemy.*,ptserver.*" />
    <property name="env.TRAVIS_PULL_REQUEST_SLUG" value="" />
    <property name="ant.project.default-target" value="build" />
    <property name="env.GIT_ASKPASS" value="echo" />
    <property name="env.HOME" value="/home/travis" />
    <property name="sun.java.command" value="org.apache.tools.ant.taskdefs.optional.junit.JUnitTestRunner ptolemy.data.ontologies.test.junit.JUnitTclTest skipNonTests=false filtertrace=true haltOnError=false haltOnFailure=false formatter=org.apache.tools.ant.taskdefs.optional.junit.OutErrSummaryJUnitResultFormatter showoutput=true outputtoformatters=true logfailedtests=true threadid=0 logtestlistenerevents=false formatter=org.apache.tools.ant.taskdefs.optional.junit.XMLJUnitResultFormatter,/home/travis/build/icyphy/ptII/reports/junit/TEST-ptolemy.data.ontologies.test.junit.JUnitTclTest.xml crashfile=/home/travis/build/icyphy/ptII/junitvmwatcher8900814456279457200.properties propsfile=/home/travis/build/icyphy/ptII/junit2286793839474487892.properties" />
    <property name="env.MANPATH" value="/home/travis/.nvm/versions/node/v7.10.1/share/man:/home/travis/.kiex/elixirs/elixir-1.4.5/man:/home/travis/.rvm/rubies/ruby-2.4.1/share/man:/usr/local/man:/usr/local/cmake-3.9.2/man:/usr/local/clang-5.0.0/share/man:/usr/local/share/man:/usr/share/man:/home/travis/.rvm/man" />
    <property name="env.COMPOSER_NO_INTERACTION" value="1" />
    <property name="env.JDK_SWITCHER_DEFAULT" value="oraclejdk8" />
    <property name="ant.file" value="/home/travis/build/icyphy/ptII/build.xml" />
    <property name="env.TRAVIS_COMMIT_RANGE" value="2e758fa6b88f550f4f54ac6cc24163a7e8264260...0cf022ad24b2272dc9a802466af2a6a9926137bb" />
    <property name="env._system_name" value="Ubuntu" />
    <property name="timeout" value="2400000" />
    <property name="ptII.classpath.optional.property" value="/home/travis/build/icyphy/ptII/lib/bsh-2.0b4.jar:/home/travis/build/icyphy/ptII/lib/ptCal.jar:/home/travis/build/icyphy/ptII/lib/java_cup.jar:/home/travis/build/icyphy/ptII/lib/saxon8.jar:/home/travis/build/icyphy/ptII/lib/saxon8-dom.jar:/home/travis/build/icyphy/ptII/lib/chic.jar:/home/travis/build/icyphy/ptII/lib/ptcolt.jar:/usr/lib/jvm/java-8-oracle/lib/tools.jar:/usr/lib/eclipse/plugins/org.eclipse.jdt.core_3.8.2.dist.jar:/usr/lib/eclipse/plugins/org.eclipse.core.runtime_3.8.0.dist.jar:/usr/lib/eclipse/plugins/org.eclipse.osgi_3.8.1.dist.jar:/usr/lib/eclipse/plugins/org.eclipse.core.resources_3.8.1.dist.jar:/usr/lib/eclipse/plugins/org.eclipse.equinox.common_3.6.100.dist.jar:/usr/lib/eclipse/plugins/org.eclipse.core.jobs_3.5.200.dist.jar:/usr/lib/eclipse/plugins/org.eclipse.core.contenttype_3.4.200.dist.jar:/usr/lib/eclipse/plugins/org.eclipse.equinox.preferences_3.5.0.dist.jar:/usr/lib/eclipse/plugins/org.eclipse.text_3.5.200.dist.jar:/usr/lib/eclipse/plugins/org.eclipse.ui.workbench_3.8.1.dist.jar:/usr/lib/eclipse/plugins/org.eclipse.jface_3.8.0.dist.jar:/usr/lib/eclipse/plugins/org.eclipse.swt_3.8.2.jar:/usr/lib/eclipse/plugins/org.eclipse.jface.text_3.8.1.dist.jar:/usr/lib/eclipse/plugins/org.eclipse.ui.workbench.texteditor_3.8.0.dist.jar:/usr/lib/eclipse/plugins/org.eclipse.ui.editors_3.8.0.dist.jar:/usr/lib/eclipse/plugins/org.eclipse.core.commands_3.6.1.dist.jar:/usr/lib/eclipse/plugins/org.eclipse.equinox.registry_3.5.200.dist.jar:/usr/lib/eclipse/plugins/org.eclipse.ui.console_3.5.100.dist.jar:/usr/lib/eclipse/plugins/org.eclipse.ui.forms_3.5.200.dist.jar:/usr/lib/eclipse/plugins/org.eclipse.ui.ide_3.8.1.dist.jar:/home/travis/build/icyphy/ptII/vendors/oracle/dbxml.jar:/home/travis/build/icyphy/ptII/vendors/oracle/db.jar:/home/travis/build/icyphy/ptII/vendors/misc/itext/iText.jar:/home/travis/build/icyphy/ptII/lib/g4ltl.jar:/home/travis/build/icyphy/ptII/lib/StructuralCoder.jar:/home/travis/build/icyphy/ptII/lib/org-openide-util.jar:/home/travis/build/icyphy/ptII/lib/org-openide-util-lookup.jar:/home/travis/build/icyphy/ptII/lib/org-netbeans-api-visual.jar:/home/travis/build/icyphy/ptII/vendors/jai-1_1_2_01/lib/jai_core.jar:/home/travis/build/icyphy/ptII/vendors/jai-1_1_2_01/lib/jai_codec.jar:/home/travis/build/icyphy/ptII/lib/jcerti.jar:/home/travis/build/icyphy/ptII/lib/smack.jar:/home/travis/build/icyphy/ptII/lib/smackx.jar:/home/travis/build/icyphy/ptII/lib/jetty-all-8.1.5-v20120716.jar:/home/travis/build/icyphy/ptII/lib/javax.servlet-api-3.0.1.jar:/home/travis/build/icyphy/ptII/lib/javax.mail.jar:/home/travis/build/icyphy/ptII/vendors/JMF-2.1.1e/lib/jmf.jar:/home/travis/build/icyphy/ptII/lib/jna-4.0.0-variadic.jar:/home/travis/build/icyphy/ptII/vendors/misc/joystick/Joystick.jar:/home/travis/build/icyphy/ptII/lib/ptjacl.jar:/home/travis/build/icyphy/ptII/lib/jsoup-1.8.2.jar:/home/travis/build/icyphy/ptII/lib/junit-4.8.2.jar:/home/travis/build/icyphy/ptII/lib/JUnitParams-0.4.0.jar:/home/travis/build/icyphy/ptII/ptolemy/actor/lib/excel/jxl.jar:/home/travis/build/icyphy/ptII/lib/jython.jar:/home/travis/build/icyphy/ptII/lib/kieler.jar:/home/travis/build/icyphy/ptII/vendors/opencv/share/OpenCV/java/opencv-341.jar:/home/travis/build/icyphy/ptII/lib/oscP5.jar:/home/travis/build/icyphy/ptII/lib/nrjavaserial-3.11.0.devel.jar:/home/travis/build/icyphy/ptII/vendors/j3d/lib/j3dcore.jar:/home/travis/build/icyphy/ptII/vendors/j3d/lib/j3dutils.jar:/home/travis/build/icyphy/ptII/vendors/j3d/lib/vecmath.jar:/home/travis/build/icyphy/ptII/ptolemy/distributed/jini/jar/jini-core.jar:/home/travis/build/icyphy/ptII/ptolemy/distributed/jini/jar/jini-ext.jar:/home/travis/build/icyphy/ptII/ptolemy/distributed/jini/jar/sun-util.jar:/home/travis/build/icyphy/ptII/lib/protobuf-java-2.4.1.jar:/home/travis/build/icyphy/ptII/lib/org.eclipse.paho.client.mqttv3.jar:/home/travis/build/icyphy/ptII/ptserver/lib/hessian-4.0.7.jar:/home/travis/build/icyphy/ptII/ptserver/lib/wmqtt.jar:/home/travis/build/icyphy/ptII/lib/mapss.jar:/home/travis/build/icyphy/ptII/ptolemy/actor/ptalon/antlr/antlr.jar:/home/travis/build/icyphy/ptII/lib/JRI.jar:/home/travis/build/icyphy/ptII/lib/commons-lang-2.6.jar:/home/travis/build/icyphy/ptII/lib/commons-logging-1.1.1.jar:/home/travis/build/icyphy/ptII/lib/sootclasses.jar:/home/travis/build/icyphy/ptII/ptolemy/actor/lib/database/mysql-connector-java-5.1.6-bin.jar:/home/travis/build/icyphy/ptII/vendors/misc/sphinx4/sphinx4-data-5prealpha.jar:/home/travis/build/icyphy/ptII/vendors/misc/sphinx4/sphinx4-core-5prealpha.jar:/home/travis/build/icyphy/ptII/lib/PDFRenderer.jar:/home/travis/build/icyphy/ptII/lib/svgSalamander.jar:/home/travis/build/icyphy/ptII/lib/rsyntaxtextarea-2.6.0-SNAPSHOT.jar:/home/travis/build/icyphy/ptII/lib/hazelcast-3.8.2.jar:/home/travis/build/icyphy/ptII/lib/jackson-annotations-2.9.0.jar:/home/travis/build/icyphy/ptII/lib/jackson-core-2.9.3.jar:/home/travis/build/icyphy/ptII/lib/jackson-databind-2.9.3.jar:/home/travis/build/icyphy/ptII/lib/netty-buffer-4.1.19.Final.jar:/home/travis/build/icyphy/ptII/lib/netty-codec-4.1.19.Final.jar:/home/travis/build/icyphy/ptII/lib/netty-codec-dns-4.1.19.Final.jar:/home/travis/build/icyphy/ptII/lib/netty-codec-http-4.1.19.Final.jar:/home/travis/build/icyphy/ptII/lib/netty-codec-http2-4.1.19.Final.jar:/home/travis/build/icyphy/ptII/lib/netty-common-4.1.19.Final.jar:/home/travis/build/icyphy/ptII/lib/netty-handler-4.1.19.Final.jar:/home/travis/build/icyphy/ptII/lib/netty-resolver-4.1.19.Final.jar:/home/travis/build/icyphy/ptII/lib/netty-resolver-dns-4.1.19.Final.jar:/home/travis/build/icyphy/ptII/lib/netty-transport-4.1.19.Final.jar:/home/travis/build/icyphy/ptII/lib/vertx-codegen-3.5.1.jar:/home/travis/build/icyphy/ptII/lib/vertx-core-3.5.2-SNAPSHOT.jar:/home/travis/build/icyphy/ptII/lib/vertx-hazelcast-3.5.1.jar:/home/travis/build/icyphy/ptII/lib/vertx-lang-js-3.5.1.jar:/home/travis/build/icyphy/ptII/lib/vertx-service-proxy-3.5.1.jar:/home/travis/build/icyphy/ptII/lib/vertx-web-3.5.1.jar:/home/travis/build/icyphy/ptII/lib/slf4j-api-1.7.13.jar:/home/travis/build/icyphy/ptII/lib/slf4j-simple-1.7.13.jar:/home/travis/build/icyphy/ptII/lib/webcam-capture-0.3.12.jar:/home/travis/build/icyphy/ptII/lib/bridj-0.7.0.jar:/home/travis/build/icyphy/ptII/lib/xbjlib-1.1.0.nrjavaserial.jar" />
    <property name="test.batch" value="**/junit/*.java" />
    <property name="env._" value="/usr/bin/timeout" />
    <property name="java.io.tmpdir" value="/tmp" />
    <property name="user.language" value="en" />
    <property name="env.HISTCONTROL" value="ignoredups:ignorespace" />
    <property name="env.GOROOT" value="/home/travis/.gimme/versions/go1.7.4.linux.amd64" />
    <property name="line.separator" value="&#xa;" />
    <property name="target" value="1.8" />
    <property name="env.TRAVIS_BUILD_DIR" value="/home/travis/build/icyphy/ptII" />
    <property name="env.ANT_OPTS" value="-Xmx2048m" />
    <property name="ant.file.type" value="file" />
    <property name="ptolemy.ptII.batchMode" value="true" />
    <property name="env.HISTSIZE" value="1000" />
    <property name="env.MERB_ENV" value="test" />
    <property name="java.vm.info" value="mixed mode" />
    <property name="source" value="1.8" />
    <property name="java.vm.specification.name" value="Java Virtual Machine Specification" />
    <property name="env.TRAVIS_TEST_RESULT" value="0" />
    <property name="jsdoc.command" value="node_modules/@terraswarm/jsdoc/jsdoc.js" />
    <property name="npm.works" value="true" />
    <property name="cobertura.dir" value="/home/travis/build/icyphy/ptII/vendors/cobertura-2.0.3" />
    <property name="env.rvm_path" value="/home/travis/.rvm" />
    <property name="env.GEM_PATH" value="/home/travis/.rvm/gems/ruby-2.4.1:/home/travis/.rvm/gems/ruby-2.4.1@global" />
    <property name="env.LC_CTYPE" value="en_US.UTF-8" />
    <property name="java.awt.printerjob" value="sun.print.PSPrinterJob" />
    <property name="env.TRAVIS_STACK_NAME" value="garnet" />
    <property name="ant.version" value="Apache Ant(TM) version 1.10.1 compiled on February 2 2017" />
    <property name="ptII.reports" value="/home/travis/build/icyphy/ptII/reports" />
    <property name="env.TRAVIS_STACK_TIMESTAMP" value="2017-12-05 19:33:09 UTC" />
    <property name="ant.file.type.ptII" value="file" />
    <property name="env.RBENV_SHELL" value="bash" />
    <property name="os.name" value="Linux" />
    <property name="java.specification.vendor" value="Oracle Corporation" />
    <property name="env.rvm_version" value="1.29.3 (latest)" />
    <property name="env.TERM" value="xterm" />
    <property name="java.vm.name" value="Java HotSpot(TM) 64-Bit Server VM" />
    <property name="env.TRAVIS_BUILD_NUMBER" value="698" />
    <property name="env.CI" value="true" />
    <property name="java.library.path" value="/home/travis/pthla/certi-tools/lib:/usr/lib/jni:/usr/local/share/OpenCV/java/:/usr/share/OpenCV/java::/usr/java/packages/lib/amd64:/usr/lib64:/lib64:/lib:/usr/lib" />
    <property name="env.rvm_prefix" value="/home/travis" />
    <property name="env.PATH" value="/home/travis/pthla/certi-tools/share/scripts:/home/travis/.rvm/gems/ruby-2.4.1/bin:/home/travis/.rvm/gems/ruby-2.4.1@global/bin:/home/travis/.rvm/rubies/ruby-2.4.1/bin:/home/travis/.rvm/bin:/home/travis/.nvm/versions/node/v7.10.1/bin:./node_modules/.bin:/home/travis/build/icyphy/ptII/bin:/home/travis/pthla/certi-tools/bin:/home/travis/bin:/home/travis/.local/bin:/opt/pyenv/shims:/home/travis/.phpenv/shims:/home/travis/perl5/perlbrew/bin:/home/travis/.kiex/elixirs/elixir-1.4.5/bin:/home/travis/.kiex/bin:/home/travis/gopath/bin:/home/travis/.gimme/versions/go1.7.4.linux.amd64/bin:/usr/local/phantomjs/bin:/usr/local/phantomjs:/usr/local/neo4j-3.2.7/bin:/usr/local/maven-3.5.2/bin:/usr/local/cmake-3.9.2/bin:/usr/local/clang-5.0.0/bin:/usr/local/sbin:/usr/local/bin:/usr/sbin:/usr/bin:/sbin:/bin:/home/travis/.phpenv/bin:/opt/pyenv/bin:/home/travis/.yarn/bin" />
    <property name="env.TRAVIS_OS_NAME" value="linux" />
    <property name="ant.java.version" value="1.8" />
    <property name="basedir" value="/home/travis/build/icyphy/ptII" />
    <property name="java.class.version" value="52.0" />
    <property name="env.SHLVL" value="3" />
    <property name="env.LD_LIBRARY_PATH" value="/home/travis/pthla/certi-tools/lib:/usr/lib/jni:/usr/local/share/OpenCV/java/:/usr/share/OpenCV/java:" />
    <property name="env.RACK_ENV" value="test" />
    <property name="ant.home" value="/home/travis/build/icyphy/ptII/ant" />
    <property name="env.NVM_DIR" value="/home/travis/.nvm" />
    <property name="env.PERLBREW_BASHRC_VERSION" value="0.80" />
    <property name="env.CERTI_FOM_PATH" value="/home/travis/pthla/certi-tools/share/federations" />
    <property name="env.TRAVIS_BUILD_ID" value="417072159" />
    <property name="env.PYENV_ROOT" value="/opt/pyenv" />
    <property name="env.TRAVIS_UID" value="2000" />
    <property name="env.rvm_pretty_print_flag" value="auto" />
    <property name="env.NVM_BIN" value="/home/travis/.nvm/versions/node/v7.10.1/bin" />
    <property name="env.TRAVIS_COMMIT" value="0cf022ad24b2272dc9a802466af2a6a9926137bb" />
    <property name="env._system_arch" value="x86_64" />
    <property name="node.executable" value="node" />
    <property name="sun.boot.library.path" value="/usr/lib/jvm/java-8-oracle/jre/lib/amd64" />
    <property name="sun.management.compiler" value="HotSpot 64-Bit Tiered Compilers" />
    <property name="env.GOPATH" value="/home/travis/gopath" />
    <property name="java.awt.graphicsenv" value="sun.awt.X11GraphicsEnvironment" />
    <property name="ptolemy.ptII.dir" value="/home/travis/build/icyphy/ptII" />
    <property name="env.USER" value="travis" />
    <property name="env.HISTFILESIZE" value="2000" />
    <property name="timeout.longest" value="19000000" />
    <property name="env.TRAVIS_STACK_FEATURES" value="basic cassandra chromium couchdb disabled-ipv6 docker docker-compose elasticsearch firefox go-toolchain google-chrome jdk memcached mongodb mysql neo4j nodejs_interpreter perl_interpreter perlbrew phantomjs postgresql python_interpreter rabbitmq redis riak ruby_interpreter sqlite xserver" />
    <property name="env.TRAVIS_PULL_REQUEST" value="false" />
    <property name="env.PYENV_SHELL" value="bash" />
    <property name="ant.project.name" value="ptII" />
    <property name="java.vm.specification.version" value="1.8" />
    <property name="env.TRAVIS_DIST" value="trusty" />
    <property name="env.CERTI_VERSION" value="4.0.0" />
    <property name="env.NLSPATH" value="/usr/dt/lib/nls/msg/%L/%N.cat" />
    <property name="awt.toolkit" value="sun.awt.X11.XToolkit" />
    <property name="env.CERTI_HOST" value="localhost" />
    <property name="env.MY_RUBY_HOME" value="/home/travis/.rvm/rubies/ruby-2.4.1" />
    <property name="sun.cpu.isalist" value="" />
    <property name="java.ext.dirs" value="/usr/lib/jvm/java-8-oracle/jre/lib/ext:/usr/java/packages/lib/ext" />
    <property name="os.version" value="4.4.0-101-generic" />
    <property name="user.home" value="/home/travis" />
    <property name="env.MIX_ARCHIVES" value="/home/travis/.kiex/mix/elixir-1.4.5" />
    <property name="java.vm.vendor" value="Oracle Corporation" />
    <property name="env.TRAVIS_TAG" value="nightly" />
    <property name="env.TRAVIS_FILTERED" value="redirect_io" />
    <property name="env.JAVA_HOME" value="/usr/lib/jvm/java-8-oracle" />
    <property name="env.PTII" value="/home/travis/build/icyphy/ptII" />
    <property name="javadoc.excludepackagenames" value="adm.cvs2svn.*,build.*,config.*,doc.coding.templates.*,jni.test.jni.meaningOfLife.*,jni.test.jni.testDeux.*,jni.test.jni.testTrois.*,org.terraswarm.accessor.accessors.web.node_modules.*,org.terraswarm.accessor.accessors.web.hosts.cordova.demo.*,org.terraswarm.accessor.accessors.web.hosts.cordova.plugins.*,org.terraswarm.accessor.accessors-svn.*,pt-modules.*,ptolemy.apps.agilent.*,ptolemy.apps.anytimecontrol.*,ptolemy.apps.apes.*,ptolemy.apps.charon.*,ptolemy.apps.crazyboard.*,ptolemy.apps.eclipse.*,ptolemy.apps.etherealSting.*,ptolemy.apps.fullscreen.*,ptolemy.apps.giotto.*,ptolemy.apps.ia.*,ptolemy.apps.interfaces.*,ptolemy.apps.jmf.*,ptolemy.apps.kurt.*,ptolemy.apps.kvm.*,ptolemy.apps.lego.*,ptolemy.apps.lejos.*,ptolemy.apps.midp.*,ptolemy.apps.mobileCoding.*,ptolemy.apps.pendulum.*,ptolemy.apps.rijndael.*,ptolemy.apps.robot.*,ptolemy.apps.security.*,ptolemy.apps.sobel.*,ptolemy.apps.soot.*,ptolemy.apps.throttle.*,ptolemy.apps.tini.*,ptolemy.apps.transmission.*,ptolemy.apps.vergil.*,ptolemy.apps.waba.*,ptolemy.apps.websensor.*,ptolemy.apps.webstart.*,ptolemy.apps.xsl.*,ptolemy.apps.zaurus.*,ptolemy.backtrack.eclipse.plugin.*,ptolemy.backtrack.test.*,ptolemy.codegen.c.actor.lib.oldJavaFiles.*,ptolemy.codegen.dsp.lib.*,ptolemy.codegen.kernel.newInterfaces.*,ptolemy.codegen.lib.*,ptolemy.copernicus.kernel.fragment.*,ptolemy.copernicus.shallow.cg.*,ptolemy.domains.giotto.demo.Hierarchy.Hierarchy.*,ptolemy.domains.giotto.demo.Multimode.Multimode.*,ptolemy.domains.giotto.demo.Simple.Simple.*,ptolemy.domains.gr.lib.experimental.*,ptolemy.domains.gro.*,ptolemy.domains.pdf.*,ptolemy.domains.ptinyos.demo.Surge.output.*,ptolemy.moml.test.NoPackageActor.java*,ptolemy.plot.adm.*,ptolemy.plot.servlet.*,reports.*,signed.*,src.*,target.*,vendors.*,ptolemy.cg.adapter.generic.program.procedural.c.mbed*,ptolemy.actor.lib.fmi.fmus.omc*,ptolemy.domains.openmodelica*,ptdb.kernel.bl.save.test.*,ptdb.kernel.bl.load.test.*,ptdb.kernel.bl.search.test.*,ptdb.kernel.bl.migration.test.*,ptdb.kernel.database.test.*,ptdb.test.*,ptdb.gui.test.*,org.ptolemy.scala.*,diva.util.java2d.svg.*,ptolemy.domains.ptinyos.*,ptolemy.actor.lib.fmi.fmipp.*,,org.terraswarm.accessor.accessors.web.node_modules.*,org.terraswarm.accessor.accessors-svn,ptolemy.apps.*,ptolemy.actor.ptalon.demo.ptinyos.SendAndReceiveCnt.output,ptolemy.actor.ptalon.demo.ptinyos.SenseToLeds.output,ptolemy.domains.ptinyos.demo.CntToLedsAndRfm.output,ptolemy.domains.ptinyos.demo.RfmToLeds.output,ptolemy.domains.ptinyos.demo.SendAndReceiveCnt.output,ptolemy.domains.ptinyos.demo.SenseToLeds.output,ptolemy.actor.lib.jjs.modules.udpSocket.*" />
    <property name="env.TRAVIS_COMMIT_MESSAGE" value="If the ant target exits with non-zero, delay exiting until after update the repository with the log." />
    <property name="keystore" value="ptKeystore" />
    <property name="env.XDG_SESSION_ID" value="2" />
    <property name="junit.output.dir" value="/home/travis/build/icyphy/ptII/reports/junit" />
    <property name="npm.return.code" value="0" />
    <property name="user.dir" value="/home/travis/build/icyphy/ptII/ptolemy/data/ontologies/test" />
    <property name="env.TRAVIS_NODE_VERSION" value="7" />
    <property name="env.XFILESEARCHPATH" value="/usr/dt/app-defaults/%L/Dt" />
    <property name="env.TRAVIS_EVENT_TYPE" value="cron" />
    <property name="env.MAIL" value="/var/mail/travis" />
    <property name="env.PERLBREW_ROOT" value="/home/travis/perl5/perlbrew" />
    <property name="env.PWD" value="/home/travis/build/icyphy/ptII" />
    <property name="timeout.npm" value="45000" />
    <property name="env.PAGER" value="cat" />
    <property name="sun.cpu.endian" value="little" />
    <property name="env.TRAVIS_BUILD_STAGE_NAME" value="Test" />
    <property name="env.PERLBREW_HOME" value="/home/travis/.perlbrew" />
    <property name="env.RAILS_ENV" value="test" />
    <property name="java.vm.version" value="25.151-b12" />
    <property name="java.class.path" value="/home/travis/.ptolemyII:/home/travis/.ptolemyII/*:/home/travis/build/icyphy/ptII:/home/travis/build/icyphy/ptII/lib/bsh-2.0b4.jar:/home/travis/build/icyphy/ptII/lib/ptCal.jar:/home/travis/build/icyphy/ptII/lib/java_cup.jar:/home/travis/build/icyphy/ptII/lib/saxon8.jar:/home/travis/build/icyphy/ptII/lib/saxon8-dom.jar:/home/travis/build/icyphy/ptII/lib/chic.jar:/home/travis/build/icyphy/ptII/lib/ptcolt.jar:/usr/lib/jvm/java-8-oracle/lib/tools.jar:/usr/lib/eclipse/plugins/org.eclipse.jdt.core_3.8.2.dist.jar:/usr/lib/eclipse/plugins/org.eclipse.core.runtime_3.8.0.dist.jar:/usr/lib/eclipse/plugins/org.eclipse.osgi_3.8.1.dist.jar:/usr/lib/eclipse/plugins/org.eclipse.core.resources_3.8.1.dist.jar:/usr/lib/eclipse/plugins/org.eclipse.equinox.common_3.6.100.dist.jar:/usr/lib/eclipse/plugins/org.eclipse.core.jobs_3.5.200.dist.jar:/usr/lib/eclipse/plugins/org.eclipse.core.contenttype_3.4.200.dist.jar:/usr/lib/eclipse/plugins/org.eclipse.equinox.preferences_3.5.0.dist.jar:/usr/lib/eclipse/plugins/org.eclipse.text_3.5.200.dist.jar:/usr/lib/eclipse/plugins/org.eclipse.ui.workbench_3.8.1.dist.jar:/usr/lib/eclipse/plugins/org.eclipse.jface_3.8.0.dist.jar:/usr/lib/eclipse/plugins/org.eclipse.swt_3.8.2.jar:/usr/lib/eclipse/plugins/org.eclipse.jface.text_3.8.1.dist.jar:/usr/lib/eclipse/plugins/org.eclipse.ui.workbench.texteditor_3.8.0.dist.jar:/usr/lib/eclipse/plugins/org.eclipse.ui.editors_3.8.0.dist.jar:/usr/lib/eclipse/plugins/org.eclipse.core.commands_3.6.1.dist.jar:/usr/lib/eclipse/plugins/org.eclipse.equinox.registry_3.5.200.dist.jar:/usr/lib/eclipse/plugins/org.eclipse.ui.console_3.5.100.dist.jar:/usr/lib/eclipse/plugins/org.eclipse.ui.forms_3.5.200.dist.jar:/usr/lib/eclipse/plugins/org.eclipse.ui.ide_3.8.1.dist.jar:/home/travis/build/icyphy/ptII/vendors/oracle/dbxml.jar:/home/travis/build/icyphy/ptII/vendors/oracle/db.jar:/home/travis/build/icyphy/ptII/vendors/misc/itext/iText.jar:/home/travis/build/icyphy/ptII/lib/g4ltl.jar:/home/travis/build/icyphy/ptII/lib/StructuralCoder.jar:/home/travis/build/icyphy/ptII/lib/org-openide-util.jar:/home/travis/build/icyphy/ptII/lib/org-openide-util-lookup.jar:/home/travis/build/icyphy/ptII/lib/org-netbeans-api-visual.jar:/home/travis/build/icyphy/ptII/vendors/jai-1_1_2_01/lib/jai_core.jar:/home/travis/build/icyphy/ptII/vendors/jai-1_1_2_01/lib/jai_codec.jar:/home/travis/build/icyphy/ptII/lib/jcerti.jar:/home/travis/build/icyphy/ptII/lib/smack.jar:/home/travis/build/icyphy/ptII/lib/smackx.jar:/home/travis/build/icyphy/ptII/lib/jetty-all-8.1.5-v20120716.jar:/home/travis/build/icyphy/ptII/lib/javax.servlet-api-3.0.1.jar:/home/travis/build/icyphy/ptII/lib/javax.mail.jar:/home/travis/build/icyphy/ptII/vendors/JMF-2.1.1e/lib/jmf.jar:/home/travis/build/icyphy/ptII/lib/jna-4.0.0-variadic.jar:/home/travis/build/icyphy/ptII/vendors/misc/joystick/Joystick.jar:/home/travis/build/icyphy/ptII/lib/ptjacl.jar:/home/travis/build/icyphy/ptII/lib/jsoup-1.8.2.jar:/home/travis/build/icyphy/ptII/lib/junit-4.8.2.jar:/home/travis/build/icyphy/ptII/lib/JUnitParams-0.4.0.jar:/home/travis/build/icyphy/ptII/ptolemy/actor/lib/excel/jxl.jar:/home/travis/build/icyphy/ptII/lib/jython.jar:/home/travis/build/icyphy/ptII/lib/kieler.jar:/home/travis/build/icyphy/ptII/vendors/opencv/share/OpenCV/java/opencv-341.jar:/home/travis/build/icyphy/ptII/lib/oscP5.jar:/home/travis/build/icyphy/ptII/lib/nrjavaserial-3.11.0.devel.jar:/home/travis/build/icyphy/ptII/vendors/j3d/lib/j3dcore.jar:/home/travis/build/icyphy/ptII/vendors/j3d/lib/j3dutils.jar:/home/travis/build/icyphy/ptII/vendors/j3d/lib/vecmath.jar:/home/travis/build/icyphy/ptII/ptolemy/distributed/jini/jar/jini-core.jar:/home/travis/build/icyphy/ptII/ptolemy/distributed/jini/jar/jini-ext.jar:/home/travis/build/icyphy/ptII/ptolemy/distributed/jini/jar/sun-util.jar:/home/travis/build/icyphy/ptII/lib/protobuf-java-2.4.1.jar:/home/travis/build/icyphy/ptII/lib/org.eclipse.paho.client.mqttv3.jar:/home/travis/build/icyphy/ptII/ptserver/lib/hessian-4.0.7.jar:/home/travis/build/icyphy/ptII/ptserver/lib/wmqtt.jar:/home/travis/build/icyphy/ptII/lib/mapss.jar:/home/travis/build/icyphy/ptII/ptolemy/actor/ptalon/antlr/antlr.jar:/home/travis/build/icyphy/ptII/lib/JRI.jar:/home/travis/build/icyphy/ptII/lib/commons-lang-2.6.jar:/home/travis/build/icyphy/ptII/lib/commons-logging-1.1.1.jar:/home/travis/build/icyphy/ptII/lib/sootclasses.jar:/home/travis/build/icyphy/ptII/ptolemy/actor/lib/database/mysql-connector-java-5.1.6-bin.jar:/home/travis/build/icyphy/ptII/vendors/misc/sphinx4/sphinx4-data-5prealpha.jar:/home/travis/build/icyphy/ptII/vendors/misc/sphinx4/sphinx4-core-5prealpha.jar:/home/travis/build/icyphy/ptII/lib/PDFRenderer.jar:/home/travis/build/icyphy/ptII/lib/svgSalamander.jar:/home/travis/build/icyphy/ptII/lib/rsyntaxtextarea-2.6.0-SNAPSHOT.jar:/home/travis/build/icyphy/ptII/lib/hazelcast-3.8.2.jar:/home/travis/build/icyphy/ptII/lib/jackson-annotations-2.9.0.jar:/home/travis/build/icyphy/ptII/lib/jackson-core-2.9.3.jar:/home/travis/build/icyphy/ptII/lib/jackson-databind-2.9.3.jar:/home/travis/build/icyphy/ptII/lib/netty-buffer-4.1.19.Final.jar:/home/travis/build/icyphy/ptII/lib/netty-codec-4.1.19.Final.jar:/home/travis/build/icyphy/ptII/lib/netty-codec-dns-4.1.19.Final.jar:/home/travis/build/icyphy/ptII/lib/netty-codec-http-4.1.19.Final.jar:/home/travis/build/icyphy/ptII/lib/netty-codec-http2-4.1.19.Final.jar:/home/travis/build/icyphy/ptII/lib/netty-common-4.1.19.Final.jar:/home/travis/build/icyphy/ptII/lib/netty-handler-4.1.19.Final.jar:/home/travis/build/icyphy/ptII/lib/netty-resolver-4.1.19.Final.jar:/home/travis/build/icyphy/ptII/lib/netty-resolver-dns-4.1.19.Final.jar:/home/travis/build/icyphy/ptII/lib/netty-transport-4.1.19.Final.jar:/home/travis/build/icyphy/ptII/lib/vertx-codegen-3.5.1.jar:/home/travis/build/icyphy/ptII/lib/vertx-core-3.5.2-SNAPSHOT.jar:/home/travis/build/icyphy/ptII/lib/vertx-hazelcast-3.5.1.jar:/home/travis/build/icyphy/ptII/lib/vertx-lang-js-3.5.1.jar:/home/travis/build/icyphy/ptII/lib/vertx-service-proxy-3.5.1.jar:/home/travis/build/icyphy/ptII/lib/vertx-web-3.5.1.jar:/home/travis/build/icyphy/ptII/lib/slf4j-api-1.7.13.jar:/home/travis/build/icyphy/ptII/lib/slf4j-simple-1.7.13.jar:/home/travis/build/icyphy/ptII/lib/webcam-capture-0.3.12.jar:/home/travis/build/icyphy/ptII/lib/bridj-0.7.0.jar:/home/travis/build/icyphy/ptII/lib/xbjlib-1.1.0.nrjavaserial.jar:/home/travis/build/icyphy/ptII/ptolemy/moml/test:/home/travis/build/icyphy/ptII/ant/lib/ant-launcher.jar:/home/travis/build/icyphy/ptII/ant/lib/ant.jar:/home/travis/build/icyphy/ptII/ant/lib/ant-junit.jar:/home/travis/build/icyphy/ptII/ant/lib/ant-junit4.jar" />
    <property name="ant.library.dir" value="/home/travis/build/icyphy/ptII/ant/lib" />
    <property name="os.arch" value="amd64" />
    <property name="env.TRAVIS_LANGUAGE" value="node_js" />
    <property name="env.CONTINUOUS_INTEGRATION" value="true" />
    <property name="env.TRAVIS_STACK_LANGUAGES" value="__garnet__ c c++ clojure cplusplus cpp default go groovy java node_js php pure_java python ruby scala" />
    <property name="test.name" value="ptolemy.actor.lib.test.junit.JUnitTclTest" />
    <property name="sun.java.launcher" value="SUN_STANDARD" />
    <property name="env.PYTHON_CONFIGURE_OPTS" value="--enable-unicode=ucs4 --with-wide-unicode --enable-shared --enable-ipv6 --enable-loadable-sqlite-extensions --with-computed-gotos" />
    <property name="ant.core.lib" value="/home/travis/build/icyphy/ptII/ant/lib/ant.jar" />
    <property name="java.vm.specification.vendor" value="Oracle Corporation" />
    <property name="env.BCVTB_HOME" value="/home/travis/build/icyphy/ptII/lbnl" />
    <property name="file.separator" value="/" />
    <property name="java.runtime.version" value="1.8.0_151-b12" />
    <property name="spotbugs.home" value="/home/travis/build/icyphy/ptII/vendors/spotbugs-3.1.1" />
    <property name="sun.boot.class.path" value="/usr/lib/jvm/java-8-oracle/jre/lib/resources.jar:/usr/lib/jvm/java-8-oracle/jre/lib/rt.jar:/usr/lib/jvm/java-8-oracle/jre/lib/sunrsasign.jar:/usr/lib/jvm/java-8-oracle/jre/lib/jsse.jar:/usr/lib/jvm/java-8-oracle/jre/lib/jce.jar:/usr/lib/jvm/java-8-oracle/jre/lib/charsets.jar:/usr/lib/jvm/java-8-oracle/jre/lib/jfr.jar:/usr/lib/jvm/java-8-oracle/jre/classes" />
    <property name="env.HAS_JOSH_K_SEAL_OF_APPROVAL" value="true" />
    <property name="env.XDG_RUNTIME_DIR" value="/run/user/2000" />
    <property name="env.TRAVIS_OSX_IMAGE" value="" />
    <property name="env.TRAVIS_BRANCH" value="master" />
    <property name="env.TRAVIS_JOB_ID" value="417072167" />
    <property name="user.country" value="US" />
    <property name="env.CERTI_HOME_TRAVIS" value="/home/travis/pthla/certi-tools" />
    <property name="env.SHELL" value="/bin/bash" />
    <property name="java.maxmemory.large" value="5000m" />
    <property name="model" value="" />
    <property name="env.CASHER_DIR" value="/home/travis/.casher" />
    <property name="env.NVM_CD_FLAGS" value="" />
    <property name="jshint.executable" value="/home/travis/node_modules/jshint/bin/jshint" />
    <property name="java.vendor" value="Oracle Corporation" />
    <property name="env.JRUBY_OPTS" value=" --client -J-XX:+TieredCompilation -J-XX:TieredStopAtLevel=1 -J-Xss2m -Xcompile.invokedynamic=false" />
    <property name="env.TRAVIS_PRE_CHEF_BOOTSTRAP_TIME" value="2017-12-05T19:32:55" />
    <property name="env.ELIXIR_VERSION" value="1.4.5" />
    <property name="env.TRAVIS_STACK_JOB_BOARD_REGISTER" value="/.job-board-register.yml" />
    <property name="java.specification.version" value="1.8" />
    <property name="env.TRAVIS" value="true" />
    <property name="env.IRBRC" value="/home/travis/.rvm/rubies/ruby-2.4.1/.irbrc" />
    <property name="sun.arch.data.model" value="64" />
  </properties>
  <testcase classname="ptolemy.util.test.junit.TclTests" name="[0] ThereAreNoTclTests (RunTclFile)" time="0.001" />
  <testcase classname="ptolemy.util.test.junit.AutoKnownFailedTests" name="[0] ThereAreNoKnowFailedTests (RunModel)" time="0.0" />
  <testcase classname="ptolemy.util.test.junit.AutoNameArchTests" name="[0] ThereAreNoAutoArchTests (RunModel)" time="0.001" />
  <testcase classname="ptolemy.util.test.junit.AutoTests" name="[0] /home/travis/build/icyphy/ptII/ptolemy/data/ontologies/test/auto/BackwardResolutionShouldInferBackwards.xml (RunModel)" time="0.439" />
  <testcase classname="ptolemy.util.test.junit.AutoTests" name="[1] /home/travis/build/icyphy/ptII/ptolemy/data/ontologies/test/auto/BackwardResolutionShouldInferBackwards2.xml (RunModel)" time="0.133" />
  <testcase classname="ptolemy.util.test.junit.AutoTests" name="[2] /home/travis/build/icyphy/ptII/ptolemy/data/ontologies/test/auto/BackwardResolutionShouldntInferForwards.xml (RunModel)" time="0.108" />
  <testcase classname="ptolemy.util.test.junit.AutoTests" name="[3] /home/travis/build/icyphy/ptII/ptolemy/data/ontologies/test/auto/BooleanSwitchDemoProductLattice.xml (RunModel)" time="2.189" />
  <testcase classname="ptolemy.util.test.junit.AutoTests" name="[4] /home/travis/build/icyphy/ptII/ptolemy/data/ontologies/test/auto/CarTracking.xml (RunModel)" time="4.418" />
  <testcase classname="ptolemy.util.test.junit.AutoTests" name="[5] /home/travis/build/icyphy/ptII/ptolemy/data/ontologies/test/auto/Const.xml (RunModel)" time="0.163" />
  <testcase classname="ptolemy.util.test.junit.AutoTests" name="[6] /home/travis/build/icyphy/ptII/ptolemy/data/ontologies/test/auto/ConstAbstractInterpretation.xml (RunModel)" time="0.13" />
  <testcase classname="ptolemy.util.test.junit.AutoTests" name="[7] /home/travis/build/icyphy/ptII/ptolemy/data/ontologies/test/auto/ConstMultiplyDivideDemoProductLattice.xml (RunModel)" time="0.438" />
  <testcase classname="ptolemy.util.test.junit.AutoTests" name="[8] /home/travis/build/icyphy/ptII/ptolemy/data/ontologies/test/auto/ConstNonconst.xml (RunModel)" time="0.084" />
  <testcase classname="ptolemy.util.test.junit.AutoTests" name="[9] /home/travis/build/icyphy/ptII/ptolemy/data/ontologies/test/auto/ConstScaleDemoProductLattice.xml (RunModel)" time="0.404" />
  <testcase classname="ptolemy.util.test.junit.AutoTests" name="[10] /home/travis/build/icyphy/ptII/ptolemy/data/ontologies/test/auto/DeltaConstraintTest.xml (RunModel)" time="0.09" />
  <testcase classname="ptolemy.util.test.junit.AutoTests" name="[11] /home/travis/build/icyphy/ptII/ptolemy/data/ontologies/test/auto/DerivedUnitConceptTestCase.xml (RunModel)" time="0.138" />
  <testcase classname="ptolemy.util.test.junit.AutoTests" name="[12] /home/travis/build/icyphy/ptII/ptolemy/data/ontologies/test/auto/ExceptionAnalysisUsingManager.xml (RunModel)" time="0.103" />
  <testcase classname="ptolemy.util.test.junit.AutoTests" name="[13] /home/travis/build/icyphy/ptII/ptolemy/data/ontologies/test/auto/GreatestFixedPoint.xml (RunModel)" time="0.059" />
  <testcase classname="ptolemy.util.test.junit.AutoTests" name="[14] /home/travis/build/icyphy/ptII/ptolemy/data/ontologies/test/auto/InequalityExpression.xml (RunModel)" time="0.05" />
  <testcase classname="ptolemy.util.test.junit.AutoTests" name="[15] /home/travis/build/icyphy/ptII/ptolemy/data/ontologies/test/auto/IntegratorBackwardInference.xml (RunModel)" time="0.049" />
  <testcase classname="ptolemy.util.test.junit.AutoTests" name="[16] /home/travis/build/icyphy/ptII/ptolemy/data/ontologies/test/auto/IntegratorBidirectionalInference.xml (RunModel)" time="0.049" />
  <testcase classname="ptolemy.util.test.junit.AutoTests" name="[17] /home/travis/build/icyphy/ptII/ptolemy/data/ontologies/test/auto/IntegratorForwardInference.xml (RunModel)" time="0.045" />
  <testcase classname="ptolemy.util.test.junit.AutoTests" name="[18] /home/travis/build/icyphy/ptII/ptolemy/data/ontologies/test/auto/IntegratorInferBackwardForward.xml (RunModel)" time="0.065" />
  <testcase classname="ptolemy.util.test.junit.AutoTests" name="[19] /home/travis/build/icyphy/ptII/ptolemy/data/ontologies/test/auto/LeastUpperBoundConstraint.xml (RunModel)" time="0.043" />
  <testcase classname="ptolemy.util.test.junit.AutoTests" name="[20] /home/travis/build/icyphy/ptII/ptolemy/data/ontologies/test/auto/MonotonicityAnalysis.xml (RunModel)" time="0.167" />
  <testcase classname="ptolemy.util.test.junit.AutoTests" name="[21] /home/travis/build/icyphy/ptII/ptolemy/data/ontologies/test/auto/MultiplyDivideUnits.xml (RunModel)" time="0.271" />
  <testcase classname="ptolemy.util.test.junit.AutoTests" name="[22] /home/travis/build/icyphy/ptII/ptolemy/data/ontologies/test/auto/NestedRecordTest.xml (RunModel)" time="0.125" />
  <testcase classname="ptolemy.util.test.junit.AutoTests" name="[23] /home/travis/build/icyphy/ptII/ptolemy/data/ontologies/test/auto/Observable.xml (RunModel)" time="0.075" />
  <testcase classname="ptolemy.util.test.junit.AutoTests" name="[24] /home/travis/build/icyphy/ptII/ptolemy/data/ontologies/test/auto/ProductLatticeRecordConceptTest.xml (RunModel)" time="0.337" />
  <testcase classname="ptolemy.util.test.junit.AutoTests" name="[25] /home/travis/build/icyphy/ptII/ptolemy/data/ontologies/test/auto/ProductLatticeWithConstantPropagation.xml (RunModel)" time="0.798" />
  <testcase classname="ptolemy.util.test.junit.AutoTests" name="[26] /home/travis/build/icyphy/ptII/ptolemy/data/ontologies/test/auto/RecordBidirectionalMissingFieldOnOneSideTest.xml (RunModel)" time="0.082" />
  <testcase classname="ptolemy.util.test.junit.AutoTests" name="[27] /home/travis/build/icyphy/ptII/ptolemy/data/ontologies/test/auto/RecordBidirectionalNoCommonFields.xml (RunModel)" time="0.078" />
  <testcase classname="ptolemy.util.test.junit.AutoTests" name="[28] /home/travis/build/icyphy/ptII/ptolemy/data/ontologies/test/auto/RecordBidirectionalUnmatched.xml (RunModel)" time="0.091" />
  <testcase classname="ptolemy.util.test.junit.AutoTests" name="[29] /home/travis/build/icyphy/ptII/ptolemy/data/ontologies/test/auto/RecordForwardInference.xml (RunModel)" time="0.091" />
  <testcase classname="ptolemy.util.test.junit.AutoTests" name="[30] /home/travis/build/icyphy/ptII/ptolemy/data/ontologies/test/auto/SIUnitExample.xml (RunModel)" time="0.389" />
  <testcase classname="ptolemy.util.test.junit.AutoTests" name="[31] /home/travis/build/icyphy/ptII/ptolemy/data/ontologies/test/auto/SIUnitExampleMultiport.xml (RunModel)" time="0.256" />
  <testcase classname="ptolemy.util.test.junit.AutoTests" name="[32] /home/travis/build/icyphy/ptII/ptolemy/data/ontologies/test/auto/SimpleConstPropagation.xml (RunModel)" time="0.106" />
  <testcase classname="ptolemy.util.test.junit.AutoTests" name="[33] /home/travis/build/icyphy/ptII/ptolemy/data/ontologies/test/auto/SimpleNonconstDemo.xml (RunModel)" time="0.099" />
  <testcase classname="ptolemy.util.test.junit.AutoTests" name="[34] /home/travis/build/icyphy/ptII/ptolemy/data/ontologies/test/auto/TemperatureUnits.xml (RunModel)" time="0.256" />
  <testcase classname="ptolemy.util.test.junit.AutoTests" name="[35] /home/travis/build/icyphy/ptII/ptolemy/data/ontologies/test/auto/TimeUnitIntegration.xml (RunModel)" time="0.141" />
  <testcase classname="ptolemy.util.test.junit.AutoTests" name="[36] /home/travis/build/icyphy/ptII/ptolemy/data/ontologies/test/auto/UnitSystemExample.xml (RunModel)" time="0.394" />
  <system-out><![CDATA[No tcl tests in /home/travis/build/icyphy/ptII/ptolemy/data/ontologies/test
No auto/knownFailedTests/*.xml tests in /home/travis/build/icyphy/ptII/ptolemy/data/ontologies/test
No auto/linux-amd64/*.xml tests in /home/travis/build/icyphy/ptII/ptolemy/data/ontologies/test
AutoTests.java: About to close Vertx.
AutoTests.java: Vertx closed.

===========================================================================================
----------------- testing Fri Aug 17 01:55:50 UTC 2018 /home/travis/build/icyphy/ptII/ptolemy/data/ontologies/test/auto/BackwardResolutionShouldInferBackwards.xml
----------------- Instantiating /home/travis/build/icyphy/ptII/ptolemy/data/ontologies/test/auto/BackwardResolutionShouldInferBackwards.xml
99 ms. Memory: 116224K Free: 103146K (89%)
----------------- Invoking toplevel() on ptolemy.moml.MoMLSimpleApplication@2ea72586
----------------- Done invoking toplevel() on ptolemy.moml.MoMLSimpleApplication@2ea72586
reloadAllAccessors: .BackwardResolutionShouldInferBackwards

===========================================================================================
----------------- testing Fri Aug 17 01:55:50 UTC 2018 /home/travis/build/icyphy/ptII/ptolemy/data/ontologies/test/auto/BackwardResolutionShouldInferBackwards2.xml
----------------- Instantiating /home/travis/build/icyphy/ptII/ptolemy/data/ontologies/test/auto/BackwardResolutionShouldInferBackwards2.xml
58 ms. Memory: 116224K Free: 86394K (74%)
----------------- Invoking toplevel() on ptolemy.moml.MoMLSimpleApplication@4c5ec6d7
----------------- Done invoking toplevel() on ptolemy.moml.MoMLSimpleApplication@4c5ec6d7
reloadAllAccessors: .BackwardResolutionShouldInferBackwards2

===========================================================================================
----------------- testing Fri Aug 17 01:55:50 UTC 2018 /home/travis/build/icyphy/ptII/ptolemy/data/ontologies/test/auto/BackwardResolutionShouldntInferForwards.xml
----------------- Instantiating /home/travis/build/icyphy/ptII/ptolemy/data/ontologies/test/auto/BackwardResolutionShouldntInferForwards.xml
39 ms. Memory: 116224K Free: 104268K (90%)
----------------- Invoking toplevel() on ptolemy.moml.MoMLSimpleApplication@2f04c83f
----------------- Done invoking toplevel() on ptolemy.moml.MoMLSimpleApplication@2f04c83f
reloadAllAccessors: .BackwardResolutionShouldntInferForwards

===========================================================================================
----------------- testing Fri Aug 17 01:55:50 UTC 2018 /home/travis/build/icyphy/ptII/ptolemy/data/ontologies/test/auto/BooleanSwitchDemoProductLattice.xml
----------------- Instantiating /home/travis/build/icyphy/ptII/ptolemy/data/ontologies/test/auto/BooleanSwitchDemoProductLattice.xml
1349 ms. Memory: 332800K Free: 265915K (80%)
----------------- Invoking toplevel() on ptolemy.moml.MoMLSimpleApplication@1bf98c68
----------------- Done invoking toplevel() on ptolemy.moml.MoMLSimpleApplication@1bf98c68
reloadAllAccessors: .BooleanSwitchDemoProductLattice

===========================================================================================
----------------- testing Fri Aug 17 01:55:53 UTC 2018 /home/travis/build/icyphy/ptII/ptolemy/data/ontologies/test/auto/CarTracking.xml
----------------- Instantiating /home/travis/build/icyphy/ptII/ptolemy/data/ontologies/test/auto/CarTracking.xml
3838 ms. Memory: 480256K Free: 406669K (85%)
----------------- Invoking toplevel() on ptolemy.moml.MoMLSimpleApplication@47275ff8
----------------- Done invoking toplevel() on ptolemy.moml.MoMLSimpleApplication@47275ff8
reloadAllAccessors: .CarTracking

===========================================================================================
----------------- testing Fri Aug 17 01:55:57 UTC 2018 /home/travis/build/icyphy/ptII/ptolemy/data/ontologies/test/auto/Const.xml
----------------- Instantiating /home/travis/build/icyphy/ptII/ptolemy/data/ontologies/test/auto/Const.xml
94 ms. Memory: 480256K Free: 357876K (75%)
----------------- Invoking toplevel() on ptolemy.moml.MoMLSimpleApplication@f67164c
----------------- Done invoking toplevel() on ptolemy.moml.MoMLSimpleApplication@f67164c
reloadAllAccessors: .Const

===========================================================================================
----------------- testing Fri Aug 17 01:55:57 UTC 2018 /home/travis/build/icyphy/ptII/ptolemy/data/ontologies/test/auto/ConstAbstractInterpretation.xml
----------------- Instantiating /home/travis/build/icyphy/ptII/ptolemy/data/ontologies/test/auto/ConstAbstractInterpretation.xml
75 ms. Memory: 480256K Free: 326371K (68%)
----------------- Invoking toplevel() on ptolemy.moml.MoMLSimpleApplication@2105d8f4
----------------- Done invoking toplevel() on ptolemy.moml.MoMLSimpleApplication@2105d8f4
reloadAllAccessors: .ConstAbstractInterpretation

===========================================================================================
----------------- testing Fri Aug 17 01:55:57 UTC 2018 /home/travis/build/icyphy/ptII/ptolemy/data/ontologies/test/auto/ConstMultiplyDivideDemoProductLattice.xml
----------------- Instantiating /home/travis/build/icyphy/ptII/ptolemy/data/ontologies/test/auto/ConstMultiplyDivideDemoProductLattice.xml
239 ms. Memory: 480256K Free: 176793K (37%)
----------------- Invoking toplevel() on ptolemy.moml.MoMLSimpleApplication@356f8e99
----------------- Done invoking toplevel() on ptolemy.moml.MoMLSimpleApplication@356f8e99
reloadAllAccessors: .ConstMultiplyDivideDemoProductLattice

===========================================================================================
----------------- testing Fri Aug 17 01:55:58 UTC 2018 /home/travis/build/icyphy/ptII/ptolemy/data/ontologies/test/auto/ConstNonconst.xml
----------------- Instantiating /home/travis/build/icyphy/ptII/ptolemy/data/ontologies/test/auto/ConstNonconst.xml
51 ms. Memory: 480256K Free: 141403K (29%)
----------------- Invoking toplevel() on ptolemy.moml.MoMLSimpleApplication@6819a0df
----------------- Done invoking toplevel() on ptolemy.moml.MoMLSimpleApplication@6819a0df
reloadAllAccessors: .ConstNonconst

===========================================================================================
----------------- testing Fri Aug 17 01:55:58 UTC 2018 /home/travis/build/icyphy/ptII/ptolemy/data/ontologies/test/auto/ConstScaleDemoProductLattice.xml
----------------- Instantiating /home/travis/build/icyphy/ptII/ptolemy/data/ontologies/test/auto/ConstScaleDemoProductLattice.xml
316 ms. Memory: 715776K Free: 612410K (86%)
----------------- Invoking toplevel() on ptolemy.moml.MoMLSimpleApplication@118fe5c1
----------------- Done invoking toplevel() on ptolemy.moml.MoMLSimpleApplication@118fe5c1
reloadAllAccessors: .ConstScaleDemoProductLattice

===========================================================================================
----------------- testing Fri Aug 17 01:55:58 UTC 2018 /home/travis/build/icyphy/ptII/ptolemy/data/ontologies/test/auto/DeltaConstraintTest.xml
----------------- Instantiating /home/travis/build/icyphy/ptII/ptolemy/data/ontologies/test/auto/DeltaConstraintTest.xml
64 ms. Memory: 715776K Free: 577702K (81%)
----------------- Invoking toplevel() on ptolemy.moml.MoMLSimpleApplication@7842b7dc
----------------- Done invoking toplevel() on ptolemy.moml.MoMLSimpleApplication@7842b7dc
reloadAllAccessors: .DeltaConstraintTest

===========================================================================================
----------------- testing Fri Aug 17 01:55:58 UTC 2018 /home/travis/build/icyphy/ptII/ptolemy/data/ontologies/test/auto/DerivedUnitConceptTestCase.xml
----------------- Instantiating /home/travis/build/icyphy/ptII/ptolemy/data/ontologies/test/auto/DerivedUnitConceptTestCase.xml
47 ms. Memory: 715776K Free: 544133K (76%)
----------------- Invoking toplevel() on ptolemy.moml.MoMLSimpleApplication@63a31c30
----------------- Done invoking toplevel() on ptolemy.moml.MoMLSimpleApplication@63a31c30
reloadAllAccessors: .DerivedUnitConceptTestCase

===========================================================================================
----------------- testing Fri Aug 17 01:55:59 UTC 2018 /home/travis/build/icyphy/ptII/ptolemy/data/ontologies/test/auto/ExceptionAnalysisUsingManager.xml
----------------- Instantiating /home/travis/build/icyphy/ptII/ptolemy/data/ontologies/test/auto/ExceptionAnalysisUsingManager.xml
15 ms. Memory: 715776K Free: 527337K (74%)
----------------- Invoking toplevel() on ptolemy.moml.MoMLSimpleApplication@d07329e
----------------- Done invoking toplevel() on ptolemy.moml.MoMLSimpleApplication@d07329e
reloadAllAccessors: .ExceptionAnalysisUsingManager

===========================================================================================
----------------- testing Fri Aug 17 01:55:59 UTC 2018 /home/travis/build/icyphy/ptII/ptolemy/data/ontologies/test/auto/GreatestFixedPoint.xml
----------------- Instantiating /home/travis/build/icyphy/ptII/ptolemy/data/ontologies/test/auto/GreatestFixedPoint.xml
11 ms. Memory: 715776K Free: 497956K (70%)
----------------- Invoking toplevel() on ptolemy.moml.MoMLSimpleApplication@31ff51fc
----------------- Done invoking toplevel() on ptolemy.moml.MoMLSimpleApplication@31ff51fc
reloadAllAccessors: .GreatestFixedPoint

===========================================================================================
----------------- testing Fri Aug 17 01:55:59 UTC 2018 /home/travis/build/icyphy/ptII/ptolemy/data/ontologies/test/auto/InequalityExpression.xml
----------------- Instantiating /home/travis/build/icyphy/ptII/ptolemy/data/ontologies/test/auto/InequalityExpression.xml
22 ms. Memory: 715776K Free: 481176K (67%)
----------------- Invoking toplevel() on ptolemy.moml.MoMLSimpleApplication@161566b3
----------------- Done invoking toplevel() on ptolemy.moml.MoMLSimpleApplication@161566b3
reloadAllAccessors: .InequalityExpression

===========================================================================================
----------------- testing Fri Aug 17 01:55:59 UTC 2018 /home/travis/build/icyphy/ptII/ptolemy/data/ontologies/test/auto/IntegratorBackwardInference.xml
----------------- Instantiating /home/travis/build/icyphy/ptII/ptolemy/data/ontologies/test/auto/IntegratorBackwardInference.xml
23 ms. Memory: 715776K Free: 464396K (65%)
----------------- Invoking toplevel() on ptolemy.moml.MoMLSimpleApplication@26678beb
----------------- Done invoking toplevel() on ptolemy.moml.MoMLSimpleApplication@26678beb
reloadAllAccessors: .IntegratorBackwardInference

===========================================================================================
----------------- testing Fri Aug 17 01:55:59 UTC 2018 /home/travis/build/icyphy/ptII/ptolemy/data/ontologies/test/auto/IntegratorBidirectionalInference.xml
----------------- Instantiating /home/travis/build/icyphy/ptII/ptolemy/data/ontologies/test/auto/IntegratorBidirectionalInference.xml
23 ms. Memory: 715776K Free: 447615K (63%)
----------------- Invoking toplevel() on ptolemy.moml.MoMLSimpleApplication@5d214cc7
----------------- Done invoking toplevel() on ptolemy.moml.MoMLSimpleApplication@5d214cc7
reloadAllAccessors: .IntegratorBidirectionalInference

===========================================================================================
----------------- testing Fri Aug 17 01:55:59 UTC 2018 /home/travis/build/icyphy/ptII/ptolemy/data/ontologies/test/auto/IntegratorForwardInference.xml
----------------- Instantiating /home/travis/build/icyphy/ptII/ptolemy/data/ontologies/test/auto/IntegratorForwardInference.xml
23 ms. Memory: 715776K Free: 429095K (60%)
----------------- Invoking toplevel() on ptolemy.moml.MoMLSimpleApplication@7b15815
----------------- Done invoking toplevel() on ptolemy.moml.MoMLSimpleApplication@7b15815
reloadAllAccessors: .IntegratorForwardInference

===========================================================================================
----------------- testing Fri Aug 17 01:55:59 UTC 2018 /home/travis/build/icyphy/ptII/ptolemy/data/ontologies/test/auto/IntegratorInferBackwardForward.xml
----------------- Instantiating /home/travis/build/icyphy/ptII/ptolemy/data/ontologies/test/auto/IntegratorInferBackwardForward.xml
40 ms. Memory: 715776K Free: 399706K (56%)
----------------- Invoking toplevel() on ptolemy.moml.MoMLSimpleApplication@24bf3796
----------------- Done invoking toplevel() on ptolemy.moml.MoMLSimpleApplication@24bf3796
reloadAllAccessors: .IntegratorInferBackwardForward

===========================================================================================
----------------- testing Fri Aug 17 01:55:59 UTC 2018 /home/travis/build/icyphy/ptII/ptolemy/data/ontologies/test/auto/LeastUpperBoundConstraint.xml
----------------- Instantiating /home/travis/build/icyphy/ptII/ptolemy/data/ontologies/test/auto/LeastUpperBoundConstraint.xml
26 ms. Memory: 715776K Free: 382918K (53%)
----------------- Invoking toplevel() on ptolemy.moml.MoMLSimpleApplication@2219f700
----------------- Done invoking toplevel() on ptolemy.moml.MoMLSimpleApplication@2219f700
reloadAllAccessors: .LeastUpperBoundConstraint

===========================================================================================
----------------- testing Fri Aug 17 01:55:59 UTC 2018 /home/travis/build/icyphy/ptII/ptolemy/data/ontologies/test/auto/MonotonicityAnalysis.xml
----------------- Instantiating /home/travis/build/icyphy/ptII/ptolemy/data/ontologies/test/auto/MonotonicityAnalysis.xml
97 ms. Memory: 715776K Free: 340888K (48%)
----------------- Invoking toplevel() on ptolemy.moml.MoMLSimpleApplication@31acaac3
----------------- Done invoking toplevel() on ptolemy.moml.MoMLSimpleApplication@31acaac3
reloadAllAccessors: .MonotonicityAnalysis

===========================================================================================
----------------- testing Fri Aug 17 01:55:59 UTC 2018 /home/travis/build/icyphy/ptII/ptolemy/data/ontologies/test/auto/MultiplyDivideUnits.xml
----------------- Instantiating /home/travis/build/icyphy/ptII/ptolemy/data/ontologies/test/auto/MultiplyDivideUnits.xml
103 ms. Memory: 715776K Free: 231672K (32%)
----------------- Invoking toplevel() on ptolemy.moml.MoMLSimpleApplication@139caef7
----------------- Done invoking toplevel() on ptolemy.moml.MoMLSimpleApplication@139caef7
reloadAllAccessors: .MultiplyDivideUnits

===========================================================================================
----------------- testing Fri Aug 17 01:55:59 UTC 2018 /home/travis/build/icyphy/ptII/ptolemy/data/ontologies/test/auto/NestedRecordTest.xml
----------------- Instantiating /home/travis/build/icyphy/ptII/ptolemy/data/ontologies/test/auto/NestedRecordTest.xml
71 ms. Memory: 715776K Free: 181307K (25%)
----------------- Invoking toplevel() on ptolemy.moml.MoMLSimpleApplication@30b0ccfb
----------------- Done invoking toplevel() on ptolemy.moml.MoMLSimpleApplication@30b0ccfb
reloadAllAccessors: .NestedRecordTest

===========================================================================================
----------------- testing Fri Aug 17 01:56:00 UTC 2018 /home/travis/build/icyphy/ptII/ptolemy/data/ontologies/test/auto/Observable.xml
----------------- Instantiating /home/travis/build/icyphy/ptII/ptolemy/data/ontologies/test/auto/Observable.xml
28 ms. Memory: 715776K Free: 151942K (21%)
----------------- Invoking toplevel() on ptolemy.moml.MoMLSimpleApplication@1d70fc9d
----------------- Done invoking toplevel() on ptolemy.moml.MoMLSimpleApplication@1d70fc9d
reloadAllAccessors: .Observable

===========================================================================================
----------------- testing Fri Aug 17 01:56:00 UTC 2018 /home/travis/build/icyphy/ptII/ptolemy/data/ontologies/test/auto/ProductLatticeRecordConceptTest.xml
----------------- Instantiating /home/travis/build/icyphy/ptII/ptolemy/data/ontologies/test/auto/ProductLatticeRecordConceptTest.xml
294 ms. Memory: 716288K Free: 693919K (97%)
----------------- Invoking toplevel() on ptolemy.moml.MoMLSimpleApplication@4f365fde
----------------- Done invoking toplevel() on ptolemy.moml.MoMLSimpleApplication@4f365fde
reloadAllAccessors: .ProductLatticeRecordConceptTest

===========================================================================================
----------------- testing Fri Aug 17 01:56:00 UTC 2018 /home/travis/build/icyphy/ptII/ptolemy/data/ontologies/test/auto/ProductLatticeWithConstantPropagation.xml
----------------- Instantiating /home/travis/build/icyphy/ptII/ptolemy/data/ontologies/test/auto/ProductLatticeWithConstantPropagation.xml
569 ms. Memory: 716288K Free: 379938K (53%)
----------------- Invoking toplevel() on ptolemy.moml.MoMLSimpleApplication@1e894ebf
----------------- Done invoking toplevel() on ptolemy.moml.MoMLSimpleApplication@1e894ebf
reloadAllAccessors: .ProductLatticeWithConstantPropagation

===========================================================================================
----------------- testing Fri Aug 17 01:56:01 UTC 2018 /home/travis/build/icyphy/ptII/ptolemy/data/ontologies/test/auto/RecordBidirectionalMissingFieldOnOneSideTest.xml
----------------- Instantiating /home/travis/build/icyphy/ptII/ptolemy/data/ontologies/test/auto/RecordBidirectionalMissingFieldOnOneSideTest.xml
58 ms. Memory: 716288K Free: 342182K (48%)
----------------- Invoking toplevel() on ptolemy.moml.MoMLSimpleApplication@63ec45fd
----------------- Done invoking toplevel() on ptolemy.moml.MoMLSimpleApplication@63ec45fd
reloadAllAccessors: .RecordBidirectionalMissingFieldOnOneSideTest

===========================================================================================
----------------- testing Fri Aug 17 01:56:01 UTC 2018 /home/travis/build/icyphy/ptII/ptolemy/data/ontologies/test/auto/RecordBidirectionalNoCommonFields.xml
----------------- Instantiating /home/travis/build/icyphy/ptII/ptolemy/data/ontologies/test/auto/RecordBidirectionalNoCommonFields.xml
42 ms. Memory: 716288K Free: 312801K (44%)
----------------- Invoking toplevel() on ptolemy.moml.MoMLSimpleApplication@7d79aef4
----------------- Done invoking toplevel() on ptolemy.moml.MoMLSimpleApplication@7d79aef4
reloadAllAccessors: .RecordBidirectionalNoCommonFields

===========================================================================================
----------------- testing Fri Aug 17 01:56:01 UTC 2018 /home/travis/build/icyphy/ptII/ptolemy/data/ontologies/test/auto/RecordBidirectionalUnmatched.xml
----------------- Instantiating /home/travis/build/icyphy/ptII/ptolemy/data/ontologies/test/auto/RecordBidirectionalUnmatched.xml
60 ms. Memory: 716288K Free: 275045K (38%)
----------------- Invoking toplevel() on ptolemy.moml.MoMLSimpleApplication@2682dac8
----------------- Done invoking toplevel() on ptolemy.moml.MoMLSimpleApplication@2682dac8
reloadAllAccessors: .RecordBidirectionalUnmatched

===========================================================================================
----------------- testing Fri Aug 17 01:56:01 UTC 2018 /home/travis/build/icyphy/ptII/ptolemy/data/ontologies/test/auto/RecordForwardInference.xml
----------------- Instantiating /home/travis/build/icyphy/ptII/ptolemy/data/ontologies/test/auto/RecordForwardInference.xml
61 ms. Memory: 716288K Free: 240326K (34%)
----------------- Invoking toplevel() on ptolemy.moml.MoMLSimpleApplication@3443910e
----------------- Done invoking toplevel() on ptolemy.moml.MoMLSimpleApplication@3443910e
reloadAllAccessors: .RecordForwardInference

===========================================================================================
----------------- testing Fri Aug 17 01:56:01 UTC 2018 /home/travis/build/icyphy/ptII/ptolemy/data/ontologies/test/auto/SIUnitExample.xml
----------------- Instantiating /home/travis/build/icyphy/ptII/ptolemy/data/ontologies/test/auto/SIUnitExample.xml
111 ms. Memory: 716288K Free: 93276K (13%)
----------------- Invoking toplevel() on ptolemy.moml.MoMLSimpleApplication@59fc28e7
----------------- Done invoking toplevel() on ptolemy.moml.MoMLSimpleApplication@59fc28e7
reloadAllAccessors: .SIUnitExample

===========================================================================================
----------------- testing Fri Aug 17 01:56:02 UTC 2018 /home/travis/build/icyphy/ptII/ptolemy/data/ontologies/test/auto/SIUnitExampleMultiport.xml
----------------- Instantiating /home/travis/build/icyphy/ptII/ptolemy/data/ontologies/test/auto/SIUnitExampleMultiport.xml
95 ms. Memory: 1093120K Free: 992536K (91%)
----------------- Invoking toplevel() on ptolemy.moml.MoMLSimpleApplication@7970e21
----------------- Done invoking toplevel() on ptolemy.moml.MoMLSimpleApplication@7970e21
reloadAllAccessors: .SIUnitExampleMultiport

===========================================================================================
----------------- testing Fri Aug 17 01:56:02 UTC 2018 /home/travis/build/icyphy/ptII/ptolemy/data/ontologies/test/auto/SimpleConstPropagation.xml
----------------- Instantiating /home/travis/build/icyphy/ptII/ptolemy/data/ontologies/test/auto/SimpleConstPropagation.xml
52 ms. Memory: 1093120K Free: 940925K (86%)
----------------- Invoking toplevel() on ptolemy.moml.MoMLSimpleApplication@52673421
----------------- Done invoking toplevel() on ptolemy.moml.MoMLSimpleApplication@52673421
reloadAllAccessors: .SimpleConstPropagation

===========================================================================================
----------------- testing Fri Aug 17 01:56:02 UTC 2018 /home/travis/build/icyphy/ptII/ptolemy/data/ontologies/test/auto/SimpleNonconstDemo.xml
----------------- Instantiating /home/travis/build/icyphy/ptII/ptolemy/data/ontologies/test/auto/SimpleNonconstDemo.xml
55 ms. Memory: 1093120K Free: 895603K (82%)
----------------- Invoking toplevel() on ptolemy.moml.MoMLSimpleApplication@5fa5aedd
----------------- Done invoking toplevel() on ptolemy.moml.MoMLSimpleApplication@5fa5aedd
reloadAllAccessors: .SimpleNonconstDemo

===========================================================================================
----------------- testing Fri Aug 17 01:56:02 UTC 2018 /home/travis/build/icyphy/ptII/ptolemy/data/ontologies/test/auto/TemperatureUnits.xml
----------------- Instantiating /home/travis/build/icyphy/ptII/ptolemy/data/ontologies/test/auto/TemperatureUnits.xml
106 ms. Memory: 1093120K Free: 794912K (73%)
----------------- Invoking toplevel() on ptolemy.moml.MoMLSimpleApplication@1a2cf10e
----------------- Done invoking toplevel() on ptolemy.moml.MoMLSimpleApplication@1a2cf10e
reloadAllAccessors: .TemperatureUnits

===========================================================================================
----------------- testing Fri Aug 17 01:56:02 UTC 2018 /home/travis/build/icyphy/ptII/ptolemy/data/ontologies/test/auto/TimeUnitIntegration.xml
----------------- Instantiating /home/travis/build/icyphy/ptII/ptolemy/data/ontologies/test/auto/TimeUnitIntegration.xml
93 ms. Memory: 1093120K Free: 734522K (67%)
----------------- Invoking toplevel() on ptolemy.moml.MoMLSimpleApplication@2f76ffab
----------------- Done invoking toplevel() on ptolemy.moml.MoMLSimpleApplication@2f76ffab
reloadAllAccessors: .TimeUnitIntegration

===========================================================================================
----------------- testing Fri Aug 17 01:56:02 UTC 2018 /home/travis/build/icyphy/ptII/ptolemy/data/ontologies/test/auto/UnitSystemExample.xml
----------------- Instantiating /home/travis/build/icyphy/ptII/ptolemy/data/ontologies/test/auto/UnitSystemExample.xml
128 ms. Memory: 1093120K Free: 547047K (50%)
----------------- Invoking toplevel() on ptolemy.moml.MoMLSimpleApplication@a75cd81
----------------- Done invoking toplevel() on ptolemy.moml.MoMLSimpleApplication@a75cd81
reloadAllAccessors: .UnitSystemExample
AutoTests.java: About to close Vertx.
AutoTests.java: Vertx closed.
]]></system-out>
  <system-err><![CDATA[]]></system-err>
</testsuite>
